TRXV5
3
4
4
9
string Extension=J
integer IsArchMeasurement=1
integer IsSpherical=1
string Generator=SPM
string GeneratorVersion=1.3.1 Dev
double ArchRadius=0.449999988079071
integer FrequencyAxisIndex=0
integer AzimuthAxisIndex=1
integer ElevationAxisIndex=2
Frequency
5 136 690000000 960000000 LIN
Azimuth
7 8 0 2.74889357189107 LIN
Elevation
7 15 -2.74889357189107 2.74889357189107 LIN
Polar H Real Part
13
Polar H Imaginary Part
14
Polar V Real Part
13
Polar V Imaginary Part
14
Polar H Magnitude (dB)
12 0xC0000002 0 1
Polar H Phase
7 0xC0000003 0 1
Polar V Magnitude (dB)
12 0xC0000002 2 3
Polar V Phase
7 0xC0000003 2 3
-0.00263214111328126 0.0802841186523438 0.111061096191406 -0.0203704833984375
0.0649642944335937 0.0467529296875 0.0658721923828125 0.0221176147460938
0.0567626953125 -0.0235862731933594 0.074493408203125 0.0310287475585937
0.0207290649414062 -0.0456771850585938 0.10986328125 0.00345611572265625
-0.00601959228515625 -0.0429000854492188 0.109771728515625 -0.04351806640625
-0.0313148498535156 -0.0421485900878906 0.0817642211914063 -0.0864181518554688
-0.0330276489257813 -0.0325298309326172 0.0568466186523438 -0.085113525390625
-0.0245132446289063 -0.0341415405273438 0.0398712158203125 -0.0562820434570313
-0.0161056518554688 -0.05206298828125 0.0225715637207031 -0.0215377807617188
0.0195732116699219 -0.0471878051757812 -0.00639915466308594 -0.00601243972778321
0.0497245788574219 -0.0183029174804688 -0.047119140625 -0.0290184020996094
0.0493736267089844 0.0156822204589844 -0.0428009033203125 -0.0825424194335938
0.017730712890625 0.0560760498046875 0.028961181640625 -0.14727783203125
-0.0202178955078125 0.0732879638671875 0.0769577026367187 -0.1395263671875
-0.0536613464355469 0.0645713806152344 0.0441970825195313 -0.0889892578125
-0.0331954956054688 0.100616455078125 0.104522705078125 0.0128707885742188
0.04449462890625 0.0824813842773438 0.0618820190429688 0.0533485412597656
0.06103515625 0.0111198425292969 0.0792312622070313 0.056396484375
0.0428314208984375 -0.02227783203125 0.119644165039062 0.0263442993164063
0.0228309631347656 -0.0356788635253906 0.121986389160156 -0.0246353149414063
0.0015716552734375 -0.0516586303710938 0.0995101928710938 -0.0738983154296875
-0.00601959228515625 -0.0497589111328125 0.0701522827148438 -0.073211669921875
5.34057617187502E-05 -0.0459747314453125 0.0476036071777344 -0.0425834655761719
0.0114517211914063 -0.0612449645996094 0.0247249603271484 -0.00367927551269532
0.0458030700683594 -0.0460624694824219 -0.00948715209960937 0.0144491195678711
0.0689430236816406 -0.00582122802734375 -0.05865478515625 -0.00748062133789064
0.062744140625 0.0363121032714844 -0.0642814636230469 -0.0637855529785156
0.0147705078125 0.0811538696289063 -0.00621032714843751 -0.137580871582031
-0.0384750366210937 0.0960159301757813 0.039947509765625 -0.124107360839844
-0.0758438110351563 0.0843887329101563 0.0122451782226562 -0.0677375793457031
-0.0637969970703125 0.103721618652344 0.0826187133789063 0.0515670776367188
0.00985717773437499 0.1082763671875 0.044586181640625 0.0932769775390625
0.0521621704101563 0.0509071350097656 0.077362060546875 0.0898284912109375
0.0595321655273438 0.0132102966308594 0.123565673828125 0.0557708740234375
0.0519981384277344 -0.0170326232910156 0.127922058105469 -0.000320434570312501
0.0394744873046875 -0.0513038635253906 0.108558654785156 -0.0539474487304688
0.024017333984375 -0.0587577819824219 0.0732269287109375 -0.0529022216796875
0.0238990783691406 -0.0506935119628906 0.0464935302734375 -0.0224418640136719
0.0343742370605469 -0.0629844665527344 0.0210418701171875 0.0181617736816406
0.0619392395019531 -0.0447540283203125 -0.0167884826660156 0.0369644165039062
0.0773162841796875 -0.00136566162109375 -0.0687522888183594 0.0175933837890625
0.0701675415039063 0.0420188903808594 -0.0846405029296875 -0.0374603271484375
0.0218276977539063 0.0895004272460938 -0.0418319702148438 -0.115272521972656
-0.0382537841796875 0.107109069824219 0.00083160400390624 -0.09588623046875
-0.0827484130859375 0.0941619873046875 -0.0244789123535156 -0.0393486022949219
-0.0855789184570313 0.0903549194335938 0.04571533203125 0.0883102416992188
-0.0293045043945312 0.114776611328125 0.0111236572265625 0.132766723632813
0.0284347534179688 0.08331298828125 0.0629730224609375 0.125160217285156
0.0613632202148437 0.0517311096191406 0.115348815917969 0.0846099853515625
0.0713348388671875 0.01019287109375 0.120033264160156 0.0247116088867188
0.070953369140625 -0.038665771484375 0.105598449707031 -0.0284957885742188
0.0506591796875 -0.0571556091308594 0.0659751892089844 -0.0277442932128906
0.0433578491210938 -0.0478172302246094 0.0371818542480469 0.000782012939453122
0.0512428283691406 -0.0565719604492188 0.0124473571777344 0.0401382446289063
0.0705108642578125 -0.0387115478515625 -0.0232276916503906 0.0583152770996094
0.0770492553710938 0.00152587890625 -0.0726776123046875 0.0431442260742188
0.0692863464355469 0.040435791015625 -0.0939178466796875 -0.00918579101562499
0.0271072387695313 0.0848922729492188 -0.06585693359375 -0.0836410522460938
-0.0315093994140625 0.102043151855469 -0.0276985168457031 -0.0582046508789062
-0.0808792114257812 0.0899810791015625 -0.0562591552734375 -0.00590515136718749
-0.0893096923828125 0.0609283447265625 0.000221252441406234 0.114295959472656
-0.0584259033203125 0.0957107543945313 -0.03253173828125 0.16009521484375
-0.00196075439453124 0.0929107666015625 0.036773681640625 0.151947021484375
0.0448226928710938 0.076995849609375 0.0937728881835938 0.10675048828125
0.0716934204101563 0.0357131958007813 0.0999755859375 0.0428848266601563
0.0865859985351562 -0.01654052734375 0.0870361328125 -0.0043182373046875
0.0682258605957031 -0.0445175170898438 0.0470123291015625 -0.00272369384765625
0.0549125671386719 -0.0375213623046875 0.0211658477783203 0.0244693756103516
0.0609474182128906 -0.044586181640625 0.00124359130859376 0.0596885681152344
0.0729217529296875 -0.027923583984375 -0.0302352905273437 0.07513427734375
0.0710296630859375 0.0073394775390625 -0.07281494140625 0.061370849609375
0.0592613220214844 0.0402412414550781 -0.092620849609375 0.0138931274414063
0.020477294921875 0.0740509033203125 -0.073486328125 -0.05120849609375
-0.0306549072265625 0.0834274291992188 -0.0426406860351563 -0.0200309753417969
-0.075775146484375 0.0687332153320313 -0.0819473266601562 0.0252532958984375
-0.0706253051757813 0.0229110717773437 -0.0389938354492188 0.125938415527344
-0.0648918151855469 0.0567703247070312 -0.0725250244140625 0.170989990234375
-0.0257110595703125 0.0732955932617188 0.00715637207031251 0.163345336914063
0.0163726806640625 0.0760955810546875 0.0652542114257813 0.113960266113281
0.0513076782226563 0.0501136779785156 0.0728836059570313 0.0495452880859375
0.0799484252929688 0.00765228271484375 0.0591392517089844 0.0121421813964844
0.0714492797851563 -0.0233993530273438 0.0224342346191406 0.0182552337646484
0.0577545166015625 -0.0228271484375 0.00156021118164063 0.0433349609375
0.0637741088867188 -0.0276985168457031 -0.012725830078125 0.0750503540039062
0.0707244873046875 -0.0115890502929688 -0.0396575927734375 0.0861053466796875
0.0622978210449219 0.0183792114257813 -0.07440185546875 0.0700454711914062
0.0436019897460938 0.0449981689453125 -0.0883255004882813 0.0241928100585937
0.00260162353515625 0.0638351440429688 -0.0712509155273438 -0.0285186767578125
-0.0394096374511719 0.0565071105957031 -0.0489425659179688 0.00649261474609375
-0.070526123046875 0.033782958984375 -0.100875854492188 0.0465774536132813
-0.0345993041992188 -0.0158309936523437 -0.0624465942382813 0.123565673828125
-0.0467147827148438 0.00926971435546874 -0.0960540771484375 0.164596557617188
-0.0320587158203125 0.0328998565673828 -0.013763427734375 0.1602783203125
-0.0118026733398438 0.0504150390625 0.0439910888671875 0.109260559082031
0.0186119079589844 0.0467033386230469 0.0507850646972656 0.0453987121582031
0.0534744262695313 0.0278778076171875 0.0319557189941406 0.0177154541015625
0.0608024597167969 0.00177383422851563 -0.00133323669433593 0.0299625396728516
0.0520706176757813 -0.00389862060546875 -0.0177841186523437 0.0572395324707031
0.0588226318359375 -0.00839996337890625 -0.02911376953125 0.0854415893554688
0.0624923706054688 0.00699615478515625 -0.0539627075195313 0.0901870727539063
0.0499153137207031 0.0313072204589844 -0.0793533325195313 0.0691375732421875
0.0260658264160156 0.0520095825195313 -0.08709716796875 0.0249481201171875
-0.0209541320800781 0.0542030334472656 -0.0696907043457031 -0.0188140869140625
-0.0530815124511719 0.0247535705566406 -0.0549964904785156 0.0175552368164062
-0.0635108947753906 -0.00897216796875001 -0.1163330078125 0.051361083984375
0.00677490234375 -0.0491752624511719 -0.0624771118164062 0.112457275390625
-0.0140037536621094 -0.0334415435791016 -0.095550537109375 0.151702880859375
-0.0233154296875 -0.0137977600097656 -0.01678466796875 0.151199340820313
-0.0308284759521484 0.0103912353515625 0.03826904296875 0.0974197387695313
-0.0158824920654297 0.0304031372070312 0.0410957336425781 0.0323143005371094
0.0174560546875 0.0392951965332031 0.0123662948608398 0.0127077102661133
0.0394744873046875 0.0261154174804688 -0.0212955474853516 0.0313491821289063
0.0368843078613281 0.0152091979980469 -0.0357818603515625 0.0625572204589844
0.0445365905761719 0.0121803283691406 -0.0475234985351563 0.0891342163085938
0.0471420288085938 0.0250129699707031 -0.0715255737304688 0.08843994140625
0.0332069396972656 0.0402641296386719 -0.09161376953125 0.0637969970703125
0.006317138671875 0.0544281005859375 -0.0917739868164062 0.0171356201171875
-0.0423011779785156 0.0406990051269531 -0.0720977783203125 -0.0210037231445312
-0.06072998046875 -0.00844573974609376 -0.0646858215332031 0.0127830505371094
-0.051177978515625 -0.0517807006835937 -0.127059936523437 0.041900634765625
0.0120697021484375 0.09033203125 0.127861022949219 -0.0305633544921875
0.0822982788085938 0.0414886474609375 0.07891845703125 0.0140762329101563
0.0604667663574219 -0.0371170043945313 0.0812835693359375 0.02374267578125
0.0151405334472656 -0.0566062927246094 0.114608764648438 -0.006500244140625
-0.0161552429199219 -0.0479316711425781 0.112724304199219 -0.054412841796875
-0.0454673767089844 -0.0415496826171875 0.0806961059570313 -0.0972366333007812
-0.0444908142089844 -0.0293502807617187 0.0575714111328125 -0.09637451171875
-0.0356903076171875 -0.0331192016601562 0.0429534912109375 -0.0645027160644531
-0.0311088562011719 -0.0549087524414062 0.0288848876953125 -0.0247058868408203
0.0108184814453125 -0.0577239990234375 3.86238098144538E-05 -0.00253152847290039
0.0517578125 -0.0320358276367187 -0.0494422912597656 -0.0201492309570312
0.0595550537109375 0.0071258544921875 -0.0539321899414063 -0.0783767700195313
0.0323638916015625 0.0619621276855469 0.013519287109375 -0.159332275390625
-0.00984954833984374 0.0910186767578125 0.0712890625 -0.158599853515625
-0.0485305786132813 0.0852432250976563 0.0466766357421875 -0.0976181030273438
-0.0231170654296875 0.113311767578125 0.125587463378906 0.00775909423828126
0.060577392578125 0.0822601318359375 0.0796737670898438 0.049102783203125
0.0670547485351563 0.0010833740234375 0.0894393920898438 0.05029296875
0.040802001953125 -0.0311279296875 0.128997802734375 0.0176544189453125
0.0162696838378906 -0.0418167114257812 0.129959106445313 -0.0361557006835938
-0.00913238525390625 -0.0545310974121094 0.102447509765625 -0.0871124267578125
-0.0153045654296875 -0.0506515502929687 0.0740280151367187 -0.0860061645507813
-0.00773239135742187 -0.0479812622070312 0.0542411804199219 -0.0519294738769531
0.000667572021484368 -0.0665626525878906 0.0352935791015625 -0.00713729858398438
0.0411567687988281 -0.05767822265625 0.000673294067382813 0.0195579528808594
0.073455810546875 -0.017333984375 -0.0575942993164062 0.00458526611328125
0.0740203857421875 0.0308303833007813 -0.0740280151367188 -0.0544357299804688
0.0280914306640625 0.0896224975585938 -0.02252197265625 -0.142684936523438
-0.03094482421875 0.115974426269531 0.034332275390625 -0.135658264160156
-0.0750732421875 0.107109069824219 0.0143814086914062 -0.0688056945800781
-0.060394287109375 0.118553161621094 0.105537414550781 0.0535125732421875
0.02093505859375 0.113975524902344 0.0656585693359375 0.0947799682617188
0.0584983825683594 0.0478172302246094 0.0924148559570313 0.0859222412109375
0.0613517761230469 0.00817108154296875 0.137657165527344 0.0478439331054688
0.0514373779296875 -0.0227165222167969 0.139320373535156 -0.0111465454101563
0.0340194702148438 -0.0572052001953125 0.115592956542969 -0.06787109375
0.0187873840332031 -0.0638008117675781 0.0806961059570313 -0.0657958984375
0.0202751159667969 -0.0549812316894531 0.0554962158203125 -0.0313148498535156
0.0293235778808594 -0.0698509216308594 0.0343685150146484 0.0157413482666016
0.0621070861816406 -0.0544662475585937 -0.00305557250976562 0.0430335998535156
0.0838546752929688 -0.0090484619140625 -0.0647315979003906 0.0312271118164063
0.0819168090820313 0.0394363403320313 -0.091278076171875 -0.0239410400390625
0.031890869140625 0.097930908203125 -0.0576171875 -0.113807678222656
-0.0340042114257813 0.12493896484375 -0.00482940673828125 -0.100471496582031
-0.0855484008789063 0.115425109863281 -0.0229091644287109 -0.0338077545166016
-0.0900344848632813 0.102874755859375 0.0674514770507813 0.0979766845703125
-0.0256881713867188 0.125099182128906 0.032958984375 0.142715454101563
0.0334091186523437 0.0871353149414063 0.0820083618164063 0.125831604003906
0.0682029724121094 0.0525970458984375 0.131721496582031 0.0804672241210938
0.076629638671875 0.0066680908203125 0.134071350097656 0.0150299072265625
0.0721588134765625 -0.046142578125 0.114631652832031 -0.041656494140625
0.0509872436523438 -0.0645675659179688 0.07366943359375 -0.0380859375
0.0446319580078125 -0.0537033081054688 0.0470619201660156 -0.00533294677734375
0.0522575378417969 -0.0643463134765625 0.0266876220703125 0.0385818481445313
0.0738143920898438 -0.0466766357421875 -0.00832366943359375 0.0650634765625
0.0845489501953125 -0.00315093994140625 -0.0653190612792969 0.0561866760253906
0.07952880859375 0.0404281616210938 -0.0963897705078125 0.00621795654296877
0.03436279296875 0.0930938720703125 -0.077728271484375 -0.0765609741210937
-0.0309371948242188 0.117324829101563 -0.0315742492675781 -0.0555496215820312
-0.0870132446289063 0.107643127441406 -0.0558662414550781 0.00629425048828125
-0.100547790527344 0.068756103515625 0.0177230834960937 0.130821228027344
-0.0633926391601563 0.106918334960937 -0.0124359130859375 0.1781005859375
-0.00137329101562501 0.101890563964844 0.0563507080078125 0.157821655273438
0.051849365234375 0.0843582153320312 0.111648559570313 0.105033874511719
0.080841064453125 0.0372238159179688 0.11358642578125 0.035858154296875
0.0951461791992188 -0.02252197265625 0.0967254638671875 -0.0148086547851563
0.0737075805664063 -0.05328369140625 0.0550117492675781 -0.00941848754882813
0.0606956481933594 -0.0442276000976563 0.0305213928222656 0.0200481414794922
0.0673828125 -0.0519943237304687 0.014190673828125 0.0602264404296875
0.0807342529296875 -0.033782958984375 -0.0156784057617188 0.0822296142578125
0.0805206298828125 0.00662994384765625 -0.0642929077148438 0.073822021484375
0.0687789916992188 0.04376220703125 -0.0919265747070313 0.0282821655273438
0.0242996215820312 0.0831298828125 -0.0805435180664062 -0.04156494140625
-0.0346527099609375 0.0953216552734375 -0.0441741943359375 -0.0122146606445312
-0.0858383178710938 0.0814056396484375 -0.0824737548828125 0.0405731201171875
-0.0854263305664062 0.0228958129882812 -0.027984619140625 0.1463623046875
-0.0764617919921875 0.0627517700195313 -0.057464599609375 0.193954467773438
-0.03118896484375 0.0835189819335938 0.0263214111328125 0.17376708984375
0.0195770263671875 0.088165283203125 0.0823287963867188 0.114494323730469
0.0600013732910156 0.0564422607421875 0.0839157104492188 0.044586181640625
0.0923995971679688 0.00514984130859375 0.0666427612304688 0.00572967529296875
0.0817718505859375 -0.0316238403320313 0.0289249420166016 0.0157127380371094
0.0669708251953125 -0.0284423828125 0.00944900512695313 0.0440521240234375
0.07391357421875 -0.0344772338867188 -0.00135803222656249 0.0782470703125
0.0820465087890625 -0.0165252685546875 -0.027099609375 0.0934371948242188
0.0730972290039062 0.0202789306640625 -0.0650787353515625 0.0806427001953125
0.052825927734375 0.0525970458984375 -0.0856857299804688 0.0368576049804688
0.00191497802734374 0.0750656127929688 -0.0757598876953125 -0.0185470581054688
-0.0490951538085937 0.0656471252441406 -0.0502090454101563 0.0170097351074219
-0.085418701171875 0.040557861328125 -0.104110717773438 0.0633773803710937
-0.0483322143554688 -0.0243873596191406 -0.05792236328125 0.144241333007812
-0.0615463256835938 0.00760269165039061 -0.0863494873046875 0.189834594726563
-0.0429496765136719 0.0385284423828125 0.00386047363281249 0.172866821289063
-0.0142250061035156 0.0638771057128906 0.058441162109375 0.110130310058594
0.0244598388671875 0.0569839477539063 0.05816650390625 0.0408058166503906
0.0676689147949219 0.0301513671875 0.0354423522949219 0.013641357421875
0.0741653442382813 -0.0034027099609375 0.000808715820312502 0.0307903289794922
0.0631866455078125 -0.00886917114257813 -0.013031005859375 0.061737060546875
0.071929931640625 -0.0141525268554688 -0.02117919921875 0.0910491943359375
0.0771560668945313 0.003753662109375 -0.0445632934570313 0.09832763671875
0.0623588562011719 0.0342559814453125 -0.0739059448242188 0.0796661376953125
0.0343093872070312 0.0621337890625 -0.0855255126953125 0.0355987548828125
-0.0238685607910156 0.0674896240234375 -0.07244873046875 -0.00862884521484375
-0.0662765502929688 0.0332565307617187 -0.0577621459960938 0.0282478332519531
-0.0818405151367187 -0.00760650634765626 -0.124015808105469 0.0676116943359375
-0.0038909912109375 -0.065338134765625 -0.0628585815429688 0.129646301269531
-0.0278205871582031 -0.0433807373046875 -0.08953857421875 0.175323486328125
-0.036590576171875 -0.014495849609375 -0.000930786132812511 0.162139892578125
-0.039703369140625 0.0205230712890625 0.0512619018554687 0.0963668823242187
-0.0140724182128906 0.0423164367675781 0.044769287109375 0.0266304016113281
0.0302238464355469 0.0466690063476563 0.0107860565185547 0.00976562500000001
0.0538139343261719 0.0247573852539063 -0.0242462158203125 0.035491943359375
0.0495681762695313 0.0130615234375 -0.03472900390625 0.0707778930664063
0.0583343505859375 0.0080108642578125 -0.0439682006835938 0.0978164672851563
0.0619239807128906 0.0240440368652344 -0.0668182373046875 0.098663330078125
0.0453414916992188 0.0448684692382812 -0.0890426635742187 0.0738906860351563
0.0143470764160156 0.0650062561035156 -0.0932846069335937 0.0279617309570313
-0.0463409423828125 0.0547561645507813 -0.0765914916992187 -0.0118637084960938
-0.07696533203125 -0.00201416015624998 -0.07080078125 0.0244064331054688
-0.0700302124023438 -0.0551414489746094 -0.1400146484375 0.0566177368164063
0.0295181274414063 0.093353271484375 0.139312744140625 -0.0457229614257812
0.09619140625 0.0288925170898437 0.0877761840820313 0.00128173828125
0.0586128234863281 -0.0514183044433594 0.0831985473632813 0.0141525268554687
0.00517272949218751 -0.0650215148925781 0.114837646484375 -0.0151443481445313
-0.028106689453125 -0.0495414733886719 0.111061096191406 -0.0642852783203125
-0.0586433410644531 -0.0345687866210938 0.07623291015625 -0.105636596679687
-0.0539283752441406 -0.0217666625976562 0.053863525390625 -0.105865478515625
-0.0453720092773438 -0.0268173217773438 0.0435867309570313 -0.0730209350585937
-0.0453300476074219 -0.0508918762207031 0.0350742340087891 -0.0310153961181641
-0.00140380859375 -0.0639686584472656 0.00820064544677734 -0.00226497650146485
0.0477561950683594 -0.0450401306152344 -0.0465621948242188 -0.0112266540527344
0.0658035278320313 -0.00490188598632813 -0.0608024597167969 -0.0689926147460938
0.0482254028320313 0.0618972778320313 -0.004119873046875 -0.161605834960937
0.00702667236328125 0.102210998535156 0.0602264404296875 -0.171829223632813
-0.0353469848632813 0.102706909179688 0.0477066040039063 -0.105560302734375
-0.0089111328125 0.120857238769531 0.14300537109375 -0.00459289550781249
0.0742950439453125 0.0752029418945313 0.09375 0.037506103515625
0.0673789978027344 -0.00983428955078125 0.0961761474609375 0.0402679443359375
0.0352363586425781 -0.0383377075195313 0.133285522460937 0.00775146484375
0.00792694091796875 -0.0440521240234375 0.132049560546875 -0.047882080078125
-0.0203857421875 -0.0520706176757813 0.100677490234375 -0.098968505859375
-0.0236740112304688 -0.0468978881835937 0.0738525390625 -0.0986862182617188
-0.0156440734863281 -0.0455284118652344 0.0574874877929688 -0.0636062622070313
-0.0108146667480469 -0.0665283203125 0.0449676513671875 -0.0145912170410156
0.0327873229980469 -0.0654296875 0.0128440856933594 0.0192070007324219
0.0738449096679688 -0.0294418334960937 -0.0502128601074219 0.0149116516113281
0.0825576782226563 0.021728515625 -0.0770263671875 -0.0408248901367188
0.0429000854492187 0.0925827026367187 -0.0386428833007813 -0.138908386230469
-0.0166168212890625 0.130531311035156 0.0255126953125 -0.1427001953125
-0.0656204223632813 0.126960754394531 0.0179824829101562 -0.0705490112304687
-0.05316162109375 0.129852294921875 0.12841796875 0.0464248657226563
0.0322265625 0.114181518554688 0.085479736328125 0.0872650146484375
0.0619544982910156 0.0415840148925781 0.103996276855469 0.0768051147460938
0.0616798400878906 0.003143310546875 0.146270751953125 0.0371246337890625
0.0479278564453125 -0.0264854431152344 0.145126342773438 -0.0241241455078125
0.0269737243652344 -0.0594406127929687 0.1171875 -0.08203125
0.0132026672363281 -0.0647430419921875 0.0827865600585938 -0.0798797607421875
0.0155601501464844 -0.0565338134765625 0.061431884765625 -0.0433197021484375
0.0221176147460937 -0.0732421875 0.0461235046386719 0.00749206542968749
0.0578536987304688 -0.0622596740722656 0.0122833251953125 0.04229736328125
0.0869598388671875 -0.0180587768554687 -0.0534858703613281 0.0419807434082031
0.0902938842773438 0.0331344604492188 -0.0893478393554688 -0.00861358642578126
0.0443191528320312 0.102371215820313 -0.0694046020507812 -0.105140686035156
-0.0240249633789062 0.14007568359375 -0.0100936889648438 -0.100387573242187
-0.0801315307617187 0.134727478027344 -0.0170307159423828 -0.0280055999755859
-0.090545654296875 0.116065979003906 0.0909194946289062 0.0987091064453125
-0.0197525024414063 0.131843566894531 0.056427001953125 0.141769409179688
0.03778076171875 0.0888290405273438 0.0973434448242188 0.119331359863281
0.0726547241210938 0.0513076782226563 0.144546508789063 0.0705718994140625
0.0791778564453125 0.0030364990234375 0.142562866210938 0.0025482177734375
0.0714111328125 -0.0526351928710938 0.118766784667969 -0.0559539794921875
0.0488052368164063 -0.0714111328125 0.0784988403320313 -0.0511856079101563
0.0444107055664063 -0.0589408874511719 0.0539779663085938 -0.0161895751953125
0.0505943298339844 -0.0702667236328125 0.0400619506835938 0.0313377380371094
0.0753326416015625 -0.0542678833007813 0.00889205932617188 0.063720703125
0.0905838012695313 -0.00878143310546875 -0.051300048828125 0.0663375854492188
0.0879745483398438 0.0383453369140625 -0.0909576416015625 0.0216751098632812
0.0427932739257812 0.0982208251953125 -0.0840530395507813 -0.0652847290039062
-0.0266494750976563 0.130340576171875 -0.0320816040039063 -0.0506629943847656
-0.0867233276367188 0.124900817871094 -0.0488395690917969 0.0156974792480469
-0.108901977539062 0.0786972045898438 0.0396347045898438 0.139045715332031
-0.0655670166015625 0.116867065429688 0.0115509033203125 0.185440063476562
0.00145721435546875 0.109771728515625 0.075408935546875 0.15496826171875
0.0594711303710938 0.0893478393554688 0.126144409179688 0.0968093872070313
0.0884246826171875 0.0359344482421875 0.122566223144531 0.0250015258789063
0.100013732910156 -0.0306625366210938 0.101280212402344 -0.02691650390625
0.0762481689453125 -0.0627288818359375 0.0602302551269531 -0.01873779296875
0.0645866394042969 -0.0527839660644531 0.0380706787109375 0.0134811401367187
0.0708770751953125 -0.06060791015625 0.0271148681640625 0.0546875
0.086456298828125 -0.0416793823242188 0.000190734863281252 0.0805130004882813
0.089019775390625 0.0032806396484375 -0.0496368408203125 0.080810546875
0.0776443481445313 0.0455703735351563 -0.0843276977539063 0.0406951904296875
0.0293121337890625 0.0898666381835938 -0.0823974609375 -0.0305557250976563
-0.0362014770507813 0.107894897460938 -0.0404129028320313 -0.00458145141601563
-0.0918426513671875 0.0954666137695312 -0.0762557983398438 0.0544891357421875
-0.0993194580078125 0.028045654296875 -0.0109405517578125 0.160308837890625
-0.0868682861328125 0.0721359252929688 -0.0353546142578125 0.207962036132813
-0.033843994140625 0.0938339233398438 0.04681396484375 0.174285888671875
0.0257644653320312 0.099273681640625 0.0967636108398438 0.109443664550781
0.0716705322265625 0.0596923828125 0.0915069580078125 0.0365066528320313
0.104057312011719 -0.00051116943359375 0.0710983276367188 -0.0033721923828125
0.0891647338867188 -0.0416336059570313 0.0325603485107422 0.0108833312988281
0.0742645263671875 -0.0380859375 0.0165786743164063 0.041015625
0.0813751220703125 -0.0444412231445313 0.00955963134765625 0.07513427734375
0.0922317504882813 -0.0246047973632813 -0.0135574340820312 0.0926284790039063
0.0844039916992187 0.018341064453125 -0.0530242919921875 0.0863418579101562
0.0632820129394531 0.0576095581054687 -0.0777435302734375 0.0473098754882813
0.0050048828125 0.0856094360351563 -0.0734405517578125 -0.00856781005859376
-0.0557098388671875 0.0786972045898438 -0.0444679260253906 0.0266494750976562
-0.0971908569335938 0.052581787109375 -0.100288391113281 0.0785675048828125
-0.0653953552246094 -0.0277214050292969 -0.0466156005859375 0.161209106445313
-0.0773162841796875 0.0116806030273437 -0.0693206787109375 0.207901000976563
-0.0513687133789062 0.0473594665527344 0.02294921875 0.175567626953125
-0.0134735107421875 0.0766525268554688 0.0706329345703125 0.105308532714844
0.0346260070800781 0.0661506652832031 0.0613288879394531 0.0338020324707031
0.0826492309570313 0.0283126831054688 0.035980224609375 0.00878524780273438
0.0856781005859375 -0.0128326416015625 0.00206947326660157 0.0314445495605469
0.0730438232421875 -0.0176239013671875 -0.00728607177734375 0.0629386901855469
0.0817108154296875 -0.0240097045898438 -0.012664794921875 0.0920486450195313
0.0896148681640625 -0.00408935546875 -0.0338668823242187 0.10052490234375
0.0753021240234375 0.03363037109375 -0.0643157958984375 0.0851898193359375
0.0467987060546875 0.0685043334960937 -0.0792312622070313 0.0443038940429688
-0.0220870971679688 0.0806198120117188 -0.0702667236328125 0.000453948974609395
-0.077178955078125 0.046295166015625 -0.0549545288085938 0.0403709411621094
-0.0993881225585938 0.00131225585937498 -0.124031066894531 0.0845108032226562
-0.0204010009765625 -0.075164794921875 -0.0586090087890625 0.1434326171875
-0.0463447570800781 -0.046966552734375 -0.0770263671875 0.191986083984375
-0.04931640625 -0.00999069213867188 0.0172119140625 0.16455078125
-0.0441436767578125 0.0334854125976563 0.0601806640625 0.0898056030273437
-0.00788497924804688 0.0544281005859375 0.0440559387207031 0.0200080871582031
0.0456352233886719 0.0487022399902344 0.00706958770751953 0.00773954391479492
0.0675086975097656 0.0173149108886719 -0.0257225036621094 0.0401992797851563
0.0601959228515625 0.00533676147460937 -0.0314254760742187 0.0765380859375
0.069427490234375 -0.000244140625 -0.0370941162109375 0.103462219238281
0.0756301879882813 0.016632080078125 -0.059417724609375 0.103668212890625
0.0584030151367188 0.0444908142089844 -0.0829315185546875 0.0814132690429688
0.0267257690429688 0.0726470947265625 -0.0888290405273437 0.0359878540039063
-0.0453758239746094 0.0688438415527344 -0.0752334594726563 -0.00188446044921876
-0.0904083251953125 0.0103836059570313 -0.0718154907226562 0.0374603271484375
-0.090423583984375 -0.050750732421875 -0.146575927734375 0.0722503662109375
0.0456924438476563 0.0908660888671875 0.146591186523438 -0.061614990234375
0.1043701171875 0.0145950317382813 0.090850830078125 -0.0121536254882812
0.0527229309082031 -0.0627899169921875 0.081512451171875 0.0070343017578125
-0.00498580932617188 -0.0687217712402344 0.112678527832031 -0.0205459594726563
-0.0378456115722656 -0.0467758178710938 0.1087646484375 -0.06988525390625
-0.0680770874023438 -0.0256614685058594 0.0733261108398437 -0.109512329101563
-0.0595932006835938 -0.0120697021484375 0.0509185791015625 -0.113136291503906
-0.0516395568847656 -0.0185546875 0.0430679321289063 -0.080780029296875
-0.0565605163574219 -0.0433120727539063 0.0390281677246094 -0.0381622314453125
-0.0141525268554688 -0.065521240234375 0.016322135925293 -0.00543880462646485
0.0415992736816406 -0.0560379028320313 -0.0396232604980469 -0.00515747070312501
0.0680809020996094 -0.0168228149414063 -0.060577392578125 -0.059600830078125
0.0618171691894531 0.0576972961425781 -0.016265869140625 -0.157318115234375
0.0258331298828125 0.107978820800781 0.0505218505859375 -0.1790771484375
-0.0192489624023438 0.114051818847656 0.0495071411132813 -0.112556457519531
0.00330352783203124 0.123283386230469 0.156143188476563 -0.01904296875
0.0832748413085938 0.0661468505859375 0.102287292480469 0.0233078002929688
0.064208984375 -0.0186958312988281 0.0980758666992188 0.031341552734375
0.0284004211425781 -0.0419998168945313 0.133941650390625 0.000122070312499997
0.000614166259765625 -0.0438117980957031 0.131889343261719 -0.0563430786132813
-0.0283203125 -0.0461158752441406 0.0989532470703125 -0.106826782226563
-0.0288009643554687 -0.0414924621582031 0.0726776123046875 -0.109062194824219
-0.0210227966308594 -0.0410575866699219 0.0586471557617188 -0.0746688842773438
-0.0200843811035156 -0.0626106262207031 0.051910400390625 -0.0253753662109375
0.0235786437988281 -0.0686683654785156 0.0249252319335938 0.0143413543701172
0.0706405639648438 -0.0388031005859375 -0.0400428771972656 0.0206222534179688
0.0869979858398438 0.01177978515625 -0.0734100341796875 -0.0297088623046875
0.0557022094726563 0.0911178588867188 -0.04742431640625 -0.131759643554688
-0.00147247314453126 0.1396484375 0.019012451171875 -0.1455078125
-0.053131103515625 0.14111328125 0.0232696533203125 -0.07342529296875
-0.0459442138671875 0.136268615722656 0.145599365234375 0.035308837890625
0.0399703979492187 0.111785888671875 0.0989456176757813 0.0754928588867188
0.0618667602539063 0.0374908447265625 0.109466552734375 0.066680908203125
0.0595169067382812 0.000606536865234375 0.149642944335938 0.0279998779296875
0.0444259643554688 -0.0280227661132813 0.14764404296875 -0.0345611572265625
0.0212020874023437 -0.0586891174316406 0.116706848144531 -0.0924835205078125
0.00902557373046876 -0.0644378662109375 0.08294677734375 -0.0919952392578125
0.0128936767578125 -0.0566673278808594 0.0641822814941406 -0.0557403564453125
0.0169906616210937 -0.0733871459960938 0.0549201965332031 -0.00433349609375
0.0536384582519531 -0.0672225952148438 0.0264472961425781 0.0363960266113281
0.088043212890625 -0.02569580078125 -0.0396919250488281 0.0465660095214844
0.0965194702148438 0.0270004272460938 -0.0813369750976563 0.00250244140625
0.0544967651367188 0.103080749511719 -0.0739669799804688 -0.0946884155273437
-0.0132598876953125 0.15081787109375 -0.0121612548828125 -0.0992279052734375
-0.07269287109375 0.150100708007813 -0.00926208496093751 -0.0264739990234375
-0.0907211303710937 0.125282287597656 0.111991882324219 0.0932235717773438
-0.0162200927734375 0.137779235839844 0.0755081176757812 0.133781433105469
0.0403289794921875 0.0889816284179688 0.107101440429688 0.109886169433594
0.0759429931640625 0.0520706176757812 0.151229858398438 0.0610198974609375
0.0815887451171875 0.0007171630859375 0.146224975585938 -0.0082244873046875
0.0701713562011719 -0.0558967590332031 0.119590759277344 -0.0677719116210938
0.0475845336914063 -0.0761260986328125 0.079833984375 -0.0621261596679688
0.0441703796386719 -0.0627403259277344 0.0581626892089844 -0.0275039672851563
0.0492324829101562 -0.0748062133789062 0.0488929748535156 0.0206146240234375
0.0755615234375 -0.0608444213867188 0.0224380493164063 0.0568428039550781
0.0947418212890625 -0.014129638671875 -0.0372314453125 0.0674896240234375
0.095611572265625 0.0354080200195313 -0.080535888671875 0.030853271484375
0.0498504638671875 0.101837158203125 -0.083740234375 -0.0551910400390625
-0.0212554931640625 0.141433715820313 -0.0289421081542969 -0.0467414855957031
-0.08453369140625 0.139732360839844 -0.0388031005859375 0.0218467712402344
-0.115921020507813 0.0894241333007813 0.0599517822265625 0.140701293945312
-0.0681991577148437 0.127052307128906 0.0319061279296875 0.183517456054688
0.00283050537109375 0.116554260253906 0.08917236328125 0.146652221679688
0.0663528442382813 0.094085693359375 0.134361267089844 0.0882492065429688
0.0962295532226563 0.0347976684570313 0.126838684082031 0.0151214599609375
0.10443115234375 -0.0372238159179688 0.103187561035156 -0.0383758544921875
0.0776901245117187 -0.0714492797851563 0.0626983642578125 -0.0278701782226563
0.0671958923339844 -0.0598602294921875 0.0422134399414063 0.00408554077148437
0.0728378295898438 -0.0681381225585938 0.0356292724609375 0.0452613830566406
0.0907745361328125 -0.0494155883789063 0.0131759643554688 0.07391357421875
0.0962905883789063 -0.00049591064453125 -0.0358505249023437 0.0807418823242188
0.0870590209960938 0.0466766357421875 -0.072967529296875 0.0469970703125
0.034210205078125 0.0968475341796875 -0.0776519775390625 -0.0221328735351563
-0.03619384765625 0.120063781738281 -0.0344600677490234 0.000181198120117202
-0.0957107543945313 0.109794616699219 -0.0663375854492188 0.063140869140625
-0.112716674804688 0.0344390869140625 0.005584716796875 0.168136596679688
-0.0964584350585937 0.0838546752929688 -0.0153350830078125 0.21240234375
-0.03594970703125 0.104652404785156 0.0609588623046875 0.168838500976563
0.0326690673828125 0.108970642089844 0.103782653808594 0.102088928222656
0.0817489624023438 0.0615310668945313 0.0942153930664063 0.0288009643554688
0.113021850585937 -0.00829315185546875 0.0721435546875 -0.0115585327148438
0.0942535400390625 -0.05303955078125 0.0351982116699219 0.0054168701171875
0.0794296264648438 -0.04718017578125 0.021087646484375 0.0360755920410156
0.0867843627929687 -0.0548248291015625 0.0171928405761719 0.0688514709472656
0.100143432617188 -0.0334701538085938 -0.00251770019531249 0.0875701904296875
0.0949478149414063 0.0153045654296875 -0.0417327880859375 0.0857315063476563
0.07470703125 0.0601425170898438 -0.0681686401367187 0.05126953125
0.00976562500000001 0.0954360961914063 -0.0680427551269531 -0.00212478637695312
-0.0598907470703125 0.0927886962890625 -0.036895751953125 0.0329818725585938
-0.106735229492188 0.0658035278320313 -0.092926025390625 0.0896682739257812
-0.0831756591796875 -0.0249481201171875 -0.0351715087890625 0.171096801757813
-0.092437744140625 0.0198211669921875 -0.052337646484375 0.217300415039063
-0.0581550598144531 0.0582389831542969 0.03765869140625 0.172332763671875
-0.00876617431640624 0.0893783569335937 0.076873779296875 0.0988311767578125
0.0461349487304688 0.0713729858398438 0.0615348815917969 0.0286331176757813
0.0958099365234375 0.0228805541992187 0.0360832214355469 0.00553512573242188
0.0936660766601563 -0.0245513916015625 0.00388717651367188 0.0315742492675781
0.0792770385742188 -0.028411865234375 -0.00330352783203124 0.0622634887695313
0.0887527465820312 -0.0354461669921875 -0.00659942626953125 0.0903244018554688
0.0995864868164063 -0.0140609741210938 -0.0259017944335938 0.0979385375976563
0.0871734619140625 0.0301361083984375 -0.0560836791992187 0.085968017578125
0.0594711303710937 0.072418212890625 -0.071441650390625 0.0473556518554688
-0.017547607421875 0.0923385620117188 -0.0640182495117188 0.00656890869140624
-0.0843429565429687 0.0611724853515625 -0.0481948852539062 0.04864501953125
-0.112754821777344 0.0129318237304688 -0.120712280273437 0.0980072021484375
-0.0386734008789062 -0.079132080078125 -0.052734375 0.155120849609375
-0.0633926391601563 -0.0452651977539062 -0.0637359619140625 0.202163696289063
-0.0604209899902344 -0.00215530395507813 0.0304107666015625 0.160995483398438
-0.0446586608886719 0.0467872619628906 0.063385009765625 0.0824661254882813
0.00110244750976562 0.0632591247558594 0.0402297973632813 0.0155220031738281
0.0597991943359375 0.04656982421875 0.00304603576660157 0.00827264785766602
0.0770187377929687 0.007659912109375 -0.02685546875 0.0450172424316406
0.0679473876953125 -0.004058837890625 -0.028350830078125 0.0809326171875
0.0774002075195313 -0.0108795166015625 -0.0321426391601562 0.106475830078125
0.0860671997070312 0.0063934326171875 -0.0549163818359375 0.105743408203125
0.0705718994140625 0.0412750244140625 -0.0776824951171875 0.0838394165039063
0.0396957397460937 0.0763092041015625 -0.0837249755859375 0.039947509765625
-0.0408477783203125 0.0813980102539062 -0.0709686279296875 0.00457763671875001
-0.0989990234375 0.0241317749023438 -0.0679283142089844 0.0488967895507813
-0.10675048828125 -0.0411453247070312 -0.148849487304688 0.0871124267578125
0.0579605102539063 0.08673095703125 0.152313232421875 -0.075286865234375
0.109382629394531 0.00160980224609375 0.0913848876953125 -0.0243759155273437
0.0461273193359375 -0.0709991455078125 0.0789413452148438 0.002716064453125
-0.0138626098632812 -0.0706405639648438 0.112571716308594 -0.0222702026367188
-0.04620361328125 -0.0432968139648438 0.10870361328125 -0.0725555419921875
-0.07464599609375 -0.01531982421875 0.0734634399414063 -0.113349914550781
-0.0635147094726563 -0.00278854370117187 0.0503463745117187 -0.11962890625
-0.0554389953613281 -0.0109138488769531 0.043182373046875 -0.0887603759765625
-0.0650215148925781 -0.0345077514648437 0.0429534912109375 -0.0463638305664063
-0.0244560241699219 -0.0644912719726563 0.02313232421875 -0.0104885101318359
0.0340614318847656 -0.0638656616210938 -0.0319328308105469 -0.00301551818847657
0.0677528381347656 -0.0273361206054688 -0.0580863952636719 -0.0534515380859375
0.0735015869140625 0.0520706176757813 -0.022369384765625 -0.15374755859375
0.043060302734375 0.110023498535156 0.0448455810546875 -0.185562133789063
-0.00402069091796875 0.121353149414063 0.0525360107421875 -0.120895385742187
0.0119476318359375 0.123947143554688 0.167617797851563 -0.033050537109375
0.0883102416992188 0.0583114624023437 0.106605529785156 0.0106124877929688
0.0602836608886719 -0.0246620178222656 0.0968399047851563 0.025848388671875
0.0224380493164063 -0.0438461303710937 0.135528564453125 -0.0037078857421875
-0.00543212890625 -0.0412139892578125 0.1337890625 -0.0616989135742188
-0.0339698791503906 -0.0398178100585937 0.10015869140625 -0.114105224609375
-0.0316734313964844 -0.0359230041503906 0.0721282958984375 -0.119285583496094
-0.0227470397949219 -0.0368270874023437 0.0595245361328125 -0.0852432250976563
-0.0261993408203125 -0.0583686828613281 0.0570602416992188 -0.0359687805175781
0.0162353515625 -0.0700454711914063 0.0347423553466797 0.00765609741210937
0.0674247741699219 -0.0459136962890625 -0.0291194915771484 0.0221118927001953
0.0893402099609375 0.0038299560546875 -0.0672874450683594 -0.0233612060546875
0.0661773681640625 0.0890960693359375 -0.0513763427734375 -0.125595092773437
0.0125732421875 0.146255493164063 0.0166168212890625 -0.150161743164063
-0.041046142578125 0.15216064453125 0.0307159423828125 -0.0776748657226562
-0.0419464111328125 0.142684936523438 0.160446166992188 0.0238189697265625
0.044281005859375 0.11102294921875 0.108085632324219 0.0630340576171875
0.0609245300292969 0.0354156494140625 0.111747741699219 0.0601425170898437
0.0583724975585937 0.0001068115234375 0.153396606445313 0.0231170654296875
0.0425338745117188 -0.0270614624023438 0.149917602539063 -0.0418243408203125
0.0179290771484375 -0.0564079284667969 0.117500305175781 -0.102188110351563
0.00726699829101562 -0.0634269714355469 0.083740234375 -0.103813171386719
0.0116424560546875 -0.0561408996582031 0.06488037109375 -0.0674476623535156
0.0139923095703125 -0.0740280151367187 0.0606880187988281 -0.0159263610839844
0.0507278442382813 -0.070526123046875 0.0375213623046875 0.026885986328125
0.0884475708007813 -0.031219482421875 -0.027587890625 0.0456466674804688
0.100898742675781 0.0223846435546875 -0.072509765625 0.00871276855468751
0.0631027221679687 0.105331420898438 -0.0738525390625 -0.0879974365234375
-0.00367736816406251 0.160125732421875 -0.0105209350585938 -0.10076904296875
-0.0658111572265625 0.16387939453125 0.000591278076171872 -0.0278968811035156
-0.0923004150390625 0.135765075683594 0.129203796386719 0.0859603881835938
-0.013671875 0.143692016601562 0.0875778198242188 0.125869750976563
0.0407333374023437 0.093902587890625 0.111991882324219 0.102607727050781
0.0794830322265625 0.0533065795898437 0.155990600585938 0.055938720703125
0.0845413208007813 0.00048065185546875 0.150299072265625 -0.0158538818359375
0.0705490112304688 -0.0588912963867188 0.120559692382813 -0.0786819458007813
0.04705810546875 -0.0797882080078125 0.0818328857421875 -0.0737686157226563
0.0452651977539063 -0.0668182373046875 0.0600357055664062 -0.0390243530273438
0.0497894287109375 -0.0792465209960938 0.0545768737792969 0.00898742675781249
0.0773162841796875 -0.0663375854492188 0.0331535339355469 0.046905517578125
0.0998153686523438 -0.0179901123046875 -0.0254440307617187 0.0650177001953125
0.103195190429688 0.034515380859375 -0.0697822570800781 0.034820556640625
0.056182861328125 0.1065673828125 -0.0801773071289062 -0.048858642578125
-0.0171356201171875 0.153778076171875 -0.0237770080566406 -0.0462684631347656
-0.083251953125 0.154006958007813 -0.0289268493652344 0.0238742828369141
-0.124710083007812 0.0999526977539063 0.0770339965820312 0.140304565429688
-0.0713043212890625 0.138565063476563 0.0466156005859375 0.180328369140625
0.00295257568359375 0.125389099121094 0.09564208984375 0.140960693359375
0.072906494140625 0.100044250488281 0.139427185058594 0.0837326049804688
0.103599548339844 0.0354232788085938 0.130569458007813 0.0084381103515625
0.109642028808594 -0.0437164306640625 0.104400634765625 -0.04656982421875
0.0806655883789062 -0.0801010131835937 0.0642509460449219 -0.0356903076171875
0.0705337524414063 -0.0666732788085938 0.0445556640625 -0.00340652465820313
0.076934814453125 -0.0768508911132813 0.0401649475097656 0.0364799499511719
0.0970458984375 -0.0566482543945312 0.0217094421386719 0.0661430358886719
0.105140686035156 -0.00376129150390625 -0.0261764526367188 0.0775299072265625
0.0962600708007813 0.0469512939453125 -0.0623893737792969 0.0485801696777344
0.0390243530273438 0.105567932128906 -0.0722732543945312 -0.01800537109375
-0.0363006591796875 0.134269714355469 -0.0268135070800781 0.00228309631347657
-0.099609375 0.124107360839844 -0.0569572448730469 0.0681381225585938
-0.127326965332031 0.0444488525390625 0.0201263427734375 0.173141479492188
-0.105316162109375 0.0965728759765625 -0.001617431640625 0.21527099609375
-0.0391616821289063 0.115959167480469 0.0702667236328125 0.164413452148438
0.0396347045898437 0.118331909179688 0.10760498046875 0.0980911254882813
0.091888427734375 0.0637664794921875 0.0957794189453125 0.02459716796875
0.122604370117188 -0.0157928466796875 0.0720443725585938 -0.017730712890625
0.0993576049804688 -0.0641555786132813 0.0377616882324219 0.00204849243164062
0.0841293334960937 -0.0570831298828125 0.0231971740722656 0.0309505462646484
0.091949462890625 -0.0659561157226563 0.0195198059082031 0.0637435913085938
0.107749938964844 -0.0432586669921875 0.00330352783203127 0.0814437866210938
0.105690002441406 0.012115478515625 -0.0348358154296875 0.0818862915039063
0.0864105224609375 0.0619049072265625 -0.0606307983398437 0.051361083984375
0.0148849487304687 0.105659484863281 -0.0617523193359375 -5.72204589843573E-05
-0.0634918212890625 0.108261108398438 -0.0291824340820313 0.0361862182617188
-0.11505126953125 0.0800094604492187 -0.086029052734375 0.0966415405273438
-0.100532531738281 -0.0200881958007813 -0.026397705078125 0.181304931640625
-0.105804443359375 0.029541015625 -0.04095458984375 0.223220825195312
-0.0647964477539062 0.071441650390625 0.0461273193359375 0.169509887695313
-0.00396728515625 0.101119995117188 0.0802383422851563 0.096099853515625
0.0569000244140625 0.07623291015625 0.0606193542480469 0.0257225036621094
0.107955932617187 0.016326904296875 0.0343894958496094 0.00333404541015625
0.099761962890625 -0.03619384765625 0.00417709350585938 0.0327281951904297
0.0848159790039062 -0.0384597778320312 -0.00204086303710936 0.0629692077636719
0.094329833984375 -0.0469436645507812 -0.00399780273437499 0.0888290405273438
0.108207702636719 -0.0251846313476563 -0.0231170654296875 0.0951004028320313
0.0988082885742188 0.0262451171875 -0.05169677734375 0.08355712890625
0.0721206665039063 0.0754241943359375 -0.0662841796875 0.0468482971191406
-0.011932373046875 0.104034423828125 -0.0589790344238281 0.00755310058593751
-0.0903854370117188 0.076934814453125 -0.0413055419921875 0.0544013977050781
-0.125457763671875 0.0263824462890625 -0.118568420410156 0.108848571777344
-0.0556716918945313 -0.0796661376953125 -0.048980712890625 0.164962768554688
-0.0791244506835937 -0.0405197143554687 -0.0545654296875 0.210205078125
-0.0697784423828125 0.0070648193359375 0.0366058349609375 0.158203125
-0.0432472229003906 0.0597114562988281 0.0633621215820312 0.077850341796875
0.0116348266601563 0.0704193115234375 0.0355186462402344 0.013641357421875
0.072509765625 0.0411148071289063 -0.00137710571289062 0.00931072235107422
0.084075927734375 -0.0037689208984375 -0.0276374816894531 0.0501251220703125
0.0733795166015625 -0.01385498046875 -0.0262985229492187 0.084930419921875
0.0835342407226562 -0.0217666625976562 -0.0301971435546875 0.108741760253906
0.0938568115234375 -0.00384521484375 -0.0522613525390625 0.107215881347656
0.0813522338867188 0.0378875732421875 -0.0758819580078125 0.0844039916992188
0.0503921508789063 0.0784988403320313 -0.0811538696289063 0.04052734375
-0.0356292724609375 0.0921554565429688 -0.0662765502929688 0.00676345825195314
-0.105606079101563 0.0389633178710937 -0.0642623901367188 0.0574874877929687
-0.121261596679688 -0.0308914184570313 -0.152328491210938 0.100006103515625
0.0687408447265625 0.0830535888671875 0.15924072265625 -0.0909271240234375
0.11395263671875 -0.0117645263671875 0.0915298461914063 -0.0351943969726563
0.0409622192382813 -0.07940673828125 0.07733154296875 0.000717163085937495
-0.023406982421875 -0.072723388671875 0.114974975585937 -0.023773193359375
-0.0538063049316406 -0.0395965576171875 0.11260986328125 -0.0766067504882813
-0.0802993774414063 -0.0051422119140625 0.0764312744140625 -0.119682312011719
-0.065582275390625 0.00565338134765626 0.0500106811523437 -0.129753112792969
-0.057891845703125 -0.0032501220703125 0.043212890625 -0.0993881225585938
-0.0717315673828125 -0.025115966796875 0.0455245971679688 -0.0571098327636719
-0.0353507995605469 -0.0627899169921875 0.0293846130371094 -0.0185070037841797
0.0263595581054688 -0.0704421997070313 -0.0241775512695312 -0.00320625305175781
0.0672454833984375 -0.0369300842285156 -0.0547981262207031 -0.0512008666992188
0.0832748413085937 0.0458450317382812 -0.0256195068359375 -0.153213500976563
0.0599288940429688 0.1109619140625 0.041839599609375 -0.194961547851563
0.0106964111328125 0.126960754394531 0.0574188232421875 -0.132942199707031
0.0199813842773437 0.12652587890625 0.178497314453125 -0.0481414794921875
0.0937881469726562 0.0519332885742187 0.110649108886719 -0.0015716552734375
0.0572052001953125 -0.0292510986328125 0.0972747802734375 0.0219268798828125
0.0176010131835938 -0.0444221496582031 0.140792846679688 -0.0049896240234375
-0.00938034057617187 -0.0391616821289063 0.138847351074219 -0.0676193237304688
-0.037628173828125 -0.0338096618652344 0.103271484375 -0.123794555664063
-0.0336208343505859 -0.0313396453857422 0.0731353759765625 -0.132301330566406
-0.0244045257568359 -0.03326416015625 0.059967041015625 -0.0985641479492188
-0.0307273864746094 -0.0539321899414063 0.0614356994628906 -0.0492057800292969
0.0101089477539063 -0.0712509155273438 0.0432319641113281 -0.00207138061523438
0.0651206970214844 -0.0521888732910156 -0.0192890167236328 0.0194339752197266
0.0921478271484375 -0.00319671630859375 -0.0602149963378906 -0.0199356079101562
0.0762863159179687 0.0873641967773437 -0.0525054931640625 -0.122901916503906
0.026641845703125 0.152664184570313 0.0152740478515625 -0.156448364257813
-0.030731201171875 0.163330078125 0.0377731323242188 -0.0866241455078125
-0.039215087890625 0.152130126953125 0.176467895507812 0.0115509033203125
0.0483627319335938 0.112701416015625 0.115760803222656 0.0527801513671875
0.0597686767578125 0.0362701416015625 0.113845825195313 0.0563201904296875
0.0589179992675781 0.000911712646484375 0.159805297851563 0.02020263671875
0.042449951171875 -0.0268516540527344 0.156112670898438 -0.049530029296875
0.0171165466308594 -0.0556411743164063 0.121383666992188 -0.113616943359375
0.00666809082031249 -0.0646858215332031 0.084259033203125 -0.11724853515625
0.0123977661132813 -0.0581817626953125 0.0654296875 -0.081268310546875
0.0122528076171875 -0.0747756958007813 0.0648574829101563 -0.030059814453125
0.0496749877929688 -0.0745315551757813 0.046234130859375 0.0169754028320312
0.0913238525390625 -0.0368194580078125 -0.0170478820800781 0.0425148010253906
0.107513427734375 0.0182952880859375 -0.0640411376953125 0.0108528137207031
0.0721511840820312 0.108024597167969 -0.0733413696289063 -0.0847930908203125
0.0059967041015625 0.17095947265625 -0.0088348388671875 -0.105361938476563
-0.0600128173828125 0.178558349609375 0.00985908508300781 -0.0322437286376953
-0.0959320068359375 0.149063110351563 0.146896362304688 0.0787811279296875
-0.01214599609375 0.153152465820313 0.0982894897460937 0.117897033691406
0.0429611206054688 0.0999908447265625 0.117362976074219 0.0992202758789063
0.0858917236328125 0.0579376220703125 0.163818359375 0.0530548095703125
0.08978271484375 0.0004425048828125 0.156570434570313 -0.0231781005859375
0.0738754272460937 -0.0625839233398438 0.124313354492188 -0.0906600952148438
0.0481414794921875 -0.0858688354492188 0.0829010009765625 -0.0863800048828125
0.0479202270507813 -0.0735626220703125 0.0606880187988281 -0.0506629943847656
0.051513671875 -0.0854339599609375 0.0586128234863281 -0.003204345703125
0.0809402465820313 -0.073455810546875 0.0406990051269531 0.0370407104492188
0.107231140136719 -0.0223770141601562 -0.0153694152832031 0.062042236328125
0.11279296875 0.032684326171875 -0.0605697631835938 0.03570556640625
0.0635299682617187 0.113983154296875 -0.0773468017578125 -0.046722412109375
-0.01171875 0.168060302734375 -0.0188751220703125 -0.0492362976074219
-0.082427978515625 0.17144775390625 -0.0196971893310547 0.0237770080566406
-0.1346435546875 0.115150451660156 0.0941619873046875 0.138824462890625
-0.0755157470703125 0.15435791015625 0.05804443359375 0.178756713867187
0.00344085693359376 0.137435913085937 0.102363586425781 0.139076232910156
0.0828781127929688 0.107460021972656 0.147308349609375 0.0819091796875
0.113662719726563 0.0358352661132813 0.135421752929688 0.0029449462890625
0.116073608398438 -0.0508270263671875 0.106758117675781 -0.0572280883789063
0.0835952758789063 -0.0904464721679688 0.0664863586425781 -0.0450210571289063
0.0745773315429688 -0.0771331787109375 0.0459747314453125 -0.0130691528320313
0.081146240234375 -0.0871047973632813 0.0424461364746094 0.0279502868652344
0.103683471679687 -0.0672531127929688 0.0261688232421875 0.0575523376464844
0.116355895996094 -0.00852203369140625 -0.0198745727539062 0.0724411010742188
0.109291076660156 0.0480575561523437 -0.0553131103515625 0.047821044921875
0.0459365844726562 0.116180419921875 -0.0687332153320313 -0.0178413391113281
-0.03466796875 0.150894165039063 -0.0199356079101563 0.00165367126464845
-0.102859497070313 0.142959594726563 -0.048828125 0.0718002319335938
-0.142135620117188 0.0572967529296875 0.0341033935546875 0.180252075195313
-0.114410400390625 0.112937927246094 0.0094757080078125 0.2191162109375
-0.0392913818359375 0.132102966308594 0.076171875 0.16375732421875
0.0494155883789062 0.129409790039063 0.114097595214844 0.0976409912109375
0.105209350585938 0.0669174194335938 0.0988922119140625 0.0218658447265625
0.133705139160156 -0.0240097045898437 0.0733795166015625 -0.0234298706054688
0.1043701171875 -0.0767364501953125 0.0378532409667969 -0.00223922729492188
0.0895919799804688 -0.0686187744140625 0.0238971710205078 0.0272712707519531
0.0979843139648438 -0.0782623291015625 0.0211181640625 0.0597419738769531
0.116165161132813 -0.0546875 0.00546264648437501 0.0763778686523438
0.117881774902344 0.00634765625 -0.0322036743164062 0.0794601440429688
0.0999679565429688 0.0641021728515625 -0.0550003051757812 0.05035400390625
0.0210418701171875 0.117576599121094 -0.05792236328125 -0.000694274902343745
-0.0658645629882812 0.125938415527344 -0.0221481323242188 0.0382308959960938
-0.12353515625 0.0975189208984375 -0.0812606811523438 0.105110168457031
-0.11761474609375 -0.0125274658203125 -0.0189971923828125 0.192169189453125
-0.120101928710938 0.0438766479492187 -0.0322418212890625 0.231796264648437
-0.0709381103515625 0.0849761962890625 0.052001953125 0.169540405273438
0.00286102294921876 0.11529541015625 0.082550048828125 0.0946197509765625
0.070343017578125 0.08074951171875 0.0600967407226563 0.0243911743164063
0.121078491210937 0.00774383544921875 0.0330600738525391 0.00107002258300781
0.105979919433594 -0.0502243041992188 0.00434303283691407 0.033660888671875
0.0894927978515625 -0.0499725341796875 -0.001129150390625 0.06353759765625
0.0994873046875 -0.0604629516601563 -0.00270080566406249 0.09027099609375
0.116523742675781 -0.0382156372070312 -0.0219879150390625 0.0940322875976562
0.111923217773438 0.0212936401367188 -0.0517730712890625 0.0832977294921875
0.0848541259765625 0.0769577026367188 -0.0647773742675781 0.04620361328125
-0.0063323974609375 0.116950988769531 -0.0549545288085938 0.00653076171875002
-0.0943069458007813 0.0949935913085937 -0.0351753234863281 0.0589408874511719
-0.137672424316406 0.042572021484375 -0.117851257324219 0.120567321777344
-0.0715103149414063 -0.0782394409179688 -0.0478973388671875 0.17913818359375
-0.0956878662109375 -0.0326995849609375 -0.0507354736328125 0.220077514648438
-0.0787353515625 0.017578125 0.042999267578125 0.158004760742188
-0.0414276123046875 0.0725860595703125 0.0627365112304688 0.07696533203125
0.0214920043945312 0.0758209228515625 0.0317554473876953 0.0143566131591797
0.0848846435546875 0.0354461669921875 -0.0049905776977539 0.0134992599487305
0.0906829833984375 -0.0157470703125 -0.0281143188476562 0.0577278137207031
0.0771026611328125 -0.0236892700195313 -0.0263442993164063 0.0911026000976563
0.0885696411132812 -0.033111572265625 -0.0301284790039063 0.115287780761719
0.1024169921875 -0.0157470703125 -0.0526809692382812 0.109756469726563
0.0924072265625 0.0328216552734375 -0.0773162841796875 0.0852584838867188
0.0638580322265625 0.0805587768554688 -0.0819473266601563 0.0406341552734375
-0.0296707153320313 0.103866577148437 -0.0636863708496094 0.00541305541992189
-0.112289428710938 0.0548095703125 -0.0598869323730469 0.0648155212402344
-0.134300231933594 -0.0186920166015625 -0.157257080078125 0.114730834960938
0.0806503295898438 0.07818603515625 0.16650390625 -0.11126708984375
0.118705749511719 -0.0259170532226563 0.0907821655273438 -0.0479354858398438
0.0337905883789063 -0.0880966186523438 0.0779647827148438 -0.000755310058593755
-0.0335540771484375 -0.0743408203125 0.119987487792969 -0.02655029296875
-0.0624732971191406 -0.03515625 0.118019104003906 -0.0838546752929687
-0.0849685668945313 0.00611114501953124 0.0795974731445313 -0.131187438964844
-0.0668983459472656 0.01580810546875 0.0485992431640625 -0.1439208984375
-0.0603904724121094 0.00461959838867188 0.0411834716796875 -0.11224365234375
-0.0784149169921875 -0.015533447265625 0.0464706420898437 -0.0700912475585937
-0.0459442138671875 -0.0595474243164062 0.0345420837402344 -0.0282173156738281
0.0170745849609375 -0.0776214599609375 -0.0178928375244141 -0.00608444213867188
0.0652809143066406 -0.0476837158203125 -0.05120849609375 -0.0505218505859375
0.0953292846679688 0.0377120971679688 -0.029998779296875 -0.156036376953125
0.0785675048828125 0.109085083007813 0.03594970703125 -0.2076416015625
0.02752685546875 0.131889343261719 0.0591583251953125 -0.149139404296875
0.0296478271484375 0.130332946777344 0.19073486328125 -0.0689544677734375
0.099151611328125 0.0452117919921875 0.11376953125 -0.0146636962890625
0.0544815063476563 -0.0336723327636719 0.0999526977539063 0.0193328857421875
0.0131797790527344 -0.0449485778808594 0.147598266601563 -0.0102386474609375
-0.0137062072753906 -0.0369911193847656 0.145736694335938 -0.077484130859375
-0.0406074523925781 -0.027587890625 0.105888366699219 -0.138191223144531
-0.034942626953125 -0.0275516510009766 0.0716400146484375 -0.149383544921875
-0.0258312225341797 -0.0303840637207031 0.0574417114257813 -0.114219665527344
-0.0351142883300781 -0.0503921508789063 0.0625381469726563 -0.0641937255859375
0.00456237792968749 -0.0722732543945313 0.0498504638671875 -0.0146980285644531
0.0620841979980469 -0.0599784851074219 -0.0102319717407227 0.0162887573242187
0.0958023071289062 -0.0110931396484375 -0.0544853210449219 -0.0188751220703125
0.0889968872070313 0.085723876953125 -0.0554656982421875 -0.123855590820313
0.0435638427734375 0.159271240234375 0.012115478515625 -0.167007446289063
-0.01629638671875 0.176071166992187 0.0437698364257813 -0.0998916625976562
-0.0346832275390625 0.163726806640625 0.19342041015625 -0.00590515136718749
0.0555419921875 0.116539001464844 0.123100280761719 0.0408706665039063
0.0622940063476563 0.0374946594238281 0.118377685546875 0.0525665283203125
0.0618934631347656 0.00180435180664062 0.169158935546875 0.0152587890625
0.0445098876953125 -0.0269508361816406 0.164337158203125 -0.0606231689453125
0.0166473388671875 -0.0555648803710938 0.123947143554687 -0.129867553710938
0.00589370727539063 -0.0667533874511719 0.083404541015625 -0.135581970214844
0.0130767822265625 -0.0613822937011719 0.0641860961914063 -0.097869873046875
0.0112991333007812 -0.0783462524414063 0.0664710998535156 -0.0454025268554688
0.0485610961914063 -0.0804672241210938 0.0533256530761719 0.00355148315429687
0.0945510864257813 -0.0443801879882813 -0.00750732421874999 0.0378761291503906
0.1158447265625 0.0128555297851562 -0.0563774108886719 0.0114517211914062
0.0846633911132813 0.111618041992188 -0.0737457275390625 -0.0841293334960938
0.0196990966796875 0.18438720703125 -0.00913238525390624 -0.112617492675781
-0.0503692626953125 0.196578979492188 0.018096923828125 -0.0403861999511719
-0.098541259765625 0.167755126953125 0.166336059570313 0.0688629150390625
-0.00810241699218752 0.16650390625 0.110519409179688 0.111587524414063
0.046905517578125 0.109336853027344 0.12384033203125 0.09539794921875
0.0959854125976563 0.0611724853515625 0.174652099609375 0.0477752685546875
0.0977020263671875 -0.0016632080078125 0.164688110351563 -0.0339202880859375
0.0764617919921875 -0.0687255859375 0.126113891601563 -0.105361938476563
0.048675537109375 -0.094940185546875 0.0831375122070313 -0.101760864257813
0.0499038696289063 -0.0817413330078125 0.0600662231445313 -0.0643959045410156
0.052886962890625 -0.0960540771484375 0.0604286193847656 -0.0165824890136719
0.0848846435546875 -0.08349609375 0.0468177795410156 0.0257644653320312
0.116058349609375 -0.0307388305664063 -0.00816726684570312 0.05633544921875
0.124900817871094 0.0303268432617188 -0.0531692504882813 0.0353736877441406
0.075775146484375 0.12115478515625 -0.0762557983398438 -0.045928955078125
-0.00189208984375001 0.18609619140625 -0.0160636901855469 -0.054351806640625
-0.078460693359375 0.192520141601563 -0.0101051330566406 0.0209751129150391
-0.1434326171875 0.13604736328125 0.113334655761719 0.138450622558594
-0.076080322265625 0.174636840820313 0.072784423828125 0.180313110351563
0.00875854492187499 0.154037475585937 0.111167907714844 0.138221740722656
0.0966873168945313 0.115730285644531 0.157699584960938 0.0794219970703125
0.127677917480469 0.0346603393554688 0.142562866210938 -0.0045318603515625
0.123863220214844 -0.0622482299804688 0.109283447265625 -0.068634033203125
0.0856781005859375 -0.103263854980469 0.0674552917480469 -0.0562934875488281
0.0777816772460937 -0.0898895263671875 0.0457878112792969 -0.0216598510742188
0.0848236083984375 -0.10205078125 0.0442771911621094 0.0196609497070312
0.109832763671875 -0.0809173583984375 0.0304450988769531 0.049407958984375
0.128997802734375 -0.0161590576171875 -0.0143547058105469 0.0693931579589844
0.1248779296875 0.0473403930664063 -0.0500717163085938 0.0469245910644531
0.05706787109375 0.126678466796875 -0.0658607482910156 -0.0175323486328125
-0.0299072265625 0.171234130859375 -0.0143165588378906 -0.000962257385253895
-0.104202270507812 0.165740966796875 -0.0401458740234375 0.0759658813476563
-0.156875610351563 0.076324462890625 0.0496063232421875 0.186508178710937
-0.121818542480469 0.136146545410156 0.02337646484375 0.227310180664062
-0.0390167236328125 0.151824951171875 0.0855255126953125 0.165786743164063
0.06500244140625 0.142822265625 0.123344421386719 0.0970993041992188
0.121795654296875 0.0676422119140625 0.103477478027344 0.0164947509765625
0.14459228515625 -0.0377044677734375 0.0734024047851563 -0.0300064086914063
0.107872009277344 -0.0932235717773438 0.0390586853027344 -0.00676727294921876
0.092376708984375 -0.0837783813476563 0.0245571136474609 0.0237483978271484
0.102302551269531 -0.0960693359375 0.0228424072265625 0.056488037109375
0.124122619628906 -0.0713882446289062 0.00717926025390626 0.072906494140625
0.1328125 -0.0012359619140625 -0.0292739868164062 0.0774002075195313
0.117851257324219 0.063568115234375 -0.0525054931640625 0.0492973327636719
0.0311965942382812 0.131484985351563 -0.0555648803710938 -0.00173568725585937
-0.0635833740234375 0.149063110351563 -0.0155296325683594 0.0380363464355469
-0.130264282226563 0.120765686035156 -0.0750503540039063 0.115127563476563
-0.135459899902344 0.000701904296875007 -0.0072784423828125 0.206253051757813
-0.132621765136719 0.0629196166992188 -0.0213775634765625 0.245208740234375
-0.07464599609375 0.104339599609375 0.0599517822265625 0.172607421875
0.0143203735351563 0.131317138671875 0.0880203247070312 0.0959014892578125
0.086090087890625 0.0839614868164063 0.0613059997558594 0.0238380432128906
0.133743286132813 -0.00501251220703125 0.0318183898925781 0.000562667846679687
0.111640930175781 -0.0659713745117187 0.00558853149414063 0.0358734130859375
0.0935745239257813 -0.064453125 0.0010223388671875 0.0666847229003906
0.104652404785156 -0.0780258178710938 -0.00129699707031248 0.0930023193359375
0.125411987304688 -0.0540237426757813 -0.02215576171875 0.0963516235351563
0.125900268554688 0.0131912231445312 -0.0524978637695313 0.08392333984375
0.103096008300781 0.0771408081054688 -0.0637283325195313 0.0465850830078125
0.00305938720703126 0.131057739257813 -0.0536460876464844 0.00493240356445313
-0.0967254638671875 0.117332458496094 -0.0284805297851563 0.0635871887207031
-0.147872924804688 0.062255859375 -0.116500854492188 0.1353759765625
-0.0910110473632813 -0.0746078491210938 -0.0420989990234375 0.195953369140625
-0.111297607421875 -0.0208587646484375 -0.041412353515625 0.234207153320313
-0.0879745483398438 0.032196044921875 0.0493927001953125 0.160797119140625
-0.0357589721679688 0.0882492065429688 0.0636978149414063 0.0784225463867188
0.0353546142578125 0.0811004638671875 0.0277996063232422 0.0160655975341797
0.0982894897460938 0.0266571044921875 -0.00787925720214843 0.0178508758544922
0.0970077514648438 -0.0290374755859375 -0.0271530151367187 0.0663871765136719
0.0810623168945313 -0.0364456176757813 -0.0233535766601562 0.100112915039063
0.092437744140625 -0.048065185546875 -0.0273895263671875 0.123275756835938
0.109443664550781 -0.0294113159179687 -0.0545730590820312 0.116188049316406
0.104904174804688 0.0250320434570313 -0.079986572265625 0.0909576416015625
0.078887939453125 0.0801239013671875 -0.0832901000976563 0.0426254272460937
-0.0224609375 0.116775512695313 -0.0625877380371094 0.00642776489257814
-0.117202758789063 0.0736846923828125 -0.0542373657226562 0.0747222900390625
-0.147857666015625 -0.00335693359375001 -0.160354614257813 0.1331787109375
0.0934066772460938 0.0709609985351563 0.167938232421875 -0.137405395507813
0.118675231933594 -0.0434722900390625 0.0858917236328125 -0.0615768432617188
0.0232086181640625 -0.096405029296875 0.0778350830078125 -0.00411224365234376
-0.045196533203125 -0.073638916015625 0.125190734863281 -0.0338058471679688
-0.0701751708984375 -0.0288505554199219 0.123130798339844 -0.0966873168945313
-0.0875473022460938 0.0204544067382813 0.078704833984375 -0.1461181640625
-0.0668220520019531 0.0263938903808594 0.0415496826171875 -0.160247802734375
-0.0603752136230469 0.0141181945800781 0.0344772338867188 -0.126373291015625
-0.0830841064453125 -0.00267028808593752 0.0420379638671875 -0.084503173828125
-0.0574798583984375 -0.0532569885253906 0.0367469787597656 -0.0400047302246094
0.00490570068359375 -0.0837020874023438 -0.0122356414794922 -0.0109357833862305
0.0610771179199219 -0.0592842102050781 -0.0494956970214844 -0.0516548156738281
0.105827331542969 0.0254058837890625 -0.037750244140625 -0.158798217773438
0.100143432617188 0.101707458496094 0.023529052734375 -0.222747802734375
0.0493621826171875 0.133712768554688 0.0565032958984375 -0.169418334960938
0.04150390625 0.133705139160156 0.19927978515625 -0.0944976806640625
0.106658935546875 0.0358657836914063 0.114364624023438 -0.0319290161132813
0.0501022338867188 -0.0389480590820313 0.101943969726563 0.0155792236328125
0.0088043212890625 -0.0461692810058594 0.155059814453125 -0.01904296875
-0.017425537109375 -0.0334281921386719 0.150497436523438 -0.092559814453125
-0.0430564880371094 -0.0202102661132813 0.103668212890625 -0.157440185546875
-0.0347309112548828 -0.0233497619628906 0.06292724609375 -0.169143676757813
-0.0273704528808594 -0.0277652740478516 0.0503463745117187 -0.132064819335938
-0.0394477844238281 -0.0450973510742188 0.0597076416015625 -0.0819549560546875
-0.00281524658203125 -0.0727996826171875 0.0533294677734375 -0.0298919677734375
0.0577278137207031 -0.0690574645996094 -0.00301074981689453 0.00914192199707031
0.09771728515625 -0.0222549438476563 -0.049835205078125 -0.0196113586425781
0.103363037109375 0.0798873901367188 -0.0612945556640625 -0.124542236328125
0.0644378662109375 0.162582397460938 0.00312805175781249 -0.178848266601563
0.003143310546875 0.187240600585938 0.0450592041015625 -0.115730285644531
-0.0255584716796875 0.17694091796875 0.206634521484375 -0.0308380126953125
0.0666427612304688 0.118019104003906 0.129783630371094 0.0259857177734375
0.06463623046875 0.0385322570800781 0.124191284179687 0.0455780029296875
0.0655937194824219 0.0013427734375 0.1810302734375 0.004425048828125
0.0466423034667969 -0.028717041015625 0.170516967773438 -0.07733154296875
0.0151901245117187 -0.0569496154785156 0.121307373046875 -0.150802612304688
0.00383758544921875 -0.07086181640625 0.075225830078125 -0.156585693359375
0.0113945007324219 -0.0665855407714844 0.0568389892578125 -0.114883422851563
0.00618743896484375 -0.0826644897460938 0.0639877319335938 -0.0640220642089844
0.0453338623046875 -0.0876312255859375 0.0567054748535156 -0.011322021484375
0.097625732421875 -0.055633544921875 0.000793457031250009 0.0310268402099609
0.1239013671875 0.00342559814453125 -0.049346923828125 0.00998306274414063
0.100959777832031 0.110916137695313 -0.0766983032226562 -0.0826644897460938
0.039947509765625 0.195907592773438 -0.0132980346679688 -0.121055603027344
-0.0338287353515625 0.215255737304687 0.0236587524414062 -0.0521278381347656
-0.09417724609375 0.190643310546875 0.185806274414063 0.0517425537109375
0.00317382812500001 0.181732177734375 0.123481750488281 0.101387023925781
0.056915283203125 0.117218017578125 0.133903503417969 0.090362548828125
0.108367919921875 0.0618972778320313 0.187210083007813 0.0371551513671875
0.107925415039062 -0.00775909423828125 0.171157836914063 -0.0504150390625
0.0780868530273438 -0.0795135498046875 0.124420166015625 -0.125625610351563
0.0462188720703125 -0.105758666992188 0.0780029296875 -0.119659423828125
0.0484695434570313 -0.0936813354492188 0.0549087524414063 -0.0796356201171875
0.0508880615234375 -0.107933044433594 0.0583305358886719 -0.0301322937011719
0.08477783203125 -0.0986099243164063 0.0499076843261719 0.0122795104980469
0.124320983886719 -0.0436630249023437 -0.000885009765624998 0.0484962463378906
0.138671875 0.022735595703125 -0.0461044311523438 0.0340766906738281
0.0928802490234375 0.126388549804688 -0.0764236450195313 -0.0452804565429688
0.0155029296875 0.202728271484375 -0.0157356262207031 -0.0603904724121094
-0.066436767578125 0.216552734375 -0.000963211059570316 0.0176372528076172
-0.146621704101563 0.164382934570312 0.13641357421875 0.131950378417969
-0.0675048828125 0.1998291015625 0.0899200439453125 0.176681518554687
0.0206756591796875 0.170013427734375 0.1234130859375 0.135604858398437
0.11663818359375 0.119522094726563 0.169464111328125 0.07208251953125
0.143585205078125 0.0274810791015625 0.149093627929688 -0.0158538818359375
0.128349304199219 -0.07733154296875 0.106819152832031 -0.08441162109375
0.0839920043945313 -0.121040344238281 0.0635185241699219 -0.0685615539550781
0.0777435302734375 -0.105857849121094 0.0422439575195313 -0.031280517578125
0.0818328857421875 -0.121231079101563 0.0440330505371094 0.00943374633789062
0.113487243652344 -0.100418090820313 0.0325126647949219 0.0405387878417969
0.140457153320313 -0.0307464599609375 -0.00931549072265624 0.0643539428710938
0.143203735351563 0.0402679443359375 -0.0444259643554687 0.0450820922851563
0.0745010375976563 0.135139465332031 -0.0651817321777344 -0.0178909301757813
-0.015869140625 0.193008422851562 -0.0102472305297852 -0.00430870056152342
-0.0977630615234375 0.192520141601563 -0.0301437377929688 0.078948974609375
-0.165802001953125 0.103652954101563 0.072296142578125 0.1917724609375
-0.120361328125 0.16552734375 0.042999267578125 0.23406982421875
-0.0297698974609375 0.172698974609375 0.098114013671875 0.166000366210937
0.0862579345703125 0.152877807617188 0.136749267578125 0.0943603515625
0.142044067382813 0.0609130859375 0.108749389648438 0.0103378295898438
0.152587890625 -0.055999755859375 0.0729904174804688 -0.0389633178710937
0.106765747070312 -0.112983703613281 0.0384750366210938 -0.0124320983886719
0.0923080444335938 -0.102127075195313 0.0246715545654297 0.0213680267333984
0.10113525390625 -0.118453979492188 0.0253257751464844 0.0543632507324219
0.127464294433594 -0.093292236328125 0.00928497314453126 0.0700607299804687
0.146621704101563 -0.0164947509765625 -0.02728271484375 0.0779342651367188
0.137237548828125 0.0580368041992188 -0.0490188598632812 0.04742431640625
0.048065185546875 0.143753051757813 -0.0562362670898438 -0.00304794311523438
-0.055511474609375 0.173782348632813 -0.00669097900390625 0.0370025634765625
-0.129104614257812 0.1475830078125 -0.065460205078125 0.1256103515625
-0.149444580078125 0.01898193359375 0.010467529296875 0.219497680664062
-0.14080810546875 0.089019775390625 -0.00334167480468751 0.256927490234375
-0.0722885131835938 0.126655578613281 0.0718994140625 0.174423217773438
0.03173828125 0.144561767578125 0.0961151123046875 0.09521484375
0.10699462890625 0.0820999145507813 0.0635871887207031 0.0236396789550781
0.1451416015625 -0.022125244140625 0.0306472778320313 0.000329971313476561
0.111915588378906 -0.08697509765625 0.00665664672851564 0.0385551452636719
0.0950164794921875 -0.0823898315429688 0.00470352172851563 0.0699119567871094
0.103981018066406 -0.0997467041015625 0.00230407714843752 0.0972900390625
0.129508972167969 -0.0753555297851563 -0.020904541015625 0.0990753173828125
0.140357971191406 -0.0007171630859375 -0.0524444580078125 0.088165283203125
0.122627258300781 0.0718460083007813 -0.0636100769042968 0.0479774475097656
0.0191192626953125 0.143829345703125 -0.0524444580078125 0.00373077392578126
-0.0915679931640625 0.142684936523438 -0.0201683044433594 0.0672721862792969
-0.154388427734375 0.0884246826171875 -0.10943603515625 0.15252685546875
-0.110153198242188 -0.0661468505859375 -0.030426025390625 0.215301513671875
-0.124786376953125 -0.00429534912109375 -0.0274505615234375 0.250808715820313
-0.0933990478515625 0.0499725341796875 0.0595245361328125 0.162689208984375
-0.025421142578125 0.103919982910156 0.0675430297851563 0.0787734985351563
0.0514907836914063 0.0820770263671875 0.0259990692138672 0.0191402435302734
0.110504150390625 0.0133132934570313 -0.0102443695068359 0.0232868194580078
0.0988311767578125 -0.0463104248046875 -0.0231857299804687 0.0745162963867188
0.082305908203125 -0.0501022338867188 -0.0160446166992187 0.10980224609375
0.0922088623046875 -0.066253662109375 -0.021636962890625 0.134994506835937
0.113250732421875 -0.048065185546875 -0.0512313842773438 0.125312805175781
0.119415283203125 0.0125961303710938 -0.0809860229492187 0.0993576049804687
0.0950164794921875 0.0754241943359375 -0.0867996215820312 0.0465927124023438
-0.00947570800781251 0.128410339355469 -0.0635833740234375 0.00580596923828127
-0.115913391113281 0.0965576171875 -0.0471038818359375 0.083343505859375
-0.159500122070313 0.0184478759765625 -0.159286499023438 0.159378051757813
0.102226257324219 0.0598297119140625 0.158309936523438 -0.162155151367188
0.113426208496094 -0.0619735717773437 0.07745361328125 -0.0740814208984375
0.00856781005859374 -0.102043151855469 0.0782470703125 -0.00775146484375001
-0.0586662292480469 -0.0676383972167969 0.12664794921875 -0.0443191528320313
-0.0759124755859375 -0.0165863037109375 0.119430541992188 -0.110824584960938
-0.085845947265625 0.0354080200195312 0.0706024169921875 -0.16033935546875
-0.0633926391601563 0.0387840270996094 0.026824951171875 -0.173538208007813
-0.0592613220214844 0.0228614807128906 0.0222625732421875 -0.139823913574219
-0.0837631225585938 0.0126953125 0.0334930419921875 -0.09881591796875
-0.0656509399414063 -0.043365478515625 0.0343284606933594 -0.0518455505371094
-0.0120086669921875 -0.0835418701171875 -0.0108737945556641 -0.0178050994873047
0.0505828857421875 -0.0690460205078125 -0.0494613647460937 -0.0521774291992188
0.113182067871094 0.007080078125 -0.048583984375 -0.158172607421875
0.117195129394531 0.0873870849609375 0.00700378417968749 -0.231201171875
0.0689620971679687 0.128463745117188 0.04351806640625 -0.18731689453125
0.056610107421875 0.131698608398438 0.193695068359375 -0.125778198242188
0.107215881347656 0.0241317749023438 0.10784912109375 -0.0483474731445312
0.0441360473632813 -0.0412712097167969 0.1031494140625 0.0077362060546875
0.00172805786132813 -0.0438652038574219 0.1568603515625 -0.0320281982421875
-0.0197677612304688 -0.0290775299072266 0.148284912109375 -0.111099243164063
-0.0430831909179688 -0.0119590759277344 0.093902587890625 -0.176040649414063
-0.0336532592773437 -0.0181903839111328 0.04498291015625 -0.185531616210938
-0.0268974304199219 -0.0267143249511719 0.0326690673828125 -0.146896362304688
-0.04364013671875 -0.0375709533691406 0.0485382080078125 -0.0977783203125
-0.0131263732910156 -0.0697097778320313 0.0524673461914062 -0.045166015625
0.0488204956054688 -0.0760879516601563 0.00238990783691407 0.00160908699035644
0.0964431762695312 -0.033966064453125 -0.0436782836914062 -0.02117919921875
0.113845825195312 0.0686492919921875 -0.0690460205078125 -0.120384216308594
0.0865478515625 0.156478881835938 -0.012451171875 -0.186492919921875
0.0258331298828125 0.191131591796875 0.0407028198242188 -0.131828308105469
-0.0107574462890625 0.187393188476563 0.21099853515625 -0.061614990234375
0.0768280029296875 0.115310668945313 0.129814147949219 0.00762176513671876
0.0684356689453125 0.0370445251464844 0.127143859863281 0.0369186401367188
0.0692634582519531 -0.000850677490234375 0.18487548828125 -0.0125579833984375
0.0473136901855469 -0.0325584411621094 0.169662475585938 -0.0972442626953125
0.0121231079101563 -0.0584526062011719 0.109146118164063 -0.1722412109375
0.000885009765624999 -0.0746002197265625 0.0600738525390625 -0.173370361328125
0.00822448730468749 -0.0721511840820313 0.0409927368164062 -0.129997253417969
0.00130462646484374 -0.0850677490234375 0.0545425415039063 -0.0796737670898437
0.0397109985351563 -0.0950927734375 0.0543479919433594 -0.0266532897949219
0.09454345703125 -0.06591796875 0.00813674926757813 0.0207271575927734
0.131263732910156 -0.00823211669921875 -0.042388916015625 0.00657653808593749
0.1165771484375 0.10528564453125 -0.0814361572265625 -0.0788803100585938
0.0635528564453125 0.198501586914062 -0.0208206176757812 -0.127754211425781
-0.00903320312499998 0.226776123046875 0.0242767333984375 -0.059906005859375
-0.0809173583984375 0.210220336914063 0.199325561523438 0.0269012451171875
0.0189361572265625 0.18939208984375 0.130897521972656 0.0844802856445313
0.0700607299804688 0.122932434082031 0.140213012695313 0.07891845703125
0.119766235351563 0.0558090209960938 0.192794799804688 0.02447509765625
0.112586975097656 -0.0173721313476562 0.171218872070313 -0.0680084228515625
0.0746841430664063 -0.0881118774414063 0.114028930664063 -0.143905639648438
0.0396652221679688 -0.11383056640625 0.0678939819335937 -0.138504028320313
0.0425567626953125 -0.104301452636719 0.0439834594726562 -0.090972900390625
0.0453948974609375 -0.117721557617188 0.0523605346679688 -0.0437126159667969
0.0803298950195313 -0.112098693847656 0.0488739013671875 0.000389099121093743
0.127220153808594 -0.0594558715820313 0.00473403930664063 0.0406150817871094
0.148330688476563 0.007904052734375 -0.03948974609375 0.0305900573730469
0.112403869628906 0.12493896484375 -0.0764999389648438 -0.0432662963867188
0.0413970947265625 0.21234130859375 -0.0166206359863281 -0.0667686462402344
-0.04595947265625 0.23406982421875 0.00540542602539062 0.00938034057617189
-0.13751220703125 0.189056396484375 0.154190063476563 0.115264892578125
-0.0525665283203125 0.220123291015625 0.106521606445313 0.166061401367188
0.03985595703125 0.183013916015625 0.134613037109375 0.125755310058594
0.138191223144531 0.117301940917969 0.1812744140625 0.057647705078125
0.155517578125 0.013519287109375 0.151168823242188 -0.03228759765625
0.126655578613281 -0.097564697265625 0.100776672363281 -0.097503662109375
0.0743255615234375 -0.134956359863281 0.0573501586914063 -0.0792388916015625
0.0690460205078125 -0.123588562011719 0.0371055603027344 -0.0392112731933594
0.0739517211914062 -0.138885498046875 0.0417747497558594 0.00189208984374999
0.10858154296875 -0.118705749511719 0.0307979583740234 0.0297069549560547
0.147811889648438 -0.048370361328125 -0.00518798828124999 0.0588493347167969
0.157470703125 0.0256195068359375 -0.0419807434082031 0.0442962646484375
0.0951461791992187 0.13818359375 -0.0649490356445313 -0.0175247192382812
0.00576782226562498 0.21099853515625 -0.00699043273925781 -0.0114936828613281
-0.08154296875 0.216827392578125 -0.0174789428710938 0.0789642333984375
-0.168655395507813 0.131362915039063 0.0943145751953125 0.18719482421875
-0.11041259765625 0.188858032226563 0.066131591796875 0.22894287109375
-0.0137176513671875 0.190109252929688 0.113052368164063 0.15802001953125
0.112640380859375 0.15374755859375 0.146957397460938 0.0858154296875
0.15899658203125 0.0487518310546875 0.110206604003906 0.000556945800781253
0.154617309570313 -0.077880859375 0.0688934326171875 -0.0439529418945313
0.0985946655273438 -0.132392883300781 0.037628173828125 -0.0195503234863281
0.0866851806640625 -0.120475769042969 0.0265026092529297 0.0194015502929687
0.0894241333007813 -0.140151977539063 0.0251312255859375 0.0505599975585938
0.123184204101563 -0.115928649902344 0.01171875 0.0657691955566406
0.156356811523438 -0.0375823974609375 -0.023468017578125 0.0760650634765625
0.1546630859375 0.04351806640625 -0.0472908020019531 0.0476646423339844
0.070098876953125 0.151229858398438 -0.0526046752929687 -0.00749969482421873
-0.03485107421875 0.19549560546875 -0.000213623046875005 0.0342788696289063
-0.118316650390625 0.174896240234375 -0.0516281127929688 0.133384704589844
-0.160018920898438 0.0447998046875 0.0337066650390625 0.225433349609375
-0.135536193847656 0.114273071289063 0.021148681640625 0.264511108398438
-0.0627593994140625 0.148208618164063 0.08642578125 0.168167114257813
0.0552215576171875 0.151596069335937 0.104652404785156 0.0896148681640625
0.124557495117188 0.0732498168945312 0.0635261535644531 0.0212974548339844
0.149124145507812 -0.044952392578125 0.0286979675292969 -0.00109481811523438
0.105712890625 -0.106704711914063 0.0123481750488281 0.0403480529785156
0.0895767211914063 -0.101341247558594 0.00848388671875001 0.0731735229492188
0.0961837768554687 -0.119850158691406 0.0098876953125 0.100601196289063
0.126556396484375 -0.100303649902344 -0.0149459838867187 0.102432250976563
0.149002075195313 -0.0182647705078125 -0.0516510009765625 0.090911865234375
0.135917663574219 0.0602188110351563 -0.0620269775390625 0.050445556640625
0.0391082763671875 0.149398803710938 -0.0506820678710938 0.00239181518554688
-0.0773773193359375 0.165359497070312 -0.0103683471679688 0.0670127868652344
-0.148941040039062 0.115798950195313 -0.0945892333984375 0.165740966796875
-0.124862670898437 -0.0513916015625 -0.011444091796875 0.229156494140625
-0.135406494140625 0.0188980102539062 -0.00633239746093751 0.261764526367188
-0.0905685424804687 0.0706558227539063 0.068145751953125 0.15899658203125
-0.00988769531249999 0.114212036132813 0.0692214965820313 0.0785903930664063
0.0678558349609375 0.077117919921875 0.0249042510986328 0.0206317901611328
0.114433288574219 -0.003692626953125 -0.00686454772949218 0.0303440093994141
0.0954971313476563 -0.0640411376953125 -0.0156402587890625 0.081329345703125
0.0781707763671875 -0.0641403198242188 -0.0076904296875 0.118316650390625
0.0890426635742188 -0.0847854614257813 -0.00996398925781249 0.14239501953125
0.111572265625 -0.0691070556640625 -0.044464111328125 0.135177612304687
0.123703002929688 -0.0049896240234375 -0.0803298950195312 0.110069274902344
0.113677978515625 0.0662841796875 -0.0861434936523437 0.0496063232421875
0.00664520263671876 0.134872436523438 -0.0620574951171875 0.00704956054687502
-0.108924865722656 0.118202209472656 -0.036712646484375 0.087799072265625
-0.16259765625 0.041412353515625 -0.146408081054688 0.182159423828125
0.108108520507813 0.0454940795898438 0.141830444335938 -0.181350708007813
0.101760864257812 -0.0754241943359375 0.0634536743164063 -0.0815353393554688
-0.00426483154296874 -0.100807189941406 0.074676513671875 -0.00921630859375001
-0.0666923522949219 -0.0604743957519531 0.125373840332031 -0.0511016845703125
-0.0789718627929688 -0.00746154785156251 0.114288330078125 -0.122169494628906
-0.077667236328125 0.0466537475585938 0.060211181640625 -0.1695556640625
-0.0550880432128906 0.0451240539550781 0.0106353759765625 -0.178665161132813
-0.0535697937011719 0.030517578125 0.00599670410156251 -0.14459228515625
-0.07891845703125 0.0237884521484375 0.021209716796875 -0.105934143066406
-0.0708694458007813 -0.0320587158203125 0.028167724609375 -0.0638618469238281
-0.0216903686523438 -0.0813217163085938 -0.00760078430175781 -0.0240993499755859
0.0409088134765625 -0.07476806640625 -0.0463294982910156 -0.051300048828125
0.111824035644531 -0.0072021484375 -0.055206298828125 -0.153762817382813
0.126762390136719 0.0698623657226562 -0.0106201171875 -0.231704711914063
0.083740234375 0.116081237792969 0.0299072265625 -0.196044921875
0.0664138793945313 0.125663757324219 0.18170166015625 -0.146865844726563
0.104988098144531 0.0128860473632813 0.0969314575195313 -0.0585784912109375
0.0380363464355469 -0.0431785583496094 0.100051879882813 0.002655029296875
-0.00264358520507812 -0.0418815612792969 0.1563720703125 -0.0425872802734375
-0.0225658416748047 -0.0252838134765625 0.141387939453125 -0.12432861328125
-0.0396766662597656 -0.00477600097656251 0.080230712890625 -0.185867309570312
-0.0332221984863281 -0.0147991180419922 0.0268096923828125 -0.193267822265625
-0.0266227722167969 -0.0232048034667969 0.0175628662109375 -0.153854370117188
-0.042694091796875 -0.0332756042480469 0.0340652465820313 -0.108596801757813
-0.0179939270019531 -0.0666999816894531 0.0446128845214844 -0.0594215393066406
0.0397796630859375 -0.0772171020507813 0.00524616241455078 -0.00904560089111329
0.0908050537109375 -0.0421524047851563 -0.0401420593261719 -0.0243377685546875
0.119720458984375 0.0546798706054687 -0.0710830688476562 -0.116722106933594
0.103225708007813 0.14495849609375 -0.0228424072265625 -0.18719482421875
0.046722412109375 0.184600830078125 0.031707763671875 -0.142593383789063
0.00578308105468748 0.1907958984375 0.204345703125 -0.0852508544921875
0.0843582153320313 0.110198974609375 0.123786926269531 -0.00750732421874999
0.0698051452636719 0.0361480712890625 0.125747680664063 0.0279083251953125
0.06964111328125 -0.00617599487304687 0.183883666992188 -0.0242919921875
0.0474205017089844 -0.0339508056640625 0.160629272460938 -0.111099243164063
0.0110702514648438 -0.0569686889648438 0.0944061279296875 -0.18109130859375
-0.00450134277343751 -0.0734329223632813 0.0406494140625 -0.18341064453125
0.00342559814453125 -0.0734786987304688 0.025177001953125 -0.138076782226563
-0.00457000732421874 -0.0862655639648438 0.0405349731445313 -0.0907974243164063
0.030914306640625 -0.0989761352539062 0.0488128662109375 -0.0421104431152344
0.08843994140625 -0.0750045776367188 0.00878047943115235 0.00939178466796874
0.128318786621094 -0.0211944580078125 -0.0377693176269531 0.00269699096679688
0.125556945800781 0.0950164794921875 -0.0800018310546875 -0.075958251953125
0.0842437744140625 0.192840576171875 -0.0287322998046875 -0.129562377929688
0.0117645263671875 0.228439331054688 0.0237579345703125 -0.0725936889648437
-0.0631256103515625 0.223953247070313 0.199691772460938 0.00195312500000001
0.036468505859375 0.192550659179687 0.134605407714844 0.06793212890625
0.079498291015625 0.121925354003906 0.142135620117188 0.070037841796875
0.128936767578125 0.047637939453125 0.19549560546875 0.00750732421875
0.11566162109375 -0.0255355834960938 0.1649169921875 -0.08197021484375
0.0691757202148438 -0.0958328247070313 0.0989532470703125 -0.153350830078125
0.0301742553710938 -0.121055603027344 0.04913330078125 -0.145492553710938
0.0341873168945313 -0.112510681152344 0.0306549072265625 -0.100044250488281
0.0322189331054687 -0.126823425292969 0.0406303405761719 -0.0557441711425781
0.0699920654296875 -0.121818542480469 0.0434951782226563 -0.0140266418457031
0.123214721679688 -0.0719528198242188 0.00551795959472657 0.0307216644287109
0.15228271484375 -0.0061798095703125 -0.034219741821289 0.0249652862548828
0.124305725097656 0.117286682128906 -0.0771636962890625 -0.041229248046875
0.0612335205078125 0.212631225585938 -0.02020263671875 -0.0705413818359375
-0.0214385986328125 0.2423095703125 0.0116052627563477 0.00285816192626955
-0.12451171875 0.21240234375 0.166900634765625 0.097198486328125
-0.0308380126953125 0.229934692382812 0.1177978515625 0.152252197265625
0.0552215576171875 0.18695068359375 0.138298034667969 0.115150451660156
0.152679443359375 0.10565185546875 0.183212280273437 0.04522705078125
0.162094116210938 -0.0008697509765625 0.146408081054688 -0.043121337890625
0.119483947753906 -0.109764099121094 0.0869216918945313 -0.107627868652344
0.060821533203125 -0.147598266601563 0.04608154296875 -0.0889892578125
0.0594635009765625 -0.134620666503906 0.0294876098632813 -0.0462455749511719
0.060699462890625 -0.1500244140625 0.0353546142578125 -0.00698471069335938
0.0968093872070313 -0.135597229003906 0.0285701751708984 0.0214328765869141
0.14764404296875 -0.066650390625 -0.004730224609375 0.0517387390136719
0.163894653320312 0.0094451904296875 -0.0347328186035156 0.0382232666015625
0.109649658203125 0.133041381835938 -0.0640373229980469 -0.0176620483398438
0.0275421142578125 0.21551513671875 -0.00320625305175781 -0.0149612426757812
-0.0596771240234375 0.229019165039063 -0.0072479248046875 0.0734786987304688
-0.159225463867187 0.156585693359375 0.112838745117187 0.174728393554687
-0.0927886962890625 0.207611083984375 0.082244873046875 0.220855712890625
0.00440979003906249 0.201019287109375 0.1197509765625 0.1483154296875
0.130828857421875 0.145919799804688 0.14923095703125 0.073486328125
0.16839599609375 0.0308837890625 0.107757568359375 -0.00542449951171875
0.14813232421875 -0.097137451171875 0.0610008239746094 -0.0519523620605469
0.0842437744140625 -0.147659301757813 0.0330581665039063 -0.0225143432617188
0.0739212036132812 -0.133934020996094 0.0235023498535156 0.0151805877685547
0.0774383544921875 -0.152557373046875 0.0241127014160156 0.0470199584960937
0.111854553222656 -0.13458251953125 0.00993728637695313 0.0601806640625
0.1558837890625 -0.056121826171875 -0.023223876953125 0.0730819702148438
0.16326904296875 0.02679443359375 -0.0433845520019531 0.0458946228027344
0.08685302734375 0.145126342773438 -0.053741455078125 -0.00609970092773437
-0.01373291015625 0.206192016601562 0.00520706176757813 0.0294075012207031
-0.100616455078125 0.193801879882813 -0.0358657836914063 0.1324462890625
-0.160720825195313 0.0669403076171875 0.054107666015625 0.22052001953125
-0.127235412597656 0.135612487792969 0.0412445068359375 0.258163452148438
-0.047210693359375 0.162612915039063 0.094757080078125 0.16229248046875
0.0746307373046875 0.14794921875 0.107925415039063 0.0836868286132813
0.137626647949219 0.058319091796875 0.0624809265136719 0.0183677673339844
0.14532470703125 -0.0640869140625 0.0270862579345703 -0.00207138061523438
0.0927734375 -0.12103271484375 0.0142784118652344 0.0396499633789062
0.0773696899414062 -0.113578796386719 0.0143280029296875 0.072998046875
0.0829238891601563 -0.133590698242187 0.0133056640625 0.0985183715820312
0.114402770996094 -0.116203308105469 -0.01190185546875 0.1024169921875
0.150161743164063 -0.0401153564453125 -0.0461959838867187 0.0933303833007813
0.150222778320312 0.04302978515625 -0.0598411560058594 0.04931640625
0.0577545166015625 0.15118408203125 -0.0524063110351562 0.00186538696289064
-0.056884765625 0.180084228515625 -0.000247955322265633 0.064910888671875
-0.13763427734375 0.137916564941406 -0.0771484375 0.175094604492188
-0.134445190429687 -0.0298614501953125 0.00967407226562501 0.231048583984375
-0.131729125976563 0.0375289916992188 0.014495849609375 0.258163452148438
-0.0836715698242187 0.08489990234375 0.07830810546875 0.153411865234375
0.00841522216796876 0.117706298828125 0.0728225708007813 0.0740509033203125
0.0799179077148438 0.0689849853515625 0.0250511169433594 0.0249538421630859
0.115440368652344 -0.0232315063476563 -0.00738525390624999 0.0354576110839844
0.0854263305664062 -0.0772857666015625 -0.00639343261718749 0.0877227783203125
0.0699386596679688 -0.0775070190429688 0.00430297851562501 0.119239807128906
0.0759811401367188 -0.096588134765625 -0.000320434570312487 0.142913818359375
0.101959228515625 -0.0835723876953125 -0.0371932983398437 0.138763427734375
0.125762939453125 -0.0205764770507812 -0.0744857788085937 0.113525390625
0.120979309082031 0.0507431030273438 -0.0833206176757812 0.0551528930664063
0.0241851806640625 0.136619567871094 -0.061614990234375 0.00799179077148439
-0.09185791015625 0.135490417480469 -0.0215682983398438 0.0895233154296875
-0.156387329101563 0.0653839111328125 -0.129318237304688 0.19500732421875
0.109344482421875 0.0354995727539063 0.127334594726563 -0.188858032226563
0.091217041015625 -0.08154296875 0.0524139404296875 -0.082275390625
-0.012420654296875 -0.0972976684570313 0.0718994140625 -0.00955963134765626
-0.0704345703125 -0.0519332885742187 0.122703552246094 -0.0539321899414063
-0.0777053833007813 0.000656127929687516 0.109039306640625 -0.12811279296875
-0.0708541870117188 0.0544281005859375 0.05242919921875 -0.174896240234375
-0.0482330322265625 0.0482826232910156 -0.000259399414062516 -0.179702758789063
-0.0483512878417969 0.0341758728027344 -0.004669189453125 -0.145828247070313
-0.0715255737304688 0.0318832397460938 0.0110855102539062 -0.109375
-0.071746826171875 -0.02276611328125 0.0218048095703125 -0.0710525512695313
-0.0296554565429688 -0.0760726928710938 -0.00777626037597657 -0.0306510925292969
0.0325393676757813 -0.0766677856445312 -0.0438117980957031 -0.053924560546875
0.107994079589844 -0.0186386108398437 -0.0571746826171875 -0.148513793945313
0.1298828125 0.0540771484375 -0.0203399658203125 -0.229446411132812
0.0922622680664063 0.104217529296875 0.02020263671875 -0.200424194335938
0.0722427368164063 0.119918823242188 0.168167114257813 -0.160598754882813
0.101844787597656 0.00626373291015625 0.085723876953125 -0.0635223388671875
0.0324287414550781 -0.0413627624511719 0.0967636108398438 0.000907897949218748
-0.00465011596679687 -0.0380172729492188 0.153564453125 -0.0491790771484375
-0.0225563049316406 -0.0210647583007813 0.134368896484375 -0.131217956542969
-0.0357933044433594 -8.39233398437549E-05 0.069549560546875 -0.1910400390625
-0.0307064056396484 -0.0129051208496094 0.013397216796875 -0.196029663085938
-0.0260105133056641 -0.021270751953125 0.00375366210937499 -0.155853271484375
-0.0408935546875 -0.0281143188476563 0.0226058959960938 -0.113655090332031
-0.0196685791015625 -0.0621414184570312 0.0374755859375 -0.0685958862304688
0.032501220703125 -0.0773086547851563 0.004638671875 -0.0178546905517578
0.0852432250976563 -0.0472412109375 -0.0367622375488281 -0.0290069580078125
0.121040344238281 0.0448760986328125 -0.0697479248046875 -0.113121032714844
0.111656188964844 0.133544921875 -0.029205322265625 -0.186477661132812
0.058349609375 0.177398681640625 0.02606201171875 -0.149078369140625
0.01641845703125 0.19097900390625 0.1943359375 -0.10137939453125
0.0884323120117188 0.104545593261719 0.115669250488281 -0.0162582397460937
0.070709228515625 0.03643798828125 0.121902465820313 0.0256805419921875
0.0694351196289063 -0.0074615478515625 0.179763793945313 -0.0325164794921875
0.0465087890625 -0.0356826782226563 0.152999877929688 -0.119186401367188
0.0111808776855469 -0.0555839538574219 0.0820159912109375 -0.186203002929688
-0.00614166259765624 -0.0737533569335937 0.025970458984375 -0.186355590820312
0.000221252441406243 -0.0748138427734375 0.011871337890625 -0.140884399414063
-0.00743865966796875 -0.084869384765625 0.0288467407226563 -0.0963516235351563
0.0259780883789063 -0.0981292724609375 0.0405921936035156 -0.0521278381347656
0.0829010009765625 -0.0799713134765625 0.00704145431518555 0.000926494598388667
0.1260986328125 -0.028289794921875 -0.0337810516357422 -0.00350189208984376
0.13037109375 0.086639404296875 -0.0775527954101562 -0.0741653442382813
0.096282958984375 0.1842041015625 -0.0322113037109375 -0.130126953125
0.02734375 0.224609375 0.022735595703125 -0.0807876586914062
-0.0494537353515625 0.231094360351563 0.195907592773437 -0.015350341796875
0.0465545654296875 0.190155029296875 0.129905700683594 0.0556106567382813
0.0865478515625 0.122222900390625 0.138458251953125 0.0643463134765625
0.133628845214844 0.0414886474609375 0.192718505859375 -0.0013275146484375
0.115547180175781 -0.0343399047851563 0.156829833984375 -0.09014892578125
0.064727783203125 -0.0996551513671875 0.086883544921875 -0.1590576171875
0.0222396850585937 -0.123748779296875 0.0358123779296875 -0.149444580078125
0.0270919799804687 -0.116920471191406 0.0197296142578125 -0.102745056152344
0.024078369140625 -0.12969970703125 0.0303840637207031 -0.0601387023925781
0.062530517578125 -0.126861572265625 0.0361137390136719 -0.0231781005859375
0.120185852050781 -0.081756591796875 0.00391769409179688 0.0222721099853516
0.153060913085938 -0.01654052734375 -0.0319957733154297 0.0167617797851563
0.132171630859375 0.1112060546875 -0.0741043090820312 -0.0417327880859375
0.0762176513671875 0.20965576171875 -0.0211563110351563 -0.0730819702148437
-0.00546264648437498 0.24359130859375 0.0145196914672852 -0.00567054748535155
-0.11163330078125 0.223968505859375 0.169204711914063 0.0804443359375
-0.01580810546875 0.234222412109375 0.12042236328125 0.138862609863281
0.0677642822265625 0.188446044921875 0.137939453125 0.107711791992188
0.162796020507812 0.096954345703125 0.182235717773437 0.03515625
0.164505004882812 -0.01318359375 0.140731811523438 -0.048919677734375
0.112152099609375 -0.118644714355469 0.0779190063476563 -0.110549926757813
0.05120849609375 -0.153182983398438 0.0379562377929688 -0.0919418334960938
0.0488815307617187 -0.139938354492188 0.0221519470214844 -0.048004150390625
0.0487060546875 -0.15667724609375 0.0275726318359375 -0.0114612579345703
0.0882110595703125 -0.143936157226562 0.0243473052978516 0.0151634216308594
0.14385986328125 -0.079193115234375 -0.00627517700195311 0.0457572937011719
0.166793823242188 -0.0027008056640625 -0.0339756011962891 0.0315952301025391
0.120651245117188 0.128997802734375 -0.0629653930664063 -0.0194435119628906
0.0443878173828125 0.217529296875 -0.00322914123535156 -0.0212078094482422
-0.044189453125 0.23516845703125 -0.000549316406250004 0.0671958923339844
-0.149383544921875 0.171463012695313 0.1199951171875 0.162399291992188
-0.0771331787109375 0.218215942382813 0.0911712646484375 0.209442138671875
0.0198974609375 0.206771850585938 0.120330810546875 0.141281127929688
0.144454956054688 0.136886596679688 0.149688720703125 0.0657501220703125
0.173431396484375 0.0191650390625 0.105484008789063 -0.008544921875
0.139968872070313 -0.1085205078125 0.0549812316894531 -0.0529975891113281
0.072998046875 -0.154281616210938 0.0305309295654297 -0.0252418518066406
0.0626220703125 -0.142471313476563 0.0211849212646484 0.0129127502441406
0.0647125244140625 -0.161178588867187 0.02294921875 0.0432281494140625
0.101837158203125 -0.145034790039063 0.00802612304687501 0.0582733154296875
0.1524658203125 -0.0708770751953125 -0.0230674743652344 0.0694618225097656
0.16815185546875 0.01385498046875 -0.0436363220214844 0.0408592224121094
0.099090576171875 0.142349243164063 -0.053466796875 -0.00760269165039062
0.00242614746093751 0.209884643554688 0.00980758666992187 0.0226688385009766
-0.0868988037109375 0.20355224609375 -0.0262527465820313 0.129310607910156
-0.15704345703125 0.08380126953125 0.0661773681640625 0.215286254882813
-0.1173095703125 0.14862060546875 0.05364990234375 0.249740600585938
-0.03424072265625 0.170623779296875 0.0966644287109375 0.154281616210937
0.0902862548828125 0.1439208984375 0.108207702636719 0.078765869140625
0.144073486328125 0.045867919921875 0.0616455078125 0.0180549621582031
0.139190673828125 -0.0772857666015625 0.0245819091796875 6.86645507812453E-05
0.0811309814453125 -0.130462646484375 0.0170249938964844 0.0389633178710937
0.0667877197265625 -0.1220703125 0.01763916015625 0.0715713500976562
0.0699462890625 -0.143234252929688 0.015655517578125 0.0969390869140625
0.103439331054688 -0.127510070800781 -0.011474609375 0.100929260253906
0.147491455078125 -0.0541534423828125 -0.0457305908203125 0.0934219360351563
0.154205322265625 0.0299224853515625 -0.0603752136230469 0.048095703125
0.069549560546875 0.146835327148438 -0.0524520874023437 0.000476837158203143
-0.0419464111328125 0.187698364257813 0.00619888305664063 0.0589447021484375
-0.125213623046875 0.150650024414063 -0.064971923828125 0.176055908203125
-0.13714599609375 -0.0177230834960938 0.021759033203125 0.22784423828125
-0.128059387207031 0.051300048828125 0.0279693603515625 0.2532958984375
-0.0746307373046875 0.09649658203125 0.080413818359375 0.145843505859375
0.0223464965820312 0.116714477539063 0.0730819702148438 0.073211669921875
0.0891571044921875 0.0598678588867188 0.0237045288085938 0.0284767150878906
0.112045288085938 -0.0350341796875 -0.00465011596679687 0.0395889282226563
0.0762252807617188 -0.0864334106445313 0.00151062011718751 0.0892333984375
0.0609512329101563 -0.0846939086914063 0.0121307373046875 0.119140625
0.064208984375 -0.104515075683594 0.006317138671875 0.1435546875
0.0920944213867188 -0.0941238403320313 -0.0325164794921875 0.140701293945313
0.124237060546875 -0.0328140258789062 -0.0708160400390625 0.11566162109375
0.124954223632813 0.0400009155273438 -0.0816421508789062 0.0560073852539063
0.035308837890625 0.134254455566406 -0.0612144470214844 0.00670242309570314
-0.0791168212890625 0.144027709960938 -0.012969970703125 0.0864486694335938
-0.147628784179688 0.078704833984375 -0.114654541015625 0.20111083984375
0.109649658203125 0.0287246704101562 0.121109008789063 -0.194473266601563
0.0842742919921875 -0.0855026245117188 0.045867919921875 -0.081817626953125
-0.017181396484375 -0.0954132080078125 0.0717849731445313 -0.00806427001953126
-0.0730209350585938 -0.04632568359375 0.123695373535156 -0.0540542602539063
-0.0778884887695313 0.00601196289062499 0.107887268066406 -0.132881164550781
-0.0651931762695313 0.0592765808105469 0.0495147705078125 -0.180892944335938
-0.043548583984375 0.0506324768066406 -0.00668334960937501 -0.182785034179688
-0.0451431274414063 0.0369071960449219 -0.01171875 -0.148269653320313
-0.0671615600585938 0.0369873046875 0.004302978515625 -0.112953186035156
-0.070953369140625 -0.0166168212890625 0.0171279907226562 -0.077178955078125
-0.0348052978515625 -0.0718536376953125 -0.00775527954101563 -0.0364952087402344
0.0271835327148437 -0.077239990234375 -0.0410118103027344 -0.0581016540527344
0.105583190917969 -0.0256576538085937 -0.0550994873046875 -0.148941040039062
0.130867004394531 0.04461669921875 -0.023284912109375 -0.229827880859375
0.0972671508789063 0.096954345703125 0.016204833984375 -0.206436157226563
0.0755081176757813 0.11688232421875 0.162155151367188 -0.168685913085938
0.0988845825195313 0.00307464599609375 0.0783538818359375 -0.065032958984375
0.0302581787109375 -0.03900146484375 0.095306396484375 0.0019683837890625
-0.00568580627441406 -0.0344886779785156 0.153762817382813 -0.050506591796875
-0.0211257934570313 -0.0184288024902344 0.132438659667969 -0.136558532714844
-0.0317363739013672 0.00259208679199218 0.0645904541015625 -0.196014404296875
-0.0286083221435547 -0.0125064849853516 0.00488281250000001 -0.199234008789063
-0.0249385833740234 -0.0211677551269531 -0.00474548339843751 -0.157943725585938
-0.0383415222167969 -0.0260810852050781 0.013763427734375 -0.118049621582031
-0.0203361511230469 -0.0592689514160156 0.0313262939453125 -0.0764083862304688
0.0286178588867188 -0.0769271850585938 0.00365257263183594 -0.0254173278808594
0.0823211669921875 -0.0492095947265625 -0.0340232849121094 -0.0346412658691406
0.120880126953125 0.040008544921875 -0.0675888061523438 -0.113983154296875
0.115829467773438 0.127067565917969 -0.0316314697265625 -0.18756103515625
0.0652313232421875 0.173690795898438 0.0239105224609375 -0.156402587890625
0.02191162109375 0.19256591796875 0.18963623046875 -0.1104736328125
0.0901260375976563 0.103683471679688 0.108818054199219 -0.0207748413085937
0.07269287109375 0.0392074584960938 0.120018005371094 0.0258026123046875
0.0713424682617188 -0.00714111328125 0.1796875 -0.035552978515625
0.0478134155273438 -0.0362777709960938 0.150039672851563 -0.124099731445313
0.0124664306640625 -0.0552291870117188 0.0761871337890625 -0.190597534179688
-0.00682830810546874 -0.075225830078125 0.01629638671875 -0.189727783203125
-0.00112152099609374 -0.0768203735351563 0.00239562988281251 -0.142669677734375
-0.00830841064453125 -0.086181640625 0.0193862915039062 -0.100059509277344
0.0235824584960938 -0.0997314453125 0.0344314575195313 -0.0596542358398438
0.0809249877929688 -0.0832443237304688 0.00505876541137696 -0.00747299194335938
0.125892639160156 -0.0325927734375 -0.0324192047119141 -0.0105381011962891
0.133598327636719 0.08306884765625 -0.0750503540039062 -0.0759048461914063
0.103042602539063 0.181427001953125 -0.032928466796875 -0.133193969726563
0.035125732421875 0.223495483398437 0.022491455078125 -0.0883560180664062
-0.0431365966796875 0.237274169921875 0.1939697265625 -0.02532958984375
0.05224609375 0.192596435546875 0.125473022460938 0.0498046875
0.0924072265625 0.125335693359375 0.136787414550781 0.063568115234375
0.137901306152344 0.0390625 0.192459106445313 -0.0047760009765625
0.11822509765625 -0.0378570556640625 0.154632568359375 -0.0936279296875
0.0633697509765625 -0.102020263671875 0.0804443359375 -0.161102294921875
0.019317626953125 -0.127273559570312 0.0283355712890625 -0.15240478515625
0.0226821899414062 -0.121429443359375 0.0105133056640625 -0.105361938476563
0.0200119018554688 -0.133621215820313 0.0223464965820313 -0.0634956359863281
0.0587158203125 -0.131584167480469 0.0293083190917969 -0.0290164947509766
0.1192626953125 -0.088165283203125 0.00056648254394532 0.0155038833618164
0.155868530273438 -0.0220184326171875 -0.0321331024169922 0.0102195739746094
0.137954711914063 0.110260009765625 -0.0722274780273437 -0.0441436767578125
0.0849761962890625 0.210250854492187 -0.02081298828125 -0.077392578125
0.0034942626953125 0.246444702148438 0.0164031982421875 -0.012979507446289
-0.105316162109375 0.235076904296875 0.169952392578125 0.072021484375
-0.00764465332031247 0.238998413085938 0.119125366210937 0.132423400878906
0.076568603515625 0.193084716796875 0.135635375976563 0.105781555175781
0.170700073242188 0.0933380126953125 0.182037353515625 0.032684326171875
0.167144775390625 -0.020416259765625 0.138519287109375 -0.0514450073242188
0.109016418457031 -0.123725891113281 0.0721588134765625 -0.110733032226563
0.04583740234375 -0.157989501953125 0.0324020385742188 -0.0940399169921875
0.0433502197265625 -0.14599609375 0.01708984375 -0.0499229431152344
0.0423736572265625 -0.162429809570313 0.0214118957519531 -0.0130176544189453
0.0821533203125 -0.15020751953125 0.0191326141357422 0.0113468170166016
0.1436767578125 -0.0886077880859375 -0.00984573364257812 0.0406570434570312
0.171356201171875 -0.009796142578125 -0.0354499816894531 0.0255928039550781
0.128822326660156 0.128334045410156 -0.0627937316894531 -0.0229034423828125
0.0551605224609375 0.220870971679688 -0.00186729431152344 -0.0266036987304687
-0.0348968505859375 0.24066162109375 0.00312042236328125 0.0612068176269531
-0.144912719726562 0.18365478515625 0.124359130859375 0.156234741210938
-0.0693817138671875 0.22662353515625 0.0923614501953125 0.203216552734375
0.0296478271484375 0.2142333984375 0.119094848632813 0.138999938964844
0.15496826171875 0.133346557617188 0.149642944335938 0.063507080078125
0.178939819335938 0.0101165771484375 0.103416442871094 -0.0092620849609375
0.136611938476563 -0.116844177246094 0.0514183044433594 -0.0524711608886719
0.0656890869140625 -0.161300659179688 0.0282020568847656 -0.0259170532226563
0.05572509765625 -0.148330688476563 0.019561767578125 0.0119342803955078
0.056640625 -0.168243408203125 0.0195884704589844 0.0427665710449219
0.0956268310546875 -0.153427124023438 0.00469970703125001 0.0572624206542969
0.152603149414063 -0.0810394287109375 -0.0262222290039063 0.0674285888671875
0.1732177734375 0.004913330078125 -0.0455322265625 0.0373420715332031
0.10797119140625 0.143218994140625 -0.0537757873535156 -0.0103645324707031
0.0137939453125 0.21612548828125 0.0115623474121094 0.018056869506836
-0.0779266357421875 0.210891723632813 -0.0212173461914063 0.126136779785156
-0.155899047851563 0.0955963134765625 0.0706634521484375 0.212844848632813
-0.111953735351563 0.157745361328125 0.0570068359375 0.24603271484375
-0.0258941650390625 0.178970336914063 0.0963287353515625 0.152801513671875
0.10089111328125 0.141281127929688 0.108207702636719 0.0783309936523438
0.149856567382813 0.037933349609375 0.0608139038085938 0.0201072692871094
0.136154174804688 -0.0868911743164063 0.0237522125244141 0.00286674499511718
0.0742111206054688 -0.136688232421875 0.0187110900878906 0.0391311645507812
0.0602493286132812 -0.12872314453125 0.019317626953125 0.0713043212890625
0.0615692138671875 -0.149444580078125 0.0150833129882812 0.097808837890625
0.09722900390625 -0.136390686035156 -0.0124588012695312 0.10186767578125
0.146820068359375 -0.0640106201171875 -0.0474472045898438 0.0936737060546875
0.158859252929688 0.0211181640625 -0.0618553161621094 0.046295166015625
0.077728271484375 0.146759033203125 -0.05364990234375 -0.00221252441406249
-0.03173828125 0.194122314453125 0.0100975036621094 0.0550575256347656
-0.117645263671875 0.159317016601563 -0.058990478515625 0.176162719726563
-0.139503479003906 -0.00642395019531248 0.027191162109375 0.229461669921875
-0.125740051269531 0.060699462890625 0.0317535400390625 0.251876831054687
-0.070220947265625 0.1051025390625 0.078643798828125 0.144973754882813
0.0315933227539063 0.116378784179688 0.0721588134765625 0.0742034912109375
0.0946273803710938 0.0536422729492188 0.023834228515625 0.0327548980712891
0.108879089355469 -0.044036865234375 -0.00335311889648437 0.0445594787597656
0.0695037841796875 -0.0926971435546875 0.00658416748046875 0.0914382934570313
0.0558853149414063 -0.089935302734375 0.0167694091796875 0.120101928710938
0.0578460693359375 -0.108970642089844 0.0095367431640625 0.144943237304688
0.0857696533203125 -0.101150512695313 -0.03167724609375 0.142654418945313
0.123123168945313 -0.0411224365234375 -0.070556640625 0.117835998535156
0.128067016601563 0.0323257446289063 -0.083038330078125 0.0553665161132812
0.0425949096679687 0.133705139160156 -0.0617637634277344 0.00427627563476562
-0.069915771484375 0.150955200195313 -0.00772857666015626 0.0834808349609375
-0.142105102539063 0.0871734619140625 -0.107711791992188 0.204940795898438
0.113090515136719 0.0244140625 0.119476318359375 -0.204376220703125
0.0811767578125 -0.0899658203125 0.0416183471679688 -0.0828704833984375
-0.0212554931640625 -0.0956878662109375 0.0733108520507813 -0.00576019287109376
-0.0765838623046875 -0.0429229736328125 0.128494262695313 -0.056396484375
-0.079620361328125 0.010894775390625 0.109756469726563 -0.140777587890625
-0.0615463256835937 0.0640792846679688 0.0474700927734375 -0.191726684570312
-0.0414352416992188 0.0540618896484375 -0.012420654296875 -0.190673828125
-0.0435829162597656 0.0393409729003906 -0.0181427001953125 -0.154541015625
-0.0647468566894531 0.0420570373535156 -0.00122833251953124 -0.119224548339844
-0.0722503662109375 -0.0111770629882813 0.0120391845703125 -0.0847930908203125
-0.040557861328125 -0.0691795349121094 -0.00829696655273438 -0.0442581176757813
0.0231170654296875 -0.0796585083007813 -0.0397224426269531 -0.0646514892578125
0.105789184570313 -0.032684326171875 -0.0542755126953125 -0.1541748046875
0.134407043457031 0.038360595703125 -0.0246124267578125 -0.23748779296875
0.101997375488281 0.0935287475585938 0.0143585205078125 -0.217529296875
0.079803466796875 0.118537902832031 0.162368774414063 -0.178756713867188
0.0989532470703125 0.002227783203125 0.0743789672851563 -0.0675201416015625
0.0300559997558594 -0.0375785827636719 0.0972213745117188 0.004974365234375
-0.00549507141113281 -0.0332565307617187 0.159454345703125 -0.0530853271484375
-0.0207672119140625 -0.0167961120605469 0.13446044921875 -0.143569946289063
-0.0287704467773438 0.00355911254882812 0.0630645751953125 -0.207199096679687
-0.0275382995605469 -0.01275634765625 -0.00230407714843752 -0.206954956054687
-0.0248775482177734 -0.0220375061035156 -0.0131988525390625 -0.163955688476563
-0.0374336242675781 -0.025482177734375 0.00666046142578123 -0.124427795410156
-0.0209732055664062 -0.0589675903320313 0.0259628295898438 -0.0851364135742188
0.02642822265625 -0.077545166015625 0.00211906433105469 -0.033447265625
0.08251953125 -0.0517349243164063 -0.0333786010742187 -0.0417518615722656
0.123992919921875 0.0371780395507812 -0.0662612915039062 -0.118804931640625
0.121360778808594 0.124946594238281 -0.0328216552734375 -0.19512939453125
0.071441650390625 0.174758911132813 0.0237579345703125 -0.167251586914062
0.02679443359375 0.2003173828125 0.191162109375 -0.120315551757812
0.0931777954101563 0.106475830078125 0.105781555175781 -0.0233612060546875
0.0770187377929687 0.0432586669921875 0.12176513671875 0.0282669067382813
0.0750656127929687 -0.007171630859375 0.185562133789063 -0.0376129150390625
0.0504798889160156 -0.0376243591308594 0.15362548828125 -0.131256103515625
0.015106201171875 -0.0575103759765625 0.0745697021484375 -0.199417114257812
-0.00777435302734375 -0.0791854858398438 0.00973510742187499 -0.196502685546875
-0.00273895263671875 -0.0816802978515625 -0.00579833984374999 -0.14862060546875
-0.00918579101562499 -0.08935546875 0.0116043090820313 -0.106040954589844
0.0228958129882812 -0.103050231933594 0.0282669067382813 -0.0681190490722656
0.0817718505859375 -0.0879364013671875 0.00238990783691407 -0.0149173736572266
0.129653930664062 -0.0362625122070312 -0.0323219299316406 -0.0177040100097656
0.139793395996094 0.0841522216796875 -0.07464599609375 -0.0812301635742188
0.111160278320313 0.185272216796875 -0.033935546875 -0.140853881835938
0.0425262451171875 0.230117797851563 0.0232009887695313 -0.0984649658203125
-0.0386810302734375 0.249801635742187 0.196762084960938 -0.0338287353515625
0.05792236328125 0.199295043945313 0.124031066894531 0.0482635498046875
0.100685119628906 0.132560729980469 0.138221740722656 0.0658187866210938
0.146865844726563 0.0376739501953125 0.197219848632813 -0.0069732666015625
0.123222351074219 -0.04290771484375 0.157638549804687 -0.098419189453125
0.0658035278320313 -0.107131958007813 0.07855224609375 -0.16668701171875
0.0163726806640625 -0.134521484375 0.0222625732421875 -0.15911865234375
0.019744873046875 -0.128303527832031 0.00499725341796875 -0.109519958496094
0.017425537109375 -0.141220092773438 0.0151405334472656 -0.0670623779296875
0.0571441650390625 -0.140144348144531 0.0231666564941406 -0.0357246398925781
0.122169494628906 -0.0961532592773437 -0.00317859649658202 0.00963687896728515
0.162078857421875 -0.027587890625 -0.0337810516357422 0.00374984741210937
0.1474609375 0.112701416015625 -0.0725631713867187 -0.0491409301757812
0.09503173828125 0.218399047851563 -0.0215988159179688 -0.0846023559570312
0.00975036621093751 0.255691528320313 0.0177459716796875 -0.0201034545898437
-0.102340698242188 0.2510986328125 0.174224853515625 0.0670928955078125
-0.002166748046875 0.250350952148438 0.119438171386719 0.132148742675781
0.087158203125 0.20367431640625 0.137519836425781 0.109687805175781
0.182449340820313 0.0922698974609375 0.186386108398438 0.03192138671875
0.1746826171875 -0.0270233154296875 0.141372680664063 -0.053314208984375
0.111480712890625 -0.132499694824219 0.0705947875976563 -0.113967895507813
0.041839599609375 -0.1668701171875 0.0289154052734375 -0.0984725952148438
0.0390777587890625 -0.155563354492187 0.0127487182617188 -0.0523948669433594
0.0377044677734375 -0.171951293945313 0.0161600112915039 -0.0139188766479492
0.0803070068359375 -0.161911010742188 0.0143594741821289 0.00783824920654296
0.146438598632813 -0.0984039306640625 -0.0144691467285156 0.0381698608398437
0.180313110351562 -0.016845703125 -0.0380096435546875 0.0212669372558594
0.140357971191406 0.132514953613281 -0.063934326171875 -0.0270957946777344
0.0664215087890625 0.230575561523437 -0.00164222717285156 -0.0327053070068359
-0.0290374755859375 0.25244140625 0.00519180297851562 0.0579109191894531
-0.1461181640625 0.200820922851563 0.129257202148438 0.157089233398437
-0.0654296875 0.239303588867188 0.09539794921875 0.2056884765625
0.039764404296875 0.22637939453125 0.120941162109375 0.143203735351562
0.167465209960938 0.133697509765625 0.153045654296875 0.0648040771484375
0.188018798828125 0.00341796875 0.106437683105469 -0.00852203369140625
0.13702392578125 -0.126754760742188 0.0513191223144531 -0.0509490966796875
0.061553955078125 -0.170974731445313 0.0274219512939453 -0.0274391174316406
0.051239013671875 -0.158798217773438 0.0179939270019531 0.0102443695068359
0.0511322021484375 -0.179122924804687 0.0171012878417969 0.0444755554199219
0.0922088623046875 -0.164901733398438 0.00157546997070313 0.0572547912597656
0.156524658203125 -0.0920867919921875 -0.030364990234375 0.0680313110351563
0.181243896484375 -0.0023956298828125 -0.0499000549316406 0.0345916748046875
0.119644165039063 0.147186279296875 -0.0569076538085937 -0.0147285461425781
0.024139404296875 0.227554321289063 0.0124788284301758 0.0130214691162109
-0.0731353759765625 0.223907470703125 -0.0180511474609375 0.126388549804688
-0.15899658203125 0.11016845703125 0.0758056640625 0.217391967773437
-0.110244750976562 0.170867919921875 0.059478759765625 0.250686645507813
-0.019317626953125 0.19171142578125 0.0966033935546875 0.156936645507813
0.1134033203125 0.143447875976563 0.109855651855469 0.0810394287109375
0.159423828125 0.031951904296875 0.0629768371582031 0.0234298706054688
0.137016296386719 -0.0965499877929688 0.0242042541503906 0.00732231140136718
0.0694427490234375 -0.146591186523438 0.0204734802246094 0.040435791015625
0.0554580688476562 -0.138572692871094 0.0221481323242188 0.07281494140625
0.0568695068359375 -0.159912109375 0.0153656005859375 0.10223388671875
0.0935516357421875 -0.146530151367188 -0.014373779296875 0.105697631835938
0.15045166015625 -0.0748138427734375 -0.0517578125 0.0972824096679688
0.16754150390625 0.013916015625 -0.0670242309570313 0.0463371276855469
0.08868408203125 0.151718139648438 -0.0564804077148438 -0.00533294677734373
-0.0226898193359375 0.205001831054688 0.0133895874023437 0.0526161193847656
-0.115219116210937 0.170913696289063 -0.0556640625 0.180587768554688
-0.145767211914062 0.00170898437499999 0.0299072265625 0.23675537109375
-0.127273559570313 0.0709609985351563 0.0341796875 0.25738525390625
-0.0669097900390625 0.115852355957031 0.0792236328125 0.149658203125
0.0407257080078125 0.118583679199219 0.0730514526367188 0.07818603515625
0.101814270019531 0.048675537109375 0.0243682861328125 0.0388031005859375
0.109771728515625 -0.0518646240234375 -0.00121688842773437 0.049957275390625
0.066070556640625 -0.0985565185546875 0.0107574462890625 0.0940475463867188
0.05230712890625 -0.0970306396484375 0.0222320556640625 0.123382568359375
0.0531234741210937 -0.117774963378906 0.0119476318359375 0.151138305664063
0.0825347900390625 -0.109954833984375 -0.031829833984375 0.149368286132813
0.126045227050781 -0.0499954223632813 -0.0747833251953125 0.123176574707031
0.134864807128906 0.0265045166015625 -0.0882492065429687 0.0563735961914063
0.05023193359375 0.13800048828125 -0.064727783203125 0.00202941894531251
-0.06439208984375 0.159774780273438 -0.00278472900390625 0.0818557739257813
-0.140899658203125 0.0966033935546875 -0.105026245117187 0.213287353515625
0.118888854980469 0.0184860229492188 0.118667602539063 -0.22137451171875
0.0784835815429688 -0.0980911254882813 0.037567138671875 -0.0862884521484375
-0.0277252197265625 -0.0988845825195313 0.0774917602539063 -0.00432586669921876
-0.0822906494140625 -0.038818359375 0.136558532714844 -0.062255859375
-0.0828857421875 0.0186920166015625 0.112060546875 -0.154098510742188
-0.0586929321289062 0.0724716186523438 0.042755126953125 -0.208587646484375
-0.0380630493164063 0.0596275329589844 -0.0221099853515625 -0.20294189453125
-0.04205322265625 0.04437255859375 -0.0283355712890625 -0.16326904296875
-0.0617027282714844 0.048553466796875 -0.00958251953125 -0.127731323242188
-0.0748977661132812 -0.00519561767578125 0.00537872314453124 -0.0944442749023438
-0.0477676391601563 -0.0678977966308594 -0.0110359191894531 -0.0524024963378906
0.0182952880859375 -0.0837936401367188 -0.0413665771484375 -0.0728912353515625
0.107826232910156 -0.0407028198242187 -0.057769775390625 -0.162322998046875
0.141220092773437 0.0308380126953125 -0.03125 -0.25146484375
0.112510681152344 0.0907363891601563 0.00906372070312501 -0.234909057617187
0.0886001586914063 0.121826171875 0.163894653320313 -0.196090698242188
0.102340698242188 -0.00040435791015625 0.0716552734375 -0.0709991455078125
0.0308303833007813 -0.0372047424316406 0.102035522460938 0.005462646484375
-0.00586700439453125 -0.0321922302246094 0.16790771484375 -0.0598297119140625
-0.0211315155029297 -0.0146389007568359 0.137344360351563 -0.158447265625
-0.0263576507568359 0.00635147094726562 0.057830810546875 -0.22369384765625
-0.0276355743408203 -0.0126190185546875 -0.013458251953125 -0.220046997070313
-0.0260524749755859 -0.0231113433837891 -0.0247650146484375 -0.173355102539063
-0.0372886657714844 -0.025146484375 -0.003082275390625 -0.133064270019531
-0.0232582092285156 -0.0592880249023438 0.0181121826171875 -0.0961151123046875
0.0239715576171875 -0.0807647705078125 -0.00136184692382813 -0.0421142578125
0.0837783813476563 -0.0569076538085938 -0.0345497131347656 -0.0494232177734375
0.132003784179688 0.0338134765625 -0.0697479248046875 -0.126518249511719
0.132194519042969 0.126129150390625 -0.038330078125 -0.207122802734375
0.08209228515625 0.180374145507813 0.0209503173828125 -0.183700561523438
0.0367431640625 0.212203979492188 0.195541381835937 -0.136856079101562
0.101211547851563 0.110633850097656 0.10467529296875 -0.0276412963867187
0.0846023559570312 0.0467987060546875 0.1279296875 0.02923583984375
0.0817947387695313 -0.00870513916015625 0.194747924804688 -0.0438385009765625
0.0538215637207031 -0.0417098999023438 0.1571044921875 -0.144180297851563
0.0164909362792969 -0.0615577697753906 0.07012939453125 -0.21429443359375
-0.0103912353515625 -0.0848922729492188 -0.00167846679687501 -0.209121704101562
-0.00674438476562501 -0.0874404907226563 -0.0168609619140625 -0.157211303710937
-0.0118637084960937 -0.0952987670898438 0.0020599365234375 -0.113426208496094
0.0207290649414062 -0.110244750976563 0.0203628540039063 -0.0779495239257813
0.083465576171875 -0.0954513549804688 -0.00137138366699218 -0.0220203399658203
0.135948181152344 -0.043609619140625 -0.0345039367675781 -0.0247058868408203
0.152359008789063 0.084930419921875 -0.0780410766601562 -0.0874862670898438
0.125885009765625 0.191177368164063 -0.0395050048828125 -0.1514892578125
0.0535125732421875 0.241546630859375 0.0224151611328125 -0.111709594726563
-0.0297393798828125 0.269500732421875 0.203887939453125 -0.0451202392578125
0.0695648193359375 0.211654663085938 0.126388549804688 0.045135498046875
0.1148681640625 0.141067504882813 0.145095825195313 0.06884765625
0.15972900390625 0.03497314453125 0.207183837890625 -0.0116729736328125
0.130783081054688 -0.0513839721679688 0.162445068359375 -0.109161376953125
0.066986083984375 -0.117637634277344 0.0752105712890625 -0.17779541015625
0.011871337890625 -0.144699096679688 0.0133209228515625 -0.168914794921875
0.0137557983398438 -0.13922119140625 -0.00510406494140625 -0.1158447265625
0.011260986328125 -0.152114868164063 0.0069580078125 -0.07147216796875
0.05377197265625 -0.15179443359375 0.0167045593261719 -0.0422821044921875
0.126129150390625 -0.10888671875 -0.00770568847656249 0.00539588928222656
0.172988891601563 -0.03668212890625 -0.0371055603027344 -0.00113296508789063
0.16357421875 0.115814208984375 -0.0766372680664062 -0.054107666015625
0.11199951171875 0.229156494140625 -0.024688720703125 -0.0926742553710937
0.020965576171875 0.27191162109375 0.0197620391845703 -0.0285472869873047
-0.0967559814453125 0.27459716796875 0.1842041015625 0.0619659423828125
0.00950622558593749 0.268264770507812 0.125648498535156 0.132514953613281
0.103897094726563 0.21746826171875 0.14532470703125 0.113479614257813
0.200576782226563 0.090087890625 0.195968627929688 0.029144287109375
0.186996459960938 -0.038299560546875 0.147171020507813 -0.0600128173828125
0.112869262695313 -0.1458740234375 0.0695343017578125 -0.120132446289063
0.0354461669921875 -0.18096923828125 0.0229415893554688 -0.105316162109375
0.0315093994140625 -0.169052124023437 0.00685501098632813 -0.0567436218261719
0.030517578125 -0.187088012695312 0.0115423202514648 -0.0150289535522461
0.075775146484375 -0.177703857421875 0.00893020629882813 0.00562858581542968
0.15216064453125 -0.1146240234375 -0.0190887451171875 0.0375747680664063
0.192153930664063 -0.0279693603515625 -0.0432395935058594 0.0183753967285156
0.15814208984375 0.137069702148438 -0.06866455078125 -0.0310325622558594
0.0833587646484375 0.24395751953125 -0.00234985351562499 -0.0392189025878906
-0.0185699462890625 0.2706298828125 0.00962448120117188 0.0546035766601563
-0.145736694335937 0.224411010742188 0.140625 0.159011840820313
-0.0565643310546875 0.26025390625 0.102676391601563 0.211563110351563
0.0557708740234375 0.244430541992187 0.128143310546875 0.148651123046875
0.187164306640625 0.134689331054688 0.161941528320313 0.0651092529296875
0.201324462890625 -0.0081787109375 0.11212158203125 -0.0101165771484375
0.13958740234375 -0.1427001953125 0.0512771606445313 -0.0524063110351563
0.0545196533203125 -0.186004638671875 0.0263462066650391 -0.0304241180419922
0.043426513671875 -0.173614501953125 0.0178432464599609 0.0111846923828125
0.043060302734375 -0.194900512695312 0.0156936645507813 0.0478172302246094
0.08697509765625 -0.182601928710937 -0.00132369995117187 0.0596237182617187
0.162368774414063 -0.108901977539063 -0.0344085693359375 0.0715103149414063
0.195358276367188 -0.014068603515625 -0.0550460815429687 0.0341987609863281
0.13739013671875 0.15240478515625 -0.0614089965820312 -0.0168724060058594
0.039764404296875 0.242202758789063 0.014948844909668 0.00837612152099611
-0.0661163330078125 0.243438720703125 -0.0134124755859375 0.129859924316406
-0.164260864257812 0.129669189453125 0.0857696533203125 0.226791381835938
-0.108154296875 0.189926147460938 0.068450927734375 0.260833740234375
-0.00788879394531249 0.21014404296875 0.10302734375 0.1634521484375
0.13037109375 0.14630126953125 0.116508483886719 0.083892822265625
0.172149658203125 0.022552490234375 0.0673179626464844 0.0265998840332031
0.139144897460938 -0.110954284667969 0.0263938903808594 0.0103893280029297
0.06378173828125 -0.1600341796875 0.0235404968261719 0.0419235229492187
0.0491790771484375 -0.151336669921875 0.0250091552734375 0.0755844116210937
0.048980712890625 -0.17462158203125 0.018646240234375 0.10882568359375
0.088836669921875 -0.163360595703125 -0.0139846801757812 0.113067626953125
0.155670166015625 -0.090301513671875 -0.0547637939453125 0.104515075683594
0.179489135742187 0.003875732421875 -0.0723724365234375 0.048583984375
0.103775024414063 0.157470703125 -0.0609512329101563 -0.00664901733398437
-0.0106201171875 0.220718383789063 0.0175056457519531 0.0505447387695313
-0.110458374023438 0.188751220703125 -0.0509185791015625 0.191360473632813
-0.153854370117188 0.0135498046875 0.039306640625 0.251800537109375
-0.130455017089844 0.085418701171875 0.0431365966796875 0.2705078125
-0.0622329711914062 0.130111694335938 0.083984375 0.156112670898438
0.0535354614257812 0.123191833496094 0.0769805908203125 0.0838699340820313
0.111862182617188 0.0430374145507813 0.0278549194335938 0.0452194213867188
0.111717224121094 -0.062225341796875 0.00286102294921876 0.0577659606933594
0.0608596801757812 -0.109695434570313 0.0180740356445312 0.0988845825195313
0.0472793579101563 -0.107192993164063 0.0294418334960937 0.129570007324219
0.0477523803710937 -0.128555297851563 0.01885986328125 0.16070556640625
0.0786666870117188 -0.12261962890625 -0.02996826171875 0.160140991210938
0.130302429199219 -0.0628890991210938 -0.0768661499023437 0.134529113769531
0.144866943359375 0.0181884765625 -0.0942230224609375 0.0613250732421875
0.0621795654296875 0.143997192382813 -0.0697212219238281 0.0012054443359375
-0.0561981201171875 0.173126220703125 0.00206756591796874 0.0832366943359375
-0.142044067382812 0.110504150390625 -0.101577758789063 0.229598999023438
0.12493896484375 0.00899505615234375 0.109970092773438 -0.244049072265625
0.0725860595703125 -0.108108520507813 0.0314102172851563 -0.0901412963867188
-0.0376739501953125 -0.100776672363281 0.0823211669921875 -0.00569915771484376
-0.0894775390625 -0.0328598022460937 0.143508911132813 -0.072967529296875
-0.0850753784179688 0.0290603637695313 0.108932495117188 -0.171905517578125
-0.0527877807617187 0.0819931030273438 0.0287933349609375 -0.227294921875
-0.0328865051269531 0.0666694641113281 -0.039642333984375 -0.214859008789063
-0.0390739440917969 0.0503883361816406 -0.04437255859375 -0.171112060546875
-0.0576705932617187 0.0563430786132813 -0.0232925415039063 -0.13592529296875
-0.0764007568359375 0.00339508056640626 -0.00587463378906249 -0.103378295898438
-0.0567169189453125 -0.0634803771972656 -0.0159492492675781 -0.0607986450195312
0.0107803344726562 -0.088531494140625 -0.04656982421875 -0.0804367065429687
0.108055114746094 -0.0528564453125 -0.0672149658203125 -0.170501708984375
0.149124145507813 0.0194244384765625 -0.046783447265625 -0.26611328125
0.12530517578125 0.0852432250976562 -0.00463867187499998 -0.254562377929688
0.101631164550781 0.122871398925781 0.159011840820313 -0.221282958984375
0.106025695800781 -0.00628662109375 0.0665817260742188 -0.0777587890625
0.0299530029296875 -0.0391159057617188 0.107772827148437 0.00312042236328125
-0.00714683532714844 -0.0319232940673828 0.175689697265625 -0.072113037109375
-0.021881103515625 -0.0119781494140625 0.134658813476563 -0.177459716796875
-0.0235881805419922 0.00892066955566407 0.043182373046875 -0.24346923828125
-0.0283546447753906 -0.0121707916259766 -0.0328521728515625 -0.2325439453125
-0.0285377502441406 -0.0225620269775391 -0.0433197021484375 -0.181808471679688
-0.0382347106933594 -0.0242843627929688 -0.0183258056640625 -0.141983032226563
-0.0267219543457031 -0.0593414306640625 0.0059967041015625 -0.107009887695313
0.0193252563476562 -0.084625244140625 -0.0070953369140625 -0.0510139465332031
0.083343505859375 -0.0656204223632813 -0.038909912109375 -0.0575141906738281
0.140548706054688 0.0267105102539063 -0.0777359008789062 -0.132293701171875
0.148056030273438 0.122528076171875 -0.0524749755859375 -0.219528198242188
0.0994110107421875 0.183929443359375 0.0107879638671875 -0.202117919921875
0.05401611328125 0.2239990234375 0.195449829101563 -0.16021728515625
0.114501953125 0.111824035644531 0.103965759277344 -0.0346755981445313
0.094818115234375 0.046875 0.135688781738281 0.0264892578125
0.0878219604492187 -0.013763427734375 0.203399658203125 -0.0572662353515625
0.0557861328125 -0.047576904296875 0.155853271484375 -0.163055419921875
0.0164794921875 -0.0666084289550781 0.0576629638671875 -0.232498168945313
-0.016693115234375 -0.0906219482421875 -0.0201568603515625 -0.221389770507812
-0.0142364501953125 -0.0930404663085938 -0.0340423583984375 -0.1646728515625
-0.0184402465820312 -0.101615905761719 -0.0118255615234375 -0.120155334472656
0.014862060546875 -0.118560791015625 0.00888061523437499 -0.0875473022460938
0.0811309814453125 -0.107086181640625 -0.00788116455078124 -0.0295658111572266
0.141616821289063 -0.0558929443359375 -0.0389289855957031 -0.0306472778320312
0.168441772460938 0.0798797607421875 -0.08544921875 -0.091094970703125
0.147201538085938 0.1942138671875 -0.0496063232421875 -0.161285400390625
0.0736846923828125 0.253265380859375 0.017486572265625 -0.126617431640625
-0.011749267578125 0.29107666015625 0.210540771484375 -0.0637359619140625
0.0895843505859375 0.222183227539063 0.130722045898438 0.0396499633789063
0.135696411132813 0.144927978515625 0.155181884765625 0.06634521484375
0.174148559570313 0.02630615234375 0.217498779296875 -0.023956298828125
0.135971069335937 -0.0657272338867187 0.164108276367188 -0.125808715820313
0.0640945434570313 -0.129867553710938 0.06658935546875 -0.192825317382813
0.000595092773437516 -0.15570068359375 -0.00125122070312498 -0.17926025390625
0.00167846679687499 -0.150253295898438 -0.0184783935546875 -0.12176513671875
-0.000396728515624992 -0.164260864257813 -0.0038604736328125 -0.075439453125
0.0445709228515625 -0.166793823242188 0.0067901611328125 -0.0488090515136719
0.12548828125 -0.12628173828125 -0.0132856369018555 0.0014810562133789
0.181777954101563 -0.0529327392578125 -0.04205322265625 -0.0054473876953125
0.184371948242188 0.112747192382813 -0.0835494995117187 -0.0568695068359375
0.13763427734375 0.236434936523438 -0.0313034057617188 -0.100929260253906
0.042083740234375 0.288543701171875 0.0200271606445313 -0.0383110046386719
-0.08172607421875 0.3033447265625 0.196456909179688 0.051300048828125
0.030853271484375 0.286224365234375 0.135589599609375 0.131278991699219
0.131118774414063 0.227554321289063 0.158172607421875 0.113128662109375
0.2222900390625 0.08087158203125 0.208023071289063 0.0200958251953125
0.1962890625 -0.056976318359375 0.151107788085937 -0.071441650390625
0.10882568359375 -0.165420532226563 0.0658035278320313 -0.12933349609375
0.0218963623046875 -0.196014404296875 0.0142135620117187 -0.112968444824219
0.0173187255859375 -0.184066772460938 -0.000953674316406248 -0.0603675842285156
0.014923095703125 -0.203414916992187 0.00624179840087891 -0.0148534774780274
0.0648956298828125 -0.197021484375 0.00306296348571778 0.003892183303833
0.152816772460938 -0.136581420898437 -0.0228347778320312 0.0387229919433594
0.2042236328125 -0.0469970703125 -0.0484352111816406 0.0179710388183594
0.182022094726563 0.135772705078125 -0.07470703125 -0.0327987670898437
0.110107421875 0.255279541015625 -0.00524902343749999 -0.0461769104003906
0.000244140624999988 0.291717529296875 0.0144729614257812 0.0512924194335938
-0.13629150390625 0.254318237304688 0.156845092773438 0.158493041992188
-0.0386962890625 0.283477783203125 0.117477416992188 0.216796875
0.0816802978515625 0.25994873046875 0.140960693359375 0.150955200195313
0.212539672851563 0.128005981445313 0.172760009765625 0.061004638671875
0.214111328125 -0.0275115966796875 0.117591857910156 -0.0152130126953125
0.137008666992188 -0.164031982421875 0.0521965026855469 -0.0555801391601563
0.0404205322265625 -0.202743530273438 0.0236454010009766 -0.0332622528076172
0.02886962890625 -0.189056396484375 0.0166721343994141 0.0102109909057617
0.027099609375 -0.212356567382813 0.0168533325195313 0.0517311096191406
0.0751800537109375 -0.202911376953125 -0.00251007080078124 0.0635643005371094
0.163116455078125 -0.132064819335938 -0.0366592407226562 0.0782318115234375
0.20733642578125 -0.03265380859375 -0.0603065490722656 0.0381393432617188
0.161514282226563 0.1533203125 -0.0675239562988281 -0.0177040100097656
0.064788818359375 0.2567138671875 0.0168037414550781 0.00304794311523439
-0.050079345703125 0.2657470703125 -0.0039520263671875 0.134422302246094
-0.163558959960938 0.15533447265625 0.103988647460938 0.235260009765625
-0.09832763671875 0.21343994140625 0.0853424072265625 0.270553588867188
0.01190185546875 0.228164672851563 0.115203857421875 0.167800903320313
0.153457641601563 0.145126342773438 0.126289367675781 0.083404541015625
0.185989379882812 0.006134033203125 0.0733261108398438 0.0274810791015625
0.137504577636719 -0.130996704101563 0.0309791564941406 0.0134372711181641
0.05145263671875 -0.176010131835938 0.0277900695800781 0.0426902770996094
0.03729248046875 -0.166183471679688 0.0314788818359375 0.0783615112304687
0.0341033935546875 -0.190322875976563 0.0257568359375 0.116256713867188
0.07769775390625 -0.181884765625 -0.0103378295898438 0.12213134765625
0.157150268554688 -0.11151123046875 -0.054656982421875 0.115852355957031
0.191940307617188 -0.012481689453125 -0.0772018432617187 0.054840087890625
0.12554931640625 0.160247802734375 -0.0669479370117187 -0.00618362426757811
0.010528564453125 0.237411499023438 0.0222892761230469 0.0473480224609375
-0.100357055664063 0.210983276367188 -0.0397491455078125 0.203170776367188
-0.161361694335938 0.03204345703125 0.05694580078125 0.266098022460938
-0.129814147949219 0.103019714355469 0.058868408203125 0.2835693359375
-0.0520477294921875 0.146575927734375 0.094879150390625 0.16058349609375
0.0694808959960938 0.125473022460938 0.0844268798828125 0.087158203125
0.122695922851562 0.0328826904296875 0.0339813232421875 0.050750732421875
0.111427307128906 -0.0774993896484375 0.00998306274414064 0.0649948120117188
0.0521621704101563 -0.121696472167969 0.0277786254882813 0.1036376953125
0.0381546020507813 -0.1185302734375 0.0414810180664063 0.134063720703125
0.0367279052734375 -0.141098022460938 0.0317840576171875 0.170684814453125
0.0701065063476562 -0.13726806640625 -0.021942138671875 0.173934936523438
0.131927490234375 -0.0790252685546875 -0.0742645263671875 0.148773193359375
0.154495239257813 0.0058746337890625 -0.0995254516601562 0.0705795288085937
0.0786895751953125 0.147918701171875 -0.074981689453125 0.00303649902343752
-0.0430755615234375 0.188720703125 0.0106887817382813 0.0838775634765625
-0.138099670410156 0.128890991210938 -0.0907745361328125 0.249359130859375
0.128082275390625 -0.0034637451171875 0.0917510986328125 -0.263320922851562
0.0622634887695313 -0.117225646972656 0.0223464965820312 -0.0930557250976563
-0.0492019653320313 -0.0989837646484375 0.0851669311523438 -0.00947570800781251
-0.0949859619140625 -0.0238876342773438 0.144287109375 -0.086212158203125
-0.0824661254882813 0.0412216186523438 0.096771240234375 -0.187484741210937
-0.0424118041992188 0.0903244018554688 0.00631713867187499 -0.239410400390625
-0.024993896484375 0.0716323852539063 -0.06256103515625 -0.219100952148437
-0.0337677001953125 0.0561103820800781 -0.06451416015625 -0.17218017578125
-0.0504341125488281 0.0638236999511719 -0.0413055419921875 -0.138458251953125
-0.075958251953125 0.0134201049804687 -0.0211639404296875 -0.107887268066406
-0.0645942687988281 -0.0565605163574219 -0.0241966247558594 -0.0665245056152344
0.000930786132812502 -0.0904388427734375 -0.0534820556640625 -0.0848464965820312
0.103897094726563 -0.0661163330078125 -0.0799560546875 -0.17236328125
0.153823852539062 0.0033721923828125 -0.068817138671875 -0.27313232421875
0.136886596679688 0.0733413696289063 -0.026702880859375 -0.267257690429688
0.115440368652344 0.117385864257813 0.143768310546875 -0.244522094726563
0.107307434082031 -0.0144882202148437 0.059051513671875 -0.083831787109375
0.0283355712890625 -0.0417671203613281 0.111312866210938 -0.002227783203125
-0.00881767272949219 -0.0308017730712891 0.176361083984375 -0.0884857177734375
-0.0220432281494141 -0.0080718994140625 0.122268676757813 -0.195205688476563
-0.0199928283691406 0.0111484527587891 0.02008056640625 -0.2567138671875
-0.0288925170898438 -0.0104427337646484 -0.0590667724609375 -0.237152099609375
-0.0303440093994141 -0.0209274291992188 -0.065216064453125 -0.181900024414063
-0.0397377014160156 -0.0220146179199219 -0.037384033203125 -0.144515991210938
-0.0314712524414062 -0.0578842163085938 -0.0110244750976563 -0.113533020019531
0.0121688842773438 -0.0868606567382812 -0.0155982971191406 -0.0577545166015625
0.0794143676757812 -0.073577880859375 -0.0454788208007813 -0.0622673034667969
0.146682739257812 0.0149993896484375 -0.088409423828125 -0.133567810058594
0.1624755859375 0.111724853515625 -0.0708465576171875 -0.225540161132813
0.11895751953125 0.179595947265625 -0.00639343261718748 -0.216323852539063
0.07684326171875 0.227691650390625 0.185653686523438 -0.18463134765625
0.127922058105469 0.106742858886719 0.0992889404296875 -0.0421524047851562
0.105308532714844 0.04217529296875 0.141448974609375 0.0197601318359375
0.0912857055664063 -0.0213241577148438 0.205841064453125 -0.0749969482421875
0.0546188354492188 -0.0541229248046875 0.146194458007813 -0.181640625
0.0134353637695312 -0.0713043212890625 0.0368499755859375 -0.244766235351562
-0.025970458984375 -0.0927963256835938 -0.0449371337890625 -0.225906372070312
-0.0242462158203125 -0.09576416015625 -0.0558624267578125 -0.16510009765625
-0.0288543701171875 -0.105110168457031 -0.0292282104492188 -0.121955871582031
0.00485992431640624 -0.124061584472656 -0.00692749023437501 -0.0938873291015625
0.07403564453125 -0.1180419921875 -0.0155735015869141 -0.0347557067871094
0.141372680664063 -0.0706634521484375 -0.0449180603027344 -0.0349082946777344
0.182403564453125 0.0680999755859375 -0.0940399169921875 -0.0915145874023438
0.170883178710938 0.187973022460938 -0.0637969970703125 -0.165802001953125
0.0990753173828125 0.254608154296875 0.00693511962890626 -0.139434814453125
0.016204833984375 0.30499267578125 0.209808349609375 -0.0863800048828125
0.11395263671875 0.222381591796875 0.13336181640625 0.0308914184570313
0.15753173828125 0.140716552734375 0.163986206054688 0.059234619140625
0.184646606445313 0.010772705078125 0.222564697265625 -0.0416412353515625
0.135643005371094 -0.0811309814453125 0.157730102539062 -0.142745971679688
0.055328369140625 -0.14190673828125 0.05047607421875 -0.203384399414062
-0.0154876708984375 -0.161849975585938 -0.021636962890625 -0.184326171875
-0.014312744140625 -0.156158447265625 -0.0357131958007813 -0.122512817382813
-0.0172271728515625 -0.171539306640625 -0.0159759521484375 -0.0758590698242188
0.029815673828125 -0.178070068359375 -0.0052337646484375 -0.0526351928710938
0.118576049804688 -0.14447021484375 -0.0197372436523437 -0.000951766967773446
0.184539794921875 -0.0732269287109375 -0.047149658203125 -0.00665664672851562
0.2042236328125 0.100494384765625 -0.0908660888671875 -0.0559158325195313
0.166824340820313 0.233322143554688 -0.0417098999023438 -0.106040954589844
0.07080078125 0.29644775390625 0.0165596008300781 -0.0486259460449219
-0.053741455078125 0.325286865234375 0.205184936523437 0.0339508056640625
0.060546875 0.2960205078125 0.146072387695312 0.123931884765625
0.161331176757813 0.227081298828125 0.169235229492188 0.105682373046875
0.240585327148438 0.06207275390625 0.215087890625 0.005584716796875
0.197998046875 -0.0797882080078125 0.149765014648438 -0.0855712890625
0.0970611572265625 -0.182937622070313 0.0571136474609375 -0.137611389160156
0.00112915039062498 -0.205184936523438 0.001312255859375 -0.116859436035156
-0.00276184082031249 -0.192947387695313 -0.0106315612792969 -0.0609855651855469
-0.00761413574218751 -0.21392822265625 0.00101757049560547 -0.0142879486083985
0.045196533203125 -0.211456298828125 -0.00329279899597168 0.00317668914794921
0.144744873046875 -0.1595458984375 -0.0263214111328125 0.0405502319335938
0.208282470703125 -0.0702972412109375 -0.0528450012207031 0.0185890197753906
0.20562744140625 0.124496459960938 -0.0808563232421875 -0.0313186645507812
0.141937255859375 0.256393432617188 -0.00951004028320311 -0.0520744323730469
0.029632568359375 0.303558349609375 0.019439697265625 0.0458908081054688
-0.115142822265625 0.28179931640625 0.174118041992188 0.14910888671875
-0.01116943359375 0.300079345703125 0.134963989257812 0.212509155273438
0.114990234375 0.264739990234375 0.155181884765625 0.146026611328125
0.235275268554688 0.112167358398437 0.182022094726563 0.0504608154296875
0.219512939453125 -0.0526123046875 0.120445251464844 -0.02386474609375
0.125030517578125 -0.1846923828125 0.0504493713378906 -0.0591468811035156
0.0186614990234375 -0.214065551757813 0.0200729370117188 -0.0363044738769531
0.00813293457031251 -0.199371337890625 0.0152072906494141 0.0101547241210937
0.00245666503906251 -0.224105834960937 0.0199089050292969 0.0547027587890625
0.0543975830078125 -0.218902587890625 -0.00167465209960937 0.0667495727539062
0.155609130859375 -0.15667724609375 -0.035797119140625 0.0839385986328125
0.212677001953125 -0.0561981201171875 -0.0628738403320313 0.0423622131347656
0.18621826171875 0.144271850585938 -0.072998046875 -0.0154647827148437
0.095611572265625 0.261962890625 0.0174655914306641 -0.00284385681152342
-0.025115966796875 0.281585693359375 0.00839996337890623 0.134941101074219
-0.152816772460938 0.181427001953125 0.126495361328125 0.234909057617188
-0.07891845703125 0.23321533203125 0.10784912109375 0.271881103515625
0.039459228515625 0.239349365234375 0.130096435546875 0.16497802734375
0.17681884765625 0.1336669921875 0.135215759277344 0.0790786743164063
0.193313598632812 -0.0147705078125 0.0794143676757813 0.025909423828125
0.1278076171875 -0.151336669921875 0.0359954833984375 0.0143241882324219
0.0320281982421875 -0.1875 0.0334701538085938 0.0415573120117187
0.0179290771484375 -0.176162719726563 0.0383682250976563 0.0780410766601562
0.012420654296875 -0.201934814453125 0.0374908447265625 0.119911193847656
0.0584716796875 -0.197097778320313 -0.00316619873046875 0.128341674804687
0.150222778320313 -0.13446044921875 -0.0489730834960937 0.126205444335938
0.19769287109375 -0.0348968505859375 -0.0788116455078125 0.0626602172851562
0.149124145507813 0.154296875 -0.0717391967773437 -0.00316619873046874
0.0380096435546875 0.245513916015625 0.0282173156738281 0.0427627563476563
-0.080596923828125 0.228866577148437 -0.0217742919921875 0.211196899414063
-0.162857055664063 0.0527191162109375 0.0801849365234375 0.2728271484375
-0.121955871582031 0.123146057128906 0.081512451171875 0.28912353515625
-0.0347137451171875 0.160308837890625 0.107452392578125 0.159805297851563
0.08758544921875 0.121917724609375 0.092559814453125 0.0868453979492188
0.130317687988281 0.017822265625 0.0425186157226563 0.0542755126953125
0.104804992675781 -0.0939407348632813 0.0212860107421875 0.0695991516113281
0.0385360717773438 -0.131134033203125 0.0399856567382813 0.103736877441406
0.02392578125 -0.126792907714844 0.0559234619140625 0.134078979492188
0.0199432373046875 -0.149978637695313 0.04937744140625 0.174957275390625
0.05511474609375 -0.149093627929688 -0.00837707519531249 0.183380126953125
0.126457214355469 -0.0978012084960938 -0.0657806396484375 0.163116455078125
0.160049438476562 -0.0120086669921875 -0.0993728637695312 0.0812454223632813
0.097930908203125 0.145278930664063 -0.0789566040039063 0.006622314453125
-0.022247314453125 0.199661254882812 0.0194549560546875 0.0810546875
-0.127182006835938 0.14703369140625 -0.06866455078125 0.264617919921875
0.126411437988281 -0.0150909423828125 0.0693817138671875 -0.2735595703125
0.0505218505859375 -0.121482849121094 0.0134353637695313 -0.0916900634765625
-0.0585556030273438 -0.0931167602539063 0.0861282348632813 -0.0122222900390625
-0.0970993041992188 -0.0130996704101562 0.140792846679688 -0.096893310546875
-0.0768203735351563 0.050933837890625 0.081756591796875 -0.19586181640625
-0.0301971435546875 0.0939254760742188 -0.01629638671875 -0.24114990234375
-0.0155715942382813 0.074127197265625 -0.084014892578125 -0.214767456054688
-0.0267219543457031 0.0594253540039062 -0.08203125 -0.16668701171875
-0.0414772033691406 0.0674705505371094 -0.0573348999023438 -0.135246276855469
-0.0723876953125 0.021942138671875 -0.0361862182617188 -0.106979370117188
-0.06951904296875 -0.0471458435058594 -0.0327072143554688 -0.0702590942382813
-0.00839996337890625 -0.0888748168945313 -0.06048583984375 -0.0863037109375
0.0956649780273438 -0.0756378173828125 -0.09051513671875 -0.16943359375
0.151947021484375 -0.011444091796875 -0.0889434814453125 -0.270538330078125
0.141250610351563 0.05987548828125 -0.04852294921875 -0.271163940429688
0.124916076660156 0.108055114746094 0.122573852539063 -0.25946044921875
0.105247497558594 -0.0217971801757813 0.0499496459960938 -0.085296630859375
0.0256729125976563 -0.0418548583984375 0.112327575683594 -0.00666046142578125
-0.0103034973144531 -0.0290088653564453 0.1724853515625 -0.101486206054688
-0.0206394195556641 -0.00508308410644531 0.1063232421875 -0.205352783203125
-0.0157642364501953 0.011897087097168 -0.00369262695312502 -0.259384155273438
-0.0280475616455078 -0.00863265991210937 -0.08197021484375 -0.232254028320313
-0.0316829681396484 -0.0187473297119141 -0.084259033203125 -0.175201416015625
-0.0394630432128906 -0.0198554992675781 -0.0548248291015625 -0.140869140625
-0.0349464416503906 -0.0548896789550781 -0.0278472900390625 -0.113784790039063
0.00513458251953125 -0.0858001708984375 -0.0249443054199219 -0.0620193481445313
0.0727386474609375 -0.079376220703125 -0.0515251159667969 -0.0655136108398438
0.147430419921875 0.002593994140625 -0.0960540771484375 -0.129867553710938
0.171737670898438 0.09820556640625 -0.0871429443359375 -0.223968505859375
0.133438110351562 0.16937255859375 -0.0233612060546875 -0.22308349609375
0.096435546875 0.224014282226563 0.170166015625 -0.202499389648438
0.137115478515625 0.0979995727539063 0.092742919921875 -0.04730224609375
0.11126708984375 0.0352554321289063 0.142303466796875 0.0132293701171875
0.0918426513671875 -0.0289459228515625 0.201614379882813 -0.089202880859375
0.0520973205566406 -0.0579490661621094 0.13104248046875 -0.192855834960938
0.00972747802734376 -0.0737380981445313 0.015045166015625 -0.248703002929688
-0.0336074829101563 -0.0909805297851563 -0.0669708251953125 -0.221633911132812
-0.0333938598632813 -0.0943756103515625 -0.073638916015625 -0.158187866210938
-0.0380401611328125 -0.104393005371094 -0.0453338623046875 -0.117904663085938
-0.00586700439453124 -0.125709533691406 -0.0235366821289062 -0.0938339233398438
0.0646209716796875 -0.124961853027344 -0.0246620178222656 -0.0375480651855469
0.137039184570313 -0.0827713012695312 -0.0501747131347656 -0.0367660522460938
0.190322875976562 0.05377197265625 -0.0993270874023438 -0.0885238647460937
0.188186645507813 0.174575805664063 -0.07635498046875 -0.165069580078125
0.120361328125 0.248397827148438 -0.00473022460937498 -0.147796630859375
0.043701171875 0.3074951171875 0.201309204101563 -0.104751586914062
0.133773803710938 0.214950561523438 0.130912780761719 0.022796630859375
0.173919677734375 0.129623413085938 0.167068481445313 0.0504608154296875
0.189422607421875 -0.004638671875 0.219894409179687 -0.0563812255859375
0.1297607421875 -0.094207763671875 0.146331787109375 -0.154739379882813
0.044647216796875 -0.148956298828125 0.0341033935546875 -0.208236694335938
-0.0306854248046875 -0.161575317382813 -0.040374755859375 -0.181289672851563
-0.029693603515625 -0.155853271484375 -0.0501327514648438 -0.117500305175781
-0.0343780517578125 -0.17303466796875 -0.0272598266601563 -0.0727767944335938
0.0135498046875 -0.1827392578125 -0.0181655883789063 -0.0520553588867188
0.106781005859375 -0.15753173828125 -0.0262832641601562 -0.0017223358154297
0.180267333984375 -0.09063720703125 -0.0519752502441406 -0.00714874267578125
0.2166748046875 0.0847625732421875 -0.0950851440429687 -0.05291748046875
0.190231323242188 0.221435546875 -0.04937744140625 -0.107696533203125
0.095977783203125 0.29302978515625 0.0125350952148438 -0.0566482543945312
-0.024139404296875 0.335479736328125 0.206130981445313 0.0170440673828125
0.087615966796875 0.293701171875 0.151351928710938 0.11407470703125
0.187835693359375 0.216415405273438 0.175003051757813 0.0966339111328125
0.249771118164062 0.0411376953125 0.21490478515625 -0.0087890625
0.192230224609375 -0.0992431640625 0.1436767578125 -0.0962066650390625
0.081939697265625 -0.194168090820313 0.0468673706054688 -0.140525817871094
-0.0190277099609375 -0.206832885742188 -0.0107345581054687 -0.116264343261719
-0.0225067138671875 -0.1937255859375 -0.0200157165527344 -0.0579643249511719
-0.029205322265625 -0.2158203125 -0.00335121154785156 -0.01165771484375
0.0247039794921875 -0.217941284179688 -0.0105142593383789 0.00472354888916014
0.130599975585938 -0.175674438476563 -0.0285758972167969 0.0419883728027344
0.203994750976563 -0.0912322998046875 -0.0560340881347656 0.0207672119140625
0.221588134765625 0.108322143554688 -0.0849075317382812 -0.028167724609375
0.168426513671875 0.24700927734375 -0.0144805908203125 -0.0557022094726562
0.056488037109375 0.304931640625 0.0229606628417969 0.0386276245117188
-0.08807373046875 0.2965087890625 0.185012817382813 0.1363525390625
0.016693115234375 0.304595947265625 0.147842407226563 0.20343017578125
0.144119262695313 0.25897216796875 0.162612915039063 0.136764526367188
0.24945068359375 0.090667724609375 0.18511962890625 0.0389404296875
0.215972900390625 -0.07427978515625 0.119903564453125 -0.030975341796875
0.108428955078125 -0.198715209960938 0.0482444763183594 -0.0615005493164063
-0.002960205078125 -0.216766357421875 0.0163154602050781 -0.0371360778808594
-0.0124053955078125 -0.201248168945313 0.013824462890625 0.0101394653320312
-0.020904541015625 -0.226089477539063 0.0224075317382813 0.05535888671875
0.0316314697265625 -0.226455688476563 -0.00127029418945313 0.06842041015625
0.141555786132813 -0.1741943359375 -0.0326461791992187 0.0879058837890625
0.209808349609375 -0.0785675048828125 -0.0640335083007812 0.0460777282714844
0.20367431640625 0.129638671875 -0.0763320922851562 -0.0129165649414062
0.123809814453125 0.25604248046875 0.0163173675537109 -0.00943088531494139
0.00170898437500001 0.2861328125 0.01934814453125 0.130439758300781
-0.135345458984375 0.200546264648438 0.143798828125 0.227554321289062
-0.0559539794921875 0.243804931640625 0.1256103515625 0.265411376953125
0.0657806396484375 0.238922119140625 0.138824462890625 0.157928466796875
0.193161010742188 0.11724853515625 0.140121459960938 0.0725631713867188
0.192169189453125 -0.0357513427734375 0.0829925537109375 0.0219268798828125
0.112762451171875 -0.165679931640625 0.0410537719726563 0.0133895874023437
0.0126800537109375 -0.190811157226563 0.03631591796875 0.0390625
-0.00163269042968749 -0.17816162109375 0.0436553955078125 0.0756149291992187
-0.00968933105468749 -0.204177856445313 0.046966552734375 0.119056701660156
0.0376434326171875 -0.203704833984375 0.005279541015625 0.130638122558594
0.137359619140625 -0.150726318359375 -0.0415191650390625 0.132133483886719
0.19476318359375 -0.055511474609375 -0.07720947265625 0.0694046020507813
0.167007446289063 0.142486572265625 -0.0740280151367187 0.000480651855468752
0.063323974609375 0.244247436523438 0.0319671630859375 0.0352249145507813
-0.0588531494140625 0.238113403320313 -0.00404357910156251 0.210800170898438
-0.156646728515625 0.07159423828125 0.100997924804687 0.271194458007813
-0.109657287597656 0.136314392089844 0.102325439453125 0.2845458984375
-0.016143798828125 0.165679931640625 0.115402221679687 0.154251098632813
0.102256774902344 0.112754821777344 0.0981292724609375 0.084014892578125
0.131996154785156 0.0032501220703125 0.0493927001953125 0.0539588928222656
0.0940475463867188 -0.105194091796875 0.0312843322753906 0.0697174072265625
0.0232162475585937 -0.134819030761719 0.0504150390625 0.100570678710938
0.00930786132812499 -0.12908935546875 0.0678939819335938 0.128952026367188
0.0036163330078125 -0.152862548828125 0.06512451171875 0.17315673828125
0.03875732421875 -0.155242919921875 0.00640869140625001 0.186203002929688
0.116668701171875 -0.111923217773438 -0.0540618896484375 0.170623779296875
0.158111572265625 -0.02886962890625 -0.0955734252929687 0.0899581909179688
0.113677978515625 0.136642456054688 -0.08026123046875 0.0106430053710938
-0.0011138916015625 0.202484130859375 0.0268402099609375 0.075592041015625
-0.111892700195313 0.159072875976563 -0.0460968017578125 0.270034790039063
0.123039245605469 -0.0227279663085938 0.0530853271484375 -0.276535034179687
0.041259765625 -0.121871948242187 0.00800323486328124 -0.0890426635742188
-0.0647964477539063 -0.0876235961914063 0.087066650390625 -0.0130538940429688
-0.0966873168945312 -0.0058746337890625 0.137939453125 -0.103309631347656
-0.0703887939453125 0.0566253662109375 0.07135009765625 -0.198837280273438
-0.0207138061523438 0.0936203002929687 -0.0310821533203125 -0.23834228515625
-0.00833892822265624 0.0736770629882813 -0.09674072265625 -0.208358764648438
-0.022369384765625 0.0606765747070313 -0.092620849609375 -0.159286499023438
-0.034576416015625 0.0685882568359375 -0.0676956176757813 -0.129585266113281
-0.0681838989257812 0.027496337890625 -0.045867919921875 -0.103523254394531
-0.0711441040039063 -0.0389556884765625 -0.0393600463867188 -0.0719985961914063
-0.014923095703125 -0.085601806640625 -0.0643234252929688 -0.0881729125976563
0.088165283203125 -0.0809402465820313 -0.0947723388671875 -0.165908813476563
0.147430419921875 -0.021575927734375 -0.100738525390625 -0.26715087890625
0.142745971679688 0.0497589111328125 -0.0629425048828125 -0.270889282226563
0.129310607910156 0.1005859375 0.106735229492188 -0.265869140625
0.101806640625 -0.0267715454101563 0.0433120727539063 -0.084320068359375
0.0239982604980469 -0.0416183471679688 0.112098693847656 -0.00860595703125
-0.0109233856201172 -0.0266742706298828 0.167861938476563 -0.108062744140625
-0.0184516906738281 -0.00258064270019531 0.095123291015625 -0.208297729492188
-0.0114326477050781 0.0111217498779297 -0.019744873046875 -0.256271362304688
-0.0263900756835937 -0.00776481628417969 -0.0968475341796875 -0.225082397460938
-0.0321578979492187 -0.0162391662597656 -0.0964202880859375 -0.1673583984375
-0.0395240783691406 -0.0192642211914063 -0.0672378540039062 -0.134719848632813
-0.0362625122070313 -0.05206298828125 -0.040435791015625 -0.110206604003906
0.000862121582031245 -0.0832138061523438 -0.03289794921875 -0.0640525817871094
0.0683135986328125 -0.0812454223632813 -0.0555305480957031 -0.0677108764648438
0.145126342773438 -0.004791259765625 -0.0992355346679688 -0.1282958984375
0.1744384765625 0.0873870849609375 -0.0965118408203125 -0.220611572265625
0.140945434570313 0.160797119140625 -0.036163330078125 -0.225875854492188
0.108474731445312 0.217620849609375 0.1558837890625 -0.211135864257813
0.141250610351563 0.090423583984375 0.0864944458007813 -0.049285888671875
0.115707397460938 0.0307235717773438 0.141845703125 0.0099334716796875
0.0911026000976563 -0.0332260131835938 0.196319580078125 -0.097198486328125
0.0492935180664063 -0.0608100891113281 0.119613647460937 -0.196807861328125
0.00770568847656249 -0.076446533203125 -0.000137329101562475 -0.246414184570313
-0.0383148193359375 -0.0897216796875 -0.082061767578125 -0.214508056640625
-0.03912353515625 -0.0918731689453125 -0.0855255126953125 -0.149642944335938
-0.0439682006835937 -0.103057861328125 -0.0563735961914063 -0.112449645996094
-0.0133056640625 -0.125144958496094 -0.0362167358398438 -0.0909957885742188
0.05731201171875 -0.127456665039063 -0.032623291015625 -0.0390625
0.131629943847656 -0.0901031494140625 -0.0546760559082031 -0.0396080017089844
0.193038940429688 0.043548583984375 -0.101654052734375 -0.0865478515625
0.197860717773438 0.163726806640625 -0.0837860107421875 -0.164215087890625
0.133102416992188 0.241012573242188 -0.0137176513671875 -0.152618408203125
0.06231689453125 0.304656982421875 0.192626953125 -0.115997314453125
0.146072387695313 0.207733154296875 0.127212524414063 0.0175018310546875
0.184555053710938 0.121200561523438 0.16656494140625 0.04510498046875
0.189682006835937 -0.0154571533203125 0.215225219726563 -0.064697265625
0.124290466308594 -0.101387023925781 0.13720703125 -0.159881591796875
0.0370635986328125 -0.15252685546875 0.0216217041015625 -0.207489013671875
-0.040771484375 -0.159439086914063 -0.053192138671875 -0.176406860351563
-0.04095458984375 -0.153579711914063 -0.0597305297851563 -0.110519409179688
-0.04705810546875 -0.170761108398438 -0.0344390869140625 -0.0683326721191406
0.00111389160156252 -0.184036254882813 -0.0279083251953125 -0.0496749877929688
0.096038818359375 -0.16485595703125 -0.0320701599121094 -0.00172424316406251
0.175216674804688 -0.102294921875 -0.0553665161132812 -0.00825119018554689
0.22357177734375 0.0728607177734375 -0.0973587036132812 -0.0518035888671875
0.2052001953125 0.211257934570313 -0.055267333984375 -0.108444213867187
0.111907958984375 0.28692626953125 0.00734710693359376 -0.0636100769042969
-0.00354003906249997 0.337127685546875 0.203933715820313 0.00541687011718752
0.10589599609375 0.28778076171875 0.151336669921875 0.1065673828125
0.203643798828125 0.205520629882813 0.175811767578125 0.090667724609375
0.253936767578125 0.0258026123046875 0.212554931640625 -0.01641845703125
0.185134887695313 -0.111312866210938 0.137664794921875 -0.10076904296875
0.069732666015625 -0.198959350585938 0.0394744873046875 -0.141510009765625
-0.03289794921875 -0.204315185546875 -0.0195846557617188 -0.113288879394531
-0.0371551513671875 -0.191375732421875 -0.0258598327636719 -0.0535621643066406
-0.0458221435546875 -0.213409423828125 -0.00708484649658203 -0.00863552093505861
0.00816345214843752 -0.22021484375 -0.0159139633178711 0.0071573257446289
0.118133544921875 -0.184677124023438 -0.0316162109375 0.0430908203125
0.198837280273438 -0.105697631835937 -0.0578384399414062 0.0212364196777344
0.231033325195313 0.0951690673828125 -0.0867691040039062 -0.0272445678710937
0.185638427734375 0.23712158203125 -0.018310546875 -0.0595321655273437
0.07427978515625 0.301055908203125 0.0230216979980469 0.0315361022949219
-0.069488525390625 0.303924560546875 0.188888549804687 0.125534057617188
0.03631591796875 0.303131103515625 0.153427124023438 0.194931030273438
0.163543701171875 0.250320434570313 0.165023803710938 0.130844116210938
0.256881713867188 0.0740966796875 0.1839599609375 0.0335540771484375
0.209503173828125 -0.0887451171875 0.118125915527344 -0.0348434448242188
0.094879150390625 -0.206436157226563 0.0464210510253906 -0.0625572204589844
-0.0184173583984375 -0.214950561523438 0.01275634765625 -0.0369071960449219
-0.0274658203125 -0.198837280273438 0.0115175247192383 0.0110063552856445
-0.038848876953125 -0.223968505859375 0.0244331359863281 0.0553245544433594
0.014617919921875 -0.228759765625 -0.00205612182617188 0.0698814392089844
0.12860107421875 -0.1849365234375 -0.0323028564453125 0.0898895263671875
0.204544067382812 -0.093048095703125 -0.0643501281738281 0.0487861633300781
0.214874267578125 0.116546630859375 -0.0781631469726562 -0.0105819702148437
0.1422119140625 0.248641967773438 0.0147085189819336 -0.014430046081543
0.0196533203125 0.28564453125 0.025634765625 0.123863220214844
-0.121322631835937 0.211380004882812 0.153518676757813 0.220733642578125
-0.0394134521484375 0.247543334960938 0.135040283203125 0.258087158203125
0.0851898193359375 0.235382080078125 0.141082763671875 0.15228271484375
0.2025146484375 0.10308837890625 0.14093017578125 0.06866455078125
0.187484741210938 -0.0493316650390625 0.0860214233398438 0.0200729370117187
0.100051879882812 -0.173049926757813 0.0443115234375 0.0116043090820312
-0.00224304199218751 -0.189834594726562 0.0386276245117188 0.0365867614746094
-0.0152740478515625 -0.176300048828125 0.04669189453125 0.0731201171875
-0.0257720947265625 -0.20220947265625 0.0536575317382813 0.116645812988281
0.02117919921875 -0.206588745117188 0.00967407226562499 0.131584167480469
0.125991821289063 -0.160903930664063 -0.036712646484375 0.135604858398438
0.190399169921875 -0.0692596435546875 -0.0764389038085937 0.072998046875
0.178451538085938 0.131759643554688 -0.0758819580078125 0.00147247314453126
0.0820159912109375 0.23980712890625 0.0325736999511719 0.0294265747070313
-0.04290771484375 0.240386962890625 0.00726318359375002 0.206344604492188
-0.149688720703125 0.083892822265625 0.114105224609375 0.267562866210938
-0.0977783203125 0.144058227539063 0.112411499023437 0.279037475585938
-0.00105285644531249 0.166610717773438 0.118072509765625 0.150299072265625
0.112525939941406 0.103790283203125 0.101081848144531 0.0829696655273438
0.130470275878906 -0.0075836181640625 0.0547370910644531 0.053955078125
0.0848236083984375 -0.11199951171875 0.0392341613769531 0.0675125122070313
0.011993408203125 -0.1348876953125 0.0569381713867188 0.0956954956054687
-0.0014495849609375 -0.128555297851563 0.0740890502929688 0.123321533203125
-0.00912475585937501 -0.15130615234375 0.0750732421875 0.168487548828125
0.025421142578125 -0.157211303710938 0.0157470703125 0.186508178710938
0.107292175292969 -0.119674682617187 -0.04583740234375 0.174453735351563
0.15496826171875 -0.0400238037109375 -0.0929031372070312 0.0952911376953125
0.123558044433594 0.128929138183594 -0.0817794799804688 0.01251220703125
0.0137939453125 0.201416015625 0.0311660766601563 0.0685882568359375
-0.099578857421875 0.163726806640625 -0.029876708984375 0.268997192382813
0.121345520019531 -0.02801513671875 0.043212890625 -0.283233642578125
0.03607177734375 -0.123245239257813 0.00414276123046875 -0.0881729125976563
-0.0694961547851562 -0.0840530395507813 0.0891876220703125 -0.012786865234375
-0.097076416015625 -0.000717163085937479 0.138313293457031 -0.107528686523438
-0.06634521484375 0.0610427856445313 0.0654754638671875 -0.202011108398438
-0.0141220092773437 0.093414306640625 -0.040374755859375 -0.237945556640625
-0.00302124023437499 0.07318115234375 -0.106658935546875 -0.205810546875
-0.0180625915527344 0.0621414184570313 -0.100662231445313 -0.156265258789063
-0.02984619140625 0.0690231323242188 -0.0758285522460938 -0.126853942871094
-0.0650444030761719 0.0319786071777344 -0.053558349609375 -0.101425170898438
-0.072540283203125 -0.0337142944335938 -0.0457763671875 -0.0753250122070313
-0.0190582275390625 -0.08404541015625 -0.0683441162109375 -0.092437744140625
0.083038330078125 -0.0852203369140625 -0.0972137451171875 -0.168441772460937
0.1453857421875 -0.028045654296875 -0.107162475585937 -0.268280029296875
0.143966674804688 0.044097900390625 -0.07159423828125 -0.274871826171875
0.13336181640625 0.0976638793945312 0.0971221923828125 -0.27337646484375
0.101417541503906 -0.0294189453125 0.0400238037109375 -0.08380126953125
0.0235977172851563 -0.0406875610351562 0.114219665527344 -0.00914764404296875
-0.010894775390625 -0.0253047943115234 0.167709350585938 -0.113235473632813
-0.0162382125854492 -0.00171089172363281 0.0886993408203125 -0.21234130859375
-0.00812911987304687 0.00933551788330078 -0.0302276611328125 -0.257156372070312
-0.0254535675048828 -0.00782203674316406 -0.107650756835938 -0.221908569335938
-0.0326251983642578 -0.0158157348632813 -0.1048583984375 -0.1619873046875
-0.0393333435058594 -0.0192298889160156 -0.0761947631835937 -0.13134765625
-0.0371208190917969 -0.0509033203125 -0.0504302978515625 -0.109375
-0.00157928466796875 -0.082244873046875 -0.0401229858398437 -0.0672645568847656
0.0652847290039063 -0.0833663940429688 -0.05975341796875 -0.0720596313476562
0.145721435546875 -0.0104827880859375 -0.100822448730469 -0.130157470703125
0.17852783203125 0.081329345703125 -0.102249145507813 -0.222671508789062
0.146331787109375 0.157760620117187 -0.044036865234375 -0.232513427734375
0.117660522460937 0.217071533203125 0.14892578125 -0.219619750976563
0.146087646484375 0.0876617431640625 0.0831527709960938 -0.0496597290039062
0.119049072265625 0.0277938842773438 0.143280029296875 0.0093994140625
0.0924301147460938 -0.0365524291992188 0.1961669921875 -0.102691650390625
0.0499305725097656 -0.0630455017089844 0.114242553710938 -0.201278686523438
0.0072479248046875 -0.0795364379882813 -0.00946044921875 -0.24761962890625
-0.0416717529296875 -0.089874267578125 -0.0922393798828125 -0.2113037109375
-0.0434036254882812 -0.0911712646484375 -0.0937957763671875 -0.144393920898438
-0.0487213134765625 -0.103073120117188 -0.0642471313476563 -0.108978271484375
-0.0177841186523438 -0.126670837402344 -0.0460433959960938 -0.088531494140625
0.0531997680664063 -0.130867004394531 -0.0398483276367187 -0.0409088134765625
0.130569458007813 -0.0952529907226562 -0.0585289001464844 -0.0429801940917969
0.1976318359375 0.03741455078125 -0.103492736816406 -0.0884475708007813
0.206100463867188 0.158309936523438 -0.0892791748046875 -0.166717529296875
0.1412353515625 0.239608764648438 -0.0206298828125 -0.159530639648437
0.074371337890625 0.306365966796875 0.1883544921875 -0.1243896484375
0.15423583984375 0.204940795898438 0.125106811523438 0.0163421630859375
0.193527221679688 0.11614990234375 0.167938232421875 0.045196533203125
0.193710327148438 -0.023101806640625 0.215240478515625 -0.0698089599609375
0.122627258300781 -0.107009887695313 0.13311767578125 -0.16326904296875
0.0324554443359375 -0.157424926757812 0.0149993896484375 -0.208648681640625
-0.047698974609375 -0.159133911132812 -0.0617218017578125 -0.173690795898438
-0.0484466552734375 -0.152557373046875 -0.0672836303710938 -0.105819702148438
-0.0556488037109375 -0.171768188476563 -0.0412139892578125 -0.0645179748535156
-0.00788879394531249 -0.186370849609375 -0.0367240905761719 -0.0466957092285156
0.089996337890625 -0.171356201171875 -0.0388603210449219 -0.00162506103515627
0.173751831054687 -0.110855102539063 -0.0597267150878906 -0.0104408264160156
0.231536865234375 0.0655670166015625 -0.099090576171875 -0.0534744262695312
0.21734619140625 0.205551147460938 -0.0590057373046875 -0.111839294433594
0.123046875 0.287445068359375 0.00352478027343751 -0.0704193115234375
0.0113525390625 0.3428955078125 0.20416259765625 -0.00190734863281248
0.117767333984375 0.28741455078125 0.151809692382813 0.104934692382813
0.217422485351562 0.20037841796875 0.177322387695312 0.0903472900390625
0.259857177734375 0.0152740478515625 0.212966918945313 -0.0202789306640625
0.18310546875 -0.119613647460938 0.136070251464844 -0.10357666015625
0.0624847412109375 -0.205963134765625 0.0363922119140625 -0.142547607421875
-0.04229736328125 -0.204299926757812 -0.0254745483398438 -0.111763000488281
-0.0467987060546875 -0.190719604492188 -0.0300102233886719 -0.0504226684570313
-0.057586669921875 -0.214019775390625 -0.00984001159667969 -0.00636291503906251
-0.00289916992187502 -0.223709106445313 -0.0209236145019531 0.00986862182617186
0.111114501953125 -0.1949462890625 -0.0352058410644531 0.0446548461914062
0.197174072265625 -0.115631103515625 -0.0610389709472656 0.0209693908691406
0.240371704101563 0.086822509765625 -0.0897140502929687 -0.028717041015625
0.201095581054688 0.233200073242188 -0.02105712890625 -0.0636825561523437
0.08648681640625 0.302520751953125 0.0219230651855469 0.02484130859375
-0.056793212890625 0.312286376953125 0.19287109375 0.121841430664063
0.049346923828125 0.30560302734375 0.156326293945313 0.1934814453125
0.1788330078125 0.2471923828125 0.16607666015625 0.130462646484375
0.264129638671875 0.0634307861328125 0.185394287109375 0.0317535400390625
0.20745849609375 -0.0987091064453125 0.119003295898438 -0.0360946655273438
0.0865325927734375 -0.21319580078125 0.0466880798339844 -0.0637893676757813
-0.02911376953125 -0.215713500976563 0.0106201171875 -0.0368919372558594
-0.037994384765625 -0.198699951171875 0.0100412368774414 0.012211799621582
-0.05169677734375 -0.224517822265625 0.0255470275878906 0.0562477111816406
0.00161743164062499 -0.231658935546875 -0.0036773681640625 0.0725021362304687
0.120208740234375 -0.194061279296875 -0.0330963134765625 0.0933761596679687
0.203140258789063 -0.105194091796875 -0.0666007995605469 0.0503120422363281
0.22540283203125 0.108917236328125 -0.0810394287109375 -0.0115966796875
0.157913208007813 0.246017456054688 0.0136337280273438 -0.0196418762207031
0.0311279296875 0.288543701171875 0.02764892578125 0.120025634765625
-0.112258911132813 0.220993041992188 0.161148071289062 0.219635009765625
-0.0284881591796875 0.252670288085938 0.1397705078125 0.257171630859375
0.09930419921875 0.2344970703125 0.142715454101563 0.153121948242188
0.2105712890625 0.093902587890625 0.143524169921875 0.069122314453125
0.187118530273438 -0.0590667724609375 0.088592529296875 0.0197067260742187
0.0912628173828125 -0.179763793945313 0.0484466552734375 0.0111274719238281
-0.01263427734375 -0.190841674804688 0.0398483276367188 0.0361785888671875
-0.025238037109375 -0.176498413085938 0.0485382080078125 0.0723342895507812
-0.037689208984375 -0.203018188476563 0.0578384399414063 0.116668701171875
0.00961303710937501 -0.209335327148438 0.0121078491210937 0.134140014648438
0.118209838867188 -0.170150756835938 -0.0348281860351563 0.139595031738281
0.188995361328125 -0.079498291015625 -0.0768890380859375 0.076324462890625
0.187744140625 0.125640869140625 -0.0778045654296875 0.00159454345703127
0.096405029296875 0.23834228515625 0.0332489013671875 0.0243988037109375
-0.0328521728515625 0.244171142578125 0.01416015625 0.20513916015625
-0.14532470703125 0.0929718017578125 0.122314453125 0.270584106445313
-0.09033203125 0.150360107421875 0.118148803710938 0.2799072265625
0.00836181640625001 0.168746948242188 0.119338989257813 0.151901245117188
0.119873046875 0.0979537963867188 0.102821350097656 0.0862808227539063
0.130081176757813 -0.0147552490234375 0.0594940185546875 0.0550918579101563
0.0776290893554688 -0.117332458496094 0.0449142456054688 0.0670928955078125
0.00460815429687501 -0.135452270507813 0.0614089965820313 0.0938034057617187
-0.00853729248046874 -0.127456665039063 0.0788497924804688 0.12078857421875
-0.0184478759765625 -0.151748657226563 0.08258056640625 0.16650390625
0.0158538818359375 -0.158889770507813 0.0208282470703125 0.18792724609375
0.101104736328125 -0.126663208007813 -0.0405120849609375 0.178756713867188
0.1539306640625 -0.0483245849609375 -0.0924835205078125 0.0983657836914062
0.131790161132813 0.125091552734375 -0.0835952758789062 0.0129165649414063
0.0254669189453125 0.201736450195313 0.0324516296386719 0.0636215209960938
-0.0932464599609375 0.167327880859375 -0.02069091796875 0.27099609375
0.123512268066406 -0.03363037109375 0.03582763671875 -0.29559326171875
0.03143310546875 -0.127342224121094 0.001373291015625 -0.0895919799804688
-0.0749282836914063 -0.0823745727539062 0.0939483642578125 -0.0134048461914063
-0.0995635986328125 0.00469207763671874 0.141921997070313 -0.114532470703125
-0.0640182495117188 0.0659065246582031 0.063079833984375 -0.209335327148438
-0.00835418701171875 0.0950546264648437 -0.050018310546875 -0.243560791015625
0.0021820068359375 0.0736236572265625 -0.117919921875 -0.20916748046875
-0.0153656005859375 0.0646743774414063 -0.110671997070313 -0.157638549804688
-0.0264968872070312 0.0717010498046875 -0.0851669311523438 -0.126853942871094
-0.0634269714355469 0.0359153747558594 -0.0611724853515625 -0.102676391601563
-0.0745468139648438 -0.0288925170898438 -0.0533065795898438 -0.080322265625
-0.0232315063476563 -0.0843582153320313 -0.0736846923828125 -0.0988845825195313
0.0803451538085938 -0.090789794921875 -0.101516723632812 -0.174423217773438
0.1463623046875 -0.0352783203125 -0.11572265625 -0.277206420898438
0.149490356445313 0.0400848388671875 -0.0813293457031249 -0.286865234375
0.139839172363281 0.0962066650390625 0.092315673828125 -0.288116455078125
0.102874755859375 -0.0326614379882813 0.0372695922851563 -0.086273193359375
0.0233039855957031 -0.0415725708007813 0.119361877441406 -0.00858306884765625
-0.0108165740966797 -0.0248756408691406 0.171615600585938 -0.12139892578125
-0.0147924423217773 -0.000745773315429688 0.087310791015625 -0.22003173828125
-0.00605249404907227 0.00682401657104492 -0.039703369140625 -0.263458251953125
-0.0246639251708984 -0.00870513916015625 -0.1195068359375 -0.224960327148438
-0.0330276489257813 -0.0152473449707031 -0.115890502929688 -0.161773681640625
-0.0411376953125 -0.0200614929199219 -0.0855789184570313 -0.130752563476563
-0.0381278991699219 -0.0511360168457031 -0.059906005859375 -0.108909606933594
-0.00370025634765626 -0.0835342407226563 -0.0491104125976562 -0.0707626342773438
0.0651779174804688 -0.0874252319335938 -0.0648040771484375 -0.0788497924804687
0.148574829101563 -0.0146484375 -0.104660034179687 -0.136489868164062
0.18646240234375 0.07769775390625 -0.110305786132812 -0.230712890625
0.1552734375 0.158767700195312 -0.053466796875 -0.2440185546875
0.128158569335938 0.221084594726563 0.146591186523438 -0.233779907226562
0.152725219726563 0.086822509765625 0.0827178955078125 -0.0515060424804687
0.125953674316406 0.0263900756835938 0.147491455078125 0.01007080078125
0.0965805053710938 -0.0398178100585938 0.200958251953125 -0.109207153320313
0.0511283874511719 -0.0667343139648438 0.113388061523437 -0.208602905273438
0.006256103515625 -0.0848464965820313 -0.01788330078125 -0.254180908203125
-0.04559326171875 -0.0922393798828125 -0.10345458984375 -0.21380615234375
-0.0479354858398438 -0.0936660766601563 -0.103729248046875 -0.1434326171875
-0.0546646118164062 -0.106285095214844 -0.073455810546875 -0.107452392578125
-0.023040771484375 -0.130790710449219 -0.0562667846679687 -0.087890625
0.0510787963867188 -0.137245178222656 -0.0480613708496094 -0.0428276062011719
0.131996154785156 -0.102691650390625 -0.064422607421875 -0.0479660034179688
0.206314086914063 0.032958984375 -0.107246398925781 -0.093292236328125
0.21923828125 0.157058715820313 -0.095123291015625 -0.173538208007813
0.152664184570313 0.245162963867188 -0.0274200439453125 -0.170166015625
0.087646484375 0.316131591796875 0.1890869140625 -0.135650634765625
0.16748046875 0.206863403320312 0.1265869140625 0.0145645141601563
0.20703125 0.11456298828125 0.173019409179688 0.0464324951171875
0.200958251953125 -0.0310821533203125 0.22137451171875 -0.0749664306640625
0.123771667480469 -0.115005493164063 0.133743286132813 -0.169631958007813
0.0281829833984375 -0.16632080078125 0.00930786132812502 -0.2144775390625
-0.0548248291015625 -0.163558959960938 -0.07086181640625 -0.175186157226563
-0.056610107421875 -0.15606689453125 -0.0737457275390625 -0.10418701171875
-0.0651702880859375 -0.17529296875 -0.0480613708496094 -0.0626220703125
-0.016204833984375 -0.193588256835937 -0.0455513000488281 -0.0442276000976563
0.0870208740234375 -0.181381225585938 -0.0456962585449219 -0.00106430053710938
0.177413940429687 -0.121902465820312 -0.0652542114257812 -0.0133056640625
0.244461059570313 0.0600128173828125 -0.103805541992187 -0.057281494140625
0.233749389648438 0.206283569335937 -0.0647811889648438 -0.118659973144531
0.135406494140625 0.295928955078125 -0.000465393066406249 -0.078338623046875
0.023590087890625 0.3553466796875 0.20904541015625 -0.00776672363281248
0.132659912109375 0.2940673828125 0.156387329101563 0.106781005859375
0.23529052734375 0.20068359375 0.182540893554688 0.092559814453125
0.271469116210938 0.0060272216796875 0.219207763671875 -0.02325439453125
0.185775756835938 -0.131301879882813 0.138191223144531 -0.107688903808594
0.0575103759765625 -0.217147827148438 0.033843994140625 -0.14752197265625
-0.052520751953125 -0.210128784179688 -0.0311965942382813 -0.11395263671875
-0.0559539794921875 -0.195159912109375 -0.0345458984375 -0.0487022399902344
-0.0702362060546875 -0.219161987304687 -0.0129547119140625 -0.00415897369384767
-0.0139312744140625 -0.231307983398438 -0.0272750854492188 0.0133495330810547
0.106414794921875 -0.207138061523438 -0.0403518676757812 0.0483474731445312
0.20062255859375 -0.128692626953125 -0.06573486328125 0.0220718383789063
0.256210327148438 0.0811004638671875 -0.0941314697265625 -0.0298843383789063
0.22027587890625 0.234786987304688 -0.0248680114746094 -0.069427490234375
0.099517822265625 0.311737060546875 0.0216503143310547 0.0205478668212891
-0.04547119140625 0.327850341796875 0.201171875 0.12103271484375
0.062957763671875 0.31561279296875 0.163482666015625 0.19830322265625
0.198074340820313 0.249755859375 0.172225952148438 0.135650634765625
0.278701782226563 0.054718017578125 0.192108154296875 0.032318115234375
0.209915161132813 -0.110443115234375 0.122978210449219 -0.0380783081054688
0.080047607421875 -0.22412109375 0.0485076904296875 -0.0669441223144531
-0.0401763916015625 -0.221694946289063 0.00901031494140625 -0.0374679565429688
-0.048370361328125 -0.2030029296875 0.00975704193115234 0.0133647918701172
-0.06451416015625 -0.230377197265625 0.0267562866210937 0.059326171875
-0.00975036621093752 -0.239974975585938 -0.00439453125000001 0.0776138305664062
0.1160888671875 -0.207687377929688 -0.0349578857421875 0.098968505859375
0.206451416015625 -0.117965698242188 -0.0697822570800781 0.0537452697753906
0.241790771484375 0.104324340820313 -0.0845184326171875 -0.0132598876953125
0.17730712890625 0.248428344726562 0.0114688873291016 -0.0247821807861328
0.0418701171875 0.2979736328125 0.0302658081054687 0.119171142578125
-0.10638427734375 0.234970092773438 0.170700073242188 0.224807739257813
-0.018829345703125 0.263870239257812 0.148284912109375 0.263931274414063
0.11456298828125 0.239273071289063 0.14764404296875 0.15826416015625
0.224578857421875 0.088470458984375 0.1497802734375 0.0711517333984375
0.190567016601562 -0.0688323974609375 0.0938262939453125 0.020416259765625
0.0863037109375 -0.190200805664062 0.0525245666503906 0.00975036621093749
-0.0221405029296875 -0.19586181640625 0.0424728393554688 0.0356559753417969
-0.0347442626953125 -0.18096923828125 0.0506820678710938 0.0742034912109375
-0.0496063232421875 -0.20782470703125 0.0628814697265625 0.119400024414063
-0.000930786132812512 -0.215866088867188 0.0138473510742188 0.139297485351563
0.1141357421875 -0.18243408203125 -0.0335235595703125 0.146316528320312
0.192337036132813 -0.090423583984375 -0.0793380737304687 0.0819854736328125
0.202285766601563 0.121932983398438 -0.0821990966796875 0.000610351562500022
0.111419677734375 0.2427978515625 0.0334053039550781 0.0194435119628906
-0.0252685546875 0.253448486328125 0.018890380859375 0.209335327148438
-0.145706176757813 0.1041259765625 0.133285522460938 0.28009033203125
-0.087127685546875 0.16015625 0.126190185546875 0.288360595703125
0.018951416015625 0.173843383789063 0.123184204101562 0.157974243164062
0.129600524902344 0.0933685302734375 0.108543395996094 0.0905227661132812
0.134185791015625 -0.0211105346679688 0.0655403137207031 0.0577888488769531
0.0741348266601563 -0.125106811523438 0.0517654418945313 0.06732177734375
-0.00315093994140626 -0.138458251953125 0.0668716430664063 0.0940093994140625
-0.0167388916015625 -0.13079833984375 0.0846786499023438 0.122268676757812
-0.0273284912109375 -0.154373168945312 0.090118408203125 0.169570922851563
0.00720214843749999 -0.164993286132812 0.0266876220703125 0.194931030273438
0.0982208251953125 -0.136146545410156 -0.0386199951171875 0.186599731445312
0.156021118164063 -0.056976318359375 -0.0945205688476562 0.104789733886719
0.142852783203125 0.123748779296875 -0.0874252319335937 0.013397216796875
0.0369110107421875 0.206329345703125 0.0350151062011719 0.0612983703613281
-0.0903778076171875 0.175445556640625 -0.0140380859375 0.279342651367188
0.12677001953125 -0.0419464111328125 0.02191162109375 -0.31488037109375
0.0255203247070312 -0.135093688964844 -0.00380706787109375 -0.0934219360351563
-0.0832748413085938 -0.0802154541015625 0.100074768066406 -0.015838623046875
-0.104286193847656 0.0121078491210938 0.14642333984375 -0.126953125
-0.0616836547851563 0.072601318359375 0.0580902099609375 -0.223052978515625
-0.001617431640625 0.097808837890625 -0.0643157958984375 -0.25360107421875
0.00782775878906249 0.0755691528320312 -0.1351318359375 -0.213211059570313
-0.0111961364746094 0.0687980651855469 -0.124923706054688 -0.15802001953125
-0.02264404296875 0.076019287109375 -0.0978469848632812 -0.127433776855469
-0.061767578125 0.041656494140625 -0.0718536376953125 -0.103569030761719
-0.0783767700195312 -0.023956298828125 -0.0641250610351563 -0.084747314453125
-0.029327392578125 -0.0858535766601563 -0.0840530395507812 -0.107002258300781
0.0773773193359375 -0.0992813110351563 -0.111236572265625 -0.182662963867188
0.149551391601563 -0.045013427734375 -0.132568359375 -0.2880859375
0.158432006835938 0.0343780517578125 -0.099151611328125 -0.302825927734375
0.151260375976562 0.09576416015625 0.080474853515625 -0.30889892578125
0.104751586914063 -0.0391616821289063 0.0338973999023438 -0.09112548828125
0.0230560302734375 -0.0432052612304688 0.126365661621094 -0.0120849609375
-0.0108928680419922 -0.0247440338134766 0.177047729492188 -0.133651733398438
-0.0125761032104492 -0.00101947784423828 0.082275390625 -0.235198974609375
-0.00429058074951172 0.00455856323242187 -0.054534912109375 -0.273712158203125
-0.0254631042480469 -0.00950241088867188 -0.13818359375 -0.228073120117188
-0.0350494384765625 -0.0146465301513672 -0.131072998046875 -0.162124633789063
-0.0433082580566406 -0.0194625854492188 -0.0990829467773437 -0.130455017089844
-0.0420913696289063 -0.0515594482421875 -0.072418212890625 -0.109291076660156
-0.00656890869140625 -0.0861358642578125 -0.0603103637695313 -0.0749588012695312
0.0638656616210938 -0.0939178466796875 -0.0743942260742187 -0.0856399536132813
0.154998779296875 -0.0223541259765625 -0.113433837890625 -0.1434326171875
0.198562622070313 0.0725250244140625 -0.125015258789062 -0.24078369140625
0.17047119140625 0.160552978515625 -0.0686798095703125 -0.260025024414062
0.14569091796875 0.227218627929688 0.141693115234375 -0.255050659179688
0.165115356445313 0.08349609375 0.0825271606445313 -0.0567092895507813
0.136199951171875 0.022308349609375 0.157257080078125 0.0075531005859375
0.100982666015625 -0.0470352172851563 0.207992553710937 -0.122177124023437
0.0530548095703125 -0.073455810546875 0.110763549804688 -0.223037719726563
0.00334167480468751 -0.09271240234375 -0.0304107666015625 -0.265228271484375
-0.0518035888671875 -0.0960693359375 -0.120986938476562 -0.217453002929688
-0.0551986694335938 -0.0955352783203125 -0.117233276367187 -0.142807006835938
-0.0642929077148437 -0.109085083007813 -0.0855255126953125 -0.106430053710937
-0.0315475463867187 -0.136573791503906 -0.0684661865234375 -0.0863189697265625
0.0465087890625 -0.146865844726562 -0.0587196350097656 -0.0432319641113281
0.135063171386719 -0.114967346191406 -0.0727691650390625 -0.0527572631835938
0.220245361328125 0.0246124267578125 -0.115959167480469 -0.0985946655273438
0.239837646484375 0.153762817382813 -0.107498168945313 -0.1815185546875
0.172760009765625 0.2525634765625 -0.038787841796875 -0.183517456054687
0.108642578125 0.329254150390625 0.191390991210938 -0.153244018554688
0.187484741210938 0.210311889648438 0.130577087402344 0.0132064819335938
0.226242065429688 0.109298706054688 0.184371948242188 0.0455474853515625
0.21185302734375 -0.0438995361328125 0.229827880859375 -0.086029052734375
0.126937866210938 -0.128120422363281 0.1337890625 -0.183258056640625
0.0221710205078125 -0.178756713867188 0.000762939453124993 -0.225250244140625
-0.06646728515625 -0.169815063476563 -0.0848236083984375 -0.179336547851563
-0.0679779052734375 -0.160903930664063 -0.0845184326171875 -0.102836608886719
-0.0799560546875 -0.181716918945312 -0.055328369140625 -0.0610618591308594
-0.028961181640625 -0.203659057617188 -0.0552444458007812 -0.0415306091308594
0.0808258056640625 -0.197219848632813 -0.0541839599609375 0.00141143798828124
0.180709838867188 -0.138885498046875 -0.0721435546875 -0.0149002075195313
0.263076782226563 0.049652099609375 -0.111526489257813 -0.0598831176757813
0.259170532226563 0.204452514648438 -0.073944091796875 -0.1253662109375
0.15887451171875 0.30682373046875 -0.00742340087890624 -0.0875396728515625
0.0439453125 0.3751220703125 0.218658447265625 -0.019287109375
0.155364990234375 0.30352783203125 0.166061401367188 0.10589599609375
0.260894775390625 0.1983642578125 0.19439697265625 0.094329833984375
0.28802490234375 -0.00982666015625 0.229873657226563 -0.0316162109375
0.189300537109375 -0.1480712890625 0.141769409179688 -0.11846923828125
0.0481414794921875 -0.233123779296875 0.03021240234375 -0.157012939453125
-0.0672760009765625 -0.217315673828125 -0.0397796630859375 -0.115585327148438
-0.0716705322265625 -0.201980590820313 -0.0402679443359375 -0.047027587890625
-0.088531494140625 -0.2266845703125 -0.0146551132202148 -0.00160312652587892
-0.0288543701171875 -0.243438720703125 -0.0325260162353516 0.0186214447021484
0.100341796875 -0.226898193359375 -0.0446510314941406 0.0533370971679687
0.204605102539062 -0.149200439453125 -0.0712127685546875 0.0235519409179687
0.27716064453125 0.0705718994140625 -0.101524353027344 -0.0315017700195313
0.247177124023438 0.234817504882813 -0.0307769775390625 -0.07666015625
0.121368408203125 0.324737548828125 0.0202407836914063 0.0164012908935547
-0.029022216796875 0.349151611328125 0.2176513671875 0.118179321289063
0.082672119140625 0.3289794921875 0.175918579101563 0.20159912109375
0.224319458007812 0.252777099609375 0.184646606445313 0.138839721679688
0.297698974609375 0.040313720703125 0.2030029296875 0.0273895263671875
0.217041015625 -0.127792358398437 0.1290283203125 -0.0449676513671875
0.07080078125 -0.243011474609375 0.0496368408203125 -0.07275390625
-0.054412841796875 -0.230743408203125 0.00709915161132813 -0.0388145446777344
-0.064056396484375 -0.21075439453125 0.00971603393554687 0.0161151885986328
-0.0843658447265625 -0.23797607421875 0.0302963256835937 0.0621490478515625
-0.026336669921875 -0.25225830078125 -0.00534820556640626 0.0849227905273437
0.108444213867188 -0.22796630859375 -0.0347061157226563 0.10736083984375
0.211593627929688 -0.1383056640625 -0.0738983154296875 0.0585861206054687
0.264129638671875 0.0944061279296875 -0.0921401977539062 -0.013641357421875
0.202423095703125 0.250274658203125 0.00982666015625001 -0.0307960510253906
0.0601806640625 0.312957763671875 0.035491943359375 0.121574401855469
-0.096466064453125 0.255966186523438 0.19085693359375 0.23162841796875
-0.00460815429687502 0.27984619140625 0.163528442382813 0.274810791015625
0.136810302734375 0.245803833007813 0.159225463867188 0.164962768554688
0.242996215820313 0.0775146484375 0.158981323242188 0.072906494140625
0.197677612304688 -0.084228515625 0.101287841796875 0.0188446044921875
0.0776214599609375 -0.20635986328125 0.0579185485839844 0.00747299194335936
-0.0356292724609375 -0.20379638671875 0.0468864440917969 0.0364990234375
-0.047698974609375 -0.187530517578125 0.0569992065429687 0.0758209228515625
-0.0666656494140625 -0.21514892578125 0.072418212890625 0.122848510742188
-0.0160675048828125 -0.226852416992187 0.019500732421875 0.148391723632812
0.108673095703125 -0.200088500976563 -0.02923583984375 0.157546997070313
0.197723388671875 -0.10845947265625 -0.0816650390625 0.0884552001953125
0.222824096679688 0.117218017578125 -0.0889511108398437 0.00256347656249999
0.134552001953125 0.247283935546875 0.0344066619873047 0.015380859375
-0.01275634765625 0.268768310546875 0.0296783447265625 0.217056274414063
-0.144454956054688 0.11907958984375 0.153533935546875 0.292816162109375
-0.0796051025390625 0.174880981445312 0.142730712890625 0.30047607421875
0.031585693359375 0.182327270507813 0.133041381835938 0.1654052734375
0.143508911132812 0.0891571044921875 0.119003295898438 0.0958251953125
0.138839721679688 -0.0318374633789063 0.0740737915039063 0.059844970703125
0.0680923461914063 -0.136375427246094 0.0615386962890625 0.0674057006835937
-0.0128173828125 -0.144561767578125 0.0747756958007813 0.0959930419921875
-0.0254287719726563 -0.135032653808594 0.094268798828125 0.123542785644531
-0.0386199951171875 -0.159957885742187 0.103378295898437 0.173553466796875
-0.0040283203125 -0.172348022460938 0.0366973876953125 0.205093383789062
0.09356689453125 -0.150177001953125 -0.0323944091796875 0.1995849609375
0.161148071289063 -0.0697021484375 -0.0961990356445312 0.115676879882813
0.1585693359375 0.12139892578125 -0.0936126708984375 0.0159759521484375
0.0525665283203125 0.2137451171875 0.0388259887695313 0.0583763122558594
-0.085052490234375 0.189071655273438 -0.000976562500000026 0.2933349609375
0.127792358398438 -0.0541458129882813 -0.00399780273437497 -0.33380126953125
0.0144805908203125 -0.142990112304688 -0.0123519897460938 -0.0962295532226563
-0.0934600830078125 -0.0753021240234375 0.105613708496094 -0.0219345092773438
-0.106315612792969 0.0228118896484375 0.14739990234375 -0.143600463867188
-0.0565109252929687 0.0811538696289063 0.0460968017578125 -0.237838745117188
0.0068817138671875 0.100181579589844 -0.085723876953125 -0.260360717773438
0.015716552734375 0.0756607055664063 -0.159042358398438 -0.212493896484375
-0.00406646728515625 0.0728073120117188 -0.14404296875 -0.153701782226563
-0.0164108276367187 0.0798263549804687 -0.113258361816406 -0.124519348144531
-0.0587921142578125 0.0492668151855469 -0.0850677490234375 -0.10211181640625
-0.0819168090820313 -0.01641845703125 -0.077850341796875 -0.086273193359375
-0.0380783081054688 -0.085723876953125 -0.0984420776367188 -0.112091064453125
0.0710906982421875 -0.108985900878906 -0.127731323242187 -0.188308715820313
0.150161743164063 -0.0588226318359375 -0.157867431640625 -0.29534912109375
0.167800903320313 0.02349853515625 -0.126861572265625 -0.31536865234375
0.16455078125 0.08819580078125 0.0599365234375 -0.333709716796875
0.106681823730469 -0.0488357543945313 0.026824951171875 -0.0969619750976562
0.0225334167480469 -0.0457801818847656 0.132255554199219 -0.018707275390625
-0.0114784240722656 -0.0235328674316406 0.1778564453125 -0.152328491210938
-0.0112571716308594 0.000226974487304688 0.0707550048828125 -0.252243041992188
-0.00290703773498535 0.00203776359558105 -0.0770263671875 -0.281768798828125
-0.0266227722167969 -0.0112419128417969 -0.163040161132813 -0.227508544921875
-0.0365257263183594 -0.0131759643554687 -0.14996337890625 -0.1575927734375
-0.0461044311523437 -0.0181655883789062 -0.115692138671875 -0.126266479492187
-0.0464019775390625 -0.0509414672851563 -0.0884475708007813 -0.107650756835937
-0.0121383666992187 -0.0879974365234375 -0.0736770629882812 -0.0751571655273438
0.05999755859375 -0.102920532226562 -0.087738037109375 -0.0902023315429688
0.159469604492188 -0.03497314453125 -0.12744140625 -0.14678955078125
0.212509155273438 0.059722900390625 -0.146591186523437 -0.247421264648438
0.190750122070313 0.155776977539063 -0.0920867919921875 -0.273117065429688
0.169754028320313 0.228378295898438 0.127792358398438 -0.27984619140625
0.179214477539062 0.074737548828125 0.0802536010742188 -0.0640106201171875
0.146316528320313 0.0130462646484375 0.166290283203125 0.000488281250000001
0.104339599609375 -0.0572967529296875 0.210662841796875 -0.142074584960938
0.0515670776367187 -0.08154296875 0.101455688476562 -0.242034912109375
-0.00353240966796875 -0.100852966308594 -0.051483154296875 -0.275421142578125
-0.061126708984375 -0.0983505249023438 -0.144729614257813 -0.21710205078125
-0.064788818359375 -0.0960006713867188 -0.134300231933594 -0.137535095214844
-0.0764389038085937 -0.110160827636719 -0.0994415283203125 -0.102088928222656
-0.0441741943359375 -0.141586303710938 -0.0830764770507813 -0.0824432373046875
0.0377655029296875 -0.158309936523438 -0.0708236694335938 -0.0415802001953125
0.1341552734375 -0.131973266601563 -0.0840072631835937 -0.0555191040039063
0.233352661132813 0.00799560546875 -0.128204345703125 -0.100791931152344
0.264068603515625 0.14190673828125 -0.125244140625 -0.187408447265625
0.200714111328125 0.252883911132813 -0.056610107421875 -0.1951904296875
0.1400146484375 0.337890625 0.188125610351563 -0.176651000976562
0.211883544921875 0.205184936523438 0.136260986328125 0.00537872314453126
0.248519897460937 0.0970916748046875 0.195693969726563 0.03912353515625
0.220779418945313 -0.06292724609375 0.235687255859375 -0.104095458984375
0.124237060546875 -0.145370483398438 0.129470825195313 -0.200698852539063
0.0084686279296875 -0.19207763671875 -0.0147552490234375 -0.235397338867188
-0.0828857421875 -0.173721313476563 -0.103530883789063 -0.178955078125
-0.084136962890625 -0.16400146484375 -0.0979766845703125 -0.0985336303710938
-0.100570678710937 -0.184524536132813 -0.0652542114257813 -0.0570602416992188
-0.0486602783203125 -0.211715698242188 -0.06561279296875 -0.0356025695800781
0.0692291259765625 -0.215194702148438 -0.0615158081054688 0.00691986083984373
0.179824829101563 -0.162124633789063 -0.0809478759765625 -0.0141067504882813
0.282470703125 0.030364990234375 -0.121780395507813 -0.0599441528320312
0.290557861328125 0.192230224609375 -0.0872421264648437 -0.130615234375
0.18975830078125 0.311614990234375 -0.0173110961914062 -0.0963211059570312
0.07659912109375 0.3914794921875 0.226638793945313 -0.036712646484375
0.187713623046875 0.305511474609375 0.179046630859375 0.101547241210937
0.29217529296875 0.186920166015625 0.209075927734375 0.08953857421875
0.30316162109375 -0.034454345703125 0.239761352539063 -0.0450592041015625
0.1871337890625 -0.171951293945313 0.141616821289062 -0.132888793945313
0.0309295654296875 -0.250839233398438 0.02203369140625 -0.165267944335938
-0.0879058837890625 -0.223312377929688 -0.051055908203125 -0.116714477539063
-0.091522216796875 -0.205490112304688 -0.0471343994140625 -0.044158935546875
-0.113494873046875 -0.229949951171875 -0.0178337097167969 0.0018482208251953
-0.05419921875 -0.252471923828125 -0.0370712280273438 0.0262031555175781
0.0858154296875 -0.2476806640625 -0.0466461181640625 0.0618934631347656
0.203781127929687 -0.175338745117188 -0.0761260986328125 0.0272140502929688
0.300811767578125 0.050140380859375 -0.109519958496094 -0.0300521850585937
0.28094482421875 0.223983764648438 -0.03955078125 -0.0819473266601562
0.15264892578125 0.33416748046875 0.0197563171386719 0.0113086700439453
-0.00161743164062498 0.371002197265625 0.235275268554687 0.109375
0.115692138671875 0.339263916015625 0.197311401367188 0.2008056640625
0.258941650390625 0.245986938476563 0.201553344726563 0.1375732421875
0.317718505859375 0.015960693359375 0.215286254882813 0.0184326171875
0.217483520507813 -0.153701782226562 0.133636474609375 -0.053802490234375
0.0534820556640625 -0.261489868164063 0.0486602783203125 -0.079132080078125
-0.0771484375 -0.236770629882813 0.00386428833007812 -0.0395088195800781
-0.0845947265625 -0.214447021484375 0.0104303359985352 0.0171518325805664
-0.109283447265625 -0.2423095703125 0.0349502563476563 0.0638465881347656
-0.0519561767578125 -0.261016845703125 -0.00192260742187501 0.0921783447265625
0.0944061279296875 -0.250289916992188 -0.0310287475585937 0.117256164550781
0.210342407226562 -0.1641845703125 -0.0753707885742187 0.0652389526367187
0.287811279296875 0.0755615234375 -0.0993881225585937 -0.010345458984375
0.236114501953125 0.24481201171875 0.00547790527343751 -0.0371971130371094
0.0880126953125 0.326385498046875 0.0435333251953125 0.121086120605469
-0.0785369873046875 0.27801513671875 0.21771240234375 0.23046875
0.01910400390625 0.294097900390625 0.189804077148438 0.276321411132813
0.165878295898438 0.245712280273438 0.17626953125 0.166961669921875
0.262619018554688 0.059051513671875 0.173187255859375 0.0688018798828125
0.200057983398438 -0.105377197265625 0.11053466796875 0.0146713256835937
0.0628662109375 -0.223556518554688 0.0640182495117188 0.00330734252929686
-0.0552520751953125 -0.209182739257813 0.0511894226074219 0.0355644226074219
-0.0668487548828125 -0.191497802734375 0.0643463134765625 0.075714111328125
-0.089263916015625 -0.219146728515625 0.0842208862304688 0.124565124511719
-0.038787841796875 -0.235702514648438 0.0299835205078125 0.156814575195312
0.095458984375 -0.220413208007813 -0.020782470703125 0.16888427734375
0.198013305664062 -0.132049560546875 -0.08074951171875 0.0979766845703125
0.245880126953125 0.101577758789063 -0.095611572265625 0.00640869140625002
0.162994384765625 0.245941162109375 0.0365447998046875 0.00912475585937502
0.00790405273437497 0.283905029296875 0.0464935302734375 0.223678588867188
-0.138389587402344 0.139297485351563 0.1834716796875 0.2991943359375
-0.06829833984375 0.18988037109375 0.17059326171875 0.308807373046875
0.051116943359375 0.186920166015625 0.149139404296875 0.169403076171875
0.158721923828125 0.07867431640625 0.131881713867188 0.095611572265625
0.142333984375 -0.0466461181640625 0.0842514038085938 0.059326171875
0.0579986572265625 -0.1494140625 0.0718994140625 0.065216064453125
-0.027313232421875 -0.149063110351562 0.0873260498046875 0.0943145751953125
-0.03887939453125 -0.13873291015625 0.107215881347656 0.122406005859375
-0.0558624267578125 -0.163909912109375 0.121688842773438 0.174331665039063
-0.0203399658203125 -0.178985595703125 0.05230712890625 0.213943481445313
0.0842437744140625 -0.165908813476563 -0.0181427001953125 0.213226318359375
0.16217041015625 -0.0865936279296875 -0.0939178466796875 0.127479553222656
0.178314208984375 0.111968994140625 -0.0994110107421875 0.0208740234375
0.074066162109375 0.216949462890625 0.04351806640625 0.0541343688964844
-0.073516845703125 0.204574584960938 0.0218505859375 0.3067626953125
0.124221801757812 -0.0674819946289063 -0.03759765625 -0.343505859375
0.000289916992187498 -0.146636962890625 -0.0242156982421875 -0.0962295532226563
-0.102081298828125 -0.0669326782226562 0.108085632324219 -0.0283889770507813
-0.105239868164063 0.03485107421875 0.141433715820313 -0.160736083984375
-0.0478668212890625 0.088348388671875 0.029144287109375 -0.248443603515625
0.017669677734375 0.0987625122070313 -0.1112060546875 -0.259857177734375
0.02386474609375 0.0738906860351563 -0.182388305664063 -0.204360961914063
0.00395202636718751 0.0744400024414062 -0.160980224609375 -0.14422607421875
-0.0070343017578125 0.0821914672851563 -0.129318237304688 -0.115715026855469
-0.0532646179199219 0.0543441772460938 -0.0976715087890625 -0.0948944091796875
-0.0830154418945313 -0.00730895996093749 -0.0921859741210938 -0.0831527709960938
-0.0476760864257813 -0.0829849243164063 -0.113517761230469 -0.11126708984375
0.06036376953125 -0.117111206054688 -0.143844604492188 -0.185653686523437
0.14630126953125 -0.0736846923828125 -0.18524169921875 -0.292144775390625
0.1741943359375 0.0085906982421875 -0.15869140625 -0.3172607421875
0.176055908203125 0.0771026611328125 0.0286865234375 -0.348480224609375
0.103347778320313 -0.0588760375976563 0.01708984375 -0.101242065429688
0.0203437805175781 -0.0478134155273437 0.136161804199219 -0.02764892578125
-0.0119132995605469 -0.0220813751220703 0.172393798828125 -0.171478271484375
-0.00914478302001953 0.00103664398193359 0.052886962890625 -0.263992309570313
-0.00257349014282227 -0.000495195388793946 -0.1038818359375 -0.2823486328125
-0.0279102325439453 -0.0113716125488281 -0.188995361328125 -0.216461181640625
-0.0380668640136719 -0.0104217529296875 -0.167526245117188 -0.145828247070312
-0.0487937927246094 -0.0150642395019531 -0.131698608398438 -0.118392944335938
-0.0516166687011719 -0.0484886169433594 -0.102828979492187 -0.100975036621094
-0.0189590454101562 -0.0878219604492188 -0.0878067016601563 -0.0703811645507813
0.0522079467773438 -0.110321044921875 -0.10137939453125 -0.0902633666992188
0.15972900390625 -0.0502166748046875 -0.141067504882813 -0.144546508789063
0.221710205078125 0.042572021484375 -0.169479370117188 -0.245193481445313
0.209030151367187 0.143203735351563 -0.120712280273437 -0.277603149414063
0.194549560546875 0.219345092773438 0.103363037109375 -0.300628662109375
0.189849853515625 0.06085205078125 0.0752105712890625 -0.0720062255859375
0.152694702148438 -0.0001220703125 0.171310424804688 -0.009552001953125
0.102958679199219 -0.0682525634765625 0.205657958984375 -0.162643432617187
0.0471420288085937 -0.0898208618164062 0.0850067138671875 -0.255569458007813
-0.0132675170898438 -0.10498046875 -0.0753021240234375 -0.277069091796875
-0.0716171264648438 -0.0976409912109375 -0.167648315429687 -0.207855224609375
-0.0751953125 -0.092620849609375 -0.151138305664062 -0.125076293945313
-0.0894699096679688 -0.105598449707031 -0.113006591796875 -0.0931549072265625
-0.058135986328125 -0.141830444335938 -0.09698486328125 -0.0740966796875
0.0248260498046875 -0.167007446289063 -0.0815277099609375 -0.0360870361328125
0.125625610351563 -0.1480712890625 -0.0957717895507812 -0.0551223754882813
0.2408447265625 -0.0131988525390625 -0.139991760253906 -0.0970611572265625
0.283721923828125 0.120758056640625 -0.144332885742187 -0.18585205078125
0.229354858398437 0.2430419921875 -0.0784454345703125 -0.199630737304688
0.17572021484375 0.334503173828125 0.174972534179688 -0.199813842773437
0.236419677734375 0.190643310546875 0.1385498046875 -0.00424194335937499
0.2650146484375 0.0770111083984375 0.2047119140625 0.027374267578125
0.221343994140625 -0.0861968994140625 0.234878540039062 -0.124969482421875
0.114593505859375 -0.161087036132813 0.116836547851563 -0.215621948242187
-0.00967407226562502 -0.200607299804688 -0.0345458984375 -0.239532470703125
-0.100616455078125 -0.172210693359375 -0.123001098632813 -0.171463012695312
-0.101303100585937 -0.16070556640625 -0.109642028808594 -0.0897369384765625
-0.121536254882812 -0.180221557617188 -0.0728302001953125 -0.0497665405273438
-0.073028564453125 -0.21185302734375 -0.0743408203125 -0.0272140502929688
0.0499725341796875 -0.22900390625 -0.0671272277832031 0.0140762329101562
0.170700073242188 -0.184844970703125 -0.0880203247070312 -0.0106964111328125
0.29486083984375 0.003662109375 -0.130760192871094 -0.0568923950195313
0.316009521484375 0.16876220703125 -0.1014404296875 -0.130928039550781
0.22283935546875 0.304779052734375 -0.029388427734375 -0.1024169921875
0.115875244140625 0.394561767578125 0.2281494140625 -0.05889892578125
0.219146728515625 0.296173095703125 0.189804077148438 0.0894927978515625
0.320281982421875 0.164703369140625 0.221725463867188 0.079345703125
0.307403564453125 -0.066497802734375 0.24273681640625 -0.064300537109375
0.17724609375 -0.194976806640625 0.135604858398438 -0.147552490234375
0.00566101074218749 -0.261459350585938 0.00834655761718749 -0.173004150390625
-0.110565185546875 -0.22174072265625 -0.06378173828125 -0.113777160644531
-0.113800048828125 -0.20196533203125 -0.0528678894042969 -0.0389137268066406
-0.141098022460937 -0.225250244140625 -0.0191535949707031 0.00566673278808592
-0.0825042724609375 -0.253524780273437 -0.0379753112792969 0.0337066650390625
0.062103271484375 -0.263809204101563 -0.0459938049316406 0.0701522827148437
0.192108154296875 -0.20068359375 -0.0796966552734375 0.0320968627929687
0.315338134765625 0.021575927734375 -0.118217468261719 -0.0270309448242187
0.3106689453125 0.203338623046875 -0.0486602783203125 -0.0839309692382813
0.18768310546875 0.33062744140625 0.0186424255371094 0.00684356689453127
0.03546142578125 0.380584716796875 0.25201416015625 0.0902252197265625
0.15118408203125 0.33770751953125 0.217147827148438 0.192642211914063
0.290985107421875 0.230072021484375 0.217559814453125 0.12799072265625
0.329193115234375 -0.01544189453125 0.223068237304688 0.00537109375
0.2083740234375 -0.179840087890625 0.133819580078125 -0.0650177001953125
0.028411865234375 -0.27471923828125 0.0452804565429688 -0.0866165161132813
-0.102279663085938 -0.233993530273438 -0.000274658203125007 -0.0414810180664063
-0.107513427734375 -0.212615966796875 0.0106678009033203 0.0187740325927734
-0.137374877929687 -0.237503051757813 0.0412406921386719 0.0646171569824219
-0.080780029296875 -0.262680053710937 0.00335693359374999 0.0984420776367187
0.0711822509765625 -0.267379760742188 -0.0233612060546875 0.1260986328125
0.200607299804688 -0.190521240234375 -0.0748672485351562 0.0705108642578125
0.30438232421875 0.048858642578125 -0.105514526367187 -0.00483703613281248
0.265975952148438 0.22662353515625 0.000717163085937515 -0.0433807373046875
0.120941162109375 0.327606201171875 0.0531158447265625 0.117088317871094
-0.051666259765625 0.29449462890625 0.243667602539063 0.218536376953125
0.04901123046875 0.299560546875 0.21734619140625 0.270339965820313
0.19427490234375 0.236526489257812 0.193603515625 0.161178588867188
0.274459838867188 0.0316925048828125 0.184127807617188 0.06024169921875
0.194717407226563 -0.1292724609375 0.116256713867188 0.00745391845703124
0.041412353515625 -0.236160278320313 0.0681228637695313 -0.00279998779296876
-0.0775299072265625 -0.20965576171875 0.0562705993652344 0.0315322875976562
-0.0887298583984375 -0.189422607421875 0.0715866088867187 0.0728683471679687
-0.113006591796875 -0.213973999023437 0.0963973999023437 0.119361877441406
-0.06610107421875 -0.237106323242188 0.04345703125 0.161209106445312
0.07513427734375 -0.23736572265625 -0.0071868896484375 0.17681884765625
0.191482543945313 -0.155654907226563 -0.0753402709960938 0.106941223144531
0.262771606445312 0.07879638671875 -0.098785400390625 0.0127410888671875
0.192733764648438 0.234207153320313 0.0350227355957031 0.00151252746582033
0.034515380859375 0.2911376953125 0.0656585693359375 0.223342895507813
-0.12646484375 0.1573486328125 0.21630859375 0.293914794921875
-0.0486297607421875 0.200958251953125 0.2008056640625 0.3050537109375
0.072265625 0.186538696289063 0.165008544921875 0.166595458984375
0.17144775390625 0.0615386962890625 0.144256591796875 0.090087890625
0.140792846679688 -0.0629119873046875 0.0953369140625 0.0539474487304687
0.0418548583984375 -0.159027099609375 0.0804290771484375 0.0590744018554687
-0.0424652099609375 -0.149398803710937 0.0988616943359375 0.088134765625
-0.0554885864257812 -0.138084411621094 0.122406005859375 0.115531921386719
-0.0759429931640625 -0.161087036132813 0.14019775390625 0.167617797851563
-0.0403900146484375 -0.179519653320313 0.072784423828125 0.21575927734375
0.0693511962890625 -0.1771240234375 -0.000625610351562489 0.221343994140625
0.156707763671875 -0.105606079101563 -0.0878372192382812 0.138725280761719
0.194869995117187 0.0967559814453125 -0.102676391601562 0.0273895263671875
0.098358154296875 0.213211059570312 0.0470848083496094 0.048736572265625
-0.056915283203125 0.216339111328125 0.0491943359375 0.3106689453125
0.116798400878906 -0.0759124755859375 -0.06683349609375 -0.34197998046875
-0.0126190185546875 -0.146514892578125 -0.033355712890625 -0.0907440185546875
-0.107734680175781 -0.0547714233398437 0.109169006347656 -0.0344009399414063
-0.100166320800781 0.044647216796875 0.132904052734375 -0.172042846679687
-0.0391845703125 0.0927505493164063 0.0100555419921875 -0.251296997070313
0.02655029296875 0.0952911376953125 -0.131683349609375 -0.250137329101563
0.0310630798339844 0.07000732421875 -0.198257446289063 -0.188079833984375
0.0120391845703125 0.07318115234375 -0.17388916015625 -0.129913330078125
0.001922607421875 0.0805587768554688 -0.139045715332031 -0.103164672851562
-0.0436935424804688 0.0603103637695313 -0.107460021972656 -0.0869598388671875
-0.0826263427734375 0.000862121582031246 -0.10430908203125 -0.0770797729492188
-0.0541610717773438 -0.0770034790039063 -0.1285400390625 -0.105804443359375
0.0499420166015625 -0.119552612304688 -0.154861450195313 -0.181121826171875
0.140655517578125 -0.084686279296875 -0.2039794921875 -0.281829833984375
0.172897338867187 -0.0063018798828125 -0.1845703125 -0.30950927734375
0.18218994140625 0.0625457763671875 -0.00216674804687497 -0.353912353515625
0.095611572265625 -0.0655136108398438 0.00617980957031251 -0.101524353027344
0.0191802978515625 -0.0493392944335937 0.135833740234375 -0.0352935791015625
-0.0137310028076172 -0.0210456848144531 0.160934448242188 -0.183395385742188
-0.00787878036499023 -0.00141286849975586 0.03411865234375 -0.268142700195313
-0.00107097625732422 -0.00232052803039551 -0.124786376953125 -0.271697998046875
-0.0288600921630859 -0.0115699768066406 -0.206619262695313 -0.201995849609375
-0.0375022888183594 -0.00573348999023437 -0.181289672851563 -0.130722045898438
-0.04962158203125 -0.0128936767578125 -0.14337158203125 -0.104095458984375
-0.0541763305664063 -0.0453224182128906 -0.112174987792969 -0.0902175903320313
-0.0250320434570313 -0.0855026245117188 -0.0975799560546875 -0.0634307861328125
0.0436248779296875 -0.113922119140625 -0.111137390136719 -0.0878753662109375
0.153717041015625 -0.0620269775390625 -0.1507568359375 -0.14044189453125
0.224777221679688 0.0272216796875 -0.186431884765625 -0.237380981445313
0.219955444335937 0.12835693359375 -0.1431884765625 -0.272064208984375
0.21331787109375 0.206619262695313 0.076873779296875 -0.310089111328125
0.1934814453125 0.045196533203125 0.06597900390625 -0.07275390625
0.154922485351563 -0.0116729736328125 0.172927856445313 -0.0177459716796875
0.101272583007812 -0.077392578125 0.19683837890625 -0.17681884765625
0.0420455932617187 -0.09661865234375 0.067291259765625 -0.261016845703125
-0.0222930908203125 -0.108543395996094 -0.0981292724609375 -0.270187377929688
-0.0784454345703125 -0.0928497314453125 -0.185256958007813 -0.192977905273438
-0.0800094604492188 -0.086090087890625 -0.16070556640625 -0.110824584960938
-0.0998077392578125 -0.0998992919921875 -0.121711730957031 -0.0823822021484375
-0.0723342895507812 -0.136665344238281 -0.107322692871094 -0.062744140625
0.01116943359375 -0.169113159179688 -0.0877304077148438 -0.029266357421875
0.115478515625 -0.159942626953125 -0.104377746582031 -0.0495452880859375
0.239410400390625 -0.029937744140625 -0.148345947265625 -0.0933380126953125
0.292266845703125 0.09765625 -0.158706665039062 -0.178482055664062
0.24859619140625 0.226547241210937 -0.0960693359374999 -0.198822021484375
0.203277587890625 0.324493408203125 0.157913208007813 -0.21551513671875
0.251602172851563 0.169647216796875 0.134902954101563 -0.0140914916992187
0.274154663085938 0.0543212890625 0.206924438476563 0.0193939208984375
0.217636108398438 -0.107452392578125 0.227523803710938 -0.142044067382813
0.102752685546875 -0.17340087890625 0.100082397460938 -0.223831176757813
-0.0287322998046875 -0.2001953125 -0.053253173828125 -0.237640380859375
-0.116409301757813 -0.166702270507812 -0.137466430664062 -0.159622192382813
-0.116867065429688 -0.151229858398437 -0.118598937988281 -0.07867431640625
-0.137649536132812 -0.169235229492188 -0.0783462524414063 -0.0410079956054688
-0.0914764404296875 -0.204818725585938 -0.080474853515625 -0.0169448852539063
0.0307464599609375 -0.23443603515625 -0.0706100463867188 0.0196685791015625
0.153121948242188 -0.201828002929688 -0.093963623046875 -0.00562286376953126
0.29583740234375 -0.021942138671875 -0.13775634765625 -0.0525131225585938
0.33343505859375 0.14324951171875 -0.1116943359375 -0.125984191894531
0.247406005859375 0.290557861328125 -0.04083251953125 -0.103981018066406
0.151611328125 0.38775634765625 0.22149658203125 -0.0788421630859375
0.243453979492188 0.276824951171875 0.194854736328125 0.0776214599609375
0.33380126953125 0.13775634765625 0.229339599609375 0.0664825439453125
0.30572509765625 -0.092437744140625 0.237045288085938 -0.0788421630859375
0.160202026367188 -0.211685180664062 0.127639770507813 -0.155624389648438
-0.0174560546875 -0.263778686523438 -0.00268554687500001 -0.175033569335938
-0.132354736328125 -0.215850830078125 -0.07208251953125 -0.108390808105469
-0.130783081054688 -0.19244384765625 -0.0596351623535156 -0.0318946838378906
-0.160568237304688 -0.213409423828125 -0.0176124572753906 0.00993347167968749
-0.10546875 -0.2457275390625 -0.0388069152832031 0.0400123596191406
0.0405426025390625 -0.274063110351563 -0.0427398681640625 0.0746307373046875
0.176315307617188 -0.220626831054688 -0.0811691284179687 0.0327987670898437
0.320159912109375 -0.006378173828125 -0.123802185058594 -0.0224761962890625
0.329437255859375 0.17584228515625 -0.0572738647460937 -0.0852203369140625
0.2181396484375 0.31768798828125 0.0164499282836914 0.00182151794433596
0.068634033203125 0.378875732421875 0.257278442382813 0.0706024169921875
0.178375244140625 0.325408935546875 0.22882080078125 0.177444458007813
0.31121826171875 0.20599365234375 0.225677490234375 0.118988037109375
0.330047607421875 -0.047576904296875 0.226913452148438 -0.00787353515625
0.19329833984375 -0.199905395507813 0.132781982421875 -0.0741424560546875
0.00163269042968751 -0.278961181640625 0.0372848510742188 -0.0925140380859375
-0.122711181640625 -0.22613525390625 -0.00354003906250001 -0.0368766784667969
-0.12664794921875 -0.201202392578125 0.0108623504638672 0.0183601379394531
-0.162490844726563 -0.2227783203125 0.0440940856933594 0.0618972778320312
-0.104263305664062 -0.2530517578125 0.00985717773437499 0.103111267089844
0.04608154296875 -0.273849487304687 -0.0136260986328125 0.130058288574219
0.18170166015625 -0.2100830078125 -0.0749130249023437 0.0743865966796875
0.30865478515625 0.021881103515625 -0.109382629394531 0.000175476074218739
0.289459228515625 0.20489501953125 -0.00580215454101561 -0.04571533203125
0.150177001953125 0.320892333984375 0.0606613159179688 0.108718872070313
-0.026947021484375 0.299835205078125 0.2628173828125 0.200149536132813
0.076080322265625 0.29620361328125 0.234237670898438 0.2552490234375
0.216461181640625 0.21917724609375 0.207260131835938 0.153579711914062
0.2799072265625 0.006927490234375 0.192337036132813 0.0511474609375
0.18499755859375 -0.148117065429688 0.117904663085938 7.62939453124909E-05
0.0175933837890625 -0.241226196289063 0.0697288513183594 -0.00833129882812502
-0.0978851318359375 -0.2010498046875 0.0589523315429687 0.02685546875
-0.10235595703125 -0.178909301757812 0.0753173828125 0.069854736328125
-0.134078979492187 -0.203842163085938 0.106689453125 0.114959716796875
-0.0855560302734375 -0.2298583984375 0.05523681640625 0.1580810546875
0.054046630859375 -0.246444702148438 0.0047607421875 0.178787231445312
0.176284790039063 -0.173614501953125 -0.0705795288085937 0.111618041992187
0.27117919921875 0.055328369140625 -0.101615905761719 0.0180587768554688
0.212188720703125 0.218414306640625 0.0323314666748047 -0.00325775146484374
0.06060791015625 0.2899169921875 0.0841522216796875 0.218048095703125
-0.109512329101562 0.166946411132813 0.238632202148438 0.277679443359375
-0.028839111328125 0.206253051757813 0.220001220703125 0.29241943359375
0.0902252197265625 0.179702758789063 0.17706298828125 0.15972900390625
0.176406860351562 0.0474853515625 0.151947021484375 0.081390380859375
0.135047912597656 -0.0772171020507812 0.100784301757813 0.0474777221679687
0.022979736328125 -0.163360595703125 0.0877227783203125 0.0510635375976562
-0.0566558837890625 -0.145294189453125 0.107315063476563 0.0791168212890625
-0.0679550170898437 -0.133659362792969 0.129585266113281 0.109642028808594
-0.0876312255859375 -0.153656005859375 0.15301513671875 0.159011840820313
-0.057586669921875 -0.173660278320313 0.08782958984375 0.213623046875
0.050323486328125 -0.18548583984375 0.017608642578125 0.2210693359375
0.149948120117188 -0.122238159179688 -0.0790557861328125 0.143447875976563
0.201416015625 0.078857421875 -0.103958129882812 0.03204345703125
0.114410400390625 0.204666137695312 0.0466651916503906 0.04180908203125
-0.038116455078125 0.22247314453125 0.0758056640625 0.3076171875
0.110641479492188 -0.0827178955078125 -0.089996337890625 -0.33538818359375
-0.0241851806640625 -0.14337158203125 -0.0413665771484375 -0.0872650146484375
-0.107597351074219 -0.0488052368164062 0.109535217285156 -0.0365447998046875
-0.0944366455078125 0.0517044067382813 0.124359130859375 -0.179855346679688
-0.0295333862304687 0.0928115844726563 -0.000869750976562511 -0.252197265625
0.0327987670898438 0.0929641723632813 -0.14373779296875 -0.241928100585938
0.0352935791015625 0.066131591796875 -0.209518432617187 -0.176483154296875
0.018463134765625 0.0714950561523438 -0.179244995117188 -0.118057250976562
0.00769042968749999 0.0807571411132813 -0.145858764648438 -0.09454345703125
-0.03973388671875 0.0606689453125 -0.112327575683594 -0.079437255859375
-0.078033447265625 0.00755310058593749 -0.110427856445312 -0.0716629028320313
-0.0571823120117188 -0.0709457397460938 -0.13494873046875 -0.101554870605469
0.0394134521484375 -0.121231079101562 -0.163131713867188 -0.175247192382813
0.131309509277344 -0.0911026000976563 -0.217422485351563 -0.274658203125
0.1728515625 -0.0161285400390625 -0.2008056640625 -0.302825927734375
0.183502197265625 0.0538330078125 -0.025421142578125 -0.35357666015625
0.0918197631835938 -0.0701370239257813 -0.00196075439453124 -0.0986480712890625
0.0167922973632813 -0.0477867126464844 0.135856628417969 -0.038238525390625
-0.0104808807373047 -0.0205478668212891 0.153091430664062 -0.191986083984375
-0.00454187393188476 -0.000207901000976562 0.021453857421875 -0.270126342773438
-0.00365781784057617 -0.00431561470031738 -0.139785766601563 -0.264984130859375
-0.0296669006347656 -0.0108966827392578 -0.216796875 -0.188125610351563
-0.0372657775878906 -0.00672149658203126 -0.186676025390625 -0.11773681640625
-0.0480690002441406 -0.00963211059570313 -0.148895263671875 -0.093719482421875
-0.0554466247558594 -0.040802001953125 -0.11981201171875 -0.079925537109375
-0.027313232421875 -0.0841903686523438 -0.105918884277344 -0.0583572387695313
0.0378646850585937 -0.114898681640625 -0.122451782226562 -0.0843048095703125
0.149765014648437 -0.06787109375 -0.157150268554687 -0.136688232421875
0.224136352539063 0.0137939453125 -0.19873046875 -0.231369018554688
0.22760009765625 0.115646362304688 -0.159912109375 -0.270248413085938
0.22235107421875 0.1939697265625 0.05615234375 -0.315765380859375
0.193283081054688 0.0361785888671875 0.0598297119140625 -0.0772323608398437
0.155548095703125 -0.018280029296875 0.173263549804688 -0.0237274169921875
0.0980148315429687 -0.0840606689453125 0.188888549804688 -0.185195922851563
0.0380630493164063 -0.0995330810546875 0.055084228515625 -0.263351440429688
-0.0304031372070312 -0.107254028320313 -0.111587524414063 -0.263656616210938
-0.0859451293945312 -0.0900802612304688 -0.194992065429688 -0.1795654296875
-0.0876312255859375 -0.08270263671875 -0.167343139648438 -0.0996551513671875
-0.105201721191406 -0.0934906005859375 -0.126945495605469 -0.0708389282226562
-0.0785903930664063 -0.130882263183594 -0.112167358398438 -0.0523300170898438
0.00228881835937499 -0.170501708984375 -0.0940704345703125 -0.022216796875
0.105010986328125 -0.164993286132813 -0.113029479980469 -0.0489730834960938
0.237823486328125 -0.0444488525390625 -0.15234375 -0.0898895263671875
0.2974853515625 0.081085205078125 -0.166976928710937 -0.176681518554688
0.262039184570313 0.214614868164063 -0.110931396484375 -0.19708251953125
0.2222900390625 0.311767578125 0.140914916992187 -0.223709106445313
0.258102416992187 0.157257080078125 0.131233215332031 -0.02008056640625
0.278213500976563 0.0411529541015625 0.20928955078125 0.0117340087890625
0.211868286132813 -0.119888305664063 0.221542358398438 -0.150741577148438
0.094146728515625 -0.179840087890625 0.0908355712890625 -0.226776123046875
-0.041900634765625 -0.200775146484375 -0.065704345703125 -0.234161376953125
-0.126007080078125 -0.160049438476562 -0.144744873046875 -0.150283813476562
-0.123764038085937 -0.145660400390625 -0.121803283691406 -0.06805419921875
-0.148895263671875 -0.159881591796875 -0.0821380615234375 -0.0343551635742188
-0.105239868164062 -0.199386596679688 -0.0835037231445313 -0.00626373291015626
0.0155487060546875 -0.2379150390625 -0.072601318359375 0.0270309448242187
0.1424560546875 -0.21160888671875 -0.100852966308594 -0.00509643554687502
0.29473876953125 -0.037811279296875 -0.141708374023437 -0.049102783203125
0.340301513671875 0.122833251953125 -0.12017822265625 -0.126739501953125
0.264968872070313 0.277114868164063 -0.0499267578125 -0.10430908203125
0.1737060546875 0.378265380859375 0.21295166015625 -0.090850830078125
0.257720947265625 0.262680053710938 0.195724487304688 0.066375732421875
0.342315673828125 0.119476318359375 0.231063842773438 0.0601959228515625
0.2994384765625 -0.113555908203125 0.235702514648437 -0.0893707275390625
0.1488037109375 -0.220947265625 0.119003295898438 -0.160873413085938
-0.03521728515625 -0.26373291015625 -0.011993408203125 -0.17254638671875
-0.143539428710938 -0.20513916015625 -0.0788192749023438 -0.100601196289063
-0.142730712890625 -0.183273315429688 -0.0602760314941406 -0.0248451232910156
-0.175308227539063 -0.201217651367188 -0.0196380615234375 0.0126705169677734
-0.121505737304688 -0.238525390625 -0.03851318359375 0.0479888916015625
0.020355224609375 -0.276031494140625 -0.0414352416992188 0.0790863037109375
0.162429809570313 -0.233230590820313 -0.08551025390625 0.0368576049804687
0.318878173828125 -0.02545166015625 -0.127723693847656 -0.018707275390625
0.340423583984375 0.154388427734375 -0.0628662109375 -0.0851364135742187
0.233551025390625 0.308868408203125 0.0116786956787109 -0.000772476196289044
0.0931396484375 0.3753662109375 0.25872802734375 0.0556640625
0.196075439453125 0.31134033203125 0.236175537109375 0.162033081054688
0.32476806640625 0.185516357421875 0.231689453125 0.110153198242188
0.325592041015625 -0.066802978515625 0.225433349609375 -0.017059326171875
0.180435180664063 -0.21099853515625 0.126754760742188 -0.0786285400390625
-0.0190277099609375 -0.277542114257813 0.0353012084960938 -0.0926742553710938
-0.138534545898437 -0.219863891601563 -0.00536727905273439 -0.0385284423828125
-0.140090942382813 -0.195602416992188 0.0108795166015625 0.0209751129150391
-0.176544189453125 -0.214569091796875 0.0487174987792969 0.0614967346191406
-0.122024536132813 -0.245071411132812 0.0139236450195312 0.105888366699219
0.0275115966796875 -0.278671264648438 -0.008392333984375 0.131301879882812
0.1707763671875 -0.222564697265625 -0.073211669921875 0.0778274536132813
0.311676025390625 0.00140380859375 -0.112464904785156 0.00167083740234375
0.300628662109375 0.182769775390625 -0.00966262817382811 -0.0491447448730469
0.166961669921875 0.31329345703125 0.0641250610351563 0.106529235839844
-0.00427246093749998 0.30126953125 0.270492553710938 0.185287475585938
0.093017578125 0.288604736328125 0.247085571289063 0.244140625
0.231781005859375 0.20672607421875 0.21148681640625 0.143630981445313
0.2772216796875 -0.0120849609375 0.193817138671875 0.04315185546875
0.174224853515625 -0.15875244140625 0.118988037109375 -0.00419616699218751
0.00108337402343748 -0.239700317382812 0.0689888000488281 -0.0141410827636719
-0.11114501953125 -0.194351196289062 0.0597763061523437 0.0251922607421875
-0.115692138671875 -0.173629760742187 0.0783462524414062 0.0663528442382812
-0.149017333984375 -0.195236206054688 0.109909057617187 0.108375549316406
-0.104202270507813 -0.22296142578125 0.0629730224609375 0.160049438476562
0.03515625 -0.248245239257813 0.014373779296875 0.18048095703125
0.164413452148437 -0.186676025390625 -0.0672683715820312 0.114578247070312
0.2757568359375 0.0361480712890625 -0.105003356933594 0.0200958251953125
0.226104736328125 0.201370239257813 0.0287437438964844 -0.00826072692871093
0.076171875 0.286102294921875 0.093597412109375 0.210281372070313
-0.0952606201171875 0.172821044921875 0.257858276367188 0.26458740234375
-0.016876220703125 0.203659057617187 0.234039306640625 0.28277587890625
0.1004638671875 0.174545288085938 0.185028076171875 0.155044555664063
0.177978515625 0.0332183837890625 0.160018920898438 0.08056640625
0.12603759765625 -0.0866241455078125 0.106521606445313 0.0440292358398438
0.012481689453125 -0.163543701171875 0.0919570922851563 0.045806884765625
-0.0667877197265625 -0.138389587402344 0.110893249511719 0.073516845703125
-0.0755538940429688 -0.128334045410156 0.134231567382812 0.100990295410156
-0.100753784179688 -0.147964477539063 0.161651611328125 0.14947509765625
-0.0688323974609375 -0.169906616210938 0.0991668701171875 0.208938598632813
0.0399932861328125 -0.189361572265625 0.0289764404296875 0.221817016601563
0.139472961425781 -0.129356384277344 -0.072265625 0.147430419921875
0.207183837890625 0.06378173828125 -0.104866027832031 0.0383529663085938
0.127716064453125 0.192626953125 0.0480613708496094 0.0374984741210938
-0.0245513916015625 0.222702026367188 0.0931396484375 0.299713134765625
0.105987548828125 -0.0872039794921875 -0.106414794921875 -0.334320068359375
-0.030517578125 -0.142181396484375 -0.0470962524414063 -0.0815887451171875
-0.108512878417969 -0.04425048828125 0.111885070800781 -0.0385513305664063
-0.0914535522460938 0.05718994140625 0.121490478515625 -0.186447143554688
-0.0239105224609375 0.0947418212890625 -0.0082244873046875 -0.2568359375
0.0378875732421875 0.091827392578125 -0.153549194335937 -0.2386474609375
0.0387306213378906 0.0638313293457031 -0.21868896484375 -0.169967651367187
0.0242156982421875 0.0708770751953125 -0.184921264648438 -0.111801147460937
0.0126190185546875 0.0803680419921875 -0.151031494140625 -0.0881500244140625
-0.0350112915039062 0.0623435974121094 -0.117927551269531 -0.0760345458984375
-0.0761337280273438 0.0116500854492187 -0.118766784667969 -0.0680770874023437
-0.06085205078125 -0.0665359497070313 -0.143630981445313 -0.100601196289063
0.0339508056640625 -0.121505737304687 -0.1690673828125 -0.177597045898437
0.127189636230469 -0.0965042114257813 -0.2286376953125 -0.275039672851562
0.173904418945312 -0.0230865478515625 -0.21575927734375 -0.304229736328125
0.185592651367188 0.0485992431640625 -0.043304443359375 -0.35577392578125
0.0886306762695312 -0.0737762451171875 -0.0075225830078125 -0.0960769653320313
0.0179023742675781 -0.0476112365722656 0.138847351074219 -0.039703369140625
-0.00953292846679688 -0.0205154418945313 0.150360107421875 -0.19952392578125
-0.00290679931640625 -0.00199770927429199 0.0136871337890625 -0.2742919921875
-0.00419282913208008 -0.00564813613891602 -0.150390625 -0.26190185546875
-0.0306205749511719 -0.0116710662841797 -0.226043701171875 -0.180709838867188
-0.0360641479492188 -0.00615692138671875 -0.1922607421875 -0.109451293945313
-0.0494575500488281 -0.00802612304687501 -0.154327392578125 -0.08642578125
-0.0570755004882812 -0.0393524169921875 -0.126136779785156 -0.0737457275390625
-0.029998779296875 -0.0840225219726563 -0.113548278808594 -0.0544815063476563
0.0346832275390625 -0.115921020507813 -0.132026672363281 -0.08343505859375
0.148651123046875 -0.07293701171875 -0.163909912109375 -0.13916015625
0.226104736328125 0.005096435546875 -0.208297729492188 -0.232452392578125
0.235382080078125 0.1085205078125 -0.174697875976562 -0.27203369140625
0.232421875 0.18890380859375 0.040557861328125 -0.321563720703125
0.196243286132813 0.0292816162109375 0.0546493530273438 -0.0774078369140625
0.159072875976563 -0.023895263671875 0.176406860351563 -0.0258941650390625
0.0967636108398438 -0.090118408203125 0.185958862304688 -0.19427490234375
0.0350112915039063 -0.103515625 0.0475921630859375 -0.268310546875
-0.0368270874023438 -0.109024047851563 -0.122467041015625 -0.26275634765625
-0.0924148559570312 -0.0896453857421875 -0.204696655273438 -0.172714233398437
-0.0917205810546875 -0.0805892944335938 -0.17333984375 -0.0916900634765625
-0.110130310058594 -0.0903091430664063 -0.13189697265625 -0.064178466796875
-0.0858078002929687 -0.129280090332031 -0.1168212890625 -0.0448226928710937
-0.00450134277343748 -0.17279052734375 -0.100654602050781 -0.0174636840820313
0.10003662109375 -0.172332763671875 -0.122589111328125 -0.0484542846679688
0.239654541015625 -0.0536041259765625 -0.159088134765625 -0.091217041015625
0.305084228515625 0.070709228515625 -0.17498779296875 -0.178146362304688
0.27386474609375 0.208160400390625 -0.122268676757813 -0.199569702148437
0.235443115234375 0.30712890625 0.129974365234375 -0.233871459960937
0.265609741210938 0.14971923828125 0.128158569335938 -0.0230789184570312
0.28497314453125 0.03179931640625 0.213241577148437 0.0083465576171875
0.211135864257812 -0.131210327148438 0.220123291015625 -0.157958984375
0.088592529296875 -0.187240600585938 0.085601806640625 -0.231307983398438
-0.0532073974609375 -0.203109741210937 -0.074920654296875 -0.233612060546875
-0.1365966796875 -0.157684326171875 -0.15338134765625 -0.1455078125
-0.132476806640625 -0.14227294921875 -0.126785278320313 -0.0601806640625
-0.159637451171875 -0.155319213867188 -0.0847396850585938 -0.0279464721679688
-0.115402221679687 -0.196151733398437 -0.0861053466796875 0.00153350830078125
0.00456237792968749 -0.2423095703125 -0.0754470825195313 0.0322265625
0.135711669921875 -0.221237182617188 -0.109031677246094 -0.004302978515625
0.2984619140625 -0.051025390625 -0.148330688476562 -0.0488739013671875
0.3494873046875 0.110565185546875 -0.127098083496094 -0.1285400390625
0.280227661132813 0.272918701171875 -0.0577392578125 -0.106765747070312
0.190155029296875 0.37652587890625 0.209640502929688 -0.10198974609375
0.270980834960937 0.2540283203125 0.1956787109375 0.0615997314453125
0.353912353515625 0.108642578125 0.236221313476563 0.057464599609375
0.2998046875 -0.127838134765625 0.236770629882813 -0.0957794189453125
0.141632080078125 -0.232131958007813 0.116165161132813 -0.164016723632813
-0.0504150390625 -0.265121459960938 -0.0185546875 -0.174697875976563
-0.1573486328125 -0.203125 -0.0848541259765625 -0.0972824096679688
-0.154312133789062 -0.180450439453125 -0.0627670288085938 -0.0195159912109375
-0.189743041992188 -0.19561767578125 -0.0206985473632813 0.0164394378662109
-0.136093139648437 -0.233612060546875 -0.0380897521972656 0.0552787780761718
0.00741577148437499 -0.28192138671875 -0.040679931640625 0.084686279296875
0.153060913085938 -0.24542236328125 -0.0916671752929687 0.0402297973632813
0.32330322265625 -0.0404052734375 -0.132720947265625 -0.0174484252929687
0.35076904296875 0.14117431640625 -0.070037841796875 -0.0887527465820313
0.24871826171875 0.30438232421875 0.00958538055419923 -0.00363826751708983
0.110595703125 0.376800537109375 0.26165771484375 0.0454559326171875
0.21160888671875 0.30792236328125 0.240966796875 0.158340454101563
0.335723876953125 0.1759033203125 0.23760986328125 0.108413696289063
0.326263427734375 -0.08392333984375 0.227767944335938 -0.02215576171875
0.17376708984375 -0.222274780273438 0.128372192382813 -0.08160400390625
-0.0333709716796875 -0.27978515625 0.0325164794921875 -0.097137451171875
-0.1517333984375 -0.215179443359375 -0.00861740112304688 -0.037445068359375
-0.151901245117188 -0.190277099609375 0.0104236602783203 0.0243473052978516
-0.190292358398437 -0.2076416015625 0.0505790710449219 0.0622024536132812
-0.137344360351563 -0.241775512695313 0.017303466796875 0.110549926757812
0.012725830078125 -0.286102294921875 -0.00572967529296875 0.136268615722656
0.161087036132813 -0.236328125 -0.0762557983398438 0.0805130004882812
0.317413330078125 -0.013153076171875 -0.117851257324219 0.00466918945312501
0.31182861328125 0.1715087890625 -0.0146026611328125 -0.0521621704101562
0.182037353515625 0.31231689453125 0.0667037963867188 0.103431701660156
0.01055908203125 0.30438232421875 0.2801513671875 0.178741455078125
0.10723876953125 0.287811279296875 0.255447387695313 0.239364624023438
0.244918823242187 0.199935913085938 0.218399047851563 0.143768310546875
0.281463623046875 -0.02667236328125 0.1990966796875 0.041534423828125
0.166976928710938 -0.169586181640625 0.122787475585938 -0.00734710693359376
-0.0135345458984375 -0.2418212890625 0.0705184936523438 -0.0185012817382813
-0.122482299804688 -0.19140625 0.0615921020507812 0.0232887268066406
-0.126815795898438 -0.17120361328125 0.0815505981445313 0.0658187866210937
-0.162979125976563 -0.190155029296875 0.116920471191406 0.106956481933594
-0.116073608398438 -0.219024658203125 0.068878173828125 0.163131713867188
0.0225372314453125 -0.255157470703125 0.0218658447265625 0.183090209960937
0.158035278320313 -0.197845458984375 -0.0685501098632812 0.118171691894531
0.281646728515625 0.0234375 -0.108146667480469 0.0231552124023438
0.237594604492187 0.192611694335937 0.0276279449462891 -0.0115890502929687
0.09014892578125 0.28875732421875 0.101608276367188 0.2080078125
-0.0875244140625 0.177932739257813 0.270492553710938 0.262313842773438
-0.00660705566406252 0.205780029296875 0.24652099609375 0.281219482421875
0.11260986328125 0.170074462890625 0.192169189453125 0.15435791015625
0.181594848632813 0.0216064453125 0.166519165039063 0.0797576904296875
0.123184204101563 -0.0942001342773438 0.11053466796875 0.0424270629882812
0.0030517578125 -0.164352416992187 0.0952987670898438 0.0412445068359375
-0.07550048828125 -0.136299133300781 0.114677429199219 0.070953369140625
-0.0836181640625 -0.124893188476563 0.138694763183594 0.0975189208984375
-0.111297607421875 -0.144134521484375 0.169036865234375 0.145172119140625
-0.079254150390625 -0.1673583984375 0.109283447265625 0.209640502929688
0.029632568359375 -0.193771362304688 0.036834716796875 0.22467041015625
0.134880065917969 -0.138046264648438 -0.070526123046875 0.152236938476562
0.214019775390625 0.0548248291015625 -0.108589172363281 0.0403366088867187
0.137451171875 0.187362670898438 0.048004150390625 0.0328559875488281
-0.0149078369140625 0.226654052734375 0.105926513671875 0.299102783203125
0.104400634765625 -0.0917510986328125 -0.125946044921875 -0.340179443359375
-0.039031982421875 -0.144012451171875 -0.0531234741210938 -0.0785064697265625
-0.11309814453125 -0.0399932861328125 0.11834716796875 -0.041046142578125
-0.0894775390625 0.0637893676757813 0.120697021484375 -0.198043823242188
-0.0191802978515625 0.09808349609375 -0.0175933837890625 -0.266250610351563
0.0440521240234375 0.09149169921875 -0.167633056640625 -0.240859985351563
0.0433578491210938 0.0629539489746094 -0.233474731445313 -0.166275024414063
0.03021240234375 0.0705795288085938 -0.195358276367187 -0.10748291015625
0.019317626953125 0.0818634033203125 -0.159759521484375 -0.0837249755859375
-0.031036376953125 0.0658035278320313 -0.126060485839844 -0.0731964111328125
-0.0755233764648437 0.017120361328125 -0.129356384277344 -0.0654830932617188
-0.0640182495117187 -0.0640068054199219 -0.155502319335938 -0.100555419921875
0.0293731689453125 -0.125144958496094 -0.180130004882813 -0.183212280273437
0.126075744628906 -0.103797912597656 -0.246566772460937 -0.279617309570313
0.178543090820313 -0.03216552734375 -0.23760986328125 -0.3106689453125
0.192916870117188 0.0448455810546875 -0.0620422363281249 -0.36578369140625
0.085845947265625 -0.0781707763671875 -0.0136947631835937 -0.09564208984375
0.0179481506347656 -0.0492324829101562 0.14581298828125 -0.043243408203125
-0.00906944274902344 -0.0206661224365234 0.149581909179687 -0.212692260742188
-0.00225758552551269 -0.00330710411071777 0.00488281249999998 -0.285003662109375
-0.00486421585083008 -0.006439208984375 -0.165115356445313 -0.26470947265625
-0.0330181121826172 -0.0122299194335937 -0.24169921875 -0.176055908203125
-0.036651611328125 -0.00551605224609375 -0.20343017578125 -0.104080200195312
-0.0506820678710938 -0.00675201416015625 -0.1644287109375 -0.0814056396484375
-0.0593528747558594 -0.0383224487304688 -0.134689331054688 -0.0684585571289062
-0.0333633422851562 -0.084503173828125 -0.12310791015625 -0.0505447387695313
0.0315933227539063 -0.120613098144531 -0.144485473632813 -0.0836944580078125
0.149978637695313 -0.079345703125 -0.174560546875 -0.143524169921875
0.233322143554688 -0.0031280517578125 -0.224884033203125 -0.237945556640625
0.247940063476563 0.103561401367188 -0.194290161132812 -0.278594970703125
0.247268676757813 0.188568115234375 0.02484130859375 -0.335174560546875
0.2020263671875 0.0229339599609375 0.050933837890625 -0.0796051025390625
0.16595458984375 -0.0310516357421875 0.184127807617188 -0.02935791015625
0.0974273681640625 -0.098388671875 0.187118530273438 -0.2059326171875
0.0318679809570313 -0.109710693359375 0.0405426025390625 -0.27935791015625
-0.0445404052734375 -0.111991882324219 -0.13616943359375 -0.266159057617188
-0.101127624511719 -0.0896682739257813 -0.2186279296875 -0.168045043945313
-0.0985031127929688 -0.0799636840820312 -0.182525634765625 -0.0842437744140625
-0.11932373046875 -0.0884170532226563 -0.140151977539063 -0.0582962036132813
-0.0945968627929688 -0.128799438476563 -0.124076843261719 -0.03753662109375
-0.0123748779296875 -0.178619384765625 -0.108642578125 -0.0126953125
0.09619140625 -0.182769775390625 -0.134819030761719 -0.0465621948242188
0.245956420898438 -0.06427001953125 -0.169952392578125 -0.0941314697265625
0.318939208984375 0.060638427734375 -0.189788818359375 -0.183380126953125
0.29248046875 0.206024169921875 -0.137786865234375 -0.205535888671875
0.255157470703125 0.309967041015625 0.120864868164063 -0.246856689453125
0.278778076171875 0.142868041992188 0.127655029296875 -0.0265045166015625
0.29840087890625 0.021087646484375 0.223007202148438 0.0057373046875
0.213241577148438 -0.146331787109375 0.223983764648438 -0.169235229492188
0.0829010009765625 -0.199920654296875 0.082489013671875 -0.240463256835937
-0.0669097900390625 -0.207168579101562 -0.0860748291015625 -0.237960815429688
-0.150787353515625 -0.157424926757813 -0.1641845703125 -0.141677856445313
-0.144088745117188 -0.141494750976563 -0.133934020996094 -0.0533294677734375
-0.174789428710938 -0.153060913085938 -0.0902557373046875 -0.022186279296875
-0.1300048828125 -0.196044921875 -0.0902328491210938 0.00953674316406249
-0.00793457031249999 -0.251754760742188 -0.0798492431640625 0.0380783081054687
0.129852294921875 -0.236099243164062 -0.119918823242187 -0.000801086425781257
0.3076171875 -0.0648193359375 -0.15875244140625 -0.049224853515625
0.36627197265625 0.098663330078125 -0.138580322265625 -0.133934020996094
0.301605224609375 0.272857666015625 -0.0672531127929687 -0.110885620117188
0.212921142578125 0.383209228515625 0.208328247070313 -0.113555908203125
0.288787841796875 0.2518310546875 0.200790405273438 0.0576934814453125
0.372589111328125 0.097686767578125 0.24749755859375 0.0559234619140625
0.303375244140625 -0.1473388671875 0.243515014648438 -0.104751586914063
0.135467529296875 -0.246917724609375 0.117202758789063 -0.172470092773438
-0.0671539306640625 -0.271148681640625 -0.0259857177734375 -0.179458618164063
-0.173919677734375 -0.202041625976562 -0.0915374755859375 -0.095367431640625
-0.169418334960938 -0.179550170898438 -0.0652809143066407 -0.0139389038085938
-0.20758056640625 -0.193008422851563 -0.022491455078125 0.0203342437744141
-0.153030395507813 -0.23370361328125 -0.0381546020507812 0.063079833984375
-0.00857543945312498 -0.29266357421875 -0.0410919189453125 0.091644287109375
0.145523071289062 -0.262344360351563 -0.0997314453125 0.045074462890625
0.333770751953125 -0.056640625 -0.141708374023437 -0.015716552734375
0.3695068359375 0.129180908203125 -0.0786972045898437 -0.0934524536132812
0.27105712890625 0.307861328125 0.00716686248779298 -0.00658845901489256
0.130401611328125 0.384185791015625 0.269668579101563 0.036773681640625
0.230682373046875 0.3084716796875 0.251876831054688 0.155868530273438
0.3580322265625 0.168212890625 0.24908447265625 0.108200073242188
0.333526611328125 -0.102935791015625 0.236709594726563 -0.0276031494140625
0.168991088867188 -0.238372802734375 0.13189697265625 -0.0875244140625
-0.050323486328125 -0.286376953125 0.029327392578125 -0.100898742675781
-0.168975830078125 -0.215042114257813 -0.0105514526367188 -0.0369606018066406
-0.166976928710937 -0.189361572265625 0.0112934112548828 0.0276412963867187
-0.209793090820312 -0.204315185546875 0.0539741516113281 0.0647239685058594
-0.154953002929687 -0.240768432617187 0.0217742919921875 0.118194580078125
-0.00369262695312502 -0.29815673828125 -0.000732421875000011 0.143280029296875
0.15362548828125 -0.25421142578125 -0.0815353393554688 0.0873260498046875
0.32818603515625 -0.02972412109375 -0.126434326171875 0.00830078124999997
0.3304443359375 0.161895751953125 -0.0196304321289062 -0.0567665100097656
0.20343017578125 0.317626953125 0.0714263916015625 0.101776123046875
0.02435302734375 0.3134765625 0.295684814453125 0.17413330078125
0.1226806640625 0.2921142578125 0.270462036132812 0.239532470703125
0.263351440429688 0.19622802734375 0.230331420898438 0.145706176757812
0.28887939453125 -0.042877197265625 0.2088623046875 0.038238525390625
0.163330078125 -0.183975219726563 0.128677368164063 -0.00965881347656251
-0.02886962890625 -0.247970581054688 0.0721893310546875 -0.0222854614257813
-0.137237548828125 -0.191619873046875 0.0643424987792969 0.0225105285644531
-0.140487670898438 -0.170013427734375 0.0868606567382812 0.0671005249023437
-0.180404663085937 -0.187698364257813 0.12506103515625 0.107696533203125
-0.132675170898438 -0.218948364257813 0.078125 0.169631958007813
0.00799560546875001 -0.266433715820312 0.02978515625 0.189987182617187
0.152374267578125 -0.214004516601563 -0.0708389282226562 0.125335693359375
0.292724609375 0.00982666015625 -0.115951538085937 0.0276107788085938
0.254043579101563 0.186599731445313 0.0255718231201172 -0.0152797698974609
0.105499267578125 0.2957763671875 0.113555908203125 0.209930419921875
-0.08038330078125 0.187255859375 0.289825439453125 0.26141357421875
0.002044677734375 0.210922241210937 0.264434814453125 0.28375244140625
0.124618530273437 0.17047119140625 0.203582763671875 0.15692138671875
0.187698364257813 0.011871337890625 0.177383422851562 0.079681396484375
0.120346069335938 -0.103752136230469 0.118736267089844 0.04156494140625
-0.00799560546875002 -0.168441772460938 0.101585388183594 0.0367279052734375
-0.085693359375 -0.13543701171875 0.122543334960938 0.0677490234375
-0.0935592651367188 -0.124015808105469 0.147842407226563 0.0964813232421875
-0.123916625976563 -0.142654418945313 0.18212890625 0.143646240234375
-0.091217041015625 -0.1676025390625 0.122406005859375 0.214553833007812
0.0184326171875 -0.202606201171875 0.047393798828125 0.231979370117188
0.13201904296875 -0.150344848632813 -0.0706787109375 0.159942626953125
0.223602294921875 0.044921875 -0.114326477050781 0.0450286865234375
0.149810791015625 0.185897827148438 0.0493431091308594 0.0298004150390625
-0.00564575195312501 0.235183715820313 0.1221923828125 0.303802490234375
0.102706909179688 -0.0999298095703125 -0.155487060546875 -0.346893310546875
-0.052093505859375 -0.146774291992188 -0.0607833862304687 -0.0742034912109375
-0.119071960449219 -0.034912109375 0.125991821289062 -0.0471878051757812
-0.0869598388671875 0.073272705078125 0.117172241210938 -0.21478271484375
-0.0118179321289062 0.1026611328125 -0.0333099365234375 -0.280105590820313
0.0531845092773438 0.0909881591796875 -0.189285278320313 -0.242645263671875
0.0498237609863281 0.0611953735351563 -0.255645751953125 -0.159759521484375
0.0383224487304688 0.0704421997070313 -0.2109375 -0.099945068359375
0.0279388427734375 0.0830612182617187 -0.173110961914063 -0.0764007568359375
-0.0266876220703125 0.0696372985839844 -0.137168884277344 -0.0686111450195313
-0.0751953125 0.0229644775390625 -0.142608642578125 -0.05987548828125
-0.0689315795898438 -0.061553955078125 -0.1722412109375 -0.0981292724609375
0.0220565795898438 -0.129859924316406 -0.199050903320313 -0.187591552734375
0.123931884765625 -0.115318298339844 -0.27471923828125 -0.283203125
0.184326171875 -0.0452423095703125 -0.270111083984375 -0.315277099609375
0.204849243164062 0.0380859375 -0.0911865234375 -0.378204345703125
0.0839614868164063 -0.0854721069335938 -0.02154541015625 -0.096099853515625
0.0176162719726562 -0.0530433654785156 0.154373168945313 -0.0501861572265625
-0.00873756408691406 -0.0219058990478516 0.145980834960938 -0.2313232421875
-0.00119566917419434 -0.00423669815063477 -0.010650634765625 -0.2996826171875
-0.00638961791992188 -0.0077981948852539 -0.188583374023438 -0.267059326171875
-0.0363388061523438 -0.0118370056152344 -0.2645263671875 -0.1685791015625
-0.0376625061035156 -0.00485610961914062 -0.219619750976563 -0.0940704345703125
-0.0527267456054688 -0.00488281250000001 -0.177566528320313 -0.072357177734375
-0.0636444091796875 -0.0363349914550781 -0.146636962890625 -0.0614013671875
-0.0389633178710937 -0.0863113403320312 -0.136077880859375 -0.0443267822265625
0.0276031494140625 -0.127128601074219 -0.161819458007813 -0.0806732177734375
0.152786254882813 -0.0898284912109375 -0.1923828125 -0.146072387695313
0.2435302734375 -0.0170135498046875 -0.250152587890625 -0.241775512695312
0.265823364257813 0.0931854248046875 -0.22418212890625 -0.283782958984375
0.27044677734375 0.184463500976562 0.00183105468749998 -0.351593017578125
0.211105346679688 0.0128936767578125 0.0458221435546875 -0.082855224609375
0.174514770507812 -0.0431365966796875 0.195281982421875 -0.0377655029296875
0.096649169921875 -0.11004638671875 0.186111450195313 -0.225997924804688
0.0269241333007812 -0.118629455566406 0.029205322265625 -0.295562744140625
-0.0558547973632813 -0.114402770996094 -0.15728759765625 -0.270263671875
-0.113494873046875 -0.0882644653320313 -0.239364624023437 -0.161590576171875
-0.108406066894531 -0.07794189453125 -0.195510864257813 -0.0738372802734376
-0.131187438964844 -0.0848922729492188 -0.151138305664062 -0.0490875244140625
-0.108100891113281 -0.128135681152344 -0.133476257324219 -0.028076171875
-0.0247802734375 -0.18719482421875 -0.118522644042969 -0.00505065917968753
0.08929443359375 -0.197586059570313 -0.150833129882812 -0.0421142578125
0.254776000976563 -0.08099365234375 -0.185836791992187 -0.0941925048828125
0.337554931640625 0.043975830078125 -0.2115478515625 -0.186813354492187
0.3203125 0.19940185546875 -0.16131591796875 -0.210845947265625
0.28668212890625 0.3109130859375 0.1080322265625 -0.26568603515625
0.299102783203125 0.133758544921875 0.128738403320313 -0.0323028564453125
0.317108154296875 0.004180908203125 0.23663330078125 -0.0024566650390625
0.213668823242187 -0.16851806640625 0.226913452148438 -0.18865966796875
0.073974609375 -0.215591430664063 0.076080322265625 -0.2567138671875
-0.0856475830078125 -0.211898803710938 -0.103469848632812 -0.244415283203125
-0.171173095703125 -0.1544189453125 -0.181793212890625 -0.135726928710938
-0.161331176757813 -0.137863159179688 -0.142669677734375 -0.043060302734375
-0.194793701171875 -0.147476196289062 -0.0966110229492188 -0.015106201171875
-0.150039672851563 -0.1956787109375 -0.0945510864257813 0.0201873779296875
-0.0272064208984375 -0.263931274414063 -0.0845947265625 0.0467300415039063
0.119827270507813 -0.256072998046875 -0.132774353027344 0.00685882568359376
0.31890869140625 -0.08673095703125 -0.17242431640625 -0.0464630126953125
0.3914794921875 0.080322265625 -0.156478881835937 -0.137039184570313
0.334869384765625 0.269683837890625 -0.0813369750976562 -0.115379333496094
0.246307373046875 0.38934326171875 0.207427978515625 -0.130966186523437
0.316436767578125 0.245849609375 0.209182739257813 0.05194091796875
0.399169921875 0.079864501953125 0.264114379882813 0.0493011474609375
0.308197021484375 -0.175506591796875 0.251678466796875 -0.121597290039063
0.12554931640625 -0.268341064453125 0.115966796875 -0.186309814453125
-0.090301513671875 -0.278106689453125 -0.037200927734375 -0.185775756835938
-0.19805908203125 -0.199905395507813 -0.101272583007813 -0.091766357421875
-0.189422607421875 -0.175735473632812 -0.0693168640136719 -0.00535964965820314
-0.233062744140625 -0.186279296875 -0.0223007202148438 0.0250377655029297
-0.178054809570313 -0.233261108398438 -0.0362014770507813 0.0740432739257812
-0.032684326171875 -0.3072509765625 -0.0396804809570313 0.100852966308594
0.1341552734375 -0.28564453125 -0.1090087890625 0.0548858642578125
0.347686767578125 -0.081451416015625 -0.153762817382812 -0.00975036621093748
0.397247314453125 0.1121826171875 -0.0911712646484375 -0.0977554321289063
0.30499267578125 0.308319091796875 0.00317001342773439 -0.0101470947265625
0.16015625 0.396820068359375 0.281341552734375 0.023284912109375
0.25909423828125 0.308746337890625 0.269012451171875 0.151290893554688
0.388763427734375 0.154541015625 0.26788330078125 0.104583740234375
0.341583251953125 -0.13140869140625 0.248748779296875 -0.0399932861328125
0.15966796875 -0.262115478515625 0.136383056640625 -0.096923828125
-0.07470703125 -0.295074462890625 0.0254898071289062 -0.107803344726563
-0.193618774414063 -0.212570190429688 -0.0129051208496094 -0.0358085632324219
-0.189010620117188 -0.186309814453125 0.0140132904052734 0.0334243774414062
-0.236618041992188 -0.198394775390625 0.060455322265625 0.0664253234863281
-0.181015014648437 -0.240386962890625 0.0307769775390625 0.126731872558594
-0.0281982421875 -0.313232421875 0.0067138671875 0.151824951171875
0.142593383789062 -0.278076171875 -0.0858230590820312 0.0986862182617187
0.34478759765625 -0.0531005859375 -0.136276245117187 0.0150604248046875
0.3572998046875 0.147613525390625 -0.0274581909179687 -0.0616416931152344
0.233306884765625 0.322723388671875 0.07861328125 0.100425720214844
0.04705810546875 0.326812744140625 0.317474365234375 0.165740966796875
0.146087646484375 0.298095703125 0.294677734375 0.237823486328125
0.29107666015625 0.189422607421875 0.250076293945313 0.144683837890625
0.297698974609375 -0.066192626953125 0.22406005859375 0.0312652587890625
0.1566162109375 -0.20477294921875 0.13818359375 -0.016021728515625
-0.0485076904296875 -0.255508422851562 0.075286865234375 -0.027740478515625
-0.158004760742188 -0.189407348632813 0.0687599182128906 0.0204696655273437
-0.160415649414063 -0.167282104492187 0.0957107543945312 0.0681533813476562
-0.205154418945312 -0.182281494140625 0.138938903808594 0.106002807617187
-0.155929565429688 -0.218612670898438 0.093536376953125 0.175552368164063
-0.0131988525390625 -0.280349731445312 0.041534423828125 0.198028564453125
0.143096923828125 -0.235244750976563 -0.0710067749023437 0.137504577636719
0.307586669921875 -0.01068115234375 -0.123802185058594 0.0353317260742187
0.278289794921875 0.177215576171875 0.0237865447998047 -0.02001953125
0.1304931640625 0.30487060546875 0.130447387695313 0.210418701171875
-0.0710906982421875 0.199554443359375 0.319305419921875 0.257965087890625
0.0162811279296875 0.220474243164063 0.2923583984375 0.286102294921875
0.143997192382813 0.171112060546875 0.223785400390625 0.157745361328125
0.195556640625 -0.003173828125 0.19287109375 0.07672119140625
0.117416381835938 -0.117225646972656 0.130386352539063 0.0373306274414062
-0.0221710205078125 -0.17254638671875 0.108840942382813 0.032989501953125
-0.0998611450195313 -0.134849548339844 0.133293151855469 0.0635299682617187
-0.107795715332031 -0.122230529785156 0.161056518554688 0.0939178466796875
-0.142364501953125 -0.139236450195313 0.20013427734375 0.140090942382813
-0.108413696289062 -0.167816162109375 0.141387939453125 0.220062255859375
0.00291442871093749 -0.2135009765625 0.0637664794921875 0.239715576171875
0.126174926757813 -0.167449951171875 -0.068328857421875 0.1734619140625
0.237136840820313 0.031158447265625 -0.121047973632813 0.0541000366210938
0.16845703125 0.183837890625 0.0523300170898438 0.0261306762695313
0.01007080078125 0.247268676757813 0.146484375 0.308135986328125
0.0984649658203125 -0.109649658203125 -0.1939697265625 -0.344635009765625
-0.068603515625 -0.144500732421875 -0.0695724487304688 -0.0681495666503906
-0.126327514648437 -0.0256195068359375 0.132667541503906 -0.0587539672851563
-0.0810165405273438 0.082794189453125 0.105606079101563 -0.23455810546875
-0.00149536132812501 0.105873107910156 -0.059356689453125 -0.28948974609375
0.0640335083007813 0.087432861328125 -0.216445922851562 -0.235580444335937
0.0565986633300781 0.0571098327636719 -0.2791748046875 -0.142486572265625
0.0479736328125 0.0665435791015625 -0.226852416992187 -0.08502197265625
0.0385971069335938 0.0819244384765625 -0.186935424804688 -0.0629425048828125
-0.0190582275390625 0.0735244750976563 -0.150009155273437 -0.0589752197265625
-0.0731658935546875 0.030670166015625 -0.156326293945313 -0.048248291015625
-0.074798583984375 -0.056640625 -0.190521240234375 -0.089111328125
0.0115509033203125 -0.1346435546875 -0.22357177734375 -0.184432983398438
0.117279052734375 -0.129432678222656 -0.30963134765625 -0.274932861328125
0.186187744140625 -0.0637969970703125 -0.310699462890625 -0.307647705078125
0.216690063476563 0.0249481201171875 -0.131317138671875 -0.382659912109375
0.0769424438476563 -0.0943603515625 -0.0317764282226563 -0.09405517578125
0.0150146484375 -0.0570411682128906 0.16131591796875 -0.063385009765625
-0.00967788696289062 -0.0223445892333984 0.134902954101563 -0.252517700195313
-0.00128364562988281 -0.00606441497802734 -0.036041259765625 -0.31195068359375
-0.00743579864501953 -0.00806283950805664 -0.21759033203125 -0.260818481445313
-0.040008544921875 -0.010528564453125 -0.289276123046875 -0.1505126953125
-0.0385971069335937 -0.00321578979492188 -0.234344482421875 -0.0768585205078125
-0.0542373657226563 -0.000469207763671868 -0.190704345703125 -0.0572509765625
-0.0679893493652344 -0.0321235656738281 -0.158905029296875 -0.0490570068359375
-0.0470352172851563 -0.08587646484375 -0.148239135742187 -0.0321197509765625
0.018798828125 -0.133758544921875 -0.180007934570313 -0.071014404296875
0.151519775390625 -0.104583740234375 -0.213836669921875 -0.141525268554688
0.2506103515625 -0.03839111328125 -0.2822265625 -0.23504638671875
0.284332275390625 0.07427978515625 -0.262252807617187 -0.279220581054688
0.297821044921875 0.171600341796875 -0.033538818359375 -0.3642578125
0.21759033203125 -0.0032196044921875 0.0374603271484375 -0.0868759155273438
0.179275512695313 -0.0601959228515625 0.20379638671875 -0.0521697998046875
0.0909271240234375 -0.124038696289063 0.176498413085937 -0.248916625976562
0.0176467895507812 -0.126113891601563 0.00720214843750001 -0.309844970703125
-0.06964111328125 -0.113418579101562 -0.186187744140625 -0.26654052734375
-0.128005981445313 -0.0814056396484375 -0.262359619140625 -0.14447021484375
-0.118560791015625 -0.0715789794921875 -0.208206176757813 -0.0556793212890625
-0.144256591796875 -0.0755462646484375 -0.16162109375 -0.034820556640625
-0.123245239257813 -0.122428894042969 -0.141372680664062 -0.013671875
-0.0437469482421875 -0.190811157226563 -0.127059936523438 0.00820159912109376
0.0756988525390625 -0.213104248046875 -0.166549682617188 -0.0301971435546875
0.25921630859375 -0.10467529296875 -0.204116821289063 -0.0866241455078125
0.35394287109375 0.0159912109375 -0.238739013671875 -0.181320190429687
0.3507080078125 0.181121826171875 -0.189651489257813 -0.2073974609375
0.325103759765625 0.301055908203125 0.08489990234375 -0.2841796875
0.318939208984375 0.114471435546875 0.12762451171875 -0.0407257080078125
0.33203125 -0.02349853515625 0.249282836914063 -0.0177154541015625
0.206466674804688 -0.194671630859375 0.222763061523438 -0.21270751953125
0.056915283203125 -0.230072021484375 0.05987548828125 -0.272552490234375
-0.1099853515625 -0.21044921875 -0.127517700195313 -0.244293212890625
-0.193145751953125 -0.14434814453125 -0.20050048828125 -0.1231689453125
-0.180496215820313 -0.12823486328125 -0.150115966796875 -0.028533935546875
-0.217498779296875 -0.133529663085938 -0.102134704589844 -0.00347900390625002
-0.17413330078125 -0.187240600585938 -0.0968093872070313 0.033843994140625
-0.0547027587890625 -0.270889282226563 -0.0865554809570313 0.0589523315429687
0.100540161132813 -0.277191162109375 -0.144149780273437 0.02001953125
0.32568359375 -0.11798095703125 -0.18695068359375 -0.0368499755859375
0.412811279296875 0.04852294921875 -0.1776123046875 -0.13433837890625
0.3720703125 0.253570556640625 -0.0993194580078124 -0.114410400390625
0.290557861328125 0.38507080078125 0.200225830078125 -0.152847290039062
0.34710693359375 0.228057861328125 0.217941284179688 0.04010009765625
0.42431640625 0.048675537109375 0.28082275390625 0.03466796875
0.30291748046875 -0.210479736328125 0.253143310546875 -0.144561767578125
0.104736328125 -0.28961181640625 0.108169555664063 -0.202285766601563
-0.12060546875 -0.278121948242187 -0.054107666015625 -0.190261840820313
-0.225692749023438 -0.18780517578125 -0.113479614257813 -0.0841522216796875
-0.213546752929687 -0.164047241210938 -0.0708465576171875 0.004913330078125
-0.261764526367188 -0.169601440429688 -0.0213184356689453 0.0314731597900391
-0.207534790039062 -0.222625732421875 -0.0310821533203125 0.08428955078125
-0.065673828125 -0.315460205078125 -0.0345382690429688 0.110801696777344
0.111328125 -0.309051513671875 -0.113876342773438 0.069122314453125
0.354461669921875 -0.116180419921875 -0.165054321289063 0.000915527343749993
0.421630859375 0.080322265625 -0.107452392578125 -0.0974197387695313
0.344940185546875 0.29620361328125 -0.00137519836425779 -0.0118007659912109
0.20208740234375 0.3974609375 0.28985595703125 0.000610351562500024
0.29345703125 0.298187255859375 0.287841796875 0.137176513671875
0.419464111328125 0.126708984375 0.2882080078125 0.09149169921875
0.341064453125 -0.168426513671875 0.256515502929688 -0.0592041015625
0.140533447265625 -0.285552978515625 0.137527465820313 -0.111076354980469
-0.105987548828125 -0.296417236328125 0.0180130004882812 -0.114105224609375
-0.221588134765625 -0.201690673828125 -0.0167083740234375 -0.0340328216552735
-0.214447021484375 -0.17449951171875 0.0188140869140625 0.0368309020996094
-0.267059326171875 -0.18035888671875 0.0681266784667969 0.0659942626953125
-0.212142944335938 -0.230255126953125 0.0437774658203125 0.131805419921875
-0.062408447265625 -0.32159423828125 0.0181427001953125 0.158401489257812
0.11962890625 -0.301727294921875 -0.0857391357421875 0.1124267578125
0.352935791015625 -0.086669921875 -0.14471435546875 0.0269012451171875
0.383941650390625 0.12005615234375 -0.0375137329101562 -0.0651512145996094
0.27264404296875 0.3170166015625 0.087371826171875 0.095672607421875
0.0777587890625 0.3349609375 0.341705322265625 0.14556884765625
0.1767578125 0.295257568359375 0.323486328125 0.225738525390625
0.32086181640625 0.171051025390625 0.272003173828125 0.1331787109375
0.30120849609375 -0.096710205078125 0.237335205078125 0.0169830322265625
0.142379760742188 -0.226531982421875 0.1455078125 -0.0276031494140625
-0.0761566162109375 -0.257644653320312 0.075958251953125 -0.0356063842773438
-0.182830810546875 -0.179595947265625 0.0743637084960937 0.0159378051757812
-0.18280029296875 -0.156982421875 0.105873107910156 0.0653839111328125
-0.23297119140625 -0.1668701171875 0.153091430664062 0.0990447998046875
-0.183670043945312 -0.209335327148438 0.112930297851562 0.177139282226563
-0.04315185546875 -0.289276123046875 0.0610809326171875 0.203353881835937
0.124557495117188 -0.258316040039063 -0.0656585693359375 0.151763916015625
0.31866455078125 -0.039947509765625 -0.129707336425781 0.0477981567382813
0.30474853515625 0.157562255859375 0.02001953125 -0.0263557434082031
0.16387939453125 0.306304931640625 0.152252197265625 0.2054443359375
-0.0551910400390625 0.212539672851563 0.353759765625 0.24212646484375
0.03570556640625 0.225860595703125 0.32659912109375 0.275360107421875
0.166366577148437 0.164031982421875 0.246627807617187 0.149017333984375
0.200241088867188 -0.02294921875 0.209686279296875 0.065673828125
0.10845947265625 -0.132553100585938 0.141845703125 0.0288238525390625
-0.040557861328125 -0.174728393554688 0.116744995117188 0.0242691040039062
-0.11663818359375 -0.128013610839844 0.144271850585938 0.0544586181640625
-0.12335205078125 -0.114585876464844 0.175674438476563 0.0845794677734375
-0.163116455078125 -0.128646850585938 0.220626831054688 0.128219604492188
-0.12945556640625 -0.161758422851563 0.167373657226563 0.217422485351563
-0.020050048828125 -0.221466064453125 0.08697509765625 0.244537353515625
0.113967895507812 -0.185791015625 -0.0584564208984375 0.18829345703125
0.247970581054688 0.0092010498046875 -0.124862670898437 0.0665664672851562
0.18963623046875 0.173797607421875 0.0546035766601563 0.0194015502929688
0.0328216552734375 0.25543212890625 0.179351806640625 0.304718017578125
0.0912017822265625 -0.118324279785156 -0.23065185546875 -0.329010009765625
-0.084228515625 -0.136802673339844 -0.0765533447265625 -0.0588455200195313
-0.12969970703125 -0.0139312744140625 0.134178161621094 -0.072296142578125
-0.0713043212890625 0.090301513671875 0.0883941650390625 -0.248519897460938
0.0100326538085937 0.105628967285156 -0.0867919921875 -0.288116455078125
0.0731430053710937 0.080322265625 -0.2406005859375 -0.21868896484375
0.0624160766601563 0.0506782531738281 -0.296783447265625 -0.118072509765625
0.05548095703125 0.0602645874023438 -0.237380981445312 -0.0647125244140625
0.0493621826171875 0.0760421752929687 -0.19537353515625 -0.0449676513671875
-0.0101165771484375 0.0753402709960938 -0.159286499023438 -0.045074462890625
-0.0682220458984375 0.0381507873535156 -0.16522216796875 -0.032470703125
-0.0793609619140625 -0.049957275390625 -0.204010009765625 -0.0739593505859375
-0.00106048583984375 -0.135238647460938 -0.245437622070313 -0.172393798828125
0.104965209960938 -0.140640258789063 -0.33941650390625 -0.254486083984375
0.181976318359375 -0.0823822021484375 -0.345367431640625 -0.28570556640625
0.223770141601563 0.006988525390625 -0.1715087890625 -0.37347412109375
0.0675125122070313 -0.099334716796875 -0.042694091796875 -0.0881195068359375
0.0113945007324219 -0.0595245361328125 0.162551879882813 -0.078125
-0.0103855133056641 -0.0228385925292969 0.11602783203125 -0.268417358398438
-0.00093841552734375 -0.00742197036743164 -0.064697265625 -0.312774658203125
-0.00950241088867188 -0.00847911834716797 -0.243804931640625 -0.24456787109375
-0.0426101684570313 -0.006683349609375 -0.307159423828125 -0.1243896484375
-0.03839111328125 -0.00133895874023437 -0.242828369140625 -0.0538482666015625
-0.054107666015625 0.00329971313476562 -0.198989868164063 -0.0373992919921875
-0.070892333984375 -0.0256729125976562 -0.166305541992188 -0.0320587158203125
-0.0537490844726562 -0.0819244384765625 -0.156448364257813 -0.0161590576171875
0.00755310058593751 -0.137123107910156 -0.193115234375 -0.055450439453125
0.144439697265625 -0.118179321289063 -0.232818603515625 -0.1298828125
0.249404907226562 -0.0612945556640625 -0.31085205078125 -0.216339111328125
0.295135498046875 0.048980712890625 -0.295257568359375 -0.25982666015625
0.3194580078125 0.14801025390625 -0.07159423828125 -0.36358642578125
0.217239379882813 -0.0208892822265625 0.0277938842773438 -0.087890625
0.177978515625 -0.0784759521484375 0.206344604492188 -0.06915283203125
0.080810546875 -0.135368347167969 0.159194946289062 -0.268173217773438
0.00622558593750001 -0.130218505859375 -0.02032470703125 -0.31524658203125
-0.082611083984375 -0.107872009277344 -0.21319580078125 -0.25250244140625
-0.139114379882813 -0.0693588256835937 -0.279541015625 -0.119583129882812
-0.126800537109375 -0.061676025390625 -0.213043212890625 -0.0340423583984375
-0.1541748046875 -0.06158447265625 -0.167160034179688 -0.01690673828125
-0.136131286621094 -0.110984802246094 -0.144866943359375 0.00299072265624997
-0.0630340576171875 -0.188507080078125 -0.130844116210938 0.02252197265625
0.056915283203125 -0.222671508789063 -0.177413940429688 -0.0139923095703125
0.254302978515625 -0.129989624023438 -0.218475341796875 -0.074920654296875
0.360382080078125 -0.016326904296875 -0.262557983398438 -0.166046142578125
0.373199462890625 0.151885986328125 -0.215713500976562 -0.193634033203125
0.358489990234375 0.276947021484375 0.05419921875 -0.293792724609375
0.330902099609375 0.088104248046875 0.122261047363281 -0.0497970581054687
0.336578369140625 -0.05584716796875 0.255020141601563 -0.03717041015625
0.189926147460938 -0.21710205078125 0.209136962890625 -0.234649658203125
0.0358123779296875 -0.238739013671875 0.038421630859375 -0.283050537109375
-0.132904052734375 -0.201431274414062 -0.152191162109375 -0.235260009765625
-0.2119140625 -0.126571655273437 -0.2139892578125 -0.103775024414063
-0.194671630859375 -0.112274169921875 -0.151687622070313 -0.0103759765625
-0.234420776367187 -0.111831665039063 -0.103843688964844 0.00952148437499999
-0.194869995117187 -0.170242309570313 -0.0942230224609375 0.0475234985351563
-0.0835418701171875 -0.268844604492188 -0.0850982666015625 0.0713272094726562
0.074737548828125 -0.29071044921875 -0.149154663085938 0.0360260009765625
0.32147216796875 -0.150299072265625 -0.197433471679687 -0.02398681640625
0.42340087890625 0.009765625 -0.19708251953125 -0.124053955078125
0.402435302734375 0.2237548828125 -0.115310668945312 -0.107872009277344
0.3310546875 0.363677978515625 0.184188842773438 -0.172225952148437
0.370269775390625 0.200714111328125 0.220458984375 0.0230865478515625
0.43804931640625 0.008514404296875 0.290771484375 0.01409912109375
0.2847900390625 -0.24261474609375 0.246444702148438 -0.16729736328125
0.07781982421875 -0.302978515625 0.0945281982421875 -0.214828491210938
-0.150344848632813 -0.2677001953125 -0.072235107421875 -0.188278198242188
-0.249176025390625 -0.1666259765625 -0.122467041015625 -0.0719985961914063
-0.2330322265625 -0.144332885742188 -0.0685310363769531 0.0153083801269531
-0.284088134765625 -0.141937255859375 -0.0184974670410156 0.0364952087402344
-0.233978271484375 -0.202163696289062 -0.0221023559570313 0.092041015625
-0.10064697265625 -0.312408447265625 -0.0270156860351562 0.117385864257812
0.081146240234375 -0.324371337890625 -0.113609313964844 0.0836410522460937
0.349884033203125 -0.15240478515625 -0.171157836914062 0.0146636962890625
0.434295654296875 0.039947509765625 -0.122428894042969 -0.0924530029296875
0.379547119140625 0.270599365234375 -0.00653648376464842 -0.012669563293457
0.2437744140625 0.38494873046875 0.290283203125 -0.024078369140625
0.323638916015625 0.27471923828125 0.301422119140625 0.1156005859375
0.440155029296875 0.087432861328125 0.302581787109375 0.070220947265625
0.326629638671875 -0.2042236328125 0.25726318359375 -0.08111572265625
0.114044189453125 -0.302032470703125 0.133125305175781 -0.124954223632813
-0.13720703125 -0.2862548828125 0.00780487060546874 -0.117668151855469
-0.245651245117188 -0.180130004882812 -0.0191688537597656 -0.0313529968261719
-0.234039306640625 -0.154266357421875 0.0248985290527344 0.03900146484375
-0.29144287109375 -0.1522216796875 0.0750808715820312 0.0622100830078125
-0.239334106445313 -0.209091186523437 0.05877685546875 0.132789611816406
-0.099090576171875 -0.318603515625 0.032318115234375 0.160308837890625
0.089324951171875 -0.317901611328125 -0.0797348022460937 0.125343322753906
0.349639892578125 -0.123565673828125 -0.147735595703125 0.040496826171875
0.40057373046875 0.082794189453125 -0.0482292175292969 -0.0654830932617188
0.307861328125 0.296539306640625 0.0948715209960938 0.0884246826171875
0.11212158203125 0.3319091796875 0.35760498046875 0.11773681640625
0.206207275390625 0.282501220703125 0.34564208984375 0.202056884765625
0.344512939453125 0.14117431640625 0.289093017578125 0.114532470703125
0.2935791015625 -0.128753662109375 0.243865966796875 -0.00215148925781251
0.120620727539063 -0.241912841796875 0.148956298828125 -0.0409393310546875
-0.104400634765625 -0.25018310546875 0.0742645263671875 -0.0434799194335938
-0.203857421875 -0.163192749023437 0.0777511596679687 0.0105438232421875
-0.2000732421875 -0.139373779296875 0.114852905273438 0.058746337890625
-0.254531860351563 -0.1416015625 0.164337158203125 0.086883544921875
-0.2080078125 -0.19110107421875 0.1328125 0.170822143554688
-0.076324462890625 -0.28704833984375 0.0803680419921875 0.201095581054687
0.098480224609375 -0.274322509765625 -0.0550384521484375 0.162750244140625
0.31884765625 -0.07232666015625 -0.130264282226563 0.0611038208007812
0.323394775390625 0.128875732421875 0.0146923065185547 -0.0315570831298828
0.19647216796875 0.295257568359375 0.1712646484375 0.191696166992188
-0.0344085693359375 0.21923828125 0.3798828125 0.214263916015625
0.0573577880859375 0.2252197265625 0.3565673828125 0.253662109375
0.18603515625 0.149261474609375 0.264739990234375 0.1328125
0.198196411132813 -0.04376220703125 0.221160888671875 0.0497589111328125
0.0946197509765625 -0.143936157226563 0.149810791015625 0.0158538818359375
-0.059112548828125 -0.170272827148438 0.121963500976563 0.0127410888671875
-0.130134582519531 -0.116058349609375 0.1522216796875 0.041534423828125
-0.135635375976563 -0.102798461914063 0.187026977539063 0.0700531005859375
-0.178985595703125 -0.110000610351562 0.235214233398438 0.108428955078125
-0.148208618164063 -0.148391723632812 0.191360473632813 0.205551147460938
-0.0438995361328125 -0.22088623046875 0.110946655273437 0.240249633789063
0.0948638916015625 -0.199493408203125 -0.043701171875 0.198654174804688
0.251068115234375 -0.0151214599609375 -0.12353515625 0.0800018310546875
0.207778930664063 0.156631469726563 0.0553970336914063 0.0112838745117188
0.0579071044921875 0.255859375 0.209869384765625 0.28863525390625
0.0831069946289063 -0.123764038085938 -0.256134033203125 -0.30621337890625
-0.0944595336914063 -0.125534057617188 -0.0807113647460938 -0.0486373901367187
-0.129913330078125 -0.00317382812499997 0.132347106933594 -0.0823135375976563
-0.0622406005859375 0.0933761596679687 0.07073974609375 -0.255706787109375
0.018646240234375 0.101974487304687 -0.108932495117188 -0.280776977539063
0.0789108276367188 0.0723648071289063 -0.255401611328125 -0.199234008789062
0.0661430358886719 0.0436744689941406 -0.30474853515625 -0.0930786132812499
0.0607109069824219 0.0524368286132813 -0.24102783203125 -0.0453643798828125
0.0562667846679688 0.0682296752929688 -0.19757080078125 -0.0279693603515625
-0.002899169921875 0.0744857788085937 -0.163818359375 -0.0310211181640625
-0.0619583129882813 0.0425224304199219 -0.1685791015625 -0.0186920166015625
-0.0810928344726563 -0.0436248779296875 -0.21234130859375 -0.059844970703125
-0.0113372802734375 -0.13226318359375 -0.259124755859375 -0.157852172851562
0.091949462890625 -0.146682739257812 -0.35809326171875 -0.230926513671875
0.173812866210938 -0.0957794189453125 -0.367279052734375 -0.258758544921875
0.224929809570313 -0.009002685546875 -0.20355224609375 -0.354095458984375
0.05792236328125 -0.100555419921875 -0.0508651733398437 -0.080810546875
0.0073089599609375 -0.060272216796875 0.159332275390625 -0.0902862548828125
-0.0112724304199219 -0.0231952667236328 0.09698486328125 -0.276229858398437
-0.00118684768676758 -0.0084376335144043 -0.088104248046875 -0.307342529296875
-0.011021614074707 -0.00810432434082031 -0.261016845703125 -0.22418212890625
-0.0443763732910156 -0.00365829467773437 -0.3157958984375 -0.09796142578125
-0.0384979248046875 -0.000186920166015622 -0.244552612304687 -0.032867431640625
-0.05303955078125 0.00639724731445313 -0.2001953125 -0.0196685791015625
-0.0713043212890625 -0.0203018188476563 -0.168411254882813 -0.01678466796875
-0.0590438842773438 -0.0771942138671875 -0.1595458984375 -0.00177001953124997
-0.00186920166015626 -0.137092590332031 -0.201202392578125 -0.0408477783203125
0.135848999023438 -0.127388000488281 -0.244735717773438 -0.116302490234375
0.242538452148437 -0.0797271728515625 -0.32867431640625 -0.195587158203125
0.297271728515625 0.026580810546875 -0.3165283203125 -0.236785888671875
0.3314208984375 0.12481689453125 -0.10443115234375 -0.35321044921875
0.212326049804688 -0.0345306396484375 0.0179672241210938 -0.0858230590820313
0.172042846679688 -0.093017578125 0.20367431640625 -0.0832366943359375
0.069488525390625 -0.141952514648438 0.140274047851563 -0.27838134765625
-0.00448608398437501 -0.130935668945313 -0.042236328125 -0.311859130859375
-0.0921554565429687 -0.100028991699219 -0.231048583984375 -0.235137939453125
-0.14581298828125 -0.0570220947265625 -0.286651611328125 -0.095367431640625
-0.130813598632813 -0.0525131225585938 -0.211288452148438 -0.015380859375
-0.158203125 -0.0478973388671875 -0.166793823242188 -0.000808715820312488
-0.143936157226563 -0.097869873046875 -0.144058227539063 0.0180206298828125
-0.07769775390625 -0.182113647460938 -0.131141662597656 0.0362548828125
0.03961181640625 -0.226318359375 -0.181884765625 0.000701904296874973
0.244720458984375 -0.148391723632813 -0.227066040039062 -0.062103271484375
0.35650634765625 -0.04437255859375 -0.278244018554688 -0.149383544921875
0.38348388671875 0.12384033203125 -0.233184814453125 -0.177230834960938
0.379974365234375 0.249420166015625 0.0262451171875 -0.294036865234375
0.33331298828125 0.064361572265625 0.114013671875 -0.0553436279296875
0.33258056640625 -0.08258056640625 0.254486083984375 -0.0536956787109375
0.170486450195313 -0.231903076171875 0.192916870117188 -0.247711181640625
0.0169525146484375 -0.2401123046875 0.01947021484375 -0.28509521484375
-0.149627685546875 -0.188064575195312 -0.168991088867188 -0.222412109375
-0.222625732421875 -0.107162475585938 -0.219894409179688 -0.08367919921875
-0.20263671875 -0.0964508056640625 -0.148284912109375 0.00382995605468751
-0.242843627929687 -0.0896453857421875 -0.101974487304688 0.02056884765625
-0.208602905273437 -0.151107788085938 -0.0896759033203125 0.058349609375
-0.107437133789063 -0.258285522460938 -0.0814590454101563 0.080963134765625
0.0506591796875 -0.2950439453125 -0.149810791015625 0.0501708984375
0.30926513671875 -0.17572021484375 -0.202163696289062 -0.011199951171875
0.42156982421875 -0.02410888671875 -0.21044921875 -0.110992431640625
0.420074462890625 0.19281005859375 -0.126602172851562 -0.0989151000976563
0.360137939453125 0.337432861328125 0.164962768554688 -0.183624267578125
0.380767822265625 0.173095703125 0.217666625976563 0.00993347167968751
0.438201904296875 -0.026885986328125 0.29302978515625 -0.0054931640625
0.263397216796875 -0.264007568359375 0.234161376953125 -0.183349609375
0.0533447265625 -0.30633544921875 0.0809326171875 -0.221603393554688
-0.172515869140625 -0.250244140625 -0.086669921875 -0.18157958984375
-0.262481689453125 -0.14306640625 -0.1265869140625 -0.0601806640625
-0.24237060546875 -0.125 -0.0632476806640625 0.0239486694335937
-0.294586181640625 -0.11407470703125 -0.0151596069335938 0.0408859252929687
-0.24951171875 -0.178802490234375 -0.0134048461914063 0.0971298217773437
-0.12939453125 -0.2999267578125 -0.0184478759765625 0.121833801269531
0.052398681640625 -0.32916259765625 -0.109237670898438 0.0954208374023437
0.337127685546875 -0.180450439453125 -0.173919677734375 0.02630615234375
0.435577392578125 0.003692626953125 -0.133811950683594 -0.0849609375
0.4010009765625 0.241180419921875 -0.0103683471679687 -0.0127077102661133
0.272491455078125 0.36517333984375 0.28338623046875 -0.044830322265625
0.341644287109375 0.2489013671875 0.30474853515625 0.095733642578125
0.448211669921875 0.051788330078125 0.307769775390625 0.051361083984375
0.306976318359375 -0.2291259765625 0.251846313476563 -0.0980377197265625
0.0887451171875 -0.3084716796875 0.125175476074219 -0.134994506835938
-0.161239624023437 -0.270065307617188 -0.00112152099609376 -0.117843627929688
-0.259933471679688 -0.156753540039063 -0.020477294921875 -0.0275325775146484
-0.24493408203125 -0.133407592773437 0.0314865112304687 0.0399589538574219
-0.302947998046875 -0.122772216796875 0.0798263549804687 0.0586471557617187
-0.25640869140625 -0.18475341796875 0.0702590942382812 0.130027770996094
-0.127960205078125 -0.305633544921875 0.0438232421875 0.158660888671875
0.060882568359375 -0.32391357421875 -0.0716094970703125 0.133773803710937
0.339324951171875 -0.1524658203125 -0.14776611328125 0.051605224609375
0.404296875 0.04925537109375 -0.057373046875 -0.0634651184082031
0.33294677734375 0.27288818359375 0.09844970703125 0.0792999267578125
0.1385498046875 0.32049560546875 0.361968994140625 0.090972900390625
0.225967407226563 0.264251708984375 0.35809326171875 0.177032470703125
0.35675048828125 0.111907958984375 0.29638671875 0.0965576171875
0.279510498046875 -0.151687622070313 0.24456787109375 -0.017486572265625
0.09869384765625 -0.248886108398438 0.148300170898438 -0.052490234375
-0.124267578125 -0.237335205078125 0.0714569091796875 -0.0497817993164063
-0.216354370117188 -0.14288330078125 0.0789337158203125 0.00491333007812499
-0.210433959960938 -0.121170043945313 0.121826171875 0.0506439208984375
-0.26593017578125 -0.115325927734375 0.170364379882812 0.0738983154296875
-0.223800659179688 -0.169174194335937 0.147308349609375 0.160797119140625
-0.102783203125 -0.276947021484375 0.0948486328125 0.19415283203125
0.0733795166015625 -0.280731201171875 -0.0431060791015625 0.16925048828125
0.31072998046875 -0.09844970703125 -0.127861022949219 0.0715713500976562
0.331390380859375 0.100128173828125 0.0091056823730469 -0.0348796844482422
0.220046997070313 0.2791748046875 0.18426513671875 0.175933837890625
-0.015625 0.219680786132813 0.393402099609375 0.185394287109375
0.0745086669921875 0.218795776367188 0.374603271484375 0.227508544921875
0.1990966796875 0.132583618164063 0.273895263671875 0.115692138671875
0.19122314453125 -0.0605010986328125 0.225997924804687 0.0344390869140625
0.081207275390625 -0.149612426757812 0.153488159179687 0.00372314453124999
-0.0732879638671875 -0.160980224609375 0.123390197753906 0.00260162353515624
-0.139938354492187 -0.103927612304688 0.155746459960938 0.029205322265625
-0.143112182617188 -0.089996337890625 0.19268798828125 0.055633544921875
-0.18743896484375 -0.0906982421875 0.242645263671875 0.089263916015625
-0.16064453125 -0.132461547851563 0.207748413085937 0.189285278320313
-0.0646209716796875 -0.213714599609375 0.128509521484375 0.229934692382813
0.0758819580078125 -0.205612182617188 -0.0292510986328125 0.203323364257812
0.24798583984375 -0.0359344482421875 -0.118782043457031 0.0895156860351562
0.217559814453125 0.137557983398438 0.0533905029296875 0.00433731079101563
0.079010009765625 0.2491455078125 0.2296142578125 0.268386840820313
0.077301025390625 -0.127899169921875 -0.274200439453125 -0.285797119140625
-0.100715637207031 -0.11651611328125 -0.082794189453125 -0.0391693115234375
-0.129547119140625 0.00479125976562499 0.130584716796875 -0.0904693603515625
-0.0549240112304688 0.0953140258789063 0.05731201171875 -0.260360717773438
0.02520751953125 0.0988540649414063 -0.12408447265625 -0.273086547851563
0.0825271606445313 0.065826416015625 -0.265213012695313 -0.185089111328125
0.0676345825195313 0.038909912109375 -0.3092041015625 -0.074432373046875
0.0634307861328125 0.0456123352050781 -0.242874145507813 -0.03179931640625
0.0608177185058594 0.0612068176269531 -0.1981201171875 -0.015655517578125
0.0035400390625 0.0726318359375 -0.165618896484375 -0.02117919921875
-0.05645751953125 0.0449562072753906 -0.170074462890625 -0.00704956054687501
-0.082275390625 -0.038909912109375 -0.218414306640625 -0.048919677734375
-0.0183563232421875 -0.129463195800781 -0.268646240234375 -0.147232055664063
0.08233642578125 -0.149139404296875 -0.370361328125 -0.2132568359375
0.166717529296875 -0.105331420898437 -0.381134033203125 -0.238922119140625
0.225631713867188 -0.0214996337890625 -0.22552490234375 -0.337921142578125
0.0518264770507813 -0.0998764038085938 -0.056610107421875 -0.0724563598632813
0.00406646728515625 -0.0607032775878906 0.157485961914063 -0.09893798828125
-0.0120067596435547 -0.0237903594970703 0.082489013671875 -0.281524658203125
-0.00133132934570313 -0.00985622406005859 -0.10357666015625 -0.30096435546875
-0.0120115280151367 -0.00768756866455078 -0.271682739257813 -0.207962036132813
-0.0456123352050781 -0.000774383544921879 -0.319122314453125 -0.078521728515625
-0.0383796691894531 -5.72204589843708E-05 -0.243331909179688 -0.01873779296875
-0.0518798828125 0.00775527954101562 -0.199493408203125 -0.00610351562500003
-0.0701522827148438 -0.0161247253417969 -0.169586181640625 -0.00444030761718748
-0.0621566772460938 -0.0733795166015625 -0.160232543945313 0.010101318359375
-0.00908660888671874 -0.136581420898438 -0.206695556640625 -0.029266357421875
0.12921142578125 -0.133338928222656 -0.253677368164063 -0.107223510742188
0.235824584960938 -0.091888427734375 -0.340667724609375 -0.180023193359375
0.296783447265625 0.011077880859375 -0.329437255859375 -0.219879150390625
0.338531494140625 0.105499267578125 -0.127899169921875 -0.341033935546875
0.208297729492188 -0.042633056640625 0.010223388671875 -0.0816879272460938
0.167648315429688 -0.103271484375 0.202178955078125 -0.093048095703125
0.0608062744140625 -0.145172119140625 0.125885009765625 -0.285247802734375
-0.0108642578125 -0.130699157714844 -0.058868408203125 -0.30963134765625
-0.0982589721679688 -0.0927352905273437 -0.2431640625 -0.220443725585938
-0.150390625 -0.0469512939453125 -0.2906494140625 -0.076507568359375
-0.133377075195313 -0.045562744140625 -0.208694458007812 -0.00183105468749997
-0.16015625 -0.0382843017578125 -0.164703369140625 0.0118865966796875
-0.148162841796875 -0.0879669189453125 -0.14178466796875 0.0291900634765625
-0.0883331298828125 -0.175399780273437 -0.130081176757813 0.046417236328125
0.0263519287109375 -0.227935791015625 -0.185379028320313 0.0124053955078124
0.237457275390625 -0.162384033203125 -0.233413696289062 -0.0530242919921875
0.35113525390625 -0.065185546875 -0.289459228515625 -0.13653564453125
0.389739990234375 0.10247802734375 -0.244338989257813 -0.16412353515625
0.39422607421875 0.228302001953125 0.00579833984375 -0.2906494140625
0.333282470703125 0.0482177734375 0.106979370117188 -0.057098388671875
0.32769775390625 -0.102691650390625 0.254043579101563 -0.06585693359375
0.155990600585938 -0.240829467773437 0.180908203125 -0.25665283203125
0.00334167480468751 -0.24072265625 0.005645751953125 -0.2855224609375
-0.160354614257813 -0.175888061523437 -0.181060791015625 -0.2120361328125
-0.229873657226563 -0.0915374755859375 -0.22320556640625 -0.0688323974609375
-0.207672119140625 -0.0845489501953125 -0.144119262695313 0.0141448974609375
-0.2471923828125 -0.0726165771484375 -0.0991592407226563 0.0293502807617188
-0.216293334960937 -0.135513305664063 -0.0846481323242188 0.066680908203125
-0.1234130859375 -0.249267578125 -0.0776748657226563 0.0885848999023438
0.03265380859375 -0.296966552734375 -0.14996337890625 0.060546875
0.30035400390625 -0.19342041015625 -0.206832885742187 -0.00270080566406255
0.41790771484375 -0.04974365234375 -0.221481323242187 -0.10186767578125
0.43115234375 0.16998291015625 -0.133827209472656 -0.0921249389648437
0.378692626953125 0.3170166015625 0.149627685546875 -0.188674926757812
0.386993408203125 0.1527099609375 0.214248657226563 0.00169372558593751
0.43780517578125 -0.05377197265625 0.29437255859375 -0.01715087890625
0.246063232421875 -0.2779541015625 0.22637939453125 -0.193634033203125
0.036468505859375 -0.307952880859375 0.07080078125 -0.225921630859375
-0.186386108398438 -0.237167358398438 -0.09637451171875 -0.175827026367188
-0.271331787109375 -0.1246337890625 -0.128494262695313 -0.0506668090820312
-0.24945068359375 -0.109573364257813 -0.0574760437011719 0.0291099548339844
-0.30078125 -0.0919189453125 -0.0122299194335938 0.0444488525390625
-0.259445190429688 -0.159927368164062 -0.00669097900390627 0.0998306274414062
-0.14849853515625 -0.288726806640625 -0.0130386352539063 0.125137329101562
0.031890869140625 -0.330810546875 -0.106719970703125 0.103424072265625
0.3277587890625 -0.2005615234375 -0.175079345703125 0.03515625
0.43353271484375 -0.023193359375 -0.14300537109375 -0.079803466796875
0.415557861328125 0.218597412109375 -0.0134840011596679 -0.0122900009155273
0.29412841796875 0.34808349609375 0.275848388671875 -0.0582733154296875
0.351959228515625 0.230133056640625 0.305572509765625 0.08154296875
0.451812744140625 0.022613525390625 0.310699462890625 0.038421630859375
0.290557861328125 -0.246063232421875 0.248458862304688 -0.1080322265625
0.070281982421875 -0.311279296875 0.121231079101563 -0.1419677734375
-0.176162719726563 -0.25665283203125 -0.00745391845703126 -0.11773681640625
-0.268936157226563 -0.138046264648438 -0.0208511352539063 -0.0252971649169922
-0.252548217773438 -0.118408203125 0.0373344421386719 0.0393257141113281
-0.30865478515625 -0.099578857421875 0.0835189819335938 0.0556106567382812
-0.267166137695313 -0.164443969726563 0.078765869140625 0.127395629882812
-0.148345947265625 -0.294647216796875 0.0520477294921875 0.157424926757812
0.039703369140625 -0.325042724609375 -0.0651168823242187 0.140274047851563
0.329437255859375 -0.174102783203125 -0.147247314453125 0.0595855712890625
0.405548095703125 0.023895263671875 -0.0650444030761718 -0.0619850158691406
0.3489990234375 0.253875732421875 0.100379943847656 0.0729598999023438
0.157440185546875 0.310302734375 0.363739013671875 0.07269287109375
0.240036010742187 0.251312255859375 0.36492919921875 0.159332275390625
0.363922119140625 0.088958740234375 0.302154541015625 0.083984375
0.267364501953125 -0.167861938476563 0.24591064453125 -0.0283203125
0.0834503173828125 -0.252899169921875 0.147994995117188 -0.0605316162109375
-0.137710571289063 -0.225326538085938 0.0695304870605469 -0.0542259216308594
-0.224517822265625 -0.126693725585937 0.0806961059570312 0.000709533691406242
-0.217361450195313 -0.107254028320312 0.12689208984375 0.0446701049804687
-0.271011352539063 -0.0943450927734375 0.174530029296875 0.06524658203125
-0.23345947265625 -0.151290893554688 0.156417846679687 0.152633666992187
-0.121856689453125 -0.267990112304688 0.105575561523437 0.188644409179687
0.05377197265625 -0.283538818359375 -0.0349578857421875 0.172683715820312
0.30426025390625 -0.1182861328125 -0.125541687011719 0.07867431640625
0.334625244140625 0.079620361328125 0.00416564941406252 -0.0372657775878906
0.237716674804688 0.265609741210938 0.191146850585938 0.162689208984375
-0.00177001953125 0.2176513671875 0.40106201171875 0.1636962890625
0.087158203125 0.213531494140625 0.3857421875 0.2080078125
0.208541870117188 0.118209838867188 0.28021240234375 0.10394287109375
0.185272216796875 -0.07220458984375 0.230300903320313 0.0242919921875
0.0708160400390625 -0.152694702148438 0.155807495117188 -0.00483703613281251
-0.0828704833984375 -0.154052734375 0.124443054199219 -0.00614166259765626
-0.14544677734375 -0.0925445556640625 0.157806396484375 0.0188751220703125
-0.148147583007813 -0.0799713134765625 0.197006225585938 0.045135498046875
-0.19134521484375 -0.075775146484375 0.246307373046875 0.0747222900390625
-0.168243408203125 -0.119384765625 0.218292236328125 0.177154541015625
-0.0792694091796875 -0.20703125 0.1412353515625 0.221908569335938
0.0622406005859375 -0.208847045898438 -0.018218994140625 0.205413818359375
0.24407958984375 -0.0513916015625 -0.115577697753906 0.0965423583984375
0.223922729492187 0.123428344726562 0.0509910583496094 -0.00146865844726562
0.09454345703125 0.243133544921875 0.242660522460938 0.251312255859375
0.0745773315429688 -0.1337890625 -0.28985595703125 -0.27410888671875
-0.106971740722656 -0.110458374023438 -0.0851364135742187 -0.0309677124023438
-0.131202697753906 0.0112686157226562 0.13189697265625 -0.0993270874023438
-0.0498809814453125 0.0974655151367188 0.0474395751953125 -0.268264770507813
0.0299911499023438 0.0975418090820313 -0.13800048828125 -0.271041870117188
0.0869674682617188 0.061553955078125 -0.275955200195313 -0.175689697265625
0.0695152282714844 0.0348281860351562 -0.317108154296875 -0.0603637695312499
0.0657844543457031 0.0409507751464844 -0.2476806640625 -0.021331787109375
0.0650100708007813 0.055389404296875 -0.20135498046875 -0.00590515136718751
0.00894165039062499 0.0717391967773438 -0.169326782226563 -0.012939453125
-0.0533790588378906 0.0470123291015625 -0.173660278320313 0.00105285644531248
-0.0849990844726563 -0.03546142578125 -0.226806640625 -0.0404205322265625
-0.0248260498046875 -0.128791809082031 -0.282501220703125 -0.142059326171875
0.0755157470703125 -0.153366088867188 -0.387481689453125 -0.202880859375
0.163253784179688 -0.114288330078125 -0.398406982421875 -0.22821044921875
0.229873657226563 -0.03216552734375 -0.245819091796875 -0.32733154296875
0.0481719970703125 -0.100059509277344 -0.0613479614257812 -0.0657882690429688
0.00178146362304687 -0.06201171875 0.158905029296875 -0.10687255859375
-0.0132713317871094 -0.0245800018310547 0.07275390625 -0.29046630859375
-0.00143241882324219 -0.0116138458251953 -0.118072509765625 -0.3004150390625
-0.0130271911621094 -0.00691318511962891 -0.2843017578125 -0.198883056640625
-0.0470657348632813 0.00182723999023437 -0.327423095703125 -0.062835693359375
-0.0395927429199219 -0.000434875488281242 -0.246261596679688 -0.00770568847656253
-0.0521583557128906 0.00859451293945312 -0.201675415039063 0.00448608398437501
-0.0704727172851563 -0.0130386352539062 -0.171142578125 0.00492858886718753
-0.064727783203125 -0.0720672607421875 -0.163330078125 0.0189971923828125
-0.0149612426757812 -0.137916564941406 -0.21478271484375 -0.0207061767578126
0.126510620117187 -0.140609741210938 -0.266189575195313 -0.102218627929687
0.233551025390625 -0.103179931640625 -0.35675048828125 -0.17041015625
0.3018798828125 -0.00189208984375 -0.34619140625 -0.2109375
0.3504638671875 0.0919189453125 -0.14727783203125 -0.33673095703125
0.20843505859375 -0.0484771728515625 0.00463104248046876 -0.0779190063476563
0.16595458984375 -0.112686157226563 0.204742431640625 -0.10235595703125
0.0544891357421875 -0.150604248046875 0.117218017578125 -0.29510498046875
-0.0167617797851563 -0.133651733398438 -0.072052001953125 -0.312530517578125
-0.10455322265625 -0.0877227783203125 -0.256088256835938 -0.21234130859375
-0.155563354492188 -0.03875732421875 -0.29718017578125 -0.0621337890625
-0.138450622558594 -0.0411911010742188 -0.208847045898438 0.00848388671875003
-0.164337158203125 -0.0308990478515625 -0.164993286132813 0.02166748046875
-0.153152465820313 -0.0806427001953125 -0.141159057617187 0.0388641357421875
-0.0975494384765625 -0.173049926757813 -0.131095886230469 0.055755615234375
0.01654052734375 -0.232177734375 -0.191680908203125 0.0217742919921875
0.2352294921875 -0.175338745117187 -0.244491577148437 -0.0477752685546875
0.352447509765625 -0.0814208984375 -0.304290771484375 -0.128814697265625
0.4012451171875 0.08746337890625 -0.25750732421875 -0.157028198242187
0.41180419921875 0.213653564453125 -0.010528564453125 -0.29052734375
0.33856201171875 0.038330078125 0.103134155273438 -0.0578231811523438
0.329986572265625 -0.120269775390625 0.257369995117188 -0.0756378173828125
0.146728515625 -0.251266479492187 0.1748046875 -0.267257690429688
-0.006072998046875 -0.244857788085938 -0.00469970703125 -0.29132080078125
-0.171295166015625 -0.169082641601563 -0.193405151367188 -0.206283569335938
-0.238128662109375 -0.079376220703125 -0.22833251953125 -0.0574951171875
-0.215545654296875 -0.076385498046875 -0.14166259765625 0.021728515625
-0.2540283203125 -0.0594329833984375 -0.0977401733398438 0.03704833984375
-0.224868774414062 -0.125198364257813 -0.0814437866210938 0.0743560791015625
-0.138427734375 -0.244552612304688 -0.0763092041015625 0.0960540771484375
0.01849365234375 -0.3026123046875 -0.153411865234375 0.0692901611328125
0.298187255859375 -0.210906982421875 -0.214874267578125 0.00367736816406252
0.421783447265625 -0.07122802734375 -0.233810424804687 -0.095947265625
0.44635009765625 0.15509033203125 -0.142486572265625 -0.088134765625
0.400421142578125 0.305877685546875 0.1396484375 -0.19439697265625
0.3975830078125 0.14068603515625 0.213088989257813 -0.00382995605468749
0.44366455078125 -0.0765380859375 0.300262451171875 -0.0269775390625
0.23553466796875 -0.293182373046875 0.223037719726563 -0.20452880859375
0.024139404296875 -0.314605712890625 0.0655364990234375 -0.233917236328125
-0.199981689453125 -0.228973388671875 -0.105148315429688 -0.17401123046875
-0.28179931640625 -0.110443115234375 -0.131584167480469 -0.0439910888671875
-0.258499145507813 -0.0992279052734374 -0.0527801513671875 0.0332870483398438
-0.308258056640625 -0.075653076171875 -0.00920104980468752 0.0481986999511719
-0.270004272460937 -0.14697265625 -0.000801086425781255 0.10406494140625
-0.166839599609375 -0.282623291015625 -0.00838470458984377 0.129692077636719
0.014495849609375 -0.336822509765625 -0.105865478515625 0.111740112304687
0.32427978515625 -0.2222900390625 -0.181106567382813 0.0419464111328125
0.43878173828125 -0.0452880859375 -0.15325927734375 -0.0760345458984375
0.434051513671875 0.204132080078125 -0.0165996551513672 -0.0125436782836914
0.315277099609375 0.339752197265625 0.273590087890625 -0.06842041015625
0.3668212890625 0.22003173828125 0.3109130859375 0.07147216796875
0.4620361328125 0.000885009765625 0.319061279296875 0.029998779296875
0.282196044921875 -0.262786865234375 0.250411987304688 -0.118194580078125
0.058197021484375 -0.3197021484375 0.120208740234375 -0.150985717773438
-0.190643310546875 -0.248611450195313 -0.0122222900390625 -0.119346618652344
-0.281036376953125 -0.124099731445312 -0.0214042663574219 -0.024496078491211
-0.262252807617188 -0.107421875 0.0430488586425781 0.0398330688476562
-0.317047119140625 -0.08111572265625 0.08837890625 0.054412841796875
-0.278518676757812 -0.149749755859375 0.0870742797851562 0.127716064453125
-0.16790771484375 -0.288116455078125 0.0592193603515625 0.1583251953125
0.022216796875 -0.3323974609375 -0.0614776611328125 0.146926879882812
0.327362060546875 -0.193389892578125 -0.150039672851562 0.06689453125
0.4119873046875 0.003021240234375 -0.0723342895507812 -0.06170654296875
0.367767333984375 0.242431640625 0.103492736816406 0.068756103515625
0.17510986328125 0.307403564453125 0.369598388671875 0.059234619140625
0.253936767578125 0.245269775390625 0.375030517578125 0.14727783203125
0.375946044921875 0.070709228515625 0.311859130859375 0.07659912109375
0.261917114257812 -0.18353271484375 0.251205444335938 -0.036529541015625
0.0734710693359375 -0.25982666015625 0.15118408203125 -0.0690765380859375
-0.15008544921875 -0.219680786132812 0.0677680969238281 -0.0597114562988281
-0.234527587890625 -0.115493774414063 0.0822525024414063 -0.00354003906250001
-0.225387573242188 -0.0981292724609375 0.133735656738281 0.040283203125
-0.277679443359375 -0.07806396484375 0.180587768554687 0.0594482421875
-0.243621826171875 -0.137924194335937 0.167098999023437 0.148300170898438
-0.1385498046875 -0.262344360351562 0.1151123046875 0.186798095703125
0.039703369140625 -0.28936767578125 -0.0278472900390625 0.178421020507812
0.303558349609375 -0.13580322265625 -0.1260986328125 0.0858993530273437
0.342742919921875 0.063385009765625 -0.000480651855468728 -0.0404014587402344
0.25555419921875 0.258453369140625 0.199783325195313 0.155624389648438
0.00833129882812498 0.219451904296875 0.413360595703125 0.150146484375
0.0978546142578125 0.212142944335938 0.3995361328125 0.19488525390625
0.218414306640625 0.107513427734375 0.2901611328125 0.09796142578125
0.182830810546875 -0.0824432373046875 0.23858642578125 0.0176544189453125
0.0643310546875 -0.157073974609375 0.16156005859375 -0.0123748779296875
-0.090484619140625 -0.14947509765625 0.12677001953125 -0.0132980346679688
-0.1527099609375 -0.08538818359375 0.162109375 0.0108795166015625
-0.153472900390625 -0.073638916015625 0.20318603515625 0.03656005859375
-0.196487426757812 -0.0639801025390625 0.253372192382813 0.0653228759765625
-0.176162719726562 -0.10986328125 0.230743408203125 0.169601440429688
-0.092132568359375 -0.204010009765625 0.152236938476562 0.217193603515625
0.0515289306640625 -0.2142333984375 -0.010223388671875 0.210159301757813
0.245437622070313 -0.06463623046875 -0.115303039550781 0.103530883789062
0.231658935546875 0.11395263671875 0.0503921508789063 -0.00675582885742187
0.108306884765625 0.241165161132813 0.2562255859375 0.242019653320313
0.0704498291015625 -0.143707275390625 -0.314849853515625 -0.26324462890625
-0.115325927734375 -0.105522155761719 -0.0882644653320313 -0.0219268798828125
-0.134536743164063 0.0204315185546875 0.134101867675781 -0.110763549804687
-0.0457916259765625 0.101760864257812 0.034515380859375 -0.280654907226563
0.0368728637695312 0.0977554321289063 -0.157806396484375 -0.272293090820313
0.0937347412109375 0.0580825805664063 -0.294158935546875 -0.16693115234375
0.073883056640625 0.031524658203125 -0.33160400390625 -0.0437011718750001
0.0698356628417969 0.0358238220214844 -0.257171630859375 -0.00701904296874996
0.0697441101074219 0.0499916076660156 -0.20849609375 0.00555419921875004
0.0151138305664062 0.0717239379882812 -0.176712036132813 -0.00311279296874999
-0.0508575439453125 0.0506629943847656 -0.180984497070313 0.01123046875
-0.08917236328125 -0.0315933227539062 -0.240524291992188 -0.0302734375
-0.031982421875 -0.130241394042969 -0.303985595703125 -0.134918212890625
0.06817626953125 -0.161270141601563 -0.41302490234375 -0.190765380859375
0.16265869140625 -0.126724243164063 -0.4276123046875 -0.21685791015625
0.23748779296875 -0.0468292236328125 -0.272125244140625 -0.320526123046875
0.0448760986328125 -0.102287292480469 -0.0676345825195313 -0.059051513671875
-0.000793457031250006 -0.0638961791992188 0.161758422851562 -0.120193481445312
-0.0151271820068359 -0.0252799987792969 0.059906005859375 -0.30450439453125
-0.00194835662841797 -0.0131340026855469 -0.138519287109375 -0.304412841796875
-0.0137748718261719 -0.00613975524902344 -0.3043212890625 -0.18988037109375
-0.0494575500488281 0.00534820556640625 -0.340850830078125 -0.044952392578125
-0.0419158935546875 9.15527343749919E-05 -0.25372314453125 0.00607299804687502
-0.0537033081054688 0.0102310180664063 -0.207748413085938 0.0175628662109375
-0.0722427368164062 -0.0103073120117188 -0.176773071289063 0.0166015625
-0.0702743530273438 -0.0708541870117187 -0.1690673828125 0.0302734375
-0.022674560546875 -0.14141845703125 -0.228042602539062 -0.00939941406250006
0.124038696289063 -0.152236938476563 -0.2857666015625 -0.0948486328125
0.234573364257813 -0.11871337890625 -0.382415771484375 -0.1593017578125
0.3125 -0.017364501953125 -0.372283935546875 -0.2008056640625
0.368865966796875 0.075958251953125 -0.17230224609375 -0.335235595703125
0.212631225585938 -0.05792236328125 -0.00101470947265624 -0.0751876831054688
0.1663818359375 -0.127212524414063 0.209274291992188 -0.116622924804688
0.047607421875 -0.15966796875 0.106842041015625 -0.3115234375
-0.0241851806640625 -0.138282775878906 -0.090423583984375 -0.31988525390625
-0.11248779296875 -0.0839996337890625 -0.276123046875 -0.204788208007812
-0.163909912109375 -0.0294342041015625 -0.30975341796875 -0.04534912109375
-0.14727783203125 -0.0359344482421875 -0.212982177734375 0.0204925537109374
-0.17138671875 -0.0219879150390625 -0.168487548828125 0.03350830078125
-0.161361694335938 -0.074432373046875 -0.143264770507813 0.0501708984375
-0.110855102539062 -0.172073364257813 -0.133338928222656 0.0676651000976562
0.00376892089843751 -0.241455078125 -0.20135498046875 0.0344085693359374
0.235549926757812 -0.195846557617188 -0.2615966796875 -0.0390014648437501
0.359283447265625 -0.10467529296875 -0.32763671875 -0.1181640625
0.42083740234375 0.069610595703125 -0.27777099609375 -0.150115966796875
0.439361572265625 0.198822021484375 -0.02960205078125 -0.296478271484375
0.351531982421875 0.025177001953125 0.100784301757813 -0.0594482421875
0.336456298828125 -0.144775390625 0.265777587890625 -0.0900726318359375
0.13665771484375 -0.268402099609375 0.168548583984375 -0.2852783203125
-0.0191192626953125 -0.254608154296875 -0.01873779296875 -0.303497314453125
-0.186248779296875 -0.163360595703125 -0.211349487304687 -0.202621459960938
-0.2518310546875 -0.0655975341796876 -0.237762451171875 -0.0437774658203126
-0.22833251953125 -0.0672760009765625 -0.141586303710938 0.03094482421875
-0.265548706054688 -0.0447540283203125 -0.09716796875 0.0460128784179688
-0.23931884765625 -0.114166259765625 -0.0784378051757813 0.0845184326171875
-0.158126831054687 -0.243179321289063 -0.0746002197265625 0.10626220703125
0.001068115234375 -0.314117431640625 -0.158370971679688 0.0826873779296875
0.29803466796875 -0.2381591796875 -0.22802734375 0.0137481689453125
0.431182861328125 -0.097747802734375 -0.253570556640625 -0.087249755859375
0.472991943359375 0.136962890625 -0.154586791992188 -0.0841217041015625
0.432037353515625 0.2947998046875 0.130615234375 -0.2052001953125
0.418212890625 0.127655029296875 0.217437744140625 -0.01092529296875
0.457489013671875 -0.106231689453125 0.313140869140625 -0.041290283203125
0.226409912109375 -0.316864013671875 0.223922729492188 -0.221908569335938
0.00817871093750002 -0.32855224609375 0.05731201171875 -0.247909545898438
-0.219528198242188 -0.2232666015625 -0.119064331054688 -0.173843383789063
-0.29833984375 -0.0953369140625 -0.136398315429688 -0.036346435546875
-0.274673461914063 -0.0876007080078125 -0.0490303039550781 0.0382347106933594
-0.32257080078125 -0.056915283203125 -0.00485992431640626 0.0529594421386719
-0.287750244140625 -0.13189697265625 0.00616455078124997 0.110572814941406
-0.19049072265625 -0.2796630859375 -0.00168609619140627 0.137619018554687
-0.00515747070312504 -0.349578857421875 -0.105873107910156 0.123497009277344
0.32403564453125 -0.250762939453125 -0.189163208007812 0.0526123046875
0.45013427734375 -0.07281494140625 -0.1680908203125 -0.0717315673828125
0.463409423828125 0.188323974609375 -0.0196399688720703 -0.0128135681152344
0.346435546875 0.3349609375 0.27679443359375 -0.0818328857421875
0.39007568359375 0.208465576171875 0.322723388671875 0.060546875
0.480316162109375 -0.027862548828125 0.335174560546875 0.01739501953125
0.27630615234375 -0.287689208984375 0.2562255859375 -0.133743286132813
0.04296875 -0.33428955078125 0.11932373046875 -0.165176391601563
-0.211746215820312 -0.243972778320313 -0.0204620361328125 -0.123275756835938
-0.297576904296875 -0.10906982421875 -0.0221881866455078 -0.0224952697753906
-0.278717041015625 -0.09478759765625 0.0508842468261719 0.0386962890625
-0.331695556640625 -0.061981201171875 0.0956268310546875 0.0529937744140625
-0.29571533203125 -0.13409423828125 0.0984725952148437 0.128814697265625
-0.1917724609375 -0.284576416015625 0.0699005126953125 0.162246704101562
0.00186157226562501 -0.345062255859375 -0.0572052001953125 0.156997680664062
0.32843017578125 -0.22271728515625 -0.154190063476562 0.0774383544921875
0.42584228515625 -0.02288818359375 -0.082244873046875 -0.0613327026367187
0.396392822265625 0.230682373046875 0.109062194824219 0.0643844604492188
0.19940185546875 0.30859375 0.383514404296875 0.044342041015625
0.276885986328125 0.240570068359375 0.39385986328125 0.135009765625
0.394561767578125 0.04962158203125 0.329010009765625 0.066162109375
0.258895874023438 -0.204055786132812 0.262252807617188 -0.0498199462890625
0.0624237060546875 -0.273223876953125 0.155776977539063 -0.0814056396484375
-0.168121337890625 -0.215789794921875 0.0665702819824219 -0.0658950805664063
-0.250076293945313 -0.102264404296875 0.0861282348632812 -0.00796508789062501
-0.239776611328125 -0.08685302734375 0.144088745117188 0.0347137451171875
-0.290802001953125 -0.06134033203125 0.190582275390625 0.05218505859375
-0.26019287109375 -0.12396240234375 0.182449340820313 0.145004272460938
-0.160888671875 -0.259613037109375 0.1290283203125 0.186996459960937
0.022735595703125 -0.301116943359375 -0.020538330078125 0.186981201171875
0.3062744140625 -0.159698486328125 -0.127998352050781 0.096466064453125
0.3572998046875 0.044219970703125 -0.00607299804687498 -0.0444908142089844
0.280746459960938 0.25286865234375 0.214080810546875 0.147964477539063
0.021728515625 0.22607421875 0.433990478515625 0.134735107421875
0.114303588867188 0.2135009765625 0.422637939453125 0.180755615234375
0.233367919921875 0.0963592529296875 0.307891845703125 0.0892333984375
0.182571411132812 -0.0965423583984375 0.25225830078125 0.00634765624999999
0.0576629638671875 -0.165252685546875 0.16973876953125 -0.0233306884765625
-0.102630615234375 -0.14801025390625 0.130256652832031 -0.0224609375
-0.163314819335938 -0.07781982421875 0.168426513671875 0.000793457031249995
-0.16363525390625 -0.0657958984375 0.21453857421875 0.026397705078125
-0.205123901367188 -0.052154541015625 0.265762329101563 0.053314208984375
-0.188385009765625 -0.099151611328125 0.247940063476563 0.163406372070313
-0.108810424804687 -0.203643798828125 0.168807983398437 0.215545654296875
0.0396575927734375 -0.224411010742188 0.000854492187499998 0.21868896484375
0.24969482421875 -0.0808563232421875 -0.114822387695313 0.113433837890625
0.245895385742188 0.103378295898437 0.0490798950195313 -0.0136222839355469
0.127593994140625 0.242706298828125 0.276962280273438 0.23382568359375
0.0615234375 -0.156692504882812 -0.34808349609375 -0.24493408203125
-0.126686096191406 -0.0973281860351563 -0.0914535522460938 -0.0107574462890625
-0.137725830078125 0.0339431762695312 0.132522583007813 -0.127853393554688
-0.039764404296875 0.107948303222656 0.013275146484375 -0.2952880859375
0.0457382202148438 0.09722900390625 -0.185012817382813 -0.268905639648437
0.102668762207031 0.0502700805664063 -0.318572998046875 -0.150421142578125
0.0797882080078125 0.025634765625 -0.3470458984375 -0.01708984375
0.07415771484375 0.0289154052734375 -0.26800537109375 0.0130157470703125
0.0760726928710938 0.0427703857421875 -0.216629028320313 0.0232391357421875
0.02337646484375 0.0705184936523438 -0.18402099609375 0.011566162109375
-0.0473060607910156 0.0557632446289063 -0.187728881835938 0.026214599609375
-0.0948562622070313 -0.0251312255859375 -0.256301879882813 -0.0124359130859375
-0.0437698364257813 -0.131340026855469 -0.331390380859375 -0.117431640625
0.0574188232421875 -0.169692993164063 -0.445953369140625 -0.166351318359375
0.158233642578125 -0.144805908203125 -0.4637451171875 -0.193389892578125
0.243545532226563 -0.0691680908203125 -0.308868408203125 -0.30780029296875
0.03924560546875 -0.106803894042969 -0.0741653442382813 -0.0498199462890625
-0.00626373291015625 -0.0661163330078125 0.160476684570312 -0.138214111328125
-0.0179862976074219 -0.026458740234375 0.038909912109375 -0.320953369140625
-0.00399589538574219 -0.015101432800293 -0.16748046875 -0.304443359375
-0.0139341354370117 -0.00542736053466797 -0.32989501953125 -0.17236328125
-0.0509452819824219 0.010223388671875 -0.356414794921875 -0.017242431640625
-0.0449562072753906 0.0018463134765625 -0.2618408203125 0.0267333984375
-0.0549354553222656 0.0133132934570313 -0.212844848632813 0.0357513427734375
-0.073699951171875 -0.00608062744140626 -0.1817626953125 0.0329437255859375
-0.0775680541992188 -0.0679550170898438 -0.173812866210938 0.0467681884765625
-0.034393310546875 -0.144744873046875 -0.24066162109375 0.0089111328125
0.117172241210937 -0.168136596679688 -0.3101806640625 -0.077728271484375
0.232345581054688 -0.14019775390625 -0.412841796875 -0.13580322265625
0.323394775390625 -0.04296875 -0.406036376953125 -0.180877685546875
0.391265869140625 0.048126220703125 -0.20733642578125 -0.329986572265625
0.217056274414063 -0.073638916015625 -0.00818634033203123 -0.0723342895507813
0.163192749023437 -0.146286010742187 0.211349487304687 -0.137496948242187
0.035797119140625 -0.169998168945313 0.0880126953125 -0.331634521484375
-0.0370635986328125 -0.14404296875 -0.118621826171875 -0.32562255859375
-0.123893737792969 -0.077606201171875 -0.302459716796875 -0.189788818359375
-0.172653198242188 -0.0148468017578125 -0.323760986328125 -0.019866943359375
-0.15728759765625 -0.025970458984375 -0.21661376953125 0.0383758544921875
-0.180145263671875 -0.00839233398437498 -0.17071533203125 0.0497894287109375
-0.172698974609375 -0.0628662109375 -0.142898559570313 0.066162109375
-0.129135131835938 -0.169036865234375 -0.133811950683594 0.08355712890625
-0.015380859375 -0.250762939453125 -0.210861206054688 0.053131103515625
0.230117797851562 -0.22393798828125 -0.2811279296875 -0.0221710205078125
0.36248779296875 -0.13775634765625 -0.354736328125 -0.097686767578125
0.444427490234375 0.039306640625 -0.303558349609375 -0.135101318359375
0.475189208984375 0.170684814453125 -0.0565185546875 -0.30096435546875
0.367584228515625 0.003173828125 0.0981369018554688 -0.064361572265625
0.338226318359375 -0.179443359375 0.272979736328125 -0.11273193359375
0.1197509765625 -0.28912353515625 0.156036376953125 -0.309539794921875
-0.04034423828125 -0.2652587890625 -0.042236328125 -0.3150634765625
-0.206634521484375 -0.153076171875 -0.235336303710938 -0.1925048828125
-0.266876220703125 -0.04498291015625 -0.248519897460938 -0.0245513916015625
-0.24444580078125 -0.0505828857421875 -0.139938354492188 0.043121337890625
-0.279098510742188 -0.0228729248046876 -0.0950698852539063 0.0579986572265625
-0.256011962890625 -0.0964508056640625 -0.07293701171875 0.096435546875
-0.184478759765625 -0.237136840820313 -0.0690078735351563 0.119110107421875
-0.025390625 -0.32684326171875 -0.161727905273438 0.100250244140625
0.291107177734375 -0.274169921875 -0.242050170898437 0.0314483642578125
0.43719482421875 -0.137542724609375 -0.274978637695313 -0.0717620849609375
0.505035400390625 0.105072021484375 -0.16973876953125 -0.0768585205078125
0.47442626953125 0.2728271484375 0.1170654296875 -0.218948364257812
0.44439697265625 0.10247802734375 0.2220458984375 -0.023651123046875
0.467620849609375 -0.149932861328125 0.3262939453125 -0.0645751953125
0.208221435546875 -0.346710205078125 0.218917846679688 -0.247940063476563
-0.01776123046875 -0.343475341796875 0.0412445068359375 -0.264266967773438
-0.245574951171875 -0.211349487304687 -0.138290405273438 -0.170013427734375
-0.318267822265625 -0.07122802734375 -0.143081665039063 -0.0244903564453125
-0.294097900390625 -0.0670166015625 -0.0433502197265625 0.0430068969726563
-0.33856201171875 -0.0285949707031249 0.00106430053710936 0.0576133728027344
-0.308319091796875 -0.1099853515625 0.0177841186523437 0.11688232421875
-0.222564697265625 -0.271484375 0.009307861328125 0.145034790039063
-0.03570556640625 -0.363433837890625 -0.103195190429687 0.139205932617188
0.316802978515625 -0.28948974609375 -0.1971435546875 0.0691986083984375
0.459808349609375 -0.114776611328125 -0.185028076171875 -0.0618438720703125
0.501007080078125 0.1588134765625 -0.0239639282226562 -0.0131206512451172
0.38848876953125 0.32012939453125 0.278045654296875 -0.103347778320312
0.421905517578125 0.187591552734375 0.33685302734375 0.04119873046875
0.499267578125 -0.07037353515625 0.35211181640625 -0.00445556640625
0.261871337890625 -0.321441650390625 0.259918212890625 -0.158309936523438
0.0179443359375 -0.352691650390625 0.113113403320312 -0.183731079101563
-0.238845825195313 -0.23358154296875 -0.0320205688476563 -0.126014709472656
-0.31829833984375 -0.0848999023437501 -0.0230255126953125 -0.0204544067382813
-0.29815673828125 -0.073699951171875 0.0597991943359375 0.0358238220214844
-0.347930908203125 -0.033050537109375 0.10491943359375 0.04962158203125
-0.3167724609375 -0.11053466796875 0.114715576171875 0.128486633300781
-0.225082397460937 -0.276611328125 0.085113525390625 0.164169311523437
-0.028350830078125 -0.35748291015625 -0.0487213134765625 0.169631958007812
0.323028564453125 -0.2608642578125 -0.157135009765625 0.092620849609375
0.43841552734375 -0.060455322265625 -0.0952224731445312 -0.0586013793945313
0.4334716796875 0.20782470703125 0.116775512695313 0.0562210083007813
0.234710693359375 0.30487060546875 0.39910888671875 0.01873779296875
0.30670166015625 0.228424072265625 0.417205810546875 0.111297607421875
0.41558837890625 0.016510009765625 0.350311279296875 0.0467529296875
0.251068115234375 -0.233917236328125 0.272979736328125 -0.0713653564453125
0.042266845703125 -0.291046142578125 0.158279418945313 -0.0991973876953125
-0.19183349609375 -0.207977294921875 0.063018798828125 -0.0741119384765625
-0.267807006835938 -0.0820007324218749 0.09014892578125 -0.014892578125
-0.256484985351563 -0.068450927734375 0.155624389648437 0.0240325927734375
-0.3057861328125 -0.035430908203125 0.203384399414062 0.0404815673828125
-0.279830932617188 -0.104080200195312 0.20269775390625 0.1380615234375
-0.19012451171875 -0.253128051757813 0.14837646484375 0.18536376953125
-0.00338745117187501 -0.314056396484375 -0.0072021484375 0.197463989257813
0.305633544921875 -0.193206787109375 -0.127220153808594 0.109878540039062
0.37335205078125 0.015228271484375 -0.0131759643554687 -0.0476646423339844
0.31427001953125 0.2391357421875 0.232955932617188 0.134536743164063
0.04248046875 0.232223510742188 0.459259033203125 0.108551025390625
0.136871337890625 0.211883544921875 0.453277587890625 0.156585693359375
0.251327514648438 0.07781982421875 0.329681396484375 0.071563720703125
0.179901123046875 -0.115859985351563 0.267410278320313 -0.013214111328125
0.0467071533203125 -0.177215576171875 0.176803588867188 -0.039703369140625
-0.118743896484375 -0.142898559570312 0.132339477539063 -0.0350189208984375
-0.17572021484375 -0.0645294189453125 0.175979614257813 -0.013580322265625
-0.175949096679688 -0.05352783203125 0.22747802734375 0.0088043212890625
-0.216140747070313 -0.0351715087890625 0.281646728515625 0.0345458984375
-0.203369140625 -0.0842132568359375 0.272247314453125 0.1494140625
-0.130584716796875 -0.199264526367188 0.192489624023438 0.21087646484375
0.0205535888671875 -0.235427856445313 0.0173492431640625 0.2281494140625
0.252532958984375 -0.106246948242188 -0.112358093261719 0.126693725585938
0.263565063476563 0.0862274169921875 0.0468406677246094 -0.0211296081542969
0.154190063476563 0.2408447265625 0.304840087890625 0.2174072265625
0.0446929931640625 -0.168304443359375 -0.379791259765625 -0.21234130859375
-0.137672424316406 -0.0846481323242188 -0.09112548828125 0.00323486328124999
-0.136215209960937 0.0508575439453125 0.123519897460937 -0.145553588867188
-0.0299453735351563 0.113700866699219 -0.015960693359375 -0.302001953125
0.0565109252929687 0.0935821533203125 -0.214920043945313 -0.253738403320313
0.110015869140625 0.0384597778320313 -0.338226318359375 -0.1220703125
0.084259033203125 0.0161056518554688 -0.355712890625 0.019287109375
0.0771636962890625 0.0192184448242188 -0.272552490234375 0.0407562255859375
0.0804367065429688 0.031951904296875 -0.218673706054688 0.0463714599609375
0.0328521728515625 0.0663108825683594 -0.187042236328125 0.0313720703125
-0.0404434204101563 0.0611839294433594 -0.190231323242188 0.0463714599609375
-0.0982666015625 -0.01580810546875 -0.265731811523438 0.0151214599609374
-0.05804443359375 -0.127159118652344 -0.354034423828125 -0.08642578125
0.0404052734375 -0.175994873046875 -0.473388671875 -0.124053955078125
0.145858764648438 -0.165390014648438 -0.495025634765625 -0.150848388671875
0.241134643554687 -0.0974884033203125 -0.346771240234375 -0.278472900390625
0.0305099487304687 -0.109954833984375 -0.0794601440429688 -0.037139892578125
-0.0132293701171875 -0.0660133361816406 0.1517333984375 -0.157638549804688
-0.0213871002197266 -0.0254325866699219 0.00796508789062502 -0.331207275390625
-0.00632381439208984 -0.0170841217041016 -0.2022705078125 -0.292999267578125
-0.0146503448486328 -0.00514125823974609 -0.35296630859375 -0.142242431640625
-0.0501480102539063 0.015960693359375 -0.3642578125 0.0209960937499999
-0.0469856262207031 0.00517272949218751 -0.263076782226563 0.0545501708984375
-0.0555610656738281 0.0171623229980469 -0.213134765625 0.0594329833984375
-0.0745773315429688 -6.10351562500105E-05 -0.1822509765625 0.052947998046875
-0.084808349609375 -0.0614395141601563 -0.173324584960937 0.0671539306640625
-0.049468994140625 -0.144546508789063 -0.249649047851563 0.035675048828125
0.102508544921875 -0.183364868164063 -0.330657958984375 -0.048126220703125
0.2205810546875 -0.165618896484375 -0.438690185546875 -0.0967407226562501
0.32635498046875 -0.077484130859375 -0.435638427734375 -0.144561767578125
0.40509033203125 0.007781982421875 -0.247344970703125 -0.31121826171875
0.214813232421875 -0.0933990478515625 -0.0161514282226562 -0.0667953491210938
0.15081787109375 -0.16644287109375 0.204620361328125 -0.161773681640625
0.0181732177734375 -0.176986694335938 0.057708740234375 -0.3470458984375
-0.053863525390625 -0.145217895507812 -0.154266357421875 -0.321136474609375
-0.133842468261719 -0.0658035278320312 -0.327301025390625 -0.161712646484375
-0.177780151367188 0.00440979003906253 -0.329864501953125 0.0149536132812499
-0.164535522460938 -0.010162353515625 -0.21478271484375 0.0605621337890625
-0.184844970703125 0.00994873046874998 -0.166732788085938 0.0703125
-0.181198120117188 -0.0461578369140625 -0.137832641601562 0.0840072631835938
-0.148666381835938 -0.157913208007812 -0.127792358398437 0.101394653320313
-0.0421600341796875 -0.254913330078125 -0.213790893554687 0.0781707763671875
0.211288452148438 -0.254364013671875 -0.295654296875 0.00683593749999992
0.352630615234375 -0.176971435546875 -0.376373291015625 -0.06298828125
0.459503173828125 -0.005126953125 -0.3272705078125 -0.10791015625
0.503021240234375 0.125 -0.090576171875 -0.296539306640625
0.37603759765625 -0.032440185546875 0.0914077758789063 -0.070220947265625
0.327423095703125 -0.220001220703125 0.271270751953125 -0.1419677734375
0.092010498046875 -0.308197021484375 0.12933349609375 -0.331512451171875
-0.06988525390625 -0.26824951171875 -0.0750732421875 -0.3197021484375
-0.22576904296875 -0.13238525390625 -0.259719848632813 -0.170700073242187
-0.27679443359375 -0.0147247314453125 -0.253021240234375 0.00219726562500005
-0.256088256835938 -0.0251312255859375 -0.135231018066406 0.0581512451171875
-0.286651611328125 0.00808715820312497 -0.08892822265625 0.0702362060546875
-0.2698974609375 -0.0691070556640625 -0.0619888305664062 0.108642578125
-0.213119506835938 -0.220550537109375 -0.05804443359375 0.131355285644531
-0.06011962890625 -0.33050537109375 -0.159011840820313 0.12139892578125
0.2677001953125 -0.31341552734375 -0.24945068359375 0.0568695068359375
0.430084228515625 -0.186370849609375 -0.293060302734375 -0.0445251464843751
0.529205322265625 0.05487060546875 -0.184661865234375 -0.0620574951171875
0.514312744140625 0.227752685546875 0.09417724609375 -0.2318115234375
0.464447021484375 0.061614990234375 0.221817016601563 -0.042083740234375
0.46337890625 -0.20355224609375 0.330596923828125 -0.097198486328125
0.17547607421875 -0.375091552734375 0.201980590820313 -0.275985717773438
-0.053741455078125 -0.3514404296875 0.016326904296875 -0.276992797851563
-0.272506713867188 -0.187637329101562 -0.15887451171875 -0.157882690429687
-0.33111572265625 -0.0349121093750001 -0.145050048828125 -0.0090484619140625
-0.307861328125 -0.035980224609375 -0.0356407165527344 0.047271728515625
-0.3466796875 0.00967407226562493 0.00957870483398435 0.0599555969238281
-0.32427978515625 -0.075714111328125 0.0328903198242187 0.119865417480469
-0.2552490234375 -0.24981689453125 0.0246429443359375 0.149429321289062
-0.076385498046875 -0.365631103515625 -0.0936431884765625 0.154556274414062
0.292022705078125 -0.332550048828125 -0.199234008789062 0.0918731689453125
0.455413818359375 -0.16680908203125 -0.200637817382812 -0.0437774658203125
0.5301513671875 0.1090087890625 -0.0276947021484375 -0.0121345520019531
0.432861328125 0.2867431640625 0.271087646484375 -0.129776000976562
0.450408935546875 0.150146484375 0.3448486328125 0.01190185546875
0.502532958984375 -0.125823974609375 0.364288330078125 -0.037841796875
0.233184814453125 -0.35528564453125 0.252960205078125 -0.188613891601563
-0.01910400390625 -0.364166259765625 0.0976409912109375 -0.201370239257813
-0.26702880859375 -0.210296630859375 -0.046142578125 -0.123664855957031
-0.333526611328125 -0.048553466796875 -0.0232257843017578 -0.0173530578613281
-0.313140869140625 -0.041900634765625 0.0696220397949219 0.0287818908691406
-0.356689453125 0.00735473632812506 0.115005493164062 0.04119873046875
-0.3333740234375 -0.07440185546875 0.132606506347656 0.120628356933594
-0.259384155273438 -0.25421142578125 0.105026245117187 0.160446166992187
-0.068115234375 -0.361114501953125 -0.0338897705078125 0.180084228515625
0.30059814453125 -0.30401611328125 -0.154861450195312 0.111648559570312
0.43927001953125 -0.1087646484375 -0.107757568359375 -0.0505447387695313
0.468231201171875 0.1658935546875 0.122932434082031 0.0441665649414063
0.27215576171875 0.28570556640625 0.40777587890625 -0.0181884765625
0.33697509765625 0.202117919921875 0.434417724609375 0.07373046875
0.42803955078125 -0.029327392578125 0.36627197265625 0.01434326171875
0.22943115234375 -0.26495361328125 0.275421142578125 -0.102096557617188
0.0126953125 -0.302001953125 0.152252197265625 -0.120376586914063
-0.21722412109375 -0.189682006835938 0.0559158325195312 -0.0808029174804688
-0.2821044921875 -0.051605224609375 0.0917510986328125 -0.024383544921875
-0.270050048828125 -0.0414886474609375 0.164901733398437 0.0063629150390625
-0.313720703125 -0.000244140625000047 0.213241577148437 0.0213165283203125
-0.2940673828125 -0.07122802734375 0.223556518554687 0.120925903320313
-0.222015380859375 -0.234405517578125 0.170272827148437 0.174392700195312
-0.038726806640625 -0.31866455078125 0.0120391845703125 0.203384399414062
0.290802001953125 -0.23150634765625 -0.12139892578125 0.125694274902344
0.3804931640625 -0.025726318359375 -0.0234298706054687 -0.0495986938476563
0.34808349609375 0.211395263671875 0.2493896484375 0.111465454101563
0.06866455078125 0.231430053710937 0.480560302734375 0.066375732421875
0.163101196289062 0.201583862304687 0.477996826171875 0.11468505859375
0.266006469726563 0.05096435546875 0.347869873046875 0.04150390625
0.169891357421875 -0.13800048828125 0.276046752929687 -0.0419464111328125
0.0280609130859375 -0.1866455078125 0.178329467773438 -0.0615997314453125
-0.135787963867188 -0.130470275878906 0.131034851074219 -0.0499420166015625
-0.1865234375 -0.0434112548828125 0.17864990234375 -0.0326080322265625
-0.185867309570313 -0.03472900390625 0.235733032226562 -0.0154571533203125
-0.222824096679688 -0.00959777832031246 0.2918701171875 0.0072021484375
-0.214309692382812 -0.0608367919921875 0.29412841796875 0.12567138671875
-0.154769897460938 -0.186935424804687 0.216583251953125 0.195404052734375
-0.005584716796875 -0.241134643554688 0.04058837890625 0.231414794921875
0.246658325195313 -0.136581420898438 -0.10357666015625 0.1402587890625
0.277145385742188 0.059356689453125 0.0408439636230469 -0.0298194885253906
0.183258056640625 0.228164672851563 0.332183837890625 0.187896728515625
0.024383544921875 -0.172119140625 -0.395965576171875 -0.16705322265625
-0.142822265625 -0.0672454833984375 -0.0862579345703125 0.0172653198242187
-0.127944946289063 0.0659332275390625 0.108169555664062 -0.157882690429688
-0.0181732177734375 0.11517333984375 -0.045074462890625 -0.296905517578125
0.0649261474609375 0.0854110717773437 -0.23681640625 -0.2276611328125
0.112327575683594 0.0234832763671875 -0.346649169921875 -0.087005615234375
0.0847320556640625 0.00540924072265625 -0.3489990234375 0.0572204589843749
0.0763626098632813 0.00865936279296875 -0.265457153320313 0.0688476562500001
0.08056640625 0.01959228515625 -0.211151123046875 0.0694122314453125
0.0402450561523438 0.0588493347167969 -0.183364868164063 0.0498504638671875
-0.0312042236328125 0.0634803771972656 -0.184707641601562 0.065032958984375
-0.0980377197265625 -0.00450134277343752 -0.2642822265625 0.0435638427734375
-0.0703201293945312 -0.117813110351563 -0.361358642578125 -0.0485839843749999
0.02203369140625 -0.175750732421875 -0.48101806640625 -0.074310302734375
0.125152587890625 -0.179473876953125 -0.507781982421875 -0.099090576171875
0.226882934570312 -0.123291015625 -0.3726806640625 -0.2362060546875
0.0204315185546875 -0.109642028808594 -0.0800018310546875 -0.0231094360351562
-0.0187835693359375 -0.0627288818359375 0.13555908203125 -0.172592163085938
-0.0246753692626953 -0.02227783203125 -0.02471923828125 -0.327911376953125
-0.00887870788574219 -0.0168666839599609 -0.22821044921875 -0.268234252929688
-0.015110969543457 -0.00472164154052734 -0.362579345703125 -0.10296630859375
-0.0476341247558594 0.0212821960449219 -0.3564453125 0.0593566894531249
-0.0477523803710938 0.00836563110351563 -0.253463745117188 0.0792999267578125
-0.0544013977050781 0.0211296081542969 -0.203765869140625 0.0816497802734375
-0.0716476440429687 0.00592041015624999 -0.174102783203125 0.072662353515625
-0.0887908935546875 -0.0518264770507813 -0.16497802734375 0.0848388671875
-0.0631484985351562 -0.137504577636719 -0.246078491210938 0.0623779296875
0.0819854736328125 -0.191482543945313 -0.3355712890625 -0.012298583984375
0.200302124023438 -0.18408203125 -0.445587158203125 -0.049835205078125
0.314117431640625 -0.1114501953125 -0.4482421875 -0.0979309082031251
0.40081787109375 -0.0367431640625 -0.277023315429688 -0.27825927734375
0.204376220703125 -0.111984252929688 -0.0225257873535156 -0.0577468872070313
0.132278442382812 -0.180801391601563 0.187911987304688 -0.180465698242188
-0.00091552734374999 -0.176864624023438 0.024169921875 -0.348419189453125
-0.069580078125 -0.139350891113281 -0.184600830078125 -0.301239013671875
-0.138435363769531 -0.049835205078125 -0.3394775390625 -0.12567138671875
-0.174026489257813 0.024871826171875 -0.3212890625 0.049163818359375
-0.164779663085937 0.00672912597656253 -0.2032470703125 0.080413818359375
-0.181350708007813 0.02972412109375 -0.155715942382813 0.087127685546875
-0.181655883789062 -0.0261383056640625 -0.126007080078125 0.0989151000976563
-0.162155151367188 -0.139236450195313 -0.115592956542969 0.114555358886719
-0.068084716796875 -0.247314453125 -0.207229614257813 0.101776123046875
0.18212890625 -0.27362060546875 -0.29681396484375 0.0379638671874999
0.327911376953125 -0.2105712890625 -0.3814697265625 -0.022552490234375
0.45416259765625 -0.054290771484375 -0.337127685546875 -0.073974609375
0.51275634765625 0.069366455078125 -0.122406005859375 -0.280426025390625
0.369903564453125 -0.06787109375 0.0822219848632813 -0.0723342895507813
0.301727294921875 -0.252227783203125 0.2579345703125 -0.16796875
0.057708740234375 -0.3128662109375 0.0970458984375 -0.341583251953125
-0.0983734130859375 -0.260147094726562 -0.10748291015625 -0.3079833984375
-0.236907958984375 -0.105941772460938 -0.273422241210938 -0.139892578125
-0.27423095703125 0.0175323486328125 -0.2471923828125 0.029571533203125
-0.256500244140625 0.00233459472656248 -0.123954772949219 0.0686187744140625
-0.28125 0.04010009765625 -0.0780792236328125 0.0797576904296875
-0.2716064453125 -0.037994384765625 -0.047576904296875 0.115333557128906
-0.233505249023438 -0.193161010742187 -0.0427780151367188 0.137825012207031
-0.095611572265625 -0.320526123046875 -0.147232055664063 0.139404296875
0.23138427734375 -0.33966064453125 -0.245895385742187 0.0834808349609375
0.40264892578125 -0.228973388671875 -0.298828125 -0.01220703125
0.530670166015625 -0.00189208984375 -0.191299438476563 -0.0430450439453125
0.535400390625 0.16949462890625 0.0670318603515625 -0.234024047851563
0.467864990234375 0.0150146484375 0.212051391601563 -0.0581512451171875
0.438323974609375 -0.252197265625 0.3206787109375 -0.130157470703125
0.133453369140625 -0.38897705078125 0.173858642578125 -0.293701171875
-0.091766357421875 -0.34356689453125 -0.0130615234375 -0.276611328125
-0.2879638671875 -0.154632568359375 -0.172500610351563 -0.137359619140625
-0.329681396484375 0.00399780273437495 -0.141799926757813 0.00738525390624998
-0.308380126953125 -0.00216674804687494 -0.0262603759765625 0.0480461120605469
-0.34002685546875 0.0491027832031249 0.0186538696289062 0.0597267150878906
-0.325347900390625 -0.036529541015625 0.0479888916015625 0.116561889648437
-0.279525756835937 -0.21771240234375 0.04150390625 0.14654541015625
-0.1141357421875 -0.3525390625 -0.0798797607421875 0.165634155273437
0.251953125 -0.361663818359375 -0.191864013671875 0.112442016601563
0.429595947265625 -0.2122802734375 -0.20745849609375 -0.0213470458984376
0.5377197265625 0.0516357421875 -0.0320625305175781 -0.0102005004882812
0.459381103515625 0.237030029296875 0.25225830078125 -0.15240478515625
0.462738037109375 0.102691650390625 0.339080810546875 -0.01885986328125
0.4842529296875 -0.180755615234375 0.360595703125 -0.073333740234375
0.1912841796875 -0.375030517578125 0.233795166015625 -0.213851928710938
-0.058441162109375 -0.360107421875 0.075927734375 -0.21044921875
-0.285675048828125 -0.17724609375 -0.0582427978515625 -0.114677429199219
-0.332733154296875 -0.00775146484374994 -0.0225086212158203 -0.0141239166259766
-0.313720703125 -0.00628662109374999 0.07501220703125 0.0189361572265625
-0.35009765625 0.0485229492187499 0.120109558105469 0.02996826171875
-0.334259033203125 -0.0340576171875 0.14654541015625 0.106597900390625
-0.283355712890625 -0.219268798828125 0.121444702148437 0.149520874023438
-0.1068115234375 -0.347320556640625 -0.01702880859375 0.18389892578125
0.263824462890625 -0.333984375 -0.14544677734375 0.12689208984375
0.419708251953125 -0.154571533203125 -0.116493225097656 -0.0392608642578125
0.482269287109375 0.114105224609375 0.123619079589844 0.029144287109375
0.30029296875 0.2535400390625 0.3992919921875 -0.056732177734375
0.35528564453125 0.16473388671875 0.433319091796875 0.030487060546875
0.420654296875 -0.07733154296875 0.36700439453125 -0.022064208984375
0.19744873046875 -0.28619384765625 0.26458740234375 -0.130294799804688
-0.021148681640625 -0.300689697265625 0.138603210449219 -0.136459350585938
-0.233718872070312 -0.160842895507812 0.0471038818359375 -0.0839767456054688
-0.283050537109375 -0.016815185546875 0.0899734497070313 -0.0335159301757813
-0.271957397460938 -0.00923156738281249 0.166458129882812 -0.0127105712890625
-0.307861328125 0.0362548828125 0.215591430664062 -0.000564575195312498
-0.29534912109375 -0.034820556640625 0.235626220703125 0.0968475341796875
-0.243942260742188 -0.203765869140625 0.186935424804687 0.155349731445313
-0.073883056640625 -0.30950927734375 0.0318756103515625 0.201034545898437
0.261062622070313 -0.261566162109375 -0.109992980957031 0.136833190917969
0.3709716796875 -0.066192626953125 -0.0334243774414062 -0.0475120544433594
0.368743896484375 0.169708251953125 0.255874633789063 0.0818634033203125
0.0927581787109375 0.2203369140625 0.48089599609375 0.01971435546875
0.1832275390625 0.180557250976563 0.481842041015625 0.06561279296875
0.269073486328125 0.019287109375 0.349517822265625 0.00634765625
0.151199340820313 -0.154495239257813 0.27093505859375 -0.0720367431640625
0.00738525390624999 -0.188156127929688 0.170913696289063 -0.081024169921875
-0.146926879882812 -0.112075805664062 0.124092102050781 -0.0622634887695313
-0.18841552734375 -0.0191802978515625 0.174301147460938 -0.05133056640625
-0.187210083007812 -0.0119476318359375 0.233627319335938 -0.0410919189453125
-0.220245361328125 0.0166473388671875 0.29150390625 -0.022674560546875
-0.215789794921875 -0.033905029296875 0.306060791015625 0.093841552734375
-0.174072265625 -0.16473388671875 0.234237670898438 0.170608520507813
-0.0323486328125 -0.235946655273437 0.062408447265625 0.226181030273437
0.228775024414063 -0.162261962890625 -0.0907592773437499 0.149078369140625
0.279296875 0.028717041015625 0.0318984985351563 -0.0363883972167969
0.206085205078125 0.203659057617188 0.345367431640625 0.14794921875
0.00740051269531249 -0.168930053710938 -0.3963623046875 -0.127532958984375
-0.142013549804687 -0.0522003173828125 -0.0777206420898438 0.0266876220703125
-0.117027282714844 0.0761184692382813 0.094024658203125 -0.162490844726562
-0.00833892822265625 0.113426208496094 -0.06585693359375 -0.285064697265625
0.0697479248046875 0.0770645141601563 -0.244461059570313 -0.2025146484375
0.109542846679688 0.010894775390625 -0.342681884765625 -0.0583190917968749
0.0821685791015625 -0.0044708251953125 -0.333831787109375 0.084075927734375
0.0723648071289063 0.00086212158203125 -0.253128051757813 0.0880126953125
0.0762100219726563 0.00992584228515625 -0.199508666992188 0.08465576171875
0.0438232421875 0.0501785278320313 -0.17529296875 0.0638885498046875
-0.0233306884765625 0.0624427795410156 -0.17596435546875 0.0783233642578125
-0.0946807861328125 0.00372314453124999 -0.25543212890625 0.0643920898437501
-0.076446533203125 -0.106597900390625 -0.35479736328125 -0.01751708984375
0.00791931152343749 -0.1700439453125 -0.470855712890625 -0.0351867675781251
0.104415893554688 -0.184310913085938 -0.5013427734375 -0.056365966796875
0.207794189453125 -0.138275146484375 -0.379730224609375 -0.19537353515625
0.0127944946289062 -0.106231689453125 -0.0770263671875 -0.010772705078125
-0.0221405029296875 -0.058837890625 0.120452880859375 -0.1778564453125
-0.0263080596923828 -0.0189590454101563 -0.04742431640625 -0.315704345703125
-0.0113134384155273 -0.0163459777832031 -0.239822387695313 -0.241836547851563
-0.0153369903564453 -0.004302978515625 -0.359283447265625 -0.07281494140625
-0.0437393188476563 0.0233955383300781 -0.33905029296875 0.086883544921875
-0.0474739074707031 0.0108604431152344 -0.239334106445312 0.0966339111328125
-0.0530509948730469 0.0233497619628906 -0.190750122070313 0.0956573486328125
-0.0681724548339844 0.00875473022460937 -0.16265869140625 0.0850677490234375
-0.0883560180664063 -0.0434951782226563 -0.154876708984375 0.095916748046875
-0.072296142578125 -0.127960205078125 -0.237335205078125 0.083099365234375
0.0643768310546875 -0.191146850585938 -0.329620361328125 0.01556396484375
0.178695678710938 -0.192214965820313 -0.436553955078125 -0.0132751464843751
0.29473876953125 -0.132904052734375 -0.44561767578125 -0.0609741210937499
0.385040283203125 -0.0694580078125 -0.292236328125 -0.243560791015625
0.191299438476562 -0.122329711914063 -0.0252456665039062 -0.0482826232910156
0.114990234375 -0.186691284179687 0.171722412109375 -0.190078735351562
-0.0155029296875 -0.170852661132813 -0.00173950195312499 -0.340728759765625
-0.0802688598632813 -0.130477905273438 -0.20184326171875 -0.27777099609375
-0.137893676757813 -0.037139892578125 -0.337005615234375 -0.09417724609375
-0.16546630859375 0.0393218994140625 -0.30523681640625 0.074859619140625
-0.160629272460938 0.0197601318359375 -0.189559936523438 0.0925140380859375
-0.173812866210938 0.04345703125 -0.142959594726563 0.0971527099609375
-0.17657470703125 -0.01153564453125 -0.11285400390625 0.106681823730469
-0.167266845703125 -0.121231079101563 -0.103706359863281 0.121498107910156
-0.085784912109375 -0.234954833984375 -0.195709228515625 0.117904663085937
0.154098510742187 -0.28045654296875 -0.28912353515625 0.0622863769531249
0.299957275390625 -0.227691650390625 -0.374267578125 0.00930786132812495
0.436676025390625 -0.088623046875 -0.336456298828125 -0.0457763671875001
0.5025634765625 0.025909423828125 -0.142730712890625 -0.2568359375
0.35516357421875 -0.0928955078125 0.0729904174804688 -0.0700531005859375
0.272872924804688 -0.271820068359375 0.241607666015625 -0.183090209960938
0.031280517578125 -0.307830810546875 0.0697021484375 -0.340087890625
-0.1181640625 -0.246322631835938 -0.128509521484375 -0.29168701171875
-0.23675537109375 -0.081695556640625 -0.274246215820313 -0.112533569335937
-0.261871337890625 0.0414886474609375 -0.234344482421875 0.048919677734375
-0.249588012695312 0.0243072509765625 -0.112312316894531 0.07421875
-0.268112182617188 0.063507080078125 -0.0667190551757813 0.0843505859375
-0.26318359375 -0.0135345458984375 -0.0341644287109375 0.116241455078125
-0.24114990234375 -0.166519165039063 -0.0299453735351563 0.138473510742188
-0.119049072265625 -0.30303955078125 -0.1346435546875 0.1505126953125
0.195953369140625 -0.3487548828125 -0.23663330078125 0.102401733398438
0.369659423828125 -0.252349853515625 -0.29412841796875 0.012725830078125
0.5159912109375 -0.046722412109375 -0.1929931640625 -0.027374267578125
0.53253173828125 0.12091064453125 0.0444030761718751 -0.228042602539063
0.45465087890625 -0.020294189453125 0.199203491210938 -0.0668792724609375
0.405181884765625 -0.281402587890625 0.306243896484375 -0.15045166015625
0.098175048828125 -0.3876953125 0.147857666015625 -0.298980712890625
-0.118804931640625 -0.3282470703125 -0.0337677001953125 -0.268295288085938
-0.29010009765625 -0.12359619140625 -0.176986694335938 -0.116989135742188
-0.3170166015625 0.034149169921875 -0.133811950683594 0.018707275390625
-0.29998779296875 0.024871826171875 -0.0187454223632813 0.0458602905273438
-0.3228759765625 0.077728271484375 0.0259132385253906 0.0571708679199219
-0.314788818359375 -0.00643920898437497 0.0589218139648437 0.109893798828125
-0.287109375 -0.184356689453125 0.0519485473632812 0.140182495117188
-0.140899658203125 -0.331390380859375 -0.06573486328125 0.169540405273437
0.21405029296875 -0.37225341796875 -0.181716918945313 0.126495361328125
0.396453857421875 -0.240386962890625 -0.206802368164062 -0.00343322753906251
0.528228759765625 0.006103515625 -0.0353889465332031 -0.00812530517578125
0.466583251953125 0.191131591796875 0.230422973632813 -0.16229248046875
0.457275390625 0.064697265625 0.32391357421875 -0.03948974609375
0.457000732421875 -0.2171630859375 0.34814453125 -0.099517822265625
0.154266357421875 -0.378997802734375 0.212020874023438 -0.226608276367188
-0.08734130859375 -0.3453369140625 0.0571441650390625 -0.2120361328125
-0.289520263671875 -0.1446533203125 -0.06414794921875 -0.10498046875
-0.321044921875 0.023895263671875 -0.0201702117919922 -0.0119838714599609
-0.3046875 0.0213623046875 0.0772476196289062 0.00982666015625
-0.331085205078125 0.0789184570312499 0.122024536132812 0.0198135375976563
-0.322509765625 -0.00259399414062507 0.154098510742187 0.0923309326171875
-0.292022705078125 -0.186065673828125 0.129501342773437 0.135818481445313
-0.133148193359375 -0.32763671875 -0.00294494628906249 0.18182373046875
0.227752685546875 -0.345977783203125 -0.134796142578125 0.136520385742188
0.391082763671875 -0.182525634765625 -0.120323181152344 -0.0271682739257812
0.479156494140625 0.070343017578125 0.118812561035156 0.017578125
0.31292724609375 0.220458984375 0.381439208984375 -0.08209228515625
0.358642578125 0.131317138671875 0.420166015625 0.000152587890625008
0.40240478515625 -0.111419677734375 0.356964111328125 -0.0491943359375
0.16680908203125 -0.293121337890625 0.247909545898438 -0.148696899414063
-0.046875 -0.29144287109375 0.124435424804688 -0.144287109375
-0.238327026367188 -0.13360595703125 0.0393524169921875 -0.083831787109375
-0.273712158203125 0.0115966796875 0.0864028930664062 -0.0401535034179688
-0.263671875 0.01544189453125 0.163665771484375 -0.02886962890625
-0.2919921875 0.0636901855468751 0.211532592773437 -0.0174560546875
-0.28533935546875 -0.00622558593749994 0.239166259765625 0.0751190185546875
-0.254150390625 -0.17474365234375 0.193344116210938 0.136077880859375
-0.097900390625 -0.2919921875 0.0455169677734375 0.194427490234375
0.229949951171875 -0.276031494140625 -0.099609375 0.142898559570312
0.352142333984375 -0.093658447265625 -0.0410079956054687 -0.04315185546875
0.372650146484375 0.1336669921875 0.251785278320313 0.0572052001953125
0.1090087890625 0.205398559570313 0.4677734375 -0.014984130859375
0.19281005859375 0.1595458984375 0.470977783203125 0.027496337890625
0.262741088867188 -0.0063018798828125 0.341339111328125 -0.02044677734375
0.132278442382813 -0.161895751953125 0.2586669921875 -0.092437744140625
-0.0100250244140625 -0.182540893554688 0.160110473632813 -0.0930328369140625
-0.150299072265625 -0.0936126708984375 0.115776062011719 -0.0692062377929688
-0.182846069335937 0.000625610351562495 0.165557861328125 -0.0648040771484375
-0.182968139648437 0.00582885742187502 0.224822998046875 -0.06085205078125
-0.21014404296875 0.036285400390625 0.282135009765625 -0.04595947265625
-0.209320068359375 -0.012420654296875 0.3052978515625 0.066741943359375
-0.183303833007813 -0.143157958984375 0.23980712890625 0.147354125976563
-0.05181884765625 -0.225173950195313 0.0786590576171875 0.215835571289063
0.207489013671875 -0.1771240234375 -0.0793609619140625 0.15252685546875
0.271636962890625 0.00506591796875 0.0228309631347656 -0.0382232666015625
0.216781616210938 0.179519653320313 0.34423828125 0.1146240234375
-0.00433349609374999 -0.1639404296875 -0.391845703125 -0.100341796875
-0.139366149902344 -0.0423126220703125 -0.0697288513183594 0.0324897766113281
-0.107521057128906 0.0813369750976563 0.084228515625 -0.1636962890625
-0.00133514404296875 0.111442565917969 -0.0779571533203125 -0.275604248046875
0.0716552734375 0.0707168579101563 -0.2464599609375 -0.185516357421875
0.105659484863281 0.00232696533203125 -0.337738037109375 -0.0399169921875
0.0788421630859375 -0.0116500854492187 -0.32049560546875 0.100067138671875
0.0681724548339844 -0.00419998168945313 -0.242950439453125 0.0999298095703125
0.0716781616210938 0.0028076171875 -0.190994262695312 0.092742919921875
0.0448265075683594 0.0419158935546875 -0.167861938476562 0.0720977783203125
-0.0179901123046875 0.0599899291992188 -0.169784545898438 0.0855560302734375
-0.091278076171875 0.00917816162109374 -0.246978759765625 0.0780029296875
-0.07952880859375 -0.0980148315429688 -0.345703125 0.00143432617187505
-0.000122070312499992 -0.1644287109375 -0.459625244140625 -0.0113525390624999
0.089599609375 -0.185089111328125 -0.492645263671875 -0.02899169921875
0.193389892578125 -0.145904541015625 -0.38018798828125 -0.165283203125
0.00882720947265624 -0.102493286132813 -0.07177734375 -0.00199127197265626
-0.0226821899414062 -0.0556373596191406 0.110565185546875 -0.180984497070313
-0.0258541107177734 -0.0164127349853516 -0.060943603515625 -0.3067626953125
-0.0129499435424805 -0.0158357620239258 -0.244216918945313 -0.2237548828125
-0.0151071548461914 -0.00420188903808594 -0.352691650390625 -0.0523986816406249
-0.0408134460449219 0.0242576599121094 -0.324798583984375 0.1025390625
-0.0473251342773437 0.0129661560058594 -0.228469848632813 0.10595703125
-0.0522117614746094 0.0245475769042969 -0.180587768554688 0.103057861328125
-0.0650901794433594 0.00994110107421875 -0.153854370117187 0.0919342041015625
-0.0866012573242188 -0.0391921997070313 -0.147216796875 0.102310180664063
-0.076446533203125 -0.120872497558594 -0.229080200195312 0.095306396484375
0.053131103515625 -0.188339233398438 -0.32061767578125 0.033905029296875
0.163299560546875 -0.194503784179687 -0.426666259765625 0.010284423828125
0.278167724609375 -0.144866943359375 -0.439300537109375 -0.035736083984375
0.370849609375 -0.08746337890625 -0.298858642578125 -0.21673583984375
0.181045532226563 -0.127609252929688 -0.0251007080078125 -0.0396156311035156
0.102890014648437 -0.188507080078125 0.16131591796875 -0.195404052734375
-0.023895263671875 -0.164398193359375 -0.0179443359375 -0.3333740234375
-0.0865020751953125 -0.123779296875 -0.209625244140625 -0.260421752929688
-0.135307312011719 -0.0283203125 -0.331634521484375 -0.0732421875
-0.156784057617187 0.04803466796875 -0.29156494140625 0.088836669921875
-0.157012939453125 0.0283966064453125 -0.178848266601563 0.0981597900390626
-0.166763305664063 0.0516815185546875 -0.132316589355469 0.101753234863281
-0.170486450195313 -0.00247192382812501 -0.102333068847656 0.110443115234375
-0.167556762695313 -0.109619140625 -0.09490966796875 0.12493896484375
-0.096160888671875 -0.224700927734375 -0.187301635742187 0.12811279296875
0.135040283203125 -0.281158447265625 -0.2806396484375 0.0784149169921874
0.278274536132813 -0.235671997070313 -0.366363525390625 0.029296875
0.420806884765625 -0.11053466796875 -0.333587646484375 -0.0268859863281251
0.490997314453125 -0.00360107421875 -0.154342651367187 -0.237625122070313
0.341644287109375 -0.107330322265625 0.067901611328125 -0.0652198791503906
0.251998901367188 -0.280441284179688 0.229141235351563 -0.192611694335938
0.01373291015625 -0.300750732421875 0.052215576171875 -0.3358154296875
-0.130722045898438 -0.23486328125 -0.139801025390625 -0.277923583984375
-0.232818603515625 -0.0657806396484375 -0.271575927734375 -0.0940093994140625
-0.249908447265625 0.0572052001953125 -0.222808837890625 0.0602264404296875
-0.24285888671875 0.03802490234375 -0.103797912597656 0.0759048461914062
-0.255416870117188 0.0776824951171876 -0.0579757690429688 0.08538818359375
-0.25439453125 0.00152587890625003 -0.0244827270507813 0.115234375
-0.24273681640625 -0.147567749023438 -0.02178955078125 0.136955261230469
-0.131866455078125 -0.2882080078125 -0.12579345703125 0.156692504882812
0.171722412109375 -0.350921630859375 -0.2283935546875 0.114852905273438
0.344329833984375 -0.263702392578125 -0.287933349609375 0.02886962890625
0.50140380859375 -0.07293701171875 -0.193038940429687 -0.0167694091796875
0.5262451171875 0.08868408203125 0.02923583984375 -0.218795776367188
0.44342041015625 -0.041534423828125 0.189773559570313 -0.068878173828125
0.37969970703125 -0.298126220703125 0.294403076171875 -0.16412353515625
0.07427978515625 -0.381256103515625 0.13018798828125 -0.300323486328125
-0.13580322265625 -0.3143310546875 -0.0468902587890625 -0.26031494140625
-0.287261962890625 -0.1024169921875 -0.17626953125 -0.103256225585937
-0.303466796875 0.05474853515625 -0.126396179199219 0.0256195068359375
-0.29058837890625 0.042510986328125 -0.0134849548339844 0.0428810119628906
-0.30780029296875 0.095428466796875 0.0309791564941406 0.0538139343261719
-0.303131103515625 0.012847900390625 0.0668106079101562 0.103721618652344
-0.28997802734375 -0.16094970703125 0.0591049194335937 0.134391784667969
-0.155731201171875 -0.314605712890625 -0.0569000244140625 0.17242431640625
0.185943603515625 -0.375396728515625 -0.173675537109375 0.135665893554688
0.370819091796875 -0.253936767578125 -0.20513916015625 0.00944519042968751
0.5152587890625 -0.02337646484375 -0.037506103515625 -0.00592803955078126
0.465576171875 0.16064453125 0.214202880859375 -0.166107177734375
0.4500732421875 0.0400390625 0.31182861328125 -0.050323486328125
0.433929443359375 -0.24078369140625 0.33740234375 -0.11590576171875
0.129180908203125 -0.37677001953125 0.195724487304688 -0.232696533203125
-0.10699462890625 -0.3328857421875 0.0449981689453125 -0.21002197265625
-0.287567138671875 -0.122314453125 -0.0664138793945313 -0.0965957641601563
-0.307708740234375 0.0445251464843751 -0.0176239013671875 -0.0108489990234375
-0.295562744140625 0.0398864746093751 0.0788726806640625 0.0021209716796875
-0.314849853515625 0.0985107421875 0.1229248046875 0.0129852294921875
-0.31011962890625 0.01800537109375 0.158065795898437 0.08160400390625
-0.294342041015625 -0.16241455078125 0.134025573730469 0.125419616699219
-0.148193359375 -0.30975341796875 0.00511169433593751 0.17974853515625
0.200531005859375 -0.3502197265625 -0.127410888671875 0.142974853515625
0.369659423828125 -0.19921875 -0.122795104980469 -0.0191879272460938
0.47113037109375 0.04052734375 0.113868713378906 0.010284423828125
0.3173828125 0.19635009765625 0.365936279296875 -0.095550537109375
0.356842041015625 0.108551025390625 0.40673828125 -0.01849365234375
0.3856201171875 -0.13507080078125 0.347076416015625 -0.0672607421875
0.145111083984375 -0.293548583984375 0.234024047851563 -0.158660888671875
-0.064361572265625 -0.281829833984375 0.113632202148438 -0.148117065429688
-0.236801147460938 -0.114349365234375 0.0352325439453125 -0.0817642211914063
-0.262176513671875 0.0306091308593749 0.0835037231445312 -0.0445022583007813
-0.255447387695313 0.03173828125 0.159744262695312 -0.039581298828125
-0.278121948242188 0.081634521484375 0.20770263671875 -0.0285491943359375
-0.273605346679688 0.0124359130859375 0.239120483398437 0.060211181640625
-0.2567138671875 -0.152435302734375 0.195709228515625 0.122344970703125
-0.112686157226563 -0.277496337890625 0.0538177490234375 0.188827514648437
0.2069091796875 -0.2833251953125 -0.09234619140625 0.146804809570312
0.335693359375 -0.110748291015625 -0.046600341796875 -0.0393447875976563
0.370758056640625 0.108184814453125 0.244873046875 0.042022705078125
0.117599487304687 0.193206787109375 0.454559326171875 -0.037017822265625
0.196945190429688 0.14385986328125 0.45782470703125 0.00396728515625001
0.255584716796875 -0.0234832763671875 0.33251953125 -0.0377197265625
0.117843627929688 -0.165130615234375 0.247695922851563 -0.104385375976563
-0.0214996337890625 -0.177581787109375 0.151763916015625 -0.100143432617188
-0.149887084960938 -0.080810546875 0.109909057617187 -0.0726165771484375
-0.175369262695313 0.01434326171875 0.158981323242188 -0.073211669921875
-0.17669677734375 0.0190887451171875 0.216934204101563 -0.07427978515625
-0.200668334960938 0.0500946044921875 0.274566650390625 -0.059967041015625
-0.201492309570313 0.00207519531250003 0.303375244140625 0.047943115234375
-0.18646240234375 -0.126296997070312 0.240432739257813 0.130905151367188
-0.0635223388671875 -0.214141845703125 0.0876617431640625 0.2069091796875
0.191329956054688 -0.184402465820313 -0.0726470947265625 0.1549072265625
0.263351440429688 -0.009368896484375 0.0152397155761719 -0.0389022827148438
0.221237182617188 0.160858154296875 0.337432861328125 0.090667724609375
-0.012481689453125 -0.161468505859375 -0.393035888671875 -0.080841064453125
-0.138351440429688 -0.0360565185546875 -0.0640869140625 0.0372428894042969
-0.100753784179687 0.0860443115234375 0.0789031982421875 -0.167556762695313
0.00424957275390625 0.111724853515625 -0.08697509765625 -0.27252197265625
0.07427978515625 0.0669326782226563 -0.25115966796875 -0.176513671875
0.103683471679688 -0.00356292724609375 -0.337432861328125 -0.0281677246093749
0.0767135620117188 -0.017120361328125 -0.3143310546875 0.113616943359375
0.0655784606933594 -0.00786209106445313 -0.239654541015625 0.109695434570313
0.068023681640625 -0.000885009765625 -0.187957763671875 0.100234985351562
0.0453529357910156 0.0364723205566406 -0.16558837890625 0.079132080078125
-0.0134201049804688 0.0580596923828125 -0.1680908203125 0.0933837890625
-0.0894775390625 0.0130157470703125 -0.244766235351562 0.0878143310546874
-0.0815811157226563 -0.0929718017578125 -0.343353271484375 0.013671875
-0.005889892578125 -0.162307739257813 -0.458282470703125 0.00460815429687494
0.0798797607421875 -0.18658447265625 -0.492828369140625 -0.0110168457031251
0.184616088867187 -0.152191162109375 -0.384613037109375 -0.1448974609375
0.00655364990234374 -0.100692749023437 -0.0677528381347656 0.00511550903320311
-0.0230522155761719 -0.0541534423828125 0.105239868164063 -0.185806274414063
-0.0255985260009766 -0.0149269104003906 -0.071014404296875 -0.304107666015625
-0.0143508911132812 -0.0151491165161133 -0.250595092773438 -0.214263916015625
-0.0154752731323242 -0.00455379486083984 -0.3519287109375 -0.038848876953125
-0.0390701293945313 0.0239524841308594 -0.31719970703125 0.115509033203125
-0.0487174987792969 0.014373779296875 -0.223861694335938 0.113845825195313
-0.0526313781738281 0.0258445739746094 -0.176834106445312 0.109725952148438
-0.0644111633300781 0.00903320312499999 -0.149703979492188 0.09808349609375
-0.0858306884765625 -0.037200927734375 -0.143844604492187 0.108901977539063
-0.0800857543945313 -0.117340087890625 -0.226181030273437 0.10638427734375
0.046173095703125 -0.188934326171875 -0.31854248046875 0.0459289550781249
0.153533935546875 -0.197830200195313 -0.424591064453125 0.0260314941406249
0.269577026367188 -0.154022216796875 -0.441192626953125 -0.019317626953125
0.364501953125 -0.10333251953125 -0.30645751953125 -0.19830322265625
0.177169799804688 -0.1322021484375 -0.0235328674316406 -0.0326423645019531
0.096221923828125 -0.192031860351562 0.155670166015625 -0.203018188476563
-0.029449462890625 -0.162094116210938 -0.02923583984375 -0.332000732421875
-0.0929641723632813 -0.119834899902344 -0.217758178710938 -0.252059936523437
-0.134468078613281 -0.0221633911132812 -0.330810546875 -0.059844970703125
-0.152389526367188 0.0548553466796875 -0.2843017578125 0.0999755859374999
-0.156173706054687 0.0354156494140625 -0.174224853515625 0.102996826171875
-0.164505004882813 0.05889892578125 -0.127532958984375 0.106559753417969
-0.16815185546875 0.00282287597656248 -0.0967025756835938 0.113861083984375
-0.16998291015625 -0.10247802734375 -0.0899734497070313 0.129119873046875
-0.103729248046875 -0.219436645507813 -0.1839599609375 0.138015747070313
0.1236572265625 -0.285064697265625 -0.278030395507813 0.0902252197265624
0.267120361328125 -0.243270874023438 -0.3641357421875 0.0435791015624999
0.413299560546875 -0.124786376953125 -0.33544921875 -0.01385498046875
0.487548828125 -0.0244140625 -0.163864135742187 -0.224868774414063
0.338104248046875 -0.118011474609375 0.066558837890625 -0.0612754821777344
0.240692138671875 -0.2908935546875 0.224380493164063 -0.20257568359375
0.00170898437499998 -0.298797607421875 0.040435791015625 -0.33697509765625
-0.141387939453125 -0.228607177734375 -0.148818969726563 -0.271087646484375
-0.23223876953125 -0.054779052734375 -0.271316528320313 -0.0813751220703125
-0.243362426757813 0.06890869140625 -0.216644287109375 0.068267822265625
-0.240020751953125 0.0487213134765625 -0.0992584228515625 0.0762557983398438
-0.250900268554688 0.0886383056640626 -0.0525054931640625 0.08673095703125
-0.249923706054688 0.01214599609375 -0.0175704956054688 0.115699768066406
-0.245895385742188 -0.136016845703125 -0.0161514282226563 0.138160705566406
-0.14349365234375 -0.28173828125 -0.121261596679687 0.164138793945312
0.15631103515625 -0.356536865234375 -0.22552490234375 0.1260986328125
0.33123779296875 -0.273162841796875 -0.288421630859375 0.04150390625
0.49615478515625 -0.091217041015625 -0.19610595703125 -0.00878906250000001
0.5272216796875 0.06683349609375 0.0189056396484375 -0.213119506835937
0.440673828125 -0.056976318359375 0.18597412109375 -0.0687255859375
0.367095947265625 -0.31536865234375 0.290069580078125 -0.17730712890625
0.057708740234375 -0.382232666015625 0.11871337890625 -0.30523681640625
-0.150299072265625 -0.307159423828125 -0.056121826171875 -0.257568359375
-0.28619384765625 -0.088531494140625 -0.1767578125 -0.0940399169921875
-0.29534912109375 0.069549560546875 -0.122367858886719 0.0298919677734375
-0.2874755859375 0.055908203125 -0.00989151000976564 0.0392112731933594
-0.299163818359375 0.10919189453125 0.0354766845703125 0.0519332885742188
-0.29705810546875 0.0259704589843751 0.0734939575195312 0.100364685058594
-0.29400634765625 -0.14569091796875 0.0643157958984375 0.132308959960938
-0.167755126953125 -0.305938720703125 -0.05126953125 0.17669677734375
0.170379638671875 -0.381561279296875 -0.169647216796875 0.144912719726562
0.358184814453125 -0.2642822265625 -0.206451416015625 0.0188140869140625
0.51513671875 -0.043914794921875 -0.0402603149414062 -0.00354385375976563
0.469635009765625 0.139495849609375 0.205459594726563 -0.168350219726563
0.449615478515625 0.02313232421875 0.306427001953125 -0.0550537109375
0.42041015625 -0.26092529296875 0.333404541015625 -0.130340576171875
0.111236572265625 -0.37908935546875 0.186370849609375 -0.23956298828125
-0.12237548828125 -0.327056884765625 0.0369873046875 -0.211517333984375
-0.287841796875 -0.108428955078125 -0.0675277709960938 -0.0911407470703125
-0.299560546875 0.06036376953125 -0.0159034729003906 -0.0108098983764648
-0.291534423828125 0.054901123046875 0.0796051025390625 -0.004425048828125
-0.305877685546875 0.112945556640625 0.125335693359375 0.00702667236328126
-0.3033447265625 0.03277587890625 0.162994384765625 0.074371337890625
-0.298858642578125 -0.145111083984375 0.138023376464844 0.119728088378906
-0.16131591796875 -0.300689697265625 0.01153564453125 0.1810302734375
0.18377685546875 -0.35791015625 -0.123016357421875 0.150680541992188
0.3572998046875 -0.2110595703125 -0.126243591308594 -0.012664794921875
0.4722900390625 0.021331787109375 0.111091613769531 0.006072998046875
0.325042724609375 0.181640625 0.360015869140625 -0.104949951171875
0.36029052734375 0.0938720703125 0.40228271484375 -0.028350830078125
0.3779296875 -0.1534423828125 0.34423828125 -0.081207275390625
0.130767822265625 -0.2974853515625 0.227493286132813 -0.167083740234375
-0.076873779296875 -0.276718139648438 0.107696533203125 -0.15252685546875
-0.23785400390625 -0.102294921875 0.033966064453125 -0.0805740356445313
-0.254837036132813 0.0444183349609375 0.083221435546875 -0.048248291015625
-0.251922607421875 0.04522705078125 0.158584594726562 -0.0485992431640625
-0.270217895507813 0.09466552734375 0.208145141601562 -0.0373992919921875
-0.267684936523438 0.0261383056640625 0.242507934570312 0.049591064453125
-0.261581420898437 -0.137115478515625 0.198928833007813 0.1142578125
-0.123641967773438 -0.269332885742188 0.0601806640625 0.188247680664062
0.19427490234375 -0.290069580078125 -0.088134765625 0.152786254882812
0.32904052734375 -0.12274169921875 -0.0518646240234375 -0.0361366271972656
0.37408447265625 0.09100341796875 0.24285888671875 0.0316009521484375
0.126068115234375 0.186508178710938 0.450103759765625 -0.050384521484375
0.202713012695313 0.133834838867188 0.453033447265625 -0.010498046875
0.251953125 -0.0373992919921875 0.33013916015625 -0.050628662109375
0.107574462890625 -0.167510986328125 0.243133544921875 -0.113815307617188
-0.0302581787109375 -0.175140380859375 0.148040771484375 -0.10626220703125
-0.150665283203125 -0.072265625 0.107063293457031 -0.0755157470703125
-0.169830322265625 0.0255126953125 0.15576171875 -0.0801544189453125
-0.174057006835937 0.0282440185546875 0.213836669921875 -0.08502197265625
-0.194610595703125 0.0601806640625 0.2730712890625 -0.07232666015625
-0.1971435546875 0.0119781494140625 0.305145263671875 0.034759521484375
-0.190811157226563 -0.114822387695313 0.24359130859375 0.120559692382812
-0.0726776123046875 -0.209274291992188 0.09405517578125 0.20343017578125
0.181594848632813 -0.192184448242188 -0.0680084228515625 0.160110473632813
0.2606201171875 -0.019775390625 0.00973129272460939 -0.0390243530273438
0.226409912109375 0.149459838867188 0.33642578125 0.076141357421875
-0.022216796875 -0.161773681640625 -0.4014892578125 -0.0600280761718751
-0.141128540039062 -0.0287628173828125 -0.0587387084960938 0.0427207946777344
-0.0953445434570313 0.0916290283203125 0.0735321044921875 -0.174880981445313
0.0114822387695313 0.113029479980469 -0.101119995117188 -0.275054931640625
0.0789337158203125 0.063995361328125 -0.26275634765625 -0.169647216796875
0.103256225585938 -0.011016845703125 -0.345367431640625 -0.0130004882812499
0.0750274658203125 -0.0245513916015625 -0.314666748046875 0.131805419921875
0.0644302368164063 -0.0124320983886719 -0.239959716796875 0.124649047851562
0.0663909912109375 -0.005035400390625 -0.18841552734375 0.112319946289062
0.0454483032226562 0.0312042236328125 -0.166488647460938 0.08892822265625
-0.00976181030273438 0.0564384460449219 -0.1685791015625 0.104751586914063
-0.0895309448242188 0.0178375244140625 -0.245758056640625 0.1026611328125
-0.0861892700195313 -0.0895538330078125 -0.3477783203125 0.027496337890625
-0.012969970703125 -0.163421630859375 -0.4644775390625 0.023651123046875
0.0706787109375 -0.192230224609375 -0.50274658203125 0.0114440917968751
0.179168701171875 -0.163497924804688 -0.396240234375 -0.124755859375
0.00405120849609375 -0.101287841796875 -0.0644493103027344 0.0118789672851562
-0.02349853515625 -0.0546379089355469 0.100509643554688 -0.1959228515625
-0.0250473022460937 -0.0134639739990234 -0.085540771484375 -0.30780029296875
-0.0159063339233398 -0.0147924423217773 -0.263717651367188 -0.207656860351563
-0.0158071517944336 -0.00447940826416016 -0.35919189453125 -0.0238037109374999
-0.0384445190429687 0.0246696472167969 -0.316314697265625 0.133026123046875
-0.0497398376464844 0.0162734985351563 -0.22369384765625 0.127105712890625
-0.05377197265625 0.0284843444824219 -0.175277709960938 0.12042236328125
-0.0655899047851563 0.0098114013671875 -0.148101806640625 0.107192993164062
-0.088134765625 -0.035430908203125 -0.142608642578125 0.118988037109375
-0.0862884521484375 -0.116157531738281 -0.227157592773437 0.120986938476563
0.03875732421875 -0.193115234375 -0.322601318359375 0.061737060546875
0.147506713867188 -0.206100463867188 -0.43157958984375 0.045135498046875
0.266464233398438 -0.168624877929688 -0.452178955078125 0.00158691406249994
0.364898681640625 -0.1224365234375 -0.32037353515625 -0.181182861328125
0.175979614257813 -0.141189575195313 -0.0219459533691406 -0.0268898010253906
0.090606689453125 -0.201828002929688 0.15130615234375 -0.216217041015625
-0.036651611328125 -0.162734985351563 -0.04400634765625 -0.33740234375
-0.101730346679687 -0.117599487304687 -0.232391357421875 -0.246734619140625
-0.136795043945312 -0.016632080078125 -0.338287353515625 -0.0457763671875
-0.150283813476563 0.0624847412109375 -0.282196044921875 0.115478515625
-0.157974243164063 0.0435028076171875 -0.17266845703125 0.11151123046875
-0.164077758789063 0.0685882568359375 -0.124893188476563 0.114730834960938
-0.169891357421875 0.00900268554687498 -0.0919036865234375 0.120719909667969
-0.176193237304688 -0.096527099609375 -0.0861129760742187 0.137313842773438
-0.115707397460937 -0.219223022460938 -0.182815551757813 0.151840209960937
0.112548828125 -0.295928955078125 -0.279830932617188 0.10626220703125
0.26025390625 -0.257232666015625 -0.37017822265625 0.0616455078125
0.416168212890625 -0.14617919921875 -0.34552001953125 0.00210571289062501
0.49603271484375 -0.04913330078125 -0.177886962890625 -0.214675903320313
0.340545654296875 -0.13348388671875 0.0673332214355469 -0.0591316223144531
0.231353759765625 -0.310211181640625 0.220535278320313 -0.220367431640625
-0.0118408203125 -0.3037109375 0.026397705078125 -0.345367431640625
-0.158065795898437 -0.225448608398438 -0.163803100585937 -0.2698974609375
-0.236679077148438 -0.0441131591796875 -0.2769775390625 -0.069976806640625
-0.240203857421875 0.0820617675781249 -0.21502685546875 0.07977294921875
-0.24249267578125 0.062591552734375 -0.0973281860351562 0.0799636840820313
-0.24896240234375 0.103836059570312 -0.0474929809570312 0.0901031494140625
-0.251220703125 0.0239410400390625 -0.0101470947265625 0.1181640625
-0.255935668945313 -0.12518310546875 -0.00941467285156251 0.142074584960938
-0.15924072265625 -0.28009033203125 -0.116989135742187 0.176361083984375
0.1419677734375 -0.37042236328125 -0.224044799804687 0.141830444335938
0.323577880859375 -0.290679931640625 -0.293731689453125 0.057281494140625
0.50238037109375 -0.116973876953125 -0.202285766601562 0.00210571289062501
0.53961181640625 0.04095458984375 0.00856018066406255 -0.21173095703125
0.447509765625 -0.07763671875 0.1866455078125 -0.0719757080078125
0.358184814453125 -0.34307861328125 0.288055419921875 -0.1976318359375
0.041259765625 -0.39117431640625 0.1075439453125 -0.316619873046875
-0.171142578125 -0.304534912109375 -0.0696563720703125 -0.259872436523438
-0.2928466796875 -0.0752868652343749 -0.181411743164063 -0.0859527587890625
-0.292236328125 0.0859985351562501 -0.120071411132813 0.0354766845703125
-0.28985595703125 0.073150634765625 -0.00763320922851564 0.0369758605957031
-0.297027587890625 0.1278076171875 0.041748046875 0.0501594543457031
-0.29681396484375 0.0415954589843749 0.082183837890625 0.0984039306640625
-0.305206298828125 -0.13153076171875 0.0720901489257812 0.131942749023438
-0.1865234375 -0.3028564453125 -0.045074462890625 0.185791015625
0.1544189453125 -0.397003173828125 -0.166229248046875 0.159103393554687
0.350433349609375 -0.286376953125 -0.211685180664062 0.0306243896484375
0.5230712890625 -0.070556640625 -0.0440788269042968 -8.01086425781325E-05
0.485992431640625 0.1163330078125 0.2003173828125 -0.175811767578125
0.461395263671875 0.003875732421875 0.3096923828125 -0.06475830078125
0.4154052734375 -0.289947509765625 0.334136962890625 -0.151824951171875
0.094329833984375 -0.390960693359375 0.178909301757813 -0.252822875976563
-0.143341064453125 -0.326080322265625 0.0274505615234375 -0.216964721679688
-0.295318603515625 -0.094818115234375 -0.0703353881835938 -0.0877838134765625
-0.296417236328125 0.07794189453125 -0.0146007537841797 -0.0109529495239258
-0.29327392578125 0.072174072265625 0.0816497802734375 -0.0129013061523437
-0.303070068359375 0.131988525390625 0.131340026855469 0.000534057617187508
-0.30206298828125 0.049652099609375 0.17291259765625 0.0673065185546875
-0.31011962890625 -0.129058837890625 0.146530151367187 0.115936279296875
-0.179046630859375 -0.297332763671875 0.0196075439453125 0.186935424804687
0.1693115234375 -0.373504638671875 -0.11895751953125 0.162200927734375
0.353057861328125 -0.230682373046875 -0.132095336914062 -0.00551605224609378
0.483917236328125 -0.003204345703125 0.110641479492188 0.00213623046875
0.34051513671875 0.167144775390625 0.36077880859375 -0.119873046875
0.37176513671875 0.078521728515625 0.406097412109375 -0.042449951171875
0.376220703125 -0.17852783203125 0.3470458984375 -0.100128173828125
0.116302490234375 -0.307861328125 0.223953247070313 -0.180435180664063
-0.095672607421875 -0.277206420898437 0.103179931640625 -0.160720825195313
-0.244186401367188 -0.0906982421875 0.0327529907226562 -0.0827407836914063
-0.25213623046875 0.0608062744140626 0.0835800170898437 -0.0540542602539062
-0.25238037109375 0.06060791015625 0.159637451171875 -0.0617523193359375
-0.267227172851563 0.111923217773438 0.21307373046875 -0.04986572265625
-0.267135620117188 0.0406036376953125 0.25164794921875 0.0382843017578125
-0.272689819335938 -0.122711181640625 0.207046508789062 0.106887817382812
-0.139633178710938 -0.267135620117188 0.0696868896484375 0.189788818359375
0.181671142578125 -0.305419921875 -0.0839080810546875 0.163467407226562
0.327301025390625 -0.14013671875 -0.058013916015625 -0.0333480834960938
0.386199951171875 0.0731201171875 0.246307373046875 0.02032470703125
0.138763427734375 0.18212890625 0.455780029296875 -0.069427490234375
0.212158203125 0.124557495117188 0.457427978515625 -0.02923583984375
0.254119873046875 -0.0531768798828125 0.332977294921875 -0.06610107421875
0.098724365234375 -0.174819946289063 0.241378784179688 -0.127777099609375
-0.042144775390625 -0.175369262695313 0.146881103515625 -0.11663818359375
-0.154953002929688 -0.0648956298828125 0.106468200683594 -0.0811386108398438
-0.167556762695313 0.0357513427734375 0.155181884765625 -0.090301513671875
-0.1737060546875 0.0402984619140625 0.214248657226563 -0.100677490234375
-0.193222045898437 0.072540283203125 0.276565551757813 -0.0888671875
-0.196609497070313 0.0233001708984375 0.313995361328125 0.019775390625
-0.19952392578125 -0.1033935546875 0.253250122070313 0.112442016601563
-0.0851287841796875 -0.207321166992188 0.10516357421875 0.203903198242187
0.175018310546875 -0.20489501953125 -0.0623321533203125 0.1688232421875
0.263565063476563 -0.03277587890625 0.00308227539062502 -0.0398902893066406
0.237762451171875 0.139495849609375 0.343902587890625 0.06036376953125
-0.0362396240234375 -0.162399291992188 -0.41229248046875 -0.027069091796875
-0.144515991210938 -0.0184326171875 -0.0520591735839844 0.04901123046875
-0.0874252319335938 0.0995254516601562 0.0637664794921875 -0.185531616210938
0.0220184326171875 0.113540649414063 -0.123550415039062 -0.27532958984375
0.0869979858398438 0.059539794921875 -0.280349731445313 -0.1561279296875
0.103446960449219 -0.0207672119140625 -0.354736328125 0.0106811523437501
0.0720977783203125 -0.0333023071289063 -0.312103271484375 0.158782958984375
0.0631294250488281 -0.01824951171875 -0.23748779296875 0.1478271484375
0.0647087097167969 -0.0105323791503906 -0.1865234375 0.131149291992188
0.046661376953125 0.0258407592773438 -0.164840698242187 0.104507446289063
-0.00508499145507813 0.05572509765625 -0.166275024414062 0.121124267578125
-0.088592529296875 0.0249786376953125 -0.245101928710937 0.124374389648438
-0.0935745239257813 -0.0838394165039062 -0.354095458984375 0.0511474609375
-0.0246429443359375 -0.165084838867187 -0.474151611328125 0.0565795898437499
0.056976318359375 -0.199783325195313 -0.516021728515625 0.048675537109375
0.170394897460938 -0.179061889648438 -0.412322998046875 -0.0923461914062501
-0.00101470947265625 -0.102737426757813 -0.0596923828125 0.0199851989746094
-0.0256500244140625 -0.0560111999511719 0.0893402099609375 -0.209579467773438
-0.0243949890136719 -0.0123538970947266 -0.109161376953125 -0.309661865234375
-0.016911506652832 -0.0139274597167969 -0.28399658203125 -0.194183349609375
-0.0161256790161133 -0.00488662719726563 -0.368255615234375 0.000793457031250053
-0.0383377075195313 0.0268592834472656 -0.312530517578125 0.16058349609375
-0.0513648986816406 0.020599365234375 -0.220291137695312 0.147476196289062
-0.0541000366210938 0.0336341857910156 -0.171951293945313 0.138656616210937
-0.0670013427734375 0.0124015808105469 -0.143661499023438 0.1212158203125
-0.09149169921875 -0.0321426391601562 -0.137687683105469 0.134590148925781
-0.0961227416992187 -0.112960815429688 -0.225433349609375 0.143280029296875
0.027496337890625 -0.199874877929688 -0.326385498046875 0.085479736328125
0.136703491210938 -0.219161987304688 -0.43878173828125 0.0776977539062501
0.260543823242188 -0.190567016601563 -0.46514892578125 0.0361022949218751
0.363555908203125 -0.152069091796875 -0.33892822265625 -0.15631103515625
0.1728515625 -0.15576171875 -0.0200729370117187 -0.020904541015625
0.079193115234375 -0.21533203125 0.14007568359375 -0.23553466796875
-0.0478668212890625 -0.163909912109375 -0.069549560546875 -0.34246826171875
-0.113983154296875 -0.1116943359375 -0.254638671875 -0.236221313476563
-0.139358520507813 -0.00740051269531251 -0.34716796875 -0.022216796875
-0.147857666015625 0.0735321044921875 -0.27874755859375 0.138687133789062
-0.15924072265625 0.056732177734375 -0.169525146484375 0.126632690429688
-0.16278076171875 0.0830078125 -0.118637084960938 0.127861022949219
-0.171951293945313 0.0202484130859375 -0.0844955444335937 0.130508422851563
-0.186065673828125 -0.08660888671875 -0.07843017578125 0.148574829101563
-0.134597778320312 -0.216537475585938 -0.177322387695313 0.172607421875
0.0946044921875 -0.3109130859375 -0.279296875 0.129852294921875
0.248428344726563 -0.279937744140625 -0.376556396484375 0.090545654296875
0.4158935546875 -0.180694580078125 -0.356048583984375 0.0296630859374999
0.5025634765625 -0.08837890625 -0.196685791015625 -0.199203491210938
0.341278076171875 -0.159912109375 0.0678329467773438 -0.059417724609375
0.214630126953125 -0.3382568359375 0.209915161132813 -0.2454833984375
-0.0341796875 -0.310394287109375 0.00241088867187498 -0.35601806640625
-0.18011474609375 -0.218490600585937 -0.186721801757812 -0.2637939453125
-0.243194580078125 -0.02685546875 -0.2860107421875 -0.05120849609375
-0.23681640625 0.10162353515625 -0.21160888671875 0.0965423583984375
-0.243057250976562 0.083831787109375 -0.0943832397460938 0.0872116088867187
-0.245590209960938 0.127090454101563 -0.0410919189453125 0.0957412719726563
-0.252975463867188 0.0421905517578125 -0.000160217285156257 0.121246337890625
-0.269561767578125 -0.10784912109375 0.000747680664062481 0.147674560546875
-0.184005737304688 -0.276290893554688 -0.108352661132813 0.193801879882812
0.11907958984375 -0.390869140625 -0.220016479492188 0.163436889648437
0.310333251953125 -0.3204345703125 -0.29718017578125 0.0813903808593749
0.50726318359375 -0.158172607421875 -0.209304809570312 0.0186767578125
0.555084228515625 0.000335693359375 -0.00653076171874996 -0.210494995117188
0.45562744140625 -0.1104736328125 0.187164306640625 -0.081024169921875
0.340576171875 -0.38055419921875 0.280502319335938 -0.226730346679688
0.012359619140625 -0.4031982421875 0.0875244140625 -0.33074951171875
-0.200225830078125 -0.298980712890625 -0.0891876220703125 -0.260498046875
-0.30255126953125 -0.0546569824218749 -0.188674926757813 -0.07354736328125
-0.288543701171875 0.1099853515625 -0.118118286132812 0.0449142456054688
-0.2904052734375 0.09844970703125 -0.00469970703125002 0.0354118347167969
-0.29119873046875 0.1552734375 0.0485420227050781 0.0476837158203125
-0.296630859375 0.06402587890625 0.094451904296875 0.0929718017578125
-0.320281982421875 -0.10870361328125 0.0832748413085938 0.130607604980469
-0.213470458984375 -0.29534912109375 -0.03314208984375 0.197860717773437
0.127960205078125 -0.419586181640625 -0.158599853515625 0.1778564453125
0.338714599609375 -0.31610107421875 -0.216506958007813 0.0483245849609375
0.532806396484375 -0.111724853515625 -0.0469131469726562 0.00429916381835936
0.506683349609375 0.082000732421875 0.191482543945313 -0.188552856445313
0.47332763671875 -0.030181884765625 0.311767578125 -0.082305908203125
0.403045654296875 -0.330780029296875 0.329925537109375 -0.181854248046875
0.06707763671875 -0.40472412109375 0.164703369140625 -0.27105712890625
-0.17425537109375 -0.32171630859375 0.0130157470703125 -0.224288940429688
-0.30621337890625 -0.07427978515625 -0.0756378173828125 -0.083984375
-0.29229736328125 0.102813720703125 -0.013636589050293 -0.0108060836791992
-0.29296875 0.097930908203125 0.0827560424804687 -0.022186279296875
-0.296417236328125 0.15966796875 0.137107849121094 -0.0123291015625
-0.301239013671875 0.07464599609375 0.18402099609375 0.0543060302734375
-0.32525634765625 -0.104217529296875 0.158294677734375 0.108551025390625
-0.207000732421875 -0.289031982421875 0.0326080322265625 0.1929931640625
0.1448974609375 -0.39556884765625 -0.109375 0.178359985351563
0.343902587890625 -0.26116943359375 -0.138069152832031 0.00608062744140625
0.49713134765625 -0.04095458984375 0.111961364746094 -0.005584716796875
0.361724853515625 0.14404296875 0.359619140625 -0.144805908203125
0.387542724609375 0.051849365234375 0.410858154296875 -0.06793212890625
0.3690185546875 -0.21478271484375 0.346038818359375 -0.1287841796875
0.09442138671875 -0.322174072265625 0.215850830078125 -0.200332641601563
-0.121292114257813 -0.274749755859375 0.0942535400390625 -0.172866821289063
-0.255111694335938 -0.07281494140625 0.0299606323242187 -0.0860977172851563
-0.248397827148438 0.08203125 0.08270263671875 -0.0627899169921875
-0.251998901367187 0.0831756591796875 0.15814208984375 -0.078155517578125
-0.261688232421875 0.137069702148438 0.216796875 -0.06951904296875
-0.26605224609375 0.0623931884765625 0.2625732421875 0.0191802978515625
-0.28631591796875 -0.10015869140625 0.219528198242187 0.0943450927734375
-0.164382934570313 -0.261322021484375 0.084991455078125 0.191818237304687
0.162078857421875 -0.3272705078125 -0.073028564453125 0.1767578125
0.323883056640625 -0.166412353515625 -0.0645942687988281 -0.0282936096191406
0.401947021484375 0.044891357421875 0.251083374023438 0.001983642578125
0.156295776367188 0.173660278320312 0.461578369140625 -0.102386474609375
0.226547241210938 0.110458374023438 0.465087890625 -0.05950927734375
0.25372314453125 -0.0767669677734375 0.334747314453125 -0.09149169921875
0.0855865478515625 -0.1839599609375 0.238067626953125 -0.147354125976563
-0.0582733154296875 -0.174819946289063 0.141876220703125 -0.13116455078125
-0.162429809570313 -0.0532989501953125 0.104446411132812 -0.08990478515625
-0.164169311523438 0.050689697265625 0.152679443359375 -0.105087280273438
-0.172653198242187 0.0557861328125 0.211517333984375 -0.121902465820313
-0.190093994140625 0.091064453125 0.278579711914063 -0.114593505859375
-0.196609497070312 0.0394744873046875 0.324432373046875 -0.004119873046875
-0.211563110351563 -0.0866546630859375 0.26605224609375 0.0965576171875
-0.104141235351562 -0.205062866210938 0.122283935546875 0.20269775390625
0.1624755859375 -0.223587036132813 -0.0516510009765625 0.1807861328125
0.26727294921875 -0.0528564453125 -0.00310134887695311 -0.040252685546875
0.253738403320313 0.12396240234375 0.35394287109375 0.034576416015625
-0.05303955078125 -0.15777587890625 -0.414642333984375 0.0148925781249999
-0.1448974609375 -0.00396728515625002 -0.0425376892089844 0.0547370910644531
-0.0760650634765625 0.106971740722656 0.047210693359375 -0.19427490234375
0.0347518920898438 0.111007690429688 -0.149505615234375 -0.265792846679687
0.0947723388671875 0.0502395629882812 -0.296539306640625 -0.13153076171875
0.10107421875 -0.0328750610351563 -0.356964111328125 0.0434570312500001
0.0652618408203125 -0.0417823791503906 -0.2974853515625 0.19183349609375
0.0596046447753906 -0.0253028869628906 -0.225128173828125 0.174545288085938
0.06201171875 -0.0169296264648438 -0.1761474609375 0.153549194335938
0.0473403930664063 0.0194740295410156 -0.157196044921875 0.122650146484375
0.000724792480468752 0.0534095764160156 -0.156478881835937 0.140060424804688
-0.0855636596679687 0.0339431762695313 -0.235092163085938 0.150741577148437
-0.100555419921875 -0.0739898681640625 -0.35162353515625 0.0833740234374999
-0.03912353515625 -0.162353515625 -0.47161865234375 0.101715087890625
0.0376739501953125 -0.2060546875 -0.514862060546875 0.0984802246093751
0.153411865234375 -0.19561767578125 -0.419647216796875 -0.048309326171875
-0.00827789306640625 -0.102386474609375 -0.0530929565429688 0.0277328491210937
-0.0299186706542969 -0.0554351806640625 0.0712127685546875 -0.221603393554688
-0.0241889953613281 -0.0112724304199219 -0.13885498046875 -0.301544189453125
-0.0171489715576172 -0.0118656158447266 -0.3037109375 -0.16943359375
-0.0163326263427734 -0.00536727905273438 -0.36920166015625 0.0347595214843751
-0.0372123718261719 0.0285224914550781 -0.297393798828125 0.192413330078125
-0.0513038635253906 0.0252189636230469 -0.208343505859375 0.171722412109375
-0.0519294738769531 0.0394401550292969 -0.15936279296875 0.159210205078125
-0.06683349609375 0.0167045593261719 -0.133270263671875 0.136848449707031
-0.0944442749023437 -0.025726318359375 -0.12567138671875 0.150466918945313
-0.106758117675781 -0.104927062988281 -0.213653564453125 0.169113159179687
0.00991821289062498 -0.2032470703125 -0.320648193359375 0.116485595703125
0.11810302734375 -0.232421875 -0.434783935546875 0.120208740234375
0.24517822265625 -0.215850830078125 -0.465789794921875 0.0822753906249999
0.350494384765625 -0.187530517578125 -0.35382080078125 -0.1180419921875
0.16180419921875 -0.172409057617188 -0.0174732208251953 -0.0161457061767578
0.0588836669921875 -0.227066040039063 0.11798095703125 -0.2537841796875
-0.0628814697265625 -0.161056518554688 -0.101165771484375 -0.338287353515625
-0.125587463378906 -0.100944519042969 -0.277328491210938 -0.2137451171875
-0.139533996582031 0.00455474853515624 -0.349029541015625 0.00903320312500005
-0.1402587890625 0.0872116088867188 -0.265365600585938 0.166671752929687
-0.155960083007813 0.0734710693359375 -0.158706665039063 0.144500732421875
-0.155471801757813 0.100677490234375 -0.106689453125 0.141555786132813
-0.170791625976563 0.03570556640625 -0.0715713500976563 0.139991760253906
-0.194671630859375 -0.070098876953125 -0.06427001953125 0.158905029296875
-0.156936645507813 -0.205657958984375 -0.162841796875 0.195358276367188
0.067535400390625 -0.322662353515625 -0.269500732421875 0.157974243164062
0.22406005859375 -0.303497314453125 -0.37054443359375 0.127777099609375
0.403564453125 -0.22125244140625 -0.356414794921875 0.066253662109375
0.49688720703125 -0.1368408203125 -0.215789794921875 -0.174560546875
0.33209228515625 -0.193145751953125 0.066375732421875 -0.0611763000488281
0.181854248046875 -0.36376953125 0.186935424804687 -0.270278930664063
-0.06304931640625 -0.30902099609375 -0.03045654296875 -0.358062744140625
-0.203872680664063 -0.200729370117187 -0.211715698242187 -0.24761962890625
-0.245315551757812 -0.00448608398437499 -0.289398193359375 -0.024169921875
-0.225830078125 0.124420166015625 -0.201553344726563 0.117202758789063
-0.237518310546875 0.10858154296875 -0.0869674682617188 0.095733642578125
-0.231719970703125 0.152938842773438 -0.0301361083984375 0.100265502929688
-0.248336791992188 0.06640625 0.0136642456054687 0.122055053710938
-0.279800415039063 -0.0814666748046875 0.0155181884765625 0.150253295898438
-0.213241577148438 -0.260528564453125 -0.09075927734375 0.209701538085937
0.08270263671875 -0.406097412109375 -0.205368041992188 0.187057495117187
0.28302001953125 -0.350128173828125 -0.2928466796875 0.111297607421875
0.49920654296875 -0.208282470703125 -0.209930419921875 0.0411224365234375
0.559600830078125 -0.054779052734375 -0.02618408203125 -0.204666137695313
0.450958251953125 -0.154449462890625 0.182937622070313 -0.0930633544921875
0.303314208984375 -0.42095947265625 0.257400512695313 -0.257461547851563
-0.025909423828125 -0.405670166015625 0.056884765625 -0.340850830078125
-0.232101440429687 -0.27923583984375 -0.114242553710938 -0.253311157226563
-0.308258056640625 -0.025634765625 -0.193511962890625 -0.0558013916015625
-0.275314331054688 0.138458251953125 -0.112838745117188 0.0557861328125
-0.281982421875 0.128082275390625 -0.00242233276367189 0.0339088439941406
-0.274429321289063 0.187179565429688 0.0558967590332031 0.0413131713867188
-0.289581298828125 0.0941467285156249 0.105514526367187 0.0838699340820312
-0.330841064453125 -0.07568359375 0.0967178344726562 0.124595642089844
-0.245574951171875 -0.275604248046875 -0.014617919921875 0.205795288085937
0.088592529296875 -0.43536376953125 -0.141632080078125 0.196090698242187
0.309967041015625 -0.3489990234375 -0.214523315429687 0.0715484619140625
0.52850341796875 -0.165679931640625 -0.0476341247558593 0.01019287109375
0.51788330078125 0.0311279296875 0.173904418945313 -0.201568603515625
0.4754638671875 -0.075836181640625 0.306182861328125 -0.106231689453125
0.370819091796875 -0.37548828125 0.311309814453125 -0.215667724609375
0.0277099609375 -0.41302490234375 0.140625 -0.287322998046875
-0.20880126953125 -0.304046630859375 -0.00784301757812503 -0.227264404296875
-0.3126220703125 -0.04437255859375 -0.0799560546875 -0.0764312744140625
-0.2794189453125 0.13165283203125 -0.0130329132080078 -0.0103616714477539
-0.28411865234375 0.128631591796875 0.0802459716796875 -0.033843994140625
-0.279220581054688 0.192489624023437 0.139457702636719 -0.0279693603515625
-0.2928466796875 0.103302001953125 0.192947387695312 0.0353546142578125
-0.335540771484375 -0.06964111328125 0.16912841796875 0.0943756103515625
-0.238189697265625 -0.269943237304688 0.0513916015625 0.193756103515625
0.1063232421875 -0.412841796875 -0.091522216796875 0.192092895507812
0.320281982421875 -0.294830322265625 -0.140701293945312 0.02105712890625
0.49774169921875 -0.09130859375 0.110748291015625 -0.0160751342773438
0.377716064453125 0.107421875 0.34814453125 -0.1748046875
0.395355224609375 0.0140380859375 0.40692138671875 -0.10211181640625
0.34814453125 -0.255828857421875 0.33380126953125 -0.16143798828125
0.062286376953125 -0.33154296875 0.197998046875 -0.220855712890625
-0.15093994140625 -0.261703491210938 0.0787353515625 -0.182815551757813
-0.26141357421875 -0.047882080078125 0.0249862670898437 -0.0880966186523437
-0.23748779296875 0.106826782226562 0.0782852172851562 -0.0720748901367188
-0.242965698242188 0.109878540039062 0.151092529296875 -0.0973052978515625
-0.246658325195313 0.165390014648438 0.21307373046875 -0.0947723388671875
-0.257949829101563 0.0897369384765625 0.268081665039063 -0.00782775878906249
-0.2960205078125 -0.068328857421875 0.229034423828125 0.074432373046875
-0.192184448242188 -0.244705200195312 0.10394287109375 0.186904907226562
0.13006591796875 -0.346038818359375 -0.055206298828125 0.18707275390625
0.309814453125 -0.198699951171875 -0.071624755859375 -0.020782470703125
0.409271240234375 0.003875732421875 0.251235961914063 -0.0227508544921875
0.174148559570312 0.157379150390625 0.454376220703125 -0.143768310546875
0.237762451171875 0.086273193359375 0.46240234375 -0.09967041015625
0.244827270507812 -0.104507446289062 0.326202392578125 -0.1209716796875
0.0668792724609375 -0.19146728515625 0.225814819335937 -0.1702880859375
-0.0773468017578125 -0.1671142578125 0.130325317382813 -0.14666748046875
-0.167282104492188 -0.0372772216796875 0.0988693237304687 -0.0997314453125
-0.157089233398437 0.0675201416015625 0.144515991210937 -0.121963500976562
-0.166152954101563 0.0745849609375 0.19921875 -0.146804809570313
-0.179458618164063 0.112594604492188 0.269577026367188 -0.146316528320313
-0.190521240234375 0.0603485107421875 0.327972412109375 -0.037017822265625
-0.219818115234375 -0.062530517578125 0.276321411132813 0.0723724365234375
-0.125747680664062 -0.194137573242188 0.142257690429688 0.192672729492188
0.140426635742188 -0.241958618164063 -0.0337371826171875 0.188674926757812
0.26275634765625 -0.079498291015625 -0.0112648010253906 -0.0387039184570313
0.267990112304688 0.09881591796875 0.356475830078125 -0.00128173828124999
-0.067779541015625 -0.1461181640625 -0.397186279296875 0.0577392578125
-0.138870239257813 0.00976562499999999 -0.032440185546875 0.0565414428710937
-0.061737060546875 0.109886169433594 0.0278472900390625 -0.194732666015625
0.0466156005859375 0.103507995605469 -0.171173095703125 -0.245193481445313
0.0990524291992188 0.0378341674804687 -0.301055908203125 -0.10101318359375
0.09326171875 -0.0446014404296875 -0.345703125 0.0755920410156251
0.0559425354003906 -0.0484199523925781 -0.269744873046875 0.216690063476563
0.052947998046875 -0.0311241149902344 -0.201751708984375 0.195938110351563
0.0566864013671875 -0.0224075317382813 -0.156112670898438 0.170928955078125
0.0454750061035156 0.011962890625 -0.142745971679688 0.136398315429687
0.00564575195312499 0.0490760803222656 -0.138427734375 0.15338134765625
-0.078521728515625 0.041229248046875 -0.21478271484375 0.1708984375
-0.102912902832031 -0.0614395141601562 -0.33599853515625 0.113128662109375
-0.05255126953125 -0.153366088867188 -0.4493408203125 0.143096923828125
0.0161590576171875 -0.202529907226563 -0.491241455078125 0.14569091796875
0.129348754882813 -0.203933715820313 -0.40924072265625 -0.00228881835937504
-0.0149612426757813 -0.0988693237304688 -0.0436515808105469 0.0327644348144531
-0.0338516235351563 -0.0533981323242188 0.0478363037109375 -0.22454833984375
-0.02325439453125 -0.0097808837890625 -0.162841796875 -0.280990600585938
-0.0169563293457031 -0.0106449127197266 -0.310943603515625 -0.136322021484375
-0.0169811248779297 -0.00584030151367188 -0.35736083984375 0.0678405761718749
-0.0350971221923828 0.030364990234375 -0.270416259765625 0.216644287109375
-0.0494384765625 0.02960205078125 -0.185760498046875 0.189422607421875
-0.04718017578125 0.044036865234375 -0.1396484375 0.173233032226563
-0.065460205078125 0.0215072631835937 -0.116943359375 0.147262573242188
-0.0941696166992187 -0.0182342529296875 -0.1077880859375 0.160751342773438
-0.11395263671875 -0.091888427734375 -0.19183349609375 0.1878662109375
-0.0082244873046875 -0.1986083984375 -0.301605224609375 0.143646240234375
0.0943145751953125 -0.235565185546875 -0.41162109375 0.159210205078125
0.2178955078125 -0.233749389648438 -0.445068359375 0.126312255859375
0.3212890625 -0.21710205078125 -0.351715087890625 -0.074676513671875
0.144058227539063 -0.183441162109375 -0.0136842727661133 -0.0107965469360352
0.0349884033203125 -0.22882080078125 0.0889892578125 -0.259246826171875
-0.0760955810546875 -0.151565551757813 -0.12908935546875 -0.32037353515625
-0.131736755371094 -0.0849609375 -0.28955078125 -0.182281494140625
-0.134483337402344 0.0167160034179687 -0.338134765625 0.0419921875
-0.128189086914063 0.0975875854492188 -0.241165161132813 0.188095092773437
-0.145462036132813 0.0872039794921875 -0.141220092773438 0.156707763671875
-0.14007568359375 0.113853454589844 -0.0885772705078125 0.14990234375
-0.163040161132813 0.0500030517578125 -0.055755615234375 0.144012451171875
-0.195846557617187 -0.0505523681640625 -0.0465545654296875 0.162429809570313
-0.173263549804687 -0.185256958007813 -0.139862060546875 0.210113525390625
0.03564453125 -0.321685791015625 -0.247665405273438 0.180221557617188
0.190704345703125 -0.315155029296875 -0.34954833984375 0.162078857421875
0.3726806640625 -0.255401611328125 -0.34063720703125 0.100830078125
0.47039794921875 -0.182891845703125 -0.22332763671875 -0.14276123046875
0.308013916015625 -0.2205810546875 0.062652587890625 -0.0609054565429688
0.13995361328125 -0.3751220703125 0.152923583984375 -0.2822265625
-0.09136962890625 -0.295196533203125 -0.062469482421875 -0.34552001953125
-0.218887329101562 -0.1741943359375 -0.22833251953125 -0.220443725585938
-0.237518310546875 0.0194549560546875 -0.282501220703125 0.00317382812499999
-0.205978393554687 0.142547607421875 -0.183197021484375 0.1336669921875
-0.220474243164063 0.130615234375 -0.076202392578125 0.101097106933594
-0.209136962890625 0.173294067382813 -0.01812744140625 0.100776672363281
-0.234130859375 0.0881195068359375 0.0261306762695312 0.117179870605469
-0.27947998046875 -0.0512237548828125 0.030303955078125 0.146133422851563
-0.23419189453125 -0.231307983398438 -0.067901611328125 0.217575073242187
0.04132080078125 -0.4049072265625 -0.181930541992188 0.202911376953125
0.243072509765625 -0.367401123046875 -0.276626586914063 0.139007568359375
0.4669189453125 -0.25311279296875 -0.200515747070312 0.0623931884765625
0.538116455078125 -0.109161376953125 -0.042999267578125 -0.189437866210937
0.426422119140625 -0.1939697265625 0.171768188476563 -0.102828979492188
0.251434326171875 -0.442047119140625 0.222900390625 -0.275375366210938
-0.0653076171875 -0.39239501953125 0.0235595703125 -0.33673095703125
-0.254867553710937 -0.2470703125 -0.134475708007812 -0.235916137695313
-0.30029296875 0.00488281249999996 -0.190444946289063 -0.03582763671875
-0.251571655273438 0.161285400390625 -0.102485656738281 0.0646896362304687
-0.261444091796875 0.1541748046875 -0.000463485717773455 0.0314922332763672
-0.246231079101562 0.210601806640625 0.0600700378417969 0.0327796936035156
-0.270172119140625 0.119705200195313 0.112846374511719 0.0700531005859375
-0.327606201171875 -0.038787841796875 0.106513977050781 0.113052368164063
-0.267822265625 -0.243011474609375 0.0059661865234375 0.205825805664062
0.042877197265625 -0.43408203125 -0.119003295898438 0.205535888671875
0.26983642578125 -0.368988037109375 -0.204498291015625 0.0926055908203124
0.5001220703125 -0.215484619140625 -0.0460853576660156 0.0157394409179687
0.506011962890625 -0.021148681640625 0.151611328125 -0.20672607421875
0.457366943359375 -0.1199951171875 0.289886474609375 -0.126800537109375
0.32122802734375 -0.405120849609375 0.2789306640625 -0.238571166992188
-0.01458740234375 -0.40313720703125 0.11029052734375 -0.292236328125
-0.234649658203125 -0.272232055664063 -0.029327392578125 -0.220001220703125
-0.306976318359375 -0.01153564453125 -0.0823211669921875 -0.06597900390625
-0.255752563476563 0.155364990234375 -0.0119009017944336 -0.0100021362304687
-0.262954711914062 0.154632568359375 0.07373046875 -0.0427780151367187
-0.249313354492188 0.216476440429687 0.134117126464844 -0.04449462890625
-0.271087646484375 0.130416870117187 0.192886352539062 0.013427734375
-0.33026123046875 -0.03143310546875 0.173049926757812 0.0770111083984375
-0.259979248046875 -0.236984252929688 0.06903076171875 0.1871337890625
0.062286376953125 -0.414764404296875 -0.0697021484375 0.196746826171875
0.2835693359375 -0.318328857421875 -0.137519836425781 0.035980224609375
0.4764404296875 -0.139984130859375 0.105171203613281 -0.0262603759765625
0.377960205078125 0.06573486328125 0.322357177734375 -0.19866943359375
0.38671875 -0.026153564453125 0.385986328125 -0.133087158203125
0.310394287109375 -0.285888671875 0.306427001953125 -0.187042236328125
0.026885986328125 -0.326751708984375 0.172454833984375 -0.23321533203125
-0.174041748046875 -0.237274169921875 0.0586090087890625 -0.186553955078125
-0.25787353515625 -0.019775390625 0.0190505981445312 -0.0878143310546875
-0.216827392578125 0.126556396484375 0.0709152221679687 -0.0793380737304688
-0.225112915039063 0.132492065429687 0.135665893554688 -0.112411499023437
-0.220199584960937 0.187225341796875 0.198562622070312 -0.116958618164062
-0.238937377929688 0.113510131835937 0.261825561523438 -0.0368194580078125
-0.2923583984375 -0.033721923828125 0.229827880859375 0.05108642578125
-0.212646484375 -0.217132568359375 0.11871337890625 0.17352294921875
0.091064453125 -0.351287841796875 -0.0337982177734375 0.187774658203125
0.282440185546875 -0.2232666015625 -0.0745010375976562 -0.0114593505859375
0.40020751953125 -0.03863525390625 0.239105224609375 -0.0472564697265625
0.184600830078125 0.134201049804688 0.42974853515625 -0.1807861328125
0.23883056640625 0.05987548828125 0.438934326171875 -0.13592529296875
0.224761962890625 -0.128097534179687 0.3052978515625 -0.1453857421875
0.0449066162109375 -0.190887451171875 0.203994750976562 -0.185699462890625
-0.093017578125 -0.152511596679688 0.112518310546875 -0.155899047851563
-0.165481567382813 -0.01812744140625 0.089752197265625 -0.106216430664063
-0.142715454101563 0.0810394287109375 0.128974914550781 -0.134757995605469
-0.152694702148438 0.0902557373046875 0.178436279296875 -0.165176391601563
-0.161331176757813 0.12890625 0.247756958007813 -0.173980712890625
-0.177154541015625 0.0780029296875 0.316619873046875 -0.07049560546875
-0.21710205078125 -0.0355987548828125 0.275283813476563 0.044708251953125
-0.14300537109375 -0.174468994140625 0.1572265625 0.175018310546875
0.111373901367188 -0.250717163085938 -0.0142059326171875 0.187728881835938
0.248062133789063 -0.103652954101563 -0.018890380859375 -0.0354766845703125
0.270706176757813 0.0675048828125 0.343292236328125 -0.0361328125
-0.076080322265625 -0.132102966308594 -0.371124267578125 0.0851745605468751
-0.130409240722656 0.0188446044921875 -0.0228652954101563 0.0549278259277344
-0.049468994140625 0.10791015625 0.012847900390625 -0.188705444335937
0.0536575317382813 0.093414306640625 -0.180877685546875 -0.222625732421875
0.098480224609375 0.025787353515625 -0.29449462890625 -0.0755615234375
0.0827560424804688 -0.051727294921875 -0.32696533203125 0.09820556640625
0.0462722778320312 -0.0500106811523438 -0.241546630859375 0.228439331054687
0.0464363098144531 -0.0335731506347656 -0.177261352539063 0.204910278320312
0.0500755310058594 -0.0259513854980469 -0.135528564453125 0.1778564453125
0.0421066284179687 0.00692367553710938 -0.126937866210938 0.142410278320313
0.00867462158203125 0.0435409545898438 -0.12127685546875 0.1583251953125
-0.0701522827148438 0.0454521179199219 -0.192626953125 0.180343627929688
-0.100685119628906 -0.0500869750976562 -0.314208984375 0.1312255859375
-0.0600738525390625 -0.142471313476563 -0.4188232421875 0.169708251953125
-0.000381469726562483 -0.193817138671875 -0.45697021484375 0.17486572265625
0.107498168945313 -0.202362060546875 -0.385833740234375 0.030670166015625
-0.01922607421875 -0.09417724609375 -0.0351142883300781 0.0346965789794922
-0.0353240966796875 -0.0506439208984375 0.028594970703125 -0.21856689453125
-0.0215206146240234 -0.00912857055664062 -0.174697875976562 -0.25787353515625
-0.0159387588500977 -0.010838508605957 -0.305450439453125 -0.108856201171875
-0.0176315307617188 -0.00630378723144532 -0.33770751953125 0.09075927734375
-0.0336055755615234 0.0311374664306641 -0.241348266601562 0.22747802734375
-0.0471382141113281 0.0327529907226563 -0.16351318359375 0.197616577148438
-0.0426483154296875 0.0457687377929687 -0.1185302734375 0.178955078125
-0.06201171875 0.0239830017089844 -0.101242065429688 0.151702880859375
-0.091583251953125 -0.0127792358398438 -0.0911407470703125 0.162506103515625
-0.114921569824219 -0.0798721313476563 -0.169479370117188 0.196731567382813
-0.02032470703125 -0.1890869140625 -0.279129028320313 0.158187866210937
0.0753326416015625 -0.230453491210938 -0.38177490234375 0.18304443359375
0.191390991210938 -0.238739013671875 -0.4154052734375 0.154693603515625
0.290924072265625 -0.2303466796875 -0.33636474609375 -0.0412902832031251
0.127182006835938 -0.186737060546875 -0.00923728942871093 -0.00717163085937501
0.0166168212890625 -0.2236328125 0.064422607421875 -0.254470825195313
-0.0826644897460938 -0.140129089355469 -0.145843505859375 -0.2974853515625
-0.131637573242188 -0.0714569091796875 -0.288421630859375 -0.1533203125
-0.127273559570312 0.0250778198242188 -0.319061279296875 0.06329345703125
-0.115837097167969 0.102584838867187 -0.214797973632813 0.197845458984375
-0.134407043457031 0.095428466796875 -0.122970581054688 0.161590576171875
-0.124427795410156 0.120018005371094 -0.0724029541015625 0.150726318359375
-0.151870727539062 0.0586700439453125 -0.042083740234375 0.142196655273438
-0.190032958984375 -0.0348663330078125 -0.0319061279296875 0.159896850585937
-0.179656982421875 -0.16424560546875 -0.117706298828125 0.21490478515625
0.011627197265625 -0.311431884765625 -0.2242431640625 0.19012451171875
0.161468505859375 -0.314300537109375 -0.3223876953125 0.1817626953125
0.338287353515625 -0.2725830078125 -0.31793212890625 0.12255859375
0.434112548828125 -0.20867919921875 -0.21990966796875 -0.114654541015625
0.280624389648438 -0.234390258789063 0.0593986511230469 -0.0590438842773438
0.1048583984375 -0.37103271484375 0.122482299804688 -0.279220581054688
-0.109039306640625 -0.275466918945313 -0.083770751953125 -0.326263427734375
-0.222213745117187 -0.1490478515625 -0.232925415039063 -0.19500732421875
-0.224594116210938 0.0350799560546875 -0.267288208007813 0.023040771484375
-0.185440063476562 0.151123046875 -0.163558959960938 0.141387939453125
-0.202590942382813 0.143417358398438 -0.0657730102539063 0.101631164550781
-0.184463500976563 0.18206787109375 -0.00875854492187501 0.0969085693359375
-0.2156982421875 0.101043701171875 0.0347900390625 0.109580993652344
-0.2696533203125 -0.0281219482421875 0.040130615234375 0.138664245605469
-0.24188232421875 -0.202972412109375 -0.048583984375 0.217025756835938
0.00994873046875 -0.392425537109375 -0.159408569335938 0.207351684570312
0.206756591796875 -0.368072509765625 -0.254409790039063 0.155532836914062
0.42974853515625 -0.2772216796875 -0.187103271484375 0.075347900390625
0.504730224609375 -0.145233154296875 -0.051971435546875 -0.170745849609375
0.394927978515625 -0.217681884765625 0.16021728515625 -0.105545043945313
0.20489501953125 -0.44384765625 0.189254760742188 -0.277374267578125
-0.0911865234375 -0.368988037109375 -0.000701904296874989 -0.322296142578125
-0.262664794921875 -0.214935302734375 -0.144256591796875 -0.215545654296875
-0.285247802734375 0.027191162109375 -0.181716918945313 -0.020904541015625
-0.226394653320313 0.171234130859375 -0.0911712646484375 0.0689544677734375
-0.238967895507813 0.168548583984375 0.00091934204101561 0.029205322265625
-0.2159423828125 0.221359252929688 0.0599479675292969 0.0247688293457031
-0.24639892578125 0.134292602539062 0.113815307617187 0.0570602416992188
-0.313201904296875 -0.011138916015625 0.110565185546875 0.101638793945313
-0.275314331054687 -0.21026611328125 0.02117919921875 0.200286865234375
0.00830078124999996 -0.420257568359375 -0.0988311767578125 0.2056884765625
0.2313232421875 -0.37225341796875 -0.189773559570312 0.105453491210937
0.4632568359375 -0.2451171875 -0.0432395935058593 0.0193824768066406
0.480682373046875 -0.058563232421875 0.131866455078125 -0.202789306640625
0.428955078125 -0.150054931640625 0.269195556640625 -0.136184692382812
0.272430419921875 -0.41326904296875 0.246261596679688 -0.2449951171875
-0.0435791015625 -0.38330078125 0.085052490234375 -0.286163330078125
-0.2462158203125 -0.240921020507813 -0.0434417724609375 -0.20770263671875
-0.293212890625 0.012664794921875 -0.0796966552734375 -0.0581436157226563
-0.230072021484375 0.165634155273437 -0.0106182098388672 -0.00983715057373046
-0.239410400390625 0.169586181640625 0.065582275390625 -0.0484390258789062
-0.218093872070312 0.226806640625 0.124687194824219 -0.0554885864257812
-0.246505737304688 0.144424438476562 0.186309814453125 -0.00323486328124999
-0.315948486328125 -0.00305175781249997 0.170974731445312 0.061798095703125
-0.267105102539063 -0.20428466796875 0.0800933837890625 0.176483154296875
0.026885986328125 -0.402923583984375 -0.051544189453125 0.193405151367187
0.24835205078125 -0.3245849609375 -0.130523681640625 0.0468978881835937
0.446685791015625 -0.171630859375 0.096282958984375 -0.032684326171875
0.36480712890625 0.032928466796875 0.294708251953125 -0.20794677734375
0.367340087890625 -0.054718017578125 0.3604736328125 -0.1492919921875
0.270904541015625 -0.29791259765625 0.276931762695313 -0.19720458984375
0.00119018554687502 -0.31158447265625 0.148544311523438 -0.233306884765625
-0.184783935546875 -0.210784912109375 0.0422821044921875 -0.181640625
-0.246566772460938 0.000839233398437522 0.0155258178710937 -0.0859375
-0.195602416992188 0.13580322265625 0.0626220703125 -0.08258056640625
-0.204437255859375 0.144805908203125 0.119392395019531 -0.11981201171875
-0.1927490234375 0.19696044921875 0.179855346679688 -0.130218505859375
-0.216690063476563 0.126220703125 0.247970581054688 -0.0574798583984375
-0.27947998046875 -0.00732421875000003 0.222900390625 0.0330963134765625
-0.220977783203125 -0.188446044921875 0.12640380859375 0.159561157226562
0.059326171875 -0.344268798828125 -0.0181427001953125 0.182235717773438
0.25286865234375 -0.2344970703125 -0.0755767822265625 -0.00363922119140627
0.379913330078125 -0.069305419921875 0.221923828125 -0.06298828125
0.184371948242188 0.11224365234375 0.397430419921875 -0.19927978515625
0.230621337890625 0.0390167236328125 0.410675048828125 -0.157684326171875
0.201522827148438 -0.140594482421875 0.28131103515625 -0.1568603515625
0.02825927734375 -0.182388305664063 0.181838989257812 -0.191329956054687
-0.100212097167969 -0.135940551757812 0.0958404541015625 -0.156967163085938
-0.158065795898438 -0.00444030761718751 0.080230712890625 -0.109291076660156
-0.128456115722656 0.0878448486328125 0.113517761230469 -0.140533447265625
-0.137229919433594 0.0991439819335938 0.155670166015625 -0.173095703125
-0.140884399414062 0.136566162109375 0.222152709960938 -0.18829345703125
-0.160430908203125 0.0887603759765625 0.297821044921875 -0.0938720703125
-0.207672119140625 -0.0150604248046875 0.264633178710938 0.02337646484375
-0.150802612304687 -0.153045654296875 0.1622314453125 0.15655517578125
0.0847930908203125 -0.24884033203125 0.000488281250000007 0.180694580078125
0.229278564453125 -0.118179321289063 -0.024139404296875 -0.0304965972900391
0.262908935546875 0.0430755615234375 0.321044921875 -0.060882568359375
-0.0791854858398438 -0.119094848632812 -0.34759521484375 0.1002197265625
-0.122932434082031 0.0244903564453125 -0.0169601440429688 0.0528984069824219
-0.0414886474609375 0.103652954101563 0.00488281249999999 -0.182037353515625
0.0571823120117188 0.0850830078125 -0.183914184570312 -0.20587158203125
0.0956497192382813 0.0172348022460938 -0.2855224609375 -0.059783935546875
0.0735855102539063 -0.0549087524414063 -0.310394287109375 0.110626220703125
0.0384597778320313 -0.0486030578613281 -0.219818115234375 0.2327880859375
0.0407295227050781 -0.0332489013671875 -0.158615112304687 0.207199096679688
0.0453643798828125 -0.0268936157226563 -0.119522094726562 0.179763793945313
0.0387382507324219 0.00364303588867188 -0.115005493164063 0.144821166992187
0.00902557373046876 0.03912353515625 -0.108596801757812 0.158493041992188
-0.062896728515625 0.0464019775390625 -0.175735473632813 0.183441162109375
-0.0965805053710937 -0.04217529296875 -0.295196533203125 0.13970947265625
-0.0633163452148437 -0.133171081542969 -0.39019775390625 0.181854248046875
-0.0109710693359375 -0.184112548828125 -0.428131103515625 0.187744140625
0.093017578125 -0.196380615234375 -0.3636474609375 0.04949951171875
-0.0210418701171875 -0.0900726318359375 -0.0286331176757812 0.0353622436523438
-0.0359535217285156 -0.0480537414550781 0.0171966552734375 -0.210479736328125
-0.0199527740478516 -0.00844001770019531 -0.179061889648437 -0.239364624023438
-0.0158023834228516 -0.0112695693969727 -0.2969970703125 -0.091339111328125
-0.0192184448242188 -0.0067596435546875 -0.320098876953125 0.10272216796875
-0.0328083038330078 0.0326023101806641 -0.218963623046875 0.231414794921875
-0.0452156066894531 0.0349769592285156 -0.146041870117188 0.198883056640625
-0.0393829345703125 0.0459556579589844 -0.103530883789063 0.179412841796875
-0.0598297119140625 0.0251960754394531 -0.0894012451171875 0.151763916015625
-0.0890655517578125 -0.0101318359375 -0.0790557861328125 0.160995483398438
-0.11322021484375 -0.0711135864257812 -0.152191162109375 0.199417114257812
-0.026031494140625 -0.181182861328125 -0.260223388671875 0.164566040039063
0.0631103515625 -0.224365234375 -0.35552978515625 0.19342041015625
0.171432495117188 -0.238250732421875 -0.3887939453125 0.1678466796875
0.266311645507813 -0.23272705078125 -0.319183349609375 -0.019775390625
0.115005493164063 -0.185806274414063 -0.00506973266601562 -0.00434398651123048
0.00326538085937502 -0.216156005859375 0.0486602783203125 -0.244827270507813
-0.0855941772460937 -0.130729675292969 -0.152587890625 -0.278289794921875
-0.130027770996094 -0.0618972778320312 -0.282470703125 -0.13458251953125
-0.121414184570312 0.0283126831054688 -0.302581787109375 0.0751953125
-0.106163024902344 0.104072570800781 -0.194656372070313 0.20147705078125
-0.125411987304688 0.0998458862304687 -0.109939575195313 0.1619873046875
-0.11273193359375 0.121498107910156 -0.0601959228515625 0.14935302734375
-0.143310546875 0.0628662109375 -0.0325241088867188 0.139274597167969
-0.184173583984375 -0.0251617431640625 -0.0231781005859375 0.156219482421875
-0.179840087890625 -0.1485595703125 -0.10205078125 0.215087890625
-0.00296020507812498 -0.30010986328125 -0.20672607421875 0.192916870117187
0.141845703125 -0.30816650390625 -0.2998046875 0.190765380859375
0.31243896484375 -0.278167724609375 -0.2978515625 0.133148193359375
0.40478515625 -0.220672607421875 -0.211013793945312 -0.09429931640625
0.259963989257813 -0.237960815429688 0.0579071044921875 -0.0557441711425781
0.07958984375 -0.362213134765625 0.102203369140625 -0.27105712890625
-0.117340087890625 -0.25830078125 -0.0950622558593751 -0.3077392578125
-0.220077514648438 -0.130630493164062 -0.231338500976562 -0.177261352539063
-0.21295166015625 0.043975830078125 -0.252883911132813 0.033355712890625
-0.16961669921875 0.153533935546875 -0.14813232421875 0.143661499023438
-0.187713623046875 0.14892578125 -0.0589141845703125 0.100692749023438
-0.165374755859375 0.183792114257813 -0.00243377685546876 0.0929946899414063
-0.200225830078125 0.106582641601563 0.0397796630859375 0.103515625
-0.25860595703125 -0.0140380859375 0.0449752807617187 0.132705688476563
-0.24163818359375 -0.1820068359375 -0.0353851318359375 0.21441650390625
-0.00994873046875003 -0.377899169921875 -0.14447021484375 0.20623779296875
0.18157958984375 -0.362060546875 -0.236984252929687 0.162826538085937
0.398284912109375 -0.289337158203125 -0.175125122070313 0.0817108154296875
0.475128173828125 -0.1619873046875 -0.053863525390625 -0.155410766601563
0.370208740234375 -0.22723388671875 0.151641845703125 -0.103897094726563
0.171875 -0.436004638671875 0.165863037109375 -0.2708740234375
-0.105926513671875 -0.348358154296875 -0.014556884765625 -0.308624267578125
-0.262069702148438 -0.1915283203125 -0.14703369140625 -0.2001953125
-0.269729614257813 0.0391845703125001 -0.172134399414063 -0.0133514404296875
-0.207290649414063 0.174774169921875 -0.0819549560546875 0.0699386596679688
-0.221450805664063 0.176071166992188 0.000883102416992174 0.027099609375
-0.193008422851563 0.222824096679688 0.0591316223144531 0.0190162658691406
-0.227371215820313 0.140182495117188 0.112922668457031 0.0478515625
-0.298614501953125 0.00588989257812499 0.110557556152344 0.0931320190429688
-0.27447509765625 -0.186325073242188 0.03082275390625 0.194366455078125
-0.013946533203125 -0.40478515625 -0.0855712890625 0.201980590820312
0.201995849609375 -0.3670654296875 -0.177902221679688 0.112335205078125
0.433258056640625 -0.260040283203125 -0.0418281555175781 0.0209503173828125
0.45611572265625 -0.07879638671875 0.119277954101563 -0.194839477539063
0.404876708984375 -0.16436767578125 0.254379272460938 -0.138031005859375
0.2371826171875 -0.410247802734375 0.2218017578125 -0.241744995117188
-0.061126708984375 -0.362762451171875 0.06842041015625 -0.277359008789062
-0.247482299804687 -0.216644287109375 -0.0501861572265625 -0.19671630859375
-0.278427124023438 0.0263519287109375 -0.0752105712890625 -0.0533828735351562
-0.2109375 0.16937255859375 -0.0091829299926758 -0.00954723358154296
-0.221023559570312 0.175445556640625 0.0584526062011719 -0.0511245727539062
-0.19439697265625 0.229049682617188 0.115608215332031 -0.0620880126953125
-0.225936889648437 0.14996337890625 0.178619384765625 -0.014068603515625
-0.29962158203125 0.01446533203125 0.166748046875 0.0522003173828125
-0.2659912109375 -0.17987060546875 0.0860137939453125 0.16827392578125
0.00418090820312502 -0.388824462890625 -0.041290283203125 0.187240600585937
0.2210693359375 -0.32330322265625 -0.125198364257813 0.0530166625976562
0.418609619140625 -0.1893310546875 0.0888137817382813 -0.0360107421875
0.348968505859375 0.012847900390625 0.273284912109375 -0.208511352539063
0.34857177734375 -0.070281982421875 0.34014892578125 -0.156036376953125
0.24188232421875 -0.299285888671875 0.255645751953125 -0.197616577148438
-0.01495361328125 -0.295928955078125 0.132156372070313 -0.229354858398438
-0.187255859375 -0.190887451171875 0.032318115234375 -0.17535400390625
-0.234146118164063 0.0135955810546875 0.0139846801757812 -0.0842742919921875
-0.178115844726563 0.139724731445313 0.057220458984375 -0.084259033203125
-0.187408447265625 0.1500244140625 0.106124877929687 -0.12286376953125
-0.17095947265625 0.19873046875 0.16375732421875 -0.13616943359375
-0.198455810546875 0.131332397460938 0.23565673828125 -0.06903076171875
-0.264175415039063 0.00851440429687495 0.21441650390625 0.0226593017578125
-0.221817016601563 -0.166717529296875 0.128463745117188 0.148773193359375
0.036590576171875 -0.333648681640625 -0.00949096679687499 0.174880981445313
0.230148315429688 -0.237960815429688 -0.0750656127929687 0.00183868408203122
0.359527587890625 -0.087493896484375 0.206893920898438 -0.0705413818359375
0.180191040039062 0.0977325439453125 0.371429443359375 -0.20684814453125
0.221298217773438 0.025299072265625 0.386932373046875 -0.1663818359375
0.183197021484375 -0.144851684570313 0.2633056640625 -0.159423828125
0.01788330078125 -0.174575805664063 0.166290283203125 -0.190536499023437
-0.102462768554688 -0.12371826171875 0.0842437744140625 -0.154708862304688
-0.150283813476562 0.00465393066406253 0.0742950439453125 -0.109176635742188
-0.116477966308594 0.0898513793945313 0.102554321289062 -0.142684936523438
-0.125885009765625 0.101913452148437 0.137969970703125 -0.176239013671875
-0.124969482421875 0.138252258300781 0.20068359375 -0.193618774414063
-0.14666748046875 0.0926361083984375 0.280426025390625 -0.107330322265625
-0.196990966796875 -0.00160217285156246 0.2542724609375 0.0108184814453125
-0.151947021484375 -0.136505126953125 0.162200927734375 0.144119262695313
0.067108154296875 -0.243270874023437 0.00865173339843752 0.173141479492187
0.213211059570313 -0.125961303710938 -0.0283718109130859 -0.0262241363525391
0.252395629882813 0.0265655517578125 0.300537109375 -0.07354736328125
-0.0795135498046875 -0.110321044921875 -0.33172607421875 0.109954833984375
-0.118125915527344 0.028228759765625 -0.0125503540039063 0.0520515441894531
-0.0366134643554688 0.101295471191406 -0.000808715820312491 -0.1776123046875
0.0595855712890625 0.0788421630859375 -0.186325073242188 -0.195144653320312
0.0932998657226563 0.0110015869140625 -0.280242919921875 -0.0509643554687501
0.0664405822753906 -0.0563430786132813 -0.299652099609375 0.120635986328125
0.0331153869628906 -0.0471000671386719 -0.205490112304687 0.236892700195313
0.036468505859375 -0.0331192016601562 -0.145919799804688 0.211196899414063
0.0415153503417969 -0.0273399353027344 -0.10791015625 0.182052612304687
0.0356216430664063 0.00188827514648438 -0.108001708984375 0.147216796875
0.00882339477539063 0.0357398986816406 -0.100814819335938 0.159286499023438
-0.0583953857421875 0.0470695495605469 -0.163711547851563 0.18585205078125
-0.0927581787109375 -0.037750244140625 -0.28399658203125 0.1453857421875
-0.0655975341796875 -0.127784729003906 -0.37225341796875 0.18865966796875
-0.0177459716796875 -0.177200317382812 -0.41131591796875 0.195770263671875
0.0847625732421875 -0.192001342773438 -0.348114013671875 0.062957763671875
-0.0221633911132812 -0.087188720703125 -0.0236129760742187 0.036712646484375
-0.0369110107421875 -0.04718017578125 0.00958251953124999 -0.204788208007813
-0.0185794830322266 -0.00922393798828125 -0.1824951171875 -0.228561401367188
-0.015986442565918 -0.0114078521728516 -0.291595458984375 -0.0813598632812501
-0.0213756561279297 -0.00672340393066406 -0.308807373046875 0.1116943359375
-0.0320758819580078 0.0338554382324219 -0.203887939453125 0.234634399414063
-0.0446434020996094 0.0377044677734375 -0.134597778320313 0.202102661132812
-0.037628173828125 0.0470161437988281 -0.092681884765625 0.180282592773437
-0.0585479736328125 0.02581787109375 -0.082305908203125 0.152389526367187
-0.0880889892578125 -0.00811004638671877 -0.0720367431640625 0.16082763671875
-0.111808776855469 -0.065582275390625 -0.141098022460937 0.20208740234375
-0.029754638671875 -0.176467895507813 -0.24945068359375 0.169082641601563
0.0550079345703125 -0.219619750976562 -0.338409423828125 0.20013427734375
0.159591674804688 -0.237228393554688 -0.373626708984375 0.17578125
0.25140380859375 -0.2337646484375 -0.306732177734375 -0.00515747070312498
0.1077880859375 -0.1851806640625 -0.00152027606964111 -0.00208914279937745
-0.00538635253906251 -0.212478637695312 0.038482666015625 -0.238723754882813
-0.087188720703125 -0.125320434570313 -0.15716552734375 -0.2669677734375
-0.128997802734375 -0.0570907592773438 -0.278701782226563 -0.12384033203125
-0.117996215820313 0.031005859375 -0.292510986328125 0.082763671875
-0.100257873535156 0.105903625488281 -0.18109130859375 0.204208374023438
-0.119819641113281 0.104316711425781 -0.101959228515625 0.163360595703125
-0.105636596679688 0.122337341308594 -0.0524749755859375 0.148574829101563
-0.137939453125 0.0658493041992188 -0.0264663696289063 0.137687683105469
-0.181045532226563 -0.0189208984375 -0.01708984375 0.154129028320313
-0.180206298828125 -0.138885498046875 -0.0908355712890625 0.216827392578125
-0.012664794921875 -0.29449462890625 -0.196441650390625 0.195144653320313
0.129669189453125 -0.304931640625 -0.284576416015625 0.197052001953125
0.295501708984375 -0.282440185546875 -0.285919189453125 0.139678955078125
0.38702392578125 -0.225982666015625 -0.20477294921875 -0.0800323486328125
0.246856689453125 -0.242477416992187 0.0585250854492188 -0.0528106689453125
0.063079833984375 -0.35675048828125 0.0896759033203125 -0.264190673828125
-0.123580932617187 -0.248016357421875 -0.10125732421875 -0.296844482421875
-0.219589233398438 -0.119827270507813 -0.23052978515625 -0.165969848632813
-0.205490112304688 0.04888916015625 -0.2445068359375 0.0394744873046875
-0.15948486328125 0.15618896484375 -0.137466430664062 0.145355224609375
-0.178680419921875 0.154434204101563 -0.0538558959960938 0.101486206054688
-0.1541748046875 0.185653686523438 0.000541687011718734 0.0902328491210938
-0.191162109375 0.110610961914062 0.0428695678710937 0.0993194580078125
-0.251663208007813 -0.00508117675781253 0.048919677734375 0.129196166992188
-0.242645263671875 -0.168228149414063 -0.026458740234375 0.214248657226563
-0.023193359375 -0.370635986328125 -0.135574340820312 0.206787109375
0.166015625 -0.358673095703125 -0.225112915039063 0.167999267578125
0.37982177734375 -0.29705810546875 -0.169097900390625 0.08587646484375
0.45623779296875 -0.173370361328125 -0.054351806640625 -0.144622802734375
0.355377197265625 -0.236083984375 0.148117065429688 -0.102462768554688
0.148834228515625 -0.432037353515625 0.151412963867188 -0.265823364257813
-0.11529541015625 -0.335113525390625 -0.023895263671875 -0.299713134765625
-0.26324462890625 -0.177001953125 -0.148544311523438 -0.190689086914062
-0.26116943359375 0.047454833984375 -0.165740966796875 -0.00842285156250003
-0.1949462890625 0.178054809570312 -0.0760498046875 0.0702590942382813
-0.210037231445313 0.181838989257812 0.000892639160156236 0.0262317657470703
-0.178085327148438 0.224578857421875 0.0575752258300781 0.0155754089355469
-0.215240478515625 0.144012451171875 0.1121826171875 0.041778564453125
-0.28912353515625 0.01678466796875 0.111053466796875 0.0885543823242187
-0.274337768554688 -0.170761108398438 0.037322998046875 0.192718505859375
-0.0294189453125 -0.397308349609375 -0.0779571533203125 0.1993408203125
0.185394287109375 -0.36566162109375 -0.170761108398437 0.117080688476563
0.4146728515625 -0.271697998046875 -0.0409011840820312 0.0222396850585937
0.4398193359375 -0.09210205078125 0.112701416015625 -0.188720703125
0.39019775390625 -0.175689697265625 0.246414184570313 -0.138885498046875
0.21240234375 -0.40838623046875 0.207260131835938 -0.238967895507813
-0.072509765625 -0.35064697265625 0.0592498779296875 -0.271530151367188
-0.2489013671875 -0.201629638671875 -0.0548248291015625 -0.190505981445312
-0.269393920898438 0.0351104736328125 -0.072509765625 -0.0509872436523437
-0.197784423828125 0.172988891601563 -0.00819873809814454 -0.0102663040161133
-0.209762573242188 0.18182373046875 0.0543975830078125 -0.0527572631835937
-0.178176879882813 0.229843139648438 0.108856201171875 -0.0658721923828125
-0.212020874023437 0.153793334960938 0.174057006835938 -0.0219573974609375
-0.2890625 0.02569580078125 0.164138793945312 0.047119140625
-0.266128540039063 -0.16314697265625 0.0896453857421875 0.16461181640625
-0.012054443359375 -0.38116455078125 -0.0340728759765625 0.1844482421875
0.204986572265625 -0.323272705078125 -0.121528625488281 0.0576324462890625
0.401153564453125 -0.202178955078125 0.0831985473632813 -0.0370025634765625
0.339080810546875 0.001617431640625 0.262054443359375 -0.208053588867188
0.33697509765625 -0.081634521484375 0.328277587890625 -0.15924072265625
0.221954345703125 -0.300018310546875 0.242416381835938 -0.196868896484375
-0.02496337890625 -0.287322998046875 0.122650146484375 -0.227020263671875
-0.18951416015625 -0.178421020507812 0.0269927978515625 -0.172088623046875
-0.2265625 0.0218353271484375 0.0138397216796875 -0.084381103515625
-0.167282104492188 0.1424560546875 0.05291748046875 -0.0856246948242187
-0.17724609375 0.1546630859375 0.0969467163085937 -0.1251220703125
-0.1561279296875 0.200241088867187 0.15338134765625 -0.14111328125
-0.186111450195313 0.134979248046875 0.226165771484375 -0.0782318115234375
-0.25421142578125 0.0194854736328125 0.2083740234375 0.0161285400390625
-0.221420288085938 -0.151351928710938 0.130081176757813 0.143218994140625
0.021148681640625 -0.3275146484375 -0.00460815429687501 0.170974731445312
0.215057373046875 -0.24072265625 -0.0755462646484375 0.00647735595703125
0.346466064453125 -0.10015869140625 0.196090698242188 -0.0752410888671875
0.177978515625 0.088653564453125 0.3563232421875 -0.208984375
0.215316772460938 0.016754150390625 0.372344970703125 -0.17181396484375
0.169937133789063 -0.147735595703125 0.252487182617188 -0.16094970703125
0.011962890625 -0.168624877929687 0.157394409179687 -0.189987182617187
-0.104598999023438 -0.116104125976563 0.077484130859375 -0.153335571289063
-0.145736694335937 0.0104217529296875 0.071746826171875 -0.110450744628906
-0.108955383300781 0.0920867919921875 0.0941009521484375 -0.14483642578125
-0.118247985839844 0.105270385742187 0.125732421875 -0.17840576171875
-0.113975524902344 0.140228271484375 0.1865234375 -0.198654174804688
-0.137367248535156 0.0948638916015625 0.268890380859375 -0.116897583007813
-0.189651489257813 0.00627136230468754 0.247314453125 0.0030059814453125
-0.15252685546875 -0.12481689453125 0.162429809570313 0.136550903320313
0.05401611328125 -0.239501953125 0.0131378173828125 0.16766357421875
0.201736450195313 -0.13128662109375 -0.0318164825439453 -0.0227165222167969
0.245758056640625 0.0140380859375 0.285888671875 -0.080596923828125
-0.0811080932617188 -0.103973388671875 -0.321746826171875 0.122589111328125
-0.115188598632813 0.032928466796875 -0.00813293457031251 0.0524711608886719
-0.0326385498046875 0.101104736328125 -0.00708007812499998 -0.176727294921875
0.0633163452148438 0.0742950439453125 -0.192764282226562 -0.18743896484375
0.0922775268554688 0.00511932373046875 -0.280990600585938 -0.0416412353515625
0.0602531433105469 -0.0583000183105469 -0.294647216796875 0.13250732421875
0.0295143127441406 -0.0461769104003906 -0.193359375 0.245849609375
0.0339565277099609 -0.0326023101806641 -0.134765625 0.219024658203125
0.0386238098144531 -0.0278587341308594 -0.0980987548828125 0.187591552734375
0.0333023071289063 -0.000642776489257813 -0.10198974609375 0.15252685546875
0.00852012634277344 0.0335140228271484 -0.0950927734375 0.163955688476563
-0.0548744201660156 0.0478019714355469 -0.15509033203125 0.192108154296875
-0.0911026000976563 -0.0343093872070312 -0.277587890625 0.155014038085938
-0.069183349609375 -0.124618530273437 -0.362060546875 0.199981689453125
-0.0254058837890625 -0.174057006835937 -0.402801513671875 0.209503173828125
0.0782928466796875 -0.19140625 -0.33917236328125 0.077484130859375
-0.0239181518554688 -0.0864715576171875 -0.0186729431152344 0.0385665893554687
-0.0393333435058594 -0.0469398498535156 0.00271606445312502 -0.203277587890625
-0.0184726715087891 -0.0100669860839844 -0.18994140625 -0.220489501953125
-0.0170211791992188 -0.0121679306030273 -0.29412841796875 -0.07159423828125
-0.0239391326904297 -0.00520896911621094 -0.30364990234375 0.1231689453125
-0.0317726135253906 0.0363731384277344 -0.192306518554688 0.244369506835937
-0.0443572998046875 0.0414543151855469 -0.124053955078125 0.209030151367188
-0.0366744995117188 0.0489463806152344 -0.083343505859375 0.18499755859375
-0.0591888427734375 0.0271682739257813 -0.0755767822265625 0.15667724609375
-0.0894393920898438 -0.0062103271484375 -0.065582275390625 0.1641845703125
-0.113067626953125 -0.062347412109375 -0.130996704101563 0.208969116210938
-0.03466796875 -0.175872802734375 -0.24212646484375 0.178192138671875
0.0473175048828125 -0.2208251953125 -0.327880859375 0.211669921875
0.14849853515625 -0.24163818359375 -0.365325927734375 0.188812255859375
0.241897583007813 -0.2406005859375 -0.3006591796875 0.00885009765624999
0.101654052734375 -0.190078735351563 0.00178253650665284 0.000597357749938953
-0.01507568359375 -0.2119140625 0.0295867919921875 -0.23638916015625
-0.0909957885742188 -0.121673583984375 -0.16656494140625 -0.26007080078125
-0.131210327148438 -0.051605224609375 -0.282318115234375 -0.11480712890625
-0.117393493652344 0.035491943359375 -0.287567138671875 0.0929260253906249
-0.09600830078125 0.11041259765625 -0.170318603515625 0.211395263671875
-0.115913391113281 0.111434936523438 -0.0942535400390625 0.169540405273438
-0.0997314453125 0.126953125 -0.045623779296875 0.1517333984375
-0.135322570800781 0.0701141357421875 -0.020782470703125 0.139350891113281
-0.181350708007813 -0.01312255859375 -0.0109405517578125 0.155853271484375
-0.185592651367188 -0.13116455078125 -0.0810394287109375 0.223403930664063
-0.0240478515625 -0.2950439453125 -0.189071655273438 0.202041625976563
0.11865234375 -0.307952880859375 -0.275131225585938 0.207595825195312
0.283416748046875 -0.2930908203125 -0.279159545898438 0.150650024414063
0.376007080078125 -0.2384033203125 -0.201828002929687 -0.0684814453125
0.237823486328125 -0.251678466796875 0.06011962890625 -0.051483154296875
0.04632568359375 -0.358734130859375 0.078826904296875 -0.263168334960938
-0.132186889648437 -0.241485595703125 -0.11163330078125 -0.29180908203125
-0.2244873046875 -0.110183715820313 -0.234573364257812 -0.157821655273438
-0.203048706054688 0.0567474365234375 -0.240570068359375 0.047119140625
-0.15167236328125 0.162216186523438 -0.129135131835938 0.1502685546875
-0.171722412109375 0.164764404296875 -0.0505752563476563 0.104385375976563
-0.144454956054688 0.191635131835938 0.00406646728515624 0.090606689453125
-0.1854248046875 0.116775512695313 0.0470733642578125 0.0977554321289063
-0.250656127929687 0.00566101074218753 0.0533599853515625 0.128021240234375
-0.248626708984375 -0.157577514648438 -0.01629638671875 0.218795776367188
-0.0400390625 -0.370025634765625 -0.1282958984375 0.211868286132812
0.15228271484375 -0.36395263671875 -0.21722412109375 0.177566528320312
0.36749267578125 -0.314300537109375 -0.165679931640625 0.0925140380859375
0.4471435546875 -0.18927001953125 -0.0552291870117187 -0.138191223144531
0.345245361328125 -0.249969482421875 0.14715576171875 -0.103759765625
0.128509521484375 -0.436279296875 0.140213012695313 -0.266357421875
-0.12811279296875 -0.328826904296875 -0.03399658203125 -0.29718017578125
-0.270751953125 -0.164321899414062 -0.155410766601563 -0.184860229492187
-0.257843017578125 0.0571441650390625 -0.163925170898438 -0.00398254394531251
-0.185440063476563 0.185134887695312 -0.071868896484375 0.07257080078125
-0.201324462890625 0.192489624023438 0.0012683868408203 0.0259170532226563
-0.166290283203125 0.230743408203125 0.0569419860839844 0.0124130249023438
-0.20648193359375 0.150787353515625 0.113945007324219 0.036224365234375
-0.28564453125 0.02923583984375 0.11334228515625 0.0851516723632813
-0.280258178710938 -0.157516479492188 0.0458984375 0.19482421875
-0.048370361328125 -0.395416259765625 -0.0708160400390625 0.202774047851562
0.17041015625 -0.37237548828125 -0.165359497070313 0.12506103515625
0.4007568359375 -0.289337158203125 -0.0414581298828125 0.0243415832519531
0.433074951171875 -0.10968017578125 0.108673095703125 -0.187973022460938
0.381195068359375 -0.191558837890625 0.242630004882813 -0.143386840820313
0.1923828125 -0.415069580078125 0.197494506835937 -0.240814208984375
-0.08563232421875 -0.344757080078125 0.0493011474609375 -0.272064208984375
-0.257095336914063 -0.189041137695313 -0.0606231689453125 -0.1881103515625
-0.265960693359375 0.045684814453125 -0.071319580078125 -0.0504379272460938
-0.188064575195313 0.179702758789063 -0.00699138641357423 -0.0116662979125976
-0.200836181640625 0.192672729492187 0.0499114990234375 -0.0558013916015625
-0.165695190429688 0.236175537109375 0.1043701171875 -0.0717620849609375
-0.202865600585938 0.159912109375 0.172286987304688 -0.0303955078125
-0.28436279296875 0.038726806640625 0.164901733398437 0.0417327880859375
-0.271087646484375 -0.149810791015625 0.0963287353515625 0.164382934570313
-0.030792236328125 -0.37982177734375 -0.0291748046875 0.185134887695312
0.18963623046875 -0.330902099609375 -0.120597839355469 0.0646286010742187
0.391021728515625 -0.21917724609375 0.0787506103515625 -0.039276123046875
0.336273193359375 -0.0123291015625 0.255325317382812 -0.212310791015625
0.331634521484375 -0.0950927734375 0.321990966796875 -0.167633056640625
0.205657958984375 -0.307586669921875 0.234939575195313 -0.200897216796875
-0.03564453125 -0.2830810546875 0.114852905273438 -0.230056762695313
-0.196456909179687 -0.1688232421875 0.0215606689453125 -0.172210693359375
-0.224090576171875 0.0313720703125 0.0132598876953125 -0.0869979858398438
-0.158401489257813 0.147720336914062 0.0496749877929687 -0.0893478393554687
-0.169662475585938 0.163818359375 0.0893707275390625 -0.130050659179688
-0.1453857421875 0.20574951171875 0.144134521484375 -0.14886474609375
-0.1771240234375 0.140304565429687 0.221572875976562 -0.0894622802734375
-0.249862670898438 0.0309753417968751 0.207870483398438 0.0091705322265625
-0.225875854492188 -0.139022827148437 0.134819030761719 0.140518188476563
0.00433349609375003 -0.32684326171875 0.000442504882812507 0.170425415039062
0.2034912109375 -0.249679565429687 -0.0773391723632812 0.0111160278320312
0.33868408203125 -0.11541748046875 0.188400268554688 -0.0814208984375
0.179107666015625 0.081451416015625 0.348419189453125 -0.219573974609375
0.21380615234375 0.0066986083984375 0.364776611328125 -0.183441162109375
0.161148071289063 -0.154266357421875 0.246795654296875 -0.16717529296875
0.00506591796875002 -0.166763305664063 0.150146484375 -0.195220947265625
-0.108833312988281 -0.110343933105469 0.072906494140625 -0.155517578125
-0.143905639648438 0.018402099609375 0.0694427490234375 -0.115333557128906
-0.103065490722656 0.09564208984375 0.08636474609375 -0.150466918945313
-0.112266540527344 0.111038208007813 0.11541748046875 -0.183441162109375
-0.106216430664063 0.143508911132813 0.17498779296875 -0.20751953125
-0.130630493164062 0.0999298095703125 0.261489868164063 -0.129180908203125
-0.185714721679688 0.0157470703125 0.245529174804688 -0.0045928955078125
-0.156036376953125 -0.1153564453125 0.166168212890625 0.13079833984375
0.04052734375 -0.240097045898437 0.0189208984375 0.166397094726563
0.193527221679688 -0.140548706054687 -0.0361442565917969 -0.0197334289550781
0.243118286132813 0.0030517578125 0.277542114257813 -0.089752197265625
-0.0838546752929688 -0.0975112915039062 -0.3111572265625 0.141357421875
-0.112045288085938 0.0397720336914062 -0.00231170654296875 0.0531005859375
-0.0267410278320312 0.102737426757812 -0.01593017578125 -0.176223754882813
0.0680313110351562 0.0675888061523438 -0.20281982421875 -0.175582885742187
0.09112548828125 -0.00185394287109375 -0.284393310546875 -0.02606201171875
0.0542793273925781 -0.0599899291992188 -0.2874755859375 0.151123046875
0.0253715515136719 -0.0460700988769531 -0.176727294921875 0.258941650390625
0.0309696197509766 -0.0335750579833984 -0.118728637695312 0.229690551757813
0.0357322692871094 -0.029327392578125 -0.0845184326171875 0.195404052734375
0.0309982299804688 -0.0027313232421875 -0.093963623046875 0.1602783203125
0.00897979736328125 0.0319728851318359 -0.0854644775390625 0.170700073242188
-0.0508308410644531 0.0499839782714844 -0.142974853515625 0.200454711914063
-0.0906219482421875 -0.029876708984375 -0.26715087890625 0.169647216796875
-0.0762405395507813 -0.120147705078125 -0.3492431640625 0.21722412109375
-0.035919189453125 -0.170242309570313 -0.38958740234375 0.23114013671875
0.0692138671875 -0.194580078125 -0.3299560546875 0.097381591796875
-0.0279388427734375 -0.08502197265625 -0.0125732421875 0.0406074523925781
-0.0429916381835938 -0.0444564819335937 -0.00785827636718752 -0.201553344726563
-0.0184440612792969 -0.0106525421142578 -0.201904296875 -0.209686279296875
-0.0192050933837891 -0.0121364593505859 -0.29852294921875 -0.056671142578125
-0.0256576538085938 -0.0034332275390625 -0.29669189453125 0.1416015625
-0.0299606323242188 0.0395317077636719 -0.175537109375 0.25665283203125
-0.0424690246582031 0.0464324951171875 -0.109786987304687 0.2196044921875
-0.0345649719238281 0.051971435546875 -0.070068359375 0.192047119140625
-0.0591583251953125 0.0298614501953125 -0.0663299560546875 0.162628173828125
-0.0916366577148438 -0.00218963623046876 -0.0562591552734375 0.169586181640625
-0.116493225097656 -0.0559539794921875 -0.117630004882812 0.217758178710938
-0.0437469482421875 -0.175338745117188 -0.231689453125 0.19091796875
0.0357666015625 -0.223098754882813 -0.313812255859375 0.227996826171875
0.134994506835938 -0.249465942382813 -0.3536376953125 0.2093505859375
0.229507446289063 -0.25201416015625 -0.29443359375 0.028472900390625
0.09161376953125 -0.196609497070313 0.00659418106079102 0.00255298614501952
-0.029296875 -0.211334228515625 0.01763916015625 -0.235305786132813
-0.0975723266601563 -0.117904663085937 -0.180221557617187 -0.249893188476563
-0.135574340820313 -0.043792724609375 -0.288818359375 -0.100067138671875
-0.116157531738281 0.0425491333007813 -0.28192138671875 0.11004638671875
-0.0891799926757813 0.116226196289063 -0.155685424804688 0.221160888671875
-0.109909057617188 0.121688842773437 -0.0827789306640625 0.1767578125
-0.0922775268554687 0.133613586425781 -0.0354766845703125 0.155914306640625
-0.131576538085938 0.0772628784179688 -0.0120697021484375 0.141357421875
-0.183395385742188 -0.0026702880859375 -0.0021820068359375 0.157669067382813
-0.193130493164062 -0.12060546875 -0.0659637451171875 0.23114013671875
-0.0418701171875 -0.295318603515625 -0.178207397460938 0.213134765625
0.10125732421875 -0.315216064453125 -0.262466430664063 0.222152709960937
0.265960693359375 -0.311004638671875 -0.27032470703125 0.166519165039063
0.36370849609375 -0.25897216796875 -0.200469970703125 -0.05322265625
0.224090576171875 -0.26690673828125 0.0616340637207031 -0.0518455505371094
0.0223388671875 -0.361358642578125 0.0645751953125 -0.263504028320313
-0.146224975585938 -0.234603881835937 -0.127593994140625 -0.28533935546875
-0.232162475585938 -0.0958251953125001 -0.243759155273437 -0.146484375
-0.199951171875 0.069091796875 -0.237258911132813 0.0601501464843751
-0.141189575195313 0.171554565429688 -0.118377685546875 0.157791137695313
-0.162399291992187 0.178695678710938 -0.0441436767578125 0.108604431152344
-0.132110595703125 0.200927734375 0.00965118408203124 0.0911407470703125
-0.177886962890625 0.127410888671875 0.053009033203125 0.0942153930664063
-0.250198364257813 0.0200653076171874 0.0606918334960937 0.126319885253906
-0.2586669921875 -0.1422119140625 -0.000976562500000029 0.223098754882813
-0.063201904296875 -0.36932373046875 -0.116729736328125 0.219894409179687
0.131439208984375 -0.373077392578125 -0.206512451171875 0.1898193359375
0.34869384765625 -0.335968017578125 -0.161087036132813 0.103164672851562
0.436553955078125 -0.213226318359375 -0.0581207275390625 -0.131179809570313
0.330902099609375 -0.27130126953125 0.14453125 -0.107833862304688
0.10089111328125 -0.444488525390625 0.125411987304688 -0.269546508789063
-0.14678955078125 -0.32000732421875 -0.05023193359375 -0.295013427734375
-0.281112670898438 -0.146286010742188 -0.165252685546875 -0.1781005859375
-0.254714965820313 0.0714111328125 -0.163009643554688 0.00311279296874998
-0.173004150390625 0.1953125 -0.0655670166015625 0.0752334594726563
-0.189208984375 0.208587646484375 0.00145912170410155 0.0262470245361328
-0.150787353515625 0.240997314453125 0.0564193725585938 0.00859832763671877
-0.196456909179687 0.16180419921875 0.115974426269531 0.0289840698242188
-0.282806396484375 0.04571533203125 0.11846923828125 0.0805282592773438
-0.28948974609375 -0.139404296875 0.059234619140625 0.195693969726563
-0.074737548828125 -0.393707275390625 -0.0610198974609375 0.207992553710937
0.148712158203125 -0.3818359375 -0.15887451171875 0.134811401367187
0.382476806640625 -0.3154296875 -0.0419082641601562 0.0276107788085937
0.4273681640625 -0.132415771484375 0.101425170898438 -0.189834594726562
0.369537353515625 -0.213714599609375 0.236785888671875 -0.154022216796875
0.16455078125 -0.425811767578125 0.184341430664063 -0.248138427734375
-0.105224609375 -0.338623046875 0.034423828125 -0.273681640625
-0.270294189453125 -0.173110961914062 -0.0704193115234375 -0.185028076171875
-0.262771606445313 0.061370849609375 -0.0722274780273438 -0.04913330078125
-0.175506591796875 0.190963745117188 -0.00672626495361329 -0.0128078460693359
-0.188125610351563 0.208023071289063 0.0437507629394531 -0.0587615966796875
-0.14923095703125 0.246002197265625 0.0983047485351562 -0.0787811279296875
-0.191452026367187 0.170669555664063 0.16986083984375 -0.0429229736328125
-0.279998779296875 0.0562286376953125 0.167144775390625 0.0336456298828125
-0.278366088867187 -0.131927490234375 0.106781005859375 0.161575317382813
-0.0574951171875 -0.377105712890625 -0.0200042724609375 0.188064575195313
0.169464111328125 -0.34234619140625 -0.118392944335938 0.0725479125976562
0.376495361328125 -0.2445068359375 0.0744476318359375 -0.042724609375
0.335479736328125 -0.030487060546875 0.245269775390625 -0.223358154296875
0.324798583984375 -0.11541748046875 0.31402587890625 -0.1817626953125
0.1844482421875 -0.319793701171875 0.224594116210938 -0.211074829101563
-0.05126953125 -0.2802734375 0.102340698242188 -0.236221313476563
-0.207855224609375 -0.155059814453125 0.0126190185546875 -0.17449951171875
-0.22174072265625 0.04510498046875 0.0104522705078125 -0.0910110473632813
-0.147140502929688 0.156646728515625 0.0440826416015625 -0.0943450927734375
-0.158294677734375 0.1766357421875 0.0781631469726563 -0.135841369628906
-0.130630493164063 0.214157104492188 0.13232421875 -0.15899658203125
-0.166854858398438 0.1495361328125 0.215316772460938 -0.104736328125
-0.244873046875 0.0462799072265625 0.20806884765625 -0.000961303710937497
-0.23272705078125 -0.123336791992187 0.143875122070312 0.135101318359375
-0.018218994140625 -0.326507568359375 0.00886535644531249 0.17059326171875
0.186782836914063 -0.2613525390625 -0.0792388916015625 0.0179519653320312
0.330078125 -0.13726806640625 0.182022094726563 -0.090850830078125
0.183746337890625 0.0706787109375 0.337371826171875 -0.23553466796875
0.212432861328125 -0.00616455078125 0.354400634765625 -0.200439453125
0.149444580078125 -0.163726806640625 0.23956298828125 -0.178817749023438
-0.004058837890625 -0.16632080078125 0.13995361328125 -0.204421997070313
-0.116325378417969 -0.101951599121094 0.065032958984375 -0.16021728515625
-0.14288330078125 0.0271148681640625 0.0641403198242187 -0.122894287109375
-0.0945358276367188 0.101463317871094 0.0764923095703125 -0.156631469726562
-0.104469299316406 0.119125366210937 0.100250244140625 -0.1923828125
-0.094970703125 0.1502685546875 0.158920288085938 -0.218963623046875
-0.123420715332031 0.106269836425781 0.252410888671875 -0.147308349609375
-0.182525634765625 0.02740478515625 0.244979858398438 -0.0179595947265625
-0.16204833984375 -0.103317260742188 0.173095703125 0.123184204101563
0.02294921875 -0.241729736328125 0.026824951171875 0.165176391601562
0.182815551757813 -0.152267456054688 -0.0401840209960937 -0.0156021118164063
0.240890502929688 -0.0119171142578125 0.269577026367188 -0.104385375976563
-0.0867385864257813 -0.0895309448242188 -0.292999267578125 0.160614013671875
-0.106346130371094 0.0476226806640625 0.00420379638671874 0.0526962280273438
-0.0182418823242187 0.102371215820313 -0.026275634765625 -0.17236328125
0.0717010498046875 0.0591506958007813 -0.211822509765625 -0.158447265625
0.0881805419921875 -0.0104141235351563 -0.28265380859375 -0.00674438476562504
0.0468559265136719 -0.0620994567871094 -0.271377563476563 0.171096801757813
0.0207099914550781 -0.0452499389648438 -0.15277099609375 0.26995849609375
0.0274105072021484 -0.0337562561035156 -0.09619140625 0.237075805664063
0.0319023132324219 -0.0310535430908203 -0.0662078857421875 0.200027465820313
0.0277214050292969 -0.00494766235351563 -0.0807342529296875 0.166946411132813
0.00954055786132813 0.0306739807128906 -0.0720977783203125 0.1751708984375
-0.04522705078125 0.0520896911621094 -0.124984741210938 0.207290649414063
-0.08941650390625 -0.0241775512695313 -0.250289916992188 0.184494018554688
-0.0835723876953125 -0.112396240234375 -0.3272705078125 0.235687255859375
-0.047210693359375 -0.162490844726562 -0.36614990234375 0.252593994140625
0.0563507080078125 -0.196197509765625 -0.313201904296875 0.119903564453125
-0.0324630737304688 -0.0819778442382813 -0.00519561767578125 0.0416793823242187
-0.0456390380859375 -0.0411796569824219 -0.0200653076171875 -0.196929931640625
-0.0185813903808594 -0.0111980438232422 -0.213455200195312 -0.192047119140625
-0.0207901000976562 -0.01055908203125 -0.298736572265625 -0.0350646972656249
-0.0276927947998047 -0.000709533691406248 -0.28265380859375 0.1612548828125
-0.0271415710449219 0.0423736572265625 -0.151504516601563 0.2662353515625
-0.0384521484375 0.0508689880371094 -0.08892822265625 0.22698974609375
-0.0308990478515625 0.0545425415039062 -0.0523529052734375 0.196090698242188
-0.0575141906738281 0.0335807800292969 -0.053314208984375 0.167098999023438
-0.091766357421875 0.00379180908203124 -0.04364013671875 0.172760009765625
-0.118385314941406 -0.0470733642578125 -0.0984039306640625 0.223678588867187
-0.0550689697265625 -0.17120361328125 -0.2144775390625 0.203826904296875
0.0191650390625 -0.222152709960938 -0.29156494140625 0.24591064453125
0.114501953125 -0.253890991210938 -0.33197021484375 0.23016357421875
0.209671020507813 -0.264923095703125 -0.28240966796875 0.050384521484375
0.076629638671875 -0.200790405273438 0.0115938186645508 0.00389194488525389
-0.04522705078125 -0.20599365234375 0.00248718261718748 -0.231292724609375
-0.104598999023438 -0.109672546386719 -0.195022583007813 -0.232864379882813
-0.137420654296875 -0.0329437255859375 -0.292572021484375 -0.079315185546875
-0.11181640625 0.0503387451171875 -0.270462036132813 0.128036499023438
-0.0786361694335937 0.121932983398438 -0.134689331054688 0.2294921875
-0.09857177734375 0.130729675292969 -0.066558837890625 0.182373046875
-0.0810546875 0.139663696289063 -0.0214080810546875 0.157485961914063
-0.124946594238281 0.0858306884765625 -0.0010833740234375 0.141006469726563
-0.181777954101562 0.0100250244140625 0.00918579101562497 0.157119750976562
-0.199371337890625 -0.104583740234375 -0.0457000732421875 0.234146118164063
-0.063140869140625 -0.28985595703125 -0.160476684570312 0.222732543945313
0.077850341796875 -0.317108154296875 -0.240982055664062 0.236663818359375
0.23828125 -0.3250732421875 -0.253982543945312 0.183380126953125
0.34051513671875 -0.279876708984375 -0.195068359375 -0.03631591796875
0.201370239257813 -0.280548095703125 0.0617179870605469 -0.0526008605957031
-0.00607299804687497 -0.357635498046875 0.0467071533203125 -0.260299682617188
-0.160720825195313 -0.220474243164063 -0.145767211914062 -0.271224975585938
-0.236465454101562 -0.07623291015625 -0.25079345703125 -0.127944946289063
-0.192306518554688 0.08251953125 -0.229660034179687 0.07501220703125
-0.12493896484375 0.179244995117188 -0.10235595703125 0.162445068359375
-0.145111083984375 0.19146728515625 -0.0348281860351563 0.111404418945313
-0.114059448242187 0.208297729492188 0.0167694091796875 0.09039306640625
-0.165771484375 0.1375732421875 0.0595321655273437 0.0889053344726563
-0.245132446289062 0.03851318359375 0.0694732666015625 0.121894836425781
-0.265380859375 -0.120864868164063 0.0182647705078125 0.222503662109375
-0.091766357421875 -0.361053466796875 -0.100570678710937 0.225784301757813
0.1026611328125 -0.377044677734375 -0.190475463867188 0.202239990234375
0.316253662109375 -0.35699462890625 -0.151290893554688 0.113357543945312
0.4154052734375 -0.241363525390625 -0.0616989135742188 -0.122001647949219
0.305908203125 -0.292144775390625 0.138671875 -0.113723754882813
0.062744140625 -0.4449462890625 0.105911254882813 -0.270111083984375
-0.167266845703125 -0.305511474609375 -0.07012939453125 -0.285247802734375
-0.288909912109375 -0.123077392578125 -0.174957275390625 -0.165176391601562
-0.244857788085938 0.0895385742187499 -0.158920288085938 0.012176513671875
-0.154983520507813 0.204376220703125 -0.0567398071289063 0.0771255493164063
-0.169403076171875 0.22296142578125 0.0025348663330078 0.0259876251220703
-0.128875732421875 0.249603271484375 0.0556144714355469 0.00489807128906252
-0.180755615234375 0.172897338867188 0.116172790527344 0.0185928344726563
-0.2735595703125 0.0664367675781251 0.123161315917969 0.0725479125976563
-0.295684814453125 -0.11474609375 0.07550048828125 0.191574096679688
-0.10546875 -0.383026123046875 -0.0463714599609375 0.209396362304687
0.11859130859375 -0.3865966796875 -0.14752197265625 0.145416259765625
0.351837158203125 -0.339508056640625 -0.0396003723144531 0.0312652587890625
0.411956787109375 -0.16156005859375 0.0909271240234376 -0.190277099609375
0.34710693359375 -0.238677978515625 0.225814819335938 -0.164474487304688
0.128814697265625 -0.432708740234375 0.164764404296875 -0.252685546875
-0.12841796875 -0.324981689453125 0.0148468017578125 -0.2711181640625
-0.279190063476563 -0.147979736328125 -0.08197021484375 -0.17852783203125
-0.2532958984375 0.080474853515625 -0.073760986328125 -0.0462265014648438
-0.157135009765625 0.199432373046875 -0.0070333480834961 -0.0141468048095703
-0.168136596679687 0.2220458984375 0.0377197265625 -0.0612945556640625
-0.126632690429687 0.253326416015625 0.0879592895507812 -0.0850830078125
-0.17523193359375 0.181167602539063 0.163192749023438 -0.0561981201171875
-0.268753051757813 0.0757293701171875 0.167098999023438 0.0232696533203125
-0.283416748046875 -0.10784912109375 0.1195068359375 0.154159545898438
-0.08782958984375 -0.366668701171875 -0.00765991210937499 0.186676025390625
0.1405029296875 -0.349090576171875 -0.112091064453125 0.081329345703125
0.349212646484375 -0.2686767578125 0.0682830810546875 -0.0459175109863281
0.328277587890625 -0.054290771484375 0.2286376953125 -0.233779907226563
0.309906005859375 -0.137939453125 0.2978515625 -0.197784423828125
0.15435791015625 -0.32843017578125 0.2071533203125 -0.220260620117188
-0.07086181640625 -0.271163940429688 0.0843048095703125 -0.23931884765625
-0.216629028320313 -0.135574340820312 0.0005340576171875 -0.173370361328125
-0.213897705078125 0.061737060546875 0.00469207763671873 -0.0935516357421875
-0.13165283203125 0.164169311523438 0.0368118286132813 -0.0985107421875
-0.141311645507813 0.187774658203125 0.0641098022460937 -0.140174865722656
-0.110336303710938 0.22125244140625 0.115325927734375 -0.166976928710938
-0.15179443359375 0.158554077148438 0.202728271484375 -0.121017456054687
-0.235214233398437 0.0636138916015625 0.2054443359375 -0.01458740234375
-0.236587524414063 -0.102218627929688 0.152862548828125 0.124435424804688
-0.045379638671875 -0.31903076171875 0.0191650390625 0.167251586914062
0.162200927734375 -0.270645141601563 -0.078887939453125 0.0246353149414062
0.312164306640625 -0.16070556640625 0.169296264648438 -0.100509643554688
0.185455322265625 0.056732177734375 0.316436767578125 -0.252685546875
0.20709228515625 -0.02178955078125 0.3349609375 -0.21929931640625
0.13189697265625 -0.171981811523438 0.224365234375 -0.191177368164063
-0.0160369873046875 -0.1630859375 0.123779296875 -0.210479736328125
-0.122634887695313 -0.0897445678710938 0.053253173828125 -0.1630859375
-0.137214660644531 0.0376663208007812 0.0561981201171875 -0.128990173339844
-0.08331298828125 0.106025695800781 0.06268310546875 -0.162353515625
-0.0924072265625 0.125732421875 0.0807037353515625 -0.197616577148438
-0.0799560546875 0.154617309570312 0.13629150390625 -0.228439331054688
-0.112442016601563 0.112449645996094 0.235244750976562 -0.165603637695313
-0.175033569335937 0.0403900146484375 0.24066162109375 -0.0332489013671875
-0.165176391601563 -0.088470458984375 0.179824829101562 0.110488891601563
0.00263977050781249 -0.238662719726563 0.036376953125 0.160430908203125
0.16680908203125 -0.163314819335938 -0.04351806640625 -0.0100784301757813
0.23431396484375 -0.0295867919921875 0.253982543945313 -0.120162963867188
-0.0877151489257813 -0.0806350708007813 -0.267913818359375 0.172775268554688
-0.0978317260742188 0.0524826049804687 0.0102996826171875 0.0499420166015625
-0.00994873046875 0.0994873046875 -0.034759521484375 -0.164627075195313
0.072265625 0.0493087768554687 -0.213729858398438 -0.13909912109375
0.0820236206054688 -0.0166168212890625 -0.273361206054688 0.0118560791015625
0.0392723083496094 -0.0615386962890625 -0.249252319335938 0.183273315429687
0.0160408020019531 -0.0436325073242187 -0.126174926757813 0.271148681640625
0.0236759185791016 -0.0335826873779297 -0.0727691650390625 0.235397338867188
0.0268707275390625 -0.0313930511474609 -0.0476837158203125 0.197402954101563
0.0247955322265625 -0.00637245178222656 -0.066680908203125 0.16888427734375
0.00975990295410156 0.0278530120849609 -0.0580291748046875 0.174942016601563
-0.0389175415039063 0.0521163940429687 -0.106216430664062 0.207260131835938
-0.0867767333984375 -0.0187454223632813 -0.228469848632813 0.191558837890625
-0.0879440307617188 -0.101570129394531 -0.29705810546875 0.24664306640625
-0.055328369140625 -0.150344848632813 -0.33477783203125 0.26422119140625
0.042938232421875 -0.19268798828125 -0.28924560546875 0.13525390625
-0.0360870361328125 -0.0770645141601563 0.00116348266601562 0.0396919250488281
-0.0468292236328125 -0.0369491577148437 -0.030426025390625 -0.1884765625
-0.0192699432373047 -0.0112533569335938 -0.216629028320312 -0.170440673828125
-0.0219669342041016 -0.00918006896972657 -0.2908935546875 -0.0148620605468749
-0.0273075103759766 0.00167083740234375 -0.26068115234375 0.17486572265625
-0.0236740112304688 0.0438346862792969 -0.125213623046875 0.266815185546875
-0.0335540771484375 0.0536041259765625 -0.0661163330078125 0.225540161132813
-0.0265426635742188 0.0555686950683594 -0.0343475341796875 0.193359375
-0.0553245544433594 0.0363426208496094 -0.0399932861328125 0.1658935546875
-0.0896224975585938 0.00974273681640624 -0.0301513671875 0.170913696289063
-0.117149353027344 -0.0384521484375 -0.077789306640625 0.221588134765625
-0.0641326904296875 -0.162765502929688 -0.19287109375 0.20831298828125
0.00454711914062499 -0.214706420898438 -0.26373291015625 0.253021240234375
0.0932159423828125 -0.249862670898438 -0.303436279296875 0.241790771484375
0.184677124023437 -0.268798828125 -0.263412475585937 0.0670623779296875
0.060302734375 -0.199554443359375 0.0162286758422852 0.00372886657714842
-0.0588836669921875 -0.195068359375 -0.0101776123046875 -0.220596313476563
-0.107711791992187 -0.0997848510742188 -0.201980590820313 -0.211151123046875
-0.135360717773438 -0.0219573974609375 -0.28729248046875 -0.057952880859375
-0.104698181152344 0.0568313598632812 -0.25201416015625 0.141098022460938
-0.0673370361328125 0.123306274414063 -0.111602783203125 0.229537963867187
-0.0850677490234375 0.135604858398438 -0.049468994140625 0.180892944335938
-0.06805419921875 0.140823364257813 -0.0079498291015625 0.153961181640625
-0.115547180175781 0.0905532836914063 0.00884246826171875 0.136985778808594
-0.175384521484375 0.0218048095703125 0.01959228515625 0.152313232421875
-0.19927978515625 -0.0874786376953125 -0.0253143310546875 0.22918701171875
-0.0814971923828125 -0.275375366210938 -0.140090942382812 0.224273681640625
0.0543212890625 -0.310302734375 -0.216064453125 0.242782592773437
0.206878662109375 -0.32794189453125 -0.23114013671875 0.192825317382812
0.30877685546875 -0.293304443359375 -0.1844482421875 -0.0205230712890626
0.175445556640625 -0.28411865234375 0.0607986450195313 -0.0533828735351563
-0.0316162109375 -0.3436279296875 0.030487060546875 -0.249984741210938
-0.169189453125 -0.201431274414063 -0.156951904296875 -0.2503662109375
-0.233749389648437 -0.0561981201171875 -0.250946044921875 -0.108489990234375
-0.17901611328125 0.091766357421875 -0.215362548828125 0.0862884521484375
-0.1080322265625 0.180618286132813 -0.0863189697265625 0.162246704101563
-0.12506103515625 0.197036743164062 -0.0244369506835938 0.110374450683594
-0.0944061279296875 0.209060668945313 0.02337646484375 0.0866012573242188
-0.150772094726563 0.142486572265625 0.0634918212890625 0.0809707641601563
-0.232681274414062 0.053009033203125 0.07525634765625 0.114356994628906
-0.26422119140625 -0.09814453125 0.035247802734375 0.2152099609375
-0.11431884765625 -0.341339111328125 -0.082794189453125 0.224014282226562
0.07373046875 -0.36981201171875 -0.169662475585937 0.206756591796875
0.27874755859375 -0.364959716796875 -0.137870788574219 0.119140625
0.384552001953125 -0.26104736328125 -0.0615692138671875 -0.11138916015625
0.27374267578125 -0.302154541015625 0.130790710449219 -0.116012573242188
0.02783203125 -0.431610107421875 0.0858154296875 -0.262557983398438
-0.1812744140625 -0.2816162109375 -0.0855712890625 -0.268600463867188
-0.287017822265625 -0.0970458984374999 -0.180191040039063 -0.1480712890625
-0.22857666015625 0.102828979492188 -0.151702880859375 0.020538330078125
-0.133331298828125 0.206741333007812 -0.0484848022460938 0.075836181640625
-0.146011352539063 0.2294921875 0.00347900390624999 0.0259056091308594
-0.104248046875 0.249282836914062 0.0532951354980469 0.00162124633789064
-0.161178588867188 0.177474975585938 0.112823486328125 0.00925445556640626
-0.257720947265625 0.081878662109375 0.123878479003906 0.0631484985351563
-0.29150390625 -0.089599609375 0.088470458984375 0.181594848632813
-0.130340576171875 -0.360870361328125 -0.032440185546875 0.205047607421875
0.08624267578125 -0.379730224609375 -0.13336181640625 0.15008544921875
0.312774658203125 -0.351715087890625 -0.0371551513671875 0.0334434509277344
0.386932373046875 -0.182861328125 0.07928466796875 -0.186141967773438
0.3170166015625 -0.253631591796875 0.209915161132813 -0.170974731445313
0.09124755859375 -0.423126220703125 0.14495849609375 -0.25103759765625
-0.14453125 -0.303985595703125 -0.0028839111328125 -0.260482788085938
-0.278594970703125 -0.122467041015625 -0.0902862548828125 -0.168304443359375
-0.237533569335938 0.0947418212890625 -0.0736083984375 -0.0422897338867187
-0.136474609375 0.20098876953125 -0.00650405883789063 -0.0158529281616211
-0.143722534179688 0.227294921875 0.029754638671875 -0.0612144470214844
-0.101593017578125 0.253021240234375 0.0772628784179688 -0.0876693725585937
-0.15460205078125 0.184951782226562 0.15130615234375 -0.0667572021484375
-0.25146484375 0.0908355712890625 0.162139892578125 0.0128173828125
-0.278594970703125 -0.0832061767578125 0.127609252929688 0.14288330078125
-0.112060546875 -0.34619140625 0.00291442871093749 0.180130004882812
0.1104736328125 -0.345001220703125 -0.104774475097656 0.0872726440429687
0.317047119140625 -0.284210205078125 0.0616188049316406 -0.0472526550292969
0.312530517578125 -0.07501220703125 0.208343505859375 -0.2369384765625
0.287261962890625 -0.153594970703125 0.275863647460938 -0.207168579101562
0.122161865234375 -0.32586669921875 0.186737060546875 -0.222442626953125
-0.086181640625 -0.255584716796875 0.06494140625 -0.234176635742188
-0.2174072265625 -0.113906860351563 -0.01025390625 -0.16796875
-0.200119018554687 0.0741729736328125 -0.000946044921875007 -0.0944976806640625
-0.113754272460938 0.165496826171875 0.028167724609375 -0.0994720458984375
-0.119949340820312 0.192153930664063 0.049713134765625 -0.138832092285156
-0.08807373046875 0.219985961914063 0.096710205078125 -0.168365478515625
-0.133865356445313 0.16082763671875 0.184646606445313 -0.13153076171875
-0.2200927734375 0.077178955078125 0.197006225585938 -0.0260772705078125
-0.233428955078125 -0.08160400390625 0.156967163085938 0.11138916015625
-0.067718505859375 -0.302398681640625 0.02825927734375 0.15972900390625
0.135757446289063 -0.27093505859375 -0.0767898559570312 0.0314483642578125
0.287261962890625 -0.175079345703125 0.154388427734375 -0.105545043945313
0.182937622070313 0.04058837890625 0.288970947265625 -0.2607421875
0.196319580078125 -0.0348358154296875 0.3082275390625 -0.230224609375
0.111923217773438 -0.1746826171875 0.204864501953125 -0.1959228515625
-0.0261688232421875 -0.155349731445313 0.106033325195312 -0.210403442382813
-0.12396240234375 -0.0764617919921875 0.040985107421875 -0.162322998046875
-0.127922058105469 0.046417236328125 0.0452880859375 -0.130989074707031
-0.0711441040039063 0.106246948242188 0.048004150390625 -0.161972045898438
-0.078216552734375 0.127792358398438 0.0614013671875 -0.19464111328125
-0.064056396484375 0.154403686523437 0.111846923828125 -0.229751586914063
-0.0991897583007813 0.114677429199219 0.212539672851563 -0.176864624023438
-0.1636962890625 0.0509796142578125 0.22906494140625 -0.04718017578125
-0.163070678710937 -0.0723876953125 0.180938720703125 0.095855712890625
-0.0162811279296875 -0.228225708007813 0.043792724609375 0.1529541015625
0.14703369140625 -0.168304443359375 -0.0459938049316406 -0.00459671020507815
0.221710205078125 -0.044189453125 0.234451293945312 -0.130020141601563
-0.0857391357421875 -0.0736236572265625 -0.2451171875 0.174362182617187
-0.0893630981445313 0.0545883178710937 0.0150146484375 0.0457687377929688
-0.00468444824218751 0.0945510864257813 -0.0382080078125 -0.156402587890625
0.0696258544921875 0.0418319702148437 -0.208175659179687 -0.1234130859375
0.076080322265625 -0.019805908203125 -0.261016845703125 0.0222015380859375
0.0332870483398438 -0.0585861206054687 -0.229736328125 0.18780517578125
0.0131034851074219 -0.0405044555664063 -0.105010986328125 0.26470947265625
0.0207080841064453 -0.0319633483886719 -0.0549163818359375 0.228164672851562
0.0228195190429687 -0.0299263000488281 -0.034332275390625 0.1903076171875
0.0205783843994141 -0.00677680969238281 -0.05572509765625 0.166213989257813
0.00954246520996094 0.0261192321777344 -0.0474700927734375 0.170913696289063
-0.0335578918457031 0.0501060485839844 -0.0926055908203125 0.200286865234375
-0.082366943359375 -0.0148773193359375 -0.210372924804688 0.189346313476562
-0.0881423950195313 -0.0915603637695313 -0.271896362304688 0.243499755859375
-0.0579833984375 -0.138442993164062 -0.307586669921875 0.262939453125
0.033172607421875 -0.185226440429687 -0.265426635742188 0.139663696289062
-0.0366058349609375 -0.0716781616210938 0.00691604614257812 0.0371856689453125
-0.0463600158691406 -0.0329246520996094 -0.0345611572265625 -0.177047729492188
-0.0195369720458984 -0.0115566253662109 -0.212844848632812 -0.153610229492188
-0.0224342346191406 -0.00754928588867188 -0.278884887695313 -0.00260925292968745
-0.0269584655761719 0.00430488586425781 -0.240570068359375 0.178558349609375
-0.0206108093261719 0.0438575744628906 -0.105178833007813 0.260269165039063
-0.0291671752929688 0.0545272827148438 -0.0497283935546875 0.218063354492188
-0.0234184265136719 0.0551109313964844 -0.0218353271484375 0.1859130859375
-0.0526771545410156 0.0373687744140625 -0.0301055908203125 0.161605834960937
-0.0867080688476562 0.0128936767578125 -0.0216522216796875 0.165802001953125
-0.112586975097656 -0.0316848754882813 -0.063507080078125 0.21484375
-0.0692901611328125 -0.153182983398438 -0.176132202148437 0.204910278320313
-0.00485229492187499 -0.20318603515625 -0.239486694335937 0.25091552734375
0.0783538818359375 -0.240570068359375 -0.278167724609375 0.240371704101563
0.164703369140625 -0.26470947265625 -0.2423095703125 0.07501220703125
0.0490875244140625 -0.192459106445313 0.020782470703125 0.00251007080078124
-0.06524658203125 -0.183242797851563 -0.016021728515625 -0.20831298828125
-0.10693359375 -0.0913009643554688 -0.200057983398438 -0.192657470703125
-0.130477905273438 -0.0139312744140625 -0.277389526367188 -0.04364013671875
-0.0976715087890625 0.0590972900390625 -0.234146118164063 0.145584106445313
-0.05841064453125 0.120628356933594 -0.0939178466796875 0.223434448242188
-0.07318115234375 0.134895324707031 -0.035797119140625 0.175155639648438
-0.0582656860351563 0.138481140136719 0.00132751464843749 0.148223876953125
-0.107002258300781 0.0915985107421875 0.0150375366210937 0.130653381347656
-0.167404174804688 0.0284576416015625 0.0256500244140625 0.146087646484375
-0.193893432617187 -0.07373046875 -0.012176513671875 0.220260620117188
-0.091888427734375 -0.259811401367188 -0.125244140625 0.218902587890625
0.038055419921875 -0.297882080078125 -0.195205688476563 0.239334106445312
0.18206787109375 -0.319854736328125 -0.212051391601562 0.192489624023438
0.2813720703125 -0.293121337890625 -0.172103881835937 -0.0115966796875
0.154190063476563 -0.27862548828125 0.0607643127441406 -0.0524749755859375
-0.04730224609375 -0.324981689453125 0.0208282470703125 -0.237503051757813
-0.17034912109375 -0.184783935546875 -0.158248901367187 -0.230758666992188
-0.225387573242188 -0.0418548583984375 -0.24481201171875 -0.09356689453125
-0.16650390625 0.0957489013671875 -0.202072143554688 0.0906982421875
-0.0939483642578125 0.176055908203125 -0.0728302001953125 0.157012939453125
-0.108444213867188 0.19610595703125 -0.0171966552734375 0.107185363769531
-0.0789031982421875 0.204376220703125 0.0273056030273437 0.0822830200195313
-0.137603759765625 0.142318725585938 0.0640716552734375 0.0750961303710938
-0.220779418945313 0.060760498046875 0.0770797729492187 0.107307434082031
-0.255722045898438 -0.0810089111328125 0.0460662841796875 0.204574584960938
-0.126861572265625 -0.320526123046875 -0.07061767578125 0.216842651367187
0.053955078125 -0.355224609375 -0.153335571289062 0.20391845703125
0.24951171875 -0.359527587890625 -0.125846862792969 0.1190185546875
0.354339599609375 -0.266021728515625 -0.058807373046875 -0.101966857910156
0.247802734375 -0.299896240234375 0.124336242675781 -0.115013122558594
0.00366210937499999 -0.41131591796875 0.07421875 -0.251388549804688
-0.184524536132812 -0.260177612304688 -0.09149169921875 -0.250701904296875
-0.278045654296875 -0.0779876708984375 -0.178054809570313 -0.1353759765625
-0.212860107421875 0.1080322265625 -0.14422607421875 0.0240936279296875
-0.116928100585938 0.201904296875 -0.0413742065429687 0.0719985961914063
-0.12518310546875 0.227218627929688 0.00508117675781249 0.0245475769042969
-0.0860137939453125 0.242416381835937 0.0508956909179687 6.48498535156398E-05
-0.145217895507813 0.175430297851563 0.10687255859375 0.00268554687500001
-0.241226196289062 0.0897216796875 0.122047424316406 0.0566329956054688
-0.281524658203125 -0.071319580078125 0.0954437255859375 0.169769287109375
-0.14288330078125 -0.336822509765625 -0.023468017578125 0.19769287109375
0.065704345703125 -0.365631103515625 -0.121475219726563 0.15008544921875
0.2811279296875 -0.34759521484375 -0.0343685150146484 0.0339221954345703
0.360076904296875 -0.192291259765625 0.0723724365234375 -0.179153442382813
0.289947509765625 -0.256072998046875 0.196578979492188 -0.169464111328125
0.064422607421875 -0.406829833984375 0.129745483398438 -0.241592407226563
-0.150726318359375 -0.2822265625 -0.012420654296875 -0.245758056640625
-0.271392822265625 -0.101394653320312 -0.0930023193359375 -0.157363891601563
-0.220932006835938 0.100631713867188 -0.072723388671875 -0.04022216796875
-0.1202392578125 0.196365356445312 -0.00683975219726563 -0.0176639556884765
-0.123672485351563 0.225555419921875 0.0247573852539062 -0.0593986511230469
-0.0821685791015625 0.246337890625 0.0683135986328125 -0.0863723754882813
-0.137588500976563 0.18109130859375 0.140609741210938 -0.0716552734375
-0.233673095703125 0.0980377197265625 0.15625 0.00643920898437501
-0.26849365234375 -0.0660400390625 0.130668640136719 0.132087707519531
-0.12493896484375 -0.32281494140625 0.00973510742187498 0.172561645507812
0.088623046875 -0.3323974609375 -0.0975799560546875 0.0889358520507812
0.287109375 -0.28387451171875 0.0555076599121094 -0.0464401245117188
0.294891357421875 -0.086273193359375 0.191421508789063 -0.232376098632813
0.265701293945312 -0.159469604492188 0.255905151367188 -0.206695556640625
0.099395751953125 -0.314910888671875 0.170074462890625 -0.216567993164063
-0.093719482421875 -0.2392578125 0.0533294677734375 -0.223983764648438
-0.212387084960938 -0.0966033935546875 -0.0164947509765625 -0.160614013671875
-0.186111450195313 0.0799560546875 -0.00512695312500002 -0.0932235717773438
-0.0993194580078125 0.161209106445312 0.021759033203125 -0.0987625122070312
-0.102798461914062 0.189300537109375 0.0391311645507813 -0.133583068847656
-0.0705413818359375 0.212615966796875 0.08172607421875 -0.164459228515625
-0.118453979492188 0.157638549804687 0.167404174804688 -0.13494873046875
-0.203750610351563 0.0831298828125 0.187652587890625 -0.0321807861328125
-0.223739624023438 -0.0659637451171875 0.155960083007813 0.10040283203125
-0.08050537109375 -0.282867431640625 0.031982421875 0.151535034179687
0.116104125976563 -0.263290405273438 -0.073638916015625 0.035186767578125
0.264724731445313 -0.179092407226563 0.140792846679688 -0.105361938476563
0.176177978515625 0.0299072265625 0.267837524414063 -0.259307861328125
0.18353271484375 -0.0417022705078125 0.284423828125 -0.231109619140625
0.0958099365234375 -0.16937255859375 0.187774658203125 -0.193740844726563
-0.0326690673828125 -0.14581298828125 0.09234619140625 -0.2037353515625
-0.1207275390625 -0.06549072265625 0.0326690673828125 -0.15673828125
-0.118499755859375 0.0506591796875 0.0375747680664062 -0.130279541015625
-0.0616302490234375 0.102210998535156 0.0372314453125 -0.15875244140625
-0.0661163330078125 0.125831604003906 0.0469207763671875 -0.187774658203125
-0.0508575439453125 0.148345947265625 0.0923614501953125 -0.223388671875
-0.0883636474609375 0.1124267578125 0.1915283203125 -0.178436279296875
-0.15155029296875 0.0550689697265625 0.216781616210938 -0.0533447265625
-0.157363891601563 -0.0606842041015625 0.176986694335938 0.084686279296875
-0.0278472900390625 -0.214019775390625 0.04681396484375 0.143875122070313
0.13006591796875 -0.1663818359375 -0.0459671020507812 0.000816345214843744
0.207626342773438 -0.0518341064453125 0.21624755859375 -0.131240844726563
-0.0830154418945313 -0.0690078735351562 -0.230178833007813 0.172454833984375
-0.0833206176757812 0.0551300048828125 0.0171661376953125 0.0430374145507813
-0.00125122070312501 0.0904769897460938 -0.03851318359375 -0.150726318359375
0.0660629272460938 0.0373611450195313 -0.20263671875 -0.11480712890625
0.0718307495117188 -0.0213775634765625 -0.251968383789063 0.0263824462890625
0.0296592712402344 -0.0558280944824219 -0.217208862304687 0.186248779296875
0.0110969543457031 -0.0380401611328125 -0.09228515625 0.2581787109375
0.0184650421142578 -0.0302181243896484 -0.043792724609375 0.220977783203125
0.0195236206054688 -0.0285396575927734 -0.02716064453125 0.183914184570313
0.0175876617431641 -0.00568771362304688 -0.0493927001953125 0.163833618164063
0.00788497924804687 0.0246753692626953 -0.0417633056640625 0.1669921875
-0.0303230285644531 0.0479888916015625 -0.0855255126953125 0.194564819335938
-0.07891845703125 -0.013885498046875 -0.199600219726562 0.1849365234375
-0.08648681640625 -0.0844955444335937 -0.255828857421875 0.2376708984375
-0.0578536987304688 -0.130157470703125 -0.29071044921875 0.25604248046875
0.028228759765625 -0.1788330078125 -0.249069213867187 0.139144897460938
-0.0362281799316406 -0.0684967041015625 0.0107002258300781 0.0345172882080078
-0.0457611083984375 -0.0316810607910156 -0.0349578857421875 -0.170928955078125
-0.0203208923339844 -0.0124568939208984 -0.207626342773438 -0.14385986328125
-0.0224437713623047 -0.00660896301269531 -0.269790649414063 0.00332641601562505
-0.02679443359375 0.00499916076660156 -0.227920532226563 0.17803955078125
-0.01910400390625 0.0435066223144531 -0.09222412109375 0.253662109375
-0.0266342163085937 0.0550270080566406 -0.0394134521484375 0.211883544921875
-0.0219078063964844 0.0544776916503906 -0.0141754150390625 0.179519653320312
-0.0517616271972656 0.0380935668945312 -0.024749755859375 0.158172607421875
-0.0845794677734375 0.0146026611328125 -0.0174407958984375 0.162216186523438
-0.108993530273438 -0.0288925170898438 -0.0562744140625 0.207473754882813
-0.0705413818359375 -0.147354125976563 -0.166183471679688 0.199600219726563
-0.0086669921875 -0.194381713867187 -0.22418212890625 0.243927001953125
0.0713348388671875 -0.2315673828125 -0.262481689453125 0.234359741210938
0.152786254882813 -0.257614135742188 -0.2279052734375 0.07635498046875
0.0430908203125 -0.18634033203125 0.0242519378662109 0.00156021118164061
-0.06842041015625 -0.174880981445312 -0.0172271728515625 -0.199813842773438
-0.105926513671875 -0.086395263671875 -0.195907592773438 -0.180984497070312
-0.126365661621094 -0.00935363769531249 -0.269866943359375 -0.037353515625
-0.0930862426757813 0.0590133666992188 -0.222732543945313 0.145034790039063
-0.0529327392578125 0.118385314941406 -0.0834197998046875 0.216217041015625
-0.0658721923828125 0.1339111328125 -0.0277862548828125 0.170120239257812
-0.0520782470703125 0.134834289550781 0.0069580078125 0.14312744140625
-0.102088928222656 0.0906829833984375 0.0172805786132812 0.126304626464844
-0.161758422851563 0.03143310546875 0.0279693603515625 0.14190673828125
-0.188369750976562 -0.0670013427734375 -0.00520324707031253 0.212539672851563
-0.095367431640625 -0.248916625976562 -0.117462158203125 0.212600708007812
0.0303955078125 -0.286773681640625 -0.182373046875 0.232986450195312
0.168701171875 -0.310699462890625 -0.20050048828125 0.187652587890625
0.263885498046875 -0.288848876953125 -0.16119384765625 -0.00755310058593751
0.141250610351563 -0.271286010742188 0.0620803833007813 -0.0522003173828125
-0.0552978515625 -0.312042236328125 0.0186309814453125 -0.227890014648438
-0.16790771484375 -0.175125122070312 -0.156051635742187 -0.218093872070313
-0.218185424804687 -0.0337982177734375 -0.239410400390625 -0.0852966308593751
-0.15777587890625 0.0956573486328125 -0.192657470703125 0.09100341796875
-0.085662841796875 0.172195434570313 -0.0653076171875 0.150924682617188
-0.0970306396484375 0.193206787109375 -0.0124053955078125 0.103958129882813
-0.0698394775390625 0.198806762695313 0.02978515625 0.0791549682617188
-0.128768920898438 0.139892578125 0.0633544921875 0.0706863403320313
-0.211074829101563 0.06414794921875 0.0775527954101562 0.103042602539063
-0.248382568359375 -0.0720062255859375 0.0516510009765625 0.196853637695313
-0.131134033203125 -0.30523681640625 -0.0648345947265625 0.210220336914062
0.04388427734375 -0.34246826171875 -0.14324951171875 0.199691772460937
0.231536865234375 -0.3514404296875 -0.119178771972656 0.117218017578125
0.33489990234375 -0.265533447265625 -0.0548477172851562 -0.0969009399414063
0.230133056640625 -0.2947998046875 0.121292114257813 -0.112777709960938
-0.00793457031250002 -0.394195556640625 0.06903076171875 -0.24072265625
-0.183517456054688 -0.246917724609375 -0.0916290283203125 -0.238265991210938
-0.26910400390625 -0.067474365234375 -0.174835205078125 -0.127059936523438
-0.201904296875 0.108551025390625 -0.138038635253906 0.024871826171875
-0.107574462890625 0.196487426757812 -0.0378379821777344 0.0679397583007813
-0.112838745117188 0.224044799804687 0.00589752197265624 0.0238037109375
-0.0748748779296875 0.2354736328125 0.0496749877929687 -0.000713348388671861
-0.135116577148438 0.171356201171875 0.102279663085938 -0.00037384033203124
-0.229171752929688 0.09185791015625 0.119392395019531 0.0529937744140625
-0.271987915039063 -0.0626373291015625 0.0984649658203125 0.163055419921875
-0.14788818359375 -0.3203125 -0.0195465087890625 0.191574096679687
0.054718017578125 -0.352813720703125 -0.114578247070313 0.147613525390625
0.262542724609375 -0.340087890625 -0.0323905944824219 0.0337734222412109
0.342864990234375 -0.1939697265625 0.0690460205078125 -0.173538208007813
0.271530151367188 -0.252426147460938 0.188232421875 -0.165679931640625
0.049591064453125 -0.39202880859375 0.122314453125 -0.231918334960938
-0.1517333984375 -0.267913818359375 -0.0156097412109375 -0.234512329101563
-0.263229370117188 -0.0903167724609375 -0.0935821533203125 -0.150726318359375
-0.209228515625 0.10162353515625 -0.0704269409179688 -0.03985595703125
-0.110214233398438 0.190750122070312 -0.00759506225585938 -0.0195999145507812
-0.110885620117188 0.221145629882812 0.0217475891113281 -0.0571784973144531
-0.0704193115234375 0.237716674804687 0.0639114379882812 -0.0841598510742187
-0.126922607421875 0.176528930664063 0.131256103515625 -0.0730209350585937
-0.221054077148437 0.09930419921875 0.151687622070313 0.00376892089843751
-0.258895874023438 -0.0566558837890625 0.131515502929687 0.124839782714844
-0.129913330078125 -0.306396484375 0.0106201171875 0.166732788085937
0.076812744140625 -0.320831298828125 -0.0931777954101562 0.089935302734375
0.2689208984375 -0.278335571289063 0.0518684387207031 -0.0441741943359375
0.28192138671875 -0.09161376953125 0.182144165039063 -0.225631713867188
0.249740600585938 -0.1597900390625 0.24407958984375 -0.201828002929687
0.08477783203125 -0.303192138671875 0.162063598632812 -0.210006713867188
-0.09503173828125 -0.226760864257813 0.04815673828125 -0.215164184570313
-0.206863403320313 -0.086669921875 -0.018951416015625 -0.155517578125
-0.175949096679688 0.0811767578125 -0.00706481933593752 -0.092681884765625
-0.092010498046875 0.1553955078125 0.0170440673828125 -0.0982513427734375
-0.0918731689453125 0.18548583984375 0.0327529907226563 -0.129379272460938
-0.0600738525390625 0.205520629882813 0.07330322265625 -0.15936279296875
-0.109634399414063 0.152725219726563 0.15631103515625 -0.134506225585938
-0.1922607421875 0.0847625732421875 0.180755615234375 -0.03411865234375
-0.215484619140625 -0.0579986572265625 0.154556274414063 0.094085693359375
-0.0857086181640625 -0.268325805664063 0.0319976806640625 0.1463623046875
0.104049682617187 -0.255630493164063 -0.0718612670898438 0.03863525390625
0.248580932617188 -0.178787231445313 0.132682800292969 -0.102867126464844
0.170013427734375 0.02227783203125 0.253677368164063 -0.253067016601563
0.173736572265625 -0.0451812744140625 0.269973754882813 -0.226898193359375
0.0854034423828125 -0.164215087890625 0.178482055664062 -0.188613891601562
-0.03485107421875 -0.139053344726563 0.085693359375 -0.196502685546875
-0.1175537109375 -0.0584945678710938 0.0284576416015625 -0.153305053710938
-0.111663818359375 0.0518951416015625 0.0330810546875 -0.129646301269531
-0.0565948486328125 0.0983734130859375 0.02996826171875 -0.1558837890625
-0.0581588745117187 0.122108459472656 0.037811279296875 -0.180633544921875
-0.042877197265625 0.14306640625 0.08099365234375 -0.216018676757812
-0.08087158203125 0.1097412109375 0.177108764648438 -0.176986694335938
-0.142791748046875 0.05609130859375 0.208831787109375 -0.0555267333984375
-0.1502685546875 -0.0547027587890625 0.173370361328125 0.078460693359375
-0.0327606201171875 -0.203857421875 0.0455780029296875 0.138153076171875
0.119644165039063 -0.1624755859375 -0.0461235046386719 0.00465393066406249
0.197555541992187 -0.055267333984375 0.204437255859375 -0.129074096679688
-0.0822830200195313 -0.0667877197265625 -0.221572875976563 0.171173095703125
-0.0788726806640625 0.0550765991210938 0.0196762084960937 0.0415382385253906
0.000480651855468742 0.0878219604492188 -0.0384063720703125 -0.149032592773438
0.0639076232910156 0.034515380859375 -0.200225830078125 -0.111572265625
0.0696754455566406 -0.0225753784179688 -0.249114990234375 0.0299072265625
0.0275039672851563 -0.0540885925292969 -0.211563110351563 0.187393188476563
0.0100555419921875 -0.0361213684082031 -0.0836181640625 0.255828857421875
0.0176906585693359 -0.0292606353759766 -0.03619384765625 0.217422485351563
0.0181674957275391 -0.0268363952636719 -0.0229034423828125 0.181350708007813
0.0153274536132813 -0.004547119140625 -0.045806884765625 0.16461181640625
0.00710868835449219 0.0242958068847656 -0.038818359375 0.166488647460938
-0.0288276672363281 0.0460624694824219 -0.082244873046875 0.19183349609375
-0.0772933959960938 -0.013397216796875 -0.194900512695313 0.181381225585938
-0.0854949951171875 -0.0803298950195313 -0.247283935546875 0.2344970703125
-0.056610107421875 -0.125694274902344 -0.285552978515625 0.251556396484375
0.026092529296875 -0.176239013671875 -0.240264892578125 0.138381958007813
-0.0352668762207031 -0.0664176940917969 0.0141277313232422 0.0327281951904297
-0.0459098815917969 -0.0308570861816406 -0.0344390869140625 -0.1683349609375
-0.0211830139160156 -0.0130958557128906 -0.204986572265625 -0.13873291015625
-0.0228500366210938 -0.00586891174316406 -0.266937255859375 0.00645446777343746
-0.0267276763916016 0.00614738464355469 -0.2220458984375 0.179153442382813
-0.0182952880859375 0.0443534851074219 -0.084747314453125 0.250900268554688
-0.02410888671875 0.0558891296386719 -0.0318603515625 0.208938598632813
-0.0211677551269531 0.0553436279296875 -0.0098419189453125 0.177154541015625
-0.0519371032714844 0.0390739440917969 -0.022003173828125 0.158157348632813
-0.0844573974609375 0.01605224609375 -0.0145416259765625 0.16143798828125
-0.107322692871094 -0.0279312133789062 -0.0521697998046875 0.205154418945313
-0.0716552734375 -0.143997192382812 -0.16339111328125 0.196090698242188
-0.00967407226562501 -0.189971923828125 -0.216781616210938 0.240066528320313
0.0683746337890625 -0.227737426757813 -0.257827758789063 0.231857299804688
0.146942138671875 -0.25518798828125 -0.219436645507813 0.0763092041015625
0.0400238037109375 -0.184127807617188 0.0274715423583984 -0.000509262084960949
-0.0711212158203125 -0.171524047851563 -0.017059326171875 -0.196441650390625
-0.105667114257813 -0.08453369140625 -0.193191528320312 -0.175384521484375
-0.124443054199219 -0.00727081298828124 -0.267257690429688 -0.03289794921875
-0.0909652709960938 0.0594253540039062 -0.216217041015625 0.146408081054688
-0.0503082275390625 0.117660522460937 -0.0773773193359375 0.213226318359375
-0.0615921020507813 0.134620666503906 -0.0220184326171875 0.168167114257813
-0.048858642578125 0.134910583496094 0.0111846923828125 0.140701293945313
-0.099822998046875 0.0914382934570313 0.0189361572265625 0.125320434570313
-0.159576416015625 0.0344390869140625 0.029754638671875 0.141357421875
-0.186752319335938 -0.063934326171875 -0.001129150390625 0.2103271484375
-0.098876953125 -0.243606567382812 -0.114532470703125 0.210052490234375
0.02667236328125 -0.2816162109375 -0.176513671875 0.230422973632813
0.162811279296875 -0.30731201171875 -0.196258544921875 0.185302734375
0.256988525390625 -0.287567138671875 -0.154342651367187 -0.00636291503906251
0.134689331054687 -0.268997192382813 0.064208984375 -0.0530662536621094
-0.0614013671875 -0.3050537109375 0.01904296875 -0.223297119140625
-0.167449951171875 -0.170684814453125 -0.154647827148437 -0.212295532226563
-0.215301513671875 -0.0289459228515625 -0.2379150390625 -0.08111572265625
-0.153915405273438 0.0957183837890625 -0.18841552734375 0.0914611816406249
-0.0816650390625 0.17022705078125 -0.061431884765625 0.147979736328125
-0.090576171875 0.193710327148437 -0.00906372070312501 0.102867126464844
-0.0640411376953125 0.197280883789063 0.0319290161132812 0.0776748657226563
-0.124870300292969 0.138900756835938 0.0625190734863281 0.06884765625
-0.207550048828125 0.0662384033203125 0.077972412109375 0.102584838867188
-0.246109008789063 -0.0670013427734375 0.0554962158203125 0.19329833984375
-0.1363525390625 -0.29803466796875 -0.062835693359375 0.2080078125
0.038848876953125 -0.33642578125 -0.1390380859375 0.19805908203125
0.223358154296875 -0.34820556640625 -0.116714477539062 0.115676879882812
0.326507568359375 -0.26507568359375 -0.0507049560546875 -0.0949478149414063
0.221466064453125 -0.29327392578125 0.121833801269531 -0.112007141113281
-0.015716552734375 -0.3887939453125 0.067779541015625 -0.235748291015625
-0.183334350585937 -0.241531372070313 -0.0902862548828125 -0.231964111328125
-0.2659912109375 -0.060943603515625 -0.175628662109375 -0.123611450195313
-0.196304321289063 0.109283447265625 -0.136054992675781 0.0249786376953125
-0.102462768554688 0.194427490234375 -0.0365982055664063 0.06536865234375
-0.104934692382813 0.22344970703125 0.00632286071777343 0.0234622955322266
-0.0680999755859375 0.232879638671875 0.0497665405273438 -0.000888824462890611
-0.130111694335938 0.169662475585938 0.0994644165039062 -0.00162506103515624
-0.224273681640625 0.0942840576171874 0.119384765625 0.0522918701171875
-0.268768310546875 -0.0570526123046875 0.101974487304687 0.158905029296875
-0.151458740234375 -0.31195068359375 -0.0191192626953125 0.189804077148438
0.04852294921875 -0.34814453125 -0.112106323242188 0.147613525390625
0.252899169921875 -0.337860107421875 -0.031869888305664 0.0338287353515625
0.33465576171875 -0.19671630859375 0.0698089599609375 -0.170700073242187
0.262619018554688 -0.251266479492188 0.186203002929688 -0.164230346679688
0.0401611328125 -0.38482666015625 0.12017822265625 -0.227630615234375
-0.152603149414062 -0.262008666992188 -0.016204833984375 -0.229293823242188
-0.260635375976563 -0.082977294921875 -0.0947113037109375 -0.148208618164063
-0.20391845703125 0.103271484375 -0.0697517395019531 -0.0402603149414062
-0.105575561523438 0.188446044921875 -0.00894927978515626 -0.0217857360839844
-0.102767944335937 0.219879150390625 0.0201683044433594 -0.0563507080078125
-0.063720703125 0.234512329101563 0.0608749389648437 -0.0838470458984375
-0.122268676757813 0.173782348632812 0.126747131347656 -0.0735397338867188
-0.215744018554688 0.101104736328125 0.150405883789063 0.00292968750000001
-0.254592895507813 -0.0514678955078125 0.133697509765625 0.121017456054688
-0.13372802734375 -0.298309326171875 0.0103607177734375 0.165191650390625
0.07025146484375 -0.31719970703125 -0.09136962890625 0.0912399291992187
0.260696411132813 -0.27880859375 0.0499038696289063 -0.0432624816894531
0.275741577148438 -0.0952911376953125 0.179855346679688 -0.222824096679688
0.241867065429688 -0.159088134765625 0.239608764648438 -0.200210571289063
0.07684326171875 -0.29779052734375 0.159149169921875 -0.205978393554688
-0.0961456298828125 -0.221466064453125 0.046600341796875 -0.21124267578125
-0.203887939453125 -0.0807647705078125 -0.0203704833984375 -0.154129028320313
-0.171173095703125 0.082855224609375 -0.00852203369140625 -0.0936737060546875
-0.0873870849609375 0.15362548828125 0.013519287109375 -0.0990753173828125
-0.0852203369140624 0.18402099609375 0.0293655395507812 -0.127418518066406
-0.0531005859375 0.201873779296875 0.0684051513671875 -0.157150268554688
-0.10455322265625 0.150985717773437 0.148956298828125 -0.134384155273438
-0.186203002929688 0.085418701171875 0.178253173828125 -0.03521728515625
-0.21173095703125 -0.0536346435546875 0.1549072265625 0.091400146484375
-0.089263916015625 -0.260635375976563 0.0309600830078125 0.144439697265625
0.097900390625 -0.252166748046875 -0.0715179443359375 0.041778564453125
0.241744995117187 -0.179153442382812 0.128211975097656 -0.10052490234375
0.1669921875 0.0180511474609375 0.2490234375 -0.249404907226563
0.168014526367188 -0.0457000732421875 0.263534545898438 -0.222381591796875
0.0786590576171875 -0.161148071289063 0.175949096679688 -0.186325073242188
-0.0355377197265625 -0.135116577148438 0.0836029052734375 -0.193572998046875
-0.116241455078125 -0.055084228515625 0.0267181396484375 -0.152328491210937
-0.108016967773437 0.0531539916992188 0.0302581787109375 -0.130989074707031
-0.0537948608398438 0.0965118408203125 0.02496337890625 -0.155426025390625
-0.0535202026367188 0.121063232421875 0.0329742431640625 -0.177841186523438
-0.0379562377929688 0.140220642089844 0.07421875 -0.213180541992188
-0.0779953002929688 0.107139587402344 0.169708251953125 -0.176345825195313
-0.137840270996094 0.0573272705078125 0.205947875976563 -0.0569915771484375
-0.147293090820312 -0.0513763427734375 0.172195434570313 0.0752105712890625
-0.036285400390625 -0.197921752929688 0.0450973510742187 0.136573791503906
0.113601684570313 -0.1607666015625 -0.0468902587890625 0.00813674926757811
0.192581176757813 -0.05645751953125 0.199356079101563 -0.127731323242188
-0.083740234375 -0.0643539428710937 -0.217071533203125 0.1761474609375
-0.076019287109375 0.0564193725585938 0.0226478576660156 0.0400505065917969
0.0026702880859375 0.0872344970703125 -0.0404510498046875 -0.149200439453125
0.0630149841308594 0.0328941345214844 -0.202316284179688 -0.108108520507813
0.0684127807617188 -0.0250434875488281 -0.2498779296875 0.0362396240234375
0.0250511169433594 -0.05377197265625 -0.207061767578125 0.194931030273438
0.00869369506835938 -0.0346755981445313 -0.0737152099609375 0.258560180664063
0.0168476104736328 -0.0284194946289063 -0.0277252197265625 0.218795776367187
0.0160865783691406 -0.0253086090087891 -0.0172576904296875 0.18316650390625
0.0138521194458008 -0.00310897827148438 -0.041168212890625 0.16943359375
0.00661277770996094 0.0244503021240234 -0.034393310546875 0.169540405273437
-0.0269737243652344 0.045196533203125 -0.07830810546875 0.194290161132813
-0.0780181884765625 -0.0126113891601562 -0.192581176757813 0.184722900390625
-0.0863113403320313 -0.076507568359375 -0.242279052734375 0.236648559570313
-0.05853271484375 -0.124137878417969 -0.282806396484375 0.256256103515625
0.0224151611328125 -0.17681884765625 -0.235626220703125 0.14349365234375
-0.0358657836914062 -0.0669059753417969 0.0174007415771484 0.0313854217529297
-0.0472030639648438 -0.0302772521972656 -0.036956787109375 -0.169342041015625
-0.0230045318603516 -0.0131912231445312 -0.207321166992187 -0.135116577148438
-0.0229988098144531 -0.00531005859375 -0.268692016601563 0.0134124755859376
-0.0272350311279297 0.00720405578613281 -0.218093872070313 0.186203002929687
-0.0167961120605469 0.0462493896484375 -0.0760498046875 0.25323486328125
-0.0222663879394531 0.0581588745117188 -0.0235443115234375 0.209808349609375
-0.0199813842773438 0.0577163696289063 -0.00341796875000002 0.178573608398437
-0.0524787902832031 0.041900634765625 -0.0172271728515625 0.161666870117188
-0.0858688354492187 0.0190505981445313 -0.0103302001953125 0.163955688476563
-0.10858154296875 -0.0270004272460937 -0.0464935302734375 0.207366943359375
-0.0763397216796875 -0.143722534179688 -0.160507202148438 0.199569702148438
-0.0134735107421875 -0.188461303710938 -0.21173095703125 0.243728637695313
0.064239501953125 -0.228805541992188 -0.254302978515625 0.235214233398437
0.141693115234375 -0.259017944335938 -0.215469360351563 0.080322265625
0.0360260009765625 -0.185516357421875 0.0309619903564453 -0.00257492065429689
-0.0765838623046875 -0.16949462890625 -0.0194549560546875 -0.1968994140625
-0.109039306640625 -0.08349609375 -0.196319580078125 -0.171920776367187
-0.125045776367188 -0.00394439697265623 -0.270401000976563 -0.0264892578124999
-0.0902175903320312 0.061859130859375 -0.213851928710938 0.1527099609375
-0.0477752685546875 0.119194030761719 -0.0702972412109375 0.2152099609375
-0.0565109252929687 0.138877868652344 -0.0151519775390625 0.169021606445313
-0.04498291015625 0.137954711914063 0.016632080078125 0.140884399414063
-0.0992660522460937 0.0946197509765625 0.0230789184570313 0.127197265625
-0.1610107421875 0.0393829345703125 0.034454345703125 0.143096923828125
-0.189865112304688 -0.060577392578125 0.00604248046874999 0.210540771484375
-0.106491088867187 -0.242019653320313 -0.1121826171875 0.213485717773437
0.0211181640625 -0.282318115234375 -0.171890258789063 0.23394775390625
0.1573486328125 -0.312164306640625 -0.193634033203125 0.189300537109375
0.250244140625 -0.29486083984375 -0.151611328125 -0.00415039062500004
0.128692626953125 -0.273544311523438 0.0669059753417969 -0.0556411743164063
-0.070953369140625 -0.3037109375 0.0161590576171875 -0.223770141601563
-0.17236328125 -0.16741943359375 -0.158187866210938 -0.208648681640625
-0.216720581054688 -0.0225982666015625 -0.24237060546875 -0.0762023925781249
-0.152542114257813 0.099639892578125 -0.18695068359375 0.09576416015625
-0.0774688720703125 0.173233032226563 -0.0574493408203125 0.14886474609375
-0.0828399658203125 0.19805908203125 -0.0048065185546875 0.103004455566406
-0.05792236328125 0.201171875 0.0356292724609375 0.0772476196289063
-0.122085571289063 0.143020629882813 0.0645256042480469 0.0685195922851563
-0.206924438476563 0.0733795166015625 0.0818328857421875 0.102630615234375
-0.2484130859375 -0.06146240234375 0.0630950927734375 0.192947387695313
-0.145782470703125 -0.29510498046875 -0.0601654052734375 0.211181640625
0.03082275390625 -0.338836669921875 -0.134963989257812 0.201522827148437
0.2154541015625 -0.3541259765625 -0.114891052246094 0.118240356445313
0.32177734375 -0.273681640625 -0.049560546875 -0.0943145751953125
0.214691162109375 -0.2994384765625 0.122848510742188 -0.115821838378906
-0.02880859375 -0.38665771484375 0.0662994384765625 -0.236495971679688
-0.189788818359375 -0.237274169921875 -0.093994140625 -0.230026245117188
-0.268508911132813 -0.0527801513671875 -0.18023681640625 -0.120559692382812
-0.194854736328125 0.113876342773438 -0.136680603027344 0.0264892578125
-0.09747314453125 0.197967529296875 -0.0358810424804687 0.0648002624511719
-0.09661865234375 0.22857666015625 0.00769996643066406 0.0234565734863281
-0.0597381591796875 0.235549926757813 0.050537109375 -0.00249099731445311
-0.126434326171875 0.171920776367187 0.0985794067382812 -0.00394439697265624
-0.22198486328125 0.101181030273437 0.121940612792969 0.0508193969726563
-0.271240234375 -0.0503082275390625 0.108779907226563 0.157135009765625
-0.16156005859375 -0.308258056640625 -0.0167083740234375 0.1925048828125
0.04052734375 -0.34918212890625 -0.109542846679687 0.1514892578125
0.24468994140625 -0.345703125 -0.0320892333984375 0.0352516174316406
0.33013916015625 -0.20648193359375 0.0695037841796875 -0.172439575195312
0.255661010742188 -0.257232666015625 0.186294555664063 -0.168106079101563
0.02764892578125 -0.384124755859375 0.118240356445312 -0.229354858398438
-0.158920288085938 -0.25909423828125 -0.018585205078125 -0.228424072265625
-0.263046264648438 -0.075775146484375 -0.099517822265625 -0.14697265625
-0.201644897460938 0.108352661132812 -0.0715713500976563 -0.0406723022460937
-0.100616455078125 0.191543579101563 -0.0112209320068359 -0.0230693817138672
-0.0946502685546875 0.223541259765625 0.01849365234375 -0.0577888488769531
-0.0554351806640625 0.236175537109375 0.0587997436523437 -0.0858535766601562
-0.1173095703125 0.176345825195313 0.124114990234375 -0.0770263671875
-0.212493896484375 0.107269287109375 0.152679443359375 -1.52587890624934E-05
-0.256179809570313 -0.046295166015625 0.139114379882812 0.1180419921875
-0.142822265625 -0.2939453125 0.0125274658203125 0.166580200195312
0.062530517578125 -0.318634033203125 -0.090850830078125 0.0957412719726562
0.254119873046875 -0.285308837890625 0.0488090515136719 -0.0434455871582031
0.273345947265625 -0.1038818359375 0.17791748046875 -0.226959228515625
0.236984252929688 -0.164398193359375 0.23822021484375 -0.204620361328125
0.066986083984375 -0.298553466796875 0.157394409179688 -0.208267211914063
-0.101715087890625 -0.2197265625 0.0447998046875 -0.212142944335938
-0.206100463867188 -0.074554443359375 -0.0247039794921875 -0.15509033203125
-0.168304443359375 0.0873565673828125 -0.011932373046875 -0.0968780517578125
-0.0834808349609375 0.155487060546875 0.00949096679687499 -0.101341247558594
-0.0785064697265625 0.186813354492188 0.0246658325195312 -0.128311157226563
-0.0461273193359375 0.203399658203125 0.06341552734375 -0.159637451171875
-0.10089111328125 0.1527099609375 0.14453125 -0.138702392578125
-0.1832275390625 0.090362548828125 0.180267333984375 -0.0387725830078125
-0.212005615234375 -0.0488433837890625 0.159088134765625 0.088104248046875
-0.0972442626953125 -0.257720947265625 0.03240966796875 0.14569091796875
0.090301513671875 -0.2547607421875 -0.0720367431640625 0.0463409423828125
0.237716674804688 -0.185653686523438 0.126434326171875 -0.102371215820313
0.166763305664063 0.012481689453125 0.246597290039063 -0.253204345703125
0.165802001953125 -0.04913330078125 0.26031494140625 -0.226837158203125
0.0730743408203125 -0.161041259765625 0.174209594726563 -0.189102172851563
-0.0379638671875 -0.133781433105469 0.0814666748046875 -0.196456909179688
-0.116973876953125 -0.0509719848632813 0.0230560302734375 -0.154953002929688
-0.105400085449219 0.0567855834960937 0.0256500244140625 -0.134239196777344
-0.0511703491210937 0.0971145629882813 0.0184478759765625 -0.1583251953125
-0.0490798950195312 0.122085571289062 0.0264739990234375 -0.178176879882813
-0.0323944091796875 0.140090942382813 0.066314697265625 -0.214874267578125
-0.0747222900390625 0.108612060546875 0.164398193359375 -0.180618286132813
-0.136146545410156 0.059814453125 0.206008911132813 -0.0610809326171875
-0.147201538085938 -0.049072265625 0.175048828125 0.071075439453125
-0.042388916015625 -0.195907592773438 0.0466232299804687 0.137367248535156
0.108718872070313 -0.16314697265625 -0.0481643676757812 0.01239013671875
0.19091796875 -0.06231689453125 0.196701049804688 -0.131118774414063
0.0137889355241136 0.0767539764407776 -0.255548975999879 -0.0889163275341883
0.0889355517724492 0.0211410004487935 -0.023704452797049 0.0241587557135717
0.0776946339104089 -0.0414787629998584 0.0990367767467543 -0.127003570548748
0.00180607899695448 -0.0693051747578608 -0.0203285782582977 -0.224051736647971
-0.043730884910981 -0.0371572112734547 -0.173250569427294 -0.197834037941498
-0.03150140455779 -0.00241070965276425 -0.262715024363461 -0.0888482431240288
-0.0296693630960064 -0.00559177670558693 -0.265924191012366 0.0308912268770333
-0.0309897224921057 -0.00916601711131295 -0.218249426004187 0.084774879842193
-0.024487301294053 -0.0114215957661298 -0.176413537423045 0.0658992204563745
-0.00977499083898029 -0.018835340566184 -0.165142828321305 0.0498874834329413
0.0171912602868898 -0.0284534070525047 -0.176592042192828 0.0509113674169058
0.0588463022895858 -0.0147417230907647 -0.217631516089677 0.0155513622665414
0.0638176482100828 0.0517598026734912 -0.250255235250007 -0.0619744950353376
0.00771076535757765 0.0954695506944982 -0.307694704138214 -0.0877064586157337
-0.0545744688977987 0.0905117371391267 -0.354218887719019 -0.0524879286259633
-0.129160391834361 0.0547330861332555 -0.232304983230128 -0.0998671945471176
-0.0342138015495873 0.0685430833936843 -0.0028525663063171 0.0366097218089384
0.0109852333310589 0.0722002492798357 0.151369010939006 -0.131779355759463
0.0244991452180874 0.0390441079661815 0.0238317540972415 -0.258562162193364
0.039113247110201 0.0161401175883461 -0.163186469924666 -0.243015803888382
0.0482136034619069 0.000734319647069954 -0.26441192672965 -0.114775142394825
0.0548368459799325 -0.0253547800004644 -0.265649715232303 0.0130882981703664
0.0561797644373999 -0.0372987055778927 -0.213854378006879 0.0771138364166652
0.0662758426260119 -0.0292155226213554 -0.169515621747955 0.0666432212075841
0.0662707953437568 0.00445142047240254 -0.143791260914598 0.0550701005098974
0.0752109754437312 0.0423000596759436 -0.15004733518853 0.0629914037135146
0.0468742755951911 0.098165491887625 -0.196022907154916 0.052481948238165
-0.0249570722785859 0.14328732490517 -0.236376985509827 -0.0181050099033639
-0.120300981285557 0.108063215780829 -0.301607503664754 -0.0429596458037561
-0.197355007482096 0.0499052874706867 -0.33509205699741 -0.0313481075258335
-0.25904829940406 0.0109856627878001 -0.166440197356196 -0.095486018208339
-0.176340732737388 0.0909776110207098 0.0453020450590596 0.058905088458691
-0.0858398191288039 0.182457088640907 0.221700587489838 -0.121453345027374
0.025400932459971 0.165149012014204 0.0911197918284993 -0.280785401599374
0.116473436321371 0.0909556859842022 -0.125474829386155 -0.282873052674258
0.127893289874422 0.0175164065747403 -0.235401233545106 -0.138400761465734
0.135370355918327 -0.0351285438507632 -0.231710088586995 -0.00808076807076947
0.135399643345921 -0.061530585555225 -0.177145539544155 0.0584864953536437
0.146152317453692 -0.0530822070481157 -0.130249274653981 0.0603356980478409
0.135062351494334 0.00916800196366672 -0.0946062972714675 0.061425968091026
0.1379530984705 0.0831384845105602 -0.103476932389156 0.0844602497762507
0.0659030691187876 0.187976957159316 -0.158670763166062 0.0993462325208277
-0.0704332744920909 0.232345838375483 -0.211719325510848 0.0333510345026512
-0.212822340680382 0.13852472478863 -0.273660542624155 -0.00241104972911549
-0.308873048291921 0.0226989859412116 -0.273279667561632 -0.0034262853361624
-0.352090786802978 -0.0471371689552156 -0.0640513152891184 -0.0713231020109811
-0.308380616713136 0.079214986145497 0.114228674851782 0.0926741190873969
-0.202219423952983 0.260174437064669 0.295951559642172 -0.0859132215411081
-0.00518328100937634 0.28242347959642 0.173499172026737 -0.269774640451832
0.168266738608021 0.175909009003329 -0.0580294653612192 -0.297889158249917
0.192088341640121 0.0461447022975376 -0.174108533229182 -0.151405298304827
0.19759871211324 -0.0329214465343315 -0.166672554451956 -0.0309383168032932
0.194176611701824 -0.0768932185374624 -0.113989461383594 0.0310620430660894
0.204142115204056 -0.0751471820855183 -0.0670249533074855 0.0442922315008343
0.184820232656907 8.40969735925023E-06 -0.0268850950765768 0.0606323541488346
0.191864532366228 0.0953596522368621 -0.0404869099832816 0.100633927891856
0.0988192548788023 0.238686989715255 -0.106860848581486 0.136482958176558
-0.0804454652562273 0.295566665721056 -0.175630344102062 0.0757644998159648
-0.262100206692129 0.167270164055199 -0.227412421034794 0.019854746958449
-0.374554604105829 0.00399373510521018 -0.17967983037256 0.0192275053296997
-0.383169872441651 -0.101379514040367 0.0613405031244582 -0.0284222529550301
-0.38646014941767 0.0320973884386713 0.190023118426892 0.132083946408682
-0.299648379852772 0.277549180576869 0.348558512511174 -0.0270072885015046
-0.0569655354984514 0.349623996367066 0.245381213254386 -0.219400112239533
0.180040570022858 0.240765049407131 0.0235676001530082 -0.273451416664364
0.22365336338088 0.0750849739775749 -0.0882157708013919 -0.145482627567393
0.228212737951 -0.0223695713155899 -0.0791180643459646 -0.0470151693471712
0.22398249501979 -0.0808753944051608 -0.0342468546410572 0.000799499463505523
0.231343649831962 -0.0890244427138302 0.0101154383292014 0.0203725906832731
0.209796919175282 -0.0123532101258719 0.0483780793627454 0.0503288885261157
0.219564667085079 0.0894070429111563 0.0261597002724045 0.107432842585162
0.119484162543342 0.25296755888565 -0.0497180354372211 0.157002042747445
-0.0801491789507965 0.315867589504883 -0.134048161464597 0.100394030155781
-0.276742731769719 0.169322595939699 -0.173244928305648 0.0185268479458033
-0.384974375158537 -0.0197626706820671 -0.0705856851178973 0.0320783357519576
-0.345537681721464 -0.133646156516606 0.1849024171757 0.0239403659588127
-0.384086756502051 -0.0216173116076588 0.257489763003763 0.165072540626728
-0.337172458781615 0.228363624411962 0.362206427976232 0.0389684668079183
-0.104052082485592 0.338002478212048 0.283326736980195 -0.139380718827098
0.152663916805633 0.256983721199957 0.097988898912728 -0.212966308832023
0.216113818607367 0.090038087902901 0.0025367903176977 -0.119368574461801
0.222562475993944 -0.0113551019244028 0.0126703575311549 -0.0555066590768249
0.219358515228383 -0.0732609890758009 0.047844304558916 -0.0283834831157586
0.226401690257369 -0.087532231193814 0.0886443033588028 -0.00654873737705294
0.206928750176993 -0.0161354662234191 0.120867315124919 0.0367916580386904
0.215158161683783 0.080230405352937 0.0868607826707467 0.11129468284319
0.111539826971888 0.238628728945372 -0.000814262977766343 0.166267101274476
-0.0868958077091922 0.293799878659682 -0.0998538150115348 0.111236628234296
-0.268075070822543 0.137979920255384 -0.120683487871384 0.00547182158754998
-0.347375939520489 -0.0502251194656598 0.0357771260342896 0.041145459661141
-0.24421753200313 -0.133800317382895 0.283054305365264 0.0698697785273707
-0.300741359458321 -0.0608034984488608 0.303504259958053 0.180213650925528
-0.291939823520732 0.144416980484329 0.339565081341259 0.0853608186307926
-0.11589492863419 0.259859287584608 0.282326326176025 -0.0646792729103672
0.103218113286401 0.217134685415269 0.146073349463755 -0.140158035518838
0.172095401022612 0.0818968668765614 0.0798639584441157 -0.0855225830817137
0.180852318036721 -0.00295735661586143 0.0953065819902698 -0.0588532855117619
0.182106208795744 -0.0559651377912009 0.120307736179281 -0.0544212524662969
0.190038930626887 -0.0703022681928986 0.160645251827775 -0.0313544971037383
0.177436058134451 -0.010097575964284 0.182460225427785 0.0289376738391633
0.180722295378124 0.0719451830034295 0.135133974724569 0.120625931295575
0.0801618412556912 0.205015972301783 0.0309402472877175 0.173963883545212
-0.097634094887526 0.238018013004004 -0.0779936845025556 0.117121564157243
-0.236985767850112 0.0820540458853276 -0.0747744314666736 -0.00819552122595347
-0.264955616238613 -0.083534298613609 0.128475650856147 0.0553831125766564
-0.102851659638437 -0.10501196318949 0.338998828947817 0.0894744535830283
-0.163330893320675 -0.0743299169730208 0.325526156303856 0.16430112077913
-0.184157272696233 0.0569650539057203 0.298101916212211 0.0962558098630488
-0.0907082023728918 0.14456744800944 0.256658303622093 -0.0183959497161359
0.0498246359097071 0.136523837840564 0.166986416733186 -0.0827329203916623
0.104565540899818 0.0563018829775777 0.131198880631475 -0.05875605298551
0.111623445500626 0.00285616775624844 0.151972512993718 -0.0595730323235767
0.117160745390075 -0.0310890428679732 0.173615874929043 -0.0717939930453682
0.128260568054433 -0.0415209496921666 0.216268470609265 -0.0459446907239574
0.126131731126665 0.000618985981075973 0.228269555684617 0.0317602569157066
0.124755862132589 0.0587052984409717 0.167493477270938 0.141830679196631
0.038632058313635 0.14993988297533 0.0444080475080121 0.186736069259419
-0.0974654535047624 0.156797240131242 -0.0714191176281894 0.123425936973274
-0.18118499574071 0.0163588145576819 -0.0409090503756807 -0.0125233995648438
-0.150096494650603 -0.107485622659965 0.195818593426103 0.078649613310368
0.0181239387132232 0.0743930461847382 -0.257842419731175 -0.0724846032695092
0.0879152432814745 0.0158966961025504 -0.0202053883846394 0.0271800403753224
0.0739832779072467 -0.0447871964477248 0.0928290840320922 -0.131830619872663
-0.00141410777870296 -0.0671086095579157 -0.0318938400834765 -0.222332310395818
-0.0457808442695767 -0.032046045527401 -0.184431613970858 -0.186931127131569
-0.0298997286208758 -0.000942827856504753 -0.267157351209691 -0.0721520603332853
-0.0291577672824842 -0.00458993743857916 -0.259810766598037 0.0483174816571506
-0.0310944660209043 -0.00782659440783333 -0.208643300610474 0.099442685998483
-0.0234848998991833 -0.0105038947139113 -0.171972355638177 0.0771812126481067
-0.00952283306381595 -0.018874228661819 -0.162871755619756 0.061560442865913
0.0159553330267188 -0.0284515985900467 -0.172938888824592 0.0617390993965903
0.0564676759636119 -0.016734174219918 -0.215086580325696 0.0279073205836124
0.0664165603893128 0.0480746833805466 -0.251822666034058 -0.0501721812082492
0.0125322688354711 0.0925538438418876 -0.307239706649397 -0.0720347575610216
-0.04884093067718 0.0919497355476372 -0.354446363794828 -0.0362035085807722
-0.12551654378839 0.0611449247888427 -0.234772592407619 -0.0849144743670411
-0.0314949352136496 0.0702625409310278 0.00183154644953645 0.0382236475979393
0.0157288331334258 0.0710856453493398 0.144415964294517 -0.138933501960412
0.0266102498729956 0.0388084044711187 0.0102895934787828 -0.258046701028715
0.0397453626470481 0.0146879421193389 -0.177879316206298 -0.233173000659732
0.0490560359860017 -0.00219687770155983 -0.27027264403107 -0.0977005594521792
0.0538181485585163 -0.0294630666033138 -0.261720882161913 0.0315331084231133
0.0533479818659548 -0.0416249309025953 -0.20505267426123 0.0919529392776635
0.0651636679830923 -0.0346192490676083 -0.164344955245314 0.0778414506567553
0.0678388104241423 0.000384730308555766 -0.140967587572267 0.0652921353460382
0.0780748202985402 0.0381444986157242 -0.1464216515083 0.0728013919280886
0.0515552505634815 0.0961891180374638 -0.190826097288917 0.064325180121285
-0.0160534688831177 0.144991817206209 -0.236124239195421 -0.00721710894573267
-0.114426920893246 0.11226105313249 -0.299383960612074 -0.0267332522312761
-0.1928408553281 0.0599901164108839 -0.335235454997245 -0.0149742193219107
-0.25742985564154 0.0259544147815864 -0.168973110479421 -0.0832217778014644
-0.170336440377434 0.0999248632294785 0.0512466280571831 0.0574471135558258
-0.073327437484383 0.186892485981311 0.21515636763564 -0.132938230317464
0.0346299475644832 0.164042263327315 0.0756297711397869 -0.282646476874944
0.121349916449626 0.0838665584522836 -0.142832316858085 -0.273939986851781
0.12871543222811 0.0104717353675662 -0.241931989445854 -0.123310678499416
0.132336090501065 -0.0433764848390283 -0.229650500646266 0.00714840811102148
0.130476898628249 -0.0716133882569472 -0.170233093013714 0.0709753766694148
0.142332066241705 -0.063439102082447 -0.125307824852533 0.069528634028313
0.135714352553788 0.000985842100524412 -0.0919408794868498 0.068289537462179
0.144246926751318 0.0745109724002981 -0.0986305428485585 0.091286676291722
0.076985899350784 0.184075613557403 -0.150524250746759 0.108381943076139
-0.0552835943192822 0.236186234785216 -0.209953337911161 0.0442256394868994
-0.203817811911685 0.148899349432641 -0.271211714147145 0.0126075907231047
-0.30640212487116 0.0401881374842088 -0.272471935257017 0.0104455430174083
-0.351943859657105 -0.0247067814089425 -0.065466897903569 -0.065745366798854
-0.301136557989478 0.0955180132841223 0.121306091255158 0.086666437834117
-0.183148849670384 0.270939745093838 0.290576535041214 -0.100762079679641
0.0105897529617518 0.281933660435305 0.158433210127298 -0.276557239645297
0.178496575988907 0.164466624593795 -0.0772191177129492 -0.293544605531605
0.194335587877688 0.0344716649782849 -0.181659092532911 -0.140753929773303
0.194074536751434 -0.0452147450578399 -0.166115407115261 -0.0199426449633669
0.187353170796474 -0.090360649932187 -0.109705457042403 0.0389108025354081
0.196564000029128 -0.089417265498755 -0.0631186979896003 0.0497407346072413
0.18414145605488 -0.0110439810413558 -0.0242692723151138 0.0626363817219962
0.196621914380822 0.0825942863215638 -0.035241097951245 0.104501818417307
0.113582458243081 0.232823727961486 -0.0962444712457473 0.143065832423218
-0.0609845505241394 0.299621606256733 -0.171805613511069 0.0845218441111428
-0.251797203123538 0.180900658679426 -0.224811679839348 0.0324350708206539
-0.373014754856171 0.0255594899646279 -0.177659292652256 0.0285143719512175
-0.387265972520405 -0.0773588180937137 0.0611727770260021 -0.0300573395521125
-0.380958378265781 0.0545871619188846 0.198194152222439 0.12019087537714
-0.279066175899178 0.293868993351151 0.345410522507723 -0.0448996686666838
-0.0372446877964457 0.350961976691835 0.232234154501492 -0.229214103514
0.194146739563881 0.227486585683892 0.00567323795338769 -0.274433249111213
0.227213278495874 0.0617480303497603 -0.0956412244582963 -0.13982126866785
0.225306095202048 -0.0365254433696753 -0.0815072140045766 -0.0424713921549996
0.216741222309981 -0.0965244580438909 -0.0336801210575395 0.00354121330281009
0.223239047342286 -0.104295248745944 0.0119233228469885 0.0205755133416257
0.207195858938973 -0.0233050122111624 0.0505303524785568 0.0475415741086837
0.223412497580698 0.0745509644947075 0.0322991200781333 0.107894484355294
0.133831259333276 0.245202222427083 -0.0378696869955115 0.160272056446084
-0.0597327562813629 0.318979275980306 -0.129377458414253 0.107652558029387
-0.264575163760041 0.184370349283572 -0.172336725338202 0.0291577346894771
-0.385830381562957 0.00555615935112262 -0.0684628921497523 0.0363109258961747
-0.351869827295019 -0.11218272925976 0.186587239242927 0.0150107162651971
-0.380899501199676 0.000360122610250882 0.266484019076786 0.150805327117034
-0.317411815682963 0.246733035296818 0.361716542336576 0.0201584992186169
-0.0839379514049098 0.342110226528626 0.274313544189082 -0.152356626543533
0.168027931473322 0.245401415382398 0.0832405956069791 -0.218066382847467
0.219606652528283 0.0765896906502832 -0.00325171974944655 -0.119676984533266
0.220598674453244 -0.0249596401850896 0.0101718310714207 -0.0577822818226271
0.212599276857509 -0.088259295770536 0.0456729330393833 -0.0318317937255046
0.217970229234102 -0.102850330779189 0.0875623284599955 -0.0125033984389181
0.203979856339447 -0.0282205126580361 0.121924702038014 0.0288570974459633
0.21716917563489 0.0657800305234801 0.0930881426254464 0.10783954768738
0.124962923849341 0.231058264442663 0.00990878436873451 0.166205331297407
-0.0677111624996374 0.296061622963201 -0.0959736633307133 0.11632999489626
-0.257166358205335 0.153273980505628 -0.121922614307027 0.0130853787310859
-0.348149001332098 -0.0300127214647995 0.0381043478512045 0.0392604941103248
-0.250827599895841 -0.11663809515355 0.287069882867623 0.0550614458757556
-0.300702497093971 -0.0434536899187621 0.311492192278305 0.162264228416016
-0.279471623430515 0.161320017223274 0.341161776133849 0.0678924596952009
-0.100212164758687 0.265467305537218 0.27770890975082 -0.0775019584472898
0.116576502148995 0.208363799936651 0.136158266911623 -0.148606495647526
0.175857523863118 0.0703338502537252 0.0753349917010109 -0.0913073617289293
0.178948882460259 -0.0130903305421299 0.0910119559311897 -0.0661542563924447
0.176086415281286 -0.0681660116287192 0.114971992077791 -0.0625858786240866
0.18355250564514 -0.0819155057666077 0.156657557223053 -0.0420880262386949
0.175192445248905 -0.0204509273903071 0.182233243540255 0.0163353433003902
0.182718175737601 0.0596568602059063 0.141571703524072 0.114335668709508
0.0906960515717693 0.198552687932844 0.0409644118049281 0.172111955312459
-0.0804733730248636 0.240985972543975 -0.0739542118493267 0.121356200471565
-0.22976609240458 0.0956825951029531 -0.0777578500127746 -0.00263400047179699
-0.268231955056577 -0.0668040964903405 0.130232079325315 0.0476491905723482
-0.108413908891408 -0.0966626228983982 0.342162101674392 0.0717639947762118
-0.165475426980873 -0.064221729350031 0.331370261239157 0.145781194687872
-0.177524523171199 0.0669674318048058 0.30061031307136 0.0808633347710576
-0.0818740651486807 0.14846147172179 0.254014665351178 -0.0308531399663067
0.0579677229588281 0.131357080749952 0.160987952332919 -0.0927734923969967
0.107333694933741 0.0486343728609056 0.127404107781029 -0.0685836352818528
0.110412739534054 -0.00398383346483403 0.147415688120692 -0.0710694229459874
0.113458824487132 -0.0380777992707433 0.166380699613166 -0.0838954567724331
0.122828733653324 -0.0490388534705293 0.210907738894744 -0.0594627856140697
0.125267151065377 -0.00689672734223258 0.227822555590051 0.0164191824825834
0.126062511833862 0.0508819321505472 0.175772632639436 0.132207243746141
0.0466564497676725 0.146002269464824 0.0537546592577067 0.183725597797834
-0.0865048459974555 0.160330303033682 -0.0665180393841208 0.127045872938545
-0.176998497024473 0.0270980746174438 -0.0434740636089254 -0.00892946297756933
-0.155643365467145 -0.09699445630514 0.198659473869231 0.0672720599575043
0.0212236111430949 0.0707541773272104 -0.253167040811852 -0.0564383567099468
0.0850867493862868 0.0108908418651094 -0.0159277046703418 0.0285914479944684
0.0687534922581921 -0.0473080257868038 0.0858240678897038 -0.132899506737823
-0.00411473443998106 -0.0646155951411335 -0.042112171348313 -0.216142103507335
-0.0460073129501132 -0.0266729805686802 -0.189947927706446 -0.173165139388328
-0.0282725820493604 7.16972793256693E-05 -0.266363526948492 -0.0548547341054669
-0.0282700345386639 -0.00369878538297382 -0.248328810313904 0.0632533899749055
-0.0301076083360716 -0.00581566291550627 -0.194440874406162 0.109825525532582
-0.0226265637864434 -0.0100513471061797 -0.163355950662919 0.0866407742014292
-0.00901231819209703 -0.0183548760862934 -0.156327203439453 0.0712684219109807
0.0149638827017025 -0.0283522754651586 -0.165755916905567 0.0707244398474682
0.0535967398313677 -0.0176292412920297 -0.207681230251239 0.037868951853497
0.0669187305294105 0.0432619426526518 -0.247729304854819 -0.0373010758440532
0.0157896632018913 0.0878687386735931 -0.300540083737451 -0.0566136551363375
-0.0426948247921054 0.0917038288649925 -0.349682719209327 -0.0198575477668343
-0.119972886986083 0.0667363708235 -0.230378592650797 -0.0689163594388408
-0.0278917650765385 0.0703284103213931 0.00641165891268836 0.038112763663306
0.0194527300664138 0.0691927310110364 0.135723776948367 -0.143159489245263
0.0284611518402746 0.037466070581431 -0.0023459416886404 -0.25257019015371
0.0396908612434778 0.0135385179774113 -0.187205350109267 -0.217061949123968
0.048958278950761 -0.00453131189086564 -0.269746646967539 -0.079522312729971
0.0509123233633328 -0.0320006307101492 -0.251285957322398 0.0464892095494041
0.0498773049801554 -0.0448912022106823 -0.191436960047557 0.103066590044762
0.0622480827227172 -0.038848526075632 -0.155515269256985 0.0876766213928647
0.0670279816200319 -0.003700012232077 -0.134611731928988 0.073457506070905
0.0794742964539107 0.032841274044254 -0.139051718883261 0.0805235979795458
0.0560635098004261 0.0927169977592885 -0.181694489644503 0.0722302151243973
-0.00770865562214254 0.142589990241787 -0.231232372363981 0.00367638771169318
-0.106600761200389 0.114340849875374 -0.290817187660057 -0.0130948253577096
-0.185236174289953 0.0684124571821354 -0.328698905251639 0.000326754751986552
-0.250327873648102 0.0394540364977987 -0.166179465262784 -0.0714768551545788
-0.161204582112262 0.106621254109727 0.0552038209056178 0.0534420552352194
-0.0601574784329102 0.185884003147803 0.204553583123926 -0.139807536472737
0.0422124821366682 0.159698460290766 0.061166369497374 -0.279716666523512
0.123062257108529 0.0756247826096647 -0.154896588278987 -0.260034546996019
0.127398924310176 0.00312251670633995 -0.243633650739396 -0.10709239933456
0.126808238169175 -0.0500334966572965 -0.221663762979269 0.0212769191803852
0.122064449840368 -0.0792033834562702 -0.159112877966723 0.0805329095732751
0.134945598390593 -0.072282229712955 -0.117705162450885 0.0763415864274196
0.132813450019072 -0.00650110222843167 -0.0857992631622111 0.073861599596781
0.145360092435062 0.0640434038883523 -0.0914918653897685 0.0969460043918248
0.0860700256843979 0.176557480349309 -0.139624562379955 0.113568553477307
-0.0405244651509694 0.23342405011605 -0.203683303858121 0.0523286924700773
-0.192105554883141 0.15531203046476 -0.261683217946542 0.0256997071091988
-0.296974706741333 0.0555851348148024 -0.266254229373329 0.0233140917581806
-0.345252598478031 -0.00450805341459597 -0.0651716320714656 -0.0590461620738792
-0.287880545751038 0.108621044092868 0.124751441642172 0.0781359537645193
-0.161594448540541 0.273950908380497 0.279097450324092 -0.111732741568165
0.0253035515097024 0.27626775628966 0.14242103129689 -0.276915002530153
0.183812728718331 0.149696153039949 -0.0932626085664708 -0.281168616713039
0.191941832945483 0.0238237754522852 -0.184555942630099 -0.127783051894271
0.186561599827101 -0.0551948955477129 -0.16209178445514 -0.00966545244621976
0.17706460162129 -0.101563918371117 -0.103329367198728 0.0449848278621971
0.186564711287975 -0.100943422833895 -0.0579751688138479 0.0530716583212389
0.179472372925289 -0.0204056861668038 -0.0200430451170192 0.0640985384782
0.197569838445581 0.0685930164846525 -0.0285259446253465 0.106320073911415
0.124505994140959 0.221871029956502 -0.0843481928735354 0.144908455998015
-0.041427985344564 0.295862571181436 -0.165495120330883 0.0905748277865006
-0.235898873675861 0.189530553835187 -0.217437726781152 0.0437403113213515
-0.362764951714336 0.0459168340107121 -0.172397508982544 0.0367081979709121
-0.381688147749014 -0.0534739212802715 0.0599155702662983 -0.0310768719483993
-0.367533159057916 0.0725006303822941 0.200778989287748 0.107430661937073
-0.253379621746285 0.301648815133649 0.335521528333906 -0.0595497884823398
-0.0176068432885048 0.345564377580496 0.215894560623896 -0.233421089809356
0.202999178353097 0.210568855279732 -0.0100195114282235 -0.267110483059289
0.225401706816401 0.0481162670330225 -0.100280861644622 -0.131973664925447
0.217377757150624 -0.0486503959954222 -0.0810785194184004 -0.0371292357912538
0.204331193099157 -0.108865050261728 -0.0313251950456779 0.00544443619711804
0.209668605705242 -0.116836476982067 0.0129692013716472 0.0195941711579262
0.2009314896143 -0.0346458376865948 0.0518738897456421 0.0437709652251253
0.221537659929039 0.0588730024338267 0.0379039354866681 0.105863488044806
0.145114054893042 0.231624065753163 -0.0273980752180696 0.15810500274706
-0.0390820210672254 0.314537378259903 -0.123090627578613 0.111824967770842
-0.248366940488065 0.193944655244145 -0.167288925187257 0.0385256090519249
-0.376181884365821 0.0250139148898198 -0.0652833158827901 0.0383697195375064
-0.349132288515568 -0.0876379170244402 0.183594716698339 0.00711346416956018
-0.371034907531232 0.019726864338968 0.267283553649026 0.13368851890762
-0.29239596461927 0.257507296068748 0.353954792183371 0.00210415663939663
-0.0643399237463869 0.339769966177428 0.261164829057877 -0.159854658414432
0.177618184064542 0.228513494096651 0.0686170327809991 -0.216980022370028
0.218649191048286 0.0619782869595297 -0.00879862224459818 -0.11820738430791
0.213251431759206 -0.0368829843463752 0.00668622107613623 -0.0573654980755957
0.200867959334872 -0.0997038730498885 0.0422702007941018 -0.0341702436298577
0.20487746344025 -0.114212882070465 0.0843266696547299 -0.0175100180045159
0.19679877850035 -0.0383666687183785 0.119922872605504 0.021048151870368
0.215006038580191 0.051058481084846 0.0977170780446182 0.101621782654901
0.135002176892278 0.218551668889111 0.0194544924473336 0.162111636316261
-0.047765218107335 0.292662158913719 -0.0895831728730493 0.118859922191441
-0.242385976404988 0.163034773196837 -0.119666189062362 0.0204666343808933
-0.342265266372573 -0.00793788768754903 0.0393125484943203 0.0362832619362326
-0.251011976968596 -0.0982575385638802 0.282765509018025 0.0409003887319099
-0.294324450380962 -0.0273443497628401 0.310933333687693 0.143240656955561
-0.260553481377358 0.171797444680335 0.335879853636223 0.0496467333890179
-0.0836776075401421 0.264476466928912 0.267614715964575 -0.0878337445699992
0.12615232965976 0.194998432515495 0.124750103726377 -0.151976664766662
0.175316905260941 0.0582048613459132 0.0693653229641422 -0.0944144849309234
0.173537801948913 -0.0232756263853724 0.0842399857862245 -0.0719321495258304
0.167100596430199 -0.0776009985050605 0.107508075304685 -0.0686376766889673
0.172106264016592 -0.0917634350791129 0.149810025925495 -0.0504751745892809
0.169490359308802 -0.0295433129576279 0.17835405470094 0.00551848230033781
0.180055318417068 0.0476558946845915 0.14547088561382 0.104656401418109
0.0988757474947475 0.188602022415259 0.0499724214084093 0.166444899656006
-0.0648717912755029 0.238856075642949 -0.0677628270462996 0.122655794245151
-0.217412229765829 0.105942133006005 -0.0779273506682515 0.00338609147328511
-0.265953665906686 -0.0496549920103541 0.129776294469087 0.0398454432820633
-0.110715802577659 -0.0864762947289814 0.337236804253232 0.0547236456993889
-0.16279934237493 -0.054680119087573 0.327948991767484 0.125498904666512
-0.167559973483345 0.0744891264017048 0.297027353657492 0.0649040990190848
-0.0712433907916809 0.149558415459687 0.247467513698397 -0.0415019925628543
0.0645587648988462 0.123516256129101 0.152297654393905 -0.0993525867984254
0.10681263452385 0.0402177766499616 0.121532807902403 -0.0755781499777697
0.106651891595705 -0.0102580179209442 0.138626312863742 -0.079906405565741
0.107807299245268 -0.0443206362479561 0.155236824375179 -0.0914757399499898
0.115484980541333 -0.0550502230614183 0.200157285365142 -0.0715208032444733
0.120945636526865 -0.013689737962955 0.222683051479814 0.00286323730758959
0.124855878444096 0.0418620110923486 0.179051254143609 0.119908372212421
0.0529881167837775 0.140814424642469 0.0623524502616083 0.176983029320998
-0.0736200217881436 0.159850223708517 -0.0603523603193758 0.128376657990709
-0.169113139953007 0.0359828870245086 -0.0450751638877777 -0.00517930470316332
-0.156949019396558 -0.0855613725549991 0.197524678006709 0.0547872901414275
0.0421214431114929 0.0600880215224768 -0.25122991733004 0.0309494636498326
0.0801963176082178 -0.0189667785222209 -0.00568470679672538 0.0353511175727267
0.0446505762024137 -0.0679212905554571 0.0386251400463219 -0.145434673127819
-0.0270647674122447 -0.0570501411177739 -0.105193643210773 -0.185784239366023
-0.0511195790553659 -0.0081956469596094 -0.229847727551631 -0.0981738923502436
-0.028023163270115 0.00803683950783925 -0.260653545389339 0.040280694080134
-0.0297403880554815 0.00613085417606099 -0.200238497830492 0.144175906347558
-0.0301609048512177 0.0054248981311094 -0.134696692644973 0.165207848008187
-0.0237849915954421 -0.00248360998027801 -0.119008683435193 0.134562051513015
-0.0129658557881561 -0.0140234769505616 -0.118806598252547 0.117932734676835
0.00475628944848878 -0.030883649232941 -0.1261802412991 0.119487337891617
0.0430312410758062 -0.0327390609480174 -0.177842081984566 0.100975395332519
0.0747447409666819 0.0183581270857789 -0.239953549237362 0.0416818921729632
0.0444316213320596 0.0747122023753633 -0.290014064219501 0.0382119078168724
-0.00853772575275662 0.0964298178540236 -0.320582228476111 0.0852559521761155
-0.0905405926737247 0.105274137380457 -0.231050951797592 0.00697523708034846
-0.00166869724629414 0.0748576695281013 0.0182923763721747 0.0294959050572909
0.0409784783257264 0.0550882860877774 0.0749021454622312 -0.17565592923525
0.0395946877918131 0.0238214407427133 -0.086588178303518 -0.231683653957739
0.0392477380115541 -0.00151998415180528 -0.243838638885866 -0.136200847630467
0.0397414979793689 -0.0217857925122685 -0.273887398156204 0.0217765289683597
0.0340149709934828 -0.0472222331466288 -0.210798976244109 0.131914039170752
0.0285345451789574 -0.056547923970882 -0.133230306696914 0.159969059435537
0.0424001807990222 -0.0570580441387055 -0.110816421215574 0.133327978419283
0.0609016400022183 -0.0257665006756961 -0.0991553935834131 0.114062174483394
0.0834519513176815 0.00237241297903708 -0.100721406211653 0.120600642010097
0.0816580988837616 0.0671129517087736 -0.142879370315272 0.12200424855644
0.039608195599224 0.132315195713855 -0.209047544819498 0.0737466391938145
-0.0586936286687876 0.13930353236055 -0.265848984847548 0.0779730448308287
-0.148120179231867 0.120766349574529 -0.293736966801062 0.10264083001499
-0.221312889604527 0.126299253992233 -0.168924936156346 -0.0195222805767155
-0.110755495872192 0.155469975217195 0.0701167694226434 0.0209450585846317
0.010313821822523 0.189383867387375 0.134277287430114 -0.20199252373333
0.0963469621519294 0.12854704775164 -0.0441287101077033 -0.278249376995224
0.135945508179326 0.0258021504074195 -0.232973940517792 -0.182518280009863
0.113646452853059 -0.0408867538524282 -0.259964367694934 -0.0104611220108357
0.0981412647885278 -0.0896870398629743 -0.19538031923435 0.0990419347792849
0.0818345820693607 -0.111701733961194 -0.112345078719755 0.130714243317409
0.0966245729387113 -0.11145116362486 -0.0794761389592735 0.111540018154549
0.119848853146026 -0.0495840925650542 -0.0563438835145217 0.098754806215805
0.153244568310537 0.00857142908650034 -0.0535264752350034 0.121005683535106
0.137681595935668 0.133328493176885 -0.0924556738859286 0.144610993530089
0.0401897923868081 0.225808571541436 -0.167665012804911 0.109129355060023
-0.122913685848399 0.205502063522415 -0.225757934802714 0.105567787566764
-0.25614377971935 0.144868014189493 -0.227850010956414 0.107872497181872
-0.324687171306876 0.119457136360561 -0.0688477026154908 -0.04279438489966
-0.225234222856608 0.202091334966593 0.144791131750589 0.0153366712469173
-0.0497462225064922 0.304591442459924 0.208523768623027 -0.207845500570624
0.123511491169933 0.240584603997124 0.026371707178396 -0.304511317339065
0.215886574575203 0.071312201320774 -0.18664718765523 -0.220944786057929
0.179783881227939 -0.0438140172129987 -0.214411788264848 -0.0473244748148125
0.152406489951641 -0.113949017785817 -0.154643815239675 0.0508235803411584
0.123713418251197 -0.149641014467882 -0.0749086202594197 0.0810130622550956
0.133211705786123 -0.154218156637009 -0.0332032272157522 0.0703517431187973
0.156967567755499 -0.0776843927863589 -3.83295739556114E-05 0.0686036633715272
0.200809674287818 -0.00452961737382923 0.00539043146129081 0.110062492937349
0.188085643788382 0.160941462718877 -0.0332976292352546 0.155252988330031
0.0595088840010086 0.28252856980487 -0.11992614091694 0.13086444300877
-0.15102693941491 0.25060121815622 -0.178926697446833 0.110008677634816
-0.320539375028101 0.156819572670343 -0.137509086604497 0.0936522105694315
-0.373786256418155 0.0850850292516076 0.0570564084680872 -0.0567599186634905
-0.311799255733658 0.196475551778162 0.227627456176423 0.0163920280823235
-0.123551599000942 0.360294008099001 0.276535283822442 -0.183085866879223
0.109650875610771 0.31877709954373 0.106187084814739 -0.292004464614825
0.254588108752594 0.118373030456166 -0.109437431360471 -0.234639027524117
0.219087780611471 -0.0336632370689042 -0.139833497643363 -0.0801813940138465
0.183977745291706 -0.11948680623525 -0.0925963526974786 -0.00243145186216952
0.146409191877895 -0.165760645554059 -0.025383033978089 0.0209152488547048
0.148779730351822 -0.176454019972749 0.0192390678087064 0.0169963752550379
0.171170603425152 -0.0972600725919568 0.0583594864570814 0.0270586415180252
0.219071054886113 -0.020841144663477 0.0650139011105331 0.087145164924743
0.208768898215343 0.163207357281004 0.0232103716561208 0.149494548649992
0.0685424213128828 0.297839545924436 -0.0750616555908743 0.136896641112208
-0.160696625150656 0.259495970729938 -0.135495552118529 0.0904667695222022
-0.339548915641444 0.143301201361773 -0.0399557806501648 0.0635286768991161
-0.354926201232304 0.0407690390117429 0.182495301449273 -0.0609679193327825
-0.331804823213267 0.14826403854447 0.298251619829764 0.0198243662354911
-0.174351064171856 0.334540348679981 0.317244892536765 -0.132960599745216
0.0659923858993083 0.329801555142574 0.172695362634637 -0.2417510413799
0.238870807926158 0.14371171020723 -0.0208582929945496 -0.216354949487318
0.217834971458664 -0.0191557797644635 -0.0522542914433321 -0.0982000505913184
0.184333113989985 -0.107401051667728 -0.0207145505594055 -0.0525196663570082
0.146408162421393 -0.157152791853249 0.0264178739410299 -0.0406200379046352
0.144864553482039 -0.171468892600383 0.0714346113872255 -0.041243628019304
0.166219198060422 -0.100137863825433 0.11261671115981 -0.0165690621789724
0.209950518678314 -0.0259835756190829 0.117754027715635 0.0637314873285232
0.195083010048915 0.154530818890787 0.0659849010432444 0.138065827422724
0.0535844238945341 0.280615147741499 -0.0420927315855144 0.133525768065549
-0.164043698748274 0.228761432824593 -0.0979888247655126 0.0600762164352942
-0.319004509575627 0.101989589602281 0.0528086012941509 0.0291266727292812
-0.266529095962115 -0.00388552247388986 0.283310261357768 -0.0582784623965514
-0.277645085735532 0.0766841130804117 0.340790073847423 0.020060742304511
-0.174304296888129 0.244691600827859 0.319892188941483 -0.0805083712518855
0.0215518332851319 0.269263485425378 0.207616923850858 -0.177849071742093
0.18095498775492 0.130658653168141 0.0548476647033602 -0.177628411829182
0.178171352341873 -0.00791949045076904 0.0275653435517069 -0.105381187159652
0.152945832261017 -0.0821028212203334 0.0456062223141886 -0.0932659270984179
0.124098837704086 -0.12564644703223 0.0718808802382344 -0.0948904896319066
0.123143560839909 -0.139849666083295 0.11825717026201 -0.0934238283906624
0.143510866347357 -0.0832825173114241 0.160551427934275 -0.0507721779809252
0.17683452625026 -0.0165569474307825 0.163156859921654 0.0493619861970498
0.152127072648204 0.139296600276512 0.0949244397482023 0.132291383089648
0.0207236099863706 0.237326388670391 -0.0206077091070721 0.130889515347175
-0.160887004025194 0.167998335148498 -0.0663250380386984 0.0316439776343807
-0.262308625736003 0.039775347949298 0.133397336205574 0.00372228020545233
-0.130514062781399 -0.0420117635371596 0.333964936847233 -0.0598337168309903
-0.165996674990386 0.00492764154519712 0.348096444822666 0.00493121790641384
-0.123941176717614 0.124369417387926 0.292999673577789 -0.0468517821182177
-0.00966402154718827 0.159993125356915 0.209028116870674 -0.125792990070154
0.101040397370882 0.0876598652451781 0.101713141633384 -0.140555222999735
0.110017716045399 -0.00131379125085228 0.082421303464898 -0.1077208879322
0.0960136438220064 -0.0462740285703905 0.0929231808776776 -0.121363871395243
0.0824350735019793 -0.0757129356976706 0.106370882953867 -0.133898074515609
0.084322346298887 -0.0880934315846925 0.155818603641972 -0.129733406937936
0.104347123634459 -0.0530910049398668 0.200172930825321 -0.0683518220329385
0.12585793938894 -0.00297254330502453 0.199274852130535 0.0505176948892414
0.0932886713554785 0.110826082212298 0.11116034427902 0.138861032045005
-0.0137967065570387 0.168352417731709 -0.012787378473105 0.134908344295231
-0.140157280060474 0.0888405465790901 -0.0414195798529613 0.0134282939597897
-0.172883037720542 -0.0279533771256428 0.196742552308223 -0.00611357278142688
0.0422804016959503 0.0573612894513158 -0.243189451482817 0.035420178166631
0.0771986568664753 -0.0196598186906848 -0.00219888407747088 0.0350815722365494
0.0404494147710936 -0.0663973082688241 0.036357036876077 -0.143632080194155
-0.0271520969330997 -0.0542278781838646 -0.106612983316491 -0.179818816445918
-0.0480601195106345 -0.00568478943380972 -0.228313148415299 -0.090639251992511
-0.026948565886562 0.0081766742735236 -0.254078795827221 0.0479426470102383
-0.0286680908223284 0.00587509241407769 -0.189881822930565 0.145829906853452
-0.0295199681299953 0.00575076749457061 -0.123362133037281 0.165212207239417
-0.0237503926605776 -0.00272500240160851 -0.111716515577274 0.137390071150568
-0.0125228227654131 -0.0142570615131165 -0.11251782404022 0.121048506579347
0.00484857024004102 -0.0306350234720711 -0.120320324630664 0.120866747174773
0.041257170520461 -0.0320503143510665 -0.1708980056681 0.10240383985174
0.0729924981941878 0.0163221612886622 -0.234446290420536 0.044488201777388
0.0440240327762009 0.071967534251884 -0.281816571612689 0.0410884900813762
-0.0057338884701191 0.0941225701440198 -0.313587773465736 0.090349833677473
-0.0865736535991338 0.105412433685161 -0.223084344439762 0.0118530638162225
-0.000986958930280226 0.0744643805563735 0.0211031446571604 0.028166408123982
0.040932155621037 0.0533585174478842 0.0712684319463773 -0.174402415360248
0.040437400016569 0.0234654212563811 -0.0894301176024604 -0.226011269647912
0.0401106777850425 -0.00180470841400601 -0.243424752530847 -0.126954529663395
0.0391433901943968 -0.0231302649644216 -0.26752398042289 0.0298538272534535
0.0319192023589554 -0.047638930622122 -0.20007083394852 0.134505457670815
0.0253715592869113 -0.0570497346324988 -0.122710315083432 0.160287904147935
0.0390981276759929 -0.0582291973974443 -0.103492648870061 0.135508620429089
0.0600391504298269 -0.0274319022009082 -0.0933385483110612 0.116601060968911
0.0825895686999276 -0.000911984599847608 -0.0951753142586945 0.121808265480125
0.0821706137154368 0.0638475755993026 -0.136301173279896 0.122221906646397
0.0425625695222984 0.129338808005704 -0.203566540599385 0.0753093397150857
-0.055404948603514 0.138011019278066 -0.256652844099537 0.0802372763460352
-0.142487913269906 0.12176121542676 -0.285934714590657 0.106400119865578
-0.213618986091279 0.129189998923664 -0.163293098278891 -0.0146077783159115
-0.105343416301306 0.155145411973323 0.070962054513149 0.0190837383044197
0.0153892479351115 0.184352768379243 0.128537380671524 -0.200417882450015
0.0987584381662782 0.125269540223997 -0.0478472891901136 -0.272162566706828
0.134283896652382 0.0216354512785442 -0.232968274307346 -0.172292743837568
0.110583005684607 -0.0432728231675565 -0.254694291160008 -0.00223007192147025
0.0932177271890072 -0.0907771361562135 -0.186550862301996 0.102444058319481
0.0758531077138559 -0.112332966589797 -0.10302525456425 0.130382923062539
0.0898466097376465 -0.113398833583048 -0.0728806444141612 0.113059949325399
0.11675549981495 -0.0523841503957196 -0.0513229107651884 0.100209788424573
0.150885563254569 0.00367034273578107 -0.0481885251284976 0.121876076810954
0.139294411193976 0.127466547993996 -0.085996980823331 0.143737439950153
0.0466869867035787 0.220114238428179 -0.162899464361801 0.110538696045667
-0.116337129577379 0.204818188235423 -0.217329973752016 0.107696540868251
-0.247604998374388 0.148579363536793 -0.221346908147662 0.11062039935391
-0.313604164097154 0.126476420728903 -0.0648594097800544 -0.039353593232445
-0.216619747342348 0.202899473868887 0.143000376768348 0.012343670943989
-0.0400664341908642 0.297668087819158 0.200699181412628 -0.207133290739953
0.128287486099174 0.234156531911553 0.0209878389897448 -0.298889978132963
0.213741758783016 0.0635968005216486 -0.189406579231882 -0.210922572649786
0.175218143234203 -0.0483599534264039 -0.211070229297806 -0.040895904484562
0.145821029750701 -0.116901536633836 -0.148100589272344 0.054171438946532
0.114583275447558 -0.15183087392218 -0.0685005257389987 0.0813602366375467
0.123235008284924 -0.156113747718748 -0.029332200891346 0.0706925002674243
0.151628369723646 -0.0800791020907806 0.00262804064475817 0.0685433908044459
0.196424329292698 -0.010708351746165 0.00952737523842405 0.109204944706663
0.189191969160793 0.153325253145636 -0.0276838161615719 0.152528708804522
0.0673100968128255 0.275105395465549 -0.115483362244157 0.131755134466292
-0.141804691557252 0.2501775574765 -0.171684860402842 0.111677387486822
-0.310920423698012 0.163089694745602 -0.132364705088317 0.0943835889386137
-0.3626019943353 0.0951656372322728 0.0569607095135662 -0.0561299894658244
-0.300520900616366 0.199670788723882 0.224159620167886 0.0109184757617123
-0.109378596431124 0.354644199994977 0.26775316816294 -0.185139799408592
0.116906789188687 0.310486450757442 0.0995368574339093 -0.288160520013468
0.252560151146018 0.107809095497929 -0.114148608868676 -0.226270230492116
0.213345991707827 -0.0396801976807057 -0.138181561692481 -0.0745540507486611
0.176585135317668 -0.122658436724415 -0.089512168410109 -0.0002019435620346
0.135785397723053 -0.16772757960428 -0.0234240356905248 0.0214779538722325
0.137783514676514 -0.177929006447207 0.0198272884835487 0.0161265070000695
0.164759102124688 -0.100260120939102 0.05816764356563 0.025390858868357
0.21260707066075 -0.027070988545627 0.0673343394411603 0.0853008534518729
0.209865813933187 0.154424270856588 0.0271351658489618 0.145670791798017
0.0766625848358832 0.288694941883849 -0.0722698768733733 0.137091534224886
-0.150091476507307 0.258830884644108 -0.129839448498616 0.0922208973401939
-0.329686478636041 0.151581771295177 -0.0373544904917163 0.0629509882155892
-0.345863708417583 0.0509435972620844 0.179751381030625 -0.061898465577998
-0.321713066103045 0.151733446645995 0.292496534500725 0.0141386860633605
-0.160468053916148 0.33062368853542 0.307826719020598 -0.136721889309738
0.0731209865386939 0.322693346702212 0.166714481774198 -0.240459176174427
0.237817756756022 0.132215341339485 -0.0259769809435195 -0.210641320874403
0.213085145106499 -0.0253092598967972 -0.0535503244311236 -0.0958207163089574
0.177139820243992 -0.11026755729412 -0.0220072090389637 -0.0514786455431262
0.13681977211674 -0.159376298665598 0.0240011631856931 -0.0401481482719309
0.134264397170446 -0.173194580435088 0.067897366667208 -0.0427947637100054
0.159533032786378 -0.102413646402083 0.110136783910559 -0.01927623088
0.2036082090458 -0.0313729550092455 0.118652711819901 0.0599513922722063
0.195321838105306 0.146300307177662 0.0689804509505646 0.133717750033932
0.0613287259190134 0.272342994278844 -0.0394373830792716 0.133402392103112
-0.154306591644966 0.228485183215393 -0.0939109664261962 0.0628427012186717
-0.309331519596234 0.110233670606629 0.052414692786641 0.0270307268285135
-0.259538817538071 0.00473267502214593 0.276969151797857 -0.0612422245774446
-0.269668684932029 0.0804307427170754 0.333025953451399 0.0141754566119699
-0.162629986176556 0.242451616431289 0.312306219913196 -0.0844791546240726
0.0276952647182612 0.263195123277762 0.200824986609761 -0.178313427069483
0.180583532932136 0.121806266222803 0.0489637179852176 -0.174226083462856
0.172699126206271 -0.0136608317934789 0.0246154895092556 -0.105061009461148
0.146798541040206 -0.0841065268394862 0.0410538111650614 -0.0935589654986713
0.11633614632736 -0.127637145090714 0.066342324321483 -0.0946445933028123
0.114631809918228 -0.141050316505465 0.110858266576835 -0.0950210114655684
0.137955923212578 -0.0850285751729345 0.15501055471787 -0.0547440203716929
0.171819141526045 -0.0219200966869246 0.162211517632987 0.0439291173235454
0.152577369649675 0.133026561268524 0.0970232007994704 0.127716982522928
0.0272215820906595 0.230501411697396 -0.0193372461094074 0.130493017128688
-0.152077347388751 0.1680963753798 -0.0645843953079732 0.0342023331221148
-0.25558993186269 0.047631321601617 0.130729157121637 0.000129965932445987
-0.127866279821965 -0.0365877834992518 0.32675600475306 -0.0635533061342233
-0.162894213884696 0.0078534904473013 0.340268490518427 -0.00026462522471933
-0.116509846210351 0.123194626956654 0.28575304896164 -0.051323092426747
-0.00472827459307077 0.156958052099487 0.203776690459336 -0.128205705271145
0.101112197668956 0.0825630381032706 0.096850208710345 -0.140153617865466
0.106529752377671 -0.00510374806821184 0.0781855368216375 -0.109095883605669
0.0918728935867804 -0.0480209647709312 0.0860082559273892 -0.122048671227609
0.0779366995751783 -0.0764679687822077 0.097940122173294 -0.134299641073797
0.0793545012223225 -0.0884565940332354 0.146322344425016 -0.131960356608803
0.100270944141395 -0.0547836219588442 0.193083647013986 -0.0738074903633236
0.122260076804635 -0.00593630870127837 0.196738573902903 0.0435051332296327
0.0941712434303252 0.106130058932835 0.111810703953257 0.134111681398092
-0.00823206252085862 0.163637653788224 -0.0105310644690394 0.134149050647575
-0.133828367400123 0.0901161429891241 -0.0402491872039187 0.0155904684954184
-0.169924514613542 -0.0212059347323851 0.191605897768622 -0.0114136351811477
0.0425351289260541 0.0547787665841176 -0.239702877115843 0.0416732013679312
0.0743649240986527 -0.0206894679910954 0.00108089263683446 0.0347787543394543
0.0375215478475605 -0.0660861745329367 0.0346396713666158 -0.145280653938466
-0.0281649577522068 -0.052339682460511 -0.11097238850633 -0.177039612625852
-0.0462625537900182 -0.00396633978767592 -0.230594067196147 -0.0832235069869334
-0.0266134015343613 0.00836410878330718 -0.251998411451095 0.0566358380978895
-0.0285550849242089 0.00649010994933355 -0.181807574725368 0.15048561953892
-0.0290983491364133 0.00708173396830099 -0.115795316529117 0.166226385551928
-0.0236309614563173 -0.0025061739161472 -0.105525290914721 0.142096305854029
-0.0122384024343859 -0.0146572275414329 -0.108054344159328 0.126029744295542
0.0047241107388221 -0.0305535225175205 -0.115614886055481 0.124653811412092
0.0403273357900801 -0.0317318348267178 -0.167152611333497 0.105883793136222
0.0723630228068407 0.0147045006720477 -0.232734853413355 0.0483198899852604
0.0447369195124893 0.0707812598589718 -0.279449266660324 0.0442234733268945
-0.00357935882976458 0.0924566436880345 -0.311438700502697 0.0962616017618656
-0.0844114615885798 0.107587103784729 -0.219372560329286 0.0174287223073486
-0.00044992306664686 0.0743576132261151 0.0240300186370164 0.0277973193223931
0.0414551854514523 0.0530727091603282 0.0689357573638193 -0.176310936893167
0.0413912449369443 0.0236064094324727 -0.0931607464001342 -0.222858200670874
0.0414564854111587 -0.00265546163489417 -0.246315247071889 -0.119613961214866
0.0383257928564243 -0.0246890666365335 -0.265738207131916 0.0380863574460452
0.0306080821472639 -0.049183797283138 -0.192630454194401 0.139227163944401
0.0228158696622602 -0.057664455666885 -0.114030865902735 0.161318234915165
0.0364458914282906 -0.0602047660848862 -0.0971495226156166 0.140030259236154
0.0601482409302181 -0.0297462307874831 -0.088284808847024 0.120729191511473
0.0829849571595987 -0.00339842835963798 -0.0903577433680926 0.125081306030209
0.0840231334550997 0.0628567374978042 -0.132287698749989 0.124725026441496
0.0453889198297369 0.127040936081228 -0.203044197764758 0.0793023978618217
-0.052904025163084 0.139008198596704 -0.25312653628561 0.0834066226084877
-0.138705541598311 0.124551669977865 -0.283210651397123 0.11232129124143
-0.209788770858441 0.134961920472317 -0.15994708688538 -0.0102681106333783
-0.102078369580601 0.157016004718771 0.0727181103491882 0.0173018601413627
0.0203472210526513 0.1826459573526 0.123920250492066 -0.203131209687438
0.102180400153623 0.122863484143915 -0.0528293617973116 -0.269326122063416
0.135031579363316 0.0173763377330735 -0.237372475799384 -0.163831615584839
0.109333119674402 -0.0463889336466058 -0.253265357919699 0.00553681952857752
0.0901787694549463 -0.0933099075797226 -0.180632069266536 0.106950195525621
0.0701836632463204 -0.115729927825479 -0.0954832398318801 0.131904425343401
0.0840276214023356 -0.11671412866369 -0.0673988839054074 0.115872870226501
0.115531218509879 -0.0561192939348365 -0.047388432129033 0.102486715011198
0.150141540128932 -0.00179555429367554 -0.0437758850550491 0.123309255403489
0.142772564816514 0.123616688282103 -0.081388112984806 0.145351431334933
0.0533891295076561 0.218137785851459 -0.161094204665264 0.114170476786593
-0.110915315745159 0.207172550179269 -0.212887837792684 0.111102809685316
-0.243209937697525 0.155720369199007 -0.217744809615563 0.115655893507547
-0.309210094858273 0.134003421504732 -0.0629040619867533 -0.0367186414937754
-0.211140015020698 0.207141005348474 0.144058432796726 0.00919501672758635
-0.0313088232127763 0.296614293291084 0.195399819532088 -0.211000536141408
0.134668781192232 0.230410855540011 0.0154432502287587 -0.29772757286899
0.21457886746295 0.0562045286834975 -0.194184555040698 -0.203261855427763
0.173154164868116 -0.0535992949063699 -0.210634896849086 -0.0346938374052637
0.141814043187503 -0.121347068894342 -0.144208496613881 0.0571763005044321
0.1073193621998 -0.155747537358475 -0.0638307529292707 0.0823113513508427
0.114835721334596 -0.160018984951508 -0.0255963203418451 0.0725415692459671
0.149085307185823 -0.0849737456047183 0.0053731551181322 0.0692376578260293
0.1948102410494 -0.0170727195604145 0.0139904023016993 0.109654137913727
0.193509834422996 0.147431238462982 -0.0225192660321373 0.152696598176258
0.0761424857588928 0.272133192767499 -0.113067923240111 0.134595850171448
-0.135091230057142 0.253211024887016 -0.167357910336554 0.114885843400454
-0.304245890280681 0.171935391846612 -0.129628383215039 0.0969544255673884
-0.359137943788496 0.104161338275903 0.058816734492028 -0.0552020777293718
-0.295037197818582 0.205736569050327 0.223435645981535 0.00695403938711118
-0.0979885018797617 0.353962023799411 0.262601657428245 -0.189231723240683
0.125367976931429 0.307796044102348 0.0949331849601974 -0.28909061812662
0.254854352738568 0.0986435270905483 -0.119910411191099 -0.220449643599863
0.211460254814715 -0.0461506120857826 -0.139791855039585 -0.0712929721778258
0.171937505642373 -0.127497446250952 -0.0878953716258884 0.00206242605607733
0.127850152599619 -0.172776763620744 -0.0219703356195921 0.0216896766137051
0.128310093692425 -0.181809324790421 0.0209074762911189 0.0159264397625347
0.161736771318439 -0.104617020877696 0.0592473158772062 0.0238924979554396
0.210249353880631 -0.0334749748003383 0.0713671340835434 0.0838823964765645
0.214021213236776 0.147357330672773 0.031393289124198 0.144785811748466
0.0866241145088956 0.285547465477727 -0.0696569653808279 0.14002305235439
-0.142174394052737 0.261681977210135 -0.12579702469038 0.0963328805519093
-0.323364829420204 0.162152550108566 -0.0354933501714535 0.0633975936297883
-0.341382751328074 0.0615168739972039 0.18054776324098 -0.0633747000309625
-0.317869870101476 0.158836247629357 0.291852048760497 0.00948175005666542
-0.149167865652799 0.331239500353578 0.303086165592394 -0.141552152386588
0.0828231029569179 0.31988612433782 0.161813381468071 -0.243168861651692
0.240384710589336 0.123489323409974 -0.0311889197766439 -0.207578141040541
0.209686783571789 -0.0320606200743492 -0.054783328564039 -0.0948513670026093
0.173411877159951 -0.115764513381309 -0.0233575079014271 -0.0513459630803637
0.12909945866044 -0.163637452430513 0.0230691327373461 -0.040242233371727
0.125191411457385 -0.176375103460272 0.0654834721263595 -0.0441778854161399
0.155480477159796 -0.106607307563222 0.108668411194559 -0.0224089764160466
0.200129960954879 -0.0372625720748451 0.121595503483902 0.0563973501911979
0.199737748014232 0.140665832407828 0.0723944003362295 0.131921828188206
0.0699888166192167 0.268719910101127 -0.0380832016206428 0.136014990606674
-0.147405636432933 0.231373191306316 -0.0916205460164202 0.0661105585787191
-0.305344607844174 0.119473844064194 0.0524920415465729 0.0250837912988356
-0.257776427036086 0.0136095016752989 0.277744485066883 -0.0654994751622197
-0.267115811577933 0.0865609367701333 0.332517585125783 0.00802188022609222
-0.153826721667774 0.243725011822805 0.307562096859364 -0.0911498704933019
0.0350256678355217 0.261277150957178 0.197911685897187 -0.182434229929374
0.182842155924542 0.113959161420798 0.0445059534645103 -0.17510138555495
0.17093403367648 -0.0194930416129401 0.0225359232877512 -0.106720406926971
0.14335197631322 -0.0889055991088817 0.0362971099609597 -0.0949913209829541
0.11046470337235 -0.131478457606175 0.0618202343024229 -0.0957465338259805
0.107450472324098 -0.143895609330115 0.105928974219571 -0.0974358991287513
0.134155219627637 -0.0883424373804876 0.151839825422985 -0.0593989133068716
0.169087574657312 -0.0264307637067244 0.163529944613096 0.0390207852480143
0.155500515263249 0.1277770600625 0.100075226985166 0.125214667550002
0.0353948184964024 0.227500969075738 -0.0164861492225147 0.132697620968212
-0.146074457388757 0.171067075519144 -0.0629829074969531 0.0373992063697941
-0.253057268867985 0.0555494287984425 0.129565806903578 -0.00396215135304527
-0.12673919497045 -0.0315965406231868 0.325655762683026 -0.0694787072839849
-0.162058840553371 0.0112200437371291 0.338371043875023 -0.00561490632201109
-0.111292862835173 0.123876157424312 0.283135750681176 -0.0573435325926749
-0.00133413587393432 0.155608157158394 0.200978772267319 -0.132720919226797
0.10199606886081 0.0765909582347518 0.0929118998696223 -0.143230319494614
0.103811878756956 -0.00915080329867376 0.0755311856581012 -0.111568042662916
0.0891901295873783 -0.0509006363840613 0.0801449029988585 -0.124799964045134
0.0741057616697537 -0.078811191382285 0.0906115071396147 -0.134949510783748
0.0744397911238188 -0.0897010397241884 0.139505505281516 -0.13546498313552
0.0978084136255676 -0.0575124422044078 0.188489529328342 -0.0797818887902903
0.119923633478463 -0.0101053594618212 0.197706181193334 0.0372045140438008
0.0973797320440321 0.102995592162673 0.114718319066097 0.131531047155797
-0.00303297590463305 0.161797330933878 -0.00880980741909011 0.135579403658673
-0.129728019545378 0.0918589582945724 -0.0399491560177309 0.0181047284510173
-0.169150499792268 -0.0155647681825919 0.190334498870553 -0.0166939938862443
0.0439390095982795 0.0526591950981851 -0.237219221838588 0.0514065659943227
0.0727837188814087 -0.0233982700093091 0.00508229227084081 0.0345117236971324
0.0338168320999171 -0.0660880848008739 0.0308365441743682 -0.14785988246676
-0.0293816138755659 -0.0509489958364405 -0.118910816460216 -0.173435389316105
-0.0446361544468541 -0.00136240062913439 -0.235091001857459 -0.0725116745063863
-0.0260528591171401 0.00922737016891109 -0.250566736012821 0.0698718534216062
-0.0282206743002735 0.00779899285527821 -0.173731099019919 0.158163190007026
-0.0286350435182869 0.00889907403942721 -0.105422798460118 0.169732074870501
-0.0247611926528762 -0.00203317730362416 -0.0964751475667676 0.149062620728365
-0.0127569080783513 -0.0152778968985995 -0.101389974798598 0.133109537058517
0.00378439775657377 -0.031308666366634 -0.110467754794258 0.130686586543872
0.0388387913526612 -0.0326751755264227 -0.162236407026115 0.112931529881314
0.0727395543085896 0.01187241509453 -0.23263353681995 0.0562904336557815
0.04683867588621 0.0685022568057798 -0.276570141318406 0.0531485190833741
0.000244418862428769 0.0917962154957371 -0.309258959162498 0.108104273897899
-0.080247268288084 0.111128858622503 -0.217715101025275 0.0262174171534454
0.00167029328568442 0.0755195201800379 0.0265095823604134 0.0264635533366408
0.0437120083560323 0.0516407877196462 0.0632193859777576 -0.179789138130131
0.0432772588848688 0.0223279922286659 -0.102624138558051 -0.219906245363013
0.0421722221768461 -0.00452881361726679 -0.252860129391342 -0.107191144545637
0.03742015649022 -0.0264073809466497 -0.264291676602556 0.0510987405249542
0.0282122939357748 -0.0512805361830208 -0.184673275705938 0.147972884542011
0.0190131012311504 -0.0594210760487492 -0.103996976448162 0.165746909230503
0.0322161035066877 -0.0624905166753498 -0.087768967980376 0.146138326218944
0.058844259316078 -0.0335145639643478 -0.0818661455117178 0.127114439854376
0.083103523965136 -0.00760152514731473 -0.0845953715045569 0.130377882123237
0.0881305654846006 0.0604529237902126 -0.126303263551078 0.13042601527397
0.051901931384102 0.12573697595752 -0.200739422146052 0.0873762597623278
-0.0474293275454581 0.141639065080504 -0.249866369651547 0.0912751492374598
-0.133993419774782 0.13076823548514 -0.279771002871539 0.123571285959346
-0.204076766497092 0.144716790482319 -0.157933399822172 -0.00414196033113506
-0.0967418611763254 0.162899897250047 0.0753025119986908 0.0139129453101428
0.0281040978947831 0.181827001675719 0.117235889172008 -0.208799824514516
0.108768865849092 0.120024956880422 -0.0626680835323881 -0.268194666485381
0.136761111719988 0.0106373947415706 -0.246119049496128 -0.151728292112786
0.107287283412127 -0.0517623918784083 -0.253134072063748 0.0174328199003485
0.0864850835758188 -0.0991512011307686 -0.173986314508702 0.114573429099493
0.0632223839884568 -0.11970002527209 -0.086543439858688 0.134791864495715
0.0759189437021544 -0.120942201577094 -0.0594647827678568 0.121077925724905
0.11388426186076 -0.0620346629567367 -0.0409729000256295 0.106917640025862
0.150131904165123 -0.00917189666334293 -0.0369181339599389 0.127021597700681
0.149724881058957 0.117715721699386 -0.0744830282091755 0.14962392405087
0.0642745519967247 0.21600128432522 -0.157619829035144 0.121053054703234
-0.102347478423172 0.212823066742899 -0.207538197822226 0.118124689120892
-0.236163221597569 0.167028716516609 -0.213666459567602 0.124412451401365
-0.302944113073884 0.147955880860902 -0.0611455183293537 -0.0340218685080218
-0.203942067358674 0.217054195018403 0.146021927130058 0.00372814688797648
-0.0173930385375782 0.296719365374159 0.188481842389419 -0.2187101624354
0.145935234153882 0.226178129127653 0.00508491148139252 -0.299656017694914
0.218197130937878 0.0456417989089949 -0.204341611077256 -0.193549226992261
0.17075437574815 -0.0617582477629908 -0.211862080214325 -0.0254257569753152
0.136072851763572 -0.129206221320251 -0.140686549808116 0.063999144447612
0.0975205951585115 -0.162043986650115 -0.0570544954958374 0.0843105292002063
0.104259937677322 -0.166190427422921 -0.020353106153253 0.0748020960579465
0.146253165062352 -0.0926706074668128 0.00984064080273164 0.0700526368811538
0.193570899237702 -0.0270404637911882 0.0203207670907836 0.110147402510019
0.201464946062897 0.139122032731561 -0.0153936748984217 0.154743382328399
0.0903648495032774 0.268469972474862 -0.108988657137049 0.14143827425333
-0.124513572523883 0.260356699929601 -0.161430464886596 0.121380349773874
-0.297724423183326 0.18721681831054 -0.125733095620685 0.102916618532061
-0.353036115911272 0.12224594478648 0.0601014896661579 -0.0576217991977455
-0.287383706369167 0.218780544411734 0.224747013263776 -0.00171189071601757
-0.0821536070252776 0.356087076180333 0.255725638363804 -0.199397708302117
0.140105916973573 0.303664377705722 0.0851850363686943 -0.293766333624135
0.259185390209989 0.0858016396033073 -0.129826637370797 -0.213252648922061
0.209581322582679 -0.0562540162798028 -0.142377096514279 -0.0658795529717443
0.166736546316614 -0.13704319672317 -0.0879950867171976 0.00541063154689221
0.117366273299759 -0.179918479172944 -0.0191934196816295 0.0226194626539927
0.116562241515019 -0.188329836106715 0.0224981948139616 0.0155835268938593
0.157136586005574 -0.112484931727758 0.0607991331007293 0.0216968283911788
0.207796053610331 -0.04361852658266 0.0768401737496683 0.0814997674144262
0.221898336177917 0.138309115623272 0.0386067098400646 0.144929778025055
0.100989686873152 0.281160761640373 -0.0644595495107611 0.145496787695536
-0.130743275752084 0.268706243230637 -0.121491392510904 0.101633887681131
-0.317213631169997 0.178015293050932 -0.0331514625085895 0.0648343079545801
-0.337124738225114 0.0778742931621895 0.181434241254172 -0.0707443244914524
-0.312026624944201 0.172519639785051 0.29346876677732 -0.00206671957633588
-0.1336656779802 0.335665766877769 0.298243058762615 -0.153355025504236
0.0970513812471251 0.317693506989485 0.154904121249145 -0.250480295689022
0.246192932031358 0.111168335635531 -0.0409908739170641 -0.206221076452774
0.208507314698842 -0.0430355120601753 -0.0583760107285514 -0.0938724710158747
0.168172747140389 -0.124896470308961 -0.0258888824090869 -0.0507452890965966
0.119409928345886 -0.171309670288712 0.0205901985032085 -0.0409648161327854
0.114311657341808 -0.182654102098357 0.0632788525901015 -0.0470354480259427
0.150551722991618 -0.114173211240417 0.107280619155285 -0.0276181381006502
0.196901746790464 -0.0470013425536971 0.124898319014597 0.0513585913806216
0.20681710021141 0.131112914410534 0.078840167997602 0.130723187587186
0.0844095961048916 0.26494041948431 -0.0327679558317535 0.139483475258961
-0.136285944976191 0.238202484802642 -0.0885439214323677 0.0704071522774176
-0.300069209813567 0.135435028264077 0.0534389545338512 0.022691667476788
-0.255714678414487 0.0255016328727799 0.277347261434997 -0.0760230819006424
-0.264838769657206 0.0974776618462947 0.334069835054612 -0.00333232160650684
-0.142278783553025 0.248465478853033 0.304988757147657 -0.102082878081052
0.0466985679161185 0.260714774520101 0.19191061821205 -0.191405837489317
0.187446451765861 0.104772587142595 0.0371436910884647 -0.176944020870651
0.168541832020153 -0.0281030924563248 0.018684577467777 -0.108681182250042
0.139175783369566 -0.0968779843696202 0.0313868232246278 -0.097293635523568
0.101641073104993 -0.137313639915141 0.0563758755559123 -0.0971419427056228
0.0981316459962234 -0.148777298438841 0.100148518435943 -0.102312442029892
0.1302648928984 -0.0951883432313813 0.148185453530089 -0.0673587617867299
0.166567670174607 -0.0348179045532179 0.166050798632636 0.0323233063032272
0.162783288286716 0.121608776290546 0.105248051837407 0.12198426637034
0.0464902401941384 0.224639200961443 -0.0120411898837034 0.135290255392268
-0.137486996101869 0.177111908800745 -0.0610435473580848 0.0406069096128552
-0.250503083265954 0.0694620301723035 0.12959798361331 -0.00993713639998997
-0.126967026909083 -0.0260408057250195 0.325640797580579 -0.0813812657715493
-0.162374818474461 0.0176310750036311 0.33914491392338 -0.0181743277924083
-0.105541681396573 0.127076692959307 0.280886498075916 -0.0666564380452131
0.00538876480312485 0.155818136364129 0.19717150388351 -0.142134720465996
0.105349645479388 0.0711049605537581 0.0873930131892813 -0.147530204766904
0.101860453875798 -0.0145093264939998 0.0712927829984369 -0.116694871966497
0.086642581132615 -0.0550010621884618 0.0727764287534928 -0.129008568679076
0.0685160899780227 -0.083796390055349 0.0821645140234603 -0.137700124089952
0.0685098362911275 -0.0936332636593487 0.130609880788759 -0.141323578015018
0.0939948064974804 -0.063022367939644 0.183213426839766 -0.0891911976408292
0.118854610859343 -0.0160104293545139 0.199218829388577 0.0280311098765754
0.102261554096297 0.0993439476520214 0.12115092784835 0.127585462877869
0.0048231576342333 0.160353285297833 -0.00351591299554768 0.137705648593144
-0.124207553204516 0.0969461908872085 -0.0396639524235289 0.0201074683800662
-0.169422680102133 -0.00709942928818633 0.188855649516747 -0.0257654547816915
0.0450443455267653 0.0492950159271662 -0.230504865544747 0.0646989025155872
0.0697032942728872 -0.0260861906812704 0.00848422384178032 0.033023516853873
0.0288477081734665 -0.0651442639088356 0.0233958125328404 -0.150580134403858
-0.0319233713060395 -0.0478566196781923 -0.12694919335839 -0.164342403946987
-0.0431760663110288 0.000720786169626699 -0.238020830473042 -0.0564533161499454
-0.0251904756520951 0.0107546494446497 -0.242638659046109 0.0859013549905783
-0.0280076315676677 0.00870476494608352 -0.160721708841129 0.167075174676259
-0.0273662957633792 0.0101064546437613 -0.0919448981999001 0.172415342818991
-0.0244953614549935 -0.000398926161141216 -0.0837935489182515 0.154467171212251
-0.0134089132596478 -0.0146988988476214 -0.0903744509687166 0.139748433703277
0.00195692986998618 -0.0319397116313466 -0.100536639662852 0.136529940662303
0.0368611703780677 -0.0339828775121685 -0.15333335541229 0.120106976141995
0.0724025512883853 0.00777532892110781 -0.227547423541511 0.0678998262249951
0.04941168717013 0.0644383381477313 -0.271175554822739 0.065354450728376
0.00547185383240698 0.0893053130040729 -0.301637569720226 0.124483310926703
-0.07327896515911 0.114539783883103 -0.212200262596734 0.0385037134489966
0.00549320799615094 0.0752181532178459 0.0298666141955016 0.0239492200332783
0.0458434372922359 0.0491561939283942 0.0532482522003143 -0.181948917440644
0.0447800846795067 0.0203688547631877 -0.113032530054582 -0.211987599810007
0.0423865243367687 -0.00711484433994834 -0.256343083654851 -0.090119584545515
0.0355949396820321 -0.0279995052250455 -0.258380735025512 0.0683365595088991
0.0240232922595595 -0.0531816450931 -0.172024231730235 0.15685412069489
0.0142150639710321 -0.0603001860834603 -0.0894944681525178 0.167706508864353
0.0266737864636341 -0.0644292074874729 -0.0750550406412004 0.151264706903203
0.0569047153679338 -0.037773418498008 -0.0716493039381377 0.132426397433987
0.0816747948163462 -0.0138698527472649 -0.0747800702423313 0.134941291577525
0.091501959859941 0.0547367996805823 -0.116522879624567 0.13550117416209
0.0593943539500068 0.120878567223544 -0.194826552289969 0.0971282912292807
-0.0389286265895704 0.142834364035665 -0.241288197734657 0.102289496905331
-0.124115998423117 0.136650093137267 -0.269985940262682 0.138121500012361
-0.193540043714664 0.155770088648341 -0.153525892487892 0.00495952841780675
-0.0869724058994675 0.167176988188546 0.0763322549224016 0.00911256674206908
0.0388212894808441 0.178657404045969 0.105496011068033 -0.213019003839664
0.115722847442843 0.113598571676106 -0.0756159494493733 -0.262110052187778
0.136535986572036 0.00213054966402822 -0.251895079266894 -0.133911594372258
0.103516598147942 -0.0581644365571723 -0.249132417485057 0.0331410480821922
0.0788232141897666 -0.104614698602935 -0.163736988179942 0.124203702957136
0.0535246992614418 -0.122419348067558 -0.0745233449106562 0.137348100583004
0.0654942269062024 -0.124679023614352 -0.0485257239895482 0.1241603127572
0.109570635322795 -0.0696096836957441 -0.0323315486331701 0.109185375298762
0.147820043690805 -0.0196050440940199 -0.0276971253889631 0.128785678997663
0.156367000879181 0.107957889292205 -0.0639172271295793 0.15227622107775
0.0773056766426092 0.20937512724566 -0.149799038170259 0.129065708269704
-0.0889670503326853 0.216928930713533 -0.198354687297818 0.127008261562269
-0.223443692231629 0.180212280782532 -0.203874576156033 0.135495233210891
-0.289388387366407 0.1656870962194 -0.0591748218376038 -0.0308562528755949
-0.19007828336418 0.227169621107356 0.145194152009659 -0.00463827640008872
0.00133466174367154 0.29354353500311 0.173902561868364 -0.226260133867081
0.15861550642604 0.216022056500625 -0.00932321129040784 -0.296985924645923
0.218514530115793 0.0309175333289743 -0.213074909681671 -0.176777919496215
0.165738462548167 -0.0723819734378465 -0.210651764953054 -0.0119165092168121
0.12665448275758 -0.137609874004333 -0.134232801136513 0.0714476712587443
0.0838385348355334 -0.166854167938201 -0.0491854546494989 0.0863062221469966
0.089794614759353 -0.171265788064327 -0.0138055065940689 0.076152854467584
0.139322364627787 -0.101222303174451 0.015286409131515 0.069387398611323
0.189074322318609 -0.0396398176451207 0.0285002130109307 0.108276161234632
0.209219567745538 0.125070484586903 -0.00526441236984518 0.154102175894818
0.106571479478849 0.258358655656745 -0.100236652595676 0.147582739317076
-0.1067003798373 0.265346744912803 -0.152244959131776 0.12822198182353
-0.282052835425989 0.205251743193645 -0.118290059151317 0.109217917848161
-0.340660817972097 0.142195720986335 0.0590073485349005 -0.0595966153949764
-0.272436087238797 0.233318435513202 0.223501298526145 -0.0136446849486124
-0.0587716409212878 0.355189232626843 0.241483803714006 -0.20987777505216
0.157467392139242 0.293516364296107 0.0697513984107618 -0.29656273112443
0.261232850991116 0.0673603370373126 -0.141406059596494 -0.202185974831286
0.203177694629448 -0.0690041748946993 -0.143691800990255 -0.0566527994756284
0.156122431584102 -0.147951869593176 -0.086473151010681 0.0104737459610886
0.102282790593191 -0.18572030030598 -0.0167198828904923 0.0227555936258951
0.0999374122953353 -0.193258448412444 0.024254291181421 0.0143160975769561
0.147853990689564 -0.12211757031754 0.0618318020734979 0.0180998017279656
0.202123503923284 -0.0563351245890882 0.0826112200118181 0.0764549961459899
0.229311570499603 0.122852354695176 0.0476768054136893 0.141263151130788
0.118687755910412 0.270031997728262 -0.0559070897082089 0.149037091748664
-0.112450658253657 0.274469084953557 -0.113490320068594 0.10687579474984
-0.301231604762615 0.197053416080684 -0.0289412559108399 0.0660976338089715
-0.327097867999149 0.0974785836359694 0.178818930118514 -0.0795943538264722
-0.299812597820283 0.189016043510405 0.291273898726296 -0.0172214217853861
-0.111618809284064 0.337731436487098 0.286860330649065 -0.165840033562286
0.115201685828403 0.308982671743871 0.140338554525491 -0.257430186377888
0.250321192197243 0.0926541163127688 -0.0530570614889999 -0.199972214983809
0.202374181186764 -0.055729442640273 -0.0631941283217766 -0.0903237511417829
0.15796757488881 -0.135821965530905 -0.0293139312462406 -0.0485547414349173
0.104596545806836 -0.177312302895944 0.0184006115242764 -0.0415915846616752
0.0982838363812701 -0.187590512785644 0.059431831104765 -0.0501561307343092
0.142100592426986 -0.123116857992879 0.103283133278865 -0.034883201914433
0.190828450520137 -0.0583564937260057 0.12831388412841 0.0433465486041327
0.213624318111647 0.117525824387534 0.0866912360890589 0.124841406791151
0.100557150830207 0.255146167014644 -0.0245913461451689 0.142568716525566
-0.11977322390703 0.24362036195809 -0.0828841432474277 0.0750812428610683
-0.286923965103065 0.154578683924866 0.0544643579209492 0.0193859868576378
-0.249453603014454 0.040419777206711 0.273264383974054 -0.0898574369474507
-0.256693361116656 0.111581362218168 0.330939838455464 -0.0212683579953581
-0.125653966889741 0.25214258879876 0.295755555485488 -0.115541870628796
0.0617488094083828 0.255364011368682 0.18024238847886 -0.201070477558131
0.191079650708036 0.0904701936280868 0.0254006812822473 -0.176282769836569
0.163879446704793 -0.0395652996686137 0.0117619506983606 -0.110748092723809
0.130737798146414 -0.10475640086123 0.0246201261762332 -0.098440217956358
0.0906472514803558 -0.142701005220715 0.0489107627212348 -0.098795059392791
0.0855457346745717 -0.153452930322706 0.0912992413224248 -0.107018452258985
0.122646445679869 -0.103230175858467 0.141440574961834 -0.0763369413468034
0.161004547815233 -0.0442819473292969 0.167008157455799 0.0213008879097673
0.168953157851474 0.109958125811772 0.112947566241997 0.115688681706195
0.0608867919656308 0.217288713459787 -0.00410585183875863 0.137222096054179
-0.12498607790812 0.183257595955265 -0.0578311367419121 0.0440583347511592
-0.242078711913803 0.0856643602771508 0.127183531632373 -0.0178882545124327
-0.125574147096652 -0.0180193623236521 0.320095243881339 -0.0974730344469144
-0.158987222666479 0.0269904226772151 0.335057280277829 -0.0354464761366037
-0.0965304640628869 0.131033867466006 0.273135769253757 -0.0803528299820763
0.0151487561147655 0.153386538027487 0.187558185922228 -0.152259361974484
0.10671206482066 0.0631293187443787 0.0772884198485118 -0.151552915707384
0.0982466203235683 -0.0204571285187508 0.0637945185709042 -0.122192528662424
0.0808669825037183 -0.0601028709331893 0.0629946309020855 -0.131899358854092
0.0615601259927689 -0.0863369863935334 0.071579251719049 -0.14061045961674
0.0609402017784625 -0.0955540294396703 0.117784741630863 -0.147538418151896
0.088670052430012 -0.0683943080666604 0.173649710899051 -0.0998728540161015
0.115026864361715 -0.0230935311759275 0.198978738242047 0.0155624971072934
0.107668040313667 0.0920203061333023 0.127841873789637 0.119699475892272
0.0149184549814645 0.156849579696474 0.00455596635562586 0.138332978440181
-0.116054543390106 0.102567713783228 -0.0381210273575299 0.0225500689277333
-0.16656573521221 0.00525718118959943 0.185347400881451 -0.0373613983390965
0.0472188977401175 0.0423467845803768 -0.209202665928938 0.0986752880091047
0.0605730894461986 -0.0358595821444779 0.0141903755997044 0.0328224219486371
0.0145848930189689 -0.0682222579951671 0.00122754234845573 -0.145002716448052
-0.0416869094615809 -0.0411003899692476 -0.14447394134228 -0.136369447178152
-0.0445360354494294 0.00926086216617855 -0.235210673967757 -0.0157359108308233
-0.0260763313029299 0.0193219198649302 -0.21518571464474 0.121518636321269
-0.0261497733227004 0.0173585101997407 -0.122786310196976 0.183765973053156
-0.023067888893379 0.0166141580532051 -0.0587003295408041 0.175598761080388
-0.0223766453761562 0.00543298804792094 -0.0560043680379511 0.160458410638126
-0.0139791053757493 -0.0114301060929991 -0.0667354578972417 0.149240202038192
-0.00141727286129182 -0.0302182312387415 -0.0770178140710092 0.145015944556176
0.0324570484954359 -0.0372466822725673 -0.132392770311546 0.135116149840545
0.0721537645160232 -0.000961638731424255 -0.212793773862485 0.0940677022174422
0.0594767251494473 0.0550915132630409 -0.251817815565766 0.0958060608053617
0.01934482807088 0.0860578789747862 -0.271478356021409 0.153760454165718
-0.0523869023107759 0.125950189560726 -0.195317176652766 0.0634697268901977
0.0190949356786842 0.0715172625675493 0.0300015164268428 0.0158172432863632
0.0517321122628762 0.0365893806813219 0.017881775631487 -0.18116370984226
0.0438622895852969 0.00891240024798086 -0.143184842570107 -0.182188950272065
0.0340520723461045 -0.0136223153518157 -0.258911404636377 -0.0405438856876077
0.024586299263389 -0.0279781466179144 -0.23157995310189 0.109559523229901
0.0128435935583344 -0.0536137940825509 -0.137565876456401 0.17911321106441
0.00461716504153162 -0.0565088900458755 -0.0562230456080394 0.170670537259806
0.0149617928036648 -0.0645093090804296 -0.0469090512932409 0.156561687946628
0.0499103000934324 -0.0457560521003308 -0.0495382693918705 0.139562095668732
0.0770973305082978 -0.0265276427999678 -0.0529860576681717 0.141121711237319
0.100650081475736 0.03885357806969 -0.096167826403267 0.143538124295149
0.0781252580919374 0.107978994259645 -0.175711530532969 0.11603676906175
-0.0134528804834126 0.14319959167893 -0.214907804269183 0.128435855680278
-0.0984320313566856 0.150732137231584 -0.236563881927431 0.166060556368244
-0.157771394383504 0.185539466084398 -0.143728522490429 0.0166799772490126
-0.0504545664354353 0.174596242901074 0.0695737179310866 -0.0109276926529904
0.0680380193819678 0.158770175650388 0.0570899157203927 -0.220864104621713
0.128626601402331 0.0829599976315786 -0.121763183611366 -0.23626781203457
0.123111266246526 -0.0225195761957899 -0.263184261084305 -0.0792764924220459
0.0838406538895059 -0.0676930787194267 -0.228467949404917 0.0758777623223173
0.0560315007126786 -0.113884529464616 -0.135387305985585 0.149511635404669
0.0307288239031933 -0.121997313515518 -0.04567078708141 0.14034567312995
0.0408812518661154 -0.128964546548503 -0.0255819793390157 0.126759758393525
0.0950139737083935 -0.0858372580549727 -0.0158181036220834 0.112406026054798
0.138749461803544 -0.0437544798839165 -0.00951923240405613 0.128862558452297
0.172453035770533 0.0779120699991606 -0.0450112963396558 0.151790076232929
0.110033977593103 0.188138316774592 -0.127768563363246 0.138811877178631
-0.04921167556767 0.220920629912848 -0.167877891934028 0.148326183181056
-0.186617564967077 0.208325055472812 -0.170587043234117 0.157025938271038
-0.246157506517307 0.210430657512929 -0.0584402799956476 -0.0352825822734967
-0.136358941793679 0.248566148274711 0.132043970553823 -0.0401806249321192
0.0532770994848734 0.273377885993913 0.115320645946131 -0.248367103807205
0.189488579600402 0.171093198272724 -0.07030851104035 -0.280765611406794
0.206036459771534 -0.010468525038578 -0.235579049814145 -0.123439500557351
0.140250905924548 -0.0930420994898374 -0.200329707490627 0.0288042962292994
0.0958055036639111 -0.15523947456149 -0.11771877422574 0.096022509694397
0.0525432394352286 -0.168485837760452 -0.0293267349829195 0.0887384921848631
0.0551978169665404 -0.178185816495855 0.000829230150625061 0.0754930872064041
0.117592445626843 -0.122644896647184 0.0237133312962608 0.0679015895492008
0.17421784410982 -0.0694476709279928 0.0413346998536681 0.103014709499662
0.226268815390092 0.0844800865937399 0.0105166894210659 0.146091324703854
0.145621351665349 0.229327313567296 -0.0781805545806832 0.148659370010284
-0.058559008727287 0.270416977420747 -0.121864712305594 0.143151488400843
-0.239872209440623 0.240254672665099 -0.090506775993166 0.122530976211347
-0.296599121036294 0.195914163285337 0.0510908434970599 -0.0836253983995131
-0.21147974107343 0.267828823362626 0.205845243824071 -0.0643766966373798
0.00770214237236702 0.341770611549099 0.180327959503006 -0.247281189521281
0.203132827994938 0.244222920348534 0.00199221929942888 -0.295493824863067
0.253614882631758 0.0153604839194406 -0.172434962788703 -0.157301662410149
0.176183157040407 -0.0981935509809326 -0.145154188206709 -0.0238013299188561
0.122543297067982 -0.171673845586762 -0.0834542442233529 0.0307760423424681
0.0653020339466252 -0.190910370616824 -0.00834535574958378 0.0255013293431058
0.0605993230294544 -0.201731247437421 0.0275821171760337 0.0115491918045805
0.122129947952323 -0.143484208736303 0.0608308770088375 0.0118984394989581
0.182477402703647 -0.0874231145206093 0.087858366459155 0.0646859418217226
0.245107771200197 0.0776656034990786 0.0587424810629743 0.127280714317263
0.159581219479128 0.237245315484625 -0.0348791180279376 0.144983249571537
-0.0620817844138681 0.279101595285235 -0.0866967726921013 0.118337970927709
-0.259008104478437 0.236063061068977 -0.0101981304563908 0.0706718775762376
-0.290389038158028 0.148870548967234 0.161824040133212 -0.118782692688844
-0.244136767769504 0.229551253569886 0.27195589337689 -0.0789316320089476
-0.0436610021807083 0.334340385836886 0.231982091145675 -0.214656392016503
0.167858875489537 0.266609695224637 0.0758539220634527 -0.2719605648097
0.247982000879319 0.0406253633639803 -0.0896409425422025 -0.17117870917005
0.178781894000083 -0.0876324675884738 -0.0741294318899891 -0.0689175302204833
0.127049066584213 -0.161574788719797 -0.0403817502714223 -0.035350172184533
0.0692583282387485 -0.18433714799202 0.013635236223006 -0.040572407062726
0.0597323042629103 -0.196795237288299 0.0504186940532797 -0.0549332564141776
0.11459396088936 -0.143611065667734 0.0935434413641648 -0.0447448167300225
0.171429446838114 -0.0881900479990547 0.127248609511537 0.0260567036272171
0.227685231478599 0.0746231685824121 0.0952182074008325 0.106340827699749
0.139420037967334 0.224973314345917 -0.00470220562150723 0.134819600262044
-0.0739985316371803 0.250632259582181 -0.062249702486923 0.0844478932682449
-0.251849135627855 0.191733364689016 0.0618738563197746 0.0157312884875489
-0.225449013021435 0.0789542167917295 0.249949899549551 -0.13776024181096
-0.216967825484881 0.148259052253665 0.311248499870328 -0.0851178042672221
-0.0716014142406209 0.256633441100133 0.252685530855156 -0.166482534889554
0.108805804297853 0.226556667181791 0.1266339816939 -0.224799802928962
0.194108933232327 0.0482043522441811 -0.00983716230332468 -0.165263165972141
0.145381100300122 -0.0663336435784789 -0.0065947291116235 -0.10271949953572
0.105860586523566 -0.127497859747955 0.00272099088456886 -0.0923182966785819
0.0611126004163341 -0.150395160328209 0.0322791360772477 -0.0983035664410683
0.0534545611754606 -0.162285748701354 0.0716252091295722 -0.113037429103823
0.0978135844818704 -0.121076728004016 0.123188158963692 -0.0899864536699587
0.145091048018663 -0.0703317813250556 0.16043202556652 -0.000690219325141882
0.183244165675493 0.0744795118597542 0.11923697915339 0.0942971047120734
0.0950059252714421 0.195168601346514 0.0148649113042109 0.127384481107655
-0.0882776087725421 0.193443204134201 -0.0438794202974378 0.0516780262996053
-0.219011643061643 0.117673261777263 0.124019128449375 -0.0287787420348761
-0.118160267508498 7.61023101303257E-05 0.292342211525608 -0.147146638685449
-0.140402243033196 0.049548446636016 0.315104975975679 -0.0942491928262209
-0.0655803089020622 0.135774035816363 0.242840907379715 -0.125581059255821
0.0451723392237923 0.138995571671651 0.146491910963309 -0.179243722168131
0.111381498124332 0.0365980340313912 0.0448386821145686 -0.153817333547667
0.087177277017425 -0.0392260253682704 0.0406778809136426 -0.124027941229392
0.0666498031507713 -0.0746626880558983 0.0352782451458472 -0.132770524478275
0.0434534123126873 -0.0931374065299151 0.0454059752084397 -0.140634370072983
0.0397883918841629 -0.104114910362493 0.0905183604267505 -0.15526765704591
0.0721159713057589 -0.0822395375805775 0.150404185528191 -0.118762881496394
0.105337404981186 -0.0426834904013803 0.190468979417658 -0.0117612658400878
0.120375612684806 0.0683795607360918 0.135816749846201 0.096963713623867
0.0408402548803599 0.144645377919608 0.0240688466501031 0.129471102918876
-0.0938044743872089 0.115157591982977 -0.0309017753906252 0.0296922209115853
-0.159605382476195 0.0281256112570544 0.173413082760052 -0.0558916998278499
0.0456367167754937 0.0384795009201837 -0.19388475134606 0.101818648841832
0.0560890695598852 -0.0354183083703041 0.0149969335635996 0.030132527748381
0.0116124715943682 -0.0638804743958808 -0.00392991464221921 -0.13952720439104
-0.0410134868959678 -0.0371701047658848 -0.141211299562445 -0.124309554135015
-0.0401171403860381 0.00992271067192894 -0.223176570606962 -0.00476474577430214
-0.023627664648035 0.0196041201582889 -0.198010529755786 0.126870719116779
-0.0244933323321185 0.0169842452290864 -0.108222951977437 0.179577250299835
-0.0209047361316587 0.0162874516805922 -0.0477155199922516 0.16736718138336
-0.0211244300763418 0.00617048903772465 -0.0437254159670639 0.154851297767719
-0.0134197649986941 -0.0106988976856603 -0.0553878657604068 0.145703353701666
-0.00277905759722237 -0.0290821767466111 -0.0665182731061339 0.141172754407393
0.0296803237937957 -0.035930767868445 -0.120679405154255 0.131561644820267
0.068317784533894 -0.00356424513536144 -0.199741641924377 0.0970088965806159
0.0569821133247456 0.0492622900259286 -0.236228630058898 0.0987175822032857
0.0207215234264497 0.0797959870464202 -0.253772512798408 0.155854174564042
-0.0453069737642642 0.122213660549923 -0.181360257042515 0.0674931854323466
0.0208309688698074 0.0680909722065621 0.0292206510571366 0.0136179147347427
0.0509242252380884 0.0337183101063522 0.0116714238859412 -0.173954540484351
0.0431557603920928 0.00676044728461502 -0.141995764240499 -0.168479429895353
0.03202118125409 -0.0151488183590751 -0.24641538472857 -0.0265425853865801
0.0225093897195523 -0.0276661608617024 -0.214697797690801 0.115173077417577
0.00878651676848879 -0.0518393954613089 -0.121111507048557 0.176033457956823
0.00158798108350319 -0.0543454966566652 -0.045474553833067 0.162431129184836
0.0107616087314268 -0.0616218338848487 -0.035084832226235 0.150300284767685
0.0454772504672937 -0.0462465134067438 -0.0398515614179778 0.135531107747497
0.0723581849091333 -0.0293714906200413 -0.0441394410244927 0.136330062104126
0.0980568780009332 0.0328286165781044 -0.0856302269686029 0.138949311772329
0.0782988587838443 0.099572410995785 -0.164347227237753 0.116080788998097
-0.00806172317256477 0.13568132399391 -0.199764175297712 0.129353348863983
-0.0881452991948652 0.146143995374131 -0.21927227376047 0.166428084463189
-0.14183696593255 0.182256282597904 -0.134841309313927 0.0199078327908614
-0.04118129590276 0.168026326578707 0.0659025737592668 -0.0128972535376202
0.0708885246831087 0.147684643916812 0.0472855954259509 -0.211573162913111
0.126462496634781 0.074739240781322 -0.122799028311628 -0.220336264800968
0.116163292991 -0.026662612465233 -0.251633412869562 -0.0629626752474788
0.0773384795158878 -0.067884855311393 -0.213461212051867 0.0827005667705053
0.0469575886497307 -0.111464865776229 -0.121044925234815 0.147037831812465
0.0226796858412407 -0.117475931914365 -0.0364182193824625 0.132979182839073
0.0316839017355938 -0.123899855794909 -0.0162244720776433 0.120669211527054
0.0865414184357316 -0.0865201609507842 -0.00875560369738147 0.108021856021214
0.129451150533089 -0.047526788037633 -0.0026138548054514 0.12332213095382
0.168359139755957 0.0663337580227546 -0.0366635399523731 0.145329506757254
0.112404661044767 0.173156706440862 -0.117303291277945 0.136769829786774
-0.037788385150956 0.211500887688862 -0.154204955026581 0.145320105175461
-0.168749393126554 0.204108070582061 -0.156333672015769 0.155054102480943
-0.224243107243368 0.208992829349649 -0.0546037572249087 -0.0328399889420002
-0.119447706337225 0.242072341525563 0.124211751349502 -0.0433176593336555
0.0610745245159897 0.256354552851698 0.101726607170638 -0.239080761212239
0.188230870261959 0.155982142527101 -0.0756426349252467 -0.265471762115375
0.194305603589931 -0.0190550509299534 -0.227156095408845 -0.105853505724248
0.128473757765794 -0.0944068240340611 -0.188762867501672 0.0360270914990638
0.0834201745867567 -0.153051520642207 -0.106467174821568 0.0960139744710072
0.0408161347634702 -0.163083743405589 -0.0234067753067908 0.0837492339776469
0.0426618034325471 -0.170138885212971 0.00597323107323442 0.070997013515193
0.106385064715055 -0.121857145290209 0.0260900061893082 0.0637420749967181
0.161633152269661 -0.073906552899199 0.0443972634746794 0.0959871704449927
0.219617851344993 0.0696784291190228 0.0162612120036155 0.138656894883488
0.148673573323631 0.210506341100643 -0.0686217177741333 0.145342001923904
-0.0440025715732576 0.258369733379002 -0.110514699074467 0.139319526503497
-0.217173630687625 0.237202691989214 -0.080692175377581 0.119470442617199
-0.271926805186938 0.196256620448177 0.0469799528292759 -0.0825131652429274
-0.190883889241237 0.262994859658491 0.192911129204079 -0.0688651280258181
0.0208381227721997 0.323760789641591 0.163826906870155 -0.240693634833273
0.2047727060603 0.224878481293393 -0.00771868501301804 -0.282304984309248
0.240073744871206 0.00324502293921491 -0.168585893419147 -0.141073193096693
0.16220168843152 -0.100657100530974 -0.137884011572979 -0.0174294447773183
0.10744773996442 -0.169815188547883 -0.0774351564664806 0.0334386778885546
0.0523155730472267 -0.184247745214824 -0.00629103021209469 0.0230159631764518
0.0460217449445937 -0.193123472822014 0.0274602287148356 0.0100852673225422
0.109053598856628 -0.142260917783713 0.0585101882799984 0.00859889844406599
0.168588243231852 -0.0913118376045356 0.0874958485201747 0.05754880207821
0.236772180397805 0.063194987590763 0.0618845592208339 0.119246734963573
0.16165571018802 0.21714836930133 -0.0277293093852385 0.140428668709982
-0.0463282926268828 0.265919714991543 -0.0787037819519649 0.114490059300786
-0.234887588756309 0.23525776375186 -0.00674196777214082 0.0674798615837836
-0.267411941969742 0.151968890978732 0.150943787610396 -0.119732413154533
-0.222962727643876 0.227759896577754 0.255315612793865 -0.0849846165598996
-0.0287432723531291 0.318153120660731 0.213595493142071 -0.210439354150295
0.171289859194537 0.247619257336821 0.0627391199830832 -0.2621243026844
0.235755095106869 0.0271464758378652 -0.0907050158370725 -0.157235414850922
0.164757134836802 -0.0904765563713522 -0.0731418596758244 -0.0642043230555349
0.111576938894535 -0.160112079903884 -0.038978078071813 -0.0315534903102825
0.0557468006047817 -0.178143022922733 0.0116506890711765 -0.0391374123433478
0.0456087632093413 -0.187570242029251 0.0457700744866764 -0.0536005589912644
0.101545542386514 -0.141630575877998 0.0862909172750982 -0.0462512185246049
0.157811095672165 -0.0905399268243114 0.122172978675412 0.020029285653124
0.220435139817399 0.0605364781371933 0.0950228727322664 0.0979392799055322
0.141959041866911 0.205847708682023 0.00110072774083177 0.128959279466429
-0.0588758383687131 0.239832595669032 -0.0569265939413103 0.0818467561837187
-0.229438390674045 0.192290677142024 0.0592092497728587 0.0122207783018669
-0.209418199353283 0.0834094063637802 0.233472981672193 -0.141559081430993
-0.20101963456953 0.149223643973634 0.293426180356557 -0.0923146109041435
-0.0583793117922883 0.245112673491138 0.235290653773924 -0.165370685612843
0.113271856502242 0.2110360173274 0.112032726743414 -0.21905951561758
0.185059730073818 0.0368020937590447 -0.0153696544316602 -0.155595657824222
0.133132421481961 -0.0685780811260262 -0.0107554748759043 -0.0988119993659067
0.0935564695609475 -0.126389152973199 -0.00208489673084757 -0.0876911806045119
0.0499067772293707 -0.145172110008051 0.0260497970677741 -0.0946009814460864
0.0414825506415589 -0.154816829867404 0.0619878080255615 -0.10923292548742
0.0873169891627296 -0.11962784857049 0.111136411726979 -0.0910977693143919
0.134156299869922 -0.0721584977454839 0.152539576692277 -0.00724765938387688
0.177462702024867 0.0630727056459243 0.117282585170496 0.0851919668589379
0.0978121958886336 0.179261656326244 0.019395133093446 0.121182870192868
-0.0750108572799402 0.185596690833298 -0.0407911845596326 0.050934493489993
-0.20186609343733 0.121114506344963 0.115989940929142 -0.0326157026446804
-0.110516540198701 0.00441002288290189 0.273080192689754 -0.149358266600549
-0.131702833919807 0.0522180443449114 0.295957226876862 -0.0999093306268749
-0.0575421203192439 0.130920498694624 0.226864480086409 -0.126442898855947
0.0489716781910402 0.130443440549009 0.13229463600205 -0.176828476608458
0.105972675102653 0.0293736308272348 0.0362507039467292 -0.147385555189091
0.0787754496103769 -0.0398460505908565 0.0325982110827645 -0.121000636057932
0.0587773618938939 -0.0734597689492133 0.0263038074371579 -0.127562971657966
0.0361145679612458 -0.0904068387873259 0.0368542261097654 -0.133612132713023
0.0327529820790328 -0.0995855662702253 0.0779395300440345 -0.149472535957598
0.064129829930971 -0.0812594563841203 0.13564321428144 -0.118471115830739
0.097115674618129 -0.0440512390993299 0.179812703012241 -0.0182301121997246
0.117694121083024 0.0593685880383744 0.132664006634894 0.0872916683085223
0.0449269925529031 0.133832691695637 0.0280522830099723 0.123096241306969
-0.0831951166697181 0.112025418977754 -0.029004157335896 0.0289856216543021
-0.148945860941452 0.0334048607734293 0.161564484250411 -0.0598513905557812
0.042953674573999 0.0367298281843081 -0.182633423445257 0.0996039212621301
0.0524173846457257 -0.03378912770715 0.0147694469605061 0.0286517597082588
0.0114269256203056 -0.0599835306803254 -0.00547390369073266 -0.134297520996435
-0.0386082224193407 -0.0345306506782429 -0.135815431127002 -0.117439433167631
-0.0367456882799865 0.0099811865913866 -0.212242266821235 -0.0015266624182395
-0.0213871707831563 0.0190394158072753 -0.185244421845071 0.125963603177902
-0.0234523114797381 0.0166745941018767 -0.0992088632174058 0.172700400105443
-0.019570295085374 0.0150338986449154 -0.0430271594150229 0.158588791243062
-0.0195653329898135 0.00591394853126125 -0.0374079548872261 0.147987596276846
-0.0131320519506369 -0.0103364888752502 -0.0493345666816339 0.140740745492741
-0.00386490062903009 -0.0282143376370682 -0.0613817350379786 0.135526937854911
0.0278591010600237 -0.0339668748576951 -0.114761721585387 0.125929178171282
0.0653966906048362 -0.00399886742219588 -0.191209687395745 0.0946774797769565
0.0529522069290148 0.0455267627411878 -0.223872421257202 0.0955074721855857
0.0194779629107047 0.0749928918580015 -0.241279401436726 0.150773867363384
-0.0421296632016166 0.117208635971334 -0.171144991850734 0.0654543321307664
0.020742067596825 0.0651742922139455 0.0279822924835584 0.0132285989297623
0.0496078473486138 0.0329366777233668 0.00974115705840035 -0.1667438186357
0.0423533967719626 0.00636501808278183 -0.137268427777431 -0.160156042273132
0.0312329385661794 -0.0149808395722835 -0.234279367044943 -0.0214016024112974
0.0221556355674577 -0.0271963608711139 -0.201905663592083 0.114683114922139
0.00663357526891654 -0.04976578393872 -0.11014793336617 0.169619826830028
-0.000162177872275513 -0.0525654623114991 -0.0397824917218681 0.153370087652668
0.0091045230419953 -0.058634869061186 -0.0289987579411782 0.143725120736281
0.04297068524065 -0.04594571874682 -0.0344239479598431 0.130752575005257
0.0678500194889841 -0.0292669877230436 -0.0390594594607799 0.131300689193151
0.0951026645561725 0.0300281796580048 -0.0803228735671346 0.132481556177737
0.076285686706565 0.0933062467516708 -0.156449877155189 0.113542777101362
-0.00762648772833189 0.128718226537754 -0.189666101431026 0.124216810770947
-0.0829666019499428 0.139869984684147 -0.208119924448509 0.160030483426606
-0.132480988703817 0.174971399655007 -0.127314290464127 0.0196474754894137
-0.0370825385145515 0.161653045194848 0.0626499873898665 -0.0127231605809039
0.0698256421856405 0.14062842429357 0.0439205282080169 -0.203050639007584
0.123361647163158 0.0701191875311632 -0.11949238934325 -0.210673592197857
0.110896676635402 -0.0275625709329043 -0.239037978159812 -0.0554256257259261
0.072962811794189 -0.0665300196569903 -0.201812499989542 0.0836849923056295
0.0412673789907546 -0.107838553238924 -0.110967931421177 0.142478633081964
0.0185880232413284 -0.11275919391597 -0.032684649312908 0.125289012355881
0.0272104588255502 -0.117827846541917 -0.0111373340398616 0.114656499111648
0.0809251926446093 -0.0847074944615191 -0.0055462682033077 0.10351554786211
0.122355051620339 -0.0481654135442339 0.000207670580680072 0.117914228092556
0.163066721913446 0.0603306325248892 -0.0331395719219019 0.138344338948804
0.110073795501421 0.163594467942243 -0.111128343349831 0.13232034231295
-0.0343670161574724 0.201173962620114 -0.146158222916014 0.139463876321506
-0.158445058589693 0.196273965649919 -0.147662566106795 0.148791657369996
-0.210202926156026 0.201331326596853 -0.0515972904384102 -0.032111939428471
-0.110778064093905 0.232349712248425 0.117974793471257 -0.0420568501589082
0.0612154500141224 0.244208853530516 0.0963325878448734 -0.229324828743352
0.183684168853015 0.147530037732849 -0.0744684774725851 -0.254786873212673
0.184896853588675 -0.0217898633803272 -0.21563255932045 -0.0965885695701273
0.122101720914366 -0.0924158410200211 -0.178992160245702 0.0370864038394831
0.075269347535493 -0.149193724122702 -0.0983737971691336 0.0937767822614086
0.0350827525463162 -0.15620173444279 -0.0205968519770288 0.0783424224073164
0.0362720248333486 -0.161479237124856 0.00889595975914585 0.0670498591108834
0.0989584145411767 -0.118929842789763 0.0269296833382355 0.0604715790574856
0.152501886130564 -0.0731964882928204 0.0454056888736813 0.0913612515817169
0.212394824842392 0.0626443427775206 0.0183085746433792 0.131336233255052
0.145638430341093 0.197232529940197 -0.0642328358385851 0.139839870965821
-0.0391287164750459 0.245743437065451 -0.104875068225588 0.133775141687665
-0.202836645316574 0.228937370884551 -0.0758005983772596 0.114227172208396
-0.255750886518971 0.189561689281765 0.0449178563564593 -0.0802580109281503
-0.179155535542768 0.253845707260074 0.183270234824185 -0.0670370523264649
0.0230751443058637 0.30791043988425 0.155582894280095 -0.229984269877524
0.200677911656522 0.21250896300281 -0.00962212698116643 -0.270753922802866
0.228612826206766 -0.000975292134968084 -0.161083220868995 -0.130562342784921
0.15315403882342 -0.0987475387792865 -0.132107104429559 -0.0152389557062056
0.0982996668645776 -0.164957156124412 -0.0719062989926713 0.0328370464259133
0.0450534130167824 -0.176691045304495 -0.00526083859431923 0.0205176011435632
0.0392343851275987 -0.183447213727437 0.0275428000243297 0.0084534247224879
0.101201421291988 -0.138091595703155 0.0559353885334702 0.0073441352654459
0.158640423474517 -0.0894546639427368 0.085310668881984 0.0540058612691019
0.228653521374736 0.0549617412793284 0.0620202577744453 0.113329860404974
0.157612448479934 0.202855616269641 -0.0248130921208496 0.135073221535924
-0.0404308654965912 0.253951804229023 -0.0739906663227436 0.109678975363628
-0.21868172371451 0.228087132098166 -0.00565208031455747 0.0634078059346355
-0.251446445805744 0.146814299892171 0.143746882727417 -0.116662940824306
-0.210472659546253 0.220332098300314 0.242495627667883 -0.0830670840971977
-0.0241996707615759 0.303432861714124 0.203263109769087 -0.201560469842692
0.169489670681663 0.234514674860174 0.0572675089915473 -0.252355375159111
0.224686632887137 0.0212350590306433 -0.0874376082550916 -0.147756325695502
0.154652760506142 -0.0881241114405231 -0.0707825999332671 -0.0613754270928139
0.102015705372822 -0.154778543691103 -0.0373879259483739 -0.0293533916527963
0.0486027836549445 -0.170771742681609 0.00998377514279933 -0.0385654905719221
0.0384796872433487 -0.177971769064163 0.0433778142502688 -0.0513345241753086
0.0935352389818156 -0.137082109943841 0.080248033449381 -0.0454467133533664
0.148152369339358 -0.0889301010567202 0.117725530159901 0.0177027820280516
0.21215500549275 0.053432751845415 0.0925972098410404 0.092500639844552
0.138372557938305 0.192781243421007 0.00225898665196337 0.124418954367083
-0.0513414199209043 0.228139768064614 -0.053631263419349 0.0784243863310693
-0.214643381191805 0.187263149626486 0.0569948758653571 0.0101860284496274
-0.197746647056887 0.0814911477511036 0.222497223059375 -0.137660221694613
-0.189470783391568 0.145065418060581 0.278700278770868 -0.0909140055581277
-0.0531103492554719 0.233606979347086 0.224185860270548 -0.158623713733978
0.1123554288497 0.200645259648008 0.105438985526597 -0.211631675960975
0.175767043744849 0.0315561845164769 -0.0153499557082306 -0.147379267264318
0.124620612405426 -0.0663342701975276 -0.01210118538677 -0.0961013885072903
0.0861355013820105 -0.12220266538552 -0.00349386441513594 -0.0838955031744852
0.0440165177247596 -0.139738028009885 0.0233263412171831 -0.0900887144319604
0.0353815302169211 -0.147181299053254 0.0571166905867173 -0.104075244394221
0.0801596405748478 -0.115328042211138 0.102547776782769 -0.0880389138738411
0.125814561610323 -0.0707308210244733 0.145464066885353 -0.00917812308990494
0.171187232640734 0.0564445578338633 0.113930689863239 0.0800963956163546
0.0959164770850708 0.168138292480746 0.019891045244429 0.116530662087538
-0.0677183055277115 0.176885196747294 -0.0388547393731018 0.0494629885061864
-0.188946864536985 0.118913382359016 0.109981173825545 -0.0329990763046705
-0.105602711747418 0.00529262514712014 0.260668580970432 -0.14519230458457
-0.124454439587962 0.0525509276021537 0.281535905567832 -0.098134780983852
-0.0533002627903775 0.125713864576345 0.216808951855666 -0.121572189806333
0.0493671472788781 0.123509918389968 0.124819013540266 -0.170006887734235
0.100753157741805 0.0259915503309651 0.0333614171541191 -0.141015176209556
0.0734782798017542 -0.0381704013428156 0.0282049910999148 -0.118193500711997
0.0546762043252429 -0.0707049874266293 0.0219379690295765 -0.121827007654403
0.0323092042054129 -0.0870952220761125 0.032788974766213 -0.126886923836148
0.0283278971423013 -0.094402873254855 0.0704158697421985 -0.141890039849245
0.0590706075332538 -0.0787668477079095 0.125158426382697 -0.114760243054606
0.0916700419281284 -0.0433092251994213 0.171196881896342 -0.0203176704382579
0.113781803616464 0.054113125170726 0.127376837453421 0.0818480600905602
0.0436718981141325 0.126046649666456 0.0283114484162595 0.117560233950383
-0.076613513107239 0.10659401193138 -0.0280320763135985 0.0280625784270402
-0.140891806356898 0.0345532924023197 0.152694650386521 -0.0593240532668304
0.0406122541363062 0.0365872056983081 -0.176830149074592 0.0959759903393684
0.0508917488112762 -0.0327017283361886 0.0150049320927992 0.0288609194256434
0.0125212782518998 -0.0574721703838159 -0.00462353086573262 -0.132003203277295
-0.0367083678001395 -0.0332625960549992 -0.131796687588093 -0.115884290911283
-0.0348107360451116 0.00865828353277315 -0.20593185626183 -0.00103828377687688
-0.0194155886326068 0.0181878322559637 -0.178665497233958 0.124291766195588
-0.0228752820942682 0.0167707793787598 -0.0950646034061016 0.167940065888888
-0.0190861301533792 0.0142154517052374 -0.0415721960676863 0.153695727673114
-0.0188376729269275 0.00557872453134432 -0.0347520254699563 0.144256458031508
-0.0125487158964286 -0.0105945598535242 -0.0462528959317682 0.138433549249624
-0.00325036824835512 -0.0275347861098142 -0.0600891994631392 0.131642047943385
0.027491001116493 -0.0326345706969747 -0.112789894754113 0.1208824996771
0.0633570216138907 -0.00394636157323609 -0.187743385667919 0.0916862955999674
0.0494810843778482 0.0439025287156578 -0.218127196738378 0.0905430851337665
0.0174282221027977 0.0722821488288284 -0.237173816337109 0.145768606388087
-0.0414438997327688 0.114441861627872 -0.166171035438572 0.0625798204760774
0.0199306235641397 0.0640039309966217 0.0273920503566912 0.0137602652921058
0.0495480412090053 0.0325591688703531 0.011095612484329 -0.163268970123521
0.0422988352708645 0.00637874638927654 -0.13219196300387 -0.157465331185912
0.031195295207802 -0.0154445137649822 -0.226968880243995 -0.0207888569701031
0.0220353283257012 -0.0263526511186836 -0.194764830846497 0.113397543990848
0.00572046958089167 -0.0488711570668717 -0.105402355803414 0.165102338825242
-0.000606023587490647 -0.0516525668342112 -0.0390257928338053 0.148111227946203
0.00838740239097811 -0.0570326040295445 -0.0262282808265022 0.138823707351704
0.0417485193190699 -0.0452760738615646 -0.0317619294551214 0.128722755252544
0.0659137522794706 -0.0292197098617415 -0.0379564774543918 0.127884684584346
0.0938405458579717 0.0294771248148104 -0.0794192063386601 0.128063719050114
0.0742068477440422 0.0910015550116998 -0.154211848470536 0.109357595502543
-0.00932040370953541 0.124712260690708 -0.18502876274985 0.119002250914683
-0.081845976241702 0.136240064235327 -0.204163005375551 0.154448343564071
-0.129225606569339 0.170043305952775 -0.123692214056672 0.0173004404569103
-0.0366236009707394 0.157152354169434 0.06126170468335 -0.0118107318320322
0.0680943313187736 0.137882616220556 0.0441912712103143 -0.198233540444686
0.121971284117829 0.0689355582490847 -0.114714699009778 -0.207175603429881
0.108160665599011 -0.027421695746563 -0.231459264378417 -0.0542007745549127
0.0717911556645583 -0.0651393463488493 -0.195841902599595 0.0830980646142876
0.0386609135267055 -0.105523742194485 -0.105450628543533 0.138556894967559
0.0167824294874319 -0.110343064331128 -0.0314779113507397 0.120185946905769
0.0258411157969082 -0.11418838205763 -0.0089036007793139 0.110769202736414
0.0787043312496299 -0.0839963299301059 -0.00407009440477057 0.10149491344566
0.118506944360929 -0.0472032931204596 0.000905697133686483 0.115579171457961
0.159919087594272 0.0582961686852355 -0.0324346780881789 0.134069859169148
0.107523437188351 0.158842687775908 -0.109767359959899 0.129256662979824
-0.0347628553884674 0.195127313929089 -0.143281350372777 0.134041170445311
-0.154984778497912 0.190676871986676 -0.145043155072861 0.143789330367501
-0.204426243355517 0.194488390615457 -0.0503231922695336 -0.0330558777460003
-0.108383527450177 0.226298575045742 0.114956156441793 -0.0400667976182979
0.0592098232851286 0.238657111219721 0.0964648928381675 -0.222645451887338
0.181175277064854 0.144614940387218 -0.071551693666674 -0.249916665206264
0.179764326284348 -0.0214733066257682 -0.207687960861198 -0.0934629486122482
0.119179401549251 -0.090818506057755 -0.173965462020767 0.0367167348301544
0.0709806475856212 -0.145337752220585 -0.0940705533478982 0.0914572859391098
0.0319969492984765 -0.152950502130892 -0.0199277265924371 0.0741124013265309
0.0342150786395347 -0.156150916939598 0.0102680123566799 0.0644848774052546
0.0959556815925123 -0.116669661789982 0.0264252349122954 0.0590673701319819
0.147670966897639 -0.0715514598547752 0.0449088571174425 0.089045089253658
0.20803169099892 0.0599247749209498 0.0180719953865074 0.127797562669358
0.141779242103416 0.191723943235442 -0.0640324542570554 0.136814635801913
-0.0379455340780061 0.239042410009325 -0.103019932495692 0.129336540362748
-0.196970196204769 0.222893737940697 -0.0742616597192518 0.110233158523912
-0.248149268310542 0.183126851051271 0.0445396574125817 -0.0795616586577522
-0.175279748441995 0.24603046903985 0.178253333707829 -0.0639699356385316
0.0218280530227648 0.299918572110647 0.154572701843974 -0.222715607278425
0.19811516069696 0.207434193039526 -0.00838903153290716 -0.265888492397394
0.22225447805951 -0.00173830373847143 -0.154431546946315 -0.127121365974392
0.149085458015632 -0.096238038788537 -0.128396019029409 -0.0154243724004313
0.0928879074933599 -0.161315161773027 -0.068851905647295 0.0320072624362064
0.0420184357921145 -0.172772126780249 -0.00563471387205753 0.0187513470557212
0.0363581923374858 -0.176547726608659 0.0273990291207335 0.00790597592711004
0.097490510665546 -0.135206076556055 0.054186001737711 0.00736300079827681
0.15367005677551 -0.0877858578084927 0.0840818952636688 0.0527796473775318
0.223624541722357 0.0523845934656345 0.0605121733459312 0.110152775504041
0.153494331116058 0.196765137274649 -0.0250995247549136 0.13167133922969
-0.0394825084898985 0.246019528694482 -0.07317510099027 0.106141683998184
-0.212890400440744 0.220705988435719 -0.00546816290799627 0.0608920733331862
-0.244999913053147 0.141774542507545 0.1404312046001 -0.114456672594479
-0.205060921843987 0.213480545522585 0.235938496726159 -0.0797538469747257
-0.0241715798357876 0.295509446968858 0.200525849031348 -0.19500833206042
0.167074027425877 0.229076136866741 0.0570079260685306 -0.247318903584006
0.217933052219938 0.0210064747952395 -0.0828348428206399 -0.143277262400941
0.150666008456289 -0.085574361933354 -0.0694367215247448 -0.0610979819730937
0.0973322100667816 -0.152307217887796 -0.0367353707460234 -0.0285489238450823
0.0452556198236102 -0.167127279335869 0.00972000846731364 -0.038242950521428
0.0356024963522625 -0.171633421697181 0.0422852076179125 -0.0502752885164009
0.0900347431048568 -0.133960591784779 0.0768861332383389 -0.043503014421932
0.143421133170233 -0.0865156895977533 0.115557972534767 0.0170388551855517
0.207539694891523 0.0505767109722781 0.0913342244382612 0.0905062198845338
0.134703700057463 0.186100341954469 0.00183144687155672 0.12123263159735
-0.0503738817588068 0.220636792253717 -0.0530853339797077 0.0760887953323325
-0.207382649099134 0.181789886074613 0.0551068793554009 0.00965058206424425
-0.192109045211407 0.0782449846092259 0.217856514041363 -0.133053763948198
-0.185038610889296 0.14071112868709 0.270926891554586 -0.0868151301877575
-0.0518933257967124 0.227655510930675 0.220604798435017 -0.153255764554234
0.111135013229703 0.195170149627551 0.1026267619011 -0.20685227156018
0.171032691404331 0.0298107187309544 -0.014624736393943 -0.142780549139192
0.121049796173042 -0.06362097373615 -0.0122837668805892 -0.0952170591699245
0.0823437590791029 -0.119346028028975 -0.00424164637602686 -0.0814386927661202
0.0414108976239816 -0.136035835995643 0.0225353231892379 -0.0879345730963723
0.0332314812593611 -0.141442570607024 0.0552946934833092 -0.100796038133354
0.0774265139304214 -0.112171687101136 0.0981043991547286 -0.0853456532427626
0.121891649707972 -0.0688102572186703 0.141971097784575 -0.00799833079547112
0.16722725468056 0.0547736731185141 0.111181967111469 0.0783436898873048
0.0928070560104631 0.162149307578406 0.0188249843020279 0.114685535801538
-0.0656176821856606 0.170083728093559 -0.0394433133770014 0.0482082538871325
-0.183164236210314 0.115534330956107 0.106788911409621 -0.0324647607189098
-0.101704342549285 0.00468229999586953 0.254812758158254 -0.141349601470823
-0.121369138007181 0.0506895571372398 0.273986381736008 -0.0936185770468124
-0.0513255491593271 0.121366035398745 0.21209947677681 -0.116344564062145
0.0483534761765148 0.119961866101492 0.121176993346004 -0.166260073354101
0.0971225870811344 0.0248638439564337 0.0319712494758938 -0.137297724412056
0.0707508851450571 -0.0358512076642534 0.0268928882178937 -0.116682323184106
0.052577907660505 -0.0687581233519961 0.0198706610458822 -0.119108229944726
0.0309146578040355 -0.0845464337016902 0.0314342149443501 -0.122727400108514
0.0269363249318146 -0.0909556501513343 0.0678167582399636 -0.136934830389448
0.0566494774065289 -0.0766283518908813 0.120053033040972 -0.110761947111514
0.0891921542586176 -0.0422115080932215 0.166859070289599 -0.0194459356369688
0.111484293028112 0.0527154327929813 0.124391477638872 0.0806798820540047
0.0423059630928328 0.122116822459505 0.0270266081112128 0.114544462221774
-0.0737164738090246 0.101991893129735 -0.0284981350022427 0.0273471145805923
-0.135929039993042 0.0339709239575888 0.148674680013956 -0.0579854393380653
0.040148690800734 0.037464815870763 -0.175769529690108 0.0957345183476018
0.0501363589235945 -0.0313573801239268 0.0155718734752978 0.0298173454421728
0.013639793041329 -0.0573864953289325 -0.00488502513242769 -0.132445027074375
-0.0359301380330836 -0.0329584506381845 -0.130956674659949 -0.11678872289724
-0.033720852048661 0.0085703902116008 -0.204954359059733 -0.00042135173698013
-0.0185247605273065 0.0182680964047938 -0.175537519120282 0.126283011087814
-0.0222635611825847 0.0170214268792975 -0.0930523236837617 0.167975748508319
-0.0190514703082701 0.0140785858367815 -0.0403579442106445 0.152848232483494
-0.018275131140368 0.00537468355169579 -0.0325801407188651 0.143370339282912
-0.0125002742104321 -0.0108617724665273 -0.0439096085288462 0.139772182240958
-0.00405488542288882 -0.0276669890975268 -0.0596374238675165 0.132497003955237
0.0282488451049416 -0.0319077088579257 -0.114249294201917 0.120255692597715
0.0631451439772096 -0.00398651052658109 -0.188999690303958 0.0912234641167477
0.046775615004252 0.0445506222924281 -0.21773619672938 0.0889427465624505
0.0162314069389931 0.0730187261628555 -0.239033722587595 0.144497166095825
-0.0419400019804993 0.114001245675355 -0.165409509992534 0.0618852601245658
0.0196475061883741 0.0646470436119002 0.02808574583832 0.0141963197719049
0.0502669647430467 0.0329642622250412 0.0118518098849301 -0.163685169565622
0.0439406442234473 0.00732959443641476 -0.131791904901302 -0.158918615841625
0.0315842084011461 -0.0157823171927634 -0.225655188924577 -0.0200656360640518
0.0228949923794032 -0.027332217315151 -0.192525163769352 0.115148978876416
0.00468284062652278 -0.0483791873965033 -0.102638302694049 0.164552887925862
-0.00174025776646313 -0.0523027359311553 -0.03826111141789 0.146865262784626
0.00803642541530139 -0.0571853028938494 -0.0235722668938095 0.13780537110243
0.0417117831378273 -0.0460122764914928 -0.0295462009339131 0.129114779726417
0.0656399225987309 -0.0296309609571049 -0.0371505131900796 0.127511990379819
0.0947694014921942 0.0294924950153109 -0.0800027776508142 0.127026581668212
0.0746551077468589 0.0904643200710521 -0.155479677238174 0.110006070646514
-0.0115877731395193 0.124988810821365 -0.185304582534662 0.117095190629395
-0.0828414206399106 0.135678174550082 -0.205445748201713 0.154059813333401
-0.129361251195413 0.169347479069086 -0.123095857114337 0.0161521178119006
-0.0364852838611511 0.157881171437674 0.0612920984047995 -0.0104494522268087
0.0694034434105922 0.138270608428353 0.0460590068595489 -0.198658723564932
0.124316345188077 0.0686390039371914 -0.114968721234619 -0.208642030084389
0.108868550658687 -0.0281612824717983 -0.229401966434386 -0.0539035710693724
0.0726875075827982 -0.0658914967249862 -0.193662964225036 0.0839041487710115
0.0368411851003261 -0.106169254500172 -0.102896033972438 0.138242331807393
0.0146263461473425 -0.111036766316852 -0.0308896527592156 0.118578892329949
0.0245593056015872 -0.113717129510089 -0.00648225687766004 0.109160024831352
0.0782825415623546 -0.0847192449152128 -0.00232842900922498 0.101664348434388
0.118243359415315 -0.0483301469326342 0.00244070194533887 0.115693218710947
0.161252533878015 0.0571786434027628 -0.0324179782350208 0.133113552982853
0.107948444317325 0.15823967977244 -0.111223526975794 0.129375302621159
-0.0363386284334699 0.195186387177559 -0.143120692353717 0.133083502878009
-0.155163951465622 0.190603072953974 -0.145181754914423 0.143067909545239
-0.203887277283636 0.194417281927219 -0.0502062538040843 -0.0343473012584482
-0.108585943120955 0.226001623420658 0.114330537908205 -0.0394416325849967
0.0602930750987615 0.238205492131149 0.097812104912113 -0.222762755772347
0.184628483590635 0.144117506662584 -0.0716021658362183 -0.252226028195879
0.180140871053273 -0.0222816845777009 -0.205654732214337 -0.0934540648302681
0.119724537471292 -0.0910453459067426 -0.17310252356309 0.037318091981773
0.0685504476503117 -0.145540244017327 -0.0909308187377452 0.0907167314953139
0.0287766015141164 -0.15400136674484 -0.0204344856130167 0.0730905804358032
0.0324759046862059 -0.155182979556894 0.0122775216684838 0.0632845249044837
0.094674332566663 -0.118347530182492 0.0272505012198288 0.05932558703441
0.147204860557749 -0.0726195591925905 0.0461977555168571 0.0890538312764792
0.209780078055311 0.0585945406300678 0.0183680418251378 0.127219150152992
0.142748211588289 0.190416424999928 -0.06528187584887 0.137104010941849
-0.0385223212892481 0.237485692502649 -0.103526547589361 0.128573227902493
-0.197174242283546 0.223496467805864 -0.0744952654715058 0.109448006349847
-0.247907245097829 0.182485887906083 0.0445462941272599 -0.0801613550475638
-0.174819269740697 0.24697258586509 0.177949561458612 -0.0637359268235315
0.0220621495365009 0.300400601996716 0.156569974338085 -0.222111993063906
0.201419528806603 0.207522395121205 -0.00893859473963466 -0.267825871054662
0.221503385538659 -0.00274483770283333 -0.153132606650439 -0.126429973152647
0.149327777833557 -0.0969146172583872 -0.128486759783157 -0.0150797310606324
0.0904640607478086 -0.162277643519273 -0.067089432188823 0.0319384927990196
0.0387589237923968 -0.173372030344295 -0.00620468431042663 0.0175134322421807
0.0339802863571342 -0.175211428281449 0.028461148630126 0.00666647222930738
0.096330459206356 -0.135738808694095 0.0538369624454842 0.00788108075668886
0.152745270051202 -0.0881733169559176 0.0850040686767087 0.0527044725223771
0.225025125839313 0.0506001652107637 0.0617196368380951 0.109382039264902
0.154520246437219 0.195611348704284 -0.0259545731139121 0.132643235592621
-0.0392147803930272 0.244460435313222 -0.0737925247728374 0.106342864703634
-0.211609300332847 0.220900256660352 -0.00582954201897166 0.0598827067334492
-0.243818370031913 0.141432487899364 0.140793897644956 -0.114465183372081
-0.205332955731388 0.214241201895999 0.235248211792407 -0.0790987677744862
-0.0234218191418047 0.294868884921517 0.202503902708412 -0.193923583698347
0.170469663716577 0.2281881866959 0.0560776457425807 -0.24869754006994
0.216877227413265 0.0189677297071939 -0.0813712236391264 -0.142602785713206
0.149754702451122 -0.0857844978893211 -0.0701263404561442 -0.0621543705065523
0.0954234436714205 -0.15285785462075 -0.0353842001272169 -0.0290373040808776
0.0426405170561763 -0.167215361021553 0.00886778798545355 -0.0384923903320353
0.033490509179996 -0.169836098533081 0.041986195127312 -0.0502123308725703
0.0888112040846779 -0.134073918293159 0.0756131678224191 -0.0434747968316718
0.14199417008694 -0.0865822830606824 0.116141806680417 0.0171096240247328
0.209179247247026 0.0489610464009784 0.0918439316434491 0.0900529863067773
0.135433630654912 0.184995240493875 0.00115358604340615 0.122541257136796
-0.0494345421128911 0.218608774589549 -0.0537906642960868 0.0760418606477756
-0.206277536661259 0.182371183280529 0.0546722759917987 0.00837910121423362
-0.190928460775322 0.0781693479957274 0.217997657186592 -0.133322685826641
-0.185166419223144 0.141586800888359 0.270265446374287 -0.085788339201091
-0.0511591433462836 0.227295069535678 0.221165398374485 -0.151626048282716
0.112616459357985 0.194365031013492 0.102207884324545 -0.20805347757331
0.169741404658661 0.0287375225376428 -0.0135866740845995 -0.142580881542728
0.119951843524409 -0.0631733865008002 -0.0134139547371042 -0.0970660280768018
0.0807174383041971 -0.12011699880769 -0.00438113125696459 -0.0815993035109067
0.0397319725995255 -0.136650427907417 0.0212958391248264 -0.0874067785400605
0.0313936579448394 -0.140265250151328 0.0544876159256943 -0.100441853615325
0.0758764065975079 -0.113005540110624 0.0966046070725435 -0.0843735805777458
0.121079155135959 -0.0683704923763593 0.142557425395083 -0.00852960683767041
0.168400329193796 0.0529594244364584 0.111820212849597 0.078033715941279
0.0936662088185991 0.16105083794455 0.0183572871569836 0.114809401053854
-0.064765116246829 0.168139988986165 -0.0403030180073253 0.0477279447103562
-0.181700677932355 0.116766267078935 0.106783410922849 -0.033176851502459
-0.101550820105367 0.00493755685206194 0.255736197032384 -0.140171058587392
-0.121051338670374 0.0511884510538402 0.273812791624855 -0.0929652051946821
-0.0511557998191298 0.121127481979049 0.213158244708951 -0.114852296497564
0.0498723443830621 0.119653770695408 0.120529660643964 -0.166518784344273
0.0959438612604021 0.0238737955220885 0.0322808569695302 -0.137271107668844
0.0697622270500267 -0.0349026171320274 0.0256109818675719 -0.118182433782946
0.0513190498176833 -0.069015128111849 0.0188539421385379 -0.118460382707341
0.0298023360459361 -0.0847577072273788 0.0310841238966626 -0.121937422112977
0.0260580310656984 -0.0897377612117401 0.0663136460519838 -0.136080973310873
0.0558812301855162 -0.0767273314592961 0.118216996546605 -0.109462535837416
0.088334659373014 -0.0421640547064657 0.166703015441864 -0.0197417560206845
0.111847075061998 0.0513262024646715 0.124317982187415 0.0801477101339348
0.0428056797901672 0.121032036808545 0.0262924571649072 0.115217742576031
-0.0731981327344632 0.100447509601262 -0.0292347158811949 0.0275638727306105
-0.134788421323168 0.0351297030563771 0.147945436262549 -0.0587669823441815
0.0432143553618954 0.0361369138398279 -0.173647880922345 0.108057141514081
0.0462069849700588 -0.0354823270408046 0.0205131956398076 0.0333882481262327
0.00595031438694557 -0.0589275064188991 -0.00877717814915269 -0.13161399478108
-0.0421439353540233 -0.0287065688430249 -0.136259093748896 -0.111051911213584
-0.0347887288416704 0.0138740939442313 -0.206384275466409 0.013324844528148
-0.0158117467163883 0.0226212681600136 -0.165387997467326 0.14007779870494
-0.0202193011989676 0.0212796586590288 -0.0772239717381864 0.173603382017361
-0.0175986238653825 0.0161603133084345 -0.0280813112375887 0.156801793129097
-0.0179193224804319 0.0066308264801048 -0.0202704192044637 0.149396163149741
-0.0148246596021452 -0.0112377110965406 -0.0323625657708105 0.148800353601793
-0.00831428929286172 -0.0281718002065468 -0.0508135019556924 0.140764416887814
0.0242490210270061 -0.0377745346771468 -0.110930221520907 0.134269919001836
0.0621950307219025 -0.0133029538943311 -0.191795507178987 0.109916472946954
0.0498088017491208 0.0383081527445925 -0.219755103506476 0.101902079942021
0.0196429233659359 0.0707577822029942 -0.23665901832571 0.157380317159846
-0.0288130434478474 0.120458134617043 -0.170267215746916 0.0665896463010846
0.0260595274942308 0.0620790262099383 0.0265917284294183 0.014526889485161
0.0527376927589777 0.0255028019532405 -0.00230008831707358 -0.161784497731873
0.0430008729655929 0.000927858867184586 -0.145046784850342 -0.148455684977592
0.0270659205975353 -0.0164011188586746 -0.225924041054661 -0.00106332537623534
0.0213595333761563 -0.0264588050451893 -0.181269285560331 0.132019464837052
-0.00131063117555415 -0.048069101236099 -0.0849578286815132 0.175500454608652
-0.00670987115044944 -0.0509638647296745 -0.0246851217442223 0.14974098414843
0.0020154316297394 -0.0576879612129301 -0.0110482925007539 0.142468369233643
0.0362380542238308 -0.0521442055074867 -0.0192839782258859 0.1378985378772
0.0602649893655213 -0.0370915011919777 -0.0288347626334537 0.136700743220865
0.0973018073774524 0.0168780638636452 -0.0782893380126113 0.138128927612955
0.0822833520155863 0.0811138525243745 -0.157930240462591 0.123246392671813
-0.00401856075965977 0.125731653857708 -0.178365469545647 0.127251024965546
-0.078178866690883 0.144374568465148 -0.193545455498865 0.16571153932901
-0.10841411619868 0.183007989610235 -0.134416990018814 0.0123996435566105
-0.0193178341044438 0.158763282550731 0.0519345615819399 -0.0159177377022205
0.0835025717930278 0.127796811585921 0.0208601397280256 -0.19887740453829
0.130410261220316 0.0516135854757578 -0.13816581096866 -0.19421978459047
0.101398817836936 -0.0368792214572611 -0.231195291461367 -0.0286041218033045
0.0664481692407371 -0.0697574950021293 -0.183758222764615 0.103061361721206
0.0234849789866196 -0.109640564633661 -0.0853025271893385 0.153545377625051
0.00464676365482942 -0.111417517786972 -0.0195521778229867 0.119843731261353
0.011934999042481 -0.115865032731167 0.00330925292153797 0.1115414998625
0.0687684224438065 -0.093369342087004 0.00668108558078692 0.108597761504184
0.110763232570451 -0.0605111430754346 0.0109163659050381 0.121969294353858
0.167202840458352 0.0384937745734319 -0.0299685175244617 0.141058686260093
0.121739437055523 0.146018145723836 -0.112618683507714 0.137069613887862
-0.0224530855538546 0.199833894521185 -0.130977262576658 0.138231455571302
-0.148136543413001 0.207812909538965 -0.126069078333309 0.150341414718816
-0.179468922800567 0.213545668462007 -0.065333549375452 -0.0481309823514158
-0.08312404627292 0.233277837836092 0.0999182023717163 -0.0528748182311501
0.0854480699661335 0.227277747026854 0.0630391747267963 -0.228102080869222
0.198969314350159 0.118024073778794 -0.105476570048254 -0.237269965809044
0.171902568878205 -0.0399268861113646 -0.210952753383563 -0.0659865173939847
0.11006253095582 -0.099357341611913 -0.166172833358232 0.0560754452592735
0.049894770152765 -0.154321321230001 -0.0773813032508351 0.109070486669673
0.0143790043419515 -0.155261836454323 -0.0117368350998317 0.0734090370063777
0.0149059387741857 -0.156917685882913 0.0184447472118399 0.0623568691038062
0.0820407243087502 -0.127855005786942 0.0335448526840488 0.0630581937414619
0.137325241495939 -0.0863309744217484 0.0548423400745496 0.0917257948322936
0.215668818370999 0.0345736956752429 0.021500519643445 0.132247555354522
0.1602272076813 0.175840686257603 -0.0661548885542159 0.141110923189562
-0.0212391408026228 0.243891321535906 -0.0886659967716054 0.128926423745056
-0.187949058058033 0.24562459531815 -0.051810792602879 0.11113767312557
-0.224430051997452 0.205630244776796 0.0285294584334318 -0.102308742085662
-0.146971301582389 0.259177867319397 0.160406077118219 -0.0853368886442508
0.0556325940088401 0.292435695320001 0.117139007819578 -0.235126346688244
0.223801497314248 0.177525349897786 -0.0488300817280963 -0.256770547253684
0.215305596860077 -0.0258856596895901 -0.16090698308971 -0.100285550061841
0.138473371204312 -0.108856073310836 -0.125741789792865 0.00115660611407793
0.0695405387948818 -0.173719283730919 -0.058560066639757 0.0496264497101991
0.02308883849783 -0.175616016640402 -0.00236185945585936 0.0166293914995722
0.0146504222451638 -0.176824974742608 0.0300989571469102 0.0033819367026942
0.0816626357749668 -0.1454487784473 0.0562915702526098 0.00790236678502249
0.141009652566131 -0.101778149858534 0.0923681854195378 0.0511157243134454
0.229445318006207 0.0259174599849978 0.0649948740325916 0.111146668354901
0.172314547969959 0.180534546594288 -0.0264077168522344 0.133325323595206
-0.0203506452080443 0.250657364145596 -0.0588254738583346 0.103254374457449
-0.201852855492974 0.24541845177846 0.0167153849037648 0.0570349900519141
-0.224984243286526 0.162596008299378 0.127154491818412 -0.140871756044302
-0.179493116071742 0.229468531639554 0.219373730509995 -0.106658039974631
0.00988550178497224 0.292086601947221 0.165635701998053 -0.213495950403883
0.196093599748794 0.20192224453313 0.0171458648415344 -0.245135576654777
0.213800716943947 -0.00431063847465035 -0.0926307793937233 -0.122766965496228
0.139911553457465 -0.0978995663015663 -0.0717074886699849 -0.0509245250814813
0.0758234295273114 -0.165570793897613 -0.033859981205368 -0.0133876202129599
0.0268858441608874 -0.1705266097066 0.00732645988318309 -0.0409427475596142
0.0152285808500938 -0.171392905342433 0.0390239886756323 -0.0558148331114367
0.0743592656526191 -0.142235255006063 0.0745133991392736 -0.0461759059958179
0.131567234343525 -0.097888072335919 0.120941650199416 0.0117104008189411
0.21279255494873 0.0268628465589763 0.0947630486447345 0.0885095616835755
0.152035899778388 0.171752061326026 0.0019027809208549 0.12086244099484
-0.0331597779701864 0.225641802722035 -0.0415094043806325 0.0731652541693062
-0.198560937764744 0.206394565587427 0.0739030899898307 0.00273596360102767
-0.179860909668648 0.0935497228550918 0.208424233477191 -0.160040300593474
-0.167222562556308 0.15392583463691 0.257951599771409 -0.114333808968016
-0.0256812617541292 0.226945546572375 0.193942905587072 -0.172784165548421
0.135439497251451 0.174898471398238 0.0693991122995627 -0.210282213483155
0.168309867499942 0.00933172386245819 -0.0257724625053714 -0.13128340494264
0.112686410158165 -0.0736748333274946 -0.018732821687568 -0.0910211991395423
0.0650950698417805 -0.130874019189776 -0.00916229103307037 -0.0717663070506694
0.0262209059691097 -0.139418219598729 0.0160004859742524 -0.0905848892457957
0.0159252548735369 -0.142063200658706 0.047120651626707 -0.106725522185735
0.06409059064425 -0.119670725755354 0.0921864569641395 -0.0904907367990947
0.112362861890204 -0.0780799731149948 0.145771337769523 -0.016932039052538
0.172834172430618 0.0351761003412099 0.116445968988241 0.0741020023055191
0.107777252215409 0.15220808669745 0.0208182495783113 0.111812383919248
-0.052211657320738 0.175667500713181 -0.0305287052562102 0.0466535748398377
-0.177253167685231 0.136961247499482 0.120800130632478 -0.0408447613943062
-0.100132633008988 0.0116672996480854 0.251330871569217 -0.161683051830912
-0.113439371735022 0.0575908817916908 0.265826816203153 -0.11667717896706
-0.0368123809451351 0.122064658155604 0.196760995824067 -0.134414697117506
0.0640086750033863 0.108183799361376 0.0982126963857782 -0.173289159343199
0.0955417682573948 0.0116005959416804 0.0204445696405651 -0.1339743634214
0.0641460419524009 -0.040887370511501 0.0170682142556252 -0.118305861031971
0.042924701743732 -0.0769426787474049 0.00856748418717631 -0.114151779471025
0.020889712941608 -0.0878414942552077 0.0214843766390672 -0.125608676960022
0.0162397155516258 -0.0912715581602411 0.056517004618357 -0.143798422819524
0.0483429365377449 -0.0806100111578897 0.110847109649782 -0.118885052473064
0.0824407685791166 -0.0480695419945472 0.169984496029072 -0.030638043188007
0.116113729605644 0.0403150913554717 0.131310710831253 0.0749400862346262
0.0527510407072987 0.116776401552504 0.0319710051186839 0.112878120820415
-0.0667925496900934 0.107000569282013 -0.0230231642084024 0.0283802209873938
-0.134408675529175 0.0495416575384985 0.15617535676638 -0.066357866588599
0.0450593944043217 0.0350111192771956 -0.16894800886416 0.115709096077775
0.0442321916524116 -0.0360480680030587 0.0247780440836178 0.0334756066139159
0.00358770906402799 -0.0596367701099239 -0.014367204150438 -0.132612742453862
-0.0428256212146293 -0.0263792996903983 -0.142360409742193 -0.105990246125464
-0.03312081656953 0.0147720973462935 -0.205464378829494 0.0231727311062259
-0.0141563550986546 0.0220899505838864 -0.155919273845615 0.148434346743287
-0.0189890977307866 0.0226669487484859 -0.0670110024902505 0.177391157909283
-0.0167273630877124 0.0174973067650699 -0.0192242269561773 0.15780674314072
-0.0176748711396094 0.0074902787640162 -0.0111732908990003 0.150382121363872
-0.015131384813486 -0.0105893493019563 -0.0229298003248556 0.150135362170065
-0.010141568998542 -0.0276419148233353 -0.0441388987959013 0.143775972297496
0.0230577994089622 -0.0383949748521351 -0.106357103424348 0.140172589463023
0.0612483094935889 -0.0167769312895335 -0.187780421585675 0.119722841507707
0.0498110484550834 0.0373875982620761 -0.215405200693019 0.109832871200641
0.0226676239432139 0.0703440734452284 -0.232179342686649 0.168653565437473
-0.023238120048344 0.123063186431077 -0.167870416609653 0.0739607890179541
0.0285779642727637 0.0620747338738501 0.0286675759315161 0.0145722654893686
0.0556004768735689 0.0232865486639781 -0.00923797168875208 -0.163969914077781
0.0442787729805867 -0.00193129834582757 -0.15287129948849 -0.14278252160491
0.0271448953049088 -0.0184879437095136 -0.225241893839213 0.010136540568469
0.0201976937823126 -0.0281834824409877 -0.172382379607503 0.14126092219837
-0.00485852351192677 -0.0473656856184056 -0.073989625156425 0.178887670000085
-0.00994225498871123 -0.0505379965874125 -0.0171334977396407 0.149960326852211
-0.00189912965446566 -0.0581204639396191 -0.00239069060800779 0.142499625386629
0.0333459484041543 -0.0547086367870012 -0.00975638671976919 0.139007880428248
0.0586121895747035 -0.0402491625602453 -0.021771057929449 0.137692660866507
0.0998227937988917 0.0118989465142087 -0.0728130138934561 0.141601591962014
0.086348017927186 0.0770071307283223 -0.152913986575488 0.13146628967039
0.000911011393557511 0.128015375134081 -0.173138538703597 0.134571890322418
-0.0719555769619129 0.149410073732112 -0.187223175223003 0.173995070770901
-0.100507902190346 0.18924273462158 -0.134747147609464 0.0176171874875577
-0.0125061458660195 0.160813395837193 0.0525228954930479 -0.017205510760441
0.0910610501767665 0.124028283482163 0.0125582561179654 -0.201132785398434
0.135743473606957 0.0449013057053018 -0.148286148766052 -0.189371541953702
0.100038031144365 -0.0423863386341821 -0.231395236452195 -0.0185856889904178
0.0637250299057641 -0.0740472207146255 -0.177054844484293 0.112125357463131
0.0167631943619899 -0.110613644655314 -0.075220400302328 0.15605267895111
-0.00301749820924253 -0.11152477131079 -0.0136016379302213 0.120037536638545
0.00501538444851164 -0.115567943711065 0.0107477100251083 0.110251904671542
0.0635715818712201 -0.098601534458549 0.0137015973253355 0.108440522296596
0.107777791546934 -0.0665759555113826 0.0180626585158591 0.121608647199056
0.170899759901847 0.028759061596664 -0.0242177237879285 0.142722611671549
0.129646376923443 0.139774482793977 -0.107748670101433 0.14422028795008
-0.0147288476489414 0.202417878774224 -0.124606235086518 0.143587830101758
-0.138063750788621 0.216299381647019 -0.120261513207399 0.155815515038878
-0.16976157496105 0.22244021996635 -0.0679356965409339 -0.0453416590606001
-0.0729615094612705 0.237918402839838 0.0977727560087216 -0.0562773238370658
0.0974872423558202 0.224463003184863 0.0544975317471681 -0.232616777554048
0.20829891582539 0.106878685593835 -0.117346033712144 -0.233802015701603
0.170779344018796 -0.0488537969951618 -0.21226333460122 -0.0565619556601019
0.105963100490978 -0.106355652195492 -0.16244540562555 0.0644338022458969
0.0403860978128888 -0.156819956655697 -0.0700421711656869 0.110723530695946
0.00434925517909626 -0.155967334493195 -0.0090244341056743 0.0729472876312136
0.00625419605707334 -0.15733196787243 0.0225986034526372 0.0600555004374983
0.074377954603742 -0.133178984716527 0.0378311701434411 0.0616388768043449
0.133134959500416 -0.0932023365861826 0.0607177779735102 0.088743870659031
0.219441546623306 0.0217700545382858 0.0276857009921646 0.130657823559088
0.169479294274172 0.167032760983199 -0.0612454237312733 0.146581543744062
-0.00999925428601535 0.246098443023228 -0.0825062840461862 0.132846530168572
-0.175691760484498 0.256128864066367 -0.0469999132713624 0.112424486103647
-0.216005078077684 0.216050496373787 0.0234848372166913 -0.103942031104944
-0.135415185525419 0.267479289765929 0.156653154678133 -0.0915416267002598
0.0706169427020317 0.290474600858138 0.10770969254707 -0.241860329280835
0.23583930534062 0.16566492951088 -0.0616223955232452 -0.255772005559788
0.213813681951973 -0.0368363383827925 -0.164042075373544 -0.0936246397194907
0.134372470339233 -0.11652441230508 -0.125759370181772 0.00646268781514108
0.0592472195346908 -0.177602599399778 -0.054846631188768 0.051240122871949
0.0104996026482755 -0.177076912364809 -0.00245282648253029 0.0162072677555056
0.00482310756585005 -0.176639939865513 0.0308421603323752 0.0012200815965048
0.0728008806249666 -0.150624925372768 0.0571163000981091 0.00538629662841136
0.136349731023718 -0.108997644532561 0.0959885450428775 0.0461593401197906
0.232355193741751 0.0120142532405726 0.0705763350200081 0.108111224551754
0.181884926109643 0.170642503793521 -0.0209148619985007 0.136305956672641
-0.00921793497381047 0.251642850516904 -0.0544987408171585 0.106896852397073
-0.189380083370133 0.256584104771831 0.0192152096553731 0.0547337120991471
-0.21807001140368 0.173451256959491 0.121593310043317 -0.146956002151656
-0.170050299395358 0.238683512050267 0.213809344147468 -0.11591438600684
0.0242897958640885 0.291621341900503 0.157539630364941 -0.221162674316461
0.20944967070641 0.191338680868125 0.0038053951671643 -0.246531337282402
0.212740398132268 -0.0156439158327237 -0.0966048114704252 -0.118888401106518
0.135872880721393 -0.105630104853262 -0.075423776517306 -0.048142227358536
0.0647946102283339 -0.169562289527218 -0.0337058167072417 -0.0134744600087733
0.0153299309549334 -0.172101102020004 0.00484398336829894 -0.0413769561282974
0.00528244909323757 -0.170900449949547 0.0360742093691802 -0.0578816748153747
0.0662092555984472 -0.146766639591569 0.0719985882906395 -0.048990006189493
0.126994930117676 -0.10472639779364 0.122717992272062 0.00529785279932739
0.214950539526301 0.0141575893615122 0.100090877124831 0.0832437688115838
0.161463292311205 0.16317180356023 0.00719115376798331 0.122530892178519
-0.0223841467990681 0.225978829859062 -0.0386673540922329 0.0756591351420183
-0.187413417793754 0.217610274584122 0.073705839508484 -0.00224450281005933
-0.176516120547003 0.101873940398996 0.202886077304505 -0.168927744992897
-0.160747954117504 0.162678899038443 0.252797255419616 -0.12526011434168
-0.0137645976026608 0.229164194120893 0.187706765817955 -0.181829917788615
0.14565046422776 0.167383856045174 0.0586057893871139 -0.213688192725579
0.16802495642389 0.000869591851939263 -0.0310601222228299 -0.130141950883936
0.109003738538522 -0.0789595922644441 -0.0246056625797155 -0.0917967269327092
0.0571440261166311 -0.134235199077035 -0.0128006061219613 -0.0716606134276008
0.0172837648875151 -0.141148662661052 0.0105105844265114 -0.0913172549153468
0.00878982206555459 -0.142059378873038 0.0410734363246273 -0.109425481130543
0.0575488950692444 -0.122693692068514 0.0868000342178463 -0.0939328030137348
0.108012640764027 -0.0831205085409135 0.145644340241516 -0.0245586897040026
0.174748899126318 0.0255243511346616 0.120567352749524 0.0683201640795433
0.115090409750277 0.145313258372631 0.0258861626060684 0.112756154238683
-0.0443988168964794 0.177457603876807 -0.0292191463599731 0.0487289296121815
-0.169130256599436 0.146321495034718 0.118538056610606 -0.0479873340122916
-0.10003537561586 0.0165877643422885 0.246979233004114 -0.173026809880112
-0.111141491063494 0.0636224587458365 0.26049734120325 -0.127712541979823
-0.0304987620170624 0.123329903889581 0.191476682618052 -0.143137608431351
0.0699255225117422 0.104932234211862 0.0889918332128699 -0.177671179317191
0.095272633746747 0.0069925005322085 0.0138285714198737 -0.13497110226794
0.062690496189801 -0.0432699533778209 0.00968337325840112 -0.120727099247579
0.0379954766542533 -0.0787438725638601 0.00245450152954347 -0.114589313240024
0.0155483994524424 -0.0889062871089914 0.0149840337749924 -0.126328020588724
0.0112503315835716 -0.0916862455892039 0.0484142062839969 -0.146455494093963
0.0432282791899721 -0.0834105408065222 0.104070257877302 -0.122891865971257
0.0800412084764382 -0.0517715569665067 0.168297630582143 -0.0398229299329248
0.118140136300351 0.0339710079348691 0.135816086945283 0.0680525365625283
0.0583551265554209 0.113636485924815 0.0365135140130779 0.112900896515407
-0.0620627581211722 0.109766471553947 -0.0228700992566629 0.0302767766715228
-0.131066859099362 0.0568473124156503 0.152178993503515 -0.0746288608443092
0.0454010522431209 0.0333415619829843 -0.1582912184907 0.12120418160039
0.0410706779748318 -0.0366261644816303 0.0280158087955331 0.0312925601440578
0.00119488308978832 -0.0579557397924503 -0.0207243412680138 -0.13050518959399
-0.042778164127541 -0.0239328656107854 -0.144668158108148 -0.096983955058078
-0.0309473844834783 0.0152578735484093 -0.198136792467544 0.0325425280076617
-0.0122516946423442 0.0219368353648172 -0.141142507905598 0.152481412383197
-0.0174182709794096 0.0236710766960049 -0.0537509887842326 0.175787702895171
-0.0154981250195407 0.0179428201523057 -0.0102133998587337 0.1543185958314
-0.0167706418455273 0.00796413033948508 -0.000870216131000405 0.147010185447301
-0.0157405332873347 -0.00962472257303495 -0.0125720363923885 0.148022873196224
-0.0116987204754377 -0.0264341966342141 -0.0360523721435707 0.142904046178188
0.0206652270800293 -0.0387705871445984 -0.0978800116293541 0.142099836492458
0.0579090786375142 -0.0194135515425165 -0.176561091167149 0.126902995628664
0.0494675036561082 0.0360681918249408 -0.205012801552994 0.115669557605298
0.0252851269373859 0.0672468992120768 -0.219971520492496 0.177084201590396
-0.0162190023926868 0.121665113789177 -0.16093724398644 0.0801994914452277
0.0311492555467866 0.0599880516827876 0.030813076962277 0.0133421404691735
0.0561472268013786 0.0195162663428097 -0.0170564466770782 -0.161012110692752
0.044766870517073 -0.00452053501164071 -0.157547779340985 -0.132786051722186
0.0264140402139939 -0.0202396699907913 -0.218251957406891 0.0201527204437779
0.0184965111569609 -0.0301552509990073 -0.158605727545764 0.146765896082393
-0.0076726117084944 -0.0453625070297078 -0.0606696416999667 0.176777905355135
-0.0140377600111585 -0.0488620409096788 -0.00837185924913293 0.146447603684458
-0.00576448084887228 -0.0570295120919302 0.0072100638361995 0.137865879785462
0.029085174694535 -0.0558853700991513 1.78293789668324E-05 0.135750846899937
0.0548836240407557 -0.0425163595687878 -0.0136075075193462 0.135742713250404
0.0990665739491676 0.00632392853180357 -0.0646231408056554 0.142272252430663
0.0876437755072061 0.0704276206736309 -0.142817133498376 0.137016866328164
0.0056388001644769 0.126512979511874 -0.162097735910548 0.138019831164731
-0.0623425680747101 0.149952501760894 -0.175635178103131 0.179366734407458
-0.0884464853070125 0.190351315492149 -0.130971950587462 0.0235845237962827
-0.00385943093014284 0.15867981792654 0.0519946167384134 -0.0187931231549315
0.0964850853211466 0.11660966882306 0.00250792853717489 -0.198568290194295
0.13681010354386 0.0349551294283438 -0.155316469372021 -0.179024718757908
0.0954474471197106 -0.0470527653062438 -0.225328290049002 -0.00709143436093094
0.0582404374087219 -0.0774283005708107 -0.1649120750877 0.118677930987937
0.00900359445271655 -0.108536918904076 -0.0634624763629005 0.154197083550139
-0.0115916915560956 -0.108872391211883 -0.00716696527446985 0.117360914412423
-0.00210354382728992 -0.113538475799339 0.018002340673417 0.105675378350275
0.0559393533329327 -0.100261488014335 0.0210114114844626 0.104623172575031
0.101439089716568 -0.0706350606133394 0.0247221014442455 0.117242729737859
0.169820587285127 0.0172730943012604 -0.0170016123499663 0.140269529222456
0.134375800284047 0.128944994670918 -0.0976247941068947 0.147985382769096
-0.00485842071659431 0.199236637861028 -0.114623436358466 0.145847387095817
-0.123409963087356 0.21960749337722 -0.109771291727273 0.157295793088577
-0.155789673885912 0.226713256243985 -0.06883157710391 -0.0414438667887127
-0.059282160528367 0.237276737788535 0.0937705685047274 -0.0585353660765948
0.107725596802602 0.213868662987313 0.042139172309431 -0.230786415209988
0.21154900994538 0.0917170382329079 -0.127122340506916 -0.223706558154226
0.163464684811545 -0.057363528048222 -0.208041159342925 -0.0454598068688991
0.0979397092116824 -0.110714358117564 -0.154723713695624 0.0712943162880167
0.0289887792412483 -0.154449541138196 -0.0602637353493933 0.109260146168074
-0.00707477517215015 -0.152167934308819 -0.00525537519180683 0.0710063512075949
-0.00378414237101265 -0.153221966964006 0.0257036484647217 0.0562289937795763
0.0643529322957382 -0.134636659053953 0.0419358072466828 0.0581573880404932
0.12397846233415 -0.098931463585744 0.0646041454140313 0.0829788977877907
0.215692674254134 0.00658402092518021 0.0332372543254518 0.126534622956953
0.174961851047692 0.153861438284378 -0.0518104917849823 0.147600853463064
0.00202660899651041 0.241082428175609 -0.0741912466238472 0.133594497783545
-0.156213587279647 0.260661019852595 -0.0403691417968389 0.110757383782764
-0.199414586961722 0.222160487577854 0.0178045804244173 -0.10279733736388
-0.118927774067052 0.268819149587606 0.148461656988069 -0.096019532539493
0.0854077314257395 0.279784900751952 0.0942916448929984 -0.241924068154588
0.241734161565099 0.147834818059191 -0.0745421752703308 -0.247154442158909
0.206779158091445 -0.0474312434702868 -0.16363215422623 -0.0842815837539037
0.124687432794522 -0.121672995857969 -0.123147651771104 0.0129746366209321
0.0459768350721573 -0.176030124276677 -0.0496344976419461 0.0500321229434492
-0.00213284383247776 -0.173363511882622 -0.00212819106703783 0.0152295965697624
-0.00612543660037257 -0.172056067306471 0.0298438387613537 -0.00193657571313371
0.0621003586034427 -0.150633254346225 0.0570783643733888 0.00268321385488519
0.126643568051868 -0.114141937970023 0.0971112792470183 0.0392658321619303
0.228444767061682 -0.00219351640578641 0.0747389254170384 0.100811268348012
0.187657253824968 0.155563284945317 -0.0137350368315848 0.136202756082746
0.00411406824039287 0.245666497201138 -0.0484528029032167 0.107261580056089
-0.16967538916059 0.261520027687885 0.0208252687120925 0.0512086546285526
-0.205098595307758 0.180726939805568 0.111058484411787 -0.149673176717828
-0.154303751448203 0.242776345415351 0.203244666630098 -0.12211202912244
0.0395742682729267 0.283825371238122 0.144246830380809 -0.223786795462648
0.215585522527257 0.174462321627398 -0.00932548162470993 -0.240864463078243
0.206531334599772 -0.0264820461130141 -0.0991565207002016 -0.111979525918741
0.126591892065792 -0.110555886775592 -0.0775142599932849 -0.0440356902532151
0.0525039667322121 -0.168198633197383 -0.0327748517808729 -0.0126626360784555
0.00261790651630472 -0.168190543874859 0.00192463910256582 -0.0403334116960852
-0.00503685739940609 -0.167173496956865 0.0314354045552158 -0.0585776829276199
0.0555782299995935 -0.146190440088966 0.0679329416060044 -0.0507986272038786
0.11755834433143 -0.108665026303518 0.120837561693227 -0.0025084199239764
0.211515723153586 -9.26978182498421E-06 0.102278085978131 0.0762981241303526
0.166466741575835 0.149400126990144 0.0126143598503286 0.121555585561159
-0.00979462644852664 0.221611357655953 -0.0347613226015503 0.0765491809692503
-0.16949592186746 0.222984265778391 0.0709534208946568 -0.00680952624035185
-0.167470178709781 0.109625068987731 0.191075682169183 -0.175145588594759
-0.148559723269785 0.167689642343396 0.240386864725641 -0.133480842490805
-0.00102084673770306 0.223564518634697 0.175195765937893 -0.186037766752677
0.152615725411082 0.154070119243382 0.0458470168260697 -0.211353784778076
0.163095936177707 -0.00821487531928516 -0.0358864281082602 -0.125826401464941
0.102182787848987 -0.0825058638186211 -0.0306563264497688 -0.0885825220165263
0.0469669063609763 -0.133680178071067 -0.0161368746766236 -0.0701738618190518
0.00612552858116893 -0.138612029041528 0.00528923731422423 -0.0893596129927624
-0.000189919248893881 -0.138466491267083 0.0330238940701109 -0.10807595279792
0.048271311124478 -0.122209578689957 0.0792560705172307 -0.0949988704814807
0.101147882502414 -0.0865826043486077 0.140691120987688 -0.0328338693517577
0.172401562517925 0.0138055058246371 0.1216193578225 0.0605623101037013
0.120653724907186 0.134824140368235 0.0303784565049207 0.110579634836565
-0.0344799692792363 0.17451303967867 -0.0262932841066877 0.0500660523743486
-0.155152894261032 0.152316865300253 0.112148910348226 -0.0532198968072258
-0.0972601620655648 0.0212308109857054 0.23354599139194 -0.180694557094673
-0.105163123742424 0.0686315442374561 0.248360189201028 -0.136765164606451
-0.0234325078918644 0.121463443389024 0.182174409646302 -0.148378275610081
0.0737966390730632 0.097798404116478 0.07767450566148 -0.177203823550484
0.0921462491527481 0.00148449821480198 0.00745543809982656 -0.132142086224078
0.0592423768188194 -0.0442922745098541 0.000835800308035479 -0.11880628086215
0.031758796358404 -0.0784958159523397 -0.00451919955978418 -0.112114032901975
0.00890996690013954 -0.0875613209211086 0.00760623788447706 -0.123156941188951
0.00567915694217576 -0.0900078489616132 0.0385160506308273 -0.144413361481311
0.036725636796422 -0.0838135045564438 0.094480781970963 -0.124158740826205
0.0752574122171823 -0.0547333351866739 0.162145802304075 -0.048025502459608
0.117878638709788 0.0256174389333603 0.13586265181208 0.0598206485832833
0.0629904826059273 0.106320687125182 0.0412452816708702 0.109959289513006
-0.0547671628201509 0.109137682571088 -0.0214248184220271 0.0315572144381546
-0.122918147698071 0.0621911611445284 0.142910740693084 -0.0821014710063261
0.0451259237294337 0.0313938336283333 -0.148595447421467 0.12120476193605
0.0383682440327612 -0.0352033186396947 0.0299794461553329 0.0291544346756491
-0.000582860213298985 -0.0557905130379478 -0.0241101607820124 -0.126487410892432
-0.0408437804821407 -0.0220427706549419 -0.142524478913272 -0.0896512257235876
-0.0284624185944283 0.0140737447931492 -0.188995179192755 0.0376933692032753
-0.0111338480864282 0.0203156757064714 -0.128063864243458 0.150135652765274
-0.0153339884213102 0.022723292395017 -0.0447607556492649 0.169281916757569
-0.0146604561272247 0.0175704463379646 -0.00375000661684215 0.147288404162059
-0.0158906841332651 0.00789075538946026 0.00565807715534525 0.139759252357978
-0.0153792649523963 -0.00888586641251011 -0.00542006424309485 0.141875219617561
-0.0122619170911762 -0.0245909749451965 -0.0301300428369203 0.138661850056862
0.0190465885647074 -0.0381377512411959 -0.090899106734192 0.140175795409047
0.0543052143604701 -0.0200313668745689 -0.164871991177047 0.127345794795643
0.0481801915784536 0.0351888454424476 -0.192862250894087 0.115312716292736
0.0257799982667465 0.0639162277248474 -0.206870636195491 0.176301267002222
-0.0113730871939044 0.118365895324897 -0.151881236004538 0.0818494160934701
0.0321609727574668 0.0573567770242763 0.0317173776212389 0.0120669816010778
0.0556745938334544 0.0170935532306238 -0.0213457976231396 -0.15547703719071
0.0438208050108962 -0.00739040461088517 -0.155759393782112 -0.123423066408859
0.0248034340296041 -0.0210634757646951 -0.208229945121572 0.0256222294715703
0.0169678451623388 -0.0301393810757406 -0.144792119956149 0.14592311848683
-0.00927965562950999 -0.0431738411658741 -0.0510735924630671 0.169373221769529
-0.0166449593483822 -0.0459551706516445 -0.00321128412702571 0.139887622106548
-0.00794240287578952 -0.054358841973491 0.0128589411480468 0.129926969993958
0.0254978023898005 -0.0548940958971958 0.00603285851452855 0.129323028546774
0.0504146804078502 -0.0427163425600999 -0.00835860789116732 0.130703052874565
0.0959921064529975 0.00122395576418557 -0.0585874977373065 0.139068162500179
0.0861094299641105 0.0649353308795661 -0.132116656408751 0.136671244067326
0.009490701398494 0.122858079756803 -0.151859146579538 0.134903648791289
-0.0546660379621473 0.14649430481804 -0.163892522458464 0.177044086839889
-0.0791673854481775 0.185990663221553 -0.124554189004973 0.0266890521729404
0.00115511142928375 0.15276829592961 0.0505449286158933 -0.0189418654359248
0.0970086660873302 0.108237245774632 -0.00300321705286974 -0.191971530035188
0.13366677818542 0.0273226089942249 -0.155186966202385 -0.167337732598637
0.09061142747477 -0.0489143085251809 -0.215277037671535 -0.00153000469449403
0.0530070942606706 -0.0774395362836329 -0.152797116754889 0.119143941440968
0.00319589104093722 -0.103256069554757 -0.0541108563933064 0.14763927251429
-0.0167219829483684 -0.103015391604832 -0.00278876861760358 0.111763471637473
-0.00732577174398209 -0.108449603137908 0.0216000052055323 0.0989445894412405
0.0490586279887135 -0.0983410711254957 0.02527804007257 0.0993464078232027
0.0945540325436111 -0.0716025562049347 0.0279933131094918 0.110800898830704
0.164451849633733 0.00929502734066379 -0.0127441632542917 0.135281577603592
0.133153065638573 0.118982405943251 -0.0889389485162854 0.145923032250886
0.00124819237649008 0.193291304909364 -0.105534211357525 0.141253654013757
-0.110539022774182 0.214853157968323 -0.101253200695951 0.153903132069594
-0.141925152923474 0.222627028116503 -0.0668653653163218 -0.0374188116653971
-0.0495303956930227 0.229369541475179 0.0881995250641674 -0.0571636539024696
0.11157494495989 0.201857021141035 0.034366493620925 -0.224315385432512
0.207679410543843 0.0792421605788478 -0.12961787867002 -0.211038988352046
0.155274613685575 -0.0606552322039243 -0.200661322410116 -0.0386834294901114
0.0896807951595505 -0.110908893080915 -0.145357104907342 0.0730193003363375
0.0206982121941108 -0.148911050245785 -0.0536036501540409 0.104559837822675
-0.0152459417048814 -0.144816989744168 -0.00276851138474486 0.0681735669227018
-0.0100311990019187 -0.146464381533882 0.0268811120121482 0.0518612050365084
0.0562704059909538 -0.13121662078156 0.0433492246789396 0.0534169076885291
0.114961117293397 -0.0994498640886484 0.0651311031022017 0.0766023111349964
0.208284153769127 -0.0024016895931236 0.0356406351440718 0.119746291231415
0.173165921011501 0.140537830572493 -0.0447806677616224 0.144990702560512
0.00907545872613279 0.231935644003947 -0.0672372412479685 0.129456766476392
-0.140451760445237 0.255468693405431 -0.0361655323655257 0.106294505088626
-0.184737885615551 0.219427887112424 0.0149504845887723 -0.0983495051562371
-0.10626812392452 0.262010513862303 0.140539576474761 -0.0949932057001155
0.091958686387481 0.265867923471489 0.0838276748414151 -0.235834665924923
0.238561510227046 0.131314376677623 -0.0799355424421478 -0.235291738226919
0.196279042888879 -0.0531618239383133 -0.15816821407345 -0.0775145576749465
0.115187762028779 -0.122171149158889 -0.118184804112357 0.0161300778697317
0.0350385453275718 -0.169601710228938 -0.0449072200335761 0.0480061802899092
-0.0110464610829099 -0.16503009768904 -0.00174584416780879 0.0144964013601203
-0.0130968704676476 -0.163777516817551 0.0280908916158276 -0.00336421896792801
0.0530503042130878 -0.146702433376236 0.0555813033664521 0.000577084665516901
0.116836371586885 -0.113713899821486 0.0944396482039689 0.0340896798715322
0.219119467735721 -0.0128251695584986 0.0747340997025501 0.0941486865386046
0.184987174791918 0.141986831590802 -0.00859934632249529 0.133244473841165
0.0116519845488384 0.235779414417222 -0.0437649052698303 0.103938452775979
-0.151908090532684 0.256364437613623 0.0206888914290932 0.0476111312069425
-0.190859286491496 0.17982828932473 0.10310633384775 -0.146359614795051
-0.140934830219577 0.238364448276526 0.191011563814939 -0.121809419743569
0.047777496660494 0.270927426846682 0.132526915080774 -0.219316367090812
0.213826907775602 0.157904080985601 -0.0166929358403387 -0.230675700667252
0.196529658585069 -0.0329748734677084 -0.0969992005473507 -0.105238601130716
0.117465897864673 -0.111248738468216 -0.0766014606376067 -0.0391343257317015
0.0426490420855721 -0.162732072818989 -0.0317839367560411 -0.0128708468305148
-0.00584350130997561 -0.160513562492174 3.67718073632849E-05 -0.0388029123102963
-0.011823382340174 -0.159103296911005 0.0273200512817395 -0.0574851858604994
0.0463922367179155 -0.142037113946891 0.0634772919023879 -0.0508476826591198
0.108424529574425 -0.108132510263839 0.115763609983534 -0.0072752457344368
0.202474997350439 -0.00900509101193271 0.101176512757446 0.0695992776792418
0.164320372129326 0.136156069881938 0.0162470097643798 0.118180603481058
-0.00335146704427028 0.212374363661623 -0.0313039550860712 0.0756966630729175
-0.153615074060249 0.218828931977535 0.0670160415933701 -0.0097559899853479
-0.157640368264961 0.110859109145063 0.179386269463514 -0.173583595667153
-0.137641435978242 0.165994228248562 0.226667755687921 -0.134393039709543
0.00611565594750644 0.214490724250159 0.163723343830425 -0.184559738067706
0.151792709260146 0.141598214215955 0.0374631973700529 -0.203192545735323
0.154970250901951 -0.0134638988482843 -0.0371875609220396 -0.119881229852169
0.0950848551974182 -0.0822807302084649 -0.0344201280239026 -0.0842125952128756
0.0385502654973827 -0.129139621024037 -0.0180909075516664 -0.067139781980319
-0.00113164019717937 -0.132551867031132 0.00158359812977712 -0.0850752601492235
-0.0059150037964278 -0.132298379284431 0.0276330570740318 -0.10430761632836
0.0410656368552054 -0.118723628155538 0.0725103923037773 -0.0926725884608001
0.0940262466400501 -0.0863349495841124 0.134000089759645 -0.0363958187429552
0.165756879801642 0.00545024075505014 0.117939535098514 0.0535313986884519
0.12048836083022 0.123883658928324 0.0328830202793968 0.1064631860727
-0.0282418324896845 0.167947333500964 -0.0244571504113073 0.0495128890764995
-0.1418642123375 0.151274419865593 0.104379572722775 -0.0552732572884453
-0.0921215504593245 0.0250798075662528 0.220133277515617 -0.179799093481673
-0.099198422334715 0.0689690019778497 0.233077666020645 -0.137044804540814
-0.0188781640555492 0.117247067395776 0.170953941134175 -0.146732331470886
0.0738552931115237 0.0905728293695578 0.0693253634323587 -0.17177929087668
0.0873489241932557 -0.00146920634838306 0.00403919971546777 -0.127406381378112
0.0549207948337571 -0.0445453788722808 -0.00496437432912061 -0.114341600766297
0.0269540274364449 -0.075280022976179 -0.00826628215165219 -0.10684976922179
0.00437014776604391 -0.0839145541689577 0.00303923534790079 -0.117154075545005
0.00174740873078679 -0.0859523830354292 0.0308567423121013 -0.138009844443414
0.0321464090733006 -0.0813825083977946 0.0853849030177138 -0.120679907200704
0.0699430181134679 -0.0548933406729008 0.154471034624122 -0.0514213912001037
0.113279992337487 0.0190786577182463 0.131939326562822 0.0534860131589086
0.0638531612084242 0.0988818019502641 0.042765460280983 0.105059559188561
-0.0495615649561975 0.105753388995618 -0.0211102016566974 0.0320584082808682
-0.113499923591286 0.0638854382551866 0.133558259975001 -0.0838418011230317
0.0440296900306248 0.0313252896119698 -0.142678672159866 0.117872681708324
0.0372315853117685 -0.0328882597785811 0.0308160900657489 0.0271086567588947
0.000218801195830011 -0.0539457127198102 -0.0251032359870476 -0.123054418169998
-0.0390731682944695 -0.0213144564353411 -0.138878424287421 -0.0861038704124179
-0.0271870556339365 0.0129777695591602 -0.18190302724898 0.0378066176043521
-0.0100178707308317 0.0190617782404479 -0.120328334815577 0.144822455443897
-0.0141067085498377 0.0226771506942047 -0.0406323390204573 0.162865226025945
-0.0139767702600391 0.0179469766138999 -0.00245567368957986 0.14213211853365
-0.015179966721365 0.00747300477297478 0.00728987986398089 0.134151288583161
-0.0152248969265652 -0.00846697024997656 -0.00260150167870019 0.136437750143708
-0.0124777107987292 -0.0231541600024963 -0.0281586769601635 0.13455982295058
0.0182197032818428 -0.0370150123213199 -0.0876506050442633 0.136487238505705
0.0515381223737519 -0.019554354109051 -0.158542570209785 0.123475656604702
0.0464487345251279 0.0356384565329829 -0.186362338130564 0.109418254071498
0.0256208074842149 0.0615685208997734 -0.200843359225451 0.171570454507685
-0.0103720805609026 0.115296835919844 -0.146155616271141 0.0799963117376337
0.0315042866703791 0.0567021810665214 0.0321792359767518 0.0114157643926522
0.0546067956379555 0.0153403868214517 -0.0228532832884593 -0.151460933936201
0.043239580888853 -0.00872539108514438 -0.151908677789195 -0.118540673812886
0.0239037414389658 -0.0218284804545034 -0.200077707989111 0.0252528724379721
0.0158515610231442 -0.030494273557019 -0.137176377650677 0.140880890526071
-0.0102263886494092 -0.0407003597578302 -0.0464165051935083 0.162620139698693
-0.0171687519616187 -0.043617857314224 -0.00184586278629151 0.134483508457654
-0.00834112211033125 -0.0526309374775644 0.014325459353655 0.124322826753229
0.0238167871957898 -0.0534620224872238 0.00864729032671635 0.124492973587714
0.04849457799782 -0.0417646117533872 -0.00675200627629743 0.126525625137595
0.0935818998815647 -0.000985996604149119 -0.0573330655527668 0.134920922465167
0.0830395830856901 0.0618540244001403 -0.126738990756519 0.133469042421679
0.00917755742232965 0.120504495662129 -0.145513467510648 0.128516659116117
-0.0518888541862891 0.142044681365345 -0.158751792665678 0.171271499572277
-0.0747934888933799 0.181158164049199 -0.120603439133242 0.0261511687792565
0.00227897974971415 0.148729018643616 0.0501157877610375 -0.0179813290083225
0.0959061967921976 0.10390075815776 -0.0048259633341205 -0.187038086059573
0.130279286277246 0.0235925737040288 -0.152452835922644 -0.161017575719334
0.0876818214634796 -0.0487904070140256 -0.208493434326702 -0.00157815676377618
0.050377480165754 -0.076801240309928 -0.14640338999634 0.11574775256056
0.00175124973264312 -0.0996139061955508 -0.0507293211889243 0.140285935912817
-0.0192992189168943 -0.0983596949844479 -0.00134874398551033 0.107519775527274
-0.00867295920139918 -0.104572006115615 0.0222091910327123 0.0937784170842826
0.0462283789800112 -0.0957989987069964 0.0269184719763041 0.0950350129546511
0.090420784789442 -0.0702508778816715 0.0275636848050789 0.106567792491499
0.15954757437003 0.00587738631144257 -0.0123072287860064 0.131306380588058
0.129292790419448 0.113954118053514 -0.084599872309527 0.142755602894206
0.00215463761025503 0.18790544480607 -0.101170766801487 0.134971773714127
-0.104656426797817 0.208604356494572 -0.0982443033728967 0.147880667313584
-0.135408507223571 0.215970011926798 -0.0650643027917984 -0.0355365157378381
-0.0471035672649718 0.223660703905009 0.0869310822814802 -0.0548339867325245
0.110661836649403 0.19343171620951 0.0311143904871132 -0.217837282643809
0.202146889345805 0.0726973823309011 -0.12746415910775 -0.202783585234172
0.14999929952269 -0.0603545184255211 -0.19402195774316 -0.0381953072778925
0.0854817589109874 -0.10924134194512 -0.139419898520612 0.0717807877742783
0.0175045567758438 -0.143309537927267 -0.0501875899627986 0.0988204860904963
-0.0184341259181527 -0.138839595996911 -0.00225990196219723 0.0650400976194264
-0.0124136401364534 -0.140971866328388 0.0265565752249847 0.0486859464165175
0.0524028237344746 -0.127135259229862 0.0431461409593869 0.0508429720116738
0.109806919206806 -0.0975587152746646 0.0636610160358655 0.0730372589172418
0.200997027608466 -0.00672346595512493 0.0342391825616009 0.115766809334519
0.16857553028052 0.13441508655484 -0.0419276013007238 0.141490798205438
0.00977135781955633 0.224509158419234 -0.065035737454744 0.124502697752679
-0.132407703385885 0.248120167558393 -0.0354658970025819 0.102272804627674
-0.177693347273215 0.213656968698106 0.0145638373754491 -0.0949974358047228
-0.101200159853535 0.254535845052032 0.135654746118598 -0.0910603522605456
0.0911118553851548 0.255731462126797 0.0798447278334187 -0.22932479284115
0.231882138511673 0.123180701525694 -0.0793412911132426 -0.226499816197648
0.189355171782295 -0.0533460787393209 -0.153177398279904 -0.0750502431383935
0.109453944642785 -0.120089565571146 -0.114540211352646 0.0168746960756061
0.0313173052441612 -0.163139800875868 -0.0430450883024879 0.0441708518493335
-0.0154229965146807 -0.1579105695908 -0.0017024964603032 0.0147919415143054
-0.0153156291149128 -0.157648975092575 0.0269796535919682 -0.00375845878479124
0.0487904797305425 -0.141399867251733 0.0536786978405224 -0.000199152498941007
0.112083581198177 -0.110917942050461 0.0918575001078181 0.031077805249159
0.212274848469316 -0.0166383949566478 0.0721203818563574 0.0903773604145536
0.179826383860339 0.134454242721025 -0.00630923838144234 0.130418390936234
0.0126585541916149 0.227562032762335 -0.0422084497885551 0.100404925812931
-0.143423643339449 0.2488411040458 0.0190552660767795 0.0448081215371124
-0.184010727271393 0.175455009115964 0.100596741542503 -0.141709677446798
-0.135297745184836 0.231883838755558 0.184775961718192 -0.117182303221814
0.0487300584035469 0.261970311317581 0.127793905922137 -0.212833229256492
0.208753601803735 0.149176372473124 -0.018027906301499 -0.222308542870409
0.189328500557025 -0.0332451833363455 -0.0944721512256974 -0.102712078577915
0.112030163775758 -0.108431892050171 -0.0755201080319423 -0.0371099015345614
0.0378641641570208 -0.156669536962942 -0.0312548734506398 -0.0137060936783133
-0.00991942133919196 -0.1538320695786 -0.00101076507898492 -0.0366662515648407
-0.0147981700415881 -0.152609364052034 0.0262396829648892 -0.0550151524621311
0.0433809578664184 -0.137018758195454 0.0610925315210201 -0.0495543265778
0.103552410472743 -0.105608224698513 0.112032848939245 -0.00809031195661965
0.195847102183014 -0.012425863477538 0.0977450167280744 0.0665052200172794
0.160134474060019 0.129385641490191 0.0170192934115671 0.115020706591034
-0.00224591601189818 0.204560232185266 -0.0306466979853894 0.0727939913715948
-0.144295847619776 0.212631054568423 0.0639994525673478 -0.0104170837399618
-0.151339733080571 0.108743607246819 0.173209987014511 -0.168912364327996
-0.132637977606886 0.162431652710117 0.218249319479251 -0.128806823947186
0.0081574345995389 0.206957119022031 0.157825650958953 -0.178312420140571
0.148479303991308 0.134082520722717 0.0348947963223075 -0.19553705207461
0.14893168436873 -0.0140070527446515 -0.0360090328202615 -0.116771659215043
0.0908374949837282 -0.0807126628156734 -0.0349931553359881 -0.0807850683293234
0.0345696476311199 -0.123787897722592 -0.0182353761550945 -0.0663208926290105
-0.00457964555216019 -0.127094631343183 0.000385753265467868 -0.0818126464408696
-0.0081495818326541 -0.127037078497285 0.0252146731047346 -0.0999900093284226
0.037331164911445 -0.114899342622832 0.0688944113681075 -0.0889293597066693
0.0896180751002238 -0.0841911077889422 0.128838596688316 -0.0364420164346548
0.160842754122589 0.00259091048612019 0.114412031103985 0.0513800292987408
0.117076170727775 0.117643939262363 0.0323452243700533 0.104229365038873
-0.0261464036431973 0.161611905668944 -0.0243040418870411 0.0485398986281944
-0.134022364927023 0.14640304581962 0.100219603852483 -0.0542378064945539
-0.0881605389444222 0.0252043089141573 0.21312872213743 -0.1761992601494
-0.095134879061765 0.0681706340773057 0.225579429261433 -0.133207799551649
-0.0173401307053659 0.113077439543568 0.166126308398435 -0.142616131829151
0.0725113536568653 0.0865307985629112 0.0655071710294696 -0.16548565488382
0.0832969770494833 -0.000749164981983266 0.00315973492925105 -0.123057415928488
0.0524416654304039 -0.0424604184424574 -0.0069854238879315 -0.110179114617768
0.0242698129152679 -0.0726643457836213 -0.00932666897382937 -0.103238418353231
0.00191017099216651 -0.0807288478781383 0.00238929809728994 -0.112959768785165
0.000398173666466596 -0.0828290625334059 0.028267538097252 -0.132294282337953
0.0291730864296545 -0.0781037119492282 0.0813405229357278 -0.115622380390075
0.0669161071203519 -0.0535305147552795 0.147723411704239 -0.0510667735083069
0.109759883114447 0.0161651265558953 0.128696645773243 0.0510046832456634
0.0621726783241155 0.0941117787984234 0.0419755714314113 0.10249835105846
-0.0468997998139659 0.10192606142297 -0.0212612363851778 0.0314438247459894
-0.108064662903417 0.0620638486025141 0.127763579966793 -0.0820241054606808
0.0470375595944736 0.0226233055654315 -0.121324158440244 0.148718138519783
0.0300681776677018 -0.0378008367988939 0.0395846537858941 0.021636017922653
-0.0106885602567742 -0.0511570829294543 -0.0450830604473911 -0.120902567106942
-0.0434026606489196 -0.0118032083420764 -0.154084160772501 -0.0640563273120489
-0.0246070023371365 0.0187960819055294 -0.175667052103201 0.0692672390766767
-0.0051359578016587 0.0208323810883809 -0.0932274570941359 0.163553611204288
-0.00781955755202248 0.0256055608789824 -0.0126310822856351 0.164736727619828
-0.0094925706305012 0.0194930488432442 0.0232164552817049 0.138303730508961
-0.0128979284821317 0.010574478745048 0.0326783889147496 0.130401154415325
-0.0162163160900506 -0.00466810024827202 0.0248876450554246 0.136560369497281
-0.0161710573977738 -0.0178431990072337 -0.00183377196004008 0.139957905066607
0.00796576972056747 -0.0384154566156419 -0.0613978941166152 0.155247398497387
0.0417218441645664 -0.0273848957770409 -0.133286891981198 0.156182562227023
0.0489752721542211 0.0258332212213674 -0.169165567732012 0.143979210961503
0.0319761761477149 0.0565892160796225 -0.173768715664249 0.206233126537064
0.010841215890734 0.110809872119475 -0.138756662403407 0.112240031698624
0.0411885062927173 0.0478732677826578 0.0339699718661222 0.00794975022772542
0.0543139031633664 0.00302270758483952 -0.0493647154952602 -0.142257082901447
0.0363929086710094 -0.0170308272077154 -0.171227832571772 -0.0880462713529136
0.017393056376043 -0.0232175896584271 -0.192265022538864 0.0611559440104865
0.0107803160517331 -0.0310895041769259 -0.1073159314457 0.16272315028336
-0.016763402236244 -0.0353031154754035 -0.0145363685635562 0.163999024846053
-0.0241265386035468 -0.0374205630565427 0.022366780241656 0.13082839088416
-0.0174256872743955 -0.0474988220899357 0.0379882646606586 0.120066239335696
0.0126031262416976 -0.0548303393268885 0.0335965772231462 0.123850071391687
0.0377339087963255 -0.0457424983195699 0.018380507085952 0.128184434468005
0.08626973464002 -0.0170879222316352 -0.0319530472245883 0.148697026947006
0.0868272851436029 0.0442199511032884 -0.103689672503337 0.160355100230418
0.0287324830873789 0.115761995427188 -0.125236505942102 0.151332913467318
-0.0274175204960553 0.149113679121882 -0.130773154107968 0.191673089430523
-0.0391428878417736 0.182649236335431 -0.128325581492702 0.0537199095421748
0.0299651342366318 0.140740905579047 0.0423176406606945 -0.0224247185227179
0.109648181947485 0.0778542156335199 -0.0420128575163781 -0.173867310112363
0.124708953955066 -0.00520655222934421 -0.178580447650062 -0.122968816590351
0.0724904950196569 -0.0609944110410214 -0.200177912983297 0.0377791757549369
0.0346243165366451 -0.0809530036759226 -0.117997056843731 0.13965955660744
-0.0181932832736122 -0.0921896660889744 -0.0175965997064742 0.142131786917028
-0.0357148149593309 -0.0893695891346333 0.0183876349539429 0.104550396887545
-0.0267620522861722 -0.0968891138466648 0.0392404043286746 0.0891028834019841
0.0272487141874844 -0.0989407275357624 0.0463490412754069 0.0914599770261787
0.0727961058997158 -0.0798506591354134 0.0495933809655485 0.102472245473478
0.151064388284167 -0.0228051256520628 0.0109592395496344 0.137553642601876
0.140091416736631 0.0847367965575729 -0.062645097333531 0.163750895863251
0.0353235730397669 0.182198847569735 -0.0812035630722089 0.145850386486686
-0.0652825042258014 0.224457434767896 -0.0742133867623583 0.151729390917569
-0.0898751714408625 0.226777072905322 -0.087457342679225 -0.0204761727419231
-0.00339615103504532 0.220284924977908 0.0676736206613898 -0.0654710644424511
0.140064195390287 0.159859499217783 -0.0163647240753146 -0.206163114962731
0.202443417927136 0.025471722760508 -0.16322671977571 -0.162264377200139
0.12921143093092 -0.0833712277355867 -0.189729958371846 0.00114197690196769
0.0618347748460216 -0.118438130356815 -0.116899485327851 0.0961271233364922
-0.0126455169933381 -0.136422348235239 -0.0212106054259602 0.101764233929647
-0.0421843175686312 -0.127981896789334 0.0100259507341272 0.0635767925494275
-0.0367058484119627 -0.130778899159335 0.0348839593499045 0.0442701984948528
0.0278956772989606 -0.130318327301963 0.0551479525657687 0.0451320852221863
0.0873694748246556 -0.108820570672134 0.0793334692021202 0.0618560759929139
0.189445020613064 -0.0417402228637455 0.0543455208810804 0.113697847415565
0.181601792224786 0.0964506487930937 -0.0211634845107465 0.157245925754867
0.0503207346641021 0.215852977491987 -0.0478214860746728 0.126579574040465
-0.0836463619625075 0.267057126646478 -0.0194724290130298 0.0917075088723958
-0.129593031818786 0.23076469047013 -0.0202053665323347 -0.0970888304059215
-0.0498122902631348 0.259710964419261 0.10786032653407 -0.111616969173783
0.133992042386158 0.221570537654945 0.0255554681832246 -0.224310506092346
0.240582795843154 0.0664636121665453 -0.121575799430243 -0.189436994943797
0.167865724432766 -0.0846107784814557 -0.153788554810016 -0.0403117423283118
0.0824512053720653 -0.133750333200245 -0.101147777953519 0.0384182261605336
-0.00370486929176045 -0.158841107669571 -0.0219232937336774 0.0479061033886299
-0.0427490579353965 -0.147086434714757 0.00148890350163228 0.0142165769279238
-0.0425827050028016 -0.146162300550096 0.0255989703311321 -0.00647663738541212
0.0224918494375502 -0.1437888661152 0.0557535676436248 -0.00680801532524172
0.0868197662782795 -0.122191446561595 0.0985646912813373 0.0149101171017813
0.19772847196438 -0.0528977857394116 0.087950369949679 0.0815452128423066
0.192629218398276 0.0948109379423928 0.0120484515974219 0.138903077534356
0.0533608515047473 0.218016044707854 -0.0295597717562135 0.0986210121211155
-0.0927577929344795 0.269397219131166 0.0250023522616942 0.0245286088801645
-0.1417762641832 0.195735441384855 0.0600211501002259 -0.162156811504733
-0.0857173065878059 0.243404774040949 0.152221873057637 -0.148419079712782
0.0954884556176884 0.234789888189041 0.0740768467348244 -0.218629747226731
0.223676424511933 0.0950216490408501 -0.0617398925426718 -0.196058292723935
0.171440657571921 -0.0665310046968584 -0.101244608450258 -0.0770355827689723
0.0871040557264527 -0.12326133951736 -0.0732322372505478 -0.0214157142827647
0.0032852679075555 -0.154428686360349 -0.0203331587877901 -0.00970141786679084
-0.0374082013882025 -0.143843816012775 -0.0061613254470672 -0.0354157474639308
-0.0407200975802712 -0.142171275863421 0.0149777462382793 -0.0567425061988304
0.0176302443709074 -0.13841939821489 0.0533297792402846 -0.0569199012540601
0.0806473130754381 -0.11597823244737 0.110646008884112 -0.02795905072094
0.183697370608308 -0.0462033120154365 0.108045334698431 0.0519235499098359
0.17325104548432 0.0933719027361458 0.0327898411294103 0.118573326978532
0.035629858425659 0.198212499026807 -0.0224742179716846 0.069843391714512
-0.0986818845838117 0.232957552149653 0.060664953883167 -0.0369022764448324
-0.121673984677165 0.128162718660243 0.133809656508407 -0.204714209331545
-0.0958312734405875 0.176847411142089 0.18635989396601 -0.168426096554369
0.0465510011551481 0.191043678222192 0.112365778738419 -0.195090182415319
0.165176704360663 0.0940200313123933 -0.00475980404893014 -0.183903441110931
0.136502242826965 -0.0407442016921498 -0.0493059617517675 -0.102227831317897
0.0712731245566428 -0.0929738174922026 -0.0429573075355418 -0.0713932726350266
0.00676355760588944 -0.123428227051539 -0.0195105900170646 -0.0620021050185649
-0.0270208579387524 -0.119891195730771 -0.0131886555419919 -0.0794803620230263
-0.030214520967349 -0.119256697951035 0.00659686674782991 -0.10076432509117
0.0160284054003791 -0.116389679182721 0.0535562191920624 -0.0981796758838061
0.0714130765653084 -0.0936071875609259 0.121756186709234 -0.0599092636396444
0.152906176294828 -0.0253019069471157 0.122366221084534 0.0333072608838313
0.130025493808859 0.0903169056883467 0.0469355533332959 0.1030297758691
0.00431326116494723 0.160918683755034 -0.0184546516332376 0.0458139095354876
-0.100158982572379 0.166480730258617 0.0909132029221236 -0.0840846029730634
-0.0765488544607748 0.0392260412465366 0.179442984271196 -0.220568248604105
-0.0774128350376865 0.0808050913120538 0.197634189423742 -0.17476149740362
0.00492986802133337 0.107887777219754 0.132119652618221 -0.166328042467492
0.083557879207713 0.0641444814898009 0.0325636144735856 -0.166177997467288
0.0770339658290186 -0.0169083252020437 -0.0150748177381652 -0.118464625396513
0.0414053717794094 -0.0495081179947908 -0.0236052218462076 -0.10635248258736
0.00779298925663612 -0.0729684177070367 -0.0209894198657654 -0.0989455004812622
-0.0130826212910577 -0.0773144857987515 -0.0169867185919486 -0.109783671720794
-0.0140949331627672 -0.0797018804259424 0.00346695215461587 -0.133673927151437
0.0147455923695278 -0.0802579906974273 0.0605545590429283 -0.128070497509252
0.0555711091997815 -0.0611501961488052 0.137526732433984 -0.0781604096337734
0.107735321977864 -0.00248895523549185 0.135725448505518 0.0278297839130265
0.0744981386982357 0.0781346844447305 0.0575705533428994 0.0970433610754087
-0.0269462712819235 0.10642718869572 -0.0158314251291005 0.031434961393774
-0.0903777666632924 0.0790629146661172 0.115247482706839 -0.111061906092845
0.0488802242753309 0.0229726761457672 -0.122333182036071 0.152715278826405
0.0310397450282932 -0.0378364249808792 0.0405276630161725 0.0207729578008306
-0.0110216549049857 -0.0531186908758118 -0.0480585857353898 -0.12167957818948
-0.0436897859869418 -0.0118571968175547 -0.156507956458099 -0.0643651018276867
-0.0250888485078396 0.0187809719604869 -0.177234973941396 0.0711536352120638
-0.00473475484152535 0.0200226352498263 -0.0920566790901155 0.164793055120871
-0.00685475808414487 0.0257670942116234 -0.0108082058682615 0.166107434881992
-0.00942372758844153 0.0209036096301855 0.0251961211483632 0.139829297107094
-0.0130493537111986 0.0102415889144654 0.034878049009225 0.131087713811425
-0.0165176256846431 -0.00476753932773193 0.0273597124686178 0.137929698025666
-0.0165132343770915 -0.0174966912966776 -0.00106558911257267 0.142426158066784
0.00712139201739843 -0.0390802747162181 -0.0605140011266878 0.158852459531453
0.0417204018605727 -0.0269783349338024 -0.133935537137231 0.158638694606384
0.0497500354451384 0.026971381643853 -0.171464203945092 0.145611412612078
0.0330398164181077 0.0574367448131817 -0.175999233459909 0.210598100527924
0.0129617430333155 0.112651829491575 -0.140418994070668 0.115015061647608
0.0426959983468297 0.0487195751738279 0.0354146079893044 0.00760347667452186
0.0556390023715437 0.00134244986489637 -0.0524215897993092 -0.143748617766617
0.0373263111569552 -0.0187882289873549 -0.174804146497904 -0.0877597423755173
0.0174242074701189 -0.024504764066985 -0.19413709621827 0.0635809090164565
0.00992779312744364 -0.0329264997842681 -0.106385968523784 0.164493730165184
-0.0174299091726102 -0.0353133263323135 -0.0130338243285053 0.164969452711817
-0.0250399214236015 -0.0369662632651596 0.0243021996766799 0.132001420978911
-0.0186868773486131 -0.04825062162642 0.0394218535402335 0.120256113645916
0.0121057944165489 -0.0558630524156656 0.0366975938049352 0.124365030657068
0.0380066110968616 -0.0468104103041583 0.0195691423322372 0.130022730755773
0.087145015506354 -0.019698988489165 -0.0321184367434544 0.152680020233697
0.0881001708840395 0.0447912912880111 -0.103880647305138 0.162988490414404
0.0308732484504849 0.118173869801704 -0.127303229822143 0.152278326059627
-0.0257777770450035 0.151899773796784 -0.133017697068779 0.195587176306395
-0.0370208147061638 0.18608628119051 -0.129832085786838 0.0550442649933242
0.0318227814743004 0.143061631833385 0.043432107506279 -0.0229386772874008
0.112654418621894 0.0768210761892929 -0.0449630034569462 -0.175624712284159
0.1271041540406 -0.00831640891856212 -0.182822936628876 -0.122825089849401
0.0729523545917813 -0.0636024130104685 -0.203703483752377 0.039657132913021
0.0338024402409754 -0.0836532252977173 -0.117362410105313 0.141992497304082
-0.0197349255562088 -0.0928393043167834 -0.0170394842172231 0.142979483769342
-0.0384445417404548 -0.0884424780332843 0.0193523748714374 0.104894363174143
-0.0293768387947959 -0.0975392665478028 0.0402502416285095 0.0886453325552047
0.0259734455797141 -0.10121463345167 0.0488219810045016 0.0918074967783042
0.07255463692548 -0.0821048863831691 0.0512968205590889 0.103370921063932
0.153018659350099 -0.026252371799623 0.0118663029226342 0.141077039719073
0.143014126847126 0.0846811267701263 -0.0621131114601669 0.166915985037752
0.0374452079015064 0.185329773982575 -0.0827472205597441 0.147390222936996
-0.0634169384208447 0.227902227182801 -0.0756839260169874 0.154249147516459
-0.0887679365212203 0.230329203781402 -0.0892985839922159 -0.020145998119883
-0.00187232528037779 0.223816877612675 0.0684502306328746 -0.066182203620688
0.144667229450464 0.159735178876834 -0.0193084656140707 -0.208267066423246
0.205849265465437 0.0217586707468214 -0.167513010355093 -0.162469898107401
0.130148552615775 -0.0875502932430317 -0.193214825694724 0.00228524146002963
0.0605386653649676 -0.121569952306761 -0.117609885488324 0.0989938264803749
-0.0145365853242687 -0.137501170763201 -0.0217613821703855 0.101227119206435
-0.0458585096645003 -0.127095006037567 0.0106358519669138 0.0637834614870606
-0.0400194838973979 -0.13139185182638 0.0357715282148186 0.0435342651620917
0.0265129790261044 -0.1324223848639 0.0567685947875828 0.0448214658293272
0.0872166216611589 -0.111621443589045 0.0806993398474896 0.0616881701064774
0.190829838323162 -0.0474680540940703 0.0562359774764188 0.11593099295204
0.184952886603987 0.0961827603258625 -0.0199625182915952 0.159611976914666
0.0531081416795284 0.218669765144491 -0.0485192993703749 0.127871044254503
-0.0810840345213494 0.271366517192556 -0.0208774136114392 0.0925085941700768
-0.128680345092114 0.235165474094519 -0.0207097997003456 -0.0988664658971084
-0.047317837890699 0.264940083477562 0.10880398147236 -0.112741212395101
0.139137035113302 0.222698170868964 0.0236375813679943 -0.22684975515131
0.244996670051687 0.0628330729045761 -0.124601842405579 -0.190002181659659
0.16946583553218 -0.0882159120714903 -0.157858496889683 -0.0404334922527089
0.0818438591102251 -0.136966150068292 -0.102205870470363 0.0406190884178059
-0.00607958038774898 -0.15968494739317 -0.0226667127086522 0.0468401678578476
-0.0465451646707952 -0.146579165733777 0.00155356195319406 0.0140152511972564
-0.045973387329152 -0.146668906072438 0.0256141733139308 -0.00739662488386163
0.0209179570399398 -0.145776952427678 0.0565164207303554 -0.00796916579598654
0.0867319866760137 -0.124760275893383 0.0994603134710279 0.0142874503023889
0.199209021533633 -0.0584896694102445 0.0893809905511347 0.0827583687900007
0.196142327965675 0.0939017190184651 0.0137681757140992 0.142135762756935
0.0560807674980797 0.221212479595406 -0.0301807882381207 0.0997627578234008
-0.0896900513351711 0.273401243796697 0.0245821943660631 0.0240778085383526
-0.140976572337107 0.200723894957045 0.0607881086964952 -0.165428699906516
-0.0841601517287451 0.249183823083168 0.153135670305319 -0.150796668661108
0.10002236710696 0.236010572542047 0.0730122368272248 -0.222047704250997
0.227746433895409 0.0931240444009907 -0.0639544964230824 -0.197164902952093
0.17253984131669 -0.0690586162766929 -0.104262965846883 -0.0778298380611806
0.0862755345039505 -0.1258450175333 -0.0741011045935792 -0.0198026661521711
0.000706288962487982 -0.155136120068128 -0.0223613608258919 -0.0111264206939729
-0.0413519701892629 -0.143767431816329 -0.00675568325434074 -0.0363139247409607
-0.0438435660137067 -0.14239498926346 0.0141421477088005 -0.0576952651672027
0.0159141635825938 -0.140061197296059 0.0537959837989219 -0.0582849699049641
0.0805272587114216 -0.118387909112066 0.111512026914971 -0.0297928806077785
0.184827057558961 -0.0505724052850146 0.10922965168582 0.0525901205184682
0.176486564106849 0.0915551876873866 0.0350845900924754 0.121739240456314
0.037580182542343 0.200320941008532 -0.0227887301932227 0.0714463663682706
-0.0962957236880416 0.236900863344655 0.0604816640302943 -0.0387979989195261
-0.121726686307195 0.131278800706242 0.135420119237099 -0.209385230886136
-0.0944297865835417 0.180682546561061 0.18720815755646 -0.171314723764193
0.0500829453683233 0.193183406495624 0.112410929239033 -0.19784651767936
0.167658017633939 0.0923754384269784 -0.00603095746395127 -0.185333762719623
0.13842493742131 -0.042581671017331 -0.0504714631069706 -0.103556648123912
0.0711396037764298 -0.0939879931136747 -0.0447473396224563 -0.0715851566281709
0.00523615076496218 -0.123748905711165 -0.0211735043833427 -0.062959694427977
-0.030125931309971 -0.119563977002044 -0.0145929541622144 -0.0805304171838915
-0.033059218289762 -0.119343389363567 0.00548202832032018 -0.101361304927021
0.0146046276828725 -0.117292667306465 0.0534446509687123 -0.0992957076237737
0.0706493220595125 -0.0957384833184798 0.12312806615807 -0.0617307849513054
0.153892597629472 -0.0289615768227803 0.123602282331299 0.0333530362449347
0.132280762725675 0.089485282401431 0.0492118295300863 0.105557288737996
0.00616575545425753 0.161879378152508 -0.0192961708746917 0.0476161144372184
-0.0984784358119849 0.169084718485574 0.0907625253748827 -0.0865077121631592
-0.0773203915144436 0.0407610786285515 0.182161893860788 -0.225461838202759
-0.076841582577518 0.082954978473467 0.199167651567816 -0.178301717690075
0.0070605733463409 0.109067765638 0.132813069070164 -0.169463297663299
0.0851780361567476 0.0639461440099678 0.0327751265472763 -0.167941596707012
0.0780816093305699 -0.0171400042297696 -0.0156869801993073 -0.120171286038102
0.0415176899384451 -0.0502726497800887 -0.0254979461160625 -0.106866853928089
0.0069733742609347 -0.0735005568868474 -0.0231403146453237 -0.100304179204328
-0.0150592633842786 -0.0772351962137035 -0.0181476757460815 -0.111250391154196
-0.0159578309629921 -0.0799947130663545 0.00215359725762363 -0.134276788217651
0.0132116724565377 -0.0809807089220829 0.0600581892460067 -0.129489652001488
0.0551832779341065 -0.0630009947927019 0.138724397493478 -0.0806965415923964
0.10849747103716 -0.00469891615987633 0.138224824819054 0.0283971667719884
0.0751006440036603 0.0772685111563791 0.0594325641669349 0.0992942253066717
-0.0271775562945957 0.107671963372792 -0.0163075281621409 0.0334132943611028
-0.089630900217133 0.0804679020156596 0.115023773049124 -0.11398200492633
0.0522382317697435 0.0214606268671719 -0.118641401817559 0.160531320816803
0.0310927684247922 -0.038817256769355 0.0431056149183559 0.0195736754324238
-0.0135176023065371 -0.053812111902842 -0.0536744385623463 -0.121058658382011
-0.0448562201491189 -0.0105093919640518 -0.161848917214429 -0.0590709389250419
-0.0255430134101842 0.0193363846818978 -0.177583996771519 0.0795206520018606
-0.0048833551291707 0.0196663391806447 -0.0858840628331928 0.171198987567723
-0.00569149229741285 0.0255717451073222 -0.00364284188375812 0.168305572190793
-0.008143634126954 0.0212350081497737 0.0318616677237574 0.140750969698023
-0.0130809092738555 0.0109680988752594 0.0415806581958959 0.132106220724145
-0.0172390023345259 -0.00445975467986562 0.0346732552857892 0.139097943497991
-0.0171673237949048 -0.0173236486680402 0.00529021316777071 0.145875469408528
0.00563818853065217 -0.0402512397839201 -0.0555647234047396 0.165520238948549
0.0404579086786235 -0.0281614762661595 -0.130073811998943 0.165770410091546
0.052865891699706 0.0268221671486538 -0.170921626260344 0.152728865359721
0.035851408248822 0.0566952229823276 -0.172827330460685 0.223110402781969
0.0186657446971432 0.114133239380148 -0.138673176372371 0.123139264564709
0.046197602729864 0.0481468916881938 0.0366936488504287 0.00687344076619268
0.0569187770058799 -0.00200092370252809 -0.0598608796957182 -0.143556036251086
0.0371502904884877 -0.0220053744579211 -0.182106977463753 -0.0825089412471683
0.016207697447374 -0.0267311758708128 -0.196375509879748 0.0722516563312656
0.00845896577540927 -0.0344158169509781 -0.101071569836804 0.170932312511307
-0.0190254564470712 -0.0350386585137515 -0.0065876369105009 0.167213392578962
-0.0275518373610116 -0.0357460864301495 0.0299861922184672 0.132546876283239
-0.0219873155968373 -0.0480463611367182 0.0453775825554841 0.119956693860478
0.00989314465637153 -0.0583108185993584 0.0426590436836389 0.124521396016286
0.0368230717459535 -0.0494289222074661 0.0253215150231126 0.132424832837955
0.0878895830861831 -0.0247012980143174 -0.0261258203042819 0.157793692792594
0.091900751019518 0.0423913393164866 -0.0991416718662652 0.169913318557015
0.0367629400006415 0.120344129627947 -0.12538646542593 0.158391861108254
-0.0198097682712449 0.156275993620889 -0.129157252442004 0.205439389190898
-0.0293721646461268 0.190726177786316 -0.131377737949414 0.0617613618300465
0.0390251141737242 0.144928774579707 0.0442469374882646 -0.0244306944503637
0.118820735655725 0.0720425716874094 -0.0536879117107839 -0.176159266445115
0.129144002304989 -0.0156143190547532 -0.191432978280259 -0.117056310606148
0.0709873412902858 -0.0690311163718103 -0.206704489011842 0.0490678880860094
0.0299948499664007 -0.0871913190941261 -0.112680652308393 0.149525279544855
-0.0241532291233511 -0.0933999702464454 -0.0126890415054647 0.14461087253296
-0.0440751594454488 -0.0872316296411934 0.0234951442036482 0.105695464580718
-0.0347022924999565 -0.0979112459972328 0.0443113306790711 0.0875748100869221
0.0219856394611207 -0.10503150774852 0.0540657677429097 0.0905309736042752
0.0711432639743236 -0.087133036053901 0.0563691186007893 0.103383405618842
0.153911860375617 -0.0352520490256659 0.0177149148369415 0.144913625574182
0.149149529549331 0.0803772930645331 -0.056460631785702 0.172815958250334
0.0465946007946031 0.188221142655212 -0.0798103986235399 0.151681447796045
-0.0539483754659348 0.235293472317231 -0.0731374622060043 0.160251283653857
-0.0805609885729873 0.237967425523669 -0.0924043857969016 -0.016928929214317
0.00789760699390724 0.229314145922239 0.0680113661685298 -0.0690110926782745
0.155270271488219 0.15545327115746 -0.0284969056648731 -0.210080580358061
0.211120443073523 0.0121336957063781 -0.177368529051559 -0.158152808391696
0.128759563743915 -0.0953511173851739 -0.197663750794548 0.0106096987654415
0.0561258456230894 -0.127298003641744 -0.114888491989561 0.10562309521045
-0.0213369472539889 -0.138576136396211 -0.018954468608405 0.102840936931919
-0.053457763302764 -0.125562437799096 0.0132861813781675 0.063975018701813
-0.0473779926671466 -0.131064854641776 0.0369570185144689 0.0420474085236832
0.0210593411798519 -0.136594392060521 0.059736709429564 0.0427659036520144
0.0837756300274561 -0.117753467438258 0.0842701711052067 0.0600145054365022
0.192212353991275 -0.0572187859525796 0.062352260020616 0.117552767502593
0.192732115558979 0.0892314483578107 -0.0131429821162004 0.164095028734231
0.0629410024709161 0.221634147414872 -0.0459720262167256 0.132710036617342
-0.0701995941972703 0.279694632255917 -0.0190442902406195 0.0952855397290114
-0.120954591604564 0.245062462480565 -0.02489725022456 -0.0998577670313363
-0.0370943542616409 0.272128861220371 0.106855466319797 -0.118225033526836
0.152279937140958 0.220407497450458 0.0146009581745047 -0.230973458765688
0.252742538286755 0.0520070468664599 -0.134792781814365 -0.187262855851198
0.168862345401169 -0.0976847394839895 -0.162374943956542 -0.0343436543623308
0.0769524479849053 -0.142992457406725 -0.102053296338762 0.0464310445038876
-0.0137872938044241 -0.161513999268768 -0.0227232389446017 0.0473088908102828
-0.0551749479522029 -0.144892304675888 0.00146284138389617 0.0141818749449417
-0.0547152711276377 -0.146471512241173 0.02570478044141 -0.0084666018357379
0.0148302042389159 -0.149167078667829 0.0579122617052562 -0.0104785471085069
0.0829010183576147 -0.131149406273131 0.102203958039063 0.00998238697973545
0.199771845570448 -0.0698806113621733 0.0946349250763359 0.0825369580864386
0.204032343609757 0.0866123100944517 0.0208810088223627 0.145013471824626
0.0661707961552968 0.223265059616921 -0.027722815958217 0.103157695972503
-0.0790117579758825 0.282371419667954 0.0247054718567475 0.0228268077816605
-0.135263858753711 0.209450479149744 0.0550867434881148 -0.170923827366048
-0.0747578714870544 0.257543054104606 0.150150487209476 -0.158638152796523
0.113107244354762 0.236576298325028 0.064948252237639 -0.227457742606388
0.237235028713973 0.0839050919278923 -0.0726962173816877 -0.197390787460841
0.173226677574192 -0.0772683185167189 -0.109331885120463 -0.0749205535982557
0.0825243221488308 -0.132227501134162 -0.0765295680919269 -0.0165781451961363
-0.00606614369857078 -0.15674224083608 -0.0243758705817252 -0.0108882143424113
-0.0491788123378168 -0.142494313611733 -0.00915612583385757 -0.0372758990523748
-0.0520314330092807 -0.142437086011075 0.0114572389781291 -0.0584844721279375
0.0103219935736177 -0.143289849441915 0.0529059899780938 -0.0610628087044003
0.0764045566511043 -0.124083825570358 0.112317375906061 -0.0348377195381149
0.185167815571025 -0.06094836601309 0.114020560975284 0.0504788751342181
0.182714634464119 0.084981812440213 0.0410034157551083 0.123975547389334
0.0462219150649121 0.20224102321121 -0.0208377149431923 0.0744799757459155
-0.0874102946148287 0.244382052589355 0.0590497051579084 -0.0424650313570839
-0.117765695270095 0.138781756708568 0.13036118646733 -0.218737430427363
-0.088063885185276 0.188354141459429 0.184791107881 -0.181473033663245
0.0592770136233918 0.19402992056257 0.107517983583391 -0.204811568315619
0.175339477640203 0.0856310220297019 -0.0129090797933695 -0.18740539892001
0.139536412729963 -0.0492767621002589 -0.0556468717217385 -0.103931431095498
0.0687582229033693 -0.0990496646447114 -0.0482766865775735 -0.070269253298996
-6.35794477669739E-05 -0.125805232336771 -0.025431990720933 -0.0638861883482495
-0.0373278925224008 -0.118571431576538 -0.0176613853124029 -0.0814699574956706
-0.0393664640340308 -0.119261457289795 0.00151443056083004 -0.102703185304345
0.00983436301299951 -0.120073336924759 0.0503894861022366 -0.102932219149131
0.0680363330547091 -0.100026526594774 0.122559861429798 -0.0684128327276437
0.154893609654298 -0.0368656565796294 0.127792101488298 0.0294875713339844
0.137909835067089 0.0840817685853775 0.0546241387126326 0.106936541689469
0.012256682676559 0.164466319831445 -0.0174271305142974 0.0502879038924741
-0.091518716257142 0.175666883505254 0.0886520927672798 -0.0928249460685428
-0.0755160965873581 0.0444548863073226 0.178009700553365 -0.237294739492764
-0.0737656523992751 0.0876044396815343 0.195778263144292 -0.188431966965519
0.0115657357713266 0.110574147090305 0.129710657865177 -0.176832597654952
0.0898632105418209 0.061292867706394 0.028400026910544 -0.171107973013714
0.0787528915744871 -0.0201633407917597 -0.0199393176366897 -0.121811159892896
0.0407791628783913 -0.0522458990898342 -0.0305684536391424 -0.10777070075676
0.00343666169239532 -0.0744959742364843 -0.0281155442770801 -0.101007123097496
-0.0197557596514209 -0.0771034287315673 -0.0230622426882257 -0.113018986329073
-0.0201062348910626 -0.0799461119808691 -0.00352422538372703 -0.135781764589891
0.0100305766532433 -0.0829187651314915 0.0557470972332372 -0.133439262333812
0.0533922189619466 -0.0660878011904259 0.137750900500536 -0.0879253105020839
0.109670799150433 -0.0101627702688665 0.141649502095006 0.0242358745093016
0.0788618565673626 0.0753222073346032 0.0649490720799945 0.0999800643518179
-0.0233850420580731 0.110204263374213 -0.015717578813811 0.0352710910954221
-0.0865295831531695 0.0852899623220511 0.111898258262468 -0.122064704212646
0.0539724837157167 0.0179112236282351 -0.107939906780915 0.167875610573955
0.029200430925928 -0.040507222202042 0.0448756935475141 0.0168082323257221
-0.0173888586224672 -0.0533833097366548 -0.0609517382358126 -0.116391323136708
-0.0450048618982656 -0.00805801585740788 -0.165198449923262 -0.0491853241523951
-0.0244792588980377 0.0206569567956739 -0.170678950420662 0.0903068443476409
-0.0036832234675439 0.019216305141768 -0.0737159847188051 0.174375021694667
-0.0035314787575692 0.0253693278685839 0.00841781679401276 0.166634848614556
-0.00639653160595993 0.0212533645681841 0.0412096127406061 0.137721414039459
-0.0123978845730699 0.011883708651193 0.0503460163707253 0.127849990974338
-0.0174992666776128 -0.00321297652287053 0.044104028483205 0.134775242381597
-0.0178950991915672 -0.0154572461499524 0.0151478708443063 0.144998436743511
0.00291819083934491 -0.0400894360466862 -0.0433508961549757 0.168406647136408
0.0381333932142244 -0.0301735783384957 -0.119249854442631 0.17206554295221
0.0548681892035209 0.0238647957901128 -0.162255337794986 0.160673613441741
0.0398483625484448 0.0538527607600718 -0.15862142115832 0.234440596255059
0.0268223440625407 0.111870704012162 -0.13085486044141 0.13199682172488
0.0493387153706842 0.0453425113824425 0.0376921712549314 0.00521855302698068
0.0564562192960576 -0.00681541459170857 -0.0682706171788661 -0.13711221872021
0.0354654827664644 -0.0248870075125663 -0.185957358764647 -0.0697598683396185
0.0142808562886395 -0.0278627892330798 -0.190517086756399 0.0841126311908265
0.00558173935439232 -0.0355564424762836 -0.0881016431125494 0.175599335881613
-0.0213667042815118 -0.0339874721379071 0.0044473112025485 0.165349567289565
-0.0299484241640385 -0.0327900048864032 0.0383498365000145 0.128914346586826
-0.0256730047362116 -0.0460060478856513 0.0526988927911599 0.11499220152815
0.0053487387272752 -0.0588688895332036 0.0508409936798665 0.120121483888136
0.0332966935738189 -0.0521333350772653 0.033706730177915 0.130148136353725
0.0852561612429751 -0.0311576494441809 -0.0153042942824038 0.16008691805426
0.0942617868470747 0.0366563839209925 -0.0879769395301739 0.17517890896975
0.0450308612729886 0.117747548674452 -0.117185662493393 0.163475563511343
-0.00838100895541493 0.155580672498258 -0.117196687169051 0.212578228865853
-0.0155314374552314 0.191467586936639 -0.127510615117331 0.0703817734655544
0.0479717077604593 0.14145865409053 0.0426537298274903 -0.0256888246800198
0.123175088629058 0.0625914174163899 -0.0646042189968179 -0.170298081530538
0.127603845821432 -0.0253177477291592 -0.197733167841578 -0.103976861037297
0.0660969606292901 -0.0739854852077061 -0.202757338885927 0.061912685908446
0.0231277496545997 -0.0894383110762237 -0.101439535351515 0.155412435836679
-0.0304016406872531 -0.0907098985699813 -0.00350088194111767 0.143285553950144
-0.0499938546145912 -0.0824296035876077 0.0303885515702841 0.103143803569366
-0.0418404820585772 -0.0939084728219766 0.0495407335465197 0.0832011434279875
0.0142009714564472 -0.106046948848901 0.0597789829902711 0.0854479707375894
0.0644498515110007 -0.0917580917436909 0.062868172028375 0.0993356118477891
0.150176731521036 -0.0465009532074489 0.0276190324646527 0.143818963993008
0.154316190741924 0.0700561197564225 -0.0444585983283717 0.174970002106391
0.0581283742021858 0.184666314658873 -0.0719842935784574 0.155571886084162
-0.036692099441983 0.236484619859329 -0.0637129351116057 0.16424885936368
-0.0640379414387388 0.241680473077839 -0.0935904559755511 -0.0100880525165743
0.023107982368709 0.227185330786382 0.063597415496967 -0.0721972011029479
0.165855188778487 0.14269918584524 -0.0420435891947491 -0.205053917503092
0.210133111571637 -0.00347925046788849 -0.186071399881375 -0.144582629676375
0.121278889927412 -0.103607307064646 -0.195711923083865 0.0234263520238994
0.0470212193917791 -0.130495029231587 -0.106922870622146 0.112448920187416
-0.0306007664707317 -0.135900807317326 -0.0132133112407334 0.102092357349834
-0.061891720815083 -0.119341259019816 0.0165281621057979 0.0628345415719433
-0.0564719746837252 -0.126008503322784 0.0390734127665699 0.0396507461735584
0.0113717060605471 -0.137322805520491 0.062783478235567 0.0379407135167495
0.07506791626611 -0.123408018596164 0.0876752305611207 0.0540231606710275
0.185752160731602 -0.0715528829024298 0.0698260020650831 0.114132581163647
0.197671606135068 0.0759303948574579 -0.00268985507259343 0.164355976955554
0.0777078522720705 0.216355570809808 -0.0387994476074739 0.134170100287603
-0.0495239990568499 0.281915369626883 -0.0144428747385348 0.09516477517833
-0.104680936887059 0.251118955817027 -0.031688290230461 -0.0969387954347422
-0.0190134921473051 0.272924074858599 0.0979200504341693 -0.123000924692375
0.165922633824072 0.207742227980824 -0.000369324711162401 -0.228180850768325
0.254405238483393 0.033688393991327 -0.144749161934624 -0.176036688171704
0.161032393020459 -0.108649738024451 -0.164344328923958 -0.0236764746536114
0.0667796561997705 -0.147273063565635 -0.0975140235338071 0.0523080589556193
-0.0247781096763144 -0.158405849413184 -0.0214220835729709 0.0480359153413096
-0.0652826187452162 -0.138100807706844 0.00204108982513434 0.0135480887535525
-0.0650121128046191 -0.140275813261964 0.0240870075944186 -0.0102933351907756
0.00407182852253938 -0.149185298418 0.0567485023723183 -0.0144197164503173
0.0729807933077672 -0.136257709065977 0.102084940224349 0.0040411674669989
0.192507992489646 -0.0833170054281467 0.0998007301220537 0.0769788127549281
0.208866725860733 0.0713719403968272 0.0301734310588895 0.143867202473759
0.0798553148776458 0.217074743159407 -0.0221674044639327 0.105111240182168
-0.0581159888919429 0.284560560105693 0.024811715003386 0.0207138235681448
-0.119727818454906 0.216891441825961 0.043639615582771 -0.173641402937321
-0.0574015865103754 0.260591550659289 0.138558778804084 -0.165101818875313
0.128668718311698 0.226147786635067 0.0506552002317397 -0.22904855470405
0.240564067872814 0.0663910506673653 -0.0831664651508759 -0.189986300143587
0.167327600205628 -0.0897379746881021 -0.113206790414028 -0.0675965303676561
0.0729577110511141 -0.13682702191355 -0.0759684158143768 -0.0113423284388248
-0.0167317357756764 -0.154221526369472 -0.0260654011218905 -0.0103464098693735
-0.0593899307537054 -0.136045693677931 -0.0122759926674673 -0.0363064891892985
-0.0616538765386128 -0.136139904699365 0.00768126800165814 -0.0587096042581131
0.000295892697271826 -0.14297996611057 0.0480023037890743 -0.0634333209805576
0.0678225502597562 -0.128445905358848 0.108804467966824 -0.0415158949941008
0.178497465698747 -0.0734160046508846 0.11740261562325 0.0435643855760452
0.186937719519754 0.0720918838136994 0.0503633009333807 0.121417206543983
0.0587886480675889 0.197441891219071 -0.0165611800679855 0.0758325138253209
-0.0684110816784291 0.247844755658511 0.054560322639487 -0.0468231419741943
-0.107381388912747 0.145144005269088 0.116426693292628 -0.226153427902503
-0.073897377009301 0.193092786609571 0.171200910946741 -0.18956424784791
0.0735044267772263 0.187223380433668 0.0938776398430213 -0.208598773847817
0.17969049203797 0.0735015219004765 -0.0227004099552772 -0.184173135226395
0.135660842547178 -0.0582155956313712 -0.0610620208089071 -0.100251281068419
0.0619448318149943 -0.102516629332154 -0.0520089106831072 -0.0666483205459839
-0.00855567065258094 -0.124111562639305 -0.0300489611190799 -0.0623520894921078
-0.0457002709313577 -0.113760723896296 -0.0236023574221425 -0.079717866281227
-0.0476644601561523 -0.114696914102314 -0.00557470019366104 -0.101415889663898
0.00152640378055816 -0.118911627901225 0.043098927209985 -0.105027322428105
0.0605570956457736 -0.103723501583854 0.116503421852101 -0.0755107330550567
0.149894499764329 -0.0474394881124129 0.129246648165429 0.0226220127083722
0.141873270580362 0.0739104917736005 0.061840459039286 0.103904233593311
0.0222486426615917 0.161925584305208 -0.0150031852270575 0.052128205563677
-0.0783068193458226 0.179694615806318 0.0808077029145829 -0.0989633943979795
-0.071041793254523 0.0490407991335856 0.162425650310526 -0.24753719332828
-0.0660315340331257 0.091695271835425 0.182145862321861 -0.197033231577576
0.0199349408099728 0.10829436979569 0.118244455849675 -0.182613356255528
0.0938494219032924 0.0552938652027861 0.0185704078953989 -0.171477743653177
0.0772078671578966 -0.0246971006668472 -0.0271133753110203 -0.120329086132019
0.0377528179491134 -0.0542782897267588 -0.0371457869321149 -0.104485623770737
-0.00126360775570279 -0.0735143005461196 -0.0347377957011769 -0.0985317323463428
-0.0251850008260352 -0.0736555580720883 -0.0301843603515259 -0.110690323830871
-0.0256830345517725 -0.077282605464996 -0.0119487069575157 -0.133384237521788
0.00371541133061715 -0.0825044314423579 0.0468674882134506 -0.134869198806134
0.04890751116742 -0.0688971935912003 0.13034469123832 -0.095505952106114
0.10772843760088 -0.0177332952802275 0.142844963201904 0.0153448266286479
0.0827231833990877 0.0689776785312023 0.0713102274323618 0.0962673086524195
-0.0163163190018063 0.110419936249805 -0.0132034436917426 0.0373755576606999
-0.0797500945354302 0.0897880145214218 0.102425474484005 -0.129120114122228
0.0541737779812385 0.0130747824174632 -0.0938538924169011 0.16730226241438
0.0264242621566691 -0.0402601600500671 0.0449841644425788 0.0137421957785209
-0.0204184318891987 -0.0504241560658455 -0.0642824175887947 -0.107316215719651
-0.0436559460567409 -0.00564454440674312 -0.160786811849309 -0.0379850005876981
-0.0222516016668191 0.0211672227814058 -0.159018679155965 0.0953847192516933
-0.00295322235598736 0.0176305802445935 -0.0600328355544114 0.169368490184028
-0.00158978952738007 0.0234963860757349 0.0182091502004759 0.158741763285849
-0.0045171103143383 0.0210535262746893 0.0477164972659664 0.128563047712403
-0.0111385145789785 0.0117811771739677 0.0555371576543173 0.11832310791339
-0.0170118446462492 -0.00246240152519529 0.050408688428854 0.125689483524085
-0.0176274564238626 -0.0147213762013708 0.0224585264844085 0.138241771259741
0.00075143224020504 -0.038108034758494 -0.0307748552791488 0.163487737524705
0.0345625245745816 -0.0296928920137429 -0.104496476912417 0.169934595873621
0.0545152471405452 0.0204955343578847 -0.148081857892635 0.16082916068011
0.0411704654139169 0.0488439734090573 -0.140201363464459 0.233643167409672
0.0330613627558825 0.104551957132451 -0.118718714240417 0.134887078198308
0.0504015792982204 0.0402108344423012 0.0371898342129228 0.00308393268382696
0.0530311200397289 -0.0108151784077511 -0.0724668172386269 -0.126703854250995
0.032492083010359 -0.0266262582542071 -0.182167421064077 -0.0564607675538118
0.0114983174353148 -0.0279907567255283 -0.177654873983761 0.0910783305463935
0.00219663491772728 -0.0348817199662621 -0.0739769909844782 0.172429878802011
-0.0221695594280581 -0.0307425014298756 0.0136166376601012 0.156893589687159
-0.0307154326912651 -0.0288005812590205 0.0440609551082983 0.121310474402034
-0.0272941422273207 -0.0420994686396206 0.056880899263987 0.106435555901244
0.00161591689922113 -0.057274518465841 0.0561558777729238 0.111083453496459
0.028874169825222 -0.052003999695847 0.0396369153883563 0.122732622386125
0.0792315890957558 -0.0352795520070408 -0.00452237162348653 0.15429170946965
0.0927583466314167 0.0302796481006062 -0.0752179072681517 0.171253195460525
0.0501206034317032 0.111141111330738 -0.104183405059423 0.162283991663092
0.00125372042767012 0.148654449116372 -0.101521941775772 0.210513034068827
-0.00344151830546774 0.183043397567375 -0.118874952875215 0.0755492757954077
0.0544224344225769 0.132569677938621 0.0405942046289675 -0.0263174505342933
0.121818491014758 0.0515404876566735 -0.071333745700877 -0.157792530259647
0.120516145305833 -0.0329517169825504 -0.194780818203519 -0.0880836705073417
0.0586036311565342 -0.0749275279301242 -0.190858717395218 0.0703215716757196
0.0161859310261799 -0.0874953659326249 -0.0872967838337333 0.154214747951006
-0.0346782941715085 -0.0847915437791038 0.00411637771131842 0.136444222405708
-0.0528054658428313 -0.0742284144310424 0.0339232210446978 0.0965089859445913
-0.0464726483207259 -0.086167215346275 0.0519071181274433 0.076503346161861
0.00684746305912348 -0.102710423505857 0.0622081852999684 0.077847790258916
0.0559330199665124 -0.0915493295601058 0.0657246820490255 0.0913228911579624
0.140069368420893 -0.0546569595257554 0.0354320542436117 0.136633570188044
0.151921918782827 0.0582001122276004 -0.033142334092704 0.169594711753123
0.0669134065037407 0.173704659338377 -0.0613741981676849 0.152048743181396
-0.0206000411130805 0.227260134857854 -0.0535209166337394 0.160891192707533
-0.0472162983804464 0.234838812495696 -0.0904145640916929 -0.00379817810807619
0.034908377873406 0.216392330331768 0.0573553841452609 -0.0706124538845583
0.167126135620109 0.125949132821072 -0.0502959228635948 -0.192751686998993
0.201114250723402 -0.0170560198516926 -0.18527794177967 -0.127429251355879
0.110099446880817 -0.107354468196255 -0.186040591967517 0.033280692058316
0.0360896525766043 -0.12808212993293 -0.0943154346417117 0.113178168849365
-0.0378993693149484 -0.127386077150511 -0.00765905139935852 0.0973217126556982
-0.0670011827852862 -0.108574382994404 0.0186776770301234 0.058477817002408
-0.062155311685228 -0.115875361637205 0.0391073981770627 0.0350931630104225
0.00212557621708996 -0.132394061992996 0.0615429023823119 0.0320808179003416
0.0641927771617913 -0.122671861904722 0.0873642673361761 0.0465182703168655
0.172162094205394 -0.0808086973597154 0.0744881576092741 0.10635606325186
0.193749961843128 0.0606088311021196 0.00685942501728798 0.157661128611134
0.0865870954653086 0.202102232766205 -0.0306154862540126 0.130169698895461
-0.0301430655335909 0.27104928784741 -0.0101097729641642 0.0918890443245518
-0.0848602476940248 0.24534307599836 -0.0362072397224413 -0.0903018596963821
-0.00255425739402516 0.262848866528666 0.0877711577973725 -0.121075057733765
0.172090226132877 0.187373717053159 -0.0125507389380695 -0.216503288436003
0.245868858415425 0.0160339969815204 -0.147702527407267 -0.16104527266697
0.147752238468801 -0.113618279547834 -0.158042223554139 -0.0135703505514171
0.0551047645860336 -0.14540602701667 -0.0894002528092318 0.055784008914354
-0.0327246767206773 -0.149482220352676 -0.0185213518094984 0.0461831992849013
-0.070970710361947 -0.125855744738166 0.00223975478543233 0.013038465562638
-0.0705043488778376 -0.128543760684155 0.0220857971208479 -0.0109175520470398
-0.00506658200741609 -0.142817810304074 0.0528629191573412 -0.0173910795926298
0.0618607587370143 -0.134661332988847 0.0975539402468296 -0.00281041186885296
0.177844997897856 -0.0919447934273824 0.101252256620045 0.0680662042486596
0.203336749889634 0.0549251403454818 0.0372068624282006 0.136668603550755
0.0890324336145941 0.202593159393061 -0.0163444745573037 0.101873688172008
-0.037640904483178 0.273453065165187 0.0227705091365948 0.0177626840522545
-0.101649294379049 0.213843779716727 0.0323671998813482 -0.168230149368039
-0.0399216360873637 0.252263147192904 0.123793672613158 -0.163814214578522
0.136839249892622 0.206650835373931 0.0369947223917419 -0.219899509896496
0.23447939545093 0.0487487939937897 -0.0892856306184258 -0.176307508220474
0.154998196577147 -0.095861522023171 -0.111581387229397 -0.0584607789731352
0.0626640251988293 -0.135273747748403 -0.0731736160616529 -0.00658748094170841
-0.0250281849775293 -0.145720330808102 -0.0271644883920858 -0.00917614620121426
-0.0651329298838596 -0.124806366397035 -0.0137151282416997 -0.0343202897120988
-0.0675345973620675 -0.124699028532552 0.00357331342212804 -0.0559955193691131
-0.00815267853475965 -0.135902230808173 0.0423049514814486 -0.0634545525617827
0.056765311557267 -0.126507079503258 0.101823062030173 -0.0458788712340602
0.165007961092461 -0.0817294777597685 0.115717057361813 0.0353443288972036
0.182597247795944 0.0566337098055799 0.0553362265692886 0.113996817781984
0.0675316176334356 0.185354778611607 -0.0118488265533918 0.0739001645383258
-0.049593133085576 0.239171454012075 0.0478741542403679 -0.0487276710040243
-0.0933385706714006 0.144841841009279 0.0990057914558947 -0.222507722387684
-0.0595208784140454 0.188125513340004 0.153392715479833 -0.188421763340556
0.081141732377681 0.173294899324885 0.0794095730548767 -0.203917273993994
0.177021549361986 0.0588000041762238 -0.0310969963788151 -0.174177680400149
0.126124064832199 -0.0636488111787742 -0.0639875638598376 -0.0925848591477637
0.0540432109721498 -0.102074194378982 -0.0535534690296513 -0.0612436011949824
-0.0155095446301429 -0.11688068295101 -0.0337916039013082 -0.0586129605251198
-0.0508077338162064 -0.104439886961612 -0.0270550179646311 -0.0754416545329521
-0.0522971579163158 -0.105381484111207 -0.0110919037044814 -0.0963792557081816
-0.00587279720248918 -0.113222946428633 0.0353811085194214 -0.101870526229603
0.051852726768281 -0.102654450923775 0.106708461285803 -0.0788776756960315
0.139626988156402 -0.0545629512796565 0.125844136708065 0.0149808704370907
0.139565400698454 0.0612918965365534 0.0658315611253732 0.096507782872081
0.0305275823181352 0.15330499583009 -0.011067902412003 0.0511593249379233
-0.0629723053402796 0.174872834936665 0.0699871554676483 -0.0993199467284382
-0.0642220183052681 0.0504978444697449 0.143234669738132 -0.246265181649702
-0.0569811941263235 0.0904690712846236 0.163543392236742 -0.196955134550643
0.0257020260915264 0.101688295215029 0.10463293947014 -0.180538820934803
0.0931683577271874 0.0470139431844082 0.00916734148976448 -0.164658356684392
0.0725382882675446 -0.0279892951815946 -0.0325939436248572 -0.114267680570073
0.033585592719033 -0.0542700886043096 -0.0419020279049212 -0.0987017057848979
-0.0052956184568815 -0.0693115381771852 -0.0398994990112726 -0.0931113569310262
-0.0291233566524062 -0.0678828150836936 -0.0359808312697763 -0.104795014193785
-0.0296059934636971 -0.0716868682954329 -0.0189430221692481 -0.125936443905888
-0.00137071170836434 -0.0783507034606088 0.0377152294282071 -0.130171725386555
0.0429774371609086 -0.0686761102644909 0.118510064679649 -0.0993732434058065
0.101236263055917 -0.023196222102016 0.13823164185807 0.00733573409967127
0.0822059841587512 0.060084588017555 0.0737615880137452 0.0886456089067334
-0.00936189446201675 0.106589822162765 -0.0102453678956156 0.0367830906073429
-0.069585514312458 0.0896929795660234 0.0893624993333186 -0.13029593486921
0.0527649595228145 0.00830086728997123 -0.0566504222930489 0.172025046761658
0.0200796916557672 -0.0412948653960455 0.0473663750434643 0.0044745800704208
-0.0272730470201787 -0.0428638287612683 -0.0767456185841539 -0.0940005328479683
-0.0422508603837126 0.00433480421395243 -0.160293429600621 -0.0129724598371182
-0.0163771765056566 0.0257964191633309 -0.13586914412595 0.115305986775141
0.00151835581293373 0.0171797324237783 -0.0313276534214242 0.169133516144655
0.00274804125460701 0.0214063447796897 0.0397073809241716 0.148380571192032
-0.000501463717156743 0.0198895276779995 0.0631496804534226 0.113316731180389
-0.00798778128404645 0.0120287345944307 0.0708723182323326 0.102634057312763
-0.0149928263995902 0.000626053485847895 0.0682681195170505 0.108889339234623
-0.0174921189841616 -0.0102489609378156 0.0438806766206379 0.126463041125582
-0.00467041294373671 -0.0336438845248691 -0.00328176794765937 0.157188196701744
0.0275674208895318 -0.0289472936683868 -0.069866529112689 0.174833992564792
0.0510675187384833 0.0142302017381957 -0.114221473443072 0.173382891459076
0.0433717706341066 0.0443036313577895 -0.0991449136454866 0.237925267374667
0.0436974464609617 0.0946487033525384 -0.0864410011173724 0.150436467623563
0.0522412169770671 0.0297557124149307 0.0384709933834181 -0.00155719750268342
0.0440979237112533 -0.0167509730635344 -0.0833031305196154 -0.106607134953534
0.0227876218129421 -0.0267506933891008 -0.177292621057776 -0.025699760586689
0.00803005452442314 -0.0233064105494219 -0.151898116766516 0.111668900762391
-0.000626033882273073 -0.0321041659759562 -0.0431691000614057 0.17081593977077
-0.0235681277147424 -0.0254724643070664 0.0353459317050774 0.145013427383314
-0.0308663090956874 -0.02218637489903 0.0589928090811911 0.106173231533333
-0.0306500786006533 -0.0354997042615967 0.0710373944590812 0.0916568340314062
-0.00577691543043102 -0.0528948144098323 0.0721900961446476 0.0950547490844241
0.0217985891808924 -0.0506313185260683 0.0571856159508031 0.109352878943098
0.0694020497741659 -0.0415517866994982 0.0188155824898046 0.145817966777336
0.0877710223571066 0.0188922151882592 -0.042404435024469 0.173186999069993
0.0592998735270927 0.0979002601596449 -0.0746213809667631 0.166177366728494
0.0189117139599896 0.142039665949049 -0.0672940083432922 0.210566846990017
0.0183842312141287 0.171389235477797 -0.0990204584806085 0.0991281167088401
0.0671415102152155 0.113237529186397 0.0360762963909778 -0.0254572163216239
0.113972606256746 0.029601043221646 -0.0830014176964219 -0.130500149665502
0.10143065813731 -0.0456395440983975 -0.188418597619356 -0.0500271105674983
0.0437568180067196 -0.0723297238412556 -0.163129515807377 0.0918099363383649
0.00524071229579448 -0.0824356964299942 -0.0576313166896806 0.153768207628073
-0.0422497000606717 -0.0732026618895944 0.0233195889948181 0.124594802577929
-0.0570920757001454 -0.0609860729533845 0.0458028253120896 0.0842721518389231
-0.0540303488110305 -0.0732682349422334 0.0623074224209921 0.0644248268841758
-0.00733700149631957 -0.0970836128679588 0.0734921234070344 0.0630724551840361
0.0424155886446424 -0.0912493100989517 0.0763348429489565 0.0753627041593216
0.123435132964649 -0.0685166600506217 0.0531720782353459 0.123839431675464
0.146360011021885 0.0374034593566114 -0.00341251322052387 0.166313511531889
0.0838297637939951 0.153571801291979 -0.037664420438489 0.149642954298421
0.00862035507693686 0.217466924139166 -0.0301249936096991 0.156643637209298
-0.0169804210098515 0.22199123432784 -0.0883567680056631 0.0231034207014469
0.0605435404368916 0.192226342113945 0.0434727066702777 -0.0662978903603708
0.165002837121294 0.0901405908124819 -0.067439701902568 -0.159557959613093
0.176358923897318 -0.0433246689483705 -0.180366898065098 -0.0844177276496502
0.0858557789354781 -0.109432967176482 -0.161196733505001 0.0543462111948088
0.0183347314779304 -0.12220980309217 -0.0700135531018839 0.115128940759634
-0.0513819113825976 -0.111195027375452 0.0067726255038333 0.0872709889064721
-0.0746364217259634 -0.0903350691892151 0.0265245867998322 0.0509018367028125
-0.0733580399068406 -0.0983526189730159 0.0446296438069555 0.0276797649948969
-0.0157203353337556 -0.1243818481368 0.0665764273164214 0.0208892789476645
0.0466938017816772 -0.121212943841039 0.0892803527456988 0.0302824577882801
0.150505729801416 -0.0973026440923583 0.0846535664129826 0.0901933397956608
0.185851649732686 0.0336183863587772 0.0332989552017285 0.14952512142742
0.10606129525738 0.177989742096666 -0.0132392342263044 0.12471630342046
0.00590927310570212 0.257881734854498 -0.000846664049780288 0.0858476929013368
-0.0502868761493625 0.23467478488496 -0.0532682048485402 -0.0665567768062979
0.0315408052103353 0.238804283973844 0.061425706678315 -0.116081008077901
0.177628516004046 0.144238663451487 -0.0364221689556012 -0.184880815191477
0.220589138881756 -0.0206045873959592 -0.148536839174686 -0.118024847947771
0.118967693234176 -0.121169108260336 -0.139788995797382 0.00560934279761164
0.0330167334104263 -0.140791706607392 -0.0729220228975203 0.0591540553199385
-0.05062021931042 -0.132211145381295 -0.0102320068661922 0.0391662862265908
-0.0808022815848712 -0.106208670737483 0.00393281102722298 0.0100815212365676
-0.0829713386136874 -0.108837578344713 0.021718192948076 -0.0127058316684348
-0.0240707289644466 -0.132803841462562 0.0505187977777356 -0.0242902614681363
0.0428060909380739 -0.132354734449958 0.0912245146409228 -0.0174381761796402
0.154444237988548 -0.109290538458706 0.103908864036183 0.0512452858960918
0.193646030867835 0.0278748643885323 0.0585809055595242 0.124980866986646
0.109117768815304 0.176818772094102 -0.0040159418934509 0.0960283811596796
-0.000770611588222526 0.260275278504321 0.0192610505223269 0.0124622980424691
-0.0689997093756615 0.205493669783958 -0.00265898277152109 -0.151410390744968
-0.00393705071887895 0.233215758231886 0.0869780161917869 -0.162055734393893
0.148095565317873 0.165993501557356 0.00652276769300929 -0.194007916259244
0.216352854114115 0.00890314977924854 -0.0979219819133591 -0.140445525890545
0.126347558684979 -0.106555654638337 -0.103111623968665 -0.0421424329397182
0.040686965414509 -0.133026435607032 -0.0665677878629454 -0.00180429711404512
-0.0428090574611582 -0.129825830036778 -0.0260599234104846 -0.0121923575405147
-0.0758068373101444 -0.10586551556508 -0.0176262807205714 -0.0317488874058154
-0.0798986984688263 -0.10591622075699 -0.00257159861717989 -0.0522050949225836
-0.0259089596903391 -0.126310972839149 0.0325377375246266 -0.0656147618890031
0.0389639549834505 -0.124493801427775 0.0876410705457622 -0.058752724423678
0.144456440732074 -0.0978245262578659 0.112605975776936 0.018217097582713
0.174669026111134 0.0316414217248241 0.0715792531265889 0.100802875696829
0.0866050481846069 0.16324426228214 -0.00306089239960372 0.0698385721594101
-0.0164856502235372 0.227974154586309 0.0342490788220498 -0.0533406032119064
-0.0696080521746324 0.139010171402481 0.0506654124454056 -0.216673034396632
-0.0314787142853809 0.175906718545354 0.11012655330552 -0.192887771332693
0.0937482370243105 0.143241582804675 0.0465047776585298 -0.189013375256158
0.165318813568995 0.026629997264911 -0.0466202586070035 -0.148970067566791
0.104836436001264 -0.0740819195707112 -0.0656493731838408 -0.0803026518173247
0.0362176632977037 -0.100661391471291 -0.0573437574629043 -0.0550741533524996
-0.0309456275396216 -0.1047095911134 -0.0392188218984749 -0.0564507975620143
-0.0605578732820568 -0.0890820653502605 -0.0367106225421158 -0.0678998859213457
-0.0642387400793364 -0.0895668003563913 -0.0230731293778354 -0.0880036780994367
-0.0210120351282807 -0.105395885101717 0.0201244864500269 -0.100882334946347
0.0372513833422777 -0.10219301007862 0.0867016055167232 -0.0898838224522247
0.124232631827467 -0.0689361979582983 0.118351865447322 -0.00317436188405071
0.134996294176601 0.0407917707661973 0.0784572897405937 0.0822704431151449
0.0477205240452417 0.138335346978728 -0.0053080940141887 0.0481502896111813
-0.0363123209488904 0.168548600289932 0.0480346009692601 -0.103811867298873
-0.0533411937037074 0.048191012687525 0.0890291126772104 -0.250958214505758
-0.0420391788101728 0.0859973155122166 0.119016614705223 -0.206265913186687
0.0346408094216506 0.0845540057768712 0.0706354025473741 -0.177122249036994
0.0884596144126746 0.0272290917357352 -0.0115841846075917 -0.149746431137072
0.0604522301931242 -0.0356735990254009 -0.0433118754935683 -0.103978287101825
0.0234881201822337 -0.0539654167550562 -0.0534772487180655 -0.0892242078170247
-0.0148957625989323 -0.06268597939148 -0.050696030203676 -0.0864969699358507
-0.0364563975647341 -0.0588595577603536 -0.0487251289286182 -0.0942848519893292
-0.0379795410781723 -0.0621527680538558 -0.0353025789532617 -0.115029971780635
-0.0120593437425419 -0.0729168868081364 0.0166547514937236 -0.127888261292671
0.0324704466715738 -0.06939595432579 0.0951375798427344 -0.11097962893684
0.0919902276931748 -0.0348647301774917 0.128436320088869 -0.0125310751683907
0.082087867318513 0.0464031819208223 0.0842058953916204 0.0732247523209172
0.00479249351395358 0.10029122144889 -0.00571558635534283 0.0344224808624539
-0.0527869898015364 0.0894424634639077 0.0625435429293577 -0.134883818921001
0.0508036657839136 0.00762212303177332 -0.0554340590424871 0.164531330082198
0.0202292933711425 -0.0392174347906655 0.0464763717933989 0.00427929857508988
-0.0262292480505603 -0.0406210375344567 -0.0710662474944303 -0.0905070103540184
-0.0403797663764705 0.00314917873886424 -0.152893999885817 -0.0143751986031976
-0.0158765418890317 0.0240559875564276 -0.131573727682514 0.10804199797305
0.000435122365724414 0.0159668782321495 -0.0316428511367209 0.159028856991175
0.00264610588685995 0.0203882583567711 0.0368463288340137 0.140635418294997
-0.000580931755712364 0.0191406916210295 0.0586467988391807 0.108799434562046
-0.00762617543950793 0.011492896050185 0.0664474505559257 0.0983136081907948
-0.0142340730686303 0.000619002604788009 0.0639782003740101 0.104882612625474
-0.0160152482986184 -0.00973584660891037 0.0400590752742109 0.121151656342139
-0.00366138266614756 -0.0318184073439076 -0.00535028971205125 0.148876351036973
0.0272850118408371 -0.0264478541317591 -0.0694548397504939 0.164688201994363
0.0489120836435678 0.0148862239868447 -0.11320873765517 0.161472210333089
0.0400514405730398 0.0425210716222289 -0.0981930834879148 0.226949218153526
0.0410296501134457 0.0902215139301974 -0.0844688763831258 0.143680345876803
0.0498081857193329 0.0291091258339927 0.0382333314110998 -0.00050711166787888
0.0419729201606791 -0.015912998449489 -0.0767236410397951 -0.102344237036142
0.0221550059701647 -0.0259384717536721 -0.169074500509651 -0.0273813724456166
0.00779050154107155 -0.0225127604334448 -0.146782454235774 0.104210759727673
-0.00056170870387381 -0.0309845794085395 -0.0423298945406267 0.161346436182388
-0.0221483839107019 -0.0246409257323169 0.0318612879799782 0.137881429291001
-0.0288051263803656 -0.020683814299204 0.0537237145451608 0.101738475273356
-0.0287648453945376 -0.0337324680653919 0.0662367046095751 0.087495368478119
-0.00568239997670568 -0.050906258517007 0.0677549204290523 0.0912955867500954
0.0210798708066213 -0.0484665083495352 0.0529999660464262 0.104956245731109
0.0664894761096053 -0.0392882203851017 0.0162046855075482 0.138889079987489
0.0838210322753048 0.0198712405449622 -0.0427282818809534 0.163878389386732
0.0556212944342459 0.095145438942358 -0.0751915440508281 0.156870563231884
0.0160934705955991 0.134598391269579 -0.0683316073602411 0.200775297086791
0.0157118140526976 0.162538484999037 -0.0957456207592989 0.0949530200744965
0.063303462026675 0.109385735217659 0.0356707737998456 -0.0226852280476121
0.108144889839462 0.0288346644020157 -0.0760116584225377 -0.124726451442452
0.0970329392660752 -0.0431115001390268 -0.178704984651468 -0.0507445199965415
0.0428448796212609 -0.069314385002151 -0.15724134538244 0.0852347348071971
0.00538142040978578 -0.0789864095646067 -0.0562663565313384 0.144872097238815
-0.0399331991700752 -0.0697668748901253 0.0202753406497841 0.118274494713221
-0.0536089338012283 -0.0573296843023924 0.0423483271767365 0.0807540763479337
-0.0508954268619349 -0.0697416005990986 0.0580839273650043 0.0620122629057496
-0.00636697306129886 -0.0923379294916574 0.0691964492969342 0.0608633781259698
0.0409548647013426 -0.0865116650240649 0.0722042367173258 0.0728687634418434
0.11812885576031 -0.0642583591459298 0.0499293018864725 0.118442640427459
0.139380462968512 0.0372890944910403 -0.00526717246226416 0.158761093692574
0.0781113047480975 0.147961909792791 -0.0397095766897202 0.142076349743049
0.00561295776728612 0.20613153705983 -0.033122774050308 0.149775523019377
-0.0180889801934419 0.21057577434878 -0.0845455922621208 0.0223689638478984
0.0555560306458908 0.184717740219921 0.0431616319311977 -0.0609137764679254
0.155779089519413 0.0865272305669974 -0.0608778626814956 -0.15247921288848
0.168768719857015 -0.0408369087185317 -0.1706225916722 -0.0835145342214113
0.0833393405359355 -0.104295590803577 -0.154740188550546 0.0495890873985171
0.018317158407141 -0.117263834398184 -0.0675615009015905 0.107777807491374
-0.0476903560659502 -0.106428614072618 0.0045460109924207 0.0829695573103393
-0.0700475489010418 -0.0856328213704854 0.0238227914200354 0.0487636279206153
-0.0687283849384687 -0.0935970215670919 0.0420622433974526 0.0267383317950873
-0.0139693392768055 -0.118499509727853 0.0630114976028639 0.0203584880072141
0.0454149346555712 -0.115502178897468 0.0845927444311416 0.0300142558455622
0.143820798168259 -0.091772741608161 0.0807107635323023 0.0868647529734342
0.176667310053878 0.0342668657914421 0.0296633182595596 0.143411451544449
0.0992190636341676 0.170945283697744 -0.0153871520828331 0.118798699157241
0.0021099050995381 0.244587539770856 -0.00378378045334574 0.0826192561917235
-0.0501763275706571 0.222835066962162 -0.0498011432486972 -0.0626915727182023
0.0274622326036831 0.228699604541825 0.0609164407816368 -0.107772865322129
0.167207656496787 0.138789724897101 -0.0300731324727555 -0.174966938859958
0.210796241146271 -0.0185385951974581 -0.1393164705863 -0.115063867745014
0.114778242366736 -0.115285554920523 -0.13362078150719 0.00317383594699332
0.0326530574481484 -0.134331279142432 -0.0699483775237809 0.0544627208374032
-0.047037074136643 -0.125749186881767 -0.0116027583800251 0.0363016129997083
-0.0757080161693761 -0.100851451804692 0.00298666475612737 0.00941425388682851
-0.0779200468594696 -0.102912641824746 0.0204563418511723 -0.0122825217254611
-0.0217100444664706 -0.126356196672589 0.0486222895158466 -0.0223756541087089
0.0421256349205478 -0.12588259041962 0.0870447312103727 -0.0154315821168647
0.14789871508429 -0.103081837750257 0.0991202797799398 0.0494237651356704
0.183963092995745 0.0276157816620532 0.0548918466952513 0.120554494578592
0.101110029635044 0.170556438865346 -0.00505434130664272 0.0920551226400177
-0.00370290213307136 0.245754435959338 0.0169665790218236 0.0124118121510568
-0.0680505326670867 0.195160275285617 -0.000148986357782606 -0.143958711612462
-0.00702571925288707 0.222209742849406 0.0860531478567101 -0.151111486253682
0.139011997822687 0.159174213561866 0.0106849830667333 -0.184598382423528
0.205895243268114 0.0102410701536243 -0.0900369581442561 -0.136163185162668
0.122303571885572 -0.100488596861183 -0.0972955261498505 -0.0423360106491317
0.0399929992404477 -0.126700069237216 -0.063607960415009 -0.00363057026026656
-0.0399122843118343 -0.124175581445171 -0.0257841941611524 -0.0124742261234941
-0.0708822258538299 -0.100684848808407 -0.0174557851950145 -0.0307748505303292
-0.0747907668965379 -0.0998303728954022 -0.00166053297360277 -0.0502733947039356
-0.0232885672145375 -0.120123843575296 0.03248156077675 -0.0616612000885857
0.0391794892479689 -0.118171213425991 0.0841784815003847 -0.0550180197045993
0.13805869168465 -0.0918915627848622 0.108220628561825 0.0185401924831571
0.165238178541933 0.0313647017784443 0.0680386442480015 0.0977763700682569
0.0804852835096695 0.156657856979346 -0.00455858178609768 0.0666677580644634
-0.0178523226625343 0.215438822328259 0.0312390471495835 -0.0504017498081671
-0.0675263737960176 0.131070535906202 0.0522851649824889 -0.206549209850297
-0.0318210414748902 0.166938728714095 0.10887626332943 -0.180507105465256
0.0875199527060338 0.135751807690001 0.048286007391414 -0.179000831499596
0.157730138443223 0.0257693096780771 -0.0414953125055897 -0.143508496116761
0.101083313904354 -0.0701428573598643 -0.0612163239450887 -0.0783039164784276
0.0358496067535461 -0.0962454069333704 -0.0543821938765369 -0.0537443670212943
-0.0280239880128387 -0.0996521371545299 -0.0379976322902296 -0.0552507796665809
-0.056564125950735 -0.0844817868053063 -0.0343361989650378 -0.0662609569413607
-0.0599779825196922 -0.0852110860071336 -0.02033000703849 -0.0840338404342832
-0.01882058485758 -0.100570078151299 0.020723361365008 -0.0953019432200713
0.0366813428749825 -0.0972615677860132 0.0842561297397482 -0.0842120512833626
0.119151747938445 -0.0638950108637517 0.113698629184594 -0.00187510335418305
0.127133522649386 0.0405161234397712 0.0746233279550342 0.0800604219657966
0.043404682986636 0.132424978728952 -0.00600069376406308 0.0462399514305315
-0.0366165712952182 0.1585880369118 0.0456853515750347 -0.098216126837126
-0.0510265602417234 0.0448800313213661 0.090535480615632 -0.23840015214896
-0.0408600552935732 0.0808840622011576 0.11745438832015 -0.192996933764982
0.0312635008681639 0.0797850180362887 0.071448892557431 -0.167736410302463
0.08459246328433 0.0262249471509979 -0.00796079001574045 -0.143398843673554
0.0582259780113819 -0.0332180590880907 -0.040040634169156 -0.100249401719579
0.0234731035357004 -0.0509538125342457 -0.0505406841331325 -0.0865389745257243
-0.0140425355459008 -0.0594631810562276 -0.0479978908914621 -0.0834838131974559
-0.0339845264232618 -0.0554328856757451 -0.0456762741851432 -0.0912989458165578
-0.0361824573798381 -0.0589357255780101 -0.0324464630187064 -0.109852566412314
-0.0108502391160488 -0.0693766952882637 0.0186324625371901 -0.121241638601248
0.0318352840875994 -0.066015308411496 0.0919308912764912 -0.104528658587568
0.0876255617410248 -0.0322169723932052 0.123331915370092 -0.0102978845400874
0.0765814810462033 0.0450528749634492 0.079807135065053 0.0717111425425069
0.00359248186335601 0.0952983642929574 -0.00612609269291989 0.0332983267129942
-0.0505195620415676 0.0832982139253748 0.0602433976499855 -0.128224767099279
0.049961379796443 0.00747011966579492 -0.0594551723036738 0.161955801057433
0.0216174876761637 -0.038437743213099 0.0473998148598388 0.00534705325745498
-0.0245451568822608 -0.0406653885120841 -0.0667803588044398 -0.0915320186583215
-0.0402265122725285 0.00187280900414312 -0.150707450498834 -0.0187069497035712
-0.0161849104964987 0.0228704459685145 -0.13359360463882 0.102433696605516
-0.000679837214401759 0.0154044416854449 -0.0355973097138325 0.155600430804434
0.00196556902548564 0.0195131097598257 0.0330460321096077 0.138855247743538
-0.000425516565157934 0.0188907456176604 0.0550496980814452 0.108966453468155
-0.00760441861851831 0.0107336772444779 0.062755395464112 0.0989426028797271
-0.0139567638632774 -6.27626042466875E-05 0.0604444706523629 0.105263764132837
-0.0154410401217673 -0.00989347639107909 0.0361798738358877 0.12094911616571
-0.00214580445582283 -0.0312758285299178 -0.0106250449667015 0.145561622693393
0.0284286936969437 -0.0244310762536197 -0.0743858234710419 0.158821326809304
0.0481333243817752 0.0166169784011196 -0.118481226528166 0.155817513175871
0.0380198696228647 0.0430577595145644 -0.104515885007689 0.221345541816183
0.0379925600046516 0.0894771034606685 -0.0877250940623668 0.141155637379316
0.0486024710444057 0.0305367582716719 0.0388276400190852 0.000983062067510021
0.0414051945206469 -0.0147349639170306 -0.0719578373410839 -0.103489994951114
0.0222874492130488 -0.0255970988428657 -0.166052732796036 -0.031302505711141
0.00839200595662614 -0.0224836529734232 -0.147764572539667 0.0989218857974263
-0.000483688152773029 -0.0313118844739794 -0.0464730678583697 0.15687498972729
-0.0218333605499394 -0.024744501690861 0.0276828836202094 0.135963200490727
-0.0278088220306175 -0.0210441416502026 0.050683301116081 0.102559174509192
-0.027248011574981 -0.0336064871283079 0.0623547097937999 0.0880831762721542
-0.00414776399123093 -0.0502981330463365 0.0642331727894367 0.0920995584123381
0.0223316550780508 -0.0466209052484926 0.0496614492021573 0.105608745109519
0.0666210976438634 -0.0368752619253313 0.011782532324924 0.137311202431704
0.0830350627651239 0.0219178643267633 -0.0483482489028815 0.160323222579683
0.0522458806239912 0.0959497747807003 -0.0811000427515423 0.151684575795023
0.0114693230932576 0.133343456849901 -0.0747657545593519 0.19720562124083
0.0112741457313635 0.160353078586555 -0.0971212758119814 0.0925981766742136
0.0596654071246098 0.110707546120935 0.0375932666730952 -0.0204240868854932
0.106138647875007 0.0307710327172732 -0.0698011801827507 -0.125773433735195
0.0971711892519286 -0.0413520118707805 -0.17501648434892 -0.0555282848483317
0.0443670208571613 -0.0679433138700809 -0.15780609023019 0.078763664207757
0.00673050783170553 -0.078529719104272 -0.0597271997935778 0.139892362311064
-0.0378078431370325 -0.0696629311556612 0.0161632633562232 0.116560299678136
-0.0512980585505577 -0.0572673496653307 0.0390345211632054 0.0809630795393505
-0.0481369415749016 -0.0686527174746142 0.0555622740353963 0.0616511115965438
-0.00439934222439697 -0.0913812824743043 0.066358414935918 0.0619472505352418
0.0424832012339138 -0.0846937804909407 0.0690460919486303 0.0741605172350434
0.117783859103902 -0.0605983306446918 0.0461226180096337 0.11859440262888
0.137183279216039 0.0402740423851107 -0.0106107654861916 0.156736536287995
0.0726534249676624 0.149250367071307 -0.0444753171622021 0.13881268537859
-0.000774681335347959 0.203123090287395 -0.038517174434054 0.147476686933315
-0.0233508349125096 0.207411106220015 -0.083511800220623 0.0209391572863632
0.0495350881505514 0.184598419528994 0.0461054671724727 -0.0573470615190624
0.151481809769027 0.0893926151639245 -0.0538185653028581 -0.152100099700135
0.167437556932654 -0.0370306609030621 -0.165982159182841 -0.0880621216599563
0.0851684539350787 -0.101152603324644 -0.154985083583806 0.0439665910926625
0.0211701933251611 -0.115605852337971 -0.0692312348095931 0.103745397296877
-0.0446107908135095 -0.105562279189151 0.00074292202311702 0.0805393328291915
-0.0663666293103086 -0.0852888090570953 0.0217839056384521 0.0487501547471095
-0.0647751123950583 -0.0925151885910903 0.0401645802584742 0.0268402388816218
-0.0110712826192479 -0.11750710294267 0.0613890598540169 0.0220536201629363
0.0477694842006788 -0.112729137588273 0.0824626383358147 0.0318871652209989
0.14396337436285 -0.0871756421515657 0.0775342016370468 0.0875644076399931
0.173866911811813 0.0368312376014008 0.0253546863672452 0.143419312704323
0.0926533835334594 0.171897858704751 -0.0194305392179568 0.116757249922953
-0.00422156989781406 0.240234328660851 -0.0074850515929525 0.081478390820468
-0.0559493027890437 0.218212051420198 -0.0465915389068095 -0.0623787199281149
0.0197850837907809 0.227042195533074 0.0659505571908573 -0.102978763790108
0.160783620297364 0.140618492151548 -0.0231450517026719 -0.173306481039312
0.209435112431881 -0.0140010498422113 -0.133239083830313 -0.118017025014809
0.116423149935641 -0.111069278772557 -0.132138057367763 -0.00184654644710389
0.0355189013010242 -0.132816037935055 -0.0709665438155284 0.0508598311078878
-0.0428863075533774 -0.125005694872134 -0.0140899515277389 0.0349466707296692
-0.0721894150655839 -0.100056133577232 0.00172914160151428 0.00924541007412146
-0.0738282356913737 -0.101989036185808 0.0202686899211273 -0.0121933549743361
-0.018360575947529 -0.12602954438234 0.0483620573542964 -0.0204999538099209
0.0446813345160516 -0.123329452710821 0.0864330930459778 -0.0127389000406081
0.148116857288229 -0.0981212312192184 0.0976437867455222 0.0509045147289872
0.181223153587943 0.0318821069512872 0.0506394159728606 0.121211814313911
0.0947268712010418 0.17115244717229 -0.00882123930886168 0.0905878760872064
-0.0100033827653994 0.241277001555834 0.0143764993123553 0.0124122974468545
-0.0723186853785917 0.190172813227383 0.00516100126685652 -0.141531343694971
-0.0133290339173873 0.220287640189735 0.0917803509667295 -0.144574975109908
0.132065856292258 0.159555420385995 0.0182843861420142 -0.180822286031217
0.203346364442809 0.0145786581908983 -0.0840701871197783 -0.137121140190367
0.123812292744206 -0.0964614498420292 -0.0949803796025899 -0.0461894730597047
0.0430758264652114 -0.124400153526002 -0.0629584371507238 -0.00611501590741885
-0.0361698405285429 -0.122370233143471 -0.0264505085411403 -0.0133220076135315
-0.0677892066837103 -0.0993708496754908 -0.01703192190863 -0.0312425553878501
-0.0712819311039033 -0.0993463648579886 -0.00024155163446118 -0.0497809529090353
-0.0202716438712558 -0.119181181631231 0.0336621414711506 -0.0599531356275116
0.041133046952187 -0.115822032371585 0.0849387554483508 -0.0511990655360522
0.138664032713827 -0.0866108881802985 0.107074681331385 0.0202491034564093
0.162081236002628 0.0352140922474706 0.0650579150434843 0.099153592275095
0.0740365349335308 0.157103130757952 -0.00677568219821679 0.0659760074271502
-0.0233696146679166 0.210286530772671 0.0312215302506918 -0.0485191720452781
-0.0697368979282012 0.12715009851667 0.0588565716108648 -0.201910662010017
-0.0365968662072828 0.163716813228901 0.11502702984196 -0.173177806965483
0.0820101264765404 0.135457670612317 0.0541815098845596 -0.174895177053297
0.155719242042828 0.0288566611167453 -0.0356280754806386 -0.14297695689225
0.101847497001157 -0.0665586674466224 -0.0576559263111378 -0.0797981934446079
0.0386226896748326 -0.0944129993389229 -0.0522159534617827 -0.0553592483836648
-0.0253746801487134 -0.0988482840793203 -0.0372747691847663 -0.0557380150661435
-0.0538454911783785 -0.0838293194768333 -0.0330635422012098 -0.0663617918539984
-0.0564143423875033 -0.08437978600436 -0.0178749945448306 -0.0837539074452251
-0.0166503882800495 -0.0992478250299982 0.0237537041598218 -0.093146944671643
0.0385340289413234 -0.0948993563640525 0.085425440774849 -0.0804273566378801
0.118840903901421 -0.0602110686590469 0.11314377065762 0.00120168096793752
0.124125884327877 0.0430685561645936 0.071845236940704 0.0821808486569166
0.0394084109937482 0.131766904499704 -0.00739392705212317 0.0460127623434642
-0.0400594724023128 0.153778605835482 0.0465467661779525 -0.0968027050343768
-0.0510602639133644 0.0426863361395865 0.096865290256368 -0.233805657561479
-0.0427565886207955 0.0782797368950356 0.124252374825592 -0.185923664163815
0.0283351112401381 0.0788843758858002 0.0764910491642201 -0.163067813822035
0.0828717668330677 0.0272846474844663 -0.0027036555606926 -0.142632593939692
0.058565605158366 -0.0311095641137407 -0.036183754367295 -0.100795519518329
0.0248664688134928 -0.0505556540136767 -0.0474193884906409 -0.0875923851977773
-0.0117432363072755 -0.0587404965015827 -0.0463461639157819 -0.0843537419840812
-0.0319572633916857 -0.0549761945014177 -0.043680716541591 -0.0919170613891894
-0.0339337882805392 -0.0584070522752308 -0.0279846418745742 -0.109735941266856
-0.00929497204194998 -0.0683229172097912 0.0225671220347477 -0.119156445938177
0.0329471737136452 -0.0644003933093508 0.0935414148094863 -0.0999322831213193
0.0872062417707821 -0.0289461392350703 0.122656066465511 -0.00625773848084098
0.074174753496194 0.0467831745607277 0.0768322277784013 0.0737890210747006
0.000531510456413189 0.0937590133997945 -0.00755301018280217 0.0334624167587761
-0.051508431879704 0.0791937645728246 0.0613923533523865 -0.125585955667424
0.0510830003457364 0.00740114453035884 -0.0631233424521052 0.166646043571684
0.023498666211775 -0.0394576144092681 0.0496443571912926 0.00603691648040653
-0.0249167971776178 -0.0421377622243971 -0.0656520876012737 -0.0960442610727116
-0.0410236811114093 0.00152889056753601 -0.153645150398708 -0.0218785918904685
-0.0172316825292221 0.0229845987153055 -0.139082101969699 0.102454472827571
-0.00168136692301691 0.0153619660557641 -0.0396194479594968 0.157495066603854
0.00154428896774369 0.0200044225872295 0.0319284489983126 0.141300727615401
-0.000321044040784727 0.0186543626889532 0.0547490967638451 0.112782048702861
-0.00770699845387774 0.0103130898755738 0.0629358796238274 0.102503104225671
-0.0142407369980521 -0.000561457736554569 0.0601006824557907 0.108814399500274
-0.0153480478280315 -0.0100241024626641 0.0345792923644049 0.124768540018541
-0.00177673231622573 -0.032415659601547 -0.0146235660484417 0.148941767223674
0.0296793752466976 -0.0234191284179625 -0.0796506524166414 0.159772212062516
0.0501574246122702 0.0187206630975568 -0.126153551012339 0.156177305191339
0.0379134944594055 0.0447245706493787 -0.112121370200589 0.226307327322431
0.0377910959978535 0.0908694200170598 -0.0922582705751826 0.144343342966495
0.0496493523084317 0.0319684427234487 0.0416190053938465 0.00174202188010108
0.0426855714173384 -0.0146994428975794 -0.0701041445900704 -0.107575878578622
0.0232175672694826 -0.0267251962704598 -0.169238865707153 -0.035939860124698
0.00911816775753728 -0.0237854187644433 -0.153818324314862 0.0977162927093294
-0.00112692776407751 -0.0319726555741774 -0.0502154652961734 0.158885832077041
-0.0215247938465162 -0.0252723512754691 0.0256049580721949 0.138477708590056
-0.0275118654001559 -0.0212359923481182 0.0500190653530869 0.105968418981848
-0.0276069011897792 -0.0346445818456118 0.0623869926704033 0.0915846336341865
-0.00335492409922759 -0.0518584340070743 0.0643572114914524 0.0948060764662319
0.0234720754268027 -0.0477343028466971 0.0484664781623963 0.108637763627207
0.0686951131031884 -0.0373061540270826 0.00895652351452859 0.139997653528886
0.0851417645334506 0.0242803355045314 -0.0529454546484418 0.16225798197846
0.0521334810815797 0.100203800013464 -0.0874024818429667 0.152859181322485
0.0092677862883417 0.136527982142315 -0.0814635186382626 0.201005974465284
0.00931298282136271 0.163525576920849 -0.101035738364151 0.0947131894612069
0.0599219991248413 0.115252221980092 0.040620588309551 -0.0196043931835617
0.10781242264622 0.0327981094676669 -0.0678564505390536 -0.129762523856299
0.100039922874387 -0.0417475061548236 -0.178142441694607 -0.060353821864281
0.0465621728508405 -0.0700631395184396 -0.163776767968519 0.0775877194480287
0.00783616288127632 -0.0806436150532603 -0.0640361322448955 0.141335221809483
-0.037766411760193 -0.0712809997746942 0.0143560244968563 0.118429600985856
-0.0512204654088345 -0.0583410923946963 0.0379111828471062 0.0834095532006057
-0.0478324533389799 -0.0709018955626404 0.0550039215146815 0.0643758366501378
-0.00306966019834299 -0.0939094060644072 0.0671093707743414 0.0646917350092667
0.045036635439413 -0.0858339474176743 0.0687669607184316 0.077184599713466
0.121445527365943 -0.0609273599135953 0.0444448770742999 0.121751243938513
0.140383763057472 0.04346283213414 -0.013832829919744 0.160913295342677
0.0717100892603255 0.155157200959008 -0.0491089230908528 0.140749591627019
-0.0044894469815565 0.207677667080882 -0.0435648108814507 0.151216297986671
-0.0270921729361054 0.210988169025741 -0.0857745389204424 0.0211924978240756
0.0478362854864205 0.191000136228714 0.0497817169623534 -0.0565177640532243
0.153603858472683 0.0929923958287688 -0.050634288134311 -0.156438656056101
0.172476322992831 -0.0368172967104204 -0.167718054377183 -0.0938430831925179
0.0893657941968027 -0.102861369207891 -0.160082956131321 0.0412510737068329
0.0230931894378643 -0.119137362181779 -0.0733591878263853 0.103613648274418
-0.0440617120708262 -0.108704527050812 -0.00190716783495781 0.0824983890193332
-0.0670481360089415 -0.087170017609127 0.0205833533260261 0.050158621930175
-0.0648359869404681 -0.0944535597506596 0.0403751116152576 0.0278191164373864
-0.00974564360075974 -0.120753692858723 0.0615059634388553 0.0228634935471769
0.0505578028674291 -0.114764414777295 0.0838857007123898 0.0346446942363129
0.149125552370806 -0.087395281479613 0.0780915322013351 0.0901061104322161
0.177463065112908 0.0405497903253336 0.0235329462137813 0.14794394577666
0.0916813495761023 0.178869376604882 -0.0226927711581335 0.118599399530086
-0.00900125165620033 0.245537577412003 -0.0105368637181891 0.0839401658251594
-0.060654499654766 0.222089724528788 -0.0458855650448355 -0.0638412486489272
0.0162876815079399 0.234237086396868 0.0714890685469111 -0.102942732051272
0.161992040140149 0.145552461789941 -0.018756414354775 -0.177610207588361
0.214849111513826 -0.0124176995941889 -0.133983039149657 -0.123942672471646
0.121565446845758 -0.112962642976086 -0.13520186408124 -0.00478262228775744
0.0382850871149659 -0.135978052800019 -0.0735580842513066 0.0499897494685541
-0.0419549974617407 -0.128505340875436 -0.0161670919903139 0.0351776849014643
-0.0725844189252455 -0.102140065726834 0.00125818962709409 0.00910322948063847
-0.0734560454451158 -0.10438356921886 0.0202670515703004 -0.0125101603215774
-0.0172239417575524 -0.128939875347527 0.0496444622100697 -0.0198854574503327
0.047636855430362 -0.125348211000497 0.0888879917851364 -0.0115326937313883
0.152673628061302 -0.0980906517458423 0.099461010486421 0.0530447360819575
0.184653657611035 0.0349554213893079 0.0505062990966943 0.125956746229254
0.0935921876862629 0.177659305702606 -0.0109571159667962 0.0929342348308264
-0.0150040110948993 0.246581140080733 0.0133308275966565 0.0135933376974247
-0.0771787613192987 0.192428104506798 0.00950742360262825 -0.144298985822992
-0.0181463140042206 0.225044480055961 0.0987499188979294 -0.144745970125428
0.131722557842944 0.164789017866673 0.0231798999929208 -0.184390216647471
0.208353365292597 0.0165793765995732 -0.083283274848078 -0.142676221443553
0.128654686323563 -0.0978836882455796 -0.0964337511047899 -0.0494961948640654
0.0464188943139384 -0.12760104777736 -0.0641891700423387 -0.00851062683130461
-0.0348761064840858 -0.126057061895652 -0.0283633374563515 -0.0147385518223442
-0.0679918583751846 -0.102189625930689 -0.0182269112672326 -0.0329899497867307
-0.0704453505818577 -0.102187486438355 -0.000112131170376973 -0.0511688809986884
-0.0195147126775532 -0.121573641745277 0.0360216395382404 -0.0608427736956894
0.0441006168652575 -0.118041197789854 0.0876642783488553 -0.0512405021097616
0.142935795223542 -0.0866279636517218 0.109500924390585 0.0223799489526993
0.164945153035683 0.037717094775868 0.0652049149678509 0.103605531422703
0.0720343668876521 0.162267214542439 -0.00829063236357095 0.0679486562924961
-0.0277715711134269 0.214318708693366 0.0319761307905073 -0.0494540619965464
-0.0732251622249661 0.128346072591753 0.0659680045561881 -0.20579015343303
-0.0405170704519577 0.166570798169949 0.123221705845542 -0.17343282134741
0.0807027277727547 0.139819131169472 0.0609738402166108 -0.177899657913815
0.158732113025586 0.0308127859022962 -0.0331691378878004 -0.146984552026071
0.105983794084089 -0.0664369168651509 -0.0574033688171918 -0.0836570155234859
0.0412147150461971 -0.0966631626796697 -0.0527778947927784 -0.0585409755777918
-0.0240251904384535 -0.101036636972158 -0.0385843307955267 -0.0583329982745217
-0.0540034506240675 -0.0854460754193846 -0.0344351862388069 -0.0694597383863497
-0.0564285203314111 -0.0865694504991584 -0.016524340611215 -0.0861419807652103
-0.0153007089271329 -0.101353515225592 0.0263938787627848 -0.0946276261716456
0.0406302257941575 -0.0965138260251825 0.0890666183244236 -0.0808224794024787
0.122343851870796 -0.0599813650910846 0.116664903908036 0.00278780588963767
0.125644837556824 0.0454650422245196 0.0729663051919214 0.0863455001377033
0.0370103270608118 0.135730281963146 -0.00823748178636603 0.0475849293543442
-0.043223471389747 0.155940604567084 0.0486166188864747 -0.0980240273129926
-0.0521328042443302 0.0415217719804294 0.105449743180352 -0.238620895309152
-0.044688177320188 0.078395461611292 0.132622231999483 -0.186696370760389
0.0271504665545786 0.0805031627917082 0.083039048981473 -0.165614254553758
0.0845571578669161 0.0285775956264832 0.00111040526302093 -0.145441289197148
0.0611702313324824 -0.0306508346922254 -0.0346070960898168 -0.104334003796206
0.0269805933991588 -0.0510096954062995 -0.0477006741676673 -0.0907757731475604
-0.0114756166592405 -0.0594206670696864 -0.0466634414170281 -0.0876665720896079
-0.0322843951583889 -0.0559719890921505 -0.0442739507689905 -0.0958045251705588
-0.0335736086360403 -0.0595961454084314 -0.027062499980023 -0.11291989059919
-0.00821282374742151 -0.0693889018411165 0.0257411060001305 -0.121361771790938
0.0346843645667465 -0.0654094440691656 0.097631226557085 -0.0996601471805495
0.0901692835206995 -0.0283159324359521 0.126442343295975 -0.0044346190618309
0.0737393592479306 0.0492733675784998 0.0781370424819191 0.0781471238414329
-0.000994419954104592 0.0959771175204926 -0.00821643153548327 0.0344372694265803
-0.0536313747044192 0.0792677738203651 0.063808981859161 -0.127840561501517
0.0530197968211533 0.00565916772464896 -0.0619412356926321 0.17590356457179
0.0237883179830916 -0.0418613552953247 0.0533808294133259 0.00536412903204981
-0.0266160004077262 -0.0431026328344725 -0.0698302041354275 -0.0996336625742062
-0.0424392158720965 0.00209326517481753 -0.160965795109332 -0.0203663411391574
-0.017809624204446 0.0232201618325608 -0.143262651609939 0.109253472056167
-0.00162346887083834 0.0162373520808596 -0.0388073444705049 0.1646218664061
0.00181426692020264 0.0205270644854122 0.0364522025682572 0.146191576516548
0.000501696489326592 0.0194242385098468 0.0596666662188214 0.116718526749385
-0.00769751302482424 0.0106855561182199 0.0681919647888014 0.106028386783731
-0.0148376996864573 -0.0006200690135473 0.065377541648364 0.112339091452744
-0.015995593596261 -0.0102514005985363 0.038319241633639 0.130234666069102
-0.00175774647027315 -0.0334319087335317 -0.0137717211135846 0.155818383627072
0.0313215431051706 -0.0247920775987472 -0.0817757682276973 0.167044439953872
0.0532051177506773 0.0199042687702692 -0.131146277877828 0.163581428897474
0.0398969390553422 0.0457961943928942 -0.11432555616801 0.239602042601951
0.04078868263441 0.0931547867164842 -0.0926856325779717 0.154827908686153
0.0531746802286088 0.0327034994546207 0.0453666823542207 0.00136747704699655
0.0442613551429555 -0.0161631578864975 -0.0743165353059649 -0.111512718391311
0.0239856414621157 -0.0287878165289281 -0.177454813124219 -0.0344433044911156
0.00887340627105745 -0.0258882014292043 -0.158691949084111 0.105252854903588
-0.0020785139424306 -0.03415973429727 -0.0499597173297964 0.16636877919249
-0.0230228939630593 -0.0264372955237799 0.0293082561570798 0.143617741493135
-0.028935035560333 -0.0214433929467864 0.0548083862830667 0.109512110528606
-0.0292815926693922 -0.0354492039399155 0.067381007881543 0.0941036387861849
-0.00441868865749995 -0.0544078672687843 0.0688277680483955 0.0984460195261912
0.0236222183152777 -0.0501663920515163 0.0518778564932796 0.113397460687664
0.0711947787505667 -0.0400163130888553 0.0117397895379137 0.145715202746931
0.0900582225798364 0.0242021461487437 -0.052612719812001 0.169755473542563
0.0564277044007249 0.104899517580343 -0.089558364890858 0.160832273821614
0.0121219244758925 0.142131017050754 -0.0826301546837118 0.212810812444501
0.0123665181100341 0.169849683469026 -0.10302123661921 0.10226952791478
0.0650739680860734 0.119542477496071 0.0436348839619237 -0.0207465018660829
0.112915889212484 0.0317488460782735 -0.0712192503305133 -0.134703764292965
0.104113088026929 -0.0469120447055947 -0.187047178993402 -0.0599929486291594
0.0472278433870669 -0.0751315727672554 -0.170632432277798 0.083387033164264
0.00610523268152562 -0.0846588818319207 -0.0640794558762597 0.148387652655602
-0.0406645639144938 -0.0734544847904845 0.0159609375709206 0.122960524437848
-0.0546682400606937 -0.0590601149568894 0.0413493470829673 0.0870740999879226
-0.0515401156782569 -0.0732133578996059 0.0579317694386638 0.0659679904467116
-0.00520329192178272 -0.0982256627330703 0.0710270966928699 0.0659801165424952
0.0448540157441539 -0.0906556144693526 0.0725982198863124 0.0800954385212616
0.125275051916778 -0.0665038229755942 0.0492379144730171 0.125833252877682
0.148120957873436 0.0420791455748597 -0.011767171434277 0.168078813905756
0.078176784806137 0.161901598707127 -0.050333785810721 0.146934505676708
-0.000643311569518232 0.216625390439239 -0.0442256723323227 0.159689036655618
-0.0240241249799842 0.220001381463101 -0.0881337285120635 0.0253600660560625
0.0543792137180555 0.199418434466173 0.0535038828299195 -0.0591117600230887
0.162294818465199 0.0933735952399335 -0.0538549496894345 -0.162731865298961
0.17971152140698 -0.0433036052980664 -0.177026930315685 -0.0947236780647614
0.0914399486125792 -0.11090556991419 -0.166341752771252 0.0453838344402184
0.0208177418947887 -0.125315866662669 -0.0744229165408103 0.108872063167296
-0.0485385119838528 -0.111849796004201 -0.00185593507931267 0.08585431385394
-0.0720293964767032 -0.0882534516504308 0.0218745206156028 0.0518988411727698
-0.0689895904249042 -0.096844495301652 0.0418497397883721 0.0281910938914257
-0.01342801496062 -0.125828613120728 0.0654119817629196 0.0233705662462454
0.0500282365337632 -0.120928646844371 0.0882700816223264 0.0338615941644397
0.153344568769036 -0.0947948147348322 0.0835021207140249 0.0923321880651081
0.186335338928098 0.0381329397949208 0.0275481262257789 0.154400411172022
0.0991862829553884 0.186222480943186 -0.0223701680807683 0.124474146928238
-0.00480704193465355 0.255591721433698 -0.0115407956440753 0.0887028120041936
-0.0589658116062151 0.232120742098562 -0.0481916898906933 -0.065669631381268
0.0216322641716253 0.244596627136992 0.0743915802287582 -0.107065589249897
0.171729969312486 0.148639258150746 -0.0208167733371841 -0.184792682944334
0.223910601447871 -0.0188753326561942 -0.142167446211578 -0.126951384531133
0.125261915887568 -0.121513703191072 -0.141628239637238 -0.00341544426830107
0.0369834971242951 -0.143865660303687 -0.0759216601931323 0.0524365809754223
-0.0467959121383097 -0.132947285530742 -0.0177703831264958 0.036848780990624
-0.0779411362449291 -0.104573751592781 3.09779228480709E-05 0.00964522392097687
-0.0788626418342214 -0.106929520691484 0.0201952298848478 -0.0130450071709854
-0.0202121783067423 -0.134357156040012 0.0518784019818154 -0.0218262050633432
0.0465265667846215 -0.13175982865138 0.0920578805710669 -0.0139614111136501
0.158139396211317 -0.106121448692039 0.105352584350725 0.0531630220435452
0.193451746081189 0.0317157669216533 0.0562574913401035 0.132014771785436
0.100822231970479 0.184833885326223 -0.0100073479531524 0.0971335510877997
-0.0103920423887434 0.256436998151915 0.0127285655404614 0.0143939908416803
-0.0768671417304811 0.201316379750017 0.00838735289595652 -0.151087426731288
-0.0142744693752356 0.235645570512964 0.102606665079419 -0.151979181405389
0.140378672870407 0.169474585167418 0.0222744026078109 -0.192433985822951
0.218248713714671 0.0120653113568528 -0.0886819381112286 -0.147426287617767
0.133108195411198 -0.105295256286723 -0.101715408083882 -0.0505528110973603
0.0451406481851684 -0.135414411545829 -0.0675364445374715 -0.00851773968518843
-0.0390832081582459 -0.13012153331825 -0.031595539456379 -0.0150275746998775
-0.0728617756865849 -0.103796122324066 -0.0207294800603796 -0.0336598490854567
-0.0756268084872183 -0.103551535650703 -0.001237492676891 -0.0540302149394664
-0.0227248706160163 -0.126733016408932 0.0367643527725444 -0.0636393205073269
0.0432315871907609 -0.123615047485167 0.0906805104065655 -0.0551474487028085
0.148221385681417 -0.0938564761710018 0.115739563829931 0.0204175886305407
0.172429281121675 0.035444000358983 0.0713426472194662 0.108275242939893
0.0783327954527931 0.168692585317228 -0.00777179730281498 0.0713036631849241
-0.0245116756747729 0.223052050377163 0.030453214259087 -0.0529334616412253
-0.0737552243499662 0.134335611804842 0.06588346091737 -0.216961925365345
-0.0391918520739501 0.175581828130754 0.127700229082418 -0.182690870907617
0.0863472233707633 0.143537526556959 0.0609282431855956 -0.185797177956179
0.16650079780231 0.0278507990608727 -0.0357772482412001 -0.152481146733731
0.109331426156854 -0.0728857614683612 -0.0613476555638979 -0.0866749394338202
0.0411133886239817 -0.102085561589254 -0.0567094616710526 -0.0605561734860606
-0.0271491761106839 -0.104909966519147 -0.0424217671898254 -0.0601677285405455
-0.0585676947797078 -0.0868329207330882 -0.0387457631218171 -0.0715772094236231
-0.0607572208254124 -0.0881190897320198 -0.0196616590882001 -0.0899918994971444
-0.018169103876781 -0.105138385854256 0.0263856959687136 -0.0991712075624862
0.0403768509271145 -0.101673892001297 0.0914245216716299 -0.0852287597953488
0.126798888256798 -0.065822387963855 0.122213852723739 0.00110073385642884
0.131067014670858 0.0448686363893275 0.0790445958773279 0.0896009943874495
0.0403819201110122 0.141236449742311 -0.00792793080691382 0.049815357948267
-0.0413521249690945 0.162892614481482 0.0472547939237304 -0.104641351630617
-0.0535739470324302 0.044075259512112 0.106348226443641 -0.252609368070279
-0.0454716235723666 0.0819903351134073 0.136809388611941 -0.196750345768627
0.0293385407624279 0.082923608086122 0.0855202740190434 -0.17330726648532
0.0888552532378338 0.0268077320353278 -0.000747431346031561 -0.151601833882788
0.0635859526540983 -0.0332542489651749 -0.0377154204431236 -0.108887001365541
0.0272895193218086 -0.0544356597998807 -0.0515760666019759 -0.0947378444374567
-0.0134495634705554 -0.0616150814607069 -0.051326557241433 -0.0906671980777655
-0.0353514963179883 -0.0567681256928149 -0.0503089355936708 -0.0990421855431498
-0.0364876563963662 -0.0609165255729154 -0.0304342922902892 -0.117450306172462
-0.0103456879990223 -0.0720166292469484 0.0249205940782432 -0.127058709645738
0.0342589274797665 -0.0693068933543213 0.100258346095141 -0.105351452183895
0.0928218087013922 -0.0309605460849166 0.132653190754945 -0.006829681759497
0.0773171877769276 0.0500239930835783 0.0838351914928547 0.0800940063747815
0.000146432189490626 0.0995817956405612 -0.00860919219696032 0.0367181299699801
-0.0543234380903367 0.0828994638377964 0.0630168995031619 -0.135604919900768
0.0534675431077819 0.0173592390206297 -0.0884499985998542 0.169008750602338
0.0314405480229716 -0.0388579049433251 0.0563093398409678 0.0115017721273203
-0.0208137107482079 -0.0470735602320936 -0.055288910472327 -0.115864175604194
-0.0439035962252246 -0.00231399604999802 -0.164109314478022 -0.0476849620676274
-0.0205171292433121 0.023423617218253 -0.164886013184253 0.09096373571477
-0.00415219287214706 0.0172462135915801 -0.0663113888885423 0.16183519168553
-0.00113825016971642 0.0210383258505238 0.014116114583198 0.155834611483387
-0.00249828348571139 0.0199707889095731 0.0428755404589296 0.130052729066345
-0.0100731859218608 0.00863253874136266 0.0543001663541768 0.119856024363739
-0.014430652508101 -0.00273531701997088 0.0496352967403784 0.125062404377922
-0.0136609598741008 -0.0123385928974303 0.0190869050070603 0.140057408890684
0.00228980163948878 -0.0328781877608458 -0.0398590118037265 0.158367423159041
0.0358298325780995 -0.0173626626534959 -0.111014151467963 0.15621313566163
0.0486547800809923 0.0324501181435094 -0.163500007792703 0.141989399403471
0.0321556213597285 0.0584357557719469 -0.161579256707258 0.222195048888844
0.0250149852862585 0.103684243708725 -0.116488138756797 0.145699175521153
0.0480258756030933 0.0411100305811517 0.0490271980914933 0.00976969883401216
0.0452176310668992 -0.00839024654907544 -0.0538077237210938 -0.126739002864799
0.0271813099499239 -0.0227866960353737 -0.174590453321822 -0.065323567077271
0.014884249826569 -0.0215027993445124 -0.179157955433553 0.0806826284956861
0.00426694880989132 -0.0334930669877852 -0.0775571337050887 0.160539162646198
-0.0186795773459482 -0.0298894434578048 0.00705188839026751 0.151031681978428
-0.0238441357143657 -0.026408250667661 0.0381743563230183 0.122020568721697
-0.0231012583410691 -0.0412444296728567 0.0557516200953696 0.107825605752599
0.00504565351907498 -0.0561603862452671 0.0566780394218282 0.111948399768641
0.0349122933792295 -0.0454796003879068 0.0340396025559698 0.125928734772789
0.0786924184536328 -0.0281032646733167 -0.0156273697679366 0.154596151093776
0.0857583654301282 0.0441233811063112 -0.0827888922758084 0.163400604372072
0.0365792227563765 0.120626489841775 -0.121540925937397 0.142149987801148
-0.0165905887760219 0.153806158590145 -0.121352271692398 0.196667405286472
-0.017448848337057 0.174637676059667 -0.12030027158856 0.0941907020725733
0.0447500790483844 0.130055179013387 0.0517543624273497 -0.00952758456049434
0.104760562405431 0.0510452264422561 -0.0429859907706124 -0.146887299545226
0.108647287936341 -0.0280871346905169 -0.174717995154475 -0.0922922604672844
0.0612692256467174 -0.0640053692367817 -0.185888674159082 0.0544436881542018
0.0209333200264374 -0.0839437748927367 -0.0886510339258029 0.138152968802391
-0.0290118375200062 -0.0803854338956843 -0.00319864897739232 0.126314850632974
-0.0431827670596356 -0.0695904834909934 0.0276863143188932 0.0963812060517096
-0.0390099426839083 -0.0829229340196776 0.0507636594868086 0.0782148794588694
0.0124352229519454 -0.101282811800596 0.0646710701955339 0.0804400514333014
0.0651797219064315 -0.0833746750450609 0.0599438573124415 0.0965214179140842
0.13996099399495 -0.0453867672836268 0.0236257814098116 0.141910563639403
0.141193483202233 0.0742694943348298 -0.0418177385417807 0.167886305272017
0.0480800033012767 0.183859273051882 -0.0788943491847019 0.132625605035706
-0.0437365120796531 0.22910919030964 -0.069719848524484 0.145041643086648
-0.0652271582041939 0.216400462433949 -0.0946770881166862 0.0203352661538234
0.0198046556060407 0.20725060065105 0.0667907606744605 -0.0446557547103096
0.142482488740259 0.120836239187051 -0.0175008377490422 -0.168039656097089
0.183117059185162 -0.0131172544334472 -0.153376507585638 -0.124404248138687
0.110985331217831 -0.0929255345070221 -0.174155099545827 0.0129202457435391
0.0430457433151506 -0.123199485538472 -0.0927384326362398 0.0954220854130519
-0.0306978652670844 -0.120589848755334 -0.01495693150066 0.0841736947278679
-0.0549991632486826 -0.102449116979297 0.0129937922753151 0.0570849380613558
-0.0528000335081601 -0.110058175977902 0.039998129234117 0.0362611015701124
0.00902221351542091 -0.130622476477519 0.0659767099594988 0.0363969647280597
0.0759864966650507 -0.112871598353577 0.0823977822569932 0.0522951794242392
0.174006784081402 -0.0704337117403612 0.0630165091631052 0.115586410688135
0.181412225278636 0.0782188243311077 0.000249871271089015 0.159937327309629
0.0651270033677512 0.211823241842775 -0.0478331688424108 0.112465228835258
-0.0548963198745751 0.268598633758582 -0.0227817700742916 0.0761137580580574
-0.102774561779632 0.220554087505799 -0.040124257396085 -0.064928893536688
-0.0205791526576591 0.246534670423555 0.0950837733982389 -0.0889654776620536
0.141956218770313 0.176319327129727 0.0195674070162946 -0.181290980354388
0.223270561741058 0.0173767633599093 -0.109706466816018 -0.149483024013572
0.145690721237588 -0.0982713682251313 -0.139047144730527 -0.0341743191764474
0.0622930616644488 -0.139581771531836 -0.0846656466142039 0.0374304172387841
-0.0252446712649251 -0.141250224608522 -0.0240451696631126 0.0304834444285058
-0.0591393042001569 -0.119427331552983 -0.00290396532516315 0.0101336187694847
-0.060302424294676 -0.121569736588544 0.0246139344304033 -0.01033352746083
0.00284479704126464 -0.14105874428066 0.0594434348972869 -0.0123006674853715
0.0753226734262145 -0.125923250019113 0.0938212448868413 0.0050915949344823
0.180826760251812 -0.0818811625536375 0.0921875392594652 0.0800652582323799
0.190630222626326 0.0728352667564972 0.0336854534850629 0.141948567548156
0.0674951386051664 0.21019032920472 -0.0311013744357451 0.0879502082733013
-0.0620330955468751 0.267382723250805 0.0151200687451446 0.00408233357309878
-0.115600487710231 0.183989717915701 0.0299112261973712 -0.143817898857839
-0.056739789551069 0.230937355722127 0.128910268904802 -0.13044180394718
0.107193129056282 0.190878571570528 0.0626066648429958 -0.180993145628998
0.211642162023481 0.04568357263058 -0.0529039884216456 -0.158662252909492
0.150157929637914 -0.0819809379638152 -0.0892268202524653 -0.0750144086376797
0.0691941418930005 -0.129778122728278 -0.066906475608172 -0.0236197964202728
-0.0176254674722366 -0.137429017824411 -0.0293290233064516 -0.0250883508311863
-0.055039086767553 -0.118296914367489 -0.0171811849521145 -0.0385489937747343
-0.0573356254480192 -0.117968890429935 0.00829049058696803 -0.0557762029266999
-0.000400882439766513 -0.13361628432312 0.0508604942994238 -0.0582435597910649
0.0699986117964077 -0.11875537334394 0.0990201539368967 -0.0380617284068658
0.16904726412208 -0.0706973465770332 0.107711392670783 0.0475035528796187
0.167893574735693 0.0723304128013453 0.0528136459379839 0.120182957622048
0.0477821042719189 0.18908995633081 -0.0226252654851285 0.0630479219701565
-0.069074367111824 0.22806336070573 0.0455218394783934 -0.0592986513834831
-0.100871816492821 0.116024720735873 0.0995178041494764 -0.202764574579315
-0.0709783648822943 0.164709551544383 0.158908843813826 -0.159617765479721
0.0580459455816169 0.155184589289477 0.0986089995208231 -0.168628440116357
0.157922013492269 0.0523524016572723 -0.00150055789887025 -0.155899483598503
0.12046124564204 -0.0540269844230349 -0.0435272968349721 -0.103861023170971
0.0587395337076331 -0.097695815947645 -0.0475725880913639 -0.0746455847754575
-0.0106061013381718 -0.109899885265145 -0.0336590612592455 -0.0723910958286202
-0.0431067009700579 -0.0986512801251001 -0.0294458762229448 -0.0802440242876818
-0.0455545561314545 -0.0999188581272793 -0.0044150029630458 -0.095371449370964
0.000146058328268437 -0.110451696401952 0.0450205977523157 -0.0961558150779471
0.0629341967348625 -0.0963638833509051 0.1046478109556 -0.0693860215340117
0.142656766126472 -0.0447874703506056 0.119366395158609 0.0268840444829286
0.124223500194794 0.0735641327405525 0.0649273620812739 0.102755143374626
0.0142327263560474 0.153183291431542 -0.0177007956328538 0.0424769787636763
-0.0753605925944768 0.160575204417965 0.071208047852241 -0.106305565350313
-0.0636774796020713 0.0282282010690066 0.146510999831472 -0.236300244973767
-0.061400395616499 0.0705852776645119 0.169977200671371 -0.175871792951217
0.0120289809754178 0.0848876219374163 0.117608573460257 -0.156259664828655
0.0808426145559812 0.038127081077961 0.0300160281896452 -0.151439324849191
0.0670209798788939 -0.0231368884535008 -0.0171038887486878 -0.120134094144945
0.0362363581017654 -0.0509657784121114 -0.0377865263222137 -0.107133639619911
-0.00285743356182193 -0.0648375412988889 -0.0391362486893386 -0.103931762533847
-0.0258021204119438 -0.063609464448097 -0.0363685050478962 -0.109817870797609
-0.0265145335350702 -0.0679832573236322 -0.0124832663585051 -0.124896736712873
0.00197328456306851 -0.0755137066243556 0.0472645675989242 -0.125217630287572
0.0503852144556006 -0.064724658683118 0.117168289677198 -0.0896459893107859
0.102537947091972 -0.0162541483575028 0.131750700796163 0.0186144767406869
0.0682013468450194 0.0684952691022664 0.071979428809809 0.0939879893503489
-0.019387894403237 0.102062021349676 -0.014908993687761 0.0319522721936065
-0.0721076146477623 0.0737722923388396 0.0908862413390951 -0.130462701665064
0.0535832108276858 0.012203746704653 -0.0729708984026753 0.174461473983954
0.0280040757786966 -0.0404869256661696 0.0576265504922797 0.00674683221111401
-0.0237877817768834 -0.0445806517255326 -0.0632851896342303 -0.110741667816578
-0.0433626722145772 0.00039031592625135 -0.16499954625523 -0.0353347548002035
-0.0186885483146467 0.0243654971446693 -0.156622935059045 0.101620317260584
-0.00317963862339548 0.0179328440512559 -0.0536540643383697 0.164571953179199
0.000441817516606629 0.0202669675358736 0.0260068013294716 0.151984818915396
-2.88511697080622E-05 0.0196810525751714 0.0530138870806118 0.12506698699973
-0.00931668397761371 0.0092591369590168 0.0633219823921242 0.114888269856386
-0.0141701298054358 -0.00223986792932493 0.0587996175359835 0.119773363286669
-0.0143465751112722 -0.0111927862790691 0.0297623635743053 0.13690785562739
0.000562406562544011 -0.0331938462828416 -0.0282133026846398 0.159723774455133
0.0345843678434829 -0.0192047592717867 -0.0991370284005501 0.161083507387389
0.0519550982904918 0.028646805693328 -0.153071773707252 0.151111897377939
0.0358198677778248 0.0542418537058366 -0.143314030492203 0.233252211177372
0.0327084598912926 0.0990521473269882 -0.102377527138487 0.153840525197006
0.0508468534821626 0.0368299506447433 0.0508118045253923 0.00579753984907571
0.0435537414617434 -0.0115777664410696 -0.0619342815787266 -0.121454725636087
0.0248205734464754 -0.0251224110527668 -0.176833003954958 -0.0513710600505618
0.012159936295701 -0.0229856586674729 -0.171764902494984 0.0930650225096577
0.0010222487409581 -0.033449429759326 -0.0646341787941598 0.163335622849759
-0.0209161153830078 -0.0279582488164142 0.0185611684792219 0.147344013760563
-0.0254462071712478 -0.0239472696110713 0.0472635031906882 0.117805231946252
-0.0263896525729888 -0.0394146197408055 0.063135960868287 0.102916449355349
0.00105779898686511 -0.0563348741809571 0.0645972667989449 0.106697057216023
0.0311029765113785 -0.0480029294630488 0.0432772180932588 0.122588848818399
0.0757312588440403 -0.034319993438402 -0.00483998159058349 0.15308596793185
0.0886650039856523 0.0368260656261208 -0.0699823504987849 0.166206786868384
0.0460616662099712 0.117454616032054 -0.110969043543607 0.148140972780669
-0.00424792969385683 0.152235272326229 -0.105640510243476 0.203993647876888
-0.00479201205645222 0.172314210777679 -0.11014371472509 0.103670530340897
0.0549411315248065 0.125356529240708 0.0517698316405997 -0.0126837083642097
0.107519942356449 0.041471163566465 -0.052436744751853 -0.141686364510062
0.104924762509691 -0.0379889405087784 -0.178780248377099 -0.0778302784185591
0.0551088041774833 -0.0690905127930656 -0.180310500385891 0.0670432066960739
0.0132814899865464 -0.0848447568444489 -0.0770733006689403 0.142813804995312
-0.0350274176336551 -0.0766680631929552 0.00580852976216379 0.124938487609594
-0.0479015510236935 -0.0643640182514891 0.0346517323314892 0.0929377830211145
-0.0452024928284811 -0.0784831347433302 0.0557830520005135 0.0730375543429757
0.00433873767339395 -0.101332960742314 0.0699916649207664 0.0742440188555765
0.0577803807027428 -0.0874791938652216 0.0662009528718824 0.0912203105657834
0.133835523104074 -0.0564221606599994 0.0335335790411354 0.137959059944126
0.145687976249087 0.0618929554219318 -0.028767387689585 0.168956979927094
0.0621055747135068 0.178520391987856 -0.0696794469327318 0.136335988261077
-0.0254903801817762 0.228631992683737 -0.0593190767991397 0.149912350011748
-0.0478265487412605 0.218492595321632 -0.090361828770106 0.0281875805881242
0.0358307857011951 0.204279580883959 0.0645221322774026 -0.0485075861935103
0.15014603521419 0.107332105769978 -0.0283222551262938 -0.164018887542785
0.179911866019191 -0.0296017467739375 -0.160508701193139 -0.111254844689338
0.101982125205599 -0.102074982909418 -0.171329965557847 0.0256117692095793
0.0317830996791306 -0.125529258430899 -0.0847857740236332 0.10091003695375
-0.0396188236728508 -0.116348066328094 -0.00926303537032798 0.0845166364926441
-0.0625129549468948 -0.0951856371399713 0.0166642414327608 0.0558712044477165
-0.0609806559670376 -0.103790867434523 0.0416952078936723 0.0330811850943074
-0.00147242872651207 -0.129586480901782 0.0681840856072302 0.0300569659574719
0.0664446536291154 -0.117966147858436 0.0848453968866773 0.0463697996985018
0.16573505445444 -0.0843331118827615 0.0713135647024915 0.109152906876779
0.185500052276749 0.0616272057424335 0.0130380185024019 0.158710048095794
0.0806974752688873 0.20480572686453 -0.039998796259532 0.115119919222089
-0.0334220190184319 0.269093664320693 -0.0180116517832695 0.0769409778781185
-0.0850858334317549 0.224397385849768 -0.0433154294955574 -0.0604075657014685
-0.00129881887938069 0.245900395471494 0.0886608581712759 -0.0939470926649358
0.154112748963532 0.162863689256092 0.00772940962975915 -0.179807592282563
0.221965619264648 -0.00256504717376968 -0.119037556160431 -0.138561065438056
0.136138105072507 -0.110383471208527 -0.140352381508213 -0.0234929126281142
0.0497945953271592 -0.143573880925032 -0.0812324560135531 0.0421588455233246
-0.036401421993949 -0.137481857984497 -0.0221737537499645 0.0324347470942181
-0.0681282429518679 -0.111685660968557 -0.00264066633405377 0.0105947714609345
-0.0690871688118738 -0.114836070949685 0.0225312995515663 -0.0115164210808408
-0.00822330996311996 -0.139317723379826 0.0581343219121357 -0.0173424505586137
0.0643022370889279 -0.130345687780956 0.0931111762582729 -0.00191481357840222
0.172032221469089 -0.0959322067247041 0.0970481564139052 0.0713067964989272
0.192505684750103 0.056406368483437 0.0452949644838765 0.137877017569301
0.082654286477171 0.203122855337395 -0.0240987606167777 0.0888340145492515
-0.0395789978862032 0.266860854413461 0.0133538104446998 0.00253822369808629
-0.100285474306866 0.190832819531284 0.0191826766312369 -0.143828738069117
-0.0376977014176182 0.233406876254558 0.119055294648638 -0.13797472773082
0.120339924168526 0.179252530431019 0.0505563840649907 -0.181886371114656
0.212475862803492 0.0261730461926711 -0.0626216704345103 -0.152174596209889
0.14164910728908 -0.0939632395653259 -0.0941062822209644 -0.0684131567051823
0.057074822350321 -0.134437806430231 -0.0679299096843929 -0.0195220655639968
-0.0285206781698891 -0.134407552872857 -0.0327231792194555 -0.021952681692851
-0.0638079324916963 -0.11125080532102 -0.0212201943216368 -0.0354553787565747
-0.0665446626921589 -0.111402177541995 0.00318451062094597 -0.0548193632387278
-0.0113024412685642 -0.13160035144775 0.0452199049016027 -0.0611031894736207
0.0596851281434591 -0.122292073859711 0.0947530691935724 -0.0447581482093421
0.161589849323036 -0.0846876283205305 0.110406916567904 0.0385651513225343
0.170675489930288 0.0580233444826539 0.0634348858406086 0.114836963138665
0.0608399369284331 0.183818274118095 -0.0178480975780906 0.0640604086610018
-0.0499671380819783 0.229290427188228 0.0386414844140535 -0.062602356078805
-0.0903936023079939 0.121373636870046 0.0837601754057043 -0.209213251688579
-0.0577088746370837 0.168154956671184 0.146333936192469 -0.168702023042034
0.0683067625023204 0.148500468055849 0.0863334712121987 -0.173033129201011
0.159503692170677 0.0374141922776355 -0.0114165550115219 -0.153896981647133
0.114682557785432 -0.0634745390934377 -0.0501078327429327 -0.100116716700186
0.0499978381861741 -0.101177957285998 -0.0528639448284079 -0.0710898301521384
-0.0189892104153826 -0.107965630168517 -0.0406314182492425 -0.0690965076971091
-0.0509248549420362 -0.0930881312082356 -0.0367551822433363 -0.0765873138340479
-0.0530622682797737 -0.0947639328796653 -0.0133398996368762 -0.0934636385890243
-0.00824354205463028 -0.108710939250076 0.0374842009060671 -0.0990986603154548
0.0545306084993499 -0.0998399111132461 0.0978677742373108 -0.0761026004574079
0.137644121409333 -0.056563388623485 0.119703582490865 0.0169199123003556
0.126833024861242 0.0632641127659572 0.0731946836336505 0.0969887932205724
0.0254441383329501 0.149843837731721 -0.0149142775868192 0.0439593513799747
-0.0609853186950543 0.162762500916112 0.0600728242221559 -0.110685467210508
-0.0603968433601397 0.0321689741715878 0.128301617676891 -0.245501952760569
-0.0548493990546902 0.0740576108164717 0.155974285286297 -0.185681149827894
0.0180516611936806 0.0822600445137693 0.105650619742281 -0.162431225577654
0.0827090809426192 0.0300211372791926 0.0197169305981511 -0.151665122059602
0.0645422008914077 -0.028086289397757 -0.0256506367594893 -0.11798119718133
0.0311141727144801 -0.053944246286716 -0.0455895506856694 -0.104000052877356
-0.00791383658734737 -0.0637155520486965 -0.0477803512271008 -0.0999456848766091
-0.0305629680275477 -0.0599145047424894 -0.0463692617760413 -0.105378958070496
-0.0316602492884579 -0.064514247905011 -0.0225488553584252 -0.122597401614471
-0.00367676232541239 -0.0741248774553686 0.0374719936402007 -0.127687704463504
0.0441897213346926 -0.0675178971738323 0.109348069171037 -0.0968787215528337
0.0995984068338898 -0.0243115072516388 0.132315582851097 0.00883486126790095
0.0713976072510014 0.0623355044838986 0.079346737412897 0.0876934126661552
-0.011336067345288 0.101870140731293 -0.0121439872100158 0.0327613586588273
-0.0649323016338928 0.0766356425699806 0.0779845366783622 -0.136314087512803
0.0507800421673782 0.00815097608459563 -0.0582665539063299 0.17085194614101
0.0247417561323336 -0.0404125287979518 0.0568316786059392 0.00290201816257097
-0.0249330911668795 -0.041028559719034 -0.0650454664884561 -0.103168686569572
-0.041604224537004 0.00240396145699678 -0.158723140855867 -0.0253461040999811
-0.0167987024874886 0.023983684500536 -0.143882189189056 0.104684624593086
-0.00228591983274709 0.0168259584300396 -0.0424333420969037 0.158919876415904
0.00134973718156154 0.019083528347953 0.0332256602969081 0.141740204563123
0.00155878415195868 0.0182046887225201 0.0577912184853811 0.116047468471538
-0.00870159515318701 0.00908316303720865 0.0674524590851961 0.106099957243468
-0.0134974139396683 -0.00148967997790615 0.062164012551154 0.111090972691659
-0.0141051298745419 -0.0103114856808525 0.0353181171973969 0.129508930536942
-0.0017893579176175 -0.0313562036610532 -0.0187413197706564 0.153351366921667
0.0329090239821733 -0.0199742982649604 -0.0872905452068413 0.157240947467735
0.0523663993896706 0.0249278085591954 -0.140159953846387 0.151046124167795
0.0362872810108022 0.0497066342647073 -0.124871145413827 0.230410963414491
0.0354548010606561 0.0917354038840919 -0.0872675504751459 0.152921928772824
0.0509498105621692 0.0323049873984276 0.0501619187714215 0.00264780992358623
0.0407119738010154 -0.0140319900328347 -0.0644048218192493 -0.113341999196817
0.0220731490430833 -0.0267602577810634 -0.169806667204613 -0.0404589034192275
0.0103080517715283 -0.0233060325893055 -0.159197762788735 0.0973173247543396
-0.00204245315710989 -0.031874856298083 -0.053346865950624 0.15855920988488
-0.0222245522439248 -0.0252990961740893 0.0255809121487147 0.138832850607197
-0.0252609862896015 -0.0208054976870363 0.0518724578320744 0.109505456433596
-0.0276366674571081 -0.0361192036079994 0.0663784529321164 0.0950759518376481
-0.00196118136170898 -0.0538805583916273 0.0673468251236967 0.0980190467206164
0.0271950858772941 -0.0472130120920294 0.047921811172822 0.11483186210014
0.0698642054731789 -0.0370919956773923 0.00318987848186042 0.146912761625876
0.0867732575495423 0.0299114607628879 -0.0588272919495079 0.161404195841446
0.0507644299785947 0.110098179072489 -0.0997516555611126 0.146054030527224
0.00420910981208412 0.144232988588875 -0.0908255574616241 0.200911342661924
0.00437087229633885 0.163869955522119 -0.0973121268463681 0.105795971201953
0.0596076672376146 0.116702420516124 0.0506432267160084 -0.0146257210199427
0.10505262915255 0.0333074245710477 -0.0555842885275747 -0.132380187831952
0.0972750005886013 -0.0435179359573107 -0.173327005507543 -0.065122345454995
0.0482221399756659 -0.0701622464596512 -0.168825639320832 0.0734494193867021
0.00678976625239466 -0.0816284892902922 -0.0667302133836287 0.139206081831257
-0.0380566056162311 -0.0712840293141168 0.0118982006514285 0.11849774122519
-0.048823090003424 -0.0574824536713288 0.0387513365968702 0.0872427972552904
-0.0479234613397126 -0.0720413411077104 0.057442402774657 0.06769198589515
-0.0025147992846429 -0.0968427601569643 0.0707514110326212 0.0670482382504588
0.0503737246958071 -0.0863528329649027 0.0677456493082626 0.0842273846904515
0.124012806964893 -0.0621096155176266 0.0389765235263884 0.129516797290863
0.142198179085458 0.050511379206983 -0.0181625912139084 0.161194367100366
0.0696367732214458 0.167135516305583 -0.0608820173477611 0.132110103063388
-0.0121791097901894 0.217656049846896 -0.0500529417313356 0.146480508676691
-0.0344415766454651 0.209382494845077 -0.0833038296988905 0.0324728512513322
0.0460627177541323 0.192543445479293 0.0603148170309201 -0.0486660582412892
0.148209142601978 0.0932626563203493 -0.0339994096754732 -0.154327857867255
0.1686306215016 -0.0400259815155862 -0.15716690104729 -0.0974003611613461
0.0906984793598102 -0.103990365980678 -0.162613963500676 0.0329967168937298
0.0221919930059811 -0.121436582850268 -0.0758239537046594 0.099744154827517
-0.0452146491541757 -0.108519682486764 -0.00500870649008027 0.0813480074316257
-0.0648778478008583 -0.086211535413435 0.0189648621616883 0.0529910167079808
-0.0635202329219478 -0.0947903886886407 0.0411190537874061 0.0300105947955279
-0.00892194103667531 -0.123561751415784 0.0667450090036231 0.0252850890516705
0.056353209702918 -0.116114966513826 0.0832328826381826 0.0405490603777345
0.152647026230375 -0.0903974912871146 0.0731741290852218 0.0995912283251744
0.178828187685046 0.0481806210535502 0.0212569572594859 0.149878393773172
0.0886004485989763 0.191731422703656 -0.0326728159538908 0.110251401065353
-0.0168138952594382 0.256201752340848 -0.0149223195885169 0.0748120732751933
-0.0698674289502717 0.218116459741988 -0.0437662147861161 -0.0547847668251366
0.0127181655097107 0.23454913693708 0.08083639066914 -0.0931884428631996
0.155076295918266 0.145360374471569 -5.6323222481581E-06 -0.171110743470981
0.209889124057659 -0.0166778562675502 -0.118434012303752 -0.126007401522657
0.123052035502901 -0.11335922091175 -0.13507161540326 -0.0158106183637274
0.0382478936834764 -0.139233325389033 -0.0759447467013541 0.0444450804925983
-0.0423387396142449 -0.129011301899356 -0.0205919044874177 0.0323899135262873
-0.0713422675649778 -0.101731263340735 -0.00264321228961728 0.0113672549555865
-0.0722058836691753 -0.10470675902862 0.0205263721389052 -0.0113317459916967
-0.0163268039527379 -0.132777798197703 0.0547316662523889 -0.0193124331154179
0.0542215553881502 -0.127338705701647 0.0878556412963634 -0.00591252637693024
0.158243675944145 -0.102686356518259 0.0960072887804713 0.0620434353866749
0.185553193361418 0.0432096406337055 0.0513556204294347 0.128423573665211
0.0895896241876222 0.189822361986468 -0.0189187539391941 0.0844837420441872
-0.0230756595142258 0.25452869896089 0.0115342296894515 0.00212839547307457
-0.0859684069407638 0.185586191679332 0.0120397520988254 -0.138301281816179
-0.0228962963465496 0.224228291856735 0.107839222457277 -0.136728189367934
0.123628156394199 0.163799057210407 0.0409850541160929 -0.175764747188237
0.202489351975084 0.0117824838588367 -0.0661448522481059 -0.141884261025069
0.129516752014308 -0.0981468450094675 -0.0927855585341275 -0.0617218109671775
0.0463134507369239 -0.131693560403859 -0.06652889034065 -0.0156802308465619
-0.0349299079694379 -0.126267560994132 -0.0327365277945854 -0.0190574420592316
-0.0670483274142751 -0.101117896768782 -0.0232304192947409 -0.0318791147283097
-0.0698514301130094 -0.101574416326572 -0.000976612594966726 -0.0514554643551248
-0.0175792149559886 -0.124402519490813 0.0401020001021882 -0.0612328601358006
0.0502490696248809 -0.120080908623698 0.0872857520648768 -0.0466761175941409
0.148240499561141 -0.0906966364808562 0.107618428490348 0.0305076973643718
0.164350499972147 0.0455078438667276 0.0677657855228247 0.105978843887327
0.0675909575298132 0.172128360517481 -0.0138367485221296 0.0606898861385663
-0.0354544249404467 0.218713309274707 0.0315405865006628 -0.0617198938406459
-0.0796815349079495 0.11976483679302 0.0690445736547743 -0.204030228893762
-0.0457071829313442 0.162983806049331 0.131721536287625 -0.167315533902425
0.0729123843743147 0.13620005711509 0.0748435140521054 -0.169144729312335
0.153243181478882 0.0251886080664425 -0.0173687552759698 -0.14581071737058
0.105194722321038 -0.0677810007075334 -0.0525145677102527 -0.0938910793108282
0.0417918584228906 -0.0995650472772075 -0.0554530853441353 -0.0661559721252601
-0.0245153684686414 -0.101412704503517 -0.0439612392283639 -0.0641767604237885
-0.0538271940574773 -0.0845900938440715 -0.0397988940771807 -0.0698076519014549
-0.0560835244099768 -0.0857849326969588 -0.0182639347754902 -0.0878336080928331
-0.0140319117345286 -0.102546568714544 0.0306275885796015 -0.0966885452829727
0.0461200571176198 -0.0979597121605987 0.0894635524368131 -0.0768892172002294
0.12728928378483 -0.0623172220665528 0.115278163048523 0.009513610052066
0.123312232338944 0.0535916544150278 0.0759729824473869 0.0882554052117428
0.0318273864811553 0.141677611989634 -0.0119245709895735 0.0419626625635186
-0.0486982237363855 0.156477684376773 0.0492534321134757 -0.108809667084213
-0.0555115519113778 0.0325725813799447 0.108934487046445 -0.241471102037718
-0.048294168454836 0.0726149634742552 0.139335657426162 -0.184426149940246
0.0212059348455298 0.0764130488850432 0.0942427690494594 -0.159651033693314
0.0796214098083437 0.022897345548223 0.0120473015759362 -0.145292904438929
0.0599594139162819 -0.0308246602871851 -0.02947326530952 -0.111892484330683
0.0265874318886586 -0.053045756330393 -0.0502165919791031 -0.0975773639357239
-0.0109232466527429 -0.0599887621613764 -0.0516530252147676 -0.0933568160215464
-0.0321546538202971 -0.0542726974947671 -0.050941931777203 -0.0972183302935698
-0.0344166470708185 -0.0590987282715793 -0.0284377603684862 -0.114971030869498
-0.00802981157864254 -0.0695926554730985 0.029477056499119 -0.124224812557885
0.0380189162931136 -0.0674459673943193 0.0987324774923803 -0.096845064859123
0.0934539764167131 -0.0294494911014364 0.126475400388977 0.00140800842027082
0.0704332750748298 0.0561884010725687 0.0812034164723525 0.0789787648704125
-0.00618861320148403 0.0971682222435869 -0.00989231696979817 0.032262219232426
-0.057254769237588 0.0749627666791058 0.0649828591566478 -0.134478019174423
0.0474874895484561 0.00665003857123457 -0.050305534898564 0.163027578345813
0.0228198012118217 -0.038687149394221 0.0551842357823476 0.00137432681932979
-0.0241490264339624 -0.038077134416294 -0.0629546717613651 -0.0979397787842485
-0.039206872690772 0.00321886967150242 -0.149981369591172 -0.023003848114592
-0.0154378753434494 0.022892580793876 -0.135034047137276 0.101296965004854
-0.00201406208166596 0.0159964388543276 -0.0382587193595133 0.150712211605086
0.00105084719485602 0.0178497076783212 0.033594510532555 0.133075883870179
0.0020423430613937 0.0168154194027403 0.0574597364789292 0.109107678966198
-0.00802269489709349 0.00829174594369596 0.0667577418384168 0.0994229359907228
-0.0125487109147312 -0.00213464643651586 0.0610430410879221 0.104673738679595
-0.0131210055465901 -0.00918455135712708 0.0356180142907704 0.122493252443397
-0.00201024403573083 -0.0297936160147207 -0.0167014905812264 0.14572712980812
0.0316752209760854 -0.019406417767296 -0.0821486711778103 0.148937971034669
0.0508532252882182 0.0226748434645261 -0.132431906796061 0.1440167059238
0.0341778742957432 0.0459128702644571 -0.115380981567574 0.221412145211757
0.0340283312962172 0.0860410371789491 -0.0786391941567922 0.146791403524144
0.0489945251883049 0.0301367998715173 0.049725290221181 0.00201344678672233
0.0386089630157643 -0.0141295325510908 -0.0617250191041517 -0.107590026568056
0.0199617449108087 -0.0266437892016454 -0.161263002331541 -0.0362762751102955
0.00897740656444523 -0.0223364096239167 -0.14996304712499 0.0944305059163586
-0.00267038082279638 -0.0300356636724577 -0.0483892941709849 0.150351096741037
-0.0215573955597761 -0.0234577556116147 0.0266189956608356 0.130864068075519
-0.0236886574793177 -0.0195187141132743 0.0515463718564274 0.103365255527875
-0.0269429322601522 -0.0336615269174964 0.0647911847402443 0.0892373239388415
-0.00261161553774763 -0.051645338589145 0.065341329492658 0.0923325814980693
0.0252984852593367 -0.0453909012501883 0.0470542403707988 0.109103788498429
0.0654401391412013 -0.0367759689821758 0.00457342440307988 0.138624052193505
0.08364483013223 0.0266669883589838 -0.0540886782621743 0.152968801112384
0.0503769027563602 0.104283882274717 -0.0941457499784877 0.138631508366729
0.00549159480761336 0.136001572324673 -0.0834705820312225 0.193331755218214
0.00617066351989155 0.155140955367281 -0.0889577449170158 0.102474318038575
0.0590263614998395 0.110023346366154 0.0495946691848776 -0.0140033840476357
0.0995825895078197 0.0291803997302103 -0.0531438467305119 -0.124932340067142
0.0905275479475276 -0.0443478063696532 -0.1645089979904 -0.059419477232263
0.0438939925834091 -0.0678215101299924 -0.159637290742327 0.0716116731611484
0.0044227708718985 -0.0772164552466927 -0.0611722724445982 0.132488396846025
-0.037602482939305 -0.0664111141211449 0.0130676452663426 0.111856186037592
-0.0472672367083806 -0.0534590368991685 0.0382765171375994 0.0825606041440391
-0.0467032473207968 -0.0670696202018786 0.0560256360966446 0.063597859300189
-0.00376926628231581 -0.0923353687490989 0.0682400928700771 0.0627247364245249
0.0463010934192213 -0.0832764435523985 0.0654871432993144 0.07971101003453
0.116387670730815 -0.0618504193255845 0.0386779908059096 0.121823760400502
0.135211838289594 0.045065342274768 -0.0147193843217069 0.152434446880245
0.068601588519206 0.15846694391451 -0.0567570473759613 0.12509419001715
-0.00796370637104054 0.205409041841187 -0.0461597087034496 0.140604514783363
-0.0301211914163836 0.198941688652596 -0.0770661461737075 0.0322820074535251
0.0472051489064081 0.183178336444157 0.0586199304168877 -0.0461288746214087
0.141861672684645 0.0850909144033728 -0.0324616653963214 -0.146356742346037
0.158176500969315 -0.0426017316747822 -0.149843239105045 -0.0907771373643067
0.0835405579776246 -0.100827703771206 -0.154372542821591 0.033402762791541
0.018084086916389 -0.115201321465552 -0.0710403772528488 0.0957162641963221
-0.0447588175506219 -0.101564900362661 -0.00385495856580458 0.0772421271790648
-0.0630590268085938 -0.0794038210523761 0.0186314788399344 0.0504616192468088
-0.0623673226190043 -0.0881042577062076 0.0395801457476809 0.0287976508603424
-0.0108285933751123 -0.117350930816299 0.063249799451159 0.0226412246956748
0.0513550850083886 -0.110838381201217 0.0796869362719294 0.0378940687794969
0.142311923408776 -0.0896425108418176 0.0707688782194 0.0932047461540053
0.170185823399844 0.0422971243692663 0.0233948291394354 0.141697006279298
0.0873115862035938 0.181530842924779 -0.0306167158466317 0.104056771187487
-0.0122949771619336 0.241270666698882 -0.013911421354269 0.07183318472986
-0.063301504118606 0.207308932551353 -0.0409365066019611 -0.0510383320134853
0.0161038723452056 0.22256068888481 0.0773161104951308 -0.0886485328537408
0.148893820614559 0.134435334595964 0.000433110619305918 -0.162312396176012
0.198071544473327 -0.0212042751439986 -0.11275560552694 -0.118154762344287
0.114083711893182 -0.110522052610669 -0.12879421606714 -0.0136770741786534
0.0330435245533199 -0.133029584878165 -0.0718533700628254 0.0421931998284653
-0.0436960879675135 -0.120968985623571 -0.0194527722425562 0.0310476075423719
-0.0691762176352484 -0.0933545794083735 -0.00169682804479969 0.0115542654348812
-0.0701568341255654 -0.0972141035758145 0.0192419983104894 -0.00999132158525385
-0.017640039123329 -0.125932203469069 0.0513418454605532 -0.0190255624528595
0.0488478746657477 -0.122034650304561 0.0834325053518562 -0.00675773913647773
0.147220733068216 -0.100978024727015 0.091454935825793 0.0571810625055436
0.176163586549873 0.0372646654511722 0.0513696090810611 0.12048772702292
0.0883472939855285 0.179380182623509 -0.0179875016485053 0.0800605836437563
-0.0174194387859306 0.240044685870934 0.00981288523447148 0.00205103208043133
-0.0794626485587539 0.177768198521529 0.00979440476367324 -0.131441810688021
-0.0182980405305594 0.212928292466618 0.101775102383865 -0.130091452292366
0.119677821714861 0.152335441909155 0.038450347834612 -0.166469055289476
0.191227506486183 0.00572584468835139 -0.0630777475526782 -0.134063599394521
0.120415393948756 -0.096589773276723 -0.0890027134320802 -0.0578863130538106
0.0412836470007079 -0.12586635646262 -0.0644648455951913 -0.0140846556491558
-0.0356743860596688 -0.119103094599529 -0.0327161449862733 -0.0175130625915209
-0.0660621039673083 -0.0932959847701973 -0.0227098268064934 -0.0292052532915323
-0.0688508728108516 -0.0938910843627765 -0.00149407610112398 -0.0481247532386914
-0.019202200766861 -0.117568774343777 0.0374227728743602 -0.0587642260370651
0.0454604098241862 -0.114779962341813 0.0824771344590371 -0.0451541566117277
0.139010326163665 -0.0898744080541807 0.102017335632562 0.0272312632588879
0.155950747848635 0.0408592361375646 0.0669170050724324 0.0988087734382916
0.0668502045570848 0.162504553545455 -0.0126267164272084 0.0578039680568113
-0.0294414467530322 0.206451273898748 0.0274505075749825 -0.0587977126088245
-0.0739756137854016 0.114468542613494 0.0626173681537817 -0.194794112570847
-0.0404324200751147 0.155065858341194 0.123013489626965 -0.160216620149924
0.0707010260306811 0.12716127043763 0.0707973084413361 -0.161224080506416
0.144612992752785 0.0202176778334502 -0.0174805123132261 -0.138313931597773
0.098365631977397 -0.0665216766720825 -0.0511509234030391 -0.0896905974700837
0.0373701584897433 -0.0954206671370354 -0.0541372685213705 -0.0624596685188729
-0.0253782123491703 -0.0954675395494469 -0.0430938250704539 -0.060196017258275
-0.0527833810067059 -0.0774072096086664 -0.0398268604955726 -0.0651588310817929
-0.0554080119116405 -0.0798371181572737 -0.0186348994151173 -0.0818658961286671
-0.0151375034346844 -0.096853693337486 0.027377900555972 -0.092488539146635
0.0418942590190091 -0.0939050705773598 0.0839219720912261 -0.0739726936599272
0.119345628244042 -0.0621233007794319 0.10937778579041 0.00765486613184834
0.117245113920934 0.0491800098931963 0.0741762845573525 0.0817227251514097
0.0322683215766894 0.133440325013185 -0.0112970893191727 0.0402952179284226
-0.0436483016706652 0.147110105755131 0.0431393719274675 -0.103991205124597
-0.0523777251120077 0.031399542606939 0.0999281573401974 -0.230728504936172
-0.0445653054273396 0.0690042465204767 0.129622146184431 -0.176013472008807
0.0205614112905164 0.0717751470379411 0.0881235288526937 -0.152727496623575
0.0746456760210173 0.0193768688335783 0.0107762618930635 -0.138767683152849
0.0560449052149944 -0.0302820536946313 -0.0298471270765398 -0.106839332358733
0.0245001393369691 -0.0508877013614584 -0.050067243524765 -0.0923504647507261
-0.0117715262348483 -0.0564361204786369 -0.051850203181835 -0.0873640785769183
-0.0320341805542943 -0.0497289019661958 -0.0506736022259489 -0.0906389851845626
-0.0339698380792791 -0.0544255448308056 -0.0291621007198864 -0.107927269204521
-0.00855142523432104 -0.0651822970049802 0.0256697428666731 -0.118824988302059
0.0346417634595625 -0.0643925562217814 0.092938329465155 -0.0934603402063693
0.0876423738595625 -0.0302066417785492 0.120319843509495 -0.000903913178722571
0.067339423846052 0.0525353345626381 0.0778621374189472 0.0740574476707534
-0.00450221288531302 0.0915482686344063 -0.00977562305832563 0.030809099680469
-0.0530970226351951 0.0702409606039434 0.0575386050683443 -0.128677990008225
0.0448396452996508 0.00684253183671339 -0.0491205937440918 0.157055115901576
0.0229092283895152 -0.0369530875131335 0.0545335989465515 0.00132181484995264
-0.0226836839462053 -0.0367529997880752 -0.0597505924929149 -0.0967276817180873
-0.0382228871016873 0.00217964397031675 -0.144865809898862 -0.0249455343171618
-0.0150062409593215 0.0214292991762709 -0.132953222091275 0.096767938724684
-0.00273483953570392 0.0157898124423208 -0.0395133290497997 0.145346843444985
0.000799299858750225 0.0175164822828337 0.0316020728565915 0.128173081464919
0.00201024300883617 0.0159654522623019 0.0553000081846252 0.106093613825651
-0.0082607780237039 0.00816630208128576 0.0645245152409147 0.097339408315834
-0.0125497318506652 -0.00242506714310266 0.0584094167606575 0.102808760244882
-0.0119618892565478 -0.00884214075998936 0.0336075567021193 0.119207041165413
-0.00141301328834547 -0.0286327309832361 -0.0180490337800426 0.141449876079978
0.0314908367333745 -0.0185095556177352 -0.0826201083802385 0.142363331277143
0.0497498778724927 0.0223480112648923 -0.131596900710424 0.138257932753416
0.0321882938208845 0.0447543596054474 -0.114628444580871 0.214355221852781
0.0320630345715645 0.08359015963719 -0.0756219036920773 0.141947015076426
0.0475653247139931 0.0302067708492817 0.0498010740501384 0.00163850331094358
0.0376602879256893 -0.0134391854643963 -0.0579860172989348 -0.105829576810734
0.0189630887088653 -0.0261360157246487 -0.155504624267013 -0.0379766537816362
0.00872723094392231 -0.0223738037841836 -0.146773535402664 0.0895186455739924
-0.00266769719217287 -0.0290264423505739 -0.0490616686214739 0.14482216314218
-0.0209166374531042 -0.0228998412988181 0.024483330693095 0.12665853501476
-0.0229660833938601 -0.0190593353874307 0.0500467586816215 0.100444371171748
-0.0260111186433508 -0.0327971555438622 0.0629468818202781 0.0867406129263498
-0.00253847622951175 -0.0505796894952174 0.0628222829669501 0.0905731473071375
0.0249922083051799 -0.0440454032378583 0.04418227903281 0.10680444478256
0.0635323380464211 -0.0350503835119539 0.00302398384966804 0.134289604766326
0.0806888825606522 0.026426335745865 -0.0546693627996588 0.147167593485673
0.0490007017681659 0.10168933232274 -0.0944711093393329 0.132390018578537
0.00330320074665314 0.131811288920129 -0.0831930006296316 0.1875512054233
0.0038412109037246 0.150506398492943 -0.0856298401098634 0.0985762143405693
0.0567997746050596 0.10714909556693 0.0503137655877966 -0.0134357800226134
0.0960560713165193 0.0287793755636045 -0.0489284516361189 -0.122836530494658
0.0875229418158625 -0.0436033063775609 -0.158412206148854 -0.0608926540501743
0.0423656645064688 -0.065867407289062 -0.155751724624404 0.0679763235934114
0.00452456609752131 -0.0746323347112677 -0.0606076488334739 0.127860898893157
-0.0366768305115028 -0.0643166641066109 0.0119382471896784 0.108942261061252
-0.0452174938735018 -0.0510587031346226 0.0366802094233616 0.0801961205892369
-0.0451546779607785 -0.0652205479580278 0.053877070093268 0.0623049555020939
-0.0031006809766127 -0.0899821881369989 0.0657924569445665 0.0616196057991323
0.0453464848610457 -0.0804760459959786 0.0629684024882275 0.078987277954385
0.112706121783655 -0.0591325370016424 0.0360422366084535 0.118410852977859
0.130609855970856 0.0445268214883766 -0.0163528414294061 0.147466765378003
0.0658902374798095 0.155167777926053 -0.057854742509137 0.120175669036071
-0.0105338957612483 0.197839705910499 -0.0466452718888365 0.136306868102157
-0.0316124248625277 0.192607308160365 -0.0735199127762626 0.0301922805605556
0.0446814551966535 0.177254881253618 0.059293631687727 -0.0438309048733626
0.13649840200049 0.082610150380833 -0.0280481798770284 -0.143178759029678
0.152765203566722 -0.0418714052421023 -0.142847828201338 -0.0906575738543866
0.0813033205533665 -0.0978475245337245 -0.150968220645763 0.0306490228913175
0.0181274407855574 -0.111604044495712 -0.0702597497588475 0.0916501238958486
-0.0438871203777746 -0.0992134102441432 -0.00469564251289084 0.0752893977231603
-0.0603175991156656 -0.0761290043659708 0.0183865515785038 0.0491066089593996
-0.0604986126574564 -0.0854448572550347 0.0386272554586258 0.0285971981355315
-0.0102976041524683 -0.114132998078674 0.0613255982970289 0.0227601853275474
0.0507097141940155 -0.107348681926559 0.0772555271884948 0.038371445652418
0.138044597919009 -0.0867431148707081 0.0673800399115508 0.0911214783709128
0.164395081403993 0.0422138514123128 0.0215450388427211 0.136838971591526
0.0834617713370192 0.177226096736782 -0.0324384363471623 0.100072862687755
-0.0142003220800012 0.232598311121749 -0.0152399206160074 0.0699267187653558
-0.0636126844538703 0.20097612578819 -0.038308751901517 -0.0504717692350748
0.0133102777263752 0.216230683725855 0.0772801383687463 -0.0843384904368128
0.142602495821228 0.130683063044388 0.00357345878409122 -0.157731372007914
0.191062323902021 -0.021074880030591 -0.107359874945031 -0.116720976893755
0.110856717668077 -0.107635688683962 -0.126420895987053 -0.0155285081234758
0.032543970132559 -0.128656865048959 -0.0706843579585166 0.0401401164341491
-0.0418580747325896 -0.117230937722206 -0.0194901287558988 0.0305549583467555
-0.0669324382665386 -0.0896869909042529 -0.00209178202767436 0.0110975645010231
-0.0683504961807759 -0.0937655578742252 0.0189678693602325 -0.00878472873205964
-0.0161472202061392 -0.121688700466391 0.0499931106189403 -0.0186255001439243
0.048252935201995 -0.118077344467763 0.0814228198279062 -0.00516973889010377
0.143103399862204 -0.0977208052367921 0.0878628754693944 0.0558235706561827
0.169787063010423 0.0374770974873216 0.0495060104470784 0.117159114105123
0.0843539521613948 0.174986470099372 -0.0193049143230287 0.0772371203525726
-0.0196345624648096 0.231254383446362 0.00752688790937113 0.00182045715381754
-0.0784134470599248 0.171450257995966 0.0111966492748723 -0.127882565063999
-0.0193704959562318 0.206502716906269 0.101312120678457 -0.124841254521771
0.113306826430844 0.147214373290794 0.0404951141839729 -0.16162441013559
0.184285164315763 0.00566989210485132 -0.0585190645629928 -0.131803577125293
0.117161870085515 -0.0927618680591279 -0.0871037424248507 -0.0579806456665719
0.0401653115250272 -0.121762448112045 -0.0625315334460491 -0.0154359889446289
-0.034715893889033 -0.115785980434323 -0.0322744407978294 -0.0172126267130903
-0.0627248264728607 -0.0893153982447157 -0.0222650609105852 -0.0284164929745665
-0.0660102269556593 -0.0907671044574532 -0.00110721780339856 -0.0460264312468908
-0.0181067766648857 -0.114218682669471 0.0365542694969869 -0.0569408354889585
0.0451716748692377 -0.110709946530025 0.0805146143435783 -0.0420206062337867
0.135011607685473 -0.0871820135894212 0.0976117599235575 0.0267692208824833
0.150215389560489 0.0409387083037469 0.0648393581443648 0.096136263075404
0.0638204576569554 0.158558882320464 -0.0142584138182521 0.055547100972291
-0.0304115227535587 0.198173605078935 0.0251804043949087 -0.0568248403981686
-0.0731588388040854 0.110058304286481 0.0622471415444627 -0.188471519868724
-0.0407046381629622 0.149882165945543 0.121264384937647 -0.153380940183742
0.0664971587450778 0.123659196103823 0.0717326751058574 -0.154738637848682
0.138798926365454 0.0196107677364701 -0.0141960169063456 -0.134960478643604
0.0957819576634444 -0.0640773806291866 -0.0490332431755705 -0.0878353469891269
0.0366555207022083 -0.0923772295155439 -0.0529166793992134 -0.0615490396256398
-0.023944850450843 -0.0928568390605951 -0.0426436402488777 -0.0588116484981789
-0.0503990557529686 -0.0740414109989459 -0.038400394169178 -0.0628739320986181
-0.0532335764014096 -0.0768162756353631 -0.0171787856795875 -0.0791902366109319
-0.0138262284862344 -0.0941584436295856 0.0269563036213285 -0.0895627985504829
0.0412699416566966 -0.090904398156316 0.0822490451300927 -0.07056871176183
0.115419668298277 -0.060764210004642 0.105259405499232 0.00778094821853116
0.112680628246023 0.0488795032340803 0.0720305608713407 0.0798131707402119
0.0301928778953831 0.130348536881327 -0.0117435482369404 0.0388124556020528
-0.0440992427685999 0.140479229859182 0.0412137110073611 -0.100421088016133
-0.0509722138000942 0.0296640029238808 0.0981586462251853 -0.223176181775962
-0.0442730317084412 0.0658718943192334 0.12748555992833 -0.169397297842982
0.0190739437847306 0.0694317069138706 0.0878686967719816 -0.146791230765685
0.0710272717533823 0.0186046890656851 0.0125633279211948 -0.134182784970204
0.0546122317241019 -0.0290936141954017 -0.0277036996937926 -0.105303730269029
0.0240417626675131 -0.0491453240486442 -0.0483758688334936 -0.0910327160618138
-0.0109874642144236 -0.0546765534984764 -0.0504902241023871 -0.0860815763517849
-0.0305681492308337 -0.0472693731790957 -0.049249028972299 -0.0882201869370775
-0.0326150494317808 -0.0520979596867226 -0.0270712862286345 -0.10466968751922
-0.00737996683362044 -0.063180778072902 0.0256632877171241 -0.115173575688487
0.0335642355390583 -0.061865019748717 0.091113663279371 -0.08879095094847
0.0848501193005808 -0.0285094005159971 0.116478037418513 0.000346391601989206
0.0641548308935229 0.0520128642537652 0.075582494240232 0.0721960522741519
-0.00528212949901789 0.0886843769041244 -0.0104647663808329 0.0302457595268921
-0.0523951717148563 0.0661460447083125 0.0555213418639148 -0.123676900796395
0.0456405630710671 -0.0120464468916059 0.0213262122578458 0.161778092014039
0.0061692569597445 -0.0427082074999321 0.050367464840278 -0.0238181944841564
-0.0348959652361317 -0.0228663726207946 -0.0959719924472105 -0.0628849595757457
-0.0322925256519543 0.0190998886753118 -0.144344627401624 0.0380544283086404
-0.00256038215869629 0.0259076929795143 -0.0797603921927752 0.144710311547855
0.00517663397383983 0.0146309388819435 0.0251295326521429 0.148948269045003
0.00774475653417832 0.0159939313059534 0.0822427096293055 0.103413560801316
0.00816755434512318 0.0126810834634735 0.0961127780619064 0.0725616470070036
-0.00460195333922894 0.0112645916129374 0.100886903036819 0.0604152515484291
-0.0121310556350057 0.00241548077661627 0.0968981144829422 0.068760174463636
-0.0141215943658355 -0.00296607497826683 0.0800339594669088 0.0933196101867338
-0.0131998284072854 -0.0228240883255647 0.0429569895631069 0.134576579865586
0.0208643892034057 -0.0289359870441725 -0.0159148662886344 0.16295043774642
0.0538704845080693 0.000683106449808344 -0.0667547106780952 0.181637867506533
0.0485922059264431 0.0299936519139009 -0.0205771497808845 0.244561947020106
0.0631037739841478 0.0640162582148507 -0.00721898673418248 0.161114218538919
0.0540250626466445 0.00808997371158616 0.0483281023862277 -0.0210573141424216
0.0285711472638621 -0.0251348018628422 -0.0961235145823709 -0.0748923628613745
0.00660841627332446 -0.0286120226185216 -0.158459151825864 0.0276357167190412
0.00111049533716342 -0.0228876783022461 -0.0971822483715992 0.143449954793486
-0.012960195344541 -0.0254311407456916 0.0153994791481444 0.151554406983967
-0.0280659198793254 -0.0117363559330673 0.0743914471868919 0.10421691968133
-0.0286806803524511 -0.00929326746892198 0.0885387849019932 0.0690877828415502
-0.037525779619059 -0.0191458679916185 0.0959032785300094 0.0512574674238636
-0.0226823537132745 -0.0457626029839785 0.0969674834773493 0.0544718219222226
0.00613733236113435 -0.051304691817162 0.08671675074783 0.0792821088022732
0.0432258305287762 -0.0561554324646493 0.0621064393148521 0.123727313122878
0.0848633776496152 -0.00650907443477519 0.00980925707174739 0.15756440054225
0.0866181459428679 0.0749536151170244 -0.0387206680681486 0.161417134044846
0.0600469955978131 0.123051661470556 -0.00800967018058478 0.204572339566375
0.0625881886932464 0.136081089470483 -0.0320406091927316 0.127037895732913
0.0925615833315634 0.0749037322488784 0.0448584302118105 -0.0346201322529816
0.0971343297791368 -0.00946610548733318 -0.0914192951994034 -0.096620592082378
0.0601217177450163 -0.0716442873660509 -0.168328366544118 0.00507116328817683
0.0140086082037842 -0.0758792949849879 -0.115607694199247 0.124885397582114
-0.0252205366186893 -0.0699173121664065 -0.00338930905351543 0.139351067380894
-0.0593430252288438 -0.0426914854731656 0.0544557882925961 0.0920213846012439
-0.062010370049251 -0.0300397331787974 0.0681190769432864 0.0561510021052844
-0.0682560149851729 -0.0408464051893619 0.0775637693319579 0.0323936704981301
-0.0398715082392855 -0.0820233230628576 0.0884567450883886 0.0266186458595812
0.00990323113498976 -0.0933743097900775 0.0939604871735776 0.0469992101954498
0.0774178242624425 -0.0993428063977032 0.0888630309120224 0.0981741821731384
0.138973363203503 -0.0100759356544926 0.0452691127117033 0.144491612086451
0.124846452346587 0.116769072764106 -0.0138224940658871 0.136517511533372
0.0769598447104787 0.19024191244267 0.000901011069126692 0.141388557073295
0.0452841287751004 0.189299620561085 -0.0476334298416889 0.0626691662977299
0.108293896366971 0.143190748645558 0.0429875376562552 -0.0655043477545515
0.153909746625945 0.0238169289590889 -0.0776815009416068 -0.124450727410033
0.117938073825862 -0.0958446861699983 -0.165320235934433 -0.0311543652863659
0.0357857264848089 -0.119755374885195 -0.127704398107365 0.087162191202341
-0.0282910647436371 -0.10870779364566 -0.0274909068421815 0.109775125046632
-0.0797434229261598 -0.0712331352589566 0.0244524308930575 0.0679307360009644
-0.0859389922810827 -0.046592571627137 0.0376456994771786 0.0357108636594078
-0.0900682544773151 -0.0538805950285871 0.0488926602805746 0.00841615198237232
-0.0561742223467605 -0.101539152061767 0.0683227221097124 -0.00749683604275845
0.00329472644845265 -0.121360167598458 0.0914247496812317 0.00487065847285717
0.0892114238508074 -0.135011869656367 0.108657029666972 0.0603463156175828
0.169564150356603 -0.0260491048023364 0.0755731767657528 0.120620576773475
0.150882124239591 0.130388487448136 0.00112099134607601 0.108717078669029
0.0888501260580525 0.223529679744096 0.000699341913387119 0.0674342675258875
0.0176497336860092 0.208917611697173 -0.0494819278680078 -0.0240833939700889
0.0944903517438442 0.190304616398082 0.0425729573155578 -0.10838791837993
0.176951399597042 0.064852339871411 -0.0522525687811978 -0.149853230622378
0.159053170097577 -0.0919321180915679 -0.141184152633815 -0.0704323399863853
0.0575081811509444 -0.139866268455313 -0.123913727677638 0.0337033699276731
-0.0223886995398465 -0.130230426873013 -0.0504616618925712 0.0632599012104928
-0.0853583574048027 -0.0893359418110689 -0.0087876827583811 0.0325363860313984
-0.0971707779676839 -0.0562305911429882 0.0029987663769003 0.0101297890805544
-0.101111686921861 -0.0580853049464146 0.0147405621453811 -0.0172941583902212
-0.0650015958849753 -0.10598835018205 0.0401641058285119 -0.0398353249684968
-0.00335901367372863 -0.13005049813767 0.0776571375351173 -0.0367222694396438
0.0894741394827486 -0.148279346764484 0.11381107161706 0.0208210108895455
0.173248525243116 -0.0328302521371416 0.0935097625194001 0.0913067148580714
0.150562484537476 0.128012920062321 0.00405572273636045 0.0824967546761334
0.0832671713072358 0.22408295971046 -0.00575333629945003 -0.00476721410172512
-0.00925992931187089 0.187791081984229 -0.0366688334545636 -0.115904615883993
0.0590823555971014 0.194657104434827 0.0465194764547119 -0.153446402955731
0.156831039058709 0.0911053306173999 -0.0200152388362273 -0.166372398531413
0.163589876247157 -0.0660577438468887 -0.10172342389405 -0.102487987868918
0.0679190102101181 -0.128978366389529 -0.105829872057344 -0.0219514579408644
-0.0129895051513183 -0.126985703894879 -0.0663688606609775 0.00991373560256169
-0.0779647970872699 -0.0901071134331453 -0.0410812436155381 -0.00515175286958479
-0.0937887795079482 -0.056862170921747 -0.0317790694830089 -0.0168924337003087
-0.0977750301591467 -0.0561765308711839 -0.0192527152259472 -0.0431444180221747
-0.0636721156146201 -0.0981300279066378 0.0109865086414732 -0.0697765514482593
-0.00386879575891299 -0.122286828520429 0.0609318328204017 -0.0698948280292263
0.0866729959370302 -0.135550209685264 0.109832323755318 -0.0102088800230541
0.156954308603271 -0.0216246011243884 0.0981180260848112 0.0656625913214767
0.124601391513184 0.120178751173283 0.000482097892310971 0.0600770022892532
0.058654863426035 0.197323163148656 -0.0118124876903664 -0.0665104343941361
-0.0281633857471934 0.12943414657829 -0.0167109334366441 -0.192816352806682
0.0176293150043394 0.152058182270467 0.0507805824417815 -0.188237509544383
0.105265389501576 0.0872738223471443 0.00879702135545134 -0.170980585974791
0.128331258379207 -0.0357674401015628 -0.0634903998228013 -0.121853255845024
0.0601680389213848 -0.0943884984105292 -0.0834301676533987 -0.0646664379246537
-0.00431620796025038 -0.0989439785918349 -0.0760646003855325 -0.0362473684730305
-0.0587675670056905 -0.07421133651766 -0.0671878214733407 -0.0379955562143545
-0.075710109917604 -0.0473401882561853 -0.0625867149112644 -0.0410570940223311
-0.0800775280549046 -0.0486792384941378 -0.048808823547594 -0.0658792757614462
-0.0511006110961384 -0.0808529501919069 -0.0115386854400928 -0.0951543809323939
0.000790913129045748 -0.101904008295717 0.0501331096076752 -0.0965773327026145
0.0799482801592093 -0.102981644955684 0.107365294692171 -0.0303056729717053
0.1256870831233 0.00114032555977356 0.0967194397292108 0.0461955442650732
0.0815951912241611 0.107354944529879 -0.00186508016193081 0.0424653901945253
0.0200748151333634 0.148485606627222 -0.0123901835970678 -0.112323642429428
-0.0392804882262666 0.0471693127969108 0.00062418635967958 -0.242061880342178
-0.0179427196330454 0.0774944380918221 0.0478459078905708 -0.204828032390418
0.0409665647345829 0.0566441361362524 0.0241702093353885 -0.169257341355548
0.0677461846120344 -0.0100365748202921 -0.0409938452410384 -0.129854170817664
0.0369809089227349 -0.0467452178685272 -0.0703798997052397 -0.0873443050288752
0.00130977674805543 -0.0545555357298965 -0.0838984345277849 -0.0633536549248253
-0.031754167535506 -0.0448528189237768 -0.0854995548342344 -0.0585979880183464
-0.0463107363211554 -0.0306217877146805 -0.0832538964909691 -0.0588067331295856
-0.0512656832816585 -0.034330725305994 -0.0690481364546151 -0.0838541943637308
-0.0328117756155934 -0.0556611633634195 -0.0246870801560135 -0.116152809154006
0.00545582037669135 -0.0722059273300649 0.0486549506131743 -0.11720628821681
0.0660045035645245 -0.061532391855451 0.111124287667057 -0.0430069934938683
0.0821232433407533 0.0239002943850974 0.096406433125702 0.0363108208337994
0.0315950002246417 0.0837341467714615 -0.00237475928458016 0.0318780889526051
-0.020475661685625 0.0827398737375335 -0.00426902417570435 -0.138507404735856
0.0452990035288855 -0.0129276145759637 0.0250372050119361 0.16328253653774
0.00545059134125145 -0.0435561003589727 0.0512829329201307 -0.0262914163595915
-0.0352310135333151 -0.0223561090290215 -0.0986101206738511 -0.0636595853520378
-0.032936539205255 0.0201150711101689 -0.147239010242967 0.0393416714526546
-0.00304168695158672 0.026337562420967 -0.0807807349352578 0.148865291436095
0.00496014590480192 0.0154350985760596 0.0267830635740094 0.151561257151965
0.00803706299793191 0.0159785532822324 0.0845400486526469 0.103529188902965
0.00801898153159972 0.0128419905947484 0.0995181341475501 0.0716204072560357
-0.00421910216689003 0.0117414914868959 0.104327873302773 0.0596801017196713
-0.0129697354329727 0.00232574324162922 0.100514481303961 0.0688393810346178
-0.0140399616603798 -0.00250689896854002 0.0826009704681121 0.0942325149739132
-0.0136576805274875 -0.0231810495378977 0.0452757490666306 0.137096319238784
0.0209312384325948 -0.0299624243912972 -0.0161308124088518 0.165841949119607
0.0553024286090528 -0.000296458022868162 -0.0672432980027063 0.185879747262926
0.0490162810295696 0.0299654128304571 -0.0170905975451258 0.250365838995526
0.0646821198553492 0.0640833576592973 -0.00395711838126026 0.162309956008482
0.0558552861711519 0.00725741507368139 0.0500327538109738 -0.0234476536112226
0.0286914508897672 -0.0263341302199519 -0.0986774214680814 -0.0762758882691154
0.00550641408301646 -0.0293831450586227 -0.161706639931677 0.0289780683695659
-3.3957302595259E-05 -0.0237959864046787 -0.0974659311500805 0.147279843685133
-0.0138337168973259 -0.0254244478660476 0.0171394264733582 0.154335552006489
-0.0291543343383963 -0.0112112572385092 0.0770650620621183 0.103865769680738
-0.0290605409546095 -0.00899292764146431 0.0914374740958574 0.0688704082214014
-0.0388982003376745 -0.0186989014070368 0.09881003633006 0.0506753162430068
-0.0249457534483258 -0.0470007555112355 0.100224717989426 0.0546860627426342
0.00581110270519597 -0.0519603460634355 0.0903539158328883 0.0800172256914078
0.0430312781960146 -0.0577911914053989 0.0641829736439896 0.125867350084785
0.086247743848951 -0.0079615938121115 0.0107601129633783 0.159753086533794
0.08986783102609 0.0748505535077845 -0.0395730330695477 0.165338769713439
0.0617291046718309 0.124325770328705 -0.005188913209437 0.209078240160716
0.0651562168893223 0.137632774332811 -0.0296356783206441 0.129256957050291
0.0952538178187442 0.074591520594931 0.0469270833793345 -0.0367090484803997
0.0983319800309686 -0.0115462079267594 -0.0943290147823374 -0.0984365273575103
0.0580824856191708 -0.0735618035246035 -0.172174046535368 0.00599496341379243
0.0119431692665903 -0.0774386075579086 -0.117611964762485 0.130019295142356
-0.0270744873470032 -0.0707962696826496 -0.00214797828772566 0.142328558081769
-0.0609260179823693 -0.0418733752316803 0.0562190705848947 0.092743413965284
-0.0631715316976762 -0.0289332808829207 0.0704565419181329 0.0557995349946118
-0.0700876208150573 -0.0398653049699317 0.0803584152159485 0.0313224888451543
-0.0427441741841433 -0.0834237775224137 0.0908903808765079 0.0257804398432747
0.00845527188004542 -0.0950409989572618 0.0974203007946966 0.0467888381179082
0.0765848903545012 -0.102218164820879 0.0914751521417909 0.099083203369984
0.140988620051494 -0.0123743735251982 0.0473936677823532 0.145977958976798
0.129591757588629 0.117265804781976 -0.0139191419029067 0.139465737362955
0.0802328318403791 0.192659836051521 0.00224536086880758 0.144604859334921
0.0491568156444765 0.192103556393387 -0.0474075219247442 0.0638673400369872
0.112727319713512 0.144131964229095 0.0442083288052988 -0.0674372417155648
0.156141655327952 0.021773005573031 -0.0797569888196692 -0.126609414908161
0.116712568896894 -0.0995975849349104 -0.168777225525842 -0.0306908170318106
0.0328495159100879 -0.122861246481121 -0.130156851368776 0.0911835921676512
-0.0311275658160392 -0.110593671043151 -0.0272653222866801 0.112193317372712
-0.0824861566789999 -0.0702100124733513 0.0253511832962063 0.068421583659555
-0.0876748311065131 -0.044982045199272 0.0394122649243413 0.0357167877747216
-0.0929371385709692 -0.0522268671635209 0.0509692088087298 0.00732589606051771
-0.0593921741706911 -0.102865181257348 0.0694244967041371 -0.00807537623755369
0.00127186457722097 -0.123555337055932 0.0939781373231004 0.00402839733664906
0.087359673510966 -0.139720275677422 0.111013916343483 0.0606782855450953
0.171839127180798 -0.0289805937587179 0.0786888314998731 0.121235216865868
0.15581079185537 0.13062459728857 0.0010202696616378 0.11145668483261
0.0927325521993244 0.225517734135472 0.000639065306481059 0.0696067578664005
0.0209621540378686 0.212289756315635 -0.0497214507129207 -0.0241025645727237
0.0993574847458537 0.192940150458235 0.043068155314876 -0.111382752154001
0.180541578655073 0.0633639321741486 -0.0544428843278182 -0.153144932121376
0.158756836853879 -0.0961606686424582 -0.144213440820384 -0.0706369607762752
0.0552131632407526 -0.144046851289207 -0.127182462098353 0.0361198962157472
-0.0254236004856028 -0.132985140431543 -0.0506615222518983 0.0649462668427621
-0.0889490040678028 -0.0888259636482072 -0.009362733612769 0.0339595502482829
-0.099051344659668 -0.0543157937161336 0.00307584265278658 0.0106817416290343
-0.103386627053253 -0.056508710859448 0.0159702099266371 -0.0181818000890808
-0.0685359484020375 -0.107275764716473 0.0401060684586258 -0.0413560392032145
-0.00599536116620871 -0.132359240987668 0.0798167376814362 -0.0382368741304354
0.0872879755481195 -0.152712497425771 0.115811560798904 0.0201519460912584
0.175113759383024 -0.0357282464784814 0.096409195058589 0.0910671407131099
0.155191851404517 0.127835070224338 0.00403442736523381 0.0845533965124384
0.0867766693669276 0.225594175050715 -0.00750514883397682 -0.00351123431617401
-0.0061061213383186 0.191704622528566 -0.0384733817821812 -0.117165996159141
0.0634015849497845 0.197476398919757 0.0464652412905316 -0.156674645765245
0.160432548845698 0.0905265102576778 -0.0210498763592864 -0.169559830521872
0.163885420195421 -0.0697333795237084 -0.104054054880876 -0.104301541350545
0.0668278313292761 -0.133313272397324 -0.109426796609042 -0.020510147266105
-0.0154283016970643 -0.129561916568526 -0.0678093203611349 0.0109335225110227
-0.0812855562494856 -0.0905880947985001 -0.0424511839704558 -0.00472498337999283
-0.0956422978948352 -0.0548768708035155 -0.0334876085455619 -0.0165492805827679
-0.100429702293318 -0.0543398066359701 -0.0199175461897422 -0.0429575469534283
-0.0667516418876308 -0.0991590185327802 0.0103853570219914 -0.0701642074912284
-0.00587262530337579 -0.124466721205404 0.062151876440269 -0.0721005003286081
0.0842168661358007 -0.139788198607008 0.111852939424529 -0.0115491253031742
0.159623528080509 -0.0241160740737486 0.100844712956204 0.0644276212313254
0.128670169581031 0.120793108513346 0.000524614310068614 0.0623292849067697
0.0609461120556963 0.199310531429289 -0.0151577408964017 -0.0667940198717546
-0.0271487315606245 0.132010470272325 -0.0187729137808602 -0.196413345953212
0.0200166381151508 0.154452959081995 0.0494757449512019 -0.191378446326271
0.10681604471318 0.0874390585921473 0.00798352870823117 -0.174253634992198
0.12873697357779 -0.0381705632344196 -0.0654506280730881 -0.124092756001027
0.0592042725826233 -0.0974250987743586 -0.0868735866821518 -0.0646450799799774
-0.00688500109315681 -0.101094048183384 -0.0787138763002168 -0.0359652988309597
-0.0617295421151275 -0.0745155738189491 -0.070386634921919 -0.0378816352614049
-0.0770406303934807 -0.0466222513508538 -0.0650153398849384 -0.0405281713463697
-0.0823652818455675 -0.0468605756884116 -0.0508389241736446 -0.066149032678783
-0.05370477861383 -0.0819605279279839 -0.0133311065245954 -0.0956786782145447
-0.000882264612257995 -0.103611407164503 0.0505688586131533 -0.09863095376817
0.0791263287468023 -0.106660623755857 0.108559456727011 -0.0320915257563058
0.128224562649445 -0.000243160785440893 0.0990638914239494 0.0452739508017316
0.0843870130176298 0.108388242406484 -0.00280887822470001 0.0438733417101818
0.0215283187737745 0.150815170661626 -0.0154269876504929 -0.113458742666981
-0.0392024956188416 0.0485089174471615 -0.00301870347250937 -0.246132613019873
-0.0176061679013237 0.0786292377229336 0.0463286522947423 -0.208590817914582
0.0417007383186935 0.056480802981824 0.0237500647574172 -0.172115897248643
0.0679995605497849 -0.010993146140489 -0.0425459549769418 -0.132928658037187
0.0367151047373722 -0.0485094809336638 -0.0732756549509763 -0.0888269581819691
0.000988621544159267 -0.0556043589692021 -0.0868721157007405 -0.0637238586147417
-0.0328298337050064 -0.0447167904327452 -0.0896866268114012 -0.057733381848745
-0.0470006147043576 -0.0298964444456505 -0.0861518860853623 -0.0581290015004937
-0.0523293025817559 -0.0327308483505567 -0.0719964733689837 -0.0843983039642444
-0.0339858924644499 -0.055869352713071 -0.0272094813949849 -0.117640830430295
0.00429429206719386 -0.0733457959109633 0.0487730688091 -0.119897451311698
0.0658511532533356 -0.0639285441653752 0.112726300481556 -0.0447053696871594
0.0843591795026977 0.0235209282217591 0.0985174749775105 0.0353246717368349
0.0327399886522855 0.0844178710010639 -0.00239094807094856 0.0330159324181133
-0.0205656012690694 0.0841470536720527 -0.00778694686466149 -0.140661786755875
0.0443376531397085 -0.0144771372152108 0.0328238734416622 0.162272524805586
0.00443865687126755 -0.0443844388155983 0.0515291023476747 -0.029601209935828
-0.03619716595631 -0.0217616557310457 -0.102120594547225 -0.0615367944369261
-0.0325307293686276 0.0219258695877179 -0.147598078142269 0.0442099337821595
-0.00239594824175455 0.0267247763387913 -0.0758307485026055 0.153615592534108
0.00558627117040673 0.0154667184354698 0.0324997248878036 0.152489101186193
0.00893767213541213 0.0160690246974723 0.0889745893123865 0.10004354635245
0.00864692412402968 0.0120972862598316 0.103837385361206 0.0678040675864572
-0.00403717993442727 0.0119498100455283 0.108534687895287 0.0551902196248497
-0.0134494081808287 0.00305971845011699 0.105236272289793 0.0655822966856538
-0.0139501199265009 -0.0018595874847492 0.087064888542668 0.0920336768134165
-0.0141683247674512 -0.022833046415562 0.0500775509132326 0.136668653465601
0.0199647899288157 -0.0311842905489221 -0.0115681294216779 0.166965897298556
0.0561689873747001 -0.00272233156161752 -0.0624265560638985 0.190281508080978
0.0497428600937303 0.0285330971875932 -0.00699529844765759 0.253765955712566
0.0673358738279135 0.0621374524520234 0.00395641587670453 0.163070781141443
0.0570910876221693 0.00509523590378269 0.0505031548428666 -0.0265848022449216
0.0278049433767172 -0.0278495689423286 -0.102307647970609 -0.0741722381999109
0.00358081864350215 -0.0295227564646546 -0.162421083795949 0.0344006747937971
-0.00197105041250774 -0.0240637733520402 -0.0932671695690047 0.153847439710121
-0.01550974863679 -0.0252246067774498 0.0229470532109952 0.155385367903696
-0.0297386507997782 -0.00970770853093504 0.0810968133770635 0.10162967335937
-0.0296545756289393 -0.00777977201353087 0.095931051060749 0.0651913687926347
-0.0402463698641572 -0.0165847077491665 0.1028324537763 0.0461301608706174
-0.0278777212050418 -0.046766645777546 0.104028910131647 0.0510183795968117
0.00351978679264017 -0.0526110629548489 0.094917880238178 0.0772505795769509
0.0407512157863651 -0.0601643634648738 0.0689898623529158 0.124221880648168
0.0869225952379902 -0.0111882691673377 0.0162004022974387 0.159619975823196
0.0943495995888838 0.0718494125878654 -0.0345886090090506 0.168628294285006
0.0667715847242989 0.122842457799301 0.00311015862040904 0.212062227834937
0.0717326808286385 0.135635026084853 -0.0236070212613392 0.130706268047124
0.0998343686876249 0.0707294045822307 0.0472928142866562 -0.0400912833404066
0.0981745333665894 -0.0161287739006064 -0.0986460371490197 -0.0964777986544507
0.0544387870698507 -0.0761247211992882 -0.173861387464226 0.0116793573457873
0.00768573041459793 -0.0788557694800379 -0.113521635809412 0.137335281250748
-0.0310529015815853 -0.0705517607387142 0.00328411578570133 0.143933255778351
-0.0636431115480686 -0.0391180648251972 0.0602253035231473 0.0906369296510717
-0.0644626928114816 -0.0258252781016531 0.0737609058465828 0.0534879631108399
-0.0727590712816211 -0.0363779692131381 0.0827332614219464 0.0278141901714366
-0.0475749395147538 -0.0826531229384853 0.0934006237462693 0.0228498401319477
0.00477248147913755 -0.0965790388009285 0.101387484738861 0.0435983883156579
0.0729425890445712 -0.106475412975817 0.0957560511696544 0.0964179979682066
0.141600208939726 -0.0180337683253817 0.0526954708616331 0.14382923430967
0.135824600547361 0.112848960168599 -0.0103168028796929 0.142110790083862
0.087611659045131 0.190387056758965 0.00792756586102686 0.146626991044046
0.057559161620449 0.190996792450728 -0.0442427960021561 0.0661199925668804
0.11976148870681 0.140905678165225 0.0429928382127706 -0.0706854641298563
0.157603286378551 0.0147459928225129 -0.0845776168661174 -0.12568534177388
0.111653483714119 -0.104520087930794 -0.171626737456844 -0.0254468051505249
0.0266163038685586 -0.125428680912992 -0.128138365347436 0.0991174963750091
-0.0370289444440596 -0.110346590201658 -0.0232475043507296 0.114498447714567
-0.0866561402375646 -0.0663940881560298 0.0285354919032527 0.0677934301641572
-0.0897398674929957 -0.0412660842879186 0.0411321892030811 0.0347917098505485
-0.09585392493217 -0.0474686479199008 0.0525928891339197 0.00519447532049882
-0.0649606286388747 -0.101650078677573 0.0702866753057521 -0.0110438845268679
-0.00423632190667483 -0.124345071316813 0.0971984486951993 0.000767296801678068
0.0810316097311338 -0.144698771154936 0.113602677151375 0.0569467397190696
0.171952073913457 -0.0356956745969735 0.084245153006218 0.117626221026143
0.163206502530936 0.125381953624797 0.00397180306623578 0.113051319124984
0.101051448544984 0.222994438834996 0.00258780726314059 0.0710904159045694
0.0305551401557259 0.212411401118535 -0.0503364910555623 -0.0224189847881011
0.108220404404171 0.190266835785782 0.0405642200820999 -0.113752268404575
0.183682952362898 0.0558408951525588 -0.0597024807871763 -0.152926286115902
0.154090898343608 -0.103751401921614 -0.148614893246306 -0.0669325262951626
0.0483907445417175 -0.147812682114091 -0.128277265760051 0.0431874065580029
-0.0320760695093306 -0.133475751592669 -0.0493961687705325 0.0675838714924518
-0.0941327033131811 -0.0849925384536054 -0.00859787996483925 0.0348674193640872
-0.101505267998585 -0.0498576329983386 0.00273819463804697 0.0104705591346784
-0.106822077216711 -0.0512013170431413 0.0156687936506389 -0.0192795605465958
-0.0746261577258774 -0.10505583262095 0.0394640522106239 -0.0428916677374498
-0.0119858101408141 -0.133295778471349 0.0799566785453218 -0.0409838624345708
0.0799565863794526 -0.158267292224702 0.117471530265511 0.0161886566320559
0.175915291322373 -0.0432059343576388 0.100869475132159 0.0865069113041506
0.162243054836066 0.122280923994946 0.00660529291403637 0.0861656119468361
0.0955030669191391 0.223566340164176 -0.00859051776184787 -0.00208623183642866
0.00158594165281789 0.1924677469755 -0.0428456866815513 -0.116607619547123
0.0716576359504175 0.197001798699687 0.0415065519873264 -0.159259308546953
0.164157246318872 0.0844810297645372 -0.0270894390870417 -0.170765628776793
0.160864088061956 -0.0776265158330316 -0.109333771586042 -0.101966909302375
0.0613340285796184 -0.137586494795975 -0.111953618536829 -0.0156189508242314
-0.022206824666687 -0.130967027937564 -0.0688330416865931 0.0135359081413787
-0.0863730007713057 -0.0870734670600365 -0.0441383789520065 -0.00277562597913413
-0.0974999461048302 -0.0508946189257297 -0.0347911399172386 -0.0148653371332957
-0.102627532670337 -0.0488138282926669 -0.0221525712633601 -0.0424088718227745
-0.0718938608840768 -0.0973564629628403 0.00738887042017515 -0.0708519867155345
-0.0114100948063967 -0.124935215906243 0.0609941690426533 -0.0754054402569505
0.0773500833627978 -0.144807666621901 0.112274107684651 -0.0150565809828645
0.160173087053172 -0.0307049914993891 0.103985049625254 0.0595440486123873
0.134673797007327 0.116796867018205 0.00223631337546493 0.0630918998347785
0.0681248726422515 0.197785771358212 -0.019444436530032 -0.0651495840946858
-0.0216422684633922 0.134089102021807 -0.0263714914117126 -0.196978537918159
0.0260502041486469 0.155125925231301 0.0434330621408357 -0.193348552621705
0.110949448602712 0.0834572850854025 0.00255204303657865 -0.17573243068201
0.126895468209033 -0.0440079319324109 -0.0703574519157103 -0.123163748088075
0.0550426219870199 -0.10095083333427 -0.0907680281198937 -0.0620514151268558
-0.012009756740169 -0.102087170912287 -0.0819779297958699 -0.0334444611115124
-0.0656398379723493 -0.0723249711078851 -0.0740251856771998 -0.0349919843484154
-0.0790288349772679 -0.0421906235834904 -0.0674967928261876 -0.0371323201314827
-0.0842334359678713 -0.0421396388032688 -0.0539589007458283 -0.0643357785205199
-0.0579719563754992 -0.0799799318879855 -0.0176345526547611 -0.0956368121533434
-0.00581316505348205 -0.104361823658416 0.0483778497634857 -0.101673403771405
0.0738894332786334 -0.111466229878916 0.107817153568428 -0.0358711042001938
0.129456283637774 -0.00566222193475686 0.102292458322568 0.0410349723744826
0.0893929080678417 0.105369215960529 -0.00131269817421355 0.0452981427042896
0.0268359424809069 0.150385260044048 -0.0221001463511283 -0.112854289306692
-0.0374709938141533 0.0499744104059041 -0.0125867561068193 -0.248144208419772
-0.0148217360427081 0.079511358534457 0.0391097212435357 -0.210800171248353
0.0435177247168312 0.0556070881622334 0.0185548080509672 -0.174025558589217
0.0667659995972837 -0.0134347467142376 -0.0477882728680421 -0.132569946156155
0.0349503063127774 -0.051191179978828 -0.078435342620283 -0.0869896330748467
-0.00201796674765711 -0.0566955252716922 -0.0916468712956059 -0.061276157893593
-0.0354679993499912 -0.0438736927901668 -0.0942073970741321 -0.0542156061181173
-0.0479647875032045 -0.0277665454225859 -0.0897754331059281 -0.0536179611281452
-0.0535198467596753 -0.0297894521607581 -0.07661590834469 -0.0814413343575759
-0.0367350928874706 -0.0546520286960295 -0.0321512718106772 -0.116909634925426
0.000801062763385162 -0.0737392085012106 0.0458990438589819 -0.123589997539421
0.0628618592335536 -0.067119944717915 0.112192617070413 -0.0488027652100963
0.0865688874959203 0.020439409750039 0.101003331165637 0.0319651951878105
0.0357029988275784 0.0838187169187759 -0.00161024469543806 0.0340151459521524
-0.0176926395827218 0.0851222302634581 -0.0155382606088853 -0.140248156291963
0.0421689101151065 -0.0155440618183013 0.0400859297887291 0.156742157638456
0.00240825460579868 -0.0441765418591839 0.0497634062217137 -0.0323798565801461
-0.0361577572029253 -0.0196764099903109 -0.103190590838576 -0.05629045628338
-0.0313331568634824 0.0235710570857945 -0.143969457725792 0.0492736530455451
-0.00169522874068403 0.0264114500005451 -0.0675959264479582 0.155626042132427
0.00534249044066615 0.0149087490860402 0.0394538854656302 0.149027295844576
0.00909411577984483 0.0154543095639938 0.0912107419801334 0.0947348422880188
0.00872677588485987 0.0111681949715115 0.10548899104935 0.0608607157762297
-0.00368851183538931 0.0119104228863443 0.11021122307419 0.0487597479515036
-0.0136954750136379 0.00355129496903131 0.107062528459716 0.0592008454827385
-0.0135004494306664 -0.0013471014309327 0.0901374924775514 0.0867852012553481
-0.0147862978510834 -0.021762100183544 0.0549737902065362 0.132043093372216
0.0181405694340599 -0.0314910724301497 -0.0054070579906252 0.164074566955655
0.0555737705581909 -0.00534182458092179 -0.0538122133724227 0.189952074086088
0.0492566344409507 0.0261873013174015 0.00548393898632525 0.248901204609557
0.0685478252377192 0.0578419372103151 0.0124512863205234 0.158855231861663
0.0565489816926061 0.00212138609996737 0.0488872135398857 -0.0293502885737664
0.026047736853326 -0.0290363907945502 -0.104099584892781 -0.0690781743767535
0.00119868436125426 -0.0285044227374987 -0.159069610509914 0.0402591117877375
-0.0037440612057469 -0.0232755287554906 -0.0848108910828732 0.156481602161898
-0.0173898528565407 -0.0240111296043489 0.0295944410963152 0.151791785379405
-0.0299485533632548 -0.00728774054062782 0.0842166506080099 0.0953088610990935
-0.0295402078632154 -0.00615469205931491 0.09778813404119 0.0587743861617945
-0.0408583658987211 -0.0141322699742632 0.103869953135441 0.0403973414016828
-0.0304730867625246 -0.0446989860105794 0.105565965378235 0.0450546316515422
0.00127004087427026 -0.0519993628902012 0.0970942363597986 0.0720656541937056
0.0367488175739642 -0.0607816392262973 0.0729472469540163 0.118483304055484
0.0845250630147476 -0.0152240903277979 0.0216922618152205 0.155203242427052
0.0961521985624349 0.0659743805444352 -0.0281183664893706 0.167416512943352
0.0699860885806559 0.117051673651703 0.0132521935009954 0.208185612274667
0.0766207469563615 0.129722597698436 -0.0164880940658351 0.129107413341527
0.101586281309166 0.0652275700118436 0.0454457215827036 -0.0422237063149102
0.0950811602685014 -0.0210909252776603 -0.101010339177893 -0.091349063742562
0.0482177473531764 -0.0771321603891896 -0.170437623076529 0.0190404794398831
0.00233420842024491 -0.0778853903257035 -0.105587404442131 0.141746660241343
-0.0344358773361035 -0.0678146082287012 0.00962737993323178 0.141631055329699
-0.0643131044556733 -0.0348950048992589 0.063393008915319 0.0857670244382226
-0.0645249600964795 -0.022223340544732 0.0749164345188306 0.0490102775710003
-0.0733646443547159 -0.0313781953772191 0.0839059980093271 0.0230496053795438
-0.0515066507781969 -0.0790380351547531 0.093768715725412 0.0179722074490548
-0.0002246451261182 -0.0953240019448737 0.102551232865407 0.0384217866355865
0.0648449571432701 -0.107927762597248 0.0982646094402729 0.0909573668894067
0.137862983735724 -0.0241014945952856 0.057727785576179 0.138014604512881
0.138942292847169 0.104704323968568 -0.0049022353823643 0.140789361294376
0.0930905094367605 0.182029083877748 0.0146493144393558 0.144207287888505
0.0656965877336036 0.184329852231869 -0.0392354919451708 0.0664504500597443
0.124358531312082 0.132238528449257 0.0402900590438098 -0.071696960991265
0.154731879132494 0.00692020045201066 -0.088604569570864 -0.120349398471139
0.102853734321895 -0.107719631080288 -0.16995750965604 -0.0174374206548686
0.0189911702478002 -0.124544170150467 -0.121543880242113 0.10483960752169
-0.0424776055224535 -0.107186663139881 -0.0177461133468366 0.114209013024644
-0.0882215899607599 -0.0605532817931572 0.0300848071762301 0.0652301997374423
-0.0892318838567712 -0.0355800432759471 0.0415909998225015 0.031778400544305
-0.0968201741787461 -0.0408371048595428 0.052026296030208 0.00223139038248916
-0.0698204502294086 -0.0966695662767024 0.0695697471138527 -0.0139108247232469
-0.010247215527456 -0.122435187518822 0.0959510037145584 -0.00429778837598757
0.0718860841884052 -0.145840705177354 0.114089515886982 0.0513432030193609
0.167209670379977 -0.0433600383837954 0.0871090814411872 0.11067403366119
0.166019244652794 0.115205596558813 0.00765225642672937 0.111645551405138
0.108714748109246 0.213042782560519 0.00490945956988717 0.0705499138681499
0.0400309768032533 0.207310313152313 -0.0498322357035837 -0.0197846621884556
0.115162323419098 0.182415787440196 0.0354860130894715 -0.112841148099791
0.181930178597601 0.0460970804576764 -0.0645668447984159 -0.147847024489951
0.144989695831396 -0.108961233010614 -0.148348037705318 -0.0595423591873578
0.0393671462403668 -0.148059782106248 -0.123548710138265 0.0502829846059449
-0.0389537779909312 -0.130245498305321 -0.0454463601037379 0.0690768398996437
-0.0967305618897164 -0.0785569751603173 -0.00763717909401175 0.0341518588745047
-0.101205239999108 -0.043588364524319 0.00331688496146046 0.0108992465125841
-0.106583734698962 -0.0438389337904784 0.0149493494468796 -0.019892808548042
-0.0796898364697279 -0.100098380091465 0.0369496144401027 -0.0435315511424055
-0.0180558246469322 -0.130404250330683 0.0781226295263799 -0.0440090635221806
0.069586004024668 -0.159445279482773 0.115910734385296 0.0111881255416607
0.170478375642274 -0.0507578867083926 0.102752184945106 0.0790589669658196
0.165481793830536 0.113849223923413 0.00958810681499784 0.0850939005075157
0.10296415142338 0.213623942968516 -0.00997914474026126 -0.000413946805896848
0.0108028911424047 0.188443077171681 -0.0471905475260252 -0.112232361591348
0.079529281363701 0.190187785720403 0.0340011733566457 -0.157483823787549
0.164248329860054 0.0751633716998572 -0.0328349346769459 -0.166451054570947
0.152412079341629 -0.0833717645746294 -0.111264797573521 -0.0951734548600588
0.0523294288044816 -0.138888630089877 -0.11101138507677 -0.00895531257131579
-0.0286092379252079 -0.127769488629896 -0.0678639948462311 0.0167635803549641
-0.0893535926526695 -0.0805126769771083 -0.0443033298952106 -0.000199804857443787
-0.0977103096958297 -0.0447423634203797 -0.0357113161273544 -0.0123479662699558
-0.102609721545672 -0.0423421208624116 -0.0229518912061028 -0.0404413210229798
-0.0760254755030276 -0.0919203556418948 0.00416627779514683 -0.0694088175087258
-0.0177143421511746 -0.122549750518663 0.0575844567770538 -0.0770719178514958
0.0677097269566458 -0.146483476292161 0.109690273159212 -0.0188760084981728
0.155629910943246 -0.0378677131940367 0.105095803936945 0.0532291605596767
0.137520552889171 0.108189397935081 0.00479514092920687 0.0627092228043032
0.0754373699173282 0.190189205207975 -0.0234693091655064 -0.0616196090558591
-0.0150236531443117 0.131476193143043 -0.0348937941654188 -0.191846490266535
0.0329108657417055 0.151137390609878 0.0346234786329506 -0.190824927345308
0.111852879659587 0.0770647230649148 -0.00378041581392871 -0.172763883747147
0.120937498220241 -0.0487192089170172 -0.0741757348933086 -0.117939918187644
0.048827590547092 -0.102768513409425 -0.0927634040221299 -0.0560528092933555
-0.0173900687825521 -0.100236264690193 -0.0832796097810153 -0.0285660463850971
-0.068158454557971 -0.0671932260221276 -0.0757642524753138 -0.0296555413871498
-0.0783787334845404 -0.0374164742044581 -0.0692228018359516 -0.0325180170228388
-0.0837991493496406 -0.0363192609489359 -0.0563856660098411 -0.0599673311151563
-0.0614006846621576 -0.0756983789782898 -0.0220811987521665 -0.0923852655779933
-0.010829062350736 -0.102402775517789 0.0434059120811452 -0.102295742129748
0.06610933618762 -0.112656384197133 0.104974768647165 -0.0395244196695661
0.127335168802823 -0.0118120076126687 0.102227020842532 0.035211273721369
0.0919767522798125 0.100061871500953 0.000815359828449754 0.0447710376783782
0.0323579533003588 0.145588766826464 -0.0290277611579762 -0.108184021588974
-0.0343981582778248 0.0504579647550145 -0.0238687376406138 -0.241620349652558
-0.0107845334885104 0.0786415916594167 0.0291583399006424 -0.206795864014244
0.0448844196573047 0.0527642736894426 0.0119372119359441 -0.171659823201736
0.0638242770981894 -0.0160911506524495 -0.0521361985222444 -0.128036768281628
0.031465728753608 -0.0522294370721049 -0.0812807083707197 -0.0822958419170691
-0.00530098638355009 -0.0555548152139663 -0.0941242484868684 -0.0557455613371592
-0.0369486821799799 -0.0410979699658599 -0.0969825595119037 -0.0474817719109191
-0.0474077231028622 -0.0244932788249491 -0.0918198803690354 -0.0470440222320827
-0.0526932987706022 -0.0255873635942806 -0.0792717175849453 -0.0758614323421003
-0.0390053426034299 -0.0520517858028144 -0.0370165900618915 -0.112882669943002
-0.00285908393017715 -0.0722481020219198 0.0393283305429826 -0.123475084098172
0.0578311447635836 -0.0689661149541825 0.108288033956719 -0.0527091141524398
0.0856273827912267 0.0153626309223477 0.1003230883011 0.0274759127897923
0.0385146836413379 0.0806506218534859 0.000229754334295636 0.034114477226724
-0.014001762533492 0.0844033659192829 -0.0238407679738346 -0.135550080453739
0.0392423488323337 -0.0153486759670259 0.043562504176633 0.148269771977656
0.00112665238192867 -0.0421966095447206 0.04750133251032 -0.0334936568296525
-0.0355531599708684 -0.0184137723930858 -0.100794687216337 -0.0528864896954175
-0.0291980107016572 0.0239692066135215 -0.138745023287638 0.0507407524144822
-0.00133879727040232 0.026066706342196 -0.0608158996963502 0.152385513520161
0.00537143338370127 0.014910987742188 0.0426019386095481 0.142897507856886
0.00977177113383393 0.0151790324222417 0.0903450621295914 0.0883104399868118
0.00830601165330875 0.0102881019107033 0.103850982958837 0.054686992079988
-0.00345524987691865 0.0114833642656156 0.108202199146685 0.0427889352818677
-0.0135262455215813 0.00374353268280408 0.105880182744608 0.0544565044466837
-0.0125129897281159 -0.00126922568083539 0.088560331766137 0.0824251831810158
-0.0146586002246418 -0.0202260648286724 0.0563215110579731 0.125338239441691
0.016168172891914 -0.0304309153343409 -0.00278545478694721 0.157608849282102
0.0536316228212437 -0.00707968719358934 -0.048357852560848 0.184474421352413
0.0473052766258024 0.0240078247689755 0.0124622880569857 0.240047295928448
0.0667678756345269 0.0539641484689368 0.0167933175833099 0.15160622506853
0.0544298837775362 0.000268297864221586 0.0471884773231575 -0.0303671082401891
0.0238297493168835 -0.0296072602917591 -0.101679854215338 -0.064581297650734
-0.000188797174742632 -0.0271958903404309 -0.152475513526145 0.0420976922682485
-0.00505798561241272 -0.022176031282057 -0.076598437422633 0.153622835870514
-0.0181146891185727 -0.0223850433626752 0.0328057468441347 0.146268669983904
-0.0287892806801935 -0.00626625535849725 0.0835265993988241 0.0895746859445337
-0.0287479781972209 -0.0053289371846666 0.0958262900669506 0.0537538644497873
-0.0397317071889385 -0.0119133440318861 0.102127477476436 0.0350144203463859
-0.0315008229967225 -0.0422094385779043 0.103943388962196 0.0406885612320958
-0.000152143992173911 -0.0507498102134186 0.0960228463838385 0.0668717007870099
0.0333786147050355 -0.0599882936872123 0.073138629000816 0.112686086409628
0.080790889754738 -0.0172604587904553 0.02319628568655 0.148403155562177
0.0945915773814062 0.0601770282322982 -0.023748199602241 0.162459088265183
0.0688720944260407 0.110997529631253 0.0188484337334189 0.199983108066259
0.0771270199222106 0.122080235960049 -0.0114987242022429 0.123903731460708
0.0995535850765496 0.0597062676984293 0.0440604533099368 -0.0421224183036877
0.0900025912356335 -0.0235670299077866 -0.0995060513513937 -0.08561499839495
0.0433263917186282 -0.0749552296010482 -0.164113663383155 0.0222017347337705
-0.000843727016209859 -0.0744265502256615 -0.0972080252694569 0.140703440238609
-0.0362833255803787 -0.0641941627445725 0.0129040064400168 0.136400646283819
-0.0633866856070395 -0.0309876032387499 0.0625814021697933 0.0809674533239509
-0.0623861142117911 -0.0193200864937179 0.0739125142625274 0.0448372633771415
-0.0715816011652039 -0.0276087816248213 0.0815905514530281 0.0192398309081786
-0.0534514714355278 -0.0745474669591198 0.0915157525510964 0.0151460594898798
-0.00284628489575053 -0.0920399148211562 0.100634991947571 0.0341239496252585
0.0588383130422973 -0.105799497566952 0.0963980130249198 0.085750552372323
0.132164911823328 -0.0274228427532558 0.0577961885814036 0.13076077347342
0.136959299926325 0.0970334502775381 -0.00195066086096025 0.135950286620957
0.0935914878382756 0.172392905162341 0.0177135070641624 0.139761959510579
0.0679932185560034 0.174279615148309 -0.03529582826973 0.0652025664852719
0.123580194541931 0.124381853782773 0.0384098900399834 -0.0695342788328451
0.147900093855803 0.00176091823220681 -0.0874581636215865 -0.114275481117081
0.0947086042305001 -0.106586518080125 -0.164009551052487 -0.0129309402906071
0.0132696982262621 -0.120910829982001 -0.113714532371242 0.105867931624475
-0.0451901741196186 -0.102421763239833 -0.0140980415596629 0.110627851063369
-0.0870957980362635 -0.0554865690170659 0.0310056527536224 0.0621257188694921
-0.086677569174917 -0.0312188380065486 0.0409467076936773 0.0304672641676416
-0.0937357679620264 -0.035761106194814 0.0505760409671341 6.35720484536673E-05
-0.0715478211354019 -0.0910124260918234 0.0669452396814589 -0.0152855843000363
-0.0137640881256239 -0.117513514755431 0.0930565574872347 -0.00660722447808614
0.0635744622546983 -0.142640020036319 0.111223288251149 0.0473209885479699
0.159128043932303 -0.04653164983617 0.0857200385120753 0.103541411947033
0.162942541485488 0.106741150220413 0.00996151022479201 0.108158995941987
0.10840723876981 0.201404962413609 0.00613378359413389 0.0690944422367557
0.0435494135394219 0.196685972434936 -0.0478894471688274 -0.0176190359595337
0.115437879917183 0.172086659092081 0.0328151836639113 -0.108710009539926
0.175207120621802 0.0390897137983506 -0.0649472173732638 -0.140674012645763
0.135069189411972 -0.108446283647775 -0.143982459361854 -0.0535406620180558
0.0320130627729881 -0.14382953577566 -0.117048292333424 0.0532938196362212
-0.0425762885358247 -0.124659409147774 -0.0423526513991839 0.0680262368556882
-0.0955506983212067 -0.0721995429175295 -0.0069176028924993 0.0337583466060181
-0.0980847991399189 -0.038614419822305 0.0034848468096806 0.0109467690756251
-0.103531711923079 -0.0379198529681565 0.0139533517623588 -0.0196430536601426
-0.0802335106911478 -0.093225089006676 0.0353679518133145 -0.0430293738687487
-0.0215147719697269 -0.124706980196925 0.0751031988056674 -0.0454120867556521
0.0607611712626533 -0.155398650343407 0.11208986129035 0.00883135113494651
0.162690955817352 -0.0541350438238688 0.100156316960347 0.0723600506661104
0.16231380462805 0.104268576344104 0.0106564449775968 0.0822995104240412
0.103521310790182 0.202377892398927 -0.0106206294612139 0.00155067138085627
0.0153378220846261 0.179548666111652 -0.0478309708780228 -0.106344703480107
0.081626334858269 0.180841410419458 0.0302127048424638 -0.1512130484582
0.159335465173458 0.0679444906441827 -0.0348099869015834 -0.158641970207209
0.143288557312949 -0.0837300682231478 -0.10886163227168 -0.0891403274041959
0.0450281824574314 -0.135172585780872 -0.107234575835334 -0.00421501981056295
-0.0327230564370955 -0.122842288771503 -0.0656599176243409 0.0183179947158118
-0.0891333882400829 -0.0749716227419104 -0.0444689961487986 0.00175792051736541
-0.0944361264056318 -0.0398392830907245 -0.0354926322819007 -0.0099126295496467
-0.099197879592168 -0.0366179071808998 -0.0238714293812455 -0.0384292744849887
-0.0770116792784458 -0.0851335921108136 0.00316782968224937 -0.0664955174739162
-0.0208382753190227 -0.117659203193187 0.0544742653284962 -0.0760163715615067
0.0592271648037654 -0.142405099194962 0.105638234239062 -0.0205712978521936
0.148817283183359 -0.0412040334822711 0.101940363213795 0.0477664218739185
0.135203864079352 0.100368143104659 0.00605292756255166 0.0610343685089236
0.0769093057100162 0.180087071801627 -0.0253855714343252 -0.0570858467854728
-0.0108915115670454 0.126250370343172 -0.0377039951511818 -0.182731946214688
0.0355120031500746 0.144454648477859 0.0292933044107339 -0.182763352440572
0.108995069361084 0.071179344934231 -0.00629448890366783 -0.165573963737586
0.113747011467283 -0.0496475819196609 -0.0731970625788959 -0.111616168064523
0.0429080469512813 -0.101063937296632 -0.0906811842624505 -0.0506720757947768
-0.0204577688720857 -0.0962885610225723 -0.0818966732214739 -0.0254054834484735
-0.0678851870618935 -0.0622646752115669 -0.0754640640647748 -0.0255062487158557
-0.0759977085602458 -0.0334446580146353 -0.0683839448681523 -0.0275895089061331
-0.0808969248422668 -0.0314184378251857 -0.0562170939949244 -0.0557778606232087
-0.0619820108071309 -0.0704664473715341 -0.0232215946149879 -0.0881891744607169
-0.0132778543556911 -0.0977591048274443 0.0397573083953719 -0.10007407102634
0.0595287376709417 -0.110848032456793 0.10076824643081 -0.0400410200124805
0.121909635835085 -0.0152222705232684 0.0989033115184397 0.0310468686630511
0.0908798115528978 0.0937571791959407 0.00133245778352173 0.0438754212706899
0.0353446178785877 0.138756054122017 -0.0323870880680913 -0.102017891617533
-0.032091102655528 0.0484886406177337 -0.0286553768364437 -0.231417553044303
-0.00866434105390508 0.07554211603924 0.0242223368231281 -0.197334710468254
0.0443399565471931 0.0497578864409309 0.00860674838546305 -0.165633388086855
0.0603538043692855 -0.0168305044523233 -0.052125095271885 -0.121835496038574
0.0284681536651676 -0.0515765871107204 -0.0803604719980254 -0.0772100515439304
-0.00690314493597195 -0.0533798858230237 -0.0933943055468871 -0.0511642499170154
-0.0367828817484522 -0.0380710961550174 -0.0962914530604723 -0.0424964557221635
-0.0455147256158754 -0.0219370661558089 -0.0905590556616855 -0.0411118413762458
-0.0508372362898636 -0.0225661702103766 -0.0790409365323443 -0.0703028867821634
-0.0394187990675785 -0.0482161806133649 -0.0385341111135618 -0.1071808723256
-0.00490952821204224 -0.0693811989927514 0.0349980526131939 -0.120118270184621
0.0527846882595556 -0.06776411484653 0.10342306781398 -0.0529132950277281
0.082702694532741 0.012756082328154 0.098007526322823 0.0240648780989196
0.0388183503898644 0.076930309788141 0.000650627722004816 0.0331823504087192
-0.01134398024892 0.0805816836822663 -0.0279680568034391 -0.128405854391119
0.0402311442541386 -0.012798690243067 0.0335416840787814 0.143088387887976
0.0033425458196298 -0.0411260386002912 0.047074125713781 -0.0301159986558801
-0.0335930981717974 -0.0191705655284722 -0.0943171359678907 -0.0549311957858624
-0.0280274684324938 0.0228185168704598 -0.136886579601602 0.0426333511033563
-0.000662031019463703 0.0252119834961382 -0.0641606976681507 0.143991361077534
0.00478668459547325 0.0147184734711371 0.0348168969861013 0.138954394036147
0.00893794799658446 0.0161841072660596 0.0840602425296933 0.0886779132355057
0.00771121389330593 0.0107614447129465 0.0997293376501691 0.0555366661072467
-0.00347858811530039 0.011674184276114 0.104279489423443 0.0446255378240367
-0.013248860540011 0.00334976952153083 0.101037992225877 0.0554684463921625
-0.010606285410936 -0.00177747433511143 0.0814920559108285 0.0824924166581926
-0.0115771705046495 -0.0184540976504769 0.0475701644990067 0.122220357760773
0.0171485092388507 -0.0266505580347434 -0.0118024948002983 0.149784347939597
0.0512427348961559 -0.00268771543657274 -0.0575270603723766 0.176263454332387
0.0458631623272401 0.0276027961081702 -0.00305022468073819 0.230740093257446
0.0628819068307876 0.0568564152648123 0.0111366917589008 0.144750754267948
0.0524869168231819 0.00347633491382089 0.0480879589842406 -0.0292041262739351
0.0241648150798345 -0.0261272948912569 -0.0947603064294047 -0.0687581224403396
0.00176126302611315 -0.024295059513818 -0.15001043830864 0.0318022615921428
-0.00215965403648648 -0.0211942991579906 -0.0807720305763058 0.143802196460827
-0.0162013818928742 -0.0225310324318462 0.0242168880690225 0.141303506950401
-0.0267765466679055 -0.00591302866699476 0.0753181075255323 0.0897918104247762
-0.0276745792851445 -0.00642735479870145 0.0908639743657726 0.0544536103172327
-0.0375663943089101 -0.0126855275791587 0.0980463372218151 0.0359854652811131
-0.0297979050208566 -0.0425106405989664 0.100314299374427 0.0419359489243286
0.00298918708219743 -0.0500403095811398 0.0914560836641406 0.0680254310632805
0.0361854476057788 -0.0545708447388693 0.0676866231579272 0.111282500783436
0.0792492857508661 -0.0104440451525611 0.0146325514267332 0.144212560137682
0.0883487078769438 0.0651237418913986 -0.0341131481060383 0.15801351852172
0.0639054071908789 0.111323086721824 0.00243152162623638 0.194836622841046
0.0678609570378709 0.123971345413912 -0.0116839936940934 0.117010782564096
0.0917583947590135 0.0642362932453571 0.0474181293634281 -0.0419151002604045
0.0878230688353575 -0.016296799887436 -0.0903939515345038 -0.0920350056472234
0.0454595850604125 -0.0678594635392099 -0.160230261375708 0.00895994397887298
0.00463565434083584 -0.0716671507052443 -0.101239279121206 0.129591100510912
-0.0316534556095304 -0.0642261699911423 0.0042561495290307 0.131018759994045
-0.0588393272850088 -0.0319819509745083 0.0552234253445422 0.0811137969171926
-0.0594843358141516 -0.0219556649170684 0.0693592726171495 0.0451792640752934
-0.0679603182608308 -0.029171673573892 0.0790820804660264 0.0194748552939708
-0.0498000239266894 -0.0748233995906637 0.0891299253860256 0.0157620899971034
0.00184411761081945 -0.0914080052116517 0.0989357918160922 0.0356241502037622
0.0621539137215234 -0.0985440277413337 0.0939831857305472 0.0851687422687031
0.130475832529904 -0.0185642209265232 0.0498900726175348 0.13072681503314
0.128366797076711 0.101826183817493 -0.0128745654660808 0.135211883984596
0.085336212845386 0.170478710988597 0.00372492846216554 0.137849032795897
0.0548629583985688 0.175386690999483 -0.0295296798889982 0.0606973411503019
0.111222222383845 0.128418596524509 0.0453049649912056 -0.0686280020797505
0.141876937903938 0.0122429360330084 -0.0759624820444084 -0.120405497225628
0.095750776482454 -0.0947688119325199 -0.157314625102124 -0.0267482413388164
0.0206447439390401 -0.114629839090339 -0.116344384313224 0.0938550901207846
-0.038950129468754 -0.101469645020092 -0.0212688065319668 0.104756993860317
-0.0811507936329989 -0.0569336373024945 0.02377367584837 0.061808157215947
-0.0831570113911059 -0.0352181979719874 0.0381201326805326 0.0305992337386064
-0.0890957241016528 -0.0379790596946812 0.0491380705784835 2.66244540276702E-05
-0.0674369704093318 -0.0917945168618529 0.0668933636035606 -0.0142117237996695
-0.00781038861029674 -0.116994638361823 0.0947533340397813 -0.0047254818509466
0.0677938908383316 -0.134024941407542 0.111198609599907 0.0481601682774689
0.157676902065314 -0.0365280346303519 0.0794820714127459 0.106070482604466
0.154029713678205 0.111779098041845 0.000462269806569943 0.110074523854514
0.0989032323525902 0.198688501349703 -0.00380055781096577 0.0715397299216056
0.028483014559815 0.195973261582073 -0.0362312284461412 -0.0183022613628994
0.0998130572822607 0.175258722689908 0.0436632053265437 -0.106408277031157
0.165612380062948 0.0505558380215695 -0.0515030424997032 -0.144958200236555
0.133916368754855 -0.0943530921928541 -0.135224055463124 -0.0666179782850725
0.0393005134432548 -0.135710421440179 -0.118158695756568 0.0420960317537299
-0.0356088195257287 -0.122916894521739 -0.0469064993564671 0.0622866308047238
-0.0893651579651696 -0.0741688723564598 -0.0120310461715958 0.0331633298559591
-0.0940978418604436 -0.0427155150508032 0.00121694250463193 0.0107300207712196
-0.0985892714560173 -0.0407839670579948 0.0138687537884532 -0.0200015049312233
-0.076130520488421 -0.0944270797385837 0.036864016488342 -0.0420262076889127
-0.0157019457308498 -0.124734601030497 0.078661423819069 -0.0429977166432473
0.0649077224403131 -0.147219090156845 0.114432095955418 0.0112763400043194
0.161637800395957 -0.0440483228489229 0.095425888828026 0.0776846580064169
0.15328168153085 0.109724094009014 0.00336850224051894 0.0853331695559736
0.0932043057423941 0.198795656420236 -0.0160173299656731 0.00584360757660214
0.000975169901205894 0.177740072547276 -0.0317152913807951 -0.103229051695756
0.0654001563935129 0.182013539835797 0.0436591650826349 -0.145521518844433
0.148080604878587 0.0774435970781557 -0.0194435195461228 -0.160205477508311
0.13985130339304 -0.0707065808450915 -0.0980985460526332 -0.0984703856470047
0.0506430416909543 -0.126529461362662 -0.105459435604206 -0.0134507127834772
-0.0261715269930288 -0.120287005103109 -0.0669836567387171 0.0132034453643422
-0.0832175506777318 -0.0770439900513583 -0.0468088195465905 0.00088745941026777
-0.0902026300783706 -0.0435545522671689 -0.0351784774647895 -0.00985621908751973
-0.0947711780726316 -0.039656951967428 -0.0213647270485524 -0.0389091387892108
-0.0733281406424009 -0.0869258147510467 0.00609064174866063 -0.0656629094256589
-0.0158175039723731 -0.117180039967156 0.0595609817799417 -0.0727346133844283
0.0638056002035151 -0.13606997719125 0.109561476640336 -0.0172563269377983
0.148002712038761 -0.0322594347201653 0.0982389283504441 0.0535294686623885
0.126930039153274 0.104588874189304 -0.000169526625692549 0.0634079878270539
0.0680323971166159 0.175706734600162 -0.0267986092993019 -0.0517702747075088
-0.0218208678751636 0.123737244691073 -0.0203170552471264 -0.176232772415506
0.0228781352491496 0.143683694902633 0.0434728093205797 -0.17451193226035
0.0987924703934311 0.0768659353867002 0.00794034075037421 -0.162687307530842
0.109797670701575 -0.0398884452063508 -0.0625596446551512 -0.11667897755697
0.0463654409815734 -0.0934464101931367 -0.0868042274151602 -0.0567700937543463
-0.0155629429515015 -0.0934468413765063 -0.0804187565614057 -0.0290552260955286
-0.0631549606549546 -0.064080505623952 -0.0754809986009023 -0.026340234463748
-0.0723924549008357 -0.0370495395770409 -0.0662991154199125 -0.0283240844493703
-0.0776152018742409 -0.0340845812401888 -0.0524766522041325 -0.0561252888021857
-0.0586499822806154 -0.0718466232566146 -0.0185326355866479 -0.0868977123793726
-0.00925039167785487 -0.0976508918128209 0.0461275232118085 -0.0966253790155528
0.062055736482411 -0.105038680589801 0.104886785350089 -0.035502440160449
0.120771390149154 -0.0086696902776643 0.0954711339506576 0.0375736821662089
0.0844647943438075 0.0953968707674291 -0.00363623945628219 0.0457368725474037
0.0288477113717864 0.13391766881973 -0.0293588127420183 -0.0958877592682207
-0.0373123453717698 0.0468363062621928 -0.0121134470565036 -0.222603434142649
-0.0152358771834451 0.0735008545764339 0.0368736554840585 -0.187704906507398
0.037540668143373 0.0517472133869272 0.0215840153099344 -0.159451771904854
0.0571120961884506 -0.0110297705615737 -0.0425068666721742 -0.123073012623658
0.0289768767408641 -0.0469972991079455 -0.0757309267904492 -0.0801932459545211
-0.00469645713193382 -0.0512546648434324 -0.0893592475300938 -0.0536711407904149
-0.0343486228137353 -0.0393698886591669 -0.0942912402049284 -0.0431888227880424
-0.043169581427777 -0.0240733734399223 -0.08707010304931 -0.0416941841996669
-0.0491544817935563 -0.0243867531955728 -0.0735484368723372 -0.0699868005879572
-0.037463946617821 -0.0490691585781286 -0.0329987763268853 -0.105691082696832
-0.00205209287668138 -0.0690515275279575 0.0409566271583339 -0.115276760714151
0.0546541368647046 -0.0645433880964278 0.106452302267197 -0.0460179370922301
0.0818142461969762 0.0161757655275604 0.0930738276214447 0.0304485891449258
0.0340130857039905 0.0766368445948293 -0.00350976698842742 0.0339406869573936
-0.0145630060572635 0.076340699685329 -0.0228178026514158 -0.123011554449912
0.0398273550170858 -0.0111583790399214 0.0313354931007481 0.141438489879099
0.00422589582188448 -0.0407847088010196 0.0479398602821546 -0.0303964166412052
-0.032987678986529 -0.0200596381449793 -0.0927009874822192 -0.0568001904834954
-0.0280885410606476 0.0222837393258254 -0.137685681720598 0.0397444790045473
-0.00127625154437333 0.0254837650847938 -0.0654433928472918 0.14196100147387
0.00453876354746954 0.0155170417189463 0.0331364166021843 0.138514276055018
0.00907395396334422 0.016165695819663 0.0815737238219153 0.0890587327424502
0.00743315937683812 0.0105965181489953 0.0984163019303911 0.0555405564020905
-0.00388960345280887 0.0114316758166861 0.103757118330047 0.0445796598356796
-0.0133934632336792 0.0034520739492491 0.100238244117828 0.056629309923613
-0.010445002440669 -0.00260711658717222 0.0794287594288606 0.0841780709384335
-0.0112691993881246 -0.0184774696321639 0.044850904837913 0.121378225656476
0.0176274222355036 -0.0255234231663515 -0.0163980827630622 0.147720402359996
0.0506921244687242 -0.00196280006878541 -0.060529713589991 0.173658148904152
0.0440046251543734 0.0287635318463036 -0.00663806046513529 0.228026649543049
0.0605007779504702 0.0567991630168768 0.00914654361463365 0.14288167725213
0.0521058789796322 0.00458063874021709 0.0490791695263752 -0.0287748889980219
0.0236583840053733 -0.0260230552508073 -0.0922812595909969 -0.0703126544584644
0.00215806558409859 -0.0240612519112164 -0.14931686749491 0.0283960806532538
-0.00198017564245803 -0.0203195150256736 -0.0819360050872881 0.142396961192677
-0.0164130440357311 -0.0220336777596324 0.0221960893808016 0.140701870472447
-0.0268301338104739 -0.00616189589219277 0.0735087053261441 0.090286765521672
-0.0271940591206697 -0.00664659055769516 0.0901914430797368 0.0542420561721349
-0.0371393855387265 -0.0129190307273827 0.0975328198121714 0.036237582533462
-0.029321475152737 -0.0424033461843778 0.0994443222620383 0.0429343604866703
0.00422220957288227 -0.0499886408210409 0.0896353069146743 0.0696393241259915
0.0367731021218295 -0.0534969823000336 0.064815384794541 0.111151414946203
0.078599689133197 -0.0088695202114842 0.0100596051610209 0.142810448596037
0.0866338080154796 0.0654209852320471 -0.0372323689275824 0.156159619502158
0.060868482965415 0.111704649141417 -0.00101996164995354 0.193167477660915
0.0646251142607458 0.122844517029314 -0.01256839105224 0.115510763658891
0.0907875158403974 0.0646941132526647 0.0488733825077366 -0.0411245100630228
0.0861661923713353 -0.0151841254710076 -0.087404324371267 -0.0928655794240604
0.0455025504218985 -0.0662116328622815 -0.159362595324261 0.0057719196888685
0.00459955968957004 -0.0704292281001619 -0.100975151888399 0.127282061029852
-0.0320206243219217 -0.0637008230231297 0.00290560579308309 0.130412788338647
-0.0578970762522461 -0.0324661847432579 0.05321122605478 0.081014159012365
-0.0586683951263891 -0.022419912629988 0.068723319402021 0.0457981090642537
-0.0668709120078756 -0.0289207021370824 0.0783380159967758 0.0196668457515458
-0.0495515994844353 -0.0748854178427216 0.0889942569789059 0.0171282279798829
0.00322349941971587 -0.0905838954005398 0.0976981940421291 0.0372208983156954
0.0621835835746879 -0.0964384662782712 0.0912086381521023 0.0866148069434462
0.128908790828231 -0.0165769683621378 0.04541917059179 0.129926972171277
0.125979922700941 0.102400873259485 -0.0155054652235896 0.134008395330164
0.08092042920713 0.170286499446215 0.00130010448326482 0.136939455479563
0.0510189947050659 0.172503051052058 -0.0292902383663126 0.0595701729263863
0.108089915595161 0.129287762083599 0.0480534917138672 -0.0671297438986667
0.139065967102192 0.0138569267069957 -0.0721266625741243 -0.120280213095416
0.0948789537747313 -0.0918728491373377 -0.155025388349447 -0.0299225311330716
0.0204965221799203 -0.112926641679829 -0.115778478680075 0.0924103831163515
-0.038489315625697 -0.100668994560305 -0.0230160889578481 0.103689076898582
-0.0798194505818683 -0.057232086552254 0.0224813168311014 0.0621840610542072
-0.0815593619332079 -0.0355334176565161 0.0372150552976604 0.031244331452577
-0.0876458033088321 -0.0380658356742089 0.0489276983537144 0.000631398651762288
-0.0667015687298932 -0.0921771518360302 0.0674839859307697 -0.012626909692016
-0.00615837973107628 -0.115726395056781 0.0941296914222648 -0.00334559365199652
0.0681126200616227 -0.132105887214973 0.109555561636011 0.0505436233048563
0.156809778558216 -0.0338484599615917 0.0760698428913784 0.106465390749291
0.150740659437497 0.113205428581025 -0.00203256072256758 0.109384353655066
0.0929884617331157 0.197945577083791 -0.00552420953675099 0.0716855957129743
0.024219747254138 0.192729784562685 -0.0346754416289998 -0.0182905452524459
0.096406263472204 0.175201793398654 0.046410793573612 -0.103745683609712
0.16212956526212 0.0521955263283265 -0.0463801087210048 -0.14458026783566
0.132361391520864 -0.0908422114924722 -0.132149995601585 -0.0681970128549546
0.0392751573392839 -0.133522279336617 -0.116901440085374 0.0405959894216123
-0.0352013453560329 -0.122418330399062 -0.0482920925952597 0.0610040884089408
-0.0880752171854666 -0.074358176271313 -0.0132361275954936 0.033168666139616
-0.0920756476271646 -0.043218066325736 0.00123052341906423 0.0120931723812273
-0.0966330710299097 -0.0410952800930752 0.0144947328827998 -0.0196337208627032
-0.0748351664102716 -0.0944250829405532 0.0378009342200074 -0.0409114530699635
-0.014116513314268 -0.12368469236582 0.0791098448330757 -0.0415553839372743
0.0653904285907406 -0.145240710790423 0.113600846626387 0.0134122143913401
0.160792326294391 -0.0416972687960629 0.0920682938087271 0.0779360152684082
0.149989610871876 0.111013289825298 0.00169332599807513 0.084933106214247
0.0880318159369071 0.197328539109548 -0.0171423778038409 0.00663673886228033
-0.00253365118200693 0.174718250231404 -0.0288019392066287 -0.102096084006216
0.0621704771362329 0.181458537866352 0.0468329214967767 -0.142015951615132
0.144160153741182 0.0786862596070095 -0.0149483987055149 -0.1583382639452
0.138715373249643 -0.0670101480089948 -0.0942590850591645 -0.0996475105850445
0.0503706040128111 -0.124805520568371 -0.103783926588909 -0.014168674676773
-0.0263605605036113 -0.119856458604257 -0.0673881367117539 0.0120266432767675
-0.0819473564383692 -0.0770026070416748 -0.0471088127335854 0.000909343024863324
-0.088334739632071 -0.0442863554432867 -0.0350305333723929 -0.00896544963743819
-0.0927385243543434 -0.0395478424501395 -0.0210226776034283 -0.0386222625804616
-0.0717116384156978 -0.0870148591658823 0.00748115112392563 -0.0649631572630525
-0.0143450116822609 -0.116288959310761 0.0610607655820689 -0.0723713083960753
0.0631988030948352 -0.133648836304768 0.109491020419248 -0.0146043169560648
0.146684203237242 -0.030605487389963 0.0957453604308414 0.0546257456409878
0.124415239532696 0.105435735827084 -0.00144816489879693 0.0631311660300708
0.0633397313210029 0.174116022452718 -0.0268089188152124 -0.0501952689497525
-0.0239840833002136 0.120793147172008 -0.0165462114574646 -0.174176952721362
0.0200104505487143 0.142344998675747 0.0471224569564787 -0.170518775022836
0.095596200620471 0.0776607759224009 0.0124190962332586 -0.161030886160191
0.108892635623913 -0.0366524401428344 -0.0586832308885054 -0.116972802882196
0.0461596180973148 -0.0917594340201233 -0.0853358628352981 -0.0568936690293208
-0.0151075323907331 -0.0929586636905802 -0.080215897413347 -0.030086369029931
-0.0626114427430101 -0.0639663034272519 -0.0756743818123264 -0.0262458096900374
-0.071093034019756 -0.037294691487475 -0.0653945932050985 -0.0270403199894691
-0.0755060763215518 -0.0340367315687671 -0.0513580183391873 -0.0554159749566861
-0.0575392324197479 -0.0709483106002596 -0.0165912958246292 -0.0859040115002515
-0.00825257658495703 -0.0965610174557442 0.0474018405516809 -0.0955383547821866
0.061590343634419 -0.10334672867834 0.10502725670478 -0.032694532663215
0.119294630673335 -0.00723330889681687 0.0933725730705049 0.0382374656241184
0.081870168944066 0.0956413129342904 -0.00479452993211461 0.0455797783181185
0.0256249093932567 0.132058791589381 -0.0292684535611194 -0.0943478876319886
-0.0382221672324055 0.0448287607263362 -0.00786551979688738 -0.220171657220463
-0.0170518015300524 0.0722425640562529 0.0406674599172412 -0.184146536193572
0.0359813268738877 0.0517963078353535 0.0255391337281959 -0.157429309497152
0.0561733428189147 -0.00963635479041862 -0.0392572485766069 -0.122596746062517
0.0286108374112138 -0.0463972905445828 -0.0741122618038215 -0.0803179305666654
-0.0039405381465417 -0.0508945204724627 -0.0889735242817041 -0.0550863948655239
-0.0338193074917698 -0.0396709960555765 -0.09398995131232 -0.0429211286954328
-0.0422097270850707 -0.0250834884174888 -0.0859050625929021 -0.0405004355670336
-0.046758697157974 -0.0246068897442146 -0.0719486723180577 -0.0690015390975356
-0.0363054554497514 -0.0483592833452467 -0.0312351532494685 -0.104671100223882
-0.00132015701974068 -0.0682661267160927 0.0429100941678123 -0.114463208931245
0.0547198980960869 -0.0629532429406965 0.107199429010536 -0.0437605490536895
0.0807427764731314 0.0174645183874519 0.091702916487763 0.0311215603203745
0.0319359251695083 0.0764682100116059 -0.00432020577648631 0.0335605429786138
-0.0157354170795606 0.0746100778683649 -0.0223422492878623 -0.120752888985122
0.039861805373585 -0.0104751836384218 0.0306166562428259 0.142963893980925
0.00495711596372467 -0.0416078678486252 0.04991521832455 -0.0314665345173657
-0.0334540076370241 -0.0207307402774297 -0.0938284899115103 -0.060076361722586
-0.027935926962666 0.0223598207693319 -0.141746360722754 0.0386874047683066
-0.00130514018734473 0.0264669731278465 -0.0679793553697068 0.143861650852397
0.00471926254020299 0.0163158470621373 0.0325206718611619 0.142081760472325
0.00922291993812722 0.0171313476112265 0.082900661426109 0.0911168179923547
0.00742433849995717 0.0106779953036082 0.100193795313316 0.0558983324964517
-0.00362289444537604 0.0118232258710633 0.106138408611892 0.04539023950004
-0.013827811412344 0.00388144042441328 0.102229953736621 0.0589459041566729
-0.0103616156871633 -0.00345031055383862 0.0799150309190134 0.0869262203506348
-0.011290509321722 -0.0186368365541496 0.0430144625430231 0.123948935859975
0.0186230709441269 -0.025562744140946 -0.0207020384715009 0.150547480399633
0.0516135379642583 -0.00196612535493194 -0.0652165163842643 0.175666876171148
0.0445628538270881 0.0305394733545651 -0.00893645419934128 0.231644444544146
0.0600466244177738 0.0582439599839197 0.00810778520618011 0.144248198241804
0.0529421982614701 0.00467396011083489 0.0509419348414778 -0.029668656423436
0.0237928678017087 -0.0267124785149725 -0.0932241363755996 -0.0732909071386454
0.00207678952369153 -0.0240029256764432 -0.153734380450452 0.0267849662042766
-0.00260653448918059 -0.0201018541216884 -0.0847628189530852 0.14364693435191
-0.0167656759176916 -0.0221102412341844 0.0213326457962875 0.143772146806659
-0.0265240054521651 -0.00633493103387363 0.0744460074349711 0.0923538403727071
-0.0276041463872562 -0.00703009102228063 0.0921815055500519 0.0553004714551801
-0.0379554540887004 -0.0126229421689234 0.0994977924100037 0.0367097293515521
-0.0307724042639869 -0.0432392261529697 0.101978484651846 0.0447111730875754
0.00452808257774774 -0.0519071237537938 0.0908696686820598 0.0719424178439843
0.0376529950188855 -0.0540229904923388 0.0633316474916949 0.114314087489909
0.0800794479425482 -0.0079771367894765 0.00619712924391392 0.145485925198117
0.0871756455412154 0.0675889551123961 -0.0409482844980113 0.158194230320542
0.0596734474743947 0.11469345389007 -0.00317937799345122 0.196307535387104
0.0630298628019043 0.124786312935179 -0.0133042320072954 0.116708526134245
0.0916298415168677 0.0667417562588652 0.0514127301673954 -0.0415378731814323
0.0866155738621475 -0.015426128571831 -0.0872678598165298 -0.0957216250640985
0.04618387002276 -0.0669847739182539 -0.162115845362577 0.00350779826293941
0.00463786625964713 -0.0709354601569141 -0.103520439355047 0.128624169879968
-0.0326282752810177 -0.0645599578236771 0.00123824757262864 0.133093972229448
-0.0588252014164787 -0.033019356138969 0.0532981029022856 0.0832369617825687
-0.059505463052164 -0.0230192218080144 0.0701131754468393 0.0470076042191492
-0.0675701925139914 -0.0299403005512868 0.0800261445392734 0.0210890368919243
-0.0510450578342662 -0.0763408589857383 0.090960311386768 0.0185191516790584
0.00434742313764704 -0.09288697671498 0.0998574556723437 0.0387303101303222
0.0635576695646249 -0.0980737444484871 0.0916284860881471 0.0900087269988414
0.13133790242747 -0.0152654054238957 0.0432762559768095 0.132645234854137
0.126750061665261 0.106105384236051 -0.0180899207050774 0.136403709815917
0.0790820426033414 0.174263477291557 -0.000840326939826376 0.140067601183908
0.0488441743855941 0.174495995537075 -0.0293051605750354 0.0600565546856443
0.108942681038662 0.132432115742664 0.0508560411029133 -0.0675516034140353
0.140337322110935 0.015631618919905 -0.0701249863696726 -0.12389039808321
0.09644868044472 -0.0921722690366386 -0.157574960044361 -0.0325280219890199
0.0209148491237867 -0.114444138304454 -0.117366289975389 0.0938321215633052
-0.0395348504333934 -0.102265841009882 -0.0240153205191079 0.105704276987689
-0.0809566528302021 -0.0586222769430589 0.021947127677292 0.0635919017830341
-0.0818516336538851 -0.0363832318078002 0.0384149259523699 0.0328701096334988
-0.0881364341600938 -0.0392197817229204 0.050109562863901 0.00053026793627627
-0.0679802145769574 -0.0940932079106954 0.0694877755695809 -0.0123102296379608
-0.00572079630038151 -0.118897224770961 0.0967640085645882 -0.00250641509659323
0.0696090538900781 -0.134078136440317 0.110926873044732 0.0532499459772638
0.15980248742547 -0.0333426103752566 0.0743879347696661 0.108605091172439
0.152771424133412 0.117209398133999 -0.00423905395119692 0.111187053539194
0.0914097084841409 0.202269278145498 -0.00715021251451125 0.073898708261561
0.022026899642318 0.194968429535535 -0.033993896323268 -0.0189217999393761
0.0965296078169 0.179597044556315 0.0501714595181157 -0.104281362627254
0.16315644700237 0.0544633520201577 -0.044003990589766 -0.147859505218883
0.135204771025324 -0.0909057120238052 -0.132872736422533 -0.0716862763954681
0.0400182842990188 -0.135169265110296 -0.118335629567783 0.0411425972140963
-0.0364896407853905 -0.124475792151117 -0.0494114399836109 0.0624849744660311
-0.0898187509636001 -0.0762511321653094 -0.0138990668609301 0.0345994047971509
-0.0931484213917794 -0.0445282129842427 0.00150275008191707 0.0131423092057317
-0.0974147096762657 -0.0418534375148387 0.0150146195647441 -0.0195137490423252
-0.076369330216375 -0.096404409920238 0.0398244670818107 -0.0411259576247865
-0.013391233261431 -0.126402021386651 0.0816384752936514 -0.0422895589536823
0.066454595648827 -0.147582790077807 0.116038526193871 0.0161782781350275
0.163419421409382 -0.0412869448994987 0.091980140133049 0.0803654669384807
0.151860002511691 0.114847457674414 -0.000235646533766736 0.0867440072831827
0.086515454848727 0.201909865867453 -0.0183049124690153 0.00804568162699631
-0.00511640654389706 0.175895266574584 -0.0270591689589234 -0.103228263737001
0.061294862615344 0.185744310090646 0.0511712291581469 -0.142972692396162
0.144580825621397 0.0817644075693805 -0.0110626953332352 -0.161588123864597
0.140907213897803 -0.0664190472348368 -0.09428248080741 -0.102760215842736
0.0513174778557921 -0.126699569966549 -0.104392728926184 -0.014512228811124
-0.026737404172103 -0.121782131892667 -0.0692781162433988 0.0119875081024099
-0.0837676411515241 -0.0788360192476279 -0.0492091876749665 0.0018480753263285
-0.0889635254637751 -0.0455176949198299 -0.0347393697309039 -0.00786876599645794
-0.0929225820929375 -0.0402107097980663 -0.0208109953171147 -0.0385881093202662
-0.0730529577832429 -0.0886364073219986 0.00909538582933508 -0.0657396589158651
-0.0136133585201182 -0.118470638820785 0.0631613125448005 -0.0736592804394724
0.0639480253593541 -0.13555919639949 0.112159321133576 -0.012830324231614
0.148804267636433 -0.0307975274962113 0.0960489196218805 0.0561154667767591
0.125468480399806 0.108617315261924 -0.00273398037962632 0.0649170985859776
0.0615239400935447 0.177624245848115 -0.0280057768130631 -0.0498806465525833
-0.0262875671207042 0.121817993919826 -0.0139151735106841 -0.177242321046919
0.0184505872141514 0.145183324641145 0.0510167055204967 -0.171272893676163
0.0957998508721956 0.0805026810390948 0.016062263934329 -0.164187509352707
0.110566746979471 -0.0358716975083801 -0.0577352058359464 -0.120071867134623
0.0466328042123235 -0.0931489625946378 -0.0855304611126217 -0.0583767922544109
-0.0160779408499622 -0.0949756540226447 -0.0822663502912685 -0.0311781588234258
-0.0638745160961394 -0.0649091882899789 -0.0779731534290585 -0.0260349332942125
-0.0714148259020369 -0.0381630548172221 -0.0666894413726222 -0.0268195057624198
-0.0754534049549246 -0.0350282432424761 -0.0519741405417954 -0.055858414824964
-0.0578983449989824 -0.0722443163699828 -0.0158025603959976 -0.0874999344528721
-0.00756751543984634 -0.0985565084878804 0.050145759366899 -0.0969523044841789
0.062493673818796 -0.104686245580753 0.108192435630117 -0.0319589003148051
0.120879130022629 -0.0062980513843025 0.094076781569787 0.0400705182381568
0.0824034932043969 0.0989344922786569 -0.00545708273852133 0.0468211627450023
0.0237161178956444 0.134271476036462 -0.0302172868609601 -0.0945477496568342
-0.0391732749447883 0.0443182683017444 -0.00440569870289056 -0.223006372047979
-0.0185500468602324 0.0732869469383571 0.0448556987788874 -0.184684147276157
0.0357463297187577 0.0530190938093915 0.0292022741369726 -0.160311901670184
0.0571332216348549 -0.00879178159458765 -0.0372352280110237 -0.125481631004421
0.0290039184680698 -0.0468296010530131 -0.0742882908650224 -0.0824944201536907
-0.00455064861786481 -0.0518029276862427 -0.0917958657198856 -0.0564403869309281
-0.0344567852464354 -0.0402681195546326 -0.0968023878914655 -0.0431122178984472
-0.0421120832099056 -0.0252676129736347 -0.0871047143502102 -0.0402165543444105
-0.0470354672003918 -0.0255136101178199 -0.0732088247474643 -0.0696583831761851
-0.0358391783381189 -0.0492882346570357 -0.0310379430341246 -0.106557755795571
-0.000982455730704988 -0.0687777243296183 0.0447415948446833 -0.1157974833817
0.0554773526094205 -0.0634907709424717 0.109936979029194 -0.0430047934739139
0.0817352972831025 0.0184089477043404 0.0925884992747728 0.0333094101018133
0.0319462887595854 0.0778094954863907 -0.00606785302460067 0.0349101452705726
-0.0177107852830957 0.0744430827307501 -0.0227691383795151 -0.121484106084305
0.0404648289163723 -0.0104725387387446 0.0331516320372582 0.14644245489055
0.00456682301759677 -0.0432726916640877 0.051178909526248 -0.0335680089819853
-0.0353136223044796 -0.0212345107549043 -0.0983061306273825 -0.0616224048859297
-0.0283631026998743 0.0235343276475047 -0.147054894925918 0.0415892005696394
-0.000679337915842055 0.0275965179989958 -0.0686012471643038 0.150205053840763
0.00516394286856509 0.0176107853705868 0.0365965134722492 0.146776411909389
0.0102895940256666 0.0173066257196333 0.0872209431137381 0.0928962896745489
0.00752813180534256 0.0108344408732428 0.104884124096939 0.0551272161686177
-0.00406399763674403 0.0124917561335115 0.11125896140197 0.0445727866715093
-0.01472213426719 0.0042153478360749 0.107654556695834 0.0596451156723389
-0.0109614605411455 -0.00380553404693427 0.0838632509858714 0.0901454093728503
-0.0116035015934562 -0.0197217336140019 0.0449592132520774 0.127687337120482
0.0188687416745893 -0.0267058042460337 -0.0216133761856214 0.156386296984603
0.0535060019406318 -0.00288991043079673 -0.0666977450591936 0.182996938024617
0.0458242123248422 0.0321269386512801 -0.00633868275363166 0.239126532670641
0.062028350372891 0.0596949384936263 0.0109236285352438 0.148055931235601
0.0558810967804826 0.00406331125720938 0.0532495681707412 -0.0323128340215703
0.022910251762799 -0.0279728110868159 -0.0974428919005355 -0.075776685927676
0.00152870481484759 -0.0254371108163828 -0.159853115448764 0.02944637954559
-0.00292672167908667 -0.0206388374588259 -0.0850336591541067 0.149838782706993
-0.0180340015684424 -0.0215833686318607 0.0248601067071686 0.149332087909683
-0.0273125653228985 -0.0059267649875001 0.0785324776226217 0.0942033320418173
-0.0287023115953495 -0.00642713566381988 0.0966611485838366 0.0544639472339311
-0.0395264211076018 -0.0123761028185713 0.104308171382084 0.0358348701163733
-0.0333044886464854 -0.043712484827127 0.107158030141792 0.0450936887553995
0.00411310723612799 -0.0543831658733404 0.0951518230400704 0.0744487229995303
0.0374962197185503 -0.056631932125855 0.06698409368516 0.11812549156289
0.0826911127768741 -0.00966019319290817 0.00631202823956895 0.150767628988446
0.09129872815829 0.0685572881943424 -0.0418631870533739 0.165439306807083
0.0627946804775728 0.118834024158038 -0.000495743993819452 0.203388905596438
0.0655720504637415 0.127116374563855 -0.0117964755075275 0.120428019443514
0.0963196717683866 0.0675178296169094 0.0537787854109786 -0.0442747484604622
0.0880860855343397 -0.0171613647765231 -0.0902977179213414 -0.098944196499026
0.0460686095959637 -0.0694349820097081 -0.168400672111176 0.00519751179498406
0.00342883647071755 -0.072843281595826 -0.104367229816124 0.134897038218891
-0.0356407585416348 -0.0657613328028614 0.00404839068718598 0.138328818510833
-0.0618049588026564 -0.0327251705878993 0.0563498051497215 0.0852672670838328
-0.0615820946772772 -0.0226299126008067 0.0736793309875472 0.0473753821445499
-0.0700324299632605 -0.028842907121136 0.0831479548283386 0.0193413269961351
-0.0547855547282355 -0.0781027786945857 0.0957524792628018 0.0177006260602689
0.00281289319056287 -0.0967766099412261 0.103846445634992 0.0391032439079453
0.0636858311005733 -0.102255319400467 0.0958713854747331 0.0925206076365906
0.135238422428017 -0.0181618953014978 0.04388806207707 0.136767947531695
0.132428045237185 0.108049449489341 -0.0178734795546488 0.141924816829347
0.0831268798634881 0.179314836649181 0.000847655529754986 0.14531417381239
0.0513299484165944 0.178911592473223 -0.0282789454663612 0.0626320623171571
0.115030036006932 0.135157025655069 0.0532812451925958 -0.0708308148153972
0.143734074667438 0.0133280603282737 -0.0736277098326637 -0.128010405729048
0.0975614960205178 -0.0967872174146943 -0.163570022505762 -0.0326094323537504
0.0189017877190546 -0.11798866484752 -0.119184132314409 0.098783061693153
-0.0440385768147673 -0.104755845093881 -0.0233321957510588 0.110075220886265
-0.0853581740734679 -0.0585352437671294 0.0234033511145381 0.0655687549851836
-0.0852827060074669 -0.0360016171653993 0.0408126779061459 0.0333595662412111
-0.0914763298167658 -0.0383476855679375 0.0518962946904692 -5.08422242881257E-05
-0.0731855247135834 -0.0955362833717373 0.072935198577746 -0.0138669177143948
-0.00745467877889787 -0.123335440248919 0.100421140362657 -0.00456701658351057
0.0686142504187777 -0.13966379298004 0.11617663375338 0.0547255725143419
0.164375195633461 -0.0370818679617513 0.0770052633363708 0.111524767070691
0.159486102857978 0.119700283906435 -0.00314270448737382 0.116170532894156
0.0956539216836631 0.208056053480303 -0.00732279118777801 0.0769465237416846
0.023725939136418 0.200154373081787 -0.034070296892717 -0.0187298912932831
0.102611025810542 0.184300173070755 0.0523350424373463 -0.108141149125541
0.168779093518546 0.0544816137278045 -0.045195033976791 -0.152367707286068
0.137367452352492 -0.0955547159085168 -0.138194858210508 -0.0733422227644868
0.0383182651982 -0.140037547716657 -0.120382682071568 0.0447778863886736
-0.0410106180224659 -0.128039362183026 -0.0504926944778234 0.0649231204816553
-0.094549340818937 -0.0766663734355155 -0.014776068952594 0.0366496727287955
-0.0966967667585907 -0.0439192784667818 0.0028807188509912 0.0144642996232897
-0.100725523025631 -0.0414260494757938 0.0150128122740729 -0.0202999293116845
-0.0816919561655416 -0.0978144826575324 0.0416761787380993 -0.0429035521711354
-0.0158268222187219 -0.131361663752408 0.0843000435702095 -0.0450630323093491
0.0651451092361899 -0.153704203605362 0.120975311842069 0.0158844986908536
0.168014368619091 -0.0456699068863167 0.0947321635447622 0.0818266770244069
0.15904416234133 0.116666843223835 -0.00019679342895929 0.0901100519299566
0.0907125944846918 0.206758933480335 -0.0197098789945304 0.00949074619234214
-0.00430880137554518 0.181170496000286 -0.0279315140757132 -0.107101649601848
0.066176558735376 0.191418388574131 0.052497990504166 -0.147077230323058
0.150242467263305 0.0824124213316473 -0.0121211358222371 -0.16684687220811
0.144139990104379 -0.0706906565429117 -0.0977738195111099 -0.105665492832216
0.0500610031302072 -0.13126426523996 -0.106947425923401 -0.0125233005711783
-0.031676807492934 -0.12560869958169 -0.0720727033443712 0.0137794839221556
-0.0887847428474462 -0.0790628149364578 -0.0517944745033054 0.00365469551516769
-0.0926354315928063 -0.0453358220816283 -0.0357620041586883 -0.00628071995856574
-0.096148551387566 -0.040000825093244 -0.0221142361656081 -0.0392131563628469
-0.0778889357817444 -0.0893839611837265 0.00896451452795084 -0.0682822740641452
-0.0161493184666931 -0.122719316757222 0.06444909279148 -0.0769637779344139
0.0630634423052422 -0.141020681560541 0.116952577743001 -0.0141970989536074
0.153849543782105 -0.0339180705863836 0.0988821392521824 0.0571235644407798
0.131681948761044 0.110850430296085 -0.00293111670454791 0.0675664545871102
0.0650555661504505 0.182182005405346 -0.0310318361393422 -0.0499831323091992
-0.0267053396152089 0.125182172092052 -0.0149294377110825 -0.182297988882455
0.0213162382159041 0.150147947303406 0.0520567430357879 -0.17645496601287
0.0995204796977204 0.0815282349280278 0.0164031724894324 -0.16960085343136
0.112787661981534 -0.0381621140118522 -0.0600467099741782 -0.12327751232431
0.0456567825017952 -0.0970805743237601 -0.0890512061303815 -0.0586085206165742
-0.019342782728624 -0.0973594932105365 -0.0866119292082152 -0.0307977515540769
-0.0680085276635191 -0.0657324097308698 -0.0822874645984276 -0.0246960322337607
-0.0740155549646486 -0.0386356945352555 -0.0687117709267313 -0.0246330337267207
-0.0779756178142539 -0.0342976128388948 -0.0542108425234015 -0.0565578931617553
-0.0616934045876149 -0.0728943974287443 -0.0170488351507161 -0.0902191428979143
-0.009571402823275 -0.101444714236917 0.0504470105358531 -0.102283468220806
0.0620889093192698 -0.109091998170535 0.112764904023353 -0.0341300817236261
0.124698866682453 -0.00881837502398063 0.0975869475630398 0.0404341542571638
0.0862441333446637 0.100852826488924 -0.00586760353003044 0.048794362748947
0.0256299677152723 0.13731668436602 -0.0344517800142526 -0.0956638995738795
-0.0409239772658464 0.0459905770712946 -0.0054925059845206 -0.230055015662507
-0.0183295001703561 0.0761297115206434 0.0456484360520097 -0.190365810007192
0.0373740273651874 0.0542918054062312 0.0296872250659749 -0.166344341200933
0.0585245333916939 -0.00921695613461354 -0.0391881969833871 -0.129135766501013
0.0285368171437705 -0.0489676404776381 -0.0779940538310223 -0.0834487191057959
-0.00611540435833153 -0.0531914020450112 -0.0970671323554016 -0.0569871578285644
-0.0365099704983303 -0.0402931904787108 -0.102346912808007 -0.0410906410136105
-0.0434794160057153 -0.0259682809152612 -0.0905982893782795 -0.0392113218056513
-0.0477706689009814 -0.0254496425955588 -0.0762411232365538 -0.070328290232992
-0.0382162045768736 -0.0500072957820371 -0.0330191836237765 -0.110062173024974
-0.00191696907021564 -0.0710790973311015 0.0451126666951381 -0.121093988466907
0.0558277325561736 -0.0661624438689194 0.114062214390458 -0.0455604638033524
0.0846929506543686 0.0177919048741736 0.0959361844083851 0.033228942469228
0.0340496615084133 0.0799425355648331 -0.006439863162832 0.0367232607803223
-0.0177656213656443 0.0765174905149901 -0.0267990783897229 -0.123046149242556
0.0408231364252676 -0.0116131350153227 0.0410070632771984 0.148052908097253
0.00335079599431658 -0.044572886303872 0.0517382743362042 -0.0376901124515304
-0.0374245229967093 -0.0195968681016898 -0.104477431372988 -0.0592100353928545
-0.0283696916876934 0.0253532457164514 -0.150673386736872 0.0497997438622808
0.00111516680056052 0.0281731461278162 -0.0633478423935984 0.157255479295861
0.00691899126321182 0.0184621961860395 0.0452221291342141 0.149291270766438
0.0118505773000207 0.0174258935688977 0.0940586791105805 0.0903619357479246
0.00838264422624113 0.0105060415363604 0.110385093036377 0.0502443142430625
-0.00353558176177898 0.0133099026329733 0.117329546916925 0.0389174591243125
-0.0149241314611351 0.00535612299237858 0.114494455757315 0.0559347523427914
-0.0110332352125843 -0.00366217745619329 0.0910665537358271 0.0895876581527307
-0.0127584705295964 -0.0192902399622231 0.0508829400757167 0.129081748374745
0.0191987101360709 -0.0278973359400405 -0.0173688582753175 0.161699889452588
0.0550556321128224 -0.00543051732612845 -0.0610768002473197 0.190682172726667
0.0484458958516027 0.0316667231966507 0.00386949350459923 0.245663489563119
0.0653326065593337 0.058785845619185 0.0183553817935985 0.150797880243889
0.0574985971025128 0.00115054330937573 0.0543577453652535 -0.0366159977701584
0.0220593928474453 -0.0299577769833609 -0.10341656716346 -0.0736822441614115
-0.000131439161059045 -0.0261400525800815 -0.16360333360603 0.0375376260887257
-0.00352017490273983 -0.0205029554550733 -0.0797225433886083 0.158603584418178
-0.0194266277759659 -0.0207699390780327 0.0334586308503675 0.152380848690322
-0.028200881710201 -0.00448028943179282 0.0850866604331286 0.0927814447938055
-0.0294473753540346 -0.00516133127965252 0.102176719669693 0.0502786972052021
-0.0414162768816865 -0.0104717271049737 0.109702378769427 0.0308042274591133
-0.0364743441636558 -0.0432317644095716 0.113457837455974 0.041219128398652
0.00152426494980416 -0.0566731290575189 0.101923794335818 0.072669996826882
0.0358277551688098 -0.059688421402902 0.0735464306198569 0.118713793598537
0.0853790778964361 -0.0134756034991219 0.011308826379757 0.154375929002471
0.0978693297772829 0.0666061074698217 -0.0365497959621513 0.171800076480939
0.0693453143126974 0.119331176260449 0.0081702262547691 0.209007174812001
0.071667333648617 0.127699165815335 -0.00548277092650767 0.123457885595338
0.102072799196782 0.0647285758425427 0.0551688955040835 -0.0482952562183651
0.0887679413618546 -0.0217480714626201 -0.0970269033032062 -0.0986827092598076
0.0430644523782773 -0.0737936883849745 -0.173930170858807 0.0128850130816222
-0.000317878871029164 -0.074865778536161 -0.100009731987482 0.143663586141736
-0.0403690223882259 -0.0649601128087041 0.0108170212503731 0.141921750401574
-0.0649111482141953 -0.0303038621459881 0.0622123347317328 0.085177196579537
-0.0638727087551096 -0.0199909611421131 0.0790571685411146 0.0439871046564499
-0.0733408451447071 -0.0260863917443396 0.087058681020083 0.0152192087906562
-0.0611894535185388 -0.0769164340840971 0.100500706637163 0.0133748651566215
-0.00219914797843599 -0.100379496464468 0.109038784006408 0.0359896149648007
0.0597901552208214 -0.108318423086978 0.102962497312581 0.0917702506484962
0.138622023769117 -0.0246618806882323 0.0495585886678095 0.13863933891239
0.141957147553915 0.105338964832309 -0.013640273577112 0.147373527273401
0.0927681908780519 0.181056643360269 0.0067057700582344 0.149720012878147
0.0592089731274169 0.18113678389113 -0.025464315182658 0.0651145614648321
0.125002118934053 0.133844307930741 0.0532332503991111 -0.0750263111145582
0.147551546101435 0.00759678400674098 -0.0804882545834498 -0.128652751003055
0.0949650157142672 -0.103601721818859 -0.169851199495216 -0.0265042836302934
0.0132133794150048 -0.121611618434332 -0.116916512702113 0.107910252713638
-0.0514107633155302 -0.104874105762331 -0.0184364883188597 0.114676964673063
-0.0916624377396283 -0.055045292149575 0.0272163347885255 0.0667778416340845
-0.0893038686881151 -0.0321240795049022 0.0442832131037417 0.032096858114787
-0.0957649246044505 -0.0344082535777726 0.053833343758349 -0.00308807251868668
-0.0804573453715176 -0.0937722067182284 0.0748907111702239 -0.0178916607705325
-0.0137062111168149 -0.127204986741563 0.103500420205669 -0.00911797173568212
0.062821166206302 -0.14694512504683 0.122302716105502 0.0522170838285406
0.167507732873534 -0.0452838780230034 0.0825585383364586 0.110969166100101
0.169800114501942 0.116023209383892 0.000951510387476873 0.11949261842914
0.107113991495442 0.209845014331099 -0.00436729959050125 0.0806239939602255
0.0317969875067485 0.203740990807738 -0.035101386278161 -0.0183278819259108
0.11440469166356 0.185136988588623 0.0506481871767289 -0.112985505167
0.174944356524171 0.0481658530448062 -0.05222815369016 -0.155033437111424
0.136277320598073 -0.104954160135903 -0.145204139850822 -0.0697005259384017
0.031357596965121 -0.145462943755744 -0.120186396555238 0.0521989573331801
-0.0499600698716577 -0.128533070435283 -0.0492608952859052 0.0696101456709182
-0.102076637652674 -0.0727612735245207 -0.0139917748865357 0.0390941678712868
-0.10098450538269 -0.0403110883863678 0.00382228829152054 0.0149931634083051
-0.105011017267582 -0.03691735645765 0.0147493815019602 -0.0215238906669437
-0.0899134138796774 -0.0959796114585977 0.0409121647131193 -0.0463022088140728
-0.0227267731942122 -0.134922503641976 0.0850985078582197 -0.0507262536200472
0.05806489401635 -0.16066127868818 0.125686197531596 0.0112533428904591
0.170429607986357 -0.0544787369444107 0.10073220094084 0.0795659271520205
0.16906555353922 0.113283013951917 0.00353933628248964 0.0933526234702097
0.101726250601231 0.208969289275466 -0.0210978973674569 0.0121726736916653
0.00229829920456897 0.185626225241229 -0.0327990881798255 -0.108360263202616
0.0769855592629179 0.193963112121431 0.0489823180607504 -0.152440681235529
0.156737540033439 0.0782324028210345 -0.0178863729726845 -0.171126727565265
0.1445714303268 -0.0787822261888308 -0.104959777209827 -0.104914473783982
0.0442122755828982 -0.137091920823677 -0.108901235163098 -0.00758585095552443
-0.0396437330183211 -0.126661485890549 -0.0739457209632793 0.0176935156642301
-0.0966835463740099 -0.0759221812895666 -0.0534521457149484 0.00722313370923825
-0.0975990215102352 -0.0415623076902711 -0.0364530095973458 -0.00382298018342424
-0.10024277604715 -0.03593483992439 -0.024587850721803 -0.0390643969066078
-0.0844290567224099 -0.0871554725079779 0.00685269357359594 -0.0705720927330793
-0.0225617761560635 -0.125762469938069 0.0635857708941715 -0.0832127201902092
0.0563547983465514 -0.148442896711276 0.120624191619459 -0.0187912848714066
0.155771698393015 -0.0419928901626504 0.104475862484545 0.0538636811448726
0.140535555910765 0.108188141922234 -0.000508567751757829 0.069959195319843
0.074526189696927 0.183966046594234 -0.0353693451198673 -0.0481874754488388
-0.0226537752888047 0.129521217009994 -0.0225786643208805 -0.187153958019054
0.0294956127573573 0.153137259038688 0.0474988734202454 -0.182494635733492
0.105359516588788 0.0793623139089598 0.0108715873382824 -0.174728324750402
0.113804430630402 -0.0444224124219647 -0.0661319049358176 -0.124707826807601
0.0414581202422362 -0.10157645045375 -0.0923954320237214 -0.0555806804092433
-0.0253081913987154 -0.0986767248158572 -0.091639982019184 -0.0272444489910566
-0.0738581336985739 -0.0631438662501694 -0.0868866621909613 -0.0197624931721568
-0.077842591667563 -0.0357223438694387 -0.0715663890509768 -0.020534276175104
-0.0807616817755997 -0.0313753238884013 -0.0582865206265133 -0.0545717455444136
-0.0671451786076673 -0.0713298059348242 -0.0217193477886352 -0.0918371939840554
-0.0151885156758846 -0.103725209655632 0.0474035526003717 -0.107352483638348
0.0577191908806248 -0.114798819489401 0.115219796652953 -0.0392329936547409
0.12767512104859 -0.0150270663917766 0.102049751049723 0.0369146289242664
0.0934071307144494 0.10006464213451 -0.00480189596088413 0.0514090315701988
0.0315025830599314 0.139408418800198 -0.04090727411876 -0.0940504205251259
-0.0402763310251429 0.0491138455939795 -0.0154479180923702 -0.236616116266901
-0.0156269387846479 0.0784714220943878 0.0394868137419178 -0.195960158964006
0.0403347367729008 0.0538628425300905 0.024862371590127 -0.172329991585021
0.0594578550428178 -0.0119486940989946 -0.0445555262335404 -0.13140538656847
0.0262469681678842 -0.0516829906948981 -0.0835190304342132 -0.0818501105878119
-0.00883498403335152 -0.0539723344033129 -0.103821083953017 -0.0535423337973595
-0.0399348192206424 -0.0392682129722977 -0.108288457311567 -0.0357556525191209
-0.0456508215758569 -0.0247482045937266 -0.0947001664400072 -0.0335642284397736
-0.0499999624612043 -0.023635143928502 -0.0814381494229072 -0.0668854523249379
-0.04118374543915 -0.0488946043088218 -0.03906170117669 -0.11105862228542
-0.00572615891882429 -0.0723413406424901 0.041322441522256 -0.126806763534242
0.053307414426755 -0.0706783478662413 0.116074858653498 -0.0521953987229292
0.0881270659327481 0.0139911259031285 0.100474924358281 0.0298561514616055
0.0378958510318372 0.0811440299563606 -0.00560661463038675 0.0386846200246244
-0.0151993840082159 0.0789415243745246 -0.0348873020206137 -0.123264875893978
0.0426899620722084 0.00742915251112848 -0.0283510796636125 0.152309681327247
0.0217886847546131 -0.0397398384589099 0.0631383970745043 -0.0107718875066483
-0.0252582195740824 -0.0326389824551641 -0.0681047357383109 -0.0981261722646574
-0.0342327328571046 0.011096955494233 -0.159264723350569 -0.0199339508987975
-0.00921674865965889 0.0257165847828203 -0.124669095295356 0.115183252793072
0.000104880155134412 0.0201643438039229 -0.0233157260761096 0.154388588289544
0.0045727248821821 0.0217599488328641 0.0453885608150877 0.122269238571913
0.00384514949510571 0.0137813560399884 0.0782397702956544 0.0907110051817605
-0.00828378343079359 0.0103022250195709 0.0900121219488364 0.0839932942162442
-0.0148972189359694 -0.00200703886915842 0.0800098467852177 0.0987016934483876
-0.00772608736441223 -0.00841369631240664 0.0425902955122669 0.119907620882271
-0.0016947192516922 -0.0207328682185898 -0.0121445411975686 0.137542803030069
0.0296087836002187 -0.0147840209304441 -0.0902446946379699 0.137640843498542
0.0515213245675789 0.0214673970497559 -0.144214859455245 0.145979145552544
0.0306992976112077 0.0502470439332594 -0.113402138482942 0.223330274743246
0.0337378470943374 0.0812347200256134 -0.0487984166369461 0.143580790501286
0.0513988932590358 0.0262625094551528 0.0647861450877684 -0.00999577433866459
0.0328759362345207 -0.0154926844962421 -0.0622063046035054 -0.112437049923188
0.0128486628368016 -0.0223125150220485 -0.167252616350363 -0.0380888968723417
0.00803105387732077 -0.0202236283429924 -0.142479801997333 0.108289165551653
-0.00750515934842015 -0.0267196265150777 -0.0372905747860337 0.15297726823688
-0.0225888898265537 -0.0157020477840365 0.0360137382056219 0.120738731738736
-0.0241193027884828 -0.0175205665002998 0.0706337961665562 0.088119590931594
-0.0324749636665174 -0.0268320993084626 0.086547421826968 0.0730936851967733
-0.0150798172431041 -0.0552004787100243 0.0856442145909178 0.0845742296728294
0.0266019561828415 -0.051769965477933 0.0617917627245865 0.109284354125485
0.0594740839872804 -0.0371077597178918 0.0149068010610268 0.138349443452777
0.0828190033950779 0.0274439344252321 -0.0608015228924006 0.146011984946606
0.0588202082663159 0.105185641993065 -0.115059111037433 0.14063783535907
0.0109592127689741 0.138707313758502 -0.0939119025863216 0.191771833594849
0.00874858010650599 0.146797379758654 -0.0562834338792772 0.107805969368231
0.0641247667353181 0.10401335405978 0.07062335942836 -0.023233164326975
0.0893610079277394 0.0213063703968675 -0.0461496176182298 -0.133967293587162
0.0713401882873392 -0.046711901315273 -0.166003167569308 -0.0660528151865741
0.0342239036930518 -0.0670862394716077 -0.156207478884847 0.0863135281228019
-0.00802115417484185 -0.0758973711678323 -0.0543007879768615 0.134151402327264
-0.0456903312153166 -0.054389060077146 0.0183678068438805 0.103902785716909
-0.0493828376068268 -0.0462271146531073 0.0519542483924044 0.0728762299184035
-0.0551369587087508 -0.0546883587525058 0.0727383199531985 0.0497849047105415
-0.02361043536446 -0.0959680381902539 0.0863994252027753 0.0537693583992332
0.0414303374756645 -0.0932007818425203 0.0857722798089702 0.079434332365603
0.101182639754554 -0.0709654436977941 0.0552919579693258 0.126913603321625
0.136348924231952 0.0406338523402149 -0.0170458605356902 0.15040453963798
0.082376809180177 0.159212539068224 -0.0846372370359777 0.129809227963525
0.00520798880838795 0.203729928054615 -0.0688598893951662 0.138060678779154
-0.0274118736822018 0.189796223800639 -0.0458376469658335 0.0460475439670167
0.0540477574014798 0.176729900810779 0.0823541426379065 -0.0489838631125142
0.129214090867516 0.0741392525120413 -0.0171583715347235 -0.156121467311856
0.130618746347568 -0.050717846859544 -0.145740088191284 -0.102211503829298
0.0667187744412953 -0.103103015149034 -0.156499966154852 0.0453462152501334
-0.00172170366080292 -0.117193752068711 -0.0700354616020951 0.0971411532120426
-0.0596277586209871 -0.0885814988954036 -0.00574260882410122 0.0725072403909744
-0.0672757080944981 -0.0682690395556393 0.0264267655302113 0.047975036200811
-0.0719331970224412 -0.0719748320256878 0.0503851355188727 0.0195294157045476
-0.0346126584714196 -0.11989418248333 0.0767099874005961 0.0147343606062921
0.0420814092905625 -0.123075035069828 0.100765842865624 0.0346620193425763
0.119244402822718 -0.104977282613739 0.091729526899108 0.099859386469735
0.171810373640631 0.0342517562640044 0.0260238853784935 0.140556631860355
0.103281699403802 0.181029100733233 -0.0595754675693495 0.111817815855915
0.00609339029157362 0.235721340040798 -0.0472570051451527 0.0705256916540445
-0.0626938799098995 0.198798602641695 -0.0167520283795512 -0.0326970522462582
0.0217615008394937 0.220238247609386 0.0972601782164277 -0.0848975035569425
0.135683302008422 0.123308710476379 0.0214157225890993 -0.16815706949725
0.166945715363687 -0.033602775658989 -0.103492143713909 -0.130999318340395
0.0921858699311078 -0.116165004907429 -0.136434323046077 -0.00695893030286095
0.0091469579424857 -0.137752428745911 -0.0780584998930349 0.0434186947669045
-0.0625460830629351 -0.109099833819582 -0.0307609407724381 0.0301621782146874
-0.0751886985987301 -0.0804714559567924 -0.00268490017714437 0.0161628961179247
-0.0792543043482697 -0.0770739876556309 0.0234212955912493 -0.0135815620523672
-0.0419381568791638 -0.124716324203826 0.0586165056370833 -0.025367492987772
0.0362617335808292 -0.133966470365207 0.102050966257957 -0.0109003531422019
0.120916540893415 -0.120181721571106 0.113762981479073 0.064642191043703
0.179031157671772 0.0267734933580144 0.0573847236243838 0.120525781963041
0.104184577300532 0.177637502989178 -0.0446661820589524 0.0888245440593518
0.00120127003173473 0.232138117618915 -0.0298212632531157 0.000858273230920144
-0.0820931963790826 0.170342079506705 0.024826587952629 -0.113307733397224
-0.015951623633143 0.21251678784568 0.114494982136021 -0.121195558344653
0.105929026133824 0.142263501611314 0.0603364549439861 -0.167125236533445
0.162874465954526 -0.00670284681804334 -0.0500977145972951 -0.145370974514962
0.0992303698948983 -0.10275363217237 -0.099993534301221 -0.0566562286582729
0.017318082734508 -0.131559926482716 -0.0779190814523254 -0.0148793827193212
-0.0561792251536832 -0.109239862895059 -0.0540168803371175 -0.0153661150417188
-0.0714561700420619 -0.0800778625086095 -0.0318937157860793 -0.0174721762051348
-0.0759657395105676 -0.0740769556126112 -0.00520821290667145 -0.0456932291191913
-0.0412169958004069 -0.11473488639135 0.0378426828560063 -0.06154841127048
0.0329333838986236 -0.125439474674439 0.0967760097603216 -0.0494063956910028
0.113824416030791 -0.110104353826406 0.122638267284256 0.0350202674580645
0.159690324892156 0.0313445114140465 0.0721870362237763 0.0980639346386419
0.0796798275046373 0.159811932163513 -0.0371452706584035 0.0655530713271299
-0.0131329382783977 0.197848262265464 -0.0138424153531225 -0.0596961870038161
-0.0810222228983145 0.108942852566803 0.0675254107636524 -0.179521433293323
-0.0430614757889761 0.15412395054496 0.126321550190709 -0.146918769495952
0.0584584996323365 0.120473522874382 0.0887804962744464 -0.156220031549545
0.120321190019119 0.0111046455880797 -0.0054469333732316 -0.145298690128072
0.0812764750612968 -0.0715939639242276 -0.0625438026831632 -0.0929409578855867
0.018345560134041 -0.0994672787133058 -0.074259477486098 -0.06422724174062
-0.0412974207811295 -0.0883575526543879 -0.07194492609605 -0.0541149489755928
-0.0561955589952821 -0.0667902805518512 -0.0561547548730677 -0.0475533831275996
-0.0604041390312101 -0.0627810981647349 -0.028768635709973 -0.0727811918367006
-0.031477317349706 -0.0926881449498297 0.0206188137314416 -0.0926789463275539
0.0304398258935448 -0.101762359850461 0.0915468454697449 -0.0776707492146381
0.101057975069661 -0.079967669342615 0.126100514274237 0.0152021940011403
0.122715829029697 0.0431894761135773 0.0771838538058493 0.0816998947548592
0.0408680084584526 0.131382801167425 -0.0319679628227838 0.0457702551861734
-0.0328253303487983 0.139082331447679 0.0038159333551013 -0.104067476159607
-0.0610986859289349 0.0284587627144907 0.0931044222731213 -0.22077703522617
-0.0513429544954086 0.0670480296238865 0.12464864918959 -0.160238875537453
0.0104888426362469 0.0684841351868224 0.100636304562606 -0.145375784489095
0.0574334877629894 0.0169829243021764 0.0178893900008022 -0.140352107965196
0.0451956369830949 -0.0329937281586902 -0.0406906766029239 -0.111698170102784
0.0141177561397657 -0.0522156462656981 -0.072153816951965 -0.0934106932168152
-0.0202733086359283 -0.0525606093189146 -0.0833984817137383 -0.078052763063603
-0.0315572256384495 -0.042617620003026 -0.0713315952818767 -0.0688868510284829
-0.0358593526921935 -0.0426466995278079 -0.0441569103767586 -0.0942155522988992
-0.017639702464971 -0.0619018046595234 0.0127271544915851 -0.115477904990164
0.0255913613453738 -0.0695514033165355 0.0936046328449729 -0.0974862289554275
0.0786642151482454 -0.0414152909831214 0.131188274819752 0.0047491247245265
0.074129881056016 0.051616740521033 0.0777501160787298 0.0738810919004547
-0.000841446599994764 0.089998428155909 -0.0264944206537997 0.0331328829506575
-0.0488990965498942 0.0633641258165468 0.0240394315182453 -0.126896044838476
0.0416795788134497 0.00618598217264656 -0.0199417134844505 0.149505769780856
0.0192931395150097 -0.0396216569820197 0.0621082725258704 -0.013700596946164
-0.0257946174897231 -0.030054395801185 -0.0720947155264111 -0.0922735386501054
-0.032780292505498 0.0125391373766715 -0.157186945549773 -0.0108561179792907
-0.00714144348617812 0.0258595292229922 -0.115619768501154 0.118913470536879
0.0016355989504969 0.0198706208440106 -0.0138481737437344 0.152502978949758
0.00668724296508416 0.0206566953321622 0.0514438972947788 0.116582735225692
0.00503358181870766 0.012904028152982 0.0820107823867764 0.0830382341945767
-0.00779483942258286 0.0109373428384229 0.0936115747138383 0.0763241480380027
-0.0148793237907089 -0.000483136408251994 0.08484188854458 0.0926242991725918
-0.00800463385431522 -0.00825953229419833 0.0480673349151172 0.116541500370521
-0.00269077529156388 -0.0203737204944054 -0.00565072533238573 0.134821089600147
0.0285010728018551 -0.0159341856691364 -0.0830639237474358 0.138857193887846
0.051671953088771 0.0174964924980185 -0.133954466490556 0.150408890050598
0.0325622283720096 0.0483360370114157 -0.0991630985222969 0.223945851210949
0.0363736510212611 0.0786974512571347 -0.0397695765308458 0.142361427403494
0.0519342607412465 0.0228490803933279 0.0637536212527693 -0.0129085798281291
0.0307815921417176 -0.0171508452230829 -0.0667897961855878 -0.106485305804987
0.0109370535679284 -0.0231788637438717 -0.165893542703001 -0.0284444713903043
0.00668507486347491 -0.0198131198381253 -0.132485883988849 0.113828933271647
-0.00871390245165469 -0.0254956463916383 -0.0272361148195265 0.151719950238015
-0.0228558479794357 -0.0133105689052683 0.0417556599597295 0.115738636138944
-0.0244842104605442 -0.0159662846491443 0.0743489433922226 0.0809348085298498
-0.0330900727608336 -0.0238845781638345 0.0893922493385805 0.0659840594722723
-0.0186624516417591 -0.0529679564257545 0.0896947034265434 0.0781888677044694
0.0232530703083347 -0.0526856833492735 0.0665305304779461 0.104840520371602
0.0555160352530173 -0.0398039901025153 0.0211398433736913 0.135230813199512
0.0827874227151723 0.0228302657787658 -0.0536992720030663 0.145364353342518
0.0634014976053001 0.0997757896539516 -0.106493033452816 0.143796026238935
0.0178610370004279 0.134973461014661 -0.0821008367601509 0.192123492435696
0.0150289983723297 0.14269505466291 -0.0478598305250128 0.108446543518576
0.0684626952793091 0.0978102402994022 0.0692849397063162 -0.0255996867842144
0.0875517309848754 0.0162030518790154 -0.0514793506381363 -0.128145059381548
0.0664996683497804 -0.0495748681537594 -0.166201525431547 -0.0569077993559632
0.0295791543834313 -0.0675057848926776 -0.14718315029278 0.0927094825131592
-0.012778739782662 -0.0732262520266985 -0.0447973628815899 0.134904487501636
-0.0478986282428841 -0.0501169136572764 0.0235290973819252 0.100134120032429
-0.050725431320684 -0.0419339257231861 0.0556031344152807 0.0676341770176092
-0.0569903744362374 -0.0496395959447676 0.074185815561266 0.0439654629918253
-0.0295119124716855 -0.0924805175190016 0.0885140610998256 0.0477629742073883
0.0354017934788229 -0.0942992464433473 0.0886810737782635 0.0732087226134665
0.094410574872242 -0.0748615591520632 0.060796334790532 0.121891487905372
0.135769174695721 0.0327029815648663 -0.0111838700883461 0.14730042630138
0.0892670296847421 0.151624925856936 -0.0767808302222982 0.131450321632727
0.0150007929424779 0.199077531908623 -0.0603928684292079 0.138963757106995
-0.0184625577605376 0.186165754975947 -0.0415959969913349 0.047980201736835
0.0631531133506742 0.170391346348853 0.079551386519716 -0.0515748409109976
0.129116185384505 0.065581019608221 -0.0237896305145483 -0.15089804131154
0.12344542532447 -0.0572136377031329 -0.147284978028882 -0.0921626826358934
0.0588686297515374 -0.103991796804493 -0.149239142367528 0.0535981295049392
-0.00915159954479249 -0.113330872026932 -0.0624778661117533 0.0988059776855012
-0.0637740171926636 -0.0818593664964321 -0.00240345961719669 0.0711485739130471
-0.0691196457011974 -0.0620770951359488 0.02892656891634 0.045121121752181
-0.0741258091302825 -0.0651635024810826 0.0505876481436363 0.0156896387352916
-0.0415253789691695 -0.114408826654174 0.0772721435881439 0.00983751294140815
0.0338145005406233 -0.123424505675172 0.101005798919007 0.0287717974291725
0.109864910471764 -0.108982731955755 0.095788998951483 0.09324868893567
0.16996991342903 0.0239168878630699 0.0317206423085102 0.135511949800967
0.111143370031542 0.171160037833119 -0.0532434709477933 0.112846478959222
0.0169361118699362 0.230068687168555 -0.0431299183453296 0.0717376038553482
-0.0524566359844238 0.197279952957821 -0.0173744738805198 -0.0306826457061513
0.0337724660780864 0.214050708671262 0.0928236940173727 -0.0868429508605322
0.138182865676038 0.113139513546872 0.0133848350610289 -0.165705878477894
0.160011128105193 -0.042044193691113 -0.10718061447982 -0.122977281095936
0.083383325193526 -0.118135858829941 -0.131939947071764 0.00132991882358338
-0.000366711527403841 -0.134561459392866 -0.0740145527218954 0.046445298285654
-0.068616053125577 -0.101897630476386 -0.0295092672119138 0.0316144220556022
-0.0780981403988057 -0.0737072875490187 -0.00155174654390593 0.0164583924518471
-0.0816734402912726 -0.070405277664136 0.0226458381600362 -0.0147165762157009
-0.0489715045568264 -0.118574347244417 0.0568403894861401 -0.0282150414375977
0.0281695391212374 -0.133622227744952 0.099622276004718 -0.0160115371663189
0.109822155901294 -0.124174112497253 0.116056631794793 0.0581074150299579
0.176276236925843 0.0161341434567528 0.0612705612330514 0.113948653737166
0.111880857219599 0.168576270917116 -0.0400306508006331 0.0892223686056381
0.0129251565028277 0.226824681434806 -0.0304890478745505 0.00394438691035794
-0.0729644156452607 0.169759322922065 0.019482280271831 -0.112014430497448
-0.0044559828058323 0.208251668017645 0.10698146206833 -0.122350079081614
0.109934456435744 0.133821247823259 0.0518312747996046 -0.166467526384729
0.157911786432125 -0.0158643214313214 -0.0556529771506798 -0.140123598482796
0.0904700633575988 -0.105753946858156 -0.0986946251793278 -0.0494999781335837
0.00822709659716228 -0.128626184143673 -0.0768967368871 -0.0101148400374824
-0.0621752824996972 -0.102745429801312 -0.0548832609886576 -0.0114697016829237
-0.0745791387044034 -0.0732524259969468 -0.0317921669331977 -0.0141011760218187
-0.0779777488377689 -0.0671252665882984 -0.00668399473296283 -0.0440138232681167
-0.0473095780228544 -0.108961050346636 0.0337484812027458 -0.0619458880771081
0.024548243939122 -0.12490148705905 0.0920080720881961 -0.0536912615399537
0.103658175324695 -0.113812534429337 0.122519601290538 0.0276371510777556
0.157721509858713 0.0216130069673695 0.0750367257762273 0.0916939386579644
0.0870337109786467 0.152214419939633 -0.0340732380605625 0.0661578472041301
-0.00271027190405951 0.193661702688718 -0.0185730146974617 -0.0562462716227661
-0.0743306970962607 0.109961156206887 0.0568790262728055 -0.178611183760763
-0.0331444457328429 0.153232028535596 0.116745678640228 -0.148431048198977
0.0627685510438772 0.114629662176053 0.0808806900127965 -0.156505419817925
0.117792242616653 0.00446580858772904 -0.0107709633611808 -0.141885496334309
0.0744789560973481 -0.0747951086639067 -0.0641892357779913 -0.0872575136443484
0.0111629508159275 -0.0977806724680538 -0.076058272463369 -0.0587373632191007
-0.0462666927535182 -0.0831102928426152 -0.0745328663272188 -0.0477395635300342
-0.058917955956036 -0.0611841901380496 -0.0571176289710728 -0.0417225404314561
-0.0623602978201166 -0.056873718747864 -0.0319212200445389 -0.0694016520783829
-0.035962188763723 -0.0884887065998011 0.0154904209694417 -0.090724186742344
0.0236403786640622 -0.101311595256368 0.0863818196429641 -0.0815686156651883
0.0926611828458432 -0.0837925998436685 0.124950105133223 0.00849972269825417
0.121617579439672 0.0351133839055346 0.0792033223091793 0.0754716119517962
0.0471742361450376 0.126253528528757 -0.029599750273884 0.0465865991531154
-0.0248127111687032 0.136617277922054 -0.00375754656605311 -0.100237225286385
-0.0583495306694026 0.0302941891844693 0.0796595231837074 -0.220478598824791
-0.0466583062936545 0.0681836851062211 0.114115472632539 -0.160829076577437
0.0135820216460306 0.0663913110889922 0.092463419286026 -0.147228625795709
0.0567055355056825 0.0137478229974423 0.0121571911308217 -0.138263352011571
0.0414415248968558 -0.0348691211445897 -0.0443740448915356 -0.107792869313566
0.0100987268035292 -0.0510297943075769 -0.0766263784104467 -0.087655137553876
-0.0234200078618728 -0.0492116560331409 -0.087245488873427 -0.0700421754510024
-0.0332586681918186 -0.0398416841418284 -0.0732826626363168 -0.0612471919019359
-0.0371065290554886 -0.0395282176724697 -0.0477142107678969 -0.0885361753385632
-0.0204056602185476 -0.0590179224925181 0.00615041540660646 -0.113711968234919
0.0210474251965113 -0.0689660842758919 0.0872345483855639 -0.100547344825029
0.0739345516182355 -0.0455718016635679 0.129847527941493 -0.00200462697902028
0.0750907229287544 0.0464389233839611 0.0802995231820329 0.0679827315412729
0.00343766459023168 0.0877697203447624 -0.0246833739622277 0.0349688543512857
-0.0451549929396012 0.0639203452027244 0.0150698635151578 -0.12356439931602
0.0405433637354036 0.0059820166898379 -0.0136349289009157 0.145093922785505
0.0177845245538202 -0.039145649195937 0.0611203523068173 -0.0156263853102171
-0.0256986110021877 -0.0282247128355869 -0.0726719428062415 -0.0869571999806948
-0.0314864017031127 0.0135646486251665 -0.153105938937632 -0.00486634480480102
-0.00559316467925038 0.0255479091632178 -0.108083809518087 0.118652162837775
0.00278633270655184 0.0191981009354213 -0.00686643938845942 0.147885855931525
0.00782100361673837 0.0191650171198764 0.0544620925028953 0.109763557350249
0.00549792176576825 0.0120829328364657 0.0825356413000136 0.0761908412160592
-0.00732022909058791 0.0113708853884224 0.0946521086565065 0.0691929235537154
-0.0153473224715088 9.55204946018187E-05 0.0869435331479481 0.0866012641676318
-0.00823814156926801 -0.00773831621663268 0.0507093617241967 0.111869055697349
-0.00314750911440509 -0.0195852730376292 -0.00220141968823919 0.130362903409611
0.0277951968132218 -0.0163306781406445 -0.0773666824662622 0.137242307631451
0.0506539263700788 0.0151481906673581 -0.12508933230146 0.150006269598259
0.0328224978913264 0.0458557698033063 -0.0875374995828852 0.219349328398063
0.0374110756409995 0.0754564103787233 -0.0322224068548317 0.138717896770873
0.0516353489000108 0.0204959973383048 0.0626338453331882 -0.0146204662997917
0.0290803272651635 -0.0174262945019778 -0.0677172205877661 -0.100651654413683
0.00860399317998917 -0.0224149126370226 -0.162038251645732 -0.0217946969156083
0.00593605904677991 -0.019373002608321 -0.123946590577815 0.114430788827205
-0.00905135866292697 -0.0239526978948814 -0.0200543639682314 0.148058862794034
-0.0223643630533119 -0.0118693374547188 0.0450548600431457 0.109802763740808
-0.023603329625724 -0.0139507396222762 0.0749914076507849 0.0740712302071991
-0.0330547531498707 -0.0210041337457284 0.0893112970956033 0.0596385294748626
-0.0205857126002464 -0.0502294500157115 0.091296460531073 0.0725065404221036
0.0202051448746189 -0.0522814591757947 0.0688148636720706 0.0999301810320617
0.0523779728908876 -0.0404416278080929 0.0248017241431111 0.129908985879336
0.0813815452721508 0.0194276799116105 -0.0488371493430068 0.142290231316875
0.0651565564720753 0.0940535132550255 -0.0983548276380147 0.142137347469668
0.0215031222599406 0.129673596004072 -0.0729324317953326 0.189100747180625
0.0181450059444993 0.138018902925046 -0.0420995913164572 0.105896102794038
0.0707694198992553 0.0921237524618333 0.0681281362982138 -0.0268105061944569
0.0843009758939697 0.0126759087568783 -0.0537302149715487 -0.12199462848628
0.0612478390942676 -0.0505742384779682 -0.16274883833239 -0.0490706883663384
0.0256768742328132 -0.0656258895345027 -0.137987840953653 0.0948148728564501
-0.0152797116444997 -0.069886596974999 -0.0379263366595316 0.131944558192115
-0.048370735950125 -0.0453426895830864 0.0259484036334419 0.095642592531017
-0.0501348624976274 -0.0380729716595352 0.0564762560759878 0.0622024912891601
-0.0568728485032324 -0.044416456592589 0.0736604344909153 0.0389913681945199
-0.0324410668212903 -0.088134867982258 0.0890040780025316 0.0432463839177718
0.0306209904140906 -0.0934384146628738 0.0892454815265007 0.0683615793369093
0.0881042610595851 -0.0757709901522903 0.0631660506116555 0.115773172478444
0.132621363521408 0.0269024625766306 -0.00747519791606403 0.142780088853715
0.0922063409904365 0.143753531870276 -0.0706006997671446 0.12955252314178
0.0211580036788243 0.191657601729645 -0.0545646663458696 0.136931113272721
-0.0125746724756497 0.180314885592855 -0.0376739616578233 0.0471787333256532
0.067733648359202 0.162191858237042 0.0773518276027071 -0.0516552905974678
0.126278306462271 0.0587847220543502 -0.0271470814090467 -0.145504851560269
0.116296536019438 -0.0597787680511573 -0.145265818962414 -0.0848971358762044
0.0518452670947429 -0.10274028011866 -0.141550498560485 0.0573694637945774
-0.0137175068399864 -0.108949954937097 -0.0561544807517089 0.0977737495467989
-0.0654268560892932 -0.0758338830680366 0.000164254860852807 0.0689683585643564
-0.0691227521651434 -0.0565411376713352 0.0301582251539001 0.041972483824737
-0.0736201486937187 -0.0593038912525268 0.0497407385528921 0.0129113830564181
-0.0454620516272263 -0.108431023976925 0.0763372878130915 0.00646697847554783
0.0279529232059606 -0.121584450653653 0.0993039023283472 0.0250084340777908
0.101337795129771 -0.109528123492648 0.096429899934888 0.087362925928009
0.16568018123374 0.0167908632165721 0.0333115577647329 0.129676171399509
0.114176753653403 0.162529372083219 -0.0483478669192988 0.110648384871234
0.0244651759546868 0.222419263717781 -0.0402698867412916 0.0719823296460388
-0.0454417053707526 0.192266247637431 -0.0166007984968208 -0.0293158457968814
0.0406201016233652 0.206391459967733 0.0886753841517427 -0.086075952560315
0.136721610974187 0.104808129772541 0.00911048904552822 -0.160609533597281
0.152568265708298 -0.0465248217309246 -0.107150424174216 -0.116082037688848
0.0750801284394562 -0.11707037284297 -0.125546465447257 0.00582408494182944
-0.00619127011645273 -0.129305954389846 -0.0687254056439321 0.0475654256299959
-0.07128412660431 -0.0945163578176709 -0.0281261208295819 0.0317823859156544
-0.0782910275984371 -0.0670261072276842 -0.000334814777751708 0.0160210544842029
-0.0818244177171288 -0.0639765311806748 0.0213790946756933 -0.0151974107208124
-0.0526347787436025 -0.112419163198852 0.0552315782497815 -0.0295564418056838
0.0215916625268225 -0.131338032691596 0.0968792168907701 -0.0191705683565363
0.100386488887021 -0.124143881997625 0.115000012824488 0.0522204816816526
0.170903541180649 0.00880046422309282 0.0617580692924905 0.107756542636446
0.114576801500009 0.158902388757412 -0.036191982564652 0.0882490818181747
0.0196575551381374 0.218898089138942 -0.030366867500446 0.00610065283781829
-0.0657066009020023 0.166610121589989 0.0160548331818574 -0.108961187417105
0.00405989086942284 0.202120771075959 0.101449141229463 -0.119971733459492
0.110061386945069 0.125384537714282 0.0468564810412935 -0.162336115783061
0.151437497880232 -0.0209852392599485 -0.0575564571435655 -0.133926238556354
0.083056970202495 -0.105684252576223 -0.0948099659882419 -0.044651778458006
0.00196421790114739 -0.124121180473073 -0.0748951272852316 -0.00780388994505253
-0.0653217417825473 -0.0949791394748108 -0.0540536505477709 -0.00818457764344098
-0.0745540944152164 -0.0672137362192832 -0.030660148106088 -0.0123951024970259
-0.077435905491402 -0.0610959377480071 -0.00830252527556219 -0.0419610366538645
-0.0497990504503849 -0.103191560762993 0.0311619818329897 -0.0613602441899822
0.0187715989718122 -0.121991260129855 0.0876676314720192 -0.0555577411789516
0.0947396368849644 -0.113661352756604 0.121242225033443 0.0230544630801851
0.153116059017854 0.0147519680739379 0.0750741742570728 0.0860655869370013
0.0902670787462435 0.144269276335473 -0.0309698098115485 0.0654727112819531
0.00363139841878474 0.186730258541142 -0.0211758500181081 -0.0524576987828506
-0.0685351668525803 0.108589391203242 0.0494343295022707 -0.174605312551797
-0.0267526510648635 0.149025712639706 0.109187037562182 -0.14522989438379
0.063935943291634 0.108902686006714 0.0746299099299121 -0.154206011355889
0.113520118177258 0.000146709438716395 -0.0144344568714561 -0.137225104262075
0.0683713167520037 -0.0750154997583197 -0.0630428738916297 -0.0824817703065944
0.00635073956111345 -0.0943816253497267 -0.076502516577521 -0.0546483052729269
-0.0487261010810369 -0.0773420380818694 -0.0749876408345223 -0.04262702992187
-0.0589275591563692 -0.056209600673059 -0.0566042895331364 -0.0366753980249975
-0.0618032617173242 -0.0523797607727322 -0.0332533326142886 -0.0653611309018541
-0.0385573567457026 -0.0836689062422618 0.0121910079451362 -0.0879226330450435
0.018403671296997 -0.0994017738451259 0.0807590415608933 -0.0816958451704645
0.0853751343658631 -0.0843178689029516 0.122950536518757 0.00390418275808149
0.11884587209775 0.0291512673087918 0.078757708443904 0.0695881647245491
0.0500071289703623 0.120018466595209 -0.02808913806835 0.0469377957398656
-0.0200574701264646 0.132587889208693 -0.00849193729552425 -0.0953544456094123
-0.0560253773132949 0.031648948372599 0.0700769149315385 -0.216308186003282
-0.042871177868445 0.0677161479425677 0.106498354812277 -0.157268974963547
0.0151574480965214 0.0635343344887057 0.0860618518463901 -0.145297274126023
0.0550111507022569 0.0112642051392976 0.00805227842474213 -0.13412773641076
0.0386602444428746 -0.0354849551132514 -0.045462718860405 -0.102899179059782
0.00758762651780911 -0.0492992204879026 -0.0779142012186028 -0.0822090898607485
-0.0247969609924182 -0.0459200952876441 -0.0877703516330384 -0.0633757420284768
-0.0338529438377575 -0.0364200055476078 -0.0727759344587013 -0.0549714240955751
-0.0370828108289444 -0.0366464407371639 -0.0492908250660966 -0.0824535928332779
-0.0217325965309504 -0.0562312657361574 0.00233461079512997 -0.109592077959457
0.0170723349352688 -0.0672571921903911 0.0811577602460761 -0.100383030646575
0.0691182797097652 -0.0468412390029927 0.126810306012398 -0.00641809337898735
0.073977952109193 0.042207217116304 0.0795242208386983 0.0623389125410013
0.0057630186990878 0.0847858482420766 -0.0237807158029935 0.0352526944370457
-0.0420562976903337 0.0628948534391915 0.00902258377209629 -0.118167847755123
0.0400742793558768 0.00610554903334823 -0.0101154632334884 0.14098358029777
0.0167785767891299 -0.0388557754831551 0.0605427277359064 -0.0162497477170587
-0.0253838910939857 -0.0269851761236878 -0.0717622334418559 -0.0828434505548108
-0.030603691352372 0.0138462216844833 -0.149528322978904 -0.00158203794673707
-0.00441848804342875 0.0248997117119663 -0.102750866816982 0.117275158657843
0.00410349175670197 0.0187273497909697 -0.00273831735563385 0.143765485618269
0.00864768460148908 0.0183060076915879 0.0558571034045239 0.105661759060838
0.00574129298465658 0.0113768875593795 0.0817250776331874 0.0709567989020426
-0.00621276776314532 0.011472905231566 0.0942851788835507 0.0646431951032578
-0.0148918931768698 0.000653949058955318 0.0877250689226318 0.0817684856854341
-0.00775599736969684 -0.00774642199726102 0.0525465544156754 0.108517758365231
-0.00293338331961256 -0.0191560235336701 -0.00040975763757905 0.126902461499182
0.0266805688213592 -0.0165007775820501 -0.07429542742827 0.134690532419085
0.0497053014045343 0.0130039560006065 -0.118716130075648 0.147443549014077
0.032601208031851 0.043997628735605 -0.0805114465483112 0.214132009934401
0.0378254760543137 0.073286990024066 -0.0282722453877016 0.135209678407262
0.0513179751554873 0.0179454872692492 0.0622307678040739 -0.0157260207933947
0.0277677500405676 -0.0173339642267651 -0.0671986632641184 -0.096190536137389
0.0071814549649496 -0.022457480682327 -0.15833978292768 -0.0178097008263042
0.00545048080950868 -0.0192431629119174 -0.117595495465816 0.113518870113187
-0.0089372962295957 -0.0226319754896395 -0.01570444462733 0.143758978069607
-0.021393246087846 -0.0108391269538389 0.0461042154692198 0.105472531398584
-0.0228239120473974 -0.0134255282329584 0.0746332389427913 0.0694910979747153
-0.0325893384844004 -0.0188739565568187 0.0892187867325447 0.0555385889380548
-0.0217907793904584 -0.0479721599928413 0.0915826674059695 0.0681006731285462
0.0183634444536087 -0.0521674743412359 0.069366366658413 0.0963095710828193
0.0496269213405421 -0.0406582761843027 0.0260283678050026 0.12556945873583
0.0800883160927457 0.0172515116541404 -0.0464643850861949 0.139094008822592
0.0658048169487834 0.0900433492491602 -0.0931650169302378 0.139561856487595
0.0229165275983607 0.125544411661261 -0.0668936331924957 0.184561556294221
0.0193359985875418 0.1338851932266 -0.03753150796219 0.10351052070652
0.0712135223021706 0.0876212916933017 0.0676148896843349 -0.0275951649575686
0.0819275867681401 0.0105232600837534 -0.0535922570821453 -0.117070246907583
0.0575442799067998 -0.0505935130896299 -0.158938094469296 -0.0449290110516138
0.0230747341973994 -0.0644894160235085 -0.131195559966526 0.0949042735333265
-0.0170047229601762 -0.066662475707697 -0.0332298614054866 0.12872080600658
-0.0478721047824982 -0.0424433194518233 0.0274762058597636 0.0922744928797479
-0.0491261377083841 -0.0356707918179575 0.0565561144573785 0.058560361672065
-0.0561517040706538 -0.0417106433201671 0.073050888416578 0.0363159496652868
-0.0350578140305358 -0.083979442510911 0.0890576088784327 0.0396141165948559
0.0272116606510123 -0.0924842272278772 0.0889929380043806 0.0652252297989
0.0835102569603766 -0.075776421904777 0.0634728886077219 0.111756512000771
0.130181500928514 0.0234004746302801 -0.00593617330981668 0.138355221233188
0.0930976170227866 0.137899576206727 -0.0665244179918071 0.127166762535284
0.0236544905465716 0.185356905798978 -0.05039048197329 0.134797525430909
-0.00986905812855725 0.175825620203702 -0.0347778528421633 0.0466444893740766
0.0700933318114791 0.156656706777919 0.0756410192197992 -0.0510989542701197
0.123076396078729 0.0548131078808208 -0.0273114165278559 -0.140236861205126
0.110321157636436 -0.0606959031706131 -0.142687038829627 -0.0801837813634007
0.0476745116216444 -0.100686496094532 -0.134314302040109 0.0576584371865033
-0.0168798410640405 -0.104693382047409 -0.0515545500650178 0.0959671397441276
-0.0658675052807475 -0.0709787893983228 0.000989339789936463 0.0675644109828482
-0.0678587168430376 -0.0530505079724265 0.0306233890465404 0.0398864370444867
-0.0729716336961669 -0.0544516566751279 0.0486024162594444 0.011348425985734
-0.0477163001946835 -0.103764100140561 0.0756926242877145 0.00468871331107167
0.0236475990417118 -0.119675278826585 0.0984250876054739 0.0221886679545283
0.0952366704011848 -0.109001178554852 0.0964810965007912 0.0827534027704053
0.161138101358235 0.0124319672668208 0.0338212710830671 0.125345972561709
0.114940633659382 0.155223618529345 -0.0453688584351958 0.108961453572596
0.0277220882835089 0.214793172316299 -0.0383395504261723 0.0720749389386344
-0.0417387637110979 0.187537874400686 -0.0155910217651728 -0.0285019426765389
0.0444641683636122 0.199783967593452 0.0864515832477515 -0.0840558562537975
0.133826603771198 0.099110088336933 0.00756423337633714 -0.155873605931597
0.14612531129357 -0.0487930584605493 -0.106248735587199 -0.111469684664142
0.0695895149885164 -0.115548907214945 -0.11973345925103 0.00741635041463417
-0.0102255211942347 -0.124814034590201 -0.0657462477355829 0.0469004147125859
-0.0716353557880591 -0.088475888360441 -0.0270183335031858 0.0319484166208464
-0.07746922137941 -0.0625109883334727 0.000825091365485521 0.0152810565308321
-0.0803796902256905 -0.0590405091563093 0.0201788445199558 -0.0153380334365357
-0.0541386228264907 -0.107144517581835 0.0539568217745298 -0.0295967062025471
0.0173106801920215 -0.128791647008541 0.0942781265821725 -0.0203845263820082
0.0932410795216955 -0.123031037962723 0.114325738778499 0.0481898747778817
0.166151564805222 0.00469164458002607 0.0610263343308429 0.103457339390289
0.115029713533049 0.1522995417257 -0.0340377035352337 0.0860209867206437
0.0235075574750347 0.211710559956746 -0.0302658340445974 0.00802125640882393
-0.0616853835957082 0.1631141406794 0.0134108288095247 -0.105993139715289
0.00876458331688525 0.19643674682146 0.098054578316948 -0.11788818581344
0.109264375504215 0.120411059756929 0.0440079783896833 -0.158427734555486
0.145781684159392 -0.0233408306152321 -0.0574859534733053 -0.129626365232486
0.0773366435701219 -0.104456671551989 -0.0910017994556887 -0.0422814089891236
-0.00208909626757581 -0.119772554273396 -0.0726060619923088 -0.00668715689480952
-0.065529537689014 -0.0891780855555094 -0.0534463292997699 -0.00608116437088991
-0.0740414949546006 -0.0624909401703349 -0.0291873919175365 -0.0104172067212837
-0.076505273633166 -0.056913105409605 -0.00834953995782843 -0.0408027199628106
-0.0515193427148152 -0.0980647767449235 0.0301409512197252 -0.0600865214563309
0.0145907233110551 -0.119482587327442 0.0842482979829636 -0.0562124836224673
0.0878939825061848 -0.11233779857768 0.119637154529317 0.0194199829036115
0.148716946025617 0.0103433871554968 0.0737406597465031 0.080897986300289
0.0906134662842254 0.13828715789504 -0.0292633753649709 0.0650954023783204
0.00719295909602505 0.180908236392389 -0.0226512561083732 -0.0490751135904136
-0.065130301396742 0.106333880305742 0.0452608160220891 -0.170701039195648
-0.0225733435994386 0.145850685411257 0.105184679198318 -0.141700726213952
0.0637019310385721 0.104848017494283 0.0710864678787904 -0.151473472187834
0.109725406251375 -0.00218159330732496 -0.0161588329230374 -0.132721390281264
0.064069438847694 -0.0741309164699184 -0.0612125592432827 -0.0797870033595051
0.0032368966681539 -0.0911007182341519 -0.0759675762267406 -0.0519052562798682
-0.048793238969212 -0.0725225045933705 -0.0745857002734709 -0.0381510108502869
-0.0586670626638402 -0.052676989588645 -0.0547646258801952 -0.0336341562245675
-0.0612453902978519 -0.0484486281794455 -0.0331168936476503 -0.0620458312570326
-0.0391095992047351 -0.0801384848227168 0.0108342157179853 -0.0853401408801096
0.0154209941024651 -0.0969840041652356 0.0770937009170669 -0.0815979114518081
0.0798757429073592 -0.0837799751724972 0.120678731551574 0.000950420015096671
0.115857416976365 0.0252660451823857 0.0774543024153212 0.0655058836239554
0.0510831788458012 0.115871865615847 -0.0264747766417781 0.0469797327437931
-0.0169351111122161 0.128012194713635 -0.0116396599233967 -0.0907367443607433
-0.0535744426823962 0.0314622620477706 0.0645448571275634 -0.210361893219197
-0.0402897615095493 0.0663450065196018 0.10193624034017 -0.153454803693633
0.0152193762488374 0.0616649836524597 0.0820497016967971 -0.142833558850357
0.0538519760936782 0.00977630848858882 0.00629111791588133 -0.130484003049079
0.0364267226991859 -0.0350740224497744 -0.0449095548033076 -0.0998774561436564
0.00570112561895449 -0.0479481231998173 -0.0788234865337059 -0.0782473171053542
-0.0247939156361248 -0.0435100302611055 -0.0876968491759552 -0.058218284657324
-0.0335158022401129 -0.0344821957397978 -0.0712147686176163 -0.0507363771367331
-0.0372925940494671 -0.0342602974989 -0.0487932049959707 -0.0785297101014584
-0.0224362699550721 -0.0537984108407696 8.79863536023654E-06 -0.10607330586314
0.0149375163704697 -0.0653691846145193 0.0767655257481534 -0.0996300009701949
0.0655058735596331 -0.0472153793110007 0.124043033330373 -0.00885043250682003
0.0725990371799869 0.0390290999460352 0.077900686785769 0.0586748686260778
0.00690796843597182 0.0818718675567245 -0.022289439431499 0.0358318516637335
-0.0402167324686037 0.0613836272963469 0.00517241672593032 -0.113303741986991
0.0401689885537263 0.00599902507629505 -0.00706771754197941 0.138659634850719
0.0162608597628294 -0.0387322297415202 0.0604274312635397 -0.0169295204363115
-0.0245536109582382 -0.026279700045198 -0.0711870545335757 -0.0795291468032945
-0.0296448896008038 0.0142070748801254 -0.146853370890464 0.00101330678253077
-0.00382009862360558 0.0240288438225453 -0.0990474717262445 0.11616113668637
0.00509848301067893 0.0180351964706655 0.001487481441148 0.140062195816019
0.00919469886031427 0.0173399360454224 0.0572814368985053 0.101948120686812
0.0062287623904799 0.0102399393204982 0.0812286380507772 0.067467330975919
-0.00509748821590149 0.0120039579961061 0.0942036365255765 0.0606167973725499
-0.0147914860855792 0.00133249041333679 0.0890877012969979 0.0784287917246132
-0.00781364054101905 -0.00777245873395828 0.0535520376048329 0.106131692216089
-0.00327377961376944 -0.0189279696055566 0.000391129571799669 0.123776017339743
0.0264414405415281 -0.0167024788692859 -0.0724016064959867 0.133137041559141
0.0486728148319301 0.0116923788953327 -0.114274513136521 0.145763569815473
0.0324653615087001 0.0424364103107205 -0.075656847245611 0.209115831887803
0.0382545688980352 0.0717223516428115 -0.0248946718367093 0.132296545915199
0.051300890083103 0.0161481619332707 0.0626328743646401 -0.0168792262854874
0.0268519812161113 -0.0173625148762372 -0.0661295231553598 -0.0929911192352522
0.00613018775963968 -0.021970583512635 -0.155233056371179 -0.0145586432240399
0.00476641912110558 -0.0192229697262706 -0.113570921205736 0.113115602909727
-0.0093046242502686 -0.0220819572138989 -0.0119259205145935 0.140639548729126
-0.020967370540186 -0.0101562425412754 0.0473535800416579 0.102089259038182
-0.0221956936693914 -0.0125487548685378 0.0746484693722934 0.0657906710556332
-0.0320453048529732 -0.017223174471196 0.0883510526117863 0.0520031154213882
-0.0229574157516467 -0.0466632682219554 0.092759700795031 0.0649452322595192
0.0165448576467955 -0.0520846190037198 0.070561329200123 0.0937326006996146
0.0481510338380886 -0.0407678182739694 0.0270294663858612 0.122931432214131
0.0792652432156091 0.0148376141364188 -0.045413640815212 0.137298373791744
0.0664628024977768 0.0871063772647791 -0.0901886383093365 0.138048798218039
0.0239604218007218 0.122163911968731 -0.0624489221136307 0.181886707450437
0.0205503087256797 0.130915495688923 -0.0345580284924054 0.101359579729723
0.0716814258980921 0.0843265978963825 0.0680057007168607 -0.0278591050570813
0.0797071095240539 0.00927764784811162 -0.0529960098473781 -0.114227383811768
0.0541539262816794 -0.0501930677714638 -0.156799310312397 -0.0418928408657706
0.0209407336649328 -0.063631109267963 -0.125246278313956 0.0948800898736902
-0.0180071243764054 -0.0642378015285104 -0.0289616152791605 0.126199978724101
-0.0470833342163032 -0.0401517739806563 0.0281291589073489 0.0897974931143292
-0.0480305740283441 -0.0337060308840733 0.0568155752108939 0.0558498154511855
-0.0548142350541069 -0.0388748299352928 0.073015027962249 0.0332629294703359
-0.0362283050147796 -0.0812492049576603 0.0892124904241112 0.0367118825679455
0.0246413673309435 -0.0915085169128069 0.0890900407963138 0.0628242882068658
0.0795331981577785 -0.0757011622065943 0.0643325237877528 0.108937466037718
0.127612928946281 0.0203912413169254 -0.00502253548633506 0.136062444550526
0.0935731546707388 0.133700996779275 -0.0633699598458872 0.125612147305362
0.025809489882268 0.180653841173948 -0.047512871683163 0.13317837860545
-0.00797681922786245 0.172783939276963 -0.0318987328459255 0.0457637966695424
0.0715357792800675 0.151695216592521 0.0764548840745061 -0.0512299664301794
0.120715440727027 0.0516030333948536 -0.0273415168239697 -0.135957259535515
0.105174581331947 -0.0607943141265258 -0.140789884827336 -0.0764890498032214
0.0446146927596908 -0.0996501687066151 -0.128531069503807 0.0580124182363102
-0.0190577682402353 -0.101251836342127 -0.048116843319152 0.0941148310353556
-0.065644464999906 -0.06699387849281 0.00179624008709486 0.0663677001858255
-0.0675800711622102 -0.0499115308326207 0.0310089247910787 0.0382140917550497
-0.0717879245567694 -0.0513835935524536 0.0488322453734427 0.00979217122453898
-0.0492585002338513 -0.0995243955103095 0.0757052252364449 0.00260063305418036
0.0207770948811835 -0.118560039377437 0.0970956439310248 0.0203438595330951
0.0904658746896013 -0.108485412674144 0.0963874747181509 0.0796426663673769
0.158448107082408 0.00867180087929357 0.033180255687725 0.122241626543374
0.11644521977565 0.150716604199627 -0.0433921689681678 0.107155280762296
0.0305262417243128 0.20928110484376 -0.0370186816642677 0.071862434173555
-0.0387628347927183 0.184598359687331 -0.0152876164212126 -0.0275438061025218
0.0475130365717466 0.194272941057467 0.0858958662526761 -0.0832729252665242
0.131928404422306 0.0959788039751434 0.00683785897838574 -0.152762667062799
0.14046886651115 -0.0503301574466678 -0.104835766646339 -0.107703843218258
0.0650685250840831 -0.114524093275541 -0.114236172226176 0.0087204868891075
-0.0133314619006309 -0.121564423442735 -0.0630572756946327 0.0468556137130613
-0.0721639094833957 -0.0838554432745291 -0.0266644937115892 0.032872732874615
-0.0759856037260995 -0.0591039130029279 0.00163179431239849 0.0149809933942601
-0.0795648988831781 -0.0552042948203583 0.0200265106651574 -0.0150613036553057
-0.0561156214331053 -0.103253436778032 0.0535192987653048 -0.0308604351216722
0.0141037015447512 -0.126285607493456 0.092090411696047 -0.0218647169989712
0.0879481102898268 -0.122426412096701 0.11346575508762 0.0457147667652648
0.162922663195391 0.000872400318422097 0.0597909336367696 0.0998218848435526
0.115974238287933 0.147130716953328 -0.032395790411753 0.0852236165106265
0.0262835882531819 0.206235460476534 -0.0306788768905242 0.00969268886684602
-0.0586587934706486 0.160003589828506 0.013231490441365 -0.103492221661688
0.0124003480298145 0.192135864023099 0.0965447674408983 -0.115821518938255
0.107923844312672 0.116828231863081 0.0423225124803992 -0.155687658893709
0.141066965863414 -0.0252802742120726 -0.0572184439684547 -0.126381949799011
0.0733551545129397 -0.103595529649359 -0.0874889365975855 -0.0408685382186193
-0.00483312109490394 -0.116882442767096 -0.0718123928594856 -0.00573441094430932
-0.0659560309199632 -0.0849270064706622 -0.0534036235484297 -0.00390870976906248
-0.0732969861095341 -0.0592876565413674 -0.0278686212072281 -0.00956081446166004
-0.0755042249268962 -0.0531591431069701 -0.00944252266346502 -0.0394964553051569
-0.0528647338002137 -0.0946545922543799 0.0296330478439341 -0.0594326362924742
0.011141375955352 -0.117192959130948 0.0826222164558738 -0.0566315907289598
0.082850108050201 -0.111530489870612 0.118173248141624 0.0169925503747925
0.145607458935701 0.00725999058622826 0.072368767955242 0.0782706388660749
0.0916393237253017 0.133720848827559 -0.0284575484720402 0.0643149782369124
0.00932893085756686 0.175869056782135 -0.0241969788880668 -0.0455061494042024
-0.062445858136056 0.104997821959157 0.0421786459489383 -0.167177516780747
-0.0193623202995958 0.142885721291214 0.102469722788324 -0.138770817307091
0.0629861292495046 0.102232022862185 0.0691159207853277 -0.148933889482522
0.1071121685427 -0.0033065174276562 -0.0166411981349092 -0.1298524788918
0.0607342317098663 -0.0735960860137752 -0.059901454463063 -0.0778483501470289
0.000918257650667284 -0.0885567660087654 -0.0760573856692963 -0.0503097497334437
-0.0494815335988606 -0.0691620518572158 -0.0745824027145928 -0.0349301094362315
-0.0582728165485827 -0.0497999307717919 -0.0536288886232917 -0.0309373332448742
-0.0606666794176566 -0.0453443515598704 -0.033317148835448 -0.0599143435744402
-0.0402502388679703 -0.0770979357904896 0.00957748484438353 -0.0841328187171548
0.0122813497047389 -0.0954177573003733 0.075178115400153 -0.0813943695455559
0.0757474614299096 -0.0832807908364086 0.11946691329412 -0.00140617300735885
0.113101226827845 0.0224267092609102 0.0759920410523477 0.0630220108011474
0.0517170229873629 0.112392722708358 -0.0258378077590333 0.0468400637759339
-0.0152242486171407 0.124910666124507 -0.0141316680991294 -0.086537968487069
-0.052459659115828 0.0312518474203663 0.0606944727209412 -0.205917742038492
-0.0387395554811555 0.065758935403285 0.0988454352008893 -0.15019690903734
0.0153557511274171 0.0602637166342342 0.0792947858052867 -0.140892209934467
0.0525858722951557 0.0090024829259064 0.0049785860804532 -0.12781613921778
0.0340370888247577 -0.0344858064404226 -0.0448854495108493 -0.0973782938460459
0.00498038503336342 -0.0471071185084769 -0.0794750858604198 -0.0751399732522786
-0.024941127534651 -0.041427705493521 -0.0875475366021758 -0.0540180041531417
-0.0334751407860465 -0.0326492348741011 -0.070034681239532 -0.0466109591645039
-0.0366663222099493 -0.0319613545579347 -0.0491941607449999 -0.0751185535153489
-0.0226953752124885 -0.0525698009383441 -0.00167549532575691 -0.103145227673153
0.0128294034725941 -0.0641559095924016 0.0739369026152626 -0.0994455187023362
0.0627049178623216 -0.047085897641637 0.122196124454123 -0.0113567114373567
0.0711535315419926 0.0364969566775636 0.0772471314326337 0.0562710579206693
0.00764548901973282 0.0799943056013331 -0.0224149319558002 0.0360459810844777
-0.0387174318535308 0.0599228703051319 0.00204793358437 -0.109867231433273
0.035803710526645 0.0128952600951966 -0.031849796412273 0.13254797124626
0.0222717024595137 -0.0333304692419884 0.0641183885787878 -0.00485276038994389
-0.016941254519087 -0.029962118715291 -0.0507383831732152 -0.0904553285383383
-0.0287016577039573 0.00668673358957061 -0.14140985638494 -0.0277722694781684
-0.00703306820790645 0.0201266492494902 -0.116727730304105 0.0923368498608659
0.00187846408141639 0.0163166382348438 -0.0256147922345275 0.134370448557525
0.00652293846430042 0.0174609710742784 0.0353350494400339 0.110200181821323
0.00395469309457306 0.0102900806005482 0.064262493702036 0.0790983223511156
-0.00683248024545127 0.0101868371342674 0.0792759277508008 0.0758038872847507
-0.0140860681597045 -0.00205396529208773 0.0692592217442366 0.0922322221672011
-0.00596254082790638 -0.00957479639498531 0.0298489084635458 0.113156789164311
0.00203845564569185 -0.0186904530154781 -0.0266776629885049 0.118107820499456
0.0301352004154989 -0.0090319189670106 -0.0980315430408778 0.113886767924513
0.0452526584525684 0.0224904761811353 -0.140947502281519 0.118889461101888
0.0218201498400541 0.0475282644898049 -0.119750860350751 0.190342011876461
0.0209360265947151 0.0740133138306132 -0.0483547630263367 0.124133550324778
0.0451306062452881 0.0248908832981434 0.0645356967647026 -0.00290433784888704
0.0300746328286803 -0.0121978079709715 -0.0436141680619452 -0.100158089854731
0.0103516626937104 -0.020432511644497 -0.145992657587732 -0.0435167480660427
0.00942270924960175 -0.0193064190132627 -0.129728232618157 0.0872594287896096
-0.00439160253871196 -0.024001335374017 -0.0370452849700518 0.133406662698023
-0.0173350501251888 -0.0137644700608572 0.025617388320101 0.108625331223541
-0.0192607138889519 -0.0174299766150021 0.0579416686034017 0.0768341714743789
-0.0266122133278464 -0.022988837788706 0.0757218444491494 0.0663892970855453
-0.0132006215697005 -0.0487086482190719 0.0765449103946333 0.0788895994148748
0.0264588457981809 -0.0469789466431476 0.049824270395004 0.102704397744297
0.0546866430611243 -0.0287274586210975 0.00147372914267986 0.122559987700444
0.0734146939218147 0.0329232243518755 -0.0704351505995529 0.124443798356593
0.0463231363871188 0.0982312537989276 -0.117030974956342 0.118618534468622
-0.00296317865396942 0.122468888319757 -0.100888704277436 0.166364156545323
-0.0073448227794686 0.126753130038344 -0.0526419043259589 0.0930750956583443
0.0525089273642454 0.0924025922486115 0.0688784601573324 -0.0123541201823425
0.0750511370432835 0.0238297376806773 -0.0277565704025855 -0.116476845093879
0.0606006220104983 -0.0371606688947716 -0.141151082806899 -0.0682079071545655
0.0327652548135762 -0.0581582763768698 -0.138233010181939 0.068152527016859
-0.00467323055327109 -0.0656678782807844 -0.0503763721942427 0.11569441900325
-0.0374101150899495 -0.0464343511351812 0.00980613796105361 0.0923137291699621
-0.0397333398945795 -0.0424241096774237 0.0433795914838856 0.0637142278653962
-0.0447118447377839 -0.0476631581639358 0.0634495235056618 0.0456546821165168
-0.0195023108835357 -0.0848261463899564 0.078888460753206 0.0515160215159433
0.0416962120486344 -0.0833960012489664 0.0743865748338027 0.0747866542312942
0.0922722785778972 -0.0554179603354641 0.0412730271958774 0.115341655325066
0.119263040338168 0.0484215339310336 -0.0299689561180703 0.130879843190731
0.0633199299739615 0.148828652824177 -0.0889616585498597 0.112418761436541
-0.0132817316682699 0.178436536619068 -0.0760256063558512 0.122106765037506
-0.0423869670343403 0.160405892405231 -0.0397994880021349 0.0401484484719242
0.0408840772420462 0.156453906261917 0.0786584131158036 -0.0332267315776071
0.105878437887428 0.0723927181441587 -0.000225345296340624 -0.132220332003533
0.11092776615504 -0.0374506396923275 -0.119538115140634 -0.0980385187410488
0.0615531431091281 -0.0870331543717094 -0.133541102396573 0.0335421179687251
0.00104364142786452 -0.100594677526063 -0.0622317720257491 0.0816994132610043
-0.0500665271202363 -0.0749172259793029 -0.0111139897871036 0.0639883466468366
-0.0552394997840711 -0.0616378764879849 0.0223941457596744 0.0428874364981977
-0.0580436589941114 -0.062809067116666 0.0446105275267495 0.018598324097982
-0.0285714332799576 -0.104515299135561 0.0730693373769915 0.0152805736954119
0.0432981633864038 -0.109710977848054 0.0906612845574293 0.0350558669840221
0.108046764315587 -0.0841064641558655 0.0794600398358043 0.0927623020520496
0.15163207630327 0.0440647426874472 0.0116203728970535 0.125576922964234
0.0799833638783445 0.170178309349393 -0.0655979201096367 0.0987802551326087
-0.0154825745286332 0.206336729510011 -0.052112256468114 0.0652820258865878
-0.0730504054732587 0.165774674434694 -0.0100977491478839 -0.0279490234131083
0.010965592958715 0.192711701951761 0.0925295356883092 -0.0637008361157601
0.107986187888626 0.116708653779145 0.0339259141445139 -0.140512564272673
0.141328500908149 -0.0201200186344276 -0.0785791011427728 -0.120669379292353
0.083943424214648 -0.0967111715009025 -0.111726185979559 -0.0119956035786563
0.0103298880094318 -0.117731681730491 -0.068007058434359 0.0328013974103805
-0.0532730181192676 -0.0922649316080343 -0.032570405787485 0.0256885740154518
-0.0620371514225848 -0.0719414029995413 -0.00117461835772746 0.0147861873937593
-0.064153993850171 -0.0676865967891733 0.0223584638893277 -0.0115399635475366
-0.0337989864337142 -0.108685091898899 0.0582454313340015 -0.0203274654172395
0.0382521381017335 -0.119109598005362 0.0947990775637564 -0.00708799354448915
0.108128322714286 -0.0974647604271339 0.103604852181826 0.0630286039064023
0.157053441796428 0.0370733851454537 0.0423918552718077 0.108582256885806
0.0813941568806629 0.16634410710444 -0.0506692039773091 0.0801547833707374
-0.0182463981114495 0.202620134841531 -0.032273980349286 0.00491223472871207
-0.0866197010235916 0.140222202711716 0.0311286032083872 -0.0959821869808636
-0.0222558537492446 0.184456046153901 0.108611023885981 -0.0936350547721038
0.0813659916218253 0.132775976979482 0.0682023567067816 -0.13727705973792
0.137311998800059 0.00309821873346137 -0.0300918490716353 -0.129299790785929
0.0894820330176968 -0.083696630773529 -0.0762092881663172 -0.0543540187155742
0.0175073921022467 -0.11138957942891 -0.0664992831821374 -0.0191576115578284
-0.0477487364392943 -0.0917248907845575 -0.0510635836189323 -0.0146773185129746
-0.0590001394919716 -0.0712855485965015 -0.0243688720345914 -0.0136956352292108
-0.0604912218493895 -0.0648398305009399 -0.000986254572457157 -0.0398678576486444
-0.0321624709370648 -0.100217660105063 0.0412037120776296 -0.0529782870065044
0.0343414511485004 -0.110045553967124 0.0912586748742342 -0.0419114350834507
0.100432975831123 -0.0882646575147753 0.114090963170221 0.0368112486736593
0.139100280302412 0.0389841369479184 0.0586481805335138 0.0895721505548028
0.0605473249650374 0.147655003996172 -0.0425456002948371 0.060225063482478
-0.0281769285753246 0.170004573058437 -0.0142875504241874 -0.0481150681830613
-0.0789013481386371 0.0883870513862475 0.0711710000388922 -0.151844505270259
-0.0429246599164834 0.13351019935016 0.120701106716844 -0.115449496076571
0.0415340054366984 0.111077729399983 0.0925354064094851 -0.126913913321972
0.100768892528602 0.0174054210197562 0.00970887095154933 -0.125500021249703
0.0720231670477204 -0.0572443255135221 -0.0424134645340182 -0.0854856353896131
0.018062949411492 -0.0832743186615685 -0.0628664951311463 -0.0621720616358274
-0.0346590651108335 -0.0738781619149071 -0.0659544512620214 -0.0486779317969718
-0.046603083493324 -0.0590897591539528 -0.0445509354214521 -0.0391091846278434
-0.0482177293580112 -0.0547818304689851 -0.0202462974507079 -0.0636754032355387
-0.0230781536488759 -0.0813269163137065 0.0267325080014224 -0.0791642215834334
0.0305721407229331 -0.0882206329832142 0.0887958979625324 -0.0665439687678729
0.0871975741083486 -0.0634086561154827 0.118003643846406 0.02028390427703
0.10490234408567 0.0468458923390032 0.0641664464053591 0.0762008688385756
0.0259169758074835 0.118368168369724 -0.0364690423691745 0.0435000922187208
-0.0415080562724423 0.116234322035665 0.00375686630435789 -0.0864814152009977
-0.0541985147977276 0.0211436968057243 0.0962127529540388 -0.187210904291451
-0.0471357487167659 0.0577337557528861 0.122072984423354 -0.126496828645706
0.00400147964635125 0.0626967786800172 0.102284845732018 -0.118906104307981
0.0483948187155151 0.0194404742938547 0.0301113327563715 -0.120307229339279
0.0400067556447758 -0.0250707108218252 -0.0245571612504776 -0.102585109200136
0.0138829886894015 -0.0424246021120996 -0.062998027457105 -0.0880694709021383
-0.0163969338281309 -0.0432921978414203 -0.0750852015747432 -0.0691925680256085
-0.0261138144254432 -0.0385293859102618 -0.056623155518513 -0.0575702209388277
-0.0282794725717081 -0.03746282143586 -0.0315875782371569 -0.0818294901445296
-0.0117945538275153 -0.0540165259006576 0.0198468459491238 -0.099404939852186
0.0251183603444203 -0.0584229321939853 0.0907507231450349 -0.0829129222827993
0.0680000104564842 -0.032534292735771 0.122697429913328 0.0127287571390964
0.0612177358848771 0.0507650700005934 0.0654457711002941 0.0702602927196754
-0.009479989917709 0.0784260479246974 -0.0304704500166536 0.0324405445642334
-0.0504247584478909 0.0494493416972548 0.0245735174710258 -0.106078126566999
0.0358643662667173 0.0128026076528952 -0.02909602614021 0.129398238048192
0.0209624057243154 -0.0333516710620744 0.0641098217131965 -0.00610274064922302
-0.016596461784618 -0.0288945001151606 -0.0495415084389917 -0.0877160112341969
-0.0280783466286048 0.00676309831866885 -0.13860822895447 -0.0246986213158365
-0.00627675448085908 0.018995492007019 -0.113685646670704 0.0913619571201037
0.00238300602265276 0.0155272871352575 -0.0223716836773354 0.130631740064977
0.00682570854788629 0.0165416908188087 0.0368407252693035 0.105816783603058
0.00418224255361285 0.00944250593416898 0.0637742528335974 0.0757395095583284
-0.00637341693760491 0.00967444572528472 0.0795280837601578 0.0713565620474879
-0.0137682482330987 -0.00114311542736514 0.0701814534384277 0.0886277368210549
-0.00592476288875719 -0.00899975785081661 0.0309923409208384 0.110181132815692
0.00132783903351413 -0.0177845818623303 -0.0256627127913698 0.115149112044041
0.029535677493231 -0.00948540790022524 -0.0958452549277348 0.112215286608992
0.0445581573564933 0.0208124802958397 -0.136366234169702 0.116457200759761
0.0216115240412906 0.0463418922238145 -0.113193267181044 0.185468303918683
0.0211858996916679 0.0723345004045795 -0.0454056399506096 0.121415501519617
0.0446009083584881 0.0227823897281088 0.0640624833343272 -0.00391324787344086
0.0288118376949251 -0.0122299977821339 -0.0429824155481595 -0.097562553021858
0.0096461565317543 -0.0199790592369346 -0.142799913246191 -0.0407307072306841
0.00836181666188594 -0.0190463583525451 -0.124844937327406 0.086534574623023
-0.00454228611046033 -0.023376143840524 -0.0337479822515637 0.129551958264502
-0.0168297733101282 -0.0127936697781491 0.0276953847708029 0.104773339771958
-0.0188509648562498 -0.0173862299648646 0.0575345268097599 0.0736370532682631
-0.0255252209794751 -0.0219414217612173 0.0757206044942946 0.0627986655922492
-0.0138269541795873 -0.0466335469801312 0.076763630711716 0.0754394009201015
0.0248621973371864 -0.0466620733309711 0.0507560709859554 0.0997903695087657
0.0525226003776964 -0.0285791556379373 0.00223939826755508 0.118802668674709
0.0724742078397359 0.0305848634955985 -0.0692235157241792 0.121482401773049
0.0461489830918665 0.0945891162426374 -0.112127217123632 0.115940690846264
-0.00218996570942241 0.118381970994607 -0.0961585933241738 0.16250170720557
-0.00637854261519379 0.123510645914028 -0.0497947652224429 0.0908918772661904
0.0529948204811079 0.0890308087735271 0.0689156025987973 -0.0133569129564466
0.072683853916267 0.0218982840481264 -0.0268372989985855 -0.112784317241174
0.0574786718503547 -0.0372561360549303 -0.138688344706507 -0.0653109437821462
0.0311806912080822 -0.0571622965981736 -0.132667463873118 0.0678217774814436
-0.00540223691874824 -0.0637209107940761 -0.0470746186832207 0.112989594587375
-0.036958299276335 -0.0441311530037339 0.0108348314893423 0.0898034946610257
-0.0391756722218938 -0.0406352940195531 0.0430536976636228 0.061224034554766
-0.0437542362726386 -0.0458856121174323 0.0634589043675252 0.0430268901775302
-0.0211197391742496 -0.0812682195366059 0.0791767297658594 0.047835729962651
0.0384923518423499 -0.0822716291366727 0.0743348437251838 0.0723831281816791
0.0883448857828385 -0.0555050586917767 0.0417814905845917 0.112133027805699
0.117206829702733 0.045459570524114 -0.029543534748618 0.128073050646469
0.0639774847047028 0.144353478949747 -0.0858449644775993 0.109922499396098
-0.0111945014943584 0.173173106066526 -0.0721757635705602 0.120611963463227
-0.0405619138569686 0.156692513896648 -0.0378442411352769 0.0389861367167184
0.0422617944864587 0.151465489125957 0.0785624016116276 -0.0331251179680706
0.103177813273168 0.0694991359738251 -0.000637969897236237 -0.128834551780926
0.10613437431714 -0.0378756956136494 -0.116845758610735 -0.0943007557756057
0.0583678524745258 -0.0859047312465746 -0.129100403025965 0.0329168716769158
-0.00106453138463086 -0.0979814271911474 -0.0592268450731012 0.0794260999068812
-0.0501693728409222 -0.0713406286647126 -0.00989559385480903 0.0625685711853619
-0.0544428306869431 -0.0590018365009039 0.0228912623318953 0.0408811564732562
-0.0569146183332506 -0.0594935397700434 0.0439748740347531 0.017387221113967
-0.0300690149356396 -0.100876934103159 0.0730573006838185 0.0131604103561772
0.0401896225475809 -0.108150537218748 0.0894539906424287 0.0329206613962088
0.102803924678182 -0.0837136692960539 0.0786574608210358 0.0899009716017309
0.147755087625793 0.0404433194304227 0.011705733314597 0.121718633405497
0.0814073381517075 0.16455921016708 -0.0627894730975792 0.0967350848032692
-0.0126399755763127 0.200139304222252 -0.0502343054928733 0.0643724864315196
-0.0698243015993315 0.162337967342824 -0.00979208432158933 -0.0268031576072163
0.0137024175214837 0.187603127666288 0.0914981693510748 -0.0624418699671946
0.105872739951148 0.112809008828456 0.0327638767081948 -0.136983619210214
0.1361352540463 -0.0214263860528396 -0.0778509178794665 -0.117135092481688
0.0795514908368274 -0.0950585286859155 -0.10729583574472 -0.0113657193102047
0.00759843303028635 -0.113786413584065 -0.0659304831987035 0.0321776625082248
-0.0534908374943509 -0.0874419560886729 -0.0318807342759886 0.0264127532569342
-0.0615551314095558 -0.0683394233859885 -0.000380462934581249 0.0146201407630781
-0.0630266826055739 -0.0643079559007788 0.021315669311377 -0.0112872632530965
-0.0351719214695218 -0.104543272061319 0.0578316777570798 -0.0218663032681365
0.0347820745696858 -0.116986938562384 0.092983422598823 -0.00818349526296579
0.101756338362553 -0.0964728213085893 0.102413028323954 0.0601667866349578
0.153116552422481 0.0334414860985945 0.0414521258788622 0.104459231570499
0.0819007198678622 0.160986877508356 -0.0484280254140706 0.078182944441998
-0.0153705772032725 0.196587396039953 -0.0319220775322094 0.00619976330223407
-0.0833329654953284 0.136806008389331 0.0297297880700384 -0.0936799218174126
-0.0185554712286022 0.180007673846705 0.106551061822417 -0.0918714296851233
0.0802059210848805 0.12835884224665 0.0659661768066974 -0.134223040575273
0.13302020850636 0.00197044156913777 -0.0299602405765417 -0.12537606476157
0.0853140821308628 -0.0827597011799997 -0.0735879365262719 -0.0534348938977336
0.0144958503661038 -0.108381179059882 -0.0660632463626409 -0.0181294343942944
-0.0477472589828399 -0.087118586146598 -0.0511819883779456 -0.0129423701884085
-0.0588245437265088 -0.0679193684830496 -0.0233455110735763 -0.0131748216743359
-0.059841356776065 -0.0613209119622295 -0.00123253269223182 -0.0381597379777054
-0.0332905639810806 -0.0957602384694053 0.0399656820286245 -0.0527554169452812
0.0307674457556361 -0.108259380195435 0.0884964067496191 -0.0422452801877744
0.0948227561836216 -0.0875377446734713 0.112440180227093 0.0343042732994776
0.135525976977199 0.0357797728167615 0.0573584002224257 0.0863620856241371
0.0606691521552925 0.142701307849401 -0.0409020039378143 0.0587390450086317
-0.0259211881520269 0.164984630422095 -0.0154735375770756 -0.0453772852345002
-0.0765721571107991 0.0864499585887728 0.0682359586642209 -0.148243093048462
-0.0397999660916565 0.130795199985461 0.117143087112758 -0.112104473884337
0.0415428375809583 0.108032258820123 0.0898444706538778 -0.123853797689602
0.0978861629009254 0.0157605272865578 0.00952385094797632 -0.122062205429088
0.0687181275739056 -0.0572891534419281 -0.040740869206202 -0.0840803222391615
0.0158007290273274 -0.0808178226877442 -0.0634650320310576 -0.0603003299489611
-0.0347182423872336 -0.0702653941869357 -0.0654580489517753 -0.0453816405615605
-0.0464463190937239 -0.0565057277607649 -0.0431102982293709 -0.037269384389273
-0.0474995960384539 -0.0520258086403936 -0.0200528812766751 -0.0615074432110388
-0.0241553303565528 -0.0774495112719842 0.0255860696097702 -0.077567928301297
0.0280816349148137 -0.0869077850684296 0.0851021738202452 -0.065974621697012
0.0828179998522896 -0.0627849442156055 0.116071075798044 0.0176202788600298
0.102076227748379 0.0431699091178227 0.0627435702371056 0.0731265122812897
0.0271937414891381 0.11545549827085 -0.0351676688843929 0.0430230252178432
-0.0396171498387176 0.112983042192282 0.00170255653654154 -0.0826356470417337
-0.0529313573590483 0.020877279403817 0.0919987143492788 -0.182332614682313
-0.0455425975760586 0.0564505729503758 0.118151034169832 -0.122776375166309
0.0048872301153057 0.0612377636284866 0.0986511348623768 -0.116294648616935
0.0474522246813731 0.0183827460530401 0.0293590618514826 -0.116845074072167
0.0380004752444335 -0.0247545266121809 -0.0236857695344367 -0.100458285918616
0.012874410122585 -0.0412392500483605 -0.0636268905793487 -0.0852140298672645
-0.0166895066608528 -0.0414252672393466 -0.0750984900455876 -0.0657962768455737
-0.025676288832637 -0.0369234059109195 -0.0555152762146841 -0.054811937665697
-0.0280014285851621 -0.0355574671694381 -0.0311834522775489 -0.078418967068511
-0.0117805982724863 -0.0523357077643598 0.0178925074594991 -0.0964332806089882
0.0232053992012699 -0.0574055166036706 0.0871563100308289 -0.0822909189965733
0.0649909959221812 -0.0324429939693922 0.120206009538407 0.00999438935029766
0.0599674034215887 0.0487932989090203 0.0637440425567606 0.0672698129511803
-0.00876810906992508 0.0764849975733946 -0.0300053541930525 0.0327466072856906
-0.0497069844515175 0.0481931920140146 0.0211997576076369 -0.102209324434831
0.0350819630247997 0.013180262947874 -0.027645507610564 0.126450789470508
0.0206174118237514 -0.0328723244855966 0.0641086275143549 -0.00632158062941193
-0.0165608581888753 -0.0287869368521263 -0.0473620097561655 -0.0860969823456369
-0.0275196655023626 0.00729248762327418 -0.134910841977506 -0.0243808214953283
-0.00633056872455281 0.0181371230878706 -0.111096876900583 0.0887268204199137
0.00258183586892134 0.014464090759825 -0.0213054014807661 0.126665899565799
0.00683612729174861 0.0153140446719335 0.0371127021240146 0.101852683612512
0.00427868105620409 0.00890765949120428 0.0625832989323024 0.0731525587232683
-0.00538851082361534 0.00956235229765599 0.0780789048650091 0.0682860888577674
-0.0134736795588724 -0.000657917736005209 0.0694350628875022 0.0854365851580687
-0.00561723926296953 -0.00913245005366682 0.030348876560887 0.107900856830887
0.000935980158449252 -0.0172724412826715 -0.0262690197561 0.111542226867176
0.0289846751557709 -0.00931739298542829 -0.0947682582332294 0.108726739598789
0.043067051748107 0.0201112429136883 -0.133194711834252 0.111853008733468
0.0202669542087684 0.044580429425092 -0.11060917269256 0.179036882205406
0.0202194302884685 0.0708494030995267 -0.0441300427602127 0.117689387321574
0.043437824339958 0.0217578532642709 0.0642367328682977 -0.00445227840975995
0.0277512660013031 -0.0120454181226315 -0.0405730608897839 -0.0952493637558166
0.00887935589281011 -0.0193879421668278 -0.139168882001891 -0.0400917236426157
0.00809967213640426 -0.0190188980869858 -0.121830435835468 0.0839117646123842
-0.00449546192783091 -0.0230291181862314 -0.032082421111676 0.12578056562542
-0.0160348049869214 -0.0127546051446569 0.0277785459989898 0.101234190084635
-0.0185650854961928 -0.0168872886462193 0.0566274115643976 0.0713245651611763
-0.0248056622233468 -0.0211311850791404 0.0742179302633999 0.0607215242164697
-0.0141714225678286 -0.0450326605373355 0.0758062393352044 0.0727126129077678
0.0238093933522699 -0.0462799261124111 0.050088239633803 0.0975673339103798
0.0504996965291975 -0.0282770519295619 0.00130252522900596 0.11568842494613
0.0707530104397783 0.0296711851851897 -0.0689696119349875 0.118269242356754
0.0455669764646584 0.0922384280594872 -0.11011679015293 0.111576488001348
-0.00290064773306743 0.114676137833503 -0.0932978263633072 0.157835541538816
-0.00660010991028709 0.12074240792553 -0.0480728238046964 0.0882339174402369
0.0519023758205637 0.0861859288719003 0.0690570062179901 -0.0129507521319462
0.0701520226040103 0.021606657727641 -0.0255326502146231 -0.110163524816157
0.055213049948 -0.0357380066350249 -0.134918599265734 -0.0640689878832027
0.029369788998739 -0.0560462022555572 -0.128622518499806 0.0648544335980571
-0.00628242584111091 -0.0621514583246501 -0.0453561665754554 0.109140141290192
-0.0361178857077009 -0.0424646001495754 0.0113530065889308 0.0879400230104725
-0.0382787584801044 -0.0397769445580727 0.0431429774673868 0.0592627086357057
-0.0423314178190653 -0.0437177958585231 0.0625327604587439 0.0414972031427896
-0.0210281905881332 -0.078734923148498 0.0779609498518283 0.0454562934726777
0.0371254430852262 -0.081888000696935 0.0730989808046035 0.0705872037030029
0.0848418716996389 -0.0542848267325286 0.0407814381968254 0.108667519468259
0.114200924365892 0.0437578711870792 -0.0300693197546278 0.124733900002033
0.0626272367419104 0.140895284771489 -0.0838077507099871 0.105954830893553
-0.0120383631430823 0.166797777366735 -0.0706602455846947 0.116870479342968
-0.040084146804072 0.152526136374692 -0.0362959042427857 0.0372550140705999
0.0418582372329514 0.146919241389222 0.0784735492419268 -0.0325217599079478
0.0999679762090348 0.0676763592291799 0.00103983734553308 -0.124918081275441
0.102649935421965 -0.0368443121131832 -0.113316937907997 -0.0922007647250641
0.0554038244170051 -0.0832438206904029 -0.124062033815418 0.0312672348063883
-0.00168506329884503 -0.0948049488207413 -0.0576203807020305 0.0765169171611007
-0.0484856617100163 -0.0686793912518921 -0.00960652731016933 0.0616018668157769
-0.0533075946266653 -0.0569048884769357 0.0225425176128483 0.0395382509467889
-0.0552457555714988 -0.0573535897564158 0.0431783136259597 0.0167731803982233
-0.0301806344388027 -0.0974332491276875 0.0716496322807428 0.0118657340236268
0.0382109580870975 -0.105633834944488 0.0877103844518831 0.0321239116363559
0.0987395966120748 -0.0821747910018227 0.0771635286664797 0.0871812389547976
0.144073937500416 0.0391711135880126 0.00943894364132857 0.118161547448703
0.0791094408779844 0.159989313504834 -0.0626450547192489 0.0936371290084233
-0.0138769910274769 0.193621844877096 -0.0495479387941274 0.0639218149787367
-0.0689605459551902 0.157960869413339 -0.0086403736080706 -0.0265471286516525
0.0143886714706312 0.182683562551104 0.0911080413318531 -0.0605054644906448
0.102729831838824 0.110321940889801 0.0338566489817012 -0.132697453626989
0.13214507513828 -0.0205704630419486 -0.074444642335294 -0.114898300030102
0.0769409341066882 -0.0927213411800486 -0.103017520570424 -0.0118844580087382
0.00683279357345425 -0.110634622663686 -0.064600595854577 0.0304236790370128
-0.0519523135178176 -0.0845150202759809 -0.0313961428144015 0.0259016157168279
-0.0603148020896051 -0.0666738364326771 -0.000328115770748381 0.0139154594049651
-0.0607849685512219 -0.0618737390505581 0.020963658356484 -0.0101924714676142
-0.0351162232773374 -0.101186867414076 0.057135037465841 -0.0217697688232733
0.0328904253622577 -0.114220821468539 0.0904691743882273 -0.00797904409439528
0.0976461456840384 -0.093946138107502 0.100474648242306 0.0578662368357682
0.149184944864764 0.0319725540121378 0.0388308089692369 0.101796250998477
0.0798595284238161 0.15624228469681 -0.0480454764255829 0.0760523645177218
-0.0165146061517774 0.189846167297614 -0.0314721211169848 0.0076408994891405
-0.0821094301795175 0.133243211151463 0.0297511043785398 -0.0912086067919676
-0.0179407131887937 0.175625662654829 0.105222668766321 -0.0886192175613949
0.0781627901728516 0.125886933142984 0.0655251252278711 -0.129310428553332
0.128994100003001 0.00207035271481405 -0.0281842725750928 -0.122481623210653
0.082108034063521 -0.0807071494139527 -0.0696482997761861 -0.0529634240528195
0.0131056874385637 -0.104715423879364 -0.0651839424257447 -0.0183649402026888
-0.046982433422825 -0.0839539742518875 -0.0503885565616223 -0.0116432688128907
-0.0577331534540116 -0.0652091109062914 -0.0220503290528683 -0.012713273502734
-0.0577120898373854 -0.0589491331626033 -0.00160220465252669 -0.0362630423370524
-0.0334301622526447 -0.0925526564078298 0.0396846616882098 -0.0516920858648785
0.0290071242790234 -0.105682193981107 0.0866926214456035 -0.0408364848916367
0.0905565739224765 -0.085096411285278 0.109878577938838 0.0327597671418577
0.131282101568314 0.0342526754685675 0.0548195573806321 0.0838401657108761
0.0592087940946438 0.138980976569298 -0.0402431683912357 0.0572308622219262
-0.0258707678081684 0.159284794734822 -0.015950728215701 -0.0426450222555646
-0.0750019828679281 0.0839380512308767 0.0671163990668102 -0.143790036388707
-0.0382917170082679 0.127073460423452 0.11542055861031 -0.10775526772428
0.0405888499959811 0.105747809791903 0.0880817211698624 -0.12005125624809
0.0953337452080107 0.015411196447023 0.0106352899080169 -0.118540812431765
0.0664137181320958 -0.0555341700756823 -0.0384123711463043 -0.0822457951075024
0.0154074029350145 -0.0786591949188004 -0.0633807344405898 -0.0594644393985043
-0.0336972883689516 -0.0676653438399758 -0.0654721137470319 -0.0433235172741345
-0.0454732102098381 -0.0541201759293722 -0.0416473983245881 -0.0358859924434367
-0.0456925483755471 -0.0496328509702286 -0.0199943271837719 -0.0595017653648337
-0.0240221825584284 -0.075491709785562 0.0254913539019573 -0.076069573798113
0.0268712484958766 -0.0844111523013472 0.0836005499693058 -0.064649829923204
0.0792530994706432 -0.0608563488525102 0.113548716517589 0.0166748619533987
0.0986281611072372 0.0420607101935724 0.0603941430067777 0.0710447770982119
0.0261203482123373 0.111886833480259 -0.0348679894843148 0.0416705951011321
-0.0394831185260102 0.10909474524994 0.00113653193349797 -0.0789625903699046
-0.0518593441564826 0.0202970435817684 0.0909741069737505 -0.176834507138829
-0.0433873489362678 0.0551725306106554 0.11594386301666 -0.118255272586302
0.00532014411155145 0.0604135366480167 0.0971840543360602 -0.112250428513842
0.0461239476122506 0.0177791964303209 0.0305739889573571 -0.113216880862848
0.0367945729119254 -0.0243001611341358 -0.0225236689206093 -0.0985962118693467
0.0124332022612719 -0.0395690655871681 -0.0637725392647118 -0.0833199708001181
-0.0158614730192562 -0.0401090490359098 -0.0743381639334342 -0.0623343212571122
-0.0258348205918477 -0.0355745655607224 -0.0538543123696405 -0.0525533384863596
-0.0265247736069596 -0.0344520874060609 -0.030376333351626 -0.0761269410904018
-0.0122783154238665 -0.050515620646356 0.0173995817512972 -0.0944076179148298
0.022266993190833 -0.0556331383670136 0.0845128020849864 -0.0796270135706783
0.0621733686275626 -0.0314222673325666 0.117447538430867 0.00938372042461944
0.0581603830464075 0.0473299739901739 0.0613464955064959 0.0653886967314443
-0.00866833793152322 0.0740483007670734 -0.0296203955544447 0.0327192918309923
-0.0484558041038454 0.0469686386119611 0.0195198199721862 -0.0979901036230642
0.0349369742513582 0.0132754549073143 -0.0290809557700444 0.124352039207969
0.0202190651844124 -0.0324004025051972 0.0647783573123315 -0.00622838294210931
-0.0161123785395104 -0.0288513261406786 -0.0448738875707197 -0.0859326502804755
-0.0272402189374468 0.00674940989121408 -0.13241133129534 -0.0260473039115197
-0.00634312656217281 0.0175692481080366 -0.111662896905823 0.0857398869470076
0.00251116112528573 0.0140091262773685 -0.0224289697461304 0.123424282059708
0.00709194846273797 0.014944052427634 0.0359383847128025 0.0996469748037433
0.00374159971601354 0.00811654714670826 0.0607440814266615 0.0723743675832321
-0.0053354007044631 0.00885594217787428 0.0764927800792636 0.0671998939316293
-0.0130662614458017 -0.000762689791455288 0.067813207356831 0.0851005971856817
-0.00566795979983317 -0.00897266495366063 0.0288723082550121 0.10738992967926
0.00121712236884702 -0.0170312293892174 -0.0279350387379559 0.109730491045403
0.0290894265203239 -0.0087314154840593 -0.0962275610966882 0.105233192005688
0.0422230062468374 0.0194941523358912 -0.132913081056866 0.106716052227591
0.0181305775095056 0.0442069461455252 -0.110900687172599 0.17292406630913
0.0191126035630999 0.0700067963379073 -0.0445650412177373 0.115462051349561
0.0424873935996146 0.0209872266189072 0.0649850991607154 -0.00443075465871459
0.0266745757727339 -0.0117010969985671 -0.0378653100278113 -0.0940820759402723
0.00823888042202697 -0.0187690015302526 -0.136189249927133 -0.0412593222790137
0.00794832530571042 -0.0183793633928345 -0.121533998115931 0.0803635855850548
-0.00433344503113067 -0.022792728353763 -0.0332031027885018 0.122352406691589
-0.0158871263635041 -0.0124045310021144 0.0266001733697744 0.0993283632682475
-0.0180478613729423 -0.0168475486229976 0.0551526238559192 0.0704753599395412
-0.0240079730594589 -0.0209250520447845 0.0732572982994244 0.0593223692148423
-0.0132352252056213 -0.0441930317722008 0.074763655330888 0.071892771931267
0.0236896366922919 -0.0457968116035389 0.048283118117945 0.0976267664199539
0.049717453325641 -0.0275150966285832 -0.000952733864222709 0.113557272877425
0.0691874634826994 0.0301798896865449 -0.07094490611126 0.11513959074719
0.04355061744226 0.0905810662607135 -0.110594131676493 0.106814379162707
-0.00565353303205432 0.111874284525023 -0.0943289521164826 0.153393962574683
-0.00880374521844264 0.119006792003609 -0.048266207015466 0.0853102578094752
0.0504836121225779 0.0849265437094519 0.069806528509766 -0.0122282404076704
0.0681277508414328 0.021893386070395 -0.0216696947309002 -0.108291807759014
0.0541130972680664 -0.0346642984921122 -0.131195960417921 -0.0649297924215991
0.0295329014868985 -0.0545696099607552 -0.127500488782149 0.061056404432534
-0.00591386045574865 -0.0613531744089873 -0.0462719175388125 0.105848995639879
-0.034940225995611 -0.041921636448656 0.0106187992725539 0.0859457073138705
-0.0378871175327306 -0.0396360439613234 0.0414781176766117 0.0589935566070133
-0.0414208511304393 -0.0433400675053528 0.0617573130847629 0.0417126780328856
-0.0202555414143398 -0.0768863047958362 0.0774529119606471 0.0450106112907766
0.0370129844678389 -0.0804249541427152 0.0715487787858545 0.071528835875966
0.083338188885511 -0.0527704246272516 0.0385374940789547 0.107467044683662
0.1117743626869 0.0442582703055546 -0.0327814666594043 0.1220091404459
0.059953335549796 0.139051442652232 -0.0850194034311643 0.102526460709636
-0.0158541820490483 0.163294051784527 -0.0709617668550794 0.113905637177066
-0.0424349075382528 0.149975031419563 -0.0363087387493155 0.0356586751500489
0.0395183493461919 0.144537111637789 0.0790115285881385 -0.0313752304276913
0.0971618419627663 0.0682304299615728 0.0038212246401691 -0.122763722570405
0.100845993996738 -0.03446060428231 -0.109873000980115 -0.0932731791536384
0.0553477349442422 -0.0812351388023776 -0.122089535916021 0.0275581977907342
-0.00143894406294627 -0.0933120036651421 -0.0583898571609159 0.0739429211415797
-0.0472865518373274 -0.067225737644466 -0.0103625342608581 0.0607307019734008
-0.0520512150925887 -0.0567271608049243 0.0228658635705978 0.038912980215546
-0.0536473291827247 -0.0563621078956574 0.04334737448844 0.0171988792492904
-0.0285882506923592 -0.0956083678635716 0.0716326244304654 0.0112966643736317
0.037472658943283 -0.104833753023011 0.08678158939835 0.0329624184507022
0.0972759370666818 -0.0789836659214169 0.0752499900188125 0.086150284156918
0.14156128505599 0.0401173645676653 0.00632933926818486 0.11642059915887
0.0764247245813604 0.158600401291436 -0.0632267900252476 0.0903532275923738
-0.01698074657819 0.188820229873188 -0.0492419660560506 0.0625478801981071
-0.0714482453115489 0.154960370471434 -0.00722701939796749 -0.0262548076802361
0.011831819395869 0.179411105789252 0.0922567283283792 -0.0574894127149909
0.0995640905516204 0.109821098710699 0.0374070633034524 -0.12970278385519
0.129548069025308 -0.0185618170053551 -0.071187559583921 -0.113884962869652
0.07632342010874 -0.0901962235782727 -0.100190725659405 -0.0149692510621011
0.00692571897228112 -0.10859137061701 -0.0644795164937539 0.0285963923350033
-0.0505732613703579 -0.0822229168924949 -0.0314589704526028 0.0255979484083285
-0.058735737687931 -0.0651244566401133 0.000336285109413084 0.0135826016102355
-0.0591632030856485 -0.0610660240689379 0.0214875322101444 -0.00974262363256503
-0.0339860308208111 -0.0990785410825639 0.0575574334139003 -0.0219156124677268
0.0328613072779378 -0.112891183362137 0.0895154654660162 -0.00686926833590842
0.0955819559611702 -0.0913669177482338 0.0988761626251145 0.0577917823466062
0.146263071340983 0.0332476378457736 0.035769571570947 0.100412897502071
0.0768244845361415 0.155011771938977 -0.0486190489848602 0.0736992680500826
-0.019743601204782 0.185629022543712 -0.0306927233240127 0.00782421920777593
-0.0841024305634762 0.130337880440422 0.031520246526419 -0.0894023797732667
-0.0191202173947359 0.172163696272458 0.106002568272905 -0.0847330052850637
0.0754905362624337 0.124660744632461 0.0680754821146758 -0.125811214177192
0.12634126462886 0.00322236571115421 -0.0245377070046954 -0.121122937646768
0.0810022179076856 -0.0780020718204212 -0.066748679932357 -0.054871855356094
0.0139084711479404 -0.102486272731921 -0.0649852580166633 -0.0194031037315912
-0.0455697838778834 -0.081904205661748 -0.0505129325676382 -0.0110470735351866
-0.0564228986067915 -0.0642865852779567 -0.0217972228939572 -0.0129543101479881
-0.0556624281695722 -0.0582722276282112 -0.000585293688505533 -0.0355111754206718
-0.0314307591065859 -0.0908236127585552 0.0403003990030724 -0.0511346180448171
0.0288524705737311 -0.104280666363794 0.0855595373557367 -0.0397748444501767
0.088525821698319 -0.0829338391959057 0.108728616289115 0.0332659997047474
0.128713434162715 0.0349410776540584 0.0514987031190713 0.0829907272142344
0.0568288821251552 0.137451197941385 -0.0409751422532083 0.0559664017537293
-0.0286827440147701 0.15485926053043 -0.0155625224642298 -0.0406536516633791
-0.0759245796779708 0.0815025896150515 0.0692555504387396 -0.140158385612618
-0.0387839191328994 0.124037288494794 0.116472458157578 -0.10348841663452
0.0386864713783423 0.104408820533493 0.0900077331704933 -0.116254738950473
0.0932703434874712 0.0160945562801685 0.0129339020506385 -0.116685276269882
0.0655732856758749 -0.0538861427683658 -0.0359234028322883 -0.0832343576439918
0.0152799569808987 -0.0771073987397783 -0.0626700248101364 -0.0594260571736928
-0.0334437983004686 -0.0664624693797435 -0.0648783350655469 -0.0421228846905479
-0.0445589059581248 -0.0536536793831934 -0.0402119556785254 -0.0357172640831856
-0.044535758268504 -0.049011441402545 -0.0180572525761619 -0.0576872167452707
-0.0226131464437212 -0.073401791122635 0.0260629597204056 -0.0747128161655552
0.0266459013979845 -0.0826930312178785 0.0827609011693167 -0.0625030914779691
0.0778587098501172 -0.0587031844888809 0.112757686133151 0.0171157167428549
0.0969012422967461 0.0426842647250897 0.0573043022717771 0.070213109644108
0.0242843883000904 0.110269645820327 -0.0351955383118888 0.0415646774002321
-0.0407190374334973 0.106390233908108 0.00113931903607404 -0.076433220157703
-0.0515053478818751 0.018705657647323 0.0926973381644019 -0.172063014510619
-0.043580773542017 0.0533787716512052 0.116713989855267 -0.113933000693059
0.00464061276860348 0.0590640219549669 0.0986001209043237 -0.108188136528772
0.0451418132712022 0.0178115648772538 0.0328613205509243 -0.111074365353121
0.0364437830928802 -0.0235184397331617 -0.0198548483105614 -0.0986573841030627
0.0126980078874664 -0.039044773773285 -0.0633815173297037 -0.0818136111453145
-0.0149700228165497 -0.0393519827804104 -0.0736963310893397 -0.0612455011777824
-0.0253617238330094 -0.0350186664569719 -0.0523547668259818 -0.0525608854974965
-0.0252916837087143 -0.0340986022036719 -0.0287389187083946 -0.0750113369733059
-0.011291374846124 -0.0500937986944628 0.0185864041790265 -0.0917539107525523
0.0224287689119311 -0.0546049083855595 0.0843767333837186 -0.0774531191766829
0.0606634915945045 -0.0297113184770005 0.115993367596402 0.0106913337877706
0.0565857883722972 0.0471089844180336 0.0584777132026082 0.0655263887793642
-0.00993812010671301 0.0734150046968686 -0.0299709976944691 0.0323025609112012
-0.0483017990375045 0.0452583837270633 0.0201735313435588 -0.0954870505696253
0.0356904111032164 0.014386299279689 -0.0311130382425833 0.125012984534628
0.0204095274246642 -0.0326790185464895 0.0667413786380365 -0.00601493567544589
-0.0160613268887264 -0.0296244832998452 -0.0428093117233622 -0.0878303175424579
-0.0276264077003671 0.00628217958496954 -0.133385118391036 -0.0279439823550829
-0.00696597269362644 0.0176283925715033 -0.11435551307686 0.0845405999941658
0.00173503516732383 0.0137020160984485 -0.024044342431627 0.123297491736719
0.00656211240692562 0.0146237643614937 0.0349991508804267 0.0991412308366361
0.00353023879649189 0.00766817055184666 0.0602292631700724 0.0725821330250641
-0.00524777508644827 0.00844271559844644 0.0771496455271334 0.0678052673157743
-0.0129809981565463 -0.000589095157603592 0.0681793844897821 0.0860124137940059
-0.00548192107395152 -0.00940810674156166 0.0276274890298749 0.108636642746027
0.00112279288937104 -0.0163373277504251 -0.0321928954321485 0.109390723014257
0.029905664882748 -0.00857773932815242 -0.100218402336161 0.103967874654945
0.0422806650711516 0.019323876524522 -0.136084275784094 0.103483661434766
0.0166113081013447 0.0456908522755108 -0.115092234791462 0.170815974421302
0.0179526935285844 0.0713167493636681 -0.0465444219252061 0.115048041955519
0.0423085782497979 0.0215742393125306 0.067076229963282 -0.00315406786236245
0.0265971983452874 -0.0117400671358078 -0.0351574225973216 -0.0957126482199765
0.00774853475158604 -0.0183484688172499 -0.13678553982065 -0.0441047014326004
0.00784623507823222 -0.0183470231109041 -0.124082939269175 0.0788534723221781
-0.00474953989833255 -0.0231630683006046 -0.0353028910504246 0.122385133252807
-0.0157141255123959 -0.0129333633394799 0.0258506512912094 0.0994873777866351
-0.0180760149935099 -0.017689725803524 0.055071841791436 0.0709378904183357
-0.0239541766641294 -0.0216781178551071 0.0738299862327385 0.0602673661797926
-0.0127965621994878 -0.0445639845644111 0.0752899692977855 0.0729143372201827
0.0237381019186394 -0.0459943652264044 0.0473942492490694 0.100071374440483
0.0498449683801827 -0.0267515666163975 -0.00319264762418381 0.113927220716201
0.069497313483133 0.0312203346689688 -0.0750235590229494 0.114412561456118
0.0422419368174095 0.0918042074820517 -0.113064602008251 0.10473415802687
-0.00949914821262891 0.112636498405085 -0.0971612562115478 0.151680943950054
-0.01179417094004 0.119908233016058 -0.0500778954976231 0.084972703368623
0.0493100735603466 0.0852835642649816 0.0721693583688381 -0.0115308093560588
0.0672853080978173 0.0232277718676696 -0.018329648662521 -0.109753320548401
0.0540889439499212 -0.0333892223361542 -0.131069041568891 -0.0681391269772247
0.0298400272194097 -0.0545033677569329 -0.129309853432115 0.0585411411967769
-0.00550157174598855 -0.0611984788637489 -0.0482641437353691 0.105619898547841
-0.0339814977736135 -0.0421382624821966 0.00952028874532384 0.0861299334342941
-0.0375100542280835 -0.0401046804310849 0.0416229369499668 0.059225980917186
-0.0405797882981109 -0.0440341878677169 0.062592421568264 0.0419212268962956
-0.0196568708204616 -0.0774152975420556 0.0785040358605377 0.0455766387292657
0.0377249544698377 -0.0810849163079299 0.0715807350365503 0.0733301682044535
0.0835711390652852 -0.0518828284638471 0.0370782318749162 0.108136011475875
0.111802923651481 0.0458552268640038 -0.0369161763294433 0.122310453078132
0.0583846043469355 0.140795074862338 -0.0874190241648774 0.100821727917573
-0.0205147844299931 0.163562802819687 -0.0733841875131362 0.113048885416354
-0.0459953909876822 0.150355233342623 -0.0368655871685449 0.0355696888240866
0.0375478987318167 0.145591549768675 0.0821085165982057 -0.030356411459048
0.0958272093619163 0.070925110124561 0.00852814004434377 -0.123132665255623
0.101041254098818 -0.0329395842360023 -0.108509954164208 -0.0961303325065556
0.0564089600060095 -0.0814039292125323 -0.122735299915628 0.0243454763633865
-0.000307167298207847 -0.0935903437951885 -0.0597271584888032 0.0725843375191672
-0.0466238715303127 -0.0674915660083379 -0.011933149867915 0.0604427866589034
-0.0520791765105335 -0.0573946759115904 0.0224260893166071 0.0393697634931565
-0.0530536943207365 -0.0572562872867743 0.044579590923016 0.0176445189187316
-0.0280299336617369 -0.0961685819016475 0.0729849497010305 0.0115565460232123
0.0386185496188712 -0.105819261741595 0.0873564746714462 0.0348220854053068
0.0981061687147535 -0.0784200167116321 0.0748293511432045 0.0875971779621769
0.141274303228908 0.0420410785823741 0.00282581542721067 0.117685898922454
0.0740703739005979 0.160941923270238 -0.0656531298906141 0.0892939162248837
-0.0225564073748711 0.188812012216719 -0.0504094137552635 0.062604643553703
-0.0755772808490431 0.154370723324989 -0.0066551288091343 -0.0269113169510508
0.00938852984275612 0.180556908528208 0.0952543381069267 -0.0565518614588831
0.0979434228838113 0.112523764589205 0.0414251425243126 -0.129325746634486
0.130036843442955 -0.016111470611439 -0.0686396314403986 -0.116016863555662
0.0776722128440483 -0.0894984777191735 -0.0998735855067672 -0.0181763387967688
0.0085999180139633 -0.109342715081487 -0.066504939492022 0.0272248081972243
-0.0496467439846556 -0.0823038758711056 -0.0328764812350622 0.0257614406248806
-0.0583999953719503 -0.0660102074160138 -7.72767517900696E-05 0.0135958825627674
-0.0582604509504367 -0.061653330756699 0.0223425011896369 -0.00918854424076732
-0.03281045186915 -0.0990978860454233 0.0590803890937696 -0.0221086472440368
0.033703665035109 -0.113468813755784 0.0910043349246309 -0.00516860286478992
0.0964733198484742 -0.0899015670958273 0.0988430221241942 0.0588018364292001
0.14631271746558 0.0353501222898958 0.0324309101032429 0.101593526750736
0.0748227302773689 0.157147028850974 -0.0510738031862136 0.0725661406189164
-0.0246545390268578 0.184987670080627 -0.0319137186681821 0.00825111716955963
-0.0877910732507037 0.129350647879713 0.0342623665469484 -0.089248011617534
-0.0218285331092404 0.172135848519272 0.109698960117932 -0.0827305461246569
0.0734271888106426 0.126707710665461 0.0722200524244826 -0.124731669419629
0.126796712237287 0.00580990390402412 -0.0216167842550612 -0.122601268284659
0.0826904210757441 -0.0773169750669591 -0.06507015612678 -0.0576080677397079
0.0153114156797282 -0.102614578734911 -0.0662841497417087 -0.020621968810974
-0.0446853530744178 -0.0826798757066682 -0.0513097364270544 -0.0105858881957281
-0.0557713703529756 -0.0645743065437029 -0.0219319435144867 -0.0131228375175509
-0.0544326575896207 -0.0584305065874139 0.000480511188412298 -0.0354847956199027
-0.030516866477899 -0.0911548696384724 0.0417107661287435 -0.0512417896447059
0.0299953404204366 -0.10428775029421 0.0868597474214534 -0.0379346734847015
0.088830226086186 -0.0806559012358152 0.109460664169647 0.0348393593538012
0.128858839192609 0.0370882274024796 0.0487192854764772 0.0839701022199943
0.0548373632595618 0.139009669652625 -0.0432954058714098 0.0554577759376017
-0.0326576444815557 0.154546016995634 -0.0149293265049088 -0.0401446420123729
-0.0788928915128699 0.0802277508735181 0.0729614924985236 -0.140040969262841
-0.0411853202084682 0.123588866299492 0.119881721425753 -0.101588021146169
0.0370367472149481 0.105241815937578 0.0941440892655321 -0.114126328014055
0.0933012836601426 0.0176123579352686 0.0168066764134288 -0.116819215580183
0.0664544873801067 -0.0532277966515538 -0.0336107805071742 -0.086438758746884
0.0171934920198976 -0.0770556193354321 -0.0634126642664018 -0.0605896443144929
-0.0318095776025512 -0.0665892582080225 -0.0651726062771014 -0.0415622617397348
-0.0443767219867842 -0.0537897454925561 -0.0395232328630157 -0.0364463958620505
-0.0433932138221554 -0.0497385490631804 -0.0166793879146741 -0.0586544677006516
-0.0214916022374776 -0.0741001026428681 0.0277419926694216 -0.0747671113107698
0.0272142403880888 -0.0826762484065762 0.0841923682702266 -0.0618376044710802
0.0781749397074094 -0.0577508419912089 0.11363722481355 0.0192684939959621
0.0964410164515801 0.0438413820663931 0.055235419342881 0.0714436648298095
0.0220634782255905 0.111650420140495 -0.0370531168327151 0.0406012907704729
-0.0436300072125041 0.10483267550996 0.00232106592721354 -0.0753424894041373
-0.0527656986167324 0.0178524811467892 0.0978204991330243 -0.171220571367931
-0.0445538115742252 0.0526398269061695 0.12002592463984 -0.111098137022391
0.00343105281055602 0.0592799653617253 0.101883374900864 -0.106862495314124
0.0451392704510783 0.0182167353493148 0.0368233792228453 -0.110824811394497
0.0366314256359531 -0.0233443030154529 -0.0175133085377303 -0.100015927862881
0.0138766893198045 -0.0388829087477945 -0.0632583546198445 -0.0831576583496831
-0.0149680884156606 -0.0395730747261598 -0.0743817119219812 -0.0609146693348768
-0.0248299714864418 -0.0351187820685172 -0.0520659012045098 -0.0531849660390806
-0.0252208845494601 -0.0344224314033038 -0.0276698370595144 -0.0754380322983488
-0.0104785261762907 -0.0500870610435634 0.0203582137701966 -0.0919539786411398
0.0227354400548346 -0.0536746429770372 0.0859494942170973 -0.0765563078914142
0.0610042980343658 -0.0289651258107412 0.116532808220749 0.0122218094867042
0.0559379967259615 0.0483238904300132 0.0568394475058177 0.066817669445279
-0.0118204379138567 0.0734275229375201 -0.0309795883407246 0.032032717753134
-0.0497392011460035 0.044358560293538 0.0205172173590614 -0.0940343528768139
0.0385478430646139 -0.00739033272143612 0.0513020928135801 0.118362211029423
-0.00245247195313511 -0.0382491537797776 0.0521835102924631 -0.0481084028592545
-0.0307049465542894 -0.0150744362231429 -0.0889825572638125 -0.0480159543924243
-0.0191795531302319 0.0219913359953755 -0.127934835537567 0.0587500998351627
0.00461611891850263 0.0189995035978362 -0.0426230419924693 0.13947165111329
0.00969654229207038 0.00995337177580102 0.0552531514024315 0.115357998021385
0.0143649252886416 0.00678695502698044 0.0901898341088308 0.0592939662390122
0.00733899208503559 0.00419639172492758 0.0932995153622993 0.0225404591809429
0.00126956242491186 0.0096035951422886 0.104566026614114 0.00724330521387095
-0.0107814008473896 0.0072141859523401 0.109799186019726 0.0289056548774358
-0.00968047024902862 -0.00392451467801666 0.0897428601791776 0.0726801932802766
-0.00789016927244354 -0.0138443485350486 0.0393352300359144 0.110622508016265
0.0203680532861648 -0.0247693865931807 -0.0197273966830967 0.148327358163173
0.046905005307055 -0.007933906002519 -0.0472638449661535 0.171997904138101
0.0414474362390926 0.0311608377590991 0.00853657085148528 0.213386494626522
0.0557058960122397 0.0507746200571788 0.0361347557416938 0.120346844708877
0.04595132599112 -0.00674783839194335 0.0555043862364425 -0.0462544268136867
0.0144181859149373 -0.0247073904059739 -0.0856393214601504 -0.0609735437106463
-0.0043723465547066 -0.0185632031342897 -0.140807585769281 0.0455399895092772
-0.00457389005516072 -0.0191208699628888 -0.0545781401276482 0.138871707146781
-0.0171786839372932 -0.015882246161996 0.0449592801156777 0.120065465766212
-0.0200790070548346 -0.00187609708754563 0.082501343256922 0.065814092774178
-0.0253454874954812 -0.00318517249162414 0.0884038488164225 0.0235031866275297
-0.032370270101826 -0.00350185103525971 0.0980188787081076 0.00283882506360395
-0.0379521956611508 -0.0289776102681453 0.107778473285139 0.0138796339052173
-0.00807414202083987 -0.0531367783416063 0.100545182513958 0.053136787333363
0.0271948847033985 -0.0519662149325191 0.0653105673535991 0.0966280877290631
0.0799444971104419 -0.0152638683751987 0.00749678789841962 0.141539855010735
0.092595523885034 0.0528520920145178 -0.0301456488249166 0.159067772550109
0.0614702950415611 0.104447809832845 0.00977290712864126 0.183788320267383
0.0571733295584472 0.10865459239619 0.0195797244138241 0.0991377701282
0.0880352797799605 0.0408874835386109 0.0570927134706085 -0.053453605485254
0.0686499490655437 -0.0192801864671908 -0.0768371360148985 -0.0830726759677788
0.0237841306559907 -0.0562744469988768 -0.150118132472241 0.0193134659162025
-0.00660963891210281 -0.0612474849655084 -0.0717409370853498 0.124580130469611
-0.0402916792325955 -0.0468711438377693 0.0231826940072634 0.113689765672616
-0.0525645656383729 -0.0139042389280335 0.0597328211368404 0.0652239159264884
-0.0552493675570963 -0.0101146959289049 0.0705895384217711 0.0224133742210222
-0.0602861530060014 -0.0116808710418966 0.0785807608701433 -0.00537019389154334
-0.0638976142409092 -0.0518733592129112 0.0934713229678267 -0.0113572918703842
-0.0187664314530116 -0.0914168096442602 0.103481991915147 0.0167718772948069
0.0400494930424384 -0.0936371364035645 0.0955622865004676 0.0676463184369674
0.12628720941223 -0.0297864966343182 0.042975874823515 0.123868259761131
0.137860566856944 0.0835646098613423 -0.0134702832386452 0.140628620524043
0.084148149478266 0.154165732580417 0.00392973151967611 0.135788952734594
0.0447081125079534 0.153965718296234 0.0021882877480924 0.0524588854707914
0.112636391244594 0.0961356491000395 0.0557449062471093 -0.0725454643300515
0.118877059559861 0.00283905910604231 -0.0596087988039766 -0.110302891679897
0.0627499522517426 -0.0827250718213466 -0.146698383753157 -0.0194799205089641
-0.000926602950672102 -0.0983576698381252 -0.0875423634586363 0.0912790091711352
-0.0557067628735073 -0.0758282874345611 -0.00661777983887076 0.0934893920319511
-0.0774768461075721 -0.0264869755557059 0.026713550069699 0.0576082785473019
-0.077565357622259 -0.0154112893866177 0.0425840934066681 0.0176815755539039
-0.0787077571579456 -0.0150386885941003 0.0488724155559844 -0.0137842300967919
-0.0823980867198599 -0.062240169969645 0.0678735838031996 -0.0359552089031776
-0.0338918926717334 -0.112744754788937 0.0928409396927223 -0.0246957593955102
0.0351784154784651 -0.125161454019793 0.11436044523678 0.0272818100627277
0.14992049845513 -0.0522867037846022 0.0720504387392238 0.0956021448286125
0.164876906878951 0.0901892768578686 -0.00314927458997284 0.118410951561261
0.0986347707254117 0.176428742506589 -0.00976534121006338 0.079389756531161
0.0220548156628137 0.173485566990789 -0.00987024316783037 -0.0151586242263023
0.10889226119104 0.13977018328191 0.0512894789090301 -0.0998924970897643
0.144817800139517 0.0362060122273032 -0.0343473714743287 -0.134229977346964
0.0953874734410901 -0.0855999139805032 -0.124390925746415 -0.0613906168558782
0.0114766233277528 -0.117723534924641 -0.09441597898171 0.0413769913784669
-0.0573307084416284 -0.0937402685970147 -0.0394199958354857 0.0597399722295491
-0.0886809572758587 -0.0368897275289886 -0.013097052127252 0.0425438742764615
-0.0879374030253015 -0.0176025659496323 0.00859677704381707 0.0107273492566965
-0.0856305851776537 -0.015251510059279 0.0147628039157571 -0.022682090063063
-0.0882562911934104 -0.0622930705974085 0.0360184198670988 -0.0558136235161754
-0.0425479883068839 -0.116242059693868 0.0705126437603669 -0.0592395278571542
0.0269849338723617 -0.134430289207707 0.116922427347998 -0.01207407363662
0.149727319050403 -0.0624209667044887 0.0873184656219338 0.0641179553610648
0.162816274835018 0.0864970224268889 -0.00160607590690291 0.0953935205412066
0.0949357781917489 0.173489106974584 -0.0283403114817189 0.0221843515885464
-0.00238001694432634 0.158280581143405 -0.0157926841525586 -0.0896578186163256
0.0790517066010249 0.151545431068791 0.0454622630869927 -0.128912573136561
0.133194192802987 0.0616716068804709 -0.00541230023890911 -0.147474345959257
0.105260819382743 -0.066421766230564 -0.0874249061495888 -0.0943363964134327
0.022212060517626 -0.11074136558493 -0.0892316888300808 -0.0117138532621223
-0.0482247957270541 -0.0930612585827634 -0.068077587089061 0.0207078168655997
-0.0846544387631958 -0.039713337944757 -0.05074512552157 0.0240904729345395
-0.0855161562928286 -0.0187487855669574 -0.025377486910627 0.00218740560013669
-0.0817026354364306 -0.0148983859363573 -0.0193557307592316 -0.03029940698888
-0.0816382616359041 -0.0567383171559904 0.00361812071976502 -0.068846050486499
-0.0402607780477737 -0.106440211251775 0.0475967865365915 -0.0841153611768828
0.0264902387244287 -0.122426307861467 0.110828507134344 -0.0381307370372401
0.135382926259274 -0.0496447798743916 0.0896099584919942 0.0391003821344974
0.134449935217708 0.0840641816097366 -0.00496472569350403 0.0755307138705273
0.0690933747593645 0.152599321471287 -0.0436302399247469 -0.0276571433565755
-0.0220774390695549 0.11175129021726 -0.0174617901806133 -0.154294492970366
0.0357430490565915 0.122654029344096 0.0409930162515889 -0.150222208974918
0.0912719060269445 0.0644423481117323 0.0166208396311697 -0.150403026586288
0.0852620866802988 -0.0385045153460587 -0.0517285317101302 -0.11186392372001
0.0233992308704274 -0.0813799251934582 -0.0792368175999016 -0.0534744154621518
-0.0315235061762888 -0.0727039592386325 -0.0899485167033367 -0.0125173515535491
-0.0655938979536499 -0.0340286118291332 -0.0814232219718713 0.0076115065099538
-0.0693720656679997 -0.0165373764127369 -0.0543421768515669 -0.00516593505499233
-0.0657626378630044 -0.014854642303217 -0.0484215057636649 -0.0381432732543024
-0.064297398537777 -0.0484884509978338 -0.0217634740633334 -0.079332665675821
-0.0289190839098518 -0.0863143521379347 0.030750639694307 -0.101023160234953
0.0314052962005091 -0.0959962922071489 0.104922751524089 -0.0539356841479833
0.112085055352921 -0.0237452012155995 0.0873709776164342 0.0249199245459379
0.0885683412242108 0.0812819329361033 -0.00758975560127522 0.0584408712011921
0.0287962918556362 0.116704310951474 -0.0489870749516718 -0.0671843691442049
-0.0350834822938582 0.0439956468519258 -0.0203960897244647 -0.195809977561799
-0.00725801363046648 0.0670033611925915 0.0330960580949645 -0.159582523412088
0.0371631081369045 0.0450639966684073 0.0249455703937066 -0.148307430261829
0.0466397696583773 -0.0109376273525835 -0.0331712533518285 -0.116492411993593
0.0158380169121143 -0.0396328300315852 -0.0744402818974404 -0.0739106863731336
-0.0115681293383061 -0.0400684707830479 -0.103421775746748 -0.0299068659571643
-0.0351900471704737 -0.0221675930014706 -0.0993785990867151 -0.00289628427887302
-0.0422613595116082 -0.0128582008633269 -0.0742417920756442 -0.0114910267008589
-0.0426833854013453 -0.0135739212253702 -0.0675474267198638 -0.045037676692584
-0.0398705931215809 -0.0349985662597145 -0.0385512471459698 -0.0886967419348672
-0.0145214087556823 -0.0596544880125736 0.0228792213673885 -0.114419292111513
0.0345595313438303 -0.0622719922369081 0.103086527845228 -0.0616601460466842
0.0800328022181905 0.00546355572374148 0.0860523256673366 0.0195285316119104
0.035746693676097 0.0707073130020763 -0.00751436280813723 0.0464296257227546
-0.0148334459224401 0.0682713428413337 -0.0426203094557472 -0.0933398018577242
0.0404055829469486 -0.00823473126389206 0.0570190335909828 0.120958017024091
-0.00310318256439729 -0.0397413471819641 0.0530026566531019 -0.0530364403943227
-0.0324527482298857 -0.014648702924608 -0.0929406474881383 -0.0483157118949725
-0.0193951919508965 0.0232049391156056 -0.13093486707183 0.0635956260374833
0.00527320159785678 0.0195846023559675 -0.0411332710098614 0.146468335735312
0.0104376498818372 0.0102969162048515 0.0595043987317537 0.117498025584782
0.0148260652775566 0.00711994483200271 0.0940378157197774 0.0583750545437294
0.00756937752228003 0.00378905216943335 0.0971336968586784 0.0197090637920642
0.00179508034186729 0.00984032006534243 0.108683358186211 0.0031225823152264
-0.0113645251154207 0.00754683164882755 0.114780198146557 0.0265382564109321
-0.00993560455726919 -0.00363817986267205 0.0953287784964969 0.0733856057992558
-0.00853501043811654 -0.0139500193939234 0.0410467374648969 0.114580099117145
0.0204096980655321 -0.0259774587171611 -0.0181832015625347 0.155614470463851
0.0475892600451571 -0.00868882316764017 -0.0467836078764996 0.17757039693138
0.0432960627871094 0.0328944767248355 0.0117441377529175 0.219880128132347
0.0585963311058194 0.0515373483862053 0.0411916511291209 0.123493870329615
0.0472229488400483 -0.00826404785929782 0.0569079092416165 -0.0505465186153956
0.0141678718024837 -0.0255847587696558 -0.0887466325493932 -0.0621813353055555
-0.00537538630587088 -0.0180981350611216 -0.144472231919131 0.0500199126624615
-0.0050014357750735 -0.0194381488948468 -0.0539065101612494 0.145389898653122
-0.0183180343489589 -0.0163053455308948 0.0489793355775574 0.122339734779917
-0.0206621638680836 -0.0013819846030332 0.0860891594636782 0.0639869053187598
-0.0267920418012819 -0.00259206026418313 0.0920333097623606 0.0214504809768202
-0.0336665913496191 -0.00281804093543811 0.101636024774404 -0.00137369016663116
-0.040238401073155 -0.0286496402508439 0.112370574259069 0.0106577202471172
-0.0101459335133764 -0.054949096944434 0.106257628903519 0.0523581976780933
0.0265552924601248 -0.0542512997557664 0.0688541886805794 0.099482542256427
0.0820122974795717 -0.0180514517382915 0.0090315323466816 0.147263746908682
0.096678163830912 0.0522710360063765 -0.0294809660298222 0.164633374306638
0.0646254577220145 0.108731700404043 0.012791491250858 0.189159460714931
0.0611286558300835 0.111598601113736 0.0222517430318919 0.102435035309148
0.0915718974359738 0.0402705868525135 0.0589074878002502 -0.0581477226492838
0.0703508389018889 -0.0209832119204524 -0.0808001318349418 -0.0855839097395091
0.0234401169922104 -0.0578516697460172 -0.155305181823283 0.0234256201528954
-0.00920718163959647 -0.0629419737733677 -0.0725422509789037 0.130308781666319
-0.0436021206487671 -0.0466369086180665 0.026164643994896 0.116820382348525
-0.053674695411114 -0.0126082619468315 0.063491208963735 0.065380704194934
-0.0574750160056737 -0.00874435411327023 0.0731697993642131 0.0204149842045259
-0.0623870335118968 -0.00997640113802154 0.0812441472363406 -0.009346558781256
-0.0677925475641442 -0.0516062899460647 0.0966060994582507 -0.0147742406234068
-0.0220844199952722 -0.0941208312639934 0.108504032183246 0.0144524172848883
0.0385441563578204 -0.0972777770910872 0.0994048943697064 0.0676887596960005
0.130213335281947 -0.0339376552539758 0.0457452872846263 0.128715849198543
0.144484644275442 0.0836997181909694 -0.0118909109420897 0.145444722912232
0.0888361249332223 0.159193652221024 0.00686642586616521 0.140565437957898
0.0491637326105795 0.159217342353041 0.00354701859102053 0.053664214677736
0.118747889166776 0.0966097007954742 0.0568938095942852 -0.0775188015503776
0.123052201317015 0.0007380810210194 -0.062436533847026 -0.114380006431362
0.0624362750534019 -0.0857156090428523 -0.152241114106534 -0.0173848994432764
-0.00350656285965641 -0.10163488762794 -0.0889340670191658 0.0954763087341473
-0.0594953284774544 -0.0761423664122584 -0.00548397009413553 0.0977162424644287
-0.0799634599736382 -0.0251255199083913 0.0287934338953517 0.0591116033385241
-0.0802441857149847 -0.0132000903223711 0.0443312453862331 0.0165455432238019
-0.0809803509948504 -0.0132965402848637 0.0509722181033949 -0.0174730479457378
-0.0869941713045188 -0.0619154471485418 0.068975568527801 -0.0404571093956768
-0.0382761296753574 -0.115123991145403 0.0964372887750237 -0.0276568041590355
0.0330940675459929 -0.129449153860443 0.118700963135115 0.0253668076217706
0.15373216917678 -0.0581447885252456 0.0758775836937633 0.0986376036454776
0.172270143045078 0.0895205663214865 -0.00199114400348159 0.122224070752897
0.103847940689185 0.181701089642414 -0.00823963164395522 0.0819759280424398
0.0255809997898584 0.179962760803348 -0.010490894701875 -0.0157285737158578
0.115986876097539 0.141678296313773 0.0515651857610022 -0.10529937952562
0.151004274832841 0.034823546028969 -0.0364688438582056 -0.138966664498512
0.0966570877398969 -0.0904340250042659 -0.129588439048461 -0.0608712855244795
0.00864239765601297 -0.121595429520905 -0.0971268522896832 0.0440336047817994
-0.0619774715529263 -0.0953779277836053 -0.0404270455931231 0.0629537601179687
-0.0923534433766832 -0.0346958001976084 -0.0118226792745748 0.045461022163454
-0.0912609482687532 -0.0154602350156234 0.00921439919278931 0.0105288047548748
-0.088529507875462 -0.0131738701866257 0.0152096853948724 -0.0244507906581963
-0.0930925133633949 -0.0614392838855772 0.0351172205759837 -0.059633336859974
-0.0478852717105423 -0.118794519700021 0.0727094320056886 -0.0629175121610991
0.0243949365332333 -0.138471157192306 0.120538750072871 -0.0153299883867698
0.152891429803651 -0.0680879411950939 0.0902405550080262 0.0654357034379291
0.170188630954531 0.0858468932800685 -0.000304954567627656 0.0991182225395347
0.0996578487562035 0.17842105819217 -0.0282042392558525 0.0240891996579779
0.000271436872096117 0.165022958724861 -0.0177126087961683 -0.092840848116406
0.0849025963976729 0.154359672120381 0.0450588791705059 -0.134629815699021
0.139623331072954 0.0613769755335096 -0.00738605859540037 -0.153292472877896
0.107342105871157 -0.0708414118807807 -0.0919264775510097 -0.0969892584384052
0.0196446222017286 -0.114889065467312 -0.0929112131580215 -0.0116548653464677
-0.052440147458757 -0.0947197710826192 -0.070867014840731 0.0234949218498795
-0.087894243835959 -0.0376159386121247 -0.0513820721925567 0.0278612189343814
-0.0884778532140371 -0.0161158278057558 -0.0264440573813069 0.00303634497780553
-0.0838291441572726 -0.0129282764352991 -0.0203660225978425 -0.0314556945097419
-0.0851043839398088 -0.0563618302766025 0.00192409619882779 -0.072560163035901
-0.0444522625776906 -0.108319241315233 0.0479739703740489 -0.0880637754031865
0.0231610794183916 -0.126645719315813 0.113532765391965 -0.0430352891352078
0.138191205486817 -0.0550556948848722 0.0927046274084105 0.0392647521309459
0.140167879694063 0.0835829403473796 -0.00453309598261695 0.0779367887918155
0.0727693172359142 0.156114608492622 -0.0446364505559702 -0.0266869871124709
-0.0208859641103217 0.116524287544487 -0.0210113291971349 -0.160443753133623
0.0396297626522533 0.125940590512952 0.0397176728539167 -0.156407905651994
0.095509261577413 0.0645402626796444 0.0159006184328409 -0.156752361731727
0.0869779071897639 -0.0419152118896024 -0.054992261113955 -0.114792420311895
0.0215451837658279 -0.0846281714670232 -0.0837108992418893 -0.0548059979077421
-0.0351811400905123 -0.0745544280405663 -0.0939895872842134 -0.0100612550510073
-0.0680999818593572 -0.0324991337926178 -0.0829168709049408 0.0114640311666154
-0.0717080160183384 -0.0152686479714832 -0.0559539696669716 -0.00361880258802524
-0.0683726413716907 -0.0129915900146203 -0.0505135656040692 -0.0381010546011493
-0.0672911453012368 -0.0478541587256435 -0.0246698087624945 -0.0818067507243758
-0.0314094108847251 -0.0883254434163232 0.0303696388865873 -0.105601676847353
0.0298485233828083 -0.0994312297817673 0.106389545573919 -0.057941764435376
0.115038529605708 -0.0274146000667024 0.0902181405222959 0.0248611885806711
0.0934071375801101 0.0820501651668227 -0.00711026359702038 0.0607037862892605
0.0313684241393852 0.120011044228008 -0.0513751822006818 -0.0668655471449245
-0.0354365188307758 0.0467637495938052 -0.024630977212013 -0.202321984328491
-0.00582688197397045 0.0697562884207157 0.0313835189578068 -0.165576435861666
0.0393006461405536 0.0455030795423785 0.023500184902051 -0.154158215204628
0.0473924331412533 -0.0130601985999216 -0.0351134930969047 -0.121092677248501
0.0149586736142437 -0.0418474798844909 -0.0791176613074957 -0.0760398840738901
-0.0134453973225762 -0.0413244659308412 -0.107918775675817 -0.027555743300588
-0.0366134663943659 -0.022151101688146 -0.102530176298738 0.00106116389847747
-0.0439821413476344 -0.0120076846364685 -0.0764811850306672 -0.00979170447159996
-0.0440143485617964 -0.01237908486216 -0.0707578032765167 -0.0452508193160376
-0.0428463422333383 -0.0352874871788814 -0.0415669248899526 -0.0909615854112734
-0.0159598546771046 -0.0607394997570546 0.0218677035599164 -0.119081089042473
0.0338638726017318 -0.0641353802540384 0.105194911637417 -0.0666964645307792
0.082788839643326 0.00413282117895849 0.0893074320070744 0.0192320133643963
0.0386658030606571 0.072467397051758 -0.00720289449184503 0.0492210622272844
-0.0139915142996958 0.071095701805558 -0.0458828222758444 -0.0944223018109612
0.0409039698584747 -0.0111324926370272 0.0642086519645288 0.119887444155529
-0.00559728870471432 -0.0400679564862003 0.0521022914451763 -0.0588306316282079
-0.0337033812282054 -0.0134283455487537 -0.0962205987340323 -0.0460412170142613
-0.0184282960248109 0.0251548488785445 -0.130495891120129 0.0707168889950676
0.00669589619393601 0.0201127119443405 -0.0347671441681594 0.151628464915537
0.0107608871904004 0.0100137651829908 0.0657822137739097 0.11648985908954
0.0152565252124782 0.00555949585398055 0.0976370981787841 0.0534432349417094
0.00721237571231047 0.0038303438042887 0.0994272054260754 0.0146333191247839
0.00180749380511761 0.00999405244090841 0.110205595645302 -0.00343049155814388
-0.0104571910043218 0.00845163863556264 0.118827813144968 0.0205817427701935
-0.0109035143138805 -0.00383512677864035 0.10099227112166 0.0710465722225623
-0.00894816017566667 -0.013615745300641 0.0455894676306735 0.115581900459767
0.0194274769156873 -0.0281901852823592 -0.0124541462279953 0.16007662540617
0.0467349237989298 -0.0110962816107035 -0.0408913244202077 0.181763430446458
0.0459505981277937 0.0329643534486836 0.0207395150851023 0.222384652895512
0.0622469806848808 0.0504744014203064 0.0483760539673177 0.12422121303808
0.0470163873572677 -0.0106780481986776 0.0567902733509233 -0.0556879361513074
0.0134557416019989 -0.0263902781101837 -0.0926518577458457 -0.0604755406865672
-0.00632291419551289 -0.0173559136392132 -0.144805829037672 0.0575043602380599
-0.0066387896691269 -0.019158816606206 -0.0486475024766189 0.151693209977332
-0.0195431943936848 -0.0150453438385283 0.0551836967120363 0.122402135746532
-0.0204079210834325 -0.000408329627723977 0.0903444095116434 0.0609659683426025
-0.0279557068871197 -0.00116793640658226 0.0944850012211201 0.0166396832240695
-0.0340827244502034 -0.00048924397982848 0.102930947351505 -0.00812367922862607
-0.0427838065502928 -0.0267820811252619 0.114863475870323 0.0040786775316261
-0.0133212381763052 -0.0551954868063243 0.111889789592842 0.0480503040513087
0.0243350630899624 -0.0559811485000569 0.0736067740466373 0.0983463322869732
0.08253910756285 -0.0224901785938183 0.0150271589096261 0.151168759979377
0.100510324663622 0.049325118162445 -0.0231940450447804 0.168541649388375
0.0697826332408329 0.109382135642848 0.0216736129802596 0.191359885017589
0.0674659767614146 0.111486798451134 0.028226368862439 0.101896724425338
0.094923937024577 0.0364633304359732 0.0575584539825687 -0.063686952847362
0.0706014899421701 -0.02437130047191 -0.0843973693849281 -0.0849447613545231
0.0210813646661626 -0.0595503541661653 -0.156673892191915 0.0309634420879246
-0.0126529185666318 -0.0636419278506117 -0.0677312571242417 0.136892424410808
-0.0469161763976038 -0.0450640318694567 0.0322218838236274 0.118235146039653
-0.0550683745278536 -0.00948335269141633 0.0682021514049401 0.0635940429054497
-0.0590663682373689 -0.00559221881057442 0.0755729453531152 0.0165905239755193
-0.0634500191063034 -0.00661188869272185 0.0822811378971025 -0.0142082072259406
-0.0719386243207639 -0.0491578707442067 0.0977081013627572 -0.0202389450660492
-0.028032626534676 -0.094237472074353 0.112571237438438 0.00917245164855016
0.0344741829887116 -0.100405375307295 0.103722530270793 0.0642074161653857
0.130374480131898 -0.0411881919271703 0.0515649502006421 0.130846570390081
0.15104329630288 0.0779573990127391 -0.00635216998546148 0.148171117523318
0.09631302013571 0.159674179263773 0.0134028399894052 0.142320967946455
0.0570541603893024 0.161274287733942 0.00636910072908739 0.0544937333653632
0.125253054840894 0.0924555427121513 0.0545379636750938 -0.0829833698349563
0.125542975156955 -0.00461850493278862 -0.0665525982347985 -0.114732627756858
0.0592802412346658 -0.0902397243212112 -0.155800302200103 -0.010961268134554
-0.00935501565254234 -0.103019467201187 -0.086465491682853 0.101376315032971
-0.0645962143367722 -0.0743370318447486 -0.000892468371960788 0.0997630381284954
-0.0814620273189439 -0.0214739913434334 0.0327516696959045 0.0591593228896181
-0.0821081795182367 -0.00893885062598479 0.0457938993242167 0.0141375081951298
-0.0824531780060833 -0.00859902237072731 0.0515829968570427 -0.0211718610772916
-0.0914913616082099 -0.0582393100853604 0.0683451691633946 -0.0446384428344396
-0.0455230536070284 -0.115047230439791 0.0983366412969673 -0.0330045721996398
0.0265754464945742 -0.132942151389193 0.121341779926544 0.0199294029315341
0.153171870650926 -0.0668204539729453 0.0803819406223532 0.0983473084992702
0.180114503181025 0.0827797311129528 0.00277478696890677 0.124086368359973
0.112081972401651 0.182219996889596 -0.00425148581831172 0.0839088011504066
0.034604806278306 0.183537813989934 -0.0114267750131503 -0.0159694011817087
0.12428834362105 0.139240145059761 0.0478291010632246 -0.109979522725398
0.155267986375104 0.0284153373474311 -0.0412869570514783 -0.140952426785934
0.094031808093893 -0.0964156089698646 -0.134897847325424 -0.0573211164210155
0.00239849929952565 -0.124619923816723 -0.0974612247056344 0.0487483574598133
-0.0685327508398231 -0.0934162603553002 -0.0386895837233685 0.0667377945655962
-0.0946256106391463 -0.0299213488263602 -0.00958554645223185 0.0477246067015635
-0.0930565203271531 -0.010209366602111 0.0100165288644236 0.00967384725263733
-0.0894975545549094 -0.00841994954537706 0.0147514063804297 -0.0269421062534587
-0.098087164517636 -0.0574869366336253 0.0318557315548433 -0.0628838558342422
-0.0552945688573468 -0.117494131392438 0.0722239248962088 -0.0680366110563001
0.017782561509079 -0.141219198457767 0.12166325266376 -0.0214622880318276
0.152354024131516 -0.0770913510683739 0.0940856834355895 0.0639889735194787
0.178052499874018 0.0788494856072743 0.00236819637578264 0.100898562703635
0.10810287392636 0.178445028598377 -0.0273901111173222 0.0262970524712589
0.00694620760631431 0.169041569543441 -0.022695802806141 -0.0936025226314218
0.0936626696750113 0.152937675332497 0.0406022764070151 -0.139070878962055
0.144908342237 0.0560379480162637 -0.0121229428865611 -0.156535111137331
0.106087204736166 -0.0768698818295759 -0.0971188845668144 -0.0955641130994634
0.0139006455474497 -0.117936980453082 -0.0962836320962901 -0.00864874693457863
-0.0591418644381544 -0.094281333578807 -0.0716796724562219 0.0282303009421669
-0.0904485182980222 -0.0334440339328681 -0.0501178743312671 0.0324781064003685
-0.0900310286333645 -0.0114876174631317 -0.0265594309062655 0.00446621669897855
-0.0850544018419287 -0.00879923507651623 -0.0220231706215912 -0.0320220177824462
-0.0902820066874892 -0.052450244842189 -0.00173166697702741 -0.0743936529921813
-0.0506254133915932 -0.107485915556711 0.0459036913632265 -0.0922857072423527
0.0177704198320671 -0.12891954947628 0.113667106237174 -0.0501454649356201
0.137867072844675 -0.0624921299734039 0.0958472009452806 0.0371924465897432
0.146862689678272 0.0784280899010669 -0.00168776907947281 0.0801572510767241
0.0797493665283989 0.156787861249104 -0.0466620408665734 -0.0246761642468745
-0.0162181876529384 0.120667337364365 -0.0282871612548408 -0.162849057669061
0.0454635554252229 0.126296226297112 0.0345960899252948 -0.160550772586483
0.100333318579391 0.0611169184513549 0.0104906773600622 -0.160479264772872
0.0862185950345164 -0.0463885872443203 -0.059818270840828 -0.116232872494875
0.0171195949344764 -0.0874976074971453 -0.0877363958107295 -0.0536427840049397
-0.0395121302687916 -0.0745909989082059 -0.0967301705603558 -0.00505659976119985
-0.0699421203686561 -0.029771975901846 -0.0827213019472117 0.0171627463430998
-0.0734860395894933 -0.01103084773744 -0.0569058625701061 -0.000884002082409868
-0.0694788772953124 -0.00969519897289758 -0.0526932122789815 -0.0367515639696407
-0.070330618913004 -0.0449046791432306 -0.0293486306472763 -0.0829856586673438
-0.0367559897854362 -0.0880891091001825 0.02701161374661 -0.109114482821039
0.0250945664803167 -0.101403963675532 0.106537267909592 -0.0654737813670145
0.115230807366543 -0.0332652073604749 0.091981183202353 0.0218706925370873
0.0988229813155009 0.0790856822584341 -0.00507442572039805 0.0631767627243787
0.0366537937834983 0.121434620966783 -0.0544904722136764 -0.0651921857529612
-0.033845268684357 0.0499164782036488 -0.0329122356666468 -0.205379526869849
-0.00267897337820809 0.070892314086256 0.0257585151500825 -0.168927581607317
0.0422398967797187 0.0438926492595653 0.0186042053216533 -0.158841205328171
0.0470605754776794 -0.015591694144676 -0.0397091083327325 -0.122551939157558
0.0125202045154523 -0.0430330634840511 -0.0843141117874489 -0.0760637067890968
-0.0159437922605721 -0.042113036964851 -0.111429876461854 -0.0217284126715962
-0.0386821637325883 -0.0206975580287553 -0.103314495923174 0.00792024294019806
-0.0454528547992365 -0.00986392179260698 -0.0773571905937157 -0.00562318545897046
-0.0448453311860312 -0.0099799917093794 -0.07332906755352 -0.0422285668382313
-0.0450011097327257 -0.0335803900319543 -0.0467342433689957 -0.0911261728199988
-0.0187255044766245 -0.0612294663020889 0.0170552506579204 -0.122254137787773
0.0316340185612534 -0.0663503519559378 0.104044170700967 -0.0727129497950305
0.0835618560416115 3.51316474542455E-05 0.0904649129562721 0.0162707726478804
0.0423161721842125 0.0721569322155765 -0.00547112301618488 0.0514353916757452
-0.0113875980449166 0.0732146906891903 -0.049828923272056 -0.0927386781972408
0.0402542913387256 -0.0128408603364033 0.0709151023351017 0.11546389435416
-0.00754212757262086 -0.039092364793596 0.048612358790779 -0.0630647625311627
-0.0343880733334876 -0.0119854276301096 -0.0974611053214111 -0.0418610336921649
-0.0167043019087239 0.0260825528200786 -0.125783502942976 0.076218346943442
0.00743646574300716 0.0203465385657303 -0.0264085501717742 0.153399759224922
0.0113783488980981 0.00964330137439857 0.0711657358759439 0.112207391277968
0.0149968576965116 0.00459983108443239 0.0986072731985757 0.0468502060949334
0.00751921134099206 0.00293182265103574 0.0988127520347268 0.00884330034104385
0.00271901288844098 0.00954365913659603 0.109066213635923 -0.0104876404409027
-0.0101810961908068 0.00867276647114633 0.119930676699405 0.0135073103179507
-0.0109967304428934 -0.00333425086832348 0.104898107951059 0.0652939151795707
-0.00979569454339054 -0.0130801522066101 0.0494952502392572 0.11446749606781
0.0176941928229741 -0.0295477052378927 -0.00541924362436096 0.161528064473591
0.0455172278915163 -0.0133170207854856 -0.032821206299233 0.182324591898253
0.0475229704256504 0.0314289894913722 0.0294372525489665 0.218980570085506
0.0641915905634927 0.0471209002141426 0.0545686634518099 0.120838731345659
0.0463129622738637 -0.0130531805191958 0.0535302341977351 -0.0604024718676992
0.0117914352840689 -0.026855685502574 -0.0940365062344709 -0.057143360374008
-0.00674638931264576 -0.0165376382432569 -0.141076931458763 0.063881562781952
-0.00740603089229171 -0.0185116247231776 -0.0400882286191812 0.153872297074791
-0.0201029291631986 -0.0136497745735237 0.0612386620545983 0.118817693080823
-0.0203410180051067 0.000509229578505681 0.0931669639148928 0.0551105586695165
-0.0279960991986528 0.000598806401850602 0.0942399143644997 0.0106289741892922
-0.0328297357196048 0.00108975439614647 0.101649277737796 -0.0147569146650806
-0.0437449650250784 -0.0245389347215303 0.1151289725382 -0.00302667361899559
-0.016807825054491 -0.0540309701007444 0.114271849750045 0.0424107790291569
0.0208245255010451 -0.0563724193438319 0.0761938717472962 0.0954100913096762
0.0807414693581192 -0.0270529387652996 0.0216478761056268 0.151008116180566
0.10186822046483 0.0433918136618967 -0.0167755218151628 0.167700433662053
0.0747322287453388 0.106606283544937 0.0291682349407949 0.188986296311211
0.0729746457754257 0.108354858119634 0.0324579751331672 0.10005405036211
0.0960983782331585 0.0312434231409875 0.0544045621745354 -0.0680476664396675
0.0693966890445407 -0.0277076963201206 -0.0865910656245406 -0.0816400968967949
0.0177713966500257 -0.0596852639183414 -0.154586319509415 0.0380305832089115
-0.0164919974679165 -0.061895292309839 -0.0609076857985382 0.139647795405027
-0.0491426025255718 -0.0413964048733751 0.0374058376201606 0.115659582437992
-0.0546396338240189 -0.00697991010639028 0.0711341832613254 0.059325055675686
-0.0587962013554331 -0.00200509287298498 0.0752141694909771 0.011379231930932
-0.0628669869614793 -0.00292115283012899 0.0807822824477394 -0.0204679082632924
-0.0743585682377466 -0.0449617247992926 0.0957776125881634 -0.0269797612700994
-0.0335299504961771 -0.0919866105835459 0.112931183208801 0.00290653199450163
0.0286933021426694 -0.101084855855497 0.105322544052459 0.0591501617640066
0.127268008889966 -0.0476445033423937 0.0566819123932938 0.128900959613319
0.15344486426766 0.0697048557827428 -0.000439954879902557 0.147463502802453
0.102413741809299 0.156101973925691 0.0196648213577212 0.140343810914301
0.0650744028729153 0.158672401696409 0.00839783627643979 0.0527818766016367
0.129183280096256 0.0852093598158224 0.0505884087651514 -0.0859432330634394
0.12499792555788 -0.0102365146779742 -0.071124684186686 -0.112569574741001
0.0546783380839099 -0.0921589613086352 -0.155883639538089 -0.00348695384093355
-0.0147578329597885 -0.101419254510909 -0.0815635375138784 0.104791868024387
-0.0687810606883968 -0.0696260626678263 0.0031413242099072 0.099097868704134
-0.0815169276582121 -0.0164111358864085 0.0361853453570386 0.057296990433691
-0.0818931049034568 -0.00391111463453802 0.04554632412647 0.0114062905642099
-0.0811072840647688 -0.00396425078758777 0.0494326745852477 -0.0258983844081887
-0.094008978564877 -0.0525835690461525 0.0647418361665492 -0.0494438816916809
-0.0513652987593336 -0.111720905188698 0.0965021036066212 -0.0392875079999276
0.0196943231270248 -0.132164238690488 0.120376426245192 0.0135032480258704
0.148530241363204 -0.0747257682016313 0.0835345326740849 0.0951505991847012
0.183099108684531 0.0732465929477838 0.00680140090830704 0.123885071645462
0.119140514391133 0.177676484956637 -0.000788385729591783 0.0832223040225939
0.0429963714025594 0.182058722480724 -0.0125492764805307 -0.015873641556975
0.130480484820198 0.131607645682582 0.042874992406473 -0.111924405854568
0.156307227235347 0.0213054119528049 -0.045912788986562 -0.139945836136724
0.0883865410225294 -0.100182742051881 -0.136428874610013 -0.0511233392386065
-0.00470295837211811 -0.123480298767953 -0.0947779725154131 0.0523431391524911
-0.0740418177045745 -0.088665385185336 -0.0354659724204219 0.0691361953747777
-0.0946930892485067 -0.0243886532138081 -0.00549621554468262 0.0488891271850604
-0.092374962399465 -0.00513694446119857 0.00993796449598885 0.00951160391119895
-0.0881338953801468 -0.00386862161829729 0.0131991496589124 -0.0289845345169213
-0.099990145686417 -0.0517080405460594 0.0281990550354085 -0.0654072094143841
-0.0613856969981173 -0.113723879436662 0.0689894336130331 -0.072644274753166
0.00997587101300173 -0.140554698112488 0.119866436909078 -0.0283848670117834
0.14673263360988 -0.0844712070421939 0.095769132231795 0.0610625164843657
0.180976369614443 0.0698901469064627 0.00606638016052611 0.100777782923105
0.115093725267848 0.173555768057536 -0.026126200532524 0.0278569874713311
0.0157162172270589 0.168453533903742 -0.0271168246426874 -0.0930903093225931
0.100785431575098 0.146888878368953 0.0342002009771864 -0.139510746894283
0.146372055892312 0.0488984683560321 -0.017535578880927 -0.155714607511967
0.10089725123647 -0.082081329931337 -0.100081495712645 -0.091048567366053
0.00714204641712161 -0.118017456142012 -0.095955702932908 -0.00529839180189157
-0.0644723267395282 -0.0899834529553936 -0.070710146365372 0.0322263618708741
-0.090635937256879 -0.028208962411301 -0.046808877534069 0.0356888345541671
-0.0896701277280698 -0.00607471396593077 -0.0257975202912474 0.0054575103554148
-0.0839396858303445 -0.00400265594335233 -0.0234361859845377 -0.0313428722774192
-0.0918744383139454 -0.047760999676867 -0.00679591683806659 -0.0745680243245382
-0.0562038157837473 -0.103990890418326 0.0420617691198124 -0.0949989727025257
0.0108242853611505 -0.127517554622823 0.110140531336547 -0.0559400360043688
0.133364645370366 -0.0693896118479848 0.0956302896264935 0.0340259707990484
0.150528983906593 0.0706730573465313 0.000786159755023801 0.0810841157370144
0.0854413575170165 0.153385832995353 -0.0466581671928094 -0.0216791109659828
-0.0102126867920918 0.121181811601306 -0.0351340871833793 -0.160225461434573
0.0517733928284358 0.122774664781915 0.027508767004694 -0.159805766489498
0.102619721912731 0.0554474630430197 0.00435239418673183 -0.160745376752809
0.0831160112037361 -0.0507238798763141 -0.0646875246857604 -0.114024773451677
0.0120124158550583 -0.0873847945450407 -0.0907004244184964 -0.050478773157878
-0.0443203293312358 -0.0718317023158253 -0.0969048495967094 0.000881526725307178
-0.0705309246014417 -0.0253793555391112 -0.0806011502340762 0.0227574418009291
-0.0727278817618532 -0.00641463299866173 -0.0562685246896683 0.0021222808662662
-0.0686494107856675 -0.00561942019922452 -0.0539509374594844 -0.0347648768924185
-0.0726378545225872 -0.0409846869736803 -0.0334451496335441 -0.0812684549125768
-0.0409606972147938 -0.0856562213981798 0.0222283493161754 -0.11038573904823
0.0201956596679447 -0.10127666548493 0.102444456945086 -0.0705011521106635
0.112653624328638 -0.0386676896878523 0.0915571948872241 0.0184475725775545
0.102359390340958 0.0739572157306009 -0.00311785077374397 0.0637351726235658
0.0408446632852751 0.119359224121892 -0.0567274493659862 -0.0611965333802343
-0.0312235764516755 0.0508600130978339 -0.0423652212200445 -0.202396682065061
0.00108791290664576 0.0704565790370465 0.0192589844512255 -0.167915180514919
0.0434277661049529 0.0413959093690653 0.0120524895242281 -0.15928446525217
0.045573121839236 -0.0178816730010293 -0.0445385537410608 -0.121980151005147
0.00963188800588913 -0.0432113879649182 -0.0886535162738343 -0.0730645583710623
-0.018209442759941 -0.0410131156688375 -0.112781326605666 -0.0153251176666842
-0.0388899743572077 -0.0183366096882732 -0.101304798269876 0.0139012906269288
-0.0453234465572092 -0.00673791828613043 -0.0772155740971515 -0.0013496583583758
-0.0452553366666693 -0.00791052186505743 -0.0745531030706545 -0.0387526964306363
-0.0464707026660773 -0.0310558675601033 -0.0508134488166348 -0.0879121591474717
-0.0216038687725882 -0.0594704728364384 0.0124254891822732 -0.122895002223352
0.0276207593368173 -0.0673330086911983 0.10033539063636 -0.0776028933697274
0.0829541124008967 -0.0042986836079549 0.0902290024227788 0.0129376824930149
0.0456375941354011 0.0701940220231427 -0.00304437862865458 0.0520499743991834
-0.00847691367626425 0.073299519937999 -0.0538047790406348 -0.0882053053464026
0.0389349568746245 -0.0141595414192678 0.0739443022440471 0.109701455086204
-0.00847464521593739 -0.0382219621837372 0.0447955140113219 -0.0651666274941267
-0.0341067252427312 -0.0105298562161405 -0.0970828121647415 -0.0388026528254392
-0.0152801991264389 0.026078615574753 -0.120915809594582 0.0782956006117458
0.00861216018376443 0.0189653295554561 -0.0200790634988907 0.151793087178108
0.0113987098487033 0.00899594154269282 0.0737669128152222 0.107026175925177
0.0144649960441894 0.00308592316593211 0.0964857578013984 0.0410705723713208
0.00720241010049956 0.00273217187474149 0.096220979341992 0.00398498381700174
0.00306871039428106 0.00866111830739468 0.105382569954381 -0.0151507888422426
-0.00930186589839616 0.00901514626285042 0.118160008715303 0.00785513408836513
-0.0107706809378551 -0.00282556718278527 0.10467401403116 0.0602337484936173
-0.00981505252267087 -0.0124252452259492 0.0512018775132001 0.112109053587407
0.015404238124385 -0.0294844115430529 -0.000714492893350507 0.159388386476243
0.0432148677080709 -0.0139161427786284 -0.027962001601655 0.178769954345982
0.0485415270587904 0.0302179459076 0.0342931781292058 0.213796614885503
0.06483612384518 0.0446805450707126 0.0582045659247803 0.115247535901297
0.0447114089366178 -0.0139286654047238 0.049584000873975 -0.0625888753319769
0.0106398845744781 -0.0270396522626776 -0.0933794427479725 -0.0540349030900719
-0.00737671969641555 -0.0156321699091406 -0.135479349982217 0.0670535311562488
-0.00783977739150486 -0.0175878993186382 -0.0338047849055075 0.152055667983716
-0.0201001744389927 -0.0118432989312096 0.0634515766358975 0.1138823952731
-0.0200177765368767 0.00114700778326056 0.0919405144386464 0.0496860910688898
-0.0270847587862057 0.00188070871400923 0.091940636523446 0.00644408739298365
-0.0329253690007728 0.00260803740782864 0.0983332792091918 -0.0194188896498277
-0.044116509148335 -0.0213201215745575 0.112684317975719 -0.00796538176777676
-0.0184031045914014 -0.0521629419445242 0.11385488165677 0.0371235725431985
0.0185407109659748 -0.0551261737662429 0.0767994568270082 0.0921359003991345
0.0776605915469696 -0.0292238199976662 0.0254829707545835 0.148499117453179
0.100465530137746 0.0391746277942555 -0.0123873245589181 0.163360437368143
0.0768908877333426 0.103473679235423 0.0330771817751147 0.184042760792347
0.0752568036942172 0.104604441954197 0.0350842656201548 0.0963722377417393
0.0949400471125779 0.0268271026196943 0.0508432621804772 -0.0697926748930243
0.0668455854742909 -0.0293613100802576 -0.086940488322639 -0.0795086700154194
0.0155155438983545 -0.058492155372114 -0.148977461713102 0.0421632498715812
-0.01833384853108 -0.059873388713595 -0.0538727830990284 0.138651813518832
-0.0496245247049111 -0.0383806270239429 0.0408599106335625 0.112058610145535
-0.0531032885506001 -0.00506609522836678 0.0717860913912545 0.0547211516292325
-0.0571695602467299 0.000887628191372828 0.0734578923589223 0.00796549328220987
-0.0606497261071041 -0.000772261919757039 0.0775273791590436 -0.0251005210185764
-0.0743964868158321 -0.0402288380163055 0.0924509443897637 -0.0309178964739646
-0.0364857629095544 -0.0887471887438772 0.111742541927237 -0.00182404478099325
0.0245069856674476 -0.0988172225710962 0.103555109965707 0.054933599520479
0.123026244814717 -0.0507206690935366 0.0584838537702514 0.125448531623112
0.152836413362569 0.0632488053765226 0.00255170901018336 0.143093897765932
0.105207667093589 0.150719923072829 0.0230116792112228 0.136509671915699
0.068917003255207 0.153627761502373 0.00981446706387679 0.0515481726052835
0.129517593536673 0.0785660260713018 0.0463272827725834 -0.0865435881238629
0.122507151559802 -0.014149671369566 -0.0714924203844933 -0.110033527039313
0.0498697955385721 -0.0910552211282192 -0.151636296945385 0.00186667271645827
-0.0185943313481474 -0.0987248695631753 -0.0758693941906703 0.105102547601931
-0.0702145722309591 -0.0651048843172298 0.00679097007945306 0.0975711676218217
-0.079335587872858 -0.0129183271978615 0.0383301612274062 0.0546256092557022
-0.0795805567436673 -0.000345136370529735 0.0449521346995513 0.00919594607562517
-0.0784571607085863 -0.000643076541671103 0.047080440390368 -0.0283182919666081
-0.0940984449374188 -0.0468408855919371 0.0610841029503117 -0.0516340440244548
-0.0555050511628369 -0.107104969684567 0.0941378647005143 -0.0421139016558426
0.0147038954192604 -0.129559177214752 0.117587246557206 0.00895039268457817
0.142683087186217 -0.0783744379603245 0.084605833307844 0.0916110854888905
0.181684411234321 0.0650245170693148 0.00988396242236216 0.12154238422727
0.121898072351001 0.171362693370275 0.00191121564191045 0.0814733721278948
0.0486290625996759 0.177096449862847 -0.0135381912292681 -0.0152503151848963
0.132028027640358 0.123689461837788 0.0385675408152263 -0.111286097468899
0.153960526695537 0.0159868641694266 -0.0481070502339055 -0.137203121967242
0.0828070749577647 -0.101235136560388 -0.134767902816472 -0.0458774655953664
-0.00925765427803126 -0.120607440488163 -0.0916236873392432 0.0534637252161688
-0.0765283744826697 -0.0837919897331138 -0.0322208768653539 0.0695166892770973
-0.0924970768054654 -0.0204466061459849 -0.00264240081944136 0.0481456662519452
-0.0903074595726103 -0.00119254699009155 0.00988873007898992 0.00816146338392554
-0.084745408439128 -0.000628948428500965 0.0108167747293268 -0.0306276012682497
-0.0995387326685286 -0.0463809903425796 0.025160211285567 -0.0647830102061074
-0.0645705892561761 -0.108715353241088 0.0664078634959265 -0.0743521643372066
0.00449508815164438 -0.13645980950686 0.115034939289227 -0.0318082611394658
0.139986963571147 -0.0880482823460787 0.0944347190676537 0.0573271425238639
0.179518458635002 0.0617052168393929 0.00797437210686237 0.0990061085306751
0.116971632622995 0.168255360438059 -0.0238335162359802 0.0281867166588984
0.0207129129533244 0.1652531131136 -0.0298688269195096 -0.089990819638831
0.103099070855826 0.139595143983611 0.0296108238284376 -0.137571613179494
0.145528510085168 0.043027376687769 -0.0211305143185468 -0.153599191367288
0.0955987121343235 -0.0836538459963529 -0.100440102603584 -0.0871063672289733
0.00185171038767376 -0.115138447574127 -0.0947230523388349 -0.00289714018621564
-0.0670013917336388 -0.0850432579487596 -0.0681906750977399 0.0346669802333016
-0.0888061947661816 -0.0238839152292145 -0.0431433191383586 0.0372086661611946
-0.0873285976247475 -0.00195667513624668 -0.0247697354349582 0.0068467249747588
-0.0808375342758444 -0.000885431731119973 -0.0237483996119008 -0.0306910834931984
-0.0912379877671107 -0.0423600608338833 -0.00900214236334265 -0.0723875389977978
-0.0592560477330586 -0.0990852928742968 0.038379173106775 -0.0954896825743804
0.00629194423008804 -0.123954911349931 0.105233994709482 -0.0589920129132855
0.128134949671401 -0.0726205754713589 0.0936396501830074 0.0310403729156841
0.149554024138963 0.0640057281524069 0.00256350120730052 0.0791272495188459
0.0879770275388995 0.148333173665003 -0.0460783983337132 -0.019026337936063
-0.00650206119634653 0.11944877221941 -0.0400083215570138 -0.155767079742854
0.0545675647033172 0.118142787063204 0.0223663153572324 -0.156522605697944
0.101741307868576 0.0513410906625946 0.000560251240819402 -0.158378461953346
0.0791400529916614 -0.0525046922146195 -0.0660317501991846 -0.109994077640633
0.00802512097639934 -0.0849791366891821 -0.0907829108803761 -0.0477272103064887
-0.0468899503105287 -0.0688813300534597 -0.0952875712365689 0.0050174796585732
-0.0693643821727689 -0.0223685563201248 -0.0767545249047849 0.0263403466161357
-0.0709449580863185 -0.00294981448086858 -0.054537974836971 0.00475921808859494
-0.0667122150579678 -0.00344606681955149 -0.0541570216606333 -0.0318194841197461
-0.0723460680476145 -0.0373325144535244 -0.0358578654050425 -0.0779528607023722
-0.0437344934067541 -0.0815052965716357 0.0194123855833646 -0.109683587313354
0.015849848471439 -0.0985465556941685 0.0975225670273012 -0.0728889465374025
0.108011828497412 -0.042368884173134 0.0893032271520932 0.0163758944922913
0.102142524369368 0.0691619451229226 -0.000928614692281149 0.0634584066414346
0.0434159632963721 0.116586073128177 -0.0570357367503873 -0.056590692481073
-0.028922194493329 0.0511734943308521 -0.0474936967550001 -0.197301078926487
0.00315681113858402 0.0687886246040549 0.0148081806832557 -0.163244638768976
0.043488752909652 0.0388209686622066 0.00787780707880871 -0.156213029823116
0.0431479907918619 -0.0191689953680153 -0.0466842253619799 -0.119451830842933
0.0076039419216292 -0.0418257968897206 -0.0894555916040664 -0.0698047619295708
-0.0202577565610372 -0.0395055074337391 -0.110835616145791 -0.0104632650606383
-0.0386309532487042 -0.0168237438601846 -0.0974024603428263 0.0185807471487533
-0.0442969544932563 -0.00451246408014187 -0.0754216414158032 0.00191475712700532
-0.0439546917665276 -0.00596980240348947 -0.0745542678551708 -0.0349042544742055
-0.0470912484360526 -0.0284994774306663 -0.0523788243659669 -0.0839469433655038
-0.0234530588306882 -0.0575439794293194 0.00830231211524715 -0.121160899675708
0.0246708454567041 -0.0663355445924356 0.0945996781279452 -0.0795243988434693
0.0805968920080428 -0.00738066770358149 0.0881553802353065 0.0107404856773445
0.0469284520919908 0.0676134113277282 -0.00157507173029121 0.0518748788999366
-0.00614702470062751 0.0719449648680575 -0.0550621059019521 -0.0834313584595225
0.0419919985763802 0.00493456669023214 0.0197092237089318 0.123592086463161
0.00835803352315796 -0.0370106274226926 0.064539269236569 -0.0424489228021946
-0.0259739401416469 -0.0233485202935751 -0.0720024673701434 -0.074486904229938
-0.0232948861740038 0.0170654870744936 -0.140540183576798 0.0227841555784044
1.95087365594542E-05 0.0194317749971745 -0.0792789620033455 0.127861580968026
0.00652104201353654 0.0120344318837375 0.0216146587026675 0.125490491547374
0.0113896147182291 0.00796818510107414 0.0692786035809157 0.0756406767932233
0.00528889472947366 0.00551322234770173 0.0840898907925256 0.0416636506891818
-0.000418136563728912 0.00818743537230486 0.0997349779714434 0.0281795338459978
-0.011625953945898 0.00344150792031279 0.10363578648979 0.0541597876392025
-0.00751590448564928 -0.00751460145646716 0.0688125038222156 0.0968389051587464
-0.00236609709824109 -0.0145026007787556 -0.00205678494863365 0.121982607700548
0.0272471249548665 -0.0198810781559538 -0.0651894631429949 0.141865309371873
0.0457956491511596 0.00645152605221186 -0.0961604682118092 0.14916204702999
0.0349335843067413 0.049272588241179 -0.0601973773920668 0.2067672006722
0.0391369268022497 0.0703026052263227 0.00884335027377143 0.118946339132128
0.0450659896880633 0.0072390055010475 0.0698510129139462 -0.040866390312668
0.0205506598112761 -0.0193378119880793 -0.062828365379473 -0.0902420278287796
0.000943431849786332 -0.0158734822546852 -0.151654104359294 0.00528267040618237
0.00153969390692567 -0.0197053566457414 -0.0936135034749737 0.123019191542887
-0.0130946457823957 -0.0192779807602189 0.00899432498346942 0.127927094343295
-0.0179054482915762 -0.00745775587076278 0.0610940737550474 0.0806642839333923
-0.0246914104650778 -0.00926466067901094 0.0791301510285648 0.0418376019708893
-0.0291881650586604 -0.011264165580327 0.0957381607853111 0.0203587818132537
-0.0309722364938841 -0.0366673530845641 0.10501548753998 0.0369530132706499
0.00429789737916472 -0.0553566281945315 0.0867286016525651 0.0787870662414568
0.039839305360896 -0.0423203181350018 0.0297959179722472 0.113855580828595
0.0840127491905301 0.00355759550795744 -0.0381202374204844 0.144341932927094
0.0772714844621384 0.0752175619617188 -0.0774943193015893 0.145790870914721
0.0332269896892182 0.127096434739386 -0.0517413597208756 0.179932497459056
0.0216856447026048 0.129772361626292 0.00169872232783026 0.0903116302488021
0.0717515820754542 0.064636421530416 0.0765061079508612 -0.0482907198783471
0.0721416065804264 0.00189514950244469 -0.045382012987862 -0.114031079143872
0.0387020233228858 -0.0439183073919483 -0.155694934377394 -0.0250664424545717
0.00986775525790038 -0.0610695451589597 -0.108867763672336 0.101709224066774
-0.0284701482169488 -0.0539885579353941 -0.0123955278306138 0.117386599137158
-0.044328289994315 -0.0257341494852152 0.0415084223269329 0.0779886278736559
-0.0513379707401846 -0.0217845966114443 0.0623726632662397 0.0361136595443221
-0.0534106327183271 -0.0246066318894435 0.0784660606227019 0.00666690979252098
-0.0513464921619271 -0.0650417741637605 0.0965750559765357 0.00751847238232877
0.00114498678389251 -0.0952352307455056 0.101035518123275 0.0429209389177408
0.0614177062158968 -0.0798504170902077 0.0699850641122636 0.0917715309186032
0.134187541346635 -4.18159314273005E-05 0.00191617947636822 0.137882774406705
0.115714475426738 0.116082102385445 -0.0569371440583713 0.136586274791855
0.0411559383962308 0.181020212562054 -0.0445513088265288 0.134381283352834
-0.00604831040658148 0.172049616269547 0.00301738292698283 0.0394288537741179
0.0792589191701461 0.124568769660914 0.0833054396317758 -0.0660217436074612
0.114969767350801 0.0388982327384441 -0.0165921508642033 -0.138810027553804
0.0828427959909867 -0.0572110926964828 -0.142600701888581 -0.066116975727998
0.0261099034179746 -0.0949257463787068 -0.11686139735468 0.0616594299888626
-0.0358305119858814 -0.0860638441030928 -0.0378240348846632 0.0903496297049676
-0.0641055698942197 -0.0434212925147391 0.0114323754387667 0.0650204433029274
-0.0706131724289572 -0.0315918034631805 0.0360940408056355 0.0257779403414976
-0.0692520457088931 -0.0317754198367025 0.0526105315676829 -0.00859559696804832
-0.0671583730758921 -0.0782974611562452 0.076128754724467 -0.0237050239486473
-0.00984616919015479 -0.119272771516191 0.1023360509383 -0.00119843521744203
0.0633930454031248 -0.111519298737226 0.102028780490084 0.0550945733891405
0.162298924155917 -0.0188567144699591 0.03922070095532 0.119180076263688
0.14209710919554 0.127574610174676 -0.0419540417605089 0.121051601300935
0.0485036280934108 0.204710520979352 -0.0426636711489796 0.076647546729225
-0.0358474639736011 0.184374594763151 0.0127903189770446 -0.0287053067936595
0.0624397874701866 0.165785358497644 0.0882810203884818 -0.0907897432139535
0.130473436443154 0.0789902912909624 0.0181390102923475 -0.154587547210301
0.115377375459372 -0.0517001700476829 -0.106908322282796 -0.104317201095522
0.0425961166109331 -0.110409664227422 -0.109993539137505 0.00807625952292067
-0.0332673774304669 -0.104679302792134 -0.0624243463310111 0.0495149493209659
-0.072663815195249 -0.0556030910051615 -0.0227779595757611 0.0430935195582774
-0.0801623456704861 -0.0361900569157039 0.00577421761909919 0.0115760502395012
-0.0751577321117898 -0.0339040307153187 0.0211368272566122 -0.0248862829762314
-0.0723190931908469 -0.0802790241312429 0.048945767550593 -0.051182676580855
-0.0172908409956434 -0.123814299967046 0.0905748839299351 -0.0407587837549004
0.0573385560342604 -0.121652257437544 0.116760668321143 0.0172246117077357
0.164062522640702 -0.0289563234581715 0.0619309213241808 0.0928918290936871
0.140812447191406 0.123314019248275 -0.0339494449111477 0.101553812659176
0.0449436395881142 0.198108815060586 -0.0435520209850665 0.018677093307661
-0.0558260035337939 0.160218455800078 0.0277493593785975 -0.0987507558245162
0.0297346185444281 0.167561312142741 0.0919217808388938 -0.115124023902343
0.110510938121432 0.0991721839262106 0.0507310161546569 -0.157045108250377
0.119015697827058 -0.0318629919490267 -0.0581376458408078 -0.12785981517098
0.0503358707949884 -0.100068687309738 -0.0891853566473385 -0.0449042639675628
-0.0251470565600486 -0.102535699930429 -0.0798203543056371 0.00331843608839053
-0.0677824122217408 -0.0568495994189419 -0.0550090500849296 0.0169391607613544
-0.0772403123248928 -0.0360743495906531 -0.0251101613434313 -0.00360681811939258
-0.0714592580616228 -0.032694078125505 -0.00965049556581829 -0.0396021498059817
-0.0658362901715899 -0.0733484614857133 0.0212773030357185 -0.0708374305624559
-0.0162773103630599 -0.112552336169346 0.0740424680974975 -0.0705064885020137
0.0534096359400353 -0.110169041610974 0.119627981693219 -0.010652577228241
0.145463070434549 -0.0202495613090371 0.0710283444295325 0.0694134354382598
0.112180530278251 0.114552134853038 -0.0316591184250929 0.0808272764430463
0.0252392258507933 0.169132473550512 -0.0423823003867582 -0.0335748868101346
-0.059874534938508 0.106441022846944 0.0417453877989381 -0.157895177432805
-0.00349123733861885 0.127478329810612 0.0929078373401886 -0.132086374308998
0.0680778382507848 0.0882464606845305 0.0722420523134217 -0.148370197741967
0.0910746228454748 -0.0114411440385815 -0.0149647356982233 -0.133973972514062
0.0429495909884521 -0.0705066892530628 -0.0662257739745901 -0.0840604688727258
-0.0133926845217331 -0.0795035096773044 -0.0908454085775189 -0.0342036003919975
-0.0521716285991011 -0.0478459444407121 -0.0800484775875492 -0.00707274423250291
-0.0621781781066447 -0.0303399162536541 -0.0507924946457058 -0.0170558634609546
-0.0582719573482515 -0.0290000863584753 -0.0352880043379632 -0.0517802844356539
-0.0510313361978042 -0.0611510241221696 -9.69782525933792E-05 -0.0857789165053764
-0.00849280871049636 -0.0903690403064941 0.0621384737676143 -0.090758212081909
0.0522987607051756 -0.0833337560754588 0.117918367627676 -0.0266275976661862
0.115896386351763 0.00141246381924164 0.0732556505374392 0.0535208619698065
0.0674433350823199 0.101367752943321 -0.0292597483735766 0.0629248124714691
-0.00484056183910824 0.122487255219175 -0.0342207880947349 -0.0737845194907213
-0.0496252094102502 0.0337305171032897 0.0454181193678753 -0.194012340309997
-0.0277175221520154 0.0614396433029953 0.0854273923267856 -0.138826748052787
0.0215645539943965 0.0525263742184818 0.0768505866326041 -0.14039715887391
0.0448833988682461 0.00190405720162135 0.0074228311812503 -0.131430731473218
0.0247539027580243 -0.0326097518900074 -0.0537910669878117 -0.101929109444595
-0.00191331789395089 -0.0429338428709398 -0.0972581167818041 -0.0544028921729002
-0.0269922804185848 -0.0305213642550464 -0.0952937262983467 -0.0214414729892936
-0.0379296050712166 -0.0207493376307111 -0.0673146075306278 -0.0283631677195751
-0.0376725324465158 -0.0224929978562934 -0.0520052876137898 -0.0619253193178436
-0.0311216899482389 -0.0431037464835859 -0.0127112795032193 -0.0977532396903224
-0.000568906418029942 -0.0610553117571561 0.057425524000189 -0.10471583550076
0.0478631697261755 -0.0510696957789056 0.118966879331982 -0.0326424238333118
0.0776371383579782 0.0226400860422891 0.0733094293445983 0.0482039627038965
0.0178897879438402 0.0797682905084729 -0.0253418921374691 0.0495937949888196
-0.0335561281229856 0.0633790579239135 -0.0186384808156332 -0.098491055630091
0.0421175562095506 0.00448028302497522 0.021417144675665 0.122725347103321
0.00780460229678787 -0.03690622077618 0.0630897995072293 -0.0445215252524604
-0.0262466755591347 -0.0235686656793524 -0.0728855478262131 -0.074569090707674
-0.02275002271094 0.017239206043919 -0.139642615703365 0.0239862374420982
0.000877700511542617 0.0193034581488548 -0.0773413130568145 0.129747984134411
0.00671331112920832 0.011914960655647 0.0237549857389978 0.124034478348486
0.0109337375348712 0.00756468642545119 0.0690772989585692 0.0728766025231596
0.0057323710655425 0.00537970312622944 0.084129131520793 0.0396462182374966
-0.000711806128419167 0.0084190849054381 0.0999483131718344 0.025184667793185
-0.0112902657149247 0.0037960819664431 0.105088766554967 0.0518496238603048
-0.00748059969471715 -0.0075969102011262 0.0699013812347941 0.0956950120137243
-0.00209546154687711 -0.0144374077729751 -0.00232231560493282 0.123328956662448
0.0268467909669509 -0.0205225464084231 -0.0638639761413586 0.143077191953079
0.0452440680424265 0.00624685666675441 -0.0957860423345355 0.148823869640167
0.0365646330307505 0.0498862158885494 -0.058260997732201 0.206601521859591
0.0401743980401958 0.0698509673795162 0.0102956075452607 0.118399620854072
0.0452755916973314 0.00581843432549607 0.0686644883050995 -0.0429497083221401
0.0202506296912145 -0.0197394867283052 -0.0628026708998219 -0.0905160172237103
0.000832794093527797 -0.0157121253471078 -0.150395052279221 0.00729175849428234
0.00128030565097292 -0.0197081437852532 -0.0910481608182563 0.124597552276627
-0.0131101756166316 -0.018498898631912 0.011300671783539 0.127319428291785
-0.0178724489450857 -0.00740423029184828 0.0619746178167348 0.0792502338734664
-0.0248154508944769 -0.00857353787498923 0.0790257562062204 0.0398247125680666
-0.0289916959276695 -0.0107734426318624 0.0950459618692919 0.0167745427861868
-0.0317444611321197 -0.0360239355910329 0.106244885665456 0.0338260984922868
0.00270669371647047 -0.0560098351024374 0.0879178892610454 0.0765369161509417
0.0395402522614229 -0.0429421663299003 0.0291678881846185 0.114468532415553
0.0839562408420237 0.00211381102277204 -0.0368850762632832 0.144892369372731
0.0778209680733945 0.0745198323956766 -0.0770971749212006 0.145097733326889
0.0351590130746778 0.12714675974184 -0.0515529846123775 0.179839052129658
0.0236858054929175 0.130282741128915 0.00261530386879541 0.0897057067279899
0.0725119516942286 0.0627221793961227 0.0750559117037343 -0.0505468511751552
0.0719154644608793 0.00129763069725909 -0.0456152946833052 -0.114944705960551
0.0375269043346048 -0.0438142683904279 -0.155209152230428 -0.0232739245925918
0.00850336436826673 -0.0610284470825304 -0.106875832835835 0.103224228985445
-0.0296436985963115 -0.0531823491041814 -0.0101157645201504 0.117483672651944
-0.0444514609416063 -0.0251931143116302 0.0423855574728828 0.0761464122583495
-0.0512045036640511 -0.0209578002488731 0.0621985434800232 0.034503559475308
-0.0533396527939002 -0.0234632133962423 0.0780183614053011 0.00335953919665111
-0.0522808299463146 -0.0638399709100127 0.0965009032299151 0.00488653641139031
-0.000786149053567167 -0.0955686933322754 0.102597735977109 0.0407717769454351
0.0601934406335828 -0.0796911080048886 0.0694464464089203 0.0913403805104485
0.133893999489648 -0.00286856529703331 0.00226603056555474 0.138732209939613
0.117052011176109 0.113449574264902 -0.0567157291825748 0.136547876966794
0.0426173254283476 0.181667041080334 -0.043631635282847 0.133990550352888
-0.00380633649395282 0.172882118424772 0.0029068594668297 0.0393605118206697
0.0809625499128349 0.122883383204374 0.0823239327104303 -0.0673233227611107
0.115740184122825 0.0374998264829243 -0.0173540891899434 -0.140033676349406
0.0820383849130398 -0.0587010581966546 -0.142675501635884 -0.064458171075683
0.0235050070097894 -0.0956601543126477 -0.115635220616239 0.0624188011317241
-0.0373991834363529 -0.0850366023709152 -0.0366154943258495 0.0910161078364582
-0.06443126222154 -0.0420259819609219 0.0130688647541174 0.0646316048248836
-0.0709215620564009 -0.0298948502438421 0.0363828019768706 0.0249886758946918
-0.0685287177532708 -0.0305355436651449 0.0518936870764128 -0.0113372324932578
-0.0681518578751351 -0.0768345495007165 0.0756653377851349 -0.0259403510445374
-0.0116085792358024 -0.118732731588675 0.103059803890288 -0.00314984794401493
0.0615098601150967 -0.111140387806224 0.101185935594871 0.0543718348995002
0.161640796722209 -0.021500712509039 0.0386734834360736 0.119474117268019
0.143193671099834 0.126256969820804 -0.0417931672009277 0.121695459910963
0.0504010502188722 0.205277502037407 -0.0417540467853157 0.0776708251652889
-0.0333745880880284 0.184615296311399 0.0116268793708419 -0.0283943319087255
0.0646329137551124 0.164146269608853 0.0872433635829507 -0.0909054765184743
0.131900423930364 0.0766873652055634 0.0178343207349226 -0.156295629693258
0.114671427399117 -0.0532775971442145 -0.107686442323665 -0.103340670985953
0.0403019097747013 -0.110227816169446 -0.109827423408631 0.00851207452794554
-0.0361004803577725 -0.10373542152836 -0.0616255335071993 0.0500645687479396
-0.0727805444908279 -0.0538637756734215 -0.0215158664445872 0.0433772884185639
-0.0801775911740026 -0.0342883200356225 0.00554328919935153 0.0112168682015838
-0.0746796417454873 -0.0324010551460061 0.0204740079166216 -0.0267448034605655
-0.0732534289774747 -0.0785766821351351 0.0477079307281106 -0.0518855105466852
-0.020115694332622 -0.12354238517884 0.0906691163313267 -0.0430124856888011
0.0552009544530181 -0.122123825845119 0.115653227378209 0.0149547047345739
0.162429649524827 -0.0320030275965866 0.0618575618660926 0.092837727343461
0.142195855803271 0.121561006651369 -0.0338651094387404 0.101437944478736
0.0463502900828751 0.199008491960223 -0.04286525904927 0.0189902032525732
-0.0536916080431911 0.161811035704415 0.0264598218447879 -0.0984745791457861
0.0321184944110617 0.166585445665651 0.0906843016237818 -0.115695862226171
0.112418496078729 0.0981064107607034 0.0507559364705985 -0.158170352406627
0.117772651731767 -0.0327879918518081 -0.0583612752467053 -0.127514546126571
0.0482056440985862 -0.100246537199513 -0.0899320196875051 -0.0447704218809306
-0.0276096547127251 -0.101354757688821 -0.0805735696784249 0.00484007443478301
-0.0683749652544375 -0.0557617440012472 -0.053724292016626 0.0181032323055583
-0.0769795932507962 -0.0333209517978609 -0.0250320569968478 -0.00343812853211479
-0.0708649019584235 -0.0314050563933444 -0.0104378076043879 -0.0399863168472437
-0.067179982645224 -0.0713373688499801 0.0203201340944353 -0.0713817501958588
-0.0184754714188954 -0.111834110732756 0.0739379059888819 -0.0721532095469826
0.0515636172524139 -0.109503344672634 0.118436846373839 -0.0127651379951118
0.144955193285524 -0.0224149097427108 0.070679812148292 0.069156936206648
0.113527400362848 0.113164312851671 -0.032076600503765 0.0816758104642414
0.025721283143852 0.170023556595801 -0.0426259340623685 -0.032184156262395
-0.0580279319221367 0.107554532047095 0.0402329774230165 -0.158188415328103
-0.00210633055849857 0.126731933104435 0.0919394326516229 -0.131738033435869
0.0691797040795771 0.0868531810013085 0.0716454668458445 -0.149827875051984
0.0900700414455707 -0.0128404927189143 -0.0156822828968715 -0.133987202970457
0.0412365676515053 -0.0714346046634745 -0.0669360186773196 -0.0843989439559255
-0.0154839757473046 -0.0787785256607704 -0.0920603293100131 -0.0328761110038994
-0.0518848379299987 -0.046878737288483 -0.0790646291442922 -0.00489797854772391
-0.0622336113096358 -0.0283530801703766 -0.050436588321154 -0.016188208734998
-0.0580834234994193 -0.0277021610995414 -0.0366141589158592 -0.0511409488890242
-0.0517591965820224 -0.0594676177651485 -0.00147073827338949 -0.0857830195148633
-0.0102906407281679 -0.0904569037135551 0.0615132666272339 -0.0923405467307309
0.0507638045621717 -0.0832874430891082 0.117047350117546 -0.0283069374852611
0.115807870012807 -0.000847155849501846 0.0724126123247114 0.0538422929513722
0.0687503937038784 0.100612515968373 -0.0296015662659404 0.0634821848163853
-0.00345231903354416 0.122762535929237 -0.0347946723775605 -0.0721603852072197
-0.0491360714326026 0.0350116524655232 0.0435643843618604 -0.194334023191446
-0.0271808319985625 0.0617181496796903 0.0847444729179424 -0.137828772667648
0.0221716485026022 0.051826945320245 0.0754199391149059 -0.140209502975641
0.0444733750824434 0.00137505510661222 0.0071272169628974 -0.132355039863667
0.023653309015665 -0.0320820084076038 -0.0550088570297988 -0.103197281410045
-0.00312999048567316 -0.0426744943051369 -0.0977710166152796 -0.0520252382525377
-0.0276958941993954 -0.0300086178164457 -0.0947668097866989 -0.0193263912578791
-0.0380927305563713 -0.0196169536291387 -0.0675281775850219 -0.0263590854708539
-0.0377211659441855 -0.0216142924362754 -0.0528820176995299 -0.0605852425629164
-0.0323118162851941 -0.042222053128615 -0.0133557607152734 -0.0968564884517434
-0.00137228406345943 -0.0610283550990912 0.0564548595553675 -0.105435754497763
0.0462186644106413 -0.0510741699290091 0.117795976271617 -0.0340204872151962
0.0775142738430733 0.0213674463247699 0.0732967443324104 0.0478988914746515
0.0195306586414177 0.0798947793567529 -0.0253577623491604 0.051220030471347
-0.0333447872729758 0.0638777114458423 -0.0192652124243569 -0.0967664310442595
0.0430324893087163 0.00357858489734945 0.0246387095196399 0.122574133278467
0.00668598382337629 -0.0369952126809318 0.0612961914479426 -0.0476986680709577
-0.0274150303494321 -0.0228599179307211 -0.0756223465545319 -0.0741569890581356
-0.0224969775610065 0.0181990994929623 -0.139211407296627 0.0268403905064782
0.00183690697989966 0.0195067929286391 -0.0736433688492288 0.133237684514199
0.00749081159063996 0.0116020407544387 0.0276824844121909 0.123970620369005
0.0109292719138505 0.00699931647292499 0.069940338830445 0.0705517284153009
0.00548774614137956 0.00471227991302833 0.0853682000703968 0.0365956728221889
0.000408269871549908 0.00754143486225551 0.100797778959776 0.0208041815258171
-0.0107940704117448 0.00431925979507824 0.107782169210281 0.0478256453165306
-0.00745257563973052 -0.00721482402630941 0.0736139144212734 0.095209794343521
-0.00221088765193901 -0.013936774464365 -0.0007483283173818 0.126091064962193
0.0259037178919157 -0.0216222981815288 -0.0607130869276656 0.146553512587296
0.0455272937924647 0.00550869793328204 -0.0932791495095651 0.150862815747981
0.038202599306328 0.0493778377679146 -0.0554336439634235 0.209692363747655
0.0433666680096195 0.0696271024799576 0.0132239332853142 0.117981206181593
0.0454337078527285 0.00438222696668864 0.067250339481232 -0.0462508902830236
0.0195709956611253 -0.0205604618987453 -0.0659902425221243 -0.091152124251834
-5.10501352249547E-05 -0.0155335676955054 -0.150946398738484 0.0103457270834966
0.000303119705516515 -0.0193623614021971 -0.0878385482495351 0.128298585507032
-0.0140374976071259 -0.0183007836741227 0.0150855111963633 0.127339473058576
-0.0182087616189534 -0.00696571091948636 0.0648448847908044 0.0767223610932653
-0.0250229651187059 -0.00785197182962536 0.0801377579425038 0.0367855721562957
-0.0294136524830647 -0.0100012036704934 0.0956010434115003 0.0126157748003893
-0.0332164076076666 -0.0345049755887779 0.108410754463464 0.029484157309833
0.00035993824801138 -0.05618840832995 0.0918805835525724 0.0747955222514275
0.038008575281538 -0.0437958157885021 0.0310910833264047 0.115897766392803
0.0843585053112742 -0.000911271546203428 -0.0340453335402684 0.14807190269473
0.080345311670202 0.0731993533803316 -0.0753620210312315 0.147107490266699
0.0385845636201807 0.129352205762304 -0.047504906935246 0.181847392798828
0.02811705439958 0.131270775464156 0.00514127498992354 0.0902610615459264
0.0743463625778546 0.0609204334708047 0.0743196766073993 -0.0536351526284033
0.0726352221131222 -0.00125548781842391 -0.0481487457610118 -0.116703753709354
0.0364669723932953 -0.0447844231845046 -0.156616643506719 -0.0196892077774823
0.00659921802733527 -0.0612601535785764 -0.104574051545568 0.106983431215355
-0.0316785049394025 -0.0520464005463591 -0.00687774884801738 0.118254581407078
-0.0452365464897735 -0.0239673550010879 0.0452681510941668 0.07416083715116
-0.0520425967187219 -0.0188017986329455 0.0635279759054612 0.032633071537329
-0.0538696274652799 -0.0221465508622552 0.0777610735704963 -0.000250637978058443
-0.0551369994228733 -0.0622538466770237 0.0982387797984204 0.000851407982259885
-0.00432447803485816 -0.0960460437658266 0.105620575201408 0.0373308696014746
0.058454873363318 -0.0819184460234715 0.0711890407156894 0.0908362988998377
0.134279786478585 -0.00683009175083882 0.00513883955374496 0.140891882322834
0.121216643525464 0.11182010046211 -0.0548971184097065 0.138672552257602
0.0482637275200854 0.184061767437271 -0.0408488480423797 0.136076745955767
0.00165149536000807 0.174588399166258 0.00337744466134396 0.0395404170319548
0.0849531111549706 0.120831032940594 0.0810837916650472 -0.0704726939868094
0.118001876379637 0.0340784019327217 -0.0201778025832207 -0.142958724575759
0.0804855166666145 -0.0613427407236725 -0.144518107382602 -0.0609013330898483
0.0203360418904705 -0.0964581767866204 -0.114111316061317 0.0660440118945158
-0.0412382173707868 -0.0838355730185397 -0.0339091061001742 0.0926187878789494
-0.0659104851720706 -0.0404841107760514 0.0151797334766186 0.0638782790277188
-0.0717483743617819 -0.0269326181362937 0.0371050496381421 0.0236049525482464
-0.0694657083511643 -0.0289007225702523 0.0505111541072624 -0.0145008005200449
-0.0712533208176065 -0.0752978808171702 0.0752584990807965 -0.0296497842803887
-0.0165471900347655 -0.119607962336779 0.10473967797485 -0.00761637548886561
0.0587468651582902 -0.112965427798707 0.102116595109716 0.0523160335757369
0.161786463753909 -0.0269929861493651 0.0412536699369109 0.120297206561879
0.148262278625266 0.122922753295636 -0.0407242665976265 0.123521408505309
0.0555210935958505 0.207227613465287 -0.0404190636238394 0.079035236896505
-0.0283628603080733 0.188814114987747 0.010899194734484 -0.0288475501581219
0.0697095169620371 0.16317336959962 0.0864012366472622 -0.0942554003135411
0.135058638885186 0.0737797541972993 0.0151561739495326 -0.160180096569165
0.113395475681796 -0.0566252264493484 -0.110698609177668 -0.101735124720197
0.036705660050793 -0.112458032278751 -0.11001103021132 0.0107525540221217
-0.0402844907706524 -0.102562956449462 -0.0603691154723714 0.0526530499366587
-0.0752735892859785 -0.0519392124875021 -0.0196223386228156 0.0439933528871099
-0.081287399650119 -0.0310117251743229 0.00575867735666145 0.011965969471977
-0.0755152824111322 -0.0302152484757095 0.0194395422950837 -0.0277928638045097
-0.0768197360488908 -0.0760857062923657 0.0463682681669275 -0.0540514136496754
-0.0248125450222569 -0.123453282296575 0.0908749380318937 -0.0480189158218733
0.0517260140893008 -0.123018572635751 0.116605344596786 0.0121774249377821
0.162487231361651 -0.0370534719336011 0.0639009148911426 0.0932851051522934
0.147062533727077 0.119069302335225 -0.0336875138189538 0.104099503631141
0.0517529084477364 0.201547435810416 -0.0433121010092751 0.0203451023987298
-0.049301033407688 0.164740686451599 0.0234990455324082 -0.100338918529746
0.0366247748294786 0.165803370255194 0.0889979334441334 -0.118044165395545
0.115935600710384 0.0957338898834856 0.0483658513515719 -0.161576156191537
0.117956101688758 -0.0368013324837574 -0.0614912238389203 -0.127716659534175
0.0455237726611125 -0.102450679657887 -0.0914898873134729 -0.044573054620509
-0.0313381690681781 -0.100709006216211 -0.0810056326131884 0.00778713734726566
-0.0706796059924711 -0.0541006458892326 -0.0530007864262283 0.0200863622916506
-0.0780464643102831 -0.0303947416966007 -0.0251426897303711 -0.00179215523730383
-0.0715641662352668 -0.0295675855724215 -0.0121397504773311 -0.0398491863928071
-0.0702249783424861 -0.0698173923938101 0.0184764646543221 -0.0728198317887491
-0.0223377086667783 -0.112085101679551 0.0735112835854856 -0.0769562261304895
0.0489103650223015 -0.111370858219264 0.118136734971685 -0.0166686724273697
0.14514165214074 -0.0275112489509441 0.0719811980484035 0.0690715822086628
0.117802878688048 0.110881393303787 -0.0314060367564075 0.0841230361367204
0.0304271710768409 0.172039499784407 -0.0435033180816826 -0.0310789849685609
-0.0550732817551823 0.110156432778293 0.0356132463336864 -0.160046310865574
0.00116882570259398 0.127926754993842 0.0896847160377223 -0.133902656985479
0.0721588514172169 0.0859467863173719 0.0698001676457711 -0.153638365592674
0.0902525165989842 -0.0151246524507175 -0.0179518351725162 -0.135950915912151
0.0396712528679259 -0.0732003332454401 -0.0699729572379426 -0.0848127317539446
-0.0188293774666366 -0.0780938530411782 -0.0940631055582877 -0.029492427471719
-0.0542733212654038 -0.045093036671819 -0.079597266447568 -0.00140428514819506
-0.0631470473586089 -0.0257742639626411 -0.0509794104610612 -0.0141429249082684
-0.0589934078203167 -0.0258751742729831 -0.0383379059202509 -0.0503813637835846
-0.0544713054822882 -0.0579063631972348 -0.00361741255454621 -0.0864045733439535
-0.0133992704293264 -0.0902808670262411 0.060389661812137 -0.0956399340904363
0.0489596320142532 -0.084930953595195 0.116987622638372 -0.0312156954621654
0.115854124070948 -0.00488349772311151 0.0738262479813588 0.0536408536352989
0.0725394115841628 0.100318652231638 -0.0285169560942905 0.0661623764810794
-0.0015896650516747 0.124746821346809 -0.0369450439879953 -0.071739512896981
-0.0482907802070469 0.0363648557068292 0.0393801453320193 -0.196587909061893
-0.0252027263536267 0.063056567349068 0.0834928631611027 -0.139598457713829
0.0236297965849378 0.0515373081411818 0.0740784234368873 -0.144278195864522
0.0443392851601208 0.000382303835866542 0.00455383564750451 -0.134501683987239
0.0229292263108117 -0.0332863882080922 -0.059034666089608 -0.103774823394965
-0.004691935975515 -0.0425798756153382 -0.100830018831657 -0.0489874060066672
-0.028551043171209 -0.0290343163732366 -0.0955984815104832 -0.0153923878301008
-0.0381738597487898 -0.0174386971392483 -0.0685766174329632 -0.0239197456730052
-0.0387040306169344 -0.0203658106815513 -0.0551913268681144 -0.0596213613567321
-0.0344512792981954 -0.0413063460917601 -0.0159087762814042 -0.0972682260809271
-0.00320045934767521 -0.061403530723499 0.0543945098702388 -0.108766411176697
0.0454504475506479 -0.0527358519917956 0.117280959563678 -0.0371917230220142
0.0784616600000035 0.0191643193760651 0.0737496905604163 0.0474025775302915
0.021888271091941 0.0807079147515789 -0.023812414321348 0.0533746252742525
-0.0321864635998065 0.0653496487949625 -0.0222138217735929 -0.0963456873931926
0.0431673660082855 0.00147891227186028 0.0310524518892108 0.120616043113289
0.00465127072906345 -0.0374524402805532 0.0582514992018069 -0.050769023368781
-0.0287720125593456 -0.0215835779422701 -0.0786538625996753 -0.0709702153393953
-0.0214642827457852 0.0193145649586311 -0.137639433773585 0.0327675516517574
0.00323698800188924 0.0192646525136828 -0.0659999119718888 0.136703365528132
0.00766360420876111 0.0110159602590622 0.0337703639591779 0.121666345907221
0.0108808051558571 0.00654658536999056 0.0719168248689721 0.0662391887453042
0.00529057969904149 0.00428509986482266 0.0861504983451666 0.0315375987710999
0.00042367348656498 0.00780271008004263 0.101201888631527 0.0138987599569837
-0.010244413942497 0.00448125496921993 0.110175753395128 0.0412598049541551
-0.00807603217579188 -0.00709225219316899 0.0786145278899641 0.0910103288170951
-0.00276703430176417 -0.0135276629920095 0.00448461913714104 0.127766134758725
0.0241658304010948 -0.0229071200009978 -0.0539696093526295 0.149048688836601
0.045393476821601 0.00398258455989677 -0.0876212256492374 0.153478393969524
0.041379536716071 0.0473748998793968 -0.0455438393948501 0.211246895466436
0.0467222425214817 0.0677022341056178 0.0186108968161139 0.116952663932461
0.0456590192749823 0.00206699352689748 0.0637285323227168 -0.0494254546735941
0.0182108861289076 -0.0216206180188596 -0.069905204481343 -0.0887121499550837
-0.000549997513496697 -0.0149694345803 -0.149195250199498 0.0171225270133118
-0.000431832381902631 -0.0195025062194248 -0.080807530723443 0.132207821765328
-0.0149546979830889 -0.016991390153278 0.0217035565285697 0.125484697944481
-0.0185280741488452 -0.00584581423109066 0.066736612168794 0.0711196543835188
-0.0254107396508896 -0.0059489647276259 0.0813587605476183 0.0324509518459523
-0.0293867493228625 -0.00854497272383749 0.0952808852573201 0.00669484669637757
-0.0344409953796494 -0.0333581087614209 0.109861472124309 0.022737809239627
-0.0027023079085303 -0.0556150445648159 0.0960132946547758 0.0696819426837613
0.0357899096473941 -0.0450606408859733 0.0355456808915274 0.116067197566977
0.0838084300498004 -0.00484987774358932 -0.0270212265349287 0.149690020205058
0.0834848651072316 0.0693718091909533 -0.0694614867481512 0.148676458594078
0.045619487645123 0.127538839845479 -0.0400930360628615 0.183223823372181
0.0348715258512639 0.129868013821316 0.00901869011600245 0.0905340473833486
0.0772002517458105 0.0567506782022818 0.070622697653594 -0.0572305967165836
0.0720647796884692 -0.00502023009453801 -0.0536888303185341 -0.115357858606598
0.0339074736070951 -0.0461223359326778 -0.156343308941747 -0.013070814893581
0.00291571265574874 -0.0615275529035411 -0.0980581760666348 0.111281822583048
-0.0346197712483044 -0.0497080796442375 8.16915553522933E-05 0.117363587430169
-0.0465852669875399 -0.0217955180892771 0.0485433517909011 0.0713224138844512
-0.0527973902252138 -0.0156497928327268 0.0646103986415184 0.0283723260474497
-0.0542197432382934 -0.0194061574102528 0.0764579850971203 -0.00531491705772943
-0.0584502896927346 -0.0582555731193652 0.0972313095563998 -0.00526930433678581
-0.0103573363196627 -0.0956025401845807 0.107933966397543 0.0307590355380656
0.0537114387623541 -0.0842175278171622 0.0744145607654091 0.0880798061240322
0.133076310191737 -0.0140522797934857 0.0105252704274466 0.141247198211677
0.126438143482386 0.105936164211752 -0.0502348942378022 0.140542767500726
0.0569696878115968 0.182106799816828 -0.0350927035853889 0.137098796886968
0.0103571046653476 0.174582699140554 0.00509230723236302 0.040066770978588
0.0906144591844366 0.115863179619948 0.0769162389605139 -0.0743768863421412
0.119511732483066 0.0280115437413884 -0.0259999708628293 -0.143561810931456
0.0770432829715154 -0.0650164281255101 -0.146477249917316 -0.0551527185678795
0.0148892028916205 -0.0971158562333425 -0.109986693712328 0.070274976061711
-0.0460368095279945 -0.0803208463274788 -0.0291846484686321 0.093536617184895
-0.0675764799634319 -0.0368422266373539 0.0184215587998491 0.061995143509612
-0.0725975209202479 -0.0225894690699232 0.0381979956692944 0.0215101936366444
-0.0695529336051929 -0.0252033019060445 0.049361433606318 -0.0180201637821755
-0.0753596093012453 -0.0699609174735287 0.0734789801684489 -0.0344102986225627
-0.0233926381170097 -0.11803188126746 0.104794790358833 -0.0135779228584946
0.0528282118178127 -0.115116637155932 0.103632783871854 0.0478113513592158
0.159674092284302 -0.0352752474957718 0.0459055947720802 0.120022930627809
0.153823711578547 0.115346142736082 -0.03604186123489 0.125435452849465
0.0658053935502174 0.205629367436534 -0.0365585696205973 0.0805693579264811
-0.0182039633356407 0.189114289896331 0.00870473325322312 -0.0284699224262573
0.0773223204537957 0.158518735301251 0.08132018941436 -0.0973624893108195
0.138716393706154 0.0669715118082751 0.00842344248540467 -0.16164660495367
0.110109105591996 -0.0619237457057653 -0.113487454011574 -0.096297942525472
0.0301220444139101 -0.113789482800082 -0.108835967230484 0.0150089426241896
-0.0460540572330297 -0.0993744531803886 -0.0579446829244338 0.055877775223259
-0.0773028716940273 -0.0475975000144105 -0.0168626547967962 0.0451069314321135
-0.0816208458848608 -0.0261724803643376 0.00663383752938944 0.0114004608569997
-0.0755744222558204 -0.026925344922984 0.0171057831386684 -0.0292267252152918
-0.0803686148589266 -0.0714507404127462 0.0432953883157874 -0.0575190524867998
-0.031358603853932 -0.121359545680349 0.0889214000593125 -0.0535900247522873
0.0447442475642266 -0.124826805480227 0.115459817678312 0.00723721982623621
0.159165128992208 -0.0454228125285505 0.0667113566114533 0.0915389021115136
0.152920825210537 0.111054961191819 -0.029344487868487 0.106191475979129
0.0608642811360646 0.199777009136736 -0.0424352178036457 0.022838778705147
-0.0404025861685497 0.16706493269806 0.0186243056583717 -0.100497145620139
0.0439916745443865 0.163538362579892 0.0836273137290889 -0.120464810146751
0.120324525135844 0.0890710156947987 0.0412967869315811 -0.165549819812297
0.115560090053392 -0.0421427815371232 -0.0663614339776448 -0.124726880558241
0.039564415229339 -0.10451057336344 -0.0935665741176449 -0.0415879039311569
-0.036856722292792 -0.0978321334933373 -0.0805181927595249 0.0115212261518238
-0.073276679519441 -0.0494831491015962 -0.0511267762234096 0.0234754587546131
-0.0783915501805117 -0.0259801467727707 -0.0249067349909406 -0.000781216247846353
-0.072218289136785 -0.0259728712399089 -0.0151382274368214 -0.0392295166457209
-0.0729521641894396 -0.0654545737335538 0.0144558095459336 -0.0740848648208898
-0.0286125093175431 -0.110056823587089 0.0693459903080246 -0.0814584449863466
0.0426512974524724 -0.112883139057101 0.115903064670524 -0.0223210818415546
0.142569465750727 -0.034628509471804 0.0744705387630123 0.0672683197570317
0.123416413637249 0.104854803173823 -0.0281652450603747 0.0865699835713197
0.0386644948541073 0.17042900727599 -0.0451288413643932 -0.0288953877948191
-0.0493375511351582 0.112631920407118 0.0286605857381186 -0.160950158272929
0.00764129714903441 0.127007503676153 0.0843720283261429 -0.136277569927587
0.0765196717515909 0.0823178020753635 0.0633920181997807 -0.157396654823346
0.0885418490308516 -0.0192929582933711 -0.0229304573576494 -0.134975931474858
0.0352352306726162 -0.074795658872718 -0.0745288611218871 -0.0826712820926791
-0.0227394849184233 -0.0763060010894419 -0.0952997606396126 -0.0243416901787569
-0.0561820378027435 -0.0420257017439466 -0.0783028982203102 0.00348762502497807
-0.0633237808667059 -0.0220907500148659 -0.0508748624717636 -0.010946375168063
-0.0595559417753208 -0.0226854521810025 -0.0409373187888433 -0.0480126515708583
-0.0572667837071185 -0.0546616471104517 -0.00747705001605668 -0.0858747754752644
-0.0181526820600992 -0.0889772493209644 0.0554750556562576 -0.0998049550922506
0.043654672708427 -0.0866382745247435 0.11418543975466 -0.0372048615897256
0.114467008470497 -0.0108309866987787 0.0750057429564109 0.0514152181584339
0.0772075812792087 0.0964453167865103 -0.0254775981994427 0.0683586338252896
0.00490931070733641 0.125643076748454 -0.0398249474678904 -0.0692978575563795
-0.045711410600807 0.0387105850604458 0.0307181026826974 -0.197936800029474
-0.0221065404697629 0.0642762535984072 0.0784400338588473 -0.14151915215096
0.0259654155278449 0.0504681313084267 0.0679707905296989 -0.147199935058074
0.0440502291706712 -0.00154927745674784 -0.000464944883424336 -0.13501914785505
0.0209694937523326 -0.0340672431418192 -0.0647928072159636 -0.101789459530863
-0.00710490142997796 -0.0417580737974932 -0.103326201244146 -0.0437194780741494
-0.0301824427088122 -0.0274160278677913 -0.0953540387036338 -0.00925047995453695
-0.0383626043778097 -0.015572251761121 -0.0687056854805575 -0.0200394560113446
-0.0395460478115726 -0.018043094468169 -0.0574343517305086 -0.0561184297170662
-0.0367932196500543 -0.0383289703215927 -0.0197132976837667 -0.0965446644021551
-0.00569091574587694 -0.0603197388474997 0.0486267856423786 -0.111820164205684
0.0430522827348682 -0.0548247538459953 0.115129445081144 -0.0429191316100854
0.0785149862774073 0.0152208111377619 0.0757269715196947 0.0449219767363353
0.0262805689043803 0.0794725205309787 -0.0215849369737573 0.0550212977764018
-0.029146414030082 0.06703735778507 -0.0266509122012048 -0.0942505487722544
0.0422367973738377 -0.000673183875574409 0.0360976249622277 0.114960942310662
0.00283966636492724 -0.0359762443233186 0.0526373675968057 -0.0520517974893502
-0.0294407432012195 -0.0194690599524476 -0.0792081624321154 -0.064997880821407
-0.0195076812399904 0.0197352336569611 -0.131129425105056 0.0367969225439482
0.00423894386435174 0.0186811434884778 -0.0563811075104985 0.13510526817301
0.00801969446260576 0.0100663182207647 0.0386080975206127 0.114752094177382
0.0105428456166654 0.00605302106581241 0.0715240356789329 0.0595047935352079
0.00508509189348781 0.00377181464289917 0.084567967836934 0.0251075994760833
0.000827396907339931 0.00699253323052021 0.0978769544057219 0.00745896411635812
-0.00935773522559044 0.00496705581200271 0.108617901841307 0.0324146559274987
-0.00833259828804465 -0.0060765577858466 0.0809355536182317 0.0846563364575373
-0.00279548512872815 -0.0125519535313127 0.0104068010980435 0.124280955413746
0.0220228148347937 -0.0236644861466166 -0.0451180375808854 0.146617032543234
0.043911601136184 0.00149859771354115 -0.0792534432708337 0.151747233394418
0.042651114697707 0.0446257448500634 -0.0350982534248671 0.206457328726297
0.0487606284173749 0.0633339389863341 0.0234786558367801 0.11238489559046
0.0437885457702072 -0.000316235216577901 0.0588323574363571 -0.0510796853003537
0.0158841900207713 -0.0222370409270532 -0.072005071719553 -0.0833839643638564
-0.00167862229644691 -0.0143414159930377 -0.143355166849555 0.0224120354766466
-0.00214904851179065 -0.0185721217927352 -0.0708486638455736 0.131246787121262
-0.015420487165666 -0.015600281922298 0.0275102015478272 0.119616104131334
-0.0187098380277463 -0.00487847816280645 0.0675184764429981 0.0648097928231157
-0.024774358370123 -0.00481665643258557 0.0803364392650606 0.0260440665670546
-0.0288655567872296 -0.00684705559905948 0.0912109861883055 -8.2825180091361E-05
-0.0359351731335667 -0.0300413744377986 0.107176223932971 0.0148901678169921
-0.00595381708513966 -0.0537858254139626 0.097038605208236 0.0621451038740995
0.033068094899355 -0.0447847818627339 0.0392312635495349 0.112231886047068
0.080103590693972 -0.00924891438240861 -0.0193485566549965 0.146903954725722
0.084239611586846 0.0633807222227359 -0.0621115153950679 0.146715377531079
0.0502906175581838 0.121555405086294 -0.0303204377845578 0.179651282906416
0.0407887188984425 0.123930978219612 0.0125040331131505 0.0873390326790864
0.0772564804654955 0.0506560929212833 0.0649742910366294 -0.0590036950262169
0.0694524905629521 -0.00883570305098736 -0.0570332059058194 -0.110634519726399
0.030516704807616 -0.0462502380193924 -0.151076314491485 -0.00517530822042351
-0.000952919588408477 -0.0591509274831345 -0.0890469130555951 0.112023546500515
-0.0359626280571201 -0.0460151694889803 0.00562572473082254 0.113132254118785
-0.0464032806656522 -0.0183880258590023 0.0498143620892353 0.0649637274087125
-0.0517718487700645 -0.0120531395650889 0.0639762985135906 0.0239909696481242
-0.0530191182596865 -0.0161623745684603 0.0732750569405061 -0.00991475016150819
-0.0602283950962743 -0.0529944788917518 0.0935639985589238 -0.0111742047390216
-0.0159216880918829 -0.0913980940940366 0.106521021283277 0.0237087511844027
0.0480975546150885 -0.0834124619286032 0.0753177043257017 0.0827941175553068
0.127387890394233 -0.0203061569855132 0.0168788404401509 0.137600045289875
0.127605212098928 0.09624658120343 -0.0433188460004728 0.137610258496236
0.0642341218201894 0.174377579610423 -0.0281576429917549 0.134435293811022
0.019519526081052 0.168741094108015 0.00647882727313063 0.0393503173421866
0.0927481860052311 0.106448637900242 0.0701881219037225 -0.0751043982714784
0.116913626187774 0.0208902588887176 -0.0310909892834003 -0.138912684413696
0.0709676394620826 -0.066211709490279 -0.14334578454446 -0.0465262385857375
0.00864173071077858 -0.0946773765165457 -0.103307538561798 0.0728395584398989
-0.0486429561419709 -0.0746788381012223 -0.023078247536375 0.09170014652927
-0.0672994761864927 -0.0319405045283083 0.0210241162782584 0.0585085570775563
-0.0709663624199456 -0.0178142286647092 0.0384116377251259 0.0185596363919815
-0.0683212890341909 -0.0210082136913688 0.0454800676651108 -0.0203348042799058
-0.0768871382406059 -0.0634234253781974 0.0690634897855633 -0.0378673507130777
-0.0296184797683201 -0.112656225068969 0.101185482838717 -0.0200294020386368
0.044401436509592 -0.113545842459934 0.101367921094497 0.0421686641731825
0.151784376095101 -0.0423777041549217 0.0497051879453129 0.114854757802917
0.155043614459023 0.103883261845114 -0.0300201883179479 0.123449869252263
0.073718338855386 0.197437351695233 -0.0321303118825451 0.0796479071889759
-0.00756580692807899 0.184057755177527 0.00659641060439886 -0.0266628059226371
0.0819289269119091 0.14861136580769 0.0736859530121043 -0.0972122545781736
0.137638203452559 0.0570626072643022 0.00114709285358719 -0.15874065600025
0.103262862698733 -0.0653656156189196 -0.11421064396904 -0.0884275299764958
0.0227631455772557 -0.111828615255623 -0.10511056216348 0.018054379372079
-0.0503873513319418 -0.0924140141523256 -0.0531880490580638 0.0565303742262869
-0.0772124923982194 -0.0417005850078438 -0.0136574997274516 0.0442562180630566
-0.0794359461168517 -0.0205365798482987 0.00669319162197509 0.010216760733969
-0.0740477792594783 -0.0224557874560543 0.0138115993716112 -0.0293614593922531
-0.0812074686091099 -0.0640785597548074 0.0383479127501086 -0.0583018845643669
-0.0376943257443264 -0.115461661399707 0.0834667345724847 -0.0575077277622521
0.0371827342470781 -0.122551267305866 0.1115216176116 0.00149684857149902
0.151660631731245 -0.0532176091936794 0.0686778027616192 0.0868919566688215
0.153617237214058 0.0996434344597886 -0.0243957960848149 0.105673865135938
0.0692989829267062 0.19136640761333 -0.0398076566439188 0.02430566049259
-0.0300735040845481 0.163518334522509 0.0131761460029131 -0.0972318637297619
0.0505969290842677 0.155666371019193 0.0759009708985269 -0.119796981185745
0.121264899907912 0.0801341733646987 0.0331160495026156 -0.163519419688043
0.109243774052509 -0.0464830399826271 -0.0685178494460606 -0.118418578763373
0.0322353847918682 -0.103111523638665 -0.0927510828289686 -0.0366114665042168
-0.0414048891983848 -0.0918270235629768 -0.0778537561522371 0.0157467629883591
-0.0730449597774587 -0.0440241720152721 -0.0476051764438528 0.0255257060765847
-0.0760803715820332 -0.0199363855529225 -0.0233506871030443 0.000991369812576204
-0.0704263137939027 -0.0216949950901357 -0.0169485699926937 -0.0370170384670855
-0.0743608584027654 -0.0588891671277342 0.00991819956882341 -0.0726030950393326
-0.0333942904398394 -0.104887449937814 0.0636120905131429 -0.0835137377143853
0.0350433021682053 -0.110928968893888 0.110489030080471 -0.0263353943136873
0.135317976652749 -0.0412324711681965 0.0746526836509687 0.0626059302160355
0.125273034997599 0.0953145223131884 -0.0235660466112679 0.0860726644496215
0.0457255557270124 0.164559301768162 -0.0450386033961657 -0.0254274497137386
-0.0416839595003141 0.111256543140036 0.020608595768999 -0.156619031845998
0.0129197503589693 0.122299960838677 0.0760231032536103 -0.135106520196176
0.0778093425923025 0.0752574988462307 0.0547603385879779 -0.155918832881908
0.0845902430528816 -0.0230910581025481 -0.0272838526332681 -0.130145381421694
0.0294551892813787 -0.0740871458196555 -0.0765470602799431 -0.0775721375298205
-0.0263039156841252 -0.0721185185235337 -0.0939345606179433 -0.0186465076755867
-0.0568516144660182 -0.0373332897247948 -0.0753843099804323 0.00783827064225642
-0.0615009360563876 -0.0168850551064696 -0.0498448544553052 -0.00832934414485576
-0.0582691634722791 -0.0185790759349461 -0.0420693875794172 -0.0440965166396085
-0.0582171818694002 -0.0492936725376782 -0.0118639948876823 -0.0833869818243265
-0.0222889778984614 -0.0849871867342616 0.0485593264158723 -0.100311287503797
0.0374655694840258 -0.0859371532679138 0.107803541617921 -0.0415114203382729
0.109505784977593 -0.0167103961458427 0.0749894500740843 0.0471444683667461
0.0798758839698853 0.0892725098834168 -0.0218621092578846 0.0684112369893072
0.0107956388682193 0.12159419523289 -0.0418975996924197 -0.0642832374120884
-0.0422149104347204 0.0394011894331019 0.0208445858216908 -0.192913611883402
-0.0180229712742259 0.0626728225500074 0.0704646380245733 -0.140276972872534
0.0278427537551378 0.0472051338375911 0.0597561484482812 -0.14638318202126
0.0418335136274608 -0.003357832661926 -0.00568198348733068 -0.131713850091425
0.0183399702369761 -0.0336671982775596 -0.0677525869170028 -0.09674397714435
-0.00924699217308435 -0.0399478586895963 -0.10253652458473 -0.0362017964552953
-0.0309769216704632 -0.0244461568456962 -0.0919781579270134 -0.00339271714447132
-0.0378214806544696 -0.0125638953218807 -0.0666745253956079 -0.0157782001246235
-0.0387432345670066 -0.0151137109152548 -0.0589641325302472 -0.0510759663442166
-0.0374903806340571 -0.034939254834248 -0.0238513008229965 -0.0921908618701204
-0.00869992344290373 -0.0579467287198195 0.0414540766035948 -0.111379892809795
0.0383302766291237 -0.0549820449281868 0.10840163369836 -0.0470533750542163
0.0762561557495978 0.0100685205368742 0.0750194468395489 0.0405221938722311
0.0298106143940052 0.0753892819149996 -0.0181026184535265 0.0551381382650391
-0.0242896284169111 0.0668678377191235 -0.0302013486622604 -0.0895197317710465
0.0415715212365133 -0.00589798778652267 0.0437225882235244 0.104509497332011
-0.00127194663453994 -0.034288636415421 0.0426727741053769 -0.0539760315601208
-0.0310177441342999 -0.0147746638141755 -0.0816183540607511 -0.0513138286744715
-0.0170084786240383 0.0207008079155803 -0.118150425227187 0.0513753359154465
0.00574889484570699 0.0166027589608387 -0.0355180023590432 0.133649652224653
0.00918249083722793 0.00876842626301993 0.0492884745187278 0.10350380317411
0.0108670102680736 0.00444691277087114 0.0744295119438047 0.0473070058683551
0.00505737014479201 0.00257039752764903 0.0811091622064315 0.0128761134429546
0.00112475263417777 0.0054992053183136 0.0914466345659323 -0.00506614250465221
-0.00855828673006169 0.00506748679724845 0.105533013123356 0.0164421435087705
-0.00850749625173789 -0.00591618433016251 0.0859996520194032 0.0712272040326002
-0.00307161331104331 -0.0119076397205404 0.0236559517650508 0.118695284956188
0.0182137919035235 -0.0245650668870266 -0.0259532163944852 0.142641176354701
0.0428207338187769 -0.0033888585254905 -0.0556762271999014 0.149994199855186
0.0479179051496991 0.0353952896706049 -0.00881271888733146 0.200727409466606
0.0568503108756879 0.0555703773999993 0.030520767931789 0.0984579435543329
0.0412055989333494 -0.00525449436722874 0.0466641350201219 -0.0549375340948937
0.0118905664721302 -0.022819551850542 -0.0787027108954222 -0.0705329402819268
-0.00370371126663272 -0.0128298050100018 -0.13207160940548 0.0400012787031592
-0.00442500214551632 -0.0171220543685668 -0.0503673297117997 0.13283734014047
-0.0156688109187571 -0.0124471898124813 0.0397292917298606 0.109964115128631
-0.0172843394070596 -0.00213398604887828 0.0707288041212105 0.0541669571430635
-0.0239523276866471 -0.00193795684722774 0.0773257207998893 0.0140320624324852
-0.0277085774689457 -0.00316807025305501 0.0841547843948759 -0.0110242735384925
-0.0369959880015757 -0.0235278129005203 0.100642304811231 -0.000109847053203145
-0.012881406787649 -0.0505541646995742 0.0970101262282911 0.0473596695016169
0.0263734539386419 -0.0461576427892234 0.049691826055485 0.102033478855467
0.0739255616300179 -0.019311337974309 -0.000433335004581594 0.138696040508234
0.0869238076040173 0.0484906238930801 -0.0372414238489752 0.144848935211258
0.0647709832108168 0.106122018786363 -0.00725889064531371 0.17750491821017
0.0562459702361608 0.114952789416231 0.0171112195024098 0.0716707561400362
0.077621367290069 0.0389046141935636 0.0515910099976217 -0.0646571931126347
0.063194090908644 -0.0167635128185896 -0.0701990814819342 -0.098546151170534
0.0228970986656104 -0.0459332590449016 -0.144710481987364 0.0153709570207285
-0.0082498622369546 -0.0552827250115561 -0.0707037764949908 0.11826513407927
-0.0383898545958139 -0.0385509970389092 0.0180619793740962 0.108151152922891
-0.0447040599204387 -0.0116817133041471 0.05391708594321 0.0570495610143643
-0.0494165630071301 -0.00569289501291745 0.0620924957396702 0.0141414236911418
-0.0515885229241147 -0.00965969733779118 0.0649876695371861 -0.0182459848925101
-0.0624353468340246 -0.0418069912656935 0.0841530255291831 -0.0238175340688026
-0.0272226824208693 -0.0838757036693246 0.100819294007804 0.00897677925320966
0.0348671793319193 -0.0841848692509304 0.0790664812311973 0.0693603676187171
0.116549784522685 -0.03574956361867 0.0335404815432787 0.124605716735473
0.130130876988905 0.0734959758190974 -0.0176470618199512 0.135093393019094
0.0831070882549824 0.153290501306705 -0.00936915474230392 0.135652585585394
0.0417382593308055 0.160315731716566 0.00616065539056404 0.0225719278427717
0.0986187920643192 0.0898047839550958 0.0544943195523027 -0.0820076787835917
0.111385293996834 0.00515937351773545 -0.0512144128641979 -0.130665642201192
0.0585660534940028 -0.0690004396237978 -0.143834001300791 -0.0251831724455446
-0.00328762150302002 -0.089753731201971 -0.0903968672952183 0.0838721169481978
-0.0538856896821249 -0.0638398770382511 -0.0124923946066965 0.0924236598255048
-0.0656659255396733 -0.0218244049428818 0.0255195944762267 0.0548860152688871
-0.0683681927645997 -0.00836124129644237 0.0372556463833325 0.0126142982099288
-0.0664253741219506 -0.0119814245285298 0.0383566356822794 -0.024253302278142
-0.0789178202251015 -0.0491392138375848 0.057220110013831 -0.0447005746584014
-0.0428239137325503 -0.101447561770572 0.0899488254207547 -0.0313637030711764
0.027793183667282 -0.11089367075998 0.0982712475123186 0.0265960600636267
0.135459713500823 -0.0607002426354687 0.061357097794228 0.0991836492781728
0.156358876600439 0.0773564265472021 -0.00568057215916645 0.120265690021613
0.0938262157400537 0.172960108113722 -0.0191290256706185 0.0857239796748566
0.0164452417450843 0.178854211343945 0.000428592399901563 -0.0409853623183652
0.0927526252644152 0.130634914058045 0.0556534513023045 -0.104403087568162
0.134865709471026 0.0368333714708292 -0.0235052784017027 -0.154871076782199
0.0892924734884731 -0.0720561995138592 -0.122156706277664 -0.0691688705449459
0.00804374904441634 -0.107171570163679 -0.100688423895844 0.0332937036177398
-0.0570369194759068 -0.0801965662931927 -0.0454847541506154 0.0628880582991971
-0.076336031272132 -0.0299075547116431 -0.00916645404592607 0.0455600668616417
-0.0765819940375153 -0.00941028735453634 0.00774998442638591 0.00880983197307872
-0.0715773183687874 -0.0120355158524116 0.00782900988148256 -0.0287919894182706
-0.083063968607655 -0.0494585663682976 0.0263424732623641 -0.0597539787723907
-0.0505332738182573 -0.102778165150912 0.0688950355465098 -0.0640270318035869
0.0191543069263101 -0.118235267880847 0.102611231279242 -0.0131886533081896
0.133366829359576 -0.0702410500091114 0.0760174532985494 0.0708478391209336
0.154575717955309 0.0733890929565181 -0.00187483884335553 0.102623765234023
0.0884484196279022 0.168372752956748 -0.0334209709359308 0.0339955871488982
-0.00840350334523431 0.160652870711773 0.000740519139958185 -0.10716863387119
0.0635006475132548 0.139967294966887 0.0560737710860093 -0.12635127258005
0.122393105892305 0.0604308085263003 0.00779953159229992 -0.163842159378207
0.0970806043716373 -0.0550958060305451 -0.0834654223178506 -0.104149052910703
0.0184036075413953 -0.0997648820501697 -0.0968447168938985 -0.0210221570313186
-0.0490717890346753 -0.0806700084160573 -0.073748417101562 0.0274852809939939
-0.0728133347162024 -0.0325294159640051 -0.0436950243404477 0.0318613960728913
-0.0730963882022432 -0.00980991936755717 -0.0218530738119374 0.00400207742809192
-0.0682323405683583 -0.0116073390750765 -0.0223427220744047 -0.0321917601620997
-0.0758427980075184 -0.0452106123482708 -0.00211519673288445 -0.0693286839246253
-0.0451718689863718 -0.0930469487383238 0.0474759761765982 -0.0865834214787555
0.01916662186781 -0.106686724051375 0.0989936657929397 -0.0400272632648968
0.119421494953087 -0.0576659518765881 0.0790288675704531 0.0474655502416792
0.126786358283755 0.0727872492153601 -0.00452373785227174 0.0855387483786374
0.0628164127406226 0.146714026877012 -0.0447117758245733 -0.014005368643473
-0.0259883442275959 0.111495558196931 0.0033417496575752 -0.159980540306922
0.0247825270397873 0.112642673610678 0.0559688369201828 -0.139302021481072
0.0810652370588353 0.0615364137378438 0.0305148841681027 -0.158270309775686
0.0762850883927658 -0.0306103012857364 -0.045119251143003 -0.121369255814793
0.0195124335748779 -0.0723413453706009 -0.0855046614935286 -0.0630188540328778
-0.0332072449539927 -0.0640354658313845 -0.0927653983605911 -0.00371551078817985
-0.0570894252113073 -0.0278607646602213 -0.071816662009614 0.0181150373549056
-0.0587415943338488 -0.00828687208192349 -0.0468256123944911 -0.00169366005565347
-0.0563718035653669 -0.0109796820481815 -0.0460439672112794 -0.0361012628622725
-0.0599406155196225 -0.0379582118354498 -0.0230928262284705 -0.0767701393889756
-0.0314919116810491 -0.0758018302124096 0.0325148965908457 -0.100706438974316
0.0241214022906588 -0.0835826152069276 0.095361291888241 -0.053782847766299
0.0990572874437715 -0.0307184336190802 0.0773387831448984 0.0338831672119335
0.0849353699988596 0.0725286663720935 -0.00670621467015332 0.0696414389134499
0.025158810471425 0.111313123054372 -0.0470801413920212 -0.0522038846438998
-0.0362385193985469 0.0420696154630996 0.000793104264254832 -0.187944843668476
-0.0105424773165939 0.0604922027137798 0.051523133577761 -0.141967692460014
0.0305012028758868 0.0400788998740852 0.0390082599168334 -0.147789359627148
0.0382023801780927 -0.00781557374237942 -0.0234006171419603 -0.125115880899637
0.0128708070086464 -0.0340122333161936 -0.0787672338205754 -0.0825975352337476
-0.0132356421706467 -0.035982284023022 -0.102143194865633 -0.0203054399748074
-0.0317803416972585 -0.0190331309266516 -0.0886430791986432 0.00865433442827666
-0.0361839523562931 -0.00634861322150473 -0.0638369581969453 -0.00673719160053262
-0.0378112566561246 -0.00914999317869812 -0.0615008674585383 -0.0400116745820512
-0.0385034964760739 -0.0267254613640625 -0.0348882979621947 -0.0840804338334225
-0.0161371226299006 -0.052706928285937 0.0247097543893444 -0.109809683618479
0.0278251112758275 -0.0554797192489087 0.096778697385421 -0.0585933530398118
0.0713320494960439 -0.00127356894806879 0.0773685865769693 0.0292137037576083
0.0366029184738092 0.0651558595096468 -0.00693113061034056 0.0569128916365018
-0.0145858282311688 0.0645301316075815 -0.0401937238087627 -0.078371830819697
0.0402350632994338 -0.00485856554441793 0.0404916200917443 0.0996023340327444
-0.000407644964524838 -0.0324934754719419 0.040931186108128 -0.050338699158118
-0.0294483535420263 -0.0137768775647885 -0.0768260301727684 -0.0496804209901326
-0.0160539368702824 0.0194789637486204 -0.113460949983324 0.0467083002994567
0.00529040986348396 0.015829225681798 -0.0347472476497627 0.126179526597355
0.00836632694921024 0.0080132435048076 0.0455495667256289 0.0984118589897385
0.0102150696922277 0.00414189086279002 0.0687314170579641 0.0465847564544082
0.00469069446621283 0.00242289574953963 0.0761886622279122 0.0125686151319805
0.000828639736036028 0.00505841922709721 0.0864527065433796 -0.00466089375086143
-0.00801410873647531 0.00451384456629996 0.0998145405123629 0.0154607736229
-0.00800301789118866 -0.00609403704027584 0.0812678428784484 0.0681621735841196
-0.00226244890722849 -0.0112339045234655 0.021373819715937 0.11443523352817
0.0172411709450291 -0.0230005287001869 -0.0263241097507335 0.134760744341301
0.0401103039879811 -0.00286270991055156 -0.0563282188735322 0.140310072174084
0.0451438114114113 0.0343210892581718 -0.0109473776549764 0.190296887723761
0.0532387498178613 0.0529553071842642 0.0280211965001588 0.0943462776713386
0.0389531500918139 -0.00493423662847719 0.0447756920702996 -0.0506828031766078
0.0104908866075496 -0.0215161528072213 -0.0737184659959866 -0.0676055043123252
-0.00329388089620932 -0.0117687129744713 -0.125924388142729 0.0355950687074347
-0.00406103912285628 -0.0160601070256951 -0.048884736470681 0.125084481606286
-0.01480203189727 -0.0116738839910487 0.0361085151845224 0.104150628061383
-0.0169614127160554 -0.00217476220817315 0.0650651594019165 0.0517514742943545
-0.0227604617701497 -0.00194359373533179 0.0725109888069192 0.0132620947802312
-0.0262286403344933 -0.0043530193459884 0.0785664269912319 -0.0101713288654882
-0.0351370971885045 -0.0228442898570928 0.0958301397069374 -0.000247738910471813
-0.0124426183855437 -0.0477382431799019 0.0921120101534692 0.0454553241344654
0.0255612112020151 -0.0438719669095359 0.0455982235888845 0.0982945520516409
0.0698984393847073 -0.0172868620902875 -0.00218332590004856 0.132172298074543
0.0814845575375919 0.0468623073172997 -0.0381347810873635 0.136809241908469
0.0605661655692335 0.101524405009616 -0.00949259394633568 0.16785481059878
0.0529051045331712 0.109517772015807 0.0155187164079902 0.0686456603558578
0.0732635243651408 0.036998427428143 0.0490926219225642 -0.0600087482673803
0.0592969254134905 -0.0153429719099378 -0.0656862844873359 -0.0951612041920662
0.0218168165548161 -0.0431988496512644 -0.137632695121966 0.0118587978148195
-0.00747457775899843 -0.0519785085827093 -0.0685727426495538 0.110128373940334
-0.0361525519575851 -0.0365322366281513 0.0162516698639656 0.102095591441729
-0.0427299676897565 -0.0111519603808418 0.0499774208617706 0.0543049246612606
-0.0466585815633377 -0.00537111320173474 0.0582942603622005 0.0131088791794723
-0.0481133075128677 -0.00977977896055822 0.0609447504137597 -0.0169768958975673
-0.0593103739553703 -0.0402395305359645 0.079937906420853 -0.0225269208014868
-0.025636888461143 -0.079487981781181 0.0954452337627632 0.00929971063601832
0.034588894724227 -0.0789035437509196 0.0737373934704255 0.0679551094393364
0.1100181227584 -0.0334765918648829 0.029536355055444 0.119296834592541
0.123033374086843 0.0709108448633771 -0.0199404703244417 0.128178276547416
0.0774742088354055 0.146434139860353 -0.0119042489103692 0.129060232205815
0.0381427587611894 0.15214506711686 0.00582539297447574 0.0225288273706721
0.0922491828122605 0.085868936780451 0.0524123101401423 -0.0765651499833389
0.104731409470295 0.0056147396372529 -0.0476874648563311 -0.125370732182325
0.0559734743049322 -0.0644897849262821 -0.134978522324105 -0.0269127173367355
-0.00315130869148973 -0.0845366407708335 -0.0865278203204843 0.0777070494279186
-0.050795151064754 -0.0599862006790341 -0.0128289249808161 0.0873872708989523
-0.0622479712953179 -0.0211093507580765 0.0240607856029672 0.0520605778738017
-0.0638905203924879 -0.00816392997341165 0.0350536258583677 0.0119949718238695
-0.0628287509371338 -0.0124712901039352 0.0354968820285863 -0.0227865921125684
-0.0745792686457668 -0.0469038563673713 0.0546017104050645 -0.0425156423979235
-0.0405324409726805 -0.0959629353364737 0.085453524024436 -0.0298802864432745
0.0278106017877779 -0.104577853455742 0.0928162044729243 0.0273686021126309
0.128615335697556 -0.0564333721358104 0.0567222280203918 0.0962133809883805
0.147387340328795 0.074521868374024 -0.00797741018875789 0.114514984885176
0.0879647816366577 0.165425499685359 -0.0194035938362169 0.0812430212954861
0.0140439310274969 0.169180836786595 0.00101251263637378 -0.0381363018480731
0.0864332599532769 0.12453508680768 0.0542438638849817 -0.0974486595643979
0.127147403040312 0.0360417208991173 -0.019855058320554 -0.148004741241658
0.0852071093229891 -0.0677477210212403 -0.11415299406338 -0.0685706693207463
0.00776541076076373 -0.101099896481192 -0.0956087969263878 0.0287539304301428
-0.0543145485263786 -0.0758533982519751 -0.0439317749690984 0.0597197228003578
-0.0717459191242 -0.0287179523611665 -0.00884890407277207 0.0434034925026376
-0.0713436932677185 -0.00925838622434926 0.00732232922384633 0.0075359546718099
-0.0679741324139433 -0.0125777016503575 0.00690298249466648 -0.0271628085224078
-0.0785108711050182 -0.0472026944583833 0.0249398748846785 -0.0571901818563711
-0.0476954496528669 -0.0978064049049684 0.065899690045616 -0.0616212993034251
0.019309708839244 -0.111556394191691 0.097026021475162 -0.0104920149373386
0.126233272283415 -0.0655478142785458 0.0707634469072432 0.0692356725868294
0.146135559717756 0.0711547322596072 -0.00456495107528517 0.0982770300621418
0.0826732938421531 0.161104563680706 -0.0319362247190863 0.0321137698185636
-0.00996045050344353 0.151971507698613 0.00248889952724463 -0.100896087383746
0.0585024542682683 0.133407089989885 0.0550802849671728 -0.117921794546681
0.115068260654682 0.0581305219284289 0.00946912863623893 -0.155761871119296
0.0920636716861296 -0.0508974361343476 -0.077029692923872 -0.101041733120213
0.0176765893149416 -0.0947793922046279 -0.0919047774799689 -0.022763275584851
-0.0463595162521423 -0.0767658749849213 -0.0707487815988303 0.0257556681627335
-0.0686176172447374 -0.0309570207378947 -0.0417675852790278 0.0300859410563085
-0.0683221666816869 -0.009161112867929 -0.0207542165297634 0.00276120916435726
-0.0640269123973943 -0.0116660757683764 -0.0209226893254299 -0.0304404936320354
-0.0714209510522101 -0.0427554833870302 -0.00171204883104182 -0.0665812517251874
-0.0424739383761948 -0.0880019825957975 0.0454201880532552 -0.0833571877335295
0.0185217405364515 -0.100622084654269 0.0936527450030934 -0.0365434837012041
0.113003934669876 -0.0530760732894606 0.0740625805988822 0.0475651231545894
0.120324534779084 0.0699619055711618 -0.00574110763457325 0.0815185031681398
0.0589654179129389 0.140202785850438 -0.0423831322993914 -0.0129867216034137
-0.0264662755087253 0.105139440998656 0.00532596143001124 -0.150678988827296
0.0223440447472683 0.107287720884273 0.0555044880748395 -0.130490018346708
0.0759834158256704 0.0582186779359822 0.0315390341906118 -0.150469407770754
0.0723767975898107 -0.0277234295253196 -0.0403693680221867 -0.116976627788435
0.0185852846464693 -0.068161315105587 -0.0811924612896417 -0.0618124613245962
-0.0315200284630562 -0.0611871131029909 -0.0881030389965972 -0.00380040128032487
-0.0539001424372518 -0.0269126364334616 -0.0680312092588634 0.0174708740500136
-0.0557677747071555 -0.00811167421861575 -0.0439517465200096 -0.00215002728983932
-0.0529169846300439 -0.0102438636560468 -0.0433473620811433 -0.0340731181073934
-0.0561356345600109 -0.0360731432867005 -0.021166504593528 -0.073320969237682
-0.0294109794431144 -0.0717845569169665 0.0312285576565391 -0.0960308421577512
0.0234035528492817 -0.0790455059913332 0.0913346808686888 -0.0494841992284082
0.092751402595578 -0.027739068347405 0.0728827254877124 0.0348164922551201
0.080291067755121 0.0697188470739756 -0.00687372614595737 0.0663994257952051
0.0232149828871577 0.105819239864815 -0.0443424315882483 -0.0495063502191954
-0.0351249532861766 0.0395285370918309 0.00309875222426967 -0.178065411342525
-0.0104186448961597 0.0572758620447139 0.0519750997826691 -0.132913798411257
0.0283882062794574 0.0385475139545824 0.0392924134233118 -0.139973145323393
0.0362604251205126 -0.0068750453658199 -0.0198076394580751 -0.120017710947367
0.0126245092764525 -0.03151328367683 -0.0751765201640613 -0.0802137678020421
-0.0127517211225854 -0.0344167173668436 -0.0964319820397176 -0.0202853698824911
-0.0301547721109672 -0.0180308315169937 -0.0832380871873299 0.0086350006129784
-0.0332978308652991 -0.00621312060653925 -0.0606504268984977 -0.00655448191164878
-0.0359021412680898 -0.00839129142854359 -0.0575387085494599 -0.0387192621415396
-0.0363675950497791 -0.0252846303993676 -0.0319212578000134 -0.0799926181198548
-0.0148631129481949 -0.0500599105919377 0.0246531112429777 -0.104711334422631
0.0265810664097844 -0.0520017882163434 0.0921556935161209 -0.0547098287213817
0.0669863633985203 -0.000251880288048003 0.0726090259426103 0.0299180697553212
0.0346346358200031 0.0622983624456936 -0.00736166406046338 0.0547898218385147
-0.0142680776678428 0.0615120597729186 -0.0375077882199029 -0.0747605236933183
0.0395547611484892 -0.00360864176520118 0.0359860198049586 0.0980286942707721
0.000705311100397985 -0.0316150199815755 0.0418306079518551 -0.0469988597679343
-0.028464796964071 -0.014558802040603 -0.0730826384586164 -0.0518738540100688
-0.0160284556427532 0.0187814268713582 -0.112954150718537 0.040689651456041
0.00488001120562396 0.0152796135636587 -0.0380375046401373 0.121117237531296
0.00776985801215826 0.00829851010024911 0.0405509230425577 0.0967614253081528
0.00979948036671236 0.00483019172761157 0.0636705777140812 0.0481143133173229
0.00436158095404452 0.00272828093265449 0.0729490907885092 0.0143874099532218
0.000459821293745896 0.00418750004561267 0.0826555513230137 -0.00232336524004499
-0.00805777847028237 0.0040280196909803 0.0963172409775147 0.0176866284314888
-0.00789685818555846 -0.00601579238297636 0.0770584350356675 0.0693188007269226
-0.00131757536840398 -0.0109811228691004 0.0167277776904431 0.113373220824604
0.0167454738159001 -0.0212075231391207 -0.0311374221368793 0.129989032926243
0.0389001965092444 -0.00117740140394332 -0.0616576641656643 0.134444384121635
0.043375026159342 0.0347980359122656 -0.0188040073638924 0.184164822017593
0.0508332054746844 0.0536540813531034 0.0241897622911652 0.0933609568396625
0.0378223365507516 -0.00294724386221237 0.0452637676791872 -0.0475565857353039
0.0108704637610018 -0.0201818293531457 -0.0694204544126478 -0.0690153579269094
-0.00304263168172362 -0.0109735083992757 -0.124216886850724 0.0294245557583589
-0.00307422229551793 -0.0160999199852116 -0.051832279007932 0.119740793562485
-0.0138336522587607 -0.0119345371157878 0.0314552754496314 0.102385694355945
-0.0160245131255108 -0.00238629788964076 0.0605468219128199 0.0520759212685725
-0.0221011590997456 -0.0022994395249398 0.0693518393517367 0.0154992375136807
-0.0251883455569782 -0.00544198082517207 0.0761273089319635 -0.00765488030767188
-0.0337738612261604 -0.0235453131961521 0.0926453224218454 0.00176663218434167
-0.0105856065527525 -0.046578927168863 0.0885188214777768 0.0470096566630561
0.02656007318717 -0.0410390140603566 0.0412323139113853 0.0984780302536759
0.0679164429962308 -0.0142910539463915 -0.00768065590874854 0.128281567289976
0.0774546693212007 0.0482628556616595 -0.0445475989595551 0.131403757060988
0.055482396931718 0.101239301903961 -0.0155686532855814 0.162930754870068
0.047955397082809 0.10828801215998 0.0129051581298166 0.068258659593374
0.0694904853905122 0.0387359967948779 0.0504382873751756 -0.0553183591504146
0.0577064849876831 -0.0130407153620864 -0.0601294472068474 -0.0957445295344597
0.0224386653347129 -0.0406949379416103 -0.133271641052412 0.00510150019464705
-0.0055662827161737 -0.0508648845973666 -0.0707186010103725 0.104581909826799
-0.0342301814261562 -0.0364234652178234 0.0119616919399166 0.0995968440499622
-0.0402911177813035 -0.0123436305121518 0.0459892635692052 0.0540509815482635
-0.0449325439007607 -0.00686541116317872 0.0553988396667857 0.0143837005441984
-0.0468904161873677 -0.0116711041435555 0.0588400579972335 -0.0146787932764014
-0.0566155309615588 -0.0406942533166789 0.0773742925285869 -0.0199184874481184
-0.0232792821402489 -0.0778190068989503 0.0927883436549772 0.0112853993031426
0.0357484710576307 -0.0753437378421825 0.0694592867727459 0.0701475248682486
0.107881705283443 -0.0285546758262226 0.0238877374266998 0.118375814903245
0.117034940855151 0.0734379891911943 -0.0254671192302031 0.123996541139555
0.0705294539373362 0.146341283527005 -0.0165554387106892 0.125190857793188
0.0313095261589304 0.149567241628178 0.00517481953771522 0.023379301240784
0.0861363142045877 0.0873171326396355 0.0541534490158887 -0.0708323664845297
0.101334913589681 0.00882945111625988 -0.0408612396029033 -0.124552456046173
0.0562794185880462 -0.0609170126915133 -0.130470163988476 -0.0326511090879969
-0.000484018391375718 -0.0819966935980179 -0.0871111153864027 0.0716869474102251
-0.0475737135224984 -0.0599008565427235 -0.0151971744807721 0.0847993016304689
-0.0598608470946796 -0.0223215202158587 0.021175676382149 0.051297792670072
-0.061799858976148 -0.00960949078096386 0.0333658307035599 0.0121364612353729
-0.0605973096638433 -0.0145429375894893 0.0349814356408397 -0.0209685184871612
-0.0714642293880234 -0.0479414695729831 0.0536093165843784 -0.0400986830623161
-0.0372859735948843 -0.0947913359299608 0.0848012186074735 -0.0267920903891833
0.0303556603204351 -0.100899951307761 0.0888420131981152 0.0305719031787992
0.126210174157268 -0.0502893197884683 0.0513958478968919 0.0969115278213011
0.141652254713645 0.0779556257368161 -0.0128184798830517 0.112000416580415
0.08003164783753 0.165405465988874 -0.0225654550645437 0.0790606508115993
0.00750548765959461 0.165296912627944 0.00297814965924256 -0.0358898457870216
0.0791619917233516 0.124580498317809 0.0562387919618571 -0.0913990978940636
0.121972665491641 0.0389992375524518 -0.0136651041939223 -0.146365923847379
0.0846109510327076 -0.0624446854404933 -0.108494736506835 -0.0721882769516876
0.0107603062747983 -0.0978713724167683 -0.0952385558828975 0.0238388970928933
-0.0504606049774428 -0.075586059038647 -0.0449814379074013 0.0571993794616416
-0.068824494911829 -0.0300027782994645 -0.0102721335543334 0.0416078268235676
-0.0686964784582866 -0.0113231947749273 0.00668875838214163 0.00796115444664947
-0.0655430481391574 -0.0147848723647836 0.00719629356201031 -0.026296524587037
-0.0748083778465249 -0.0476109530870432 0.0259962322007458 -0.0554444817889901
-0.0440119225336327 -0.0960991285338718 0.0665967463945924 -0.0589540834303411
0.0223357413996778 -0.107437885744608 0.0947184256751921 -0.00645281534851639
0.124549427763115 -0.0590066625669317 0.066156118511622 0.0718135126960993
0.140330694779204 0.0744167440154591 -0.00831541687909401 0.0963003463625424
0.075025468961913 0.160666098194718 -0.032808723853598 0.0305741562924883
-0.0145765302994135 0.14761545658012 0.00609867604715468 -0.0975522922416814
0.0521717273243755 0.132426107760869 0.0582144647211426 -0.111466252413205
0.109371064185155 0.0605928097308619 0.0157268550823604 -0.152114053389525
0.0912119668898004 -0.0462069791049243 -0.0703859742389054 -0.102919455799675
0.0194897370905411 -0.0916302673768931 -0.089716881557545 -0.026401380537964
-0.0428899209799292 -0.0759168823716534 -0.069743359489695 0.0235208211982473
-0.0660606913890029 -0.0321960963221091 -0.0411747733610514 0.0280489896173614
-0.0657882074370595 -0.0112367215001036 -0.0200250809752407 0.0019007772689641
-0.0623372510537971 -0.0135934872963542 -0.0193822965243838 -0.0302595137464591
-0.0677086178564162 -0.0436233873287581 0.000167853419636995 -0.0648384393681358
-0.0390461052890748 -0.0873045401715444 0.0473492184068219 -0.0798578088735537
0.0211845781292254 -0.0961058691782257 0.0928873192371258 -0.0316196297527671
0.110845770610067 -0.0478392933163443 0.0702483321259713 0.0512523612934359
0.115098209252178 0.0719766449295153 -0.00902869180227754 0.0803919825535479
0.0520114126620567 0.138985761874801 -0.0410123590731737 -0.0141142709352065
-0.0293762190098689 0.101279788433278 0.0107666633447299 -0.146590627344142
0.0174830024430398 0.10503121477344 0.0598528299777574 -0.124115225717834
0.0704512411415524 0.0593384478587461 0.0371451432066153 -0.14560434447672
0.0710123957584548 -0.0244520015007838 -0.0342084673136371 -0.117005518459552
0.0201559794235613 -0.0658090906432027 -0.0780293110002748 -0.0640110478313737
-0.0288559476361255 -0.0600852282154399 -0.0861622597576233 -0.00629592788478738
-0.0511564585249845 -0.0275737394460661 -0.0655844468501998 0.0150728661991499
-0.0528646723684802 -0.00948201026960276 -0.0434518420286547 -0.00360818519491943
-0.0510038248343993 -0.011764586256697 -0.0409680554471885 -0.0347288822102966
-0.0534287902709444 -0.0366641730890749 -0.0183055447279473 -0.0722676465144251
-0.02662897789358 -0.0712351489930953 0.0337282588583994 -0.0929774040169552
0.0252918057175856 -0.0754737093643486 0.0903175444887789 -0.0445137225866097
0.0909592663191794 -0.0239651088657121 0.0699135209697796 0.0382781361991712
0.07616325047966 0.0705865436180818 -0.00886764529728217 0.0651093338565291
0.0189807760851161 0.104054301810682 -0.0413887784884474 -0.0492013129205334
-0.0354457378610761 0.037517798597526 0.0103122006411854 -0.173110745431593
-0.0119847514972736 0.0553262378714717 0.0564513716016677 -0.126642089847714
0.0261037057119912 0.0382676074251423 0.0442921314624821 -0.134927507215026
0.035516503032695 -0.00512893682065854 -0.0142800172851597 -0.119380306754795
0.0129327446156521 -0.0304940146548419 -0.0705898243105698 -0.0817981102607402
-0.0112595861404157 -0.0340551936761053 -0.0939155963574384 -0.0225541096387485
-0.0287095904385427 -0.0181004421495371 -0.081249900092048 0.00563996228256283
-0.0319202596808579 -0.00711820010060617 -0.0585482563212081 -0.00855651785916562
-0.0341459110445078 -0.00894411393283785 -0.0544539010284786 -0.0394450681971899
-0.0342759948992478 -0.0254535958387094 -0.0283892130479092 -0.0792082032176796
-0.012901570007807 -0.0490035055889909 0.0278600921527914 -0.101165350382312
0.0270066189879035 -0.0496620297047418 0.091828102275626 -0.0489194624059923
0.0646189924428789 0.00224228091051375 0.0695076383191877 0.033351128482776
0.0321443116074102 0.0619326747734483 -0.00890562124638597 0.0533709809081027
-0.0162889442044299 0.0587184623096771 -0.0331328942410253 -0.0734805455253525
0.0407178475143173 -0.00198930208220649 0.0331697564662321 0.101374073556452
0.00224244193865236 -0.031936127695361 0.0444714669880985 -0.0452698349440532
-0.0280514318068548 -0.0152175518614754 -0.071366434717677 -0.0554670484935795
-0.0169386831894623 0.0187466665608798 -0.11627754535289 0.0358387115821327
0.00447809235898244 0.0153369885143879 -0.0428802143178558 0.121652049194581
0.00754624142815844 0.00861845345813886 0.0370612281226568 0.0997482264725014
0.00987032518391651 0.00496213496307826 0.0617994181600148 0.05160397950845
0.00394640320378392 0.00268342117099635 0.0728369013291512 0.0177086476730935
-2.91388120359622E-05 0.00417247080650666 0.083592589267806 0.00115704050552204
-0.00853017335302738 0.00312879821842465 0.0957833854586416 0.0209945835860486
-0.00752768715013893 -0.00634550916698148 0.0753032094639438 0.0731135956226024
-0.000454853105488995 -0.0115594302202737 0.0121611267386919 0.116699672908379
0.0178919731651623 -0.0209043228712851 -0.0373004898536019 0.129584717266508
0.0396868178605983 -3.71960157843857E-05 -0.0691965756319524 0.132902155010868
0.0425067879787493 0.0370305047181997 -0.0269279771745439 0.185532589827935
0.0497884421353769 0.0557769029134621 0.0212911049537174 0.0962484619090167
0.0383508473744622 -0.00216461781706111 0.0481592186327981 -0.0451810224373663
0.0114911605186785 -0.0197282054326932 -0.0671181428293513 -0.0734342362689481
-0.00235222464873949 -0.0110953473774896 -0.126903845000529 0.0234957663814217
-0.00268369303921827 -0.0164587744121947 -0.0570534204210533 0.119185933039898
-0.0139696695157051 -0.0126718199980045 0.0275061026912501 0.104453703207491
-0.0157872225315475 -0.00335448941070911 0.0581803920493381 0.0555081526575462
-0.022018530443756 -0.00340852172400201 0.0691162893556711 0.0172955045612604
-0.0253801262004715 -0.0067772425140698 0.076316795800553 -0.00528711714614406
-0.0332448081982472 -0.0248459510107892 0.0932144996113041 0.00475295527368412
-0.00976286930683925 -0.0475936506972447 0.0879258131859065 0.0504494320592947
0.0288020898546038 -0.0406550805977728 0.0368660518496509 0.102325958945596
0.0696458120894081 -0.0113293566970488 -0.0135909491998525 0.129458785503271
0.0765294654977306 0.0518395820258019 -0.0517693735243959 0.13080228210791
0.0524425687322239 0.10481961299311 -0.0235478243113935 0.163809010257637
0.0443981809029958 0.111085595347296 0.0105988250608328 0.0703863782985067
0.0684864080476629 0.0415123188541623 0.0525076126422178 -0.0529191734136591
0.058155897010988 -0.0106294509074644 -0.0564881084694734 -0.0999341687893186
0.0238099438281561 -0.0394517227942669 -0.135367528910358 -0.000742386825087142
-0.00405491654951495 -0.051448404956605 -0.075610481225475 0.103005305048155
-0.0331679025863413 -0.037691804144153 0.00801757289046776 0.101056486757904
-0.04039877729862 -0.0135789902624465 0.0442159904490105 0.0559527265745299
-0.0449781440321351 -0.00783138941638154 0.0547705410539064 0.0157703453587911
-0.047078618549678 -0.0137041939911337 0.0588798273019802 -0.0128967147712135
-0.0559185741425938 -0.0426876630136805 0.0788613599619317 -0.0178643462552952
-0.0211526600562982 -0.0794157856795714 0.0938083491049993 0.0142674379926971
0.0391023815405721 -0.075220320332749 0.0671587643186326 0.0747192857571868
0.10940342619444 -0.0244598822502853 0.0194809654580088 0.121490650676021
0.116414809887671 0.0787349012396249 -0.03236048834205 0.124778639073722
0.0657217885803388 0.150575274292613 -0.0217254919094282 0.126215318351274
0.0262373858947503 0.152658725371538 0.00467008646912046 0.0253989543696919
0.0834501800764808 0.0909916371630211 0.057736337567402 -0.0679803347737943
0.101333110070329 0.0126445063104181 -0.0360964786949177 -0.128487738857422
0.059129556147729 -0.0592104427926092 -0.130595870881203 -0.0386826067047579
0.00212586232171881 -0.0832232378100091 -0.09232715488358 0.0686796545721237
-0.0456978324830959 -0.0619266844211504 -0.0188847445286359 0.0853158843868189
-0.0594058744455229 -0.0245043753748022 0.019193282927142 0.0521098097594195
-0.061443972539626 -0.0116545931018302 0.032741047976994 0.0128895919526804
-0.0605126984612435 -0.0169308071750865 0.035401381306593 -0.0200775787740985
-0.0705758582840331 -0.0507111909377781 0.0551430552017326 -0.0394680264103842
-0.0349413653345964 -0.0967218995447136 0.0867364956329986 -0.0252285844676552
0.0340490458343824 -0.100079200620004 0.088629296366229 0.0355500274707273
0.129133645649525 -0.0461114701185668 0.0476171887691916 0.101134668228784
0.140407972011992 0.083591325499005 -0.0188528386593501 0.113538246915819
0.0747531602688234 0.170579787849507 -0.0259823439445994 0.0790485822286241
0.00130288232773373 0.167067319956035 0.00497582554799159 -0.0351589227031592
0.0751481710910053 0.128876564138432 0.0607639867657461 -0.0888983042350169
0.121215734185162 0.0442767154575259 -0.00764822569849681 -0.148373459332519
0.087747976900829 -0.0597751645005547 -0.10571803853818 -0.0791056449744819
0.0136698886465878 -0.0984785161866289 -0.0980539940527559 0.0194549081967303
-0.0486647090330955 -0.0780650434412139 -0.0476590153909336 0.0560199189427675
-0.068295689682726 -0.0319773515355036 -0.0111201555461394 0.0415952482842663
-0.0686716213717049 -0.0134100033642867 0.00674892820795283 0.00742455678700437
-0.065766922256898 -0.0173083920599628 0.00758863047025077 -0.0266485454445129
-0.0744389488342313 -0.0507491825004847 0.0272926730991748 -0.0550462001600172
-0.0415945610050407 -0.0987047053018972 0.0687806080358912 -0.0583213395585134
0.0261284724891468 -0.107067316825738 0.096132434982527 -0.00123091758709949
0.127412386862588 -0.0555280694692671 0.063737507100714 0.0767968236339035
0.139867104929706 0.0800075882892564 -0.0131275940441538 0.0984542922653835
0.0700355099681932 0.166145419972961 -0.0342768007371578 0.0300628245498715
-0.0204970746193025 0.149446297378579 0.0110358641884012 -0.0977738142722456
0.0474144700619804 0.136107029729365 0.063830441292766 -0.109115633640228
0.107554356845506 0.0657143767535478 0.0226152447601708 -0.154065589503556
0.0938486223180608 -0.0431010670244643 -0.0665920651318308 -0.108870711050239
0.022354953860602 -0.0913245043327031 -0.0905843351410822 -0.0311426672586525
-0.0410674534596729 -0.0778474474950301 -0.0718073719585445 0.0211580492448416
-0.0652617967578998 -0.0342996574036559 -0.0420780382759138 0.0268786114166711
-0.0651832316186369 -0.0133519599011336 -0.0203142152425733 0.00111868147825448
-0.0621643579496102 -0.0159901036875291 -0.0191592270666634 -0.0312837426418959
-0.0669187562980652 -0.0463811481550428 0.00261467965769039 -0.0658475880263495
-0.0371057906131372 -0.0893885934042789 0.0504587970300718 -0.0802311577814771
0.0248686812853988 -0.0962393889557447 0.0941584945448097 -0.0274765017173978
0.112671606818488 -0.0444500430710113 0.0690767443719239 0.055731212943106
0.114142732738259 0.076533593526916 -0.012231265536812 0.0817195067338991
0.0477358668326733 0.14318942439629 -0.0404293579594774 -0.0149118913139859
-0.0344269674048917 0.101545477188762 0.0177641052082517 -0.14708804140937
0.0139197917556105 0.107501610261602 0.0661561519185487 -0.121407441054879
0.0690965852555815 0.0626240643058698 0.0437405712477713 -0.146263616063128
0.0725490878256815 -0.0217404342316587 -0.0285332926313642 -0.120783292691525
0.0224907031411233 -0.0654928666064367 -0.0771685887735191 -0.068879073958377
-0.0269349531495846 -0.0616473768446425 -0.0870561420596044 -0.00919895494017614
-0.0508862769283047 -0.0295629321102638 -0.0665005146017841 0.0129682193010083
-0.0519548105903882 -0.0114299942269013 -0.0434937476688801 -0.00533647297207658
-0.0509552128113079 -0.014085085044346 -0.0399547072449914 -0.0361294868111109
-0.0516196386800615 -0.0387706010983577 -0.0156288954498382 -0.0741670402790749
-0.0249760104848884 -0.0723531811805804 0.0378003331635624 -0.0936429470058764
0.0284429224830305 -0.0751145262000779 0.0929285681349753 -0.0414095960552541
0.0919154605930895 -0.0204193083954777 0.0691262602548729 0.0430354971596824
0.0741115421396243 0.0735003455308971 -0.0124857205163247 0.0658738764602609
0.0152704842420733 0.105609586934671 -0.0398778227214525 -0.0509182606254556
-0.0370862522059154 0.0365562698609706 0.0180132430634214 -0.174878778338081
-0.0143538903539183 0.0554385036057854 0.0633296567080822 -0.125430228577006
0.024432195187566 0.0394786899127022 0.0508293851879279 -0.134547458116072
0.0356637083523123 -0.00327260480095831 -0.00902778886582765 -0.122598242218617
0.0140630647047477 -0.0305925157023363 -0.0694152251046372 -0.085943811081916
-0.0102987281197823 -0.0353367545003111 -0.094132330702158 -0.0255626240655398
-0.0281678157182945 -0.0194039424956183 -0.0818628601273139 0.00321664883163218
-0.0315958271713455 -0.00816202837760111 -0.0583781213191113 -0.0104832038064847
-0.0340270760671188 -0.00964371174865838 -0.0535925270403985 -0.0420388524420882
-0.0331865636649471 -0.0266645716306192 -0.0256263502241545 -0.0817436624074336
-0.0108803650127475 -0.0501453464614783 0.0318982099472085 -0.102061944028942
0.0292746433169547 -0.0486314830758929 0.0945030196203248 -0.0461392546428223
0.0651678814890733 0.00410270009910828 0.0691669629836118 0.0377198592956923
0.0301755401870807 0.0633973781083455 -0.0109981222992003 0.0538258931405301
-0.0181983027525447 0.0581417697114994 -0.0315208486610236 -0.0749683689495844
0.0426589502657202 -0.00205776033127651 0.0331341687509552 0.106825286968951
0.00361297925078774 -0.0334290072400289 0.0477608461347703 -0.0459408974124412
-0.0294239175856801 -0.0158434463744267 -0.0733421372506471 -0.0600963263287342
-0.017019582725763 0.019642645667966 -0.123429842863507 0.0349242250323249
0.00468380940993451 0.0154783757032302 -0.0465885905679545 0.126420756144421
0.00779509515788664 0.00870876944569838 0.0370646889182903 0.104716311293573
0.0100701336168492 0.00519753651316471 0.0622132815570604 0.0551677317964798
0.00391583286496931 0.00236367025260973 0.0747755174783965 0.0189085461296086
-0.000289394916186807 0.00398974952958154 0.0860917225232613 0.0019469456902494
-0.00900013260970201 0.00301125449356407 0.0997923029096047 0.0225017660118884
-0.00797179415755803 -0.00678472270859038 0.077990363924966 0.0776919897519109
-0.000187804924966259 -0.0121250288692527 0.0106322934031047 0.122957857214898
0.0188565012624383 -0.0211354124528598 -0.0418155519956276 0.134284580282819
0.040962053918189 0.000299218212844069 -0.0762311861167045 0.137292846768799
0.0441038844728072 0.0388461095858422 -0.032435826959656 0.193655199937485
0.0514909506859516 0.0587229312845466 0.0209101780776596 0.101097027546539
0.0401458824940647 -0.00169348692031235 0.0514312832330896 -0.045033236896852
0.011767407637391 -0.0202069680018768 -0.068385917639507 -0.0783866205718983
-0.00229015273118404 -0.0107884052880867 -0.133799270088081 0.0216823427327026
-0.00261096026284392 -0.0173189312141451 -0.0613425261055191 0.123169834328488
-0.0147770688247192 -0.0133736535503362 0.0271472490100021 0.109713791441593
-0.0166549440184608 -0.00330215414935731 0.0588652978775755 0.0586972704551979
-0.0226923751491669 -0.00380715838764187 0.0707938340653582 0.0185624252836735
-0.0266446755162105 -0.0082249267346394 0.0787768784615436 -0.0043860262509536
-0.034648816260401 -0.0260571111826443 0.0963763946205643 0.00562483362657881
-0.0100348610787421 -0.049253280497715 0.0913511086591849 0.0536917170617019
0.0308150080104865 -0.0419182026460116 0.0369769574851272 0.10922163251092
0.072174703359795 -0.0105234485168611 -0.0167581635096713 0.13604096060376
0.0790688683258213 0.0552355323721515 -0.0580161261733374 0.135434258097424
0.0529542128936055 0.110207581301244 -0.0278617173929505 0.171113967230807
0.0456269509750145 0.116532118856264 0.0105374984584523 0.0746745279270895
0.0709690396764697 0.0442080845050008 0.0570286968531674 -0.0532076020461116
0.0605950220244551 -0.0106330409539478 -0.0572774273215458 -0.105809919569415
0.0254419678893165 -0.0407063001967442 -0.141543893970997 -0.00482912407738373
-0.00371177223603559 -0.0538885260964568 -0.0806261602049526 0.106059474317918
-0.034596972677694 -0.0394327332674106 0.00686266199870901 0.105832717152671
-0.0419056140389958 -0.0142456700981891 0.0444688675077523 0.0589509485892788
-0.0467128242667014 -0.00914781309652671 0.0568568507732274 0.0171310156158906
-0.0487375367856141 -0.0155882153958405 0.0607639239338985 -0.0125908036635286
-0.0576041328473239 -0.0454004798121872 0.0819428348127638 -0.0185233747952949
-0.02194967607743 -0.0830575015702436 0.0973947074621171 0.0155280108798688
0.0416862974834654 -0.0774654486040941 0.0684916214470349 0.0800443732201398
0.114354577643731 -0.0240149000153597 0.017600788430842 0.1281782679522
0.120218675243583 0.0835659733014222 -0.0371833366390681 0.130378840771639
0.0667385767040383 0.15941538894728 -0.0255735432573344 0.131712696326501
0.0259022040608524 0.159496888250344 0.00478701245032612 0.0272336870773241
0.0859002887624407 0.0960122379361138 0.0622495661968831 -0.068562427937609
0.104904241201007 0.0146803245965381 -0.0354323677825031 -0.135560197108011
0.0622798299363251 -0.0602208851403236 -0.135294851541417 -0.0440837000061064
0.00316655067459017 -0.0863865086912553 -0.0970140421729456 0.0699026865020809
-0.0478113905764707 -0.0646427101664852 -0.0213734882373718 0.0888542723146365
-0.0616184005348784 -0.0257684357042184 0.0193136614269806 0.054760128427461
-0.0636286759670743 -0.0129196413167884 0.0341264624441435 0.0134964115360584
-0.0627451932861042 -0.0190859227948748 0.0358384831152781 -0.0206926722313986
-0.073510573958282 -0.0538009853952279 0.0573179766636557 -0.0408344579512994
-0.0367027477038284 -0.100599338434884 0.090757487932238 -0.0267599380856654
0.036449527447167 -0.104227265862844 0.0921867975097228 0.039985679175381
0.135044818502017 -0.0464859235148188 0.0485006070602371 0.108219335262333
0.146553119638052 0.0894429778211391 -0.0224185715431397 0.119493956889294
0.075781161834874 0.180240338118853 -0.0285893954171735 0.0832607222296376
-0.000330304449554614 0.174898820313727 0.00617316740515529 -0.0361153195421285
0.0772440186172123 0.135327550734722 0.0663108755667742 -0.0892508178635726
0.125629534389094 0.0480771296183296 -0.00516119908361096 -0.156108413614722
0.0920964462406854 -0.0612834569811043 -0.10885041341748 -0.0856541525144099
0.0153259366141466 -0.102471739821944 -0.103092164002019 0.0181518321831761
-0.0503351221742262 -0.08140260334201 -0.050902176889663 0.0585215174797938
-0.0713412951513346 -0.034011180030965 -0.0123145684798218 0.0433554907812615
-0.0708226530607126 -0.0148091505345202 0.00619467710780331 0.00761497649799929
-0.0682146100779397 -0.0193542085624435 0.00745482466704659 -0.027115047267471
-0.0770730118864795 -0.0535903377437001 0.0290066031527914 -0.0581392044285466
-0.0434342351323644 -0.103632982504368 0.072958713968485 -0.0607309974288209
0.0286248115444057 -0.111089121071048 0.0996710854662851 0.000665177030150078
0.132949801024826 -0.0562816384395203 0.0653002757517042 0.0827419903597382
0.145352688159166 0.0855071707424102 -0.0155461171725048 0.103867266758392
0.0712709167974488 0.17479954139473 -0.0366351299121865 0.0310369456949948
-0.0241634057384204 0.155638566863011 0.0132159186098882 -0.101024793646523
0.0478612244955535 0.142162744166825 0.0693683867372328 -0.11120724859
0.111061019887273 0.0699664582913888 0.0261740906412722 -0.160579257260436
0.0981405169528874 -0.0434352080940954 -0.0672508402885774 -0.115807330299754
0.0244097168896498 -0.09505416004882 -0.0950835522627763 -0.0349522015104911
-0.0429942419721273 -0.0812495686775876 -0.0753825635509716 0.0215675269614062
-0.0678743105634525 -0.0364827132674446 -0.0435271309902974 0.0280581541389787
-0.0674733607630781 -0.0144588068498271 -0.0218535281106324 0.000875777973903381
-0.064582812193628 -0.0176164340937976 -0.0195919315531623 -0.0330678095393053
-0.0694584774445687 -0.0493324114648951 0.00297567858734936 -0.0690679843988435
-0.0383674848567357 -0.0937702091651489 0.052849284993061 -0.0839146953640743
0.0273704847883747 -0.100125147354333 0.0990439014544121 -0.0270059819071078
0.117953292687088 -0.0443969690956778 0.0710043332375325 0.0613801517695748
0.118373216488045 0.0815908708821884 -0.0144114183460812 0.086065103404882
0.048146237142504 0.150186556144515 -0.0422587148733338 -0.0158610801600782
-0.0369840334117977 0.10583079439511 0.0211209134102315 -0.153326788014972
0.0126568269658421 0.112387104372898 0.0720890663611162 -0.12424474516035
0.0711625547414726 0.0665914905060216 0.0484975086230346 -0.151291872616816
0.07584169676697 -0.0215005949076117 -0.0276644516298882 -0.128474690085482
0.0238131505696249 -0.0679785533761821 -0.0809876864464085 -0.0740189033095741
-0.0286737977389173 -0.0650181805797862 -0.0910337507459861 -0.0101507621360498
-0.0527470820846387 -0.0309111483712019 -0.0693215766026185 0.0126822519211333
-0.0532386658556524 -0.0125816890837191 -0.0447464291864439 -0.00603442756766902
-0.0530458944501962 -0.0149429147084279 -0.0412881253161519 -0.0384438993254141
-0.0537389189750493 -0.0409467541819771 -0.0155983831947111 -0.077737824148881
-0.0254215842242247 -0.076110750290509 0.0404662549224058 -0.0976816814044107
0.0301101305800043 -0.0775435075466926 0.0977686638681608 -0.0413085272903803
0.0951358142721631 -0.0199095254714638 0.0716833269064855 0.0471742980055679
0.0773291806056938 0.0778542029234654 -0.013823255500423 0.0694738830080767
0.01460234189712 0.110543077656024 -0.0409913518864461 -0.0532151774188919
-0.0391578921099807 0.0375932751447646 0.0225925006387657 -0.182553742634058
-0.0152814475127773 0.0575084390802081 0.0700512493384968 -0.129120527713073
0.0246219048140706 0.0415503124866798 0.0558580554972328 -0.139558408846665
0.0369980028017725 -0.00282925930329679 -0.0071815733954103 -0.129749151293552
0.0153428211248346 -0.0309992541620728 -0.0726121277478415 -0.0912301398348923
-0.0115055182614857 -0.0368532019754574 -0.0985512218513724 -0.0283429327135107
-0.0287155870259462 -0.0204308252586496 -0.0850166392510145 0.0022907268333309
-0.0314806182738335 -0.00897366502157926 -0.0606681219594877 -0.0118463586180891
-0.0350668279866253 -0.0106319902796716 -0.0554040149944761 -0.0440222203711708
-0.0344818390249622 -0.0280322649658675 -0.0258893686148832 -0.0860396130119156
-0.0112287685953089 -0.0526241580806919 0.0345214838721157 -0.106526223042442
0.0316474565323673 -0.0494163063291048 0.0998104624384647 -0.0465199888266849
0.0678236386052088 0.00598648870939361 0.0712772660135708 0.0417616586467186
0.0308507471304758 0.0665556649267626 -0.0123852740184508 0.0567010726679381
-0.0200861297549746 0.0606560749283186 -0.0322535707651371 -0.0783656114761203
0.0447038123391341 -0.00995454151177895 0.0495895301721718 0.110182130058798
-0.000679804897118747 -0.0353944273081881 0.0449765036322871 -0.0541835279465376
-0.0324298243136542 -0.0127028208128299 -0.0836624538775306 -0.0517200609797308
-0.01499458507145 0.0210729509091402 -0.122581539776666 0.0560954073229785
0.00498355986405601 0.014296582244113 -0.028616957614346 0.138401512411493
0.00804422586049742 0.00800973211753995 0.0545620710978527 0.103817063297897
0.0109685558797919 0.00380905244355258 0.073965645669478 0.0488184812335551
0.00431814975497131 0.00245344750894811 0.0793266689594173 0.00929223101131764
-0.000161083260552366 0.00478403811203724 0.089611839932786 -0.0103251581036625
-0.00973596132236823 0.00462876722447433 0.106754634698279 0.00812217168745757
-0.0104709102218909 -0.00564512047163863 0.0930920693403796 0.0708686320814536
-0.00163413840841449 -0.0135273433838558 0.0288244723069503 0.129047100857348
0.0160887124063013 -0.0246319156078675 -0.0254860820658004 0.146275431793403
0.0420154963510349 -0.00642792792734459 -0.0613705594223291 0.152561621658626
0.0516405889650316 0.0329407976043077 -0.00784952137209485 0.207092634493808
0.0638057133566624 0.0529230866679394 0.0322154102421226 0.102952085896513
0.0427482568415815 -0.00698847405483137 0.0467252515596454 -0.0540537286780075
0.0102230459632741 -0.0226389640179253 -0.0836364301035322 -0.0712211424443991
-0.00335795311806951 -0.0118281183889747 -0.136359800329924 0.044965980747924
-0.00650209495034093 -0.0188818134882432 -0.0436775175440098 0.138956776501715
-0.0180150589105603 -0.0121125983237442 0.0454200514641088 0.111052344202555
-0.0176915595317433 -0.00140705189265614 0.0713565229307825 0.053485784209155
-0.024418679608891 -0.000371034456435991 0.0755921857528472 0.00888945381266681
-0.0291784191148884 -0.00365130559375726 0.0808883794812963 -0.0156012552808009
-0.0400585022356169 -0.0216689219826743 0.100480246137622 -0.00835018465196793
-0.0187293789134936 -0.0484896028128642 0.103145597262531 0.0436348910870477
0.0265543759097811 -0.0488758541522831 0.0538876581330451 0.111696569048147
0.0723329679847488 -0.0216568102271389 0.000637941405416988 0.143954491073871
0.0890123881883425 0.0449351600451715 -0.0410280711413867 0.147360480806461
0.0710069708682044 0.105152082410964 -0.00599984754143522 0.183936883150357
0.0669749134413819 0.115705882405598 0.0138371886468712 0.0731538911807968
0.0805300012584644 0.0372762419436225 0.0492685128909941 -0.063317010602807
0.0627826655836071 -0.0190892546552284 -0.0794385218803431 -0.101385224308091
0.0224753748255097 -0.0462438601348385 -0.149732212706303 0.0195623988460124
-0.0125471632536143 -0.0563466538570258 -0.0667707481695553 0.125799642206234
-0.0421951652997686 -0.0369689686593525 0.02494245877611 0.111526652760638
-0.0454417126807114 -0.0092885006258867 0.0568054712668005 0.0566128148855772
-0.0495309155577286 -0.00240990571467296 0.0605602714338316 0.00926742269210069
-0.0528888985864237 -0.00844321631415919 0.0609292344759413 -0.0221305226051724
-0.066547726682136 -0.0375724195443187 0.0811952964718853 -0.0315646226600567
-0.0355873025059148 -0.0812208818580388 0.104047523979083 0.0020909848429664
0.0326023625325388 -0.0859476052206807 0.0825041212437636 0.0765290705476823
0.114035266314197 -0.0421862661535914 0.0350605562712314 0.131462018170239
0.135338056936809 0.0680431241483688 -0.0192593400596753 0.138951961617925
0.0920702477990752 0.153977570450306 -0.00826955325228612 0.143178816367142
0.054123023868376 0.164601738829303 -0.00147808064802371 0.0200402790015264
0.10400193537202 0.0899521971631039 0.0502543621535 -0.0819521553079765
0.113472481928742 0.0011739470542086 -0.0638821411441138 -0.135882374721327
0.0582484140060673 -0.0717918509501028 -0.152133789589155 -0.0222003908526906
-0.00993445913664637 -0.091005084955403 -0.0901521366869501 0.0925458736633215
-0.059318324078966 -0.0611157770514399 -0.00583390671158986 0.0990885997402944
-0.0680736204217176 -0.0184299006621028 0.0298917613074044 0.0555540594208029
-0.0674886949079276 -0.00436532439649914 0.0367395760931011 0.00904675733006142
-0.0676669703211256 -0.0104475402341812 0.0339267735265015 -0.0269331211385982
-0.0832407341781346 -0.044287273688134 0.0525377481454498 -0.0508550926623463
-0.0531550159321921 -0.0971251529799134 0.0907906417662428 -0.0403551280134107
0.022967596772565 -0.112800577635635 0.100490500499632 0.0315780071450468
0.131361216873651 -0.0683390196602134 0.0636951121396264 0.106098643998464
0.163461013134408 0.0702713304438438 -0.00506489684938419 0.124874952815189
0.10466159534642 0.174053639901547 -0.0180077094945682 0.0924037774161151
0.02870559384999 0.186050916056187 -0.00969243202704063 -0.049241250832826
0.0996561608757802 0.133606312782574 0.0502024629249847 -0.106182945467232
0.139512960596779 0.0336066946732638 -0.0372464012830636 -0.163232777668639
0.0890669181869743 -0.0759902539619439 -0.132316800553108 -0.0693129278296662
0.00158996943035293 -0.10889511601456 -0.10583794775973 0.0401461020998308
-0.0643410017805484 -0.077558611488918 -0.0413459440403928 0.0725873679263694
-0.0791056024189638 -0.0258075446145112 -0.00410631487728196 0.0493588328515342
-0.0753021986472025 -0.0049305353853853 0.00746936514823631 0.00707945066767601
-0.0735474022866577 -0.00976268094745243 0.00365023961203067 -0.0289872528303149
-0.087565345670614 -0.0439684294351335 0.0204018825979817 -0.0638972816815457
-0.0600867019954431 -0.0984143468752695 0.0665129964540387 -0.0738248192971345
0.013714681642673 -0.118315338380248 0.103505258152923 -0.0114329901713855
0.127721126863847 -0.0781622535997508 0.0782608609459943 0.0770747081054901
0.162370473446248 0.0663012432206553 2.79332113173928E-05 0.107390108793661
0.0989762821219224 0.169217771287161 -0.0337217825203346 0.038783366871021
0.000528413366054152 0.169739755279653 -0.00957442059090856 -0.119330251522108
0.0698383090771464 0.145040583022558 0.0522198631922176 -0.129829902792477
0.126879066862159 0.0592124250829124 -0.00505731412128847 -0.174243704269667
0.0984904596042463 -0.0582310536362921 -0.0936889364556636 -0.10865326207007
0.0129710632499127 -0.102444220072596 -0.107083898977211 -0.0171649210503032
-0.0563026601858062 -0.0793270078847894 -0.0726064025415222 0.0381934933090989
-0.0756589382091352 -0.0286847149170751 -0.0397460437992704 0.0387319775858167
-0.070912361646957 -0.00567270132245561 -0.0223194527317686 0.00416588616542015
-0.0690272008200222 -0.00856046342441025 -0.0252290743475005 -0.0313831906813186
-0.0779955977024034 -0.0404063727471423 -0.00824094167398387 -0.0720024987874243
-0.0524795246711696 -0.0898614494789376 0.0434896245889936 -0.0950235871384941
0.0136129585064963 -0.106250421319074 0.0985930239552159 -0.0407543294084252
0.114100269131661 -0.0634283460238074 0.0819697292642783 0.0535791541009521
0.133357334334258 0.0663454460235586 -0.0012663731121072 0.0897964545343404
0.070898551780728 0.147394141433438 -0.0454710388660166 -0.00965283506777401
-0.0209309135764021 0.119397499059507 -0.00567297390513084 -0.173731135364057
0.0299049855952333 0.117567388611812 0.0545606663488505 -0.14509853606925
0.0839836453655571 0.0619027141981998 0.0223390009089484 -0.169438786821503
0.077994738045967 -0.0315978088702153 -0.0538517644690911 -0.129146672194777
0.0166830569595661 -0.074053480248751 -0.0984009110854705 -0.0613510057793674
-0.0382561313472057 -0.0639982677676751 -0.0954277651787204 0.00678357348283285
-0.0588407098194411 -0.0253597135854886 -0.0699932790881349 0.0265005617293997
-0.0569797920841876 -0.00606557116271652 -0.0473180955974587 0.00033148975926096
-0.0565131466270195 -0.0073694438342931 -0.0482946825956745 -0.0338991506869775
-0.0605893344379608 -0.0341273205689325 -0.0284477469553633 -0.0787318308947939
-0.0365269209418624 -0.0741852414812727 0.0271418882388129 -0.107825097942361
0.0208152564873928 -0.0831198163632819 0.0950855795553137 -0.056017713523567
0.0945868423735075 -0.0345993370640924 0.081160021162759 0.0392301001348557
0.0904328482583697 0.0683180997497178 -0.00265446079553349 0.0734914189104131
0.0311492731125528 0.112015677959796 -0.0507860969877133 -0.0495708838380983
-0.0346024829692956 0.0476565425076746 -0.00453266972520032 -0.200585441843757
-0.00681623143109595 0.0638418345224698 0.0535375845880518 -0.148371190716192
0.0319703849187136 0.0413874055650482 0.0350212556292523 -0.157359089975206
0.0403326460542702 -0.00689728249698749 -0.0307175772625593 -0.134595089374922
0.012874261970323 -0.0348098125380408 -0.0918614753167739 -0.082824360298508
-0.0162751206116108 -0.0371272066556476 -0.106826581193015 -0.0125762100859011
-0.0324771576031289 -0.0175533751934464 -0.0881552925419696 0.0175971950800487
-0.0338227056399462 -0.00534415005744385 -0.0641701445824879 -0.0034666748414916
-0.0365623295855113 -0.00557915115939435 -0.0641081377274082 -0.0379521944297124
-0.03857246536549 -0.024228969398378 -0.0397536084637336 -0.0859305670235449
-0.0188821678583681 -0.051622168344673 0.0203652765498197 -0.11632515130584
0.0252571409936355 -0.0554718036013672 0.0969414035893405 -0.0622497443382545
0.0696912655057865 -0.00350309471700488 0.0805714214867096 0.0331161626675909
0.04085562854379 0.063337382549557 -0.00343226555580176 0.0607440386855766
-0.0118554375713137 0.0647726157987335 -0.0441789083646807 -0.077187423415673
0.0445784070183916 -0.013786579267939 0.0589907219552083 0.108889476208905
-0.00307546781087961 -0.0363683264559886 0.0433999028199319 -0.0578929085563539
-0.0334479458658285 -0.0101857734576253 -0.0880071117283596 -0.0480531248023168
-0.013009400476801 0.0227948970889875 -0.122189379137276 0.0651489794427922
0.006267499474902 0.0138258039803261 -0.0187704357791519 0.141955944650208
0.00889125468096029 0.00778114249714765 0.0626846048022167 0.101661383572954
0.0117716302029741 0.00284332651235771 0.078618195087084 0.0456533970941227
0.00384545214590496 0.00197016089902833 0.0806661792133686 0.00368994316859749
-0.000452404113607516 0.00419305526444306 0.0893083447008868 -0.0168349700996377
-0.00981797818252405 0.00515402041251578 0.108426967543022 0.000530800844436807
-0.0109455366714352 -0.00474731111465632 0.0994774885712597 0.0656674780174304
-0.00225698215905381 -0.0139750811267098 0.0384381722522811 0.129525245728588
0.0145492232834886 -0.02552930013568 -0.0166978129520789 0.150409026099232
0.0420452338618734 -0.00898057457325759 -0.0539114170471353 0.158761143372181
0.0550243237958391 0.0297104777129891 0.00593573099358906 0.210992461327893
0.0692440016183871 0.04846789576148 0.0401991606579091 0.103510544643741
0.0421819708689706 -0.010271858024026 0.0450060353945608 -0.0576165522150135
0.00884457788773241 -0.0233867887416513 -0.0896313437179157 -0.0674871228953006
-0.0033625983205606 -0.0116108193865854 -0.135993221972686 0.0546055442350153
-0.00823701275296556 -0.0185964647152953 -0.0349223736424115 0.144089307402012
-0.0189144343447658 -0.0105234577373945 0.0546284044352224 0.109014543235932
-0.0175033593513523 -0.000304789451367476 0.0757029386804587 0.0501342993416447
-0.0244873990943592 0.00118473264276359 0.0764039728226283 0.00441343887597893
-0.0303572026176662 -0.00237321961218027 0.0798954308730097 -0.0217501920725175
-0.0426838824104462 -0.01836424801145 0.0999031301913106 -0.016592194049257
-0.0220671112948373 -0.0475808793779401 0.107658317749954 0.0369726850089362
0.0235005761858483 -0.0511991467056443 0.0626371899807916 0.110394479855132
0.0715907820189033 -0.0273292793178958 0.009748442190659 0.146773874213984
0.0930287815637108 0.0389512727957727 -0.0329372719097559 0.152854195756612
0.0795772984385484 0.101861455057031 0.006655253995093 0.187071955683397
0.0766169657420652 0.111617230042214 0.020026445851927 0.0742458929796716
0.0847797793828081 0.0319568509082483 0.047358079308641 -0.0672284776220505
0.0622493223791321 -0.0238539468336283 -0.0872908069138578 -0.0981387964063072
0.0196255801630197 -0.0481910491286335 -0.15163576931237 0.0292899103950614
-0.0171877387125884 -0.0562362313915443 -0.0589219642007046 0.132614396739153
-0.0457746121759519 -0.0335729053941128 0.033238623386822 0.110990295352021
-0.0460315898265443 -0.00601120936005069 0.0607942625897477 0.0535919213736638
-0.0501216828878807 0.000860464235875105 0.0612318642593577 0.0050941628379067
-0.0544935019524627 -0.00507650845683467 0.0590936202801963 -0.0270521266862166
-0.0704246091913137 -0.0326876410519842 0.0791194219488273 -0.0380865408004965
-0.0431296015007978 -0.0789262461419574 0.105146289202141 -0.00589960419539574
0.0269978456593554 -0.0896816527184489 0.0893164424401735 0.0732779044021075
0.112048057487414 -0.0511002601497808 0.0444797006918628 0.132015751830277
0.141885242313916 0.0588941444466298 -0.0112731268848597 0.14243155671898
0.104968908871851 0.148654782028511 0.00162456773838464 0.145924800645488
0.0668952548878123 0.163049490485003 0.000877304773422848 0.0216333617522868
0.112063715456504 0.0835833646487932 0.0477667210721889 -0.0854854519149559
0.114377084979419 -0.00588303677334039 -0.0738597714299798 -0.134514816968599
0.0540552758255157 -0.0763877908349216 -0.156018235954949 -0.0128199091354943
-0.0166057032734768 -0.0915298385056856 -0.0862684962236014 0.0997050351037128
-0.0654231983555599 -0.0572144031722119 0.00155295020881153 0.100743776321401
-0.0693904111583063 -0.013392826403269 0.0343462687691452 0.0539787291135449
-0.0684014856971893 0.000857808404974065 0.0370766117930587 0.00644310946202694
-0.0695969515709688 -0.00533892048847369 0.0313431905659223 -0.0292511774911121
-0.0879907653773127 -0.0378950097710154 0.0487074617730839 -0.0554431449355762
-0.0616485607855503 -0.0941132419108189 0.0880196889405773 -0.0484715369321697
0.0156263511231969 -0.115266287875218 0.104447869949118 0.0258057179609919
0.128012924675216 -0.078882570066145 0.0719973626798314 0.105043370575166
0.171238480107505 0.0587035920651124 0.00265731170513208 0.127474030343812
0.119122563534811 0.169459910381377 -0.0116561144305477 0.0949855647233672
0.0425548883400299 0.187235624021477 -0.0124741393984083 -0.0486426073927271
0.110414523884242 0.127758975708822 0.0457482553657985 -0.10964203958057
0.143314181027473 0.0245762276761033 -0.0486850620985052 -0.164154077031282
0.0856550358395316 -0.0835396891127796 -0.139896039324145 -0.0629781111094448
-0.00715381376916629 -0.110872843618037 -0.105630954189391 0.0482311232044751
-0.0716680893056307 -0.0736705638903575 -0.036551857738805 0.076038931624911
-0.0814997829420284 -0.0204162428215276 -0.000857691564034368 0.05016162448553
-0.0757527668115895 0.000415682927498268 0.0072383578258471 0.0064357148517546
-0.0746406056207741 -0.00426507320752382 0.000392518636121337 -0.0293081862173256
-0.0921086211952215 -0.0375610455577538 0.015207341050375 -0.0666330642178661
-0.0692110877066058 -0.094810734804212 0.0613049463567293 -0.0811021327170297
0.00542808318130297 -0.120984116162264 0.104239250445649 -0.017710013317517
0.12312918687138 -0.0881022552055356 0.0858765550294436 0.0744804569255746
0.16908447818665 0.0542179965172013 0.0070858498767047 0.110275462374393
0.113240100374092 0.165056734914652 -0.0311689446170153 0.0421274816784124
0.0131887018223585 0.172574550670405 -0.0181136891444973 -0.11967366189321
0.0818079445085178 0.141620401062753 0.0456107217327368 -0.134562551754587
0.132202322692699 0.0510776701288405 -0.0165101821257082 -0.176556868976796
0.0959778799524707 -0.065994606341965 -0.102887544331084 -0.105342166227956
0.00535993712895777 -0.104450417056268 -0.110836778176338 -0.00989206822925417
-0.0638319978960961 -0.0755306363956026 -0.0716762666205257 0.0441060296718501
-0.0788637594072749 -0.0230205450688153 -0.0376685710571671 0.042175320323346
-0.0721087829023238 -0.000913868450698596 -0.0229323135674981 0.0060971789652863
-0.0704580795191445 -0.00377367294628713 -0.0283212138988568 -0.0292221261959563
-0.0825223264812934 -0.0350477690749354 -0.0140587657000739 -0.0726934381624322
-0.060863794218359 -0.0871288442755664 0.0359995572437472 -0.100721382289785
0.00637931872499822 -0.107910677784363 0.0976210540912316 -0.0477504812709517
0.109841048456074 -0.0722007488082496 0.0876943604296882 0.0503267562937715
0.140720956564224 0.0573559616200495 0.00527377385024649 0.0926471691588514
0.0831515317003125 0.143869593365645 -0.0472977511177237 -0.00614016389370559
-0.0122946352288364 0.122758470240991 -0.0180903799195938 -0.175035697723921
0.0385818827990678 0.117025220963129 0.0474934602009753 -0.149445999695308
0.0892614397158678 0.056979716088312 0.010941838959865 -0.173120798535956
0.0773321830553795 -0.0374698011863416 -0.063816648190939 -0.128787380477815
0.0114846313138694 -0.0763817659274002 -0.106100118624217 -0.055955946408737
-0.0445656676973632 -0.0612722359602703 -0.0966662079628231 0.0137106687463974
-0.0616185523792814 -0.0213566416526127 -0.0684619619507713 0.0321444154673434
-0.0571654330887035 -0.00172632339468932 -0.0482247765809569 0.00357465009842925
-0.0568277000028959 -0.00338873020565833 -0.0527396802734592 -0.0305854380647098
-0.0637108757610339 -0.0303389642825364 -0.0348176992781116 -0.0779600433410303
-0.0426675105365297 -0.0719320198575603 0.0194400975133906 -0.112724265404404
0.015262708849432 -0.0856467434061657 0.0933927847329403 -0.0629639064187506
0.0929610359876145 -0.0413450957897573 0.0855262598816336 0.0352896109661061
0.0963577022779236 0.0621401951250301 0.00223551508034703 0.0755138361171527
0.0394458888941104 0.110559388694715 -0.0545877133466588 -0.0465235312247208
-0.0307039627268197 0.0507072733228121 -0.0185735614957589 -0.20366654924261
-0.00253740021117694 0.0651440182757323 0.0457620833531083 -0.15412852767532
0.0348192019736457 0.0398092867742276 0.0247619993516933 -0.162242213452857
0.040566297600289 -0.00927764413600699 -0.0401501956124275 -0.136151940854077
0.0102975084800651 -0.0358829309511137 -0.100442455264807 -0.0773013652025283
-0.0202883808627034 -0.0356191173503143 -0.109517481640142 -0.00496846014949694
-0.0341866885451144 -0.0150965348695794 -0.0880885142064404 0.0244233287234931
-0.0339478149567417 -0.00274956464919636 -0.0656847512967221 0.00121067989128374
-0.0376324459092938 -0.00287876314453735 -0.0679502211643359 -0.0333914557346706
-0.0400547216148735 -0.0213624068627339 -0.0467406525744656 -0.083863410942987
-0.0225863332645431 -0.0511222411690523 0.0121595804234269 -0.120081372809295
0.0218571433618611 -0.0575622748705658 0.0946594460709672 -0.0695744139382432
0.0699142976166122 -0.00803783327067444 0.0840527813516722 0.0293424497485125
0.0458756697203428 0.0609606994341749 0.00113498630833316 0.0623010628376561
-0.0075772874545734 0.0664294054568068 -0.0506910978635199 -0.0749415770249235
0.0423060016789078 -0.0170596808044039 0.0648984872597174 0.101830139066128
-0.0056714157435542 -0.0352945856441627 0.0393130465207543 -0.0592340101891994
-0.0322733059892777 -0.00785133902111238 -0.0879061397482928 -0.0421429383985762
-0.0104483086989731 0.0222061238780093 -0.11453097206746 0.0704352668181482
0.00690054795249018 0.0122555916574861 -0.00892717478666875 0.138586178751855
0.00927847182499909 0.00707302983068743 0.0666419948919174 0.0942691578083035
0.0111334562407934 0.00124672175677849 0.0787941308114365 0.04062001066503
0.00366831518778163 0.00132516028956819 0.0778825668222601 -0.00103084284710432
-0.000419927508755765 0.00467875843324582 0.0849195314179969 -0.0218681909415344
-0.00866495093313315 0.00595954484939166 0.104147674272494 -0.00687489260705463
-0.0109306589270815 -0.00412334107009639 0.100631196041435 0.0573650689915184
-0.00292180931350391 -0.0139088007601659 0.0450344252356402 0.124353942665175
0.0123795736226141 -0.0255256505203421 -0.00730446722445348 0.146409265195315
0.0393762535371218 -0.0110507603115954 -0.0439237265829636 0.156546157198094
0.0548214240220187 0.0248126195727719 0.0182245802293955 0.202993164286119
0.0699332417807793 0.0418331634212364 0.0467026250190887 0.0976705000144713
0.0401314535042743 -0.0132514552220019 0.0418574475178306 -0.0582023124477026
0.00725628607419939 -0.0227434844668121 -0.0907232715571174 -0.0609570788879195
-0.00327751403113262 -0.0106838127275712 -0.128674866059178 0.0606183888551344
-0.0094885056347106 -0.0176497933685102 -0.0247872217541223 0.141344163641774
-0.0192881846744364 -0.00898618786961309 0.0592794099985306 0.102265519005708
-0.0165245524643091 0.00055859036773222 0.0760822402536098 0.0439146101287373
-0.0243207699133577 0.00244552093216412 0.0738871807325951 2.80628824569347E-06
-0.0301380554677466 9.10927539900627E-05 0.0752002419586539 -0.025685102050139
-0.0419946825790596 -0.0147858172538564 0.095084680241776 -0.0224149055921912
-0.0248872326612774 -0.0443217786469001 0.105693254304828 0.0281661837091364
0.0196337578699605 -0.0513632710945125 0.0678982529880937 0.10395473965579
0.0667166185420127 -0.0303085492199298 0.0185412969530085 0.14132023463235
0.0918564224372258 0.0317461850695174 -0.0243179699730679 0.150423685864137
0.0839694310335836 0.093246819220056 0.0175186607315282 0.180520034062801
0.0817713501156635 0.10237795017657 0.0250313515666128 0.0713497272794307
0.0836335422831176 0.0248517764406915 0.0436258864382449 -0.0672837933426856
0.0583369675784372 -0.0264160982212799 -0.0901944048845054 -0.0906657175916783
0.0165219382230342 -0.0474574890434678 -0.145241584599332 0.0373802275455143
-0.0203531881984982 -0.0534417648676025 -0.0494541098526073 0.130875294818669
-0.0464714673694654 -0.0293882112237447 0.0391121961656406 0.105398152919313
-0.0448901869832909 -0.00295329589415377 0.0618585045031697 0.0475627616786593
-0.0480553270944395 0.00383579790462997 0.0588954880750216 0.00141437920043791
-0.0538754799655996 -0.00149940190904957 0.0544958984777427 -0.0286442301180614
-0.0704437540102049 -0.0269609572200137 0.0729219158587175 -0.0419209263347972
-0.0471276797479788 -0.0729345436160354 0.100608995702052 -0.0128250760854323
0.0201915932779391 -0.0881632760948565 0.0913674879038473 0.0666433206663335
0.104704436517283 -0.0561817330688235 0.0506723742310458 0.126150449362788
0.140309105035056 0.0475773448564113 -0.00305354321604338 0.139367006155748
0.110822200494652 0.138129513654495 0.0101852599848304 0.141473307272105
0.0753674935491856 0.152877994776275 0.00307357873608759 0.0218263776082802
0.113186789262129 0.073268230289227 0.0425704221181156 -0.0845851650749131
0.109932205239169 -0.0131234854097841 -0.0790730944259909 -0.126480786659223
0.0476140246488711 -0.0771582349608156 -0.152224326079985 -0.00423887771590458
-0.0224446006927764 -0.0867652241302137 -0.0774396538805616 0.101377648985427
-0.0666938784332606 -0.0501352620320421 0.00758211215493596 0.0969635553592269
-0.0677724842841524 -0.00852440866028897 0.0363108610721873 0.0502170405689406
-0.0654128430131694 0.00462109130066606 0.0352698033720524 0.00417520342901455
-0.0681407599476809 -0.000692571980100934 0.0272254798904474 -0.0296458727826572
-0.0876832798869771 -0.0307827088357372 0.0425420178628581 -0.0569848251171095
-0.0668205677401326 -0.0861170178567225 0.081210711124485 -0.0538877078643896
0.00750672162365645 -0.111979835931702 0.103010559480816 0.0197047078640682
0.117495009843252 -0.0844274644503248 0.0768407920695218 0.0980189785796011
0.168900636017005 0.0453827036870521 0.0100715163750411 0.124094499919567
0.126217022863458 0.156233947738962 -0.00514160782632002 0.0929522396182646
0.053136295076153 0.176950571855963 -0.0142927712577997 -0.0447414666509237
0.11529776224838 0.116261620543584 0.0393732769805137 -0.108030574730222
0.139356365695469 0.0147142745070105 -0.0562903537010632 -0.156232912783956
0.0776649858585383 -0.0858654705966335 -0.139407938202831 -0.053698951198589
-0.0144028783788099 -0.106759490177243 -0.099772190666934 0.0530290059424772
-0.0750010698498119 -0.0657410415224164 -0.0306603672527577 0.0764820830812632
-0.0795147017257768 -0.0137529843464255 0.00213998008618185 0.048379045049767
-0.0723670961721374 0.00465459214987934 0.00744116524088615 0.00634292286939005
-0.0722862544393778 0.000294994139916284 -0.0019691867722208 -0.0280534927847743
-0.0911218700026789 -0.0301287759779603 0.00949834559236913 -0.0647349379919018
-0.0734378114369179 -0.0863708382362585 0.0526854263389393 -0.0836410398042365
-0.0022614557664611 -0.116508758994782 0.0997062535742514 -0.0226638960617056
0.112456677535918 -0.0923091813215856 0.088338275987093 0.0682765506767125
0.167106893779678 0.0408330945655935 0.0134545682603255 0.107299364620675
0.120437624260882 0.152537869322885 -0.0264924581293099 0.0425479256495235
0.024159984308968 0.165467275201098 -0.0242268617029785 -0.113795316636204
0.0883358307581608 0.131656681810319 0.037390183319613 -0.131548368795502
0.130694536103755 0.0417234303466207 -0.026585079729717 -0.169952274860944
0.0886238083665609 -0.0697429937070869 -0.106841508760527 -0.0969962931430414
-0.00202941704161037 -0.101446448866708 -0.10961176563987 -0.00224592447830266
-0.0670900633355802 -0.0682863027889801 -0.0671929057375752 0.0471662802192959
-0.0770347290152785 -0.0167978647793829 -0.0331688738553648 0.042595807860469
-0.0689305597021877 0.00422268904437977 -0.0218032414118634 0.0071102320595563
-0.0674038499712971 0.00104060841962208 -0.0297156416447308 -0.0257477356770676
-0.0815673884602654 -0.0282438699894987 -0.0183894857378323 -0.0690135153733086
-0.0649174239694902 -0.0794721200355942 0.0268298687455131 -0.100596503452865
-0.000343403590317161 -0.104610331884616 0.0914820421989632 -0.0508928189176021
0.100942510276787 -0.0760047094300461 0.0886436020839309 0.0445348551631127
0.139205136540219 0.0453667821384704 0.010284031083873 0.0905483183333914
0.0895444402232674 0.134116624526003 -0.0456444763704452 -0.00285355373370303
-0.0039484218357866 0.119136871356693 -0.027483408278744 -0.167912378786536
0.044762676766591 0.110901912691367 0.037384907706737 -0.147082036241825
0.0897737112814399 0.0498478242014597 0.000886775156825984 -0.168546214248865
0.0722178744136026 -0.0409102816816833 -0.0700787472040794 -0.121847972329792
0.0059038761898843 -0.0742940255263495 -0.106776515932324 -0.0472379850477188
-0.0479942574694616 -0.0557169511316277 -0.0929871421023775 0.0190277696595474
-0.060348139427992 -0.0161996930593126 -0.0638787248102962 0.035397488540814
-0.0544895965071614 0.00163518061655325 -0.046511600487582 0.00698333627933749
-0.0540759930567965 0.000794257920234308 -0.0524982895975846 -0.0261178280678467
-0.0637428439070954 -0.0252037274069016 -0.0388909857852654 -0.0731581528592399
-0.0461224320600574 -0.0664999675001746 0.010639301941721 -0.110998341561923
0.008811211961773 -0.0831422377664253 0.0866477531582636 -0.0669069693464169
0.0865964121596921 -0.0450235683484756 0.0853853676822279 0.0297339356583573
0.0968941537365145 0.0538780979558065 0.00726016921492302 0.0739907282762609
0.0447488802187231 0.104607096957339 -0.055965711205982 -0.0413336852662113
-0.0255998649297905 0.0505295626120637 -0.0306396648457611 -0.195029742619073
0.00191532408316195 0.0628514174279797 0.0358670866941427 -0.150951085321674
0.0358062462567047 0.0361946826831514 0.0148320083447641 -0.158375509190727
0.0389195034330939 -0.0118050015923217 -0.0478726351741906 -0.130401622665487
0.00757734548813817 -0.0352658494166382 -0.102734876450616 -0.0689979835511625
-0.0225503742948784 -0.0326890818056757 -0.107214828785649 0.00260834786359033
-0.0338864778256235 -0.0126104480378483 -0.0835564747399112 0.0293789571851303
-0.0325494358360698 -0.00077197638549176 -0.0634553941555816 0.00486472269116221
-0.0356221131307742 -0.000274207780257497 -0.0678084431904814 -0.0280726021805046
-0.0398957791498252 -0.0179560397447195 -0.0504362060463268 -0.0786550414829135
-0.0255593195684524 -0.0476898928587344 0.00360901871731483 -0.117265522925887
0.0176806331123521 -0.0574902584854889 0.0869542541030967 -0.0726788623062158
0.0669644203570649 -0.0117562611248016 0.0836427910146861 0.0236524153816393
0.0487684509294537 0.0558514865054068 0.00512463837907967 0.0610128804733122
-0.00438796936098184 0.064231096556484 -0.0536827437521502 -0.0689551985385818
0.0391281569433744 -0.0174182389023283 0.0648111153032193 0.0950941320547686
-0.00661825486730638 -0.0332982157643596 0.0374757334587852 -0.0574155493701479
-0.0304895358670275 -0.00629364363669491 -0.0839400232382008 -0.0389807751266434
-0.00919721605826517 0.0210875254550304 -0.10815451214704 0.0692897914211226
0.00660900072321233 0.0115593208129003 -0.00591148214763477 0.130473953435944
0.00898302460209718 0.00642728802741043 0.0650340484663839 0.0872179426830512
0.0107814597537245 0.000544355103882423 0.0753732458546463 0.0369643622384705
0.00335795127575373 0.00155464245429852 0.0736461525740627 -0.00202283887139048
-0.000560299175678134 0.00442171822273764 0.0793705766140157 -0.0218482799331051
-0.00838662411627138 0.00539341872601785 0.0976170892134362 -0.00850059195945786
-0.00980068263644845 -0.00299487733573304 0.096247038157961 0.0519417278837635
-0.00277685497933838 -0.0130555931479945 0.0455953416239607 0.117345475064103
0.0108240626057681 -0.0241132649216217 -0.00516942567825238 0.137362999824625
0.0364444809790905 -0.0107887313122986 -0.0399622118954918 0.148990922581042
0.0529840071164793 0.0224821777955328 0.0208748001156557 0.191360410125125
0.0673723590386114 0.0371456022960198 0.047836526920548 0.0921127663822399
0.0372654648089235 -0.0137707627533515 0.040425038767117 -0.0562426443819034
0.00627857905094864 -0.0214711042382159 -0.0861811810411091 -0.0568036221328571
-0.00263046372544634 -0.0102430719083458 -0.121782899124057 0.0600709235373641
-0.00908344448682739 -0.0165520812574325 -0.0206648233937436 0.133276785561887
-0.0179717465030955 -0.00762986652945368 0.0585662893236185 0.095173669106664
-0.0155730743003647 0.000540220138476317 0.0725900547913145 0.0401604190803207
-0.0225996152071903 0.00283559568528878 0.0691062518479236 -0.000947440638264054
-0.0284496023976009 0.000814861430978033 0.0700988704523109 -0.0252714910159371
-0.0406083837366167 -0.0131366335424238 0.0886570377096097 -0.0232517722802439
-0.024831422750758 -0.0410770486701038 0.100301050870071 0.0243818793729984
0.018014356843576 -0.0486012597493748 0.0667311442122251 0.0976737893930801
0.0628860454565504 -0.029904929475227 0.0199542656490861 0.133244350303335
0.0871378978206906 0.0281896894985227 -0.0214064179665504 0.142733973981347
0.0816164063710193 0.0866378875384679 0.0205003700966845 0.170305117795647
0.0797318636761291 0.0939412315915501 0.0265957004375247 0.0678020677157601
0.0790032543405987 0.0211014301160766 0.0412834217763514 -0.0640943580803646
0.0540539331340764 -0.0260353199818563 -0.086934404597091 -0.0850114920844561
0.0145562896885733 -0.0444817792309067 -0.137114878690865 0.0379431646702396
-0.0208269945609516 -0.0496966695718136 -0.0439960073056272 0.124589997486673
-0.0444574525175074 -0.0258824503716822 0.0395056616833768 0.097810802606961
-0.0421202647025606 -0.00187732217860171 0.0599071082630178 0.0435733436876865
-0.0448993674687283 0.00485370583439678 0.0550953080887587 0.000720760785448225
-0.050736187010435 -3.05955952560164E-05 0.050202105350232 -0.0280613646460487
-0.0677255829722142 -0.0231612499805583 0.067326001839404 -0.0407634181723822
-0.0464191611303866 -0.0668778355267399 0.094060972762358 -0.0149095321553099
0.0175311774891317 -0.083881022352616 0.0884251665796055 0.0622523369909996
0.0968339457339755 -0.0548762289174762 0.0509189087704671 0.118152211408386
0.132960891936824 0.0417891447532049 -0.00146421631957431 0.132537261686192
0.107746385401626 0.12857076400572 0.0134373233610994 0.133224913029687
0.0744943816863253 0.141642711421938 0.00491651324146075 0.0214760630875013
0.107807925354273 0.0659494715830213 0.0404782541510658 -0.0801874090492065
0.102777270694186 -0.0145481717091834 -0.0772901938465771 -0.118866332375857
0.0433617432749236 -0.0738553728820301 -0.144692487600721 -0.00152237218774287
-0.0235483528501956 -0.0812886518873863 -0.0717630000723524 0.0976080321567067
-0.0647830548876031 -0.0451138796955378 0.00866855010496683 0.0912813337870247
-0.063863498700089 -0.00595252441677478 0.0354450916033344 0.0463300943582141
-0.0614649359704503 0.00582102801379399 0.0325947406418286 0.00356671615361921
-0.0642502592148616 0.00081661001350281 0.0244120664814395 -0.0276283103375386
-0.084371464265365 -0.0259385871432367 0.0379631233345472 -0.0543892908426174
-0.0653721550537817 -0.0786569200936373 0.0743700616073971 -0.0526681750053103
0.00487410215536818 -0.106259314390003 0.0977129620763504 0.0171691952014701
0.108707902089916 -0.0817804721221925 0.0749061979853389 0.0916885472339542
0.159367529461834 0.0383430586285798 0.0118396736452885 0.117582050059628
0.122500536928919 0.145189835424999 -0.0026308336236791 0.0879421025259548
0.054393790257524 0.16512802229234 -0.013314216689699 -0.0408810927143958
0.110958444316568 0.106744009985166 0.0368414069148643 -0.101539073115883
0.131931241001213 0.0112214837695561 -0.0566972226050153 -0.147189565308447
0.0718045158296385 -0.0825287795143549 -0.133262942482432 -0.0486933080161746
-0.0163419984737047 -0.0995328027092902 -0.0942028339952613 0.05220658396207
-0.0723318774591262 -0.0590998089187025 -0.0279152196332711 0.0729543527998058
-0.0747395956674952 -0.0109847181711274 0.00362037995943864 0.0450822022049442
-0.0678978782049325 0.00670954452142437 0.00643290918758074 0.00650598163008673
-0.0679267920732365 0.00249607626779414 -0.00333734778474646 -0.0256349897910771
-0.0870068358557959 -0.025764340844833 0.00708444762595573 -0.0612611184873872
-0.0721310239085897 -0.0791374012850707 0.046631006024069 -0.0803833506690586
-0.00508572903569178 -0.109558394272323 0.0943861819638412 -0.0228136182210997
0.103451940009435 -0.0898357576959699 0.0850419256366742 0.0635057235012844
0.157884236229347 0.0345317151328986 0.0151620716484785 0.102292330993152
0.116860956863111 0.14147939956776 -0.024080725752372 0.0410448878512821
0.0265645671152179 0.15464573054164 -0.0242799441138126 -0.105764540903208
0.0856175288352024 0.121965068953176 0.0343887879300244 -0.123794751467732
0.124369700835763 0.0373399575839012 -0.0285030779290158 -0.160257826277895
0.0824622078470775 -0.06749540637628 -0.102856450564432 -0.0902439320330672
-0.00428812807582572 -0.0952902671108795 -0.104255481565705 -0.000206591192344256
-0.0656560271080293 -0.0615815904375408 -0.0624607913842944 0.0467465093482323
-0.0728822444251649 -0.0136202830332254 -0.0305820398161465 0.0411945731884174
-0.0642562871178703 0.00509827825426808 -0.0203660490429915 0.00769914353321328
-0.0632610272434194 0.00296585856609196 -0.029111433321919 -0.0228795626831503
-0.0782594412029003 -0.0242738263600404 -0.0191803002300637 -0.064750070586735
-0.0640700245764395 -0.0725564964951225 0.0225058449052045 -0.0964103266186043
-0.00252147835051844 -0.0982235119533226 0.0854199133339839 -0.049756514874379
0.0929514822606017 -0.0732632623125226 0.0852819632067802 0.0413003646621246
0.132108337574786 0.0392045603259765 0.0130976163486395 0.0859433394426298
0.0877577273388701 0.124437187192748 -0.0426873568106543 -0.001539218475206
-0.000513632009527009 0.111848607843736 -0.0286664757015417 -0.157266074083994
0.0450460719382803 0.103344192234933 0.0336443114757647 -0.138964735057698
0.0857865390737569 0.0453468924783618 -0.00224135303459248 -0.158893615574428
0.0678166354820049 -0.0405829571690278 -0.0689031289013128 -0.114687572366379
0.00354169517449365 -0.0700046024311778 -0.103107917895476 -0.0420146915099638
-0.0469670741587078 -0.050649434441922 -0.0881990183304229 0.0212864177373297
-0.0573218043166785 -0.0136773531103691 -0.0597206198161443 0.034951781174742
-0.0506956340020245 0.00291411294246498 -0.0435575793945983 0.00768263724837327
-0.0508482821497913 0.00198146946098643 -0.0506821968206525 -0.022586574180379
-0.0604358561856759 -0.0218447844614237 -0.0382708718540836 -0.0678690486092722
-0.0462334758438306 -0.0614142200002158 0.00673505817814041 -0.105906422473353
0.00675334450542474 -0.0787334131015455 0.0802805061370642 -0.0642995685074469
0.080496085834756 -0.0438846588892671 0.081951629546843 0.0276172820748847
0.0926887088172747 0.0479538540902144 0.00868922706912709 0.0704660343182598
0.0439045267732114 0.0973722120149089 -0.053219028327997 -0.0379637460350392
-0.0230298281964274 0.0476711935239268 -0.0323350196718391 -0.182907114763064
0.00352987008432802 0.0592420945489543 0.0307364069051957 -0.143243060123596
0.0345697943083331 0.0341268144583754 0.0113809408699822 -0.149695343141477
0.036360010802695 -0.0123772620139509 -0.0481048656006738 -0.123444708703876
0.00677318179739989 -0.0335957685834663 -0.0999215937183519 -0.063125363263316
-0.0225968466643249 -0.029936877016913 -0.101850287875088 0.00518858378024329
-0.032263710880125 -0.0106114354663531 -0.0782074144340763 0.0299094632222563
-0.0302405156285435 -0.000218020626498981 -0.0592619182827097 0.00639806476450186
-0.0329251403619555 0.00117094235614616 -0.0652046842558788 -0.024759927225426
-0.0383034398391824 -0.0159092767713156 -0.0496002703252 -0.0733708643575244
-0.025817005057571 -0.0445297167515252 0.000423874826951639 -0.111054576217562
0.0157786511095232 -0.0543447337083819 0.0810245591406822 -0.0699997861892809
0.0628957591174291 -0.0117817027308332 0.0799391805594283 0.0218464474133666
0.0468909559253934 0.0513438783889498 0.00609907244885749 0.0579207917299631
-0.00272923542427243 0.0606160344707769 -0.052361834213593 -0.0638580560044971
0.0375077438299917 -0.0167261528759165 0.0619247874308008 0.0928215564992777
-0.00583571202036716 -0.0319899251033823 0.0383535620799151 -0.055344651872347
-0.02873891919554 -0.00645519276281163 -0.0800554315097456 -0.039986636948437
-0.00862187084612271 0.019669840812997 -0.106075068330027 0.0645130955161922
0.00559128455278818 0.0110903158102604 -0.00835124333062097 0.124971673907686
0.00877184029233512 0.00676266371447907 0.0616667113034293 0.0849168873037974
0.0102404182775674 0.000670862752607384 0.0725330022195854 0.0370973879185549
0.00325734616940677 0.0012602245790473 0.0709970269818071 -0.000525041760360976
-0.00111261255458935 0.00437288150480287 0.077097457440181 -0.019287307215975
-0.00823613035333725 0.0058446207397132 0.0940398248675736 -0.00661215115469842
-0.00912415331916554 -0.00378586285899214 0.09207903658178 0.0518711885975185
-0.00226123334872072 -0.0129716824524684 0.0417912085665694 0.114162069404515
0.0109511888389909 -0.0224339909791001 -0.0083614200231668 0.131731339442672
0.0344023524780318 -0.00858937947490236 -0.0433284278588575 0.142219438204885
0.0502427667510548 0.0223389039881163 0.0162732529466451 0.183722344750805
0.0637563668157224 0.0360401373239356 0.0459275857388973 0.0893403586239501
0.0356877883803465 -0.0125241022614734 0.0416026831025847 -0.0537559083069773
0.00580029748663387 -0.020418816554867 -0.0819825371008922 -0.0570154847299543
-0.002034961539871 -0.010003484495878 -0.119166032396842 0.0554612188456871
-0.0089016607265318 -0.0160785593932893 -0.0217541312274865 0.127448593196651
-0.0167356099065954 -0.00731894619234382 0.0543586554504756 0.0922015882723708
-0.0149020438517381 0.000174164321074091 0.069542389497713 0.0400867274096124
-0.0217582269518264 0.00229692013913058 0.066816030578863 0.000246748806448695
-0.0279234647177187 0.000712919554864971 0.0676422716494016 -0.0230874875126765
-0.0389975999429368 -0.0128560936830719 0.0850376412540795 -0.0207769112424441
-0.023111837102939 -0.0391636780981657 0.0958623059717518 0.0253157496689312
0.0178473153551469 -0.0471310785647834 0.0628460432816811 0.0960639756946345
0.0607540165381999 -0.0272264610012238 0.0154228326271919 0.129008266086329
0.0824561980860854 0.0293287986260694 -0.0243316513828279 0.137203630230281
0.0762078793577265 0.0851334098205653 0.0161906784925563 0.164006108741675
0.0749662409277035 0.0909715064656515 0.0259432268306878 0.0661354328362109
0.0753468678740405 0.0215111683120649 0.0431299514390595 -0.0606880296109183
0.0518814453216293 -0.0237736268379599 -0.0817344383293831 -0.0849101468074669
0.0157618663085079 -0.0430068777808701 -0.133539439424201 0.0328332611345571
-0.0196817815883432 -0.0479043953329639 -0.0449698949020057 0.118749574213551
-0.0424508611684664 -0.0251743055385333 0.036112007382169 0.0942883845278118
-0.0402651625078979 -0.00261784528119739 0.0554329382482921 0.0430593950386084
-0.0434423891122124 0.00337757176157323 0.0526140274735457 0.00189186466259404
-0.049195153106243 -0.000716941382884323 0.0484977934260604 -0.0252459305729527
-0.0643865908245264 -0.0229202811394904 0.0644407770444255 -0.0380217491045046
-0.0435018988661861 -0.0646735670931498 0.0897851816889052 -0.013168241088042
0.0184738445315611 -0.0804371129151003 0.0838211753297357 0.0623693783139484
0.0941507261996194 -0.0504315527420025 0.0462152960123027 0.115566177425235
0.126794437546083 0.0425771234462381 -0.00444822673259854 0.127956471623897
0.101415865278395 0.125644577294395 0.0107065122630922 0.128113760005949
0.0694614385494771 0.135814662742518 0.00581422147430514 0.0216994544329297
0.101998332269019 0.0651714465132625 0.0426808061108084 -0.0757429611561989
0.0991229362186612 -0.0118173750790489 -0.0723044090526414 -0.116530699806787
0.0435797716182 -0.0699873755332358 -0.139822477911519 -0.00476827134601893
-0.0215702325270956 -0.0784637928342678 -0.0710148632580678 0.0920886945945839
-0.061289008388297 -0.0432451976258998 0.00728739883237894 0.0878489651173871
-0.0609623984654859 -0.00708358971866092 0.0323990923601218 0.044987336230091
-0.0584917453203172 0.0046722207106315 0.0315596355613802 0.00418053361203107
-0.0616317363132914 -0.000454425785301166 0.0239668683767051 -0.0255309916974767
-0.0806312875071523 -0.0260362083135784 0.0367069994737589 -0.0517833446216623
-0.0622544813209008 -0.0758267708893785 0.0711402737179843 -0.0497562494238291
0.00618525375409438 -0.101665562552219 0.0946453190205939 0.018948311208162
0.104778015823049 -0.0763704391422037 0.0705943974681246 0.0914239889847076
0.152839470178532 0.0394221895468184 0.0091542378537044 0.114053599303839
0.115410662873737 0.142185818765361 -0.00385010657075333 0.0838625463763297
0.0493671806801668 0.158715723883331 -0.0104921206162587 -0.0385329303836462
0.104028773192732 0.104029354282912 0.0396862805790538 -0.0958845237909845
0.12640028022898 0.0138136207443447 -0.051663018812266 -0.143329285154603
0.0701907215208299 -0.0784095408821864 -0.127396355559291 -0.0504163116636258
-0.0145468312562701 -0.0959513454642291 -0.0926834683218132 0.0483672345726563
-0.0694253425379393 -0.0568004263787659 -0.0277249356464825 0.0700118449452887
-0.0718799272081738 -0.0114033135039068 0.002285865416719 0.0431928460165646
-0.0646533922350737 0.00497267080826179 0.00588469068184583 0.0060236218144937
-0.0651497446497207 0.00154708956103182 -0.00256962291003 -0.0243394033914791
-0.0835814743293504 -0.0260141208782435 0.00752265775253356 -0.0587472416830144
-0.068719703117638 -0.0762673860570569 0.0444690584032674 -0.0771712657864758
-0.0028370622365624 -0.105502422819727 0.0914812973225725 -0.0190562839270778
0.0997856328862385 -0.0834680751289846 0.0808510092753546 0.0648711091707364
0.150911543046072 0.0358449893336528 0.0129852481227511 0.0993269708034412
0.11014931248035 0.138686125291586 -0.0230074670786421 0.0387273926975796
0.022789539439167 0.148786965997614 -0.0208571513497229 -0.100949574570855
0.0800058785510236 0.118500380883116 0.0371013083864654 -0.117765691829527
0.118536750569782 0.0389005230607024 -0.0230265220863246 -0.154362583321088
0.0804660159134818 -0.0638279716448046 -0.0981553689493356 -0.0895893031379866
-0.00276009848133405 -0.0916198400946401 -0.100999503477807 -0.00175385874947674
-0.0623830583779363 -0.059395860799215 -0.0609026862741958 0.0441530948117451
-0.0700225617202208 -0.0143607767328424 -0.0303189742024056 0.0392970274318046
-0.061357518674499 0.00382463552585384 -0.0200234171283285 0.00693021931069303
-0.0603984192706995 0.00216301835279711 -0.0278714946278296 -0.0222373375806462
-0.0747308960870968 -0.0245785594811011 -0.0182998181983445 -0.0623368045421188
-0.061028302376446 -0.0704619305266188 0.0215628975379864 -0.0930685322643137
-0.00105003080244768 -0.0946248558845575 0.0838164035744637 -0.0457281773258426
0.0897596409566991 -0.0680130677707236 0.0818855786002549 0.0429889172898048
0.12615470493428 0.0394731045038862 0.0112245712027088 0.0833812911178955
0.0821178620480275 0.121155900987768 -0.0412351665838863 -0.00245477992541495
-0.00261622653740869 0.106997418576195 -0.0242472094258766 -0.150915349397743
0.041224213738705 0.0993492483549694 0.0366589609719643 -0.131581266338787
0.0814728351588383 0.0459006617924324 0.00157618984358861 -0.152422268690879
0.0658375670996207 -0.037469560553184 -0.0639013680880751 -0.112298442782101
0.00488877542618716 -0.0673942127281948 -0.0995946678243941 -0.0422079997127183
-0.0449173792558391 -0.0486992367537173 -0.0854268829135112 0.0190846547996326
-0.0550216821136958 -0.0137796992089997 -0.05770831042918 0.032911967606606
-0.0482395578022057 0.00184825193197346 -0.0425594449491541 0.00619155486823963
-0.0486006118830262 0.00136461495125272 -0.0477363817489549 -0.0224501728806501
-0.0584152894462831 -0.0217135382062378 -0.0356475240898875 -0.0667786302076484
-0.044024715809324 -0.0596619295039165 0.00728672674009856 -0.10142896350801
0.00845171808481593 -0.0754060087435685 0.0789861212748891 -0.0597745795746859
0.0775020257253684 -0.0397684872285797 0.0785617589128658 0.0298144559184675
0.0877766588219664 0.0477011976701656 0.00761790220898431 0.0681811179465899
0.0403212324761661 0.0949365068990422 -0.0505514741875207 -0.0371315158655888
-0.0225966766595129 0.0452302153888156 -0.0270701071277276 -0.176363141776664
0.00216459762979189 0.0563099414038988 0.0337957199637004 -0.136609838275802
0.0320994821296373 0.0339167123243232 0.014367704863498 -0.143213577571385
0.0353573525459915 -0.0112835185279969 -0.0434516692169948 -0.119371359465367
0.00651087500717605 -0.0321098326873024 -0.0954834539201384 -0.0617898643525372
-0.0216532442666692 -0.028229214210474 -0.0987937763248058 0.00446032950818294
-0.0309903770308651 -0.0109580581315008 -0.0752593843795834 0.0276181928595574
-0.0282441191023923 -0.00109540215086777 -0.057857951504208 0.00544857514510891
-0.0305753293119294 0.000402852233292648 -0.061543475511131 -0.0247944641509178
-0.0364781187138611 -0.0157665294546357 -0.0467028124408007 -0.0714605746049292
-0.0244037938437959 -0.0427367100708996 0.00166762659258419 -0.107460316761895
0.015295278563933 -0.0517469126349684 0.0792226551732019 -0.066161704844023
0.0603888967014374 -0.0104325292189808 0.0773080972334896 0.0243054671329252
0.0438760558229411 0.0500418562952183 0.0051522586540047 0.0564361234429147
-0.00437893187989794 0.0588338639948402 -0.0496813466181012 -0.062734343429476
0.0390074133033806 -0.0111072331683847 0.0481998222772505 0.10370686043041
-0.000507327877457485 -0.0324526444516128 0.0501790639744888 -0.0489016795071773
-0.0265652895613242 -0.0117041981621281 -0.0712631236686826 -0.0546774597868753
-0.0119395081203615 0.0162084179728786 -0.114423125309632 0.0458313360352235
0.00288662677609449 0.011698932805463 -0.0283108198894093 0.120971663366602
0.00801479938257398 0.00751343612139727 0.0465508412827058 0.0937921221463078
0.0097587585946082 0.00181551981249128 0.0661694284789563 0.0488082611095424
0.00336003207339642 0.00141206200109067 0.0695092655584097 0.0120124048018953
-0.00166045804354834 0.00360571991355057 0.0797412048099866 -0.00552241676743601
-0.00891346101021291 0.00340074287264855 0.0935268255796996 0.0102996002568081
-0.00689612574888247 -0.00550718281201833 0.0814057463151876 0.0685350880988278
0.00222537991831882 -0.0135512409972599 0.0211430003800304 0.122157887250268
0.0165336816998496 -0.0179831390197898 -0.0336855739130332 0.127942101198246
0.0370365083371655 -0.000318120845264591 -0.0702916547439751 0.131594320952271
0.0468298132169936 0.0315495987648123 -0.0196276144916975 0.185145080538914
0.05658729754005 0.0441587596576865 0.0281471842760386 0.0988341835260679
0.0365069628080975 -0.0061256568836387 0.0507952123972825 -0.0456450299611793
0.00977399391345316 -0.0185521570198846 -0.0711850993500043 -0.0699027257434592
7.00212914863293E-05 -0.0110421710284557 -0.125459819428191 0.0356716234236787
-0.00679109863160763 -0.0172194080468574 -0.0412232607653738 0.122041936369756
-0.0146180638104407 -0.0106874236078576 0.0400917369521502 0.0997378679684194
-0.0147473567271469 -0.00347684585272896 0.0626717627009883 0.0511759144462206
-0.0214285947066007 -0.00202728423631571 0.0650910876846581 0.0121111198533864
-0.0273121277911486 -0.0048184199697438 0.070252460911298 -0.010125531977267
-0.0351352290679359 -0.0195315403888883 0.0865075713459252 -0.00472081875908219
-0.0144979390180144 -0.0428285622995137 0.0889010266069533 0.0429595605029518
0.0278988987291704 -0.043223333943958 0.0444935662178001 0.107516663752382
0.065350378175925 -0.0147315106577666 -0.00964231996289165 0.128873236172587
0.0760222023589018 0.0448042181130813 -0.0504969957567947 0.128882241983099
0.0609601997911892 0.0972234595239503 -0.0144703183713665 0.164899611776058
0.058973381628347 0.0996407711977121 0.00854749192164881 0.0710939609832516
0.0693477868938594 0.03363517448275 0.0517076046272867 -0.0509393079362968
0.0550169639427572 -0.014041655754112 -0.0684883279081678 -0.0944056847267146
0.0230040692677354 -0.039216793783585 -0.136031432651346 0.0134884271354019
-0.0110521425907264 -0.0495048883803769 -0.0613208058361255 0.110955981558894
-0.0372480903942126 -0.0315375713618633 0.0226307553675029 0.0994202987994032
-0.0391415454863778 -0.0103517367393259 0.0496240393216824 0.0518004169773575
-0.0431894396801004 -0.00459666807177754 0.0508847922718352 0.011649271070323
-0.0473166352578996 -0.00967517842149096 0.0517915931550265 -0.0151459063819187
-0.059192909228859 -0.0335632987382426 0.0694043545078124 -0.024866192405738
-0.0302296283452919 -0.0707916916529387 0.0892449952284802 0.00420640948374155
0.0341240269597862 -0.076578033176481 0.071618299778176 0.0787360405759176
0.102140776245546 -0.0322526998661621 0.0228927309042167 0.121306971146309
0.117430512583728 0.0653270395407306 -0.0282864541692201 0.121975606340865
0.0773608255450141 0.142102898877396 -0.0129037048575052 0.126994564383965
0.0468518577914314 0.143769073862234 -0.00759200555269303 0.0219547318143005
0.0888326532569624 0.0809162848462909 0.0511394293751561 -0.065457513291892
0.0987944815436514 0.0054947972134732 -0.0552707144330799 -0.122214895817731
0.0550032237206214 -0.0606810045453871 -0.136956635693631 -0.0230010524700687
-0.00768712646933824 -0.07974411501881 -0.0832007367720431 0.0823601476248496
-0.052814179232013 -0.0527814992889565 -0.00378486927995434 0.0885757827173342
-0.0586203289220746 -0.0179977612218985 0.0269362304310111 0.0498356185270586
-0.0575572849558061 -0.00640137595947125 0.0301605211803821 0.0100110485366174
-0.0599391612734397 -0.0115253861085539 0.0275678514538293 -0.0198864954860282
-0.0742709493491497 -0.0394387495427929 0.0443326372951772 -0.043087800211674
-0.0466075189533239 -0.0848929279310664 0.0767189201962479 -0.0360284844975214
0.0255995309493294 -0.0997357123541489 0.0899821954492229 0.0384153815934668
0.117103651098399 -0.0558463751233126 0.0509056967731768 0.102217228152894
0.142580788004228 0.0665851433707818 -0.0132974104927021 0.110722777375413
0.0879130541133653 0.160516377282682 -0.0187159993150599 0.0803696757440735
0.0238736169311414 0.163017103204573 -0.0158312156124719 -0.0423600957336456
0.0842573719531688 0.119807474130177 0.0495668111654483 -0.0868111034273558
0.121561548765238 0.0355637933751817 -0.0327380148226567 -0.144333178207674
0.0830031432983151 -0.0640463564101616 -0.118376258715708 -0.064584680482765
0.00318802339989476 -0.0956802620890553 -0.0972320333137301 0.0368494777647819
-0.0579985195963907 -0.0668529855717165 -0.0353668462858955 0.0650900247747996
-0.0693522883261238 -0.0237370477307813 -0.00300502868018506 0.0443497527069194
-0.0640222420281429 -0.00751169646446605 0.00495244349352217 0.00768118316375424
-0.0639717228336474 -0.0100337742325115 0.000856973286893108 -0.0226095993878966
-0.0775853592568714 -0.039605526020092 0.0163381658800606 -0.0551783655198001
-0.05368214303219 -0.0858172267928169 0.0556617047291985 -0.0666300889464937
0.0163683809705428 -0.104402447177112 0.093969250676178 -0.000846508835683226
0.113266579316023 -0.06392035651053 0.0668820898607098 0.0784764011503022
0.141533645617686 0.0617156978921686 -0.00570332607327251 0.0968218320324293
0.0818522605049287 0.155945883915029 -0.0297270396409982 0.0318585550027515
-0.00040725370825729 0.148755189868928 -0.0143131578850619 -0.106316919986348
0.0583645663411107 0.129609892215088 0.0501667090420185 -0.109417473537551
0.109849484362561 0.0588980092501854 -0.00428186734403822 -0.152262630211012
0.0901430708934116 -0.0478887418354892 -0.0834452570839444 -0.0992239330295179
0.0136010448003468 -0.0894836444975335 -0.0981335828295796 -0.0138924664821512
-0.0513080234755314 -0.0673186471719776 -0.0639709803507359 0.0353073517830141
-0.0666175006913415 -0.026030544154339 -0.0345069289874948 0.0350644800669645
-0.0602344773570985 -0.0078042370757433 -0.0205308841206606 0.00357196117657315
-0.0585949197192981 -0.0089822917975188 -0.023917970849953 -0.0252724711138791
-0.0692612892940488 -0.0367211655706752 -0.00734864853625214 -0.0627977976353592
-0.0475214980757876 -0.0789716454674029 0.0356172134252147 -0.0869555360445686
0.0160349840950766 -0.0936207501194878 0.0907996281934103 -0.0287206449624554
0.10058233889815 -0.0509157254127929 0.0714543261976165 0.056715016793223
0.116396622070573 0.0613121854324113 -0.00391685775612383 0.0814840645340849
0.0575736210851531 0.134921534334432 -0.0406227064676296 -0.0124296307683363
-0.0185734691534119 0.104647220190027 -0.00694553569425227 -0.15704778689148
0.0238786542114962 0.104922838411282 0.0537140650028694 -0.12455015029107
0.0722501716294279 0.0594547449414979 0.021449747093649 -0.147798538563006
0.0718445868778054 -0.0251651517954502 -0.0472467262743656 -0.117530100222799
0.016545440767007 -0.0649136970031062 -0.0907670437614202 -0.0541652799239707
-0.0357672767884184 -0.0540733104221507 -0.0849938925451334 0.00659175483139505
-0.0526375973212779 -0.0228027045012267 -0.061409047871421 0.0246195108744593
-0.0476606685960242 -0.00705738031512395 -0.0427852150670811 -0.000945906293774103
-0.0470034727479384 -0.00726329116576822 -0.0437668118400526 -0.0297344452539561
-0.0530516400236886 -0.0308532456775034 -0.0244151903641945 -0.0707230350985177
-0.033351110445262 -0.0656828738593868 0.0235101379927417 -0.0984816198630412
0.0214538452643498 -0.0733952855985351 0.0881103336282957 -0.0438243534614228
0.0838538179101139 -0.0256596011293942 0.0715097964269888 0.0433477045132344
0.0773905527826186 0.0619152732638363 -0.00428180714771005 0.0667441725227491
0.0211532109650002 0.100991679465408 -0.0432373065231076 -0.0474916980000326
-0.0291911495165407 0.040745241804577 -0.000979554050963376 -0.181603595607009
-0.0064608074378664 0.0555531966515868 0.0535815124010783 -0.130547437725949
0.0260667298733957 0.0394649826709908 0.035251930448348 -0.138352434823323
0.0367173489975618 -0.00442166030907877 -0.0248918356901367 -0.123386963863628
0.0125561380104603 -0.030403972091636 -0.0842462865431291 -0.074433216808565
-0.0162383365120426 -0.0302780133832461 -0.0971521906692889 -0.010898188249056
-0.0292118479681625 -0.0154637207998087 -0.0785888562908686 0.017066111729207
-0.0275173297423446 -0.00614623958820037 -0.0578380939485886 -0.00548371886391888
-0.0301632616040399 -0.00475996429631117 -0.0566852238969647 -0.034356843266444
-0.033178667418734 -0.0210661698484721 -0.0346520626217835 -0.078018895836561
-0.0174406080093849 -0.04646995234468 0.0196561271551264 -0.105226031365362
0.0237183308861348 -0.0492194087728567 0.0902232537521706 -0.0505207554823499
0.0619737584823696 0.000697881849638531 0.0712956407757722 0.0373080493042667
0.0342465519768779 0.0560512593369364 -0.00418085524699413 0.0549344633697033
-0.0160824130564913 0.0570337104021776 -0.0382835651491769 -0.0714506953226518
0.040371481441317 -0.0110273472195952 0.0500366738425089 0.107180870214892
-0.000231971924559026 -0.0329643955107883 0.0536123388471251 -0.0512417030953188
-0.0273133350794903 -0.0122606696619611 -0.0723668852546031 -0.0581065009996222
-0.0127105928322133 0.0165620044981729 -0.119773559880936 0.0457834029507804
0.00273592021963386 0.0119977198853126 -0.0318407135138244 0.124203046786292
0.00885327831882166 0.00771918199085109 0.0466668415427114 0.0971493901270089
0.0100833150558659 0.00210581118379803 0.0674039256680498 0.0516001100297278
0.0031069591778492 0.0010336068768485 0.0722183730301102 0.0142523703417481
-0.00227798566370679 0.00340838070871003 0.0823613576657436 -0.00442875869646591
-0.0091208970475812 0.00345537982447073 0.0961978612219894 0.0116576476325536
-0.00715845646421866 -0.00610195859563487 0.0830721760014781 0.0722974973936987
0.00208843173144474 -0.0141407511647416 0.0200694376843139 0.12693359120293
0.0177183627370149 -0.0175577565560638 -0.0376603031481923 0.130757841327651
0.0375257867571202 0.00102984766950277 -0.0763057890595593 0.134208584378628
0.0481685245745307 0.0332376245633503 -0.0238292285362377 0.190264839790846
0.0570009511283775 0.0457580389143519 0.0298897774342779 0.10159188091822
0.0371703343864224 -0.00574446582825168 0.0553937851026433 -0.0468001155095318
0.0101681033751305 -0.0191299701653854 -0.0722666160823399 -0.073330581404867
0.000212136725011204 -0.0120334881335556 -0.130496710527826 0.0348520476083739
-0.00692563451930152 -0.0176701571650671 -0.0448892254429264 0.124574889948776
-0.0151979977007405 -0.010992647509654 0.0398565635878803 0.103134069951887
-0.0153942156358306 -0.00350663665743036 0.0643914070822584 0.0541611404537883
-0.0220915329792028 -0.00257164121782151 0.0670475486974254 0.0136565382230669
-0.0285195456586323 -0.00552569588497161 0.0726717059924002 -0.00884397036715856
-0.0363421076044072 -0.0201948698359035 0.0892041278894737 -0.00393981990755932
-0.0139795189292511 -0.0441690532237775 0.0908306659014042 0.0456551071208018
0.0291502246624865 -0.0446377224434801 0.0443818400172896 0.112624073745747
0.0677573498288528 -0.0130568451006852 -0.0122041646650081 0.132280637951709
0.0772280519147532 0.0482945173303664 -0.0552206910967313 0.13193160211147
0.0610626617466613 0.101755828713796 -0.0178175664343873 0.169265783066204
0.0593716000011104 0.1027603316702 0.00943233785909466 0.0733373450069451
0.0706397209226797 0.0360709481445934 0.0566420179184337 -0.0513440758598782
0.0569761478293587 -0.0134095502553357 -0.0680063197846969 -0.0991714014415342
0.024137654370402 -0.0404721654429245 -0.14112321821153 0.0112408663216855
-0.0112821950447358 -0.0516106401748182 -0.0654294367283832 0.113310701434571
-0.0377206787596535 -0.0327650689398135 0.0217686187084445 0.102536005806032
-0.0402613345453106 -0.0107555369024037 0.0500798027223513 0.0542620274475929
-0.0443263806210179 -0.00531058315405279 0.0530450658936803 0.0129106664020626
-0.049007986062705 -0.0106322437617827 0.0536492233563174 -0.0143554454680577
-0.0611647271982369 -0.0347514807475762 0.0715863521329966 -0.024621525838173
-0.0307660042020923 -0.0727871976161574 0.0909136519081201 0.00524396340390834
0.035934463454179 -0.0783550923441225 0.0731090507196884 0.0836348811630302
0.104997445328772 -0.0309897205974816 0.0213881249350141 0.126031542887372
0.118802718559222 0.0694932271988619 -0.0322775759706309 0.125497996343485
0.078363433838893 0.148100518901632 -0.0147502113463235 0.130409296368903
0.0459740101087141 0.147667247570132 -0.00666976800270854 0.0229478507175159
0.0897544026041484 0.0846512670183375 0.0565377254926919 -0.0662036947390667
0.101562597728716 0.00807407993065199 -0.0546428904605811 -0.12777965757373
0.0575796726067649 -0.0620032681653431 -0.140749344888801 -0.026505244631623
-0.00734296708706855 -0.0821664978799795 -0.0868345924102715 0.0835598972483128
-0.0538390159989133 -0.0539872148883892 -0.00524909175914448 0.090666980831501
-0.0601349684485824 -0.0187227909562068 0.0262513506393638 0.0518813827159268
-0.0593115327406131 -0.00728736181025695 0.0306449656632263 0.010928183103591
-0.0617351272106332 -0.0124374138673379 0.0288901104673457 -0.0188639068155554
-0.0768454899605689 -0.0412622793202031 0.0458011661649941 -0.0430560566990598
-0.0477392151103786 -0.0875211405937138 0.0781546175787511 -0.0357603966075215
0.02710663241211 -0.102330195973493 0.0924688252226732 0.0417266947938231
0.121453843807745 -0.0546824706857173 0.0510629388030799 0.106935603287789
0.144930276911347 0.0706850841888899 -0.0155205644264692 0.114493806240128
0.0883422021862819 0.167689044117417 -0.0201347865693427 0.0820226401887731
0.0218471110436481 0.16686201404734 -0.0141680021964274 -0.0428606855631124
0.0844479220816322 0.124279508312526 0.0552031304463908 -0.0872479006949932
0.124223635810886 0.039258590282981 -0.0301378833742755 -0.149874290195552
0.0860147012270886 -0.0648236746345305 -0.121404401490633 -0.0696694268167759
0.00331805068295239 -0.0981661856000748 -0.10122225421492 0.0367516676653655
-0.0589178288453274 -0.0683180308110222 -0.0372994305336741 0.0668223587830047
-0.0706266948823362 -0.0247649266066459 -0.00365471275848655 0.0456186843597834
-0.0654744193397553 -0.00886898860007215 0.00488707587835875 0.00782981389501178
-0.0651392348997799 -0.0113119225028275 0.00172055871502894 -0.0226268359294949
-0.0796986307480255 -0.0410475186939995 0.017461418536172 -0.0563772685879802
-0.0548058269473673 -0.0886951189455446 0.0569448083613322 -0.0682438539880712
0.0181425124380442 -0.107386576545412 0.0974014469755669 0.0014915315380405
0.117671789732738 -0.0632854665920704 0.0684150065963079 0.0831109824719278
0.144288595106864 0.066119258616932 -0.0070963786834872 0.0999932574033532
0.0826389600701445 0.162623508182741 -0.0308372827528299 0.0312672228893585
-0.00339068102516726 0.152742936966316 -0.0116721930949017 -0.109201242256942
0.0577234066454545 0.133878503270182 0.0556003877843244 -0.110679157093717
0.112711978626134 0.0628947947265119 -0.0013377224296405 -0.157621717165953
0.093942862475969 -0.0487212787081121 -0.0842160051961349 -0.104653111844252
0.0149255240947384 -0.0922686658198404 -0.10154263431375 -0.0150832268082112
-0.0521071868835607 -0.0691557849684604 -0.0660496550453256 0.0352899902722749
-0.0686745539144261 -0.0268774173501236 -0.0360648670764866 0.0357208249327632
-0.0615144254468318 -0.00900552452087587 -0.0217393893155093 0.00370006868959256
-0.0602972183295562 -0.0101500357022043 -0.0236631466622008 -0.0263257831847912
-0.0712600330199502 -0.0380120633644761 -0.00737707411506601 -0.0646097512879588
-0.0486104128930947 -0.0808032447004845 0.0373686146379609 -0.0887500614420271
0.0174720440812494 -0.0961569656784488 0.0945868753622394 -0.0272836576756067
0.103787445898809 -0.0503401373777748 0.0740277409806784 0.0612425184873605
0.118620369814698 0.0644450674248606 -0.00528066570067805 0.08376688006576
0.0570928878128886 0.139908025951493 -0.0406446236189358 -0.0134946257034495
-0.0212086024042211 0.1069464073733 -0.00341334630910117 -0.161163427345851
0.0229185546675869 0.107403340173857 0.0592704264932012 -0.126466404695343
0.0733698728385408 0.0628931671952112 0.0254500980582823 -0.152408777262542
0.0743065541724332 -0.0251621429062069 -0.0460513803761153 -0.122352578613987
0.0174503673211107 -0.0670293268679611 -0.0927453780233869 -0.0568424646760034
-0.0364413163137527 -0.0551156927315687 -0.0877234281886032 0.00611047574372866
-0.0539052141981169 -0.0236535892975678 -0.0632975149535512 0.0249921647702058
-0.0483544032391997 -0.00885871620649895 -0.0440524520856407 -0.00208792628499476
-0.047718501119801 -0.00788282257929409 -0.0446820519357217 -0.0304581039963447
-0.0547223702753436 -0.0326192566171934 -0.0247114213713359 -0.0726940799129381
-0.0338508206645738 -0.0676366449836937 0.0248836915525416 -0.100976544328911
0.0225671435843832 -0.0757063414667735 0.0921115736250845 -0.0434134733778862
0.0867594210890425 -0.0248335392856592 0.0744068782195274 0.0470956587276976
0.0786501775311124 0.0649517824301653 -0.00442958812549159 0.0682861325460823
0.0203777166528885 0.104803306720267 -0.0441010891407977 -0.0499887938032721
-0.0302935378901028 0.0414176806282655 0.00207659725606276 -0.186425448319223
-0.00716300515134682 0.0561694145716663 0.0589519365982983 -0.132496717845885
0.0268240898976689 0.0411224075965232 0.0392233529351937 -0.142063159250349
0.0379295586666817 -0.00404811299555463 -0.0234647752960408 -0.128895606280148
0.01300365936739 -0.0313052564736769 -0.0861080053251021 -0.0782787782636845
-0.0164379104031867 -0.0306501910405002 -0.100428464546788 -0.0115031743405849
-0.0301126626121811 -0.0155375829661687 -0.0809067924401905 0.016344992384588
-0.0280891029263225 -0.00674939381557279 -0.0597002323173782 -0.00630114369313228
-0.0302730400168969 -0.00541585881586935 -0.0578614445541274 -0.03627330697012
-0.0339291843572526 -0.0225909129566849 -0.0338915352578166 -0.0809703366908135
-0.0176110438517305 -0.0479788362965818 0.0206548831014751 -0.108049640692816
0.0250710033873123 -0.0503902347941736 0.0941092520842173 -0.0501967795244673
0.0639154702874256 0.00131100156134537 0.073780625853811 0.0412063798414431
0.0341445429495213 0.0585109197770867 -0.00502769208294041 0.0568080824783866
-0.0179087289389339 0.0590196667320158 -0.0387183658761425 -0.0735017727481365
0.041149265559995 -0.0125560240274859 0.0561437216258704 0.109637686009318
-0.00101160232534848 -0.0345580417215684 0.0557833740456969 -0.0553288722544286
-0.0285569951989951 -0.0124256632155597 -0.0760575231658262 -0.0594880139122373
-0.0131120075713261 0.0175383834456594 -0.123134353503408 0.0507785705893219
0.00265398201491169 0.0120463435026974 -0.0305941319298627 0.130112320508246
0.00985094436600215 0.00755842654221865 0.0513237877238288 0.0994701240104858
0.010479415258907 0.00131543664227844 0.0724279290871823 0.0522052751284517
0.00285937380702466 0.00106672236799026 0.0759056813113775 0.0124275101125049
-0.0022384603456213 0.00382783959883082 0.0862139677034379 -0.00713655242277324
-0.00976290394718323 0.00410184423914795 0.10041118788818 0.00989150306119908
-0.00755079305766621 -0.00591200234179799 0.0884859072462401 0.0734718253216359
0.00158439908549165 -0.0149749215144368 0.0236967297363667 0.131887855394726
0.0180245146491477 -0.0183806813183684 -0.0371382267685845 0.135757226625178
0.039409288141855 0.000829642724553361 -0.0776203217690766 0.141245189673396
0.0503469099502718 0.0333868569782562 -0.0203370437649073 0.196637621907896
0.0605959832316157 0.0460793624217497 0.0349513150874357 0.104157618766276
0.0382991248658385 -0.00672543910945108 0.0581138920535757 -0.0506291717087585
0.0100207967072332 -0.0200474285764707 -0.0767206556854465 -0.0756864025079351
-0.000455627952031304 -0.0119130878356792 -0.13592555311039 0.0390278829606391
-0.00821205006030405 -0.0182874185201122 -0.0443376592847659 0.130819159796326
-0.0157678186733632 -0.0104527688582763 0.0437687759263746 0.105825678636066
-0.0159092820094872 -0.00328881764714599 0.0675833856005652 0.0546188332789299
-0.0236240871029722 -0.00208828928763359 0.0704678332608637 0.0131313573834786
-0.0296445908219167 -0.00456487239907751 0.0759430880742993 -0.0112204169519993
-0.0384083741415126 -0.0193455978069942 0.0918007468551576 -0.00607525524517091
-0.016155855562602 -0.0464743006722511 0.0952556080599155 0.0456469093430577
0.0291873127932575 -0.0473209030935911 0.0489005994440453 0.116987941457214
0.069775247768731 -0.0147311888579971 -0.0103400764927707 0.138393362764929
0.0809613200687548 0.0488038690643838 -0.0549920976764163 0.138343608251046
0.0662077487055207 0.104935948631739 -0.0144131782557897 0.175420018725332
0.0637227815119545 0.104681996820678 0.0135832317882029 0.0756692377376006
0.0735249643027816 0.0354156564616935 0.0596056089229794 -0.0560311585289876
0.0584741228989296 -0.0149102210423543 -0.0729507934496457 -0.102249420903004
0.0241525007870049 -0.0426540756427827 -0.146875477934882 0.0144391942053464
-0.0136895238595409 -0.0527866889030985 -0.0658930412377876 0.119134643222282
-0.0400868644922807 -0.0322216040880271 0.0253753692293002 0.105352714339398
-0.0420994743627843 -0.00986924168241592 0.0535928199314886 0.0546848635128575
-0.0460253054753406 -0.0047129367889469 0.0551154383698214 0.0121409249920561
-0.051299336826135 -0.00927679135628703 0.0558636282233502 -0.0157760794216307
-0.0651531799502955 -0.0339323834580422 0.0730070086613617 -0.0272427092308745
-0.033740381760653 -0.0749117694679275 0.0937638477596608 0.00399167106950381
0.0348731764259105 -0.0821095171355541 0.078760089043649 0.0856147828133229
0.108669438250041 -0.0340066645870418 0.0254223494232815 0.130778875291025
0.124796147353873 0.0698869531570306 -0.0309674586745437 0.131304177598134
0.0853274408287957 0.152185683444187 -0.0120884862763685 0.134825511430238
0.0506711397608939 0.151196365292587 -0.00427801211170065 0.0241860813063502
0.0948063748745572 0.0856184363649497 0.0600650020403946 -0.0696377343056539
0.105585670980826 0.00649476202026953 -0.0586723761685174 -0.132381838126672
0.0579045916062708 -0.0657653821929202 -0.14754370955672 -0.0253280179242238
-0.0105448838190099 -0.084966663436774 -0.0888780841444593 0.0886819349352809
-0.057775888652799 -0.0536720203152589 -0.00313656679177586 0.094492156338857
-0.0627460966572964 -0.0172179046203499 0.0291594554056736 0.0528606794883794
-0.0617781850450185 -0.00666062989377657 0.0325954096121325 0.0111610757092013
-0.0642362175829613 -0.0112876004405463 0.0294857078638388 -0.0196320080842461
-0.0810462905263312 -0.0397646925809537 0.0468172098832595 -0.0456434667104169
-0.0519962088906434 -0.0885898299551471 0.0791077849823325 -0.0384691843425982
0.0248377662928108 -0.106868319107399 0.0976034600565623 0.0418036444500977
0.124327184429458 -0.0594407786910627 0.0562782589806378 0.110624193501182
0.152172139136368 0.069657080954593 -0.0130429571429987 0.119305154693898
0.0966557982382531 0.172301204177973 -0.0185847318158164 0.0847262208496814
0.0260824184996618 0.171522894890547 -0.0135866290963052 -0.0429226227973948
0.090130196461506 0.126288727279194 0.0580077232345659 -0.0909215311910043
0.129966837295417 0.0380770028161052 -0.0343198341261916 -0.155646980855632
0.0876703017630528 -0.0692776617810647 -0.128032754908636 -0.0699266741484499
0.000580583952546637 -0.101994299654141 -0.103902314975533 0.0407498522817823
-0.0634565975556625 -0.0680797232819297 -0.0365582965209066 0.0704299308887474
-0.0739631753104327 -0.0234935264742455 -0.00303068159382034 0.0469429183030635
-0.0679082312624734 -0.00754621467444606 0.00499066416714906 0.00800234620203824
-0.0673283618716085 -0.0101838364954041 0.00166661131890879 -0.0226057344449886
-0.0840105209670597 -0.0399242423815979 0.0164495437113571 -0.0582395912031994
-0.0599008207243699 -0.0903409202536971 0.0557656894499524 -0.0720608164261942
0.0149878927174515 -0.112336002688973 0.101901454053906 -8.73289553578876E-05
0.119888621517048 -0.0682874683900095 0.074329682179176 0.0850261444522884
0.151023989816273 0.0647631007614449 -0.00451110444229022 0.104056526667669
0.0906064031765117 0.166946034185184 -0.0309568076325616 0.0325794219502596
-0.000381314898225718 0.157441650667859 -0.0136903811619065 -0.112353216126378
0.0630097766736664 0.13736696152642 0.0579688264793912 -0.115086883392312
0.11884550188439 0.0631078600127688 -0.00355155145156291 -0.163893334188443
0.0961051081115358 -0.0527673396027138 -0.0902562531922346 -0.106882469489161
0.0125667633209013 -0.0962127694289048 -0.105946958428578 -0.013699816222479
-0.0560211347433436 -0.0688085226016212 -0.0676197066172595 0.0390942157259087
-0.0720862605762871 -0.0253117033515954 -0.0368633459239202 0.0385056153247639
-0.0636905009327618 -0.00828967964052225 -0.0223791047621223 0.00418677357921674
-0.062195136086005 -0.00933538017395007 -0.0253045510792924 -0.0253321425951181
-0.076168881548202 -0.037196953273656 -0.00927258306965492 -0.066651490001672
-0.0530184396983039 -0.0830188902617088 0.0342148226212447 -0.0931318741187133
0.0153711660462668 -0.100577317992487 0.0977601236825619 -0.030469934092747
0.10693301077087 -0.0539021856701993 0.0797422230546467 0.0624698442564635
0.124770820385502 0.0644637617249465 -0.00262418939911788 0.0872225205495413
0.0632700123691469 0.143622264102486 -0.043312091906334 -0.0137522049774854
-0.0196881371693491 0.110467589227883 -0.00662270608539046 -0.165647264655266
0.0263752639167037 0.110458384472018 0.06052821202653 -0.131114781846911
0.0785006922268387 0.0637482345274781 0.0233691054536809 -0.158500860578635
0.0762923958498578 -0.0285580513976913 -0.0502415146681643 -0.126492907140245
0.0160918276136948 -0.0700722432329794 -0.0979069413515823 -0.0571398744865923
-0.0395139274099311 -0.0549626344370015 -0.0905696647798373 0.00937877784769628
-0.0569284685158662 -0.0222741385754585 -0.0648633626234066 0.0277900932563305
-0.0501867698167929 -0.00817600050679244 -0.0466648867727027 -0.000260271145117838
-0.048982476229666 -0.0075911075806322 -0.0468484686661031 -0.0296103199210497
-0.0584778538955056 -0.0319560335638118 -0.0279203608490164 -0.0746766927280986
-0.0377154065652136 -0.0691864804501722 0.0220880693397354 -0.105282573478001
0.0206774144007249 -0.079104243396452 0.0950631335227474 -0.0471274147119213
0.0897843985423405 -0.026649921279737 0.079519746913145 0.0484087726142559
0.0829680848826059 0.0659140261649165 -0.00315447683310599 0.0702183624031055
0.0239457421068186 0.108166954525006 -0.0476401365503377 -0.0504266531323635
-0.0304860981150154 0.0429783021227472 -0.0012440618057385 -0.192856233286107
-0.00609150252836086 0.0583602835545524 0.0591701954587755 -0.137593521443113
0.0282615721953371 0.0424464195686355 0.0383511014504273 -0.149023015342185
0.0390890194323241 -0.00610756399440608 -0.0265777418846704 -0.133185242847441
0.0124806157055669 -0.0327131735415796 -0.091639301324225 -0.0790762870252182
-0.0179118965369156 -0.0305208611024366 -0.104534419421289 -0.00837966015793451
-0.0319968999740478 -0.0149486000787752 -0.0842313197978361 0.0203770599516967
-0.0295417603410837 -0.00675664342482905 -0.0632899329365104 -0.00471483265853096
-0.0307045894039244 -0.00457953318455162 -0.060956016553641 -0.0359425505523633
-0.0360153070448258 -0.0219814159464796 -0.0382541162229198 -0.0830072637882347
-0.020123125541015 -0.0491808079788243 0.018873990488877 -0.112854824496442
0.0241266901874049 -0.0532901906756278 0.0973682869164293 -0.0545230304566143
0.0663094079677412 0.000538659661652271 0.0780724091475262 0.0417105172931573
0.0367682334703738 0.0600966810261182 -0.00413751981508016 0.0585201992170196
-0.0172141384668429 0.0617413626418816 -0.042239639903407 -0.0752597891452111
0.0406661648559832 -0.0149731757020979 0.0636836343473931 0.106091605984548
-0.00310960100619926 -0.0344575768616095 0.0542882285818015 -0.0608774140093369
-0.029664376891083 -0.0111917589318109 -0.0797835209594225 -0.0572468747791327
-0.011970877751263 0.0180383889900022 -0.122962204590257 0.0585661388520767
0.00321540373726406 0.0123871989707275 -0.0244544136096139 0.133357171157608
0.0100983571046808 0.00682158010490631 0.0569064698846053 0.0969105104141951
0.0107966962989293 0.000557186683164543 0.0761685792488016 0.0484454912608215
0.00243225799861313 0.000752336269267278 0.0783920279487116 0.00890519983884857
-0.00264600935759712 0.00383239096281902 0.0867174885615101 -0.012213905868004
-0.00951982544921109 0.00496637676128458 0.101697798824194 0.0048451752549707
-0.00768930655137298 -0.00600161360326229 0.093183165992576 0.0705532660352817
0.00102715738188659 -0.015038079713539 0.0307831983612159 0.132388111897963
0.0169998281619589 -0.019116972843705 -0.0322969363758561 0.13863421195448
0.0394101534560825 -0.000762426686119629 -0.0722363633507194 0.146359786462259
0.0525545408937414 0.0313737104520153 -0.0112257609743709 0.198734679189267
0.06223133691233 0.0426256184342166 0.042705934169147 0.102507690806358
0.0378183473644223 -0.00872901304034 0.0576085929405292 -0.0557794349204663
0.00900949042210364 -0.0205185907661728 -0.0807709361185096 -0.0736464889633951
-0.00154432503825761 -0.0123298863540456 -0.135296580213177 0.046631436434326
-0.00960714585038936 -0.017555247700383 -0.0384294583445083 0.134408873141566
-0.0166281911929191 -0.00976752632792292 0.0499029379561596 0.104421024677102
-0.0159456720533314 -0.0024663449625386 0.0713693081349199 0.0514000393512999
-0.0240229690583384 -0.0011426498237101 0.0723712729519877 0.00961577221856741
-0.030511081569892 -0.00308500956214811 0.0767142826554149 -0.0151261311194277
-0.0407467479583622 -0.0167023457181649 0.0929011769444697 -0.0111108251570287
-0.0193031517216742 -0.045489505790662 0.0984055406016582 0.0415225101231079
0.0267811333299427 -0.0494259031000608 0.0559472558378622 0.11646312934041
0.0704654774241625 -0.0175419976836525 -0.00414313119838596 0.140071532638099
0.0840717946941599 0.0460187966295246 -0.049523259651149 0.142369119361378
0.0723846269604691 0.102103996781869 -0.00541630897320953 0.17663856352608
0.0685219634357048 0.101669430617473 0.0197695579094923 0.0755628186399869
0.0753512392151563 0.0319154542886618 0.0600339028061988 -0.0599215362621762
0.0581258017561552 -0.0177828376751404 -0.0778191770841567 -0.100607662841103
0.0220041941423666 -0.0445657106799305 -0.147675335458135 0.0219876266747826
-0.0174434509597635 -0.0521844302831652 -0.0602977297326628 0.124067409309932
-0.0419712844956699 -0.0299992088115624 0.0314565601101108 0.105029634285871
-0.0423148798168888 -0.00731417817462927 0.0566906610015632 0.0526043790212925
-0.0466199211730012 -0.00281753455431871 0.0567709069225966 0.00967104912476707
-0.0526560620123398 -0.00674838016381742 0.0556889566107554 -0.0186943521880576
-0.0677009997445412 -0.0298010039540106 0.0724565373743754 -0.0311412387203605
-0.0389665368448626 -0.074014068718464 0.0944805878010682 -0.000493170230202323
0.0303622358908976 -0.0848485857120846 0.0841334955665537 0.0828389410566443
0.107683582142858 -0.0390712052400879 0.0328529225063687 0.13151519346472
0.129848648775867 0.0648075866489389 -0.0251668342462631 0.134462746966968
0.0945117843809899 0.149684380752737 -0.00539176889079317 0.134947627586797
0.0582694958974621 0.149305518450635 -0.00167566531710633 0.0248104581305974
0.0991920238267795 0.0811326533232835 0.0595913231650519 -0.0738232268872281
0.10680233416626 0.00111805804450861 -0.0659188699647546 -0.132019186796127
0.0546589335099978 -0.0692502264183796 -0.150638619202903 -0.0185837516682951
-0.0158533669267801 -0.084892405449077 -0.0850629448193008 0.0945296974300974
-0.0607582762968926 -0.0502017556449357 0.00207613782609325 0.095719385989176
-0.0648766758870263 -0.0134713008665473 0.0316558762462861 0.0526013576503279
-0.0629008497986541 -0.00359363046965937 0.033415414841956 0.00942193441137627
-0.0657684603520733 -0.00771865565013807 0.0291378685310321 -0.0210786958944211
-0.0844379120539535 -0.0351162445738367 0.0442334599369478 -0.0481745374910547
-0.0583271950718494 -0.0870212308046581 0.0766866475872799 -0.0427196770617056
0.0189532704876575 -0.109220733692625 0.10188598827724 0.037928170639539
0.122218240812085 -0.0656500409331142 0.0640447964148195 0.10973445452484
0.156901569394097 0.0626991926786124 -0.0071360111860353 0.120605678688402
0.107631439338648 0.169064614938562 -0.0142684871025716 0.0854411903305275
0.0344676473183066 0.171268167229918 -0.0144878558030106 -0.0422756907985762
0.09768527752104 0.12294046320084 0.0566512901390711 -0.0947515850400371
0.133541610503672 0.0322651036524861 -0.0419452576125889 -0.156026013784084
0.0848973456526227 -0.0752804859233598 -0.133103703708414 -0.0649700442253121
-0.00603701435148463 -0.102635130856146 -0.103002688937081 0.0466878047687452
-0.0675938655396162 -0.0641831430537649 -0.0328862210721258 0.0734421568016096
-0.0758806479474149 -0.0191507029123309 -0.000374538718593617 0.0476944174996451
-0.0688293193393316 -0.00450920767840898 0.00529761010839919 0.00818069964217374
-0.0687474342874177 -0.00674926545755955 0.000326620564216125 -0.0220960971545787
-0.0879034794531512 -0.035125061645816 0.0134383211928937 -0.0592828298797316
-0.0661440973515904 -0.0873895124051516 0.0516809377736258 -0.0751308049124969
0.008884600784377 -0.114009839297188 0.103619807510117 -0.00481973842965401
0.117748149835809 -0.0747138151507139 0.0804125226897455 0.0826231492023292
0.155979316139865 0.0573020170670334 0.00094848195260669 0.105336669276949
0.101293994800294 0.163288878888668 -0.0293762047528217 0.0333805273882421
0.00689369155984199 0.157947044238305 -0.0181956080638752 -0.111460926837267
0.0702869455551533 0.134355660914072 0.0555572297863795 -0.117883027174226
0.123545435510662 0.0579535980760302 -0.0112548244331936 -0.164967159676683
0.0935277379438419 -0.0587544297853666 -0.0960877535063177 -0.104276576594448
0.00645803896796421 -0.0978005429513721 -0.107646617051851 -0.00828424702915833
-0.0611508359930979 -0.0658559020143753 -0.0657605969101173 0.0432403720638222
-0.0738972143413004 -0.0209432663839125 -0.0352110596588585 0.0402503448261761
-0.0653073363105321 -0.00564530819270129 -0.0230362054657296 0.00572701489238375
-0.0622831859226819 -0.00578824967116099 -0.0262759224165276 -0.0233802797403261
-0.0787271224065727 -0.032868316939546 -0.0131812931463953 -0.0663280552576197
-0.0589378989359108 -0.0802011716015208 0.0286952932326057 -0.0943112549444566
0.00918610889659801 -0.102159882209722 0.0978938808200715 -0.0352642684331353
0.105266547456988 -0.0598030852305433 0.0850031151538231 0.0598183518489755
0.128781238653323 0.0581246032924044 0.0018066264943821 0.0880776271090561
0.0721666923192172 0.14194032352873 -0.0445364155397109 -0.0122645479272775
-0.0152806109403018 0.11158802599452 -0.0141315157167052 -0.166126552567806
0.0320588837643483 0.109200257559405 0.0564803879276327 -0.134721253666169
0.0825963607964371 0.0604333061260302 0.0166813258360174 -0.16127323663931
0.0750471174413056 -0.0333905451484485 -0.0565910837251274 -0.126675122118417
0.0117285785093876 -0.0713561523396823 -0.102010876573704 -0.0528918765408451
-0.0431509928374013 -0.0525865894113316 -0.0910309165692328 0.014714197298215
-0.0585016626774105 -0.018667834879809 -0.0649062554135887 0.0321094661934963
-0.0508880028434638 -0.00634344694726269 -0.0478154338575678 0.00273564018315132
-0.0494119568072009 -0.00556792841226491 -0.0483773838627971 -0.0267338701609303
-0.0607107406502966 -0.0288654854071276 -0.0323369094771124 -0.0740572582212959
-0.0426756147361439 -0.0671976797213271 0.0155417482231674 -0.106888953270927
0.0164574226994655 -0.0807245258410008 0.0942352121249129 -0.0524771066753765
0.0895681887123012 -0.0318706348543362 0.083833367202339 0.0452468180404818
0.0872531829723906 0.0619256515815043 0.000781707190281509 0.0714729474907105
0.0303783405564173 0.108031964589634 -0.050943676312959 -0.0488802558363572
-0.0291863009486185 0.0444041997550287 -0.00993837349323609 -0.193675318563927
-0.00288746756373602 0.0583136084165726 0.0538886423212974 -0.141654274461432
0.0316835432361878 0.0413110251166277 0.0324696614259007 -0.152365415787612
0.0389307006994983 -0.00770423369697356 -0.0325660735691352 -0.134891595750505
0.0101897032703216 -0.0337984188694752 -0.0964159213637648 -0.0757947331640466
-0.0200871174950292 -0.0292675564592995 -0.105997699317075 -0.00288616331092064
-0.0327717781746951 -0.0126656857667244 -0.0836981406981335 0.0257545840548659
-0.0298149336569367 -0.0059950985894399 -0.06449554549586 -0.00109437434001889
-0.030611592710053 -0.00394520260987842 -0.0634338194167796 -0.0322521308455721
-0.0373315690242271 -0.0201513327398413 -0.0427979170850572 -0.0815950509091136
-0.0225576548898961 -0.0481759096188788 0.0117150988673787 -0.11476443536142
0.021209325328916 -0.0548805109278246 0.0954902424549968 -0.0597668310171621
0.0675745842084053 -0.00283023117205612 0.082475284275609 0.0395152672758142
0.0402370042706232 0.0585513456806123 -0.00090739199475898 0.0593414766527244
-0.0138833899336248 0.0631686954417091 -0.0475512491281604 -0.0730168036255855
0.0385965438232754 -0.0166500485141009 0.0678386260564963 0.099462039037365
-0.00530664160016515 -0.0332984003986571 0.0508731863064593 -0.0627928381579615
-0.0300083675434132 -0.00952063802495827 -0.0796841684669183 -0.0532108685497283
-0.0111319263291934 0.0183643961370192 -0.117380823818628 0.0625808150398733
0.00351817943345036 0.0122091681955984 -0.0176436811223094 0.13131043668738
0.0103614208178723 0.00575725461866023 0.0593481268388465 0.0914329133262934
0.0106873434801822 -8.59133009058939E-05 0.0768350674302454 0.0437790661402359
0.00180650267934899 0.000330434512058537 0.0770993311578365 0.00480814785532359
-0.00244626450948092 0.00444856222393335 0.0845455676297707 -0.0166484923906433
-0.00855873647220283 0.0053008718838161 0.0998479412190229 -0.00019431430691817
-0.00825142949977582 -0.00598150665341195 0.0946743728373096 0.0650186962161094
0.00010043787412747 -0.0145924356838201 0.0356668445460983 0.128144521678458
0.0163590603638256 -0.0192060629870619 -0.026687277562834 0.135898693767502
0.0383930679432002 -0.00169982594111738 -0.0652477666791649 0.145761424666967
0.0523769585648 0.0281627255248801 -0.00277898785859034 0.192838342473233
0.0624211104151342 0.0384012411506681 0.0473427474351625 0.0967600756522543
0.0358093922880927 -0.0101893425947505 0.0551947415875618 -0.0584481626605583
0.00707610844550677 -0.0204676394104053 -0.0808803759187195 -0.0690278622103473
-0.00176915266255404 -0.0116288770717323 -0.129808947790194 0.0517113531738003
-0.0111910013134557 -0.0162008837708741 -0.0309392218200494 0.13353067189664
-0.0161617112108977 -0.00832168550055375 0.0532157154784978 0.0981967510922706
-0.0158871753877137 -0.00179893004790998 0.072466099816886 0.0469897303664146
-0.0236759603540548 0.000148282082264411 0.0715624190988133 0.00562346341771024
-0.0302794682665561 -0.00103098909025973 0.0739200291760943 -0.0182538713243172
-0.0403592433798018 -0.0145282151423621 0.0895804021178349 -0.0149523848307603
-0.0209023039973326 -0.0435143837960579 0.0975172459205338 0.0365983989477095
0.0235857583512238 -0.0490662551848394 0.0593460834438198 0.111057156079932
0.0677768432207945 -0.0200430207089911 0.00134810890349923 0.136207143507579
0.0841329152970831 0.0417618559029938 -0.0430629993748133 0.140153340295155
0.0753011297080783 0.0956063637247957 0.00206148931382879 0.170806707845828
0.0707247632288597 0.0957561052231548 0.0242236128166391 0.0717897087648216
0.0746537393782914 0.0274440372087968 0.057629884115958 -0.0622766893978804
0.0553429625439033 -0.0195418536986663 -0.0797839909461485 -0.095094667387907
0.0192316948937426 -0.0442166781528924 -0.143329283371165 0.027702223432161
-0.0199956001310022 -0.0497105386499458 -0.053080401905711 0.123719876020279
-0.0423899840606789 -0.0266365947830503 0.035679039228609 0.0999867392481148
-0.0416814274424184 -0.0054097961121451 0.0572712647676007 0.0486726458197913
-0.046079954508883 -0.000240261570268786 0.0561569447919833 0.00689948256054921
-0.0515466693993319 -0.00401788881446243 0.0539778877427308 -0.0208214937763035
-0.0677816365139149 -0.0252452554681455 0.0688382630934807 -0.0330743531677052
-0.0418707904146592 -0.0696019644384697 0.0911133982586222 -0.00417942819359641
0.0256171033573588 -0.084338622286036 0.0854907694528715 0.0772398068452211
0.104167522989595 -0.0422649247051052 0.0373856303439722 0.126577261630091
0.128654126016431 0.0576566812588114 -0.0187886751860851 0.131724588945977
0.0994683846433336 0.141050951945562 0.00124910588307722 0.13099144432766
0.062341092588241 0.142436893945486 0.00176766630724915 0.024547935307737
0.0998574649275961 0.0741788297281156 0.0572015289007869 -0.0749627812321613
0.103890118157364 -0.00342620264746988 -0.069426042348871 -0.12554942571893
0.0498705456374592 -0.07037020347399 -0.147988813096394 -0.011750416329011
-0.0198734449093973 -0.0812110272799067 -0.0786553797451879 0.095237546316795
-0.0616874042953975 -0.0453581067615137 0.00751767050679022 0.0925630291616391
-0.0629020661761912 -0.010297076087445 0.0331752988196494 0.0491912957044578
-0.0612008150795889 -0.000725424950050669 0.0332504773286293 0.00756157372481549
-0.064446591938287 -0.00390503445999706 0.0282707118473608 -0.0215621339675314
-0.084070876932538 -0.0293676696336784 0.0405797992158572 -0.0482234706345872
-0.0617359931750054 -0.0812637785416463 0.0717810659065391 -0.0435982602181778
0.0128899443934921 -0.106802445441642 0.101530159770164 0.0327232125839821
0.116196271888393 -0.069175904683765 0.0677217035031197 0.104000586655469
0.155793825183796 0.0542807126094934 -0.00192940675917295 0.117432941548584
0.11286164760068 0.159213580405587 -0.0100867648121231 0.0822436158509541
0.0397899871026654 0.165171874459789 -0.0143494884560476 -0.0399145140327059
0.099228591667498 0.113769829937966 0.0534937561068667 -0.0947244762513173
0.131724966393947 0.0252740501318729 -0.0477102102854321 -0.149867655421702
0.0787009408262007 -0.077345430546338 -0.132058223421714 -0.0585382704439366
-0.0109866791647625 -0.0993569731059185 -0.0986467986466049 0.048826407558094
-0.0687558323766345 -0.0579846483930301 -0.0282901348057976 0.0726365582442267
-0.074040811318011 -0.0145445648450726 0.00130899206003903 0.0468623213492752
-0.0672722423093666 -0.00180117930140522 0.00578070446925466 0.00801933184011654
-0.066753579701745 -0.0035144312385391 8.84958608881788E-05 -0.0213541038726034
-0.0875960627720533 -0.0291107034775465 0.0106920127506452 -0.0581894307565013
-0.069188934333452 -0.0809177204846287 0.045377202755632 -0.0737703770151835
0.00239989496248536 -0.110570381563983 0.10119978406971 -0.00905936547332629
0.111627400842647 -0.0775471370750877 0.083383913814334 0.0769608611301487
0.154102292241041 0.0488058619223272 0.005262787763657 0.101363588853765
0.106743294824694 0.154288903204655 -0.0279490041181325 0.033307103685015
0.0132646520248442 0.153501595928752 -0.0210456977831342 -0.106977931210336
0.0737066767113156 0.126852059023533 0.0506510041681155 -0.116515799103028
0.122677297450408 0.0506254004896482 -0.0174078037889274 -0.160021005523025
0.0884578360804884 -0.0615787522154226 -0.0983060558485485 -0.0980920090440912
0.000754041608538941 -0.0953765805660491 -0.105367411691339 -0.00373417120925818
-0.0618809330505377 -0.059944212582231 -0.061703845185445 0.0453492613577721
-0.0726422800239243 -0.016711418669835 -0.0320755217738127 0.0412146987651661
-0.0631731550059434 -0.002891211831931 -0.0216441448452196 0.0070893159615877
-0.0609035059694798 -0.00356373853742306 -0.0262536272057025 -0.0212288459624887
-0.0787260812332928 -0.0274331448517635 -0.0160274237734769 -0.0638674905601802
-0.0618493475407183 -0.0746694683983601 0.0225993178374426 -0.0926848437133066
0.00391599611400868 -0.0989447468731174 0.0945487646197502 -0.0386039781438051
0.0997307375122753 -0.0625003285177476 0.0865862285828455 0.0546202172544012
0.128100260084991 0.050694906514798 0.00538576108618181 0.0845539533891666
0.077228628278174 0.133944598136355 -0.0440132288575451 -0.0108111436830236
-0.0104636617520963 0.109256952670213 -0.019513196749004 -0.160098892774721
0.0357446223954248 0.104470618371794 0.0499786287759803 -0.133036930959712
0.0838434475650788 0.0548109001040424 0.0100590275215057 -0.1573156466823
0.0711378773473331 -0.0356522098292615 -0.060102166736975 -0.121387223975498
0.00741900236388192 -0.0702424273914874 -0.101465501368452 -0.0473964629778938
-0.043782378624445 -0.047927977846766 -0.0875573913327092 0.0186811126312856
-0.0570587056051063 -0.0146885863125702 -0.0613908716460532 0.0344884642475032
-0.0500455866710242 -0.00422893161537654 -0.0462847635556696 0.00528295485937063
-0.0480826095000126 -0.00334082372236055 -0.0479390345206108 -0.0236337323053248
-0.0604193479626389 -0.0247395307758906 -0.0352522941526422 -0.0700589829876715
-0.0448575904872403 -0.0633490667748059 0.00870389304209716 -0.103820567700598
0.0123786406520786 -0.0789512927582852 0.0891512883057712 -0.0554965569355151
0.0858214300875628 -0.0346498979723715 0.0848505210829869 0.0401020295659154
0.0876164773003458 0.0559746553750363 0.00336019196132533 0.0690662898971213
0.0344423671240895 0.103045685259913 -0.0519616733952807 -0.0455877468080932
-0.0266479864934977 0.0434412966929104 -0.0182280849965612 -0.187634328557735
-0.00109625263487205 0.0558069492539684 0.048286670415198 -0.13840990847406
0.032777301713647 0.0382927512915574 0.0251156804183825 -0.148422442184463
0.0372662217435909 -0.0101334571238597 -0.0376656819389971 -0.13033773938565
0.00785290564954102 -0.0336072131733527 -0.0977743780974953 -0.069994647984599
-0.0206860381941412 -0.0265346373932526 -0.103404701019103 0.00276068250840095
-0.0324319773152518 -0.0102515821590459 -0.0799288276909114 0.029626775442015
-0.0295973321080097 -0.00492720456297503 -0.063065232732911 0.00244628721777576
-0.0292107835827839 -0.00236018801015444 -0.0624989770600744 -0.0278334006362809
-0.0371877566377233 -0.0174648945343519 -0.0459138170693579 -0.0768960420045628
-0.0249533350615789 -0.0456011064210158 0.0053235845212441 -0.111362280825411
0.0179715458918543 -0.0542228493905116 0.0899768643581154 -0.0628173676619786
0.0658721685222986 -0.00631072827921331 0.0825692975443206 0.0351671722475191
0.0412472370694975 0.0549748288579706 0.00096340496296052 0.0574153865967913
-0.0105069340339192 0.0624250792613907 -0.0504569270551244 -0.0682955726848881
0.037322869247414 -0.0103604195966234 0.0555971665908249 0.100976614585744
-0.000624548062438991 -0.031008083094976 0.0567754581638603 -0.0566529931629732
-0.0260995527667952 -0.0126814273165341 -0.068218580160072 -0.0624574975480732
-0.0129196650579574 0.0152731160205201 -0.116875796933498 0.0433923278031011
0.000759339400843255 0.0118133260963821 -0.0322446839242169 0.120711590100435
0.0080614778100556 0.00571677424696322 0.0460087092851715 0.0933391931655269
0.00959219638722127 2.03541164306444E-05 0.0675145889326165 0.0504133467849898
0.00196463205429819 0.000276254363741452 0.0734003999052392 0.013935645206113
-0.00336979079067138 0.00364766135041887 0.083212927348022 -0.00591974421991566
-0.00933682438799626 0.00351292290706347 0.0959913955620375 0.0119948006629812
-0.00713738312768197 -0.00781045897208577 0.0838722985273262 0.0750801078464863
0.00260626386493447 -0.0157862350469483 0.0189582924608488 0.129488006538735
0.019506125834975 -0.0169874576100229 -0.0452845088768509 0.128000851037687
0.0379987599551067 0.00313152708937323 -0.0835599058395484 0.133315034088827
0.0478916595778343 0.0321174844183601 -0.0294598085465393 0.187816290093421
0.0521414898420238 0.0435875414868876 0.0342189322428099 0.0992862189888548
0.0345277118915096 -0.00464817954359539 0.0606587889423114 -0.0487290359097371
0.00981736959758845 -0.0174361918662201 -0.0665759728913285 -0.0755220584526143
-0.000133557896717206 -0.0114555079868775 -0.12559647155343 0.0326320392048712
-0.00869769741220891 -0.0167622587030209 -0.0435662782868315 0.12053494851553
-0.0147297252322946 -0.011005750697436 0.0392836459932665 0.0979068869774186
-0.0146724754210307 -0.00480195026738269 0.0634445480643806 0.0524847586300549
-0.0228701501972174 -0.00350900257791287 0.0680571793555435 0.0145537948515179
-0.02973435657474 -0.00477915418496471 0.0740628994024921 -0.00870781914670297
-0.0377969360377624 -0.0188167959609876 0.0885128544800575 -0.00253844871622698
-0.0149932699864892 -0.0447261812582124 0.0894605074560341 0.0497856480245156
0.0286687105382047 -0.046031444527644 0.0434866289566844 0.117037208031437
0.0692031205818497 -0.0122991308227538 -0.0192777051152267 0.13155424403402
0.0764472287279398 0.0499556940065046 -0.0637225442964295 0.129333383996886
0.0621153401342626 0.100469657107014 -0.0241397882711918 0.164097505667139
0.0531054858297582 0.0971808376984988 0.0121560879026986 0.0759475592361985
0.0647815262779039 0.0357037457069154 0.0642064955100069 -0.0491003026257442
0.0544779280335161 -0.0103102653862992 -0.06128077072008 -0.0971002930055072
0.0235571639836937 -0.0391691710247846 -0.134074898959677 0.00879808696867486
-0.0121325168874953 -0.0495203874596436 -0.0615173908063655 0.108769319081637
-0.0366646614120971 -0.0309876430149424 0.0226260376657417 0.096718173464827
-0.0389399495158662 -0.0107462804709088 0.0493184845290151 0.0523269408556425
-0.044199605644468 -0.00690731831907825 0.0525496881982783 0.0135058363151014
-0.049231787779514 -0.0102545481696801 0.0556978763183883 -0.0124079794575956
-0.0620061544263888 -0.0318240437921192 0.0717135416157848 -0.0220023164510673
-0.0322313515962985 -0.0722331026486656 0.088569622905876 0.0114820120217313
0.0340723383753748 -0.078818453338376 0.0740952494823753 0.0886471037959738
0.105718361297866 -0.0295345335163344 0.0164723104902172 0.127572629014261
0.117580209931082 0.0708145511884966 -0.0408342481300894 0.12307529486516
0.0802189828290735 0.146960325546896 -0.0223333268532111 0.123657357891802
0.0393592947448557 0.139937092536068 -0.00683540435128633 0.0303558608034495
0.0818416875641165 0.0824846253338008 0.0641593250372361 -0.0583625935614207
0.0975893727310666 0.0114745410383828 -0.0474176135265741 -0.121239378258399
0.0567470697576678 -0.0589667914242409 -0.132908192662644 -0.0266285808196022
-0.00754575052910373 -0.0792745014353602 -0.0807645332407142 0.0801869688565384
-0.0520318115310942 -0.0510272513439801 -0.0030063029651703 0.0846850599586764
-0.0577245041876952 -0.0172649154839623 0.0263152633006559 0.0497937724678472
-0.0589011088038219 -0.00890948189637083 0.0306565529227748 0.012047969537363
-0.0613290638969143 -0.0122130661025859 0.0310949618311077 -0.0159190787779324
-0.077287625965968 -0.037756152321579 0.0465333114312195 -0.0393877196125166
-0.0498429585247781 -0.0853965573524258 0.0747787444238471 -0.0294387136786381
0.0248383406176037 -0.101861700127464 0.0945982862216997 0.0478955082074094
0.120545450673646 -0.0540592769420829 0.0480441806976752 0.109913008249833
0.143127509275 0.0698093302153973 -0.0233658009858963 0.111553137488885
0.0911564119880525 0.166445234058008 -0.0281582693723498 0.0744418211452781
0.0155264213434506 0.158282425622392 -0.0166707353587913 -0.0318489699434336
0.0765230453513844 0.119128669118389 0.0611576730873854 -0.0758639159018148
0.120054571671334 0.0420735157840299 -0.0248582918845592 -0.138267062879748
0.0848520914546396 -0.0607907182802811 -0.112703627311143 -0.0663702694519419
0.0038177443580325 -0.0952752261948135 -0.0933951128800808 0.0355208846550946
-0.0564037857834334 -0.0635662528079241 -0.0330414884657954 0.0619465084313247
-0.0685598798302952 -0.0226827053585021 -0.00319277804803415 0.0442293137349546
-0.0642977090469203 -0.0104757592957342 0.00420452838141371 0.00851364801449978
-0.0631540814599458 -0.0119660332244583 0.00396658194525544 -0.0189272641627857
-0.0805410495609421 -0.0374265556659222 0.0185385241774937 -0.0517110810375556
-0.0570122285654743 -0.0860987169374041 0.0530785022428631 -0.0605499074543528
0.0148895427388319 -0.106048259037312 0.099779186255232 0.00735230128059677
0.116100944925164 -0.0631049390674038 0.0668472163706254 0.0864162007502302
0.142542951142564 0.0642938583131287 -0.0145696299053448 0.0968390722924071
0.0855652210320048 0.161010961177302 -0.0390073438572145 0.0242077404429422
-0.00792293350019935 0.143580020343142 -0.0150414507790274 -0.0969492171183149
0.0508035524964104 0.127656383510239 0.0596218380197271 -0.0970459238852761
0.108418212618264 0.0640453082071973 0.00309426173263454 -0.144098403624479
0.0917942461857537 -0.0449583669858625 -0.076107726154546 -0.0995260828287423
0.0146466583729657 -0.0896236241930291 -0.0937907240727894 -0.0144067217638494
-0.0497228102585964 -0.0638568388595089 -0.0618203177455856 0.0331370247159296
-0.0663540043109171 -0.0240336204260931 -0.0347465797659192 0.0354246624773321
-0.0603791754038408 -0.0109093185947926 -0.0223230490048711 0.00518423746071491
-0.0577651920687865 -0.011263598974286 -0.0215383471723743 -0.0227583551215641
-0.0714822246100645 -0.0348238532729947 -0.00627482041873866 -0.0605293948718569
-0.0507460276825961 -0.0782376893160615 0.0335756696976931 -0.0827356284908936
0.0143156644441206 -0.0946706455951068 0.0967197474817964 -0.0224805567308098
0.103359666604329 -0.0498760504791511 0.0734939443073242 0.065186850888719
0.117289767092176 0.0632581765608708 -0.0107890292857969 0.0808575660299519
0.0598143755984383 0.138528225913024 -0.0483451613047861 -0.0193990209067343
-0.0237005467210292 0.0996165660347017 -0.00688460806506424 -0.148971633263749
0.0184308576697244 0.100506412280878 0.0607482440205956 -0.114107026298134
0.070843519389358 0.0626802000066952 0.0271852421737046 -0.139981879666941
0.07202683899816 -0.023195907401591 -0.0394845266564093 -0.117600370618344
0.0171343728978091 -0.0651175269456906 -0.0867327905881937 -0.0553528338522441
-0.0343283343914587 -0.0504419578310076 -0.0836741213886215 0.0057880567879906
-0.0525564614574686 -0.0203702356070889 -0.0613567905730259 0.0264058042260583
-0.0479357023665762 -0.0105642320389047 -0.0455316151531201 0.000406329851524913
-0.0449848355746606 -0.00945114573422519 -0.0425288957228271 -0.0274296090601146
-0.0544394374008156 -0.0296195134315217 -0.0237770219422252 -0.0692778798900121
-0.0357362239900383 -0.0649742386629376 0.0218528392593629 -0.0960684877362467
0.0195582300880237 -0.07355793936745 0.0940196167507272 -0.0404911946596797
0.0858625008257859 -0.0245079740877069 0.0745278662994194 0.0503597006382426
0.0779914616114459 0.0639867514758213 -0.00980017987100909 0.0648655299641116
0.0219415288981164 0.103664592929727 -0.0501280162274786 -0.0534964454050777
-0.0306134742531761 0.0369849957559686 0.00121009448745677 -0.176768288238678
-0.00837587025679817 0.0506865565729055 0.0588296798025806 -0.122965942046392
0.0259304832958306 0.0401196581012391 0.040545660413931 -0.133295384151889
0.0365438890481325 -0.00383356634262495 -0.0185429319029096 -0.125203980921923
0.0126379792745149 -0.0305109611586988 -0.0821907499034639 -0.0764873096714044
-0.0146884004628052 -0.0274141467314639 -0.0967566702555889 -0.0097587173343201
-0.0289046454956205 -0.013048651959235 -0.0789601174754663 0.0201662807248199
-0.027875238430525 -0.0086945591145615 -0.0613533950662574 -0.00375275699294247
-0.0273756567665065 -0.00646560831144319 -0.05695198125482 -0.033407966676307
-0.0330977782533315 -0.0206585928804839 -0.0338171480191367 -0.0778182060134721
-0.0188649913432683 -0.0456122247260904 0.0191264471678429 -0.104673209878021
0.0221872740790546 -0.0491373235153969 0.0953443469356473 -0.0478995932767139
0.0636638830175586 0.000339341061960865 0.0736592831543189 0.0443858504648002
0.0332550600909749 0.0575194008658449 -0.00841264010300145 0.0536703868785187
-0.0169047331376218 0.0589241251791558 -0.0428053038961421 -0.0754225838375438
0.0359032027783114 -0.00941929804144615 0.0530184924399231 0.0984946484404294
-0.000192861719338404 -0.0299224896570206 0.0570294105393325 -0.0551615029754508
-0.0253366178423492 -0.0128995608771798 -0.0650674702765316 -0.0636020804174987
-0.0126698280737754 0.014865212848298 -0.115140455541375 0.040132636901159
0.000509304458412896 0.0115366119040112 -0.0337492506167433 0.117882883944322
0.00803231426299244 0.0053793574758854 0.0423832564906638 0.0915573858206311
0.00931431226078944 -9.40142644651905E-05 0.0654839862670397 0.0503775130650052
0.00079654015376068 0.000578981317174066 0.072017067536536 0.0144506494509737
-0.00366621335240932 0.003377570608127 0.0815220608817913 -0.0044896488606675
-0.00965546379610777 0.003108362894814 0.0935016649468351 0.0134700261804776
-0.00708535584987844 -0.00766883392265439 0.0805740382017632 0.0757748734416257
0.00291864201217341 -0.0151680707576411 0.0152434195563278 0.127128653878712
0.0197776556131877 -0.0161534912120526 -0.0487015202611451 0.123989481554641
0.0376943336027751 0.00434262264058285 -0.0858945306136598 0.128194382888215
0.0461646549524657 0.0325615543939084 -0.0336512505814109 0.181895819068518
0.0500773658137883 0.0437054138287146 0.0325324418658464 0.0958144724212271
0.0333421010369625 -0.00361696175555122 0.0616408451693903 -0.0475021176013162
0.00961697328714628 -0.016787667387537 -0.0628883344582451 -0.0762610217692383
-7.32174687648971E-05 -0.0107790260555255 -0.124111421156938 0.0286104917685726
-0.0083398175764436 -0.016570144002929 -0.045435032125335 0.116967943451101
-0.0144681963613484 -0.0109804863523732 0.0362304169827545 0.0958232603580882
-0.0145228506551119 -0.00465547915584571 0.060989952239625 0.0525646198673409
-0.022643236469985 -0.00343357074732399 0.0664304215215204 0.0148221334381595
-0.02898474655268 -0.00485774203633624 0.0730266823237142 -0.00723812139679802
-0.0361764636910963 -0.0187102101355927 0.0866309056572516 -0.000790518072428769
-0.0145158360318404 -0.0441053554429881 0.0868761356343749 0.0512213330863016
0.0291172653986982 -0.0441079070233244 0.0401834473897214 0.116284349664247
0.0682894747027725 -0.00980284541322043 -0.0223163773783048 0.127621536325482
0.0734124984885252 0.0511295699430212 -0.0656344236870659 0.124596802517195
0.0582301245283656 0.0996951850301108 -0.0275512725386181 0.158630348854025
0.049135969006285 0.0961736586325273 0.0114955318181708 0.0735687050829107
0.0616972516975891 0.0361376309754711 0.0652651741508395 -0.0475792565848585
0.0536788226059211 -0.00887415875359497 -0.0569805987623477 -0.0970054541539176
0.023903013880458 -0.0372699684923635 -0.131739430934365 0.00546520554762175
-0.0114156045094213 -0.0479836284446966 -0.0631600819784958 0.104629174162447
-0.0351932610097619 -0.0306054689540192 0.0207343929888041 0.0940261027477876
-0.0372793849018427 -0.0115168411088488 0.0471979642692015 0.0522399549995282
-0.0435485928782584 -0.00695658702930647 0.0519522396581471 0.0143433835082715
-0.0486124158431122 -0.0106350850120261 0.0551742194301645 -0.0111174833911467
-0.0605287194661296 -0.0316652172697441 0.070619240256685 -0.0198390086237993
-0.0313567592485712 -0.0708061681866784 0.086174619997048 0.0137644914223578
0.0345580427711626 -0.0758202057786222 0.0705880880201437 0.0889926010263668
0.104344636621965 -0.0269194156457199 0.0131566531058657 0.12472849789307
0.113325249791775 0.0719414998267382 -0.0434143030899115 0.118264260215989
0.0753287908670445 0.144958105987587 -0.0250185346408466 0.119306753210324
0.0343228481062651 0.137390562365655 -0.00576438941081378 0.029388207302568
0.0770218021008798 0.0819668697684648 0.0661928247285541 -0.0560120868061014
0.09507363785975 0.0133159084129161 -0.0420866155303669 -0.119407730072379
0.0562255502616476 -0.0559269426336474 -0.129797611022332 -0.0295056295418756
-0.00633673726294793 -0.0771761135674209 -0.0810895469809438 0.0759001758752295
-0.0502966466840286 -0.0496856521932352 -0.00440409148603326 0.082673446826954
-0.0557362512137732 -0.0180386154472427 0.0243270079005625 0.0497852680382634
-0.0579388371198555 -0.0096983686534423 0.0303759107405472 0.0125200485348879
-0.0598741585464428 -0.013468463460872 0.0308950320427649 -0.0152373802200601
-0.0751266522364141 -0.0372778094477001 0.0458689519604894 -0.0374250091046836
-0.0479790215712621 -0.0839738043656613 0.072894958683759 -0.0256945991648936
0.0251465096840861 -0.097947168809672 0.0919027320327453 0.0494018226766209
0.119490610878636 -0.050425848173957 0.0445132481980782 0.108598680738094
0.138850459032026 0.0722702630956739 -0.0265979225193786 0.107644126486186
0.0859136424489681 0.164123884528806 -0.029633110716313 0.0706604615197604
0.0110298806587521 0.153773265607547 -0.0136012674053147 -0.0314121224060948
0.0708350979538916 0.117872648287283 0.0636020682665316 -0.0725741970039406
0.116176348886629 0.0436894542466359 -0.019783091369737 -0.135728648884405
0.0835410558765781 -0.0581433733993028 -0.108807902972836 -0.0683658554650589
0.00468995800045898 -0.0928469241659081 -0.0922520612626397 0.0319276121240807
-0.0539952815994777 -0.0626571925274837 -0.033790622778522 0.0598321625413467
-0.066010631350645 -0.0234308238253021 -0.00466680380694596 0.0437530438153509
-0.063041770524516 -0.0119607823781967 0.00395764055796607 0.00910214802283423
-0.0621446515870358 -0.0135955395783221 0.00428957161213064 -0.0186281378066274
-0.0779101566744351 -0.0371850074166325 0.0192476476780814 -0.0502993532609206
-0.055317258637939 -0.0837712609950017 0.0532156002242588 -0.0578390094958438
0.0157478926382189 -0.1023252049934 0.0978775787566503 0.00971496631002908
0.114891710596249 -0.0593376725199324 0.063584664089107 0.0861461656572515
0.138195844239257 0.0655996881619871 -0.0174015870848496 0.0937343446358171
0.0803403333258221 0.15824321586393 -0.0392194269006941 0.0225179250839365
-0.0115257525135695 0.139773481638969 -0.0112103855338588 -0.0944076358360734
0.0459134873676723 0.124597926580574 0.0618570350140578 -0.0926979125049717
0.104745351592723 0.0649422702647591 0.00709353107476101 -0.140476014505583
0.0905559987992665 -0.0420009087773856 -0.0720831518130917 -0.0995868069183153
0.0152507155624774 -0.0870593650373448 -0.0917101775893958 -0.0175250805857194
-0.0473538843855744 -0.0632583340634839 -0.0607240084792783 0.0311700187788971
-0.0640421144066289 -0.0241609880709871 -0.0342734933408911 0.0348892083116888
-0.0592209718881725 -0.0119607672442881 -0.0222319089924123 0.00441321917319158
-0.0555830073111982 -0.0123712566483004 -0.0203300590189335 -0.0218505017125465
-0.0694107693836515 -0.0344971902903048 -0.00461043472297068 -0.0593337684919083
-0.0490023731254237 -0.0768722753591845 0.0338837710544482 -0.0785548771993998
0.015269436860634 -0.09131619095726 0.0951633332954269 -0.0198395051716634
0.101679580310847 -0.046842479232829 0.0713054636035694 0.0648021950560654
0.113979804181957 0.0639177419289075 -0.0140553671226489 0.0777519440951817
0.0556678044495483 0.135967013003775 -0.0476264067717881 -0.020735611150789
-0.0261974849651042 0.0964258388904756 -0.00210604439591972 -0.144747085388215
0.0152749957585388 0.0982511694974014 0.0633172727077992 -0.109332638922193
0.067746573748927 0.0627180988234676 0.0304473065303543 -0.135352247195978
0.0708877246376849 -0.0208999123148848 -0.0354443485141127 -0.116710617437263
0.0173014915057618 -0.0630681869779912 -0.0843026328922201 -0.0565746554804108
-0.0318744225518531 -0.0495117455354726 -0.0813127195951261 0.00454874996032399
-0.0501739142775471 -0.0206722618032459 -0.0603228427672939 0.0258629913075105
-0.0462798816871114 -0.0114893369665057 -0.0446274069028516 -0.000441028081067762
-0.0433874157901942 -0.0105782527575935 -0.0406075809296666 -0.0273199762599738
-0.0524877350330692 -0.0297623678167741 -0.0220859076077651 -0.0678872790130061
-0.0343029516656079 -0.0631187839963859 0.0226926580809254 -0.0922367436597123
0.0200669024649652 -0.0714673397785896 0.0928866576207068 -0.0365053071260807
0.0849930745202221 -0.0223902079821879 0.0720089885170594 0.0510629592627458
0.0746054198029478 0.0637811846969386 -0.0114209748231614 0.0627332195718798
0.019254427836213 0.101035529010248 -0.0480693712301547 -0.0530420642784787
-0.031685206724852 0.0347999781414694 0.00652688513467312 -0.171880062889476
-0.0101017318107628 0.0488879020079394 0.0615043883421438 -0.117524901362878
0.0240923947568561 0.0393623557143027 0.0433314515162652 -0.128639677682914
0.0359004333851392 -0.0026342094542068 -0.0148324966395554 -0.12287302767192
0.0121434947438915 -0.0291282459693046 -0.0783602251676579 -0.0770744082524017
-0.0135140771154819 -0.0261410622617021 -0.0944911458590895 -0.0110504730666436
-0.0276762076773124 -0.0129678342156374 -0.0776968660190515 0.0185524316171329
-0.0270769244894267 -0.00918301349205546 -0.060182518260406 -0.00449049292447281
-0.0259086580734093 -0.00708484605723393 -0.0547632127190756 -0.0337388802843411
-0.0315408369437484 -0.0206758919479022 -0.0315893240891806 -0.0760935724343256
-0.0175736167612079 -0.0448453053854357 0.0194055575072231 -0.100848508414038
0.0222090268837681 -0.0472036286550548 0.0938361119671876 -0.0445956410959994
0.0624656388885385 0.00176420713170577 0.0712780758500422 0.0451869112136716
0.0316130618101553 0.0568909435374827 -0.0098399874125309 0.0517996317309851
-0.0173506409309649 0.0573611163549911 -0.0401477916661091 -0.0733068118554122
0.036655307280592 -0.00810234912728607 0.0503393591030682 0.0998998906684095
0.000579628221210314 -0.0298251994966239 0.0603798761444298 -0.0549681011286192
-0.025459958204165 -0.0138175873960011 -0.0631057285755436 -0.0679692323958362
-0.0134045390483719 0.0144294149686347 -0.117570659156418 0.0368228450437276
-2.04767837728615E-05 0.0118946752822939 -0.0374561782136513 0.118074771373034
0.0077163921617151 0.00549472254168223 0.0402861920487544 0.0941280930361053
0.00878390462626273 -0.000506192602650783 0.0657036931304015 0.0525030563840597
0.000660894510938451 0.000978975667110775 0.0729116581724092 0.0160148363600612
-0.00387352060657692 0.00368005261039676 0.0831363267154331 -0.00223290575138033
-0.00972192614289815 0.00328704098666813 0.0946452569707113 0.0158575303060684
-0.00696584733336859 -0.00816771268580253 0.0794058389187757 0.0797455873473359
0.00328944061695762 -0.0157141843397742 0.0115657130133153 0.130372288527546
0.0203879025412416 -0.0152496859413961 -0.0542589984154627 0.123613952124266
0.0384666779386844 0.0061264305185506 -0.0917664248397605 0.127268733288538
0.0458798552685125 0.0345739928380057 -0.040634482334478 0.182347093407728
0.0483994671149413 0.0450808920376472 0.0310144511405719 0.0974845348848186
0.0333902545158355 -0.00178505009368539 0.0650103562295092 -0.0474347887320481
0.0101445750093046 -0.0162614463012636 -0.0605567009776176 -0.0808669520413629
0.00032993464814114 -0.0106678892218069 -0.126557822268289 0.0244493970991945
-0.00810490927830687 -0.0164734960234953 -0.0488560468979194 0.116852720814728
-0.0144450502119597 -0.0115176168365181 0.033879897337394 0.0977966461046544
-0.0140845578628141 -0.0062069436775886 0.0601568340843015 0.0549999948356383
-0.02364944773102 -0.00430207211544569 0.0675103998285144 0.0166575743707099
-0.0293284309858429 -0.00560822070391765 0.0743565208804125 -0.00550574737015859
-0.0364058193795584 -0.0192733626061431 0.0880022888764137 0.00174937856339293
-0.0138510749940592 -0.0445546383004216 0.086958984345555 0.0549724311968769
0.030532764957874 -0.0439672292113652 0.0373516920142369 0.120036965342787
0.0699120820815491 -0.0078890721977119 -0.0281313138376479 0.128730053044503
0.0735274457164183 0.0549016219775524 -0.0717997468025529 0.123249595383127
0.0562459816040641 0.10244255305233 -0.0338414751423618 0.158164796953171
0.0462754383269844 0.098620517406766 0.010669181926984 0.0742108147138534
0.0606906269315744 0.038895530774718 0.0694377021490692 -0.0469702068331122
0.0542859368024757 -0.00708645512901044 -0.0537437983726986 -0.100629201156877
0.0253910738433385 -0.0367299443939448 -0.134254633518409 0.00081036922340833
-0.0108853988122848 -0.0486834965974545 -0.0667911208344317 0.103926604571741
-0.0345326696526946 -0.0314599478928346 0.0178180619224428 0.095948666735367
-0.0372363824499324 -0.012983717825552 0.0464389190466526 0.0541134992820307
-0.044038853691899 -0.00858693756853591 0.0522788658863048 0.0156788326943926
-0.0489526148812079 -0.011960885537546 0.0564307555473912 -0.00994952387896299
-0.0605516235889871 -0.0332204743238742 0.0722081667256563 -0.0185859595879352
-0.0299135328187123 -0.0721951234068531 0.0868623620971076 0.0169032086256341
0.0370293028866924 -0.0760355885721515 0.0687820510370712 0.0927665953929836
0.107192146570819 -0.0236266157119192 0.00852559456298441 0.125903654977237
0.113108048194454 0.0764340702812734 -0.0493686362686307 0.117985859318436
0.0716358171502915 0.14866619613527 -0.0297364857683828 0.118505911751897
0.0300727278755868 0.139651248657814 -0.00519090684520841 0.0288366988404969
0.0754046305541364 0.0853935406455105 0.0706262103262287 -0.0551064460930415
0.0961717260925377 0.0164001255315572 -0.0383006143472791 -0.122931838000921
0.0583777567627122 -0.0546162466235215 -0.130108571645142 -0.0353861269385504
-0.00512798176797186 -0.0780577423781357 -0.0845279885391964 0.0743843533302831
-0.0489019736962334 -0.0512671178919641 -0.00640467953497018 0.0829850124608995
-0.0561260017857959 -0.0201578635787103 0.0227195774240674 0.0509832788315608
-0.0584368488066867 -0.0123401120500928 0.0301095554746571 0.0136767308147817
-0.0603329834843868 -0.0146903360408722 0.0324282756629313 -0.0144384900295349
-0.0760450683580672 -0.038491216756757 0.0481730639953717 -0.0371863837078102
-0.047293695657546 -0.0853473422456573 0.0747146170669459 -0.0230103357564716
0.0286285695478457 -0.0980471426786085 0.091656272263671 0.0533968118486812
0.122427416205375 -0.0477895538156709 0.0412962029421287 0.111575053781236
0.138965268828299 0.076572768255416 -0.0313175814662293 0.107623611340039
0.082227765095428 0.167734057033278 -0.0335831993131354 0.0697827166168814
0.00582523011240308 0.156262285258441 -0.0119854224497009 -0.0322223536566288
0.0672579223802902 0.121379655578267 0.0687968092592866 -0.0710756066621214
0.116602107430873 0.0478806828138023 -0.0144255397624256 -0.138150124950322
0.0860096815035112 -0.0559993255289714 -0.107535933900091 -0.0734723365923992
0.00657008927397083 -0.0934025834408576 -0.0949379561405477 0.0287805129870165
-0.0530270473469059 -0.0638409223268533 -0.0356826094764666 0.059552166375379
-0.0659285841230987 -0.025030725837827 -0.00567318189125856 0.0442637149727156
-0.0635459367957263 -0.013833691113398 0.00407696769728439 0.00935851708361334
-0.0621413934939623 -0.0155500786005768 0.00582521237721254 -0.01801869925268
-0.0785233372562474 -0.0389308707170492 0.0212468065839915 -0.0503818610204537
-0.0543262300239973 -0.0860364255898411 0.0546936710695889 -0.0554569840627514
0.0190593742313906 -0.102522659048815 0.0990273358793441 0.0128759640992067
0.118276820101407 -0.0572039069878734 0.0616327881382211 0.0889893114000136
0.138955305438792 0.0702280104778752 -0.0215666070290871 0.0941919887882286
0.0769821434439299 0.161773484610042 -0.041974338688136 0.0202543774529176
-0.0167265246102542 0.140925906601091 -0.00732576953977546 -0.0960695139385322
0.0420132022152208 0.128129338212018 0.0672244663211795 -0.0909559619223189
0.104254214749198 0.0690728136169422 0.0125222787663593 -0.141240959570605
0.0923451406647597 -0.0400460338406582 -0.0692680734219694 -0.104298991301505
0.0168536070822222 -0.0876055514678446 -0.0929034220715551 -0.0205907583676493
-0.0456546528531044 -0.0643110577320935 -0.0626183095534109 0.0296326429517412
-0.063378520853681 -0.0263988803217069 -0.0357474734472225 0.0347227614040929
-0.0597925297048447 -0.0149569106783511 -0.0229967888696074 0.00454077630625725
-0.0558644795721376 -0.0144548166559599 -0.0198584978888325 -0.0225514419593931
-0.0694749269244905 -0.0357409565516437 -0.00263549954325196 -0.060051733319937
-0.0484253109123118 -0.0779279810970411 0.0365402863117385 -0.0775722999195536
0.0179228175491594 -0.091522525590685 0.0972098446341591 -0.0164396326151739
0.104873279657238 -0.0444062467097151 0.0698613881459725 0.0680291026487384
0.113325703821176 0.0677474882309856 -0.0178478428320717 0.0783792385961568
0.0523893743177944 0.138695206518 -0.048570537491446 -0.0225242314742315
-0.0305513126669378 0.0966472192662123 0.00379747951752696 -0.146113672809018
0.0115149831231772 0.100185992220317 0.0681620188374564 -0.107679130546998
0.0672390736146658 0.0652961344504594 0.0365566484530712 -0.135018515825811
0.0719642889818246 -0.0194484667682085 -0.0315337745202268 -0.120199750912289
0.0183893400000758 -0.0628688099347209 -0.0836784491438544 -0.0605070315515097
-0.0311921896753057 -0.0504525530430144 -0.0828143699895662 0.00195663430907448
-0.0497466411768721 -0.0216171644396538 -0.0617758267092126 0.0246844642634723
-0.0473143551578096 -0.013317034504875 -0.0452115296030723 -0.00102001180502294
-0.0428893981052942 -0.0118042663464593 -0.0401894055301007 -0.0283259107252735
-0.0522564012408718 -0.0303848610029574 -0.0205517294361132 -0.0688564491986189
-0.0336590230729306 -0.0649000565989797 0.0254202240534785 -0.0918966726334761
0.0218160325814583 -0.0713194911104048 0.0949307955066702 -0.0347968182079824
0.0865891804709952 -0.0204333874543028 0.0720852808886883 0.0538173731962882
0.074104115833602 0.0663728399886907 -0.0152220105604064 0.06335187006544
0.016438404797966 0.102781895615906 -0.0482470366265146 -0.0553166072948781
-0.0329616137573424 0.0342638393154594 0.012765606531086 -0.173469889600774
-0.0117497214637805 0.0491544946865896 0.0667768697660638 -0.115289658750708
0.0232015433600709 0.040746670314813 0.0486061911002418 -0.127931867003395
0.0363020291885885 -0.00203565919398916 -0.00979607899255503 -0.126882963974164
0.0124402988852486 -0.0288977012713799 -0.0776815903474927 -0.0811590202466664
-0.012654185145268 -0.0268654203646624 -0.095115476562109 -0.0134568506438595
-0.0274636483003665 -0.0136493070754722 -0.0786206978434784 0.0179637738816793
-0.0269290014427038 -0.0102785141755874 -0.0616336232394555 -0.00630575537409979
-0.0259850762191553 -0.00847144875513165 -0.0536771402638474 -0.0350239738946883
-0.0310901979664948 -0.0215018369066542 -0.0299660636609124 -0.0780027415354082
-0.0171551937271472 -0.0450607705680561 0.0232163114371079 -0.100960738359737
0.0237915404808845 -0.0471252972017577 0.0969070790218787 -0.0418236246830018
0.063052181342602 0.00338469807072685 0.0706266452843835 0.0482462690357852
0.0304943699644135 0.0583603465975823 -0.0134547812800756 0.0527613433536549
-0.0197184954080784 0.0573414574910585 -0.0392412091938764 -0.0744766694443516
