TRXV5
3
4
4
9
string Extension=J
integer IsArchMeasurement=1
integer IsSpherical=1
string Generator=SPM
string GeneratorVersion=1.3.1 Dev
double ArchRadius=0.449999988079071
integer FrequencyAxisIndex=0
integer AzimuthAxisIndex=1
integer ElevationAxisIndex=2
Frequency
5 136 690000000 960000000 LIN
Azimuth
7 8 0 2.74889357189107 LIN
Elevation
7 15 -2.74889357189107 2.74889357189107 LIN
Polar H Real Part
13
Polar H Imaginary Part
14
Polar V Real Part
13
Polar V Imaginary Part
14
Polar H Magnitude (dB)
12 0xC0000002 0 1
Polar H Phase
7 0xC0000003 0 1
Polar V Magnitude (dB)
12 0xC0000002 2 3
Polar V Phase
7 0xC0000003 2 3
-0.012176513671875 0.0455284118652344 0.0662841796875 -0.00552749633789062
0.0319652557373047 0.0333614349365234 0.0343647003173828 0.0155601501464844
0.0329780578613281 -0.007171630859375 0.0377311706542969 0.0249443054199219
0.0159931182861328 -0.0221633911132813 0.0623130798339844 0.0118179321289063
0.00139427185058593 -0.0240497589111328 0.0665092468261719 -0.0163383483886719
-0.0130748748779297 -0.0264320373535156 0.0532188415527344 -0.0434341430664062
-0.0147590637207031 -0.0208187103271484 0.0383949279785156 -0.0445022583007813
-0.0104656219482422 -0.0208740234375 0.0267429351806641 -0.0300788879394531
-0.00408363342285156 -0.0293960571289063 0.0143728256225586 -0.0121316909790039
0.0156726837158203 -0.0237541198730469 -0.00241518020629883 -0.00465059280395508
0.0292758941650391 -0.00464820861816406 -0.023956298828125 -0.0206947326660156
0.0251617431640625 0.0139083862304688 -0.0165443420410156 -0.0506095886230469
0.00360679626464844 0.032470703125 0.0303726196289063 -0.0804672241210938
-0.018035888671875 0.0380401611328125 0.0553054809570313 -0.0708541870117188
-0.0382194519042969 0.0315704345703125 0.0310859680175781 -0.0459136962890625
-0.0314369201660156 0.0551376342773438 0.0586051940917969 0.0126190185546875
0.0179252624511719 0.0527534484863281 0.0296573638916016 0.0338382720947266
0.0331459045410156 0.0130252838134766 0.0382575988769531 0.0392608642578125
0.0266971588134766 -0.0067596435546875 0.0660324096679688 0.0255775451660156
0.0175380706787109 -0.0179214477539063 0.0718612670898438 -0.00478363037109375
0.00656509399414063 -0.0297927856445313 0.061431884765625 -0.0351333618164063
0.00210952758789062 -0.0291328430175781 0.044769287109375 -0.0372543334960937
0.00462532043457031 -0.0257644653320313 0.0291614532470703 -0.0216388702392578
0.0124473571777344 -0.0331840515136719 0.0136709213256836 -0.00141239166259766
0.0305805206298828 -0.0216693878173828 -0.00640106201171875 0.00651311874389648
0.03936767578125 0.00382614135742188 -0.0326442718505859 -0.0102081298828125
0.0313701629638672 0.0272331237792969 -0.0306587219238281 -0.0423774719238281
0.000255584716796879 0.0468711853027344 0.0108566284179687 -0.0775604248046875
-0.0299797058105469 0.0502967834472656 0.0335426330566406 -0.06427001953125
-0.0531730651855469 0.0419960021972656 0.010406494140625 -0.0367202758789063
-0.0483932495117188 0.0549278259277344 0.0424690246582031 0.0326614379882813
-0.00391769409179687 0.0646171569824219 0.0162315368652344 0.0552139282226563
0.0243034362792969 0.0354499816894531 0.0350685119628906 0.0585479736328125
0.0335617065429688 0.0146732330322266 0.0660247802734375 0.0418548583984375
0.0327091217041016 -0.00511360168457031 0.0727462768554688 0.00896453857421875
0.0273933410644531 -0.0265293121337891 0.0651664733886719 -0.0228424072265625
0.0191154479980469 -0.0324954986572266 0.0444755554199219 -0.0248756408691406
0.0184803009033203 -0.0273780822753906 0.0263004302978516 -0.0100154876708984
0.0250301361083984 -0.0328731536865234 0.00905132293701172 0.010746955871582
0.0399932861328125 -0.0202903747558594 -0.0132770538330078 0.0187473297119141
0.0451278686523438 0.00601959228515625 -0.041259765625 0.00290298461914062
0.0367851257324219 0.0310249328613281 -0.0438919067382813 -0.02996826171875
0.00457000732421875 0.052764892578125 -0.0110549926757813 -0.0691680908203125
-0.0301856994628906 0.0572738647460938 0.00969696044921875 -0.0517845153808594
-0.0569915771484375 0.0471611022949219 -0.0128288269042969 -0.0235824584960937
-0.0594215393066406 0.0462417602539063 0.0173912048339844 0.0505332946777344
-0.0269050598144531 0.0650787353515625 -0.00644683837890626 0.0746002197265625
0.00931930541992188 0.0514373779296875 0.024200439453125 0.0771255493164063
0.0320930480957031 0.0365982055664063 0.0584259033203125 0.057342529296875
0.041656494140625 0.0116119384765625 0.06622314453125 0.0224609375
0.044464111328125 -0.0175285339355469 0.0608863830566406 -0.00900650024414063
0.0333271026611328 -0.02947998046875 0.037872314453125 -0.0108642578125
0.0283203125 -0.0242786407470703 0.0189495086669922 0.00343132019042969
0.0335273742675781 -0.0291404724121094 0.00252151489257813 0.0234279632568359
0.0439414978027344 -0.0174484252929688 -0.0193557739257813 0.0306682586669922
0.0450668334960938 0.00689315795898438 -0.0459823608398438 0.0172309875488281
0.0375328063964844 0.0292320251464844 -0.0527114868164063 -0.0147590637207031
0.00826263427734376 0.0511627197265625 -0.0273895263671875 -0.0535697937011719
-0.0256881713867187 0.0563011169433594 -0.00891876220703125 -0.0325260162353516
-0.0557899475097656 0.0459022521972656 -0.0341892242431641 -0.00695991516113281
-0.0580329895019531 0.0298194885253906 -0.0101432800292969 0.0616226196289062
-0.040679931640625 0.0525360107421875 -0.0336990356445313 0.0869216918945313
-0.00816726684570313 0.0543785095214844 0.00706481933593749 0.08966064453125
0.0209503173828125 0.0485877990722656 0.044219970703125 0.067169189453125
0.0402488708496094 0.0255622863769531 0.0529861450195313 0.0306053161621094
0.0505905151367188 -0.00392913818359375 0.0479011535644531 0.00339508056640625
0.0417747497558594 -0.0211639404296875 0.0244579315185547 0.00247573852539062
0.0337657928466797 -0.0179862976074219 0.00801944732666016 0.0154867172241211
0.037811279296875 -0.0216026306152344 -0.0062713623046875 0.0341796875
0.0438766479492187 -0.0116920471191406 -0.0250396728515625 0.0407257080078125
0.0412063598632813 0.00890731811523437 -0.0481300354003906 0.0275421142578125
0.0315227508544922 0.0281143188476563 -0.0537490844726562 -0.00223541259765625
0.00613021850585937 0.0441856384277344 -0.034454345703125 -0.0363655090332031
-0.0236854553222656 0.0457725524902344 -0.0208225250244141 -0.0118217468261719
-0.0506248474121094 0.0343284606933594 -0.0512237548828125 0.00974273681640624
-0.0430984497070313 0.0102119445800781 -0.0334701538085938 0.0651206970214844
-0.03948974609375 0.0294456481933594 -0.056671142578125 0.0895538330078125
-0.0197715759277344 0.04095458984375 -0.0107650756835938 0.0925979614257813
0.00576019287109375 0.0453720092773437 0.0275192260742188 0.0689888000488281
0.0268974304199219 0.0303802490234375 0.0365447998046875 0.0327529907226563
0.0450782775878906 0.00884628295898438 0.0306739807128906 0.0106315612792969
0.0413932800292969 -0.0090179443359375 0.0099639892578125 0.0124092102050781
0.0334949493408203 -0.00943183898925781 -0.00421524047851562 0.0259170532226563
0.0371971130371094 -0.0117073059082031 -0.0146636962890625 0.042236328125
0.0402412414550781 -0.00235366821289063 -0.0311355590820313 0.0462875366210938
0.0341606140136719 0.0146007537841797 -0.0501823425292969 0.0327377319335937
0.0221271514892578 0.0291061401367187 -0.0528678894042969 0.00441360473632812
-0.00365066528320313 0.0365562438964844 -0.0353927612304687 -0.0232925415039062
-0.0253696441650391 0.0293560028076172 -0.0262451171875 0.00337982177734375
-0.0440406799316406 0.0157814025878906 -0.0648040771484375 0.0207061767578125
-0.0187625885009766 -0.00870323181152344 -0.0459709167480469 0.0627975463867188
-0.0253086090087891 0.00431632995605469 -0.0683822631835938 0.0836868286132813
-0.0194206237792969 0.0170650482177734 -0.0223541259765625 0.08905029296875
-0.00816535949707031 0.0273303985595703 0.0153045654296875 0.064605712890625
0.00873947143554688 0.0261306762695313 0.02392578125 0.0287342071533203
0.0280799865722656 0.0175342559814453 0.0150060653686523 0.0123767852783203
0.0330772399902344 0.00481796264648438 -0.00490188598632812 0.0179538726806641
0.0279808044433594 0.00108718872070312 -0.0157451629638672 0.0323772430419922
0.0323257446289063 -0.001190185546875 -0.0244789123535156 0.0467338562011719
0.0340862274169922 0.00751876831054688 -0.0391769409179687 0.0471267700195313
0.0256404876708984 0.0205898284912109 -0.0525779724121094 0.0321540832519531
0.0105819702148438 0.0312480926513672 -0.0514755249023438 0.00465011596679687
-0.0157184600830078 0.0288600921630859 -0.0352783203125 -0.0176887512207031
-0.0303535461425781 0.0103759765625 -0.0311298370361328 0.00849151611328126
-0.0359268188476563 -0.00880050659179687 -0.0725860595703125 0.0224685668945313
0.00809478759765625 -0.0247554779052734 -0.0447158813476563 0.0570602416992187
-0.00247764587402344 -0.0181808471679688 -0.0668487548828125 0.0760345458984375
-0.010289192199707 -0.00842761993408203 -0.0237960815429688 0.0832595825195312
-0.0159883499145508 0.0027456283569336 0.012237548828125 0.0574913024902344
-0.00957298278808593 0.0140619277954102 0.0194816589355469 0.0216579437255859
0.00570869445800781 0.0215167999267578 0.00416755676269531 0.00900554656982422
0.0181789398193359 0.0167751312255859 -0.0153884887695312 0.0174684524536133
0.0179767608642578 0.0116729736328125 -0.0260276794433594 0.0337810516357422
0.0225143432617188 0.00930213928222656 -0.0341873168945313 0.0473785400390625
0.0229701995849609 0.0170478820800781 -0.0489273071289062 0.0452880859375
0.0152015686035156 0.0251140594482422 -0.05859375 0.0284500122070312
-0.000728607177734376 0.0307693481445312 -0.0539703369140625 0.00115585327148437
-0.0268363952636719 0.0189399719238281 -0.0364570617675781 -0.0188064575195313
-0.0322856903076172 -0.00985527038574218 -0.0352630615234375 0.0048828125
-0.0243396759033203 -0.0320930480957031 -0.0778961181640625 0.0166702270507813
-0.00468444824218749 0.0517539978027344 0.075225830078125 -0.00946044921875
0.0423736572265625 0.0316047668457031 0.0413589477539063 0.0128669738769531
0.03594970703125 -0.0134353637695312 0.0417938232421875 0.0218696594238281
0.0141944885253906 -0.0283660888671875 0.0652427673339844 0.007781982421875
-0.00313758850097656 -0.02801513671875 0.0689735412597656 -0.0218772888183594
-0.0205478668212891 -0.0274295806884766 0.053619384765625 -0.048736572265625
-0.0212020874023438 -0.0200595855712891 0.0398788452148437 -0.0499954223632812
-0.0160026550292969 -0.0208358764648438 0.02862548828125 -0.0339260101318359
-0.0115680694580078 -0.0324306488037109 0.0182285308837891 -0.0133457183837891
0.0119876861572266 -0.0303535461425781 0.000670433044433594 -0.00276827812194824
0.0316028594970703 -0.0110549926757813 -0.0253181457519531 -0.01617431640625
0.0315971374511719 0.0105323791503906 -0.0221519470214844 -0.0489578247070313
0.0105552673339844 0.0366706848144531 0.0230026245117188 -0.0872955322265625
-0.0142250061035156 0.0479621887207031 0.05523681640625 -0.0805511474609375
-0.03729248046875 0.0426826477050781 0.0332756042480469 -0.0504417419433594
-0.0268707275390625 0.0627708435058594 0.0697364807128906 0.0119743347167969
0.0262374877929688 0.0535507202148438 0.0389556884765625 0.0327606201171875
0.0365982055664063 0.008331298828125 0.0448188781738281 0.0373725891113281
0.0270042419433594 -0.0117511749267578 0.0711746215820313 0.022186279296875
0.0147438049316406 -0.0213050842285156 0.076873779296875 -0.0102386474609375
0.00116348266601563 -0.0323848724365234 0.0642471313476563 -0.0411834716796875
-0.00323486328125 -0.0299873352050781 0.0472183227539063 -0.0426826477050781
0.000665664672851561 -0.0274314880371094 0.0336036682128906 -0.0255451202392578
0.007476806640625 -0.0373725891113281 0.019195556640625 -0.00228309631347656
0.0295295715332031 -0.0278224945068359 -0.00119876861572265 0.00902748107910156
0.0438613891601563 -0.00184249877929688 -0.0322532653808594 -0.00436019897460937
0.0387802124023438 0.0253143310546875 -0.0354652404785156 -0.0379562377929687
0.00597000122070313 0.0525474548339844 0.00248718261718751 -0.0820236206054688
-0.0282173156738281 0.0608863830566406 0.0323867797851563 -0.070892333984375
-0.0543212890625 0.0531501770019531 0.0125923156738281 -0.0368194580078125
-0.0481185913085938 0.062774658203125 0.0538978576660156 0.0363082885742188
0.00146865844726563 0.0679931640625 0.0262908935546875 0.0576400756835938
0.02789306640625 0.0340576171875 0.0428543090820312 0.0575332641601562
0.0353240966796875 0.0119476318359375 0.0726089477539063 0.039276123046875
0.0322837829589844 -0.00826835632324219 0.0790863037109375 0.00498199462890625
0.0250301361083984 -0.0301265716552734 0.0697898864746094 -0.0291709899902344
0.0170173645019531 -0.0346107482910156 0.0488853454589844 -0.0307464599609375
0.0167770385742188 -0.0291233062744141 0.0318603515625 -0.0130958557128906
0.0231971740722656 -0.0369300842285156 0.0163087844848633 0.0110607147216797
0.0406646728515625 -0.0252571105957031 -0.00639724731445313 0.0224094390869141
0.0487785339355469 0.00278854370117188 -0.0395469665527344 0.0105171203613281
0.0426139831542969 0.0297813415527344 -0.0475044250488281 -0.0233802795410156
0.0087890625 0.0583267211914063 -0.0193138122558594 -0.0692977905273438
-0.0304336547851563 0.0675201416015625 0.007476806640625 -0.0541725158691406
-0.0608863830566406 0.0578460693359375 -0.0116367340087891 -0.0202617645263672
-0.0630073547363281 0.0524024963378906 0.0277595520019531 0.0571403503417969
-0.0257720947265625 0.0701103210449219 0.00379943847656249 0.081329345703125
0.0114402770996094 0.0537338256835938 0.033111572265625 0.0792312622070313
0.0349082946777344 0.036834716796875 0.0668220520019531 0.0563430786132813
0.044219970703125 0.0100212097167969 0.0735397338867188 0.0189437866210938
0.0458335876464844 -0.0210037231445313 0.0660552978515625 -0.0149116516113281
0.0343799591064453 -0.0334625244140625 0.0430335998535156 -0.0153427124023438
0.0297641754150391 -0.0266056060791016 0.0244960784912109 0.000785827636718748
0.0343875885009766 -0.0323505401611328 0.00934410095214844 0.0238227844238281
0.0460586547851563 -0.0210762023925781 -0.011627197265625 0.0344295501708984
0.0490989685058594 0.00542068481445313 -0.0432395935058594 0.0247306823730469
0.0422935485839844 0.03033447265625 -0.0540809631347656 -0.00718688964843749
0.01092529296875 0.0562744140625 -0.0337295532226563 -0.05126953125
-0.0274925231933594 0.0636940002441406 -0.0110569000244141 -0.0311641693115234
-0.0606880187988281 0.0546188354492187 -0.0345344543457031 -0.000650405883789054
-0.0643768310546875 0.0329093933105469 -0.00319671630859375 0.07220458984375
-0.0441436767578125 0.0575103759765625 -0.0247421264648437 0.097991943359375
-0.00923919677734375 0.0587882995605469 0.0161590576171875 0.0940780639648438
0.0238990783691406 0.0529251098632813 0.0533523559570313 0.0684318542480469
0.0443458557128906 0.0268020629882812 0.0599899291992187 0.0286178588867187
0.0554122924804688 -0.00634384155273438 0.0533409118652344 -0.000514984130859375
0.0453605651855469 -0.0249290466308594 0.0296649932861328 0.000194549560546873
0.038238525390625 -0.0207977294921875 0.013310432434082 0.0139732360839844
0.0413436889648438 -0.0244674682617188 0.0012664794921875 0.0352668762207031
0.04840087890625 -0.0134315490722656 -0.0173988342285156 0.0442581176757813
0.0456695556640625 0.00983047485351563 -0.0446357727050781 0.0352516174316406
0.0353050231933594 0.0307655334472656 -0.0543098449707031 0.00508880615234374
0.00643539428710938 0.049285888671875 -0.0383338928222656 -0.0323448181152344
-0.0265846252441406 0.0514869689941406 -0.0216922760009766 -0.00830078125
-0.0571632385253906 0.0402755737304688 -0.0526771545410156 0.0176277160644531
-0.0504226684570313 0.00946426391601563 -0.03057861328125 0.0769119262695313
-0.046356201171875 0.0316543579101562 -0.0513458251953125 0.102188110351563
-0.0234107971191406 0.0456390380859375 -0.00232696533203125 0.0998001098632813
0.00539016723632813 0.0516777038574219 0.0353469848632813 0.070587158203125
0.0304069519042969 0.0352401733398438 0.042144775390625 0.0307998657226563
0.0509376525878906 0.00847625732421875 0.0349216461181641 0.00766181945800781
0.0477828979492188 -0.0115890502929688 0.0126724243164063 0.0121974945068359
0.0391731262207031 -0.0106124877929688 9.53674316406259E-05 0.0263900756835938
0.0431022644042969 -0.0141220092773438 -0.00896072387695312 0.0443954467773438
0.0466156005859375 -0.003692626953125 -0.0250282287597656 0.0503082275390625
0.0393943786621094 0.0159225463867188 -0.0460891723632812 0.0389747619628906
0.0257339477539063 0.0338802337646484 -0.0524559020996094 0.0108261108398438
-0.00483322143554688 0.0419731140136719 -0.0376625061035156 -0.0189437866210938
-0.0321540832519531 0.0333595275878906 -0.0270595550537109 0.00790977478027343
-0.05230712890625 0.0173683166503906 -0.0669326782226563 0.0287513732910156
-0.0249271392822266 -0.0141582489013672 -0.0457077026367188 0.0740966796875
-0.0328502655029297 0.00157356262207031 -0.0655899047851562 0.09698486328125
-0.0257568359375 0.0187797546386719 -0.014984130859375 0.0964279174804688
-0.0111484527587891 0.0338973999023438 0.0223846435546875 0.0665092468261719
0.0103263854980469 0.0324726104736328 0.0278339385986328 0.0274257659912109
0.0351524353027344 0.0204696655273438 0.0170059204101563 0.0106143951416016
0.03985595703125 0.0034027099609375 -0.00347328186035156 0.0184535980224609
0.0345954895019531 0.000148773193359375 -0.0132904052734375 0.0345344543457031
0.0395584106445313 -0.00255584716796875 -0.0206146240234375 0.0499191284179688
0.0415267944335938 0.00737380981445313 -0.0352745056152344 0.0517730712890625
0.0315494537353516 0.02374267578125 -0.0500450134277344 0.0379791259765625
0.0147972106933594 0.0371894836425781 -0.0519905090332031 0.010833740234375
-0.01824951171875 0.0355186462402344 -0.037261962890625 -0.0128707885742187
-0.0383758544921875 0.013153076171875 -0.0324859619140625 0.0142021179199219
-0.0449409484863281 -0.00916290283203126 -0.0784530639648438 0.0301895141601562
0.00388336181640625 -0.0337047576904297 -0.0464439392089844 0.0655136108398438
-0.00942611694335937 -0.0251312255859375 -0.0654983520507813 0.0888214111328125
-0.0168638229370117 -0.0110836029052734 -0.0163497924804688 0.09051513671875
-0.0218467712402344 0.00721168518066406 0.0184364318847656 0.0573997497558594
-0.0106353759765625 0.0200309753417969 0.0215206146240234 0.0188179016113281
0.0115795135498047 0.0267410278320312 0.00308132171630859 0.007354736328125
0.0255298614501953 0.0179100036621094 -0.0163478851318359 0.0195846557617188
0.0242099761962891 0.0112838745117187 -0.0263748168945313 0.0380058288574219
0.0294609069824219 0.00953483581542969 -0.0329322814941406 0.0523300170898437
0.0308265686035156 0.0175685882568359 -0.04656982421875 0.0501060485839844
0.0206470489501953 0.0281047821044922 -0.0578804016113281 0.0338554382324219
0.001922607421875 0.0367050170898438 -0.0551185607910156 0.00574493408203124
-0.0304107666015625 0.0252361297607422 -0.0395126342773437 -0.0144119262695312
-0.0412521362304688 -0.00860977172851563 -0.0395088195800781 0.009796142578125
-0.0339469909667969 -0.035980224609375 -0.0861358642578125 0.0225143432617187
0.00419998168945312 0.0550270080566406 0.0821914672851563 -0.015716552734375
0.0499610900878906 0.02655029296875 0.0468559265136719 0.00656890869140625
0.0371131896972656 -0.0211906433105469 0.0435028076171875 0.0166587829589844
0.0100421905517578 -0.0337772369384766 0.0659255981445313 0.00336456298828125
-0.00905990600585937 -0.0298137664794922 0.0684700012207031 -0.0263214111328125
-0.0282764434814453 -0.0252227783203125 0.0522346496582031 -0.0527153015136719
-0.0266876220703125 -0.0177040100097656 0.0389556884765625 -0.0557098388671875
-0.0209255218505859 -0.0188674926757812 0.0296745300292969 -0.0384788513183594
-0.0190658569335938 -0.0316143035888672 0.0217514038085938 -0.0155773162841797
0.0065460205078125 -0.0344638824462891 0.00488853454589844 -0.00225257873535156
0.0313644409179688 -0.0188140869140625 -0.024444580078125 -0.0114173889160156
0.0361289978027344 0.00519943237304688 -0.0261878967285156 -0.044830322265625
0.018280029296875 0.0381622314453125 0.0148849487304688 -0.0895462036132813
-0.00667572021484375 0.0557975769042969 0.0505752563476563 -0.0882720947265625
-0.0320053100585937 0.0531578063964844 0.0353355407714844 -0.0536460876464844
-0.0202293395996094 0.0670738220214844 0.0800094604492188 0.00759887695312501
0.0340957641601563 0.0510368347167969 0.0466537475585938 0.0280303955078125
0.0385017395019531 0.00292205810546875 0.0484733581542969 0.0326042175292969
0.0243110656738281 -0.0156841278076172 0.073760986328125 0.0168380737304688
0.0109691619873047 -0.0239639282226563 0.07843017578125 -0.0150985717773438
-0.00443840026855468 -0.0316486358642578 0.0649032592773438 -0.0465202331542969
-0.00738525390625 -0.0292282104492188 0.0487480163574219 -0.0493965148925781
-0.00312042236328125 -0.0269184112548828 0.0356674194335937 -0.0305442810058594
0.00144195556640625 -0.038299560546875 0.0251331329345703 -0.00493621826171875
0.0255260467529297 -0.032623291015625 0.00528430938720703 0.0104246139526367
0.044586181640625 -0.00795364379882813 -0.0290870666503906 0.00205421447753906
0.0435981750488281 0.0209274291992188 -0.0377159118652344 -0.0312347412109375
0.0133056640625 0.0552558898925781 -0.00560760498046874 -0.08062744140625
-0.0225601196289062 0.0703659057617188 0.0289382934570312 -0.0748214721679688
-0.0515518188476562 0.0643539428710938 0.0149650573730469 -0.0375289916992187
-0.0451202392578125 0.0688629150390625 0.0657882690429688 0.0347862243652344
0.00652694702148437 0.0690727233886719 0.0371131896972656 0.0552558898925781
0.0305461883544922 0.0313205718994141 0.0490455627441406 0.0536231994628906
0.0355873107910156 0.00936126708984375 0.0777664184570313 0.0348358154296875
0.0313644409179688 -0.0102710723876953 0.0830078125 -0.000999450683593751
0.0217571258544922 -0.0317974090576172 0.0718154907226563 -0.0356063842773438
0.0145530700683594 -0.0364761352539063 0.05157470703125 -0.0368385314941406
0.0148067474365234 -0.0304889678955078 0.0360603332519531 -0.0188446044921875
0.0202255249023437 -0.0388603210449219 0.023223876953125 0.00752067565917968
0.0389175415039063 -0.0296096801757812 0.00235366821289063 0.0235919952392578
0.0514984130859375 -0.00156402587890625 -0.0344085693359375 0.0163993835449219
0.0478324890136719 0.0276908874511719 -0.0480575561523438 -0.0151138305664062
0.0141029357910156 0.061737060546875 -0.0260047912597656 -0.0656013488769531
-0.026824951171875 0.0751800537109375 0.00512313842773438 -0.0546417236328125
-0.0600090026855469 0.0687370300292969 -0.00897312164306641 -0.0168514251708984
-0.0636787414550781 0.0577659606933594 0.0394515991210938 0.0610504150390625
-0.0234451293945313 0.0745697021484375 0.0157318115234375 0.0827178955078125
0.0131988525390625 0.0545654296875 0.0413665771484375 0.0763778686523438
0.037567138671875 0.0367660522460938 0.0738754272460938 0.0529098510742188
0.0460586547851563 0.00859832763671875 0.0782241821289063 0.0129318237304688
0.0448646545410156 -0.0239906311035156 0.0695114135742188 -0.0211639404296875
0.034027099609375 -0.0363121032714844 0.0464706420898438 -0.0208969116210938
0.0297927856445313 -0.0296955108642578 0.0294780731201172 -0.00368118286132813
0.0346107482910156 -0.0355110168457031 0.0176849365234375 0.0213298797607422
0.0473556518554687 -0.0250015258789062 -0.00258636474609375 0.0357208251953125
0.0525894165039063 0.00244903564453125 -0.0366020202636719 0.0308303833007812
0.04705810546875 0.0297164916992187 -0.0523796081542969 0.000888824462890624
0.0151329040527344 0.0589828491210937 -0.03802490234375 -0.0461769104003906
-0.0263671875 0.0711746215820313 -0.0108375549316406 -0.0290145874023437
-0.0620002746582031 0.06304931640625 -0.0310707092285156 0.00520133972167969
-0.0689163208007813 0.0360870361328125 0.00704193115234375 0.0782470703125
-0.0466499328613281 0.0617446899414063 -0.0134201049804688 0.103012084960937
-0.0086822509765625 0.0626029968261719 0.0260696411132813 0.0943984985351563
0.0269432067871094 0.056304931640625 0.0603294372558594 0.0654830932617188
0.0484962463378906 0.0275077819824219 0.0643043518066406 0.0238838195800781
0.0584144592285156 -0.00965118408203125 0.0569534301757813 -0.00625991821289063
0.0475997924804688 -0.0289726257324219 0.0327529907226562 -0.00396919250488281
0.0399703979492188 -0.0238037109375 0.0180015563964844 0.0118503570556641
0.0442771911621094 -0.0282402038574219 0.00841903686523437 0.0337791442871094
0.0521736145019531 -0.0169906616210938 -0.00882720947265625 0.0446205139160156
0.0502700805664063 0.00856399536132813 -0.037139892578125 0.0397491455078125
0.0405769348144531 0.032501220703125 -0.0511207580566406 0.0120735168457031
0.00853729248046875 0.0535659790039063 -0.040374755859375 -0.0265350341796875
-0.0290069580078125 0.0575447082519531 -0.0203628540039063 -0.00423240661621094
-0.0613136291503906 0.0473670959472656 -0.0499839782714844 0.0249710083007813
-0.0585212707519531 0.00925445556640625 -0.0228805541992187 0.0857162475585938
-0.05218505859375 0.0345306396484375 -0.0411529541015625 0.111068725585938
-0.0260963439941406 0.0498619079589844 0.00749969482421874 0.100967407226563
0.00770568847656249 0.0576324462890625 0.0427284240722656 0.06915283203125
0.0354080200195313 0.0376777648925781 0.0455513000488281 0.0275497436523437
0.05755615234375 0.00690841674804688 0.0372695922851563 0.00410079956054688
0.0524444580078125 -0.0161628723144531 0.014927864074707 0.0103321075439453
0.0438804626464844 -0.0149612426757812 0.00402450561523438 0.0260276794433594
0.0474205017089844 -0.0182609558105469 -0.00268554687499999 0.0437126159667969
0.0524101257324219 -0.00686264038085938 -0.0176239013671875 0.05120849609375
0.0458831787109375 0.0166358947753906 -0.0401535034179688 0.0431365966796875
0.0307655334472656 0.0374374389648438 -0.0481834411621094 0.0165939331054688
-0.00397491455078125 0.0476112365722656 -0.0382652282714844 -0.0134849548339844
-0.0369911193847656 0.03936767578125 -0.0251922607421875 0.0133476257324219
-0.0597343444824219 0.0220718383789063 -0.066497802734375 0.0367317199707031
-0.0332298278808594 -0.0181293487548828 -0.0418548583984375 0.083251953125
-0.0412178039550781 0.00154495239257813 -0.0589523315429688 0.107032775878906
-0.0304660797119141 0.0223178863525391 -0.00569152832031251 0.0989990234375
-0.011993408203125 0.0406074523925781 0.0275917053222656 0.0643692016601563
0.0143547058105469 0.0373268127441406 0.0298557281494141 0.0237636566162109
0.0426521301269531 0.0205345153808594 0.017791748046875 0.00890159606933594
0.0464859008789062 -0.000278472900390625 -0.00245475769042968 0.0193729400634766
0.0405960083007813 -0.00355148315429688 -0.01043701171875 0.0362167358398438
0.0451087951660156 -0.00615692138671875 -0.0161895751953125 0.051300048828125
0.0485153198242188 0.00478363037109375 -0.0293769836425781 0.0527915954589844
0.0383338928222656 0.0246963500976563 -0.0455207824707031 0.0415229797363281
0.0200538635253906 0.0413322448730469 -0.0491447448730469 0.0156517028808594
-0.018768310546875 0.0424079895019531 -0.0369987487792969 -0.0075836181640625
-0.0459213256835938 0.0186271667480469 -0.0319366455078125 0.0194149017333984
-0.0549659729003906 -0.00690460205078124 -0.0787200927734375 0.0381851196289063
-0.0029144287109375 -0.0405540466308594 -0.0464096069335938 0.073272705078125
-0.0174522399902344 -0.0285873413085938 -0.0606002807617188 0.0972900390625
-0.0248241424560547 -0.00966262817382812 -0.00784301757812499 0.0925064086914063
-0.0252933502197266 0.0133914947509766 0.0231895446777344 0.055389404296875
-0.00916099548339844 0.0263900756835938 0.0208168029785156 0.0153827667236328
0.0191879272460938 0.0294589996337891 0.00144147872924805 0.00636005401611328
0.0338840484619141 0.0152816772460938 -0.0182590484619141 0.0215053558349609
0.0310859680175781 0.00888633728027344 -0.0243263244628906 0.0411605834960938
0.0365562438964844 0.00611114501953125 -0.0296249389648438 0.0555229187011719
0.0384254455566406 0.0157508850097656 -0.0432395935058594 0.053253173828125
0.0273456573486328 0.0288543701171875 -0.0552902221679687 0.0377883911132813
0.00717544555664062 0.04217529296875 -0.0532112121582031 0.01043701171875
-0.0310859680175781 0.0323505401611328 -0.0401611328125 -0.00918579101562499
-0.0494232177734375 -0.00381469726562501 -0.040557861328125 0.016265869140625
-0.0444908142089844 -0.0352935791015625 -0.0903167724609375 0.02923583984375
0.012542724609375 0.055084228515625 0.0867691040039062 -0.0223236083984375
0.0554962158203125 0.0205039978027344 0.0497970581054688 0.000484466552734376
0.0352325439453125 -0.0276527404785156 0.04241943359375 0.0132369995117187
0.00526046752929688 -0.0370140075683594 0.0647506713867188 0.00108718872070312
-0.0139236450195312 -0.0292987823486328 0.06719970703125 -0.0287551879882813
-0.0337982177734375 -0.0212440490722656 0.0511589050292969 -0.0546493530273438
-0.0300636291503906 -0.0131492614746094 0.0382041931152344 -0.0584526062011719
-0.0250587463378906 -0.0152511596679687 0.029998779296875 -0.0419845581054688
-0.0253372192382812 -0.0292148590087891 0.0245933532714844 -0.0190162658691406
0.000255584716796876 -0.0361404418945313 0.00985527038574219 -0.00336265563964844
0.0291557312011719 -0.0249862670898438 -0.0207767486572266 -0.00741767883300782
0.03790283203125 -0.00077056884765625 -0.0267829895019531 -0.0391197204589844
0.0258674621582031 0.0376358032226563 0.00826263427734376 -0.0883941650390625
0.00190353393554688 0.0602455139160156 0.04608154296875 -0.0924911499023438
-0.024658203125 0.0600318908691406 0.0369491577148438 -0.0571975708007812
-0.0143165588378906 0.0695419311523437 0.087554931640625 0.00194549560546875
0.0382499694824219 0.0471420288085938 0.0523948669433594 0.021453857421875
0.0370063781738281 -0.001922607421875 0.0493888854980469 0.0278282165527344
0.0214557647705078 -0.0182628631591797 0.0742645263671875 0.0141830444335937
0.00687980651855469 -0.0242824554443359 0.0783538818359375 -0.018402099609375
-0.00971412658691407 -0.0293235778808594 0.0642280578613281 -0.050567626953125
-0.0105266571044922 -0.0265331268310547 0.048980712890625 -0.0538253784179687
-0.00618362426757813 -0.0248680114746094 0.0377578735351562 -0.0360832214355469
-0.00373077392578125 -0.0368461608886719 0.0299892425537109 -0.00963783264160157
0.0212326049804688 -0.0354385375976563 0.0118789672851563 0.00853824615478515
0.043701171875 -0.013336181640625 -0.023834228515625 0.00601959228515625
0.0468215942382813 0.0169296264648438 -0.0368614196777344 -0.0255279541015625
0.0196914672851563 0.0560073852539063 -0.0105972290039062 -0.07763671875
-0.0159683227539062 0.0759048461914063 0.025909423828125 -0.0772171020507813
-0.0462417602539063 0.0725860595703125 0.0184593200683594 -0.0378570556640625
-0.04217529296875 0.0725555419921875 0.075531005859375 0.0316085815429688
0.0103607177734375 0.0687751770019531 0.04510498046875 0.0503425598144531
0.0302314758300781 0.0290451049804687 0.0517501831054687 0.0489349365234375
0.0349559783935547 0.00791358947753906 0.07977294921875 0.030914306640625
0.0292587280273438 -0.0114002227783203 0.0849227905273438 -0.00507354736328125
0.0187721252441406 -0.0317344665527344 0.0721206665039063 -0.0408706665039063
0.0119972229003906 -0.0358505249023438 0.0530853271484375 -0.0426139831542969
0.0132160186767578 -0.0306816101074219 0.0387802124023438 -0.0246543884277344
0.01678466796875 -0.0394401550292969 0.0290851593017578 0.00304031372070312
0.0370559692382813 -0.032196044921875 0.00987052917480469 0.0211029052734375
0.0523719787597656 -0.00528717041015625 -0.0276012420654297 0.0200939178466797
0.0510520935058594 0.0255699157714844 -0.0450057983398438 -0.00874710083007812
0.0197296142578125 0.0630340576171875 -0.0287551879882812 -0.0613327026367187
-0.0227737426757812 0.0813751220703125 0.00439834594726563 -0.0545463562011719
-0.0574722290039063 0.0762939453125 -0.00463676452636719 -0.0153121948242187
-0.0644493103027344 0.0626564025878906 0.0504913330078125 0.0601272583007813
-0.0225677490234375 0.0764236450195312 0.0257568359375 0.0803146362304688
0.0140228271484375 0.05572509765625 0.0467529296875 0.0716094970703125
0.0392608642578125 0.0372085571289063 0.0773162841796875 0.0482101440429688
0.0470504760742188 0.00792312622070313 0.080657958984375 0.0087738037109375
0.0447006225585938 -0.0256118774414063 0.0707015991210938 -0.0266952514648438
0.033233642578125 -0.0386009216308594 0.0484085083007813 -0.0261573791503906
0.0303859710693359 -0.0312709808349609 0.0328769683837891 -0.00875663757324219
0.0342903137207031 -0.0375137329101563 0.0231533050537109 0.0161933898925781
0.0481948852539063 -0.0275764465332031 0.00524330139160157 0.0328083038330078
0.0549659729003906 0.00106430053710938 -0.0290508270263672 0.0327320098876953
0.0508689880371094 0.0296096801757813 -0.0472755432128906 0.00642776489257812
0.0175209045410156 0.0615348815917969 -0.0382232666015625 -0.0400199890136719
-0.0254669189453125 0.0773773193359375 -0.00957679748535157 -0.0270557403564453
-0.0619583129882813 0.070953369140625 -0.0260448455810547 0.00876235961914063
-0.0737457275390625 0.0406951904296875 0.0172653198242188 0.0809173583984375
-0.0485305786132813 0.0663833618164063 -0.00244903564453125 0.103042602539063
-0.00896453857421875 0.0661430358886719 0.0327835083007813 0.09051513671875
0.0293693542480469 0.05877685546875 0.0643348693847656 0.0623512268066406
0.0509033203125 0.0278205871582031 0.067047119140625 0.0202178955078125
0.0608444213867188 -0.0121955871582031 0.0586051940917969 -0.0116119384765625
0.0494842529296875 -0.0331306457519531 0.0350151062011719 -0.00832748413085938
0.0421218872070312 -0.027191162109375 0.0212078094482422 0.00760841369628906
0.0460166931152344 -0.0321235656738281 0.0133991241455078 0.0294075012207031
0.0546989440917969 -0.0201759338378906 -0.00175094604492187 0.0422477722167969
0.0540199279785156 0.00826263427734375 -0.0298385620117187 0.0407295227050781
0.0449943542480469 0.0341567993164063 -0.0457077026367188 0.0165061950683594
0.0100250244140625 0.0567893981933594 -0.0386085510253906 -0.0216560363769531
-0.0308265686035156 0.0637855529785156 -0.0169601440429688 -0.00112533569335937
-0.0640907287597656 0.0536994934082031 -0.045654296875 0.0298957824707031
-0.0655784606933594 0.0115470886230469 -0.0157546997070313 0.0915679931640625
-0.0587654113769531 0.0392608642578125 -0.031829833984375 0.113998413085938
-0.0278739929199219 0.0547370910644531 0.015045166015625 0.0995025634765625
0.00996017456054687 0.0629463195800781 0.046234130859375 0.0660247802734375
0.0406570434570313 0.0404014587402344 0.0471954345703125 0.0243911743164063
0.0624465942382812 0.00466537475585937 0.0390625 0.00066375732421875
0.0553665161132813 -0.0215110778808594 0.0170745849609375 0.0082101821899414
0.0471611022949219 -0.0191001892089844 0.00718498229980469 0.0234546661376953
0.051422119140625 -0.02239990234375 0.00114822387695313 0.0414695739746094
0.0572319030761719 -0.0098876953125 -0.0119552612304687 0.0490264892578125
0.05084228515625 0.0165443420410156 -0.0339698791503906 0.0430221557617188
0.0364036560058594 0.0400581359863281 -0.0440254211425781 0.0194664001464844
-0.00351715087890625 0.0534095764160156 -0.0355491638183594 -0.00959777832031249
-0.0400238037109375 0.0457000732421875 -0.0223426818847656 0.0163993835449219
-0.0652580261230469 0.0283584594726562 -0.0626296997070313 0.0425300598144531
-0.0425834655761719 -0.0187721252441406 -0.0369491577148438 0.0896530151367188
-0.0495986938476563 0.00455093383789063 -0.0512924194335937 0.112136840820312
-0.0352897644042969 0.0272178649902344 0.0021820068359375 0.098236083984375
-0.0114364624023438 0.0468482971191406 0.0313644409179688 0.0617027282714844
0.0192184448242187 0.0415420532226563 0.0298519134521484 0.0218715667724609
0.0492591857910156 0.0192031860351563 0.0172586441040039 0.00719547271728516
0.0524864196777344 -0.00511932373046875 -0.00200462341308593 0.0194282531738281
0.0448379516601563 -0.00799560546875 -0.00839996337890625 0.0361404418945313
0.0503273010253906 -0.0111312866210938 -0.0129013061523438 0.0505599975585938
0.054168701171875 0.00099945068359375 -0.0255889892578125 0.0522346496582031
0.0441246032714844 0.0240287780761719 -0.0412178039550781 0.0420875549316406
0.0259933471679688 0.0448150634765625 -0.0451393127441406 0.0174903869628906
-0.017974853515625 0.0482330322265625 -0.0346870422363281 -0.0046844482421875
-0.0504417419433594 0.0248908996582031 -0.0296154022216797 0.0236835479736328
-0.0626716613769531 -0.00226211547851561 -0.0785446166992187 0.044769287109375
-0.0110054016113281 -0.0448493957519531 -0.0440902709960937 0.0795669555664063
-0.0264358520507812 -0.0288982391357422 -0.0556564331054687 0.102684020996094
-0.0308742523193359 -0.00717544555664063 -0.000953674316406243 0.0913467407226563
-0.0273189544677734 0.0192432403564453 0.0251922607421875 0.0515861511230469
-0.004669189453125 0.0319900512695312 0.0195102691650391 0.0132198333740234
0.0264225006103516 0.0292072296142578 -8.67843627929668E-05 0.00610446929931641
0.0395240783691406 0.011383056640625 -0.0193500518798828 0.0240116119384766
0.0356788635253906 0.00451278686523438 -0.0234718322753906 0.043670654296875
0.0415687561035156 0.00159454345703125 -0.02740478515625 0.0566978454589844
0.0444564819335938 0.0111579895019531 -0.0403861999511719 0.0543098449707031
0.0334796905517578 0.0289363861083984 -0.0520858764648438 0.0392303466796875
0.0128402709960938 0.0448074340820313 -0.0509757995605469 0.0128974914550781
-0.0309104919433594 0.039398193359375 -0.0376014709472656 -0.00584411621093749
-0.0548324584960938 0.0024261474609375 -0.0401153564453125 0.0218849182128906
-0.0536079406738281 -0.0323524475097656 -0.0927276611328125 0.03668212890625
0.0187797546386719 0.0544052124023438 0.09161376953125 -0.0274200439453125
0.0590667724609375 0.0145339965820313 0.0510902404785156 -0.00542068481445313
0.0325736999511719 -0.0321483612060547 0.0418014526367187 0.0115890502929687
0.0015716552734375 -0.0380287170410156 0.0645713806152344 0.000701904296874998
-0.0186233520507812 -0.0289573669433594 0.0677032470703125 -0.0284805297851563
-0.0376472473144531 -0.0172271728515625 0.0511932373046875 -0.0555877685546875
-0.0326728820800781 -0.00968933105468749 0.0387496948242187 -0.0611763000488281
-0.0278663635253906 -0.0120410919189453 0.0316123962402344 -0.0457420349121094
-0.0300846099853516 -0.025665283203125 0.0268020629882812 -0.0225162506103516
-0.00555038452148438 -0.0368537902832031 0.0141572952270508 -0.00512790679931641
0.0258045196533203 -0.02947998046875 -0.0163812637329102 -0.00569725036621094
0.0393104553222656 -0.00539398193359375 -0.0254936218261719 -0.0360870361328125
0.0321426391601563 0.0358009338378906 0.00537109375 -0.0861968994140625
0.00998306274414063 0.0629234313964844 0.044189453125 -0.0951614379882813
-0.0181198120117187 0.06549072265625 0.0399742126464844 -0.0613327026367187
-0.00999450683593749 0.0708847045898438 0.0939254760742187 -0.00323486328125
0.0414695739746094 0.0438957214355469 0.0549392700195313 0.0160446166992188
0.0360679626464844 -0.00502395629882813 0.0495834350585937 0.0254402160644531
0.0183677673339844 -0.0202198028564453 0.0750808715820313 0.0130844116210938
0.00406837463378906 -0.0230293273925781 0.0797958374023438 -0.020172119140625
-0.0131664276123047 -0.0261058807373047 0.0658340454101563 -0.0530357360839844
-0.0121192932128906 -0.0240840911865234 0.0497474670410156 -0.0590934753417969
-0.00827217102050781 -0.0238666534423828 0.0400047302246094 -0.0411796569824219
-0.00664710998535156 -0.0342311859130859 0.0337429046630859 -0.014892578125
0.0174522399902344 -0.0366744995117188 0.0177478790283203 0.00617599487304687
0.0424880981445313 -0.01708984375 -0.0179615020751953 0.00740814208984375
0.0485877990722656 0.0127639770507813 -0.0334243774414063 -0.0207538604736328
0.0246658325195313 0.0552177429199219 -0.0124359130859375 -0.0740890502929688
-0.0099639892578125 0.0807418823242188 0.0251693725585938 -0.0785446166992187
-0.0417022705078125 0.078765869140625 0.0223274230957031 -0.0396652221679687
-0.04046630859375 0.07647705078125 0.0833511352539063 0.0279998779296875
0.012664794921875 0.0687522888183594 0.0507011413574219 0.0450592041015625
0.029632568359375 0.0282058715820313 0.0534439086914063 0.0459365844726563
0.0338916778564453 0.00739669799804687 0.0813140869140625 0.0296478271484375
0.02813720703125 -0.0105724334716797 0.0866622924804688 -0.00771331787109375
0.0169353485107422 -0.0307846069335938 0.0736541748046875 -0.0446243286132813
0.0110931396484375 -0.0359001159667969 0.0550117492675781 -0.0477371215820313
0.0134696960449219 -0.0304794311523438 0.0410079956054688 -0.0299568176269531
0.0160484313964844 -0.0394515991210937 0.0333385467529297 -0.00281715393066406
0.0365486145019531 -0.0335769653320313 0.0157146453857422 0.0176525115966797
0.0530738830566406 -0.00745773315429688 -0.0210170745849609 0.0215930938720703
0.0540084838867188 0.0236549377441406 -0.0399360656738281 -0.00490188598632813
0.0231552124023438 0.0642623901367188 -0.0289077758789063 -0.0568580627441406
-0.0191650390625 0.0867996215820313 0.00600814819335937 -0.0544548034667969
-0.0554046630859375 0.0833892822265625 0.00095272064208984 -0.0156326293945312
-0.0670280456542969 0.0664329528808594 0.0590057373046875 0.0593185424804688
-0.0222015380859375 0.0789031982421875 0.03271484375 0.077178955078125
0.0130882263183594 0.0570220947265625 0.049560546875 0.0686988830566406
0.0403900146484375 0.0378761291503906 0.0793533325195313 0.046875
0.048126220703125 0.00782012939453125 0.0825958251953125 0.00656890869140625
0.0455513000488281 -0.0266876220703125 0.072021484375 -0.0309677124023438
0.0340614318847656 -0.0404586791992188 0.0503730773925781 -0.0311927795410156
0.0308799743652344 -0.0331649780273438 0.0348224639892578 -0.0143947601318359
0.0358695983886719 -0.0396156311035156 0.0265445709228516 0.010833740234375
0.0486564636230469 -0.02923583984375 0.0111808776855469 0.029510498046875
0.0580596923828125 -8.0108642578125E-05 -0.0224380493164062 0.0325164794921875
0.0542831420898438 0.0289421081542969 -0.041748046875 0.00979995727539064
0.0200386047363281 0.0649452209472656 -0.0375556945800781 -0.0371894836425781
-0.024658203125 0.0835647583007813 -0.00740623474121094 -0.0269355773925781
-0.06256103515625 0.07684326171875 -0.0210819244384766 0.0101547241210938
-0.0799407958984375 0.04522705078125 0.02484130859375 0.0830307006835938
-0.0521621704101562 0.070587158203125 0.00410461425781249 0.102943420410156
-0.00974273681640626 0.0697784423828125 0.035980224609375 0.0877914428710938
0.0320358276367188 0.0627708435058594 0.0669784545898438 0.0610771179199219
0.0544815063476563 0.0281791687011719 0.0685272216796875 0.0172576904296875
0.0635414123535156 -0.0145645141601563 0.0600509643554688 -0.0147628784179688
0.0511207580566406 -0.0364952087402344 0.0366439819335938 -0.01190185546875
0.0443382263183594 -0.03070068359375 0.0233821868896484 0.00328445434570312
0.0489082336425781 -0.0351142883300781 0.0169887542724609 0.0254840850830078
0.0580940246582031 -0.0226554870605469 0.00266265869140625 0.0386848449707031
0.0585670471191406 0.00818252563476563 -0.0249404907226563 0.0396919250488281
0.0491447448730469 0.0351028442382813 -0.0408439636230469 0.0184097290039063
0.0120429992675781 0.0617218017578125 -0.0363197326660156 -0.019439697265625
-0.0318183898925781 0.0698013305664063 -0.0139608383178711 -0.000300407409667967
-0.0668907165527344 0.0593986511230469 -0.041595458984375 0.0325050354003906
-0.0727081298828125 0.013641357421875 -0.00889587402343751 0.0951156616210938
-0.0651512145996094 0.0433807373046875 -0.0255126953125 0.115707397460938
-0.030792236328125 0.06060791015625 0.0193710327148437 0.0971450805664063
0.0120506286621094 0.0679512023925781 0.0476531982421875 0.0652885437011719
0.0451393127441406 0.0426216125488281 0.0482025146484375 0.0231704711914063
0.0675506591796875 0.00244903564453125 0.0389289855957031 -0.000881195068359375
0.0591239929199219 -0.0258293151855469 0.0189170837402344 0.00594329833984375
0.0500068664550781 -0.0232696533203125 0.00811767578125001 0.0209407806396484
0.0557861328125 -0.0268058776855469 0.00413894653320313 0.0385055541992188
0.0623931884765625 -0.0135231018066406 -0.00819015502929688 0.0459022521972656
0.0566253662109375 0.0161933898925781 -0.0304641723632812 0.0416831970214844
0.0406341552734375 0.0416793823242188 -0.0393486022949219 0.0196571350097656
-0.0025177001953125 0.0591545104980469 -0.0323104858398438 -0.00890350341796874
-0.0440406799316406 0.0532493591308594 -0.0187034606933594 0.0184078216552734
-0.0707244873046875 0.0343780517578125 -0.0607528686523438 0.0464439392089844
-0.0506553649902344 -0.0186882019042969 -0.0342178344726563 0.0950088500976563
-0.0576133728027344 0.00745773315429687 -0.04693603515625 0.115509033203125
-0.0399513244628906 0.0313835144042969 0.00554656982421875 0.096710205078125
-0.0104446411132813 0.0531654357910156 0.0324325561523438 0.0598602294921875
0.0243721008300781 0.0457000732421875 0.0295886993408203 0.0204372406005859
0.0559272766113281 0.0176467895507813 0.0172615051269531 0.0062408447265625
0.0567131042480469 -0.0104637145996094 -0.00120735168457031 0.0199623107910156
0.0486831665039062 -0.0125846862792969 -0.00737380981445312 0.0356636047363281
0.0544891357421875 -0.0161857604980469 -0.0107231140136719 0.0497245788574219
0.0600128173828125 -0.00326156616210938 -0.0236358642578125 0.0505828857421875
0.050628662109375 0.0231552124023438 -0.0394973754882813 0.0406532287597656
0.0310783386230469 0.0474205017089844 -0.0425071716308594 0.0181999206542969
-0.0171470642089844 0.0540618896484375 -0.0314826965332031 -0.00334358215332031
-0.0551795959472656 0.0323638916015625 -0.0266647338867187 0.0275192260742188
-0.06988525390625 0.00291824340820311 -0.0779495239257812 0.0487060546875
-0.019622802734375 -0.0466499328613281 -0.044219970703125 0.0842666625976563
-0.035552978515625 -0.0291862487792969 -0.0519332885742188 0.105903625488281
-0.0360221862792969 -0.00409698486328125 0.00241851806640625 0.0894393920898438
-0.0279960632324219 0.0269622802734375 0.0255050659179688 0.0488052368164063
-0.000179290771484373 0.0364532470703125 0.0168552398681641 0.0119085311889648
0.0336036682128906 0.0284595489501953 -0.00310420989990234 0.00684452056884766
0.0450172424316406 0.0073699951171875 -0.0201854705810547 0.0267353057861328
0.0393409729003906 0.000274658203125 -0.0224380493164063 0.0455284118652344
0.0457382202148438 -0.0031280517578125 -0.0268478393554687 0.0578689575195313
0.0499496459960938 0.00762557983398438 -0.0390586853027344 0.0533790588378906
0.0389213562011719 0.0285186767578125 -0.05145263671875 0.0392799377441406
0.0198478698730469 0.0471420288085937 -0.04974365234375 0.0133285522460938
-0.0294189453125 0.0447883605957031 -0.0354995727539063 -0.00516891479492187
-0.0597686767578125 0.00877761840820313 -0.0388526916503906 0.0266685485839844
-0.061004638671875 -0.0289955139160156 -0.0950698852539063 0.0414352416992187
0.0240440368652344 0.0529937744140625 0.0962753295898437 -0.0342330932617188
0.0622100830078125 0.00889205932617188 0.0525321960449219 -0.0105133056640625
0.0306358337402344 -0.0361824035644531 0.0411262512207031 0.0108070373535156
-0.002716064453125 -0.0406265258789063 0.0661659240722656 0.000160217285156248
-0.022796630859375 -0.0271396636962891 0.0699043273925781 -0.0299224853515625
-0.041412353515625 -0.0123748779296875 0.0535697937011719 -0.0585098266601563
-0.0353050231933594 -0.00512695312499999 0.0397224426269531 -0.0656890869140625
-0.0296764373779297 -0.00850296020507812 0.0324974060058594 -0.050628662109375
-0.0340843200683594 -0.021728515625 0.0298709869384766 -0.0278377532958984
-0.0103569030761719 -0.0371742248535156 0.0174322128295898 -0.00813770294189453
0.0227165222167969 -0.0340900421142578 -0.0123214721679687 -0.00568580627441406
0.0396766662597656 -0.0108375549316406 -0.0232048034667969 -0.0336418151855469
0.0385704040527344 0.03436279296875 0.00379943847656251 -0.085968017578125
0.0188407897949219 0.0651283264160156 0.0441360473632813 -0.0995407104492188
-0.0109405517578125 0.0692787170410156 0.0438423156738281 -0.06640625
-0.007568359375 0.072235107421875 0.101654052734375 -0.00953674316406249
0.044342041015625 0.0408363342285156 0.0584754943847656 0.0104408264160156
0.034332275390625 -0.00730514526367187 0.0491180419921875 0.0245819091796875
0.0176887512207031 -0.0203647613525391 0.0771408081054688 0.0126571655273437
0.000974655151367189 -0.0230960845947266 0.0828094482421875 -0.0221786499023437
-0.0156383514404297 -0.0244426727294922 0.068817138671875 -0.0570297241210938
-0.0141048431396484 -0.0222301483154297 0.0520706176757813 -0.0644645690917969
-0.00810432434082031 -0.0219650268554688 0.0406150817871094 -0.048095703125
-0.00893592834472656 -0.0331878662109375 0.0367698669433594 -0.0217819213867188
0.0145149230957031 -0.0377159118652344 0.0225067138671875 0.00170516967773437
0.0419425964355469 -0.0204505920410156 -0.0130987167358398 0.007598876953125
0.0506973266601563 0.0103492736816406 -0.0300102233886719 -0.0192451477050781
0.0305442810058594 0.0554428100585938 -0.013275146484375 -0.0730667114257813
-0.0035552978515625 0.0850906372070313 0.0264129638671875 -0.08172607421875
-0.0372238159179688 0.0856781005859375 0.0271720886230469 -0.0434036254882813
-0.0406494140625 0.0797805786132813 0.0929412841796875 0.0234222412109375
0.01446533203125 0.0695343017578125 0.0543289184570312 0.0402603149414063
0.0292816162109375 0.0283966064453125 0.0538482666015625 0.0435714721679688
0.0344715118408203 0.00807380676269531 0.0838775634765625 0.0282058715820313
0.0290451049804688 -0.0104465484619141 0.0898666381835938 -0.0101089477539063
0.016632080078125 -0.0305595397949219 0.076568603515625 -0.0492172241210938
0.01080322265625 -0.0358390808105469 0.0566749572753906 -0.0548095703125
0.0131988525390625 -0.0312595367431641 0.0424842834472656 -0.0363121032714844
0.0160865783691406 -0.0403175354003906 0.0367202758789063 -0.00978469848632813
0.0359458923339844 -0.036407470703125 0.0215072631835938 0.0133953094482422
0.0546798706054688 -0.0101852416992188 -0.0147895812988281 0.019683837890625
0.0574226379394531 0.022705078125 -0.0358161926269531 -0.00310134887695313
0.0272865295410156 0.0671005249023438 -0.028839111328125 -0.0547752380371094
-0.0157699584960937 0.0937423706054688 0.0069732666015625 -0.0568733215332031
-0.0536575317382813 0.0909957885742187 0.00622749328613281 -0.0173540115356445
-0.070587158203125 0.0726089477539063 0.0684013366699219 0.0578536987304688
-0.0226974487304688 0.0844650268554688 0.038116455078125 0.07501220703125
0.0131378173828125 0.0604248046875 0.051116943359375 0.0676231384277344
0.0426254272460937 0.0406265258789062 0.0824737548828125 0.0475921630859375
0.0506134033203125 0.00840377807617188 0.0859222412109375 0.00313568115234375
0.0460853576660156 -0.0279998779296875 0.0751113891601563 -0.0360488891601563
0.0354804992675781 -0.0428466796875 0.05224609375 -0.0367851257324219
0.0338554382324219 -0.03582763671875 0.0366325378417969 -0.0196952819824219
0.036956787109375 -0.0419731140136719 0.0303363800048828 0.0055694580078125
0.0513992309570313 -0.0330963134765625 0.0166511535644531 0.0243110656738281
0.0618057250976563 -0.00175094604492188 -0.0173130035400391 0.0307788848876953
0.0587081909179688 0.0300521850585938 -0.0374641418457031 0.0106391906738281
0.023101806640625 0.0690383911132812 -0.0361862182617188 -0.03521728515625
-0.0235595703125 0.0907363891601563 -0.00376129150390625 -0.0274181365966797
-0.0637664794921875 0.0854034423828125 -0.0153512954711914 0.0106668472290039
-0.0854949951171875 0.05047607421875 0.033538818359375 0.0848541259765625
-0.0551910400390625 0.0778656005859375 0.00909423828125 0.103248596191406
-0.0114364624023438 0.0766372680664063 0.0384521484375 0.0875701904296875
0.0355110168457031 0.0674095153808594 0.0695419311523438 0.0603370666503906
0.0601806640625 0.0302047729492188 0.0723419189453125 0.0161819458007813
0.0687675476074219 -0.0175628662109375 0.0611610412597656 -0.0186729431152344
0.0543136596679688 -0.0410957336425781 0.0392570495605469 -0.0163841247558594
0.0476188659667969 -0.0341148376464844 0.0254306793212891 -7.43865966796896E-05
0.0521278381347656 -0.0401649475097656 0.0184440612792969 0.0211963653564453
0.0627784729003906 -0.0264244079589844 0.00664901733398438 0.0351905822753906
0.0644035339355469 0.00713348388671875 -0.0208358764648437 0.0374488830566406
0.0549774169921875 0.0367507934570313 -0.0366020202636719 0.018341064453125
0.0137252807617188 0.0672569274902344 -0.0341987609863281 -0.0181312561035156
-0.033050537109375 0.0784225463867188 -0.00992679595947266 0.000945091247558597
-0.0714187622070313 0.0684814453125 -0.0373611450195313 0.0343132019042969
-0.0816650390625 0.019989013671875 -0.00318145751953127 0.0995254516601563
-0.0711288452148438 0.051116943359375 -0.0205459594726562 0.11859130859375
-0.03424072265625 0.0682106018066406 0.0213623046875 0.0979385375976563
0.0149993896484375 0.0755462646484375 0.0503616333007812 0.0649528503417969
0.0512771606445313 0.0456314086914063 0.0499992370605469 0.0216712951660156
0.0731048583984375 -0.00112152099609375 0.0405921936035156 -0.00383377075195313
0.0634002685546875 -0.0311660766601563 0.0199337005615234 0.00446128845214844
0.0538101196289063 -0.0277290344238281 0.00939369201660156 0.0191116333007813
0.0589103698730469 -0.0320510864257813 0.00409317016601563 0.0362663269042969
0.0672836303710938 -0.0189590454101563 -0.006683349609375 0.04339599609375
0.0631866455078125 0.0157127380371094 -0.0277328491210937 0.0402603149414063
0.0486793518066406 0.045135498046875 -0.0370407104492188 0.0194816589355469
-0.000816345214843749 0.0655860900878906 -0.0301151275634766 -0.00848388671874999
-0.0466690063476562 0.0615425109863281 -0.0150909423828125 0.0200386047363281
-0.0764617919921875 0.0409469604492188 -0.0584564208984375 0.0492935180664063
-0.0598258972167969 -0.0165901184082031 -0.0312423706054688 0.1014404296875
-0.0658302307128906 0.0119819641113281 -0.0437545776367188 0.119926452636719
-0.0444412231445312 0.0386848449707031 0.00799560546874999 0.09765625
-0.00917816162109375 0.0614433288574219 0.0325851440429688 0.0598220825195313
0.0297698974609375 0.0482826232910156 0.0287151336669922 0.0206413269042969
0.06304931640625 0.015045166015625 0.0164899826049805 0.00559329986572266
0.0615386962890625 -0.0161094665527344 -0.00113105773925781 0.0208625793457031
0.0526084899902344 -0.0177040100097656 -0.00730514526367188 0.0362510681152344
0.0587501525878906 -0.0214653015136719 -0.0114822387695312 0.0491828918457031
0.0661087036132813 -0.00799942016601563 -0.0233078002929688 0.0499420166015625
0.0577659606933594 0.0229263305664063 -0.0385055541992187 0.0399131774902344
0.0384025573730469 0.0499000549316406 -0.0408897399902344 0.0168266296386719
-0.01556396484375 0.0617179870605469 -0.0295619964599609 -0.00368118286132812
-0.0592269897460938 0.0409317016601562 -0.0242900848388672 0.0290031433105469
-0.0771102905273437 0.00910186767578125 -0.0793075561523438 0.0548095703125
-0.0287399291992188 -0.0474281311035156 -0.0447845458984375 0.0910110473632813
-0.0441398620605469 -0.0267372131347656 -0.0506973266601563 0.111114501953125
-0.0419845581054688 0.000492095947265621 0.0043182373046875 0.08984375
-0.0276203155517578 0.0336074829101563 0.0243492126464844 0.0490341186523438
0.00456619262695313 0.0406875610351563 0.0142107009887695 0.0119829177856445
0.0398101806640625 0.02667236328125 -0.00477313995361328 0.00863170623779297
0.0494613647460937 0.002227783203125 -0.0210990905761719 0.0299091339111328
0.0431785583496094 -0.0033721923828125 -0.0228614807128906 0.049285888671875
0.0501594543457031 -0.00789260864257813 -0.0268783569335938 0.0609817504882812
0.0542869567871094 0.00300216674804688 -0.0400619506835938 0.0548667907714844
0.0450439453125 0.0275039672851562 -0.0526313781738281 0.0390052795410156
0.0245513916015625 0.04949951171875 -0.0495758056640625 0.012359619140625
-0.0281486511230469 0.0518569946289063 -0.0340118408203125 -0.00448226928710937
-0.0649604797363281 0.0152778625488281 -0.0373306274414063 0.0313606262207031
-0.0677490234375 -0.024444580078125 -0.0987014770507813 0.04742431640625
0.030670166015625 0.0522575378417969 0.101982116699219 -0.0430145263671875
0.0651664733886719 0.00226211547851563 0.0529632568359375 -0.0171585083007813
0.0287284851074219 -0.0414772033691406 0.0407867431640625 0.009368896484375
-0.007720947265625 -0.042205810546875 0.0687141418457031 -0.000167846679687503
-0.0277385711669922 -0.0264072418212891 0.0741195678710938 -0.03289794921875
-0.0452842712402344 -0.00751113891601563 0.0563735961914063 -0.0634193420410156
-0.03631591796875 -0.00020217895507813 0.040618896484375 -0.07275390625
-0.0314178466796875 -0.00492095947265625 0.0324821472167969 -0.0567588806152344
-0.0385513305664063 -0.0175666809082031 0.0314884185791016 -0.0338573455810547
-0.0166053771972656 -0.0368766784667969 0.0215263366699219 -0.0124416351318359
0.0189094543457031 -0.0382156372070313 -0.00882244110107422 -0.00671005249023438
0.0402565002441406 -0.0161094665527344 -0.0204849243164062 -0.0330371856689453
0.04510498046875 0.0312042236328125 0.00262451171875 -0.086822509765625
0.0273780822753906 0.0659370422363281 0.0431671142578125 -0.106178283691406
-0.00344085693359375 0.0732879638671875 0.0464401245117187 -0.0743179321289063
-0.00214385986328125 0.0750579833984375 0.109825134277344 -0.017486572265625
0.0485420227050781 0.0385360717773438 0.0608100891113281 0.004547119140625
0.0337467193603516 -0.00960350036621094 0.0504379272460937 0.0229034423828125
0.0142707824707031 -0.0222091674804688 0.080657958984375 0.01129150390625
-0.000854492187500002 -0.0217208862304687 0.0871658325195312 -0.0258331298828125
-0.0180244445800781 -0.0208892822265625 0.07159423828125 -0.0638351440429688
-0.014678955078125 -0.0205669403076172 0.0529327392578125 -0.0727462768554688
-0.00914955139160156 -0.0211544036865234 0.0409622192382813 -0.054962158203125
-0.0114250183105469 -0.0318832397460938 0.0387840270996094 -0.0285682678222656
0.0119400024414063 -0.0390548706054688 0.0278072357177734 -0.00317764282226563
0.0413780212402344 -0.0245361328125 -0.00814580917358398 0.00656986236572265
0.0530624389648437 0.00672531127929687 -0.0265560150146484 -0.0178012847900391
0.0366401672363281 0.056549072265625 -0.0143356323242187 -0.0733642578125
0.00287628173828125 0.0901260375976563 0.0254592895507812 -0.0869369506835938
-0.032135009765625 0.0931243896484375 0.0312004089355469 -0.0489273071289063
-0.0399627685546875 0.0859375 0.102920532226562 0.017364501953125
0.01708984375 0.0718536376953125 0.0596733093261719 0.0360755920410156
0.0300121307373047 0.0292510986328125 0.0565681457519531 0.0431175231933594
0.0359039306640625 0.00872421264648438 0.088897705078125 0.028350830078125
0.0292778015136719 -0.0101795196533203 0.0949554443359375 -0.0147247314453125
0.0158958435058594 -0.0298004150390625 0.0798873901367188 -0.056793212890625
0.011077880859375 -0.0371055603027344 0.0590019226074219 -0.0633583068847656
0.0142440795898437 -0.0329761505126953 0.0432624816894531 -0.0442581176757813
0.0151824951171875 -0.0420455932617188 0.039154052734375 -0.0164070129394531
0.0358734130859375 -0.0388946533203125 0.0266475677490234 0.00778961181640625
0.0570793151855469 -0.0135269165039063 -0.009979248046875 0.0184173583984375
0.0620460510253906 0.0201301574707031 -0.0314693450927734 -0.00165176391601562
0.0323829650878906 0.0693626403808594 -0.0287628173828125 -0.0544509887695312
-0.010589599609375 0.101524353027344 0.00765991210937499 -0.0603752136230469
-0.051300048828125 0.101127624511719 0.0106601715087891 -0.0204925537109375
-0.0736770629882813 0.0813827514648438 0.07977294921875 0.0546875
-0.0229415893554687 0.0914154052734375 0.044036865234375 0.07208251953125
0.0145187377929688 0.0655860900878906 0.0543403625488281 0.0667839050292969
0.0470123291015625 0.0435714721679688 0.0881729125976563 0.0466995239257813
0.0547409057617188 0.0089263916015625 0.0911636352539063 7.62939453125006E-05
0.0489158630371094 -0.0304298400878906 0.0776443481445313 -0.0424957275390625
0.0360298156738281 -0.0469398498535156 0.0536460876464844 -0.0444488525390625
0.0355148315429688 -0.039306640625 0.037689208984375 -0.02642822265625
0.0379524230957031 -0.0468254089355469 0.0327320098876953 -0.00121879577636719
0.05487060546875 -0.0376625061035156 0.0203323364257813 0.0194625854492187
0.0670738220214844 -0.005126953125 -0.0126075744628906 0.0287685394287109
0.0650444030761719 0.0296554565429687 -0.0333538055419922 0.0110378265380859
0.0276641845703125 0.0743560791015625 -0.0344963073730469 -0.0344715118408203
-0.0212631225585938 0.100273132324219 -0.002288818359375 -0.0292720794677734
-0.0645675659179688 0.0962066650390625 -0.0115833282470703 0.0103979110717773
-0.0929412841796875 0.0592803955078125 0.042999267578125 0.08648681640625
-0.05792236328125 0.08843994140625 0.0163192749023437 0.104377746582031
-0.011077880859375 0.0845413208007812 0.0421142578125 0.087860107421875
0.0411376953125 0.0725021362304687 0.0745315551757812 0.0602340698242188
0.0662078857421875 0.0304679870605469 0.0757293701171875 0.0134735107421875
0.0730743408203125 -0.021697998046875 0.0642585754394531 -0.0243911743164062
0.0559844970703125 -0.0478858947753906 0.0409889221191406 -0.0210609436035156
0.050689697265625 -0.0403861999511719 0.0255470275878906 -0.00421905517578125
0.05535888671875 -0.0464439392089844 0.0208110809326172 0.0172519683837891
0.0667304992675781 -0.0323371887207031 0.00867080688476563 0.0311374664306641
0.0715408325195312 0.0045013427734375 -0.0177154541015625 0.0361862182617188
0.0625495910644531 0.0379981994628906 -0.0337696075439453 0.0180778503417969
0.017425537109375 0.0743026733398438 -0.0330352783203125 -0.0184841156005859
-0.0338287353515625 0.0895156860351563 -0.0071406364440918 -0.0005655288696289
-0.0743789672851563 0.0789794921875 -0.0340766906738281 0.0370674133300781
-0.091033935546875 0.0260772705078125 0.00383758544921875 0.104667663574219
-0.0775146484375 0.0615463256835938 -0.0149383544921875 0.123825073242188
-0.0357742309570312 0.077178955078125 0.0253219604492187 0.0991897583007813
0.0205459594726563 0.082275390625 0.0539894104003906 0.06695556640625
0.0589675903320313 0.0469245910644531 0.0527191162109375 0.0214042663574219
0.0803604125976563 -0.0060882568359375 0.0413017272949219 -0.00727081298828125
0.0668411254882813 -0.0383186340332031 0.0212574005126953 0.0028533935546875
0.0572662353515625 -0.034515380859375 0.0102920532226563 0.0175189971923828
0.0629997253417969 -0.0404891967773438 0.00581741333007813 0.0349502563476563
0.0730209350585938 -0.02508544921875 -0.00577926635742187 0.0414047241210938
0.071319580078125 0.0128326416015625 -0.0267829895019531 0.0394363403320312
0.0557136535644531 0.0466880798339844 -0.0350761413574219 0.0188350677490234
0.00209808349609374 0.0728530883789063 -0.0290241241455078 -0.00840759277343749
-0.0486907958984375 0.07281494140625 -0.0117244720458984 0.0205020904541016
-0.0823135375976563 0.0518569946289062 -0.0567054748535156 0.0545616149902344
-0.0700263977050781 -0.0121994018554688 -0.0276031494140625 0.109214782714844
-0.07379150390625 0.0205612182617188 -0.0399246215820313 0.126358032226563
-0.0487632751464844 0.0471725463867188 0.0109329223632812 0.098968505859375
-0.00576400756835937 0.069671630859375 0.0341835021972656 0.0617446899414063
0.0371322631835937 0.0519561767578125 0.0289649963378906 0.0206756591796875
0.070648193359375 0.0108261108398438 0.0158720016479492 0.00506019592285156
0.065521240234375 -0.0230674743652344 -0.00129508972167968 0.0222854614257813
0.055999755859375 -0.0240707397460938 -0.00606536865234375 0.037628173828125
0.0626487731933594 -0.029327392578125 -0.0107383728027344 0.0512619018554688
0.0705795288085938 -0.0149383544921875 -0.0233001708984375 0.0505867004394531
0.0651817321777344 0.0207176208496094 -0.0391654968261719 0.0401954650878906
0.046234130859375 0.0515403747558594 -0.0405426025390625 0.0169448852539062
-0.0128288269042969 0.0693550109863281 -0.02850341796875 -0.004058837890625
-0.0629615783691406 0.0513763427734375 -0.0218009948730469 0.0330429077148438
-0.0839996337890625 0.0179824829101562 -0.0804443359375 0.061187744140625
-0.0369300842285156 -0.0483283996582031 -0.0437698364257813 0.0998077392578125
-0.0527572631835938 -0.0232963562011719 -0.0490646362304688 0.118949890136719
-0.0474281311035156 0.0059051513671875 0.00645446777343749 0.0912399291992188
-0.0277671813964844 0.0414543151855469 0.0239105224609375 0.0495567321777344
0.00967407226562499 0.0447807312011719 0.0120773315429688 0.0132226943969727
0.0473213195800781 0.024322509765625 -0.00682544708251953 0.0100374221801758
0.0527534484863281 -0.00385665893554688 -0.0212020874023437 0.0345611572265625
0.0456695556640625 -0.0093536376953125 -0.0221328735351563 0.0524368286132813
0.0526390075683594 -0.0139579772949219 -0.0273895263671875 0.0643081665039062
0.0596771240234375 -0.00279617309570313 -0.0421142578125 0.0579032897949219
0.0521316528320313 0.0254554748535156 -0.0534858703613281 0.0410995483398438
0.0316619873046875 0.0514030456542969 -0.0501976013183594 0.0133285522460937
-0.0261383056640625 0.0581321716308594 -0.0340480804443359 -0.00455474853515625
-0.0685043334960937 0.0243568420410156 -0.0353164672851563 0.0353355407714844
-0.0768203735351562 -0.0187911987304688 -0.103538513183594 0.055145263671875
0.0378303527832031 0.0506057739257812 0.104202270507813 -0.05523681640625
0.0693359375 -0.00695037841796875 0.0511207580566406 -0.0234107971191406
0.025726318359375 -0.0481033325195313 0.0409355163574219 0.00662994384765625
-0.0130043029785156 -0.04364013671875 0.0714111328125 -0.00371551513671875
-0.0311012268066406 -0.0241718292236328 0.0762557983398438 -0.0380783081054688
-0.0485610961914063 -0.00104904174804688 0.0573844909667969 -0.0700607299804688
-0.0377464294433594 0.00465011596679687 0.0380172729492188 -0.0810775756835938
-0.0321388244628906 -0.000894546508789064 0.0306587219238281 -0.0648078918457031
-0.0421829223632813 -0.0116462707519531 0.0304908752441406 -0.0414237976074219
-0.0221633911132813 -0.0339775085449219 0.0231075286865234 -0.0193634033203125
0.0140495300292969 -0.0420150756835938 -0.00556850433349609 -0.00931739807128906
0.0380134582519531 -0.0228157043457031 -0.0197219848632812 -0.0332279205322266
0.04986572265625 0.0260887145996094 -0.00108337402343749 -0.0885848999023437
0.0377235412597656 0.0645751953125 0.0371932983398437 -0.113479614257813
0.006988525390625 0.0758895874023438 0.0463333129882812 -0.0847930908203125
0.00196838378906249 0.0779495239257812 0.115074157714844 -0.029144287109375
0.0514907836914063 0.0348472595214844 0.0630607604980469 -0.00474929809570312
0.0327510833740234 -0.01171875 0.0515899658203125 0.0216331481933594
0.0115242004394531 -0.0225143432617188 0.08416748046875 0.008331298828125
-0.00312232971191406 -0.0212459564208984 0.08990478515625 -0.0322952270507813
-0.0193901062011719 -0.0175609588623047 0.0721282958984375 -0.07232666015625
-0.0151939392089844 -0.0177898406982422 0.050750732421875 -0.0842132568359375
-0.0105857849121094 -0.0195960998535156 0.0398941040039063 -0.063232421875
-0.0147190093994141 -0.0296573638916016 0.0396881103515625 -0.037872314453125
0.00793838500976563 -0.0396766662597656 0.0304412841796875 -0.0106735229492188
0.039581298828125 -0.0287742614746094 -0.00323963165283203 0.00263071060180664
0.0543251037597656 0.0006561279296875 -0.0241889953613281 -0.0173797607421875
0.0429954528808594 0.0545997619628906 -0.015869140625 -0.0736618041992188
0.0131301879882813 0.0931625366210938 0.0223617553710937 -0.0926284790039063
-0.023193359375 0.100692749023437 0.0341339111328125 -0.0566062927246094
-0.0357666015625 0.0943603515625 0.1114501953125 0.00708007812500001
0.0225601196289063 0.0741119384765625 0.0643653869628906 0.0290985107421875
0.0316009521484375 0.0295867919921875 0.0596923828125 0.0408363342285156
0.03778076171875 0.00743865966796875 0.0941009521484375 0.0235137939453125
0.0305233001708984 -0.0105552673339844 0.0992431640625 -0.0211410522460938
0.0148563385009766 -0.0316925048828125 0.0803146362304688 -0.066497802734375
0.00984573364257812 -0.0382575988769531 0.0566253662109375 -0.0725479125976563
0.0143890380859375 -0.0355949401855469 0.0417404174804688 -0.0528831481933594
0.0133056640625 -0.0446586608886719 0.0396308898925781 -0.0255126953125
0.0349273681640625 -0.0432929992675781 0.0291957855224609 -0.000589370727539065
0.0590629577636719 -0.018218994140625 -0.00507640838623047 0.0147705078125
0.0670089721679688 0.0165328979492188 -0.0271453857421875 -0.00181388854980468
0.0398826599121094 0.0699272155761719 -0.0298194885253906 -0.0544624328613281
-0.00196075439453125 0.107650756835938 0.00678253173828125 -0.06439208984375
-0.0453720092773438 0.111846923828125 0.0130519866943359 -0.0244789123535156
-0.0731964111328125 0.0920944213867188 0.09051513671875 0.049591064453125
-0.0193557739257813 0.098358154296875 0.0522918701171875 0.0683326721191406
0.0173797607421875 0.0715103149414063 0.0589981079101563 0.0650405883789063
0.0535507202148438 0.04461669921875 0.0955276489257813 0.0423049926757813
0.0594825744628906 0.00677108764648438 0.096588134765625 -0.00640106201171875
0.0506858825683594 -0.0357208251953125 0.07806396484375 -0.0517044067382812
0.0367050170898438 -0.053863525390625 0.054412841796875 -0.0532646179199219
0.0358314514160156 -0.0465583801269531 0.0359992980957031 -0.0337982177734375
0.0374336242675781 -0.0541152954101563 0.0333824157714844 -0.0091094970703125
0.0560073852539063 -0.0433235168457031 0.0226421356201172 0.0137977600097656
0.072235107421875 -0.0102615356445312 -0.0079669952392578 0.0264835357666016
0.072479248046875 0.0269699096679688 -0.0295467376708984 0.0114250183105469
0.0355606079101563 0.0780715942382813 -0.0340423583984375 -0.0356407165527344
-0.0137557983398437 0.110397338867188 -0.00146865844726563 -0.0323047637939453
-0.0612106323242188 0.107818603515625 -0.00746440887451172 0.00948143005371094
-0.095977783203125 0.0722808837890625 0.0533676147460938 0.0853729248046875
-0.0566482543945313 0.09942626953125 0.0242385864257812 0.104354858398437
-0.00724792480468749 0.094085693359375 0.0465774536132813 0.0870590209960938
0.0508651733398437 0.077056884765625 0.0810165405273438 0.05877685546875
0.0746307373046875 0.0275039672851563 0.0809249877929688 0.00890350341796875
0.0767974853515625 -0.0294113159179688 0.0650978088378906 -0.0313529968261719
0.0558586120605469 -0.055816650390625 0.0421600341796875 -0.0275611877441406
0.0525741577148438 -0.0487937927246094 0.0249423980712891 -0.00958251953125
0.0556068420410156 -0.0560035705566406 0.0217800140380859 0.0120639801025391
0.07080078125 -0.0429763793945313 0.0108890533447266 0.0269088745117188
0.0783615112304688 -0.00243377685546875 -0.0146961212158203 0.033966064453125
0.0714263916015625 0.037078857421875 -0.0303859710693359 0.0187492370605469
0.024322509765625 0.0794677734375 -0.0331230163574219 -0.0197887420654297
-0.029876708984375 0.101165771484375 -0.00303983688354492 -0.000783681869506829
-0.0732955932617188 0.0931167602539063 -0.0286674499511719 0.0386466979980469
-0.0999069213867188 0.0365753173828125 0.0150909423828125 0.109336853027344
-0.0791015625 0.0742034912109375 -0.00676727294921875 0.128761291503906
-0.0341949462890625 0.0892868041992188 0.0314102172851563 0.099517822265625
0.0298309326171875 0.0889663696289063 0.0604209899902344 0.0655937194824219
0.0674896240234375 0.0470733642578125 0.0549507141113281 0.0192718505859375
0.0859832763671875 -0.0148849487304688 0.0432586669921875 -0.01104736328125
0.0682792663574219 -0.0483932495117188 0.0219707489013672 0.000844955444335934
0.0582847595214844 -0.0430030822753906 0.0111703872680664 0.0150928497314453
0.0661087036132813 -0.0512275695800781 0.00667381286621094 0.0339164733886719
0.07659912109375 -0.0346603393554687 -0.00405120849609374 0.0401535034179688
0.0794219970703125 0.0068206787109375 -0.0253677368164062 0.0389900207519531
0.0669479370117188 0.0449447631835938 -0.0323352813720703 0.0206203460693359
0.00944519042968751 0.08038330078125 -0.0278949737548828 -0.00988388061523437
-0.0470123291015625 0.0854110717773437 -0.0071868896484375 0.0212364196777344
-0.085052490234375 0.0654449462890625 -0.0537567138671875 0.0601730346679688
-0.07965087890625 -0.00529479980468749 -0.0207443237304687 0.117294311523438
-0.0810623168945313 0.0313644409179688 -0.0313339233398438 0.134880065917969
-0.0503768920898438 0.0578498840332031 0.0160064697265625 0.100151062011719
0.00164031982421875 0.0779953002929688 0.0384941101074219 0.0627174377441406
0.0472640991210937 0.0523490905761719 0.0287265777587891 0.0212001800537109
0.077789306640625 0.0024871826171875 0.0154895782470703 0.00431442260742187
0.0673561096191406 -0.0328750610351563 0.000841140747070318 0.02337646484375
0.0574798583984375 -0.0318527221679688 -0.00423049926757812 0.0384254455566406
0.0643844604492188 -0.0391960144042969 -0.00944137573242187 0.0538825988769531
0.0758895874023438 -0.025115966796875 -0.0224990844726562 0.052093505859375
0.0734481811523438 0.0145416259765625 -0.0387077331542969 0.0424690246582031
0.0556983947753906 0.05108642578125 -0.040313720703125 0.0178985595703125
-0.00644683837890624 0.0762252807617188 -0.0272274017333984 -0.00468063354492188
-0.0631828308105469 0.0644798278808594 -0.0176506042480469 0.0359039306640625
-0.0895919799804688 0.0292129516601563 -0.0789260864257813 0.0702972412109375
-0.048187255859375 -0.0459709167480469 -0.0413894653320313 0.109855651855469
-0.0612602233886719 -0.0164527893066406 -0.0436782836914062 0.127471923828125
-0.051483154296875 0.0159187316894531 0.0115585327148437 0.0926589965820313
-0.0244102478027344 0.0497970581054687 0.02484130859375 0.0497627258300781
0.0171051025390625 0.0485420227050781 0.0107507705688477 0.0148553848266602
0.0548248291015625 0.0194931030273438 -0.00765800476074218 0.0138511657714844
0.0563087463378906 -0.0134849548339844 -0.0199394226074219 0.0399360656738281
0.0483169555664062 -0.0156021118164062 -0.0192413330078125 0.0580863952636719
0.0550460815429688 -0.0224685668945313 -0.0259132385253906 0.0700912475585938
0.0619964599609375 -0.0112495422363281 -0.0413932800292969 0.0635147094726563
0.0596199035644531 0.0208206176757813 -0.0555534362792969 0.0437698364257813
0.0403022766113281 0.0519256591796875 -0.0506553649902344 0.0155487060546875
-0.0216064453125 0.0655059814453125 -0.0335311889648438 -0.00324440002441406
-0.071319580078125 0.0347061157226562 -0.0323562622070313 0.0416183471679687
-0.0827560424804688 -0.00957489013671876 -0.104911804199219 0.066650390625
0.0417633056640625 0.0464210510253906 0.10272216796875 -0.0687179565429688
0.0679588317871094 -0.0146713256835937 0.0469436645507813 -0.0310592651367188
0.018951416015625 -0.0501976013183594 0.0413017272949219 0.00680160522460937
-0.02044677734375 -0.0432586669921875 0.0728073120117188 -0.00713348388671875
-0.0356483459472656 -0.0207633972167969 0.0772018432617188 -0.04559326171875
-0.0465354919433594 0.00741195678710937 0.0523300170898437 -0.080108642578125
-0.0380706787109375 0.0116233825683594 0.03326416015625 -0.0882492065429688
-0.0323562622070313 0.00476074218750001 0.0253753662109375 -0.07159423828125
-0.0443305969238281 -0.0049896240234375 0.0301284790039063 -0.04803466796875
-0.0280380249023438 -0.0312442779541016 0.0234813690185547 -0.0268764495849609
0.00786972045898437 -0.045196533203125 -0.00375556945800781 -0.0126791000366211
0.0339717864990234 -0.0263538360595703 -0.0193233489990234 -0.0323200225830078
0.0557136535644531 0.0181961059570313 -0.00604248046875 -0.0879745483398438
0.0477142333984375 0.0592117309570313 0.0297775268554688 -0.120353698730469
0.0170974731445312 0.07440185546875 0.041900634765625 -0.0955352783203125
0.0114364624023438 0.0803604125976562 0.115638732910156 -0.0443496704101563
0.0541496276855469 0.0299072265625 0.0624313354492188 -0.0125541687011719
0.0296878814697266 -0.0155467987060547 0.0542030334472656 0.0170478820800781
0.00699806213378906 -0.0219440460205078 0.0885467529296875 0.00273895263671875
-0.00428199768066406 -0.0221195220947266 0.0905990600585938 -0.0402679443359375
-0.0188655853271484 -0.0132522583007813 0.067047119140625 -0.0824508666992188
-0.0178508758544922 -0.0190963745117187 0.0427932739257812 -0.0917205810546875
-0.0100479125976563 -0.0184192657470703 0.0353775024414063 -0.0740203857421875
-0.0170764923095703 -0.0262336730957031 0.0354995727539063 -0.0436592102050781
0.00614166259765625 -0.039459228515625 0.0325698852539063 -0.0175704956054688
0.03564453125 -0.033203125 0.0020374059677124 -0.000635743141174319
0.0541496276855469 -0.00641250610351563 -0.0189170837402344 -0.0170783996582031
0.0518455505371094 0.0512580871582031 -0.0180282592773438 -0.0732498168945313
0.023468017578125 0.094512939453125 0.0186767578125 -0.0972900390625
-0.011474609375 0.105667114257813 0.0326194763183594 -0.0671806335449219
-0.0286865234375 0.0990829467773438 0.117591857910156 -0.00641632080078124
0.0292205810546875 0.0742645263671875 0.0652122497558594 0.0202598571777344
0.0324878692626953 0.0282821655273438 0.060516357421875 0.0361328125
0.038909912109375 0.00822067260742188 0.09942626953125 0.0153579711914062
0.0309333801269531 -0.0127754211425781 0.0995559692382813 -0.0298385620117187
0.0147533416748047 -0.0303707122802734 0.0746383666992188 -0.0763397216796875
0.00737380981445312 -0.0386924743652344 0.0495376586914063 -0.0828399658203125
0.0128440856933594 -0.0363197326660156 0.0341949462890625 -0.0622291564941406
0.0104026794433594 -0.0472679138183594 0.0375251770019531 -0.0351943969726563
0.0329208374023438 -0.0466651916503906 0.0320854187011719 -0.00804328918457032
0.057830810546875 -0.0253105163574219 0.001007080078125 0.0113019943237305
0.0688934326171875 0.00864410400390625 -0.0226345062255859 -0.00304603576660157
0.0478668212890625 0.0685691833496094 -0.02996826171875 -0.0523452758789062
0.00975799560546874 0.110267639160156 0.00357055664062501 -0.0688247680664062
-0.032470703125 0.1177978515625 0.0145320892333984 -0.0312557220458984
-0.07098388671875 0.103248596191406 0.0975418090820313 0.0383758544921875
-0.0120315551757813 0.107589721679688 0.0576667785644531 0.0598945617675781
0.023468017578125 0.0746612548828125 0.064544677734375 0.0620956420898438
0.0604019165039062 0.0422134399414062 0.0975494384765625 0.0360260009765625
0.0618820190429688 0.00131988525390625 0.096405029296875 -0.0142364501953125
0.0498542785644531 -0.04119873046875 0.0750656127929688 -0.0621490478515625
0.03387451171875 -0.0567512512207031 0.0477523803710937 -0.0634040832519531
0.0303916931152344 -0.0509071350097656 0.0319747924804688 -0.0395545959472656
0.0361518859863281 -0.0586166381835938 0.0319137573242188 -0.0162887573242188
0.0544776916503906 -0.0505714416503906 0.0222511291503906 0.00793266296386718
0.0712127685546875 -0.0185699462890625 -0.00502395629882812 0.0205955505371094
0.0790023803710937 0.0191574096679687 -0.0250625610351562 0.0118160247802734
0.043701171875 0.0784225463867188 -0.0327014923095703 -0.0309944152832031
-0.00088500976562499 0.116943359375 -0.00264358520507812 -0.0351600646972656
-0.0497665405273438 0.1192626953125 -0.00194025039672852 0.00615787506103516
-0.0956573486328125 0.0889968872070312 0.0643157958984375 0.0799942016601563
-0.0517425537109375 0.113922119140625 0.034576416015625 0.104461669921875
-0.001373291015625 0.101036071777344 0.0541458129882812 0.084747314453125
0.061676025390625 0.0755386352539063 0.087554931640625 0.0537872314453125
0.0822067260742188 0.0224838256835938 0.083251953125 0.00220489501953125
0.0781631469726563 -0.03704833984375 0.0628318786621094 -0.0411224365234375
0.054443359375 -0.0643424987792969 0.0366439819335938 -0.0330276489257813
0.0509223937988281 -0.0556411743164063 0.0233402252197266 -0.01641845703125
0.0533790588378906 -0.0667610168457031 0.0234241485595703 0.00730705261230468
0.07037353515625 -0.05126953125 0.013671875 0.0217266082763672
0.0837020874023438 -0.008331298828125 -0.00964164733886718 0.0300655364990234
0.0798797607421875 0.0306167602539062 -0.0256938934326172 0.0194778442382813
0.0352249145507813 0.0813064575195312 -0.0337276458740234 -0.0181617736816406
-0.0221099853515625 0.107810974121094 0.000289916992187498 -0.00487184524536132
-0.0678024291992188 0.104583740234375 -0.0223312377929688 0.0414848327636719
-0.101715087890625 0.0507583618164063 0.0254974365234375 0.108963012695313
-0.0772552490234375 0.0860214233398437 0.00496673583984374 0.126953125
-0.02667236328125 0.0988616943359375 0.0353012084960938 0.09765625
0.0416107177734375 0.089202880859375 0.0617332458496094 0.0602035522460938
0.0791397094726563 0.0428924560546875 0.0563087463378906 0.0141525268554688
0.0867080688476563 -0.0266876220703125 0.0396766662597656 -0.0136947631835938
0.0652198791503906 -0.0584716796875 0.0226898193359375 -0.00466728210449219
0.0557861328125 -0.0509376525878906 0.0100088119506836 0.0147695541381836
0.0609855651855469 -0.05987548828125 0.00819206237792969 0.0303668975830078
0.0764923095703125 -0.0464859008789063 -0.00374221801757812 0.037872314453125
0.0848159790039063 -0.0035858154296875 -0.0216903686523437 0.0387496948242187
0.0751266479492188 0.0385665893554688 -0.0306835174560547 0.0194683074951172
0.0184707641601562 0.0830078125 -0.0262317657470703 -0.0107288360595703
-0.0415420532226562 0.0972976684570313 -0.00447463989257813 0.0200824737548828
-0.079986572265625 0.0803909301757813 -0.0454292297363281 0.06463623046875
-0.08538818359375 0.00562286376953123 -0.00977325439453126 0.121841430664063
-0.0805740356445312 0.0425567626953125 -0.0202789306640625 0.139129638671875
-0.0504226684570312 0.0673713684082031 0.023040771484375 0.10137939453125
0.0126724243164063 0.0831069946289063 0.0422592163085937 0.0602989196777344
0.0547752380371094 0.0505180358886719 0.0318603515625 0.0186500549316406
0.0784149169921875 -0.0081024169921875 0.0173931121826172 0.00356483459472656
0.0640907287597656 -0.0437431335449219 0.00114822387695313 0.0233917236328125
0.0575447082519531 -0.042327880859375 -0.0020294189453125 0.039581298828125
0.0622177124023438 -0.0483627319335938 -0.00539398193359375 0.0537567138671875
0.0754623413085938 -0.035186767578125 -0.0208091735839844 0.0516891479492188
0.0784530639648438 0.0058746337890625 -0.0366935729980469 0.0439224243164062
0.0651473999023438 0.0462150573730469 -0.0386428833007812 0.0200462341308594
0.00148773193359375 0.0814132690429688 -0.0283279418945312 -0.0049285888671875
-0.0605545043945313 0.0742416381835938 -0.0104198455810547 0.0347003936767578
-0.0927734375 0.0432891845703125 -0.072601318359375 0.0773086547851563
-0.0546951293945313 -0.042999267578125 -0.0320816040039063 0.116729736328125
-0.0694618225097656 -0.00665283203125 -0.0338592529296875 0.133537292480469
-0.0509300231933594 0.0229682922363281 0.0162353515625 0.0899276733398438
-0.0162086486816406 0.0548744201660156 0.0268898010253906 0.0473251342773437
0.0256233215332031 0.0482406616210938 0.0101690292358398 0.0165348052978516
0.0562515258789063 0.00975418090820313 -0.00826930999755859 0.0152978897094727
0.05340576171875 -0.0216636657714844 -0.0148658752441406 0.0420722961425781
0.0467109680175781 -0.0209884643554688 -0.0146980285644531 0.0602378845214844
0.0523452758789062 -0.0308570861816406 -0.0211105346679687 0.0730514526367187
0.0639152526855469 -0.0217132568359375 -0.037841796875 0.06549072265625
0.0611190795898438 0.0132179260253906 -0.0531196594238281 0.0480003356933594
0.0491790771484375 0.0448150634765625 -0.0499534606933594 0.0180816650390625
-0.0139694213867188 0.0704727172851562 -0.0370597839355469 -0.00473022460937499
-0.0673980712890625 0.0465888977050781 -0.0266265869140625 0.0430030822753906
-0.0877914428710937 0.00289916992187502 -0.10308837890625 0.080078125
0.0465354919433594 0.03961181640625 0.0951461791992188 -0.0773849487304688
0.061767578125 -0.0229988098144531 0.0416946411132813 -0.0345268249511719
0.01263427734375 -0.0509109497070312 0.0387458801269531 0.00565338134765625
-0.0251617431640625 -0.0390434265136719 0.0708847045898438 -0.0112991333007813
-0.0376129150390625 -0.0152435302734375 0.0741958618164063 -0.0500640869140625
-0.0456008911132813 0.012908935546875 0.0498809814453125 -0.0816879272460938
-0.0340080261230469 0.0148372650146484 0.024993896484375 -0.09075927734375
-0.0308036804199219 0.00826072692871094 0.01885986328125 -0.0749664306640625
-0.0415802001953125 0.00177001953125 0.0226249694824219 -0.0521507263183594
-0.0320911407470703 -0.0259914398193359 0.0219955444335938 -0.0306682586669922
0.000732421874999996 -0.0434036254882812 -0.00165557861328125 -0.0146074295043945
0.0309505462646484 -0.0317440032958984 -0.0163784027099609 -0.0329685211181641
0.0561714172363281 0.0109634399414063 -0.00910949707031249 -0.085968017578125
0.0542945861816406 0.0512275695800781 0.0223464965820313 -0.11956787109375
0.0251312255859375 0.0709686279296875 0.034881591796875 -0.0988006591796875
0.0152511596679688 0.0759353637695313 0.111976623535156 -0.0551605224609375
0.054351806640625 0.0216598510742188 0.0563392639160156 -0.0185661315917969
0.0265445709228516 -0.0162734985351563 0.051239013671875 0.0149345397949219
0.00598335266113281 -0.0226268768310547 0.0860671997070313 -0.00254058837890625
-0.00713634490966797 -0.0173864364624023 0.0880279541015625 -0.0480499267578125
-0.0205650329589844 -0.00987815856933594 0.0621871948242187 -0.087310791015625
-0.0165510177612305 -0.0134563446044922 0.0358810424804687 -0.0966415405273438
-0.0116157531738281 -0.016448974609375 0.0251388549804688 -0.07696533203125
-0.0180225372314453 -0.023712158203125 0.0292320251464844 -0.0524368286132813
0.000789642333984373 -0.0388412475585938 0.0284957885742187 -0.0254669189453125
0.0308799743652344 -0.0349617004394531 0.00289583206176758 -0.00400471687316895
0.0530548095703125 -0.00971221923828125 -0.0176906585693359 -0.0186977386474609
0.0550880432128906 0.0445709228515625 -0.0210189819335938 -0.0692214965820313
0.0333023071289062 0.0886688232421875 0.0110015869140625 -0.0969619750976563
-0.00189208984375 0.101806640625 0.0292320251464844 -0.0695266723632813
-0.0219802856445313 0.102851867675781 0.114753723144531 -0.0185775756835937
0.0319671630859375 0.0704193115234375 0.0633888244628906 0.0119895935058594
0.0341300964355469 0.0292167663574219 0.06011962890625 0.0315818786621094
0.0387496948242188 0.00469970703125 0.0983657836914063 0.0104217529296875
0.0305023193359375 -0.0138492584228516 0.0969924926757813 -0.0377044677734375
0.0128955841064453 -0.0302886962890625 0.0694961547851562 -0.083343505859375
0.00582122802734375 -0.0404014587402344 0.04241943359375 -0.0885848999023438
0.0104522705078125 -0.0387496948242188 0.0285453796386719 -0.0666656494140625
0.00771331787109375 -0.0460777282714844 0.0313224792480469 -0.0410614013671875
0.0274162292480469 -0.0492630004882813 0.0281200408935547 -0.0159683227539063
0.0555763244628906 -0.0291519165039062 0.00165367126464844 0.00585126876831055
0.0704498291015625 0.00494384765625 -0.0202198028564453 -0.00348854064941406
0.0539207458496094 0.0642890930175781 -0.0312423706054687 -0.0501632690429687
0.0196075439453125 0.110443115234375 0.000743865966796882 -0.06829833984375
-0.0234375 0.120704650878906 0.016510009765625 -0.0348663330078125
-0.0610122680664062 0.110832214355469 0.100830078125 0.0283203125
-0.0027313232421875 0.107002258300781 0.058868408203125 0.05224609375
0.0281906127929688 0.0739593505859375 0.0629425048828125 0.0554771423339844
0.0630378723144531 0.0393524169921875 0.0992050170898438 0.028594970703125
0.0643348693847656 -0.00156402587890625 0.0941543579101562 -0.0216293334960937
0.0466194152832031 -0.0433845520019531 0.0684928894042969 -0.0666580200195313
0.0277366638183594 -0.0600814819335937 0.0423545837402344 -0.068328857421875
0.029022216796875 -0.056060791015625 0.0270729064941406 -0.0462303161621094
0.0312538146972656 -0.0622673034667969 0.0262851715087891 -0.0224418640136719
0.0497093200683594 -0.0557365417480469 0.0231113433837891 -0.000638961791992191
0.0731582641601563 -0.0235748291015625 -0.00341510772705078 0.0171098709106445
0.0803909301757813 0.0143356323242188 -0.02130126953125 0.00745391845703125
0.050750732421875 0.0744400024414063 -0.0346965789794922 -0.0309906005859375
0.00719451904296875 0.11773681640625 -0.00278091430664062 -0.0360107421875
-0.041229248046875 0.12432861328125 -0.000103712081909182 0.00310993194580079
-0.089935302734375 0.0956268310546875 0.07135009765625 0.0709228515625
-0.0418701171875 0.116294860839844 0.0402984619140625 0.0936126708984375
0.006561279296875 0.102882385253906 0.0563125610351562 0.0781784057617188
0.06744384765625 0.0721969604492188 0.0889892578125 0.0468673706054688
0.084564208984375 0.0162200927734375 0.079620361328125 -0.00322723388671875
0.0742721557617188 -0.0453033447265625 0.0569686889648438 -0.0439338684082031
0.0468864440917969 -0.0690689086914063 0.0352745056152344 -0.0384101867675781
0.0453262329101562 -0.0624961853027344 0.0210666656494141 -0.0172939300537109
0.046661376953125 -0.0707168579101563 0.019012451171875 0.00179481506347656
0.0653915405273438 -0.0593185424804687 0.0123262405395508 0.0156412124633789
0.082550048828125 -0.0179519653320313 -0.00925636291503905 0.0278892517089844
0.0839309692382813 0.02410888671875 -0.0243320465087891 0.014923095703125
0.0420379638671875 0.080963134765625 -0.0306777954101562 -0.0183925628662109
-0.0102310180664062 0.115798950195313 -6.9141387939454E-05 -0.00540494918823242
-0.0589523315429688 0.112190246582031 -0.0184555053710937 0.0387344360351563
-0.0980453491210938 0.061279296875 0.0335006713867187 0.103836059570313
-0.0699539184570313 0.095916748046875 0.014434814453125 0.123573303222656
-0.0203781127929687 0.103614807128906 0.0402069091796875 0.0915145874023438
0.0519180297851563 0.0884552001953125 0.0673637390136719 0.0568389892578125
0.0830154418945313 0.0360488891601563 0.0566177368164063 0.0119895935058594
0.086822509765625 -0.0335006713867188 0.0360298156738281 -0.0177383422851563
0.0603370666503906 -0.0651359558105469 0.0189647674560547 -0.00520133972167969
0.0527610778808594 -0.0597991943359375 0.0113439559936523 0.0133762359619141
0.0568618774414063 -0.0708160400390625 0.0089263916015625 0.0282402038574219
0.0728225708007813 -0.0550003051757812 -0.00252532958984375 0.0353126525878906
0.0857772827148437 -0.0103225708007812 -0.0211448669433594 0.0363006591796875
0.0809097290039063 0.0329971313476563 -0.0290431976318359 0.0179462432861328
0.0261154174804688 0.0842742919921875 -0.0266551971435547 -0.00987243652343749
-0.0312423706054688 0.103958129882813 0.000255584716796871 0.0183506011962891
-0.0739593505859375 0.0891876220703125 -0.0391120910644531 0.0662078857421875
-0.0869674682617188 0.0164260864257812 0.000602722167968754 0.121467590332031
-0.077972412109375 0.0536727905273438 -0.0107345581054687 0.136398315429688
-0.04180908203125 0.0760498046875 0.0257949829101563 0.0950393676757813
0.0212631225585937 0.0830841064453125 0.0445289611816406 0.057525634765625
0.0636711120605469 0.0453720092773437 0.0295829772949219 0.0181884765625
0.0815200805664063 -0.0158615112304688 0.0133428573608398 0.00408649444580078
0.0611572265625 -0.0508041381835937 0.00344467163085938 0.0239372253417969
0.0519752502441406 -0.0499153137207031 0.00048446655273438 0.0397148132324219
0.0575065612792969 -0.0583953857421875 -0.00420379638671874 0.05291748046875
0.0712127685546875 -0.0455245971679687 -0.0186386108398437 0.0521507263183594
0.081146240234375 -0.0023193359375 -0.035552978515625 0.0441970825195313
0.0717544555664062 0.0388870239257812 -0.037689208984375 0.0188407897949219
0.01068115234375 0.0830459594726562 -0.0266780853271484 -0.00473785400390624
-0.05084228515625 0.0837249755859375 -0.00774002075195313 0.0363807678222656
-0.0853042602539063 0.053070068359375 -0.0645294189453125 0.0828018188476563
-0.0620613098144531 -0.0327262878417969 -0.0223541259765625 0.120513916015625
-0.070587158203125 0.00117492675781251 -0.02325439453125 0.13299560546875
-0.0510940551757812 0.0314407348632813 0.0203475952148437 0.0882492065429688
-0.010009765625 0.0587158203125 0.0269584655761719 0.0491447448730469
0.0330963134765625 0.0436172485351563 0.00979042053222656 0.0179500579833984
0.0594902038574219 0.00171279907226563 -0.00892829895019531 0.0193653106689453
0.0525741577148438 -0.0276527404785156 -0.0118637084960937 0.0465507507324219
0.0435142517089844 -0.0312767028808594 -0.0106201171875 0.0626602172851563
0.0502777099609375 -0.0387229919433594 -0.0147476196289062 0.0735015869140625
0.061614990234375 -0.0295791625976563 -0.0355567932128906 0.069061279296875
0.0658950805664063 0.00607681274414063 -0.0514106750488281 0.0508918762207031
0.054534912109375 0.0416183471679688 -0.0497093200683594 0.0178871154785156
-0.00743865966796874 0.0713424682617188 -0.0317401885986328 -0.00370407104492187
-0.0635833740234375 0.0562362670898438 -0.0212745666503906 0.0460777282714844
-0.0863723754882812 0.0124740600585938 -0.0935440063476563 0.087615966796875
0.0480842590332031 0.0349388122558594 0.0904083251953125 -0.081207275390625
0.0580787658691406 -0.0265846252441406 0.0364112854003906 -0.0361366271972656
0.0078277587890625 -0.0502128601074219 0.0372886657714844 0.00423431396484375
-0.0273818969726562 -0.0357856750488281 0.0690803527832031 -0.0121078491210938
-0.0384407043457031 -0.0112037658691406 0.0710601806640625 -0.0528030395507813
-0.0426521301269531 0.0171852111816406 0.04632568359375 -0.0832061767578125
-0.0311374664306641 0.0172748565673828 0.0202407836914062 -0.0916824340820313
-0.0287570953369141 0.0101070404052734 0.0137405395507812 -0.0748519897460938
-0.0396156311035156 0.00588226318359376 0.0174102783203125 -0.0547866821289062
-0.0322704315185547 -0.0209732055664063 0.0188751220703125 -0.0342350006103516
-0.00407791137695313 -0.0419960021972656 5.72204589843689E-06 -0.0173330307006836
0.0265579223632813 -0.0333156585693359 -0.0148143768310547 -0.0334815979003906
0.0554885864257813 0.00520706176757813 -0.00984191894531249 -0.0829620361328125
0.0566825866699219 0.044647216796875 0.0179367065429688 -0.117202758789063
0.0302619934082031 0.0654144287109375 0.0313186645507813 -0.100082397460938
0.0193710327148437 0.072845458984375 0.106231689453125 -0.060546875
0.0527877807617188 0.0194206237792969 0.0507011413574219 -0.0219497680664062
0.0236434936523438 -0.0157413482666016 0.0482521057128906 0.013702392578125
0.00434684753417969 -0.0206642150878906 0.0845489501953125 -0.00490570068359375
-0.00747489929199219 -0.0151243209838867 0.085113525390625 -0.050872802734375
-0.0184040069580078 -0.00640869140625 0.0575637817382813 -0.088836669921875
-0.0154323577880859 -0.0121574401855469 0.029144287109375 -0.0974044799804687
-0.0108804702758789 -0.0155706405639648 0.0195999145507813 -0.0777587890625
-0.0178241729736328 -0.0209064483642578 0.0240325927734375 -0.0551223754882813
-0.00158309936523438 -0.0355567932128906 0.0262565612792969 -0.03118896484375
0.0274238586425781 -0.0357704162597656 0.00312137603759766 -0.00886344909667969
0.04986572265625 -0.0124702453613281 -0.0149974822998047 -0.0203971862792969
0.0549812316894531 0.0388908386230469 -0.0206527709960937 -0.0659828186035156
0.0383987426757813 0.0829315185546875 0.00699615478515625 -0.0956954956054687
0.0045928955078125 0.09906005859375 0.0270309448242187 -0.0724105834960938
-0.0172195434570313 0.1016845703125 0.111366271972656 -0.0266799926757812
0.0335884094238281 0.0673027038574219 0.0598678588867188 0.00666427612304688
0.0334968566894531 0.0283946990966797 0.0578155517578125 0.0295791625976563
0.0382957458496094 0.00398635864257813 0.0956344604492188 0.00745391845703125
0.0290031433105469 -0.0145549774169922 0.0926361083984375 -0.0414276123046875
0.0118789672851562 -0.0289974212646484 0.0638961791992188 -0.0845718383789063
0.004638671875 -0.0397567749023438 0.0355606079101562 -0.0903549194335938
0.00856399536132813 -0.0388755798339844 0.0228271484375 -0.0688400268554688
0.00608444213867188 -0.0454139709472656 0.0252189636230469 -0.0443038940429688
0.0246200561523438 -0.0484848022460938 0.0260200500488281 -0.0208854675292969
0.053314208984375 -0.0313911437988281 0.00245976448059082 0.00103259086608887
0.0685615539550781 0.00127410888671875 -0.0167903900146484 -0.0064249038696289
0.0557174682617188 0.0604171752929687 -0.0299835205078125 -0.0475349426269531
0.0252685546875 0.106231689453125 -0.00121688842773437 -0.0676002502441406
-0.0161590576171875 0.118850708007813 0.0161857604980469 -0.0380096435546875
-0.0547256469726563 0.113517761230469 0.100631713867188 0.0181427001953125
0.00136566162109375 0.105422973632813 0.0579910278320312 0.0452613830566406
0.0309982299804687 0.0734786987304688 0.0612602233886719 0.051788330078125
0.0650062561035156 0.0366859436035156 0.0979461669921875 0.0240936279296875
0.064056396484375 -0.00490188598632813 0.0911102294921875 -0.0252761840820313
0.0434112548828125 -0.0443840026855469 0.0636177062988281 -0.0693511962890625
0.0255279541015625 -0.0613784790039063 0.037078857421875 -0.0705642700195313
0.0266189575195313 -0.0571517944335938 0.0222244262695313 -0.047943115234375
0.0268402099609375 -0.0639381408691406 0.0217723846435547 -0.0256080627441406
0.0464057922363281 -0.0583915710449219 0.0202693939208984 -0.00635337829589844
0.0710601806640625 -0.0277481079101562 -0.0019378662109375 0.0126276016235352
0.0805130004882813 0.0102081298828125 -0.0189037322998047 0.00435638427734375
0.0538177490234375 0.0723419189453125 -0.0323715209960938 -0.0302352905273438
0.0135498046875 0.116806030273438 -0.00200271606445313 -0.0372543334960938
-0.0336074829101563 0.124359130859375 0.00240588188171387 -0.000148057937622063
-0.0838775634765625 0.102157592773438 0.0743865966796875 0.0633621215820313
-0.0353012084960938 0.117713928222656 0.0418777465820313 0.085968017578125
0.0123138427734375 0.104560852050781 0.0549163818359375 0.074127197265625
0.072540283203125 0.068572998046875 0.087432861328125 0.0430221557617188
0.0854949951171875 0.0115966796875 0.07720947265625 -0.0058135986328125
0.0704345703125 -0.0483474731445312 0.0522079467773438 -0.0448837280273438
0.0434799194335938 -0.0725173950195313 0.0309295654296875 -0.0399932861328125
0.0410804748535156 -0.065887451171875 0.0174312591552734 -0.0201911926269531
0.0432891845703125 -0.0735702514648438 0.0159072875976563 -0.000940322875976567
0.0607948303222656 -0.0623855590820312 0.0099639892578125 0.0121650695800781
0.0819015502929688 -0.023834228515625 -0.00973892211914062 0.0239696502685547
0.0850982666015625 0.0187149047851563 -0.0222797393798828 0.01190185546875
0.0452804565429688 0.079345703125 -0.0294857025146484 -0.0183467864990234
-0.0035247802734375 0.11566162109375 0.000749588012695312 -0.00822353363037109
-0.050872802734375 0.115135192871094 -0.0146026611328125 0.0357475280761719
-0.0955429077148437 0.0685501098632813 0.0402069091796875 0.0986709594726563
-0.06390380859375 0.100189208984375 0.0179367065429687 0.117744445800781
-0.0146636962890625 0.106552124023437 0.0408096313476562 0.0877761840820313
0.0570755004882812 0.0863800048828125 0.0669898986816406 0.0537986755371094
0.085357666015625 0.0289459228515625 0.0539627075195313 0.00914764404296875
0.0833663940429688 -0.0396347045898438 0.0339927673339844 -0.0186042785644531
0.054534912109375 -0.0695724487304688 0.0189876556396484 -0.00702857971191407
0.0485649108886719 -0.0639152526855469 0.00995445251464844 0.0108108520507812
0.0510177612304688 -0.0733184814453125 0.00695037841796876 0.0265293121337891
0.0684623718261719 -0.0604934692382812 -0.00308799743652344 0.0316181182861328
0.085174560546875 -0.0168609619140625 -0.0209007263183594 0.0339622497558594
0.082763671875 0.0280303955078125 -0.0274581909179688 0.0151882171630859
0.0322952270507813 0.0826950073242187 -0.0249996185302734 -0.0100536346435547
-0.0231170654296875 0.105079650878906 0.00240230560302734 0.0153026580810547
-0.0688705444335938 0.0925140380859375 -0.0342750549316406 0.0643768310546875
-0.0871429443359375 0.0227203369140625 0.00753784179687501 0.118125915527344
-0.074920654296875 0.059326171875 -0.00525665283203127 0.132209777832031
-0.0372238159179688 0.0802536010742188 0.027587890625 0.0909957885742188
0.0275421142578125 0.082000732421875 0.0435791015625 0.0550537109375
0.0670204162597656 0.0399131774902344 0.0284175872802734 0.0179347991943359
0.07861328125 -0.022491455078125 0.0124187469482422 0.00512504577636718
0.0558509826660156 -0.0552330017089844 0.00534439086914063 0.0233650207519531
0.0478935241699219 -0.052947998046875 0.00174713134765625 0.0390663146972656
0.0518760681152344 -0.0629196166992188 -0.00321197509765625 0.0516738891601562
0.0676841735839844 -0.0511932373046875 -0.0178909301757812 0.0507659912109375
0.08050537109375 -0.00907135009765625 -0.0346832275390625 0.0428924560546875
0.0736923217773438 0.034210205078125 -0.0367622375488281 0.0173454284667969
0.0159072875976562 0.0818252563476563 -0.0267238616943359 -0.00590705871582031
-0.0440521240234375 0.0878677368164063 -0.00410270690917969 0.0333938598632813
-0.0810317993164063 0.0590896606445312 -0.0590362548828125 0.0826492309570312
-0.0645370483398438 -0.0268592834472656 -0.0156784057617188 0.118904113769531
-0.0680389404296875 0.00862503051757812 -0.0179672241210938 0.12939453125
-0.0486679077148438 0.0372886657714844 0.0208969116210938 0.084503173828125
-0.00353622436523437 0.0604591369628906 0.026580810546875 0.0477981567382813
0.0358734130859375 0.0391654968261719 0.00774955749511719 0.0186634063720703
0.05938720703125 -0.00336456298828125 -0.00760078430175781 0.0212612152099609
0.0478782653808594 -0.0335655212402344 -0.00906753540039062 0.0463829040527344
0.0404624938964844 -0.0344429016113281 -0.00679397583007813 0.0618820190429687
0.045440673828125 -0.0435523986816406 -0.0132904052734375 0.0741500854492188
0.0573043823242188 -0.034637451171875 -0.0332298278808594 0.0683822631835937
0.0658836364746094 -0.00022125244140625 -0.0492401123046875 0.0505561828613281
0.0570487976074219 0.0362892150878906 -0.0485420227050781 0.0181617736816406
-0.00115203857421875 0.0720367431640625 -0.0314254760742187 -0.00384330749511718
-0.0585594177246094 0.05999755859375 -0.0163307189941406 0.0439949035644531
-0.0831222534179688 0.0190048217773437 -0.0862884521484375 0.0888519287109375
0.0489997863769531 0.0315589904785156 0.0873794555664063 -0.0821990966796875
0.0551376342773438 -0.0290069580078125 0.0332069396972656 -0.035675048828125
0.00558090209960938 -0.0494308471679688 0.0359764099121094 0.00539779663085937
-0.0284461975097656 -0.0335865020751953 0.0690765380859375 -0.0112571716308594
-0.0386314392089844 -0.00856018066406249 0.0714263916015625 -0.0535736083984375
-0.0407180786132813 0.0191268920898438 0.0463714599609375 -0.0846328735351563
-0.0289173126220703 0.0185470581054687 0.0181961059570313 -0.0921783447265625
-0.0275611877441406 0.0112895965576172 0.0111541748046875 -0.0750350952148438
-0.0378875732421875 0.00834274291992188 0.0149002075195312 -0.0559616088867188
-0.0324573516845703 -0.0180282592773438 0.0172348022460937 -0.0370674133300781
-0.00737762451171875 -0.0401954650878906 0.00119400024414063 -0.0206470489501953
0.0240650177001953 -0.0336875915527344 -0.0128898620605469 -0.0349922180175781
0.0547866821289062 0.001861572265625 -0.00793457031249999 -0.08074951171875
0.0569953918457031 0.0401115417480469 0.0170822143554688 -0.115615844726563
0.031707763671875 0.0624008178710938 0.0306167602539063 -0.101455688476563
0.02008056640625 0.071563720703125 0.103569030761719 -0.0634918212890625
0.0508956909179688 0.0174179077148438 0.0469551086425781 -0.0225715637207031
0.0218429565429688 -0.0145816802978516 0.0470237731933594 0.0142974853515625
0.00421714782714844 -0.0190715789794922 0.084075927734375 -0.00482940673828125
-0.00731658935546875 -0.0140304565429688 0.08355712890625 -0.0512619018554688
-0.0172739028930664 -0.00483417510986328 0.0557861328125 -0.089630126953125
-0.0139074325561523 -0.0115079879760742 0.0266036987304688 -0.0980148315429688
-0.0100154876708984 -0.0152292251586914 0.0162811279296875 -0.0793075561523438
-0.0162277221679688 -0.0196876525878906 0.02093505859375 -0.0569725036621094
-0.00214004516601563 -0.0333881378173828 0.0241851806640625 -0.0343418121337891
0.025390625 -0.0350475311279297 0.00422859191894531 -0.0128202438354492
0.0481491088867188 -0.0134353637695313 -0.0125675201416016 -0.0220909118652344
0.054534912109375 0.0367507934570313 -0.0183143615722656 -0.0648880004882813
0.0393524169921875 0.079559326171875 0.00739288330078125 -0.09527587890625
0.00746154785156251 0.0966720581054687 0.02734375 -0.0748291015625
-0.0152130126953125 0.10205078125 0.108871459960938 -0.0297470092773437
0.0337257385253906 0.066436767578125 0.0563697814941406 0.00459671020507813
0.0334892272949219 0.0297660827636719 0.0561370849609375 0.0300941467285156
0.0382537841796875 0.00449752807617188 0.0947647094726563 0.00710296630859375
0.0296001434326172 -0.0141372680664062 0.0912704467773438 -0.0424957275390625
0.0120906829833984 -0.0288448333740234 0.0616531372070312 -0.08514404296875
0.005126953125 -0.0400276184082031 0.0323638916015625 -0.09161376953125
0.00801467895507813 -0.0396308898925781 0.019073486328125 -0.0704193115234375
0.00599288940429687 -0.0448074340820313 0.0215377807617188 -0.0467681884765625
0.0238838195800781 -0.0480461120605469 0.0241279602050781 -0.0252094268798828
0.0517120361328125 -0.0325775146484375 0.00267195701599121 -0.00290298461914063
0.0680351257324219 -0.000438690185546875 -0.0146312713623047 -0.00985431671142578
0.0561294555664063 0.0588912963867188 -0.0272941589355469 -0.0471878051757812
0.0278396606445313 0.104324340820313 -0.00029373168945312 -0.0680389404296875
-0.0130615234375 0.117607116699219 0.0172080993652344 -0.0408706665039062
-0.0527496337890625 0.114700317382813 0.0999908447265625 0.0137252807617188
0.00284576416015625 0.104988098144531 0.0555267333984375 0.0424461364746094
0.0323104858398438 0.0752029418945313 0.0590019226074219 0.0510597229003906
0.0658531188964844 0.0358390808105469 0.0970611572265625 0.0237274169921875
0.0643119812011719 -0.00601959228515625 0.0895919799804688 -0.0263214111328125
0.0436248779296875 -0.0444984436035156 0.0603141784667969 -0.0692291259765625
0.0239143371582031 -0.0622940063476563 0.0339202880859375 -0.0715255737304688
0.0261344909667969 -0.0582351684570313 0.0189399719238281 -0.049224853515625
0.0257034301757812 -0.0645637512207031 0.0188369750976563 -0.0272274017333984
0.0450363159179688 -0.0596923828125 0.0180091857910156 -0.0104331970214844
0.070892333984375 -0.0305252075195312 -0.00271177291870117 0.00837564468383789
0.0813140869140625 0.008209228515625 -0.0174560546875 0.00100421905517578
0.054901123046875 0.0720596313476563 -0.0305252075195312 -0.0311717987060547
0.0167465209960937 0.116355895996094 -0.00140762329101562 -0.03851318359375
-0.0308303833007812 0.124176025390625 0.00430941581726074 -0.00307798385620116
-0.0817947387695313 0.104141235351563 0.075775146484375 0.058807373046875
-0.0325546264648438 0.119735717773438 0.040863037109375 0.082244873046875
0.01531982421875 0.106300354003906 0.0527572631835938 0.072509765625
0.074737548828125 0.067718505859375 0.0862808227539063 0.0416412353515625
0.0862884521484375 0.0088348388671875 0.0753555297851563 -0.0065155029296875
0.0699844360351563 -0.0495986938476563 0.0492019653320313 -0.0453338623046875
0.0418243408203125 -0.0742568969726563 0.0286331176757813 -0.04119873046875
0.03875732421875 -0.0682182312011719 0.0151271820068359 -0.0214309692382813
0.0408706665039062 -0.0761260986328125 0.0129528045654297 -0.00249290466308594
0.0593605041503906 -0.0657539367675781 0.00758838653564453 0.00963211059570312
0.082244873046875 -0.027099609375 -0.0104007720947266 0.0205955505371094
0.0869064331054688 0.0165023803710938 -0.0211715698242187 0.0087738037109375
0.0478286743164063 0.0793304443359375 -0.0276851654052734 -0.0190048217773437
0.000556945800781254 0.116920471191406 0.00226402282714844 -0.00990200042724609
-0.0478286743164062 0.116279602050781 -0.0113410949707031 0.0325927734375
-0.0945358276367187 0.07275390625 0.0412521362304687 0.0952529907226563
-0.0618209838867188 0.103118896484375 0.0179901123046875 0.1134033203125
-0.011444091796875 0.109169006347656 0.0391616821289062 0.0861968994140625
0.0607681274414063 0.085235595703125 0.0656166076660156 0.0531082153320313
0.0880050659179688 0.0262222290039063 0.0527153015136719 0.00950241088867188
0.0811920166015625 -0.0413284301757813 0.0325450897216797 -0.0179290771484375
0.05206298828125 -0.0717926025390625 0.0185050964355469 -0.00804710388183594
0.0458755493164062 -0.0665931701660156 0.00944995880126953 0.00970363616943359
0.0485076904296875 -0.0758285522460938 0.00513839721679688 0.0246028900146484
0.0657196044921875 -0.0641403198242188 -0.00391006469726562 0.0298328399658203
0.0853195190429687 -0.0206298828125 -0.0221233367919922 0.0312480926513672
0.0848541259765625 0.0243759155273438 -0.0276527404785156 0.0129432678222656
0.0346527099609375 0.08331298828125 -0.0248088836669922 -0.0122051239013672
-0.0194778442382813 0.108207702636719 0.00334072113037109 0.0131349563598633
-0.0647048950195313 0.0950469970703125 -0.0313339233398438 0.0623359680175781
-0.0871047973632813 0.0271759033203125 0.00895690917968751 0.115928649902344
-0.073394775390625 0.0621490478515625 -0.0038909912109375 0.129257202148438
-0.034820556640625 0.0840301513671875 0.0256271362304688 0.0885086059570313
0.0320892333984375 0.081878662109375 0.0424613952636719 0.0544242858886719
0.0692481994628906 0.0366630554199219 0.0277824401855469 0.0188388824462891
0.0777359008789063 -0.0263519287109375 0.0117397308349609 0.00561237335205078
0.053131103515625 -0.0582504272460938 0.00522041320800782 0.0233039855957031
0.045440673828125 -0.055877685546875 0.00213623046875 0.0389022827148437
0.0492630004882813 -0.0654296875 -0.0033721923828125 0.050933837890625
0.0648460388183594 -0.05462646484375 -0.0187644958496094 0.0496368408203125
0.0807647705078125 -0.012451171875 -0.0356597900390625 0.0416107177734375
0.0756759643554687 0.03131103515625 -0.0364875793457031 0.015533447265625
0.0185394287109375 0.082489013671875 -0.0260086059570313 -0.00742721557617187
-0.0401382446289063 0.0910415649414063 -0.00186538696289063 0.0309295654296875
-0.07830810546875 0.0633544921875 -0.0561752319335938 0.0816879272460937
-0.0654754638671875 -0.0228195190429687 -0.0149002075195312 0.118431091308594
-0.06787109375 0.0122222900390625 -0.016693115234375 0.127876281738281
-0.0477523803710937 0.0415191650390625 0.0183944702148438 0.0819168090820313
0.000450134277343745 0.0605430603027344 0.0251007080078125 0.0473136901855469
0.0384063720703125 0.0373191833496094 0.00725936889648438 0.0207061767578125
0.0587501525878906 -0.00774002075195313 -0.00669670104980468 0.0230808258056641
0.0457496643066406 -0.0357170104980469 -0.0074310302734375 0.0466461181640625
0.0394210815429688 -0.0364761352539063 -0.00530624389648437 0.0626296997070313
0.0421638488769531 -0.0456733703613281 -0.0123519897460937 0.0727462768554688
0.055145263671875 -0.0380477905273438 -0.03253173828125 0.0674934387207031
0.0660247802734375 -0.00388336181640625 -0.0500946044921875 0.0503273010253906
0.0586280822753906 0.0331687927246094 -0.0484848022460937 0.0168647766113281
0.00165557861328125 0.0713653564453125 -0.0312404632568359 -0.00516319274902343
-0.0551414489746094 0.0626907348632813 -0.0132522583007813 0.0423507690429688
-0.080841064453125 0.0229263305664062 -0.0831146240234375 0.0896835327148438
0.049713134765625 0.02996826171875 0.0886459350585938 -0.0853652954101563
0.0535545349121094 -0.0302696228027344 0.031402587890625 -0.0363121032714844
0.00452804565429688 -0.0498466491699219 0.0359725952148438 0.00728225708007812
-0.0311794281005859 -0.0328483581542969 0.070770263671875 -0.0107574462890625
-0.0400657653808594 -0.0066680908203125 0.07244873046875 -0.0555343627929688
-0.0396080017089844 0.0217170715332031 0.04705810546875 -0.08807373046875
-0.0281620025634766 0.0196647644042969 0.0175018310546875 -0.0949554443359375
-0.02655029296875 0.0121631622314453 0.0097503662109375 -0.0775146484375
-0.0365409851074219 0.0105361938476562 0.01336669921875 -0.059112548828125
-0.0333919525146484 -0.0157203674316406 0.0164909362792969 -0.0412025451660156
-0.00918197631835937 -0.0397911071777344 0.00174713134765625 -0.0235710144042969
0.0227298736572266 -0.034912109375 -0.0101089477539062 -0.0377769470214844
0.0550765991210938 -0.000453948974609375 -0.00521087646484375 -0.0823898315429687
0.0592422485351562 0.0378036499023437 0.0186080932617188 -0.117561340332031
0.0339851379394531 0.0611381530761719 0.0318145751953125 -0.10540771484375
0.021453857421875 0.0722198486328125 0.105682373046875 -0.065704345703125
0.0498085021972656 0.0174217224121094 0.0457878112792969 -0.0232734680175781
0.0220432281494141 -0.0137577056884766 0.0462226867675781 0.0159568786621094
0.00365257263183594 -0.0178623199462891 0.0853729248046875 -0.00428009033203125
-0.00753593444824219 -0.0135660171508789 0.0852203369140625 -0.0534820556640625
-0.016047477722168 -0.00357532501220703 0.057525634765625 -0.0932769775390625
-0.0132236480712891 -0.0108261108398437 0.024871826171875 -0.101776123046875
-0.0102424621582031 -0.0147666931152344 0.0143661499023437 -0.0818328857421875
-0.0158538818359375 -0.0187778472900391 0.018524169921875 -0.0597724914550781
-0.00300788879394531 -0.0330524444580078 0.0233726501464844 -0.0385513305664063
0.0248527526855469 -0.0351905822753906 0.00469779968261719 -0.0164985656738281
0.0487823486328125 -0.013671875 -0.0102062225341797 -0.025054931640625
0.0554656982421875 0.0357704162597656 -0.0163612365722656 -0.0666923522949219
0.0414581298828125 0.0789642333984375 0.00933837890625001 -0.0973892211914063
0.0085601806640625 0.097015380859375 0.028900146484375 -0.0785446166992188
-0.0147933959960938 0.104743957519531 0.110588073730469 -0.032440185546875
0.0343132019042969 0.0673027038574219 0.0546493530273438 0.0034027099609375
0.0341014862060547 0.0316963195800781 0.0549392700195313 0.0314445495605469
0.0398483276367188 0.00528717041015625 0.0962905883789063 0.00801849365234375
0.0309944152832031 -0.0142822265625 0.0928802490234375 -0.04364013671875
0.0137405395507813 -0.0280399322509766 0.0621566772460938 -0.0873489379882813
0.00529861450195312 -0.0409355163574219 0.0303955078125 -0.0946044921875
0.00815200805664063 -0.0410804748535156 0.0164337158203125 -0.0726394653320313
0.00623321533203125 -0.0460968017578125 0.0193672180175781 -0.0492210388183594
0.0246047973632813 -0.0490379333496094 0.0222339630126953 -0.0293426513671875
0.0521965026855469 -0.0330886840820313 0.00254631042480469 -0.00722837448120117
0.0688514709472656 -0.001251220703125 -0.0132579803466797 -0.01324462890625
0.0577964782714844 0.0597686767578125 -0.0256767272949219 -0.0497970581054687
0.0296249389648437 0.106269836425781 0.000579833984375007 -0.0703582763671875
-0.0112762451171875 0.119705200195313 0.0188751220703125 -0.0445709228515625
-0.0531234741210937 0.119697570800781 0.101036071777344 0.0117416381835938
0.00338745117187499 0.107955932617187 0.0534324645996094 0.0410575866699219
0.0336761474609375 0.078643798828125 0.0577430725097656 0.0533218383789063
0.0688972473144531 0.0373954772949219 0.0987167358398438 0.0244293212890625
0.0668907165527344 -0.00730133056640625 0.0909957885742187 -0.0263671875
0.0445785522460938 -0.0452423095703125 0.0603866577148437 -0.0706863403320312
0.024749755859375 -0.064544677734375 0.0322265625 -0.0736083984375
0.0254325866699219 -0.0614471435546875 0.0167236328125 -0.0521965026855469
0.0257225036621094 -0.0678024291992187 0.0159740447998047 -0.0294876098632813
0.0451850891113281 -0.0620765686035156 0.0160417556762695 -0.0137672424316406
0.0724716186523438 -0.0322952270507813 -0.00260782241821289 0.00573253631591797
0.0839996337890625 0.00740814208984375 -0.0166511535644531 -0.00319671630859375
0.0572967529296875 0.0742034912109375 -0.0290203094482422 -0.0328292846679688
0.0189590454101563 0.119895935058594 -0.000339508056640625 -0.040679931640625
-0.0298233032226562 0.12799072265625 0.0057673454284668 -0.00624418258666991
-0.083251953125 0.10992431640625 0.0763397216796875 0.0580825805664063
-0.0328750610351563 0.123741149902344 0.0394973754882813 0.0813446044921875
0.0170440673828125 0.111503601074219 0.0517578125 0.0738143920898438
0.0784454345703125 0.06829833984375 0.086669921875 0.04278564453125
0.0900344848632812 0.0081329345703125 0.0766830444335938 -0.00632476806640625
0.0711898803710937 -0.051239013671875 0.0494956970214844 -0.0455284118652344
0.0412826538085938 -0.077056884765625 0.0272598266601563 -0.0436553955078125
0.0389328002929688 -0.0720367431640625 0.0143318176269531 -0.0234146118164063
0.0401611328125 -0.0797195434570313 0.0111598968505859 -0.00382709503173829
0.0591621398925781 -0.069061279296875 0.00560951232910157 0.00694942474365234
0.0844802856445313 -0.030487060546875 -0.0122871398925781 0.0178089141845703
0.0894775390625 0.0148391723632813 -0.0218009948730469 0.00521659851074219
0.0511703491210938 0.0825271606445313 -0.0272331237792969 -0.0210628509521484
0.00301361083984376 0.121086120605469 0.00386714935302734 -0.0128707885742187
-0.0478973388671875 0.120307922363281 -0.0109176635742188 0.0309181213378906
-0.09649658203125 0.0786972045898438 0.0420150756835937 0.0955352783203125
-0.0616607666015625 0.108070373535156 0.01690673828125 0.112991333007813
-0.0098419189453125 0.115150451660156 0.0378646850585937 0.0867538452148438
0.0656509399414063 0.0869674682617188 0.0664100646972656 0.05474853515625
0.0908126831054688 0.0253372192382812 0.0538139343261719 0.0111770629882813
0.08282470703125 -0.0452880859375 0.0319080352783203 -0.0171890258789063
0.0511245727539062 -0.075408935546875 0.0177040100097656 -0.00860977172851563
0.0449676513671875 -0.0707244873046875 0.00920391082763672 0.00901126861572265
0.0477218627929687 -0.0803146362304688 0.00387382507324219 0.0248966217041016
0.0656547546386719 -0.06842041015625 -0.00652122497558593 0.0290374755859375
0.0879974365234375 -0.0247039794921875 -0.0238018035888672 0.0306797027587891
0.0885543823242188 0.0228958129882813 -0.0286903381347656 0.0104331970214844
0.0377883911132813 0.0869140625 -0.0248279571533203 -0.0145225524902344
-0.0181503295898437 0.112991333007813 0.00475120544433594 0.0108785629272461
-0.0650634765625 0.0990066528320312 -0.03076171875 0.0615081787109375
-0.0893402099609375 0.0313491821289063 0.00928497314453124 0.117424011230469
-0.0742416381835938 0.0674514770507813 -0.00524139404296877 0.129302978515625
-0.0344467163085938 0.0896987915039063 0.0242385864257813 0.089752197265625
0.0357513427734375 0.0838470458984375 0.0420799255371094 0.0557861328125
0.0723342895507813 0.0354385375976563 0.0276393890380859 0.0206890106201172
0.0780181884765625 -0.029266357421875 0.0113258361816406 0.00758647918701172
0.0523757934570313 -0.0617294311523438 0.006072998046875 0.0235805511474609
0.0451507568359375 -0.059417724609375 0.00226211547851563 0.039093017578125
0.0487098693847656 -0.0695571899414063 -0.00447463989257813 0.0519371032714844
0.0648078918457031 -0.0590858459472656 -0.0197563171386719 0.0510711669921875
0.0830230712890625 -0.01580810546875 -0.0381393432617187 0.0409278869628906
0.0791091918945313 0.02886962890625 -0.0387115478515625 0.0138397216796875
0.0215377807617188 0.084747314453125 -0.0254573822021484 -0.00951957702636719
-0.0382308959960938 0.0950927734375 0.000217437744140626 0.0303306579589844
-0.0777359008789062 0.066558837890625 -0.0558624267578125 0.0829620361328125
-0.0679092407226563 -0.019744873046875 -0.0149078369140625 0.1207275390625
-0.0691337585449219 0.0160865783691406 -0.017486572265625 0.128944396972656
-0.0479583740234375 0.0454978942871094 0.0172195434570312 0.0826034545898437
0.00335693359375001 0.0627632141113281 0.0242080688476563 0.0487632751464844
0.0414848327636719 0.0365180969238281 0.00721549987792969 0.0230484008789063
0.0590896606445313 -0.0104217529296875 -0.00740432739257812 0.0258426666259766
0.0442047119140625 -0.03961181640625 -0.00591659545898438 0.0479087829589844
0.0383682250976563 -0.0395774841308594 -0.00403976440429687 0.0637283325195313
0.0413589477539063 -0.0487594604492187 -0.0125045776367188 0.0755615234375
0.0548973083496094 -0.0416488647460938 -0.03399658203125 0.0693931579589844
0.0675239562988281 -0.00676345825195313 -0.0520057678222656 0.0505218505859375
0.0623664855957031 0.0317039489746094 -0.0510215759277344 0.0164947509765625
0.0032806396484375 0.0730743408203125 -0.0316677093505859 -0.00773429870605469
-0.0538787841796875 0.0667724609375 -0.0117645263671875 0.0415306091308594
-0.0806655883789062 0.0258255004882813 -0.0839691162109375 0.0917739868164062
0.0524101257324219 0.0290718078613281 0.0907974243164063 -0.0904083251953125
0.053955078125 -0.0331306457519531 0.0309028625488281 -0.0376014709472656
0.00328826904296875 -0.0513877868652344 0.0375823974609375 0.00885391235351562
-0.0328884124755859 -0.0317649841308594 0.0742568969726563 -0.0105361938476563
-0.0419921875 -0.00512313842773437 0.0754318237304688 -0.0592193603515625
-0.0393333435058594 0.0250740051269531 0.0480575561523438 -0.0949020385742188
-0.0277366638183594 0.0225849151611328 0.0158157348632813 -0.100578308105469
-0.0262374877929688 0.0142650604248047 0.00719451904296874 -0.0822219848632813
-0.0365447998046875 0.0136489868164062 0.011383056640625 -0.0629692077636719
-0.0348358154296875 -0.0136508941650391 0.0152435302734375 -0.0456581115722656
-0.0127372741699219 -0.0394744873046875 0.00213432312011719 -0.0277252197265625
0.0213813781738281 -0.0368728637695313 -0.00904464721679687 -0.0412139892578125
0.0566177368164063 -0.00335693359375 -0.00469970703124999 -0.0855026245117187
0.0620689392089844 0.0360069274902344 0.018951416015625 -0.122810363769531
0.03790283203125 0.0611534118652344 0.0326919555664062 -0.111862182617188
0.0241622924804687 0.0744247436523438 0.108116149902344 -0.0718765258789063
0.0518379211425781 0.0169868469238281 0.044708251953125 -0.0251007080078125
0.0224399566650391 -0.0136394500732422 0.0477523803710938 0.0176849365234375
0.00357627868652344 -0.0179786682128906 0.0890350341796875 -0.004730224609375
-0.00752544403076172 -0.0125436782836914 0.0888442993164062 -0.0572586059570312
-0.0146865844726563 -0.00256061553955078 0.0580673217773438 -0.0995025634765625
-0.0131502151489258 -0.0111322402954102 0.022552490234375 -0.107810974121094
-0.0102882385253906 -0.0157051086425781 0.011199951171875 -0.08636474609375
-0.0151710510253906 -0.018524169921875 0.015838623046875 -0.0643157958984375
-0.00324058532714844 -0.0328445434570313 0.0212631225585938 -0.0438117980957031
0.0237884521484375 -0.0366058349609375 0.00483322143554688 -0.0206184387207031
0.0494537353515625 -0.0151481628417969 -0.00917816162109374 -0.02899169921875
0.0579032897949219 0.0349044799804687 -0.0149803161621094 -0.0694007873535156
0.0452499389648438 0.0801239013671875 0.00967407226562501 -0.101913452148438
0.0117111206054688 0.0998764038085937 0.0300827026367188 -0.085052490234375
-0.0124740600585938 0.110038757324219 0.114494323730469 -0.0374832153320312
0.036041259765625 0.0702781677246094 0.0541343688964844 0.00193023681640625
0.0370597839355469 0.0343589782714844 0.0567703247070313 0.0333213806152344
0.0425224304199219 0.00573348999023437 0.0997314453125 0.0075836181640625
0.0320777893066406 -0.015106201171875 0.0962142944335938 -0.0472412109375
0.0152797698974609 -0.0294151306152344 0.0629348754882813 -0.0930709838867187
0.00484466552734375 -0.0434722900390625 0.027862548828125 -0.0999832153320313
0.007415771484375 -0.0439605712890625 0.0134124755859375 -0.0771102905273437
0.00624465942382812 -0.0484046936035156 0.0161590576171875 -0.0534896850585938
0.0241813659667969 -0.0515327453613281 0.0201187133789063 -0.0348758697509766
0.0535507202148437 -0.0358200073242187 0.00220012664794922 -0.0110645294189453
0.0722885131835938 -0.0024871826171875 -0.012913703918457 -0.0169801712036133
0.0618400573730469 0.0613937377929688 -0.0249099731445313 -0.0520248413085937
0.03387451171875 0.110244750976562 0.00098419189453125 -0.0747909545898438
-0.00933837890625 0.125205993652344 0.0205459594726562 -0.0495033264160156
-0.0521316528320312 0.127113342285156 0.105216979980469 0.00869750976562501
0.0058746337890625 0.113853454589844 0.0539741516113281 0.0404167175292969
0.037689208984375 0.083740234375 0.0595550537109375 0.0551872253417969
0.0737686157226563 0.0373382568359375 0.101821899414063 0.0247116088867188
0.0704193115234375 -0.00926971435546875 0.0941543579101563 -0.0294418334960938
0.047607421875 -0.0489082336425781 0.0612869262695312 -0.0747299194335938
0.0238571166992188 -0.0688209533691406 0.030120849609375 -0.0787582397460938
0.0243606567382813 -0.0657844543457031 0.0145950317382813 -0.0556869506835938
0.024810791015625 -0.072662353515625 0.0132579803466797 -0.0322551727294922
0.0453605651855469 -0.0667533874511719 0.0137805938720703 -0.0173568725585938
0.0753631591796875 -0.0364151000976563 -0.00421380996704101 0.00210762023925781
0.0887603759765625 0.0053558349609375 -0.0177593231201172 -0.00575447082519531
0.06304931640625 0.0776519775390625 -0.0286026000976562 -0.0358467102050781
0.0233612060546875 0.126296997070313 0.000339508056640624 -0.0439987182617187
-0.027679443359375 0.1348876953125 0.00685501098632812 -0.00896453857421874
-0.0842742919921875 0.119102478027344 0.0802230834960938 0.0571670532226563
-0.0305557250976562 0.13128662109375 0.0401077270507813 0.0820236206054688
0.0216064453125 0.119316101074219 0.0526199340820313 0.0765457153320313
0.0851821899414063 0.0697097778320313 0.090057373046875 0.0433197021484375
0.0958099365234375 0.00551605224609375 0.0801239013671875 -0.0072479248046875
0.0738143920898438 -0.0563125610351563 0.04998779296875 -0.0475311279296875
0.0401229858398438 -0.0827178955078125 0.0264396667480469 -0.0462760925292969
0.0370635986328125 -0.0767288208007813 0.0124473571777344 -0.0252933502197266
0.03887939453125 -0.0861587524414063 0.00833702087402344 -0.00446748733520508
0.0591888427734375 -0.075531005859375 0.00406455993652344 0.00490951538085937
0.0883407592773438 -0.0350723266601563 -0.014277458190918 0.0157623291015625
0.0962142944335938 0.0124282836914063 -0.0230693817138672 0.0027313232421875
0.056854248046875 0.0866470336914062 -0.0274543762207031 -0.023773193359375
0.00734710693359376 0.1285400390625 0.00428199768066406 -0.0151948928833008
-0.0466690063476562 0.127540588378906 -0.00942039489746094 0.0298137664794922
-0.0997772216796875 0.0869216918945313 0.0458984375 0.097198486328125
-0.061981201171875 0.116584777832031 0.0183181762695312 0.115730285644531
-0.0062255859375 0.124160766601563 0.038818359375 0.0899200439453125
0.071624755859375 0.0895156860351563 0.0680656433105469 0.0559272766113281
0.0983734130859375 0.0220413208007813 0.0557823181152344 0.0119400024414063
0.0860671997070313 -0.0495452880859375 0.0321025848388672 -0.017425537109375
0.0506820678710938 -0.0820999145507813 0.0181808471679688 -0.00995254516601563
0.0443954467773438 -0.0770492553710937 0.00847482681274414 0.0080881118774414
0.0466461181640625 -0.0874252319335938 0.00207519531250001 0.0259838104248047
0.0661773681640625 -0.0748672485351563 -0.00788879394531249 0.0293312072753906
0.0921478271484375 -0.0299072265625 -0.0259933471679687 0.0300941467285156
0.0952224731445312 0.0204238891601562 -0.0310020446777344 0.00931930541992187
0.0432968139648438 0.0913009643554688 -0.0260810852050781 -0.0157470703125
-0.0136871337890625 0.120468139648438 0.00639533996582031 0.00957870483398438
-0.0646896362304688 0.106742858886719 -0.029754638671875 0.0633316040039063
-0.094451904296875 0.0376052856445312 0.0108642578125 0.121726989746094
-0.0761260986328125 0.07452392578125 -0.00417327880859377 0.133804321289063
-0.032470703125 0.0979766845703125 0.0248947143554687 0.0933761596679688
0.0417709350585937 0.0869827270507812 0.0432319641113281 0.0580825805664063
0.0785675048828125 0.0335769653320313 0.0288505554199219 0.0230312347412109
0.0810470581054688 -0.034271240234375 0.0114984512329102 0.00981426239013672
0.0518646240234375 -0.0675773620605469 0.00696182250976563 0.0238399505615234
0.0440177917480469 -0.0653915405273438 0.00282669067382813 0.0400581359863281
0.0466690063476563 -0.0759963989257813 -0.00479125976562499 0.0548591613769531
0.0648689270019531 -0.0653610229492187 -0.0211067199707031 0.0523605346679687
0.087127685546875 -0.02154541015625 -0.04010009765625 0.0433311462402344
0.0850601196289062 0.0271759033203125 -0.0408058166503906 0.0134201049804688
0.0264892578125 0.0894622802734375 -0.027557373046875 -0.0108966827392578
-0.0360183715820313 0.102653503417969 0.00161170959472656 0.0296611785888672
-0.0787887573242188 0.0734634399414063 -0.0557785034179688 0.0866317749023438
-0.0725784301757813 -0.0167465209960938 -0.0140304565429688 0.126541137695312
-0.0719070434570313 0.02044677734375 -0.0170440673828125 0.133407592773438
-0.0474395751953125 0.051727294921875 0.01690673828125 0.0858154296875
0.00790023803710938 0.0655670166015625 0.0242233276367188 0.0520172119140625
0.0462532043457031 0.0354804992675781 0.00722694396972656 0.0266742706298828
0.061431884765625 -0.0138511657714844 -0.00632476806640624 0.0291976928710937
0.0442428588867187 -0.0427780151367188 -0.00353622436523438 0.0504341125488281
0.0376663208007813 -0.044464111328125 -0.00252532958984374 0.0661544799804688
0.0412788391113281 -0.05450439453125 -0.0116043090820313 0.0797576904296875
0.05438232421875 -0.0465087890625 -0.0353622436523437 0.07305908203125
0.0713729858398437 -0.010894775390625 -0.0551681518554687 0.0543899536132813
0.0660133361816406 0.0304069519042969 -0.0532150268554688 0.01593017578125
0.00714111328124999 0.0768051147460938 -0.0326766967773438 -0.00875663757324218
-0.0522613525390625 0.0725021362304688 -0.00990676879882813 0.0425262451171875
-0.0826644897460938 0.03021240234375 -0.0851898193359375 0.097259521484375
0.0557479858398437 0.0260772705078125 0.0906906127929687 -0.100318908691406
0.0530967712402344 -0.0379447937011719 0.02880859375 -0.0392875671386719
-0.000419616699218752 -0.0535888671875 0.0384674072265625 0.00874710083007812
-0.0360641479492188 -0.0300407409667969 0.0781784057617188 -0.0133819580078125
-0.0442771911621094 -0.000564575195312509 0.075897216796875 -0.065765380859375
-0.0378265380859375 0.0295600891113281 0.0448532104492188 -0.10333251953125
-0.0259304046630859 0.0255107879638672 0.0109176635742187 -0.106430053710937
-0.0264530181884766 0.0173568725585937 0.00212097167968751 -0.0867385864257813
-0.0357398986816406 0.0173606872558594 0.00697708129882813 -0.0675582885742188
-0.0366363525390625 -0.0100593566894531 0.0113677978515625 -0.050262451171875
-0.016204833984375 -0.0389366149902344 0.001251220703125 -0.0316715240478516
0.0189018249511719 -0.0393905639648438 -0.00944137573242188 -0.0448646545410156
0.0579376220703125 -0.00839614868164063 -0.00660705566406249 -0.08905029296875
0.0663604736328125 0.0322418212890625 0.015472412109375 -0.129302978515625
0.0437889099121094 0.0604057312011719 0.0299911499023438 -0.120674133300781
0.0287857055664063 0.0759124755859375 0.109825134277344 -0.0808029174804688
0.0543746948242188 0.015380859375 0.0435218811035156 -0.0277061462402344
0.0228271484375 -0.0144729614257813 0.0497474670410156 0.0176887512207031
0.00298118591308594 -0.0182819366455078 0.0939483642578125 -0.00762176513671875
-0.00872993469238281 -0.0119829177856445 0.0898284912109375 -0.0643692016601563
-0.0139560699462891 -0.00122833251953125 0.0548248291015625 -0.108413696289063
-0.0131378173828125 -0.0100231170654297 0.0166778564453125 -0.114219665527344
-0.0113544464111328 -0.0157337188720703 0.00511932373046874 -0.0913543701171875
-0.0157108306884766 -0.0178050994873047 0.0108451843261719 -0.0692520141601563
-0.00445175170898438 -0.0329055786132812 0.0179595947265625 -0.04998779296875
0.02191162109375 -0.0381813049316406 0.00395011901855469 -0.0259437561035156
0.0497322082519531 -0.0185585021972656 -0.00943183898925781 -0.0331096649169922
0.06219482421875 0.0335350036621094 -0.0168075561523437 -0.0723724365234375
0.0510635375976563 0.0805740356445313 0.006622314453125 -0.107856750488281
0.0179061889648437 0.102828979492188 0.0282440185546875 -0.0929946899414063
-0.00789642333984374 0.116508483886719 0.117889404296875 -0.04559326171875
0.0408706665039062 0.0719985961914063 0.0541419982910156 -0.000709533691406246
0.0408515930175781 0.035736083984375 0.059539794921875 0.033935546875
0.0451316833496094 0.00399017333984375 0.105377197265625 0.003997802734375
0.0333728790283203 -0.0170173645019531 0.0982284545898438 -0.05438232421875
0.0156574249267578 -0.0307559967041016 0.060333251953125 -0.100753784179687
0.00307846069335937 -0.0459175109863281 0.0224609375 -0.106674194335937
0.00568389892578126 -0.0468101501464844 0.00739288330078126 -0.081939697265625
0.00439071655273437 -0.0516281127929688 0.0116348266601562 -0.0575408935546875
0.0233650207519531 -0.0551033020019531 0.0160408020019531 -0.0396728515625
0.0539932250976563 -0.0401611328125 0.000703811645507816 -0.0153217315673828
0.0757675170898437 -0.00640106201171875 -0.0134353637695312 -0.0204792022705078
0.0681037902832031 0.0620307922363281 -0.0265121459960937 -0.0538749694824219
0.0414810180664062 0.113716125488281 -0.00144195556640625 -0.0788192749023437
-0.0030517578125 0.130966186523438 0.0202674865722656 -0.0556144714355469
-0.048248291015625 0.137786865234375 0.110130310058594 0.00268554687500001
0.012054443359375 0.119529724121094 0.0551490783691406 0.0387992858886719
0.0453948974609375 0.0879745483398437 0.0622901916503906 0.0559730529785156
0.0802154541015625 0.0358810424804688 0.106895446777344 0.0223464965820313
0.0742034912109375 -0.013702392578125 0.0966262817382813 -0.0347366333007813
0.0476303100585938 -0.0538101196289063 0.0593338012695313 -0.0807647705078125
0.0210037231445313 -0.0743026733398438 0.025543212890625 -0.0840377807617188
0.0213470458984375 -0.0713729858398438 0.00908279418945312 -0.0594482421875
0.0220108032226563 -0.0782394409179688 0.00961303710937501 -0.0357093811035156
0.0435638427734375 -0.072906494140625 0.0105361938476563 -0.0208797454833984
0.0771408081054688 -0.043182373046875 -0.0062417984008789 -0.00077342987060547
0.0934295654296875 0.000213623046875 -0.0186424255371094 -0.00827407836914063
0.0710296630859375 0.0787200927734375 -0.0304603576660156 -0.0376358032226562
0.0319900512695313 0.13153076171875 -0.000820159912109376 -0.0475196838378906
-0.0225677490234375 0.142929077148438 0.00816726684570312 -0.0129966735839844
-0.0822830200195313 0.131378173828125 0.0863723754882813 0.05413818359375
-0.0245361328125 0.140594482421875 0.0437240600585938 0.0820083618164063
0.0299530029296875 0.125862121582031 0.056671142578125 0.0786361694335938
0.0943756103515625 0.0689697265625 0.0953445434570313 0.0424270629882813
0.100898742675781 -0.00029754638671875 0.0825271606445313 -0.0105514526367188
0.0745086669921875 -0.0634765625 0.0500907897949219 -0.0508003234863281
0.0364532470703125 -0.0898895263671875 0.0238075256347656 -0.0505142211914063
0.0331878662109375 -0.0845718383789063 0.00897789001464843 -0.0279960632324219
0.0350723266601563 -0.09381103515625 0.00592231750488281 -0.00543975830078126
0.0568389892578125 -0.083526611328125 0.00176596641540528 0.00280690193176269
0.0911407470703125 -0.0435256958007813 -0.0160503387451172 0.0153465270996094
0.102760314941406 0.006866455078125 -0.0242710113525391 0.00108528137207032
0.0662994384765625 0.0890884399414063 -0.0294761657714844 -0.0251750946044922
0.0162734985351562 0.136177062988281 0.00469017028808594 -0.0179996490478516
-0.0411376953125 0.137611389160156 -0.00716400146484376 0.0291328430175781
-0.0998687744140625 0.09954833984375 0.051605224609375 0.0990829467773437
-0.0580368041992188 0.127723693847656 0.0229415893554687 0.118782043457031
0.00173187255859376 0.133163452148438 0.0424346923828125 0.0931472778320313
0.0819778442382813 0.090179443359375 0.0727615356445313 0.0563583374023438
0.105133056640625 0.0166015625 0.05877685546875 0.0111885070800781
0.0876541137695313 -0.0580596923828125 0.0332412719726563 -0.0179080963134766
0.0473556518554688 -0.0898513793945313 0.0174322128295898 -0.011326789855957
0.0403518676757813 -0.0849533081054688 0.00818109512329102 0.00739765167236328
0.0417327880859375 -0.0956802368164062 0.00140571594238282 0.0271739959716797
0.0633392333984375 -0.0838699340820313 -0.00962638854980469 0.0297107696533203
0.0953216552734375 -0.0384063720703125 -0.0273933410644531 0.0319232940673828
0.101982116699219 0.0148162841796875 -0.0326309204101562 0.00877952575683594
0.0529251098632813 0.0945053100585938 -0.028167724609375 -0.0171890258789062
-0.00640869140625 0.128608703613281 0.00808238983154297 0.00827074050903321
-0.061187744140625 0.117218017578125 -0.0269203186035156 0.0657424926757813
-0.0972366333007813 0.0476455688476563 0.0170135498046875 0.126853942871094
-0.0752334594726562 0.0838241577148438 -1.52587890625104E-05 0.13836669921875
-0.0272903442382812 0.106826782226563 0.0278854370117188 0.0966033935546875
0.0510025024414063 0.0888214111328125 0.046356201171875 0.0590553283691406
0.0858230590820313 0.0290908813476563 0.0312213897705078 0.0245456695556641
0.0829620361328125 -0.0417251586914063 0.0134649276733398 0.0119380950927734
0.0486221313476563 -0.0750045776367188 0.00933837890625001 0.0243854522705078
0.0410079956054688 -0.0724105834960938 0.00513839721679688 0.04144287109375
0.043304443359375 -0.0841827392578125 -0.00284576416015625 0.0581474304199219
0.0626907348632813 -0.073577880859375 -0.0210227966308594 0.0562744140625
0.08984375 -0.0293502807617188 -0.0415611267089844 0.04693603515625
0.0913925170898438 0.0224990844726563 -0.0435066223144531 0.014617919921875
0.0341033935546875 0.0926513671875 -0.0291957855224609 -0.0115718841552734
-0.0303573608398438 0.11077880859375 0.00418663024902344 0.0292835235595703
-0.0773468017578125 0.0821380615234375 -0.0527572631835937 0.0923995971679688
-0.0783920288085938 -0.010772705078125 -0.00933837890625001 0.1337890625
-0.074310302734375 0.0275039672851562 -0.01336669921875 0.139694213867188
-0.0462570190429688 0.0595855712890625 0.0191650390625 0.089324951171875
0.0137519836425781 0.0680923461914063 0.0264930725097656 0.054290771484375
0.0524024963378906 0.0329017639160156 0.00893592834472657 0.03009033203125
0.0634307861328125 -0.0198936462402344 -0.00341987609863281 0.0328216552734375
0.0422172546386719 -0.0489463806152344 -3.05175781250005E-05 0.0532073974609375
0.0352134704589844 -0.0498619079589844 0.00188064575195312 0.0687446594238281
0.0379409790039063 -0.0602493286132813 -0.00842285156250001 0.08404541015625
0.0532302856445313 -0.05401611328125 -0.0338516235351563 0.078704833984375
0.0737762451171875 -0.0170822143554688 -0.0560531616210937 0.0598182678222656
0.0717010498046875 0.0262985229492188 -0.0564842224121094 0.0187797546386719
0.0127105712890625 0.0810394287109375 -0.0343761444091797 -0.00884246826171874
-0.0486221313476562 0.0799713134765625 -0.00690841674804688 0.0435028076171875
-0.083740234375 0.0374069213867188 -0.0834503173828125 0.106147766113281
0.0584945678710938 0.0216712951660156 0.0862045288085938 -0.109352111816406
0.0501899719238281 -0.0425643920898438 0.02520751953125 -0.0417442321777344
-0.00487899780273437 -0.0540390014648438 0.040191650390625 0.00826263427734375
-0.0391693115234375 -0.026885986328125 0.07977294921875 -0.0172805786132813
-0.0448493957519531 0.00430679321289063 0.0726089477539062 -0.0725479125976562
-0.0342311859130859 0.0344867706298828 0.03765869140625 -0.109489440917969
-0.0235595703125 0.0289897918701172 0.00276184082031249 -0.110000610351563
-0.0247440338134766 0.0202426910400391 -0.00531005859374999 -0.0890045166015625
-0.0335807800292969 0.0206260681152344 0.00064086914062499 -0.0704116821289063
-0.0371322631835938 -0.006256103515625 0.00624084472656249 -0.0540199279785156
-0.0202522277832031 -0.0365371704101562 -0.00127029418945313 -0.0352973937988281
0.0155067443847656 -0.0407829284667969 -0.0111236572265625 -0.04766845703125
0.0574569702148438 -0.0138130187988281 -0.0103607177734375 -0.0902786254882812
0.0696144104003906 0.0268898010253906 0.00868225097656252 -0.133460998535156
0.0490455627441406 0.0565834045410156 0.0230560302734375 -0.127433776855469
0.0352020263671875 0.0750885009765625 0.106689453125 -0.09124755859375
0.0554733276367188 0.0122261047363281 0.0406265258789063 -0.0300941467285156
0.0226516723632812 -0.015472412109375 0.0516204833984375 0.0164642333984375
0.00138664245605469 -0.0176525115966797 0.095245361328125 -0.0136642456054688
-0.00916767120361328 -0.00956249237060547 0.087371826171875 -0.0718612670898438
-0.0128107070922852 0.000970840454101561 0.0472412109375 -0.115966796875
-0.0135812759399414 -0.00977897644042968 0.00768280029296875 -0.118026733398438
-0.0121278762817383 -0.0147237777709961 -0.00368499755859374 -0.0933837890625
-0.0157718658447266 -0.0171794891357422 0.00379180908203126 -0.0719223022460938
-0.00618171691894531 -0.0328540802001953 0.0117645263671875 -0.0544586181640625
0.0186691284179688 -0.0394210815429688 0.00129508972167969 -0.0293426513671875
0.0488243103027344 -0.0219841003417969 -0.0105247497558594 -0.0360107421875
0.0656471252441406 0.0294837951660156 -0.0192718505859375 -0.0731658935546875
0.0582809448242188 0.0776519775390625 0.000762939453125008 -0.110885620117188
0.0254058837890625 0.103363037109375 0.0239715576171875 -0.0997085571289063
0.000732421875000007 0.120292663574219 0.116767883300781 -0.0558319091796875
0.0463943481445312 0.071075439453125 0.0528068542480469 -0.00412368774414062
0.0452880859375 0.0349578857421875 0.0618896484375 0.0321807861328125
0.0472450256347656 0.00164413452148437 0.107017517089844 -0.00225067138671875
0.0330886840820313 -0.0189228057861328 0.0961990356445313 -0.0619277954101563
0.0151462554931641 -0.0324516296386719 0.054290771484375 -0.107963562011719
7.62939453124854E-06 -0.0469512939453125 0.0136795043945313 -0.11083984375
0.00194168090820312 -0.0485420227050781 -0.000984191894531256 -0.0843658447265625
0.0010986328125 -0.053497314453125 0.00478744506835938 -0.0603752136230469
0.0199165344238281 -0.0574417114257813 0.0108222961425781 -0.0442085266113281
0.0520591735839844 -0.0444107055664063 -0.002044677734375 -0.0187568664550781
0.0767059326171875 -0.0121841430664063 -0.0143947601318359 -0.0234146118164063
0.0743331909179687 0.0589065551757813 -0.0289154052734375 -0.054656982421875
0.05072021484375 0.113632202148438 -0.00534820556640626 -0.08203125
0.00632476806640626 0.134483337402344 0.0178718566894531 -0.0611305236816406
-0.0390777587890625 0.145767211914063 0.112312316894531 -0.00608825683593749
0.021026611328125 0.121940612792969 0.0567359924316406 0.0355987548828125
0.0538864135742187 0.0888442993164063 0.0664253234863281 0.0545768737792969
0.0853500366210938 0.0310745239257813 0.110359191894531 0.0167083740234375
0.075164794921875 -0.0196533203125 0.0959396362304688 -0.04156494140625
0.0447769165039063 -0.0587844848632813 0.0548858642578125 -0.0864334106445313
0.0156784057617187 -0.0778350830078125 0.01763916015625 -0.0881118774414063
0.015350341796875 -0.0746307373046875 0.00274658203125 -0.0617027282714844
0.015777587890625 -0.0820388793945313 0.00481033325195313 -0.0371665954589844
0.0389328002929688 -0.0781936645507813 0.00618171691894532 -0.0248069763183594
0.075958251953125 -0.0504684448242188 -0.00862360000610351 -0.00301027297973633
0.0963821411132813 -0.0066680908203125 -0.019775390625 -0.0105419158935547
0.0793533325195313 0.0762557983398438 -0.0324058532714844 -0.0379219055175781
0.0433578491210938 0.132896423339844 -0.00313949584960938 -0.0501136779785156
-0.01239013671875 0.148757934570313 0.00846576690673828 -0.017207145690918
-0.0741119384765625 0.142959594726563 0.0908660888671875 0.0490951538085938
-0.0145263671875 0.146713256835937 0.047943115234375 0.0801162719726563
0.0419387817382812 0.12908935546875 0.060760498046875 0.0770263671875
0.102691650390625 0.064208984375 0.0994186401367188 0.0382003784179688
0.103530883789063 -0.00899505615234375 0.0837631225585938 -0.0158157348632813
0.071258544921875 -0.0710983276367187 0.0479087829589844 -0.0540313720703125
0.0295944213867187 -0.0951156616210938 0.0195350646972656 -0.0533599853515625
0.0266647338867187 -0.0900421142578125 0.00538063049316406 -0.0295124053955078
0.0277328491210938 -0.0996246337890625 0.00389575958251953 -0.00668716430664063
0.0514297485351562 -0.0912704467773438 -0.000890851020812985 0.00175452232360839
0.0902252197265625 -0.0521087646484375 -0.016993522644043 0.0147552490234375
0.106422424316406 -0.00196075439453125 -0.0263290405273437 0.000463485717773437
0.0760040283203125 0.0873031616210938 -0.0313377380371094 -0.0246295928955078
0.0279388427734375 0.139228820800781 0.00335121154785156 -0.0206241607666016
-0.032012939453125 0.144668579101563 -0.0039520263671875 0.0276107788085938
-0.09429931640625 0.111587524414063 0.0585250854492187 0.0972442626953125
-0.0495681762695313 0.135932922363281 0.0291671752929688 0.118988037109375
0.01287841796875 0.138534545898438 0.0471954345703125 0.0923614501953125
0.09246826171875 0.0863571166992188 0.0763320922851563 0.0532760620117188
0.1094970703125 0.0075225830078125 0.0601921081542969 0.00809478759765625
0.0847244262695313 -0.0669326782226563 0.0333995819091797 -0.0188369750976563
0.0401153564453125 -0.0960159301757813 0.016510009765625 -0.013087272644043
0.0325088500976563 -0.0910720825195313 0.00724840164184571 0.00678777694702148
0.0344696044921875 -0.102149963378906 0.00251579284667969 0.0279560089111328
0.0573959350585938 -0.0921096801757813 -0.00969505310058593 0.0303916931152344
0.0949172973632813 -0.0484619140625 -0.0281276702880859 0.0336265563964844
0.106582641601563 0.0057220458984375 -0.0342979431152344 0.0100173950195313
0.0626678466796875 0.0934982299804688 -0.0293350219726562 -0.0170116424560547
0.00477600097656249 0.133949279785156 0.00922584533691406 0.00600814819335938
-0.0534820556640625 0.1253662109375 -0.0225791931152344 0.0674514770507813
-0.0963973999023438 0.05865478515625 0.0256805419921875 0.128372192382813
-0.070098876953125 0.0938186645507812 0.00788879394531249 0.140396118164063
-0.0182037353515625 0.114456176757813 0.0331039428710937 0.0968170166015625
0.061065673828125 0.0875091552734375 0.0499153137207031 0.0585212707519531
0.0906143188476563 0.0219497680664063 0.0337486267089844 0.0248622894287109
0.0815505981445313 -0.0507659912109375 0.0155677795410156 0.0130910873413086
0.0427627563476563 -0.0814971923828125 0.0103893280029297 0.0244369506835937
0.0346450805664063 -0.0781173706054688 0.00752639770507813 0.0412940979003906
0.0357437133789063 -0.0902938842773437 0.000110626220703129 0.0603828430175781
0.0567398071289063 -0.0818328857421875 -0.0195884704589844 0.058685302734375
0.0896377563476563 -0.0387725830078125 -0.0406913757324219 0.0507926940917969
0.0959548950195313 0.0142669677734375 -0.0446205139160156 0.0170249938964844
0.0441818237304688 0.0936660766601562 -0.0304718017578125 -0.0111312866210937
-0.0206985473632813 0.117111206054688 0.00709724426269531 0.0274200439453125
-0.0720291137695313 0.091339111328125 -0.0474853515625 0.0976409912109375
-0.0808868408203125 -0.00329589843750001 -0.00122833251953125 0.138542175292969
-0.073089599609375 0.0355987548828125 -0.00561523437500001 0.143569946289063
-0.04071044921875 0.0667877197265625 0.02294921875 0.0896148681640625
0.0208358764648438 0.0690650939941406 0.0285835266113281 0.0552177429199219
0.0569915771484375 0.0282707214355469 0.0115947723388672 0.0324687957763672
0.0624809265136719 -0.0268898010253906 -0.000125885009765623 0.0358467102050781
0.0378913879394531 -0.0541839599609375 0.0044708251953125 0.05401611328125
0.0305671691894531 -0.0546607971191406 0.00738143920898438 0.0699996948242188
0.0327644348144531 -0.065521240234375 -0.0023193359375 0.0877609252929688
0.048431396484375 -0.0607833862304687 -0.0299911499023437 0.0833587646484375
0.074127197265625 -0.0246047973632813 -0.0545845031738281 0.0653877258300781
0.0751953125 0.0203781127929687 -0.0570640563964844 0.0222549438476562
0.0206985473632813 0.0817642211914063 -0.0359878540039063 -0.00826263427734375
-0.0416107177734375 0.0861358642578125 -0.00271987915039062 0.0432891845703125
-0.0813674926757813 0.0451736450195313 -0.0765151977539063 0.114112854003906
0.0594863891601562 0.0167655944824219 0.0788116455078125 -0.11474609375
0.0458259582519531 -0.0450553894042969 0.0216217041015625 -0.0416450500488281
-0.00940704345703125 -0.0532035827636719 0.0404739379882813 0.008056640625
-0.0412445068359375 -0.0233383178710937 0.0794754028320313 -0.0210494995117188
-0.043670654296875 0.00916290283203126 0.0684738159179688 -0.0762786865234375
-0.0297470092773437 0.037078857421875 0.0295791625976563 -0.111640930175781
-0.0201530456542969 0.03076171875 -0.0050048828125 -0.109893798828125
-0.0223846435546875 0.0222358703613281 -0.0125808715820313 -0.0876007080078125
-0.0298690795898437 0.0239353179931641 -0.00591278076171876 -0.0702171325683594
-0.0365715026855469 -0.00186920166015625 -0.000392913818359378 -0.0544586181640625
-0.0236454010009766 -0.0328807830810547 -0.00360870361328125 -0.0377922058105469
0.0111618041992188 -0.0412521362304688 -0.0125770568847656 -0.0493431091308594
0.055633544921875 -0.0183448791503906 -0.0135040283203125 -0.0893478393554687
0.0703887939453125 0.0211410522460938 0.00199890136718749 -0.133529663085938
0.0523262023925781 0.052154541015625 0.0156784057617188 -0.129585266113281
0.039520263671875 0.0717391967773438 0.100357055664063 -0.0985488891601563
0.0551338195800781 0.00909805297851563 0.0367965698242187 -0.0316390991210937
0.0207481384277344 -0.0159416198730469 0.0518341064453125 0.0154342651367187
0.00115871429443359 -0.0166835784912109 0.0944671630859375 -0.017486572265625
-0.00899124145507813 -0.00789642333984375 0.0816802978515625 -0.0766830444335938
-0.0109272003173828 0.00194072723388672 0.0390243530273438 -0.1181640625
-0.0128030776977539 -0.00809669494628906 -0.00177764892578126 -0.117439270019531
-0.0125055313110352 -0.0137157440185547 -0.0114364624023438 -0.0920028686523438
-0.0160484313964844 -0.0157680511474609 -0.0030975341796875 -0.072113037109375
-0.00778388977050782 -0.0314826965332031 0.00506591796875 -0.0563278198242187
0.0163497924804688 -0.0387001037597656 -0.00131416320800781 -0.0323886871337891
0.0462379455566406 -0.0244178771972656 -0.0116424560546875 -0.0377731323242188
0.06610107421875 0.02471923828125 -0.0217208862304687 -0.071868896484375
0.0620346069335938 0.0728683471679688 -0.00437164306640624 -0.111129760742188
0.0319976806640625 0.100082397460938 0.0182876586914063 -0.102729797363281
0.00810241699218749 0.119712829589844 0.112937927246094 -0.0641708374023437
0.0505332946777344 0.068511962890625 0.0504035949707031 -0.00683212280273437
0.0474281311035156 0.0331344604492188 0.0623588562011719 0.0303535461425781
0.047119140625 -0.00080108642578125 0.106483459472656 -0.006744384765625
0.0323429107666016 -0.0205287933349609 0.091156005859375 -0.0662689208984375
0.0141448974609375 -0.0333232879638672 0.0460205078125 -0.110565185546875
-0.0025787353515625 -0.0463371276855469 0.00476837158203125 -0.110420227050781
-0.0017547607421875 -0.0481986999511719 -0.008453369140625 -0.0827713012695313
-0.00199508666992188 -0.0532035827636719 -0.00178909301757812 -0.0603103637695312
0.0160484313964844 -0.0585823059082031 0.00377655029296875 -0.0468826293945313
0.0484085083007813 -0.0473594665527344 -0.00480842590332031 -0.0211029052734375
0.07562255859375 -0.0168304443359375 -0.0156421661376953 -0.0249729156494141
0.0777969360351563 0.0538482666015625 -0.0298843383789062 -0.0531730651855469
0.0584335327148437 0.110099792480469 -0.009185791015625 -0.0822830200195312
0.01458740234375 0.133247375488281 0.0151939392089844 -0.0648689270019531
-0.02825927734375 0.148025512695313 0.110336303710938 -0.0142059326171875
0.0289993286132812 0.120201110839844 0.0557670593261719 0.03167724609375
0.0605926513671875 0.0865936279296875 0.0674705505371094 0.0515060424804688
0.088104248046875 0.0257949829101562 0.109992980957031 0.0111312866210938
0.073486328125 -0.024383544921875 0.09228515625 -0.0464706420898438
0.0421562194824219 -0.0619544982910156 0.0490264892578125 -0.0886917114257813
0.00997161865234375 -0.0787124633789062 0.0106964111328125 -0.0882949829101563
0.00939941406249999 -0.07562255859375 -0.00413894653320312 -0.0604896545410156
0.00998687744140624 -0.0833587646484375 -0.000446319580078127 -0.0372772216796875
0.0332870483398437 -0.081329345703125 0.000911712646484378 -0.0266189575195313
0.0723037719726563 -0.055633544921875 -0.010859489440918 -0.00516128540039063
0.0959625244140625 -0.0132904052734375 -0.0208587646484375 -0.011810302734375
0.0848388671875 0.0714340209960938 -0.0326728820800781 -0.0372314453125
0.0527114868164063 0.130294799804688 -0.00495147705078125 -0.0515937805175781
-0.00228881835937501 0.148635864257813 0.00808143615722656 -0.02020263671875
-0.06329345703125 0.14825439453125 0.0926361083984375 0.0422439575195313
-0.00456237792968748 0.14776611328125 0.0505142211914063 0.0764312744140625
0.05181884765625 0.127044677734375 0.0627517700195313 0.0733261108398438
0.108116149902344 0.0572738647460938 0.0992965698242188 0.0327606201171875
0.102554321289062 -0.016082763671875 0.0816497802734375 -0.0196609497070313
0.06671142578125 -0.076171875 0.0446739196777344 -0.0562324523925781
0.0222396850585938 -0.097320556640625 0.0145988464355469 -0.0541725158691406
0.0186614990234375 -0.0917739868164063 0.00157356262207031 -0.0292892456054688
0.019317626953125 -0.101432800292969 0.00164079666137695 -0.00571632385253907
0.0445327758789063 -0.0952911376953125 -0.00429344177246093 0.000534772872924799
0.0863494873046875 -0.0593948364257813 -0.0181598663330078 0.0142631530761719
0.10675048828125 -0.00907135009765625 -0.0267448425292969 0.000398635864257807
0.0824203491210938 0.082855224609375 -0.0321903228759766 -0.0247535705566406
0.0380172729492188 0.137367248535156 0.00348281860351563 -0.0228061676025391
-0.0218963623046875 0.147018432617188 -0.00146675109863281 0.0245819091796875
-0.0864334106445313 0.1185302734375 0.0636749267578125 0.0923080444335938
-0.0392532348632812 0.139358520507813 0.0339202880859375 0.115509033203125
0.0242462158203125 0.138710021972656 0.0501022338867188 0.0898513793945313
0.0993118286132813 0.0806884765625 0.0782852172851563 0.0500717163085938
0.1092529296875 -0.0001983642578125 0.0604057312011719 0.00560379028320312
0.079315185546875 -0.0732421875 0.0329074859619141 -0.019439697265625
0.032440185546875 -0.0986480712890625 0.0151290893554688 -0.0147132873535156
0.0251312255859375 -0.0928192138671875 0.00562095642089844 0.00643491744995116
0.0252304077148438 -0.1053466796875 0.00345611572265625 0.02813720703125
0.0497283935546875 -0.0968170166015625 -0.0103816986083984 0.0301113128662109
0.0906524658203125 -0.05584716796875 -0.0276393890380859 0.0343608856201172
0.106483459472656 -0.002655029296875 -0.0353584289550781 0.0103569030761719
0.0706939697265625 0.0899887084960938 -0.0304355621337891 -0.016571044921875
0.0153656005859375 0.134910583496094 0.0101776123046875 0.00329780578613282
-0.0448684692382813 0.129058837890625 -0.0171165466308594 0.0661964416503906
-0.0917434692382812 0.0670928955078125 0.0322189331054688 0.126571655273438
-0.0629043579101562 0.0992584228515625 0.0146865844726563 0.138633728027344
-0.00845336914062501 0.1171875 0.0354080200195313 0.0939254760742188
0.0677337646484375 0.0830078125 0.0512809753417969 0.0570945739746094
0.092437744140625 0.013702392578125 0.0353622436523438 0.0242919921875
0.0770492553710938 -0.0572586059570313 0.0175762176513672 0.0131931304931641
0.0353317260742188 -0.084716796875 0.0124721527099609 0.0237598419189453
0.0270004272460938 -0.0803375244140625 0.0095367431640625 0.0408554077148437
0.0279541015625 -0.0931930541992188 0.00365829467773438 0.0605201721191406
0.0489044189453125 -0.086212158203125 -0.0163955688476563 0.0593719482421875
0.0862350463867188 -0.0464630126953125 -0.0383071899414063 0.05291748046875
0.0968856811523438 0.00650787353515625 -0.0443115234375 0.0188331604003906
0.0512771606445313 0.0903091430664063 -0.0313968658447266 -0.0105342864990234
-0.0110931396484375 0.119010925292969 0.00931549072265625 0.0250873565673828
-0.0646514892578125 0.0955963134765625 -0.0401535034179687 0.0985260009765625
-0.08056640625 0.004058837890625 0.00540161132812498 0.138877868652344
-0.0699386596679688 0.0419692993164063 0.00105285644531251 0.142257690429688
-0.0338897705078125 0.0709915161132813 0.0261001586914062 0.0883026123046875
0.0276451110839844 0.0668716430664063 0.0301094055175781 0.0550117492675781
0.0588951110839844 0.0217323303222656 0.0141086578369141 0.0332012176513672
0.0592803955078125 -0.0328788757324219 0.00397872924804688 0.0372581481933594
0.0320510864257813 -0.0572776794433594 0.00818634033203125 0.0535964965820313
0.0250015258789063 -0.0570487976074219 0.0116767883300781 0.0685272216796875
0.0258293151855469 -0.0684585571289063 0.00351715087890625 0.08734130859375
0.0423927307128906 -0.063262939453125 -0.0253448486328125 0.0847549438476563
0.070648193359375 -0.0309371948242188 -0.0505752563476562 0.068572998046875
0.076141357421875 0.013702392578125 -0.0567588806152344 0.0246810913085938
0.02734375 0.080810546875 -0.0360488891601563 -0.00740814208984374
-0.0347900390625 0.08984375 0.000419616699218744 0.0409278869628906
-0.07635498046875 0.05084228515625 -0.0688705444335938 0.117691040039062
0.0586585998535156 0.0138740539550781 0.0739822387695313 -0.115997314453125
0.0422935485839844 -0.045654296875 0.0190963745117188 -0.0403594970703125
-0.0121269226074219 -0.05126953125 0.0397720336914063 0.008544921875
-0.0413932800292969 -0.0203170776367188 0.0777740478515625 -0.0221786499023438
-0.0415992736816406 0.0120925903320313 0.0642242431640625 -0.07659912109375
-0.0260696411132812 0.0378227233886719 0.0246658325195312 -0.11041259765625
-0.0170555114746094 0.0316047668457031 -0.00976562500000001 -0.107833862304688
-0.0205516815185547 0.0230197906494141 -0.015625 -0.0853424072265625
-0.0276813507080078 0.0250225067138672 -0.0102462768554687 -0.0690956115722656
-0.0352935791015625 0.000911712646484381 -0.0042266845703125 -0.0542678833007813
-0.0248165130615234 -0.0298118591308594 -0.00577163696289062 -0.0391426086425781
0.00822830200195313 -0.0401649475097656 -0.0129814147949219 -0.0502548217773438
0.0526580810546875 -0.0210685729980469 -0.013275146484375 -0.087738037109375
0.0694656372070313 0.0169830322265625 -0.000801086425781236 -0.131828308105469
0.0530509948730469 0.0484695434570313 0.0113983154296875 -0.130050659179688
0.0406532287597656 0.0695381164550781 0.0951461791992188 -0.101455688476563
0.05364990234375 0.006744384765625 0.0343990325927734 -0.0313491821289063
0.0195388793945313 -0.0156936645507813 0.0510597229003906 0.0154571533203125
2.67028808593753E-05 -0.0156621932983398 0.0931930541992188 -0.0195770263671875
-0.00858545303344727 -0.00617122650146484 0.077392578125 -0.0776443481445313
-0.00890159606933594 0.00251579284667969 0.0332183837890625 -0.117050170898437
-0.0117988586425781 -0.00751018524169922 -0.00646209716796876 -0.115432739257813
-0.0130577087402344 -0.0128755569458008 -0.0159683227539062 -0.08917236328125
-0.0154399871826172 -0.0155801773071289 -0.00777435302734376 -0.0706253051757813
-0.00841522216796875 -0.0295619964599609 0.000125885009765623 -0.0563621520996094
0.0137748718261719 -0.0379524230957031 -0.00356674194335937 -0.0345039367675781
0.0437774658203125 -0.0251045227050781 -0.011993408203125 -0.0393943786621094
0.065338134765625 0.022308349609375 -0.0215301513671875 -0.0712356567382813
0.0635833740234375 0.0693473815917969 -0.00703430175781249 -0.109718322753906
0.034393310546875 0.0973587036132813 0.0155563354492188 -0.1041259765625
0.0128097534179688 0.117744445800781 0.108421325683594 -0.0676040649414062
0.0513038635253906 0.0657691955566406 0.0477104187011719 -0.00764083862304687
0.0488319396972656 0.0313148498535156 0.0608901977539063 0.0291519165039063
0.0469207763671875 -0.00178909301757813 0.104461669921875 -0.0089111328125
0.0312271118164062 -0.0210399627685547 0.087493896484375 -0.0676956176757813
0.0138568878173828 -0.0330390930175781 0.0408935546875 -0.109939575195313
-0.00429153442382813 -0.0458412170410156 -0.000572204589843739 -0.109016418457031
-0.00359344482421875 -0.0472984313964844 -0.0128097534179688 -0.0801467895507813
-0.00392913818359375 -0.0528144836425781 -0.0064697265625 -0.0589675903320312
0.0132255554199219 -0.0581398010253906 -0.00106430053710938 -0.0464286804199219
0.0458106994628906 -0.0482521057128906 -0.00735855102539062 -0.0231723785400391
0.0734405517578125 -0.0188217163085938 -0.0158958435058594 -0.0270538330078125
0.0793304443359375 0.0505294799804687 -0.0292015075683594 -0.0534095764160156
0.0617599487304687 0.10589599609375 -0.0101547241210937 -0.0816421508789063
0.0187911987304687 0.130950927734375 0.0126991271972656 -0.0674400329589844
-0.022705078125 0.14752197265625 0.107826232910156 -0.0183639526367187
0.0328216552734375 0.118278503417969 0.0541648864746094 0.0295982360839844
0.0640335083007813 0.0835418701171875 0.0664596557617188 0.050018310546875
0.0887527465820313 0.0229339599609375 0.107559204101563 0.00919342041015625
0.0718765258789063 -0.0269775390625 0.0891342163085938 -0.04736328125
0.0402488708496094 -0.0621528625488281 0.0449905395507812 -0.0886917114257813
0.00676727294921876 -0.076904296875 0.00603485107421874 -0.0867233276367188
0.00565338134765625 -0.0747299194335937 -0.00794601440429688 -0.0583343505859375
0.00601959228515626 -0.0835723876953125 -0.00411605834960937 -0.0360183715820313
0.0291748046875 -0.08154296875 -0.00363540649414062 -0.0267791748046875
0.0689773559570313 -0.0579338073730469 -0.0128965377807617 -0.00643444061279297
0.0943450927734375 -0.0173873901367188 -0.0214633941650391 -0.0128765106201172
0.0874176025390625 0.06817626953125 -0.0325546264648438 -0.0366668701171875
0.0574264526367188 0.127449035644531 -0.00640487670898438 -0.0521621704101562
0.00236511230468752 0.146713256835938 0.00788497924804687 -0.0238075256347656
-0.056243896484375 0.149734497070313 0.0918426513671875 0.0374908447265625
0.00120544433593749 0.14617919921875 0.0493316650390625 0.073150634765625
0.056915283203125 0.1246337890625 0.0616607666015625 0.0719680786132813
0.109329223632812 0.0525970458984375 0.0976028442382813 0.029998779296875
0.100860595703125 -0.019989013671875 0.0796661376953125 -0.0210037231445313
0.0626220703125 -0.0778427124023438 0.0420379638671875 -0.0558319091796875
0.01788330078125 -0.0969619750976563 0.0116615295410156 -0.053497314453125
0.0141372680664063 -0.0911788940429688 -0.00143051147460937 -0.0283966064453125
0.0140609741210938 -0.102005004882812 -0.000557422637939452 -0.00523090362548829
0.0389328002929687 -0.0960540771484375 -0.00739479064941406 0.000263214111328118
0.0823593139648438 -0.0634002685546875 -0.0197830200195312 0.0135879516601563
0.104965209960937 -0.0146255493164062 -0.0269851684570312 -0.000909805297851564
0.0860366821289063 0.0797805786132813 -0.0314254760742187 -0.0246162414550781
0.04461669921875 0.135581970214844 0.00275802612304688 -0.0242061614990234
-0.01611328125 0.14593505859375 -0.000703811645507816 0.0218791961669922
-0.08013916015625 0.121994018554687 0.0658416748046875 0.0880050659179688
-0.0334243774414063 0.139839172363281 0.0347671508789062 0.111793518066406
0.0306777954101563 0.136894226074219 0.0501937866210938 0.0870437622070313
0.101799011230469 0.075042724609375 0.0769577026367188 0.04779052734375
0.107147216796875 -0.00586700439453125 0.0593605041503906 0.004852294921875
0.0753631591796875 -0.0763320922851563 0.0322837829589844 -0.0196933746337891
0.0262832641601563 -0.0989837646484375 0.0129194259643555 -0.0147361755371094
0.0195541381835937 -0.0926132202148438 0.00472354888916016 0.00578165054321289
0.01904296875 -0.105659484863281 0.0033111572265625 0.0282382965087891
0.0436935424804688 -0.0982894897460938 -0.0114917755126953 0.0298576354980469
0.0870513916015625 -0.060638427734375 -0.0282421112060547 0.0341339111328125
0.105751037597656 -0.00708770751953125 -0.0346813201904297 0.0103721618652344
0.0751113891601563 0.086822509765625 -0.0306262969970703 -0.0162181854248047
0.0218429565429687 0.132637023925781 0.0105562210083008 0.000439643859863289
-0.03826904296875 0.130081176757813 -0.01513671875 0.063140869140625
-0.0872344970703125 0.0717620849609375 0.0350341796875 0.124320983886719
-0.0572280883789062 0.102027893066406 0.01654052734375 0.135765075683594
-0.00238037109375001 0.117469787597656 0.0358352661132812 0.0921249389648438
0.0720901489257813 0.0790481567382812 0.0511093139648438 0.0556564331054688
0.0914230346679688 0.00850677490234375 0.0356826782226563 0.0239448547363281
0.0726470947265625 -0.0605392456054688 0.0192203521728516 0.0130863189697266
0.0300521850585938 -0.0848464965820313 0.0124988555908203 0.022247314453125
0.0223312377929688 -0.0808486938476563 0.0099639892578125 0.0395393371582031
0.0215530395507813 -0.0933685302734375 0.0056610107421875 0.0598602294921875
0.0439529418945313 -0.087493896484375 -0.0162200927734375 0.0592918395996094
0.0828018188476563 -0.0506362915039063 -0.0376625061035156 0.0530128479003906
0.0960464477539062 0.0014801025390625 -0.0443572998046875 0.0194549560546875
0.0555801391601563 0.0876083374023438 -0.0317039489746094 -0.0103397369384766
-0.00463104248046876 0.119033813476563 0.0102977752685547 0.0226116180419922
-0.0596694946289062 0.0973129272460937 -0.0357284545898438 0.0968399047851563
-0.07891845703125 0.00867462158203126 0.0100326538085937 0.136955261230469
-0.0672531127929688 0.0455207824707031 0.00414276123046873 0.139701843261719
-0.0293197631835938 0.072845458984375 0.0254669189453125 0.0861434936523438
0.0315628051757812 0.0641670227050781 0.0301361083984375 0.054931640625
0.0588912963867188 0.0180587768554688 0.0158309936523438 0.0341014862060547
0.0561599731445313 -0.0349998474121094 0.00697708129882813 0.0372123718261719
0.0277557373046875 -0.0583686828613281 0.011260986328125 0.0513572692871094
0.02105712890625 -0.0563392639160156 0.0135612487792969 0.0658950805664062
0.0213813781738281 -0.0688400268554688 0.00698089599609374 0.0860824584960938
0.0381927490234375 -0.0655059814453125 -0.0224227905273437 0.084136962890625
0.0681610107421875 -0.0345573425292969 -0.0483512878417969 0.070068359375
0.0753173828125 0.0095367431640625 -0.0557785034179687 0.0260124206542969
0.03118896484375 0.0788650512695313 -0.0366668701171875 -0.00700378417968749
-0.0294952392578125 0.089813232421875 0.00356292724609375 0.0390090942382813
-0.0722579956054687 0.052032470703125 -0.0632171630859375 0.117576599121094
0.0578727722167969 0.0125808715820313 0.0721435546875 -0.118118286132813
0.0411529541015625 -0.046417236328125 0.0180282592773438 -0.0398902893066406
-0.0141448974609375 -0.0504379272460938 0.03985595703125 0.00991821289062499
-0.0427780151367188 -0.0187187194824219 0.078399658203125 -0.02252197265625
-0.040557861328125 0.0138130187988281 0.0632781982421875 -0.0763702392578125
-0.023834228515625 0.0383224487304687 0.0222320556640625 -0.110130310058594
-0.0151176452636719 0.031524658203125 -0.0115737915039063 -0.107192993164063
-0.0192909240722656 0.0241661071777344 -0.018890380859375 -0.0847854614257813
-0.0257148742675781 0.0251998901367188 -0.0124664306640625 -0.0681686401367188
-0.0346736907958984 0.00237846374511719 -0.00661468505859375 -0.0540351867675781
-0.0260810852050781 -0.0277938842773437 -0.0069427490234375 -0.0414581298828125
0.00669479370117188 -0.04010009765625 -0.0122032165527344 -0.0521202087402344
0.050994873046875 -0.022430419921875 -0.0122604370117188 -0.0884628295898438
0.0684852600097656 0.0143280029296875 -0.00128936767578126 -0.131591796875
0.0535736083984375 0.0465354919433594 0.0108795166015625 -0.131034851074219
0.0415267944335938 0.068389892578125 0.0939102172851563 -0.103164672851563
0.0530548095703125 0.006072998046875 0.0329627990722656 -0.0309600830078125
0.019500732421875 -0.0151538848876953 0.0509376525878906 0.0162620544433594
-0.000483512878417968 -0.0148820877075195 0.0926361083984375 -0.0194625854492188
-0.00787591934204102 -0.0057988166809082 0.0764541625976563 -0.0773849487304688
-0.0069122314453125 0.00235939025878906 0.030181884765625 -0.117057800292969
-0.0114736557006836 -0.00730514526367187 -0.00925445556640625 -0.114334106445313
-0.0124502182006836 -0.0121402740478516 -0.0183792114257813 -0.08868408203125
-0.0150537490844727 -0.015263557434082 -0.0112266540527344 -0.0701408386230469
-0.00874519348144532 -0.0289096832275391 -0.00345230102539063 -0.0568084716796875
0.0127182006835938 -0.0371894836425781 -0.0057373046875 -0.036651611328125
0.0431251525878906 -0.0254020690917969 -0.0117378234863281 -0.0420455932617188
0.0649223327636719 0.0206413269042969 -0.0198440551757812 -0.07135009765625
0.0643692016601563 0.0677604675292969 -0.0066680908203125 -0.110633850097656
0.0353012084960938 0.0962448120117188 0.0147171020507812 -0.106124877929688
0.0142669677734375 0.117378234863281 0.107475280761719 -0.0696792602539062
0.0517311096191406 0.0647201538085938 0.0455436706542969 -0.00778961181640625
0.0497169494628906 0.0317802429199219 0.0600128173828125 0.0302581787109375
0.0468368530273437 -0.001800537109375 0.103904724121094 -0.009521484375
0.0311851501464844 -0.0210895538330078 0.0860671997070313 -0.0676040649414063
0.0148506164550781 -0.0336189270019531 0.03900146484375 -0.109519958496094
-0.0046234130859375 -0.0455169677734375 -0.0030670166015625 -0.10809326171875
-0.00461578369140625 -0.0472640991210938 -0.0159683227539063 -0.0786514282226563
-0.005279541015625 -0.0524330139160156 -0.00935363769531251 -0.0581817626953125
0.0125045776367188 -0.0584144592285156 -0.00490951538085937 -0.0472145080566406
0.0449028015136719 -0.0487899780273438 -0.00995826721191406 -0.0249557495117188
0.0729751586914062 -0.0198211669921875 -0.0164642333984375 -0.0290660858154297
0.0797271728515625 0.0498123168945313 -0.027801513671875 -0.0544853210449219
0.0631790161132813 0.104736328125 -0.0100555419921875 -0.0826568603515625
0.0196075439453125 0.13018798828125 0.0124931335449219 -0.0701789855957031
-0.02081298828125 0.147628784179688 0.106956481933594 -0.0203857421875
0.0348587036132813 0.117462158203125 0.0517425537109375 0.0288734436035156
0.0666656494140625 0.0831680297851563 0.0649833679199219 0.0508460998535156
0.0891952514648438 0.0218048095703125 0.107131958007812 0.0088348388671875
0.0714874267578125 -0.0274429321289062 0.0877609252929688 -0.0477447509765625
0.039520263671875 -0.0635299682617188 0.0435791015625 -0.0885848999023437
0.00501251220703125 -0.077392578125 0.00344848632812501 -0.0866851806640625
0.00396728515625 -0.074859619140625 -0.0104713439941406 -0.0574760437011719
0.00357818603515625 -0.08367919921875 -0.00643157958984375 -0.0355110168457031
0.0272064208984375 -0.0830154418945313 -0.00787544250488281 -0.0272693634033203
0.0673103332519531 -0.0598335266113281 -0.0153627395629883 -0.00808811187744141
0.0943527221679687 -0.0193023681640625 -0.0223636627197266 -0.0152015686035156
0.0892562866210938 0.0672073364257813 -0.0321769714355469 -0.0381355285644531
0.0606002807617187 0.126594543457031 -0.00656127929687499 -0.0539054870605469
0.00422668457031251 0.147384643554687 0.00732040405273437 -0.0262889862060547
-0.05450439453125 0.150848388671875 0.09197998046875 0.0357208251953125
0.00367736816406251 0.1466064453125 0.0476608276367188 0.0715560913085938
0.0611038208007813 0.124130249023438 0.06072998046875 0.07257080078125
0.111106872558594 0.0508041381835938 0.0971450805664063 0.030975341796875
0.0998077392578125 -0.0221328735351563 0.0793991088867188 -0.0203704833984375
0.0613555908203125 -0.0797119140625 0.0416526794433594 -0.0560951232910156
0.0145263671875 -0.097076416015625 0.00909042358398438 -0.0533676147460938
0.0110015869140625 -0.0909042358398438 -0.00390243530273437 -0.0274238586425781
0.0103378295898437 -0.102188110351563 -0.00226736068725586 -0.00457048416137696
0.0360870361328125 -0.0971527099609375 -0.00995254516601562 -0.000220298767089848
0.0813674926757813 -0.065765380859375 -0.0220451354980469 0.0132198333740234
0.105308532714844 -0.0170440673828125 -0.0286331176757812 -0.00201606750488281
0.0893783569335938 0.0788650512695313 -0.031982421875 -0.0259971618652344
0.04833984375 0.135215759277344 0.00299644470214844 -0.0266590118408203
-0.014404296875 0.14666748046875 -0.00041007995605469 0.0188999176025391
-0.0780410766601562 0.124435424804688 0.0655975341796875 0.0877456665039063
-0.0301513671875 0.140701293945313 0.0340194702148437 0.111015319824219
0.0349502563476563 0.137954711914063 0.0479965209960938 0.0873260498046875
0.104537963867188 0.07330322265625 0.0759811401367187 0.0485382080078125
0.107154846191406 -0.00766754150390625 0.0600509643554688 0.00592422485351563
0.0733489990234375 -0.07757568359375 0.0330009460449219 -0.0203094482421875
0.023345947265625 -0.0991744995117188 0.0122718811035156 -0.0144119262695313
0.0166854858398438 -0.0934066772460938 0.00400781631469727 0.00649213790893554
0.0156631469726562 -0.105979919433594 0.00225639343261719 0.0284099578857422
0.0410232543945313 -0.100234985351563 -0.0131320953369141 0.0296840667724609
0.0858383178710937 -0.0636444091796875 -0.0291614532470703 0.034423828125
0.1058349609375 -0.0102310180664063 -0.0355911254882812 0.00990295410156251
0.0778045654296875 0.086029052734375 -0.03125 -0.0176601409912109
0.0259017944335937 0.133293151855469 0.0104646682739258 -0.00100135803222655
-0.0366439819335938 0.130172729492187 -0.0138015747070312 0.0612030029296875
-0.08587646484375 0.0742645263671875 0.0357513427734375 0.123924255371094
-0.055816650390625 0.103538513183594 0.0161056518554688 0.134803771972656
0.00121307373046875 0.117988586425781 0.0339508056640625 0.0918197631835938
0.0748519897460938 0.077484130859375 0.0500068664550781 0.0563621520996094
0.0911636352539063 0.00716400146484375 0.0363006591796875 0.0248794555664063
0.0706863403320313 -0.06231689453125 0.0202655792236328 0.0137004852294922
0.0270462036132813 -0.0851516723632813 0.0125007629394531 0.0221538543701172
0.0195083618164062 -0.0811538696289063 0.00951766967773437 0.0389556884765625
0.018310546875 -0.0945205688476563 0.00590133666992187 0.059661865234375
0.0407180786132812 -0.0889892578125 -0.016845703125 0.0589752197265625
0.0815277099609375 -0.053131103515625 -0.0383186340332031 0.0540275573730469
0.095916748046875 -0.0009613037109375 -0.04498291015625 0.0189094543457031
0.0585861206054688 0.0875244140625 -0.031524658203125 -0.011322021484375
-0.00126647949218751 0.119354248046875 0.0116405487060547 0.0200462341308594
-0.0571975708007813 0.0983810424804688 -0.03448486328125 0.0950241088867188
-0.0787200927734375 0.011810302734375 0.0104827880859375 0.138252258300781
-0.0652236938476563 0.0477027893066406 0.00321197509765625 0.139396667480469
-0.0260772705078125 0.0738296508789062 0.0231475830078125 0.0867691040039063
0.0345382690429688 0.0631790161132813 0.0291748046875 0.05682373046875
0.0590095520019531 0.0157737731933594 0.01666259765625 0.0346603393554687
0.054595947265625 -0.0376930236816406 0.00902557373046876 0.03704833984375
0.0250701904296875 -0.0585594177246094 0.0119667053222656 0.0509376525878906
0.0184974670410156 -0.0577659606933594 0.0143318176269531 0.0656661987304688
0.0188751220703125 -0.0685386657714844 0.00823974609374999 0.086181640625
0.03515625 -0.065887451171875 -0.0217437744140625 0.084136962890625
0.0670204162597656 -0.0368080139160156 -0.0481109619140625 0.0699691772460938
0.075775146484375 0.007537841796875 -0.0561408996582031 0.0265846252441406
0.0336380004882813 0.0785751342773438 -0.0370826721191406 -0.00806808471679687
-0.0262527465820312 0.0912857055664063 0.00421905517578125 0.0370025634765625
-0.0709762573242188 0.053924560546875 -0.0610580444335938 0.117416381835937
0.0593643188476563 0.0110816955566406 0.0728607177734375 -0.122016906738281
0.0402755737304688 -0.0480422973632813 0.0174674987792969 -0.04083251953125
-0.0152969360351563 -0.0516090393066406 0.0407676696777344 0.011077880859375
-0.0440826416015625 -0.0177040100097656 0.0808258056640625 -0.0222015380859375
-0.0403900146484375 0.0154571533203125 0.0643081665039062 -0.0780487060546875
-0.0223617553710938 0.0385360717773438 0.0219879150390625 -0.112564086914063
-0.0133495330810547 0.0335712432861328 -0.0138626098632813 -0.109756469726562
-0.0191802978515625 0.0250511169433594 -0.0204010009765625 -0.0861587524414063
-0.0253086090087891 0.0266551971435547 -0.0150566101074219 -0.0697174072265625
-0.0342597961425781 0.00398445129394531 -0.00861358642578126 -0.0551261901855469
-0.0270442962646484 -0.0268898010253906 -0.00887298583984375 -0.0443458557128906
0.00519943237304688 -0.03997802734375 -0.0124740600585938 -0.0559844970703125
0.0502853393554688 -0.0240478515625 -0.0105133056640625 -0.0906143188476563
0.0689048767089844 0.0131416320800781 -0.000679016113281256 -0.134628295898438
0.0553550720214844 0.0467796325683594 0.01055908203125 -0.135772705078125
0.0426139831542969 0.0688323974609375 0.0949630737304687 -0.107536315917969
0.05419921875 0.00482940673828125 0.0327396392822266 -0.0320110321044922
0.0191631317138672 -0.0152359008789062 0.0522727966308594 0.0173912048339844
-0.000345230102539062 -0.0144119262695313 0.0957412719726563 -0.0193023681640625
-0.00812625885009766 -0.0046381950378418 0.07781982421875 -0.0784225463867188
-0.00587606430053711 0.00195598602294922 0.0299835205078125 -0.118728637695313
-0.0105533599853516 -0.00743961334228516 -0.0108184814453125 -0.11627197265625
-0.0124473571777344 -0.0119762420654297 -0.0214157104492187 -0.08941650390625
-0.0146055221557617 -0.0152740478515625 -0.01385498046875 -0.0711212158203125
-0.00897407531738281 -0.0290813446044922 -0.00682830810546875 -0.05780029296875
0.0130844116210937 -0.0367965698242188 -0.00751876831054687 -0.039703369140625
0.0434074401855469 -0.0258102416992188 -0.0120620727539062 -0.0460014343261719
0.0657691955566406 0.0210494995117188 -0.018585205078125 -0.074462890625
0.065673828125 0.0675926208496094 -0.0056610107421875 -0.114036560058594
0.0359268188476562 0.09808349609375 0.0152969360351563 -0.110725402832031
0.015411376953125 0.119491577148438 0.109413146972656 -0.0736007690429687
0.0529632568359375 0.0660400390625 0.0457000732421875 -0.00757980346679687
0.0517234802246094 0.0326881408691406 0.0610694885253906 0.0326728820800781
0.0482254028320313 -0.00250625610351563 0.106475830078125 -0.00856781005859375
0.0321464538574219 -0.0213184356689453 0.0865936279296875 -0.0693511962890625
0.0157661437988281 -0.0352287292480469 0.0382537841796875 -0.111595153808594
-0.00499725341796875 -0.0467605590820313 -0.00562286376953125 -0.10986328125
-0.00594329833984375 -0.04742431640625 -0.0182571411132813 -0.0798797607421875
-0.0055999755859375 -0.0540580749511719 -0.0118484497070313 -0.059234619140625
0.0124282836914063 -0.0601921081542969 -0.00866699218750001 -0.0484199523925781
0.0451393127441406 -0.049835205078125 -0.0122280120849609 -0.0274658203125
0.074462890625 -0.0209197998046875 -0.0175075531005859 -0.0328102111816406
0.08203125 0.050048828125 -0.0275344848632813 -0.0568008422851562
0.0662460327148438 0.106124877929688 -0.00954437255859375 -0.0854568481445313
0.0210037231445313 0.133491516113281 0.012786865234375 -0.073974609375
-0.019317626953125 0.152633666992188 0.108612060546875 -0.0225830078125
0.0361709594726563 0.119148254394531 0.0508689880371094 0.0297813415527344
0.0694808959960938 0.0851287841796875 0.0650520324707031 0.0527877807617188
0.0920944213867188 0.0210113525390625 0.109092712402344 0.0094146728515625
0.0723114013671875 -0.028717041015625 0.088836669921875 -0.0488433837890625
0.03973388671875 -0.0665779113769531 0.044036865234375 -0.0905838012695313
0.00395965576171875 -0.0782012939453125 0.00122833251953126 -0.0878372192382813
0.00225830078125 -0.07672119140625 -0.0126228332519531 -0.0581321716308594
0.00214385986328125 -0.08544921875 -0.00840377807617187 -0.0358238220214844
0.0268325805664063 -0.0855712890625 -0.0113182067871094 -0.0280666351318359
0.0682830810546875 -0.0629158020019531 -0.0179195404052734 -0.00936698913574219
0.0963668823242188 -0.0211181640625 -0.0234165191650391 -0.0173797607421875
0.092803955078125 0.0683364868164063 -0.0316314697265625 -0.0403938293457031
0.0640182495117187 0.129135131835938 -0.00545501708984375 -0.0564651489257812
0.0052490234375 0.151077270507813 0.00741386413574219 -0.0297946929931641
-0.0531158447265625 0.156280517578125 0.094146728515625 0.0354690551757813
0.00543212890625 0.149932861328125 0.0476303100585937 0.0730972290039063
0.0651702880859375 0.126968383789063 0.060333251953125 0.0751419067382813
0.115104675292969 0.0498123168945313 0.0992584228515625 0.0320968627929688
0.101844787597656 -0.023590087890625 0.080078125 -0.020904541015625
0.0623855590820313 -0.0828323364257813 0.0419387817382813 -0.0569953918457031
0.013824462890625 -0.0988388061523437 0.00812911987304688 -0.05401611328125
0.0094757080078125 -0.09259033203125 -0.00477027893066406 -0.0273818969726563
0.00811004638671876 -0.10516357421875 -0.00372982025146484 -0.00502538681030274
0.0342254638671875 -0.101837158203125 -0.0127668380737305 0.000489234924316399
0.08197021484375 -0.069793701171875 -0.0250072479248047 0.0123691558837891
0.107254028320313 -0.0192184448242188 -0.0294876098632812 -0.00415992736816406
0.0941162109375 0.0800857543945313 -0.0320091247558594 -0.0279884338378906
0.0526504516601563 0.139007568359375 0.00304031372070313 -0.0287666320800781
-0.01300048828125 0.150665283203125 -0.000851631164550784 0.0172662734985352
-0.0771484375 0.129585266113281 0.0671768188476563 0.0888595581054688
-0.02935791015625 0.146102905273438 0.0332717895507813 0.113189697265625
0.038787841796875 0.141143798828125 0.0465927124023437 0.0906906127929688
0.108833312988281 0.0726165771484375 0.0772247314453125 0.0498886108398438
0.110328674316406 -0.0102310180664063 0.0613479614257813 0.00686264038085937
0.0739212036132813 -0.0823898315429688 0.0330600738525391 -0.0201339721679688
0.0216903686523438 -0.101371765136719 0.0121278762817383 -0.0150413513183594
0.0153961181640625 -0.09515380859375 0.00238656997680664 0.00730419158935546
0.0128250122070312 -0.109275817871094 0.00232887268066406 0.0292625427246094
0.03802490234375 -0.10321044921875 -0.0147933959960937 0.03125
0.0866851806640625 -0.0677642822265625 -0.0312671661376953 0.0347156524658203
0.108444213867188 -0.0131072998046875 -0.0369110107421875 0.00909423828125001
0.0835418701171875 0.0870895385742187 -0.0310153961181641 -0.0192127227783203
0.0308685302734375 0.136711120605469 0.0106077194213867 -0.00313091278076171
-0.0357131958007813 0.133628845214844 -0.0140304565429688 0.0608253479003906
-0.0869903564453125 0.0789031982421875 0.0362319946289063 0.126686096191406
-0.0549468994140625 0.107078552246094 0.0154953002929688 0.137420654296875
0.00481414794921876 0.121437072753906 0.0326309204101563 0.0946044921875
0.0796356201171875 0.0782470703125 0.0508537292480469 0.0590248107910156
0.0935287475585938 0.0043487548828125 0.0379257202148438 0.0265235900878906
0.0714645385742188 -0.0657730102539063 0.0221233367919922 0.0141811370849609
0.0261077880859375 -0.088134765625 0.0129241943359375 0.0223941802978516
0.0169448852539062 -0.0832901000976563 0.0098724365234375 0.0400619506835937
0.0160369873046875 -0.0976104736328125 0.00693893432617187 0.0609283447265625
0.0386810302734375 -0.0924453735351563 -0.0186996459960937 0.0601806640625
0.0820465087890625 -0.0566558837890625 -0.0400161743164063 0.0549583435058594
0.0988082885742188 -0.0038299560546875 -0.0464859008789062 0.0200996398925781
0.0629425048828125 0.0888519287109375 -0.0322666168212891 -0.0134677886962891
0.00258636474609374 0.122566223144531 0.0113372802734375 0.0188827514648438
-0.056915283203125 0.10113525390625 -0.0346145629882813 0.0974884033203125
-0.0806350708007813 0.0149459838867187 0.0107879638671875 0.142471313476562
-0.0656242370605469 0.0511093139648438 0.0018463134765625 0.142608642578125
-0.0252227783203125 0.0771331787109375 0.0222320556640625 0.0889663696289063
0.0384559631347656 0.0639572143554688 0.0287971496582031 0.059967041015625
0.0601425170898438 0.0153236389160156 0.0179977416992188 0.0362014770507813
0.0543212890625 -0.0402297973632813 0.0113143920898438 0.0384178161621094
0.0248603820800781 -0.0594902038574219 0.013458251953125 0.0523147583007812
0.0172500610351562 -0.058929443359375 0.0147743225097656 0.066650390625
0.0168914794921875 -0.0709075927734375 0.0089874267578125 0.0871734619140625
0.0336570739746094 -0.0686607360839844 -0.0225067138671875 0.0866622924804687
0.0675735473632813 -0.0395126342773438 -0.048858642578125 0.0720901489257812
0.077484130859375 0.0058441162109375 -0.0577926635742187 0.02764892578125
0.0366058349609375 0.0799484252929688 -0.0385589599609375 -0.00872421264648438
-0.0238723754882812 0.0938491821289063 0.00487899780273437 0.0359649658203125
-0.0710296630859375 0.0564117431640625 -0.061248779296875 0.119293212890625
0.0611572265625 0.00895309448242188 0.0722427368164062 -0.129959106445313
0.0397529602050781 -0.0513038635253906 0.0162086486816406 -0.0425643920898438
-0.01837158203125 -0.0511589050292969 0.0434989929199219 0.0117759704589844
-0.04595947265625 -0.0161361694335938 0.0837249755859375 -0.0244979858398438
-0.0410575866699219 0.01806640625 0.0660018920898438 -0.0822906494140625
-0.0203819274902344 0.041351318359375 0.019622802734375 -0.116584777832031
-0.0123100280761719 0.0339260101318359 -0.0178909301757813 -0.11309814453125
-0.0182685852050781 0.0270233154296875 -0.0236053466796875 -0.088958740234375
-0.0240230560302734 0.0284004211425781 -0.0182037353515625 -0.071136474609375
-0.03485107421875 0.00614166259765624 -0.0119857788085938 -0.05706787109375
-0.0290145874023438 -0.0251140594482422 -0.0113983154296875 -0.0478248596191406
0.004119873046875 -0.0412635803222656 -0.0133476257324219 -0.0613517761230469
0.0508956909179688 -0.0273628234863281 -0.0113143920898438 -0.0957412719726563
0.0718002319335938 0.0098876953125 -0.00267028808593751 -0.140823364257813
0.058929443359375 0.0462226867675781 0.00944519042968752 -0.143783569335938
0.0462417602539063 0.071136474609375 0.0966033935546875 -0.115745544433594
0.0558204650878906 0.00345611572265625 0.0325660705566406 -0.0336017608642578
0.0201892852783203 -0.0159873962402344 0.0540618896484375 0.0183868408203125
-0.000863075256347656 -0.0138568878173828 0.099212646484375 -0.0215835571289063
-0.00745105743408203 -0.00404739379882812 0.078765869140625 -0.0832061767578125
-0.00519752502441406 0.00128746032714844 0.027923583984375 -0.124801635742188
-0.0107431411743164 -0.00761222839355469 -0.0162124633789063 -0.120643615722656
-0.0132951736450195 -0.0120344161987305 -0.025665283203125 -0.0921783447265625
-0.0155086517333984 -0.0159788131713867 -0.0184173583984375 -0.072601318359375
-0.00886726379394531 -0.029876708984375 -0.0104827880859375 -0.0602188110351562
0.0120620727539063 -0.0377159118652344 -0.0106658935546875 -0.0430221557617188
0.0440673828125 -0.0280113220214844 -0.0135612487792969 -0.050048828125
0.0683479309082031 0.0189743041992188 -0.0190658569335937 -0.0777435302734375
0.0702133178710937 0.0680656433105469 -0.0072021484375 -0.118133544921875
0.0405197143554688 0.101089477539063 0.0140533447265625 -0.118087768554688
0.0194091796875 0.125030517578125 0.111251831054688 -0.080108642578125
0.05767822265625 0.0668182373046875 0.04638671875 -0.00868606567382812
0.0545272827148438 0.0321540832519531 0.0636024475097656 0.0340652465820313
0.0510482788085938 -0.0027618408203125 0.110893249511719 -0.0104522705078125
0.0338306427001953 -0.0227832794189453 0.0895538330078125 -0.0731887817382813
0.016510009765625 -0.0379867553710938 0.0369873046875 -0.11737060546875
-0.00564956665039062 -0.0491104125976563 -0.00972747802734375 -0.113754272460938
-0.00677490234375 -0.0492515563964844 -0.022705078125 -0.0818557739257813
-0.00798034667968749 -0.056640625 -0.0162239074707031 -0.0603904724121094
0.0109786987304688 -0.0628776550292969 -0.0127410888671875 -0.0501289367675781
0.045379638671875 -0.0530166625976563 -0.0154037475585937 -0.0293941497802734
0.0769500732421875 -0.0239028930664063 -0.0192146301269531 -0.0362510681152344
0.0877609252929687 0.0500717163085937 -0.0272903442382812 -0.0595779418945313
0.0725479125976563 0.109130859375 -0.0111770629882812 -0.0901107788085938
0.0252761840820312 0.138961791992187 0.0117111206054688 -0.0801925659179687
-0.0160980224609375 0.15936279296875 0.112754821777344 -0.0276336669921875
0.04205322265625 0.123100280761719 0.0523300170898438 0.0294113159179688
0.0769729614257813 0.0865478515625 0.0683822631835938 0.0554771423339844
0.0972518920898438 0.0190582275390625 0.113616943359375 0.0092010498046875
0.0758743286132813 -0.0320281982421875 0.0922164916992188 -0.05096435546875
0.0404510498046875 -0.0713043212890625 0.0432662963867188 -0.0938873291015625
0.00153350830078126 -0.0828781127929687 -0.000938415527343742 -0.090789794921875
0.000198364257812505 -0.0785369873046875 -0.0159530639648438 -0.0595664978027344
-0.001617431640625 -0.0895309448242188 -0.0118789672851563 -0.0364952087402344
0.0243301391601563 -0.0898590087890625 -0.0147895812988281 -0.0287227630615234
0.0696830749511719 -0.0680999755859375 -0.0213871002197266 -0.0103874206542969
0.100074768066406 -0.0250625610351563 -0.0250816345214844 -0.0204353332519531
0.0998153686523438 0.068206787109375 -0.0320625305175781 -0.0426216125488281
0.0717239379882813 0.133674621582031 -0.00613403320312499 -0.0597305297851562
0.00912475585937499 0.157363891601563 0.00698280334472656 -0.0341167449951172
-0.0511016845703125 0.165191650390625 0.0988388061523438 0.0337448120117188
0.00981140136718752 0.1561279296875 0.0495071411132812 0.0752029418945313
0.0722198486328125 0.131256103515625 0.063690185546875 0.0782318115234375
0.123092651367187 0.048065185546875 0.103683471679688 0.0321578979492188
0.105743408203125 -0.0277786254882813 0.083648681640625 -0.0223770141601563
0.0626602172851563 -0.0887908935546875 0.0433464050292969 -0.0606307983398438
0.0109634399414063 -0.103797912597656 0.0063934326171875 -0.0565299987792969
0.0066070556640625 -0.0969467163085938 -0.00723075866699219 -0.0276679992675781
0.00370025634765625 -0.110107421875 -0.00481557846069336 -0.00410842895507813
0.0309600830078125 -0.106979370117187 -0.0171957015991211 0.00124645233154296
0.082977294921875 -0.075775146484375 -0.0261306762695312 0.0126190185546875
0.112136840820313 -0.0251007080078125 -0.0323963165283203 -0.00499153137207031
0.101890563964844 0.0806503295898438 -0.0329551696777344 -0.0299434661865234
0.0611114501953125 0.143142700195313 0.00239181518554688 -0.0321807861328125
-0.0114593505859375 0.157958984375 -0.00138759613037109 0.0153179168701172
-0.0775070190429688 0.138145446777344 0.0727615356445313 0.0904693603515625
-0.0261383056640625 0.153076171875 0.0352325439453125 0.117431640625
0.0463104248046875 0.146163940429688 0.0498199462890625 0.0942916870117188
0.117744445800781 0.0725479125976563 0.0804977416992188 0.052734375
0.113731384277344 -0.0140609741210938 0.0642471313476563 0.00578689575195313
0.0740280151367188 -0.088958740234375 0.0354576110839844 -0.0215721130371094
0.01934814453125 -0.105926513671875 0.0114011764526367 -0.0160369873046875
0.0118179321289063 -0.100196838378906 0.00211763381958008 0.00743627548217773
0.00892639160156251 -0.113784790039063 0.00158500671386719 0.0301570892333984
0.035552978515625 -0.109588623046875 -0.0166683197021484 0.033660888671875
0.0875091552734375 -0.0737457275390625 -0.0335693359375 0.0362739562988281
0.113433837890625 -0.0171279907226563 -0.03936767578125 0.00974273681640625
0.0906219482421875 0.0884933471679687 -0.0327720642089844 -0.0206336975097656
0.0380401611328125 0.140975952148437 0.0114383697509766 -0.00611495971679687
-0.03363037109375 0.141342163085938 -0.0133209228515625 0.0629463195800781
-0.0881729125976563 0.08526611328125 0.0408935546875 0.132087707519531
-0.054534912109375 0.114219665527344 0.01751708984375 0.142929077148438
0.0102615356445313 0.127265930175781 0.0333633422851563 0.09930419921875
0.0867538452148438 0.0771484375 0.0528907775878906 0.0623512268066406
0.0981521606445312 0.0019073486328125 0.0399703979492188 0.0267906188964844
0.070587158203125 -0.0724105834960937 0.0239315032958984 0.0144691467285156
0.0226516723632813 -0.091827392578125 0.0143051147460937 0.0234661102294922
0.0149917602539062 -0.0867919921875 0.0100936889648438 0.0406990051269531
0.01226806640625 -0.101425170898438 0.00838851928710937 0.0624732971191406
0.0365524291992188 -0.097686767578125 -0.0192680358886719 0.0640144348144531
0.0830841064453125 -0.0628280639648438 -0.0413970947265625 0.058624267578125
0.102760314941406 -0.00742340087890625 -0.0484771728515625 0.0210380554199219
0.0702896118164063 0.0908889770507813 -0.0346660614013672 -0.0139656066894531
0.00809478759765625 0.126998901367188 0.0134868621826172 0.0171375274658203
-0.0558929443359375 0.108955383300781 -0.0333633422851562 0.100791931152344
-0.082122802734375 0.0189208984375 0.013916015625 0.149566650390625
-0.0656394958496094 0.0562171936035156 0.00384521484375001 0.149490356445313
-0.0214691162109375 0.0819320678710938 0.021881103515625 0.094268798828125
0.0433464050292969 0.064544677734375 0.0307502746582031 0.0628204345703125
0.0640296936035156 0.0127105712890625 0.0199356079101563 0.0389747619628906
0.0547561645507813 -0.0440788269042969 0.01318359375 0.0398521423339844
0.0220794677734375 -0.0633010864257813 0.0154342651367188 0.0532722473144531
0.0144004821777344 -0.0616340637207031 0.01788330078125 0.0687179565429687
0.014434814453125 -0.0752639770507813 0.0117645263671875 0.0902328491210938
0.0315399169921875 -0.0731582641601563 -0.0222320556640625 0.0909576416015625
0.0679168701171875 -0.0443801879882813 -0.0500259399414062 0.076416015625
0.0800399780273438 0.00327301025390625 -0.0596160888671875 0.0292091369628906
0.04144287109375 0.082183837890625 -0.0400543212890625 -0.00965118408203124
-0.0208740234375 0.0982513427734375 0.00609588623046875 0.035675048828125
-0.0723724365234375 0.0598831176757812 -0.0603179931640625 0.1260986328125
0.0635643005371094 0.00559616088867188 0.06756591796875 -0.140281677246094
0.0380325317382813 -0.0555229187011719 0.0142173767089844 -0.045501708984375
-0.0226821899414063 -0.0515975952148438 0.0451622009277344 0.0107955932617187
-0.04913330078125 -0.01287841796875 0.0873031616210938 -0.0290145874023438
-0.04083251953125 0.0214080810546875 0.0648880004882813 -0.0884170532226563
-0.0172119140625 0.04339599609375 0.0146102905273438 -0.122543334960937
-0.00869369506835938 0.0349960327148438 -0.0247955322265625 -0.1165771484375
-0.0167427062988281 0.0301246643066406 -0.0301132202148437 -0.0899887084960938
-0.0228614807128906 0.0301666259765625 -0.0233535766601562 -0.072540283203125
-0.0341663360595703 0.00914955139160156 -0.0159454345703125 -0.0583534240722656
-0.0308208465576172 -0.0231704711914062 -0.0151214599609375 -0.0512275695800781
0.00135040283203125 -0.0429916381835938 -0.0171012878417969 -0.0651512145996094
0.0500526428222656 -0.0313720703125 -0.014373779296875 -0.0990676879882813
0.0734329223632813 0.00594329833984375 -0.00787353515624999 -0.146896362304688
0.0632896423339844 0.0439071655273438 0.0020294189453125 -0.151092529296875
0.0515060424804687 0.0704193115234375 0.09320068359375 -0.127113342285156
0.0570449829101563 0.0010528564453125 0.03118896484375 -0.0359039306640625
0.0188503265380859 -0.0170631408691406 0.0565338134765625 0.0181999206542969
-0.00114154815673828 -0.0138950347900391 0.102340698242188 -0.0267791748046875
-0.0067143440246582 -0.00307321548461914 0.0782394409179688 -0.0898513793945312
-0.00356721878051758 0.00103640556335449 0.0225982666015625 -0.129920959472656
-0.0104646682739258 -0.00807476043701172 -0.0233917236328125 -0.124046325683594
-0.0139837265014648 -0.0114831924438477 -0.0312042236328125 -0.0927963256835937
-0.0163955688476562 -0.0147495269775391 -0.0235137939453125 -0.0741043090820313
-0.0106143951416016 -0.0293807983398437 -0.01580810546875 -0.0615882873535156
0.0109519958496094 -0.0394248962402344 -0.01513671875 -0.0457420349121094
0.044189453125 -0.0303611755371094 -0.0161705017089844 -0.0542030334472656
0.0713958740234375 0.0152969360351562 -0.0212478637695313 -0.0818099975585938
0.0759506225585938 0.0662689208984375 -0.0117568969726562 -0.123489379882813
0.0474319458007813 0.101890563964844 0.00809478759765625 -0.125892639160156
0.02685546875 0.128311157226563 0.111114501953125 -0.09075927734375
0.0627784729003906 0.0656509399414063 0.0459709167480469 -0.0115699768066406
0.0589599609375 0.0314865112304688 0.0671043395996094 0.0337257385253906
0.0534172058105469 -0.00539398193359375 0.114784240722656 -0.0154800415039063
0.0345630645751953 -0.0250034332275391 0.0897445678710937 -0.0794677734375
0.0157737731933594 -0.0413665771484375 0.032440185546875 -0.122726440429688
-0.00784683227539063 -0.0507698059082031 -0.0172119140625 -0.116584777832031
-0.009307861328125 -0.050689697265625 -0.028411865234375 -0.0822525024414063
-0.0112533569335938 -0.0583839416503906 -0.0209388732910156 -0.0614509582519531
0.00754165649414063 -0.0655326843261719 -0.0184364318847656 -0.0505218505859375
0.0446357727050781 -0.0577239990234375 -0.0200214385986328 -0.0319633483886719
0.07916259765625 -0.0290145874023437 -0.0217323303222656 -0.0395469665527344
0.093353271484375 0.0467147827148438 -0.0301017761230469 -0.0626449584960938
0.08148193359375 0.108406066894531 -0.0149688720703125 -0.0942459106445313
0.033477783203125 0.143386840820313 0.00782012939453125 -0.0864715576171875
-0.00765991210937501 0.16607666015625 0.114700317382813 -0.0354690551757812
0.049224853515625 0.125625610351563 0.0553054809570312 0.0276412963867188
0.084136962890625 0.0864639282226563 0.07208251953125 0.0558395385742188
0.102371215820313 0.0143280029296875 0.118247985839844 0.00555419921875
0.0775985717773438 -0.0369338989257813 0.0936126708984375 -0.0572280883789063
0.038665771484375 -0.0767898559570313 0.0401458740234375 -0.100166320800781
-0.00223541259765624 -0.086395263671875 -0.0072021484375 -0.0938186645507812
-0.00447082519531249 -0.0821914672851563 -0.0210990905761719 -0.0597877502441406
-0.00744628906250001 -0.0939254760742187 -0.0158882141113281 -0.0364494323730469
0.01934814453125 -0.0949325561523437 -0.0204887390136719 -0.0285377502441406
0.0681533813476562 -0.0751495361328125 -0.0254058837890625 -0.0106601715087891
0.103599548339844 -0.0320053100585938 -0.0276012420654297 -0.0227642059326172
0.109230041503906 0.0651473999023437 -0.0346336364746094 -0.0454444885253906
0.0826492309570313 0.134109497070313 -0.00946044921875 -0.0640373229980469
0.01800537109375 0.16363525390625 0.00533294677734375 -0.0376205444335937
-0.043426513671875 0.1746826171875 0.1041259765625 0.0285720825195313
0.019622802734375 0.161270141601563 0.0537567138671875 0.0754852294921875
0.0843353271484375 0.131378173828125 0.0671615600585938 0.07952880859375
0.131156921386719 0.0434646606445313 0.107994079589844 0.0301055908203125
0.10968017578125 -0.0354156494140625 0.0858383178710937 -0.0271072387695312
0.0591964721679687 -0.09686279296875 0.0423469543457031 -0.0648918151855469
0.00547790527343751 -0.1083984375 0.00222396850585938 -0.058624267578125
0.00111389160156249 -0.1014404296875 -0.010498046875 -0.0286655426025391
-0.00325775146484374 -0.115318298339844 -0.0072016716003418 -0.0041041374206543
0.0252914428710937 -0.112640380859375 -0.0192184448242188 0.00164794921874999
0.0813980102539063 -0.0849761962890625 -0.0297679901123047 0.0150375366210937
0.116737365722656 -0.0325241088867188 -0.0336933135986328 -0.00507164001464844
0.112548828125 0.0778045654296875 -0.0351390838623047 -0.0310955047607422
0.072235107421875 0.14447021484375 0.00127792358398438 -0.0348320007324219
-0.00173950195312499 0.165298461914063 -0.000156402587890626 0.0141201019287109
-0.0720367431640625 0.1490478515625 0.079498291015625 0.09075927734375
-0.0177154541015625 0.160430908203125 0.0410232543945313 0.119834899902344
0.0577850341796875 0.150146484375 0.0533294677734375 0.0971908569335938
0.127571105957031 0.0671005249023438 0.0852432250976563 0.0515213012695313
0.11871337890625 -0.021453857421875 0.0666275024414063 0.00429916381835937
0.0722427368164063 -0.0970840454101563 0.0361824035644531 -0.0234184265136719
0.0130386352539063 -0.111381530761719 0.0108366012573242 -0.0168361663818359
0.00603485107421874 -0.104171752929687 0.00155210494995117 0.00774288177490234
0.00104522705078126 -0.119667053222656 0.00268936157226563 0.0314159393310547
0.0285491943359375 -0.115921020507813 -0.0178451538085937 0.03570556640625
0.086029052734375 -0.0836334228515625 -0.0343971252441406 0.0397109985351562
0.117057800292969 -0.0262222290039062 -0.0404586791992187 0.0103416442871094
0.101066589355469 0.0866241455078125 -0.0349369049072266 -0.0220909118652344
0.0489501953125 0.144943237304688 0.0114173889160156 -0.00843238830566405
-0.0271759033203125 0.148590087890625 -0.0116195678710938 0.062774658203125
-0.0861434936523437 0.0957717895507813 0.0492477416992187 0.135749816894531
-0.0491943359375 0.123153686523438 0.02410888671875 0.147216796875
0.018707275390625 0.131942749023438 0.0382156372070313 0.102516174316406
0.0959854125976562 0.0748062133789063 0.0574417114257813 0.0642166137695313
0.102439880371094 -0.004364013671875 0.0434837341308594 0.0279693603515625
0.069091796875 -0.0798263549804688 0.0267429351806641 0.0135078430175781
0.0170516967773437 -0.0970382690429688 0.0158100128173828 0.0224380493164062
0.00927734375 -0.0914382934570313 0.012542724609375 0.0416984558105469
0.00562286376953125 -0.1064453125 0.0112953186035156 0.0647735595703125
0.0301055908203125 -0.103584289550781 -0.0177230834960938 0.0677490234375
0.082305908203125 -0.071502685546875 -0.0408859252929687 0.0630912780761719
0.107009887695313 -0.014404296875 -0.0496292114257812 0.0229644775390625
0.0793304443359375 0.0898895263671875 -0.0367279052734375 -0.0148239135742187
0.0175018310546875 0.131599426269531 0.0142107009887695 0.0152921676635742
-0.05291748046875 0.115211486816406 -0.0297698974609375 0.105247497558594
-0.083709716796875 0.0263442993164063 0.02276611328125 0.155914306640625
-0.0642013549804688 0.0626335144042969 0.010040283203125 0.155227661132813
-0.0168685913085937 0.085784912109375 0.0254898071289063 0.0975875854492188
0.0500221252441406 0.0632514953613281 0.0344581604003906 0.0662384033203125
0.0674285888671875 0.00921630859375 0.0233116149902344 0.0407829284667969
0.0531692504882813 -0.0500564575195313 0.017822265625 0.0409889221191406
0.0178718566894531 -0.066802978515625 0.0187492370605469 0.0546951293945312
0.0110702514648437 -0.0652618408203125 0.0209808349609375 0.0693511962890625
0.00843811035156251 -0.077789306640625 0.0164031982421875 0.0939559936523437
0.02728271484375 -0.0769271850585938 -0.0190200805664062 0.0959548950195313
0.0676918029785156 -0.0507049560546875 -0.0483474731445312 0.0817413330078125
0.083984375 -0.00225830078125 -0.060943603515625 0.0325775146484375
0.049102783203125 0.0820083618164062 -0.0423507690429688 -0.00978851318359374
-0.0141983032226562 0.102424621582031 0.00819778442382812 0.0344142913818359
-0.0716094970703125 0.0661087036132813 -0.0561141967773438 0.132911682128906
0.0646133422851563 0.00020599365234375 0.059173583984375 -0.146484375
0.0328941345214844 -0.0576553344726563 0.0114402770996094 -0.0462608337402344
-0.0262527465820313 -0.0496749877929688 0.0469512939453125 0.01055908203125
-0.0499763488769531 -0.00894927978515624 0.088348388671875 -0.034423828125
-0.038543701171875 0.026336669921875 0.0605392456054688 -0.093780517578125
-0.0140190124511719 0.0438652038574219 0.00678253173828124 -0.123931884765625
-0.00608444213867188 0.0353927612304687 -0.0333099365234375 -0.116378784179688
-0.0149917602539063 0.0315837860107422 -0.0365219116210938 -0.0883102416992187
-0.0200309753417969 0.0321731567382813 -0.029327392578125 -0.0718154907226563
-0.0334815979003906 0.0121021270751953 -0.020050048828125 -0.058074951171875
-0.0326519012451172 -0.0196876525878906 -0.0204696655273438 -0.0525054931640625
-0.00323486328125 -0.0425071716308594 -0.021575927734375 -0.0670700073242188
0.0467033386230469 -0.0351753234863281 -0.0171966552734375 -0.100570678710938
0.0741119384765625 0.00162506103515625 -0.0157318115234375 -0.149215698242187
0.0663986206054688 0.0390892028808594 -0.00718688964843748 -0.15582275390625
0.0565261840820313 0.0667266845703125 0.0867996215820313 -0.135795593261719
0.0572471618652344 -0.00295257568359375 0.0275230407714844 -0.0387382507324219
0.0198688507080078 -0.0166759490966797 0.0594596862792969 0.0179672241210938
-0.00104904174804688 -0.0135660171508789 0.103279113769531 -0.0322341918945313
-0.0055537223815918 -0.00231361389160156 0.0749969482421875 -0.0933990478515625
-0.00286650657653809 0.00128555297851563 0.01531982421875 -0.133285522460938
-0.0102729797363281 -0.00780868530273437 -0.03240966796875 -0.124702453613281
-0.0152931213378906 -0.0106945037841797 -0.0382614135742188 -0.091827392578125
-0.0180702209472656 -0.0144577026367188 -0.030029296875 -0.0729598999023438
-0.0114688873291016 -0.0293350219726562 -0.0214729309082031 -0.0612373352050781
0.00835037231445313 -0.0384483337402344 -0.0201301574707031 -0.0466690063476563
0.0412406921386719 -0.0344886779785156 -0.0210380554199219 -0.0576858520507813
0.0717391967773438 0.0111923217773438 -0.0253448486328125 -0.0830917358398438
0.0815658569335938 0.0617218017578125 -0.0187149047851563 -0.125373840332031
0.0551223754882813 0.101516723632813 0.000457763671875005 -0.131416320800781
0.0342864990234375 0.127822875976563 0.105964660644531 -0.100196838378906
0.06707763671875 0.0616874694824219 0.0451698303222656 -0.0154228210449219
0.0623817443847656 0.0290031433105469 0.0695075988769531 0.0312538146972656
0.0538253784179687 -0.0081634521484375 0.115745544433594 -0.0212326049804688
0.0342960357666016 -0.0275535583496094 0.0865707397460938 -0.0858917236328125
0.0130157470703125 -0.0437545776367187 0.02557373046875 -0.125679016113281
-0.00997543334960938 -0.0524063110351562 -0.0248336791992188 -0.116806030273438
-0.0132255554199219 -0.0514755249023438 -0.0352249145507813 -0.0815887451171875
-0.0166473388671875 -0.058746337890625 -0.0272941589355469 -0.0594100952148438
0.00289154052734375 -0.066650390625 -0.0241813659667969 -0.0495262145996094
0.0419273376464844 -0.0616493225097656 -0.0249443054199219 -0.0317230224609375
0.07891845703125 -0.034454345703125 -0.0240554809570313 -0.0417633056640625
0.0979843139648437 0.0411605834960938 -0.0325355529785156 -0.063568115234375
0.089019775390625 0.104393005371094 -0.0189056396484375 -0.0963058471679688
0.0437469482421875 0.143203735351563 0.00299835205078124 -0.0895538330078125
0.00421142578125001 0.170242309570313 0.114990234375 -0.0453262329101562
0.0574569702148438 0.122825622558594 0.0567741394042969 0.0249900817871094
0.0915451049804687 0.0819320678710938 0.0748519897460938 0.0544891357421875
0.106414794921875 0.00765228271484375 0.120376586914062 -0.00164794921875
0.0770721435546875 -0.0430526733398438 0.0917816162109375 -0.0633010864257812
0.0331192016601563 -0.0805206298828125 0.03558349609375 -0.103370666503906
-0.007720947265625 -0.0872650146484375 -0.0141754150390625 -0.0944442749023437
-0.00999450683593751 -0.0825881958007813 -0.0272750854492187 -0.0573997497558594
-0.0136947631835937 -0.0949172973632812 -0.0194282531738281 -0.0358047485351563
0.0120010375976563 -0.0978851318359375 -0.0246067047119141 -0.0271835327148438
0.0655059814453125 -0.0812149047851563 -0.0278072357177734 -0.0104351043701172
0.103591918945313 -0.0404510498046875 -0.0306205749511719 -0.0231800079345703
0.115440368652344 0.0588912963867188 -0.0364303588867187 -0.0456047058105469
0.0947113037109375 0.130195617675781 -0.0133094787597656 -0.0668754577636719
0.029083251953125 0.166534423828125 0.00295257568359375 -0.0400466918945312
-0.0339202880859375 0.180694580078125 0.108390808105469 0.0196609497070313
0.0317535400390625 0.16058349609375 0.0574951171875 0.0731964111328125
0.0956497192382812 0.127479553222656 0.0716171264648438 0.0786361694335938
0.13720703125 0.033447265625 0.110893249511719 0.0254440307617188
0.108055114746094 -0.0446395874023438 0.084930419921875 -0.0322799682617187
0.05291748046875 -0.10296630859375 0.0388565063476563 -0.0681495666503906
-0.00225830078125001 -0.110733032226563 -0.00156021118164062 -0.0582847595214844
-0.00518798828124999 -0.10296630859375 -0.0126476287841797 -0.0267009735107422
-0.0116424560546875 -0.115676879882813 -0.00849151611328125 -0.00361204147338868
0.0157546997070313 -0.116424560546875 -0.0218372344970703 0.00374412536621093
0.0762176513671875 -0.0911865234375 -0.0309085845947266 0.016937255859375
0.116004943847656 -0.0414962768554688 -0.0342674255371094 -0.00480461120605469
0.120857238769531 0.0699920654296875 -0.037261962890625 -0.0325775146484375
0.0836181640625 0.141998291015625 -0.000705718994140616 -0.0385894775390625
0.0083465576171875 0.167938232421875 -0.000357627868652342 0.0124063491821289
-0.0629425048828125 0.157699584960937 0.0872116088867188 0.08587646484375
-0.0082244873046875 0.164291381835938 0.048797607421875 0.118423461914063
0.0691986083984375 0.149276733398438 0.059600830078125 0.0983810424804688
0.134536743164063 0.0594100952148438 0.0891647338867188 0.048553466796875
0.11871337890625 -0.0313568115234375 0.0682296752929688 0.00182723999023437
0.0652542114257812 -0.105072021484375 0.0376091003417969 -0.0256996154785156
0.00582885742187499 -0.114532470703125 0.00875473022460938 -0.0174322128295899
-0.00174713134765624 -0.105239868164062 0.00266075134277344 0.00670862197875976
-0.00973510742187501 -0.121620178222656 0.00444412231445312 0.0319061279296875
0.0207443237304687 -0.121025085449219 -0.0171318054199219 0.0390243530273438
0.081695556640625 -0.0929718017578125 -0.0343971252441406 0.0440521240234375
0.117156982421875 -0.0345916748046875 -0.041717529296875 0.0111579895019531
0.109306335449219 0.0799026489257812 -0.0373573303222656 -0.0205726623535156
0.0589599609375 0.143402099609375 0.0108146667480469 -0.010284423828125
-0.01751708984375 0.153961181640625 -0.00617218017578126 0.0640640258789063
-0.0801544189453125 0.104522705078125 0.0602874755859375 0.134651184082031
-0.0413894653320313 0.128303527832031 0.0318145751953125 0.14910888671875
0.03033447265625 0.132888793945313 0.0432205200195313 0.102645874023438
0.102493286132813 0.0689315795898437 0.0623092651367188 0.0638084411621094
0.103302001953125 -0.0127639770507813 0.0463218688964844 0.0262908935546875
0.063720703125 -0.0871658325195312 0.0291576385498047 0.0116443634033203
0.0113372802734375 -0.0998992919921875 0.0178470611572266 0.0225582122802734
0.00285339355468751 -0.09320068359375 0.0159454345703125 0.0422019958496094
-0.0025634765625 -0.109779357910156 0.0133018493652344 0.0646781921386719
0.0217666625976562 -0.106651306152344 -0.0148086547851563 0.0716094970703125
0.0774612426757813 -0.0790557861328125 -0.0374755859375 0.0669212341308594
0.10711669921875 -0.022979736328125 -0.0487632751464844 0.0256919860839844
0.0882110595703125 0.0847625732421875 -0.0378379821777344 -0.0144844055175781
0.0281448364257813 0.130775451660156 0.0159206390380859 0.0136814117431641
-0.0455856323242188 0.120277404785156 -0.0229949951171875 0.107795715332031
-0.081085205078125 0.0350570678710937 0.0328216552734375 0.157821655273438
-0.059356689453125 0.0704498291015625 0.01849365234375 0.158950805664062
-0.0105438232421875 0.088165283203125 0.030029296875 0.0988082885742188
0.0561714172363281 0.0595169067382813 0.0373077392578125 0.0663185119628906
0.0696487426757813 0.00197982788085938 0.0264968872070313 0.040374755859375
0.0496940612792969 -0.0541114807128906 0.0222244262695313 0.0389900207519531
0.0116996765136719 -0.0697288513183594 0.0224151611328125 0.0520362854003906
0.0073699951171875 -0.0662117004394531 0.0243263244628906 0.070068359375
0.00178527832031249 -0.0808181762695313 0.023345947265625 0.0931167602539063
0.0203094482421875 -0.0809326171875 -0.0138473510742188 0.100044250488281
0.0653724670410156 -0.0569267272949219 -0.0445327758789063 0.0862274169921875
0.0848922729492187 -0.00836181640625 -0.0602493286132813 0.0379409790039063
0.0558013916015625 0.078643798828125 -0.0431671142578125 -0.00957107543945312
-0.00678253173828125 0.104728698730469 0.0105934143066406 0.0327873229980469
-0.0680999755859375 0.0718231201171875 -0.0470199584960938 0.13909912109375
0.0638504028320313 -0.0036468505859375 0.0484161376953125 -0.14727783203125
0.0292510986328125 -0.060882568359375 0.00439453125000001 -0.0470085144042969
-0.0289268493652344 -0.0449867248535156 0.0463638305664062 0.0106277465820312
-0.0514907836914063 -0.00439453124999999 0.087554931640625 -0.036468505859375
-0.0351486206054688 0.0292129516601563 0.054229736328125 -0.0943832397460938
-0.0114326477050781 0.0433425903320313 0.00135040283203126 -0.124290466308594
-0.00322723388671875 0.0350666046142578 -0.0374298095703125 -0.111038208007813
-0.0112972259521484 0.0309429168701172 -0.0425262451171875 -0.0841217041015625
-0.0181236267089844 0.0337467193603516 -0.0335693359375 -0.0689926147460938
-0.0304431915283203 0.0150680541992187 -0.02484130859375 -0.055999755859375
-0.0323562622070312 -0.0159950256347656 -0.025909423828125 -0.0512619018554687
-0.006134033203125 -0.0408287048339844 -0.0242767333984375 -0.0686187744140625
0.0435523986816406 -0.0364570617675781 -0.0234756469726562 -0.100006103515625
0.0732345581054688 -0.003875732421875 -0.0206451416015625 -0.147552490234375
0.0696220397949219 0.0359153747558594 -0.0155029296875 -0.152938842773438
0.0577354431152344 0.0670394897460938 0.077178955078125 -0.14117431640625
0.0547637939453125 -0.00735855102539063 0.0232276916503906 -0.037200927734375
0.0167646408081055 -0.0172348022460938 0.0580368041992188 0.016387939453125
-0.00234222412109375 -0.0120477676391602 0.102058410644531 -0.0368499755859375
-0.0053553581237793 0.000288486480712891 0.0691604614257813 -0.0977401733398438
-0.00205671787261963 -0.000430822372436524 0.00820922851562499 -0.130485534667969
-0.00926017761230469 -0.0062246322631836 -0.0380935668945312 -0.119277954101563
-0.0129890441894531 -0.00972747802734375 -0.04296875 -0.0833816528320313
-0.0176200866699219 -0.0122089385986328 -0.0346221923828125 -0.0704421997070313
-0.0139579772949219 -0.02471923828125 -0.0262069702148437 -0.0590744018554687
0.00667190551757813 -0.0376930236816406 -0.0227279663085937 -0.0455856323242188
0.0412063598632813 -0.0333480834960938 -0.0234222412109375 -0.0578079223632813
0.0701446533203125 0.00605010986328125 -0.0272369384765625 -0.0826492309570313
0.0819244384765625 0.0549163818359375 -0.021881103515625 -0.124267578125
0.059539794921875 0.0950927734375 -0.0051116943359375 -0.131149291992188
0.0422134399414063 0.123725891113281 0.100090026855469 -0.106498718261719
0.0688819885253906 0.0576667785644531 0.0427131652832031 -0.0180816650390625
0.0628280639648437 0.0262985229492187 0.0687332153320312 0.0314712524414062
0.0544242858886719 -0.0117874145507813 0.115547180175781 -0.0265045166015625
0.0350914001464844 -0.0293178558349609 0.080963134765625 -0.0896224975585938
0.0117912292480469 -0.0451126098632812 0.01708984375 -0.1279296875
-0.0120620727539062 -0.0521392822265625 -0.0314407348632812 -0.113212585449219
-0.0147209167480469 -0.048919677734375 -0.0385894775390625 -0.0762710571289063
-0.0184097290039062 -0.0574226379394531 -0.0310211181640625 -0.0554161071777344
0.000255584716796878 -0.0653038024902344 -0.0274581909179688 -0.0470771789550781
0.0384788513183594 -0.0619583129882813 -0.0280857086181641 -0.0298805236816406
0.0762100219726563 -0.0372390747070313 -0.0290794372558594 -0.041839599609375
0.0983810424804688 0.03460693359375 -0.0332717895507812 -0.0627899169921875
0.0943984985351563 0.0971527099609375 -0.0242919921875 -0.096221923828125
0.0512237548828125 0.139572143554688 -0.00376129150390624 -0.0918197631835937
0.012237548828125 0.163848876953125 0.108360290527344 -0.051239013671875
0.0652389526367188 0.118217468261719 0.0548820495605469 0.0222663879394531
0.095306396484375 0.07568359375 0.077056884765625 0.0522994995117188
0.105628967285156 0.0031890869140625 0.1182861328125 -0.00426483154296875
0.0743637084960938 -0.044708251953125 0.0868759155273438 -0.0667037963867188
0.028167724609375 -0.082611083984375 0.0270462036132812 -0.104988098144531
-0.012237548828125 -0.0889511108398438 -0.01947021484375 -0.0914535522460937
-0.0147476196289062 -0.0813827514648437 -0.0312690734863281 -0.055572509765625
-0.0181655883789063 -0.0923690795898438 -0.0212135314941406 -0.0328330993652344
0.00605773925781251 -0.0986099243164062 -0.0258140563964844 -0.0248451232910156
0.0565414428710937 -0.08477783203125 -0.0308361053466797 -0.00756263732910157
0.100379943847656 -0.0437240600585938 -0.0332298278808594 -0.0242099761962891
0.119697570800781 0.051055908203125 -0.0364913940429688 -0.0463905334472656
0.101150512695313 0.1234130859375 -0.0167503356933594 -0.0647659301757812
0.038238525390625 0.160720825195313 0.000919342041015632 -0.0434684753417969
-0.0214080810546875 0.181869506835938 0.106643676757813 0.012969970703125
0.042022705078125 0.157058715820313 0.0602951049804687 0.0709915161132813
0.100227355957031 0.121353149414062 0.072723388671875 0.071746826171875
0.137832641601563 0.0253219604492188 0.111221313476563 0.020660400390625
0.104286193847656 -0.0487899780273438 0.0866546630859375 -0.033935546875
0.0484237670898438 -0.104705810546875 0.036041259765625 -0.0681495666503906
-0.00719451904296874 -0.110366821289063 -0.00450515747070312 -0.0584754943847656
-0.0107498168945313 -0.100776672363281 -0.0155563354492187 -0.02490234375
-0.021392822265625 -0.115882873535156 -0.0113239288330078 -0.00100231170654298
0.00861358642578125 -0.113914489746094 -0.0224075317382813 0.0059986114501953
0.0709152221679688 -0.0948257446289063 -0.0313816070556641 0.0178852081298828
0.113746643066406 -0.050201416015625 -0.0342540740966797 -0.00584220886230469
0.12530517578125 0.0635223388671875 -0.0401229858398437 -0.03472900390625
0.0923233032226563 0.1326904296875 -0.0017547607421875 -0.0396270751953125
0.01611328125 0.165451049804688 -0.00248908996582031 0.010197639465332
-0.0535430908203125 0.155685424804688 0.0890655517578125 0.0789642333984375
0.00482177734375 0.158233642578125 0.0528106689453125 0.113746643066406
0.0767669677734375 0.140914916992188 0.0616455078125 0.0936431884765625
0.135772705078125 0.0520477294921875 0.0904388427734375 0.0449752807617188
0.117561340332031 -0.038421630859375 0.0684585571289063 -0.000507354736328127
0.05548095703125 -0.106536865234375 0.0341644287109375 -0.0280075073242188
-0.00240325927734376 -0.11553955078125 0.00801277160644531 -0.0172195434570313
-0.00776672363281251 -0.104408264160156 2.38418579101551E-05 0.00900077819824218
-0.0158843994140625 -0.120735168457031 0.00655937194824219 0.0327911376953125
0.0139923095703125 -0.118499755859375 -0.0203742980957031 0.0406417846679687
0.0750808715820313 -0.0958404541015625 -0.0308761596679688 0.0440101623535156
0.112861633300781 -0.0455398559570313 -0.0396537780761719 0.0116233825683594
0.114601135253906 0.0725173950195313 -0.0379219055175781 -0.0212554931640625
0.0684051513671875 0.138565063476562 0.00955295562744141 -0.0165386199951172
-0.00762939453125001 0.153411865234375 -0.00441360473632813 0.0647544860839844
-0.0716629028320312 0.109016418457031 0.0640716552734375 0.12823486328125
-0.0325775146484375 0.129257202148438 0.0377960205078125 0.144821166992188
0.0369873046875 0.129074096679688 0.046234130859375 0.102958679199219
0.106399536132813 0.0617828369140625 0.0614814758300781 0.0604820251464844
0.103034973144531 -0.0207366943359375 0.0482139587402344 0.0251846313476563
0.0558090209960938 -0.0884475708007813 0.0313529968261719 0.0109653472900391
0.00279998779296876 -0.0977554321289062 0.0169582366943359 0.0208492279052734
-0.00370025634765625 -0.0927658081054687 0.0156097412109375 0.0407295227050781
-0.0109024047851563 -0.108657836914062 0.0181999206542969 0.062835693359375
0.0127029418945313 -0.108367919921875 -0.0116729736328125 0.0729446411132813
0.0720138549804688 -0.0860137939453125 -0.0347976684570313 0.0660743713378906
0.103591918945313 -0.0320663452148438 -0.0482101440429687 0.0267410278320313
0.0908660888671875 0.0784683227539063 -0.0401077270507812 -0.0144309997558594
0.0341644287109375 0.128150939941406 0.0159225463867188 0.0101118087768555
-0.0383071899414062 0.121620178222656 -0.0161666870117187 0.106346130371094
-0.0767898559570313 0.0375213623046875 0.03900146484375 0.153411865234375
-0.0532684326171875 0.0702896118164063 0.024749755859375 0.154251098632812
-0.001739501953125 0.0930252075195313 0.0317916870117188 0.0987930297851563
0.0579490661621094 0.0560302734375 0.0415534973144531 0.068145751953125
0.067047119140625 -0.00395584106445313 0.0295066833496094 0.0394477844238281
0.0453529357910156 -0.05810546875 0.0245857238769531 0.0379486083984375
0.00762176513671876 -0.0694084167480469 0.0253067016601563 0.0534172058105469
-0.000629425048828125 -0.0646171569824219 0.0273590087890625 0.0668525695800781
-0.00354766845703126 -0.0779342651367188 0.02825927734375 0.08868408203125
0.0137176513671875 -0.078704833984375 -0.00835418701171874 0.100006103515625
0.0594825744628906 -0.0590782165527344 -0.0388107299804687 0.0890731811523438
0.084564208984375 -0.0141067504882813 -0.0581130981445312 0.0382347106933594
0.0598678588867188 0.0737075805664063 -0.0450820922851562 -0.00802993774414061
4.57763671875015E-05 0.101509094238281 0.0129947662353516 0.0296115875244141
-0.0616683959960938 0.0738372802734375 -0.04180908203125 0.139640808105469
0.0614089965820313 -0.00600433349609375 0.041961669921875 -0.150344848632813
0.02581787109375 -0.0608634948730469 0.0025787353515625 -0.0444793701171875
-0.0295791625976563 -0.0447654724121094 0.0468940734863281 0.00894927978515625
-0.0473785400390625 -0.00189971923828125 0.0853500366210937 -0.0395126342773437
-0.0328254699707031 0.0290241241455078 0.0538101196289063 -0.0943527221679687
-0.00860214233398438 0.0435066223144531 -0.00257110595703124 -0.120658874511719
-0.000970840454101566 0.0338363647460938 -0.041290283203125 -0.109382629394531
-0.00860404968261718 0.0321197509765625 -0.04296875 -0.0813369750976562
-0.0152473449707031 0.0330486297607422 -0.0355987548828125 -0.0657081604003906
-0.0287094116210937 0.0150699615478516 -0.025482177734375 -0.0549812316894531
-0.0321617126464844 -0.0137367248535156 -0.0263252258300781 -0.0509223937988281
-0.00737762451171875 -0.0394477844238281 -0.0274581909179687 -0.0681686401367187
0.0408668518066406 -0.0376663208007813 -0.0210189819335938 -0.0980758666992188
0.0700836181640625 -0.00698471069335938 -0.022979736328125 -0.144729614257813
0.0675392150878906 0.0329627990722656 -0.017120361328125 -0.1531982421875
0.0581779479980469 0.0601310729980469 0.0721817016601563 -0.1405029296875
0.0535545349121094 -0.00705337524414063 0.0211410522460938 -0.0405502319335938
0.0174026489257813 -0.0164728164672852 0.0581932067871094 0.0145225524902344
-0.00144004821777344 -0.0115242004394531 0.099365234375 -0.03759765625
-0.00313615798950195 -0.00132894515991211 0.0673751831054688 -0.0979385375976562
-0.00243067741394043 -0.00154829025268555 0.0035858154296875 -0.129562377929688
-0.00885200500488281 -0.00811195373535156 -0.0412826538085937 -0.117027282714844
-0.0130405426025391 -0.0083465576171875 -0.0450363159179688 -0.0832748413085938
-0.0175895690917969 -0.0115947723388672 -0.0353279113769531 -0.0668525695800781
-0.0132236480712891 -0.0258407592773438 -0.0279197692871094 -0.0562171936035156
0.00537872314453125 -0.0367355346679687 -0.026824951171875 -0.0465812683105469
0.038177490234375 -0.0353584289550781 -0.0257682800292969 -0.0586929321289063
0.0700492858886719 0.0068206787109375 -0.0269393920898437 -0.0821762084960938
0.0821075439453125 0.0538787841796875 -0.0246353149414063 -0.123069763183594
0.0616302490234375 0.0931472778320313 -0.00849914550781248 -0.13134765625
0.0432891845703125 0.121841430664063 0.0935821533203125 -0.108879089355469
0.0689048767089844 0.0543212890625 0.0399742126464844 -0.0180091857910156
0.0629920959472656 0.0236778259277344 0.0688896179199219 0.0293197631835938
0.0537452697753906 -0.0128173828125 0.111724853515625 -0.0281906127929688
0.0331668853759766 -0.0299320220947266 0.0789794921875 -0.0878372192382812
0.00916290283203125 -0.0452041625976562 0.0143661499023437 -0.124229431152344
-0.0143203735351562 -0.0500869750976563 -0.0351715087890625 -0.10894775390625
-0.0149269104003906 -0.0487403869628906 -0.0410308837890625 -0.07373046875
-0.0203895568847656 -0.0557861328125 -0.0327415466308594 -0.0541725158691406
-0.00400161743164063 -0.0644493103027344 -0.0307502746582031 -0.0445022583007813
0.0349273681640625 -0.0631942749023438 -0.0294284820556641 -0.0311641693115234
0.0735931396484375 -0.0401229858398438 -0.0295219421386719 -0.0442237854003906
0.0980758666992187 0.0321884155273438 -0.0341339111328125 -0.063812255859375
0.0950469970703125 0.093536376953125 -0.0234603881835937 -0.09552001953125
0.0534133911132813 0.13568115234375 -0.00525665283203125 -0.0926132202148437
0.0177001953125 0.165802001953125 0.105781555175781 -0.056060791015625
0.0650253295898437 0.11383056640625 0.0538291931152344 0.0191268920898438
0.0973892211914063 0.071807861328125 0.0748367309570313 0.049896240234375
0.10528564453125 -0.00054931640625 0.116523742675781 -0.00666046142578125
0.0710906982421875 -0.0494232177734375 0.0855255126953125 -0.067169189453125
0.0245819091796875 -0.0837478637695313 0.0255813598632813 -0.102577209472656
-0.0146408081054688 -0.0859756469726563 -0.0229415893554687 -0.0892868041992188
-0.0167236328125 -0.0802230834960938 -0.0317611694335937 -0.051544189453125
-0.0225677490234375 -0.09039306640625 -0.0246791839599609 -0.0304946899414063
0.002410888671875 -0.0959930419921875 -0.0304431915283203 -0.0212020874023438
0.0547103881835937 -0.0864334106445313 -0.0321750640869141 -0.00887489318847656
0.0969085693359375 -0.049041748046875 -0.0341758728027344 -0.0257320404052734
0.117927551269531 0.0473709106445312 -0.0383338928222656 -0.0460014343261719
0.102394104003906 0.116920471191406 -0.0157051086425781 -0.0659942626953125
0.041412353515625 0.16064453125 -0.00225067138671875 -0.0438957214355469
-0.015838623046875 0.179351806640625 0.105964660644531 0.00995635986328126
0.0431060791015625 0.153350830078125 0.0607490539550781 0.0648193359375
0.103096008300781 0.117530822753906 0.07305908203125 0.0744094848632813
0.136283874511719 0.0203475952148437 0.111373901367188 0.01934814453125
0.103622436523437 -0.0516510009765625 0.0818328857421875 -0.0364151000976563
0.0416259765625 -0.10675048828125 0.0326957702636719 -0.0694618225097656
-0.01141357421875 -0.1077880859375 -0.00854110717773438 -0.0564918518066406
-0.01507568359375 -0.0994644165039063 -0.0172710418701172 -0.0246353149414063
-0.0230712890625 -0.112556457519531 -0.0111465454101563 0.000335693359374991
0.00313568115234376 -0.114242553710937 -0.0259227752685547 0.00704002380371093
0.0652313232421875 -0.0982284545898438 -0.0323524475097656 0.0189208984375
0.109962463378906 -0.0521240234375 -0.0370254516601563 -0.00740432739257812
0.123291015625 0.057159423828125 -0.0396270751953125 -0.03302001953125
0.0939712524414063 0.128807067871094 -0.0035247802734375 -0.0397529602050781
0.021270751953125 0.1640625 0.000425338745117189 0.00721311569213868
-0.046295166015625 0.16015625 0.0895614624023438 0.0741653442382813
0.00714111328125001 0.159011840820313 0.0532684326171875 0.109901428222656
0.0801239013671875 0.139251708984375 0.0608367919921875 0.0928573608398438
0.138236999511719 0.0444183349609375 0.0905609130859375 0.0436782836914062
0.113502502441406 -0.0408096313476562 0.0668754577636719 -0.00254440307617188
0.0527725219726563 -0.109382629394531 0.0345993041992188 -0.0301151275634766
-0.00719451904296875 -0.1114501953125 0.00782394409179688 -0.0181140899658203
-0.0124740600585937 -0.10272216796875 -0.00151824951171875 0.00911712646484374
-0.0207901000976563 -0.117134094238281 0.00497817993164063 0.0307235717773437
0.00589752197265624 -0.118133544921875 -0.0159912109375 0.0403366088867187
0.0687179565429688 -0.0984115600585938 -0.0307197570800781 0.0462875366210937
0.110877990722656 -0.0477981567382813 -0.0407066345214844 0.0114212036132813
0.115959167480469 0.0663986206054688 -0.0391006469726562 -0.0229377746582031
0.0734939575195312 0.133232116699219 0.00931549072265625 -0.0159444808959961
-0.0055389404296875 0.15234375 -0.00347900390625 0.0606689453125
-0.065887451171875 0.109123229980469 0.0665664672851563 0.125213623046875
-0.0273361206054688 0.128379821777344 0.0412750244140625 0.14141845703125
0.0410842895507812 0.12744140625 0.0468215942382813 0.100433349609375
0.107490539550781 0.05572509765625 0.0642433166503906 0.0585403442382813
0.0994796752929688 -0.0224227905273438 0.0465049743652344 0.0244865417480469
0.0508880615234375 -0.0912017822265625 0.0306186676025391 0.00940895080566406
-0.000251770019531243 -0.0976791381835938 0.0185375213623047 0.0201301574707031
-0.00702667236328126 -0.091339111328125 0.0156288146972656 0.03973388671875
-0.013885498046875 -0.105064392089844 0.0182266235351563 0.0632591247558594
0.00933074951171876 -0.106842041015625 -0.0113601684570313 0.0718307495117188
0.0667495727539063 -0.0874176025390625 -0.0327110290527344 0.0689163208007813
0.102912902832031 -0.0348281860351563 -0.0472755432128906 0.02642822265625
0.0949554443359375 0.0748062133789063 -0.0400314331054688 -0.0144577026367187
0.0414581298828125 0.1239013671875 0.0159463882446289 0.00751113891601563
-0.0343475341796875 0.121932983398438 -0.0135498046875 0.103660583496094
-0.07379150390625 0.0421676635742187 0.043670654296875 0.152053833007813
-0.0500030517578125 0.0723114013671875 0.0274810791015625 0.152984619140625
0.000129699707031252 0.088714599609375 0.0331573486328125 0.095611572265625
0.0610542297363281 0.0504722595214844 0.0420799255371094 0.0660896301269531
0.0665321350097656 -0.005401611328125 0.0317192077636719 0.0393257141113281
0.0403861999511719 -0.0591278076171875 0.0259990692138672 0.0344867706298828
0.00347900390624999 -0.0679779052734375 0.0271072387695313 0.0498733520507812
-0.00239181518554687 -0.0643386840820313 0.0295677185058594 0.0645294189453125
-0.00713348388671874 -0.0775299072265625 0.0292282104492187 0.0885162353515625
0.0108108520507812 -0.0807266235351562 -0.00624084472656251 0.098907470703125
0.0565948486328125 -0.0636367797851563 -0.0361328125 0.0881271362304688
0.0810317993164063 -0.0174484252929688 -0.0567512512207031 0.0370750427246094
0.0638504028320313 0.0706710815429688 -0.0442619323730469 -0.00673675537109374
0.00435638427734375 0.100616455078125 0.0121631622314453 0.0279598236083984
-0.05975341796875 0.0760498046875 -0.0336837768554688 0.137130737304688
0.0593299865722656 -0.0058746337890625 0.040069580078125 -0.149551391601563
0.0235519409179688 -0.0593948364257812 0.00130844116210938 -0.0436897277832031
-0.0299949645996094 -0.0430183410644531 0.0468559265136719 0.0115890502929687
-0.0478248596191406 -0.00114059448242187 0.08563232421875 -0.0396194458007813
-0.0317764282226563 0.0297870635986328 0.0542221069335938 -0.0947189331054688
-0.00782012939453125 0.043365478515625 -0.00334930419921876 -0.120361328125
-0.000318527221679685 0.0334053039550781 -0.0422897338867187 -0.109100341796875
-0.007354736328125 0.0322036743164062 -0.0429840087890625 -0.0801239013671875
-0.0133705139160156 0.034393310546875 -0.0365867614746094 -0.0649833679199219
-0.02783203125 0.0163440704345703 -0.0268096923828125 -0.053955078125
-0.0313282012939453 -0.0121917724609375 -0.0280418395996094 -0.0521736145019531
-0.00794219970703125 -0.0380363464355469 -0.0279960632324219 -0.0690956115722656
0.0392990112304688 -0.0375862121582031 -0.0196685791015625 -0.0999908447265625
0.0687904357910156 -0.00669097900390625 -0.02197265625 -0.145172119140625
0.0687103271484375 0.0317459106445313 -0.0172576904296875 -0.15423583984375
0.0579795837402344 0.0604095458984375 0.0683135986328125 -0.142333984375
0.0528945922851563 -0.00897598266601563 0.0191459655761719 -0.0393753051757813
0.0171470642089844 -0.0169239044189453 0.0577468872070312 0.0170326232910156
-0.000888824462890626 -0.0109443664550781 0.0993499755859375 -0.0387420654296875
-0.0028383731842041 -0.00213885307312012 0.0663833618164063 -0.097137451171875
-0.00164997577667236 -0.00161552429199219 0.00396728515624999 -0.128700256347656
-0.00873279571533203 -0.00944709777832031 -0.042266845703125 -0.115066528320313
-0.0125150680541992 -0.0084981918334961 -0.046356201171875 -0.0823287963867188
-0.016545295715332 -0.0122957229614258 -0.0375213623046875 -0.0657958984375
-0.0129241943359375 -0.0257644653320313 -0.0296859741210937 -0.0552520751953125
0.00603866577148438 -0.0365219116210938 -0.0285148620605469 -0.0466690063476562
0.0368385314941406 -0.0343360900878906 -0.027313232421875 -0.0604171752929688
0.0692710876464844 0.00502395629882812 -0.0245361328125 -0.083282470703125
0.0820541381835938 0.0515670776367188 -0.0227584838867188 -0.124458312988281
0.0619125366210938 0.0927658081054688 -0.00935363769531248 -0.132514953613281
0.0439071655273438 0.120895385742188 0.0914688110351562 -0.110328674316406
0.0679664611816406 0.0528373718261719 0.0374908447265625 -0.0176429748535156
0.0636863708496094 0.0240402221679688 0.0690574645996094 0.0309410095214844
0.0537109375 -0.0132904052734375 0.111984252929688 -0.027099609375
0.0332431793212891 -0.0304622650146484 0.0780868530273438 -0.08758544921875
0.00895309448242188 -0.0461082458496094 0.0141830444335938 -0.123153686523438
-0.0142326354980469 -0.0515708923339844 -0.0358123779296875 -0.108268737792969
-0.0167694091796875 -0.0483741760253906 -0.0425796508789062 -0.0713577270507813
-0.0205268859863281 -0.0554885864257813 -0.0338935852050781 -0.0534477233886719
-0.00338363647460937 -0.0639839172363281 -0.0332794189453125 -0.0436363220214844
0.0354042053222656 -0.0631523132324219 -0.0320720672607422 -0.0304336547851563
0.07281494140625 -0.0404891967773438 -0.0305023193359375 -0.046051025390625
0.0975799560546875 0.0320587158203125 -0.0326652526855469 -0.0654373168945313
0.0957870483398437 0.0927200317382812 -0.022430419921875 -0.09674072265625
0.0538558959960938 0.1358642578125 -0.0055694580078125 -0.0940475463867187
0.0185089111328125 0.1636962890625 0.104087829589844 -0.0572357177734375
0.0655899047851562 0.112838745117187 0.0528221130371094 0.0190467834472656
0.0973663330078125 0.0727386474609375 0.0752792358398438 0.0525131225585938
0.104804992675781 -0.0025634765625 0.117301940917969 -0.00666046142578125
0.0722732543945313 -0.0490798950195313 0.0845565795898437 -0.0660400390625
0.0241775512695313 -0.084381103515625 0.025390625 -0.102676391601563
-0.016204833984375 -0.0861129760742188 -0.0239791870117187 -0.0878372192382813
-0.0179214477539062 -0.0789031982421875 -0.0335502624511719 -0.0499496459960938
-0.0242919921875 -0.0899887084960937 -0.0251960754394531 -0.0300235748291016
0.000740051269531248 -0.0951004028320313 -0.0319805145263672 -0.0198459625244141
0.0538787841796875 -0.08642578125 -0.0345039367675781 -0.00714302062988282
0.0970230102539063 -0.050384521484375 -0.0357170104980469 -0.0281295776367188
0.118156433105469 0.0459442138671875 -0.038421630859375 -0.0483551025390625
0.102622985839844 0.115943908691406 -0.0152626037597656 -0.067657470703125
0.0413055419921875 0.160614013671875 -0.00242996215820313 -0.0452919006347656
-0.012969970703125 0.178115844726563 0.103103637695313 0.00800323486328126
0.0431365966796875 0.152542114257813 0.0572662353515625 0.0644416809082031
0.104782104492188 0.116874694824219 0.07232666015625 0.0755996704101563
0.136848449707031 0.0194244384765625 0.109428405761719 0.02001953125
0.102142333984375 -0.0533676147460938 0.0814208984375 -0.0346908569335938
0.0390090942382812 -0.107276916503906 0.0327796936035156 -0.0698509216308594
-0.0141067504882812 -0.107795715332031 -0.00861740112304687 -0.055694580078125
-0.0167388916015625 -0.098876953125 -0.0185756683349609 -0.0222949981689453
-0.0262069702148438 -0.112518310546875 -0.0118427276611328 -9.25064086914158E-05
0.00146484375 -0.114273071289062 -0.0266628265380859 0.00983047485351562
0.0635147094726563 -0.100181579589844 -0.0330657958984375 0.0191230773925781
0.108039855957031 -0.0547561645507813 -0.0391349792480469 -0.00844573974609376
0.125213623046875 0.05560302734375 -0.0390357971191406 -0.0342979431152344
0.0966873168945312 0.127777099609375 -0.00319290161132812 -0.0414581298828125
0.022613525390625 0.164794921875 -0.000661373138427733 0.00697946548461915
-0.043701171875 0.158935546875 0.0897750854492188 0.073394775390625
0.00773620605468749 0.157684326171875 0.0521316528320313 0.109298706054688
0.0821380615234375 0.13836669921875 0.0604629516601563 0.093994140625
0.137603759765625 0.0418472290039063 0.08941650390625 0.044647216796875
0.112457275390625 -0.0430145263671875 0.0673332214355469 -0.0018463134765625
0.0485382080078125 -0.110115051269531 0.0340633392333984 -0.0295028686523438
-0.00845336914062499 -0.11224365234375 0.00579547882080078 -0.0168914794921875
-0.0135116577148437 -0.102531433105469 -0.0010671615600586 0.00971317291259765
-0.02325439453125 -0.116592407226562 0.00408744812011719 0.0324611663818359
0.00357818603515625 -0.117515563964844 -0.0186653137207031 0.041778564453125
0.0675811767578125 -0.100830078125 -0.0314712524414063 0.0456085205078125
0.110893249511719 -0.04913330078125 -0.0428466796875 0.0100555419921875
0.117263793945313 0.0658035278320313 -0.0389480590820312 -0.0231513977050781
0.0749130249023438 0.130821228027344 0.00960540771484376 -0.0166893005371094
-0.00335693359375 0.152313232421875 -0.0026092529296875 0.058441162109375
-0.06414794921875 0.110481262207031 0.0676727294921875 0.124038696289063
-0.0258712768554688 0.127494812011719 0.0396728515625 0.140655517578125
0.0433349609375 0.127021789550781 0.0454788208007813 0.101356506347656
0.108314514160156 0.0531234741210938 0.0633049011230469 0.0605964660644531
0.09918212890625 -0.0247650146484375 0.0481758117675781 0.0248260498046875
0.048919677734375 -0.0922698974609375 0.0308494567871094 0.00801849365234374
-0.00282287597656249 -0.097503662109375 0.0179347991943359 0.0204238891601562
-0.00891113281249999 -0.0907211303710938 0.0149459838867188 0.0401649475097656
-0.0171661376953125 -0.104965209960938 0.018280029296875 0.0627288818359375
0.00583648681640626 -0.105354309082031 -0.0117340087890625 0.0719223022460937
0.0653533935546875 -0.08782958984375 -0.0325698852539063 0.068817138671875
0.101486206054688 -0.0361709594726563 -0.0491981506347656 0.0250701904296875
0.0956268310546875 0.0723495483398438 -0.0405616760253906 -0.014862060546875
0.042694091796875 0.122428894042969 0.0153427124023438 0.00603008270263673
-0.03302001953125 0.122650146484375 -0.0130233764648437 0.103874206542969
-0.071563720703125 0.042938232421875 0.0449371337890625 0.151016235351562
-0.0484237670898437 0.0726318359375 0.027679443359375 0.152862548828125
0.0018310546875 0.0877914428710938 0.0331268310546875 0.0977096557617188
0.0622024536132813 0.0484962463378906 0.0419845581054688 0.0673561096191406
0.0666351318359375 -0.00691604614257813 0.0310325622558594 0.0403289794921875
0.0377883911132812 -0.0601882934570313 0.0261497497558594 0.0352363586425781
0.00246047973632812 -0.0671615600585938 0.0272483825683594 0.0500106811523437
-0.00252532958984375 -0.0653228759765625 0.0294151306152344 0.064849853515625
-0.00865936279296875 -0.0780258178710938 0.0294418334960938 0.08843994140625
0.00823211669921874 -0.07940673828125 -0.00713348388671875 0.0981903076171875
0.0550537109375 -0.0645484924316406 -0.036773681640625 0.0878372192382812
0.0814895629882813 -0.01885986328125 -0.0580711364746094 0.0372810363769531
0.0649032592773438 0.0692787170410156 -0.0450553894042969 -0.00880813598632813
0.00593566894531251 0.0989990234375 0.0121746063232422 0.0266914367675781
-0.0579071044921875 0.0762939453125 -0.0324554443359375 0.137260437011719
0.0598678588867187 -0.00622940063476563 0.0387725830078125 -0.1524658203125
0.0230445861816406 -0.0608749389648438 -0.000453948974609372 -0.0432662963867188
-0.0308914184570313 -0.0427970886230469 0.0481643676757813 0.012847900390625
-0.0479774475097656 0.000545501708984385 0.0876541137695313 -0.039459228515625
-0.0312519073486328 0.0304393768310547 0.0556793212890625 -0.0966720581054688
-0.00635528564453125 0.0440406799316406 -0.00351715087890625 -0.122123718261719
0.000556945800781252 0.0335559844970703 -0.0436477661132813 -0.110733032226563
-0.005462646484375 0.0335044860839844 -0.0442047119140625 -0.0817337036132813
-0.0119209289550781 0.0348072052001953 -0.0376472473144531 -0.0650825500488281
-0.0268402099609375 0.0171966552734375 -0.0278205871582031 -0.0546188354492187
-0.0312747955322266 -0.0115013122558594 -0.0298347473144531 -0.0534095764160156
-0.00844192504882813 -0.0379638671875 -0.0288009643554688 -0.0715408325195313
0.0385360717773438 -0.0384902954101563 -0.018218994140625 -0.102989196777344
0.0695419311523438 -0.00738143920898438 -0.0212249755859375 -0.150115966796875
0.070159912109375 0.0315208435058594 -0.017333984375 -0.159759521484375
0.0585060119628906 0.0616340637207031 0.067626953125 -0.145523071289062
0.0518875122070313 -0.00815963745117188 0.0176429748535156 -0.0393714904785156
0.0177745819091797 -0.0167655944824219 0.0598182678222656 0.0191535949707031
-0.000574111938476562 -0.0106725692749023 0.101982116699219 -0.038482666015625
-0.00241780281066895 -0.0019996166229248 0.0682601928710938 -0.098968505859375
-0.0018613338470459 -0.00190472602844238 0.00361633300781249 -0.130172729492188
-0.00924968719482422 -0.0101413726806641 -0.0441513061523437 -0.116836547851563
-0.0118083953857422 -0.00798892974853516 -0.04779052734375 -0.082122802734375
-0.0161371231079102 -0.0121068954467773 -0.0391807556152344 -0.0664291381835938
-0.0130577087402344 -0.0255222320556641 -0.0318260192871094 -0.055511474609375
0.0066986083984375 -0.0368995666503906 -0.0307998657226563 -0.0476722717285156
0.03741455078125 -0.0346527099609375 -0.0286369323730469 -0.0638923645019531
0.0697288513183594 0.00558090209960938 -0.0241470336914062 -0.0873031616210938
0.0829391479492187 0.0526580810546875 -0.0222244262695312 -0.127983093261719
0.0638427734375 0.094451904296875 -0.00921630859375 -0.136489868164063
0.045013427734375 0.123512268066406 0.09100341796875 -0.1142578125
0.0684394836425781 0.0538902282714844 0.0370330810546875 -0.0180702209472656
0.0655784606933594 0.0248031616210938 0.0704879760742187 0.0336685180664063
0.0551490783691406 -0.0133132934570313 0.114494323730469 -0.0274581909179687
0.0340728759765625 -0.0312099456787109 0.0803909301757812 -0.08868408203125
0.00857925415039063 -0.047576904296875 0.0142364501953125 -0.125328063964844
-0.0153274536132812 -0.0518035888671875 -0.0377960205078125 -0.109901428222656
-0.0166053771972656 -0.0483169555664063 -0.0447006225585938 -0.071044921875
-0.0215606689453125 -0.0562705993652344 -0.0362014770507812 -0.0532646179199219
-0.00441360473632813 -0.0656509399414063 -0.0353050231933594 -0.0427360534667969
0.0352935791015625 -0.0641212463378906 -0.0344829559326172 -0.031646728515625
0.0740890502929688 -0.042083740234375 -0.0333786010742187 -0.0491905212402344
0.0994338989257813 0.0328521728515625 -0.0329704284667969 -0.069000244140625
0.0980148315429687 0.0930252075195312 -0.0226364135742187 -0.100677490234375
0.0555801391601562 0.13897705078125 -0.00627899169921875 -0.0978775024414062
0.0183563232421875 0.1666259765625 0.105308532714844 -0.0599899291992187
0.0666580200195313 0.114120483398437 0.0511436462402344 0.0192184448242188
0.100112915039063 0.0746383666992188 0.0754241943359375 0.0556106567382813
0.107139587402344 -0.00405120849609375 0.119781494140625 -0.00579071044921875
0.0736160278320313 -0.051177978515625 0.0871658325195313 -0.0664825439453125
0.0226898193359375 -0.0861740112304687 0.0255355834960938 -0.104629516601563
-0.0176544189453125 -0.08819580078125 -0.0255126953125 -0.0883636474609375
-0.0188064575195313 -0.0806884765625 -0.0349655151367188 -0.0498542785644531
-0.026519775390625 -0.0914840698242188 -0.0270328521728516 -0.0299816131591797
-0.00099182128906249 -0.0967559814453125 -0.0349063873291016 -0.0195198059082031
0.0531158447265625 -0.0890426635742188 -0.0364151000976563 -0.00786209106445313
0.097442626953125 -0.0525131225585937 -0.0385360717773438 -0.0299797058105469
0.120948791503906 0.0464096069335938 -0.0390739440917969 -0.0510139465332031
0.1053466796875 0.117607116699219 -0.014984130859375 -0.0719070434570312
0.0422821044921875 0.164031982421875 -0.00344848632812499 -0.0479049682617187
-0.0128631591796875 0.18170166015625 0.10406494140625 0.00624084472656251
0.0453338623046875 0.154525756835938 0.0568656921386719 0.0654792785644531
0.10809326171875 0.119316101074219 0.07281494140625 0.07830810546875
0.140106201171875 0.0172958374023437 0.111831665039063 0.021240234375
0.103538513183594 -0.055755615234375 0.0828170776367188 -0.0340728759765625
0.0376663208007813 -0.109207153320313 0.0323715209960938 -0.070526123046875
-0.014984130859375 -0.109771728515625 -0.00986480712890626 -0.0565032958984375
-0.0190505981445312 -0.100540161132813 -0.0205497741699219 -0.0213584899902344
-0.029022216796875 -0.11346435546875 -0.0132026672363281 0.000518798828124994
-0.000968933105468762 -0.116050720214844 -0.0284500122070313 0.0116214752197266
0.0635910034179688 -0.103988647460938 -0.0352706909179688 0.0194549560546875
0.110122680664063 -0.0577163696289063 -0.0420761108398437 -0.0101737976074219
0.128105163574219 0.056121826171875 -0.041107177734375 -0.0367431640625
0.0992279052734375 0.129470825195313 -0.003021240234375 -0.0444259643554687
0.0234375 0.168350219726563 -0.00136041641235351 0.00572824478149415
-0.04376220703125 0.163009643554688 0.0901412963867188 0.0734481811523438
0.00997924804687501 0.16046142578125 0.0516510009765625 0.110755920410156
0.0855255126953125 0.1414794921875 0.0601119995117187 0.0973434448242188
0.140548706054688 0.0413665771484375 0.0907363891601563 0.0473556518554688
0.114730834960937 -0.0448150634765625 0.0689926147460938 -0.000755310058593753
0.04742431640625 -0.112480163574219 0.0351238250732422 -0.0301990509033203
-0.0104293823242188 -0.113441467285156 0.00515937805175781 -0.0175800323486328
-0.0155792236328125 -0.104293823242187 -0.00283050537109375 0.0113258361816406
-0.0267410278320313 -0.119369506835938 0.00272178649902344 0.0333747863769531
0.000762939453124988 -0.119804382324219 -0.0200386047363281 0.04449462890625
0.0669631958007813 -0.104385375976563 -0.0333633422851562 0.0460777282714844
0.111801147460938 -0.0535812377929688 -0.04608154296875 0.00844192504882811
0.120697021484375 0.0651397705078125 -0.0414047241210937 -0.0247993469238281
0.0778884887695312 0.131858825683594 0.00963592529296875 -0.0187911987304687
-0.00245666503906249 0.155853271484375 -0.00312042236328125 0.0583343505859375
-0.063995361328125 0.112907409667969 0.068695068359375 0.126091003417969
-0.0251846313476563 0.130104064941406 0.0394134521484375 0.143218994140625
0.0458145141601563 0.129753112792969 0.044647216796875 0.104812622070313
0.111190795898438 0.052337646484375 0.0649795532226563 0.0632972717285156
0.100204467773438 -0.0269088745117188 0.0496101379394531 0.0255470275878906
0.0477371215820313 -0.0940322875976563 0.0317649841308594 0.00753593444824218
-0.00415039062499999 -0.0990524291992188 0.0179901123046875 0.0208034515380859
-0.01043701171875 -0.0922622680664063 0.0144805908203125 0.0417251586914063
-0.0199966430664063 -0.107612609863281 0.0184440612792969 0.0647239685058594
0.00438690185546875 -0.107429504394531 -0.0123062133789063 0.074859619140625
0.0651473999023438 -0.0910568237304688 -0.0332107543945313 0.070281982421875
0.103233337402344 -0.0396194458007813 -0.0514373779296875 0.0248489379882813
0.0996551513671875 0.0716094970703125 -0.0429801940917969 -0.016143798828125
0.0446548461914062 0.123649597167969 0.0149879455566406 0.0045909881591797
-0.0323410034179687 0.126487731933594 -0.0132675170898437 0.104454040527344
-0.0725021362304688 0.0440292358398438 0.0453948974609375 0.154708862304688
-0.0486679077148438 0.073883056640625 0.025970458984375 0.155319213867188
0.00399780273437501 0.08990478515625 0.0324554443359375 0.101036071777344
0.0639877319335938 0.0486183166503906 0.0429420471191406 0.0699539184570313
0.0671005249023437 -0.00912857055664062 0.0332870483398438 0.0423583984375
0.0370826721191406 -0.0613479614257813 0.0279827117919922 0.0350761413574219
0.000431060791015632 -0.0686683654785156 0.0277442932128906 0.0503044128417969
-0.00515747070312501 -0.065765380859375 0.0299034118652344 0.066253662109375
-0.0102310180664063 -0.079803466796875 0.0296783447265625 0.0902862548828125
0.0074615478515625 -0.080230712890625 -0.00772857666015625 0.101425170898438
0.0547523498535156 -0.067047119140625 -0.0367050170898438 0.08941650390625
0.0829620361328125 -0.021392822265625 -0.059478759765625 0.0376968383789063
0.0667152404785156 0.0695152282714844 -0.0473518371582031 -0.0101127624511719
0.00753021240234374 0.100318908691406 0.0125198364257812 0.0256252288818359
-0.0581893920898438 0.0782928466796875 -0.0324554443359375 0.139030456542969
0.0607147216796875 -0.00692367553710938 0.036041259765625 -0.158676147460938
0.0215263366699219 -0.0630378723144531 -0.00244140625 -0.0435905456542969
-0.0324020385742187 -0.0434989929199219 0.0512924194335937 0.0144844055175781
-0.0485572814941406 0.00336456298828124 0.0907211303710938 -0.0419998168945313
-0.0305385589599609 0.0323524475097656 0.0567703247070312 -0.100898742675781
-0.00465774536132812 0.0459022521972656 -0.00482940673828125 -0.125801086425781
0.00236320495605468 0.034576416015625 -0.0470733642578125 -0.112724304199219
-0.00394821166992187 0.0347423553466797 -0.0473861694335938 -0.0826492309570313
-0.0105743408203125 0.0364570617675781 -0.0407028198242187 -0.0669517517089844
-0.026031494140625 0.0186786651611328 -0.0302200317382813 -0.0559806823730469
-0.0318317413330078 -0.00954818725585938 -0.0338325500488281 -0.0548934936523438
-0.0100746154785156 -0.0373992919921875 -0.0322341918945313 -0.0751266479492188
0.0380859375 -0.0398368835449219 -0.0191879272460938 -0.107978820800781
0.0712051391601563 -0.0088958740234375 -0.0235748291015625 -0.1553955078125
0.0730819702148438 0.0305328369140625 -0.0210418701171875 -0.166366577148438
0.0615921020507812 0.0635223388671875 0.0651702880859375 -0.153091430664063
0.0520744323730469 -0.0104713439941406 0.0160598754882813 -0.0408287048339844
0.0186653137207031 -0.0167160034179688 0.0626411437988281 0.0210418701171875
-0.000107765197753906 -0.0107479095458984 0.105514526367188 -0.0410308837890625
-0.00210154056549072 -0.00118374824523926 0.06964111328125 -0.103218078613281
-0.00162041187286377 -0.00168967247009277 0.00131988525390625 -0.134262084960938
-0.00949478149414062 -0.0107326507568359 -0.0485153198242188 -0.119834899902344
-0.0122652053833008 -0.00835895538330078 -0.051605224609375 -0.083648681640625
-0.0163564682006836 -0.0119504928588867 -0.0431861877441406 -0.0672149658203125
-0.0134315490722656 -0.0256614685058594 -0.0345840454101563 -0.0568351745605469
0.00623703002929688 -0.0375404357910156 -0.0349693298339844 -0.049041748046875
0.0383377075195312 -0.035675048828125 -0.031951904296875 -0.0677070617675781
0.07220458984375 0.0051422119140625 -0.02459716796875 -0.0918960571289063
0.0870285034179688 0.0525741577148438 -0.0244140625 -0.134010314941406
0.0668563842773438 0.09710693359375 -0.012908935546875 -0.143905639648438
0.0479507446289063 0.127761840820313 0.0911026000976563 -0.120735168457031
0.0711517333984375 0.0542068481445313 0.0362129211425781 -0.0189323425292969
0.0691680908203125 0.0249137878417969 0.0735855102539062 0.0359725952148437
0.0575027465820313 -0.0153236389160156 0.118721008300781 -0.0286026000976563
0.0349674224853516 -0.0330791473388672 0.082061767578125 -0.0930023193359375
0.00739669799804688 -0.0499153137207031 0.0120925903320313 -0.129402160644531
-0.0178298950195313 -0.0543937683105469 -0.0416107177734375 -0.11175537109375
-0.0178947448730469 -0.0497055053710938 -0.0483245849609375 -0.0716476440429688
-0.0234527587890625 -0.0579719543457031 -0.0396003723144531 -0.0530319213867188
-0.00600051879882813 -0.0668106079101562 -0.0385055541992188 -0.0423126220703125
0.0350189208984375 -0.0673866271972656 -0.0381317138671875 -0.0320014953613281
0.0753250122070312 -0.0446701049804687 -0.0375709533691406 -0.0521125793457031
0.103370666503906 0.0322036743164063 -0.0349884033203125 -0.0734405517578125
0.102996826171875 0.0948486328125 -0.0236740112304687 -0.106300354003906
0.0598602294921875 0.143646240234375 -0.00889587402343749 -0.102981567382812
0.022125244140625 0.1727294921875 0.105857849121094 -0.0653839111328125
0.070404052734375 0.11541748046875 0.0508499145507813 0.0189323425292969
0.105827331542969 0.07537841796875 0.0791397094726563 0.0584945678710938
0.111412048339844 -0.00650787353515625 0.1240234375 -0.00670623779296875
0.074462890625 -0.0551223754882813 0.0900039672851563 -0.0690460205078125
0.0206069946289062 -0.090728759765625 0.024444580078125 -0.108177185058594
-0.0208816528320312 -0.0914535522460938 -0.028594970703125 -0.090667724609375
-0.0217132568359375 -0.0830535888671875 -0.0386161804199219 -0.0495071411132813
-0.030242919921875 -0.0946578979492188 -0.0300445556640625 -0.0290431976318359
-0.004364013671875 -0.100006103515625 -0.0371475219726563 -0.01763916015625
0.052703857421875 -0.09381103515625 -0.0398368835449219 -0.00739669799804688
0.100288391113281 -0.0563888549804688 -0.0428123474121094 -0.0321311950683594
0.126213073730469 0.045806884765625 -0.0406417846679688 -0.054412841796875
0.112022399902344 0.119049072265625 -0.0164794921875 -0.076324462890625
0.0478057861328125 0.169509887695313 -0.00499725341796874 -0.0517005920410156
-0.010223388671875 0.18841552734375 0.106452941894531 0.00366210937500001
0.04840087890625 0.1585693359375 0.0580520629882813 0.0658187866210938
0.114662170410156 0.121826171875 0.0752944946289063 0.0830917358398438
0.145111083984375 0.014495849609375 0.116004943847656 0.0219802856445313
0.105613708496094 -0.0603179931640625 0.0860595703125 -0.0353851318359375
0.0358810424804688 -0.114776611328125 0.0330963134765625 -0.0734939575195313
-0.02020263671875 -0.113548278808594 -0.0119132995605469 -0.0576629638671875
-0.0223846435546875 -0.103286743164063 -0.0226707458496094 -0.0199871063232422
-0.03399658203125 -0.11688232421875 -0.0150156021118164 0.00190448760986327
-0.0044708251953125 -0.119148254394531 -0.0312404632568359 0.0139102935791016
0.0618743896484375 -0.109870910644531 -0.0373115539550781 0.0206108093261719
0.112815856933594 -0.0631027221679688 -0.0459823608398437 -0.0103225708007813
0.133781433105469 0.0554275512695313 -0.0433921813964844 -0.0391998291015625
0.1064453125 0.131141662597656 -0.00398635864257812 -0.0483856201171875
0.0279388427734375 0.17486572265625 -0.00208735466003418 0.00352096557617189
-0.0413360595703125 0.170211791992188 0.0936508178710937 0.0727081298828125
0.012664794921875 0.165756225585938 0.053741455078125 0.112937927246094
0.0928497314453125 0.145660400390625 0.0628738403320313 0.101600646972656
0.145858764648438 0.038330078125 0.0944290161132813 0.0485382080078125
0.116989135742188 -0.0500946044921875 0.071685791015625 -3.05175781250031E-05
0.0452117919921875 -0.117530822753906 0.0356369018554688 -0.0320053100585938
-0.0145339965820312 -0.117958068847656 0.00412750244140625 -0.0171995162963867
-0.0196304321289063 -0.107276916503906 -0.00348377227783203 0.0131053924560547
-0.032562255859375 -0.122650146484375 0.00260543823242187 0.0350265502929687
-0.00286865234374999 -0.123832702636719 -0.0210342407226563 0.0478897094726562
0.0657806396484375 -0.110755920410156 -0.0341606140136719 0.0493812561035156
0.114219665527344 -0.05902099609375 -0.0495262145996094 0.00848770141601562
0.127304077148438 0.0644302368164063 -0.0440139770507812 -0.027069091796875
0.08367919921875 0.134941101074219 0.00982475280761719 -0.0221138000488281
0.000534057617187492 0.162933349609375 -0.00202178955078125 0.0591773986816406
-0.0634078979492188 0.118751525878906 0.0726394653320313 0.128410339355469
-0.0229721069335938 0.134468078613281 0.0415496826171875 0.14739990234375
0.0509567260742188 0.13458251953125 0.0469589233398438 0.109085083007813
0.116302490234375 0.0504684448242188 0.0677452087402344 0.0663337707519531
0.103271484375 -0.03131103515625 0.0515365600585938 0.0273666381835937
0.04473876953125 -0.098846435546875 0.0329551696777344 0.00738143920898437
-0.00818634033203126 -0.102401733398438 0.0188331604003906 0.0216522216796875
-0.0145034790039063 -0.0948867797851563 0.01556396484375 0.0436859130859375
-0.0255355834960937 -0.110252380371094 0.0198898315429687 0.0667381286621094
-4.57763671874899E-05 -0.111167907714844 -0.0122604370117187 0.0788497924804687
0.063018798828125 -0.0970993041992187 -0.0341415405273438 0.0738754272460938
0.105316162109375 -0.0440216064453125 -0.0545692443847656 0.0259170532226563
0.105003356933594 0.0716400146484375 -0.0453414916992188 -0.0169906616210937
0.0492172241210938 0.127471923828125 0.0156259536743164 0.00378799438476563
-0.0313262939453125 0.132240295410156 -0.0112533569335937 0.107429504394531
-0.0731658935546875 0.0474700927734375 0.049774169921875 0.160263061523438
-0.0490036010742188 0.0775604248046875 0.029083251953125 0.161605834960937
0.00640869140625001 0.0931854248046875 0.0346298217773437 0.106300354003906
0.0675315856933594 0.0477142333984375 0.0462646484375 0.0739974975585938
0.0697479248046875 -0.0115814208984375 0.0354080200195313 0.0444145202636719
0.0346336364746094 -0.0650901794433594 0.0291824340820313 0.0365562438964844
-0.00144195556640625 -0.0696945190429688 0.0293922424316406 0.0515213012695312
-0.00732803344726562 -0.067901611328125 0.0313758850097656 0.0680198669433594
-0.0151901245117188 -0.081756591796875 0.0327301025390625 0.092437744140625
0.00403594970703126 -0.0837326049804688 -0.00602722167968751 0.105293273925781
0.0538177490234375 -0.071807861328125 -0.0371856689453125 0.093597412109375
0.0843887329101562 -0.02490234375 -0.0628509521484375 0.0395126342773438
0.0712738037109375 0.0690841674804688 -0.0505485534667969 -0.0106086730957031
0.0103607177734375 0.102897644042969 0.0132102966308594 0.0257320404052734
-0.0590896606445312 0.0830307006835938 -0.030059814453125 0.143661499023438
0.0615692138671875 -0.0088348388671875 0.0293426513671875 -0.16455078125
0.017974853515625 -0.0653305053710937 -0.00539779663085937 -0.0434379577636719
-0.03485107421875 -0.0429115295410156 0.0547103881835938 0.0146560668945312
-0.0488739013671875 0.00614166259765624 0.0926055908203125 -0.0460433959960938
-0.0289459228515625 0.0352897644042969 0.054412841796875 -0.107086181640625
-0.00164031982421875 0.046173095703125 -0.00975799560546876 -0.129409790039062
0.00421333312988281 0.0345420837402344 -0.0534591674804688 -0.11517333984375
-0.00118637084960937 0.0354232788085938 -0.0518264770507813 -0.0828170776367188
-0.0075836181640625 0.0379066467285156 -0.0451316833496094 -0.0669212341308594
-0.0254631042480469 0.0209159851074219 -0.0343055725097656 -0.0564994812011719
-0.0326881408691406 -0.00746726989746094 -0.0380401611328125 -0.05584716796875
-0.0113029479980469 -0.0371475219726563 -0.0367889404296875 -0.0776748657226563
0.0369529724121094 -0.0419998168945313 -0.0223541259765625 -0.112953186035156
0.0719528198242188 -0.0120925903320313 -0.0291900634765625 -0.160186767578125
0.0765228271484375 0.02764892578125 -0.0287017822265625 -0.172195434570313
0.0651359558105469 0.0632553100585938 0.0594024658203125 -0.160064697265625
0.0520896911621094 -0.0126113891601562 0.0141487121582031 -0.0412406921386719
0.0188388824462891 -0.0173168182373047 0.0659217834472656 0.0209541320800781
0.000102996826171875 -0.0101470947265625 0.107345581054688 -0.0456390380859375
-0.00110363960266113 -0.00134122371673584 0.06842041015625 -0.109130859375
-0.00172877311706543 -0.00238800048828125 -0.00409698486328126 -0.138542175292969
-0.0103864669799805 -0.0104589462280273 -0.0552902221679687 -0.120475769042969
-0.0114498138427734 -0.00842761993408203 -0.0566024780273438 -0.082794189453125
-0.0172338485717773 -0.0112438201904297 -0.0477752685546875 -0.0659980773925781
-0.0141963958740234 -0.0252170562744141 -0.0390396118164063 -0.0561408996582031
0.00515365600585938 -0.0379104614257813 -0.0393257141113281 -0.0494346618652344
0.0377349853515625 -0.0377578735351563 -0.0365943908691406 -0.06951904296875
0.0734481811523438 0.00331878662109375 -0.0278701782226562 -0.0959625244140625
0.091064453125 0.0501556396484375 -0.0295333862304688 -0.139389038085938
0.0729827880859375 0.0961761474609375 -0.0201568603515625 -0.149169921875
0.0537490844726563 0.13067626953125 0.0870132446289063 -0.128227233886719
0.0734024047851563 0.05230712890625 0.0345573425292969 -0.0202999114990234
0.0725326538085938 0.0229644775390625 0.077484130859375 0.0360565185546875
0.0580787658691406 -0.0180282592773438 0.121452331542969 -0.0337677001953125
0.0350532531738281 -0.0357170104980469 0.082122802734375 -0.0984344482421875
0.0050048828125 -0.0520973205566406 0.00769805908203125 -0.133888244628906
-0.0209808349609375 -0.0554008483886719 -0.0479354858398438 -0.112724304199219
-0.0204391479492187 -0.0506553649902344 -0.0527496337890625 -0.0706405639648438
-0.0266838073730469 -0.05792236328125 -0.0438690185546875 -0.0522613525390625
-0.00931167602539062 -0.0681304931640625 -0.0426826477050781 -0.0412445068359375
0.0329132080078125 -0.0706863403320313 -0.0424232482910156 -0.0320281982421875
0.0756072998046875 -0.048828125 -0.042327880859375 -0.0540580749511719
0.107536315917969 0.0293197631835938 -0.0377426147460937 -0.0767745971679688
0.109703063964844 0.0931549072265625 -0.0279541015625 -0.110786437988281
0.06695556640625 0.14605712890625 -0.014404296875 -0.107307434082031
0.02923583984375 0.178070068359375 0.104461669921875 -0.0722503662109375
0.0760879516601563 0.116043090820313 0.0513343811035156 0.0175056457519531
0.112564086914063 0.0741348266601563 0.0836715698242188 0.059295654296875
0.114143371582031 -0.0123062133789063 0.127304077148437 -0.0102310180664063
0.0744857788085938 -0.0596542358398438 0.0902633666992188 -0.0737152099609375
0.0164260864257812 -0.093658447265625 0.0207595825195312 -0.1123046875
-0.02655029296875 -0.0930099487304688 -0.0341644287109375 -0.0906982421875
-0.0264205932617187 -0.0840530395507813 -0.0417518615722656 -0.0470428466796875
-0.0364303588867188 -0.0948257446289063 -0.0329113006591797 -0.027862548828125
-0.00940704345703126 -0.101776123046875 -0.0405960083007813 -0.0154991149902344
0.0488128662109375 -0.0989303588867188 -0.0431327819824219 -0.00616836547851564
0.0995712280273438 -0.062530517578125 -0.0481529235839844 -0.0321998596191406
0.13189697265625 0.0426254272460938 -0.0444831848144531 -0.0571479797363281
0.121040344238281 0.117622375488281 -0.01983642578125 -0.0800857543945313
0.0556488037109375 0.173233032226563 -0.00815200805664062 -0.0544967651367187
-0.0035400390625 0.195175170898438 0.107879638671875 -0.00156402587890624
0.0554962158203125 0.159896850585938 0.0599555969238281 0.0657615661621094
0.12359619140625 0.121475219726563 0.0806884765625 0.084442138671875
0.14984130859375 0.00811767578125 0.119857788085938 0.0196456909179688
0.105484008789063 -0.0671463012695313 0.0879898071289063 -0.0382537841796875
0.0295867919921875 -0.119163513183594 0.03118896484375 -0.077301025390625
-0.0265274047851563 -0.115989685058594 -0.015625 -0.0571212768554688
-0.0279312133789063 -0.104843139648438 -0.0247879028320312 -0.0172367095947266
-0.0420150756835938 -0.117813110351563 -0.0160913467407227 0.00327014923095703
-0.0112380981445312 -0.122337341308594 -0.0322837829589844 0.0171756744384765
0.0575790405273438 -0.116371154785156 -0.0392189025878906 0.0230712890625
0.111717224121094 -0.0701370239257813 -0.0510063171386719 -0.0103607177734375
0.141189575195313 0.0513763427734375 -0.0469627380371094 -0.0403327941894531
0.115150451660156 0.130447387695313 -0.00670623779296874 -0.0515785217285156
0.035858154296875 0.179656982421875 -0.00240039825439453 0.00268959999084474
-0.0367889404296875 0.1767578125 0.0978622436523438 0.07037353515625
0.018951416015625 0.168975830078125 0.0575942993164063 0.113853454589844
0.10247802734375 0.146316528320312 0.0675201416015625 0.104042053222656
0.1524658203125 0.031829833984375 0.0996627807617188 0.0476837158203125
0.117691040039063 -0.0568618774414062 0.07470703125 -0.00244903564453125
0.0398483276367187 -0.122352600097656 0.0352058410644531 -0.0345001220703125
-0.0220565795898438 -0.120338439941406 0.00354290008544922 -0.016998291015625
-0.026275634765625 -0.108917236328125 -0.00405597686767578 0.0149784088134766
-0.0409927368164063 -0.124031066894531 0.00428771972656249 0.0370101928710937
-0.0106201171875 -0.126701354980469 -0.0198822021484375 0.050750732421875
0.0613555908203125 -0.118156433105469 -0.0341567993164062 0.0521774291992187
0.114471435546875 -0.0661697387695312 -0.05316162109375 0.0107460021972656
0.133216857910156 0.0608749389648437 -0.0474281311035156 -0.0274391174316406
0.092742919921875 0.134284973144531 0.0080413818359375 -0.0245590209960937
0.00723266601562501 0.168426513671875 -0.000480651855468744 0.0590744018554688
-0.0604934692382813 0.125289916992188 0.0786972045898438 0.129386901855469
-0.0178375244140625 0.139122009277344 0.04638671875 0.150192260742188
0.0593109130859375 0.136611938476563 0.0512847900390625 0.11212158203125
0.121910095214844 0.0455474853515625 0.0728607177734375 0.066619873046875
0.103424072265625 -0.0369491577148438 0.0552825927734375 0.0273361206054687
0.0405044555664063 -0.103355407714844 0.0342025756835938 0.00671577453613281
-0.0143966674804687 -0.104606628417969 0.0194091796875 0.0215778350830078
-0.0197372436523437 -0.096588134765625 0.0170135498046875 0.0458030700683594
-0.0330352783203125 -0.112274169921875 0.0230674743652344 0.0682945251464844
-0.00641632080078124 -0.114097595214844 -0.00952911376953125 0.082855224609375
0.0590438842773437 -0.104110717773438 -0.0323486328125 0.0772628784179688
0.105583190917969 -0.0512847900390625 -0.057342529296875 0.0288009643554687
0.111221313476562 0.068267822265625 -0.0491905212402344 -0.0167884826660156
0.0571670532226563 0.127517700195313 0.0161848068237305 0.0018453598022461
-0.0261764526367188 0.137802124023438 -0.00693511962890626 0.110275268554688
-0.07275390625 0.0519943237304687 0.0574493408203125 0.1619873046875
-0.046142578125 0.0814437866210938 0.0349273681640625 0.16571044921875
0.011505126953125 0.0955810546875 0.0378875732421875 0.10919189453125
0.0720977783203125 0.0446319580078125 0.049713134765625 0.0752334594726563
0.0696983337402344 -0.01617431640625 0.0389595031738281 0.0450248718261719
0.0317192077636719 -0.0674324035644531 0.0324020385742188 0.0365333557128906
-0.00595092773437501 -0.0715408325195313 0.0327720642089844 0.0524673461914062
-0.0111885070800781 -0.0683746337890625 0.0351371765136719 0.0694770812988281
-0.0207595825195313 -0.083038330078125 0.03729248046875 0.0950393676757813
-0.000442504882812495 -0.08563232421875 -0.0015716552734375 0.109939575195313
0.05072021484375 -0.0774993896484375 -0.0344314575195313 0.0977706909179688
0.0846633911132812 -0.0301361083984375 -0.0643386840820313 0.0432167053222656
0.076141357421875 0.0680618286132813 -0.0530929565429688 -0.00972747802734374
0.01519775390625 0.105148315429688 0.0150222778320313 0.024383544921875
-0.056610107421875 0.0885086059570313 -0.023681640625 0.147994995117188
0.0611038208007813 -0.0108680725097656 0.020660400390625 -0.167251586914063
0.0135421752929687 -0.0659713745117187 -0.00856781005859375 -0.0427284240722656
-0.0371284484863281 -0.0413055419921875 0.0573348999023438 0.0141563415527344
-0.0481109619140625 0.00873565673828124 0.0926513671875 -0.0504531860351563
-0.0266380310058594 0.0366134643554687 0.0502700805664062 -0.1109619140625
0.00114822387695313 0.0461807250976563 -0.0156784057617188 -0.130027770996094
0.00655746459960937 0.0342788696289063 -0.0597763061523438 -0.113487243652344
0.001678466796875 0.0346832275390625 -0.0558700561523437 -0.081390380859375
-0.00444793701171875 0.0387458801269531 -0.0489349365234375 -0.064239501953125
-0.0232906341552734 0.0227947235107422 -0.0374755859375 -0.0562553405761719
-0.0325412750244141 -0.00502777099609376 -0.0419235229492187 -0.0546760559082031
-0.0129508972167969 -0.0361595153808594 -0.0412063598632813 -0.0783233642578125
0.0346336364746094 -0.0436210632324219 -0.0259552001953125 -0.114845275878906
0.07086181640625 -0.0160369873046875 -0.03582763671875 -0.16168212890625
0.0784683227539063 0.0238113403320313 -0.0365447998046875 -0.173507690429688
0.0685958862304687 0.06195068359375 0.0504150390625 -0.164505004882813
0.0502853393554688 -0.0151443481445313 0.0102386474609375 -0.0417442321777344
0.0184364318847656 -0.0184726715087891 0.0689849853515625 0.0196571350097656
0.000235557556152343 -0.0104093551635742 0.107139587402344 -0.0499267578125
-0.000828146934509277 -0.00125753879547119 0.0645599365234375 -0.113151550292969
-0.000993728637695312 -0.00279974937438965 -0.0102310180664063 -0.139228820800781
-0.0111150741577148 -0.0112638473510742 -0.0610885620117187 -0.119255065917969
-0.0112028121948242 -0.00841808319091797 -0.0605392456054688 -0.0803756713867188
-0.0173120498657227 -0.0108575820922852 -0.0515251159667969 -0.0638999938964844
-0.0156593322753906 -0.0246238708496094 -0.0432510375976563 -0.0548210144042969
0.00351715087890625 -0.0373802185058594 -0.0432090759277344 -0.0486679077148437
0.0370254516601563 -0.0397377014160156 -0.0413398742675781 -0.0698738098144531
0.0738601684570313 0.00041961669921875 -0.0310440063476562 -0.098358154296875
0.093597412109375 0.0461654663085938 -0.0352935791015625 -0.140625
0.0775146484375 0.0937347412109375 -0.027740478515625 -0.151138305664063
0.0597076416015625 0.129890441894531 0.0801849365234375 -0.134101867675781
0.0751495361328125 0.0491180419921875 0.0323066711425781 -0.0218143463134766
0.0746612548828125 0.0199813842773438 0.0809249877929688 0.0350189208984375
0.05828857421875 -0.0212478637695313 0.121543884277344 -0.0380172729492188
0.03387451171875 -0.0373802185058594 0.07891845703125 -0.102485656738281
0.00180816650390625 -0.0523796081542969 0.00185394287109375 -0.13525390625
-0.0246620178222656 -0.0552711486816406 -0.0541305541992187 -0.111282348632813
-0.0222816467285156 -0.0500640869140625 -0.0563087463378906 -0.0670013427734375
-0.0302848815917969 -0.0574111938476563 -0.0477180480957031 -0.0496139526367187
-0.0127601623535156 -0.0672416687011719 -0.0463600158691406 -0.0386123657226563
0.0290679931640625 -0.0721817016601563 -0.0462188720703125 -0.0307388305664063
0.0738067626953125 -0.0524673461914063 -0.0472526550292969 -0.0538520812988281
0.109886169433594 0.0256576538085938 -0.0409927368164062 -0.0784225463867188
0.114387512207031 0.0886459350585938 -0.0333480834960938 -0.112541198730469
0.0740203857421875 0.144378662109375 -0.019775390625 -0.10906982421875
0.0371856689453125 0.179458618164063 0.0996551513671875 -0.0789794921875
0.080352783203125 0.113243103027344 0.0505218505859375 0.0153312683105469
0.118057250976563 0.0698394775390625 0.08697509765625 0.0582122802734375
0.113609313964844 -0.0177841186523438 0.128349304199219 -0.0148162841796875
0.0728607177734375 -0.06353759765625 0.0887069702148438 -0.0777664184570313
0.0111618041992188 -0.0953369140625 0.016693115234375 -0.1143798828125
-0.0320968627929688 -0.092437744140625 -0.0392303466796875 -0.0891036987304688
-0.0305862426757813 -0.08355712890625 -0.0447463989257813 -0.0440483093261719
-0.0421829223632812 -0.0938491821289063 -0.0360107421875 -0.0251846313476563
-0.0148162841796875 -0.101425170898438 -0.04266357421875 -0.0121040344238281
0.0430984497070312 -0.102592468261719 -0.0456047058105469 -0.0040435791015625
0.0971298217773438 -0.0682144165039063 -0.0522422790527344 -0.0313568115234375
0.135505676269531 0.037017822265625 -0.0477027893066406 -0.0578765869140625
0.126686096191406 0.112922668457031 -0.0242080688476562 -0.082611083984375
0.0640716552734375 0.1732177734375 -0.0117645263671875 -0.0557594299316406
0.00466918945312501 0.19744873046875 0.1064453125 -0.00679016113281249
0.0616912841796875 0.15869140625 0.0601463317871094 0.0638046264648438
0.131393432617188 0.117263793945313 0.0843734741210938 0.0841293334960938
0.150543212890625 0.0008697509765625 0.122520446777344 0.0159378051757813
0.102424621582031 -0.072265625 0.0885086059570313 -0.0419998168945313
0.0231094360351563 -0.12127685546875 0.0282516479492188 -0.0791015625
-0.0335006713867187 -0.115379333496094 -0.0191650390625 -0.0559463500976563
-0.0336456298828125 -0.104331970214844 -0.0257797241210938 -0.0143356323242188
-0.0495452880859375 -0.116531372070312 -0.0167465209960938 0.00526714324951171
-0.0181655883789063 -0.121902465820313 -0.0325107574462891 0.020416259765625
0.0506057739257813 -0.120635986328125 -0.0401344299316406 0.0253410339355469
0.109024047851563 -0.0766067504882813 -0.054229736328125 -0.00800704956054687
0.145599365234375 0.0452117919921875 -0.0497512817382812 -0.0399284362792969
0.122238159179688 0.12530517578125 -0.00956344604492187 -0.0538787841796875
0.044708251953125 0.181045532226563 -0.00316023826599121 0.00187635421752931
-0.028656005859375 0.18048095703125 0.0999984741210938 0.0658645629882813
0.026519775390625 0.169418334960937 0.06005859375 0.112525939941406
0.111083984375 0.1434326171875 0.0715408325195313 0.10369873046875
0.154159545898437 0.024017333984375 0.102279663085938 0.0454483032226563
0.114860534667969 -0.06292724609375 0.075958251953125 -0.00489044189453125
0.0324249267578125 -0.124496459960938 0.0338478088378906 -0.0363197326660156
-0.0289382934570313 -0.119804382324219 0.00150489807128906 -0.0167598724365234
-0.0320892333984375 -0.108146667480469 -0.00369930267333985 0.0172901153564453
-0.0495986938476563 -0.122726440429687 0.00508880615234375 0.0372543334960938
-0.018157958984375 -0.126213073730469 -0.0191154479980469 0.0536689758300781
0.0530624389648438 -0.122482299804687 -0.0335540771484375 0.0535163879394531
0.111061096191406 -0.0733261108398437 -0.0548439025878906 0.0135002136230469
0.138168334960938 0.0549240112304688 -0.0502281188964844 -0.0266456604003906
0.100723266601562 0.130928039550781 0.00654792785644532 -0.0270252227783203
0.0153350830078125 0.170425415039063 0.0015411376953125 0.0588417053222656
-0.0549697875976563 0.128890991210938 0.0841522216796875 0.126388549804688
-0.01226806640625 0.140853881835938 0.05206298828125 0.149261474609375
0.0673141479492188 0.135177612304688 0.0555648803710938 0.112068176269531
0.124595642089844 0.039306640625 0.0755157470703125 0.06561279296875
0.101799011230469 -0.0426712036132812 0.0581893920898438 0.0264549255371094
0.034210205078125 -0.105133056640625 0.0357818603515625 0.00439834594726562
-0.0206069946289062 -0.10430908203125 0.0208339691162109 0.0214481353759766
-0.025299072265625 -0.0961837768554688 0.0186042785644531 0.046722412109375
-0.0416107177734375 -0.110916137695312 0.0259475708007812 0.0680580139160156
-0.013336181640625 -0.11431884765625 -0.00618743896484375 0.0849456787109375
0.0533676147460938 -0.108367919921875 -0.02960205078125 0.079803466796875
0.103317260742187 -0.0576019287109375 -0.0580406188964844 0.03192138671875
0.116584777832031 0.0634384155273438 -0.0508346557617187 -0.0159683227539062
0.0637588500976563 0.125892639160156 0.016026496887207 -0.00115966796874999
-0.01971435546875 0.140594482421875 -0.00244140625 0.110244750976563
-0.0704193115234375 0.05560302734375 0.0640106201171875 0.160919189453125
-0.0428543090820312 0.0839920043945313 0.041168212890625 0.166534423828125
0.0169296264648438 0.0966567993164063 0.0424957275390625 0.110015869140625
0.0739059448242188 0.039886474609375 0.0540924072265625 0.0747756958007813
0.0687828063964844 -0.019866943359375 0.0417633056640625 0.0441398620605469
0.0271377563476563 -0.06964111328125 0.0342483520507813 0.0352745056152344
-0.0104904174804688 -0.0719451904296875 0.0358161926269531 0.0511093139648437
-0.015380859375 -0.0683860778808594 0.0381240844726562 0.0690765380859375
-0.0263900756835937 -0.0824356079101563 0.0427627563476562 0.0934219360351563
-0.00620269775390625 -0.0858306884765625 0.00315856933593751 0.111785888671875
0.0462799072265625 -0.0803375244140625 -0.0307540893554687 0.100502014160156
0.0840072631835938 -0.035675048828125 -0.0642242431640625 0.0464591979980469
0.0808639526367188 0.064422607421875 -0.0553092956542969 -0.00868988037109376
0.0213241577148438 0.10406494140625 0.0159416198730469 0.0224227905273438
-0.052886962890625 0.0915374755859375 -0.01641845703125 0.149368286132813
0.0611343383789063 -0.0120429992675781 0.0144195556640625 -0.166046142578125
0.0105133056640625 -0.0651893615722656 -0.0106964111328125 -0.0407600402832031
-0.03851318359375 -0.0401229858398438 0.0586738586425781 0.013092041015625
-0.046722412109375 0.0102691650390625 0.09173583984375 -0.0526885986328125
-0.0244674682617188 0.0366058349609375 0.0468978881835938 -0.111663818359375
0.00267791748046875 0.0457839965820313 -0.0184249877929688 -0.128837585449219
0.00789260864257813 0.0331954956054688 -0.0628280639648438 -0.110862731933594
0.00366783142089844 0.0341587066650391 -0.0578842163085938 -0.07940673828125
-0.0019073486328125 0.038238525390625 -0.0514259338378906 -0.0624122619628906
-0.0213966369628906 0.0229339599609375 -0.0395622253417969 -0.0544853210449219
-0.0316104888916016 -0.00337600708007813 -0.0445632934570313 -0.0533332824707031
-0.013458251953125 -0.0351104736328125 -0.0439300537109375 -0.0778961181640625
0.0326766967773438 -0.0439834594726563 -0.0280303955078125 -0.11553955078125
0.0696296691894531 -0.0179405212402344 -0.03875732421875 -0.1610107421875
0.0778121948242188 0.0210113525390625 -0.041229248046875 -0.1717529296875
0.0701789855957031 0.0606040954589844 0.0440216064453125 -0.16510009765625
0.0478057861328125 -0.0157089233398438 0.0071563720703125 -0.0410118103027344
0.0179519653320313 -0.0188331604003906 0.0697517395019531 0.0193405151367187
0.000624656677246094 -0.0101346969604492 0.106437683105469 -0.0519256591796875
-0.000307321548461914 -0.00174629688262939 0.0609512329101563 -0.114204406738281
-0.00161862373352051 -0.00266218185424805 -0.0135421752929687 -0.138404846191406
-0.0113401412963867 -0.0114641189575195 -0.0649337768554688 -0.116233825683594
-0.0108852386474609 -0.00889968872070313 -0.0624618530273438 -0.0772857666015625
-0.0170917510986328 -0.0106410980224609 -0.0535240173339844 -0.060882568359375
-0.0150165557861328 -0.0232143402099609 -0.0453910827636719 -0.0527076721191406
0.00330352783203125 -0.03717041015625 -0.0458221435546875 -0.0472679138183594
0.0356216430664063 -0.0398445129394531 -0.044586181640625 -0.0701065063476563
0.0734939575195313 -0.00096893310546875 -0.032958984375 -0.0991973876953125
0.0933074951171875 0.0431442260742188 -0.0377197265625 -0.141128540039063
0.07952880859375 0.0912322998046875 -0.031463623046875 -0.150436401367188
0.063323974609375 0.12872314453125 0.0735626220703125 -0.135765075683594
0.0738601684570313 0.0472488403320313 0.0292549133300781 -0.0221805572509766
0.0752182006835938 0.01800537109375 0.0816574096679688 0.034332275390625
0.0571060180664063 -0.0228538513183594 0.120857238769531 -0.0401763916015625
0.0330047607421875 -0.0380668640136719 0.0765151977539063 -0.104194641113281
-0.00020217895507812 -0.0522613525390625 -0.00153350830078125 -0.134475708007812
-0.0265884399414062 -0.0543632507324219 -0.0572433471679688 -0.107917785644531
-0.0232658386230469 -0.04931640625 -0.0579719543457031 -0.0636787414550781
-0.0318679809570313 -0.0555496215820313 -0.0494613647460937 -0.0468063354492188
-0.0146141052246094 -0.06622314453125 -0.0479927062988281 -0.0361213684082031
0.0266799926757813 -0.072235107421875 -0.0481300354003906 -0.0286636352539063
0.072174072265625 -0.0534896850585938 -0.0500068664550781 -0.0533599853515625
0.110374450683594 0.0233154296875 -0.042449951171875 -0.0794601440429687
0.115951538085938 0.0846328735351563 -0.0360641479492187 -0.113555908203125
0.0772552490234375 0.142181396484375 -0.0234298706054688 -0.109138488769531
0.0414581298828125 0.177536010742187 0.0950088500976563 -0.081634521484375
0.0810089111328125 0.110481262207031 0.0487327575683594 0.0137901306152344
0.119758605957031 0.0661468505859375 0.0885391235351563 0.057586669921875
0.112838745117188 -0.0210800170898438 0.127510070800781 -0.0169677734375
0.0701065063476563 -0.065185546875 0.0869216918945313 -0.0790176391601563
0.00736999511718749 -0.0945510864257813 0.0134124755859375 -0.114036560058594
-0.0352401733398438 -0.0911788940429688 -0.0418014526367188 -0.0864944458007812
-0.0322799682617188 -0.0823135375976563 -0.0456352233886719 -0.040496826171875
-0.0461196899414063 -0.0912399291992188 -0.0365791320800781 -0.0227088928222656
-0.0191497802734375 -0.100021362304688 -0.0439186096191406 -0.00960159301757813
0.0390396118164062 -0.10321044921875 -0.0468177795410156 -0.00282669067382812
0.0947341918945312 -0.0706863403320313 -0.0547866821289063 -0.0305557250976563
0.136268615722656 0.0335845947265625 -0.049285888671875 -0.0584182739257813
0.129478454589844 0.108329772949219 -0.026214599609375 -0.083740234375
0.067962646484375 0.171005249023438 -0.0138397216796875 -0.0561752319335937
0.01068115234375 0.197158813476563 0.103828430175781 -0.0111465454101562
0.063720703125 0.15545654296875 0.0601959228515625 0.0617294311523438
0.134803771972656 0.112785339355469 0.0858612060546875 0.0831146240234375
0.149398803710938 -0.003662109375 0.123138427734375 0.013427734375
0.100349426269531 -0.0752716064453125 0.0882110595703125 -0.0436935424804688
0.0190658569335937 -0.120521545410156 0.0254440307617188 -0.0797958374023438
-0.0375823974609375 -0.113517761230469 -0.021392822265625 -0.0545654296875
-0.0368576049804688 -0.102508544921875 -0.0261859893798828 -0.0114822387695313
-0.0545654296875 -0.113677978515625 -0.0170993804931641 0.00597286224365234
-0.0227584838867187 -0.119979858398438 -0.0327625274658203 0.0219650268554687
0.0453414916992188 -0.121940612792969 -0.0404624938964844 0.0266189575195312
0.105705261230469 -0.0799102783203125 -0.0560798645019531 -0.00706863403320313
0.146240234375 0.04119873046875 -0.0517463684082031 -0.04010009765625
0.125038146972656 0.120620727539063 -0.0109062194824219 -0.0554008483886719
0.0491180419921875 0.179458618164063 -0.00397038459777832 0.000532150268554698
-0.022918701171875 0.180343627929688 0.0990219116210937 0.0621109008789063
0.0293731689453125 0.167266845703125 0.0615005493164062 0.110313415527344
0.115577697753906 0.140052795410156 0.0737152099609375 0.102935791015625
0.153900146484375 0.0190887451171875 0.103179931640625 0.0439605712890625
0.112266540527344 -0.0663299560546875 0.07666015625 -0.00617218017578126
0.0270767211914062 -0.124000549316406 0.0328025817871094 -0.037109375
-0.0337448120117187 -0.117782592773438 0.000947952270507812 -0.0158700942993164
-0.035675048828125 -0.106864929199219 -0.00349044799804688 0.0187129974365234
-0.0552215576171875 -0.119010925292969 0.0057373046875 0.0375442504882813
-0.0236892700195313 -0.124427795410156 -0.017181396484375 0.054962158203125
0.0474929809570313 -0.124305725097656 -0.032958984375 0.0547409057617187
0.106651306152344 -0.0758743286132813 -0.0560874938964844 0.0145721435546875
0.139686584472656 0.0497512817382813 -0.0513839721679687 -0.0263824462890625
0.103553771972656 0.126060485839844 0.00487899780273438 -0.0288486480712891
0.0201416015625 0.170028686523438 0.00277709960937501 0.0573997497558594
-0.0510101318359375 0.12982177734375 0.08599853515625 0.122787475585938
-0.00848388671875 0.139968872070313 0.053985595703125 0.147476196289063
0.0721664428710938 0.133460998535156 0.0573959350585937 0.111961364746094
0.124267578125 0.0346298217773437 0.0768661499023438 0.0647430419921875
0.0992584228515625 -0.0456924438476563 0.0587539672851563 0.0255355834960937
0.0291290283203125 -0.104774475097656 0.0353775024414063 0.00363159179687499
-0.0245208740234375 -0.102287292480469 0.0214061737060547 0.0216712951660156
-0.0287322998046875 -0.094482421875 0.0204696655273437 0.0472869873046875
-0.0463485717773438 -0.107040405273438 0.027374267578125 0.0671119689941406
-0.0185012817382813 -0.111824035644531 -0.00333404541015625 0.0854034423828125
0.0473480224609375 -0.109611511230469 -0.02752685546875 0.0797042846679688
0.0999298095703125 -0.061492919921875 -0.0577545166015625 0.0337066650390625
0.117507934570312 0.0589141845703125 -0.0524559020996094 -0.0152587890625
0.0673828125 0.121978759765625 0.0161838531494141 -0.00312232971191406
-0.0152130126953125 0.141265869140625 0.000663757324218748 0.108749389648438
-0.0678253173828125 0.0574798583984375 0.0674896240234375 0.158340454101563
-0.0399398803710937 0.084808349609375 0.0442657470703125 0.164810180664062
0.0211563110351563 0.096160888671875 0.0439453125 0.109901428222656
0.0739212036132813 0.0365142822265625 0.0556106567382813 0.0746841430664063
0.06683349609375 -0.021942138671875 0.0442733764648438 0.0440216064453125
0.0239677429199219 -0.0689201354980469 0.0358734130859375 0.0339584350585937
-0.013092041015625 -0.0706253051757813 0.0371246337890625 0.0505218505859375
-0.0180244445800781 -0.0673751831054687 0.0400581359863281 0.0686492919921875
-0.0301437377929688 -0.0792694091796875 0.0449447631835938 0.0919570922851563
-0.0106353759765625 -0.08489990234375 0.00658416748046874 0.111076354980469
0.0415420532226563 -0.0819778442382813 -0.02789306640625 0.100631713867188
0.0808563232421875 -0.0383377075195313 -0.064178466796875 0.0481147766113281
0.0824508666992188 0.060546875 -0.0560111999511719 -0.00679779052734374
0.0238418579101562 0.102424621582031 0.0172309875488281 0.0201148986816406
-0.0496139526367188 0.0929489135742188 -0.012481689453125 0.14703369140625
0.0615921020507812 -0.0122528076171875 0.012298583984375 -0.165328979492187
0.00893402099609376 -0.0644187927246094 -0.0123710632324219 -0.0395698547363281
-0.0387496948242188 -0.0398826599121094 0.059906005859375 0.0138931274414062
-0.0457916259765625 0.0103836059570312 0.0922698974609375 -0.0524749755859375
-0.0235557556152344 0.0367202758789063 0.0467910766601562 -0.111770629882812
0.00388336181640625 0.0451316833496094 -0.0184707641601562 -0.128410339355469
0.00852203369140625 0.0323257446289063 -0.0635223388671875 -0.11053466796875
0.00487327575683594 0.0331363677978516 -0.0585098266601563 -0.0792617797851563
0.000247955322265626 0.0368003845214844 -0.0510902404785156 -0.0616493225097656
-0.0206394195556641 0.0236968994140625 -0.0403671264648438 -0.0547637939453125
-0.0304832458496094 -0.00293350219726563 -0.0452461242675781 -0.0530319213867187
-0.0131568908691406 -0.0350399017333984 -0.0446395874023438 -0.079010009765625
0.031341552734375 -0.0437240600585938 -0.027374267578125 -0.117530822753906
0.0681037902832031 -0.0184135437011719 -0.0383758544921875 -0.161636352539063
0.0777511596679688 0.0203323364257813 -0.0417022705078125 -0.172683715820313
0.0712203979492188 0.0608749389648438 0.0411529541015625 -0.16473388671875
0.0466804504394531 -0.0145034790039063 0.0052337646484375 -0.0399246215820312
0.0183067321777344 -0.0184669494628906 0.07122802734375 0.019866943359375
0.000667572021484375 -0.0102949142456055 0.106658935546875 -0.0519866943359375
0.000391125679016113 -0.00134968757629395 0.060577392578125 -0.114387512207031
-0.00115180015563965 -0.00283718109130859 -0.0140609741210937 -0.137931823730469
-0.0116186141967773 -0.0110197067260742 -0.06610107421875 -0.114944458007813
-0.00967025756835938 -0.00899791717529297 -0.0626983642578125 -0.0763168334960938
-0.0158796310424805 -0.0105819702148438 -0.054656982421875 -0.0600624084472656
-0.0149288177490234 -0.0233364105224609 -0.0462226867675781 -0.051513671875
0.00290298461914063 -0.0365867614746094 -0.0472602844238281 -0.0465507507324219
0.0358619689941406 -0.0396347045898438 -0.0457229614257812 -0.0713119506835937
0.0733413696289063 -0.00107574462890625 -0.0326309204101562 -0.101539611816406
0.0930099487304688 0.042144775390625 -0.038360595703125 -0.142471313476563
0.079742431640625 0.0907211303710938 -0.0317840576171875 -0.151336669921875
0.0645828247070313 0.128738403320313 0.0702743530273438 -0.136001586914063
0.072509765625 0.0472946166992188 0.0269527435302734 -0.0222644805908203
0.0758209228515625 0.0176620483398438 0.082733154296875 0.0354843139648438
0.0572395324707031 -0.0229339599609375 0.12060546875 -0.0397491455078125
0.0327224731445313 -0.0388069152832031 0.0763702392578125 -0.104026794433594
-0.000675201416015622 -0.0520477294921875 -0.00226593017578124 -0.134040832519531
-0.0273818969726563 -0.0542755126953125 -0.0583114624023438 -0.107025146484375
-0.0235252380371094 -0.0497207641601563 -0.0578804016113281 -0.0617828369140625
-0.0322074890136719 -0.0551910400390625 -0.0501632690429688 -0.0455474853515625
-0.0153770446777344 -0.0653076171875 -0.0489730834960938 -0.0352706909179688
0.0255661010742188 -0.0721359252929688 -0.0498580932617188 -0.0285491943359375
0.0718460083007813 -0.0544509887695313 -0.0512161254882812 -0.0539436340332031
0.110885620117188 0.0236358642578125 -0.0423049926757812 -0.081298828125
0.116058349609375 0.0835342407226562 -0.036407470703125 -0.115234375
0.078399658203125 0.142196655273438 -0.0239181518554687 -0.109779357910156
0.0429840087890625 0.178436279296875 0.0923919677734375 -0.0821762084960937
0.0796356201171875 0.110000610351563 0.0461578369140625 0.01397705078125
0.12091064453125 0.065521240234375 0.0887603759765625 0.0587005615234375
0.112266540527344 -0.0216217041015625 0.127204895019531 -0.0162582397460938
0.0696487426757813 -0.0654106140136719 0.0877227783203125 -0.0790328979492188
0.00679779052734375 -0.0938568115234375 0.0125808715820313 -0.11383056640625
-0.0364303588867188 -0.09100341796875 -0.0426101684570313 -0.0856552124023438
-0.032867431640625 -0.0821609497070313 -0.0448036193847656 -0.0387611389160156
-0.0472946166992188 -0.0907516479492188 -0.0375251770019531 -0.0216293334960938
-0.0202255249023438 -0.0989761352539063 -0.0446548461914062 -0.00815582275390626
0.0379638671875 -0.103218078613281 -0.0486831665039063 -0.00223159790039063
0.0939483642578125 -0.0713882446289063 -0.056732177734375 -0.0311164855957031
0.137435913085937 0.0332183837890625 -0.0498809814453125 -0.0605316162109375
0.129615783691406 0.107414245605469 -0.0270843505859375 -0.0856170654296875
0.068634033203125 0.17181396484375 -0.0146942138671875 -0.0569839477539062
0.0111236572265625 0.197738647460938 0.101982116699219 -0.0121841430664062
0.0638275146484375 0.155502319335938 0.0578231811523438 0.0616722106933594
0.136611938476563 0.113021850585938 0.0855331420898438 0.0847625732421875
0.149063110351562 -0.0048065185546875 0.122276306152344 0.0145263671875
0.0997772216796875 -0.0750808715820313 0.0889511108398438 -0.0429000854492188
0.0167770385742188 -0.119590759277344 0.0251312255859375 -0.0796585083007813
-0.039398193359375 -0.113410949707031 -0.0218544006347656 -0.0537109375
-0.0375747680664063 -0.102241516113281 -0.0258674621582031 -0.0103969573974609
-0.0562286376953125 -0.112007141113281 -0.0182113647460938 0.00782585144042968
-0.0252685546875 -0.118362426757813 -0.0329151153564453 0.0232620239257812
0.0428009033203125 -0.121696472167969 -0.0414199829101563 0.0269279479980469
0.104385375976562 -0.0810928344726562 -0.0577316284179687 -0.00706863403320312
0.147216796875 0.0398101806640625 -0.052581787109375 -0.0417327880859375
0.126205444335938 0.120147705078125 -0.0123214721679687 -0.0570106506347656
0.04998779296875 0.180953979492188 -0.00479984283447265 -0.000135898590087879
-0.0221405029296875 0.18060302734375 0.0974502563476563 0.0612411499023438
0.0295257568359375 0.166351318359375 0.0598602294921875 0.109100341796875
0.117744445800781 0.139541625976563 0.072265625 0.104248046875
0.153640747070312 0.0178680419921875 0.102371215820313 0.0445404052734375
0.111549377441406 -0.0661087036132813 0.0772628784179688 -0.00471496582031251
0.0259933471679688 -0.122756958007812 0.032806396484375 -0.0375518798828125
-0.0353164672851563 -0.116714477539063 0.00107479095458984 -0.0153446197509766
-0.0363616943359375 -0.106224060058594 -0.00257301330566407 0.0204582214355469
-0.0569915771484375 -0.117088317871094 0.00513076782226562 0.0385551452636719
-0.0257797241210938 -0.123085021972656 -0.0179862976074219 0.0557670593261719
0.0444793701171875 -0.124015808105469 -0.0335159301757813 0.0545539855957031
0.106117248535156 -0.0776214599609375 -0.0570144653320312 0.0153999328613281
0.141067504882813 0.048614501953125 -0.052001953125 -0.0274543762207031
0.104499816894531 0.124565124511719 0.00422286987304688 -0.0305042266845703
0.02093505859375 0.170272827148438 0.00268173217773438 0.0565032958984375
-0.04931640625 0.130706787109375 0.084869384765625 0.121261596679688
-0.00862884521484374 0.140068054199219 0.0532379150390625 0.147567749023438
0.0736846923828125 0.132583618164063 0.056396484375 0.113395690917969
0.124488830566406 0.0331802368164063 0.0770111083984375 0.0656051635742188
0.0983123779296875 -0.046600341796875 0.0605354309082031 0.0257949829101563
0.0277023315429687 -0.105064392089844 0.0359306335449219 0.00327301025390624
-0.0264358520507812 -0.101799011230469 0.0214500427246094 0.0214920043945312
-0.0295333862304687 -0.0935897827148438 0.020751953125 0.04815673828125
-0.0484161376953125 -0.105667114257813 0.0276260375976562 0.0675621032714844
-0.0208969116210938 -0.11090087890625 -0.0035247802734375 0.0858001708984375
0.0444488525390625 -0.110885620117188 -0.027984619140625 0.0800399780273438
0.0988845825195312 -0.0626373291015625 -0.0586166381835937 0.034027099609375
0.118377685546875 0.0573883056640625 -0.0532417297363281 -0.0155372619628906
0.0682220458984375 0.120986938476562 0.0153312683105469 -0.00442886352539062
-0.0147705078125 0.141403198242188 0.0016021728515625 0.107681274414063
-0.0666389465332031 0.0576248168945313 0.0672607421875 0.157424926757813
-0.0392608642578125 0.0852737426757813 0.0446319580078125 0.164993286132813
0.0230865478515625 0.0952835083007812 0.043426513671875 0.111160278320313
0.0738449096679688 0.0356292724609375 0.0554580688476563 0.076019287109375
0.0657424926757813 -0.0225448608398438 0.0453529357910156 0.0444564819335937
0.0219688415527344 -0.0688591003417969 0.03631591796875 0.0340957641601562
-0.01422119140625 -0.069915771484375 0.0379791259765625 0.0497665405273437
-0.0186805725097656 -0.0667495727539063 0.0406684875488281 0.0683822631835938
-0.0318145751953125 -0.0776748657226563 0.0449905395507813 0.091033935546875
-0.0124740600585938 -0.0841522216796875 0.00731658935546874 0.111473083496094
0.0392990112304688 -0.08233642578125 -0.0272064208984375 0.0998764038085938
0.0803756713867188 -0.0392303466796875 -0.0634841918945312 0.0484390258789063
0.08258056640625 0.0598068237304688 -0.0567703247070312 -0.00761413574218749
0.0244064331054688 0.101394653320313 0.0171604156494141 0.0187530517578125
-0.047760009765625 0.0932998657226563 -0.01116943359375 0.14666748046875
0.0638046264648438 -0.0117416381835938 0.012481689453125 -0.168289184570312
0.00887680053710938 -0.0649642944335937 -0.0139999389648438 -0.0386199951171875
-0.0397872924804688 -0.0403900146484375 0.0626487731933594 0.0154838562011719
-0.0458946228027344 0.0102577209472656 0.095672607421875 -0.0536041259765625
-0.0237083435058594 0.0369224548339844 0.048614501953125 -0.114059448242188
0.00394058227539062 0.0458221435546875 -0.0175018310546875 -0.131446838378906
0.00891685485839844 0.0327835083007813 -0.064300537109375 -0.113327026367187
0.00557899475097656 0.0334033966064453 -0.0590286254882813 -0.0815048217773437
0.000835418701171872 0.0364570617675781 -0.0520973205566406 -0.0636138916015625
-0.0197696685791016 0.0240306854248047 -0.0413894653320313 -0.0557441711425781
-0.0303459167480469 -0.00268745422363282 -0.0464324951171875 -0.0548133850097656
-0.0134124755859375 -0.0353851318359375 -0.0448226928710938 -0.0831527709960938
0.0326080322265625 -0.0436630249023438 -0.0261154174804687 -0.122718811035156
0.0691566467285156 -0.0179252624511719 -0.0372161865234375 -0.167129516601563
0.079437255859375 0.0211105346679688 -0.0408782958984375 -0.1781005859375
0.0725860595703125 0.0635833740234375 0.0419769287109375 -0.16766357421875
0.0468368530273438 -0.0139236450195313 0.00374221801757813 -0.0400886535644531
0.0183525085449219 -0.0187892913818359 0.0737686157226562 0.02203369140625
0.00156593322753906 -0.0109090805053711 0.11029052734375 -0.0525360107421875
0.000678539276123047 -0.00222158432006836 0.0639724731445313 -0.116767883300781
-0.00160622596740723 -0.00307464599609375 -0.0124664306640625 -0.141372680664063
-0.0121240615844727 -0.0114679336547852 -0.0669708251953125 -0.1180419921875
-0.00995826721191406 -0.0103063583374023 -0.0633087158203125 -0.0780487060546875
-0.0155820846557617 -0.0114164352416992 -0.05572509765625 -0.0617103576660156
-0.0147037506103516 -0.0228481292724609 -0.0472908020019531 -0.0532302856445312
0.00401687622070313 -0.0371665954589844 -0.0485267639160156 -0.0478782653808594
0.0366897583007812 -0.0399284362792969 -0.046905517578125 -0.0746078491210937
0.0749588012695313 0.00018310546875 -0.031982421875 -0.107040405273437
0.0942001342773438 0.0445098876953125 -0.0377044677734375 -0.148239135742188
0.0803985595703125 0.0934219360351563 -0.030975341796875 -0.155685424804688
0.0653152465820313 0.133262634277344 0.0714950561523438 -0.138351440429688
0.0719680786132812 0.0498275756835937 0.0252933502197266 -0.0217323303222656
0.0778350830078125 0.0193405151367188 0.0845870971679688 0.0385665893554688
0.0587348937988281 -0.0231895446777344 0.124725341796875 -0.0390167236328125
0.0348548889160156 -0.0391998291015625 0.0800018310546875 -0.105880737304688
-0.000831604003906255 -0.0531044006347656 -0.000846862792968744 -0.136642456054687
-0.0285263061523437 -0.0559730529785156 -0.0593719482421875 -0.109603881835938
-0.0230216979980469 -0.0520133972167969 -0.0578346252441406 -0.063232421875
-0.0324249267578125 -0.0564956665039063 -0.0514411926269531 -0.0459327697753906
-0.014801025390625 -0.066650390625 -0.0509681701660156 -0.0349960327148438
0.0267562866210937 -0.0737686157226563 -0.0520858764648438 -0.0289039611816406
0.0740890502929688 -0.0550003051757812 -0.0537567138671875 -0.0569496154785156
0.113800048828125 0.0247955322265625 -0.0424575805664062 -0.0862350463867187
0.118118286132812 0.086212158203125 -0.0359649658203125 -0.120903015136719
0.077972412109375 0.146865844726562 -0.0240325927734375 -0.11395263671875
0.0420074462890625 0.183502197265625 0.0929794311523438 -0.083526611328125
0.078765869140625 0.113883972167969 0.0439491271972656 0.0147972106933594
0.123870849609375 0.0684661865234375 0.0905990600585938 0.0625991821289063
0.115066528320313 -0.0209808349609375 0.131462097167969 -0.0141525268554688
0.0727462768554688 -0.0664520263671875 0.0919342041015625 -0.0794906616210938
0.00646209716796876 -0.0957183837890625 0.0133895874023438 -0.116493225097656
-0.0386199951171875 -0.0930023193359375 -0.043243408203125 -0.0873031616210938
-0.032928466796875 -0.0850753784179688 -0.0448570251464844 -0.0388031005859375
-0.0476913452148438 -0.092010498046875 -0.0392723083496094 -0.0210723876953125
-0.0203628540039063 -0.100692749023438 -0.0461578369140625 -0.00751113891601564
0.0388031005859375 -0.105186462402344 -0.0511283874511719 -0.00268173217773438
0.0964889526367188 -0.0725021362304688 -0.0587730407714844 -0.0331573486328125
0.141159057617188 0.035614013671875 -0.0505714416503906 -0.0651092529296875
0.1319580078125 0.110519409179688 -0.0275421142578125 -0.0905532836914063
0.0687713623046875 0.17657470703125 -0.0147666931152344 -0.0595245361328125
0.00953674316406249 0.2027587890625 0.101593017578125 -0.012054443359375
0.0618133544921875 0.159500122070312 0.0561294555664063 0.0638694763183594
0.140182495117188 0.116973876953125 0.0863800048828125 0.0892257690429688
0.152328491210938 -0.00396728515625 0.12506103515625 0.0177078247070313
0.103286743164062 -0.0756301879882812 0.091949462890625 -0.042572021484375
0.0177536010742187 -0.121749877929688 0.0268936157226562 -0.0812149047851563
-0.0406341552734375 -0.115760803222656 -0.0221366882324219 -0.0540122985839844
-0.0378875732421875 -0.105094909667969 -0.0257644653320313 -0.00856208801269532
-0.0579986572265625 -0.113670349121094 -0.0195579528808594 0.00867652893066405
-0.0260772705078125 -0.120620727539063 -0.0349102020263672 0.0247783660888672
0.0428924560546875 -0.12420654296875 -0.0440025329589844 0.0272712707519531
0.107124328613281 -0.0824661254882813 -0.0598831176757813 -0.00839614868164064
0.151123046875 0.0420684814453125 -0.0532608032226562 -0.0451927185058594
0.128578186035156 0.122917175292969 -0.01263427734375 -0.0608406066894531
0.04937744140625 0.186416625976563 -0.00484704971313476 -0.00054168701171874
-0.0242156982421875 0.185562133789063 0.0979766845703125 0.0629043579101563
0.0277557373046875 0.17041015625 0.0577468872070312 0.113006591796875
0.120269775390625 0.1439208984375 0.0726165771484375 0.109535217285156
0.1566162109375 0.0189056396484375 0.104888916015625 0.0488052368164062
0.114990234375 -0.0666580200195313 0.0808486938476563 -0.00350189208984375
0.0264968872070313 -0.125251770019531 0.0340957641601563 -0.0376396179199219
-0.0367813110351563 -0.119087219238281 0.00113201141357422 -0.0151567459106445
-0.0366668701171875 -0.1082763671875 -0.00226593017578125 0.0222568511962891
-0.0586471557617187 -0.118919372558594 0.00462722778320312 0.0402336120605469
-0.02703857421875 -0.125007629394531 -0.0187911987304687 0.05816650390625
0.0449905395507812 -0.126411437988281 -0.0352630615234375 0.0555152893066406
0.108650207519531 -0.0795822143554688 -0.0597724914550781 0.0147552490234375
0.14471435546875 0.05035400390625 -0.054229736328125 -0.0296287536621094
0.106719970703125 0.128280639648438 0.00464630126953126 -0.0329704284667969
0.01983642578125 0.175308227539063 0.001953125 0.0568008422851563
-0.0514297485351563 0.133987426757813 0.0844802856445313 0.125015258789063
-0.0103607177734375 0.143081665039063 0.0516357421875 0.15093994140625
0.0761871337890625 0.136672973632813 0.0557479858398438 0.117523193359375
0.12664794921875 0.0342788696289063 0.078155517578125 0.069976806640625
0.101280212402344 -0.0463943481445313 0.0629005432128906 0.0277976989746094
0.0284957885742187 -0.1063232421875 0.0369873046875 0.00355911254882812
-0.0276947021484375 -0.104057312011719 0.0219440460205078 0.0221290588378906
-0.0302276611328125 -0.0959854125976563 0.0217933654785156 0.0499305725097656
-0.0498199462890625 -0.107215881347656 0.0269737243652344 0.0696449279785156
-0.0218124389648438 -0.112808227539063 -0.00430297851562501 0.0881576538085938
0.0446243286132812 -0.112777709960938 -0.0297317504882812 0.08148193359375
0.100898742675781 -0.0639724731445313 -0.0611228942871094 0.0336341857910156
0.121826171875 0.0595245361328125 -0.0546493530273437 -0.0170669555664062
0.0694961547851563 0.123619079589844 0.0156030654907227 -0.00588130950927734
-0.015533447265625 0.145645141601563 0.000587463378906249 0.109092712402344
-0.0681037902832031 0.0585899353027344 0.0667266845703125 0.161605834960938
-0.0408248901367187 0.086700439453125 0.042938232421875 0.16973876953125
0.023895263671875 0.0977325439453125 0.0421295166015625 0.115425109863281
0.0759811401367188 0.035797119140625 0.0565567016601563 0.08013916015625
0.0672607421875 -0.0227851867675781 0.0467453002929688 0.0465354919433594
0.022003173828125 -0.0696182250976563 0.036895751953125 0.0340461730957031
-0.0146942138671875 -0.0713348388671875 0.0388336181640625 0.0513534545898437
-0.0188713073730469 -0.0688323974609375 0.0418319702148438 0.0714035034179688
-0.0330963134765625 -0.0793075561523438 0.0457992553710937 0.0940628051757813
-0.0129165649414063 -0.085174560546875 0.0064544677734375 0.114570617675781
0.0398635864257813 -0.0839996337890625 -0.0287704467773438 0.1019287109375
0.08184814453125 -0.0404129028320313 -0.0664634704589844 0.0487785339355469
0.0846481323242188 0.0612945556640625 -0.0584869384765625 -0.00877380371093748
0.0248641967773437 0.103492736816406 0.0180244445800781 0.0176372528076172
-0.0498199462890625 0.0950698852539062 -0.012115478515625 0.148727416992188
0.0677452087402344 -0.0120811462402344 0.0118865966796875 -0.17559814453125
0.00830078125 -0.0668411254882812 -0.0159950256347656 -0.0391769409179688
-0.0427589416503906 -0.0420799255371094 0.0673065185546875 0.0166397094726562
-0.0474510192871094 0.0114860534667969 0.101226806640625 -0.0568695068359375
-0.0247650146484375 0.0385017395019531 0.0503997802734375 -0.119842529296875
0.00493240356445313 0.047821044921875 -0.0183639526367188 -0.137924194335937
0.00965690612792969 0.0345230102539063 -0.0685577392578125 -0.119461059570313
0.00694847106933594 0.0341606140136719 -0.0621414184570313 -0.0852279663085937
0.002471923828125 0.0376815795898438 -0.0550651550292969 -0.0661201477050781
-0.0197544097900391 0.0255355834960938 -0.0439224243164063 -0.0583763122558594
-0.0309314727783203 -0.00197029113769532 -0.0493545532226562 -0.0579185485839844
-0.0145072937011719 -0.0373001098632813 -0.0482025146484375 -0.0884628295898438
0.0329551696777344 -0.045745849609375 -0.0275497436523438 -0.131515502929688
0.0716705322265625 -0.0193328857421875 -0.039306640625 -0.177291870117188
0.0831146240234375 0.0216445922851563 -0.04266357421875 -0.188491821289063
0.0767745971679688 0.0660629272460938 0.0422515869140625 -0.174896240234375
0.0472145080566406 -0.0137443542480469 0.00196838378906251 -0.0406227111816406
0.0185813903808594 -0.0201148986816406 0.0783843994140625 0.0242233276367188
0.00194263458251953 -0.0114603042602539 0.116355895996094 -0.0551910400390625
0.00170660018920898 -0.00236248970031738 0.067413330078125 -0.122749328613281
-0.0013117790222168 -0.00372600555419922 -0.0138092041015625 -0.148300170898438
-0.0126733779907227 -0.0123777389526367 -0.0710906982421875 -0.123085021972656
-0.00966072082519531 -0.0117731094360352 -0.0661773681640625 -0.0817413330078125
-0.0155792236328125 -0.0128974914550781 -0.0591850280761719 -0.063934326171875
-0.0144863128662109 -0.0237960815429688 -0.0507087707519531 -0.0545730590820313
0.00452804565429688 -0.0387153625488281 -0.0522193908691406 -0.0503463745117187
0.0386466979980469 -0.04193115234375 -0.0506591796875 -0.0791473388671875
0.0787200927734375 0.00083160400390625 -0.033966064453125 -0.114677429199219
0.0977020263671875 0.0457000732421875 -0.040008544921875 -0.157821655273438
0.0845870971679688 0.0977935791015625 -0.0330352783203125 -0.165481567382812
0.0690689086914062 0.139656066894531 0.0731964111328125 -0.144515991210938
0.0746307373046875 0.0531387329101563 0.0240955352783203 -0.0219001770019531
0.082275390625 0.0196990966796875 0.0893630981445312 0.0417633056640625
0.0617752075195313 -0.0245933532714844 0.131515502929688 -0.0407867431640625
0.0373191833496094 -0.0413436889648438 0.084564208984375 -0.110916137695312
-0.000877380371093752 -0.0554924011230469 -0.0013275146484375 -0.14373779296875
-0.030731201171875 -0.05889892578125 -0.0631179809570312 -0.113983154296875
-0.0242843627929688 -0.0551414489746094 -0.0605239868164063 -0.0652046203613281
-0.0345344543457031 -0.0594253540039062 -0.0545234680175781 -0.0475425720214844
-0.0153732299804688 -0.0691642761230469 -0.054168701171875 -0.0363655090332031
0.02764892578125 -0.0764846801757812 -0.0564346313476562 -0.0304527282714844
0.077880859375 -0.0573577880859375 -0.0579795837402344 -0.0613517761230469
0.120185852050781 0.0265960693359375 -0.0448837280273438 -0.0938873291015625
0.123771667480469 0.0899734497070313 -0.0392913818359375 -0.129203796386719
0.0822906494140625 0.154800415039063 -0.024871826171875 -0.120491027832031
0.044403076171875 0.193023681640625 0.09515380859375 -0.08746337890625
0.0809326171875 0.120292663574219 0.0443840026855469 0.0161895751953125
0.13104248046875 0.0718841552734375 0.0952682495117188 0.0678939819335938
0.121009826660156 -0.0226593017578125 0.13897705078125 -0.0141754150390625
0.0767059326171875 -0.0697479248046875 0.0969696044921875 -0.0836639404296875
0.00646209716796875 -0.100471496582031 0.014556884765625 -0.122138977050781
-0.0407943725585938 -0.0971450805664062 -0.0459060668945313 -0.0904922485351562
-0.0352554321289063 -0.089813232421875 -0.0464057922363281 -0.0390815734863281
-0.0516586303710938 -0.096466064453125 -0.042144775390625 -0.0213356018066406
-0.022186279296875 -0.104301452636719 -0.0493049621582031 -0.00651168823242189
0.0394821166992188 -0.110404968261719 -0.054931640625 -0.00227355957031251
0.10101318359375 -0.0765914916992188 -0.0635719299316406 -0.0358505249023438
0.149856567382813 0.0371856689453125 -0.0538101196289062 -0.0705795288085938
0.139251708984375 0.114669799804688 -0.0297012329101562 -0.0971603393554687
0.072235107421875 0.1873779296875 -0.0155563354492187 -0.0634040832519531
0.0102386474609375 0.213485717773438 0.104988098144531 -0.0130081176757812
0.063995361328125 0.167572021484375 0.0564422607421875 0.0671005249023438
0.148162841796875 0.122207641601563 0.0906448364257813 0.0953826904296875
0.159896850585938 -0.00457763671875 0.13189697265625 0.0198135375976563
0.108879089355469 -0.0792312622070313 0.098663330078125 -0.0448074340820313
0.017303466796875 -0.127357482910156 0.0273056030273437 -0.0854263305664063
-0.0444183349609375 -0.120590209960937 -0.0236930847167969 -0.0557861328125
-0.0407485961914063 -0.110862731933594 -0.0262546539306641 -0.00731468200683595
-0.0618667602539063 -0.117774963378906 -0.0208110809326172 0.0109519958496094
-0.0282440185546875 -0.125358581542969 -0.03680419921875 0.0273475646972656
0.0435028076171875 -0.130836486816406 -0.0472221374511719 0.0291366577148438
0.111602783203125 -0.08770751953125 -0.0645790100097656 -0.00952911376953126
0.160369873046875 0.043609619140625 -0.0569839477539062 -0.04913330078125
0.135696411132813 0.128181457519531 -0.0134849548339844 -0.066192626953125
0.0525665283203125 0.1962890625 -0.00465011596679687 -0.00216150283813475
-0.024566650390625 0.195632934570312 0.100563049316406 0.0653610229492188
0.0283050537109375 0.17950439453125 0.0593414306640625 0.118522644042969
0.128143310546875 0.150787353515625 0.0755996704101563 0.117156982421875
0.164215087890625 0.01873779296875 0.110862731933594 0.0526123046875
0.120826721191406 -0.0703887939453125 0.0861587524414063 -0.0037689208984375
0.0267181396484375 -0.130897521972656 0.0356101989746094 -0.0408897399902344
-0.039947509765625 -0.124496459960938 0.000883102416992184 -0.0151643753051758
-0.03985595703125 -0.114173889160156 -0.00129508972167969 0.0250053405761719
-0.06292724609375 -0.123138427734375 0.00393676757812499 0.0434226989746094
-0.0296707153320312 -0.129837036132813 -0.020355224609375 0.0621337890625
0.04522705078125 -0.133949279785156 -0.037841796875 0.0592269897460937
0.112602233886719 -0.0840301513671875 -0.063323974609375 0.0152435302734375
0.152725219726562 0.0522003173828125 -0.0570831298828125 -0.0318374633789062
0.113128662109375 0.132980346679688 0.00434112548828126 -0.0363578796386719
0.021697998046875 0.18536376953125 0.0023193359375 0.0590667724609375
-0.05352783203125 0.140472412109375 0.0872573852539063 0.130500793457031
-0.010986328125 0.150985717773438 0.052703857421875 0.157943725585938
0.0820159912109375 0.143081665039063 0.0578994750976563 0.125740051269531
0.133232116699219 0.0341720581054688 0.0831146240234375 0.074798583984375
0.106857299804688 -0.0496292114257813 0.0675392150878906 0.0298271179199219
0.0281448364257812 -0.111122131347656 0.0387725830078125 0.00276565551757812
-0.0304183959960937 -0.108139038085938 0.0238246917724609 0.0240230560302734
-0.0324249267578125 -0.101303100585937 0.0234260559082031 0.0543022155761719
-0.0536575317382813 -0.110275268554688 0.0281295776367187 0.0740280151367187
-0.0249404907226562 -0.116867065429688 -0.00480651855468749 0.0936813354492188
0.0450820922851562 -0.118644714355469 -0.0310211181640625 0.085662841796875
0.104888916015625 -0.067718505859375 -0.064666748046875 0.0352859497070313
0.12890625 0.0613327026367187 -0.0575485229492187 -0.0186843872070313
0.073883056640625 0.128448486328125 0.0167274475097656 -0.00793933868408202
-0.014984130859375 0.153335571289062 0.00128936767578125 0.113906860351563
-0.0710678100585937 0.0618896484375 0.068756103515625 0.170166015625
-0.04241943359375 0.09161376953125 0.0447998046875 0.177932739257812
0.0268402099609375 0.102096557617188 0.0435714721679688 0.122642517089844
0.07977294921875 0.0368728637695313 0.0603103637695313 0.0857925415039063
0.0708465576171875 -0.0242843627929688 0.0504684448242188 0.0497932434082031
0.0223159790039062 -0.072601318359375 0.0404586791992187 0.0355606079101562
-0.0169830322265625 -0.0743179321289063 0.0415534973144531 0.0543746948242188
-0.02081298828125 -0.0709457397460938 0.0446701049804688 0.0753097534179688
-0.0359878540039062 -0.0816574096679688 0.0474472045898438 0.0993423461914063
-0.0151748657226563 -0.088653564453125 0.00637054443359374 0.119789123535156
0.0400924682617187 -0.088134765625 -0.030242919921875 0.1064453125
0.084991455078125 -0.0429534912109375 -0.0704803466796875 0.05145263671875
0.0894241333007813 0.0634002685546875 -0.0619583129882812 -0.00973892211914061
0.0260772705078125 0.108108520507812 0.0192890167236328 0.0169658660888672
-0.051361083984375 0.100349426269531 -0.011627197265625 0.154922485351562
0.0720901489257813 -0.015869140625 0.0067901611328125 -0.186141967773438
0.00629425048828124 -0.0702476501464844 -0.0191459655761719 -0.0389938354492188
-0.046905517578125 -0.0425796508789063 0.0729827880859375 0.0162582397460937
-0.0495185852050781 0.0128593444824219 0.106002807617188 -0.0626754760742188
-0.0239982604980469 0.0412025451660156 0.050323486328125 -0.128150939941406
0.0076904296875 0.0498619079589844 -0.022674560546875 -0.145721435546875
0.0120162963867187 0.0357742309570313 -0.0767288208007813 -0.124000549316406
0.00978660583496094 0.0350017547607422 -0.0687484741210937 -0.0889968872070313
0.00552749633789063 0.0390892028808594 -0.0605354309082031 -0.0681533813476563
-0.017913818359375 0.0278587341308594 -0.0484161376953125 -0.0612564086914063
-0.0322608947753906 -0.000572204589843755 -0.054107666015625 -0.0601234436035156
-0.0160751342773438 -0.0383148193359375 -0.0544891357421875 -0.0933914184570312
0.0327911376953125 -0.0495872497558594 -0.0334930419921875 -0.141128540039063
0.074249267578125 -0.0225372314453125 -0.046875 -0.187469482421875
0.0890731811523438 0.02044677734375 -0.05023193359375 -0.199676513671875
0.084716796875 0.0677261352539063 0.0390777587890625 -0.186599731445313
0.0490913391113281 -0.0148658752441406 -0.00100326538085938 -0.0419502258300781
0.0193290710449219 -0.0216045379638672 0.0848388671875 0.023895263671875
0.00170516967773438 -0.0122890472412109 0.122001647949219 -0.0609970092773438
0.00218915939331055 -0.0032501220703125 0.0673828125 -0.132118225097656
-0.00120258331298828 -0.00328493118286133 -0.01849365234375 -0.156173706054688
-0.0139751434326172 -0.0123329162597656 -0.0792388916015625 -0.127975463867188
-0.0104141235351562 -0.0127162933349609 -0.072357177734375 -0.0841903686523437
-0.0163230895996094 -0.0136194229125977 -0.06494140625 -0.0652923583984375
-0.0154781341552734 -0.0244102478027344 -0.0557670593261719 -0.0564308166503906
0.00376129150390625 -0.0409469604492188 -0.05792236328125 -0.0518226623535156
0.0398292541503906 -0.0453605651855469 -0.0570602416992187 -0.0847244262695313
0.0832901000976562 -0.00102996826171875 -0.0395431518554687 -0.124320983886719
0.104942321777344 0.04486083984375 -0.0474700927734375 -0.167892456054688
0.0926666259765625 0.102096557617188 -0.0395355224609375 -0.176010131835938
0.078277587890625 0.1470947265625 0.0720367431640625 -0.155609130859375
0.079437255859375 0.0557861328125 0.0229816436767578 -0.0223865509033203
0.087860107421875 0.018707275390625 0.0969619750976562 0.0428543090820312
0.0643424987792969 -0.0281333923339844 0.1385498046875 -0.04638671875
0.0388870239257813 -0.0452919006347656 0.0869216918945313 -0.120697021484375
-0.0028533935546875 -0.0582427978515625 -0.00636291503906251 -0.152740478515625
-0.0345344543457031 -0.0611190795898438 -0.0705108642578125 -0.118202209472656
-0.0274772644042969 -0.0586357116699219 -0.0655899047851563 -0.0670242309570313
-0.0382537841796875 -0.0624237060546875 -0.0592117309570313 -0.0477104187011719
-0.0186920166015625 -0.0721206665039063 -0.0587120056152344 -0.0358467102050781
0.0270462036132812 -0.0822830200195313 -0.0617637634277344 -0.0303497314453125
0.0809326171875 -0.0635528564453125 -0.0648689270019531 -0.0646324157714844
0.129104614257813 0.024444580078125 -0.0515518188476562 -0.100875854492188
0.133804321289063 0.0911712646484375 -0.0460891723632813 -0.138031005859375
0.0921478271484375 0.162933349609375 -0.0298538208007812 -0.128448486328125
0.053741455078125 0.2047119140625 0.0969390869140625 -0.0955657958984375
0.0883026123046875 0.126419067382813 0.0451164245605469 0.0165786743164063
0.142135620117188 0.0725250244140625 0.103591918945313 0.0715103149414063
0.127410888671875 -0.0275650024414062 0.147506713867188 -0.0180511474609375
0.0800628662109375 -0.0769119262695313 0.101829528808594 -0.0921630859375
0.00341033935546876 -0.106040954589844 0.0109710693359375 -0.130149841308594
-0.048065185546875 -0.101119995117188 -0.0522689819335937 -0.0934829711914063
-0.0401077270507813 -0.0943679809570313 -0.0499343872070313 -0.0393180847167969
-0.0576324462890625 -0.0998687744140625 -0.0444526672363281 -0.0201187133789063
-0.0267410278320313 -0.109672546386719 -0.0533485412597656 -0.00440216064453126
0.0374526977539063 -0.117813110351563 -0.059356689453125 6.4849853515608E-05
0.105140686035156 -0.0844192504882813 -0.0698661804199219 -0.03778076171875
0.160995483398438 0.0348052978515625 -0.0600509643554688 -0.0761489868164062
0.1512451171875 0.11700439453125 -0.0350112915039062 -0.104591369628906
0.0825958251953125 0.1973876953125 -0.0179786682128906 -0.0685653686523437
0.0177459716796875 0.227340698242188 0.108619689941406 -0.0165328979492187
0.07098388671875 0.177963256835937 0.0595207214355469 0.0692520141601563
0.162384033203125 0.126205444335938 0.0990371704101563 0.101493835449219
0.16900634765625 -0.0100250244140625 0.141021728515625 0.019439697265625
0.11468505859375 -0.0883255004882813 0.1044921875 -0.0511322021484375
0.0137100219726562 -0.1351318359375 0.0260009765625 -0.0920257568359375
-0.0513916015625 -0.125648498535156 -0.0268630981445313 -0.0575408935546875
-0.0464324951171875 -0.116081237792969 -0.0266532897949219 -0.00566482543945313
-0.0702362060546875 -0.122138977050781 -0.0218944549560547 0.0129737854003906
-0.034820556640625 -0.131393432617188 -0.0393333435058594 0.0313987731933594
0.0404205322265625 -0.139549255371094 -0.04998779296875 0.0328788757324219
0.11566162109375 -0.0965499877929688 -0.070404052734375 -0.00891876220703126
0.173126220703125 0.0403900146484375 -0.0630455017089843 -0.0529823303222656
0.148239135742188 0.13067626953125 -0.0172042846679687 -0.07196044921875
0.062255859375 0.2083740234375 -0.00542688369750976 -0.00283145904541014
-0.020172119140625 0.208831787109375 0.106903076171875 0.0666580200195313
0.0347747802734375 0.191009521484375 0.0638427734375 0.1234130859375
0.141738891601563 0.156005859375 0.0832748413085938 0.1239013671875
0.174179077148438 0.0151519775390625 0.119590759277344 0.0543670654296875
0.127311706542969 -0.0784683227539063 0.0932235717773438 -0.00647735595703125
0.0231552124023438 -0.138710021972656 0.0363616943359375 -0.0445709228515625
-0.0476226806640625 -0.129440307617187 0.000289916992187497 -0.0152015686035156
-0.0465621948242188 -0.120109558105469 0.000659942626953124 0.0281333923339844
-0.0723037719726562 -0.127532958984375 0.00555038452148437 0.0470466613769531
-0.0374374389648438 -0.135635375976563 -0.0201416015625 0.0674095153808594
0.0419158935546875 -0.142684936523438 -0.0392227172851563 0.0645866394042969
0.116462707519531 -0.0931777954101563 -0.0682296752929688 0.0179100036621094
0.164627075195313 0.0498809814453125 -0.0622482299804687 -0.0333709716796875
0.1239013671875 0.13690185546875 0.00260925292968751 -0.0404205322265625
0.0295867919921875 0.197036743164063 0.00425338745117188 0.0617218017578125
-0.0522003173828125 0.151626586914062 0.0941619873046875 0.136161804199219
-0.00703430175781249 0.161102294921875 0.059417724609375 0.166397094726563
0.0929412841796875 0.149765014648438 0.064208984375 0.134025573730469
0.142333984375 0.032470703125 0.0907821655273438 0.0792770385742188
0.111770629882813 -0.0562973022460938 0.0741119384765625 0.0298080444335937
0.025970458984375 -0.118049621582031 0.0407447814941406 0.00172424316406249
-0.0366744995117188 -0.113006591796875 0.0256252288818359 0.0253028869628906
-0.0385513305664062 -0.105987548828125 0.0272941589355469 0.0573997497558594
-0.0615463256835937 -0.113876342773438 0.0321121215820313 0.078277587890625
-0.0314254760742187 -0.121673583984375 -0.00260162353515624 0.1002197265625
0.0420989990234375 -0.12713623046875 -0.03070068359375 0.0917282104492187
0.108345031738281 -0.0758743286132812 -0.0679435729980469 0.039337158203125
0.139938354492188 0.0603713989257813 -0.0624580383300781 -0.0189857482910156
0.0830764770507813 0.133644104003906 0.0170602798461914 -0.0108242034912109
-0.0107574462890625 0.1649169921875 0.00499725341796874 0.11956787109375
-0.0731430053710938 0.0678176879882813 0.076629638671875 0.178207397460938
-0.0413742065429687 0.0988311767578125 0.0514678955078125 0.187545776367188
0.0333633422851563 0.107872009277344 0.0492706298828125 0.131233215332031
0.0857162475585938 0.0358734130859375 0.0668716430664063 0.0909500122070312
0.0738983154296875 -0.0279693603515625 0.0570220947265625 0.051483154296875
0.0207748413085938 -0.0774383544921875 0.0440444946289063 0.0358200073242187
-0.0209884643554688 -0.0779571533203125 0.0462532043457031 0.0555152893066406
-0.0246047973632813 -0.0744400024414063 0.0503463745117188 0.0790023803710938
-0.0413589477539062 -0.084381103515625 0.0531539916992188 0.104415893554687
-0.0201339721679688 -0.0917129516601563 0.0103683471679688 0.127891540527344
0.0387039184570313 -0.0949554443359375 -0.0294342041015625 0.113883972167969
0.0885543823242188 -0.0490646362304688 -0.07379150390625 0.0561904907226563
0.0979537963867188 0.0646514892578125 -0.0652236938476563 -0.00938796997070312
0.031890869140625 0.113571166992187 0.0213947296142578 0.0153770446777344
-0.0503463745117187 0.108383178710938 -0.00759887695312499 0.163665771484375
0.0746994018554688 -0.0221939086914063 -0.00450134277343747 -0.194320678710938
0.00189208984375 -0.073028564453125 -0.0236091613769531 -0.0377578735351563
-0.0524711608886719 -0.0411834716796875 0.0783309936523438 0.0132522583007812
-0.0511360168457031 0.0158767700195313 0.107536315917969 -0.07159423828125
-0.0226516723632812 0.0441741943359375 0.0449905395507812 -0.136299133300781
0.0124931335449219 0.0520286560058594 -0.03118896484375 -0.151412963867188
0.0154304504394531 0.0365219116210938 -0.0870819091796875 -0.124916076660156
0.012420654296875 0.0346527099609375 -0.0774459838867188 -0.0893783569335937
0.00876617431640625 0.0390090942382813 -0.0678825378417969 -0.0684013366699219
-0.0161075592041016 0.0299186706542969 -0.0545196533203125 -0.0613632202148438
-0.0328464508056641 0.00211715698242188 -0.0604324340820313 -0.0598106384277344
-0.019744873046875 -0.0387840270996094 -0.0638961791992188 -0.0958480834960938
0.0308303833007813 -0.053192138671875 -0.043609619140625 -0.147003173828125
0.075286865234375 -0.027496337890625 -0.0597076416015625 -0.194610595703125
0.0947494506835937 0.0159149169921875 -0.06396484375 -0.207992553710937
0.093231201171875 0.065155029296875 0.0283050537109375 -0.196762084960938
0.0495071411132813 -0.0173416137695313 -0.0052490234375 -0.041351318359375
0.0187492370605469 -0.0227451324462891 0.0906295776367188 0.020965576171875
0.000884056091308594 -0.0135269165039063 0.124786376953125 -0.0705718994140625
0.00282120704650879 -0.00360655784606934 0.0631103515625 -0.14105224609375
-0.00089263916015625 -0.0029444694519043 -0.027862548828125 -0.162857055664063
-0.0152769088745117 -0.0120410919189453 -0.0905075073242188 -0.129219055175781
-0.011143684387207 -0.0134963989257812 -0.079925537109375 -0.083831787109375
-0.016963005065918 -0.0136337280273438 -0.071136474609375 -0.06475830078125
-0.0164909362792969 -0.0242576599121094 -0.0617408752441406 -0.0555191040039062
0.00220870971679687 -0.0416908264160156 -0.0643424987792969 -0.0511665344238281
0.038665771484375 -0.0494003295898438 -0.06634521484375 -0.0867996215820313
0.0871734619140625 -0.00614166259765625 -0.0495223999023438 -0.130485534667969
0.111778259277344 0.0411758422851562 -0.0597381591796875 -0.174240112304688
0.103240966796875 0.101348876953125 -0.051422119140625 -0.183303833007813
0.0913543701171875 0.149261474609375 0.064361572265625 -0.167083740234375
0.0854263305664063 0.0548019409179688 0.0203304290771484 -0.02374267578125
0.0937042236328125 0.0143356323242188 0.104949951171875 0.0403289794921875
0.0660514831542969 -0.0335922241210938 0.1429443359375 -0.055938720703125
0.0388107299804688 -0.0505256652832031 0.0846099853515625 -0.131195068359375
-0.00644302368164063 -0.06072998046875 -0.0147857666015625 -0.159027099609375
-0.040802001953125 -0.0612907409667969 -0.0810394287109375 -0.118850708007812
-0.0320892333984375 -0.0599250793457031 -0.0716476440429688 -0.0650787353515625
-0.0434188842773438 -0.0631561279296875 -0.0648765563964844 -0.04559326171875
-0.023162841796875 -0.0739898681640625 -0.0642547607421875 -0.0329399108886719
0.023345947265625 -0.08697509765625 -0.0671119689941406 -0.027587890625
0.0810394287109375 -0.0711441040039063 -0.0736312866210938 -0.0652923583984375
0.137863159179688 0.0179824829101563 -0.060821533203125 -0.106040954589844
0.144546508789063 0.086578369140625 -0.0567626953125 -0.143814086914063
0.105850219726563 0.165451049804688 -0.038787841796875 -0.1348876953125
0.0684356689453125 0.211578369140625 0.0942840576171875 -0.105659484863281
0.0983123779296875 0.128570556640625 0.0453720092773438 0.015594482421875
0.153579711914063 0.0679168701171875 0.112861633300781 0.0705337524414063
0.131492614746094 -0.036651611328125 0.153884887695313 -0.0260162353515625
0.0807571411132813 -0.0856781005859375 0.102218627929688 -0.102424621582031
-0.00302124023437499 -0.1102294921875 0.00393676757812499 -0.136428833007813
-0.056915283203125 -0.102325439453125 -0.060455322265625 -0.0940399169921875
-0.047698974609375 -0.0971603393554688 -0.0533409118652344 -0.0368156433105469
-0.0667648315429688 -0.100746154785156 -0.0477294921875 -0.0167198181152344
-0.0351943969726563 -0.112442016601563 -0.0567398071289063 -0.000198364257812514
0.0317153930664062 -0.125083923339844 -0.0633010864257813 0.00410079956054686
0.10516357421875 -0.0949172973632813 -0.0776290893554687 -0.0359115600585938
0.172073364257813 0.026123046875 -0.0686569213867187 -0.0785064697265625
0.164291381835937 0.1126708984375 -0.0442276000976563 -0.109603881835938
0.0987701416015625 0.203582763671875 -0.0229644775390625 -0.0723876953125
0.0322418212890625 0.237747192382813 0.111259460449219 -0.0233993530273437
0.0831146240234375 0.18328857421875 0.0637245178222656 0.06964111328125
0.178146362304688 0.1224365234375 0.109222412109375 0.102684020996094
0.176315307617187 -0.019927978515625 0.1500244140625 0.0136566162109375
0.115264892578125 -0.0994186401367188 0.108001708984375 -0.0594482421875
0.0057830810546875 -0.141281127929688 0.0210800170898437 -0.09698486328125
-0.0632781982421875 -0.127891540527344 -0.0315780639648438 -0.0574569702148438
-0.0569915771484375 -0.11932373046875 -0.02728271484375 -0.00311851501464844
-0.0812530517578125 -0.122703552246094 -0.0227890014648438 0.0165462493896484
-0.045318603515625 -0.133796691894531 -0.0396270751953125 0.036773681640625
0.033203125 -0.147979736328125 -0.0514717102050781 0.0381889343261719
0.115226745605469 -0.108238220214844 -0.0757522583007813 -0.00568389892578125
0.18548583984375 0.031402587890625 -0.0703353881835937 -0.0538330078125
0.163528442382813 0.126968383789063 -0.0232467651367187 -0.075439453125
0.0782623291015625 0.215927124023438 -0.00540447235107421 -0.00421190261840819
-0.00897216796874998 0.221084594726563 0.113258361816406 0.0637588500976563
0.046966552734375 0.198867797851563 0.0711746215820312 0.125801086425781
0.15911865234375 0.155426025390625 0.0948562622070313 0.127685546875
0.183837890625 0.0047149658203125 0.129493713378906 0.0516510009765625
0.12896728515625 -0.0904998779296875 0.0983657836914063 -0.012451171875
0.0155487060546875 -0.146072387695313 0.034515380859375 -0.0482864379882813
-0.058929443359375 -0.132743835449219 -0.000441551208496098 -0.0150012969970703
-0.0565109252929687 -0.123489379882813 0.00308990478515625 0.0302028656005859
-0.0837783813476562 -0.127388000488281 0.00806808471679687 0.0501441955566406
-0.0482559204101563 -0.137931823730469 -0.0176162719726563 0.0732955932617187
0.0338287353515625 -0.151260375976563 -0.0377388000488281 0.0700149536132812
0.116188049316406 -0.10516357421875 -0.0719833374023437 0.022003173828125
0.176681518554688 0.0419769287109375 -0.0682029724121094 -0.0333137512207031
0.137847900390625 0.134674072265625 -7.62939453124961E-05 -0.044586181640625
0.0431976318359375 0.205978393554687 0.00816726684570313 0.0632781982421875
-0.045166015625 0.162490844726563 0.104667663574219 0.137916564941406
0.00135803222656249 0.169570922851563 0.0696868896484375 0.170486450195313
0.107345581054688 0.151229858398437 0.0756759643554688 0.138801574707031
0.151107788085937 0.0248260498046875 0.100791931152344 0.0791702270507813
0.114395141601563 -0.0659332275390625 0.0802993774414063 0.0269927978515625
0.0192642211914062 -0.124137878417969 0.04217529296875 -0.000392913818359383
-0.0466842651367187 -0.115310668945313 0.0285568237304687 0.0257415771484375
-0.04705810546875 -0.107841491699219 0.0334243774414062 0.0601959228515625
-0.0724411010742187 -0.114517211914063 0.0378036499023437 0.081268310546875
-0.04150390625 -0.12432861328125 0.00326538085937499 0.106758117675781
0.03509521484375 -0.135154724121094 -0.02801513671875 0.0982666015625
0.108131408691406 -0.0864715576171875 -0.06988525390625 0.0452308654785156
0.150177001953125 0.054473876953125 -0.06732177734375 -0.017059326171875
0.095184326171875 0.134124755859375 0.0168819427490234 -0.0142536163330078
-0.00120544433593749 0.173416137695312 0.0126113891601563 0.123954772949219
-0.0722732543945313 0.075714111328125 0.0889129638671875 0.182098388671875
-0.0369644165039062 0.107086181640625 0.064453125 0.194107055664063
0.0427627563476563 0.111328125 0.058868408203125 0.135833740234375
0.0917739868164063 0.0315399169921875 0.0771255493164063 0.0929794311523438
0.0764236450195313 -0.033966064453125 0.0631637573242188 0.0516014099121094
0.0164566040039063 -0.0815353393554688 0.0476036071777344 0.0352363586425781
-0.028900146484375 -0.0797348022460938 0.0516586303710938 0.056427001953125
-0.031036376953125 -0.0767822265625 0.0578842163085937 0.080810546875
-0.0487289428710938 -0.0847396850585938 0.0618133544921875 0.10687255859375
-0.0279083251953125 -0.09393310546875 0.0188674926757813 0.134437561035156
0.0332489013671875 -0.101577758789063 -0.0241546630859375 0.120674133300781
0.0892105102539063 -0.057647705078125 -0.0744400024414063 0.0634384155273438
0.106948852539063 0.06146240234375 -0.0701217651367188 -0.00693130493164061
0.0403594970703125 0.116783142089844 0.0237293243408203 0.0128993988037109
-0.04571533203125 0.116867065429688 0.00300598144531251 0.171310424804688
0.0750885009765625 -0.0283889770507812 -0.018035888671875 -0.196273803710938
-0.00343322753906249 -0.072967529296875 -0.0271987915039063 -0.0338268280029297
-0.0564346313476562 -0.0373611450195313 0.0808563232421875 0.008697509765625
-0.0514183044433594 0.0195083618164063 0.105224609375 -0.0786819458007813
-0.0196876525878906 0.0466728210449219 0.0377120971679688 -0.1402587890625
0.0169563293457031 0.0510330200195312 -0.040863037109375 -0.152145385742188
0.0189628601074219 0.0354347229003906 -0.0969314575195313 -0.121360778808594
0.0155467987060547 0.0333671569824219 -0.0845489501953125 -0.0862655639648438
0.0121269226074219 0.0374183654785156 -0.0735549926757812 -0.0647659301757813
-0.0127067565917969 0.0314369201660156 -0.0600929260253906 -0.0591773986816406
-0.0327701568603516 0.00458335876464844 -0.0656585693359375 -0.0577507019042969
-0.0224342346191406 -0.0375633239746094 -0.0719375610351562 -0.0945358276367188
0.0268173217773438 -0.0551948547363281 -0.0545654296875 -0.148284912109375
0.0735244750976562 -0.0318679809570313 -0.073089599609375 -0.193984985351562
0.0979385375976563 0.00913238525390625 -0.077972412109375 -0.20806884765625
0.0993499755859375 0.0596771240234375 0.014556884765625 -0.202438354492188
0.048492431640625 -0.0191154479980469 -0.00987625122070312 -0.0398826599121094
0.0175437927246094 -0.0241260528564453 0.094879150390625 0.0164718627929688
4.48226928710947E-05 -0.0135536193847656 0.122215270996094 -0.0788040161132812
0.00277805328369141 -0.0051875114440918 0.0550994873046875 -0.147003173828125
-0.000326633453369141 -0.00389313697814941 -0.0385894775390625 -0.1636962890625
-0.0163116455078125 -0.0110588073730469 -0.100410461425781 -0.123939514160156
-0.0119352340698242 -0.0144290924072266 -0.0867462158203125 -0.0801925659179688
-0.0176448822021484 -0.0143356323242188 -0.076141357421875 -0.0604782104492188
-0.0164527893066406 -0.0229816436767578 -0.0667037963867188 -0.0515174865722656
-0.000240325927734378 -0.0420913696289063 -0.069488525390625 -0.0479087829589844
0.0365638732910156 -0.0527420043945313 -0.0749740600585938 -0.08502197265625
0.0886459350585937 -0.0117263793945312 -0.0602798461914063 -0.130462646484375
0.115005493164062 0.0344772338867188 -0.0723114013671875 -0.174163818359375
0.111671447753906 0.0963973999023438 -0.0639495849609375 -0.184707641601562
0.102767944335938 0.145309448242188 0.0530853271484375 -0.173538208007813
0.0895156860351563 0.0514602661132813 0.0164146423339844 -0.0239429473876953
0.0962677001953125 0.00904083251953125 0.109825134277344 0.0363693237304688
0.0650596618652344 -0.0380287170410156 0.142318725585938 -0.0650482177734375
0.0369148254394531 -0.0550689697265625 0.0779495239257813 -0.138648986816406
-0.0101737976074219 -0.0614547729492188 -0.0252838134765625 -0.160537719726562
-0.0457954406738281 -0.0591316223144531 -0.0898513793945313 -0.114334106445313
-0.0364112854003906 -0.05987548828125 -0.0762863159179688 -0.0608062744140625
-0.0483818054199219 -0.0611839294433594 -0.0689430236816406 -0.0413970947265625
-0.0279388427734375 -0.0731430053710938 -0.0672874450683594 -0.0284805297851562
0.0178680419921875 -0.0895614624023437 -0.0708847045898438 -0.0239334106445313
0.077911376953125 -0.0770645141601563 -0.0810546875 -0.062896728515625
0.14093017578125 0.009124755859375 -0.0703964233398438 -0.106269836425781
0.15106201171875 0.0789031982421875 -0.0677337646484375 -0.143798828125
0.11920166015625 0.162322998046875 -0.0477981567382813 -0.135726928710938
0.0838775634765625 0.210968017578125 0.0871963500976563 -0.113273620605469
0.107276916503906 0.126373291015625 0.0446281433105469 0.0138397216796875
0.161453247070312 0.058807373046875 0.120140075683594 0.0661163330078125
0.131309509277344 -0.0456390380859375 0.156051635742188 -0.0350189208984375
0.07757568359375 -0.0930862426757813 0.0980758666992188 -0.111129760742188
-0.0103836059570313 -0.111663818359375 -0.00538635253906251 -0.138648986816406
-0.0650100708007813 -0.0992813110351562 -0.0665817260742187 -0.0903396606445313
-0.0556106567382812 -0.0957183837890625 -0.0549354553222656 -0.033172607421875
-0.074798583984375 -0.0971298217773437 -0.0499038696289063 -0.0132484436035156
-0.0434341430664063 -0.110458374023437 -0.0575370788574219 0.00497436523437498
0.0237274169921875 -0.128921508789062 -0.0647201538085938 0.0085906982421875
0.100616455078125 -0.103080749511719 -0.08331298828125 -0.0328826904296875
0.176956176757813 0.01470947265625 -0.0761260986328125 -0.0780487060546875
0.173492431640625 0.103134155273438 -0.0526275634765625 -0.110275268554687
0.114044189453125 0.201690673828125 -0.0279693603515625 -0.0732498168945312
0.048492431640625 0.240493774414063 0.109588623046875 -0.031280517578125
0.09552001953125 0.181838989257813 0.0665664672851563 0.0667572021484375
0.190078735351562 0.113265991210938 0.118278503417969 0.099853515625
0.178085327148438 -0.032470703125 0.154876708984375 0.0052032470703125
0.111648559570313 -0.109237670898438 0.106033325195312 -0.067596435546875
-0.00341796875000001 -0.1431884765625 0.0146560668945313 -0.09991455078125
-0.0732955932617188 -0.124534606933594 -0.0360107421875 -0.0548744201660156
-0.0655136108398437 -0.117568969726563 -0.0259819030761719 -0.000278472900390629
-0.0922775268554688 -0.118576049804688 -0.0217456817626953 0.0190868377685547
-0.0555267333984375 -0.131195068359375 -0.0374069213867187 0.0411300659179687
0.0228729248046875 -0.152175903320312 -0.0504837036132813 0.0427169799804688
0.109626770019531 -0.118049621582031 -0.07891845703125 -0.00142669677734377
0.190322875976563 0.01898193359375 -0.0762710571289063 -0.0515213012695313
0.173477172851563 0.117324829101563 -0.0300827026367187 -0.077667236328125
0.09393310546875 0.215591430664063 -0.00575160980224609 -0.0045952796936035
0.006378173828125 0.224868774414062 0.117469787597656 0.0575714111328125
0.0590667724609375 0.2000732421875 0.077880859375 0.123069763183594
0.173171997070313 0.148117065429688 0.104751586914063 0.125732421875
0.187225341796875 -0.0071868896484375 0.135940551757813 0.0452041625976563
0.126213073730469 -0.101226806640625 0.100311279296875 -0.01904296875
0.0050201416015625 -0.148757934570313 0.0308036804199219 -0.0511054992675781
-0.0692291259765625 -0.129264831542969 -0.00145530700683594 -0.0139398574829102
-0.0657272338867187 -0.120903015136719 0.00703239440917968 0.0320167541503906
-0.0949325561523438 -0.122291564941406 0.0116691589355469 0.0516624450683594
-0.0588607788085937 -0.134712219238281 -0.0131378173828125 0.07720947265625
0.0237884521484375 -0.155380249023438 -0.0344696044921875 0.0738906860351563
0.110076904296875 -0.114715576171875 -0.0729904174804688 0.026336669921875
0.183197021484375 0.029632568359375 -0.0724029541015625 -0.0307846069335938
0.148773193359375 0.12762451171875 -0.00395584106445311 -0.0478172302246094
0.05792236328125 0.207733154296875 0.0125007629394531 0.0625686645507813
-0.0341644287109375 0.16845703125 0.113143920898438 0.133316040039063
0.0127105712890625 0.17266845703125 0.0796356201171875 0.16876220703125
0.120712280273437 0.146392822265625 0.0852127075195312 0.138275146484375
0.154983520507813 0.01470947265625 0.108680725097656 0.07513427734375
0.112602233886719 -0.0750198364257813 0.0841522216796875 0.0222244262695313
0.010223388671875 -0.126617431640625 0.0424613952636719 -0.00244903564453126
-0.0570144653320312 -0.112861633300781 0.03082275390625 0.024810791015625
-0.056304931640625 -0.106681823730469 0.0391845703125 0.0599288940429688
-0.0819168090820313 -0.109916687011719 0.0435867309570312 0.08111572265625
-0.051116943359375 -0.1214599609375 0.00998687744140626 0.109542846679687
0.025543212890625 -0.138504028320313 -0.0222320556640625 0.101776123046875
0.103721618652344 -0.0955886840820313 -0.0692825317382813 0.0505294799804687
0.156982421875 0.04461669921875 -0.0701560974121094 -0.0145912170410156
0.104736328125 0.129158020019531 0.0162849426269531 -0.0180091857910156
0.0107574462890625 0.176910400390625 0.0210418701171875 0.123817443847656
-0.0680465698242188 0.0819320678710938 0.100540161132812 0.18060302734375
-0.030517578125 0.110916137695313 0.0760345458984375 0.193130493164063
0.0521926879882813 0.110084533691406 0.0692825317382813 0.136734008789063
0.0956573486328125 0.0248870849609375 0.0863037109375 0.0907058715820313
0.0757980346679688 -0.0408096313476563 0.0684089660644531 0.0486221313476563
0.0104751586914062 -0.08306884765625 0.0504417419433594 0.0324020385742187
-0.0348587036132813 -0.0779190063476563 0.0569229125976563 0.0530738830566406
-0.0377120971679688 -0.07513427734375 0.0654144287109375 0.0791702270507813
-0.0567474365234375 -0.08154296875 0.0700836181640625 0.10528564453125
-0.0352554321289063 -0.0922317504882813 0.027679443359375 0.135841369628906
0.0260467529296875 -0.104515075683594 -0.0173187255859375 0.124313354492188
0.086151123046875 -0.0641250610351563 -0.0729598999023438 0.0687484741210938
0.112785339355469 0.0545730590820313 -0.0721817016601562 -0.00354003906249999
0.048187255859375 0.115325927734375 0.0248050689697266 0.00938224792480469
-0.0382003784179687 0.122352600097656 0.013671875 0.172119140625
0.0718841552734375 -0.0328445434570313 -0.0275421142578125 -0.19403076171875
-0.00724029541015625 -0.0715103149414063 -0.0294551849365234 -0.0303325653076172
-0.0582962036132813 -0.0338935852050781 0.08203125 0.00572967529296875
-0.0505790710449219 0.0219764709472656 0.102104187011719 -0.0828628540039063
-0.0170478820800781 0.0466766357421875 0.0318222045898438 -0.140426635742188
0.0204925537109375 0.0489997863769531 -0.04656982421875 -0.150405883789063
0.0216560363769531 0.0339374542236328 -0.102325439453125 -0.116477966308594
0.0169639587402344 0.0305156707763672 -0.0879058837890625 -0.082794189453125
0.0147724151611328 0.0347232818603516 -0.0758514404296875 -0.0618362426757812
-0.00984954833984375 0.0314655303955078 -0.0625648498535156 -0.0570449829101563
-0.0309829711914063 0.00637054443359376 -0.0687522888183594 -0.0564498901367188
-0.0239715576171875 -0.0363388061523438 -0.0769577026367188 -0.0919570922851563
0.0246162414550781 -0.0558433532714844 -0.061370849609375 -0.145233154296875
0.0712738037109375 -0.0345382690429688 -0.0802001953125 -0.190536499023438
0.097747802734375 0.00372314453125 -0.0863494873046875 -0.20550537109375
0.101585388183594 0.0539932250976562 0.00444030761718751 -0.200759887695313
0.0473899841308594 -0.0202102661132813 -0.0133857727050781 -0.0365638732910156
0.0159950256347656 -0.0240039825439453 0.0960693359375 0.0135650634765625
-0.00114250183105469 -0.0134696960449219 0.120109558105469 -0.0837020874023438
0.00310611724853516 -0.0045170783996582 0.0496673583984375 -0.1488037109375
-1.23977661132816E-05 -0.00397253036499023 -0.0451202392578125 -0.160980224609375
-0.0162038803100586 -0.0103492736816406 -0.105735778808594 -0.119255065917969
-0.0123863220214844 -0.0146780014038086 -0.089508056640625 -0.076446533203125
-0.0176239013671875 -0.0138359069824219 -0.0786972045898438 -0.0566787719726563
-0.0163288116455078 -0.0226230621337891 -0.0695228576660156 -0.0489730834960937
-0.00159835815429687 -0.0414314270019531 -0.0712738037109375 -0.0453872680664062
0.0338592529296875 -0.053497314453125 -0.0796737670898438 -0.0828170776367188
0.0866546630859375 -0.0153884887695312 -0.0666580200195313 -0.128974914550781
0.114662170410156 0.02978515625 -0.0797882080078125 -0.17120361328125
0.115676879882813 0.0908203125 -0.07159423828125 -0.183013916015625
0.109481811523438 0.140083312988281 0.0435638427734375 -0.17559814453125
0.0907363891601563 0.0489883422851563 0.0134506225585938 -0.0229930877685547
0.0967483520507813 0.00537109375 0.112380981445313 0.0324630737304688
0.0625572204589844 -0.0406417846679688 0.140525817871094 -0.0698471069335938
0.0345611572265625 -0.0572013854980469 0.0727386474609375 -0.141281127929688
-0.0131874084472656 -0.0601806640625 -0.0323486328125 -0.158157348632813
-0.048095703125 -0.0560531616210937 -0.094512939453125 -0.10888671875
-0.0394363403320313 -0.0588493347167969 -0.0775909423828125 -0.0580978393554688
-0.0506820678710938 -0.0590438842773438 -0.0708084106445312 -0.0373382568359375
-0.0299453735351563 -0.071044921875 -0.068756103515625 -0.0246429443359375
0.0144805908203125 -0.0888214111328125 -0.072174072265625 -0.0207366943359375
0.074066162109375 -0.0806350708007813 -0.0854568481445312 -0.0604705810546875
0.14129638671875 0.0027008056640625 -0.0758819580078125 -0.104080200195313
0.153274536132813 0.0717926025390625 -0.0742034912109375 -0.141647338867187
0.126541137695313 0.156585693359375 -0.0537109375 -0.135574340820313
0.0936126708984375 0.206787109375 0.0801773071289062 -0.116744995117187
0.111572265625 0.122055053710938 0.0424995422363281 0.0129547119140625
0.164505004882813 0.052490234375 0.123947143554688 0.0631256103515625
0.128814697265625 -0.0510177612304688 0.155593872070313 -0.0406494140625
0.0735321044921875 -0.0973434448242188 0.09344482421875 -0.114517211914062
-0.0154876708984375 -0.110000610351563 -0.0114517211914062 -0.137229919433594
-0.069915771484375 -0.0949783325195313 -0.0700302124023438 -0.0860671997070313
-0.0593185424804687 -0.0938491821289063 -0.0550575256347656 -0.0298995971679688
-0.0788726806640625 -0.0929718017578125 -0.0503387451171875 -0.00955200195312501
-0.0474472045898438 -0.106758117675781 -0.0572319030761719 0.00886917114257811
0.0169219970703125 -0.128509521484375 -0.0648841857910156 0.0118446350097656
0.096038818359375 -0.108062744140625 -0.0862350463867188 -0.0299301147460938
0.177627563476563 0.006561279296875 -0.081329345703125 -0.076019287109375
0.177047729492188 0.09478759765625 -0.058349609375 -0.108734130859375
0.12353515625 0.196868896484375 -0.0314102172851562 -0.07354736328125
0.0600738525390625 0.238525390625 0.10498046875 -0.0352401733398437
0.102127075195313 0.178466796875 0.0662345886230469 0.0643959045410156
0.19573974609375 0.104873657226563 0.123077392578125 0.0965652465820313
0.17559814453125 -0.039276123046875 0.155364990234375 -0.000228881835937502
0.107521057128906 -0.115829467773438 0.10369873046875 -0.0714340209960938
-0.010162353515625 -0.141799926757813 0.00961303710937501 -0.0991973876953125
-0.079742431640625 -0.119316101074219 -0.0370864868164063 -0.0519065856933594
-0.0714340209960938 -0.114128112792969 -0.0243473052978516 0.00130081176757812
-0.096832275390625 -0.112739562988281 -0.0199508666992188 0.0221195220947266
-0.0614700317382813 -0.126655578613281 -0.0357780456542969 0.0446128845214844
0.015289306640625 -0.151870727539063 -0.0491828918457031 0.045562744140625
0.103622436523438 -0.122154235839844 -0.080841064453125 0.00115203857421873
0.191329956054688 0.0103302001953125 -0.0798721313476563 -0.0497512817382812
0.177200317382813 0.108795166015625 -0.0342178344726562 -0.0773391723632813
0.104080200195312 0.211669921875 -0.00635385513305663 -0.00611925125122069
0.0163116455078125 0.225357055664062 0.117233276367188 0.0526351928710938
0.0670623779296875 0.19769287109375 0.0803909301757813 0.120429992675781
0.18133544921875 0.140304565429687 0.110282897949219 0.123222351074219
0.185684204101563 -0.0152435302734375 0.138389587402344 0.0404510498046875
0.122039794921875 -0.107276916503906 0.09893798828125 -0.023529052734375
-0.00210571289062499 -0.146728515625 0.0274009704589844 -0.050811767578125
-0.076446533203125 -0.123809814453125 -0.00134658813476563 -0.0123462677001953
-0.0724334716796875 -0.117362976074219 0.00967407226562499 0.0322589874267578
-0.0995101928710938 -0.116355895996094 0.0142745971679687 0.0529975891113281
-0.0649795532226563 -0.129730224609375 -0.00959014892578125 0.0792465209960937
0.0149383544921875 -0.1549072265625 -0.0317764282226562 0.0755996704101563
0.104026794433594 -0.120063781738281 -0.0727920532226563 0.0291976928710938
0.184616088867188 0.020416259765625 -0.075347900390625 -0.029296875
0.153060913085938 0.119171142578125 -0.00731277465820311 -0.0490074157714844
0.068115234375 0.205078125 0.014862060546875 0.0604743957519531
-0.0268096923828125 0.17041015625 0.116615295410156 0.128059387207031
0.0199432373046875 0.172698974609375 0.0846710205078125 0.164443969726562
0.128433227539063 0.140945434570313 0.0913238525390625 0.135429382324219
0.154403686523438 0.00726318359375 0.112472534179688 0.0704498291015625
0.109153747558594 -0.081146240234375 0.0853729248046875 0.018890380859375
0.00392913818359374 -0.125701904296875 0.0420036315917969 -0.00400161743164063
-0.0631637573242188 -0.107841491699219 0.0322799682617187 0.0240402221679687
-0.0619888305664062 -0.1031494140625 0.0430221557617188 0.0586357116699219
-0.087249755859375 -0.104240417480469 0.0477142333984375 0.080657958984375
-0.0571365356445312 -0.116752624511719 0.0150909423828125 0.109931945800781
0.0177154541015625 -0.138336181640625 -0.0183792114257813 0.102432250976562
0.0981216430664063 -0.0998764038085938 -0.0679969787597656 0.0524749755859375
0.1591796875 0.0369110107421875 -0.0719680786132812 -0.0130538940429687
0.109619140625 0.123405456542969 0.0140533447265625 -0.0205478668212891
0.019989013671875 0.175949096679687 0.0262069702148438 0.120925903320313
-0.0633621215820312 0.085174560546875 0.10595703125 0.176055908203125
-0.0250701904296875 0.111923217773437 0.0826416015625 0.188751220703125
0.0581741333007813 0.106834411621094 0.074737548828125 0.133987426757813
0.0956344604492187 0.0205307006835937 0.0899810791015625 0.0875167846679688
0.0728607177734375 -0.0441131591796875 0.0713043212890625 0.0450057983398438
0.0052032470703125 -0.0827407836914063 0.05108642578125 0.0306663513183594
-0.0399703979492188 -0.075164794921875 0.059234619140625 0.0515480041503906
-0.0427322387695312 -0.0727767944335938 0.0699844360351563 0.0762252807617188
-0.0606689453125 -0.0779190063476563 0.0749588012695313 0.10308837890625
-0.0400619506835937 -0.0885848999023438 0.0337905883789062 0.135635375976562
0.019989013671875 -0.105148315429688 -0.0125579833984375 0.12451171875
0.0820693969726562 -0.06805419921875 -0.0700302124023438 0.071685791015625
0.115570068359375 0.0486602783203125 -0.0733718872070312 -0.00231170654296874
0.0534133911132812 0.112228393554687 0.0243396759033203 0.00582504272460938
-0.0317230224609375 0.123504638671875 0.021728515625 0.169540405273438
0.07098388671875 -0.0353927612304688 -0.0324554443359375 -0.193130493164062
-0.00839614868164062 -0.0701408386230469 -0.0300693511962891 -0.0270347595214844
-0.0588722229003906 -0.0313186645507813 0.08306884765625 0.0048675537109375
-0.0502700805664063 0.0232696533203125 0.101913452148437 -0.0841064453125
-0.0162696838378906 0.0473594665527344 0.0308456420898437 -0.140190124511719
0.0220069885253906 0.0474624633789063 -0.04901123046875 -0.150100708007813
0.0232391357421875 0.0325736999511719 -0.104782104492188 -0.114501953125
0.0175800323486328 0.0296897888183594 -0.0899124145507813 -0.082000732421875
0.0155696868896484 0.0329914093017578 -0.0770187377929687 -0.060577392578125
-0.00736808776855468 0.0300655364990234 -0.064697265625 -0.0564994812011719
-0.0299758911132813 0.00759124755859375 -0.0706863403320313 -0.0560531616210938
-0.0248947143554687 -0.0350551605224609 -0.079559326171875 -0.0911712646484375
0.0223846435546875 -0.0552749633789062 -0.0633697509765625 -0.144058227539063
0.070037841796875 -0.0350914001464844 -0.0827789306640625 -0.18927001953125
0.097259521484375 0.00078582763671875 -0.0900115966796875 -0.2044677734375
0.102439880371094 0.0513076782226563 -0.00131225585937498 -0.2005615234375
0.0466079711914063 -0.0203208923339844 -0.0146675109863281 -0.03436279296875
0.0157680511474609 -0.0232887268066406 0.0967864990234375 0.0124664306640625
-0.00141716003417969 -0.013422966003418 0.119636535644531 -0.0849533081054688
0.00294685363769531 -0.00548791885375977 0.0474090576171875 -0.148773193359375
0.000593900680541993 -0.0042574405670166 -0.0477294921875 -0.160369873046875
-0.0156946182250977 -0.00975799560546875 -0.107887268066406 -0.116500854492188
-0.0124521255493164 -0.0152769088745117 -0.0904922485351562 -0.0748443603515625
-0.0181236267089844 -0.0148830413818359 -0.0801467895507812 -0.0555496215820313
-0.015472412109375 -0.0226802825927734 -0.0703582763671875 -0.0475997924804687
-0.0011138916015625 -0.0409011840820313 -0.0732421875 -0.0442581176757812
0.0334434509277344 -0.0541114807128906 -0.082763671875 -0.082183837890625
0.086090087890625 -0.0166778564453125 -0.069427490234375 -0.128265380859375
0.114547729492188 0.0282745361328125 -0.082794189453125 -0.170318603515625
0.116973876953125 0.0878143310546875 -0.0753021240234375 -0.183135986328125
0.112342834472656 0.137481689453125 0.037811279296875 -0.176406860351563
0.0913314819335938 0.0486297607421875 0.0111064910888672 -0.0207748413085938
0.0971908569335938 0.003448486328125 0.114265441894531 0.0319976806640625
0.0616035461425781 -0.0419883728027344 0.139961242675781 -0.0716552734375
0.0337905883789062 -0.0584297180175781 0.069915771484375 -0.142410278320312
-0.0138015747070312 -0.0599250793457031 -0.03466796875 -0.156906127929688
-0.0494842529296875 -0.0546150207519531 -0.0963592529296875 -0.106483459472656
-0.0408401489257813 -0.0586357116699219 -0.0778579711914063 -0.0565109252929688
-0.0519218444824219 -0.0582389831542969 -0.0708999633789063 -0.0357818603515625
-0.0304412841796875 -0.0699882507324219 -0.0697593688964844 -0.0231285095214844
0.0132980346679687 -0.0888595581054687 -0.073577880859375 -0.0190353393554687
0.0732345581054688 -0.082000732421875 -0.0887603759765625 -0.0595169067382812
0.141357421875 0.0004425048828125 -0.0794219970703125 -0.103828430175781
0.153488159179687 0.0685577392578125 -0.0775146484375 -0.141433715820312
0.129226684570313 0.154281616210938 -0.0571060180664062 -0.136131286621094
0.097930908203125 0.205245971679688 0.07525634765625 -0.118270874023437
0.113182067871094 0.121505737304688 0.0399589538574219 0.0144424438476563
0.166778564453125 0.0494384765625 0.127311706542969 0.0626220703125
0.1280517578125 -0.0536956787109375 0.156356811523438 -0.0427398681640625
0.0716552734375 -0.100265502929688 0.0918960571289063 -0.116973876953125
-0.0176849365234375 -0.108970642089844 -0.0142440795898438 -0.136207580566406
-0.072479248046875 -0.0925674438476563 -0.0716018676757813 -0.08380126953125
-0.0624923706054687 -0.0925750732421875 -0.0539741516113281 -0.0290679931640625
-0.0811386108398438 -0.0908126831054688 -0.0495452880859375 -0.00783538818359376
-0.0497283935546875 -0.104446411132812 -0.0568504333496094 0.0111274719238281
0.0149078369140625 -0.128425598144531 -0.0651969909667969 0.0134811401367187
0.0938796997070313 -0.109786987304688 -0.089080810546875 -0.0289382934570313
0.177825927734375 0.0029296875 -0.0843124389648437 -0.0758438110351563
0.177505493164063 0.09173583984375 -0.0612411499023437 -0.109130859375
0.1278076171875 0.195205688476563 -0.0332183837890625 -0.0747833251953125
0.064849853515625 0.237411499023438 0.102134704589844 -0.0374908447265625
0.104812622070312 0.1783447265625 0.0643386840820313 0.0646514892578125
0.199600219726563 0.100997924804688 0.126800537109375 0.096527099609375
0.175918579101563 -0.0432586669921875 0.156524658203125 -0.00244140625
0.10565185546875 -0.118736267089844 0.103118896484375 -0.0738296508789063
-0.0136871337890625 -0.140190124511719 0.00724792480468751 -0.09832763671875
-0.0827102661132813 -0.115959167480469 -0.0379638671875 -0.0501861572265625
-0.0746612548828125 -0.112922668457031 -0.0229530334472656 0.00211143493652343
-0.100181579589844 -0.108932495117187 -0.0193138122558594 0.0239353179931641
-0.0640411376953125 -0.124122619628906 -0.0342788696289063 0.0468978881835937
0.0116729736328125 -0.150863647460938 -0.0491256713867188 0.0467605590820312
0.100448608398438 -0.124679565429688 -0.0828704833984375 0.00253295898437499
0.192108154296875 0.0058441162109375 -0.083221435546875 -0.049530029296875
0.178421020507813 0.105484008789063 -0.0372085571289062 -0.0784988403320313
0.1090087890625 0.210525512695312 -0.00715065002441406 -0.00718450546264647
0.021209716796875 0.225433349609375 0.115562438964844 0.0505905151367188
0.06988525390625 0.197372436523438 0.0795745849609375 0.119117736816406
0.18524169921875 0.136703491210938 0.114112854003906 0.123443603515625
0.184921264648438 -0.01947021484375 0.140052795410156 0.0379180908203125
0.120338439941406 -0.111297607421875 0.0986099243164063 -0.02545166015625
-0.00622558593750001 -0.145660400390625 0.0262413024902344 -0.0504684448242188
-0.0801544189453125 -0.120590209960937 -0.00131511688232422 -0.0113506317138672
-0.0760269165039063 -0.115737915039063 0.0124721527099609 0.0325546264648437
-0.103446960449219 -0.112617492675781 0.0160064697265625 0.0541152954101562
-0.068359375 -0.125961303710938 -0.007537841796875 0.0809707641601562
0.010833740234375 -0.154800415039063 -0.0306167602539062 0.0771942138671875
0.100898742675781 -0.121696472167969 -0.0744247436523438 0.030242919921875
0.184600830078125 0.0161285400390625 -0.0777053833007813 -0.0286178588867187
0.154922485351563 0.115676879882813 -0.00924301147460937 -0.0503501892089844
0.07293701171875 0.204177856445312 0.0159111022949219 0.05914306640625
-0.02313232421875 0.17144775390625 0.116325378417969 0.126815795898438
0.0228118896484375 0.172470092773438 0.0848236083984375 0.163223266601563
0.132926940917969 0.137901306152344 0.0944976806640625 0.135719299316406
0.154266357421875 0.0039825439453125 0.114410400390625 0.069122314453125
0.106971740722656 -0.0843429565429688 0.0864181518554688 0.0169296264648437
0.000518798828124997 -0.124000549316406 0.0404777526855469 -0.00382995605468751
-0.0666656494140625 -0.104827880859375 0.0331497192382812 0.0241069793701172
-0.0653152465820312 -0.10150146484375 0.0459556579589844 0.0579490661621094
-0.090087890625 -0.100318908691406 0.0492630004882813 0.0803070068359375
-0.06060791015625 -0.113327026367188 0.01763916015625 0.111091613769531
0.0129013061523437 -0.138557434082031 -0.0170135498046875 0.102798461914062
0.0954742431640625 -0.102241516113281 -0.068634033203125 0.0541229248046875
0.159439086914063 0.03277587890625 -0.0740432739257812 -0.0128173828125
0.111297607421875 0.120681762695312 0.01239013671875 -0.0227088928222656
0.0243377685546875 0.176498413085938 0.0286636352539062 0.119483947753906
-0.0619354248046875 0.087005615234375 0.107620239257813 0.175247192382812
-0.0225296020507812 0.112770080566406 0.0837249755859375 0.187271118164063
0.0619964599609375 0.105377197265625 0.077056884765625 0.133636474609375
0.0952911376953125 0.017486572265625 0.0922317504882812 0.08551025390625
0.0721511840820313 -0.046417236328125 0.0724639892578125 0.0436782836914063
0.0030364990234375 -0.0815505981445313 0.0516777038574219 0.0303840637207031
-0.04278564453125 -0.0720443725585938 0.0607452392578125 0.0504302978515625
-0.0446090698242188 -0.0716781616210938 0.0724716186523438 0.0754470825195313
-0.0629119873046875 -0.0746917724609375 0.0776138305664063 0.10223388671875
-0.0427017211914063 -0.0855026245117188 0.036407470703125 0.135795593261719
0.0164794921875 -0.105621337890625 -0.01080322265625 0.124496459960938
0.0796661376953125 -0.0700225830078125 -0.06976318359375 0.0729904174804687
0.116340637207031 0.0459060668945313 -0.0741958618164062 -0.00173950195312501
0.0550384521484375 0.110366821289063 0.0234813690185547 0.00364494323730469
-0.0279693603515625 0.124465942382813 0.0252838134765625 0.167755126953125
0.0712814331054688 -0.036651611328125 -0.03521728515625 -0.195480346679687
-0.00934600830078126 -0.0710067749023437 -0.0311260223388672 -0.0252513885498047
-0.0596885681152344 -0.0300064086914062 0.08563232421875 0.00446319580078125
-0.0509681701660156 0.0247230529785156 0.104103088378906 -0.086395263671875
-0.015625 0.0484161376953125 0.0316162109375 -0.143295288085938
0.0234260559082031 0.0471153259277344 -0.0505523681640625 -0.153854370117187
0.025146484375 0.0317764282226563 -0.107757568359375 -0.116615295410156
0.0181922912597656 0.0293960571289062 -0.0928497314453125 -0.0832366943359375
0.0161457061767578 0.0314826965332031 -0.0794754028320312 -0.0624923706054688
-0.00597953796386719 0.0296516418457031 -0.0665168762207031 -0.0578651428222656
-0.0287933349609375 0.00839996337890625 -0.0734405517578125 -0.0576400756835937
-0.0258293151855469 -0.0350074768066406 -0.0829086303710938 -0.0934829711914063
0.0220870971679687 -0.0559234619140625 -0.0647430419921875 -0.1470947265625
0.0707626342773438 -0.035614013671875 -0.0842132568359375 -0.193084716796875
0.0986328125 -0.001007080078125 -0.0924224853515625 -0.20892333984375
0.103828430175781 0.05084228515625 -0.004486083984375 -0.203384399414063
0.0469894409179687 -0.0196876525878906 -0.0164375305175781 -0.032257080078125
0.0160903930664062 -0.0231590270996094 0.100379943847656 0.0137252807617187
-0.00156402587890625 -0.0124483108520508 0.122360229492187 -0.0871047973632813
0.00284671783447266 -0.00635194778442383 0.04864501953125 -0.15185546875
0.000604152679443359 -0.00495624542236328 -0.04913330078125 -0.163070678710937
-0.015751838684082 -0.0102434158325195 -0.110786437988281 -0.117805480957031
-0.013005256652832 -0.0164012908935547 -0.0931472778320313 -0.076873779296875
-0.0184860229492188 -0.0160980224609375 -0.0823211669921875 -0.0562744140625
-0.0143241882324219 -0.0237312316894531 -0.07281494140625 -0.0481796264648437
-0.000419616699218752 -0.0411911010742188 -0.0760955810546875 -0.0453643798828125
0.033966064453125 -0.054718017578125 -0.0866546630859375 -0.083831787109375
0.0872802734375 -0.016693115234375 -0.0717697143554688 -0.131301879882813
0.115325927734375 0.0284347534179687 -0.0849761962890625 -0.174270629882813
0.119514465332031 0.0885238647460938 -0.0782470703125 -0.188446044921875
0.115547180175781 0.140007019042969 0.0348358154296875 -0.178985595703125
0.093017578125 0.0504074096679688 0.00919532775878907 -0.019134521484375
0.100128173828125 0.00362396240234375 0.118553161621094 0.0333709716796875
0.0624809265136719 -0.0426063537597656 0.143768310546875 -0.0737762451171875
0.0337791442871094 -0.0604362487792969 0.0715484619140625 -0.1456298828125
-0.0143585205078125 -0.060455322265625 -0.0361785888671875 -0.159713745117187
-0.0501976013183594 -0.0547256469726562 -0.0982894897460938 -0.1075439453125
-0.0428352355957031 -0.059906005859375 -0.0791397094726562 -0.0576400756835938
-0.0535545349121094 -0.0590553283691406 -0.0725936889648438 -0.0359115600585938
-0.030731201171875 -0.0707931518554688 -0.0712127685546875 -0.0223464965820313
0.0134124755859375 -0.0903549194335937 -0.0760879516601562 -0.0192718505859375
0.0748291015625 -0.083709716796875 -0.09271240234375 -0.061126708984375
0.143936157226563 3.0517578125E-05 -0.0826568603515625 -0.1064453125
0.15545654296875 0.0697174072265625 -0.0804595947265625 -0.145187377929688
0.132492065429688 0.156890869140625 -0.05908203125 -0.140449523925781
0.101516723632813 0.2093505859375 0.0732955932617188 -0.120323181152344
0.115776062011719 0.125007629394531 0.0380897521972656 0.0165596008300781
0.171432495117188 0.0493927001953125 0.131950378417969 0.0644683837890625
0.130088806152344 -0.0554656982421875 0.159683227539063 -0.044097900390625
0.0730667114257813 -0.104171752929687 0.093963623046875 -0.119560241699219
-0.0189437866210937 -0.110267639160156 -0.0158004760742188 -0.138160705566406
-0.0742034912109375 -0.0924072265625 -0.0727310180664062 -0.0840225219726563
-0.0652999877929688 -0.094573974609375 -0.0543136596679688 -0.0296096801757813
-0.0840530395507813 -0.0920639038085938 -0.0503005981445313 -0.00672149658203126
-0.0502548217773438 -0.1051025390625 -0.0576705932617187 0.012725830078125
0.0139236450195313 -0.131004333496094 -0.0673370361328125 0.0143661499023437
0.0953903198242188 -0.11260986328125 -0.0935440063476563 -0.0296478271484375
0.18212890625 0.00177001953125 -0.0879287719726563 -0.0781631469726562
0.1807861328125 0.0928497314453125 -0.0643463134765625 -0.111961364746094
0.131088256835938 0.199111938476563 -0.03509521484375 -0.0777816772460937
0.0682525634765625 0.242080688476562 0.101226806640625 -0.0379180908203125
0.106399536132812 0.182754516601563 0.0628128051757813 0.0676231384277344
0.205734252929688 0.10223388671875 0.131980895996094 0.0990142822265625
0.1788330078125 -0.0453338623046875 0.160537719726563 -0.0029296875
0.106697082519531 -0.123207092285156 0.10540771484375 -0.0760650634765625
-0.0149688720703125 -0.141708374023437 0.0066070556640625 -0.0989913940429688
-0.0852203369140625 -0.115966796875 -0.0387153625488281 -0.0503807067871094
-0.0778274536132812 -0.114463806152344 -0.0215854644775391 0.00266838073730468
-0.1033935546875 -0.109672546386719 -0.0189876556396484 0.0256538391113281
-0.0653610229492188 -0.1241455078125 -0.0348739624023438 0.0491828918457031
0.010040283203125 -0.154251098632813 -0.0503997802734375 0.0486640930175781
0.102340698242188 -0.12786865234375 -0.0863189697265625 0.00277709960937497
0.195465087890625 0.0045166015625 -0.0868606567382812 -0.0505523681640625
0.180831909179688 0.105911254882813 -0.0394210815429687 -0.081207275390625
0.112472534179687 0.21533203125 -0.00758075714111327 -0.00895595550537108
0.023406982421875 0.230941772460938 0.115127563476563 0.051910400390625
0.072113037109375 0.202667236328125 0.0789871215820312 0.122222900390625
0.19195556640625 0.13800048828125 0.118263244628906 0.12567138671875
0.188369750976563 -0.0213775634765625 0.143463134765625 0.0392608642578125
0.121658325195313 -0.116401672363281 0.101600646972656 -0.026824951171875
-0.0069427490234375 -0.147171020507813 0.0263862609863281 -0.0500106811523438
-0.0833892822265625 -0.119438171386719 -0.000939369201660161 -0.0110816955566406
-0.0786590576171875 -0.117073059082031 0.0146064758300781 0.0334587097167969
-0.1065673828125 -0.112098693847656 0.0169868469238281 0.0557861328125
-0.0703964233398437 -0.126174926757813 -0.00657653808593751 0.084014892578125
0.00805664062499998 -0.157119750976563 -0.0310821533203125 0.0790939331054687
0.101966857910156 -0.125274658203125 -0.0775375366210937 0.0319061279296875
0.18927001953125 0.0147857666015625 -0.0815887451171875 -0.02935791015625
0.158218383789063 0.11712646484375 -0.0114059448242187 -0.0522193908691406
0.076385498046875 0.208602905273437 0.0160789489746094 0.0590400695800781
-0.0220947265625 0.175857543945312 0.117172241210938 0.129707336425781
0.024688720703125 0.176498413085938 0.0844879150390625 0.166839599609375
0.138435363769531 0.139457702636719 0.0972137451171875 0.1390380859375
0.15704345703125 0.0020751953125 0.117340087890625 0.0702056884765625
0.108222961425781 -0.0876846313476563 0.0884857177734375 0.0172119140625
-0.000389099121093759 -0.125411987304688 0.0410919189453125 -0.00290298461914063
-0.0692977905273438 -0.103805541992188 0.0347518920898437 0.02520751953125
-0.067901611328125 -0.102035522460938 0.0489997863769531 0.0591278076171875
-0.093017578125 -0.100593566894531 0.05157470703125 0.0839080810546875
-0.0622177124023438 -0.113021850585938 0.0189743041992187 0.114425659179688
0.0110321044921875 -0.141006469726563 -0.0167922973632812 0.105087280273437
0.0956649780273437 -0.104957580566406 -0.0710220336914063 0.0550765991210937
0.163162231445313 0.031768798828125 -0.077392578125 -0.0134353637695313
0.113784790039063 0.122322082519531 0.0112400054931641 -0.0247707366943359
0.0266571044921875 0.179763793945313 0.0292587280273438 0.120742797851563
-0.0616836547851563 0.0892257690429688 0.109176635742187 0.17926025390625
-0.0218353271484375 0.1153564453125 0.084228515625 0.19122314453125
0.0650100708007813 0.106475830078125 0.0795516967773437 0.136421203613281
0.0971755981445313 0.0155487060546875 0.094146728515625 0.087432861328125
0.0723342895507813 -0.0490188598632813 0.07501220703125 0.045074462890625
0.00202178955078126 -0.082366943359375 0.052703857421875 0.0316658020019531
-0.0451736450195313 -0.070953369140625 0.0628433227539063 0.0513725280761719
-0.0472412109375 -0.0718231201171875 0.0751419067382813 0.07659912109375
-0.06524658203125 -0.0748214721679688 0.0802230834960938 0.105720520019531
-0.0443344116210938 -0.0856857299804688 0.038818359375 0.139122009277344
0.0146560668945312 -0.107185363769531 -0.0110092163085937 0.127174377441406
0.0801773071289063 -0.0722122192382813 -0.071685791015625 0.0748214721679688
0.119705200195313 0.0457992553710938 -0.0778121948242187 -0.00156402587890623
0.0571823120117188 0.112442016601563 0.0227775573730469 0.00163078308105469
-0.0276031494140625 0.12713623046875 0.0264434814453125 0.170059204101563
0.0729141235351563 -0.040435791015625 -0.04058837890625 -0.2021484375
-0.0111770629882813 -0.0733108520507813 -0.0321922302246094 -0.0237903594970703
-0.0625038146972656 -0.0289115905761719 0.0900726318359375 0.00421142578125
-0.0523529052734375 0.0273551940917969 0.108963012695313 -0.0918960571289063
-0.0158882141113281 0.0510482788085938 0.0326995849609375 -0.149551391601563
0.025970458984375 0.0475845336914062 -0.05419921875 -0.160018920898438
0.0275650024414062 0.0312442779541016 -0.115264892578125 -0.120330810546875
0.0197372436523438 0.0287857055664063 -0.099151611328125 -0.0866851806640625
0.0172920227050781 0.0310001373291016 -0.0852127075195313 -0.0648651123046875
-0.00426292419433594 0.0294094085693359 -0.070831298828125 -0.059844970703125
-0.0282020568847656 0.00881004333496093 -0.0783004760742187 -0.0599822998046875
-0.0273551940917969 -0.0354652404785156 -0.0882034301757813 -0.09686279296875
0.0217742919921875 -0.0575752258300781 -0.068145751953125 -0.153076171875
0.0732498168945313 -0.0378952026367188 -0.0895538330078125 -0.201004028320312
0.102096557617188 -0.002227783203125 -0.09881591796875 -0.217803955078125
0.108650207519531 0.0512771606445312 -0.0095062255859375 -0.211135864257813
0.0480117797851562 -0.0198936462402344 -0.0183086395263672 -0.031097412109375
0.0172595977783203 -0.0235137939453125 0.106491088867188 0.0127410888671875
-0.00168037414550781 -0.0121479034423828 0.127189636230469 -0.0922164916992188
0.00345945358276367 -0.00657320022583008 0.0496673583984375 -0.158599853515625
0.00130605697631836 -0.00543642044067383 -0.0531005859375 -0.16973876953125
-0.0153312683105469 -0.011052131652832 -0.118019104003906 -0.121292114257813
-0.0138950347900391 -0.0178241729736328 -0.0986709594726562 -0.0793228149414063
-0.0197334289550781 -0.0174922943115234 -0.0868377685546875 -0.058135986328125
-0.0140037536621094 -0.02520751953125 -0.076751708984375 -0.0490875244140625
5.72204589843752E-05 -0.0425186157226563 -0.0814895629882812 -0.0469284057617188
0.03472900390625 -0.0574684143066406 -0.0927658081054688 -0.0869293212890625
0.0908660888671875 -0.0178909301757812 -0.076416015625 -0.136146545410156
0.119674682617188 0.0280685424804688 -0.0904693603515625 -0.181747436523438
0.124855041503906 0.090789794921875 -0.0843353271484375 -0.196197509765625
0.122360229492188 0.143463134765625 0.0318450927734375 -0.186508178710938
0.09722900390625 0.052947998046875 0.00726890563964844 -0.0173215866088867
0.104988098144531 0.00308990478515625 0.126174926757813 0.0335235595703125
0.0642929077148438 -0.0443878173828125 0.150115966796875 -0.078948974609375
0.0344047546386719 -0.0645866394042969 0.0734710693359375 -0.15283203125
-0.0153045654296875 -0.0629692077636719 -0.03985595703125 -0.165252685546875
-0.0526275634765625 -0.0553817749023437 -0.104164123535156 -0.110061645507813
-0.0454177856445312 -0.0622215270996094 -0.0827789306640625 -0.0595474243164063
-0.0570449829101562 -0.0617790222167969 -0.0762710571289063 -0.0365676879882812
-0.0318450927734375 -0.073272705078125 -0.0741653442382813 -0.0218429565429687
0.0131683349609375 -0.0938339233398437 -0.0805435180664062 -0.0191421508789063
0.0772933959960938 -0.0888748168945313 -0.0995254516601563 -0.0632095336914062
0.150558471679688 -0.0014801025390625 -0.0887985229492188 -0.111053466796875
0.16192626953125 0.0716094970703125 -0.08587646484375 -0.151412963867188
0.1405029296875 0.162338256835937 -0.064239501953125 -0.14715576171875
0.108474731445313 0.216796875 0.0720138549804687 -0.126541137695313
0.12158203125 0.130943298339844 0.0371627807617188 0.0189208984375
0.180938720703125 0.0496673583984375 0.1402587890625 0.0660476684570313
0.135360717773438 -0.058837890625 0.16693115234375 -0.047576904296875
0.0740203857421875 -0.110870361328125 0.096282958984375 -0.125747680664063
-0.0213241577148438 -0.114265441894531 -0.017486572265625 -0.142410278320312
-0.07928466796875 -0.0936126708984375 -0.0770187377929687 -0.0855484008789063
-0.0701141357421875 -0.09820556640625 -0.0555839538574219 -0.0305213928222656
-0.089385986328125 -0.0944366455078125 -0.052642822265625 -0.00553894042968751
-0.0535049438476563 -0.107879638671875 -0.0599403381347656 0.014678955078125
0.0129470825195313 -0.135528564453125 -0.0705795288085938 0.0159759521484375
0.0984649658203125 -0.119186401367188 -0.10009765625 -0.030303955078125
0.190170288085938 9.1552734375E-05 -0.0952072143554688 -0.080474853515625
0.188796997070313 0.09466552734375 -0.0695953369140625 -0.117774963378906
0.140350341796875 0.207778930664062 -0.0387802124023438 -0.0822296142578125
0.0747222900390625 0.252304077148438 0.102027893066406 -0.0403594970703125
0.113525390625 0.190567016601563 0.0634536743164063 0.0718765258789063
0.218582153320313 0.1031494140625 0.141571044921875 0.102691650390625
0.185714721679688 -0.0495147705078125 0.16754150390625 -0.004730224609375
0.108970642089844 -0.131843566894531 0.108688354492188 -0.080474853515625
-0.0176849365234375 -0.147079467773438 0.00556182861328126 -0.1021728515625
-0.0910720825195313 -0.117225646972656 -0.0409507751464844 -0.0509719848632813
-0.0835723876953125 -0.117996215820312 -0.0207386016845703 0.00297927856445312
-0.109626770019531 -0.111251831054688 -0.0181961059570313 0.0281505584716797
-0.07000732421875 -0.126739501953125 -0.0349159240722656 0.0535392761230469
0.00732421874999998 -0.159881591796875 -0.0525169372558594 0.0518760681152344
0.104728698730469 -0.135932922363281 -0.0923690795898438 0.00397491455078124
0.205718994140625 0.0019378662109375 -0.0931625366210938 -0.052276611328125
0.189605712890625 0.108795166015625 -0.0434722900390625 -0.0847702026367188
0.121307373046875 0.224288940429688 -0.0094461441040039 -0.0100240707397461
0.028045654296875 0.240127563476563 0.118965148925781 0.0532073974609375
0.078460693359375 0.211761474609375 0.0808334350585938 0.128196716308594
0.20361328125 0.1397705078125 0.12713623046875 0.130271911621094
0.19635009765625 -0.0245513916015625 0.14996337890625 0.0391693115234375
0.124343872070313 -0.123550415039062 0.1055908203125 -0.0281219482421875
-0.008941650390625 -0.152206420898438 0.02642822265625 -0.0508689880371094
-0.0881881713867187 -0.1214599609375 -0.000798225402832036 -0.010828971862793
-0.0847930908203125 -0.120613098144531 0.0173320770263672 0.0342540740966797
-0.112869262695312 -0.1143798828125 0.0196151733398437 0.0597991943359375
-0.0755996704101562 -0.129058837890625 -0.00487518310546876 0.0894317626953125
0.0046539306640625 -0.1629638671875 -0.031280517578125 0.0830764770507812
0.103759765625 -0.132057189941406 -0.0821075439453125 0.0331344604492187
0.1978759765625 0.0130157470703125 -0.0880050659179687 -0.0296249389648437
0.165786743164063 0.120361328125 -0.0138587951660156 -0.0559616088867187
0.0832366943359375 0.218109130859375 0.0166282653808594 0.0603370666503906
-0.0196075439453125 0.1839599609375 0.121994018554688 0.134063720703125
0.028045654296875 0.18499755859375 0.0876922607421875 0.173110961914063
0.14788818359375 0.142349243164063 0.104263305664063 0.143417358398438
0.163375854492188 -0.0003662109375 0.123405456542969 0.0717697143554688
0.110855102539063 -0.0942459106445313 0.0929107666015625 0.0166091918945312
-0.00302886962890624 -0.129165649414063 0.042205810546875 -0.00259399414062501
-0.0741424560546875 -0.1048583984375 0.0365066528320313 0.0261764526367187
-0.0733413696289063 -0.104736328125 0.0532455444335937 0.0607528686523437
-0.0995635986328125 -0.101921081542969 0.0563201904296875 0.0875473022460937
-0.0668258666992188 -0.115325927734375 0.0224990844726563 0.120361328125
0.00773620605468749 -0.146560668945313 -0.0167617797851562 0.109962463378906
0.0977401733398438 -0.110374450683594 -0.0743408203125 0.0584640502929687
0.171539306640625 0.0301971435546875 -0.0828170776367187 -0.0126419067382812
0.12017822265625 0.125930786132813 0.0102062225341797 -0.0272331237792969
0.0309295654296875 0.188201904296875 0.0313339233398438 0.124443054199219
-0.0620880126953125 0.09429931640625 0.1148681640625 0.1865234375
-0.0197372436523438 0.120574951171875 0.089508056640625 0.198028564453125
0.0713119506835938 0.108345031738281 0.0838775634765625 0.14111328125
0.10028076171875 0.0142822265625 0.0992507934570312 0.0889968872070313
0.0742721557617188 -0.052734375 0.079254150390625 0.0459060668945313
0.00108337402343751 -0.0848770141601562 0.0546455383300781 0.032867431640625
-0.0487060546875 -0.0712661743164063 0.0668106079101563 0.053009033203125
-0.051239013671875 -0.0736465454101563 0.081451416015625 0.0781631469726563
-0.0700912475585938 -0.0756607055664063 0.086456298828125 0.11041259765625
-0.0477218627929688 -0.0873565673828125 0.042999267578125 0.14642333984375
0.0116348266601562 -0.11163330078125 -0.00997161865234376 0.13275146484375
0.0814743041992188 -0.0760955810546875 -0.074859619140625 0.0781631469726563
0.125755310058594 0.0456619262695313 -0.0836715698242187 -0.000892639160156229
0.0606765747070313 0.116775512695313 0.0230751037597656 -0.000841140747070305
-0.0266265869140625 0.132492065429688 0.0297088623046875 0.1751708984375
0.0733718872070313 -0.0457763671875 -0.052520751953125 -0.208511352539062
-0.0143966674804688 -0.075531005859375 -0.0345306396484375 -0.0212078094482422
-0.0659065246582031 -0.0270462036132813 0.0957565307617188 0.0013885498046875
-0.0532875061035156 0.0318717956542969 0.111701965332031 -0.100822448730469
-0.0137825012207031 0.0546722412109375 0.0293426513671875 -0.158340454101563
0.0300064086914063 0.0478057861328125 -0.062225341796875 -0.16644287109375
0.0310802459716797 0.0298728942871094 -0.126266479492188 -0.121368408203125
0.0224037170410156 0.0283260345458984 -0.109100341796875 -0.0875930786132812
0.0187549591064453 0.0305938720703125 -0.0933456420898438 -0.0651931762695312
-0.00238990783691406 0.0293941497802734 -0.077423095703125 -0.0605621337890625
-0.0280475616455078 0.0101718902587891 -0.0861434936523438 -0.0596923828125
-0.0300064086914062 -0.0359420776367188 -0.0977096557617188 -0.0986862182617187
0.0202369689941406 -0.0607185363769531 -0.0765228271484375 -0.158172607421875
0.0751953125 -0.0421295166015625 -0.100921630859375 -0.208023071289063
0.105796813964844 -0.00711822509765625 -0.112594604492188 -0.2254638671875
0.115715026855469 0.0492019653320313 -0.020843505859375 -0.220016479492187
0.0496940612792969 -0.0210685729980469 -0.0211811065673828 -0.0289707183837891
0.0179634094238281 -0.0241012573242188 0.113525390625 0.00960540771484375
-0.00129127502441406 -0.0120162963867188 0.131118774414063 -0.101951599121094
0.00240373611450195 -0.00629234313964844 0.0465240478515625 -0.168121337890625
0.00212621688842773 -0.00530481338500976 -0.0613861083984375 -0.176040649414063
-0.0151681900024414 -0.0115060806274414 -0.128585815429688 -0.122207641601563
-0.0154056549072266 -0.0188579559326172 -0.10711669921875 -0.080047607421875
-0.0215187072753906 -0.018280029296875 -0.09503173828125 -0.0579299926757812
-0.0146102905273437 -0.0266990661621094 -0.0830230712890625 -0.0487594604492187
0.000396728515625 -0.0443572998046875 -0.088714599609375 -0.0461883544921875
0.0349464416503906 -0.0611305236816406 -0.102806091308594 -0.0880584716796875
0.0948028564453125 -0.0212020874023437 -0.0850067138671875 -0.14105224609375
0.125999450683594 0.025665283203125 -0.1019287109375 -0.187820434570313
0.134262084960938 0.0914993286132813 -0.0961761474609375 -0.204238891601562
0.133941650390625 0.145309448242188 0.0231781005859375 -0.195022583007813
0.103385925292969 0.0531997680664063 0.00563335418701172 -0.0159187316894531
0.112190246582031 -0.00080108642578125 0.135566711425781 0.030548095703125
0.066925048828125 -0.0486106872558594 0.155181884765625 -0.0879058837890625
0.0330009460449219 -0.0691337585449219 0.0720367431640625 -0.162811279296875
-0.0179443359375 -0.0641021728515625 -0.0473785400390625 -0.171737670898438
-0.0566673278808594 -0.0558853149414062 -0.113418579101562 -0.110832214355469
-0.0504684448242187 -0.0646858215332031 -0.0893707275390625 -0.0598678588867188
-0.0630073547363281 -0.0617828369140625 -0.081939697265625 -0.0353240966796875
-0.0355453491210937 -0.0759658813476563 -0.0791473388671875 -0.0192947387695313
0.0110549926757812 -0.0986175537109375 -0.0864944458007813 -0.0168914794921875
0.0782852172851563 -0.0959091186523438 -0.109390258789063 -0.0630874633789063
0.158035278320313 -0.00653076171875 -0.0979232788085938 -0.113670349121094
0.172271728515625 0.0694122314453125 -0.0963592529296875 -0.156219482421875
0.153457641601563 0.166412353515625 -0.0746002197265625 -0.152862548828125
0.123550415039062 0.22381591796875 0.06707763671875 -0.133918762207031
0.13226318359375 0.134384155273438 0.037811279296875 0.0207748413085938
0.194122314453125 0.044586181640625 0.15203857421875 0.0640716552734375
0.14013671875 -0.0666656494140625 0.17413330078125 -0.0567474365234375
0.0729904174804687 -0.119712829589844 0.0973739624023438 -0.136146545410156
-0.0263671875 -0.118186950683594 -0.023712158203125 -0.14825439453125
-0.0853118896484375 -0.0944442749023438 -0.0836563110351562 -0.0868606567382813
-0.0777969360351563 -0.100906372070313 -0.0592842102050781 -0.0307083129882813
-0.0979080200195312 -0.0945816040039063 -0.0550994873046875 -0.00303268432617188
-0.0595245361328125 -0.111167907714844 -0.0619735717773438 0.0189170837402344
0.00778198242187499 -0.142669677734375 -0.0741424560546875 0.0202178955078125
0.0992202758789063 -0.128768920898438 -0.108749389648438 -0.0279464721679687
0.200790405273438 -0.0071563720703125 -0.104148864746094 -0.0814285278320313
0.200958251953125 0.0928955078125 -0.0787582397460937 -0.121780395507813
0.155838012695313 0.213348388671875 -0.044921875 -0.0855178833007812
0.0886993408203125 0.262542724609375 0.102867126464844 -0.0454254150390625
0.126861572265625 0.197891235351563 0.0670547485351563 0.0744094848632813
0.2353515625 0.099151611328125 0.154556274414063 0.1011962890625
0.192764282226562 -0.0589752197265625 0.176895141601563 -0.01129150390625
0.108505249023437 -0.143280029296875 0.111541748046875 -0.088134765625
-0.0238494873046875 -0.151870727539063 0.00200653076171874 -0.105491638183594
-0.0999984741210938 -0.117767333984375 -0.0436935424804688 -0.0505905151367188
-0.0935592651367187 -0.120491027832031 -0.0204505920410156 0.00248718261718749
-0.120132446289063 -0.111610412597656 -0.0177516937255859 0.03106689453125
-0.078399658203125 -0.128929138183594 -0.0338668823242188 0.058441162109375
0.000732421874999981 -0.1669921875 -0.0537261962890625 0.0570487976074219
0.104141235351563 -0.146560668945313 -0.099578857421875 0.00814056396484374
0.216445922851563 -0.005645751953125 -0.101333618164062 -0.051239013671875
0.2030029296875 0.107681274414063 -0.050140380859375 -0.089385986328125
0.137054443359375 0.232147216796875 -0.0107488632202148 -0.0107021331787109
0.040069580078125 0.252090454101563 0.1239013671875 0.0521392822265625
0.0899505615234375 0.221099853515625 0.086578369140625 0.132072448730469
0.221282958984375 0.137863159179688 0.139381408691406 0.131103515625
0.204620361328125 -0.0340576171875 0.159439086914063 0.0352630615234375
0.124870300292969 -0.135536193847656 0.109832763671875 -0.0333251953125
-0.01593017578125 -0.15850830078125 0.0256309509277344 -0.0530853271484375
-0.09759521484375 -0.121421813964844 -0.000732421875000006 -0.0104179382324219
-0.0953369140625 -0.122406005859375 0.0213565826416016 0.0350341796875
-0.124374389648438 -0.113792419433594 0.0241889953613281 0.0631370544433594
-0.0838470458984375 -0.130294799804688 -0.00112152099609375 0.0946502685546875
-0.00309753417968751 -0.170318603515625 -0.0309600830078125 0.0889816284179688
0.10369873046875 -0.143447875976562 -0.087066650390625 0.0395278930664062
0.208267211914063 0.0053863525390625 -0.09423828125 -0.0270462036132813
0.178070068359375 0.120208740234375 -0.0177764892578125 -0.05877685546875
0.096771240234375 0.226470947265625 0.0192680358886719 0.0616264343261719
-0.0125885009765625 0.194427490234375 0.131370544433594 0.136833190917969
0.0371856689453125 0.193572998046875 0.0959625244140625 0.179397583007813
0.162765502929688 0.142822265625 0.114974975585938 0.145767211914063
0.170974731445313 -0.0070343017578125 0.132003784179688 0.071319580078125
0.111831665039062 -0.105216979980469 0.0983505249023437 0.0145721435546875
-0.00820922851562499 -0.134811401367188 0.0445098876953125 -0.00255203247070313
-0.0816268920898437 -0.104293823242188 0.0404052734375 0.0269279479980469
-0.0821914672851562 -0.105537414550781 0.0601806640625 0.0611038208007812
-0.108787536621094 -0.101287841796875 0.0649566650390625 0.0908279418945313
-0.0750350952148438 -0.116744995117188 0.0291061401367188 0.126388549804688
0.000122070312499984 -0.153060913085938 -0.0135879516601562 0.116127014160156
0.0976943969726562 -0.120811462402344 -0.0776748657226563 0.0647048950195313
0.18145751953125 0.0247344970703125 -0.0890121459960938 -0.00946044921875
0.131149291992188 0.127731323242188 0.00903511047363282 -0.0309162139892578
0.0406951904296875 0.196914672851563 0.0379562377929687 0.128532409667969
-0.0609054565429688 0.101585388183594 0.12603759765625 0.192123413085938
-0.01611328125 0.127662658691406 0.0986785888671875 0.2044677734375
0.0801315307617188 0.1099853515625 0.0929718017578125 0.14447021484375
0.104766845703125 0.0108566284179688 0.108139038085937 0.0906906127929688
0.0750579833984375 -0.0594406127929688 0.0857925415039063 0.0457763671875
-0.00260925292968749 -0.08795166015625 0.05889892578125 0.0345268249511719
-0.0542984008789062 -0.0711212158203125 0.0728378295898438 0.0535125732421875
-0.056976318359375 -0.0736160278320313 0.0902252197265625 0.079498291015625
-0.07733154296875 -0.0756149291992188 0.0971145629882813 0.112457275390625
-0.0535202026367187 -0.0883712768554687 0.0513458251953125 0.15228271484375
0.00620269775390624 -0.116477966308594 -0.00569915771484375 0.138847351074219
0.0823440551757812 -0.0838470458984375 -0.0763473510742188 0.0856857299804688
0.134391784667969 0.0417938232421875 -0.0890350341796875 0.00220489501953127
0.0686569213867187 0.119491577148438 0.0233135223388672 -0.00375556945800781
-0.0216445922851563 0.139808654785156 0.038360595703125 0.181411743164063
0.072265625 -0.0521774291992188 -0.067718505859375 -0.210845947265625
-0.0192489624023437 -0.0756912231445313 -0.0360641479492187 -0.0170669555664063
-0.0683860778808594 -0.0226593017578125 0.0999069213867188 -0.0042877197265625
-0.0520553588867188 0.0368156433105469 0.109748840332031 -0.111061096191406
-0.0101585388183594 0.0584220886230469 0.0215911865234375 -0.165496826171875
0.0349044799804688 0.0469474792480469 -0.073944091796875 -0.169784545898437
0.0345039367675781 0.0270195007324219 -0.13873291015625 -0.117538452148438
0.0248031616210938 0.0267753601074219 -0.120025634765625 -0.08355712890625
0.0210609436035156 0.0291252136230469 -0.102066040039062 -0.0623626708984375
0.000230789184570314 0.0291843414306641 -0.084716796875 -0.058349609375
-0.0262699127197266 0.0119132995605469 -0.0938873291015625 -0.0571136474609375
-0.0330448150634766 -0.0343952178955078 -0.1082763671875 -0.0964736938476563
0.0169639587402344 -0.0629653930664063 -0.087432861328125 -0.16058349609375
0.07415771484375 -0.0473403930664062 -0.115966796875 -0.210037231445313
0.108802795410156 -0.0142059326171875 -0.12945556640625 -0.227569580078125
0.122207641601563 0.0434799194335938 -0.0369415283203125 -0.223190307617188
0.0502662658691406 -0.0236701965332031 -0.0232467651367187 -0.0254344940185547
0.0185317993164063 -0.0250759124755859 0.119392395019531 0.0033111572265625
-0.00157451629638672 -0.0111265182495117 0.129898071289063 -0.112739562988281
0.00298261642456055 -0.00636863708496094 0.0390625 -0.1767578125
0.00277900695800781 -0.00619697570800781 -0.07305908203125 -0.178970336914062
-0.0158653259277344 -0.0125808715820312 -0.140571594238281 -0.117820739746094
-0.0167694091796875 -0.0194759368896484 -0.116653442382813 -0.0763702392578125
-0.0239772796630859 -0.0182418823242188 -0.103675842285156 -0.054229736328125
-0.0155620574951172 -0.02764892578125 -0.089630126953125 -0.0457992553710938
-0.00108718872070313 -0.0465354919433594 -0.095458984375 -0.0425949096679687
0.0325584411621094 -0.0648841857910156 -0.113761901855469 -0.0857162475585937
0.096405029296875 -0.0271224975585938 -0.0966033935546875 -0.1416015625
0.131172180175781 0.0199432373046875 -0.1168212890625 -0.189056396484375
0.144454956054688 0.08599853515625 -0.112884521484375 -0.205490112304688
0.147613525390625 0.142623901367188 0.00970458984375002 -0.201324462890625
0.110298156738281 0.0507888793945313 0.00360774993896485 -0.0134134292602539
0.117462158203125 -0.00720977783203125 0.14398193359375 0.0229949951171875
0.0670318603515625 -0.0535163879394531 0.15576171875 -0.100112915039063
0.029388427734375 -0.0732803344726563 0.0649261474609375 -0.17254638671875
-0.0215530395507813 -0.0654830932617187 -0.058502197265625 -0.173858642578125
-0.0611228942871094 -0.0545692443847656 -0.124000549316406 -0.107284545898437
-0.0564613342285156 -0.0640983581542969 -0.0967788696289063 -0.0563583374023437
-0.0693550109863281 -0.0606346130371094 -0.087982177734375 -0.0310287475585938
-0.0404205322265625 -0.0767822265625 -0.0832672119140625 -0.0156097412109375
0.00662231445312499 -0.102432250976563 -0.0915451049804688 -0.0118560791015625
0.0752944946289062 -0.1044921875 -0.119590759277344 -0.0584182739257813
0.1641845703125 -0.01611328125 -0.108535766601562 -0.112007141113281
0.181488037109375 0.062469482421875 -0.110061645507813 -0.157012939453125
0.169631958007813 0.163467407226563 -0.0870819091796875 -0.15460205078125
0.1417236328125 0.224151611328125 0.058685302734375 -0.141159057617188
0.145034790039063 0.133544921875 0.0382003784179688 0.021942138671875
0.2052001953125 0.0334625244140625 0.163345336914063 0.0555419921875
0.140945434570313 -0.07708740234375 0.177413940429688 -0.068359375
0.0670394897460938 -0.129043579101563 0.0929107666015625 -0.145492553710938
-0.0333938598632812 -0.119728088378906 -0.0332489013671875 -0.150543212890625
-0.0938186645507813 -0.0915145874023438 -0.091766357421875 -0.083740234375
-0.0872421264648438 -0.0992202758789062 -0.0624923706054688 -0.028533935546875
-0.10791015625 -0.0908584594726563 -0.0569610595703125 0.000907897949218745
-0.0674285888671875 -0.11090087890625 -0.0623283386230469 0.0239677429199219
-0.000244140624999995 -0.147415161132812 -0.0769729614257813 0.0262451171875
0.094696044921875 -0.14031982421875 -0.11676025390625 -0.0215911865234375
0.208358764648438 -0.0193634033203125 -0.113243103027344 -0.0775909423828125
0.212966918945313 0.0855712890625 -0.0903396606445313 -0.121627807617187
0.176239013671875 0.213302612304687 -0.05255126953125 -0.0856781005859375
0.10888671875 0.2659912109375 0.100448608398438 -0.0513687133789062
0.143585205078125 0.199661254882813 0.0710525512695313 0.0753021240234375
0.251968383789063 0.0868682861328125 0.166549682617188 0.09466552734375
0.196990966796875 -0.0728759765625 0.182098388671875 -0.0217132568359375
0.102828979492188 -0.1556396484375 0.110298156738281 -0.0974807739257813
-0.03350830078125 -0.155136108398438 -0.00390625000000001 -0.107681274414063
-0.109519958496094 -0.113922119140625 -0.0483245849609375 -0.0488433837890625
-0.104843139648437 -0.119277954101563 -0.0198917388916016 0.00403022766113281
-0.132362365722656 -0.106735229492187 -0.0156459808349609 0.0340461730957031
-0.0878677368164062 -0.127899169921875 -0.0304527282714844 0.0637588500976562
-0.01104736328125 -0.171981811523438 -0.0532455444335938 0.0623321533203125
0.0992889404296875 -0.15911865234375 -0.104866027832031 0.0145263671875
0.224853515625 -0.019927978515625 -0.10906982421875 -0.0463104248046875
0.216201782226563 0.0998992919921875 -0.0585479736328125 -0.0899887084960938
0.1568603515625 0.233428955078125 -0.0126876831054687 -0.0109577178955078
0.0572662353515625 0.258819580078125 0.128334045410156 0.0471267700195313
0.106552124023438 0.224411010742188 0.0947036743164063 0.133255004882813
0.239364624023438 0.128494262695313 0.152877807617188 0.126068115234375
0.209426879882813 -0.0480194091796875 0.166717529296875 0.0278167724609375
0.120025634765625 -0.14923095703125 0.112289428710938 -0.0408096313476563
-0.026031494140625 -0.161514282226563 0.0237808227539063 -0.0542984008789063
-0.107421875 -0.1173095703125 -0.000806808471679694 -0.00958824157714844
-0.106513977050781 -0.120292663574219 0.0255641937255859 0.0340900421142578
-0.136306762695313 -0.107925415039063 0.0305747985839844 0.0651283264160156
-0.0941696166992187 -0.128196716308594 0.00611114501953124 0.0999679565429687
-0.0149078369140625 -0.175125122070313 -0.0275650024414062 0.094024658203125
0.0972442626953125 -0.155654907226563 -0.0897140502929687 0.0460052490234375
0.217147827148438 -0.0083770751953125 -0.100990295410156 -0.0217971801757813
0.191665649414063 0.1134033203125 -0.0236053466796875 -0.0611953735351563
0.115585327148437 0.229888916015625 0.0235214233398438 0.0625076293945313
-1.52587890625099E-05 0.20166015625 0.1409912109375 0.134735107421875
0.0512542724609375 0.19891357421875 0.10699462890625 0.180526733398438
0.178665161132813 0.135665893554688 0.127777099609375 0.143157958984375
0.175277709960938 -0.018829345703125 0.140525817871094 0.0663681030273437
0.107772827148438 -0.116416931152344 0.103103637695313 0.00904846191406249
-0.0173797607421875 -0.138298034667969 0.0457038879394531 -0.00369262695312501
-0.0901260375976563 -0.101333618164063 0.0442581176757812 0.0262718200683594
-0.0924835205078125 -0.103507995605469 0.0675544738769531 0.0590095520019531
-0.119674682617187 -0.096343994140625 0.0743179321289062 0.0904769897460938
-0.0844573974609375 -0.114448547363281 0.0389328002929687 0.130294799804688
-0.01043701171875 -0.157394409179688 -0.00762176513671875 0.120773315429688
0.092529296875 -0.132232666015625 -0.0774002075195313 0.0723800659179687
0.190200805664062 0.0136871337890625 -0.0941696166992187 -0.00335693359375
0.143173217773437 0.124496459960937 0.00562095642089845 -0.0337295532226563
0.0551910400390625 0.201873779296875 0.0473175048828125 0.129898071289063
-0.0554656982421875 0.108985900878906 0.139572143554688 0.191513061523438
-0.00801086425781251 0.132583618164062 0.112380981445313 0.20654296875
0.0911102294921875 0.10748291015625 0.103927612304688 0.144073486328125
0.108177185058594 0.0037078857421875 0.116783142089844 0.0881271362304688
0.07147216796875 -0.0665512084960938 0.0922622680664063 0.041748046875
-0.00881195068359376 -0.0907669067382813 0.0629463195800781 0.0321083068847656
-0.0601310729980469 -0.0681304931640625 0.0794525146484375 0.051300048828125
-0.06463623046875 -0.0710372924804687 0.0998687744140625 0.0751266479492188
-0.0855026245117187 -0.0724334716796875 0.109809875488281 0.111297607421875
-0.060882568359375 -0.08642578125 0.0633697509765625 0.155014038085938
-0.00257110595703124 -0.120223999023437 0.00141906738281249 0.144439697265625
0.0788497924804688 -0.0928497314453125 -0.0748977661132812 0.093353271484375
0.141937255859375 0.0344696044921875 -0.0927658081054687 0.00843811035156249
0.078277587890625 0.119598388671875 0.0226860046386719 -0.00736618041992187
-0.013763427734375 0.146957397460937 0.0513153076171875 0.184600830078125
0.068756103515625 -0.0568923950195313 -0.0812225341796875 -0.2052001953125
-0.0235748291015625 -0.0740203857421875 -0.0361671447753906 -0.0127754211425781
-0.0686759948730469 -0.0182037353515625 0.100921630859375 -0.0102081298828125
-0.0489501953125 0.0408096313476562 0.104476928710937 -0.118095397949219
-0.00502395629882813 0.0602455139160156 0.0129241943359375 -0.1680908203125
0.039215087890625 0.0434341430664062 -0.0841827392578125 -0.167617797851563
0.0359611511230469 0.022705078125 -0.147445678710937 -0.109359741210938
0.0267429351806641 0.0237884521484375 -0.127220153808594 -0.0760879516601562
0.0231781005859375 0.0271015167236328 -0.108184814453125 -0.0555648803710937
0.00261878967285156 0.0277194976806641 -0.0894699096679687 -0.0540084838867188
-0.0243949890136719 0.013397216796875 -0.098602294921875 -0.051727294921875
-0.0356521606445313 -0.0318527221679688 -0.115036010742188 -0.0905609130859375
0.0128517150878906 -0.0632247924804687 -0.096710205078125 -0.157424926757812
0.0713119506835938 -0.05133056640625 -0.128982543945312 -0.204086303710938
0.108016967773438 -0.0211181640625 -0.144012451171875 -0.2203369140625
0.124351501464844 0.0360260009765625 -0.0519866943359375 -0.220001220703125
0.049224853515625 -0.0251502990722656 -0.0249500274658203 -0.0214271545410156
0.0184040069580078 -0.0258331298828125 0.121528625488281 -0.0047149658203125
-0.00116825103759766 -0.0103940963745117 0.124420166015625 -0.120964050292969
0.00317907333374023 -0.00611114501953125 0.0290679931640625 -0.179489135742188
0.00371789932250977 -0.00652885437011719 -0.083953857421875 -0.175750732421875
-0.0166864395141602 -0.012359619140625 -0.1484375 -0.108978271484375
-0.0186920166015625 -0.0197620391845703 -0.123321533203125 -0.0690078735351563
-0.0249538421630859 -0.0172767639160156 -0.10845947265625 -0.0469894409179688
-0.016387939453125 -0.0283145904541016 -0.0936050415039063 -0.040435791015625
-0.00242996215820313 -0.0465164184570313 -0.0993576049804687 -0.0367507934570312
0.0288658142089844 -0.06732177734375 -0.120719909667969 -0.0789031982421875
0.095306396484375 -0.0316543579101563 -0.105323791503906 -0.137336730957031
0.132766723632813 0.0133514404296875 -0.129776000976563 -0.183181762695313
0.150863647460938 0.07818603515625 -0.12677001953125 -0.199813842773438
0.156570434570313 0.134063720703125 -0.00497436523437498 -0.20025634765625
0.114784240722656 0.0461196899414063 0.00223159790039063 -0.0109977722167969
0.118759155273438 -0.014984130859375 0.146682739257813 0.0133209228515625
0.064910888671875 -0.0577163696289062 0.151168823242188 -0.109451293945313
0.0248031616210938 -0.0755386352539063 0.0555572509765625 -0.176559448242187
-0.0245361328125 -0.0638160705566406 -0.068572998046875 -0.170745849609375
-0.0643501281738281 -0.0516166687011719 -0.131698608398438 -0.0990753173828125
-0.061279296875 -0.0616722106933594 -0.101493835449219 -0.0511703491210938
-0.0736007690429688 -0.0556411743164062 -0.0909881591796875 -0.0245895385742188
-0.0449905395507813 -0.0743789672851562 -0.0849151611328125 -0.00959014892578126
0.0012054443359375 -0.103500366210938 -0.0935287475585938 -0.00544738769531251
0.0697250366210937 -0.110237121582031 -0.125808715820313 -0.0508193969726562
0.164932250976563 -0.0254669189453125 -0.115821838378906 -0.106521606445313
0.185501098632812 0.052642822265625 -0.121231079101562 -0.151321411132812
0.181365966796875 0.15472412109375 -0.09796142578125 -0.149703979492188
0.155960083007812 0.215667724609375 0.0473175048828125 -0.14276123046875
0.15478515625 0.127059936523438 0.0383224487304688 0.0225486755371094
0.2098388671875 0.0201416015625 0.167922973632813 0.04486083984375
0.137619018554688 -0.0859756469726563 0.173782348632813 -0.0787506103515625
0.0593719482421875 -0.134201049804688 0.084136962890625 -0.15155029296875
-0.0405120849609375 -0.117622375488281 -0.0416107177734375 -0.148147583007813
-0.0991363525390625 -0.0851974487304687 -0.0969314575195312 -0.0771713256835938
-0.0947647094726563 -0.0948257446289062 -0.0647506713867188 -0.0251960754394531
-0.114875793457031 -0.0830230712890625 -0.0574073791503906 0.00509643554687501
-0.0746841430664062 -0.106819152832031 -0.0612525939941406 0.0282630920410156
-0.00950622558593749 -0.147628784179687 -0.0763092041015625 0.0313034057617187
0.0860443115234375 -0.147628784179688 -0.121322631835937 -0.0141143798828125
0.209365844726562 -0.032470703125 -0.11956787109375 -0.0719070434570313
0.218948364257813 0.0728912353515625 -0.098907470703125 -0.117660522460938
0.19097900390625 0.204498291015625 -0.0590438842773437 -0.08319091796875
0.126312255859375 0.260772705078125 0.0948028564453125 -0.056396484375
0.156524658203125 0.19305419921875 0.0734405517578125 0.07379150390625
0.25970458984375 0.0703277587890625 0.173614501953125 0.082489013671875
0.192840576171875 -0.08575439453125 0.181549072265625 -0.0324249267578125
0.092681884765625 -0.164169311523438 0.105232238769531 -0.10467529296875
-0.042694091796875 -0.153106689453125 -0.0097503662109375 -0.106552124023438
-0.115943908691406 -0.107109069824219 -0.0507011413574219 -0.0454521179199219
-0.113746643066406 -0.112831115722656 -0.0193862915039063 0.00446128845214843
-0.13995361328125 -0.0972900390625 -0.0123558044433594 0.0362091064453125
-0.0960311889648438 -0.121795654296875 -0.0261192321777344 0.0670089721679687
-0.0220489501953125 -0.171234130859375 -0.0503501892089844 0.0659599304199219
0.0890655517578125 -0.167068481445313 -0.106834411621094 0.021270751953125
0.226409912109375 -0.0349578857421875 -0.112937927246094 -0.039581298828125
0.223114013671875 0.087677001953125 -0.065765380859375 -0.0873794555664062
0.174224853515625 0.22625732421875 -0.0140676498413086 -0.0103721618652344
0.074371337890625 0.25604248046875 0.12860107421875 0.041290283203125
0.121795654296875 0.219894409179687 0.100479125976563 0.129890441894531
0.250762939453125 0.111648559570313 0.159988403320313 0.115432739257813
0.207138061523437 -0.061309814453125 0.169143676757813 0.018341064453125
0.109542846679687 -0.158721923828125 0.110298156738281 -0.04791259765625
-0.035888671875 -0.160125732421875 0.0207443237304687 -0.0543136596679688
-0.114814758300781 -0.109611511230469 -0.000572204589843756 -0.00909900665283204
-0.11517333984375 -0.113365173339844 0.0286750793457031 0.0313777923583984
-0.144363403320313 -0.0977630615234375 0.03631591796875 0.0636405944824219
-0.102447509765625 -0.121170043945313 0.0131072998046875 0.100967407226562
-0.02752685546875 -0.173233032226563 -0.0223236083984375 0.0963821411132812
0.087066650390625 -0.16314697265625 -0.0894851684570313 0.0525436401367188
0.218948364257812 -0.0220794677734375 -0.103187561035156 -0.0151901245117188
0.199172973632813 0.102691650390625 -0.0285987854003906 -0.0616607666015625
0.131881713867187 0.224319458007812 0.027008056640625 0.0604400634765625
0.0139007568359375 0.202423095703125 0.147537231445313 0.127655029296875
0.0638427734375 0.196792602539063 0.115554809570312 0.176223754882812
0.189208984375 0.123672485351563 0.135749816894531 0.13494873046875
0.174163818359375 -0.0300445556640625 0.144683837890625 0.0586395263671875
0.0993118286132812 -0.124061584472656 0.104721069335938 0.00296783447265624
-0.0260162353515625 -0.136428833007813 0.0461540222167969 -0.00436401367187501
-0.0964279174804687 -0.0943374633789063 0.0467491149902344 0.0237541198730469
-0.100013732910156 -0.0973587036132813 0.0727767944335938 0.0539703369140625
-0.127250671386719 -0.0868682861328125 0.0826339721679687 0.0864028930664063
-0.0916290283203125 -0.107780456542969 0.0486068725585937 0.129684448242188
-0.0222930908203125 -0.155364990234375 -0.00121307373046876 0.122177124023437
0.0833511352539063 -0.138938903808594 -0.0748519897460938 0.0771713256835937
0.19244384765625 0.000885009765625 -0.0953750610351562 0.00270080566406252
0.151138305664062 0.115966796875 0.00271606445312501 -0.0358238220214844
0.06976318359375 0.199539184570313 0.0557403564453125 0.12640380859375
-0.0477981567382812 0.112693786621094 0.150390625 0.18499755859375
0.000938415527343749 0.133209228515625 0.123184204101562 0.201904296875
0.0985870361328125 0.100296020507813 0.111000061035156 0.138465881347656
0.107437133789062 -0.003387451171875 0.122306823730469 0.08154296875
0.0667648315429688 -0.0720367431640625 0.0953750610351563 0.0361862182617188
-0.0146408081054687 -0.0899124145507813 0.065399169921875 0.0302314758300781
-0.0637702941894531 -0.0634384155273438 0.0839614868164063 0.0465087890625
-0.0698051452636719 -0.067230224609375 0.1063232421875 0.068511962890625
-0.0906143188476563 -0.0650711059570313 0.119674682617188 0.103981018066406
-0.066314697265625 -0.0817031860351562 0.0751190185546875 0.152801513671875
-0.0121917724609375 -0.119270324707031 0.0099945068359375 0.145004272460938
0.072509765625 -0.0982742309570313 -0.0702285766601563 0.0984878540039063
0.145538330078125 0.02532958984375 -0.0930938720703125 0.0147628784179687
0.0863189697265625 0.115287780761719 0.021087646484375 -0.0101947784423828
-0.00381469726562499 0.148666381835938 0.06256103515625 0.179489135742187
0.0640983581542969 -0.0589523315429688 -0.088165283203125 -0.1968994140625
-0.025604248046875 -0.0708389282226562 -0.0349998474121094 -0.00934791564941407
-0.0680618286132813 -0.0143966674804688 0.10009765625 -0.0130615234375
-0.0456008911132812 0.0431365966796875 0.09942626953125 -0.120353698730469
-0.000968933105468751 0.0599899291992188 0.00733947753906249 -0.166152954101563
0.0416450500488281 0.039520263671875 -0.0898895263671875 -0.16375732421875
0.0359420776367188 0.0187950134277344 -0.150009155273438 -0.102249145507813
0.0267753601074219 0.021759033203125 -0.130157470703125 -0.0699615478515625
0.0237674713134766 0.0247116088867188 -0.111076354980469 -0.0498428344726563
0.00427818298339844 0.0255355834960937 -0.0917587280273438 -0.0504989624023437
-0.0220985412597656 0.0136795043945312 -0.100181579589844 -0.0472564697265625
-0.0355720520019531 -0.0289535522460937 -0.117630004882813 -0.085052490234375
0.0101776123046875 -0.06121826171875 -0.100921630859375 -0.153106689453125
0.0691184997558594 -0.052398681640625 -0.134628295898438 -0.197052001953125
0.10552978515625 -0.0252227783203125 -0.150039672851562 -0.21295166015625
0.12335205078125 0.0304794311523438 -0.0602264404296875 -0.212112426757813
0.0486679077148438 -0.0256004333496094 -0.0242900848388672 -0.0181427001953125
0.0176582336425781 -0.0267620086669922 0.119949340820313 -0.0093231201171875
-0.00110912322998047 -0.009521484375 0.119384765625 -0.123565673828125
0.00373125076293945 -0.00611066818237305 0.02313232421875 -0.177642822265625
0.0044713020324707 -0.0076298713684082 -0.0892181396484375 -0.17138671875
-0.0166311264038086 -0.0133771896362305 -0.151641845703125 -0.101776123046875
-0.0201950073242188 -0.0202217102050781 -0.126396179199219 -0.0632171630859375
-0.0254859924316406 -0.0165271759033203 -0.110595703125 -0.0418853759765625
-0.0169258117675781 -0.0278854370117188 -0.0951690673828125 -0.0363388061523438
-0.00249099731445312 -0.0465354919433594 -0.100059509277344 -0.0322647094726562
0.0264625549316406 -0.0669898986816406 -0.124290466308594 -0.0731887817382813
0.0936355590820313 -0.03375244140625 -0.108665466308594 -0.132720947265625
0.130950927734375 0.00955963134765625 -0.134735107421875 -0.176025390625
0.152069091796875 0.071685791015625 -0.13287353515625 -0.19219970703125
0.159393310546875 0.12603759765625 -0.014312744140625 -0.194625854492188
0.115646362304688 0.0432052612304688 0.00115680694580079 -0.00831174850463867
0.117935180664063 -0.0198974609375 0.145416259765625 0.0070037841796875
0.0621681213378906 -0.0589408874511719 0.146041870117188 -0.112930297851562
0.0220870971679687 -0.07574462890625 0.049102783203125 -0.175918579101563
-0.0261001586914063 -0.0629158020019531 -0.073699951171875 -0.166580200195313
-0.0652427673339844 -0.0487709045410156 -0.1336669921875 -0.0923614501953125
-0.064056396484375 -0.059417724609375 -0.102981567382813 -0.0467605590820313
-0.0754013061523437 -0.0521774291992188 -0.0912628173828125 -0.0202713012695313
-0.0465011596679688 -0.07281494140625 -0.0848007202148438 -0.00598144531250001
-0.00233459472656249 -0.102127075195312 -0.0936431884765625 -0.00192260742187499
0.0650405883789063 -0.111869812011719 -0.12872314453125 -0.0447616577148438
0.163116455078125 -0.0306854248046875 -0.118782043457031 -0.1019287109375
0.185317993164063 0.0469970703125 -0.126571655273438 -0.145370483398438
0.1859130859375 0.147247314453125 -0.102828979492188 -0.144210815429687
0.162277221679688 0.20721435546875 0.0386581420898437 -0.140434265136719
0.158416748046875 0.122146606445312 0.037261962890625 0.0234718322753906
0.209747314453125 0.0107421875 0.166885375976563 0.0357666015625
0.133590698242188 -0.0897293090820313 0.169845581054688 -0.083770751953125
0.0528945922851562 -0.134994506835938 0.078765869140625 -0.151657104492187
-0.0435714721679688 -0.114501953125 -0.0457611083984375 -0.143966674804688
-0.101181030273438 -0.0806350708007813 -0.0985641479492187 -0.072113037109375
-0.0984573364257812 -0.090423583984375 -0.0651931762695313 -0.0229721069335938
-0.1173095703125 -0.076568603515625 -0.0561065673828125 0.00798034667968749
-0.0771026611328125 -0.102157592773437 -0.058929443359375 0.0313491821289063
-0.0151824951171875 -0.144790649414063 -0.075225830078125 0.0340957641601562
0.0794830322265625 -0.149978637695313 -0.122871398925781 -0.00893402099609378
0.207168579101563 -0.0399932861328125 -0.121040344238281 -0.06671142578125
0.2191162109375 0.06597900390625 -0.103363037109375 -0.113075256347656
0.19775390625 0.195648193359375 -0.0621261596679687 -0.0801849365234375
0.134811401367188 0.252471923828125 0.08807373046875 -0.0564041137695312
0.16229248046875 0.186904907226563 0.072845458984375 0.0723953247070313
0.260284423828125 0.0584716796875 0.173095703125 0.0735015869140625
0.187820434570313 -0.091552734375 0.179092407226563 -0.0373992919921875
0.084259033203125 -0.165725708007813 0.100677490234375 -0.1065673828125
-0.048004150390625 -0.149215698242187 -0.01251220703125 -0.103866577148438
-0.118385314941406 -0.100601196289063 -0.0514984130859375 -0.0416641235351563
-0.118125915527344 -0.107124328613281 -0.0182991027832031 0.00419998168945312
-0.142608642578125 -0.088653564453125 -0.00971603393554689 0.0363960266113281
-0.0991439819335938 -0.115890502929687 -0.021881103515625 0.0676994323730469
-0.02911376953125 -0.166763305664063 -0.0478782653808594 0.067840576171875
0.0810394287109375 -0.169158935546875 -0.107002258300781 0.0262374877929688
0.223846435546875 -0.0426788330078125 -0.113571166992187 -0.0352096557617187
0.223785400390625 0.07916259765625 -0.0697479248046875 -0.0847702026367187
0.182113647460938 0.21771240234375 -0.0147981643676758 -0.0105218887329101
0.083740234375 0.2493896484375 0.1251220703125 0.038543701171875
0.1282958984375 0.213394165039062 0.100868225097656 0.126983642578125
0.252639770507813 0.0993804931640625 0.160888671875 0.107330322265625
0.201919555664063 -0.0679168701171875 0.167617797851563 0.0125579833984375
0.101043701171875 -0.16131591796875 0.107986450195313 -0.051422119140625
-0.041961669921875 -0.155838012695313 0.0194015502929688 -0.0525245666503906
-0.116302490234375 -0.102775573730469 -0.000371456146240242 -0.00814008712768555
-0.119194030761719 -0.107986450195313 0.0300769805908203 0.0296592712402344
-0.146469116210937 -0.08953857421875 0.0401115417480469 0.0613441467285156
-0.105621337890625 -0.114479064941406 0.01806640625 0.099456787109375
-0.034515380859375 -0.1685791015625 -0.01947021484375 0.0960159301757812
0.0788726806640625 -0.16448974609375 -0.0879287719726563 0.0552597045898437
0.217041015625 -0.031219482421875 -0.102912902832031 -0.0112152099609375
0.2008056640625 0.0951080322265625 -0.0319137573242187 -0.0606575012207031
0.140533447265625 0.217849731445313 0.0291786193847656 0.0579986572265625
0.0216522216796875 0.198654174804688 0.14739990234375 0.12322998046875
0.07086181640625 0.192062377929688 0.117843627929688 0.172012329101563
0.192108154296875 0.112640380859375 0.136360168457031 0.12835693359375
0.17047119140625 -0.036102294921875 0.144989013671875 0.053253173828125
0.0921707153320313 -0.126373291015625 0.103729248046875 -0.000648498535156258
-0.0314102172851563 -0.133377075195313 0.0463333129882812 -0.00431823730468751
-0.0981674194335937 -0.08807373046875 0.0481605529785156 0.0227508544921875
-0.103416442871094 -0.0918045043945313 0.0748825073242187 0.0489730834960937
-0.129783630371094 -0.0791549682617188 0.0865859985351562 0.0813827514648438
-0.0947799682617188 -0.100990295410156 0.0547256469726562 0.126365661621094
-0.0291290283203125 -0.151168823242188 0.0027008056640625 0.120880126953125
0.0754852294921875 -0.1407470703125 -0.0724639892578125 0.0796279907226563
0.191024780273438 -0.00738525390625 -0.093841552734375 0.0059356689453125
0.154388427734375 0.10943603515625 -0.000507354736328119 -0.0371437072753906
0.0775146484375 0.194854736328125 0.0593719482421875 0.120979309082031
-0.042266845703125 0.111991882324219 0.15301513671875 0.178939819335937
0.00637054443359375 0.130714416503906 0.1259765625 0.195907592773438
0.102523803710937 0.0937576293945313 0.112831115722656 0.133186340332031
0.105133056640625 -0.0074310302734375 0.123924255371094 0.0770645141601563
0.0621566772460938 -0.0735702514648438 0.0962677001953125 0.0326156616210937
-0.0187149047851562 -0.0875930786132813 0.0664329528808594 0.0286636352539062
-0.0647430419921875 -0.0586891174316406 0.0858688354492188 0.0434951782226562
-0.0716171264648438 -0.0620193481445313 0.108688354492188 0.0620193481445312
-0.092864990234375 -0.0587692260742188 0.123825073242187 0.0973892211914062
-0.0692367553710938 -0.0767898559570312 0.080963134765625 0.147994995117188
-0.01751708984375 -0.115409851074219 0.0141143798828125 0.142822265625
0.0663070678710937 -0.099822998046875 -0.0663909912109375 0.10015869140625
0.145172119140625 0.0175323486328125 -0.092254638671875 0.0177764892578125
0.0903244018554688 0.111000061035156 0.0192832946777344 -0.0130748748779297
0.00386047363281252 0.146209716796875 0.0683135986328125 0.173660278320313
0.0615158081054688 -0.0583648681640625 -0.0895538330078125 -0.192825317382813
-0.0260467529296875 -0.0699691772460937 -0.0344429016113281 -0.00788116455078125
-0.066680908203125 -0.0137062072753906 0.100234985351563 -0.0135726928710938
-0.0441856384277344 0.0444183349609375 0.0985946655273438 -0.120559692382813
0.001190185546875 0.0593376159667969 0.0072174072265625 -0.165557861328125
0.0419197082519531 0.0366439819335938 -0.0920562744140625 -0.163040161132813
0.0353927612304688 0.0164718627929688 -0.151687622070312 -0.099853515625
0.0266647338867188 0.0200538635253906 -0.131744384765625 -0.0671539306640625
0.0235424041748047 0.0232410430908203 -0.112396240234375 -0.0471420288085938
0.00465202331542969 0.0245838165283203 -0.093170166015625 -0.0490951538085938
-0.0205917358398438 0.0126686096191406 -0.100845336914063 -0.0459823608398438
-0.0357284545898437 -0.0271568298339844 -0.119155883789062 -0.0830154418945313
0.00894927978515625 -0.0600357055664062 -0.10150146484375 -0.151657104492187
0.0682106018066406 -0.0522956848144531 -0.135147094726562 -0.193649291992188
0.103515625 -0.0266952514648438 -0.150100708007813 -0.209869384765625
0.121665954589844 0.0292510986328125 -0.062347412109375 -0.207290649414063
0.0484466552734375 -0.0247688293457031 -0.0249538421630859 -0.0159397125244141
0.0183525085449219 -0.0260963439941406 0.119239807128906 -0.0102996826171875
-0.000432968139648437 -0.00902080535888672 0.118568420410156 -0.12420654296875
0.00486040115356445 -0.00594568252563477 0.022674560546875 -0.17681884765625
0.00559043884277344 -0.00877809524536133 -0.0904541015625 -0.170394897460938
-0.0175237655639648 -0.0139932632446289 -0.15264892578125 -0.0998382568359375
-0.0207843780517578 -0.0209922790527344 -0.127372741699219 -0.06097412109375
-0.0257911682128906 -0.0170955657958984 -0.111595153808594 -0.0387039184570313
-0.0166854858398438 -0.0286808013916016 -0.095306396484375 -0.03497314453125
-0.00236892700195312 -0.0464859008789063 -0.101058959960938 -0.0306015014648438
0.0255355834960937 -0.0662727355957031 -0.125457763671875 -0.0707244873046875
0.0934066772460937 -0.0328750610351562 -0.109962463378906 -0.131568908691406
0.130393981933594 0.00905609130859375 -0.136154174804687 -0.173248291015625
0.151962280273438 0.06964111328125 -0.133529663085938 -0.189590454101562
0.1588134765625 0.123397827148438 -0.01849365234375 -0.190460205078125
0.116157531738281 0.0428085327148438 0.00058031082153321 -0.00554895401000976
0.118034362792969 -0.0209121704101563 0.143753051757812 0.00482177734375
0.0616302490234375 -0.0585060119628906 0.144943237304688 -0.113357543945312
0.0211105346679687 -0.0757217407226563 0.0480804443359375 -0.1748046875
-0.025848388671875 -0.0625762939453125 -0.0745849609375 -0.164947509765625
-0.0657081604003906 -0.04766845703125 -0.134498596191406 -0.08978271484375
-0.0654029846191406 -0.0589942932128906 -0.103813171386719 -0.0451202392578125
-0.0755386352539063 -0.0503921508789062 -0.0916595458984375 -0.0181045532226563
-0.04638671875 -0.0719223022460938 -0.084869384765625 -0.00438690185546876
-0.00259399414062499 -0.102088928222656 -0.0941162109375 0.000457763671874991
0.0634841918945312 -0.110908508300781 -0.130363464355469 -0.042633056640625
0.162887573242188 -0.03131103515625 -0.119651794433594 -0.101089477539063
0.185089111328125 0.045806884765625 -0.128143310546875 -0.143280029296875
0.187332153320312 0.144577026367187 -0.10418701171875 -0.14215087890625
0.163986206054688 0.203445434570313 0.0346755981445313 -0.137077331542969
0.160003662109375 0.120574951171875 0.0354499816894531 0.0259552001953125
0.209259033203125 0.007537841796875 0.16510009765625 0.0334014892578125
0.131195068359375 -0.0906524658203125 0.168624877929688 -0.0843048095703125
0.0508499145507813 -0.134841918945313 0.076995849609375 -0.152236938476563
-0.0445709228515625 -0.113105773925781 -0.04620361328125 -0.142410278320313
-0.100990295410156 -0.0787124633789063 -0.099151611328125 -0.0689926147460937
-0.100196838378906 -0.0892486572265625 -0.0654869079589844 -0.0223655700683594
-0.117767333984375 -0.0739974975585938 -0.0554237365722656 0.008758544921875
-0.0774765014648438 -0.100326538085938 -0.0589408874511719 0.0326614379882812
-0.01611328125 -0.143295288085937 -0.0751953125 0.0353012084960937
0.07720947265625 -0.149734497070313 -0.124290466308594 -0.00601196289062502
0.207061767578125 -0.042572021484375 -0.121231079101562 -0.0658111572265625
0.218719482421875 0.0643310546875 -0.106010437011719 -0.111228942871094
0.20068359375 0.19354248046875 -0.0626220703125 -0.0786514282226562
0.136611938476562 0.248275756835937 0.0842819213867188 -0.0543975830078125
0.165054321289063 0.185409545898438 0.0711212158203125 0.0740509033203125
0.26092529296875 0.0530853271484375 0.171356201171875 0.070159912109375
0.185333251953125 -0.093719482421875 0.177322387695313 -0.0384368896484375
0.0820770263671875 -0.166030883789063 0.0994415283203125 -0.106277465820313
-0.0486907958984375 -0.14666748046875 -0.0125579833984375 -0.101104736328125
-0.118385314941406 -0.097930908203125 -0.051422119140625 -0.03973388671875
-0.119979858398438 -0.105537414550781 -0.0180740356445313 0.00365257263183593
-0.142852783203125 -0.0851898193359375 -0.00815963745117188 0.0366592407226563
-0.099884033203125 -0.113456726074219 -0.0210533142089844 0.0683212280273437
-0.0314788818359375 -0.164627075195312 -0.04766845703125 0.0686416625976563
0.077667236328125 -0.16949462890625 -0.108329772949219 0.028106689453125
0.223464965820313 -0.0465545654296875 -0.1136474609375 -0.0339584350585937
0.223892211914062 0.0769805908203125 -0.0714569091796875 -0.0842971801757813
0.185821533203125 0.215286254882813 -0.0150794982910156 -0.0105514526367187
0.0861968994140625 0.247024536132813 0.122329711914062 0.0389862060546875
0.131393432617187 0.2125244140625 0.099395751953125 0.127677917480469
0.252670288085938 0.093963623046875 0.1585693359375 0.104827880859375
0.199737548828125 -0.070098876953125 0.166412353515625 0.011993408203125
0.0975494384765625 -0.161239624023438 0.106552124023438 -0.0514907836914063
-0.042877197265625 -0.153594970703125 0.0193672180175781 -0.0507545471191406
-0.116531372070313 -0.101051330566406 0.000615596771240228 -0.00637102127075196
-0.1212158203125 -0.105354309082031 0.0312252044677734 0.0278549194335937
-0.147659301757813 -0.0857086181640625 0.0424385070800781 0.0604324340820312
-0.106216430664062 -0.110969543457031 0.0200347900390625 0.0999526977539063
-0.0377044677734375 -0.16619873046875 -0.0188674926757813 0.0963973999023437
0.0750732421875 -0.16497802734375 -0.0889739990234375 0.0566482543945312
0.216796875 -0.0352325439453125 -0.102500915527344 -0.01080322265625
0.20098876953125 0.0919342041015625 -0.0334205627441406 -0.0608634948730469
0.143524169921875 0.21478271484375 0.0290412902832031 0.0562858581542969
0.0234527587890625 0.1966552734375 0.1455078125 0.12261962890625
0.0737762451171875 0.19091796875 0.116683959960938 0.171279907226563
0.192916870117188 0.108016967773438 0.134773254394531 0.126617431640625
0.167861938476563 -0.0379180908203125 0.144378662109375 0.0526885986328125
0.0894012451171875 -0.126632690429688 0.102775573730469 -0.00126647949218751
-0.0328598022460937 -0.131477355957031 0.0469932556152344 -0.00329971313476563
-0.0978622436523438 -0.0858612060546875 0.0490074157714844 0.0225181579589844
-0.104957580566406 -0.0895309448242188 0.0760650634765625 0.047088623046875
-0.130104064941406 -0.0747909545898438 0.0891342163085937 0.0789947509765625
-0.0951156616210937 -0.0981979370117188 0.0568313598632813 0.1253662109375
-0.0319671630859375 -0.14801025390625 0.00300598144531249 0.120353698730469
0.0720977783203125 -0.140838623046875 -0.0730514526367188 0.0801162719726562
0.191024780273438 -0.011199951171875 -0.0937042236328125 0.00695037841796875
0.154983520507813 0.106475830078125 -0.00217819213867187 -0.0381393432617187
0.0807037353515625 0.19287109375 0.0599365234375 0.117942810058594
-0.0404434204101563 0.111099243164063 0.152008056640625 0.177001953125
0.00780487060546874 0.129547119140625 0.125778198242188 0.195220947265625
0.103103637695312 0.0895843505859375 0.111587524414063 0.133026123046875
0.103683471679688 -0.0081787109375 0.123260498046875 0.0758743286132812
0.0601272583007813 -0.0738296508789063 0.0955657958984375 0.0321121215820312
-0.020172119140625 -0.0859375 0.0675926208496094 0.030029296875
-0.0650405883789062 -0.0570182800292969 0.08734130859375 0.0417709350585937
-0.0725936889648437 -0.0613250732421875 0.1094970703125 0.0588531494140625
-0.0935440063476563 -0.0555419921875 0.125831604003906 0.0937271118164063
-0.0695877075195312 -0.0742263793945313 0.0846099853515625 0.146774291992188
-0.0191116333007812 -0.112892150878906 0.01513671875 0.141937255859375
0.0629043579101563 -0.100761413574219 -0.0662841796875 0.100288391113281
0.144912719726563 0.0141448974609375 -0.0913925170898437 0.0183486938476562
0.0913467407226563 0.109580993652344 0.0172748565673828 -0.0145931243896484
0.00596618652343751 0.145065307617188 0.0695037841796875 0.169845581054688
0.0605812072753906 -0.0584449768066406 -0.0900421142578125 -0.19500732421875
-0.026641845703125 -0.0710906982421875 -0.0344486236572266 -0.00699996948242187
-0.0669288635253906 -0.0137100219726562 0.101692199707031 -0.0131301879882813
-0.0436973571777344 0.0449600219726563 0.101448059082031 -0.122505187988281
0.00276565551757813 0.0598487854003906 0.0089874267578125 -0.168594360351563
0.0427436828613281 0.0356254577636719 -0.0941314697265625 -0.166946411132813
0.0340900421142578 0.0158958435058594 -0.155548095703125 -0.101303100585937
0.0262088775634766 0.0194320678710938 -0.135162353515625 -0.0676956176757813
0.023284912109375 0.0228252410888672 -0.115272521972656 -0.0473175048828125
0.00516319274902343 0.0240039825439453 -0.0958786010742188 -0.0505752563476563
-0.0195236206054688 0.0119228363037109 -0.103187561035156 -0.047119140625
-0.0355033874511719 -0.0261383056640625 -0.12139892578125 -0.0846786499023437
0.0100059509277344 -0.0593032836914062 -0.102554321289062 -0.15533447265625
0.0690460205078125 -0.0523681640625 -0.135711669921875 -0.19677734375
0.104736328125 -0.027069091796875 -0.150558471679688 -0.214385986328125
0.121803283691406 0.0306930541992188 -0.063995361328125 -0.208724975585938
0.0497856140136719 -0.0239982604980469 -0.0252857208251953 -0.0143871307373047
0.0201606750488281 -0.0271701812744141 0.120742797851563 -0.009765625
0.000829696655273438 -0.00840044021606445 0.121002197265625 -0.124763488769531
0.00630998611450195 -0.00593090057373047 0.024871826171875 -0.180160522460938
0.0055999755859375 -0.0106096267700195 -0.0916595458984375 -0.174209594726563
-0.0189304351806641 -0.0153274536132812 -0.15625 -0.100830078125
-0.0216846466064453 -0.0220699310302734 -0.130592346191406 -0.0616989135742188
-0.0261802673339844 -0.0179233551025391 -0.114723205566406 -0.0389633178710938
-0.0158576965332031 -0.0303401947021484 -0.0977554321289063 -0.035675048828125
-0.000427246093750003 -0.0483512878417969 -0.103866577148438 -0.031829833984375
0.0274887084960938 -0.0667648315429688 -0.12933349609375 -0.0717697143554688
0.095733642578125 -0.0323333740234375 -0.111167907714844 -0.134689331054687
0.132522583007813 0.0114593505859375 -0.137481689453125 -0.176010131835938
0.153732299804688 0.0718841552734375 -0.134628295898437 -0.193435668945313
0.160003662109375 0.1259765625 -0.0191802978515625 -0.190383911132813
0.118278503417969 0.0447998046875 -0.000525474548339837 -0.00354814529418945
0.120689392089844 -0.02215576171875 0.14532470703125 0.0054779052734375
0.0634002685546875 -0.0591659545898438 0.148193359375 -0.114486694335938
0.0225601196289062 -0.0767059326171875 0.05072021484375 -0.1767578125
-0.0252876281738281 -0.0642776489257813 -0.0748291015625 -0.16790771484375
-0.0673599243164062 -0.0492286682128906 -0.136993408203125 -0.0906982421875
-0.0683746337890625 -0.060577392578125 -0.106330871582031 -0.0460662841796875
-0.0770339965820312 -0.051239013671875 -0.0938796997070313 -0.0177154541015625
-0.0461959838867188 -0.0737152099609375 -0.0871047973632812 -0.00430297851562499
-0.00166320800781251 -0.10418701171875 -0.096435546875 -0.00017547607421877
0.0649642944335938 -0.113265991210938 -0.134864807128906 -0.0430755615234375
0.166763305664063 -0.031005859375 -0.122093200683594 -0.104042053222656
0.187576293945313 0.0482635498046875 -0.13006591796875 -0.144927978515625
0.1905517578125 0.148208618164063 -0.105636596679687 -0.145111083984375
0.164779663085938 0.208404541015625 0.0340194702148438 -0.135513305664063
0.162521362304688 0.124725341796875 0.0347957611083984 0.0285148620605469
0.21343994140625 0.00634765625 0.165802001953125 0.0341796875
0.133682250976563 -0.0924224853515625 0.171966552734375 -0.084564208984375
0.0521621704101562 -0.137779235839844 0.0800933837890625 -0.153488159179688
-0.0444259643554688 -0.115615844726563 -0.0460357666015625 -0.144561767578125
-0.103385925292969 -0.0801010131835937 -0.100303649902344 -0.0698699951171875
-0.104225158691406 -0.0911102294921875 -0.0667457580566406 -0.023284912109375
-0.119361877441406 -0.0745697021484375 -0.0561332702636719 0.00903320312499999
-0.0784988403320313 -0.101692199707031 -0.059600830078125 0.0335731506347656
-0.016387939453125 -0.14544677734375 -0.0772628784179688 0.0361175537109375
0.0777587890625 -0.152603149414063 -0.129981994628906 -0.00583648681640628
0.2119140625 -0.0426025390625 -0.123847961425781 -0.0686187744140625
0.22247314453125 0.0670318603515625 -0.108039855957031 -0.113807678222656
0.204421997070312 0.197601318359375 -0.0639572143554688 -0.0812225341796875
0.137908935546875 0.25341796875 0.0838394165039063 -0.052032470703125
0.167449951171875 0.189712524414062 0.0703353881835938 0.0781784057617188
0.265411376953125 0.053497314453125 0.171951293945313 0.0719451904296875
0.188522338867187 -0.094390869140625 0.180831909179688 -0.0383453369140625
0.082794189453125 -0.169036865234375 0.102737426757813 -0.107353210449219
-0.0489501953125 -0.149749755859375 -0.0113143920898437 -0.101943969726563
-0.120147705078125 -0.09930419921875 -0.0514945983886719 -0.0393714904785156
-0.123298645019531 -0.107688903808594 -0.0185585021972656 0.00345993041992187
-0.145401000976563 -0.085205078125 -0.00794219970703126 0.0367469787597656
-0.100845336914063 -0.113861083984375 -0.0204391479492188 0.0697975158691406
-0.03192138671875 -0.166793823242188 -0.0498237609863281 0.0696144104003906
0.078643798828125 -0.1722412109375 -0.113067626953125 0.0291976928710938
0.228500366210937 -0.0475006103515625 -0.116546630859375 -0.036590576171875
0.2281494140625 0.0795745849609375 -0.0738143920898437 -0.0865020751953125
0.189849853515625 0.21978759765625 -0.0155563354492187 -0.0112600326538086
0.0863189697265625 0.25115966796875 0.12139892578125 0.0425643920898438
0.13336181640625 0.21728515625 0.0985031127929688 0.132354736328125
0.2576904296875 0.0941162109375 0.1583251953125 0.107086181640625
0.2025146484375 -0.0703887939453125 0.169479370117188 0.013641357421875
0.098968505859375 -0.164047241210938 0.109428405761719 -0.0509262084960938
-0.04376220703125 -0.155654907226563 0.0216293334960938 -0.0503120422363281
-0.1181640625 -0.101837158203125 0.00118541717529296 -0.00648260116577149
-0.125328063964844 -0.107559204101563 0.0320949554443359 0.0278530120849609
-0.149307250976563 -0.084930419921875 0.0441436767578125 0.0603523254394531
-0.107070922851563 -0.112266540527344 0.0210113525390625 0.101387023925781
-0.037933349609375 -0.167343139648438 -0.0205764770507812 0.0981521606445312
0.075469970703125 -0.168014526367188 -0.0923995971679688 0.0584487915039062
0.220718383789062 -0.037109375 -0.104560852050781 -0.0120849609375
0.205307006835938 0.09454345703125 -0.035675048828125 -0.0627555847167969
0.147628784179688 0.219070434570313 0.0290260314941406 0.0559043884277344
0.023040771484375 0.1998291015625 0.144546508789062 0.126998901367187
0.074676513671875 0.194381713867187 0.115585327148438 0.176712036132813
0.196014404296875 0.10809326171875 0.13409423828125 0.129287719726563
0.1702880859375 -0.0381927490234375 0.145706176757813 0.0549774169921875
0.0903472900390625 -0.128829956054688 0.104644775390625 -0.000404357910156258
-0.032684326171875 -0.133262634277344 0.0488319396972656 -0.00136566162109376
-0.0998001098632813 -0.0863800048828125 0.051239013671875 0.0228767395019531
-0.107833862304688 -0.091400146484375 0.0783309936523438 0.0465850830078125
-0.131858825683594 -0.0749282836914063 0.0918121337890625 0.0792083740234375
-0.0959243774414063 -0.0987319946289063 0.0586090087890625 0.127792358398438
-0.03338623046875 -0.149093627929688 0.00218963623046876 0.122215270996094
0.071746826171875 -0.14324951171875 -0.0761947631835938 0.0814971923828125
0.194976806640625 -0.0130462646484375 -0.095611572265625 0.00587463378906251
0.158370971679688 0.108642578125 -0.00337982177734374 -0.04010009765625
0.0834197998046875 0.195541381835938 0.0602645874023438 0.118606567382813
-0.0420150756835937 0.112022399902344 0.152099609375 0.182388305664063
0.00780487060546876 0.130836486816406 0.125167846679688 0.199539184570313
0.104393005371094 0.0901336669921875 0.110755920410156 0.137283325195313
0.104270935058594 -0.0079803466796875 0.124435424804688 0.0800857543945313
0.060455322265625 -0.0746612548828125 0.0974197387695313 0.0335464477539062
-0.020782470703125 -0.0872573852539062 0.0702629089355469 0.031829833984375
-0.066009521484375 -0.056640625 0.089752197265625 0.0422515869140625
-0.0743942260742188 -0.0611953735351563 0.112648010253906 0.0590057373046875
-0.095123291015625 -0.0553436279296875 0.1287841796875 0.0942306518554688
-0.070068359375 -0.0739822387695313 0.087646484375 0.14898681640625
-0.0203094482421875 -0.113487243652344 0.0140228271484375 0.144485473632813
0.0624618530273437 -0.101211547851563 -0.0688400268554687 0.101364135742188
0.147430419921875 0.012908935546875 -0.0932235717773437 0.0176467895507812
0.0934906005859375 0.110237121582031 0.0160045623779297 -0.0167264938354492
0.00651550292968749 0.147079467773438 0.0699462890625 0.1707763671875
0.0616493225097656 -0.0594367980957031 -0.095184326171875 -0.20111083984375
-0.028076171875 -0.0730743408203125 -0.0354843139648438 -0.00548171997070313
-0.0692596435546875 -0.0148582458496094 0.1064453125 -0.0134124755859375
-0.0438499450683594 0.0475692749023438 0.105476379394531 -0.128547668457031
0.00498580932617188 0.0610084533691406 0.00939941406249999 -0.176788330078125
0.0440025329589844 0.0348434448242187 -0.09991455078125 -0.174346923828125
0.0346794128417969 0.0151500701904297 -0.163818359375 -0.103729248046875
0.026336669921875 0.0192050933837891 -0.144302368164063 -0.0683441162109375
0.0234546661376953 0.0221595764160156 -0.122154235839844 -0.0470352172851563
0.00595664978027344 0.0230388641357422 -0.101150512695313 -0.05316162109375
-0.0199203491210938 0.0117969512939453 -0.109199523925781 -0.0490036010742188
-0.0366134643554688 -0.0274124145507812 -0.127998352050781 -0.0867919921875
0.0102577209472656 -0.0600547790527344 -0.107086181640625 -0.162643432617188
0.0721206665039063 -0.0544281005859375 -0.140518188476562 -0.2052001953125
0.107414245605469 -0.0293197631835938 -0.156951904296875 -0.222808837890625
0.125991821289063 0.0328521728515625 -0.0682525634765625 -0.214431762695312
0.0517921447753906 -0.0243453979492188 -0.0268268585205078 -0.0126667022705078
0.0215587615966797 -0.0284481048583984 0.125328063964844 -0.0096282958984375
0.00166845321655273 -0.0084071159362793 0.127090454101563 -0.131401062011719
0.00725173950195313 -0.00700950622558594 0.026458740234375 -0.188751220703125
0.00572490692138672 -0.013422966003418 -0.097015380859375 -0.181320190429688
-0.0205821990966797 -0.0164012908935547 -0.165176391601563 -0.10302734375
-0.0247383117675781 -0.0230312347412109 -0.138961791992188 -0.0633392333984375
-0.029296875 -0.0195579528808594 -0.121353149414063 -0.0384292602539063
-0.0172958374023438 -0.0327377319335938 -0.103912353515625 -0.0366058349609375
-0.000389099121093747 -0.0514373779296875 -0.108718872070313 -0.0324249267578125
0.0284652709960937 -0.0694236755371094 -0.136680603027344 -0.0734024047851563
0.100662231445313 -0.0332794189453125 -0.116714477539063 -0.1412353515625
0.138076782226562 0.0123443603515625 -0.143646240234375 -0.18304443359375
0.160415649414063 0.0736236572265625 -0.14013671875 -0.201797485351563
0.1661376953125 0.131423950195313 -0.0231475830078125 -0.19537353515625
0.124557495117188 0.0475540161132813 -0.00142478942871093 -0.000820636749267575
0.125785827636719 -0.0244903564453125 0.150665283203125 0.0054779052734375
0.0663414001464844 -0.0615921020507813 0.154815673828125 -0.119979858398438
0.0229034423828125 -0.080810546875 0.0538787841796875 -0.185775756835938
-0.0273399353027344 -0.0680656433105469 -0.07861328125 -0.175094604492188
-0.0712661743164063 -0.0511856079101563 -0.144683837890625 -0.0924072265625
-0.073333740234375 -0.0634613037109375 -0.11285400390625 -0.047027587890625
-0.08111572265625 -0.0532150268554688 -0.0991058349609375 -0.01751708984375
-0.048309326171875 -0.0771942138671875 -0.0917510986328125 -0.00360870361328126
-0.00151062011718751 -0.108955383300781 -0.102027893066406 -0.00037384033203125
0.0674972534179688 -0.118301391601563 -0.143447875976562 -0.0429229736328125
0.17572021484375 -0.033294677734375 -0.1282958984375 -0.108467102050781
0.195846557617188 0.0510711669921875 -0.136489868164063 -0.1507568359375
0.200653076171875 0.15380859375 -0.110458374023438 -0.151596069335938
0.171890258789063 0.216445922851563 0.0323028564453125 -0.138687133789063
0.171585083007813 0.129989624023438 0.0342388153076172 0.0326614379882813
0.223037719726563 0.0046844482421875 0.170989990234375 0.0358428955078125
0.139732360839844 -0.0966262817382812 0.179397583007813 -0.0887298583984375
0.053375244140625 -0.144622802734375 0.0841522216796875 -0.16058349609375
-0.0468368530273438 -0.120895385742188 -0.047393798828125 -0.150604248046875
-0.108184814453125 -0.0826797485351562 -0.105636596679687 -0.071258544921875
-0.111114501953125 -0.09478759765625 -0.0711669921875 -0.0233917236328125
-0.125518798828125 -0.0766067504882813 -0.0590476989746094 0.00987243652343751
-0.08233642578125 -0.106239318847656 -0.0624504089355469 0.0354995727539062
-0.01739501953125 -0.152099609375 -0.082305908203125 0.038909912109375
0.08062744140625 -0.159988403320313 -0.137954711914063 -0.00377655029296875
0.222244262695313 -0.0477752685546875 -0.130912780761719 -0.071990966796875
0.232818603515625 0.0699005126953125 -0.113761901855469 -0.118377685546875
0.215927124023438 0.205108642578125 -0.0671157836914062 -0.0854110717773438
0.1435546875 0.264480590820313 0.083831787109375 -0.0515670776367187
0.177032470703125 0.198638916015625 0.0711212158203125 0.0844955444335938
0.278030395507813 0.052093505859375 0.177627563476563 0.0751800537109375
0.19622802734375 -0.0993194580078125 0.187881469726563 -0.0395355224609375
0.0852203369140625 -0.17822265625 0.106712341308594 -0.112083435058594
-0.051300048828125 -0.155517578125 -0.0107421875 -0.106033325195313
-0.126213073730469 -0.102745056152344 -0.0541801452636719 -0.0404434204101563
-0.132293701171875 -0.111953735351563 -0.0193405151367188 0.00268936157226562
-0.152175903320313 -0.0868377685546875 -0.00738525390625001 0.0376663208007813
-0.105171203613281 -0.118240356445313 -0.0205230712890625 0.0736312866210937
-0.034515380859375 -0.173065185546875 -0.0527114868164063 0.0733718872070312
0.0802001953125 -0.180587768554687 -0.120597839355469 0.0323028564453125
0.239334106445312 -0.0528564453125 -0.122802734375 -0.0386123657226562
0.239303588867187 0.082427978515625 -0.0782241821289063 -0.0906448364257812
0.201385498046875 0.228652954101562 -0.0167303085327148 -0.0129909515380859
0.09039306640625 0.261825561523438 0.124259948730469 0.0463180541992188
0.14080810546875 0.22625732421875 0.100997924804688 0.139938354492187
0.269378662109375 0.0952301025390625 0.163665771484375 0.111465454101563
0.2103271484375 -0.0743865966796875 0.176803588867187 0.014404296875
0.101852416992188 -0.173110961914062 0.113632202148437 -0.053558349609375
-0.045501708984375 -0.162567138671875 0.0244941711425781 -0.0513267517089844
-0.124160766601563 -0.104537963867188 0.00232839584350585 -0.00630187988281251
-0.133163452148438 -0.111000061035156 0.0337371826171875 0.0278949737548828
-0.1573486328125 -0.0873565673828125 0.0474624633789062 0.0616722106933594
-0.112106323242188 -0.115036010742187 0.023773193359375 0.10614013671875
-0.04156494140625 -0.173126220703125 -0.0221710205078125 0.102737426757812
0.0765533447265625 -0.175613403320312 -0.0993881225585937 0.0623245239257812
0.23138427734375 -0.0416259765625 -0.110420227050781 -0.0133132934570312
0.214767456054688 0.0973968505859375 -0.0385971069335937 -0.0667228698730469
0.15716552734375 0.226577758789062 0.0296440124511719 0.0569038391113281
0.0248565673828125 0.207733154296875 0.148788452148438 0.133712768554688
0.078826904296875 0.2025146484375 0.11956787109375 0.18609619140625
0.2054443359375 0.11004638671875 0.13800048828125 0.1356201171875
0.176803588867188 -0.0404205322265625 0.152130126953125 0.0576324462890625
0.092437744140625 -0.135475158691406 0.109130859375 2.28881835937417E-05
-0.0355148315429687 -0.138847351074219 0.0529937744140625 0.000202178955078117
-0.104698181152344 -0.088287353515625 0.0551719665527344 0.0240974426269531
-0.114471435546875 -0.0949249267578125 0.0828094482421875 0.0471420288085937
-0.138420104980469 -0.075531005859375 0.097198486328125 0.0810165405273438
-0.0996170043945312 -0.100669860839844 0.0648727416992188 0.132949829101563
-0.035797119140625 -0.153350830078125 0.00150299072265624 0.127792358398438
0.072723388671875 -0.148941040039063 -0.0812454223632812 0.0854873657226562
0.203384399414062 -0.0168609619140625 -0.099884033203125 0.005706787109375
0.166717529296875 0.112060546875 -0.00503921508789062 -0.0434417724609375
0.0885467529296875 0.202987670898438 0.0622711181640625 0.121444702148438
-0.043243408203125 0.117019653320312 0.157073974609375 0.190444946289063
0.009063720703125 0.136222839355469 0.130126953125 0.208984375
0.108901977539062 0.0927047729492188 0.115066528320313 0.144012451171875
0.107887268066406 -0.0082550048828125 0.130462646484375 0.0837249755859375
0.061553955078125 -0.0790176391601563 0.101669311523438 0.0350723266601562
-0.0230255126953125 -0.0909042358398438 0.0744476318359375 0.0343551635742187
-0.0692291259765625 -0.0570182800292969 0.0951461791992188 0.0438690185546875
-0.0793533325195313 -0.0626907348632813 0.119171142578125 0.0590972900390625
-0.0990829467773438 -0.0555038452148437 0.136344909667969 0.0960617065429688
-0.0737838745117188 -0.0759658813476563 0.0931854248046875 0.15484619140625
-0.0229415893554687 -0.117424011230469 0.014007568359375 0.150314331054687
0.0630111694335937 -0.106170654296875 -0.0730056762695313 0.106513977050781
0.153701782226563 0.0105743408203125 -0.0977020263671875 0.0182113647460937
0.0992507934570313 0.113105773925781 0.0158748626708984 -0.0198078155517578
0.00836181640625001 0.152053833007813 0.07244873046875 0.17626953125
0.0620231628417969 -0.0626068115234375 -0.106002807617188 -0.206588745117187
-0.0319061279296875 -0.0755691528320313 -0.0386314392089844 -0.00339889526367188
-0.0734100341796875 -0.012969970703125 0.111846923828125 -0.0158462524414063
-0.0433082580566406 0.0520401000976562 0.108154296875 -0.138206481933594
0.00815963745117188 0.0638961791992188 0.00607299804687498 -0.187240600585937
0.0462379455566406 0.0334014892578125 -0.111099243164063 -0.181793212890625
0.0357780456542969 0.0140495300292969 -0.177642822265625 -0.103179931640625
0.0272960662841797 0.0193042755126953 -0.15582275390625 -0.0662689208984375
0.0250263214111328 0.0225048065185547 -0.131217956542969 -0.0449676513671875
0.00677108764648437 0.0227375030517578 -0.109725952148438 -0.05316162109375
-0.0196285247802734 0.0122928619384766 -0.117637634277344 -0.0485076904296875
-0.0386466979980469 -0.0262527465820312 -0.136451721191406 -0.0880661010742187
0.00966644287109375 -0.0624122619628906 -0.116622924804688 -0.168685913085938
0.0741958618164063 -0.0593032836914063 -0.152328491210938 -0.211807250976563
0.111297607421875 -0.03436279296875 -0.170364379882813 -0.231460571289062
0.132499694824219 0.0335617065429688 -0.078338623046875 -0.22100830078125
0.0540771484375 -0.0261421203613281 -0.0287342071533203 -0.00986671447753906
0.0217685699462891 -0.0310592651367188 0.131423950195312 -0.01300048828125
0.00313329696655273 -0.00826215744018555 0.13037109375 -0.14208984375
0.0082087516784668 -0.00792884826660156 0.0234527587890625 -0.199783325195313
0.00537109375 -0.0148258209228516 -0.107711791992188 -0.18896484375
-0.0226097106933594 -0.0173988342285156 -0.17730712890625 -0.102508544921875
-0.0281219482421875 -0.0242118835449219 -0.150146484375 -0.0602874755859375
-0.0314216613769531 -0.01971435546875 -0.129249572753906 -0.0358505249023438
-0.0186119079589844 -0.0353736877441406 -0.111518859863281 -0.0354461669921875
-0.00149154663085938 -0.055450439453125 -0.116935729980469 -0.0315780639648438
0.028717041015625 -0.0735855102539063 -0.147323608398437 -0.0722503662109375
0.106437683105469 -0.0363616943359375 -0.126541137695313 -0.145584106445313
0.145950317382812 0.0095977783203125 -0.1552734375 -0.18768310546875
0.170135498046875 0.0732421875 -0.152816772460938 -0.208984375
0.177520751953125 0.13519287109375 -0.0300445556640625 -0.201248168945313
0.133316040039063 0.0473403930664062 -0.0023505687713623 0.00209903717041016
0.132431030273438 -0.0306625366210938 0.156951904296875 0.0026702880859375
0.0693359375 -0.0673446655273437 0.159423828125 -0.130081176757813
0.0220108032226563 -0.0866928100585937 0.0523681640625 -0.197967529296875
-0.030426025390625 -0.0714645385742188 -0.088134765625 -0.182388305664063
-0.0771560668945313 -0.0518875122070312 -0.15509033203125 -0.0919036865234375
-0.0811920166015625 -0.0651473999023438 -0.122093200683594 -0.0451583862304688
-0.0876693725585937 -0.0537033081054687 -0.106002807617188 -0.0143814086914062
-0.053558349609375 -0.0807037353515625 -0.0975494384765625 -0.00114440917968749
-0.00444793701171876 -0.115798950195313 -0.108360290527344 0.00315856933593749
0.0680389404296875 -0.127212524414063 -0.154647827148438 -0.0397186279296875
0.185012817382813 -0.04058837890625 -0.138023376464844 -0.111152648925781
0.208358764648438 0.048858642578125 -0.148040771484375 -0.154922485351563
0.215789794921875 0.15673828125 -0.121047973632812 -0.156524658203125
0.186187744140625 0.224365234375 0.028472900390625 -0.143630981445313
0.185897827148438 0.133163452148438 0.0354652404785156 0.0363883972167969
0.23504638671875 -0.002838134765625 0.178878784179688 0.032989501953125
0.14508056640625 -0.105865478515625 0.1864013671875 -0.0981292724609375
0.0510711669921875 -0.154342651367187 0.0850677490234375 -0.171829223632813
-0.0524673461914063 -0.12603759765625 -0.0535888671875 -0.156646728515625
-0.116935729980469 -0.0833511352539063 -0.113639831542969 -0.0703277587890625
-0.122596740722656 -0.0964431762695312 -0.0760269165039063 -0.0228424072265625
-0.135627746582031 -0.0765457153320312 -0.0627937316894532 0.0124320983886719
-0.0889358520507813 -0.109207153320312 -0.0644493103027344 0.0403289794921875
-0.0228271484375 -0.15960693359375 -0.0863265991210937 0.0432662963867188
0.0801239013671875 -0.171829223632813 -0.14874267578125 0.00148010253906247
0.234817504882813 -0.05706787109375 -0.140403747558594 -0.0732650756835937
0.247451782226562 0.066650390625 -0.123939514160156 -0.120918273925781
0.234222412109375 0.209671020507812 -0.0737838745117187 -0.0877685546875
0.158599853515625 0.275283813476563 0.0850906372070313 -0.0536041259765625
0.1934814453125 0.20440673828125 0.0752639770507813 0.0891189575195313
0.29425048828125 0.045196533203125 0.185989379882813 0.074432373046875
0.203445434570313 -0.110214233398438 0.196914672851563 -0.0468292236328125
0.08331298828125 -0.191070556640625 0.110847473144531 -0.121742248535156
-0.059112548828125 -0.1627197265625 -0.0128173828125 -0.110282897949219
-0.136085510253906 -0.103584289550781 -0.0574493408203125 -0.039337158203125
-0.145156860351563 -0.113388061523437 -0.0208301544189453 0.00310707092285156
-0.163726806640625 -0.08673095703125 -0.00679779052734376 0.0395393371582031
-0.113899230957031 -0.120674133300781 -0.0193557739257813 0.0783233642578125
-0.040740966796875 -0.181121826171875 -0.0547256469726563 0.0794143676757812
0.0779876708984375 -0.192550659179688 -0.128837585449219 0.039459228515625
0.25152587890625 -0.064788818359375 -0.131439208984375 -0.0385894775390625
0.254287719726563 0.0793304443359375 -0.0861587524414063 -0.0934524536132812
0.220870971679688 0.233627319335938 -0.0186271667480469 -0.0144824981689453
0.102157592773437 0.273391723632813 0.129928588867188 0.0483932495117188
0.155838012695313 0.234329223632813 0.10760498046875 0.14703369140625
0.286834716796875 0.090667724609375 0.172256469726563 0.113845825195313
0.218582153320313 -0.0841522216796875 0.18609619140625 0.00993347167968749
0.101425170898438 -0.186264038085938 0.119285583496094 -0.05853271484375
-0.0533294677734375 -0.169998168945313 0.0254669189453125 -0.0532913208007813
-0.133308410644531 -0.106193542480469 0.00341224670410155 -0.00588464736938477
-0.146194458007812 -0.112518310546875 0.0368766784667969 0.0266647338867187
-0.16839599609375 -0.0853271484375 0.0521430969238281 0.0625
-0.120613098144531 -0.11651611328125 0.0291290283203125 0.110641479492187
-0.0489654541015625 -0.179473876953125 -0.0218429565429688 0.109230041503906
0.0741424560546875 -0.186920166015625 -0.105316162109375 0.0696792602539063
0.242919921875 -0.0531768798828125 -0.117034912109375 -0.0113601684570313
0.23016357421875 0.096038818359375 -0.043792724609375 -0.0704193115234375
0.1737060546875 0.233688354492188 0.0326042175292969 0.0575027465820313
0.031280517578125 0.218399047851563 0.158340454101563 0.138900756835938
0.0899810791015625 0.210693359375 0.1287841796875 0.1937255859375
0.219467163085938 0.108108520507813 0.147216796875 0.139846801757813
0.1842041015625 -0.046875 0.162139892578125 0.0575714111328125
0.0923614501953125 -0.146133422851563 0.11572265625 -0.00228118896484376
-0.042022705078125 -0.144622802734375 0.0577278137207031 -0.000335693359375009
-0.111862182617188 -0.0886459350585938 0.0591583251953125 0.0238151550292969
-0.124954223632813 -0.094757080078125 0.0889663696289062 0.045654296875
-0.148605346679688 -0.074920654296875 0.105888366699219 0.080322265625
-0.107009887695312 -0.102279663085938 0.0726089477539063 0.137161254882813
-0.0430755615234375 -0.159271240234375 0.00371551513671874 0.134910583496094
0.070587158203125 -0.158599853515625 -0.0849990844726562 0.0934066772460937
0.213119506835938 -0.0257415771484375 -0.105484008789062 0.007781982421875
0.178955078125 0.112014770507813 -0.00804901123046874 -0.0470848083496094
0.100555419921875 0.209503173828125 0.0682830810546875 0.124717712402344
-0.04229736328125 0.123970031738281 0.168289184570313 0.198043823242188
0.014190673828125 0.142868041992188 0.140228271484375 0.217453002929688
0.117927551269531 0.0920486450195313 0.123519897460938 0.149658203125
0.113365173339844 -0.0118484497070313 0.139976501464844 0.0849533081054688
0.06201171875 -0.0853958129882812 0.10772705078125 0.0346450805664062
-0.027008056640625 -0.094482421875 0.0817184448242188 0.0353546142578125
-0.0743484497070313 -0.0571670532226562 0.10302734375 0.041961669921875
-0.0865020751953125 -0.06304931640625 0.128013610839844 0.0569686889648437
-0.106521606445313 -0.0542373657226563 0.1480712890625 0.0951080322265625
-0.0789642333984375 -0.0760574340820313 0.104446411132813 0.159072875976563
-0.028045654296875 -0.121078491210938 0.0186614990234375 0.158737182617188
0.0622787475585938 -0.112686157226562 -0.0747299194335937 0.1142578125
0.161880493164063 0.004730224609375 -0.102645874023437 0.02105712890625
0.108375549316406 0.115997314453125 0.0138893127441406 -0.0237102508544922
0.0138397216796875 0.157760620117188 0.080169677734375 0.181106567382813
0.0619926452636719 -0.0661239624023437 -0.120132446289063 -0.207748413085937
-0.036224365234375 -0.0761566162109375 -0.0398139953613281 0.000846862792968753
-0.0771484375 -0.00942230224609376 0.1160888671875 -0.0211639404296875
-0.0408477783203125 0.0561332702636719 0.10577392578125 -0.14874267578125
0.0119209289550781 0.0648574829101563 -0.00254821777343748 -0.195999145507813
0.04913330078125 0.0311622619628906 -0.125625610351563 -0.183822631835937
0.0366325378417969 0.0121498107910156 -0.1905517578125 -0.09765625
0.0286006927490234 0.0182971954345703 -0.166641235351563 -0.0583648681640625
0.0266628265380859 0.0211925506591797 -0.139808654785156 -0.0383987426757813
0.00803184509277344 0.0214405059814453 -0.118690490722656 -0.049957275390625
-0.0196380615234375 0.0120334625244141 -0.125457763671875 -0.0452728271484375
-0.0410842895507813 -0.0254096984863281 -0.14654541015625 -0.0834197998046875
0.0077362060546875 -0.0643844604492188 -0.128402709960938 -0.16961669921875
0.0741806030273438 -0.06549072265625 -0.166549682617188 -0.212753295898437
0.1124267578125 -0.041168212890625 -0.18731689453125 -0.232025146484375
0.139663696289063 0.0295867919921875 -0.091461181640625 -0.223220825195313
0.0549888610839844 -0.0293540954589844 -0.0310688018798828 -0.00589752197265626
0.0208969116210938 -0.0337371826171875 0.135910034179688 -0.0188980102539063
0.00395679473876953 -0.00861358642578125 0.128952026367188 -0.153839111328125
0.00798892974853516 -0.0100202560424805 0.0156097412109375 -0.210189819335938
0.00372314453125 -0.017481803894043 -0.122207641601563 -0.191802978515625
-0.0257606506347656 -0.017059326171875 -0.190826416015625 -0.0969085693359375
-0.0320758819580078 -0.0242748260498047 -0.160812377929688 -0.053192138671875
-0.0344619750976563 -0.0193004608154297 -0.137779235839844 -0.0289306640625
-0.0211753845214844 -0.0369110107421875 -0.118904113769531 -0.0313720703125
-0.00320053100585937 -0.0586738586425781 -0.124343872070312 -0.027252197265625
0.0265274047851563 -0.078033447265625 -0.157546997070313 -0.0670166015625
0.110107421875 -0.0432052612304688 -0.138259887695313 -0.146377563476563
0.152450561523438 0.00274658203125 -0.169815063476563 -0.1881103515625
0.180404663085937 0.0683441162109375 -0.1688232421875 -0.2093505859375
0.191757202148438 0.133468627929688 -0.0416412353515625 -0.204345703125
0.141708374023438 0.04278564453125 -0.0034494400024414 0.00619935989379883
0.136825561523438 -0.0389251708984375 0.162216186523437 -0.0039825439453125
0.0695343017578125 -0.0728073120117188 0.160171508789063 -0.143234252929688
0.0187911987304688 -0.0917282104492188 0.046142578125 -0.209136962890625
-0.035675048828125 -0.0741119384765625 -0.100540161132812 -0.18572998046875
-0.0829315185546875 -0.049896240234375 -0.166717529296875 -0.08612060546875
-0.0899581909179688 -0.0632705688476563 -0.130287170410156 -0.0395050048828125
-0.0952682495117188 -0.0518264770507813 -0.112335205078125 -0.00867462158203125
-0.0595474243164063 -0.0821075439453125 -0.101715087890625 0.00444793701171872
-0.00992584228515625 -0.121147155761719 -0.114143371582031 0.0086822509765625
0.0645294189453125 -0.136054992675781 -0.1646728515625 -0.032012939453125
0.192306518554688 -0.052032470703125 -0.150100708007813 -0.110275268554688
0.21917724609375 0.04132080078125 -0.161209106445312 -0.15386962890625
0.2322998046875 0.151596069335938 -0.133163452148438 -0.156967163085937
0.205169677734375 0.226028442382812 0.0213470458984375 -0.146255493164062
0.200653076171875 0.12939453125 0.0371856689453125 0.040130615234375
0.244903564453125 -0.0169525146484375 0.185623168945313 0.0271759033203125
0.145965576171875 -0.117141723632812 0.188674926757813 -0.111221313476563
0.0450439453125 -0.164154052734375 0.081695556640625 -0.183074951171875
-0.061767578125 -0.129104614257813 -0.0634613037109375 -0.16064453125
-0.126274108886719 -0.0804672241210938 -0.120674133300781 -0.06622314453125
-0.135009765625 -0.0934906005859375 -0.081634521484375 -0.019256591796875
-0.145767211914063 -0.072052001953125 -0.0654144287109375 0.0168380737304687
-0.0978317260742187 -0.109832763671875 -0.0653610229492188 0.045501708984375
-0.031890869140625 -0.1649169921875 -0.0890960693359375 0.0499420166015625
0.074920654296875 -0.183456420898438 -0.157135009765625 0.0111846923828125
0.2423095703125 -0.0731658935546875 -0.150772094726562 -0.0700225830078125
0.261260986328125 0.0578765869140625 -0.135116577148437 -0.1207275390625
0.255889892578125 0.205841064453125 -0.0811843872070312 -0.0886688232421875
0.17840576171875 0.28009033203125 0.0842056274414063 -0.0562515258789062
0.212478637695313 0.203277587890625 0.0811767578125 0.092529296875
0.309539794921875 0.0303955078125 0.193756103515625 0.0691680908203125
0.206573486328125 -0.1251220703125 0.2022705078125 -0.0585174560546875
0.0759735107421875 -0.20428466796875 0.110786437988281 -0.131378173828125
-0.0698699951171875 -0.166763305664062 -0.0176010131835937 -0.113754272460938
-0.146286010742188 -0.100372314453125 -0.0605506896972656 -0.0369491577148438
-0.159210205078125 -0.10943603515625 -0.0218486785888672 0.00404357910156249
-0.175918579101563 -0.080718994140625 -0.00532531738281251 0.0408515930175781
-0.1240234375 -0.119155883789062 -0.0155029296875 0.082733154296875
-0.0523834228515625 -0.185760498046875 -0.0547866821289062 0.0858383178710938
0.0715484619140625 -0.204605102539063 -0.134788513183594 0.049346923828125
0.259078979492188 -0.0819854736328125 -0.139595031738281 -0.0346908569335938
0.269485473632813 0.0699005126953125 -0.0950698852539062 -0.0936508178710937
0.242034912109375 0.231338500976563 -0.0206127166748047 -0.0149517059326172
0.119888305664063 0.280410766601563 0.135383605957031 0.0476303100585938
0.17437744140625 0.236221313476563 0.117050170898438 0.150711059570313
0.303680419921875 0.078033447265625 0.181793212890625 0.110565185546875
0.223541259765625 -0.0993499755859375 0.19390869140625 0.00213623046874999
0.0946197509765625 -0.199295043945313 0.123062133789062 -0.0667037963867188
-0.064422607421875 -0.173492431640625 0.0256309509277344 -0.0559806823730469
-0.144195556640625 -0.102203369140625 0.00495433807373046 -0.00508594512939454
-0.160324096679688 -0.108856201171875 0.039642333984375 0.0250167846679687
-0.179733276367188 -0.0787811279296875 0.057647705078125 0.0607757568359375
-0.130477905273438 -0.114967346191406 0.0379409790039062 0.113113403320313
-0.0602569580078125 -0.182937622070313 -0.0183258056640625 0.115028381347656
0.06689453125 -0.197769165039063 -0.108070373535156 0.079559326171875
0.25018310546875 -0.0702362060546875 -0.123611450195312 -0.00794219970703123
0.24456787109375 0.0875091552734375 -0.0505142211914062 -0.0717086791992188
0.193252563476563 0.232833862304688 0.0355758666992188 0.0570907592773438
0.0437774658203125 0.226593017578125 0.168930053710937 0.139862060546875
0.104202270507812 0.213623046875 0.140945434570313 0.197097778320313
0.234161376953125 0.098846435546875 0.157806396484375 0.139480590820313
0.189361572265625 -0.0584259033203125 0.170578002929688 0.05194091796875
0.0877532958984375 -0.157638549804688 0.120895385742188 -0.00759124755859376
-0.051513671875 -0.147933959960938 0.06231689453125 -0.00226211547851563
-0.120590209960937 -0.0853958129882813 0.0644149780273437 0.0216827392578125
-0.136894226074219 -0.0908966064453125 0.0947418212890625 0.0408782958984375
-0.157943725585938 -0.0678863525390625 0.11468505859375 0.0763168334960938
-0.116500854492188 -0.099609375 0.0843124389648438 0.138046264648438
-0.0525054931640625 -0.162124633789063 0.00952148437500001 0.140396118164063
0.0645599365234375 -0.167922973632813 -0.0860671997070313 0.102592468261719
0.220138549804687 -0.0403594970703125 -0.110671997070312 0.011993408203125
0.192214965820313 0.106185913085937 -0.0121116638183594 -0.0506057739257812
0.11614990234375 0.212203979492187 0.07598876953125 0.124366760253906
-0.0380325317382813 0.131828308105469 0.182785034179688 0.200485229492188
0.02191162109375 0.14727783203125 0.15472412109375 0.22039794921875
0.127784729003906 0.0876541137695313 0.134765625 0.151565551757813
0.117050170898437 -0.0184326171875 0.149505615234375 0.0821685791015625
0.058868408203125 -0.0920333862304688 0.115272521972656 0.030670166015625
-0.03375244140625 -0.0963668823242188 0.0895538330078125 0.0332412719726562
-0.0794219970703125 -0.0547866821289063 0.110954284667969 0.0384902954101563
-0.09375 -0.05987548828125 0.135734558105469 0.050384521484375
-0.113571166992187 -0.0487899780273438 0.159469604492188 0.08868408203125
-0.0856552124023438 -0.0745849609375 0.117950439453125 0.15911865234375
-0.0358963012695313 -0.123077392578125 0.0254974365234375 0.164443969726563
0.0579910278320312 -0.119903564453125 -0.0739364624023437 0.1229248046875
0.168655395507812 -0.004486083984375 -0.106582641601563 0.0254974365234375
0.118537902832031 0.113517761230469 0.0120296478271484 -0.0268993377685547
0.022613525390625 0.163116455078125 0.09014892578125 0.182723999023438
0.0598373413085938 -0.0691413879394531 -0.13165283203125 -0.203750610351563
-0.0416946411132813 -0.0751571655273438 -0.0399131774902344 0.00468063354492188
-0.0788803100585938 -0.00526428222656251 0.11798095703125 -0.0257110595703125
-0.0367240905761719 0.0586204528808594 0.101043701171875 -0.156967163085938
0.0166664123535156 0.063934326171875 -0.0109405517578125 -0.201187133789063
0.0503463745117188 0.0282859802246094 -0.139129638671875 -0.18157958984375
0.0368003845214844 0.0100059509277344 -0.200790405273438 -0.0879058837890625
0.0293121337890625 0.0160312652587891 -0.174346923828125 -0.0486907958984375
0.0280475616455078 0.0188503265380859 -0.145187377929688 -0.0300750732421875
0.00909614562988281 0.0200538635253906 -0.125282287597656 -0.0450820922851563
-0.0191516876220703 0.0123538970947266 -0.1314697265625 -0.040374755859375
-0.0418891906738281 -0.0228080749511719 -0.152679443359375 -0.0782318115234375
0.00605773925781249 -0.0651702880859375 -0.137603759765625 -0.16693115234375
0.0717239379882813 -0.07049560546875 -0.179046630859375 -0.208236694335938
0.110496520996094 -0.0463943481445313 -0.199920654296875 -0.227569580078125
0.14404296875 0.024017333984375 -0.103668212890625 -0.21905517578125
0.0552558898925781 -0.032073974609375 -0.0319938659667969 -0.00166320800781251
0.0198860168457031 -0.0355491638183594 0.137237548828125 -0.0236740112304688
0.00480937957763672 -0.00935840606689453 0.123992919921875 -0.162338256835938
0.00832176208496094 -0.0116405487060547 0.00706481933593748 -0.21661376953125
0.00269699096679688 -0.0185184478759766 -0.134780883789062 -0.1900634765625
-0.0281047821044922 -0.0165691375732422 -0.19927978515625 -0.08697509765625
-0.0355148315429688 -0.0230941772460938 -0.167755126953125 -0.043304443359375
-0.036376953125 -0.0184822082519531 -0.142959594726563 -0.0205078125
-0.0233421325683594 -0.0381546020507813 -0.124755859375 -0.0255050659179688
-0.00606536865234375 -0.0609359741210938 -0.129776000976563 -0.021697998046875
0.0235519409179687 -0.0809478759765625 -0.164398193359375 -0.05963134765625
0.111564636230469 -0.049652099609375 -0.147140502929688 -0.143035888671875
0.155319213867187 -0.004425048828125 -0.181350708007813 -0.183090209960938
0.186248779296875 0.0607452392578125 -0.180755615234375 -0.204849243164063
0.202011108398438 0.127655029296875 -0.05255126953125 -0.202301025390625
0.146942138671875 0.03704833984375 -0.00377464294433593 0.00995922088623047
0.136863708496094 -0.0473175048828125 0.1639404296875 -0.009979248046875
0.068359375 -0.0775299072265625 0.15618896484375 -0.153579711914063
0.0140457153320312 -0.0957794189453125 0.0378570556640625 -0.216705322265625
-0.0404739379882812 -0.0740737915039063 -0.111831665039062 -0.184799194335938
-0.0878524780273438 -0.046630859375 -0.173873901367188 -0.077667236328125
-0.0976028442382812 -0.05938720703125 -0.136817932128906 -0.0319671630859375
-0.100166320800781 -0.0477523803710938 -0.115707397460938 -0.00128936767578125
-0.0649337768554687 -0.082122802734375 -0.104347229003906 0.00990295410156249
-0.0162734985351563 -0.124443054199219 -0.117477416992188 0.014984130859375
0.059326171875 -0.142227172851563 -0.170761108398438 -0.022308349609375
0.194656372070313 -0.063690185546875 -0.1583251953125 -0.105941772460937
0.225860595703125 0.03125 -0.171432495117188 -0.149139404296875
0.244125366210938 0.142578125 -0.142898559570312 -0.153701782226563
0.220794677734375 0.220657348632813 0.013214111328125 -0.146697998046875
0.211990356445312 0.121963500976563 0.0388832092285156 0.0430374145507813
0.249114990234375 -0.030609130859375 0.188446044921875 0.020111083984375
0.142807006835938 -0.126602172851563 0.187088012695313 -0.122161865234375
0.0359649658203125 -0.17083740234375 0.0753173828125 -0.1917724609375
-0.0695343017578125 -0.128677368164063 -0.0714111328125 -0.160797119140625
-0.132080078125 -0.0752792358398438 -0.125839233398438 -0.0599136352539063
-0.14459228515625 -0.087066650390625 -0.0850143432617188 -0.0149307250976563
-0.152938842773438 -0.0652618408203125 -0.066864013671875 0.02081298828125
-0.104804992675781 -0.106803894042969 -0.0640106201171875 0.0498313903808594
-0.0407562255859375 -0.167770385742188 -0.090118408203125 0.0555801391601562
0.0665435791015625 -0.190887451171875 -0.160919189453125 0.0215606689453125
0.243545532226562 -0.0886993408203125 -0.158203125 -0.064483642578125
0.269973754882813 0.045623779296875 -0.143753051757812 -0.116409301757813
0.2708740234375 0.195693969726562 -0.0872344970703125 -0.0864410400390625
0.196426391601563 0.27728271484375 0.0815505981445313 -0.0572967529296875
0.227188110351563 0.196212768554688 0.0854034423828125 0.0936203002929688
0.3173828125 0.012451171875 0.198760986328125 0.062835693359375
0.204574584960938 -0.137649536132813 0.202560424804688 -0.068939208984375
0.0660400390625 -0.21234130859375 0.107521057128906 -0.140296936035156
-0.0794677734375 -0.1663818359375 -0.0226974487304688 -0.115219116210938
-0.154144287109375 -0.093719482421875 -0.0618820190429688 -0.0338249206542969
-0.170425415039063 -0.101943969726562 -0.0228023529052734 0.00457191467285156
-0.184860229492188 -0.071685791015625 -0.00424957275390626 0.041778564453125
-0.131813049316406 -0.115669250488281 -0.010162353515625 0.085205078125
-0.062744140625 -0.185760498046875 -0.0527572631835938 0.0906982421875
0.061279296875 -0.212570190429687 -0.137039184570313 0.0598831176757812
0.2596435546875 -0.0992584228515625 -0.14520263671875 -0.0291595458984375
0.277938842773438 0.057037353515625 -0.102401733398437 -0.091796875
0.259567260742188 0.222579956054688 -0.0224285125732422 -0.0144481658935547
0.136306762695312 0.280868530273438 0.13861083984375 0.0454635620117188
0.190475463867188 0.231597900390625 0.12481689453125 0.150527954101563
0.313812255859375 0.061920166015625 0.188079833984375 0.105728149414062
0.223419189453125 -0.1124267578125 0.19683837890625 -0.00692749023437501
0.0854644775390625 -0.20867919921875 0.123100280761719 -0.0735397338867188
-0.0751800537109375 -0.17303466796875 0.0261650085449219 -0.0584259033203125
-0.151092529296875 -0.0959625244140625 0.00609254837036132 -0.0051102638244629
-0.170684814453125 -0.100814819335938 0.0411148071289062 0.022216796875
-0.187835693359375 -0.069091796875 0.0619583129882812 0.0577621459960937
-0.1387939453125 -0.109634399414063 0.0456314086914063 0.113029479980469
-0.07049560546875 -0.182952880859375 -0.0146560668945313 0.118988037109375
0.0572967529296875 -0.204788208007813 -0.1080322265625 0.0884552001953125
0.250503540039063 -0.0862274169921875 -0.126930236816406 -0.00284576416015625
0.253463745117188 0.0756683349609375 -0.0563430786132812 -0.0723190307617187
0.209518432617188 0.2269287109375 0.0381660461425781 0.0557479858398438
0.05596923828125 0.229293823242187 0.1767578125 0.13702392578125
0.117340087890625 0.211929321289063 0.151687622070313 0.195892333984375
0.244140625 0.0868988037109375 0.165252685546875 0.136077880859375
0.189605712890625 -0.0687103271484375 0.175430297851563 0.0449066162109375
0.07977294921875 -0.165283203125 0.124176025390625 -0.01336669921875
-0.060760498046875 -0.147903442382813 0.0660247802734375 -0.00510787963867188
-0.126312255859375 -0.0804290771484375 0.0692520141601562 0.0188484191894531
-0.145950317382813 -0.0838775634765625 0.0986404418945312 0.0351333618164062
-0.165191650390625 -0.0589752197265625 0.1212158203125 0.0701675415039063
-0.123008728027344 -0.0948867797851563 0.0944366455078125 0.135780334472656
-0.0617218017578125 -0.1611328125 0.0156097412109375 0.143539428710938
0.0565032958984375 -0.173965454101563 -0.0836639404296875 0.110404968261719
0.221298217773438 -0.054290771484375 -0.112831115722656 0.0168609619140625
0.201202392578125 0.0976715087890625 -0.0167160034179687 -0.0528602600097656
0.128997802734375 0.208236694335938 0.0825119018554688 0.121673583984375
-0.0313491821289062 0.136405944824219 0.194244384765625 0.197525024414063
0.0294647216796875 0.147842407226563 0.167282104492188 0.217315673828125
0.134742736816406 0.08135986328125 0.143218994140625 0.149002075195312
0.117958068847656 -0.0245361328125 0.156570434570313 0.076812744140625
0.0539779663085938 -0.0971298217773437 0.119964599609375 0.0261917114257812
-0.039459228515625 -0.0956497192382813 0.0952529907226563 0.029754638671875
-0.082916259765625 -0.0501327514648437 0.116836547851563 0.0321884155273438
-0.0993499755859375 -0.054229736328125 0.141143798828125 0.0419921875
-0.118736267089844 -0.04217529296875 0.167098999023438 0.079315185546875
-0.090545654296875 -0.0712661743164063 0.129531860351563 0.153900146484375
-0.0425796508789063 -0.122398376464844 0.0331268310546875 0.166732788085938
0.051605224609375 -0.1243896484375 -0.07061767578125 0.129592895507813
0.169662475585938 -0.015899658203125 -0.107559204101563 0.0301284790039062
0.127105712890625 0.108009338378906 0.00925827026367188 -0.0302333831787109
0.0310821533203125 0.163345336914063 0.100112915039063 0.180374145507813
0.0585861206054688 -0.0708847045898438 -0.137649536132813 -0.199569702148438
-0.0449371337890625 -0.0732879638671875 -0.0395545959472656 0.00783538818359374
-0.0791854858398437 -0.00226593017578125 0.118896484375 -0.0285263061523437
-0.0338554382324219 0.0593338012695312 0.0976104736328125 -0.160858154296875
0.0198822021484375 0.0631256103515625 -0.01690673828125 -0.203216552734375
0.0509223937988281 0.0257568359375 -0.146835327148437 -0.179092407226563
0.0362091064453125 0.00795745849609375 -0.206756591796875 -0.080474853515625
0.0293254852294922 0.0154361724853516 -0.177902221679688 -0.03997802734375
0.0284042358398438 0.0173797607421875 -0.147598266601563 -0.0239410400390625
0.00911712646484375 0.0176277160644531 -0.130165100097656 -0.041656494140625
-0.0188236236572266 0.0120372772216797 -0.135215759277344 -0.0363311767578125
-0.0424919128417969 -0.0208168029785156 -0.156417846679688 -0.0741729736328125
0.00458145141601563 -0.0654983520507812 -0.142623901367187 -0.1644287109375
0.0695343017578125 -0.0734176635742188 -0.185958862304688 -0.203948974609375
0.108810424804687 -0.0495529174804688 -0.20672607421875 -0.223846435546875
0.146621704101563 0.020355224609375 -0.111053466796875 -0.215652465820313
0.0551910400390625 -0.0336112976074219 -0.0316791534423828 0.00267791748046875
0.0192756652832031 -0.0372123718261719 0.137733459472656 -0.0271224975585938
0.00674343109130859 -0.0106124877929688 0.120513916015625 -0.167617797851562
0.00783061981201172 -0.0127296447753906 -0.000137329101562492 -0.21978759765625
0.00118446350097656 -0.0199813842773438 -0.143417358398437 -0.187576293945313
-0.0298728942871094 -0.0163993835449219 -0.205276489257812 -0.0790252685546875
-0.0377578735351563 -0.0218658447265625 -0.171432495117187 -0.036224365234375
-0.0386581420898437 -0.0180320739746094 -0.145355224609375 -0.0142364501953125
-0.0254554748535156 -0.0391082763671875 -0.128684997558594 -0.0214920043945312
-0.00836563110351563 -0.0629539489746094 -0.132827758789063 -0.0172805786132813
0.0215835571289063 -0.0823135375976563 -0.16748046875 -0.054290771484375
0.112457275390625 -0.0540313720703125 -0.151504516601563 -0.140670776367187
0.155670166015625 -0.009063720703125 -0.187149047851563 -0.179046630859375
0.188369750976563 0.0557708740234375 -0.187759399414062 -0.202133178710938
0.20855712890625 0.122451782226562 -0.0595703125 -0.198867797851563
0.149581909179688 0.0327301025390625 -0.0032825469970703 0.0139484405517578
0.137542724609375 -0.0536727905273438 0.16461181640625 -0.0125579833984375
0.0674209594726563 -0.0807647705078125 0.152816772460938 -0.158966064453125
0.0107803344726563 -0.0979156494140625 0.0318756103515625 -0.221084594726563
-0.0436630249023438 -0.0741348266601562 -0.118545532226563 -0.183578491210938
-0.0907516479492188 -0.0441741943359375 -0.17816162109375 -0.0712432861328125
-0.102043151855469 -0.0561752319335937 -0.13946533203125 -0.0256805419921875
-0.10321044921875 -0.0444564819335937 -0.117286682128906 0.00431060791015627
-0.0681991577148438 -0.08154296875 -0.105812072753906 0.0134124755859375
-0.0207595825195313 -0.126655578613281 -0.119682312011719 0.0190658569335938
0.0550689697265625 -0.1461181640625 -0.173965454101563 -0.015594482421875
0.195053100585938 -0.0721435546875 -0.162872314453125 -0.102890014648438
0.228546142578125 0.0249481201171875 -0.177093505859375 -0.145233154296875
0.249984741210938 0.135986328125 -0.148391723632812 -0.1507568359375
0.230941772460938 0.214874267578125 0.0091705322265625 -0.144378662109375
0.218887329101563 0.116256713867188 0.0404510498046875 0.0462570190429688
0.250717163085938 -0.0412750244140625 0.189544677734375 0.0169525146484375
0.14129638671875 -0.132888793945313 0.184371948242188 -0.127288818359375
0.030517578125 -0.17413330078125 0.071075439453125 -0.197372436523438
-0.0740890502929688 -0.127212524414063 -0.0772705078125 -0.160369873046875
-0.135879516601563 -0.0711593627929688 -0.127723693847656 -0.0545120239257813
-0.151626586914062 -0.08123779296875 -0.0868606567382813 -0.010894775390625
-0.157501220703125 -0.0594635009765625 -0.0672073364257813 0.0243186950683594
-0.109115600585937 -0.104606628417969 -0.0631294250488281 0.0520248413085938
-0.046295166015625 -0.168426513671875 -0.0904388427734375 0.0600433349609375
0.060455322265625 -0.19500732421875 -0.163589477539063 0.02935791015625
0.2437744140625 -0.099578857421875 -0.162368774414063 -0.06170654296875
0.27362060546875 0.036865234375 -0.1494140625 -0.1138916015625
0.279937744140625 0.187957763671875 -0.0908966064453125 -0.084930419921875
0.207611083984375 0.2735595703125 0.0802841186523438 -0.056396484375
0.237075805664063 0.1900634765625 0.0882797241210938 0.0958328247070313
0.320281982421875 0.00048828125 0.19970703125 0.0598907470703125
0.202163696289063 -0.14569091796875 0.201751708984375 -0.074859619140625
0.0585784912109375 -0.217254638671875 0.10498046875 -0.146316528320312
-0.0860137939453125 -0.16473388671875 -0.0246810913085938 -0.115699768066406
-0.158233642578125 -0.089569091796875 -0.0615463256835938 -0.0311660766601563
-0.177398681640625 -0.0954132080078125 -0.0228519439697266 0.00559043884277343
-0.18890380859375 -0.064208984375 -0.00290679931640626 0.042724609375
-0.136405944824219 -0.111000061035156 -0.00732421875000002 0.0854034423828125
-0.069976806640625 -0.185394287109375 -0.0513687133789063 0.094085693359375
0.054779052734375 -0.2161865234375 -0.1373291015625 0.0672988891601562
0.259002685546875 -0.1114501953125 -0.147994995117187 -0.02618408203125
0.282501220703125 0.04840087890625 -0.106971740722656 -0.0902481079101563
0.268890380859375 0.214447021484375 -0.0233802795410156 -0.0144977569580078
0.147903442382813 0.279922485351563 0.140113830566406 0.044830322265625
0.200225830078125 0.226531982421875 0.129409790039063 0.150787353515625
0.318603515625 0.048553466796875 0.191024780273438 0.102828979492188
0.221771240234375 -0.120437622070313 0.196914672851563 -0.0123748779296875
0.078094482421875 -0.213699340820312 0.122817993164063 -0.0789108276367188
-0.0816192626953125 -0.17193603515625 0.0265769958496094 -0.0598106384277344
-0.154708862304688 -0.091400146484375 0.00870609283447265 -0.00523376464843751
-0.1771240234375 -0.0938720703125 0.0428199768066406 0.0204391479492187
-0.192031860351563 -0.061065673828125 0.0637168884277344 0.0558204650878906
-0.142486572265625 -0.105575561523437 0.0502166748046875 0.111587524414063
-0.0771026611328125 -0.18121337890625 -0.0121688842773438 0.121597290039062
0.05078125 -0.208511352539063 -0.107421875 0.0954208374023438
0.248886108398438 -0.0980072021484375 -0.128547668457031 -0.000114440917968761
0.257736206054688 0.0673828125 -0.0605697631835937 -0.0727157592773438
0.218887329101563 0.221893310546875 0.0391998291015625 0.0542678833007813
0.0650787353515625 0.23028564453125 0.18170166015625 0.13604736328125
0.125839233398437 0.20928955078125 0.157485961914063 0.194717407226563
0.248504638671875 0.0767974853515625 0.169708251953125 0.133468627929688
0.18902587890625 -0.076446533203125 0.178009033203125 0.0405120849609375
0.0740203857421875 -0.169586181640625 0.1259765625 -0.0176849365234375
-0.0661773681640625 -0.146011352539063 0.0689697265625 -0.00690078735351563
-0.129096984863281 -0.0758895874023437 0.0725784301757813 0.01641845703125
-0.150680541992188 -0.0779266357421875 0.100616455078125 0.0303955078125
-0.16796875 -0.0515594482421875 0.124114990234375 0.065582275390625
-0.126258850097656 -0.0911941528320313 0.100418090820312 0.132568359375
-0.0678558349609375 -0.1590576171875 0.0192413330078125 0.1451416015625
0.050079345703125 -0.176422119140625 -0.082427978515625 0.116256713867187
0.2200927734375 -0.064178466796875 -0.113723754882812 0.0186386108398438
0.205673217773438 0.0907135009765625 -0.0204086303710937 -0.0539779663085937
0.137283325195312 0.205108642578125 0.0851669311523438 0.119216918945313
-0.0263442993164063 0.139060974121094 0.20123291015625 0.195449829101562
0.0352630615234375 0.14581298828125 0.1737060546875 0.215911865234375
0.137901306152344 0.0746002197265625 0.148483276367188 0.14715576171875
0.117881774902344 -0.0294113159179687 0.159255981445313 0.073028564453125
0.0501022338867188 -0.100387573242188 0.123176574707031 0.0238571166992187
-0.0437469482421875 -0.0938491821289063 0.0999984741210937 0.0266189575195312
-0.0842742919921875 -0.0463180541992188 0.120384216308594 0.0278549194335938
-0.102607727050781 -0.04913330078125 0.143753051757813 0.0352935791015625
-0.120185852050781 -0.0365371704101562 0.171295166015625 0.072052001953125
-0.0923309326171875 -0.0674057006835938 0.137237548828125 0.149627685546875
-0.046722412109375 -0.120491027832031 0.0374298095703125 0.168212890625
0.04754638671875 -0.125938415527344 -0.0685501098632812 0.1336669921875
0.169769287109375 -0.022796630859375 -0.107658386230469 0.0320892333984375
0.131141662597656 0.103591918945313 0.00593185424804688 -0.0328330993652344
0.0363616943359375 0.1629638671875 0.104721069335937 0.177749633789063
0.0588302612304687 -0.0725860595703125 -0.143142700195312 -0.199111938476563
-0.0467987060546875 -0.0723342895507813 -0.0392189025878906 0.0104026794433594
-0.0800094604492188 -0.000579833984374988 0.12200927734375 -0.0294876098632813
-0.0314750671386719 0.0594062805175781 0.0977630615234375 -0.165512084960937
0.0210113525390625 0.0629310607910156 -0.0201263427734375 -0.20904541015625
0.0510025024414063 0.0240287780761719 -0.153594970703125 -0.180831909179688
0.0357704162597656 0.00764846801757813 -0.212799072265625 -0.0759429931640625
0.0295886993408203 0.0148391723632813 -0.18255615234375 -0.0351715087890625
0.0281982421875 0.0163688659667969 -0.150802612304688 -0.02117919921875
0.00889778137207031 0.0161285400390625 -0.136016845703125 -0.0402603149414063
-0.018341064453125 0.0117607116699219 -0.139495849609375 -0.0349197387695313
-0.0426826477050781 -0.0196685791015625 -0.159942626953125 -0.0738677978515625
0.00502777099609374 -0.0664215087890625 -0.14593505859375 -0.166976928710938
0.0682449340820313 -0.0758819580078125 -0.18963623046875 -0.205276489257813
0.109367370605469 -0.0512847900390625 -0.211288452148437 -0.226531982421875
0.14935302734375 0.0191497802734375 -0.1148681640625 -0.215621948242188
0.055389404296875 -0.0348014831542969 -0.0310192108154297 0.00580215454101562
0.0197792053222656 -0.0379180908203125 0.140838623046875 -0.0284271240234375
0.0079498291015625 -0.011601448059082 0.120834350585938 -0.171676635742187
0.00773429870605469 -0.0139856338500977 -0.00267028808593751 -0.22552490234375
0.000307083129882811 -0.0213108062744141 -0.149200439453125 -0.189376831054688
-0.0315208435058594 -0.0168895721435547 -0.210556030273438 -0.0758819580078126
-0.0407295227050781 -0.0217514038085937 -0.17584228515625 -0.0303497314453125
-0.0400962829589844 -0.0182838439941406 -0.148956298828125 -0.010650634765625
-0.0267524719238281 -0.0411796569824219 -0.13299560546875 -0.0198898315429688
-0.00937271118164062 -0.065093994140625 -0.137374877929688 -0.0156784057617187
0.0214309692382813 -0.0839004516601563 -0.171615600585938 -0.0518798828125
0.114219665527344 -0.0573654174804688 -0.15570068359375 -0.142364501953125
0.157333374023438 -0.01043701171875 -0.191146850585938 -0.1795654296875
0.191360473632813 0.0549163818359375 -0.19171142578125 -0.203567504882813
0.21441650390625 0.121566772460938 -0.0623626708984375 -0.199066162109375
0.15386962890625 0.03125 -0.00193595886230468 0.0177955627441406
0.139183044433594 -0.0575408935546875 0.167922973632813 -0.013763427734375
0.069061279296875 -0.0841751098632813 0.153564453125 -0.16387939453125
0.00882720947265624 -0.100013732910156 0.0296173095703125 -0.227142333984375
-0.0455551147460938 -0.0749282836914063 -0.124130249023438 -0.185775756835938
-0.0938796997070313 -0.0434722900390625 -0.182098388671875 -0.0687103271484375
-0.106636047363281 -0.0540618896484375 -0.143157958984375 -0.02203369140625
-0.107307434082031 -0.0432586669921875 -0.119560241699219 0.00769042968749997
-0.0708541870117188 -0.0831069946289062 -0.108253479003906 0.0157089233398437
-0.0227737426757813 -0.129318237304688 -0.123313903808594 0.0216140747070312
0.0543365478515625 -0.1502685546875 -0.177642822265625 -0.0118408203125
0.198501586914062 -0.0778350830078125 -0.167144775390625 -0.103973388671875
0.232864379882812 0.021759033203125 -0.181777954101562 -0.145675659179688
0.256546020507813 0.135330200195313 -0.151748657226562 -0.152023315429687
0.23834228515625 0.216079711914062 0.0074462890625 -0.143814086914063
0.22418212890625 0.114303588867188 0.0420074462890625 0.0500640869140625
0.254409790039063 -0.0472259521484375 0.19256591796875 0.0167236328125
0.142440795898438 -0.137908935546875 0.185577392578125 -0.132644653320313
0.0272369384765625 -0.17828369140625 0.070098876953125 -0.203521728515625
-0.07763671875 -0.128631591796875 -0.08001708984375 -0.16253662109375
-0.139884948730469 -0.0699462890625 -0.129798889160156 -0.0529708862304687
-0.157394409179688 -0.0789794921875 -0.08935546875 -0.00843048095703125
-0.161453247070313 -0.0566558837890625 -0.0686073303222656 0.0270843505859375
-0.113075256347656 -0.1051025390625 -0.0635910034179688 0.0543479919433594
-0.0507049560546875 -0.171722412109375 -0.0931015014648438 0.062591552734375
0.05902099609375 -0.200515747070312 -0.166610717773437 0.03460693359375
0.24725341796875 -0.107086181640625 -0.166458129882813 -0.0617828369140625
0.27947998046875 0.033905029296875 -0.154098510742187 -0.114044189453125
0.288238525390625 0.18701171875 -0.0932693481445312 -0.0848770141601562
0.217178344726563 0.275634765625 0.0809249877929688 -0.0544891357421875
0.244216918945313 0.189834594726563 0.0914306640625 0.09979248046875
0.32611083984375 -0.006256103515625 0.20318603515625 0.0604095458984375
0.204147338867188 -0.152114868164063 0.202835083007813 -0.078399658203125
0.0555572509765625 -0.222732543945313 0.1055908203125 -0.150390625
-0.0904083251953125 -0.165679931640625 -0.0257949829101563 -0.117782592773438
-0.162261962890625 -0.0875396728515625 -0.0614280700683594 -0.0308914184570313
-0.184524536132813 -0.091949462890625 -0.0240497589111328 0.00661849975585937
-0.193695068359375 -0.0603790283203125 -0.00333786010742189 0.0433998107910156
-0.140289306640625 -0.110557556152344 -0.00566864013671875 0.0865859985351563
-0.074615478515625 -0.188278198242188 -0.0517959594726562 0.0978851318359375
0.0519256591796875 -0.221878051757813 -0.139984130859375 0.0734100341796875
0.261337280273438 -0.1195068359375 -0.152191162109375 -0.0257110595703125
0.288543701171875 0.045013427734375 -0.111404418945312 -0.0918350219726562
0.277969360351563 0.213851928710938 -0.0239467620849609 -0.0148944854736328
0.15582275390625 0.282623291015625 0.143264770507813 0.0469970703125
0.207550048828125 0.226776123046875 0.13299560546875 0.1551513671875
0.324066162109375 0.042510986328125 0.193740844726563 0.104400634765625
0.223892211914063 -0.126419067382813 0.199325561523438 -0.0136871337890625
0.07476806640625 -0.21990966796875 0.124801635742188 -0.0827102661132813
-0.08563232421875 -0.1734619140625 0.0277252197265625 -0.0614471435546875
-0.158676147460937 -0.0901641845703125 0.0105209350585937 -0.00597763061523438
-0.183395385742188 -0.0903778076171875 0.043670654296875 0.0195732116699219
-0.196731567382813 -0.0565643310546875 0.0659942626953125 0.0550384521484375
-0.145721435546875 -0.104568481445313 0.053741455078125 0.11126708984375
-0.0816192626953125 -0.18280029296875 -0.0111160278320312 0.125312805175781
0.0476531982421875 -0.212356567382813 -0.10882568359375 0.101608276367187
0.251373291015625 -0.105850219726563 -0.132774353027344 6.10351562499811E-05
0.263641357421875 0.0640716552734375 -0.0640106201171875 -0.0743637084960938
0.226531982421875 0.220977783203125 0.040130615234375 0.0538215637207031
0.0712738037109375 0.233322143554688 0.185882568359375 0.139007568359375
0.131301879882812 0.209426879882812 0.1622314453125 0.198272705078125
0.253189086914063 0.071746826171875 0.17218017578125 0.136016845703125
0.19097900390625 -0.0802001953125 0.1805419921875 0.0400238037109375
0.07171630859375 -0.174468994140625 0.129264831542969 -0.0196075439453125
-0.0701446533203125 -0.147232055664063 0.0727157592773438 -0.00855255126953126
-0.131378173828125 -0.074615478515625 0.07647705078125 0.0145263671875
-0.155258178710937 -0.0742950439453125 0.10260009765625 0.0279769897460937
-0.1717529296875 -0.04742431640625 0.127235412597656 0.063140869140625
-0.129096984863281 -0.0898666381835937 0.105018615722656 0.131454467773438
-0.0712890625 -0.159805297851563 0.02093505859375 0.149276733398438
0.048614501953125 -0.179046630859375 -0.0825424194335938 0.120887756347656
0.222259521484375 -0.0702056884765625 -0.116310119628906 0.0189285278320313
0.211044311523437 0.0885162353515625 -0.0237579345703125 -0.05682373046875
0.143325805664063 0.206497192382813 0.0874557495117188 0.119728088378906
-0.023101806640625 0.14239501953125 0.205718994140625 0.198516845703125
0.0384674072265625 0.147506713867188 0.1787109375 0.218185424804687
0.140594482421875 0.0721435546875 0.151580810546875 0.149368286132813
0.119392395019531 -0.0320205688476562 0.162994384765625 0.07305908203125
0.0481948852539063 -0.102249145507813 0.126922607421875 0.0230712890625
-0.0464096069335938 -0.0945358276367187 0.104782104492188 0.02545166015625
-0.0857620239257813 -0.0456390380859375 0.125495910644531 0.025115966796875
-0.104873657226563 -0.0469818115234375 0.146286010742188 0.032012939453125
-0.12249755859375 -0.0327987670898437 0.17572021484375 0.0686187744140625
-0.093841552734375 -0.0662841796875 0.1427001953125 0.14849853515625
-0.0487747192382812 -0.120460510253906 0.0407562255859375 0.172210693359375
0.045745849609375 -0.127471923828125 -0.0684432983398438 0.138725280761719
0.171539306640625 -0.027313232421875 -0.11065673828125 0.0331268310546875
0.135490417480469 0.101936340332031 0.00300598144531251 -0.0348243713378906
0.040374755859375 0.165023803710937 0.107620239257813 0.178680419921875
0.0605697631835938 -0.0763778686523437 -0.149520874023437 -0.204483032226563
-0.0495223999023438 -0.0735549926757812 -0.0400238037109375 0.0131149291992187
-0.0828323364257813 0.0015106201171875 0.127792358398438 -0.0310745239257812
-0.0319480895996094 0.0612411499023437 0.100723266601563 -0.172744750976563
0.0234870910644531 0.0643959045410156 -0.02337646484375 -0.21826171875
0.0520401000976562 0.0236778259277344 -0.163299560546875 -0.186599731445313
0.03631591796875 0.00674819946289063 -0.22332763671875 -0.0737152099609376
0.0303916931152344 0.0149650573730469 -0.189620971679688 -0.030914306640625
0.0285453796386719 0.0149059295654297 -0.158050537109375 -0.01898193359375
0.00760746002197266 0.0147533416748047 -0.1444091796875 -0.03961181640625
-0.0188980102539062 0.011077880859375 -0.147613525390625 -0.0344085693359375
-0.04296875 -0.0192413330078125 -0.166900634765625 -0.0757904052734375
0.00488662719726563 -0.0686759948730469 -0.152069091796875 -0.173675537109375
0.0684738159179688 -0.07916259765625 -0.19677734375 -0.209991455078125
0.112052917480469 -0.053680419921875 -0.21856689453125 -0.234481811523437
0.155609130859375 0.0183563232421875 -0.1207275390625 -0.220199584960938
0.0569877624511719 -0.03558349609375 -0.0309181213378906 0.00904083251953125
0.02056884765625 -0.0396347045898438 0.14678955078125 -0.02880859375
0.0090494155883789 -0.0135393142700195 0.124038696289062 -0.179840087890625
0.00811958312988281 -0.0150623321533203 -0.00479125976562499 -0.235671997070313
-0.000209808349609373 -0.0224075317382813 -0.158233642578125 -0.19635009765625
-0.0340442657470703 -0.0165691375732422 -0.219985961914062 -0.0737762451171875
-0.0438652038574219 -0.0211257934570313 -0.183425903320313 -0.0267791748046875
-0.0434494018554688 -0.019805908203125 -0.15570068359375 -0.00747680664062501
-0.029388427734375 -0.0443153381347656 -0.140670776367187 -0.0186614990234375
-0.0108680725097656 -0.0693206787109375 -0.144561767578125 -0.014404296875
0.0227737426757812 -0.08697509765625 -0.178878784179687 -0.0520782470703125
0.118934631347656 -0.0609130859375 -0.16229248046875 -0.148162841796875
0.162857055664063 -0.0120697021484375 -0.200286865234375 -0.184005737304688
0.198822021484375 0.055877685546875 -0.199081420898438 -0.211074829101563
0.224029541015625 0.124725341796875 -0.0658111572265625 -0.20257568359375
0.160324096679687 0.031219482421875 -0.00100326538085936 0.0218124389648438
0.144317626953125 -0.062530517578125 0.1739501953125 -0.013824462890625
0.0716323852539062 -0.0887603759765625 0.15802001953125 -0.170852661132813
0.00739288330078125 -0.104530334472656 0.0284881591796875 -0.23797607421875
-0.0483779907226563 -0.0779190063476562 -0.131759643554688 -0.191986083984375
-0.0984649658203125 -0.04388427734375 -0.189254760742188 -0.06744384765625
-0.113166809082031 -0.0537185668945313 -0.1494140625 -0.0182342529296875
-0.112503051757813 -0.0432586669921875 -0.125175476074219 0.0111618041992188
-0.0750198364257812 -0.0864181518554688 -0.113777160644531 0.0178298950195312
-0.02630615234375 -0.135536193847656 -0.12957763671875 0.0244979858398438
0.055511474609375 -0.15692138671875 -0.18572998046875 -0.00840759277343749
0.205718994140625 -0.08447265625 -0.174697875976563 -0.10870361328125
0.241104125976562 0.0208892822265625 -0.18963623046875 -0.149459838867187
0.267074584960937 0.138534545898438 -0.157882690429687 -0.157180786132813
0.250350952148438 0.222396850585938 0.00709533691406252 -0.145660400390625
0.235260009765625 0.115829467773438 0.0447731018066406 0.0556488037109375
0.263885498046875 -0.0543365478515625 0.19952392578125 0.0182342529296875
0.1475830078125 -0.14483642578125 0.191131591796875 -0.13861083984375
0.02557373046875 -0.186233520507813 0.0713348388671875 -0.213851928710937
-0.0819625854492188 -0.133155822753906 -0.0847015380859375 -0.168365478515625
-0.146347045898438 -0.070465087890625 -0.134361267089844 -0.0529556274414063
-0.166290283203125 -0.077972412109375 -0.0931015014648438 -0.005828857421875
-0.169708251953125 -0.0564727783203125 -0.0709686279296875 0.0304336547851562
-0.118034362792969 -0.108543395996094 -0.0655555725097656 0.0568275451660156
-0.0550689697265625 -0.1783447265625 -0.0971298217773438 0.0672760009765625
0.0590972900390625 -0.209609985351563 -0.173202514648437 0.040374755859375
0.255508422851563 -0.1158447265625 -0.174484252929687 -0.0641326904296875
0.290863037109375 0.03216552734375 -0.16107177734375 -0.117446899414063
0.301300048828125 0.191802978515625 -0.0970916748046875 -0.0886917114257812
0.229705810546875 0.28436279296875 0.0835189819335938 -0.0541610717773437
0.255889892578125 0.193878173828125 0.0960540771484375 0.106513977050781
0.338165283203125 -0.01409912109375 0.210067749023438 0.0633392333984375
0.211257934570313 -0.159622192382813 0.209823608398437 -0.0818634033203125
0.053497314453125 -0.233154296875 0.109146118164063 -0.15936279296875
-0.0953826904296875 -0.172088623046875 -0.0269775390625 -0.122726440429688
-0.169418334960937 -0.0896759033203125 -0.0625343322753906 -0.0314788818359375
-0.194503784179688 -0.0909423828125 -0.0244350433349609 0.00767707824707031
-0.201934814453125 -0.05853271484375 -0.00274276733398439 0.0460624694824219
-0.146636962890625 -0.113784790039062 -0.00469970703125001 0.0892181396484375
-0.0798797607421875 -0.194473266601563 -0.05413818359375 0.103652954101562
0.051483154296875 -0.231307983398438 -0.145294189453125 0.080780029296875
0.269760131835938 -0.130050659179688 -0.160186767578125 -0.0265655517578125
0.300689697265625 0.043121337890625 -0.117355346679687 -0.0946884155273438
0.2921142578125 0.219207763671875 -0.0251388549804687 -0.0161685943603516
0.167083740234375 0.292572021484375 0.148910522460938 0.0511474609375
0.218215942382813 0.232040405273438 0.139450073242188 0.162429809570313
0.336456298828125 0.03753662109375 0.200592041015625 0.109100341796875
0.2313232421875 -0.132919311523438 0.206253051757813 -0.0153350830078125
0.0738525390625 -0.229660034179688 0.130363464355469 -0.0880508422851563
-0.090576171875 -0.17889404296875 0.0308456420898437 -0.0646514892578125
-0.164932250976563 -0.0915374755859375 0.0137100219726562 -0.00671100616455079
-0.192230224609375 -0.0891265869140625 0.0456809997558594 0.01959228515625
-0.204193115234375 -0.054351806640625 0.0689849853515625 0.056854248046875
-0.151718139648438 -0.106658935546875 0.0577163696289063 0.114181518554688
-0.0873870849609375 -0.187957763671875 -0.010986328125 0.1317138671875
0.0471038818359375 -0.220718383789063 -0.111953735351562 0.108695983886719
0.258880615234375 -0.114059448242188 -0.139442443847656 0.00025939941406249
0.274765014648438 0.0630950927734375 -0.069854736328125 -0.0778884887695312
0.238418579101563 0.2261962890625 0.0413627624511719 0.0550193786621094
0.078582763671875 0.242340087890625 0.1939697265625 0.145004272460938
0.13848876953125 0.214950561523438 0.169219970703125 0.20648193359375
0.262710571289063 0.069061279296875 0.179092407226563 0.1422119140625
0.1971435546875 -0.0851593017578125 0.187164306640625 0.0413970947265625
0.0710601806640625 -0.182266235351563 0.135345458984375 -0.021728515625
-0.074859619140625 -0.151351928710938 0.0784988403320313 -0.00994873046875001
-0.136566162109375 -0.0757904052734375 0.081634521484375 0.0126495361328125
-0.163421630859375 -0.0733184814453125 0.107307434082031 0.0268402099609375
-0.177963256835937 -0.045074462890625 0.133186340332031 0.0632171630859375
-0.133766174316406 -0.0910263061523437 0.111076354980469 0.133644104003906
-0.075408935546875 -0.164093017578125 0.0229949951171875 0.156173706054688
0.047821044921875 -0.185577392578125 -0.085174560546875 0.129173278808594
0.22894287109375 -0.0772705078125 -0.12225341796875 0.0189590454101563
0.219802856445312 0.0880126953125 -0.02740478515625 -0.0600395202636719
0.151199340820313 0.21295166015625 0.090789794921875 0.123504638671875
-0.020782470703125 0.148025512695312 0.214324951171875 0.207015991210938
0.041412353515625 0.151641845703125 0.185806274414063 0.226364135742188
0.145858764648437 0.070159912109375 0.157196044921875 0.155624389648438
0.12286376953125 -0.0341644287109375 0.170028686523437 0.07586669921875
0.0486907958984375 -0.106178283691406 0.133834838867188 0.0226974487304687
-0.0498123168945313 -0.0971908569335938 0.112113952636719 0.02532958984375
-0.0882720947265625 -0.0461044311523438 0.132369995117188 0.0222396850585938
-0.10986328125 -0.0462722778320313 0.152420043945313 0.0299835205078125
-0.126083374023438 -0.031036376953125 0.1832275390625 0.0674285888671875
-0.0980377197265625 -0.0676422119140625 0.150100708007813 0.150405883789063
-0.0526962280273438 -0.1236572265625 0.0438232421875 0.17974853515625
0.0464096069335938 -0.132118225097656 -0.0703277587890625 0.145965576171875
0.176132202148438 -0.0318145751953125 -0.115577697753906 0.0335845947265625
0.14190673828125 0.10272216796875 0.000419616699218761 -0.0379257202148437
0.0437469482421875 0.171035766601562 0.112228393554688 0.18487548828125
0.0618057250976563 -0.0816497802734375 -0.163528442382812 -0.210739135742188
-0.0540313720703125 -0.07421875 -0.0408401489257813 0.01702880859375
-0.0859832763671875 0.00403594970703123 0.135368347167969 -0.0354232788085937
-0.03118896484375 0.0638046264648438 0.102508544921875 -0.184539794921875
0.0274887084960938 0.0668067932128906 -0.031707763671875 -0.231552124023437
0.0544204711914062 0.0232582092285156 -0.179443359375 -0.19256591796875
0.0364418029785156 0.00606155395507812 -0.238189697265625 -0.0682220458984375
0.0318889617919922 0.0147819519042969 -0.201095581054688 -0.0240936279296875
0.0285778045654297 0.0143241882324219 -0.16754150390625 -0.0146331787109375
0.007965087890625 0.0145015716552734 -0.155609130859375 -0.0373687744140625
-0.0201778411865234 0.0111217498779297 -0.158248901367188 -0.0317230224609375
-0.044464111328125 -0.0187492370605469 -0.178115844726563 -0.07586669921875
0.00380706787109376 -0.0725021362304688 -0.164077758789063 -0.181350708007812
0.0688629150390625 -0.0840682983398438 -0.21087646484375 -0.216506958007812
0.115890502929688 -0.0583953857421875 -0.23431396484375 -0.245086669921875
0.16461181640625 0.015625 -0.131927490234375 -0.22802734375
0.0594291687011719 -0.0380325317382813 -0.0311393737792969 0.0126590728759766
0.0211410522460937 -0.0433158874511719 0.15570068359375 -0.03314208984375
0.00954341888427735 -0.0151863098144531 0.127410888671875 -0.193145751953125
0.00830745697021485 -0.0162439346313477 -0.0115966796875 -0.2510986328125
-0.00164222717285156 -0.0245742797851563 -0.174270629882813 -0.202713012695313
-0.0378799438476563 -0.0169258117675781 -0.234970092773438 -0.069183349609375
-0.0484619140625 -0.0210037231445312 -0.194259643554688 -0.02056884765625
-0.0477371215820313 -0.0192985534667969 -0.164718627929688 -0.002288818359375
-0.0334739685058594 -0.0471115112304688 -0.151107788085938 -0.0150299072265625
-0.0136566162109375 -0.0742568969726563 -0.155242919921875 -0.01068115234375
0.023223876953125 -0.0927734375 -0.191513061523438 -0.04962158203125
0.124885559082031 -0.06866455078125 -0.174880981445313 -0.153762817382812
0.170333862304688 -0.015625 -0.213470458984375 -0.18865966796875
0.212066650390625 0.0550689697265625 -0.213302612304687 -0.219802856445313
0.2403564453125 0.125595092773437 -0.07366943359375 -0.209487915039063
0.170135498046875 0.029083251953125 0.000976562500000011 0.0258560180664063
0.150527954101563 -0.0716552734375 0.184219360351563 -0.01678466796875
0.0737152099609375 -0.096710205078125 0.162338256835937 -0.183624267578125
0.00504302978515625 -0.110992431640625 0.02362060546875 -0.254150390625
-0.05340576171875 -0.08172607421875 -0.144989013671875 -0.199172973632812
-0.106109619140625 -0.043670654296875 -0.201751708984375 -0.0639801025390625
-0.122795104980469 -0.0519561767578125 -0.157882690429688 -0.0122528076171875
-0.121658325195312 -0.04229736328125 -0.13177490234375 0.017120361328125
-0.0822601318359375 -0.090576171875 -0.121253967285156 0.0224838256835937
-0.032135009765625 -0.143829345703125 -0.138168334960938 0.030242919921875
0.0550384521484375 -0.168136596679687 -0.196197509765625 -0.00280761718750003
0.216415405273438 -0.09600830078125 -0.187713623046875 -0.111846923828125
0.25555419921875 0.0164947509765625 -0.203628540039063 -0.152481079101562
0.286407470703125 0.14007568359375 -0.169097900390625 -0.1636962890625
0.271896362304688 0.227981567382813 0.00488281250000003 -0.1510009765625
0.251907348632813 0.116668701171875 0.0504150390625 0.0612640380859375
0.276168823242188 -0.06707763671875 0.210708618164063 0.0165252685546875
0.152740478515625 -0.158065795898438 0.197555541992188 -0.149368286132813
0.0211334228515625 -0.197906494140625 0.0693511962890625 -0.229644775390625
-0.089599609375 -0.139183044433594 -0.094207763671875 -0.175552368164063
-0.156478881835938 -0.070556640625 -0.142074584960938 -0.0517730712890625
-0.180145263671875 -0.0755615234375 -0.0981826782226563 -0.00160980224609377
-0.181472778320313 -0.053436279296875 -0.0741119384765625 0.0360641479492188
-0.128067016601562 -0.111343383789063 -0.0686492919921875 0.0616683959960937
-0.063751220703125 -0.1881103515625 -0.102729797363281 0.0749969482421875
0.056854248046875 -0.22369384765625 -0.182846069335938 0.0495147705078125
0.266494750976563 -0.13201904296875 -0.187149047851562 -0.0648040771484375
0.307952880859375 0.026763916015625 -0.173538208007813 -0.120880126953125
0.324066162109375 0.195770263671875 -0.103935241699219 -0.092529296875
0.251983642578125 0.29364013671875 0.0874176025390625 -0.0566482543945312
0.2763671875 0.197021484375 0.104820251464844 0.113670349121094
0.35552978515625 -0.026763916015625 0.223007202148438 0.06451416015625
0.219451904296875 -0.174758911132813 0.218551635742188 -0.089324951171875
0.04864501953125 -0.2476806640625 0.111709594726563 -0.172637939453125
-0.105499267578125 -0.179641723632812 -0.0309219360351563 -0.129287719726563
-0.181884765625 -0.0886993408203125 -0.0651664733886719 -0.0313262939453125
-0.209442138671875 -0.0875396728515625 -0.0254077911376953 0.00884628295898437
-0.2152099609375 -0.0543365478515625 -0.00123596191406251 0.0495681762695313
-0.1572265625 -0.115890502929687 -0.00252532958984375 0.0940933227539062
-0.090240478515625 -0.203262329101563 -0.05572509765625 0.11187744140625
0.048004150390625 -0.246078491210938 -0.150543212890625 0.09149169921875
0.280609130859375 -0.1463623046875 -0.170639038085937 -0.025848388671875
0.31927490234375 0.03692626953125 -0.128341674804687 -0.097991943359375
0.314544677734375 0.224456787109375 -0.0272464752197265 -0.0172042846679687
0.184967041015625 0.303955078125 0.15850830078125 0.0527496337890625
0.236282348632813 0.238479614257813 0.1519775390625 0.1712646484375
0.355255126953125 0.02777099609375 0.214157104492188 0.113143920898438
0.24139404296875 -0.147796630859375 0.217025756835938 -0.0190277099609375
0.0699920654296875 -0.2451171875 0.136520385742188 -0.0970840454101563
-0.100814819335938 -0.186935424804687 0.0331153869628906 -0.0697441101074219
-0.176849365234375 -0.0919036865234375 0.016016960144043 -0.00904941558837891
-0.207168579101563 -0.085479736328125 0.0487022399902344 0.0192832946777344
-0.217132568359375 -0.0497589111328125 0.0748519897460937 0.0584487915039063
-0.1619873046875 -0.107696533203125 0.0646209716796875 0.117431640625
-0.0980682373046875 -0.195358276367188 -0.00904846191406252 0.140792846679688
0.0435791015625 -0.233734130859375 -0.115364074707031 0.120948791503906
0.269424438476563 -0.129791259765625 -0.1490478515625 0.00238037109375002
0.292236328125 0.058990478515625 -0.0780105590820312 -0.0817108154296875
0.25830078125 0.233322143554688 0.0451850891113281 0.0567207336425781
0.0911712646484375 0.252761840820313 0.208267211914063 0.151901245117188
0.151229858398438 0.222259521484375 0.183273315429688 0.216110229492188
0.278030395507813 0.063201904296875 0.190750122070313 0.148147583007813
0.206192016601563 -0.0953369140625 0.197998046875 0.0410614013671875
0.0686187744140625 -0.194412231445313 0.143844604492188 -0.0268096923828125
-0.0831146240234375 -0.157211303710938 0.0844802856445313 -0.013916015625
-0.145706176757812 -0.0761260986328125 0.0886154174804687 0.00934600830078124
-0.174545288085938 -0.070098876953125 0.113868713378906 0.0245513916015625
-0.188613891601563 -0.0404052734375 0.142547607421875 0.0614471435546875
-0.142669677734375 -0.0926666259765625 0.122146606445312 0.136680603027344
-0.085174560546875 -0.169906616210938 0.027984619140625 0.165420532226562
0.0456695556640625 -0.1968994140625 -0.086883544921875 0.140579223632813
0.237884521484375 -0.0885162353515625 -0.130355834960937 0.0214080810546875
0.234146118164063 0.0863037109375 -0.0331535339355468 -0.0634918212890625
0.16522216796875 0.22039794921875 0.0978317260742188 0.127616882324219
-0.0164031982421875 0.156143188476563 0.230941772460938 0.215499877929688
0.0465087890625 0.15692138671875 0.2003173828125 0.2362060546875
0.154220581054687 0.0685272216796875 0.170272827148438 0.163177490234375
0.12890625 -0.0396881103515625 0.181137084960938 0.0771484375
0.04705810546875 -0.1136474609375 0.143020629882813 0.0200042724609375
-0.0553665161132813 -0.100250244140625 0.121475219726562 0.0219268798828125
-0.0936965942382812 -0.0463180541992188 0.142120361328125 0.017669677734375
-0.116996765136719 -0.0435256958007812 0.161376953125 0.026092529296875
-0.133926391601563 -0.0270767211914062 0.195419311523438 0.0639495849609375
-0.105049133300781 -0.0687637329101563 0.162063598632813 0.153778076171875
-0.0590133666992188 -0.127342224121094 0.050506591796875 0.190170288085937
0.0457305908203125 -0.139389038085937 -0.070892333984375 0.156402587890625
0.1839599609375 -0.0393524169921875 -0.12310791015625 0.0367202758789062
0.15191650390625 0.103134155273438 -0.00370025634765624 -0.0411148071289062
0.0513916015625 0.179168701171875 0.122344970703125 0.192047119140625
-0.0793422208720212 0.0157529811548679 0.0942743778574476 -0.254252756701698
-0.02160539743169 0.091281851373375 -0.0206402015940553 -0.0287903963076578
0.0451083661122857 0.078544550993706 0.120156188423343 0.0930257771608292
0.072349445924 -0.00157312894267109 0.215223744435824 -0.0179324204363057
0.0350977774272713 -0.0490003418958413 0.192399727006757 -0.166884131665324
-0.00181897468021294 -0.0341254928234704 0.0863141966948126 -0.254107656658888
0.000237422504329673 -0.0320449468373652 -0.0305911518859838 -0.256462171078104
0.00420307343659905 -0.0332540435425898 -0.0839296500150517 -0.209516160276114
0.00692388279525266 -0.0280565101469181 -0.0656248130271325 -0.168461734213697
0.0165388234035599 -0.0149864981783276 -0.0506836518645438 -0.159406290051386
0.0298697941640142 0.0106665437761638 -0.0522160150296939 -0.173276408366937
0.0218929455880625 0.0552287339473414 -0.0129945545128565 -0.213972731936929
-0.0451607703831171 0.0683337632863635 0.0662433235388617 -0.240077796689245
-0.0958021689237679 0.0125694496061576 0.0823567533873236 -0.28795659950729
-0.0922743433057048 -0.0524541431085707 0.03856800548293 -0.33258835515461
-0.0587340500055097 -0.122788021353152 0.105059390814014 -0.231190225226734
-0.0693367952322107 -0.0279108286809175 -0.0325434567764963 -0.00611618750762621
-0.0649414734694576 0.0167107725123077 0.128382655647906 0.145368261710979
-0.031547535026414 0.0220146333655529 0.252109869776628 0.0222974000940656
-0.0142930824109397 0.0321975616185484 0.236575971200994 -0.160623214837947
-0.00269254604704525 0.0429042581300668 0.109230262160558 -0.25885899063334
0.0206129512704612 0.0490564640516159 -0.0155656705927349 -0.25831445168934
0.0323566638110218 0.0502259244856893 -0.0776354662705493 -0.206805367584609
0.024347366879513 0.059908675448773 -0.0668220774542757 -0.162945876754283
-0.00636221281991758 0.0592249944898093 -0.0562341064216786 -0.140464883438156
-0.0395874385272831 0.0668206212397667 -0.0629156534326594 -0.150059246578797
-0.0875201985050696 0.0427916175662062 -0.0464278389478672 -0.194252797236144
-0.13275962637009 -0.0190840112354931 0.0276662927103964 -0.225215746158444
-0.106025911055769 -0.111684225893463 0.0418320830951837 -0.278971635521702
-0.0528073559092413 -0.189442924788772 0.0203953833776964 -0.311946830091945
-0.0170381206844408 -0.248639446669956 0.101796090484461 -0.166960834076738
-0.0914412753344586 -0.166731060450761 -0.0548853423177313 0.0419712495430535
-0.173962690437099 -0.0771792993977028 0.12055755242754 0.216183239150361
-0.15428535893416 0.0245847953897967 0.276061339758202 0.0881013824842712
-0.085516043717258 0.109212517113411 0.276177534236548 -0.126467996168162
-0.0172814115105886 0.120757405861042 0.132131068515118 -0.233657039844106
0.0321207385595599 0.126533826816097 0.00449901839621474 -0.227352216081961
0.0568750351552485 0.127022305716397 -0.0604770127750266 -0.172291031529421
0.0483273836898419 0.137778125592557 -0.0625646176220418 -0.126608813824817
-0.0106642540353459 0.126136758073382 -0.0640284807681542 -0.0941306822837285
-0.0793933882657955 0.128703507308957 -0.0848086482089115 -0.105887053737355
-0.174916372965382 0.0609983736776852 -0.0911668910386107 -0.16079061582382
-0.219455221431232 -0.0635421213856375 -0.0211265847457149 -0.203323936105996
-0.135029018884492 -0.200540029669851 0.00255710826553286 -0.250937145739412
-0.026422749074368 -0.296288333362428 -0.00630271619148889 -0.251313576930494
0.0406941590769672 -0.336968049109052 0.0797953964531727 -0.0676111369213133
-0.079012179592155 -0.296179283992149 -0.0878675935583554 0.109996941970063
-0.25236903228559 -0.190187349192236 0.0861613197718352 0.290285992089459
-0.271382134148085 -0.00194128862254095 0.269194884013258 0.169302445856839
-0.168016323551418 0.162631780377953 0.294127228668724 -0.0629616712879616
-0.0434275903215768 0.18415254789002 0.145697337074449 -0.175884614891544
0.0326530266280531 0.18788979024099 0.0248321254009794 -0.165817478485283
0.074013027181293 0.18440390623571 -0.0350715386861826 -0.111566093299757
0.0720205392594831 0.193879385412574 -0.0481684789294006 -0.0656051055351442
-0.000598254845360752 0.175451529135419 -0.0641040584969681 -0.0288277840092829
-0.0910719541379921 0.181512536601605 -0.102072708995176 -0.0471067616770508
-0.226182110133575 0.0936933455133317 -0.128130063068779 -0.111711462413059
-0.280690554106504 -0.0735940097698018 -0.0616907451140534 -0.169851866395318
-0.162041031717408 -0.249706387782333 -0.017127160585642 -0.206933971216829
-0.00760959423612347 -0.358317654510696 -0.0261003229416419 -0.160053244961432
0.0961486473727826 -0.367580939098869 0.038035211051215 0.053349656063394
-0.0342461851564309 -0.375271181511033 -0.127277807812388 0.183324600453965
-0.269740679110619 -0.287746241428428 0.0270181948387131 0.343410037960424
-0.338895499308488 -0.0539748506794115 0.219755396046439 0.240782677900619
-0.2326396477365 0.176089576996541 0.272208308298832 0.0180243664638496
-0.0708280303134613 0.216678406826751 0.140402969351646 -0.0930629009552994
0.0242156329049702 0.219715043218046 0.0414638043144965 -0.0827134096675233
0.0806473102100181 0.215005057388447 -0.00557378856171831 -0.0361103740341675
0.0873823426010259 0.220650720977748 -0.0255322088018885 0.00805583240592634
0.0120378161412663 0.201007045098666 -0.0544165118338867 0.0435093048833392
-0.0856765082731947 0.209850214030466 -0.109414969220046 0.0173900803970113
-0.241670359478643 0.113164880861717 -0.148360164828582 -0.0581521325164308
-0.302167132023784 -0.0756287304654684 -0.086172264101739 -0.131072384735558
-0.164367539450183 -0.265235296156939 -0.0151323228630277 -0.155675962439072
0.0165761736483116 -0.369450132873235 -0.0373290603055285 -0.055543703892744
0.130695086207991 -0.329164752704767 -0.0122908344786106 0.171906286660486
0.0220789345175311 -0.373337919189832 -0.160823200606769 0.246717161950835
-0.222455468884753 -0.326535902815121 -0.0387055861374965 0.356015556675504
-0.330936118030771 -0.100238704922906 0.141311956090933 0.27953341508398
-0.250421558199073 0.150973945245422 0.213024423355447 0.0910568753362751
-0.0851182338740809 0.211465356429611 0.116033189567773 -0.00464377419307383
0.0137265275976347 0.215969994828855 0.0504848281283917 0.00694924505617048
0.0736867979426117 0.212010160303634 0.0233465198513622 0.0428961318200406
0.0869777629155618 0.217499986896066 0.00118131001344932 0.0837110078440048
0.017294900869721 0.199130242689871 -0.0415743380054138 0.113452167556519
-0.0763286275126685 0.206953051481558 -0.112258937673768 0.0764198106010699
-0.229644685330919 0.1070816877579 -0.158126360658917 -0.0106206428762834
-0.283434301859655 -0.0829213778054023 -0.0971897122767545 -0.0976452348682077
-0.133983136483151 -0.258250728104993 -0.00196058264457128 -0.106494493884035
0.0484712721839376 -0.332168916583873 -0.0455634732758415 0.0464286665995757
0.132776012831159 -0.232574592590703 -0.0550600335138076 0.265685405596334
0.0615434802809937 -0.294138056789282 -0.173653615593217 0.287828713642957
-0.142321410130307 -0.286330771287508 -0.0846362894925978 0.330684543878152
-0.257612220735522 -0.113411385587032 0.0653302294759805 0.278231807520777
-0.213067052003079 0.10509547580566 0.141537355449394 0.138986816036172
-0.0775405790184563 0.17089964184844 0.0835826662657579 0.0718813941075095
0.00627974469333003 0.176696804672717 0.0548278862106056 0.0870398258552823
0.0580725347394554 0.1767135904677 0.0490891429559446 0.113226395343148
0.0721717291147359 0.183818675792464 0.0250710537413727 0.153085982771523
0.0130079211050298 0.17256801408457 -0.0327187932406279 0.173735552991527
-0.0679570009793339 0.176889737230774 -0.121326158310601 0.124158855880992
-0.198933431544731 0.0789512338099317 -0.165526178717081 0.021332409910959
-0.23155827555717 -0.0939795087446876 -0.104379313297363 -0.0759003688287592
-0.0789618020471354 -0.231601445174353 0.00979264278461015 -0.063896555797716
0.0834083483697374 -0.254236617908466 -0.0587247014771065 0.133842621938788
0.107193449272773 -0.0953824794688061 -0.0762897990518984 0.318239535973136
0.0752906953535166 -0.163207142827859 -0.157868468017024 0.304686085716983
-0.0585413549263753 -0.184154460310473 -0.098053593964069 0.287924128261988
-0.147721795854402 -0.0893145923436144 0.01681610373691 0.25231714121364
-0.136087747783887 0.0540319410089353 0.0829677157849496 0.161404093374404
-0.0526590571814224 0.106274426698167 0.0575121228226766 0.123593858561157
0.00139315674466342 0.111289451014998 0.0568235445613407 0.143327589679413
0.0351223330539129 0.115160147732349 0.0675197279114642 0.165023660405264
0.0461121105385539 0.125980756482244 0.0412355913401113 0.20779826663079
0.00406650570767959 0.125363565242121 -0.0329969750584734 0.218800031437221
-0.0559245784981514 0.125467961236473 -0.139609615318005 0.157272540687081
-0.148756823478206 0.0401016837953239 -0.17921822427538 0.0377097835997928
-0.155973923965312 -0.0956251342459956 -0.113013251520707 -0.0687034797343589
-0.0162624577852929 -0.178644457578276 0.0130100550138428 -0.0311171378351539
0.108238686936775 -0.143714463239474 -0.0814834156123802 0.198224446782585
-0.0804506056286449 0.0212967574958822 0.0794835162874227 -0.26965028467793
-0.0164294373133155 0.0944195279395752 -0.0247548830375566 -0.0264368144022953
0.0525982097414591 0.0780191055236423 0.131362630298 0.0901328238364095
0.0739973680653667 -0.0061441853218081 0.223560051549645 -0.0317218912301777
0.0311426969308246 -0.0531603888236133 0.189072720021194 -0.187113334815366
-0.0038967851751507 -0.0342353657137207 0.0712394187920944 -0.271408453934076
-0.000818179263814806 -0.032415882801935 -0.052168244336458 -0.262662852672748
0.00255105355320065 -0.0348754204285387 -0.10410995302058 -0.209221867286235
0.00602747409857107 -0.0285502387386661 -0.0819046013337456 -0.171659268667002
0.0168278455154215 -0.0149552728922483 -0.0659452088335079 -0.163750415243578
0.0316714555938006 0.00994783032195623 -0.0673143022977772 -0.177047355056359
0.025402281778223 0.0548662472456246 -0.0280719670499306 -0.221587467546977
-0.0427419195001764 0.0735874054686422 0.0550756206376179 -0.254507055596048
-0.0962200834814855 0.0184710585378776 0.0684083855646614 -0.301925781202323
-0.0986565699344894 -0.0481379760425702 0.0218634792436886 -0.348059735565577
-0.0690055570423582 -0.124387487906778 0.0926034509391595 -0.244966009134122
-0.073660842148665 -0.0257493241277552 -0.0354130405687455 -0.00132235681469661
-0.0666008871298223 0.021814389459095 0.142410524421423 0.144002954978542
-0.0323588746249553 0.0250155606778146 0.262987695746179 0.00772405683363621
-0.0136330587366112 0.0342897605643428 0.235628621977391 -0.184161963402671
-0.000366668789976755 0.0459826751181928 0.0951478663942051 -0.277360918703707
0.0260409213898439 0.0505453281869671 -0.0365915982048062 -0.266118482783854
0.0382151414621944 0.0500216840091722 -0.0977303097988851 -0.206581168433194
0.0310527558243564 0.0613855095651811 -0.082947392961528 -0.1648580012525
-0.0026212137474846 0.0635557946289941 -0.0707407858529116 -0.143195833285695
-0.0366478295086696 0.0731384218866633 -0.0781991175368755 -0.152360535084948
-0.0899280407164444 0.0501284436463878 -0.0617496803358246 -0.197910619522134
-0.14006255883193 -0.01085555002641 0.0157090706806153 -0.236602199431912
-0.116294945149416 -0.109161203355783 0.026760537786073 -0.290180026704639
-0.0676220216813258 -0.193984041711204 0.00299508137866595 -0.326090404442527
-0.0342843290493328 -0.257152039714769 0.0938112729693935 -0.178114578264558
-0.106437697628069 -0.16701629642667 -0.0551191969380152 0.0504892063561211
-0.186239723936583 -0.0672016057042968 0.139285207965841 0.218399467164272
-0.160428997176593 0.0356880170137393 0.292347548674034 0.0748009897174041
-0.081844437938193 0.119621581687801 0.279398457249877 -0.151724919685748
-0.00998130294942895 0.127499276662142 0.121342464613437 -0.252061795549867
0.0429381075979869 0.129923916358884 -0.0126954020751694 -0.23510581251463
0.0703857048766102 0.127779160333346 -0.0772955920900276 -0.172399686755429
0.06138932855672 0.140081149778141 -0.0756077028686396 -0.126227682219744
-0.00241036938405947 0.133206679590909 -0.075144389011064 -0.0942288034289801
-0.0735427860598249 0.14034130503512 -0.098077727395361 -0.105794280960178
-0.179077474340087 0.076215068550556 -0.106647563926459 -0.159792844455675
-0.232699585650106 -0.049544854237525 -0.0338003652554696 -0.211457589698401
-0.152629743596156 -0.2000279778878 -0.012820312534617 -0.260531305714409
-0.0478967064416191 -0.307857040981902 -0.0210267012358216 -0.261761253894663
0.0192954583085727 -0.354399799290681 0.0761735444711404 -0.0730382538044614
-0.102290749459777 -0.302328431366905 -0.0854086026420198 0.123305265674929
-0.276104439787755 -0.178230877177475 0.10812967794815 0.298131197658328
-0.283359740627595 0.0156930759863137 0.289787483152102 0.159420738298535
-0.163161524118795 0.181546879890114 0.301960705560294 -0.0874104171752311
-0.0327064857635037 0.194996952758337 0.140071682786269 -0.19210026073137
0.0473421380568789 0.192904334821941 0.0137941683359522 -0.172970739274498
0.0929039919262682 0.185933985118896 -0.0458243386234801 -0.112523615276643
0.0907923423434998 0.195847042908699 -0.056194301098524 -0.0642218746255358
0.0117682127623681 0.183405934737531 -0.0702389642778111 -0.0264410557454306
-0.0811701700581024 0.195724855027539 -0.111526736256714 -0.0420847642949931
-0.229762364867228 0.114052901958649 -0.142291139554993 -0.105697113641316
-0.298129742661815 -0.056271240503472 -0.0752118414483237 -0.174570944130705
-0.185343676891399 -0.24859404305463 -0.0308287099446579 -0.21453053606413
-0.032209957853633 -0.373491744998074 -0.0378727071738204 -0.165733812586373
0.073611176045841 -0.389608658108858 0.0413993244587195 0.0550039878041343
-0.060887803208604 -0.386251362817331 -0.121165557552089 0.201812860818882
-0.300473005554794 -0.27821682526745 0.0493951866864223 0.355969481017413
-0.357519997703466 -0.0338199955371231 0.242293839795456 0.237481986892342
-0.228551097156137 0.200454726433613 0.283927845993884 -0.00164569746052393
-0.0587444448555689 0.231054794714324 0.140303556031537 -0.106046066318246
0.0411316725153207 0.22686888237301 0.0378279223641248 -0.0877678050957774
0.100560959479149 0.216463175179847 -0.00870264542952742 -0.0360602465139503
0.108649198142982 0.223057845367133 -0.0263588784257814 0.010630490914961
0.0260285361929832 0.208485771795077 -0.0542861736242655 0.0487241192005237
-0.0729434162844286 0.224398263368808 -0.115008654618345 0.0250531947628899
-0.243973390115984 0.135250867357332 -0.160114496099103 -0.0480765169533208
-0.319502612402181 -0.0563554500891665 -0.098406281041423 -0.13309929737482
-0.188446723924126 -0.263525125256448 -0.0267305113539231 -0.162391795724737
-0.00870804575642256 -0.3863718034452 -0.042134516417272 -0.0556552554768407
0.111979888225119 -0.352263555513601 -0.00345092402029963 0.181308479178061
-0.00236280199581357 -0.388152708621391 -0.152275053955094 0.267918502836901
-0.253386228243824 -0.3220120638963 -0.0183142606913095 0.372432863435935
-0.350941658140376 -0.082972804647179 0.16261520969842 0.281992607221386
-0.249029659052293 0.174991915990627 0.227719960416171 0.0785337553186105
-0.0739355161454391 0.225368926666099 0.121710174408658 -0.0112537499493369
0.0295210125194365 0.222764941484154 0.054099770965106 0.00409238380842908
0.0947327189187636 0.213300947861451 0.0275670777580408 0.0430783756272084
0.10757351009912 0.21833106576946 0.00769445619271814 0.0872321703662407
0.0313653623896915 0.204891428155414 -0.0352352061020619 0.120397451843977
-0.0634735965567195 0.22016293778481 -0.114135957666071 0.087761531441843
-0.232141355270559 0.127135865241803 -0.166949713879572 0.00112179759163755
-0.299250722856273 -0.0650205003583494 -0.108279186515433 -0.0980252387107048
-0.156634473787933 -0.259363471694606 -0.0104802189375524 -0.11281523714155
0.0273788361109955 -0.349517502975094 -0.0441873161742276 0.0509715669246629
0.120198317714438 -0.251764546760745 -0.0422209871560847 0.281077428706558
0.0453048785929525 -0.308446552964144 -0.162965567671865 0.310193873597449
-0.166975602030834 -0.285621694619033 -0.0681848145599393 0.34942209614124
-0.275324488099132 -0.10167048307809 0.0837394671281206 0.285241857099542
-0.212993862142317 0.12410713519781 0.156932829496469 0.134692270956885
-0.0678406666503212 0.182810798073162 0.0934022819513176 0.069952625835172
0.0190550366098807 0.182861802095221 0.0651750091971122 0.0863432039310152
0.0744478380000774 0.178249482510657 0.0596928755992095 0.113186662213289
0.0894388004053569 0.184058938515543 0.0377466170818495 0.156408049396998
0.024859847361225 0.177770969870359 -0.0212101302441066 0.18233762061101
-0.0574144264124923 0.187704245190402 -0.118895709584456 0.138351722233963
-0.201449343991811 0.095591391613459 -0.17199073205224 0.0346781023298038
-0.246483238203313 -0.0802897255797999 -0.114574747841989 -0.075163141005451
-0.0985166035967389 -0.233870970404778 0.00433266117957617 -0.0697063778436143
0.0690314777406686 -0.270488379301391 -0.0523110942165548 0.143671678528952
0.102492107830665 -0.107163398242898 -0.0601049573764557 0.336689546314226
0.0666098551512513 -0.173587322483692 -0.146483196300065 0.327674825890539
-0.0733485810235423 -0.185315378633571 -0.0848363779133638 0.304802756278759
-0.159304735650001 -0.082671347945878 0.0324488924903881 0.261575451913339
-0.13616312246559 0.0657890100069512 0.0979783071984291 0.163241181904624
-0.0466293037353251 0.113652628730091 0.0702648706051844 0.125202405526002
0.00939210033129182 0.114516383500312 0.0717095515180145 0.144461913921556
0.0452565733590071 0.116154313471263 0.0839168538925553 0.164860799432974
0.0568648113731952 0.1255680401159 0.0592624684334449 0.211112096996528
0.0126252743506725 0.129260494376411 -0.0178742413368039 0.229646283494435
-0.048461848244174 0.133676204252284 -0.13467639481208 0.174375200205565
-0.152256377194337 0.0514955133809595 -0.184637696379261 0.0515430071159801
-0.167888885564134 -0.0872103284742088 -0.12308858962775 -0.0664444513500995
-0.028782986308923 -0.183568708589224 0.0101754222014923 -0.0361440889880563
0.102463625206847 -0.156997879133934 -0.0723807524388659 0.210994616605258
-0.0792885176244999 0.0264909675679892 0.0628334030516255 -0.277299328516163
-0.0103838978672975 0.0950063076172083 -0.0289126985667999 -0.0226619244384811
0.0577485950129959 0.0748861120373558 0.138783979024432 0.0861270447179385
0.0731338873268975 -0.0104242281299283 0.226477391525631 -0.0450587834514551
0.0261249729544625 -0.0553444456852375 0.181400205631278 -0.202796063746949
-0.00533785259997797 -0.0330559869923024 0.0539897164343221 -0.282355560122704
-0.00161631250146582 -0.0323326398389171 -0.0719005534899302 -0.261078529269631
0.000622230579892072 -0.0355673416505542 -0.120900255166438 -0.202384093505231
0.0053308625689335 -0.0281696725783692 -0.0967224104508513 -0.16913923454244
0.0168426051075591 -0.0149932490722898 -0.0798500219832366 -0.163428911282416
0.0320138265291982 0.0091101055033594 -0.0808376328350269 -0.175731177257189
0.028001330513836 0.0533365910295774 -0.0413692689066592 -0.222806300220868
-0.0383314071095217 0.0771825731575663 0.0423841851871492 -0.261842631784564
-0.0950015303858482 0.0235932854710987 0.053635416600034 -0.308321957995999
-0.102658881949959 -0.0424213489195444 0.00361466090343358 -0.357050603959222
-0.0774155603752006 -0.121939462033371 0.0778789464297303 -0.252350686044771
-0.0760787092914028 -0.0226657725808406 -0.0372336004438623 0.00324399660957993
-0.0667656723130637 0.026313055422668 0.153294976744535 0.139530664658257
-0.0329126446505119 0.0280698009492702 0.268887641265846 -0.00715519140851534
-0.0127835379927506 0.036144127773093 0.227861415870559 -0.203624357765212
0.00333833764515453 0.0478927494257812 0.0787732722634224 -0.289717140632071
0.0306389162480189 0.0499861625366387 -0.0569196177426538 -0.265810115541846
0.044010744315598 0.0481329895011683 -0.115180441812793 -0.199831480775763
0.0375973621086051 0.0610670539470988 -0.0970305861291489 -0.162242085299472
0.00238834187011462 0.0665109716263502 -0.0836943640789183 -0.142090169056321
-0.0322862010791343 0.0783136333051346 -0.0909525947699923 -0.150535927148113
-0.0892693840859247 0.0567958383853749 -0.0750377475900221 -0.197156026224702
-0.143522305422725 -0.00146005526279091 0.00305854930448523 -0.242779211979511
-0.123698783992868 -0.105324919185809 0.0114963626981874 -0.294856312553453
-0.0802130084780508 -0.192986647765984 -0.0144479874221335 -0.332925960713181
-0.0507247762503831 -0.260393847467204 0.0823561594533886 -0.184826915651539
-0.118013928824649 -0.163885064236956 -0.0533042110731174 0.0574488183710284
-0.19382303079905 -0.0550597191715814 0.154116909116537 0.215310037595673
-0.162666809215609 0.0467759620052478 0.301532846831595 0.059821632161149
-0.0756882423739083 0.127570985066887 0.274196029465135 -0.173467791859003
-0.00236041333416316 0.131153752593839 0.106596833034716 -0.264429082389498
0.0529650277233684 0.129511353757482 -0.0297695541357715 -0.236211508445962
0.0825219237197361 0.124109515986376 -0.0918937288822574 -0.167528500737306
0.0742674775951895 0.137895741397547 -0.0867349149571604 -0.122823537581879
0.00630035782304177 0.136428005815343 -0.0845100835718819 -0.0918515689358334
-0.0655485824912513 0.149076855214642 -0.108854796728881 -0.10120554491531
-0.178202678028704 0.0895658658612515 -0.119170091255474 -0.154218427616887
-0.240520703060191 -0.0341943386886167 -0.0468304756738459 -0.214765004596913
-0.16709626931092 -0.195405642266593 -0.028169575080711 -0.263021243754193
-0.0677295717500327 -0.309821696019097 -0.0365856332264582 -0.265620001163934
-0.00342649301002873 -0.362581144235175 0.0714607429895703 -0.0773903697744679
-0.121895097774296 -0.301087064145559 -0.0794511567414765 0.132535697222964
-0.292258035699123 -0.161527356217451 0.126429068189387 0.298379634605097
-0.288951335325958 0.0334292146530879 0.302673042320361 0.146624580741413
-0.153666674169399 0.195598031142172 0.300308162619962 -0.108905106661355
-0.0214016879611469 0.201461055908583 0.130049643321457 -0.204074427307079
0.0611684750424121 0.19345201163282 0.00217808198869223 -0.17563958003122
0.109006127912715 0.181680371771783 -0.0549302651941275 -0.108973178743549
0.107549811031404 0.191842813117088 -0.0629483569211615 -0.0608875535817777
0.0232373713541599 0.185996835926348 -0.0743101289843685 -0.0224809460689464
-0.0690141635636854 0.205332799258236 -0.119163686857967 -0.0359873159179619
-0.227398873602158 0.131933057716496 -0.151728883186623 -0.0964025375670131
-0.307087014449857 -0.0364951601822045 -0.0871673400082993 -0.175113757701893
-0.203320100887191 -0.241541900933432 -0.0454669738196035 -0.216050598572365
-0.0567544499899661 -0.378752518178401 -0.0476215045635672 -0.167172616092342
0.0488274108152069 -0.402251565146003 0.0434225099597551 0.0549884328316609
-0.0849975425706183 -0.388529370984644 -0.111405405975733 0.213891282429802
-0.322834263685883 -0.261137338424272 0.0701402329162373 0.359464183835503
-0.366789028089924 -0.0125920609252084 0.258638975320593 0.228821507797087
-0.218535883936301 0.218849768586918 0.288594161740309 -0.021421384256126
-0.0450833460097566 0.239390435158265 0.137010557140179 -0.115962808075519
0.0566924048617304 0.227737113498794 0.032864155812262 -0.0911981709711524
0.119587534968481 0.212080383329837 -0.012083718310269 -0.0347546297631748
0.12747827385372 0.217477625372849 -0.0263409123650726 0.0129971451248628
0.0391743073785646 0.20929324744597 -0.0529567250510382 0.0529132458435845
-0.0591463310710787 0.232305489993723 -0.117800552530662 0.0335603451148361
-0.239894465586176 0.153854565030951 -0.16669987045448 -0.0372719224947332
-0.328717017305365 -0.0346546166564076 -0.109133686886427 -0.131841242137176
-0.209356083901532 -0.257074598757691 -0.0388678154792657 -0.164481646424963
-0.0344063847531828 -0.39268506333558 -0.0466497115018703 -0.0544739564510787
0.0893187962241388 -0.365727750036666 0.00536737105832572 0.18598713420682
-0.0255442314375944 -0.394123258765144 -0.138560827159017 0.282320686874409
-0.277404922553385 -0.307871457923714 0.00121329336672672 0.380306677428756
-0.364160240377735 -0.0625025974322561 0.179829457638135 0.278414926469063
-0.24031115548188 0.194565513716186 0.236626606612264 0.0641648591675014
-0.0598576067370164 0.234790031441206 0.124158029157115 -0.018249062380603
0.0452792359834894 0.224620366022016 0.0568065983252171 0.000697124576443161
0.111834325215582 0.209691088451772 0.0316513037756424 0.0413457407914492
0.125783926698001 0.212968010835658 0.0138318695907753 0.0883538917629127
0.0450764947835523 0.206661163900441 -0.0281321542388391 0.12440734457719
-0.0497846736288008 0.226194437506881 -0.112524239096761 0.0974928806046188
-0.227995520585609 0.144726775842794 -0.169941605946836 0.0129961188312615
-0.308327080144672 -0.0455517565365741 -0.116938833291726 -0.0956270956432021
-0.175942532695669 -0.252670570234605 -0.0198448350003617 -0.116184505824958
0.00386825574636451 -0.357955209643241 -0.0415722077429773 0.0543382895051266
0.104423552118968 -0.264565883709527 -0.028395243656672 0.289512694235449
0.0276864569991286 -0.315127561006665 -0.147978288573183 0.324674414572811
-0.187590716063158 -0.277231449487099 -0.0504165269128815 0.359115410857397
-0.287657040366304 -0.0854122390333057 0.100987090254697 0.28626398584479
-0.207085937627899 0.141021886260888 0.168267254444509 0.126399537952025
-0.0562632883977689 0.190778371681506 0.101431429055783 0.0661538511371352
0.0312851394519626 0.184474771103598 0.0741667821660299 0.0836043657466849
0.0886072511935861 0.175017484149448 0.0696028987563422 0.10996041905484
0.104155073987254 0.179915053788833 0.0504297007668186 0.155730587185598
0.0372820058996402 0.179270479005735 -0.00868373030938197 0.186458026945352
-0.0452519424152995 0.193753500080404 -0.113855374595263 0.149020105226235
-0.198985104491915 0.109740568354845 -0.173668982506455 0.0467013879758268
-0.255255546440165 -0.0644998519776526 -0.12197832019077 -0.0719103439316466
-0.11466507506743 -0.229890594002468 -0.00163999404402197 -0.0733687622286706
0.0516931400650089 -0.280348297260798 -0.0441488535012656 0.149038938841385
0.0955075566793286 -0.116309335260438 -0.043688135450481 0.345768005869983
0.058156674434102 -0.179699177638428 -0.129068378089354 0.340088395684382
-0.0855737973133424 -0.181547697368022 -0.0685027224518662 0.314615840028935
-0.167351075581698 -0.0736217111827953 0.0480833170643909 0.265785440745639
-0.133301405796406 0.0758537959748428 0.110898315295605 0.159307372761542
-0.0385987435956455 0.11844724467989 0.0815184836609242 0.123433109991174
0.0170110042091318 0.115271476244063 0.0846800812025787 0.141249189149894
0.0539055117179318 0.114821308984766 0.0975599408833674 0.159743764432151
0.0663954511180276 0.122136945603676 0.0756189043994848 0.208791817401287
0.0217905211034541 0.130652546227653 -0.00252369817282742 0.233806855390694
-0.040507955148951 0.138005839330534 -0.12738041280252 0.186948458218646
-0.151260550950596 0.061481159749099 -0.184987092677402 0.0632430574915685
-0.174696352586917 -0.0761345480736385 -0.129585758352343 -0.0626396760692309
-0.0407458930858269 -0.182491020113329 0.00613517711233811 -0.0396593427801714
0.0928622575853076 -0.16615631997347 -0.0601730806321346 0.219749476239442
-0.0688992827509198 0.0523494381940874 -0.0357274834609987 -0.287193429877155
0.0245101975571945 0.09372953789891 -0.0394877981104381 -0.0120194595128423
0.0833892007437077 0.0479103411937729 0.156533594150315 0.0380014933739432
0.0652587062044872 -0.0377185990636488 0.201188249628805 -0.116793140838567
0.00414536181460032 -0.0618306030545386 0.104546470411964 -0.255029788160605
-0.0150969420478151 -0.0322273559491088 -0.0506597512579362 -0.286887991468323
-0.0134110382565642 -0.0322994516924163 -0.163591751113782 -0.216077966503709
-0.01215411769436 -0.0339014541567801 -0.185688186903002 -0.141762050969582
-0.00388826692895926 -0.028231589335562 -0.151790784568699 -0.125286102073002
0.0112689155506308 -0.0186805678334857 -0.134715500429101 -0.126609706664138
0.0341002812841469 -0.00233679966510195 -0.138998886986061 -0.136295625292837
0.0438557168223928 0.0409538571384588 -0.115097116853044 -0.196707833311727
-0.0100635083411067 0.0857719099134673 -0.0464685149806501 -0.264554925363011
-0.0814239114788171 0.0565158283019651 -0.0472127123931825 -0.308433866111709
-0.111209823158739 -0.00427616350339406 -0.109392676172447 -0.335342459046762
-0.122326030775392 -0.0917561926201307 -0.00812505755670525 -0.264891127424266
-0.0822288578946772 0.00613556110217512 -0.0311153000746459 0.0164065632232452
-0.0522839454719582 0.0488649172467693 0.194761623109165 0.0770892108728261
-0.0202035162888597 0.0395763369996937 0.25463750134753 -0.101898793095834
0.00142704863978425 0.0376244821908487 0.145156019026257 -0.275362903524577
0.0208860048238048 0.0410177305202453 -0.0326379111957274 -0.302845185521494
0.0469442772572817 0.0345401721441432 -0.153440106251429 -0.228696322565488
0.0574079889560719 0.0283495757047107 -0.182379020774893 -0.141079082256522
0.0581144126406763 0.0439006761181083 -0.151357485601901 -0.117127199458324
0.0254464409779324 0.0632059776311496 -0.131575288384945 -0.106474267357158
-0.00176054079952488 0.0859509926327123 -0.140022205449187 -0.11136913730813
-0.0662093428510179 0.0850729599505968 -0.136352745546957 -0.161355066698918
-0.136518656079466 0.0481206734067975 -0.0762698758623362 -0.23116575586284
-0.153412174747675 -0.0556781411841103 -0.0859553237617433 -0.279212578374442
-0.141076001852565 -0.157107583538163 -0.12402136473483 -0.304362896596448
-0.148025247055669 -0.235203166707004 0.0236444918652637 -0.197070851327331
-0.174963152718737 -0.112612350796959 -0.0201580025103522 0.0752712377900631
-0.202351935115561 0.0200502434833081 0.228292649241976 0.142910698234785
-0.134622506211974 0.106647048058774 0.309573185938472 -0.0568219318422324
-0.0240509989140956 0.145017380079605 0.195637853765125 -0.266084449746839
0.0455770884681226 0.12115589973637 0.00109797152060236 -0.289990994683738
0.0973729331880339 0.103597492157341 -0.118722369077422 -0.213838894858471
0.120585867858194 0.085721749243157 -0.150305014566522 -0.119423061372823
0.119307616003156 0.102199889907176 -0.128693600128695 -0.0832199874407947
0.0534386214412174 0.12783773779179 -0.115757912540922 -0.0593896317339481
-0.00810381475826863 0.16359106853254 -0.140942209438835 -0.0601596295321868
-0.138401914811124 0.148142470397599 -0.161176911722628 -0.107362442545796
-0.239175009802628 0.0515452044325377 -0.113385637992296 -0.187017446778946
-0.227010672508327 -0.125233481015637 -0.114436080451027 -0.234462933260401
-0.169193125826885 -0.274090291826822 -0.12618597636856 -0.23150629305641
-0.140519607582797 -0.350079453659537 0.0525409320193735 -0.0872388688859809
-0.229787303390879 -0.239896944486979 -0.0123104806902542 0.159008255130175
-0.334386202886151 -0.0433144206903863 0.238261024828119 0.22694509677115
-0.258615241611805 0.142487491328736 0.343498789006695 0.0196529745574808
-0.0712605518218036 0.237800918357619 0.241116877318964 -0.218896154544398
0.0527932705177549 0.194711823871227 0.0428792502498504 -0.243447021179034
0.128678303334278 0.161876595622547 -0.0668392153107595 -0.171156592162635
0.165877104871594 0.12995027567365 -0.096433748247907 -0.0787596213880881
0.170239260100297 0.139700719485777 -0.0838917956513661 -0.0334638534289528
0.0874937900169637 0.16800852241215 -0.0827600502972045 0.00122899817695946
0.00851414729506008 0.216671095071692 -0.128768351094603 0.0042414285601489
-0.169481645089148 0.205283770140864 -0.172361701328045 -0.0423366563018838
-0.302249125441506 0.0735669166935116 -0.13673958057478 -0.134529679384065
-0.278337930686766 -0.15592560886575 -0.116767037587614 -0.184067597955595
-0.182665686386246 -0.344052234019499 -0.107117701965773 -0.133242818152357
-0.103874465491641 -0.406493451881905 0.0706209485553885 0.0510266978174019
-0.225341929045654 -0.33778712973918 -0.0121405869654695 0.250875089567509
-0.399216206858824 -0.12443658204733 0.211848507349094 0.30490572611601
-0.348303828965645 0.130913197878821 0.333075242429398 0.109357142389592
-0.123072379580829 0.283732434277228 0.260068432799151 -0.133744230488356
0.0441104459782814 0.239523351000723 0.07995249234151 -0.163100147371609
0.137023831985492 0.197606182619829 -0.00669979025553104 -0.104738183563387
0.186483469976039 0.154438567653803 -0.0298993747589674 -0.0274159173153102
0.197181627670808 0.156681271761238 -0.0239328853470698 0.0233330262436923
0.110797990001657 0.183635151383196 -0.035735857471633 0.0645006936103411
0.0275886290446809 0.237778005818762 -0.103999049962321 0.0687092220160492
-0.172766816392257 0.230665885186184 -0.166107659983832 0.01783330298519
-0.322152901065675 0.0825437368903257 -0.143972912283825 -0.0862850826691387
-0.288434990593211 -0.168146133999412 -0.0946132569067567 -0.137763810384016
-0.166276078483394 -0.366826928220281 -0.0704710627935027 -0.0276299564327855
-0.0506241623753104 -0.385960450848096 0.0774685960731017 0.188775192826151
-0.170744434019454 -0.364481507938095 -0.0172949970193414 0.327746479611986
-0.373660122967904 -0.185882370663298 0.155241585873536 0.351225949067498
-0.365055973173242 0.0826534072422025 0.277974793852451 0.186369696045015
-0.151940206156516 0.270114185462996 0.241941586298516 -0.0345532200554108
0.0287274386634072 0.240827636950474 0.103746797033154 -0.0668422409289541
0.124835793306678 0.199844620964324 0.0511661607117318 -0.0272525452009616
0.178610376668429 0.15547739082298 0.039231187959952 0.0274630389234141
0.193978072665557 0.153223760145415 0.0410999315552022 0.0786566559743819
0.115106105785855 0.178685170984307 0.0130461607434067 0.123966392553769
0.0335718576636854 0.228769977024924 -0.0757511703976226 0.126742702628682
-0.164908356181098 0.217268036307417 -0.152882358218395 0.0662324092824085
-0.306450093523976 0.0655832230934337 -0.139695680466546 -0.0496052074579673
-0.255425897643097 -0.175246141513138 -0.0612762318670738 -0.0988643295981067
-0.118676714704993 -0.345644404462903 -0.0305028889197484 0.0714939199687155
0.00259752753300159 -0.292737010184962 0.0778349158458181 0.296955461802284
-0.0898630896711426 -0.308718952674155 -0.0171748971248325 0.370978027247886
-0.277148677580749 -0.189552407822992 0.0946964177829879 0.354733322927219
-0.302182333812353 0.0313261789445698 0.205674493659153 0.226426301148645
-0.140239249819783 0.208094263757829 0.200632746679316 0.0509888265678705
0.0165567582801087 0.198913850074996 0.114826064698965 0.0221187789873857
0.0976483924834919 0.165723109042173 0.0987408854517086 0.044661360068483
0.14500519844615 0.131734987008091 0.100583404724545 0.0762377971299418
0.161361078763554 0.129862227828977 0.0998985609749584 0.128271112572113
0.0986638451675915 0.154890455699403 0.0528545812267006 0.175689178319639
0.0248934781606151 0.196372569017006 -0.0575421991496063 0.176859492306098
-0.150331130569278 0.172846942282341 -0.145029970197646 0.100182848744386
-0.26133550120089 0.0297457321261479 -0.137429661429006 -0.0252705370770769
-0.189433130727497 -0.175747775315075 -0.0309917099533155 -0.0654332192332125
-0.0465349866880145 -0.287319455109916 -0.000956082563804635 0.158311970115238
0.0507649037800626 -0.145254489855895 0.0770514764916735 0.352086134459999
-0.0089317433768454 -0.190318224268033 -0.00149331243624695 0.376398104279665
-0.14594323732282 -0.137019816596968 0.0547219703182818 0.323265792318026
-0.184182455711052 -0.00297848928545625 0.144901932015325 0.230677473767286
-0.0951178047037926 0.120558809830038 0.160129341705163 0.106776413376759
0.00814353100808467 0.125344779009007 0.119032905490433 0.084757830806771
0.0588560100645386 0.105406373983656 0.132307946198495 0.096694041297176
0.0910019785295202 0.0878524615857646 0.147015263630253 0.111784202086248
0.105514113678677 0.0894024416691201 0.14274974313257 0.167984011339023
0.0673631662796977 0.114429441011241 0.0768255655876742 0.218098791400879
0.0101296400206489 0.142067506849714 -0.0553985897293822 0.217424781199031
-0.122154622525253 0.110114904579113 -0.150730327434448 0.120303955889292
-0.189633402022224 -0.0106725678297432 -0.143456711090518 -0.0133897196149167
-0.102610455309177 -0.156322101844986 -0.0114863249730038 -0.0384244690677357
0.0314404161448624 -0.192242383810471 0.00931914665606797 0.226728597398444
-0.0675301040707764 0.0551394523280616 -0.0449353509384038 -0.289238715887414
0.0272515244165685 0.0929449783869603 -0.0407738458487101 -0.00797985700561167
0.0853610808700259 0.044942486285627 0.161521883428211 0.0356495101077446
0.0645307012423856 -0.0398769196691631 0.202277224470435 -0.125378679385741
0.000772840190718892 -0.0606286597471091 0.0973084676703245 -0.264063418429606
-0.0158998871638716 -0.0317442927795934 -0.0629377972795469 -0.290455282690426
-0.0144704080832891 -0.0321666903744323 -0.173204942241347 -0.211835093761313
-0.0137853039882261 -0.0340132146468615 -0.193187207942637 -0.134263444552105
-0.00396540926211547 -0.0284005571056956 -0.161234230668034 -0.120940548390623
0.011601312230684 -0.0187996642695768 -0.143954172163969 -0.123371035962266
0.0348278929305807 -0.00192252585422498 -0.146661458805003 -0.133822005038369
0.0448351485079954 0.0401657158723929 -0.122927324803977 -0.196313136501183
-0.00784862696752066 0.0875721982277548 -0.0531477099078338 -0.268522093171484
-0.0810305391603026 0.058772079832571 -0.0535960831752774 -0.311190015225789
-0.112385296840857 -0.000826931810959777 -0.119082608529205 -0.340299066370818
-0.127107132471209 -0.0904028023359316 -0.0163060206481449 -0.26636377152168
-0.0842664710154278 0.00757893154253108 -0.0310435973231945 0.0195746974230488
-0.0519279605436496 0.0512884092319363 0.201188120638501 0.0742492516214263
-0.0200648581520684 0.0415918845383782 0.257013876400721 -0.110929953407264
0.00174765610557526 0.0397661558967087 0.138276735471376 -0.285088636335214
0.023238152962929 0.0412328984058901 -0.0449345047070236 -0.307370070206123
0.0499379822582651 0.0341123605272084 -0.163687896734859 -0.224336887807305
0.0605386482273292 0.025915435507088 -0.18904380608098 -0.133321446155292
0.0620093086122897 0.0415301214511843 -0.160238578699851 -0.112581007830511
0.0288710696137893 0.0645749131452826 -0.139796864838737 -0.102530289888299
0.00163657727889787 0.0881073649678661 -0.147357928765732 -0.107721345996193
-0.0658906662764416 0.0898505958732986 -0.143260217973958 -0.159149932143416
-0.137816382589388 0.0543791170894868 -0.0834691529695201 -0.234397354963005
-0.158244929682211 -0.053456742595444 -0.0941236704446073 -0.280714371946012
-0.148159606539001 -0.155543263856219 -0.134067343974087 -0.307482231211081
-0.158841470846484 -0.234653257391493 0.0177722825953982 -0.198664166777994
-0.181705792076092 -0.109524542830269 -0.0177486486618207 0.0791102488220106
-0.204574503907115 0.0270480215392528 0.236387993858881 0.140374510290339
-0.135603855244118 0.11398375612039 0.313896535243073 -0.0656081650130316
-0.0200041233874038 0.149939359025969 0.189522938924932 -0.27835415008664
0.0505981975703753 0.122423815006612 -0.00919900020563647 -0.295115287298059
0.103172646388111 0.101949265991004 -0.127686084592808 -0.210590486578004
0.126757595769699 0.0810865423335473 -0.156869705472494 -0.112863184133
0.127346880304006 0.0975623237837571 -0.135120936306869 -0.0781941795285146
0.0594568383784201 0.128978266276842 -0.122094058710024 -0.0546993087817563
-0.00146868282941822 0.167067832992647 -0.148090272144584 -0.0552501470232406
-0.13644652149708 0.156722999809187 -0.166974693105765 -0.102973191271384
-0.242015737204895 0.0615458187857001 -0.120883546502929 -0.188314528702772
-0.234868328491288 -0.121426585253764 -0.122092763007495 -0.234382016367954
-0.181539844797797 -0.273392724073443 -0.134582346306412 -0.23230003420277
-0.154401102278669 -0.350760044328191 0.049726173059062 -0.0870086616426377
-0.240527372006586 -0.238090406899592 -0.00797014864079325 0.164010771058858
-0.339939256113785 -0.0319637540006011 0.248779662009902 0.225515574285604
-0.259704613179268 0.154876920355355 0.349756788870983 0.011120040189558
-0.0639832892933373 0.245111113790768 0.23636548115827 -0.231035560543501
0.0607495903979704 0.197097755453703 0.0357041922228402 -0.248576518985073
0.136710457244918 0.160284087066244 -0.0733211388827303 -0.169472860014823
0.174728433832752 0.124187241640492 -0.100651751578666 -0.0741280477148857
0.180526545404392 0.133344692496996 -0.0876754690163467 -0.0295354695755376
0.0946423120422437 0.168838540941743 -0.0854120499734679 0.00544270722358889
0.0167384451907616 0.219656714590898 -0.13306428640636 0.0107102955553347
-0.165598270059027 0.215536211243316 -0.177159465552945 -0.0364061033575259
-0.305805264806343 0.08589639081837 -0.145013609680806 -0.134102144638902
-0.289010327163782 -0.150418647002063 -0.124525077398915 -0.182999925979602
-0.198613185945112 -0.344817755808747 -0.111947502845118 -0.133041118590682
-0.120573970605142 -0.40928507953756 0.0720064653317105 0.0529471036654467
-0.23953135546119 -0.337592061058175 -0.0059735180189657 0.255898611370588
-0.408264121764177 -0.11215476349903 0.223961037838478 0.305712250122273
-0.352414254567938 0.144330752652058 0.342014398821999 0.104627718239285
-0.114113090403141 0.293724599993712 0.258347485027525 -0.145684682873946
0.0537147532421783 0.242686245125229 0.0768041150692813 -0.167920582239967
0.146959998474556 0.196417646982797 -0.00928391577214237 -0.105228946206967
0.196730059685828 0.148608562809302 -0.0308617093430045 -0.0253922725727094
0.207308740094757 0.14885234536692 -0.0233828214969614 0.0249322642876089
0.119138377072271 0.183576178422398 -0.034403672011344 0.0676759496360562
0.0367882575161389 0.240262724081024 -0.104870888963886 0.075598065445046
-0.168150751258071 0.241320006770349 -0.168551119465601 0.024826175640055
-0.324634130147527 0.097226828668856 -0.150425336236744 -0.0861153732638597
-0.299030378518256 -0.161050539364279 -0.101654205099903 -0.136587150634665
-0.183173513109008 -0.368335678885234 -0.0721122136905657 -0.0266513684061072
-0.0653010535331766 -0.389790933408333 0.082672141472409 0.191657754902976
-0.183573498323931 -0.366041048038261 -0.00916685511335743 0.3345301574604
-0.384883456064011 -0.175044358566532 0.166965356021359 0.35395420426354
-0.369896251100569 0.0961861229762781 0.288639387197911 0.184178791652982
-0.143966450433082 0.279914520372021 0.243865235328029 -0.0438271705111773
0.0384464141402471 0.244217504137663 0.104796414666531 -0.0706035672692412
0.133853058320816 0.197927604335314 0.051335643370177 -0.0299615360027129
0.189045786142857 0.149541409985634 0.0410359363016257 0.0265017496031382
0.202839727464465 0.145016979812523 0.0447429331228579 0.0778255753824879
0.123491776925689 0.17777116036426 0.0178226463917128 0.12556752434896
0.0423787610683191 0.230440028340744 -0.0737339527374991 0.13412799287307
-0.160737770559732 0.227099721825077 -0.153935281884546 0.0733302665531852
-0.308458611804653 0.0784671070754638 -0.146331262878656 -0.0479839248740185
-0.265461776630547 -0.169211407158913 -0.0675263054698896 -0.0978567016563749
-0.133240821019787 -0.348112226100243 -0.028067569963878 0.0732717976625605
-0.00838119307448001 -0.296169827296754 0.0851521605131556 0.301744602381165
-0.0997554328890452 -0.311603044810688 -0.00812712238307277 0.377756754544526
-0.285635096026652 -0.181423238739145 0.105736259112772 0.357790849817162
-0.306365057613163 0.042276516020201 0.215606955107848 0.22609307580832
-0.134025468376928 0.216411660187216 0.205562284921267 0.0451336495487982
0.0243118144069831 0.200773278153225 0.118578812574949 0.0192401142092523
0.105740231383028 0.165201008851221 0.103135149477507 0.0399027796404904
0.153341468621156 0.127737453980655 0.1050399419429 0.0728817890714813
0.168844083913167 0.123881792515932 0.105810523768017 0.12479964370199
0.105449516292145 0.154010426096572 0.0602774620679906 0.17609471817392
0.033333269460231 0.197701163545843 -0.0529884758015309 0.183184578952581
-0.146984833877453 0.181843849495641 -0.144786960561473 0.106881528524503
-0.263706838998304 0.039891303501985 -0.143449254424365 -0.0231064005567206
-0.197759518751489 -0.171155314437741 -0.0354458997585642 -0.0658662843767524
-0.0586054381456086 -0.290679216108762 0.00444254374328607 0.161011555549636
0.0449903393641191 -0.148066846827216 0.087371781876546 0.357642107646174
-0.0139427023591134 -0.192852601996823 0.00660990122407846 0.381965714514659
-0.150694242668989 -0.13279485418646 0.0640568744343118 0.32734068531765
-0.187668880757031 0.0026943890611264 0.154718715860596 0.232601926916456
-0.0908810970608279 0.125673569717999 0.166327169140544 0.103776535888856
0.0133255642220651 0.125768142400987 0.125996527011105 0.0825410259804168
0.0635926319792306 0.104338519328935 0.139129880193536 0.091730730526178
0.0963201814304116 0.0853942698969124 0.152336468423688 0.10576200772984
0.109908962240347 0.0859812009683051 0.151925237802847 0.163571922691255
0.0722971608560818 0.11364248491459 0.0869431193504839 0.218156927034723
0.0157218987673296 0.143386421639156 -0.0482930147406998 0.224363144044482
-0.120171509026695 0.116374329904428 -0.150904802457611 0.127054057681906
-0.192206901861971 -0.00327945791675581 -0.148680903912638 -0.0108367069374973
-0.109254068590772 -0.15380292048687 -0.014999587411101 -0.0396072877398903
0.0246979655455272 -0.196178852177002 0.0179846262901692 0.229742106596283
-0.067634823545285 0.0582664982315729 -0.0547469186920446 -0.296173404352769
0.0298481295372732 0.0939083089712032 -0.0422186076010656 -0.00400583226161451
0.0878771636467865 0.0421230064770342 0.169562755722755 0.0352521349479847
0.0641575814777492 -0.0424716406723567 0.206167974968706 -0.136401463599204
-0.00179502444568237 -0.0598834024355015 0.0917938469932446 -0.27785657120952
-0.0168531007561203 -0.0322418865108691 -0.0767543917321931 -0.298357015957077
-0.0153291234755578 -0.0330621361084954 -0.186658842924367 -0.210389210892332
-0.0156882385704554 -0.0343501174070915 -0.203307274365582 -0.128540869664234
-0.00445375304347395 -0.029351957622962 -0.173361604041247 -0.117539587103892
0.0121340699341569 -0.0191238816415194 -0.156048723080947 -0.121124112890929
0.0357752287102097 -0.00224204046629429 -0.155993337093985 -0.133095043581952
0.0462123168798345 0.0407818133334405 -0.132411737457061 -0.198536487643411
-0.0055811511022236 0.0899935216735194 -0.0616919424166587 -0.278300113504401
-0.0821469423066828 0.0615133362415359 -0.0607843233291847 -0.320176928966667
-0.115716814745352 0.00310654883718408 -0.13139475206844 -0.350468123786471
-0.134602146136915 -0.0899139767144642 -0.0245064723357829 -0.272871509855262
-0.0879458267398696 0.00901571428286537 -0.0308676255871598 0.0241846852212237
-0.0534099096201231 0.0534315401898365 0.210869364831289 0.0733860104350257
-0.0212272046728979 0.0440845723047275 0.263451423775029 -0.121403105879649
0.00281106426896174 0.0429798763159718 0.132602878083446 -0.301089062013646
0.0257299138694395 0.0422132821930109 -0.0578973521786473 -0.316386361635818
0.0538951176354752 0.0331229886741497 -0.17681140925893 -0.224633326379319
0.0638419671917928 0.0237995517560459 -0.199120458471451 -0.127668458406812
0.0669360821869347 0.0398223393211948 -0.171670793302945 -0.108336178207731
0.0327681426101592 0.0665201447815606 -0.151070665463612 -0.0994385000950826
0.00520923098792237 0.0922029584202644 -0.157540788538301 -0.105860347799881
-0.0660564977862749 0.0956543643775505 -0.152694654807523 -0.159176305437663
-0.141084527933727 0.060594697927822 -0.0929441591822085 -0.241393537192949
-0.166053902787729 -0.0516509383415289 -0.102298311994112 -0.287047799693771
-0.158126610408072 -0.156272519321591 -0.146997465062978 -0.314834470910079
-0.171802913243762 -0.237787333418416 0.011925233613661 -0.202444646213451
-0.191616378910997 -0.109328655932832 -0.0157534982755505 0.0837349745124916
-0.210617386789081 0.0353361313242223 0.249742789610715 0.139879043676094
-0.137733641862498 0.123178332271408 0.323169291344516 -0.0761942633617386
-0.0156417227861102 0.156975274090213 0.185901520838314 -0.294720292119148
0.0571218940377897 0.125197801464114 -0.0203329416565076 -0.305708114037021
0.111417810775973 0.102070398875156 -0.139290065393098 -0.211786430328582
0.135186975248145 0.0770209802523799 -0.164939845065366 -0.107064044282157
0.136318134673946 0.094063345840354 -0.144968959382083 -0.074285291370211
0.066127719059837 0.132340830455973 -0.129953926027942 -0.0512463674685107
0.00547352104705396 0.172965367467342 -0.155738520237616 -0.0505470564233213
-0.136853810719885 0.167501280966045 -0.176057128535266 -0.0999209395374863
-0.248801610632976 0.0727894471309905 -0.130686089531453 -0.192976666236345
-0.247981504986994 -0.118565697672497 -0.131891798452479 -0.237696404028719
-0.198560788503761 -0.276845913322189 -0.14547276552178 -0.236870869620112
-0.172493358275412 -0.357280516283071 0.0470528458433765 -0.0873253316906236
-0.255530523516674 -0.239971975271134 -0.00372423780711272 0.171071020000726
-0.350664556175531 -0.0208645875316736 0.263792793650949 0.226978067205925
-0.265240175910886 0.16948050171569 0.362247850487927 0.00322099340815877
-0.057238257972778 0.256588567064988 0.235738397845346 -0.247379940440819
0.0699814143711694 0.201658448502971 0.0280297449779003 -0.258243835441933
0.147317815574315 0.161777809965158 -0.0807550033864494 -0.170958426069205
0.187085682700038 0.118759529512787 -0.106261556800567 -0.0706914076145271
0.192245309453205 0.128523409904182 -0.0926918653821973 -0.0258906302854503
0.104423996246246 0.171559126543286 -0.0894693961653441 0.00983859538452411
0.0259624147494789 0.226394025948012 -0.138600137029615 0.01688817619009
-0.164299170701864 0.230807629419349 -0.183674770661892 -0.03166700513338
-0.312599520826449 0.101215853979886 -0.155537640592302 -0.136418640857952
-0.304002292047905 -0.14634381840784 -0.133763172994607 -0.184647414278256
-0.21839830147827 -0.350031735211675 -0.119884561889974 -0.134158952827899
-0.138673295050878 -0.417834955149294 0.0742206643578872 0.0561775393524618
-0.257739353886482 -0.341964942362419 0.000420373331693991 0.265897089149992
-0.423865012366766 -0.101129174214349 0.240036996813352 0.310072100523101
-0.361685446245897 0.162561628661609 0.357118729028163 0.100826183727074
-0.10662989472477 0.307463667534073 0.261046685463315 -0.16000306305698
0.06466408599012 0.249365899438247 0.0737606623069386 -0.175819910408229
0.159845118776407 0.197996804651522 -0.0130256049594747 -0.107553894758296
0.21063958837484 0.143176394481234 -0.0324475342574662 -0.0234957079498536
0.221233051361772 0.142967238058789 -0.0243581688010432 0.0264632925968707
0.129190084585974 0.185689226028085 -0.0338580674878609 0.0719102783455331
0.0470348856129165 0.245869817766372 -0.106756372484579 0.0841684507968954
-0.165899417480188 0.256408265030635 -0.174453408105858 0.0316503777685941
-0.331643267482494 0.11383226536055 -0.160700648403873 -0.0852112287405707
-0.314785501467161 -0.15680199583218 -0.110062933400749 -0.137791762572914
-0.205325807305287 -0.374020844957345 -0.075029913612977 -0.0256289659866041
-0.0821149093307816 -0.400819474588186 0.0888138713912748 0.199167613640535
-0.199629455256423 -0.37387813424816 -0.00132796766872078 0.345570903713401
-0.400624964356907 -0.165323169627753 0.182628251557894 0.36161278105915
-0.381206932361834 0.111404981907977 0.303947965763681 0.183977369019059
-0.137780155683663 0.295058897515328 0.24987740490938 -0.0536894106385029
0.0499511753155224 0.2505975988826 0.106761114152205 -0.0755859263606567
0.146147633292631 0.201131271425223 0.0532826771547655 -0.0327550113048203
0.201977330952613 0.145247237843568 0.0430979348124767 0.0257014420677121
0.216505874730314 0.139461741494945 0.0486001525799182 0.0781752622254376
0.133427171865458 0.179553123070245 0.0227827153271875 0.12911748454844
0.0529133338248152 0.23523681706471 -0.0720455157847501 0.142846162994943
-0.158659094825677 0.240665628795422 -0.157209555878844 0.0804979912648656
-0.314598858632751 0.093707908863412 -0.155119361586017 -0.0465331861466894
-0.279523964174925 -0.164884323339602 -0.0735923180927309 -0.0995801784669515
-0.151768496608879 -0.35631579262156 -0.026664578816589 0.0760572082275077
-0.0196382995306889 -0.304331703123561 0.0951465078224183 0.312470410366974
-0.112153302848961 -0.31955459372472 0.000234091856072809 0.390944115319061
-0.299631014906886 -0.176774908289963 0.11884069133788 0.367528604563711
-0.315498307774694 0.0545765524655938 0.230132024219003 0.229965098039931
-0.129816211588772 0.228632393538916 0.214096333727239 0.0400282870555375
0.0339224853634303 0.20541936598003 0.124818668782709 0.0165295969425075
0.11627186142808 0.16688154667845 0.109042122584073 0.0367683542406324
0.164184650889209 0.123741001083203 0.110107643037504 0.0697946544942821
0.179122792787219 0.11942347818049 0.114380719838318 0.122668885859106
0.114568893527533 0.155335774723637 0.0697243018319209 0.178609457027477
0.0409680161708189 0.201615113535106 -0.0479661473399701 0.192852085107551
-0.146675274091119 0.193586487267684 -0.147371394235974 0.115305102558789
-0.270027983726395 0.0513876717325562 -0.15151517811451 -0.0203161054208756
-0.209972135447663 -0.169139807414451 -0.0404636043536189 -0.0667197815158147
-0.0721161343219961 -0.298418071195509 0.0105472128693427 0.165998761425736
0.0405500314988451 -0.152617782041315 0.0978477809268924 0.369949057276138
-0.0194346571221498 -0.199194400021746 0.0156267883206647 0.395546147453942
-0.158734639672384 -0.131549469837669 0.0740120512871988 0.337504784298024
-0.193541550111397 0.00926537100792705 0.168441811164146 0.238058547846936
-0.0877919168234187 0.132680724915231 0.176306275268577 0.101840229965132
0.0194600816706547 0.127639565418959 0.13392080252305 0.081624540461079
0.0694948175575694 0.105160364786809 0.147295602542163 0.0880006502598069
0.103089771705385 0.0832076888577423 0.160147078115513 0.101155984584319
0.116476644579196 0.0823816238498406 0.162890063019357 0.16056633816057
0.0788194033212738 0.113915648700136 0.0984876182224523 0.22137316777773
0.0209659458656113 0.14645811788396 -0.0423174645135518 0.234181927218022
-0.120523626128804 0.124615007973015 -0.15278162888305 0.136128992413638
-0.196843815862804 0.00457712323511092 -0.156771850107357 -0.00819915764921083
-0.11671147024053 -0.154091348788347 -0.0184111494387774 -0.0408666534410782
0.0175693699484881 -0.203424903559334 0.0264031904183431 0.236773384862621
-0.0665438380225743 0.0626105435271248 -0.0715893195844596 -0.303372337999656
0.0348357796412051 0.0948741031425935 -0.0435315242157642 0.000467186429035278
0.0914035020863802 0.038010991513257 0.18066624234753 0.0304813816782617
0.0636809605192412 -0.0468910045079746 0.209132923814459 -0.152026734771606
-0.00519422707456878 -0.059916549979091 0.080355691539441 -0.294897788198088
-0.0191335975764026 -0.0324206011875541 -0.0975101795692467 -0.307427948081103
-0.0170308301939169 -0.0340897854610697 -0.204624170173239 -0.207918871637802
-0.0183979085491902 -0.0347874263142676 -0.215083842626858 -0.120170987827997
-0.00582461918249809 -0.0304402272106014 -0.188943472528252 -0.110536277998324
0.0127577105815797 -0.0201963859224614 -0.171332785565289 -0.11706247126206
0.0375367273949855 -0.00350591689567287 -0.170211857626711 -0.130496073002198
0.0491139160685624 0.0401230950610759 -0.147149230147974 -0.20009269149615
-0.00153056251238474 0.0930738320544027 -0.0755740057665557 -0.28761415239594
-0.0818346739261688 0.0680073283232586 -0.0747510802683363 -0.330504904137524
-0.118452563809987 0.00894080287541032 -0.152848985336109 -0.360781971957081
-0.144553475951032 -0.0880018319109291 -0.0380128725456826 -0.279773791014935
-0.0915812883695661 0.0121078581377992 -0.029887036031263 0.0290885215323633
-0.0535728431622315 0.0578909935246945 0.224562527859808 0.0676707936834754
-0.0212125254814888 0.0485580444622793 0.268691596972275 -0.139102776854394
0.00469519458010007 0.0463576772869931 0.121441338110474 -0.320847066869767
0.0295868533093044 0.0429046067938195 -0.0786869230801016 -0.327189510329916
0.0589195114415217 0.0319871254028878 -0.194689671945836 -0.222058283051634
0.0672458895418606 0.0207089851286222 -0.211297913629308 -0.118219815728072
0.07220232645804 0.0364037655298015 -0.186588881153749 -0.100613801544659
0.0383550613944581 0.0685175642038414 -0.164533997871489 -0.094447687447654
0.0113162907895382 0.0964196548963502 -0.169966282846224 -0.100952094670372
-0.0655710461791909 0.104646724808336 -0.166697014804405 -0.157506165672773
-0.143313402184281 0.0708765980184582 -0.107525683027548 -0.24899319427362
-0.175772922840993 -0.0461907661877454 -0.117020291519962 -0.29348277297697
-0.1723231275598 -0.155141220159808 -0.167268687955222 -0.32327047518444
-0.191882675590827 -0.239109894030352 0.00402851724712378 -0.207610985553338
-0.205592977117794 -0.105466106994953 -0.0119751418490818 0.0908684164796361
-0.217090874308631 0.0466281568415219 0.266993505650888 0.135270388688604
-0.138924037172837 0.136734100428853 0.333416611494498 -0.0929489768326353
-0.0071932682978956 0.165102534283239 0.176508057801317 -0.316778204525448
0.0659145419562865 0.128050615363312 -0.0375103966686776 -0.316731469428381
0.122088942164887 0.100498529876109 -0.156136180245984 -0.209866133281968
0.145662831423427 0.0716880619984658 -0.175309550387595 -0.0989852378113832
0.147541761781071 0.0878095303038078 -0.1556773258001 -0.0665808682274132
0.0765150573172429 0.13544869967938 -0.140013377474962 -0.044647132154573
0.0152760776651428 0.180663447628594 -0.165981479474862 -0.0431582191431141
-0.134957463060072 0.183121473630231 -0.18840008906702 -0.0948964256055609
-0.25497424805219 0.0885673448885466 -0.146523674124369 -0.196085376502338
-0.264741103136234 -0.11207795928093 -0.145798337606815 -0.241039799631521
-0.220957720131842 -0.279681087865338 -0.163026567401545 -0.240362536629423
-0.198936630298302 -0.362010111576588 0.0456351019284094 -0.0892797712464687
-0.278568891759422 -0.238334395660564 0.00454243189469779 0.179692332247077
-0.364647942890678 -0.00411389870432194 0.284949286872676 0.225166557240413
-0.269138015827575 0.190696427468512 0.378269420518611 -0.0114232078831839
-0.0440235832976386 0.269919979381432 0.230408423134386 -0.270411881243112
0.0835370995535555 0.207077588586253 0.0162127222535081 -0.269778185381375
0.164183822668602 0.160961892297291 -0.0928439771402836 -0.17233012666514
0.201657291857818 0.111278143787425 -0.112867388056712 -0.0648836116060844
0.20693503191933 0.120049476174823 -0.0984723518304178 -0.0195336535530063
0.117856298036205 0.173961796659302 -0.0935479796980858 0.0166046915040972
0.0395040923737423 0.233829537826767 -0.144279464397554 0.0270378521645791
-0.159857987369015 0.249461158147555 -0.194484208018245 -0.0226808329226923
-0.319882989443633 0.124287373297522 -0.170543558983963 -0.136101059539247
-0.324717542012393 -0.137698502875685 -0.147358317386269 -0.184500509547866
-0.247018569510286 -0.353575196309828 -0.13143299951042 -0.134536432297126
-0.166789401010606 -0.427305021445024 0.0796777340095237 0.0588791167342725
-0.285202948522481 -0.343556040669844 0.0129186966952328 0.278303433097602
-0.444200492711084 -0.082314933811296 0.263685144477383 0.312157142623805
-0.369080396373769 0.188053976029574 0.376478355451606 0.0899541085044053
-0.0926716697784852 0.326632973064105 0.26189460055611 -0.179864707783596
0.0807634763236799 0.255785720711726 0.0688181420202433 -0.186278415770891
0.178240192707376 0.197490261853994 -0.0190269941509619 -0.110614629358913
0.227520359218956 0.134722869651789 -0.0349143580981966 -0.0210745899303841
0.23755349958184 0.133017268718069 -0.0243123810048257 0.0304119603942572
0.145143868103223 0.186969793240215 -0.0322483180545477 0.0767846603877402
0.0622352298033661 0.252021578921523 -0.107119686622744 0.0941917154590453
-0.160100256853601 0.277746452895026 -0.180715905609063 0.0428935407861827
-0.338157489323188 0.137445797176368 -0.17384866618373 -0.0820052392665021
-0.336160452032555 -0.147342281828269 -0.12123327490593 -0.136872750070671
-0.234779302410817 -0.379034285437935 -0.0792294952740221 -0.0231957403417909
-0.106999575438054 -0.411311109465008 0.100720049051723 0.207661576848768
-0.226518279179004 -0.380939843948268 0.0134333573001894 0.361913770005335
-0.423064159739178 -0.15151116417198 0.205504830437544 0.367560436971364
-0.391642007970292 0.136597127021573 0.326040218614349 0.179551976331721
-0.12541907377707 0.313122781251569 0.256219546147497 -0.0686943988277762
0.0654555339553835 0.257707036562966 0.108742501066203 -0.083200410173113
0.165123812880559 0.200929764284209 0.0545509251780732 -0.0371613003618857
0.219347555923204 0.137192447595686 0.0456342020616203 0.0241146411787191
0.232236583790841 0.130128371364979 0.0541829086341549 0.0782709842600502
0.14858781543926 0.179858850923227 0.0308960343743012 0.132978851620088
0.0672833435526748 0.240592626344405 -0.0681103210696892 0.154008157149289
-0.153138428555141 0.259697899506373 -0.161201554566926 0.0935671790959641
-0.32133962822834 0.116365074291755 -0.166989979766059 -0.0413536903102343
-0.299621434485811 -0.157234330292538 -0.0823606799786249 -0.0990176832453845
-0.17944465826175 -0.362077577257594 -0.0237221938147795 0.0801031022360504
-0.0366387019007616 -0.313727797802014 0.111985528019876 0.324339214075567
-0.132031438544993 -0.328666608798507 0.0167440225955923 0.408350113741622
-0.31844187837294 -0.168109331596643 0.139679814775142 0.376506192151336
-0.326659471577363 0.0731706576986107 0.251706140183801 0.229994514969479
-0.120469550175975 0.243244602300891 0.22448022693147 0.0308147498381295
0.0465963929073613 0.210705465955298 0.132548531010687 0.0121426572358695
0.130102685286483 0.16666267273969 0.115945075322548 0.0319556344067548
0.178710429647786 0.118014448958541 0.117748642586218 0.065500578297431
0.192585745961485 0.111370780017126 0.124445263182716 0.120276580229713
0.127414541147967 0.154768449158434 0.0830230417171559 0.18142340716418
0.0532920401722873 0.206085482901068 -0.0395606032614085 0.204393685616337
-0.142728935199834 0.209949746961212 -0.148905419340805 0.127573747298031
-0.276825177484463 0.0689512410125518 -0.161766218180528 -0.0148685066757445
-0.226666105958841 -0.164276198502103 -0.0464163249983119 -0.0671725447833461
-0.0926771943188003 -0.305932140046912 0.0198284564686701 0.171444740226657
0.0341142400972184 -0.159278136138972 0.11807970041095 0.382949448429122
-0.0299733234048624 -0.206298440687162 0.0334222588645234 0.412128140021586
-0.169631381156819 -0.127427308867211 0.091805982030223 0.346941483261323
-0.200874658411193 0.0189726139538371 0.186706726225747 0.240105978820596
-0.0831619006635371 0.14167560384787 0.18939737631041 0.0973531017985676
0.0275111917275188 0.129280339930573 0.145922172319663 0.0790963143071398
0.0779104108550764 0.104658866849587 0.1587143854266 0.0821775891169891
0.111760355452156 0.0796226901902607 0.171141594266015 0.094170091684514
0.124611239350048 0.077906218432167 0.177470901151517 0.155137000622964
0.0887524995477835 0.113724983019042 0.115485050359863 0.222836035082877
0.0296066142724885 0.149784537618616 -0.0308480127811659 0.246357767818541
-0.120373729013638 0.136500635012106 -0.153640408324979 0.149925454669574
-0.202899425993803 0.0158370930482264 -0.165611271286801 -0.000884973999426715
-0.128616556482523 -0.153654260060608 -0.0223371144561173 -0.0415605654950327
0.00628645346575872 -0.211862044125374 0.0400230843259785 0.243567164053983
-0.0643828140649709 0.0667198374925211 -0.0939023616747067 -0.306963685430037
0.0410548356576658 0.0940787488542331 -0.0437587168425274 0.0054400128923149
0.094207513944014 0.0328303394467569 0.19114164809709 0.0214215035457426
0.0616386005476638 -0.0515976235879635 0.206059059577199 -0.170240734657279
-0.00963552513016705 -0.0598127628772988 0.0618476158514121 -0.30969254406708
-0.0221525928469568 -0.0323068992857346 -0.124425432632092 -0.309228872492638
-0.0198745110803238 -0.0343667978174904 -0.224531902023226 -0.197760031974107
-0.0217140810355196 -0.0336010358092217 -0.227709777993708 -0.106665319405266
-0.00796802579582048 -0.0323126688610687 -0.204395287625298 -0.0969007040050358
0.0126972310074855 -0.0214310087559998 -0.186750650130067 -0.107222197946427
0.039073154517968 -0.00583539477854934 -0.185213943385153 -0.12201647927212
0.0517019657726966 0.0387128169000055 -0.16362125267183 -0.195092680145949
0.00368821399043032 0.0956586547014225 -0.0952629669883911 -0.293309611504299
-0.0794894908931907 0.0745976576493103 -0.0950852979725327 -0.336208645387102
-0.119482405419092 0.0163295949146832 -0.178978722268545 -0.363698331443547
-0.155914222986912 -0.0822747687260799 -0.0568619512320061 -0.283064381206085
-0.0956881556312023 0.0177744334769027 -0.028243872230086 0.034059971182066
-0.0523977678545904 0.0625800305597478 0.237907054059188 0.057829408085053
-0.0197988744166189 0.0526142918416147 0.268874253476614 -0.159207980200131
0.00833236587468447 0.0484682863723204 0.101919975055866 -0.338788282296762
0.0330548148132688 0.0429910036038411 -0.104963965154776 -0.331514004977248
0.0635561370338225 0.0280937948498145 -0.215751712517141 -0.213034765965884
0.071906215863392 0.0155309089835065 -0.222689264262693 -0.105018292157433
0.0775901367226124 0.0312205249802748 -0.20041377358921 -0.0865599275933496
0.0455568720332421 0.0682014985788658 -0.177820121677665 -0.0833760974916261
0.0194218746833827 0.0987574708129377 -0.183129452947987 -0.0916891515965556
-0.0610329641442323 0.112808874244041 -0.180777972033385 -0.149986129423607
-0.143322304255891 0.0826585078319867 -0.127120477213346 -0.251025881472687
-0.183711356825835 -0.0366884393600714 -0.136098001066589 -0.294730592804241
-0.187409956655201 -0.148541606334698 -0.192609032188021 -0.323479179961212
-0.21440202252647 -0.23351265742779 -0.00865417379795301 -0.210610614569035
-0.22003418440545 -0.0962948278350327 -0.00603402350528573 0.0965891189205024
-0.220634967597725 0.0624533436766705 0.28373735907196 0.123294790056932
-0.135261424060362 0.151157673893796 0.338503136973479 -0.115174578253348
0.00440556355579314 0.170788179153056 0.158663990457267 -0.338459796708116
0.0769650455876807 0.128057684072351 -0.061414029313624 -0.323530577161733
0.134328816994065 0.0948396050936681 -0.174681233097199 -0.204469057652664
0.155283305043455 0.06132243276227 -0.184896016963539 -0.0874645669837175
0.158262368556991 0.0778467872341275 -0.166157882645512 -0.0538878543367495
0.0903151013299217 0.134901090174086 -0.148443760505849 -0.0345562777847067
0.0292246141578904 0.184568084375966 -0.175237271486648 -0.0312620304515996
-0.127415099503513 0.199649150979555 -0.200798984831566 -0.0836021404708117
-0.256325663485476 0.10978571490876 -0.165048180388711 -0.19376426008581
-0.280529852502298 -0.0975726292133231 -0.1637143299468 -0.238360729190205
-0.247389112604001 -0.272545659594024 -0.182668511668249 -0.238010955990937
-0.229484984442295 -0.359831250660632 0.0425387572694417 -0.0905700280365712
-0.303681590432639 -0.228428493904219 0.0157584832435035 0.186467728007923
-0.373882373334868 0.0206962349735358 0.307669603364445 0.214383488298288
-0.266104298807686 0.21641450196633 0.390518123647716 -0.0334525045463391
-0.025581593262004 0.281410898579606 0.217260745992456 -0.293983945605605
0.100882325720194 0.207371515379626 -0.00225599370382323 -0.278285179279939
0.181037812962435 0.153609114388488 -0.107441830926582 -0.169241018172598
0.215644044606063 0.0978679105192955 -0.11896473727819 -0.0562270616345281
0.221592308273481 0.104806425489221 -0.103790728220957 -0.0106003296194489
0.134689154045877 0.171979065606417 -0.0961861625744697 0.0257595997394846
0.0585418409527987 0.237201109733026 -0.147841879060386 0.0396176822094582
-0.148579015292914 0.269849038594432 -0.20191220970843 -0.00867788071704431
-0.320012395434004 0.150126458402487 -0.186603407987018 -0.130069523255075
-0.343952557526802 -0.119525125110632 -0.161922079190697 -0.18036767205032
-0.279493912887365 -0.346184766624845 -0.143823680305144 -0.129591318317833
-0.200899146789923 -0.427001430700835 0.0862432733858684 0.0602425115485452
-0.316619142432437 -0.337535771808682 0.0304495210443045 0.286769057529605
-0.460894491275597 -0.055061007679098 0.289694553840088 0.306360002665328
-0.368790010797959 0.219592585182112 0.395937291442042 0.0709897006889158
-0.0711666440067859 0.34150838329983 0.255574772208033 -0.20244808591618
0.101674847656124 0.257313002437592 0.0591546177981202 -0.195051773520608
0.198981687440141 0.191167689452818 -0.0260555175054922 -0.112141876726325
0.244367935643075 0.120013088395913 -0.0364594678867134 -0.0175119819935451
0.253984250754651 0.116190237353384 -0.0229716164705656 0.0347607101881755
0.163086121663362 0.183163591728937 -0.0278819239774851 0.0825778717621824
0.0818362701921003 0.25486378159568 -0.105430187289455 0.10756632971634
-0.145720275696419 0.298003854299285 -0.184286660377556 0.0583718596489261
-0.337910954351886 0.165916572021136 -0.187141474756155 -0.0734706989053536
-0.357234692230652 -0.127453898765895 -0.132571523955086 -0.13207750245324
-0.26902247359507 -0.373298703602903 -0.0827693142776804 -0.0185533664538557
-0.137603016690279 -0.413715714628066 0.117132356653832 0.211989840403483
-0.258417408300494 -0.378308576229416 0.0366673178293664 0.37295393563551
-0.443717206280446 -0.127715183430339 0.232002996181601 0.366655653456483
-0.396248733701584 0.16839438988457 0.349267196097669 0.167224149015246
-0.105622250194655 0.331306036429051 0.257581510625764 -0.088087115041493
0.0856425116515659 0.25960999270595 0.108580437328471 -0.0927112728742317
0.185237752571713 0.195332182143472 0.0539589491312175 -0.0419580640935604
0.235849759515085 0.122567119451437 0.048706535787712 0.0225809039271628
0.247424503811763 0.113328434245416 0.0609065796460049 0.0767215012495879
0.166771582838014 0.174788457620037 0.0410384194976174 0.134310596916133
0.0861205395512273 0.241863063503329 -0.0603384965501149 0.165204618452992
-0.139201811338427 0.280330282642317 -0.160572644776624 0.107598431106819
-0.320687598921855 0.142588186170752 -0.177653829241581 -0.0327387132186437
-0.319728448436925 -0.140516683105768 -0.0915179482378691 -0.095807587157787
-0.212288574477061 -0.359910645093196 -0.0187054514113129 0.0841418335389043
-0.0593649606904731 -0.318779469619115 0.134982595161379 0.330564601278631
-0.157140996623398 -0.330906077007526 0.0415144184232039 0.42086062226235
-0.336210698922734 -0.152002554183633 0.165016338504878 0.37960928899937
-0.332936651385072 0.0967590777530496 0.274903124733008 0.223236616021584
-0.105554710205345 0.257716463469885 0.232281353608316 0.0166388529302791
0.0632979276200386 0.211739123406776 0.139793658795143 0.00375585144434856
0.146783775990175 0.162369761314771 0.12224161898322 0.0237840228234199
0.192534720598913 0.10629463172376 0.125014048990368 0.0582697606922344
0.205358991903138 0.0979893252369577 0.13605174888517 0.11380415811944
0.142698531966679 0.149582106693334 0.0989873284848621 0.180194649907667
0.0689198270089376 0.206857003288706 -0.027763295452074 0.213170105067891
-0.132469851270105 0.226363674436032 -0.145575873410847 0.143044023271704
-0.27901720416213 0.0913322582575817 -0.170365206950333 -0.004505118916403
-0.243782246422297 -0.152651079961385 -0.0527836086277194 -0.0661230043316221
-0.118480830641747 -0.308005351717177 0.0322919089210902 0.174754714137907
0.0246127276215091 -0.16462625890707 0.144749363277902 0.39107643275809
-0.044110120684984 -0.21190341618873 0.0585903368638247 0.422951264725766
-0.181188998844033 -0.119889309018762 0.114957403488052 0.35139770224314
-0.20505452607071 0.0327655472134219 0.208729089235752 0.236802045714688
-0.0745283114853789 0.150094186677518 0.201720296698321 0.0874343739912231
0.0376649848319118 0.129316791598664 0.15763629624589 0.0718245085683325
0.0878709210279228 0.101337770543818 0.169190352562387 0.0721738619793841
0.120546946016316 0.0728174009757353 0.179635774240734 0.0844605575372035
0.133614698188421 0.0687946925706219 0.191916634245985 0.145147614706171
0.0987119137633935 0.110424857760153 0.134578111806238 0.219845550852005
0.0406812863761035 0.150817538905237 -0.014951663906055 0.255770678306795
-0.114613446263165 0.149651648273529 -0.149382758177727 0.165118636201955
-0.205939471502356 0.0299269551724834 -0.173005497288591 0.00972094762882824
-0.141991766371463 -0.14764313975037 -0.0261237110787893 -0.0419028659943946
-0.00898457737958543 -0.217364364125331 0.058368887541728 0.247958248206672
-0.0565684962474043 0.0729137200742662 -0.146177485494144 -0.287927171734282
0.0562452328141196 0.0845818393735049 -0.0454476259970889 0.0146100556465304
0.100686390486871 0.0125798234885381 0.191701428442412 -0.00696037986783717
0.0529957571833902 -0.0672401851719876 0.175540514276613 -0.199708892251499
-0.0218272092168219 -0.0626394257694588 0.00805920394892605 -0.318398291374469
-0.0343828661517013 -0.0327923239207906 -0.177691721962977 -0.283170583225608
-0.0313896552906769 -0.0315550417101222 -0.254861970972541 -0.153803336938196
-0.0306406896084415 -0.0279892162006805 -0.239368737164098 -0.0658261030800391
-0.0160220192890024 -0.0286126180514823 -0.218928714115057 -0.0625349531338133
0.00806339284861374 -0.0213780594013258 -0.205293909664229 -0.0776642600010276
0.0370221597265543 -0.0107515461801469 -0.203639261288008 -0.0930376998835481
0.0561497121927319 0.032729956556799 -0.190896858295164 -0.173001754831377
0.0157365104347745 0.0981360834073103 -0.13629349586996 -0.284740112803056
-0.0681917110820017 0.089514988575542 -0.139342739199954 -0.324167111670764
-0.119219001382874 0.0370219167550119 -0.225123972586946 -0.337366107512516
-0.175724854936229 -0.0558573877381905 -0.0968790118401189 -0.271655826304715
-0.0921508090148571 0.0362143150092418 -0.020672437336648 0.0357014319844076
-0.0376250012679646 0.0711170217146787 0.245135535351514 0.0124554062374589
-0.00573263716904999 0.0516749085298072 0.237615846763471 -0.205707443124241
0.016125794962012 0.0396226029384135 0.0387888124262081 -0.35514071705073
0.0332293948745014 0.0306340837635771 -0.16443768696865 -0.306619044433023
0.0660500758377991 0.0144031924640074 -0.253329469032399 -0.171782320613567
0.0699645828483473 0.00408467846043103 -0.235283262490134 -0.0629862413716206
0.080468103491688 0.0172981405682263 -0.214682227466381 -0.051800194927256
0.0584522085567517 0.0628151928236453 -0.194285311398596 -0.0561507295175791
0.0361160414771817 0.0962958383586392 -0.197938961238049 -0.0637893664258823
-0.0432191794769504 0.128734716068993 -0.200012499682776 -0.127324901810106
-0.131192522039605 0.110618023874788 -0.15913501694333 -0.235813305739117
-0.190265879283226 -0.00338865643463688 -0.176696238329845 -0.272717500289145
-0.213051405084063 -0.116718935866974 -0.235808616148403 -0.28984948637055
-0.2617336856316 -0.193787431733154 -0.0285418143181878 -0.205978387107228
-0.236492228509332 -0.0508641475801916 0.0196492652767669 0.0896444147633758
-0.201754969760965 0.10330442684625 0.305240662820316 0.0616111224854539
-0.100102308378371 0.173017160362869 0.313480137501767 -0.182468277465946
0.0357633024623147 0.159813354928076 0.0882303709225791 -0.365589954191492
0.0929215823471069 0.106930282786263 -0.12310709958953 -0.306673761926127
0.151338616288977 0.0678717654345901 -0.214371144135773 -0.17248674814842
0.16064934700495 0.0342089484884662 -0.194961260690742 -0.0504460946460475
0.169997072834947 0.0481018230892099 -0.175172244590367 -0.0234973177799139
0.115291717761369 0.121549007059048 -0.158142142231394 -0.0115619220672474
0.0622618659376721 0.17921942970031 -0.182074779020678 -0.00554286012894139
-0.0923857577818609 0.228503221526657 -0.209780171723799 -0.0601879472565776
-0.23769272162223 0.157818205902327 -0.186553611560483 -0.172181137409708
-0.296047135692301 -0.0477288781000858 -0.197810017826386 -0.2085695021439
-0.294038887105466 -0.231777775661232 -0.216572832722066 -0.202201152322318
-0.298741953912863 -0.312642323986515 0.0480850356749671 -0.094346223201295
-0.342316535638862 -0.163305514209891 0.064408862928604 0.173370504586857
-0.359735062251319 0.0922490872903812 0.347891799557206 0.140523192867418
-0.215108743831858 0.264407804685032 0.380746425014674 -0.118514621890291
0.0279154297036989 0.273183125111297 0.149650807149199 -0.333986156382561
0.132261882452811 0.180850453594673 -0.0579931824634003 -0.272388489026233
0.212441173720249 0.118533186656796 -0.144392716608613 -0.152236348914445
0.227041015243105 0.0587164597127996 -0.125889489841899 -0.0307190812753957
0.238531761662738 0.0638908748343827 -0.105747904815299 0.010219622758717
0.167492220910668 0.149033516784303 -0.0972674590024874 0.0389993766527764
0.100649875430903 0.226356939613788 -0.145336221618287 0.0612131665753237
-0.0979820409955436 0.303416381674637 -0.200726844655882 0.0132197280779974
-0.29237971113903 0.208693976268144 -0.197800358845828 -0.105165079161778
-0.362753945046808 -0.0583252309566219 -0.187814380847602 -0.148257027519554
-0.33725339849034 -0.301014955664458 -0.165084990431214 -0.098271977723517
-0.280603268656843 -0.383286669285643 0.118785248108621 0.0505400562911455
-0.37527486141402 -0.266840055126332 0.100565070407651 0.272688179298098
-0.458040814679671 0.0348125865261989 0.3509173537867 0.230867664842326
-0.316359549344921 0.289687681217456 0.406930448586528 -0.0191599514832561
-0.00317760240179927 0.342410411708625 0.201478234207759 -0.25268550193505
0.144566841990537 0.23051839284343 0.0159284703029643 -0.201856949018377
0.238579437233522 0.1527629941766 -0.0551098198227782 -0.110674408943868
0.259427765361636 0.07454151763787 -0.0399197507430942 -0.00584979993509306
0.274362647102837 0.0668146178165826 -0.0193135184394059 0.0411806166818817
0.198463108237569 0.153830066350698 -0.019770139345507 0.0858841607845878
0.127178836983577 0.237741965110738 -0.0922773867858 0.121712493365979
-0.0899318484062634 0.329142853933255 -0.173920452186537 0.0766553054427101
-0.304977794105064 0.226720507845781 -0.191083466692408 -0.048434455384941
-0.375972938700715 -0.0652388945440297 -0.153105655194955 -0.103378761879109
-0.331484678059017 -0.328826789910106 -0.0897201623974652 0.00498927896582718
-0.212422793996793 -0.379001240530024 0.17190049597648 0.195928523762037
-0.323790368389898 -0.317577762782347 0.121487983103476 0.360394263169512
-0.455108817416286 -0.0388823537769064 0.307958566080163 0.304144857121215
-0.351785955817174 0.24581619067745 0.38030555306153 0.0833515568391532
-0.0379761347484702 0.340105279716975 0.225620238433755 -0.140461224931807
0.131279772883183 0.235751964102348 0.0828118986277012 -0.109459303360433
0.225851045650411 0.158468757726585 0.0367692196056669 -0.0563748842061511
0.252985527157333 0.0791117019799372 0.0496714863481572 0.0183171911021099
0.26892002106587 0.0656761943567879 0.0712386924486068 0.0691570562627263
0.200182689546032 0.143468573858181 0.0573534385894198 0.126704786009169
0.128615467694269 0.223573954063044 -0.0385396956103664 0.171757477649018
-0.086576713818571 0.309640757441361 -0.143451274536312 0.125108425630684
-0.291987694519712 0.200483287325787 -0.176519079412312 -0.00683144905017526
-0.339948251230282 -0.0835137404059645 -0.106462343785798 -0.0741470397530725
-0.271139939497508 -0.32505453887421 -0.0123689036463391 0.0968024485042542
-0.11410446062095 -0.2991730609603 0.203577025942718 0.31195416124349
-0.213883294589536 -0.289134863897007 0.130581727118909 0.410324159263821
-0.354476024775727 -0.0820886804154838 0.241865273731906 0.33348610650279
-0.304223176127669 0.164781660798713 0.317649992204634 0.1557621072876
-0.0506644273593752 0.27040556269543 0.222896013667882 -0.0316696740835825
0.102288697723862 0.193614560058283 0.132924073901039 -0.0194753220658155
0.181519001508607 0.132988363287998 0.117568546161577 -0.002990057605273
0.208983734098267 0.0697172569504461 0.129300573082459 0.0394049481933664
0.223899298561327 0.0576751283209926 0.150926911485337 0.0928627369675673
0.172583325527914 0.122544382073268 0.122614196994323 0.162771693126911
0.106845846059364 0.191773856517214 0.00194931511196275 0.214958719582479
-0.0894918547376397 0.254310962820405 -0.123916280416695 0.158246033035188
-0.257380855184188 0.140475475400971 -0.165990410784931 0.0203091596824869
-0.267171498665636 -0.109657237207981 -0.0644946488374184 -0.051292115608791
-0.167778887975922 -0.289110554886957 0.050424558068293 0.17675827898701
-0.000227525659059626 -0.162110191248336 0.21447210053052 0.368797537843101
-0.0781483120241935 -0.193583418575136 0.140160374592262 0.412452921880372
-0.195028208958371 -0.0805132267354403 0.181170452184719 0.321925260789841
-0.190841693376433 0.0755252020901752 0.253422143600862 0.187600938332346
-0.0397521538358361 0.160211604196473 0.211107596394819 0.0460307266156334
0.063343737161608 0.117031846286243 0.166164331605002 0.0428831438066478
0.110539212673511 0.0830009244288177 0.175855786427556 0.0374556367710813
0.133439307991055 0.0488293884864584 0.188319629320178 0.053298268985593
0.147751637491726 0.0428812898300599 0.211218821438037 0.113407392674212
0.121193848138667 0.0892753083832884 0.165050345180701 0.196176817872844
0.0687655414573857 0.141564542727319 0.021610413015723 0.254624518111798
-0.0845187924720151 0.172943843098897 -0.123937081070008 0.183983039749619
-0.196992285789298 0.0663130964676527 -0.167908569135434 0.0368316739315231
-0.16474350010889 -0.121466259463422 -0.0354933223740321 -0.0338320947543436
-0.0431031302202731 -0.21635587165729 0.0873216569443129 0.241571297966694
-0.053248538914953 0.0735403468722678 -0.158306128920003 -0.277156902156976
0.0583931410554659 0.0805725401322164 -0.0436440401700582 0.0174028794221711
0.0981094203827979 0.00806212955268665 0.192354880681489 -0.0158673804476685
0.0488262601727834 -0.0683346740434279 0.16550867942355 -0.206250614806146
-0.0243404905084649 -0.0589658576985975 -0.00841617167334366 -0.315837062260448
-0.0362726981317877 -0.0304639748870765 -0.193500654515058 -0.270116473760653
-0.0326991069212081 -0.0300089799200728 -0.260838245111968 -0.137857974780849
-0.0312047143258538 -0.025888419196132 -0.23876951879928 -0.0526360493576949
-0.0169441161740211 -0.0272513207759954 -0.220564646274577 -0.0479714644998703
0.0073335736718425 -0.0219369356994253 -0.209653071174476 -0.0643705558139571
0.0371126286064906 -0.0129692518815189 -0.206955079159044 -0.0814435596398457
0.0561799948742284 0.0297920272051646 -0.196235534144716 -0.163481567929265
0.0200782378988403 0.0960101694839711 -0.149003847975359 -0.278226044204011
-0.0621415747018911 0.0904512112812725 -0.150972184418429 -0.316148077092772
-0.115005780367656 0.0402231847459432 -0.238063252288978 -0.326727820580239
-0.17732347246914 -0.04711826519484 -0.107480240506879 -0.263091150596943
-0.0914239510294628 0.0403769683648089 -0.0174857917119927 0.036600474690333
-0.0351745857387286 0.0733156254457494 0.245124001098626 0.00166872644036914
-0.00436823482272354 0.0530185030180575 0.227478686726786 -0.214587987333931
0.0186657152206814 0.0394126022271983 0.0181586062378781 -0.352617889540631
0.0348571326885681 0.0294541296257098 -0.182265361904042 -0.294926142014945
0.0665994218102198 0.00976073505485773 -0.260442066828312 -0.155570677438167
0.0700192406229418 -0.000146363401073744 -0.233679201537892 -0.0495577443628026
0.0803591731941086 0.0123266861744909 -0.214645353490916 -0.0355393307139852
0.0618636538587089 0.0598543203521496 -0.196972339189283 -0.0435867655222655
0.0418014274902404 0.0934894593707713 -0.200414378579091 -0.0519868362769702
-0.036215595994323 0.131798302195945 -0.203576510305079 -0.116338623851635
-0.124514844178676 0.115768735585498 -0.169758961095477 -0.228276767026679
-0.188014764076306 0.00427259476699138 -0.186230364635678 -0.262783120958918
-0.216672937839257 -0.10711603231694 -0.247074207043291 -0.277936643530907
-0.268974743704164 -0.178820033788812 -0.0356171166184972 -0.201476019598399
-0.238539240916501 -0.0387150979666901 0.0246763281834243 0.0883474370754203
-0.19611260908711 0.11224184868457 0.306320570717256 0.0490062424929632
-0.0914827699807282 0.178267719614393 0.304914953423801 -0.194337137465997
0.0444182582463693 0.15664045159535 0.0677819686290709 -0.365591576603094
0.0974900741528955 0.102011566099446 -0.139048217095129 -0.29687401625665
0.155627467170154 0.0576677500030753 -0.2215569711616 -0.157616259580679
0.161285010396947 0.0241179255194869 -0.192781273969821 -0.0389980233441088
0.170237365911314 0.0376396327802378 -0.174297644608645 -0.0107392987360894
0.121778724457782 0.114282317856443 -0.158259833192196 -0.0014265271015276
0.0718662957086986 0.174219058231594 -0.181692329997861 0.00490877240678731
-0.0801534118302266 0.233592985298181 -0.210487468229259 -0.0484435950477001
-0.227246962385649 0.168673921769092 -0.194312477405662 -0.162808523493691
-0.295974083066748 -0.0333807191409085 -0.204176642429914 -0.198621229638423
-0.301725186084559 -0.215767738842404 -0.224012164830919 -0.191924527781344
-0.311184634017737 -0.295214149658647 0.0458763083531681 -0.0928169379372656
-0.349494831742821 -0.14625893628692 0.071989941500304 0.170272203767228
-0.352335176214619 0.107959390291729 0.351244365351662 0.125532755080098
-0.201792605785332 0.275157991112369 0.374498810366924 -0.133249091943397
0.042526116960941 0.269463755068845 0.130154819751629 -0.336031317760517
0.141525399214082 0.173086291745788 -0.0717204430371782 -0.267011130054256
0.219350389769199 0.104091462447584 -0.15140265013392 -0.14157139097843
0.228196302499442 0.0443104130311386 -0.123871271472985 -0.022492490872233
0.238779211041637 0.0472659391043595 -0.104031729222965 0.01797603709425
0.174832174938848 0.138863977024122 -0.0938746468429835 0.0451126126591399
0.112123159131758 0.218368948482602 -0.141756969475271 0.0694244126065532
-0.0817587919303652 0.307890044854025 -0.198768777268759 0.0246561150154644
-0.278542687960114 0.222090322648785 -0.203058763835031 -0.0952787461416213
-0.362206190330546 -0.0391549264074772 -0.191357920340845 -0.138523826356607
-0.351326187539454 -0.280143082477314 -0.167056101886996 -0.0890930794295173
-0.296152321149814 -0.365014254753585 0.122836050506464 0.04630995435734
-0.385892972236234 -0.247573323346411 0.112243018587914 0.266036377077534
-0.451964691412807 0.055864286447115 0.357659776011374 0.215904972763887
-0.300444643322347 0.305841922893156 0.405769636337933 -0.0370161646668221
0.0148862932581197 0.339055915960744 0.186075163100882 -0.258139532159723
0.155024084780122 0.220541380865487 0.007044398657705 -0.201159994191866
0.246624077163524 0.13659882200223 -0.060060717727222 -0.10581670818595
0.262186025053635 0.0578820048957647 -0.0380943761806139 -0.00317470981190745
0.273271258416789 0.0486674999801869 -0.0170011407297442 0.0435329848118065
0.206060963330738 0.141546726453091 -0.0149906281576029 0.0867419928222524
0.138614880366933 0.228582142875683 -0.0859461314743652 0.126565234987075
-0.0715726771769491 0.334650075445892 -0.169291647182155 0.0868666532883354
-0.29012462878443 0.240909318159347 -0.193537534406236 -0.0382852682748935
-0.375308526258257 -0.0445558453382158 -0.155128615061268 -0.0961483450516445
-0.346388612359849 -0.307627865063105 -0.0876301918998665 0.00911287619956818
-0.228100331560635 -0.364052822061443 0.181200634159297 0.190147436702463
-0.337082946112432 -0.299857645433434 0.136541145812259 0.352010576864633
-0.45256858984187 -0.0181099063897044 0.317232315926162 0.28976003616194
-0.338744679965753 0.263764318180885 0.382860301808428 0.0659233154602534
-0.0198150007198503 0.337844740354008 0.214986677701335 -0.148837223910035
0.142132281863987 0.225204832393054 0.0788630398244722 -0.113004919952754
0.235177953528442 0.143569348840995 0.0340087502229304 -0.057636810354149
0.255101626435635 0.06206634767211 0.0503942675899133 0.0159432553557132
0.266937384186587 0.0474330312034538 0.0730952131789502 0.0652182445376193
0.206683018600903 0.131011564098323 0.0643633301775639 0.121426989464945
0.139758143036831 0.214294171602965 -0.0297289937307362 0.173312996446335
-0.0690132759276783 0.313327899473968 -0.13705223413116 0.13226899688286
-0.277380392408238 0.213910029156837 -0.177180652897762 0.00210290415722488
-0.341037883932933 -0.0645554076583264 -0.108876289153687 -0.0689181284270833
-0.284764976543113 -0.307175657490714 -0.00691855900527929 0.0963443611560788
-0.127117707232213 -0.28962186845948 0.217173963498623 0.302056298761769
-0.226684766894461 -0.277323324469106 0.148597689270195 0.401806521327744
-0.354051730143125 -0.065197882466931 0.253476641320679 0.322814110314139
-0.293981193850166 0.178716266150886 0.323445534919467 0.141121962352064
-0.0353172652755119 0.269672584762564 0.218226348068884 -0.041272331904151
0.110303534743785 0.184572494068494 0.133787206714292 -0.0269248395992245
0.188195371354141 0.12055495185043 0.116497772760368 -0.00949149698388689
0.211126159675655 0.056466612890778 0.12950706080206 0.0327073691988338
0.223377182235223 0.0425824278977037 0.153637516799746 0.0835389814351714
0.177896785615963 0.11172710968011 0.130063359791102 0.152844471259652
0.115252204926625 0.183585913390461 0.0127809153975817 0.213753795048172
-0.0750661030246654 0.25705820241836 -0.115640918687424 0.164856494382777
-0.246266565846594 0.152675314962727 -0.165097536391685 0.0288445009487396
-0.269193584383436 -0.093521045945489 -0.0666980326163413 -0.0485980555973082
-0.182368722211359 -0.27661794005741 0.0588457388351984 0.172471870350596
-0.00763460623346439 -0.159982341543573 0.229581159850349 0.357628153875876
-0.087911284431222 -0.188709035469023 0.157067054638502 0.403839797751325
-0.196598854947212 -0.071609500551159 0.192841312430498 0.313251809946482
-0.186107102945248 0.0857077664864793 0.261457178778119 0.175625227397835
-0.0310833791379405 0.159254686417329 0.21159602476943 0.036253695723853
0.0680606037374181 0.110394874273672 0.169398523369311 0.0331614592285712
0.114732500738365 0.0762402179709021 0.177085835485448 0.0264269312745966
0.134542374906246 0.0410266742673123 0.18746975826645 0.0427702009752566
0.14770811236106 0.0329259961057022 0.212945808830497 0.100340049481234
0.125413653462517 0.0818625632762271 0.173674448906086 0.183723173921195
0.0753540990305901 0.135865506267688 0.03428056801672 0.251370145680169
-0.0744030946028977 0.176399854201886 -0.11464443995667 0.188517020237091
-0.189385024146453 0.0757448488660208 -0.166354304101349 0.0442719831830105
-0.167607501233111 -0.111133527455394 -0.0375836559872239 -0.0326174376662398
-0.054407504219653 -0.210702308505747 0.0986912813823955 0.234103119937841
-0.0526115159249262 0.0733015926116372 -0.165796152581061 -0.272018282288734
0.0590966891033406 0.0780958444471987 -0.0434021407699516 0.0186486514390867
0.0965599733973188 0.0072780639050516 0.193655611743168 -0.0206372266487521
0.0468242096811478 -0.0691697258458387 0.161680766898229 -0.209320205268694
-0.0249236022379775 -0.0566329167473553 -0.0168591867020059 -0.314298108609896
-0.0365005670033269 -0.0278847739826593 -0.204702907323343 -0.262593639044588
-0.0336007406209638 -0.0298854410243786 -0.26444701996576 -0.128549876604828
-0.0312244616504916 -0.0247203694437356 -0.238355495915736 -0.0459756520912191
-0.0176613732894344 -0.0262428769879236 -0.221813221031352 -0.0387129610562988
0.00752513807439666 -0.0218235520118073 -0.213079624899855 -0.0560331719051507
0.0371948137633665 -0.014544664186765 -0.209235648772969 -0.0759171544729479
0.0566376121750971 0.0285862530403717 -0.198393462710775 -0.159715254102909
0.0219716730522333 0.0951399720640801 -0.155175595970037 -0.276431773016674
-0.0592787915647814 0.0888658348827892 -0.156608874563471 -0.313283052876416
-0.113162366991018 0.0415344294090226 -0.245040915494037 -0.323114877114687
-0.178960143015176 -0.0435166576646442 -0.112862983399474 -0.258960100782641
-0.0913345520766369 0.0426420118362677 -0.0168189402695216 0.037503019207358
-0.0347352463862405 0.0755810311037617 0.247042907452262 -0.00303449059339102
-0.00385401891951485 0.0544259636426422 0.223628012744196 -0.219339233375493
0.0202454506852785 0.0404597327669027 0.00793998784419547 -0.351434272208925
0.0359111337680282 0.0299579529937296 -0.192282928683593 -0.288555967514771
0.0677046622876621 0.0063024168401637 -0.264378051369183 -0.145288324401106
0.0707956512652668 -0.00307702485970612 -0.232139307398652 -0.0421328915196498
0.0805804260160616 0.00923648115851228 -0.21531045954647 -0.0262532626523787
0.0651302990652145 0.0577229502996835 -0.199575288020255 -0.0354111122569398
0.0454882627456303 0.0918302346769113 -0.201775325573522 -0.0456724522745229
-0.0331856159890968 0.133526105603676 -0.204832478495661 -0.112789851613554
-0.121554411682113 0.118989341862721 -0.175097948084139 -0.226027978842887
-0.186799887489146 0.00676380163897725 -0.190510314928261 -0.259695620826843
-0.218399639072567 -0.102406124727702 -0.252194145956421 -0.273661882223484
-0.272941564868985 -0.171964819326896 -0.0387981848511313 -0.199031773724407
-0.240187936447702 -0.0335369867915171 0.0263035701145058 0.0880904275280633
-0.193603787707847 0.117667109185729 0.307852402439025 0.0434386070314946
-0.0883113659461522 0.183459956510097 0.302640900120665 -0.200509445017657
0.0490429728136957 0.156165553420998 0.056849025156038 -0.364782125381816
0.101102357748596 0.0999169794316075 -0.149082354334604 -0.291892165288085
0.158091756711067 0.0505470230318236 -0.226398130596444 -0.148498617869042
0.162364781494973 0.0178650569242274 -0.191045796718499 -0.0329314074019397
0.170524091241372 0.0308531616361929 -0.173062001173423 -0.00272509777050561
0.126870636936037 0.110969632063699 -0.158499961687494 0.00433976609297191
0.077572005282638 0.171682386294085 -0.181939960455195 0.0115332856133879
-0.0727154303238781 0.237239327996392 -0.210041014926169 -0.0430329453398268
-0.221566214637734 0.17465745338946 -0.199321630820273 -0.159911467519709
-0.295581982111768 -0.0271525994401425 -0.207593432967581 -0.194452752751161
-0.307379799701427 -0.208037860738669 -0.227550183104635 -0.187257134243484
-0.316493865468917 -0.285525053502239 0.0455524035699641 -0.0928283797858783
-0.352966072525905 -0.137946333149948 0.0757053944033995 0.168331521371242
-0.349911397937005 0.116461590623696 0.353946921053734 0.120410192370872
-0.195137482110825 0.283720419138475 0.374931502193415 -0.141229224548777
0.0500229108372512 0.267878430880527 0.119919030098132 -0.336323063116633
0.146506235382519 0.169587630811234 -0.0793631565163896 -0.264505091453938
0.223260646332019 0.0954840548131872 -0.154977040421576 -0.135095408833823
0.230140986035147 0.0356491678952258 -0.121551500564975 -0.0188025452709821
0.237740136136478 0.0384678071746251 -0.102085444933187 0.0237231742623228
0.180257540855151 0.133347649324623 -0.0926910691598803 0.0490919884421702
0.118262337384094 0.214870298824217 -0.139862199588092 0.0749748406305472
-0.0723461764865311 0.312784651832653 -0.1971054500001 0.0308884157935648
-0.269992463267898 0.229793527074777 -0.206421720007816 -0.0910920148291272
-0.361783725421555 -0.0307475622231409 -0.194001355359144 -0.135439640976599
-0.356557308554758 -0.270150319121039 -0.168213591910085 -0.085509547631428
-0.302472189951366 -0.355669865250777 0.125381376705154 0.0454186443291951
-0.39246365234247 -0.237735803665423 0.118505448594304 0.264295617093611
-0.449967960918827 0.0652863641008666 0.361201874112599 0.211173703377875
-0.294111718172329 0.316388684416378 0.407577458806302 -0.0446302109515895
0.0244557824478537 0.337010744609419 0.177188448765064 -0.25989365390253
0.161043500667591 0.21576864103208 0.00244134742053383 -0.20122642030267
0.252035751773704 0.126353225108274 -0.0634019164050075 -0.101998253493301
0.263326312432033 0.0480338547103874 -0.0358849826694838 -0.00230609858235425
0.271907764524809 0.0390925749920255 -0.0146384482574131 0.0456385884236098
0.211012719038595 0.135086030004856 -0.0125473946914575 0.0867929037639186
0.144995533582818 0.223480642033741 -0.082849965141908 0.130983413884552
-0.0609842708164787 0.337772424586018 -0.166922039165023 0.0929269869954294
-0.281693574421795 0.248452814457657 -0.195935190230103 -0.033252735735576
-0.37493717437872 -0.0340084132104273 -0.1571116077536 -0.0934336698533
-0.354112083782973 -0.297891737622751 -0.0869635255226644 0.011289841368313
-0.235086115961281 -0.357159088297086 0.187499137781926 0.187005834348728
-0.344838808380446 -0.291958616625126 0.143954245525261 0.349332081194302
-0.45141410435936 -0.00803507674071231 0.322700704463507 0.285482886840802
-0.33265501100233 0.275335527824378 0.386676392454915 0.0583079139727567
-0.00956193048308299 0.337292615718804 0.209571696060202 -0.151856254894363
0.147617470291134 0.220450126889685 0.077923267137375 -0.115336476724375
0.239706702405892 0.134547583771659 0.0321869030442055 -0.0581900035379487
0.25722930375164 0.0528664239587174 0.0522590991047023 0.0144137646424969
0.265720320886664 0.037197515273327 0.0753162025923359 0.0633786524502684
0.210894661375378 0.124127888774105 0.0675749611767331 0.11876837056344
0.144706401911447 0.209193567267221 -0.0252552173164098 0.175753466874362
-0.0592498448253179 0.31688839289375 -0.13365232179578 0.137775234792568
-0.269438632896859 0.220830560164689 -0.17862760418403 0.00663848223840995
-0.340351783260453 -0.0544036733742808 -0.110450729089935 -0.0672702111178622
-0.292557038763431 -0.297706547117765 -0.00358323658121805 0.095984607280762
-0.132623298396518 -0.28511348634056 0.225067762022266 0.298920657956135
-0.233484794371222 -0.272021412904666 0.15673009477413 0.399062440039325
-0.355377400639073 -0.0576104983231047 0.258439040720538 0.319735835937091
-0.290125677227191 0.189174719613834 0.328775655687927 0.133979031215602
-0.027993853685264 0.268677831289973 0.216246672708846 -0.0450938119555844
0.114154607525083 0.179431653090617 0.135628998289414 -0.0313619826011631
0.191801535707855 0.114183718362363 0.11667621204347 -0.0136016469290367
0.21248779515545 0.048685730772174 0.129837758996816 0.0285252724655139
0.22169094384309 0.0345224381652049 0.154376920987942 0.0790134056368365
0.181347551926195 0.10506277118668 0.133579644272847 0.147256340222786
0.118760683746871 0.178571686240972 0.018120442561775 0.214729110769341
-0.0665396077680127 0.260649703867607 -0.112601573123802 0.168874689881431
-0.240055960634965 0.158367290743499 -0.165686531198027 0.0331555889475821
-0.268721544735607 -0.084962230316259 -0.0684575725257552 -0.0483206702980055
-0.18874985345464 -0.269600292207761 0.063910748412594 0.170589077575637
-0.0102821070248599 -0.15831128720898 0.237622180468915 0.354454547169474
-0.0927254979127011 -0.186366144008261 0.164910335825209 0.400965825916838
-0.197804738182152 -0.0674803891935933 0.197931110907122 0.310977722866917
-0.184711987145627 0.0914454767405118 0.267371981499504 0.169173778772271
-0.0257861865332658 0.158776898900911 0.211516637910004 0.0311598684457136
0.0686204664785249 0.10635303673985 0.173134861020165 0.0278602198750654
0.114967229536423 0.0714432634722084 0.177256126660525 0.0201814252092529
0.135594152835434 0.0358052132436154 0.186971036778923 0.0378844604940588
0.146696764561377 0.0276241438134107 0.21278410955236 0.0931198190084463
0.127375710075456 0.0768532079748655 0.176887086670741 0.17579672458633
0.0785410104688912 0.132485180528086 0.0405235567867724 0.251140487967606
-0.0691321151868684 0.179670649756151 -0.110395511652386 0.192514000453983
-0.1858222992297 0.0798800445669936 -0.166364047977186 0.0482591132510017
-0.168590201785007 -0.105751875645659 -0.0382742812200022 -0.0329432271258807
-0.0596874656651831 -0.208301221230402 0.10491771585374 0.230321269171058
-0.0538236884785002 0.074468911755642 -0.171293079450016 -0.273204125630709
0.0603527960375967 0.0784279098095338 -0.0450398133869863 0.0204887167171909
0.0973347574539115 0.00839571377364726 0.199156039155374 -0.023703598012122
0.0460575227082599 -0.0700480421330155 0.163374156562147 -0.215818111740615
-0.0252876642809262 -0.0554462788826301 -0.022278374218045 -0.31940347902566
-0.0373931196183084 -0.026256435698892 -0.215826670929237 -0.261721323175498
-0.0356094918101473 -0.0294229669302909 -0.272100182568993 -0.124830238778854
-0.0315694808245003 -0.0248406235280913 -0.242445026900216 -0.0426536535649789
-0.0176265611395844 -0.0261086166201816 -0.225697676505864 -0.0323997501933403
0.0080395318250955 -0.022868883828315 -0.220137014962943 -0.0514516185037395
0.0382379632977811 -0.0158765537858763 -0.214659099931477 -0.0733699724112325
0.0573319122199246 0.0290149534404996 -0.203244941171049 -0.162358969761975
0.0237850881509522 0.0963285610356502 -0.162197755877599 -0.282362400201904
-0.0591698881317001 0.0877065977640112 -0.162047524745138 -0.316862787229289
-0.114212380629198 0.0412516239609938 -0.252892448344369 -0.330501613909207
-0.183510435917225 -0.0432793155760979 -0.117658724935846 -0.261527136446163
-0.0934351383062634 0.0444036465425545 -0.0176318402145194 0.0392782150766168
-0.0357695768936029 0.0790761545855095 0.253694838651354 -0.00523836214689214
-0.00339436435178988 0.0580990944413932 0.22727810297494 -0.226318604158689
0.022244952181869 0.0417456042178118 0.00237632500819023 -0.356803560611302
0.0377738393216145 0.0313895642656271 -0.203642314118434 -0.288160802924246
0.0693017650373869 0.00417742574065352 -0.271749619649469 -0.140693634272576
0.0731514571226902 -0.00536143454210903 -0.235312007689614 -0.0387973425312703
0.0823166687948039 0.00781592582305554 -0.218439985162083 -0.0205295195629416
0.0682841055174867 0.0580417089047347 -0.205040840056338 -0.0305359658079467
0.0483205672550318 0.0922856944729399 -0.207591994932899 -0.0422836530828555
-0.0318949624572546 0.137952684081446 -0.209425576409784 -0.113171396569326
-0.122506342186813 0.123298721829558 -0.181711175810215 -0.229738354758218
-0.190607866242627 0.00626749119481344 -0.196118043191102 -0.263240256536157
-0.223376544013118 -0.103943350657105 -0.26030661205304 -0.278320468750396
-0.280126143173663 -0.171635267588105 -0.040191108465327 -0.201693171123482
-0.245890459879008 -0.0309568707039336 0.026704514132641 0.0893649220630015
-0.196982067024051 0.123836063714845 0.316005574789987 0.0422035217412606
-0.0881562549844998 0.191111303097316 0.309530179019953 -0.208240485751478
0.0530257368654786 0.159434939536418 0.0517374582322143 -0.369681065527752
0.105547128036112 0.101670261559356 -0.158478018304021 -0.294112474678997
0.162894176024433 0.0474538776921232 -0.232692061765091 -0.144718149467522
0.167053477241332 0.0130890898807914 -0.191909282934296 -0.0309953910013373
0.173421482977689 0.0274380670992168 -0.175233528343493 0.00335454225907636
0.132409121261045 0.110794611947241 -0.162674313250961 0.0099665925559075
0.0826134920837993 0.172927839881822 -0.185782217920361 0.0168205876558502
-0.0697754140606384 0.245704511863474 -0.214274304878479 -0.0414140844431874
-0.223289573337547 0.182201509565022 -0.20618594328268 -0.162214341774202
-0.30171889594983 -0.0259165579630225 -0.213201692744077 -0.196995763708057
-0.316146180846532 -0.208903305174911 -0.23422167332205 -0.188639700146984
-0.326787611305462 -0.286874681664892 0.0481662321538361 -0.0950537632591834
-0.362438838844919 -0.136321668823524 0.0782136180253802 0.170750509963379
-0.356806320333519 0.123915431014259 0.363822435216969 0.121792880365737
-0.1969897744767 0.2963033476198 0.384140610966887 -0.148602972993644
0.056680940705841 0.272620396537149 0.117283202073632 -0.342300824476216
0.151841469448079 0.171758674082894 -0.0854638821267579 -0.268266666970673
0.230191340615325 0.0901085402504912 -0.160186942067028 -0.131375403593098
0.236155693966177 0.029569931221206 -0.12187231819586 -0.0179579313432493
0.24099727216679 0.0326573805257225 -0.102426782396668 0.028686132492668
0.187184969906772 0.133137374349287 -0.0946210553300551 0.0524692244347125
0.125182370690324 0.215903109924076 -0.142083956533233 0.0811272164643834
-0.0665491267649003 0.321850370966349 -0.200619811342413 0.0352052061736633
-0.272282258458129 0.239135632617167 -0.212589686207028 -0.0909050276824306
-0.369000574728386 -0.0269010283172866 -0.199181137013718 -0.136660467032962
-0.3684833761918 -0.271044758317685 -0.17170232749556 -0.0854810834811969
-0.312217036665937 -0.357930966383723 0.130596658546273 0.0451614280080508
-0.40449709463296 -0.238309539388495 0.122911862340994 0.267670299059998
-0.458242243874354 0.0720074677811387 0.370442343721965 0.214702876583164
-0.296603087325549 0.331769667425706 0.418720989072301 -0.0504738940995365
0.0308388638831244 0.343302158077378 0.176591197891199 -0.263775945582611
0.168312618354446 0.217760602550152 -0.000274381274015124 -0.205064244120275
0.260616640965349 0.123132443402304 -0.0658498707279683 -0.101205065873562
0.270387757462712 0.041912039525406 -0.0345251054893074 -0.0022703448815584
0.27504750561329 0.0325643268413732 -0.0130929307763472 0.0488022229114052
0.218273703435799 0.132610331439002 -0.0119524834897507 0.0890018222689974
0.151570492334655 0.224894033667161 -0.0823052520261338 0.136804845141794
-0.0545960839527206 0.348382540758401 -0.168926171207005 0.0984676935000607
-0.282299531844274 0.257766052911118 -0.201737655292914 -0.0324200614572984
-0.380974740710673 -0.0296060975169481 -0.161665731901222 -0.0945517670486349
-0.364658128691398 -0.29747794902682 -0.0869331616339952 0.01226332731129
-0.243296057135513 -0.359891674876064 0.19505117440386 0.189237994183157
-0.356142215740468 -0.294435870205165 0.151371128286391 0.354280435643188
-0.461964148767747 -0.00185110344630976 0.330995282940826 0.290375892165856
-0.336888412937355 0.288686522517786 0.39839414393994 0.0553743423573249
-0.00327453547728992 0.343166661685715 0.210599559397846 -0.154988219214949
0.153581549789827 0.22206591068634 0.0790530370950541 -0.119964004272619
0.248145000645249 0.13079539372224 0.0317336913816428 -0.0585710595795568
0.263894781297384 0.0473412231592004 0.0544726680563307 0.0135343527913518
0.269302185188108 0.0317418989933997 0.0778018564307087 0.064094496719278
0.217823503609867 0.121274390102815 0.0698146928620756 0.118522228707764
0.150560094189637 0.210702244705107 -0.0229248045559616 0.181135048330841
-0.053991576807881 0.325662101300246 -0.135202329631731 0.144020657656944
-0.269943808060329 0.229609505191203 -0.183847357656242 0.00907753270256505
-0.346396949548244 -0.0503085174328522 -0.114446257925356 -0.0682700612025829
-0.303464276069451 -0.298180948739199 -0.00142371837432492 0.098434791676738
-0.137969467767847 -0.289165798887785 0.233204722899939 0.304114902937185
-0.241969288544208 -0.27516452047813 0.163612883151466 0.40479023982541
-0.362759208926787 -0.0538560573838347 0.265870366911539 0.325554350473556
-0.293843446716623 0.200270114496184 0.339967364997847 0.132527092475312
-0.0227828695235507 0.273491260950977 0.219613896978516 -0.0475341524741126
0.117901696546608 0.18036163732672 0.140084861494761 -0.0347985639975474
0.197986542454613 0.110500234616245 0.118472225649005 -0.0162087641966175
0.217312907425628 0.0442339406992763 0.133360816302396 0.0264174741914718
0.224424518370797 0.0297798979277335 0.157138085653269 0.0774966391944883
0.186343911986419 0.103310983825404 0.137516633867889 0.145940501864343
0.124369848934159 0.179858461747487 0.021284526822641 0.219219456487035
-0.0628394181392303 0.267866960513913 -0.112654614523251 0.175037810125575
-0.241477305782982 0.164857739490467 -0.169542782871563 0.0360904028494485
-0.272769458924764 -0.0823227123471148 -0.0709391683081931 -0.0497653856628585
-0.196270490361755 -0.270810342292633 0.0682192281324723 0.172665129062618
-0.0128000992506117 -0.161784096039781 0.24646248897355 0.361347757409211
-0.0974057595299992 -0.18932649202213 0.172704343105477 0.407005156085321
-0.202162708497068 -0.0656410875165714 0.204264613072055 0.317132599699847
-0.186853965416825 0.097850289867661 0.276104086564097 0.169163907176275
-0.0229937972563551 0.160755111424665 0.216657730219274 0.0288267927768426
0.0696207683261487 0.105885961366953 0.179687571957633 0.0248302996009207
0.118300204977686 0.0694660593292215 0.181254824457171 0.0161503968557933
0.13910209205713 0.0327880339039686 0.190215719997684 0.0354707317568024
0.14872584268407 0.024789819087971 0.217020831849812 0.0908720559588239
0.131985666913431 0.0753998410001552 0.182032945632395 0.173208799041402
0.0821663536100946 0.132939331029424 0.0443486525462264 0.254903533751841
-0.0672808354238591 0.184647504991642 -0.110734355733288 0.199095585503991
-0.187198477794949 0.0837335427013298 -0.169967594974044 0.0513074654819092
-0.170466517054321 -0.105285972158555 -0.0397217091811229 -0.0349768690851306
-0.0648244984506134 -0.209888503811858 0.111530137630446 0.232730461530807
-0.0567594186537372 0.0777039037787844 -0.184032803302409 -0.27989677540732
0.0641122279121957 0.0798803815701167 -0.0489545669316179 0.023580885761009
0.102273259273127 0.00827178981088019 0.209834477191985 -0.0281549847424747
0.0467310926437341 -0.0733687383693506 0.16805387294094 -0.229452957496497
-0.0263425805291696 -0.0560326057467182 -0.0312571955573934 -0.333701131553343
-0.0386298472406193 -0.0246738563057568 -0.233917660028146 -0.264508252599604
-0.0378053336291281 -0.0299120010547067 -0.287585841120925 -0.121130092290232
-0.0330284338001167 -0.0252570619403734 -0.253762614877336 -0.0383641540700604
-0.0187957694062991 -0.0263758182828965 -0.236699347676862 -0.0268043451279956
0.00854146764580233 -0.0236950169758065 -0.2330934304983 -0.044842301518988
0.0395841550838631 -0.0178768306743338 -0.225970832236121 -0.0720028716129705
0.0597876794510626 0.029901134813058 -0.215134016518089 -0.167926416804186
0.0276454731766854 0.100058260242889 -0.177186776081111 -0.294088610833986
-0.060829939432811 0.0895032061294813 -0.173548430806636 -0.329139526257135
-0.119377475343345 0.0444116089046278 -0.270804784964702 -0.343013107520546
-0.194208220373232 -0.0411578850954799 -0.12657683786735 -0.270309411683449
-0.0975616595444694 0.0476203138749412 -0.0188962153504493 0.0428261715786482
-0.0358013121655701 0.0855191398515317 0.26634491494965 -0.0094420435091763
-0.00233432581602542 0.0633600724443535 0.235856371222903 -0.241794054060559
0.0251107041072829 0.0441158931147493 -0.00556815952428676 -0.37160782948892
0.0415522507754515 0.033511742511266 -0.222358945140534 -0.293960024904049
0.0729514033100769 0.0020396130794173 -0.286723547014445 -0.137253946029557
0.0770473350536499 -0.00891337259225574 -0.245043967937282 -0.0347165026499557
0.0870826305168259 0.00558897482994124 -0.227868113369256 -0.0132371097259845
0.0743110043399936 0.059043354252709 -0.216417006903025 -0.0236119102878367
0.0533676569424205 0.0950272557482307 -0.218327503072969 -0.0384108203250019
-0.0303997018378308 0.147027488394271 -0.220803235742762 -0.114951836258753
-0.124915332830788 0.132067669221143 -0.196837757198759 -0.239536890214223
-0.200433437309347 0.00752461718930549 -0.209049846896662 -0.271865536112614
-0.237644374920978 -0.105014441415088 -0.277001083463275 -0.287829394580348
-0.297565086004069 -0.173518807171832 -0.0450041818614522 -0.209641889840193
-0.259075558673451 -0.0271825934123972 0.02867190962636 0.0937396474671211
-0.204450443365711 0.135510596372404 0.33299759364372 0.039742189598495
-0.0876177691677167 0.206409611777072 0.322180746284602 -0.225081460360168
0.0603928014884987 0.16580493223812 0.0468381151714183 -0.385799466172554
0.114450797165549 0.105539389736583 -0.174015956028874 -0.301779166624933
0.171622555378316 0.0429328132764559 -0.24631799238669 -0.141878805759761
0.176140628882206 0.00704052394484852 -0.200052166973526 -0.0273884739243111
0.181822465365253 0.0233446901559665 -0.1816370459511 0.0109632691504141
0.143112261416654 0.112415875810475 -0.170776407365672 0.0160512970124962
0.0917137149558155 0.178730931387038 -0.194425651163341 0.0226001136411357
-0.0657901061425545 0.261108236532894 -0.224779668577888 -0.0387949365630814
-0.228884740661362 0.19630689982548 -0.220820018677174 -0.167489016246007
-0.316470279763183 -0.0227408434415626 -0.225349815946469 -0.20264047636425
-0.336529732672408 -0.213369950101436 -0.247408850395109 -0.193548050717729
-0.346608090587693 -0.292265551234356 0.0501444300167675 -0.100443183976403
-0.383485604367875 -0.134710634731984 0.0842546987773978 0.177733318087158
-0.370689928765956 0.138189097207191 0.383767842260931 0.122640453512795
-0.199769873369732 0.319081879713876 0.402396029679095 -0.164096531436959
0.0663196478271348 0.284448053268003 0.11473558554465 -0.35763563863637
0.164704003513439 0.177074297165774 -0.0964193044167108 -0.276796968372134
0.24408153142248 0.0862218484896108 -0.169584215056622 -0.130009353884508
0.248884426773498 0.0219266859171726 -0.125637578212679 -0.0162432709512245
0.252224860994257 0.0265808803702884 -0.10460630762088 0.0344243925334884
0.20098563010709 0.133680882571355 -0.0983824147499818 0.0590167101417986
0.137097445822386 0.222177521056881 -0.146709106166729 0.0904982581445223
-0.0598576809872437 0.341375183610777 -0.207830687742006 0.0420127792344807
-0.277466049759782 0.257165988630405 -0.22685400410526 -0.0926631170343361
-0.385701762652277 -0.0210783394260633 -0.210842451638327 -0.140090365696122
-0.392447588971575 -0.275143102933219 -0.180119639844879 -0.0865991021046796
-0.333770613161217 -0.367673371966418 0.139438808260793 0.0446256533593324
-0.428760032186116 -0.241536469702225 0.132582484424383 0.276835337678472
-0.479932376305166 0.0869693587038034 0.392994755467617 0.219694311803562
-0.303164455592476 0.358477574467682 0.440652663806081 -0.0624603712974858
0.0415104894041639 0.358057523211773 0.178665165497022 -0.277526784896259
0.181100933350335 0.224620396256836 -0.00435200050845537 -0.214875610397075
0.276609690040299 0.119064245766285 -0.0710397297340019 -0.101468126251525
0.285046680928115 0.0334357707406332 -0.0349127232098536 -0.00241405844904776
0.286500536398498 0.0245329123411164 -0.0111415351212013 0.0527245107228744
0.232575575694705 0.132521005465972 -0.0110012233001945 0.0935660454568609
0.164239165805992 0.230671559878978 -0.082743426834364 0.147018087655439
-0.047063494359871 0.367368989027904 -0.173971016286958 0.108277981436915
-0.288385304278017 0.277251958571397 -0.213329822543045 -0.0309797148274379
-0.398077904138774 -0.0225938571792857 -0.171003071175082 -0.0965986473516038
-0.389541384716009 -0.303203907293742 -0.0896237036414788 0.0142224407292396
-0.261443321110584 -0.372181999297156 0.20820217716532 0.194825211522537
-0.38055097785843 -0.300772541414495 0.164584739355348 0.367771241283119
-0.483600843079855 0.00804235460843699 0.351899771676295 0.30039841851244
-0.345764788701921 0.314300950919521 0.421291450139297 0.0485304374662204
0.00512670523612531 0.358800891256351 0.217549073787436 -0.164244572006768
0.165404316168334 0.228963299435669 0.0820233367056986 -0.127471801682916
0.264164874466786 0.127643105055708 0.0322359505169169 -0.0607817499446965
0.278452899917012 0.0399034865697426 0.0582572443438933 0.0116882739391339
0.279713651770067 0.0247607489423852 0.0831233129346243 0.0655550852928358
0.230583489055848 0.120123032425378 0.0748729166048285 0.121357495311402
0.162655879330251 0.215381296695878 -0.0201072530165657 0.191614952349031
-0.0462500334550391 0.343407221889351 -0.137481593315979 0.155834702173203
-0.275846588897231 0.246777823183429 -0.193279657394819 0.0125662330034216
-0.360526581338214 -0.0451118037952771 -0.121609626732848 -0.0705365551942427
-0.325080929038256 -0.303381927865898 0.00193483643551214 0.102562174137986
-0.149782534993923 -0.299435134205022 0.250406524326831 0.314709518072755
-0.260266315033799 -0.283471987121198 0.178682021270682 0.4205212172823
-0.380664429979997 -0.0485791506429763 0.283235002215446 0.338021531709288
-0.302268302496018 0.218889242085412 0.359589360347025 0.130901797994791
-0.0166588983504312 0.285353911900304 0.22828138818611 -0.0532235875226899
0.126337002318407 0.184925220323532 0.148369346263764 -0.0413623894344428
0.210790888285501 0.108639853829128 0.12416250431126 -0.019633202551303
0.229673804627013 0.0382143293426507 0.14015017616609 0.0240011702522525
0.234061916064017 0.0246092287151346 0.166363816994885 0.0771006991494631
0.197591169976597 0.102072213781243 0.145661022135528 0.146884230243641
0.133721547398228 0.183996892029614 0.026916655508521 0.229901266646831
-0.0579591634123182 0.283408168467304 -0.114136651326129 0.186905105092509
-0.246409425947984 0.178395208532966 -0.178398887406797 0.0400580008276713
-0.284429128562625 -0.0802117682572095 -0.0760218609440895 -0.0518959691170774
-0.213041644975957 -0.27795809519062 0.075829866529787 0.178566153071347
-0.0164238554316135 -0.168566641921626 0.263661004681149 0.375455553096465
-0.106125405127795 -0.196045123259485 0.186766176133872 0.422877970754285
-0.212417998036928 -0.0641924013312686 0.218810810417768 0.330170416805017
-0.191422463517449 0.107787189677089 0.293414824123021 0.170026867199664
-0.0194543930572028 0.167749940103189 0.227539209843943 0.0257469384334653
0.0733219875845106 0.108622748710349 0.191783674980595 0.0195660099285204
0.125544237599598 0.069186845422745 0.189684491741119 0.011336768887996
0.1469024595481 0.0300180014507739 0.198730098945611 0.0314818276700544
0.154190717733 0.0219246021844939 0.227975118996253 0.0888285092401308
0.139010172057158 0.0745011073282521 0.193098744951066 0.174440138996082
0.0887600935889708 0.136629781543504 0.051875351800223 0.266874975698791
-0.0642817559298594 0.195678166994777 -0.112550218893078 0.21165663102127
-0.192498088111996 0.0920076456638527 -0.178203499414135 0.0565689884374283
-0.178009140984456 -0.105592879237468 -0.0435750949237172 -0.0371222409179388
-0.0735738454246684 -0.217063764533819 0.12265545749405 0.241497888244379
-0.0533886002065657 0.0887108597731676 -0.221944705753187 -0.283150922998478
0.0754206293944738 0.0738592883066608 -0.0562354129502513 0.036006680050119
0.107744806233476 -0.00760777234636448 0.216476131154688 -0.0415957994930213
0.0364231618295061 -0.0863702264187476 0.159650554116233 -0.251100346375826
-0.0381569126627592 -0.0578385768151629 -0.0649141958682418 -0.347555595682961
-0.0477233252830788 -0.0187829110121798 -0.271930213827682 -0.250677300246946
-0.0468564277008043 -0.0246430669440512 -0.310434296855885 -0.0924130708361837
-0.0383047544056375 -0.0215838594324146 -0.269752767778599 -0.011078773527401
-0.0218261084335456 -0.0252003697877835 -0.255998733609529 0.000415586619639502
0.00774084529093026 -0.0279954141072685 -0.256997673286415 -0.0200791313075739
0.0399638934180814 -0.0269822901475693 -0.251609982973336 -0.0526357857546981
0.0709207672041343 0.021547036308258 -0.252816827058534 -0.161311874717245
0.0478296381734136 0.0994811635765925 -0.225083220775686 -0.304209548073798
-0.0496965679238597 0.0985413675110329 -0.212073602439312 -0.34203256540416
-0.119620252944653 0.0557102164448735 -0.312176472886289 -0.345784800526271
-0.211285786848494 -0.0144699770120577 -0.151329682788505 -0.28724385970412
-0.0945359146774317 0.063639410126403 -0.0204098594727707 0.0418143347880638
-0.0231125091788136 0.0917589465668468 0.27248528565023 -0.0401767888283745
0.00829392018171767 0.0628217407359081 0.218666710698927 -0.278856574304309
0.0279000295766788 0.0385838382442315 -0.0486934974881963 -0.386632220754595
0.0429823220070643 0.0317933064409182 -0.266327811247665 -0.278269033520892
0.0734351555043813 -0.00959668401671563 -0.318202574917558 -0.102856901130572
0.07816667954396 -0.0182491280667787 -0.259669788265065 -0.00729136537686758
0.0911410381085094 -0.00635856464767407 -0.244182709325671 0.0141669503108836
0.0876471078132408 0.049775343492064 -0.239316723086196 0.000815171719246287
0.0690731941340743 0.0883944314778802 -0.241865813665013 -0.017831201102048
-0.00700590422885603 0.156994308792315 -0.252842053611395 -0.108068355613806
-0.108861817045375 0.150908888601051 -0.235381400027979 -0.246660702387824
-0.208300322739701 0.0266287316730206 -0.240613454073795 -0.265698570020644
-0.263884823716176 -0.0931689903410073 -0.312562151078053 -0.27230654516497
-0.333750671603675 -0.136604592916042 -0.0480436181164676 -0.238706634581036
-0.269401869576139 0.00695726060568245 0.0398263831682641 0.0808391470612258
-0.189539863372988 0.167181678345092 0.343873913686248 -0.00969871754792625
-0.0564945051417855 0.223767462826644 0.301472278024555 -0.280584806724625
0.079899659763599 0.157995007844332 -0.00363299315308931 -0.402215172763241
0.127380292964296 0.0966112211265604 -0.220190843604979 -0.288811192368969
0.184181056941042 0.0175792106554837 -0.282690370224436 -0.10886701714391
0.182777011780883 -0.013322042183354 -0.209654766991549 -0.00342611060603468
0.1916494555936 -0.00149885426434841 -0.191067580911925 0.03386090232754
0.166339998272837 0.0960625589162831 -0.187266262896941 0.0386667915126222
0.118872522961169 0.170041363122374 -0.211187372505403 0.0461791390846952
-0.0291207937852732 0.280240823148938 -0.25058310227635 -0.0281565327256704
-0.210648667500961 0.232001813680149 -0.250098159475599 -0.170976311463468
-0.336460859717755 0.00819158017992824 -0.24715512075093 -0.184343825252682
-0.383343018069335 -0.197878342819629 -0.27085727220177 -0.163019136920479
-0.397571543293746 -0.252450964070753 0.0687713362169778 -0.13490111680122
-0.410359700977145 -0.0874782774146268 0.112233889814171 0.155206548347319
-0.359776241861082 0.1936241127269 0.405442309058283 0.057587360167697
-0.153683110719717 0.358286833196059 0.384211621885699 -0.235372696162765
0.103091036859576 0.278927808130246 0.0627552970543447 -0.379038272291463
0.188686437002689 0.164094356351347 -0.138995245871076 -0.271253049518423
0.267493045683422 0.0512436811644561 -0.207596603252384 -0.104129816745707
0.260028520278616 -0.00726646999035753 -0.13047655550925 -0.000111616293047327
0.263745204601024 -0.00716276006639484 -0.105730692913592 0.049856122613784
0.228685988644805 0.110145081207253 -0.105807726553903 0.0755607262668048
0.170309203260552 0.20987859756239 -0.154114774442376 0.113918337011657
-0.013276532533102 0.362898462226612 -0.225652756455546 0.0556469488897927
-0.255720122967212 0.302520973709665 -0.246657679038097 -0.0926879116582018
-0.410454085481089 0.0190255312864248 -0.221545431374598 -0.116593649295182
-0.452627320463795 -0.258065658525453 -0.187657723294999 -0.0472937624998864
-0.391622809759146 -0.331908510512922 0.180114783606159 0.0115102829754386
-0.468575437958481 -0.190618730504125 0.18071033160491 0.2519672500957
-0.479089074051376 0.155391130171939 0.429363407784196 0.150488276326562
-0.252729281199926 0.414831499547618 0.432427092046987 -0.143531767855266
0.089434176694345 0.358202595456674 0.13375462690954 -0.303888868808965
0.213295453980353 0.211006070037324 -0.0380647288260675 -0.215819251137191
0.307071783929429 0.0798497003964004 -0.105253477442238 -0.0859025427211402
0.298915306810944 0.000120135339986269 -0.0332940980460608 0.00459491782103427
0.298808178844072 -0.0143083570972753 -0.00483314228213747 0.05772311886301
0.259316869420697 0.106503418133355 -0.00896624642546548 0.103393253601874
0.198514078126287 0.215057712136258 -0.0797627336143744 0.169019459084769
0.0038619584071395 0.388096654981641 -0.18312490213321 0.1242188339585
-0.264193596617191 0.324531461587767 -0.226671256008373 -0.0274596612421545
-0.422794302908571 0.0190527970682038 -0.17426357467831 -0.0743085700706996
-0.4539316541566 -0.286062259931616 -0.0826883530200182 0.0539275501092374
-0.315156355498331 -0.347510756568719 0.26533252942291 0.16994483506777
-0.425181290079104 -0.259106124676551 0.224849690601722 0.347008357801755
-0.492904580082341 0.0758615230396419 0.400622384760913 0.238682956679265
-0.30162882635809 0.376720926259552 0.426261612628636 -0.0281968233919623
0.0542722691991887 0.363292621138925 0.186076278698206 -0.19157229708296
0.197254275494673 0.216434786252274 0.0621086364691347 -0.135693056150498
0.296296068619121 0.0912491496521698 0.00769420807745066 -0.0578066360399845
0.29347353484338 0.00697383549575044 0.0654009701729335 0.00952661997837649
0.292303627658146 -0.0135010619465483 0.09715315545248 0.0610777025069355
0.256476617952559 0.0948475530264556 0.0861962665288351 0.122951786778877
0.19343531238993 0.200524810986052 -0.00648836123207664 0.21022541294506
-0.000918920426011523 0.363234795395004 -0.13718086669429 0.17210339174321
-0.256206846918076 0.290215796101975 -0.200277179481021 0.018177853222283
-0.385958934723543 -0.00834292628020998 -0.120754493868658 -0.0509645824423845
-0.386421303833605 -0.291651253708103 0.0190955395015449 0.138265017410596
-0.189548611344848 -0.288321927722862 0.311950419171269 0.301989033697141
-0.298164318762264 -0.256854195485413 0.243552661098879 0.409371203992154
-0.394754780170763 0.00458068061583254 0.337238418712252 0.29428631501784
-0.271960277289929 0.271939630476841 0.377298624770986 0.0695987229059218
0.0231875635211905 0.291999638368736 0.214008580266657 -0.0788826283019916
0.152881618115524 0.175352227332742 0.143217898129892 -0.0545425592284771
0.237593056226927 0.0796474954008988 0.111136319180592 -0.0279928884147318
0.24350019251073 0.0115802089949656 0.15140643013132 0.0121741898220857
0.243948489794592 -0.00677051346916151 0.185740803246891 0.0631423106441536
0.217455749225292 0.0801168174174167 0.165829099979177 0.141733627935652
0.159224436228115 0.17239882956136 0.0490696287834978 0.245215379018512
-0.0218167458375721 0.301446499954587 -0.107273616917097 0.205931627939306
-0.23523733816213 0.214700793490967 -0.180892959044001 0.0506545347211548
-0.309493934843718 -0.0539970981197944 -0.0759715820744059 -0.0363288744331821
-0.263002193741858 -0.274057850032752 0.0997817437556743 0.206973118253537
-0.0339892975996438 -0.173370166268143 0.32125260061364 0.375102553894978
-0.126819661093932 -0.187523482527628 0.247011617128751 0.419616548993515
-0.222903422302561 -0.0363696703046784 0.267824871082198 0.307591408528288
-0.175118292988771 0.13967620484264 0.317066524207769 0.128788405137149
0.00554515047564625 0.170409794789424 0.229773951556897 0.00223813407575092
0.089441349734596 0.100996230538974 0.198181064555737 0.00186876864993242
0.143504372648732 0.0522232996293623 0.188134319499135 -0.00864821836947265
0.156941141555434 0.0121169582567657 0.212571761934151 0.0124594537336074
0.161778693424703 0.00169407751639901 0.251964611816411 0.0684591446333435
0.151864671238136 0.0603539260946378 0.220866103803673 0.1655649949271
0.105782598968698 0.129170604869537 0.080831842682711 0.281347245799894
-0.0426206967798644 0.209858185192233 -0.10095528678887 0.23367061829137
-0.189550313936729 0.117055285248068 -0.180381130315106 0.0728396982020825
-0.198929047122327 -0.0936283213842415 -0.0459233383653345 -0.0264177417061214
-0.107300441353369 -0.222005580667027 0.149843015732042 0.26171841771083
-0.0505414407544843 0.0964188737197516 -0.252824676500668 -0.27701524578629
0.0818950542474906 0.0702523353010964 -0.0565371042375019 0.0467284646930841
0.112575505771857 -0.0158365933161368 0.225482320788126 -0.0595995434559849
0.031381304686216 -0.0921411860278327 0.149023086463329 -0.275776610993888
-0.0424925953596744 -0.0554212769378501 -0.095790286737626 -0.35641669855282
-0.0494104948191504 -0.0148515674568718 -0.304432564236334 -0.233399739488855
-0.0502747988445074 -0.0214383808955048 -0.330386124481034 -0.0677002902145237
-0.0416032650675914 -0.0193155363429405 -0.281377893944873 0.0105598945626651
-0.023904644218719 -0.0247485832704889 -0.265596790826132 0.0241285873170359
0.00690963396580814 -0.0298184347678002 -0.269301377198819 0.00450359165316693
0.0393813806083096 -0.031995129607192 -0.266759819681239 -0.0349343935056979
0.0752089481674958 0.0180599575898855 -0.276854362026727 -0.150735091695738
0.0579191633456273 0.0984432393084218 -0.26040725892655 -0.299254779322524
-0.0476313167165187 0.104706337624423 -0.243521175969196 -0.339760975664225
-0.121049643838131 0.0671002547789819 -0.353256947721398 -0.339363719447599
-0.222988193861438 0.00145406577588358 -0.178284591351789 -0.287336564582972
-0.0951930284415239 0.0728368988275521 -0.0192825099581217 0.0484746389058175
-0.016790953481145 0.0986969865602178 0.283734419104814 -0.063210505856236
0.0148945524159466 0.066734623530226 0.208849878821793 -0.309996511653868
0.0333529589838011 0.038755536803456 -0.0810507841441024 -0.397145859906373
0.0492564165427331 0.0298075009545215 -0.300595145013285 -0.263714971440215
0.0753710335611113 -0.0168408426899624 -0.338197651855119 -0.0779540118111757
0.0800026871637962 -0.0277793695292229 -0.269094955236995 0.0140328402943268
0.0948761425865774 -0.0156228550970358 -0.251047363705921 0.0382417576625901
0.0970577441623164 0.0437444383267574 -0.249214025930879 0.0246930734115523
0.0795901383556286 0.0859862404280105 -0.253417511241111 0.00170403802789287
0.00618679285900861 0.166185701805783 -0.272263338366044 -0.0946280120970675
-0.100636167759801 0.166531837922927 -0.267418626961385 -0.239953755218244
-0.218062414625638 0.0414900073507114 -0.268669792892652 -0.259657927981165
-0.283823455272168 -0.0761348560624992 -0.347631674332222 -0.262034541491825
-0.359457253930014 -0.115591916424704 -0.0683145505376825 -0.245658496931086
-0.281502658638347 0.0284666542921672 0.0458854477732531 0.0837024695274239
-0.184023915441494 0.191542590660123 0.360216096641069 -0.0355294172033131
-0.0393115671332725 0.242108283287446 0.294531029341927 -0.317639480378087
0.0976178045652162 0.159529800689983 -0.034461006835201 -0.417366257205593
0.142863754895717 0.0913062049974114 -0.253156050087203 -0.280857485016116
0.192953031775115 0.000901721226873424 -0.300118514063098 -0.0867232694279153
0.189179932763515 -0.0327043458722596 -0.217984203920599 0.0129586974093841
0.199341335875314 -0.0189512601336467 -0.193284578875583 0.0531804669229072
0.182691535925596 0.0853374695379816 -0.19150205181099 0.0588497750899442
0.138173820395756 0.166946655788505 -0.216600165793894 0.0670287445942842
-0.00542076051178461 0.297446180636119 -0.262288450260781 -0.0106356531135449
-0.20024199254445 0.258815684890423 -0.277202813466014 -0.159062639834945
-0.351943376761595 0.0325720919267274 -0.270494141169719 -0.174699192377768
-0.418538162262939 -0.174576355753347 -0.293687154240415 -0.150301658950989
-0.435550542878217 -0.233213527959036 0.0614019979076177 -0.14635898870809
-0.435444973589517 -0.0590037567448408 0.126852779802094 0.154095263911635
-0.361338667779279 0.232780192365881 0.430340500687494 0.0303049777797934
-0.12805504542493 0.389844735559413 0.383297827709877 -0.277595814630786
0.131699425541231 0.282593726878473 0.0373814545259484 -0.397111360903126
0.212159397978272 0.156390767826992 -0.166687104428086 -0.269830130903522
0.28178586354204 0.0278760084967901 -0.221254115712347 -0.0876079808870128
0.270288611523601 -0.0335754724076798 -0.134711451735278 0.0102681961498072
0.273686974987223 -0.0306576907804108 -0.103746635785043 0.0618338778562046
0.248381304369618 0.0955435388909353 -0.103996124227716 0.0901391548536055
0.195376783935054 0.204628766908499 -0.150343423447319 0.133483832317332
0.0198213869711626 0.380959503831117 -0.230311972086424 0.07629042307554
-0.240266730825504 0.33712116572072 -0.268436584711745 -0.077972724401299
-0.427794502039329 0.0503931563807804 -0.239761902589246 -0.105094167172878
-0.495012567087101 -0.231413885287334 -0.197989171827677 -0.0364756914563501
-0.433150513258834 -0.317202983646958 0.187944109542066 -0.00191654327355191
-0.504982782096508 -0.163518234423613 0.204892942266254 0.249407909540403
-0.487256939936314 0.2021636055014 0.4625961946889 0.125677458042707
-0.226358882524102 0.457721455851398 0.440859167372228 -0.186227597891239
0.123442177962344 0.364900547333971 0.116402279573622 -0.323726412165068
0.241404797494149 0.203311827950052 -0.0561628309134914 -0.222904336869005
0.32639358874905 0.0538720545151332 -0.113026598894143 -0.0789350565139325
0.311568119567636 -0.0291963184741832 -0.0334761511218167 0.0061093465019321
0.308577541040574 -0.0403014082184236 0.00205869223103223 0.0610534328924352
0.281054181819079 0.0875293264347587 -0.00116875370350378 0.108972801529432
0.22464038134458 0.207881067614154 -0.0675652982210611 0.18449280554556
0.0385211363363509 0.406097044952532 -0.179621411958458 0.144873429213084
-0.247718260883974 0.360640925983623 -0.242936201437241 -0.0113040718746728
-0.440428513596917 0.0516484271965074 -0.188131610380088 -0.0644411814819677
-0.497342524788073 -0.259489522937413 -0.079676137588465 0.0610523775392037
-0.356323673888128 -0.337401595797373 0.288271813432571 0.157150960319237
-0.465059699706486 -0.238874108407692 0.259171718055003 0.34431576215243
-0.508479174659424 0.119287783128218 0.438019069785053 0.220659882491258
-0.283060430041215 0.421308836358284 0.443479383267824 -0.0644538327606363
0.0864847908001636 0.373293715606838 0.179713314248089 -0.211071380471164
0.224349573118946 0.210047470350698 0.0552336900311164 -0.148396530131362
0.31589530521476 0.0676245192321811 0.00552816684418829 -0.0594371337889454
0.306011417150017 -0.0222563534889824 0.0687743743058706 0.00261684124789452
0.301709516707343 -0.0397531947688982 0.107005024273362 0.0550620818639442
0.274421868865093 0.075753066930009 0.0989817725489438 0.1205786012735
0.217542164721162 0.191619503059628 0.0115986190441994 0.221109204752537
0.031793780638645 0.379415031762001 -0.128972162028697 0.192314955345336
-0.242255632203794 0.324588127159128 -0.210831747448875 0.0354693356322559
-0.402091292729968 0.0205204190571475 -0.132600567734517 -0.0445750528291281
-0.427809730767527 -0.27116908017065 0.0328752112434929 0.140404733207385
-0.220054237323551 -0.286480563874292 0.348462999114675 0.292897213453675
-0.331663514924391 -0.245142748814262 0.283981278114103 0.407333740478568
-0.411651266527683 0.0363857041062832 0.374090770269143 0.283063397230122
-0.25923360048717 0.307891185311206 0.398033736949639 0.041575623727278
0.0484440299498686 0.300234856507931 0.217269378291147 -0.0973765123576723
0.172823777377009 0.171077406665626 0.146094156230633 -0.0719442775657148
0.254464525041657 0.0611293011939511 0.114833276871865 -0.0390718619736821
0.254225654842299 -0.0123793346683184 0.158546231069088 -0.000883710504963054
0.252924199014979 -0.0281308952762542 0.198416912642385 0.0492796308125929
0.233431401562457 0.0638330350865493 0.182155544549953 0.133736920402266
0.17916666238085 0.165727194315 0.0723405437040227 0.252511316161259
0.00442739780264167 0.316747224488035 -0.0952026941093601 0.224058533309769
-0.225955474147381 0.244047715206814 -0.188279211750413 0.066305918019714
-0.325862818697122 -0.0323321691603944 -0.0836071736819253 -0.0336038148580718
-0.29789021129468 -0.261321274876403 0.12287287042447 0.206608222408188
-0.0492561491495594 -0.178315998293843 0.362933598838823 0.370534488497363
-0.147512745413613 -0.186189687795734 0.288431434375905 0.418514600622356
-0.233702926716316 -0.0197938152605531 0.302042031134783 0.301828697992102
-0.17001756702646 0.16146675098241 0.340758090351701 0.108760858270572
0.0199363481702599 0.176475055391138 0.23837249802592 -0.0158496380387677
0.099755658231909 0.098874178076317 0.209019843176408 -0.0179813765612889
0.153372159382741 0.0416990331139458 0.195364242051674 -0.0248961227463639
0.164000957248522 -0.00178567208205594 0.221339492345892 -0.00475168410043545
0.167706005223649 -0.012504479105324 0.267422505911819 0.0504530330612142
0.163658292517607 0.0479852899655344 0.24045959859269 0.153443786232356
0.119519568674078 0.125254995095535 0.1077922566042 0.286803455237484
-0.0251066291482568 0.223358510869442 -0.087253678981976 0.251486602814969
-0.186595187107054 0.137594309889998 -0.185137732291471 0.0894544918389607
-0.213025699835012 -0.0818949435743308 -0.0521511099760322 -0.0264599086463702
-0.130018511636417 -0.220648113416548 0.178149577212507 0.258308871405415
-0.045032872776029 0.102665436116646 -0.2791317812793 -0.257746933397452
0.0861599862348616 0.0642952737578497 -0.0522583210883509 0.0562030017998424
0.112618550592725 -0.0251749522881799 0.225893118283605 -0.0802597356446623
0.024204300906094 -0.095295018666829 0.127865735967666 -0.293237892202656
-0.0461945308770537 -0.0509709487621451 -0.127390429147903 -0.351198495710435
-0.0495299045782864 -0.0107148527563442 -0.326624939855906 -0.20448410188322
-0.0537196495990582 -0.0168159987209714 -0.338300972307573 -0.0371008194435729
-0.0438423097758312 -0.0160902044679269 -0.282390199750701 0.0367103080076431
-0.0264052981808763 -0.0224903010439491 -0.264873631058471 0.0501239632593177
0.00409049804767121 -0.0317077881826953 -0.271425164495833 0.0316427736793888
0.0364786773288685 -0.0358171152556402 -0.273413865175463 -0.0125412266671381
0.0783713429990599 0.0125723478865078 -0.293906862587106 -0.13100615535787
0.0671426511444991 0.093139143896807 -0.290135915153287 -0.279563065259735
-0.0434341111745293 0.108246608164569 -0.271176273428654 -0.32376909748456
-0.117180065178295 0.0774799942547331 -0.387421800262151 -0.316561062739706
-0.226927745896992 0.0218050116332404 -0.204846693822126 -0.27711214704979
-0.0924881953059463 0.0821956458383561 -0.0155110207555412 0.0548656218466931
-0.00768844928211651 0.10309173706402 0.285116575961653 -0.0877648956480017
0.0227042709304016 0.0690242740839343 0.186696991498978 -0.3331486936959
0.0379466590087092 0.0368028673795701 -0.11540809877953 -0.392585876316842
0.0552007608375236 0.0259444686112242 -0.325992926258654 -0.236534541586336
0.0732934288822053 -0.0246511060336069 -0.344615012484177 -0.0467996417805099
0.0774732700618438 -0.0370327927959354 -0.269072574844246 0.0381263260482004
0.0954183453986984 -0.0242647969950092 -0.247913657386254 0.0630825628824302
0.10311356538677 0.0348535125721303 -0.247878866333738 0.050340374437144
0.0881225351170213 0.07898354454391 -0.255970690543849 0.0244356327656278
0.0232327089547695 0.16934251703915 -0.284360804564839 -0.0752402476089487
-0.0874859822547171 0.176190135086269 -0.293051491113737 -0.218435802364119
-0.221023451278229 0.0597761232036942 -0.290599914183655 -0.241055230876956
-0.295411658649611 -0.0522638282087181 -0.373959859082941 -0.237745993798039
-0.374531197612957 -0.0864047279784724 -0.089433154969495 -0.243427444871165
-0.284006949391702 0.0522839334207706 0.0520896050933573 0.0832528798937271
-0.169552513494468 0.212331862365991 0.365303848437417 -0.0664054886021235
-0.0150419773896065 0.251285276772604 0.272642889054466 -0.348588844238896
0.113590413090996 0.153020472823755 -0.0682302339246532 -0.416752937155024
0.155323910794525 0.0793999392412537 -0.280087475756919 -0.259358384122673
0.193929850324281 -0.0184928151060879 -0.30623062838132 -0.0585304891339459
0.187409113970761 -0.054089760680947 -0.21776410339402 0.0317889263867778
0.199430009175345 -0.0383085229030059 -0.187068613832049 0.073085066967052
0.193757771387491 0.0687745480101697 -0.187204663388857 0.0804742459492128
0.155631475476416 0.15654975610832 -0.211895936973342 0.0877128517444024
0.0238247628585058 0.303301210864079 -0.266820252364429 0.0101787630252983
-0.179363916330039 0.280315036408031 -0.297143001624599 -0.137674497184528
-0.356274853851494 0.0632846666543252 -0.285932779508096 -0.154127055721086
-0.44033888413119 -0.140246682953238 -0.308475110625684 -0.128957457908703
-0.462116756816193 -0.198888151510915 0.0497820022404058 -0.153296377763422
-0.447178973197682 -0.0233900523275573 0.139273213224584 0.146989480923957
-0.344590453778533 0.269171327970968 0.4409408249188 -0.00470103688002813
-0.091819217153311 0.409453358951732 0.365220296065274 -0.315850380254309
0.158302554571458 0.27342798096001 0.00676664951726632 -0.402064501054364
0.231697420228815 0.138997291274845 -0.192340033600712 -0.257678906643904
0.286454930445644 7.88760378363697E-05 -0.22679960408385 -0.0673977411865827
0.268673835636603 -0.0629894118933501 -0.134588816360333 0.0211056967857714
0.273019718867465 -0.0573271929521257 -0.0964358479119333 0.0726002876876336
0.260184140943959 0.0723431028987203 -0.096375526570793 0.103110648535705
0.215450438237326 0.188537921866514 -0.13898724221165 0.150378535588119
0.0573493454721596 0.385920240446744 -0.226142762748152 0.0962864415205039
-0.212754245482039 0.361984602820113 -0.282708792433846 -0.0546829415096209
-0.429793084942896 0.0870024888356897 -0.249758850794537 -0.0867838480159527
-0.522980373989719 -0.188938580361112 -0.20130638482226 -0.0217487185437748
-0.467470012970839 -0.284319925139602 0.190182820996204 -0.0181238760603647
-0.527348307914139 -0.123090317640595 0.225326647107023 0.236103295527491
-0.476521341369273 0.249504232044813 0.47999125891315 0.0892302139823465
-0.185022902685591 0.486370685676205 0.43062811534765 -0.226359654884667
0.157304684473229 0.358195861346869 0.0933338093172194 -0.335375752056085
0.264166174810238 0.18368037967053 -0.0753847241831882 -0.221045526952576
0.33379019138446 0.0226364126451351 -0.116576853144664 -0.0682453912469039
0.310938978506086 -0.0630723372714861 -0.0330511790812002 0.00812212659965255
0.30733483707148 -0.0702122495533038 0.00883692998441633 0.0611134961923151
0.291247533796047 0.0613016994852156 0.00799831030826548 0.112290311390395
0.244911179741077 0.189741078111729 -0.0507229137539662 0.194172768135461
0.0796425523925136 0.40924753049994 -0.168777863791189 0.162279068917254
-0.216101121095381 0.387299113641165 -0.251147701132158 0.00972525873290141
-0.44130288387016 0.0901093367660067 -0.196526969695422 -0.0495168277007609
-0.526682731825308 -0.217374645115487 -0.0738163842775826 0.0671606981745631
-0.391094180768441 -0.313783095267272 0.304602798675652 0.136952461430846
-0.492326029339565 -0.203242333412041 0.28845396772807 0.327946667689554
-0.505186429923264 0.16717816562821 0.462984423597465 0.189053683877674
-0.245114436779367 0.453774340787025 0.442435886639937 -0.105408184751724
0.120155058343309 0.367835188814179 0.165365095988073 -0.227088673762166
0.246709597701543 0.192150548188539 0.0432538320774141 -0.157123549622331
0.324150493966561 0.0359262097089025 0.00385473730560724 -0.0596219479418839
0.306814893700152 -0.0542967199845394 0.0694453226600526 -0.00504946373189503
0.300320568854387 -0.0688168204250341 0.113295483542997 0.0447854238648949
0.284485157808005 0.0492642257498055 0.109290724602853 0.11462145283917
0.236586062661278 0.17424110639556 0.0332276962354587 0.223290376757756
0.0694869793021856 0.382765541185818 -0.113186932700964 0.205730099215137
-0.213758862309107 0.350485680806188 -0.214202079023624 0.0542113375421587
-0.405914897026909 0.0548513605105626 -0.138473229177154 -0.0340293655486748
-0.456841726949855 -0.232683621625647 0.0471909723354818 0.137379767326395
-0.249150003573483 -0.272846521356388 0.377786538552392 0.270297880733665
-0.357992055405538 -0.220175617198752 0.318737746104723 0.390031054328075
-0.413462189652376 0.0728356462288725 0.401966281667854 0.258296551105419
-0.233332063065007 0.336294011486459 0.405333886709622 0.00725997902839037
0.0752100460225512 0.298001322726829 0.213240691476724 -0.115219858605138
0.19008383777435 0.158232484567267 0.142933311022825 -0.08828431061757
0.261715322295836 0.0361741418377862 0.114178045315181 -0.0495944438748288
0.255139910929712 -0.0397064879625036 0.159613079163202 -0.0156521531423246
0.251201043957388 -0.0521652127640685 0.203959967274029 0.0310451139058416
0.241606501556614 0.0420280098248182 0.193448338672256 0.118513189546111
0.195426928812722 0.151975648177388 0.0969064376262915 0.249026907134192
0.035476362851164 0.32090555621384 -0.0764159497782741 0.235862170190066
-0.205145986816666 0.266466359492684 -0.18761167602816 0.0835885244574721
-0.331036322887528 -0.00514707268078526 -0.0892732967908911 -0.0280577291182458
-0.324554130775574 -0.234216655779076 0.143170010138461 0.196255820778641
-0.0661486956744332 -0.176805898488169 0.399645368439963 0.345937957804154
-0.166383221173446 -0.175327663481483 0.324840359430598 0.399593247790594
-0.23815708659043 0.000102825659922045 0.329927382744984 0.28269414175291
-0.156165797808263 0.177326329836938 0.351717256154209 0.0812272235117347
0.035006827117354 0.174526757572942 0.240737744969914 -0.0350649107326799
0.108385643790627 0.0909761679355256 0.210187915656642 -0.0394090120947916
0.157838046152124 0.0264870716148312 0.195275580599414 -0.0433608333599772
0.165835036218444 -0.0189853634303434 0.222485072917475 -0.0243601561938687
0.16828650198302 -0.0277311109102532 0.272297143795537 0.0249993765740019
0.169394591922041 0.0330073969516919 0.253690395627812 0.133177933956946
0.131779901953306 0.116269767913662 0.135163173981115 0.280427924382244
-0.00343978883537941 0.229063356586777 -0.066358364432542 0.262478554126661
-0.174614304246382 0.155688155234843 -0.182129464057959 0.105957964508915
-0.221572891168501 -0.0650956221103458 -0.0564956944535978 -0.0236245855411547
-0.151232522251367 -0.208376656087008 0.203391935566524 0.243635670667128
-0.0400754678704368 0.105047337068726 -0.293705477646108 -0.236373629085711
0.0873166875232012 0.0592142657158663 -0.0456298622664519 0.0629997624537232
0.109683191493077 -0.031150961364152 0.221521140965168 -0.0964482157895464
0.0181864316622327 -0.0944103886584975 0.108980510119334 -0.301325639024376
-0.0466854477754962 -0.0467125940428873 -0.148887678722437 -0.338519663291319
-0.0479916543203643 -0.00682224000976719 -0.334489571581715 -0.1761518250088
-0.0542407868050783 -0.0120338101024584 -0.334483074795863 -0.011290432571035
-0.0447496853663365 -0.0127826064466797 -0.275718577005328 0.0560204735738656
-0.0275713049269872 -0.0207465383366324 -0.256337852648004 0.0706355906045793
0.00174340584659723 -0.0311347635630188 -0.265344565189865 0.0527390809959976
0.0329563497079423 -0.0385938701466459 -0.272124293555446 0.00531865209050845
0.0788465750723012 0.00828288912999081 -0.301673735878959 -0.112244590922966
0.0715804993129515 0.0864495908844424 -0.306095450241109 -0.256906237028745
-0.0398013989789309 0.110451792695911 -0.284617828947508 -0.30561959292787
-0.110812484212082 0.084542339837204 -0.404734508863317 -0.29250328333643
-0.225100989731403 0.0365999406397644 -0.219926167732462 -0.260489311490552
-0.0874785989830422 0.088180354057309 -0.0111139279508352 0.0584021622022641
2.23133780832482E-05 0.104168051210356 0.279752999978875 -0.107586363165606
0.029591390403951 0.0676338741950174 0.16328332081573 -0.344076483171106
0.0423431847799388 0.0352116903719505 -0.137408447100981 -0.380402305498098
0.0584488553140161 0.0212298475584661 -0.336754951500601 -0.208635391775997
0.0707126215030012 -0.0306913924825018 -0.340939464435006 -0.0202699021732125
0.0728980203670837 -0.0442877043987477 -0.262538601264548 0.0564180509948566
0.0925603249502249 -0.0317223805490177 -0.237733465763649 0.0810603038459577
0.105063057525132 0.0266158259109731 -0.240197587607076 0.0696840061944466
0.0932927603774795 0.0721163741736299 -0.251361242408327 0.041669009635175
0.0365725337013321 0.167210816292473 -0.288468283390893 -0.0568238219009331
-0.0751944662193663 0.180084544834952 -0.306011532558507 -0.195908857807787
-0.218704455736284 0.0730528653923253 -0.299439002489744 -0.22118429241396
-0.296815723416193 -0.0318164321465581 -0.384334719114827 -0.213756775569728
-0.378359630457311 -0.0607158838290618 -0.105036038007352 -0.235776704190653
-0.279496389883851 0.0713255177391787 0.0564683667659552 0.0824180805016672
-0.152685488987587 0.223349128842609 0.360487524492811 -0.0905792431969858
0.00571133397358966 0.251873695787298 0.247964109728944 -0.366109899295849
0.12433156341862 0.144672428646381 -0.0930103203667479 -0.407484018204078
0.161936622126443 0.0670509848165811 -0.293227273600457 -0.235362156291518
0.189421933179084 -0.0332759550830005 -0.302497656840361 -0.0357300236164864
0.179721995180052 -0.070046824703135 -0.211955931736986 0.0461969839027445
0.194530006650029 -0.0530405896315548 -0.177174599036744 0.0861701800032469
0.196992829674337 0.0537001909778344 -0.178023696379453 0.0943158469669245
0.164949762353513 0.143507915150378 -0.202976907606765 0.101862633328605
0.0483375085908285 0.300102119485166 -0.264214380170729 0.026526860257798
-0.158366382063608 0.2887522306818 -0.305626044234855 -0.115143661370171
-0.352050575318946 0.0847883282293335 -0.291498792736675 -0.135293217186715
-0.445808194063106 -0.107886624883755 -0.313489607056047 -0.110180614662367
-0.471159034870629 -0.166428914020345 0.0397616362537671 -0.155429519109568
-0.445460527930935 0.00669881054328759 0.145689570736077 0.13910219020094
-0.323051565786011 0.292114163899008 0.439514968847386 -0.0332740028929642
-0.0586998736437686 0.415242928542117 0.342116559435195 -0.339960703426193
0.176657209894863 0.26070809315881 -0.0172139319952566 -0.398880542924711
0.24174562271833 0.12043589057961 -0.206637456524875 -0.240735595781378
0.282769628741609 -0.0222398402324657 -0.224093162642627 -0.0509536588145127
0.259821022658991 -0.0858346850805952 -0.130630756476097 0.0295837330082665
0.264927092549696 -0.0775548707787184 -0.0872615297114064 0.0785343312008926
0.26286259686101 0.0517876830229013 -0.0871325082851288 0.110767949215727
0.227395811546914 0.171161154508824 -0.125770449927841 0.158334088194305
0.0884012793719508 0.378923647282926 -0.217581877590762 0.110179234630539
-0.184007069053032 0.372613881253385 -0.287419879201725 -0.0340996521133325
-0.421737391250062 0.114894827758288 -0.253146600270943 -0.0706595284988555
-0.531298165401206 -0.149481075707779 -0.199532036938864 -0.0107366866027128
-0.482595596297414 -0.251621110964554 0.187364065854932 -0.0288347254346665
-0.531865020922827 -0.0886105512124138 0.236504725451843 0.221027656440662
-0.45449816538254 0.281443463706598 0.484531255206957 0.0585626115454224
-0.146083079382932 0.497593239093114 0.412496704449784 -0.255478020384578
0.180837681661819 0.343971220961366 0.073454605891981 -0.337117057337072
0.276351198211284 0.162954515517684 -0.0896091761678726 -0.214937874616766
0.33013695577842 -0.00513220181058847 -0.115745866175005 -0.0590501675420218
0.301731178609161 -0.0893529718474313 -0.0324503217993941 0.00886152562949102
0.298234063169253 -0.0936595471169792 0.0144268059843246 0.0595106819004537
0.292490185472772 0.0382012391712728 0.0164877664703615 0.111889257371248
0.25630109115218 0.170458276639857 -0.0348717900568184 0.196224086368447
0.11135005297048 0.399832532010197 -0.155859307692234 0.171886787240156
-0.185980028295227 0.398572561245911 -0.251190831682897 0.0279954230021906
-0.431712619635952 0.117945316065759 -0.198281988116703 -0.0376553933429763
-0.536521971941839 -0.176755316555623 -0.0674568466615701 0.0688392780842413
-0.408109828709098 -0.285253578207369 0.311108514283419 0.118395581313491
-0.504631333270793 -0.168611098085607 0.304824454187048 0.307424438072586
-0.488250185971573 0.201376902230096 0.472703508193783 0.158603259413903
-0.208680064963628 0.469270960995549 0.432585491117279 -0.133672654292885
0.144131752416356 0.356110415986507 0.151441741818128 -0.234884053508213
0.259365068789796 0.173084587485844 0.0319153914996563 -0.161314327129816
0.321756541104995 0.010881829055308 0.00324642165904898 -0.060104454904982
0.297183312961009 -0.0802418763548293 0.0677751999317979 -0.0100500049640229
0.290856118598923 -0.0905760301310142 0.11510194479745 0.0356128569868113
0.283348509427248 0.0272999304241168 0.115489946971659 0.106375710400012
0.246963620750673 0.155868825892464 0.0493756723017552 0.219640416635741
0.100352132329923 0.373989083487258 -0.098337450667254 0.21144988176281
-0.185523363529337 0.362293477353119 -0.212366927959638 0.0689607557455062
-0.396520138619191 0.0807523050939922 -0.140334843475563 -0.0264277119489108
-0.468356252721624 -0.195303523304305 0.0569226790169174 0.130575070315981
-0.265740213882226 -0.253930902602986 0.392329798119878 0.246501431342566
-0.37151998706426 -0.194600510994178 0.339187221383227 0.365326199246765
-0.402723907467572 0.0999830063158627 0.415344128549607 0.232161820358649
-0.205535912197168 0.349498055197127 0.400877321149061 -0.0196021680314533
0.0944051731792525 0.288907209270132 0.205132780284341 -0.1268804881983
0.199330397618016 0.143093131444672 0.13582132244547 -0.100370025991921
0.259582127157755 0.015811200886659 0.1114096529502 -0.0572838647318857
0.248155578299029 -0.0606442455908203 0.155669730159387 -0.026649870755364
0.24451274963016 -0.0709671679878327 0.202979830616893 0.0161896327709859
0.240687134689433 0.023118262818464 0.19831726685767 0.10435147127754
0.203710330603964 0.136907175460211 0.113988061060691 0.239912438879051
0.0605109625483728 0.31494186036288 -0.0598863614653746 0.238806398850238
-0.182655525449652 0.276784221051242 -0.184380995180072 0.0965539602934696
-0.32742045661381 0.0155640312612817 -0.0925914648713229 -0.023059649433276
-0.337116056626501 -0.206883868253861 0.155734625591603 0.182627385292438
-0.0786219962269605 -0.170759214711816 0.419481865866315 0.322198530225324
-0.177235329595371 -0.163295267226348 0.346219142225927 0.377044253261358
-0.235171716982294 0.0156507523353679 0.345785646316077 0.261452227251224
-0.141101090422903 0.186537770207154 0.352824227450689 0.0564479233096721
0.0452608372976218 0.168428301985967 0.23621608341 -0.0494262993822564
0.11225645055452 0.0837382205140416 0.205648133874298 -0.0565158184770547
0.156322160915297 0.0134434328603263 0.190295806339879 -0.057458978896222
0.161460309608114 -0.0332526310780994 0.21717719074096 -0.0388090774777916
0.164141010883629 -0.0391442379628933 0.269666542282925 0.00509830955973505
0.169089510058907 0.0192518460329431 0.257886236547128 0.114964555506523
0.137908079969431 0.105694947971358 0.153569689254167 0.268931416144958
0.0149069267394716 0.227280614578304 -0.0488740211863629 0.26477588738029
-0.160268117945142 0.164201694855818 -0.175802234758542 0.117583075847912
-0.222991585271945 -0.050179291585705 -0.060189731754389 -0.0209967509110716
-0.162634829413266 -0.193405822836269 0.217331443618978 0.225716671403595
-0.0367391956158088 0.107487976434506 -0.3005415321754 -0.223110958576847
0.087861922817575 0.0558872311687201 -0.0406225344807394 0.066787671086408
0.108159133823113 -0.0352926296482337 0.218014219195726 -0.10747820912187
0.014317897322187 -0.0944478120110725 0.0955712293995047 -0.305455362673548
-0.0462125482289234 -0.0448607334366804 -0.162164748893265 -0.329430616085747
-0.0458812305498525 -0.00441371497621158 -0.337517036111936 -0.15772809352231
-0.0547774338092054 -0.00844758361577668 -0.330593212060324 0.00511271088278969
-0.0458837282295417 -0.00995692085666687 -0.270563576623815 0.0677330168353085
-0.0277479192343046 -0.0190617959638753 -0.249059176519068 0.0826796593538114
0.00112474048204763 -0.0315428210163354 -0.259429065130246 0.0658845476282201
0.0302848439029746 -0.0399779688713526 -0.271072717535577 0.0168782016860536
0.0793234159870457 0.00414709031407768 -0.306482398706839 -0.0999040832529696
0.0737672129523077 0.0812853101282105 -0.313644962761975 -0.241200004492164
-0.0385181883903164 0.111762252164636 -0.292254770915091 -0.294271383053809
-0.107314812487207 0.0879548299227217 -0.417006606109901 -0.276464722626995
-0.224012461495274 0.0476588524621077 -0.229530335837359 -0.250717557729383
-0.0851667546451055 0.0923392044452036 -0.00682389548693831 0.061072410005074
0.00565939939508615 0.105104611169743 0.275445628442994 -0.120979096818691
0.0345685396567477 0.067042259541123 0.14853332777625 -0.350894478040829
0.0457022413063209 0.0335437500628284 -0.151163558551975 -0.372222617342196
0.0610669698332056 0.0179152205339502 -0.341788502410298 -0.189369549955684
0.067701527286001 -0.0336883934486608 -0.335080203771098 -0.00431383488715968
0.0690687903901528 -0.0485300714913539 -0.257662108361036 0.0668514722547807
0.0903668072655792 -0.0365370859891548 -0.229359321710375 0.0921031752621864
0.106740694743015 0.0208598164049354 -0.233808149738659 0.0821293949037942
0.0951498285500045 0.0671286187663235 -0.24934454733996 0.0523086710989306
0.0457817861314132 0.165073646365137 -0.290720610286691 -0.0460791810641285
-0.0671819299226912 0.180754220371547 -0.312481989248408 -0.181433158011997
-0.217094588105915 0.0831643748584113 -0.302851473069456 -0.210042968344402
-0.29706605363197 -0.0185247668502966 -0.391960339819362 -0.199836385620687
-0.380445099853684 -0.0430599858229211 -0.113192763777105 -0.230790204074799
-0.27655144518049 0.0831036870455588 0.0594473021783319 0.0819901028074985
-0.140915100262842 0.230863672497616 0.35639624914194 -0.107502090526432
0.0204233422247627 0.251543237682814 0.231442817526427 -0.376751458567992
0.131724999107318 0.138640584507316 -0.107232740552865 -0.401627625463524
0.166264657562834 0.0586690766572239 -0.301334603767147 -0.219037881996084
0.184852424607565 -0.0424742066946532 -0.297330991296202 -0.0224228073817871
0.173145672661463 -0.0808214297923205 -0.207599643555479 0.0545588298182724
0.189301641100533 -0.0632325800230688 -0.168561983096944 0.0936426787688476
0.199036150207319 0.0434379199507533 -0.170139438418628 0.103371548548687
0.17083997565947 0.13471075792564 -0.195960290614412 0.110345934371124
0.0649810157788774 0.297134818349232 -0.26334663277466 0.0359668371240211
-0.14433693224649 0.293345799592238 -0.310112909940728 -0.0990079345287818
-0.349069629243276 0.098801427930167 -0.2924213220499 -0.124381071534503
-0.448490063627148 -0.086944920688535 -0.315082039591374 -0.0994591229383363
-0.476420140997267 -0.145589309741548 0.0324691829091535 -0.156315607433449
-0.445413912397046 0.0250689176199018 0.149879928335102 0.135217729891992
-0.307425774890008 0.306646762563935 0.437880770405368 -0.0531131725422794
-0.0362148198082559 0.416205561055322 0.32721293087897 -0.353886390287245
0.188164988489177 0.251931836644711 -0.0304085327667961 -0.397150406783185
0.248375190701322 0.107790636072479 -0.216041905113289 -0.230347576707585
0.277369020731846 -0.0364313634277034 -0.219735842950925 -0.0407968971795668
0.250671189624886 -0.100465409994683 -0.128486639980775 0.0339733865221341
0.258324162899971 -0.0911100177481434 -0.0811073515695076 0.0814567209426127
0.263266055656746 0.0388695160706591 -0.0801579328190583 0.11549573663597
0.233805464033647 0.159814165776629 -0.116686209513137 0.163413032141455
0.108569440112164 0.372199434167833 -0.212631130317527 0.117672768263923
-0.166078577855829 0.379061677069688 -0.288812091001648 -0.0199265803853081
-0.416462649759885 0.131326317167693 -0.252673277431891 -0.0616904551044256
-0.533655387182797 -0.124868566126276 -0.197742209669615 -0.00514792953799927
-0.491449493297438 -0.230418907703734 0.185059012618308 -0.0353853693960609
-0.535374512822589 -0.0654853825507281 0.242267936810286 0.212592434164117
-0.439554787161995 0.300908424097313 0.48577773645558 0.038679403212671
-0.119423392491056 0.503026763679479 0.399021017662743 -0.272622770538383
0.195442871373945 0.333303606793479 0.0617722724113044 -0.338786691529081
0.283996895820599 0.14838141341455 -0.0990624533546543 -0.210982998738644
0.325170920468511 -0.0215342198877314 -0.113158378984364 -0.0549016935438527
0.292489802335015 -0.106598214381054 -0.0316763107238301 0.00979247324135745
0.290057944169045 -0.108163219784754 0.017686466665788 0.0573761116967899
0.291537127439947 0.0242072938635986 0.021662108457016 0.111905842093798
0.26257188687112 0.157528793597582 -0.0247622040366181 0.196208763601962
0.133582120491058 0.391452242229271 -0.147952411377704 0.177003635844211
-0.165261313403323 0.404331789179172 -0.251555178053226 0.0403820689384476
-0.423970521690267 0.136068180542658 -0.198268802031833 -0.0308287035519502
-0.541887717741863 -0.148556254332803 -0.0629524792271638 0.0685093402343715
-0.419327856989395 -0.266462321708135 0.31474141546575 0.106392963421434
-0.510558531018858 -0.147469975056959 0.313952619259857 0.294287854385206
-0.477665029540157 0.221435599272406 0.479312576632118 0.139095552109129
-0.183111921042793 0.476117118193132 0.423013901631004 -0.152857597831163
0.159387019492881 0.347407851588382 0.143257552796729 -0.23971179058785
0.266331072982102 0.159635717171927 0.0234665402383143 -0.164029542454382
0.317518128223543 -0.00638713842477839 0.00368715970369496 -0.0609309747743628
0.288903414421327 -0.0974627012625199 0.0665511383214402 -0.013618098815659
0.282854423914094 -0.104726919393737 0.115693448669639 0.0296940890469204
0.281891260277559 0.0133257149598755 0.119234082755585 0.101251609854543
0.251977470392437 0.143983864006596 0.0603517940315313 0.215707684718221
0.119335245770759 0.366439069853975 -0.0883521382547653 0.214315445877426
-0.166169837983214 0.3672628971342 -0.21175014786704 0.079796926519489
-0.391797178671776 0.0961177774486483 -0.141686685345925 -0.0208734213469204
-0.472635787991593 -0.170343713518706 0.0626029581200459 0.125404163913456
-0.276936319843424 -0.240601954476363 0.401511273011546 0.230934025892448
-0.378582416363705 -0.178637844684943 0.35083752015893 0.350801841202857
-0.396955812692534 0.117604605955733 0.424163595011024 0.215110905096271
-0.186379022892118 0.357027012953204 0.396186312025852 -0.0368345098072841
0.105395767116391 0.281917704429858 0.20038735423477 -0.134249068809
0.20419934235459 0.132612631371021 0.12863660800094 -0.107830009213908
0.256587844400508 0.0018634027158081 0.109200311424472 -0.0634817753804582
0.241230146872982 -0.0750164942921204 0.152740342512406 -0.0338352397634886
0.238331507498377 -0.082703723529126 0.200705158707903 0.00615970558863258
0.239073850490634 0.0109233876097312 0.200662594073959 0.0959874280964538
0.207927724947456 0.12603119528936 0.12497530158596 0.233365903236324
0.0775982306892834 0.30964718332866 -0.0499284013929751 0.23894651216715
-0.167393320726399 0.283223509573636 -0.182270688249783 0.105300452100597
-0.324094613928218 0.0291850945781931 -0.0944066861915615 -0.0198653962887753
-0.342873314383567 -0.188077262136987 0.162557444628728 0.173972946229807
-0.0875147489660498 -0.165148653772172 0.431994322313667 0.306244434030408
-0.18509373981357 -0.154161852565311 0.357713317260714 0.361779818501782
-0.23338046614103 0.0251773200579402 0.354155347515324 0.248020112656134
-0.131150475481567 0.1909737834872 0.351479743815503 0.0420205417511637
0.0504703311007426 0.164229255849229 0.233212820123337 -0.058150253550736
0.114170263622507 0.0782043671496634 0.201466532146292 -0.0677618766905533
0.155275913020675 0.00563497273961364 0.186053045019188 -0.0657421143871408
0.157588786195626 -0.0425798495336785 0.213199993900758 -0.0478600076953174
0.160160660774539 -0.0481785726814792 0.265093295050846 -0.00672217632492837
0.168246377827353 0.0106756012962479 0.25911370272585 0.102587169967972
0.141639842872127 0.0988905949393874 0.164453986641759 0.259527562380599
0.0268396128998638 0.223590246899295 -0.0379313437501241 0.265416678559378
-0.150292727109848 0.16972783343435 -0.172586472905647 0.125384400342801
-0.222569866795038 -0.0411351974061361 -0.063377552594719 -0.0198381236588966
-0.169116227090164 -0.18238681899202 0.224798133930205 0.214025368459622
-0.0145519636355668 0.111684686658604 -0.366817867581884 -0.156727283744848
0.0959525465113798 0.0371904044523224 -0.0239561763632001 0.0841281702989886
0.0970327549325887 -0.0596483962520871 0.204718360113182 -0.154964803137415
-0.0103162957305823 -0.0972329307188638 0.0383133619903785 -0.33345648989915
-0.0588911567053835 -0.0341546225857606 -0.23598644856899 -0.300031352919017
-0.0465157487546856 0.00888180570560847 -0.3713860752028 -0.0850691618564286
-0.0558971778474458 0.00775980656893549 -0.325832657376807 0.0715080400279399
-0.04744897939009 0.000811844920861051 -0.252966167807201 0.127390774723551
-0.0318701678943729 -0.0120619317173671 -0.230594441711764 0.139860010587842
-0.00769863239907243 -0.0307500236611446 -0.246342306453241 0.129728474587352
0.0165540830156329 -0.0445963299419183 -0.270961637849837 0.0818435660995089
0.0753678722573126 -0.0179564640267472 -0.337856540375574 -0.0281051434929938
0.0856258532922272 0.0559849461516383 -0.379448436712775 -0.168230674575539
-0.0144440788277928 0.11364881801316 -0.366261662281786 -0.238796432927876
-0.0906570800436151 0.104618524890346 -0.483892286237601 -0.198727638146778
-0.205599352004749 0.0940755838448723 -0.305152174019255 -0.212713732556959
-0.0615828037741923 0.110123704292171 0.0014001786962057 0.0654090585795401
0.0319124705448129 0.0983124910906391 0.245613601143525 -0.180122951754839
0.048688845883072 0.0513246160018751 0.0699686388496521 -0.385323767143561
0.0475349943621072 0.0205961357434913 -0.235180825147955 -0.337535254706154
0.0626593520784584 0.00728238413940732 -0.3808783798705 -0.111211730526108
0.0546302443723905 -0.0460775740993266 -0.326881969145662 0.07045767830585
0.0546137404894934 -0.061232211436785 -0.239905169840577 0.123645195007033
0.0776503705044098 -0.054129080037014 -0.209333336264985 0.145097370042925
0.106452087711255 -0.0027170521266904 -0.219544989445765 0.141309132424043
0.101267458211222 0.0444786021636804 -0.24158571169585 0.113262551383919
0.0785082659907818 0.145835393241082 -0.311389972092342 0.0209205175954992
-0.0282319443149769 0.183418856961834 -0.367809722585751 -0.114203630179133
-0.198210516948809 0.126905825752671 -0.348692824559162 -0.154974912265024
-0.30318863183911 0.0432506691145448 -0.428354852212475 -0.128633051415534
-0.372826520623618 0.0387592351175729 -0.184713699470887 -0.230219159027271
-0.248268374739261 0.143605865969253 0.0677665376124054 0.0643471014945644
-0.0798630167291487 0.252132480831198 0.315275514018587 -0.187023756446066
0.080129027699851 0.229821748353589 0.133829440032914 -0.423467778813792
0.154616007048865 0.102928338732792 -0.196739715437762 -0.370135632217057
0.173098137477314 0.0221797121681647 -0.344695915588448 -0.143477633137451
0.164649348411463 -0.083790981908363 -0.289986297125808 0.0531353005568279
0.148265324450908 -0.114823035279328 -0.192337703183403 0.101125886620863
0.167921419902039 -0.102070292823299 -0.149654698544502 0.133208498038356
0.201298148176439 -0.00078558654258247 -0.151936634619996 0.149603954890811
0.188180023705568 0.0939799074516402 -0.175023253658852 0.161346646092665
0.126028893698329 0.269750270455889 -0.267370994230188 0.0969379014976414
-0.0776704002680368 0.310074499472602 -0.351984350820087 -0.0364294002846843
-0.323490319648943 0.173951773892454 -0.312577936426611 -0.0743494092150997
-0.468181233458137 0.0124421062839617 -0.318495463996613 -0.0450561986388969
-0.487022612727575 -0.0381749337014877 -0.0171198357522556 -0.195553030891635
-0.424462457812141 0.123109940606615 0.167824227945283 0.0900699215816956
-0.221745743140652 0.362554565178659 0.396049872491152 -0.156171071190337
0.0682554379714377 0.400582455295497 0.219795350130602 -0.419922512743912
0.234779055118364 0.198981608313771 -0.121193741646137 -0.372026276901859
0.26283831026579 0.0511393289955801 -0.263113992680873 -0.168776268130944
0.254752156298374 -0.101566475430771 -0.214433690625242 0.0243322456633688
0.219486208364396 -0.152034687785485 -0.118064782880364 0.0633276275458246
0.228439278394193 -0.143635114526267 -0.0655000020333899 0.100766809903367
0.264062735595991 -0.0180953234902005 -0.057970385527504 0.141169256085251
0.25473092429142 0.105388358216387 -0.0814029477495472 0.19694007313913
0.184768167663824 0.335231705556428 -0.198759298529201 0.168892193043518
-0.078986958790265 0.397643816957767 -0.314965482705163 0.0393328721443948
-0.381806377107217 0.221721021967948 -0.256718024750529 -0.023159999829726
-0.558523221153207 -0.00158134322944724 -0.171587543812671 0.0225958710100464
-0.518376321643274 -0.115653784169651 0.169632193309435 -0.109647442821696
-0.531683824792071 0.056187998555854 0.280593209676987 0.142424682577355
-0.350496406939903 0.386807899848647 0.458922855434541 -0.0824006959112545
0.0104778979012683 0.502826150033213 0.301627943700757 -0.35570611520238
0.261000085001569 0.275731441897456 -0.018452954591241 -0.331062244077531
0.306389911598127 0.082494613832902 -0.143165113462046 -0.17263706610921
0.304348741411169 -0.0986337759735628 -0.111997795083709 -0.00722227611383569
0.258137957517893 -0.166540648621925 -0.0278628472538097 0.0183735464892836
0.255357193796981 -0.166132797002638 0.0276260286172602 0.0538971443367378
0.288293296279325 -0.0382980842979153 0.0429276507842281 0.114435807676801
0.282585339060609 0.0984710474823784 0.0187303219579848 0.209241490864303
0.212867208587263 0.349279356535942 -0.119167658326726 0.214271717577764
-0.0729819314242366 0.4226544931404 -0.264146995149592 0.0914720071033602
-0.387937291852339 0.228874877610656 -0.194368769408378 -0.00424593669601592
-0.570444923818925 -0.0217095504382921 -0.0171636102892158 0.069737393040231
-0.456403407790167 -0.16573346294737 0.341018147621519 0.008558818327564
-0.524762092724355 -0.0290089717013119 0.37506520939483 0.20799953965385
-0.402046294691189 0.31869448568408 0.477126782211642 0.0155508667775401
-0.0569782831746124 0.493290069972305 0.351483562388185 -0.242925696269418
0.229800679023116 0.296161714785089 0.0835920275609304 -0.249134153030605
0.292285611114898 0.0961254355320504 -0.011016692807013 -0.152526442803904
0.301474654332009 -0.0838549901236903 0.000635885947417152 -0.0385206669858638
0.256808496822851 -0.157775296726263 0.0637605509358486 -0.0265061417807311
0.250448690925582 -0.162563700035062 0.118592793118225 0.0044022989092166
0.277474088059118 -0.0466959344779192 0.139155670735208 0.0808959499169471
0.270050275073402 0.0885490829063268 0.10976804504918 0.207484376252676
0.194304882398215 0.328782075183876 -0.0496508533751803 0.237433945311919
-0.0808480728437818 0.386878443872524 -0.213847639767068 0.122767039656606
-0.362995192514331 0.182467728500424 -0.135851729792213 -0.00507503550396746
-0.505981665199665 -0.0579379033951681 0.120255144172107 0.103371717479483
-0.314821088670886 -0.169951148347314 0.464992095901668 0.125244326141479
-0.404062410082952 -0.0877658211916048 0.430328220995732 0.262772752616823
-0.34913501438742 0.202015813543662 0.448340407083812 0.105176950732971
-0.0883041769473114 0.380566359016809 0.358119865183071 -0.123630558322358
0.163728668329674 0.245199916575048 0.16476176938705 -0.160129088637603
0.225850494519716 0.08312505230265 0.106263119455046 -0.12351255585059
0.244858049057702 -0.0614751126235172 0.102455175859061 -0.0677176828969463
0.217800235115886 -0.126275777083761 0.144527829865632 -0.0653544730373696
0.212741842998752 -0.132088750706988 0.198434767966962 -0.0377443405289352
0.235469764018719 -0.0398240623317437 0.219547189819573 0.055313451489469
0.225322880738577 0.081010313112844 0.179575131034556 0.210622209052504
0.141419900716992 0.284186277197673 -0.00229361762083629 0.253621343003041
-0.0999142472235734 0.30679789717001 -0.173975658739636 0.141784947359211
-0.311843682952509 0.100345614468321 -0.0891763333458999 -0.00986584242335692
-0.378423773581083 -0.103560694680623 0.226855530581167 0.135193409681731
-0.118081466630289 -0.136100355983632 0.519051553169466 0.208429181801695
-0.210348318351423 -0.107987675437155 0.445631672587262 0.280403616814194
-0.214221721681001 0.0760464982175945 0.400186142274338 0.160946068279316
-0.0759269059864669 0.210243450008589 0.343291287759655 -0.0347200368833862
0.0852385097089838 0.144046498819315 0.217491898273458 -0.100202117709597
0.126348467110848 0.0489298369027225 0.186732746306437 -0.105421287198188
0.149470071932569 -0.0326761560858591 0.17550412445572 -0.0937914278009754
0.143237876732226 -0.0764463293718568 0.20130473187788 -0.0925141823685968
0.145500644247903 -0.0816012053958095 0.26161200974924 -0.0659882349639739
0.166716749870805 -0.0250315252383964 0.28139728771691 0.0485597612609144
0.156497926945373 0.0685256249698671 0.226521902096491 0.226837750928204
0.0731701146490914 0.212555367957956 0.0184203865399646 0.277443613072088
-0.109540652733887 0.193797616496468 -0.15444124859233 0.161180858170252
-0.227737023501325 0.00893584726475276 -0.0604343024408984 -0.0107298584718068
-0.204977963805644 -0.136986440643948 0.290541831918699 0.168726345885427
-0.00994208732199409 0.118890081860198 -0.387213237007889 -0.146701684444306
0.10042167612289 0.0357503809120732 -0.0204246580167222 0.089439496604865
0.0987825296729257 -0.0660178390874678 0.203446904497303 -0.171752646772894
-0.0142816071549071 -0.100072044741917 0.0241145614583018 -0.3471075044443
-0.0612194042750923 -0.0343882119079732 -0.257085527746881 -0.300621153286636
-0.0461882901022548 0.0103173945762337 -0.384319855858043 -0.0701489436984437
-0.0563848893436219 0.0120736013617038 -0.332441053300764 0.089448970931218
-0.0487949596305571 0.00340689324735163 -0.25480761253393 0.143681923362506
-0.0328978643696879 -0.0111984827082783 -0.230030329133342 0.155569951497879
-0.00902845794377068 -0.031523570455775 -0.247906373532479 0.147171848674092
0.0143325838584984 -0.0466581469452111 -0.277712479080307 0.0970527196479176
0.0771948516208731 -0.0222028350119781 -0.35326847273757 -0.0130503944511226
0.0891342304386522 0.0534700775145814 -0.398010339838744 -0.157521931526205
-0.0117013507682028 0.120422815762002 -0.386128849991301 -0.235173025369792
-0.0896515302636871 0.112446255426907 -0.512118060679894 -0.187656335251949
-0.207859389547272 0.108339255644905 -0.326046653342247 -0.207691573015323
-0.059439819626369 0.118045671452842 0.00479025879666861 0.0690179488419514
0.0396225492045522 0.100637752334845 0.244473465284488 -0.19957814339866
0.0549272414311044 0.0505469394902597 0.0544725909672397 -0.402743696814446
0.051476873692815 0.0181122910606118 -0.257290507984213 -0.34131653894485
0.0664366640691253 0.00257815363051142 -0.396323624454207 -0.0961574544230848
0.0539859657434829 -0.0500774710090154 -0.331963533003205 0.086859726655149
0.0520658818013271 -0.0660786873002796 -0.241178326795205 0.138203102157227
0.0776153482193561 -0.0612791041899194 -0.206894989784107 0.159418555790455
0.110850265649561 -0.00850174621754033 -0.218003507369663 0.157223528394693
0.107227788845033 0.0416483864688995 -0.245114872809223 0.128350210162101
0.0902419779937062 0.146936265314197 -0.324395046499269 0.035222868259944
-0.0220447809906319 0.190436708970039 -0.384587438540332 -0.101215055251118
-0.201737150400781 0.140977437731453 -0.365982596991397 -0.149272071263407
-0.31138372173627 0.059845703421873 -0.452035842531861 -0.116866353641472
-0.384002135920476 0.0588152237662122 -0.201891242882218 -0.230547186866939
-0.251323724272372 0.160939222158385 0.0729179426403358 0.0648939022418758
-0.0682737320979967 0.265386696420598 0.316618806691035 -0.209403769957537
0.0976677850991051 0.233884408589016 0.118623035072272 -0.44575895716015
0.166135469555726 0.0983517035569538 -0.219751408095487 -0.37490077889137
0.18170459439125 0.0124113289189354 -0.362563679396076 -0.131019400298137
0.165109571507357 -0.0946460715755294 -0.293935233998276 0.0664099102445934
0.14472228412034 -0.127871330768466 -0.19346725282738 0.11229986832187
0.167826676506006 -0.115014738633152 -0.14652852948825 0.142553411259429
0.209376533866882 -0.0105955581150535 -0.147856504181167 0.162615827290409
0.199397278561333 0.0878243066597703 -0.173835459215829 0.175428686256366
0.146001914128129 0.27142052114793 -0.275534617864035 0.112838638761496
-0.0661372587981097 0.324257381515899 -0.365516912541918 -0.0206357331264274
-0.328118481049404 0.196161613486299 -0.326161446378733 -0.0674644634702272
-0.483227303216925 0.036032473500493 -0.332327997505199 -0.0369017206473977
-0.50555166778323 -0.0175408180742796 -0.0262152971531399 -0.20230876325101
-0.434810151136384 0.147936045043074 0.17674958645587 0.0875340465349165
-0.210443691800113 0.387300377196542 0.402505783286021 -0.181031809399624
0.0930668424763172 0.411022771181764 0.20664461924413 -0.445354662984496
0.254063309175593 0.194616997351469 -0.141408253234994 -0.383065248946538
0.27542070051211 0.0388983738880175 -0.279820370455671 -0.161610432591465
0.256310192613462 -0.117680867300739 -0.217374898907076 0.0326413470489575
0.215258937156474 -0.169748210346165 -0.118434823729822 0.0702464648223552
0.22719482168654 -0.160903391561994 -0.0618572688511082 0.105728716071655
0.272713880009831 -0.0328953138715477 -0.052453360879848 0.149170570219016
0.268888192575243 0.0967824965516414 -0.0752455202711155 0.207524331760162
0.211305093372681 0.336306697150315 -0.200378006794308 0.184241823055599
-0.0622949781150677 0.415358867378106 -0.325056359118868 0.0568692315743845
-0.386199865031978 0.246782963909722 -0.26696083391049 -0.0152723925023922
-0.577649822695529 0.025399631384725 -0.176819681440542 0.0281229357485773
-0.542580929425992 -0.0949215308455494 0.171513024787046 -0.121181242889404
-0.55020178991573 0.0827247999993814 0.294947305159238 0.136456467905099
-0.342089336381936 0.417945068140194 0.469639125062379 -0.107035287605558
0.0378121462916064 0.520422964699261 0.293707051725598 -0.38136979613564
0.284273092545988 0.273379985681391 -0.0333577092731372 -0.343551473787986
0.321645060628621 0.0687448509191909 -0.157658474969535 -0.171153305013017
0.307942820241064 -0.117643573583978 -0.113461803289675 -0.00584163922923218
0.254167927849404 -0.187116607499765 -0.0279680411792896 0.0197035329020829
0.254727727974985 -0.186620950684299 0.0308072380851454 0.0536028210198936
0.296167654155193 -0.0541039251282752 0.0502784189253018 0.116261072665648
0.297338435282193 0.0876692058765184 0.0303238362247363 0.215627329941973
0.240155941032479 0.348558001208882 -0.114800540692368 0.227371284570349
-0.0538414176473039 0.44122447009836 -0.270531234121755 0.110601641456992
-0.392422623778735 0.253674675928546 -0.202115807937066 0.00249484149097051
-0.590169719209442 0.00631974018907197 -0.0145718684778667 0.0700278130480004
-0.480585390519582 -0.149560293240164 0.354172249947546 -0.00516833943833338
-0.546209117374453 -0.00507672301248921 0.396276046967256 0.200593561809564
-0.40088208278326 0.351487268680116 0.492895836707942 -0.00552420628115117
-0.0332168779122843 0.512560496771344 0.349903500202391 -0.266498611811013
0.252583952173889 0.296398597844338 0.0759995597216459 -0.262596109629205
0.306655653130295 0.0850435426907852 -0.0198020477056421 -0.157083131950195
0.304849552158141 -0.101412536313005 0.00088999918567576 -0.0434222166735303
0.254311974261444 -0.177432461960361 0.0652636584053869 -0.0308883260854104
0.248178051560725 -0.181983325444389 0.121988070975465 -0.00123365996236928
0.283722217865264 -0.0618660242899384 0.147310147418361 0.0778125943303019
0.283781811860087 0.078186824320658 0.123260538390161 0.208903684783203
0.220254051487104 0.327942692091652 -0.0419697427012938 0.248505174400086
-0.0641680711908728 0.403854237453459 -0.217644000364887 0.139751815353177
-0.366888741458275 0.205118902670657 -0.142795021798663 -0.000170747153645229
-0.524139060225685 -0.0347419896813708 0.129559975660665 0.0998748925847999
-0.334009585834405 -0.1594466258894 0.488419411763668 0.111539747879557
-0.42385693711584 -0.0711394861291312 0.455863131511053 0.253378515792878
-0.351501644877832 0.226161138773611 0.468346446100791 0.0901045365432166
-0.0711474622898104 0.398174328827999 0.362792829225345 -0.142642811178021
0.180991151097996 0.246512466762582 0.164681141729448 -0.173931075565426
0.236976993697393 0.0755000102806171 0.102290451030079 -0.132775395807377
0.248469002503384 -0.0749068968351802 0.104075756048116 -0.076594064653137
0.214545867885841 -0.142523061057912 0.147085416354798 -0.0740170499096262
0.211490868649156 -0.148007257534007 0.202439729330789 -0.0484024395726191
0.240989044799156 -0.0526113801818442 0.228630692530336 0.0477196779532851
0.236346731212662 0.0725031570309185 0.194721154198689 0.209072408296783
0.16094338276554 0.284652900159804 0.00755606114054969 0.263519979837877
-0.0874577001965463 0.320691800909889 -0.17553521123693 0.157147527905833
-0.316962502193434 0.116882414239639 -0.0954230143463635 -0.00642143145938493
-0.39533343408559 -0.0874498877438952 0.241024875701874 0.128895342947832
-0.128487942780549 -0.133832215710245 0.5478269624317 0.195780320077481
-0.223508281640661 -0.101127025617265 0.472704421697593 0.272104651359177
-0.217881440770211 0.089574090301267 0.420257504719237 0.150350958198529
-0.0689613021574946 0.22078049410589 0.353475110718574 -0.0488506482459745
0.0938032817712021 0.144733832203303 0.221892000999912 -0.112306163842578
0.132296816646303 0.0459876052112876 0.186825624127429 -0.118424788890302
0.151517143749677 -0.0415496337516289 0.177034790306054 -0.106057104946168
0.142707729501821 -0.087586701398658 0.204380258932385 -0.105179431128882
0.145512626178585 -0.0919088023927619 0.265196703229782 -0.079360853980834
0.170670560825332 -0.0345084714820754 0.2923340518265 0.037120049030879
0.164917263892681 0.0630584577166458 0.245578077698796 0.223704186466351
0.0867496800227004 0.2138732476416 0.0304318330431399 0.287171157610979
-0.10292252202797 0.204094597094325 -0.155244620814076 0.175814604157522
-0.234005283483506 0.0185586873515354 -0.0655853302968642 -0.00830293662616375
-0.216861366086338 -0.13120832559333 0.309261190896557 0.16089121978421
-0.000573948387568152 0.126516598964509 -0.412724831862309 -0.123584280352596
0.106592343365186 0.0325051118490962 -0.0135476057417077 0.09481778113074
0.0986437688052479 -0.0765478351094344 0.195327541439805 -0.192630780851469
-0.0212266684238837 -0.102640492977939 -0.00191832028734082 -0.361090199994198
-0.0654709478323232 -0.0315649122591184 -0.287707461857491 -0.291853692412705
-0.0448696010476934 0.0126893364393727 -0.40037276770375 -0.0429345760431127
-0.0555579644757302 0.0168548614032732 -0.334056189936162 0.118512255166378
-0.0502997307559366 0.0085968646352503 -0.251772145716989 0.168622235727209
-0.0342557509575446 -0.00964492679628193 -0.224472599696856 0.179327312853811
-0.0113679731715517 -0.0325716687682377 -0.243064410489046 0.172413093965663
0.0112265518977885 -0.0484287768211338 -0.281827232336793 0.122351839434573
0.0776061704271963 -0.0297815196611904 -0.368020396364393 0.0152501587717534
0.0942422827212426 0.047866658282914 -0.42134480022088 -0.132952961804213
-0.00483013072385555 0.127832281824849 -0.415194145772162 -0.219774485129073
-0.0845661287352264 0.123734622432589 -0.547281383617287 -0.159611489533823
-0.206255023527021 0.130403514544604 -0.353950145992724 -0.192189128342035
-0.0527117796928772 0.128559753417191 0.0104950521874084 0.0718521950278568
0.0512371242236648 0.10122464461484 0.235852725597283 -0.225627115629827
0.0627492035272517 0.0475219382119213 0.0249117633234445 -0.420639463202151
0.0560747719795172 0.0134080589852035 -0.291303423645814 -0.333842439404375
0.0701336623913646 -0.00376301471779777 -0.415083233383288 -0.0681238747480714
0.052085631512983 -0.05570590859116 -0.335010141416945 0.114962446573785
0.046885375061649 -0.072294035715859 -0.237687030913127 0.161407446528591
0.0754535198402525 -0.0701213143203722 -0.200286117943467 0.179882401080269
0.115271200932604 -0.0182580524082754 -0.211969945914775 0.18057725019856
0.114388807184562 0.0349490184165757 -0.243952324479058 0.1516777197347
0.105874246120789 0.14320903320811 -0.336937979911705 0.0639527874293988
-0.00950401800122615 0.199534986166453 -0.405383891626978 -0.0764497468563354
-0.199418404229791 0.163485426996874 -0.388167360643665 -0.131903405853824
-0.318228683633483 0.0870677651810648 -0.478091546632543 -0.0905550659204565
-0.39274993222083 0.0923287064535257 -0.227025422938178 -0.225240319852979
-0.248622058003532 0.186348018851881 0.0792742357787865 0.0635525524013567
-0.0472432284842469 0.280954895926597 0.309671903451665 -0.242086480774861
0.122175102848446 0.233642675686466 0.087379240606774 -0.470287760255099
0.181457138996727 0.0879774942796938 -0.255511948981935 -0.373747463283036
0.189860164701809 -0.00319048245590903 -0.384293280217783 -0.10703543206477
0.162218611370523 -0.111396997774652 -0.29688425004094 0.0889495366692026
0.136348305290104 -0.144201765810343 -0.190718328707851 0.130417891753998
0.163018561485104 -0.133787523845994 -0.138931360434869 0.157828295947684
0.216831210760573 -0.0292712788483829 -0.138211760316374 0.180298638670409
0.214553401940439 0.0751119879293027 -0.166578645071237 0.194232183869591
0.175220505990191 0.268199172667598 -0.279616635337799 0.138821902217591
-0.0440292654249513 0.341608096054215 -0.380017295001403 0.00741229995185368
-0.326860554478243 0.229850032702218 -0.341466432463182 -0.0496211037585455
-0.49733558084238 0.0757341862455171 -0.348444302784874 -0.0162926938359115
-0.524641783889935 0.0227270844247161 -0.0430092106093646 -0.208129839310066
-0.440325846351607 0.188300343924937 0.188203845678278 0.0785391305097217
-0.184931912552213 0.417895070983908 0.400094390936048 -0.218321832578425
0.131379846586641 0.418185622212854 0.178303164120384 -0.476665214572506
0.280245975573541 0.18036075834121 -0.175634110024235 -0.386810365978194
0.288661649104217 0.016448111282111 -0.302534360887689 -0.144706183934616
0.254707705861573 -0.142032981379993 -0.220588345914326 0.0474667904195448
0.205195986399308 -0.193655356279083 -0.116701424937048 0.0809828355287218
0.22054413573479 -0.186199181650697 -0.0549723574115259 0.112652185641527
0.280305435861578 -0.0560196032572616 -0.0411173062945925 0.158689302375663
0.286776945477535 0.0781836644991378 -0.0619118180148475 0.220396521056714
0.248050859385668 0.328774095621138 -0.196204241499463 0.207574211009685
-0.0311864192022699 0.435369190404584 -0.334055044747688 0.0840491358058435
-0.381872323786047 0.286006701923812 -0.277572053145412 0.00146506938466058
-0.596272884620823 0.0727285441149736 -0.182278106164493 0.040063179254534
-0.568901004353943 -0.0570679464120629 0.168131575769885 -0.138601039556309
-0.564142711801816 0.128339747672941 0.313407685802233 0.12010850414285
-0.319554196808381 0.460374344760407 0.476175121877065 -0.14699432248888
0.0824482352043414 0.535381710957962 0.273797025888915 -0.416614935257315
0.317248089785858 0.260630758861168 -0.0606558624767993 -0.354753351772084
0.33913868753964 0.0450190513172661 -0.177171626763241 -0.163209558506654
0.306902780434104 -0.146350992183655 -0.116049037343321 -0.00118517528562701
0.243444378444858 -0.21533823345218 -0.0274695953150659 0.0213812342397613
0.245349896701321 -0.213511362555373 0.0363145885279257 0.0518954904545511
0.302614080889075 -0.0795886497034468 0.062048361128957 0.116672378410923
0.314649263924474 0.0663682755014247 0.0482157589002638 0.220210892116302
0.279309531836309 0.339880399015958 -0.104083761564188 0.245876844997539
-0.0189839115182896 0.460618303049689 -0.272879517110796 0.136584671480213
-0.386305692144912 0.292636640244672 -0.211246475593974 0.0160335521233344
-0.608217108050665 0.0537297748763336 -0.0103595448852039 0.0709507798253533
-0.510777529207601 -0.115559674342108 0.368474229132424 -0.031620477657137
-0.566153915948393 0.0379420681129135 0.423465846613835 0.178358002411997
-0.386090296654704 0.396267228295074 0.507194711001213 -0.0421997424119825
0.00817798788292717 0.53312653066013 0.340388617386658 -0.300584830893935
0.285739493514067 0.287394136168593 0.0592438385383597 -0.278723893218384
0.32488005924092 0.0636114929263552 -0.0335061234719028 -0.160137849001272
0.305003241872285 -0.129430468192027 -0.00148334911192801 -0.0477246564026382
0.24377889205183 -0.204764913234748 0.0650112318668408 -0.037510484215022
0.239155484408576 -0.20826229538676 0.125432267190611 -0.0109113348194242
0.288620888521372 -0.086958548134314 0.157713009400913 0.0688876868057316
0.300204095386004 0.0578266918128305 0.144350053574375 0.207070007248969
0.254947641859413 0.319575010801031 -0.0264003617222576 0.262417176040661
-0.0330318616113245 0.421755620809176 -0.215555577554755 0.164067172192195
-0.364411440671222 0.23994385225858 -0.149833885790861 0.00941047901795861
-0.543817427063495 0.00769514386925392 0.14241632373484 0.0907157472610266
-0.358236517982646 -0.137537460622295 0.515982295508635 0.0799936130132975
-0.443252004660168 -0.0397498220796587 0.489103283588907 0.228631492669275
-0.345126145633459 0.263965373776643 0.489605155650395 0.0587476614597443
-0.0425410018075677 0.417794906661338 0.363423938358771 -0.172663745249032
0.207133928852057 0.242161489017166 0.156699844244109 -0.191730338770128
0.251145133555699 0.0604159491756498 0.0949714706276368 -0.145087737898847
0.249377320949042 -0.097487356157986 0.102729606866105 -0.0901868314117238
0.206945050911768 -0.16550175942587 0.146799410240645 -0.0881091478448667
0.20433624659901 -0.170168389269167 0.204169463711092 -0.065588813756331
0.243642859776207 -0.0736675258834298 0.239352340129453 0.032091197508069
0.249970957610443 0.05607107129583 0.218792104256234 0.200929994985188
0.191394581131334 0.279114501110161 0.0258610076020057 0.27307027646087
-0.064760387539696 0.33723542086046 -0.17160997276906 0.178538928897186
-0.318837039937333 0.145011758722215 -0.101897639072538 0.000495159169113012
-0.413627528088387 -0.0572554914130098 0.260964480489102 0.112209409996769
-0.142471063814595 -0.126571684898941 0.584873265472902 0.164155235803399
-0.23876158802013 -0.0855429703807487 0.507133512904799 0.245848068593153
-0.217675019403159 0.110786773243463 0.445043017606827 0.126837485687408
-0.054063001086517 0.233815587879848 0.360652859707185 -0.0749102881085028
0.106911708722424 0.144202664914704 0.22249598054584 -0.131388667651572
0.13979681158669 0.0382233787173546 0.18388573578013 -0.136900189831308
0.15203197179927 -0.0538956378315684 0.175160074542077 -0.124675375888314
0.138212834718412 -0.102490051099163 0.204535384801968 -0.123712642898267
0.141305516360593 -0.107422434459215 0.266493171395327 -0.102213310585208
0.171871550309666 -0.0494308643658845 0.302682608710639 0.0183406783646566
0.174915258171801 0.052254238921178 0.270104449539464 0.21269958704024
0.107979148130618 0.21321557657758 0.0519210720812343 0.296108080400025
-0.0902937050059173 0.217362440141668 -0.148936625046744 0.195188568939499
-0.240308289841012 0.0353472971909217 -0.0719089756602956 -0.00287135485135844
-0.233082064679807 -0.116850253558626 0.333958559094162 0.140467067758337
0.0133826012425534 0.129563615235399 -0.428257483271061 -0.084232058119573
0.110247761636128 0.023963901840187 -0.00417796621202644 0.0987006716814459
0.0922647194930218 -0.0880602516955032 0.177325540444433 -0.211612937011978
-0.0309747739525741 -0.101194002464768 -0.0358812753947469 -0.363828239932229
-0.0687770981081218 -0.0261926049550476 -0.31719248707046 -0.265754737342828
-0.0427038076386049 0.0155522230654399 -0.404923491906773 -0.00426796366688094
-0.0526422736993216 0.0226582807716379 -0.322825503014088 0.15258094638341
-0.0486009384975834 0.0139407820640746 -0.235660345418793 0.194816684822886
-0.0351156459286208 -0.00674984912093439 -0.208055015762754 0.20206202753849
-0.0145042152384507 -0.0321911657948957 -0.226212357556224 0.197871013236531
0.00649215596031607 -0.048959196448191 -0.272383956754964 0.150857916109782
0.0744817423516587 -0.037719766166953 -0.370202001567265 0.0533501251706763
0.0968610238468092 0.039831435995183 -0.434963507044942 -0.0949927768685373
0.00639221493279472 0.13159136030008 -0.437210336363806 -0.187779318153988
-0.0721967701230993 0.132403235190633 -0.570561971447552 -0.10919220996669
-0.192923650748599 0.153305125509584 -0.376890399273612 -0.160292225368524
-0.0404116480776448 0.135404471303694 0.0168462622023955 0.0734333111013768
0.0639212681876242 0.0956259220379756 0.213438256795255 -0.248435392544884
0.0695195006844586 0.0417528081011939 -0.0151764618237032 -0.42638705626101
0.0581750843032415 0.00660173009636704 -0.325772271213782 -0.307721621881838
0.0706707462823198 -0.0135222993252305 -0.422240900079374 -0.0274129191084405
0.0471148391335175 -0.0614761748861075 -0.324230129337476 0.147750143906473
0.038303374542476 -0.0776596585022643 -0.221536383228887 0.184518068911022
0.0678637062906188 -0.0795987629884326 -0.182406693627847 0.199646021833542
0.115078723481307 -0.0316200888213146 -0.193779793230196 0.20251707375306
0.11927525029241 0.0239722703658887 -0.231634600224062 0.176906366780609
0.122272593505239 0.132550200180874 -0.3346937543267 0.0985450958983208
0.00820309972927022 0.202375576162878 -0.414678589334939 -0.0376532867778554
-0.185969344658478 0.185619469570896 -0.402583921129161 -0.100596104309423
-0.310358966052952 0.119090976302427 -0.493394462992789 -0.0474923214756981
-0.384674653660704 0.132636543933913 -0.252154628115592 -0.206353872655179
-0.231936319926499 0.212948520169455 0.0850351141469002 0.0584538627099139
-0.0165091464132943 0.286602786295525 0.285652885329478 -0.27192088916498
0.148908376733495 0.223007582049251 0.0419371245543322 -0.481826695016259
0.192967315404124 0.0691405369736278 -0.294631945855713 -0.352406072238362
0.191387260330298 -0.0240982888171666 -0.396132860926516 -0.0685988376394522
0.152246289000883 -0.127998593228125 -0.288588473992386 0.115657766453665
0.119164308978156 -0.158366219727738 -0.178426872660692 0.148401829842055
0.14889522825059 -0.151696107682481 -0.123014192065984 0.171128715880204
0.216156982133002 -0.0525994041555708 -0.119967997798838 0.195170859904437
0.223463002170287 0.0542167233366168 -0.149065438354799 0.211965621558179
0.204808032493497 0.249915567629222 -0.270006215842576 0.169817246001247
-0.0105172287938623 0.348714602876511 -0.381969545436414 0.0442766134668515
-0.307046630349721 0.264287069827084 -0.349323129282802 -0.0215422610388905
-0.490925556080388 0.127831131585516 -0.354006169354887 0.0140888651060928
-0.524174146409288 0.0743843191820418 -0.0652298443101356 -0.206646516982381
-0.425113787078917 0.23240713065927 0.195165281078423 0.0632809536399806
-0.141607296373403 0.43917100624786 0.379051822123395 -0.257552037864558
0.177408276992722 0.407641090822122 0.132297681774462 -0.495544516270339
0.300959955955222 0.153596167167615 -0.215874038337841 -0.373316450125474
0.292834994560078 -0.0130763985750925 -0.318139712613531 -0.113547666449744
0.240987433583023 -0.168226402363645 -0.21609794411406 0.0658812932434874
0.182636446104783 -0.215140462307604 -0.109842421162201 0.0911634883724822
0.200797783608502 -0.209959901459721 -0.0437856706031059 0.117488460749998
0.276192892503808 -0.0857087877231731 -0.0249054866023417 0.1633630271749
0.297024811575485 0.0497277919994474 -0.0407916869521872 0.227520855901501
0.284723672476915 0.303324432369721 -0.178902703677745 0.230684818123749
0.0123176449750096 0.441406955266389 -0.328149658670786 0.119030954127306
-0.356960888993662 0.326491248570772 -0.280768110318881 0.0249024609781665
-0.589411663314918 0.135733810899027 -0.180814079698269 0.0529782277074139
-0.576843856700712 -0.000967109398446634 0.155634127458744 -0.156008529178705
-0.555249235747497 0.185696809458402 0.324143818146073 0.0916838644559729
-0.272255558972078 0.497065589098505 0.462420577198509 -0.19275551653656
0.138807719698504 0.530743696646083 0.234018602280217 -0.443949379813991
0.346588647279798 0.229215042931458 -0.0960898293446136 -0.350333140855041
0.345929777966464 0.0105250816581104 -0.193684474156335 -0.145419685117278
0.292684927649734 -0.178225858782954 -0.115962878720943 0.00681636123115805
0.217824450733408 -0.24100225736113 -0.0255892975691489 0.0228410608840741
0.221968160007474 -0.240461908354612 0.0411836340333988 0.0476876888476316
0.296411048904782 -0.111264361151967 0.0738835108850013 0.110819730802359
0.323938546306003 0.0357195849913191 0.068855505734399 0.217120986851252
0.316922260908321 0.309556158573177 -0.0835824657021474 0.260707539937316
0.0263743692275066 0.464133757648261 -0.262961793798201 0.166621921002296
-0.361392399725357 0.333768977456604 -0.211577210461656 0.0354409163786379
-0.604070552910723 0.117816668164874 -0.00339241208162697 0.0686931884341586
-0.523336306534809 -0.0653497537083963 0.367216457384691 -0.0671051026559224
-0.565969140450494 0.0950963259361517 0.4390584117715 0.139460269290939
-0.346131746919216 0.43835863314274 0.504110326919272 -0.09031909489417
0.0637461891746167 0.535996041329548 0.312492334066717 -0.332485228135103
0.317073985918732 0.260648573563648 0.0325429363812392 -0.285859691533433
0.333337011294627 0.0311779956855958 -0.049970225686705 -0.156537201621748
0.29259778930861 -0.160322677418844 -0.00516127661132418 -0.0510590642077979
0.220026767779014 -0.230912636535647 0.0623946953897692 -0.045052106096973
0.216099302914047 -0.233697283100949 0.124408218036814 -0.0237889787611094
0.280687605902811 -0.116366262018057 0.165200452928299 0.0540362705557109
0.307001867067737 0.0285964505398991 0.165531887671629 0.193796185943045
0.290213044743253 0.293450672273432 -0.00145614445390131 0.268818333432507
0.0102079175006118 0.426316916685387 -0.202550507397944 0.187936072272578
-0.342954418026825 0.276587842025929 -0.152153892731368 0.0244086477173763
-0.544038731242064 0.0627325303207558 0.152347658865096 0.0744427238981155
-0.372826760470919 -0.101262015887094 0.528938398417853 0.0324420316240781
-0.449554479555226 0.00498144194997529 0.511085180818912 0.183783817784403
-0.318445083715767 0.300083696948756 0.497136032750824 0.0140486298567981
0.000833562728950778 0.425245584060388 0.349063432584203 -0.204866188766867
0.233158180884728 0.223192029442953 0.140281047805591 -0.208887098700142
0.259088284266988 0.0367598896870717 0.0815262512162352 -0.154265834149582
0.239612470436248 -0.123045482965678 0.0943982533249858 -0.102967360291281
0.187757589143138 -0.187526741154038 0.139727646781994 -0.104368352951967
0.185695633262207 -0.192522705517261 0.197759730572768 -0.0860699319751138
0.236650157481201 -0.0985219581963204 0.242558668504954 0.00969704752247247
0.256975031143451 0.0317886872916311 0.239350978116746 0.179037217048059
0.221344373757486 0.259164979375186 0.0518309130912887 0.274183627115295
-0.0304664031745326 0.343110272227763 -0.157236839466134 0.199385244992561
-0.30636733086855 0.176515791045907 -0.104202652812735 0.0115661331946325
-0.419081977178819 -0.0146945178443131 0.274583180053372 0.0850829701566765
-0.154932836503615 -0.111793133671621 0.608733813756053 0.110373723765878
-0.246997656751568 -0.0599775055544623 0.530156923246319 0.201325009484902
-0.206184739583971 0.134276476863589 0.460295992463992 0.0875203039980391
-0.0302905877601494 0.241832263459654 0.356179991970111 -0.106877960685324
0.122284423722765 0.135163203600298 0.212080096447528 -0.153998145582676
0.144193454539099 0.0265347141501471 0.172332854596409 -0.155101999563417
0.146320029578731 -0.0687133541016351 0.164458707916109 -0.143942098570338
0.12527802271668 -0.117793626037162 0.194496666558354 -0.145043261484177
0.129715433816985 -0.122609453711903 0.256750111560704 -0.128596243402707
0.166888204462674 -0.067151734961206 0.30439291283834 -0.0103169503591113
0.180835614045807 0.035013261204212 0.292467566482172 0.186639230037072
0.129846738088981 0.202212181929145 0.0800177708826742 0.293416424555854
-0.0684724155820281 0.225582055986769 -0.132076665971733 0.213363966187406
-0.237892065055684 0.058719694894992 -0.0745408905632799 0.00506565246197132
-0.243635848596586 -0.0926427322636041 0.351680509718174 0.106018669194077
0.0265306189808399 0.125889342148458 -0.424022095864691 -0.0450890800041083
0.109481641673063 0.0156433694281625 0.00546642045308652 0.0987537457499532
0.0819437161719124 -0.094083477702995 0.153138634357201 -0.219057181588178
-0.0385272360140973 -0.0955490688111249 -0.0648356813439947 -0.350316254362654
-0.0686570440447634 -0.0197156624659999 -0.329139105601973 -0.231698543351325
-0.0386952654289272 0.0168231158443176 -0.389621446064942 0.030679110457021
-0.0472340352728247 0.0258430228784286 -0.29709358709765 0.176928543742342
-0.0453388643686815 0.0180947692391771 -0.210260589872922 0.207889592965218
-0.034259793928342 -0.00405979117105738 -0.182722500539603 0.213436530174218
-0.01671470886566 -0.0300857265531439 -0.201112622081371 0.211349631300013
0.00216862536927846 -0.0476226108492196 -0.25129996264101 0.170029649939618
0.0684961168632961 -0.0422782998746659 -0.351799861510536 0.0834478407767134
0.0947952656458669 0.0312171942713149 -0.427706163004105 -0.0557578601895045
0.0162930905160129 0.128819526455698 -0.437583730960003 -0.15049026408372
-0.0575571798152026 0.134048120231815 -0.563670213393941 -0.0586871043629793
-0.17122314441841 0.166032120934536 -0.381402870069687 -0.123020085677015
-0.027074106161947 0.135587152232391 0.022917018329381 0.0725432801027693
0.0709189371340894 0.0850727471617216 0.183794301571574 -0.257061286060643
0.0730673118051509 0.0331680190656718 -0.0516982274927435 -0.411352298721335
0.0577194783261977 0.00110792016428333 -0.341633755480704 -0.270825362930253
0.0682266212566973 -0.0206195739957064 -0.408855339203367 0.0108349985761668
0.0411328892154472 -0.0637297085952436 -0.299457639683752 0.170577908004437
0.0288039960724764 -0.0779024042785879 -0.198895620668197 0.196955190389357
0.057509137441133 -0.0833155376805333 -0.157877385769114 0.208056678170259
0.108211396068614 -0.0412979914497097 -0.168098020354834 0.212442597341409
0.117674344518268 0.0125508819628884 -0.208773762570584 0.191276039918191
0.129869989516572 0.117154890648793 -0.314416622714392 0.125659475870986
0.0249992978815926 0.196546711077847 -0.403062121034369 -0.00193549454012183
-0.164279231556814 0.197491947842261 -0.397988906315268 -0.0680940527359106
-0.287901269898455 0.143349536228395 -0.483690100952738 -0.007587044898545
-0.359865715276832 0.162163484680133 -0.264417050172855 -0.179208636609151
-0.206020356578817 0.226209587669953 0.0863949802813871 0.0515357981672634
0.011393109498902 0.277796037399274 0.250590673003951 -0.285351107613044
0.165655684916584 0.202321432275457 -0.0012988094063722 -0.469202647495289
0.193102076728552 0.050034913203081 -0.315588447613737 -0.315638918984939
0.183607413588754 -0.0415030883764811 -0.387139152901002 -0.0307526109188281
0.135119627652007 -0.136882831310093 -0.268025964137359 0.135569650106023
0.0983962960506568 -0.163132925405622 -0.15977296647619 0.157793016114273
0.128543866524711 -0.16020919278964 -0.103682748814623 0.174500597185991
0.204867345797427 -0.0715740657429257 -0.0980498132937222 0.198185518037209
0.22204815195133 0.0325926346772834 -0.125695013150876 0.218221987588894
0.221818701764027 0.221528040795857 -0.246910488873836 0.190549798039552
0.020540728124617 0.33904020114341 -0.366432120883373 0.0753594159106381
-0.27469978523374 0.283655786422021 -0.339999853880094 0.00488687109474773
-0.461361678717877 0.166119744663214 -0.344236612751058 0.040243037846187
-0.499404613206429 0.11823930506824 -0.0835187905770028 -0.195558425595003
-0.39109436993608 0.262695582504965 0.191797417099705 0.0460002153634554
-0.0960419424489732 0.43676901490439 0.341714545719364 -0.278830465480612
0.210582611452721 0.378601635898261 0.0852880793485105 -0.489782785272113
0.306574105860996 0.121836851099708 -0.240942732339304 -0.342661023396953
0.283200878485706 -0.0402554139595507 -0.315709530013468 -0.0814515680204203
0.216674879521188 -0.183955673844487 -0.202845157778172 0.0792274329437892
0.153120019700488 -0.223887308075765 -0.0981403974587611 0.0967564703706245
0.17144109044709 -0.221141984529123 -0.0322546158709759 0.11616887493124
0.260386745584512 -0.108505584515104 -0.00867895223960414 0.160034222930993
0.292485854584723 0.0209130024681076 -0.0198425469698989 0.224077274186167
0.303962069552048 0.264818661761054 -0.154186881680195 0.241863314460135
0.0519747977662664 0.427158954107129 -0.308046049812037 0.143249512670286
-0.316995420300237 0.347813762881234 -0.270654823513626 0.0456695789439865
-0.555666381259883 0.18371965398895 -0.171619498778167 0.0639708937495422
-0.557457727491011 0.0499010626400613 0.135840867499606 -0.16474796500718
-0.521127096360883 0.22724354995723 0.317568937835492 0.0624264914219701
-0.216879522758901 0.505721058384842 0.428165339184858 -0.223458074530178
0.183569391852766 0.501888670857321 0.188042258805027 -0.447208443364404
0.357141263438075 0.190946772772106 -0.123538479432052 -0.330912138600172
0.336936833974487 -0.0208480100564861 -0.199212909578408 -0.123100121368597
0.266603979502751 -0.19802065640994 -0.111280582447204 0.0133601911068194
0.185443926863396 -0.251057065722252 -0.0222262276990443 0.0230077845690909
0.189872955223608 -0.252603495001616 0.0440303107686487 0.0420300713640398
0.276517636142629 -0.134060762661563 0.0819658956183959 0.100517447970538
0.316789388311463 0.00479268556052316 0.0862847624591991 0.203082515830055
0.33543774008848 0.268568842794198 -0.05812928926799 0.262299832793351
0.0693424469529206 0.447275851568843 -0.240795869215351 0.185516993937737
-0.3200052686048 0.353997086056865 -0.203158424100216 0.050528199464909
-0.57065003765473 0.167642498094721 0.00148427223446703 0.0629941166923041
-0.512994973929595 -0.0181488632894364 0.350058907536479 -0.0961064833103966
-0.540078011652278 0.140834408624691 0.433372821534416 0.0997679728957793
-0.291600179111067 0.454281447701097 0.47754315098241 -0.127895177871873
0.111160014525713 0.513723589923246 0.273595784147857 -0.345483119766376
0.329747273801861 0.224302898167881 0.00685904766824073 -0.279262449611951
0.326271852944497 0.00197745721952803 -0.0604959288557758 -0.146520260735947
0.267657562978362 -0.180764042067751 -0.00908515282693498 -0.0519312029582229
0.187913481845289 -0.242079445862993 0.0558992536193509 -0.0505102051184722
0.185510314861366 -0.245648997924736 0.117743259107427 -0.0339653511350486
0.260755665489129 -0.137282985608377 0.16409022467252 0.0387239930483348
0.29997734374556 0.000397361249565291 0.176191917353495 0.172695430309551
0.30762038027157 0.255294438870696 0.0210001576682773 0.263837448893193
0.0488116217171337 0.409588389806194 -0.18092174733437 0.202416523168415
-0.30764556853784 0.295968636994735 -0.146584795495034 0.036915496911525
-0.514751442210423 0.110854803898538 0.153786089834115 0.0549373463293141
-0.368452085859277 -0.0649130919998076 0.514833715492864 -0.0135419262342463
-0.433910089342966 0.0442393758639405 0.505929726123687 0.136254639496589
-0.278766250673427 0.318038380742045 0.480361971516073 -0.0255679098741052
0.0392887436625702 0.412072513623917 0.320224775924057 -0.225849723183308
0.244865882227037 0.196568710208993 0.11920713679957 -0.213657200975865
0.255144057650906 0.0136754057498513 0.0670460378854529 -0.156617328777363
0.219539412988341 -0.138677162697658 0.0828921306525493 -0.110523600894333
0.161326371755883 -0.197347697312006 0.126323865910144 -0.113577527455227
0.159990629303607 -0.201958704612257 0.183022707981081 -0.0989000630663749
0.219362470991638 -0.116860802405618 0.234750705617335 -0.0106883756816872
0.251318989981246 0.00832436822666959 0.246559906217361 0.152616307678027
0.236706515548175 0.229580967927728 0.0736995077627925 0.263494296854269
0.00121597392005184 0.332952878358977 -0.135928051876905 0.208596459342689
-0.281589980376163 0.195850336741987 -0.101876135074738 0.0205667573363687
-0.403270409568397 0.0241316484408591 0.2733333349743 0.0550672447050337
-0.15814804930588 -0.0930749827021946 0.599134124189365 0.0576638931235317
-0.241852437279814 -0.0355918287291594 0.527001548821827 0.149440413276829
-0.185405442153753 0.148009802105414 0.451669964803089 0.0478187912213982
-0.00680698671833452 0.237367859579263 0.336216593825172 -0.131101357871124
0.129321251640744 0.120545761386328 0.193830155328026 -0.167478781922669
0.142689811406261 0.0142975794030125 0.15399236661439 -0.166408608244192
0.134989476858364 -0.077973077002489 0.147031028369617 -0.155689604359352
0.108345046896021 -0.124855614955896 0.176234563677671 -0.157513968837451
0.113158447280891 -0.129607120901001 0.235728653135087 -0.145047467498024
0.15387081670559 -0.0794952401507452 0.293846332272434 -0.0353328606559317
0.177919981869299 0.0182820989258395 0.297937544992172 0.154793548548645
0.142530446134902 0.181562231460414 0.102862563433743 0.279163518373044
-0.0456854648623407 0.22251354558083 -0.111055734293095 0.219972903286073
-0.225070493920668 0.0759758576650155 -0.0733147226721961 0.0114442483040942
-0.242312557586437 -0.0661260470607467 0.349709559294073 0.0698112000128488
0.0395323357410497 0.118667051445181 -0.405440866474636 0.0473381956271695
0.106493158015103 -0.00162468547027856 0.0298878592764923 0.0962077460731914
0.0570830488720033 -0.103828598019063 0.111445322625086 -0.23875133128779
-0.0583650203239953 -0.0817748026298117 -0.12455388452951 -0.329863669262358
-0.0719229293345657 -0.00168348854684142 -0.359620453321269 -0.161378298131315
-0.0325804397362726 0.0255030580735618 -0.364971512042084 0.0992689703728406
-0.0379843603952854 0.0335588715649497 -0.255903611122662 0.221563302662706
-0.0386949331021056 0.0261933998227212 -0.163070361098049 0.232995368373221
-0.0315563646646797 0.00358268846114063 -0.133372668086949 0.237326816612636
-0.0204262253915036 -0.0234127820452799 -0.148612442001004 0.238771581736615
-0.00488198685805218 -0.0419974443997838 -0.205561430067822 0.209193270343523
0.0531253202846272 -0.0490747705760312 -0.31422941326047 0.144852379698636
0.0872008076844556 0.0157687523973467 -0.41115483397724 0.0268749223666109
0.0300730090934629 0.115135013116577 -0.440320212246535 -0.0640322128691548
-0.0421970377163997 0.13672208077008 -0.542308925727894 0.0371900409527188
-0.13956821042972 0.182691972878386 -0.390607142541918 -0.0336433908383393
-0.00148518304100233 0.130154113162455 0.0341896741259445 0.0724593731198135
0.0770701914545128 0.0618072907769915 0.129845848189944 -0.268049342804979
0.0646111582229714 0.015491591599713 -0.120420495338742 -0.377943383074987
0.0471029379680029 -0.0027500672031365 -0.370837178289204 -0.193525156642394
0.0613140508357721 -0.0260327421919191 -0.3824336347437 0.0818679723064544
0.0288726607132811 -0.0635064204828276 -0.254169717996344 0.212333516473249
0.0152283642065302 -0.0742988045968228 -0.153018583185125 0.22024550810726
0.0409898572838924 -0.0859857729816289 -0.111393943465026 0.229069427136087
0.0961546145785845 -0.0556254525024559 -0.118163659879809 0.236420424511331
0.111856785562776 -0.00198892605466875 -0.162243203169175 0.221393461573277
0.137587706007005 0.0904953960157814 -0.275108952236404 0.175793805241139
0.0466237965073101 0.179057721667894 -0.382243638743963 0.0746215649737046
-0.128063195508222 0.20965308018865 -0.387722171811224 0.00183725309695091
-0.256464548086637 0.180397204270736 -0.458786899528191 0.0698711722376455
-0.314040292912467 0.204059155364272 -0.301552526067797 -0.109617301909714
-0.153013256508781 0.241383995398912 0.0818396507886969 0.0428476703318141
0.0529569363612023 0.245927674520574 0.179785108030656 -0.293966669932907
0.179303496089233 0.152013425422697 -0.0839612455510332 -0.426745841583788
0.179300220987442 0.0190370567364771 -0.346164060950735 -0.23614089547716
0.165733813131019 -0.0640044124582957 -0.363864194000877 0.038753567344129
0.103629371610681 -0.147142007591981 -0.224830939704433 0.171325635385909
0.0665111333368748 -0.164079589536107 -0.1215619179076 0.175726534242273
0.0945118775455436 -0.169934294262122 -0.0663609078302744 0.188761450184523
0.1812337949051 -0.100164250137707 -0.0531408826883009 0.212050995141416
0.212813335433423 0.000936616435808478 -0.0785979639951907 0.230692796895168
0.242564399310348 0.174328744475095 -0.203095078555548 0.223378434238199
0.0647181942257999 0.313213486206265 -0.335344372357359 0.142935953978465
-0.216752069173159 0.308703878972897 -0.319970368941089 0.0582594804077766
-0.414128914744377 0.228330019719971 -0.318872086173486 0.0883224084332327
-0.449270908370834 0.180933499762789 -0.141392126058817 -0.161984757313222
-0.318386305069169 0.30300467632733 0.17159788464674 0.0186860288805848
-0.0177180503331056 0.407089933183236 0.255260729059315 -0.295062456157044
0.250748504193811 0.303274558244192 -0.00927674034496336 -0.448274580417868
0.295065576594635 0.0653377174447858 -0.273014465727932 -0.269721036022652
0.258369248059522 -0.0784548377829632 -0.301131039748229 -0.0220551601821137
0.171385210599612 -0.20479014413173 -0.167577925271745 0.104613945223027
0.107853289091919 -0.22992605238459 -0.0730681856314302 0.106931695989509
0.123978380982276 -0.234046663225815 -0.00850012257042743 0.121446878589273
0.228310249923889 -0.144456563877136 0.0245744877096863 0.159737877355145
0.278086809152026 -0.0194365874978773 0.0230894286371994 0.215721881543509
0.327818225772443 0.20187885500973 -0.107599358486569 0.256264063318905
0.107508261521971 0.389728299199664 -0.26838762949481 0.19956094509372
-0.244339188118152 0.375912052878718 -0.248332153854283 0.0823229241995337
-0.498998489376793 0.258927950248764 -0.15279054380032 0.0799599382316342
-0.508995768919503 0.124512331348945 0.0678218683275035 -0.178599607777862
-0.442354070467707 0.289241631930538 0.288696837370588 0.00806255895046211
-0.117127554611328 0.488314022397949 0.337617816649643 -0.255280952283298
0.249513872418869 0.419245660265384 0.0903302722035114 -0.419036519287631
0.353767669173354 0.11997958178059 -0.155073920054634 -0.274892055672575
0.310529273387832 -0.070359969836968 -0.195073841869592 -0.0819054712728365
0.214074794570954 -0.226258961723502 -0.0888308030388926 0.0261431929468609
0.133174264687535 -0.261110678188155 -0.0141493577917884 0.0246049026075923
0.135246200462712 -0.266128071788204 0.0504233431220501 0.0382561212829209
0.239621741706772 -0.172472628385158 0.0981296213030986 0.0878100595327129
0.299449822054263 -0.038083126671335 0.118473957821211 0.176892248084325
0.358521246245939 0.20156030287722 -0.0130884502777651 0.25793102711266
0.127124322936022 0.405387758836749 -0.19781086237732 0.227498097564961
-0.245153912533044 0.382138212485098 -0.185068575749605 0.0754323276176631
-0.510653046935375 0.244763412882492 0.0100583725610785 0.0493093666351911
-0.473718592175614 0.0532616294183148 0.283979823447919 -0.158569657766175
-0.470562646512396 0.212261398718286 0.403742164527791 0.0166806171736907
-0.191823848088158 0.453760256898191 0.39898692930365 -0.179406521497925
0.188339613854912 0.442439678079516 0.185613313345283 -0.3396074612256
0.336517405286371 0.152411071607881 -0.0231129039695457 -0.248803158271548
0.304584210050392 -0.0483094213991792 -0.0675744644804891 -0.128823387582801
0.217250910120974 -0.211252017418189 -0.00218336645100232 -0.0535282802619291
0.13736734620889 -0.252890314812742 0.0477626125149481 -0.0584813355844653
0.131299892066736 -0.259928955305505 0.106407369369455 -0.0471394132427179
0.223904450938496 -0.172315535732847 0.164428442690427 0.0124403036270388
0.283357863424229 -0.0406277105452068 0.1984495510752 0.130355775315144
0.331527954338966 0.19379380756316 0.0613032536763175 0.244566233384597
0.102915974677391 0.373827556400659 -0.137456323164715 0.2326656748308
-0.240644247559588 0.326364666730301 -0.132707871687133 0.0530478786206467
-0.465717274436484 0.181955382485693 0.15243472909144 0.0176575233268344
-0.343100442980456 -0.0122751052569192 0.462954257564694 -0.114456754504132
-0.387484087339026 0.103540589271846 0.484099459856986 0.0344330042218
-0.198679954948741 0.325902830718257 0.423643935072396 -0.0929959052872321
0.106741844404075 0.362273942921663 0.252109574243543 -0.243707063817911
0.254165954757377 0.138023964168376 0.0890665011311262 -0.209575298531434
0.239659731693292 -0.0277861609805086 0.0476173557879008 -0.161031488666029
0.179275054951505 -0.165432892565885 0.0740035402804248 -0.123783158451586
0.118844616704898 -0.20900611801053 0.103004740023647 -0.131024972709994
0.114861427006437 -0.215992045914612 0.156776020788677 -0.122605682366179
0.187961768218635 -0.146324303061862 0.221848920600013 -0.0483860916132296
0.238886395452302 -0.0270496081890063 0.260614223826613 0.0977705429594832
0.260292992399311 0.180887561460211 0.112366734860818 0.233296916726715
0.0477124557184514 0.308835964981106 -0.0931871398739911 0.228884285430889
-0.232618020659918 0.227560350786142 -0.0922599573375528 0.0314024915177949
-0.370733525528919 0.082577616110926 0.265328917962953 -0.00185804706733498
-0.148990711111878 -0.0691457339905989 0.566945606820351 -0.0662728185020336
-0.22145454641014 -0.0013612853972077 0.516744602928014 0.0394520774272864
-0.14005895331979 0.1569849552081 0.419982190147029 -0.0282869118386632
0.0356158173934187 0.211850564080929 0.287115861104045 -0.169228199795435
0.136661933877 0.0863746811100581 0.161671411491712 -0.185254231519977
0.134243808655716 -0.0101753112980087 0.123834539378567 -0.186810599534115
0.110394873554411 -0.0962198932859369 0.123104909071508 -0.176818266380839
0.0804509615995232 -0.13341195982066 0.142009362539257 -0.182384561687338
0.0833292323737073 -0.141514325742855 0.197617873714797 -0.177476801683155
0.132676551534403 -0.101825675407276 0.271911438061415 -0.0836844630024239
0.172223294672602 -0.00744888551418299 0.309196606463295 0.0889666757365245
0.164486934987875 0.151393663581872 0.143056809332064 0.243854503098831
-0.0128650852805854 0.212860656076655 -0.0672609144762037 0.232064715261422
-0.198985374151043 0.107377583272669 -0.0662657060265502 0.0200594905317975
-0.231131117866111 -0.0265068373120444 0.340367771573124 0.000336192324576585
0.0424073865339859 0.113716615850806 -0.3933173059122 0.0519566488668743
0.104592726441056 -0.00170664146114635 0.0319536888798221 0.0950086528731209
0.0533980205789481 -0.101527190420708 0.105770544008182 -0.230997378826887
-0.0577449595441007 -0.0787580818733258 -0.124170171335637 -0.318218460127298
-0.0686643591743678 -0.00103764678087842 -0.350197430554907 -0.153503413246826
-0.0313916616118562 0.0234531596994192 -0.349772505364006 0.0996739331032911
-0.0348255951615118 0.0326026668170726 -0.241798406021189 0.217891641400859
-0.0362988174007182 0.0264518013526894 -0.154431023466158 0.227347933064833
-0.0299511171174295 0.003855347177738 -0.125698071640877 0.230761134158048
-0.0197323690866618 -0.0226530639697963 -0.140116931996146 0.232629911473913
-0.00589198143532942 -0.0406410126411361 -0.196363021741058 0.205165131322334
0.0508109748961671 -0.0475491541774991 -0.301808151737306 0.14141701608136
0.0834150322652482 0.0160361726220177 -0.395816753739635 0.0283438828789164
0.0299032344917303 0.113087556013958 -0.427062783711673 -0.0617307080271903
-0.0389789916357648 0.131521470476648 -0.527818622663574 0.042692253763753
-0.130477396840913 0.178591042180047 -0.381332775277358 -0.0267184644653769
0.00047034432700409 0.127425737085837 0.0350076408908568 0.0720118828604252
0.0753784255820706 0.0573534596394141 0.122930887809046 -0.258160150972535
0.0641916605912144 0.0137084523291869 -0.121939762804838 -0.364439102337511
0.0465848688409432 -0.00375901224954445 -0.360305814960507 -0.18389834860504
0.0590850403694648 -0.0278756532830709 -0.36608702592651 0.0838881451805376
0.0273035021051672 -0.0617281524766574 -0.241288412616425 0.207340653867662
0.012911729505036 -0.0709910893624995 -0.145127809985293 0.214282240829714
0.0381231685781617 -0.0834183992352711 -0.104716300301884 0.221735408658808
0.0920058008260026 -0.0557451368091201 -0.11016704651309 0.229289874656552
0.108556140486128 -0.00413835068603267 -0.154724134975168 0.21542735756305
0.134722157676864 0.0852681155239624 -0.262948941407952 0.172695032125499
0.0471036428202551 0.174561847972507 -0.36786684163879 0.0749582621893583
-0.122072709050948 0.205029009076021 -0.375859884957016 0.00258325616189629
-0.244716222029292 0.175868278757339 -0.446634017008158 0.0705197083847825
-0.300022791359799 0.201222673568439 -0.296343193835016 -0.101082515937912
-0.145271978429555 0.236453933307162 0.07919935686045 0.0437270420421524
0.0556127614423425 0.236295710035114 0.17084361787167 -0.284034279204227
0.178001216955384 0.143765312280335 -0.0852634351252089 -0.412273811646948
0.175336465252924 0.016125120999837 -0.337412805127812 -0.224482392719433
0.16014878301527 -0.065652444376269 -0.349203311809895 0.0412963797367225
0.0974865814678993 -0.144075506232808 -0.214248216496918 0.166680903570008
0.0601151227943626 -0.158393095168273 -0.115945262206583 0.170409826090406
0.0868581304392408 -0.164312587289271 -0.0609839175916293 0.182175591679
0.174420849410306 -0.100558929113116 -0.0482433967729663 0.20463917701205
0.206406708740048 -0.00271076797682525 -0.072960796080536 0.224076180343739
0.237219980255374 0.163431179439369 -0.192573523806155 0.220060606990893
0.0676662014344277 0.302911720967443 -0.323362010474762 0.141728511084234
-0.206508346833831 0.301301582493852 -0.311189736512741 0.0571043752152188
-0.396115594613859 0.225177273333571 -0.310857076231384 0.0865269400292597
-0.430596044976933 0.180658717066425 -0.14183393353369 -0.153873597382405
-0.305420330801399 0.296941555573973 0.164521378147379 0.0196656946116717
-0.0103075816265971 0.393124142115552 0.244030812848831 -0.285037019466854
0.249100892859514 0.289207807866965 -0.0128955539822056 -0.433070801312461
0.287862006426217 0.0591967094241052 -0.265590228293185 -0.258431412519691
0.249364540489903 -0.0810453690338504 -0.289453199757536 -0.0179248547131548
0.161534566914342 -0.200574263739651 -0.160216649422659 0.101505721249425
0.0987880564447643 -0.221977454913651 -0.0699857160845997 0.1031535746986
0.113937112236727 -0.226216024259326 -0.00624205800680895 0.11596804058176
0.219078971059399 -0.144172405894962 0.0254378180333418 0.153259938036744
0.269348274685098 -0.0234746907502018 0.0247407539368027 0.207866751233908
0.320297478027207 0.189405716739364 -0.100080238802121 0.250538355356542
0.110054466583132 0.37524940605877 -0.258200413491574 0.197228970823954
-0.23296190516103 0.367345172789046 -0.240116141208772 0.0809693908263099
-0.47614050143035 0.254960474854123 -0.149780641808703 0.0760243349330316
-0.489458392767314 0.126712599709826 0.0605702073837185 -0.172069219995837
-0.425165802024498 0.28643279146968 0.276659007431098 0.00874144556316412
-0.104620190203271 0.4713590358289 0.32410610458436 -0.246439094647077
0.251790039912037 0.401363277859852 0.0844064573551973 -0.405463371354784
0.344867318159536 0.110915470342316 -0.152073672776156 -0.2648181842936
0.300836037542475 -0.073469185814169 -0.187384670030244 -0.0773236550024712
0.202561387651984 -0.221693815659326 -0.0858441113202294 0.0230463704077353
0.122294757762948 -0.252537297634467 -0.013735850945535 0.0224791292509827
0.12446472499377 -0.257549876980305 0.0490153346277573 0.034789108860082
0.228863390141069 -0.170275360570857 0.0967978795772069 0.0827038916299458
0.289786493166082 -0.0421092072543959 0.117052853199578 0.168523006303605
0.349566220423618 0.18771081716394 -0.00772035555384425 0.251329772669095
0.130018906451146 0.39017164746872 -0.189342815853343 0.223497700693779
-0.231427291422289 0.372148163851034 -0.17988725852768 0.0744300288170516
-0.488013497077187 0.242266797734473 0.00814075991309018 0.0446916450427867
-0.45526936610904 0.0572445124535579 0.272629044275004 -0.15478364236972
-0.453320014286221 0.210841301746636 0.387451562004872 0.016125127087621
-0.176425152825225 0.438899877610675 0.383888268841945 -0.173763938524517
0.190160673170471 0.425968731322539 0.177046256691076 -0.329212689907543
0.32839482763359 0.141890531702584 -0.0239016014162878 -0.241197942351424
0.2950254215868 -0.0517533765177655 -0.0654721629084203 -0.124592253097041
0.206210619615905 -0.206290364855045 -0.00329184601174769 -0.0548416271046109
0.126540040750675 -0.245254281895358 0.0457100415475684 -0.0593041022723343
0.120570011637762 -0.250744355811819 0.102584385981877 -0.0474778214902058
0.213380421714228 -0.170250065820388 0.159258377522646 0.0100379974486629
0.274275220785254 -0.0436807059572623 0.193057655829323 0.122419693780709
0.322230310361613 0.181315033507944 0.0644626481404469 0.23722895750057
0.105522905101685 0.359306519384603 -0.130182660537425 0.228954193891708
-0.229755856469797 0.318532768804008 -0.129381083691572 0.0519903982055698
-0.444626481470185 0.181104727943755 0.145827035379003 0.0115511561509525
-0.33024647060711 -0.00727155457695619 0.447813909933898 -0.11435613331834
-0.372811277546009 0.104973312446143 0.465064376822463 0.0332275580861831
-0.186445658547453 0.316232782812968 0.409627268461761 -0.0912673157134029
0.111420231551553 0.347847820948771 0.241697163972789 -0.236806347136865
0.248259686921565 0.129476454897263 0.0858062544790589 -0.204558595300082
0.231742777818356 -0.0298573221013812 0.045715060844699 -0.15804550304941
0.170294789739483 -0.162163023161971 0.069682267333071 -0.123950064310799
0.109320906544078 -0.202693112757521 0.0985456987473828 -0.130671419687685
0.105608328792586 -0.209044745230808 0.150211797453263 -0.120286472612015
0.1789677345378 -0.144166718589742 0.213915820333584 -0.0486049818016161
0.231336820449889 -0.0291886529871809 0.253007340119554 0.0903770980354255
0.253320764093135 0.170508446101767 0.112595213852447 0.227251613347893
0.0512843587496101 0.296856693984409 -0.0881691959155528 0.223924041300586
-0.221930455129167 0.221650464337043 -0.0900896315735407 0.0314174995633111
-0.353707339612572 0.0852526657371323 0.255752803385636 -0.008405975199935
-0.143281848106384 -0.0640644002873189 0.550663283902942 -0.0700359227576135
-0.212682175443894 0.0014104286091487 0.497599010984298 0.038874430227284
-0.131665811969669 0.151938927060884 0.406996872427743 -0.0293941260894263
0.0392847217267053 0.203755413607458 0.277271246422178 -0.165015782938637
0.133834127157153 0.0817693530985378 0.155488245444572 -0.181717710214441
0.130295406128565 -0.01087614040234 0.118330721137205 -0.184309377651349
0.104969908241117 -0.0941699560030103 0.116809152399294 -0.175489167919011
0.0739323986586284 -0.130665786039497 0.135931976783394 -0.180101575270046
0.0769520374745639 -0.137202081623903 0.188538223838591 -0.173735340987306
0.125889031613988 -0.0994744940280417 0.262369278054739 -0.082986114576447
0.166503893073575 -0.00928372013878364 0.299171504999718 0.0815659102947539
0.160951123867128 0.143458438960632 0.14219349000786 0.234391175334177
-0.00967267687690654 0.204734047157735 -0.0620410165935117 0.226842819742164
-0.191089206562879 0.10554296335646 -0.0644128720385051 0.0204341142229829
-0.220272292238439 -0.0219468564543354 0.328500258654067 -0.00723162886253692
0.0442775435092476 0.113557169837072 -0.396826114745932 0.0521259906641903
0.105841293331604 -0.000651424113533442 0.0334881772837897 0.0979354048423104
0.0528532405675427 -0.102091028621451 0.108463085303879 -0.230490293567842
-0.0571713952229694 -0.078718146576768 -0.12420275505004 -0.320168683415833
-0.0678353103189438 -0.00160417758878117 -0.350940785848791 -0.156139112104471
-0.0314854159002206 0.0217934808696848 -0.349696781019603 0.0978873180548834
-0.034625590820559 0.03203655207541 -0.241023813744836 0.217201326327939
-0.0360202264677021 0.0267397908044083 -0.155752839115233 0.228220763484071
-0.0295031333402187 0.00393625948631179 -0.126201408824992 0.231238153307925
-0.019193994695465 -0.0225650846424013 -0.141159728189992 0.233118805829657
-0.00536176627567203 -0.0394910162889811 -0.198046520375524 0.204913051728796
0.051055624510804 -0.0465877540865228 -0.302905297534965 0.13909772746765
0.0827016841084455 0.0182970499148193 -0.395362883046025 0.0241019212428553
0.0286567713907648 0.114941180258714 -0.429285518762699 -0.068828399657246
-0.0398943847107453 0.130620426437077 -0.533291266942701 0.0381539265862289
-0.129088974207722 0.178534217941634 -0.385905562176347 -0.027025350232829
0.000206671834929592 0.12874885333151 0.0358965501502457 0.0753436179891354
0.0753856903237655 0.0572689932052648 0.125609386165959 -0.257567485533741
0.065616030631216 0.0127854091597064 -0.119587821667871 -0.366748849536186
0.0480642119457755 -0.00415323176775141 -0.360422395122407 -0.186259767245056
0.0594746018142445 -0.0297646957526591 -0.365028043797943 0.0807536907176943
0.0271813682290871 -0.0625749030567401 -0.240569618525697 0.206268418706285
0.0125411199333808 -0.0700128063440861 -0.146670474616608 0.214014568995106
0.0376597037524048 -0.0825303691792172 -0.104814533859912 0.221538185604303
0.0919560669856434 -0.0558609136837304 -0.110913743206591 0.229480881566564
0.108528578513458 -0.00314231973727944 -0.156021877826815 0.215667970369503
0.135565916432771 0.0856193561168266 -0.264760772604102 0.171678127660415
0.0470215851524701 0.176545445361151 -0.369779211824039 0.0719591262061156
-0.12457368153502 0.206681314662179 -0.378834013211443 -0.00392190721912552
-0.246138703010137 0.174839430909992 -0.452200846202657 0.0671333715885307
-0.29969280146366 0.200956090722056 -0.300448283171113 -0.101612071414399
-0.147555294609936 0.237884120594334 0.079073590554433 0.0478593715121238
0.0567068146331189 0.235830451161407 0.173787967957012 -0.280721778157281
0.180501412535794 0.143826744502253 -0.0837560593657109 -0.414018334351663
0.177567531693084 0.01585830855267 -0.336643807426596 -0.22825040608437
0.161181330896781 -0.0673782146934696 -0.348013025453925 0.039014008373757
0.0973680934053819 -0.145053576968803 -0.214582982318185 0.164222064164231
0.0588638200410819 -0.157351260180976 -0.117451141293757 0.16964147747355
0.0862042958258838 -0.163325809031302 -0.06150645233095 0.181050306884702
0.175447963279449 -0.101260863586564 -0.0491693275164517 0.204606159915417
0.20710819029493 -0.00313271956357849 -0.0740913084789123 0.223639166423482
0.238054656465925 0.163917443187539 -0.192731843730355 0.220589174284779
0.0678923133934406 0.305219569762293 -0.325037323985527 0.140412778351553
-0.209835119935418 0.302245129155889 -0.312813835387502 0.052968720706068
-0.397445128440879 0.224048899293464 -0.315572985497364 0.0832846793730499
-0.431610241467766 0.180958106423262 -0.144711528239103 -0.15263858864676
-0.308490857474254 0.298919670515881 0.163925698957695 0.025050990717734
-0.00945958565691916 0.393052263415706 0.247388829410127 -0.281206558915618
0.253348947402507 0.289882101288005 -0.0101206630992236 -0.434890155480218
0.290240752967925 0.0596640440928904 -0.265310838041347 -0.261460466337618
0.251465784095601 -0.0825521215949741 -0.288095445586156 -0.0192905178210113
0.161879942685889 -0.201168791617689 -0.161184971906135 0.0980956503190779
0.0970033165508407 -0.220357045101855 -0.0711827757546344 0.102033367283978
0.112914144042548 -0.224961949721126 -0.00684701697680742 0.11486456390128
0.219386378337738 -0.145419641732108 0.0255966435026686 0.153244471434556
0.269972974642143 -0.024061868929032 0.0247779054526052 0.208579406746884
0.32081979504609 0.188699798906517 -0.0988566589506245 0.251871605957939
0.11167580071336 0.377867820019641 -0.261581342221122 0.197040048797455
-0.236222885611686 0.367938658484165 -0.243213969096221 0.0779617717287264
-0.475103823164437 0.253789100992993 -0.153535766461941 0.0733441651600849
-0.490493014553598 0.125809631782055 0.0602087723830454 -0.170567496181373
-0.429562581110493 0.288266785914452 0.27611731090539 0.0154097879769565
-0.104104242900454 0.470486142301285 0.327064606916614 -0.242945713791371
0.253673234344454 0.401791444262119 0.0874387690163015 -0.406094529706882
0.348135710110371 0.111531930536578 -0.150606738784173 -0.268101922533517
0.303381889518234 -0.0737851606156328 -0.185850989107569 -0.0788458313346689
0.201921661773974 -0.222110494594923 -0.0861812964074867 0.0197570854405036
0.120760679225838 -0.251613969183985 -0.014187122477129 0.0208534168286118
0.122227118867297 -0.256253265706411 0.0491703464410007 0.0338934934516343
0.229356697520037 -0.170388222507401 0.0967662916905339 0.0831225060383147
0.290389028645123 -0.0424239863571443 0.117676454002507 0.169726444786647
0.350533188997021 0.188633479364846 -0.00616208047705315 0.25346911042591
0.131262448465648 0.389883981922825 -0.191377725395218 0.226407073407226
-0.235045132576784 0.371730955389013 -0.181918342335833 0.0734380448223759
-0.486216532710522 0.24076024460292 0.00527688824629334 0.041820627228189
-0.455229776027392 0.0567787446515114 0.273717445244438 -0.152418331069373
-0.457146239041304 0.209847996981799 0.386398371780517 0.024242289148063
-0.176859965586297 0.438149380413857 0.387082581554253 -0.169172554338304
0.193111243110836 0.425202470987246 0.180950559013596 -0.328606357126798
0.330877768233424 0.142976240855387 -0.0218566210904933 -0.242214443446807
0.297487795379074 -0.0517711958005843 -0.0632583384556572 -0.12575415418343
0.205706208861311 -0.207197847818131 -0.00370569208955237 -0.0584731356584841
0.124677599535042 -0.245106322295345 0.0452187727957405 -0.0613083255657245
0.119191189042418 -0.249555032323725 0.103230036585867 -0.0485750587522778
0.213728877777357 -0.170130055984164 0.159415838371876 0.0109660391415728
0.274816753470707 -0.0442836986182739 0.193005515915512 0.12386125171338
0.323178648512805 0.181537970968012 0.0665067633511326 0.239334844321296
0.105786054930069 0.359324389334837 -0.132210386367931 0.231329632172187
-0.232116600215652 0.317380485680689 -0.131007828869675 0.0523345218161007
-0.442941892680234 0.17927970937456 0.144769346022637 0.00909672135466292
-0.329851138173275 -0.00738334219451058 0.451037176250287 -0.111270722926599
-0.37368364494625 0.104942447257594 0.465570734580863 0.0409659373803987
-0.185906040586682 0.314408847906734 0.411587879510673 -0.0865661887554324
0.113786712784637 0.349463085311086 0.244772896697952 -0.235174318888236
0.25016711068501 0.131119481259484 0.0880447670508761 -0.205155352418751
0.234051533486178 -0.0295773280000657 0.0470646111412863 -0.160078687933304
0.169409940066621 -0.162285013886761 0.0701997243933629 -0.127518280205255
0.107227539815395 -0.202204637629069 0.0989141808392719 -0.133294953897044
0.103890781081303 -0.20872115141628 0.150654094801965 -0.120603921467031
0.178971699445116 -0.144271820002164 0.214100544147213 -0.0473847365862268
0.231988140163849 -0.0295617662798662 0.25244974931248 0.0920796702116081
0.254530172530327 0.170511541985832 0.113871471660995 0.228988826032128
0.0501330640008178 0.29548060195631 -0.0905313681794626 0.227097601887767
-0.223861307306067 0.222030544548772 -0.0917436036243563 0.0315693953066529
-0.352003297161436 0.0833438600143092 0.255589456340434 -0.0100454171203527
-0.142238052183337 -0.0641148384479313 0.555250897832151 -0.0661759049396002
-0.211908533525464 0.000336142194165332 0.497572695797846 0.0471621008152895
-0.1306729607806 0.149649808621262 0.409308413942586 -0.0250543821313859
0.0412904390120497 0.204143023941343 0.280442799296351 -0.162860639097523
0.134025499051018 0.0829409517582366 0.158202548451781 -0.182049904826692
0.130790746523514 -0.00958760083005756 0.119657687560873 -0.185737157854933
0.104811149625973 -0.0940017042542252 0.117923022904528 -0.177965298393048
0.0724489019198141 -0.129622393628496 0.137089450823005 -0.183651623210684
0.0754845755628794 -0.137358751660408 0.189883430341904 -0.17276781671225
0.124825700195906 -0.0993796147197085 0.262921480673531 -0.0809151564806078
0.167415198962715 -0.00964098064312706 0.299769681650909 0.0832833701059522
0.1605359814801 0.143758296192023 0.142155082847231 0.237580567835833
-0.0103691956589729 0.203356346059145 -0.0643711907522005 0.229045396183627
-0.192212045331715 0.105580746934668 -0.0661744113200932 0.0203898384619947
-0.217451516401733 -0.0227738833777171 0.32989214088496 -0.00901696788178241
0.0497730782467749 0.116167480345107 -0.415384308734544 0.0606446725137116
0.111679588810165 -0.00107638526703718 0.038268441302533 0.104176083150885
0.0536219826867958 -0.106517583039593 0.113050647786685 -0.239186969796483
-0.0595003215677096 -0.0811570419893303 -0.132505208840833 -0.332242820807894
-0.069896310757301 -0.00172756586847312 -0.366162813009148 -0.159886254373048
-0.0330033309864503 0.0217854735654275 -0.361836324421289 0.102850245383577
-0.0349142164197857 0.0334886558882841 -0.245639364869781 0.227802736967195
-0.0359688483979954 0.029079787687981 -0.159832636815437 0.239253566309603
-0.0296407666051893 0.0045132430002763 -0.129171619279122 0.242243146893195
-0.0195063747087686 -0.022991238301964 -0.144504470245189 0.244716725992135
-0.0061415777731155 -0.040273826733482 -0.205407626368312 0.214693489452343
0.0533053582604517 -0.0482983373144318 -0.314498567667082 0.144186191330439
0.085503489320128 0.0207163309052727 -0.409088659121977 0.0252335772245787
0.0298377388705394 0.121506677058264 -0.447556699444791 -0.0732297061021154
-0.0404086111701603 0.135821683977204 -0.558512341187394 0.0426982578106606
-0.130316789183325 0.186186652107478 -0.405045455658639 -0.0220577973963504
0.00186580048011915 0.134902286243765 0.0391975185657028 0.0812610416084077
0.0790850802088994 0.0583953674280097 0.130916338151191 -0.266981172530955
0.0698883623927462 0.0122386784784488 -0.127590225288609 -0.380771734495051
0.0516954180028657 -0.0050875769167876 -0.377913329273029 -0.19268408447789
0.0621200095629603 -0.0329409730427737 -0.377391353854356 0.086781060298541
0.0272338362733824 -0.0653517291330956 -0.246344295623706 0.215711221225049
0.0117349484485034 -0.0715471496813095 -0.151443807736724 0.223988846818105
0.0389889486903239 -0.0861351495405397 -0.107409982991197 0.230789364890888
0.0958538001182584 -0.0598320538568206 -0.113420393683328 0.239567468974107
0.113752780374413 -0.00441727023061388 -0.161246688854885 0.224596191694679
0.143031585832748 0.0879611609138072 -0.273121223494456 0.179277696657497
0.0507817348729593 0.185042694318806 -0.383455577875205 0.076021999707265
-0.129601018120053 0.21780766731256 -0.395147336849925 -0.00462900909878667
-0.25427410401879 0.18353483740892 -0.47404002020985 0.0729840175100993
-0.308267417333313 0.211502231484074 -0.317221569989182 -0.100070831168247
-0.151862849979615 0.251299991035332 0.0832376719600516 0.0534164925660593
0.0622059312109743 0.244155025098402 0.180581546604618 -0.291291316427143
0.191399759908227 0.146769053465583 -0.0904779483339378 -0.430230857640338
0.186388187865205 0.0139509874755416 -0.351721371355246 -0.236323174064335
0.167475839254065 -0.0733660653273886 -0.359545122952444 0.0432200713888401
0.0987877281353989 -0.151554073046 -0.221384253474421 0.171427047201358
0.0582010476916866 -0.162320162809007 -0.121226073584935 0.177121207040676
0.0868860414041469 -0.170015717392437 -0.0621175830367316 0.187615195738044
0.181258310383106 -0.108231432138898 -0.0484885733041472 0.2130292079357
0.215599647711416 -0.00517254295809771 -0.0751780495082551 0.23276273379378
0.250513870718881 0.167266766015792 -0.19770861810978 0.229929281570756
0.0747087344984318 0.31835265422718 -0.33734390683915 0.148859326808797
-0.217520580667836 0.317414246987898 -0.326160327174992 0.0549183588068301
-0.410659423471795 0.235749768445584 -0.331489714454916 0.0873632564145317
-0.44511951098428 0.190812879681341 -0.153833578323399 -0.15514041338447
-0.319930144040853 0.315732562777628 0.170179288725896 0.029938594853924
-0.00515733918271172 0.407948933280238 0.255956830522652 -0.291753360343941
0.269580160125617 0.29757703993935 -0.0139210112606814 -0.453118099817164
0.305985210219898 0.0587239923248824 -0.27725963114553 -0.271440379491064
0.26179762276917 -0.0899738538055868 -0.298332786392048 -0.018796372045784
0.165025303276096 -0.210477722617611 -0.167064223049154 0.100888000424332
0.0959367535915213 -0.229093488408553 -0.0737327122532173 0.105134790340045
0.11350566771179 -0.233068115575245 -0.00606591782028205 0.117602221504438
0.226245813306745 -0.154185528410513 0.0283908528698543 0.158543760331576
0.280830044249259 -0.0284998144372782 0.0274023742825463 0.216446757490793
0.337313377266474 0.191366099417362 -0.0980257587347866 0.262540701537921
0.122903934388138 0.391995380545358 -0.270959725379779 0.208617113111534
-0.24336449599112 0.385433691291959 -0.253095493053276 0.0812346334384756
-0.49160429549716 0.268287160490189 -0.162027944797717 0.0751983800693608
-0.507921356730199 0.135989571464812 0.0605714737363692 -0.174718110711593
-0.444580073542139 0.303778473831818 0.285968248255869 0.0192797864182609
-0.103175249400855 0.489281478918291 0.340146257039759 -0.251882801269378
0.272934132380017 0.415459511215057 0.0877089220585552 -0.423887176822149
0.364918710560168 0.111970850584117 -0.158084477543587 -0.27881099766619
0.316020622474998 -0.0821702022362071 -0.19229713997502 -0.081458280871677
0.207209526282056 -0.232747139001943 -0.0902004941792876 0.0176655570032403
0.119814959043549 -0.261823275609666 -0.0150196594614025 0.019959739882524
0.122212595490779 -0.265430949179928 0.0518649977676433 0.0331846368582963
0.236174378451806 -0.180903924019702 0.10132000000323 0.085241251971051
0.301647474942646 -0.0477320669072881 0.123239818634286 0.174316633423287
0.367812924892526 0.191169901113252 -0.00158962938685605 0.263470738758031
0.141299581786443 0.405061105222624 -0.197279233747895 0.239305624661216
-0.242909754786016 0.388918095871335 -0.189783760807145 0.0775526239126
-0.503900096133537 0.254125184446431 0.0040401589839529 0.0411272537071928
-0.471640657153052 0.0642516530079745 0.284917956647596 -0.157845770135028
-0.474518182834973 0.223434321011725 0.402535709154735 0.0274358787029806
-0.179241930457159 0.454890345561799 0.401022208812449 -0.176395369325707
0.209211627630972 0.44102949081228 0.186416287731719 -0.344107573460506
0.347671692882593 0.145116957017694 -0.0236057244331852 -0.253037917724641
0.310732708832213 -0.0585132554633448 -0.065884617148753 -0.131679907966211
0.210195885296533 -0.217690260353828 -0.00488863037463134 -0.0644029869888689
0.123375017714799 -0.255908324047742 0.0458698746338719 -0.067024237242743
0.118896375742636 -0.258851536966257 0.10731037566054 -0.0530407624666395
0.220152459286632 -0.179618969387915 0.165803840194761 0.0103163239817618
0.285297207816368 -0.0490899467858282 0.203098261055497 0.126961082352814
0.338767828220483 0.184924677580021 0.0736122883841902 0.248270817020393
0.11524053626755 0.371153018980618 -0.136082501095498 0.244094037438042
-0.23984828305256 0.332395444789993 -0.136866531670071 0.0557986572776216
-0.45782466992934 0.190955376094691 0.150000287800703 0.00595717690197903
-0.340543531272215 -0.00334869761675938 0.470446058743068 -0.117927681084119
-0.388220432631386 0.112723418668445 0.485019430934527 0.0449775175976486
-0.188935836729913 0.327163899394843 0.429135689361348 -0.0910316248741721
0.125377483196262 0.361660098323937 0.253403107932405 -0.246118321698042
0.263265200718018 0.134211162021447 0.0910947554290444 -0.214383627102895
0.244098076281595 -0.0332826862929005 0.0485123627335934 -0.167766457604172
0.174056316991206 -0.16980281879415 0.0709521971446913 -0.137191396194228
0.106674968458758 -0.211378633644445 0.10070867265446 -0.142703549115091
0.10369361635185 -0.21627638608547 0.156619174880278 -0.127344182773169
0.183908762614667 -0.152358004509314 0.223439944476834 -0.0496808477362074
0.240743979593272 -0.0337778057205787 0.263496519726288 0.0932371119116741
0.266698197120645 0.174012804581448 0.12200131919358 0.238478472894929
0.0554267956289481 0.306110151819745 -0.0915127800398757 0.239941266789174
-0.231506430048213 0.232010041931353 -0.096562016910729 0.0340014276406852
-0.363101278496799 0.0902518596414434 0.265721922215481 -0.0156669619114451
-0.146734828009452 -0.0644557694514988 0.582260367961474 -0.072896865911968
-0.219710751795494 0.0020275367084956 0.519165902755995 0.0485357070183058
-0.134425044672402 0.155259141928985 0.426427019832394 -0.0264891474111293
0.0479898270405498 0.211170327191125 0.289803195677209 -0.170687935267149
0.141140161200818 0.0855387673304213 0.163335392080816 -0.190555987106916
0.136575802219316 -0.0109240525496619 0.123099135676257 -0.196713541771135
0.106879019924734 -0.0983253131945749 0.119637120857302 -0.189811766148854
0.0720408552606588 -0.135633489915511 0.140447294000637 -0.195892532413604
0.0756622526113169 -0.142333105905846 0.196588536387408 -0.181963038839513
0.127510371739467 -0.104723161249945 0.272810675746765 -0.085722287710187
0.174091573687369 -0.0121074339920852 0.31224376996162 0.0841170038861039
0.168398706502311 0.147419484013299 0.150819834242968 0.24747153274897
-0.0100721191372277 0.210555993151695 -0.0654104475689261 0.241448800723064
-0.197937494428764 0.11081334013271 -0.0697905724634339 0.022035781530519
-0.224078018305564 -0.0215016321429618 0.34219558144316 -0.0157824964207154
0.0604524696369609 0.11823637410932 -0.438968847481923 0.0880102985603773
0.119578753229501 -0.006582836660288 0.0488946728305922 0.110846000360134
0.0506014983720585 -0.115280258852599 0.111389998337666 -0.259336321926722
-0.0668035850104871 -0.0834615010156284 -0.156267252834191 -0.345411006755275
-0.0734632287239698 0.000802943462434893 -0.396563180159612 -0.152536751050773
-0.0341788439196399 0.0236872651097464 -0.377050783963932 0.125039695785489
-0.0352445390462735 0.0369041487993858 -0.246353427685968 0.252520383100268
-0.0355782761004542 0.033352577112375 -0.157890961781765 0.262525546105232
-0.0305421616362633 0.00589986012275087 -0.125327253972443 0.264247115308241
-0.0210562450361411 -0.0235089679455497 -0.140193071076942 0.266258276998516
-0.00831271689309949 -0.0416938872404334 -0.208882219707219 0.237622751166288
0.0548992406507786 -0.053248597346498 -0.328547880312344 0.165130692521047
0.0912970542127648 0.0200213465587575 -0.431408702534645 0.0414129236636016
0.0370563662044469 0.130694122021676 -0.478784756812073 -0.0628557199405248
-0.0358943179653694 0.145200586552789 -0.594266136101492 0.0716788224264814
-0.126950696110372 0.201900520288357 -0.433269904643272 0.000555904953561249
0.00929294316660964 0.144474785618567 0.0477446960671709 0.0875964412513704
0.0867453272018713 0.0579165063056724 0.128603341027683 -0.288490111339991
0.0765888014646257 0.00882819698571095 -0.15388151707451 -0.397508916375896
0.055894819478223 -0.00899187296874521 -0.409670214200684 -0.187596981481514
0.0636758310024211 -0.0396329570103978 -0.395076361085392 0.108343729563514
0.0255225606180021 -0.0706448798625078 -0.250266397360925 0.239842537978865
0.00864230065157332 -0.0756249880293177 -0.150438383640024 0.24488289835194
0.0371429751042155 -0.0931975434474725 -0.103583677941377 0.249935277201719
0.0989776994435854 -0.0685849375256944 -0.108339245670439 0.259653346901782
0.120493339209481 -0.010075935572055 -0.161484119587798 0.246258048259385
0.156305595834764 0.0854596889910767 -0.281147475758616 0.201349744858609
0.0634720990642546 0.195552915120932 -0.402414155037403 0.097472182925946
-0.128293513703364 0.23962728753304 -0.418621447255783 0.00958230160969844
-0.260380842523302 0.206496992818484 -0.504745248784076 0.0983479229466757
-0.314728327691445 0.23780880615978 -0.344041279647642 -0.0866622776443556
-0.149296564187778 0.27528037287589 0.0920791603656858 0.0574501333547771
0.078770817942189 0.255166451558855 0.179310133878015 -0.31550672363503
0.21339641563081 0.144030371063348 -0.116837002997339 -0.452468443559721
0.200675493581853 0.00412628568820721 -0.384571625723373 -0.235604995772183
0.174033996267564 -0.0887142272448899 -0.377733087369267 0.0610869151851574
0.0966465853316395 -0.165602101232681 -0.225657915846952 0.189589941035967
0.0517593588359339 -0.173882025430693 -0.121231679278813 0.192977391094434
0.0834736181144476 -0.183384177658685 -0.057545474269029 0.200659406188114
0.186820256729408 -0.124267453338061 -0.0410559459857185 0.22759082038662
0.228291329723535 -0.0161813494174232 -0.0703086243092583 0.249566750833492
0.275091068509839 0.164088798598444 -0.197346523043593 0.252248478205841
0.0968768743510992 0.334227671857304 -0.351583696795709 0.17364382720029
-0.216708678749526 0.349314335122628 -0.343941543256493 0.0702005674301014
-0.422800571055927 0.269499429704484 -0.350900624006299 0.107678559614717
-0.462342575754245 0.223188551298255 -0.172439239309852 -0.153446292200659
-0.324545186771152 0.352343649518176 0.182487378788905 0.0287832776125968
0.0167097642759785 0.431019641025601 0.260164515142362 -0.318561868045686
0.303881981374897 0.300575977999987 -0.0359531566671303 -0.480321107118253
0.329564619661194 0.0450258451701568 -0.307195429097769 -0.276095577016476
0.273433030450619 -0.110993666525705 -0.31487699223888 -0.00659902245339902
0.163043747508378 -0.231920367488382 -0.173386066907934 0.111624830574247
0.0876143316035578 -0.246271107061769 -0.0743206998734239 0.114029480049223
0.107316307519725 -0.250985506903605 -0.00118172668605131 0.1228658817926
0.23233184452115 -0.176002050233368 0.037789117247037 0.166679293848556
0.296208505608433 -0.0449543796321164 0.0395215343413397 0.227045275737934
0.368072341968915 0.185193216155965 -0.0899011044342535 0.28240370071898
0.150532664477973 0.409006699308194 -0.278063299559383 0.235886742609737
-0.241400039313231 0.421202701803559 -0.265814889845451 0.097658426697429
-0.505889050047557 0.307744738118099 -0.171764388467412 0.0851616569675038
-0.529011662257962 0.167368000462601 0.0555900123780319 -0.185745921948407
-0.458303144469489 0.345171538793232 0.305284232794249 0.0127666015131313
-0.0835026482729143 0.523773975386962 0.349176468294588 -0.280574270555571
0.312761097879294 0.424255342268333 0.07301012793969 -0.453468950725415
0.395531133509889 0.0996250832048018 -0.180595048904208 -0.290146952198061
0.332235400331195 -0.10437821504768 -0.2061363928732 -0.0791531696538111
0.206218945084194 -0.256793400962811 -0.09678560101966 0.0193044078236918
0.111048784221584 -0.282489749167235 -0.0163124772238664 0.0194249611291117
0.115083200231792 -0.284820658431425 0.0566378665734816 0.0301856722296807
0.241450450101608 -0.203910566655959 0.111373845259144 0.0858091353269847
0.316845934125276 -0.0672086986425187 0.139899717059251 0.178166467921713
0.401231842197611 0.18231932093747 0.0137931958039397 0.279093966975819
0.172417658026228 0.420658591381309 -0.197938229712242 0.265527693096668
-0.239649335190662 0.425515198402548 -0.197599695956208 0.0902976186045501
-0.519000303310669 0.293543687731168 0.0037367632344064 0.040598784390093
-0.494935384813386 0.0898241022230741 0.29620647225921 -0.178592759220601
-0.493750694472539 0.261157468061934 0.428859218992996 0.0144289737851667
-0.165311143345976 0.490035525560588 0.417762136680244 -0.20248795544621
0.246965362749886 0.455521158485292 0.180542685133471 -0.372623174903525
0.379082837658546 0.13622629779955 -0.0367592117030803 -0.268071837080493
0.32833367054523 -0.0785632435546605 -0.0746626799472748 -0.13869639485473
0.211222131130675 -0.240757007973638 -0.00980146378165117 -0.0715228749354134
0.115565899269905 -0.275923743343334 0.0438435012545905 -0.0766839486001424
0.11122769000317 -0.278396796300381 0.111227550476489 -0.0634122825030124
0.22337911991307 -0.201838670163271 0.176297825803492 0.00339742115843651
0.298948178086351 -0.0672247991801228 0.221068631057149 0.123456659986126
0.370149937671539 0.178313484012765 0.0927935139189597 0.259542340969578
0.141812101326837 0.385758390191174 -0.131847426621552 0.269173993872732
-0.238679141888147 0.364095064070454 -0.143180882885192 0.0652561333032655
-0.472276684524476 0.224537428015642 0.157626747936642 -0.00437170527766777
-0.359581063761931 0.0124607473686359 0.49616292085773 -0.146096942718065
-0.405427755615525 0.13770853680264 0.517222887772778 0.0281498657001364
-0.183995902402566 0.353609465382731 0.450649558458452 -0.112610420866363
0.154196442279907 0.375456497502366 0.257113996967675 -0.270948717856204
0.287339848786788 0.128361923946808 0.0872125953546761 -0.232077225303492
0.258871972330671 -0.0480648735523677 0.0447242410388986 -0.182427214960099
0.17532589731298 -0.188619139483066 0.0665405965469892 -0.15166941834748
0.0994512337159777 -0.228199660744499 0.09828464958766 -0.15984403057903
0.0984554046003317 -0.232748408088085 0.159957665951169 -0.144861257350569
0.186237582157501 -0.170464314515462 0.233928631525694 -0.0623473286371945
0.252721406760926 -0.0481765383608005 0.283811348753192 0.0859945622778823
0.292216924763239 0.171883150107714 0.143065323675292 0.246784893263696
0.074045041296013 0.319436284950803 -0.0852059219706372 0.261830513279601
-0.234793352109141 0.25673319990803 -0.10160810266464 0.0409289937979767
-0.377069723511664 0.113248578618537 0.280152635029529 -0.0330314429995625
-0.156814103564276 -0.0609530851515987 0.617986380624904 -0.104409045345764
-0.231527764659963 0.0118630774281855 0.554110291988517 0.0301036697063638
-0.134549693353529 0.16948875227649 0.451663562979562 -0.0455632889361497
0.0639321070078551 0.220261618189984 0.30027324111291 -0.193507181444056
0.154629937219303 0.0838187049018501 0.16559704272401 -0.20940851234022
0.146117348820814 -0.0181031885583871 0.12192569480453 -0.216204576294729
0.10767007181452 -0.108922019385665 0.116395588119668 -0.209876823170651
0.0662996285059028 -0.146265516327847 0.13728480144564 -0.21855150964309
0.0716901857226986 -0.153932274705959 0.199161240689521 -0.2033280013755
0.128579923006739 -0.116752228516585 0.286241699422362 -0.102762543176526
0.18328557972001 -0.0224353683524247 0.334275149839956 0.0743640194456042
0.186421531510371 0.147453905151338 0.172540798296871 0.25576270774757
-0.00088273615186581 0.22151273807676 -0.0583443767395998 0.261678732813625
-0.203851674639704 0.126673925101354 -0.0746983144824262 0.0271813286560135
-0.235727770434839 -0.0120897653279343 0.361808279022659 -0.0371941468779997
0.0410634561497761 0.136408349313028 -0.4620846971376 0.0390209100334295
0.12496272977603 0.0100054581250194 0.0440098518054202 0.124001417629098
0.0653121654559736 -0.112135339602648 0.154512601626807 -0.26092123552188
-0.0624344522171961 -0.0921421964826975 -0.119244870816734 -0.389474066722795
-0.0796530771612893 -0.0035543873014346 -0.398948411745501 -0.209711271179978
-0.040678378323785 0.0230738584832587 -0.410621696945202 0.0797883464637378
-0.0412120540097633 0.0338073383163883 -0.29138993979714 0.233417835910723
-0.0410725003628688 0.0316767045415256 -0.20060841419596 0.254838982528402
-0.0317306820309319 0.000665477745934397 -0.165382979348213 0.262855161879389
-0.0186269551191357 -0.0258251838526428 -0.178856946899846 0.262040899043631
-0.00359506860723743 -0.0423388312979559 -0.247677817308467 0.222823034180484
0.0593953305660909 -0.0476810805897541 -0.365561738415838 0.130610744974499
0.086298597355125 0.0365480755465034 -0.454544823773111 -0.016566354439438
0.0113170839047284 0.141961963394471 -0.487310855466079 -0.140869501828973
-0.0688337916300235 0.15212894645617 -0.628980046146082 -0.022073349001641
-0.164749911786285 0.192046736745914 -0.452569073782151 -0.0470445965255912
-0.00944065082260414 0.148299160744705 0.0398419688301884 0.105056764999364
0.0769209033311493 0.0680961126418767 0.179079118409884 -0.277432159932958
0.0702753147704467 0.0197962807615436 -0.103259670608238 -0.434484240801416
0.054006351943192 0.00469322295601549 -0.400943997188223 -0.250929007324022
0.0696529512435399 -0.0283030000020094 -0.423308246759471 0.0603465671274228
0.0351134559606391 -0.0678190256006269 -0.290191624897193 0.217321541512554
0.0217151258631158 -0.0728740872725655 -0.189755036248554 0.237432028291897
0.0526932700858733 -0.0909411019727622 -0.140059884419208 0.250974657364574
0.113974765371141 -0.0551481392157301 -0.145807200269771 0.261073033835869
0.125738582901007 0.0135071561512449 -0.204170512670802 0.235693437793281
0.146996022701578 0.112218889350001 -0.330425750984562 0.170048240706064
0.0267488995012805 0.214694049473107 -0.43036562902419 0.042254209175713
-0.180683332861771 0.230303203630366 -0.427987512382759 -0.0618626014210359
-0.319024181383612 0.178857074467411 -0.525856691181884 0.0216786051199793
-0.361708895844484 0.19880635062825 -0.35633568595418 -0.124730437527568
-0.189593398501991 0.259329050259371 0.0847859649418562 0.0843170957664367
0.0398775603787687 0.265996196183329 0.234301051159988 -0.286819120794847
0.191040402811245 0.172951963271183 -0.0503676983646116 -0.475695474306841
0.200282992369967 0.0387234984182805 -0.36018166507172 -0.297624889911019
0.191023445130915 -0.063985400817836 -0.395699260059842 0.0123952793089237
0.120877349974327 -0.155554900995623 -0.255575951718138 0.16653341194007
0.0817390190234166 -0.167642604243023 -0.153421798643577 0.185386558914157
0.113695292374075 -0.176751079085698 -0.0855898321244307 0.206227828382086
0.213502957431479 -0.100944239696589 -0.0724772724684218 0.238366671260094
0.240471719274368 0.0249321847434863 -0.112824839430634 0.249921691521531
0.261422768635155 0.211308490015711 -0.257650320418194 0.232748240067175
0.0382280152289012 0.364734595386571 -0.388376374879544 0.127512079428285
-0.290948306618809 0.331810106138179 -0.354248927258574 0.00718757598274522
-0.502023601969507 0.220376421810088 -0.357512042308945 0.0523237065080182
-0.509207784008501 0.157420054585579 -0.176407766165197 -0.171585566809585
-0.379372968087943 0.310571492341067 0.177009653685298 0.0686181200078651
-0.0493105389973355 0.434932792056304 0.313205742494031 -0.267018639077183
0.262957388244609 0.341616801009082 0.0394612409990585 -0.480852390675907
0.325814617464959 0.0981203771684635 -0.265591339835498 -0.331449060424413
0.298140425543668 -0.073663357903618 -0.318993915046508 -0.0517869214987821
0.198768930012329 -0.214994621366541 -0.187552709674204 0.0904061231004676
0.130037679848245 -0.237689918199854 -0.0938169868826602 0.107042529961448
0.148178874330787 -0.243021785196249 -0.0162784107181612 0.133134347002088
0.26811799892016 -0.148118258217906 0.0180936908435108 0.185850141078538
0.317530576347895 0.00605457510749251 0.00107577494567045 0.240789583949086
0.358103572615564 0.248924215890231 -0.15397429444116 0.278493614098848
0.0829323190867087 0.451218382674667 -0.320614932961805 0.20032915434132
-0.326497678316239 0.402751237209615 -0.276360602006301 0.0431409684740565
-0.595086030108496 0.245835522984442 -0.162255756588568 0.0551587966883291
-0.56760385801961 0.0855663992640761 0.0608379491031499 -0.175452925219902
-0.515030597165699 0.284480744326519 0.301160334748215 0.0672071089348391
-0.162372978878567 0.511243390462272 0.393224066030446 -0.209527625095147
0.256645021004736 0.466570999429938 0.147735077961758 -0.428652015133474
0.386080265990976 0.161133256632424 -0.127504511156291 -0.325640748909555
0.358351517046814 -0.0603697296695962 -0.194915349984928 -0.112636828515202
0.246879693982572 -0.235143609345245 -0.0940304758230706 0.00324136952504811
0.158796969487835 -0.271912768703713 -0.0210569014732554 0.0159958686345401
0.16094611434631 -0.276149792600644 0.0561909046085815 0.0428491876378861
0.281447124661286 -0.176202927556285 0.106123730328471 0.11176594725588
0.344117979328855 -0.0135977222524867 0.111464898590481 0.203461988011143
0.393689262002879 0.250745203392118 -0.0481954495265869 0.290297927620336
0.10256189207182 0.467989265602145 -0.241981841635395 0.243877203820509
-0.324496672640342 0.406323750251461 -0.204911135791277 0.0463724056454832
-0.605090208384189 0.228958521498948 0.0292439898692034 0.0361667710601584
-0.516247322825861 0.00768111759767365 0.30847022650275 -0.139672675895605
-0.535976133808799 0.190576681441845 0.42921394428894 0.0832847986202893
-0.241101208704305 0.464349081469685 0.448436205056021 -0.122163397040776
0.189580839214433 0.487355436482596 0.244040240760008 -0.328220400595006
0.363130638346854 0.192376527596021 0.0200846446702528 -0.281470461444104
0.350678075958654 -0.0348886434216757 -0.0495618142696858 -0.157709720390081
0.249870959504224 -0.217462669804556 0.00944571504875192 -0.0813955526055033
0.162461319781462 -0.266849236267661 0.0549357394238718 -0.0769929677725786
0.15641331312157 -0.269567249990785 0.125462466495308 -0.0489094358525695
0.262474404561872 -0.177123767693983 0.184709114058128 0.0339071347279381
0.326346262576952 -0.0167810791445454 0.204469292282915 0.157835947018189
0.36292213196622 0.241608158574603 0.0383783812586785 0.280522687241752
0.076146423052071 0.426593558243811 -0.172253559930768 0.256094107475168
-0.312959703372596 0.341857091396929 -0.145848859090495 0.0319733284632477
-0.540239448825011 0.159496497060319 0.192366004305591 0.0141077716806288
-0.362818974230314 -0.0535331989016191 0.518089202466351 -0.0820598257983187
-0.429193809564595 0.0741461570921383 0.521234557980509 0.104117442318717
-0.23786124841155 0.322894647384115 0.470185350623111 -0.0329088875916129
0.105364416509972 0.392891622514579 0.306440462763535 -0.219260357878729
0.272265756765908 0.169900978033769 0.140327646995289 -0.226221067517519
0.27595055917254 -0.0150229802722591 0.0789186873118572 -0.187400246014995
0.205813737169388 -0.169613112699026 0.0977499523751405 -0.154622104637215
0.137968156518989 -0.221015653507387 0.12253454274584 -0.157167636207053
0.135557307763293 -0.225550589879669 0.186778961896324 -0.129162806978426
0.218566239774996 -0.149599685004169 0.253847478360492 -0.028674008907417
0.275637141831264 -0.00557282282917142 0.275155219587596 0.125855917635427
0.283063654332107 0.224226902103998 0.0956500953845521 0.27265976245475
0.0176983376635665 0.345629853092147 -0.121775521875688 0.257101068822683
-0.288287122250474 0.23074204693647 -0.0995374066835641 0.0175860794995669
-0.417884175852252 0.05650809279246 0.318403998829323 0.00486002855042087
-0.141541239959831 -0.0985861839246514 0.645226891135618 -0.0251619946747937
-0.233320857923736 -0.029172215894531 0.564477328093446 0.106497579127644
-0.159583148423073 0.14373028094967 0.46483892373706 0.0249562330216472
0.0362842680575758 0.223324289963494 0.339652203825292 -0.144336033079514
0.143427212697188 0.10361028176083 0.212055373030894 -0.194165244104994
0.153698840954215 -0.000371440029814216 0.15966738806645 -0.211508627304344
0.12572661865974 -0.0976645313780003 0.154680423186223 -0.209367857431046
0.0908340333064161 -0.141365718615864 0.171098177566845 -0.214858374605484
0.0965638810658519 -0.147620814632822 0.235891100515677 -0.186036686516615
0.15173910341744 -0.102521345740715 0.313459545410067 -0.0669672165296623
0.198376136844203 0.00849414690215098 0.330967281222622 0.120297614658749
0.175126644896858 0.184348024056506 0.131661678203644 0.285934190529771
-0.0438702729962241 0.231597336094789 -0.0921249355390942 0.261600435884045
-0.234559722558417 0.0974650882113111 -0.0732235411054525 0.0129387784191278
-0.243579423940792 -0.0543717225634358 0.393238110886333 0.0163416300281204
0.0563314372501428 0.128200468312466 -0.457076078464995 0.0948380172620398
0.126397107279578 -0.00395848538979892 0.0596061820755904 0.120734965400661
0.0521424098890313 -0.118174742547266 0.128533689800728 -0.277028301160755
-0.0719400754968978 -0.085133816434156 -0.15916621395812 -0.37510094021707
-0.0794613254383572 0.00456393869933188 -0.421143009811362 -0.166948309738116
-0.0387532757215752 0.0259092768452068 -0.400202193032847 0.123772111896222
-0.0367778329032002 0.0372314697910104 -0.262579625362062 0.263436389658472
-0.035956093012583 0.0363595140958538 -0.171492357780239 0.277587899298849
-0.0311596226798401 0.00336555704236229 -0.135531759847008 0.282545380981309
-0.0200690817504676 -0.0238995083627011 -0.149928382010557 0.281016213821132
-0.00769087829376857 -0.0409803723171314 -0.224201826043103 0.249780726284088
0.0550055107857314 -0.0542743375007437 -0.352889153227907 0.169254193193016
0.0906725240261068 0.0293113676422075 -0.453811200730298 0.0286891779244121
0.0273128779535303 0.143431277568569 -0.503033752357458 -0.0929277719375407
-0.0521455121620783 0.15706872019067 -0.634170807083255 0.046571645303732
-0.142184098453926 0.207118965063184 -0.457839825013796 0.00743364145578184
0.00694875851360042 0.149995392438408 0.054405843845417 0.103551331584109
0.0845343263438095 0.0595309932101257 0.150143539663746 -0.295325999740314
0.0736541015417454 0.0101603044040111 -0.149814137415029 -0.422036990557077
0.0553663785745052 -0.00212832422919271 -0.428446538615964 -0.206976016493551
0.0657009960420749 -0.038307049225349 -0.41444504575855 0.104316585966689
0.0277750926522288 -0.0724048238380944 -0.265026881083387 0.246981756673223
0.0134460617079954 -0.073840282462046 -0.163921644688626 0.259140494647419
0.0421303007478252 -0.0972924911161749 -0.112393892365248 0.267353438483966
0.10814515550777 -0.0680160590543484 -0.116966739984943 0.27631143977428
0.128101493161556 -0.000606786048510038 -0.180476406601347 0.257877535433895
0.159961176312274 0.0946721337428834 -0.311983825627184 0.204231627983402
0.0515286688933693 0.212330868673855 -0.424591148685645 0.0872948278463138
-0.155082787189263 0.252458633614949 -0.434410365613071 -0.0205580313438456
-0.297742306197124 0.212401427609192 -0.525536882360428 0.0789527073802827
-0.33808494990741 0.235825175435172 -0.369362552615608 -0.0799610112234231
-0.16120554922463 0.281756812711418 0.0958262051850264 0.0790696766941074
0.0700437696134767 0.260446560721757 0.204778324603565 -0.308916184474973
0.212864174678044 0.149099547861011 -0.102216785665941 -0.467314275482803
0.205555527897626 0.0149261221307045 -0.393170608285024 -0.26036894249144
0.183333280621163 -0.087298553465088 -0.392728039030953 0.0531751688847305
0.102782119806474 -0.169361497479504 -0.23753413846482 0.192927697536877
0.0613703186268395 -0.175202466732476 -0.133400826466436 0.202336139645518
0.0934104181842917 -0.189421719865717 -0.0639712891071994 0.215634895329807
0.201665461049501 -0.124818668567477 -0.0456457237369414 0.246143186281287
0.243532577214667 -0.00180050564522967 -0.0873846867514997 0.26248063420329
0.284760145720419 0.180119975355491 -0.231688878566319 0.259188671520811
0.0796181202081677 0.359354554794064 -0.373234053785367 0.168435447173863
-0.254531563627487 0.365072836992187 -0.353499889020598 0.0421406475953446
-0.475449447685226 0.273507230172173 -0.354249398810908 0.0898355152971183
-0.489892860046161 0.210769364667371 -0.195278610519853 -0.147976528323144
-0.344724019624545 0.355398845345225 0.184619497203555 0.0549090089141114
0.000339628687882076 0.438011664826769 0.285771159987445 -0.296562645478349
0.304577665102677 0.308436976079332 -0.0120686971137026 -0.48135163404447
0.338028024770814 0.0592862841619374 -0.301737265937738 -0.302241389198751
0.288740847475455 -0.109780843691603 -0.32274190027593 -0.0183994449552235
0.172882999988744 -0.237255549663837 -0.179403239734636 0.108821864536606
0.100632465679506 -0.249648255243719 -0.0833974763864835 0.117716479044441
0.12034373218117 -0.258044649190417 -0.0037789182194008 0.133708514612581
0.251282368372031 -0.177539530824913 0.0385603043340351 0.183337558099416
0.317763030263179 -0.0294000751945603 0.0256964948251241 0.240169460872134
0.386269689624728 0.205871630017027 -0.123405607045545 0.293905139683833
0.134059869133672 0.440295904237841 -0.296669918912815 0.237172111791451
-0.28459642688429 0.438402412871915 -0.270640357138428 0.071486012486588
-0.563918159506328 0.309645785897799 -0.157986880083845 0.0704886006121064
-0.555596203090017 0.14590656847644 0.042969904359626 -0.178991301004368
-0.483170172792899 0.341986443381544 0.307878128572487 0.0392135844157052
-0.104640289845941 0.526921262020664 0.370343673684015 -0.247233480018921
0.313139831466091 0.43353397353415 0.101856422267455 -0.440940817785845
0.40614291742551 0.11503274348878 -0.161554374963709 -0.311861834740114
0.351486186845878 -0.102767615909376 -0.20530532126534 -0.0933962963704992
0.21882910948402 -0.262042677852831 -0.0957169775376049 0.0111194802426278
0.12506424670683 -0.288010674163835 -0.0220046879435049 0.0167265715420899
0.128107836348725 -0.292718884028871 0.0585827233297684 0.0344069125035152
0.260527500489578 -0.20749649549244 0.11838767315366 0.0997445880600945
0.341129146963855 -0.0516825043200455 0.132397055150482 0.190794688524866
0.423157387532555 0.203415756838335 -0.0156142996800301 0.293796364456243
0.154947670368448 0.454060655361654 -0.213878351572702 0.271858177318036
-0.282378750160192 0.441384240091892 -0.199094168275477 0.0675559310009571
-0.575017913779206 0.293704005622952 0.0301790389313354 0.0295323609435346
-0.512371170572032 0.0627396847158612 0.294513963366823 -0.171598323495498
-0.514142069207578 0.249209368767208 0.435589517803099 0.0402122120307721
-0.188860291106047 0.48761271472648 0.434281361918987 -0.165494710721784
0.246949663933348 0.461620916420404 0.209506689814671 -0.350783993564358
0.386907688785858 0.149168314488137 -0.00875116483816233 -0.283225692323426
0.346485270312287 -0.0764695021000855 -0.0655800472376393 -0.154050426055096
0.224596983929572 -0.245454645409229 -0.00200896146434442 -0.084969213029622
0.128744657473265 -0.282848705905148 0.0431048432705755 -0.0834470571676771
0.124153859562768 -0.285935889350128 0.118091317318786 -0.0650584217549483
0.241173766079256 -0.205575322668334 0.188961720817291 0.0136677203830707
0.323350968994895 -0.0538538767924458 0.219867263015837 0.134307270999967
0.390939213346169 0.198737903622368 0.0696644268542458 0.274495397075144
0.12322571942546 0.415254184592282 -0.142196877405942 0.278268811644798
-0.275094194515774 0.375532362942785 -0.141812788312623 0.0470611611365818
-0.518783958124582 0.218018581122425 0.191642410081311 -0.0105470977152582
-0.366014915679275 -0.0148504128273878 0.510408813346293 -0.138099192203297
-0.419542673461603 0.121324089115855 0.531794199920757 0.0501630575126055
-0.201200255965371 0.347560260047642 0.465258731699485 -0.0792651253301812
0.152644546076644 0.376065490321004 0.283440297697345 -0.247355278968822
0.29230801119053 0.137337812218847 0.117561887191229 -0.240697838477149
0.273996229035619 -0.0477579230919813 0.0591686596097889 -0.197745744106916
0.185558093658286 -0.192190077466594 0.079581042992152 -0.168011353294428
0.110113023306189 -0.234404015854778 0.10173791011611 -0.172359234779355
0.107764803534858 -0.240131898057052 0.17032902218738 -0.151083769905322
0.200257551649126 -0.173429148239024 0.251348355629605 -0.0566708135020372
0.273506821014791 -0.0367073657892624 0.287682298368704 0.0956129007917236
0.309297226801181 0.1903459090095 0.126117152260043 0.262034529287663
0.0546739485915699 0.340565277564581 -0.0918687048177164 0.273770207607819
-0.26367500072918 0.260696865947867 -0.097826372145048 0.0286700433051974
-0.40638817126686 0.101580088595701 0.315865389694163 -0.0343216189818843
-0.149962374975881 -0.0835764402832517 0.64427003734391 -0.0962604887683828
-0.234395400755116 -0.00365779996885417 0.575318571610462 0.0492705298165791
-0.142987522157239 0.158444118512935 0.467626162107208 -0.020247393429489
0.0630731975074188 0.215836965271141 0.32529766194338 -0.177321400176582
0.154930318124821 0.0872302871823962 0.192624879731802 -0.216166100099808
0.154036804214105 -0.0182892297635638 0.137662058401333 -0.231285774139187
0.113616275658831 -0.111042999675181 0.130209796051729 -0.227634822326062
0.0723410701216011 -0.150620884807877 0.144250529776728 -0.23446253065913
0.079054313833709 -0.158594478073062 0.212712400648657 -0.213447411886225
0.138420498080439 -0.118546334306948 0.306710299061765 -0.100027890750253
0.198376463314156 -0.0136921089045689 0.342667012377344 0.0848415377039993
0.19576442522222 0.163141670868145 0.162850058206239 0.272779730414754
-0.0203998961703768 0.234018908099978 -0.0619856884200777 0.273612619310318
-0.222770821610384 0.122476841993141 -0.0722200398510709 0.0206660839137364
-0.244602132413266 -0.0280472832896955 0.3918794413846 -0.0321773773678566
0.0647178273357707 0.115872707564137 -0.428635447612813 0.134980152143042
0.121133917927681 -0.0142153428908539 0.0714149216124036 0.112530306114121
0.0392061711263644 -0.11724956537104 0.102384917771982 -0.277756254386259
-0.0762909284593003 -0.0759244783151745 -0.183351648482201 -0.34649834887771
-0.0753014698676205 0.0106686978227243 -0.418638606073463 -0.125263975912576
-0.0354464998109304 0.0276415381811678 -0.373722672765968 0.151463688727198
-0.0317051503833944 0.0380227969900549 -0.227403361427131 0.274891045453674
-0.0297795834168473 0.0378929278213327 -0.139835572032499 0.283185292842849
-0.0289045123005605 0.00500376208166518 -0.104969756555142 0.285225975261282
-0.0201588374375486 -0.0218817314542995 -0.121133899805709 0.283746847667195
-0.0103683123951873 -0.0378739269166193 -0.194829313276828 0.260438059339549
0.047942225241271 -0.0564759386257354 -0.325889346872127 0.19105901749161
0.0903604927490513 0.0222276689636129 -0.433095441777191 0.061900603765353
0.0407279700898935 0.137604188368785 -0.492685812511391 -0.052207099513237
-0.0362807027166485 0.153095008138236 -0.607902704761005 0.100149420986374
-0.119009078840756 0.209006239452784 -0.437492501074641 0.0513548254234024
0.0204922589350768 0.144391265727146 0.06359039901881 0.0982374007229338
0.0865690889527702 0.0495412052906827 0.12136682317965 -0.295646194795793
0.0736233695507197 0.00130364152710876 -0.177296271116077 -0.391737489245485
0.0534015455222398 -0.00838650978463611 -0.429168039122456 -0.164326491046667
0.0588067743613567 -0.0434758552698731 -0.388943694606823 0.134201917787383
0.019709802982355 -0.0723154717822085 -0.232366004690806 0.259014796601408
0.00712495282789317 -0.0718622352999511 -0.134838363907257 0.263467538929587
0.0318599158580462 -0.098227320238207 -0.0856285199471377 0.268302363778662
0.098819023732587 -0.0753424287362715 -0.088486344279905 0.27599405299844
0.123586978647811 -0.0110830400357906 -0.15320580916317 0.26433954746182
0.161689611042515 0.0762309409712637 -0.282451766575366 0.222058511536338
0.0688042918028287 0.200090073249468 -0.399880061863859 0.117232582143195
-0.127713819539232 0.257841229844402 -0.420734249568623 0.0132070269651997
-0.266343364441573 0.22669908186696 -0.501574424215431 0.119849143595574
-0.304279232764825 0.253505695614864 -0.360754299650295 -0.0404774006864065
-0.130465408537326 0.285265983625682 0.0997098485230057 0.0719320556102136
0.0904287702242471 0.242781148270338 0.173438511112161 -0.311279380573672
0.219972388394903 0.12167056807392 -0.135426217905817 -0.438835661092983
0.199919625214558 -0.00656182682206694 -0.399464517666356 -0.217709724002853
0.166234128157995 -0.10183971357317 -0.371826809887448 0.0834076295971826
0.0828252586592036 -0.172378516089598 -0.21203251982351 0.204490015552766
0.0428327008293085 -0.171927768741139 -0.111150762548915 0.206421955004927
0.0718048025521848 -0.19063062113847 -0.0437228906430386 0.213863835850464
0.183094893586956 -0.137975007489292 -0.0225352071550047 0.240027744821435
0.233900432244961 -0.0233922212660242 -0.0638414847613896 0.260784179810064
0.290845529482654 0.146285404835393 -0.200520444897304 0.268352095207181
0.108698352161144 0.338152236521266 -0.343762775865113 0.192836269195795
-0.214500361609184 0.375329916634481 -0.336137974403739 0.0666564843117214
-0.429280920368191 0.302837265859738 -0.336145589269704 0.115787847631525
-0.452413428231237 0.243026621281608 -0.199095359380523 -0.12102786048547
-0.300816624504041 0.373152360485735 0.182819347694182 0.0414980895858153
0.039951067248721 0.418867527038585 0.25152545671651 -0.305289963062699
0.322640982264224 0.265525307976984 -0.0513858399077217 -0.459216492575068
0.331407544831422 0.0245780394982886 -0.315270065197265 -0.266972934194839
0.266353424983557 -0.132977091499014 -0.311691507552606 0.00812661655399566
0.144711969529184 -0.243127571280308 -0.164195812362945 0.119121388864127
0.0725958768417584 -0.247205572720449 -0.0717318592954811 0.120446226183151
0.090710793234951 -0.258302159767442 0.00639968281329334 0.128793091617718
0.225371611642009 -0.194064263628129 0.0531730519547683 0.172821072891802
0.30257018592055 -0.0556555034321578 0.0437301952631943 0.22891752019122
0.389592713800102 0.161780052141465 -0.0918081718474685 0.291499917370152
0.165941609026579 0.408988605331001 -0.263552628828092 0.254129312380348
-0.235709175821082 0.448177243943729 -0.254035709306272 0.0879465003533804
-0.512159803987239 0.34472949997236 -0.149299331101124 0.0796254570619523
-0.52075993647203 0.186490838864471 0.0262908883378908 -0.17283261994564
-0.434300294016026 0.371581948214286 0.300252111956328 0.0164817203758929
-0.0535246925157002 0.512493805399562 0.337178495980381 -0.262713711411834
0.341570819886093 0.382967658992075 0.0631772591336368 -0.428648058241346
0.401548443649457 0.0715231950900848 -0.181054518228704 -0.287917621304298
0.327544468905619 -0.131860538824476 -0.204573814894072 -0.0743762491017965
0.18642932030236 -0.272463831867586 -0.0922594402100927 0.0177825698718919
0.0921275581187297 -0.285940201452116 -0.0216539065602956 0.0181211903714118
0.096327728449712 -0.291637150361774 0.0568576562261609 0.0284678129446209
0.231937963817711 -0.223415756987173 0.123102560526903 0.0855068295374201
0.323388085683339 -0.0800384099240128 0.142348158390474 0.172446975124676
0.42569156350406 0.155928034424574 0.0109883054701828 0.281627932971303
0.186650765699033 0.419211122315602 -0.17869454556894 0.281600816917042
-0.232713898683406 0.448558146989961 -0.186277121793773 0.0808365865788248
-0.522458485423868 0.330192199539303 0.0290241196540988 0.022771358627236
-0.485567655655342 0.101546098057117 0.270199346780386 -0.187973152195244
-0.471867202794517 0.283713410779488 0.422490224559103 0.00581619767866862
-0.138035372480503 0.482802300616104 0.40622732673338 -0.190466935087097
0.279122106083341 0.416741552888029 0.174004117891002 -0.35129625052592
0.385891321706633 0.106900114497992 -0.0300712725371772 -0.272729434071321
0.325551020345345 -0.106847232437496 -0.0752812041181984 -0.145360183114081
0.193094323759968 -0.256133444008546 -0.010777926601995 -0.0828376003939613
0.0949210569982111 -0.280982678889273 0.0322417305750293 -0.0849153652858333
0.091736197432961 -0.285061102136407 0.104864729203267 -0.0721088422853471
0.213694457388189 -0.218691389731589 0.18305983102589 -0.00363462929775553
0.30517450475731 -0.0795663850428401 0.221582552436207 0.110259932015503
0.394378739975691 0.1540512096395 0.0911641904521277 0.257329644661787
0.153105894475945 0.385453321772435 -0.110552041617439 0.281779978681861
-0.233292783152573 0.385422947462813 -0.131734517949335 0.0565995470698243
-0.474468932911649 0.252625913870613 0.180470625728226 -0.0306760249222649
-0.351470945232775 0.015012332112462 0.48030377925499 -0.17539679193105
-0.391942923987398 0.153001385721637 0.513708048862046 0.00639492997921678
-0.162330538886202 0.348184377559353 0.442208933053902 -0.110244611064599
0.181378651635359 0.342573009427185 0.252593082077157 -0.259471914886616
0.293446821493288 0.104682252305737 0.0951869800880419 -0.242427097332312
0.258442806003836 -0.0712351539021184 0.0411439995306486 -0.198586821866481
0.160671616097874 -0.201218429656726 0.0605648108245434 -0.170726487528644
0.0814088024318051 -0.233065710431616 0.0800443052157703 -0.175710696965407
0.080686163656657 -0.238974742725219 0.148176962021338 -0.160183724667732
0.17612380996693 -0.183462471273711 0.237253057648304 -0.0764425559388449
0.258980449256942 -0.0589697988231317 0.283453847895147 0.06708502472047
0.31421425647256 0.152845082162112 0.145183006690909 0.240178494292131
0.080073661630545 0.320614556401148 -0.0619726373452938 0.271827146117098
-0.230880162396172 0.273640539750745 -0.0913365011727946 0.0351491156810122
-0.377508123625729 0.13077740894933 0.298056785925208 -0.0639381324846035
-0.149966029893157 -0.0680362976485712 0.611540026490928 -0.148161628616188
-0.224058675850851 0.0155950506966586 0.556310747359034 -0.000435524636378149
-0.122697259048636 0.163265903061828 0.449179350276625 -0.0552209479755154
0.0812437203145147 0.197722760290801 0.29949959367336 -0.194878525849497
0.157024860337958 0.0690447974169816 0.170427720492157 -0.224469749711806
0.146255135405031 -0.0311072496932533 0.112865351964303 -0.236866854921377
0.098924626108961 -0.117056355309755 0.104729820643143 -0.232338499631589
0.0537314859211872 -0.149808060874007 0.115142802508499 -0.238973813877203
0.0590040320816027 -0.159469192296533 0.184527545350662 -0.222586265459543
0.121484892097753 -0.125393818225369 0.286684100842409 -0.122899936872183
0.189146885626965 -0.0312753327233509 0.335605486785511 0.0528848096343468
0.203186641532473 0.137602242615095 0.181251385005693 0.248655249294252
-0.0013972173882346 0.225600243611417 -0.0352886207365166 0.269934210357111
-0.202544744390616 0.136003183737554 -0.0677198387267589 0.0257545975497372
-0.233437806431844 -0.00724796050090849 0.370486322143813 -0.0684045708509269
0.067066307070924 0.105301999270525 -0.400022714607756 0.153314973367674
0.114917785043536 -0.0190170958179441 0.076413740374026 0.105856406309429
0.0317042284132417 -0.113009739788798 0.0869921062746609 -0.270857513911518
-0.0763330165264039 -0.0695227449195002 -0.188458901236611 -0.322954447799383
-0.071342678195396 0.013268581913829 -0.405342162134213 -0.10040723089788
-0.0325396710197315 0.0275208674406528 -0.349243090364951 0.162185634332787
-0.0287663116181492 0.036822123717251 -0.201879274906478 0.272236583035558
-0.025015262347961 0.0371832697520192 -0.118410464756493 0.278791716345561
-0.0272483712735686 0.00558809519431151 -0.085437396726012 0.278985089477555
-0.0197186886973574 -0.0206693781763778 -0.102483943591333 0.276764505941859
-0.0111061010779976 -0.035558696540809 -0.17420904987004 0.258385726756561
0.0431095977868265 -0.0561542172978215 -0.302979805961889 0.19708349069472
0.0880139768275375 0.0188022921079748 -0.410147197681788 0.0749469368457225
0.0463426306525637 0.131049049961616 -0.474607950063904 -0.0313402181292157
-0.0275801639139728 0.145707862208209 -0.578748170316538 0.125679351771484
-0.103921677491373 0.203130584811442 -0.412919005946644 0.0741198401739518
0.0262376567304602 0.137768283407015 0.0684004951480758 0.0931913044325418
0.0850626072340644 0.0428302501219815 0.105452710568523 -0.288216385509599
0.0710102831632854 -0.00456401168181891 -0.185869895910947 -0.36538761258511
0.0510429310714031 -0.0119664934284683 -0.418157438498954 -0.138366117693964
0.0524357521428008 -0.045135652425704 -0.364454035003913 0.145322202213153
0.0148440223661551 -0.0705814804438228 -0.207355184447395 0.257701793914164
0.00342686163577593 -0.0683378145359275 -0.11559610192836 0.25962077694535
0.025099236670129 -0.0956883862521069 -0.067936002064776 0.261944959710849
0.0916577118762428 -0.0780776479892616 -0.072167274664041 0.268511672243102
0.117443768819732 -0.0164905045945998 -0.13389581278423 0.260311255004874
0.159310058273359 0.0644355713960107 -0.259472106302291 0.224129396193357
0.0764951391504802 0.188215339728283 -0.375437206035563 0.1272947230456
-0.108255210745844 0.253833699724892 -0.401860340023411 0.0273002392936789
-0.242561912569656 0.227375033949586 -0.476053843217233 0.137980423557452
-0.279265684842103 0.255059303786444 -0.344781735845928 -0.0168476638805088
-0.110090487880395 0.28077239610027 0.101498914699019 0.0679551307062531
0.0992340734077783 0.225807380906679 0.154451583759776 -0.304052353116511
0.217911097378429 0.101344503954959 -0.148063004003056 -0.412493805207437
0.191111226136294 -0.01835070357806 -0.392810732368659 -0.190162126843376
0.152149248727113 -0.106765944525149 -0.350828445978686 0.0957809773267703
0.0695681548534386 -0.168878246239695 -0.193049609632488 0.205229656396724
0.0312121302986911 -0.16529565659532 -0.0957755212620084 0.204339352464612
0.0582926024944546 -0.185243181723665 -0.0316309395066594 0.207467896118064
0.168516853942797 -0.14197848085109 -0.010284317069007 0.230990030554787
0.222908202061199 -0.0341332844656774 -0.0497457634370779 0.25301511943392
0.284967774759796 0.12361588070028 -0.178762564849034 0.264727362543013
0.120644482598699 0.316019182486119 -0.317599916214458 0.199537542459768
-0.187094028523689 0.370212461641633 -0.319067817187635 0.0755238078585189
-0.39389284635551 0.306399635758489 -0.318658951746395 0.126117798615343
-0.419656755266373 0.251932772913935 -0.193979141001147 -0.102067857498687
-0.268277543573798 0.371521276588813 0.178111546801422 0.0357686894060625
0.0593007075345897 0.396367175815998 0.229453073285485 -0.299413462179045
0.323001318014257 0.232727736395873 -0.0673370115601567 -0.434312358865096
0.318441993714289 0.0031274879260421 -0.314540246697345 -0.241738686730827
0.24625566973402 -0.142186889886415 -0.296351048269101 0.0206381074881208
0.124003157114304 -0.240486370607542 -0.151658358287244 0.12158698619017
0.05530452249677 -0.237958899920839 -0.0628384057157641 0.11987257945194
0.0731847476602229 -0.25067799430548 0.011083396059631 0.124267958480738
0.205618924298984 -0.196704931972232 0.0594443756246899 0.162891106144385
0.286308849979446 -0.0689011733419345 0.0510381710058364 0.218144835307049
0.380855567641284 0.13164688165075 -0.0742940601059398 0.282657687647332
0.17837108678487 0.380760152113083 -0.237227926610774 0.255777698764172
-0.204633960644265 0.441294074768491 -0.23921136490502 0.0936386069127979
-0.47026510862899 0.35076391450809 -0.141487979335541 0.0816207770134247
-0.488914790162554 0.200601882329573 0.0188814369733348 -0.163956354580353
-0.396023713058628 0.376729161667305 0.288044832292766 0.00633262167520461
-0.0247381323058066 0.48862443392677 0.313422426145936 -0.263394479952262
0.34672887620506 0.344113501126168 0.0437204228378709 -0.410368605478341
0.388060937185817 0.0457620329236194 -0.185462161986698 -0.268703922627208
0.305021618735091 -0.144008326401865 -0.198906560474365 -0.0626502945976049
0.162994163631142 -0.269821878679003 -0.089300087447803 0.0207321356945712
0.0701524651711487 -0.274999203972511 -0.0205599731012665 0.019616899742942
0.0750159324932322 -0.282690309522609 0.05405776135569 0.0260204686286967
0.210381812021113 -0.224901640558864 0.122153255539847 0.0754795964980959
0.304825473637611 -0.0928047957849304 0.142699429435321 0.15904145116761
0.415037540503193 0.124656256465826 0.0245974651642739 0.26823959710757
0.19913620954795 0.388982027982108 -0.155886560411635 0.278297449883783
-0.202483974875732 0.442402856526816 -0.173609468542759 0.0827816342769981
-0.479605083038852 0.337339047773104 0.026121765854586 0.0181548381735457
-0.460590097967182 0.120308628566207 0.250665284965881 -0.191111915106232
-0.436210824286093 0.294450919970745 0.404066422030764 -0.00972911663729605
-0.107199069776584 0.464684382004076 0.380481098960472 -0.19693488140174
0.28950937177557 0.37872862849069 0.151977483594736 -0.340871413646615
0.37400815872858 0.0812038518093568 -0.0407475309335794 -0.261190124134279
0.304604329773226 -0.119332123516297 -0.0793130618990966 -0.137233342043065
0.170221385792823 -0.255774678845607 -0.0163015556068261 -0.0801319927580039
0.0741091286280236 -0.270678688616982 0.0247749745813758 -0.081768263306536
0.0719735216981426 -0.275922675814639 0.0950413769066729 -0.073083258679669
0.192015495419107 -0.21964178396426 0.175845665117978 -0.0127039229385401
0.287772868409906 -0.0920345129849699 0.215357452710001 0.0961471869445359
0.385012126765117 0.124772179139237 0.100036010749899 0.239844675334079
0.16426039389085 0.35862830473001 -0.0890916465744589 0.275699213454792
-0.204939877997188 0.378882590281841 -0.123488294618187 0.0584661783727994
-0.436435687154194 0.262308478276265 0.168516013953549 -0.0407598716141304
-0.33451067176534 0.0305057535975851 0.451262761240636 -0.190598383264193
-0.365992611073289 0.163902956434355 0.492292131864794 -0.0149907631999753
-0.138094808679031 0.338027450087829 0.418975835335364 -0.123177716291198
0.191175100987352 0.313626591753286 0.23158200589019 -0.25733596739999
0.285599989294848 0.083303897952843 0.0820531771774268 -0.237614094232193
0.243422765579697 -0.0816936492240208 0.0291813056954232 -0.194345429282221
0.142338872193881 -0.200683364172254 0.048093410980929 -0.168187583522371
0.0634072501123956 -0.224658361629564 0.0653475523977033 -0.171493327641045
0.0627199323785209 -0.23190444482049 0.132134925884892 -0.159270008183342
0.15861718432363 -0.183616904358655 0.222826898706672 -0.0853377813954647
0.244476626681169 -0.0703475804450567 0.272266957310823 0.0520771223619396
0.308903405185458 0.128136653785235 0.150059685926234 0.222049001891443
0.0898311886350962 0.30112863959574 -0.0436270241859047 0.26390681142724
-0.207911423360279 0.271968660777888 -0.0864663352845754 0.0368189166538897
-0.350030823719722 0.140734592042323 0.278617991878301 -0.0790000635232365
-0.145480422203789 -0.0587004286546723 0.578002366671974 -0.172037058995717
-0.211448146626109 0.0249573492669177 0.531356115103826 -0.0241299309089662
-0.1093142534405 0.15967145303481 0.428157779335523 -0.0707187399908038
0.0874745140354383 0.18127092736711 0.27824125647692 -0.198833758403918
0.153740905485039 0.057748868644086 0.154299145507785 -0.224201062502654
0.138396092005592 -0.0373464724981425 0.095671395137093 -0.23387042596333
0.0882848859461145 -0.116173654303565 0.0877581595038568 -0.22969806992851
0.0419132975286387 -0.143620478819293 0.0955721570089542 -0.234391094405206
0.0460674542491602 -0.154085793864266 0.163999317546425 -0.221130268041333
0.108965337704532 -0.125005006175099 0.26825926183955 -0.132475600564691
0.178436396752607 -0.0395703187382388 0.323001430883033 0.034981500221216
0.200780461376017 0.119630357894103 0.184688152981051 0.228381152262855
0.00731372630962719 0.214916395366892 -0.0187870098593474 0.260850834578906
-0.186883795188208 0.13876101706332 -0.0643018599166487 0.0271363088943132
-0.219584767841047 0.00260199266007189 0.347275752760373 -0.0871216821190643
0.0667806945937954 0.0992503357698352 -0.383085423172392 0.161890209722166
0.111882859187787 -0.0206865239509757 0.0810142079859786 0.102229409986954
0.0278765654548616 -0.109626783241044 0.0804550975380166 -0.26706336116467
-0.0757529633341909 -0.0669438670504491 -0.188682719875691 -0.310891119688242
-0.068845035398059 0.0138613013912602 -0.398295104377175 -0.0905065528578367
-0.0322285428543346 0.0274664420419235 -0.336738849510731 0.163983345693621
-0.0277150624807597 0.0364158992605786 -0.188048062153866 0.26828660680616
-0.0223451113783767 0.0364357569461367 -0.10727166274251 0.27526926456457
-0.0264995582361224 0.00536141227920596 -0.0750920721656549 0.276382551361409
-0.0192538227237783 -0.0201336936752058 -0.0943153820033497 0.273911314550306
-0.0114791701072944 -0.0337287436346326 -0.164335692100982 0.255976422734568
0.0403007539212184 -0.0552326161298883 -0.291852643186737 0.1975509478051
0.0872608227911251 0.0175050374180702 -0.397994087141582 0.0774442991684241
0.0499706028341247 0.128506882854165 -0.465248925136208 -0.0239752605792512
-0.0248224767448873 0.140826480802264 -0.562883664266899 0.136304246624094
-0.0976735301065458 0.19870785604535 -0.397904427143604 0.0851698391801819
0.0293875631853014 0.134491152811986 0.0725920508481726 0.091949785722211
0.0843292151326474 0.0395764676292743 0.0992327133894514 -0.282963742437807
0.0689104448163282 -0.00862180632579073 -0.186548303795374 -0.352536612218948
0.0499240096362402 -0.0143264650139962 -0.411037741207617 -0.126233602856448
0.0490753276698942 -0.0456113743086418 -0.351224966489028 0.148784591343888
0.0115408913663014 -0.0700243751471609 -0.195224783312171 0.255271915464664
0.00229699500859532 -0.0664272876766231 -0.105284692678528 0.257476331334033
0.0215845263101231 -0.0940439783405436 -0.0590906446483895 0.25843287041666
0.0876510386331091 -0.079351274481087 -0.0639352213829211 0.264133260286067
0.114748982461984 -0.0193106080181264 -0.126385808317476 0.257982243813234
0.156129891619577 0.0575414087641024 -0.248870755636639 0.223837833769425
0.0794832484217146 0.181780046748487 -0.362283825922424 0.129947743955544
-0.0996492996991788 0.252643375982434 -0.392483627603159 0.031319228614537
-0.231619568728161 0.225287347912061 -0.463463462144639 0.146737227264787
-0.266762569767431 0.254172140443956 -0.333287540341832 -0.00559467987028108
-0.100173131958398 0.277199664881138 0.103782222747864 0.0682878128440071
0.102569844541076 0.216563871310884 0.146842795623641 -0.298973350740243
0.215116385069829 0.0889508638320397 -0.151277620615098 -0.398279732524938
0.186215306509956 -0.02426642321901 -0.388301113812186 -0.178030987750375
0.144891724539651 -0.108546685583619 -0.338736735338217 0.100888743353689
0.0614229654408857 -0.166955513358723 -0.182113396179925 0.20456214332166
0.0250534548615033 -0.160464994201166 -0.0884231259875948 0.202523808850738
0.0507625673735351 -0.181741339989938 -0.0256648728509422 0.204921356242717
0.160769068908466 -0.144048222965379 -0.00451804777983703 0.226344858724048
0.216482264184441 -0.0388488466939218 -0.0436736423391948 0.249948582283506
0.280650509121098 0.111028075102348 -0.168117698614895 0.261414520910961
0.125261109286794 0.304014856889366 -0.304673984499869 0.200904197091915
-0.173651520137979 0.366912847099949 -0.310269912369773 0.0770955153617883
-0.376150590063532 0.30645610850111 -0.309995131113137 0.129347354535529
-0.404213110353833 0.255236850053088 -0.188672556492824 -0.092711088340895
-0.253045027475144 0.368677933746299 0.177962736660592 0.0357417471770619
0.0682327464117101 0.382808432231275 0.220843253537654 -0.294946672580439
0.321121761362942 0.213690442523935 -0.0719178748923971 -0.421311097757501
0.310991097958809 -0.00665152271018435 -0.312552408277647 -0.23017161203586
0.235245783698994 -0.14540831759573 -0.28836886333793 0.025621821219083
0.113572623281567 -0.238243742399186 -0.146121632942628 0.12228136748555
0.0452490939711549 -0.231926119218395 -0.0582372483091337 0.119575442001982
0.062849713641734 -0.246123468103489 0.0132719562628293 0.122864849186172
0.195280110653471 -0.198188388735907 0.0615219544042283 0.157478203212704
0.277139355520617 -0.0753622640413665 0.0538223382417157 0.213554020430618
0.374416573379789 0.115512662920795 -0.0656716027833629 0.275883158458021
0.183572556869035 0.364949379540186 -0.224470937007844 0.255041137076298
-0.189189425758356 0.43672148116353 -0.231956535926564 0.0931321591584457
-0.446852778767704 0.350576761758595 -0.139140791165283 0.0812201423928378
-0.473432272870118 0.207097552963419 0.0164585037253758 -0.158899954228229
-0.37739597507825 0.376462225609876 0.282539069051021 0.00444246594831896
-0.0114806088938838 0.475153638275428 0.302559772405141 -0.260849588223657
0.34716032495821 0.322775584113686 0.0359953552364084 -0.400908910710893
0.37961300909325 0.0319140235087457 -0.188154413065218 -0.259890190774556
0.292713315108469 -0.149544317296348 -0.195684958567466 -0.0580980029973677
0.149769833919566 -0.268191334424676 -0.0876877062022093 0.0219454755629307
0.0593782790150585 -0.268304135398547 -0.0203852197539969 0.0200927381130002
0.0643368346610553 -0.276693183377715 0.05255461011124 0.025654575419311
0.198627269381405 -0.225162689577088 0.1207896656823 0.0704017312405822
0.294899745417588 -0.0987349298681757 0.141245156812082 0.153047809665889
0.408572981576009 0.108035221395742 0.0300865670928094 0.25985218231527
0.202832927405285 0.372267942198021 -0.142974652968263 0.276437505939148
-0.187852061567129 0.436859524139469 -0.167952740908492 0.0820725744186085
-0.456306517252682 0.336445190923471 0.0222280673588734 0.0149646688366326
-0.445348231118749 0.126571924370859 0.240757114875278 -0.191932590761614
-0.419297540154122 0.297413734815124 0.394577305921941 -0.0158542570044491
-0.0938625573678685 0.452423728586036 0.369507409268369 -0.197964532111691
0.291479052553574 0.357926348660494 0.143654121202847 -0.333759654012093
0.366653823572962 0.0670791450352542 -0.0450496908519851 -0.256426172684789
0.293795085751073 -0.125269839632713 -0.0806072220602786 -0.134103050129883
0.158566566362457 -0.253611778819212 -0.0191578206658644 -0.079100075679251
0.0621805955171539 -0.263666190451663 0.0205999966567211 -0.0807135377767143
0.0608528243150092 -0.269708943311574 0.089438204345696 -0.0719152385027527
0.181183093128481 -0.219053144005969 0.170589371902521 -0.0169684643659339
0.277954672894956 -0.0974095494178738 0.210759606455964 0.0904293305403049
0.379732737975053 0.107736480175164 0.10313228030113 0.230557973500463
0.166999394926856 0.345244327800096 -0.0779115719452638 0.27158503868729
-0.190884917361059 0.375782431471765 -0.119568416115898 0.0578201982001461
-0.41671782801623 0.262184770006791 0.160565495441758 -0.0464915168032734
-0.32510676150744 0.0367121140696137 0.436348501292587 -0.195165197660667
-0.353147151753276 0.168212533013735 0.479676809908644 -0.0237257712092533
-0.125668710009126 0.330397277530171 0.406826011648893 -0.127367197687573
0.193944435291751 0.296880267416971 0.222555472848111 -0.254653946944158
0.28124589378509 0.0726816145900043 0.0752790978080193 -0.235756143649907
0.235363151377269 -0.0866841153080344 0.023623868350782 -0.192190413877792
0.132508491502033 -0.199443208263104 0.0412377307169674 -0.167257422606739
0.0535798341441998 -0.218426730658236 0.0577922143814658 -0.16952590902501
0.0529284005575529 -0.226784456030381 0.12362102555157 -0.15772630392382
0.149578467991509 -0.18272524997259 0.21499488550665 -0.0892287166607759
0.236515145090917 -0.0747740113591658 0.266163567348533 0.0457182264755183
0.304822919781712 0.114622008303275 0.151289338078323 0.211893049051443
0.0936730002603321 0.291380010017368 -0.0351240871954496 0.258866538850116
-0.196281182471368 0.26964397000171 -0.0845027519469351 0.0367288125898724
-0.334801344409877 0.142578734563101 0.266740476590873 -0.0869842674490553
-0.142602288868108 -0.0540784645224222 0.560059643357542 -0.181710848723443
-0.205130128073896 0.0278459714444499 0.517449559891692 -0.0352898103121848
-0.103051098788351 0.156887999899667 0.416027473145004 -0.0773410652395285
0.0892688718026568 0.170523561451083 0.268356267623691 -0.197877177020741
0.151660628594046 0.0518023849567438 0.147072983814631 -0.222467009159106
0.134005242437249 -0.0407785285767746 0.0872927531336498 -0.232089177204655
0.082360956446533 -0.115031030044867 0.0781044702208724 -0.229430845927466
0.0352185477059532 -0.1391454634831 0.0846112814468637 -0.231680412341606
0.0389658934797547 -0.150949875923538 0.153531950938946 -0.219580087278512
0.103025961566252 -0.123383524945834 0.258173744636122 -0.136707166996292
0.172475005324963 -0.0441916975522548 0.314160590350446 0.028681401665292
0.1989769816637 0.110388098448204 0.18555686383732 0.218551133624016
0.0104586848209032 0.210146471581881 -0.0116678789360295 0.25437066024777
-0.178019307791969 0.138066251832842 -0.0637471066190175 0.0274312068248771
-0.211944583078607 0.00450194489643006 0.332779800394992 -0.0959595471269756
0.106074642406736 0.0635805596433326 -0.267732360589347 0.313649556972889
0.0912333800077014 -0.0667154526434268 0.122024063370571 0.05196867256892
-0.0237836061844598 -0.10718055698149 -0.0500731265044278 -0.278793189127583
-0.0969544617596226 -0.0208664990141212 -0.313868779596701 -0.197147968075807
-0.0514829542294107 0.0463583091214114 -0.399327408716134 0.101502246266959
-0.0143455278719206 0.0393630547526558 -0.228220774103092 0.29908916600183
-0.00942698143845808 0.0449523753401568 -0.0475335219546259 0.325033407347602
-0.00329843965450043 0.0408726083996988 0.0312315816560554 0.296272991832384
-0.0227084861206665 0.0170041066561632 0.0608324224992595 0.282532111452343
-0.0254391389139026 -0.0106020571104591 0.0402670890163814 0.28898269064056
-0.0253072041007115 -0.0239539957240361 -0.0311386859862593 0.301020620067724
0.00754328316508763 -0.0631298609881739 -0.170221161082518 0.30708988140383
0.0840905943555187 -0.0229737714212158 -0.320596776649021 0.246023391211523
0.0985916065945323 0.092666932802815 -0.437129557661458 0.182563822186723
0.0376469488473881 0.142593909094636 -0.458841644149077 0.368574648774752
-0.0015142271055546 0.222657153497459 -0.313571205314703 0.259314326420438
0.0828902721869703 0.106573408087804 0.114200958872155 0.0502803295449937
0.0881479192929907 0.00280469455538349 -0.0315268574877041 -0.302469533377388
0.0541183420485903 -0.0328355277496527 -0.323008797251708 -0.238156491963225
0.0415277007755123 -0.0297651859057533 -0.426077465896653 0.0704010626131358
0.0266079712818094 -0.0610773881397598 -0.247957224338519 0.2884328095168
-0.021438884270335 -0.0661984547348465 -0.0599574561773771 0.313937184347319
-0.0251779384539438 -0.0629952743239713 0.0250113280638574 0.279084954130501
-0.0232359444098237 -0.0946760049149558 0.0686318136818642 0.260153554863195
0.0455579717179533 -0.111879241751178 0.0670729717874875 0.268081251456794
0.0979327859047255 -0.0667202461672291 0.00451014798315769 0.292478050247566
0.161997511418055 -0.0144008794018739 -0.122479433778144 0.322477712114966
0.148949380620247 0.13247842663008 -0.271292406413928 0.278791774909422
0.0189067404457173 0.274205754177107 -0.355339021649025 0.193604128529049
-0.111400852792594 0.317827176420789 -0.36723142396942 0.320889481190474
-0.133370678108918 0.342752608296186 -0.296275144480573 0.15615993424695
0.0262845810726548 0.287664643420935 0.134925855619948 0.0201728117055554
0.177689649079273 0.152082800141523 0.014361828977443 -0.334435632546782
0.22280236879677 -0.0106602172208206 -0.302327819643768 -0.297668870886838
0.157197380334564 -0.0972650108221312 -0.42829825442877 0.0078985539216987
0.0845266193054275 -0.158931478600871 -0.259234757330539 0.23699132416861
-0.0186416367416109 -0.175366921269801 -0.0713760689404026 0.259111141148554
-0.0449120497907753 -0.158354086555237 0.0158010558199879 0.221355943433031
-0.0341079615359298 -0.187177136591818 0.07472429385414 0.196140947266333
0.0836092995212815 -0.203033597247754 0.104864466445624 0.206988376504124
0.182980296496664 -0.130845030316224 0.0762517906450514 0.253854940647066
0.298458099931308 -0.0227769002102961 -0.0330110741348227 0.330041352696062
0.245106702761821 0.22518529683224 -0.191103751593093 0.3197887595011
0.00358588493558962 0.413991099157986 -0.267593906828279 0.194498078621972
-0.20464638548702 0.459067226047629 -0.238981399574054 0.228955050690658
-0.259889406580496 0.399655584874985 -0.207780970386846 0.0184993177018486
-0.0729583148263905 0.434030049836873 0.188004109558181 -0.036529352032605
0.215454373764572 0.314215432948633 0.0890773242454244 -0.360636158693877
0.367556188306539 0.0525062257856563 -0.234327993109734 -0.353701648327012
0.27412325050991 -0.134853581003155 -0.382395352063406 -0.0785965847711413
0.149169934458067 -0.231698549830429 -0.246468651309996 0.144298404023185
-0.00363726130806683 -0.261014245000987 -0.0766159104328423 0.165375087984383
-0.0568538106436945 -0.230881005039796 0.00402601522562089 0.132472961998448
-0.0512468176447695 -0.250265020399033 0.0730683028585692 0.104493141091847
0.0913428722685215 -0.267316986387881 0.135003933975786 0.114431063671176
0.22289946862967 -0.191393137103187 0.149144175331477 0.179710217045091
0.386407847187155 -0.0618180448316078 0.068511994033501 0.303634781525753
0.325826250420043 0.256316115493726 -0.0981650265219336 0.336248477281123
0.0217680466116348 0.484498672944555 -0.19331154673517 0.173956923718476
-0.246584503166542 0.532786615725177 -0.10802746564932 0.105564546981829
-0.343728170641348 0.382233401302793 -0.0541839647884841 -0.128786881191761
-0.182790227229887 0.490630323956847 0.267174875813533 -0.108522031204576
0.180529659008721 0.427542157230669 0.181031624968167 -0.360009550723224
0.435243614191536 0.134160229597667 -0.122187694338485 -0.380209077627459
0.350288989085236 -0.130942915305842 -0.280435440214153 -0.16302229969434
0.198328723030437 -0.261286811004415 -0.200866662751397 0.0261046033623237
0.0169397012217091 -0.304750242895606 -0.0699577130191129 0.0469316587310654
-0.0622148871296997 -0.269450653080333 -0.00743081223093911 0.0257888520621287
-0.0638681089503004 -0.278559596887012 0.0638199408846476 -2.00645254131643E-05
0.0819950866124856 -0.293115879118545 0.147971978693364 0.00846029713493253
0.22801184502644 -0.221637669191067 0.201755983246149 0.0871166989147661
0.413898635933977 -0.0855519504106904 0.149064331532319 0.248210913577087
0.34740524456284 0.256083024310727 -0.0142440046647407 0.319760421573189
0.0231327109278471 0.483495887534884 -0.140211916866589 0.137573461626168
-0.259258944924144 0.524467867775585 0.0100796808053046 -0.0265018728018222
-0.355071808830541 0.295699607683743 0.131638638614609 -0.25928768312215
-0.25547263355909 0.436978789160978 0.355619033458156 -0.175640019430723
0.0975509179192764 0.441252074401965 0.264592801087615 -0.32824465312926
0.399952824152393 0.187093059511666 0.00471209934708172 -0.365426481044667
0.352659272438952 -0.0951048598014279 -0.149136851565353 -0.223503084966803
0.208770409254297 -0.240387841156825 -0.131922979847754 -0.0936099091235494
0.0300458395339464 -0.295311066903368 -0.0543476097235244 -0.0751996270484408
-0.0574306269955761 -0.266259979124445 -0.0175313601498714 -0.0836113129616233
-0.0637939190883375 -0.269869276413817 0.0518811376205246 -0.105574900252633
0.0687719260244871 -0.279844075116773 0.152285977405164 -0.0931456206006713
0.213226891793589 -0.21345538343848 0.235059266979925 -0.000762931325583609
0.388688385953446 -0.0729703623177519 0.200461333333104 0.188916325361317
0.302216463944343 0.246016694530319 0.041669572978169 0.284988354121122
-0.00616133490505734 0.427086804610261 -0.104370839138167 0.0943645010716421
-0.257871208052249 0.434693120905651 0.11096475938114 -0.139838616426178
-0.285699136249907 0.163408513047719 0.303691851539098 -0.354639493180344
-0.252050912809425 0.292605308672069 0.423405379187713 -0.223348960018548
0.0179327806781178 0.342831304476392 0.322875862666778 -0.281801037486906
0.289214570909419 0.175058075735861 0.105389007913724 -0.325887533152628
0.277579759854052 -0.0541677987333835 -0.0324921548618471 -0.256716535293206
0.172387244505637 -0.180532323826839 -0.0648074831425749 -0.19135090043467
0.0315646934049883 -0.235935165982727 -0.0397077508721438 -0.180769128582887
-0.0459510420943391 -0.219958074196905 -0.0252166150444486 -0.17990857273955
-0.0517977697328576 -0.227778395508965 0.0413544200118753 -0.197338923335063
0.0558807513264503 -0.232566106202742 0.157666399305119 -0.178513875679159
0.184260228976936 -0.174776795144831 0.263230119707336 -0.0671839876412331
0.3251147124322 -0.0338302399593924 0.232997742703892 0.14649007626978
0.212247333468052 0.229523056956518 0.0755852502687676 0.251128226898407
-0.0576359838024134 0.332718588162644 -0.0763851724513267 0.0601848854606874
-0.238481330728953 0.284653476532016 0.194876445760368 -0.217236499830336
-0.159743095693639 0.00416337781182578 0.421871707489663 -0.404301788056029
-0.178605403496245 0.105411500077626 0.44775345935511 -0.255150182044103
-0.0331772026061309 0.178580486060428 0.344915815902506 -0.244355000615028
0.143351645251054 0.109350551714734 0.163387481981833 -0.295856421043251
0.152684356082667 -0.0182573808469014 0.0351919738551729 -0.273399627067323
0.101196709618425 -0.0951691980142949 -0.0276146571713166 -0.253210372622499
0.0236119403655235 -0.138560494613013 -0.0352987268021182 -0.249749121566621
-0.0290668565728606 -0.140021207237913 -0.0309591560586945 -0.247219860213013
-0.0307199901930791 -0.152844558069987 0.0388037231687833 -0.266295176004746
0.0397318618513433 -0.158185634418538 0.17273271541802 -0.239688734738338
0.139269656180181 -0.118553763261823 0.297344518957264 -0.106711352108474
0.229172812661735 0.010614077156582 0.263475871959082 0.130763433589874
0.100669943540649 0.19218325550603 0.0944344065019175 0.233519654054372
-0.100294463417067 0.204486940469121 -0.055001438207508 0.0439319998155764
-0.190998660082708 0.100260000697461 0.257196694528886 -0.24558240558107
0.108628305691913 0.0592256883526147 -0.252842214359495 0.331894812424215
0.0905563813340593 -0.0719598655877142 0.129235251788092 0.0457993862543565
-0.0280078143094975 -0.106644725770798 -0.0622038408231657 -0.282936223278924
-0.100731819911583 -0.0170178454884412 -0.326899945164854 -0.189103585379259
-0.0508522481585817 0.0490390125503436 -0.403818013400356 0.121098034301435
-0.0133823852912866 0.0404459837475181 -0.2204035554622 0.313965120924231
-0.00799355022096241 0.0464318194669082 -0.033276620514651 0.331098752200663
-0.00104092122561707 0.0407436023146969 0.0477938424776045 0.299642970199062
-0.0231389919933068 0.0181784467338239 0.0775182534240491 0.285292100324029
-0.0266032747775858 -0.010629948479703 0.0560276398667279 0.293856309029496
-0.0259394808351208 -0.0222164545324909 -0.0182834446378856 0.308492871015527
0.00485241993628225 -0.0635564261556763 -0.159277574969466 0.318972636087815
0.0852585614405192 -0.0275924161138261 -0.31700590912505 0.261544570516973
0.105875511497255 0.0904341073526157 -0.439714958759914 0.203269542388414
0.0431722386090975 0.142445957924311 -0.450746901869717 0.39726083148659
0.00775848855366126 0.225821831815757 -0.302678548869855 0.278946692672505
0.0901292053803065 0.105367861040102 0.122309049767649 0.045090933742844
0.0910352790778675 -0.00163938525008085 -0.0438223194115329 -0.306856466316373
0.0520278882516099 -0.0380306862482622 -0.337780428468454 -0.230398300912882
0.0400033936693744 -0.0336645520481991 -0.433095150037927 0.0903777401633589
0.0237030236282649 -0.0637526276905267 -0.240124296596909 0.304746492472345
-0.0253062936213039 -0.0658745739839927 -0.0462286330803126 0.320363773554678
-0.0286596276288017 -0.0622910780417762 0.0406546070242392 0.283178966403747
-0.0287985624292067 -0.0951122304887112 0.0845614480004187 0.26203064298774
0.041204182087127 -0.117002796106444 0.0809428735529371 0.271180174037647
0.0967372647769954 -0.0721680148749591 0.0183457754793657 0.29876298043799
0.163413549036101 -0.0225107162559823 -0.110340327550273 0.332789935023241
0.157461065793586 0.127167704488525 -0.263842853061521 0.293294621006843
0.0330151560119378 0.279063590198272 -0.356014713902416 0.21011357469843
-0.100331154374699 0.327224566458399 -0.359015539394038 0.343671230583931
-0.119866878649001 0.354951923491479 -0.291648546052713 0.173643571083838
0.0414620821124341 0.292265129143475 0.142653234176552 0.014860012420954
0.187995526381452 0.145030405574191 0.00262091634359993 -0.342470268706266
0.223752348940331 -0.0241013423276573 -0.319775941400231 -0.292060444936813
0.154167431614053 -0.108546462054909 -0.438405310101648 0.0273927602204288
0.0783387250900179 -0.166415993884653 -0.253663653566111 0.252242819123721
-0.0291085938286021 -0.176637963420473 -0.0599772962905328 0.265779959950357
-0.0534631000723183 -0.157123229313781 0.027805131410466 0.224520590865631
-0.0450606905105929 -0.1882046093168 0.0878080141436113 0.197345886266484
0.0749643287753955 -0.21282947491205 0.11692636580931 0.206681179213488
0.17972741972444 -0.1415468964545 0.0901101865860232 0.257174478441175
0.30111673714472 -0.0391816666151655 -0.0185295263951071 0.336448063365927
0.259692820330828 0.216902834473386 -0.179325268236364 0.331696438875865
0.0236868515907188 0.421895775782463 -0.26729595218914 0.208005669056891
-0.187975329301799 0.473422698760435 -0.235156751026363 0.245486360195409
-0.246776303794681 0.418519316225273 -0.207398804254224 0.0299865126595958
-0.0533168795213135 0.444202187345189 0.193498892581567 -0.0442278402496802
0.232988225722064 0.306267205722683 0.0780248267129244 -0.370833622635561
0.373802818648542 0.032222903329551 -0.252597226707216 -0.351698628803525
0.270698270795262 -0.153951002414526 -0.395451919053251 -0.0623175422711038
0.140558615519595 -0.24348954152409 -0.245258708461561 0.157395701346442
-0.0177383717115663 -0.265115608611527 -0.0701739525508714 0.170795337754945
-0.0696328388754012 -0.22934364504535 0.0105920667663759 0.134526580991722
-0.0661049841994435 -0.250603866459665 0.0812204095253587 0.10473966526668
0.0792268864378015 -0.277927112383667 0.142486095843042 0.110720719104187
0.216866080926523 -0.205985647874499 0.160731787423016 0.178688697108114
0.387420989251616 -0.0842577917098682 0.0832166387257835 0.305385027605453
0.34198771262455 0.244936459854353 -0.0817350204551948 0.345020257904291
0.0451222412188557 0.491312725118188 -0.192482414690206 0.184693159564884
-0.227083844310535 0.550005145198635 -0.107816103511906 0.112239089052806
-0.331624414007513 0.404822117267111 -0.0596035541327005 -0.12750855842968
-0.163412634479462 0.508643180047325 0.269392960985212 -0.121232854792089
0.202754233753395 0.425618720628419 0.170809911493096 -0.37415264434883
0.446022002243696 0.111718466038952 -0.139171064127395 -0.382720681756945
0.348611025162319 -0.153063406906479 -0.296940031519858 -0.154009633480205
0.189280080563555 -0.276469006244141 -0.204332826386396 0.0348796496427635
0.00142548353922482 -0.310417525621605 -0.0696041993718393 0.0502863155395311
-0.0755140655350849 -0.267508802826 -0.00682615952652249 0.0270719923327282
-0.0802493069651785 -0.278550946265621 0.0664208587245139 -0.00184317045678795
0.0687974280365639 -0.303404180279811 0.150546277582299 0.00318257163085351
0.221325582577976 -0.236354764510659 0.210740779630374 0.0817840128702655
0.415106909388347 -0.109647684339098 0.162312627636941 0.245577137917339
0.363690391489715 0.243304429918345 0.00181786674222628 0.32412926451244
0.0470947552277724 0.491182426814349 -0.140124611901768 0.145205584427239
-0.240521815997733 0.541554565163335 0.0052495982854677 -0.0279566089335625
-0.346659713760313 0.318503620616402 0.122980469032436 -0.269328991227536
-0.239607466853624 0.457103618122965 0.354405593656229 -0.192856382502358
0.11846739352381 0.442014939397824 0.256993799771595 -0.344111222131479
0.413266949381447 0.168177968532178 -0.0102219494954745 -0.37256312483971
0.352914759816173 -0.116437208143909 -0.164375154646614 -0.222068091735169
0.200401781727877 -0.256460895106755 -0.139301257703778 -0.090608628298227
0.0157745063693253 -0.301640572964694 -0.0604934874903397 -0.07521578309028
-0.0709494246171051 -0.264603580341467 -0.0233075415188467 -0.0839993008452736
-0.0803128102643065 -0.269416762501332 0.0482897412953006 -0.108627867954105
0.056320151468357 -0.288954344897211 0.149694198805493 -0.101221056394255
0.206142080618366 -0.227837619480185 0.240242467734262 -0.00902781019669203
0.390192912562937 -0.0966244255255993 0.211997827458827 0.183405080277781
0.319488696444909 0.236717799732561 0.0573071723326695 0.286210213921324
0.0129449594229117 0.435400731667193 -0.104187702907807 0.101326582060775
-0.242032347303286 0.450848715088044 0.101962775286642 -0.148702890779271
-0.282422576319039 0.178942805183582 0.292613232798965 -0.373679540225901
-0.242259574351914 0.308911273750495 0.419644697671034 -0.245106938448971
0.0326737890765419 0.345729111071853 0.317098747627019 -0.297675854223428
0.299604303512694 0.162029234453284 0.0946020877914551 -0.336298339226186
0.278894114653818 -0.0701299513917272 -0.0460476239327729 -0.261355401693769
0.166231935601889 -0.19337815674088 -0.0763159629456812 -0.193004871663238
0.0201495588566774 -0.241318210903232 -0.0521114782063207 -0.183680630742875
-0.0577778014141465 -0.218017301053572 -0.0368168928245486 -0.181283517098764
-0.0652623023847942 -0.226109370985872 0.0328060037266004 -0.202622505728928
0.0454003366869725 -0.238685640014748 0.151190807585719 -0.188398321756254
0.177960885191482 -0.186853264889352 0.266000639499381 -0.0780071133641597
0.326862427312747 -0.0521805080732253 0.243020411139985 0.139232076062014
0.226722991631241 0.224640877636703 0.0893413071884898 0.251541923502569
-0.0440277271179599 0.339802098866166 -0.0767103367222212 0.065339760385284
-0.229360001788978 0.297314979525603 0.183408488486508 -0.23154104302398
-0.161303729012557 0.0115630293594146 0.409573466867666 -0.429989890255684
-0.176039307249214 0.114347008625318 0.441423934984398 -0.277748544414623
-0.0262965525705395 0.181903981502864 0.340889205263224 -0.261774929393557
0.148460845625219 0.102696275020713 0.154163618900547 -0.307692816950932
0.155028258805506 -0.0263920973326227 0.0235601384355997 -0.281150637259332
0.0986798015480654 -0.102495955739538 -0.0397815189055321 -0.258783418812917
0.0171153471937958 -0.141513172241441 -0.0518276841332349 -0.253740665080432
-0.0359637084098521 -0.137691436048662 -0.046261013973709 -0.249559601089077
-0.0401091319529965 -0.151767387848547 0.0254785390142057 -0.273214118691536
0.0322662662275683 -0.161801306913865 0.162640397581685 -0.252245723249801
0.135395556849035 -0.126906967933524 0.297507437079496 -0.120687676399078
0.232283094599557 -0.00115394386952698 0.273070274897098 0.120336187003829
0.111783744315982 0.192105387702729 0.107071747619393 0.233092065633138
-0.0930505143908008 0.21037713876113 -0.0557710926428892 0.0482264518905034
-0.189713696766614 0.107070849376795 0.245468586817026 -0.263445474088878
0.11079272001856 0.050305794613704 -0.226274809347555 0.349420259510832
0.0862361222436272 -0.0782174267729997 0.135842839379092 0.0351416186075981
-0.0346195742611638 -0.104379319286717 -0.0811943138281492 -0.281692896144148
-0.103500661972901 -0.00951076506038433 -0.341521335753431 -0.170716104573887
-0.0485614616413746 0.0522266490220788 -0.399208098502794 0.150155845839673
-0.0116515513455356 0.041031688490252 -0.200287696769709 0.331963509765548
-0.00514407314833968 0.0470118885848827 -0.0100410152242898 0.332633489020456
0.00220002990526781 0.0402570313469882 0.0718002106882993 0.297600407394395
-0.0219512244833667 0.0194698733189764 0.10109483731827 0.280816675209964
-0.0284079885185071 -0.0100601904471454 0.0787620529983862 0.293493559772757
-0.0266489046374444 -0.0198219121913352 0.00258962779867964 0.310854473717802
0.000985037968780016 -0.063904799360884 -0.138932676456297 0.330861513911076
0.0839929477659911 -0.03384332578098 -0.302439024165418 0.280477028967498
0.114219869830753 0.0831873023099449 -0.431386322874266 0.230684189524802
0.0516123748998323 0.139231731177006 -0.423462072952402 0.433164838374708
0.0228297574765965 0.225569727048021 -0.280658708280232 0.301768698429963
0.0991141331187412 0.0987619066480388 0.129526909232221 0.0361727763738331
0.0919709978051449 -0.00869952402811222 -0.0639051759600682 -0.307457857485258
0.0475557822197659 -0.0427165776470959 -0.35534602326623 -0.211492166350993
0.0360231942218357 -0.0382630203503993 -0.431196586319474 0.121501244481068
0.0180130442844835 -0.0670030715385796 -0.221684007049361 0.322522819109823
-0.0310789224065736 -0.0636543707851761 -0.0232097904757456 0.323212119410525
-0.0330278683652734 -0.0601585953824448 0.0633469466770518 0.280414454281335
-0.0371783612906715 -0.0936231120260984 0.106060509162827 0.25683280170246
0.0316579731543017 -0.12335934651352 0.102185062323954 0.268525170124384
0.0927885438263434 -0.0795112245117112 0.0395232221857432 0.301355266395322
0.162236684856394 -0.0347461212890646 -0.0889531205233173 0.341201044721573
0.167363162626389 0.116579896459178 -0.245375931385276 0.309646592083518
0.0543320235776382 0.278337478252025 -0.347187290738747 0.233402225748976
-0.0785713515852869 0.333158481165498 -0.337909203008206 0.372283966757417
-0.0950315070591128 0.363451888666711 -0.27738305730133 0.195293062885323
0.0630923572348321 0.290674708349071 0.148303033954609 0.00552861630746211
0.199762531605012 0.130656136333291 -0.0194366422632182 -0.345880731828224
0.219682723348762 -0.0422582242822834 -0.340963983441841 -0.273057978807287
0.145374399268013 -0.122195201471366 -0.441644026235016 0.0595736073492524
0.0659619516726918 -0.174236707432484 -0.237709936640067 0.270247029819932
-0.0430724167034085 -0.174450191812944 -0.0415294253786265 0.269270663617149
-0.0646577017941638 -0.152557112997584 0.0450223070580752 0.223187967478634
-0.0609132349391611 -0.184932265504708 0.104787353922666 0.192251244047543
0.0591145577325798 -0.221349792479275 0.132710766200686 0.200409653361992
0.170299345691215 -0.156025332389665 0.109996492792286 0.253862732100852
0.298568391975893 -0.0626357065724529 0.00345866627700653 0.339072717548288
0.275169660895416 0.199556625071204 -0.156925505730546 0.343404622608901
0.0544858283539326 0.422791982037684 -0.257561684330236 0.226574655897743
-0.156434579158914 0.485720333266737 -0.22047182879811 0.26387487559679
-0.215655986526811 0.436746393315596 -0.204302429827216 0.0450691156699429
-0.0203176263053972 0.451516659560886 0.194084103449843 -0.0567613404560043
0.255643593788052 0.289181412540317 0.0555237890132408 -0.378277911727682
0.373394764045694 0.00221265428027391 -0.278019684161394 -0.336835262737638
0.259347118993914 -0.176066934411905 -0.406372883572039 -0.0331214242375843
0.122726250128626 -0.256996002955489 -0.235782496433455 0.175043853301588
-0.0391521805547669 -0.264019218482919 -0.0581030022727963 0.175576286199468
-0.0863377197768648 -0.222935804398599 0.0208132419442983 0.133973827938366
-0.0858255943136868 -0.245297188836679 0.0909497868883403 0.0993072234604309
0.0577718359081478 -0.286941621667296 0.151035335352497 0.102202460400907
0.203295432698374 -0.222609534965046 0.175714726430546 0.170840721408142
0.381557083315857 -0.115566247753247 0.103831089985838 0.300369848646027
0.360602275632606 0.221582293240199 -0.0569917299528578 0.350098077398838
0.0792879146687069 0.491627585268963 -0.183754747945963 0.199171838076229
-0.190727259213023 0.565291538070243 -0.102959998585082 0.120794167222894
-0.303836448790971 0.429536093495246 -0.0672505579338175 -0.1234535198686
-0.128585548626597 0.522019798375955 0.263537939490167 -0.137308415834364
0.232153620100808 0.410075911526899 0.148446782294342 -0.386842711652789
0.451957602362 0.0772289698059347 -0.16500211256677 -0.375945364157239
0.338006772754795 -0.180979157751994 -0.312100419376578 -0.132709932668267
0.169138386521555 -0.293439675668609 -0.204253213172512 0.0485309107093853
-0.0237654410921105 -0.311195403028153 -0.0674208645127885 0.0540758313093263
-0.0955737709625207 -0.260627557918539 -0.00600162352545017 0.0273533402243053
-0.102510032870239 -0.270675389297062 0.0672028145978727 -0.006438576025424
0.0456618377071436 -0.31169426543328 0.151575782537809 -0.00677448741059572
0.204565188855049 -0.253752400420984 0.218733837677707 0.0700312646547249
0.406547799893408 -0.143965346701876 0.178880953941743 0.235650575111182
0.382168391292846 0.217128335226356 0.0262901678593851 0.323887846791226
0.0834271236601056 0.490009790587907 -0.132404807897852 0.156270752942923
-0.203581574946129 0.556328933241059 -0.001275759696566 -0.0289532308444037
-0.323880130542099 0.342802482908229 0.105285397076574 -0.27742582735338
-0.208673105040858 0.475208709732846 0.342850913432287 -0.215480632101291
0.148026061208862 0.43403266038663 0.236645705438246 -0.361620952027939
0.423534849465697 0.136758648117214 -0.0345790366600256 -0.373289229970544
0.345455738242755 -0.144023789997271 -0.183959338165949 -0.211768113589557
0.18218601643459 -0.274275399987338 -0.147750909266933 -0.0822888656278618
-0.0078951940175251 -0.304504086237281 -0.0686216771955727 -0.0725976452370259
-0.0906685189862473 -0.25655688223862 -0.0312787378218286 -0.0824610983269978
-0.101495493115941 -0.261776602966645 0.0405185842695604 -0.112197354684142
0.0337650022835819 -0.295029114522714 0.142549688962879 -0.111242185267401
0.190009690631163 -0.243411821749882 0.242835282643785 -0.0236938230255774
0.382880759876655 -0.128163879025951 0.22435009749703 0.169295004988887
0.33730041068042 0.214976298931533 0.0798723966298522 0.281847681766763
0.0434340047402791 0.435751240930561 -0.0993014352685845 0.109150275862748
-0.211702110653511 0.466290173548404 0.0867647666527161 -0.156790353524773
-0.269471635181054 0.199492885027338 0.268351605201514 -0.394039169207027
-0.221312001396022 0.326417869335146 0.40329792955608 -0.271621573864606
0.0561056010262905 0.343668289117896 0.300284220613933 -0.319201134170559
0.308743461545849 0.138764402308917 0.073120869883991 -0.344254669540911
0.275543396656225 -0.0921567276383685 -0.0663105691622477 -0.260244138651821
0.152473956710415 -0.207989845076585 -0.0917623817634962 -0.191223935598123
0.00167519208596216 -0.243979773906418 -0.0691679465950349 -0.181599137980821
-0.0735322719323701 -0.212129054513031 -0.0529389841328121 -0.179003325968633
-0.0837555222752706 -0.219285091123249 0.0170857480540869 -0.205792819409572
0.0272550889452681 -0.243659276498761 0.137343739456589 -0.199266632334664
0.16460101863983 -0.200524651885323 0.263126992129006 -0.0948578898401965
0.323256024210589 -0.0787725854328515 0.252148105592232 0.123432875493288
0.243658385480086 0.210027375174981 0.108510416415578 0.245267196387622
-0.0198462059814301 0.344001079588935 -0.0745392516780123 0.0712452725199736
-0.209736923435025 0.31159171502 0.162125214973219 -0.246533998268435
-0.159909899395874 0.0212779275767053 0.379242747780173 -0.459313908093416
-0.168484467928912 0.126262583983047 0.422861162412245 -0.305822946423834
-0.0145889690426821 0.183660891931492 0.325988371867223 -0.282906187727226
0.154428189026589 0.0902648408427583 0.135001715339447 -0.318853720376885
0.154258416721409 -0.0383942810023452 0.00382054267118553 -0.286119264264926
0.0916178865020857 -0.110871752053087 -0.0606256998866906 -0.259125773592058
0.00712114001247298 -0.142317878939683 -0.0735357443538741 -0.253190197930662
-0.0454261155354331 -0.133352571875981 -0.0677064531755409 -0.24697247043752
-0.0521395276281576 -0.146115309794231 0.0044543279496221 -0.275674093574048
0.0208669065045085 -0.164988483866801 0.145412757394812 -0.264632596630553
0.124966625405437 -0.137238016688283 0.292678246419783 -0.142016649624493
0.2324829053866 -0.0199850510563474 0.282503781197252 0.104084847678827
0.126514899717995 0.185399470083476 0.124465490971091 0.226329021595795
-0.0799718203488305 0.216790933969523 -0.053682594778416 0.0532384475603428
-0.182920470311581 0.11954306447617 0.222941504353298 -0.282848969734802
0.108988086594392 0.0406709333689981 -0.191750647263309 0.356270648163662
0.079040067255305 -0.0827933037664355 0.137243648672904 0.0240903310470225
-0.0409451996904022 -0.0992932641334115 -0.09842487250189 -0.270875470731938
-0.102323604093332 -0.00102662271150772 -0.346560281257026 -0.144541708129623
-0.0449083851029289 0.0538550060679585 -0.380186304273255 0.176169129761327
-0.00972445247618028 0.0404345628658457 -0.172374371394367 0.341087487058189
-0.00159116137192035 0.0460786907843753 0.0138271073251807 0.324079215304821
0.0051961455095134 0.037983670195537 0.0946002383762351 0.284357531768558
-0.0200916975346328 0.0203547198084094 0.12212152789498 0.267360843946562
-0.0296695199135525 -0.00845052706489532 0.100005315427637 0.281283057800463
-0.0269299485050698 -0.0169026456430738 0.0234752901424137 0.303906895896938
-0.00306534515088778 -0.0624423013474877 -0.112919578989548 0.332297182192683
0.0792790830084026 -0.0388329543389837 -0.276349895495981 0.291006894898906
0.118716564604191 0.0725468354320988 -0.407805104412231 0.255277352204742
0.0580079550799441 0.13157092764605 -0.381489307024236 0.453852439986477
0.0373706594491316 0.217138581360672 -0.248215325344323 0.313997032693851
0.104021757650946 0.0896260102633161 0.132417249487517 0.0254347123488737
0.089833438176645 -0.0164885725171252 -0.0833465593758224 -0.296879016015396
0.0411771449539762 -0.0453711840444557 -0.36274344806538 -0.182823031510413
0.0308065385875309 -0.0409828713499058 -0.413682133403786 0.152978253492951
0.0112117110932322 -0.0675598879846468 -0.193846379446963 0.331812687338117
-0.0356590212778774 -0.0596824256092934 0.000797307830143884 0.316161166443726
-0.0364203202888415 -0.0566533247456872 0.083750511061507 0.268759887398919
-0.044163651736008 -0.0884900353960206 0.125381609814745 0.243559500660968
0.0202829416758667 -0.124306533004491 0.120898384415726 0.255326961464308
0.0850233393334669 -0.0842452323761935 0.0610798733083721 0.291675499940214
0.155647163102261 -0.0465287167392599 -0.0631296492485607 0.33862587342429
0.171432247258358 0.101148866330722 -0.217836239428537 0.31606852225987
0.0735165026871256 0.267440649078384 -0.325454551862673 0.252014947771317
-0.0546952228449105 0.328778818677214 -0.301781269052032 0.390506039486195
-0.0654467640473833 0.36072004639631 -0.252892753169901 0.210890257882662
0.0832750193396011 0.278530174884116 0.147695434127088 -0.00516456563573886
0.204490504237815 0.110274071196534 -0.0422315270762698 -0.337666107394281
0.207851760842254 -0.0592216425156626 -0.352788708205688 -0.243912243079803
0.130307276948306 -0.13220581173554 -0.429128553997445 0.093015973186755
0.0497397678106624 -0.176506097473564 -0.21357305447866 0.282675973096884
-0.056417522746429 -0.165851638864567 -0.0207989045325866 0.265329637605108
-0.0743122409126536 -0.143496436433748 0.0611651817818033 0.21448305743998
-0.075027987785938 -0.174837980488878 0.11886542256899 0.17983748008102
0.0394924640821204 -0.22287933359166 0.14549166021547 0.18728574065846
0.155088531642685 -0.165111067440344 0.127492839409101 0.241514411152716
0.285211099552735 -0.0848248141269416 0.0268491098617953 0.330187503330146
0.283094819082009 0.174359449869886 -0.127935906727234 0.343043204828536
0.0846004424401058 0.408192907657242 -0.238682344426782 0.239735158480064
-0.117801754296384 0.482029343577439 -0.197906074818015 0.27471371986217
-0.178578763664105 0.441796648111325 -0.194132020369829 0.05937711179721
0.0125946830149646 0.441817900882703 0.187713779968123 -0.0680595056308976
0.26931495905988 0.26112435276646 0.0288507253543702 -0.373650080623562
0.361420403378899 -0.0278568317464038 -0.295065299116741 -0.310265921910924
0.237669004360193 -0.193512199216251 -0.402004347530276 0.00107361804710601
0.0998485759223746 -0.262425945832463 -0.219169355693732 0.188972387690429
-0.05945739975575 -0.253960362566555 -0.0450462710855897 0.174464815321218
-0.101433835400379 -0.209238264998816 0.029973757941325 0.129617439579239
-0.104081837986171 -0.231050860271149 0.0974669562028722 0.0905485506611474
0.0327246326235797 -0.286405662767525 0.156152610506506 0.0903116539215012
0.181452636944931 -0.23228386569119 0.186538533277266 0.154743467886694
0.361424061653744 -0.143321942705011 0.121857860833874 0.286806080626642
0.367530355972063 0.189510123649306 -0.02909215944764 0.342038398201936
0.11433938733555 0.475276759591603 -0.168430732856615 0.206481246887551
-0.145325676153181 0.560377349587293 -0.0955637963506407 0.126447977737372
-0.263333246943674 0.439996987791383 -0.0735171210097847 -0.114193715954007
-0.0863401604080514 0.519833873091809 0.24864594414052 -0.15129169051453
0.256107153139155 0.381382658267677 0.119167494494141 -0.386377492877865
0.444107754989075 0.0397040534146067 -0.187714306247056 -0.355596370252742
0.314167185004019 -0.204455355988579 -0.318226836347381 -0.103408877474787
0.142339500344352 -0.301998175706867 -0.196525363592859 0.0627951901043509
-0.0482284206569295 -0.301748917634742 -0.0635071234795838 0.0573286927411902
-0.11253118980359 -0.24435386911776 -0.00469100661699599 0.027792050397697
-0.121221784293377 -0.253582944007632 0.0660207644040758 -0.0113708860459594
0.0193691873093678 -0.308826616892894 0.147382017436853 -0.0164519345621662
0.180313538200297 -0.263527013830929 0.221488278772633 0.0543329015954061
0.38322621201492 -0.173737778088905 0.189560418072757 0.217673124343233
0.390421585872823 0.184832681087661 0.0503107406771076 0.311324669251504
0.116873010301685 0.470695807267346 -0.121208151299418 0.163247926011615
-0.159880469401228 0.554136449686867 -0.00726406761342964 -0.0267874098055181
-0.290568719520716 0.357362357066533 0.0828152475003346 -0.277000945467279
-0.168336262121907 0.477921954789437 0.318715657449214 -0.232180829094211
0.174947699833378 0.410201602302925 0.207084697399063 -0.36766864520569
0.419564848825807 0.0996194110139493 -0.0590001334582531 -0.36210228810514
0.325579065371805 -0.169324510644974 -0.197684450061079 -0.191676830520392
0.156435501397091 -0.28404870722655 -0.151877262750025 -0.069551523532461
-0.0317363584002069 -0.295990247551864 -0.0752318571158895 -0.0668432720649217
-0.107111931358151 -0.240460725695353 -0.0382170182378013 -0.077849559459828
-0.119669322227493 -0.243862515386724 0.0316498714015714 -0.112026732221228
0.00888043399828675 -0.291511350169092 0.130507357214933 -0.11757823177236
0.16661369180491 -0.252064967622253 0.237173576484598 -0.0394087977042268
0.362313531797979 -0.156314833026934 0.229808917305325 0.151090641885204
0.344907968663655 0.184140080411868 0.099854880489493 0.266910612812566
0.0746293861981819 0.421244236453172 -0.0908736002491298 0.114917108800733
-0.173130205506057 0.466829823785378 0.0686693886732707 -0.159031976769885
-0.247060202990692 0.21254401008423 0.233663644283449 -0.403810429092325
-0.19239964928175 0.333906610175712 0.372417362153512 -0.291262024282339
0.0785968982226041 0.330044035212435 0.271576295488542 -0.330280937671495
0.308612229571107 0.110946446105111 0.0484917660860063 -0.340501068229997
0.261355667493375 -0.112718394384558 -0.0853621857299961 -0.248773422905058
0.132850570957816 -0.21634575964743 -0.105321612569317 -0.18101482871572
-0.0179103398247842 -0.238074742104736 -0.0845136589526324 -0.174085065549666
-0.0868091515549541 -0.198700990722808 -0.0676407155652896 -0.17019773990051
-0.0983385741637867 -0.204077735153636 0.00124860967091614 -0.201181668924637
0.00697804955287655 -0.239927382080706 0.118387250160833 -0.202749474208713
0.145031091018278 -0.207741380740585 0.251108300416752 -0.11137408908976
0.307420370234304 -0.103799389094294 0.254869191622077 0.104291609429264
0.253988363932524 0.186394154759425 0.125059530887389 0.23060273947767
0.00453978946588837 0.335864793518081 -0.0684974640496346 0.0762011737161642
-0.181500640953513 0.316495096220554 0.134750209389914 -0.252243498824999
-0.153091277711766 0.0317003367771818 0.336634012522183 -0.473704713584356
-0.155173932600751 0.133989972659072 0.388005585906796 -0.326196372183572
-0.00196461599697079 0.179259656237248 0.299810620420956 -0.296634095567636
0.154510235639346 0.0758006025612749 0.110175492397685 -0.319887884747793
0.147911551445883 -0.0510931585833784 -0.0172170103028337 -0.280623344624894
0.080564473287618 -0.116097602020036 -0.0795867064704059 -0.251171904274725
-0.00471372044541001 -0.139595705175837 -0.09556983268503 -0.242920177409729
-0.0531101050551539 -0.124384312938226 -0.0876707891513997 -0.234736023551617
-0.061802027762833 -0.135111330893545 -0.0181179216572749 -0.268682276427315
0.00641233621538146 -0.161358821982944 0.120513561989006 -0.26700390703295
0.110877019260593 -0.143199764620248 0.276874375157597 -0.158497212812156
0.223496211962117 -0.0372504220458376 0.282868631690979 0.0825165862580154
0.137054743961239 0.171587856563693 0.137649694902883 0.211982844175338
-0.0630409247962536 0.216544833826281 -0.0498286904153821 0.0563519571701523
-0.169617712146647 0.127949058626336 0.190871062071153 -0.291716409725867
0.103862700106871 0.0333291360401889 -0.162087951487215 0.348888948321797
0.0711530734492972 -0.0834521136955186 0.135177493684719 0.0152444484926787
-0.0433535699684732 -0.0934175951906854 -0.107071958797209 -0.254661614497819
-0.0983862837333468 0.00553808372535036 -0.339671461939052 -0.123795591231231
-0.041573943892243 0.0538570346303649 -0.355041819317534 0.189658780627211
-0.00899472777871931 0.0392926314843937 -0.147930681102198 0.336827592581935
0.000396104782321764 0.044587331121576 0.0299908401854598 0.307815015828319
0.00720028736089157 0.0349074155034086 0.108039772868729 0.26711757588204
-0.0189986434355005 0.019834712928787 0.133044440974402 0.249469158007411
-0.0296706123985754 -0.00714727716303532 0.111970442456094 0.265333232975273
-0.0252082500191259 -0.0142483482026455 0.0371652473028918 0.29068777017307
-0.00582156477419964 -0.0589742456584984 -0.0916253805880208 0.322796277207281
0.0738676663965161 -0.0408194443316547 -0.253155622647247 0.288766785742099
0.118059116339169 0.0624653570542584 -0.380110540388457 0.264176992371237
0.0593034348915359 0.122269160432099 -0.33986364087613 0.452800262786781
0.0456941641891045 0.204671962596469 -0.218323742491696 0.311779781704351
0.105030845524064 0.0801573019138648 0.130558837540132 0.0174922952073606
0.0852841325370998 -0.0218699060994696 -0.093497631525803 -0.281167451978925
0.0357131387996134 -0.0453291624386643 -0.355618192541785 -0.156995303817553
0.0252974126906167 -0.0416016198978466 -0.389786044824163 0.169407078964203
0.00562959873730059 -0.0660269832863137 -0.168468756903917 0.329300470468619
-0.0383353498490056 -0.0545212456617159 0.0171449445450141 0.301122051832357
-0.0377400053592486 -0.0523420902582424 0.0963857363362394 0.253076912335097
-0.0483980761644441 -0.0816523694961714 0.13534813863993 0.225873052910169
0.0108975588349924 -0.121562903293423 0.129886431381421 0.23912249382927
0.0782431835505319 -0.085105382329683 0.0735543133453292 0.2770876308637
0.145791854675204 -0.0528707231418055 -0.0437622389080033 0.327424425319756
0.167986297010674 0.0881789553390008 -0.1943541089015 0.309667881391987
0.0849478349285629 0.252322567070516 -0.300674971446829 0.256372849191353
-0.0384923194346426 0.315692253891641 -0.26837100711147 0.389746259124821
-0.0438603881716889 0.346387418138004 -0.228805596071578 0.214777401373071
0.0952948367201697 0.262554213177044 0.143944199102577 -0.0113211056303829
0.200754399364858 0.0928568291247465 -0.0569320963774099 -0.321177738420085
0.193294873150455 -0.0680441587552746 -0.349675791870646 -0.216130689799994
0.11525722738876 -0.134797695447059 -0.407518123328548 0.115445053211898
0.0358633565333463 -0.173557563785537 -0.190508933940006 0.282297564921187
-0.0635753437655428 -0.154785267700314 -0.00747137194221551 0.253816038824052
-0.0786154578359069 -0.132585444728095 0.0704327540161525 0.202153539687355
-0.0823433507935999 -0.161521326641843 0.124627316323987 0.165199561929345
0.023634166775297 -0.216750929961479 0.15032022043279 0.172855608929732
0.140060724440875 -0.16644381157504 0.135289767623366 0.225777123733881
0.267181546896735 -0.0969676424643245 0.0416193999547774 0.315012220501351
0.27939805730107 0.151425936820502 -0.105404370732937 0.330578836358537
0.102611300519177 0.386620529421127 -0.218251920422805 0.240761147569189
-0.0908091013851011 0.464596860360971 -0.176965549159352 0.273778246547428
-0.145836027621506 0.428764719421955 -0.180436709053028 0.0675642413251074
0.0348739499097968 0.421115563107148 0.178199539496325 -0.0724703886686883
0.269922129440842 0.232752248959826 0.00945705497557368 -0.358862375875857
0.340855284861539 -0.0468800334148466 -0.296665104598133 -0.281688355160764
0.214099948843841 -0.20028211063898 -0.385789432400152 0.0256937277547139
0.0791838997638923 -0.25859181721298 -0.200094122765879 0.192403911141067
-0.0718011811942748 -0.238497349532021 -0.0348694063185054 0.168798399913773
-0.107508702662071 -0.193299876964289 0.0348123719805673 0.123129834336977
-0.112634104693427 -0.213041959597258 0.0998447781043967 0.0807504498817206
0.014345051874162 -0.277280322408766 0.15511949903621 0.0795666326413373
0.161413616370448 -0.232231015704135 0.188133642344279 0.13983559441908
0.336066964774879 -0.15845518529553 0.129638272416446 0.269137251117716
0.361222235792825 0.162027002907803 -0.0106337825565192 0.325415221074363
0.134433565410591 0.447862103050125 -0.15239647250137 0.207157092106243
-0.111691020714898 0.538972713106884 -0.0872131326222577 0.12782899714136
-0.227575507785277 0.432582887913531 -0.0748474461455153 -0.103704698096741
-0.0560059069699834 0.501812318137931 0.231430704004764 -0.153984752412222
0.263011971921819 0.348592097003795 0.0959256357670445 -0.374306846945147
0.423005454566245 0.0131465278560479 -0.195988467180478 -0.329968057741877
0.287692576052053 -0.215067954187813 -0.310967351712049 -0.0783426608170627
0.118405955308074 -0.299016894357882 -0.185673479977718 0.0701254248910852
-0.0639562667419457 -0.285113195739905 -0.0600417320565247 0.0576478213574418
-0.120175315641912 -0.225801465474119 -0.0044745693114034 0.0273949870325691
-0.129719815894253 -0.233228185579069 0.0638475110428007 -0.0139538516569319
-2.76607820009979E-05 -0.297716799511749 0.140861203117178 -0.0213598505745348
0.158400760541707 -0.261675084541083 0.216935890953263 0.041427399379479
0.354910038778201 -0.188737926258956 0.191739403846284 0.200723951085849
0.382768030245523 0.155208991613889 0.0647950132527307 0.291761788644447
0.135275067094138 0.445611156355687 -0.109065078533127 0.162165193674704
-0.124943431489818 0.533334781967291 -0.0122777823126687 -0.0240165904215573
-0.256508783340616 0.354014178078885 0.0654678993863243 -0.26731603907655
-0.136522912586221 0.466179066045854 0.292870857958527 -0.234247035480354
0.1864976953951 0.3807531879562 0.181024349293212 -0.359152441416886
0.403053585588656 0.0719882073517984 -0.0735680223386797 -0.342135934218901
0.300994910058267 -0.181835265661304 -0.200288357820727 -0.170197061291031
0.133154881351459 -0.282358003054636 -0.150017820638081 -0.059374322069875
-0.0482079090193628 -0.280786549852997 -0.0784308509179552 -0.060716675077101
-0.114383090719813 -0.223071814914914 -0.0434598273672125 -0.0712951255980717
-0.12793490903387 -0.223493217322134 0.0237296288374958 -0.108597490751854
-0.0083416172425665 -0.279503305378473 0.119137930205426 -0.117442792000401
0.145801829928125 -0.250389352774139 0.226929165690738 -0.0492146692742122
0.334454197515488 -0.171014351211968 0.227124845134809 0.134654416096141
0.340293585776309 0.157140661924316 0.109128692542303 0.248916120829921
0.0928144914876695 0.398675297793778 -0.0831075958136575 0.115495647230383
-0.141695771359891 0.452141222369497 0.0521355067337953 -0.154815432074665
-0.224081350054806 0.21358271239237 0.203058855433637 -0.395256321072028
-0.166776932332817 0.328988487055614 0.340581738921237 -0.291976136250665
0.0905156284866972 0.310354443892472 0.245344050298925 -0.325661838641463
0.2978274639282 0.0893418593251687 0.0310236170627183 -0.325906892827768
0.242624234361009 -0.123870268610511 -0.094792124246826 -0.232450289607478
0.114081358320276 -0.215920059571366 -0.111716578754002 -0.169008564331994
-0.0310583731715322 -0.225544400800477 -0.0942590115760183 -0.162185370198656
-0.0923848135075096 -0.183754401368136 -0.0766182724448652 -0.158023603886589
-0.104683196245496 -0.185828266995048 -0.0107044859387449 -0.191966267266771
-0.00724736509063661 -0.229313509792621 0.102515892346496 -0.199046621470461
0.126611759148495 -0.206392645119514 0.236739382579885 -0.119073187880509
0.28628841977986 -0.116153462654452 0.248862375327331 0.0881930689883435
0.252721148754244 0.163850739390064 0.131907325418167 0.21275816091979
0.0208611914558027 0.320704968317609 -0.0631973700065263 0.0769823182364717
-0.15708271896976 0.310010577299346 0.110380976599182 -0.247223542855852
-0.143907215933496 0.0368690168599709 0.297747651038183 -0.468295290193649
-0.141079019988653 0.134983976386506 0.35390198318578 -0.326646037769049
0.00628241793009442 0.170870713281618 0.27454968530168 -0.295869075236357
0.149032364199598 0.0642968065843369 0.091476142634183 -0.310159609748923
0.138429163623683 -0.0588202678490643 -0.0314406724179904 -0.267965986476809
0.070263833243662 -0.115716455446868 -0.0903423679856545 -0.237251813591019
-0.0118660928142156 -0.13302426001584 -0.10874416629049 -0.227485108423683
-0.0564772409689976 -0.114343533314643 -0.0993048489717569 -0.217986259231067
-0.0655683136546124 -0.123356456129529 -0.0329342513691622 -0.254964554703071
-0.00292761605033436 -0.154389078218484 0.100961530356027 -0.260225260527568
0.0979457112386332 -0.142157812007585 0.257469734306874 -0.165840933827734
0.209905057931541 -0.0484568223532349 0.274947456368407 0.0663417382543531
0.140957814495741 0.156675985556109 0.143292672846094 0.194532308223611
-0.0504193289398824 0.209002459263278 -0.0461991007222565 0.0567600587958352
-0.154913414936141 0.129713360312786 0.162000518800107 -0.289107614951337
0.101750466473583 0.0383047831056886 -0.16298967722177 0.324241806698719
0.071730147571002 -0.0784331888223183 0.128695558089345 0.016689309571511
-0.0399328521495764 -0.0910428424388259 -0.0963809994953174 -0.245409195695991
-0.0933558416879311 0.00642563132424321 -0.324075676384355 -0.126347144657878
-0.0384313498061612 0.0529904053055246 -0.340870435286124 0.176962960441125
-0.00904533421587021 0.0388418098176467 -0.147280087078876 0.317421622984533
-0.00104675175866854 0.0462748262788244 0.0242508352332734 0.296419848040655
0.00529046135263128 0.0343399329532606 0.103184371735508 0.256902946955945
-0.0181030173638744 0.0205471747583494 0.128772134208569 0.241302439118877
-0.0281751171134854 -0.00626011624642462 0.105259317541074 0.255622177893456
-0.0213488223100034 -0.0124428256110358 0.0298351482242711 0.27840857824867
-0.00474423235429259 -0.0504054557782832 -0.0940558335871061 0.302642821689495
0.0678703382600001 -0.0332842373968142 -0.249432866954588 0.264201288512905
0.107497904268096 0.0650174823058955 -0.373362348470452 0.241538758827873
0.0536548502250568 0.123968634776454 -0.343225223946287 0.419148700615097
0.0386021072488045 0.202337232147192 -0.209299256488255 0.29238858613127
0.0971081676460603 0.0805257800931278 0.129183999778833 0.0170093681245776
0.0805511475010311 -0.0172263492573879 -0.0793094140387612 -0.274456739718381
0.0339817839310759 -0.0381074709048199 -0.336835926385176 -0.165028555676638
0.027919554699074 -0.0360279999641536 -0.374822830678262 0.153195640203022
0.00752175092209569 -0.063404869650238 -0.168927224315225 0.308536694290912
-0.0353259225023095 -0.0503084388306091 0.00884529219253637 0.288150984646519
-0.0350108712053361 -0.0517757414529491 0.0907026627616527 0.24235726817958
-0.0455037293770632 -0.0779383532793934 0.130629757634849 0.217335174998397
0.0126113472294809 -0.118577606692473 0.125892801401668 0.230825669659735
0.0806498603292567 -0.0806131514987642 0.0691093073780619 0.268539079298601
0.141221196733919 -0.0429168167201167 -0.0444245006351235 0.313368693718962
0.157195320095675 0.0935854053952496 -0.195648158935753 0.291031018704039
0.0731233761793203 0.247790163298925 -0.304543402580199 0.238305596661164
-0.0406678978699653 0.307445989469619 -0.27953254999163 0.359770536540897
-0.0565995763661243 0.335722174248954 -0.212647429864701 0.20448402032863
0.0797617943476311 0.255834948250669 0.14836564766462 -0.00961841291142348
0.186235882203905 0.0986276934120276 -0.0370067985061357 -0.315767273495258
0.183526096859864 -0.0551319629966181 -0.324182494893007 -0.224921876768262
0.116544137070387 -0.122027889667766 -0.39209047053733 0.0957568867057313
0.0401542633402198 -0.166114703135922 -0.190495984281959 0.261030748989462
-0.0570067916387954 -0.148101027727701 -0.0157682795950473 0.240792133452507
-0.0725354277371874 -0.130802552661699 0.0652441667609507 0.193029527998512
-0.0766694871876741 -0.156517069494197 0.121125708937787 0.158664349042741
0.0257732538257613 -0.211647237051389 0.14734467237428 0.166266818904875
0.14282329499064 -0.159935734532308 0.133500037981193 0.221142544383559
0.258708581124996 -0.0840147733362429 0.0429881612515069 0.307140775232069
0.264353904379231 0.157059145719224 -0.111004829967197 0.319247341945005
0.0879720327266353 0.377840135662092 -0.229446573956006 0.22743196164829
-0.0912444066596583 0.448422665766173 -0.192970364435184 0.254482385409174
-0.160683046790296 0.41054840007869 -0.15964309658013 0.0707522689078192
0.0147498380671112 0.4073759004985 0.187534369738491 -0.0638603738385232
0.24613717091348 0.236061235400197 0.0337918440599884 -0.350253925031674
0.321471829507144 -0.0304129558700274 -0.267328273170806 -0.29079581253756
0.212877192493518 -0.181697657789584 -0.369922195856693 0.00680199029620662
0.0829500836594808 -0.248324789226922 -0.19964025993598 0.172832763531276
-0.0629643616693816 -0.229974830940089 -0.0436127482866605 0.157352132080739
-0.0983612173296008 -0.190848035489413 0.0303425479407091 0.116854478077056
-0.105026723756318 -0.206854006362323 0.0982374275919942 0.0765155429490852
0.0174049187699402 -0.271926320808042 0.153487386890643 0.0763433773455603
0.16401376131981 -0.225028234606768 0.188977373778925 0.139782799062683
0.326776548902546 -0.143610468297608 0.132740637063911 0.265633240787189
0.345183291099059 0.169394113309883 -0.0184411394080268 0.319148153792159
0.117850551354621 0.43839168449239 -0.166247570082723 0.19951847544419
-0.112582092207083 0.519576052388556 -0.106106358844344 0.119083730160874
-0.243021408525616 0.409728316410607 -0.0532875484786878 -0.0871823202229541
-0.0775400849513289 0.48023631665508 0.243213378146142 -0.13707513075443
0.233044364303698 0.34745497395958 0.120764980845853 -0.360670864174688
0.396551373222913 0.0295168813892567 -0.165243404974902 -0.333740360078601
0.281550209617346 -0.194016621511428 -0.295720985964826 -0.0944682728535673
0.121417005522704 -0.285891248482222 -0.183137829769434 0.0552167867089017
-0.0543603936973052 -0.275942944322849 -0.0674125743424631 0.0496395519767015
-0.109576230991092 -0.223888677911408 -0.0080202302456954 0.0247097424049667
-0.121678748953782 -0.227364409767848 0.0636626651300496 -0.0152268671857748
0.00286277417748402 -0.292153724104828 0.141088532236087 -0.0205848634058281
0.160604936418179 -0.254734115665373 0.218885094494764 0.0453234490932531
0.345145387471297 -0.174164154925879 0.196084026570739 0.201848811366296
0.366736167084559 0.162791634525656 0.0551289706389163 0.29044331511362
0.121599478986767 0.436129607750278 -0.122837724157275 0.157029949354538
-0.125428854039168 0.510870436015313 -0.0295167999486649 -0.0223100141748537
-0.270703518033131 0.331878800337132 0.0845255296047015 -0.238017262561588
-0.15695109434587 0.442524552064151 0.302979113221898 -0.208865867913372
0.15765675828098 0.374365034575679 0.203517670966997 -0.339677174272636
0.373670736286087 0.0822648400518667 -0.045667097930151 -0.33953510160415
0.291697801287788 -0.162277945883578 -0.186459739833016 -0.179825014465488
0.134299346263258 -0.269313599803708 -0.146487319162295 -0.067988854156436
-0.0396883880158022 -0.273208521239893 -0.0837161568569138 -0.0635366974598899
-0.104449619402013 -0.220892321635567 -0.0454652784972123 -0.0696172249209498
-0.119412003103792 -0.218254144697931 0.0257283273476263 -0.106101682090175
-0.00576144765497777 -0.274369302917138 0.120168022655683 -0.11279868615356
0.147578923681673 -0.243986588257311 0.230115126323566 -0.0415667577772721
0.325800907962331 -0.158472606982916 0.230461810444821 0.139797134477382
0.326643038225623 0.162492869007183 0.0991183429979304 0.24934713589449
0.0803168627119793 0.388342757416007 -0.0942161710522925 0.112213895596655
-0.140564952185107 0.430184066993121 0.0380993485354135 -0.145069756568142
-0.233200145559838 0.195884554565308 0.215287833660567 -0.357858132456075
-0.180720063338184 0.30848951184841 0.346128843082052 -0.261111855903335
0.0678791697120764 0.302040738147031 0.259334337591207 -0.301037613680353
0.273506206314034 0.0949223926693427 0.0512078219311375 -0.317303108339279
0.232973209415745 -0.109675588210001 -0.0841403964065537 -0.234957333756102
0.11340439082204 -0.204614995585395 -0.106565768930622 -0.169763017351737
-0.0244106005841808 -0.219986474576054 -0.0961003693203925 -0.160817303855043
-0.0835318400416925 -0.181608501524655 -0.0765107595327872 -0.152238582405359
-0.0973707646812675 -0.182068525171968 -0.00821370885468749 -0.185785768239363
-0.00525715703782291 -0.22552232756304 0.104420226950544 -0.190942656929117
0.128357951556693 -0.201310798666983 0.238653893687879 -0.108015032028237
0.278980271184741 -0.107943415932888 0.249758602644134 0.0972361751550249
0.242843214965021 0.167369657726368 0.118699523462009 0.21441298187256
0.0130016268415707 0.310786325550795 -0.0724216269612908 0.0739028580492283
-0.154262423773163 0.292851343645664 0.100003392366343 -0.231899509202731
-0.148354588630535 0.0272019301168731 0.302775544062008 -0.429657507521447
-0.147192523287896 0.122162370786066 0.354512002525487 -0.292957453236275
-0.00670540190732199 0.163043881852896 0.281412469202363 -0.269370178983483
0.134177155257437 0.0664364165942938 0.104018679082326 -0.29616343777238
0.130913859948819 -0.0503552427107482 -0.0232376632686853 -0.263649892810739
0.0689356349572856 -0.109122095575188 -0.0844916942767445 -0.233099660345954
-0.00856986346697729 -0.130205214465164 -0.107511298727799 -0.222562280083467
-0.050138683796959 -0.113600779006059 -0.0969264153057437 -0.209288166980589
-0.060255413328062 -0.121029692010527 -0.029366103804226 -0.245728091554041
-0.00162954714337466 -0.151142549701345 0.101762978136641 -0.249687988368085
0.0984928914359125 -0.138856534140308 0.255827544389757 -0.152248532844723
0.205723983662847 -0.0439250238889746 0.270398178953716 0.076352063415188
0.134341972725988 0.157641649643401 0.128159560184704 0.196125478631699
-0.0534561204882705 0.201864406129329 -0.0530157668934909 0.0527110247088257
-0.149781567445394 0.119384892625205 0.155490718081252 -0.270409414281503
0.0981870064705111 0.0379940615581977 -0.156431314166115 0.318168553832252
0.0707441273355955 -0.07747806682866 0.129873814345329 0.0144073317962975
-0.039413645233735 -0.0897909253844817 -0.0951724076861178 -0.242126993577394
-0.0914773813169771 0.00784663873972991 -0.321394498385354 -0.125282141568679
-0.0384399920202168 0.0536388690532608 -0.335391756403212 0.176385886659387
-0.0099906167092401 0.0396796923739194 -0.142667114926774 0.315949884086715
-0.000561508066196753 0.0460939437581958 0.0255742401510991 0.291415044955543
0.00541567650830516 0.0334496315285332 0.106367013524611 0.250609319956855
-0.0182451302261055 0.0204190093141989 0.130195232213739 0.237044882224894
-0.0287787896711447 -0.00611409669085553 0.106846988225504 0.252612994953878
-0.0198079654412879 -0.0123386426362189 0.0293964277159364 0.274777421221134
-0.00451089979982645 -0.04945017587149 -0.0918759921473146 0.296655372412754
0.0664759146453621 -0.0323853759238567 -0.247571986255838 0.257246020481913
0.106464830773349 0.062754679912673 -0.369062089466902 0.238353452115147
0.0507813704667555 0.122227694187702 -0.335867839019769 0.414532681428456
0.0373612824073089 0.197362346548729 -0.202208412504115 0.287920316649049
0.0969188771387681 0.0790801878577247 0.130051534937567 0.0167228736516043
0.0785387648852169 -0.0191717501876272 -0.0785245579160658 -0.270928553692455
0.0326498601841473 -0.0377863450941636 -0.332308661059897 -0.163354176795609
0.0260865211957705 -0.0352900685839819 -0.367392412230509 0.155024808475204
0.00503691677846387 -0.0622765349482017 -0.164396046176734 0.305695368002765
-0.0348189779840077 -0.0483687522365977 0.010816572887413 0.283571271813549
-0.0352168509560106 -0.0505027359293558 0.0936050489838912 0.237902531048493
-0.0458970569561051 -0.0756254913763474 0.132021481131861 0.212958577653435
0.0100089693508266 -0.117706188509239 0.126775517133218 0.227959621176347
0.0796539201098538 -0.0805603320885739 0.0693420118910175 0.265263531602558
0.137955091162053 -0.0433322323758128 -0.0431277517527985 0.307901997551772
0.155273934906828 0.0917510530828724 -0.193959207999419 0.283891881507025
0.0732688998302313 0.243297087324552 -0.300924708260788 0.234787587413896
-0.0409783510259683 0.302486899530181 -0.274651210066065 0.355456414742871
-0.0532727851999169 0.328418507244055 -0.205876690873882 0.202601565686477
0.0802464694044327 0.251994441480096 0.148859489527527 -0.00883225370753227
0.182942031101222 0.0929983016713611 -0.0364031245756037 -0.309913622935208
0.178719280024692 -0.0562406121399951 -0.320272867364289 -0.222147393353736
0.111583022699754 -0.121573532034757 -0.383931580435889 0.0994947342901781
0.0351995453683753 -0.164638203299463 -0.185999010176756 0.258605774079028
-0.0580856524936849 -0.14446445388696 -0.0144504410284172 0.237637093274115
-0.0724783097979499 -0.12797892108143 0.0667784445388582 0.190422269070791
-0.0769447519200211 -0.151870532175136 0.12209822373472 0.154464481334683
0.0211783430323311 -0.210239253624517 0.14750423885882 0.164528202239228
0.139460755021991 -0.158931003657616 0.13366552383231 0.21818846035155
0.253029715399684 -0.085392013205965 0.042780572591221 0.302365278175789
0.261046869909901 0.153786788870284 -0.1101779628319 0.310761416146649
0.0887708678358732 0.371785525673376 -0.227087992760427 0.224043467220787
-0.0905578476729801 0.440577964142081 -0.18963946908978 0.251803029899627
-0.155277033943853 0.401980633256431 -0.155138010179361 0.0718905147488642
0.0171549210967729 0.401450227873595 0.187293804060715 -0.0616433219455756
0.242313401500422 0.228167606799276 0.0340280639255038 -0.343658496414232
0.31372266039143 -0.0332928794851598 -0.262963111004264 -0.284917452256765
0.205230388943982 -0.181645407275146 -0.363391655231043 0.0125206389552316
0.0765640153747524 -0.246319534986482 -0.195447693141243 0.172371047912592
-0.0652747691133973 -0.225527507387396 -0.0433639472176071 0.155816887840996
-0.0985052909508735 -0.187017893616064 0.0303733133007946 0.116709883332768
-0.10492462287459 -0.20045616822309 0.0977478722556412 0.0741974854634268
0.012498178283864 -0.26874367837699 0.152937939909923 0.075890215537796
0.160706327179289 -0.223376161485391 0.188199412485318 0.137151222097364
0.31822897137506 -0.14454361779406 0.131223581588044 0.262481543160839
0.341689352917656 0.162775838164557 -0.0180249297998871 0.311532299698466
0.119434512404476 0.431651909779701 -0.164764085927821 0.196607038309929
-0.110793349157747 0.509334230007304 -0.105917764831148 0.118704848732779
-0.235815836349041 0.400709718349833 -0.0514182744423569 -0.0833237686123146
-0.0738025486168881 0.473858152340805 0.240378514342425 -0.132167903846708
0.229849338270953 0.33774390404023 0.120209600652119 -0.353254596818304
0.3869761551871 0.0248171003461773 -0.161608136670397 -0.327382965939779
0.273005304099314 -0.194479599462101 -0.29030111750213 -0.0881535334697908
0.11412172233833 -0.284947661264311 -0.180966456993076 0.0559270311052883
-0.057136687852774 -0.27160728494173 -0.0680350914718466 0.0498402340755246
-0.109458681679039 -0.217914327496799 -0.00870561039647526 0.0267391128836918
-0.12090022770263 -0.220130830603098 0.0621212895081897 -0.0154409118343367
-0.00113407184583394 -0.287368067126065 0.139903990315486 -0.0199609648331179
0.156846763853277 -0.252544026683503 0.217374446163398 0.0438840687313235
0.33635999316993 -0.175883951721287 0.193422849642169 0.199270100846122
0.361261098340304 0.156400355257041 0.0545812102847529 0.283164452578777
0.120804018163836 0.428356075350358 -0.122413276386043 0.155734448392594
-0.121925702349936 0.500173213388244 -0.0326501444253211 -0.020659465721169
-0.26376010795442 0.324682357791554 0.0821952975701441 -0.232304286852301
-0.151794549520925 0.43676060925683 0.298438112732882 -0.201723293011902
0.156092046938373 0.366297671898877 0.20145219201996 -0.33172742235188
0.366016345180828 0.0789657769125161 -0.0441301108298849 -0.333118608382175
0.283227556244458 -0.163698443623307 -0.184271540145652 -0.172962642551451
0.127472692118349 -0.268164208405756 -0.145758922565316 -0.0664781519112492
-0.0426766399587669 -0.268560734598223 -0.085619453781734 -0.0620012202000511
-0.103964312089948 -0.215279129874689 -0.0469507006055663 -0.0660216076892024
-0.118419477023645 -0.211439701767733 0.0232681821617734 -0.103767007536085
-0.00924194894748213 -0.269832035392365 0.118243641540922 -0.110467416789163
0.143917336009463 -0.241559876164903 0.228062888398629 -0.0419531307474618
0.316982151075034 -0.160672995039473 0.227640099593258 0.138317748597251
0.322345288851992 0.157066693851378 0.0974475404021014 0.243879683896711
0.0806632315163866 0.382201679448088 -0.0937920262010369 0.111294164690234
-0.136977362324221 0.421870365352411 0.0326313691110494 -0.141727896846732
-0.227800922490595 0.190877221424744 0.210703729883869 -0.350613143756607
-0.176012993949424 0.303713654287723 0.339095099543448 -0.253689698910073
0.0672403895179873 0.295137858164459 0.257557957816134 -0.294918621756614
0.266892270384845 0.0916765828117993 0.0514643915932056 -0.311032066827815
0.227015995944013 -0.11088611839924 -0.0846362681798168 -0.229155708804055
0.108157383822375 -0.204022440992435 -0.107437063142068 -0.168015464004779
-0.0271971151267311 -0.21699292127679 -0.100137648445057 -0.157140014443531
-0.083289420455009 -0.176507044341172 -0.0789527041706887 -0.146548291622363
-0.0967553244275784 -0.175948354635049 -0.0105902870621917 -0.181144690322969
-0.00827414606233531 -0.220845601738043 0.101690795340134 -0.187734587253398
0.124510741752549 -0.198959822624233 0.235555513327387 -0.107997818023264
0.271452086018406 -0.1093054400918 0.247280044014052 0.0961673324632977
0.239455765668886 0.161685634526215 0.117377137646601 0.209375253553712
0.0138527372940342 0.305880730562337 -0.0721058364049661 0.0732224952672711
-0.150099498209587 0.286044220908159 0.092398547214082 -0.228604707989388
-0.145168031527573 0.0256492974081439 0.296515637414738 -0.422754450489103
-0.145300139679308 0.11965875476174 0.346491231747701 -0.285811446751517
-0.00594468019307834 0.160488200793703 0.278467640026036 -0.263545011151873
0.129983157279489 0.0649467831584916 0.102916135238899 -0.290731125125878
0.12710043692006 -0.0514986528458731 -0.0254389516602398 -0.259491589484828
0.0659446553059276 -0.108651201772586 -0.0875296183910416 -0.231123278117522
-0.00976574801480714 -0.128035951640271 -0.111805775774724 -0.217661272431731
-0.0491288512327934 -0.109746592023485 -0.0999848237666988 -0.202952867420693
-0.0592988649849047 -0.116779981802113 -0.0323921460106242 -0.239281083897808
-0.00307283268363173 -0.148217087725237 0.097593847859899 -0.245807514100442
0.0949870027640963 -0.136329234977052 0.252013068585887 -0.1518749872335
0.200708130746637 -0.0454606116641219 0.267449869769539 0.0755228090017242
0.133181998062308 0.153601058187044 0.127508158320639 0.192109488210888
-0.0526087465743387 0.197600134236836 -0.0535400682910968 0.0523261333536167
-0.146057046853246 0.115650242604697 0.146459007494699 -0.267059906636909
0.097365600477341 0.0380591991504191 -0.154093850965899 0.321709657193977
0.0711909947098236 -0.0786509654203717 0.133410749009877 0.0120106264157182
-0.0409435539056116 -0.0911139038171561 -0.0979604118130125 -0.245987807129237
-0.0917061533600386 0.00910703283267716 -0.328889343908808 -0.126586560594468
-0.038435060656937 0.055356095985801 -0.337034347563 0.182394149484997
-0.0110088930466552 0.0417395586794054 -0.140181288353604 0.32260164473997
8.68066829481512E-05 0.0470037291308264 0.0292971895169738 0.295005945176433
0.00560750657291811 0.0329896316517821 0.112780852323577 0.251544009390758
-0.0188298171075365 0.0210223271286449 0.138366015964419 0.237552586919916
-0.0298864578009323 -0.00629778795482774 0.112413069907365 0.256090730514428
-0.0184068116971782 -0.013885715576048 0.03123137279108 0.278975076826334
-0.00503313920463354 -0.0497261622243729 -0.0920179564881612 0.299546172693616
0.067399350278805 -0.0320959735031289 -0.252827699385138 0.25896862398142
0.108751216327081 0.0622858095005357 -0.373648758746414 0.241884301933046
0.050000539823071 0.124539646308975 -0.334686575994961 0.421958416099957
0.0387397234671849 0.198294778010789 -0.200139731900788 0.292239664867489
0.0993396453939503 0.0789299322921013 0.134374572601589 0.014582712292452
0.0786593548955385 -0.0216840599248955 -0.0804473173206016 -0.274478102561145
0.0321585060813678 -0.0384368577729546 -0.338918817569392 -0.164653244464252
0.0248740967575895 -0.0352611906284032 -0.370035374956626 0.161244239617137
0.00240066900235508 -0.061745740782464 -0.163017867652022 0.311696279124872
-0.0358343286904296 -0.0478244553056453 0.0135287539675781 0.286113506987737
-0.0367533180656117 -0.0510244217610028 0.100149950590615 0.23957047111349
-0.0477298290756644 -0.0756902973036149 0.138710258220778 0.213828535851714
0.00674838115529858 -0.120028866674665 0.132354993318494 0.230804847652548
0.0810093177321925 -0.0841036551006377 0.0723343682150309 0.269002417445028
0.139236190308197 -0.0453737883914482 -0.0425671686888931 0.311629991121473
0.157881598472464 0.0917206515874632 -0.197837399709836 0.285450774112177
0.0764530411536763 0.245165014610859 -0.3050875772291 0.238511453202077
-0.0416287117365268 0.305354152841483 -0.273325438448738 0.362870023396917
-0.0513828378519889 0.329621646253692 -0.203890271247349 0.206516706521657
0.084742136129186 0.253811010396114 0.153851665483407 -0.00947370038785653
0.184639470134092 0.0899725257187461 -0.0378441352733134 -0.313650511825618
0.17870108560197 -0.0592552284188582 -0.325433885706093 -0.223322081554141
0.109509429960817 -0.124284935213771 -0.386566328767978 0.107016804588746
0.0316420709598978 -0.167384346229228 -0.18565197809234 0.264523653668512
-0.0610559781368111 -0.144949025984371 -0.0126335145158475 0.240254660859622
-0.0745141264852986 -0.127977348269235 0.0713169531045345 0.193105595301433
-0.0803824431471919 -0.151485253759448 0.126961404889264 0.154325376997755
0.0165960540622271 -0.213994525694781 0.152950716262458 0.166609519805569
0.140683808121841 -0.164206908928679 0.137744055187326 0.220884389115262
0.254070951234282 -0.0903727660226289 0.0445140538945183 0.30650214279329
0.265091423521574 0.153339008234648 -0.111785538334265 0.31251435960816
0.0929889596247765 0.375170089378926 -0.229622327834741 0.228336633534297
-0.0902786098380139 0.444713641816699 -0.191053330679702 0.256648946139681
-0.153939695183127 0.403017565496015 -0.154152132462194 0.0747750759345363
0.0220286270728884 0.405941964408431 0.191755702446091 -0.0611822319818548
0.245249652653938 0.226576965846914 0.0336958993672046 -0.346651203616714
0.31456054534677 -0.0376314070028332 -0.267602191790015 -0.287463895580988
0.202441384366855 -0.186532564555023 -0.365942157136363 0.0188111780812056
0.0719779339757399 -0.251212736655135 -0.196463896359543 0.176651882203662
-0.0689139276540412 -0.227374509262642 -0.0431603993346549 0.158140722005857
-0.101499484525989 -0.186682402532436 0.0328218030494661 0.119440135164675
-0.108587847182753 -0.199918815060021 0.100100274743764 0.0740896564743761
0.00670193163174504 -0.273304090461839 0.156669612364183 0.0767851593264667
0.160253878706334 -0.229230402881425 0.193274211365802 0.137743320634747
0.318751123439151 -0.15134718234308 0.134531828026987 0.265993239415971
0.347096325514044 0.161685844437099 -0.0185912579397115 0.312936276107572
0.124247006597564 0.435976312851312 -0.1659090108981 0.200192582690837
-0.109981273015637 0.514070089806773 -0.108836995819089 0.121510526693841
-0.235009668273077 0.402688532003712 -0.0509545892151213 -0.0814987176528887
-0.070433111178399 0.480024660811734 0.24420314665166 -0.131543699434424
0.232081918360711 0.337848540655694 0.121943118567823 -0.356151211144785
0.389523276292257 0.021185637851558 -0.16416535565191 -0.331440976316866
0.270355403831195 -0.20072525318536 -0.29443724908579 -0.083388747566916
0.108218300468473 -0.291244754507607 -0.183058383724411 0.057899154238368
-0.0630227607592159 -0.274363995810444 -0.0703667658046114 0.0512424100592217
-0.113259701377402 -0.218779994481394 -0.00942204022028694 0.0297697344297662
-0.124844374760698 -0.218767597553011 0.0628008818699901 -0.0157842141795995
-0.00704649412602002 -0.291661467754753 0.142670967324931 -0.0205308804760635
0.155952975273446 -0.257827760230861 0.22240183898364 0.0422761345681006
0.335339209220141 -0.18356123273181 0.19691410696211 0.202878394216489
0.368260524847706 0.152951301855659 0.0557773897794525 0.283817182309085
0.126600538887048 0.432125584824258 -0.123153779400873 0.158913636614512
-0.121141949585994 0.504351665702666 -0.0364266754916564 -0.0194248801905142
-0.26318552161421 0.325757230374878 0.0843340585446673 -0.233218913725373
-0.150412891961189 0.44392900471391 0.300638169500895 -0.202047886917877
0.159164020232393 0.367445786370018 0.204212438113418 -0.334406342300174
0.368851475848892 0.0761242297255912 -0.0449645969845432 -0.335670197018372
0.282039725875071 -0.16950860733601 -0.187380925815896 -0.17072695920097
0.122710833875621 -0.27449899446942 -0.149582677197524 -0.0663258138077228
-0.0488886313807566 -0.271926942076211 -0.0908036112129189 -0.0614869503330732
-0.107475281829786 -0.215290978181451 -0.0496190316764546 -0.0629618861371786
-0.121274561628524 -0.209920937968223 0.0215590196943201 -0.105146120095401
-0.0140064336293533 -0.272500699083337 0.119531874542247 -0.112606839996592
0.142805660224254 -0.246557295680454 0.23211800300657 -0.0449050641268129
0.316326707383914 -0.167611954063891 0.231801682850703 0.140662386072575
0.32788984631355 0.153881537986968 0.0994906431095949 0.243874624120616
0.0848417112774002 0.386197808957584 -0.0951951769268043 0.113616418114494
-0.136248839889751 0.424529701870691 0.0274275682181559 -0.142969509293601
-0.228540307842909 0.191682726821021 0.211549446728226 -0.354389472945195
-0.175721567300519 0.309038731563406 0.341097113812367 -0.254585667670527
0.0689329701369923 0.296377462656161 0.260478715996462 -0.297860332165594
0.269619519642633 0.0904406272639149 0.0517209913446588 -0.314699889637835
0.225696928285709 -0.115499255739683 -0.0883349975448737 -0.228695080406952
0.104672702755517 -0.209147003343943 -0.112776389493268 -0.171036242343431
-0.0319420664943327 -0.218806510302791 -0.106954826886211 -0.15809987541011
-0.0858989766693204 -0.176814153161213 -0.083867942388742 -0.144752010120793
-0.0980849190696914 -0.174834780378098 -0.0138870980430413 -0.182098220565188
-0.0118611584617411 -0.222442641950569 0.101166376295199 -0.190226934352601
0.123598565153414 -0.202731481686148 0.238595933306079 -0.111841215499953
0.271475610269284 -0.115678636315271 0.251518343482352 0.0977577317126494
0.244344391132293 0.160344541912354 0.119621751574521 0.209964389949451
0.0170767172374873 0.309192489971102 -0.0741501197716902 0.0745777341218961
-0.149161608893973 0.288376568114008 0.0868750824640161 -0.230859928616759
-0.146234914842007 0.0250375685408311 0.295973187805156 -0.428243835438256
-0.146029321679545 0.120859269679744 0.34815041628531 -0.286935132598356
-0.00548527146722899 0.161380539844002 0.282315144147399 -0.266402601883258
0.131137767350575 0.0653907565042955 0.10328365550095 -0.293816768681713
0.126478017395654 -0.0545556165904011 -0.0288078880931685 -0.261977056571505
0.0641573713778768 -0.111172532212722 -0.0938145482227114 -0.234432381249181
-0.0122109746551302 -0.129251853651862 -0.120294977574784 -0.217919993155658
-0.0496836758195452 -0.110465713980098 -0.10592585905349 -0.200853496727144
-0.0594871516143267 -0.115886634222068 -0.0376922662012426 -0.239108692992816
-0.00481622047732737 -0.148255244731867 0.0973691708094813 -0.249091450519505
0.0948731836510812 -0.138737258541933 0.254779411635285 -0.155775933481419
0.201229150385948 -0.048299476010729 0.272426588562773 0.0753129544996131
0.136015315271114 0.153720013513418 0.129500284018609 0.192821630752311
-0.0517146915514512 0.200109544261417 -0.0556518941913352 0.0533323592335622
-0.146620746019948 0.116760726488631 0.140261516620382 -0.270348550788293
0.0993585799240445 0.0366622236615547 -0.146119929085837 0.333531155671939
0.0714934713310695 -0.0837280494668364 0.13957508211203 0.00751973389200587
-0.0455230382974075 -0.0923304272560418 -0.10766945636492 -0.252441964553675
-0.0931285176476665 0.0125158045370336 -0.344026114377289 -0.121355620176142
-0.0374459277619616 0.059243863357349 -0.340073635618395 0.198980072873603
-0.00932301085479129 0.0451847754835037 -0.13224102483988 0.338329975735442
0.0022678018399063 0.0489499191408945 0.0420923092063882 0.302212676681219
0.00722009963487719 0.0335014022044563 0.127804879136906 0.251766670652589
-0.0189565747263072 0.0222899420720288 0.153528781536833 0.239385962015254
-0.0319045829794604 -0.00575974265563373 0.125728421678849 0.261710855729572
-0.0189626480339696 -0.0146441453170892 0.0399789549600679 0.288084884479816
-0.00657262462811151 -0.050537481130784 -0.0866635524107402 0.309756866272724
0.0685909093146714 -0.0343357461615684 -0.255741310733655 0.27219379705927
0.114214381176916 0.0598978854110494 -0.37776861291434 0.259406581804773
0.0538326874373749 0.127362212861031 -0.330046468621809 0.443239546363945
0.0438775013449318 0.2015859912797 -0.193557765244479 0.304593678190233
0.105819036433597 0.0785486032701871 0.141720087449543 0.0109534820357829
0.0790655835882926 -0.0264163525948017 -0.0902242167900542 -0.281223415392909
0.0316578679521486 -0.0420398283770139 -0.355319335514008 -0.161019134379417
0.0235132050328528 -0.036681710440967 -0.374165916571353 0.178700967812053
-0.000768051124736662 -0.0629667198083304 -0.156489372461146 0.328698978604116
-0.0388750620607605 -0.0472742755166941 0.0249071318470331 0.293948438221668
-0.0393076903426184 -0.0511029052546062 0.113515504533264 0.241123571680714
-0.0526924195167948 -0.0747287936279117 0.152929235473546 0.214144469953902
0.00117895383092495 -0.124387563712256 0.145983827742986 0.23513223173282
0.0817000723285274 -0.090806750622813 0.0823122907596513 0.275992460210666
0.14107235620577 -0.0520805810996601 -0.0354819351139475 0.32194727861583
0.165208345119451 0.089964934718377 -0.198532927037268 0.296742628109134
0.0861750934075052 0.250591708401432 -0.308120566598223 0.254305544539084
-0.0349985875144172 0.316231650285388 -0.270252104677629 0.381927837839585
-0.0441828183820441 0.337041228397279 -0.200855698349708 0.218801625633764
0.0960401015489404 0.258493411824335 0.160960830260952 -0.0134552481297166
0.19074719092592 0.0844010735903135 -0.0463956175183218 -0.321987275211998
0.180427300870574 -0.0675798366445537 -0.342185876273476 -0.222131515203938
0.106624824226817 -0.131393868307293 -0.393583774248729 0.123750974958466
0.0237917256508033 -0.173097690379145 -0.181107303186689 0.279957426290354
-0.0684946269882435 -0.146700578566495 -0.0045159670831154 0.247575272009374
-0.0812393331085023 -0.127991477473953 0.0820958181403082 0.196045073741175
-0.0882235336982343 -0.152724767711396 0.136722847107707 0.154489559256845
0.00717871294960551 -0.220959118792193 0.164150611690987 0.167507892108516
0.140154482503941 -0.175432441334604 0.14892249106376 0.223600979579091
0.256817716250699 -0.102873008899942 0.0540057316474441 0.315335791784275
0.277702746098809 0.148175636608108 -0.108518998043813 0.323117789251647
0.108246212934319 0.384305657201665 -0.231542371814484 0.242043096013366
-0.0793638639688597 0.45921090408772 -0.190066588332686 0.270284232027794
-0.147669052190072 0.415048354116201 -0.153371062834323 0.0830139394362352
0.0361216907029315 0.416994283459919 0.198395053188586 -0.0664460002528659
0.257116709273818 0.222952979664941 0.0270356443735003 -0.356677190169054
0.320607845820917 -0.0502544606862979 -0.283436375984109 -0.289077912206997
0.199792822655778 -0.199186718158087 -0.374805821395543 0.0343284790688988
0.0622083651020062 -0.262006588129523 -0.196193386554486 0.189616803841302
-0.0809775654751566 -0.231267536430404 -0.0393212271990862 0.164160280963089
-0.111024267551391 -0.187398791162176 0.0392082677736402 0.123211723801433
-0.11864271395745 -0.200538714936378 0.107179558014807 0.0723990655611562
-0.00500141820026288 -0.281765435664361 0.165857283116165 0.0749387208714214
0.15789245126826 -0.242541304806065 0.203961948667291 0.135001347669631
0.320613310965459 -0.168879776388781 0.146380708356742 0.271741091772241
0.362441554671304 0.155115056790105 -0.0115416355995588 0.320320451930121
0.142300517015394 0.444121917009071 -0.167231934880178 0.210898677482888
-0.0980886870058454 0.529945818873456 -0.110438308328516 0.129360661737508
-0.230059756475025 0.41709448188634 -0.0520027031438281 -0.0806266738025873
-0.0574471308825548 0.497383009758932 0.249194640599784 -0.139389684356936
0.248386637692537 0.33846865732695 0.117858455573203 -0.368396731034178
0.398922472087164 0.00763591133757811 -0.178265019669331 -0.335538645657559
0.269059134672163 -0.216835930547654 -0.303182319789613 -0.0724078515201722
0.098428473210995 -0.304788360743148 -0.186851093111389 0.0660913348230926
-0.0769255226772511 -0.279499364117976 -0.0722349624851231 0.0553700588379586
-0.124207470494976 -0.219069313938261 -0.00832055030365072 0.0332059300509318
-0.136226189063729 -0.219143214094527 0.0647165110131957 -0.0181401435988873
-0.0199470834485844 -0.299693531792012 0.147936113599648 -0.024535449208412
0.152035008629357 -0.271679244140516 0.231407999627458 0.0357351538110078
0.335990128607809 -0.202317975835864 0.209966226748853 0.204817686720385
0.383895696937496 0.145286922786798 0.0639261184714371 0.288948151319602
0.144693387456314 0.440747799141289 -0.123534366291861 0.167400947472469
-0.110494267380655 0.521881209443483 -0.0417218426406998 -0.0180312645811324
-0.261373025887446 0.339494919144937 0.080519319044696 -0.239953490812213
-0.140710211252818 0.462243272187913 0.304840716794704 -0.21337975450171
0.172941900537238 0.370952320633339 0.202882107101847 -0.347308753712833
0.379624555779508 0.0655041312329966 -0.0552125593726315 -0.343760565057857
0.282414335261151 -0.185222483826812 -0.197285742527264 -0.165234530009734
0.113448076078018 -0.288180191094635 -0.157468545175048 -0.0640627496046741
-0.0623095162761844 -0.27758999822659 -0.0983318154692781 -0.059527292706292
-0.118192230646051 -0.216352642905148 -0.0541784790543482 -0.0600505887846713
-0.132069419660132 -0.209836498647173 0.0190433276615169 -0.107271552944236
-0.0263283927672583 -0.279181608729894 0.120384995537571 -0.118758347223682
0.138304684775525 -0.2586720531952 0.238204853201122 -0.054466890210223
0.316406942835405 -0.184834400090926 0.243796112428042 0.140190821586149
0.341459747334967 0.14581311491895 0.109291636991811 0.24679603336442
0.100122358043577 0.394767592721104 -0.0961665912685032 0.1192804524084
-0.127078462540464 0.439713491759989 0.0190054745144334 -0.14688303514296
-0.229287457990173 0.201649871814434 0.208766354645765 -0.367851900471801
-0.171174539540723 0.323508159660958 0.343759148036215 -0.268062760973226
0.0787317533097146 0.302049872493742 0.261521491652022 -0.311443143823875
0.278355877000601 0.0845053850674399 0.0459540774318407 -0.32341582781817
0.226743850710765 -0.127523693278166 -0.0974035404620345 -0.229999959668992
0.0979854349105315 -0.219529990530481 -0.124169178156395 -0.172234473038447
-0.0429487064181946 -0.224072671406842 -0.119772849632604 -0.158032089439617
-0.0935184886934957 -0.178225742521878 -0.0930706046625657 -0.142359910688984
-0.106383346065973 -0.174789225078949 -0.0215103639071354 -0.184806878127329
-0.0208326646280883 -0.227290678672369 0.0987276025265882 -0.198489220929372
0.119661017910066 -0.212706330878104 0.242690438359959 -0.122998297326341
0.272828648082561 -0.129336575324672 0.262919742098568 0.0945358049536082
0.2555199593316 0.155878938480133 0.13000252525801 0.211714438128013
0.0271379892447568 0.31732710107851 -0.0756820393107496 0.0790605402998364
-0.144941307144324 0.298467102324322 0.0760781118696584 -0.23866493939798
-0.150316142933988 0.0295977827464183 0.294649041354747 -0.445986060757869
-0.146805243094482 0.129015559968821 0.35117896281394 -0.300970388412945
-0.00088670852239571 0.165340133414994 0.284562596151005 -0.28116104144502
0.135329997071911 0.0633479852792383 0.0994128739414182 -0.303762536873634
0.127036454384026 -0.060896571249132 -0.0380275729446754 -0.266008910783335
0.061336018354607 -0.117007925824092 -0.106500114144045 -0.238966323298844
-0.0183109301961458 -0.132525037499616 -0.136021660856795 -0.219106320280679
-0.0541900990156563 -0.111676656727933 -0.117779474217866 -0.199883317890181
-0.0642810179448368 -0.116388192892061 -0.0473881888267761 -0.242905707312687
-0.0102879629507551 -0.151138375181501 0.0915469653272873 -0.258220822277392
0.0914425494152123 -0.145493995575553 0.257709624364664 -0.169055416253576
0.204220494682664 -0.057278206841901 0.284199593732257 0.0706278642518993
0.144712323584592 0.153467095713154 0.139423973244884 0.194506376564434
-0.0473490609511477 0.206429406544557 -0.0579377449203074 0.0562130211927861
-0.146848043762675 0.121238550439125 0.130285133734056 -0.280656456951026
0.101040045408216 0.0330057847881664 -0.127740953890531 0.348368785245987
0.0682837505942578 -0.0900479996382113 0.144614608385021 -0.00172557123471158
-0.0525845801582244 -0.0913693800551304 -0.126934766659799 -0.25317387381715
-0.0938516482263275 0.018556632603566 -0.362260229329068 -0.103395173467246
-0.0339752581685581 0.0637043611979225 -0.33507082580569 0.224944792173966
-0.00582931942673959 0.0484254291460071 -0.111739412646598 0.355938661901831
0.00620533375282206 0.0504735284784637 0.0632588243249764 0.305016273763523
0.00923488303095729 0.0339977087315796 0.149150273093501 0.246809130263031
-0.018737351284668 0.023935216910424 0.174936511287948 0.233462937450578
-0.0336794531475845 -0.00359227881192859 0.147873748146429 0.260263712293138
-0.0199855220040137 -0.0145209945725433 0.0581945556358515 0.293784246387816
-0.00938824460647562 -0.051140094830302 -0.0709998121266989 0.319653723249016
0.0678747208518803 -0.0388116510039206 -0.249151796604385 0.292209494290482
0.120977578600334 0.0536747867651729 -0.37289690935443 0.288079801201986
0.061772569549727 0.128508323222768 -0.308588024890413 0.473802327103605
0.0543315776839908 0.202792906122341 -0.177669015098901 0.32207907045485
0.114153727456268 0.0733509832644103 0.147810780498397 0.00215570755263468
0.0777757757580694 -0.0332312373220947 -0.109776993123167 -0.282932776403383
0.0295350954788114 -0.0453464975077459 -0.37497512681137 -0.142701965020763
0.0213967578682067 -0.0386052391565634 -0.370265993517505 0.207521943669858
-0.00554813032955927 -0.0629154301649791 -0.137694031858619 0.347211465912097
-0.0427829234557675 -0.0452582497097651 0.0455133979531261 0.298339755561718
-0.043419548642977 -0.0491533431170766 0.134273970006064 0.237490879608667
-0.0593002360234959 -0.0727411940730873 0.17256852035145 0.207940143553453
-0.00899768766783836 -0.127767682662347 0.167062985691939 0.232563511900008
0.0783390390155948 -0.0991571837556373 0.101323721709581 0.279065776271021
0.14100525281828 -0.0627018935700212 -0.01755940605089 0.330805332511557
0.174719994302934 0.0819490268617405 -0.187850470508965 0.313349344393526
0.104242625904591 0.250310163679424 -0.301754258648658 0.278863787212483
-0.0169423932436533 0.325459422736456 -0.25354471887091 0.406026875460371
-0.0270284627130906 0.344924552349704 -0.188775380241747 0.236256300015436
0.115621667013949 0.258295789955539 0.166308846972631 -0.0235705880280993
0.198020641300924 0.0726790103834264 -0.0660986559578743 -0.32682554268695
0.178879515528183 -0.0819507488112893 -0.364564708488792 -0.207057671979243
0.0993843445596491 -0.140429068085452 -0.392170998728995 0.153738254240809
0.0110869371041419 -0.177697110634771 -0.166846229686604 0.298743795963703
-0.0808710382274392 -0.144251808413215 0.0118157318183868 0.252489877578711
-0.0917188413549103 -0.124299381050378 0.0986560803638957 0.193972015141477
-0.100475294308001 -0.148383823377044 0.152035016133429 0.147897846051916
-0.0100826497364709 -0.227350896215921 0.181343517375194 0.16260637422178
0.132224182558939 -0.189492811683105 0.166520898900181 0.219765209689637
0.254355267564593 -0.122775629484012 0.074597638183767 0.320077212512023
0.292828946299154 0.134520743607671 -0.094323485327376 0.3346863779808
0.134975129621268 0.386876143501616 -0.224280316037661 0.260304300075487
-0.0544386205338224 0.474525912417681 -0.178731747570743 0.288467676759253
-0.126233539865458 0.429883599977965 -0.149201208096782 0.0950751151604432
0.0633100203923281 0.424304194741072 0.201837603490014 -0.0779010856053613
0.274245701687184 0.210159633871821 0.00796027344324589 -0.366781800778641
0.322193603106199 -0.0730440574491654 -0.307045368876165 -0.279269879623982
0.188987219784304 -0.216664171945423 -0.378149402643672 0.0610274909843239
0.0432378641485972 -0.271912077557662 -0.188561856645878 0.20640198759798
-0.100360200589457 -0.229761522931091 -0.0306161108494671 0.170610684345276
-0.125845757248501 -0.183024545125283 0.0495693777840655 0.12384485859674
-0.135020025205286 -0.195213594208001 0.114615017507864 0.066871256384662
-0.0262467700745736 -0.288001785589733 0.176993457749714 0.0668680368412562
0.145716496001468 -0.260009896195475 0.218196229973236 0.126120763239388
0.314258639771889 -0.194685623388804 0.166318647865391 0.27103717018139
0.378493205704959 0.133773744672676 0.00596010296019169 0.32640065030787
0.173492887782592 0.447719113574148 -0.160058941750502 0.225815326932034
-0.0685363385691544 0.546659920137835 -0.107971729967177 0.140644077852981
-0.211150240445374 0.43686301207777 -0.0559715282195569 -0.078330043088424
-0.0257560779282469 0.512236359842323 0.248743697487271 -0.154376415966411
0.273703966814087 0.328470521839223 0.101012718338007 -0.382444889987056
0.406759806320486 -0.0178601830983206 -0.202049168282168 -0.333483180820056
0.258895806463262 -0.239517931510708 -0.312586821459699 -0.0523676551900148
0.0768311807933157 -0.318656324907923 -0.186944210615724 0.0794782458110368
-0.100366971084335 -0.279855129644112 -0.0722378672378431 0.0621044491620702
-0.141901350634322 -0.21426360671167 -0.0054651206629786 0.0363972368866573
-0.152731219446651 -0.212961568495954 0.0647728376691321 -0.0227080573348026
-0.0425177792753304 -0.304587980426234 0.150696232822574 -0.0344970066446239
0.137997246434556 -0.288840283114742 0.239776214958793 0.0210232399994743
0.326857688023336 -0.22977140222927 0.228584233242194 0.198439087576905
0.400842732611829 0.123128428365517 0.0826638026045574 0.289744964194612
0.175161873054416 0.44401839797304 -0.11748922861588 0.178852955111298
-0.0807158610579553 0.538110713289964 -0.0478288739308506 -0.0138875759236028
-0.247002523838651 0.359929846659256 0.0708659381217289 -0.249404716244677
-0.114567776541547 0.481772424943967 0.300028708587145 -0.232514589011786
0.198499709709132 0.36809435935991 0.190084545088048 -0.366361067973077
0.391099839624887 0.0421152220971926 -0.0748556007734835 -0.348005127496793
0.27403061425878 -0.208605465924988 -0.209874163823016 -0.15363150796881
0.0934404919655942 -0.302597819270979 -0.166055941768332 -0.0555352744476501
-0.0860310349581574 -0.278988213356636 -0.107669205844575 -0.0535330208013715
-0.135038137814234 -0.212426375657451 -0.0595958223623383 -0.0553942321506368
-0.147998595020706 -0.204122944921338 0.01146338559561 -0.110070880443298
-0.0465248346337664 -0.282907774423544 0.116512911991568 -0.128525959356862
0.124496048994764 -0.274323669600687 0.241392573869506 -0.0714606668679763
0.308162117758043 -0.21195697951549 0.260544219047777 0.130348012701189
0.35843355650549 0.127261695458807 0.126247625614695 0.243706229418816
0.127935404108217 0.397931130862203 -0.092850064586958 0.12834503137654
-0.103065297208024 0.454258352537915 0.00531522361780826 -0.149110369493292
-0.223643223827104 0.218022923726631 0.193451099033063 -0.385987208039751
-0.155021388090681 0.341501916639343 0.335966699470106 -0.289625007432142
0.0978594908338832 0.303022514707284 0.252076693367904 -0.332464799696759
0.288648382316307 0.0684948707834451 0.0295148104538624 -0.333303784281446
0.221840753962926 -0.14564763031773 -0.111038930600809 -0.226529392693041
0.0829453733167637 -0.230981426951386 -0.139831158692287 -0.169243777805968
-0.0613004150256236 -0.224441001100724 -0.136723716852855 -0.151591651563985
-0.107362575490338 -0.175633208944078 -0.105431815678997 -0.135745065883545
-0.119284119833287 -0.170052602163619 -0.0340659808707907 -0.185756888104261
-0.0367743480423644 -0.229961495263688 0.0884343077603426 -0.208150979791176
0.108187074503097 -0.225521533820202 0.241256978702634 -0.141532861538602
0.267498948545293 -0.151146592594476 0.27641523576034 0.081954112818981
0.270960732333641 0.14253727325249 0.145466415415305 0.208043854459299
0.0475568010335894 0.322902909954439 -0.0747204909756624 0.0861395679973029
-0.130280622079885 0.311768896444269 0.0575795745070768 -0.246295665878275
-0.152495076293586 0.0379806414060862 0.274690098224041 -0.474665162355189
-0.142464058466493 0.140553044032498 0.339649676506303 -0.323854147905896
0.0083977941569727 0.168593977416699 0.276944668248184 -0.304020927605804
0.141513648512264 0.0566818363464202 0.0863995477860244 -0.31514146200524
0.124095031808483 -0.0711619900179794 -0.0542207376675496 -0.268352376496635
0.0533782481942845 -0.123389661713442 -0.12727171027732 -0.238088928932635
-0.0287520031378901 -0.133221128105199 -0.157604632180008 -0.212544173790705
-0.0625499910314034 -0.110439812800727 -0.135368840551906 -0.192182813940314
-0.0717521867475592 -0.114069214897666 -0.0647013248361376 -0.241787042090934
-0.0200551191587855 -0.152434672244767 0.0768735023401017 -0.268864021766432
0.0835215907014457 -0.154015142452028 0.253899314030857 -0.189663610312518
0.203108399997939 -0.0719081526658804 0.296104507491958 0.0552198332090618
0.157991223264273 0.147546999535985 0.15447403368482 0.18983376760384
-0.0362061752213932 0.213709999520016 -0.0581872483895559 0.0620586729352883
-0.143079915086324 0.130834188962552 0.109676910016959 -0.292217776126382
0.0798907208726239 0.0733683674386208 -0.264021571503726 0.261205403133072
0.0995034142830695 -0.0545342857632485 0.131309412010979 0.060978969634316
-0.0110411551144563 -0.101513401671692 -0.00997491362974471 -0.280245546222721
-0.0891771289049767 -0.0181885318642165 -0.288829196276095 -0.245035665498274
-0.052187939099785 0.0463916276654766 -0.396700538340464 0.0661039111617167
-0.0225713191196737 0.0441936306452361 -0.249278705987128 0.275641936395979
-0.0128873514584784 0.0520893919994537 -0.0693491830519323 0.301785645810028
-0.00436985826220572 0.0353689224291346 0.0363423000731877 0.281367457169281
-0.0251201376517607 0.0145653442519417 0.0667053551199506 0.281656414698369
-0.0279227917126448 -0.0162318070573409 0.0287672820403312 0.296206845832028
-0.00974042588427486 -0.020675399227001 -0.0714684238947991 0.290627114361119
0.0139674550222011 -0.0447051391434493 -0.200364804622875 0.254608433457948
0.0757525360979813 -0.00169874227996622 -0.353342400412077 0.153708767833801
0.0828181649614015 0.102594002909623 -0.470040960764732 0.0985677582434997
0.0019953310381827 0.144330383871322 -0.496828805346417 0.288167822430688
-0.0337929799209689 0.206880910681565 -0.292982620276369 0.217195298243216
0.0721587935255522 0.113779812073613 0.134410463390121 0.0605403173607217
0.0818594495509213 0.00624760972342446 0.018091258979888 -0.30491664427495
0.0464766250142843 -0.0246743469820333 -0.285378360309981 -0.290946917795978
0.0400800595742682 -0.0220408718154906 -0.425678905745327 0.0323703783290897
0.0229151171884765 -0.0571270264273465 -0.273305943407929 0.257249296296035
-0.0191772472405311 -0.0556318962578558 -0.0842285361694272 0.288624073960467
-0.0178317618734313 -0.0625463164754981 0.0258045369057906 0.266615644023451
-0.0230699719145121 -0.0903328362264299 0.0746599383825518 0.25745767422183
0.0438716701716473 -0.119954375028735 0.0591076511152915 0.278096961531612
0.114593321218086 -0.0586174252120203 -0.0207329447586706 0.296179410473991
0.153809555302126 0.00590178691443569 -0.153275149805643 0.291239014901664
0.121550994488448 0.152548114805387 -0.309609143422625 0.204097483976439
-0.0140494256571876 0.275764321912645 -0.406546075353609 0.120019718667686
-0.151098847973007 0.289081924545352 -0.418959769447587 0.248526165669566
-0.169427486011972 0.300547263479675 -0.263062893113331 0.13664682289091
-0.00396741731133416 0.284036037447005 0.165188271389066 0.042599473997651
0.145745409664219 0.15288157056916 0.0776899132958325 -0.330757876708079
0.195244123185158 0.00361807431855907 -0.24870704298833 -0.348799957553604
0.152869843298581 -0.0813503827149217 -0.425930812181543 -0.0285383845785632
0.0849226648646383 -0.155524271799672 -0.283442426524901 0.20099730535673
-0.0144301084625815 -0.162969731522344 -0.0976165298569106 0.233690853410371
-0.0306978182359841 -0.151990742420513 0.0108169425789429 0.21428806165066
-0.0302509939955257 -0.176174589095651 0.0799264429171216 0.19585897454325
0.0828406909585284 -0.212287763747305 0.101521569900975 0.219819712686682
0.201904465775969 -0.120544169445922 0.0660671833144957 0.270451979024016
0.281530872357378 -0.00228183793864548 -0.0615503952287229 0.323576087442768
0.207354225343492 0.250907883799009 -0.232672956218016 0.267413292388832
-0.0417539341453414 0.41211463069274 -0.332145551301428 0.13754222655366
-0.247242182451515 0.406894757072005 -0.300383588484661 0.174273520099447
-0.298394437344011 0.335626505904812 -0.163862692745343 0.0275335772217043
-0.121850875639846 0.415568752753537 0.224526968084727 0.00599233783095204
0.156028004189354 0.310755733841238 0.165163215470808 -0.339182725746672
0.319687854384296 0.0716940333256099 -0.164393576675098 -0.393726316477571
0.263872066965752 -0.112211856044914 -0.376423837174165 -0.110078627291059
0.151466090004657 -0.228955325566703 -0.265676566021365 0.10794343515245
0.00160564725884126 -0.250549362251785 -0.102480328793537 0.141050359388863
-0.0387880595684892 -0.220761853778266 -0.0063421039680386 0.132150447364325
-0.0419245936623618 -0.231483339144974 0.0789865948954586 0.106087005704758
0.090605358514124 -0.274935310665214 0.13724189995262 0.131743358601074
0.241829154900769 -0.18009160840864 0.153905651975269 0.205574023773601
0.364591887538037 -0.0454590282554983 0.0460394400003367 0.31901231730544
0.286614021762629 0.28667342069214 -0.136337466267315 0.306079033857852
-0.0311657621733559 0.482146675697974 -0.259359733689447 0.133925763978424
-0.29268797158076 0.465974213611641 -0.170724298451544 0.0724352305634652
-0.381865782649318 0.306173617291743 -0.00389114393461836 -0.0877184859773221
-0.242561442637039 0.457652940329494 0.302018775181619 -0.0439145652606009
0.103652089154951 0.418188445162659 0.26027269179108 -0.314211942297332
0.371396778713021 0.155476696213897 -0.0422787592513252 -0.40071230886782
0.334347544577632 -0.103330193228769 -0.269942675738779 -0.187372337180322
0.199444435208635 -0.25853540917592 -0.212971806823328 -0.00787969894359348
0.0207202101706222 -0.296768457892998 -0.0957554691008532 0.0256675430330179
-0.0400086984467784 -0.256906503185229 -0.0211717769734318 0.0319029030551194
-0.0519925777517733 -0.255456828261343 0.0698954899335214 0.0057064855434414
0.0829668659934637 -0.296268524604327 0.154834792536457 0.0304282065482616
0.246818314107427 -0.210111904779857 0.218636462387686 0.118706181661663
0.39117255459896 -0.0749897669347645 0.134420703606957 0.280339958756813
0.311486892699983 0.284107119795026 -0.0499311981664929 0.307079035746724
-0.0285296775056957 0.479000721966204 -0.199700949841469 0.109999457342245
-0.298310228741721 0.453109868308424 -0.0467459311914299 -0.0406212485062549
-0.38334957619339 0.220931736168681 0.182609295863311 -0.189649168291851
-0.312037077007602 0.393875741570747 0.38315235408725 -0.0905351731325627
0.0181523670358098 0.421739018634372 0.335872406342756 -0.259699733917756
0.330390908742187 0.20337906961098 0.0815884500265021 -0.359918358112433
0.332545446593569 -0.0702680852422408 -0.132940926594964 -0.238276468822365
0.207008654323942 -0.236299529545419 -0.135843630968485 -0.122564257426601
0.033212558689676 -0.290720968512947 -0.0807315945322006 -0.0942195688668443
-0.0364323335660638 -0.252695314645712 -0.0335126774071789 -0.0726522819550767
-0.0515654462570977 -0.244206647388814 0.0565605276970986 -0.0938775490218362
0.0685327575812661 -0.278310716533637 0.161645097295341 -0.0685487703254807
0.227073235050656 -0.202472448018986 0.257525864552158 0.0356627567457627
0.36592623295907 -0.0663632031484909 0.191126837526407 0.231870486617818
0.271551775509685 0.2690709477119 0.00981083952531804 0.284151123828536
-0.0513840571436275 0.41633222885022 -0.15357035624138 0.0740106701953228
-0.283160385521331 0.368194644083967 0.0632483631697042 -0.137788170860356
-0.303759364212149 0.102701988299964 0.350283204267225 -0.265079309079651
-0.291582081934076 0.248376071610327 0.438353337875257 -0.123016326016569
-0.046181383028582 0.319107845885571 0.378140057952515 -0.199302355559002
0.226584341503338 0.183706884046189 0.170883504586826 -0.29685636435714
0.258619399769263 -0.0359436132787194 -0.0104026273969914 -0.260233440639274
0.168681588875675 -0.175278881593586 -0.0621959961430378 -0.214909245992161
0.0331736405769828 -0.231639494621038 -0.0669083858363498 -0.194435209688414
-0.0264442911590699 -0.206823019896462 -0.0422687881669067 -0.16317027763814
-0.0396580774033867 -0.202725823539269 0.0446412074958291 -0.179794006509758
0.0568918975532759 -0.225548584494443 0.166569086533615 -0.151221021734441
0.192124163120259 -0.163731885673596 0.285567698438281 -0.0280391968150811
0.305110309284452 -0.0281033761170735 0.224583168771011 0.196859509585123
0.186117295650343 0.246101915652528 0.041632822503697 0.258476745856235
-0.0919770171678168 0.313308733118329 -0.116644204196312 0.0427493497535534
-0.24783587108839 0.225450161549597 0.155754894418851 -0.201756199811843
-0.162921559668506 -0.0298809471414834 0.45587823060444 -0.308733723400889
-0.19659444229747 0.0690526531309107 0.451028843812111 -0.148235109504641
-0.0701294922891769 0.15814164683828 0.385634805756764 -0.157749391774077
0.0993024102606269 0.112065912082773 0.215288716055137 -0.252718383006419
0.138077830490051 -0.0106041855175242 0.0622991877031762 -0.270719493270017
0.096946141962437 -0.0892221530150454 -0.0190987281305286 -0.271579492049588
0.0256169135322255 -0.134964015966802 -0.0582006812105337 -0.257705045520725
-0.0117063261669729 -0.128398086793573 -0.0476059001114622 -0.225839141219721
-0.0206062873803867 -0.132864422889034 0.0384599944780841 -0.24231134361774
0.0424109479868164 -0.149180987032273 0.179550001884124 -0.210548023742547
0.139843115195594 -0.109012329900712 0.313145630184606 -0.0659591897385887
0.215079664264684 0.0162263439155303 0.250090136868701 0.181421444219268
0.0816116784551697 0.202303307283858 0.0569098180164843 0.243324477536361
-0.123094373954381 0.179497714620894 -0.0873622636091019 0.0273555712621074
-0.185212078615769 0.0564224114237531 0.226385977287979 -0.217078143561933
0.079790458370819 0.0683120640833979 -0.238932057956643 0.271664769850709
0.0928955023831009 -0.0593950740300476 0.133576280455743 0.0510610174736812
-0.0176967722223024 -0.0969349358087329 -0.0297945879960578 -0.272534259306751
-0.0879477435338978 -0.0119283548729366 -0.299743249371634 -0.219257590732556
-0.0471694752157841 0.0491867480536416 -0.380868611297196 0.0913886369728686
-0.0180080089545665 0.0462454231121784 -0.221267718875197 0.287753418085565
-0.0070972428829293 0.0526396746751989 -0.0449636822252061 0.297560006854555
-0.00114256222569713 0.034717672090119 0.0576708488885076 0.269019335347469
-0.0242598635819695 0.0166144595433308 0.0881200334217091 0.268502362289514
-0.0290714411395059 -0.0139126810238622 0.0513424248836383 0.288193693994927
-0.0109037650450706 -0.0200810578136413 -0.0496454111518119 0.289611495629254
0.0103976061248305 -0.0436834865022776 -0.179290524754368 0.259125698986234
0.0746542539963833 -0.00573893597935862 -0.337873281127208 0.171340605689169
0.0884512390777568 0.094116733483031 -0.452634470864574 0.127007484134215
0.0109020343380843 0.141109112591493 -0.461264047061481 0.314753193765158
-0.0218262644799782 0.204020722470979 -0.268828420732911 0.231643814536164
0.079399813129803 0.10581539568164 0.137065618694928 0.0518571937622974
0.0789904639355543 0.000201326717007099 -0.00351863569404943 -0.297303533285794
0.0432374036407964 -0.0289865638102895 -0.299063499786548 -0.263468620115973
0.0375159695376088 -0.0243847104423771 -0.409976271526315 0.0613097281631842
0.0175667590808406 -0.056495325945513 -0.246142361197007 0.271692130971306
-0.0229798752617819 -0.0520145470771208 -0.0610529544433673 0.285570206712271
-0.0221701330018756 -0.0588978601894235 0.0461333451657485 0.256162943702347
-0.0297148915746703 -0.0850024886331212 0.093360865453684 0.244670346402831
0.03239540984262 -0.120628414288402 0.0796437809731599 0.268329207822832
0.108800092869089 -0.0669328628163576 -0.000472475163652009 0.292508526196968
0.14992673479508 -0.00556801809680176 -0.130932955518105 0.294173667288328
0.129479068821132 0.140855076914832 -0.291067909159892 0.216135497320503
0.00604797528980942 0.2697911140109 -0.388995065184927 0.143646848131941
-0.128398912670554 0.291414908287959 -0.39108191388263 0.27101929444445
-0.146769654483691 0.302712039604311 -0.24406783933461 0.151379724986186
0.0169299107045845 0.276874348548918 0.166182188864927 0.032926972009045
0.150838844682578 0.137890501102732 0.0536516188436344 -0.32657600789919
0.189118837688841 -0.0124119493761718 -0.266099476639194 -0.322731271169386
0.14212849091843 -0.090194501160991 -0.414449087055286 0.00354649860819612
0.0689404448591519 -0.157262126274477 -0.259879577811516 0.216714758797068
-0.0269755445752637 -0.156203416792792 -0.0783852242365851 0.232552053047978
-0.041426919467591 -0.144611052001877 0.0273494949281036 0.2070162998918
-0.0431221737431235 -0.167245263563746 0.094078275200284 0.183455786333893
0.0624517207065106 -0.213438099948731 0.118069868510316 0.20927121665848
0.188447347860045 -0.133254549658414 0.0833482638758989 0.261163796511154
0.27246249015344 -0.0240095039138261 -0.0378564398444894 0.320090030164039
0.21972058433691 0.230050986055006 -0.210947793605287 0.273091347054952
-0.011189403672794 0.404903096977832 -0.315362422102061 0.155577098635629
-0.214195450399425 0.412295934506794 -0.282930094750153 0.191042104236387
-0.270101880193278 0.344705063484235 -0.155074243336528 0.0390338529522517
-0.0885446526205228 0.414406345996777 0.220744574066776 -0.00562759630697102
0.171212971612676 0.290520290936285 0.139746843271672 -0.339119442312754
0.314636471636344 0.0451303348893043 -0.185996102528306 -0.372880954731903
0.247299021436559 -0.128763512490949 -0.372258488609497 -0.0782642582993631
0.127741046730257 -0.234356589049609 -0.249938527120377 0.12485798687394
-0.0197172463227772 -0.242165533899072 -0.0907564794281245 0.143893115146528
-0.0543728252828387 -0.209903184260852 0.00534722242911048 0.129378506683557
-0.058882083253405 -0.220008091521123 0.0854600318520748 0.0975638157683921
0.066216627135056 -0.274192801967422 0.145753380109756 0.120610989264766
0.223321773377999 -0.194333695183319 0.165280052529548 0.190863179833499
0.349635177222294 -0.0718853193777344 0.0673541604041559 0.30947826698948
0.298805965871426 0.259165904424346 -0.113799811808577 0.304164377380436
0.00378805143634626 0.473103379943299 -0.244672138665136 0.14712166855984
-0.252144116713594 0.472744362710698 -0.16434714988697 0.0820010751359168
-0.352253418439546 0.321131074823231 -0.0078375382463416 -0.083918053988609
-0.204353263742858 0.46419746452945 0.293428530022589 -0.0580302812776242
0.126858620298584 0.398869801221972 0.235075808723409 -0.321060762391543
0.37099119730223 0.125009776428333 -0.0665431218753912 -0.386704565551177
0.316379823599795 -0.125946015462271 -0.27225754526339 -0.160613086705855
0.172604332598477 -0.266054324197209 -0.206829858709166 0.0080365740118494
-0.00457156248897987 -0.289061895458652 -0.0935664532388063 0.0311762904942082
-0.0594054986964238 -0.244895668815128 -0.0171348432279691 0.0334549318154841
-0.0702695459449985 -0.242447078328742 0.0687421835001205 0.000500746366242459
0.0557768611874659 -0.294747851991003 0.154595145208095 0.020007660656762
0.225148620855821 -0.224780285788275 0.221827584948841 0.101111530804011
0.371882516254558 -0.102610044362826 0.151920636611401 0.26670388426804
0.323418344395874 0.254352848220423 -0.027952065515859 0.2989484465715
0.00787625503216138 0.469951385825582 -0.189159254980343 0.119743421828755
-0.260221708917175 0.459886678739915 -0.05246099605464 -0.0357548945738048
-0.359784676110617 0.238292390147448 0.16709223070113 -0.195477620593409
-0.276496709991163 0.405830725058661 0.367248517446936 -0.108232704714961
0.0437333303606178 0.407858368262839 0.312496319737886 -0.272485714294805
0.334551998121355 0.173639535253283 0.0579633406767372 -0.354320564793199
0.317511068332969 -0.0932730294354326 -0.14105449039586 -0.218920559100602
0.181757395406541 -0.245945346680969 -0.140800125346034 -0.109984087898963
0.00667765695857822 -0.283173577800708 -0.0881130873984179 -0.0856578504480483
-0.0547117699532174 -0.241081592193867 -0.0378244011441686 -0.0658987270705853
-0.0688118640256451 -0.231964370983894 0.0481899314957703 -0.0945536315025738
0.044861270651325 -0.27487673975281 0.1534387271993 -0.0767392317087311
0.207053919837182 -0.214999296769188 0.253877178932288 0.0165485019107824
0.348087656933751 -0.0929088395087481 0.204728891378151 0.215733041331467
0.28329423816242 0.242675424249829 0.0292197253129368 0.273719096045985
-0.020575090638323 0.409476151886213 -0.146548081716592 0.0823581357204855
-0.251245055094939 0.376446986275874 0.0472032073915573 -0.138329689908916
-0.288682165886076 0.119076788582142 0.324719433737184 -0.280769861721464
-0.26690977354787 0.262099432385796 0.418050782561513 -0.144495541438289
-0.0245142639590536 0.312799679302332 0.357383817878784 -0.215482802974362
0.232360108456498 0.162167816863634 0.149294222317003 -0.299708981698784
0.247169246961002 -0.0548074900670144 -0.0237481263300441 -0.249981025816632
0.148448986370198 -0.182956638248575 -0.0761095556119713 -0.20561031502429
0.0129409913647811 -0.225853100216813 -0.081897949127235 -0.184160374706651
-0.0416555946680156 -0.198121945508957 -0.0544039340216953 -0.152837470335503
-0.0537631398983552 -0.192681553181442 0.0304904923931243 -0.176458561349842
0.038066380143154 -0.222185210595496 0.151996874442078 -0.157681706929329
0.174742590799082 -0.173829977659202 0.276499211907309 -0.046595693559576
0.292142210146881 -0.0507979143983978 0.234800678248919 0.177278713638065
0.198582020297017 0.225229042230338 0.0596065118551194 0.246850494217758
-0.0684017512050565 0.310253859365436 -0.112867335974072 0.049786483079548
-0.226231387859414 0.235033428862777 0.13246555885793 -0.205510652740747
-0.160233484741805 -0.0192817907292027 0.42414376532166 -0.330904392753387
-0.186563449075853 0.0807386098470634 0.42868711470391 -0.169656520567802
-0.0580730610210083 0.157163477809227 0.367357053324646 -0.176795674402106
0.10368159330876 0.102272457646673 0.194741733893487 -0.259498168485144
0.132219269465412 -0.0202298950812244 0.0449499646007623 -0.266058453572892
0.0863423960815268 -0.0933784694020359 -0.0393923294222249 -0.26523881055585
0.0132661965026419 -0.131771750829366 -0.0794273347775846 -0.245911231845484
-0.021039704953767 -0.123098201082989 -0.063482786888664 -0.21330117802437
-0.0288140585398043 -0.126807151094608 0.0211910596105968 -0.235979330740295
0.0307049557182635 -0.14661271186203 0.159737935496701 -0.216810134444981
0.127543796712071 -0.115706987617617 0.301266114941091 -0.0855868482717838
0.20980191111868 -0.000826015670544602 0.258263966099665 0.161350770687084
0.0941284224629655 0.190620507905348 0.0724285744138204 0.232911058361667
-0.108298535660442 0.181715145118541 -0.0860594440116955 0.0334389661645045
-0.176189277990404 0.0657516052626963 0.199920192847025 -0.225753499526883
0.0793324078683731 0.0648525133000859 -0.214256508256078 0.273801301102076
0.0878310372277299 -0.0619406148161432 0.133297365178089 0.0438177845309038
-0.0212715850022233 -0.0919324529829308 -0.0422049687841378 -0.260418810074172
-0.0854664212784111 -0.00694511959444751 -0.301337928908557 -0.195984116580448
-0.0424755912018374 0.050492131447144 -0.362765678494041 0.106691165157132
-0.0137296769574595 0.0462126249381334 -0.196613184177457 0.289530677686217
-0.00242064924379159 0.0512347856087505 -0.0261529825145177 0.289203634107113
0.00200217969846769 0.0335264704534837 0.0711729795117298 0.253580476962349
-0.0229536719019567 0.0182244548090873 0.102058119270341 0.253396498624858
-0.0291686213344131 -0.0113103698852364 0.0671622738158883 0.276649802368782
-0.0107703762104709 -0.0190818208456713 -0.0337942282232144 0.2843489757611
0.00807827084471008 -0.0422945354025982 -0.161540993168856 0.257373951303421
0.0724516914699737 -0.00832838018614421 -0.32014719518711 0.179243988180283
0.0910463532293474 0.0857627025956321 -0.42934815998221 0.144974410481058
0.0173002992795512 0.135811722197751 -0.428046375237519 0.324881400008302
-0.0122859672141709 0.19890973188248 -0.245158081320278 0.236690460880697
0.083452326587739 0.0980736022312869 0.137243409231571 0.045250486962077
0.0757984786842083 -0.00386486552985635 -0.018317189249958 -0.285861844613805
0.0389950983071981 -0.0315064157642755 -0.302004689948078 -0.239962818174733
0.0350967909438984 -0.0255341356097891 -0.391800826098182 0.0806713631081601
0.0136955538268777 -0.0539666969328128 -0.22122506137671 0.275227172189356
-0.0245315372555268 -0.0477920082208721 -0.04343037058346 0.27776838496501
-0.0236051384076474 -0.0554648430712175 0.0597459012657288 0.242374054663229
-0.0340263375026901 -0.0792752221081624 0.104643073780752 0.230203395604721
0.0229925757056339 -0.118383472456932 0.0935468936074076 0.256316866338642
0.101811197839698 -0.0713828688583952 0.0148318252038305 0.284678835206754
0.143842017354382 -0.0126605787282906 -0.112209583298046 0.288777271498014
0.132759378266062 0.130165138400399 -0.273064288825572 0.220642953757791
0.0209455563199935 0.259691140321993 -0.368776897898886 0.157298332380304
-0.109374735554567 0.286987127362306 -0.36271854455032 0.280647728188216
-0.128420966712811 0.299130592150594 -0.225376154075807 0.158338363908833
0.0322153079735479 0.266286538346622 0.164692094849788 0.0262439093257562
0.151096887028615 0.124719977384024 0.0363637415677942 -0.315650819536433
0.179453833708436 -0.0235184242969154 -0.273723451066346 -0.298875544105806
0.131463250204735 -0.0947351785864628 -0.397795865889562 0.0261943469017818
0.056547091742413 -0.154299647621811 -0.237849638025935 0.223881952509613
-0.0358185738840193 -0.147819862886464 -0.0633419061425847 0.227953947614631
-0.0476103417218257 -0.136109883050495 0.0394796194117619 0.19701117463225
-0.051704405042503 -0.156972695198453 0.10142761526082 0.171159303492302
0.0467430985935346 -0.209373234541628 0.127578837636324 0.197092623052344
0.174916399734101 -0.140341721085381 0.0947861040146514 0.248214314836619
0.260106081603534 -0.0381176549543163 -0.0206474652591718 0.310551607404589
0.224699732038622 0.2106442577284 -0.193327719851788 0.270868212866852
0.0105815732882612 0.39205944016916 -0.29802051049596 0.164812555064626
-0.18555614638892 0.407681797791139 -0.263765078702819 0.19891865694972
-0.244997929441165 0.344466849071733 -0.1449456874792 0.046820160528157
-0.0632806735128882 0.404998484651046 0.215587241615091 -0.013307231245112
0.177858716789042 0.269681960924667 0.11933718161979 -0.332622348259853
0.303222395946968 0.0246212954492168 -0.197520766621327 -0.350309717609775
0.230136670482391 -0.137712759917174 -0.358666537781641 -0.0546921002445058
0.107598505501141 -0.23209562543469 -0.232843463762787 0.134039232983882
-0.0345364227282742 -0.23085636840529 -0.0804597457910564 0.143260512838409
-0.0641838093869574 -0.19756714133091 0.0136440346513972 0.123460806699038
-0.0698476091560549 -0.207663961903059 0.0882542722201499 0.0889950263153451
0.0466918995708962 -0.267945289646777 0.149408188777809 0.1098449216511
0.205374063101736 -0.201251568252063 0.170416418052415 0.176740299654835
0.33105440203338 -0.0886969951246901 0.0813620750904681 0.296599206596875
0.301717809427945 0.234520434996208 -0.0967042149310926 0.296017658183235
0.0275449188676429 0.457159881731147 -0.230365817856208 0.15431902319978
-0.22015447586398 0.468318939690884 -0.15699660003693 0.0883666821105158
-0.324366729081278 0.325403137673757 -0.00942333077225484 -0.0791895686539081
-0.17184681311826 0.460689709789925 0.282092239662353 -0.066371500702612
0.141346625667679 0.37611380601561 0.211765839037773 -0.318965546682951
0.362506124964889 0.0987639293450909 -0.0823457886999362 -0.369451807420788
0.296199121317035 -0.1391460014751 -0.265801881019453 -0.137773744233248
0.148464610062088 -0.265698381094685 -0.197535396565791 0.018565632806172
-0.0234494150980127 -0.275980407659001 -0.0907793428085672 0.0347032382514407
-0.0710547299232854 -0.230508895190795 -0.0138976772218274 0.0341662490550777
-0.0813228643966242 -0.227633040498252 0.0668047929401859 -0.00345276266037998
0.0361757455664507 -0.286478840188709 0.152544941597563 0.0120684731198377
0.205118595084186 -0.230453574298066 0.220362753247404 0.0866474345244344
0.350605470991564 -0.120197383858545 0.161917623639532 0.250440976659036
0.325845061323213 0.228371835406984 -0.0140796880614441 0.287858708271861
0.0322386260087833 0.453854254693033 -0.177598010446522 0.124585172675595
-0.227656767538082 0.455887439596598 -0.0562757664813742 -0.0305273001290238
-0.33781910735081 0.24629981589481 0.152542934528502 -0.195291703234695
-0.244812601183555 0.406662565736593 0.350142116062001 -0.116952590110358
0.0617120712887121 0.389639017751752 0.290246905143157 -0.275076605634187
0.329812445041854 0.14785868410875 0.0407157072433829 -0.344135007296615
0.299430082365489 -0.108253999570235 -0.142321349941306 -0.201772811165269
0.158831690513138 -0.246258929503009 -0.140594147185068 -0.0995981486158784
-0.0118736555855527 -0.271030763467132 -0.0929167327513199 -0.0771518317939032
-0.0669321086555641 -0.227451836365138 -0.0399506326797415 -0.0590129679320492
-0.0796150582235872 -0.217783473941462 0.0419708909781288 -0.0934655106152545
0.0276450601324741 -0.266362248019677 0.144753295463772 -0.0815299662386615
0.187537216322832 -0.219614894084677 0.246997029535866 0.00319231973784625
0.32722684028749 -0.10967616513309 0.210947887354824 0.198910928386381
0.285928410529704 0.217129586102463 0.0409611589470136 0.260540982805943
0.00121675794077068 0.396288611076895 -0.138708127382593 0.0870300507047128
-0.223140460714862 0.373154626211322 0.0335441653318774 -0.13419205531551
-0.273531826627959 0.127737157047315 0.299557780031036 -0.285670738494304
-0.243105294570787 0.266927466806148 0.39554756391289 -0.154980467988067
-0.00916141629321094 0.301772643254345 0.336149674184145 -0.223224585195307
0.231661555337152 0.143459120791265 0.131154125701045 -0.295333809171989
0.233614436852506 -0.0667640280097185 -0.0311791933077848 -0.23796225681672
0.130332056385286 -0.184043498741846 -0.085014199713776 -0.195214799853375
-0.00262312099803519 -0.216337595514965 -0.0921712661588759 -0.172452731083569
-0.0514223361933463 -0.187066373354535 -0.0610650258039207 -0.140983299245376
-0.0628045522279859 -0.181467993700319 0.0194380195601037 -0.170044912352777
0.024484972289468 -0.215294505091045 0.138179453653201 -0.159266029131666
0.158525486335453 -0.178054167633077 0.265705791002072 -0.0593454357110552
0.276171949382562 -0.0666253035113426 0.237790631895122 0.16156756722493
0.203062835547096 0.206144568202076 0.0688553245941942 0.233562297856251
-0.0498307165485457 0.303232720065653 -0.10798074846219 0.0545865025471258
-0.206257305183177 0.235843580699451 0.111879707027121 -0.203077572954247
-0.155592717119268 -0.0114161662693783 0.392034559569904 -0.339815260469033
-0.176175086806134 0.0868321028948833 0.403991319574718 -0.179803750863718
-0.049208928884031 0.153988634972346 0.348179334224618 -0.186364970825486
0.104582431376645 0.0927709357318482 0.1774394350392 -0.258418358699037
0.125245483812589 -0.0266822204027762 0.0331524926550551 -0.257893383137743
0.0768081602345299 -0.0946698489508957 -0.0530185510638934 -0.254560315729908
0.00525529048977875 -0.126192427958633 -0.0928055051917419 -0.23078050230449
-0.0271939906334443 -0.116950931218115 -0.0734076207546323 -0.198224871377506
-0.0345234956234306 -0.120419917445018 0.00752125485657985 -0.225911710436685
0.0216263231839057 -0.142162365680664 0.142537103081554 -0.215911546609366
0.115911934877728 -0.118250061367928 0.287335583256536 -0.0989156752009998
0.200857164661075 -0.0136339471346909 0.259929943843802 0.142985587884639
0.100335586844523 0.178276999483075 0.0813852256974713 0.219317921039047
-0.0954206439581329 0.179700994508479 -0.0841310424467581 0.0371944230399609
-0.167101102265923 0.0706342441375248 0.176741567815158 -0.226390441046061
0.0784849010190136 0.0630718419820584 -0.196711545675459 0.27312253257427
0.0839833093524206 -0.0635755105847196 0.134039865038307 0.0387674747138333
-0.0233615891677465 -0.0882128680791252 -0.0494212624466981 -0.249013408714726
-0.0833425234737856 -0.00365634153099597 -0.300490071308981 -0.178751300050421
-0.0382746540831005 0.0515638907121386 -0.346435874702876 0.116302532560575
-0.00991194595966909 0.0460699850820277 -0.175798118246149 0.287998436832992
0.00163465553522568 0.0491131079268914 -0.012726943883097 0.280219070873822
0.00429944195089019 0.031968295966256 0.0807654210030426 0.240098022780057
-0.0211885471379639 0.0196336188636277 0.111618737172099 0.240909045560619
-0.029507059221087 -0.00995335920727622 0.0786823306824447 0.266493069130169
-0.0107238407208528 -0.0185420787825039 -0.0223146375345645 0.278423272652997
0.00696467690671213 -0.0412927740127565 -0.148759441375734 0.253143861807161
0.070490480820576 -0.0106656350394535 -0.306637220664252 0.183116661481391
0.0920347887124443 0.0791544865817723 -0.411509359989443 0.153331989767338
0.0207235379859404 0.130786026315765 -0.400157040101506 0.329544290367128
-0.0058113607421584 0.194499629905024 -0.227112560268017 0.237814708789754
0.0859463031738591 0.0921525600258738 0.137901575780618 0.0400574850757386
0.0728435193645586 -0.00719364437351252 -0.0278464883304234 -0.274490526571533
0.0350213855957459 -0.0327890835830009 -0.303166844068853 -0.220605189841072
0.0331518817680096 -0.0258921959494132 -0.374903002354572 0.0931241753961411
0.0113825856008194 -0.0523843838942136 -0.201227399461383 0.275623302127496
-0.0251764539573114 -0.0446279278352683 -0.0305837798747663 0.270504269236241
-0.0244508526749322 -0.0521171907863429 0.0691032533388732 0.230917111671946
-0.0363739788689462 -0.0739618234081024 0.11256372644386 0.217859115909444
0.016158973080382 -0.11585528636201 0.104201539161784 0.24572206210401
0.096030530632275 -0.0751282489509763 0.0256590211559641 0.277214726976733
0.138957641246955 -0.0182544019788115 -0.0987085807050728 0.282726481176126
0.134498986329298 0.12144289606142 -0.259585274914176 0.221619800412006
0.0309707700491764 0.250736825346317 -0.351706277476085 0.164632284633395
-0.0955488415300017 0.281195350652766 -0.340881453973744 0.285605355405364
-0.115682436354537 0.293374733758067 -0.209880987045909 0.161742950610022
0.0431750829525198 0.256865241464606 0.16424788729608 0.0218150608242835
0.149552960781648 0.114619941320189 0.024877587483235 -0.304889959253797
0.17081930062574 -0.0311537570139087 -0.275845353089496 -0.278970872828025
0.122638628304497 -0.0971681025268996 -0.380933119360458 0.040362330285174
0.0472893253682238 -0.151431147671663 -0.219005306256631 0.225496457222506
-0.0412003921423864 -0.139964454254319 -0.0525377825793985 0.22282096216796
-0.0504722087509432 -0.128801763511602 0.046781148735555 0.187454008759109
-0.0568394424133765 -0.148147093545838 0.106009462673002 0.160993030570224
0.0346130889632217 -0.205074277497163 0.134127868872598 0.186493082321688
0.164311209020411 -0.14527704309062 0.101736886085479 0.238957470158848
0.248997591148557 -0.0475154994209876 -0.0084301260933051 0.302110741121621
0.226537116356744 0.194792078859709 -0.180515534635376 0.26755667715402
0.0255498886913628 0.380495098584567 -0.282561144081652 0.169930806304766
-0.165561671201968 0.400584409230731 -0.249440367601808 0.202895439071156
-0.226928221488528 0.34164028541792 -0.135612912942172 0.0508658399880672
-0.0441086347172199 0.39343548883243 0.21225000646505 -0.016528504125748
0.180571367860817 0.253642470634928 0.105606509199846 -0.324006336806204
0.291883915242971 0.0107347638982748 -0.202984408377541 -0.331810234792114
0.215892292016643 -0.143414684184824 -0.345562669514089 -0.0377568740780038
0.0929111244664667 -0.228332065599481 -0.218141950427508 0.139010894087485
-0.0445348995968677 -0.219640250420678 -0.0736703963824193 0.141856469595214
-0.0697772432275006 -0.186436323995438 0.0191458682437723 0.11885939547874
-0.0768161669211642 -0.195777309096855 0.0894218319952375 0.0818343189305754
0.0313922145553395 -0.260873812881442 0.151658970942569 0.101304143008475
0.190579291023635 -0.205244090964093 0.173273241093008 0.165596397684429
0.315764695681494 -0.0998775365456767 0.0910167675375925 0.28506057948446
0.302647926684566 0.214681980081539 -0.0863523173371645 0.288196650952786
0.0463030682038469 0.442715292900079 -0.218351579979763 0.157028254217163
-0.196652682025511 0.460626677718214 -0.150910683066919 0.0928037490011327
-0.304597972456708 0.324879537942066 -0.01009462108468 -0.0760999986935279
-0.147398712791105 0.452924715753589 0.274855137382821 -0.06939836895155
0.148113353954581 0.358645275298699 0.197057433546601 -0.314170071207779
0.35168371270779 0.0794307316591767 -0.0908415368820156 -0.35409993127471
0.279338678335768 -0.147488258176255 -0.258169611382051 -0.122298305738103
0.130346787975098 -0.262449148722855 -0.188659916328863 0.0251828378654851
-0.036310047609409 -0.263520561979479 -0.0881949668019467 0.0371124529043843
-0.0784818481792448 -0.218366189253483 -0.0114116536289525 0.0340040101624891
-0.0884377572099412 -0.214525082911547 0.0642997479391881 -0.0053847544084281
0.0211987496284471 -0.278430236492386 0.15056723681159 0.00657740240442314
0.188214406569628 -0.232685940061874 0.217907257908676 0.0762415212374379
0.331283579748625 -0.131093682481228 0.168937434213187 0.237164780167897
0.324445857595194 0.207375497512513 -0.00459566699615111 0.276886179389915
0.0496202879164404 0.439390962964961 -0.168427022723968 0.126590844305817
-0.203837885440526 0.44873561609261 -0.0589354600680751 -0.0257886896783654
-0.319167601607143 0.249108381111423 0.142138529359286 -0.194709830477129
-0.221515243749241 0.403558949187589 0.337047821055782 -0.12104386606987
0.0727334782970233 0.376558881810304 0.274572132700442 -0.275402682812698
0.322932014130796 0.129781336168563 0.0286863020429209 -0.334375625460307
0.283913711025099 -0.117245336720359 -0.140258348811487 -0.188416030329338
0.140917576641735 -0.244465177068645 -0.139446229032417 -0.0922133978454173
-0.0250792214177436 -0.258882433720263 -0.0951161366529761 -0.0709117378551075
-0.0741768074077258 -0.214957223427657 -0.0404860742554659 -0.054225524627881
-0.0858448164199033 -0.206016918515538 0.0367481380446761 -0.0914194915342132
0.0138614595097855 -0.258016040405773 0.13910169832771 -0.0831201071301779
0.171717277823371 -0.221444176754073 0.241324205118999 -0.00632186357743391
0.310395485270837 -0.120801479606066 0.214425936198733 0.185569218220427
0.285454539097123 0.197885232478324 0.0476367417162185 0.248447287890304
0.0168913762011646 0.384402000231914 -0.132506204616124 0.0896176727997049
-0.202409598753611 0.368932861327286 0.0235738152462743 -0.129165448734678
-0.261622584605299 0.13156293553258 0.281289080574892 -0.287000089606992
-0.224674966736338 0.267588173538392 0.379087787677935 -0.158799399649991
4.23631113857749E-05 0.292198679844548 0.320363473315742 -0.225329090375144
0.227900502168474 0.129640567913303 0.118854734042178 -0.289936700434417
0.221195007507459 -0.0743877278415377 -0.034937873055932 -0.229160173499679
0.117339189662991 -0.182758475075654 -0.0899529918237494 -0.187964300556487
-0.0131057942836193 -0.207162205195575 -0.0994940346340521 -0.161720883851997
-0.0577647893844182 -0.177166836786634 -0.0645126284224368 -0.131466597237648
-0.0684849311130771 -0.171378816151425 0.01255294364733 -0.164026710909109
0.014221447073153 -0.20878354899761 0.128986065070824 -0.158222079408732
0.144828773363342 -0.179005700398849 0.256219733972627 -0.0679246119979335
0.261850868055007 -0.0770506306567684 0.239420544751835 0.148170170351646
0.203801180968206 0.190686264405332 0.0753289362087034 0.222266840970427
-0.0362528512078992 0.294985120411087 -0.104489204363363 0.057415532921463
-0.19089809893372 0.233849985890761 0.0963381060262561 -0.198536960544512
-0.151451896308245 -0.00570328212330135 0.368123283954169 -0.341839521731214
-0.167442140391559 0.090325130654547 0.385339895342031 -0.183460078911015
-0.0433293227350607 0.150486934596942 0.333995229313602 -0.191030789815618
0.103725550170947 0.0859417048857306 0.16430618563108 -0.255905299285986
0.118665446569372 -0.0311788970817501 0.0253964624940476 -0.250784995901512
0.0697161895034338 -0.0940972367044121 -0.0628467345038159 -0.246105581105444
-0.000914403143894122 -0.120512322730252 -0.102540161755447 -0.218755352878536
-0.0309503738854775 -0.111242041564007 -0.0791719535251157 -0.185048965168589
-0.038605131565559 -0.114085752541212 -0.0015234669906137 -0.217350451249567
0.015569987393727 -0.138070226200898 0.129452729337283 -0.213442060871744
0.106458570782437 -0.119737973593869 0.27545377937688 -0.106414316520312
0.192381481213559 -0.0216400871593946 0.259473746985686 0.129410980481921
0.104072613740325 0.167187197322312 0.0867362594681535 0.209336956357527
-0.0860232547032838 0.177084975886515 -0.0821516568188291 0.040637767117241
-0.159921412772944 0.0724388622115996 0.157937512569943 -0.22335411659156
0.0795989864943042 0.0612825787499132 -0.181870491744817 0.272785743409407
0.0809979742380818 -0.065019440605015 0.135654682736797 0.0344844822133973
-0.0249495069061011 -0.0852082264908253 -0.0552513379783366 -0.240598475581175
-0.0821621101829281 -0.000925577624116673 -0.299686206640277 -0.163179670730066
-0.0344521981214305 0.0515289969549641 -0.335170273866517 0.124549730446537
-0.00653579797899327 0.0447439152318677 -0.158987687383683 0.286907758914349
0.0047000582751285 0.0469059051706511 -0.00123730127715595 0.273914887147691
0.006359399908383 0.0303789722816747 0.0873819872758032 0.229329668653913
-0.0191308544796738 0.0205654241618849 0.120257140130586 0.229443782900443
-0.0297186914425402 -0.0082820638692933 0.0891105717471096 0.257455414175559
-0.0107137708748015 -0.0183668881520008 -0.0124378891631769 0.273996491269718
0.00538467799873251 -0.0407716832727651 -0.138330358075078 0.250453281119508
0.0697717510588254 -0.0122442474615492 -0.296501654569722 0.186302488390169
0.0933596750903551 0.0730354662858955 -0.395555962778639 0.161118488671186
0.0245609720715696 0.126845793279533 -0.37756059240377 0.332924268488821
-0.00010685470635213 0.191229836300689 -0.212902281385142 0.23876594040816
0.0883153042323501 0.0864340051860528 0.139370054715482 0.0359131017242507
0.0708190948035644 -0.00944522537206274 -0.0340201991130428 -0.265044240319321
0.031955086166795 -0.0333107156052657 -0.30348455777165 -0.204519498279843
0.0314147654269054 -0.0266260581510885 -0.360997905049561 0.103348962455905
0.00983924366261153 -0.0513029565592471 -0.183595690296559 0.275774846368108
-0.0258069352995656 -0.0426216002638143 -0.0187697993266883 0.264510564231258
-0.0243931056224915 -0.0503241361923006 0.0762400559489057 0.220096550820887
-0.0379466085510226 -0.0694491534525936 0.120130978319759 0.206912728051957
0.0102507497792639 -0.113235539430324 0.113172036848978 0.236098945713264
0.0915829523841723 -0.0779697572968695 0.0354002852468755 0.270933840110646
0.134759251468094 -0.0234156562511507 -0.0879272278301075 0.278821469913994
0.136710935505477 0.11344535055319 -0.249352581305418 0.22267759913651
0.0395330165870304 0.243441175582328 -0.3367373943107 0.171307938730726
-0.0843449609230156 0.276047083369344 -0.322613459814702 0.288749876449145
-0.104479923430401 0.289831446524115 -0.19708221021633 0.163598705459485
0.0525731954068799 0.248889418345008 0.165345710345533 0.0174579148680294
0.14817424109556 0.105589533717106 0.0173997063597358 -0.296977874762994
0.163151297902886 -0.0372432348600456 -0.279596544002992 -0.262265193641043
0.115595522631571 -0.0998250444898439 -0.367667712979188 0.0529337588952801
0.0394597113140785 -0.148253888848442 -0.203436141865751 0.22848898251324
-0.0454337590151891 -0.1334976502216 -0.0434510532417646 0.219291595980247
-0.0531497377581649 -0.122979427960944 0.0533699772293337 0.179873252371979
-0.0609771980810592 -0.140372602550459 0.110795935805698 0.152253036884159
0.0242659699788841 -0.200656885783738 0.140973917962003 0.177249819357254
0.154776456163774 -0.149593983649415 0.109025042629244 0.230484701589571
0.240528224665046 -0.0562633107243527 0.00180444629332275 0.294687802796302
0.227877970818209 0.181844961158466 -0.170380746825669 0.264793340950741
0.0399392807970116 0.370579345108666 -0.271208710268449 0.174025745039334
-0.149280127712347 0.394794198619874 -0.236374180074431 0.206829236759355
-0.211141483543403 0.339315725396398 -0.128300178995725 0.0541674911605267
-0.0274541618986719 0.385914025592725 0.21113797323948 -0.0205190734500927
0.183154488441417 0.240650939219976 0.0955854162220544 -0.316827461780707
0.28209248740746 -0.000737561995086006 -0.208383072038202 -0.318490625753705
0.203887617775061 -0.147836654656659 -0.333931843903809 -0.0246781862992667
0.0803987385396881 -0.225127501786069 -0.205167029852899 0.142438726259027
-0.0521348338910919 -0.21038614074286 -0.0675453428349566 0.141212079458306
-0.0744260492999358 -0.178255848232034 0.0235117355815484 0.114951918588185
-0.0820864154359889 -0.186231293748739 0.091070398325737 0.0768885150219651
0.0185633988644062 -0.255530212681034 0.155603278307083 0.0938818461208576
0.178203995221428 -0.209713789128939 0.175565616292228 0.156397016866496
0.302119573040549 -0.109970901635967 0.100045890867536 0.274184174674607
0.303895617371816 0.196947913983078 -0.077238258041712 0.282267536578346
0.0615019565853474 0.43143525050463 -0.209529766030783 0.160076014266831
-0.17355606614679 0.454118159735172 -0.14655636025225 0.097144481783518
-0.288496928139328 0.326075946915313 -0.00954257020812076 -0.0731465962163139
-0.125635316522438 0.445954360205605 0.268977469651422 -0.0729065702744885
0.154359143514822 0.344768143676223 0.185253378100812 -0.310166320659246
0.342069644256946 0.0628613149630301 -0.0996079210060593 -0.343040470652221
0.265235930979622 -0.154355064266315 -0.25113895457 -0.11017105065189
0.114343663975006 -0.260571657012665 -0.181426968467435 0.0289980981328913
-0.0476155667739238 -0.252969567170539 -0.0865681595159234 0.0397794428388779
-0.0845445118143128 -0.208547651012446 -0.00859566464295227 0.0340984447772685
-0.094278037499201 -0.20311123856229 0.0629086777647844 -0.00843420224792092
0.00858526019040412 -0.271432960295666 0.150254852595817 0.00137629326218877
0.174393577011895 -0.235747212459583 0.217168379271771 0.0670173525611566
0.315892004324269 -0.142096605214637 0.174580884618991 0.226764056303631
0.32349263715014 0.188430292878033 0.00220149547558476 0.268528688386598
0.0654993247662264 0.427700988555045 -0.161505585799475 0.12867072289299
-0.182791483231325 0.442921889265894 -0.061385453371142 -0.0208055348334604
-0.304833598250449 0.251888035948421 0.13316988704296 -0.193655412807007
-0.20126589518187 0.400560133819334 0.327307385785307 -0.124879301939573
0.0819467500333098 0.363341466378586 0.262581837684736 -0.275417012638662
0.317456566489596 0.115418869491415 0.0186752771825553 -0.326680304609932
0.270008878461681 -0.125177802675758 -0.138702556546797 -0.178667888673025
0.125471586084057 -0.242872337267054 -0.138276391283678 -0.0870508313574591
-0.035137017459669 -0.248851859743383 -0.0986220880909866 -0.0648205864508747
-0.0803929068583468 -0.205236233509143 -0.0399763454572487 -0.0500224404735816
-0.0919857126905091 -0.194327887560211 0.0325707501113965 -0.0901809924053501
0.00313432779250093 -0.250639548913666 0.135070252292121 -0.0854789576015133
0.157809222313625 -0.223010517792947 0.235956678883442 -0.0146678025390742
0.294379425233828 -0.130587262999612 0.218216448614617 0.174320986124461
0.285259043177258 0.182073743510379 0.0538857648763706 0.239174670755784
0.0298359262363922 0.374284581273888 -0.126755775404683 0.0913762590647769
-0.183256498608664 0.362872693687195 0.0146205075599503 -0.123988248478741
-0.250897896962557 0.135946497367879 0.264384964210883 -0.287745452339487
-0.209910107381339 0.267724411038521 0.366109811275921 -0.162467141842621
0.00809179523668202 0.285142111247564 0.308124920568879 -0.228772182896589
0.225161813885465 0.118400472937051 0.1081702637008 -0.285271117728318
0.211541902287073 -0.0816329365325941 -0.037323027017855 -0.221935462492479
0.106065127852653 -0.182055603684632 -0.0953880377268808 -0.182222484590308
-0.0214788326846519 -0.199525953079006 -0.106548545998246 -0.152748589737635
-0.0627340219808983 -0.169389131341887 -0.0670148112697735 -0.12298717229771
-0.0729066130947688 -0.162381322955681 0.00594516895811241 -0.159377183386085
0.00563978382618646 -0.203180747108124 0.121548931098385 -0.158064608166025
0.133642855300148 -0.180732807835815 0.248562899057077 -0.0754402649081241
0.250336019748369 -0.0854749166227616 0.241647552202082 0.136578347408295
0.205178195065472 0.177682607853309 0.0797034302634117 0.212014716199561
-0.0253346533659544 0.288010831791305 -0.101299665666381 0.0607008923368815
-0.178410747557442 0.232371448367415 0.0830028511964323 -0.194360470496922
-0.147391262459189 -0.0017805194337167 0.347482822202814 -0.34279826681817
-0.159996415412083 0.0931817138770923 0.370199927155969 -0.187013992617149
-0.0384783898176934 0.14877156427165 0.32212843160144 -0.196173760290568
0.103849867463619 0.080468040861948 0.153159126306019 -0.252950474552044
0.113706209665147 -0.0349510602792779 0.0198113818964781 -0.245850452034691
0.0641080862691313 -0.0937489737249987 -0.0721051476539598 -0.239510944719165
-0.00515294737839002 -0.116683306382242 -0.111689628029524 -0.207801101627992
-0.0341765187017318 -0.107126219171237 -0.0838488731663351 -0.174283531704901
-0.0421285404468081 -0.108760033632061 -0.00858990700625767 -0.20942253743104
0.00990135673654525 -0.134882869993847 0.119004875666933 -0.211924236419675
0.0986541129809299 -0.120189191199316 0.266070570613787 -0.114539930902493
0.184385716357853 -0.0286182163313463 0.259437705987133 0.117289970700169
0.107066526152748 0.159282659734616 0.0908451662945464 0.199644346483861
-0.0790829884084835 0.174656339122462 -0.0800796170771228 0.0436315669769832
-0.153132936741499 0.074496979201099 0.142266635098036 -0.221119545095418
0.0629936636400991 0.0689893590257999 -0.219929819815582 0.234162656151302
0.085944942862252 -0.0477108392653517 0.130231440450688 0.0605867504773391
-0.00516054334429908 -0.0833696103745199 -0.00685696790444275 -0.238771739602322
-0.0720836676217881 -0.0144269863963043 -0.259140868348947 -0.210069110845376
-0.0365371634821342 0.038883205653767 -0.341441083079405 0.0612204910064106
-0.0112494794337651 0.0395667093930034 -0.20200458486964 0.247543106412807
-0.000671036323582571 0.0448365380546939 -0.0498336438516661 0.265164534710194
0.00193438981288165 0.0286127203692118 0.0433109800459033 0.232312133086146
-0.0215506279592901 0.0165640974171496 0.0771255150793354 0.240587651734334
-0.0267798986315353 -0.0133972354574945 0.0401471092385816 0.262083477861771
-0.00555267077175019 -0.0205012859392185 -0.0614318782826698 0.260792845752169
0.0149600367725312 -0.0356317217179373 -0.182277344717444 0.210911797224145
0.0698725341894267 0.00534839679536921 -0.321905948399657 0.124865731378801
0.0751716734339771 0.0907025506916338 -0.416249811339923 0.0869643129309498
-0.00172535321127527 0.125140241922729 -0.437644443866753 0.252854322033421
-0.0346434768223378 0.176612982766879 -0.244641619369295 0.197484992746165
0.0697931809862232 0.0955834416940746 0.128338041922217 0.0618683636273881
0.0724311036026879 0.00388622884772515 0.0158672420508728 -0.254726639743685
0.0386250202380039 -0.027234465144018 -0.255604026440442 -0.247781327333269
0.0385245367562515 -0.0238651351959845 -0.363332072724861 0.0394621573697773
0.0197678064442728 -0.0489785324724456 -0.222630847386673 0.233810554809751
-0.0154717341901639 -0.0447286831288014 -0.0649812897764851 0.252442714873201
-0.0138463762017584 -0.0537532109469043 0.0334622066648101 0.222137431377528
-0.0232035860082842 -0.0725063763453266 0.0803169526755224 0.219057085336366
0.0289575184439267 -0.106714470797216 0.0682644163467057 0.244484350757295
0.102188277944817 -0.0593257743746536 -0.0118510297893358 0.264530588227096
0.13365076833649 0.00434442372257723 -0.134055246127267 0.249289869591228
0.108293487291579 0.13950831239946 -0.281153066636835 0.17195546107122
-0.00863762586032675 0.243710707811185 -0.364970244414115 0.107290463376694
-0.134606348207914 0.247487833560253 -0.375235527319153 0.222149342233187
-0.150918906036612 0.250559520867838 -0.219537615263743 0.128263536785108
0.00965930611600509 0.243234246668103 0.150452122392493 0.0469154012626694
0.124930356313759 0.126783546702035 0.0668534013146654 -0.273668241864526
0.161492558127666 -0.0081222435647324 -0.220785198549322 -0.296724593677519
0.130430188553563 -0.0774911031034952 -0.361568133506083 -0.00991803763376717
0.0642987852172027 -0.135485685330758 -0.231632916443964 0.186133546913222
-0.0203910685921202 -0.133805115576669 -0.0803880396692429 0.203543700776408
-0.0286388167506171 -0.128454530297239 0.0190636544108221 0.180711159898296
-0.03274186751103 -0.144535276773641 0.0811353497034874 0.164378266379475
0.0574473397727228 -0.187423844917655 0.106324138948526 0.192628996479797
0.176843801313987 -0.116211133820969 0.0685784586811398 0.237321111739846
0.239301014203824 -0.00683062443705328 -0.0468232246144326 0.281054270907388
0.183188089948823 0.22430131856616 -0.209408527273231 0.228830637075814
-0.0323882275898227 0.366414790248949 -0.30174030430382 0.124148607818528
-0.218715043939793 0.348261400635006 -0.274465277578653 0.160856145068206
-0.26018576988648 0.278182296007655 -0.135945263190102 0.0334560630983481
-0.0874703054222961 0.36061652756343 0.196357544341931 0.0144617379421138
0.133385802821013 0.261203325404528 0.142048891517227 -0.279035923795257
0.265194243901663 0.0468281048821271 -0.144971922919543 -0.334135634224436
0.221149870371491 -0.106333655196635 -0.315731175071404 -0.0767500762382907
0.114776045910533 -0.201342541711275 -0.218440229810127 0.104940021102098
-0.0153491681523646 -0.207220086140671 -0.0902040854820992 0.122939998023561
-0.0403598748155097 -0.185894675804594 0.00300257758762797 0.114110972657793
-0.043911978267058 -0.190915191546856 0.0745848055272982 0.0888991185834894
0.0619529607185328 -0.240041423062604 0.13557410274545 0.114318149133505
0.208687441685691 -0.169266719899483 0.146661899975864 0.175578653151426
0.307055876471318 -0.0476635153869757 0.0546318936411971 0.279557366147506
0.252965016690707 0.252866556837135 -0.118733717460126 0.263605880914266
-0.0240965108401128 0.428383164635445 -0.23958565925265 0.122832903869525
-0.253973999038812 0.400726216296848 -0.165457125787184 0.0701703936089084
-0.330294325292767 0.255106816402605 -0.00127211363730095 -0.0694183990908045
-0.189611968896006 0.403277653912842 0.259194816261098 -0.0291675133934081
0.0877977778589742 0.356010583086024 0.222846980510561 -0.257665771826982
0.309343602257374 0.117904619753837 -0.03697325279223 -0.338595955174032
0.280341409964842 -0.100710777321177 -0.223220759932193 -0.14400992019321
0.15357107458494 -0.227529755312077 -0.176117158160675 0.000391754533384835
-0.00445255378142747 -0.246696446443753 -0.0905208868666359 0.021535484913918
-0.0447405032163527 -0.215325321217271 -0.0135099884088899 0.0316530950446115
-0.0524003998759045 -0.209013071595309 0.0626037398929278 0.00233486854289665
0.0537236346691472 -0.256583178724514 0.147537036657544 0.025390406914635
0.210165963621919 -0.194647232297412 0.202767650920705 0.0960565050018066
0.324320290460383 -0.0748836108669321 0.135976709183318 0.246737954758622
0.276322873618968 0.247401747840719 -0.0374359943518634 0.26447492758746
-0.0193633924889551 0.423295377581038 -0.187749354419464 0.101290225731174
-0.261089233793159 0.38875234368006 -0.0585824853341437 -0.0292249143151902
-0.331258434421055 0.184205044542566 0.156762572148167 -0.161533933212057
-0.252872745711978 0.349635819779478 0.324805020782301 -0.0715695620789374
0.0144613423452799 0.362002103012317 0.289675668579205 -0.213515757719261
0.277534397321568 0.163516325695816 0.0719661519392024 -0.302146542588668
0.277973743591353 -0.0706777159276802 -0.103102637272705 -0.192380958842533
0.160615136181067 -0.207992950929305 -0.115751603397919 -0.105279845775302
0.00570522900588513 -0.240879622524099 -0.0838828160114913 -0.081698786095978
-0.0421893065726659 -0.211112891296036 -0.028819504322816 -0.0529543734840862
-0.0518587742922318 -0.200358368360407 0.0482158250493655 -0.0809027515263473
0.0456053676555687 -0.237879140813617 0.147582776785763 -0.0598668370931432
0.191813220188105 -0.184714569891248 0.234985622708657 0.0218848692421215
0.302014363780442 -0.069025004898388 0.187681761315475 0.204299175479043
0.239230848408287 0.23275753503265 0.0171207259146167 0.244616418331092
-0.0413977768393029 0.366396015320262 -0.147881109963503 0.0702219209617792
-0.246465177841719 0.310740199916262 0.0354690761594233 -0.115727857165797
-0.260352328279223 0.0872095558552652 0.299787433741791 -0.232049253210051
-0.239992006959476 0.224773764392856 0.371894967726129 -0.100525941796468
-0.0420410954954294 0.276737850973127 0.326413259213421 -0.163657628635874
0.190206884636029 0.15143247186162 0.151912839603623 -0.248469642903527
0.214530652985718 -0.037937950036053 0.00146563258192015 -0.217257283864412
0.131094981855831 -0.152696804124376 -0.0593924272907255 -0.190689436471751
0.0111651402073783 -0.191507798731106 -0.0760010905415805 -0.167957585109464
-0.0317010295971996 -0.173894903056288 -0.041553942269859 -0.127031463204006
-0.0395731092705538 -0.166284781056201 0.0357732568138733 -0.151571655254967
0.0402588586531244 -0.19221338455314 0.147578067605952 -0.13005403200637
0.160261865942896 -0.148504533219704 0.25650863672867 -0.0334140681068284
0.251452645912446 -0.0350649495709693 0.216624222859632 0.173070593811555
0.162410600942179 0.212732946367659 0.045442224484515 0.224060861538703
-0.0800448111801904 0.271822836649564 -0.116360635031232 0.0438538760284099
-0.216368415388559 0.186095264848413 0.115838789096243 -0.17187145489458
-0.138441934972753 -0.0220120167710745 0.390795881576388 -0.270107330793428
-0.166708530990913 0.0679126852458075 0.386092326218213 -0.120354309226739
-0.0630270677037567 0.139845098676983 0.338925249953943 -0.131493475735841
0.0833633755042122 0.0961805068286163 0.189998532422136 -0.212030040315941
0.113988115722368 -0.0101929804986045 0.0611408237078214 -0.232267112494559
0.0769974780888412 -0.075598571783047 -0.029647080653979 -0.243646173634248
0.0127814736536155 -0.110472330513958 -0.0711682539181937 -0.220921312360462
-0.014398421197463 -0.108912995703935 -0.0478971122866436 -0.179168421875005
-0.0194146443177354 -0.110145569004516 0.0294641215504708 -0.20203228836255
0.0333217449030072 -0.126005577511891 0.153660657598787 -0.18033020373411
0.11553108642245 -0.096653562110029 0.278392115016208 -0.0654478561500664
0.178561480111143 0.00547067444716759 0.235625298652577 0.160586163764876
0.07168182938062 0.174401542561081 0.0560806783994271 0.213497622760089
-0.109633481444326 0.152311921454215 -0.0915081304783826 0.0296281724001273
-0.162804790063391 0.040604738390123 0.180041922837614 -0.187626849320733
0.0633850119920387 0.0671145793493857 -0.204864527218498 0.232716367148676
0.0819830611902781 -0.0497145149407095 0.1310132953093 0.0557312472653288
-0.0069225840469556 -0.081382552984741 -0.0116282899586535 -0.230462131054748
-0.0702505658430202 -0.0117569728207729 -0.257841500345148 -0.195690235756395
-0.0329496137192849 0.038091547755778 -0.329352292851807 0.0680272195916669
-0.00845545700476022 0.0376145961069509 -0.185732892079599 0.245522953876101
0.00154069554922224 0.0427858424735763 -0.0371550300140099 0.25683714972297
0.00384695367683248 0.0266502498531897 0.0499650625494764 0.222339896127189
-0.0184955008511064 0.0168024824106758 0.085359566822368 0.228598227912881
-0.0264790826541644 -0.0109124445272172 0.0493193869455925 0.252171653240141
-0.00632104831440725 -0.020623169018459 -0.051221984128308 0.255332691973059
0.0135269784373099 -0.0351194178279467 -0.173015723391011 0.207784730414335
0.0686523523603242 0.0029069450799002 -0.310682840214103 0.127740991688945
0.0765373340151938 0.0843975330289795 -0.399278086154593 0.0927679888889018
0.0011436446015769 0.120511768318187 -0.412258859849959 0.254535165686156
-0.0293371081200139 0.172210698085795 -0.230225703276057 0.197657393331443
0.0707703349459633 0.0896385368726396 0.13025888947721 0.0572835825638436
0.0693677078317736 0.000482133278002747 0.00987700433389909 -0.245808496670038
0.0355449192009016 -0.0281217600055098 -0.25379469083252 -0.231977087405552
0.0370200276784638 -0.0247036461767761 -0.349895799846849 0.0489222404616037
0.0174053413181439 -0.0485049817101688 -0.205224646436683 0.232079291441219
-0.016867878833186 -0.0422852691322738 -0.0531582702527715 0.246092651317435
-0.0147396144405915 -0.0522758206558751 0.0409628560599367 0.212484931856811
-0.0242479640955332 -0.0686101020690387 0.0870783819462483 0.208071981276888
0.0227650695811091 -0.104092828183514 0.0767038824813227 0.234737945245433
0.0978220847618044 -0.0616612908122932 -0.00278412126882577 0.257374599013393
0.128797533279454 -0.00108229409951493 -0.12350593299765 0.244318151785962
0.110024491706064 0.131939683170385 -0.26971062670789 0.172352670253009
9.8668652873668E-05 0.235645588008136 -0.349309198855899 0.111976426381837
-0.123618534361896 0.241904295357104 -0.354714191798489 0.224728329296114
-0.139789748884604 0.247104548787468 -0.206802548167206 0.129326752697769
0.0177512672863102 0.234315509578249 0.151509573459912 0.0427409096833866
0.123565547960994 0.118077609471518 0.0595511210607045 -0.265095563492858
0.153243673244477 -0.0134130529942751 -0.222302689639919 -0.280297949916716
0.122798392049854 -0.0797218781872412 -0.347739588629547 0.00159777504993828
0.0575492425983825 -0.13351876774913 -0.216328555870619 0.186135776914724
-0.0246330379937602 -0.127486423337561 -0.0705909082305901 0.199481979472883
-0.0316798777933548 -0.123628999582486 0.0255379824355318 0.173618570451655
-0.035899618323259 -0.137090535695774 0.0853988272334539 0.156903507319621
0.04705094687506 -0.183101989270005 0.112731786831049 0.183110779176672
0.166952738727208 -0.120453420465403 0.074035074817168 0.22923663179023
0.229841633145976 -0.0156899642684576 -0.0361300046717684 0.273359216612523
0.184643793535249 0.210305777504276 -0.198399389911613 0.225387819635593
-0.0189297292460361 0.355094061383029 -0.289235149896668 0.127792878484461
-0.200682018106394 0.341017931553531 -0.262310669151025 0.163806157802642
-0.246267918161502 0.276418575116576 -0.128665824640726 0.0361176764915783
-0.0713332535822353 0.351481841561967 0.194559158829372 0.0101251124402925
0.135352738160655 0.248770020975138 0.130709512875465 -0.272115786370227
0.255386717437663 0.0368476538570417 -0.14891522591442 -0.319482903410167
0.208977039954655 -0.111045256355138 -0.304487698436397 -0.0648527481155277
0.102827008490207 -0.198720051606667 -0.20593601373468 0.106461400929086
-0.0233390562731536 -0.197972314359058 -0.0834129683989076 0.122220180477693
-0.0445996402730806 -0.177827586351958 0.00730022132063003 0.110354215546579
-0.0487475824702587 -0.181423903745203 0.0759178948593403 0.0835628599226184
0.0493339363731138 -0.233440002302075 0.137848132482841 0.106324307032859
0.196345677290622 -0.173021556068935 0.148948442358371 0.166074688972036
0.2929157191819 -0.0571213954062678 0.0621346836277759 0.268685733199673
0.253219542452332 0.236315834286577 -0.109505759967398 0.256688772294373
-0.00859721035992948 0.414893696691654 -0.228575375093553 0.124666202420136
-0.234632194302338 0.392190866313341 -0.159331304015589 0.0747167924620768
-0.312958459739476 0.25381798361637 -0.00154014392565085 -0.0668889771512699
-0.17007647186499 0.395971362223269 0.253626339664065 -0.033254705428903
0.09491738073426 0.343410943747378 0.211207777145695 -0.253743827165577
0.301856520796549 0.104296099506525 -0.0435268740111716 -0.32616465333245
0.26548009435952 -0.107021499532586 -0.215344578959331 -0.132889129348457
0.138650323257635 -0.224481600328168 -0.169630966696596 0.00315236288051519
-0.0144027018841363 -0.236373326023792 -0.0886204417234457 0.0248992924036113
-0.0506526440467366 -0.205832248703012 -0.011083356919822 0.0315376868759647
-0.0571215498740348 -0.197846602968888 0.0608423169262546 0.000843303632007441
0.0414457871124282 -0.248527668064505 0.146728980735428 0.0193228556164494
0.19601624483164 -0.197176006697254 0.200881013924403 0.0866306895449127
0.30862865878029 -0.0849811035532836 0.140673668935774 0.234125910377069
0.273762775551444 0.229081066639941 -0.030363022247603 0.254852063005103
-0.00458939326690002 0.410773010880749 -0.179419737076189 0.102504086861567
-0.240276504912766 0.380141196118017 -0.059919881162427 -0.0246465556637777
-0.31619283304732 0.187033439994438 0.148444364276468 -0.159907995207074
-0.233895368907664 0.346461754477146 0.314578879897044 -0.0752193233285519
0.0251842303318774 0.351069014874159 0.275583651098923 -0.21219651900594
0.271421074060931 0.149041414565025 0.0631632528247201 -0.293729994434059
0.265015033423842 -0.0781000014879367 -0.100142310361514 -0.183097695645573
0.146464116809285 -0.20549104377857 -0.115134357208198 -0.100747581415552
-0.00384748729928239 -0.23099358747565 -0.086543363565185 -0.0758214438652429
-0.048643945903904 -0.202439256831004 -0.0286498599845911 -0.0494887630112002
-0.0561502414485177 -0.189992223819514 0.0436390132551649 -0.0786707072817551
0.0349863324324904 -0.230476112268868 0.143495160970851 -0.0624972678197843
0.17829869896662 -0.186813532819807 0.228673701866584 0.0136494561632926
0.286245006539719 -0.077878015769459 0.190193259673335 0.192169766379323
0.238988310177606 0.216294735254251 0.0221847579738983 0.234259760364091
-0.0281361687598136 0.355550075568632 -0.141439218170159 0.0716272938673851
-0.228290048042946 0.305648397295859 0.0275684743923842 -0.111055795080175
-0.250061963287391 0.0901737986172581 0.284161467212353 -0.231280551718909
-0.224952853096906 0.22394475939445 0.358987260971625 -0.104835063090403
-0.0327302106980333 0.270238180961638 0.312807952862964 -0.164649714567091
0.187627462922087 0.140053706740513 0.142058903659154 -0.242787546449812
0.204832525779551 -0.0441494673856861 -0.000604347619309038 -0.210561694025126
0.120784807306691 -0.151948595653446 -0.0653441072302744 -0.185013604019026
0.00317956220422561 -0.183936760397931 -0.0822380809823903 -0.159031209439836
-0.0369480263608085 -0.166235500807689 -0.043255858493094 -0.119785726241427
-0.0438052310488962 -0.157435296033223 0.0291491100957594 -0.146441793441176
0.0314576517671664 -0.186052010522686 0.139764389604196 -0.130085535931836
0.149138739969647 -0.149412083811893 0.247351437194215 -0.0409892223910092
0.239044254104336 -0.0427473969764432 0.216887346970082 0.161166516950466
0.163791170975755 0.199269804198207 0.0493592193080067 0.21298153188524
-0.0690386125082324 0.264699114645248 -0.112343985439854 0.0458749540290694
-0.204089358580205 0.184628023474629 0.103880897261331 -0.167620977768992
-0.13458233629255 -0.0187505966141404 0.369617518362807 -0.2708094844669
-0.158923394649109 0.0708211722992211 0.369506590418528 -0.124212183472513
-0.0570242688040438 0.138514143442887 0.324282069236684 -0.134957942609206
0.0834466936017242 0.0897936507577804 0.17970118751383 -0.207855433029946
0.109259358978075 -0.0136706038656473 0.0548761064191709 -0.227122537649765
0.0713511851686375 -0.0744485123344023 -0.038454670602799 -0.23704227236888
0.00860917773943286 -0.106076292454554 -0.0793684834736731 -0.210641302322502
-0.0178868036648655 -0.105288282641952 -0.0515802105328017 -0.17018840578663
-0.022652829096701 -0.104920636931685 0.0220977923105667 -0.194362678947344
0.0273032891015963 -0.122628484989143 0.142358558559779 -0.178342564350683
0.107774759305445 -0.0968465241580483 0.267351386150169 -0.0725989480659782
0.171371121657134 -0.00100753839671235 0.233401631632143 0.147634195875208
0.0749187753480111 0.166331786728292 0.0595571571824064 0.203112021109386
-0.101913939585489 0.150476626337144 -0.0898300338152407 0.032195670857594
-0.157260186595286 0.0428922566713809 0.164294823541679 -0.185217665867983
0.0627632346933864 0.0647549036353831 -0.194258887320377 0.228789043682506
0.0789208043565193 -0.0507255482697858 0.131950452854718 0.0515737008531421
-0.00776900039702884 -0.07931159412355 -0.0126817754209497 -0.222539271159126
-0.0681274081012397 -0.0104755029738771 -0.252708386202067 -0.184419901834334
-0.0314170760942815 0.036738625356005 -0.318513333377866 0.0707133823955924
-0.00632189732412542 0.0356675487082099 -0.173122270668688 0.239203318612383
0.00324614646678046 0.0403990241718673 -0.0283350006850996 0.24814407456007
0.00451130591687436 0.023822602634014 0.0523253775826305 0.213117064939628
-0.0168593812324863 0.0164149975907911 0.0886672959341776 0.218036854542981
-0.0261711945679031 -0.00948564082557472 0.0549186502760757 0.243093030042837
-0.00651530771878476 -0.0194898439316339 -0.0462896155075742 0.249395002008874
0.0121779744227139 -0.0349133044626108 -0.165030191572066 0.201565457569701
0.0674835923394103 0.00200744695427311 -0.301033575524856 0.126332268882299
0.0754477795396789 0.0794885309256706 -0.381986087767158 0.0926641286560549
0.00146621712631071 0.116043639813067 -0.393747842012751 0.249762868346708
-0.0258705755028549 0.167215767366147 -0.218914089627714 0.195236762073257
0.0709934701269116 0.0840489289010409 0.130823899161716 0.0536956245965594
0.06672701473527 -0.00145048706682175 0.00796765027372463 -0.237303065668229
0.0326014511741181 -0.0278505526258074 -0.249221313125528 -0.220725323940348
0.0354278106060837 -0.0250412409190071 -0.33682390084983 0.0515589850735629
0.0159779806175863 -0.0477391224337858 -0.193369335280225 0.227715297560664
-0.0158161909753193 -0.0402817691910492 -0.0454007382105786 0.237688671371182
-0.0150187110577099 -0.0511707379068789 0.0441725375430922 0.204349942574888
-0.024060034580643 -0.0658152044858355 0.0908348685709332 0.199179912755032
0.0191827361088682 -0.100636637509928 0.081765638827045 0.225415500771451
0.0927744309227419 -0.0635967378384549 0.00209158940004988 0.251188173982319
0.124029693248082 -0.00374218858316155 -0.116496262737059 0.237232341083077
0.109677204709979 0.125561634602612 -0.260740859886097 0.168833144145808
0.00519974057462111 0.227440016590788 -0.335268515881785 0.11238624041524
-0.116604734433852 0.232829629771844 -0.33821467060076 0.222829051436997
-0.132637245187132 0.240214357374921 -0.196602206333523 0.12785468321257
0.022516338945353 0.22524179212085 0.151235941604869 0.039684324271691
0.120374962360107 0.111244098136309 0.0559469044157248 -0.256469909571055
0.145935825340184 -0.0160797102054665 -0.218325246064341 -0.267875219775798
0.116579002724947 -0.0800003289986039 -0.334458375072095 0.00630138642156393
0.052290941743535 -0.130095339669741 -0.204651436308888 0.182132044080964
-0.0261844645290265 -0.121720379542996 -0.0639249087891827 0.194136382354746
-0.0324926863222009 -0.119073422439637 0.0284218531257778 0.166974584946089
-0.0370743068019887 -0.131339191570777 0.086872925731512 0.150201010364677
0.0407265102694132 -0.177134683835833 0.114983367952008 0.174033295699689
0.15851903456458 -0.121406090475322 0.0766989431484585 0.221585620329721
0.220891573821769 -0.0208417725381768 -0.030585433450844 0.264298197529468
0.183117231849788 0.200149122768446 -0.191312089609699 0.219451504278534
-0.0130559450560427 0.344078434456066 -0.277308590216433 0.125830815602945
-0.189840553552777 0.328196297189773 -0.250451216461489 0.162360798230453
-0.234860389218343 0.270555455511091 -0.122677896519741 0.0369145790241081
-0.0623024597213463 0.340646782759672 0.191095017218546 0.00903429780161757
0.134100331269857 0.237666822812662 0.125243828869031 -0.262770015959251
0.245358160122692 0.0309466194043612 -0.147859546218183 -0.306543244945856
0.198981575440595 -0.11108143780379 -0.291942185162454 -0.0584077070855462
0.0941307489049274 -0.193777219947085 -0.196572767475578 0.104199807886347
-0.026539628624307 -0.1893358592979 -0.0790847219746899 0.119612093015829
-0.0469844767127088 -0.170966956254017 0.0097519083794182 0.106258837380147
-0.0508824774178352 -0.172564399241219 0.0760597124590693 0.0802693088585835
0.0411596982546805 -0.225638554769433 0.138564566649351 0.0994813300787602
0.186175927456259 -0.173182918080061 0.148039248397452 0.158966936434044
0.280050082613239 -0.0620096096817139 0.0653109012498672 0.258269623845865
0.249298093187622 0.22274743898594 -0.104845200856953 0.247561928062992
-0.000121700391426401 0.401916254066876 -0.219755622888628 0.12217627789035
-0.221620763723441 0.379002695564438 -0.152732496086378 0.0764337273012238
-0.300731747886378 0.250140126280054 -0.000481305080420763 -0.0645528747226428
-0.156631862433246 0.386163302773729 0.247527400058 -0.0335911573766177
0.0961804236272669 0.329829873720732 0.202298441260102 -0.24642204811874
0.291116099038016 0.0952779731402821 -0.0453782147456428 -0.314810566162883
0.253852530623644 -0.108549143349377 -0.206182654652842 -0.126305917654406
0.128486440450848 -0.219704445607016 -0.164007235295757 0.00370551584524996
-0.0196721376644438 -0.225535349591648 -0.0869687016924172 0.0257827605996498
-0.0537163900791179 -0.197402948727041 -0.00908764812626433 0.0308283567919035
-0.0590732381919977 -0.188993200122578 0.0593961771334027 0.00122699976576334
0.033855062759865 -0.240220302000073 0.144906538632456 0.015813428892633
0.184733004231065 -0.196901022646816 0.196088017712713 0.0810346388664446
0.293533517039223 -0.0894873390748963 0.142642663035 0.224639515657276
0.268187746058412 0.217002047949651 -0.0275598428805425 0.244246045622175
0.00247668740112952 0.39623065949626 -0.172099659367159 0.100580180396882
-0.226712697230806 0.367038046484366 -0.0602685514288284 -0.0210974016177446
-0.305085169057371 0.183692168912449 0.143282062275549 -0.155706244730592
-0.218216773845293 0.338816596676823 0.305386654976068 -0.0747219132934505
0.0286998675458304 0.339053035452975 0.265567899960229 -0.206829689524742
0.263252701698559 0.139223400373936 0.0594776808690272 -0.283396760252638
0.253094293371447 -0.0801950262656589 -0.0963351240085089 -0.176813775195781
0.13704359896429 -0.20141077743368 -0.114963826519353 -0.0979110587401301
-0.00935715476245073 -0.220666914224407 -0.0872858055403977 -0.0714334163177965
-0.0516325846804372 -0.193830366230031 -0.0272854847551088 -0.0467562133251581
-0.0578165256954922 -0.179948916004117 0.0402727904474394 -0.0757533788492066
0.0277786108061195 -0.222351119648996 0.139680168764202 -0.0633183761083375
0.167471713486231 -0.185217855736196 0.22241328855626 0.00877992242772401
0.272132594952824 -0.081485155997836 0.188562078454449 0.182341475305854
0.233649116350541 0.203453369503582 0.0231887241325082 0.224022127627999
-0.0214703162653875 0.3436169566208 -0.136738753398379 0.0720754235177412
-0.215639397722063 0.295782575486744 0.0221034422365768 -0.105478858618338
-0.241878669453943 0.0901636623069078 0.272720896507281 -0.225410938492029
-0.213293038005917 0.221139758048456 0.346291750338621 -0.103470565840687
-0.0270747615446212 0.261954758544057 0.301116581792343 -0.16218952082595
0.182798836456306 0.131923388725433 0.135481284336674 -0.23481611908691
0.196212347679 -0.0464214084381875 2.61060146113065E-05 -0.204821056278022
0.113159080322064 -0.14832361576092 -0.0685164374785131 -0.180159686225323
-0.000953489445767292 -0.17647027893475 -0.0860600521192813 -0.151207598646664
-0.039344626683305 -0.15984288687144 -0.0435025654258953 -0.11458946877876
-0.0447144423668623 -0.149573524692067 0.0254901383875921 -0.141102656350137
0.0264672179808613 -0.179240611516717 0.133637326130738 -0.128267932964127
0.140445254444543 -0.148088934639886 0.238572109803068 -0.044166221734769
0.227357335305075 -0.0468139034937232 0.213933852206051 0.151830602338602
0.161092179826551 0.188913883460992 0.0504509625319449 0.203292345223909
-0.0623035637426191 0.255928639036672 -0.109565383112614 0.047097594044196
-0.194797118474487 0.179000059035296 0.0940218249980091 -0.16084140888385
-0.131351903506374 -0.0169195300612697 0.356284504905608 -0.265186506187784
-0.152204468700465 0.0713440635004282 0.355439662475336 -0.122544935411335
-0.0522883009859822 0.135523511555008 0.312583889621293 -0.133463837965699
0.0819337603415183 0.0852564664127938 0.173131591275213 -0.201792546331488
0.10430025445162 -0.0151939828758216 0.052491001695433 -0.221425444758272
0.0678774410447147 -0.0729033139777678 -0.0447840959332209 -0.230127511607154
0.00645956431882689 -0.101288187400643 -0.0842903739647216 -0.201388993822661
-0.0201297134839475 -0.101213833631654 -0.0530696820128797 -0.161860481286371
-0.0234420447886266 -0.0991951912675414 0.01827406959357 -0.187478368717745
0.0238372576008461 -0.118798714824514 0.134901746860866 -0.174944056273961
0.101601709327529 -0.0957485991749709 0.25641641978368 -0.0751689937633575
0.16355120053287 -0.00485311388565754 0.229289976570289 0.13847538668652
0.0748712982705736 0.158617930541079 0.0588172448818769 0.193666985480674
-0.0973399665879283 0.146347179441386 -0.08774774980195 0.0333730256609914
-0.151895778023995 0.0433437132084561 0.15246871417117 -0.179822456420161
0.0617861773208812 0.0641700830538943 -0.189371689242501 0.224354926615865
0.0763088555399661 -0.0509173484606614 0.132485909576319 0.0504556981564541
-0.00765877388104212 -0.0776939829270529 -0.0111700721402279 -0.218068909369613
-0.0669065943400399 -0.00943880320045747 -0.247424674092858 -0.180044255645164
-0.0306723422480813 0.0352360943787787 -0.312546745237413 0.0691174630320383
-0.0064784101922458 0.0343899465146916 -0.167169922539932 0.232935620673347
0.0036265072115904 0.0387694765372797 -0.0242797560717645 0.240582863641378
0.00480885144670842 0.022376677742965 0.0538009983867194 0.206461698826873
-0.0152795706236697 0.0159098544302581 0.0897656025979436 0.21151029228891
-0.0251027009033669 -0.00908233427372687 0.055930211616169 0.236808262894482
-0.00644429521674993 -0.0197416665581374 -0.0439656879331948 0.244746801829936
0.0110454687509075 -0.0337379079004996 -0.163181687513412 0.195455473899498
0.0666586962081489 0.00215437012320205 -0.296783216877993 0.121655333240305
0.0744023606791958 0.0762993087455727 -0.373264592893401 0.0875772394212156
-0.000608515754285003 0.112313582524772 -0.382909994411603 0.243361477167536
-0.0252614776641275 0.164149983681781 -0.212190653122879 0.191519653569259
0.0701537358236669 0.0805869414594771 0.131834058784444 0.0525062667348509
0.0646735681126875 -0.00248373012756475 0.0096701587193829 -0.230888487127778
0.0300855859512533 -0.0273976380995765 -0.244006626350236 -0.215587001943162
0.0329370983124509 -0.0261093884481546 -0.328952402670814 0.0497231985065256
0.0149520495706948 -0.0472415613503563 -0.186745203325045 0.221138690126377
-0.0154887215577225 -0.0394582172029578 -0.0412343284979805 0.231793613605502
-0.0150180702785648 -0.0512305554135151 0.0454897527745713 0.199065117314198
-0.0239192868972414 -0.0637344568958316 0.0920285720464631 0.193663515460748
0.0177400287563669 -0.0978899469069923 0.0837177822949482 0.219312010016501
0.0901875045083327 -0.0636399598162146 0.00291795151388109 0.246890368623208
0.119943034964711 -0.00500106749962637 -0.114224587846738 0.230412657611128
0.107733646062612 0.121842598979934 -0.257472103148012 0.163466802266265
0.00596442008288704 0.220995339988889 -0.326958573452041 0.107078236838753
-0.115575099000756 0.225182253436865 -0.329252690672742 0.217219788096768
-0.130359378825216 0.235481105080759 -0.191404968214719 0.125333816035116
0.0240311523151648 0.218834027216863 0.1519161728089 0.0391689293262982
0.116670979592166 0.107596328855155 0.0564117761576488 -0.248850711561613
0.140506120061437 -0.0165492775280633 -0.21322009741195 -0.260718798189968
0.11293930877807 -0.0792954950054233 -0.325193868128827 0.00534190904221228
0.0491027746073161 -0.128019728931131 -0.198484269019653 0.177427413931041
-0.0263959768486072 -0.117764361718824 -0.0606570119519832 0.189456661130664
-0.032732764637471 -0.116809164614152 0.0296788771240835 0.162995918579993
-0.0365193936780632 -0.127307365411987 0.0874220756792975 0.146167610139248
0.0373196566723155 -0.172447258830245 0.115794459812929 0.169093754492403
0.153662813223318 -0.121295851200614 0.0765426187731146 0.217973874701795
0.213707885535323 -0.0227094415035357 -0.0288632421667766 0.257500610801459
0.17989753193227 0.194264898399288 -0.189237486558905 0.212722888153236
-0.0106230703464411 0.335371830225244 -0.271394646948888 0.1217206774557
-0.187592048657835 0.3175707683384 -0.244347922625187 0.159500746462258
-0.231022740052336 0.263725704834072 -0.118526130565807 0.0357434242751728
-0.0580852026833056 0.332750959250456 0.191253683581113 0.00979245321437015
0.13043572070111 0.231480592765026 0.124573270437869 -0.255079368400973
0.237580150434671 0.0289666157569098 -0.143291122466758 -0.299377435969334
0.193066249030796 -0.109854619959388 -0.282426077137742 -0.0582287659375955
0.0899104948651338 -0.190006801422457 -0.192139712741639 0.100994261725977
-0.0276333519263715 -0.182571111818353 -0.077218234886208 0.117406936357411
-0.0471977002999525 -0.166295204981459 0.0114917534986354 0.103513329039144
-0.04981806962639 -0.167457400240032 0.0757243789734622 0.0784036254820806
0.0374574252294485 -0.220032568096093 0.138957452042903 0.0954050786713916
0.179757201529819 -0.171669393710537 0.146219239105555 0.155655945999045
0.270462872236535 -0.0635834860900393 0.066311136273888 0.252565063786095
0.243973405284804 0.215572934864828 -0.104819913547945 0.241096154905633
0.00131775681309397 0.392896888051576 -0.214872494168161 0.118630891123614
-0.216115222565512 0.36733411960827 -0.150421532902115 0.0758643260105868
-0.295431293789373 0.243632731095785 0.00117331737654921 -0.0628358142797761
-0.149969335955938 0.376848323342334 0.245112308127183 -0.0317378580764104
0.0937410057395024 0.322377012657392 0.200222250992249 -0.237893798156814
0.283246979109692 0.0916902639284033 -0.0426386541844802 -0.306857661201863
0.24651041703103 -0.107481064582537 -0.197600621037739 -0.124385349572478
0.12306787485736 -0.214716666816284 -0.16143759995615 0.00207946363414167
-0.0208978966308311 -0.218055185362966 -0.0863926356919831 0.0258710360148299
-0.0542380086828517 -0.191899610372593 -0.0081175355922213 0.0301785221586659
-0.0588974206281105 -0.182157452096968 0.0582690092973673 0.00214309758428712
0.0303841578036776 -0.233383967758838 0.143919636244402 0.0131215997407672
0.178638042022559 -0.194367732037889 0.192254362086131 0.078463131334678
0.283224089405018 -0.0893758484727927 0.141599453792322 0.218416296791442
0.263100055458845 0.209957360680388 -0.0287760635773174 0.237377852383969
0.00365325100622418 0.388418976707835 -0.168846841610781 0.097454640639733
-0.221693465213467 0.355725106821974 -0.0608841982908661 -0.017497053547361
-0.299180807750103 0.178482697414103 0.141271056794902 -0.152351870733692
-0.211802138925592 0.331030494725861 0.300977290736749 -0.0705292019243621
0.0274383077353714 0.331299359952632 0.26099256955289 -0.199581328346904
0.256273674018334 0.134330061546323 0.0596753850640829 -0.275823618162357
0.245901843758371 -0.0800056803994732 -0.0902914497823714 -0.174055497827765
0.131972966414527 -0.196970564400749 -0.114421646624777 -0.0967952640254883
-0.0110455182520705 -0.214298153693378 -0.0885619574658521 -0.0676391726236614
-0.0519579195196653 -0.188055226683359 -0.0267628083142261 -0.0456453905123388
-0.057122102519212 -0.173914649756427 0.0395993697042403 -0.0728959596896726
0.0249480343691849 -0.215296885720761 0.138220309251112 -0.0630413713483165
0.16164696433996 -0.182854079132307 0.217131830861241 0.00788423678332404
0.261296677701056 -0.0812981736466956 0.187080275924377 0.177377550391481
0.229018384035082 0.197298593498993 0.0213339128663632 0.216574022064789
-0.0190890621530157 0.335239118683249 -0.134224610706901 0.0702674596477924
-0.211973226558397 0.28562078872068 0.0190216970587531 -0.100539188893274
-0.237048771345475 0.086686693313978 0.267477233782605 -0.218211567139773
-0.206061615138229 0.216083536785676 0.339622312454852 -0.0982335208992336
-0.0259696680361121 0.256402416295391 0.295551841279292 -0.155965354903706
0.178030446076767 0.128477965846057 0.134656037832318 -0.227712000916862
0.190550582907132 -0.0464568229106687 0.00282317790441412 -0.201240816098949
0.109528390108159 -0.144534213925669 -0.0705833925871128 -0.176822252351668
-0.00268868880060335 -0.170952126614286 -0.0877570363324451 -0.145853352655566
-0.0403315036058876 -0.154615822497788 -0.0427388483968532 -0.110936028407081
-0.0441799909053847 -0.144651619867267 0.0241652672342411 -0.136677339682044
0.0242475587586816 -0.174156040685321 0.13116988919876 -0.12567787825687
0.13496004393655 -0.145731710237341 0.232979025618886 -0.0439271016103953
0.218656019857631 -0.0469061950478824 0.211478936387296 0.146742027190198
0.158360896500206 0.183247322831729 0.0473405688359391 0.197379205499266
-0.0609677807373237 0.249668348047395 -0.107475050774742 0.0462277262932215
-0.190840343977014 0.173734400860317 0.0885098909118913 -0.155293119128091
-0.128433869121073 -0.0168854041351252 0.348273048863145 -0.25827679653711
-0.147397429236942 0.0696700963846105 0.348189974228796 -0.115789693864273
-0.049463845606168 0.132672307843246 0.305337590091462 -0.128825671723045
0.0806697446057272 0.0833678114327141 0.17169983037132 -0.195197996822438
0.101841476163446 -0.015108550259905 0.0531884040854911 -0.217381815080273
0.065976330856658 -0.0707702722771097 -0.0468744193900792 -0.225301641448077
0.00550018818342736 -0.0984865233662571 -0.0870191032654169 -0.195103572091712
-0.0209215604376199 -0.0981854525351289 -0.0522576206889833 -0.157064430051797
-0.0229788648836501 -0.0966696269679614 0.0171027335507344 -0.182179778566956
0.0228366445750546 -0.115901162340703 0.131533702001227 -0.170429529279068
0.0978753234237254 -0.093314077671987 0.249788481910841 -0.0744820577415232
0.157521165096265 -0.00534755733801089 0.225804719058593 0.133826298595283
0.0740115706080441 0.15467847669219 0.0568557898175113 0.188037126197006
-0.095157116639081 0.142436471056977 -0.0872998070056693 0.0336146356544696
-0.148699206460888 0.0418380511553763 0.145036541330598 -0.173724796407305
0.0626081160525259 0.0651726043147624 -0.188204894555581 0.224307877483751
0.0760015055466998 -0.0515546221399866 0.135741134931005 0.0502749696785227
-0.00816359274372771 -0.0783208455400497 -0.00915626340814322 -0.217713060369785
-0.0673909059096877 -0.00946913695984519 -0.246457398274719 -0.179467566655156
-0.030961829383253 0.034227742327975 -0.314523922667923 0.0678182607830103
-0.00637688294997223 0.0330618337270257 -0.165635816825353 0.231650063593544
0.00383862205787347 0.0380006249405232 -0.0216727088731747 0.237761491056915
0.00473627018869564 0.0206700374042616 0.0550039193695635 0.205342789453069
-0.0148783794162639 0.0151536037253153 0.0923064015964378 0.209584930132571
-0.0251494282849666 -0.00829382213442915 0.057401019954005 0.236887664906942
-0.00639808635418016 -0.0201120089390962 -0.0442212700965457 0.245674261082087
0.0110757130318303 -0.0332264727758842 -0.164949322197363 0.19217339149004
0.067726827667358 0.00170941888407188 -0.299514946543534 0.118514704468553
0.0740177533491162 0.0747438007387393 -0.372597290533506 0.0850248530809553
-0.00295744382689778 0.111919430609118 -0.381152876497471 0.237740378278302
-0.0261457238469676 0.164604123009778 -0.211573530378107 0.189647889206703
0.0695620361374201 0.0792772354668947 0.135034623606985 0.0525912725171941
0.0630423287623633 -0.00320774863502215 0.0123791428101469 -0.230095887504316
0.0287024199958509 -0.0272537982075079 -0.242689761817341 -0.214620010172188
0.0326020770271784 -0.0265627445807438 -0.329283219768482 0.0482477816909288
0.0144729395696715 -0.0480141585610274 -0.185697656842649 0.219992822563342
-0.0151646414937106 -0.0394273012630402 -0.0397324336367262 0.229991416541168
-0.0151417294152979 -0.0517762496197473 0.0466034034049692 0.197839789163776
-0.0231946011225724 -0.0640834810222273 0.0936281921303729 0.192672546733685
0.0174020212152562 -0.097297521144286 0.0854377652658205 0.21847397654713
0.089259866761703 -0.0648384754017156 0.00319131146481368 0.247984677658127
0.118396934555814 -0.00512474586716751 -0.115194034298843 0.227934782899123
0.108170771400478 0.121390169151292 -0.260606556629208 0.160403156063134
0.00587766960312174 0.219900795861369 -0.326361890892381 0.104022037052101
-0.118673990667274 0.22206070205814 -0.327762220640348 0.213888192168435
-0.131465538141313 0.234343149599954 -0.190401114218587 0.123978499611893
0.0238169943020957 0.217043831504733 0.155092824630082 0.039436965661832
0.114754550088326 0.107507397577117 0.0600219471935042 -0.24662049802492
0.138113691508157 -0.0165169941539157 -0.2116412228365 -0.260891795802379
0.111493385476949 -0.0796200144224065 -0.323078371238524 0.0027935431176467
0.0483669255067216 -0.128036961689662 -0.198171027685971 0.175684399001253
-0.0272236564538767 -0.116822123988438 -0.059753185003974 0.188614043277024
-0.0337045060680756 -0.116783876706105 0.031776653252252 0.162062909863207
-0.0367901340636058 -0.126540532033692 0.0900674689415722 0.145862724758535
0.0365675754860848 -0.171589498092163 0.117951211253434 0.167487154655317
0.152541456452944 -0.122831712843923 0.0767667714773474 0.219218388025797
0.211975920898516 -0.0227124861827172 -0.0288643515565923 0.255998003211915
0.179522879019509 0.193743520225405 -0.1924126320503 0.210413222648064
-0.0108163018601656 0.333611457459525 -0.270770640831449 0.118610202917475
-0.190032376544681 0.312761064889212 -0.244010627135533 0.158400229927428
-0.233122817391302 0.261167017432188 -0.117224858049101 0.0351780959842167
-0.0574877205978364 0.330775407710016 0.194942148997122 0.0115204332241125
0.128280505179577 0.230886358144036 0.128190293664993 -0.252301412429312
0.234832949171089 0.0287142524931746 -0.141401159580019 -0.300274466906204
0.191806163673332 -0.110126602093721 -0.279764318150547 -0.0615825380045095
0.0882477453057431 -0.189954375793932 -0.191984691540933 0.0988398245130531
-0.0286891402414187 -0.180517488596835 -0.0773417694498503 0.117225739873161
-0.0478918018032428 -0.165697183452122 0.0121782114230837 0.102306987809291
-0.0502277939426491 -0.166082437755012 0.0774604498110545 0.0793543425285435
0.0363693850219097 -0.218606142636444 0.140816304829323 0.0937642840564279
0.178084324592804 -0.173828491294278 0.146640670656555 0.156936555317157
0.26708413427763 -0.063630400465234 0.0666882489779927 0.250343661426799
0.244057820573726 0.215576582655624 -0.108096178941755 0.238418311566336
0.0020663802353433 0.392837966254353 -0.215978089609387 0.115600619862388
-0.219074965451101 0.361538190117143 -0.151082637414425 0.0760200048703388
-0.296684751915033 0.241321588258283 0.0020927164157675 -0.0631014211421499
-0.15009880702971 0.374428504248797 0.247822979150569 -0.028610343988852
0.0919708452248099 0.321420729525843 0.203008373424499 -0.234306962729199
0.280692475914988 0.0918562152693087 -0.0403618876765374 -0.306124000317458
0.244248755327484 -0.107387693688406 -0.194284333610387 -0.127503278224999
0.121345132637877 -0.213931240765127 -0.161896187951956 2.53747357570571E-05
-0.0224692249669399 -0.21568337554123 -0.0881176695356597 0.0262707986570243
-0.0553430951691003 -0.190367509052085 -0.00701645826430801 0.0293302242658105
-0.0584930163517836 -0.180231727609087 0.0593004364910279 0.00294383262810745
0.029581113262454 -0.231780439131486 0.146209938229652 0.0116295334845126
0.17591599225534 -0.195701433522542 0.192344205044024 0.0796497732305775
0.278469007915157 -0.0892243183705179 0.142755161249175 0.21724156369599
0.26269755443746 0.208814599240992 -0.0326569147221417 0.235102760886395
0.00348267664049474 0.386723953714881 -0.169542556074966 0.0953711348333799
-0.222666103985559 0.35012499977073 -0.0614347028072653 -0.016137606372733
-0.301041523221785 0.176188078106942 0.142930842146872 -0.150680376585436
-0.20983340546007 0.328042368400578 0.302566113933412 -0.067578440912186
0.0271323562294849 0.330419083286824 0.263893519245328 -0.195038233019813
0.254622497022602 0.135026444649235 0.0627741343482081 -0.274375673192611
0.24480472333455 -0.0805384529228938 -0.0866863621997373 -0.17615259930246
0.130580275631386 -0.196386190221041 -0.116364222886468 -0.0981849804203002
-0.0123887366533122 -0.21143163477268 -0.0915443187848304 -0.0661416318787947
-0.0538690905314968 -0.186418574959026 -0.0264638337614765 -0.0454247950332607
-0.0570681621271166 -0.172255352977224 0.0396690649582964 -0.0712135006883675
0.0240668845714988 -0.213976307660536 0.138975988777427 -0.0637197564736964
0.159151007794002 -0.183459901210854 0.216911820936416 0.00892742574051814
0.25842037931478 -0.0810880645940342 0.188457110930152 0.176351069707967
0.228057033449227 0.196546790529513 0.0177694514584116 0.214983269043891
-0.0206688704821212 0.33375961329691 -0.135174302350452 0.0686134949199329
-0.212772794664388 0.280730282844987 0.0170742628807966 -0.0973384253441277
-0.237797267441195 0.0854323871684505 0.268739311360338 -0.215531089332028
-0.205419549321737 0.214328609570706 0.340347978305395 -0.0950672869902996
-0.0259299793688991 0.255420739954217 0.298498051424831 -0.151646574767978
0.177715912272738 0.128163205106716 0.137817257580527 -0.225732448775968
0.189307279406138 -0.0462480587726327 0.00660748281416936 -0.202436282523569
0.109460609978466 -0.144537899834766 -0.0730404056484379 -0.177855386514788
-0.00282447132606 -0.168723075513127 -0.091390509554001 -0.143415101144464
-0.041664292226558 -0.153340145902675 -0.0434529632422323 -0.110449287460629
-0.0442764880093479 -0.14310036178224 0.024142902530379 -0.134288660687498
0.0238371954113376 -0.173468302573673 0.131618734902824 -0.125521681437665
0.133089085875279 -0.144894265870499 0.232055569622618 -0.0427058899207928
0.215487806178005 -0.0464261753780829 0.211549129763123 0.14638879099663
0.15756773347737 0.182513910617123 0.0440145494982734 0.195412621821944
-0.0615150543972045 0.248920095620754 -0.108617038774597 0.0456468532148106
-0.190950293080074 0.170741535207231 0.085847309574123 -0.152569905201086
-0.129097107347531 -0.0178988023002459 0.349736858156725 -0.254070732110171
-0.147035097669544 0.0690098999743364 0.347564132641001 -0.11329500015072
-0.0490900805373523 0.131774657094949 0.307498932538714 -0.124189247940615
0.0801743865961358 0.082418231553923 0.17458053548852 -0.191906595201103
0.100995362376434 -0.015881156051732 0.0562666472354052 -0.218171047636174
0.066567074611227 -0.0702607505850081 -0.0504360916208335 -0.225031124529657
0.0054719218564587 -0.0976905808221755 -0.0902797312086445 -0.191883073256542
-0.0216431327576854 -0.0971350304681667 -0.0525239915278092 -0.156347726742081
-0.0230952376125562 -0.0959780603363739 0.0166505855637083 -0.179929890671031
0.0221871161650645 -0.115192159627525 0.131492702231137 -0.169203809211956
0.0962794571376283 -0.0930129278759743 0.249560373957323 -0.0734721166078184
0.155810775695828 -0.00543874445151229 0.225765160522082 0.133204928450608
0.073399058812101 0.15422430943785 0.0540688264974522 0.18630562604935
-0.0961999938947893 0.141487187010195 -0.0879004565854552 0.0343428822608736
-0.148440278633418 0.0401892137045982 0.141954281858592 -0.17088357592998
0.0902076963707962 0.0206119193702784 -0.00873995053855465 0.290247288636866
0.031223808302319 -0.0853608242855316 0.143096460865479 -0.0488384031501774
-0.0539089655733388 -0.0598555213394711 -0.140237370650242 -0.174430805296421
-0.0607878827240299 0.032104711758327 -0.31275982053188 0.00763976762873554
-0.00417570283155571 0.0466654028788037 -0.211059510160534 0.248118016630747
0.0149074815845921 0.0301645288066054 0.00919513025889094 0.287418651121658
0.0269104555084105 0.0258024701420338 0.131006497646512 0.203580214400024
0.0165968183711827 0.0137027182506834 0.169883324863491 0.129634054640574
-0.00109103252241448 0.0212685267143975 0.205664304200522 0.109006858245837
-0.0242892370607095 0.00844580792110943 0.194096943257716 0.156029839626153
-0.0164706666789876 -0.0111276400708997 0.116991465163966 0.226619510520669
-0.00986880216947284 -0.0315864459461453 -0.0183541957132758 0.25815248769832
0.0573885227249506 -0.0376314903995215 -0.170273170648311 0.283917570469944
0.104633967085105 0.0184606401337663 -0.249737531535644 0.307154594704916
0.0631804203295644 0.101293443200941 -0.165911642053597 0.432052425171954
0.0718109120988176 0.153224578849972 -0.0414846664400584 0.28210196226698
0.101040550496218 0.0220547561061082 0.148390806244324 -0.0421640694898152
0.0475674774963565 -0.0399803334610012 -0.125122289616847 -0.198179860820162
0.00438171143996886 -0.0360919963074583 -0.329697804405722 -0.0284528529097107
0.0108278836903714 -0.03892529887079 -0.235968339181318 0.23791850286794
-0.0165394280161652 -0.0466051429220731 -0.0141686555811395 0.287695977277007
-0.0342756126063263 -0.02269395912231 0.111237026100017 0.209313100878757
-0.0446163312329644 -0.0325225274887738 0.160174620044429 0.129331647671831
-0.0574390458841808 -0.0370210687208251 0.197488050200896 0.0941903925844347
-0.0458347946454167 -0.0903051298477199 0.206311756180365 0.124372874369285
0.0334368771561524 -0.109065313819319 0.15634050980031 0.19772301045496
0.0965656178114913 -0.0748747436610408 0.044579792936361 0.256270890637693
0.167925105760793 0.037264435506547 -0.113505000956604 0.292365829596874
0.142234871515344 0.181517838623706 -0.204815900058411 0.291702654468214
0.0365860353912657 0.266047002495829 -0.13917920600949 0.372564033541367
0.0227481122903118 0.271319015500627 -0.0587832760400925 0.222674701473679
0.1434092884409 0.157961399960822 0.160002938896201 -0.0591094661885734
0.153812553806125 0.0193280787655472 -0.0894016932591197 -0.239234599315521
0.0978427426358103 -0.0901697718418597 -0.328653291282289 -0.0901105152615475
0.0426394840354566 -0.127963099334387 -0.259255865273341 0.194978739081607
-0.0372816000296865 -0.130323188084833 -0.0522780384453364 0.257947554248275
-0.0900536763457333 -0.0763682222432702 0.0670320399629841 0.188743276084305
-0.0993238266559652 -0.0732485974614361 0.125806905782954 0.109822156782488
-0.106900075199515 -0.0799787060487199 0.16647966798211 0.0596305243697898
-0.0774337024630623 -0.16255784131816 0.201580554800605 0.0625293553230914
0.0481306771841856 -0.196379820706964 0.1966406077458 0.128329967110681
0.162134665101907 -0.147447972524953 0.131396314264775 0.224874993010189
0.275937127974439 0.0522705333598885 -0.0290386077596125 0.289353000331724
0.202088350000734 0.287097588947518 -0.154344671492118 0.269025169458286
0.0359393047747424 0.386363909214682 -0.106630506158164 0.269184953579861
-0.0470421919620775 0.350080161473479 -0.0519365410017414 0.111940068230382
0.142519058836983 0.293426101313452 0.175913576032909 -0.100368853091595
0.236965208087388 0.111480960079526 -0.031022432982187 -0.282818711161124
0.20069312661376 -0.110057352052197 -0.291300194754984 -0.167075423095647
0.0890821109625718 -0.199495734320923 -0.262365514213861 0.114082379305485
-0.0423891790299665 -0.204389298148237 -0.0951405569123672 0.190486116130758
-0.13030221144606 -0.125465771630339 0.00669772576848524 0.142797893197346
-0.141027681151528 -0.103168809880623 0.074660606724333 0.0736300409306079
-0.142460058043013 -0.103738608169483 0.115950300352236 0.0142993866895988
-0.106851351845873 -0.200856212712621 0.174331918217135 -0.0129045872935628
0.0367738938543776 -0.255467241822279 0.213241635610426 0.0354620907574314
0.182309063351562 -0.216525583890035 0.206708163398336 0.160865724762655
0.344962656453452 0.0284790122009299 0.0564959221599686 0.258502747603092
0.251758453415652 0.326075344484077 -0.113830425508674 0.231585232229699
0.0432565369936827 0.444087959931636 -0.0844696392900852 0.141096967835449
-0.11189642353364 0.368641748628469 -0.0163315474895141 -0.0351767916375933
0.0945291454796106 0.381594060764577 0.19220959388031 -0.160234336185101
0.261078218676494 0.205768220305257 0.0433103149592584 -0.309694658673222
0.273453124732345 -0.0862918963478745 -0.207660245428607 -0.234506639962661
0.132584613225241 -0.228063604866345 -0.233062293569424 0.0069199167437216
-0.0306884460970017 -0.24400919275202 -0.131287717382038 0.0920401326639676
-0.146905109031174 -0.155996427864417 -0.0595709208480912 0.0762976523201399
-0.161901308520344 -0.11789109931974 0.0130599957713054 0.0277424156752076
-0.158517498880718 -0.110338530040666 0.0541563586193808 -0.0350079543456995
-0.120809676126838 -0.206882409253178 0.127773110754778 -0.0825040974620349
0.0214076891225864 -0.272676582273907 0.202550301673901 -0.055194464343732
0.176898681985474 -0.245675694542903 0.247377361015834 0.0872885891661279
0.356156370240865 0.00954412987630759 0.114862038695554 0.209316247370135
0.250119529837794 0.319651679970057 -0.0895819223988356 0.187398944871846
0.0340520951256559 0.435248157142216 -0.0704546258094752 0.0100884807394181
-0.151763841061614 0.316125791461577 0.0393269895593833 -0.190271091342242
0.0199690457410768 0.378893597713997 0.208792383660627 -0.223255558108581
0.214269935816596 0.250245339036059 0.114833704668616 -0.310829394045841
0.278169717810724 -0.0381936026358344 -0.102585726744211 -0.269668740079211
0.148082329776562 -0.206573048611668 -0.17465426823535 -0.096996594406142
-0.0124596145124643 -0.234986189391973 -0.154763223717495 -0.0141828551506719
-0.136609420477667 -0.158312124303294 -0.12013117437991 0.00422550656453404
-0.157946610566497 -0.115925625205135 -0.0490635293336033 -0.0201065319915781
-0.1520263092649 -0.104624333208899 -0.00832397255846847 -0.0821037145154088
-0.113892358436207 -0.189377310710192 0.0760664596697693 -0.13925514028656
0.0151155273262735 -0.251071873917892 0.177333517171979 -0.126035478159763
0.16361770982432 -0.225760742994082 0.260051563002656 0.0259592625468343
0.320013818210995 0.0212803867206555 0.143530438696838 0.160454296067333
0.194798347933373 0.290772429986782 -0.07712227139284 0.142016185893957
0.000379844638478287 0.369413310532466 -0.055798639025164 -0.104049677987459
-0.14981081502041 0.204194890315721 0.0943483259795014 -0.322635644675472
-0.0420441737370583 0.285528000346842 0.219097987437848 -0.269787190327951
0.128429777242459 0.219176468803389 0.164311899286311 -0.294957766860787
0.213447968283753 -0.000460517789679978 -0.0123169878976233 -0.271389711030564
0.123316275239221 -0.148023497252432 -0.115440920484834 -0.17391146509016
0.00106567737565467 -0.180560300134375 -0.168227419017645 -0.102313911033721
-0.104081069138254 -0.130572039612841 -0.167454461865944 -0.0573072853000959
-0.128444375137126 -0.0971500301480231 -0.101437628872187 -0.0614716182480696
-0.12420516707008 -0.0891452636454242 -0.0608064826067287 -0.12314063471992
-0.0888718459799484 -0.155872075674148 0.0313709225228464 -0.183962408673646
0.018266576928451 -0.203823345674843 0.158773042741073 -0.177141936438131
0.150053294526801 -0.171459018589205 0.260822576723513 -0.0141052670763187
0.251600374055244 0.0537240531242676 0.15278665499674 0.128636342423466
0.10662060351065 0.24689676496131 -0.0672816811846691 0.106257442447703
-0.0511567214596689 0.262277831214865 -0.0298796375859952 -0.187983290521618
-0.117785706967656 0.056560049680109 0.128024479569917 -0.408054452234358
-0.078152745659583 0.136026980154056 0.211203106371064 -0.292579988635456
0.0384452063928516 0.131849822039749 0.181608923538793 -0.280989984185402
0.110727755873947 0.0178042529605584 0.034338735332636 -0.264703180528769
0.0709479439714415 -0.0711901221230311 -0.0852048329503345 -0.213804139791087
0.0114012295135376 -0.0959685421553533 -0.179620581179933 -0.150981753162782
-0.0550738691773428 -0.0797539031452238 -0.195086814059383 -0.0967431801670837
-0.0777990727072425 -0.0643463241540246 -0.137568701993261 -0.0922794325684054
-0.0784531790383843 -0.065010244657917 -0.0958998282237437 -0.155198098322071
-0.0542724326105423 -0.108499047260392 0.00354849283221995 -0.217773425668752
0.0220480993415921 -0.137676122893182 0.152539401307947 -0.21267574236977
0.12714827808841 -0.100641977459807 0.263995554153698 -0.0322357658632126
0.162725582747094 0.0834786501643432 0.157099710666406 0.114937127417915
0.00961293745476334 0.179665877395338 -0.0549297152755425 0.0829225487322276
-0.0974178704069333 0.12658905655496 0.00782010718573113 -0.234704480620964
0.0940727081485344 0.0174908448071555 0.00322038187507371 0.298639256303864
0.0279827393591328 -0.0884416984207468 0.148465083230022 -0.0581230750600675
-0.0576825246270486 -0.059318214517365 -0.14857013487806 -0.174755711504336
-0.0610298229211043 0.0359647050992624 -0.320557439072478 0.0180692978003734
-0.00294226218575953 0.0489944361788771 -0.20866340102165 0.26345025651582
0.0163363810736288 0.0305158661780881 0.019669135564237 0.292793947419042
0.0290316973249131 0.0244834286940165 0.14129214955256 0.200454348511379
0.0165256750825511 0.0131514437370304 0.179615869215404 0.124209270356005
-0.000537984773762933 0.020977681233939 0.215733355181172 0.100455488096988
-0.0248147385141383 0.00955661162772446 0.20669468646205 0.152130333277694
-0.0167771860644085 -0.0107430528778771 0.129093951299379 0.228685797449574
-0.0111762609458565 -0.0314130461271565 -0.0140172321174686 0.265591020298741
0.0580389949234729 -0.041904056181301 -0.168700156105152 0.297661027720223
0.1068506993 0.0143467109351597 -0.247028362214404 0.319471419068497
0.0665206559394161 0.104100559627846 -0.156260578614894 0.443570902268146
0.0786195199477379 0.154561343802656 -0.0315322191662958 0.290854160872489
0.103412077911332 0.0182648287651123 0.153493011318659 -0.0510553145135657
0.0459204244601262 -0.041677370571587 -0.132063177675966 -0.199876360279363
0.00288689986133772 -0.0360279434521636 -0.339043557678878 -0.017315191144845
0.00888561762189448 -0.0399491593923917 -0.234869521508505 0.253705890179
-0.0198171900461808 -0.0466637759032737 -0.00427380718065458 0.294554338596221
-0.0360013139349829 -0.0215976261692654 0.121378228483387 0.208080679611259
-0.0477268122963679 -0.0313384076494687 0.168995410539967 0.124055082957709
-0.0601099740440516 -0.0354373750409866 0.206776729390847 0.0855174441167142
-0.0511913334472333 -0.0903760474725939 0.217598880029593 0.118296491325545
0.0290102184738596 -0.113196120210857 0.169503139478057 0.197739388183714
0.0946905499028323 -0.079688908102016 0.0521311056452234 0.260312421885258
0.173520045107927 0.0312690375320802 -0.111007908839701 0.304401674537847
0.150796453858788 0.180095880571394 -0.200925543912626 0.304243558670437
0.0431037834365172 0.273955873658508 -0.129323952434326 0.382221710311596
0.031550182083449 0.277627794205437 -0.0521226845019728 0.229403987532806
0.152060530880654 0.155869949733939 0.164486741405504 -0.0693828352785536
0.156982893983158 0.0151359707357568 -0.0967502591653546 -0.243775081991372
0.0957210154785605 -0.0942930295788719 -0.340403733716908 -0.080834568817342
0.0382422953747215 -0.132563811815512 -0.259421726347261 0.208818796595489
-0.0445909373998417 -0.131640381518313 -0.044778719278308 0.264909263691933
-0.0951617710937366 -0.0737096590547187 0.0761811756752032 0.190011690455996
-0.104817260433009 -0.0704077181718803 0.13374904221187 0.105721602707869
-0.112639812109644 -0.0766631317801234 0.174355794486026 0.0525533193978089
-0.0859101758575261 -0.162743971723868 0.210203205782986 0.0538021384115849
0.0401646958519573 -0.203665098702448 0.208515768865595 0.125512714288826
0.159488121549499 -0.156272788170876 0.141757619372838 0.225023329493372
0.284501118603055 0.0429383623125472 -0.0230263647377423 0.298971245362817
0.217435017593434 0.286408917564286 -0.150636447674945 0.279556344606418
0.0442961648176871 0.396410724617273 -0.100141513006471 0.27806750597069
-0.0359741335957691 0.361754700825437 -0.0483842097090745 0.115305458812264
0.157091755094345 0.294711684058362 0.179410988354872 -0.110804737065492
0.246379924792649 0.106603599621777 -0.037170352293933 -0.28912921564413
0.201329071030769 -0.117836253806202 -0.303156954782261 -0.161189356314182
0.0825076289217015 -0.207627749532768 -0.265545508275446 0.124389734743561
-0.0520436257593942 -0.206479232861401 -0.0913726376460812 0.198240726553484
-0.138118076186779 -0.121374162717961 0.0124675741060001 0.146743691320529
-0.148559247701141 -0.0989634509307142 0.0796643577921627 0.0722074008387936
-0.150033298746051 -0.0991539016927381 0.121640611214368 0.00845173986402725
-0.117845485188296 -0.200295782730922 0.178351848678904 -0.0221632323944918
0.0261890544670895 -0.262984543033962 0.222298104695851 0.0288826132514209
0.176910474060139 -0.226811353476493 0.217089636976455 0.156682268929678
0.354322196278722 0.0154001037442086 0.0632008324386915 0.264994093356525
0.269052271773788 0.324642432847128 -0.110807303719146 0.240864536318295
0.0544666996929594 0.454298396065334 -0.080619062236347 0.148734693488892
-0.103639020318808 0.383898578064766 -0.0170182721171828 -0.0364783960103097
0.110165135486402 0.386144361709332 0.193434456064005 -0.171728560666475
0.274178018540815 0.201496188280961 0.0383392570644761 -0.318990625264586
0.276226998947473 -0.0971716469447043 -0.219936873207596 -0.233805007054312
0.126561859241627 -0.238823379765003 -0.23870834531859 0.0130500097617271
-0.0420460445387814 -0.248167415278918 -0.132477051202426 0.0992868765644774
-0.155725923389405 -0.152477345266997 -0.0577170717076551 0.0830844595487962
-0.170698377176785 -0.112765656191826 0.0146976656355151 0.0271763042186966
-0.165689031844355 -0.10534691273305 0.0560647002092771 -0.039389337270222
-0.131472719008042 -0.206340111592444 0.127876467681492 -0.0914637184821525
0.00945705072069917 -0.279552855886531 0.207308189910323 -0.0634271927023611
0.169612461909546 -0.25674549754371 0.257049182011523 0.0792561359022015
0.366189456303626 -0.00476062437747108 0.121631230632405 0.211193769739348
0.267912351719828 0.319004003223515 -0.0873783948737906 0.194275576878019
0.0462763871834721 0.445457198129085 -0.0705668135661042 0.0141043184961835
-0.146475547327866 0.330622866119994 0.0339815020263804 -0.197516395944125
0.0339357639921225 0.387067255651404 0.20811376102775 -0.236090777201879
0.227850403590749 0.248461440659643 0.111137421276237 -0.32196130383888
0.282880104682574 -0.0490597225376636 -0.112340439081998 -0.274467090614074
0.143466312794761 -0.216931026333698 -0.182267274688832 -0.0972863039156024
-0.0230385674849713 -0.240780564428715 -0.160944931092067 -0.00789891706200255
-0.145665922370692 -0.155046519074104 -0.122689553898773 0.0125072844591938
-0.165972336866293 -0.110878866183998 -0.0502702155515202 -0.0186125780838131
-0.158575591464201 -0.100604223659527 -0.00992686904787672 -0.084174845233516
-0.124092171047507 -0.188728190726621 0.07194187631122 -0.147074344971463
0.00486401027427932 -0.257335032711829 0.179078697668483 -0.135600494486941
0.157797750530691 -0.234927248505924 0.26770946196098 0.015128761637612
0.327218839805684 0.00908886254225643 0.150278991951063 0.161242794198603
0.210040815948764 0.291368923196935 -0.0758902643433562 0.148837987823891
0.00933869716957659 0.376717110953626 -0.0601407012797639 -0.101353254603389
-0.148256686566631 0.215910533040788 0.0866545282629964 -0.334213224535379
-0.0328509458849651 0.292862565573279 0.21620444748481 -0.283120008007819
0.139275394729639 0.219146903588901 0.161645692907056 -0.307396853005519
0.218033283906065 -0.0082178973467671 -0.0190785787718883 -0.279154438981401
0.119885545917155 -0.15682677084286 -0.12331413387886 -0.177334068824243
-0.00647533311082341 -0.185771285889668 -0.178112638463085 -0.0968803145178026
-0.111234647017427 -0.128042743840897 -0.173378295243918 -0.0481673255161542
-0.135075078516986 -0.092629646859165 -0.106257219125413 -0.0584021391958397
-0.129718791876909 -0.0849578985397514 -0.0650309893298383 -0.123516201119095
-0.0966384464081017 -0.155856206548448 0.0256687199649122 -0.190704161523913
0.0107087100563568 -0.20820433239391 0.156992360502924 -0.186174532449454
0.14567493482273 -0.17904438384157 0.267230024484585 -0.0240420622534648
0.258854710422362 0.0449059917468296 0.158785462815638 0.127122797561359
0.117763428402244 0.248822891861721 -0.0671502111775354 0.111635070388723
-0.045748288009178 0.269577856149296 -0.0368378043190664 -0.188641113399934
-0.119384991329015 0.0626799887185875 0.11881729887028 -0.421580685218438
-0.0752331515837085 0.141959883619238 0.206829926399793 -0.305761980737774
0.0439554536033074 0.133199437198478 0.178942643267856 -0.293212930197229
0.113901685095978 0.0137609490206456 0.0296862618010261 -0.273243639832909
0.0682555084544156 -0.0763492511176039 -0.0937607229107083 -0.219416240234801
0.00832804712581826 -0.0991882558842066 -0.191363183486531 -0.146635710498066
-0.0586418169986645 -0.0783085961985175 -0.203599635953634 -0.0875473051174511
-0.0830067097368976 -0.0616928498989562 -0.143788920173422 -0.088579289004566
-0.082679280148334 -0.0617914724718689 -0.102733897604769 -0.15436719526955
-0.059764728122106 -0.108694420443027 -0.0035866491679836 -0.223610815387588
0.0170548255852607 -0.140829639749304 0.149502630773623 -0.221941314519878
0.125355795003471 -0.106714615261888 0.269669091239187 -0.0438515665333416
0.168858159904711 0.079502000503444 0.16285502333129 0.11334262450718
0.0152227435526226 0.184438967105207 -0.0542882462906078 0.0878560732774242
-0.0962567407424389 0.132729164983312 -0.000295803107557959 -0.237508732721046
0.0967087981220378 0.0123214552520344 0.0229539729074503 0.300807203309607
0.0220099012968504 -0.0908037334718503 0.148182939615213 -0.0712449173948336
-0.0614815408819779 -0.0563444787462768 -0.158491257485439 -0.169656191238281
-0.0590477137204885 0.0409228646548998 -0.321168196166739 0.0370987931273501
-0.000346775438467331 0.0500182601585121 -0.195216999408544 0.280293924467192
0.018149443617112 0.0304018026210795 0.0369550921356872 0.292891416639024
0.030662353584927 0.0223788329021075 0.152994498401326 0.190328396769291
0.0163772529484226 0.0120701074782382 0.187772347527683 0.11325247753332
0.000760058349556109 0.0211548552436574 0.223238219575074 0.086003687886266
-0.0241703768744034 0.0114941077705928 0.219351785408641 0.140140981587511
-0.017909399644508 -0.0101778990591341 0.144140962791015 0.224018032668474
-0.0130105830209242 -0.0303527938441385 -0.0028952198219532 0.269618097621292
0.0558050982457998 -0.0463708336892963 -0.156274784581955 0.311774155087917
0.106330852562136 0.00860385028220318 -0.231639051335971 0.333246257003258
0.0727856830040095 0.103732513392282 -0.135791010983555 0.454423914721285
0.087940440068051 0.152373531733911 -0.0142583346915622 0.294779308796493
0.10468208869377 0.0122173936425247 0.154380135235059 -0.0648281022441933
0.0443943590609684 -0.0444198950307496 -0.141776929163214 -0.195707007105212
0.000376194532855324 -0.0360058788679578 -0.342154578227166 0.00149962716133107
0.00598969925052011 -0.0401277483317268 -0.222423164163795 0.270715079232835
-0.0228787431195024 -0.0448287569869461 0.0122384624792581 0.296262294902067
-0.0370594629849207 -0.0199834287123249 0.134906286833688 0.199852604810866
-0.0502719923016089 -0.0280891727614462 0.177623959748995 0.112636880627824
-0.0628320464379701 -0.0315773533355202 0.214821741038416 0.0708379268604965
-0.057745408718774 -0.0871852213545727 0.227959350495479 0.104659146617732
0.0219185610754392 -0.115666238287222 0.184452144639171 0.190316455883081
0.0909572947148847 -0.0853511579503864 0.0631787821376261 0.260009401847193
0.177008813398348 0.0207292980288255 -0.0972088180388166 0.315018309061182
0.160872038111927 0.172836700819278 -0.186094419349595 0.315598178521097
0.0569194441925209 0.275744434744331 -0.111779167624385 0.392017784660106
0.0464369578049316 0.280522762108833 -0.0385572958800295 0.233571299211367
0.161739793167589 0.147287168008391 0.164758847833837 -0.082171455953979
0.159188984802229 0.00720172908571494 -0.107757444630356 -0.242047633608768
0.0901817337631557 -0.0994958137156212 -0.347552769720017 -0.0624689582470883
0.0295462731779773 -0.135343040327261 -0.250676070384051 0.226308884823967
-0.0538705299507787 -0.128841983390987 -0.0297318425423149 0.269608747807289
-0.0991190115905437 -0.0675136442013353 0.0881268362579036 0.186412817689335
-0.110001711138096 -0.0638122161409379 0.140858757162735 0.0964060985126291
-0.117688979244407 -0.0693175636320572 0.180772223474665 0.038832266629276
-0.0977304717308868 -0.158246460566706 0.215922959508978 0.0389250112583917
0.026406734215867 -0.207852706214842 0.220551854250698 0.114433209411165
0.150279065811552 -0.16581128157096 0.15324178283258 0.217898261450096
0.28862654878616 0.0255245355933744 -0.00970478632025915 0.30536322885888
0.235259918591939 0.275969751307439 -0.137686779032475 0.288621018104568
0.0640215364848401 0.399392836453998 -0.085678508495988 0.285531941464873
-0.0182285011127258 0.369268124032906 -0.0422351981542857 0.11839737117442
0.174971585897893 0.287201587092071 0.175648101798381 -0.124349232498668
0.254438335258417 0.0946507458253334 -0.0495775420023467 -0.291105994722402
0.194727901735594 -0.130066187436678 -0.314562266768875 -0.146193954809875
0.0699370773096815 -0.214231174791415 -0.260845158054137 0.140333480455174
-0.0663989637842322 -0.204454596683311 -0.0822141649600146 0.205261334159667
-0.145188113124046 -0.112165436136366 0.0215698522015268 0.148305240072543
-0.155833515005006 -0.0893919592959202 0.0844490294601759 0.0658811646824609
-0.155501371552684 -0.0895157498383351 0.124940370296002 -0.00181471377141448
-0.131871385327871 -0.194489180749637 0.178616540030725 -0.0362968498508367
0.00865298376765601 -0.266914581786881 0.228462574673373 0.0159811100915286
0.164089805094306 -0.237995232528202 0.226475478624845 0.144628362773569
0.357821948931008 -0.00550665786594592 0.075694774196814 0.265560260639063
0.289792674834618 0.312243104566408 -0.0998548084012419 0.248214374787175
0.0775443877386138 0.455423263988546 -0.0731255304981193 0.154519942934161
-0.0846897776606638 0.394994023309463 -0.0190282999684332 -0.0372789391552883
0.13446763321384 0.382557815616294 0.186677641499556 -0.185577284511848
0.288692497885748 0.189454090631063 0.0257493747979944 -0.324599927655313
0.272879282922831 -0.113466271762978 -0.233628259907041 -0.224708059917152
0.111698165717665 -0.248515024564416 -0.240306575680089 0.0244552765086021
-0.0585299955224554 -0.247262825836006 -0.129863490842806 0.108655230143414
-0.164827014547082 -0.141624372272528 -0.0529951963338262 0.0899122491692902
-0.178459247306876 -0.101991139293131 0.0161776260324776 0.0262518537428447
-0.171840806095527 -0.0942593852284645 0.0559682915641597 -0.0445124631590066
-0.146038422130805 -0.198851345053513 0.122636388921617 -0.102403461539751
-0.0092971254441375 -0.281656249125942 0.207957920669254 -0.0763219912100152
0.154186189260381 -0.266537333231509 0.26366473692166 0.063091017842461
0.368560337091607 -0.0266894199910944 0.131757376850582 0.207652563655208
0.289090304234626 0.306103566899335 -0.0793411023259149 0.20034440726908
0.0662371911508538 0.446214751983189 -0.0703406743522293 0.0196921457368994
-0.130007048646214 0.343897749172604 0.0241502518078368 -0.201268804360682
0.0567074168807148 0.387650965448988 0.197573487946341 -0.24856546102617
0.243611322441378 0.237962788860532 0.0989849206357139 -0.331157813300324
0.2818412058392 -0.0653019667376122 -0.126374633549625 -0.270944837894521
0.129670189023878 -0.227672389950337 -0.188908310852791 -0.0902901611193674
-0.0395383308092957 -0.241451346014725 -0.163801916681421 0.00177444912301994
-0.155058811590238 -0.145284549558382 -0.122636950708239 0.0242849485520189
-0.173945322945257 -0.0990297262665758 -0.0519979699208279 -0.0150672609556462
-0.16462229990115 -0.0890181642743714 -0.0135263382100713 -0.0857274527915523
-0.135686898516932 -0.181775553802402 0.0633281361774092 -0.154467680834747
-0.0113874771369348 -0.258709376927102 0.174602670195089 -0.146894657300432
0.143375281564504 -0.244393629645615 0.270422842775536 -0.00140440416837438
0.33014567382799 -0.0105745765092982 0.157398241443108 0.155090056591917
0.228901479821816 0.281906362540755 -0.0704943829456743 0.15435263899134
0.0270409290904518 0.38006373858804 -0.0657854371171097 -0.0973500865348941
-0.137985585927826 0.227011593053333 0.0704653244690597 -0.342661142661457
-0.0169753522319376 0.29706649673405 0.20230818252404 -0.295142016193865
0.152298526243031 0.213159985036618 0.148764750206298 -0.318449516758454
0.218375574580795 -0.0215681754498015 -0.0319265893719206 -0.281736881435429
0.109873418364098 -0.165457002155526 -0.134714644751972 -0.175473656839312
-0.0188376580783112 -0.187521859593676 -0.186590172354332 -0.0861593446175729
-0.11912536117532 -0.120882291076331 -0.176777773749404 -0.034360812397247
-0.141348786995363 -0.0833895139096198 -0.110273444037703 -0.0515728928554405
-0.134654223863629 -0.0774260767249622 -0.072353083323649 -0.121126248469262
-0.10689997874178 -0.150384600798258 0.0138947915987056 -0.194288104821562
-0.00268648339451187 -0.209828987979382 0.148777138268377 -0.197518059828184
0.135207098522281 -0.187135131039085 0.267768955724875 -0.0412021660730194
0.262548906040266 0.0294218160756034 0.164746458908969 0.119888821018886
0.132319161871128 0.244708469868646 -0.0621417053131315 0.117450204009867
-0.032989974169312 0.27457408507643 -0.0473810950946767 -0.185215953528792
-0.1170226506868 0.0711319728357516 0.0977017648938113 -0.431678560609995
-0.06803369995726 0.146926425566144 0.192450969352981 -0.3170639873123
0.0519684264555989 0.130480994509367 0.166719567482226 -0.305300193887703
0.114006992786007 0.00602431108505243 0.018544502064216 -0.278745395397241
0.0630902409984535 -0.0810916690396341 -0.106390186451078 -0.219696535318299
0.00156519763198265 -0.101582406750464 -0.202526746524365 -0.135004200810557
-0.0639596398383021 -0.0750445900348429 -0.21069268009536 -0.0714184272668636
-0.0871844427787426 -0.0565160315654636 -0.149719834207951 -0.0786953477673195
-0.086558840898762 -0.0569778327415297 -0.11140008358216 -0.149505822927837
-0.0669262004450808 -0.105534301652101 -0.0168986361613381 -0.224730277196993
0.00911173852343324 -0.142590186487782 0.138951625880024 -0.232693703306257
0.119766893821975 -0.114214965574946 0.269196321899224 -0.0594620051768337
0.174820846249623 0.0698501528375181 0.168347499483184 0.106181957973713
0.0249380424558355 0.185544887742711 -0.051133546008169 0.0929513457096633
-0.0902880393703579 0.138593253198227 -0.01393606168194 -0.235733373165379
0.0960783958318362 0.00577947770615313 0.0420425962123526 0.293654378659589
0.0160891793903088 -0.0902244114256262 0.143246426087082 -0.0834492285794662
-0.0640854693378319 -0.0516853836230085 -0.164852779205946 -0.159122273465162
-0.0551967053377597 0.0442639674417168 -0.313798825273554 0.0559317918928942
0.00321688775547477 0.0498762184833361 -0.175067283550362 0.28966577287136
0.0200351749747289 0.0285539942574069 0.0538298164841712 0.285791341079738
0.031131343768185 0.0193164883057187 0.161055056724072 0.175347161231042
0.0164626180092344 0.0106566907431767 0.191128838064467 0.0979668380378432
0.00200696609884314 0.0199804002142976 0.224580552648863 0.0672173946835451
-0.022762685537315 0.0129296745800929 0.226836105137769 0.1232752206169
-0.0181349904944335 -0.00954141871146698 0.155958721813375 0.212464413698824
-0.014628975191174 -0.0287805082669986 0.00890459333522156 0.267763019172663
0.0515581445001793 -0.0501104659179857 -0.137835102035957 0.31930311770589
0.103987497372843 0.00226510324114833 -0.210293694512587 0.338743719206056
0.0784283593441855 0.100731242955824 -0.110794085476814 0.451306388858135
0.0965196787064241 0.145424194531692 0.00501004285027683 0.289614387346224
0.103145320414988 0.00547658975995419 0.14973608506225 -0.0766936609189073
0.0405443399786197 -0.0460451225344524 -0.14854535842205 -0.186796065997525
-0.00186592715183913 -0.0339820015814448 -0.336200820528471 0.021818642166313
0.00270943893257817 -0.0390113520206356 -0.203121685794284 0.281444166705079
-0.0255381259231487 -0.0421387085361165 0.02906914761776 0.289875357421827
-0.0368117431799837 -0.017399135339207 0.14540572493099 0.186298304759782
-0.0512317894077894 -0.0241044709357498 0.181885759476245 0.097879174253868
-0.0632266386118781 -0.0267970376981879 0.215820081869436 0.0531471354576206
-0.0624854951154918 -0.0819574956458343 0.232003037278983 0.0868316872599491
0.0131527751688468 -0.11578730017419 0.19464628668996 0.176287688695961
0.0841564130468817 -0.0883026727127309 0.0747701719551481 0.252739955586338
0.174977920217069 0.00895552275205482 -0.0801206054947372 0.318607088688972
0.167450688701111 0.160656686494027 -0.167563892400875 0.318608214164611
0.0695135718419611 0.271704448988792 -0.0895829137977306 0.390846343283868
0.061940421353347 0.274609342879412 -0.0239545283895088 0.23147142895326
0.168129533365431 0.134861197045712 0.158674398967169 -0.0936345826687693
0.156919474648651 -0.00187215162239921 -0.116018064885271 -0.233819170627997
0.082518367378403 -0.102842256117556 -0.34502234334623 -0.0409443447572466
0.0197336183020217 -0.134860992715908 -0.233198894713939 0.237927161849947
-0.0616187957884547 -0.122806834360037 -0.0136592780039541 0.267077947434504
-0.1006693358657 -0.0596547154141869 0.0991064362852086 0.17725251633921
-0.112759234220794 -0.0549103400174677 0.144829952581686 0.0847785841598622
-0.118854770499639 -0.0593649961377279 0.180753411950282 0.0230447593380461
-0.106299406681885 -0.148815190227586 0.215570240027381 0.0231184890890376
0.0116669927406769 -0.206806429329443 0.226675883786642 0.0984111467124359
0.137367257068904 -0.171536057205717 0.161087777911936 0.205368061702647
0.285854246656465 0.00708877477156521 0.00498771944757233 0.302774454767674
0.247823143083285 0.256510299294704 -0.12055396988683 0.29036299492798
0.0825446093070459 0.392634031522699 -0.0690060918513579 0.284831942656596
0.0036845822285168 0.367576830430117 -0.0349586277398622 0.118665304959384
0.189496151597033 0.272234552321838 0.167114229522495 -0.135322286290631
0.256448996828079 0.0792910535098557 -0.060384844054838 -0.285950953349605
0.18366509229 -0.139034221323729 -0.317932338223051 -0.125581112042889
0.0545437492060525 -0.214796978995094 -0.249408959836562 0.152883767449005
-0.0795974088851193 -0.19590691792719 -0.0685747655128542 0.207446398904926
-0.147654290368348 -0.100140280210645 0.0317476407638138 0.145909845236739
-0.158402000811477 -0.0767142303676823 0.0869000333461156 0.0583587953729445
-0.157283497015726 -0.0768655596913928 0.123613543259831 -0.0126886974338763
-0.142744766965409 -0.181674653065708 0.173741357816034 -0.048110351112109
-0.0100015907543461 -0.262698330491154 0.229044223171263 0.00130565419189726
0.14534384341339 -0.242272064567629 0.230154087273202 0.127465051493649
0.351589140897158 -0.0285502851940265 0.0871706922754884 0.25887346129106
0.304898190965251 0.289949996527365 -0.0861672077346182 0.248745463568685
0.0984518486185135 0.4462840943848 -0.0629686875630567 0.156203937187211
-0.0603466879816983 0.396342240841875 -0.0206898199067721 -0.0363926223769145
0.15509840164698 0.368157016731826 0.173910908560554 -0.193770442869229
0.294957178121045 0.169617051493161 0.011639518275436 -0.322555483500817
0.260604084946212 -0.127717253137378 -0.242271406721594 -0.208249135083521
0.0934796648400301 -0.251469213390575 -0.234630132205604 0.0363040433883274
-0.0747455121848211 -0.24010679769981 -0.122142203605444 0.116186669230114
-0.16985472229853 -0.127494458418418 -0.0448844337880661 0.0941622543237936
-0.181219557285577 -0.0872548202497666 0.0178040602851319 0.0240879327734926
-0.172532781099864 -0.080418811807175 0.0535295878727506 -0.0502897065852268
-0.155962225754299 -0.185563770845936 0.113565648707702 -0.110293238568321
-0.0274950417379682 -0.2762616037253 0.202642818191695 -0.0880174098359685
0.133436954413446 -0.269930423229843 0.262578766096549 0.0449654609444977
0.359883064354121 -0.0496075691039745 0.138720614999976 0.199517820027116
0.302243857784891 0.283071546480785 -0.0695181261177371 0.201763877829551
0.0873522015587919 0.43844895121847 -0.0676625963952583 0.024337316300255
-0.108258617491263 0.347575065869056 0.0118052897104851 -0.200765523123923
0.0787578220377796 0.377970707692154 0.180654727712025 -0.256006917309747
0.253764932683641 0.220355923700384 0.082592384262083 -0.332964104709639
0.272942346114011 -0.0812099150134957 -0.137972819055516 -0.260351929647632
0.112246674794316 -0.232619539316065 -0.191219097847144 -0.0810411538447677
-0.0549190393636547 -0.235558487777841 -0.162787556834039 0.0129535317781982
-0.15984733903632 -0.131956532282798 -0.117352621630673 0.0340774682102058
-0.176342609954913 -0.0855533234504477 -0.0521055822326931 -0.0115203603514613
-0.165488108264058 -0.0764433857441128 -0.0172657078626484 -0.085201551170686
-0.145113674438463 -0.16981204476748 0.0516901976599704 -0.15725346920903
-0.0283564154855374 -0.253606987321467 0.165274865712215 -0.156076027212672
0.124538066407303 -0.247226724298809 0.26601166029644 -0.0195705960580166
0.323397570225135 -0.0314882493485726 0.16172039447451 0.144989200889701
0.24239565526344 0.262874561829882 -0.0624298043663863 0.156960868570236
0.0453945839186283 0.373805461278068 -0.0696543259062887 -0.0899218300583798
-0.123196515302637 0.233023732190131 0.0495179868903828 -0.342234685864406
0.00123799523788888 0.292965973461141 0.183299824799479 -0.300440119268419
0.162497934362776 0.200450971807425 0.132302011948479 -0.32248942576918
0.213032276729012 -0.0345434073884704 -0.044833321687099 -0.277235314312778
0.0963767604576698 -0.168964821669128 -0.142886383487913 -0.168128967095738
-0.0315618017218356 -0.183706181637673 -0.190351184185218 -0.0722561580051864
-0.123256924250355 -0.110864439687042 -0.175081253208403 -0.0191962537087781
-0.143748729725107 -0.072126871398331 -0.111521388990122 -0.0435575093379037
-0.135908255653894 -0.0666726121242906 -0.0773389466404113 -0.115761005394843
-0.114396354605336 -0.141161913635381 0.00134884174828786 -0.192661621551344
-0.0150432404331877 -0.205872448083237 0.137164484543356 -0.203138976414911
0.120818931671872 -0.19086285458561 0.261260295189247 -0.0580491993920169
0.259376057498564 0.012770349107125 0.167234775044814 0.110100741336859
0.14458290498448 0.233180088879087 -0.0559902920889487 0.119644154999451
-0.0189009107407618 0.272599945602373 -0.0573886508270042 -0.176692220125506
-0.110938996865449 0.0770937489599542 0.072850178936412 -0.432240897331016
-0.0584084483179303 0.148252054978222 0.172870178780376 -0.31946773179856
0.0583426538006605 0.124159273069989 0.149689292966263 -0.310421442291363
0.111629705655718 -0.001091872333492 0.00552581175431901 -0.277660070101901
0.055658308416467 -0.0834665129506651 -0.117575345777917 -0.213659605901638
-0.00564742799913062 -0.101002517808997 -0.208557455402591 -0.119946971112624
-0.0669708364436018 -0.069675068569436 -0.210392882518577 -0.0543054943128284
-0.0889129868835239 -0.0487196687698106 -0.151463727076725 -0.067479006850221
-0.0882098263200846 -0.0505587605284478 -0.118849356871654 -0.140758277300329
-0.0726736473405856 -0.0994720387995332 -0.0296369976829156 -0.220388306300132
0.00036092288597913 -0.139968890767732 0.125020376719489 -0.236886120368723
0.109992148850067 -0.117943344740914 0.262130722644955 -0.0754287506781282
0.175211095969712 0.0576047139652306 0.16982152139501 0.095998283337255
0.0349950870643052 0.182411687278503 -0.0460607868475309 0.0962377915308034
-0.0826421577795042 0.141568561466516 -0.0272987541179687 -0.228204497217804
0.093899806068617 0.00115522512238507 0.0553738409121649 0.281154595174927
0.0112968387164612 -0.0876245493771479 0.135032719785503 -0.0923294602319561
-0.063977591706156 -0.0475794121730242 -0.165964413745508 -0.149396455761537
-0.0512589580904602 0.0455528627623548 -0.300991851376369 0.0658708327216092
0.00576301190672082 0.0489698060068021 -0.157255136065252 0.289993041113991
0.0208638902852258 0.0267605802569018 0.0646296498221259 0.273475337942783
0.0305357827016427 0.0158167916200083 0.162020783781138 0.159566174126435
0.0158712690162996 0.0093374800404107 0.188938512832745 0.0846017224867355
0.00296408151798389 0.0191394321338482 0.220675661417384 0.0533453782441764
-0.0214858651348682 0.0138390120515888 0.226947409111343 0.107621008622208
-0.0183085525108828 -0.00820578335256541 0.160945617924645 0.199989634832116
-0.0149024703088057 -0.0270727532080356 0.0153883224689083 0.26108204289398
0.0473424982679549 -0.0517218378389257 -0.121926951509485 0.315911850204355
0.0991027457835944 -0.00223601003404668 -0.192159907630251 0.333769526364387
0.0805347100624902 0.0964925822416458 -0.0913169174064899 0.440849213789873
0.0989307550459134 0.137421665887498 0.0183814216418098 0.279145406844034
0.100205119194712 0.000460882825836869 0.142264888433962 -0.0848719072669842
0.0373489460774858 -0.0461312095577214 -0.149728449188022 -0.178088163081646
-0.00341241544449987 -0.0320828519831955 -0.324396039732481 0.0347410415502604
0.00120069635730887 -0.0376699535300057 -0.183766005243493 0.282614667306581
-0.0268464841846044 -0.0391014791267673 0.0416140132638323 0.279684179843522
-0.0364926313723137 -0.0157389233078399 0.147880044996168 0.17137910497556
-0.0510083779081155 -0.0205341825890564 0.17955208047225 0.0844761611281906
-0.0618873963437095 -0.0227703319829535 0.211384594496281 0.0382266777879723
-0.0652757801959983 -0.0755731998222365 0.230151696227872 0.0718302616131329
0.00733420800884544 -0.113171000266162 0.197800513085367 0.162031398981609
0.077298458361699 -0.0885579899283701 0.0791720604915896 0.243263092573354
0.169499923023397 0.000444519368746856 -0.0661342291855332 0.314485464994674
0.168415839704821 0.148235104752141 -0.15068092735001 0.312333651728811
0.078144984506472 0.262715446158386 -0.0716579217719939 0.380846616249704
0.0722660409809101 0.264964231212496 -0.0132438492552121 0.224244281096094
0.168538784156032 0.123116704700083 0.150618456231555 -0.100943183987949
0.152559883716923 -0.00798248744207681 -0.118761260289895 -0.225348542652999
0.0747008433126978 -0.101852090631904 -0.335574063116459 -0.0260114495254635
0.012240560905802 -0.130786860221874 -0.214545550790248 0.241112955473221
-0.0658386524722935 -0.114864073986986 -0.00125724382065918 0.259684650960451
-0.0989048124603429 -0.0535880241103847 0.104599179785664 0.166066065200053
-0.111683034203356 -0.0468459844074705 0.142761543717257 0.0740022843391091
-0.116678297814964 -0.051482279090139 0.175428199434562 0.0106014191463955
-0.111095337902909 -0.138397572496991 0.210253988941366 0.0105569650429245
0.000915440223773852 -0.20076339501376 0.225951768404935 0.0841359381303991
0.124671960321734 -0.170401854621692 0.162409270726362 0.191846595328109
0.276698210806889 -0.00640920562645645 0.0155143164353497 0.296079085127198
0.250700615749387 0.238697231582951 -0.107464050018792 0.284526985304138
0.0951944139668405 0.379228479734406 -0.05631238448037 0.277868170997401
0.0187443687606844 0.358520957924448 -0.0293677701205045 0.115399093525243
0.195811280156109 0.255009991932005 0.157137998787652 -0.139748947024153
0.252442149510059 0.0656700059198917 -0.066659088978319 -0.277914231856376
0.171257533398237 -0.141936314119778 -0.312646665240143 -0.109136637654298
0.0420514574327764 -0.210100868219256 -0.234352461855917 0.158385790605818
-0.0873465010939996 -0.185652832306975 -0.0583617475301621 0.205367660312537
-0.146109727100606 -0.0899140594281953 0.0392325642462704 0.140140286055449
-0.156626682724617 -0.0653413906978838 0.0863986809272261 0.0515908226272138
-0.153608347461417 -0.0660463876767871 0.118749703652085 -0.0217746290100043
-0.146460111722666 -0.168732871232242 0.165255874176783 -0.056688930856726
-0.0232494897630028 -0.254029073350094 0.224566292860896 -0.0100914550156085
0.129224731563424 -0.239529573843626 0.226230862034992 0.112600771948675
0.33835128038061 -0.0439978158180136 0.092509037814219 0.250054975711279
0.308219347164947 0.267657945618187 -0.0760026497548577 0.2439133148874
0.111588061807163 0.431475139190537 -0.055095462764535 0.154272635290591
-0.0421346874755393 0.388130484406798 -0.0228236652845005 -0.0352678778771571
0.166259371451795 0.348375664820195 0.160833624656404 -0.195590642342615
0.293922280961706 0.152555753496502 0.00254231864621416 -0.315912144210566
0.246437380646673 -0.134837462400521 -0.242162864763943 -0.19244291729668
0.0779272124973077 -0.247599602952723 -0.225594676147688 0.0435218942575917
-0.0857813233727667 -0.227497455984851 -0.114083749782659 0.118621500715782
-0.167702492479842 -0.115005376069145 -0.0375374890735162 0.0944036834927689
-0.179000854800363 -0.0743535259737225 0.0173489615231257 0.0220766457019108
-0.168845291531238 -0.0695374205865429 0.0492425300474922 -0.0541479233970232
-0.159485742178199 -0.172073572258181 0.104448637714648 -0.113586492742869
-0.0409574796830083 -0.265908139400925 0.194795055854316 -0.0956594694076273
0.116869019222329 -0.264491564941645 0.254659880285057 0.0301105979592333
0.34656508410352 -0.0648378465316068 0.140319108198571 0.189485605949142
0.305598581222177 0.261401161739251 -0.0618310761340184 0.198618260384468
0.101317861106216 0.42357420131498 -0.0643630666414512 0.0271019420960119
-0.0901608555956705 0.344384602390852 0.0030940676194218 -0.19545983143066
0.0931391904492685 0.361270318372716 0.165499732536244 -0.25448854136208
0.256006358660848 0.20281735347455 0.0706783966157109 -0.326943538249003
0.259787723859998 -0.0903869206634942 -0.142585141382438 -0.248205731635207
0.0975591470395446 -0.229469089081558 -0.188777379171273 -0.0726322412921153
-0.0663668962209147 -0.224974804932596 -0.158626446234807 0.0206580346892935
-0.159150339247022 -0.119436832155281 -0.110164918985617 0.0401550379356551
-0.174202045615638 -0.0729400886177054 -0.0511857596176896 -0.00863592679405515
-0.161404410353636 -0.0658496627089509 -0.0209417695371039 -0.0839787107107996
-0.147766445116962 -0.15706368912278 0.0422517463795381 -0.155325354273712
-0.0395427650193838 -0.243602860852406 0.155839896331627 -0.15903629189887
0.10894385304316 -0.242774813776833 0.256046092178279 -0.0318735872012263
0.311523934779073 -0.0460480714686375 0.159351579236376 0.135434075786231
0.245629480259822 0.244804333830252 -0.0564901254978834 0.155673395500797
0.0573009643771398 0.361944744375365 -0.0713296307101566 -0.0826521360334068
-0.109291778312505 0.232625181361544 0.0339460476322663 -0.333025692139118
0.013728010428513 0.282902959300043 0.166556203122213 -0.295764597876162
0.165010538748206 0.187209550679477 0.1183744826979 -0.318740518945061
0.203868904188152 -0.0424552474504821 -0.0526193965436371 -0.268538829108594
0.0844936779732533 -0.167636532384205 -0.145414577730195 -0.159655305202729
-0.040286829091457 -0.176339962270146 -0.190230245595386 -0.0607204208418162
-0.123398881143465 -0.10103483463397 -0.169029875694548 -0.00812580773756097
-0.141921088610449 -0.0617115680894369 -0.109638471268892 -0.0366761875385986
-0.133079100576591 -0.0580123597943905 -0.0804382019386105 -0.109415515141335
-0.116820961486355 -0.130550327149523 -0.00706939222461159 -0.186727859664286
-0.0248056378326866 -0.198093888252973 0.126112945779193 -0.20398872388405
0.107600512883146 -0.188077442567927 0.250768215157765 -0.0687236828078902
0.251415344900804 0.000158990363093353 0.163678681867504 0.101409278642808
0.149379487181302 0.219949902032757 -0.0514057942849787 0.119990335181243
-0.0096417764046947 0.265975406671137 -0.0619627243069214 -0.166915343180273
-0.104270241312187 0.0800745908785274 0.0533189108894753 -0.42130656253138
-0.050134629526733 0.146049323661516 0.156106985151469 -0.312894338696553
0.0609669289484726 0.117647064520838 0.134367042176668 -0.306893709638461
0.106882101497546 -0.00689402189249989 -0.00343815986840387 -0.271613170132777
0.0489120226248735 -0.0823932628283288 -0.123864666067644 -0.204521054646845
-0.0115333138488998 -0.0979046351219673 -0.209413096358955 -0.105156398703923
-0.0673215383359402 -0.0648724031568051 -0.204440573036396 -0.0397489000409651
-0.0884443154817779 -0.0420420093540747 -0.148804248455053 -0.0579537275036247
-0.0871243851877748 -0.0446646181037907 -0.120695681833161 -0.131124384814155
-0.0749743041769147 -0.0925695939415265 -0.0382998675776347 -0.211398339750065
-0.00591362108460366 -0.136125520179098 0.112101421895603 -0.234902920609685
0.100886958576268 -0.117994690045829 0.250780720479171 -0.0846029404071771
0.171941251331125 0.0469542639827044 0.166737860496718 0.0879938506432809
0.0414130932923633 0.175775846107357 -0.0413289016135752 0.0960110068095286
-0.0746800153960672 0.141264826601211 -0.0360776300864035 -0.2178534710045
0.0847107236636102 0.0430381063071754 -0.0631642198240766 0.262351529652957
0.0455848185248208 -0.071967054786414 0.154088429077983 -0.033249950933809
-0.0381960629276734 -0.0689583676990456 -0.0903808573399514 -0.199498943211942
-0.0625220337660523 0.0200216754847091 -0.295537191560368 -0.0566827026669407
-0.0123938550467813 0.0436400070463192 -0.253677970357996 0.19677948580455
0.00777278289039265 0.0310879118281572 -0.0501501109917955 0.267706083802174
0.0203672257068532 0.0244951225517679 0.0808998597378176 0.203577104199043
0.0109720204760069 0.0149151560903138 0.134553145561722 0.147328492025478
-0.00352946331793442 0.0166545606537453 0.175234799461353 0.130583791569212
-0.0225136282442931 0.00308784387070732 0.162167361748383 0.184837464352365
-0.0099681712379846 -0.0147247351709855 0.0630444802823671 0.240828254824208
0.000315290686099543 -0.0280880466887584 -0.0957258313363026 0.238869014856375
0.0643795109315334 -0.0255338280567498 -0.233288256499314 0.232728479084114
0.0898732397288333 0.0406929047961289 -0.299456572237154 0.224016846792545
0.0393548638519579 0.125727870178178 -0.265306688004206 0.35781804318349
0.028752057776113 0.169921272335886 -0.0812984699786211 0.243016395546477
0.0866722312970952 0.0425691013444324 0.163059436398931 -0.0279013913182697
0.0515886194103513 -0.0254152876996273 -0.0624878244677813 -0.224946064671271
0.0106385379698919 -0.0277175934685158 -0.308364840176423 -0.0987402409886611
0.0184508903250321 -0.0343375668043762 -0.279227361573313 0.178424874190923
-0.00817083079525626 -0.0459125145971251 -0.0759412225542726 0.264711326621371
-0.0258593610119629 -0.0287058215887067 0.063214419714224 0.209672257804392
-0.0377044202337496 -0.0376653718194078 0.126132525687459 0.143885061209466
-0.0450854713725746 -0.0441168221291656 0.173568561703816 0.112691244062312
-0.0290995852338717 -0.0930952589796105 0.180830467186024 0.152578382234539
0.0506923675206659 -0.100307375560627 0.111777954274226 0.221575296968004
0.105147017903003 -0.0492639610575988 -0.0298600928579532 0.248245711628246
0.156852461654019 0.0656654028275623 -0.184636710577645 0.255493895037199
0.0975587191077764 0.199786724289802 -0.261970358127237 0.226767594525759
-0.0232190363957875 0.276131184034051 -0.231125868493833 0.309594870029655
-0.051759327920906 0.274105619247536 -0.0738182089548271 0.181556162710053
0.0958280155491732 0.178313819929407 0.183531275634406 -0.0408721491614366
0.13795410239858 0.0557139211161841 -0.0103980800083327 -0.262618870736031
0.107809302612847 -0.0559678109488692 -0.297028971393959 -0.163095385774539
0.065948618410655 -0.110644896243559 -0.294558782221372 0.126696470158339
-0.0127868309684807 -0.127302156764469 -0.110111947555025 0.229169303199113
-0.0653362848121344 -0.0857173421274661 0.0266458816100587 0.188357539142625
-0.0813338236881383 -0.0846448708720624 0.09822324688386 0.120593321716835
-0.0828301698425973 -0.0904890457723387 0.152889113034482 0.0727101000937212
-0.0474759412759419 -0.16577838562071 0.186921300063584 0.0889400003751968
0.0771044592168533 -0.182552754028507 0.168752588232596 0.161925056058151
0.17847451614321 -0.105748456791265 0.0670083051970939 0.235443161311137
0.258672369398918 0.0977378562376829 -0.103653445458595 0.273219362668795
0.140782025695546 0.309963691586354 -0.215051453534686 0.224267691682168
-0.0514736214379975 0.387209270049049 -0.181874178612315 0.223389599132299
-0.140303450307547 0.334853948494565 -0.0342708351372531 0.0808933099617596
0.064191692206352 0.305110677329176 0.212428168732185 -0.0720659297742414
0.195712513268775 0.16272137136965 0.0631222859483817 -0.294046790480664
0.207722082620554 -0.0511059892150521 -0.242941429789218 -0.236642749723801
0.124129032845874 -0.167785988819612 -0.282650308438387 0.0413087943244119
-0.00362707685041442 -0.198028331031602 -0.141627559680103 0.156516368047373
-0.0920367674133932 -0.135646956066296 -0.0223335444874178 0.140203354490808
-0.114424933997271 -0.118007658372527 0.0561016194139133 0.0786460052764221
-0.110114098950993 -0.117321326307 0.115714231120223 0.021134903735799
-0.0689374067530899 -0.205971554269985 0.172966227387423 0.0102984834081723
0.0743784422710797 -0.239459098425453 0.205002422160421 0.0773534537729921
0.207723210284891 -0.166140162814896 0.158209391884676 0.189975812338841
0.329865052028355 0.0843095283882964 -0.0172319998264154 0.263957418901208
0.182653537616898 0.354850770499953 -0.173214802481674 0.204137145765137
-0.0561007773823328 0.438457275461395 -0.133092411592356 0.113261516923301
-0.210469578526455 0.335675462587878 0.0363235509950631 -0.0440757453140214
-0.000907367637905138 0.37417976392225 0.243362234207074 -0.116958719278929
0.198472019105086 0.256268086042985 0.146596232504055 -0.301439349390265
0.270029428462555 -0.0131206670791268 -0.143551332041465 -0.288525880357602
0.171086168549947 -0.185015339064865 -0.229885876124221 -0.0604410913827927
0.0148446705747044 -0.234532415876408 -0.159338326915789 0.0564537317886692
-0.100968320377428 -0.165879822131211 -0.0733374001490497 0.0711456444102003
-0.130721125254807 -0.134340981029535 0.00672578141072084 0.0271774642528115
-0.123021960655707 -0.125771953971124 0.0661235551138206 -0.0343506057347769
-0.0797674021735411 -0.213534596880191 0.139746687321219 -0.0646206983622396
0.0621465139356467 -0.256647827511861 0.213604783258208 -0.0102449728763413
0.205004078901317 -0.194423137193579 0.217601803022897 0.126402928891865
0.34319559132247 0.0675362962153684 0.0496284964730236 0.229518043886532
0.182134800018723 0.348465270248424 -0.143058192822512 0.169823000278555
-0.0625840821691666 0.424362613232846 -0.0908293459455652 -0.00339266248432249
-0.233695360033875 0.272591570603042 0.119448622010018 -0.17130098241826
-0.0726625623646107 0.355304067917961 0.27069651989347 -0.161142144207883
0.142197607540448 0.284939947219109 0.215362669865418 -0.280156811465725
0.262961061633606 0.0309221039522356 -0.0281138116142828 -0.298917458413173
0.179300258346709 -0.160481371785771 -0.148017430491032 -0.151642193549701
0.030243873939575 -0.224633232407158 -0.159665679951355 -0.048151279844067
-0.0917919817040967 -0.167010873139239 -0.117212236292848 -0.00591235547752252
-0.127110613064676 -0.131138125492678 -0.0419313141759321 -0.0272517070337431
-0.117846661398369 -0.119643258963102 0.0158054927658075 -0.0870359909585879
-0.074361812381949 -0.195671303851129 0.100956408146851 -0.125740689928478
0.0542848549482366 -0.235854199470836 0.203905543002455 -0.0816608697784399
0.189380900638476 -0.177602371903529 0.244113895363197 0.0711920600775736
0.304292987416385 0.071073850760879 0.0871350748708223 0.189089040097723
0.132858439926012 0.311308005936308 -0.12116546543299 0.13081391900469
-0.0804720998413407 0.351695813792949 -0.0490700968522907 -0.104470267940921
-0.202117309176506 0.162668041742412 0.191853317061701 -0.277095511838623
-0.108335657155256 0.25248120108644 0.283341622874333 -0.193430739937053
0.068492649362496 0.233181571495679 0.251792857817334 -0.246271172610822
0.1936187443917 0.0480563032389556 0.0641449468165031 -0.277416050758708
0.142309643822581 -0.110100973211436 -0.0712826112782558 -0.210813655315393
0.0341732642844749 -0.171248716473189 -0.151788203959717 -0.131709699020258
-0.0681485973052253 -0.137056645486586 -0.149506769061695 -0.0725921106906077
-0.103089628219821 -0.108398445564084 -0.0831262450095031 -0.0741143344372103
-0.096670230948354 -0.102171802263766 -0.0274951982268798 -0.132068713478458
-0.0571877279268233 -0.160606630089664 0.0694303866493567 -0.172199090344595
0.0499533430215082 -0.188885881939698 0.194967791550622 -0.131831335264857
0.167160427403854 -0.129496248962514 0.253358762232324 0.0378779937217085
0.231199878821214 0.0904698876094496 0.103588694650851 0.160428582161296
0.0551823879783787 0.253955416050097 -0.101997897103178 0.0980118302217999
-0.106062916404599 0.238581068914235 -0.00156531226782639 -0.177474855748435
-0.130084826190222 0.0263918438763307 0.228176537090321 -0.34469755599485
-0.106904759679944 0.106273722071407 0.275182008604326 -0.209563646687848
0.00552272342894313 0.127976531640239 0.255388738209692 -0.222789133666935
0.0935623873735877 0.0387975105592712 0.110186355077865 -0.254412669313153
0.076217243735815 -0.0497127032187577 -0.0303206553427126 -0.239123293684265
0.0288084694675343 -0.0904743648770157 -0.148598007224435 -0.178275333354204
-0.0335739118566799 -0.0832038826276096 -0.168059732976158 -0.115209106295261
-0.0633947464143925 -0.0703663797402685 -0.109738180256568 -0.108548648418967
-0.0621714908551307 -0.0734612577368019 -0.0551773013700999 -0.16528346057207
-0.0341421588536906 -0.11114616332237 0.0517514513639693 -0.20532593292682
0.0437084484930574 -0.126330194541044 0.194878815139748 -0.164351453918843
0.135292864989471 -0.0700211484435493 0.259269681385245 0.0246384271839344
0.14206131911631 0.104728564761406 0.110173159569545 0.147930127004225
-0.0262585931941161 0.175838911778488 -0.083200962590174 0.0751289316606217
-0.120315126698551 0.099160611747877 0.0486750249594936 -0.212877653828223
0.0853048407647466 0.041222201097541 -0.0560437716714012 0.259301271788709
0.0439265818320511 -0.0718568128153393 0.151139593393276 -0.0399302002802093
-0.0390391994949872 -0.0679148412565442 -0.0927127835333536 -0.198168954254693
-0.0606940066841841 0.0213300510025177 -0.29220328802362 -0.0507600727178916
-0.0103731470048486 0.0434845826371973 -0.24638367661039 0.201803050354237
0.008645601710853 0.0300738540061904 -0.042974606462713 0.265466651298408
0.0196706210481728 0.0231214979953865 0.083110391723102 0.197230809686692
0.0107069353558672 0.0137526597665784 0.136451673677991 0.141009014132952
-0.00261508339793653 0.0160354654693827 0.176991878615906 0.122610264230251
-0.0220273817379329 0.00376632678926963 0.167404315251036 0.177894843678172
-0.00994106898367066 -0.014542215766184 0.0677754633185225 0.237959068642634
-0.000902559720916589 -0.0270850287017605 -0.0947453671409016 0.240612565899486
0.0628324624474022 -0.0273887231755177 -0.227864033845622 0.236079750183964
0.088926242767922 0.0389961292102813 -0.29424269024129 0.224025808927592
0.0430839847648293 0.125507297828859 -0.257818233975558 0.358418652122409
0.0330332373235306 0.168464315185033 -0.0759247098315925 0.241349240389611
0.0863884812792864 0.040283558635015 0.160885482442931 -0.0344206922872918
0.0504878725777297 -0.0271699191510038 -0.0642631797851431 -0.224850605138913
0.00983695809284485 -0.0272752641203665 -0.306335180891008 -0.0913765988448224
0.0172436874948433 -0.0336199946402533 -0.271397607791082 0.183382645680836
-0.00925505176246839 -0.0449159395266179 -0.0688561668006846 0.26309956554553
-0.0262547174601643 -0.0287817467227848 0.067544597583951 0.203657451079907
-0.037995911044426 -0.0362779131425077 0.128493775069342 0.137883205746753
-0.044852668238985 -0.0427264815834419 0.174756510761158 0.104314893426688
-0.0312599378120512 -0.0908844889634898 0.184107854765612 0.144672268424152
0.0471390824390494 -0.101239997904411 0.117291373045639 0.216582684300253
0.103285752915261 -0.0496370689654502 -0.0278483114922498 0.247474446681898
0.157467788919187 0.0610061065480027 -0.179893737188528 0.257714357084039
0.100052250972502 0.196097145624121 -0.256814690548844 0.226925119926325
-0.0180829430336117 0.27665193367055 -0.223695054821674 0.310081982322618
-0.0448045833760782 0.273915450342379 -0.0696933708487961 0.180505949481205
0.0988433858918602 0.173542362675652 0.180923199636688 -0.0471933705278543
0.138436505755967 0.0524673630048276 -0.0126502893886225 -0.262775207202447
0.104904800490757 -0.0568160427413573 -0.296802464763136 -0.15585778942386
0.0622890962095205 -0.111212545864164 -0.288909608436221 0.132023095132224
-0.0165668351720219 -0.125693677037117 -0.103881073715647 0.229775072176953
-0.0660807987315661 -0.0832745587707888 0.0311178256680265 0.184307043702089
-0.0825768198702661 -0.0812383859099108 0.100450406283007 0.115287538643067
-0.082966580715112 -0.0870666472881954 0.15378167339473 0.065796149312902
-0.0511819967668383 -0.162523881814733 0.188641789974255 0.08123697369792
0.0709134868737182 -0.183504300074001 0.173456413231514 0.156609769823219
0.17407101348657 -0.107690618779773 0.0682403235253538 0.231711384748665
0.258154882375529 0.0911123085120903 -0.101082045151736 0.274011002968025
0.145689554020359 0.304009419210678 -0.210946863626872 0.224162846976028
-0.0447036811260633 0.386934908649746 -0.175506511633758 0.223647463175178
-0.132889839237195 0.335889206484288 -0.0330198990052922 0.0807965903128153
0.0705606118216766 0.298793317352766 0.209812483365493 -0.0766259106967966
0.198560446905388 0.157170849660574 0.0615117016984827 -0.295073817188878
0.203368896833103 -0.0543720747448729 -0.243389691793191 -0.229511282003143
0.117936869542817 -0.169306881043407 -0.277667459547306 0.0463033127437521
-0.0101215655166515 -0.195436565561931 -0.136826594063985 0.159092249423681
-0.0939111585131069 -0.131854012366999 -0.0174949416081961 0.139189906275214
-0.115459548753728 -0.112415765062458 0.0572517264623187 0.075856357618706
-0.109907606294638 -0.112551657272986 0.114352496019546 0.015161259673862
-0.0733194293357865 -0.202081117527753 0.172233655427203 0.00417321772459909
0.0663412833453469 -0.239516846814837 0.2081206820663 0.071100234102
0.200962163944211 -0.168739911177783 0.158069990757513 0.183557697690493
0.328342670737296 0.0750323413069189 -0.0144184430171435 0.263350370456441
0.187927827109759 0.348613218081364 -0.170328868092575 0.204456043044901
-0.0491046884798204 0.43955296293582 -0.130767017924154 0.114013337481295
-0.202121889553958 0.338212358653035 0.0339499520264659 -0.0450038005070448
0.00778511347580555 0.369629822811956 0.238758540789703 -0.120346733705357
0.201348217660625 0.250377063299715 0.144017447223159 -0.303424781983918
0.266654790900892 -0.0192937235056951 -0.146357658950536 -0.283001333977449
0.163717350689642 -0.18710860221841 -0.227888945554847 -0.0562468545811523
0.00677990793875688 -0.231818056928748 -0.156626840091398 0.0604871338430403
-0.103261558078106 -0.162371798374474 -0.0700175963497225 0.0720774259523327
-0.132220069443346 -0.127701434020213 0.00703812761771752 0.0261651666039147
-0.122531437146348 -0.120750671621945 0.0639774091090412 -0.037907725097929
-0.0837639838017782 -0.208682950456338 0.136797326412067 -0.0682618648118823
0.0539951883385623 -0.255487577300034 0.214228518822838 -0.0164489043573454
0.197217356737204 -0.196040296032896 0.215670750781108 0.119425335601453
0.341026087979999 0.058577685077878 0.0509832375254816 0.22791837973149
0.188838401867136 0.341870720970176 -0.141559723392958 0.17063614756149
-0.055102513938671 0.42337009878941 -0.0906387139340379 -0.00127772734609338
-0.225880037062166 0.276071184439958 0.114886313512663 -0.172072253938678
-0.063801359976204 0.351539192229846 0.265321356509794 -0.163955832445773
0.147743703633694 0.279264499981835 0.211908651300668 -0.283048517015541
0.260093847731116 0.0241890862061105 -0.0325205827163097 -0.295504499258638
0.173032419156891 -0.162982316442456 -0.148412562850255 -0.14885859892712
0.0227984805204645 -0.222433458594177 -0.160042717757518 -0.043676569894144
-0.0944630530229125 -0.162953594359244 -0.115029818795335 -0.00143736981384043
-0.128494308507314 -0.124913251481781 -0.0423078225370652 -0.0250616276945148
-0.117804250144071 -0.115253958980028 0.0127874315907297 -0.0882385982625339
-0.0793587458237348 -0.191403894725325 0.0969453448582674 -0.127719205815925
0.0468685851379918 -0.234867319193094 0.202870704595042 -0.0866062392182711
0.182772332080884 -0.178904243558162 0.242204602447116 0.064156545431543
0.302541528796983 0.062263617616278 0.0876082236751482 0.187070421032489
0.138960118269826 0.306017013802015 -0.120707286370035 0.133081463380495
-0.0753990542609685 0.351716257738035 -0.0508557433354512 -0.101374442975049
-0.196777043382026 0.166523358599914 0.184359969724263 -0.277310471571006
-0.101584063142687 0.252131524345355 0.278643069558812 -0.19399976329284
0.0727237618955848 0.229189172129114 0.247682570153947 -0.249645155717486
0.191682892988416 0.043160670230876 0.0597260618706455 -0.277036044199437
0.137897658590336 -0.111734879237715 -0.0743340021352961 -0.209968942545633
0.0279082407094595 -0.17025528650381 -0.155149212466584 -0.126905601793851
-0.0703021712634346 -0.133610208064463 -0.149097991400114 -0.0659214879034777
-0.104457930087926 -0.103156680420667 -0.0840614127596683 -0.0698380465496912
-0.0969466497542713 -0.0978330455381901 -0.0307752002445716 -0.129972804529687
-0.0609938638608086 -0.156820110466917 0.0649060726110288 -0.171475694760414
0.0445372653305337 -0.187967805084373 0.19203137090377 -0.135942574027495
0.161665771590604 -0.130850755466642 0.251338910444909 0.0311464694856778
0.230763275728221 0.0836350913474325 0.102606898962907 0.158105968483828
0.0604608119808815 0.250910372980137 -0.101776953250634 0.099921253938552
-0.102443932569202 0.239106433854118 -0.00577946706219649 -0.173770261372445
-0.128342733060625 0.0298633533593036 0.220570782093664 -0.345292834092108
-0.103882222285361 0.107669642357679 0.268724181418762 -0.208920712803511
0.00696220948937061 0.125524892586462 0.251000977314605 -0.224385305986942
0.0923247427195079 0.03613450204586 0.106673659924442 -0.255260006280344
0.0739324608372829 -0.0504659266581878 -0.0338753344594597 -0.239780090381709
0.0248542114163081 -0.0902596771623712 -0.152825158536241 -0.171615478187561
-0.0352702224743176 -0.0815433240429492 -0.169038384068381 -0.107568126998651
-0.0641860047632807 -0.0667555059981868 -0.110523904817287 -0.103199697453461
-0.0628854764402561 -0.0700708437409842 -0.0582283132677458 -0.161579439166157
-0.0369730252636364 -0.109136078367011 0.0467905676093153 -0.203589693929693
0.039957930218937 -0.125328212990671 0.190297069814736 -0.168237302594478
0.131787091104155 -0.0720328646160338 0.256819028971237 0.0177483548468717
0.142522872894412 0.0996793524061867 0.110067957774726 0.145957282046551
-0.0225094370317444 0.176288974683393 -0.0828483836336764 0.0779103725221263
-0.118477073272098 0.100478029275835 0.043454302894658 -0.210011134333424
0.0868341982033965 0.0388263022435008 -0.0463803302544937 0.260472013960306
0.0411346152878419 -0.0730881910046047 0.149007697078125 -0.047825599072076
-0.0421402900760661 -0.0676099857910909 -0.098981716087586 -0.196425372460158
-0.0595817233418391 0.0240896202677096 -0.293361872902068 -0.0415036835308348
-0.00807544864707569 0.044352413733934 -0.238678445598702 0.212135554520813
0.00975778763820037 0.029774669275091 -0.0329608174129506 0.266246290667193
0.0201232800067809 0.0211318895764777 0.0886583826094894 0.190699436248259
0.0114506500281 0.0125518126799189 0.142088776222568 0.133982035747915
-0.00154036198417229 0.0157824468882935 0.181914155462377 0.113423588348652
-0.021390304965492 0.00503578630741473 0.17561282990367 0.170039762480702
-0.0103107897853577 -0.014590450284974 0.0766082376519048 0.236325982676801
-0.0010668180954103 -0.0260016354277759 -0.0892890852555505 0.247298390866253
0.0614795507900139 -0.0305670227417807 -0.221036509501687 0.245011106663216
0.0891253564711475 0.0363915149112279 -0.289742043657254 0.23038505073697
0.0475257252403543 0.125970662556462 -0.249015898813218 0.36508242008725
0.0392927040731928 0.16867577596028 -0.0668490390080389 0.242994815780068
0.087959550652503 0.0366718587435639 0.158761083253283 -0.0428122042330622
0.0499380137901099 -0.0293663675821035 -0.0707649643869876 -0.225032644590445
0.00838739571621684 -0.0271408708216222 -0.307680491493633 -0.081327313754403
0.0164512039011799 -0.0338719955689732 -0.264090090609967 0.194010359295834
-0.0113234614130842 -0.0445706273656006 -0.05817560371448 0.265204824766937
-0.0277337880372888 -0.0278521360184937 0.0749004492148177 0.198318899747401
-0.0395018500989214 -0.0344312567198679 0.133224460241013 0.13140179088165
-0.0461059345018603 -0.0409806516351747 0.17855218688149 0.094438853804291
-0.035206682885927 -0.0892103257119991 0.191605006693993 0.136062178323799
0.0427696102906256 -0.103714210667246 0.126437958006216 0.212699192473251
0.101290211845624 -0.0524601780394887 -0.0228924672109173 0.250652566406226
0.159257222669831 0.0553231196341337 -0.172507889131403 0.264918124372288
0.107007822715352 0.19376605423932 -0.250964999367348 0.232125250926477
-0.00975478648630368 0.280046204502864 -0.21561831940663 0.315749799037351
-0.0353148664176417 0.277071415655097 -0.0643598494970777 0.182327713913318
0.104801781753154 0.169243365507189 0.179646588899369 -0.0549918456728414
0.140731754877094 0.046826222462777 -0.0187850887554856 -0.265270000129274
0.102227137162795 -0.0601914027036132 -0.299576737117123 -0.145979826730731
0.0574179036617457 -0.1135605900578 -0.28267463038631 0.142071046792524
-0.0223722335515544 -0.124195863065222 -0.0947647245466859 0.233099643768145
-0.0697204379674844 -0.0809162394148838 0.0385967571354749 0.181410715841425
-0.0854617730512279 -0.0768333276070826 0.104138468506128 0.110787217207884
-0.0853483135400889 -0.0837290082352755 0.15511393959137 0.0566176038420673
-0.0588459721230729 -0.16033062542974 0.193269024906746 0.0727366854541793
0.0622549252642578 -0.186822843068406 0.180900398566077 0.149982741350406
0.169104345006322 -0.113030909958119 0.0731909167871978 0.230522000249005
0.262082809249724 0.0812175817217767 -0.093256317736532 0.278822082448243
0.156453303372229 0.299261522166955 -0.20616927741878 0.229106252845075
-0.0334407707742738 0.392394106867202 -0.170201978893385 0.22903156438978
-0.121313426859806 0.343224126508369 -0.0314831132944779 0.0816724682229991
0.0805599610881421 0.295103770201157 0.206438908518563 -0.0848562233940429
0.204697975225979 0.150528242087748 0.0555270256140338 -0.300191016029759
0.201160691792195 -0.0615283108552294 -0.250054358331454 -0.221063393366234
0.110820420631653 -0.17402435149918 -0.274772273189853 0.0554019000494431
-0.0186851102562353 -0.193911792926701 -0.130514100554951 0.164322280082284
-0.0985000408031348 -0.128674640353673 -0.0112594067551874 0.138734610757292
-0.11944664325321 -0.106974831251736 0.059623330861645 0.0735016356955218
-0.113269594427943 -0.108313729941183 0.1142166452873 0.00878033823738508
-0.0820089409925638 -0.19839638233919 0.173098189654412 -0.00398391581648476
0.0557587513818686 -0.243092249998389 0.213213805431014 0.0623684213968941
0.19451901138001 -0.174444730218569 0.162075911239254 0.177669841635739
0.330682465276288 0.0628278397505189 -0.00827543180629266 0.266008974133454
0.201362681049798 0.342666569518925 -0.167412324766635 0.209082561868621
-0.0356362574178066 0.443828937388218 -0.127742773486264 0.118537849612925
-0.189710262784367 0.34681607866769 0.0310029341778642 -0.0462227694301306
0.0196199922776804 0.36889670240781 0.234746338469312 -0.127859689962091
0.211454169975944 0.242863649011736 0.137877925482996 -0.31058845218763
0.265613596025788 -0.028189734031198 -0.153995355585498 -0.27815770240248
0.155888192974696 -0.193880761107185 -0.228417572704942 -0.0512549435231686
-0.00389776810225558 -0.231679622054307 -0.154515324545466 0.0660317715791113
-0.109166484467982 -0.157317175605829 -0.0660920989892592 0.0749113516838041
-0.13672308613475 -0.121042203814831 0.00811203747617343 0.0262987880236247
-0.124603335131309 -0.115980868901708 0.0616696938808381 -0.0423984410841582
-0.0930317193244514 -0.204597289610478 0.13460892029514 -0.0746620841747385
0.0430615533071068 -0.258340001985046 0.216211269245347 -0.0265653492966687
0.190066565870331 -0.202064983466744 0.217858222397669 0.11096593596573
0.342971648964725 0.0438834608554228 0.0554746810203384 0.22771695719807
0.200792272505626 0.335357948077684 -0.138840467648088 0.175849860582089
-0.0424727207230632 0.428623451492843 -0.0915508556297838 0.00283253702176167
-0.216898190014519 0.286288287960177 0.108269030114664 -0.175788770855242
-0.0515352615687485 0.352588947568807 0.259842733780802 -0.17046022113307
0.157035321602956 0.274963874323591 0.207339279250179 -0.291798636512824
0.260515593107003 0.0155589882318898 -0.0391286115217662 -0.294539735978753
0.166700281367817 -0.169423138219731 -0.152683157397074 -0.146761148374148
0.0122703109293296 -0.222891376498349 -0.162491311402013 -0.0373209134411243
-0.100272729420704 -0.159242187516726 -0.114041153012322 0.00390418571490216
-0.13279554402821 -0.117254988973302 -0.0436014923843601 -0.0229254632923047
-0.12049901010225 -0.110729813154016 0.0084167552607477 -0.089637831189117
-0.0865590230467931 -0.187900245157085 0.092376622871694 -0.131514972734163
0.0373615520123394 -0.236839380744237 0.20251029152367 -0.0958310136166948
0.175488601363178 -0.183840857513109 0.242679790832515 0.0546796672315044
0.304443571793072 0.0503139963844847 0.0903674049843315 0.187201988253447
0.149550698956919 0.302188861701439 -0.118898130305397 0.138299013927018
-0.0648205788672052 0.356276034359759 -0.0543714871534303 -0.0988477320207225
-0.190898966089855 0.174444915877025 0.175405770670927 -0.283532636867177
-0.0934212438301382 0.254147293562788 0.271947638100337 -0.200081350300947
0.0801943405532185 0.226735326853021 0.242617167278592 -0.258228245983765
0.192142436772819 0.0362158034905245 0.054348209865 -0.279569449004839
0.132878200484728 -0.117313500948208 -0.0802594047246322 -0.210637479408616
0.0196185786540022 -0.170821490823487 -0.16050219825092 -0.12050359123009
-0.0753642671852751 -0.130275628561768 -0.150885831330707 -0.0586867331902306
-0.107900372819609 -0.0969159387695337 -0.0864015253220037 -0.0659195731481387
-0.0996084222710208 -0.0936115099771777 -0.036031784938945 -0.129298087234233
-0.0676082048916659 -0.154492557688485 0.0582784778282543 -0.174461561102638
0.0369318442264647 -0.18909457113356 0.189795371497043 -0.144404298954569
0.157149021347001 -0.135627813095638 0.251228790116019 0.0212349712602522
0.233863581104018 0.0740541597083241 0.105726812625251 0.156119850427227
0.0694481442571955 0.250343242718592 -0.100736824248416 0.104612085019412
-0.0957635863994128 0.24358827660928 -0.0116422624671878 -0.172598566725874
-0.126689382803394 0.0351430855726558 0.20956710521852 -0.352074180898636
-0.0995416186714423 0.110623403154795 0.263746821087171 -0.213338846043642
0.0110083292050992 0.125664204584144 0.245920505590694 -0.232651210289059
0.092481880999161 0.0328595942418842 0.101688048750495 -0.25947256896005
0.0712928746719329 -0.0526821498580221 -0.0422150955630877 -0.24155001700572
0.0206139356748534 -0.0910174495253038 -0.160449335557464 -0.16575169207888
-0.0387960267002017 -0.0804603555239154 -0.172411192119675 -0.0994445570918088
-0.0662572375237789 -0.0630269654728515 -0.11404535666904 -0.097335471486383
-0.0651030526735552 -0.0667403670818425 -0.0650343477715459 -0.159248562272797
-0.0419680454056815 -0.107286146703865 0.0396958391566647 -0.205121261786895
0.0349401751567166 -0.126277295908904 0.185781565748951 -0.175821785006164
0.129174761024797 -0.0770066754495302 0.257562463509812 0.00860401263419998
0.146006450339044 0.09386165992239 0.112095589033335 0.143898663179541
-0.0157888213500549 0.177786040342091 -0.0818133161400939 0.0824560114511744
-0.115590481865152 0.105850966126454 0.0365798057874568 -0.209904196468588
0.0887246716670246 0.0340101355635604 -0.0310924168538395 0.259729518899981
0.0366356602191117 -0.0740555013368606 0.142977190446857 -0.0574220760109165
-0.0455381524291358 -0.0649655301100903 -0.108825758864449 -0.190387942911709
-0.0574333916047636 0.0274025243215472 -0.291205917051832 -0.0274091246999881
-0.0047946822775803 0.0446037372596424 -0.223451349350422 0.22444421010727
0.011409822539444 0.0287370411516976 -0.0172428490061356 0.263900342375625
0.0202912012936828 0.0201162838402307 0.0962582683854458 0.181517204658021
0.0121193443046416 0.0113405113592189 0.147766106242218 0.122430339711277
-0.00063148757351981 0.0151799561672702 0.186340518504055 0.098849662089363
-0.0199952028547773 0.00613301967801628 0.185071612641875 0.155846104869935
-0.0111826817810118 -0.0138213382198989 0.0899486808438745 0.230945619182075
-0.00241686334449259 -0.0253118372849775 -0.0774667138790376 0.252453090549183
0.0578590858186565 -0.0341698260210906 -0.205530268722651 0.254938987938625
0.0899237878792024 0.0317375483909083 -0.275124072079024 0.240275100100615
0.055166839494305 0.123423005024352 -0.228439372687868 0.374451226368015
0.0487915453197542 0.165498682010039 -0.0538013427184501 0.243874232811417
0.0895656593723429 0.0309588833404851 0.153279496946091 -0.0531361844039865
0.0471239945182661 -0.0326081543492786 -0.0816364988151961 -0.221419163704326
0.0063990691763739 -0.0265983541687429 -0.307728815443561 -0.0653032301908915
0.013734192262068 -0.0345989263000595 -0.248637937024849 0.2075341226311
-0.0138795362638641 -0.0427114287231774 -0.0413236325813706 0.264559644762547
-0.0295729591657882 -0.0264899893279112 0.0839219541379894 0.188854992773551
-0.0412099039715657 -0.0321174898571125 0.139427705312232 0.12037122652372
-0.0472043082695921 -0.0382150538437975 0.181487874221287 0.0802064452503048
-0.0401510861488758 -0.0865320376222607 0.198538594900083 0.120721869885392
0.0354935923078338 -0.105327319235582 0.138498668747371 0.203504037425727
0.0971708087738811 -0.0571633011384965 -0.0122458006449939 0.251296044516307
0.159687641402203 0.044434862444605 -0.15790324541928 0.273596351085347
0.116047267509543 0.18610190291893 -0.238251890840007 0.240172852595144
0.00644533300603188 0.280204502006736 -0.197326761226205 0.323807243466755
-0.0188679083518629 0.277481432625987 -0.0545695261842708 0.184233957673349
0.113026517996184 0.160288758625989 0.173875758005809 -0.065277998143552
0.142189665926038 0.0375416744272244 -0.031762316321182 -0.265110885766446
0.0969626331834214 -0.0649420110247746 -0.303570301072259 -0.128801763138719
0.0493078613133778 -0.115418648017607 -0.270685709289904 0.156464243869069
-0.0301861230379224 -0.120532313668813 -0.0793923033690611 0.23550129360911
-0.073568820096902 -0.0761145638363543 0.0491437478498169 0.17451135698716
-0.0886507298343845 -0.0703140680944613 0.109416225293985 0.101686454143254
-0.08839266920526 -0.077925818353203 0.156013943906548 0.0441424799683627
-0.0681809188450964 -0.154354421418754 0.196008401136532 0.0578482251963975
0.0496820958999022 -0.189483037978436 0.189841206853033 0.137375592255967
0.161104065110211 -0.120872503576066 0.0816308695073827 0.225870537615844
0.26341511988872 0.0642563650565999 -0.0799392419626942 0.283322371369891
0.170896289238417 0.288386481218476 -0.193905316396323 0.235829527936261
-0.0114115626821893 0.393108387520996 -0.156518790937026 0.23590878752027
-0.0994223427474759 0.348123397425896 -0.0280215836382872 0.0828686234700806
0.0960472830767228 0.286601794345607 0.199357706390684 -0.0953901161893761
0.212010440946445 0.136872799352603 0.0401519186583189 -0.303015745485561
0.195638669931425 -0.0717143535747056 -0.257328255767973 -0.205891923842901
0.0987622578838608 -0.178574676411247 -0.267962839322183 0.0689319841269298
-0.0314132679441751 -0.189493979971337 -0.119083964857482 0.169550624765082
-0.104820889646535 -0.120886339847289 -0.0026376371864236 0.136836267923155
-0.123876977596155 -0.0976665372997678 0.0634233530034716 0.0681850931856809
-0.116481648345766 -0.0999531336189681 0.112184441726353 -0.00115191475433085
-0.0939319752239653 -0.190631404842668 0.171183489829938 -0.0158733188215927
0.0391317175514315 -0.243824470768808 0.216652185599257 0.0475652949530357
0.181569691232372 -0.183109285250947 0.167092027730635 0.167017169572745
0.330435383284279 0.0419915314655151 0.00323816725594848 0.265632872485296
0.217714970149777 0.328676950492435 -0.156823658961487 0.215237812342484
-0.0132206916747807 0.44514740035785 -0.120726190436983 0.124609736671261
-0.16656065046054 0.355956521996192 0.0265850749923858 -0.0474341825231284
0.0392346588908332 0.362821560865172 0.22606948340864 -0.138052830915899
0.223343771050772 0.228393410139133 0.122697223823411 -0.317008696147336
0.260549936854844 -0.0428476265820565 -0.165040066879982 -0.266615476611133
0.141963062790335 -0.201337815256102 -0.228054206137836 -0.0400174667396532
-0.0193982716320693 -0.227203921261372 -0.148433328186638 0.0746080739353758
-0.117282958685893 -0.149170900465639 -0.0595191339623104 0.078388208304967
-0.141463246911836 -0.11010871596637 0.00974685014654801 0.0259007176801456
-0.129040288094808 -0.107375213455778 0.0571783794881139 -0.0475498501891974
-0.104583656078799 -0.196379584897423 0.129163207338543 -0.0835200440568047
0.0258109599641366 -0.258512511296202 0.214497197512793 -0.0405886958769998
0.175254319124226 -0.209820324881363 0.219704045054409 0.0977662545702957
0.341000681040071 0.0231106220776353 0.0647455204902682 0.224768771895361
0.21801388419562 0.321875592603662 -0.131017980721769 0.181985317763069
-0.0210829252210186 0.429965642072052 -0.0899909246866352 0.00788679694664408
-0.197040141823489 0.29634015370014 0.0966502577373391 -0.179042935618471
-0.0311217852689829 0.350933250493452 0.248435836347377 -0.181003260055276
0.171922676605396 0.263101830868237 0.191764515538166 -0.301103579532463
0.258181702189781 0.000451637508453323 -0.0519738726663559 -0.289814367363507
0.153865668885323 -0.177800817606291 -0.158768671594922 -0.139802866244132
-0.0029659359849806 -0.219503651320612 -0.163306784756245 -0.0272942195955595
-0.108780025393635 -0.150777156200294 -0.111139094091819 0.0113791343500798
-0.136921573698755 -0.106738734244288 -0.0438073294176476 -0.01935416475334
-0.123824871628951 -0.10178763165206 0.00200349129232514 -0.0896858495815616
-0.0970340806708866 -0.179572231614008 0.0840358562430993 -0.136048175975036
0.0224204901473855 -0.236155924730339 0.1969232815648 -0.108262809329625
0.161633605196758 -0.190967435117551 0.241397990480066 0.0403391264051324
0.302686850837662 0.0308211597554139 0.0969795881335144 0.18216583357622
0.166559382377044 0.290408896562797 -0.113045853298662 0.144493172964159
-0.0465464300477219 0.358384498321726 -0.0591750118594832 -0.0941850708367941
-0.178545425954698 0.183356893230558 0.158444925517587 -0.289540937322879
-0.0786108651154303 0.256368384429882 0.260335590188387 -0.210389398613816
0.0920304353945868 0.219519114666087 0.228131366738668 -0.2686770598164
0.191881486177706 0.0250844008213147 0.0413313477385181 -0.279689994258301
0.124057320843764 -0.123956068547772 -0.0912642595515824 -0.207726241455919
0.00873214051388181 -0.16910556284597 -0.167108908377171 -0.109662022484988
-0.082520979265325 -0.124448568621363 -0.152187865923632 -0.0475294506127116
-0.111710153841739 -0.0877226120048394 -0.0879960942495373 -0.0594142647672121
-0.103367981897816 -0.0863436743346439 -0.0434448044594244 -0.125456159848709
-0.076398589754144 -0.147197345438963 0.0486255791257712 -0.176035365263329
0.0255302696114704 -0.188606406797314 0.180805865316472 -0.156328639658128
0.146582601821961 -0.142729658891483 0.248938798930634 0.00684061950183358
0.233905305098835 0.0589709902771409 0.111119374830925 0.15115391811338
0.0834444643295531 0.245037148505885 -0.0957432658079328 0.111193480712034
-0.0812997093408054 0.247619686802464 -0.0208417924520835 -0.169147972823324
-0.122654581776073 0.042175759469181 0.189353298349189 -0.359407342645184
-0.0926626247365395 0.114690861164449 0.251536390885161 -0.223156284688709
0.0177187366534499 0.123538148110941 0.232656242369848 -0.243479660140848
0.0923429388424525 0.0275908858091015 0.0887273929223533 -0.263631727223256
0.0673676484304824 -0.0564812433443876 -0.0555170177422721 -0.239865521935844
0.0147688328231061 -0.0911008435249193 -0.168662973965724 -0.154290885088914
-0.0434817607454802 -0.0770620566692356 -0.176008124712635 -0.08589156403428
-0.0689746206910242 -0.0573560102963118 -0.117924118033589 -0.089336827208105
-0.0681356319922384 -0.0626133415898755 -0.0730485100037545 -0.152636430094589
-0.0485049007826122 -0.102385050072733 0.0287033125491254 -0.205348005114534
0.0279733514678326 -0.126776565940372 0.174955869993983 -0.185702176646256
0.12252571712312 -0.0828401395345867 0.254182817661624 -0.00541058696351854
0.148583656665373 0.0838447127586229 0.117028271720513 0.138091196945316
-0.00464151980832652 0.177952567927164 -0.0772026974043098 0.0882671608118595
-0.108144491504102 0.111584604175493 0.0244260394520565 -0.20886021503954
0.08703044877819 0.0277563360276711 -0.0156558553254492 0.251159485257899
0.0306209851057691 -0.0730361804335344 0.132796111684084 -0.0639356370862371
-0.0484021686456303 -0.0598480452457238 -0.114931045518558 -0.177881507377806
-0.0534075553749078 0.0297980375101753 -0.280839399973727 -0.0121490958361322
-0.00180608221870479 0.0426119835077298 -0.200153976861591 0.228598565761094
0.0127434037983701 0.0264992499252622 -0.00143902100721598 0.253542333089564
0.0202252873349453 0.0179461370983957 0.10048865843365 0.167172046422235
0.0112495537009349 0.00950281017155703 0.147958821637251 0.107606247190808
0.000250422588667416 0.0140246485576956 0.183729924890874 0.0811857556925388
-0.0184648367303904 0.00604449857584795 0.187434738081045 0.13666751372753
-0.0120726749717557 -0.0127801411575685 0.100055190098834 0.218144113742842
-0.00285902531305912 -0.0231641243023131 -0.0629517562269094 0.250311723589025
0.0521411790680584 -0.036367757644594 -0.183909814099952 0.256750578430542
0.0877595857989401 0.0256910319516232 -0.254012868433045 0.243055849534674
0.0607082840498685 0.116028666260746 -0.200756989662715 0.371609750610469
0.0570575223929023 0.156975183620909 -0.0374758965457874 0.237868345719362
0.0869413144876231 0.024262922063481 0.143129499832802 -0.0603547505221435
0.0432393721222252 -0.0345856715936109 -0.0903490990920561 -0.210521489355211
0.00431003405144077 -0.0257593466596068 -0.297936219384789 -0.0472729247954774
0.0112428055374516 -0.0339237366945161 -0.22580760122852 0.213016575864451
-0.0161412760876627 -0.0395865138047522 -0.0250473065309553 0.254911006893519
-0.0297989474662186 -0.0231866175213833 0.0902661425237374 0.174459874337388
-0.0419202096939415 -0.0277768776877197 0.140550616147208 0.106125564392301
-0.0473807920514494 -0.0342417013666325 0.178324822004603 0.0639913993768414
-0.0438658940304588 -0.0799096366703997 0.198207897405988 0.102614563510168
0.0266835367252355 -0.103944634332426 0.145942816742095 0.187659950318467
0.0901558100169209 -0.059503132820172 -0.00025729070942281 0.245595967274108
0.155097550331139 0.0339378238966796 -0.137049505502322 0.27165984973189
0.121864553342364 0.172682741383417 -0.218139930501718 0.241537264800675
0.0216038968565434 0.270294498666612 -0.172991757213443 0.321967863264596
-0.00150454244792495 0.268647105061521 -0.0433635247555171 0.181214421352833
0.117318475086849 0.146759754144344 0.161911602057549 -0.072939522834381
0.138902619624537 0.0269023646140083 -0.0438748747778636 -0.255849464448051
0.0889323111189664 -0.0676189514483913 -0.29684396709138 -0.108077023283736
0.0398431837974562 -0.113892784461304 -0.249453991181741 0.164624674436833
-0.0367047512016826 -0.113288714333809 -0.0622802747163589 0.229264109726236
-0.0753963828061401 -0.0686312620598724 0.0563596178809294 0.163655683848248
-0.0888525140189397 -0.0618485602646359 0.110884388492804 0.0904127853379166
-0.0882713405365498 -0.0696365437609434 0.150717289858269 0.0300226870592984
-0.0756826639229305 -0.143808334767122 0.192716934501351 0.0416065881864735
0.0345216315918218 -0.184779540691228 0.192062005962924 0.119547046522592
0.147566632457112 -0.124597703450517 0.0885242240997648 0.214423897617962
0.256040018307706 0.0459682581598148 -0.0624388016892782 0.278320659515526
0.181512796880615 0.268119862931289 -0.176824333991387 0.235494802706304
0.0106917789509147 0.381518817234946 -0.138305930412836 0.234724447080866
-0.0749823120089443 0.340531016509728 -0.0239113433273544 0.082610927866115
0.107981033128732 0.268918679067449 0.185658636042169 -0.102687675509856
0.211957959612871 0.117955113725531 0.024085665652859 -0.296009848753679
0.182857803320491 -0.0801378311629555 -0.256702728175489 -0.184413702585505
0.0831772526759658 -0.177394124424203 -0.252268392535851 0.0795109221759496
-0.0424095681302362 -0.179034971526927 -0.104869361759951 0.168671014662372
-0.108463495781132 -0.109867349521511 0.00584372607597879 0.130656578782354
-0.124501717850303 -0.0857755801400585 0.0655521959044227 0.0615651593350034
-0.116699459302816 -0.0894825286301564 0.106099479523692 -0.00980253814956921
-0.102083180674499 -0.177249013761218 0.163773104934131 -0.0272665113412491
0.0219632098899688 -0.2368789147157 0.213048818204931 0.0310543968216719
0.16305176767183 -0.185794646197764 0.167956484915136 0.153316401913875
0.319379589675939 0.0199128713437767 0.0159536969065069 0.257081070363596
0.229369495995945 0.30356512300011 -0.142014044119077 0.214883031737734
0.0112599553094015 0.431174272629066 -0.109850859546833 0.125697474652168
-0.140379597139376 0.351654233977604 0.0217270327451058 -0.0450387251468359
0.0587826565958505 0.345113418485437 0.209524586251795 -0.143846854447881
0.227908310319781 0.205681610551347 0.103082543791059 -0.314151125927918
0.247802293825154 -0.0562755985502695 -0.170447453005644 -0.248044163869062
0.122934865193321 -0.202447189282235 -0.220696488037957 -0.0280736271355253
-0.033237732800733 -0.216055829719112 -0.139269617411228 0.0797731031902045
-0.121312382432036 -0.135951617071698 -0.0516491186817474 0.0787185518553441
-0.1414262766653 -0.0965195141230346 0.0110783432315128 0.023708902359268
-0.128952200905444 -0.0954211503610453 0.0509101510387996 -0.0498687473693055
-0.112417142170918 -0.181701702112832 0.118701533883354 -0.0887928976194095
0.00829744679156143 -0.249174610604439 0.20587649758931 -0.0533934995374847
0.156086710806602 -0.210525426678994 0.214284683320129 0.0827182763104937
0.328379628654336 0.000675039147937954 0.0724821714873744 0.215508050744102
0.229907721666002 0.296455362086369 -0.118814937810765 0.183637429932281
0.00347466169844047 0.416689844114699 -0.0874112114394371 0.0130034845556409
-0.172635416871397 0.296187848966432 0.0826302164001155 -0.175825123957251
-0.0113965707872493 0.338803929848187 0.229291358703439 -0.185329316069438
0.180160920919022 0.24225800809486 0.17008989014989 -0.301837914876947
0.247595707309294 -0.0139786064417356 -0.0626718219794526 -0.276084299894498
0.136081026437153 -0.180000972519508 -0.160154930080271 -0.12881376572306
-0.0169509951845626 -0.209848763345461 -0.15926073355257 -0.0168430381252621
-0.113190954786065 -0.138013190833685 -0.105825246983137 0.0180191734459165
-0.136762053997797 -0.0927635640578663 -0.042221870188126 -0.0159303255186278
-0.123684096219174 -0.0903099061032999 -0.00389495218749324 -0.0868481483013423
-0.104019948082819 -0.165580966598441 0.0728273270604645 -0.136574596008114
0.00620742762921045 -0.22754159849607 0.183828514205808 -0.118802364893383
0.14391477576036 -0.192510840600029 0.232851368307073 0.0256205351400658
0.291337973364795 0.0110922470004125 0.10126855617634 0.171930614931181
0.176796946985243 0.270412365535061 -0.102485522847063 0.146857526535036
-0.0252479609639328 0.349241710541878 -0.0621890171258224 -0.0860656548300083
-0.160432177026105 0.186614036396714 0.136779729955552 -0.285611602633644
-0.0620343499808957 0.250398162832463 0.239815102534113 -0.213074658294974
0.101194805694748 0.205449830398983 0.207733054227975 -0.272065562498694
0.185352629969256 0.0140072154773684 0.0271019304497684 -0.272013713743265
0.110928086092497 -0.126538842174148 -0.0995596817852684 -0.19798782709515
-0.00309880904099962 -0.16197732156525 -0.167898954737487 -0.0955756489349747
-0.0869830063981015 -0.114124710820299 -0.147710616826543 -0.0354927459495694
-0.111237897540402 -0.0760645193901386 -0.087087198774013 -0.0515030178119999
-0.103284234106061 -0.0763137348520754 -0.0495435352649683 -0.118263099489031
-0.0825672077537212 -0.135962276727177 0.0369028862851616 -0.172892526044615
0.0132476217479801 -0.182569061792465 0.165588037801294 -0.16216735833704
0.131870589618574 -0.145317605580333 0.237961649156269 -0.00747607189082398
0.227150454239271 0.0418636092763127 0.112792548969461 0.141013958392687
0.0945960242067649 0.230298993408413 -0.0869933333438656 0.114077294457608
-0.0650218400564481 0.244987955666954 -0.0293428696971605 -0.160431272715296
-0.114942265650852 0.047198252766177 0.163266927914936 -0.35416350021905
-0.0827499343343439 0.115450383471387 0.232180478153049 -0.225250319291723
0.0236348238654915 0.117493582435874 0.212380011905543 -0.246205692313927
0.0895117901090822 0.0218236402847461 0.0742327198880972 -0.25981219069604
0.0606986350081219 -0.0584151642356328 -0.0678930140737993 -0.230961834248826
0.00817804311903001 -0.0879420310301157 -0.171327955386106 -0.137610534528815
-0.0465031196667002 -0.0710211480935023 -0.173133913645962 -0.0697012050697941
-0.0689240296602163 -0.048847751481725 -0.117522257693253 -0.0783097086911839
-0.0692137385006828 -0.0545354702255871 -0.0788715194458939 -0.141319171917812
-0.0533322651127849 -0.0945297115343 0.017014119687967 -0.198834060477918
0.019187299049775 -0.12318472121169 0.158547662176903 -0.190004858486331
0.112400650035742 -0.0866521232088167 0.244023169094057 -0.0201002352159615
0.147324656305491 0.0711136416375675 0.119152626672573 0.127804273506961
0.0060172519349268 0.171456145462224 -0.0700739594071829 0.0914466926875926
-0.0980968675583095 0.11441019941701 0.0113176143449189 -0.200746427423545
0.0896278821455696 0.0166064641691419 0.00935262671083074 0.236052966511013
0.0212393500598676 -0.0720603958651681 0.114463119002896 -0.0739504828065286
-0.0546652831596539 -0.0503158997877962 -0.128505125311099 -0.150591425876342
-0.0470797182795696 0.0336523565060367 -0.263272580482258 0.0256040121385109
0.00270662143911219 0.0390850385872406 -0.155399269480488 0.239547240882156
0.0153153337040779 0.0233835885192728 0.0296834236943778 0.235920735482722
0.0212317372348526 0.0144162098368593 0.113646751127959 0.143939517081771
0.011614644735394 0.00717156469960977 0.15054192921742 0.0796128982041131
0.00211271583592956 0.0114722125361358 0.180311241922464 0.051242822849339
-0.0162993225331495 0.00648415158513141 0.193210441879847 0.101496786253732
-0.0126457008797851 -0.0123954043285144 0.119730295642097 0.19251557321228
-0.00218763011167755 -0.0223671571660955 -0.0303910691867399 0.245565749337555
0.0461354718888649 -0.0406696930529967 -0.141160631079572 0.26047377815648
0.0875725503233264 0.0148292917697102 -0.204650860214934 0.255509224126
0.07614132831352 0.0995593373533037 -0.142922611464917 0.378081978816931
0.07787983405214 0.144778774339949 -0.0138995586958477 0.215870224808425
0.0845037830636343 0.0121084462393645 0.122068894906624 -0.0751132111092768
0.0334794544179687 -0.0385833182292561 -0.11314342048393 -0.185729047758892
-0.000142027283288325 -0.023837425240563 -0.286109335386838 -0.00337278966512956
0.00498628969009191 -0.0329612760960948 -0.18463912231087 0.230946559823566
-0.0191689140671419 -0.0344516222660474 0.00707967145831776 0.242836014292539
-0.0295828889449016 -0.0174243159708709 0.104380189493652 0.153829893929864
-0.042107895368663 -0.0214408688398164 0.142737125219008 0.0790160362581575
-0.048139608227402 -0.0271252083774431 0.170966949607443 0.0351212328603758
-0.0515252610315832 -0.0692975002286661 0.196404181452719 0.0668043424344621
0.0103421294971253 -0.10118902672691 0.157145761613299 0.156469243093343
0.0788357423755376 -0.0669337820739367 0.0271102572337981 0.231129921051359
0.149757934521772 0.00964296300219341 -0.0926964768980168 0.269075421194398
0.136200902245364 0.14438115001254 -0.165771345370394 0.25465776772279
0.0603488485753881 0.245937639939806 -0.124682181387159 0.330856337628153
0.0361466279422979 0.259613090162867 -0.0230419124671931 0.153853721779366
0.126788107645402 0.122829908007886 0.137937517879321 -0.0932557114756639
0.130466796068497 0.00723586497977928 -0.0788685195808337 -0.238305839740528
0.0738256014260253 -0.0720859067559553 -0.295974486184897 -0.061008812237762
0.0220736421633591 -0.111458377430988 -0.216050217038464 0.189508290324129
-0.0468839988901445 -0.0997775290958433 -0.0323171302727522 0.225321417378883
-0.0766576990095964 -0.0538548548413263 0.0707991094268498 0.148040240018781
-0.0901376954478033 -0.0460532634573166 0.113644904859443 0.0684815687079712
-0.0905039296225092 -0.0548734814827083 0.140878984455744 0.00819561072861738
-0.0888878149740086 -0.123370139470051 0.180988614282602 0.0108773189294728
0.00630354438314041 -0.176854034089955 0.19049183411226 0.0857980226383183
0.122083874427902 -0.133853062739148 0.106506968198699 0.188534563284373
0.243399280838151 0.00681223459828817 -0.0199778861463688 0.264113774711731
0.202180313561747 0.223525774673063 -0.123598761929542 0.24749433996954
0.0637894442914481 0.349629027767422 -0.103020426414213 0.24891459389172
-0.02503856864599 0.337877194289356 -0.011562619226636 0.0522352576918444
0.131640726867056 0.237413674566041 0.156815674778471 -0.126481712741174
0.210670884426506 0.0831015958562585 -0.0225341041490138 -0.291295383460993
0.159784106463845 -0.0941170519999587 -0.27133621634291 -0.139060586215185
0.0544584163832374 -0.175823169880946 -0.232788166285087 0.110920779747227
-0.0610172792252578 -0.160235633450645 -0.0817545310520908 0.17647891954455
-0.112139028004429 -0.0877803891706736 0.0173818599239414 0.124379906055021
-0.125557412496569 -0.063406029890373 0.0677515493845125 0.0482669731628932
-0.119057831876401 -0.0697841365837368 0.0939935211274368 -0.0226465915642716
-0.117266505945973 -0.149521292288762 0.143607396789407 -0.0500449297292149
-0.0131841767186624 -0.223129662114658 0.198017865377942 -0.000166814840879891
0.128265212738846 -0.19233704660769 0.172670425599116 0.119083160541765
0.298864255800868 -0.0266772273920156 0.0515524595507668 0.233490208916532
0.249535593347676 0.248799806542961 -0.090604000387787 0.225431084758118
0.0702785526623673 0.394410086881228 -0.0892193496230811 0.145829735125296
-0.0863715527596876 0.35621231867298 0.0203907690518968 -0.0751835431796972
0.0921807359426146 0.315056465434034 0.176038342354504 -0.170575770592584
0.236242003161397 0.162609839599817 0.049925323461079 -0.320907666348077
0.22322057339451 -0.0790736106026517 -0.201256010236837 -0.212806078059875
0.0894968927544719 -0.203099129077594 -0.21928531875065 0.00491113579241638
-0.0570049026343106 -0.196001662167287 -0.126913245227792 0.0976568721604072
-0.128005518388517 -0.11056614096057 -0.0442216942501089 0.0840354485788563
-0.142610240851934 -0.0712717155207586 0.012446359224195 0.0204349827353095
-0.13072769513268 -0.0729263575453474 0.0373758663763434 -0.0528277966042682
-0.127646424048454 -0.152175803242732 0.093840357759732 -0.100776532238049
-0.0272922613656223 -0.232400071203352 0.180308486727617 -0.0785132648568559
0.116894300527103 -0.214058300782024 0.207837649508733 0.0457337347681081
0.302702984198596 -0.0464472787318395 0.0985403233362487 0.186591456210852
0.24975981984054 0.24327632488702 -0.0725162815607518 0.193537876910383
0.0588771303652105 0.38266039329722 -0.0811837782144167 0.0356751240300477
-0.124766723959294 0.305905282476112 0.0649140745216915 -0.201916100559434
0.0278677989042079 0.315571567677078 0.191638842443919 -0.211224110064074
0.196198741784324 0.202575661046401 0.117664531761798 -0.318158743277516
0.228769340042314 -0.0407041159022412 -0.102272387968709 -0.255497749049069
0.104997466294418 -0.184289197569405 -0.175883834897957 -0.09912352351189
-0.0410118983435875 -0.192535629523089 -0.158571559659148 0.0088215846649015
-0.121251033969298 -0.113520042265562 -0.102210401264532 0.0334948216628836
-0.13768553804298 -0.0683385731155679 -0.0416865600524233 -0.00966211298754302
-0.126200929609181 -0.0689471992807988 -0.017816383478731 -0.079730182146683
-0.117244825901209 -0.138248186112213 0.0455497907472297 -0.138796870411075
-0.0253514784170205 -0.210973686520442 0.152985804583156 -0.136325533662
0.107740372715686 -0.195502736837057 0.218229837689072 -0.00940924379727471
0.269982251382473 -0.0317941841243547 0.120317412105529 0.144634036629796
0.197560000932021 0.225721591894889 -0.0636863737960509 0.157874593238659
0.0229596614481059 0.324552169790988 -0.0708396078864765 -0.0625606283580452
-0.128885629160016 0.197657878847861 0.103773671269866 -0.301643311149231
-0.0295727454494974 0.239057765037939 0.200159875479067 -0.235851338575104
0.118053553621769 0.177279051973847 0.159523674158206 -0.291685800577908
0.173191802296916 -0.00750355890444452 -0.0146413422204834 -0.263908044726974
0.0881150018761429 -0.130887027762357 -0.126618233547052 -0.173515106045714
-0.0226156666437407 -0.14974884136188 -0.174350543910225 -0.0643999171121717
-0.0942777779424793 -0.0943734563873324 -0.14828921000482 -0.0118916191507436
-0.111587474673426 -0.0555038488563251 -0.0873174141236146 -0.0365919705637015
-0.105446528093601 -0.0576693266904186 -0.063270326237197 -0.102772219070776
-0.0929955235060892 -0.113501758915857 0.00876442149172312 -0.167001644548586
-0.0132427758960019 -0.169911968838864 0.131543440736132 -0.174071299712229
0.10229883113606 -0.150480074709301 0.220735663700884 -0.0413137329177774
0.21453165415764 0.00633698619720286 0.12754139479715 0.116126232110125
0.116936388283542 0.199034347723925 -0.0567773909584529 0.125856493000531
-0.0285936537296685 0.233298873494935 -0.0502884887441596 -0.139573864591899
-0.104145423797046 0.0577571657807437 0.119043932997381 -0.356980038387065
-0.0637828216566236 0.116118531030437 0.193780803008914 -0.241614955043224
0.0356832689481112 0.104493801340602 0.170436559005854 -0.263753214035541
0.0852472925747414 0.00989251824163419 0.0338828913936353 -0.257925650473753
0.0496753715751495 -0.0613440688716137 -0.098624672554447 -0.209479263326137
-0.00326772492047702 -0.0825056224324263 -0.18160355197826 -0.105471522308907
-0.052380384806767 -0.0595014291391392 -0.174718120176896 -0.0424962272709921
-0.0686524166805302 -0.036238356723732 -0.118866083220131 -0.0574484672705634
-0.0713629257612969 -0.0409980213163398 -0.0925196048217784 -0.121777746998846
-0.0609574707940405 -0.0785124885548128 -0.0117449528617125 -0.188327172857719
0.000546010616146118 -0.115506250637756 0.122778657880562 -0.198362348135905
0.0913433820442875 -0.0945010989997874 0.226333945019521 -0.0518437830149197
0.144729442635284 0.0442582649128803 0.131125481203489 0.104977444354898
0.0286385301809049 0.155971337763498 -0.048468221540686 0.101874000103811
-0.0761165391323962 0.117920750431435 -0.017517027665071 -0.1863000940313
0.0852542085391947 0.0164022342854857 0.00829762156371165 0.222211065598286
0.0200850440637129 -0.0676223365248092 0.10723355907178 -0.0686119554490422
-0.0525068119841565 -0.0470809866166194 -0.120093499092892 -0.142695652536579
-0.0446082397971438 0.031792380329393 -0.248313230143653 0.0211628624778214
0.00290001567378187 0.0366725587468089 -0.147205308339949 0.225580835782037
0.0147242980527412 0.0220037751025294 0.0268862853007974 0.222317455484241
0.0199686433689211 0.0137460352200493 0.104430034672763 0.136047658109303
0.0109454306866535 0.00640596984813558 0.140134556073555 0.0741571561953298
0.00168569694099849 0.0103016324179106 0.167932104570524 0.0470546844259461
-0.0156272800211133 0.00593651353684742 0.181899377038028 0.0940101788312862
-0.011708039310912 -0.0123007120163769 0.112806403658519 0.182325313976541
-0.00128107268892337 -0.0201690379058587 -0.0302348148490867 0.235135980466644
0.0427026948878988 -0.0376767882791359 -0.13509851630355 0.244581458871315
0.0825667425180222 0.0139177054451366 -0.196634590227149 0.237475467048775
0.0722242465116294 0.0942778774864592 -0.136318840421251 0.354779206254571
0.0738791713943972 0.137165465238377 -0.0132028195968566 0.204152230769581
0.0795509526537103 0.0113337472256436 0.114695592459032 -0.0693357061943847
0.0307882448310889 -0.0360646426816241 -0.105514013400333 -0.176819410694881
-0.00045425245874527 -0.021747770858363 -0.268816483567171 -0.00599860424828516
0.00504992004640297 -0.0311325270964008 -0.173594187396474 0.216119592408473
-0.0180251113418891 -0.0322373192200036 0.0060627922483221 0.227730196888134
-0.0280945074069491 -0.0157734627975097 0.0959589562913298 0.144021579317786
-0.0397270669450148 -0.0201996595964543 0.13360912487337 0.073033556895403
-0.0447305281875732 -0.0261717217263377 0.160004796962256 0.0313565213655238
-0.0491223472593082 -0.0653620650691982 0.185289443582769 0.0607556702807648
0.0089852291952261 -0.0959656185408691 0.14884160799555 0.14718302743879
0.0751855861850362 -0.0627367864186663 0.0243291299237206 0.220773468756789
0.139794426531546 0.00990311259886404 -0.08915817680062 0.253525189472136
0.127293602584911 0.136856841771167 -0.161128445343399 0.237789943495183
0.0565036523362815 0.233629631538261 -0.121036661731601 0.310338790661384
0.0346286257238894 0.245203318125828 -0.0221567233026275 0.146581902971564
0.1188404126301 0.116269004163055 0.129652707400591 -0.0863189065106464
0.121832745526496 0.00650298253377308 -0.0728732615649495 -0.227010969056531
0.0686956792335302 -0.0675056087339973 -0.277468782017505 -0.059961494294556
0.0205342795299996 -0.104216840733598 -0.202913377374553 0.177226576849637
-0.0444799974368987 -0.0938052282547602 -0.0320151635293665 0.212213946427077
-0.0723056966580941 -0.0503968907896179 0.0654801540504733 0.138344219148081
-0.0847739150060951 -0.0431122818567004 0.106621890721583 0.0636550743054081
-0.084882564553633 -0.0522695979600156 0.130542038215552 0.00635611530965291
-0.0840435573040742 -0.115999670223165 0.170185660012313 0.00816408079344986
0.00470815519993198 -0.167106169569459 0.180594280976981 0.0800924009546719
0.115766953186339 -0.125490716446683 0.0985848815506584 0.180646951484972
0.229013252188314 0.00591393347414504 -0.0205516937636201 0.250258367062923
0.189755358632125 0.21127244400445 -0.119940017627074 0.232206103927133
0.0589714330991436 0.331265918162534 -0.099949417784742 0.234471045989624
-0.0236727926599611 0.31870014007884 -0.0116257060697987 0.051209578658752
0.123224085069218 0.224103282467972 0.148001073672108 -0.11757480335369
0.197741664649099 0.0773802885561771 -0.0189130426687803 -0.276351678455723
0.15047444803894 -0.0884660726417145 -0.253141256495425 -0.13362182159795
0.0504202210346848 -0.165048762518268 -0.219942198238994 0.102550962716467
-0.0584337022146825 -0.150316731381752 -0.0774565011239518 0.166059230565646
-0.105728267830919 -0.0825083035126259 0.0165687269763057 0.116860557083015
-0.117921373463374 -0.0595271154570933 0.063987729258306 0.044218113788403
-0.111712310434808 -0.0663443907593575 0.0871777920054325 -0.02209266120758
-0.111206873514819 -0.140628684119895 0.134615944764525 -0.0483695897740994
-0.0144378825221773 -0.211084914251853 0.188108330507312 -0.00193291395290479
0.120404469870782 -0.180458130364925 0.161305616309712 0.114938063090672
0.280222537548533 -0.0254991116767983 0.0462804858347359 0.222519888051689
0.235934020738946 0.236241597748181 -0.0890106946107275 0.212922230740686
0.0648379068296731 0.37467342854506 -0.0849899303066503 0.138030513073503
-0.0819065924927348 0.33588905031157 0.0190636444577377 -0.0695617656948014
0.0863427901939676 0.297082005212119 0.166262130153786 -0.157804801407384
0.221816996694118 0.152998043671034 0.049222616871439 -0.304657485490678
0.210348790467052 -0.0744190889476943 -0.185722318426946 -0.203846843768099
0.0831243415225571 -0.19134766152012 -0.207314111692148 0.0019752520161073
-0.0546398589622204 -0.184158017023953 -0.120597552205509 0.092554125986346
-0.120871501216172 -0.103237188154518 -0.0407932639948497 0.0790432694786272
-0.133133786897653 -0.0661442317705791 0.0118909207514125 0.0187279770724194
-0.12309734782426 -0.0695818428814834 0.0343302659666454 -0.0508191286309847
-0.120178693621811 -0.142762947827965 0.088079142302194 -0.095794885607132
-0.0271455887255334 -0.219251201900407 0.170538481750435 -0.0759792613642775
0.109880133927381 -0.20186874210443 0.194271174799305 0.0451185155638427
0.284665581877461 -0.0435949971546801 0.0903987102335642 0.179558186817836
0.235002923401718 0.229580615839259 -0.0712971678213833 0.183383748036414
0.0554639854182606 0.364150921322483 -0.0772069194719092 0.0343321791409037
-0.119192479486749 0.286504362968679 0.0623208345176862 -0.188601838661623
0.0242361809947556 0.297926341078657 0.18227688633963 -0.196420980004661
0.184389026183701 0.190884320566408 0.113499688813536 -0.302022542267355
0.214918799846273 -0.037950039185561 -0.092512193227262 -0.243184912300389
0.098313974983264 -0.17366681960299 -0.166606777394206 -0.0970664407890013
-0.0393479806414808 -0.180543829118715 -0.150216352133349 0.00895191097265906
-0.114957756154092 -0.106214197258691 -0.0956000704544979 0.0328012859499373
-0.128905469154068 -0.0631131858861112 -0.0386728065932761 -0.00928069347874164
-0.118035280938228 -0.0649624306758968 -0.017403186335489 -0.0754270840123459
-0.110536073009566 -0.129775849072916 0.0431869219587109 -0.132020511164063
-0.0251053713217665 -0.19928681977225 0.144853406749063 -0.130009238720058
0.100729025501151 -0.182920951697578 0.204483025532943 -0.00727889551360242
0.25291330663899 -0.0300974891855517 0.111494244109795 0.139821631169804
0.186946392522567 0.213057931167198 -0.061976977760544 0.15039930741159
0.0214383220851878 0.307584563370946 -0.0673639171699182 -0.0590742540871996
-0.122938238106088 0.185832695220968 0.100403894261224 -0.283000379516673
-0.0290981016950094 0.225574489359794 0.191444481229839 -0.219595268677087
0.110344779699633 0.166934175953484 0.152058810361011 -0.275070022527776
0.162602063049788 -0.00681772137197953 -0.00992839638147434 -0.250838377121413
0.0822073847065066 -0.122782738756778 -0.119685538879588 -0.166430747883618
-0.02151104564504 -0.1408367591072 -0.165217276664143 -0.0606951986374688
-0.0893523775984074 -0.0882715780375183 -0.138531594838745 -0.0101909929503626
-0.103817337097502 -0.0516326231211391 -0.0819065794775075 -0.0347628965827414
-0.0985749255356355 -0.0542455637951221 -0.0597022815688745 -0.0970606331585132
-0.0875063350945808 -0.10607285734981 0.00874292617071419 -0.158334593557377
-0.0128701328131341 -0.160177383173831 0.124420824378712 -0.165895774231354
0.0958952380646707 -0.14075161778701 0.207753092480197 -0.0370465240338057
0.200596738385406 0.00566716075810776 0.118581848379488 0.112794949867902
0.110266818500329 0.188113542118605 -0.054788394070241 0.120134022602258
-0.0269726721908813 0.220758737874506 -0.0472676993846038 -0.131292689750035
-0.0986030590315283 0.0535729409968684 0.115101956537646 -0.335437283089846
-0.0604661811321124 0.109389702965769 0.18603277441878 -0.225985315081858
0.0328978250426674 0.0978435813482439 0.163039075101263 -0.248517532317551
0.0795126385449415 0.0101035998390783 0.0347717381634531 -0.245571031982144
0.0464478872754255 -0.0577134590539076 -0.0929862943158073 -0.199692338118172
-0.0035240663328073 -0.0778688704585122 -0.172025976233779 -0.0988335213887512
-0.0499198370917714 -0.0553593480149399 -0.164160492537571 -0.0388382103877198
-0.0643894366924725 -0.0332215628686419 -0.11148702776566 -0.0538204468903081
-0.0669298064919801 -0.0381783259233448 -0.0857373775978165 -0.114670658400456
-0.0574063506839443 -0.0733221505879334 -0.0102756796872153 -0.178124178092824
0.000442398057910284 -0.108767626032212 0.116289135518403 -0.18805682630487
0.0850969522811013 -0.0883399034199795 0.212948936050837 -0.0483165216811237
0.134767595250409 0.0413168782501129 0.122113401506462 0.10194290406292
0.0277200354886527 0.147383082592963 -0.0467202643081985 0.0970597404112129
-0.0713734189558276 0.111177770433016 -0.0161613103036379 -0.175038719151671
0.0828315084198078 0.0177891665093304 0.00198606938608454 0.216388617086313
0.0217724367671617 -0.0645155869780808 0.10562820262585 -0.0627830289424288
-0.0499246721557697 -0.0463027467589856 -0.111694141719405 -0.142335644419289
-0.0441168726927467 0.0303163020090055 -0.242696418867677 0.0115197713237641
0.00251626083688311 0.0353096575235627 -0.148123396655466 0.213954272312622
0.01321763098254 0.0210798788190123 0.0198138155366003 0.214942080552227
0.0193925807391871 0.0139637856955713 0.0947367119702257 0.13414794097652
0.00973248698973359 0.00635736971782862 0.132691126076678 0.0743767174172543
0.00120225497203929 0.00884383521244235 0.160580249891332 0.0487844810694545
-0.0152579044755365 0.00474866561195732 0.173701367315515 0.0938176117362939
-0.0111110388553245 -0.0124403588081394 0.1054689470733 0.18053582157543
2.7479357094711E-05 -0.0196398475621572 -0.0373776383766251 0.228752352885278
0.0415429213800355 -0.0352790381911197 -0.13795051677172 0.232296476086611
0.0789940722106582 0.0155123754155452 -0.200452663336227 0.223031202907016
0.0677686052335499 0.0935790867505404 -0.143903324391078 0.339796520979996
0.0689243701437947 0.134799520720653 -0.0187639503951648 0.198554396138592
0.0764195196728297 0.0130977088998561 0.112590014586132 -0.0622714155062277
0.0299026146839757 -0.0342421876930842 -0.0965388402313168 -0.175461673086327
-0.000246714575865056 -0.0201774847771995 -0.260671768090308 -0.0155086672756582
0.00553278892487613 -0.0303475143937456 -0.173854698363261 0.204111002152965
-0.0170433319770873 -0.0316258986433585 -0.000330853926005322 0.220917173488305
-0.0269232500463814 -0.0161494436475919 0.086638560571755 0.14060722714695
-0.0380006371886367 -0.0204529340347008 0.126652280639531 0.0734114315325271
-0.0428183789462135 -0.0273746512535938 0.152173998114383 0.033881224266804
-0.0460922040306344 -0.0642930685272503 0.177670401149942 0.0619041944733991
0.0104902540528222 -0.0931049162569798 0.141388295061591 0.146344266505752
0.0745481912013521 -0.0588013158554065 0.0165698381107908 0.217117123188561
0.134872826202974 0.0132684942624246 -0.0950655129309384 0.24369880704775
0.120236383962567 0.135919300054614 -0.1660209265045 0.224967770607741
0.0487389237830666 0.229054581847596 -0.126539678446717 0.297660541031295
0.0281607882751384 0.238905964132805 -0.0252587413108825 0.143099054788914
0.111568236838317 0.115385296278579 0.127212238518088 -0.0775441170498404
0.117188593275786 0.00938732020787517 -0.0632911992729981 -0.223341152001171
0.0677629628428493 -0.0627898131919336 -0.267015858343079 -0.0683138353277275
0.0220940711094025 -0.100447220765541 -0.202130734547954 0.164672883550197
-0.0411365480485016 -0.0914096965561501 -0.0361351513666926 0.204261959075137
-0.068915031874668 -0.0503591263750872 0.0589128579711456 0.135161393916887
-0.0805545647028163 -0.0435818570390962 0.101042654109631 0.0628001524856366
-0.0803062529863571 -0.0534833624764206 0.125010475159465 0.00825933511973313
-0.0792230790761927 -0.113396579028341 0.163806423801803 0.00997905983189569
0.00704032592792206 -0.162030100313149 0.173469040296474 0.0810276406182539
0.115105320268327 -0.119245870264348 0.0897490077864787 0.180627813469614
0.220512677664083 0.0120471392286806 -0.0292959252699721 0.242957485357041
0.179132562577041 0.210417125849483 -0.126702557363656 0.221595944359963
0.0482646806544444 0.323729203608806 -0.103739187350618 0.22494832279702
-0.0309238364166556 0.307803423945268 -0.0125135451754793 0.0513239896001555
0.112497112760223 0.219916431749825 0.145543935398094 -0.107469680395024
0.1886560520497 0.0799452688974922 -0.00895664688243686 -0.269444340198349
0.147583052351275 -0.0815755371201703 -0.239922693871401 -0.139506111737569
0.0525388359614114 -0.158379824050104 -0.215686999282242 0.0917480421874326
-0.0530658416138387 -0.146599994040169 -0.0802377739323293 0.159003363686048
-0.100704499071991 -0.0821416427077816 0.0131400308016167 0.113182236901507
-0.111874874030469 -0.0596980761852391 0.0603501219546818 0.0435499077219622
-0.105791388558226 -0.0679818790012192 0.0830716164600007 -0.0203698114973509
-0.10464161881501 -0.138138521256084 0.131585370728104 -0.0452713973922377
-0.0101787392805176 -0.204843071899912 0.182660123925168 0.00107144502961709
0.121190655711341 -0.172315421746794 0.151807042897648 0.117821193565912
0.27098613419409 -0.018107129224523 0.0370334654371896 0.219299928010667
0.222389440580499 0.235934218416847 -0.094830229958544 0.204719723568604
0.0529412401388132 0.366531901463233 -0.0869358463645354 0.131804097577448
-0.0888489666665268 0.322867474548684 0.0205169658071805 -0.0642779909686153
0.075099276226803 0.28994075509833 0.164844998686659 -0.145973978209613
0.210472778909675 0.153800344901548 0.0580906315626319 -0.294711703434672
0.204787796319373 -0.0668528877433652 -0.171708420096485 -0.20486151990457
0.0843834048886049 -0.182814196753305 -0.200872396895636 -0.00617112999815515
-0.0487150945185594 -0.178899562131469 -0.119905531834487 0.0867984378012636
-0.115111461182798 -0.102727514039188 -0.0411867423646952 0.0760325761370526
-0.126790730058952 -0.0667302851214223 0.0115277995381638 0.0180405859168064
-0.117065588081819 -0.0712737729166915 0.0328605339538052 -0.0483744231054802
-0.113230832459985 -0.140927333138195 0.088035694184226 -0.0918010525173287
-0.0222555169543113 -0.213607449184663 0.168241524028854 -0.0716229691291779
0.111122733824552 -0.19144346372303 0.18632803459503 0.0505268007214452
0.27507348248904 -0.0354306092313924 0.0814682324932456 0.178751145598863
0.222246605809246 0.229475688082933 -0.0762944070251899 0.177161149841596
0.0427345786215404 0.355653672645901 -0.0760614209873711 0.0321760178251189
-0.124363819199643 0.274183124683843 0.066151277484066 -0.178339181546678
0.0146455595943584 0.289389628503447 0.182132682479072 -0.181784653429077
0.172802216255722 0.189461507261268 0.119169380380437 -0.289736445649857
0.208423133445212 -0.0306933336312037 -0.0797189704731529 -0.240873122795384
0.0979704931121233 -0.164816322833614 -0.159098612106959 -0.100912741556418
-0.0345376827512232 -0.175928415015839 -0.146661535351146 0.00522470443653017
-0.108374369339529 -0.104933462063018 -0.0928417941928087 0.0299380553188749
-0.121782666979746 -0.0639439919473407 -0.0374149816344495 -0.0108849315895386
-0.112314706658623 -0.0659694353570585 -0.0156116020515341 -0.0734361476094795
-0.103478978134052 -0.128214341583586 0.0451465522002455 -0.12718652386139
-0.019915742368742 -0.194279307499296 0.144077615525201 -0.124540176352822
0.101366770995044 -0.1743728498168 0.198166509245986 -0.000545980428596042
0.244027296927099 -0.0232230235424249 0.103606097667681 0.141287712541201
0.175821128957346 0.211667988188478 -0.0656674404246884 0.145702784853393
0.0116013464852943 0.299574351926582 -0.0636653004703046 -0.0577732256703378
-0.123860120187448 0.176640039727214 0.105574202383558 -0.27056514044076
-0.0350346054451668 0.217801176114489 0.192887962388393 -0.204571374182304
0.101570935940968 0.164296970863985 0.157180049123898 -0.263018267648009
0.156819083173982 -0.00207541057841725 1.10685030961572E-05 -0.246111358887198
0.0818201843727423 -0.117154346774411 -0.11263308473397 -0.167320702493703
-0.0183931391021348 -0.137291358433806 -0.159155305744545 -0.061912684095218
-0.0842118163838734 -0.0869716523045578 -0.132504540078908 -0.0124280706726341
-0.0983914477575251 -0.0520742615506412 -0.0777969898121862 -0.0359274349590187
-0.0935679527373523 -0.0547679501261976 -0.055313816270039 -0.0955507592079685
-0.0818549027397043 -0.1048082437931 0.0124948962824535 -0.153862907125929
-0.00895556470270519 -0.155686492553555 0.125320208337756 -0.159222908110738
0.0955377725495475 -0.13303769215978 0.202044649886401 -0.0296245531596757
0.19281776697981 0.0101825871793114 0.110624252713186 0.115301157452727
0.102744858992496 0.184976555871244 -0.0571624034385734 0.116397196003487
-0.0311671100780338 0.213065993158347 -0.0423059840332439 -0.127604622240668
-0.097343059920156 0.0492827509766684 0.12251767349225 -0.321677856622145
-0.0612231461748956 0.104567560189516 0.188425417291741 -0.211083196949686
0.0285704021931747 0.0954966883553302 0.166625482233771 -0.236204623321292
0.0765818382205134 0.0114243028723418 0.0431622126913107 -0.238507141309045
0.0461279716050423 -0.0543272534032435 -0.0856769248915966 -0.198545012764231
-0.00144416413261101 -0.0754379561318065 -0.164561553441094 -0.10031794157839
-0.0467553549611337 -0.0544544565201822 -0.157147591788935 -0.0406262704088594
-0.0606990421815599 -0.0328125958670571 -0.105626098745555 -0.0549541309749636
-0.0639305416155619 -0.0380214761184057 -0.080845215288704 -0.112748336084927
-0.0537918108016298 -0.0716848118508625 -0.00499530047406793 -0.173439596723018
0.00292475474873998 -0.105721089620065 0.117720974568125 -0.179951228831571
0.0840596314325742 -0.0829875915311806 0.20721770458311 -0.039466400880929
0.128976506029432 0.0434909344155782 0.114111430618439 0.10454585686397
0.0231118641023819 0.142908262971344 -0.048281651631431 0.0937964103877121
-0.0717881506423595 0.105083363118787 -0.0117997210636043 -0.169399902999324
0.084165618902255 0.0203191764894834 -0.00351539213502837 0.218470647921052
0.023812483567747 -0.0644840686163985 0.10861506239302 -0.0584752348921025
-0.0493426556488917 -0.0475518266677217 -0.107113146135872 -0.147115878309795
-0.0447008592582151 0.0300895591319186 -0.24639965576693 0.00302459839369164
0.00196709259294667 0.0353776573943112 -0.1552458418357 0.211139410351011
0.0127495160147561 0.0212666598407979 0.0133170953531751 0.21674197763674
0.0186950956168599 0.014074681496049 0.088933349239832 0.137810016253385
0.00913114848802457 0.00603192168222504 0.129793992733207 0.0782183271350622
0.000458124315439541 0.00740747106837719 0.158896622735126 0.0530613605978613
-0.0151701050202927 0.00350824517774717 0.171979542763395 0.0971320090985974
-0.0113157852577921 -0.0131454957538789 0.100989878130651 0.185337560731835
0.00113245411466671 -0.0200132154579833 -0.0447212556680675 0.231410492207997
0.0420750385974639 -0.0340619086030908 -0.147393164964528 0.229047762994557
0.0782725093841847 0.0175900569321636 -0.211057672759766 0.215940509569481
0.0661826838141682 0.096554212402201 -0.156268323256255 0.336541247241933
0.0664615333009536 0.137328928054328 -0.0244028183047735 0.200461084651604
0.0764391429548653 0.0153658776416854 0.115520511587405 -0.0577753158633601
0.0303445400124111 -0.0330916642850753 -0.0908110658851266 -0.180389251537002
-0.00021667851377002 -0.0192872634543876 -0.262339633594648 -0.0253025163559379
0.00677605498193369 -0.0304411764598666 -0.180953984629261 0.20025296853711
-0.016590380598698 -0.0319829641103572 -0.00725167981932036 0.221573706127818
-0.0262143055800701 -0.0165464742440309 0.0814308949963401 0.143109464793227
-0.0370836380699364 -0.0216020002152299 0.12410223043427 0.0761984366485387
-0.042086101995047 -0.0297552304578797 0.150342844754523 0.0375223816430354
-0.0449515163189104 -0.0663539186307712 0.176301344161992 0.0651981278135501
0.0122665770075283 -0.0930913044692771 0.138923735017762 0.150964471813149
0.0769294947571175 -0.0573450034547292 0.00891462638523888 0.22145004817969
0.134222871224293 0.0179429132051138 -0.10361641228345 0.242086586750744
0.116973762185378 0.140438213831726 -0.176319926285128 0.219466392076182
0.0421421545625831 0.232163123017609 -0.137788424320035 0.295743337736675
0.021800586188673 0.240609752467429 -0.0299493737501362 0.145194158009467
0.107960127748618 0.11843438060022 0.130601996809613 -0.0712194898735274
0.116338259470572 0.0124598077252069 -0.0559429210084736 -0.228017066890436
0.0691192902447541 -0.0601839943112095 -0.265529461527724 -0.0784570264655491
0.0248016100937581 -0.100202002918251 -0.208224210308525 0.159445753834438
-0.0394354184080697 -0.0930720645591716 -0.0422804329758076 0.204091529169872
-0.068048310217123 -0.0521307591414463 0.0539997331250105 0.136556106172322
-0.0793467724621183 -0.0456852069932789 0.0988638758146272 0.0651182470152291
-0.0790437129657107 -0.0570225739921039 0.123821381828207 0.0110461866962479
-0.0773542710307871 -0.116476674001174 0.164141192724781 0.0131947463764158
0.00955757555087875 -0.162468718228186 0.173017196290602 0.0846990725730112
0.118973217362222 -0.115588470608399 0.084230958979717 0.186261251484911
0.220734355006431 0.018579179657313 -0.0380477735681654 0.245264855174852
0.174109776849139 0.216723900620693 -0.136481921552331 0.218813426383263
0.0384827707825439 0.328579744772166 -0.111545570378112 0.223080534785729
-0.0394656860747225 0.308802338577935 -0.0146539978405724 0.053121468863987
0.106602622410248 0.224553463602317 0.149564522554653 -0.100399700799238
0.186719132058543 0.0855669705985693 -0.000353021434797591 -0.273207141909866
0.14941030162314 -0.0772554134205228 -0.236321523954741 -0.149699195915814
0.0561069406489954 -0.158055221702745 -0.219846407581672 0.0841019774986181
-0.0497344934795285 -0.148213258904636 -0.0851363324188943 0.157647227922122
-0.0987930549374693 -0.0847973182317694 0.00995092670074279 0.113971511654912
-0.110379836343761 -0.0619026632811803 0.0591123446239382 0.0445302045903801
-0.1043517071882 -0.071543667002152 0.0826550250948257 -0.018867692572981
-0.102332147591422 -0.141883849500619 0.133220012655381 -0.0436142200029242
-0.00726741868837222 -0.205765872323636 0.184732742424342 0.00360314293744535
0.126410160626194 -0.169019049936058 0.148866924757038 0.125069877055811
0.271858009586068 -0.0101270691797451 0.0288185038377519 0.224251872482536
0.217741474927946 0.242956285902731 -0.104371607402418 0.204087263668959
0.0429632263465742 0.371872087681624 -0.0923208264060569 0.13016304634711
-0.0985466178143946 0.321837015649649 0.023144373483399 -0.0618128192903825
0.0666268083683684 0.294042943813717 0.170253167977532 -0.138152030475146
0.205894808883326 0.160534472750395 0.068066311638348 -0.296243904349679
0.206972870013078 -0.0608958051629684 -0.164911952419121 -0.21400088497013
0.0884738480465931 -0.181823917236906 -0.20331854635412 -0.0147570122850953
-0.0453072643671328 -0.180623856561094 -0.12323080066838 0.0846379186905826
-0.112446667021962 -0.105669739918771 -0.0430835428030952 0.0750800610442319
-0.124970593890495 -0.0694906716537347 0.0108905352655278 0.0175627906793938
-0.115049669979724 -0.0748108030837047 0.0333321475605001 -0.047743386880139
-0.110572244263645 -0.144989232414999 0.0900556066666904 -0.09141657510333
-0.0184011367883522 -0.215055699087546 0.171242799818616 -0.069467259354944
0.116015443684346 -0.189136603837055 0.185138745980235 0.0580731667078325
0.276350771453152 -0.0286452979526896 0.0750353140530175 0.185954532312509
0.21848033262434 0.237511281536479 -0.0843365969677412 0.177716406506357
0.0332018950977849 0.360467854245903 -0.078147719883779 0.0306359343490652
-0.133189225712482 0.272633428643426 0.0716778124498583 -0.176856001507621
0.00621239390811156 0.291703633587719 0.189247318574466 -0.17451161384053
0.167070726432918 0.19526705996615 0.130488654329004 -0.288587207977518
0.210258697438965 -0.0252374249361479 -0.0708712975769921 -0.247793167035821
0.101994282759146 -0.16350625564152 -0.157866926122409 -0.108901523795163
-0.0311033830580313 -0.177951151463155 -0.147959368192074 0.00169872799901671
-0.106069952739378 -0.108045154870906 -0.0925559539633269 0.0278923264938132
-0.119706499231672 -0.0664725883014957 -0.037494653969451 -0.0119537170925228
-0.110861282493049 -0.0697151354127337 -0.0139905980807952 -0.0742000683388796
-0.100604480409375 -0.131254560907006 0.0481099325307863 -0.12812176098609
-0.0158777445272258 -0.195518961633693 0.14843841977133 -0.123580624968398
0.106517605251135 -0.171589425776317 0.198631599642487 0.00635141641545916
0.244368549554624 -0.0169672535527224 0.0986834633378045 0.147968091447896
0.17210967458906 0.217967319595443 -0.0718053330960417 0.146282270189297
0.00473032035120012 0.302548335085935 -0.0623921797299356 -0.0595373047112014
-0.1300374200986 0.173973716150542 0.115208815021454 -0.267649425173976
-0.0416525780193235 0.218322436913909 0.201140620780294 -0.197230084375162
0.0962671648306231 0.167510314322216 0.167088082088718 -0.260048015731719
0.15718716356947 0.00260655030102122 0.00997378018983728 -0.249841252349727
0.0849877867370531 -0.114783660194853 -0.109209525323253 -0.174794410431543
-0.0149754262721811 -0.138998953559375 -0.159179674558263 -0.0663152471913644
-0.0821340131733063 -0.0895371143180253 -0.132407889865241 -0.015067277124167
-0.0958520294122198 -0.0541522157410824 -0.0780084281409992 -0.0382367298590522
-0.0924308713845205 -0.0568977657637028 -0.0534738672521443 -0.0974292838496652
-0.0789664393120551 -0.106589289265918 0.0169925715142346 -0.154654771115222
-0.00515067702976935 -0.156950218841564 0.130596366824087 -0.158056433709557
0.0989733964248928 -0.130447221598551 0.20348832814497 -0.0237572525331894
0.191679417000703 0.0163337058354406 0.106982475212859 0.122278906426349
0.0986142695889878 0.189313029789843 -0.0614163631638764 0.116544501112238
-0.0377448846625039 0.213789730209657 -0.0392659991544807 -0.128636046364791
-0.0985811862250824 0.046834342277507 0.13425229820986 -0.31942962320105
-0.0643678801547953 0.103843092879907 0.197447342788624 -0.20389011168914
0.0261446371126071 0.0963375684359115 0.175355977817899 -0.232053681181163
0.0760130347821496 0.0144646821735999 0.0526445522697693 -0.24097135219607
0.0470100077775532 -0.0530348797362877 -0.0818846705032159 -0.204212052790927
0.000500429119685251 -0.0769445803173978 -0.16328332454169 -0.104594420903185
-0.0451690057012828 -0.0550751136517095 -0.155955293735497 -0.0438718407651823
-0.0586689202789116 -0.0342535550287403 -0.105124813687659 -0.0586640985892145
-0.0628119206725098 -0.0391621835408791 -0.07758940460523 -0.11545519669416
-0.0515136599779103 -0.0725011947889701 6.95777029372215E-05 -0.175397992787103
0.00591696426563068 -0.106426875324791 0.123521826449129 -0.178262160652507
0.08652980289557 -0.0802446503237662 0.209923504832958 -0.0334320536728406
0.127290656793925 0.047229780663989 0.111356352391642 0.110780339472214
0.0196730996320122 0.144489425792561 -0.0507250699276529 0.0938979586810531
-0.0751028106029732 0.103464781933572 -0.00697694731247406 -0.169905955929359
0.0878002895528252 0.0212555650677557 -0.00503246739243212 0.22803648549114
0.0261372135118493 -0.066892670544647 0.114108306400347 -0.0589713913737334
-0.0509352953528342 -0.0487998790782402 -0.109115404818433 -0.15391210022933
-0.0460892887425221 0.0315798755406339 -0.256841306987462 -0.000339417214031134
0.00260171260734956 0.0358698701956448 -0.161525110737021 0.21860170066747
0.0124027184688845 0.0223754202608972 0.0121384011772238 0.225828060369782
0.0197607700115788 0.0145026424431913 0.0889823423351312 0.145001927752476
0.00940376586453892 0.00581540432974476 0.133499087476122 0.0814079536726779
-0.000367815871434877 0.00697556871641411 0.163411000858464 0.0550049639755484
-0.0165163937636156 0.00313790731684682 0.177568609127574 0.100415932615348
-0.0120121184484486 -0.0137177940898429 0.104282397697049 0.193213075183202
0.00218000646303136 -0.0206494965208092 -0.0483561990502331 0.242051620333098
0.0434808333265376 -0.0342550168418009 -0.155678100415021 0.235333781121773
0.0808403483350147 0.0185109766302676 -0.223305260096649 0.220602931760766
0.0678643773064338 0.100556752341052 -0.166345578281398 0.347159986174847
0.0694914556702645 0.14271513591337 -0.0265017486611883 0.209715502396439
0.0795039719118179 0.0160975972575984 0.121221736877141 -0.056898946030651
0.0309945669670526 -0.0335526477015372 -0.0916252967367265 -0.188409146647233
0.000150261127603636 -0.0193322410895491 -0.272489547515717 -0.0304511382258974
0.00715477534358005 -0.0317619135049834 -0.188438813597811 0.206411643711256
-0.0174847514037547 -0.0331220545673109 -0.00872249046640835 0.229853017856726
-0.0266838257733506 -0.0174535886704597 0.0821867755051916 0.149173781666232
-0.0388314502647855 -0.0221540876360368 0.126644233586378 0.0786064920912705
-0.0441257635093956 -0.0318512879375733 0.154397302169188 0.0387040465778456
-0.0469996300008449 -0.0691808388196455 0.181977457973937 0.0664858467400348
0.011841713592758 -0.0968246727826224 0.143822120903395 0.1567987119823
0.0801223685133319 -0.0585757742154747 0.0072101386570042 0.232247307625711
0.13921380027501 0.0191334264028295 -0.111483040118041 0.251355622474697
0.120409117581065 0.146174607045485 -0.188265873438198 0.225533868816821
0.0427633001273326 0.241678351243164 -0.146684827992849 0.306321385084307
0.0226998705503959 0.249905253439902 -0.0315959241666555 0.152039950660567
0.111966963823669 0.123410371106412 0.136396581017022 -0.0701752436500938
0.12056896822237 0.0135995425187379 -0.0558018390497771 -0.238239749618278
0.0718429809001613 -0.0611707401203751 -0.275109692381643 -0.0864867889495037
0.0256680707666813 -0.103881293909338 -0.217256988992105 0.163545976293191
-0.0411925082628294 -0.0959889465575923 -0.0448725291726915 0.211527159576097
-0.0698621201938474 -0.0539225113774659 0.0541546122158742 0.141051576886193
-0.082259862674397 -0.0471332864803614 0.100823571701505 0.0665366506668215
-0.0821914878524617 -0.0605706163991224 0.126779108634656 0.0112620678468591
-0.0804264350380285 -0.121291594974977 0.169486439826527 0.012250625383042
0.00914123744378365 -0.168934214580893 0.179807844912868 0.0877763221895819
0.124156212813456 -0.119398708063265 0.0846500364478425 0.196035773885037
0.228787387715274 0.0204412126392295 -0.0433042017635235 0.255903683751135
0.180212354311906 0.225924869271461 -0.14685827471134 0.226206222463143
0.0385058866060174 0.342819654129802 -0.119815498183353 0.231748665425606
-0.041891274142572 0.320425612636992 -0.0146362133828304 0.0579037174500739
0.109405318222072 0.233146125427059 0.156845164668682 -0.0989638610469078
0.191936745930102 0.0893409960621924 0.00300265487597877 -0.285094098442863
0.154921324561741 -0.0783507171739676 -0.243194661303122 -0.159798933345056
0.0581887148105217 -0.163472652493683 -0.229599142634691 0.0841075560241529
-0.0523932024368028 -0.153640145544555 -0.0891282846223175 0.163228876266758
-0.102380123100508 -0.087154958517314 0.00949867619555469 0.117542162169368
-0.113492395630925 -0.0644170104890489 0.0601426387472822 0.0452992794549939
-0.108366754316012 -0.0760848304454229 0.0843490176475681 -0.020232587689263
-0.106183590359445 -0.147380131763213 0.137439501966803 -0.0464283799106597
-0.00824236601570608 -0.213831703577246 0.191963529644582 0.00254354433475949
0.130715811900977 -0.174306413870874 0.152331184046506 0.133236530420532
0.282235527477224 -0.00890648264116675 0.0270474224911881 0.23582346910107
0.226736653781169 0.253054476921089 -0.111569565995977 0.212260474076424
0.0426437053895277 0.387559506317412 -0.0975202894968778 0.135552048169289
-0.103328481846649 0.334700543582013 0.0243725931072235 -0.062199966103639
0.0674823313555128 0.305183051888225 0.178515944484862 -0.138452299632568
0.21249232980351 0.16714954074302 0.0748248594374171 -0.308469536112979
0.21475194257891 -0.0617803866784631 -0.167833310138479 -0.227136460705317
0.0914211303201313 -0.188250042512111 -0.211659198561237 -0.0182865811346971
-0.0481677952934411 -0.187576050015707 -0.128826991923922 0.0867862210319707
-0.116311595551156 -0.10912831143628 -0.0443942827047641 0.0769189965631321
-0.128386427556481 -0.0719270888842793 0.0106693396702844 0.0170476860111025
-0.119363284877692 -0.0788358361973442 0.0341317222831564 -0.0496379358798405
-0.114711115622804 -0.150539105382929 0.0925465203543404 -0.0957188753882107
-0.0203859659579588 -0.223219613952685 0.179030037605128 -0.0736110794633698
0.120402361887319 -0.194659200043048 0.191194676139931 0.0631639242375928
0.285700717915504 -0.0289554771878797 0.0758244144310501 0.196818428266917
0.227663664548811 0.246791428585769 -0.0902851451301511 0.186053008135106
0.032907804498221 0.375800876277959 -0.0820698382722788 0.0324377582383181
-0.13934217932884 0.28320870374173 0.076899873548608 -0.182061774068845
0.00402104721256184 0.303213597069077 0.19859782391056 -0.175559206528807
0.171348202867507 0.203584348404033 0.138450346755011 -0.299632468351326
0.217616531091857 -0.0245403742800872 -0.0691394100744549 -0.260807611823877
0.105694989656272 -0.169082846314414 -0.165447537636714 -0.116347629562378
-0.0328389674697793 -0.183799182112466 -0.153806998773979 0.00179579258121156
-0.110261960685739 -0.112026177927407 -0.0960818378444007 0.0288892819539693
-0.122782867831499 -0.0682897177396305 -0.0389103241251823 -0.012860193468955
-0.114571275233812 -0.0728207414449828 -0.0156031454908187 -0.0769879532964282
-0.104652342378347 -0.136615541138512 0.04955028685113 -0.133244265190495
-0.0178084279977635 -0.203379693789481 0.155670092247573 -0.129994899123858
0.110054902187599 -0.176273007942901 0.206040196933526 0.0085175186399319
0.252253894813696 -0.0168119375611093 0.100479930604288 0.157757802933933
0.178461794328625 0.226685961967564 -0.0763826392498939 0.152939159698685
0.00320660277841636 0.315404991695846 -0.0656085862716247 -0.0609828191990174
-0.1362639980321 0.179817720258033 0.122301387066575 -0.276805673216408
-0.0440394348109456 0.226740539075161 0.210779106825287 -0.199950360083545
0.0984933856042426 0.174619206449701 0.177111974110175 -0.268981223384536
0.162747262315982 0.00441477818242666 0.015012588931785 -0.262068811361451
0.0882983548970559 -0.118785393258699 -0.114051008810523 -0.184042615257918
-0.016206554107797 -0.144016801344073 -0.165346705836829 -0.069247542354484
-0.0850044915769829 -0.0926124473535639 -0.137111157641323 -0.0160800386161862
-0.0981307686753441 -0.0555213540176194 -0.0807409567969557 -0.0399793616425378
-0.0950379601335096 -0.0592044646094129 -0.0545253615808134 -0.100958824931253
-0.081317146733324 -0.110468160359918 0.0174108680440305 -0.161385087612477
-0.00541118660474451 -0.163074601584175 0.136445430250874 -0.165122484654645
0.103023760678463 -0.13351510768552 0.211649898423846 -0.0225178603800907
0.197416624944782 0.0174559950154679 0.11026576178481 0.130308754153804
0.101757109738508 0.196736765679668 -0.0651042404027622 0.121771067563222
-0.0403093824997633 0.221484046329239 -0.0406298290591679 -0.133083994507089
-0.102612099507607 0.0483954159294239 0.142050583775058 -0.330883411499625
-0.0667232616811847 0.107509390208312 0.208782001021903 -0.208618476444743
0.0254657026420654 0.0994225126720209 0.185228816577054 -0.240018270301913
0.0781745627167315 0.0157432113644193 0.0580959553503931 -0.251997330104671
0.048760324233633 -0.054469649137688 -0.0853375274187529 -0.214494348260139
-0.000558649164142641 -0.0801255068060576 -0.169475050716884 -0.109510766524299
-0.0463354270568474 -0.0574314337301157 -0.161210007752837 -0.0452823975267284
-0.0596231043787001 -0.0346531453127686 -0.108329038259954 -0.0609829219785932
-0.0645345656806081 -0.0398269927402889 -0.0804691560800587 -0.119888449780295
-0.0528392299727815 -0.0748828845231614 0.000512004775684487 -0.182327233001067
0.00682715683371788 -0.110645898061845 0.128949069494282 -0.185402845316077
0.0897947610269334 -0.0820103192222194 0.218109702829052 -0.0327261077165263
0.130411942481532 0.0499988045396435 0.114011469337296 0.118261956059257
0.019940423932456 0.149701809154736 -0.0536693496674738 0.0980528379370519
-0.077670289375286 0.105974993163966 -0.00741478922184429 -0.175459197676253
0.0951928982989415 0.0052219634057986 0.0257477801560524 0.244013185850948
0.0178520367606298 -0.0727365268800526 0.112942353026213 -0.0752294920152516
-0.0583614362850783 -0.0419366031331514 -0.133527827183125 -0.142401151656556
-0.0409750563813297 0.0366512030414659 -0.265430739313182 0.0415454624315581
0.00526309026261716 0.0331945308151266 -0.129829517371966 0.25189317869766
0.0144845458561081 0.020262525993414 0.0477846573654515 0.231455007397506
0.022181867883418 0.0122101245142028 0.116169773315816 0.1373309998232
0.00937385608143863 0.00488845210587617 0.147925456936246 0.0633515373030398
-0.000107861358480386 0.00871470300199639 0.176787789122352 0.0316295235178422
-0.0176898716380302 0.0062499723915264 0.198287798742548 0.0759293049874955
-0.0162848276798628 -0.0118907263152192 0.137507721894561 0.185858628055338
2.85124399841746E-05 -0.0236126408623858 -0.0147805637546668 0.262156442281902
0.0387406456369105 -0.0421891757702956 -0.127248476852019 0.26716057040766
0.0857972010490689 0.00485824648130265 -0.200615913691944 0.258910338355502
0.0874070818605882 0.0905987168045435 -0.123876587197417 0.386113954965057
0.0968505450901191 0.136272289623191 -0.0055487886773478 0.220146613745265
0.0859618751565592 0.00624064060117479 0.115579168024719 -0.0755854178278353
0.0287639266058857 -0.0382964121389352 -0.12641333210205 -0.17992679056353
1.37912083279877E-06 -0.0213130841276532 -0.288107917939863 0.0155443259485292
0.000161612958971609 -0.0366160954109163 -0.159961040384128 0.246162163882784
-0.0242387268235153 -0.0326304242206615 0.0286787396548151 0.241346148320881
-0.0306944250355307 -0.0141371575967916 0.110103185961465 0.14405097586828
-0.0443605041405502 -0.016950562707942 0.141119210544866 0.0610972255129124
-0.0506378065172286 -0.0254370539681149 0.164661295211639 0.0164216152045475
-0.0599865544941849 -0.0625273882270215 0.196576771802623 0.0399215826213662
-0.00561191750051963 -0.0991969032631532 0.172335053590887 0.141574441390828
0.075079710440149 -0.0731414052082705 0.0402287425505962 0.243512971769011
0.14473546727496 -0.00250664098613456 -0.0800484923220487 0.275434868860981
0.145038664494833 0.129042189700502 -0.159892090816373 0.257388500225865
0.081930140965334 0.238938259589204 -0.10941256875662 0.341147881275928
0.0662016494721752 0.258115050164651 -0.0235413987165102 0.151713668297374
0.134460461211371 0.113603334657222 0.12592399095363 -0.0949371478763112
0.128661539352707 -0.00239616734611881 -0.102074878468219 -0.237846336495471
0.0683824793707691 -0.0745997110979703 -0.302048544737383 -0.0396740537959064
0.00949450569640942 -0.113817682798273 -0.197198898057158 0.210801870399512
-0.0578861595484233 -0.0940422400950606 -0.0103763206595159 0.231582898421253
-0.0803926548284764 -0.0453416163629851 0.0804473458319646 0.141363991349049
-0.0915818318801869 -0.0360149082940552 0.113279261180135 0.0523909982456045
-0.0943330373778451 -0.0485306225112187 0.131170707556624 -0.00823867095097937
-0.102181041083844 -0.110236198201883 0.174207873694039 -0.0145442443517583
-0.0195581667258837 -0.17203147242653 0.199172138510959 0.0638761001552915
0.11020786848485 -0.140875715567625 0.114385229815879 0.194973978193069
0.235989269832198 -0.0157245549395018 -0.00917481413021748 0.270609347602024
0.218341664919557 0.202092399604353 -0.114572425928198 0.251660652101856
0.0923469183483072 0.342738546654701 -0.0907707199169125 0.260954381366173
0.0108370182730524 0.344264999726413 -0.0224425042512608 0.041981287321125
0.148673570243324 0.229388511646273 0.139453285034125 -0.132012960489474
0.214459527501933 0.0666931113567078 -0.0542783084213115 -0.298599502081044
0.151894270645316 -0.103534878163521 -0.286011750924903 -0.121136569264045
0.034768286052818 -0.179682805889203 -0.226527314287311 0.133517692906004
-0.0778028015593238 -0.152211281425021 -0.0627411466348802 0.190957841068939
-0.118290884942876 -0.0752721348665273 0.0314205351111207 0.124846883340349
-0.126304209457818 -0.0487940363098523 0.0682045578797247 0.0374290724077817
-0.122591422647953 -0.0610184128090743 0.0827954854230769 -0.0338417067792203
-0.131479505127493 -0.132755382734568 0.131896907595557 -0.0691613733446112
-0.0440508503337377 -0.214499174499441 0.198475437592885 -0.0252649677793212
0.108225735428577 -0.198144210446153 0.17484066482839 0.11888717930585
0.285632543312157 -0.05533375285713 0.0600506173328066 0.238674382237015
0.270518293983788 0.223151801714755 -0.0800325491264147 0.231829233052227
0.103766200151956 0.388763632438458 -0.0819453270120163 0.157664390590475
-0.0514352525782571 0.370005202155239 0.00176330580203974 -0.0947971927476506
0.115120261860332 0.311234357585521 0.155698512003928 -0.179566243328591
0.246944656816201 0.144875519198885 0.0127314159577806 -0.33753498360459
0.217043802048447 -0.09348412199173 -0.222534409956097 -0.203507485852147
0.0675787500091012 -0.209501006836955 -0.227503485839843 0.0253575493204595
-0.0786854347556644 -0.187710762866561 -0.116470603503522 0.119647804974345
-0.13576096619673 -0.096315722830988 -0.0313597051036084 0.093123487984678
-0.141739277698859 -0.0544396032590457 0.0134745491252235 0.0160401154037359
-0.134380588523308 -0.0625280074910498 0.0259005311232565 -0.0565620607649511
-0.140198387572095 -0.13555165406037 0.0786879939294561 -0.113445647038495
-0.0568691222039035 -0.222754208659178 0.173351193509588 -0.103410575181946
0.0946609692274648 -0.216841813503231 0.204569302837244 0.0398368640385077
0.285886891188906 -0.0750536881643895 0.104347787589367 0.191763449436778
0.270076732083354 0.216561981761342 -0.0610215157962944 0.201478028264667
0.0911997046365379 0.377828383528161 -0.0800857157606069 0.0477258872976149
-0.0974151433386199 0.323975887909609 0.0415617689096672 -0.228052614476267
0.0489434300929547 0.318479956279788 0.173150958499322 -0.223660817692708
0.209097600274956 0.189330739260413 0.0816214311089436 -0.341797157166585
0.225180649724807 -0.053399524145531 -0.12688717713818 -0.258712058689024
0.0858889148664348 -0.190526951065103 -0.197291298733336 -0.0856052092461057
-0.061777305010306 -0.186696097167859 -0.157641907388015 0.035397875082762
-0.129528273501106 -0.0999860642601619 -0.0935034469100908 0.0516040323964333
-0.135480523967405 -0.0524255562198034 -0.0417979523426852 -0.00699982836803661
-0.128010263374058 -0.0562143668104256 -0.0286055286130205 -0.07712585891358
-0.126525351723009 -0.122986502910426 0.0285327329872469 -0.144971837215398
-0.0497731345081091 -0.202709792517237 0.140478099440431 -0.157521826108312
0.0866526212221592 -0.195938152239683 0.211973469345383 -0.0197485929801417
0.253552346821388 -0.0570792047888889 0.125634718260114 0.148096591889494
0.216304702397205 0.203519740517098 -0.0518273948355107 0.166929253978547
0.0518340352853777 0.320701791646133 -0.0766577301659524 -0.0519376206805636
-0.111133331957242 0.216058070004368 0.0796577314201696 -0.328950799646482
-0.0127869182440112 0.246016984982717 0.186530903107442 -0.249408911430443
0.1275353383352 0.170965019947479 0.132527704486518 -0.316531347923096
0.171889467194783 -0.015776652341588 -0.0374575548125675 -0.275547911078215
0.0757281263818013 -0.13525569171162 -0.155519516425518 -0.167043512415947
-0.0382041604347693 -0.147439378016048 -0.182094872561022 -0.0386294990570391
-0.100503911294814 -0.0832846527956748 -0.144242969710274 0.0111773387934915
-0.107838112611437 -0.042561239518073 -0.088593636318847 -0.0290872045729597
-0.10528544967008 -0.0457652080238981 -0.0729148981987308 -0.0950835754824576
-0.0986893933413589 -0.10052249669895 -0.00815109417683275 -0.169297065980046
-0.0300648114150487 -0.16427049744565 0.116215413814766 -0.19195805850625
0.0852525405209224 -0.15067952207394 0.213741818322461 -0.0535435547871312
0.202823154840696 -0.0129145502747867 0.13199521784052 0.117929536485628
0.134041656241005 0.184360975075692 -0.0450369556280695 0.134553187861463
-0.00667403986172036 0.232460087087416 -0.0618240345667275 -0.130593648054835
-0.0974987099496391 0.0721193943643943 0.0987706499359628 -0.378955058275701
-0.053287042076047 0.124570728548237 0.186359331688802 -0.255248805875962
0.0406182093047866 0.103486419859274 0.152205031891814 -0.285141583787769
0.0855467163566418 0.00849039304339409 0.0136131683274523 -0.27386279616331
0.0449089644795073 -0.0631903046867228 -0.128725174871754 -0.206247371800708
-0.0120691884841523 -0.0836195993051195 -0.194100431460978 -0.0831393710542614
-0.05582615863772 -0.0528187075992312 -0.176200716779222 -0.0170872414954202
-0.064636508833167 -0.0275851517700596 -0.120412066675417 -0.045926750693362
-0.070749400952493 -0.0304967581487048 -0.101512514599832 -0.111656936045796
-0.0638155400479161 -0.0672330642878139 -0.0286266064271334 -0.188739007834139
-0.0095320030223591 -0.112244969741702 0.105560814434936 -0.212505601316175
0.0789717308101104 -0.0960949438880708 0.219676981782007 -0.066000106190879
0.140066709989989 0.0305642478551203 0.136742611822027 0.105260254911257
0.0435169606635292 0.148484715030949 -0.0374466080647883 0.109627509236367
-0.064020544625781 0.119512863375643 -0.0332664609330058 -0.17965106674898
0.096917842363547 -0.00329564225361785 0.0469291460083103 0.245427678564315
0.0127327597202173 -0.0748672731253536 0.110179742400836 -0.0839817342163064
-0.0617721663016252 -0.0371681314476898 -0.144253529255197 -0.135203850064939
-0.0367926019613452 0.0404197053612941 -0.265768983682918 0.0615248485953882
0.00766681077291872 0.0322565383443646 -0.110190154724387 0.263325912923854
0.0166127871436888 0.0194823702216451 0.0668707631263135 0.230605087433597
0.0236559248318364 0.00947680623624881 0.126571185118184 0.13127172285919
0.00945716359701096 0.00395777709988348 0.152777755950212 0.05283787639215
-0.000309716928291444 0.00770444172851594 0.179075995308018 0.0178379749652668
-0.0176206846982235 0.00767406142167565 0.204428473463806 0.0597273270105767
-0.0171330790560191 -0.010023655994944 0.153195228121994 0.177240722135806
-0.000623463568552324 -0.024280234158544 0.00484004460373742 0.267455290823994
0.0352634855130625 -0.0454214576069037 -0.108585884799396 0.278125467265819
0.0854068629404962 -0.0014698135920565 -0.185210792672476 0.274296564559823
0.095027719060005 0.0844215461983505 -0.0953565764717008 0.398361164579526
0.109938023121987 0.128888576423615 0.0131603015908682 0.224500936320233
0.0864670463774569 -0.00148027907239009 0.113085755366367 -0.0830827542124414
0.0258268935943886 -0.0407585631183086 -0.140326741227374 -0.173234976134329
-0.000808775360730284 -0.0206970369091541 -0.290579031940322 0.0365126376684363
-0.00273084712658605 -0.0380529458649692 -0.1423004405144 0.260417215724525
-0.0272996191843455 -0.030516603314987 0.0481055918702575 0.240855579689637
-0.031035170718816 -0.0120875370835055 0.120765322131103 0.137204725479334
-0.045350727566063 -0.0137787395938607 0.144887629170532 0.0505870343430859
-0.0538596114624083 -0.0224613064844185 0.164308666238709 0.00350278024232766
-0.0659604017495134 -0.0575820033679864 0.19976429445691 0.0228073993961324
-0.0139755363715075 -0.0991906331507337 0.184711980550751 0.128340172893726
0.0699879390021932 -0.0797865700407952 0.0588528738542656 0.244979657659154
0.14442276577054 -0.0138150674613429 -0.0596586532992329 0.284826180061251
0.155452209804443 0.118193095998182 -0.144046558162865 0.271406031296735
0.101225965972208 0.234401590401712 -0.0833470234402591 0.352026429588757
0.0888958627779478 0.254459801065438 -0.0110845377771825 0.157349902925169
0.144571964945014 0.103042245728317 0.122122119615786 -0.102519926307459
0.128304562918143 -0.0123897280145856 -0.120365996197588 -0.233268989237293
0.0630984765312986 -0.0793406983130531 -0.308627142932966 -0.0192738093763139
-0.000188187288040893 -0.115314226389004 -0.18261836129659 0.226939880774374
-0.0668817331655165 -0.0892851741638497 0.00855759074824882 0.233356096538171
-0.0832300222700455 -0.0390361026089126 0.0918777617210203 0.13568110847035
-0.0945913034438365 -0.0285749029738385 0.116629826305892 0.0437868574655302
-0.0987251776958499 -0.0420380750476099 0.129244394382176 -0.0186698573997413
-0.112722013571504 -0.101873852368238 0.172967819908361 -0.0294002622481927
-0.034754463906275 -0.170748811916106 0.204332688900358 0.0467219676937018
0.0997681505126062 -0.150459286919187 0.13083391219068 0.190047259836617
0.235705230065998 -0.0349302053440037 0.0110240724962176 0.275374486477646
0.236203858299203 0.185586412646117 -0.0986547698656796 0.262441481920201
0.120695826722728 0.338512243926114 -0.0715227815518538 0.270338710122378
0.0397429993720166 0.345107100243738 -0.0186977140572535 0.0468419716725099
0.1672419710488 0.218398713832074 0.132906410789558 -0.140601910739929
0.220304932971073 0.0502510679167499 -0.0775110205717335 -0.29776825525233
0.145435386558023 -0.115223239177591 -0.297731730096094 -0.102903314084189
0.0197887615776866 -0.183601122466905 -0.218322982614635 0.151903874598127
-0.0922477491037704 -0.14555457906057 -0.0480593311164319 0.196707651836938
-0.124164125695836 -0.0657878435720209 0.0402159192963827 0.122488807077124
-0.129550602051719 -0.0390353764361863 0.0701556030704453 0.0310623591326335
-0.128670311523941 -0.0513395739205555 0.0777183709809789 -0.0403098962295805
-0.144307455741867 -0.122814952876036 0.125224748655013 -0.0811120612750972
-0.0632718638262709 -0.211916168489308 0.196917767879224 -0.044305177926766
0.0929888551853543 -0.207278459036944 0.185449427847054 0.108175410897623
0.28196562487572 -0.0786837213823711 0.0787335895280958 0.239043441838882
0.290613377637025 0.201187845127293 -0.0642500692884724 0.241280357767029
0.135999307369545 0.384031816187537 -0.0693490955083501 0.166472181814337
-0.0211268444102497 0.37690834619866 -0.00538342888008091 -0.0926422689956097
0.140303082841001 0.30297297649105 0.14527366421016 -0.188997662203943
0.259678115030034 0.127434730936977 -0.012041554267222 -0.343009782713025
0.210567140390594 -0.111376107385619 -0.239725726061922 -0.190882251623504
0.0496830412986647 -0.215939042681535 -0.229010428157041 0.0416276001632435
-0.0957297008459405 -0.181719305781989 -0.107491859864467 0.130259002871269
-0.144420024077567 -0.0843382715236535 -0.0242042803364092 0.0956338297206794
-0.145549977649812 -0.042610327590505 0.0139671621076018 0.0147301236271852
-0.140373165796843 -0.0516367638985032 0.0197415787577072 -0.0593125504218283
-0.152546778719227 -0.124080612637786 0.0681635711743262 -0.12094717596626
-0.0775602965803312 -0.218929643402609 0.164964281434102 -0.120754209466928
0.0771526215092256 -0.224554167005756 0.208661416320352 0.0257475105210242
0.280531347506698 -0.0991866000527371 0.120645663704802 0.18859194825253
0.290307635585891 0.195283404309193 -0.0469341951142627 0.209876209981862
0.124003982179534 0.373998425881726 -0.0766348995324265 0.056170704064472
-0.0717957630020895 0.333560123591523 0.0243640627317217 -0.230564902614993
0.0748784739947186 0.316473817965217 0.160021414556314 -0.234953719614927
0.224198469759292 0.174770502988111 0.0570385247232221 -0.351284622066185
0.222988949151732 -0.0720537860505004 -0.148013758820308 -0.253765783437457
0.0699858011050704 -0.198328885251231 -0.207156578430519 -0.0721118564847661
-0.0794656103219072 -0.182172916243408 -0.156583323833614 0.0484518773626794
-0.138375528399891 -0.0888139298405378 -0.0900598204892469 0.0590078079522057
-0.138655982974916 -0.0414244995625971 -0.0434228445235645 -0.00374374032631668
-0.132957208658676 -0.0461375687764428 -0.0361316627787947 -0.0749049441988289
-0.137698127390688 -0.112984195753726 0.0162965713265428 -0.149068404171451
-0.0680628452408557 -0.199469192936472 0.127561044245229 -0.173234125351416
0.0718584947655435 -0.20282450794604 0.211597809196466 -0.0352327367509242
0.248339185353182 -0.0774187501570332 0.138176434008265 0.142293074166563
0.235362185727184 0.185989844982414 -0.0393842845138874 0.174207496917508
0.0783787142020685 0.318689448288236 -0.0811415998663081 -0.0451025156487891
-0.0939114297014723 0.226242174122358 0.0546827202339312 -0.336097107552948
0.0067596545265141 0.248384560579401 0.171096533874326 -0.263754274635029
0.141214669276338 0.162364545951786 0.10939417088177 -0.328659518363257
0.171950025095623 -0.0293922689171767 -0.0593261656784093 -0.277469792008998
0.0651502405728912 -0.141802124209036 -0.172065967242125 -0.157293709512568
-0.052226352542388 -0.144540759972464 -0.187600060774211 -0.0246178502461104
-0.107607729698992 -0.0753098542481806 -0.144314875542224 0.0230200355692166
-0.110463432970908 -0.0346804447093203 -0.0917475510686904 -0.021992376062168
-0.10874054321154 -0.0368035870483329 -0.0817700109656852 -0.0902838734344333
-0.107769044472906 -0.0925757444534547 -0.022090024995472 -0.170218320449305
-0.0447625000025203 -0.162658175939031 0.100621821873043 -0.205320322348946
0.0742326551298053 -0.157568093791884 0.210370546829083 -0.0693430322848978
0.2016189680702 -0.0287966480323058 0.142884666793774 0.111460011214432
0.149800381059303 0.173541452364744 -0.0353309930915822 0.140908742069309
0.0114635392568569 0.233844542779601 -0.0721931374195742 -0.125563459659214
-0.0910630074298183 0.0799718821379813 0.0705161333344255 -0.388950791027538
-0.0430647878979944 0.128899582407365 0.17025452073673 -0.269895265253474
0.0481143505665804 0.100614503164003 0.131585300242415 -0.298143395019456
0.0874823419993237 0.00202405196250761 -0.00735161558582324 -0.278725038129856
0.0397988970867241 -0.0667342178751941 -0.148699535953321 -0.198398170721209
-0.0206254237716623 -0.0827380303433094 -0.20313659526032 -0.0675208206900574
-0.0603107204203639 -0.048166737761685 -0.178554704768498 -0.00276443129993938
-0.066120337214363 -0.0226147173802918 -0.124778978302993 -0.0368117270619967
-0.0725100861384213 -0.0241359714561142 -0.110859658636914 -0.104161945462238
-0.0690937218567389 -0.0628768552473854 -0.043474374263868 -0.187807453401615
-0.0191092244741927 -0.112758468392448 0.0891669427002935 -0.223872236202101
0.0725327502272456 -0.102484182760114 0.216184735991588 -0.0829717153900155
0.142355747000892 0.0205646670172467 0.144922621649949 0.097532230281544
0.0555294403866585 0.145729168588039 -0.0295682189042233 0.114735558189191
-0.0552880719170872 0.124918613638664 -0.0476696191500589 -0.177777912688237
0.0933960327328302 -0.0112649936575231 0.0634210899676649 0.232941003173281
0.00668540669308579 -0.0738692623194634 0.102740718664407 -0.0882041472387872
-0.0612233413787027 -0.0311403081633969 -0.146976350970137 -0.121371427287009
-0.0315794966648739 0.0409976734189445 -0.253177391293749 0.0770042380121323
0.00944716353740149 0.0295153145666887 -0.0881456412449162 0.259567359937919
0.0172525564043746 0.0178716478264987 0.0800391628523515 0.215611878312077
0.0238368248355901 0.00691680604819231 0.130652420159675 0.118752449369415
0.00874870216222394 0.00320081775350575 0.149364586672273 0.0402153570920774
-0.00083124388969474 0.00767921076943728 0.171872791171355 0.00444585837711921
-0.016856801826098 0.00841404681494951 0.199287295096493 0.0424939176197105
-0.0171857417303097 -0.00870267067290434 0.159034580902449 0.159766066615299
-0.00212342491521613 -0.0237456309812425 0.0230484614889993 0.257849273186532
0.0302577590963463 -0.0449511590560488 -0.0862808861947438 0.273046828146006
0.0803746872720267 -0.00694190939863836 -0.1626461198388 0.275693575586557
0.0971279556169724 0.0737924760434761 -0.0651105955257704 0.387345900680653
0.114300408937064 0.114795223574065 0.03089974612262 0.216819330261021
0.0829759773412474 -0.0081906073226649 0.105873104438196 -0.0864999741943387
0.0215667108394201 -0.0398567305129486 -0.144767693312897 -0.158274019772112
-0.00120056722641257 -0.0193438473525174 -0.277859013664247 0.0537580775766079
-0.00563393892751987 -0.0363585733023945 -0.117510078916309 0.258306768069941
-0.0283431816960816 -0.0267509602462878 0.0634166679773667 0.227863622553173
-0.0299536272007222 -0.00996757168213199 0.124188518541146 0.124159358634691
-0.0445990192486034 -0.0104086843324378 0.141277247992642 0.0391170095061962
-0.0542754148155033 -0.0176531596639994 0.1566557996 -0.00813720115109835
-0.067987758390063 -0.0502360487437177 0.191769400627135 0.00756081797057162
-0.0211749892905595 -0.0938097293780697 0.185637543626119 0.11004030050506
0.0625897367843342 -0.0814119160770288 0.073178456250704 0.233352123961891
0.13696153213517 -0.0233286668465462 -0.0388948338927863 0.276973513308943
0.155597935334575 0.102340267806807 -0.122793696400196 0.269744883309897
0.114041678310731 0.21786115012016 -0.0564167474703385 0.34419479655901
0.104005437886556 0.235935772991083 0.00236377078635398 0.154088018636582
0.145237248192029 0.0876202502261238 0.11353380454139 -0.104813092117095
0.121658545875084 -0.0206920495310381 -0.130132592928149 -0.217531036756481
0.0555939170148197 -0.0795069197221953 -0.298515504456654 0.000987018548536279
-0.00894621855615414 -0.110785722742938 -0.160131784509936 0.229583033072103
-0.0703466675983943 -0.0803341587332884 0.024315953497057 0.222830164443718
-0.0821120515335517 -0.0313355844617116 0.0959712465034757 0.123742056227628
-0.0921410735165788 -0.0209635862866838 0.113093289679081 0.0338818518644636
-0.0986120337146554 -0.0333521179344668 0.120448180033272 -0.0262505908192127
-0.116121672135457 -0.089062106652189 0.161722317192858 -0.0411394639237535
-0.0466272842416575 -0.160326591148611 0.198209229965869 0.029342358052591
0.0851273069754397 -0.151583145470314 0.138286717116852 0.175171534577222
0.223032565399017 -0.0499709205741085 0.0290367572384854 0.264743263080234
0.239044143719809 0.160435363067175 -0.0793201100764425 0.259856344539385
0.139403955671123 0.316775777445945 -0.049602368255689 0.264593971861367
0.0638355565349943 0.327744506856449 -0.0129798413110378 0.0479566748756282
0.175241526735253 0.19664794868931 0.121996183445013 -0.140850923904017
0.2137295366624 0.0327902030695941 -0.0931141425438228 -0.282535913321887
0.131562335622108 -0.119944170884076 -0.293629124119629 -0.0805406529206785
0.00507225946139962 -0.176824904125163 -0.199989484327006 0.159142048832635
-0.099699176819186 -0.131748355353649 -0.0324717279709307 0.19181491672415
-0.123383780949802 -0.0541617900286354 0.0468922425595062 0.114615027801779
-0.126064139598377 -0.0277725812359297 0.0682143425963929 0.025288583001018
-0.127599286002842 -0.0400453768885054 0.0701038577276324 -0.0434053067059521
-0.147691776065666 -0.106748192479428 0.111888344387869 -0.0870869879685343
-0.0773744172350989 -0.196709416879035 0.184042321800553 -0.0581690672181539
0.0744527922008524 -0.204353573795869 0.185447610423693 0.0931491608290011
0.263407054142165 -0.0956300278619607 0.0917829950862921 0.226452539580109
0.292230957042996 0.171880858317247 -0.0479629943327812 0.237535140442872
0.157356310385882 0.359518642553033 -0.0546173151455609 0.164914746372556
0.00728905002851061 0.362617303061311 -0.0105148914680372 -0.0867105844699315
0.155692762222441 0.279876842360741 0.130382688122048 -0.187820821290101
0.256385622189463 0.104463161491765 -0.0338892413148134 -0.329686647455755
0.194257540320701 -0.121010492739559 -0.244069086048863 -0.169880628887094
0.031791991897356 -0.210183151474371 -0.218001582450096 0.0544400802105528
-0.106050464357971 -0.165426378168258 -0.0947572405169066 0.132208426271171
-0.143799748087215 -0.0706180446306994 -0.0164027682579587 0.0927523313087355
-0.141180945727175 -0.0305913411695347 0.0133067283837074 0.0137433132872337
-0.13790951565813 -0.0392926269303042 0.0130303886544563 -0.0568501389919986
-0.155796184159461 -0.107249758190968 0.0556499197609501 -0.120606254122222
-0.0914058076478986 -0.20273977894889 0.147637391743534 -0.130348441847244
0.0581531520689156 -0.220210784537867 0.202060189333633 0.0131786749390439
0.260218606627467 -0.114132524743004 0.129246111850592 0.17475165883266
0.291488211660511 0.164343917624072 -0.0317421408314388 0.206615269448356
0.144364700233086 0.350607264568432 -0.0685813012960225 0.0594289261451078
-0.0446913707728303 0.32417640504751 0.00789301356656818 -0.220948459349311
0.0936676242215931 0.298202448562433 0.13942221881743 -0.233523793561675
0.225957433396053 0.152206300526022 0.031388896621803 -0.341308480907966
0.208661804536425 -0.0848051867916346 -0.159186199073706 -0.235916585509858
0.0532049746013422 -0.194746084232389 -0.206313040834262 -0.0565693664055678
-0.0906188254575146 -0.167210607117458 -0.14759423609453 0.0575426801315801
-0.138450697687541 -0.0742162390371175 -0.0819728988484042 0.0626689847714152
-0.134423019930195 -0.0293479843011488 -0.0426063950930726 -0.000478977128257391
-0.130289048505146 -0.0339741448684004 -0.0413478115061346 -0.0687531679299033
-0.140396255694995 -0.098048429283028 0.00360969935725594 -0.143967371538224
-0.0815036525338795 -0.185339582291904 0.108125336689772 -0.176610950528765
0.0546290525043371 -0.198940228968423 0.20033014964187 -0.047096606538296
0.231546097705222 -0.0906703243846904 0.142873744523227 0.129263360706542
0.238450978620018 0.160608000439837 -0.0267001440815839 0.172490072256702
0.0972333673610534 0.30005089991057 -0.0800145644901217 -0.036849237159263
-0.0732154604696185 0.222971819328461 0.0298980928056688 -0.324872181679492
0.0239792008611877 0.237763135839387 0.147924669998094 -0.261988721713467
0.145796530759472 0.146567654178449 0.0828763996048015 -0.322711921002458
0.16361419179838 -0.0393068928463719 -0.0747056212618589 -0.264608013775709
0.0522509902131486 -0.140602292559278 -0.177836490430402 -0.139520066000024
-0.0623884345397566 -0.133945787805851 -0.182202373328678 -0.00939223773051335
-0.108903128425988 -0.0638729396718718 -0.136415400644404 0.0321900814027115
-0.107107670560308 -0.0248083028103265 -0.0900123591010245 -0.0141399578381065
-0.105742247369043 -0.0267068102437323 -0.0854062927245835 -0.0797886806118692
-0.109692982812287 -0.0806926095057822 -0.0336492114488725 -0.161788254757013
-0.0555629948742431 -0.152327840411603 0.0803848419478739 -0.205185101569624
0.0602237778888789 -0.155748905149334 0.197302705070075 -0.0805546559326806
0.189762988942573 -0.0403207467789503 0.14480390129164 0.0996909512918981
0.156453864123259 0.154984556944567 -0.0238751233673424 0.139520096862851
0.0267797504741289 0.222709732102873 -0.0777081032877362 -0.114976143878441
-0.0805200911786252 0.0834677000041146 0.0401898793349982 -0.377633283078863
-0.0317213730186704 0.126455801305346 0.146604519985592 -0.269371934840725
0.0524146858341638 0.0930720593007873 0.107105573818402 -0.294313949606298
0.0840020678808635 -0.00413925904974579 -0.0258050280965213 -0.269184145898828
0.0340700815386719 -0.0663601145817823 -0.157972636278476 -0.181078090815006
-0.026779673224327 -0.0772307426377556 -0.200917771120157 -0.0510639814351486
-0.0607080376711249 -0.0411449810570283 -0.170419486061195 0.0104420492157294
-0.0641393927293002 -0.0167486106937929 -0.122257175797379 -0.0262688916325048
-0.0702086798836124 -0.0165861493446388 -0.114115578026451 -0.0918392832206572
-0.0706151304449252 -0.0543510968781851 -0.0550447656784136 -0.177482905220708
-0.0269402218515264 -0.106113673642907 0.0690078581035399 -0.222091734171993
0.062768628321692 -0.102965163625817 0.201657088884454 -0.0937564693653807
0.137018653423238 0.0106711746220552 0.145937568725946 0.0854070438114061
0.0633659445087832 0.135274028378876 -0.0207580675457454 0.113356717263231
-0.044339962364472 0.121958955717597 -0.059141008641462 -0.166764907413326
0.0874103381563238 -0.0139145140938633 0.0686931724956759 0.217813446933887
0.00344710490136258 -0.0696054736673538 0.0968392721271321 -0.0864276441749811
-0.0578412416963033 -0.0271367860186607 -0.140267718160109 -0.111412328774619
-0.0270066348183108 0.0385328239356179 -0.23699186645396 0.0786576488897578
0.0098094679957893 0.0274155038394758 -0.0754009111661075 0.245023405060253
0.0170983706734678 0.0165550166468344 0.0817340805719899 0.199659782750196
0.0216658604040263 0.00464934256327175 0.125517034906333 0.109281194203619
0.00784180393785718 0.0023681686970388 0.140867057116107 0.0340879591191653
-0.0012418182856319 0.00689616323479643 0.160683375095132 -0.000203726076963007
-0.0157697907391865 0.00776498245840629 0.188008198455799 0.0332807435679434
-0.0157309773667325 -0.00795208593899122 0.153950666662313 0.145647886824616
-0.00205433763287444 -0.0227769594397163 0.0290868080146 0.24301882515254
0.0270644041464191 -0.0425108782836273 -0.0759310042843597 0.257338587423968
0.0740792206913431 -0.0082320955547015 -0.147452455790191 0.26089436055591
0.0928593633871272 0.0667741151920715 -0.051463337941228 0.364307077820987
0.111078572892833 0.102803125195786 0.0374804693707425 0.203100525210292
0.0767354475562525 -0.0111708283192069 0.0999911981131742 -0.0837848350842988
0.0189072665329031 -0.0380805031024149 -0.139106815366037 -0.146771173306736
-0.000621142751367034 -0.0180504114053602 -0.260619893056003 0.0569020315906294
-0.00644835577472576 -0.0343490001784302 -0.103189810838357 0.245533424626603
-0.0272252788305713 -0.0235543601595733 0.0657168391101368 0.211105853178316
-0.0281260741559966 -0.0091794056232498 0.119751056311452 0.113938282166557
-0.0421789217103271 -0.0083439018663008 0.132901288451329 0.0333193272938005
-0.0521972608298947 -0.0145121207491056 0.145092437728992 -0.011135775688591
-0.0660573502105365 -0.0448179484247303 0.178050836575374 0.00103121178574747
-0.0225535290404248 -0.0864347999349016 0.176457173701414 0.0966157115763895
0.0563452084103764 -0.0786420248135948 0.0751747562779748 0.218022823187674
0.127373185320436 -0.0250027240105038 -0.0307085188364534 0.260829082932534
0.148119756106917 0.0916856278453113 -0.110737267419206 0.25627688144209
0.112606228305147 0.201599163880296 -0.0438420997744955 0.324129889371085
0.104993506745506 0.216426960330968 0.00887343545810614 0.146343806163736
0.138174821303219 0.0774496423779285 0.107101970712507 -0.100375425348262
0.113152520017475 -0.0223379295563879 -0.126970309531705 -0.203003838467445
0.0506167091537484 -0.0759599318094689 -0.281138241983797 0.00738434005663602
-0.0121118308195474 -0.103420014459766 -0.144465434522441 0.219020860978845
-0.0690605599056721 -0.0719604494641873 0.0287238204535059 0.208010230361487
-0.0772807583107131 -0.0268180750058346 0.093735466914289 0.113544987871754
-0.0861776932246225 -0.0169904554434974 0.106093693213868 0.0296806166005572
-0.0946962266406064 -0.0284779295757406 0.110476126149464 -0.027197772074078
-0.112287403345875 -0.0794007367918026 0.148333968941519 -0.0436011813907549
-0.0493345081875556 -0.148368724337355 0.185789118903829 0.0200180945713663
0.0757509098491437 -0.144331137308427 0.135069067603082 0.163116287637157
0.206214975172059 -0.0527005809680883 0.0339049099492946 0.248794670343651
0.226819525746314 0.142981752195626 -0.0692178514621969 0.246707408300873
0.139707875221273 0.293633573602966 -0.0384240696900896 0.249690545632281
0.0699138693629978 0.303407611074531 -0.00890091640817626 0.0485324728564449
0.168881643993498 0.177990719359098 0.113817820263174 -0.13325513536843
0.199831918380011 0.0253358214966157 -0.0944062676914119 -0.264434073143779
0.11999941268565 -0.116245791520676 -0.278479680876989 -0.0689066805672078
-0.00102650706175011 -0.166115632438099 -0.184110308125399 0.154674963876729
-0.0979400535289607 -0.119042854063491 -0.024218394894501 0.180514469046766
-0.116462862969121 -0.0463161519119794 0.0470383195865912 0.104978807645341
-0.117918871733595 -0.0223797788770914 0.0638356108014931 0.0225062892201452
-0.121141770331588 -0.0333592712238171 0.0626189345032673 -0.0415653548073807
-0.142323534898005 -0.0949576494448553 0.101256711234576 -0.084709621776784
-0.0796481119078572 -0.181515396552168 0.168351102699341 -0.0617333254072694
0.0639248858536222 -0.19374237803716 0.176718730131978 0.0847392669717366
0.242881954544004 -0.0961986877561351 0.0928155358945665 0.212878019774512
0.278125967156014 0.15181649453657 -0.0388384015117672 0.225529183714933
0.158002981667323 0.33288010677205 -0.0460970573909532 0.156666767342274
0.0176394275626004 0.337881868566752 -0.0105605298040555 -0.0784353768956518
0.153147170197125 0.25734490376567 0.119843675989161 -0.176074116109673
0.242457637557804 0.091138605668606 -0.0402152058579026 -0.308823631937729
0.179417985914458 -0.118413638567506 -0.233379201615489 -0.154284392365569
0.0227160837762107 -0.197496059001281 -0.204776334258209 0.056853982795071
-0.10576121412138 -0.150311511509208 -0.0853304369389329 0.126863473214351
-0.136540875097566 -0.0609048032271567 -0.0128071653915699 0.0873446103652764
-0.131794226892595 -0.0243146314214638 0.0120166412873554 0.0128087491881887
-0.129901778899807 -0.032090505100342 0.00920314970171488 -0.0527949337669586
-0.149398061615821 -0.0956970263013767 0.0470666590303054 -0.115004823949152
-0.0936293960532554 -0.185881970404955 0.132205455205819 -0.127913688681944
0.0476869736431565 -0.207014553887139 0.189859927597458 0.00751851837403893
0.238483248964019 -0.114375722347357 0.126740076536067 0.163177821642453
0.278095976961159 0.144785371001899 -0.0237380285392918 0.196904260302881
0.145828802815819 0.324357909757139 -0.0615660799000607 0.0576673340628018
-0.0315055182566467 0.303552464912732 0.0022871127969126 -0.205093675858843
0.0967962396597737 0.275711842984435 0.127416653856569 -0.219220888608874
0.214843932229321 0.137434616331859 0.0221141948577009 -0.321080026317513
0.193400048203038 -0.084968901626706 -0.156142918490688 -0.21887542362483
0.0434296478831036 -0.184313142069534 -0.197011236324005 -0.047495021551986
-0.0918197178101828 -0.152878012892967 -0.137475940213615 0.0588019681256523
-0.131892257831221 -0.0655512137620629 -0.0748881340348324 0.0609344353135731
-0.12565690653885 -0.0234331587453324 -0.0399526885952091 0.00158474034979877
-0.121642156016364 -0.0281044764014401 -0.0413389159262701 -0.0622330385916307
-0.135443166626487 -0.0875174484751818 -0.00131611277912829 -0.1345974783015
-0.0830228572508771 -0.170615874615868 0.0940149661931762 -0.171170688994998
0.045223758709052 -0.187833020476521 0.186708734389143 -0.0485350215163522
0.212420199224241 -0.0905311319810016 0.13850723795941 0.120266503441696
0.228218824026982 0.142599816008226 -0.0198588793340861 0.164353901803792
0.0989200376684997 0.278804241735698 -0.0752084803437925 -0.0322425600606984
-0.0618000170830045 0.210478030215148 0.0194413271089277 -0.303219152953192
0.0296413035833081 0.221573004329221 0.134187350283885 -0.24706761918267
0.140079679167682 0.134195335356757 0.0702197065959453 -0.304533031429078
0.152369463046932 -0.0419488512013454 -0.0772208632568441 -0.247603797191594
0.0448804615997628 -0.133263564806173 -0.172748293731483 -0.126362213682256
-0.0637953858709447 -0.122409029936876 -0.172835719788448 -0.00297523581379172
-0.103627472674895 -0.0562687219552693 -0.126782524804597 0.0339236702207871
-0.099400668799315 -0.0208407898697018 -0.0848349805877246 -0.0108603512840342
-0.0989841940349383 -0.0211805043176829 -0.0829441099568434 -0.0717867725346805
-0.106136399813391 -0.0721959665550608 -0.0365869375204853 -0.150873523113044
-0.0579392137707844 -0.14035001446802 0.0683790000423322 -0.196207296792048
0.0527024101434515 -0.147504370904404 0.182999055292342 -0.0795056103428982
0.175295179244264 -0.0422294300238884 0.138973343560651 0.0918265537192546
0.150515009293885 0.140112510460007 -0.0179880588375069 0.13289554044514
0.0308298551370336 0.207755654557096 -0.0757307438901468 -0.105223725028005
-0.0724344099451995 0.0793956055878791 0.0289022037317341 -0.354346459440923
-0.0256622829907163 0.118794854045783 0.132027336005176 -0.255668938994018
0.0511679217385992 0.0863514155960249 0.0932113266839787 -0.277846441140361
0.0789728366026177 -0.00629443877589996 -0.0302204240458091 -0.253043711139046
0.0304415124070188 -0.0627900233265628 -0.154954674931487 -0.166039272070514
-0.0291324400465329 -0.0705854024425378 -0.190963362347674 -0.0408357261313191
-0.058531066782302 -0.0371632388181826 -0.159798491142815 0.0150812569848301
-0.0594841017932616 -0.01394166779007 -0.115631229745726 -0.0211015951824829
-0.0647570814197392 -0.0138218610497528 -0.109833810807025 -0.08197811148374
-0.0675326899950361 -0.0492299287540852 -0.0568188745534238 -0.164730712648223
-0.0293345779965358 -0.0987051276549848 0.0572445087178315 -0.210854472467673
0.055727426837029 -0.0979309102872682 0.187077891446949 -0.0922791330100742
0.127978021026952 0.00734536818073253 0.139265973888953 0.0788566888840379
0.06342320097432 0.124004891465259 -0.0157353222603775 0.107860485581826
-0.0395711598528728 0.115675565667419 -0.0600196528760763 -0.154073454433304
0.082384962967455 -0.0131914275337088 0.0653976135939035 0.2088913069701
0.00426768998691452 -0.0663659724159011 0.0957546946157356 -0.0818133870770049
-0.0546054991845559 -0.0264009830478615 -0.132171251489697 -0.11007720582764
-0.0257390442303162 0.0363006333114607 -0.229672391131466 0.0722569036624174
0.00883547318108082 0.0257006289566876 -0.0752971856423203 0.232580591983654
0.016688028487507 0.0165410748287641 0.0760224393014047 0.19147118482835
0.0203815037037696 0.00427454953199949 0.119350045619739 0.107006585372617
0.00738402686745567 0.00209725529236832 0.134128510495823 0.0353348467892739
-0.0014077295282576 0.00657634555550666 0.152918403943485 0.00268429386116141
-0.015555180257746 0.00782896933317693 0.177320686928659 0.0343416593526925
-0.0145855096615875 -0.00764257797915214 0.144884531337706 0.141632522505763
-0.00173514607746104 -0.0225819643940237 0.0248666391756075 0.233505983988916
0.0261114394166755 -0.0395068558561957 -0.0765814254761365 0.242794710569777
0.0697699784050937 -0.00518845237285276 -0.147462716487124 0.246731928255684
0.0878752999378413 0.064389194220579 -0.0545958916678102 0.346249589246876
0.104786730094512 0.0980914519731626 0.0356913104717269 0.195361970401426
0.0724437661089818 -0.010061128159509 0.0995083891278793 -0.0789016034772683
0.018334784575535 -0.0355110121246904 -0.130608408880235 -0.143365496575033
0.000547767508013373 -0.017614576215522 -0.250975901444996 0.0499680725739431
-0.0061777709413436 -0.0327184786554122 -0.101865763491396 0.231790272501925
-0.0257592230668306 -0.0219105554218887 0.0607527260818217 0.201648917169528
-0.0267086300464903 -0.00940664615252622 0.11277259809258 0.110812864355599
-0.0402231803647703 -0.0088510561607477 0.126167511735774 0.033870732252964
-0.050296527640427 -0.0139707909141902 0.138203576141398 -0.00832783703384838
-0.0633382558901292 -0.0432927715344929 0.168751886879885 0.00292610760132854
-0.0206039111777621 -0.0826058228348932 0.166156569117744 0.094693928130167
0.0551483039930655 -0.0748888844449948 0.0700139881329458 0.210654162563985
0.120915027475394 -0.0219461988755694 -0.0333499450232375 0.24863036386186
0.139219152258848 0.0900673692234907 -0.111777095021097 0.243056498206351
0.104732759588198 0.194194943902087 -0.0461997249147961 0.308206153580871
0.0978247301579156 0.206450810646164 0.00965963001967443 0.141506281637918
0.130080327492663 0.0747973828810756 0.107392455260296 -0.0931783169061967
0.107069929494323 -0.0196008334192008 -0.118020317108223 -0.19734809811745
0.0499998404614267 -0.0719196787164533 -0.269880472359783 0.00251149244122976
-0.0111743573923747 -0.0988921963516613 -0.140933810224408 0.205777621968556
-0.0655160244283368 -0.0681234362731989 0.0252249214822482 0.198008248203238
-0.0731211606229669 -0.0271511615674807 0.08742466805183 0.10930674466712
-0.0818294993956933 -0.0177701214440087 0.100098695101446 0.0297734997944275
-0.0900826770209884 -0.0276463916845569 0.104796859919226 -0.023284738244326
-0.106525534904149 -0.0763390179303051 0.141350784458623 -0.0395740332260969
-0.0461794224436114 -0.140861703337791 0.175033831604502 0.0203192251578635
0.0740991743054024 -0.1372641574995 0.127577892883125 0.159046733459315
0.196924963177383 -0.0474053277862103 0.0284045785552391 0.238641171029868
0.214146358244978 0.13853007679255 -0.0714866364206363 0.234714808640295
0.130100914365993 0.282822475116292 -0.0393677287179644 0.237613764025628
0.0631284102361129 0.288638948193227 -0.00601113171542475 0.0475711884560115
0.15877467489439 0.171337045603777 0.114036600924589 -0.123522121733726
0.190270665837125 0.0272957701946592 -0.0846477971360261 -0.254725935957958
0.116187500571158 -0.108984657537095 -0.264991161319439 -0.0712817374958459
0.000284192038495465 -0.158006685687372 -0.178566019531742 0.144518749036488
-0.0932332895619611 -0.113059737134464 -0.0267251096588631 0.171924674536163
-0.110700410419986 -0.0455419322420636 0.0431704027357809 0.100543222510863
-0.111510845069036 -0.0227620314317905 0.0599442200170455 0.0223302464188323
-0.115243188863747 -0.0328554161738544 0.0588553999266428 -0.0379037050052797
-0.136297086115046 -0.0911472138363456 0.0962453521772783 -0.0797793812599606
-0.0756722399330892 -0.172318882538398 0.1592401229805 -0.058459293082678
0.0628751334482216 -0.183978865310718 0.168361381980394 0.0846197342548348
0.230931966700472 -0.089614224027055 0.0858782060749767 0.205401400731456
0.26307138579303 0.146751284172543 -0.0405255057853742 0.216399748592126
0.14699942809978 0.320123966535366 -0.0441500007794577 0.1481817753348
0.0134144770813594 0.320659325126887 -0.0071507204109344 -0.0730054034997078
0.143059347427071 0.246415365977069 0.120250289968228 -0.163965810666002
0.22917681128402 0.0906672364290853 -0.0330695386247228 -0.296544411524245
0.172745609696435 -0.111343848308171 -0.221599525736072 -0.152468542920694
0.022565236505653 -0.187850133809002 -0.197861021716864 0.0515332450560397
-0.101076696752395 -0.142527695906843 -0.0833402445196599 0.120948405803343
-0.129378354935401 -0.058772441324773 -0.0133417628503405 0.0826015132187035
-0.124575573650281 -0.0248449707216713 0.0111151144989647 0.0125785468871545
-0.123232678383865 -0.0316206196005425 0.00853952471618647 -0.0486949542087629
-0.14293742294543 -0.0911171721898902 0.0450615339396504 -0.108985108427695
-0.0880232568779486 -0.177721175972651 0.124708294657472 -0.122214446993076
0.0478952710597689 -0.197337172967102 0.181756891646401 0.0109280079953674
0.22795504340322 -0.105886135203264 0.118803873039292 0.160538198915137
0.263038940885563 0.140342056885371 -0.0242604327884382 0.189541565817914
0.135349633226957 0.312139452575627 -0.0588029763934571 0.0538774700753982
-0.0327626321180682 0.288442538312694 0.00646387079483391 -0.194111683582805
0.0880784835887001 0.263871160936392 0.127111388672071 -0.204875356040128
0.203388129364642 0.134985425907774 0.0256598990398506 -0.306521470875911
0.185889404983219 -0.0793499850825584 -0.145624280212262 -0.212566929456473
0.0424415353216117 -0.175301569808022 -0.189350237832482 -0.0467478705505427
-0.0872928082724237 -0.144633345711523 -0.132476369427702 0.0557614477482204
-0.125225742174205 -0.0630162693896891 -0.0720106550940252 0.0571178370808076
-0.118193727352132 -0.0241645037175629 -0.0386060191304211 0.00141593542020486
-0.115006392939289 -0.0275613776160965 -0.0394429615923618 -0.0578240756837762
-0.128253873033878 -0.084231107729044 -0.000342805198700694 -0.128702495515496
-0.078511114123537 -0.162899510325231 0.08877314879127 -0.163288777239808
0.0450752529237258 -0.178309483365012 0.17939912281109 -0.042426812873327
0.202469807790002 -0.0833565530238785 0.130966235660326 0.119414509260604
0.215165302828101 0.137713118382248 -0.0195603107909019 0.158679877488861
0.090751500551691 0.26784904555281 -0.0712152867812256 -0.0317538175834444
-0.0606713710158778 0.198518717171675 0.02417174561787 -0.28755685551442
0.025405757857508 0.210624939723707 0.132669790354496 -0.231259104295661
0.131928672468859 0.130456779751393 0.0721196575206255 -0.288351789269941
0.146602233183583 -0.0377036090538844 -0.0705216230488586 -0.238925923551363
0.0435727164127262 -0.126581009159661 -0.164481769453917 -0.122715657909848
-0.061261071556358 -0.116004080330059 -0.165673765593697 -0.00352169914372293
-0.0985419776172855 -0.0543646989253937 -0.121546621186743 0.0319430743196398
-0.0937775992272631 -0.0209759029606059 -0.0811910543445665 -0.0106262978244591
-0.0927403620550162 -0.0214375291625996 -0.0785517039452098 -0.0683073699226884
-0.0994238910702121 -0.0693712692458747 -0.0341195993280619 -0.144623311807769
-0.0546450282273602 -0.134323372816915 0.0649772935663172 -0.187591090165515
0.0519970219179893 -0.139900267973403 0.176158971912347 -0.0728521644334307
0.167052029876058 -0.0367310951803567 0.131805399726448 0.0916545193522718
0.141571045181101 0.134493703362899 -0.0179833911641878 0.127860481528239
0.0265437081932382 0.198929128743514 -0.071170854162482 -0.101572201523567
-0.0692843510020427 0.0745422985894371 0.0321883834119309 -0.33620384117816
-0.0250805138089781 0.112610460264945 0.130513710501245 -0.240076756812351
0.0477881789563834 0.0836837270727236 0.0946924856668892 -0.2638379317392
0.0756117889112172 -0.00494960056328472 -0.0250971145050995 -0.244004776706111
0.0291617670793572 -0.0600795320733756 -0.147181045533619 -0.160206261690787
-0.0281440116163082 -0.0661241814694224 -0.183900090576082 -0.039987391841249
-0.0555607990347982 -0.0351430898488364 -0.152921871823063 0.0132700665386819
-0.0555445314862765 -0.0140502124028847 -0.109893840297885 -0.0213292101935712
-0.0598493824441338 -0.0126345852201954 -0.104101349285038 -0.0792370123514266
-0.0637269049662303 -0.0468743534455782 -0.0530264585306946 -0.159051802897029
-0.0276805080903342 -0.0944658147317446 0.0554399983972949 -0.200739650750595
0.0540592894662594 -0.092764852606413 0.179657019838715 -0.0858956372650334
0.121704621182712 0.00962569447475621 0.132115072593238 0.0788401303433381
0.0585852219355522 0.118513320522162 -0.0154243147166921 0.103138656362058
-0.0400155380626674 0.109967885891873 -0.05656313137456 -0.147524475084223
0.0815606662405854 -0.00290830971605872 0.0343617948463654 0.221871796965756
0.0140176718399935 -0.0636103131226503 0.112922909945795 -0.0652650020179779
-0.0475909768227384 -0.0340704285613336 -0.109216293523783 -0.132001126219301
-0.0302942685584889 0.0284216384099677 -0.234965251295122 0.0349428882755808
0.00244204121546346 0.0256983264249224 -0.1087963702031 0.21403116848224
0.0143338294206509 0.0182052655069614 0.0440900950789394 0.199574840550805
0.0198117892333871 0.00727336119987571 0.10149309546241 0.124037949998381
0.00732586737602188 0.00262946167037206 0.124831622032532 0.0573505542346355
-0.00225533261681819 0.00557426123938994 0.150123855712031 0.0288914533066009
-0.0150119085566034 0.00398082031725621 0.167297877926284 0.0635229308007437
-0.0101022077671132 -0.0105054238677555 0.117414138414846 0.164629413596514
0.00655216677538056 -0.0219162483305173 -0.0166799357303013 0.236029615848015
0.0345432499128008 -0.0294560246412838 -0.120614506126683 0.222302388835408
0.0702925501114171 0.011129568435794 -0.191425822648934 0.213008119922816
0.0780043831194357 0.0799122597791537 -0.118911934488906 0.330179137520809
0.087753178593883 0.108972132138824 -0.0014097443217152 0.201632013356357
0.0710357123197557 0.00269420613980338 0.112595746395073 -0.0597945552477693
0.0243725325111819 -0.0313608333171706 -0.105059214199098 -0.161179327800106
0.00409311341414243 -0.0181906992808773 -0.252390072369175 0.0127756583652971
-0.00181473095655564 -0.0330763179842075 -0.13428029077484 0.211718125215848
-0.0202998502704503 -0.0262797347844475 0.0292735286019766 0.207606516136282
-0.0237756847722285 -0.0144217716746737 0.0948939955956818 0.126715761189427
-0.0371746731471224 -0.0156634015353992 0.116966681301822 0.054587108544608
-0.0454078957272031 -0.023264102662841 0.136447137675522 0.0164976658036867
-0.0531595203563013 -0.0528142947818835 0.162997912578489 0.0323889521722625
-0.00405549708604317 -0.0836528533334005 0.144995957251581 0.122162946036017
0.0702524730665273 -0.063094094168056 0.0311659655347669 0.222414979951308
0.123988628946803 0.0032055489402212 -0.0782586110324696 0.235132089045271
0.119649062818358 0.114358048080394 -0.153690902190734 0.214121336249961
0.0705787823960611 0.208629390592299 -0.101013443187401 0.29328315368419
0.0653389669261399 0.213540093332585 -0.0248533642041813 0.140259051048467
0.113271504213559 0.0939561723598431 0.117198489572626 -0.0714541813319331
0.107702750016852 -0.00102000988913728 -0.0879845853409865 -0.207885865698043
0.0613665173797281 -0.0611879326501172 -0.26414159416293 -0.0344349136157584
0.00523817316757604 -0.0970788305296167 -0.166365681543262 0.183095737551227
-0.0515990015646473 -0.0772452569767224 -0.00179968668949336 0.199607322537784
-0.0662785301713662 -0.0391936874856388 0.0704100451512295 0.12155959303337
-0.0765461759754427 -0.0314927958685298 0.0921072929867202 0.0463517522432997
-0.0821102834471427 -0.042729675277269 0.105529065902468 -0.00333697566310548
-0.0905904567265611 -0.0919228965382878 0.142068204672847 -0.0132569175325634
-0.0194692069880535 -0.143749665564139 0.164518540405949 0.051018217665696
0.0993757655543047 -0.121710341211782 0.0960886689175707 0.182184668648699
0.201187642150673 -0.0103497853804182 -0.0164811130160068 0.236072052071316
0.18489100064135 0.173205558109192 -0.111344185885684 0.211729811672889
0.0782973826828346 0.299632709212169 -0.0802610637945042 0.224234223593938
0.0198057127786631 0.288810866519852 -0.0317677238289788 0.0409122191811149
0.125904181907497 0.192182135994694 0.123579395849341 -0.100230358507129
0.1802130513009 0.0580694802799707 -0.0523757976845705 -0.25647409891882
0.132437128047535 -0.0857111908245773 -0.250620619044044 -0.102908458076342
0.0257129235659325 -0.152476991878852 -0.194329317162359 0.120448530817477
-0.0721752541255696 -0.124642264305528 -0.0466911754787218 0.165992408020674
-0.100207531963937 -0.0627450075974272 0.0296586222319013 0.107358803982085
-0.104601102070091 -0.0419454928257543 0.0543936685206388 0.0319871887483315
-0.105572420794316 -0.0519141238151538 0.0627526213768336 -0.0246465958325963
-0.117140772950645 -0.110549114180686 0.104501874473014 -0.0595873984700543
-0.0435560311940829 -0.179464467013473 0.161501273577559 -0.0294178478744831
0.0950745648187608 -0.169756502412346 0.148784274614406 0.11637150009647
0.242171996292867 -0.0464781154411816 0.0446975987114628 0.215159252622322
0.230699834864255 0.188544527106982 -0.0772645706015688 0.197335507266229
0.0878205373720407 0.339144587618142 -0.0684790911884414 0.134551993297521
-0.0333639449653839 0.313384576455057 -0.0154383531619879 -0.0820175811253768
0.0990488869597804 0.263938978333019 0.132379266281454 -0.141966410519992
0.208605000533396 0.1274857373373 0.00128920926921989 -0.288320964504733
0.186920032172163 -0.0783981984460893 -0.198025723163993 -0.17378854870557
0.0538624753998533 -0.177747253859657 -0.199929950357961 0.0290289216364142
-0.0744733448610949 -0.154496022463425 -0.0935357282858758 0.108444101582252
-0.11695183090375 -0.0789667584716745 -0.0230138492889606 0.0813155201269498
-0.115912382927915 -0.0458505234332796 0.0078206872725978 0.0143222200055419
-0.113285289178807 -0.0518327582234428 0.0152002290239022 -0.0439101213519236
-0.123727992875221 -0.112610041968729 0.059487567699585 -0.0961510755066379
-0.0566312726888166 -0.186688826594884 0.13873930239068 -0.0976518749528315
0.0818940513328974 -0.185666928430378 0.175519435586481 0.0468246797570348
0.240539393848396 -0.0637282568742059 0.0856141433001192 0.177096077843282
0.23167093675545 0.181620614554139 -0.0564322214396357 0.174052128760121
0.0760915928754413 0.328668243127367 -0.0660867153081979 0.0379715710179563
-0.0746556485622066 0.275393963112599 0.0193911650194956 -0.200435107596004
0.0429573766593944 0.271349408806846 0.145700888598006 -0.184043179155324
0.175946312443506 0.166039981970246 0.0594635858685246 -0.291081219863495
0.193867545771223 -0.0444781890978969 -0.116531017346331 -0.22153317406489
0.0714100982610116 -0.161982613633435 -0.177600467057863 -0.0660828051833348
-0.0619618304909055 -0.153636872337325 -0.132229921186039 0.0379183870068196
-0.112425612192183 -0.081537997625975 -0.0770415065934194 0.0481891923679471
-0.110638052110734 -0.044130600069981 -0.0381873064591025 -0.00596768724210865
-0.106235733959882 -0.0457998550117044 -0.0297460568468073 -0.0613835672738295
-0.111252487378794 -0.103089902538318 0.018359262541159 -0.123236730189608
-0.050370680081356 -0.170595340742093 0.110863970467024 -0.144242834098096
0.0752601025476947 -0.167846335830292 0.181830106012116 -0.00826950251720369
0.211757487778333 -0.0469936391517447 0.105381934717471 0.139100691635817
0.185618583358229 0.170374283960775 -0.0448378646574647 0.145457125716719
0.0403146327350112 0.276660688463444 -0.0631133323120663 -0.0479992388917056
-0.0884570511068495 0.184470256954233 0.0565503635553316 -0.289279734830544
-0.00847999895764836 0.20971416884672 0.15907586267604 -0.210179711044507
0.106661653030323 0.14990135081698 0.105743301924157 -0.269687477606737
0.148862674669126 -0.011564663916041 -0.0379943223842106 -0.238794221195008
0.0645496640562731 -0.115139944685332 -0.143592479275587 -0.138498033697449
-0.0407756708102132 -0.120963648045447 -0.158455584678112 -0.0260941809629899
-0.0887563620982046 -0.0689044924594853 -0.122688032795536 0.0155717295810187
-0.0872570373380543 -0.036622520055752 -0.0780625280386055 -0.0245144624754299
-0.0854356895934813 -0.0358598682797833 -0.066166903360934 -0.0785504059145815
-0.0860626821395157 -0.0842522483965126 -0.0106878103872898 -0.145208297205404
-0.0322915309260468 -0.139646373545227 0.0926073716538126 -0.172400883339291
0.0740547894313642 -0.129652948084101 0.184710542117327 -0.0392872274560812
0.170198196275791 -0.00806693708804811 0.11188236903506 0.112316035941912
0.1148276885463 0.154700312861176 -0.0372647274275344 0.117301768842538
-0.011653499001606 0.198623626535395 -0.0514480528912877 -0.116156479047039
-0.0780466189164976 0.0625781142654131 0.0807625023761975 -0.332105689813932
-0.0418636652813181 0.105573043571699 0.162639331436586 -0.21904372307296
0.0329777557220445 0.090743814544525 0.12774626645331 -0.244441169176928
0.0748481549775643 0.0087863410694501 0.00907858484638214 -0.239682477017136
0.0394301784990201 -0.0538104743746693 -0.121040058211639 -0.175661794300561
-0.0161517705719437 -0.0669660330592326 -0.172598234921555 -0.0657427414445734
-0.0493218255845585 -0.0433417120177888 -0.151900595795722 -0.00791060147713864
-0.0512754404672256 -0.023091407522744 -0.104743244302698 -0.0394706374712967
-0.0560365226765022 -0.0220168940348733 -0.0890408147928645 -0.0939816472264665
-0.0546146706775526 -0.055945941110766 -0.0265067479585778 -0.16311116714179
-0.0128855657493362 -0.0969715369733319 0.0865293637220231 -0.18745075896718
0.0682958746597434 -0.0828647039568816 0.190740571160252 -0.0531479688959906
0.11876602341314 0.028520381268673 0.114937714546202 0.100338711737887
0.037022182345444 0.125278175852346 -0.0303643274513618 0.0960818770258134
-0.0608021209012749 0.100030015760989 -0.0294459870985394 -0.1569995646599
0.0829334535324981 -0.00207584821965893 0.0363076410773212 0.226329399486558
0.0147733929859287 -0.0646452559068849 0.119535981078645 -0.0665832166208604
-0.0483431278854461 -0.0357160392802695 -0.109627325376675 -0.137616588867225
-0.0313004768384125 0.0281254887148722 -0.24152313375987 0.0330593100587509
0.00215784464887723 0.0255718908276605 -0.114855089815671 0.217414912665534
0.0154906298760682 0.018542094110964 0.0439920034645253 0.203830055650049
0.0200266677230619 0.00721998639800247 0.103678122109818 0.127849952792294
0.00709008569719445 0.00245602642083341 0.127789325265632 0.0609021646314156
-0.00262499114576575 0.00540933567799323 0.154164812564749 0.0303204716238291
-0.0162423452906197 0.00435142596253963 0.170666688726405 0.0665009270447762
-0.00965747817487213 -0.0108807610145287 0.118694407067179 0.170868179618465
0.0067219489470028 -0.0223769923140554 -0.0193519805291224 0.242140673776929
0.0359347232109094 -0.02901651842276 -0.127058182448238 0.225127699942816
0.0707723842359898 0.0133063563246945 -0.200996466776205 0.215032289780565
0.0782472590828768 0.08257435940191 -0.124619400887443 0.335543696506792
0.0877907522718968 0.110905562410351 0.000922651289650309 0.205788010221229
0.0724090879907012 0.00300009151459443 0.119421755838717 -0.0603862550592647
0.0249544753643914 -0.0314362537514649 -0.104591286436578 -0.167241100788791
0.004231864382036 -0.0186339114303014 -0.259202505407669 0.00988467955078274
-0.00281993908941359 -0.0343676015263973 -0.139908514715606 0.214232089383702
-0.0205856261488759 -0.0265361425630888 0.0289751930440764 0.211869901424147
-0.0247273850821772 -0.0151458485794829 0.0958523618877058 0.131121059100103
-0.0380674610939695 -0.016927745123472 0.119134554463007 0.05799865893664
-0.0468804732545116 -0.0244634416822935 0.139790379143226 0.0188840725920013
-0.0548476447496195 -0.0541027682607105 0.166009694425188 0.0343035441287039
-0.00345354150553129 -0.085370395665169 0.14628162911306 0.126474025649794
0.0728113080851969 -0.064892863728104 0.0299097884524066 0.229102397752491
0.126432372941327 0.0057083268507179 -0.0837976569834803 0.238969878894855
0.120424971918353 0.119558377784627 -0.161964479896805 0.217167293698526
0.0703952613867291 0.214994097985448 -0.105143302015345 0.298108262158149
0.0639970682553013 0.217477610044833 -0.0238695881568171 0.144412112636319
0.114606783307295 0.0963048112094453 0.124817413348593 -0.0706855266765366
0.109537726980834 0.000747240281292339 -0.0861651495854036 -0.215218584800307
0.0639394429978983 -0.0624702098919504 -0.270105576898551 -0.0390863657354128
0.00472616819877495 -0.0993594833308892 -0.17329667455662 0.185197577327744
-0.0527771056730438 -0.078178197356465 -0.00357811826770876 0.203623961838092
-0.0677321259044339 -0.0401266801961661 0.0712279539217232 0.1252879453129
-0.0777257055539409 -0.0328841566038882 0.0935914614861925 0.0484565923415655
-0.0838500759246166 -0.0442653700054462 0.107900823581585 -0.00156336390219071
-0.0930109768399745 -0.0941393824308487 0.144216897283737 -0.0120658453933578
-0.0192106368011456 -0.147423834627487 0.166440827820657 0.0534377249030031
0.101995865924033 -0.12398598858677 0.0964990419633077 0.188889024365543
0.205468567121914 -0.00753923629536307 -0.0201596273412826 0.243294929999379
0.18570668239753 0.179672359785406 -0.116275843510461 0.215745122272551
0.0783224217438297 0.308475051762289 -0.083430264488057 0.22739244540808
0.0170942140824327 0.293682663824245 -0.0298481165571218 0.0433723693818934
0.126045688032132 0.19731438148994 0.132356537118072 -0.0988547653581464
0.183543061597586 0.0618811568310751 -0.0494043475990955 -0.264281528198987
0.136559123179767 -0.0872352610706281 -0.255841000356944 -0.109441512219488
0.0264504774830154 -0.155829720520851 -0.200750103786236 0.120239238784809
-0.0734649331050513 -0.126871401225379 -0.0487367189366335 0.170484389293152
-0.102593338589685 -0.064711061739189 0.0288612178003236 0.1092354477532
-0.106421374485944 -0.0441592453512285 0.0550840517704139 0.0340622397848376
-0.107628435317864 -0.0536316041135069 0.0642519373798284 -0.0233715251583572
-0.120027195309573 -0.113340357588355 0.106447105530323 -0.0593964768443557
-0.0443348531394773 -0.183401848958484 0.162993660745229 -0.0289011168461708
0.0978323240138458 -0.172692747207133 0.151862606681245 0.122268245139794
0.246368862943857 -0.0448154561082261 0.0435973717955318 0.222250063515895
0.233470389404301 0.195801372955191 -0.081531617196826 0.201925873898057
0.0863854594210144 0.349419151891303 -0.0699148076537535 0.135573553961553
-0.0378564651110347 0.318719636644086 -0.0122948107502602 -0.0816004262722878
0.0977180908411638 0.26967693734979 0.141623306326119 -0.140369090179376
0.210976460797018 0.132312216446394 0.0056217177949314 -0.295678963687415
0.191955296391519 -0.0785182396181321 -0.200174094453371 -0.181532461586652
0.0553396236478308 -0.181211900237122 -0.205332543847108 0.0270780806028999
-0.076571617139715 -0.156158227298767 -0.0963064028431004 0.111211746880692
-0.119368519316589 -0.0811482709193565 -0.0239934534902044 0.0827176059928188
-0.117255807757798 -0.0479339774359904 0.00826669567138282 0.0147934440708636
-0.115388175065322 -0.0536067973886635 0.0154516177348717 -0.0434783325930556
-0.126798710573672 -0.115596050497216 0.0613144790798809 -0.097957566477117
-0.0571333778096041 -0.190226594666977 0.139947555139531 -0.0993186559960689
0.0846881137676566 -0.18962979359832 0.179763484832643 0.0504088936747643
0.245332422221673 -0.0616328089710592 0.0866753376901101 0.184155413174831
0.234444560645859 0.187909956037694 -0.0589920719276621 0.178356737309715
0.0762620485831439 0.337799242354198 -0.0670134676140175 0.0380382601057239
-0.0787849388288327 0.279024261338689 0.0228336655097383 -0.202518934084546
0.0416289068078788 0.276997977657752 0.155069360146955 -0.182592098678104
0.17877172599924 0.172597625250109 0.0654421547377751 -0.297252212195464
0.199458558323031 -0.0440403267786373 -0.116246972552228 -0.229520134406753
0.0733367963257614 -0.165523506628561 -0.181998340998257 -0.0696737491368069
-0.063651106935012 -0.155362099016806 -0.136321317323435 0.0384698218048669
-0.115190619651463 -0.0838509561177787 -0.0797635983285576 0.0492250842459085
-0.111242957700712 -0.0464245954229372 -0.0394407930764583 -0.00625585702516284
-0.107930816317763 -0.0474670046298758 -0.0305162651434653 -0.0619627589324357
-0.114415584014723 -0.106290493816935 0.0192008967489965 -0.125752774681851
-0.050802790122156 -0.175019948624514 0.1121711679139 -0.146971257379178
0.0780517960395714 -0.170687336451444 0.187156277523311 -0.00533235871814167
0.217291985228369 -0.0447677433159105 0.107407000659484 0.146217003957929
0.188011598952734 0.176311716089349 -0.0469391085159106 0.14850624113478
0.0387915161604264 0.284897165849445 -0.0633757876338595 -0.0503461915631678
-0.0925842837612785 0.186469085638246 0.0627921975191575 -0.293307346801544
-0.0101625141599138 0.213533558293335 0.167852823141565 -0.209465281261728
0.107906670082116 0.15561567512051 0.111973785209546 -0.274283097004323
0.152741832891097 -0.0112347873387913 -0.0351208624607408 -0.246065731108824
0.0659893705056055 -0.117621665236097 -0.145771505505633 -0.143045416439188
-0.0423165406836202 -0.121893219797915 -0.16215221207912 -0.0268965046347295
-0.0903663437419396 -0.07034444708728 -0.125571243138835 0.0157446006162854
-0.0879448570657969 -0.0389109528608182 -0.0798441293308661 -0.0262369495653394
-0.0861161741473181 -0.0375423298819709 -0.0672445308418366 -0.0791716246755634
-0.0884327995898571 -0.086419466963415 -0.0104257467456846 -0.148829011793758
-0.0327618565842779 -0.142466592771982 0.094095636896781 -0.176248070483669
0.0763430336817482 -0.131702634544583 0.189870276584219 -0.0374347858545443
0.174168527548536 -0.00514156521477849 0.114594952591754 0.118686140576313
0.115317396047847 0.159880276258998 -0.0384722182882878 0.120146319125046
-0.0140153151161159 0.203596468736449 -0.0521534387909697 -0.118289114544349
-0.0797407615313282 0.0620075084949695 0.0863671640588731 -0.337499593798663
-0.042845609132872 0.106507476911148 0.169941167065451 -0.219622475538257
0.0326184863655999 0.0934048253916583 0.134865326228434 -0.247901435225524
0.0762310034092801 0.00918927891813412 0.013383514876789 -0.245410686234653
0.040240414571188 -0.0545756471164816 -0.122485746010606 -0.181093080813893
-0.0176585869022817 -0.0675206356179971 -0.176800658327108 -0.0676134200833764
-0.0509963624393678 -0.0441791743201157 -0.155615301929383 -0.00828290002346258
-0.0516650694953762 -0.024826378072239 -0.107579823564261 -0.041836176347073
-0.0558284146178554 -0.022859619907497 -0.0907613422117077 -0.0967640470640224
-0.0553981493419166 -0.0571430363028997 -0.0261378281775514 -0.167929603794959
-0.0131968424379548 -0.0986683954126398 0.0890550704088094 -0.191406871124683
0.0698686014598451 -0.0855707087485324 0.196313964045963 -0.0511641649928497
0.121097371988701 0.0311984697426916 0.116845232141604 0.106318369529571
0.0365450523026299 0.128123866405971 -0.0323938017549436 0.0983197727162172
-0.0635042874712883 0.102068363432251 -0.0304587322686952 -0.160438608710812
0.0855031970019214 -0.00486765845890136 0.0475229704681489 0.230742077440156
0.0128632926307242 -0.0675052034902384 0.123769734997564 -0.0745248666278455
-0.050781626129118 -0.0358567646013613 -0.115896621121763 -0.1400953341139
-0.0315935256384083 0.0299077983125962 -0.249957937091518 0.0413079446868641
0.0022056100169196 0.0264407157884778 -0.112166908556358 0.227295208203687
0.0174909151499896 0.018349121927202 0.0510640123228359 0.207616714231628
0.0207890434642676 0.00605554573581516 0.111134536519428 0.1290913278986
0.00673115437100523 0.001873170709111 0.134219653443288 0.0592597648211823
-0.00302666088475002 0.00571140342706583 0.160107897854873 0.0267077354091257
-0.0166498654442582 0.00448038046063542 0.177611809453628 0.063649946714349
-0.0102250497398825 -0.0113015651013527 0.127598988156189 0.173700497246408
0.00582010273361627 -0.0236056359751403 -0.0132048857809088 0.251471364828801
0.036061931472116 -0.0299302398038925 -0.126901005351571 0.233579319071637
0.0725341551246303 0.0129526378362218 -0.203684468689956 0.22633492380001
0.0833927140183461 0.0829259760585209 -0.120126397885873 0.348492143385626
0.0937451152062776 0.111430271551233 0.0107762537218511 0.211938045908642
0.0736957351027097 0.00107739320913568 0.126020512617746 -0.0664031098353532
0.0244648910541306 -0.0337888326981452 -0.111734515374476 -0.171117684423281
0.00427120036048927 -0.0196115149649173 -0.268446059618896 0.0165385026117022
-0.00474626586338722 -0.0352713544799202 -0.138377840513013 0.224981719739956
-0.0216419444316389 -0.0267178203277005 0.0362559921819171 0.217024483162718
-0.0256256442070791 -0.0148100240289741 0.103663547811886 0.131931840671648
-0.040097446267732 -0.0171041410218698 0.124962511240136 0.0567901796861325
-0.0499445861529437 -0.0230187609017078 0.145404527805254 0.0149970761015903
-0.0589495220583065 -0.0528825456533196 0.171967422423875 0.0306140260381623
-0.00618242459128095 -0.0887337989180051 0.153402598123612 0.126909607209782
0.072899860892192 -0.0692671022126582 0.0369714117550722 0.236367582176449
0.13009850952623 0.00342057890483981 -0.080959527695951 0.248988675970526
0.126601773662235 0.120724800381126 -0.162314870899907 0.22840075496399
0.0789957195460923 0.21989397634388 -0.0996952273053925 0.309184695548716
0.0717566136215454 0.22044727406581 -0.0170531492054093 0.150122338837275
0.11988883622424 0.0959237129520965 0.131182511017423 -0.0766435072322421
0.11226624950378 -0.00199819668328649 -0.0940099463691524 -0.220634371418376
0.0634418878975073 -0.0664833154152602 -0.28109703769995 -0.0333005138405689
0.000360781592301589 -0.102913284863878 -0.173315526675717 0.195903468242555
-0.0568822133356965 -0.0784281680720932 0.00304032821702215 0.209807773072717
-0.0717799984039567 -0.038792908723826 0.0771281476242714 0.126832643313637
-0.0814074873438433 -0.032572233449664 0.0980290608901998 0.048168812920624
-0.088361054294738 -0.042541909992854 0.111519268207865 -0.00323825447651016
-0.100788946596674 -0.092942268508238 0.147603421433952 -0.017044528009824
-0.0252782348263507 -0.151004286954314 0.171283399078586 0.0503621357606121
0.101448408151506 -0.13127639668494 0.106368147626252 0.193333938507052
0.211035462010395 -0.01238805537607 -0.0137128667567793 0.251816959626775
0.195887662679665 0.18089902691951 -0.116394024569608 0.225537745617368
0.0903697107783004 0.316521822653981 -0.0790207938891521 0.236034605569181
0.0253296451123809 0.300257310719974 -0.0261356197310782 0.0465236217634639
0.135012339765879 0.198982289606812 0.138959979204226 -0.104194408745379
0.190621966790103 0.0589622434232151 -0.0566648770095984 -0.272089340488186
0.137239727994347 -0.0938915799535709 -0.267307216541251 -0.106927779845222
0.0211332435135833 -0.161103289781261 -0.203540252853077 0.130123355701991
-0.0796630627975453 -0.126596686634413 -0.0447437163127234 0.17688105061847
-0.10774723031695 -0.0623471013359688 0.0325797261409189 0.111777074716243
-0.110546304789326 -0.0424192713147937 0.0573666509189052 0.0338354977910933
-0.112818870003934 -0.0512841060646307 0.0654863089320285 -0.0244139625105951
-0.1288343462233 -0.112108457263105 0.107269071774129 -0.0645293901885855
-0.0523178732694302 -0.187052527583694 0.164496731488231 -0.0345191746043566
0.0946996663530457 -0.181477432101292 0.161062890198196 0.123094658245745
0.25169783901131 -0.0512870802636152 0.0523287884203903 0.229466721714468
0.2453587669473 0.194918174427569 -0.077407523436696 0.210130642529305
0.100892673294977 0.358371841725228 -0.0675083186618934 0.140143195423837
-0.0304324827718641 0.326639763928949 -0.0132455284783854 -0.08113136273209
0.107999499033098 0.27394881238438 0.146815105189626 -0.145479316219619
0.22182495039052 0.131448700661339 -0.00100985114154368 -0.305203561197842
0.195134079135305 -0.0870168135843207 -0.211504083100124 -0.182637626503592
0.0508796933608382 -0.188946383900561 -0.210954581442366 0.0338899985975091
-0.0846260355251789 -0.156446459665839 -0.0958822964676791 0.117361970018874
-0.126261543384594 -0.0787663417198891 -0.0227478209373434 0.0858746583708205
-0.121607317698255 -0.0463813677262976 0.00830485427441686 0.0152062939596257
-0.120201074192438 -0.0517725626037505 0.0153327943890343 -0.0430616287754348
-0.13592206029014 -0.114156139130009 0.0583780753515786 -0.102177694678954
-0.0665852725992054 -0.193603548466567 0.138219359414593 -0.107127559117376
0.080603495942404 -0.197969951639731 0.187282606369335 0.0486400731356086
0.250512599042196 -0.0698256910290519 0.0965365476967214 0.189627066521909
0.246680734312822 0.186425174227867 -0.055167790140086 0.185864349720522
0.0888611949160922 0.346914889635428 -0.0665321091062355 0.040307817182784
-0.073863843432296 0.288036071348208 0.0201794538569459 -0.206875391915448
0.0498804263955821 0.282475627857978 0.15866828797046 -0.188969788559712
0.189045596736666 0.173610080515102 0.061008634678095 -0.308582403289481
0.203738561853809 -0.0520820620536367 -0.124825885094294 -0.234592251606183
0.069227274783642 -0.172852339228034 -0.189725622557049 -0.0672737347493589
-0.0712522582440349 -0.156112435077423 -0.138301567424545 0.0445641938197983
-0.122020273847319 -0.0813468264433839 -0.0805509557818111 0.0526026256258767
-0.115083720706199 -0.0454275448524187 -0.0417347331257529 -0.004472418779207
-0.111074955472369 -0.0454909811789875 -0.0330828018701802 -0.0610636357879146
-0.121592029023962 -0.104774944730893 0.0154223082888895 -0.129812049637683
-0.0593694658478062 -0.177523478555953 0.108428015293644 -0.154918527708696
0.07362499768549 -0.178192304604409 0.194219397974854 -0.00998230264407653
0.222108292976812 -0.0508152717004222 0.116941393091083 0.150137734391383
0.198429721318771 0.175007568668202 -0.043086540834072 0.155099147539582
0.0489502499737547 0.293114645119033 -0.0667334399705378 -0.0505652904395046
-0.0896503736365603 0.193152354100674 0.057585088973764 -0.302253878791963
-0.0045814127420809 0.218426019419841 0.169880741599029 -0.217840169069788
0.116143020451831 0.158076406027348 0.109800690873434 -0.285285929987289
0.157063559763126 -0.0167736631065601 -0.0413730698226835 -0.253353076123901
0.0635888313242191 -0.123830752357579 -0.154175733446994 -0.144029825294313
-0.0476843843924446 -0.122156473126532 -0.16815029657055 -0.0215823562010088
-0.0960058296546947 -0.0685158357003946 -0.129440338716984 0.0208757862990382
-0.0906760085236371 -0.0381127153499295 -0.0840934724777988 -0.0239406978575668
-0.088804524369945 -0.036427122400643 -0.0718406456518297 -0.0787462193816523
-0.094297855624177 -0.0856368881415133 -0.0162964020768267 -0.152458300779257
-0.0390218334265323 -0.14543768581241 0.089286976935504 -0.184183844076143
0.0739677466625115 -0.138610487199259 0.194904815888041 -0.0434674812229985
0.179357311124644 -0.00979227060764054 0.123005529337796 0.121599432070998
0.122779553380513 0.160086015173434 -0.0362790620365977 0.125020359913875
-0.00768437683741601 0.211112229765029 -0.0574747687630401 -0.120664739591883
-0.0806345368219013 0.0646779750649945 0.0805649302902577 -0.348943475017884
-0.039908476738739 0.109312767202739 0.171076814310655 -0.22832317298959
0.0368956354957356 0.0955289270899562 0.133534988624077 -0.258061773967821
0.0790298342676731 0.00668788298886456 0.00738068712864605 -0.25544410689241
0.039490726087993 -0.0580510562162208 -0.131800755118447 -0.183643829179336
-0.0208158443803003 -0.067240430935585 -0.185286174536317 -0.0633125208113696
-0.0547492311892364 -0.0425637161598736 -0.16039733418944 -0.00218785031595227
-0.0529117587052386 -0.0249854767003257 -0.112884079402047 -0.0393653874707825
-0.0566639131402006 -0.0216506626149532 -0.096696141986159 -0.0947944789681749
-0.0587812119951778 -0.057321714352248 -0.0331276335767932 -0.172107576816257
-0.0171528455453572 -0.101249963602299 0.0846202689792664 -0.200419748792182
0.068703875865898 -0.0905664006415112 0.201704061114898 -0.0575895455542499
0.12604366627631 0.0291845270112548 0.124337780580754 0.108103568213977
0.0413189268743766 0.130590147102355 -0.0305591014846467 0.101917229985938
-0.0622301348485198 0.107650269744149 -0.0367964222270165 -0.163315530688001
0.0848588551438614 -0.00999933370072246 0.0639834860001665 0.227172209406853
0.00840972911901746 -0.0679134694657034 0.122485221812847 -0.083822178928057
-0.0528647423704449 -0.0333162631498861 -0.122619640887773 -0.136589518580955
-0.0302088093653153 0.0313228910201835 -0.249342689369397 0.0557604083735846
0.00328729827563697 0.0264688628663105 -0.100499147261259 0.235765271728456
0.0191382551630029 0.0165498912648341 0.0635306740367008 0.204899086175083
0.0211705179327206 0.00450062330642044 0.119869593191845 0.1233734874215
0.00629758507281735 0.000880930750654636 0.139313472866096 0.0511100614041664
-0.00320421900876086 0.00591894664347681 0.164123244150058 0.017170474051168
-0.0165378837801812 0.0064085754980858 0.182337290954443 0.0539712880023814
-0.0104708779967698 -0.0113779219330538 0.138269806500477 0.16870112355227
0.00498566392381745 -0.0240948264879648 0.000415471423059779 0.254291187326186
0.0346918453652859 -0.0310184493110881 -0.116981769484643 0.240716602589893
0.073814563904403 0.0103885204632898 -0.194475824794321 0.23753320995068
0.087671037137399 0.0786903490317055 -0.10125807762958 0.353425053990339
0.0993296429124591 0.105605102633756 0.0259772665671998 0.210892950389461
0.0734457619730028 -0.00326243907467778 0.126138644956247 -0.0754537380993993
0.0222366454397525 -0.0346883954423995 -0.1203581271136 -0.16674022982835
0.00248448170475703 -0.0200675748013171 -0.269011831547625 0.0313975981677855
-0.00798039009713889 -0.0349012815446293 -0.126733955492634 0.233908556534899
-0.0230055842163567 -0.0253076979326717 0.0493348278235652 0.214709070065046
-0.0264115359241322 -0.0131372778245875 0.111566712257119 0.126773994151074
-0.0418196407229885 -0.0150130826925747 0.129739614394036 0.0502789118973397
-0.0521350046842709 -0.0204016474316862 0.147232354925982 0.00680457085683633
-0.0623915575210559 -0.049103658603147 0.173675219252193 0.0210637375028461
-0.0116004737490395 -0.0885168897034299 0.161088846052274 0.119568548287497
0.0686379574673354 -0.0742393800785064 0.0504413864984725 0.236530810172866
0.130360532260716 -0.0023395878523389 -0.0687919442301583 0.253528090220438
0.132889482081252 0.115344575055869 -0.151696997019251 0.237133253131851
0.0913805433296879 0.216590355736853 -0.08313270407241 0.313534796361577
0.0834381789604898 0.215883114367064 -0.00496192838298559 0.150804714635055
0.124843133016953 0.0890267023075287 0.132823976274643 -0.0846048999299768
0.112146219240102 -0.0077190814623647 -0.10554539901443 -0.217716515483084
0.0596098617599527 -0.0706114607853088 -0.284066621722152 -0.019087996028209
-0.00665937777630471 -0.10262697399348 -0.163834626854798 0.206234158444429
-0.0616642568851212 -0.0737291296891341 0.0152378698477666 0.209411627585791
-0.0736265102428438 -0.0342692558575328 0.083939713176712 0.122514079199112
-0.0838141459477406 -0.0282346961727931 0.101924288389722 0.0428503552139714
-0.0918163341960079 -0.0376403310807917 0.112480173816252 -0.00982457326767316
-0.107326083086137 -0.0860159429757757 0.147230909915776 -0.0249474003624773
-0.0353063993641799 -0.149829774082494 0.172987635435246 0.04154241457351
0.0925842803788826 -0.137886473553359 0.117227225174081 0.189668096953431
0.209961521907685 -0.0227140463888743 0.000598669415794869 0.254212639583367
0.206141627163742 0.17121948186077 -0.104806085022635 0.232326319749298
0.1084989043607 0.312641633415229 -0.0645386129566262 0.238716007551284
0.0407893555400115 0.298421049249322 -0.0205831151855186 0.0493789018130848
0.145606986048785 0.190770968859311 0.138434753651989 -0.111833761724293
0.193999605799891 0.0494424272520301 -0.070516339552409 -0.271700069858776
0.131678784734079 -0.102179989928958 -0.273969171513075 -0.0940331542295065
0.0103996776567318 -0.162449992014743 -0.197636171262619 0.141717087045087
-0.0881322062239426 -0.120374492702597 -0.0338551471925359 0.179304570429083
-0.11109570002757 -0.0553106206476607 0.039092795102931 0.109676843470161
-0.112836904170964 -0.0369610271097251 0.0599580624714477 0.0310639111508739
-0.115759572939685 -0.0455164765551598 0.0649862601314501 -0.0270760293596332
-0.136942813930706 -0.103361333476745 0.103302667974527 -0.0699244137658793
-0.0649526574427857 -0.184448832650064 0.160624392204325 -0.0433426051367963
0.0840381181615176 -0.18738806895669 0.169444724825361 0.116114064826189
0.249854377236282 -0.0647456597406351 0.0665345200881634 0.228833147181895
0.256909535165944 0.182457656224122 -0.0666231502054376 0.21537614527927
0.122254723586329 0.35440144640881 -0.058867155514197 0.142845178040331
-0.0145442740312184 0.327228696854772 -0.0144126688044746 -0.0788896186519856
0.122753423283948 0.267325813255994 0.144547698535243 -0.152601156142256
0.229667488362713 0.119814050927104 -0.0159042450908091 -0.307055282383826
0.190577948825699 -0.0989612701091928 -0.221969692386847 -0.173288742267449
0.0378061304941145 -0.191796676334823 -0.21031780209706 0.045233299080206
-0.0941369973281479 -0.150177125288409 -0.0888420750543166 0.123546746903895
-0.130406986702158 -0.0700615193798015 -0.0180490541702545 0.0870747862983258
-0.124448033759285 -0.0411979392173562 0.00881997219858238 0.0154858534443517
-0.122934002189127 -0.0450394453320511 0.0130593787539867 -0.0430976446257821
-0.144398173139143 -0.105037124699935 0.0526818908424084 -0.104893173663332
-0.0790436452148577 -0.190041893941348 0.129839366232144 -0.113457894647753
0.0682274745361623 -0.201970954938135 0.192010463113691 0.0397466454959662
0.246922993321861 -0.082542786093865 0.108945390235785 0.186561865077198
0.258265983040459 0.173487935117357 -0.0440328527062469 0.188641232400885
0.109918581031634 0.342776665222647 -0.0645893793542071 0.0420912518229268
-0.0599859665334748 0.291125839205458 0.0108414492542915 -0.20687497251798
0.0660866759411732 0.279219094053701 0.15311221317644 -0.195363422937168
0.199474703556635 0.164838993246468 0.0454102783717953 -0.311499089618442
0.20122765747402 -0.0646591590763713 -0.13783549470229 -0.230108138830649
0.0582983697915661 -0.177535174857864 -0.193669544287975 -0.0570558050855321
-0.0809013616883001 -0.149577225916822 -0.135917769691757 0.0527403105997914
-0.126995826773913 -0.0730713115239792 -0.0784186170305169 0.0581652820203979
-0.117476268388351 -0.0396766494878479 -0.0426234296220938 -0.00179540937203201
-0.112882966349865 -0.0400509795457318 -0.0358813840917054 -0.0584434472656052
-0.129398350527073 -0.0968650059938011 0.0076048990755509 -0.131172213614501
-0.0714076788070922 -0.174065123606521 0.097127683784815 -0.161630544082968
0.0621542792094711 -0.182787278105409 0.194455270073937 -0.0195625183782446
0.219894274220137 -0.0621834197556413 0.127975886115991 0.145633462163435
0.209090015440879 0.165130383763767 -0.0336863600455819 0.157168121361309
0.0669730137460782 0.290722082044399 -0.0695262680707598 -0.0480928326542625
-0.0801831450715186 0.197141764135069 0.0427842773077121 -0.303640231147053
0.00750584737697328 0.218106092309765 0.162214209499066 -0.22485644667154
0.126018339524042 0.152505715868243 0.0955625178057 -0.29140489138951
0.155896646098585 -0.026061932326964 -0.0543912440281215 -0.25279049026734
0.0553420749513057 -0.128168969423147 -0.162972695036908 -0.136099253294402
-0.055624283250598 -0.118100547470726 -0.169154864630165 -0.010829867937693
-0.099805790443273 -0.0621155512654535 -0.129012296472513 0.0290655244573073
-0.0924319325743608 -0.0341066172417637 -0.0862370698010133 -0.0187828884020839
-0.0897257249898835 -0.0311013964139585 -0.0758578100494485 -0.0735014666598575
-0.0997563954649074 -0.0799227888198837 -0.0255931725749516 -0.151508287761938
-0.0486869445880042 -0.142765614191863 0.0767879870314179 -0.190227227794919
0.0653188742997073 -0.143134146109583 0.194270543875757 -0.0539373369186493
0.179629346243774 -0.0188465473001845 0.131673946667894 0.117184229454881
0.132528959216697 0.153713173991851 -0.0284711181784752 0.126448292414281
0.00523367572371192 0.21152162657681 -0.0647608674836753 -0.11776618556908
-0.0773017685664797 0.0676751776726838 0.0633900975907025 -0.35267729521586
-0.0342615306230647 0.110124271953583 0.160708588784899 -0.235927551832649
0.0426128226273889 0.0938422871233876 0.120919706890583 -0.265883446471756
0.0790118206457321 0.00139081446906343 -0.00502470283037582 -0.257903420696264
0.034919169858452 -0.0610372516855004 -0.142027531229803 -0.178379804449447
-0.0248362420795085 -0.0644041610722259 -0.189111884280863 -0.0510281128136045
-0.0565397559327416 -0.0384531226443753 -0.162115961804404 0.00754908121021781
-0.0544246103777175 -0.0229073742610283 -0.117231107257542 -0.0323286103960609
-0.0571320139166281 -0.0197677720591836 -0.102426084425814 -0.0890850415677267
-0.062201516606426 -0.0530421982995182 -0.0431312196559319 -0.170233266462172
-0.0241121404977265 -0.100346617511357 0.0723501604636079 -0.20574519082165
0.0628055778706402 -0.0943257349974585 0.199486942485214 -0.0683939485370346
0.128149835418458 0.022958824111472 0.132392128043849 0.104043312585657
0.0483035615273253 0.128164846831316 -0.0254621414619295 0.103872637275393
-0.0561931858615864 0.111630585235923 -0.0470908789257649 -0.160800875206589
0.0804883518456999 -0.0142538363211812 0.0746021854337002 0.214560134678166
0.00456842061599573 -0.066011681786882 0.116441585898072 -0.0901114852061831
-0.0528855730047983 -0.0299913019075506 -0.123759869486014 -0.127648503979102
-0.0276131283026588 0.0322289568598468 -0.239476996839638 0.0661506682188137
0.00392027686256303 0.0249353714281144 -0.0862524585239424 0.233823897514561
0.0193165890367835 0.0145606294955711 0.0716431627953617 0.193882589605214
0.0212310811029388 0.00242431197815187 0.122257100275449 0.113769295924112
0.00542398734317755 0.000591064541880388 0.138251258971482 0.0430127030384929
-0.00345872958564935 0.00597313450828688 0.159226891619596 0.00755932262828224
-0.0158209104642988 0.00725866728978743 0.178957054152741 0.0426013934168758
-0.0110044151784675 -0.0110104948698138 0.142684105105871 0.157660787961
0.00334446350172996 -0.0233528802027011 0.0112670674108096 0.24632396452542
0.0321156431596858 -0.0309838272213539 -0.103860873797748 0.236556930761048
0.0713681990178403 0.00773024323257612 -0.178840396767032 0.238254252491857
0.0880189467774819 0.0718826134771491 -0.0826860087717642 0.344403426091023
0.0999110257014252 0.0958244018623877 0.0382926090842189 0.201032214776279
0.069791015772934 -0.00639663555290602 0.120742616261502 -0.0814102996956908
0.0191258908511511 -0.0343938357565455 -0.122874221474448 -0.157371579886339
0.000981824654035958 -0.0193284007694767 -0.259096680843389 0.043244796562576
-0.0101976551901132 -0.0332568798522194 -0.11144001694358 0.232713031940069
-0.0233246312952793 -0.0230303285897705 0.0581416441025335 0.204535189586369
-0.0264024120967402 -0.0116557319744993 0.114390676902324 0.116826261531883
-0.0420016624280255 -0.0124691931725876 0.129052640421045 0.0422497189532143
-0.0521170846491914 -0.0167511624517818 0.143730646291442 -0.00107137444160787
-0.0638839343535586 -0.0438069148788305 0.168879070308076 0.0116987799136826
-0.0163260102297704 -0.0849766855628156 0.161144382494877 0.108731409849228
0.0622503131280689 -0.0749147745950005 0.059992944437206 0.227909697201405
0.126382962382577 -0.00727514474553708 -0.0554904386054582 0.24803474987597
0.133566244491102 0.10599771085786 -0.136930501843267 0.235884625150008
0.0991279853782137 0.204907642601079 -0.06503053843862 0.304668174694604
0.0895909883013707 0.203135966550566 0.0062945006605883 0.145683904674209
0.123023429512101 0.0795522818156033 0.12832668598937 -0.0896127635128595
0.107213802584546 -0.0126332198543223 -0.111327563157695 -0.206812396870405
0.0534732243392954 -0.0704751230592399 -0.275416317967811 -0.00581704745710488
-0.01296948430202 -0.0982057560912879 -0.147728322211255 0.207284408029148
-0.0633744452383821 -0.0678632234592716 0.0252893522879641 0.200802099940267
-0.0727035765601422 -0.0295484659773175 0.0872808570434182 0.113883789634724
-0.0828073498891587 -0.02310524029264 0.101824977974894 0.0371348878819687
-0.0911035784065372 -0.0317679714721285 0.108959854954224 -0.0149607662204085
-0.108550831107013 -0.0771120942162028 0.140399129393065 -0.030691750705623
-0.0428940832349444 -0.142931708089446 0.168630711535362 0.0326999047030109
0.0824592240446913 -0.136888625707553 0.123511174990826 0.179075664587738
0.202277550656405 -0.0314926811237499 0.0121389179637084 0.246305465097855
0.206743458215463 0.156385614944381 -0.0911564332430835 0.228573726755881
0.119969708390219 0.297052505681246 -0.0504873843160766 0.230783272064906
0.052722722534933 0.284859312161788 -0.0142933688517877 0.0496439697769223
0.148718237200032 0.176292781485511 0.133798322121279 -0.114901554221507
0.189106464849715 0.0384893920075082 -0.0798142355610768 -0.259740495950295
0.121706659807135 -0.105907684325872 -0.269303707486334 -0.0792582986234652
0.000714096616065118 -0.157346750002841 -0.18407504432925 0.146069143489975
-0.0912403440091998 -0.109937383800652 -0.0237725032506478 0.174521913724655
-0.109565916194568 -0.0476395984152743 0.0425932939488064 0.103772620502563
-0.111291274416411 -0.0306543230622926 0.0596628949461624 0.0273134040018116
-0.114626669981032 -0.0375838941412886 0.062615983674007 -0.0286929440659937
-0.139085219563085 -0.0917257896051758 0.0965538165083308 -0.0724558149281944
-0.0736390587989383 -0.173984941100112 0.151415575041204 -0.0490056278450543
0.0707344205577027 -0.184589499334988 0.16936185412378 0.104861093895133
0.237909110459023 -0.0733620871212934 0.0764528931974406 0.218128445715872
0.257118131173735 0.163946447837033 -0.0546973991138589 0.209653039807082
0.137701844443806 0.335020669373752 -0.0497448096293269 0.138830689514815
0.00134886437451611 0.316072069794825 -0.0147550684849245 -0.0743192160394247
0.130976467585138 0.2508136233135 0.13697066277799 -0.153184141825589
0.228027179281116 0.105335412730677 -0.0286881276454489 -0.296323182104262
0.178373297222559 -0.105622554142703 -0.222711534397703 -0.158534419510635
0.0253338093082305 -0.18690259058926 -0.20101359213218 0.0539443857739858
-0.0987955255743063 -0.138193432580841 -0.0791280559312043 0.123462312094063
-0.129243175825022 -0.060140971860628 -0.013810293260887 0.0850546579590035
-0.122730608521073 -0.0344210145239534 0.00905704069092365 0.0152663440946783
-0.120861895017483 -0.0379779909140802 0.011274438820745 -0.0408242001135195
-0.146005089911534 -0.0927335726352799 0.0455007581423267 -0.103639571604108
-0.0883446110155975 -0.178740486752773 0.117411479521772 -0.115022283285861
0.0539753948343901 -0.198241852907427 0.188481101429117 0.030023443503067
0.234738723271093 -0.0907165042395007 0.116185720843286 0.175692773480039
0.257402895974371 0.154814763442013 -0.0341044596400309 0.183295689494038
0.124704880972113 0.325098691810757 -0.0601505510618893 0.0413725409913659
-0.0456950039438839 0.282862887128251 0.00357589400869976 -0.198364503912461
0.0762036671930056 0.264489885288508 0.142663318936889 -0.194999859284797
0.201644195023682 0.149492750129713 0.0299785131040976 -0.303313707930128
0.190592110276746 -0.07242425061751 -0.142889344666684 -0.216808190296936
0.0457777582878943 -0.175200619531913 -0.189830367282276 -0.0470612883229911
-0.0858910620264688 -0.138819593446505 -0.128707465238964 0.058005124753141
-0.125730155062534 -0.0632134491186021 -0.072764805212174 0.0601917394836663
-0.11569903145879 -0.0336290147191 -0.0416895561047629 0.00122695380957476
-0.110646331790143 -0.033250744640009 -0.0369723678051052 -0.0530294842356675
-0.130972051278983 -0.0854547007301253 0.000306162803389572 -0.125896965491937
-0.0795463574838831 -0.164262513897048 0.0838997156637518 -0.158875854015319
0.0500876370404083 -0.179194196924795 0.188372330664449 -0.0272787426409776
0.209556383558483 -0.070497127798584 0.132096486543005 0.135237932120147
0.209869933436564 0.14819806079456 -0.0254798525135973 0.152152464489458
0.0811183524652177 0.276662255588063 -0.0700936409387481 -0.0442698657724618
-0.0692168679907238 0.192654621223882 0.0287525238149902 -0.293080644358735
0.0172836730154523 0.208022924105628 0.148758736960469 -0.222977123093914
0.129785769359389 0.141262966461949 0.0795971283187232 -0.285136562135877
0.14904093608128 -0.0333820342790055 -0.0626061723879222 -0.244122694931533
0.0460789991270071 -0.127229371451382 -0.163840351399529 -0.12497427251058
-0.0599944864798803 -0.109121172719455 -0.164437183035168 -0.00192498458348067
-0.0993587842305784 -0.0529999879163616 -0.123388877436826 0.0349819050041767
-0.0916037797208186 -0.0289341938342492 -0.0853261508343643 -0.0128652105692868
-0.087063932076554 -0.026341659318632 -0.0769943910731233 -0.0663593769169784
-0.101095538133633 -0.0706724401526876 -0.0325569270789943 -0.144442387510923
-0.0559777322179266 -0.135223578217391 0.0631230130632538 -0.186694868271315
0.054806273221066 -0.14081948059688 0.186111478163888 -0.0605325993947372
0.173008215840373 -0.0262564050379416 0.135240180027675 0.107726710772991
0.135132188254627 0.141168757637365 -0.0220290575039611 0.122589418456234
0.0152889605436955 0.20387049414408 -0.069133702744807 -0.111068740218327
-0.071500174628948 0.0681814477352624 0.0452312271334206 -0.342124758121077
-0.0274127614211633 0.106183220644742 0.146907181195838 -0.233500324208226
0.0468397461925998 0.0884470521719339 0.105089462864655 -0.26125885896383
0.0761319070719793 -0.00269330187157972 -0.0150226444421706 -0.250323706647755
0.0297848888701835 -0.0604491304236415 -0.145679211472085 -0.165636846333736
-0.0270473105616184 -0.0597931511366498 -0.185596117121503 -0.0388660673195951
-0.0568125016254267 -0.0329643646942993 -0.156824932524287 0.0168990400113159
-0.0533605048422567 -0.0203256615304666 -0.115203188214825 -0.0250260092768382
-0.0541693562120247 -0.0163011753059334 -0.103233616897892 -0.0802090029852375
-0.0630702363525018 -0.0478773108809451 -0.0512472273451889 -0.161514168146055
-0.0291039687186836 -0.0949150095232308 0.0583468761186364 -0.201800761567374
0.0557316140700593 -0.0942080952796656 0.190080238590081 -0.076520330141986
0.126044273730438 0.0156592854926943 0.134673762152115 0.0955726383075378
0.0525418833919668 0.121209083812657 -0.0203861075332195 0.100569385728892
-0.0487170861506808 0.109896991644338 -0.0545100004389898 -0.15122860947396
0.0750134877076452 -0.00355356835384757 0.0519206166061299 0.20989322455307
0.0119172296933384 -0.0599312605293447 0.1234809089083 -0.0753004420565759
-0.045140787341756 -0.0345707322958801 -0.0994612726921017 -0.138112543801867
-0.0308511823231753 0.0250541212306805 -0.228922576037005 0.0330684013740629
-0.000835717795543065 0.0235843595354063 -0.107161426700943 0.207346621600753
0.0151577426253933 0.0138957072824041 0.0448215910665885 0.189755039081914
0.01936492275284 0.00323181364912354 0.10318910795142 0.120566380908132
0.00470625750220719 0.000627962181688568 0.127254260800926 0.0573177602853469
-0.00507958463034883 0.00458896047650302 0.152086566239987 0.0258807746512792
-0.0161545546188685 0.0041919838541136 0.165996308599169 0.0616218844748859
-0.00939356387326633 -0.0135355958132634 0.11856258160174 0.169788114753744
0.00765649147135026 -0.0251855277580271 -0.0180639243961458 0.241155445830239
0.0381231403780845 -0.0262165579683593 -0.132642931131042 0.213848214982148
0.06918550123839 0.0168295013984575 -0.205212378112704 0.208351457188839
0.0773797979819507 0.0780027561165586 -0.126220337460217 0.322770594322919
0.0794204833399189 0.100430708007641 0.0137166891944218 0.197655236147737
0.0642758295517875 0.00365438075844952 0.127005632274944 -0.061939407869462
0.0225210988571038 -0.0287459499791008 -0.0935428473641032 -0.162119627263808
0.00332491207007204 -0.0182649906613027 -0.242652222880471 0.0102003425974135
-0.00618338566023698 -0.0325482288036927 -0.127839267125579 0.203414490033322
-0.01980398531608 -0.0262371784438234 0.0327457035601658 0.196044036483434
-0.0232189313104052 -0.0155109296124194 0.0950539482338265 0.122905547020321
-0.0387786512619616 -0.0172965284423099 0.118291877253655 0.0550676050473128
-0.0479637949272984 -0.0229227411389784 0.137592182325975 0.0167058163534104
-0.0563614484764762 -0.0488986900107093 0.1610356185041 0.0338058166254746
-0.00582010636875229 -0.0844416614343818 0.140225915007097 0.127908897726067
0.0694599212518364 -0.0670264264027732 0.0297571988284633 0.230207827665226
0.124828292218271 0.00639659585226507 -0.0892515228013919 0.229633268152549
0.116090458038572 0.117423151540437 -0.166331494536323 0.206094977007405
0.0732541188623812 0.206205150417323 -0.107872043363594 0.280693662547445
0.0567482417112886 0.197509773989597 -0.0170886319451691 0.146274446446683
0.102209604670257 0.0890153295038791 0.133835589540937 -0.0639982543880092
0.101384772702941 0.00298733818225705 -0.075303464758952 -0.201146784631114
0.0594500323095107 -0.05889261974945 -0.250500840566979 -0.0353009920212378
0.000577524248306256 -0.0942689787415762 -0.156624368896195 0.175879953105593
-0.0517139149819896 -0.0721206651669806 0.00402890761187697 0.187073893927684
-0.0641287308628899 -0.0372463451903841 0.0701954162745489 0.116733595774698
-0.0761525226625766 -0.0328680639304001 0.0914888753592315 0.0479081236794741
-0.0835127178506676 -0.0419297823092962 0.10713337734726 0.00102729247040965
-0.095181495616089 -0.085587034425347 0.13920214497753 -0.00891424628760078
-0.0246930460968753 -0.142430808631495 0.155411035761909 0.0584465238258093
0.0946127080617442 -0.123674823114755 0.0958767437968201 0.192592867143407
0.200226464382197 -0.00889607054043236 -0.026142652531954 0.236490350018813
0.180335101798422 0.173642741151601 -0.124741529514226 0.202013815210194
0.0839094505194855 0.298345929937736 -0.0879548479766731 0.208263041435313
0.0127004918963265 0.268444853304298 -0.031386958603214 0.0553158267520424
0.111865649287708 0.182275609632629 0.138036176628833 -0.0819915228769784
0.170767852707017 0.0618899274242142 -0.0416155632692372 -0.240474197192737
0.128147778232319 -0.0813230610263413 -0.23523086634196 -0.0991775770699886
0.0220692098751762 -0.147004778019639 -0.18083367557218 0.116648579477476
-0.0717045671214034 -0.115822478542353 -0.0377199105447346 0.155808241735207
-0.0975997659986449 -0.0580291775743471 0.030253015679469 0.102576439467803
-0.102410285035462 -0.043559190803438 0.0528959590414985 0.0340348750630045
-0.104630556772722 -0.0504214694175415 0.0645826599551557 -0.0172848416826426
-0.12168606308688 -0.102205837383434 0.10209930557902 -0.0526465286992897
-0.0505938276151073 -0.17469996346598 0.148969838044837 -0.0198969985712579
0.0882246045691818 -0.169662393740089 0.150273980890443 0.12767547654679
0.23807552879813 -0.0452483313720546 0.0386267691622649 0.219407778516714
0.227291021051521 0.185364866929601 -0.0893112349426408 0.188624096311899
0.0952218581493304 0.337491341636914 -0.0776316209790202 0.116838065457749
-0.0393408763449907 0.291074602260374 -0.0225683792585859 -0.061413531794115
0.086086451788725 0.247556772642618 0.142515831896459 -0.115138485438615
0.198020206664692 0.128397054642995 0.00753337643672262 -0.264714461489234
0.181322685849745 -0.0729514236363933 -0.182310655189461 -0.165294120391646
0.0502423009057766 -0.171311132274425 -0.184941264807672 0.0306371605498897
-0.0747462015716738 -0.141410793386124 -0.0835683724457418 0.101817294001086
-0.114445060031997 -0.0717186724805214 -0.0211621945052577 0.0787772757597981
-0.113232212270968 -0.0487491384027712 0.00624593964373549 0.0167146314901092
-0.109747249403563 -0.0512096097239081 0.0167971327719944 -0.0351129533244625
-0.128005440334465 -0.104145255568639 0.0572603193617365 -0.0877856628740996
-0.0643268141456089 -0.179708724809347 0.124828678227633 -0.0874570951251835
0.0728050262289011 -0.183310385585371 0.177595198457742 0.0572630947075688
0.235686213533897 -0.0631613723899583 0.0823478249613144 0.18409997260877
0.228996391834948 0.176511330290447 -0.0658330293624711 0.165180882540649
0.0841674135149723 0.32674324199216 -0.075524449107705 0.0222633029518409
-0.0779199275641557 0.254424879634919 0.00776066110847125 -0.177463880986845
0.0345591854215503 0.25320513499688 0.148981643453269 -0.154054897337565
0.167319716623113 0.166061691543579 0.0606871927724464 -0.264294347537944
0.188328665466146 -0.0407238289091178 -0.103620254784054 -0.209275103397091
0.0677125435411453 -0.157544657765537 -0.164548219787286 -0.0606129335574588
-0.0618713612172435 -0.139820832127552 -0.12202000845467 0.0359320151991862
-0.110988238720654 -0.0732111998679905 -0.0739125827200733 0.0489913246787357
-0.106685453671819 -0.0468441948347451 -0.041005833753434 -0.00268693035850641
-0.100278323466509 -0.045985702773705 -0.027765422657108 -0.0525792945115261
-0.114893897452713 -0.0947296843177139 0.016796052963429 -0.114454898845583
-0.0575419599722037 -0.164433045632932 0.0977969867034532 -0.135032819010285
0.0657893107869942 -0.165265091811647 0.184096236410001 0.00137792450788742
0.208119663669637 -0.0459738842339699 0.104285612866815 0.147512741941234
0.183927692865468 0.164751812432549 -0.0524925710643329 0.136322078076527
0.0470090548729537 0.27589778975458 -0.0733555107329101 -0.0609292834617029
-0.0888870853147531 0.16836822682486 0.0464593120579285 -0.266833992985922
-0.0123248003014035 0.193100332669937 0.157799543803967 -0.184222406086991
0.102333300161232 0.148088003234271 0.103212551324947 -0.245414059862475
0.143876367390099 -0.00977719916962599 -0.0275980523373442 -0.226124159228665
0.0610071023024859 -0.112461159735833 -0.133649637717635 -0.131374860468387
-0.0402508257969188 -0.109224465933439 -0.150007182734968 -0.0227920204196276
-0.0879436320773842 -0.060551437343578 -0.118976591495664 0.0204572259346179
-0.083584377391961 -0.0397014116459591 -0.0801617289819595 -0.021536576622825
-0.0789412870241902 -0.0360137859153175 -0.0641910900512189 -0.0701476675262585
-0.0875864392399118 -0.0777321433293754 -0.013420031070476 -0.137541727672468
-0.0379455190715179 -0.133662789043037 0.0809990877920595 -0.164457733390505
0.0658627080379676 -0.127930711905963 0.185960634511095 -0.0320883083234955
0.168617138848699 -0.00843251731863518 0.112118973038208 0.119791056845329
0.112982883634277 0.150044664837107 -0.0423274781881625 0.108325604065936
-0.00716991074806168 0.197809562333184 -0.0612341477907756 -0.123315687908581
-0.0747511307828211 0.052823182270379 0.0736590706432073 -0.313532151272164
-0.0400340788679929 0.0926541320349162 0.159546347837995 -0.198658510673181
0.0316280333006025 0.0885459383183682 0.124826676064139 -0.225808186268412
0.0719578939230604 0.00789626863495942 0.015835932602444 -0.230573076825653
0.0366676505651341 -0.0523917584867387 -0.11436145056396 -0.169085688731516
-0.0159555197650538 -0.0587832760207292 -0.167439211452357 -0.0573479969559758
-0.0492802062659762 -0.0371609906463332 -0.148179730609618 0.000356516312305748
-0.0489755061115943 -0.0261665168474157 -0.108124077554932 -0.0356986275355325
-0.0497270470091616 -0.0225154645849036 -0.0883211863283997 -0.0861478625456663
-0.0537273303632169 -0.0518395508646803 -0.0291413951285578 -0.157122423636261
-0.0174401331565677 -0.0922033032146843 0.0785572739064645 -0.181762820609753
0.0610592860234478 -0.0833896413323064 0.191115120262077 -0.0474301867026804
0.11828846029029 0.0268204820952978 0.11434018822378 0.107538465638414
0.0364478499206648 0.12130273960493 -0.0350552710692501 0.0892065593448045
-0.0584756763626257 0.100868734460977 -0.0369870332420287 -0.158504187396726
0.0718901867998528 -0.00199669553516011 0.0476655304842952 0.202693819575539
0.0122103721521145 -0.0574951980102309 0.122929191790681 -0.073082176207222
-0.0438326236744495 -0.0340272479631343 -0.0930854730948705 -0.138395301433107
-0.0301068150368712 0.0240045720245914 -0.222421170570063 0.0276428947735555
-0.00185489052560644 0.0227084780149528 -0.10755665084785 0.19989548111112
0.0144552630233016 0.0133798066997813 0.0403169150808558 0.18409631163491
0.0185354027688986 0.00253113095204313 0.0989703322521705 0.11960088908677
0.00358644628162681 0.00052316618552619 0.124236549882543 0.056976617791267
-0.00577520056253654 0.00456288257459418 0.148031297090696 0.0266880365573159
-0.0157618908659099 0.00365359821600277 0.161338945644016 0.0625404261819026
-0.0087473136123258 -0.0136008806270505 0.112502548102754 0.168312033222326
0.00817626227137827 -0.0235801989824198 -0.0229621618304775 0.234703862811089
0.0382460459207804 -0.0243962085798695 -0.135157817862946 0.203967382552399
0.0671212545473728 0.018333395602639 -0.205325348714331 0.197377779395678
0.0739020342703978 0.0769908204575783 -0.129741331319453 0.309533910211093
0.0736007235493913 0.098738758096877 0.0118494513850321 0.190887540693894
0.0614188556164253 0.00523922241031458 0.126842835602206 -0.0595463342091008
0.0220661041946586 -0.0270443969848914 -0.0858836404368713 -0.161080844878688
0.00344640767678671 -0.017271942820352 -0.23623862628688 0.00465061178021693
-0.00600078670933685 -0.0315252280043209 -0.127415858184492 0.195511294826614
-0.0187282545687153 -0.0261841008955563 0.0287065312753358 0.190595772384881
-0.0219444716443193 -0.0159992047063045 0.0906974870139147 0.121067666276866
-0.0382670623116196 -0.0177229884659355 0.114542664339025 0.0555540172708401
-0.0471546039130447 -0.0229857004906054 0.134660939367378 0.0183132663096522
-0.0545152898459525 -0.0482996525469209 0.155502828093414 0.035131708828794
-0.00517121385094585 -0.0824528365743326 0.134360270612055 0.128377765214078
0.0686593669869425 -0.064116196647435 0.0243651342944384 0.225088643187251
0.121819104760562 0.00920831277129451 -0.0933462402534002 0.221263529481695
0.110988036805997 0.117677932805085 -0.168598008479889 0.196027166158282
0.0676055348456192 0.20190382893587 -0.110918171405298 0.268824015863323
0.0501343093108476 0.192312335844951 -0.0168391774328201 0.140854304694099
0.0962457083202731 0.0887433027212808 0.134356157395988 -0.0600434047574141
0.0980728036095787 0.00570197389313811 -0.0676638672447374 -0.198260799181745
0.0581173748070201 -0.0557225518406025 -0.243116013356168 -0.0399929444160886
0.00111988330299892 -0.0911156278893455 -0.155840476946237 0.167968648184118
-0.049045017326764 -0.0706389302982918 0.000843675862532745 0.181291590571753
-0.0612858727589695 -0.0375451293248132 0.0655302425571697 0.114733676493368
-0.0744852047205919 -0.0333971861097 0.0892909450774442 0.0478157259085917
-0.0811475308720201 -0.0418111563892999 0.104906202189538 0.00263591325361152
-0.0921483859619738 -0.0834170127587702 0.135906643139246 -0.0063365172103218
-0.0229105421956545 -0.138171583274203 0.149556116509948 0.0609809425672852
0.0931544615296974 -0.118351644255591 0.0898606672731479 0.190403307370406
0.194408743437466 -0.00415256661869444 -0.0301106268364263 0.228687987135042
0.172782912584878 0.17311408088634 -0.126937141313262 0.193211185955513
0.0769718831200601 0.290334090743097 -0.0897388208054347 0.198498438788977
0.00531056952835945 0.260082179803744 -0.028573881888808 0.0528136890350769
0.10421574662659 0.178456221786372 0.140202108422438 -0.0769059437151689
0.164520385282928 0.0640370929971008 -0.033686927425784 -0.235087226148226
0.125264531612308 -0.0765733522865426 -0.22604313638172 -0.102876566192211
0.0226364420892265 -0.142369036447066 -0.178438218777597 0.109070334267636
-0.0680064233252553 -0.111902684015002 -0.0395713157167596 0.15057979618744
-0.0927958443011194 -0.0579244015241351 0.0263279919616739 0.100294354732471
-0.0991221907317728 -0.0444665362743605 0.0510604111960481 0.0345876532206299
-0.101469009115798 -0.0510860076954546 0.0639659459223699 -0.0151902882094479
-0.117619554415852 -0.10007263390793 0.100406549839647 -0.048577454690447
-0.0485486508287687 -0.169813657102951 0.144632666854849 -0.0146148154704521
0.087372097199023 -0.162882355685914 0.144553998871247 0.12772223723802
0.232544129991791 -0.0398122682077491 0.0326915016879771 0.21378413232849
0.217485634787323 0.184303429026428 -0.0919619888070975 0.180064469754025
0.0876933985294297 0.327847991532334 -0.0783346327760765 0.110051910229823
-0.0450088143884151 0.28098866607213 -0.018308641410082 -0.0590322605182423
0.0778837647626231 0.241533333799838 0.14431659620904 -0.107663827551659
0.190214765995473 0.129430070249412 0.0142947917542011 -0.256906022874386
0.176569897116108 -0.0674912644124977 -0.173661863256701 -0.165559771867073
0.0499154002072568 -0.165932261663071 -0.180647986528141 0.0245920502810227
-0.0702638168071677 -0.137395820930625 -0.0828456314209251 0.0974326560307523
-0.108949996320498 -0.0708865983966537 -0.0225597493710555 0.0765801193551734
-0.109474274961492 -0.0493840418647591 0.00595881133140542 0.016495054739206
-0.105677549785636 -0.0517160427312585 0.0175697609906441 -0.0327993618572399
-0.124028535743069 -0.1019213878939 0.0576053137419438 -0.0841738292996484
-0.0619585496434003 -0.175137476635454 0.121620424446138 -0.080877824854249
0.0727435297312099 -0.176062701235055 0.172100145301549 0.0598914564311723
0.230542279772869 -0.0564859014299698 0.0776544578893716 0.180421392480109
0.219902011027343 0.174985617020048 -0.0690316904400974 0.157690223967208
0.0777503390913473 0.316939959513942 -0.0755134449186578 0.0182044495832341
-0.0812366301536845 0.244755173556464 0.0136697129886569 -0.171078070697983
0.0274722646812226 0.246366827533423 0.150957958912131 -0.145226744231973
0.160291775255987 0.164556987638178 0.0658262248804185 -0.255083106287153
0.18316981437238 -0.036519914552754 -0.0951980553981684 -0.207480989930685
0.0665483169842232 -0.15184669009598 -0.159116125490102 -0.0639577978325468
-0.0577155455201535 -0.135415902624073 -0.11933749153005 0.0331925797022388
-0.105543951454718 -0.0727047148309651 -0.0730619722962294 0.0472146788468795
-0.103001130623768 -0.0477680585557778 -0.0402373005882868 -0.00237812756063376
-0.0962586863213672 -0.0464098502789786 -0.0255119558642899 -0.0504956662105737
-0.110317376443229 -0.0929626215499976 0.0184972916288655 -0.111647164751488
-0.0556103233526505 -0.159849118207073 0.095909321443785 -0.127664301913924
0.0661233330249031 -0.158189135889347 0.179734073936899 0.00515371256659157
0.203528002857537 -0.0412688511453849 0.0996751614090069 0.145517488711332
0.176656385613172 0.163437859250876 -0.055218355515336 0.130925749913852
0.0413356970320297 0.266542778539526 -0.0717163329391094 -0.0615241889397878
-0.0898954580170329 0.161045882973614 0.0524898360161933 -0.257195415695371
-0.0168281789446039 0.186425622508851 0.158960749848419 -0.173802896458706
0.0966048774905249 0.145834792990327 0.105598819703922 -0.234180403150831
0.139142692226682 -0.00710225648213211 -0.021118975883026 -0.222910765808618
0.0597669199361512 -0.107713042464212 -0.127327133105196 -0.13189817982715
-0.037433718005393 -0.105099991726235 -0.145100349091891 -0.0240883112573017
-0.0832992678561674 -0.0590334689726763 -0.115898176770098 0.0190205263331158
-0.0805503134227958 -0.0408008210479818 -0.0786711240596239 -0.021155027846308
-0.0753700654964458 -0.0369963698804563 -0.0610781082434406 -0.068589934870757
-0.0843371012510192 -0.0759512944968135 -0.0101794160900053 -0.133602639274754
-0.0363343571664159 -0.130007121791236 0.0806981350555449 -0.156842722010538
0.0657363082809631 -0.121891587566408 0.181185195981005 -0.0277867198685861
0.163389321534567 -0.00550263619817068 0.106978619081553 0.119471049837597
0.108215794448843 0.147893570737682 -0.0450751273179538 0.104145785521435
-0.0102902090336393 0.190712928251634 -0.05819869885433 -0.121061123552383
-0.0744055826428077 0.0488148959673561 0.079010742631969 -0.301260295500289
-0.0411100964573728 0.0884010170837132 0.159415423520337 -0.187912990828346
0.0295372925382761 0.0861638644755519 0.127076006212155 -0.215406511957235
0.0691653940823204 0.0091099265247392 0.0211395471270376 -0.225247573037479
0.0351313825653627 -0.0498272073234482 -0.108218702474975 -0.167781087991908
-0.0140040652130002 -0.0559289117624382 -0.162620205692584 -0.0582120399239847
-0.046828916596303 -0.0357577553630913 -0.144499423599934 -0.00050464608824052
-0.0474348805207788 -0.0273217922674882 -0.105504484962793 -0.0356788377751717
-0.0457570303471946 -0.0229759912524593 -0.0842368824751861 -0.0848640339342167
-0.0516045550355028 -0.0505045033943164 -0.026187515683566 -0.152152041944313
-0.0157876313311179 -0.0898005380245888 0.0780656181234778 -0.174555352112614
0.0598384292053113 -0.078882891933138 0.18625894822556 -0.0424644265963681
0.114858493756123 0.027784789462211 0.109428559397881 0.107328857825472
0.0330477033135663 0.119021150731781 -0.0371036351274828 0.0856867415714267
-0.0588034330220041 0.0964630823682964 -0.0345485429462912 -0.153888269404188
0.071880015633142 0.000490597226990693 0.0436827031449949 0.203430983639825
0.0134513936558944 -0.0562940512969134 0.127415343372516 -0.0723833383394589
-0.0433291968481162 -0.0354226196789486 -0.0882493938029873 -0.144208478967763
-0.0307058106975752 0.0237434669297629 -0.225129101423495 0.021511231840739
-0.0027730790340788 0.0232135785810386 -0.113252472307362 0.199418738097236
0.0143456295057657 0.0130277473226439 0.0350771846044815 0.186228910527667
0.0180616279111262 0.00182362123954949 0.0967543303231086 0.122369188087656
0.00284678605260704 0.000554699770120758 0.124305876835219 0.0600764222334804
-0.00609905365374859 0.00463871534577647 0.149236960293325 0.0298378701391099
-0.0163792687950091 0.00302984930810757 0.160749881860918 0.0669960836108028
-0.00892594115785427 -0.0141723083761894 0.109243119713434 0.173730450327699
0.00912940423201139 -0.0241386551900852 -0.0295104638889537 0.236871908774585
0.0390801452125267 -0.0229841952623227 -0.144628076493508 0.200385484391017
0.0673388057395094 0.0215712171903399 -0.214370354980584 0.192074787796972
0.0722534668388078 0.0796496774962952 -0.140260834477072 0.305592339435674
0.0709748262507653 0.10097126392805 0.00851990306937043 0.190366328516719
0.0609676152666088 0.00734205654245317 0.132271418361445 -0.0578705338702346
0.0226772817362208 -0.0265794283273554 -0.0802032845229716 -0.165876359943028
0.00453486131930465 -0.017118956150118 -0.238399270740079 -0.00288012667404945
-0.0064582096827937 -0.0313347433945254 -0.134127631260379 0.193694780429947
-0.0189903602496709 -0.0266009183017892 0.0235781852503556 0.192176556439284
-0.0219781035951384 -0.0179406037119895 0.0881877615450445 0.124150621667952
-0.0385701549506089 -0.0190946352070081 0.115530758648846 0.058609919532308
-0.0473860775866336 -0.0237656378036028 0.135561241872366 0.0216569484247265
-0.0543074318283815 -0.0489050144569806 0.156414409325079 0.0391019491472814
-0.0042408891353525 -0.0830242032225079 0.131848473084177 0.133893667801789
0.0710582450105547 -0.0620421473652403 0.0181358812988724 0.228667393161299
0.12277398125646 0.0129858348974993 -0.101604835681201 0.218350870383336
0.109127884096692 0.122707990703187 -0.176876762582234 0.192175539632267
0.0623331283864329 0.204903876323081 -0.120104579707284 0.264935565237727
0.0440873227457261 0.195117427195973 -0.017893546532995 0.139671800779412
0.0937090221317928 0.0917245579943738 0.140722234895538 -0.0569594985147677
0.0984648437000945 0.00866728691517853 -0.0609525973136293 -0.202959858915844
0.0602207305567012 -0.0540657860141388 -0.244858629996162 -0.0476944065967154
0.00226594514522748 -0.0912079777915302 -0.161180849947683 0.164832357546934
-0.0478833633816971 -0.0716136100018292 -0.00412735216154355 0.18226219461408
-0.0604545156867437 -0.0404812614474423 0.0634027486857723 0.117889447934388
-0.0748788122876191 -0.036323445147749 0.0892210741691206 0.050003208887364
-0.0810701781381462 -0.0436663851453583 0.106857120678208 0.00525350448387486
-0.0919764012703399 -0.0849285803452445 0.137182629900005 -0.00284443390396001
-0.0217467902122295 -0.139610286329489 0.149256958251316 0.0673340347046723
0.0968218097808652 -0.116835947373615 0.085321155755186 0.194684345823308
0.197095756810264 0.00129473284983768 -0.0380852155671714 0.228736809037354
0.169492852291084 0.179301131804871 -0.135450004286449 0.189637370806479
0.0696222150223981 0.293505958388366 -0.0967408034519933 0.194387330149498
-0.00264093351678048 0.261740677597554 -0.0281148160367826 0.0526254508910694
0.0987438201056682 0.182699605395011 0.147076602009055 -0.0732512698025384
0.164422075291157 0.0698760950942549 -0.0256250835473494 -0.238833054071389
0.127751342972354 -0.0735469687822703 -0.225285753188748 -0.110564656907637
0.0246567583011203 -0.142535147963775 -0.183093703269917 0.104426548900716
-0.0661442355760695 -0.113428858800261 -0.0432759796437227 0.150322789580897
-0.0916120293394854 -0.0611628038246722 0.0236197243659539 0.101756194894044
-0.0993340873960582 -0.0480738061926713 0.0515717206915726 0.0358778921363657
-0.100952527658442 -0.0538164077769923 0.0651462890581285 -0.0135274208266635
-0.117866315983258 -0.102230945681637 0.102363517225629 -0.047184150361855
-0.0468567524681852 -0.171425552673876 0.145407284080173 -0.00978073064094718
0.0914212666608028 -0.161036111299165 0.141861590399155 0.133898736710802
0.235026222963614 -0.0338338903462837 0.0272987605644593 0.216139728530693
0.215041394233358 0.192238424746661 -0.10052886747179 0.17810811651016
0.0795554767463988 0.331493277280788 -0.082642741696973 0.106402038756818
-0.0546067105332789 0.281082582713841 -0.0137248343452176 -0.0596847856179882
0.069446296385814 0.245547058164657 0.151928455953649 -0.103166187501946
0.188638087347104 0.135887828928623 0.0237611058474222 -0.258303032977538
0.179553446815951 -0.0634469232832844 -0.169354073610439 -0.173493753680693
0.0529593580092488 -0.165781552410219 -0.182965758400648 0.0184658977040924
-0.0681385367593178 -0.13830477291063 -0.085514516838269 0.0953312441254724
-0.107687850629617 -0.0739379350242393 -0.0256707320886475 0.0774806837498015
-0.109319999133942 -0.0531991671368496 0.00461852546532388 0.0170839189443418
-0.105007626048223 -0.054914097722194 0.0191287628536012 -0.0319474351265474
-0.123762635477809 -0.103637010695354 0.0607029415658239 -0.0834495869303358
-0.0599320819365008 -0.176578624516148 0.123848108842687 -0.0763309967184425
0.0767652137354493 -0.17484204217598 0.171950476693308 0.0657152263754946
0.234031972082089 -0.0514550046288821 0.0737951047128897 0.183760457785007
0.21723567667458 0.182011979369856 -0.0764188107861256 0.156963260537571
0.0701936459908638 0.31988697859914 -0.0781081293243412 0.014375917729786
-0.0904341173086333 0.2441249394696 0.020832844290097 -0.170577969157983
0.0187375741079295 0.247710748234869 0.158398466213577 -0.140013287196647
0.15749620107543 0.16988311602773 0.0751382667061883 -0.253000456567234
0.185394784370302 -0.0318377429155299 -0.0895118584660182 -0.213235791808418
0.0696759533017332 -0.150639827149995 -0.158941813224057 -0.0702307215260553
-0.0548874110814134 -0.136802820016944 -0.120992184563783 0.0303097086898168
-0.104271987442626 -0.0744986265038005 -0.0751029833271319 0.046829459395876
-0.102804307282368 -0.0519689912138058 -0.0404447112102889 -0.00293499833768633
-0.094963580698598 -0.0499028174569422 -0.0237583430784426 -0.0506198308405612
-0.109292556242692 -0.0948036714424289 0.0215652785055549 -0.111343562882574
-0.0531374288867579 -0.161524950771279 0.0991945389481947 -0.124380179212305
0.0695668048296312 -0.157081937383633 0.181315962437608 0.0107084646900028
0.206032368009214 -0.0366136986933961 0.0964313935873614 0.149061589297049
0.174004860328324 0.168508885147706 -0.0615489684471206 0.12921814136426
0.0349478691989801 0.268424244413549 -0.0720403705026418 -0.0649484698282568
-0.0964097137713716 0.159308867405319 0.0611115294175678 -0.256061859018405
-0.0236027136247112 0.186580824264888 0.166861851849694 -0.16814218698211
0.0935332192878675 0.149311740491706 0.114733131539652 -0.232047580306502
0.140742715955275 -0.00362235754706507 -0.0132882202815933 -0.226353320247324
0.0616672916482076 -0.106619537795043 -0.125312001896478 -0.137996020306799
-0.0351584979994598 -0.105736248352839 -0.145441703277981 -0.0276283051345938
-0.0823577375891584 -0.0616408358908561 -0.117907842715958 0.0174277396166701
-0.0812454725219434 -0.0438580026087679 -0.0803254793649229 -0.0222461617549543
-0.0734859539263066 -0.040174470208318 -0.0590735193154313 -0.0695262125382003
-0.0828430129124596 -0.0771473575856733 -0.00702560307606502 -0.134416983811911
-0.0345843193398653 -0.130656795862006 0.0847407153401044 -0.155269848985425
0.0679086714654313 -0.120261364515932 0.183595544089827 -0.0229316518064117
0.165422115998502 -0.00137014363508005 0.104991527870413 0.123455260538491
0.104874164152053 0.151318076899737 -0.0506109365923526 0.103071849554597
-0.0150300129165884 0.191059704805291 -0.0570682383104301 -0.124106203772568
-0.07733679480094 0.0470849710169947 0.0899675208107092 -0.300342008854567
-0.0446192850951465 0.0864231501277126 0.167006030661797 -0.182068410585871
0.0269589744037156 0.0868941682687971 0.135867468108114 -0.211395059020411
0.0690192703774516 0.0108893776696356 0.0304273839935532 -0.228336967878154
0.0362815716176079 -0.0489099811015123 -0.104848097177677 -0.173550115082519
-0.0120537603003832 -0.0555529321099181 -0.161962977993635 -0.0625946483225191
-0.0457796255512143 -0.0366132739768966 -0.145357929850696 -0.00248838178458815
-0.0471457836196346 -0.0285771321742518 -0.106971300348273 -0.0373286750807762
-0.0452572634377867 -0.0250887208814391 -0.082732326350353 -0.0861232990227983
-0.0502176574631508 -0.0515301773549369 -0.0217521210702721 -0.152933493927536
-0.0144448655147019 -0.0892984500199584 0.0827751748887407 -0.17271906809857
0.0618541330922557 -0.0778410462560798 0.189171630795822 -0.0373182986979665
0.11518317204319 0.0306023614886693 0.108040539697633 0.112022011368387
0.0311010047889436 0.120696320219779 -0.0417973479682521 0.0855094577924311
-0.0616878298672851 0.094673518533128 -0.0314730834439702 -0.154502497237986
