TRXV5
3
4
4
9
string Extension=J
integer IsArchMeasurement=1
integer IsSpherical=1
string Generator=SPM
string GeneratorVersion=1.3.1 Dev
double ArchRadius=0.449999988079071
integer FrequencyAxisIndex=0
integer AzimuthAxisIndex=1
integer ElevationAxisIndex=2
Frequency
5 136 690000000 960000000 LIN
Azimuth
7 8 0 2.74889357189107 LIN
Elevation
7 15 -2.74889357189107 2.74889357189107 LIN
Polar H Real Part
13
Polar H Imaginary Part
14
Polar V Real Part
13
Polar V Imaginary Part
14
Polar H Magnitude (dB)
12 0xC0000002 0 1
Polar H Phase
7 0xC0000003 0 1
Polar V Magnitude (dB)
12 0xC0000002 2 3
Polar V Phase
7 0xC0000003 2 3
-0.0141181945800781 0.0374870300292969 0.0568161010742187 -0.006683349609375
0.0248241424560547 0.0296516418457031 0.0274868011474609 0.0122337341308594
0.0267982482910156 -0.00338172912597656 0.0303096771240234 0.0239601135253906
0.0144863128662109 -0.0166769027709961 0.0543708801269531 0.0133781433105469
0.00376701354980469 -0.0194644927978516 0.0600204467773437 -0.0129013061523438
-0.00899314880371094 -0.0220928192138672 0.0489158630371094 -0.0382118225097656
-0.0106487274169922 -0.0183372497558594 0.0351982116699219 -0.0409584045410156
-0.00689315795898438 -0.0178108215332031 0.0237979888916016 -0.0290031433105469
-0.00161552429199219 -0.0252780914306641 0.0135383605957031 -0.0138797760009766
0.0145130157470703 -0.0191535949707031 -0.000267982482910155 -0.00661325454711914
0.0251216888427734 -0.00232696533203125 -0.0183506011962891 -0.0194721221923828
0.0206623077392578 0.0135364532470703 -0.0112380981445312 -0.0440750122070313
0.00124740600585938 0.0271339416503906 0.0290603637695313 -0.06866455078125
-0.0169239044189453 0.03076171875 0.0510902404785156 -0.0616607666015625
-0.0341072082519531 0.0241298675537109 0.0319862365722656 -0.0423393249511719
-0.0313377380371094 0.0463027954101563 0.0500526428222656 0.00856781005859375
0.0112228393554687 0.0466423034667969 0.0226211547851563 0.0269985198974609
0.0267333984375 0.0146045684814453 0.0305366516113281 0.0358619689941406
0.0250606536865234 -0.00259017944335938 0.0569725036621094 0.0247535705566406
0.0179443359375 -0.0134963989257813 0.0634040832519531 -0.00266647338867188
0.00890159606933594 -0.0256938934326172 0.0552024841308594 -0.030364990234375
0.00417137145996094 -0.0257606506347656 0.0393714904785156 -0.0331916809082031
0.00609779357910156 -0.0232944488525391 0.0249481201171875 -0.0210800170898438
0.0130577087402344 -0.0290184020996094 0.0116119384765625 -0.00388050079345703
0.0285587310791016 -0.0183067321777344 -0.0046701431274414 0.00263166427612305
0.0353469848632813 0.004974365234375 -0.0263347625732422 -0.0115127563476562
0.0272731781005859 0.0251712799072266 -0.0233383178710938 -0.0381011962890625
-0.00124740600585937 0.0411605834960938 0.0125236511230469 -0.0672683715820313
-0.0275840759277344 0.0430450439453125 0.0324134826660156 -0.056854248046875
-0.0477485656738281 0.0344352722167969 0.0143165588378906 -0.0349807739257813
-0.0470924377441406 0.0477371215820312 0.0351142883300781 0.0260181427001953
-0.00849533081054687 0.058563232421875 0.0104484558105469 0.0454521179199219
0.0196514129638672 0.0349445343017578 0.0266952514648438 0.0513534545898438
0.0300540924072266 0.0175342559814453 0.0558891296386719 0.0382270812988281
0.0321025848388672 -0.00231361389160156 0.0633430480957031 0.00902938842773437
0.0276451110839844 -0.0233440399169922 0.0572166442871094 -0.0199012756347656
0.0196018218994141 -0.0288066864013672 0.0385589599609375 -0.0223236083984375
0.0181522369384766 -0.0247383117675781 0.0221500396728516 -0.0104541778564453
0.0247898101806641 -0.0296421051025391 0.00689506530761719 0.00682640075683594
0.037445068359375 -0.0179290771484375 -0.0116109848022461 0.0129241943359375
0.0409126281738281 0.00661468505859375 -0.0351676940917969 -0.000782012939453126
0.0329532623291016 0.0287532806396484 -0.0361137390136719 -0.0288810729980469
0.00278091430664063 0.0479011535644531 -0.00618743896484375 -0.0615196228027344
-0.0284042358398438 0.0516433715820312 0.011260986328125 -0.0466499328613281
-0.0522346496582031 0.0418357849121094 -0.00685119628906251 -0.0242557525634766
-0.0566902160644531 0.0423088073730469 0.0123252868652344 0.0409698486328125
-0.0263862609863281 0.0602684020996094 -0.00916290283203126 0.0618782043457031
0.00665283203125 0.0491905212402344 0.0173873901367188 0.0669059753417969
0.0290260314941406 0.0354423522949219 0.0488662719726563 0.0507621765136719
0.0392379760742188 0.011566162109375 0.0557060241699219 0.0202102661132813
0.042022705078125 -0.0155830383300781 0.0518760681152344 -0.00756454467773438
0.0319366455078125 -0.0270500183105469 0.0312442779541016 -0.0095977783203125
0.0268688201904297 -0.0226707458496094 0.0152463912963867 0.00205326080322265
0.0316734313964844 -0.0267772674560547 1.14440917968756E-05 0.0182552337646484
0.0409393310546875 -0.0164299011230469 -0.0182514190673828 0.02386474609375
0.0419692993164062 0.00629425048828125 -0.0410881042480469 0.011688232421875
0.0347881317138672 0.0269126892089844 -0.0437965393066406 -0.0162467956542969
0.00755691528320313 0.0473594665527344 -0.0206947326660156 -0.0489730834960937
-0.0240364074707031 0.0520591735839844 -0.005157470703125 -0.0306739807128906
-0.0512580871582031 0.0426368713378906 -0.0261859893798828 -0.00942802429199218
-0.055206298828125 0.0293731689453125 -0.0126304626464844 0.0510749816894531
-0.0377120971679687 0.0498428344726563 -0.03228759765625 0.0726165771484375
-0.007781982421875 0.0510177612304688 0.00260925292968749 0.0767440795898438
0.0197830200195313 0.04522705078125 0.0358352661132813 0.058319091796875
0.0377998352050781 0.0234832763671875 0.0431327819824219 0.0271034240722656
0.0469703674316406 -0.004669189453125 0.0399322509765625 0.00303268432617187
0.0379257202148437 -0.0202789306640625 0.0201988220214844 0.00283241271972656
0.0305042266845703 -0.0175361633300781 0.00463485717773438 0.0137262344360352
0.0348567962646484 -0.0202503204345703 -0.00735855102539062 0.0293769836425781
0.0403938293457031 -0.01171875 -0.0240726470947266 0.0333690643310547
0.0382957458496094 0.00757598876953125 -0.0439872741699219 0.0213890075683594
0.0305423736572266 0.0249958038330078 -0.0469741821289063 -0.00588607788085937
0.00649642944335938 0.0418586730957031 -0.0269813537597656 -0.0347499847412109
-0.0212249755859375 0.0441932678222656 -0.0156221389770508 -0.0115222930908203
-0.046783447265625 0.0337028503417969 -0.0430984497070313 0.00522613525390626
-0.0407524108886719 0.0136032104492188 -0.0334510803222656 0.05499267578125
-0.0349311828613281 0.0305442810058594 -0.0520401000976563 0.07476806640625
-0.0164794921875 0.0386466979980469 -0.0121383666992187 0.078643798828125
0.00674819946289063 0.0415382385253906 0.0204124450683594 0.0589714050292969
0.0263137817382813 0.027130126953125 0.0291023254394531 0.0273838043212891
0.04071044921875 0.00621795654296875 0.0237655639648438 0.0106639862060547
0.0370216369628906 -0.0099029541015625 0.005767822265625 0.0123538970947266
0.0297126770019531 -0.0098876953125 -0.00548934936523437 0.0236701965332031
0.032928466796875 -0.0119209289550781 -0.0149040222167969 0.0376167297363281
0.0364799499511719 -0.00384521484375 -0.0300407409667969 0.0391387939453125
0.0313682556152344 0.0119171142578125 -0.0459556579589844 0.0269432067871094
0.0215492248535156 0.0259342193603516 -0.0466346740722656 0.000198364257812498
-0.00175285339355469 0.0337333679199219 -0.0287876129150391 -0.0238780975341797
-0.0227031707763672 0.0294990539550781 -0.0202980041503906 0.00245285034179688
-0.0405616760253906 0.0176048278808594 -0.0552253723144531 0.0163002014160156
-0.0180416107177734 -0.00282478332519531 -0.0435600280761719 0.0546646118164063
-0.0216102600097656 0.0087127685546875 -0.061492919921875 0.0708541870117187
-0.0154962539672852 0.017547607421875 -0.0224380493164062 0.0752334594726563
-0.00497055053710938 0.0251674652099609 0.00992202758789063 0.0545806884765625
0.00949668884277344 0.0218601226806641 0.0175323486328125 0.02520751953125
0.0253067016601563 0.0132083892822266 0.00994110107421875 0.0121479034423828
0.0284080505371094 0.00206756591796875 -0.00641536712646484 0.0175638198852539
0.0239772796630859 -0.000883102416992188 -0.0159130096435547 0.0298538208007813
0.0276412963867188 -0.00231361389160156 -0.023773193359375 0.0414390563964844
0.0295810699462891 0.00521087646484375 -0.0368766784667969 0.0407295227050781
0.0231285095214844 0.0167732238769531 -0.0484542846679688 0.0266227722167969
0.0110435485839844 0.0264625549316406 -0.046142578125 0.00135421752929687
-0.0123348236083984 0.0259628295898437 -0.0290508270263672 -0.0179214477539063
-0.0253238677978516 0.0112380981445313 -0.0254058837890625 0.00794792175292969
-0.0318279266357422 -0.00379562377929687 -0.063507080078125 0.0186691284179688
0.00666713714599609 -0.0170841217041016 -0.0435142517089844 0.0508880615234375
-0.000462532043457032 -0.0121297836303711 -0.0600852966308594 0.0656242370605469
-0.00692272186279297 -0.00635528564453125 -0.023162841796875 0.0699577331542969
-0.0118741989135742 0.00222969055175781 0.00760269165039062 0.048583984375
-0.00690841674804688 0.00987052917480469 0.0130615234375 0.0197811126708984
0.00460243225097656 0.0162296295166016 0.00136280059814453 0.0101461410522461
0.0145549774169922 0.013554573059082 -0.0148983001708984 0.0179977416992188
0.0142402648925781 0.00920295715332031 -0.023895263671875 0.0318565368652344
0.0183525085449219 0.00765800476074219 -0.0320205688476562 0.0431137084960938
0.0187206268310547 0.0132541656494141 -0.0450019836425781 0.0402450561523437
0.0127544403076172 0.0201301574707031 -0.0536880493164063 0.0232810974121094
-5.72204589843755E-06 0.0255985260009766 -0.0480575561523438 -0.001617431640625
-0.0222320556640625 0.0159473419189453 -0.0306682586669922 -0.0179538726806641
-0.0256118774414062 -0.0074005126953125 -0.0290641784667969 0.00539970397949218
-0.0196647644042969 -0.0247764587402344 -0.0688095092773438 0.0148429870605469
-0.00846481323242188 0.043121337890625 0.0640106201171875 -0.00984954833984375
0.0325603485107422 0.0287380218505859 0.0333347320556641 0.0102958679199219
0.0304889678955078 -0.008575439453125 0.0342197418212891 0.0213241577148438
0.0136241912841797 -0.0222187042236328 0.0574264526367187 0.0104141235351562
-0.000627517700195311 -0.0229206085205078 0.0623512268066406 -0.0169563293457031
-0.0152397155761719 -0.0236434936523438 0.0495452880859375 -0.0431289672851562
-0.0157184600830078 -0.0175762176513672 0.03594970703125 -0.0455970764160156
-0.01165771484375 -0.0185718536376953 0.0257320404052734 -0.0324478149414063
-0.00708770751953125 -0.0268898010253906 0.0164852142333984 -0.0147056579589844
0.0119514465332031 -0.0245494842529297 0.0026392936706543 -0.00523805618286133
0.0274734497070313 -0.00762748718261719 -0.0195884704589844 -0.0163135528564453
0.0256576538085938 0.0111541748046875 -0.0157012939453125 -0.0427703857421875
0.00673484802246094 0.0315036773681641 0.023651123046875 -0.0744400024414063
-0.0137748718261719 0.0388526916503906 0.0505867004394531 -0.0701141357421875
-0.0334320068359375 0.0334129333496094 0.0343246459960938 -0.0461006164550781
-0.0285568237304687 0.0535812377929687 0.0588912963867187 0.00778961181640625
0.0176620483398437 0.0483856201171875 0.0301876068115234 0.026824951171875
0.0301094055175781 0.0117530822753906 0.0359649658203125 0.0341224670410156
0.0252151489257813 -0.00639152526855469 0.0614509582519531 0.0220947265625
0.015873908996582 -0.0166702270507813 0.0677528381347656 -0.006805419921875
0.00406265258789063 -0.0278854370117188 0.0575599670410156 -0.0358200073242188
0.000423431396484377 -0.0273590087890625 0.0426406860351562 -0.0389022827148438
0.00308609008789062 -0.0245189666748047 0.0281600952148437 -0.0248050689697266
0.00948715209960937 -0.0326099395751953 0.0159807205200195 -0.00498676300048828
0.0278816223144531 -0.0235691070556641 -0.000803470611572263 0.00511646270751953
0.0388374328613281 8.392333984375E-05 -0.0270175933837891 -0.00624275207519531
0.0327873229980469 0.0241279602050781 -0.0278053283691406 -0.0352058410644531
0.0033111572265625 0.046173095703125 0.00650787353515625 -0.0712738037109375
-0.0263900756835938 0.0517158508300781 0.0314788818359375 -0.0631141662597656
-0.0495109558105469 0.044342041015625 0.0159263610839844 -0.0360107421875
-0.0475044250488281 0.0546875 0.0438423156738281 0.0284843444824219
-0.00400543212890625 0.0623741149902344 0.018829345703125 0.0472030639648438
0.0222053527832031 0.0340385437011719 0.0330467224121094 0.0510787963867188
0.0324897766113281 0.0151882171630859 0.0621757507324219 0.0361480712890625
0.0317516326904297 -0.00478172302246094 0.0685272216796875 0.00539016723632813
0.0260696411132813 -0.0268688201904297 0.0609626770019531 -0.0252723693847656
0.0181159973144531 -0.0321788787841797 0.0420036315917969 -0.027252197265625
0.0169486999511719 -0.0269355773925781 0.0264911651611328 -0.0132675170898438
0.023040771484375 -0.0335311889648438 0.0121259689331055 0.00647258758544922
0.0381011962890625 -0.022552490234375 -0.00633907318115234 0.0166053771972656
0.0450668334960938 0.00323104858398438 -0.0340995788574219 0.00540733337402344
0.0385475158691406 0.0289459228515625 -0.0394096374511719 -0.0232505798339844
0.0070037841796875 0.0526046752929687 -0.0128326416015625 -0.0625534057617188
-0.0283889770507812 0.059906005859375 0.00983428955078125 -0.049102783203125
-0.0558357238769531 0.0505180358886719 -0.00627708435058594 -0.0223884582519531
-0.0601310729980469 0.0475921630859375 0.0202789306640625 0.0476226806640625
-0.0259056091308594 0.0647697448730469 -0.00120925903320313 0.0676078796386719
0.007904052734375 0.0521354675292969 0.0246429443359375 0.0681343078613281
0.0320472717285156 0.0360794067382813 0.0556602478027344 0.0499305725097656
0.041778564453125 0.0104446411132813 0.0622596740722656 0.0176773071289062
0.043548583984375 -0.0193099975585937 0.0565338134765625 -0.0122833251953125
0.0327568054199219 -0.0312919616699219 0.0357170104980469 -0.012786865234375
0.0280971527099609 -0.0253028869628906 0.0196743011474609 -0.000377655029296877
0.0326042175292969 -0.030242919921875 0.00663948059082031 0.0185794830322266
0.0436515808105469 -0.0198135375976563 -0.0122432708740234 0.0274772644042969
0.0459022521972656 0.00457000732421875 -0.0386123657226563 0.0180740356445313
0.0389213562011719 0.0280418395996094 -0.0465087890625 -0.00981903076171875
0.0105018615722656 0.0514602661132813 -0.0263595581054688 -0.047821044921875
-0.0251693725585938 0.0581398010253906 -0.00707626342773438 -0.0298137664794922
-0.0557708740234375 0.0499229431152344 -0.0264968872070313 -0.00511932373046874
-0.0603828430175781 0.0320014953613281 -0.00732040405273437 0.0591926574707031
-0.0409660339355469 0.0533905029296875 -0.0258026123046875 0.0817108154296875
-0.00833511352539063 0.0551910400390625 0.00975799560546874 0.0802764892578125
0.0224838256835938 0.0489921569824219 0.0427207946777344 0.0589942932128906
0.0413551330566406 0.0242538452148438 0.0492782592773438 0.0259819030761719
0.0515708923339844 -0.00720977783203125 0.0443649291992188 7.62939453124956E-06
0.0412445068359375 -0.0236244201660156 0.0235748291015625 0.001312255859375
0.0338134765625 -0.0195560455322266 0.0089111328125 0.0133800506591797
0.0379295349121094 -0.0236129760742187 -0.00169754028320312 0.0305042266845703
0.0441093444824219 -0.0138359069824219 -0.0186233520507812 0.0374908447265625
0.0425872802734375 0.00783920288085938 -0.0413665771484375 0.0278053283691406
0.0343914031982422 0.0276870727539063 -0.047576904296875 0.000801086425781261
0.00706863403320312 0.0457077026367188 -0.0309963226318359 -0.0316486358642578
-0.0239944458007813 0.0489845275878906 -0.0164194107055664 -0.00878810882568359
-0.0520515441894531 0.0390815734863281 -0.0444679260253906 0.0117454528808594
-0.0473175048828125 0.0130119323730469 -0.0310707092285156 0.0653877258300781
-0.0409927368164063 0.0315895080566406 -0.0478591918945312 0.0857696533203125
-0.0191421508789062 0.0427589416503906 -0.00541687011718749 0.0849151611328125
0.00722503662109375 0.0472755432128906 0.02728271484375 0.0605850219726562
0.0296192169189453 0.0307235717773438 0.0325717926025391 0.0266265869140625
0.0462455749511719 0.00584030151367188 0.0268955230712891 0.008270263671875
0.0413017272949219 -0.0126533508300781 0.00802993774414063 0.0128192901611328
0.0338516235351563 -0.0117835998535156 -0.00263214111328125 0.0249137878417969
0.0373573303222656 -0.0139541625976562 -0.0112266540527344 0.0402908325195313
0.0416412353515625 -0.00494766235351563 -0.0255470275878906 0.0434494018554688
0.0361900329589844 0.0126266479492187 -0.0436630249023437 0.0325965881347656
0.0248985290527344 0.0296745300292969 -0.0472869873046875 0.00573730468749999
-0.00275802612304688 0.0390167236328125 -0.0314693450927734 -0.0201225280761719
-0.0270233154296875 0.0326862335205078 -0.0214042663574219 0.00632858276367187
-0.0469741821289063 0.0199470520019531 -0.0573196411132813 0.0227851867675781
-0.023193359375 -0.00713157653808594 -0.0442962646484375 0.0643043518066406
-0.0273303985595703 0.00626564025878906 -0.060150146484375 0.0826950073242188
-0.0198001861572266 0.0193996429443359 -0.0162887573242188 0.081512451171875
-0.00728225708007813 0.0300121307373047 0.0148200988769531 0.05596923828125
0.0114250183105469 0.0268230438232422 0.0203952789306641 0.0242881774902344
0.0307598114013672 0.0156669616699219 0.011810302734375 0.0114603042602539
0.0345230102539063 0.00135993957519531 -0.00576400756835937 0.0189266204833984
0.0294666290283203 -0.0017547607421875 -0.0138435363769531 0.0322723388671875
0.0339717864990234 -0.003662109375 -0.0210075378417969 0.0455818176269531
0.0358085632324219 0.0051727294921875 -0.0339469909667969 0.0455970764160156
0.0279464721679688 0.019317626953125 -0.0470428466796875 0.0319290161132813
0.0140552520751953 0.0313034057617188 -0.0463638305664063 0.0066375732421875
-0.01470947265625 0.0311717987060547 -0.0314292907714844 -0.0144023895263672
-0.0323734283447266 0.0135593414306641 -0.0272312164306641 0.011932373046875
-0.0393905639648438 -0.00397872924804687 -0.0677070617675781 0.0250396728515625
0.00417709350585938 -0.0246658325195313 -0.0450286865234375 0.0591773986816406
-0.00616645812988281 -0.0176982879638672 -0.0594863891601563 0.075714111328125
-0.0120992660522461 -0.00779151916503906 -0.0176239013671875 0.0764312744140625
-0.0166120529174805 0.00558662414550782 0.0116424560546875 0.0492324829101563
-0.00755119323730468 0.015742301940918 0.0147819519042969 0.0177440643310547
0.00909233093261719 0.0205459594726563 0.000186920166015626 0.00897789001464844
0.0210857391357422 0.0139064788818359 -0.0161170959472656 0.0200519561767578
0.01953125 0.00980949401855469 -0.0235404968261719 0.0350532531738281
0.0240116119384766 0.00744056701660156 -0.0302238464355469 0.047882080078125
0.0253753662109375 0.01361083984375 -0.0439453125 0.0445938110351562
0.0172634124755859 0.0230751037597656 -0.053253173828125 0.0277862548828125
0.00213241577148437 0.0305747985839844 -0.0491714477539063 0.0023956298828125
-0.0255870819091797 0.0200691223144531 -0.0329742431640625 -0.0154933929443359
-0.0331153869628906 -0.00656318664550781 -0.0323333740234375 0.00925445556640625
-0.0279636383056641 -0.0281867980957031 -0.0747451782226563 0.0195236206054687
-0.00136184692382813 0.0462989807128906 0.0700225830078125 -0.0148277282714844
0.0388755798339844 0.0249824523925781 0.037933349609375 0.005645751953125
0.0303516387939453 -0.0142250061035156 0.0354537963867188 0.017547607421875
0.0108375549316406 -0.0266189575195313 0.0583915710449219 0.00598526000976562
-0.00420761108398437 -0.0244598388671875 0.0624008178710938 -0.0212860107421875
-0.0212554931640625 -0.0223484039306641 0.0482406616210938 -0.0467033386230469
-0.0203380584716797 -0.0163974761962891 0.035308837890625 -0.0497474670410156
-0.0161037445068359 -0.0170507431030273 0.0267219543457031 -0.0361366271972656
-0.0136184692382812 -0.0274085998535156 0.0192947387695313 -0.0165443420410156
0.0074920654296875 -0.0279312133789063 0.00566339492797852 -0.0050811767578125
0.0273418426513672 -0.0135154724121094 -0.0184860229492187 -0.0123882293701172
0.0294818878173828 0.00688743591308594 -0.0187873840332031 -0.0392913818359375
0.0130863189697266 0.0325584411621094 0.0167083740234375 -0.0764846801757813
-0.00862884521484375 0.045257568359375 0.0474777221679688 -0.07672119140625
-0.0296134948730469 0.0421371459960938 0.0359306335449219 -0.0497360229492188
-0.0226402282714844 0.0580177307128906 0.0668220520019531 0.00483322143554688
0.0236129760742188 0.0471267700195313 0.0365829467773438 0.0236244201660156
0.0318412780761719 0.00738525390625 0.0390968322753906 0.0305442810058594
0.0234889984130859 -0.00952339172363281 0.0637397766113281 0.0181236267089844
0.0131072998046875 -0.0195999145507813 0.0692939758300781 -0.0111160278320313
2.09808349609358E-05 -0.02862548828125 0.0577468872070313 -0.041015625
-0.00339508056640625 -0.0273704528808594 0.0426979064941406 -0.0440902709960938
-0.000213623046875001 -0.0244903564453125 0.0307350158691406 -0.0283660888671875
0.00461959838867187 -0.0335750579833984 0.020782470703125 -0.00742149353027344
0.0248241424560547 -0.0272445678710938 0.00526332855224609 0.00548028945922851
0.0402755737304688 -0.00479507446289063 -0.0250282287597656 -0.00160789489746094
0.0377197265625 0.0209541320800781 -0.0299968719482422 -0.0300540924072266
0.0092620849609375 0.0487785339355469 -0.000503540039062492 -0.071441650390625
-0.0221595764160156 0.0592689514160156 0.0285530090332031 -0.0665855407714844
-0.0470924377441406 0.0540885925292969 0.0178108215332031 -0.0370407104492188
-0.0455360412597656 0.0603675842285156 0.0531692504882813 0.0272407531738281
0.00101089477539062 0.0634994506835938 0.0273208618164063 0.0465545654296875
0.024322509765625 0.0323810577392578 0.03851318359375 0.0481376647949219
0.0330390930175781 0.01312255859375 0.0658111572265625 0.0325202941894531
0.03094482421875 -0.00714492797851563 0.0717315673828125 0.0012054443359375
0.0231475830078125 -0.0287456512451172 0.0626335144042969 -0.0307960510253906
0.0149173736572266 -0.0336208343505859 0.0442695617675781 -0.032623291015625
0.0153312683105469 -0.0286731719970703 0.0297794342041016 -0.017425537109375
0.0204849243164062 -0.0352363586425781 0.0179958343505859 0.00471878051757812
0.0371513366699219 -0.0262603759765625 -0.000178337097167967 0.0168485641479492
0.046966552734375 -0.000164031982421875 -0.0307884216308594 0.0108108520507813
0.0430564880371094 0.0266380310058594 -0.0406150817871094 -0.0170173645019531
0.0114097595214844 0.0556221008300781 -0.0184745788574219 -0.0600929260253906
-0.0252494812011719 0.0665092468261719 0.00754165649414063 -0.0506439208984375
-0.0555038452148438 0.0600357055664063 -0.00386619567871094 -0.0200901031494141
-0.06085205078125 0.0530548095703125 0.0298843383789062 0.04998779296875
-0.0244979858398438 0.068603515625 0.00808334350585937 0.0692329406738281
0.0103302001953125 0.0525283813476562 0.0316200256347656 0.0664291381835938
0.0341758728027344 0.0360603332519531 0.0611724853515625 0.0471153259277344
0.0434989929199219 0.00904464721679687 0.06561279296875 0.0135002136230469
0.0433235168457031 -0.0220756530761719 0.0589942932128906 -0.0175361633300781
0.0313930511474609 -0.0337390899658203 0.038604736328125 -0.017242431640625
0.0283489227294922 -0.0278606414794922 0.0236797332763672 -0.00315284729003906
0.0321846008300781 -0.0332660675048828 0.01214599609375 0.0178775787353516
0.0441818237304688 -0.0231704711914063 -0.00455093383789062 0.028778076171875
0.0488853454589844 0.0025482177734375 -0.0337066650390625 0.0230083465576172
0.0433197021484375 0.0277328491210938 -0.0454521179199219 -0.00348281860351562
0.0131187438964844 0.0543785095214844 -0.0302352905273438 -0.0441741943359375
-0.024627685546875 0.064910888671875 -0.00691032409667969 -0.0284957885742187
-0.0569496154785156 0.0571708679199219 -0.0240058898925781 -0.000658035278320305
-0.0639495849609375 0.0351982116699219 0.00091171264648437 0.0654869079589844
-0.0421104431152344 0.057769775390625 -0.0169677734375 0.086822509765625
-0.0081024169921875 0.05841064453125 0.0176239013671875 0.0810546875
0.0253181457519531 0.0514793395996094 0.0488128662109375 0.0569610595703125
0.0446205139160156 0.0244712829589844 0.0526885986328125 0.0217628479003906
0.0537605285644531 -0.00964736938476563 0.0468826293945312 -0.00409317016601563
0.0427474975585937 -0.0278205871582031 0.0267047882080078 -0.00126075744628906
0.0358619689941406 -0.023162841796875 0.0130882263183594 0.0115585327148437
0.0397071838378906 -0.0268898010253906 0.00427055358886719 0.0297927856445313
0.0468521118164063 -0.01690673828125 -0.0114593505859375 0.0379981994628906
0.0463409423828125 0.00716018676757813 -0.0359344482421875 0.0322494506835938
0.0381317138671875 0.0288047790527344 -0.0455513000488281 0.00651168823242187
0.00897979736328125 0.0488739013671875 -0.0334739685058594 -0.0269985198974609
-0.0256385803222656 0.0542106628417969 -0.0157594680786133 -0.00643825531005859
-0.05560302734375 0.0446739196777344 -0.0416336059570313 0.0167465209960938
-0.0516929626464844 0.014007568359375 -0.0254898071289063 0.0726470947265625
-0.0454521179199219 0.0342979431152344 -0.0398101806640625 0.093048095703125
-0.0209846496582031 0.0461997985839844 0.00223541259765625 0.0865631103515625
0.00931549072265625 0.0507926940917969 0.0326576232910156 0.058685302734375
0.0330486297607422 0.0321426391601563 0.0354156494140625 0.02435302734375
0.0511283874511719 0.00351333618164063 0.0294036865234375 0.00512313842773438
0.0452957153320313 -0.0159149169921875 0.0107336044311523 0.0117950439453125
0.0374984741210938 -0.0145645141601563 0.000545501708984375 0.0246353149414063
0.0411911010742188 -0.0174598693847656 -0.005767822265625 0.0398216247558594
0.0462646484375 -0.00792312622070313 -0.0189552307128906 0.044525146484375
0.0413856506347656 0.0132026672363281 -0.0385780334472656 0.0360641479492188
0.0292453765869141 0.0323486328125 -0.0444107055664063 0.0111045837402344
-0.00205612182617187 0.0432701110839844 -0.0316238403320313 -0.0165824890136719
-0.0309944152832031 0.0377120971679687 -0.0196475982666016 0.00956153869628906
-0.0528068542480469 0.0245895385742187 -0.0565147399902344 0.0297775268554687
-0.0289325714111328 -0.00979804992675781 -0.0413589477539062 0.0721206665039063
-0.0343170166015625 0.00609397888183594 -0.0549774169921875 0.0907516479492188
-0.0235195159912109 0.0214138031005859 -0.00892639160156251 0.0836715698242188
-0.00790786743164063 0.0348587036132813 0.0198173522949219 0.0548820495605469
0.0143451690673828 0.0302753448486328 0.0213642120361328 0.0220355987548828
0.0367240905761719 0.0152854919433594 0.0121793746948242 0.00999069213867188
0.0397071838378906 -0.001312255859375 -0.00464630126953124 0.0194950103759766
0.034027099609375 -0.004180908203125 -0.0113391876220703 0.0340232849121094
0.0383644104003906 -0.00682830810546875 -0.0169677734375 0.0467033386230469
0.0413246154785156 0.00313186645507812 -0.0296592712402344 0.0469245910644531
0.0335121154785156 0.0202121734619141 -0.0435943603515625 0.0350685119628906
0.01812744140625 0.0353736877441406 -0.0447235107421875 0.0105743408203125
-0.01507568359375 0.036651611328125 -0.0312461853027344 -0.0103321075439453
-0.0372390747070312 0.0182991027832031 -0.0266532897949219 0.0165672302246094
-0.0466804504394531 -0.00194931030273438 -0.0687522888183594 0.0317649841308594
-0.00117301940917969 -0.0297412872314453 -0.0445747375488281 0.0651359558105469
-0.0130348205566406 -0.0213451385498047 -0.0563583374023437 0.0831527709960938
-0.0185298919677734 -0.00756454467773438 -0.00954437255859375 0.0787353515625
-0.0193672180175781 0.0103664398193359 0.015533447265625 0.0473480224609375
-0.00667762756347656 0.0205192565917969 0.0145225524902344 0.0152435302734375
0.0151233673095703 0.0229263305664063 -0.000360012054443358 0.00844573974609375
0.0265083312988281 0.0125789642333984 -0.0168228149414063 0.0225276947021484
0.0249309539794922 0.00745582580566406 -0.0225677490234375 0.0383262634277344
0.0298480987548828 0.00488662719726563 -0.0284385681152344 0.0506744384765625
0.0311031341552734 0.0128211975097656 -0.0407485961914062 0.0470428466796875
0.0219612121582031 0.0237979888916016 -0.0514564514160156 0.03228759765625
0.0060577392578125 0.0347347259521484 -0.0485382080078125 0.00600433349609375
-0.025390625 0.0267124176025391 -0.0335807800292969 -0.0109901428222656
-0.03948974609375 -0.00262832641601562 -0.0331459045410156 0.0142841339111328
-0.0351219177246094 -0.0272998809814453 -0.0777587890625 0.0257492065429688
0.00521469116210938 0.046295166015625 0.073638916015625 -0.0195083618164062
0.0433998107910156 0.0202789306640625 0.0400962829589844 0.000614166259765626
0.0294952392578125 -0.0191612243652344 0.0357475280761719 0.0147056579589844
0.00737380981445313 -0.0287532806396484 0.057769775390625 0.004119873046875
-0.00908279418945312 -0.0249767303466797 0.0612373352050781 -0.0237960815429688
-0.0257759094238281 -0.0194664001464844 0.0467300415039063 -0.0486183166503906
-0.0232410430908203 -0.013763427734375 0.03436279296875 -0.0530014038085938
-0.0186653137207031 -0.0143852233886719 0.0265426635742188 -0.0388221740722656
-0.0183086395263672 -0.0253314971923828 0.0215034484863281 -0.0197124481201172
0.00302696228027344 -0.0297794342041016 0.00955963134765625 -0.00510883331298828
0.0260505676269531 -0.0185317993164063 -0.0161819458007812 -0.00952625274658203
0.0317497253417969 0.00247001647949219 -0.0193367004394531 -0.0359077453613281
0.0192832946777344 0.0325908660888672 0.0115280151367187 -0.0758819580078125
-0.00158309936523438 0.0493850708007813 0.0439910888671875 -0.0805892944335938
-0.0243873596191406 0.0475273132324219 0.037109375 -0.0532379150390625
-0.0180854797363281 0.0598793029785156 0.0726242065429688 0.000762939453125004
0.0286598205566406 0.0438575744628906 0.040924072265625 0.0187187194824219
0.0313873291015625 0.00387382507324219 0.0402107238769531 0.0275459289550781
0.0220756530761719 -0.0123062133789063 0.0644569396972656 0.0155143737792969
0.0103931427001953 -0.0199089050292969 0.0693893432617188 -0.0143241882324219
-0.00413322448730469 -0.0270671844482422 0.0576972961425781 -0.0441741943359375
-0.00609016418457031 -0.0257816314697266 0.042816162109375 -0.0477943420410156
-0.00247764587402344 -0.0236091613769531 0.0318679809570313 -0.0329647064208984
0.000614166259765622 -0.0330715179443359 0.0247859954833984 -0.0111064910888672
0.0221462249755859 -0.0299873352050781 0.00975894927978516 0.00443172454833984
0.0399665832519531 -0.00968551635742188 -0.0200309753417969 0.00168418884277343
0.0406341552734375 0.0172615051269531 -0.0287246704101562 -0.0244064331054687
0.0148239135742188 0.0497245788574219 -0.0053863525390625 -0.068878173828125
-0.016937255859375 0.064697265625 0.0259208679199219 -0.0691986083984375
-0.042999267578125 0.0604171752929688 0.0201148986816406 -0.0379219055175781
-0.0428504943847656 0.0631980895996094 0.060821533203125 0.0259895324707031
0.00418472290039063 0.0633392333984375 0.0335540771484375 0.042633056640625
0.0250072479248047 0.0307445526123047 0.0408287048339844 0.04486083984375
0.0328769683837891 0.0111103057861328 0.067779541015625 0.0293655395507813
0.0298976898193359 -0.00775718688964844 0.0727157592773437 -0.0028076171875
0.020477294921875 -0.0291748046875 0.0628509521484375 -0.0345344543457031
0.0133094787597656 -0.0342044830322266 0.0452232360839844 -0.0370712280273438
0.0145721435546875 -0.0286617279052734 0.0315704345703125 -0.0217781066894531
0.0183067321777344 -0.0360946655273438 0.02227783203125 0.000644683837890623
0.0354652404785156 -0.0290565490722656 0.00608253479003907 0.0162973403930664
0.0480880737304688 -0.00325775146484375 -0.0248069763183594 0.0135841369628906
0.0461502075195313 0.0242919921875 -0.03802490234375 -0.0112686157226562
0.0157928466796875 0.0567512512207031 -0.0213699340820313 -0.0563812255859375
-0.0225982666015625 0.0721511840820313 0.00685882568359375 -0.0502815246582031
-0.0530967712402344 0.0663833618164063 -0.000202178955078128 -0.0191516876220703
-0.0609092712402344 0.056671142578125 0.0374374389648437 0.0501289367675781
-0.023406982421875 0.070709228515625 0.0163154602050781 0.0679206848144531
0.0113792419433594 0.0533866882324219 0.0356216430664063 0.0624504089355469
0.0360832214355469 0.0362892150878906 0.0636558532714844 0.0439834594726562
0.0442008972167969 0.00786972045898437 0.0680389404296875 0.00959014892578125
0.0428390502929688 -0.0238800048828125 0.0601577758789062 -0.0217323303222656
0.0318603515625 -0.0359306335449219 0.0399589538574219 -0.0212745666503906
0.0283527374267578 -0.0294589996337891 0.0258808135986328 -0.00716400146484375
0.0322914123535156 -0.0354423522949219 0.0168571472167969 0.0136966705322266
0.0450363159179688 -0.0256881713867187 0.00192832946777344 0.0269088745117188
0.0508956909179688 0.00095367431640625 -0.0275592803955078 0.0250606536865234
0.0462799072265625 0.0269012451171875 -0.0417404174804688 0.00152206420898438
0.0160751342773438 0.0567741394042969 -0.0313491821289063 -0.0396194458007812
-0.023345947265625 0.069793701171875 -0.00627517700195313 -0.0271968841552734
-0.0566291809082031 0.0638656616210938 -0.0204086303710938 0.00194740295410156
-0.0675468444824219 0.0392913818359375 0.00837707519531249 0.0682296752929688
-0.0444374084472656 0.061553955078125 -0.00800323486328126 0.0869979858398438
-0.00774002075195313 0.0611686706542969 0.0230331420898437 0.0785064697265625
0.0280380249023438 0.0537948608398438 0.0514984130859375 0.05426025390625
0.0470962524414063 0.0246200561523438 0.0548973083496094 0.0188522338867188
0.055816650390625 -0.012176513671875 0.0478477478027344 -0.00829315185546875
0.0440483093261719 -0.0311470031738281 0.0284214019775391 -0.00409317016601563
0.0377693176269531 -0.0251884460449219 0.015869140625 0.00844097137451172
0.0411949157714844 -0.0300827026367187 0.00868606567382813 0.0266227722167969
0.0494766235351563 -0.0195884704589844 -0.00580978393554687 0.0366134643554688
0.0498161315917969 0.00637435913085938 -0.0298786163330078 0.0328826904296875
0.04217529296875 0.0300178527832031 -0.0420951843261719 0.0106582641601563
0.0107040405273438 0.052947998046875 -0.0325756072998047 -0.0238513946533203
-0.0270957946777344 0.0592308044433594 -0.0136213302612305 -0.00421047210693359
-0.0575752258300781 0.05023193359375 -0.0383033752441406 0.0200538635253906
-0.0579414367675781 0.01507568359375 -0.019927978515625 0.0776214599609375
-0.0501251220703125 0.0381813049316406 -0.032806396484375 0.0963973999023438
-0.022796630859375 0.0499000549316406 0.0084228515625 0.084808349609375
0.0110054016113281 0.0554313659667969 0.03564453125 0.0564765930175781
0.0369987487792969 0.0337028503417969 0.0370750427246094 0.0220108032226563
0.0553016662597656 0.0021514892578125 0.0295257568359375 0.00327110290527344
0.0483055114746094 -0.0199928283691406 0.0128078460693359 0.00982952117919922
0.0406265258789062 -0.0185699462890625 0.00377845764160157 0.0234565734863281
0.0447235107421875 -0.0216522216796875 -0.001861572265625 0.0376663208007813
0.0502700805664063 -0.00997543334960937 -0.0142974853515625 0.0433540344238281
0.0456314086914063 0.0128555297851563 -0.033966064453125 0.036956787109375
0.0339698791503906 0.0338420867919922 -0.0408058166503906 0.013671875
-0.000961303710937495 0.0472564697265625 -0.0302219390869141 -0.0132884979248047
-0.0343055725097656 0.0436897277832031 -0.0172147750854492 0.012263298034668
-0.0566864013671875 0.0290603637695312 -0.0537452697753906 0.0340042114257813
-0.035980224609375 -0.0104827880859375 -0.0376434326171875 0.0778884887695313
-0.0408363342285156 0.00764846801757812 -0.0484848022460937 0.0948028564453125
-0.0276260375976563 0.024993896484375 -0.0028076171875 0.0832366943359375
-0.00694656372070313 0.0399742126464844 0.0222358703613281 0.05267333984375
0.0176506042480469 0.0339374542236328 0.0219936370849609 0.0197296142578125
0.0426101684570313 0.0147247314453125 0.0121068954467773 0.00905132293701172
0.0437736511230469 -0.00560760498046875 -0.00367164611816406 0.0202445983886719
0.0377311706542969 -0.00793075561523438 -0.0096893310546875 0.0342597961425781
0.0422515869140625 -0.0104103088378906 -0.0141334533691406 0.0464706420898437
0.0460319519042969 -0.000308990478515625 -0.0255889892578125 0.0468826293945313
0.0387039184570312 0.0196876525878906 -0.0400314331054688 0.0358848571777344
0.0227088928222656 0.0372276306152344 -0.0417900085449219 0.0122756958007813
-0.0140647888183594 0.0413932800292969 -0.0298862457275391 -0.00726509094238281
-0.0414772033691406 0.0234794616699219 -0.0243740081787109 0.0200233459472656
-0.0526618957519531 0.00169754028320312 -0.0681648254394531 0.0368080139160156
-0.00738143920898438 -0.0334300994873047 -0.0438995361328125 0.0702972412109375
-0.0193843841552734 -0.0222034454345703 -0.0516586303710937 0.0882568359375
-0.0231609344482422 -0.00536537170410157 -0.00498962402343751 0.0780487060546875
-0.0210132598876953 0.0154132843017578 0.0172004699707031 0.0447883605957031
-0.00406646728515625 0.025482177734375 0.0138301849365234 0.0132465362548828
0.0214347839355469 0.0236492156982422 -0.00258874893188476 0.00878524780273438
0.0316696166992188 0.00936698913574219 -0.0174369812011719 0.0241508483886719
0.0290184020996094 0.00420379638671875 -0.0214157104492187 0.0409660339355469
0.0337295532226563 0.00182533264160156 -0.0263290405273438 0.0516204833984375
0.036376953125 0.00976181030273438 -0.0381927490234375 0.0484275817871094
0.0275001525878906 0.0241069793701172 -0.0489082336425781 0.0328598022460937
0.0108184814453125 0.0370445251464844 -0.0466156005859375 0.00815200805664062
-0.0256175994873047 0.0314807891845703 -0.0321712493896484 -0.00856208801269531
-0.0442352294921875 0.00130844116210938 -0.0332984924316406 0.0182514190673828
-0.0430793762207031 -0.0251045227050781 -0.0798416137695312 0.0304794311523437
0.0105400085449219 0.0461769104003906 0.077301025390625 -0.0235595703125
0.0460929870605469 0.015655517578125 0.0406074523925781 -0.00384140014648437
0.0286712646484375 -0.0229759216308594 0.0350093841552734 0.0133953094482422
0.00447273254394532 -0.030426025390625 0.05767822265625 0.00387191772460937
-0.0123291015625 -0.0244960784912109 0.0616264343261719 -0.0245018005371094
-0.0284996032714844 -0.0166378021240234 0.0471267700195313 -0.0498580932617188
-0.0255985260009766 -0.0100364685058594 0.0344200134277344 -0.0548477172851562
-0.0210094451904297 -0.0122890472412109 0.0272903442382813 -0.0415115356445313
-0.0223751068115234 -0.0223903656005859 0.02313232421875 -0.0220546722412109
-0.00127601623535156 -0.0305137634277344 0.0130100250244141 -0.00692844390869141
0.0236568450927734 -0.0225849151611328 -0.0127992630004883 -0.00864124298095703
0.0323009490966797 -0.00186538696289062 -0.018310546875 -0.0331096649169922
0.0236339569091797 0.0309886932373047 0.00862884521484375 -0.07470703125
0.00401687622070312 0.0523681640625 0.0422821044921875 -0.0831832885742188
-0.0189399719238281 0.0513343811035156 0.0394706726074219 -0.056060791015625
-0.0147666931152344 0.0614814758300781 0.0781097412109375 -0.0032958984375
0.0309028625488281 0.0425834655761719 0.0438919067382812 0.0143241882324219
0.0311641693115234 0.00193023681640625 0.0400314331054687 0.0252532958984375
0.0205364227294922 -0.0135059356689453 0.0648880004882813 0.0146751403808594
0.00775527954101562 -0.0196094512939453 0.0706787109375 -0.0158233642578125
-0.00677108764648438 -0.0253009796142578 0.0583343505859375 -0.0459060668945313
-0.00762748718261719 -0.0241909027099609 0.0444145202636719 -0.0510711669921875
-0.00343704223632812 -0.0227317810058594 0.0329093933105469 -0.0367584228515625
-0.00168037414550781 -0.0325145721435547 0.0270843505859375 -0.0145225524902344
0.0186882019042969 -0.0309257507324219 0.0149164199829102 0.00201129913330078
0.0394515991210937 -0.0124664306640625 -0.0156898498535156 0.00314140319824219
0.0424690246582031 0.0149650573730469 -0.0267410278320313 -0.0215530395507812
0.0190238952636719 0.0500373840332031 -0.00699996948242188 -0.0663490295410156
-0.0124588012695312 0.0688438415527344 0.024993896484375 -0.0709381103515625
-0.0391654968261719 0.0656700134277344 0.0246543884277344 -0.0400047302246094
-0.0410385131835937 0.0662689208984375 0.0673904418945313 0.0224647521972656
0.00606918334960938 0.0637931823730469 0.0380668640136719 0.0389175415039063
0.0256214141845703 0.0303192138671875 0.041656494140625 0.0414695739746094
0.0329456329345703 0.0106887817382813 0.0690422058105469 0.0286026000976563
0.0290241241455078 -0.00906562805175781 0.0750350952148438 -0.0040740966796875
0.0194206237792969 -0.0281581878662109 0.0643196105957031 -0.0374794006347656
0.0131244659423828 -0.0341224670410156 0.0468521118164063 -0.0408744812011719
0.0144596099853516 -0.02911376953125 0.0338115692138672 -0.0258941650390625
0.0169944763183594 -0.0359420776367188 0.025634765625 -0.0032196044921875
0.0352401733398438 -0.0305938720703125 0.011448860168457 0.0130901336669922
0.0495834350585937 -0.00542068481445313 -0.0197563171386719 0.0141620635986328
0.0484199523925781 0.02276611328125 -0.0342311859130859 -0.00860214233398438
0.0194969177246094 0.0587272644042969 -0.0227584838867188 -0.0531806945800781
-0.0205230712890625 0.0770111083984375 0.00773239135742187 -0.0513267517089844
-0.051422119140625 0.0720062255859375 0.00422286987304687 -0.0201568603515625
-0.0622100830078125 0.0591659545898438 0.0456962585449219 0.0498695373535156
-0.0227890014648437 0.0732498168945313 0.020843505859375 0.0656394958496094
0.0112571716308594 0.0549659729003906 0.0375099182128906 0.0610160827636719
0.0366249084472656 0.037445068359375 0.0650634765625 0.0433616638183594
0.0449028015136719 0.00885391235351562 0.0695419311523438 0.00788497924804688
0.0437431335449219 -0.0252342224121094 0.0616264343261719 -0.0248184204101563
0.0322303771972656 -0.0373725891113281 0.0419692993164063 -0.0247650146484375
0.0294952392578125 -0.0314121246337891 0.0281982421875 -0.0113658905029297
0.0324020385742187 -0.0365829467773438 0.0199756622314453 0.0103988647460938
0.045501708984375 -0.027679443359375 0.00612068176269531 0.0233230590820313
0.053924560546875 -0.0001983642578125 -0.0226707458496094 0.0256061553955078
0.0494880676269531 0.0272026062011719 -0.037261962890625 0.00395584106445313
0.0185546875 0.0593147277832031 -0.0310096740722656 -0.036895751953125
-0.0232162475585938 0.0752182006835937 -0.00390625 -0.0273933410644531
-0.0579261779785156 0.0685157775878906 -0.0164890289306641 0.00283145904541016
-0.0716629028320313 0.043212890625 0.0152969360351562 0.0703125
-0.0463333129882812 0.0659446716308594 -0.00206756591796876 0.0871734619140625
-0.00925445556640626 0.0652351379394531 0.0257492065429687 0.0762405395507813
0.029541015625 0.0575370788574219 0.0527572631835938 0.0537147521972656
0.0507087707519531 0.0251808166503906 0.0568656921386719 0.0167045593261719
0.0581436157226563 -0.0143089294433594 0.0494422912597656 -0.0106353759765625
0.0452156066894531 -0.0341682434082031 0.0297660827636719 -0.00794219970703125
0.0389823913574219 -0.0288467407226563 0.0176753997802734 0.00605964660644531
0.0430412292480469 -0.0325393676757813 0.0111846923828125 0.0231952667236328
0.0524368286132813 -0.0221633911132813 -0.00145530700683593 0.0339183807373047
0.0533447265625 0.00606918334960937 -0.0255012512207031 0.0329055786132813
0.0461692810058594 0.0311813354492187 -0.0380401611328125 0.011505126953125
0.0117950439453125 0.0557289123535156 -0.0306491851806641 -0.0212535858154297
-0.0283050537109375 0.0647010803222656 -0.0112409591674805 -0.0042572021484375
-0.06036376953125 0.0554580688476563 -0.0349025726318359 0.0223979949951172
-0.0625534057617188 0.017425537109375 -0.0158615112304688 0.0802993774414063
-0.05517578125 0.0414886474609375 -0.0272598266601563 0.09832763671875
-0.0237960815429687 0.0545387268066406 0.0112533569335937 0.0827713012695313
0.0131111145019531 0.0597953796386719 0.0365829467773438 0.0555496215820313
0.0407447814941406 0.0353813171386719 0.0374984741210937 0.021087646484375
0.0589447021484375 0.000640869140625 0.0304336547851563 0.00197982788085938
0.0511665344238281 -0.0238151550292969 0.0132923126220703 0.00889873504638672
0.0435600280761719 -0.0215721130371094 0.00576972961425781 0.0221061706542969
0.0476112365722656 -0.0247955322265625 0.000431060791015624 0.0368728637695313
0.0545730590820313 -0.013702392578125 -0.0110321044921875 0.0410652160644531
0.0502967834472656 0.0122222900390625 -0.03045654296875 0.0353813171386719
0.0375442504882813 0.0359039306640625 -0.0382232666015625 0.0148468017578125
-0.0007171630859375 0.0521736145019531 -0.0287761688232422 -0.0108795166015625
-0.035858154296875 0.0486030578613281 -0.0147876739501953 0.0141372680664063
-0.0606231689453125 0.0342750549316406 -0.0514564514160156 0.0363235473632813
-0.0425186157226563 -0.0104560852050781 -0.0359420776367188 0.0824203491210938
-0.0464019775390625 0.0100364685058594 -0.0447769165039063 0.0980300903320313
-0.0311794281005859 0.0283432006835938 4.57763671874947E-05 0.08233642578125
-0.00641250610351562 0.045684814453125 0.0226898193359375 0.0523109436035156
0.0206108093261719 0.0368804931640625 0.0220603942871094 0.0195560455322266
0.0478019714355469 0.0135231018066406 0.0116891860961914 0.00891304016113281
0.0474433898925781 -0.00963592529296875 -0.00293350219726562 0.0206127166748047
0.0408973693847656 -0.0108718872070313 -0.00813102722167969 0.0347404479980469
0.0460433959960938 -0.014617919921875 -0.0125694274902344 0.0461578369140625
0.0501251220703125 -0.003448486328125 -0.0242195129394531 0.0454902648925781
0.0430107116699219 0.0196762084960937 -0.0375442504882813 0.0352516174316406
0.0274429321289063 0.0400428771972656 -0.0396881103515625 0.0129013061523438
-0.0130195617675781 0.0466880798339844 -0.0280036926269531 -0.00643730163574219
-0.0452232360839844 0.0289154052734375 -0.0226516723632813 0.0212326049804688
-0.0579948425292969 0.00591278076171875 -0.0679054260253906 0.0392303466796875
-0.0134849548339844 -0.0354385375976563 -0.0438766479492187 0.0757064819335938
-0.0262851715087891 -0.0222187042236328 -0.0489654541015625 0.0914306640625
-0.0281105041503906 -0.00341415405273438 -0.0019378662109375 0.0757904052734375
-0.0218105316162109 0.0202541351318359 0.0174522399902344 0.0436058044433594
-0.00150299072265625 0.02862548828125 0.0111665725708008 0.0122251510620117
0.0258274078369141 0.0234451293945313 -0.00359153747558593 0.00996971130371094
0.0357666015625 0.00547027587890625 -0.0180187225341797 0.0270881652832031
0.031951904296875 0.000638961791992188 -0.0211372375488281 0.04278564453125
0.0374069213867188 -0.00139617919921875 -0.0256881713867187 0.0534744262695313
0.0401802062988281 0.006317138671875 -0.0378875732421875 0.0485916137695312
0.0319709777832031 0.0237503051757813 -0.0480690002441406 0.0332756042480469
0.0145645141601562 0.0395278930664063 -0.0449066162109375 0.0088653564453125
-0.0243453979492187 0.0358543395996094 -0.0300369262695313 -0.00696945190429687
-0.04815673828125 0.00588226318359374 -0.0322837829589844 0.0213909149169922
-0.0481529235839844 -0.0218391418457031 -0.08160400390625 0.0343704223632813
0.013641357421875 0.0452766418457031 0.0814208984375 -0.0283584594726563
0.0486488342285156 0.0126876831054688 0.0422859191894531 -0.00751495361328125
0.0280818939208984 -0.0272769927978516 0.03411865234375 0.0134143829345703
0.002105712890625 -0.0324134826660156 0.0585823059082031 0.00333404541015625
-0.0157470703125 -0.0243034362792969 0.0629806518554688 -0.025177001953125
-0.0320568084716797 -0.0139312744140625 0.0495147705078125 -0.0522346496582031
-0.0276203155517578 -0.00734329223632813 0.036712646484375 -0.0596275329589844
-0.0228290557861328 -0.00937461853027343 0.027618408203125 -0.0462150573730469
-0.0259761810302734 -0.0208721160888672 0.0255680084228516 -0.0265388488769531
-0.00530624389648437 -0.0311298370361328 0.0165624618530273 -0.00998783111572266
0.0221481323242188 -0.0255413055419922 -0.00860548019409179 -0.00807094573974609
0.0334873199462891 -0.00482368469238281 -0.0166225433349609 -0.0315055847167969
0.0287952423095703 0.0307102203369141 0.00791931152343749 -0.0740432739257813
0.0103912353515625 0.0537757873535156 0.0421218872070313 -0.0869140625
-0.0148239135742188 0.0549087524414062 0.0432014465332031 -0.0611381530761719
-0.0134353637695312 0.0628547668457031 0.0839157104492187 -0.00740051269531249
0.0340652465820313 0.0416069030761719 0.0462455749511719 0.00990676879882813
0.029510498046875 -0.000364303588867188 0.039947509765625 0.0240669250488281
0.0190906524658203 -0.0140151977539063 0.0671768188476563 0.0149803161621094
0.00527572631835937 -0.0191192626953125 0.0733184814453125 -0.017578125
-0.00908279418945313 -0.0236892700195313 0.0612869262695312 -0.0487213134765625
-0.00888824462890625 -0.0228328704833984 0.0455245971679688 -0.0571823120117188
-0.00396347045898438 -0.021636962890625 0.0343132019042969 -0.0421981811523438
-0.00430488586425781 -0.0310764312744141 0.0297336578369141 -0.0203475952148438
0.0169506072998047 -0.0330734252929688 0.0184173583984375 -0.000667572021484377
0.03948974609375 -0.0152549743652344 -0.0112066268920898 0.00301170349121094
0.0446052551269531 0.0120735168457031 -0.0237846374511719 -0.0197658538818359
0.0230865478515625 0.0513687133789062 -0.00719451904296875 -0.0658645629882813
-0.00760650634765626 0.073394775390625 0.0256805419921875 -0.0735321044921875
-0.0371932983398438 0.0711669921875 0.0279922485351562 -0.0435333251953125
-0.0416717529296875 0.0701103210449219 0.074371337890625 0.020843505859375
0.00696182250976562 0.0649795532226563 0.0416946411132813 0.035858154296875
0.0254573822021484 0.0313987731933594 0.0420341491699219 0.0415534973144531
0.0340805053710938 0.0122470855712891 0.0713653564453125 0.0281448364257813
0.0296401977539062 -0.00781440734863281 0.077056884765625 -0.00646209716796875
0.0183181762695313 -0.0293598175048828 0.0667381286621094 -0.0415229797363281
0.0126686096191406 -0.0345134735107422 0.0496749877929688 -0.0460777282714844
0.0142974853515625 -0.0299892425537109 0.0345573425292969 -0.0315227508544922
0.0170021057128906 -0.0386924743652344 0.0282135009765625 -0.00846481323242188
0.0350532531738281 -0.0321636199951172 0.0159730911254883 0.00970840454101562
0.0513191223144531 -0.0072174072265625 -0.0149145126342773 0.0143680572509766
0.0511283874511719 0.0220565795898438 -0.0309906005859375 -0.00622367858886719
0.0220870971679688 0.06103515625 -0.0220298767089844 -0.0515975952148437
-0.017730712890625 0.0822677612304688 0.008331298828125 -0.0530319213867188
-0.0514068603515625 0.078857421875 0.00807571411132812 -0.0209026336669922
-0.0646514892578125 0.0651283264160156 0.0523452758789062 0.0490150451660156
-0.0239715576171875 0.0772857666015625 0.02520751953125 0.0630226135253906
0.0112648010253906 0.0589981079101563 0.0390701293945313 0.0594673156738281
0.0398178100585938 0.0400733947753906 0.0677375793457031 0.0426445007324219
0.0480804443359375 0.00897979736328125 0.0730667114257813 0.00550079345703125
0.0448646545410156 -0.0257720947265625 0.0639457702636719 -0.0289039611816406
0.0330009460449219 -0.0402488708496094 0.0438652038574219 -0.0290908813476563
0.0310020446777344 -0.0337734222412109 0.0300788879394531 -0.0150985717773438
0.0340805053710938 -0.0395088195800781 0.0224456787109375 0.006683349609375
0.0485343933105469 -0.0308647155761719 0.0106048583984375 0.0207653045654297
0.0569839477539063 -0.0012664794921875 -0.0191459655761719 0.0251827239990234
0.0539360046386719 0.0276947021484375 -0.0339336395263672 0.00487136840820312
0.0206108093261719 0.0625991821289063 -0.0303726196289063 -0.0358085632324219
-0.0230484008789063 0.082366943359375 -0.002960205078125 -0.0277576446533203
-0.0582351684570312 0.0761184692382813 -0.0124683380126953 0.00284004211425782
-0.0766372680664063 0.0468597412109375 0.020843505859375 0.0722808837890625
-0.0503082275390625 0.0719451904296875 0.00152587890625 0.0877532958984375
-0.009185791015625 0.0698356628417969 0.0276107788085937 0.0757827758789063
0.033294677734375 0.0609817504882812 0.0556259155273438 0.0541419982910156
0.0545806884765625 0.0269432067871094 0.058074951171875 0.0161895751953125
0.0615272521972656 -0.0161857604980469 0.0512275695800781 -0.0135841369628906
0.0486907958984375 -0.0374336242675781 0.0316181182861328 -0.0107860565185547
0.0428657531738281 -0.0323257446289063 0.0199794769287109 0.00324058532714844
0.0464630126953125 -0.0367660522460938 0.013458251953125 0.0204257965087891
0.0558509826660156 -0.0257186889648438 0.00181770324707032 0.0315227508544922
0.0586395263671875 0.00445556640625 -0.0223045349121094 0.032073974609375
0.0503692626953125 0.0323638916015625 -0.035186767578125 0.0121574401855469
0.013153076171875 0.0609169006347656 -0.0295467376708984 -0.0206222534179687
-0.0298538208007812 0.0717620849609375 -0.00810575485229492 -0.00408458709716797
-0.0632553100585938 0.0622978210449219 -0.0317306518554688 0.0234413146972656
-0.0708236694335937 0.0210494995117188 -0.0109634399414063 0.0860061645507813
-0.0604896545410156 0.0476608276367187 -0.0239486694335938 0.100776672363281
-0.0267333984375 0.0600776672363281 0.0127944946289062 0.0830917358398438
0.0160980224609375 0.0647468566894531 0.0380706787109375 0.057525634765625
0.0451545715332031 0.036956787109375 0.03839111328125 0.0202598571777344
0.0642318725585938 -0.000530242919921875 0.0324611663818359 0.000581741333007813
0.0538902282714844 -0.0273590087890625 0.0149707794189453 0.00883388519287109
0.0458412170410156 -0.0251274108886719 0.00679206848144532 0.0208549499511719
0.050628662109375 -0.0295333862304688 0.00144195556640625 0.0341224670410156
0.0582542419433594 -0.0165443420410156 -0.0093994140625 0.0398025512695313
0.0561294555664063 0.0118865966796875 -0.0283279418945312 0.0356674194335938
0.04290771484375 0.0386924743652344 -0.036041259765625 0.0145950317382813
0.00136184692382812 0.0582847595214844 -0.0272998809814453 -0.0115909576416016
-0.0397453308105469 0.0554885864257813 -0.0124301910400391 0.0149364471435547
-0.0664138793945313 0.039642333984375 -0.0500946044921875 0.0391044616699219
-0.0496597290039062 -0.00900650024414064 -0.0340042114257813 0.0883407592773438
-0.0532569885253906 0.0140419006347656 -0.04278564453125 0.10284423828125
-0.0358657836914063 0.03375244140625 0.00151824951171875 0.0820465087890625
-0.00589752197265625 0.0506782531738281 0.0230293273925781 0.0529251098632812
0.0260734558105469 0.0399017333984375 0.0203895568847656 0.0197601318359375
0.0531044006347656 0.0117835998535156 0.0111513137817383 0.00849056243896484
0.0513343811035156 -0.0137062072753906 -0.00332832336425781 0.0215625762939453
0.0439643859863281 -0.0154571533203125 -0.00724029541015625 0.0356941223144531
0.0496444702148438 -0.0187721252441406 -0.0121383666992187 0.0465049743652344
0.0551719665527344 -0.007080078125 -0.0234642028808594 0.0454139709472656
0.0490913391113281 0.0190277099609375 -0.0379104614257813 0.035308837890625
0.0324134826660156 0.0422744750976563 -0.0383949279785156 0.0125999450683594
-0.0122222900390625 0.0520172119140625 -0.0268096923828125 -0.00653076171874999
-0.0490226745605469 0.0350685119628906 -0.0207500457763672 0.0243873596191406
-0.0640411376953125 0.0108299255371094 -0.0689201354980469 0.0434608459472656
-0.0202674865722656 -0.0371932983398438 -0.0449066162109375 0.0813446044921875
-0.0333538055419922 -0.0206394195556641 -0.0480194091796875 0.0958023071289062
-0.0322189331054688 -0.00061607360839844 -0.000839233398437503 0.076416015625
-0.0218582153320313 0.0250358581542969 0.0159835815429688 0.042572021484375
0.00219917297363281 0.0319957733154297 0.00926876068115235 0.0139646530151367
0.0312557220458984 0.0218486785888672 -0.00577163696289062 0.0101680755615234
0.0400390625 0.002685546875 -0.0183658599853516 0.0291996002197266
0.0340595245361328 -0.00226211547851562 -0.0197906494140625 0.0456314086914063
0.0406684875488281 -0.00587081909179688 -0.0250167846679688 0.0546226501464844
0.0448951721191406 0.00330734252929688 -0.0385093688964844 0.0497283935546875
0.0358772277832031 0.0227203369140625 -0.0485343933105469 0.0337791442871094
0.0191230773925781 0.0411491394042969 -0.0453414916992188 0.00774002075195313
-0.0230712890625 0.0412216186523437 -0.02935791015625 -0.00725746154785156
-0.0522499084472656 0.0124702453613281 -0.0308876037597656 0.0253181457519531
-0.0550117492675781 -0.0200004577636719 -0.0853271484375 0.0376434326171875
0.0191917419433594 0.0457305908203125 0.0866775512695313 -0.0348663330078125
0.0525474548339844 0.0078887939453125 0.0426712036132813 -0.0130691528320313
0.0263023376464844 -0.0297126770019531 0.0346508026123047 0.0121116638183594
-0.00186729431152343 -0.0341739654541016 0.0610084533691406 0.00257492065429687
-0.0194606781005859 -0.0238513946533203 0.066741943359375 -0.0271987915039063
-0.035400390625 -0.0100059509277344 0.0510711669921875 -0.0560798645019531
-0.0295333862304688 -0.00411033630371093 0.0360374450683594 -0.0650444030761719
-0.0241184234619141 -0.00686264038085938 0.0278778076171875 -0.0514183044433594
-0.0287380218505859 -0.0178794860839844 0.0261306762695312 -0.0323886871337891
-0.0100727081298828 -0.031463623046875 0.0189895629882813 -0.0142421722412109
0.0198383331298828 -0.0295791625976562 -0.00632524490356445 -0.00853300094604492
0.0343894958496094 -0.00953483581542969 -0.0151271820068359 -0.0308494567871094
0.0341415405273438 0.0292205810546875 0.00662231445312499 -0.0764236450195313
0.0175819396972656 0.0558624267578125 0.0407333374023438 -0.0930633544921875
-0.00911331176757813 0.0594329833984375 0.0458602905273438 -0.0686416625976563
-0.0101432800292969 0.0658035278320313 0.0912933349609375 -0.0135269165039062
0.0363540649414062 0.0398597717285156 0.0486907958984375 0.00532913208007813
0.0303897857666016 -0.00254058837890625 0.0417633056640625 0.0237922668457031
0.0169086456298828 -0.0154609680175781 0.0701065063476563 0.0137367248535156
0.00437736511230469 -0.0192432403564453 0.0769805908203125 -0.0200271606445313
-0.0108242034912109 -0.0215110778808594 0.063446044921875 -0.0550193786621094
-0.00920677185058594 -0.021881103515625 0.046600341796875 -0.0630455017089844
-0.00539207458496094 -0.0214500427246094 0.0348587036132813 -0.0482711791992188
-0.00633621215820313 -0.0313625335693359 0.0318012237548828 -0.0259208679199219
0.0147056579589844 -0.0345592498779297 0.0224399566650391 -0.00577926635742188
0.0392379760742188 -0.0185508728027344 -0.007568359375 0.00195407867431641
0.0467071533203125 0.00918960571289063 -0.0220127105712891 -0.0185489654541016
0.0279922485351563 0.051483154296875 -0.00891494750976562 -0.0660629272460937
-0.00291442871093751 0.0778884887695312 0.0248184204101563 -0.0785751342773438
-0.0333709716796875 0.0781784057617188 0.0316848754882813 -0.0491905212402344
-0.0418777465820313 0.0760116577148438 0.0828781127929688 0.016937255859375
0.00891113281249999 0.0685462951660156 0.0456657409667969 0.0324554443359375
0.0256843566894531 0.0324306488037109 0.0451812744140625 0.0400505065917969
0.0352134704589844 0.0119400024414063 0.0755386352539063 0.027557373046875
0.0307102203369141 -0.0084075927734375 0.0819778442382813 -0.00901031494140625
0.0181884765625 -0.0292377471923828 0.0695915222167969 -0.04718017578125
0.0120811462402344 -0.0362930297851563 0.0503196716308594 -0.053314208984375
0.0145912170410156 -0.0316028594970703 0.0355949401855469 -0.0372772216796875
0.0161857604980469 -0.0397186279296875 0.0311145782470703 -0.0138797760009766
0.035308837890625 -0.0361137390136719 0.020263671875 0.00508689880371093
0.0536689758300781 -0.0107841491699219 -0.011195182800293 0.0137138366699219
0.0560302734375 0.0207443237304688 -0.0282230377197266 -0.00553512573242187
0.0265083312988281 0.0637741088867188 -0.0230865478515625 -0.0519866943359375
-0.0136871337890625 0.0904464721679688 0.0088043212890625 -0.0564651489257812
-0.0495147705078125 0.0871734619140625 0.01129150390625 -0.0252017974853516
-0.0683441162109375 0.0721664428710938 0.0606613159179687 0.0488052368164063
-0.02313232421875 0.0846099853515625 0.0307502746582031 0.0633087158203125
0.012298583984375 0.0628242492675781 0.041290283203125 0.0603065490722656
0.0439872741699219 0.0417938232421875 0.072357177734375 0.043212890625
0.0517997741699219 0.00879669189453125 0.0764389038085938 0.00383758544921875
0.0462684631347656 -0.0293731689453125 0.0663642883300781 -0.0334587097167969
0.0339431762695313 -0.0442428588867188 0.0458946228027344 -0.0356025695800781
0.032135009765625 -0.037506103515625 0.0307388305664063 -0.0204715728759766
0.0358772277832031 -0.0443191528320313 0.0251407623291016 0.00128555297851562
0.0500679016113281 -0.0348396301269531 0.0132255554199219 0.0169191360473633
0.0608940124511719 -0.00398635864257813 -0.0148067474365234 0.0234127044677734
0.0601577758789062 0.0279426574707031 -0.0312595367431641 0.00563240051269531
0.0247077941894531 0.0677680969238281 -0.0299224853515625 -0.0352096557617187
-0.0202713012695312 0.09027099609375 -0.00148773193359375 -0.03009033203125
-0.0589447021484375 0.0850067138671875 -0.00922203063964844 0.00166130065917969
-0.0824661254882813 0.0545883178710937 0.0277175903320312 0.074798583984375
-0.051483154296875 0.0802154541015625 0.00648498535156249 0.089263916015625
-0.00840759277343751 0.0767898559570313 0.0299835205078125 0.0765609741210938
0.0383033752441406 0.0654220581054688 0.0592117309570313 0.0543785095214844
0.0600395202636719 0.0267562866210938 0.0613746643066406 0.0153045654296875
0.0657882690429688 -0.0205459594726563 0.0529975891113281 -0.0174713134765625
0.04998779296875 -0.0432281494140625 0.0339603424072266 -0.0137901306152344
0.0446128845214844 -0.0368118286132812 0.0202789306640625 0.000553131103515623
0.0491561889648437 -0.0421867370605469 0.0149021148681641 0.0178756713867187
0.0599403381347656 -0.0305252075195313 0.00350379943847657 0.0282783508300781
0.0640830993652344 0.00313949584960938 -0.02001953125 0.0310325622558594
0.0572624206542969 0.0332603454589844 -0.0322933197021484 0.0130424499511719
0.0167236328125 0.0663948059082031 -0.0297603607177734 -0.0209064483642578
-0.02911376953125 0.0815658569335938 -0.00637960433959961 -0.00344181060791015
-0.0656967163085938 0.0715789794921875 -0.0295066833496094 0.0254325866699219
-0.078369140625 0.027099609375 -0.00611114501953126 0.0913009643554688
-0.0652122497558594 0.0555381774902344 -0.0204925537109375 0.10552978515625
-0.02899169921875 0.0677604675292969 0.0159072875976563 0.08514404296875
0.01971435546875 0.0717010498046875 0.0417633056640625 0.0576019287109375
0.0521697998046875 0.0402297973632812 0.0397415161132813 0.0203742980957031
0.0699081420898438 -0.00609970092773438 0.0325870513916016 -0.00167655944824219
0.0566329956054687 -0.0346260070800781 0.0162239074707031 0.00758838653564453
0.05029296875 -0.03106689453125 0.00736045837402344 0.0202579498291016
0.0547714233398438 -0.0358810424804688 0.00255203247070313 0.03448486328125
0.0622215270996094 -0.0236892700195313 -0.00876998901367187 0.038116455078125
0.0625152587890625 0.0101242065429688 -0.0269279479980469 0.0353012084960938
0.0498275756835938 0.0396308898925781 -0.0341873168945313 0.0144939422607422
0.00409698486328124 0.0645027160644531 -0.0260601043701172 -0.0114784240722656
-0.0405082702636719 0.0647773742675781 -0.01025390625 0.0148277282714844
-0.0695762634277344 0.0477523803710938 -0.0495529174804688 0.0423660278320312
-0.0568962097167969 -0.00556564331054687 -0.0313186645507813 0.0958786010742188
-0.0594253540039062 0.0193824768066406 -0.04010009765625 0.108489990234375
-0.038330078125 0.0409889221191406 0.00390625 0.0843048095703125
-0.0033721923828125 0.0573501586914063 0.0240974426269531 0.0536537170410156
0.0314979553222656 0.0426826477050781 0.0205440521240234 0.0202617645263672
0.0596122741699219 0.008270263671875 0.0107021331787109 0.00846672058105469
0.0546722412109375 -0.0195655822753906 -0.00234603881835937 0.0234127044677734
0.0468711853027344 -0.0203781127929687 -0.00634384155273437 0.0364570617675781
0.0524482727050781 -0.0251884460449219 -0.0109672546386719 0.0482902526855469
0.0602149963378906 -0.0129013061523438 -0.0239410400390625 0.0470123291015625
0.0550765991210938 0.0175399780273438 -0.0383186340332031 0.0358161926269531
0.0387153625488281 0.043914794921875 -0.0389137268066406 0.0129432678222656
-0.0099639892578125 0.0580101013183594 -0.0258502960205078 -0.00697517395019531
-0.0518112182617188 0.0439682006835937 -0.0185470581054688 0.0264453887939453
-0.07025146484375 0.0175590515136719 -0.0699081420898438 0.0489654541015625
-0.0262680053710938 -0.0373039245605469 -0.045013427734375 0.0886917114257813
-0.0398292541503906 -0.0186538696289063 -0.0461654663085938 0.101669311523438
-0.0366020202636719 0.00369644165039062 0.000854492187499999 0.0784683227539063
-0.023162841796875 0.0311965942382813 0.0158653259277344 0.0439605712890625
0.00601577758789063 0.0353279113769531 0.00722789764404297 0.0140600204467773
0.0370330810546875 0.0204734802246094 -0.00805759429931641 0.0129709243774414
0.0428085327148438 -0.00152206420898438 -0.0190277099609375 0.0331802368164062
0.0376358032226563 -0.00673294067382813 -0.0199966430664062 0.0491790771484375
0.0444450378417969 -0.0100135803222656 -0.025146484375 0.0588798522949219
0.0489349365234375 -0.000797271728515625 -0.0391159057617188 0.0524787902832031
0.0422935485839844 0.0219917297363281 -0.0509490966796875 0.0352554321289063
0.0247611999511719 0.043182373046875 -0.0462417602539062 0.00899505615234375
-0.0222625732421875 0.0471954345703125 -0.0291652679443359 -0.00697898864746094
-0.0561599731445312 0.0186042785644531 -0.0298213958740234 0.0294685363769531
-0.060791015625 -0.0149383544921875 -0.089080810546875 0.0443954467773438
0.0244102478027344 0.0438766479492188 0.0894088745117188 -0.0444717407226562
0.0556678771972656 0.00057220458984375 0.0422286987304688 -0.018035888671875
0.0227680206298828 -0.0346240997314453 0.0357589721679687 0.00999069213867187
-0.00522232055664063 -0.0352096557617188 0.0647201538085938 -2.67028808593772E-05
-0.0230617523193359 -0.0214519500732422 0.0690193176269531 -0.030914306640625
-0.0379295349121094 -0.00471115112304688 0.0528030395507813 -0.0621528625488281
-0.0306663513183594 -0.000291824340820316 0.0350875854492188 -0.0714035034179688
-0.0253429412841797 -0.00362205505371094 0.0253410339355469 -0.0583381652832031
-0.0321559906005859 -0.014068603515625 0.0257148742675781 -0.0390243530273438
-0.0135784149169922 -0.0314273834228516 0.0210685729980469 -0.0190029144287109
0.0150356292724609 -0.0341224670410156 -0.00275135040283203 -0.0107593536376953
0.0357856750488281 -0.0146369934082031 -0.0142536163330078 -0.031097412109375
0.0398597717285156 0.0258216857910156 0.00337219238281251 -0.078216552734375
0.0263710021972656 0.0566940307617188 0.0375747680664063 -0.100425720214844
-0.00167846679687501 0.0623283386230469 0.04449462890625 -0.0787506103515625
-0.00615692138671875 0.0696640014648438 0.0961151123046875 -0.0228729248046875
0.0405731201171875 0.0380592346191406 0.0504798889160156 -0.000232696533203123
0.0291061401367188 -0.00255012512207031 0.0421333312988281 0.0220909118652344
0.0161018371582031 -0.0162324905395508 0.0737075805664062 0.00975799560546875
0.00194740295410156 -0.0194034576416016 0.0809783935546875 -0.025848388671875
-0.0128250122070312 -0.0192031860351563 0.0644493103027344 -0.0629615783691406
-0.0114231109619141 -0.020263671875 0.04510498046875 -0.0712356567382813
-0.00646591186523438 -0.0203361511230469 0.0340728759765625 -0.0561637878417969
-0.00898361206054688 -0.0293235778808594 0.0320987701416016 -0.0335044860839844
0.0118560791015625 -0.0353317260742187 0.0247631072998047 -0.010986328125
0.0399856567382813 -0.0234489440917969 -0.00309395790100097 -0.00121545791625977
0.0500221252441406 0.00513076782226562 -0.0185699462890625 -0.0181903839111328
0.0336532592773438 0.0521354675292969 -0.0113372802734375 -0.0664939880371094
0.00523376464843749 0.0831527709960938 0.020782470703125 -0.0840835571289063
-0.027862548828125 0.084747314453125 0.0328865051269531 -0.0552215576171875
-0.0390548706054688 0.0822372436523437 0.0897750854492187 0.00903320312500001
0.0138778686523438 0.0723190307617187 0.0491752624511719 0.027923583984375
0.0285358428955078 0.0332050323486328 0.0475387573242187 0.0385780334472656
0.0367317199707031 0.0115966796875 0.081512451171875 0.025909423828125
0.0322990417480469 -0.00974655151367188 0.0856170654296875 -0.0152130126953125
0.0182857513427734 -0.0306205749511719 0.0698280334472656 -0.0559272766113281
0.0105781555175781 -0.0394554138183594 0.0488014221191406 -0.0619659423828125
0.0142288208007812 -0.0350055694580078 0.0352859497070313 -0.0447578430175781
0.0149803161621094 -0.042572021484375 0.0302143096923828 -0.02130126953125
0.0349273681640625 -0.0391426086425781 0.0228099822998047 -0.000169754028320315
0.0556793212890625 -0.014617919921875 -0.00684070587158203 0.0110349655151367
0.0603485107421875 0.0173568725585938 -0.0252628326416016 -0.00495910644531249
0.034149169921875 0.0647163391113281 -0.0249214172363281 -0.0511322021484375
-0.00634765625 0.0969619750976563 0.00705718994140624 -0.0601119995117187
-0.0452728271484375 0.0964889526367188 0.0149078369140625 -0.0298748016357422
-0.070465087890625 0.0831680297851563 0.0698928833007813 0.04473876953125
-0.0196533203125 0.0910720825195312 0.0377197265625 0.0611076354980469
0.0159149169921875 0.0678367614746094 0.0449790954589844 0.0585784912109375
0.0500679016113281 0.0433235168457031 0.0788650512695313 0.0403594970703125
0.0557441711425781 0.00695419311523438 0.080902099609375 -0.00098419189453125
0.0475578308105469 -0.0323524475097656 0.0679092407226562 -0.0418853759765625
0.0329360961914063 -0.0488128662109375 0.0464668273925781 -0.0422172546386719
0.0323448181152344 -0.0419502258300781 0.0298843383789063 -0.0258007049560547
0.0353622436523438 -0.0483741760253906 0.0256214141845703 -0.00422286987304688
0.0506820678710938 -0.0401344299316406 0.0166034698486328 0.01300048828125
0.0651512145996094 -0.00934600830078125 -0.0104598999023437 0.0226707458496094
0.0671119689941406 0.0248336791992188 -0.0284137725830078 0.00635719299316406
0.03131103515625 0.0709609985351563 -0.0307350158691406 -0.034942626953125
-0.0151901245117188 0.0998077392578125 -0.000621795654296879 -0.0324153900146484
-0.0569381713867187 0.0973358154296875 -0.00670957565307618 -0.000329494476318352
-0.0866928100585938 0.0660781860351563 0.0374603271484375 0.0760955810546875
-0.0501480102539062 0.0906982421875 0.01336669921875 0.0925521850585938
-0.00583648681640624 0.0861434936523438 0.03533935546875 0.0777816772460938
0.0465583801269531 0.0678558349609375 0.0649261474609375 0.0538253784179688
0.0674552917480469 0.0256309509277344 0.06378173828125 0.0109024047851563
0.069061279296875 -0.0276336669921875 0.0543556213378906 -0.0232048034667969
0.0494155883789063 -0.0511283874511719 0.0348415374755859 -0.0182228088378906
0.0448455810546875 -0.0443191528320313 0.0199775695800781 -0.00429534912109375
0.04852294921875 -0.0500259399414062 0.0156192779541016 0.0146799087524414
0.0621566772460938 -0.0395164489746094 0.00574493408203126 0.0263271331787109
0.0697669982910156 -0.00305557250976563 -0.0189361572265625 0.0300998687744141
0.0635948181152344 0.032318115234375 -0.0316505432128906 0.0140724182128906
0.0228347778320313 0.0725860595703125 -0.0298843383789063 -0.0193729400634766
-0.025115966796875 0.0910873413085938 -0.00454902648925781 -0.0042424201965332
-0.0658416748046875 0.0826568603515625 -0.0261745452880859 0.0280590057373047
-0.0841522216796875 0.03460693359375 0.0024871826171875 0.094573974609375
-0.0674934387207031 0.066497802734375 -0.0129928588867187 0.108741760253906
-0.0268707275390625 0.0764007568359375 0.0202865600585938 0.0855484008789063
0.0266189575195312 0.079071044921875 0.0449028015136719 0.0571136474609375
0.0602493286132813 0.0393753051757812 0.0432586669921875 0.0179405212402344
0.0756988525390625 -0.0132598876953125 0.0333824157714844 -0.00482368469238281
0.0583152770996094 -0.045074462890625 0.0163612365722656 0.00397396087646484
0.0520973205566406 -0.0385627746582031 0.00890350341796875 0.0195522308349609
0.0555267333984375 -0.0439376831054687 0.00436782836914063 0.0324001312255859
0.0655174255371094 -0.0309028625488281 -0.00614166259765625 0.0393829345703125
0.0677604675292969 0.00391006469726563 -0.0263595581054687 0.0359420776367188
0.0585250854492188 0.03961181640625 -0.0334701538085937 0.0168628692626953
0.008941650390625 0.0694046020507813 -0.0263214111328125 -0.0127182006835937
-0.038665771484375 0.0746002197265625 -0.00674533843994141 0.0160646438598633
-0.0720748901367188 0.0597991943359375 -0.0481948852539063 0.0490074157714844
-0.06488037109375 -9.53674316406252E-05 -0.0257186889648438 0.104179382324219
-0.06439208984375 0.0282974243164063 -0.034393310546875 0.1162109375
-0.0394020080566406 0.0491409301757813 0.00890350341796875 0.0864715576171875
0.00220489501953126 0.0645751953125 0.0269622802734375 0.0552558898925781
0.0395584106445313 0.0433731079101563 0.0210914611816406 0.0208454132080078
0.0651626586914063 0.00180435180664062 0.0113554000854492 0.00883960723876953
0.0566368103027344 -0.0269508361816406 0.00062942504882813 0.0251598358154297
0.0493316650390625 -0.02764892578125 -0.00568771362304687 0.0398788452148437
0.0544395446777344 -0.0324859619140625 -0.0109176635742187 0.0512237548828125
0.064453125 -0.0204200744628906 -0.0227165222167969 0.0493965148925781
0.060577392578125 0.013275146484375 -0.0386581420898437 0.0384712219238281
0.0471153259277344 0.0440597534179687 -0.0391464233398438 0.014892578125
-0.00471115112304687 0.0640182495117188 -0.0263690948486328 -0.00695610046386718
-0.0528450012207031 0.0545120239257813 -0.0150318145751953 0.0292930603027344
-0.0740585327148438 0.0263442993164062 -0.0698204040527344 0.0571823120117187
-0.0337390899658203 -0.03466796875 -0.0412826538085937 0.0979995727539063
-0.0469245910644531 -0.0141181945800781 -0.0421066284179687 0.11077880859375
-0.0404205322265625 0.009307861328125 0.00557708740234375 0.0800323486328125
-0.0196762084960937 0.0391311645507813 0.0168609619140625 0.0455093383789063
0.0117111206054687 0.0390090942382813 0.00691413879394531 0.0161380767822266
0.0437507629394531 0.0159568786621094 -0.0089426040649414 0.0147476196289063
0.0471839904785156 -0.00858688354492188 -0.0167770385742187 0.0377006530761719
0.0397262573242188 -0.0117149353027344 -0.0160140991210937 0.0541000366210938
0.0463600158691406 -0.0161247253417969 -0.0226554870605469 0.0622673034667969
0.0516738891601563 -0.00796127319335938 -0.0390434265136719 0.0557594299316406
0.0478591918945312 0.01995849609375 -0.0513877868652344 0.0398902893066406
0.0317726135253906 0.0424613952636719 -0.0482521057128906 0.0118331909179688
-0.0200653076171875 0.0519866943359375 -0.0295944213867188 -0.00834655761718749
-0.0578689575195313 0.0269203186035156 -0.0277748107910156 0.032440185546875
-0.0659637451171875 -0.00974655151367187 -0.091583251953125 0.0537185668945313
0.0301895141601562 0.0414505004882813 0.0875930786132813 -0.0539321899414063
0.0531272888183594 -0.00533676147460937 0.0400733947753906 -0.0225639343261719
0.0216026306152344 -0.0372505187988281 0.0331363677978516 0.0085906982421875
-0.00922012329101563 -0.0369338989257813 0.0650634765625 -0.0031585693359375
-0.0263671875 -0.0184268951416016 0.0686454772949219 -0.0396080017089844
-0.0398826599121094 -0.000331878662109377 0.0507965087890625 -0.0685043334960938
-0.031494140625 0.00494766235351563 0.028778076171875 -0.0769271850585938
-0.0237998962402344 -0.00088882446289062 0.0224418640136719 -0.06195068359375
-0.0349864959716797 -0.00845527648925782 0.0220680236816406 -0.0459709167480469
-0.0196266174316406 -0.0302543640136719 0.0209522247314453 -0.0265598297119141
0.0092315673828125 -0.0364341735839844 -0.00334548950195313 -0.0106019973754883
0.0315799713134766 -0.0191631317138672 -0.0146923065185547 -0.0310039520263672
0.04443359375 0.0201416015625 -0.00219726562499999 -0.0795211791992188
0.0349235534667969 0.0538787841796875 0.0281524658203125 -0.104354858398438
0.00616836547851562 0.0631027221679688 0.0416412353515625 -0.086181640625
0.00177764892578126 0.070556640625 0.0999679565429688 -0.031768798828125
0.0446014404296875 0.0321464538574219 0.0489768981933594 -0.0078125
0.0301742553710937 -0.0054168701171875 0.0446128845214844 0.0201873779296875
0.0129814147949219 -0.0209102630615234 0.0765762329101563 0.00572967529296875
0.00284004211425781 -0.0172872543334961 0.0810928344726563 -0.0333328247070313
-0.0142650604248047 -0.0181522369384766 0.0619277954101563 -0.0718841552734375
-0.0133457183837891 -0.0180568695068359 0.039276123046875 -0.080413818359375
-0.00903892517089844 -0.0208854675292969 0.0294876098632812 -0.0619010925292969
-0.0115909576416016 -0.0265789031982422 0.0293045043945312 -0.0389823913574219
0.00944900512695313 -0.0368690490722656 0.0250816345214844 -0.0171489715576172
0.0362586975097656 -0.027496337890625 -0.000836610794067381 -0.00122010707855225
0.05169677734375 -0.00103759765625 -0.0189990997314453 -0.0192317962646484
0.0407829284667969 0.0482368469238281 -0.0150222778320312 -0.0665092468261719
0.0174560546875 0.0836944580078125 0.0159454345703125 -0.0878982543945313
-0.0174331665039063 0.0879898071289062 0.0311203002929687 -0.0635452270507813
-0.0333328247070313 0.0897750854492188 0.0970840454101563 -0.00273895263671874
0.020172119140625 0.071990966796875 0.051605224609375 0.021484375
0.0313568115234375 0.0310726165771484 0.0480918884277344 0.0369606018066406
0.0390205383300781 0.0104141235351563 0.0819473266601563 0.0186614990234375
0.0305004119873047 -0.0107955932617188 0.0869674682617188 -0.0212631225585938
0.0159950256347656 -0.0322647094726563 0.06640625 -0.0654258728027344
0.00703048706054688 -0.0407142639160156 0.0425071716308594 -0.0686492919921875
0.0121574401855469 -0.0366249084472656 0.0306930541992188 -0.0510597229003906
0.0116004943847656 -0.0445899963378906 0.0272502899169922 -0.0277729034423828
0.03216552734375 -0.0430068969726563 0.0253524780273438 -0.0086669921875
0.0551910400390625 -0.0211677551269531 -0.00381946563720703 0.00822114944458008
0.0608711242675781 0.0118026733398438 -0.0225276947021484 -0.00583457946777344
0.0453453063964844 0.0652008056640625 -0.0263519287109375 -0.0491828918457031
0.00527954101562499 0.102821350097656 0.000968933105468754 -0.0619468688964844
-0.0352249145507812 0.103645324707031 0.0140838623046875 -0.036895751953125
-0.0634078979492188 0.0939559936523438 0.0778884887695313 0.037384033203125
-0.0126113891601562 0.0966796875 0.0432205200195312 0.0542640686035156
0.0209808349609375 0.07037353515625 0.0482864379882813 0.0554428100585938
0.0541839599609375 0.0424118041992188 0.0813827514648438 0.0346145629882813
0.0603790283203125 0.00116729736328125 0.0820236206054688 -0.00630950927734375
0.0461311340332031 -0.0377082824707031 0.0659713745117188 -0.0505790710449219
0.0296554565429687 -0.0537185668945313 0.0437355041503906 -0.0489616394042969
0.0301055908203125 -0.0463829040527344 0.0267753601074219 -0.0308647155761719
0.0313987731933594 -0.0537528991699219 0.0238265991210938 -0.0110244750976563
0.0515480041503906 -0.0491142272949219 0.0180931091308594 0.00722312927246094
0.0678176879882813 -0.0155830383300781 -0.00784111022949219 0.0199451446533203
0.0684165954589844 0.0216102600097656 -0.025848388671875 0.00580978393554688
0.0399551391601563 0.0724716186523438 -0.0357513427734375 -0.0323867797851562
-0.00414276123046876 0.107810974121094 -0.00317192077636719 -0.0347175598144531
-0.0470733642578125 0.105827331542969 -0.0050811767578125 -0.00371265411376953
-0.0852432250976562 0.0757064819335938 0.0491867065429687 0.0722579956054688
-0.0437469482421875 0.0991058349609375 0.0208053588867187 0.0902252197265625
0.00170135498046874 0.0926437377929688 0.0412368774414063 0.0743255615234375
0.0545120239257813 0.0693130493164063 0.0693435668945313 0.0496902465820313
0.0710525512695313 0.0199508666992188 0.0672683715820313 0.00678253173828125
0.071563720703125 -0.0350189208984375 0.0505752563476563 -0.0278816223144531
0.0443916320800781 -0.0595703125 0.0338382720947266 -0.0234928131103516
0.0430793762207031 -0.0501251220703125 0.0206851959228516 -0.00864410400390625
0.0473518371582031 -0.0570945739746094 0.0161333084106445 0.0110902786254883
0.0574226379394531 -0.0459556579589844 0.0115623474121094 0.0216808319091797
0.0763168334960938 -0.009552001953125 -0.0154838562011719 0.0284271240234375
0.0720367431640625 0.0257644653320313 -0.0249519348144531 0.0138511657714844
0.031280517578125 0.0739364624023438 -0.0299625396728516 -0.0189037322998047
-0.018585205078125 0.100433349609375 -0.00273609161376953 -0.00667810440063476
-0.0589065551757813 0.0931625366210937 -0.0226287841796875 0.0291385650634766
-0.0901947021484375 0.0507431030273437 0.0125579833984375 0.0982666015625
-0.0631103515625 0.076019287109375 -0.00419616699218749 0.110000610351563
-0.0235061645507813 0.0835647583007813 0.0233612060546875 0.0868682861328125
0.0367355346679687 0.083038330078125 0.0476150512695313 0.0565719604492188
0.0668869018554687 0.0351676940917969 0.0452537536621094 0.0164146423339844
0.0757827758789063 -0.0206069946289063 0.0353279113769531 -0.00899505615234375
0.0549774169921875 -0.0502166748046875 0.0152645111083984 0.00397014617919922
0.0479087829589844 -0.0464706420898438 0.00821304321289063 0.015233039855957
0.052276611328125 -0.0502128601074219 0.0037384033203125 0.0279865264892578
0.065673828125 -0.041748046875 -0.00342941284179687 0.0386848449707031
0.0744400024414063 -0.002044677734375 -0.0226554870605469 0.0367698669433594
0.0626487731933594 0.0352554321289063 -0.0331974029541016 0.014617919921875
0.0159530639648438 0.0726318359375 -0.0253925323486328 -0.00863647460937499
-0.0317840576171875 0.08349609375 -0.00343894958496094 0.0138397216796875
-0.0695114135742188 0.0718231201171875 -0.04486083984375 0.0503196716308594
-0.0686988830566406 0.00667190551757813 -0.0174331665039062 0.109382629394531
-0.0652389526367188 0.038055419921875 -0.0258941650390625 0.121566772460938
-0.0374946594238281 0.0560951232910156 0.0145339965820313 0.085784912109375
0.0105705261230469 0.0694007873535156 0.027557373046875 0.0540771484375
0.0472145080566406 0.0417823791503906 0.0216007232666016 0.0195693969726563
0.0687065124511719 -0.0046539306640625 0.00948047637939453 0.00632381439208984
0.0571784973144531 -0.0353736877441406 0.00185394287109375 0.0249233245849609
0.0477676391601563 -0.0345840454101563 -0.000377655029296871 0.0407142639160156
0.0529632568359375 -0.0423202514648438 -0.0067901611328125 0.0518455505371094
0.0653076171875 -0.0307121276855469 -0.0201148986816406 0.0509567260742188
0.0665245056152344 0.00600814819335938 -0.0381660461425781 0.037445068359375
0.0547714233398438 0.0395736694335938 -0.0380439758300781 0.0178260803222656
0.000251770019531247 0.0662765502929688 -0.0255603790283203 -0.00330924987792968
-0.0474014282226562 0.0646476745605469 -0.0113658905029297 0.0304298400878906
-0.0742645263671875 0.0390625 -0.0652847290039063 0.0638160705566406
-0.0408210754394531 -0.0312118530273438 -0.0328903198242187 0.10211181640625
-0.0518569946289063 -0.00543594360351563 -0.034210205078125 0.112716674804687
-0.0444984436035156 0.0142440795898438 0.00838470458984374 0.0776596069335938
-0.0201187133789062 0.0426902770996094 0.0179481506347656 0.0436019897460938
0.0194358825683594 0.036376953125 0.00632381439208985 0.0172786712646484
0.0457611083984375 0.0137176513671875 -0.00918388366699218 0.0161838531494141
0.047943115234375 -0.0156288146972656 -0.0108909606933594 0.0400543212890625
0.0391502380371094 -0.0165672302246094 -0.0110588073730469 0.0541152954101563
0.0447349548339844 -0.0262413024902344 -0.0187530517578125 0.0662460327148438
0.0535545349121094 -0.0131072998046875 -0.0351448059082031 0.0622787475585938
0.0478591918945312 0.0153923034667969 -0.0529022216796875 0.0429801940917969
0.0372352600097656 0.0438041687011719 -0.0470962524414063 0.0125961303710937
-0.014556884765625 0.0584983825683594 -0.0294113159179687 -0.00653076171875
-0.05810546875 0.0372085571289063 -0.0226402282714844 0.0377235412597656
-0.07147216796875 -0.00117492675781248 -0.0879745483398438 0.0648345947265625
0.033477783203125 0.0379905700683594 0.08251953125 -0.0628128051757813
0.0524482727050781 -0.0125274658203125 0.0351028442382813 -0.0278453826904297
0.0149650573730469 -0.0403366088867188 0.0343742370605469 0.00734519958496093
-0.0152626037597656 -0.0336456298828125 0.0632781982421875 -0.00765228271484375
-0.0283317565917969 -0.0155029296875 0.0671195983886719 -0.0425682067871094
-0.0380668640136719 0.00577163696289062 0.045013427734375 -0.0723724365234375
-0.0292797088623047 0.00763893127441406 0.0211868286132812 -0.0808334350585938
-0.0253772735595703 0.00225639343261718 0.0142059326171875 -0.0656814575195313
-0.0342979431152344 -0.00250244140625 0.0179405212402344 -0.0474205017089844
-0.02239990234375 -0.0253391265869141 0.0182018280029297 -0.0290718078613281
0.00408935546875 -0.0363922119140625 -0.000799179077148437 -0.0148296356201172
0.0278511047363281 -0.0230350494384766 -0.0137367248535156 -0.0313873291015625
0.0462493896484375 0.0139007568359375 -0.0044403076171875 -0.0761947631835938
0.0401229858398438 0.047882080078125 0.0226516723632812 -0.106269836425781
0.0132369995117188 0.060516357421875 0.035308837890625 -0.0913467407226563
0.00646209716796874 0.0692634582519531 0.0935821533203125 -0.0427169799804688
0.04571533203125 0.0287818908691406 0.0463333129882813 -0.0122146606445312
0.0261878967285156 -0.00811386108398438 0.0429153442382812 0.0174942016601562
0.0125904083251953 -0.0182056427001953 0.0760879516601563 0.0013580322265625
-0.000288009643554686 -0.0174274444580078 0.07745361328125 -0.037994384765625
-0.0147247314453125 -0.0135469436645508 0.0559158325195313 -0.0746231079101563
-0.0138034820556641 -0.0168571472167969 0.0322036743164062 -0.0834197998046875
-0.00865554809570313 -0.0189552307128906 0.0208282470703125 -0.0659751892089844
-0.0136184692382813 -0.0251178741455078 0.0242271423339844 -0.0451889038085938
0.00436019897460937 -0.0362052917480469 0.0236492156982422 -0.0231456756591797
0.0317955017089844 -0.0297889709472656 0.00157403945922852 -0.00624275207519531
0.0488815307617188 -0.0053253173828125 -0.0152072906494141 -0.0184097290039062
0.0450935363769531 0.0433921813964844 -0.0165557861328125 -0.0631370544433594
0.0228652954101563 0.0789794921875 0.010223388671875 -0.0878143310546875
-0.008331298828125 0.0889358520507813 0.0269241333007812 -0.0678672790527344
-0.0264205932617188 0.091796875 0.0952301025390625 -0.010467529296875
0.0233688354492187 0.0699501037597656 0.0503768920898438 0.0143394470214844
0.0310707092285156 0.0312213897705078 0.0486564636230469 0.0321159362792969
0.0401268005371094 0.00662994384765625 0.0839767456054688 0.0141143798828125
0.0303096771240234 -0.0137577056884766 0.0839462280273438 -0.0285263061523438
0.013916015625 -0.0316047668457031 0.0606040954589844 -0.0689773559570313
0.00506210327148437 -0.0405731201171875 0.03729248046875 -0.0747756958007812
0.00942611694335937 -0.0375480651855469 0.0241813659667969 -0.0554351806640625
0.00838851928710937 -0.0450019836425781 0.0251731872558594 -0.0336418151855469
0.0269699096679688 -0.0454940795898438 0.0220222473144531 -0.012786865234375
0.0532722473144531 -0.0267448425292969 -0.000757694244384762 0.00457620620727539
0.0643081665039063 0.00635147094726563 -0.0193901062011719 -0.00637054443359375
0.0464973449707031 0.060333251953125 -0.0284957885742187 -0.0470123291015625
0.0128555297851563 0.100357055664062 -0.000595092773437495 -0.0628929138183594
-0.027191162109375 0.106040954589844 0.0143165588378906 -0.0385169982910156
-0.0571441650390625 0.100440979003906 0.0807342529296875 0.0288543701171875
-0.00541687011718749 0.0992431640625 0.0440521240234375 0.0481681823730469
0.026580810546875 0.0699882507324219 0.0494461059570312 0.0513648986816406
0.0589714050292969 0.0368080139160156 0.084259033203125 0.0294876098632813
0.0599555969238281 -0.00208663940429688 0.0812835693359375 -0.014495849609375
0.0435905456542969 -0.0411186218261719 0.0598297119140625 -0.0540237426757813
0.0245895385742187 -0.0564689636230469 0.0372695922851563 -0.0545463562011719
0.0255699157714844 -0.0513153076171875 0.0226936340332031 -0.0362739562988281
0.027130126953125 -0.0593299865722656 0.0228061676025391 -0.0152931213378906
0.0447044372558594 -0.0518531799316406 0.0159082412719727 0.0016031265258789
0.0667228698730469 -0.0216407775878906 -0.00558185577392578 0.0160207748413086
0.0728988647460938 0.0131912231445313 -0.0229530334472656 0.00514984130859375
0.0448951721191406 0.0695991516113281 -0.0321254730224609 -0.0309524536132812
0.00420379638671875 0.10626220703125 -0.0039825439453125 -0.0357780456542969
-0.0396957397460937 0.1112060546875 -0.00176191329956055 -0.00506210327148437
-0.0799484252929687 0.085601806640625 0.0538253784179687 0.0662384033203125
-0.0383071899414062 0.105209350585938 0.0269546508789062 0.084625244140625
0.00763702392578125 0.0936965942382813 0.0436477661132812 0.069244384765625
0.0617294311523438 0.0638885498046875 0.0718994140625 0.043670654296875
0.0757217407226563 0.0144577026367188 0.0667457580566406 0.002685546875
0.0673179626464844 -0.0405654907226563 0.0482940673828125 -0.0323867797851563
0.0419197082519531 -0.0621986389160156 0.030792236328125 -0.0276145935058594
0.0392265319824219 -0.0556907653808594 0.0187568664550781 -0.0113410949707031
0.04150390625 -0.0632972717285156 0.0165262222290039 0.00678348541259765
0.05657958984375 -0.0534286499023438 0.00955390930175782 0.0186576843261719
0.073760986328125 -0.0174942016601563 -0.0121021270751953 0.0275688171386719
0.0758590698242187 0.0208587646484375 -0.0246562957763672 0.0128345489501953
0.0374679565429688 0.0715255737304688 -0.0292282104492188 -0.0180511474609375
-0.00831604003906251 0.102066040039063 -0.00286722183227539 -0.00753116607666015
-0.0514755249023438 0.100410461425781 -0.0188159942626953 0.0272426605224609
-0.0854415893554688 0.0580596923828125 0.0205535888671875 0.09600830078125
-0.056182861328125 0.0843582153320313 0.00514221191406251 0.109138488769531
-0.0160369873046875 0.0869903564453125 0.02984619140625 0.080596923828125
0.0443954467773438 0.0774383544921875 0.0523872375488281 0.053497314453125
0.071746826171875 0.0302658081054688 0.0440711975097656 0.0144615173339844
0.0757980346679688 -0.029876708984375 0.0295600891113281 -0.00870132446289063
0.0523109436035156 -0.0580520629882812 0.019561767578125 0.000654220581054684
0.0461997985839844 -0.0516777038574219 0.0112991333007813 0.0154953002929687
0.048828125 -0.0628585815429688 0.00834465026855469 0.0296287536621094
0.0623703002929687 -0.0482635498046875 -0.00397491455078124 0.03594970703125
0.075408935546875 -0.0106201171875 -0.0215721130371094 0.0332717895507813
0.0688934326171875 0.02838134765625 -0.0289573669433594 0.0157947540283203
0.0244140625 0.0730056762695313 -0.0267601013183594 -0.0108051300048828
-0.0249786376953125 0.0909500122070313 -0.0020895004272461 0.0155982971191406
-0.0637359619140625 0.07684326171875 -0.0380744934082031 0.0529098510742188
-0.0706405639648438 0.0162734985351563 -0.00733184814453125 0.110191345214844
-0.062408447265625 0.0461845397949219 -0.0147247314453125 0.118743896484375
-0.03424072265625 0.0639495849609375 0.0186309814453125 0.0839462280273438
0.0180740356445312 0.0696029663085938 0.0323257446289063 0.0508308410644531
0.0530624389648438 0.0373344421386719 0.0218143463134766 0.0200443267822266
0.0682525634765625 -0.0135421752929688 0.00975608825683594 0.00915908813476563
0.0516891479492187 -0.0422630310058594 0.00463676452636719 0.0257625579833984
0.0446701049804688 -0.040283203125 0.00150299072265626 0.0400543212890625
0.0489234924316406 -0.0492630004882813 -0.00379180908203124 0.049560546875
0.0621376037597656 -0.0368080139160156 -0.0174980163574219 0.0498733520507813
0.0687904357910156 -0.00193023681640625 -0.0335502624511719 0.0412445068359375
0.0593032836914063 0.0351219177246094 -0.0360641479492187 0.0165977478027344
0.00846481323242188 0.0692672729492188 -0.025543212890625 -0.00652694702148437
-0.0427093505859375 0.0701637268066406 -0.00783157348632813 0.0295429229736328
-0.0711669921875 0.0451736450195312 -0.0594978332519531 0.0668983459472656
-0.0457420349121094 -0.0265846252441406 -0.0258712768554688 0.109504699707031
-0.0536994934082031 0.00016784667968749 -0.0244598388671875 0.116058349609375
-0.0415420532226562 0.0238304138183594 0.0130462646484375 0.0764389038085938
-0.0110015869140625 0.0477561950683594 0.0190010070800781 0.0434303283691406
0.0245857238769531 0.0363082885742187 0.00600051879882813 0.0187435150146484
0.0494194030761719 0.00398635864257813 -0.00761222839355469 0.021759033203125
0.0429801940917969 -0.0211067199707031 -0.0110282897949219 0.0433616638183594
0.0377960205078125 -0.0215530395507812 -0.00767135620117187 0.0573272705078125
0.0417137145996094 -0.02996826171875 -0.0148162841796875 0.0679779052734375
0.0514144897460938 -0.0219573974609375 -0.0308494567871094 0.0618476867675781
0.0549850463867187 0.007354736328125 -0.0477523803710938 0.0448150634765625
0.0433082580566406 0.0370597839355469 -0.0480728149414063 0.0160293579101563
-0.00714111328125 0.0599212646484375 -0.0289516448974609 -0.00632095336914062
-0.0531883239746094 0.0433120727539063 -0.0194511413574219 0.037841796875
-0.0691452026367188 0.00872039794921874 -0.0820770263671875 0.0699462890625
0.0347232818603516 0.0344333648681641 0.0780029296875 -0.0656509399414062
0.0489997863769531 -0.0147247314453125 0.0309886932373047 -0.0284805297851563
0.0117607116699219 -0.0389480590820313 0.032470703125 0.00671768188476562
-0.0181522369384766 -0.0316715240478516 0.0620269775390625 -0.00852203369140625
-0.0301322937011719 -0.0130901336669922 0.0640335083007813 -0.0454330444335938
-0.03631591796875 0.0090484619140625 0.0413131713867188 -0.0742721557617188
-0.0270004272460938 0.00983428955078125 0.0173721313476562 -0.0810470581054688
-0.0242099761962891 0.00452041625976562 0.0106887817382813 -0.0662384033203125
-0.0332298278808594 0.000452041625976564 0.0138778686523438 -0.0498428344726563
-0.0245399475097656 -0.0212516784667969 0.0166759490966797 -0.0325927734375
0.00126266479492187 -0.0354042053222656 0.000475883483886717 -0.0171642303466797
0.0254554748535156 -0.0245914459228516 -0.0113048553466797 -0.03094482421875
0.0457839965820312 0.0100898742675781 -0.00557708740234374 -0.073089599609375
0.042205810546875 0.0419960021972656 0.0172195434570313 -0.103675842285156
0.0175857543945313 0.0563430786132813 0.0311050415039062 -0.0935821533203125
0.00980758666992187 0.0675239562988281 0.08966064453125 -0.04791259765625
0.0440444946289062 0.0257339477539062 0.0420913696289063 -0.0153465270996094
0.0247879028320313 -0.00764656066894531 0.041015625 0.0150794982910156
0.0104169845581055 -0.0172615051269531 0.0744094848632813 -0.00138092041015625
-0.00194358825683594 -0.0163068771362305 0.0752639770507813 -0.0418167114257813
-0.0148000717163086 -0.0116081237792969 0.051116943359375 -0.0769500732421875
-0.0129785537719727 -0.0160303115844727 0.0266189575195312 -0.0849075317382813
-0.00910758972167969 -0.0178775787353516 0.0163955688476563 -0.0668487548828125
-0.0134048461914062 -0.0235233306884766 0.0196304321289063 -0.0474090576171875
0.0018463134765625 -0.0343341827392578 0.021331787109375 -0.0273933410644531
0.0286960601806641 -0.0311145782470703 0.00145816802978516 -0.00912952423095703
0.0470733642578125 -0.00758743286132812 -0.0135612487792969 -0.0190296173095703
0.0465164184570313 0.0382194519042969 -0.0173912048339844 -0.0601348876953125
0.027435302734375 0.0758285522460938 0.0067138671875 -0.086639404296875
-0.00356292724609374 0.08624267578125 0.02520751953125 -0.0706634521484375
-0.0214614868164063 0.092315673828125 0.092041015625 -0.0171051025390625
0.0265045166015625 0.0666694641113281 0.0477943420410156 0.00978851318359375
0.0323867797851563 0.0307121276855469 0.04754638671875 0.0294532775878906
0.0393295288085938 0.00507736206054688 0.0821533203125 0.0106353759765625
0.0302467346191406 -0.0134944915771484 0.0815353393554688 -0.031951904296875
0.012451171875 -0.0310802459716797 0.05670166015625 -0.0704269409179688
0.00406265258789063 -0.0391807556152344 0.031890869140625 -0.0759811401367188
0.00753021240234375 -0.0379829406738281 0.0197372436523438 -0.0575141906738281
0.00568008422851562 -0.043914794921875 0.0214881896972656 -0.0368537902832031
0.0242080688476563 -0.0460700988769531 0.0208835601806641 -0.0169830322265625
0.0503883361816406 -0.0287017822265625 -0.000470697879791257 0.000983834266662596
0.0631103515625 0.00263595581054688 -0.0169134140014648 -0.00740909576416016
0.0487213134765625 0.0573997497558594 -0.0271568298339844 -0.0446319580078125
0.0188064575195313 0.09722900390625 -0.00234603881835938 -0.062255859375
-0.0200119018554687 0.105278015136719 0.0130386352539063 -0.0405426025390625
-0.0525588989257812 0.101325988769531 0.0803909301757813 0.0223770141601563
-0.000907897949218741 0.0971832275390625 0.0444297790527344 0.0439033508300781
0.0287628173828125 0.0692100524902344 0.0485649108886719 0.0481910705566406
0.0604476928710938 0.034088134765625 0.0813980102539063 0.025909423828125
0.0605850219726563 -0.00513839721679688 0.0777740478515625 -0.0170211791992188
0.0402488708496094 -0.0423774719238281 0.0554695129394531 -0.0553054809570313
0.0223312377929687 -0.0577545166015625 0.0333824157714844 -0.0570068359375
0.0238990783691406 -0.0525627136230469 0.0200004577636719 -0.0387496948242188
0.0236091613769531 -0.0597877502441406 0.0191478729248047 -0.0187206268310547
0.0412254333496094 -0.0541419982910156 0.0162067413330078 -0.00296783447265625
0.0653572082519531 -0.0262336730957031 -0.00474834442138671 0.0120649337768555
0.0734710693359375 0.00841522216796875 -0.0203018188476562 0.00342178344726563
0.0482215881347656 0.0662994384765625 -0.0303535461425781 -0.0291118621826172
0.0106964111328125 0.106109619140625 -0.00443267822265625 -0.0358161926269531
-0.0328140258789062 0.111656188964844 -0.000238418579101565 -0.00767183303833007
-0.0746307373046875 0.0909652709960938 0.0559272766113281 0.060821533203125
-0.0311279296875 0.105827331542969 0.029510498046875 0.0780029296875
0.0115509033203125 0.093475341796875 0.0423965454101563 0.0666694641113281
0.0642166137695313 0.060638427734375 0.0716018676757813 0.0411148071289063
0.0763931274414063 0.00983428955078125 0.0643272399902344 0.000148773193359376
0.0627365112304688 -0.0438270568847656 0.0455322265625 -0.0333976745605469
0.0384483337402344 -0.0648651123046875 0.0286464691162109 -0.0300979614257813
0.03558349609375 -0.0588302612304687 0.0168170928955078 -0.0130395889282227
0.03680419921875 -0.0659751892089844 0.0139808654785156 0.003387451171875
0.0528488159179688 -0.0560150146484375 0.00783729553222657 0.0148239135742187
0.0726242065429688 -0.0221328735351563 -0.0114574432373047 0.0232696533203125
0.0756759643554688 0.0158157348632813 -0.0225410461425781 0.0106830596923828
0.04156494140625 0.070404052734375 -0.0285434722900391 -0.0178260803222656
-0.00233459472656251 0.103492736816406 -0.0022435188293457 -0.00868844985961914
-0.0453643798828125 0.101806640625 -0.0153331756591797 0.0249443054199219
-0.0794601440429687 0.0613784790039063 0.0256881713867188 0.0916824340820313
-0.05328369140625 0.0877838134765625 0.00875854492187501 0.103584289550781
-0.0121307373046875 0.0920028686523438 0.02947998046875 0.0772781372070313
0.0503768920898438 0.073883056640625 0.0517196655273438 0.0495071411132813
0.07452392578125 0.0238189697265625 0.0427627563476563 0.013702392578125
0.0715103149414063 -0.0343017578125 0.0287494659423828 -0.0104255676269531
0.0477714538574219 -0.0604629516601563 0.0171232223510742 -0.000524520874023441
0.0414924621582031 -0.0555152893066406 0.0107278823852539 0.013615608215332
0.0441932678222656 -0.0646476745605469 0.0068817138671875 0.0269889831542969
0.0587348937988281 -0.0527801513671875 -0.00352287292480469 0.0325431823730469
0.0741729736328125 -0.0148849487304688 -0.0211906433105469 0.0326213836669922
0.0721664428710938 0.0235748291015625 -0.0276355743408203 0.0138645172119141
0.0281219482421875 0.0717391967773438 -0.0254745483398438 -0.0104408264160156
-0.0195388793945313 0.0919647216796875 -8.01086425781259E-05 0.0121040344238281
-0.0578079223632813 0.080841064453125 -0.0329475402832031 0.0514907836914063
-0.0703659057617188 0.0209121704101562 -0.00186920166015626 0.107452392578125
-0.059967041015625 0.0501480102539063 -0.010528564453125 0.115371704101562
-0.0306510925292969 0.0666236877441406 0.0189666748046875 0.078826904296875
0.0234375 0.0684432983398438 0.0322418212890625 0.0494194030761719
0.0556144714355469 0.0333671569824219 0.0214481353759766 0.0197544097900391
0.0663604736328125 -0.0184898376464844 0.00983047485351563 0.00955009460449219
0.0480804443359375 -0.0463790893554688 0.00542449951171875 0.0250682830810547
0.0408782958984375 -0.0443458557128906 0.00357437133789063 0.0385093688964844
0.0448951721191406 -0.0525627136230469 -0.001861572265625 0.0494384765625
0.0582122802734375 -0.0421066284179688 -0.015838623046875 0.0485267639160156
0.0682945251464844 -0.00564193725585938 -0.0317420959472656 0.0401611328125
0.0617179870605469 0.0300788879394531 -0.0351219177246094 0.0158824920654297
0.0122909545898437 0.0695686340332031 -0.0252342224121094 -0.00631523132324218
-0.0367813110351562 0.0739974975585938 -0.00525474548339844 0.0279273986816406
-0.0665016174316406 0.0508003234863281 -0.0539665222167969 0.0678253173828125
-0.0480117797851563 -0.0221748352050781 -0.0192489624023438 0.107833862304688
-0.0529670715332031 0.00397109985351562 -0.0193252563476563 0.113075256347656
-0.0403022766113281 0.0276908874511719 0.0139083862304687 0.072784423828125
-0.00498199462890625 0.0476188659667969 0.0185050964355469 0.0428123474121094
0.0279979705810547 0.0334854125976563 0.0046844482421875 0.0199337005615234
0.0482139587402344 -0.00079345703125 -0.00584983825683593 0.02252197265625
0.0406455993652344 -0.0252113342285156 -0.00626754760742187 0.0433769226074219
0.0350742340087891 -0.0266971588134766 -0.00417709350585938 0.0571136474609375
0.0396842956542969 -0.03399658203125 -0.0105361938476562 0.0671768188476563
0.0489082336425781 -0.0256538391113281 -0.0301589965820313 0.0616416931152344
0.0546913146972656 0.00300216674804687 -0.045562744140625 0.0460472106933594
0.0457000732421875 0.0321884155273438 -0.0448951721191406 0.015838623046875
-0.00381851196289062 0.0586471557617188 -0.0283451080322266 -0.00498771667480468
-0.0488929748535156 0.0469741821289063 -0.0151329040527344 0.036407470703125
-0.067413330078125 0.0130615234375 -0.0766067504882813 0.0725326538085938
0.0352706909179688 0.0316276550292969 0.0763778686523438 -0.0672378540039063
0.0473365783691406 -0.016632080078125 0.0287246704101563 -0.0288257598876953
0.0100631713867188 -0.0388336181640625 0.0306472778320313 0.00767135620117187
-0.019287109375 -0.0307502746582031 0.0614814758300781 -0.00793075561523438
-0.0301647186279297 -0.0117359161376953 0.0636672973632813 -0.0455245971679688
-0.0351295471191406 0.0115871429443359 0.0407562255859375 -0.0748443603515625
-0.0260009765625 0.0109691619873047 0.0158920288085938 -0.081634521484375
-0.0238094329833984 0.00548362731933593 0.00864791870117188 -0.0666122436523438
-0.0318431854248047 0.00226020812988282 0.0121116638183594 -0.0507164001464844
-0.0248374938964844 -0.0188827514648437 0.015045166015625 -0.0350799560546875
-0.000839233398437502 -0.0345935821533203 0.000907897949218751 -0.0198440551757813
0.0240077972412109 -0.0255699157714844 -0.00935173034667969 -0.0318946838378906
0.0449562072753906 0.00678253173828125 -0.00486755371093751 -0.0720291137695313
0.0433502197265625 0.0386238098144531 0.0170059204101562 -0.102386474609375
0.0200424194335938 0.0536308288574219 0.0301971435546875 -0.0944595336914062
0.0107078552246094 0.0665130615234375 0.0884170532226563 -0.0491485595703125
0.0433197021484375 0.0235824584960938 0.0402488708496094 -0.0163307189941406
0.0241127014160156 -0.00760650634765625 0.0395927429199219 0.01568603515625
0.00980949401855469 -0.0163555145263672 0.07281494140625 -0.000366210937500001
-0.00192642211914063 -0.0156440734863281 0.074127197265625 -0.0424423217773438
-0.01348876953125 -0.010218620300293 0.0500640869140625 -0.0771255493164063
-0.0131359100341797 -0.0150012969970703 0.0231475830078125 -0.085205078125
-0.00888252258300781 -0.017521858215332 0.0137481689453125 -0.0680160522460938
-0.0133266448974609 -0.0216865539550781 0.0163116455078125 -0.0491714477539063
0.000743865966796872 -0.0333271026611328 0.0198192596435547 -0.0304031372070313
0.0263290405273438 -0.0308513641357422 0.0023183822631836 -0.0124492645263672
0.0456619262695313 -0.00914764404296875 -0.0110931396484375 -0.0204601287841797
0.0461387634277344 0.0366325378417969 -0.0151405334472656 -0.0590591430664062
0.0298538208007813 0.0737457275390625 0.00665283203125 -0.0853729248046875
-0.000289916992187509 0.08489990234375 0.0250320434570313 -0.0724639892578125
-0.0198516845703125 0.0928955078125 0.0907363891601563 -0.01959228515625
0.0266952514648438 0.0652313232421875 0.0452880859375 0.00777816772460938
0.0324230194091797 0.0315742492675781 0.0462684631347656 0.0298995971679688
0.0391998291015625 0.00542449951171875 0.0812149047851563 0.00983428955078125
0.0302658081054688 -0.0144519805908203 0.0800704956054688 -0.0331573486328125
0.0123271942138672 -0.0301494598388672 0.0544052124023438 -0.0714035034179688
0.00392532348632813 -0.0399589538574219 0.0288543701171875 -0.077545166015625
0.00731658935546875 -0.0388069152832031 0.0167732238769531 -0.058868408203125
0.00524520874023438 -0.0439491271972656 0.0182991027832031 -0.0384178161621094
0.0231246948242188 -0.0457687377929688 0.0192852020263672 -0.0206069946289063
0.0490646362304688 -0.0294113159179688 0.0003962516784668 -0.00268745422363281
0.0627403259277344 0.000965118408203125 -0.0148687362670898 -0.00978279113769531
0.0493316650390625 0.0555763244628906 -0.025146484375 -0.0442237854003906
0.0207366943359375 0.095733642578125 -0.0021209716796875 -0.0623664855957031
-0.0164108276367188 0.104827880859375 0.0137672424316406 -0.0429039001464844
-0.0506668090820312 0.103050231933594 0.0799179077148438 0.0186691284179688
0.0006561279296875 0.0975570678710938 0.0431098937988281 0.0404815673828125
0.0307388305664063 0.0699005126953125 0.0471420288085937 0.047607421875
0.0616226196289063 0.0331840515136719 0.0812225341796875 0.0249099731445313
0.0606231689453125 -0.00672149658203125 0.07666015625 -0.0179290771484375
0.0402145385742188 -0.0424308776855469 0.0529594421386719 -0.0555877685546875
0.0207443237304687 -0.0579795837402344 0.0299072265625 -0.0583724975585938
0.0223579406738281 -0.0541000366210937 0.017547607421875 -0.0398941040039062
0.021881103515625 -0.0598716735839844 0.016815185546875 -0.0207481384277344
0.0401535034179688 -0.0559768676757812 0.0145368576049805 -0.0062704086303711
0.0645866394042969 -0.0281333923339844 -0.00434589385986328 0.009124755859375
0.0738143920898438 0.00672149658203125 -0.0181980133056641 0.00107192993164063
0.0505905151367188 0.0654220581054688 -0.0288410186767578 -0.0291900634765625
0.01312255859375 0.106124877929688 -0.00326919555664062 -0.0358428955078125
-0.0302810668945312 0.110771179199219 0.000731468200683593 -0.0101785659790039
-0.0727310180664063 0.092529296875 0.0576515197753906 0.0576400756835938
-0.0291671752929688 0.10699462890625 0.02960205078125 0.0748138427734375
0.0140228271484375 0.095184326171875 0.0404205322265625 0.0650558471679688
0.0666656494140625 0.0595550537109375 0.0701255798339844 0.0399856567382813
0.0777130126953125 0.00732421875 0.0634765625 -0.0006866455078125
0.0615081787109375 -0.0455894470214844 0.0431098937988281 -0.0333786010742188
0.0355949401855469 -0.066009521484375 0.0257244110107422 -0.0311336517333984
0.033416748046875 -0.0613784790039063 0.0152301788330078 -0.0146589279174805
0.0345115661621094 -0.0677146911621094 0.0121917724609375 0.00240707397460937
0.051666259765625 -0.0590438842773438 0.0065155029296875 0.0118646621704102
0.072235107421875 -0.025146484375 -0.0119953155517578 0.0207920074462891
0.0771865844726563 0.0129241943359375 -0.0213871002197266 0.00839996337890625
0.043731689453125 0.0703659057617188 -0.02740478515625 -0.0175724029541016
0.0012359619140625 0.104476928710938 -0.000538825988769532 -0.0103588104248047
-0.0426101684570312 0.1036376953125 -0.0135040283203125 0.0226688385009766
-0.080474853515625 0.0652313232421875 0.0272445678710938 0.0894851684570312
-0.0505828857421875 0.0902023315429688 0.00920867919921874 0.100624084472656
-0.00926971435546875 0.0941696166992188 0.028411865234375 0.0759811401367187
0.0522994995117188 0.07305908203125 0.0509757995605469 0.0489311218261719
0.0753555297851563 0.0222625732421875 0.0426712036132813 0.0139350891113281
0.0699920654296875 -0.03619384765625 0.0274467468261719 -0.00976371765136719
0.044708251953125 -0.0621795654296875 0.0176563262939453 -0.00173187255859375
0.0395050048828125 -0.0583229064941406 0.0107812881469727 0.0131912231445312
0.0423469543457031 -0.0665130615234375 0.00540161132812501 0.0261745452880859
0.0572052001953125 -0.0555419921875 -0.00374031066894531 0.0304527282714844
0.074310302734375 -0.0185775756835938 -0.0213661193847656 0.0310077667236328
0.0736236572265625 0.0208740234375 -0.0270614624023437 0.0122947692871094
0.030487060546875 0.0730972290039063 -0.0241756439208984 -0.0111045837402344
-0.01605224609375 0.0943069458007813 0.00135135650634766 0.0110874176025391
-0.055419921875 0.0829010009765625 -0.0309677124023437 0.0492172241210938
-0.0703125 0.024444580078125 -0.000122070312499996 0.105827331542969
-0.0590019226074219 0.0527839660644531 -0.00872802734375001 0.112716674804688
-0.0288467407226562 0.0693206787109375 0.0169830322265625 0.0776214599609375
0.0262641906738281 0.0678901672363281 0.0312767028808594 0.0493698120117188
0.0575447082519531 0.0311546325683594 0.0207767486572266 0.0208110809326172
0.06573486328125 -0.0213890075683594 0.00978279113769532 0.0106582641601562
0.0463409423828125 -0.0486602783203125 0.00622177124023438 0.0240955352783203
0.0393295288085938 -0.0466384887695313 0.00430679321289063 0.0374717712402344
0.0430870056152344 -0.0552978515625 -0.001373291015625 0.0475082397460937
0.0562820434570313 -0.0449638366699219 -0.0165824890136719 0.0473289489746094
0.0688285827636719 -0.009521484375 -0.0324630737304687 0.039276123046875
0.063629150390625 0.027496337890625 -0.0348339080810547 0.0138607025146484
0.0149650573730469 0.0694046020507813 -0.0248394012451172 -0.00685691833496093
-0.0337142944335938 0.07611083984375 -0.00312232971191407 0.0264739990234375
-0.0649375915527344 0.0525665283203125 -0.0522842407226563 0.0666656494140625
-0.0497894287109375 -0.0202407836914063 -0.01751708984375 0.107963562011719
-0.0534477233886719 0.00745391845703125 -0.0181884765625 0.11236572265625
-0.0393409729003906 0.0303573608398438 0.0118179321289063 0.0711517333984375
-0.00225067138671875 0.0485954284667969 0.017730712890625 0.0436325073242188
0.0295772552490234 0.0317058563232422 0.00466537475585938 0.0212936401367188
0.0483131408691406 -0.00374221801757813 -0.00576400756835937 0.0241050720214844
0.0393791198730469 -0.0278167724609375 -0.0052337646484375 0.0439186096191406
0.0334205627441406 -0.0282573699951172 -0.00252914428710938 0.0564231872558594
0.0376777648925781 -0.0361213684082031 -0.00972747802734374 0.0666732788085938
0.04754638671875 -0.0291519165039063 -0.0296592712402344 0.0618553161621094
0.0550460815429688 0.00016021728515625 -0.045013427734375 0.0459327697753906
0.0474319458007813 0.0300941467285156 -0.0444259643554688 0.0145721435546875
-0.00185012817382812 0.0582618713378906 -0.0285129547119141 -0.00653839111328125
-0.047088623046875 0.0492782592773437 -0.0126190185546875 0.0354881286621094
-0.0656204223632813 0.0153999328613281 -0.0751571655273438 0.0736465454101562
0.0369224548339844 0.0304908752441406 0.0774383544921875 -0.0689239501953125
0.0470237731933594 -0.0181922912597656 0.0272426605224609 -0.0291538238525391
0.00944137573242188 -0.0394859313964844 0.0313854217529297 0.00904464721679687
-0.0207386016845703 -0.0299243927001953 0.0633392333984375 -0.00708389282226563
-0.0311756134033203 -0.0104293823242188 0.0647506713867188 -0.0477523803710938
-0.0347023010253906 0.0132236480712891 0.0416259765625 -0.0772476196289062
-0.0258083343505859 0.0123538970947266 0.0143280029296875 -0.0840835571289062
-0.0233249664306641 0.00642395019531249 0.00742340087890624 -0.0686454772949219
-0.0315990447998047 0.00422286987304688 0.0108299255371094 -0.0533599853515625
-0.0252132415771484 -0.017669677734375 0.0138664245605469 -0.0378913879394531
-0.00279045104980469 -0.0345249176025391 0.00235939025878906 -0.0227928161621094
0.0236148834228516 -0.0267543792724609 -0.00736236572265625 -0.0334358215332031
0.046234130859375 0.004791259765625 -0.0027923583984375 -0.0718460083007813
0.0445823669433594 0.0370407104492188 0.0176162719726563 -0.104049682617187
0.0212211608886719 0.0536041259765625 0.031005859375 -0.0979156494140625
0.0117912292480469 0.0674057006835938 0.0893478393554688 -0.0515594482421875
0.0434646606445313 0.0238037109375 0.0383720397949219 -0.017242431640625
0.0242729187011719 -0.00707054138183594 0.0400657653808594 0.0168037414550781
0.0092926025390625 -0.0169963836669922 0.0743865966796875 -0.000991821289062501
-0.00267314910888672 -0.0152511596679688 0.0755462646484375 -0.0442886352539062
-0.0135459899902344 -0.0093679428100586 0.0506210327148438 -0.0804290771484375
-0.0126628875732422 -0.0148868560791016 0.0223236083984375 -0.0876617431640625
-0.00909423828125 -0.0180397033691406 0.0114974975585937 -0.070343017578125
-0.0135154724121094 -0.0215892791748047 0.014984130859375 -0.0507164001464844
0.000125885009765623 -0.0326480865478516 0.0188045501708984 -0.0346851348876953
0.0262832641601563 -0.0315723419189453 0.00278949737548828 -0.0151090621948242
0.0458869934082031 -0.00977706909179688 -0.00949668884277343 -0.0227947235107422
0.0470123291015625 0.036224365234375 -0.0135231018066406 -0.0601921081542969
0.0316696166992188 0.0734176635742188 0.0073699951171875 -0.0876922607421875
0.000244140625000002 0.0855865478515625 0.0260238647460938 -0.0760421752929688
-0.018310546875 0.0950775146484375 0.0919952392578125 -0.0227890014648437
0.0278282165527344 0.0671005249023438 0.0441360473632813 0.00731277465820313
0.0334072113037109 0.0333385467529297 0.0458908081054688 0.0311698913574219
0.04022216796875 0.00533676147460938 0.0818862915039062 0.0106887817382812
0.0316905975341797 -0.0153350830078125 0.0813522338867188 -0.0338897705078125
0.0127716064453125 -0.0299091339111328 0.0551986694335937 -0.0731582641601562
0.0038299560546875 -0.041107177734375 0.028106689453125 -0.079742431640625
0.00701141357421875 -0.0403480529785156 0.0151557922363281 -0.0604171752929688
0.00563430786132812 -0.044830322265625 0.0166168212890625 -0.040924072265625
0.0228309631347656 -0.0467491149902344 0.0184421539306641 -0.0241546630859375
0.0494880676269531 -0.0304031372070313 2.95639038085974E-05 -0.0054159164428711
0.064208984375 3.814697265625E-05 -0.0130367279052734 -0.0116338729858398
0.05078125 0.0561637878417969 -0.0237846374511719 -0.0448760986328125
0.0231552124023437 0.0973434448242188 -0.00118637084960938 -0.0641899108886719
-0.0160293579101563 0.106842041015625 0.0153923034667969 -0.0465545654296875
-0.0499954223632812 0.107376098632813 0.0825576782226562 0.0170059204101563
0.0016937255859375 0.0999832153320313 0.0423240661621094 0.038818359375
0.03173828125 0.0732650756835938 0.0464324951171875 0.0485153198242188
0.0642204284667969 0.03302001953125 0.0806427001953125 0.02630615234375
0.0622367858886719 -0.0076446533203125 0.0774993896484375 -0.0178604125976563
0.040374755859375 -0.0437545776367187 0.0530891418457031 -0.0568389892578125
0.0206718444824219 -0.0600051879882813 0.0294532775878906 -0.0603103637695313
0.0212593078613281 -0.0564994812011719 0.0159988403320313 -0.0417366027832031
0.0221138000488281 -0.0626411437988281 0.0153961181640625 -0.0226898193359375
0.0399246215820313 -0.0582656860351563 0.0132656097412109 -0.00870227813720703
0.06561279296875 -0.030548095703125 -0.00487184524536132 0.00636482238769531
0.076019287109375 0.00537872314453125 -0.0177440643310547 -0.00209617614746094
0.0520744323730469 0.0676002502441406 -0.0274810791015625 -0.0305042266845703
0.0160140991210937 0.109245300292969 -0.00288772583007812 -0.0380058288574219
-0.029296875 0.114303588867188 0.00115108489990234 -0.0120077133178711
-0.0736618041992188 0.0972518920898438 0.0594329833984375 0.0568428039550781
-0.0284500122070313 0.111000061035156 0.0293426513671875 0.0730972290039063
0.014892578125 0.0987625122070313 0.0391998291015625 0.0668411254882813
0.0702285766601563 0.0605239868164063 0.0705337524414063 0.0403518676757813
0.0806732177734375 0.0066680908203125 0.0649871826171875 3.05175781250004E-05
0.0624618530273437 -0.0463752746582031 0.04302978515625 -0.0333633422851563
0.0356979370117188 -0.0694618225097656 0.0261726379394531 -0.0321998596191406
0.0328636169433594 -0.0637931823730469 0.0144386291503906 -0.0163669586181641
0.0339889526367188 -0.071075439453125 0.0106410980224609 0.00133228302001953
0.0509681701660156 -0.0618133544921875 0.00529956817626953 0.00973701477050781
0.0747756958007813 -0.0279693603515625 -0.0121707916259766 0.0188140869140625
0.0802841186523438 0.011749267578125 -0.0214099884033203 0.00610733032226563
0.0463027954101563 0.0723342895507813 -0.0263023376464844 -0.01934814453125
0.00301361083984375 0.107795715332031 -3.71932983398436E-05 -0.0118942260742187
-0.0422592163085938 0.106163024902344 -0.0135746002197266 0.0206584930419922
-0.0813217163085937 0.0690231323242188 0.0284576416015625 0.0886917114257813
-0.0520095825195313 0.0937347412109375 0.00984954833984374 0.0999679565429688
-0.00791931152343751 0.0989227294921875 0.0269546508789062 0.0766677856445313
0.05523681640625 0.0744171142578125 0.0510940551757813 0.0496711730957031
0.0791168212890625 0.0204238891601563 0.0428810119628906 0.0147209167480469
0.0716323852539063 -0.0398788452148438 0.0268917083740234 -0.00915336608886719
0.0445289611816406 -0.0657730102539063 0.0180072784423828 -0.00208282470703125
0.0387191772460937 -0.0615081787109375 0.0104522705078125 0.0121288299560547
0.0407981872558594 -0.0694122314453125 0.00454902648925782 0.0256290435791016
0.0564041137695313 -0.0592308044433594 -0.00440025329589844 0.0297508239746094
0.076629638671875 -0.0209579467773438 -0.021697998046875 0.0293464660644531
0.0765914916992187 0.0200653076171875 -0.0275688171386719 0.0105552673339844
0.0328598022460938 0.0742950439453125 -0.0242481231689453 -0.0126132965087891
-0.0140304565429688 0.0983963012695312 0.00328445434570312 0.00917434692382813
-0.0548934936523438 0.086273193359375 -0.0309181213378906 0.0493545532226563
-0.072662353515625 0.027252197265625 0.001190185546875 0.107627868652344
-0.0598716735839844 0.0562477111816406 -0.00936889648437499 0.113121032714844
-0.0283279418945312 0.0741348266601563 0.0161972045898438 0.0780715942382812
0.0291595458984375 0.0699386596679688 0.0310211181640625 0.0505905151367188
0.0613441467285156 0.0302009582519531 0.0213680267333984 0.0228481292724609
0.0662040710449219 -0.0239791870117187 0.00961112976074219 0.0119905471801758
0.0457725524902344 -0.0514602661132812 0.00725746154785157 0.0252780914306641
0.0393257141113281 -0.0500984191894531 0.00436019897460938 0.0371818542480469
0.042266845703125 -0.05902099609375 -0.00239944458007812 0.0483589172363281
0.0560379028320313 -0.0491523742675781 -0.01702880859375 0.0474510192871094
0.0716552734375 -0.0121383666992188 -0.0336380004882812 0.0384521484375
0.0661354064941406 0.0265235900878906 -0.0352821350097656 0.0130653381347656
0.0172042846679687 0.0720977783203125 -0.024444580078125 -0.00827407836914062
-0.032562255859375 0.079803466796875 -0.00205421447753906 0.0255069732666016
-0.0647697448730469 0.0560798645019531 -0.0519371032714844 0.0675811767578125
-0.0514602661132813 -0.0178298950195313 -0.0177230834960938 0.110298156738281
-0.0542144775390625 0.00960922241210937 -0.0187835693359375 0.1121826171875
-0.0395584106445313 0.0340728759765625 0.0109710693359375 0.071563720703125
0.000629425048828123 0.0494918823242187 0.0159912109375 0.0434036254882813
0.0324821472167969 0.0311183929443359 0.00436973571777344 0.0237464904785156
0.0488243103027344 -0.0059967041015625 -0.00583076477050781 0.0261554718017578
0.0388755798339844 -0.0304756164550781 -0.0034637451171875 0.0448455810546875
0.0333137512207031 -0.03125 -0.00168228149414062 0.0577125549316406
0.0371856689453125 -0.0386848449707031 -0.00958633422851562 0.0679855346679688
0.0478706359863281 -0.0320625305175781 -0.0295066833496094 0.0625
0.0570106506347656 -0.00239944458007813 -0.0468177795410156 0.0462226867675781
0.0495681762695313 0.0294990539550781 -0.0455169677734375 0.0138893127441406
-0.000553131103515625 0.0611915588378906 -0.0282974243164063 -0.00727653503417969
-0.0463752746582031 0.0528984069824219 -0.0116462707519531 0.0353202819824219
-0.0658760070800781 0.018157958984375 -0.0755767822265625 0.075592041015625
0.0390205383300781 0.0301055908203125 0.0798416137695312 -0.073638916015625
0.0472564697265625 -0.0200004577636719 0.0265750885009766 -0.0297737121582031
0.00832748413085938 -0.0410308837890625 0.032562255859375 0.00980186462402344
-0.0222606658935547 -0.0296516418457031 0.0659217834472656 -0.00793838500976563
-0.0331592559814453 -0.00876808166503906 0.0669097900390625 -0.050811767578125
-0.0342750549316406 0.0160923004150391 0.0420303344726563 -0.0830764770507813
-0.0258083343505859 0.0142326354980469 0.0132369995117187 -0.0884780883789063
-0.0239334106445313 0.00817489624023437 0.00543975830078124 -0.0718231201171875
-0.03192138671875 0.00653457641601562 0.00818252563476563 -0.0565147399902344
-0.0274524688720703 -0.0159931182861328 0.0126762390136719 -0.0420608520507813
-0.0053558349609375 -0.0346889495849609 0.00194358825683594 -0.0259017944335938
0.0226650238037109 -0.0283298492431641 -0.0062408447265625 -0.0369529724121094
0.0479888916015625 0.00301742553710938 -0.00258636474609375 -0.0746994018554688
0.0481491088867188 0.0362205505371094 0.017120361328125 -0.107841491699219
0.0248870849609375 0.0539474487304687 0.030548095703125 -0.10443115234375
0.0145225524902344 0.07000732421875 0.09271240234375 -0.05682373046875
0.0448684692382813 0.0240364074707031 0.0374259948730469 -0.0185127258300781
0.0255680084228516 -0.00683212280273438 0.0405693054199219 0.0181922912597656
0.00966835021972656 -0.0163469314575195 0.077606201171875 -0.000701904296875001
-0.003143310546875 -0.0152349472045898 0.0784530639648438 -0.0473175048828125
-0.0124435424804688 -0.00821685791015625 0.0507965087890625 -0.0855331420898437
-0.0132198333740234 -0.0152931213378906 0.01983642578125 -0.0926589965820313
-0.00967216491699219 -0.0181941986083984 0.0095367431640625 -0.0740509033203125
-0.0136642456054688 -0.0218944549560547 0.012939453125 -0.055511474609375
-0.00032234191894531 -0.0336952209472656 0.0180091857910156 -0.0389823913574219
0.0254421234130859 -0.0333747863769531 0.00343132019042969 -0.0188407897949219
0.0465087890625 -0.0117073059082031 -0.00807571411132812 -0.0259666442871094
0.05029296875 0.0366668701171875 -0.0134925842285156 -0.0622901916503906
0.0347366333007812 0.07501220703125 0.006683349609375 -0.0906448364257813
0.00307464599609374 0.0891494750976563 0.0264434814453125 -0.0818023681640625
-0.0166397094726562 0.100082397460937 0.0961837768554688 -0.0255355834960937
0.0302658081054688 0.0698318481445313 0.0443229675292969 0.00518798828125
0.0363731384277344 0.0356178283691406 0.0471992492675781 0.0322990417480469
0.0427474975585937 0.00504684448242187 0.0855331420898438 0.0105056762695313
0.0323925018310547 -0.0165920257568359 0.0839309692382813 -0.03692626953125
0.0139656066894531 -0.0309696197509766 0.0560073852539063 -0.0781936645507813
0.0030517578125 -0.0424766540527344 0.0256576538085938 -0.08465576171875
0.00535964965820313 -0.0426025390625 0.0127983093261719 -0.0642738342285156
0.00460433959960938 -0.0470771789550781 0.0138626098632813 -0.0439720153808594
0.0223617553710937 -0.0493202209472656 0.0167407989501953 -0.0282440185546875
0.0498046875 -0.0334854125976563 0.000139236450195315 -0.00851297378540039
0.0668792724609375 -0.00151443481445313 -0.0127754211425781 -0.0143413543701172
0.055389404296875 0.0579757690429688 -0.02349853515625 -0.0465126037597656
0.0270843505859375 0.101119995117188 -0.001983642578125 -0.0673370361328125
-0.0138015747070313 0.111183166503906 0.0158195495605469 -0.0509185791015625
-0.0496444702148438 0.114265441894531 0.0857467651367188 0.0150680541992188
0.00405120849609375 0.104934692382813 0.0428314208984375 0.0385093688964844
0.0357131958007813 0.0774612426757813 0.0474281311035156 0.0504722595214844
0.0687370300292969 0.0335464477539063 0.0853500366210938 0.026031494140625
0.0651779174804688 -0.00980758666992188 0.0811538696289063 -0.0199508666992188
0.0419769287109375 -0.0468063354492188 0.0538597106933594 -0.0598793029785156
0.0197105407714844 -0.0638046264648438 0.0281562805175781 -0.0643997192382813
0.0201988220214844 -0.0605010986328125 0.0139694213867188 -0.0452194213867188
0.0205535888671875 -0.0663948059082031 0.0130615234375 -0.0249347686767578
0.0394401550292969 -0.0619659423828125 0.0116291046142578 -0.0122795104980469
0.0675849914550781 -0.0339393615722656 -0.00546789169311523 0.00381994247436523
0.0796966552734375 0.0032806396484375 -0.0171432495117187 -0.00396537780761719
0.0570907592773438 0.0696945190429688 -0.0282402038574219 -0.0317344665527344
0.0201187133789063 0.113639831542969 -0.00351715087890625 -0.0404739379882813
-0.0271224975585937 0.120338439941406 0.00279712677001953 -0.0152950286865234
-0.0745697021484375 0.105613708496094 0.0624504089355469 0.0577888488769531
-0.0268096923828125 0.117057800292969 0.0299835205078125 0.0741806030273438
0.0198516845703125 0.105430603027344 0.0403060913085937 0.0685615539550781
0.0753860473632813 0.0610733032226562 0.0734176635742188 0.0422134399414063
0.084686279296875 0.003448486328125 0.0666427612304687 -0.000324249267578125
0.0641899108886719 -0.0513191223144531 0.0440025329589844 -0.0349082946777344
0.03472900390625 -0.0737762451171875 0.02532958984375 -0.0354194641113281
0.0313644409179687 -0.0690116882324219 0.0131816864013672 -0.0180683135986328
0.033050537109375 -0.0766677856445313 0.00961971282958985 -0.000123023986816411
0.0512351989746094 -0.0675621032714844 0.00389862060546875 0.00787639617919922
0.0778656005859375 -0.032470703125 -0.0130414962768555 0.0175342559814453
0.085418701171875 0.0100326538085937 -0.0221843719482422 0.00449371337890625
0.051666259765625 0.0758132934570313 -0.0271644592285156 -0.0203170776367187
0.00724029541015626 0.113899230957031 0.000575065612792969 -0.0135631561279297
-0.0407943725585937 0.113502502441406 -0.0122451782226562 0.0197296142578125
-0.0842208862304688 0.0766448974609375 0.031402587890625 0.0918121337890625
-0.0520248413085938 0.100685119628906 0.010284423828125 0.1026611328125
-0.005126953125 0.106132507324219 0.028656005859375 0.0792160034179688
0.062225341796875 0.077056884765625 0.0522499084472656 0.0515060424804688
0.084991455078125 0.0184402465820312 0.044891357421875 0.0157241821289063
0.0746078491210938 -0.04339599609375 0.0283222198486328 -0.00837135314941406
0.0434417724609375 -0.0706634521484375 0.0179195404052734 -0.00341224670410157
0.0379791259765625 -0.0670318603515625 0.0106477737426758 0.011235237121582
0.0401229858398438 -0.0754013061523438 0.00427055358886719 0.0260848999023438
0.0570259094238281 -0.0651054382324219 -0.00616645812988281 0.0295467376708984
0.0800704956054688 -0.02593994140625 -0.0232410430908203 0.0301132202148437
0.0819244384765625 0.0172576904296875 -0.0286121368408203 0.0100746154785156
0.0379486083984375 0.0780563354492188 -0.0252265930175781 -0.0136852264404297
-0.0104904174804687 0.104110717773438 0.00316143035888672 0.00843238830566407
-0.0549697875976562 0.0924148559570313 -0.03057861328125 0.0501365661621094
-0.0756072998046875 0.03277587890625 0.00310516357421874 0.112060546875
-0.0612945556640625 0.0615386962890625 -0.00804901123046874 0.117195129394531
-0.026947021484375 0.0804443359375 0.0164260864257813 0.08056640625
0.033843994140625 0.0727310180664063 0.0318946838378906 0.0524749755859375
0.0659370422363281 0.0284690856933594 0.0218944549560547 0.0251998901367188
0.0691452026367188 -0.0282325744628906 0.0109033584594727 0.0138721466064453
0.0448036193847656 -0.0571136474609375 0.00847434997558594 0.0252571105957031
0.038665771484375 -0.0548286437988281 0.00615692138671875 0.0381240844726562
0.0413894653320313 -0.0641822814941406 -0.0016326904296875 0.0510940551757813
0.0562171936035156 -0.0537796020507812 -0.0176773071289063 0.0491943359375
0.0743560791015625 -0.0162582397460938 -0.0355987548828125 0.0403327941894531
0.0709915161132813 0.0247879028320313 -0.0375328063964844 0.0132713317871094
0.0210800170898437 0.075775146484375 -0.0254878997802734 -0.00902175903320313
-0.03082275390625 0.0855789184570313 -0.000364303588867191 0.0251731872558594
-0.0650672912597656 0.0615348815917969 -0.0526504516601563 0.070587158203125
-0.0549850463867187 -0.0153656005859375 -0.0166702270507813 0.116828918457031
-0.0570030212402344 0.0131683349609375 -0.0176925659179688 0.117073059082031
-0.0399894714355469 0.0388641357421875 0.01153564453125 0.0742263793945313
0.00322341918945313 0.0533218383789063 0.0167579650878906 0.0472297668457031
0.0362930297851563 0.0308685302734375 0.00483131408691407 0.0264854431152344
0.0504875183105469 -0.00908660888671875 -0.00415420532226562 0.0291404724121094
0.0389213562011719 -0.0339736938476563 -0.000663757324218744 0.0469589233398438
0.0334758758544922 -0.034576416015625 0.000930786132812502 0.0594711303710938
0.036346435546875 -0.0434455871582031 -0.00838470458984375 0.0713653564453125
0.0479316711425781 -0.035736083984375 -0.0300025939941406 0.0661697387695312
0.0596961975097656 -0.00502777099609375 -0.0484466552734375 0.0483474731445313
0.0528182983398438 0.027984619140625 -0.048126220703125 0.0143890380859375
0.00209426879882813 0.064208984375 -0.0293445587158203 -0.00839614868164062
-0.0454216003417969 0.0573539733886719 -0.009552001953125 0.036041259765625
-0.0670585632324219 0.022003173828125 -0.076995849609375 0.0794448852539062
0.04296875 0.0281105041503906 0.0800933837890625 -0.081939697265625
0.04779052734375 -0.0240631103515625 0.0250091552734375 -0.0322475433349609
0.00580978393554687 -0.0430831909179687 0.0338649749755859 0.0100555419921875
-0.0254058837890625 -0.0287914276123047 0.06878662109375 -0.00998306274414063
-0.0351409912109375 -0.00599861145019531 0.06719970703125 -0.0564689636230469
-0.0341567993164063 0.0199737548828125 0.03948974609375 -0.0904083251953125
-0.0255222320556641 0.0173759460449219 0.00778198242187499 -0.093414306640625
-0.02386474609375 0.0104618072509766 0.000251770019531243 -0.0756607055664063
-0.0317821502685547 0.00971412658691407 0.0045013427734375 -0.0601463317871094
-0.0291748046875 -0.0134696960449219 0.009124755859375 -0.04620361328125
-0.00906181335449219 -0.035003662109375 0.0014801025390625 -0.0292186737060547
0.0203094482421875 -0.0311546325683594 -0.00618362426757813 -0.0396270751953125
0.0496025085449219 -0.0011138916015625 -0.00436401367187499 -0.0774459838867187
0.0520553588867188 0.0338401794433594 0.0133438110351563 -0.112861633300781
0.0296821594238281 0.0540351867675781 0.0278167724609375 -0.112602233886719
0.019317626953125 0.07196044921875 0.094512939453125 -0.0640029907226563
0.0475349426269531 0.0226211547851563 0.0367546081542969 -0.0203208923339844
0.0257244110107422 -0.00805091857910156 0.0422706604003906 0.01806640625
0.00895309448242188 -0.0179100036621094 0.0807952880859375 -0.0042266845703125
-0.00385379791259766 -0.0152521133422852 0.0792922973632812 -0.0533218383789063
-0.0130395889282227 -0.00694847106933594 0.0484161376953125 -0.0926895141601563
-0.0138664245605469 -0.0143680572509766 0.015106201171875 -0.098358154296875
-0.0115528106689453 -0.0180835723876953 0.00407409667968749 -0.0780563354492188
-0.0147438049316406 -0.0208225250244141 0.00876235961914062 -0.0595245361328125
-0.00239181518554687 -0.0340175628662109 0.0143280029296875 -0.0438613891601563
0.023895263671875 -0.03570556640625 0.00271224975585938 -0.0226974487304688
0.0472793579101562 -0.0149574279785156 -0.0077056884765625 -0.02899169921875
0.0544395446777344 0.0342330932617188 -0.0148811340332031 -0.0634498596191406
0.0402679443359375 0.0757980346679688 0.00353240966796876 -0.0951385498046875
0.00852966308593751 0.092132568359375 0.0240325927734375 -0.0884933471679687
-0.0125045776367188 0.106178283691406 0.0991439819335937 -0.0324478149414062
0.0347824096679687 0.0713119506835938 0.0448951721191406 0.00252532958984375
0.0404586791992188 0.036376953125 0.0493621826171875 0.0325050354003906
0.045318603515625 0.00313949584960937 0.0898056030273438 0.007110595703125
0.0326442718505859 -0.0188941955566406 0.0856170654296875 -0.0421371459960938
0.0139122009277344 -0.0331897735595703 0.0537490844726563 -0.0844192504882813
0.000434875488281245 -0.0443305969238281 0.021209716796875 -0.0903854370117187
0.00301742553710937 -0.0450057983398437 0.00771331787109375 -0.0689811706542969
0.0022430419921875 -0.0499496459960938 0.0105781555175781 -0.0480766296386719
0.0204582214355469 -0.0524635314941406 0.0139846801757813 -0.0331859588623047
0.0502357482910156 -0.0378265380859375 -0.00108814239501953 -0.0119848251342773
0.0696830749511719 -0.00591659545898438 -0.0131559371948242 -0.0171260833740234
0.0612335205078125 0.057403564453125 -0.024810791015625 -0.0478363037109375
0.0349807739257812 0.104347229003906 -0.00403594970703124 -0.07061767578125
-0.00808715820312501 0.117057800292969 0.0143241882324219 -0.0559768676757813
-0.0454940795898438 0.123733520507813 0.0906448364257813 0.0105133056640625
0.0106124877929687 0.110076904296875 0.0438613891601562 0.0374984741210938
0.0429000854492188 0.0805511474609375 0.0504798889160156 0.0513458251953125
0.0741653442382813 0.031219482421875 0.0892715454101562 0.0239715576171875
0.0677833557128906 -0.0150680541992188 0.083251953125 -0.0240936279296875
0.0413627624511719 -0.0509719848632813 0.0532684326171875 -0.0650215148925781
0.0169677734375 -0.0681877136230469 0.0250663757324219 -0.0696792602539063
0.0173377990722656 -0.0647392272949219 0.0107955932617188 -0.0486602783203125
0.01715087890625 -0.0714035034179688 0.0102176666259766 -0.0275745391845703
0.0373344421386719 -0.0675239562988281 0.00997066497802735 -0.0156631469726563
0.06890869140625 -0.0402107238769531 -0.00627708435058593 0.00182247161865234
0.0847930908203125 -0.00051116943359375 -0.0179939270019531 -0.0058135986328125
0.0643844604492188 0.0704498291015625 -0.0291881561279297 -0.0327205657958984
0.0280990600585937 0.118888854980469 -0.00458908081054687 -0.0430259704589844
-0.0215377807617187 0.127601623535156 0.00263786315917969 -0.0184879302978516
-0.0718917846679688 0.115974426269531 0.0683708190917969 0.0552597045898438
-0.02081298828125 0.125106811523437 0.0335769653320313 0.0743789672851563
0.0275650024414063 0.1114501953125 0.0437660217285156 0.0695419311523438
0.0838165283203125 0.0599212646484375 0.07769775390625 0.0408477783203125
0.089630126953125 -0.00171661376953125 0.06988525390625 -0.0032501220703125
0.064697265625 -0.0574569702148438 0.0444984436035156 -0.0380477905273438
0.0307159423828125 -0.0802536010742188 0.0239372253417969 -0.0384902954101563
0.0276947021484375 -0.0753707885742188 0.0114021301269531 -0.0205554962158203
0.0289077758789063 -0.0828628540039063 0.00827455520629883 -0.00131511688232422
0.0489883422851563 -0.0746231079101563 0.00279569625854492 0.00638484954833984
0.0797348022460938 -0.0392227172851562 -0.0139551162719726 0.0172977447509766
0.0907745361328125 0.00463104248046875 -0.0227241516113281 0.00381660461425782
0.0597686767578125 0.0775985717773438 -0.0286159515380859 -0.0209369659423828
0.0151596069335938 0.120101928710937 9.53674316407461E-07 -0.0153837203979492
-0.0362930297851562 0.121543884277344 -0.0112285614013672 0.0200061798095703
-0.0837783813476563 0.0870361328125 0.037811279296875 0.0932159423828125
-0.0470657348632812 0.109344482421875 0.01434326171875 0.105140686035156
0.00184631347656251 0.114006042480469 0.0316543579101563 0.0808486938476563
0.0700607299804687 0.0771331787109375 0.0569229125976563 0.0521697998046875
0.0903778076171875 0.0137252807617188 0.0471458435058594 0.0150833129882812
0.074951171875 -0.051177978515625 0.0290203094482422 -0.00891113281250001
0.0404129028320313 -0.0775604248046875 0.0185451507568359 -0.00468635559082032
0.0347137451171875 -0.0735549926757813 0.0105266571044922 0.0101470947265625
0.0364608764648438 -0.0829849243164063 0.00528907775878907 0.0265331268310547
0.0548171997070312 -0.0732269287109375 -0.00589752197265625 0.0300121307373047
0.08251953125 -0.0333480834960938 -0.0235767364501953 0.0314407348632813
0.0876388549804688 0.0125350952148438 -0.0304069519042969 0.00964927673339844
0.0457305908203125 0.0805282592773437 -0.0263900756835938 -0.0139732360839844
-0.00362396240234374 0.111503601074219 0.00507783889770508 0.0075826644897461
-0.0512924194335937 0.101455688476563 -0.0288925170898438 0.0527915954589844
-0.0776748657226563 0.0402755737304688 0.00878906249999999 0.117416381835937
-0.0609703063964844 0.0694351196289063 -0.003631591796875 0.121177673339844
-0.0233993530273438 0.0885543823242188 0.0193862915039062 0.0833358764648437
0.0415878295898438 0.0745010375976563 0.0347099304199219 0.0538711547851563
0.0717086791992188 0.024871826171875 0.0248146057128906 0.0264358520507813
0.0706100463867188 -0.0346450805664063 0.0125312805175781 0.0161018371582031
0.0425949096679688 -0.0628166198730469 0.0109672546386719 0.0255928039550781
0.035888671875 -0.0606765747070312 0.00831222534179688 0.0385017395019531
0.0384902954101563 -0.0710830688476563 0.000213623046875002 0.0533294677734375
0.0549697875976562 -0.0613021850585937 -0.0167350769042969 0.0519523620605469
0.0769195556640625 -0.022918701171875 -0.0355033874511719 0.0436592102050781
0.0766983032226563 0.0206756591796875 -0.0390663146972656 0.0150604248046875
0.027496337890625 0.0788116455078125 -0.0269298553466797 -0.00976943969726562
-0.026031494140625 0.0926589965820313 0.00188255310058594 0.0251903533935547
-0.0643768310546875 0.0685234069824219 -0.0511474609375 0.0759353637695312
-0.0589981079101563 -0.0121269226074219 -0.012176513671875 0.122970581054688
-0.0591850280761719 0.0182380676269531 -0.0141220092773437 0.121650695800781
-0.0393829345703125 0.045013427734375 0.0134811401367187 0.075958251953125
0.008026123046875 0.0559730529785156 0.018218994140625 0.0490531921386719
0.0411262512207031 0.0292282104492188 0.00638961791992188 0.0291156768798828
0.0527076721191406 -0.0139122009277344 -0.00200271606445312 0.0328273773193359
0.0375328063964844 -0.0391998291015625 0.00278854370117188 0.0490188598632813
0.0316429138183594 -0.0400581359863281 0.00395965576171876 0.0617752075195312
0.0345382690429688 -0.0490341186523438 -0.00463867187500001 0.0749588012695313
0.0472564697265625 -0.0426139831542969 -0.0285720825195313 0.0702247619628906
0.0624656677246094 -0.0104751586914063 -0.0494194030761719 0.0535545349121094
0.0575294494628906 0.0261306762695313 -0.0500221252441406 0.0168609619140625
0.00722503662109375 0.067474365234375 -0.0306968688964844 -0.00800514221191405
-0.0431938171386719 0.0634498596191406 -0.00732040405273438 0.0369949340820313
-0.0681343078613281 0.0272140502929688 -0.0757522583007813 0.086761474609375
0.0457649230957031 0.0247154235839844 0.0763015747070313 -0.0889892578125
0.0458488464355469 -0.0279083251953125 0.0221176147460938 -0.0333805084228516
0.00229263305664062 -0.044464111328125 0.0355262756347656 0.00904464721679687
-0.0289173126220703 -0.0271492004394531 0.0701179504394531 -0.0139808654785156
-0.0364952087402344 -0.00190353393554687 0.0647354125976563 -0.0622138977050781
-0.0318832397460938 0.0238761901855469 0.032379150390625 -0.0952072143554688
-0.0235519409179688 0.0205879211425781 0.000671386718749995 -0.09564208984375
-0.0230293273925781 0.0129318237304687 -0.00683593749999999 -0.0771636962890625
-0.0302543640136719 0.0129165649414063 -0.00120925903320312 -0.0617523193359375
-0.0306720733642578 -0.0105762481689453 0.00394821166992187 -0.0489692687988281
-0.0129356384277344 -0.0340557098388672 -0.00066375732421875 -0.0321502685546875
0.0176963806152344 -0.0330677032470703 -0.008026123046875 -0.04180908203125
0.0496826171875 -0.00623703002929688 -0.00800323486328125 -0.0781173706054688
0.05535888671875 0.0296783447265625 0.0070037841796875 -0.116439819335938
0.0343894958496094 0.05194091796875 0.0208663940429687 -0.118232727050781
0.02508544921875 0.0716018676757813 0.092376708984375 -0.0726089477539063
0.0498085021972656 0.01959228515625 0.0347328186035156 -0.0231380462646484
0.0260372161865234 -0.00963211059570313 0.0437164306640625 0.0171623229980469
0.00744056701660156 -0.0181159973144531 0.08270263671875 -0.00859832763671875
-0.00508689880371094 -0.0140352249145508 0.0764617919921875 -0.0598678588867188
-0.0124349594116211 -0.00554084777832031 0.0421676635742188 -0.0985488891601563
-0.0149650573730469 -0.0131673812866211 0.00673675537109375 -0.101570129394531
-0.0129165649414062 -0.0172300338745117 -0.00328826904296874 -0.0800857543945313
-0.0156841278076172 -0.0203151702880859 0.00231170654296875 -0.0620155334472656
-0.00441932678222656 -0.0336341857910156 0.0092315673828125 -0.0475311279296875
0.0207252502441406 -0.0372581481933594 0.000902175903320313 -0.0259304046630859
0.0467529296875 -0.0181312561035156 -0.00903129577636719 -0.0310745239257813
0.0579605102539063 0.0306167602539063 -0.0178642272949219 -0.0635490417480469
0.0471725463867188 0.0741195678710937 -0.001922607421875 -0.0972366333007813
0.0158233642578125 0.0928115844726563 0.0191650390625 -0.0942764282226563
-0.00428009033203125 0.110061645507812 0.099212646484375 -0.0408554077148437
0.0410842895507813 0.0708999633789063 0.0440521240234375 -4.19616699218707E-05
0.0451240539550781 0.0345191955566406 0.051177978515625 0.0311050415039063
0.0470008850097656 0.00030517578125 0.0918121337890625 0.00286102294921875
0.0321502685546875 -0.0212764739990234 0.0842056274414063 -0.048980712890625
0.0121345520019531 -0.0342140197753906 0.048858642578125 -0.0897598266601563
-0.00294113159179688 -0.0453300476074219 0.0135345458984375 -0.093475341796875
-0.000644683837890627 -0.0458831787109375 0.000572204589843747 -0.0710372924804688
-0.00171661376953125 -0.0508804321289063 0.00492477416992188 -0.0503692626953125
0.0170745849609375 -0.0548896789550781 0.00901031494140625 -0.0369377136230469
0.0480155944824219 -0.0424995422363281 -0.00209236145019531 -0.0146760940551758
0.0704498291015625 -0.0114288330078125 -0.0134963989257813 -0.0184192657470703
0.0667877197265625 0.0542335510253906 -0.0268516540527344 -0.0472755432128906
0.0433197021484375 0.104011535644531 -0.00830078125 -0.0719070434570312
0.00079345703125001 0.120872497558594 0.0114364624023438 -0.0602684020996094
-0.036895751953125 0.13037109375 0.0931396484375 0.00293731689453126
0.019073486328125 0.111930847167969 0.0456771850585938 0.0345649719238281
0.0505752563476563 0.080657958984375 0.0537490844726563 0.0498008728027344
0.0786285400390625 0.0272369384765625 0.0925216674804688 0.0197372436523438
0.068115234375 -0.0205650329589844 0.0828399658203125 -0.0301437377929688
0.0385093688964844 -0.0556221008300781 0.0494422912597656 -0.0696563720703125
0.0111770629882813 -0.0707015991210938 0.0190200805664062 -0.0726089477539063
0.0112533569335937 -0.0676498413085937 0.00477218627929687 -0.0506057739257813
0.0113983154296875 -0.0743026733398438 0.00575065612792969 -0.0294876098632813
0.0322341918945313 -0.0717391967773438 0.00616264343261719 -0.0184211730957031
0.0669364929199219 -0.047088623046875 -0.00771474838256835 -3.62396240234399E-05
0.08660888671875 -0.0081024169921875 -0.0185794830322266 -0.00669479370117187
0.0722427368164063 0.0680999755859375 -0.0307521820068359 -0.0324611663818359
0.0382843017578125 0.119552612304687 -0.00696563720703125 -0.0442390441894531
-0.012298583984375 0.132171630859375 0.002166748046875 -0.0211315155029297
-0.0646209716796875 0.125801086425781 0.0732269287109375 0.05120849609375
-0.0123443603515625 0.129753112792969 0.0365447998046875 0.0724563598632813
0.0380706787109375 0.1129150390625 0.0479354858398438 0.0682868957519531
0.0910720825195313 0.0556640625 0.0809783935546875 0.0374908447265625
0.0919113159179688 -0.00933074951171875 0.0704574584960938 -0.00728607177734375
0.0615730285644531 -0.0641212463378906 0.0433464050292969 -0.0406875610351563
0.0249786376953125 -0.0843429565429688 0.0205574035644531 -0.0416412353515625
0.0211639404296875 -0.07965087890625 0.00850677490234376 -0.0225505828857422
0.0223464965820313 -0.0880508422851563 0.00654315948486328 -0.00205421447753907
0.0430145263671875 -0.0809555053710938 0.00141477584838867 0.00477981567382812
0.0782928466796875 -0.048431396484375 -0.0141372680664062 0.0165681838989258
0.0933380126953125 -0.00311279296875 -0.0240249633789062 0.00336074829101562
0.0679092407226563 0.0752182006835937 -0.0299015045166016 -0.020599365234375
0.0260772705078125 0.122573852539063 -0.000611305236816405 -0.0173063278198242
-0.0276336669921875 0.127792358398438 -0.00988388061523437 0.0190849304199219
-0.0793685913085938 0.0963897705078125 0.04510498046875 0.0926666259765625
-0.0405426025390625 0.116249084472656 0.0203399658203125 0.104507446289063
0.0122909545898437 0.118431091308594 0.03619384765625 0.0807723999023438
0.0791244506835938 0.07354736328125 0.0596694946289063 0.0498466491699219
0.0937271118164063 0.0055694580078125 0.0499725341796875 0.0133514404296875
0.0724029541015625 -0.0580825805664063 0.0309963226318359 -0.00970268249511719
0.0343017578125 -0.082977294921875 0.0187702178955078 -0.00650978088378907
0.028594970703125 -0.07830810546875 0.0110807418823242 0.00846004486083984
0.0296173095703125 -0.0881118774414062 0.00633811950683594 0.0269336700439453
0.0489044189453125 -0.0792160034179688 -0.00580215454101562 0.0299568176269531
0.08172607421875 -0.0419082641601563 -0.0233745574951172 0.0330944061279297
0.090972900390625 0.00405120849609375 -0.0305213928222656 0.0107402801513672
0.0548248291015625 0.0803985595703125 -0.0275993347167969 -0.0136909484863281
0.00560760498046874 0.115440368652344 0.00574779510498047 0.0059494972229004
-0.0448379516601563 0.107879638671875 -0.0249557495117187 0.0543899536132813
-0.0774002075195312 0.0489883422851563 0.0171432495117187 0.119476318359375
-0.0567779541015625 0.0776290893554688 0.00311279296874999 0.123489379882812
-0.0151901245117187 0.0941085815429687 0.0237045288085937 0.0829391479492188
0.0495834350585937 0.0732879638671875 0.0371818542480469 0.0540313720703125
0.0761566162109375 0.018341064453125 0.0270786285400391 0.0268192291259766
0.0684852600097656 -0.04217529296875 0.014714241027832 0.0164937973022461
0.037261962890625 -0.0682754516601563 0.0130424499511719 0.0251579284667969
0.0304946899414062 -0.0659637451171875 0.0111656188964844 0.0376167297363281
0.0317611694335937 -0.0763015747070313 0.00368881225585938 0.0543060302734375
0.0500030517578125 -0.0684776306152344 -0.0140914916992187 0.0536651611328125
0.0772857666015625 -0.0309829711914063 -0.0338592529296875 0.0469093322753906
0.080841064453125 0.0145034790039062 -0.0392112731933594 0.0172119140625
0.0354080200195313 0.078704833984375 -0.0280342102050781 -0.00943565368652343
-0.0178146362304688 0.09747314453125 0.00426292419433594 0.0244846343994141
-0.0595474243164063 0.0759048461914062 -0.0460205078125 0.0804443359375
-0.0619659423828125 -0.00649642944335939 -0.00439453125000001 0.1263427734375
-0.058258056640625 0.0251274108886719 -0.00712585449218751 0.124740600585938
-0.0351448059082031 0.050872802734375 0.0164794921875 0.076934814453125
0.0141983032226562 0.0568923950195313 0.0208168029785156 0.0505027770996094
0.0451812744140625 0.0245132446289063 0.00837707519531251 0.0317039489746094
0.0520210266113281 -0.019378662109375 0.00145721435546875 0.0355072021484375
0.0337104797363281 -0.0430908203125 0.00685882568359375 0.0495071411132813
0.0277137756347656 -0.0438346862792969 0.00957489013671876 0.06201171875
0.0300102233886719 -0.0534286499023437 0.000198364257812505 0.077239990234375
0.0437355041503906 -0.0477714538574219 -0.0241928100585937 0.0736465454101563
0.0630340576171875 -0.0167388916015625 -0.0467605590820313 0.057708740234375
0.0616226196289062 0.0204887390136719 -0.0501251220703125 0.0204086303710937
0.0130157470703125 0.0684547424316406 -0.0317230224609375 -0.00680541992187499
-0.0380058288574219 0.0687675476074219 -0.00327682495117188 0.0366096496582031
-0.0662345886230469 0.0334434509277344 -0.0705337524414063 0.0945358276367188
0.0469894409179687 0.0214958190917969 0.070220947265625 -0.0941085815429688
0.0430374145507813 -0.0308189392089844 0.0190277099609375 -0.0340480804443359
-0.00133895874023438 -0.04461669921875 0.034698486328125 0.00847816467285156
-0.0310249328613281 -0.0239753723144531 0.0688705444335937 -0.0172958374023437
-0.0367393493652344 0.00234222412109374 0.059356689453125 -0.0653953552246094
-0.0288562774658203 0.0269298553466797 0.025115966796875 -0.0961685180664063
-0.0214900970458984 0.0231113433837891 -0.00636291503906249 -0.0944671630859375
-0.0221672058105469 0.0153770446777344 -0.0125579833984375 -0.0756912231445313
-0.0281543731689453 0.0156764984130859 -0.00684356689453125 -0.0611648559570313
-0.0305423736572266 -0.00697326660156251 -0.000785827636718749 -0.0495452880859375
-0.0162734985351563 -0.0310153961181641 -0.00259208679199219 -0.0341243743896484
0.0144157409667969 -0.0338764190673828 -0.00915145874023437 -0.0431861877441406
0.0482292175292969 -0.0102119445800781 -0.0109329223632812 -0.076934814453125
0.0561180114746094 0.0247268676757813 0.000732421875000002 -0.115615844726563
0.0376129150390625 0.0483512878417969 0.013275146484375 -0.119941711425781
0.0292472839355469 0.0694351196289062 0.0871963500976563 -0.0787582397460938
0.0506706237792969 0.0165328979492188 0.0318412780761719 -0.0246334075927734
0.0255336761474609 -0.0115852355957031 0.0436058044433594 0.0156478881835938
0.00626182556152343 -0.0182571411132813 0.0814743041992188 -0.0133056640625
-0.00532341003417969 -0.0131187438964844 0.0720977783203125 -0.063262939453125
-0.011418342590332 -0.00391769409179688 0.0348434448242188 -0.100013732910156
-0.0155143737792969 -0.0115432739257813 -0.000610351562500008 -0.100250244140625
-0.0140266418457031 -0.0158843994140625 -0.0101089477539063 -0.0782394409179688
-0.0165958404541016 -0.0185527801513672 -0.00386428833007812 -0.0617027282714844
-0.00703811645507813 -0.0320625305175781 0.00369262695312499 -0.0492134094238281
0.0173492431640625 -0.0371055603027344 -0.0015411376953125 -0.0278720855712891
0.0444755554199219 -0.021209716796875 -0.0101242065429687 -0.0325603485107422
0.0595474243164062 0.0266456604003906 -0.0196762084960937 -0.0621299743652344
0.0515518188476563 0.0695152282714844 -0.00667572021484375 -0.0965652465820312
0.0217742919921875 0.091033935546875 0.013336181640625 -0.0966720581054688
0.00322723388671876 0.109649658203125 0.0960464477539062 -0.0471267700195312
0.0452308654785156 0.0672378540039062 0.0415420532226563 -0.00245285034179687
0.0473670959472656 0.0319252014160156 0.0521507263183594 0.0287017822265625
0.0467109680175781 -0.00214385986328125 0.0908355712890625 -0.0021514892578125
0.0304698944091797 -0.0232639312744141 0.0801239013671875 -0.053314208984375
0.0100231170654297 -0.0339698791503906 0.0418243408203125 -0.0920562744140625
-0.0054168701171875 -0.0443229675292969 0.00601959228515624 -0.0933837890625
-0.00429153442382813 -0.0450553894042969 -0.00574493408203125 -0.0695533752441406
-0.00510406494140625 -0.0502777099609375 -0.000549316406249998 -0.050689697265625
0.0125007629394531 -0.0552558898925781 0.00356674194335937 -0.0392799377441406
0.0436935424804688 -0.0455398559570313 -0.00438976287841797 -0.0172786712646484
0.0685691833496094 -0.0157394409179688 -0.0142021179199219 -0.0200042724609375
0.0702590942382813 0.0499191284179688 -0.0283775329589844 -0.0454978942871094
0.0500564575195312 0.100685119628906 -0.0114898681640625 -0.070831298828125
0.00816345214843749 0.119285583496094 0.00800323486328124 -0.0631141662597656
-0.0276641845703125 0.132301330566406 0.09222412109375 -0.00337219238281249
0.0267715454101563 0.109848022460937 0.0460777282714844 0.0312957763671875
0.05694580078125 0.0769729614257813 0.0544967651367188 0.0469970703125
0.0802383422851563 0.0212173461914063 0.0918350219726563 0.0150680541992188
0.0660743713378906 -0.0246963500976563 0.079925537109375 -0.034454345703125
0.0353736877441406 -0.0574760437011719 0.0442047119140625 -0.0721435546875
0.00583648681640625 -0.0709609985351563 0.0124664306640625 -0.0736541748046875
0.00527191162109375 -0.0677070617675781 -0.00049591064453125 -0.0502204895019531
0.00585174560546875 -0.074737548828125 0.00217628479003906 -0.029632568359375
0.0266571044921875 -0.0740890502929688 0.00207901000976563 -0.0203418731689453
0.0630416870117188 -0.0516548156738281 -0.00933837890624999 -0.00125694274902344
0.0854568481445313 -0.0144500732421875 -0.0187206268310547 -0.00765800476074219
0.0767288208007813 0.063140869140625 -0.0311222076416016 -0.0306034088134766
0.0469894409179687 0.116836547851563 -0.00897598266601562 -0.0441932678222656
-0.00313568115234374 0.132743835449219 0.00188827514648438 -0.0231189727783203
-0.0548934936523438 0.130271911621094 0.0759048461914063 0.0452957153320313
-0.00238037109375 0.130149841308594 0.0400886535644531 0.0694007873535156
0.0469207763671875 0.111274719238281 0.0494384765625 0.0655746459960938
0.0953445434570313 0.0491790771484375 0.0815200805664063 0.0332260131835938
0.09100341796875 -0.0161895751953125 0.0697250366210938 -0.0102272033691406
0.0564308166503906 -0.0679817199707031 0.0405426025390625 -0.0423812866210938
0.0182647705078125 -0.085662841796875 0.016510009765625 -0.0430908203125
0.0147552490234375 -0.0803375244140625 0.00541496276855469 -0.0228614807128906
0.0144424438476563 -0.0891189575195313 0.00494098663330078 -0.00299406051635743
0.0366287231445312 -0.0837249755859375 -0.0007021427154541 0.00331354141235351
0.0746078491210937 -0.0537490844726563 -0.0152349472045898 0.0161762237548828
0.0927352905273438 -0.0107269287109375 -0.0236644744873047 0.00345420837402344
0.0737533569335937 0.0712127685546875 -0.0303153991699219 -0.0192642211914063
0.0352935791015625 0.121223449707031 -0.000404357910156248 -0.0186042785644531
-0.0188217163085938 0.129135131835938 -0.00771713256835938 0.0172367095947266
-0.0716781616210938 0.102813720703125 0.050018310546875 0.0893707275390625
-0.0314865112304687 0.119071960449219 0.0252838134765625 0.102127075195313
0.0213394165039063 0.11846923828125 0.0381622314453125 0.078765869140625
0.0847244262695313 0.0673294067382813 0.0616493225097656 0.0467414855957031
0.0932693481445313 -0.0013275146484375 0.050994873046875 0.0116958618164062
0.0680351257324219 -0.063232421875 0.0298557281494141 -0.0104503631591797
0.0275955200195312 -0.0847396850585938 0.0172185897827148 -0.00834083557128907
0.0214385986328125 -0.0803909301757813 0.0101261138916016 0.00762748718261718
0.0210113525390625 -0.0908203125 0.0062255859375 0.0262222290039062
0.0422821044921875 -0.0833587646484375 -0.00503730773925781 0.0290718078613281
0.0784683227539063 -0.04949951171875 -0.0223026275634766 0.0330219268798828
0.091766357421875 -0.0016632080078125 -0.0305557250976562 0.0120944976806641
0.0606613159179688 0.0764541625976563 -0.0279026031494141 -0.011810302734375
0.0142288208007812 0.114707946777344 0.00675201416015625 0.00425863265991212
-0.0362167358398438 0.110824584960938 -0.0204887390136719 0.0536079406738281
-0.0731353759765625 0.0556640625 0.02374267578125 0.117874145507813
-0.0507049560546875 0.0816574096679688 0.00933837890625 0.120735168457031
-0.00775909423828126 0.0963516235351563 0.02606201171875 0.0807571411132813
0.0558052062988281 0.0701522827148438 0.0395774841308594 0.0524482727050781
0.0765609741210938 0.0123367309570313 0.029022216796875 0.0260448455810547
0.0651741027832031 -0.0470848083496094 0.0174760818481445 0.0164413452148437
0.03118896484375 -0.0711822509765625 0.0143547058105469 0.0234241485595703
0.0243072509765625 -0.0676536560058594 0.0129814147949219 0.0363922119140625
0.0249481201171875 -0.0788116455078125 0.007476806640625 0.0539283752441406
0.0439071655273437 -0.0718994140625 -0.0116653442382812 0.0534820556640625
0.0740127563476563 -0.0374755859375 -0.0318450927734375 0.0479583740234375
0.0815048217773438 0.00727081298828125 -0.0384559631347656 0.018402099609375
0.0420989990234375 0.07672119140625 -0.0282649993896484 -0.00778579711914062
-0.0102157592773438 0.0994796752929688 0.00639533996582031 0.022369384765625
-0.0529861450195313 0.0798797607421875 -0.039947509765625 0.0818099975585938
-0.0620689392089844 5.72204589843767E-05 0.00347900390624999 0.127578735351563
-0.0560188293457031 0.0303459167480469 -0.000328063964843766 0.123870849609375
-0.0302314758300781 0.0549583435058594 0.0192947387695313 0.0750503540039063
0.0197982788085938 0.0550651550292969 0.0221977233886719 0.0501823425292969
0.0468254089355469 0.0205345153808594 0.0112781524658203 0.0324306488037109
0.050689697265625 -0.0244560241699219 0.00551223754882813 0.0350799560546875
0.0294113159179687 -0.0457916259765625 0.0109329223632813 0.04827880859375
0.0237007141113281 -0.0459938049316406 0.0134658813476563 0.0599327087402344
0.0251197814941406 -0.0561676025390625 0.00658416748046876 0.0766448974609375
0.0392227172851563 -0.0510749816894531 -0.0188064575195312 0.0751266479492187
0.0610694885253906 -0.0222625732421875 -0.0432357788085938 0.0600509643554688
0.0626716613769531 0.0153388977050781 -0.0489616394042969 0.0227546691894531
0.0186500549316406 0.0676231384277344 -0.0316181182861328 -0.0064258575439453
-0.0314788818359375 0.0715408325195312 -0.000537872314453124 0.0355682373046875
-0.0627365112304688 0.0378570556640625 -0.0633544921875 0.0977859497070313
0.0458259582519531 0.018035888671875 0.066009521484375 -0.0952987670898438
0.0401954650878906 -0.0320854187011719 0.017059326171875 -0.0335235595703125
-0.00429153442382813 -0.0433845520019531 0.0344753265380859 0.00827980041503906
-0.0317249298095703 -0.0215835571289063 0.0676345825195313 -0.0184059143066406
-0.035675048828125 0.00448608398437501 0.0561027526855469 -0.0653839111328125
-0.0258140563964844 0.0275382995605469 0.0202484130859375 -0.0948638916015625
-0.0187492370605469 0.0239791870117187 -0.0101776123046875 -0.0921707153320313
-0.0207977294921875 0.0165157318115234 -0.01617431640625 -0.0729522705078125
-0.0265636444091797 0.0167217254638672 -0.0105857849121094 -0.0602989196777344
-0.0301761627197266 -0.00481414794921875 -0.00450515747070312 -0.0488319396972656
-0.0177383422851563 -0.028656005859375 -0.00439453125 -0.0355300903320313
0.0115547180175781 -0.0336532592773438 -0.00939559936523437 -0.0432853698730469
0.0466194152832031 -0.0120658874511719 -0.011199951171875 -0.07489013671875
0.0564193725585937 0.0215301513671875 -0.00153350830078126 -0.113288879394531
0.0393447875976563 0.045379638671875 0.009033203125 -0.118568420410156
0.0317573547363281 0.0668373107910156 0.0831298828125 -0.0809249877929688
0.0499992370605469 0.0143890380859375 0.0295486450195313 -0.0242843627929688
0.0239677429199219 -0.0116348266601563 0.0432243347167969 0.015106201171875
0.00533771514892578 -0.0172033309936523 0.0796737670898437 -0.0139312744140625
-0.00574779510498047 -0.0115346908569336 0.0678291320800781 -0.0637245178222656
-0.0106363296508789 -0.00273990631103515 0.0294036865234375 -0.099456787109375
-0.0149002075195313 -0.00991439819335937 -0.0057220458984375 -0.0980224609375
-0.0143089294433594 -0.0147304534912109 -0.014251708984375 -0.075469970703125
-0.0166797637939453 -0.0171957015991211 -0.00789642333984376 -0.0603752136230469
-0.00790214538574219 -0.0302944183349609 -0.000865936279296872 -0.0491104125976562
0.01446533203125 -0.0363998413085937 -0.00327491760253906 -0.0292148590087891
0.0423507690429688 -0.0221824645996094 -0.00970268249511719 -0.0334320068359375
0.0588111877441406 0.0231666564941406 -0.0198097229003906 -0.0605735778808594
0.0538291931152344 0.0661506652832031 -0.0089569091796875 -0.0946578979492188
0.0245208740234375 0.0878982543945312 0.0104827880859375 -0.0970840454101563
0.007568359375 0.107742309570313 0.092926025390625 -0.05029296875
0.0469779968261719 0.0646476745605469 0.0398025512695313 -0.00345993041992187
0.0483207702636719 0.0303382873535156 0.050445556640625 0.0282058715820313
0.0458221435546875 -0.00397109985351563 0.088897705078125 -0.00357818603515625
0.0286865234375 -0.0229454040527344 0.0764007568359375 -0.0546722412109375
0.00951385498046875 -0.0336761474609375 0.0375213623046875 -0.09185791015625
-0.00761032104492187 -0.0427665710449219 0.00110626220703125 -0.0915756225585938
-0.00650787353515625 -0.0440101623535156 -0.0095062255859375 -0.0676383972167969
-0.00687789916992188 -0.0492897033691406 -0.00432968139648438 -0.0495529174804688
0.00954055786132813 -0.0544471740722656 -0.000713348388671872 -0.0390357971191406
0.0410499572753906 -0.0458641052246094 -0.00649642944335937 -0.0186977386474609
0.0665359497070313 -0.0176658630371094 -0.0138454437255859 -0.0215625762939453
0.071136474609375 0.0463714599609375 -0.0273284912109375 -0.0445747375488281
0.0534515380859375 0.0968704223632813 -0.01263427734375 -0.0699272155761719
0.0128097534179688 0.117332458496094 0.00603103637695313 -0.0644874572753906
-0.0216064453125 0.13134765625 0.0911026000976563 -0.00739288330078124
0.0302658081054688 0.107124328613281 0.0439987182617188 0.0285873413085938
0.0605316162109375 0.0747146606445313 0.0532760620117188 0.0450973510742188
0.0800247192382813 0.0182113647460938 0.089752197265625 0.0128097534179688
0.0635185241699219 -0.0271987915039063 0.0774154663085938 -0.0359268188476562
0.0325927734375 -0.0582275390625 0.041351318359375 -0.0718841552734375
0.00215530395507813 -0.0693817138671875 0.00848388671875 -0.0721359252929688
0.00208282470703126 -0.0666427612304688 -0.00365829467773438 -0.0484504699707031
0.00109100341796875 -0.0738983154296875 -0.000650405883789065 -0.0290088653564453
0.02276611328125 -0.0735397338867188 -0.00140762329101562 -0.0212192535400391
0.0591506958007813 -0.0538444519042969 -0.0103654861450195 -0.00333881378173829
0.0830307006835938 -0.017669677734375 -0.0187244415283203 -0.00893974304199219
0.0785751342773438 0.0591888427734375 -0.0303421020507813 -0.0299911499023437
0.0518798828125 0.113533020019531 -0.00949478149414062 -0.0442428588867188
0.00141906738281251 0.130729675292969 0.000679016113281249 -0.0251846313476562
-0.0493927001953125 0.130889892578125 0.0761795043945313 0.0411529541015625
0.00270080566406249 0.128509521484375 0.0398826599121094 0.0660896301269531
0.0518569946289063 0.108108520507812 0.0484352111816406 0.064056396484375
0.0963134765625 0.0439682006835938 0.0802230834960938 0.0312423706054688
0.0875778198242188 -0.0195083618164063 0.0679931640625 -0.01202392578125
0.0529975891113281 -0.0691642761230469 0.0388412475585938 -0.0431251525878906
0.0134124755859375 -0.0844650268554688 0.0142593383789063 -0.0427322387695313
0.0102005004882813 -0.0789031982421875 0.00278091430664062 -0.0224952697753906
0.00940704345703124 -0.0888900756835938 0.00341391563415527 -0.00299739837646485
0.0312042236328125 -0.08453369140625 -0.00279116630554199 0.00208044052124023
0.0702323913574219 -0.0569419860839844 -0.0155363082885742 0.0144720077514648
0.091156005859375 -0.0145645141601562 -0.0241203308105469 0.00241661071777343
0.0765380859375 0.0677032470703125 -0.0292816162109375 -0.0193119049072266
0.0409622192382812 0.118110656738281 -0.000900268554687496 -0.0194301605224609
-0.0133056640625 0.128074645996094 -0.00670814514160156 0.0153703689575195
-0.0663681030273438 0.104827880859375 0.0523757934570312 0.085479736328125
-0.026123046875 0.119522094726562 0.0266876220703125 0.0985107421875
0.0273208618164063 0.1163330078125 0.0377044677734375 0.07568359375
0.087493896484375 0.0636367797851563 0.0611114501953125 0.045501708984375
0.0911941528320313 -0.0059814453125 0.0501327514648438 0.0113563537597656
0.0629768371582031 -0.0660133361816406 0.0298881530761719 -0.0110607147216797
0.0219573974609375 -0.0846939086914063 0.0155954360961914 -0.00903415679931641
0.0170822143554688 -0.0791549682617188 0.00867605209350586 0.00688362121582031
0.0160064697265625 -0.0901565551757813 0.0071868896484375 0.0259456634521484
0.036651611328125 -0.0841064453125 -0.00593948364257812 0.0281505584716797
0.0747756958007813 -0.0521011352539063 -0.0221138000488281 0.0322990417480469
0.0895767211914063 -0.0069122314453125 -0.0297451019287109 0.0117664337158203
0.064361572265625 0.0734100341796875 -0.0273303985595703 -0.0125675201416016
0.02056884765625 0.113456726074219 0.00696277618408203 0.0026998519897461
-0.0313873291015625 0.110107421875 -0.0180435180664063 0.0520591735839844
-0.06976318359375 0.0585861206054688 0.0272369384765625 0.114913940429687
-0.0466156005859375 0.0833587646484375 0.0118637084960937 0.117897033691406
-0.00222015380859376 0.096099853515625 0.0259170532226563 0.0785903930664062
0.0585441589355469 0.06585693359375 0.0389442443847656 0.0512924194335938
0.075714111328125 0.0085906982421875 0.0297679901123047 0.0260982513427734
0.0613136291503906 -0.0500411987304688 0.0187854766845703 0.0159358978271484
0.026580810546875 -0.0711212158203125 0.0152339935302734 0.0219383239746094
0.0198631286621094 -0.0681953430175781 0.0127925872802734 0.0347709655761719
0.0200119018554687 -0.0789794921875 0.00878143310546875 0.0523567199707031
0.0386276245117188 -0.073974609375 -0.0101776123046875 0.0525550842285156
0.0711669921875 -0.04150390625 -0.030609130859375 0.0479621887207031
0.0811996459960938 0.00341796875 -0.03814697265625 0.018341064453125
0.044769287109375 0.0747146606445313 -0.0278167724609375 -0.00747489929199218
-0.00464630126953126 0.0989303588867188 0.00744056701660156 0.0208263397216797
-0.048919677734375 0.0809402465820313 -0.0362091064453125 0.0803451538085938
-0.0613212585449219 0.00282287597656251 0.00707244873046876 0.1260986328125
-0.054046630859375 0.033172607421875 0.00264739990234373 0.120872497558594
-0.0266685485839844 0.0563545227050781 0.0184097290039063 0.0728988647460938
0.0224151611328125 0.0531806945800781 0.0218582153320313 0.0492630004882813
0.0468597412109375 0.0178031921386719 0.0129718780517578 0.0329933166503906
0.0475921630859375 -0.026885986328125 0.00797653198242188 0.03570556640625
0.0254859924316406 -0.0463142395019531 0.0131378173828125 0.0463943481445313
0.0197257995605469 -0.0467529296875 0.0157241821289063 0.0578727722167969
0.0212821960449219 -0.0567779541015625 0.00922393798828125 0.0743637084960938
0.0355224609375 -0.0524711608886719 -0.0166854858398437 0.0733795166015625
0.058990478515625 -0.025115966796875 -0.0402336120605469 0.0608024597167969
0.0620689392089844 0.0119400024414062 -0.0482254028320312 0.0231437683105469
0.021759033203125 0.0661697387695313 -0.0314960479736328 -0.00603485107421875
-0.026824951171875 0.0715560913085938 0.00150871276855469 0.0338859558105469
-0.059173583984375 0.0394058227539062 -0.0585403442382813 0.0978927612304687
0.0463790893554687 0.0172576904296875 0.0644683837890625 -0.0969619750976563
0.0399818420410156 -0.0327491760253906 0.0164203643798828 -0.0331249237060547
-0.00506973266601563 -0.0430488586425781 0.0336761474609375 0.00912094116210937
-0.0323982238769531 -0.0206813812255859 0.0673866271972656 -0.0184860229492188
-0.0346088409423828 0.005950927734375 0.0547828674316406 -0.0651817321777344
-0.0237789154052734 0.0282669067382813 0.0185928344726563 -0.0945053100585938
-0.0174560546875 0.0241565704345703 -0.0122528076171875 -0.0916061401367188
-0.019927978515625 0.0175457000732422 -0.017547607421875 -0.0717086791992188
-0.0254783630371094 0.0177516937255859 -0.0130386352539063 -0.0587730407714844
-0.0298347473144531 -0.00258636474609375 -0.00627899169921876 -0.0484962463378906
-0.0183277130126953 -0.0268745422363281 -0.00572586059570313 -0.0376472473144531
0.0106182098388672 -0.0331134796142578 -0.00894927978515625 -0.0451393127441406
0.0453720092773438 -0.0140762329101563 -0.01055908203125 -0.0743331909179688
0.0562973022460938 0.0195732116699219 -0.00193023681640624 -0.112442016601563
0.0397415161132813 0.0444107055664063 0.00804138183593749 -0.119773864746094
0.032684326171875 0.0656204223632812 0.0822372436523437 -0.08197021484375
0.0495758056640625 0.0128936767578125 0.0280094146728516 -0.0240287780761719
0.0239467620849609 -0.0120563507080078 0.0427970886230469 0.0156974792480469
0.00441741943359375 -0.0167446136474609 0.0793685913085938 -0.0144500732421875
-0.00603961944580078 -0.0105752944946289 0.0664901733398438 -0.0639991760253906
-0.00949192047119141 -0.00310802459716797 0.02703857421875 -0.0987014770507813
-0.0145940780639648 -0.00957012176513672 -0.00804901123046875 -0.0971527099609375
-0.0144939422607422 -0.0136470794677734 -0.0159454345703125 -0.0747222900390625
-0.0165166854858398 -0.016596794128418 -0.0101203918457031 -0.0593376159667969
-0.00876617431640625 -0.0296516418457031 -0.00343704223632812 -0.0489768981933594
0.0138626098632813 -0.0357704162597656 -0.00453567504882813 -0.0314750671386719
0.0410041809082031 -0.0223541259765625 -0.00964736938476562 -0.0353775024414063
0.0585670471191406 0.021728515625 -0.0178413391113281 -0.060028076171875
0.05438232421875 0.064361572265625 -0.00874328613281249 -0.09405517578125
0.0255661010742188 0.0872573852539063 0.00928497314453126 -0.0987625122070313
0.00923156738281251 0.107002258300781 0.092071533203125 -0.0525436401367187
0.0475730895996094 0.0633544921875 0.0387229919433594 -0.0035552978515625
0.0488243103027344 0.0297660827636719 0.0492591857910156 0.0288009643554688
0.0453872680664063 -0.00457382202148438 0.0882492065429688 -0.00414276123046875
0.0285549163818359 -0.0231113433837891 0.0745468139648438 -0.0543060302734375
0.009765625 -0.0344009399414063 0.0354461669921875 -0.0916213989257813
-0.00849533081054688 -0.0421333312988281 -0.00109100341796875 -0.0911865234375
-0.0073394775390625 -0.0429344177246094 -0.0121879577636719 -0.06622314453125
-0.00844955444335938 -0.0488777160644531 -0.00724029541015625 -0.0485725402832031
0.00829696655273438 -0.0545387268066406 -0.00395584106445313 -0.0397377014160156
0.0399398803710937 -0.0458984375 -0.00785064697265625 -0.0202465057373047
0.0657310485839844 -0.0192222595214844 -0.0137081146240234 -0.0230007171630859
0.0718765258789063 0.0445175170898438 -0.02630615234375 -0.0444488525390625
0.0558319091796875 0.0952377319335937 -0.0128135681152344 -0.0696868896484375
0.0141525268554688 0.116348266601563 0.00481796264648438 -0.0658416748046875
-0.0189361572265625 0.131423950195313 0.0898818969726563 -0.00907897949218749
0.0320205688476562 0.1064453125 0.0427169799804688 0.0285568237304688
0.0616226196289063 0.0730972290039063 0.0518531799316406 0.0455474853515625
0.0810165405273438 0.0167999267578125 0.0894088745117188 0.0123367309570313
0.0629348754882813 -0.0275039672851562 0.0763702392578125 -0.0353927612304688
0.0317840576171875 -0.0589370727539063 0.0400848388671875 -0.0717315673828125
0.000602722167968753 -0.0692176818847656 0.0069580078125 -0.0717315673828125
0.000240325927734375 -0.0656013488769531 -0.00608444213867188 -0.0481224060058594
-0.000183105468750002 -0.0740890502929688 -0.00273895263671875 -0.0288658142089844
0.0204315185546875 -0.0733413696289063 -0.00400352478027343 -0.0215797424316406
0.05755615234375 -0.0551605224609375 -0.0121183395385742 -0.00456333160400391
0.0825653076171875 -0.0191574096679688 -0.0185813903808594 -0.0102252960205078
0.0804290771484375 0.0577316284179688 -0.0296611785888672 -0.0300827026367187
0.0540008544921875 0.112335205078125 -0.00906372070312499 -0.0447235107421875
0.00302886962890626 0.13006591796875 3.81469726562816E-06 -0.0270099639892578
-0.0458984375 0.131851196289063 0.07666015625 0.0394210815429688
0.00499725341796876 0.127967834472656 0.0386505126953125 0.0650215148925781
0.0550613403320312 0.108001708984375 0.0475807189941406 0.0631370544433594
0.0971908569335937 0.0423355102539062 0.0793991088867187 0.031646728515625
0.0865402221679688 -0.0216827392578125 0.0673446655273438 -0.0122489929199219
0.0513839721679688 -0.070587158203125 0.03863525390625 -0.0425872802734375
0.0107650756835937 -0.0843505859375 0.0123252868652344 -0.0430831909179688
0.00739288330078125 -0.0789794921875 0.000980377197265627 -0.0223751068115234
0.00645446777343749 -0.0890121459960938 0.00227856636047363 -0.0031571388244629
0.0285491943359375 -0.0845718383789063 -0.00545883178710937 0.0023965835571289
0.0684852600097656 -0.0587997436523438 -0.0165548324584961 0.0137090682983398
0.0912628173828125 -0.0171585083007813 -0.0238285064697266 0.00157546997070312
0.0785369873046875 0.066375732421875 -0.0288906097412109 -0.0193367004394531
0.043609619140625 0.117301940917969 -0.000728607177734371 -0.0203914642333984
-0.0115737915039063 0.12744140625 -0.00712203979492188 0.0131645202636719
-0.0640335083007813 0.106292724609375 0.0534744262695313 0.0838623046875
-0.023712158203125 0.11956787109375 0.0260238647460938 0.09747314453125
0.0306549072265625 0.116363525390625 0.03643798828125 0.0757522583007813
0.0883636474609375 0.0615234375 0.0600395202636719 0.0455055236816406
0.0910110473632813 -0.007720947265625 0.0503120422363281 0.0105133056640625
0.0613632202148438 -0.0678215026855469 0.0314979553222656 -0.0114536285400391
0.01898193359375 -0.0843887329101563 0.0152120590209961 -0.010066032409668
0.0135650634765625 -0.0800933837890625 0.00777482986450195 0.00678110122680664
0.0126724243164063 -0.0903778076171875 0.00666999816894531 0.02520751953125
0.0336074829101563 -0.0857772827148438 -0.00687408447265625 0.0272483825683594
0.072998046875 -0.054412841796875 -0.0222034454345703 0.0317935943603516
0.0903701782226563 -0.0097808837890625 -0.0294094085693359 0.0113277435302734
0.06707763671875 0.0726852416992188 -0.0272369384765625 -0.01251220703125
0.0242538452148437 0.113410949707031 0.00762462615966797 0.00104188919067384
-0.02899169921875 0.110702514648438 -0.0176353454589844 0.0507392883300781
-0.0686683654785156 0.0610008239746094 0.0284576416015625 0.114814758300781
-0.0452957153320313 0.084503173828125 0.0118560791015625 0.116859436035156
0.000648498535156243 0.0965805053710938 0.024383544921875 0.078399658203125
0.0611801147460937 0.06488037109375 0.0384788513183594 0.0520515441894531
0.0757675170898438 0.00665283203125 0.0303211212158203 0.0263442993164062
0.0598831176757813 -0.0517692565917969 0.0199356079101563 0.0162067413330078
0.0247421264648438 -0.071563720703125 0.0155982971191406 0.0216064453125
0.0169639587402344 -0.0682640075683594 0.0129871368408203 0.0342788696289062
0.016845703125 -0.0792236328125 0.00928878784179688 0.0517807006835937
0.0360794067382813 -0.0749282836914063 -0.0111503601074219 0.0519866943359375
0.0698814392089844 -0.0435333251953125 -0.0304222106933594 0.0481719970703125
0.0811233520507813 0.00104522705078125 -0.0377082824707031 0.0187797546386719
0.0476455688476563 0.0738754272460938 -0.0276622772216797 -0.00836181640624999
-0.00139617919921875 0.0992507934570313 0.00835609436035156 0.0187606811523438
-0.0468597412109375 0.0815963745117187 -0.0345840454101562 0.0796432495117187
-0.0606918334960938 0.00562667846679688 0.00865173339843749 0.125663757324219
-0.052886962890625 0.0355072021484375 0.002685546875 0.12042236328125
-0.0246353149414063 0.0574684143066406 0.0171966552734375 0.0730514526367188
0.0247879028320313 0.0531654357910156 0.0211181640625 0.0498733520507813
0.0469894409179688 0.0159149169921875 0.0136547088623047 0.0334854125976563
0.04681396484375 -0.0286827087402344 0.0104904174804688 0.0354843139648438
0.0235748291015625 -0.0468406677246094 0.0133628845214844 0.045989990234375
0.0173683166503906 -0.0467567443847656 0.016387939453125 0.0564155578613281
0.0190887451171875 -0.0569076538085937 0.0108718872070313 0.0738067626953125
0.0332412719726562 -0.0533218383789063 -0.0164260864257812 0.0730667114257813
0.0580024719238281 -0.0278434753417969 -0.0398902893066406 0.061126708984375
0.0620536804199219 0.0103836059570312 -0.0472908020019531 0.0240859985351563
0.0237503051757813 0.0662612915039062 -0.0317096710205078 -0.00674057006835937
-0.025177001953125 0.0728530883789062 0.00223350524902344 0.0321598052978516
-0.0584564208984375 0.040069580078125 -0.0561065673828125 0.0977859497070313
0.0470161437988281 0.0162887573242188 0.0646209716796875 -0.0997772216796875
0.039306640625 -0.0344505310058594 0.0160713195800781 -0.0333900451660156
-0.00675582885742188 -0.0436744689941406 0.0347766876220703 0.00995063781738281
-0.0338153839111328 -0.0201129913330078 0.0686225891113281 -0.0181503295898438
-0.0351009368896484 0.00733375549316406 0.0551376342773438 -0.0656852722167969
-0.0228347778320313 0.0295162200927734 0.0171127319335938 -0.09576416015625
-0.0162220001220703 0.0254459381103516 -0.01318359375 -0.0931396484375
-0.0202236175537109 0.01861572265625 -0.0197982788085937 -0.0726852416992187
-0.0251483917236328 0.0195636749267578 -0.014404296875 -0.0593948364257813
-0.0294704437255859 -0.00207328796386719 -0.00909805297851562 -0.0493392944335938
-0.0198459625244141 -0.0262241363525391 -0.0068817138671875 -0.03912353515625
0.00954818725585938 -0.0344562530517578 -0.00861740112304687 -0.0474739074707031
0.0455398559570313 -0.015899658203125 -0.00884246826171875 -0.075408935546875
0.0580482482910156 0.0177650451660156 -0.00196075439453125 -0.113883972167969
0.0410881042480469 0.044403076171875 0.00749206542968752 -0.124496459960937
0.0339927673339844 0.066436767578125 0.083282470703125 -0.085906982421875
0.0506439208984375 0.0121612548828125 0.0279483795166016 -0.0245342254638672
0.0239086151123047 -0.0122737884521484 0.0430412292480469 0.0174522399902344
0.00411033630371094 -0.016880989074707 0.0810089111328125 -0.0147705078125
-0.00564479827880859 -0.00974941253662109 0.0680160522460938 -0.0642585754394531
-0.00819301605224609 -0.00393438339233398 0.0257186889648438 -0.0999832153320313
-0.0135097503662109 -0.00918960571289063 -0.00960540771484374 -0.0984344482421875
-0.0153656005859375 -0.0132484436035156 -0.0184326171875 -0.0753250122070312
-0.0170774459838867 -0.0162696838378906 -0.0123939514160156 -0.0606422424316406
-0.00944137573242188 -0.0299434661865234 -0.00645065307617187 -0.0498046875
0.013092041015625 -0.0356178283691406 -0.00645828247070312 -0.0344276428222656
0.0414810180664063 -0.0229148864746094 -0.00892257690429688 -0.0374336242675781
0.0598106384277344 0.021270751953125 -0.0167236328125 -0.06146240234375
0.0561408996582031 0.0645065307617188 -0.00847625732421874 -0.0963058471679688
0.0270614624023438 0.0887069702148438 0.00907897949218751 -0.102081298828125
0.0110321044921875 0.109291076660156 0.0929489135742188 -0.0551223754882813
0.0497550964355469 0.0641899108886719 0.0377998352050781 -0.00391006469726562
0.0505905151367187 0.0295867919921875 0.0500907897949219 0.029876708984375
0.0463752746582031 -0.00497055053710938 0.0892791748046875 -0.00316619873046875
0.0291328430175781 -0.0237369537353516 0.0760498046875 -0.0550994873046875
0.0103473663330078 -0.0350818634033203 0.0354080200195312 -0.0929336547851563
-0.00912094116210938 -0.0432472229003906 -0.002960205078125 -0.09222412109375
-0.00849533081054688 -0.0428886413574219 -0.0140838623046875 -0.0665397644042969
-0.0094451904296875 -0.0492973327636719 -0.00934982299804688 -0.0492172241210938
0.0076141357421875 -0.0553398132324219 -0.00603103637695313 -0.0406303405761719
0.0391807556152344 -0.0476455688476562 -0.00929832458496094 -0.0225601196289063
0.0670013427734375 -0.0204048156738281 -0.0138282775878906 -0.0256919860839844
0.0745620727539063 0.0447006225585938 -0.0258407592773438 -0.0458755493164063
0.0582733154296875 0.0969161987304687 -0.0126190185546875 -0.0716552734375
0.0156021118164063 0.1187744140625 0.00498199462890625 -0.06976318359375
-0.01751708984375 0.134971618652344 0.0922470092773438 -0.0102005004882812
0.034271240234375 0.108154296875 0.0427207946777344 0.0290451049804688
0.0648269653320312 0.0742721557617187 0.052276611328125 0.0479965209960938
0.0824813842773437 0.0154647827148437 0.0912704467773438 0.013336181640625
0.06396484375 -0.0292396545410156 0.0774307250976563 -0.036865234375
0.0317420959472656 -0.0606689453125 0.0398788452148437 -0.0732498168945312
-0.000251770019531253 -0.0696182250976562 0.00425720214843749 -0.0722579956054688
-0.000911712646484373 -0.0668869018554688 -0.00752639770507813 -0.0475273132324219
-0.00290679931640625 -0.0749359130859375 -0.00382041931152344 -0.0299091339111328
0.0186996459960938 -0.0753326416015625 -0.00732421875 -0.0230331420898438
0.0569953918457031 -0.0574569702148438 -0.0135307312011719 -0.00567722320556641
0.0844497680664063 -0.0209732055664063 -0.0194740295410156 -0.0117626190185547
0.0833892822265625 0.0579910278320313 -0.0280704498291016 -0.0314235687255859
0.05810546875 0.113662719726563 -0.0092926025390625 -0.0472908020019531
0.00363922119140624 0.132919311523438 1.90734863281241E-05 -0.0299930572509766
-0.0446701049804687 0.135948181152344 0.0784912109375 0.0402755737304688
0.00683593750000001 0.130416870117188 0.0381584167480469 0.0655326843261719
0.0578842163085938 0.109642028808594 0.0471382141113281 0.0659523010253906
0.100921630859375 0.0413970947265625 0.0808258056640625 0.0334243774414063
0.0876083374023438 -0.0233154296875 0.0687942504882813 -0.0110397338867188
0.050506591796875 -0.0739669799804687 0.0392799377441406 -0.0439643859863281
0.00906372070312499 -0.0854873657226563 0.0117416381835938 -0.0433082580566406
0.00621795654296876 -0.0809173583984375 -0.000343322753906252 -0.0224075317382813
0.00376129150390625 -0.09112548828125 0.000754833221435547 -0.00317096710205079
0.0272750854492188 -0.08697509765625 -0.0084071159362793 0.00148677825927734
0.0696258544921875 -0.061920166015625 -0.0181179046630859 0.0126972198486328
0.0923309326171875 -0.0183258056640625 -0.0243110656738281 -0.00034713745117188
0.0829620361328125 0.066741943359375 -0.0284290313720703 -0.0205879211425781
0.047698974609375 0.120285034179688 -0.00117111206054687 -0.0227394104003906
-0.0102767944335937 0.129981994628906 -0.00679588317871094 0.0119476318359375
-0.0637969970703125 0.110374450683594 0.05419921875 0.0866775512695313
-0.0233840942382812 0.122474670410156 0.0262680053710937 0.0980377197265625
0.0341567993164063 0.119087219238281 0.03546142578125 0.0783233642578125
0.0926971435546875 0.0611495971679688 0.0601882934570313 0.0472030639648438
0.0925827026367188 -0.0097808837890625 0.0514640808105469 0.01068115234375
0.0614242553710938 -0.0712814331054687 0.0311775207519531 -0.0117015838623047
0.0172500610351563 -0.0868606567382812 0.0157718658447266 -0.0106801986694336
0.011688232421875 -0.0814132690429687 0.00770950317382813 0.00628995895385742
0.010040283203125 -0.092987060546875 0.00599288940429687 0.0249710083007812
0.0317230224609375 -0.088409423828125 -0.00873184204101562 0.0272274017333984
0.0733566284179688 -0.0576324462890625 -0.0241813659667969 0.0326900482177734
0.0923919677734375 -0.0112991333007813 -0.0301456451416016 0.0106163024902344
0.0707550048828125 0.07342529296875 -0.0277500152587891 -0.0142440795898437
0.0269699096679687 0.115806579589844 0.00806665420532227 -0.000760078430175774
-0.0292205810546875 0.113761901855469 -0.0176925659179687 0.0501136779785156
-0.0692291259765625 0.0644340515136719 0.0303421020507813 0.117149353027344
-0.0443572998046875 0.0873947143554687 0.0119094848632813 0.11907958984375
0.002685546875 0.0987396240234375 0.0230178833007813 0.0805511474609375
0.06463623046875 0.065399169921875 0.0382270812988281 0.0537071228027344
0.0777435302734375 0.0047760009765625 0.0310516357421875 0.0275192260742187
0.0598258972167969 -0.0542984008789063 0.0215778350830078 0.0170021057128906
0.0224609375 -0.0732650756835938 0.0167140960693359 0.0212421417236328
0.0156478881835938 -0.0699005126953125 0.0131931304931641 0.0346946716308594
0.0146865844726562 -0.0818328857421875 0.00986480712890625 0.0517158508300781
0.033966064453125 -0.0771713256835938 -0.0123214721679687 0.0520401000976562
0.0701713562011719 -0.0464515686035156 -0.0309257507324219 0.0490760803222656
0.0823211669921875 -0.0012969970703125 -0.03875732421875 0.0182075500488281
0.0511932373046875 0.0750579833984375 -0.0281505584716797 -0.00927352905273437
0.00125122070312501 0.101661682128906 0.00880146026611328 0.0175104141235352
-0.0472412109375 0.083709716796875 -0.034576416015625 0.0806961059570313
-0.0617866516113281 0.00739669799804688 0.00904083251953125 0.130195617675781
-0.053497314453125 0.0375213623046875 0.00211334228515624 0.123115539550781
-0.0231056213378906 0.0595283508300781 0.0169296264648438 0.075164794921875
0.0276527404785156 0.0537605285644531 0.0209197998046875 0.0531349182128906
0.048919677734375 0.0144767761230469 0.014068603515625 0.0348529815673828
0.0458526611328125 -0.03009033203125 0.0115432739257813 0.0361595153808594
0.0228614807128906 -0.0479583740234375 0.0142440795898438 0.0457077026367188
0.0171165466308594 -0.0473899841308594 0.01678466796875 0.0562210083007813
0.017669677734375 -0.0587043762207031 0.0110321044921875 0.0745010375976563
0.0317764282226563 -0.0555000305175781 -0.016693115234375 0.0756301879882813
0.0582313537597656 -0.0299568176269531 -0.0407829284667969 0.0613517761230469
0.0634803771972656 0.008697509765625 -0.0489768981933594 0.0244064331054688
0.0259056091308594 0.0673713684082031 -0.0327472686767578 -0.00742721557617187
-0.0234527587890625 0.0751495361328125 0.00222206115722656 0.0309238433837891
-0.0592689514160156 0.0418853759765625 -0.0567855834960938 0.0988922119140625
0.0502281188964844 0.0160484313964844 0.0652847290039063 -0.106964111328125
0.0398216247558594 -0.03753662109375 0.0152320861816406 -0.0360298156738281
-0.00895309448242188 -0.0437965393066406 0.0359382629394531 0.0107002258300781
-0.036529541015625 -0.0191841125488281 0.0714263916015625 -0.0199813842773438
-0.0354652404785156 0.00935745239257812 0.0561294555664063 -0.0691299438476563
-0.0217056274414062 0.0308628082275391 0.014862060546875 -0.0990447998046875
-0.0150890350341797 0.0272045135498047 -0.0170516967773437 -0.0955276489257813
-0.0197010040283203 0.0203819274902344 -0.0225677490234375 -0.0740737915039063
-0.0244789123535156 0.0205669403076172 -0.0172080993652344 -0.0608177185058594
-0.0303497314453125 0.000484466552734382 -0.0115470886230469 -0.05157470703125
-0.0220623016357422 -0.0257091522216797 -0.00860977172851562 -0.0426254272460938
0.00745391845703125 -0.0359001159667969 -0.00951004028320313 -0.0518722534179688
0.0459098815917969 -0.0183868408203125 -0.00885009765625 -0.0786285400390625
0.0594520568847656 0.0168952941894531 -0.00376129150390625 -0.119056701660156
0.0436477661132813 0.04443359375 0.00435638427734374 -0.129722595214844
0.0375747680664063 0.0678901672363281 0.084014892578125 -0.0925140380859375
0.0525932312011719 0.0102500915527344 0.0280036926269531 -0.026397705078125
0.0246009826660156 -0.0138015747070313 0.044586181640625 0.0180931091308594
0.00310134887695313 -0.0174884796142578 0.0836715698242188 -0.0157241821289063
-0.00600528717041016 -0.00940513610839844 0.0685768127441406 -0.0687294006347656
-0.00878238677978515 -0.00313520431518555 0.0240936279296875 -0.104705810546875
-0.0139808654785156 -0.0088348388671875 -0.0139694213867188 -0.101531982421875
-0.0161542892456055 -0.0130624771118164 -0.0217971801757812 -0.0772476196289063
-0.0175466537475586 -0.0169973373413086 -0.0159111022949219 -0.0611381530761719
-0.0103569030761719 -0.0296516418457031 -0.00919723510742188 -0.0513229370117187
0.0116081237792969 -0.036773681640625 -0.00853347778320313 -0.0364456176757812
0.0416526794433594 -0.0256271362304688 -0.0101470947265625 -0.0414505004882812
0.0626068115234375 0.0188980102539063 -0.016845703125 -0.0639991760253906
0.0605430603027344 0.0647315979003906 -0.00954437255859375 -0.100563049316406
0.0306015014648438 0.0908660888671875 0.00735473632812501 -0.108329772949219
0.0141677856445312 0.112510681152344 0.0952301025390625 -0.06085205078125
0.0529823303222656 0.0637626647949219 0.0385894775390625 -0.0049285888671875
0.0533714294433594 0.0286788940429688 0.0518875122070313 0.0305061340332031
0.0485153198242188 -0.00677871704101563 0.0938720703125 -0.00528717041015625
0.0294551849365234 -0.0247383117675781 0.0772323608398438 -0.0582046508789063
0.00981903076171875 -0.0372047424316406 0.0337066650390625 -0.09686279296875
-0.00947189331054687 -0.0436782836914063 -0.00633239746093751 -0.095001220703125
-0.00973129272460938 -0.0440902709960938 -0.0175323486328125 -0.0683097839355469
-0.0115470886230469 -0.0509910583496094 -0.0121803283691406 -0.0505599975585937
0.00612258911132812 -0.0569877624511719 -0.00989532470703125 -0.0415420532226563
0.0385818481445313 -0.0500030517578125 -0.0117568969726563 -0.024200439453125
0.068511962890625 -0.02362060546875 -0.0150012969970703 -0.0282382965087891
0.07855224609375 0.0440750122070313 -0.0252647399902344 -0.0477218627929688
0.0639114379882813 0.09820556640625 -0.0141372680664062 -0.07476806640625
0.0192108154296875 0.123443603515625 0.00308990478515625 -0.0739669799804687
-0.0147476196289063 0.140213012695313 0.0959625244140625 -0.0143966674804687
0.0391006469726563 0.110748291015625 0.0432014465332031 0.0291557312011719
0.0695724487304688 0.074127197265625 0.0536422729492188 0.0493507385253906
0.087310791015625 0.01470947265625 0.0943374633789063 0.0133438110351563
0.065582275390625 -0.0318412780761719 0.0801849365234375 -0.0379180908203125
0.0317230224609375 -0.0646324157714844 0.0394973754882812 -0.0766143798828125
-0.00302124023437501 -0.0722274780273438 0.0020599365234375 -0.0758743286132812
-0.00374984741210938 -0.069061279296875 -0.0105056762695312 -0.04888916015625
-0.00548553466796875 -0.0788650512695313 -0.00625419616699218 -0.0308799743652344
0.0166091918945313 -0.0793304443359375 -0.0104770660400391 -0.0232830047607422
0.0577049255371094 -0.0619468688964844 -0.0165891647338867 -0.00736331939697266
0.08685302734375 -0.0250625610351563 -0.0200138092041016 -0.0139904022216797
0.0892562866210938 0.0574417114257813 -0.0291709899902344 -0.0331611633300781
0.06512451171875 0.116256713867187 -0.0100173950195313 -0.0486946105957031
0.00817108154296874 0.138046264648438 -0.00136756896972656 -0.0327510833740234
-0.0420684814453125 0.14312744140625 0.0830841064453125 0.0382919311523438
0.0117340087890625 0.134765625 0.0402030944824219 0.0675773620605469
0.065521240234375 0.111473083496094 0.0490226745605469 0.0680580139160156
0.1065673828125 0.0395736694335937 0.084747314453125 0.0335845947265625
0.0908966064453125 -0.0270156860351563 0.0712432861328125 -0.0129470825195313
0.0502166748046875 -0.0788116455078125 0.0395698547363281 -0.0466079711914063
0.00693511962890625 -0.0893936157226562 0.0100021362304687 -0.0457000732421875
0.002105712890625 -0.08349609375 -0.00160408020019531 -0.0241107940673828
0.000465393066406243 -0.0942611694335938 -0.000321149826049805 -0.00359892845153809
0.0242233276367188 -0.0922012329101563 -0.0102214813232422 0.00115871429443359
0.0694923400878906 -0.0673637390136719 -0.0198707580566406 0.0127468109130859
0.0958709716796875 -0.0226669311523438 -0.02496337890625 -0.00182342529296875
0.0888214111328125 0.0670623779296875 -0.0286846160888672 -0.0219230651855469
0.0541610717773438 0.122230529785156 -0.000291824340820308 -0.0249881744384766
-0.00676727294921876 0.136390686035156 -0.00703048706054687 0.0103445053100586
-0.0632858276367187 0.116874694824219 0.0589752197265625 0.0870285034179688
-0.0209197998046875 0.128303527832031 0.0286483764648438 0.100868225097656
0.0403213500976563 0.122322082519531 0.0371627807617188 0.0808029174804688
0.0978240966796875 0.0603256225585938 0.0635490417480469 0.04925537109375
0.096832275390625 -0.012481689453125 0.0542221069335938 0.0112228393554688
0.062255859375 -0.075836181640625 0.0341224670410156 -0.0128173828125
0.0158462524414063 -0.090057373046875 0.0144023895263672 -0.0103092193603516
0.0091705322265625 -0.0858917236328125 0.00655317306518555 0.00609779357910156
0.00641632080078124 -0.0972900390625 0.0067138671875 0.0262050628662109
0.029296875 -0.0928421020507812 -0.0107307434082031 0.0294666290283203
0.074432373046875 -0.0628585815429688 -0.0256233215332031 0.0330715179443359
0.095458984375 -0.0163040161132813 -0.0320243835449219 0.0112934112548828
0.0770721435546875 0.07403564453125 -0.0272426605224609 -0.0146141052246094
0.0338973999023437 0.119964599609375 0.00737094879150391 -0.00261211395263671
-0.0257720947265625 0.119522094726563 -0.0171699523925781 0.0510940551757813
-0.0699272155761719 0.0699806213378906 0.0348052978515625 0.120513916015625
-0.04351806640625 0.0928726196289063 0.013946533203125 0.122352600097656
0.00772857666015624 0.104576110839844 0.0242538452148438 0.08441162109375
0.0693283081054688 0.0643157958984375 0.0405731201171875 0.0560531616210938
0.0806732177734375 0.00264739990234375 0.0336704254150391 0.0287818908691406
0.0597686767578125 -0.0600318908691406 0.0239696502685547 0.016448974609375
0.0202560424804688 -0.0772171020507813 0.0170364379882812 0.0211353302001953
0.0127410888671875 -0.072845458984375 0.0137882232666016 0.0345020294189453
0.011932373046875 -0.085418701171875 0.0118675231933594 0.0533905029296875
0.031463623046875 -0.0817413330078125 -0.0118637084960938 0.0549278259277344
0.0710525512695313 -0.0523452758789063 -0.031890869140625 0.0509567260742188
0.0860137939453125 -0.00391387939453125 -0.0401725769042969 0.019561767578125
0.0565872192382813 0.07647705078125 -0.0289440155029297 -0.00963592529296874
0.00649261474609375 0.106346130371094 0.00992393493652344 0.0166902542114258
-0.046661376953125 0.08831787109375 -0.033782958984375 0.0833892822265625
-0.0641403198242188 0.0111656188964844 0.0134124755859375 0.135322570800781
-0.0530853271484375 0.0417098999023437 0.00286102294921875 0.126968383789063
-0.0211753845214844 0.0627555847167969 0.0163116455078125 0.0778656005859375
0.0319709777832031 0.0547142028808594 0.0228347778320313 0.0551376342773438
0.051055908203125 0.0138359069824219 0.0162315368652344 0.0378189086914063
0.0472869873046875 -0.0347061157226563 0.0140151977539063 0.0375251770019531
0.0211296081542969 -0.0519905090332031 0.0175590515136719 0.0470657348632813
0.0152549743652344 -0.0506668090820313 0.0192146301269531 0.0568161010742187
0.0154762268066406 -0.0613861083984375 0.0136871337890625 0.0756759643554688
0.0293960571289063 -0.0594520568847656 -0.0150833129882812 0.0774459838867188
0.0594062805175781 -0.0336189270019531 -0.04046630859375 0.0649070739746094
0.0661048889160156 0.00622177124023437 -0.0506820678710937 0.0265922546386719
0.0301284790039062 0.0696182250976563 -0.0333461761474609 -0.00778770446777344
-0.021820068359375 0.07916259765625 0.00491714477539062 0.0309944152832031
-0.0599021911621094 0.046051025390625 -0.055877685546875 0.105270385742187
0.0518646240234375 0.0119285583496094 0.060882568359375 -0.115158081054688
0.0379409790039063 -0.0412445068359375 0.01348876953125 -0.0370635986328125
-0.0123291015625 -0.0449180603027344 0.0380935668945313 0.00984954833984375
-0.0386810302734375 -0.0167045593261719 0.073516845703125 -0.0236434936523438
-0.0357933044433594 0.0125083923339844 0.0549087524414063 -0.0736236572265625
-0.0201129913330078 0.0332260131835938 0.0113601684570312 -0.102622985839844
-0.0127964019775391 0.0280399322509766 -0.0230255126953125 -0.0968856811523438
-0.0183982849121094 0.0227127075195312 -0.0271072387695313 -0.0750732421875
-0.0232658386230469 0.0229988098144531 -0.022552490234375 -0.0613670349121094
-0.0307102203369141 0.00317573547363282 -0.0157661437988281 -0.051666259765625
-0.0241374969482422 -0.0239810943603516 -0.0122718811035156 -0.0449295043945313
0.005706787109375 -0.0367507934570313 -0.0121116638183594 -0.0558128356933594
0.0456428527832031 -0.021942138671875 -0.0117874145507812 -0.0818862915039063
0.061981201171875 0.0123519897460938 -0.00837707519531249 -0.122161865234375
0.0479087829589844 0.0430641174316406 -0.000923156738281237 -0.136032104492188
0.0423202514648438 0.067413330078125 0.0822601318359375 -0.101478576660156
0.0544967651367188 0.0073699951171875 0.0266017913818359 -0.0293426513671875
0.0241947174072266 -0.0143699645996094 0.0474090576171875 0.0175514221191406
0.0026397705078125 -0.0174894332885742 0.0868377685546875 -0.020111083984375
-0.00696754455566406 -0.0087890625 0.0679168701171875 -0.0737152099609375
-0.00849437713623047 -0.00302839279174805 0.0204010009765625 -0.10858154296875
-0.0138683319091797 -0.00884151458740234 -0.0201263427734375 -0.104225158691406
-0.0170183181762695 -0.0116643905639648 -0.027099609375 -0.0775146484375
-0.0194568634033203 -0.0158329010009766 -0.0206794738769531 -0.0625190734863281
-0.0125102996826172 -0.0293045043945313 -0.014251708984375 -0.0525665283203125
0.0101852416992187 -0.0379066467285156 -0.0119056701660156 -0.0394058227539063
0.0407295227050781 -0.0284538269042969 -0.0120735168457031 -0.0451011657714844
0.0653114318847656 0.016021728515625 -0.0185508728027344 -0.0662841796875
0.0655784606933594 0.062225341796875 -0.013885498046875 -0.103080749511719
0.0362548828125 0.092254638671875 0.00124359130859374 -0.113685607910156
0.0213623046875 0.115386962890625 0.0957870483398438 -0.0696487426757813
0.0583686828613281 0.0626335144042969 0.03912353515625 -0.00719451904296875
0.0572128295898438 0.0275497436523438 0.0545768737792969 0.0304718017578125
0.0492897033691406 -0.00908279418945312 0.0959014892578125 -0.0086822509765625
0.0293807983398438 -0.0275115966796875 0.0781784057617187 -0.06329345703125
0.00879669189453125 -0.0391883850097656 0.0303802490234375 -0.101425170898438
-0.01202392578125 -0.0445442199707031 -0.0121688842773438 -0.0971145629882813
-0.0129585266113281 -0.0446968078613281 -0.0228157043457031 -0.0687789916992188
-0.0152778625488281 -0.0516433715820313 -0.0163612365722656 -0.0515518188476562
0.0021209716796875 -0.0598487854003906 -0.0147514343261719 -0.0426673889160156
0.037353515625 -0.0538063049316406 -0.0152492523193359 -0.0261993408203125
0.06927490234375 -0.0285873413085938 -0.0160770416259766 -0.0316009521484375
0.0839157104492188 0.0400848388671875 -0.0265769958496094 -0.0493507385253906
0.0720901489257812 0.09649658203125 -0.0166854858398438 -0.0769500732421875
0.0269317626953125 0.125755310058594 -0.000846862792968748 -0.0785446166992187
-0.0066986083984375 0.146347045898438 0.0984878540039062 -0.0209808349609375
0.0465011596679688 0.11175537109375 0.0455360412597656 0.0267181396484375
0.0774612426757813 0.0738067626953125 0.0578193664550781 0.0502891540527344
0.0908203125 0.00926971435546875 0.0977554321289063 0.00974273681640625
0.06622314453125 -0.0368843078613281 0.0807647705078125 -0.04296875
0.0289726257324219 -0.0690879821777344 0.0375747680664062 -0.0816268920898438
-0.00698089599609374 -0.0751876831054688 -0.00270843505859376 -0.0780487060546875
-0.00790405273437501 -0.0706558227539063 -0.0147628784179687 -0.0498733520507813
-0.0104827880859375 -0.0803146362304688 -0.0104427337646484 -0.0310020446777344
0.0119857788085937 -0.0829391479492188 -0.0141525268554688 -0.0233154296875
0.0561141967773438 -0.0675468444824219 -0.0182647705078125 -0.00749397277832032
0.088897705078125 -0.0310821533203125 -0.0212898254394531 -0.0158710479736328
0.0964126586914063 0.0546875 -0.030914306640625 -0.0344085693359375
0.0739974975585938 0.116462707519531 -0.0114936828613281 -0.0511093139648437
0.0161895751953125 0.142807006835937 -0.00316238403320312 -0.0356025695800781
-0.0354766845703125 0.15008544921875 0.087646484375 0.0347900390625
0.0197525024414062 0.138465881347656 0.044189453125 0.0664291381835938
0.0741653442382813 0.111312866210938 0.0523529052734375 0.0694236755371094
0.112876892089844 0.0345382690429688 0.088226318359375 0.03094482421875
0.0918960571289063 -0.0325698852539063 0.074188232421875 -0.0166473388671875
0.0478973388671875 -0.084564208984375 0.0402946472167969 -0.0502853393554688
0.00139617919921876 -0.0923843383789063 0.00741195678710937 -0.0483131408691406
-0.00224304199218749 -0.0859603881835937 -0.00397682189941407 -0.0235824584960938
-0.00604248046875001 -0.0976104736328125 -0.00173282623291016 -0.0030817985534668
0.018585205078125 -0.09722900390625 -0.0125761032104492 0.00247478485107421
0.0671539306640625 -0.0750656127929688 -0.0218353271484375 0.0139312744140625
0.097869873046875 -0.0301132202148438 -0.0264492034912109 -0.00132369995117188
0.0970916748046875 0.0640335083007812 -0.0303745269775391 -0.0227260589599609
0.0643386840820313 0.122421264648438 -0.00108909606933593 -0.0264511108398437
4.57763671874854E-05 0.141754150390625 -0.00733375549316406 0.00905418395996095
-0.0576019287109375 0.1258544921875 0.066253662109375 0.0867691040039063
-0.0134048461914063 0.133262634277344 0.0331268310546875 0.102874755859375
0.048797607421875 0.12445068359375 0.0403900146484375 0.083709716796875
0.107009887695313 0.0554046630859375 0.0670013427734375 0.0480575561523438
0.0986557006835938 -0.0193557739257813 0.0571022033691406 0.0108070373535156
0.0585708618164063 -0.0828704833984375 0.0349216461181641 -0.0153675079345703
0.00902557373046874 -0.09429931640625 0.0154619216918945 -0.0125961303710938
0.0035247802734375 -0.0880508422851563 0.0060887336730957 0.00553846359252929
6.10351562500067E-05 -0.0999526977539063 0.006927490234375 0.0258731842041016
0.0229644775390625 -0.0984344482421875 -0.0107192993164062 0.030181884765625
0.0721893310546875 -0.0703353881835938 -0.0258102416992187 0.0353965759277344
0.0984954833984375 -0.0223541259765625 -0.0315475463867187 0.0113945007324219
0.0847854614257813 0.0714645385742188 -0.0281963348388672 -0.0159015655517578
0.043121337890625 0.120620727539063 0.0086359977722168 -0.00432491302490234
-0.0205841064453125 0.125312805175781 -0.0151443481445312 0.0523529052734375
-0.0679550170898438 0.0772171020507812 0.0426406860351563 0.12432861328125
-0.0396652221679687 0.0989761352539063 0.0193862915039063 0.126388549804688
0.0141220092773437 0.107093811035156 0.0273971557617187 0.0865554809570313
0.0773468017578125 0.062835693359375 0.0440788269042969 0.0580863952636719
0.0847015380859375 -0.00334930419921875 0.0362701416015625 0.029022216796875
0.0576820373535156 -0.0657844543457031 0.0266571044921875 0.0153408050537109
0.015655517578125 -0.0811080932617188 0.0189647674560547 0.0208358764648437
0.008941650390625 -0.0760574340820313 0.0154914855957031 0.0345687866210937
0.00579833984375 -0.0895462036132813 0.0140876770019531 0.0535202026367187
0.0263214111328125 -0.0868148803710938 -0.0100135803222656 0.0577468872070312
0.0699386596679688 -0.0585784912109375 -0.0305557250976563 0.0541458129882812
0.08905029296875 -0.0106201171875 -0.0398330688476562 0.0215072631835938
0.0641937255859375 0.075531005859375 -0.0299549102783203 -0.0103244781494141
0.013702392578125 0.108566284179688 0.0110645294189453 0.0146560668945313
-0.0431671142578125 0.0940628051757813 -0.0299072265625 0.087921142578125
-0.065582275390625 0.0163345336914063 0.0208282470703125 0.140716552734375
-0.0532035827636719 0.0463027954101563 0.0088653564453125 0.131950378417969
-0.0180511474609375 0.0671424865722656 0.0186309814453125 0.0805206298828125
0.0372390747070313 0.05340576171875 0.0260086059570313 0.0580558776855469
0.0544586181640625 0.0101203918457031 0.0196037292480469 0.0380096435546875
0.04608154296875 -0.0389289855957031 0.0176353454589844 0.0375137329101563
0.017669677734375 -0.0537834167480469 0.0208282470703125 0.04638671875
0.0118446350097656 -0.0528182983398437 0.0222663879394531 0.058013916015625
0.0102195739746094 -0.0648384094238281 0.0183258056640625 0.077850341796875
0.0262069702148438 -0.0633316040039063 -0.0129241943359375 0.0805130004882813
0.0591888427734375 -0.0387191772460938 -0.0388298034667969 0.0686798095703125
0.0699234008789063 0.00197219848632813 -0.0507316589355469 0.0282363891601563
0.0367584228515625 0.0701179504394531 -0.0355567932128906 -0.00725173950195312
-0.0155715942382813 0.0819320678710938 0.00667190551757813 0.0299663543701172
-0.0590248107910156 0.0499343872070313 -0.0513229370117188 0.11083984375
0.0537567138671875 0.008209228515625 0.053985595703125 -0.121528625488281
0.0346908569335938 -0.0441856384277344 0.00902557373046875 -0.0389823913574219
-0.0160369873046875 -0.0431556701660156 0.039398193359375 0.009002685546875
-0.0410385131835938 -0.0128974914550781 0.0729827880859375 -0.0285263061523438
-0.0340480804443359 0.0161972045898438 0.050994873046875 -0.0770416259765625
-0.0155773162841797 0.0343589782714844 0.00434875488281251 -0.103630065917969
-0.00997161865234375 0.0288810729980469 -0.0298233032226562 -0.0975189208984375
-0.0157508850097656 0.0253562927246094 -0.0333786010742188 -0.0731964111328125
-0.0223445892333984 0.0258274078369141 -0.0271492004394531 -0.0599327087402344
-0.0309162139892578 0.00583457946777343 -0.0206680297851562 -0.0512886047363281
-0.0263805389404297 -0.0203819274902344 -0.0176162719726562 -0.0461578369140625
0.00278091430664062 -0.0377006530761719 -0.0157089233398438 -0.0573616027832031
0.0439453125 -0.0274391174316406 -0.0145339965820312 -0.08245849609375
0.0625495910644531 0.00830459594726563 -0.0149917602539062 -0.122894287109375
0.0517730712890625 0.038909912109375 -0.00994110107421874 -0.138435363769531
0.0462150573730469 0.065399169921875 0.0760650634765625 -0.109695434570313
0.0548973083496094 0.00378799438476563 0.0240097045898438 -0.0321559906005859
0.0230197906494141 -0.0163841247558594 0.0484580993652344 0.0152664184570312
0.00224113464355469 -0.0163192749023437 0.0870285034179688 -0.0244979858398438
-0.00699472427368164 -0.00755882263183594 0.0645751953125 -0.0781021118164063
-0.00722646713256836 -0.00386905670166015 0.0131607055664063 -0.110893249511719
-0.013214111328125 -0.00786876678466797 -0.028076171875 -0.103973388671875
-0.0166568756103516 -0.00987815856933594 -0.034027099609375 -0.0742416381835938
-0.020965576171875 -0.0153141021728516 -0.026123046875 -0.0609703063964844
-0.0145683288574219 -0.0283355712890625 -0.0195045471191406 -0.0520133972167969
0.00743865966796875 -0.037689208984375 -0.0170021057128906 -0.0398101806640625
0.039337158203125 -0.0319557189941406 -0.01483154296875 -0.0473976135253906
0.064727783203125 0.0113983154296875 -0.0207481384277344 -0.0660476684570313
0.0700149536132813 0.0580558776855469 -0.0188751220703125 -0.102981567382813
0.0432891845703125 0.0905685424804688 -0.00559234619140625 -0.117027282714844
0.0290756225585938 0.115554809570312 0.0913925170898438 -0.07659912109375
0.0621986389160156 0.0589485168457031 0.038787841796875 -0.00940704345703125
0.0590744018554687 0.0241584777832031 0.0567054748535156 0.02911376953125
0.0496482849121094 -0.0117225646972656 0.0968856811523438 -0.0136489868164063
0.0283584594726563 -0.0292491912841797 0.0753402709960938 -0.0683746337890625
0.00620269775390625 -0.0410270690917969 0.0234909057617187 -0.103530883789062
-0.013519287109375 -0.0436363220214844 -0.0194320678710938 -0.0966415405273438
-0.0163002014160156 -0.0437965393066406 -0.0295600891113281 -0.0669097900390625
-0.0186195373535156 -0.0510025024414062 -0.0208969116210938 -0.0504989624023438
-0.0018463134765625 -0.0590629577636719 -0.0191497802734375 -0.0420875549316406
0.0341873168945313 -0.0557899475097656 -0.0182209014892578 -0.0256099700927734
0.0685615539550781 -0.0336151123046875 -0.0178089141845703 -0.0326576232910156
0.0878829956054688 0.0333023071289063 -0.0284919738769531 -0.0503196716308594
0.079376220703125 0.0930938720703125 -0.02020263671875 -0.0775146484375
0.0351028442382812 0.126419067382813 -0.00522613525390625 -0.079864501953125
0.00457763671875001 0.14654541015625 0.0969772338867188 -0.028961181640625
0.05450439453125 0.108299255371094 0.0464935302734375 0.02392578125
0.0834121704101563 0.0681610107421875 0.0591659545898438 0.0484657287597656
0.09136962890625 0.00336456298828125 0.0996322631835938 0.00400543212890625
0.0649833679199219 -0.0421066284179688 0.0796585083007813 -0.047698974609375
0.0245208740234375 -0.0719680786132813 0.0330963134765625 -0.0836563110351563
-0.0116500854492187 -0.074493408203125 -0.00739288330078125 -0.0779800415039063
-0.0120391845703125 -0.0715484619140625 -0.0192108154296875 -0.0494918823242188
-0.0165634155273438 -0.08056640625 -0.0136947631835938 -0.0307350158691406
0.00493621826171875 -0.0849838256835938 -0.0172767639160156 -0.0235042572021484
0.0522613525390625 -0.0724868774414062 -0.0208110809326172 -0.00818824768066407
0.0876235961914063 -0.037689208984375 -0.0234031677246094 -0.0173854827880859
0.101333618164063 0.04803466796875 -0.0317134857177734 -0.0343837738037109
0.08349609375 0.111976623535156 -0.0133171081542969 -0.0525779724121094
0.0262298583984375 0.143417358398437 -0.00560760498046875 -0.0378265380859375
-0.0258941650390625 0.154556274414063 0.0908889770507812 0.0284881591796875
0.0291595458984375 0.137222290039063 0.0486259460449219 0.0649986267089844
0.0819091796875 0.108566284179688 0.0552482604980469 0.0678825378417969
0.117843627929688 0.0255813598632812 0.0906829833984375 0.0262298583984375
0.0914382934570313 -0.0399551391601563 0.0740509033203125 -0.0202102661132813
0.0425567626953125 -0.09014892578125 0.0376853942871094 -0.053131103515625
-0.00474548339843751 -0.093017578125 0.00296783447265625 -0.0489730834960938
-0.00913238525390626 -0.0854721069335937 -0.006805419921875 -0.0231971740722656
-0.01324462890625 -0.0972061157226563 -0.00326395034790039 -0.00211548805236817
0.0113983154296875 -0.0997161865234375 -0.0146675109863281 0.00255393981933593
0.0623626708984375 -0.0813980102539063 -0.0207252502441406 0.0145969390869141
0.0976715087890625 -0.03778076171875 -0.0260887145996094 -0.00149536132812501
0.103042602539062 0.0566558837890625 -0.0310859680175781 -0.0251007080078125
0.0759811401367188 0.117965698242188 -0.00316238403320312 -0.02825927734375
0.0096435546875 0.14324951171875 -0.00712776184082031 0.00907325744628907
-0.0514755249023438 0.132064819335938 0.0753173828125 0.0816726684570313
-0.00125122070312499 0.136940002441406 0.0406112670898437 0.102287292480469
0.0582962036132813 0.123046875 0.0445556640625 0.0835494995117188
0.1121826171875 0.0477828979492188 0.0707626342773438 0.045867919921875
0.0998611450195313 -0.0267486572265625 0.0589790344238281 0.00683975219726562
0.0540847778320313 -0.088104248046875 0.0360755920410156 -0.0190620422363281
0.00391387939453126 -0.0967941284179688 0.0128030776977539 -0.0133275985717773
-0.00164031982421875 -0.0889205932617188 0.00584125518798828 0.00551271438598632
-0.00968933105468751 -0.101921081542969 0.00905609130859375 0.0246734619140625
0.015838623046875 -0.100830078125 -0.00950431823730468 0.0327301025390625
0.0687255859375 -0.077850341796875 -0.0235862731933594 0.037200927734375
0.097259521484375 -0.0308380126953125 -0.0328636169433594 0.0131664276123047
0.0934295654296875 0.0648651123046875 -0.0296669006347656 -0.0155735015869141
0.053131103515625 0.119316101074219 0.00712203979492188 -0.0061807632446289
-0.0138778686523438 0.127517700195313 -0.0127067565917969 0.0517120361328125
-0.063262939453125 0.0819168090820313 0.0515060424804687 0.122695922851563
-0.0325088500976563 0.102462768554688 0.0272064208984375 0.126434326171875
0.0224075317382812 0.108604431152344 0.0308837890625 0.0858306884765625
0.0830764770507813 0.0567779541015625 0.0474510192871094 0.0556259155273438
0.0853958129882813 -0.0090484619140625 0.0383872985839844 0.0275535583496094
0.0549850463867187 -0.0718002319335937 0.0293903350830078 0.0132884979248047
0.00981903076171875 -0.08233642578125 0.0187606811523438 0.0196571350097656
0.00282287597656249 -0.0775909423828125 0.01678466796875 0.0334072113037109
-0.00140380859375 -0.0905532836914063 0.0168190002441406 0.0529632568359375
0.0192794799804688 -0.0905914306640625 -0.00765609741210938 0.0593910217285156
0.0659027099609375 -0.0652198791503906 -0.0278511047363281 0.056640625
0.08892822265625 -0.017852783203125 -0.0398712158203125 0.0237007141113281
0.0717544555664063 0.0710220336914063 -0.0306949615478516 -0.00966072082519531
0.0228347778320312 0.108184814453125 0.0130996704101563 0.0125694274902344
-0.0373458862304687 0.0983428955078125 -0.0250930786132813 0.0897369384765625
-0.0651397705078125 0.0201988220214844 0.0309524536132813 0.140037536621094
-0.0492362976074219 0.050506591796875 0.0157089233398437 0.132118225097656
-0.012298583984375 0.0708465576171875 0.0223464965820313 0.0811080932617188
0.0418663024902344 0.0523490905761719 0.0290374755859375 0.0595245361328125
0.055419921875 0.0056915283203125 0.0230560302734375 0.0390205383300781
0.0440673828125 -0.0438995361328125 0.0208244323730469 0.0356941223144531
0.0136260986328125 -0.0566749572753906 0.024383544921875 0.0459861755371094
0.00738906860351562 -0.0543975830078125 0.0246734619140625 0.0564994812011719
0.00598144531249999 -0.0655670166015625 0.0236129760742188 0.077484130859375
0.0201683044433594 -0.0662269592285156 -0.00924682617187499 0.081756591796875
0.0550651550292969 -0.0456008911132812 -0.0351028442382812 0.0727615356445313
0.0705413818359375 -0.00222015380859375 -0.0501060485839844 0.0317420959472656
0.0424079895019531 0.0683364868164062 -0.0348930358886719 -0.00612068176269532
-0.00983428955078125 0.083526611328125 0.00893783569335938 0.0276336669921875
-0.0572166442871094 0.054656982421875 -0.0438690185546875 0.11541748046875
0.0533447265625 0.00768280029296875 0.0439605712890625 -0.121665954589844
0.0294990539550781 -0.0479583740234375 0.00711441040039062 -0.0383491516113281
-0.0177116394042969 -0.0401039123535156 0.0389900207519531 0.00722885131835937
-0.0389366149902344 -0.00935745239257812 0.07318115234375 -0.0320205688476563
-0.0317459106445313 0.0193595886230469 0.0481033325195312 -0.0772552490234375
-0.0136241912841797 0.0324764251708984 -0.000663757324218757 -0.10101318359375
-0.0092315673828125 0.0286865234375 -0.033477783203125 -0.0938720703125
-0.0143375396728516 0.0271492004394531 -0.0353355407714844 -0.0692901611328125
-0.0186614990234375 0.0245780944824219 -0.0304374694824219 -0.0589828491210937
-0.0300121307373047 0.00916290283203125 -0.0207443237304688 -0.0499534606933594
-0.0274639129638672 -0.0162773132324219 -0.0200767517089844 -0.0450325012207031
0.000194549560546875 -0.0378913879394531 -0.018310546875 -0.05859375
0.0412635803222656 -0.0265159606933594 -0.016357421875 -0.08135986328125
0.0618209838867188 0.00593948364257813 -0.0219345092773438 -0.121871948242187
0.0540351867675781 0.03533935546875 -0.015625 -0.136238098144531
0.049896240234375 0.0606040954589844 0.0675735473632813 -0.113883972167969
0.053619384765625 0.00012969970703125 0.0204639434814453 -0.0315170288085938
0.0239543914794922 -0.0144824981689453 0.047515869140625 0.0149002075195313
0.00223922729492188 -0.0164575576782227 0.0846176147460938 -0.0253448486328125
-0.00627756118774414 -0.00723457336425781 0.059722900390625 -0.0806350708007813
-0.00731277465820312 -0.00170183181762695 0.00762939453124999 -0.108528137207031
-0.0135641098022461 -0.00744247436523437 -0.0329742431640625 -0.0978775024414062
-0.0176658630371094 -0.00891304016113281 -0.03765869140625 -0.0703353881835938
-0.0190639495849609 -0.0110816955566406 -0.0283889770507812 -0.0580863952636719
-0.0135612487792969 -0.0259284973144531 -0.0227584838867188 -0.0496292114257813
0.0052642822265625 -0.0376625061035156 -0.018646240234375 -0.0377120971679687
0.0374069213867187 -0.033966064453125 -0.0163612365722656 -0.0463447570800781
0.067352294921875 0.00801849365234375 -0.0222358703613281 -0.0649681091308594
0.0742340087890625 0.0535507202148437 -0.02423095703125 -0.101791381835938
0.0477447509765625 0.0875701904296875 -0.0112152099609375 -0.116600036621094
0.0350189208984375 0.109275817871094 0.08831787109375 -0.0821762084960937
0.0638465881347656 0.0509986877441406 0.0359840393066406 -0.0127525329589844
0.059967041015625 0.0182952880859375 0.058319091796875 0.0266036987304688
0.0474929809570312 -0.0150985717773437 0.0947723388671875 -0.0173110961914062
0.0249862670898438 -0.0296268463134766 0.070770263671875 -0.070770263671875
0.00402069091796875 -0.0416603088378906 0.0174179077148437 -0.102302551269531
-0.0166511535644531 -0.0444412231445313 -0.0249557495117188 -0.0948944091796875
-0.0174942016601563 -0.0389823913574219 -0.0341377258300781 -0.0642623901367188
-0.0215606689453125 -0.0498046875 -0.0250053405761719 -0.0485954284667969
-0.00486755371093751 -0.0585479736328125 -0.0222816467285156 -0.0385169982910156
0.0297012329101562 -0.0560455322265625 -0.0203742980957031 -0.0259666442871094
0.06500244140625 -0.0395469665527344 -0.0215587615966797 -0.0346412658691406
0.087921142578125 0.0298309326171875 -0.0289573669433594 -0.0477409362792969
0.0845260620117188 0.08575439453125 -0.0229034423828125 -0.07781982421875
0.04180908203125 0.121879577636719 -0.0111083984375 -0.0817108154296875
0.00862121582031249 0.142257690429688 0.09417724609375 -0.038421630859375
0.0580673217773438 0.103874206542969 0.0472793579101563 0.0220985412597656
0.0873489379882813 0.061187744140625 0.0600662231445313 0.0456047058105469
0.0919723510742188 -0.00089263916015625 0.0973968505859375 0.00130462646484375
0.0616493225097656 -0.0417289733886719 0.0758895874023438 -0.0502471923828125
0.0218963623046875 -0.071502685546875 0.02789306640625 -0.0839080810546875
-0.0145339965820313 -0.0732345581054688 -0.0118865966796875 -0.0746307373046875
-0.0166740417480469 -0.0696754455566406 -0.0243072509765625 -0.0453948974609375
-0.01971435546875 -0.0774688720703125 -0.0167026519775391 -0.0260009765625
0.00259399414062499 -0.081817626953125 -0.0222244262695312 -0.0218601226806641
0.0453643798828125 -0.0747222900390625 -0.0219402313232422 -0.0072612762451172
0.084014892578125 -0.0442123413085937 -0.0250625610351562 -0.0162639617919922
0.103416442871094 0.0430984497070313 -0.0310306549072266 -0.033966064453125
0.0901870727539063 0.104194641113281 -0.0153923034667969 -0.0498199462890625
0.0334014892578125 0.141281127929688 -0.008697509765625 -0.03936767578125
-0.0151214599609375 0.15679931640625 0.0900955200195313 0.0189895629882813
0.0360183715820312 0.133346557617188 0.0492820739746094 0.059783935546875
0.0859146118164063 0.09930419921875 0.0572128295898438 0.0646553039550781
0.115043640136719 0.0180892944335938 0.0878829956054688 0.025115966796875
0.0856246948242187 -0.0452804565429687 0.0726165771484375 -0.0213394165039063
0.03863525390625 -0.0895843505859375 0.0337066650390625 -0.0544700622558594
-0.0124588012695312 -0.0912094116210938 -0.000480651855468748 -0.0504608154296875
-0.0115127563476563 -0.0871353149414063 -0.00899696350097656 -0.0199432373046875
-0.0208969116210937 -0.0963973999023438 -0.00667905807495117 -0.00394296646118165
0.00384521484374999 -0.0977706909179687 -0.0146350860595703 0.00455284118652343
0.056884765625 -0.0825729370117188 -0.0228977203369141 0.0137882232666016
0.0968093872070313 -0.0457229614257813 -0.0248279571533203 -0.00224876403808594
0.107688903808594 0.047027587890625 -0.0311489105224609 -0.0208625793457031
0.0789794921875 0.112342834472656 -0.00207138061523437 -0.0293369293212891
0.0158538818359375 0.14129638671875 -0.00739049911499023 0.0065455436706543
-0.0426788330078125 0.130638122558594 0.0782546997070313 0.0777816772460938
0.00224304199218749 0.134742736816406 0.0426864624023438 0.0968170166015625
0.0646133422851563 0.119659423828125 0.0456390380859375 0.0790939331054688
0.116020202636719 0.0390625 0.0679397583007813 0.0458526611328125
0.0966033935546875 -0.0299835205078125 0.0589942932128906 0.00539016723632812
0.0443496704101563 -0.0914077758789062 0.0376091003417969 -0.0196685791015625
-0.00381469726562501 -0.0956192016601562 0.0100870132446289 -0.0129413604736328
-0.0132064819335937 -0.0863189697265625 0.00403928756713867 0.00494337081909179
-0.0163040161132812 -0.100448608398438 0.00489997863769531 0.0232009887695312
0.00923919677734374 -0.101493835449219 -0.00845527648925781 0.0315189361572266
0.0620651245117187 -0.0806503295898437 -0.0218772888183594 0.0374565124511719
0.094696044921875 -0.0391921997070313 -0.033203125 0.0118618011474609
0.093353271484375 0.0587081909179687 -0.0299243927001953 -0.0168609619140625
0.05767822265625 0.112091064453125 0.0067281723022461 -0.0101642608642578
-0.00628662109374999 0.124969482421875 -0.00947952270507813 0.0519599914550781
-0.0581512451171875 0.0867538452148438 0.0587081909179688 0.118133544921875
-0.0274124145507813 0.105438232421875 0.0318832397460938 0.123123168945313
0.0284805297851563 0.105026245117188 0.0340347290039062 0.0843887329101563
0.089141845703125 0.0501022338867188 0.0485191345214844 0.0534515380859375
0.0859451293945313 -0.0158233642578125 0.0417861938476563 0.0246429443359375
0.0490951538085937 -0.0729522705078125 0.0306968688964844 0.0112018585205078
0.00473022460937501 -0.0823898315429688 0.0211753845214844 0.0177993774414062
-0.00237274169921875 -0.0779495239257813 0.0180091857910156 0.0318641662597656
-0.00944519042968751 -0.0880584716796875 0.0164909362792969 0.0507774353027344
0.0135650634765625 -0.0907516479492188 -0.00793075561523437 0.0590705871582031
0.0611915588378906 -0.0661048889160156 -0.0254631042480469 0.0577621459960937
0.0892105102539063 -0.0238265991210938 -0.0367774963378906 0.0244026184082031
0.078704833984375 0.0661392211914063 -0.0308094024658203 -0.00963592529296875
0.0305633544921875 0.104232788085938 0.0118875503540039 0.00931453704833985
-0.0313949584960937 0.0990447998046875 -0.019439697265625 0.0869293212890625
-0.0601844787597656 0.0254249572753906 0.0386505126953125 0.13873291015625
-0.0411834716796875 0.0540390014648437 0.0221710205078125 0.12933349609375
-0.00624465942382812 0.0672149658203125 0.0221328735351562 0.0802764892578125
0.0444183349609375 0.0489616394042969 0.0283088684082031 0.0597457885742188
0.0572013854980469 4.57763671875E-05 0.0242958068847656 0.0417556762695312
0.0401229858398438 -0.04779052734375 0.0230026245117188 0.0337982177734375
0.00981140136718751 -0.0568504333496094 0.0276870727539063 0.044708251953125
0.00397872924804688 -0.0551376342773438 0.0292320251464844 0.0544662475585938
-0.00152587890625 -0.0656509399414063 0.0248870849609375 0.0739288330078125
0.0152511596679688 -0.0635299682617188 -0.00244903564453126 0.0789337158203125
0.0550079345703125 -0.0508613586425781 -0.0306777954101563 0.07403564453125
0.0700149536132813 -0.0112991333007813 -0.0467376708984375 0.0319404602050781
0.0521354675292969 0.0652351379394531 -0.0365142822265625 -0.00441360473632812
-0.00189208984375 0.0825729370117188 0.0117149353027344 0.0264720916748047
-0.0518646240234375 0.0575981140136719 -0.0374755859375 0.115554809570312
0.0508041381835937 0.00236892700195312 0.0396957397460938 -0.1224365234375
0.0268707275390625 -0.0473365783691406 0.0033721923828125 -0.0366020202636719
-0.0204544067382812 -0.0397834777832031 0.0376815795898438 0.00848388671875
-0.0394477844238281 -0.0079193115234375 0.0695610046386719 -0.0310821533203125
-0.03033447265625 0.0187835693359375 0.0450363159179687 -0.0777206420898437
-0.0122165679931641 0.0341396331787109 -0.00301361083984374 -0.0991134643554688
-0.00552940368652344 0.0285396575927734 -0.035980224609375 -0.0880966186523438
-0.0116558074951172 0.0270652770996094 -0.0381355285644531 -0.0651588439941406
-0.0165691375732422 0.0276527404785156 -0.0321884155273438 -0.0548095703125
-0.0268535614013672 0.00928878784179688 -0.0232276916503906 -0.0463333129882813
-0.0263786315917969 -0.0161209106445312 -0.0212936401367188 -0.044525146484375
-0.0021820068359375 -0.0353889465332031 -0.0207061767578125 -0.0574760437011719
0.0380859375 -0.0287628173828125 -0.0155105590820313 -0.0789871215820313
0.0608901977539063 0.00167083740234375 -0.02203369140625 -0.117668151855469
0.0546875 0.0333671569824219 -0.0197830200195313 -0.133537292480469
0.0505867004394531 0.0582504272460938 0.0622177124023438 -0.113815307617187
0.0521240234375 -0.002777099609375 0.0183734893798828 -0.0320339202880859
0.0213527679443359 -0.0173397064208984 0.0472869873046875 0.01348876953125
0.000802040100097656 -0.0159645080566406 0.0819320678710938 -0.0286712646484375
-0.00490379333496094 -0.00695037841796875 0.0575942993164063 -0.0783767700195313
-0.00771474838256836 -0.00313758850097656 0.00539398193359375 -0.106864929199219
-0.0131769180297852 -0.00612354278564453 -0.0341110229492188 -0.0949783325195313
-0.0160551071166992 -0.00748443603515625 -0.0386543273925781 -0.068267822265625
-0.0195560455322266 -0.0117740631103516 -0.0305252075195313 -0.0545082092285156
-0.0158157348632813 -0.0247325897216797 -0.0254173278808594 -0.0469398498535156
0.00355911254882813 -0.0367698669433594 -0.0201835632324219 -0.0384407043457031
0.0347423553466797 -0.0325241088867188 -0.01910400390625 -0.0492134094238281
0.0635986328125 0.005950927734375 -0.0214767456054687 -0.0637474060058594
0.0716476440429688 0.0489959716796875 -0.0234527587890625 -0.0987396240234375
0.048858642578125 0.083465576171875 -0.0156097412109375 -0.1142578125
0.0367584228515625 0.107101440429688 0.0802688598632813 -0.0844573974609375
0.063629150390625 0.049072265625 0.0324058532714844 -0.0139141082763672
0.0595626831054688 0.0182418823242188 0.0564537048339844 0.0269699096679688
0.048553466796875 -0.0160026550292969 0.0926132202148438 -0.0188064575195313
0.0252342224121094 -0.0291404724121094 0.0684242248535156 -0.0701484680175781
0.0021514892578125 -0.0413131713867188 0.0151596069335938 -0.101455688476563
-0.0168800354003906 -0.0417442321777344 -0.0267181396484375 -0.0896224975585938
-0.0184593200683594 -0.040130615234375 -0.0332489013671875 -0.0602455139160156
-0.0218696594238281 -0.0460739135742188 -0.0264129638671875 -0.0450057983398438
-0.00697708129882812 -0.0561141967773438 -0.0250473022460937 -0.0370445251464844
0.027618408203125 -0.0583724975585938 -0.0236740112304687 -0.0260868072509766
0.0615997314453125 -0.0373992919921875 -0.0220108032226562 -0.0350055694580078
0.0861663818359375 0.0255126953125 -0.026641845703125 -0.0482673645019531
0.0847549438476563 0.0813827514648438 -0.0230178833007812 -0.0742645263671875
0.0452423095703125 0.119552612304688 -0.0121383666992187 -0.080810546875
0.0150299072265625 0.141830444335938 0.0912322998046875 -0.0383224487304687
0.0587387084960938 0.098663330078125 0.044464111328125 0.0186309814453125
0.0871505737304687 0.0602569580078125 0.0602836608886719 0.0450439453125
0.0902099609375 -0.00533294677734375 0.0971298217773437 -0.000885009765625
0.0578117370605469 -0.0441932678222656 0.07269287109375 -0.049530029296875
0.0159912109375 -0.07257080078125 0.0260086059570312 -0.0839157104492188
-0.0167083740234375 -0.0713653564453125 -0.0148773193359375 -0.0723724365234375
-0.017913818359375 -0.0659942626953125 -0.0233268737792969 -0.044769287109375
-0.0241775512695312 -0.074676513671875 -0.0178775787353516 -0.0269393920898438
-0.00296020507812501 -0.0813369750976562 -0.02239990234375 -0.0178012847900391
0.0440597534179687 -0.0745773315429688 -0.0230903625488281 -0.0061798095703125
0.0800857543945313 -0.044342041015625 -0.0253200531005859 -0.0197219848632813
0.1015625 0.0369720458984375 -0.0308208465576172 -0.0345191955566406
0.090240478515625 0.0979995727539062 -0.0153541564941406 -0.0519866943359375
0.036285400390625 0.135765075683594 -0.00962448120117187 -0.0383071899414062
-0.0107879638671875 0.151031494140625 0.0898971557617187 0.015777587890625
0.038818359375 0.128570556640625 0.0486564636230469 0.0562744140625
0.0902023315429688 0.0957107543945313 0.0561294555664063 0.0640029907226563
0.114402770996094 0.0145797729492187 0.0889511108398438 0.0216293334960938
0.0847930908203125 -0.04559326171875 0.0699844360351563 -0.0237846374511719
0.0313262939453125 -0.091033935546875 0.032867431640625 -0.0550880432128906
-0.0133514404296875 -0.0888519287109375 -0.00143814086914062 -0.04644775390625
-0.01531982421875 -0.0822677612304687 -0.0103645324707031 -0.0204143524169922
-0.0230789184570313 -0.0914382934570313 -0.00572586059570313 -0.0025167465209961
-0.000190734863281255 -0.09588623046875 -0.0169286727905273 0.00562953948974609
0.0526657104492187 -0.0843582153320313 -0.0224170684814453 0.013946533203125
0.0908126831054688 -0.0470046997070313 -0.0270252227783203 -0.00393295288085938
0.105857849121094 0.0446395874023438 -0.0314579010009766 -0.0234584808349609
0.0829696655273438 0.10748291015625 -0.00462722778320312 -0.0293331146240234
0.0199508666992188 0.138862609863281 -0.00672197341918945 0.00559997558593751
-0.0353164672851563 0.132102966308594 0.0776443481445313 0.0709991455078125
0.00809478759765626 0.131706237792969 0.04522705078125 0.0950164794921875
0.0673370361328125 0.112815856933594 0.0465240478515625 0.0792770385742188
0.113227844238281 0.0363540649414063 0.0725936889648438 0.0415496826171875
0.0944290161132812 -0.0352401733398437 0.0575218200683594 0.00372695922851562
0.0403823852539062 -0.0914993286132813 0.0332241058349609 -0.0193138122558594
-0.00611877441406249 -0.091644287109375 0.0108327865600586 -0.0142621994018555
-0.010955810546875 -0.0833358764648437 0.00586986541748047 0.00644493103027343
-0.0183486938476563 -0.0973663330078125 0.00798797607421875 0.0237045288085937
0.0025177001953125 -0.0979995727539063 -0.00939178466796875 0.0325851440429688
0.05767822265625 -0.08184814453125 -0.0216751098632812 0.0373764038085937
0.0921478271484375 -0.0388412475585938 -0.0314102172851562 0.0103206634521484
0.0966262817382813 0.0537338256835937 -0.0296802520751953 -0.0147953033447266
0.0625534057617188 0.109169006347656 0.00892448425292969 -0.00910472869873046
-0.000816345214843756 0.125404357910156 -0.0093994140625 0.0498771667480469
-0.0523529052734375 0.0877761840820312 0.0605545043945313 0.114669799804688
-0.0224380493164063 0.10260009765625 0.0344696044921875 0.117637634277344
0.0316238403320313 0.102424621582031 0.0349502563476563 0.0829315185546875
0.0862960815429688 0.046417236328125 0.0497055053710938 0.0531806945800781
0.0818099975585938 -0.0186538696289063 0.0406227111816406 0.0252151489257813
0.0433273315429688 -0.074432373046875 0.0308799743652344 0.00985336303710937
0.00054168701171875 -0.080657958984375 0.0207901000976563 0.0167293548583984
-0.00543212890625 -0.07537841796875 0.0185317993164062 0.0309429168701172
-0.011810302734375 -0.0878524780273438 0.02105712890625 0.04876708984375
0.00888824462890625 -0.0875930786132812 -0.00577163696289062 0.0573539733886719
0.0560989379882812 -0.0716094970703125 -0.0229301452636719 0.0564651489257812
0.0847320556640625 -0.02655029296875 -0.0372161865234375 0.0232429504394531
0.0764083862304688 0.062103271484375 -0.0315399169921875 -0.0100612640380859
0.0318832397460938 0.100608825683594 0.0125350952148438 0.00907897949218751
-0.027374267578125 0.0977706909179688 -0.0172882080078125 0.0860137939453125
-0.0585823059082031 0.0285224914550781 0.0412216186523437 0.134880065917969
-0.0416946411132813 0.0535507202148438 0.024200439453125 0.127349853515625
-0.00433731079101563 0.0683212280273438 0.024871826171875 0.079864501953125
0.0452957153320313 0.0439109802246094 0.0330429077148438 0.0570945739746094
0.0532188415527344 -0.000408172607421875 0.0260124206542969 0.0371360778808594
0.0349655151367187 -0.0468902587890625 0.0249843597412109 0.031982421875
0.00689315795898437 -0.056793212890625 0.0271987915039063 0.0406761169433594
0.000221252441406248 -0.0529899597167969 0.0287513732910156 0.0526885986328125
-0.00131607055664063 -0.0646705627441406 0.0274581909179688 0.0716781616210938
0.0128517150878906 -0.0657768249511719 -0.00255584716796875 0.07928466796875
0.0499076843261719 -0.0503501892089844 -0.0277862548828125 0.0723419189453125
0.0684051513671875 -0.0111312866210938 -0.0455322265625 0.0318984985351562
0.0487747192382813 0.0613937377929687 -0.0364837646484375 -0.00740432739257813
-0.000785827636718747 0.0814590454101563 0.0113334655761719 0.0240402221679688
-0.0492477416992188 0.0578994750976562 -0.0328521728515625 0.113807678222656
0.0502166748046875 0.00113677978515625 0.0365066528320313 -0.122550964355469
0.0269775390625 -0.0462608337402344 0.00168228149414063 -0.0369644165039063
-0.0194129943847656 -0.03875732421875 0.0373153686523438 0.00962066650390625
-0.0386390686035156 -0.00634002685546876 0.0696907043457031 -0.0303993225097656
-0.0292930603027344 0.0205745697021484 0.0446624755859375 -0.0774917602539063
-0.0111808776855469 0.0348739624023438 -0.00347137451171876 -0.0981521606445313
-0.00497245788574219 0.0278034210205078 -0.03668212890625 -0.0878448486328125
-0.0100955963134766 0.0268917083740234 -0.0375480651855469 -0.064453125
-0.0151691436767578 0.0273056030273438 -0.0333976745605469 -0.0532150268554688
-0.0261421203613281 0.0108013153076172 -0.0247573852539062 -0.0453758239746094
-0.0263195037841797 -0.0142631530761719 -0.0229377746582031 -0.0446662902832031
-0.00314903259277344 -0.0341167449951172 -0.0204315185546875 -0.0579032897949219
0.0370292663574219 -0.0289192199707031 -0.0143890380859375 -0.0794677734375
0.0590667724609375 0.0013275146484375 -0.0201263427734375 -0.117607116699219
0.0542526245117187 0.0317840576171875 -0.0208282470703125 -0.134284973144531
0.0493354797363281 0.0571670532226563 0.0603485107421875 -0.114601135253906
0.0503730773925781 -0.00272369384765625 0.01654052734375 -0.0320339202880859
0.0209865570068359 -0.0163021087646484 0.0468559265136719 0.0154647827148438
0.000694274902343751 -0.0151395797729492 0.0819473266601563 -0.0284805297851563
-0.00565147399902344 -0.00644111633300781 0.05621337890625 -0.0785064697265625
-0.00745725631713867 -0.00227785110473633 0.0038909912109375 -0.105560302734375
-0.0127573013305664 -0.00706100463867188 -0.0347976684570313 -0.0942611694335937
-0.0150213241577148 -0.0072174072265625 -0.0392036437988281 -0.0671424865722656
-0.0193614959716797 -0.0105457305908203 -0.0321121215820313 -0.0544090270996094
-0.0156326293945312 -0.0235328674316406 -0.0255470275878906 -0.0466041564941406
0.00398063659667968 -0.0348548889160156 -0.0225410461425781 -0.0392341613769531
0.0330963134765625 -0.0323505401611328 -0.0195732116699219 -0.0492630004882813
0.0617752075195313 0.00459671020507813 -0.0197410583496094 -0.06500244140625
0.0714569091796875 0.0476455688476563 -0.02215576171875 -0.099700927734375
0.049896240234375 0.0824966430664063 -0.0155487060546875 -0.114120483398438
0.0375747680664062 0.106178283691406 0.0789337158203125 -0.0855331420898438
0.0629005432128906 0.0485076904296875 0.0310401916503906 -0.0134696960449219
0.059417724609375 0.0181999206542969 0.0552253723144531 0.0281715393066406
0.0466423034667969 -0.0165328979492188 0.0921859741210938 -0.01806640625
0.0257072448730469 -0.0302753448486328 0.0674781799316406 -0.0694618225097656
0.0015716552734375 -0.0403213500976563 0.0148239135742188 -0.1002197265625
-0.0177078247070313 -0.0419197082519531 -0.0280990600585938 -0.0886077880859375
-0.0181198120117188 -0.03936767578125 -0.0337104797363281 -0.0591354370117188
-0.0220680236816406 -0.0458641052246094 -0.0275306701660156 -0.0445556640625
-0.00827407836914063 -0.0545501708984375 -0.0270195007324219 -0.0362091064453125
0.0261192321777344 -0.0563888549804688 -0.0244884490966797 -0.0251445770263672
0.0614700317382812 -0.0379142761230469 -0.0224342346191406 -0.0364608764648437
0.0864028930664063 0.0245590209960938 -0.0271377563476562 -0.04931640625
0.0838851928710938 0.07958984375 -0.022125244140625 -0.07623291015625
0.0452804565429688 0.117752075195312 -0.0128326416015625 -0.080352783203125
0.0164337158203125 0.139961242675781 0.0890960693359375 -0.0395050048828125
0.0596084594726562 0.096405029296875 0.0423736572265625 0.017364501953125
0.0863800048828125 0.0592422485351562 0.0582962036132813 0.0458335876464844
0.0891265869140625 -0.00659942626953125 0.0961227416992188 -4.57763671875004E-05
0.0585441589355469 -0.045135498046875 0.0726394653320313 -0.0500259399414063
0.0155868530273437 -0.0725021362304688 0.025390625 -0.083404541015625
-0.0181198120117188 -0.07080078125 -0.0163803100585938 -0.0732803344726562
-0.0191116333007812 -0.065093994140625 -0.0254096984863281 -0.042633056640625
-0.02587890625 -0.07366943359375 -0.0188331604003906 -0.0264739990234375
-0.00499725341796874 -0.0802536010742188 -0.0235919952392578 -0.0174770355224609
0.0412063598632813 -0.0749359130859375 -0.0248126983642578 -0.00645256042480469
0.07879638671875 -0.0460739135742188 -0.0256080627441406 -0.0217056274414063
0.100776672363281 0.03533935546875 -0.0301780700683594 -0.0354995727539062
0.0898971557617188 0.096923828125 -0.014984130859375 -0.0524177551269531
0.0368804931640625 0.135673522949219 -0.00995254516601563 -0.0392379760742187
-0.0087890625 0.148956298828125 0.0885162353515625 0.01495361328125
0.0390472412109375 0.126754760742188 0.0470314025878906 0.0548248291015625
0.0898361206054688 0.0955963134765625 0.0551261901855469 0.0650672912597656
0.114288330078125 0.0128021240234375 0.088348388671875 0.0227737426757813
0.083526611328125 -0.0473861694335938 0.0696945190429688 -0.0234222412109375
0.0287094116210937 -0.090179443359375 0.0326042175292969 -0.0544776916503906
-0.0146102905273438 -0.0885467529296875 -0.0024261474609375 -0.0462226867675781
-0.0171966552734375 -0.0814743041992188 -0.0118980407714844 -0.019775390625
-0.02490234375 -0.0909576416015625 -0.00616264343261719 -0.00235128402709962
-0.00197601318359374 -0.0936737060546875 -0.0182971954345703 0.00602340698242187
0.0500030517578125 -0.0843963623046875 -0.0233421325683594 0.0151653289794922
0.0887603759765625 -0.0486068725585938 -0.0289707183837891 -0.00534439086914062
0.105270385742188 0.0432205200195313 -0.0303878784179687 -0.0244178771972656
0.0837326049804688 0.104751586914062 -0.00380325317382812 -0.0305995941162109
0.0217514038085937 0.137359619140625 -0.00761938095092773 0.00512218475341798
-0.0336990356445313 0.130668640136719 0.0773544311523438 0.069488525390625
0.00991821289062499 0.128334045410156 0.0432357788085938 0.0916366577148438
0.0682373046875 0.112373352050781 0.045562744140625 0.078369140625
0.112274169921875 0.0335769653320312 0.0718994140625 0.042266845703125
0.0912628173828125 -0.0365753173828125 0.0568161010742188 0.00325775146484375
0.0389328002929687 -0.0909500122070312 0.0325279235839844 -0.0212154388427734
-0.00814056396484374 -0.0916061401367188 0.0111379623413086 -0.0141324996948242
-0.0122909545898438 -0.08428955078125 0.00369024276733398 0.00576639175415038
-0.0204544067382813 -0.0964279174804688 0.00724983215332031 0.0234813690185547
0.0021820068359375 -0.0968551635742188 -0.0107936859130859 0.03179931640625
0.0548019409179688 -0.0835800170898437 -0.0223655700683594 0.0370674133300781
0.0903778076171875 -0.0411529541015625 -0.0323867797851562 0.00902175903320313
0.0965728759765625 0.052886962890625 -0.0308170318603516 -0.01678466796875
0.0631332397460938 0.10601806640625 0.00695514678955078 -0.0103950500488281
-0.000892639160156241 0.124740600585938 -0.00739669799804687 0.0487518310546875
-0.050384521484375 0.0866928100585938 0.0604934692382812 0.110992431640625
-0.0201416015625 0.101119995117188 0.0333404541015625 0.116485595703125
0.032958984375 0.102104187011719 0.0329208374023438 0.0831222534179688
0.0863876342773438 0.0440597534179688 0.0493927001953125 0.0545234680175781
0.0807647705078125 -0.0189285278320313 0.0408744812011719 0.0253524780273438
0.0406646728515625 -0.0739593505859375 0.0300521850585938 0.00935173034667968
-0.00147247314453125 -0.0799789428710938 0.0206832885742188 0.0160675048828125
-0.0069580078125 -0.074462890625 0.0170440673828125 0.0306816101074219
-0.0129241943359375 -0.0867385864257813 0.0188522338867188 0.048919677734375
0.0066680908203125 -0.08673095703125 -0.00518798828125 0.0570640563964844
0.0549850463867188 -0.0718536376953125 -0.0232162475585937 0.0565986633300781
0.0839004516601563 -0.0285873413085938 -0.0373878479003906 0.0213890075683594
0.0771408081054688 0.0602035522460938 -0.0318164825439453 -0.0111408233642578
0.0334930419921875 0.0994796752929688 0.0122718811035156 0.00799274444580079
-0.026031494140625 0.0984268188476563 -0.015716552734375 0.08563232421875
-0.0569038391113281 0.0286636352539062 0.0421905517578125 0.13165283203125
-0.0407485961914062 0.0541801452636719 0.0239944458007813 0.12518310546875
-0.00331497192382813 0.0687408447265625 0.0230636596679687 0.0790481567382812
0.04705810546875 0.0415687561035156 0.0316429138183594 0.0570068359375
0.0543212890625 -0.00230026245117187 0.0264930725097656 0.0361213684082031
0.0335617065429688 -0.0480003356933594 0.0256843566894531 0.0315151214599609
0.00484085083007812 -0.05474853515625 0.0266761779785156 0.040252685546875
-2.28881835937534E-05 -0.0528831481933594 0.0275344848632812 0.0511322021484375
-0.00440216064453126 -0.06439208984375 0.02703857421875 0.0708160400390625
0.0106468200683594 -0.0654640197753906 -0.00260925292968749 0.0791702270507813
0.0479888916015625 -0.0504646301269531 -0.0273513793945313 0.0718231201171875
0.0671310424804687 -0.01165771484375 -0.0453033447265625 0.0314178466796875
0.0491981506347656 0.058929443359375 -0.035736083984375 -0.00725936889648437
0.000984191894531242 0.0793991088867188 0.0103225708007813 0.0233860015869141
-0.0482902526855469 0.0578804016113281 -0.0304107666015625 0.1121826171875
0.0500717163085937 0.00110626220703125 0.0360488891601563 -0.124290466308594
0.0257301330566406 -0.0471649169921875 0.000312805175781253 -0.0360183715820313
-0.0194473266601563 -0.0385704040527344 0.0380325317382813 0.0119857788085937
-0.0388603210449219 -0.0050811767578125 0.0710067749023438 -0.0309600830078125
-0.0291538238525391 0.02081298828125 0.0457687377929688 -0.0786895751953125
-0.0106124877929688 0.0354347229003906 -0.00325012207031249 -0.09893798828125
-0.00360488891601562 0.0287284851074219 -0.0372238159179688 -0.08892822265625
-0.00910758972167969 0.0278339385986328 -0.0384635925292969 -0.0646324157714844
-0.0150299072265625 0.0279712677001953 -0.0336952209472656 -0.0538825988769531
-0.0253047943115234 0.0114498138427734 -0.025604248046875 -0.0461921691894531
-0.0265026092529297 -0.0135498046875 -0.0250244140625 -0.0461997985839844
-0.00363349914550781 -0.0331974029541016 -0.02166748046875 -0.0592269897460937
0.0364646911621094 -0.0292739868164062 -0.013275146484375 -0.0812301635742188
0.0597457885742188 0.00031280517578125 -0.0190811157226562 -0.119796752929688
0.05517578125 0.0318412780761719 -0.0216064453125 -0.137825012207031
0.0495948791503906 0.0577354431152344 0.0590438842773438 -0.115806579589844
0.0503387451171875 -0.003387451171875 0.0150394439697266 -0.0319442749023438
0.0213966369628906 -0.0156593322753906 0.0472450256347656 0.0167961120605469
0.000807762145996094 -0.0150995254516602 0.083251953125 -0.0285110473632813
-0.00526285171508789 -0.00614404678344726 0.0578689575195313 -0.0794677734375
-0.00728559494018555 -0.00218772888183594 0.00413513183593751 -0.106353759765625
-0.0127830505371094 -0.00678348541259766 -0.0368118286132813 -0.0948410034179688
-0.0152578353881836 -0.00678730010986328 -0.0394020080566406 -0.0667152404785156
-0.0194950103759766 -0.00970840454101562 -0.0335502624511719 -0.0540657043457031
-0.0153522491455078 -0.0228214263916016 -0.0268058776855469 -0.0464134216308594
0.00314712524414062 -0.0349235534667969 -0.0243377685546875 -0.0402641296386719
0.0322418212890625 -0.0328960418701172 -0.0204696655273438 -0.0517692565917969
0.0628623962402344 0.00502777099609375 -0.0185127258300781 -0.06732177734375
0.0723876953125 0.0475387573242188 -0.0218353271484375 -0.101577758789063
0.0513687133789063 0.0836715698242188 -0.0157241821289063 -0.11773681640625
0.0383529663085938 0.107719421386719 0.0784835815429688 -0.0879364013671875
0.0634841918945313 0.0482025146484375 0.0301094055175781 -0.0134029388427734
0.0603256225585938 0.0184440612792969 0.0560226440429688 0.0302696228027344
0.0475692749023438 -0.0167770385742188 0.0938796997070313 -0.017974853515625
0.0259799957275391 -0.0306205749511719 0.0687980651855469 -0.0697708129882812
0.00103378295898438 -0.040496826171875 0.0147705078125 -0.101547241210938
-0.0181045532226562 -0.0421905517578125 -0.029296875 -0.0899429321289063
-0.0184135437011719 -0.0395240783691406 -0.0358772277832031 -0.0584602355957031
-0.0230255126953125 -0.0458297729492188 -0.0290298461914063 -0.0442008972167969
-0.00856399536132813 -0.0549163818359375 -0.0280075073242188 -0.0361747741699219
0.0255966186523438 -0.0574607849121094 -0.0255584716796875 -0.0260086059570313
0.0605926513671875 -0.0391464233398437 -0.0244331359863281 -0.0396308898925781
0.08587646484375 0.0246353149414063 -0.0260047912597656 -0.0521240234375
0.08551025390625 0.0792160034179688 -0.0212020874023437 -0.0781936645507813
0.04583740234375 0.119186401367188 -0.0141143798828125 -0.0830764770507812
0.017242431640625 0.141830444335938 0.0893478393554687 -0.0422744750976562
0.0602569580078125 0.0963821411132812 0.0415687561035156 0.0172805786132813
0.0875244140625 0.0593032836914063 0.0586318969726563 0.0479507446289063
0.0907211303710938 -0.00756072998046875 0.0969161987304688 0.00162506103515625
0.0585708618164063 -0.0468940734863281 0.0736160278320313 -0.0501174926757813
0.013702392578125 -0.0726470947265625 0.0250701904296875 -0.0840682983398438
-0.0191726684570312 -0.0715484619140625 -0.017913818359375 -0.0725173950195313
-0.0199089050292969 -0.06524658203125 -0.0263099670410156 -0.0418739318847656
-0.0267868041992188 -0.0734100341796875 -0.0200901031494141 -0.0252685546875
-0.00594329833984375 -0.079559326171875 -0.0257854461669922 -0.0166378021240234
0.0403060913085938 -0.0767364501953125 -0.0261268615722656 -0.00765228271484375
0.0797042846679688 -0.0470733642578125 -0.0277462005615234 -0.0233745574951172
0.102630615234375 0.0351791381835938 -0.0304412841796875 -0.0378227233886719
0.0916976928710938 0.0977783203125 -0.0150871276855469 -0.054443359375
0.0376663208007813 0.137985229492187 -0.0104446411132813 -0.0401611328125
-0.009613037109375 0.150833129882813 0.089202880859375 0.0129852294921875
0.0398712158203125 0.127517700195313 0.0458297729492188 0.0553054809570313
0.0916366577148438 0.0959854125976563 0.0549583435058594 0.0668830871582031
0.116508483886719 0.0116653442382812 0.0896148681640625 0.0244293212890625
0.08441162109375 -0.0486679077148438 0.0709686279296875 -0.0222549438476563
0.0277633666992188 -0.0915451049804688 0.0318260192871094 -0.0554313659667969
-0.0160369873046875 -0.0893402099609375 -0.00330352783203125 -0.0458793640136719
-0.0184249877929687 -0.0817413330078125 -0.01275634765625 -0.0186634063720703
-0.0275192260742188 -0.0920181274414062 -0.0075535774230957 -0.00212430953979493
-0.00423431396484375 -0.094635009765625 -0.0195293426513672 0.00709152221679687
0.0495758056640625 -0.0867691040039063 -0.0248165130615234 0.0147571563720703
0.0888137817382813 -0.0506210327148438 -0.0304546356201172 -0.00766944885253906
0.107528686523438 0.0428237915039063 -0.0314044952392578 -0.0261898040771484
0.0856094360351563 0.105606079101563 -0.0035419464111328 -0.0327415466308594
0.0221023559570313 0.139518737792969 -0.00796413421630859 0.00455570220947266
-0.0334701538085938 0.132369995117188 0.0776901245117188 0.0693283081054688
0.00971221923828124 0.129806518554687 0.0414581298828125 0.0913009643554688
0.0704421997070312 0.113876342773437 0.0444869995117188 0.0812835693359375
0.114959716796875 0.0320358276367188 0.0710906982421875 0.0441513061523438
0.0923690795898437 -0.0378799438476563 0.0582771301269531 0.00436019897460937
0.0376739501953125 -0.0916595458984375 0.0335884094238281 -0.0217952728271484
-0.0100860595703125 -0.093048095703125 0.0096588134765625 -0.014653205871582
-0.0140762329101562 -0.0851898193359375 0.00181198120117187 0.0071263313293457
-0.0225753784179687 -0.097259521484375 0.00619316101074219 0.02386474609375
-0.000923156738281255 -0.0977096557617188 -0.0119209289550781 0.0332527160644531
0.054290771484375 -0.0863037109375 -0.0235443115234375 0.0363197326660156
0.0915603637695313 -0.0439682006835938 -0.0336933135986328 0.00743484497070312
0.0978317260742188 0.0525054931640625 -0.0313720703125 -0.0181598663330078
0.065521240234375 0.106941223144531 0.00769901275634766 -0.0125885009765625
4.57763671874951E-05 0.126548767089844 -0.00806045532226563 0.0484695434570313
-0.0504226684570312 0.08807373046875 0.0606002807617188 0.111282348632813
-0.0200042724609375 0.101882934570313 0.0322036743164063 0.117088317871094
0.0341796875 0.104591369628906 0.03216552734375 0.0852279663085938
0.0882797241210938 0.04339599609375 0.0498275756835938 0.055877685546875
0.0810165405273438 -0.02069091796875 0.0417671203613281 0.0260848999023438
0.0391387939453125 -0.0760269165039063 0.0307826995849609 0.00872230529785156
-0.00321197509765624 -0.0808334350585938 0.0205154418945313 0.0159740447998047
-0.00788116455078125 -0.0754470825195313 0.0165958404541016 0.0315532684326172
-0.0157623291015625 -0.087554931640625 0.0186233520507812 0.0492286682128906
0.00428009033203126 -0.0882949829101563 -0.00638198852539062 0.0588455200195312
0.0540618896484375 -0.0741119384765625 -0.0234565734863281 0.0561943054199219
0.084625244140625 -0.0305099487304688 -0.0389366149902344 0.0207405090332031
0.07958984375 0.0597763061523438 -0.0330467224121094 -0.0114154815673828
0.0347442626953125 0.0999755859375 0.012598991394043 0.00676155090332032
-0.0264358520507813 0.100410461425781 -0.0152740478515625 0.08624267578125
-0.0567703247070313 0.0300445556640625 0.04400634765625 0.133773803710938
-0.0402412414550781 0.0545310974121094 0.0235824584960937 0.125968933105469
-0.00160980224609375 0.0704727172851562 0.0228347778320312 0.0816268920898438
0.0481605529785156 0.041778564453125 0.0322456359863281 0.0603981018066406
0.054931640625 -0.0041656494140625 0.0275764465332031 0.0383872985839844
0.0319786071777344 -0.0490913391113281 0.0271873474121094 0.0315093994140625
0.00342941284179687 -0.0558547973632813 0.0271797180175781 0.039764404296875
-0.00120162963867188 -0.0542640686035156 0.0278282165527344 0.0515365600585937
-0.00590133666992187 -0.0661468505859375 0.0280303955078125 0.0712127685546875
0.00973892211914063 -0.0666465759277344 -0.00371551513671874 0.0806350708007813
0.0478057861328125 -0.0523719787597656 -0.0281906127929688 0.0720596313476563
0.0681419372558594 -0.012542724609375 -0.0472755432128906 0.0299301147460937
0.050628662109375 0.0594139099121094 -0.0370254516601562 -0.00756835937499999
0.001220703125 0.0808258056640625 0.0105056762695313 0.0227031707763672
-0.048736572265625 0.0589675903320312 -0.03009033203125 0.113441467285156
0.0506057739257812 0.000537872314453125 0.0333251953125 -0.127388000488281
0.0249977111816406 -0.0498886108398438 -0.00190353393554687 -0.0360908508300781
-0.0207710266113281 -0.0393409729003906 0.0402793884277344 0.0125656127929687
-0.0402679443359375 -0.00320053100585938 0.0730972290039063 -0.0318603515625
-0.0288600921630859 0.0226249694824219 0.0467681884765625 -0.0814971923828125
-0.00910568237304687 0.0367469787597656 -0.00474548339843751 -0.100883483886719
-0.00310134887695312 0.0297927856445313 -0.0402145385742187 -0.09033203125
-0.00742149353027344 0.0290660858154297 -0.0409088134765625 -0.0652351379394531
-0.0139789581298828 0.0302257537841797 -0.0357017517089844 -0.0546150207519531
-0.0253639221191406 0.0130939483642578 -0.0273361206054687 -0.0470695495605469
-0.0272102355957031 -0.0124435424804688 -0.0269355773925781 -0.0468902587890625
-0.00429344177246094 -0.0336246490478516 -0.0232276916503906 -0.0618553161621094
0.0359268188476563 -0.0309791564941406 -0.0134124755859375 -0.0840682983398438
0.0608062744140625 -0.00104141235351563 -0.0207901000976563 -0.123558044433594
0.057769775390625 0.0312767028808594 -0.0247039794921875 -0.141952514648438
0.0522956848144531 0.0586090087890625 0.05804443359375 -0.121353149414063
0.0506172180175781 -0.00535964965820313 0.0136127471923828 -0.0322246551513672
0.0213680267333984 -0.0174179077148438 0.0494918823242188 0.0186729431152344
0.00091838836669922 -0.0147304534912109 0.086578369140625 -0.0298385620117187
-0.00478839874267578 -0.00597572326660156 0.058563232421875 -0.0823898315429688
-0.00749826431274414 -0.00261926651000977 0.00184631347656251 -0.108833312988281
-0.0127296447753906 -0.00721454620361328 -0.0390396118164062 -0.0962982177734375
-0.0150470733642578 -0.00608158111572266 -0.0418281555175781 -0.0668258666992188
-0.0190868377685547 -0.00888442993164062 -0.0359916687011719 -0.0546875
-0.0157814025878906 -0.0230236053466797 -0.0295333862304687 -0.0469589233398438
0.00200653076171875 -0.0353317260742188 -0.0266990661621094 -0.0412750244140625
0.0328083038330078 -0.0337886810302734 -0.0225868225097656 -0.0545005798339844
0.0637130737304688 0.00421142578125 -0.0194473266601562 -0.070343017578125
0.0754928588867188 0.0465469360351563 -0.0230255126953125 -0.106010437011719
0.0545120239257813 0.0845794677734375 -0.018829345703125 -0.121604919433594
0.0416259765625 0.110336303710938 0.07818603515625 -0.0925674438476563
0.0651283264160156 0.0476608276367188 0.0290184020996094 -0.0141277313232422
0.0630340576171875 0.0176200866699219 0.0569801330566406 0.0319137573242188
0.0485191345214844 -0.0183296203613281 0.0963821411132812 -0.0189590454101562
0.0260295867919922 -0.0322761535644531 0.070648193359375 -0.0730361938476563
-0.000156402587890626 -0.0415229797363281 0.0128097534179688 -0.104766845703125
-0.020050048828125 -0.0431060791015625 -0.0321197509765625 -0.0906524658203125
-0.0198707580566406 -0.039825439453125 -0.0378913879394531 -0.058441162109375
-0.0244178771972656 -0.0460433959960938 -0.0319366455078125 -0.0443954467773438
-0.0102348327636719 -0.0552864074707031 -0.0308914184570313 -0.0356369018554688
0.0247535705566406 -0.0589866638183594 -0.0283889770507812 -0.0273914337158203
0.0611381530761719 -0.0410537719726563 -0.0264892578125 -0.0417442321777344
0.0889205932617188 0.0238876342773438 -0.0265045166015625 -0.0541725158691406
0.089202880859375 0.0795364379882812 -0.0225753784179687 -0.0817413330078125
0.0495452880859375 0.122016906738281 -0.0159988403320313 -0.0863189697265625
0.0190887451171875 0.145263671875 0.0898895263671875 -0.0460433959960937
0.0624313354492188 0.0974655151367188 0.0405311584472656 0.0169601440429688
0.0915756225585938 0.0593795776367188 0.0603523254394531 0.0505943298339844
0.0925521850585938 -0.00914764404296875 0.09967041015625 0.000404357910156249
0.0588798522949219 -0.0491981506347656 0.07586669921875 -0.0516357421875
0.0119705200195313 -0.0751953125 0.0244674682617188 -0.0865631103515625
-0.0221710205078125 -0.0732040405273438 -0.019775390625 -0.074005126953125
-0.0222396850585938 -0.0664596557617188 -0.0284996032714844 -0.0417137145996094
-0.029632568359375 -0.0750885009765625 -0.0223560333251953 -0.0257759094238281
-0.0081329345703125 -0.080902099609375 -0.0287380218505859 -0.015777587890625
0.0394363403320312 -0.079437255859375 -0.0274982452392578 -0.00757598876953126
0.0801239013671875 -0.0506515502929687 -0.0305957794189453 -0.0251560211181641
0.106536865234375 0.0341644287109375 -0.0322341918945313 -0.0396995544433594
0.0967864990234375 0.097381591796875 -0.0153656005859375 -0.0574722290039062
0.0411376953125 0.141677856445313 -0.0119400024414062 -0.043548583984375
-0.00668334960937502 0.155746459960938 0.090545654296875 0.0113372802734375
0.0430755615234375 0.129737854003906 0.0468063354492188 0.0551490783691406
0.0965042114257813 0.0981826782226563 0.0563735961914063 0.0697021484375
0.119255065917969 0.0089569091796875 0.0927352905273438 0.0244140625
0.084808349609375 -0.05169677734375 0.0736312866210938 -0.023040771484375
0.0252227783203125 -0.09429931640625 0.0323600769042969 -0.0578880310058594
-0.0195388793945312 -0.0916671752929688 -0.00468826293945313 -0.0474205017089844
-0.0211181640625 -0.082763671875 -0.0149860382080078 -0.0185928344726563
-0.0311355590820313 -0.0943145751953125 -0.00900554656982422 -0.00166511535644532
-0.00671386718749999 -0.0966415405273438 -0.0215263366699219 0.00867462158203124
0.0471725463867187 -0.0914154052734375 -0.0264911651611328 0.0155467987060547
0.0901947021484375 -0.0536422729492188 -0.0336837768554687 -0.0074920654296875
0.111427307128906 0.042205810546875 -0.0332393646240234 -0.0275764465332031
0.09039306640625 0.105850219726563 -0.0045795440673828 -0.0344581604003906
0.0254058837890625 0.143814086914063 -0.00816917419433594 0.00341463088989259
-0.0318679809570312 0.137336730957031 0.0806350708007813 0.0681381225585938
0.013214111328125 0.132575988769531 0.0435867309570313 0.09344482421875
0.0750503540039063 0.11614990234375 0.0459213256835938 0.0842208862304688
0.118598937988281 0.0301284790039062 0.0733413696289063 0.0458221435546875
0.0947189331054688 -0.0415802001953125 0.0601577758789063 0.00540542602539062
0.03411865234375 -0.0954666137695313 0.0339279174804687 -0.0231056213378906
-0.0134811401367187 -0.0951156616210937 0.00945281982421875 -0.0150613784790039
-0.0172576904296875 -0.0865020751953125 0.000982284545898437 0.00739002227783203
-0.0280838012695312 -0.0988540649414063 0.00595283508300781 0.0252246856689453
-0.0033416748046875 -0.100181579589844 -0.013336181640625 0.0356521606445313
0.0530548095703125 -0.0905075073242188 -0.0240859985351563 0.0374221801757812
0.09185791015625 -0.0480499267578125 -0.0363006591796875 0.00733566284179688
0.103057861328125 0.0510711669921875 -0.0332717895507812 -0.0189857482910156
0.0694122314453125 0.108261108398438 0.0083456039428711 -0.0151948928833008
0.00280761718749999 0.131820678710938 -0.00746536254882813 0.0492362976074219
-0.0495223999023437 0.0925750732421875 0.0649871826171875 0.113265991210938
-0.0185699462890625 0.105171203613281 0.0337295532226562 0.120025634765625
0.0382766723632813 0.10675048828125 0.0326461791992188 0.08843994140625
0.0919952392578125 0.0419464111328125 0.0521125793457031 0.058502197265625
0.0828933715820313 -0.0241851806640625 0.0439262390136719 0.0270652770996094
0.0369186401367188 -0.0792999267578125 0.0318355560302734 0.00820541381835937
-0.0064849853515625 -0.0834121704101563 0.0210170745849609 0.0163135528564453
-0.0111465454101563 -0.0771026611328125 0.0168819427490234 0.0325260162353516
-0.019866943359375 -0.08941650390625 0.019561767578125 0.05035400390625
0.0013275146484375 -0.0904388427734375 -0.00642776489257812 0.0609016418457031
0.0532302856445312 -0.0789260864257812 -0.0232696533203125 0.0577392578125
0.0863189697265625 -0.0340652465820313 -0.0409088134765625 0.0219688415527344
0.0835494995117188 0.0595169067382813 -0.0355644226074219 -0.0128974914550781
0.0390090942382813 0.1021728515625 0.0132360458374023 0.0053243637084961
-0.0251312255859375 0.104774475097656 -0.0142974853515625 0.0880813598632812
-0.0582237243652344 0.0321884155273438 0.0473785400390625 0.136795043945313
-0.0402755737304688 0.0577011108398437 0.0251998901367188 0.129829406738281
-0.000663757324218757 0.0726776123046875 0.0239028930664062 0.0849609375
0.0511589050292969 0.0407600402832031 0.0342254638671875 0.061248779296875
0.0559043884277344 -0.00659942626953125 0.0295219421386719 0.039337158203125
0.0305061340332031 -0.0504646301269531 0.0277576446533203 0.0319442749023438
0.00128936767578125 -0.0568771362304688 0.0291900634765625 0.04156494140625
-0.00300216674804688 -0.0559463500976563 0.0294723510742188 0.0534858703613281
-0.00901412963867188 -0.0676307678222656 0.0293426513671875 0.07281494140625
0.00664138793945313 -0.0677719116210938 -0.00247192382812501 0.0830612182617188
0.0470924377441406 -0.0562324523925781 -0.0278549194335937 0.0743637084960938
0.0696945190429688 -0.0162086486816406 -0.0491600036621094 0.0312614440917969
0.0537757873535156 0.0584297180175781 -0.0388565063476563 -0.00764083862304687
0.00407409667968749 0.0821456909179688 0.0115394592285156 0.0216732025146484
-0.0484962463378906 0.0627670288085938 -0.0276107788085938 0.116851806640625
0.0513496398925781 -0.00066375732421875 0.0281829833984375 -0.132255554199219
0.0218544006347656 -0.0510940551757812 -0.00424575805664062 -0.035736083984375
-0.0235252380371094 -0.0396652221679688 0.0427703857421875 0.0132675170898437
-0.0405616760253906 -0.00126266479492188 0.07421875 -0.03533935546875
-0.0279483795166016 0.0246200561523437 0.0443267822265625 -0.0853271484375
-0.00735855102539063 0.0379714965820313 -0.00834655761718751 -0.102981567382813
-0.00125312805175781 0.0303173065185547 -0.0441818237304688 -0.0906524658203125
-0.00510215759277344 0.0296783447265625 -0.0434761047363281 -0.0651206970214844
-0.0112361907958984 0.0316963195800781 -0.0399818420410156 -0.05303955078125
-0.0248222351074219 0.0147914886474609 -0.0302543640136719 -0.0470352172851562
-0.0280685424804687 -0.00998306274414062 -0.0307731628417969 -0.0479583740234375
-0.00647163391113281 -0.0333271026611328 -0.0264320373535156 -0.0637588500976563
0.0349483489990234 -0.0327529907226563 -0.015350341796875 -0.0871734619140625
0.0618400573730469 -0.00385284423828125 -0.0248947143554688 -0.126243591308594
0.0602455139160156 0.0291786193847656 -0.0313568115234375 -0.14483642578125
0.0547142028808594 0.0585746765136719 0.0529251098632813 -0.1268310546875
0.0503692626953125 -0.00757598876953125 0.0108776092529297 -0.0335292816162109
0.0211639404296875 -0.0185585021972656 0.0518455505371094 0.0193710327148438
0.000195503234863283 -0.0147609710693359 0.0871429443359375 -0.033416748046875
-0.00536823272705078 -0.00568675994873047 0.0572509765625 -0.0866470336914062
-0.00776529312133789 -0.00203227996826172 -0.00164031982421876 -0.111099243164063
-0.0135793685913086 -0.00694656372070313 -0.0443267822265625 -0.096221923828125
-0.0144567489624023 -0.00543403625488281 -0.0461616516113281 -0.066162109375
-0.0194377899169922 -0.00799179077148437 -0.0400962829589844 -0.053619384765625
-0.0171833038330078 -0.0220565795898438 -0.0327415466308594 -0.0465774536132813
0.000762939453125 -0.0353126525878906 -0.0299606323242188 -0.0421943664550781
0.0319938659667969 -0.0348567962646484 -0.0263748168945312 -0.0561637878417969
0.0646400451660156 0.00163650512695313 -0.0203475952148437 -0.0729751586914063
0.0783233642578125 0.044891357421875 -0.0264358520507812 -0.108543395996094
0.0590362548828125 0.0839309692382813 -0.024688720703125 -0.124771118164063
0.0461883544921875 0.111991882324219 0.0751495361328125 -0.0983963012695313
0.0669593811035156 0.0452957153320312 0.0276699066162109 -0.0154075622558594
0.0653266906738281 0.0157661437988281 0.0601997375488281 0.0324211120605469
0.0483322143554688 -0.0204544067382813 0.0984573364257813 -0.022216796875
0.0251750946044922 -0.0338058471679688 0.0692901611328125 -0.0768661499023438
-0.00239944458007812 -0.0422477722167969 0.00942230224609376 -0.106857299804687
-0.0223579406738281 -0.0430030822753906 -0.0367507934570312 -0.0916061401367188
-0.0216255187988281 -0.0394363403320313 -0.0420074462890625 -0.05706787109375
-0.0278701782226562 -0.0451278686523438 -0.0349884033203125 -0.0431175231933594
-0.0131607055664063 -0.0551185607910156 -0.0334987640380859 -0.0349159240722656
0.0222244262695312 -0.0612297058105469 -0.0316371917724609 -0.0273380279541016
0.0607795715332031 -0.0438232421875 -0.0302963256835938 -0.0429153442382813
0.0914535522460938 0.0216217041015625 -0.0286598205566406 -0.0563545227050781
0.0943756103515625 0.0771026611328125 -0.0257034301757813 -0.0845794677734375
0.0558013916015625 0.12322998046875 -0.0209197998046875 -0.0886993408203125
0.025238037109375 0.14898681640625 0.0892410278320313 -0.0513153076171875
0.0675125122070313 0.0963897705078125 0.0403289794921875 0.0154647827148438
0.0966796875 0.0578231811523438 0.0635986328125 0.0514945983886719
0.0939559936523438 -0.0144729614257813 0.102447509765625 -0.00243377685546875
0.0579566955566406 -0.0528640747070312 0.0763320922851562 -0.055267333984375
0.008270263671875 -0.0762481689453125 0.0214309692382812 -0.0898818969726563
-0.0259780883789062 -0.0736618041992187 -0.0236434936523438 -0.0745162963867187
-0.0254783630371094 -0.0665130615234375 -0.031585693359375 -0.0397491455078125
-0.0344924926757813 -0.07476806640625 -0.0253219604492188 -0.0247097015380859
-0.0126800537109375 -0.0819854736328125 -0.0302314758300781 -0.0141162872314453
0.0352935791015625 -0.08294677734375 -0.0309219360351563 -0.00696945190429688
0.07904052734375 -0.0548477172851563 -0.0345916748046875 -0.0253238677978516
0.110343933105469 0.0307998657226563 -0.0337905883789062 -0.0412445068359375
0.102325439453125 0.095489501953125 -0.0181655883789062 -0.0605049133300781
0.0476531982421875 0.14361572265625 -0.014862060546875 -0.0445823669433594
-0.00103759765624999 0.159912109375 0.09222412109375 0.00673675537109376
0.0484619140625 0.130218505859375 0.0475196838378906 0.0542640686035156
0.102943420410156 0.0967559814453125 0.0597686767578125 0.07110595703125
0.12158203125 0.00391387939453125 0.0954360961914063 0.022796630859375
0.0842437744140625 -0.0567703247070312 0.0748672485351563 -0.0260543823242188
0.0208969116210937 -0.096923828125 0.0306625366210937 -0.0603065490722656
-0.0247955322265625 -0.0924072265625 -0.00753402709960937 -0.0476646423339844
-0.0260467529296875 -0.0835342407226563 -0.0171222686767578 -0.0163373947143555
-0.037109375 -0.0943450927734375 -0.0107460021972656 -0.000872611999511726
-0.0124588012695313 -0.0978240966796875 -0.0232582092285156 0.0109233856201172
0.0431137084960938 -0.0957489013671875 -0.0272312164306641 0.0163307189941406
0.0889358520507812 -0.0598297119140625 -0.0364227294921875 -0.0076751708984375
0.11541748046875 0.0383682250976563 -0.0352668762207031 -0.0283622741699219
0.0967025756835938 0.104171752929688 -0.00527572631835937 -0.03704833984375
0.0318450927734375 0.146896362304687 -0.00872421264648437 0.0029287338256836
-0.0273590087890625 0.141448974609375 0.0837860107421875 0.0654373168945313
0.0179519653320312 0.134178161621094 0.0458755493164063 0.093597412109375
0.0817642211914063 0.116279602050781 0.0487518310546875 0.0858535766601563
0.121307373046875 0.0254287719726562 0.077728271484375 0.0447235107421875
0.0940628051757813 -0.0465850830078125 0.0624046325683594 0.00342559814453125
0.0304641723632813 -0.0987091064453125 0.0338077545166016 -0.0256423950195313
-0.01934814453125 -0.0967559814453125 0.00766849517822265 -0.0159740447998047
-0.0220108032226563 -0.0879135131835938 0.000743865966796874 0.00916957855224609
-0.0344009399414062 -0.099639892578125 0.00632286071777343 0.0255069732666016
-0.00923919677734375 -0.101631164550781 -0.0127410888671875 0.0380630493164062
0.0481414794921875 -0.09564208984375 -0.0231246948242187 0.0393180847167969
0.092010498046875 -0.0540542602539063 -0.0379257202148438 0.00908660888671875
0.107536315917969 0.0479354858398438 -0.03546142578125 -0.0195579528808594
0.075897216796875 0.107147216796875 0.00720405578613282 -0.0161638259887695
0.00734710693359374 0.135108947753906 -0.00545120239257812 0.048980712890625
-0.0475234985351562 0.0963134765625 0.0699234008789063 0.112434387207031
-0.0152587890625 0.108261108398438 0.0377044677734375 0.120841979980469
0.0440292358398438 0.108108520507813 0.0359954833984375 0.0903701782226563
0.0957260131835938 0.0379867553710938 0.0551681518554688 0.0592727661132813
0.083404541015625 -0.0286178588867187 0.0463829040527344 0.0275650024414062
0.0327682495117188 -0.0822525024414063 0.0329608917236328 0.00684356689453124
-0.0109786987304687 -0.083770751953125 0.0217723846435547 0.0157375335693359
-0.015533447265625 -0.0779190063476563 0.0176124572753906 0.0337352752685547
-0.0261459350585937 -0.0910186767578125 0.0214462280273438 0.0510482788085937
-0.0035247802734375 -0.0924148559570313 -0.00490570068359374 0.0633049011230469
0.0497055053710938 -0.0836334228515625 -0.0227584838867187 0.060577392578125
0.0860443115234375 -0.0395050048828125 -0.0429229736328125 0.0229339599609375
0.087890625 0.0563812255859375 -0.0364265441894531 -0.0119056701660156
0.0441513061523438 0.102767944335938 0.0136451721191406 0.00394535064697266
-0.0209197998046875 0.108306884765625 -0.0104904174804688 0.089691162109375
-0.0575790405273437 0.0354461669921875 0.0536651611328125 0.136970520019531
-0.0386886596679688 0.0603561401367187 0.0296630859375 0.1319580078125
0.0038299560546875 0.0752182006835938 0.0259246826171875 0.08685302734375
0.0538787841796875 0.0383644104003906 0.0374412536621094 0.0634078979492188
0.0564994812011719 -0.00909805297851563 0.0321502685546875 0.039947509765625
0.0276718139648438 -0.052947998046875 0.0302677154541016 0.031036376953125
-0.00167465209960937 -0.0580101013183594 0.03155517578125 0.0405120849609375
-0.00660324096679688 -0.0556297302246094 0.0315017700195313 0.0529518127441406
-0.0137939453125 -0.0688362121582031 0.0328445434570313 0.0732192993164063
0.00289154052734375 -0.0696525573730469 0.000938415527343751 0.0855712890625
0.0444908142089844 -0.060455322265625 -0.0255966186523438 0.0768966674804688
0.0704193115234375 -0.0203170776367188 -0.0499038696289062 0.0339393615722656
0.058074951171875 0.0579566955566406 -0.0409088134765625 -0.00758743286132812
0.0078277587890625 0.0838470458984375 0.0129299163818359 0.0215778350830078
-0.047637939453125 0.0658187866210938 -0.0232620239257812 0.119209289550781
0.0514297485351563 -0.00217437744140625 0.0213623046875 -0.13311767578125
0.018707275390625 -0.0518798828125 -0.00679397583007812 -0.0352630615234375
-0.0256690979003906 -0.0383720397949219 0.044342041015625 0.0124168395996094
-0.04046630859375 0.00157546997070313 0.0735244750976563 -0.0384521484375
-0.0257205963134766 0.0260334014892578 0.0403823852539062 -0.0870437622070312
-0.00432968139648437 0.03802490234375 -0.0120468139648438 -0.102493286132813
0.000185012817382811 0.0297870635986328 -0.0485687255859375 -0.088531494140625
-0.00271034240722656 0.0301494598388672 -0.0466117858886719 -0.0629463195800781
-0.00813865661621094 0.0323371887207031 -0.0421371459960937 -0.0509071350097656
-0.0233116149902344 0.0164127349853516 -0.0327720642089844 -0.0458450317382812
-0.0282649993896484 -0.00819587707519532 -0.0337409973144531 -0.0466461181640625
-0.00812721252441406 -0.0327663421630859 -0.0293693542480469 -0.0635108947753906
0.0330257415771484 -0.0340747833251953 -0.0178680419921875 -0.0886993408203125
0.0607528686523438 -0.00743865966796875 -0.0297775268554687 -0.125823974609375
0.0613517761230469 0.0260543823242188 -0.0372161865234375 -0.144317626953125
0.0577125549316406 0.0570755004882813 0.0458984375 -0.129104614257813
0.0485649108886719 -0.0103683471679688 0.00801277160644531 -0.0331974029541016
0.0205783843994141 -0.0194625854492188 0.0535392761230469 0.0183029174804688
-0.000159263610839844 -0.0141258239746094 0.0867233276367187 -0.0361404418945312
-0.00523614883422852 -0.0050959587097168 0.054290771484375 -0.0891571044921875
-0.00777244567871094 -0.0014185905456543 -0.00652313232421875 -0.110572814941406
-0.0141668319702148 -0.00608158111572266 -0.0487518310546875 -0.0938949584960938
-0.0140953063964844 -0.00446414947509766 -0.0488548278808594 -0.0631561279296875
-0.0194263458251953 -0.006500244140625 -0.0430259704589844 -0.051361083984375
-0.0173530578613281 -0.0203342437744141 -0.0356864929199219 -0.0444221496582031
-0.00073814392089844 -0.0347919464111328 -0.0333480834960938 -0.0409889221191406
0.0301589965820313 -0.0361251831054687 -0.0298118591308594 -0.0565185546875
0.0644302368164063 -0.000926971435546875 -0.0227432250976563 -0.0741348266601563
0.0800704956054688 0.0409088134765625 -0.0307388305664062 -0.108329772949219
0.0632247924804688 0.0813446044921875 -0.0307388305664062 -0.12451171875
0.0503463745117187 0.110481262207031 0.0692672729492188 -0.1025390625
0.0673561096191406 0.0424957275390625 0.0253334045410156 -0.0168075561523437
0.0662460327148438 0.0131645202636719 0.0616989135742188 0.0317726135253906
0.0478248596191406 -0.0227508544921875 0.0979461669921875 -0.02569580078125
0.0231800079345703 -0.0351390838623047 0.0670166015625 -0.079559326171875
-0.00468826293945312 -0.0425224304199219 0.00495147705078124 -0.107620239257813
-0.0251426696777344 -0.0422286987304688 -0.0412139892578125 -0.0889892578125
-0.0228462219238281 -0.0380439758300781 -0.0443687438964844 -0.053985595703125
-0.0300331115722656 -0.0433692932128906 -0.0383872985839844 -0.0410919189453125
-0.0158538818359375 -0.0542373657226563 -0.0362739562988281 -0.0325889587402344
0.0184211730957031 -0.0611648559570313 -0.0343799591064453 -0.026580810546875
0.0582962036132813 -0.0464630126953125 -0.0334739685058594 -0.0425567626953125
0.0925750732421875 0.0178756713867188 -0.0301589965820312 -0.0579109191894531
0.0974807739257813 0.0727767944335938 -0.02899169921875 -0.0848770141601562
0.0611343383789063 0.121109008789063 -0.0252761840820313 -0.0887985229492187
0.0311431884765625 0.148025512695313 0.0855712890625 -0.0565032958984375
0.0698623657226563 0.0927047729492188 0.0399742126464844 0.0135040283203125
0.09979248046875 0.0538787841796875 0.0662117004394531 0.0505027770996094
0.093048095703125 -0.0181961059570313 0.102607727050781 -0.00542449951171875
0.0549201965332031 -0.055084228515625 0.0748214721679688 -0.0578384399414063
0.00396728515624999 -0.0764694213867188 0.0176239013671875 -0.0906295776367188
-0.0302047729492187 -0.0723114013671875 -0.0274887084960938 -0.0729217529296875
-0.0285568237304688 -0.065216064453125 -0.0334510803222656 -0.036956787109375
-0.0380783081054688 -0.0730667114257813 -0.0272846221923828 -0.0226821899414063
-0.0169143676757812 -0.0805740356445312 -0.0323085784912109 -0.0123729705810547
0.0304718017578125 -0.0840682983398438 -0.0325660705566406 -0.00549697875976563
0.0762786865234375 -0.0586700439453125 -0.0368385314941406 -0.0252532958984375
0.111473083496094 0.0258255004882812 -0.0349578857421875 -0.0418624877929688
0.106437683105469 0.0901565551757813 -0.0201873779296875 -0.0613441467285156
0.054168701171875 0.14251708984375 -0.0174407958984375 -0.0448570251464844
0.006103515625 0.160003662109375 0.09136962890625 0.00167846679687501
0.053192138671875 0.128257751464844 0.0481491088867187 0.0520668029785156
0.107925415039063 0.092742919921875 0.0622787475585938 0.0710678100585938
0.121429443359375 -0.00176239013671875 0.0965728759765625 0.01959228515625
0.0810394287109375 -0.0604782104492188 0.0744247436523437 -0.0287857055664062
0.015533447265625 -0.0971908569335938 0.028045654296875 -0.062591552734375
-0.0295639038085938 -0.0914230346679688 -0.010528564453125 -0.0469779968261719
-0.0299530029296875 -0.0823135375976562 -0.0184097290039063 -0.0144271850585938
-0.0430679321289063 -0.0915679931640625 -0.0118474960327148 0.000482559204101559
-0.0178680419921875 -0.0969619750976562 -0.0236110687255859 0.0131645202636719
0.0374526977539063 -0.0976028442382812 -0.0283699035644531 0.0175437927246094
0.0854644775390625 -0.0641860961914063 -0.0388870239257812 -0.0071563720703125
0.117988586425781 0.032928466796875 -0.0365142822265625 -0.0283012390136719
0.101615905761719 0.0996780395507813 -0.00788116455078124 -0.0383567810058594
0.038116455078125 0.146438598632813 -0.00938987731933594 0.00275135040283204
-0.021331787109375 0.143646240234375 0.085906982421875 0.0609664916992188
0.0223312377929688 0.133895874023438 0.0474090576171875 0.0907363891601563
0.0884475708007813 0.113693237304688 0.0518798828125 0.0856857299804688
0.122871398925781 0.0189208984375 0.0793838500976563 0.0431137084960938
0.0915374755859375 -0.0507659912109375 0.0638236999511719 0.00184249877929687
0.0244827270507812 -0.0994110107421875 0.0331172943115234 -0.0274848937988281
-0.0237579345703125 -0.0951156616210938 0.00700855255126953 -0.0157203674316406
-0.0265960693359375 -0.0860443115234375 -0.000116348266601564 0.00994873046874999
-0.040985107421875 -0.0975494384765625 0.00624656677246093 0.0255527496337891
-0.0160675048828125 -0.101158142089844 -0.0114860534667969 0.0391006469726562
0.0423507690429688 -0.0982818603515625 -0.0232620239257813 0.0397148132324219
0.088165283203125 -0.0585250854492188 -0.0395774841308594 0.010101318359375
0.110298156738281 0.043121337890625 -0.0371360778808594 -0.0193939208984375
0.0807342529296875 0.10357666015625 0.00570869445800782 -0.0181713104248047
0.0134658813476563 0.135543823242188 -0.00394058227539063 0.0483016967773438
-0.0427932739257812 0.0990676879882813 0.0741806030273437 0.108329772949219
-0.010833740234375 0.1083984375 0.041748046875 0.119422912597656
0.0497894287109375 0.106513977050781 0.0389328002929688 0.0909957885742188
0.0973358154296875 0.0328750610351562 0.0575637817382813 0.0578536987304688
0.0815277099609375 -0.03277587890625 0.0489921569824219 0.0259552001953125
0.028228759765625 -0.0836029052734375 0.0337009429931641 0.00552749633789062
-0.0158309936523437 -0.0838623046875 0.0221424102783203 0.0148048400878906
-0.019805908203125 -0.0767288208007813 0.0184459686279297 0.0336704254150391
-0.032562255859375 -0.0892105102539063 0.0233650207519531 0.0499229431152344
-0.00962066650390626 -0.0917510986328125 -0.0019683837890625 0.0641441345214844
0.043853759765625 -0.08648681640625 -0.02093505859375 0.0608863830566406
0.0835342407226563 -0.0447769165039063 -0.0430984497070312 0.0246810913085937
0.091033935546875 0.0526123046875 -0.038238525390625 -0.0112648010253906
0.04876708984375 0.09954833984375 0.0142250061035156 0.00177955627441407
-0.0164794921875 0.109725952148438 -0.00669860839843749 0.0896377563476563
-0.0556907653808594 0.0377616882324219 0.0591049194335938 0.134834289550781
-0.0362777709960938 0.0625038146972656 0.0338058471679687 0.131210327148437
0.00746917724609375 0.0760421752929688 0.028656005859375 0.0868377685546875
0.0554847717285156 0.0353507995605469 0.0401649475097656 0.0635604858398438
0.0554580688476563 -0.0122718811035156 0.0346336364746094 0.0395965576171875
0.0245742797851563 -0.0542831420898438 0.0312957763671875 0.0296726226806641
-0.00519180297851563 -0.0582847595214844 0.0328140258789063 0.0395622253417969
-0.00975036621093751 -0.0556068420410156 0.0331916809082031 0.0524940490722656
-0.019012451171875 -0.0674705505371094 0.0355072021484375 0.07135009765625
-0.00133514404296875 -0.0692176818847656 0.00482177734375001 0.085418701171875
0.0405311584472656 -0.063232421875 -0.0227508544921875 0.0778350830078125
0.0688323974609375 -0.0240516662597656 -0.049163818359375 0.0358390808105469
0.0611686706542969 0.05474853515625 -0.0418281555175781 -0.00619888305664061
0.0123443603515625 0.0830307006835938 0.0139789581298828 0.0194301605224609
-0.04461669921875 0.0684242248535156 -0.0181427001953125 0.119667053222656
0.0511817932128906 -0.003143310546875 0.01629638671875 -0.132354736328125
0.0155792236328125 -0.0521507263183594 -0.00845909118652344 -0.033721923828125
-0.0266876220703125 -0.0371627807617188 0.04473876953125 0.0121688842773437
-0.0386810302734375 0.00291442871093751 0.0726852416992187 -0.0389785766601562
-0.0243263244628906 0.0265598297119141 0.0384750366210937 -0.0868453979492188
-0.00268173217773438 0.0372161865234375 -0.014373779296875 -0.100776672363281
0.00153350830078125 0.0299091339111328 -0.0501632690429688 -0.0858688354492188
-0.00142478942871094 0.0289440155029297 -0.04791259765625 -0.0608367919921875
-0.00607681274414063 0.0313282012939453 -0.0432586669921875 -0.0486984252929688
-0.0210723876953125 0.0177497863769531 -0.0338172912597656 -0.0442047119140625
-0.0275974273681641 -0.00640106201171875 -0.0351753234863281 -0.0448036193847656
-0.00914192199707031 -0.0316581726074219 -0.0310745239257812 -0.0635757446289063
0.0311317443847656 -0.0342235565185547 -0.0185775756835937 -0.0888290405273438
0.0591392517089844 -0.00954437255859375 -0.0319595336914062 -0.124015808105469
0.0619010925292969 0.0232162475585938 -0.04071044921875 -0.141448974609375
0.0591163635253906 0.0549507141113281 0.0407791137695313 -0.129081726074219
0.04632568359375 -0.0113410949707031 0.0062255859375 -0.0327072143554687
0.0194587707519531 -0.02020263671875 0.0541191101074219 0.0182647705078125
-0.000311851501464844 -0.0141592025756836 0.08489990234375 -0.0378036499023438
-0.00502109527587891 -0.00454425811767578 0.0513458251953125 -0.0891799926757813
-0.00757122039794922 -0.00100326538085937 -0.00849914550781249 -0.109298706054688
-0.0138931274414063 -0.00538825988769531 -0.050567626953125 -0.0912094116210938
-0.0132837295532227 -0.00443935394287109 -0.0495719909667969 -0.0605354309082031
-0.0184268951416016 -0.00574493408203125 -0.0443496704101563 -0.048583984375
-0.0173835754394531 -0.0186004638671875 -0.0370941162109375 -0.0428276062011719
-0.00135040283203125 -0.0329799652099609 -0.0348854064941406 -0.0397377014160156
0.0288925170898437 -0.0357780456542969 -0.0312461853027344 -0.0563621520996094
0.0630683898925781 -0.0020294189453125 -0.0233840942382812 -0.0748062133789063
0.07965087890625 0.037628173828125 -0.0322418212890625 -0.10662841796875
0.063812255859375 0.0788040161132813 -0.0336380004882812 -0.122589111328125
0.0528640747070312 0.108283996582031 0.0638580322265625 -0.103713989257813
0.0664710998535156 0.0390701293945313 0.0226192474365234 -0.0171909332275391
0.0655670166015625 0.0104866027832031 0.0625648498535156 0.0312767028808594
0.0457725524902344 -0.0235099792480469 0.096435546875 -0.0269012451171875
0.0222759246826172 -0.0343151092529297 0.064727783203125 -0.0797119140625
-0.006011962890625 -0.0413856506347656 0.00245666503906249 -0.106391906738281
-0.0256919860839844 -0.0407180786132812 -0.0431442260742188 -0.0865631103515625
-0.0233650207519531 -0.0368499755859375 -0.0450515747070313 -0.0510177612304687
-0.0306167602539063 -0.0418777465820312 -0.0393257141113281 -0.038238525390625
-0.0171737670898438 -0.0521202087402344 -0.0373573303222656 -0.0302696228027344
0.0166893005371094 -0.0607261657714844 -0.0363388061523437 -0.025299072265625
0.0567131042480469 -0.0470733642578125 -0.0351104736328125 -0.0425796508789063
0.091522216796875 0.0154342651367187 -0.0302505493164062 -0.0579681396484375
0.0974502563476563 0.06903076171875 -0.03021240234375 -0.0847396850585938
0.06329345703125 0.117965698242188 -0.0273590087890625 -0.0875244140625
0.0350189208984375 0.145828247070313 0.0809860229492188 -0.0587310791015625
0.0699996948242188 0.0894775390625 0.0376091003417969 0.0122489929199219
0.100257873535156 0.0504379272460938 0.0663375854492188 0.0499229431152344
0.091094970703125 -0.0210800170898438 0.101936340332031 -0.00643157958984375
0.0533370971679688 -0.0553741455078125 0.073699951171875 -0.0588912963867188
0.000793457031250005 -0.0751190185546875 0.0151901245117188 -0.0902023315429687
-0.0322494506835937 -0.070770263671875 -0.0294113159179688 -0.0705947875976563
-0.0297279357910156 -0.0631561279296875 -0.034576416015625 -0.0337333679199219
-0.0408706665039063 -0.0699348449707031 -0.0283699035644531 -0.0212440490722656
-0.0197372436523438 -0.0781097412109375 -0.0332546234130859 -0.0105342864990234
0.0272216796875 -0.0843658447265625 -0.0338649749755859 -0.00497055053710938
0.0730361938476563 -0.0596466064453125 -0.0386886596679687 -0.0247535705566406
0.111312866210937 0.0230789184570313 -0.0357208251953125 -0.0420722961425781
0.107269287109375 0.0863800048828125 -0.0218658447265625 -0.0615043640136719
0.0569305419921875 0.139778137207031 -0.0189743041992188 -0.0440177917480469
0.00970458984375001 0.15911865234375 0.088897705078125 -0.00164794921874999
0.0542373657226563 0.124153137207031 0.0467987060546875 0.0502586364746094
0.109817504882813 0.0887298583984375 0.062835693359375 0.0698661804199219
0.11932373046875 -0.00518035888671875 0.0960617065429688 0.0186309814453125
0.078643798828125 -0.061676025390625 0.07391357421875 -0.029449462890625
0.0118637084960938 -0.0963211059570313 0.0263404846191406 -0.0621070861816406
-0.032562255859375 -0.0889511108398437 -0.01220703125 -0.04583740234375
-0.0313034057617188 -0.0801010131835938 -0.0185413360595703 -0.0127468109130859
-0.0458145141601563 -0.0881195068359375 -0.0121393203735352 0.0017099380493164
-0.0209197998046875 -0.0946578979492187 -0.0237293243408203 0.0136985778808594
0.0326919555664063 -0.097686767578125 -0.0284805297851562 0.0177001953125
0.08172607421875 -0.06561279296875 -0.0396652221679687 -0.00591278076171875
0.116935729980469 0.0293502807617188 -0.03741455078125 -0.028594970703125
0.103202819824219 0.095123291015625 -0.00871276855468749 -0.0393714904785156
0.04168701171875 0.144195556640625 -0.0100488662719727 0.00218582153320313
-0.01739501953125 0.141571044921875 0.0855636596679688 0.0571670532226563
0.024444580078125 0.130706787109375 0.0478363037109375 0.0877151489257813
0.0907058715820312 0.110008239746094 0.0522918701171875 0.0838165283203125
0.121162414550781 0.0149002075195313 0.0795974731445313 0.0413436889648438
0.0885848999023438 -0.0526962280273438 0.0637702941894531 0.000469207763671872
0.0205078125 -0.0982894897460938 0.0314102172851563 -0.0285568237304688
-0.02734375 -0.09271240234375 0.00618934631347656 -0.0150871276855469
-0.0288162231445313 -0.0836257934570313 0.00033760070800781 0.0114336013793945
-0.0443267822265625 -0.0941314697265625 0.00623703002929687 0.0258216857910156
-0.0194091796875 -0.0983657836914063 -0.0114631652832031 0.0387687683105469
0.0370254516601562 -0.0986785888671875 -0.0227317810058594 0.039794921875
0.0840988159179687 -0.06146240234375 -0.0402450561523437 0.0105056762695312
0.111000061035156 0.0389556884765625 -0.0376396179199219 -0.0186614990234375
0.08270263671875 0.0992202758789063 0.00565719604492188 -0.0195770263671875
0.01715087890625 0.133674621582031 -0.00368881225585937 0.0467376708984375
-0.039794921875 0.0990142822265625 0.0749588012695313 0.104606628417969
-0.00809478759765626 0.107078552246094 0.0427932739257813 0.116676330566406
0.0532379150390625 0.104690551757813 0.0396728515625 0.0894012451171875
0.0968856811523438 0.0294723510742188 0.0578079223632813 0.0570106506347656
0.0789031982421875 -0.0344696044921875 0.0492706298828125 0.0249671936035156
0.0244216918945313 -0.082763671875 0.0333404541015625 0.00387382507324218
-0.018218994140625 -0.0818328857421875 0.0220146179199219 0.0144767761230469
-0.0219345092773438 -0.0750656127929687 0.0189628601074219 0.0333995819091797
-0.0360488891601562 -0.0861129760742188 0.0236701965332031 0.0491981506347656
-0.0129013061523437 -0.0899429321289062 -0.000980377197265624 0.0637855529785156
0.0389862060546875 -0.0868911743164063 -0.01971435546875 0.0602645874023438
0.0806045532226562 -0.0467300415039062 -0.0426292419433594 0.0251235961914062
0.091796875 0.0488815307617188 -0.038360595703125 -0.0108489990234375
0.0511932373046875 0.0970535278320313 0.0134658813476563 0.000398635864257819
-0.0134429931640625 0.109504699707031 -0.00412750244140624 0.0875015258789063
-0.0542449951171875 0.0385284423828125 0.061279296875 0.131034851074219
-0.0347213745117187 0.06219482421875 0.0363540649414062 0.128669738769531
0.0104751586914063 0.0750808715820313 0.0298614501953125 0.0866165161132812
0.0561294555664063 0.0329132080078125 0.0410041809082031 0.0628204345703125
0.0531883239746094 -0.0146026611328125 0.0358009338378906 0.0389213562011719
0.0223007202148437 -0.05364990234375 0.0326423645019531 0.0277843475341797
-0.00740814208984375 -0.0564346313476563 0.0337905883789063 0.03826904296875
-0.0116119384765625 -0.0544700622558594 0.0344924926757813 0.0515480041503906
-0.0219955444335938 -0.0651435852050781 0.0367546081542969 0.069122314453125
-0.00443649291992187 -0.0689430236816406 0.0061492919921875 0.0848236083984375
0.0369796752929688 -0.0636787414550781 -0.020904541015625 0.0773849487304688
0.0664596557617188 -0.0266914367675781 -0.0487022399902344 0.03692626953125
0.0616188049316406 0.0525703430175781 -0.0419158935546875 -0.00563812255859374
0.0143280029296875 0.0806350708007813 0.0142555236816406 0.0177440643310547
-0.0422515869140625 0.0686187744140625 -0.0147476196289062 0.117706298828125
0.0512657165527344 -0.00326919555664063 0.0146408081054688 -0.130485534667969
0.0144081115722656 -0.0510711669921875 -0.0101833343505859 -0.0321750640869141
-0.0267524719238281 -0.0369644165039063 0.0454521179199219 0.0127830505371094
-0.0381851196289062 0.0034332275390625 0.0724563598632813 -0.0390396118164062
-0.0235214233398438 0.0264453887939453 0.0382003784179688 -0.0863876342773438
-0.00249099731445313 0.0369415283203125 -0.0138931274414063 -0.0994338989257813
0.00273323059082031 0.0291500091552734 -0.0502166748046875 -0.0853271484375
0.000211715698242186 0.0284748077392578 -0.0471878051757812 -0.0602989196777344
-0.00455093383789062 0.0309886932373047 -0.0432624816894531 -0.0479049682617188
-0.0205001831054688 0.017974853515625 -0.0337257385253906 -0.0435676574707031
-0.0263557434082031 -0.00580215454101563 -0.0354499816894531 -0.0443954467773437
-0.00878715515136719 -0.0314674377441406 -0.0313186645507813 -0.0644111633300781
0.0299434661865234 -0.0342769622802734 -0.017669677734375 -0.0894851684570313
0.0580940246582031 -0.009490966796875 -0.0305328369140625 -0.124229431152344
0.0611000061035156 0.0229568481445313 -0.0406494140625 -0.141265869140625
0.0591201782226562 0.0546493530273437 0.038543701171875 -0.127761840820313
0.0442771911621094 -0.0108222961425781 0.00451087951660157 -0.0321464538574219
0.0191230773925781 -0.0198402404785156 0.0542449951171875 0.0188369750976563
-0.000161170959472655 -0.014256477355957 0.084747314453125 -0.0367889404296875
-0.00491571426391601 -0.00499820709228516 0.0513763427734375 -0.08837890625
-0.007537841796875 -0.000656127929687499 -0.00823211669921875 -0.108131408691406
-0.0137243270874023 -0.00546836853027344 -0.0512466430664063 -0.0902938842773438
-0.0125389099121094 -0.00467586517333984 -0.04901123046875 -0.0595512390136719
-0.01763916015625 -0.00618362426757812 -0.0440750122070313 -0.0475502014160156
-0.0170688629150391 -0.0177135467529297 -0.0375442504882813 -0.0418624877929687
-0.00160598754882813 -0.0319499969482422 -0.0361251831054688 -0.0396957397460937
0.028289794921875 -0.0360679626464844 -0.0316162109375 -0.0569305419921875
0.0625381469726563 -0.00233840942382812 -0.0223922729492188 -0.0759811401367188
0.078460693359375 0.03662109375 -0.03155517578125 -0.107757568359375
0.0635299682617188 0.07769775390625 -0.0336456298828125 -0.121734619140625
0.0532073974609375 0.107963562011719 0.0622024536132813 -0.103736877441406
0.0645790100097656 0.0391006469726563 0.0207653045654297 -0.0167198181152344
0.0649223327636719 0.0104293823242188 0.0626602172851563 0.0319252014160156
0.0454292297363281 -0.0233879089355469 0.0966720581054688 -0.026214599609375
0.0219764709472656 -0.0338096618652344 0.0646591186523438 -0.0792007446289063
-0.00670623779296875 -0.0403823852539063 0.00217437744140624 -0.105323791503906
-0.02655029296875 -0.0402908325195313 -0.043731689453125 -0.0863571166992187
-0.0226173400878906 -0.0369453430175781 -0.0448036193847656 -0.0497894287109375
-0.0302963256835938 -0.0408058166503906 -0.0400466918945312 -0.03704833984375
-0.017120361328125 -0.0513534545898438 -0.0381240844726563 -0.0293769836425781
0.0158424377441406 -0.0591697692871094 -0.0369300842285156 -0.0250473022460938
0.055419921875 -0.0471534729003906 -0.0359077453613281 -0.0433425903320312
0.0906753540039062 0.0158004760742187 -0.0293388366699219 -0.0596923828125
0.0965347290039063 0.067535400390625 -0.0299453735351562 -0.0859298706054688
0.0629348754882812 0.117118835449219 -0.0277023315429688 -0.0873565673828125
0.0352783203125 0.145523071289063 0.0788803100585938 -0.0589141845703125
0.0675888061523438 0.0886917114257813 0.0355758666992188 0.0117149353027344
0.0996170043945313 0.05029296875 0.0657310485839844 0.0505332946777344
0.0895156860351563 -0.0206375122070313 0.101119995117187 -0.0057373046875
0.0526351928710937 -0.0550193786621094 0.0739517211914062 -0.0581130981445312
0.000808715820312495 -0.07379150390625 0.01470947265625 -0.0894622802734375
-0.0329055786132812 -0.0694351196289063 -0.0297050476074219 -0.0695953369140625
-0.0288963317871094 -0.0627098083496094 -0.0338783264160156 -0.0331058502197266
-0.0408248901367188 -0.0687217712402344 -0.0292816162109375 -0.0199451446533203
-0.020751953125 -0.0767135620117188 -0.0336856842041016 -0.00941276550292969
0.0258560180664062 -0.0829391479492187 -0.0350151062011719 -0.00504493713378907
0.0725631713867188 -0.0596466064453125 -0.039306640625 -0.0253982543945313
0.110359191894531 0.0229415893554688 -0.0349159240722656 -0.044097900390625
0.107177734375 0.0847244262695312 -0.0221633911132812 -0.0625228881835937
0.0567626953125 0.138778686523438 -0.0195655822753906 -0.0445137023925781
0.00982666015624999 0.157470703125 0.0867156982421875 -0.00242614746093749
0.0524826049804687 0.122840881347656 0.0446395874023438 0.0497474670410156
0.109169006347656 0.0878677368164063 0.0620269775390625 0.070648193359375
0.117843627929687 -0.00582122802734375 0.095672607421875 0.0194320678710938
0.0778045654296875 -0.0607986450195313 0.07391357421875 -0.0291290283203125
0.0107192993164062 -0.0949630737304687 0.0252037048339844 -0.0617179870605469
-0.03314208984375 -0.0878219604492188 -0.0126571655273438 -0.0448036193847656
-0.0319976806640625 -0.079620361328125 -0.0186042785644531 -0.0107250213623047
-0.047149658203125 -0.0866012573242188 -0.0137166976928711 0.00197029113769531
-0.0225601196289062 -0.092498779296875 -0.0242900848388672 0.0147171020507812
0.0307083129882812 -0.0970993041992188 -0.0292758941650391 0.0174579620361328
0.0807037353515625 -0.06549072265625 -0.0406341552734375 -0.00709915161132813
0.116981506347656 0.0290679931640625 -0.0366325378417969 -0.0297698974609375
0.102149963378906 0.093017578125 -0.00850677490234375 -0.0410270690917969
0.04107666015625 0.143524169921875 -0.0101985931396484 0.00198459625244142
-0.01690673828125 0.140792846679688 0.083526611328125 0.0555343627929688
0.0238723754882813 0.129203796386719 0.0462875366210938 0.0872650146484375
0.090850830078125 0.109413146972656 0.0518264770507813 0.0851364135742188
0.119735717773438 0.0145187377929688 0.07891845703125 0.0419464111328125
0.0868911743164063 -0.0523681640625 0.0642776489257813 0.000923156738281247
0.0194549560546875 -0.0966644287109375 0.0314083099365234 -0.0278816223144531
-0.0287399291992188 -0.0914306640625 0.00542736053466797 -0.0150651931762695
-0.0296249389648438 -0.0826797485351562 0.00123977661132812 0.012019157409668
-0.045623779296875 -0.0916061401367188 0.00518798828125 0.0258960723876953
-0.020843505859375 -0.096588134765625 -0.0123291015625 0.0398292541503906
0.0348739624023437 -0.0981597900390625 -0.0232124328613281 0.0394401550292969
0.0837554931640625 -0.0608444213867188 -0.040863037109375 0.010040283203125
0.109779357910156 0.038909912109375 -0.0368080139160156 -0.0196609497070312
0.0827255249023438 0.0976791381835937 0.00483894348144532 -0.0210380554199219
0.0170669555664062 0.133331298828125 -0.0039215087890625 0.046661376953125
-0.0388107299804687 0.0981521606445313 0.073883056640625 0.103080749511719
-0.008392333984375 0.106231689453125 0.042144775390625 0.115554809570313
0.0540542602539062 0.103935241699219 0.0383834838867188 0.0906524658203125
0.0957489013671875 0.028289794921875 0.0576744079589844 0.0577316284179688
0.0777664184570313 -0.0349655151367188 0.0497932434082031 0.0250663757324219
0.023284912109375 -0.0817489624023438 0.0333957672119141 0.00403785705566406
-0.01947021484375 -0.080718994140625 0.0215339660644531 0.0142536163330078
-0.0225143432617188 -0.074676513671875 0.0188694000244141 0.0343246459960937
-0.0373077392578125 -0.08441162109375 0.0226249694824219 0.0486335754394531
-0.0149765014648437 -0.088226318359375 -0.0010528564453125 0.0634269714355469
0.0374603271484375 -0.0870819091796875 -0.0198554992675781 0.05950927734375
0.0792694091796875 -0.0473861694335938 -0.04315185546875 0.0251007080078125
0.0916824340820313 0.047454833984375 -0.0385856628417969 -0.0115394592285156
0.0513839721679688 0.095367431640625 0.01324462890625 -0.00104904174804687
-0.01312255859375 0.108985900878906 -0.00389099121093751 0.0865707397460937
-0.0531730651855469 0.0388832092285156 0.0606765747070312 0.129844665527344
-0.0343666076660156 0.0619964599609375 0.0355911254882813 0.128334045410156
0.011810302734375 0.075531005859375 0.0279922485351562 0.0864105224609375
0.0559730529785156 0.0316429138183594 0.0405158996582031 0.0635643005371094
0.0529975891113281 -0.0149116516113281 0.036041259765625 0.03912353515625
0.0206565856933594 -0.0531349182128906 0.0329322814941406 0.0282211303710937
-0.00809478759765625 -0.0565719604492187 0.0341644287109375 0.0370826721191406
-0.0114364624023437 -0.0539703369140625 0.0340156555175781 0.0513420104980469
-0.0230865478515625 -0.0641098022460938 0.0363426208496094 0.068634033203125
-0.00603103637695313 -0.0675621032714844 0.00646209716796876 0.08428955078125
0.0358657836914063 -0.0634880065917969 -0.0211181640625 0.0761566162109375
0.066009521484375 -0.0271568298339844 -0.0480766296386719 0.0360984802246094
0.0618782043457031 0.0512161254882812 -0.0424919128417969 -0.00593185424804687
0.0142440795898437 0.0800552368164063 0.0148000717163086 0.0161991119384766
-0.0404472351074219 0.0685234069824219 -0.0137786865234375 0.115577697753906
0.0533065795898438 -0.003143310546875 0.0151824951171875 -0.131668090820313
0.014251708984375 -0.0508193969726563 -0.0112953186035156 -0.0312919616699219
-0.0277786254882812 -0.0379371643066406 0.0468521118164063 0.0139961242675781
-0.0382919311523437 0.00266647338867187 0.0750198364257813 -0.0380706787109375
-0.0243129730224609 0.0263767242431641 0.0394439697265625 -0.087158203125
-0.00229263305664062 0.0383491516113281 -0.01263427734375 -0.101280212402344
0.00303077697753906 0.0294456481933594 -0.0501251220703125 -0.0871505737304688
0.000633239746093749 0.0285243988037109 -0.0467300415039063 -0.0614547729492187
-0.00382614135742188 0.0313148498535156 -0.0431861877441406 -0.0485916137695312
-0.0202465057373047 0.0186443328857422 -0.0349960327148438 -0.0445518493652344
-0.0268878936767578 -0.00507926940917968 -0.0360908508300781 -0.0459480285644531
-0.00881195068359375 -0.0318393707275391 -0.0316123962402344 -0.0670700073242188
0.0306568145751953 -0.0344619750976563 -0.0154876708984375 -0.0927963256835938
0.05902099609375 -0.00945281982421875 -0.0294570922851563 -0.126686096191406
0.0618782043457031 0.0233383178710937 -0.039276123046875 -0.14404296875
0.0600509643554688 0.0567970275878906 0.0393447875976563 -0.129409790039063
0.0442962646484375 -0.00984954833984375 0.00249671936035157 -0.0312728881835938
0.0191555023193359 -0.0201797485351562 0.0557823181152344 0.0205879211425781
-9.15527343750008E-05 -0.0139884948730469 0.08721923828125 -0.0361862182617188
-0.00459003448486328 -0.00500679016113281 0.0529708862304687 -0.0896377563476563
-0.00726461410522461 -0.000745296478271485 -0.00722503662109375 -0.109779357910156
-0.013758659362793 -0.0059051513671875 -0.0512771606445313 -0.0921630859375
-0.0120563507080078 -0.00507450103759766 -0.049041748046875 -0.0600624084472656
-0.0170087814331055 -0.00606441497802735 -0.0445823669433594 -0.0482864379882813
-0.0164642333984375 -0.01776123046875 -0.0381736755371094 -0.0429229736328125
-0.000873565673828126 -0.0324020385742188 -0.0367965698242188 -0.04022216796875
0.0292129516601562 -0.0356941223144531 -0.0324325561523438 -0.0594635009765625
0.0630035400390625 -0.00125503540039063 -0.0212936401367187 -0.0796966552734375
0.0790328979492188 0.0373611450195313 -0.0303802490234375 -0.110626220703125
0.0641021728515625 0.0800018310546875 -0.0325851440429687 -0.1248779296875
0.0533676147460938 0.110275268554688 0.0626144409179688 -0.104759216308594
0.0638275146484375 0.0410575866699219 0.0193557739257813 -0.0164222717285156
0.0663986206054688 0.0114860534667969 0.0634307861328125 0.0345382690429688
0.0460319519042969 -0.0233268737792969 0.0989151000976563 -0.0245819091796875
0.0235500335693359 -0.0345325469970703 0.0673141479492188 -0.0795822143554688
-0.00571823120117187 -0.0404205322265625 0.00321960449218749 -0.107048034667969
-0.0263824462890625 -0.040924072265625 -0.04400634765625 -0.0864944458007813
-0.0223236083984375 -0.0376014709472656 -0.0447578430175781 -0.0504684448242188
-0.0301704406738281 -0.0416374206542969 -0.0403175354003906 -0.0374984741210938
-0.0164833068847656 -0.0509414672851563 -0.0389251708984375 -0.0302467346191406
0.01654052734375 -0.0599784851074219 -0.038421630859375 -0.0260467529296875
0.0565071105957031 -0.0471534729003906 -0.0375785827636719 -0.0453910827636719
0.0925750732421875 0.0171279907226562 -0.0289688110351562 -0.06329345703125
0.0975723266601563 0.0691070556640625 -0.0286788940429687 -0.0891036987304687
0.0626144409179687 0.120147705078125 -0.0268325805664062 -0.089447021484375
0.033538818359375 0.148895263671875 0.0797500610351562 -0.059844970703125
0.0666275024414063 0.091033935546875 0.0337238311767578 0.0131168365478516
0.101509094238281 0.0518798828125 0.0663948059082031 0.0537185668945313
0.0909652709960938 -0.0202255249023438 0.103179931640625 -0.00380706787109375
0.0540847778320313 -0.0552177429199219 0.0764923095703125 -0.0584564208984375
0.0010986328125 -0.0743560791015625 0.0159912109375 -0.091064453125
-0.0331878662109375 -0.0704574584960938 -0.030303955078125 -0.0704345703125
-0.0288429260253906 -0.0649681091308594 -0.0335769653320312 -0.0324287414550781
-0.0405616760253906 -0.0692710876464844 -0.0298061370849609 -0.0195541381835938
-0.0201339721679687 -0.0771865844726563 -0.0347461700439453 -0.00966453552246094
0.0256271362304687 -0.0838165283203125 -0.0364494323730469 -0.00547027587890626
0.0739288330078125 -0.0599822998046875 -0.040863037109375 -0.0270843505859375
0.112648010253906 0.0246429443359375 -0.0348281860351562 -0.0469322204589844
0.107315063476563 0.0862274169921875 -0.0213203430175781 -0.0659027099609375
0.05615234375 0.142181396484375 -0.0192794799804687 -0.0459136962890625
0.0084075927734375 0.160415649414063 0.0863876342773438 -0.00196075439453124
0.0508193969726563 0.125495910644531 0.0430831909179687 0.0505638122558594
0.111351013183594 0.0905990600585938 0.0618133544921875 0.0738372802734375
0.119529724121094 -0.0046844482421875 0.0971832275390625 0.0221023559570313
0.0796432495117188 -0.0610809326171875 0.076812744140625 -0.0284957885742188
0.0111923217773437 -0.0955657958984375 0.0266304016113281 -0.0629234313964844
-0.033447265625 -0.0890045166015625 -0.0128211975097656 -0.0449943542480469
-0.0318603515625 -0.0809707641601562 -0.0185165405273438 -0.0102748870849609
-0.0476913452148437 -0.0874176025390625 -0.0143709182739258 0.00314807891845702
-0.0222320556640625 -0.0933380126953125 -0.0255393981933594 0.0155124664306641
0.0309219360351562 -0.0981521606445312 -0.0312633514404297 0.0177249908447266
0.0825958251953125 -0.0661544799804688 -0.0421638488769531 -0.00843811035156251
0.1192626953125 0.0303726196289063 -0.0371780395507812 -0.0324478149414063
0.103279113769531 0.0953598022460938 -0.00844192504882812 -0.0432701110839844
0.039886474609375 0.1470947265625 -0.0101184844970703 0.000185012817382823
-0.0186920166015625 0.143661499023438 0.0822906494140625 0.0565643310546875
0.0220108032226562 0.13165283203125 0.04412841796875 0.0885848999023438
0.09210205078125 0.111885070800781 0.0503311157226563 0.0889511108398438
0.121238708496094 0.0157699584960938 0.0794143676757813 0.0457000732421875
0.0893783569335938 -0.0519561767578125 0.0667304992675781 0.0026092529296875
0.0199737548828125 -0.0974273681640625 0.0325431823730469 -0.0283851623535156
-0.0286788940429687 -0.0931015014648438 0.0052337646484375 -0.0142650604248047
-0.0292129516601562 -0.0847091674804688 0.000244140625 0.0137815475463867
-0.0463104248046875 -0.0929489135742188 0.00465202331542969 0.026611328125
-0.0209197998046875 -0.0975418090820313 -0.013214111328125 0.0408859252929687
0.0353469848632813 -0.099090576171875 -0.02484130859375 0.0399208068847656
0.0844497680664063 -0.061309814453125 -0.0421638488769531 0.009918212890625
0.112686157226563 0.0395736694335938 -0.0380401611328125 -0.021942138671875
0.0838470458984375 0.0995025634765625 0.00534820556640626 -0.0221672058105469
0.0157852172851563 0.136604309082031 -0.00436782836914062 0.0462989807128906
-0.0402069091796875 0.0997085571289063 0.0723648071289063 0.104629516601563
-0.0103530883789062 0.108367919921875 0.03961181640625 0.1173095703125
0.0551681518554688 0.1068115234375 0.0365753173828125 0.093414306640625
0.0966110229492188 0.0293502807617188 0.0581512451171875 0.0607452392578125
0.0792922973632813 -0.0337677001953125 0.0509490966796875 0.026580810546875
0.0233917236328125 -0.0819168090820313 0.0339679718017578 0.00348854064941406
-0.0199737548828125 -0.0818634033203125 0.0217761993408203 0.0149822235107422
-0.0224151611328125 -0.07598876953125 0.0191993713378906 0.0355911254882812
-0.037750244140625 -0.0852127075195313 0.0220603942871094 0.0500755310058594
-0.0150909423828125 -0.0894851684570313 -0.00209426879882813 0.064910888671875
0.0375442504882813 -0.0875244140625 -0.0208702087402344 0.0594902038574219
0.0805892944335938 -0.0478668212890625 -0.0444259643554687 0.0243568420410156
0.0936431884765625 0.0497207641601563 -0.0388641357421875 -0.0133209228515625
0.0517654418945313 0.09661865234375 0.0138101577758789 -0.00194835662841796
-0.0135040283203125 0.110710144042969 -0.00486755371093751 0.0866241455078125
-0.0541229248046875 0.0391960144042969 0.0596389770507813 0.131561279296875
-0.0347442626953125 0.0623931884765625 0.03399658203125 0.130180358886719
0.0121994018554687 0.0763015747070313 0.0272369384765625 0.08941650390625
0.0565872192382813 0.0321273803710938 0.0405960083007812 0.0668754577636719
0.0534400939941406 -0.0144195556640625 0.0376396179199219 0.0402488708496094
0.0210189819335937 -0.0538253784179688 0.03350830078125 0.0284080505371094
-0.0089111328125 -0.0574378967285156 0.0340652465820313 0.0379219055175781
-0.0117378234863281 -0.0546951293945313 0.0346755981445313 0.0527191162109375
-0.023590087890625 -0.0642509460449219 0.0353546142578125 0.0704193115234375
-0.00643539428710938 -0.0687713623046875 0.00496673583984375 0.0860061645507813
0.0358428955078125 -0.065277099609375 -0.0226287841796875 0.0765609741210938
0.06683349609375 -0.02740478515625 -0.0498580932617187 0.0357246398925781
0.0629501342773438 0.0523567199707031 -0.0433540344238281 -0.00762176513671875
0.0136795043945312 0.0810012817382812 0.0144987106323242 0.0155973434448242
-0.0424652099609375 0.0701370239257812 -0.01483154296875 0.116470336914063
0.0563735961914063 -0.00324630737304688 0.0153579711914062 -0.136337280273437
0.0144996643066406 -0.05279541015625 -0.0126438140869141 -0.0313205718994141
-0.0290565490722656 -0.0389938354492188 0.0499382019042969 0.016021728515625
-0.0393600463867188 0.00274276733398437 0.0785751342773438 -0.04046630859375
-0.0247573852539062 0.0275554656982422 0.0419464111328125 -0.090606689453125
-0.00215911865234375 0.0393791198730469 -0.0122604370117187 -0.104827880859375
0.00349998474121094 0.0303268432617188 -0.05194091796875 -0.0902175903320313
0.00138092041015625 0.0291633605957031 -0.0486793518066406 -0.0642318725585938
-0.00245475769042969 0.0325546264648438 -0.0450477600097656 -0.0507698059082031
-0.0197658538818359 0.0193843841552734 -0.0364112854003906 -0.046844482421875
-0.0269393920898438 -0.00512313842773438 -0.0378227233886719 -0.0483283996582031
-0.00944900512695312 -0.0330429077148438 -0.0331344604492187 -0.071136474609375
0.0312042236328125 -0.0361442565917969 -0.015869140625 -0.098785400390625
0.0607109069824219 -0.0100631713867188 -0.0293960571289062 -0.133262634277344
0.0647659301757813 0.0245018005371094 -0.0403289794921875 -0.150741577148437
0.0631217956542969 0.0587730407714844 0.04058837890625 -0.134002685546875
0.0451736450195313 -0.0100555419921875 0.000402450561523441 -0.0323009490966797
0.0197544097900391 -0.0205459594726562 0.059051513671875 0.0230445861816406
-0.000170707702636719 -0.0147819519042969 0.0917739868164062 -0.0377044677734375
-0.00411748886108398 -0.00488662719726563 0.0556259155273437 -0.0928115844726563
-0.00691556930541992 -0.000580310821533204 -0.00672149658203125 -0.114715576171875
-0.014404296875 -0.00533294677734375 -0.0531768798828125 -0.0957870483398438
-0.0116252899169922 -0.00543022155761718 -0.0504264831542969 -0.0633049011230469
-0.0170059204101563 -0.00644779205322265 -0.0467987060546875 -0.0492591857910156
-0.0165309906005859 -0.0177516937255859 -0.0401840209960937 -0.04425048828125
-0.000587463378906251 -0.0326766967773437 -0.0389328002929688 -0.0427284240722656
0.0299530029296875 -0.036865234375 -0.0343856811523437 -0.0640830993652344
0.0662155151367188 -0.00145721435546875 -0.0206756591796875 -0.0853500366210938
0.0820388793945313 0.0390472412109375 -0.0314178466796875 -0.117515563964844
0.06658935546875 0.0832061767578125 -0.0337142944335938 -0.131309509277344
0.05657958984375 0.115890502929688 0.06402587890625 -0.108497619628906
0.0649681091308594 0.04339599609375 0.0185718536376953 -0.0162982940673828
0.0695724487304688 0.0111427307128906 0.0664939880371094 0.0373001098632813
0.0481643676757813 -0.0245285034179688 0.103263854980469 -0.0249862670898437
0.0251235961914063 -0.0355644226074219 0.0710067749023438 -0.0832748413085938
-0.006378173828125 -0.0418891906738281 0.00371551513671874 -0.111343383789063
-0.0277748107910156 -0.0424995422363281 -0.0457611083984375 -0.0897598266601562
-0.0229682922363281 -0.0395851135253906 -0.046051025390625 -0.0519027709960938
-0.0305290222167969 -0.0432624816894531 -0.042510986328125 -0.0388107299804687
-0.0172233581542969 -0.0521469116210938 -0.0413360595703125 -0.0305633544921875
0.0170249938964844 -0.0615997314453125 -0.0412483215332031 -0.027496337890625
0.0586204528808594 -0.0489120483398437 -0.0397071838378906 -0.0489921569824219
0.0964508056640625 0.0177001953125 -0.0296211242675781 -0.0688629150390625
0.101081848144531 0.0713272094726563 -0.0301513671875 -0.0948410034179688
0.0653533935546875 0.125816345214844 -0.02777099609375 -0.0946044921875
0.03570556640625 0.155136108398438 0.08160400390625 -0.0616302490234375
0.0674972534179688 0.0951614379882813 0.0331974029541016 0.0137367248535156
0.105865478515625 0.0546112060546875 0.0692176818847656 0.0581436157226562
0.0942611694335937 -0.0214614868164063 0.1083984375 -0.00299072265625
0.0573692321777344 -0.0575981140136719 0.08123779296875 -0.0604324340820313
0.000724792480468748 -0.0771713256835938 0.0169219970703125 -0.09527587890625
-0.034881591796875 -0.0731201171875 -0.0315170288085938 -0.0727157592773438
-0.0295791625976563 -0.0676803588867188 -0.0346927642822266 -0.0329532623291016
-0.0427017211914063 -0.0720596313476562 -0.0318450927734375 -0.0194911956787109
-0.02105712890625 -0.0800933837890625 -0.0370674133300781 -0.00894546508789063
0.0262985229492187 -0.0866012573242188 -0.0395698547363281 -0.00594711303710939
0.0767440795898438 -0.0626602172851563 -0.0432243347167969 -0.0299911499023438
0.118293762207031 0.0256118774414063 -0.0364341735839844 -0.0507926940917969
0.112014770507813 0.0899429321289063 -0.0223388671875 -0.0706024169921875
0.058349609375 0.14898681640625 -0.0194892883300781 -0.0484809875488281
0.00823974609375001 0.168167114257813 0.0888442993164063 -0.00262451171874999
0.0512771606445312 0.130996704101563 0.0418205261230469 0.0528335571289063
0.116348266601563 0.0949783325195313 0.0638046264648438 0.0791473388671875
0.123931884765625 -0.00519561767578125 0.100959777832031 0.025115966796875
0.0834884643554688 -0.0633316040039063 0.0812225341796875 -0.0294036865234375
0.0109100341796875 -0.0987014770507813 0.0281105041503906 -0.065765380859375
-0.0356826782226563 -0.0925140380859375 -0.0140037536621094 -0.0469245910644531
-0.0326614379882812 -0.0844345092773438 -0.0186519622802734 -0.00940895080566406
-0.0500640869140625 -0.0901947021484375 -0.0150852203369141 0.00368499755859375
-0.023834228515625 -0.0960693359375 -0.0275020599365234 0.0166187286376953
0.0314865112304688 -0.101203918457031 -0.0335769653320313 0.018157958984375
0.0855636596679688 -0.0693893432617188 -0.0445823669433594 -0.00946044921875
0.125709533691406 0.0317764282226563 -0.0389404296875 -0.0357894897460938
0.107810974121094 0.0990829467773438 -0.00929641723632812 -0.0468711853027344
0.042236328125 0.154510498046875 -0.0103340148925781 9.53674316416445E-07
-0.0196380615234375 0.149215698242188 0.0849151611328125 0.0586471557617188
0.021484375 0.138160705566406 0.0431365966796875 0.0924530029296875
0.09759521484375 0.117141723632813 0.0513076782226563 0.0941543579101563
0.126785278320313 0.0160064697265625 0.0831756591796875 0.0490570068359375
0.0935440063476562 -0.054290771484375 0.0708847045898438 0.0032501220703125
0.0201568603515625 -0.101097106933594 0.0335140228271484 -0.0299453735351563
-0.0311813354492187 -0.0962905883789062 0.0054330825805664 -0.0149078369140625
-0.0308303833007812 -0.08843994140625 0.00107002258300781 0.0151748657226562
-0.0492172241210938 -0.095184326171875 0.00387763977050781 0.0286197662353516
-0.023284912109375 -0.100982666015625 -0.0146331787109375 0.0427742004394531
0.03570556640625 -0.103279113769531 -0.0270614624023437 0.0416450500488281
0.0885238647460938 -0.06451416015625 -0.0443534851074219 0.00900268554687499
0.11767578125 0.0407333374023438 -0.0399589538574219 -0.0234107971191406
0.0869903564453125 0.103416442871094 0.00523567199707032 -0.0247402191162109
0.0166168212890625 0.14349365234375 -0.00437545776367188 0.0479011535644531
-0.041778564453125 0.104537963867188 0.0746612548828125 0.108612060546875
-0.0108413696289062 0.112724304199219 0.039520263671875 0.122161865234375
0.0585556030273438 0.111640930175781 0.0372238159179688 0.0988388061523438
0.101486206054688 0.030181884765625 0.0604743957519531 0.064666748046875
0.0832977294921875 -0.0355300903320313 0.0546340942382813 0.028564453125
0.0238113403320313 -0.0853652954101563 0.0358467102050781 0.00334548950195312
-0.0213851928710938 -0.0852508544921875 0.0228157043457031 0.0158061981201172
-0.0239486694335938 -0.0792160034179688 0.0200576782226563 0.037750244140625
-0.0401992797851563 -0.0871124267578125 0.0222091674804688 0.0526237487792969
-0.01702880859375 -0.0923385620117188 -0.00301361083984375 0.0680427551269531
0.0379638671875 -0.0919570922851563 -0.02264404296875 0.0621795654296875
0.0835647583007813 -0.0502548217773438 -0.0469894409179687 0.0251998901367188
0.0983428955078125 0.0511245727539063 -0.04150390625 -0.0140151977539062
0.054229736328125 0.100608825683594 0.0142631530761719 -0.00417995452880859
-0.0142822265625 0.116363525390625 -0.00537109375 0.0902328491210938
-0.0567359924316406 0.0406074523925781 0.0608291625976562 0.136871337890625
-0.0369186401367187 0.0654563903808594 0.0341720581054688 0.13555908203125
0.0143356323242188 0.0796890258789063 0.02685546875 0.0950241088867187
0.0584678649902344 0.0327415466308594 0.0423583984375 0.0707244873046875
0.0561790466308594 -0.0146675109863281 0.0392417907714844 0.0432243347167969
0.0207977294921875 -0.0557746887207031 0.0351371765136719 0.0285434722900391
-0.00999069213867188 -0.0596160888671875 0.0358085632324219 0.0398368835449219
-0.0122413635253906 -0.0570030212402344 0.0356979370117188 0.0554046630859375
-0.0250015258789063 -0.0661354064941406 0.0368270874023438 0.0729904174804688
-0.00836944580078124 -0.0714492797851563 0.0046234130859375 0.0898666381835938
0.0364036560058594 -0.0680198669433594 -0.023162841796875 0.0799484252929688
0.0697746276855469 -0.0295372009277344 -0.0525436401367187 0.0373382568359375
0.0659599304199219 0.0547943115234375 -0.0453224182128906 -0.00839614868164063
0.01483154296875 0.0846481323242187 0.0159769058227539 0.0151081085205078
-0.0432891845703125 0.0730133056640625 -0.0151214599609375 0.121543884277344
0.0597457885742188 -0.00527191162109375 0.0124969482421875 -0.1436767578125
0.0129470825195313 -0.05548095703125 -0.0156955718994141 -0.0312232971191406
-0.0325088500976563 -0.0402259826660156 0.0537681579589844 0.0158233642578125
-0.0414772033691406 0.00365447998046875 0.0819854736328125 -0.0437240600585938
-0.0249786376953125 0.0297107696533203 0.0413970947265625 -0.0960693359375
0.000656127929687496 0.041961669921875 -0.0147705078125 -0.110816955566406
0.0051727294921875 0.0317249298095703 -0.056976318359375 -0.0939788818359375
0.0032196044921875 0.0301761627197266 -0.0527801513671875 -0.0671615600585938
-0.000484466552734373 0.033477783203125 -0.0489158630371094 -0.0520095825195313
-0.0194187164306641 0.0213108062744141 -0.0395278930664063 -0.0484962463378906
-0.0283603668212891 -0.00380134582519531 -0.0414581298828125 -0.0505027770996094
-0.0114555358886719 -0.0337886810302734 -0.03717041015625 -0.0755767822265625
0.0314674377441406 -0.0388031005859375 -0.0192718505859375 -0.105369567871094
0.0630760192871094 -0.0124893188476563 -0.03424072265625 -0.140670776367188
0.0687179565429688 0.0236244201660156 -0.0462188720703125 -0.158538818359375
0.0687828063964844 0.0602531433105469 0.037384033203125 -0.142074584960937
0.0466766357421875 -0.0114898681640625 -0.00108718872070313 -0.0320606231689453
0.0198631286621094 -0.0230903625488281 0.0631752014160156 0.0231857299804688
-0.000843048095703125 -0.015594482421875 0.0963592529296875 -0.041717529296875
-0.00417089462280273 -0.00526189804077149 0.056488037109375 -0.0994949340820313
-0.00701570510864258 8.05854797363267E-05 -0.0101852416992187 -0.120140075683594
-0.0151853561401367 -0.00529193878173828 -0.0587158203125 -0.0988845825195313
-0.0117673873901367 -0.00645828247070313 -0.0546035766601563 -0.0649681091308594
-0.0171012878417969 -0.00630569458007813 -0.0505790710449219 -0.0512886047363281
-0.0170516967773438 -0.0172863006591797 -0.0434684753417969 -0.0454177856445313
-0.00180625915527344 -0.0335807800292969 -0.042999267578125 -0.0440406799316406
0.0304450988769531 -0.0393295288085938 -0.0383567810058594 -0.0676307678222656
0.0689544677734375 -0.00342941284179688 -0.0245285034179688 -0.0913162231445313
0.0864639282226563 0.0380477905273438 -0.0361709594726563 -0.123939514160156
0.072998046875 0.0860824584960938 -0.0382003784179688 -0.138053894042969
0.0627212524414062 0.120597839355469 0.0637359619140625 -0.11676025390625
0.0681686401367188 0.0448036193847656 0.017277717590332 -0.0169763565063477
0.0734634399414063 0.010284423828125 0.0717010498046875 0.0386428833007812
0.0499916076660156 -0.0273818969726563 0.109062194824219 -0.0284042358398438
0.0261154174804688 -0.038238525390625 0.0731124877929688 -0.0896453857421875
-0.00785064697265625 -0.0433769226074219 0.00080108642578126 -0.117782592773438
-0.0308189392089844 -0.04351806640625 -0.0511245727539062 -0.0931625366210938
-0.0248527526855469 -0.0419731140136719 -0.0492439270019531 -0.0532569885253906
-0.0333099365234375 -0.0444869995117188 -0.0462188720703125 -0.0387496948242187
-0.0189361572265625 -0.0536880493164063 -0.0449943542480469 -0.0308990478515625
0.0159530639648437 -0.0646018981933594 -0.0449066162109375 -0.0280494689941406
0.0609512329101562 -0.0528450012207031 -0.044158935546875 -0.0520248413085938
0.102882385253906 0.0161361694335938 -0.03326416015625 -0.0742874145507813
0.107749938964844 0.0716171264648438 -0.0342864990234375 -0.100570678710938
0.0721359252929688 0.13134765625 -0.031402587890625 -0.0992965698242188
0.042633056640625 0.163955688476562 0.0830154418945313 -0.0675506591796875
0.0725479125976563 0.0993881225585938 0.0334243774414063 0.0144882202148438
0.113441467285156 0.0542755126953125 0.0747222900390625 0.0614089965820313
0.0990753173828125 -0.0248336791992188 0.114768981933594 -0.004364013671875
0.0594444274902344 -0.0623703002929688 0.0848922729492188 -0.0657882690429688
-0.00202178955078124 -0.080596923828125 0.0148773193359375 -0.100852966308594
-0.0390243530273438 -0.0751953125 -0.0356597900390625 -0.0751266479492188
-0.0337142944335938 -0.0702285766601563 -0.0369186401367188 -0.0329132080078125
-0.0470657348632812 -0.0742340087890625 -0.0341911315917969 -0.0193748474121094
-0.0241928100585938 -0.0826950073242188 -0.0400199890136719 -0.00788879394531251
0.0252685546875 -0.09130859375 -0.0423202514648438 -0.00482177734375
0.0795974731445312 -0.0677337646484375 -0.0475692749023437 -0.0315895080566406
0.126007080078125 0.0238037109375 -0.0397377014160156 -0.0553932189941406
0.119827270507812 0.09039306640625 -0.0260391235351562 -0.0749664306640625
0.065216064453125 0.15679931640625 -0.02191162109375 -0.0516548156738281
0.0133209228515625 0.177932739257813 0.091888427734375 -0.00469970703124999
0.0563278198242187 0.137428283691406 0.0438156127929687 0.0549240112304688
0.126152038574219 0.0967941284179688 0.069610595703125 0.083740234375
0.130844116210938 -0.0085296630859375 0.107948303222656 0.0246963500976563
0.08709716796875 -0.069061279296875 0.0861587524414063 -0.0328598022460938
0.00879669189453126 -0.103828430175781 0.0274772644042969 -0.0702590942382813
-0.0413742065429688 -0.096099853515625 -0.016021728515625 -0.0479812622070313
-0.0373992919921875 -0.0881195068359375 -0.018798828125 -0.00890922546386719
-0.055511474609375 -0.0927200317382812 -0.0169525146484375 0.00525665283203124
-0.0282211303710937 -0.099609375 -0.0288181304931641 0.0191364288330078
0.02972412109375 -0.107986450195312 -0.0364837646484375 0.01995849609375
0.0880050659179687 -0.0750808715820312 -0.0483283996582031 -0.00976562500000001
0.134033203125 0.02996826171875 -0.0421562194824219 -0.0387153625488281
0.116241455078125 0.101005554199219 -0.0110969543457031 -0.0503463745117187
0.048553466796875 0.162429809570312 -0.0110836029052734 -6.58035278320233E-05
-0.0163726806640625 0.15911865234375 0.0891189575195313 0.0595016479492188
0.024810791015625 0.145675659179688 0.0464630126953125 0.0963363647460938
0.106468200683594 0.121109008789063 0.0559463500976563 0.100242614746094
0.133842468261719 0.0137786865234375 0.0894851684570313 0.05120849609375
0.0979537963867188 -0.0592727661132813 0.075439453125 0.0013885498046875
0.01849365234375 -0.1064453125 0.034332275390625 -0.0328388214111328
-0.036529541015625 -0.100013732910156 0.00497245788574218 -0.0151243209838867
-0.0346527099609375 -0.0925140380859375 0.00182056427001953 0.0174369812011719
-0.0554580688476562 -0.0978469848632813 0.00422286987304687 0.03125
-0.0277633666992188 -0.104454040527344 -0.0149574279785156 0.0465240478515625
0.0334625244140625 -0.109916687011719 -0.0285568237304688 0.044525146484375
0.0905685424804688 -0.071380615234375 -0.0482368469238281 0.0102462768554687
0.126091003417969 0.0394363403320312 -0.0423545837402344 -0.0252456665039062
0.0951919555664063 0.1058349609375 0.00478553771972657 -0.0281314849853516
0.021697998046875 0.151092529296875 -0.00330734252929688 0.0503005981445313
-0.0414276123046875 0.112129211425781 0.0796585083007813 0.112289428710938
-0.00965118408203125 0.119873046875 0.0434646606445313 0.127655029296875
0.0657196044921875 0.116241455078125 0.0410232543945313 0.105812072753906
0.107101440429688 0.0287704467773438 0.0665130615234375 0.0684967041015625
0.0874557495117188 -0.0401153564453125 0.05908203125 0.0292472839355469
0.0224609375 -0.0901641845703125 0.0372886657714844 0.00245666503906249
-0.0261383056640625 -0.088653564453125 0.0243453979492188 0.0161399841308594
-0.0273513793945313 -0.0824127197265625 0.0225830078125 0.0403289794921875
-0.0457382202148437 -0.089569091796875 0.0244293212890625 0.0553436279296875
-0.0212936401367187 -0.0952606201171875 -0.001800537109375 0.0720596313476563
0.0361175537109375 -0.0977096557617188 -0.0226287841796875 0.0660400390625
0.08685302734375 -0.0557861328125 -0.0494384765625 0.0268096923828125
0.105583190917969 0.0512542724609375 -0.0439491271972656 -0.0150413513183594
0.060028076171875 0.103904724121094 0.0155210494995117 -0.00588607788085937
-0.0111465454101562 0.123619079589844 -0.002685546875 0.0941619873046875
-0.0583915710449219 0.0448760986328125 0.066314697265625 0.142425537109375
-0.0370559692382813 0.0704269409179687 0.038482666015625 0.142059326171875
0.0180816650390625 0.0844345092773438 0.0305252075195312 0.100830078125
0.062896728515625 0.032073974609375 0.04736328125 0.0752182006835938
0.0591201782226562 -0.0174102783203125 0.0445518493652344 0.0449142456054688
0.0200881958007813 -0.0593032836914062 0.0378456115722656 0.02984619140625
-0.0130767822265625 -0.0625343322753906 0.0389022827148438 0.0401802062988281
-0.0159225463867188 -0.05999755859375 0.0389900207519531 0.0582771301269531
-0.0289421081542969 -0.0689888000488281 0.040252685546875 0.076507568359375
-0.0105667114257813 -0.0739059448242188 0.007049560546875 0.0946121215820313
0.0350112915039063 -0.0726776123046875 -0.0229949951171875 0.0838699340820312
0.0718765258789063 -0.033233642578125 -0.0548667907714844 0.0404205322265625
0.0719070434570313 0.055572509765625 -0.0477142333984375 -0.00882339477539062
0.0181808471679688 0.08843994140625 0.0180454254150391 0.0140247344970703
-0.0436859130859375 0.07928466796875 -0.012847900390625 0.12664794921875
0.062591552734375 -0.010040283203125 0.0045928955078125 -0.14990234375
0.00970840454101562 -0.0578651428222656 -0.0188674926757812 -0.0302200317382813
-0.0367393493652344 -0.0393257141113281 0.0579948425292969 0.0136375427246094
-0.0431747436523438 0.00651931762695313 0.0836029052734375 -0.0492477416992188
-0.0239086151123047 0.0328426361083984 0.0382308959960938 -0.101585388183594
0.00360488891601562 0.0431404113769531 -0.0206985473632813 -0.114677429199219
0.00868415832519531 0.0331001281738281 -0.0645599365234375 -0.0943603515625
0.00587654113769531 0.0306034088134766 -0.0582733154296875 -0.0663566589355469
0.00231552124023437 0.0337123870849609 -0.0535240173339844 -0.05157470703125
-0.0173187255859375 0.0237636566162109 -0.0442924499511719 -0.0482749938964844
-0.0290622711181641 -0.00195884704589844 -0.0457916259765625 -0.0507431030273437
-0.0135936737060547 -0.0345973968505859 -0.0432052612304688 -0.0775299072265625
0.0297889709472656 -0.0422630310058594 -0.0257720947265625 -0.1097412109375
0.0638160705566406 -0.0164413452148438 -0.0424957275390625 -0.144287109375
0.0738983154296875 0.0206298828125 -0.055999755859375 -0.162857055664063
0.0757064819335938 0.0585098266601563 0.030914306640625 -0.149856567382812
0.0466499328613281 -0.0132827758789063 -0.00453758239746094 -0.0320873260498047
0.0193710327148437 -0.0247230529785156 0.0675392150878906 0.0216941833496094
-0.00143146514892578 -0.0168724060058594 0.0978012084960938 -0.0476226806640625
-0.00465011596679687 -0.00505208969116211 0.0540008544921875 -0.105926513671875
-0.00652647018432617 0.00102424621582031 -0.0161209106445312 -0.124465942382812
-0.0153636932373047 -0.00437641143798828 -0.0663909912109375 -0.0993576049804688
-0.0124101638793945 -0.00619029998779297 -0.0601921081542969 -0.064056396484375
-0.0170907974243164 -0.00625133514404297 -0.0554580688476562 -0.0497627258300781
-0.0173854827880859 -0.0170373916625977 -0.048248291015625 -0.0446739196777344
-0.00324440002441406 -0.0345115661621094 -0.0474395751953125 -0.0437736511230469
0.0293464660644531 -0.0422744750976563 -0.044830322265625 -0.0697975158691406
0.0710525512695313 -0.0074615478515625 -0.0304031372070312 -0.0953598022460937
0.090728759765625 0.0344314575195312 -0.0437240600585937 -0.1275634765625
0.0807037353515625 0.085968017578125 -0.04693603515625 -0.141769409179688
0.0725936889648437 0.122169494628906 0.0590896606445313 -0.123916625976563
0.0722885131835938 0.0438079833984375 0.0147762298583984 -0.0173912048339844
0.076629638671875 0.00650787353515625 0.0772781372070312 0.0380020141601563
0.0498199462890625 -0.0309600830078125 0.112495422363281 -0.0343475341796875
0.0251274108886719 -0.0414390563964844 0.0719757080078125 -0.0967483520507812
-0.0101051330566406 -0.0444145202636719 -0.00549316406250001 -0.12249755859375
-0.0341415405273438 -0.0429344177246094 -0.05810546875 -0.09326171875
-0.0276832580566406 -0.0424919128417969 -0.0534172058105469 -0.05169677734375
-0.036773681640625 -0.043731689453125 -0.0503463745117187 -0.0369186401367188
-0.0222511291503906 -0.0542793273925781 -0.0489959716796875 -0.0290069580078125
0.0129814147949219 -0.0673904418945312 -0.0490684509277344 -0.0267295837402344
0.0602836608886719 -0.0580787658691406 -0.0496292114257812 -0.0535163879394531
0.108200073242188 0.0111923217773438 -0.0387191772460938 -0.0776443481445313
0.115455627441406 0.0681686401367187 -0.0413360595703125 -0.103370666503906
0.0824661254882812 0.133743286132813 -0.0373306274414062 -0.102523803710937
0.0536651611328125 0.167984008789063 0.08160400390625 -0.074798583984375
0.0796356201171875 0.100517272949219 0.0336074829101563 0.0135822296142578
0.121551513671875 0.050262451171875 0.0819473266601563 0.0608978271484375
0.101188659667969 -0.0315399169921875 0.119796752929688 -0.00981903076171875
0.059173583984375 -0.0678558349609375 0.0849990844726563 -0.0732345581054688
-0.00589752197265624 -0.0834732055664063 0.00981903076171875 -0.105392456054688
-0.0456390380859375 -0.0757064819335938 -0.0411605834960938 -0.075836181640625
-0.0384979248046875 -0.0716781616210937 -0.0390434265136719 -0.0314903259277344
-0.0530624389648438 -0.073577880859375 -0.0368194580078125 -0.016845703125
-0.0298385620117188 -0.0837783813476562 -0.0426292419433594 -0.00536727905273438
0.0205459594726562 -0.0958099365234375 -0.0457191467285156 -0.00279617309570313
0.0784988403320313 -0.07464599609375 -0.052764892578125 -0.0314865112304688
0.132705688476563 0.0174713134765625 -0.0448684692382813 -0.0574913024902344
0.129669189453125 0.08685302734375 -0.0309982299804688 -0.0785675048828125
0.07684326171875 0.16070556640625 -0.0253334045410156 -0.0536422729492187
0.0243377685546875 0.18426513671875 0.0942611694335938 -0.010650634765625
0.064544677734375 0.140914916992188 0.04669189453125 0.0546836853027344
0.136734008789063 0.094879150390625 0.0766372680664063 0.0855941772460938
0.135459899902344 -0.0160369873046875 0.114860534667969 0.0215835571289063
0.0876541137695313 -0.0764999389648438 0.0890960693359375 -0.0390548706054688
0.00360870361328126 -0.107475280761719 0.0241241455078125 -0.0748443603515625
-0.0485992431640625 -0.0967788696289063 -0.0197563171386719 -0.0483512878417969
-0.0434799194335938 -0.089599609375 -0.0193519592285156 -0.00639343261718751
-0.0633010864257812 -0.0919723510742188 -0.0174064636230469 0.00774097442626952
-0.0355377197265625 -0.101333618164063 -0.0296497344970703 0.0224628448486328
0.0235824584960938 -0.11279296875 -0.0368423461914063 0.0228996276855469
0.086761474609375 -0.0833511352539063 -0.0521278381347656 -0.00854873657226562
0.141754150390625 0.0226593017578125 -0.0469245910644531 -0.0395660400390625
0.126441955566406 0.0976715087890625 -0.0151710510253906 -0.0537796020507812
0.0597076416015625 0.167266845703125 -0.0115633010864258 -0.000432968139648425
-0.0084228515625 0.167160034179687 0.09515380859375 0.0566329956054688
0.032958984375 0.149887084960938 0.051239013671875 0.0971908569335938
0.118919372558594 0.120414733886719 0.063690185546875 0.103286743164063
0.139114379882812 0.0072479248046875 0.0957412719726563 0.0494842529296875
0.0996856689453125 -0.06707763671875 0.0799636840820312 -0.00273895263671875
0.012786865234375 -0.111366271972656 0.0336036682128906 -0.0364341735839844
-0.0442276000976563 -0.101402282714844 0.0041971206665039 -0.0156078338623047
-0.0424957275390625 -0.0943679809570313 0.00391006469726562 0.0190086364746094
-0.0631942749023437 -0.0975723266601563 0.00577926635742188 0.0339317321777344
-0.035919189453125 -0.105735778808594 -0.0135879516601563 0.0505523681640625
0.0272140502929687 -0.115341186523438 -0.0279655456542969 0.048004150390625
0.090057373046875 -0.0792922973632813 -0.0503463745117187 0.0123100280761719
0.134475708007813 0.0333328247070313 -0.04571533203125 -0.0252876281738281
0.105445861816406 0.104629516601562 0.00255775451660157 -0.0314750671386719
0.031280517578125 0.157379150390625 -0.000305175781250001 0.0520439147949219
-0.0367279052734375 0.119178771972656 0.08740234375 0.112022399902344
-0.00344848632812501 0.126220703125 0.0502777099609375 0.130126953125
0.0755615234375 0.117469787597656 0.0479049682617188 0.109100341796875
0.113227844238281 0.0236663818359375 0.0729446411132813 0.069122314453125
0.088958740234375 -0.0465927124023438 0.0642738342285156 0.0269546508789062
0.0173187255859375 -0.0947723388671875 0.0387153625488281 0.000286102294921869
-0.0335845947265625 -0.0902099609375 0.0254154205322266 0.0156402587890625
-0.0343704223632813 -0.084320068359375 0.0265312194824219 0.0415725708007813
-0.0529937744140625 -0.0900421142578125 0.0280685424804687 0.0574111938476563
-0.028778076171875 -0.0971145629882813 0.00118255615234375 0.0759658813476563
0.0308074951171875 -0.103279113769531 -0.0212173461914062 0.069915771484375
0.0862503051757813 -0.063079833984375 -0.0506591796875 0.0302467346191406
0.113609313964844 0.0462646484375 -0.0464096069335937 -0.0145835876464844
0.0683441162109375 0.104393005371094 0.0158834457397461 -0.00866603851318359
-0.00474548339843749 0.129714965820313 0.00262451171875 0.09771728515625
-0.0577049255371094 0.0499076843261719 0.07568359375 0.144821166992188
-0.0346145629882813 0.0759353637695313 0.0461273193359375 0.146240234375
0.0244979858398437 0.0866165161132813 0.0364608764648438 0.10491943359375
0.0679550170898437 0.0297775268554687 0.0539627075195313 0.0778045654296875
0.0611228942871094 -0.0220146179199219 0.0495491027832031 0.0444145202636719
0.0169334411621094 -0.0618553161621094 0.040985107421875 0.028228759765625
-0.0181312561035156 -0.0636215209960938 0.0429840087890625 0.0399742126464844
-0.020233154296875 -0.0612983703613281 0.0443458557128906 0.0587921142578125
-0.0341758728027344 -0.0688934326171875 0.0459747314453125 0.0783615112304687
-0.016876220703125 -0.0749740600585938 0.0118789672851563 0.0986709594726563
0.0314865112304688 -0.0779342651367187 -0.0203933715820312 0.0888290405273438
0.0734786987304688 -0.0394210815429688 -0.0557022094726563 0.0440788269042969
0.078643798828125 0.0539779663085938 -0.0503730773925781 -0.00723648071289063
0.0238189697265625 0.0915145874023438 0.0202999114990234 0.0114154815673828
-0.0402755737304687 0.0850601196289063 -0.00534820556640624 0.132080078125
0.0626564025878906 -0.0149154663085938 -0.00465393066406248 -0.151290893554688
0.006256103515625 -0.0587310791015625 -0.0217838287353516 -0.0271568298339844
-0.0404396057128906 -0.0364494323730469 0.0596961975097656 0.0111770629882812
-0.0431632995605469 0.00884246826171875 0.0818939208984375 -0.0545120239257813
-0.0217094421386719 0.0345230102539063 0.0330657958984375 -0.104248046875
0.00747299194335937 0.0431900024414063 -0.0266571044921875 -0.114448547363281
0.0114288330078125 0.0327835083007812 -0.0707244873046875 -0.091339111328125
0.00842857360839844 0.0294742584228516 -0.0628166198730469 -0.0639991760253906
0.00543975830078125 0.0331172943115234 -0.0572776794433594 -0.0480003356933594
-0.0149478912353516 0.0249061584472656 -0.0479927062988281 -0.0464286804199219
-0.0294532775878906 0.00108146667480469 -0.0497779846191406 -0.0488662719726563
-0.0162467956542969 -0.0340938568115234 -0.0493240356445313 -0.0761947631835937
0.0265464782714844 -0.0442276000976563 -0.0324935913085937 -0.1102294921875
0.0627326965332031 -0.0204048156738281 -0.0511627197265625 -0.143264770507813
0.0762557983398438 0.0153732299804688 -0.06561279296875 -0.161346435546875
0.0808029174804688 0.0531005859375 0.020965576171875 -0.153228759765625
0.0456085205078125 -0.0156135559082031 -0.00768852233886718 -0.0305862426757813
0.0173149108886719 -0.0256195068359375 0.0700874328613281 0.0185813903808594
-0.00290679931640625 -0.0165567398071289 0.0966110229492188 -0.0527191162109375
-0.00468540191650391 -0.00440502166748047 0.0483474731445313 -0.109466552734375
-0.00600337982177734 0.00132465362548828 -0.0235977172851562 -0.124565124511719
-0.0151195526123047 -0.00306129455566406 -0.0730819702148438 -0.0955657958984375
-0.0117721557617188 -0.00582027435302734 -0.0640182495117188 -0.0613136291503906
-0.0172653198242188 -0.00554275512695313 -0.0593223571777344 -0.046600341796875
-0.0180530548095703 -0.0150661468505859 -0.0523948669433594 -0.0425491333007813
-0.005035400390625 -0.0334148406982422 -0.0506782531738281 -0.0413360595703125
0.02655029296875 -0.04443359375 -0.0503387451171875 -0.0686531066894531
0.071258544921875 -0.0118637084960937 -0.036712646484375 -0.0965347290039063
0.0930023193359375 0.0291976928710937 -0.0521087646484375 -0.127456665039063
0.08685302734375 0.0817489624023438 -0.0561676025390625 -0.14154052734375
0.0812835693359375 0.118156433105469 0.05108642578125 -0.129745483398438
0.074737548828125 0.0407485961914063 0.0119409561157227 -0.0167675018310547
0.0772552490234375 0.00235748291015625 0.081085205078125 0.034576416015625
0.0485458374023438 -0.0341110229492188 0.11199951171875 -0.0402603149414063
0.0228691101074219 -0.0436439514160156 0.0674819946289063 -0.102432250976563
-0.0121574401855469 -0.0431251525878906 -0.0121841430664062 -0.122970581054688
-0.0369758605957031 -0.0405464172363281 -0.0637130737304688 -0.089752197265625
-0.0299644470214844 -0.0417442321777344 -0.0560188293457031 -0.0490493774414063
-0.0394821166992187 -0.0423431396484375 -0.0528526306152344 -0.0338554382324219
-0.0252189636230469 -0.0523719787597656 -0.0515785217285156 -0.0258674621582031
0.00952148437499999 -0.0677680969238281 -0.0516738891601563 -0.0239181518554688
0.0571174621582031 -0.061981201171875 -0.0549049377441406 -0.0518264770507813
0.109725952148437 0.00411224365234375 -0.0446929931640625 -0.0779190063476563
0.119621276855469 0.0612030029296875 -0.0482101440429687 -0.103309631347656
0.0921249389648437 0.130149841308594 -0.0438156127929687 -0.102615356445312
0.0641937255859375 0.165786743164063 0.0769195556640625 -0.0810089111328125
0.0853729248046875 0.0977020263671875 0.0323066711425781 0.0121555328369141
0.126205444335938 0.04388427734375 0.08673095703125 0.0590133666992187
0.10015869140625 -0.03759765625 0.121589660644531 -0.0153961181640625
0.0566482543945313 -0.0724411010742188 0.0820693969726563 -0.0794754028320313
-0.0107955932617187 -0.0832748413085938 0.00350952148437501 -0.106727600097656
-0.05108642578125 -0.0727081298828125 -0.0462875366210937 -0.0728912353515625
-0.0435714721679688 -0.070281982421875 -0.040374755859375 -0.0292282104492188
-0.0582504272460938 -0.0704269409179687 -0.0388298034667969 -0.0140533447265625
-0.0353012084960938 -0.0810623168945313 -0.043731689453125 -0.0015869140625
0.0145950317382813 -0.0971298217773438 -0.0469818115234375 -9.91821289062581E-05
0.0748977661132813 -0.08038330078125 -0.0567092895507812 -0.0297737121582031
0.135696411132813 0.0091705322265625 -0.0502777099609375 -0.0578041076660156
0.135154724121094 0.0788955688476563 -0.0371551513671875 -0.0784378051757812
0.08746337890625 0.157974243164062 -0.0286064147949219 -0.0530776977539062
0.035980224609375 0.185348510742187 0.0936431884765625 -0.0170059204101562
0.0726776123046875 0.13909912109375 0.0482330322265625 0.0525360107421875
0.144775390625 0.087921142578125 0.0824203491210938 0.0842361450195313
0.135353088378906 -0.0241622924804688 0.118331909179688 0.0158233642578125
0.0847091674804688 -0.0832290649414062 0.087890625 -0.0446853637695313
-0.00308990478515626 -0.107666015625 0.0194778442382813 -0.0761260986328125
-0.05609130859375 -0.0938262939453125 -0.0228729248046875 -0.0466995239257813
-0.049896240234375 -0.08740234375 -0.0188465118408203 -0.00458145141601563
-0.070220947265625 -0.0886154174804688 -0.0177097320556641 0.0103569030761719
-0.0421066284179688 -0.0986709594726563 -0.0291156768798828 0.0253238677978516
0.0173721313476562 -0.114692687988281 -0.03741455078125 0.0256462097167969
0.0822219848632813 -0.0895156860351563 -0.0543098449707031 -0.00656890869140625
0.144622802734375 0.014190673828125 -0.0505561828613281 -0.0391616821289063
0.132637023925781 0.0902633666992188 -0.0190696716308594 -0.0544891357421875
0.071075439453125 0.165924072265625 -0.0112190246582031 -0.000550270080566393
0.00207519531250001 0.1697998046875 0.0967864990234375 0.0512619018554688
0.0415496826171875 0.1502685546875 0.0558013916015625 0.0954742431640625
0.127967834472656 0.115127563476563 0.0701217651367188 0.101753234863281
0.141098022460938 -0.001953125 0.101348876953125 0.0458755493164063
0.0962600708007813 -0.07470703125 0.081085205078125 -0.00746917724609375
0.00617218017578126 -0.112266540527344 0.0306854248046875 -0.0380058288574219
-0.0516815185546875 -0.0987701416015625 0.00367641448974609 -0.0149831771850586
-0.0483016967773437 -0.0925064086914063 0.00562095642089843 0.0191631317138672
-0.0705718994140625 -0.0931396484375 0.00742530822753906 0.0343589782714844
-0.0430450439453125 -0.102973937988281 -0.0116157531738281 0.0529975891113281
0.0197982788085937 -0.117843627929688 -0.0253868103027344 0.0506629943847656
0.0855941772460938 -0.0855941772460938 -0.0510635375976562 0.0145378112792969
0.137741088867188 0.0253448486328125 -0.0493927001953125 -0.0245513916015625
0.111061096191406 0.0974502563476563 2.67028808593851E-05 -0.032470703125
0.0418243408203125 0.157608032226563 0.00328445434570313 0.0516738891601563
-0.0303192138671875 0.122505187988281 0.0933380126953125 0.108512878417969
0.00409698486328125 0.128219604492188 0.056732177734375 0.127853393554688
0.0847625732421875 0.114707946777344 0.0548019409179688 0.108901977539063
0.116058349609375 0.016845703125 0.078857421875 0.0661392211914063
0.0880355834960938 -0.0535507202148437 0.0670890808105469 0.0229339599609375
0.0110931396484375 -0.0963516235351563 0.0381622314453125 -0.00123596191406251
-0.0404052734375 -0.0882186889648438 0.027099609375 0.0151004791259766
-0.0405349731445313 -0.0828704833984375 0.0296897888183594 0.0410728454589844
-0.0602569580078125 -0.0866928100585938 0.0312042236328125 0.0571937561035156
-0.0356826782226563 -0.0949249267578125 0.00545501708984375 0.0777359008789063
0.0236892700195313 -0.106124877929688 -0.0178756713867188 0.07171630859375
0.082672119140625 -0.06976318359375 -0.0496635437011719 0.0330848693847656
0.117927551269531 0.0392532348632813 -0.0486297607421875 -0.0129852294921875
0.0754241943359375 0.100570678710938 0.0149879455566406 -0.0113019943237305
0.00414276123046876 0.132286071777344 0.00849151611328126 0.0974960327148438
-0.0548591613769531 0.0544509887695313 0.0840301513671875 0.141815185546875
-0.0300979614257812 0.079376220703125 0.0546417236328125 0.144058227539063
0.0315704345703125 0.0861892700195313 0.0425338745117188 0.104576110839844
0.0698738098144531 0.0252532958984375 0.060150146484375 0.075286865234375
0.060760498046875 -0.0260772705078125 0.0531997680664063 0.0424423217773438
0.0124931335449219 -0.0634689331054688 0.0426292419433594 0.0259323120117188
-0.0237350463867187 -0.0632553100585938 0.0453872680664063 0.0376319885253906
-0.0257377624511719 -0.0613784790039063 0.0492706298828125 0.0567665100097656
-0.0405311584472656 -0.0661659240722656 0.0508880615234375 0.0771102905273438
-0.022125244140625 -0.073883056640625 0.0181961059570313 0.0994949340820313
0.0265121459960938 -0.08056640625 -0.0155410766601563 0.0902557373046875
0.07061767578125 -0.045013427734375 -0.0545845031738281 0.0471763610839844
0.0834274291992188 0.0491256713867188 -0.0513916015625 -0.00603485107421874
0.029205322265625 0.090057373046875 0.0211353302001953 0.00883865356445313
-0.0350341796875 0.0886611938476562 0.00338745117187499 0.133171081542969
0.0612068176269531 -0.0183639526367188 -0.0115966796875 -0.149490356445313
0.00327301025390624 -0.0570144653320312 -0.0231609344482422 -0.0236053466796875
-0.042022705078125 -0.0340156555175781 0.0601119995117188 0.00893783569335937
-0.0427780151367188 0.0111236572265625 0.0793609619140625 -0.0562896728515625
-0.02032470703125 0.0357017517089844 0.0291671752929687 -0.103363037109375
0.0102653503417969 0.0419425964355469 -0.0301742553710938 -0.112556457519531
0.0135974884033203 0.0312614440917969 -0.07366943359375 -0.0881118774414063
0.00972366333007813 0.0279655456542969 -0.0646553039550781 -0.0613594055175781
0.00727462768554687 0.0307865142822266 -0.0583686828613281 -0.0457649230957031
-0.0123519897460938 0.0248317718505859 -0.0494232177734375 -0.0445899963378906
-0.0276470184326172 0.00267791748046876 -0.0514068603515625 -0.0473136901855469
-0.0178375244140625 -0.0329093933105469 -0.052215576171875 -0.0744400024414062
0.0243682861328125 -0.04449462890625 -0.0364608764648438 -0.108451843261719
0.0612106323242187 -0.0226707458496094 -0.0551223754882812 -0.14007568359375
0.0765838623046875 0.0115966796875 -0.0711822509765625 -0.15814208984375
0.0822525024414062 0.0484695434570312 0.0135040283203125 -0.152206420898438
0.0441474914550781 -0.0163421630859375 -0.0101757049560547 -0.0279502868652344
0.0153350830078125 -0.0254859924316406 0.0709915161132813 0.0164947509765625
-0.00416946411132812 -0.0157194137573242 0.09442138671875 -0.0555572509765625
-0.00473165512084961 -0.00499105453491211 0.0444183349609375 -0.109710693359375
-0.00489950180053711 0.00200080871582031 -0.0274505615234375 -0.1224365234375
-0.014470100402832 -0.00239849090576172 -0.07562255859375 -0.0915145874023438
-0.0117654800415039 -0.00647544860839844 -0.0657310485839844 -0.0587310791015625
-0.0161495208740234 -0.0055990219116211 -0.0603065490722656 -0.0430641174316406
-0.0166110992431641 -0.0143833160400391 -0.0533332824707031 -0.0397529602050781
-0.00564956665039062 -0.0321559906005859 -0.0529022216796875 -0.0399971008300781
0.0247383117675781 -0.044677734375 -0.0535545349121094 -0.0673751831054688
0.0693740844726562 -0.0144500732421875 -0.040924072265625 -0.0952682495117188
0.092681884765625 0.0250015258789063 -0.0555038452148437 -0.124534606933594
0.0897216796875 0.076934814453125 -0.0605010986328125 -0.138595581054688
0.085662841796875 0.113525390625 0.0442123413085938 -0.130233764648438
0.0748519897460938 0.03759765625 0.00917434692382813 -0.0164566040039062
0.0774459838867188 -0.0004425048828125 0.082061767578125 0.0326309204101563
0.046173095703125 -0.0357284545898438 0.110260009765625 -0.0439834594726563
0.0212249755859375 -0.0443992614746094 0.0629425048828125 -0.103736877441406
-0.0136184692382813 -0.0422248840332031 -0.0167312622070312 -0.121368408203125
-0.038360595703125 -0.0381660461425781 -0.06671142578125 -0.0858917236328125
-0.0312423706054688 -0.0403938293457031 -0.0573043823242187 -0.0465431213378906
-0.0399055480957031 -0.0401611328125 -0.0538978576660156 -0.0312538146972656
-0.0261383056640625 -0.0501976013183594 -0.0517845153808594 -0.0230941772460938
0.00692367553710937 -0.0667686462402344 -0.0528640747070312 -0.0218696594238281
0.0543174743652344 -0.0633468627929688 -0.0578651428222656 -0.0505485534667969
0.10833740234375 -0.00032806396484375 -0.0482330322265625 -0.0770416259765625
0.120460510253906 0.0555419921875 -0.0521087646484375 -0.1011962890625
0.0969467163085938 0.125320434570313 -0.0473480224609375 -0.100784301757812
0.0714263916015625 0.162704467773438 0.0716552734375 -0.0833511352539062
0.0879287719726563 0.0942230224609375 0.0305995941162109 0.0121784210205078
0.126739501953125 0.0382537841796875 0.0890884399414063 0.0566864013671875
0.0976715087890625 -0.0410003662109375 0.120567321777344 -0.0194320678710938
0.0527725219726562 -0.07476806640625 0.0792922973632813 -0.0817947387695313
-0.0139617919921875 -0.0813064575195313 -0.000389099121093752 -0.10577392578125
-0.0538139343261719 -0.0694351196289062 -0.04876708984375 -0.06964111328125
-0.0463447570800781 -0.0680313110351563 -0.04034423828125 -0.0266838073730469
-0.0604095458984375 -0.0666732788085938 -0.0388679504394531 -0.0112380981445312
-0.0376205444335938 -0.07781982421875 -0.04364013671875 0.000968933105468751
0.0104522705078125 -0.0963287353515625 -0.0475578308105469 0.00206756591796874
0.0706939697265625 -0.0821304321289063 -0.0590591430664063 -0.0282630920410156
0.134529113769531 0.003326416015625 -0.0523605346679688 -0.0562705993652344
0.13616943359375 0.0727005004882813 -0.0398712158203125 -0.077239990234375
0.093780517578125 0.15380859375 -0.0300407409667969 -0.0527191162109375
0.04327392578125 0.182510375976563 0.0895614624023438 -0.0204544067382812
0.0768280029296875 0.136405944824219 0.0468940734863281 0.0511283874511719
0.147689819335937 0.0806732177734375 0.08599853515625 0.0816726684570313
0.132675170898438 -0.0291213989257813 0.118217468261719 0.0123672485351563
0.081268310546875 -0.0864791870117188 0.0860824584960938 -0.0484085083007813
-0.00813293457031249 -0.106163024902344 0.0155181884765625 -0.0759429931640625
-0.05938720703125 -0.0894699096679688 -0.0241203308105469 -0.0444450378417969
-0.05419921875 -0.0854339599609375 -0.0179347991943359 -0.00364494323730469
-0.0726165771484375 -0.0835037231445312 -0.0167245864868164 0.0123109817504883
-0.0463180541992188 -0.094573974609375 -0.0281620025634766 0.0277824401855469
0.0111083984375 -0.11370849609375 -0.0359535217285156 0.0270423889160156
0.077972412109375 -0.0919265747070312 -0.0554885864257812 -0.00501632690429687
0.143753051757813 0.0074005126953125 -0.0529365539550781 -0.037811279296875
0.13397216796875 0.0837936401367188 -0.021484375 -0.0545730590820312
0.0768280029296875 0.162796020507813 -0.0108528137207031 -0.00122642517089843
0.0084991455078125 0.168655395507813 0.0966415405273438 0.0469894409179688
0.046783447265625 0.148223876953125 0.0564956665039063 0.092010498046875
0.132545471191406 0.108230590820313 0.0746078491210938 0.100326538085938
0.1395263671875 -0.0074005126953125 0.102561950683594 0.0414505004882813
0.0934600830078125 -0.0780258178710938 0.0803375244140625 -0.0108795166015625
0.000846862792968741 -0.110755920410156 0.028472900390625 -0.0392379760742188
-0.0565872192382812 -0.0944900512695313 0.00233745574951171 -0.0138130187988281
-0.0525360107421875 -0.0889892578125 0.00771331787109375 0.0195255279541016
-0.0735244750976562 -0.0887908935546875 0.00911712646484375 0.0350704193115234
-0.0471343994140625 -0.0988922119140625 -0.0089874267578125 0.0537834167480469
0.0129547119140625 -0.116737365722656 -0.0247306823730469 0.05078125
0.0807723999023438 -0.0880355834960938 -0.0512771606445312 0.0161895751953125
0.137298583984375 0.0192489624023438 -0.0501594543457031 -0.0239448547363281
0.113067626953125 0.092254638671875 -0.00170707702636718 -0.0346908569335937
0.04803466796875 0.155258178710938 0.0048675537109375 0.049774169921875
-0.0246047973632812 0.123519897460938 0.0949249267578125 0.103416442871094
0.00826263427734375 0.127265930175781 0.059478759765625 0.124473571777344
0.0898818969726563 0.109947204589844 0.0589447021484375 0.107505798339844
0.115180969238281 0.01165771484375 0.081268310546875 0.0632858276367187
0.0849609375 -0.0572433471679688 0.06805419921875 0.0204429626464844
0.00603485107421875 -0.0947952270507813 0.0375404357910156 -0.00293350219726563
-0.0452194213867187 -0.0842208862304688 0.0276851654052734 0.0143718719482422
-0.044189453125 -0.08026123046875 0.0318183898925781 0.0403709411621094
-0.0639724731445312 -0.0817184448242188 0.0334434509277344 0.0571861267089844
-0.0403060913085937 -0.0907135009765625 0.00867462158203125 0.0778961181640625
0.01812744140625 -0.105575561523437 -0.015625 0.0719528198242188
0.0787582397460938 -0.0723342895507813 -0.049560546875 0.0345344543457031
0.119064331054687 0.0337600708007813 -0.0497627258300781 -0.0123825073242187
0.0781631469726563 0.0963134765625 0.0134153366088867 -0.0136947631835937
0.00968170166015624 0.131340026855469 0.0126419067382812 0.095062255859375
-0.0521125793457031 0.0562667846679687 0.0868072509765625 0.137550354003906
-0.0263519287109375 0.0799407958984375 0.0578765869140625 0.140480041503906
0.0358657836914063 0.0839309692382813 0.0465850830078125 0.103004455566406
0.0705032348632813 0.0219039916992188 0.063140869140625 0.0725936889648437
0.0589179992675781 -0.0290946960449219 0.0549850463867188 0.0398788452148438
0.00905990600585937 -0.063201904296875 0.0429115295410156 0.0243148803710937
-0.0268516540527344 -0.0598945617675781 0.0467376708984375 0.0363197326660156
-0.0286903381347656 -0.0589447021484375 0.0517807006835938 0.0545730590820313
-0.0426712036132813 -0.06341552734375 0.0531082153320313 0.0753555297851563
-0.0259628295898438 -0.0711441040039063 0.0210037231445312 0.0990371704101563
0.0217208862304688 -0.0807723999023438 -0.0126190185546875 0.090484619140625
0.0679244995117188 -0.0478286743164062 -0.0525131225585937 0.0483856201171875
0.0851974487304688 0.0445327758789063 -0.0519828796386719 -0.00495910644531249
0.0326690673828125 0.08770751953125 0.0202598571777344 0.00586128234863282
-0.030242919921875 0.0894317626953125 0.00823974609375001 0.130699157714844
0.0604286193847656 -0.01995849609375 -0.014801025390625 -0.147735595703125
0.00175094604492188 -0.0559730529785156 -0.0235157012939453 -0.0212688446044922
-0.0426406860351562 -0.0319786071777344 0.0609779357910156 0.00859832763671875
-0.0424346923828125 0.0118522644042969 0.0790328979492188 -0.0563583374023438
-0.0197181701660156 0.0357475280761719 0.0284576416015625 -0.102806091308594
0.0117263793945312 0.0411567687988281 -0.0307540893554688 -0.111968994140625
0.0152339935302734 0.0299739837646484 -0.0742263793945313 -0.0863113403320313
0.010528564453125 0.0272979736328125 -0.0655670166015625 -0.0611686706542969
0.00904083251953125 0.0294361114501953 -0.0586128234863281 -0.0447998046875
-0.0103092193603516 0.0247535705566406 -0.0498046875 -0.0438308715820312
-0.0262794494628906 0.00382423400878907 -0.0521926879882812 -0.0471115112304688
-0.0185871124267578 -0.0315093994140625 -0.0543289184570312 -0.0739212036132813
0.0222053527832031 -0.0444526672363281 -0.0376205444335937 -0.107528686523438
0.0596733093261719 -0.0225868225097656 -0.055694580078125 -0.138229370117188
0.0759735107421875 0.00959014892578125 -0.0725250244140625 -0.156158447265625
0.0825119018554687 0.0460662841796875 0.0103759765625 -0.15118408203125
0.0430107116699219 -0.0163383483886719 -0.0115509033203125 -0.0258579254150391
0.0144424438476563 -0.0250663757324219 0.0712203979492188 0.0161819458007812
-0.0049896240234375 -0.0150527954101562 0.0934219360351563 -0.055999755859375
-0.00460624694824219 -0.00433158874511719 0.0429306030273438 -0.109237670898438
-0.00420975685119629 0.00187873840332031 -0.0286636352539062 -0.121719360351562
-0.0136089324951172 -0.00224590301513672 -0.0770263671875 -0.0896987915039063
-0.0117101669311523 -0.00673580169677734 -0.0657119750976563 -0.0574913024902344
-0.0154714584350586 -0.00579357147216797 -0.0604324340820313 -0.042388916015625
-0.0155706405639648 -0.0139560699462891 -0.0534591674804687 -0.0386505126953125
-0.00573921203613281 -0.0310859680175781 -0.0537567138671875 -0.0390777587890625
0.0234527587890625 -0.0444297790527344 -0.0552406311035156 -0.0670928955078125
0.0680694580078125 -0.015380859375 -0.0419464111328125 -0.0941009521484375
0.0909500122070313 0.0235137939453125 -0.0568466186523437 -0.123298645019531
0.0903244018554687 0.0744094848632812 -0.0622787475585937 -0.137855529785156
0.0871505737304687 0.111236572265625 0.0401763916015625 -0.130401611328125
0.0749740600585938 0.0372543334960937 0.00736618041992188 -0.0143871307373047
0.0764923095703125 -0.00171661376953125 0.08343505859375 0.0323867797851563
0.0449295043945313 -0.03533935546875 0.109886169433594 -0.0442886352539063
0.0204582214355469 -0.0450057983398438 0.061676025390625 -0.103912353515625
-0.01422119140625 -0.0411796569824219 -0.0182571411132813 -0.1201171875
-0.0380325317382813 -0.0366439819335938 -0.0677490234375 -0.0842971801757812
-0.0316543579101563 -0.0399894714355469 -0.0568008422851563 -0.0452079772949219
-0.0402297973632812 -0.0391960144042969 -0.0535011291503906 -0.0292816162109375
-0.0260391235351563 -0.0486183166503906 -0.0525550842285156 -0.0216331481933594
0.00604248046875 -0.0655174255371094 -0.0532989501953125 -0.0213165283203125
0.0532989501953125 -0.0634498596191406 -0.0599098205566406 -0.0506057739257813
0.107307434082031 -0.00200653076171875 -0.0496139526367187 -0.0769882202148438
0.118873596191406 0.0534133911132812 -0.05328369140625 -0.101318359375
0.0980224609375 0.123062133789063 -0.048309326171875 -0.100395202636719
0.07342529296875 0.160385131835938 0.0679244995117188 -0.084228515625
0.0881805419921875 0.0931243896484375 0.0280590057373047 0.0125274658203125
0.127212524414063 0.0359039306640625 0.0906524658203125 0.0562591552734375
0.0961227416992188 -0.0421829223632813 0.120681762695313 -0.02056884765625
0.0516357421875 -0.07568359375 0.0777816772460938 -0.0827713012695313
-0.0154647827148438 -0.079376220703125 -0.00238037109374999 -0.103981018066406
-0.0547027587890625 -0.0663604736328125 -0.04888916015625 -0.0672645568847656
-0.0470161437988281 -0.0673408508300781 -0.0396690368652344 -0.0259857177734375
-0.0610160827636719 -0.0653610229492188 -0.0380668640136719 -0.0100212097167969
-0.0380172729492187 -0.0761337280273438 -0.0436172485351563 0.00260162353515624
0.00878906249999999 -0.0948257446289063 -0.04779052734375 0.00256729125976561
0.0690689086914063 -0.082763671875 -0.0605354309082031 -0.0278854370117187
0.133430480957031 0.0010223388671875 -0.0541572570800781 -0.0572090148925781
0.135101318359375 0.070037841796875 -0.0413970947265625 -0.0774612426757813
0.095672607421875 0.151473999023438 -0.0305404663085938 -0.0530128479003906
0.046173095703125 0.181121826171875 0.0866012573242188 -0.0217742919921875
0.077117919921875 0.134841918945313 0.0452919006347656 0.0508651733398438
0.14910888671875 0.078399658203125 0.0875778198242188 0.0815658569335938
0.131507873535156 -0.0307159423828125 0.11810302734375 0.0110092163085937
0.0792465209960937 -0.0879135131835937 0.084991455078125 -0.0495071411132813
-0.00983428955078124 -0.104042053222656 0.0137100219726563 -0.0746231079101563
-0.0608673095703125 -0.085906982421875 -0.0246391296386719 -0.0434341430664063
-0.0550918579101562 -0.0835952758789062 -0.0172061920166016 -0.00293636322021485
-0.074005126953125 -0.0810546875 -0.0165290832519531 0.0131940841674805
-0.0478134155273438 -0.09161376953125 -0.0280189514160156 0.0290622711181641
0.00859069824218749 -0.112701416015625 -0.0366592407226563 0.027374267578125
0.0756301879882813 -0.09271240234375 -0.05706787109375 -0.00485229492187501
0.143661499023438 0.005218505859375 -0.0544471740722656 -0.0383644104003906
0.133743286132813 0.0807037353515625 -0.0233497619628906 -0.0555877685546875
0.079498291015625 0.16107177734375 -0.0109777450561523 -0.00165367126464843
0.0114593505859375 0.168136596679688 0.0956573486328125 0.0450057983398438
0.0476226806640625 0.147705078125 0.0549850463867188 0.0911178588867188
0.134506225585938 0.106536865234375 0.0761947631835938 0.10003662109375
0.138298034667969 -0.0098419189453125 0.103515625 0.0410232543945313
0.0915069580078125 -0.0805587768554688 0.080078125 -0.011627197265625
-0.00151062011718749 -0.108566284179688 0.0269203186035156 -0.03814697265625
-0.0578994750976562 -0.0916213989257813 0.00263977050781249 -0.0133199691772461
-0.0545425415039062 -0.0875930786132813 0.00877571105957031 0.0196475982666016
-0.0751953125 -0.08587646484375 0.00905990600585937 0.0357589721679688
-0.0491409301757813 -0.0958480834960937 -0.00846481323242188 0.0550537109375
0.0110397338867188 -0.11614990234375 -0.0240936279296875 0.0504302978515625
0.0776901245117188 -0.0894851684570313 -0.0523605346679687 0.01605224609375
0.138053894042969 0.0160903930664063 -0.0517234802246094 -0.0243263244628906
0.113189697265625 0.0898971557617188 -0.00294113159179686 -0.0351142883300781
0.0505218505859375 0.153793334960937 0.00510025024414063 0.0483169555664063
-0.0222854614257812 0.123558044433594 0.0941314697265625 0.101051330566406
0.00985717773437501 0.126632690429688 0.058380126953125 0.122520446777344
0.0917205810546875 0.107864379882813 0.0603713989257812 0.106918334960938
0.114593505859375 0.00959014892578125 0.0822219848632813 0.06195068359375
0.0834808349609375 -0.058990478515625 0.0684432983398438 0.01934814453125
0.00405883789062499 -0.0931320190429687 0.0364837646484375 -0.00270462036132813
-0.0469589233398437 -0.08123779296875 0.0277957916259766 0.0142555236816406
-0.0458602905273438 -0.0787353515625 0.0335578918457031 0.0398826599121094
-0.065704345703125 -0.0790023803710938 0.0341987609863281 0.0567550659179687
-0.0420074462890625 -0.088043212890625 0.0095367431640625 0.078369140625
0.0153732299804688 -0.104499816894531 -0.0148544311523437 0.0714645385742188
0.0760726928710938 -0.07366943359375 -0.04986572265625 0.0341262817382812
0.118614196777344 0.0307540893554688 -0.0508041381835937 -0.0127601623535156
0.0786895751953125 0.0937423706054688 0.0123329162597656 -0.0151138305664062
0.0125350952148437 0.130325317382813 0.0138473510742188 0.0934829711914063
-0.0511131286621094 0.0575370788574219 0.0868606567382812 0.134872436523438
-0.0250015258789062 0.0803756713867188 0.0583038330078125 0.138908386230469
0.0379180908203125 0.082763671875 0.0473403930664063 0.102775573730469
0.07086181640625 0.0195159912109375 0.0638961791992188 0.0715789794921875
0.0574874877929687 -0.0307502746582031 0.0558319091796875 0.038665771484375
0.00743484497070313 -0.0621910095214844 0.0424308776855469 0.0240631103515625
-0.0292701721191406 -0.0575218200683594 0.0465164184570312 0.0353240966796875
-0.0303878784179687 -0.0575790405273437 0.0533294677734375 0.054046630859375
-0.0446281433105469 -0.0613288879394531 0.0538864135742188 0.0748291015625
-0.0270309448242188 -0.0694389343261719 0.022491455078125 0.0984573364257813
0.0192413330078125 -0.0805511474609375 -0.0119781494140625 0.0895156860351562
0.0660285949707031 -0.048583984375 -0.0526008605957031 0.0489082336425781
0.0855941772460938 0.0425567626953125 -0.0532417297363281 -0.00522613525390624
0.0342330932617188 0.0867767333984375 0.0195789337158203 0.00361442565917969
-0.0281524658203125 0.0890350341796875 0.0101852416992187 0.12860107421875
0.0605049133300781 -0.0212898254394531 -0.0158233642578125 -0.149261474609375
0.00150299072265625 -0.0565681457519531 -0.0238971710205078 -0.0198593139648438
-0.0434799194335938 -0.0317344665527344 0.0623970031738281 0.00934600830078125
-0.0437240600585938 0.0132369995117188 0.0813522338867188 -0.0572357177734375
-0.0191688537597656 0.036376953125 0.0293807983398437 -0.103691101074219
0.0129203796386719 0.0409164428710938 -0.0307846069335937 -0.114372253417969
0.0166282653808594 0.0299167633056641 -0.0756072998046875 -0.087554931640625
0.01129150390625 0.0263271331787109 -0.0666122436523438 -0.0625495910644531
0.00950241088867187 0.0281810760498047 -0.0598907470703125 -0.0460548400878906
-0.009246826171875 0.0245800018310547 -0.0514564514160156 -0.0449256896972656
-0.0258998870849609 0.00429534912109374 -0.0538864135742188 -0.0488853454589844
-0.0190372467041016 -0.0313434600830078 -0.0551986694335938 -0.0757293701171875
0.021728515625 -0.0447006225585938 -0.0374832153320312 -0.109146118164063
0.0598602294921875 -0.0230903625488281 -0.05584716796875 -0.140518188476563
0.0768966674804688 0.0081634521484375 -0.0733795166015625 -0.158294677734375
0.0830001831054687 0.0454864501953125 0.00860595703125001 -0.153472900390625
0.0433616638183594 -0.0162010192871094 -0.0130386352539062 -0.0242748260498047
0.0144271850585938 -0.0244655609130859 0.0734634399414063 0.016815185546875
-0.00507164001464844 -0.014613151550293 0.0957489013671875 -0.0567169189453125
-0.0046544075012207 -0.00430870056152344 0.0437393188476563 -0.110824584960938
-0.00333333015441894 0.00179243087768555 -0.0288314819335938 -0.123313903808594
-0.012786865234375 -0.00167083740234375 -0.07806396484375 -0.0905075073242188
-0.0114555358886719 -0.00770854949951172 -0.0669746398925781 -0.0586051940917969
-0.0155429840087891 -0.00675106048583984 -0.0618629455566406 -0.0431861877441406
-0.0147123336791992 -0.0140666961669922 -0.0548362731933594 -0.0391921997070313
-0.00480461120605469 -0.0307197570800781 -0.0550003051757813 -0.0409965515136719
0.0238037109375 -0.0441055297851562 -0.0572471618652344 -0.0684738159179688
0.0682373046875 -0.014984130859375 -0.0426101684570313 -0.096771240234375
0.0915145874023438 0.0239105224609375 -0.0572433471679687 -0.125434875488281
0.0919189453125 0.074676513671875 -0.0629425048828125 -0.140945434570312
0.0888824462890625 0.111610412597656 0.0386428833007812 -0.132553100585938
0.0752944946289063 0.0390396118164063 0.00576114654541016 -0.0136137008666992
0.0775985717773438 -0.00075531005859375 0.0861740112304688 0.033966064453125
0.0451202392578125 -0.0356483459472656 0.1123046875 -0.0443801879882813
0.0208396911621094 -0.0457992553710938 0.0628433227539063 -0.105667114257813
-0.0135345458984375 -0.0412254333496094 -0.0182876586914062 -0.12127685546875
-0.0383033752441406 -0.036651611328125 -0.0688400268554688 -0.0847549438476563
-0.0324172973632813 -0.0408401489257813 -0.0572280883789062 -0.0460739135742188
-0.0407447814941406 -0.0396919250488281 -0.0546302795410156 -0.0297660827636719
-0.0248603820800781 -0.0492057800292969 -0.0535316467285156 -0.0211257934570312
0.00659561157226562 -0.0661659240722656 -0.0551109313964844 -0.0218620300292969
0.0538597106933594 -0.0641365051269531 -0.0617866516113281 -0.0518989562988281
0.108680725097656 -0.00174713134765625 -0.0508651733398437 -0.0786056518554688
0.119155883789063 0.0543289184570313 -0.0542984008789063 -0.103523254394531
0.0994796752929687 0.124443054199219 -0.04937744140625 -0.103172302246094
0.074462890625 0.162063598632813 0.0667495727539063 -0.08538818359375
0.0882644653320313 0.0954971313476563 0.0260772705078125 0.0143623352050781
0.130393981933594 0.0365676879882813 0.0931320190429688 0.0582199096679687
0.0971298217773438 -0.0420455932617188 0.123138427734375 -0.0203399658203125
0.05218505859375 -0.0777053833007813 0.0793228149414063 -0.084320068359375
-0.015716552734375 -0.0799789428710938 -0.00244903564453124 -0.104965209960938
-0.0556182861328125 -0.0660018920898438 -0.0496406555175781 -0.0683135986328125
-0.0480461120605469 -0.0680046081542969 -0.0393943786621094 -0.0264091491699219
-0.0621833801269531 -0.0659217834472656 -0.0390701293945313 -0.00918197631835938
-0.0384674072265625 -0.076263427734375 -0.0443496704101563 0.003631591796875
0.00862884521484375 -0.0955963134765625 -0.0492897033691406 0.00286102294921875
0.0698623657226563 -0.0837631225585938 -0.0632286071777344 -0.0294876098632813
0.135574340820313 0.001190185546875 -0.0558738708496094 -0.058563232421875
0.135635375976563 0.0712432861328125 -0.0425949096679687 -0.0796737670898438
0.09759521484375 0.153778076171875 -0.031768798828125 -0.0549430847167969
0.046539306640625 0.1832275390625 0.0862884521484375 -0.0221099853515625
0.0778121948242188 0.137619018554688 0.0433235168457031 0.0524177551269531
0.151641845703125 0.07861328125 0.090576171875 0.0838699340820313
0.133712768554688 -0.0309677124023438 0.121307373046875 0.0115737915039062
0.0800552368164062 -0.0905532836914062 0.08624267578125 -0.0498809814453125
-0.00990295410156249 -0.104530334472656 0.0134201049804687 -0.075225830078125
-0.062408447265625 -0.0854949951171875 -0.0248527526855469 -0.0425186157226563
-0.0563430786132812 -0.0844879150390625 -0.0158367156982422 -0.00251007080078126
-0.0748367309570313 -0.0808944702148438 -0.0163412094116211 0.0148324966430664
-0.0484085083007812 -0.0912322998046875 -0.0281963348388672 0.0306892395019531
0.00806427001953126 -0.113121032714844 -0.0384674072265625 0.0278129577636719
0.0765838623046875 -0.09417724609375 -0.0594062805175781 -0.0057525634765625
0.145660400390625 0.0052490234375 -0.0562896728515625 -0.0398597717285156
0.134658813476563 0.081512451171875 -0.0241928100585937 -0.0569839477539062
0.0812530517578125 0.164215087890625 -0.0115528106689453 -0.00292015075683593
0.0121612548828125 0.170440673828125 0.0948410034179688 0.0456161499023438
0.0473480224609375 0.150238037109375 0.0531692504882813 0.0937423706054688
0.1376953125 0.107719421386719 0.0780029296875 0.10260009765625
0.139640808105469 -0.0102310180664063 0.105697631835938 0.0421829223632813
0.0920791625976563 -0.0828170776367188 0.0820159912109375 -0.0122528076171875
-0.0019073486328125 -0.109161376953125 0.0274696350097656 -0.0380859375
-0.0597763061523437 -0.0908432006835938 0.00257110595703125 -0.0132846832275391
-0.0565109252929688 -0.0887908935546875 0.0101547241210937 0.0204944610595703
-0.0775299072265625 -0.0851669311523438 0.00965118408203124 0.0375442504882812
-0.0496444702148437 -0.0956497192382813 -0.00910186767578125 0.0563888549804687
0.0095367431640625 -0.116767883300781 -0.02520751953125 0.052001953125
0.0790786743164063 -0.0904464721679688 -0.0546035766601562 0.016204833984375
0.13983154296875 0.0163650512695312 -0.0541152954101562 -0.0251312255859375
0.114608764648438 0.0908050537109375 -0.00380325317382811 -0.0363044738769531
0.052276611328125 0.156845092773438 0.00561904907226563 0.04852294921875
-0.0222930908203125 0.125396728515625 0.094024658203125 0.102447509765625
0.00986480712890624 0.128990173339844 0.0574951171875 0.124519348144531
0.09521484375 0.109443664550781 0.0609893798828125 0.109329223632813
0.115737915039062 0.00888824462890625 0.0838623046875 0.0631103515625
0.084014892578125 -0.0609054565429687 0.0696754455566406 0.0199203491210937
0.00370025634765624 -0.0936431884765625 0.0365791320800781 -0.00188064575195313
-0.0483474731445313 -0.0806045532226563 0.0281333923339844 0.0145511627197266
-0.0477752685546875 -0.0790634155273438 0.0353240966796875 0.0404548645019531
-0.0668869018554688 -0.0786056518554688 0.0347023010253906 0.0587501525878906
-0.0426406860351562 -0.087921142578125 0.00972747802734376 0.0805892944335938
0.0140533447265625 -0.105712890625 -0.0155410766601562 0.0725555419921875
0.0765914916992188 -0.0747299194335938 -0.0514640808105469 0.0342750549316406
0.120254516601562 0.0303802490234375 -0.0529060363769531 -0.0133285522460937
0.0797195434570313 0.0952377319335938 0.0116977691650391 -0.0166597366333008
0.0135726928710938 0.132553100585938 0.0143356323242187 0.09423828125
-0.0512847900390625 0.0587921142578125 0.0868453979492188 0.137641906738281
-0.0247268676757813 0.0817642211914063 0.0569839477539063 0.140525817871094
0.0397796630859375 0.0837936401367188 0.0477752685546875 0.104866027832031
0.0714492797851563 0.0189743041992188 0.0653762817382812 0.0736160278320312
0.0583152770996094 -0.0319976806640625 0.0566902160644531 0.03973388671875
0.00662612915039062 -0.062225341796875 0.0430145263671875 0.0241317749023437
-0.0301589965820313 -0.0572853088378906 0.0483970642089844 0.0357666015625
-0.0318565368652344 -0.0574989318847656 0.0545883178710938 0.0548858642578125
-0.0458602905273437 -0.0612945556640625 0.0556182861328125 0.0766677856445313
-0.0283851623535156 -0.0684776306152344 0.02276611328125 0.100814819335938
0.0182571411132813 -0.0811996459960938 -0.0127487182617188 0.0908432006835938
0.0658111572265625 -0.0490684509277344 -0.0546226501464844 0.0493812561035156
0.0877761840820313 0.0428924560546875 -0.0554656982421875 -0.00618743896484374
0.0346145629882812 0.0869674682617188 0.0189418792724609 0.00182533264160157
-0.0283203125 0.0908432006835938 0.0102462768554687 0.129623413085938
0.0620918273925781 -0.0234565734863281 -0.019378662109375 -0.1536865234375
0.000965118408203126 -0.0580558776855469 -0.025390625 -0.0184135437011719
-0.045562744140625 -0.0308723449707031 0.065460205078125 0.0093841552734375
-0.0448570251464844 0.0148811340332031 0.0844802856445313 -0.0602340698242188
-0.0193634033203125 0.0385360717773438 0.0305862426757813 -0.107490539550781
0.0148887634277344 0.0413780212402344 -0.0326461791992188 -0.118698120117188
0.018768310546875 0.0295925140380859 -0.0800628662109375 -0.0896835327148438
0.01220703125 0.0262374877929688 -0.0702133178710937 -0.0645713806152344
0.0100536346435547 0.02777099609375 -0.0633964538574219 -0.0480766296386719
-0.00799179077148437 0.0244808197021484 -0.0530662536621094 -0.0466232299804688
-0.0253944396972656 0.00475883483886718 -0.0572929382324219 -0.0501976013183594
-0.0201892852783203 -0.0318031311035156 -0.059173583984375 -0.078338623046875
0.0218505859375 -0.0458106994628906 -0.0390090942382813 -0.113327026367188
0.0617904663085938 -0.0246124267578125 -0.0575103759765625 -0.145233154296875
0.0792312622070313 0.00724029541015625 -0.077239990234375 -0.164169311523438
0.0867462158203125 0.0457916259765625 0.00614929199218752 -0.158599853515625
0.0443840026855469 -0.0164909362792969 -0.0142059326171875 -0.0228214263916016
0.0150375366210938 -0.0250339508056641 0.0776748657226563 0.0175323486328125
-0.00556755065917969 -0.0142955780029297 0.0999069213867188 -0.0592269897460938
-0.0048213005065918 -0.00427150726318359 0.0453567504882813 -0.114997863769531
-0.00263071060180664 0.00184106826782227 -0.0300369262695312 -0.127822875976563
-0.0122137069702148 -0.00254249572753906 -0.0816726684570313 -0.0927581787109375
-0.0118217468261719 -0.00809478759765625 -0.0696907043457031 -0.0608901977539063
-0.0160846710205078 -0.00767135620117187 -0.06451416015625 -0.0444183349609375
-0.014164924621582 -0.014948844909668 -0.0573692321777344 -0.0404090881347656
-0.0042572021484375 -0.0314464569091797 -0.0585823059082031 -0.0416946411132813
0.0242195129394531 -0.0457687377929688 -0.0613327026367188 -0.0712509155273438
0.0699996948242187 -0.0159645080566406 -0.0447921752929687 -0.1002197265625
0.0939483642578125 0.0236434936523438 -0.0598373413085937 -0.130317687988281
0.0950469970703125 0.0766372680664063 -0.06634521484375 -0.145462036132812
0.092742919921875 0.114631652832031 0.037017822265625 -0.137428283691406
0.0774383544921875 0.0403671264648437 0.00412654876708985 -0.0117263793945312
0.08062744140625 -0.0015411376953125 0.0908279418945313 0.03521728515625
0.0458793640136719 -0.0369796752929688 0.116607666015625 -0.04705810546875
0.0209236145019531 -0.04791259765625 0.0649871826171875 -0.1094970703125
-0.0142250061035156 -0.0420646667480469 -0.019927978515625 -0.124855041503906
-0.0391731262207031 -0.0365371704101563 -0.0717849731445313 -0.0866851806640625
-0.034271240234375 -0.0419387817382813 -0.0591583251953125 -0.0478019714355469
-0.04248046875 -0.0413665771484375 -0.056915283203125 -0.03009033203125
-0.0252532958984375 -0.0504875183105469 -0.0558128356933594 -0.0211639404296875
0.00673294067382813 -0.0676689147949219 -0.0580596923828125 -0.0220565795898438
0.0551185607910156 -0.0666046142578125 -0.0665969848632813 -0.0539932250976563
0.112335205078125 -0.00270843505859375 -0.05352783203125 -0.0821380615234375
0.123260498046875 0.0550994873046875 -0.0564804077148437 -0.107215881347656
0.104301452636719 0.128372192382813 -0.05242919921875 -0.107223510742187
0.0802001953125 0.167495727539063 0.0667037963867188 -0.0890731811523437
0.092010498046875 0.0996627807617188 0.0260467529296875 0.0165748596191406
0.135711669921875 0.036712646484375 0.0988998413085938 0.0601959228515625
0.0999984741210938 -0.0442581176757813 0.128532409667969 -0.0219879150390625
0.053497314453125 -0.0812225341796875 0.081939697265625 -0.0880584716796875
-0.0164642333984375 -0.0822067260742188 -0.003509521484375 -0.108627319335938
-0.0577850341796875 -0.0670127868652344 -0.0519027709960938 -0.0694236755371094
-0.050323486328125 -0.07012939453125 -0.0401268005371094 -0.0276985168457031
-0.0646705627441406 -0.066741943359375 -0.0405120849609375 -0.00849914550781251
-0.0397872924804688 -0.0772857666015625 -0.0458106994628906 0.00432205200195312
0.00799560546875001 -0.098236083984375 -0.0516700744628906 0.00283432006835936
0.0716552734375 -0.0874176025390625 -0.0675468444824219 -0.0305023193359375
0.140571594238281 0.0001983642578125 -0.0601425170898438 -0.06134033203125
0.140335083007813 0.0725173950195313 -0.0448455810546875 -0.0833358764648438
0.102615356445313 0.159622192382813 -0.0340538024902344 -0.056854248046875
0.0511474609375 0.190643310546875 0.0871124267578125 -0.0237503051757812
0.0813446044921875 0.143142700195313 0.0433731079101563 0.0549774169921875
0.159591674804688 0.0805816650390625 0.0963516235351563 0.087249755859375
0.138038635253906 -0.0333786010742187 0.125923156738281 0.0110931396484375
0.08221435546875 -0.0949630737304687 0.0896377563476563 -0.05316162109375
-0.0113372802734375 -0.107086181640625 0.0130615234375 -0.0772933959960937
-0.0651168823242187 -0.0865478515625 -0.0259208679199219 -0.0436019897460938
-0.0599594116210938 -0.0871810913085938 -0.0151128768920898 -0.00316047668457032
-0.0787353515625 -0.0828094482421875 -0.0167512893676758 0.0157032012939453
-0.0499343872070312 -0.09326171875 -0.0287075042724609 0.0327186584472656
0.00648498535156251 -0.116722106933594 -0.0399436950683594 0.0296401977539063
0.078704833984375 -0.0983734130859375 -0.0634346008300781 -0.00574874877929687
0.151336669921875 0.0040435791015625 -0.0602378845214844 -0.0416069030761719
0.139686584472656 0.0836410522460937 -0.0263290405273437 -0.0596237182617188
0.086669921875 0.170150756835938 -0.0126237869262695 -0.00337028503417968
0.01416015625 0.176910400390625 0.0961990356445312 0.0463333129882813
0.0504150390625 0.156875610351563 0.0538558959960938 0.0969924926757813
0.145278930664063 0.1087646484375 0.08294677734375 0.106727600097656
0.144943237304688 -0.0116119384765625 0.110336303710938 0.042327880859375
0.0942611694335938 -0.0881118774414063 0.0849990844726563 -0.0133438110351563
-0.0026702880859375 -0.112281799316406 0.0272254943847656 -0.0388450622558594
-0.06280517578125 -0.0906982421875 0.00324440002441406 -0.0127906799316406
-0.0595626831054688 -0.0906219482421875 0.0121440887451172 0.0207366943359375
-0.0808868408203125 -0.0869598388671875 0.0108680725097656 0.0403404235839844
-0.0526123046875 -0.096771240234375 -0.0083465576171875 0.0596885681152344
0.00743865966796875 -0.121017456054688 -0.0260353088378906 0.0538520812988281
0.0803070068359375 -0.0946578979492187 -0.0584182739257812 0.0165252685546875
0.1453857421875 0.0147552490234375 -0.0578041076660156 -0.0262374877929688
0.118690490722656 0.0929031372070313 -0.00433349609374999 -0.0394172668457031
0.056243896484375 0.162612915039063 0.00519180297851562 0.0494575500488281
-0.0218124389648437 0.130989074707031 0.09698486328125 0.10540771484375
0.011688232421875 0.134529113769531 0.0580673217773438 0.128883361816406
0.100189208984375 0.111343383789063 0.0649795532226563 0.112785339355469
0.119461059570313 0.00743865966796875 0.0874404907226563 0.0652847290039063
0.0861587524414063 -0.0650558471679688 0.0727920532226563 0.01983642578125
0.00241088867187499 -0.0963363647460938 0.0373725891113281 -0.00196456909179688
-0.0509719848632813 -0.0812759399414063 0.0295658111572266 0.0155086517333984
-0.0511627197265625 -0.0806427001953125 0.0378341674804688 0.0419044494628906
-0.0709457397460938 -0.0797195434570312 0.0374183654785156 0.0616455078125
-0.0451889038085937 -0.0886306762695313 0.0106277465820312 0.0841217041015625
0.0113754272460937 -0.109024047851563 -0.0159835815429688 0.0752716064453125
0.0786895751953125 -0.0778961181640625 -0.0542640686035156 0.0356788635253906
0.125823974609375 0.0304031372070313 -0.056396484375 -0.0135154724121094
0.0826187133789063 0.097686767578125 0.0113868713378906 -0.0187091827392578
0.0155105590820312 0.137321472167969 0.0151901245117188 0.0969009399414063
-0.0521392822265625 0.0624313354492188 0.0906524658203125 0.141571044921875
-0.024932861328125 0.085296630859375 0.05841064453125 0.144912719726563
0.0437393188476563 0.0854339599609375 0.0502471923828125 0.108123779296875
0.072906494140625 0.0187606811523437 0.0678024291992188 0.0753631591796875
0.0596733093261719 -0.0351409912109375 0.059600830078125 0.0411376953125
0.00572967529296876 -0.0636024475097656 0.0450096130371094 0.0255317687988281
-0.0329360961914063 -0.0570793151855469 0.0505638122558594 0.03692626953125
-0.0340843200683594 -0.0592117309570313 0.0582656860351563 0.0560226440429688
-0.0483283996582031 -0.0622978210449219 0.0593338012695313 0.080352783203125
-0.0306968688964844 -0.0699119567871094 0.0252914428710938 0.105377197265625
0.0163040161132812 -0.0845947265625 -0.0127944946289063 0.0937728881835937
0.0673370361328125 -0.0522117614746094 -0.0559539794921875 0.0511970520019531
0.0912399291992188 0.043182373046875 -0.0589637756347656 -0.00606155395507812
0.0371475219726563 0.0908050537109375 0.018951416015625 0.000656127929687506
-0.027252197265625 0.0937881469726562 0.0123138427734375 0.133453369140625
0.0632286071777344 -0.0273857116699219 -0.0258636474609375 -0.158218383789063
-0.0013885498046875 -0.0598220825195312 -0.0267314910888672 -0.0163059234619141
-0.04766845703125 -0.0297470092773437 0.0691032409667969 0.00790023803710937
-0.045745849609375 0.0179634094238281 0.086578369140625 -0.0649795532226563
-0.0184898376464844 0.0413932800292969 0.0299453735351562 -0.112663269042969
0.0175590515136719 0.04229736328125 -0.03753662109375 -0.123222351074219
0.0217647552490234 0.0291328430175781 -0.0859451293945313 -0.0912399291992188
0.0140228271484375 0.0263500213623047 -0.0766525268554688 -0.0654525756835937
0.0122661590576172 0.0276355743408203 -0.0685157775878906 -0.04840087890625
-0.00628280639648438 0.0246467590332031 -0.0582504272460937 -0.0469512939453125
-0.0254859924316406 0.00626373291015625 -0.0626792907714844 -0.0507354736328125
-0.0230731964111328 -0.0319976806640625 -0.064849853515625 -0.0804977416992187
0.0208816528320313 -0.0484275817871094 -0.04290771484375 -0.117805480957031
0.0628929138183594 -0.0276260375976563 -0.0637664794921875 -0.14996337890625
0.082672119140625 0.004486083984375 -0.085296630859375 -0.168777465820313
0.0917587280273438 0.0445938110351563 -0.00140380859375001 -0.16357421875
0.044891357421875 -0.0180587768554687 -0.0159225463867188 -0.0217952728271484
0.0150737762451172 -0.025909423828125 0.0824966430664063 0.0157546997070313
-0.00614833831787109 -0.0137996673583984 0.102653503417969 -0.0647964477539063
-0.0046844482421875 -0.00349950790405273 0.0444564819335938 -0.121078491210938
-0.00208592414855957 0.00180137157440186 -0.0358657836914063 -0.131828308105469
-0.0122947692871094 -0.00283336639404297 -0.0881729125976562 -0.0941085815429688
-0.0125007629394531 -0.00888729095458984 -0.075714111328125 -0.0615692138671875
-0.016331672668457 -0.00790977478027344 -0.0694923400878906 -0.0442924499511719
-0.0135107040405273 -0.0158290863037109 -0.061614990234375 -0.0401458740234375
-0.00419044494628907 -0.0320415496826172 -0.0630989074707031 -0.0422019958496094
0.0233840942382812 -0.0481414794921875 -0.0675582885742188 -0.0730209350585937
0.0727005004882813 -0.0181045532226563 -0.0494461059570312 -0.103767395019531
0.0978775024414063 0.0221633911132813 -0.0660324096679688 -0.134346008300781
0.101272583007813 0.0762557983398438 -0.0742950439453125 -0.150115966796875
0.101150512695312 0.115776062011719 0.0316314697265625 -0.14337158203125
0.0818939208984375 0.0401382446289063 0.00326061248779297 -0.0101585388183594
0.0851287841796875 -0.00423431396484375 0.0970306396484375 0.0336227416992188
0.0473403930664063 -0.0389747619628906 0.121307373046875 -0.0527725219726563
0.0200386047363281 -0.0499038696289063 0.06402587890625 -0.1168212890625
-0.0155143737792969 -0.0433425903320313 -0.0246200561523437 -0.128982543945313
-0.040924072265625 -0.0369796752929687 -0.0782241821289062 -0.087738037109375
-0.0366058349609375 -0.0433197021484375 -0.0634040832519531 -0.0477447509765625
-0.0460433959960938 -0.0413169860839844 -0.0610198974609375 -0.0297203063964844
-0.0267066955566406 -0.0518684387207031 -0.0594978332519531 -0.0198631286621094
0.0054779052734375 -0.0703506469726563 -0.0622787475585938 -0.0215110778808594
0.0559921264648438 -0.0716094970703125 -0.0732269287109375 -0.0550994873046875
0.117332458496094 -0.00589752197265625 -0.0590286254882813 -0.0841751098632813
0.129066467285156 0.0538330078125 -0.0629043579101562 -0.11102294921875
0.113327026367188 0.131057739257813 -0.0586013793945312 -0.110511779785156
0.0892181396484375 0.171234130859375 0.0634002685546875 -0.0949554443359375
0.0987014770507813 0.101821899414063 0.0252723693847656 0.0175380706787109
0.143707275390625 0.03399658203125 0.106620788574219 0.0595016479492188
0.102859497070313 -0.04901123046875 0.13360595703125 -0.0266571044921875
0.0523605346679687 -0.08740234375 0.0822601318359375 -0.094207763671875
-0.0191574096679688 -0.08453369140625 -0.00699615478515626 -0.112533569335937
-0.0616836547851563 -0.06695556640625 -0.0568275451660156 -0.0700912475585937
-0.0553054809570312 -0.072235107421875 -0.0420036315917969 -0.0276031494140625
-0.0702247619628906 -0.0669631958007813 -0.0424156188964844 -0.00730895996093751
-0.0435333251953125 -0.0786514282226563 -0.0476646423339844 0.00699234008789062
0.00466156005859375 -0.10205078125 -0.05499267578125 0.00502395629882811
0.0721511840820313 -0.0939254760742188 -0.073760986328125 -0.02996826171875
0.147293090820313 -0.004791259765625 -0.0650978088378906 -0.0625495910644531
0.148239135742188 0.0714874267578125 -0.049652099609375 -0.0860519409179688
0.112762451171875 0.163604736328125 -0.0376472473144531 -0.0591773986816406
0.06005859375 0.196792602539062 0.08782958984375 -0.0275344848632812
0.0893707275390625 0.148727416992188 0.0447006225585938 0.0575027465820313
0.170700073242187 0.07745361328125 0.1046142578125 0.0875778198242188
0.142257690429688 -0.0395050048828125 0.132362365722656 0.0075225830078125
0.0818328857421875 -0.102943420410156 0.0919265747070313 -0.057952880859375
-0.0146942138671875 -0.110687255859375 0.011566162109375 -0.0797195434570313
-0.0708694458007812 -0.086639404296875 -0.0283851623535156 -0.0443382263183594
-0.065643310546875 -0.08868408203125 -0.0148906707763672 -0.00302886962890626
-0.0859451293945313 -0.0821762084960938 -0.0164127349853516 0.0186042785644531
-0.0545196533203125 -0.0939865112304688 -0.0290107727050781 0.0364494323730469
0.00237274169921876 -0.121200561523438 -0.0410614013671875 0.0323066711425781
0.0785980224609375 -0.105400085449219 -0.0683479309082031 -0.00418472290039063
0.15814208984375 -0.00146484375 -0.065155029296875 -0.0410575866699219
0.14764404296875 0.0823211669921875 -0.0298194885253906 -0.0624732971191406
0.09674072265625 0.1754150390625 -0.0138368606567383 -0.00312137603759765
0.0222930908203125 0.184600830078125 0.100311279296875 0.0451202392578125
0.0570068359375 0.162338256835938 0.0572128295898438 0.100013732910156
0.156661987304688 0.108383178710938 0.0910720825195313 0.107170104980469
0.149795532226563 -0.0173492431640625 0.116302490234375 0.0414657592773438
0.0950775146484375 -0.0956039428710938 0.0889663696289063 -0.0164718627929688
-0.00710296630859375 -0.116226196289062 0.02691650390625 -0.0396194458007813
-0.068511962890625 -0.0914077758789062 0.00272464752197265 -0.013606071472168
-0.066162109375 -0.091644287109375 0.014678955078125 0.0213985443115234
-0.0874481201171875 -0.0868301391601563 0.0138931274414062 0.0428733825683594
-0.0573043823242187 -0.097869873046875 -0.00661087036132813 0.0633621215820312
0.00249481201171875 -0.124732971191406 -0.0261878967285156 0.0577125549316406
0.0805511474609375 -0.102981567382812 -0.0618476867675781 0.0192184448242187
0.152999877929688 0.010345458984375 -0.0619544982910156 -0.0252914428710938
0.126785278320313 0.093292236328125 -0.00682067871093749 -0.041229248046875
0.0644073486328125 0.168014526367188 0.00728607177734375 0.0505905151367188
-0.01727294921875 0.137496948242188 0.102821350097656 0.106353759765625
0.01708984375 0.140762329101562 0.0626144409179688 0.13311767578125
0.110389709472656 0.112327575683594 0.0718536376953125 0.114837646484375
0.125030517578125 0.00360870361328125 0.0930099487304688 0.0655288696289063
0.0866317749023437 -0.0720367431640625 0.07666015625 0.01873779296875
-0.00039672851562501 -0.09918212890625 0.0386619567871094 -0.00232315063476563
-0.0563278198242188 -0.080963134765625 0.0317039489746094 0.0153408050537109
-0.0569305419921875 -0.0816192626953125 0.0419731140136719 0.0417327880859375
-0.077423095703125 -0.0793380737304688 0.041778564453125 0.0637741088867188
-0.0506515502929688 -0.089691162109375 0.014892578125 0.0884857177734375
0.00672912597656251 -0.113792419433594 -0.0150070190429687 0.0789642333984375
0.077850341796875 -0.084808349609375 -0.0565643310546875 0.0395011901855469
0.132850646972656 0.0264892578125 -0.0601844787597656 -0.0120429992675781
0.0893325805664062 0.0993881225585938 0.0107002258300781 -0.0210342407226562
0.0215911865234375 0.143386840820313 0.019500732421875 0.0993118286132813
-0.0513229370117188 0.0667648315429687 0.09710693359375 0.144424438476563
-0.0223922729492188 0.0904312133789063 0.06439208984375 0.149642944335938
0.050201416015625 0.0877609252929688 0.0557327270507813 0.111259460449219
0.0770111083984375 0.0163421630859375 0.0734710693359375 0.0762557983398438
0.0601119995117188 -0.0392875671386719 0.0643806457519531 0.040557861328125
0.00352096557617187 -0.0667724609375 0.0475692749023438 0.0255203247070312
-0.0364341735839844 -0.0573921203613281 0.0544052124023438 0.0365676879882812
-0.0384597778320313 -0.0590629577636719 0.0635147094726563 0.0561408996582031
-0.0541267395019531 -0.0622482299804687 0.0652389526367188 0.0817184448242188
-0.0352783203125 -0.0708236694335938 0.0301437377929687 0.110298156738281
0.0127410888671875 -0.0886611938476563 -0.0113601684570313 0.0982894897460938
0.0682792663574219 -0.0573043823242187 -0.0584754943847656 0.0554313659667969
0.0974349975585937 0.0408172607421875 -0.0629539489746094 -0.00426101684570313
0.0412750244140625 0.09295654296875 0.0192527770996094 -0.00175857543945312
-0.0260772705078125 0.0998458862304688 0.0168228149414062 0.137916564941406
0.062164306640625 -0.0327644348144531 -0.03692626953125 -0.159683227539062
-0.00507736206054688 -0.0608787536621094 -0.0274181365966797 -0.0135097503662109
-0.050445556640625 -0.0271987915039063 0.0720291137695313 0.004730224609375
-0.0454940795898438 0.0221405029296875 0.0861282348632813 -0.07177734375
-0.0161323547363281 0.044677734375 0.0247573852539063 -0.1180419921875
0.0215492248535156 0.0416450500488281 -0.0446319580078125 -0.125289916992188
0.0243148803710938 0.0267982482910156 -0.0941543579101563 -0.089141845703125
0.0164222717285156 0.0253429412841797 -0.0839614868164062 -0.062896728515625
0.0140476226806641 0.0270442962646484 -0.074066162109375 -0.0460586547851563
-0.00452041625976562 0.0249366760253906 -0.062835693359375 -0.0453109741210938
-0.0243396759033203 0.00799179077148438 -0.0678901672363281 -0.0492095947265625
-0.02508544921875 -0.0310707092285156 -0.0717086791992188 -0.0794677734375
0.0182876586914063 -0.0501861572265625 -0.0497665405273438 -0.119636535644531
0.0623512268066406 -0.0317306518554688 -0.073577880859375 -0.151168823242188
0.0845108032226563 -0.00037384033203125 -0.0972900390625 -0.168182373046875
0.09576416015625 0.0398941040039063 -0.0117340087890625 -0.166641235351563
0.0450820922851562 -0.0198631286621094 -0.0177745819091797 -0.0191383361816406
0.0145816802978516 -0.0266170501708984 0.0867996215820313 0.01177978515625
-0.00649070739746094 -0.0128879547119141 0.102790832519531 -0.0724029541015625
-0.00531816482543945 -0.00258779525756836 0.0391387939453125 -0.126785278320313
-0.000976800918579102 0.00238633155822754 -0.0430679321289062 -0.133857727050781
-0.0111865997314453 -0.00284671783447266 -0.096160888671875 -0.0915298461914062
-0.0125198364257813 -0.00901222229003906 -0.0817108154296875 -0.0591278076171875
-0.0173006057739258 -0.00783920288085937 -0.0754318237304688 -0.04119873046875
-0.0136966705322266 -0.0157566070556641 -0.0662345886230469 -0.037689208984375
-0.0047607421875 -0.032196044921875 -0.0688552856445313 -0.0395088195800781
0.0219383239746094 -0.0505828857421875 -0.074951171875 -0.0720062255859375
0.07342529296875 -0.021881103515625 -0.056060791015625 -0.104949951171875
0.100860595703125 0.0183181762695313 -0.0750045776367187 -0.134880065917969
0.10858154296875 0.0727767944335938 -0.0850677490234375 -0.150314331054688
0.110313415527344 0.11273193359375 0.022247314453125 -0.14764404296875
0.0861740112304687 0.0381622314453125 0.00133323669433594 -0.00838661193847656
0.0878219604492188 -0.0088653564453125 0.103240966796875 0.029022216796875
0.0465126037597656 -0.0420684814453125 0.121910095214844 -0.0602340698242187
0.0173530578613281 -0.0523490905761719 0.0595626831054688 -0.12249755859375
-0.0172843933105469 -0.04290771484375 -0.031890869140625 -0.131141662597656
-0.0433540344238281 -0.0355644226074219 -0.0848388671875 -0.08514404296875
-0.0404510498046875 -0.0430030822753906 -0.0683403015136719 -0.04632568359375
-0.0493087768554687 -0.039703369140625 -0.0647735595703125 -0.0266380310058594
-0.0297966003417969 -0.0517654418945313 -0.0625267028808594 -0.0171012878417969
0.00249481201171875 -0.0719985961914063 -0.0666007995605469 -0.0186271667480469
0.0534286499023438 -0.07647705078125 -0.0797348022460938 -0.052947998046875
0.120018005371094 -0.0122146606445313 -0.0650100708007812 -0.0841827392578125
0.135009765625 0.0490188598632813 -0.0709915161132812 -0.111366271972656
0.124237060546875 0.128364562988281 -0.0673599243164062 -0.110748291015625
0.101791381835937 0.171157836914063 0.0578536987304688 -0.100372314453125
0.106758117675781 0.10040283203125 0.0254650115966797 0.0186519622802734
0.150955200195313 0.0260467529296875 0.114303588867188 0.0542984008789062
0.102790832519531 -0.0557861328125 0.135917663574219 -0.034759521484375
0.04815673828125 -0.0927963256835938 0.0796890258789063 -0.1014404296875
-0.0241622924804688 -0.0844192504882812 -0.0130538940429688 -0.114158630371094
-0.0662612915039063 -0.0647468566894531 -0.0622520446777344 -0.0685501098632813
-0.0611190795898438 -0.0705947875976563 -0.045013427734375 -0.0260810852050781
-0.0760574340820313 -0.0640411376953125 -0.0438690185546875 -0.00413894653320314
-0.0479507446289063 -0.0777740478515625 -0.0488815307617187 0.0106582641601562
-0.000244140625000002 -0.104377746582031 -0.0574111938476563 0.00873565673828125
0.0687942504882813 -0.100852966308594 -0.0796432495117188 -0.0270156860351562
0.151031494140625 -0.01220703125 -0.0707931518554688 -0.0605316162109375
0.155532836914063 0.0658416748046875 -0.0567169189453125 -0.0863800048828125
0.126358032226563 0.162185668945313 -0.0425987243652344 -0.05877685546875
0.073333740234375 0.198562622070312 0.086090087890625 -0.0331268310546875
0.100204467773438 0.149002075195313 0.0471611022949219 0.0581474304199219
0.181137084960938 0.070068359375 0.113334655761719 0.0827713012695312
0.1441650390625 -0.04803466796875 0.13677978515625 0.001220703125
0.0777130126953125 -0.110511779785156 0.0914077758789063 -0.06500244140625
-0.021636962890625 -0.111801147460937 0.00756072998046876 -0.0819625854492188
-0.0761947631835938 -0.0836868286132812 -0.0314445495605469 -0.0427665710449219
-0.0735244750976563 -0.0868911743164063 -0.0152730941772461 -0.00268173217773438
-0.09344482421875 -0.0783004760742187 -0.0149192810058594 0.0204143524169922
-0.0611495971679688 -0.0926513671875 -0.0270004272460938 0.0397796630859375
-0.00518798828125001 -0.123954772949219 -0.0416259765625 0.0360069274902344
0.074615478515625 -0.113693237304688 -0.0731124877929688 -0.000411987304687508
0.163619995117188 -0.01031494140625 -0.0693206787109375 -0.0386505126953125
0.155548095703125 0.0770721435546875 -0.0349693298339844 -0.0638008117675781
0.110244750976562 0.175323486328125 -0.0145082473754883 -0.00321102142333984
0.0333099365234375 0.189071655273438 0.103233337402344 0.0408477783203125
0.068511962890625 0.165313720703125 0.06170654296875 0.100311279296875
0.168319702148437 0.102127075195313 0.100189208984375 0.105003356933594
0.153610229492188 -0.0267486572265625 0.122238159179688 0.0364608764648438
0.0917892456054688 -0.104705810546875 0.0900421142578125 -0.02191162109375
-0.0139846801757812 -0.118316650390625 0.0255546569824219 -0.0415306091308594
-0.0744781494140625 -0.08856201171875 0.00191974639892578 -0.0131864547729492
-0.0739059448242188 -0.090362548828125 0.0161876678466797 0.0202808380126953
-0.095855712890625 -0.08209228515625 0.01708984375 0.0443191528320312
-0.06488037109375 -0.0961227416992188 -0.00201797485351563 0.0666236877441406
-0.00562286376953126 -0.127784729003906 -0.0245933532714844 0.0597076416015625
0.076385498046875 -0.11029052734375 -0.064117431640625 0.0230751037597656
0.158218383789062 0.0015869140625 -0.0664443969726562 -0.0223655700683594
0.134971618652344 0.088623046875 -0.0104866027832031 -0.0432777404785156
0.0771331787109375 0.170135498046875 0.01068115234375 0.0514678955078125
-0.00953674316406251 0.142623901367188 0.10968017578125 0.103370666503906
0.0254058837890625 0.14422607421875 0.0692672729492188 0.133285522460938
0.121009826660156 0.1083984375 0.0796966552734375 0.114105224609375
0.127708435058594 -0.0035400390625 0.099090576171875 0.0620651245117188
0.0844573974609375 -0.0794754028320312 0.0804443359375 0.01470947265625
-0.00673675537109376 -0.101982116699219 0.0396461486816406 -0.00317764282226563
-0.06231689453125 -0.0782699584960938 0.0335102081298828 0.0146827697753906
-0.0636749267578125 -0.0802001953125 0.0464591979980469 0.0397796630859375
-0.08428955078125 -0.076171875 0.0478057861328125 0.0636863708496094
-0.0573196411132812 -0.0884475708007813 0.0201950073242187 0.0911178588867187
-0.000419616699218751 -0.116287231445313 -0.0118560791015625 0.0815582275390625
0.0748825073242188 -0.0924530029296875 -0.0571823120117188 0.0435218811035156
0.13836669921875 0.019561767578125 -0.0633049011230469 -0.00872039794921874
0.0977706909179688 0.097259521484375 0.00922203063964844 -0.0234127044677734
0.0307159423828125 0.14654541015625 0.0257949829101563 0.100479125976563
-0.0488433837890625 0.0715713500976563 0.106277465820313 0.143310546875
-0.0176010131835937 0.0942535400390625 0.072296142578125 0.150054931640625
0.0579757690429688 0.0860671997070313 0.062255859375 0.111457824707031
0.0796890258789063 0.0121536254882813 0.0798187255859375 0.074493408203125
0.0585556030273438 -0.0440254211425781 0.0687713623046875 0.0383644104003906
-0.000873565673828119 -0.0681610107421875 0.0493545532226563 0.0246925354003906
-0.0409278869628906 -0.0552330017089844 0.0579719543457031 0.0347213745117188
-0.0438804626464844 -0.0577545166015625 0.0697097778320313 0.0541152954101562
-0.0598373413085937 -0.0596275329589844 0.0735321044921875 0.0805511474609375
-0.0398292541503906 -0.0699844360351563 0.0371322631835938 0.111953735351562
0.00658416748046876 -0.0908203125 -0.0060577392578125 0.101081848144531
0.0663414001464844 -0.0636253356933594 -0.0573081970214844 0.0599555969238281
0.10345458984375 0.0362396240234375 -0.0652732849121094 -0.000423431396484366
0.0479507446289062 0.0935821533203125 0.0192794799804688 -0.00422668457031249
-0.020111083984375 0.103523254394531 0.02618408203125 0.139427185058594
0.0596237182617188 -0.0363998413085938 -0.04632568359375 -0.155502319335938
-0.008209228515625 -0.0591278076171875 -0.0281963348388672 -0.0104198455810547
-0.0511741638183594 -0.0235366821289063 0.0728759765625 0.000839233398437499
-0.0436248779296875 0.0249481201171875 0.0822067260742188 -0.0756454467773438
-0.0121879577636719 0.0466079711914063 0.0192108154296875 -0.118873596191406
0.0252914428710937 0.0393943786621094 -0.050994873046875 -0.123649597167969
0.0262393951416016 0.0234432220458984 -0.0994338989257813 -0.0834121704101563
0.0177993774414062 0.0237331390380859 -0.0878677368164063 -0.0572509765625
0.0155353546142578 0.0256767272949219 -0.07806396484375 -0.0412979125976562
-0.00176048278808594 0.0243148803710937 -0.0658454895019531 -0.0421028137207031
-0.0223045349121094 0.00891304016113281 -0.0712661743164063 -0.0455322265625
-0.0273284912109375 -0.0285053253173828 -0.0766372680664063 -0.0750274658203125
0.0150108337402344 -0.050079345703125 -0.0554351806640625 -0.117172241210938
0.0605316162109375 -0.0343055725097656 -0.0809326171875 -0.146896362304688
0.0839385986328125 -0.0056915283203125 -0.1058349609375 -0.162612915039062
0.0974044799804688 0.0340347290039062 -0.022491455078125 -0.163406372070313
0.0436935424804687 -0.0214958190917969 -0.0189647674560547 -0.0155048370361328
0.0138301849365234 -0.0270709991455078 0.0872650146484375 0.0067901611328125
-0.0069732666015625 -0.0116329193115234 0.099151611328125 -0.0774307250976563
-0.00451278686523438 -0.001556396484375 0.0327987670898437 -0.127975463867188
0.000443577766418457 0.00171375274658203 -0.0501174926757813 -0.131317138671875
-0.0106639862060547 -0.00305938720703125 -0.100967407226562 -0.0852737426757813
-0.0126256942749023 -0.00886058807373047 -0.08587646484375 -0.0538558959960937
-0.0174188613891602 -0.0070657730102539 -0.0788116455078125 -0.0367507934570313
-0.013575553894043 -0.0154151916503906 -0.0684280395507813 -0.0336799621582031
-0.00534439086914062 -0.03125 -0.071502685546875 -0.0355606079101563
0.0186080932617187 -0.0510177612304688 -0.079986572265625 -0.0675811767578125
0.0713119506835937 -0.0252609252929687 -0.06097412109375 -0.102066040039063
0.101310729980469 0.0125885009765625 -0.0823211669921875 -0.130752563476562
0.112861633300781 0.0663528442382813 -0.0935821533203125 -0.144821166992187
0.116294860839844 0.105384826660156 0.0123291015625 -0.146682739257813
0.0881195068359375 0.0344009399414063 0.000512599945068365 -0.0062723159790039
0.0872650146484375 -0.0139541625976563 0.105072021484375 0.0219345092773438
0.0440559387207031 -0.0438766479492188 0.119270324707031 -0.0665435791015625
0.0151824951171875 -0.0529594421386719 0.05340576171875 -0.125320434570313
-0.0184974670410156 -0.0415115356445313 -0.03839111328125 -0.128982543945313
-0.0443534851074219 -0.0331230163574219 -0.0898208618164062 -0.0797042846679688
-0.0425453186035156 -0.0407180786132813 -0.071075439453125 -0.0424652099609375
-0.0510444641113281 -0.0366325378417969 -0.0664939880371094 -0.0222320556640625
-0.032379150390625 -0.0498886108398437 -0.063446044921875 -0.0131072998046875
-0.000770568847656255 -0.0710830688476563 -0.068145751953125 -0.0145149230957031
0.0487213134765625 -0.078948974609375 -0.0845870971679688 -0.0482559204101563
0.119316101074219 -0.018096923828125 -0.0699081420898437 -0.0813827514648437
0.136550903320313 0.0419998168945312 -0.0769195556640625 -0.107749938964844
0.13128662109375 0.121322631835938 -0.0738449096679688 -0.106338500976562
0.111083984375 0.16424560546875 0.0496139526367188 -0.101890563964844
0.112693786621094 0.0954971313476563 0.0249252319335938 0.0193233489990234
0.1527099609375 0.0170135498046875 0.117500305175781 0.04681396484375
0.0997695922851563 -0.061614990234375 0.134391784667969 -0.04132080078125
0.0424423217773438 -0.0948104858398438 0.0739593505859375 -0.104812622070313
-0.0276947021484375 -0.0825576782226563 -0.0191268920898438 -0.112228393554688
-0.0687637329101563 -0.0603675842285156 -0.0655097961425781 -0.0641937255859375
-0.0654830932617187 -0.0671310424804688 -0.0465126037597656 -0.0241279602050781
-0.0796585083007813 -0.05889892578125 -0.0438728332519531 -0.000915527343750004
-0.0515365600585937 -0.074432373046875 -0.0482826232910156 0.0134239196777344
-0.00602722167968749 -0.103263854980469 -0.0577812194824219 0.012054443359375
0.0626678466796875 -0.104415893554688 -0.0825271606445313 -0.0223770141601563
0.150527954101563 -0.020355224609375 -0.07415771484375 -0.056854248046875
0.158645629882813 0.0574493408203125 -0.0620651245117187 -0.0842132568359375
0.135910034179688 0.1556396484375 -0.0463104248046875 -0.0560989379882812
0.084320068359375 0.1932373046875 0.0815811157226563 -0.0368576049804687
0.1083984375 0.143753051757813 0.0479850769042969 0.0573043823242188
0.185501098632813 0.0587005615234375 0.117988586425781 0.0751571655273438
0.14080810546875 -0.0563812255859375 0.136634826660156 -0.00577545166015625
0.0699539184570313 -0.115219116210938 0.0879898071289063 -0.0695114135742188
-0.02734375 -0.109710693359375 0.00320434570312499 -0.0810394287109375
-0.08056640625 -0.078338623046875 -0.0330734252929688 -0.0401763916015625
-0.0784759521484375 -0.0825958251953125 -0.0155143737792969 -0.00247383117675782
-0.097259521484375 -0.07208251953125 -0.0132465362548828 0.0220661163330078
-0.0658798217773438 -0.087921142578125 -0.0251197814941406 0.0418586730957031
-0.0124969482421875 -0.122474670410156 -0.0404090881347656 0.0385589599609375
0.0672225952148438 -0.117820739746094 -0.0747451782226562 0.00367736816406249
0.163131713867188 -0.0191650390625 -0.0720443725585937 -0.035003662109375
0.15948486328125 0.0687103271484375 -0.0389480590820313 -0.06207275390625
0.120361328125 0.16937255859375 -0.0148591995239258 -0.00260639190673827
0.04437255859375 0.18603515625 0.102561950683594 0.0356292724609375
0.0776824951171875 0.161407470703125 0.0644989013671875 0.0978240966796875
0.174423217773438 0.0906524658203125 0.105262756347656 0.0978622436523438
0.150787353515625 -0.0348358154296875 0.123153686523438 0.0298538208007813
0.0841140747070313 -0.109474182128906 0.0889358520507813 -0.0268630981445313
-0.0201187133789063 -0.116058349609375 0.0233039855957031 -0.0416488647460938
-0.0789413452148438 -0.0832901000976563 0.00163650512695312 -0.0127792358398438
-0.0792388916015625 -0.0860137939453125 0.0179691314697266 0.0187816619873047
-0.100418090820313 -0.0751724243164063 0.0204734802246094 0.0425376892089844
-0.0692901611328125 -0.0910110473632813 0.00191879272460937 0.0675430297851563
-0.0141754150390625 -0.125701904296875 -0.0222625732421875 0.0619583129882812
0.069091796875 -0.114616394042969 -0.063934326171875 0.0268783569335937
0.158447265625 -0.0078277587890625 -0.0677032470703125 -0.0182533264160156
0.139503479003906 0.0813980102539063 -0.0135154724121094 -0.0437164306640625
0.0870208740234375 0.16644287109375 0.0132255554199219 0.0496444702148438
-0.00106811523437501 0.142532348632813 0.113182067871094 0.09796142578125
0.03363037109375 0.143310546875 0.073944091796875 0.129608154296875
0.127662658691406 0.0996856689453125 0.0850830078125 0.108718872070313
0.127197265625 -0.010772705078125 0.102119445800781 0.0570907592773438
0.078521728515625 -0.0844955444335938 0.0813522338867187 0.010589599609375
-0.012481689453125 -0.100784301757813 0.0392494201660156 -0.00450134277343751
-0.06610107421875 -0.0732650756835938 0.0345077514648437 0.0129623413085937
-0.0691146850585937 -0.075592041015625 0.0492706298828125 0.0365257263183594
-0.089202880859375 -0.0694351196289062 0.0526542663574219 0.0606346130371094
-0.0622787475585938 -0.0836181640625 0.0261611938476562 0.090057373046875
-0.00839233398437501 -0.114784240722656 -0.00814819335937499 0.0821380615234375
0.0687103271484375 -0.0970840454101563 -0.0560684204101562 0.0467720031738281
0.139762878417969 0.0111160278320312 -0.0642967224121094 -0.004791259765625
0.102638244628906 0.091461181640625 0.0066204071044922 -0.0248832702636719
0.0399932861328125 0.145278930664063 0.0316009521484375 0.0977325439453125
-0.0434722900390625 0.0743255615234375 0.112876892089844 0.137229919433594
-0.0115127563476563 0.09442138671875 0.0783843994140625 0.145828247070313
0.0633087158203125 0.082000732421875 0.0666351318359375 0.107749938964844
0.0794143676757813 0.00716400146484375 0.0834884643554688 0.070953369140625
0.0549964904785156 -0.0480461120605469 0.0713043212890625 0.0340499877929688
-0.00495529174804688 -0.0678596496582031 0.0511512756347656 0.0226821899414062
-0.0436248779296875 -0.0519065856933594 0.0603256225585938 0.0319175720214844
-0.0475425720214844 -0.0548248291015625 0.0732498168945313 0.0493392944335938
-0.064056396484375 -0.0548210144042969 0.0786895751953125 0.0765304565429688
-0.0444145202636719 -0.0663108825683594 0.0443572998046875 0.109527587890625
-0.000328063964843754 -0.0899810791015625 -0.001312255859375 0.101402282714844
0.0616455078125 -0.0677604675292969 -0.0549468994140625 0.0636558532714844
0.105690002441406 0.0289230346679688 -0.0655555725097656 0.00350189208984376
0.0537643432617187 0.090667724609375 0.0187110900878906 -0.00621032714843749
-0.0135269165039063 0.1044921875 0.03424072265625 0.136787414550781
0.0561561584472656 -0.0373497009277344 -0.050506591796875 -0.1492919921875
-0.00996398925781249 -0.05792236328125 -0.0263557434082031 -0.00735282897949219
-0.0506973266601563 -0.0211639404296875 0.0718841552734375 -0.000885009765625001
-0.0410995483398438 0.0267677307128906 0.0798187255859375 -0.0771026611328125
-0.00896072387695313 0.0463752746582031 0.0157699584960937 -0.116889953613281
0.0267677307128906 0.0362014770507813 -0.0539321899414063 -0.120895385742188
0.0266628265380859 0.0206546783447266 -0.100509643554688 -0.0789108276367188
0.0188236236572266 0.0213050842285156 -0.0888290405273438 -0.0532455444335937
0.0162906646728516 0.02392578125 -0.0783233642578125 -0.03692626953125
-0.000814437866210938 0.0228824615478516 -0.0664253234863281 -0.0391960144042969
-0.0207347869873047 0.00947761535644531 -0.0718307495117188 -0.0421066284179688
-0.0278186798095703 -0.0265846252441406 -0.078338623046875 -0.0714569091796875
0.0122451782226562 -0.0483818054199219 -0.0569839477539062 -0.114028930664063
0.0583839416503906 -0.0352439880371094 -0.0833587646484375 -0.141708374023437
0.0823211669921875 -0.0087738037109375 -0.10784912109375 -0.155471801757813
0.09576416015625 0.0298233032226562 -0.0281982421875 -0.157546997070313
0.0425491333007813 -0.0208816528320313 -0.0188045501708984 -0.0131511688232422
0.0129604339599609 -0.0263500213623047 0.0860137939453125 0.003692626953125
-0.00674152374267578 -0.0103425979614258 0.0956878662109375 -0.0788497924804688
-0.00370097160339356 -0.000964879989624023 0.0292434692382813 -0.126426696777344
0.00176072120666504 0.00124263763427734 -0.0525588989257812 -0.128227233886719
-0.0102443695068359 -0.00381374359130859 -0.102592468261719 -0.0798187255859375
-0.013585090637207 -0.00890064239501953 -0.0866546630859375 -0.0503158569335938
-0.0170841217041016 -0.00645923614501953 -0.0789108276367188 -0.0329208374023438
-0.0134401321411133 -0.0153732299804688 -0.0692672729492188 -0.0305633544921875
-0.00559616088867188 -0.0309696197509766 -0.0715789794921875 -0.0324554443359375
0.0173683166503906 -0.0501594543457031 -0.0818328857421875 -0.06378173828125
0.0692176818847656 -0.0259361267089844 -0.0630035400390625 -0.0992813110351563
0.0988845825195312 0.00969696044921875 -0.0844955444335938 -0.1256103515625
0.112228393554688 0.0614166259765625 -0.095550537109375 -0.138420104980469
0.116729736328125 0.0993499755859375 0.00518798828125001 -0.142486572265625
0.0876617431640625 0.031707763671875 -0.000479459762573237 -0.00393104553222656
0.0855789184570313 -0.0166473388671875 0.104103088378906 0.0184555053710938
0.0423812866210938 -0.0440216064453125 0.115562438964844 -0.0684356689453125
0.0128097534179687 -0.0517654418945313 0.0488967895507813 -0.124229431152344
-0.0183525085449219 -0.0399703979492187 -0.04119873046875 -0.125236511230469
-0.0442276000976562 -0.0315971374511719 -0.0911102294921875 -0.0745391845703125
-0.0436019897460938 -0.0395240783691406 -0.0718841552734375 -0.0392837524414062
-0.0513458251953125 -0.0340003967285156 -0.0666313171386719 -0.0186119079589844
-0.0320396423339844 -0.0482177734375 -0.0629920959472656 -0.0104408264160156
-0.00228118896484375 -0.0699386596679688 -0.068389892578125 -0.0116920471191406
0.0455474853515625 -0.0786514282226563 -0.0859298706054687 -0.0449752807617188
0.116813659667969 -0.021331787109375 -0.0708847045898437 -0.0779571533203125
0.13482666015625 0.0377273559570313 -0.0789947509765625 -0.103546142578125
0.133247375488281 0.115943908691406 -0.0759201049804687 -0.101676940917969
0.1142578125 0.156692504882813 0.0432357788085938 -0.0998916625976562
0.114036560058594 0.0913467407226562 0.0238590240478516 0.02069091796875
0.150741577148438 0.0105133056640625 0.1162109375 0.0419998168945313
0.095611572265625 -0.0628890991210938 0.130638122558594 -0.0447311401367188
0.0382308959960937 -0.0946884155273437 0.0703582763671875 -0.104843139648437
-0.0292129516601563 -0.0797042846679688 -0.0219573974609375 -0.109298706054688
-0.0691146850585938 -0.0571174621582031 -0.0668601989746094 -0.0600395202636719
-0.0669937133789063 -0.0640678405761719 -0.0460433959960938 -0.0221786499023438
-0.079925537109375 -0.0545883178710938 -0.0429115295410156 0.00110244750976562
-0.0524139404296875 -0.0711517333984375 -0.0468521118164063 0.0160903930664062
-0.00876617431640625 -0.100624084472656 -0.0570945739746094 0.0141525268554687
0.0574874877929688 -0.104240417480469 -0.0840301513671875 -0.01953125
0.148223876953125 -0.0252227783203125 -0.0752410888671875 -0.0547714233398438
0.15673828125 0.0518798828125 -0.0641860961914062 -0.0806808471679688
0.139312744140625 0.148773193359375 -0.0471839904785156 -0.0535812377929688
0.0895843505859375 0.186676025390625 0.0757904052734375 -0.037445068359375
0.11053466796875 0.1387939453125 0.0467987060546875 0.0563240051269531
0.184539794921875 0.0503387451171875 0.116851806640625 0.0687789916992187
0.136161804199219 -0.059326171875 0.133773803710938 -0.00907135009765626
0.064788818359375 -0.115310668945313 0.0845260620117188 -0.0704269409179688
-0.0302352905273438 -0.106010437011719 0.00128173828125 -0.0786056518554688
-0.0810089111328125 -0.0737152099609375 -0.033935546875 -0.0380897521972656
-0.0803985595703125 -0.079010009765625 -0.0148696899414063 -0.00191688537597657
-0.0977554321289063 -0.0664596557617188 -0.0114841461181641 0.0226898193359375
-0.06689453125 -0.0834884643554687 -0.0230522155761719 0.0427474975585938
-0.0165328979492187 -0.11822509765625 -0.03955078125 0.0387306213378906
0.0613479614257812 -0.11737060546875 -0.0751113891601563 0.00623321533203125
0.160491943359375 -0.0247344970703125 -0.0719375610351563 -0.0330963134765625
0.158462524414063 0.0628662109375 -0.0415382385253906 -0.0603713989257813
0.125167846679688 0.162246704101563 -0.0149030685424805 -0.00203895568847656
0.049896240234375 0.18048095703125 0.0987472534179687 0.0323410034179688
0.08154296875 0.157028198242188 0.0640029907226563 0.0949478149414063
0.174728393554688 0.0817413330078125 0.104827880859375 0.0923995971679688
0.146713256835938 -0.0392608642578125 0.122344970703125 0.0263824462890625
0.0787582397460938 -0.110824584960938 0.0864028930664063 -0.0293350219726563
-0.0238113403320313 -0.112518310546875 0.0221786499023438 -0.0402755737304688
-0.0793075561523438 -0.0779342651367187 0.00146102905273437 -0.0118989944458008
-0.0818862915039063 -0.0813751220703125 0.0188407897949219 0.0172462463378906
-0.101348876953125 -0.069061279296875 0.0221748352050781 0.0414619445800781
-0.07110595703125 -0.085601806640625 0.0042572021484375 0.0669517517089844
-0.0181121826171875 -0.121246337890625 -0.0208244323730469 0.0610885620117187
0.0629501342773437 -0.114898681640625 -0.0641441345214844 0.0281486511230469
0.1558837890625 -0.0128326416015625 -0.0667495727539062 -0.0163154602050781
0.139778137207031 0.0756607055664063 -0.016143798828125 -0.043426513671875
0.09197998046875 0.160171508789063 0.0150489807128906 0.0482826232910156
0.00369262695312499 0.139228820800781 0.1109619140625 0.093017578125
0.0376663208007813 0.139930725097656 0.0744705200195312 0.126228332519531
0.129127502441406 0.0925827026367188 0.0859527587890625 0.103775024414063
0.124015808105469 -0.0148849487304687 0.102005004882813 0.05340576171875
0.073150634765625 -0.0855026245117187 0.0800323486328125 0.00724792480468749
-0.015716552734375 -0.0976486206054688 0.0387687683105469 -0.00394439697265626
-0.0670089721679688 -0.0688705444335937 0.0345973968505859 0.0118122100830078
-0.0700912475585938 -0.0714645385742188 0.0502243041992187 0.0334281921386719
-0.0903091430664063 -0.063995361328125 0.0548553466796875 0.0581893920898437
-0.063690185546875 -0.0786361694335938 0.029266357421875 0.0879974365234375
-0.0128250122070312 -0.111221313476563 -0.0063018798828125 0.0810928344726562
0.0631332397460938 -0.0974044799804688 -0.055206298828125 0.0472908020019531
0.138099670410156 0.00557708740234375 -0.0633811950683594 -0.00309371948242188
0.104377746582031 0.0870361328125 0.00487709045410157 -0.0259914398193359
0.04437255859375 0.1414794921875 0.033843994140625 0.0936050415039063
-0.0396652221679688 0.07379150390625 0.112480163574219 0.131423950195313
-0.00807952880859375 0.0930862426757813 0.0794219970703125 0.14111328125
0.0647735595703125 0.0765914916992188 0.0668487548828125 0.103958129882813
0.0771102905273438 0.00421142578125 0.0833587646484375 0.0681381225585938
0.0510711669921875 -0.0492973327636719 0.0713729858398438 0.0316543579101563
-0.00749588012695313 -0.0660896301269531 0.0507621765136719 0.0219345092773437
-0.0447731018066406 -0.0486106872558594 0.0602493286132813 0.0292282104492187
-0.0487289428710938 -0.0514259338378906 0.0741500854492188 0.0451126098632813
-0.0652084350585937 -0.0504264831542969 0.080780029296875 0.0711822509765625
-0.0461654663085938 -0.0622596740722656 0.0478668212890625 0.106887817382813
-0.00434112548828126 -0.0876007080078125 0.000915527343749999 0.0994644165039062
0.0565910339355469 -0.068878173828125 -0.0526237487792969 0.0632133483886719
0.1051025390625 0.0241775512695313 -0.0646514892578125 0.00528335571289062
0.05621337890625 0.0870437622070313 0.0170497894287109 -0.00903511047363281
-0.00908660888671874 0.102874755859375 0.0378189086914062 0.131301879882813
0.0537223815917969 -0.037078857421875 -0.0509185791015625 -0.145278930664063
-0.0101127624511719 -0.0567359924316406 -0.0260543823242188 -0.00661468505859375
-0.0491447448730469 -0.0195999145507812 0.0708999633789063 -0.000480651855468751
-0.0395927429199219 0.0275077819824219 0.078948974609375 -0.0768966674804688
-0.00735092163085938 0.0457000732421875 0.0160446166992187 -0.115203857421875
0.0278129577636719 0.0346031188964844 -0.0541152954101563 -0.120185852050781
0.0259056091308594 0.0185794830322266 -0.0997085571289062 -0.0771331787109375
0.0181789398193359 0.0200672149658203 -0.0893096923828125 -0.0515899658203125
0.0162448883056641 0.0223579406738281 -0.0790634155273438 -0.03515625
0.000207901000976561 0.0215702056884766 -0.066986083984375 -0.0382881164550781
-0.0194034576416016 0.00963020324707031 -0.0720062255859375 -0.04150390625
-0.0272464752197266 -0.0252799987792969 -0.078338623046875 -0.0704193115234375
0.0118331909179687 -0.0470733642578125 -0.0562667846679688 -0.113197326660156
0.056976318359375 -0.0344657897949219 -0.0823516845703125 -0.13885498046875
0.080902099609375 -0.00911712646484375 -0.105972290039062 -0.152069091796875
0.093048095703125 0.0284576416015625 -0.02923583984375 -0.153182983398438
0.042144775390625 -0.0208549499511719 -0.0181465148925781 -0.0113086700439453
0.0130844116210937 -0.0257816314697266 0.0853424072265625 0.00353240966796875
-0.00595855712890625 -0.00925445556640625 0.0946426391601563 -0.077239990234375
-0.00285196304321289 -0.000575780868530274 0.0291213989257812 -0.124214172363281
0.003265380859375 0.000608921051025391 -0.052337646484375 -0.126838684082031
-0.0100784301757812 -0.00474452972412109 -0.102310180664063 -0.078338623046875
-0.0134553909301758 -0.00969791412353515 -0.0868911743164063 -0.0488433837890625
-0.0166540145874023 -0.00716114044189453 -0.0782012939453125 -0.0308074951171875
-0.0126771926879883 -0.015960693359375 -0.0687599182128906 -0.0298118591308594
-0.00426483154296875 -0.0306892395019531 -0.0716629028320313 -0.0319061279296875
0.01690673828125 -0.0483779907226563 -0.0819473266601562 -0.062408447265625
0.0681686401367188 -0.0252265930175781 -0.0621871948242187 -0.0983352661132813
0.0970535278320312 0.0100631713867188 -0.0835952758789063 -0.123428344726562
0.111305236816406 0.0602798461914062 -0.0943756103515625 -0.135955810546875
0.11456298828125 0.0968399047851562 0.00327301025390625 -0.13800048828125
0.08636474609375 0.0314254760742188 -0.00125861167907714 -0.00252962112426758
0.085205078125 -0.016937255859375 0.101921081542969 0.0172958374023438
0.0412330627441406 -0.0426292419433594 0.114311218261719 -0.068023681640625
0.0125999450683594 -0.0503692626953125 0.0484695434570313 -0.122207641601562
-0.0174217224121094 -0.0396614074707031 -0.0411376953125 -0.123046875
-0.0437088012695313 -0.0314979553222656 -0.0905914306640625 -0.072662353515625
-0.0437126159667969 -0.0390663146972656 -0.0717849731445313 -0.0384750366210938
-0.0502471923828125 -0.0327491760253906 -0.0663337707519531 -0.0176124572753906
-0.0310935974121094 -0.0472679138183594 -0.0630378723144531 -0.00994491577148439
-0.00176620483398438 -0.0683364868164063 -0.0688896179199219 -0.0108871459960938
0.0441741943359375 -0.0775833129882813 -0.0869064331054688 -0.0433273315429687
0.11590576171875 -0.0206680297851563 -0.0703048706054687 -0.0777511596679688
0.132858276367188 0.0376815795898438 -0.0789260864257812 -0.101791381835938
0.132232666015625 0.113395690917969 -0.0750885009765625 -0.0993804931640625
0.112823486328125 0.153762817382813 0.040191650390625 -0.097412109375
0.112846374511719 0.0904083251953125 0.02191162109375 0.0220527648925781
0.148574829101563 0.0091705322265625 0.113937377929688 0.0402984619140625
0.0942840576171875 -0.0619354248046875 0.129722595214844 -0.0438919067382813
0.036865234375 -0.0924835205078125 0.0694503784179688 -0.102981567382812
-0.0283584594726563 -0.078125 -0.0216598510742188 -0.10687255859375
-0.0683212280273438 -0.0558242797851563 -0.0663566589355469 -0.0581779479980469
-0.0671424865722656 -0.0630569458007812 -0.0466117858886719 -0.0216255187988281
-0.0791015625 -0.0523529052734375 -0.0422897338867188 0.001953125
-0.0511589050292969 -0.0698204040527344 -0.0466880798339844 0.0162467956542969
-0.00882720947265624 -0.0986099243164063 -0.0576629638671875 0.0145072937011719
0.0560302734375 -0.10302734375 -0.0852279663085937 -0.0182266235351562
0.14666748046875 -0.025360107421875 -0.0744781494140625 -0.0545730590820313
0.15484619140625 0.051605224609375 -0.064361572265625 -0.0796737670898438
0.138427734375 0.146575927734375 -0.0464630126953125 -0.0529632568359375
0.08843994140625 0.183425903320313 0.071990966796875 -0.0356063842773437
0.110244750976563 0.137527465820313 0.0454978942871094 0.0573921203613281
0.182403564453125 0.0470428466796875 0.114700317382813 0.0672149658203125
0.133964538574219 -0.0590972900390625 0.132606506347656 -0.00992584228515625
0.0626449584960937 -0.113922119140625 0.0832290649414063 -0.0690383911132813
-0.0294570922851563 -0.104324340820312 0.00113677978515625 -0.0762252807617188
-0.080169677734375 -0.0720901489257813 -0.0339088439941406 -0.0368003845214844
-0.0806808471679687 -0.0770797729492188 -0.0148038864135742 -0.00233936309814453
-0.0972518920898438 -0.0637054443359375 -0.0106582641601563 0.0223331451416016
-0.0661773681640625 -0.0808868408203125 -0.0221366882324219 0.0424308776855469
-0.0166854858398438 -0.115951538085938 -0.0396652221679687 0.0389060974121094
0.0592498779296875 -0.116256713867188 -0.0760116577148438 0.00678253173828125
0.158447265625 -0.025634765625 -0.071380615234375 -0.03271484375
0.156570434570313 0.0622711181640625 -0.0419998168945312 -0.0604972839355469
0.125 0.160293579101563 -0.0145444869995117 -0.00234317779541015
0.0497283935546875 0.177932739257812 0.0953903198242188 0.0329513549804688
0.0821685791015625 0.155105590820313 0.0621337890625 0.0953750610351563
0.173309326171875 0.0796356201171875 0.10235595703125 0.0895538330078125
0.14398193359375 -0.0392913818359375 0.120307922363281 0.0255889892578125
0.0758819580078125 -0.109169006347656 0.0855484008789063 -0.0283432006835938
-0.0230484008789062 -0.109939575195313 0.0216712951660156 -0.0389938354492188
-0.0787734985351563 -0.0756912231445313 0.00177955627441406 -0.0111684799194336
-0.08135986328125 -0.0797500610351563 0.0187206268310547 0.0162830352783203
-0.100372314453125 -0.0661544799804688 0.0229339599609375 0.0410537719726562
-0.0705947875976563 -0.0831222534179688 0.00518035888671874 0.0667495727539063
-0.0190353393554687 -0.118858337402344 -0.0214881896972656 0.0603141784667969
0.0607986450195313 -0.114112854003906 -0.0640029907226563 0.0291252136230469
0.154739379882813 -0.0145721435546875 -0.0656967163085938 -0.0164337158203125
0.137382507324219 0.074310302734375 -0.016510009765625 -0.0437393188476562
0.0928802490234375 0.157455444335937 0.014739990234375 0.0458793640136719
0.00489044189453124 0.136940002441406 0.107330322265625 0.091888427734375
0.038055419921875 0.137138366699219 0.0717620849609375 0.125167846679688
0.128684997558594 0.0890045166015625 0.0833892822265625 0.102561950683594
0.120864868164063 -0.0153732299804687 0.100692749023438 0.052825927734375
0.0709686279296875 -0.0847625732421875 0.0785751342773438 0.00705718994140624
-0.0162506103515625 -0.0954360961914063 0.0389518737792969 -0.00297546386718751
-0.0658988952636719 -0.0667228698730469 0.0345191955566406 0.0120658874511719
-0.0706100463867188 -0.070404052734375 0.0492401123046875 0.0321502685546875
-0.0898056030273438 -0.060821533203125 0.0551376342773437 0.0563163757324219
-0.0633544921875 -0.0764846801757813 0.0299530029296875 0.0876998901367188
-0.0144729614257813 -0.108421325683594 -0.0070037841796875 0.079864501953125
0.0600738525390625 -0.0968170166015625 -0.0550994873046875 0.0464096069335938
0.137283325195313 0.0033721923828125 -0.0627326965332031 -0.00342178344726562
0.103218078613281 0.0850906372070313 0.0030498504638672 -0.0270881652832031
0.0452499389648437 0.138938903808594 0.033599853515625 0.0911941528320313
-0.0390090942382813 0.071533203125 0.109603881835938 0.129440307617188
-0.00708770751953124 0.0919113159179688 0.0766448974609375 0.139877319335938
0.065155029296875 0.074249267578125 0.0653228759765625 0.103279113769531
0.07574462890625 0.00341796875 0.0823822021484375 0.0671920776367188
0.0503005981445313 -0.0491218566894531 0.0700531005859375 0.0305519104003906
-0.00799179077148438 -0.0648422241210938 0.0514488220214844 0.0222892761230469
-0.0438423156738281 -0.0470733642578125 0.0608863830566406 0.0280609130859375
-0.0494575500488281 -0.0497970581054688 0.073577880859375 0.0427322387695313
-0.0652122497558594 -0.0477333068847656 0.0813140869140625 0.0688934326171875
-0.0459442138671875 -0.0604362487792969 0.0492630004882812 0.10565185546875
-0.00511932373046875 -0.08489990234375 -4.57763671875025E-05 0.0983047485351563
0.0547637939453125 -0.0685348510742188 -0.0531120300292969 0.0624847412109375
0.104530334472656 0.0222091674804688 -0.0633964538574219 0.00524520874023436
0.0565338134765625 0.0860748291015625 0.0153894424438477 -0.00969314575195312
-0.00772094726562499 0.101211547851562 0.0375595092773438 0.127525329589844
0.0531044006347656 -0.0366554260253906 -0.0495452880859375 -0.145706176757813
-0.0102043151855469 -0.0566024780273438 -0.0259780883789063 -0.00570106506347656
-0.0491142272949219 -0.0199470520019531 0.072357177734375 0.000228881835937499
-0.0396728515625 0.0280380249023437 0.0810089111328125 -0.0759963989257813
-0.00624465942382812 0.0459098815917969 0.018585205078125 -0.116256713867187
0.0279178619384766 0.0331172943115234 -0.0535354614257813 -0.122291564941406
0.0256080627441406 0.0176868438720703 -0.100715637207031 -0.0780258178710938
0.0180072784423828 0.0198154449462891 -0.0907821655273438 -0.052093505859375
0.0160198211669922 0.0217075347900391 -0.0798797607421875 -0.0359115600585938
0.000591278076171877 0.0206871032714844 -0.0676040649414063 -0.0393943786621094
-0.0188331604003906 0.00866127014160157 -0.0728988647460937 -0.0430450439453125
-0.0270252227783203 -0.0243492126464844 -0.0785064697265625 -0.0710983276367188
0.0124893188476563 -0.0463981628417969 -0.0551300048828125 -0.115203857421875
0.057464599609375 -0.0339012145996094 -0.08074951171875 -0.140640258789062
0.0810775756835938 -0.00923919677734375 -0.103866577148438 -0.15447998046875
0.0926666259765625 0.029693603515625 -0.0287017822265625 -0.152862548828125
0.0421524047851563 -0.0196876525878906 -0.0186977386474609 -0.00958251953125
0.0134811401367188 -0.0256137847900391 0.085662841796875 0.00447845458984375
-0.00545501708984375 -0.00878238677978516 0.0966110229492188 -0.0771560668945313
-0.00181984901428223 -0.000560402870178222 0.0319976806640625 -0.12518310546875
0.00364184379577637 -0.000673294067382813 -0.0518341064453125 -0.128791809082031
-0.0104465484619141 -0.00626277923583984 -0.102699279785156 -0.0790481567382812
-0.0137062072753906 -0.0109367370605469 -0.0877456665039062 -0.0498809814453125
-0.017033576965332 -0.0080413818359375 -0.079681396484375 -0.0315780639648437
-0.0118999481201172 -0.0165338516235352 -0.0696792602539063 -0.030853271484375
-0.00338935852050781 -0.0311012268066406 -0.07275390625 -0.0329360961914063
0.0170745849609375 -0.0479850769042969 -0.0830459594726562 -0.0635299682617188
0.0690193176269531 -0.0236320495605469 -0.0617446899414062 -0.100593566894531
0.0976409912109375 0.012054443359375 -0.0824356079101563 -0.124946594238281
0.111160278320312 0.0611801147460937 -0.0932769775390625 -0.137680053710938
0.113685607910156 0.0985031127929688 0.00275421142578124 -0.137557983398438
0.0872421264648437 0.0336685180664062 -0.001717209815979 -0.000265479087829588
0.0856170654296875 -0.0168533325195313 0.102134704589844 0.018646240234375
0.0422706604003906 -0.0418624877929688 0.116401672363281 -0.066925048828125
0.0136222839355469 -0.0511131286621094 0.0510711669921875 -0.122383117675781
-0.0163421630859375 -0.0407295227050781 -0.0404434204101562 -0.125205993652344
-0.0434722900390625 -0.0322036743164063 -0.0906906127929688 -0.0731353759765625
-0.0443801879882813 -0.0403022766113281 -0.0729751586914063 -0.0392532348632812
-0.0503349304199219 -0.0339469909667969 -0.0671424865722656 -0.0176849365234375
-0.0302619934082031 -0.04833984375 -0.063873291015625 -0.00986480712890625
-0.000789642333984374 -0.0689849853515625 -0.0696258544921875 -0.0115547180175781
0.0456314086914063 -0.0774459838867188 -0.0891876220703125 -0.0440216064453125
0.117378234863281 -0.0193634033203125 -0.0704269409179687 -0.08026123046875
0.133049011230469 0.0402297973632813 -0.07891845703125 -0.103324890136719
0.133056640625 0.115631103515625 -0.0738372802734375 -0.101158142089844
0.1114501953125 0.15618896484375 0.039703369140625 -0.0952072143554687
0.113014221191406 0.0929489135742188 0.0210075378417969 0.0237808227539063
0.15032958984375 0.009674072265625 0.113578796386719 0.0417327880859375
0.095550537109375 -0.0612564086914063 0.131118774414063 -0.0423507690429688
0.0382308959960938 -0.0934982299804688 0.0716781616210937 -0.103294372558594
-0.0271072387695313 -0.079376220703125 -0.0203018188476562 -0.107742309570313
-0.0681686401367187 -0.0570106506347656 -0.0664253234863281 -0.058563232421875
-0.0684242248535156 -0.0647201538085937 -0.0471763610839844 -0.022491455078125
-0.0791702270507813 -0.0529556274414063 -0.0428428649902344 0.00131988525390625
-0.05035400390625 -0.0705795288085938 -0.0471839904785156 0.0165481567382812
-0.00787353515624999 -0.09869384765625 -0.0589599609375 0.0136871337890625
0.0572128295898438 -0.103202819824219 -0.0878753662109375 -0.0189208984375
0.148712158203125 -0.0240325927734375 -0.074188232421875 -0.0569076538085937
0.155441284179688 0.054351806640625 -0.064697265625 -0.0809707641601563
0.138885498046875 0.149002075195313 -0.0465660095214844 -0.0538063049316406
0.08685302734375 0.185470581054688 0.0707626342773438 -0.03350830078125
0.110237121582031 0.139907836914063 0.0425872802734375 0.0599632263183594
0.184417724609375 0.0488128662109375 0.113555908203125 0.06878662109375
0.13543701171875 -0.0587158203125 0.134201049804687 -0.0074310302734375
0.0641708374023437 -0.114509582519531 0.0851364135742188 -0.068634033203125
-0.028289794921875 -0.104904174804688 0.00278472900390624 -0.0766372680664063
-0.07977294921875 -0.0733871459960937 -0.0335578918457031 -0.0363044738769531
-0.0818405151367188 -0.0788497924804688 -0.0147943496704102 -0.00233936309814454
-0.09710693359375 -0.06402587890625 -0.0112113952636719 0.0222206115722656
-0.0658493041992188 -0.0816574096679687 -0.0224075317382813 0.0434036254882813
-0.0162124633789063 -0.116294860839844 -0.0416107177734375 0.0388870239257812
0.0600051879882813 -0.116973876953125 -0.0791549682617188 0.00637054443359375
0.161026000976563 -0.0250396728515625 -0.0722503662109375 -0.0350189208984375
0.157257080078125 0.0640716552734375 -0.0422286987304688 -0.0617179870605469
0.125732421875 0.163177490234375 -0.0148448944091797 -0.00294589996337889
0.0479736328125 0.178985595703125 0.0934600830078125 0.0359878540039063
0.080841064453125 0.157821655273438 0.0589523315429688 0.09765625
0.174896240234375 0.0802154541015625 0.10064697265625 0.0918045043945312
0.1446533203125 -0.038543701171875 0.121139526367188 0.0281829833984375
0.0772171020507813 -0.110015869140625 0.0869522094726563 -0.027191162109375
-0.022430419921875 -0.111030578613281 0.0233612060546875 -0.0375862121582031
-0.0783004760742187 -0.0772628784179688 0.00269222259521484 -0.0104188919067383
-0.082550048828125 -0.0814132690429688 0.0191173553466797 0.0163002014160156
-0.100784301757813 -0.0660858154296875 0.0235862731933594 0.0403900146484375
-0.06988525390625 -0.0835037231445313 0.0053253173828125 0.0673713684082031
-0.0184783935546875 -0.119239807128906 -0.0233535766601562 0.0611038208007812
0.0611495971679688 -0.113937377929688 -0.067047119140625 0.0276412963867187
0.156387329101563 -0.014862060546875 -0.0670928955078125 -0.0183982849121094
0.138671875 0.077117919921875 -0.0174217224121094 -0.0453605651855469
0.09332275390625 0.159866333007813 0.014312744140625 0.0462760925292969
0.00331115722656251 0.13739013671875 0.105384826660156 0.0945587158203125
0.0373687744140625 0.139900207519531 0.0689468383789063 0.127784729003906
0.12939453125 0.0898208618164063 0.0808258056640625 0.104354858398438
0.121841430664062 -0.0144424438476562 0.100341796875 0.0547409057617188
0.07183837890625 -0.0850906372070313 0.0794906616210938 0.00856781005859374
-0.015533447265625 -0.096343994140625 0.0400543212890625 -0.00171661376953126
-0.0659446716308594 -0.067413330078125 0.0350418090820313 0.0127334594726562
-0.0714492797851563 -0.0709686279296875 0.0507736206054687 0.0321426391601562
-0.09014892578125 -0.0610809326171875 0.0563392639160156 0.0567970275878906
-0.06317138671875 -0.0760116577148438 0.03021240234375 0.0886154174804687
-0.0139083862304687 -0.108245849609375 -0.00885772705078125 0.0807723999023437
0.0603866577148438 -0.097015380859375 -0.0576400756835938 0.046295166015625
0.138816833496094 0.00342559814453125 -0.0635490417480469 -0.00507736206054686
0.103919982910156 0.0867996215820313 0.00295066833496094 -0.0282173156738281
0.0457534790039062 0.1405029296875 0.0333023071289063 0.0914688110351563
-0.0402374267578125 0.0720291137695313 0.107200622558594 0.132484436035156
-0.00776672363281249 0.0928573608398438 0.07470703125 0.142532348632813
0.0653839111328125 0.0748519897460938 0.0632095336914063 0.105354309082031
0.0757064819335938 0.0047760009765625 0.0821533203125 0.0690078735351563
0.049774169921875 -0.0494499206542969 0.0703659057617188 0.031890869140625
-0.0074615478515625 -0.0652999877929688 0.0522232055664063 0.0239639282226562
-0.0439529418945313 -0.0464210510253906 0.0621070861816406 0.0291824340820313
-0.0499420166015625 -0.0509147644042969 0.0748672485351563 0.0425338745117188
-0.0659866333007812 -0.0478973388671875 0.0823593139648437 0.0701141357421875
-0.0459251403808594 -0.0597953796386719 0.0489044189453125 0.106155395507813
-0.00557708740234376 -0.0852203369140625 -0.0014190673828125 0.0988845825195313
0.0542030334472656 -0.0692138671875 -0.0550651550292969 0.0625839233398438
0.105476379394531 0.0225143432617188 -0.0647201538085938 0.00381088256835937
0.0562820434570313 0.0878372192382812 0.0151615142822266 -0.0114307403564453
-0.00832366943359375 0.101852416992188 0.0362777709960938 0.128005981445312
0.0541152954101563 -0.0365447998046875 -0.0515899658203125 -0.14910888671875
-0.0108146667480469 -0.0581588745117188 -0.0271377563476563 -0.00527381896972657
-0.0507698059082031 -0.0209236145019531 0.0743408203125 0.001007080078125
-0.0401077270507813 0.0296592712402344 0.0845108032226563 -0.0784988403320313
-0.00503158569335937 0.0474052429199219 0.0208053588867187 -0.120368957519531
0.028289794921875 0.0327396392822266 -0.056060791015625 -0.127044677734375
0.0254325866699219 0.0174827575683594 -0.105682373046875 -0.0810394287109375
0.0178680419921875 0.019622802734375 -0.0951919555664063 -0.0537796020507812
0.0162181854248047 0.0216636657714844 -0.0836563110351563 -0.0362777709960938
0.000827789306640623 0.0207920074462891 -0.0710220336914062 -0.0415115356445313
-0.0187530517578125 0.00865554809570313 -0.0759506225585938 -0.0447769165039063
-0.0281810760498047 -0.0247001647949219 -0.0813827514648438 -0.0739822387695313
0.0123291015625 -0.0468597412109375 -0.0556488037109375 -0.119819641113281
0.0593490600585938 -0.0353775024414063 -0.081268310546875 -0.145004272460938
0.083343505859375 -0.00977325439453125 -0.105972290039062 -0.160064697265625
0.0938262939453125 0.0320053100585938 -0.030029296875 -0.156478881835938
0.043548583984375 -0.0201835632324219 -0.0202064514160156 -0.0091400146484375
0.0144176483154297 -0.0266323089599609 0.088104248046875 0.005645751953125
-0.00537824630737305 -0.00800848007202148 0.101150512695313 -0.0792007446289063
-0.000803112983703613 -0.000128984451293945 0.0340805053710938 -0.129096984863281
0.00376367568969727 -0.00221824645996094 -0.0531768798828125 -0.134361267089844
-0.0110769271850586 -0.006744384765625 -0.106544494628906 -0.0821075439453125
-0.0157060623168945 -0.0117759704589844 -0.0921249389648437 -0.050628662109375
-0.0174283981323242 -0.0085897445678711 -0.0838394165039063 -0.0321578979492187
-0.0114517211914062 -0.0180950164794922 -0.073577880859375 -0.0323410034179688
-0.00176811218261719 -0.0327033996582031 -0.0759353637695313 -0.0342941284179688
0.0181694030761719 -0.0487136840820313 -0.0870742797851563 -0.0653839111328125
0.0716552734375 -0.0233993530273437 -0.0627288818359375 -0.105262756347656
0.100143432617188 0.0139083862304688 -0.0848007202148437 -0.129386901855469
0.114967346191406 0.0640716552734375 -0.0953826904296875 -0.142623901367188
0.116386413574219 0.102645874023438 0.00257110595703127 -0.139877319335937
0.0897293090820313 0.0357894897460938 -0.00310897827148437 0.00147676467895508
0.0889358520507813 -0.0177536010742188 0.104148864746094 0.0198822021484375
0.0442008972167969 -0.0425186157226563 0.121238708496094 -0.0685195922851563
0.01409912109375 -0.0524063110351563 0.0545120239257813 -0.126907348632813
-0.0167732238769531 -0.0432167053222656 -0.04046630859375 -0.129905700683594
-0.0454177856445313 -0.0336265563964844 -0.0940170288085938 -0.0753631591796875
-0.046905517578125 -0.0426025390625 -0.0763092041015625 -0.0396804809570312
-0.0527610778808594 -0.03533935546875 -0.0705718994140625 -0.0177383422851563
-0.0306968688964844 -0.050384521484375 -0.0660629272460938 -0.0104331970214844
0.00078582763671875 -0.0717544555664063 -0.0733489990234375 -0.0124130249023438
0.0472640991210938 -0.0799407958984375 -0.0941009521484375 -0.0458831787109375
0.121681213378906 -0.0195388793945312 -0.0726242065429688 -0.0840606689453125
0.137252807617188 0.0430374145507813 -0.0812301635742188 -0.107070922851563
0.136611938476563 0.119873046875 -0.0759048461914062 -0.104728698730469
0.113815307617188 0.161453247070313 0.0395889282226563 -0.0967559814453125
0.117141723632813 0.0968551635742188 0.0198516845703125 0.0267753601074219
0.156005859375 0.0092620849609375 0.115638732910156 0.04345703125
0.0985183715820313 -0.0627670288085938 0.136390686035156 -0.043212890625
0.0400009155273438 -0.0961074829101563 0.0754013061523438 -0.106376647949219
-0.027862548828125 -0.082366943359375 -0.0200424194335938 -0.111686706542969
-0.0709304809570312 -0.059051513671875 -0.068389892578125 -0.0601844787597656
-0.0715484619140625 -0.0666656494140625 -0.0494270324707031 -0.0232772827148438
-0.08221435546875 -0.0546493530273437 -0.0448989868164063 0.00180053710937499
-0.0517501831054687 -0.0729827880859375 -0.0492095947265625 0.0173263549804688
-0.00742340087890626 -0.1024169921875 -0.0621910095214844 0.014495849609375
0.0591964721679688 -0.106544494628906 -0.0928726196289063 -0.0190811157226563
0.154800415039062 -0.025054931640625 -0.077423095703125 -0.0604629516601563
0.160385131835938 0.0576019287109375 -0.0667800903320313 -0.0843963623046875
0.144256591796875 0.154556274414063 -0.047943115234375 -0.0553550720214844
0.0887298583984375 0.1920166015625 0.0718841552734375 -0.0326156616210937
0.114151000976563 0.145965576171875 0.042144775390625 0.0643882751464844
0.190231323242188 0.0492706298828125 0.115219116210938 0.072052001953125
0.139839172363281 -0.0596847534179687 0.138153076171875 -0.0069427490234375
0.066375732421875 -0.118736267089844 0.0887298583984375 -0.0695419311523438
-0.0283737182617188 -0.108650207519531 0.00386810302734374 -0.078369140625
-0.081787109375 -0.0751266479492187 -0.0346412658691406 -0.0370559692382813
-0.0861053466796875 -0.0820388793945312 -0.016047477722168 -0.00298023223876953
-0.100868225097656 -0.065765380859375 -0.0111236572265625 0.0228767395019531
-0.0672683715820313 -0.0848159790039063 -0.0235328674316406 0.0452842712402344
-0.0168914794921875 -0.119056701660156 -0.04449462890625 0.0401649475097656
0.061798095703125 -0.12109375 -0.0844802856445313 0.00678253173828123
0.167343139648438 -0.0262908935546875 -0.07537841796875 -0.0380325317382813
0.162322998046875 0.067230224609375 -0.0442390441894531 -0.0648994445800781
0.130767822265625 0.168991088867188 -0.0152702331542969 -0.00329494476318358
0.0485687255859375 0.184524536132813 0.0946731567382813 0.0380020141601563
0.08306884765625 0.163818359375 0.05853271484375 0.103408813476563
0.179824829101563 0.081878662109375 0.102027893066406 0.095733642578125
0.150604248046875 -0.03900146484375 0.125526428222656 0.0298995971679688
0.0804290771484375 -0.114089965820313 0.0894775390625 -0.0280380249023438
-0.0231857299804688 -0.115081787109375 0.0253105163574219 -0.0380325317382813
-0.0802688598632813 -0.079010009765625 0.00221061706542968 -0.0105409622192383
-0.0863418579101562 -0.0836639404296875 0.0194892883300781 0.0160636901855469
-0.104331970214844 -0.0683441162109375 0.02490234375 0.0418510437011719
-0.0715866088867188 -0.0858306884765625 0.00584030151367186 0.070281982421875
-0.01947021484375 -0.122688293457031 -0.0254936218261719 0.0630073547363281
0.0627365112304688 -0.118202209472656 -0.0716705322265625 0.0294342041015625
0.162689208984375 -0.016082763671875 -0.0697250366210937 -0.02032470703125
0.142898559570312 0.0790557861328125 -0.0185089111328125 -0.0476226806640625
0.0971221923828125 0.164886474609375 0.0144577026367188 0.0475540161132813
0.0021820068359375 0.142532348632813 0.106369018554688 0.0992279052734375
0.0388031005859375 0.144378662109375 0.0693359375 0.1334228515625
0.133346557617188 0.092132568359375 0.0823211669921875 0.108772277832031
0.125442504882813 -0.0143508911132813 0.103240966796875 0.0581893920898437
0.0743331909179688 -0.0884323120117188 0.0818252563476563 0.00968933105468749
-0.0162429809570313 -0.0992507934570313 0.0418663024902344 -6.86645507812561E-05
-0.0684089660644531 -0.0684127807617188 0.0372695922851562 0.0135345458984375
-0.0754852294921875 -0.0733184814453125 0.0528411865234375 0.0322799682617187
-0.0933609008789063 -0.0621490478515625 0.0583724975585937 0.0584983825683594
-0.0643463134765625 -0.0778045654296875 0.032012939453125 0.0919647216796875
-0.0156021118164063 -0.1107177734375 -0.0103607177734375 0.08349609375
0.0615386962890625 -0.10028076171875 -0.061798095703125 0.0478363037109375
0.143798828125 0.002471923828125 -0.0660324096679687 -0.00631332397460938
0.107757568359375 0.0893402099609375 0.00208282470703126 -0.0304107666015625
0.0481414794921875 0.14483642578125 0.0333786010742188 0.0933456420898438
-0.04248046875 0.0744781494140625 0.108123779296875 0.137519836425781
-0.00780487060546875 0.0955886840820312 0.0746917724609375 0.148300170898438
0.0676727294921875 0.075836181640625 0.0640411376953125 0.110725402832031
0.0774688720703125 0.00438690185546875 0.084320068359375 0.0730514526367188
0.0513687133789063 -0.050811767578125 0.0732040405273438 0.0340118408203125
-0.00934219360351562 -0.067230224609375 0.0547065734863281 0.0258979797363281
-0.0459518432617187 -0.0474090576171875 0.0643081665039063 0.0296974182128906
-0.0522346496582031 -0.051483154296875 0.0764999389648438 0.043304443359375
-0.0679206848144531 -0.0483245849609375 0.085113525390625 0.071380615234375
-0.0475044250488281 -0.0607566833496094 0.0517578125 0.110755920410156
-0.00637817382812501 -0.086212158203125 -0.00260925292968751 0.102027893066406
0.0556106567382812 -0.0714340209960938 -0.0588722229003906 0.0633926391601563
0.109275817871094 0.0214996337890625 -0.0665817260742188 0.00318527221679686
0.0588607788085938 0.0896835327148438 0.0146503448486328 -0.0128641128540039
-0.00821685791015625 0.104713439941406 0.0366363525390625 0.130935668945313
0.0548095703125 -0.0383377075195312 -0.056243896484375 -0.15313720703125
-0.0130615234375 -0.0606918334960938 -0.0281448364257813 -0.00311279296875001
-0.0533866882324219 -0.0202865600585937 0.0776290893554688 0.0013885498046875
-0.0406074523925781 0.0322914123535156 0.0877914428710938 -0.0834579467773438
-0.003662109375 0.0492591857910156 0.0201263427734375 -0.127166748046875
0.0300731658935547 0.0326328277587891 -0.0614395141601562 -0.132759094238281
0.0261726379394531 0.0168399810791016 -0.112297058105469 -0.0821151733398437
0.0187664031982422 0.0199432373046875 -0.101585388183594 -0.0531692504882812
0.0170402526855469 0.0218505859375 -0.0885848999023437 -0.0352859497070312
0.00166702270507812 0.0205898284912109 -0.0756301879882813 -0.0420150756835937
-0.0185260772705078 0.00862503051757813 -0.080780029296875 -0.0452804565429687
-0.0296649932861328 -0.0243968963623047 -0.0864791870117188 -0.0748825073242187
0.0121917724609375 -0.0480613708496094 -0.0601577758789063 -0.12432861328125
0.0618171691894531 -0.037567138671875 -0.08636474609375 -0.14984130859375
0.0851974487304688 -0.0121612548828125 -0.1121826171875 -0.165313720703125
0.0980300903320313 0.0319137573242188 -0.034423828125 -0.16119384765625
0.0451736450195313 -0.0210342407226563 -0.0213279724121094 -0.00633811950683594
0.0146141052246094 -0.0283679962158203 0.0919647216796875 0.0047149658203125
-0.00451946258544922 -0.00804281234741211 0.1043701171875 -0.0845870971679687
-0.000105857849121094 -0.000576555728912354 0.0340652465820313 -0.136466979980469
0.00407028198242188 -0.00371646881103516 -0.059112548828125 -0.139404296875
-0.0123252868652344 -0.00753593444824219 -0.113723754882812 -0.0828018188476563
-0.016596794128418 -0.0125207901000977 -0.0987548828125 -0.05023193359375
-0.0182056427001953 -0.00937080383300782 -0.0889053344726563 -0.03076171875
-0.0120735168457031 -0.0193939208984375 -0.0781936645507813 -0.03179931640625
-0.00237083435058594 -0.0344696044921875 -0.0810394287109375 -0.0349349975585938
0.0179481506347656 -0.0510101318359375 -0.0933837890625 -0.06622314453125
0.07513427734375 -0.0249252319335938 -0.067413330078125 -0.109146118164063
0.10528564453125 0.0125961303710938 -0.08990478515625 -0.133247375488281
0.120323181152344 0.063629150390625 -0.1015625 -0.14630126953125
0.122100830078125 0.105697631835937 -0.00103759765625 -0.14398193359375
0.0947494506835938 0.0362548828125 -0.00422358512878417 0.00353789329528809
0.0919647216796875 -0.0203323364257813 0.108169555664063 0.0192794799804688
0.0453453063964844 -0.044464111328125 0.125541687011719 -0.073577880859375
0.0148849487304688 -0.0554084777832031 0.0549850463867187 -0.133186340332031
-0.0176811218261719 -0.0446815490722656 -0.0449905395507812 -0.135269165039063
-0.0483245849609375 -0.0348281860351563 -0.100784301757813 -0.0758743286132813
-0.0511627197265625 -0.0436172485351562 -0.08172607421875 -0.0400543212890625
-0.0555534362792969 -0.0364265441894531 -0.0745315551757813 -0.0166473388671875
-0.0325431823730469 -0.0521469116210938 -0.0709228515625 -0.00898742675781252
-0.00019073486328125 -0.0753936767578125 -0.0779647827148438 -0.0114364624023438
0.0480575561523438 -0.083770751953125 -0.100311279296875 -0.0449905395507813
0.127433776855469 -0.022216796875 -0.0772552490234375 -0.0875015258789063
0.144332885742188 0.0421600341796875 -0.0865249633789063 -0.110282897949219
0.145675659179688 0.121795654296875 -0.0812454223632812 -0.108078002929688
0.121109008789062 0.166427612304687 0.0375442504882813 -0.099700927734375
0.124443054199219 0.0995330810546875 0.0198650360107422 0.0293464660644531
0.162628173828125 0.006500244140625 0.120208740234375 0.0436477661132813
0.102035522460938 -0.0670623779296875 0.141510009765625 -0.047698974609375
0.0394973754882813 -0.1019287109375 0.0776138305664063 -0.112434387207031
-0.030242919921875 -0.0855178833007813 -0.0225296020507813 -0.115913391113281
-0.0746917724609375 -0.0601806640625 -0.073394775390625 -0.0603408813476563
-0.077850341796875 -0.0688323974609375 -0.053131103515625 -0.0232467651367188
-0.086822509765625 -0.0557861328125 -0.0472831726074219 0.00269317626953125
-0.055023193359375 -0.0751419067382813 -0.0515174865722656 0.019439697265625
-0.00941467285156251 -0.106658935546875 -0.0662994384765625 0.0163536071777344
0.0600738525390625 -0.11260986328125 -0.0999374389648438 -0.0173568725585938
0.161727905273438 -0.029693603515625 -0.0827484130859375 -0.062530517578125
0.1685791015625 0.0572357177734375 -0.0721206665039062 -0.08734130859375
0.154403686523438 0.158477783203125 -0.0509223937988281 -0.0576019287109375
0.095306396484375 0.199935913085938 0.0721435546875 -0.0337295532226562
0.122207641601563 0.1510009765625 0.0426826477050781 0.067901611328125
0.200210571289063 0.0471954345703125 0.119842529296875 0.0736312866210937
0.1448974609375 -0.0643463134765625 0.144485473632813 -0.010101318359375
0.0659255981445313 -0.125411987304688 0.0922927856445313 -0.075347900390625
-0.0320968627929687 -0.112533569335938 0.003387451171875 -0.0818557739257813
-0.0868911743164063 -0.076751708984375 -0.0371856689453125 -0.0368232727050781
-0.0930099487304687 -0.0839614868164063 -0.0169973373413086 -0.00339031219482422
-0.106842041015625 -0.0661773681640625 -0.0115413665771484 0.0238304138183594
-0.0710983276367188 -0.08648681640625 -0.0236587524414062 0.0480995178222656
-0.0197525024414063 -0.123855590820313 -0.0468101501464844 0.0429763793945312
0.0625152587890625 -0.127281188964844 -0.0902175903320313 0.00971984863281247
0.174667358398438 -0.0321044921875 -0.0797348022460937 -0.0397872924804687
0.171340942382813 0.0673065185546875 -0.0483169555664062 -0.0675888061523438
0.141082763671875 0.173873901367188 -0.0164222717285156 -0.0042276382446289
0.052886962890625 0.19207763671875 0.0966567993164063 0.0396728515625
0.09027099609375 0.170333862304688 0.0616836547851563 0.107551574707031
0.190567016601563 0.0811004638671875 0.106246948242188 0.0983810424804688
0.155670166015625 -0.0431365966796875 0.131332397460938 0.0289154052734375
0.0802688598632813 -0.120880126953125 0.093505859375 -0.0307083129882813
-0.026763916015625 -0.118888854980469 0.0268516540527344 -0.0398635864257813
-0.0854721069335938 -0.0801544189453125 0.00335216522216796 -0.0103845596313477
-0.09381103515625 -0.0851821899414063 0.0208072662353516 0.0160942077636719
-0.110725402832031 -0.0679473876953125 0.027313232421875 0.0423240661621094
-0.0758209228515625 -0.087310791015625 0.00819396972656249 0.0727767944335938
-0.0233154296875 -0.125701904296875 -0.02685546875 0.0658607482910156
0.0626678466796875 -0.124160766601562 -0.0765304565429688 0.0322418212890625
0.16900634765625 -0.02227783203125 -0.0744400024414062 -0.019927978515625
0.151504516601563 0.0799713134765625 -0.0211067199707031 -0.0506744384765625
0.1058349609375 0.169525146484375 0.0153694152832031 0.0475425720214844
0.00445556640625 0.148452758789063 0.110481262207031 0.102668762207031
0.042724609375 0.14990234375 0.0730133056640625 0.139076232910156
0.141616821289063 0.0927734375 0.0860366821289063 0.112808227539063
0.130668640136719 -0.017059326171875 0.108749389648438 0.058746337890625
0.075164794921875 -0.0945892333984375 0.086181640625 0.00886535644531249
-0.0196914672851563 -0.103172302246094 0.045196533203125 -0.000976562500000006
-0.0726165771484375 -0.0695953369140625 0.0395355224609375 0.0134086608886719
-0.0812225341796875 -0.074310302734375 0.0554847717285156 0.0319366455078125
-0.0988006591796875 -0.061920166015625 0.0625 0.0586738586425781
-0.0688552856445313 -0.0791168212890625 0.0360183715820312 0.0948410034179688
-0.01873779296875 -0.114517211914063 -0.010406494140625 0.0873794555664063
0.0614242553710938 -0.105690002441406 -0.0652694702148438 0.0512619018554687
0.14984130859375 -0.00164794921875 -0.0691108703613281 -0.00611495971679687
0.114395141601563 0.0907440185546875 0.000650405883789071 -0.0325431823730469
0.0532989501953125 0.149368286132813 0.03533935546875 0.0949172973632813
-0.0427169799804687 0.0789108276367188 0.113052368164063 0.142364501953125
-0.00611877441406249 0.0993270874023438 0.079010009765625 0.153488159179688
0.072265625 0.0772247314453125 0.0675048828125 0.115440368652344
0.081085205078125 0.00341033935546875 0.0894622802734375 0.0754928588867188
0.0524978637695313 -0.0548896789550781 0.0764236450195313 0.034515380859375
-0.0111503601074219 -0.0699920654296875 0.0585823059082031 0.0265693664550781
-0.0484199523925781 -0.0481376647949219 0.0689468383789063 0.0297126770019531
-0.0565643310546875 -0.0523719787597656 0.0818023681640625 0.0428390502929688
-0.0725784301757813 -0.0478515625 0.0915374755859375 0.071807861328125
-0.0504608154296875 -0.0623283386230469 0.0559921264648437 0.113990783691406
-0.00881195068359375 -0.0897598266601563 -0.00225067138671874 0.106414794921875
0.0554122924804688 -0.0750656127929688 -0.0610542297363281 0.0675773620605469
0.114273071289063 0.0190277099609375 -0.0701408386230469 0.00331115722656249
0.0640640258789062 0.0919189453125 0.0146484375 -0.0158052444458008
-0.00617980957031251 0.108360290527344 0.0399093627929688 0.134681701660156
0.0549850463867188 -0.0403671264648438 -0.0634002685546875 -0.1541748046875
-0.0158233642578125 -0.0611152648925781 -0.0289592742919922 -0.000923156738281249
-0.0560646057128906 -0.01861572265625 0.0805587768554688 -0.000839233398437501
-0.0391502380371094 0.0354461669921875 0.0870361328125 -0.0895614624023438
-0.00069808959960938 0.0511932373046875 0.01715087890625 -0.132637023925781
0.0321044921875 0.0307579040527344 -0.0693130493164062 -0.134864807128906
0.026947021484375 0.0151863098144531 -0.119804382324219 -0.0790863037109375
0.0199813842773438 0.0195541381835938 -0.108100891113281 -0.0492019653320313
0.0181503295898438 0.0211238861083984 -0.0938873291015625 -0.0322418212890625
0.00275230407714844 0.0199451446533203 -0.080535888671875 -0.040924072265625
-0.0186538696289063 0.00937271118164063 -0.0861053466796875 -0.04388427734375
-0.0312290191650391 -0.0234336853027344 -0.0915908813476563 -0.0736770629882813
0.0113945007324219 -0.0488815307617188 -0.0659027099609375 -0.126388549804688
0.0613021850585938 -0.0415229797363281 -0.0931243896484375 -0.151214599609375
0.0864715576171875 -0.016510009765625 -0.121124267578125 -0.165924072265625
0.102340698242187 0.0297393798828125 -0.04156494140625 -0.162628173828125
0.0450439453125 -0.0231208801269531 -0.0225315093994141 -0.00383567810058593
0.0133705139160156 -0.0297698974609375 0.0946578979492188 0.0029296875
-0.00436782836914063 -0.00729084014892578 0.104804992675781 -0.0909347534179688
0.00065910816192627 -0.0013960599899292 0.030975341796875 -0.142303466796875
0.00409698486328125 -0.00471687316894531 -0.0662841796875 -0.142166137695312
-0.0138845443725586 -0.00758266448974609 -0.121452331542969 -0.080535888671875
-0.0190353393554688 -0.0125198364257812 -0.105575561523438 -0.0469970703125
-0.0200462341308594 -0.00940895080566406 -0.0936355590820313 -0.0269775390625
-0.0123004913330078 -0.0204238891601563 -0.08251953125 -0.029998779296875
-0.00305938720703125 -0.0362739562988281 -0.0866165161132813 -0.0329513549804688
0.0174636840820313 -0.0533561706542969 -0.0996475219726563 -0.0642242431640625
0.0771560668945313 -0.0282745361328125 -0.0732421875 -0.110336303710937
0.108917236328125 0.00904083251953125 -0.0971145629882812 -0.133926391601563
0.125885009765625 0.0610122680664063 -0.109146118164062 -0.1474609375
0.129730224609375 0.105232238769531 -0.0070648193359375 -0.146286010742188
0.0995254516601563 0.034027099609375 -0.00450468063354492 0.00598287582397461
0.0943527221679688 -0.0251312255859375 0.111808776855469 0.0171051025390625
0.0460319519042969 -0.0478515625 0.126960754394531 -0.0803604125976562
0.0129852294921875 -0.0581932067871094 0.0526809692382812 -0.140464782714844
-0.0204010009765625 -0.0466384887695313 -0.0517578125 -0.138259887695313
-0.0515365600585937 -0.0337448120117188 -0.107078552246094 -0.073516845703125
-0.055877685546875 -0.0433235168457031 -0.0870132446289062 -0.0375289916992188
-0.0589714050292969 -0.0355148315429688 -0.078094482421875 -0.0137557983398438
-0.035064697265625 -0.0537528991699219 -0.0734481811523438 -0.00598907470703124
-0.002960205078125 -0.07806396484375 -0.0821151733398438 -0.00873565673828124
0.046875 -0.0882720947265625 -0.107086181640625 -0.0415725708007812
0.131828308105469 -0.0281753540039063 -0.0836105346679687 -0.0884170532226563
0.150222778320313 0.0383453369140625 -0.0931167602539062 -0.110679626464844
0.154998779296875 0.119461059570313 -0.0875625610351562 -0.108406066894531
0.131179809570313 0.168716430664063 0.0333251953125 -0.101402282714844
0.132713317871094 0.098358154296875 0.0200138092041016 0.0324306488037109
0.167999267578125 -0.001129150390625 0.124038696289063 0.0413589477539063
0.102668762207031 -0.0725784301757812 0.1444091796875 -0.05462646484375
0.0363388061523438 -0.107406616210938 0.0767669677734375 -0.119712829589844
-0.0348434448242187 -0.0872116088867188 -0.02789306640625 -0.119209289550781
-0.079437255859375 -0.0589218139648438 -0.0778961181640625 -0.0583419799804688
-0.0848922729492188 -0.0678787231445312 -0.056121826171875 -0.0215797424316406
-0.0926361083984375 -0.0535964965820313 -0.0493621826171875 0.00563812255859374
-0.0590591430664063 -0.0755538940429688 -0.0526885986328125 0.0225868225097656
-0.0137481689453125 -0.109405517578125 -0.0684432983398437 0.0197296142578125
0.0576629638671875 -0.118858337402344 -0.105690002441406 -0.0130615234375
0.166854858398438 -0.03802490234375 -0.0875930786132813 -0.0627059936523438
0.17620849609375 0.0525970458984375 -0.0779190063476563 -0.0877227783203125
0.166168212890625 0.156234741210938 -0.0547904968261719 -0.0579986572265625
0.105850219726563 0.202728271484375 0.0718536376953125 -0.0348434448242187
0.132003784179688 0.151046752929688 0.0456008911132813 0.0700836181640625
0.208404541015625 0.039276123046875 0.124275207519531 0.0716934204101563
0.14666748046875 -0.0721282958984375 0.148956298828125 -0.0157470703125
0.0628204345703125 -0.132575988769531 0.0932693481445313 -0.0812835693359375
-0.0370941162109375 -0.115379333496094 0.00072479248046875 -0.08447265625
-0.0926589965820312 -0.0749664306640625 -0.0392646789550781 -0.0355110168457031
-0.100502014160156 -0.0822601318359375 -0.01763916015625 -0.00319290161132813
-0.113304138183594 -0.0629653930664062 -0.0112838745117188 0.0249710083007812
-0.0764999389648438 -0.0854644775390625 -0.021942138671875 0.0509986877441406
-0.0251693725585937 -0.126319885253906 -0.0483512878417969 0.0469932556152344
0.0586013793945313 -0.1337890625 -0.09478759765625 0.0145034790039062
0.179397583007813 -0.0417022705078125 -0.0845947265625 -0.0383224487304688
0.179519653320313 0.0630645751953125 -0.0526771545410156 -0.0680656433105469
0.153472900390625 0.172225952148438 -0.0166797637939453 -0.00382137298583983
0.0625152587890625 0.197540283203125 0.0995864868164063 0.0390090942382813
0.100875854492187 0.171493530273438 0.0657272338867188 0.110916137695313
0.200042724609375 0.0748443603515625 0.111541748046875 0.0983810424804688
0.158828735351563 -0.0504913330078125 0.13665771484375 0.0256195068359375
0.078155517578125 -0.128509521484375 0.0963287353515625 -0.0346908569335938
-0.0327682495117187 -0.121780395507813 0.0268516540527344 -0.0410423278808594
-0.091278076171875 -0.078094482421875 0.00286579132080078 -0.00963687896728516
-0.102005004882813 -0.0842208862304687 0.0219459533691406 0.0148792266845703
-0.117904663085938 -0.0643081665039063 0.0300521850585937 0.0423240661621094
-0.081787109375 -0.0864105224609375 0.0115203857421875 0.075347900390625
-0.0286331176757813 -0.128570556640625 -0.0264472961425781 0.0702400207519531
0.0586013793945312 -0.130615234375 -0.0797653198242188 0.0377578735351563
0.174285888671875 -0.0303192138671875 -0.077667236328125 -0.0194778442382812
0.160003662109375 0.076141357421875 -0.0245819091796875 -0.0521774291992187
0.11602783203125 0.16998291015625 0.0174636840820313 0.0477981567382813
0.010711669921875 0.153961181640625 0.115821838378906 0.103324890136719
0.0507659912109375 0.152694702148438 0.0789794921875 0.141891479492187
0.149917602539063 0.0880279541015625 0.0912094116210938 0.113883972167969
0.134231567382813 -0.022918701171875 0.114921569824219 0.0568771362304688
0.0727996826171875 -0.100914001464844 0.0899505615234375 0.00608062744140624
-0.023956298828125 -0.105606079101563 0.0482940673828125 -0.00161743164062501
-0.0769195556640625 -0.06793212890625 0.0421409606933594 0.0124359130859375
-0.0880126953125 -0.0726852416992187 0.0591964721679687 0.0292510986328125
-0.105278015136719 -0.0582351684570313 0.0675506591796875 0.0570220947265625
-0.0736236572265625 -0.0782546997070313 0.0420989990234375 0.0962142944335938
-0.0236282348632812 -0.116241455078125 -0.00823974609374999 0.091033935546875
0.0582809448242188 -0.111190795898438 -0.0672645568847656 0.0560417175292969
0.15423583984375 -0.00982666015625 -0.0716400146484375 -0.00498962402343751
0.12213134765625 0.088592529296875 -0.00127029418945311 -0.0351676940917969
0.0613555908203125 0.151229858398438 0.0402603149414063 0.0959854125976563
-0.0409774780273438 0.0831451416015625 0.120712280273438 0.143524169921875
-0.00263977050781251 0.102653503417969 0.0864105224609375 0.156661987304687
0.0783157348632813 0.0754013061523438 0.0730514526367188 0.117485046386719
0.0835113525390625 0.0007781982421875 0.095855712890625 0.07415771484375
0.0502243041992188 -0.0592880249023438 0.08111572265625 0.032928466796875
-0.0148849487304688 -0.0715713500976563 0.0632362365722656 0.025726318359375
-0.0523452758789062 -0.0460166931152344 0.0730972290039063 0.0277252197265625
-0.0616836547851563 -0.0509490966796875 0.0869064331054688 0.0391769409179688
-0.0768280029296875 -0.0453948974609375 0.0977706909179688 0.0688629150390625
-0.0548133850097656 -0.0619430541992188 0.0641403198242187 0.114471435546875
-0.01385498046875 -0.0916595458984375 0.0015716552734375 0.110481262207031
0.0523681640625 -0.0789031982421875 -0.0613250732421875 0.0724029541015625
0.118476867675781 0.0137481689453125 -0.0730667114257812 0.00553131103515625
0.0703277587890625 0.0909500122070313 0.0130767822265625 -0.0182723999023437
-0.001617431640625 0.111381530761719 0.0456314086914062 0.136093139648438
0.0538291931152344 -0.0426025390625 -0.0699310302734375 -0.152511596679688
-0.0190086364746094 -0.0608367919921875 -0.0291461944580078 0.00165367126464843
-0.0578079223632813 -0.0160408020019531 0.0816268920898437 -0.00311279296875
-0.036956787109375 0.0370597839355469 0.0850982666015625 -0.0934295654296875
0.00240325927734375 0.0505561828613281 0.012451171875 -0.135551452636719
0.0329627990722656 0.0289764404296875 -0.0761260986328125 -0.134056091308594
0.0272331237792969 0.0141391754150391 -0.125617980957031 -0.0750732421875
0.0210361480712891 0.0183219909667969 -0.111968994140625 -0.043182373046875
0.0193061828613281 0.0197257995605469 -0.0958480834960938 -0.0272369384765625
0.00374794006347656 0.0185070037841797 -0.0846099853515625 -0.0383758544921875
-0.0179462432861328 0.00950431823730469 -0.089599609375 -0.0413589477539062
-0.0318813323974609 -0.0214138031005859 -0.0955047607421875 -0.0713729858398438
0.00976943969726562 -0.0492973327636719 -0.0705108642578125 -0.125900268554688
0.0601959228515625 -0.04449462890625 -0.0984954833984375 -0.14947509765625
0.08599853515625 -0.0198440551757812 -0.127044677734375 -0.162765502929688
0.1041259765625 0.027313232421875 -0.04791259765625 -0.16094970703125
0.0449485778808594 -0.0248870849609375 -0.0228614807128906 -0.00140190124511718
0.0124187469482422 -0.0302391052246094 0.0955047607421875 0.000724792480468748
-0.00385618209838867 -0.00713920593261719 0.1026611328125 -0.0959854125976563
0.00145304203033447 -0.00179922580718994 0.026336669921875 -0.145980834960938
0.00366592407226563 -0.00542736053466797 -0.0736236572265625 -0.14178466796875
-0.0140371322631836 -0.00814628601074219 -0.126754760742188 -0.075439453125
-0.0203838348388672 -0.0124130249023438 -0.10943603515625 -0.0415267944335937
-0.0206165313720703 -0.00979804992675782 -0.09661865234375 -0.0223541259765625
-0.0129585266113281 -0.0215263366699219 -0.085479736328125 -0.0271224975585938
-0.00433349609375 -0.0374755859375 -0.0898361206054687 -0.0302810668945313
0.0154762268066406 -0.0538520812988281 -0.103843688964844 -0.060638427734375
0.0771408081054687 -0.0313491821289063 -0.0775604248046875 -0.110054016113281
0.109916687011719 0.0053558349609375 -0.102340698242188 -0.132415771484375
0.129364013671875 0.05645751953125 -0.115005493164063 -0.144790649414062
0.135017395019531 0.10113525390625 -0.013519287109375 -0.144943237304688
0.101997375488281 0.0304489135742188 -0.00491619110107421 0.00878000259399414
0.0941543579101563 -0.0297012329101562 0.112922668457031 0.0140533447265625
0.0453071594238281 -0.0494041442871094 0.1248779296875 -0.0858306884765625
0.0109748840332031 -0.0597381591796875 0.048675537109375 -0.14483642578125
-0.0221214294433594 -0.0468292236328125 -0.0577316284179687 -0.137886047363281
-0.053863525390625 -0.0326385498046875 -0.111251831054687 -0.0693740844726563
-0.0596466064453125 -0.0416069030761719 -0.0901947021484375 -0.0333099365234375
-0.061065673828125 -0.0333175659179688 -0.0805435180664063 -0.00921630859375
-0.037078857421875 -0.0536117553710938 -0.0752334594726563 -0.00337219238281252
-0.0050811767578125 -0.07952880859375 -0.0841217041015625 -0.00577545166015624
0.043701171875 -0.09136962890625 -0.110748291015625 -0.03692626953125
0.132987976074219 -0.03436279296875 -0.0874099731445312 -0.0876007080078125
0.153335571289063 0.0330963134765625 -0.097503662109375 -0.10858154296875
0.161026000976563 0.11456298828125 -0.0915985107421875 -0.105979919433594
0.139022827148438 0.165298461914063 0.0289077758789063 -0.10174560546875
0.137954711914062 0.094024658203125 0.0199031829833984 0.0345058441162109
0.170120239257813 -0.00848388671875 0.1256103515625 0.0388412475585938
0.101875305175781 -0.0771636962890625 0.144180297851563 -0.060638427734375
0.0326690673828125 -0.110092163085938 0.0737152099609375 -0.12445068359375
-0.038360595703125 -0.0870742797851563 -0.032012939453125 -0.119651794433594
-0.0824966430664062 -0.056060791015625 -0.0806808471679688 -0.0549774169921875
-0.0896987915039062 -0.0642776489257813 -0.0589179992675781 -0.0193252563476562
-0.0958328247070313 -0.050384521484375 -0.0503997802734375 0.00804901123046874
-0.06231689453125 -0.0743865966796875 -0.0522232055664063 0.0260467529296875
-0.0175933837890625 -0.11065673828125 -0.0705413818359375 0.0230484008789063
0.0532913208007813 -0.123008728027344 -0.108612060546875 -0.00770568847656251
0.166839599609375 -0.0462646484375 -0.0919723510742187 -0.0610427856445313
0.17999267578125 0.0458526611328125 -0.0818710327148437 -0.0863494873046875
0.174301147460938 0.151458740234375 -0.0573348999023437 -0.056121826171875
0.115249633789063 0.201278686523438 0.0690231323242188 -0.0354843139648437
0.140274047851563 0.147720336914063 0.0469131469726563 0.0718994140625
0.211929321289062 0.030242919921875 0.127021789550781 0.0686187744140625
0.145950317382813 -0.07904052734375 0.149215698242188 -0.0213470458984375
0.0577621459960938 -0.137351989746094 0.0922927856445313 -0.0862960815429688
-0.0422210693359375 -0.11474609375 -0.0012359619140625 -0.0856552124023438
-0.0964279174804687 -0.0720062255859375 -0.0407638549804688 -0.0338516235351563
-0.106910705566406 -0.0779953002929688 -0.0187892913818359 -0.0020751953125
-0.117393493652344 -0.058258056640625 -0.0106925964355469 0.0259056091308594
-0.0803146362304688 -0.0832901000976563 -0.0201034545898438 0.0527000427246094
-0.0302810668945313 -0.1265869140625 -0.0484428405761719 0.0498619079589844
0.0534591674804688 -0.137718200683594 -0.0971221923828125 0.0200653076171875
0.179336547851562 -0.050628662109375 -0.0879058837890625 -0.0367889404296875
0.183807373046875 0.05645751953125 -0.0560302734375 -0.0676040649414063
0.161483764648438 0.167617797851563 -0.017451286315918 -0.00370693206787109
0.070587158203125 0.197357177734375 0.100364685058594 0.0380096435546875
0.10870361328125 0.169235229492188 0.0687789916992188 0.111015319824219
0.205413818359375 0.0655517578125 0.114234924316406 0.0960769653320312
0.158462524414063 -0.0581207275390625 0.138473510742188 0.020477294921875
0.07305908203125 -0.133430480957031 0.0969924926757813 -0.038787841796875
-0.0373916625976563 -0.121360778808594 0.0273170471191406 -0.0427513122558594
-0.0951004028320312 -0.0754852294921875 0.00385856628417968 -0.00974464416503907
-0.107315063476562 -0.0797882080078125 0.0232467651367187 0.0132827758789062
-0.1221923828125 -0.05950927734375 0.0311317443847656 0.0413436889648437
-0.0856170654296875 -0.0834503173828125 0.0156631469726562 0.0757064819335938
-0.0341796875 -0.128311157226563 -0.0243682861328125 0.0724105834960937
0.0534210205078125 -0.133712768554687 -0.08050537109375 0.0420150756835938
0.17425537109375 -0.039276123046875 -0.0801239013671875 -0.0183639526367188
0.164703369140625 0.070343017578125 -0.0276832580566406 -0.0527381896972656
0.124191284179688 0.166610717773438 0.0192146301269531 0.0470924377441406
0.017425537109375 0.155990600585937 0.119293212890625 0.101737976074219
0.05731201171875 0.151870727539062 0.0830535888671875 0.141494750976563
0.155807495117188 0.0824432373046875 0.09515380859375 0.112319946289062
0.134956359863281 -0.0277862548828125 0.117469787597656 0.0536346435546875
0.0687408447265625 -0.105484008789063 0.09173583984375 0.00327301025390624
-0.0292587280273438 -0.105743408203125 0.0501708984375 -0.00292205810546876
-0.0802230834960938 -0.064849853515625 0.0439796447753906 0.0108642578125
-0.0929718017578125 -0.068939208984375 0.0605697631835937 0.0262680053710937
-0.108604431152344 -0.0540390014648438 0.0700263977050781 0.0537452697753906
-0.077545166015625 -0.0756607055664063 0.0469589233398437 0.0952377319335938
-0.0290145874023438 -0.115913391113281 -0.00601196289062499 0.0925827026367187
0.05377197265625 -0.11370849609375 -0.067291259765625 0.0605506896972656
0.155471801757813 -0.017547607421875 -0.07354736328125 -0.00346374511718751
0.127159118652344 0.083740234375 -0.00339889526367187 -0.0371665954589844
0.068511962890625 0.149581909179688 0.0433273315429688 0.0944900512695313
-0.0380783081054687 0.086212158203125 0.125274658203125 0.142257690429688
0.00159454345703125 0.103363037109375 0.090728759765625 0.155288696289063
0.0826187133789063 0.070892333984375 0.0778045654296875 0.116554260253906
0.08465576171875 -0.00339508056640625 0.099273681640625 0.0718536376953125
0.0480613708496094 -0.0624237060546875 0.0846481323242188 0.0313949584960937
-0.0188140869140625 -0.0714035034179688 0.0662689208984375 0.0239143371582031
-0.0537376403808594 -0.04327392578125 0.0754547119140625 0.0247344970703125
-0.0650482177734375 -0.0479164123535156 0.088958740234375 0.0349578857421875
-0.0801467895507813 -0.040740966796875 0.101799011230469 0.064208984375
-0.0571022033691406 -0.0596847534179688 0.0700531005859375 0.112411499023438
-0.01690673828125 -0.091033935546875 0.00476837158203124 0.112197875976563
0.0494766235351562 -0.08154296875 -0.0602951049804688 0.0758590698242188
0.119644165039063 0.00719451904296875 -0.073486328125 0.00725555419921876
0.0751113891601563 0.0887985229492188 0.0108718872070313 -0.0209197998046875
0.00297546386718749 0.112251281738281 0.0503768920898438 0.134590148925781
0.0531883239746094 -0.0431632995605469 -0.072845458984375 -0.1502685546875
-0.0202484130859375 -0.0595512390136719 -0.0287284851074219 0.00375366210937499
-0.0575408935546875 -0.0147056579589844 0.0826568603515625 -0.0042877197265625
-0.0349807739257813 0.0374984741210937 0.0837936401367188 -0.0948562622070313
0.00413131713867188 0.0496292114257813 0.0106277465820312 -0.137123107910156
0.0341243743896484 0.0271434783935547 -0.0797195434570313 -0.133262634277344
0.0271472930908203 0.0126991271972656 -0.128082275390625 -0.0715103149414063
0.0207653045654297 0.0177555084228516 -0.114448547363281 -0.039703369140625
0.0193901062011719 0.0182323455810547 -0.0975418090820313 -0.0248641967773438
0.00416088104248047 0.0172271728515625 -0.0868606567382813 -0.037109375
-0.0173616409301758 0.0091543197631836 -0.0914993286132813 -0.0395126342773438
-0.0324649810791016 -0.0196189880371094 -0.0968551635742188 -0.0693130493164063
0.00909042358398438 -0.0493812561035156 -0.071624755859375 -0.125373840332031
0.0582847595214844 -0.0460777282714844 -0.100631713867188 -0.14776611328125
0.0839614868164062 -0.0216064453125 -0.12823486328125 -0.160598754882813
0.104881286621094 0.0255661010742188 -0.0515899658203125 -0.158172607421875
0.0440788269042969 -0.025299072265625 -0.0226078033447266 0.001373291015625
0.0120086669921875 -0.0305366516113281 0.0961151123046875 -0.000358581542968752
-0.00326299667358398 -0.00684928894042969 0.101669311523438 -0.0975494384765625
0.00123512744903564 -0.0021132230758667 0.0241851806640625 -0.147811889648437
0.00372886657714844 -0.00657367706298828 -0.0766754150390625 -0.140777587890625
-0.0150508880615234 -0.00810909271240234 -0.129318237304688 -0.0717544555664063
-0.0210151672363281 -0.0120258331298828 -0.1107177734375 -0.037872314453125
-0.0209941864013672 -0.00978088378906249 -0.0976181030273438 -0.0196075439453125
-0.0136260986328125 -0.0221023559570313 -0.0874404907226563 -0.0257949829101562
-0.00442886352539062 -0.0382194519042969 -0.0913314819335938 -0.028656005859375
0.0150299072265625 -0.0539093017578125 -0.105064392089844 -0.05853271484375
0.0775070190429688 -0.0332107543945313 -0.0786819458007813 -0.109748840332031
0.109992980957031 0.00318145751953125 -0.103874206542969 -0.129692077636719
0.129470825195313 0.0542984008789063 -0.116180419921875 -0.142547607421875
0.137336730957031 0.09881591796875 -0.0164794921875 -0.142807006835938
0.103134155273437 0.0286026000976562 -0.00516986846923827 0.0115737915039063
0.0934677124023438 -0.0317916870117188 0.113143920898438 0.01348876953125
0.0452232360839844 -0.0503311157226563 0.124107360839844 -0.0884857177734375
0.00980377197265625 -0.0601348876953125 0.04669189453125 -0.14678955078125
-0.0224380493164063 -0.0471382141113281 -0.061187744140625 -0.137458801269531
-0.0543975830078125 -0.031982421875 -0.113273620605469 -0.065673828125
-0.061431884765625 -0.0398635864257813 -0.0920791625976563 -0.0298690795898438
-0.0629501342773438 -0.0326576232910156 -0.0811996459960937 -0.00640106201171873
-0.038116455078125 -0.0535926818847656 -0.0760955810546875 -0.00153350830078125
-0.00627899169921875 -0.0803375244140625 -0.0862579345703125 -0.00399780273437499
0.0419464111328125 -0.0920867919921875 -0.112998962402344 -0.0339889526367188
0.1331787109375 -0.0379104614257813 -0.0897674560546875 -0.0871963500976562
0.15435791015625 0.03082275390625 -0.09930419921875 -0.1075439453125
0.163162231445313 0.111419677734375 -0.0936126708984375 -0.104385375976563
0.143035888671875 0.16357421875 0.0262222290039063 -0.100112915039062
0.14068603515625 0.0908355712890625 0.020111083984375 0.0375099182128906
0.169692993164063 -0.0128936767578125 0.126144409179688 0.0377273559570313
0.10064697265625 -0.0785446166992188 0.142990112304688 -0.0630340576171875
0.0300521850585938 -0.110977172851563 0.0722579956054688 -0.12664794921875
-0.0400772094726563 -0.0867385864257813 -0.0345077514648438 -0.119178771972656
-0.0833969116210938 -0.0543441772460938 -0.0816192626953125 -0.051971435546875
-0.0930862426757813 -0.0617599487304688 -0.0599021911621094 -0.0173149108886719
-0.097686767578125 -0.0471038818359375 -0.0505828857421875 0.00954818725585937
-0.0638427734375 -0.0733108520507813 -0.0518341064453125 0.02667236328125
-0.019439697265625 -0.111526489257812 -0.0709762573242188 0.0249786376953125
0.0506515502929688 -0.123687744140625 -0.110511779785156 -0.00426483154296875
0.166671752929688 -0.0507659912109375 -0.093231201171875 -0.0603256225585937
0.181503295898438 0.0432586669921875 -0.0832061767578125 -0.0855560302734375
0.17779541015625 0.146896362304688 -0.0584259033203125 -0.0557746887207031
0.119522094726562 0.199996948242188 0.0677947998046875 -0.0347366333007812
0.143585205078125 0.14471435546875 0.047760009765625 0.0732955932617188
0.213577270507813 0.0245361328125 0.126663208007813 0.0677871704101563
0.145004272460938 -0.081695556640625 0.148651123046875 -0.0236663818359375
0.0550537109375 -0.139083862304687 0.091522216796875 -0.0885543823242188
-0.0444107055664063 -0.114486694335937 -0.00260162353515626 -0.0857086181640625
-0.0975799560546875 -0.0701141357421875 -0.040191650390625 -0.0321388244628906
-0.110321044921875 -0.0747604370117188 -0.0192279815673828 -0.0020751953125
-0.119277954101563 -0.0548782348632812 -0.0107173919677734 0.0264720916748047
-0.08197021484375 -0.0816116333007813 -0.018707275390625 0.0527877807617188
-0.0324554443359375 -0.126167297363281 -0.0478935241699219 0.0515556335449219
0.0510330200195313 -0.138198852539063 -0.0978622436523437 0.0233154296875
0.179168701171875 -0.055755615234375 -0.0897598266601563 -0.0362548828125
0.185379028320313 0.0523681640625 -0.058258056640625 -0.0678367614746094
0.165267944335938 0.164016723632813 -0.0175952911376953 -0.00378990173339843
0.0756378173828125 0.19677734375 0.0999679565429688 0.0378265380859375
0.11273193359375 0.167266845703125 0.0695114135742188 0.113029479980469
0.207199096679688 0.0606689453125 0.114883422851563 0.0944061279296875
0.157562255859375 -0.0605621337890625 0.138389587402344 0.0177841186523437
0.0699844360351563 -0.135086059570312 0.0968551635742188 -0.0409698486328125
-0.0403213500976562 -0.121177673339844 0.0280342102050781 -0.0438346862792969
-0.0960693359375 -0.0732421875 0.0046396255493164 -0.00999259948730469
-0.110336303710937 -0.0756454467773438 0.0223808288574219 0.0135765075683594
-0.124046325683594 -0.0553207397460937 0.0316009521484375 0.0402030944824219
-0.087188720703125 -0.0812530517578125 0.0179061889648438 0.075042724609375
-0.0371246337890625 -0.126480102539063 -0.0249252319335938 0.0738067626953125
0.05084228515625 -0.134033203125 -0.081878662109375 0.0456161499023438
0.173721313476563 -0.04522705078125 -0.0810394287109375 -0.0182037353515625
0.1666259765625 0.066864013671875 -0.0293235778808594 -0.0533790588378906
0.128097534179688 0.163314819335938 0.0198478698730469 0.04595947265625
0.0207672119140625 0.156112670898438 0.119903564453125 0.10089111328125
0.0609588623046875 0.15057373046875 0.084442138671875 0.142059326171875
0.1572265625 0.077392578125 0.0957412719726563 0.112190246582031
0.134391784667969 -0.0316390991210937 0.1180419921875 0.0513839721679688
0.0658493041992187 -0.107170104980469 0.0932159423828125 0.00172424316406249
-0.0317459106445312 -0.104637145996094 0.0517654418945313 -0.00378799438476563
-0.0813980102539063 -0.0626678466796875 0.0457344055175781 0.00988388061523437
-0.0955276489257813 -0.0656509399414063 0.0604476928710937 0.024200439453125
-0.110054016113281 -0.0491790771484375 0.0716781616210937 0.0515365600585938
-0.0783004760742188 -0.073211669921875 0.0493850708007812 0.0940933227539063
-0.0313873291015625 -0.114219665527344 -0.00509643554687501 0.0936965942382812
0.050811767578125 -0.1148681640625 -0.0674247741699219 0.0625267028808594
0.154556274414063 -0.0216827392578125 -0.0746536254882812 -0.00357055664062502
0.12921142578125 0.080841064453125 -0.00601577758789061 -0.0387992858886719
0.071258544921875 0.147781372070313 0.0444107055664063 0.0924758911132813
-0.0354385375976563 0.0874481201171875 0.126373291015625 0.140419006347656
0.00411224365234375 0.102134704589844 0.0928955078125 0.154586791992188
0.0841751098632813 0.066925048828125 0.0785751342773438 0.116539001464844
0.084136962890625 -0.005706787109375 0.100601196289063 0.070709228515625
0.0462684631347656 -0.0632820129394531 0.0855026245117188 0.029632568359375
-0.0206298828125 -0.0698928833007813 0.0690231323242188 0.0231666564941406
-0.054229736328125 -0.0414161682128906 0.077178955078125 0.0224151611328125
-0.0663490295410156 -0.0455970764160156 0.0896682739257812 0.0317611694335937
-0.0810470581054688 -0.0376663208007812 0.103134155273437 0.06097412109375
-0.0577621459960937 -0.05804443359375 0.0736541748046875 0.110336303710938
-0.019622802734375 -0.0904464721679688 0.00582122802734375 0.113243103027344
0.0474777221679688 -0.0817337036132812 -0.0602874755859375 0.0778045654296875
0.119621276855469 0.0030670166015625 -0.0737838745117187 0.00764465332031251
0.0774612426757813 0.0853424072265625 0.00889015197753907 -0.022064208984375
0.00569915771484376 0.111701965332031 0.0525894165039063 0.133087158203125
0.0539512634277344 -0.0440750122070313 -0.0738677978515625 -0.150711059570313
-0.0213851928710938 -0.059600830078125 -0.0286273956298828 0.00489425659179688
-0.0583953857421875 -0.0131034851074219 0.084320068359375 -0.0026397705078125
-0.0341796875 0.0379219055175781 0.08544921875 -0.096282958984375
0.00482559204101563 0.05029296875 0.0106582641601563 -0.139739990234375
0.0338630676269531 0.0267906188964844 -0.081329345703125 -0.135284423828125
0.0267829895019531 0.0117835998535156 -0.131111145019531 -0.0702133178710937
0.0205497741699219 0.0173931121826172 -0.115608215332031 -0.0379180908203125
0.0197124481201172 0.0172252655029297 -0.0981292724609375 -0.0236053466796875
0.00410747528076172 0.0161762237548828 -0.0893630981445313 -0.0377197265625
-0.01751708984375 0.00871086120605468 -0.09381103515625 -0.0406036376953125
-0.0320301055908203 -0.0188865661621094 -0.0984954833984375 -0.0708694458007813
0.00928878784179688 -0.0501136779785156 -0.0712356567382812 -0.128166198730469
0.0585823059082031 -0.0469741821289063 -0.100875854492188 -0.148712158203125
0.0850143432617188 -0.0217742919921875 -0.127777099609375 -0.162490844726563
0.106216430664063 0.0256195068359375 -0.0521240234375 -0.158538818359375
0.0438690185546875 -0.0252609252929687 -0.0225448608398438 0.00339126586914062
0.0119190216064453 -0.030853271484375 0.0978622436523438 0.000671386718749998
-0.00154304504394531 -0.00738620758056641 0.103622436523438 -0.0988235473632813
0.00229597091674805 -0.00260257720947266 0.0247955322265625 -0.1510009765625
0.00387334823608399 -0.007171630859375 -0.0784454345703125 -0.142730712890625
-0.0154905319213867 -0.00869464874267578 -0.131141662597656 -0.071502685546875
-0.0222930908203125 -0.0119800567626953 -0.112678527832031 -0.0362091064453125
-0.0221977233886719 -0.010589599609375 -0.0987548828125 -0.0178680419921875
-0.0136375427246094 -0.0239124298095703 -0.08978271484375 -0.0250015258789063
-0.00400161743164062 -0.0391426086425781 -0.0943832397460938 -0.0286636352539063
0.0152206420898438 -0.0537567138671875 -0.106895446777344 -0.05828857421875
0.078643798828125 -0.0340118408203125 -0.0792694091796875 -0.111785888671875
0.110450744628906 0.002960205078125 -0.103843688964844 -0.131378173828125
0.130424499511719 0.0546417236328125 -0.115997314453125 -0.1444091796875
0.139671325683594 0.0998764038085938 -0.017303466796875 -0.1422119140625
0.103927612304688 0.028594970703125 -0.00473403930664062 0.014307975769043
0.0948028564453125 -0.0330352783203125 0.11431884765625 0.0150299072265625
0.0465965270996094 -0.0511322021484375 0.125289916992188 -0.0896148681640625
0.0100784301757813 -0.0611495971679688 0.0479583740234375 -0.149932861328125
-0.0231361389160156 -0.0481948852539063 -0.0620269775390625 -0.139144897460938
-0.0550079345703125 -0.0325584411621094 -0.114418029785156 -0.0655670166015625
-0.0628509521484375 -0.03997802734375 -0.0935516357421875 -0.0282211303710938
-0.0638351440429688 -0.0326805114746094 -0.08245849609375 -0.00521087646484373
-0.0384407043457031 -0.0549964904785156 -0.0777206420898438 -0.00125885009765625
-0.00630950927734375 -0.0820236206054688 -0.0881805419921875 -0.00360107421874999
0.042724609375 -0.0933074951171875 -0.115280151367187 -0.0335769653320313
0.13482666015625 -0.0388717651367187 -0.0905685424804687 -0.089111328125
0.15496826171875 0.030853271484375 -0.0998001098632812 -0.108192443847656
0.164016723632812 0.112197875976562 -0.092681884765625 -0.105628967285156
0.145294189453125 0.164627075195313 0.0264511108398438 -0.0987548828125
0.142166137695313 0.0914154052734375 0.0209121704101563 0.0395088195800781
0.171844482421875 -0.014739990234375 0.126594543457031 0.0394210815429688
0.102279663085938 -0.0800323486328125 0.144317626953125 -0.0635528564453125
0.0300140380859375 -0.112899780273437 0.0731353759765625 -0.129745483398438
-0.0402450561523437 -0.0877532958984375 -0.0349884033203125 -0.120643615722656
-0.0844955444335938 -0.055023193359375 -0.0822219848632813 -0.0521697998046875
-0.0951156616210938 -0.0617904663085937 -0.0608749389648438 -0.0164031982421875
-0.0987548828125 -0.0472488403320312 -0.0515899658203125 0.0110511779785156
-0.0641937255859375 -0.0746307373046875 -0.0524177551269531 0.0274276733398437
-0.0201263427734375 -0.112724304199219 -0.0733871459960938 0.0256805419921875
0.0513992309570312 -0.125640869140625 -0.113418579101563 -0.00256347656250003
0.169647216796875 -0.052978515625 -0.0955352783203125 -0.0627822875976563
0.183486938476563 0.042877197265625 -0.0846405029296875 -0.0869293212890625
0.179428100585938 0.148086547851563 -0.057586669921875 -0.0561981201171875
0.1217041015625 0.201370239257813 0.067840576171875 -0.0329437255859375
0.146286010742188 0.145263671875 0.047576904296875 0.0763168334960938
0.215988159179688 0.022796630859375 0.127761840820313 0.0698776245117188
0.146438598632812 -0.0822296142578125 0.150100708007813 -0.023712158203125
0.0543365478515625 -0.141082763671875 0.093017578125 -0.0903244018554688
-0.0448837280273438 -0.115127563476563 -0.00188446044921875 -0.086883544921875
-0.098907470703125 -0.0696868896484375 -0.0396995544433594 -0.0323028564453125
-0.113189697265625 -0.0739517211914062 -0.0202007293701172 -0.00156593322753907
-0.121055603027344 -0.0542373657226563 -0.0110435485839844 0.0271224975585937
-0.0823974609375 -0.0822219848632813 -0.0182151794433594 0.0537948608398437
-0.0337371826171875 -0.127616882324219 -0.0501327514648438 0.0532951354980469
0.05078125 -0.14019775390625 -0.1007080078125 0.0254592895507812
0.180755615234375 -0.05841064453125 -0.091339111328125 -0.038482666015625
0.187973022460937 0.0521392822265625 -0.0595321655273437 -0.0694847106933594
0.16766357421875 0.1649169921875 -0.01776123046875 -0.00401687622070312
0.0765228271484375 0.199752807617188 0.100418090820313 0.040374755859375
0.114105224609375 0.168045043945313 0.0693893432617188 0.115127563476563
0.20947265625 0.0584259033203125 0.115226745605469 0.0972213745117188
0.159683227539063 -0.061187744140625 0.138565063476563 0.0189666748046875
0.0693359375 -0.13812255859375 0.0992813110351563 -0.0420379638671875
-0.0405349731445312 -0.121795654296875 0.0284500122070312 -0.0435562133789063
-0.0971527099609375 -0.0731277465820313 0.00601768493652343 -0.0094594955444336
-0.113655090332031 -0.0752182006835938 0.0228652954101562 0.0122051239013672
-0.125663757324219 -0.053436279296875 0.0322113037109375 0.0405845642089844
-0.0868911743164063 -0.0813446044921875 0.0186309814453125 0.0757675170898438
-0.0377044677734375 -0.127830505371094 -0.0256423950195313 0.0758438110351562
0.0500640869140625 -0.13616943359375 -0.083770751953125 0.0475311279296875
0.17535400390625 -0.047088623046875 -0.082794189453125 -0.0194320678710937
0.168670654296875 0.06610107421875 -0.0310554504394531 -0.0550498962402344
0.129974365234375 0.1646728515625 0.0197334289550781 0.0461997985839844
0.0219573974609375 0.158096313476563 0.119834899902344 0.104217529296875
0.0624542236328125 0.151885986328125 0.0843505859375 0.14471435546875
0.1593017578125 0.07562255859375 0.0959091186523438 0.11444091796875
0.13531494140625 -0.03204345703125 0.119125366210938 0.0522232055664062
0.0656204223632812 -0.108558654785156 0.0952377319335937 0.00150299072265624
-0.0325241088867187 -0.105216979980469 0.0539321899414063 -0.00400924682617188
-0.0819625854492188 -0.06256103515625 0.0474967956542969 0.00958251953125
-0.097625732421875 -0.0643234252929688 0.061309814453125 0.023345947265625
-0.111419677734375 -0.0480422973632812 0.0725555419921875 0.051422119140625
-0.0786666870117188 -0.0732498168945312 0.0514678955078125 0.0939559936523438
-0.031982421875 -0.114845275878906 -0.00601959228515625 0.0958175659179687
0.0511932373046875 -0.115669250488281 -0.0691375732421875 0.0647773742675781
0.15594482421875 -0.02459716796875 -0.0760726928710937 -0.00441741943359376
0.131080627441406 0.0804214477539063 -0.00713729858398437 -0.0406494140625
0.0726470947265625 0.14837646484375 0.0450515747070313 0.0937576293945313
-0.035369873046875 0.0891265869140625 0.1265869140625 0.143417358398438
0.005401611328125 0.102890014648437 0.09228515625 0.157089233398438
0.0851898193359375 0.0665969848632813 0.0788726806640625 0.118934631347656
0.0854034423828125 -0.00612640380859375 0.101715087890625 0.0721359252929688
0.0460472106933594 -0.0643310546875 0.0878448486328125 0.0305709838867187
-0.02191162109375 -0.0701446533203125 0.072296142578125 0.0224685668945312
-0.054351806640625 -0.0408821105957031 0.0793304443359375 0.02239990234375
-0.0672988891601563 -0.0443840026855469 0.0907745361328125 0.031036376953125
-0.0817031860351563 -0.0363998413085938 0.104698181152344 0.0603179931640625
-0.0587844848632813 -0.0566749572753906 0.0751876831054688 0.110466003417969
-0.02032470703125 -0.089935302734375 0.00527191162109376 0.114669799804688
0.0475311279296875 -0.0828475952148438 -0.0617599487304687 0.0790557861328125
0.119895935058594 0.001251220703125 -0.074920654296875 0.00640869140625001
0.0783309936523438 0.0855331420898438 0.00759315490722657 -0.0243034362792969
0.00568389892578124 0.112876892089844 0.0530624389648438 0.133880615234375
0.0556182861328125 -0.0446510314941406 -0.075347900390625 -0.1551513671875
-0.0228195190429688 -0.0604095458984375 -0.0292377471923828 0.00639724731445312
-0.0602188110351563 -0.0130958557128906 0.088104248046875 -0.00170135498046875
-0.0344886779785156 0.0384788513183594 0.0892562866210937 -0.0991134643554688
0.00571060180664062 0.0516281127929688 0.011993408203125 -0.145477294921875
0.0341606140136719 0.0263156890869141 -0.0844268798828125 -0.141006469726562
0.0271587371826172 0.0118770599365234 -0.135917663574219 -0.071075439453125
0.0213203430175781 0.0174751281738281 -0.119674682617188 -0.0376510620117187
0.0193977355957031 0.0171737670898438 -0.101539611816406 -0.0240707397460938
0.00426101684570313 0.0152587890625 -0.0937042236328125 -0.0387344360351562
-0.0173559188842773 0.00879192352294922 -0.098297119140625 -0.0414657592773437
-0.03228759765625 -0.0190830230712891 -0.10064697265625 -0.074066162109375
0.0102272033691406 -0.0508384704589844 -0.0717544555664063 -0.133705139160156
0.0591888427734375 -0.0482864379882813 -0.1015625 -0.153900146484375
0.087188720703125 -0.0220184326171875 -0.12890625 -0.1693115234375
0.1099853515625 0.0264663696289063 -0.0529937744140625 -0.162307739257813
0.0451393127441406 -0.0252456665039063 -0.0228614807128906 0.00504875183105468
0.0129051208496094 -0.0314521789550781 0.101585388183594 0.00235748291015625
-0.000434875488281251 -0.00773191452026367 0.107223510742187 -0.1014404296875
0.00237894058227539 -0.00262665748596191 0.0260162353515625 -0.15679931640625
0.00398635864257813 -0.00815677642822266 -0.0812835693359375 -0.148117065429688
-0.0163440704345703 -0.00969982147216797 -0.136077880859375 -0.0719757080078125
-0.0235061645507813 -0.0129547119140625 -0.117362976074219 -0.0355148315429687
-0.022918701171875 -0.01177978515625 -0.102279663085938 -0.0176849365234375
-0.0141429901123047 -0.0257091522216797 -0.0937957763671875 -0.026397705078125
-0.00352096557617188 -0.0415992736816406 -0.0981674194335937 -0.0298614501953125
0.0168571472167969 -0.0550270080566406 -0.110542297363281 -0.0605926513671875
0.081939697265625 -0.0348129272460938 -0.0804290771484375 -0.117835998535156
0.112785339355469 0.0037841796875 -0.105331420898437 -0.135833740234375
0.1336669921875 0.057220458984375 -0.117263793945312 -0.149765014648437
0.143707275390625 0.103225708007813 -0.016632080078125 -0.145156860351562
0.106903076171875 0.0300979614257812 -0.00483226776123046 0.0171985626220703
0.0981903076171875 -0.0345916748046875 0.118324279785156 0.0170669555664063
0.0485649108886719 -0.0524826049804688 0.129684448242188 -0.0911407470703125
0.0109481811523438 -0.0633354187011719 0.049774169921875 -0.155654907226563
-0.0228958129882813 -0.0496864318847656 -0.0643310546875 -0.14434814453125
-0.0574455261230469 -0.0334548950195313 -0.117835998535156 -0.0665283203125
-0.0665054321289063 -0.0409049987792969 -0.0972518920898438 -0.028106689453125
-0.0663299560546875 -0.0342597961425781 -0.0856399536132813 -0.00383758544921874
-0.0395927429199219 -0.0580673217773438 -0.0812301635742188 -0.00152587890625002
-0.00659942626953125 -0.0857925415039063 -0.0928573608398438 -0.00344848632812502
0.0449447631835937 -0.0954513549804688 -0.119407653808594 -0.0342636108398438
0.139793395996094 -0.04071044921875 -0.0927200317382813 -0.0937271118164063
0.159622192382813 0.0329437255859375 -0.102294921875 -0.112678527832031
0.169403076171875 0.116455078125 -0.0941085815429687 -0.110092163085937
0.14996337890625 0.170242309570313 0.0270843505859375 -0.099639892578125
0.147018432617188 0.09539794921875 0.0218086242675781 0.0437469482421875
0.177505493164063 -0.0156097412109375 0.130599975585937 0.042999267578125
0.106719970703125 -0.0823211669921875 0.14892578125 -0.0647735595703125
0.03082275390625 -0.116676330566406 0.0771408081054688 -0.135459899902344
-0.0407638549804687 -0.0904769897460937 -0.035736083984375 -0.125358581542969
-0.087066650390625 -0.0569610595703125 -0.0838623046875 -0.052734375
-0.100006103515625 -0.0627670288085938 -0.0633621215820313 -0.0159530639648438
-0.102821350097656 -0.0482940673828125 -0.0535125732421875 0.0123863220214844
-0.065521240234375 -0.0774459838867188 -0.0548782348632813 0.0280227661132813
-0.0208206176757813 -0.116844177246094 -0.0769119262695313 0.0265884399414062
0.053253173828125 -0.129554748535156 -0.117782592773438 -0.0019073486328125
0.174591064453125 -0.0548553466796875 -0.0988006591796875 -0.0662765502929688
0.189315795898438 0.0452423095703125 -0.087310791015625 -0.0904464721679688
0.1849365234375 0.153656005859375 -0.0588798522949218 -0.0589675903320313
0.125686645507812 0.208953857421875 0.0698432922363281 -0.0314140319824219
0.149810791015625 0.150802612304688 0.0486373901367188 0.082000732421875
0.22186279296875 0.02276611328125 0.130439758300781 0.0742263793945313
0.151947021484375 -0.0844879150390625 0.154647827148437 -0.02264404296875
0.056121826171875 -0.14599609375 0.0976943969726563 -0.0941009521484375
-0.0460891723632813 -0.120269775390625 -0.000976562500000009 -0.0897293090820313
-0.101936340332031 -0.0725784301757813 -0.0400238037109375 -0.0331001281738281
-0.118133544921875 -0.0754623413085938 -0.0206260681152344 -0.000993728637695314
-0.124961853027344 -0.0549240112304687 -0.0114479064941406 0.0288944244384766
-0.0839462280273438 -0.084808349609375 -0.0191802978515625 0.0553550720214844
-0.0346450805664063 -0.132034301757813 -0.0529708862304688 0.0555648803710937
0.052978515625 -0.145217895507813 -0.104583740234375 0.02685546875
0.186279296875 -0.0614013671875 -0.09478759765625 -0.040863037109375
0.19354248046875 0.054595947265625 -0.0614547729492187 -0.0727386474609375
0.172210693359375 0.170578002929687 -0.0177631378173828 -0.0047321319580078
0.0799102783203125 0.206207275390625 0.102706909179688 0.0447311401367188
0.117660522460938 0.174041748046875 0.07061767578125 0.12103271484375
0.216278076171875 0.060150146484375 0.11700439453125 0.102546691894531
0.165512084960938 -0.062774658203125 0.143310546875 0.0208892822265625
0.0711212158203125 -0.14227294921875 0.103713989257813 -0.0438003540039063
-0.0416030883789063 -0.126083374023438 0.0313262939453125 -0.0456733703613281
-0.100051879882812 -0.0755462646484375 0.00754833221435546 -0.0102338790893555
-0.118278503417969 -0.0761337280273437 0.0233402252197266 0.0132102966308594
-0.128677368164063 -0.0551300048828125 0.0332450866699219 0.0427131652832031
-0.0893936157226562 -0.08367919921875 0.0193328857421875 0.0778656005859375
-0.0384597778320313 -0.130653381347656 -0.0276870727539063 0.0791473388671875
0.0517425537109375 -0.140113830566406 -0.0874557495117188 0.0501556396484375
0.180755615234375 -0.04913330078125 -0.0866546630859375 -0.021697998046875
0.173736572265625 0.068450927734375 -0.0330123901367187 -0.058074951171875
0.133636474609375 0.170166015625 0.0201911926269531 0.0474090576171875
0.0230255126953125 0.1639404296875 0.12310791015625 0.109748840332031
0.0640411376953125 0.156158447265625 0.085357666015625 0.151046752929688
0.164657592773438 0.07666015625 0.0965576171875 0.120246887207031
0.140106201171875 -0.0327835083007812 0.122314453125 0.0557479858398438
0.0671615600585937 -0.112518310546875 0.099090576171875 0.00220489501953124
-0.0338973999023437 -0.107955932617188 0.0574073791503906 -0.00416183471679688
-0.083831787109375 -0.0643997192382812 0.0505943298339844 0.00979995727539062
-0.101211547851563 -0.0651016235351562 0.0629081726074219 0.0240135192871094
-0.11474609375 -0.048248291015625 0.075286865234375 0.052703857421875
-0.0803070068359375 -0.0755844116210938 0.0527725219726562 0.0963973999023438
-0.0332717895507813 -0.117912292480469 -0.00731658935546874 0.099822998046875
0.0524063110351563 -0.11883544921875 -0.072357177734375 0.0685577392578125
0.160369873046875 -0.02532958984375 -0.0794219970703125 -0.00578308105468749
0.135322570800781 0.0830459594726563 -0.00809097290039061 -0.0430145263671875
0.074737548828125 0.154266357421875 0.045745849609375 0.0962066650390625
-0.0352783203125 0.0919952392578125 0.12896728515625 0.150863647460938
0.00527191162109376 0.105934143066406 0.0936279296875 0.163177490234375
0.0874710083007813 0.0676651000976563 0.0799942016601563 0.124366760253906
0.08819580078125 -0.00617218017578125 0.104095458984375 0.0759735107421875
0.0469436645507813 -0.0661125183105469 0.0916748046875 0.0321044921875
-0.0229949951171875 -0.0719070434570313 0.0760269165039063 0.0233154296875
-0.0557975769042969 -0.0420913696289062 0.0830307006835938 0.0221328735351562
-0.0703887939453125 -0.0446929931640625 0.0930709838867188 0.0310287475585938
-0.0836639404296875 -0.035888671875 0.108695983886719 0.06134033203125
-0.059661865234375 -0.0586814880371094 0.0771484375 0.113250732421875
-0.0213851928710938 -0.0920562744140625 0.00480651855468749 0.119636535644531
0.0489578247070313 -0.0848770141601563 -0.064697265625 0.0825424194335938
0.123092651367188 0.00116729736328125 -0.0780792236328125 0.00502014160156249
0.08135986328125 0.0874557495117188 0.00652694702148438 -0.0266551971435547
0.0054473876953125 0.1163330078125 0.0527572631835937 0.138259887695313
0.0573348999023438 -0.0478515625 -0.0813446044921875 -0.160812377929688
-0.0245857238769531 -0.0624771118164062 -0.0303230285644531 0.00871658325195311
-0.0628890991210938 -0.0126609802246094 0.0934219360351563 -0.00220489501953125
-0.0352363586425781 0.0404853820800781 0.0931167602539062 -0.105026245117187
0.00771331787109375 0.0529594421386719 0.00981140136718749 -0.153549194335938
0.0358734130859375 0.0264244079589844 -0.091705322265625 -0.146728515625
0.0277671813964844 0.0118427276611328 -0.145034790039063 -0.0712432861328125
0.0217132568359375 0.0182456970214844 -0.125946044921875 -0.0355148315429687
0.0203838348388672 0.0167160034179688 -0.107696533203125 -0.0233612060546875
0.00390625 0.0150918960571289 -0.101470947265625 -0.0392608642578125
-0.0183124542236328 0.00851058959960937 -0.104705810546875 -0.0422439575195313
-0.0333003997802734 -0.0184440612792969 -0.106925964355469 -0.0768203735351563
0.0103530883789063 -0.0533790588378906 -0.0760498046875 -0.140609741210938
0.0601921081542969 -0.0514335632324219 -0.10662841796875 -0.160049438476562
0.0902023315429688 -0.0236358642578125 -0.135177612304688 -0.176864624023437
0.115379333496094 0.0264968872070313 -0.0576324462890625 -0.168563842773438
0.0467872619628906 -0.0263481140136719 -0.0232219696044922 0.0076141357421875
0.013214111328125 -0.0327091217041016 0.107757568359375 0.00257110595703125
-8.15391540527347E-05 -0.00860166549682617 0.112373352050781 -0.107833862304688
0.00362610816955566 -0.00321841239929199 0.0254669189453125 -0.166229248046875
0.00397872924804688 -0.00916862487792969 -0.08807373046875 -0.154754638671875
-0.0183029174804688 -0.0104389190673828 -0.144851684570313 -0.072601318359375
-0.0259456634521484 -0.0129489898681641 -0.124229431152344 -0.0335693359375
-0.0252361297607422 -0.0123882293701172 -0.107902526855469 -0.0165023803710938
-0.0153903961181641 -0.0279674530029297 -0.100547790527344 -0.0260467529296875
-0.00470733642578125 -0.044281005859375 -0.105148315429688 -0.0295944213867187
0.0178413391113281 -0.0576515197753906 -0.117546081542969 -0.0619888305664062
0.0865631103515625 -0.0376510620117188 -0.0855026245117188 -0.124237060546875
0.117691040039063 0.00318145751953125 -0.111038208007812 -0.141281127929688
0.1409912109375 0.0590057373046875 -0.12286376953125 -0.157394409179688
0.152069091796875 0.106399536132812 -0.0191497802734375 -0.149749755859375
0.112770080566406 0.031036376953125 -0.00401115417480468 0.0206413269042969
0.102104187011719 -0.0376358032226562 0.124923706054687 0.0178985595703125
0.0512123107910156 -0.0561561584472656 0.136070251464844 -0.0969161987304688
0.0103492736816406 -0.0667915344238281 0.0500335693359375 -0.165740966796875
-0.0249443054199219 -0.0531463623046875 -0.070068359375 -0.150924682617188
-0.0605812072753906 -0.0352058410644531 -0.124969482421875 -0.0671463012695312
-0.0709991455078125 -0.041412353515625 -0.102989196777344 -0.0261611938476563
-0.0708465576171875 -0.0349807739257812 -0.090301513671875 -0.00224304199218752
-0.0422134399414063 -0.0612335205078125 -0.0864334106445313 -0.00017547607421877
-0.00833892822265626 -0.09100341796875 -0.0992202758789063 -0.00222778320312502
0.0467910766601563 -0.101371765136719 -0.127128601074219 -0.033355712890625
0.146652221679688 -0.0450439453125 -0.09918212890625 -0.099517822265625
0.167190551757813 0.0329132080078125 -0.108184814453125 -0.116889953613281
0.179519653320313 0.121231079101563 -0.0981597900390625 -0.115226745605469
0.1595458984375 0.177627563476563 0.0275115966796875 -0.102806091308594
0.155532836914063 0.09881591796875 0.0232582092285156 0.0484886169433594
0.185516357421875 -0.0205078125 0.137733459472656 0.0449752807617188
0.111228942871094 -0.0880584716796875 0.156219482421875 -0.0685882568359375
0.030303955078125 -0.123611450195313 0.078765869140625 -0.144287109375
-0.0435943603515625 -0.0953750610351563 -0.0389785766601562 -0.131484985351563
-0.0928955078125 -0.0581741333007812 -0.0889205932617187 -0.0542755126953125
-0.106597900390625 -0.0631637573242187 -0.0665512084960938 -0.0141792297363281
-0.109016418457031 -0.048828125 -0.0565643310546875 0.0149574279785156
-0.069244384765625 -0.0807647705078125 -0.0578956604003906 0.0301551818847656
-0.0228652954101563 -0.123046875 -0.0817108154296875 0.0299835205078125
0.0551605224609375 -0.137565612792969 -0.124069213867188 0.0010833740234375
0.182952880859375 -0.0613555908203125 -0.105133056640625 -0.071044921875
0.199066162109375 0.044952392578125 -0.092681884765625 -0.095001220703125
0.19677734375 0.159805297851563 -0.0613822937011718 -0.0616569519042969
0.1358642578125 0.218170166015625 0.07257080078125 -0.0323562622070312
0.160110473632813 0.156021118164063 0.0524520874023438 0.0881576538085938
0.233261108398438 0.0190277099609375 0.137138366699219 0.0790023803710937
0.158706665039063 -0.090087890625 0.162078857421875 -0.024810791015625
0.0565643310546875 -0.154830932617188 0.101425170898438 -0.101165771484375
-0.0500411987304687 -0.125228881835938 -0.00145721435546876 -0.0945968627929688
-0.10809326171875 -0.0742416381835938 -0.0412025451660156 -0.0345115661621094
-0.125984191894531 -0.0760345458984375 -0.021942138671875 -0.000188827514648443
-0.133049011230469 -0.0545578002929688 -0.0120983123779297 0.0312995910644531
-0.0891265869140625 -0.0882797241210938 -0.0182151794433594 0.0580711364746094
-0.0384368896484375 -0.138114929199219 -0.0563430786132813 0.0594482421875
0.053924560546875 -0.153030395507812 -0.110572814941406 0.0319900512695313
0.195358276367188 -0.0672454833984375 -0.1014404296875 -0.0435028076171875
0.204147338867187 0.055023193359375 -0.0670852661132813 -0.0766754150390625
0.184127807617188 0.17779541015625 -0.0179901123046875 -0.00543212890624999
0.08697509765625 0.215789794921875 0.108657836914063 0.0472869873046875
0.125503540039063 0.180984497070313 0.0749740600585938 0.128776550292969
0.226470947265625 0.057586669921875 0.123344421386719 0.108505249023438
0.1728515625 -0.0669403076171875 0.150726318359375 0.0218353271484375
0.072357177734375 -0.151275634765625 0.108573913574219 -0.047821044921875
-0.0461044311523438 -0.131294250488281 0.0334434509277344 -0.0489616394042969
-0.105880737304688 -0.0779800415039062 0.00905609130859374 -0.0112895965576172
-0.1251220703125 -0.076873779296875 0.0254249572753906 0.0135631561279297
-0.135749816894531 -0.0543136596679688 0.0356101989746094 0.0437850952148438
-0.09417724609375 -0.0866622924804687 0.0215530395507812 0.0811004638671875
-0.0426025390625 -0.136566162109375 -0.0295181274414063 0.0846405029296875
0.0533599853515625 -0.147842407226562 -0.0909957885742188 0.0557937622070312
0.18792724609375 -0.054901123046875 -0.0924072265625 -0.0225906372070312
0.184234619140625 0.0697021484375 -0.0361824035644531 -0.0615768432617187
0.143020629882812 0.178146362304688 0.0219459533691406 0.0494842529296875
0.027374267578125 0.172149658203125 0.129325866699219 0.115089416503906
0.068939208984375 0.163192749023438 0.089599609375 0.159042358398438
0.172210693359375 0.0762786865234375 0.10260009765625 0.126937866210938
0.147018432617188 -0.0360260009765625 0.1285400390625 0.0585784912109375
0.0686111450195313 -0.119674682617188 0.105278015136719 0.000274658203124993
-0.0370635986328125 -0.112747192382813 0.0617408752441406 -0.00555038452148438
-0.0886688232421875 -0.0662002563476563 0.0545501708984375 0.00880813598632812
-0.108016967773438 -0.0656967163085938 0.066680908203125 0.0238456726074219
-0.1207275390625 -0.0478363037109375 0.0796051025390625 0.0543441772460937
-0.0851211547851563 -0.0773773193359375 0.0573577880859375 0.100563049316406
-0.0363311767578125 -0.12237548828125 -0.00717163085937501 0.10626220703125
0.0535430908203125 -0.125106811523438 -0.0760116577148438 0.0736465454101563
0.1673583984375 -0.0300140380859375 -0.0846633911132813 -0.00720214843750001
0.143707275390625 0.0847930908203125 -0.0114250183105469 -0.0464057922363281
0.0806884765625 0.160568237304688 0.04913330078125 0.100517272949219
-0.0355148315429688 0.096832275390625 0.136367797851562 0.158172607421875
0.00701141357421876 0.110824584960938 0.0982666015625 0.172134399414063
0.0923995971679687 0.0682296752929688 0.0848007202148438 0.131828308105469
0.0921478271484375 -0.0076904296875 0.110481262207031 0.079803466796875
0.0476608276367188 -0.070404052734375 0.0975341796875 0.0320892333984375
-0.0257492065429687 -0.074676513671875 0.08172607421875 0.0224609375
-0.0589447021484375 -0.0433540344238281 0.0890274047851563 0.0206375122070312
-0.0742263793945313 -0.0444869995117187 0.0980453491210938 0.029937744140625
-0.088043212890625 -0.0352096557617187 0.115280151367188 0.0621337890625
-0.0633010864257813 -0.0604476928710938 0.0838241577148438 0.117027282714844
-0.0228958129882813 -0.0953445434570313 0.00635528564453124 0.127227783203125
0.0500717163085938 -0.089141845703125 -0.0673370361328125 0.088104248046875
0.129051208496094 -0.001739501953125 -0.083709716796875 0.00479888916015624
0.0869522094726563 0.0904617309570313 0.0050811767578125 -0.0294666290283203
0.00745391845703124 0.12261962890625 0.0567474365234375 0.144744873046875
-0.0595222960449507 -0.00453826627221342 0.0968782871821945 -0.153271725229086
-0.0328192136291189 0.0596617783007141 -0.0118929977976625 -0.0199319920917656
0.0185775257420476 0.0647502686467769 0.0640731208742739 0.0784257213482225
0.0540363318585323 0.0123788874205812 0.141131492137002 0.0191856944335772
0.0350063127252363 -0.0306557923322397 0.146362220461012 -0.0802343175156035
0.00466443308847173 -0.0284050989026586 0.0880213714855715 -0.151168492600098
0.00482523856693782 -0.0267420971598795 0.0109128760361924 -0.166639658648606
0.00805039452818015 -0.0265164768799637 -0.0315039951330368 -0.142080501269154
0.00962699384523353 -0.0232372546698697 -0.0273568467137554 -0.114526411100061
0.0159843949907702 -0.0116903899839522 -0.0178070244304338 -0.111519567638646
0.0236132175040726 0.0110239308721989 -0.0122405230313278 -0.126274988979495
0.0103803694498215 0.045289068345907 0.025724838547837 -0.143576433735118
-0.0428067372009876 0.0441942178075713 0.0826289369885659 -0.141300486079561
-0.0700433746889367 -0.00584937727216428 0.0871148718886341 -0.167191817051947
-0.0563592257610601 -0.0527064907106276 0.0513961261206035 -0.212693200186774
-0.0305434151241603 -0.0926820874678753 0.102073131094525 -0.135377340523932
-0.0504584024539299 -0.0249461923600633 -0.0226513246862363 -0.00634493902917727
-0.0472969336690186 0.0119277768431644 0.0631793835866188 0.11531013449995
-0.0171942436253266 0.0170532465149489 0.161799344863345 0.0516696768996444
-0.00523087439703966 0.0170073107817357 0.17661210549249 -0.0718228417135397
-0.00363612438593952 0.021512723686712 0.104965184348146 -0.153714900226065
0.00938659409937009 0.0277347540413303 0.0214043528696322 -0.168173841915458
0.0168861379985165 0.029417828756025 -0.0270479596907787 -0.142196476713285
0.011617972031131 0.0347631670811985 -0.0286451639548658 -0.113011738276188
-0.00643459129732567 0.032344099953751 -0.0233888019540056 -0.101395341483173
-0.0264324652102397 0.0379556586088118 -0.0212326472660192 -0.113805246395937
-0.0567910378251625 0.0239262573155484 0.00368445890382511 -0.135343160269573
-0.0869443650167133 -0.0212681240886896 0.0561579205755916 -0.135736337741689
-0.062877062566945 -0.0855734898624369 0.0587585740441375 -0.165462259842501
-0.0165289934347082 -0.136284201540117 0.0365791438241584 -0.199591268879076
0.0118080039406185 -0.168670703791716 0.0936998787526276 -0.0935700315344664
-0.0483755963893589 -0.118338049409604 -0.043832928185069 0.0225305075139267
-0.108250388299946 -0.0630532685858534 0.0474491348527992 0.162150659610264
-0.0992887320233019 0.00456929600009505 0.170042088976733 0.0998476615558297
-0.0611597223523304 0.0602481574313781 0.199664206843795 -0.045381202041428
-0.0214534619271051 0.0715414348428972 0.118458896155409 -0.13586171098664
0.00870443176709416 0.0799533186873563 0.031698584185252 -0.149005496114394
0.0242627646784343 0.0825406488825039 -0.0199049598616245 -0.120480346343276
0.018050674950621 0.0876170279604841 -0.0287159792103383 -0.0911205268187742
-0.0170187205166999 0.0745960538427589 -0.0328552450992958 -0.0738627248353387
-0.0596794121657025 0.0717153452032016 -0.0392458257521905 -0.0895877743130777
-0.11378762150629 0.0248168693333144 -0.0285475733751205 -0.12074541236909
-0.135831187662134 -0.0590361556271245 0.0231395016349752 -0.128174002106244
-0.0701987958530764 -0.144392860833304 0.0315448611286315 -0.152212499053733
0.012478162755399 -0.201092519769659 0.0130325068474907 -0.160994770736187
0.0606608074490968 -0.218612109639901 0.0684559002777425 -0.0292871963806197
-0.0231153455739417 -0.201768899831017 -0.0743386199874879 0.0610193168728954
-0.146085009911505 -0.148104366212878 0.0134626579685786 0.20695535028272
-0.17350854223595 -0.0277166095064998 0.154535924639335 0.153817279944874
-0.122739039586936 0.087221331812988 0.204565936464752 0.000161124930125354
-0.0460396048209359 0.111682785340007 0.121572304093159 -0.0972151900163487
0.00171257227556031 0.121020258732653 0.0390573031548498 -0.10845599088584
0.0286012329237305 0.123090494807346 -0.00885632163438734 -0.0805529211450311
0.0267204532196901 0.127666225698267 -0.0260807811543643 -0.0519737623116834
-0.017011643916634 0.108279602284773 -0.0400610099702036 -0.033897520097713
-0.0740141835772774 0.104222552332442 -0.0577380730648692 -0.0541289085145025
-0.150452945032923 0.0386562078864461 -0.0589014204434605 -0.0950583393367414
-0.17352637558424 -0.0741991946310835 -0.00728750271793242 -0.113426343600335
-0.0812084426567314 -0.177930458375524 0.0153579040482713 -0.126787130408899
0.0319715299156436 -0.237162180445769 -0.00869336118696125 -0.103645684827614
0.101146633618204 -0.228673780222584 0.0280312307055712 0.0447703717611605
0.0191585704930026 -0.24626441944401 -0.108565586954384 0.101986671278381
-0.142542441792714 -0.217339870477174 -0.0346709656358577 0.231998771958473
-0.212436652759518 -0.0727095471892501 0.110835710154317 0.195902116431528
-0.168899394463457 0.0875640250146932 0.180317715477268 0.0519321181671423
-0.0692743445366426 0.131486281811485 0.10987943092485 -0.0440429228573427
-0.00760968603067022 0.143448790990309 0.0411605820673566 -0.0540433830267047
0.02912616860714 0.144991905452532 0.00148728204989203 -0.0298551865000648
0.0330440085306051 0.149545906865233 -0.0190915807450832 -0.00394541775020401
-0.0128929460040454 0.127728446169431 -0.0420983584261263 0.0136488422018163
-0.0754735676584794 0.123975495343355 -0.0706285808344983 -0.013346245965316
-0.165039951991093 0.0478730815630569 -0.0794990656746513 -0.0633763067428655
-0.186447295568666 -0.0793845191642933 -0.0289190466798865 -0.0934892283416226
-0.0786199797954226 -0.188680799547515 0.0106260345554459 -0.0957146289346615
0.0500775824225688 -0.239081176961975 -0.0268768054072444 -0.036435081256481
0.120516492967434 -0.19573466203032 -0.0177265223305521 0.116298394134634
0.059548583794107 -0.237535132122511 -0.136530128663816 0.135925090080732
-0.103612054910062 -0.238446472254996 -0.0806117239628073 0.227834432427461
-0.201653581634776 -0.106336363143727 0.0521524028419882 0.209192440192639
-0.179719626478769 0.0670674432133889 0.13212749242593 0.0934337294670097
-0.0791755771258073 0.126759837287576 0.0840549526862955 0.011444113060517
-0.0148517351980202 0.141601176354122 0.0370413006797832 0.0048214250959264
0.0248011420117482 0.14469587278826 0.0112836417004461 0.0232563366501249
0.0330999900565497 0.150290795509729 -0.0104436117276703 0.0477328875033318
-0.0098866947060211 0.130338511426552 -0.041980626132245 0.0595442550980974
-0.0725341077993836 0.124725798257701 -0.0804440064447874 0.0248938334955422
-0.160698981881775 0.0431723883288941 -0.093485331606899 -0.0342471393533044
-0.173214812800066 -0.0857480873256555 -0.0414897425999887 -0.0760224711697189
-0.0569701706884212 -0.182386262539529 0.0142605641759098 -0.0644349191185841
0.0689707024628627 -0.208672654877486 -0.0414631569601047 0.0286828815489349
0.112116271208777 -0.128754808647467 -0.0552090004939495 0.170459564115438
0.0796886288049381 -0.179990340949879 -0.14848359218367 0.158458160393114
-0.0526811021865288 -0.205013751103785 -0.108018631129216 0.202880280657342
-0.152278379663633 -0.109191246758002 0.000822120581872412 0.196695539226721
-0.153211156788228 0.0410063810906762 0.0784602917266415 0.116590403107835
-0.071811392027875 0.102668066119291 0.0539181761026092 0.0579557942153917
-0.0161742141465237 0.11706594128177 0.0309759804934729 0.0574862855689134
0.0180819664927871 0.12338774778763 0.0204109374064492 0.0717237915220731
0.0267559353165045 0.130497626729815 -0.00258080164902006 0.0948260906614468
-0.0117075979316144 0.115717653014381 -0.0432059591977133 0.101475158641332
-0.0664797905465818 0.109070364372777 -0.0921074697377349 0.0568930103669084
-0.14099151218659 0.0271952483384114 -0.104726069766448 -0.0129283461406106
-0.139695142207119 -0.0907313872796236 -0.0516398219790457 -0.0632600290690079
-0.0214896007939721 -0.160720372290942 0.0163372055048387 -0.0378282166691372
0.0852113989987597 -0.152255314483791 -0.0594673317257073 0.0834456190133182
0.0812543722365647 -0.0408177623287296 -0.0738042211265703 0.199828952694002
0.0753960478360833 -0.0926509774579453 -0.138384395309911 0.168656802729965
-0.00957975183937253 -0.131364589212571 -0.110741837449496 0.169542603771094
-0.0851716245396672 -0.0824361021404951 -0.0289624716991147 0.17180905225789
-0.0994312573194305 0.0160912231581523 0.0357289088649818 0.123315693776276
-0.0503298967283444 0.0654079021461864 0.0294752602398396 0.0892381527227703
-0.0131436419611749 0.0764007513958831 0.0250524334251996 0.0953527899994808
0.0093598655899887 0.084139934889702 0.0266289310167145 0.108313180510488
0.0155794703717504 0.0923515377359881 0.00124312752918883 0.133243688708107
-0.0131554816935384 0.0865934079348158 -0.0485925235298756 0.132300955129575
-0.0553564954065556 0.0783210103265907 -0.109027725137286 0.0789551804176032
-0.106153015038359 0.00674486755293084 -0.117545507265563 -0.00341388146886997
-0.0907989632890766 -0.0863176858632726 -0.0608201850352897 -0.0605632199285503
0.0161074273184886 -0.120625858581067 0.0147356033060661 -0.0180162980724579
0.0908297152737645 -0.0755884269428316 -0.0817983411287869 0.120751362886284
-0.0606044260096644 -0.00134233677165225 0.0910122707860709 -0.164080718720733
-0.0300305220901855 0.0625993929680731 -0.0145493379304713 -0.0189743363139982
0.0232826624083081 0.0654257689326185 0.0695784221618156 0.0788188682997167
0.0557871216776748 0.00981395104562055 0.148347252177713 0.0138267607712993
0.0329984830473989 -0.0344371360476431 0.147806938923942 -0.0921164780233541
0.00313953920589627 -0.0289090902286352 0.0831189639376407 -0.162701255800475
0.00380767193760208 -0.0275934580297681 0.00063376509320651 -0.173084683395583
0.006753680392228 -0.0279389021373565 -0.0421546249563461 -0.143558513117683
0.00894490470455696 -0.0234181065439167 -0.0349497495092275 -0.118170439797932
0.0160269044872484 -0.011640010131904 -0.0259193259183379 -0.116066560864096
0.0245721016627517 0.0103879090734812 -0.0206567742681562 -0.130654721372224
0.0127417059531193 0.0455026465988208 0.0193905287356083 -0.150269775583093
-0.0414560494445171 0.0481269704335791 0.079637078684324 -0.150501703523539
-0.0713395944964432 -0.00212286282953888 0.0824367379547129 -0.175443176778007
-0.0609373643870456 -0.0513560142267294 0.0443971117252713 -0.222284039814478
-0.0366817192809703 -0.0944083508792072 0.0974733535362872 -0.144951706006209
-0.0532467945159086 -0.0231426190154268 -0.0252591271326392 -0.00389535333073443
-0.0481890645483518 0.014902823834655 0.0707098890459663 0.117527564490019
-0.0174976670142355 0.0176419232472606 0.170501509661978 0.0461472803834392
-0.00552058233811844 0.0173411038721792 0.179427353395413 -0.0844253290156249
-0.00297133148029295 0.0233606744602672 0.100048788465371 -0.166075173354324
0.0116208712721521 0.0285012100355031 0.01100238493934 -0.175211367218798
0.0197794177614874 0.0300712534871776 -0.0376233544025478 -0.144104344881311
0.0142576437191069 0.0361801253232641 -0.0364693664647914 -0.115869408775526
-0.00513993774721736 0.0347427989447061 -0.0309172990543245 -0.104987011383991
-0.0260486406340923 0.0407191094182542 -0.0294472234671922 -0.117473311677407
-0.057686792090808 0.0272654212631783 -0.00424660966865874 -0.140353123418496
-0.0914105667651081 -0.0170752157345126 0.0524047142130355 -0.144269554162879
-0.0685123032719399 -0.0848816121706088 0.0533251838363909 -0.172440567050802
-0.0242277083373795 -0.140174426826575 0.0299837469210458 -0.208258768877431
0.00305525796166302 -0.175490233742697 0.0907076004475784 -0.0998949578569441
-0.0560284697353535 -0.1203977265026 -0.0459598487791751 0.0269360878092418
-0.11540902091024 -0.058920807629986 0.0566176998588863 0.166263783327314
-0.103546687400133 0.00918388849130492 0.181261753050032 0.0953203214172521
-0.0609559544333558 0.0658819847084365 0.205238987760936 -0.0582490945398189
-0.0186456234036447 0.07552040490168 0.114941445924673 -0.147725273426555
0.0135348236293192 0.0824508545252752 0.02326366392021 -0.155467656137788
0.0313101173022055 0.0841533132421176 -0.0283668160181647 -0.122564359192928
0.0244874222608797 0.0899439487782101 -0.0360152718877676 -0.0928186094293129
-0.0138040577046891 0.078789771525309 -0.039458715146359 -0.0760025384426644
-0.0578284522508978 0.0781055009438824 -0.0477390770139288 -0.0914051036650572
-0.116731311001852 0.0316683493869373 -0.0370744623504423 -0.12310163586095
-0.144155732830439 -0.0529785206074149 0.0189651755657309 -0.135338148991525
-0.0797102169030958 -0.146258046296347 0.0255530049607658 -0.158705394079031
0.00251782121977872 -0.209254529214395 0.00707885157503862 -0.167955391210796
0.0508499619694041 -0.229809529208714 0.0673133718048134 -0.0327698176235557
-0.0346228857635879 -0.207237509116543 -0.0752297285615641 0.0693792507523987
-0.15985987008743 -0.144724401735648 0.0233739165699139 0.21442454102757
-0.181948702820602 -0.0203505828266084 0.16708181754194 0.151893969380192
-0.122354133165063 0.0967581186051343 0.213056513950754 -0.0115002315759732
-0.0421464529766813 0.118276374038199 0.120971651275559 -0.107093508605802
0.0089569868126113 0.12587987844285 0.0345274500680714 -0.113938852895052
0.0385579979587209 0.125653418664773 -0.0157330113815036 -0.0823028133282307
0.0366773059130344 0.130444497623939 -0.0310053076436682 -0.0527191332054161
-0.0118748495419453 0.113226242217937 -0.0440265169935128 -0.0333896314589309
-0.0707942457035082 0.112443306406693 -0.0646757528276001 -0.0537221576990199
-0.15523595415217 0.0478320418386072 -0.0674242240097295 -0.0945648004954001
-0.18420022759279 -0.0662294977821122 -0.0123643841403631 -0.118698031931611
-0.0927327738853949 -0.18046301681668 0.00918564069406672 -0.133147770868262
0.0203393921570349 -0.247840599535224 -0.0140218264505078 -0.106583303788634
0.0922969053942457 -0.242780573287436 0.0295550521825844 0.0460360362521583
0.00740846204859871 -0.255863900774236 -0.107998906374123 0.112063935997983
-0.160031455919926 -0.215943793447551 -0.0254285229592277 0.243040360682413
-0.224471502353473 -0.0647660857414074 0.123257767666187 0.197881483732547
-0.169814519122193 0.100789142032893 0.19024608623374 0.0435168320513428
-0.0645975693800215 0.139953293767429 0.111839384826644 -0.0510239062605557
0.000413647541208317 0.148718134944898 0.0396142452106524 -0.0574273112064999
0.0399255781374828 0.14815161366217 -0.00160891241205447 -0.0307002021374559
0.044203614712165 0.152630257924296 -0.0209263994606005 -0.00286264964935481
-0.00656051665585538 0.132949974446264 -0.043559665360584 0.0163141239676809
-0.0710344043072661 0.132899348883874 -0.0759300217431196 -0.0108645251915358
-0.168553497103067 0.0586747434403732 -0.0873238039467961 -0.0613786512065353
-0.197948353495435 -0.0714264838921729 -0.0343191259159683 -0.0978054037139364
-0.0914603451751426 -0.191074793042937 0.00637798089724665 -0.101228592845803
0.0392680453183109 -0.251194707858952 -0.0285003434477218 -0.0367958233061768
0.113768246887111 -0.210317095252864 -0.0141341805115171 0.121682490933033
0.0499361096926938 -0.248445530529271 -0.135482210758705 0.147971119151227
-0.120377932120792 -0.239887005663833 -0.0735631606908189 0.240844374464674
-0.214431170979153 -0.0997357604699656 0.0638447520032226 0.214329845811108
-0.182546490043722 0.0807259582549236 0.14350782352202 0.0883752282531941
-0.0753986645962797 0.135906730919054 0.08751381516208 0.00811391380032734
-0.00759120975305229 0.146617251612357 0.0397098484697976 0.00371941526391578
0.0354303586081309 0.148513815674905 0.0130830895426954 0.0236961609654078
0.043844365462737 0.152407302804866 -0.00817362122877266 0.0500191726903219
-0.00378089809192937 0.135015696838958 -0.0405127105157815 0.0635001086287707
-0.0673190196333395 0.133305028016712 -0.0840999408405109 0.0300218552724077
-0.163053370338433 0.0542854094384152 -0.100358795674379 -0.030266532836261
-0.184282082933616 -0.0779161178940301 -0.0471622909415851 -0.0788534747481983
-0.0687215466323191 -0.186058571326069 0.010963489449298 -0.0693732807173556
0.0598611473091275 -0.22073055307158 -0.0413430835604712 0.0317287018889854
0.108416323656277 -0.140740876531984 -0.0501550798041912 0.1797300411009
0.0734422411465439 -0.189581780586714 -0.14613360954962 0.171483312935449
-0.0659560051461129 -0.208110323841683 -0.102698102501418 0.215451589390822
-0.163679823047024 -0.105524792698159 0.00988106416891155 0.203786103882649
-0.156021506092485 0.051884642007232 0.0881766000809895 0.116056274919506
-0.068365935701239 0.110495023565545 0.059942618373494 0.0579568768391242
-0.0100815895051556 0.122177408994881 0.0362472323958636 0.0578706611950162
0.0270261712588418 0.12617171048661 0.0257849422491176 0.0730166717327736
0.0363953204465879 0.133040662603613 0.00299824642667234 0.0982809799050015
-0.00526018317811766 0.120976153578031 -0.0385023864172312 0.107090094946321
-0.0622570348211201 0.115672494079099 -0.0938180208299977 0.0641607353368728
-0.144008232802037 0.0357031101966606 -0.109810925757658 -0.0079200758218338
-0.149744316709188 -0.0854368284915129 -0.0568990628735643 -0.0652090826539804
-0.0313219043387643 -0.164709357410392 0.0148174276323581 -0.0419985354278637
0.079440526482551 -0.162509389775954 -0.0573764151017393 0.0896607851933559
0.0812473472938646 -0.0470607747806527 -0.0682314680327436 0.211053767845352
0.0734085418243893 -0.0995850402193934 -0.135791423286265 0.181159755231274
-0.0169457471759767 -0.133305482595301 -0.106886617677629 0.18136361972531
-0.0926447725315159 -0.0807014962215102 -0.0221868030724321 0.179272844163367
-0.102004058429021 0.0232389962562113 0.0447527695717694 0.12596169839228
-0.0477945726339666 0.0703049089354453 0.0368411211896284 0.0912753655024713
-0.00847110711914935 0.0794908462084322 0.0335854116651288 0.0969545428875465
0.0152019728575962 0.0849284647329962 0.0340635432548015 0.110176061548804
0.0221068881758379 0.0936732055041498 0.00977321321023872 0.137470539686899
-0.00883858004809678 0.0899267424871015 -0.0425449221722844 0.140045257962218
-0.0526921415480615 0.083538236286229 -0.110206979229223 0.0877347891977834
-0.110340139622111 0.0122119054714874 -0.122202044304462 0.00272417982568713
-0.0987925566452616 -0.0833882641477301 -0.0664478178646264 -0.0613344265053492
0.00926639799269509 -0.125290942194997 0.0141516325718081 -0.0211660628491791
0.0892297464288096 -0.0836182265722428 -0.0775710854542521 0.129859171194622
-0.0617095626500743 0.00149683072467949 0.0834003204665204 -0.169909271444526
-0.0271078836733855 0.0639424262823265 -0.0173316232493157 -0.0172082705455573
0.027225998654423 0.0647050006882985 0.0742592667294186 0.078117662256534
0.056041423793366 0.00655459560920215 0.151307732054832 0.00817245796714805
0.0299863042011906 -0.0369996113540206 0.145869499125126 -0.100261386030815
0.00202040957649708 -0.0281499211075751 0.075331719344808 -0.17025800961407
0.00305893212318701 -0.0272375632153358 -0.0100192547996447 -0.173927057625153
0.00583556369388647 -0.0285164898933681 -0.0513904727400126 -0.14174058414018
0.00810884122314019 -0.02343043897299 -0.0429891450297872 -0.117860903854582
0.015696160351261 -0.0117658061692886 -0.0337958745121008 -0.116962000011512
0.0249836861486859 0.00944317442956987 -0.0280884734733187 -0.131964893726141
0.0148623609326417 0.0441034977417606 0.0120602542332425 -0.153375934317261
-0.0397416623398263 0.0507241463919534 0.0746549235829041 -0.156929948827205
-0.0713345784993966 0.0005565209172927 0.076939642284936 -0.179620789607158
-0.0640036546683635 -0.0487638786709304 0.0368327142485791 -0.227657146978891
-0.0414883983231833 -0.0937631573622455 0.0902189168268541 -0.150568305390241
-0.0551595563665926 -0.0215366714185293 -0.0269778256730964 -0.00104292873217852
-0.048036191270466 0.0174944003234522 0.0769903133311076 0.116614219332765
-0.0180301886202866 0.0188562797479855 0.175687107928792 0.0391347947456229
-0.00648442329100307 0.0183716489951047 0.178153124740282 -0.0957583335768893
-0.00228016242949497 0.0244674716436836 0.0930869222687489 -0.174078756034118
0.0131288419164839 0.0286719684433658 0.000716936123418107 -0.177295821211282
0.0225634334856799 0.0293923163720637 -0.0478111537577716 -0.142067169467228
0.0170413626650823 0.0367075864872725 -0.0438922926875465 -0.115653762524971
-0.0039855878231702 0.0365621780241928 -0.0382265529687092 -0.105889612269078
-0.024255147876089 0.0439658602584662 -0.0372600494563793 -0.118327299310695
-0.0582505980643497 0.0295855324419729 -0.0108024347327813 -0.140944949653304
-0.0939223743854845 -0.0123315632765341 0.0472628797184569 -0.149242974286721
-0.0721541649359187 -0.0836628909958868 0.0471658773645443 -0.17590464562465
-0.0309206834979835 -0.141148596220573 0.0218930563195156 -0.212616007429653
-0.00534066564498663 -0.178029725788615 0.0857497989070892 -0.104645850253431
-0.061695720141023 -0.119537085566237 -0.0460410917926755 0.0317434749055391
-0.120035572827863 -0.0535042592669877 0.0644745996384647 0.167666457962828
-0.105485495267733 0.0143230235511179 0.188176085012529 0.0891646139395864
-0.0586481841453152 0.0696042892688908 0.205810362953139 -0.070227148088099
-0.0158576851189736 0.0780835551430309 0.108833825043234 -0.155706524640541
0.0183690536981212 0.0832965694599763 0.0140948542932507 -0.158360233074522
0.0370146356542865 0.0828741248596348 -0.0371914388382535 -0.120790067100259
0.0304440506223102 0.0908484806966775 -0.0422816531784485 -0.0917125003906399
-0.0109267992995168 0.0812919858380858 -0.045308894769926 -0.0751880777940693
-0.0546823135395606 0.0829255110912832 -0.0548770254434497 -0.0906738383004592
-0.117900864506483 0.0377129783102584 -0.0444054912218048 -0.122162227563366
-0.14912700903862 -0.0464462361534342 0.0131866711996649 -0.139836277084131
-0.0873378523342824 -0.144893226133995 0.0191655446461291 -0.161097212375075
-0.0083317600391983 -0.212627162508861 -2.77822174564115E-05 -0.170074156563228
0.0396711092076776 -0.235491653911316 0.0655485467845803 -0.0359190534551508
-0.0448196672929484 -0.208790423295296 -0.0735774356074976 0.0751967296878636
-0.168791248818971 -0.137147003933017 0.0331343315210463 0.217280465713382
-0.186543202082675 -0.0124793193476312 0.176430069846967 0.147156497712644
-0.119026972358591 0.104834819031457 0.215058164816654 -0.0241145403409777
-0.0378188461402779 0.122477369039641 0.117184145152876 -0.114865261148067
0.0154728831510127 0.126538198933761 0.0276981452865514 -0.116685151788633
0.0471525816422147 0.12494034302274 -0.0213621157389463 -0.0816136519857592
0.0448274907005255 0.130539102745155 -0.0348115514853451 -0.0513465428940667
-0.00682766839397136 0.116015152573815 -0.047395024458039 -0.031891404828132
-0.0656581490164855 0.118071234685112 -0.0703405587447825 -0.0522075317135447
-0.155414624944093 0.0562842696741806 -0.0736955067171709 -0.092063954148377
-0.190496492961263 -0.0568232454654572 -0.0174004926532791 -0.122372751327736
-0.102947185169899 -0.178657390025775 0.00336051115144833 -0.135019501129178
0.0083831114201412 -0.252974088655981 -0.0182702962147098 -0.107601946770719
0.0803567041444054 -0.250983495987702 0.0309286250662616 0.0454689700323668
-0.00471793806049008 -0.25864570046482 -0.104897414643841 0.119914413582635
-0.172530260291291 -0.208673743100492 -0.0152982367544228 0.247678829863084
-0.231620647941369 -0.0548958423513257 0.133048111990021 0.195236894579911
-0.166421341085331 0.11128949064179 0.195360768271046 0.0332041347452762
-0.0588171323222164 0.145554093991894 0.110932701231006 -0.0565652308919947
0.00841668713555302 0.150543675612404 0.0370233287001628 -0.0604217934603289
0.0500694874037722 0.147725758237035 -0.00315911599873514 -0.0304394221275115
0.0542838923952811 0.151726748778262 -0.0214933653656699 -0.00105566997938859
-9.68373266062622E-05 0.135073798181246 -0.0443088934366828 0.0183529217789529
-0.0645048462331102 0.138021441729621 -0.0797341668323847 -0.00720427241373969
-0.16841674316538 0.068203045122212 -0.0928623331328247 -0.0568555438022198
-0.204227539213668 -0.0606941965562663 -0.0392049038599592 -0.100122813994078
-0.102070466679907 -0.189061954355721 0.00140418428408638 -0.104043564287924
0.0260823097368715 -0.256976919708878 -0.0305989315608221 -0.035544298372286
0.103985390921183 -0.219447352236813 -0.01026783915514 0.123540246877177
0.0387729415827523 -0.253055315533449 -0.130975792794266 0.156482292711074
-0.134869108802921 -0.235594837604453 -0.0640289747372383 0.247876732546711
-0.223520443557465 -0.0913054659579205 0.0732276602351069 0.215250404927039
-0.180126555811295 0.092050135208258 0.149857779125637 0.0816575664330609
-0.0689943115145687 0.142810506505871 0.0906045566128062 0.00382332252373994
-0.000249318721502364 0.149407950667733 0.0407358512195233 0.00150269742016157
0.0449554993928035 0.148119075246164 0.0146557720248021 0.0230211834528034
0.0536628300498713 0.151318520292034 -0.0060127118706995 0.0514458053098673
0.00288132833817832 0.136896228529511 -0.0374909518678995 0.0669380621281566
-0.0608795551166411 0.138467324997529 -0.0854987463755084 0.0352182347484639
-0.163384107979466 0.0627005722770832 -0.103850051537363 -0.0250556971449658
-0.190661730263215 -0.0684799792504684 -0.0518928004114772 -0.0797452349590368
-0.0791554781952552 -0.184064704866889 0.00695338610171416 -0.0722012741137816
0.0487530625605586 -0.227430566095514 -0.0397546502613828 0.0342987566159369
0.102370023077845 -0.148404939961161 -0.0439934263454964 0.183740272405891
0.0659887272097898 -0.195797079353169 -0.141009312410335 0.180214424890706
-0.077865863970244 -0.205543186530156 -0.0951543858718318 0.22356736903003
-0.171689632291885 -0.0989703712755486 0.0183252659569519 0.206717043665737
-0.154625268515617 0.0609274509086037 0.0953628883517833 0.112678937012548
-0.0631620329185537 0.116028577139165 0.0640759853127723 0.0563120482341244
-0.00355309820838483 0.124519424850161 0.0413317204297852 0.0566534559866772
0.0349056501356444 0.125933027931209 0.030564007142372 0.071741631299713
0.0448234248142416 0.13113909810249 0.00884946920911131 0.0986987644326825
0.000842255651307034 0.122140838230269 -0.0339167047248306 0.110291983596387
-0.0561218922686995 0.120553835760008 -0.0936455325541569 0.0700368125658731
-0.144580669277882 0.0434852635635766 -0.112916445926012 -0.00289262681216715
-0.155698411566978 -0.077699885912391 -0.061029538641415 -0.0651407719477942
-0.0405157468292825 -0.16489048284037 0.0116193657502011 -0.0451259073557121
0.0723484269460595 -0.169701191575559 -0.0532772976318993 0.0936514934128982
0.079307219661933 -0.0528778655928982 -0.0611823753220463 0.216460671036835
0.0693535805792614 -0.104226760977263 -0.129771714833448 0.189199907088253
-0.0243786326896094 -0.133507976512002 -0.100970504264338 0.18849520877701
-0.0983233352858857 -0.0776659457215491 -0.0152997783521576 0.184525885114353
-0.101285640703496 0.0295119336181065 0.0515548521447737 0.125371979704496
-0.0435704073126584 0.0739862335912058 0.0428377058754024 0.0909496754609233
-0.0047349979422207 0.0806763760700769 0.0402894523619544 0.0962688115868755
0.0203201874593004 0.0852292453195933 0.0417901680835428 0.108557889328545
0.0282961657950963 0.0920176149229367 0.0178618662879568 0.137656849692155
-0.00400787771555532 0.091809513360679 -0.0360130252477045 0.143820141155484
-0.0485015299864426 0.0868561112294624 -0.107784049010054 0.0952947772063119
-0.111000431582322 0.0177467575621671 -0.124529557882836 0.00810876653743227
-0.103694746815475 -0.0779608968332911 -0.0701585639828239 -0.0613241474558408
0.00349090549128467 -0.126252714998432 0.0120714169382266 -0.0248788062042493
0.0865853097464519 -0.0894339276580076 -0.0727336853599279 0.135707898878663
-0.0594006160583497 0.0215768877496689 0.0231219296424391 -0.190548275955521
-0.00295567545107772 0.069934402677469 -0.0249200690302444 -0.0118363761040366
0.049991631400795 0.0506569731762515 0.0926024504778369 0.0515217873031523
0.0555203400693675 -0.0141431054302045 0.147443998501661 -0.0398277738029091
0.0151324999762623 -0.0453843893623439 0.107343764285409 -0.142955794570992
-0.00646259368127062 -0.0283489906324497 0.0129269534480178 -0.188065129005556
-0.00651491222600387 -0.0283249912729355 -0.0708959384822782 -0.158723609895776
-0.00524417975678006 -0.0289423807116835 -0.0974773884936565 -0.112505003256565
0.000619914557633333 -0.024191004281241 -0.0810309457085093 -0.0965809792783934
0.0107162055167733 -0.0151704706200722 -0.072547773599623 -0.0996436568729165
0.0269590087113094 0.00141562516342911 -0.0722398468314862 -0.113821018207079
0.0285126419840079 0.0367271389170616 -0.0387065752972629 -0.14978738789174
-0.0203470746498517 0.0611114798572189 0.0222144453103117 -0.17501213131263
-0.0674096912423141 0.0257442032609693 0.0182929222052644 -0.193232835135827
-0.0763494346931944 -0.0240465368748794 -0.0341201107760202 -0.223704884673019
-0.0745318186562257 -0.0777747154744286 0.0388012112636893 -0.171002675377537
-0.0601569747113022 -0.00151130306899029 -0.0239419710058562 0.00856590705657297
-0.0382806934091616 0.0333978511272617 0.112473574856214 0.0839946487738824
-0.00950932324218823 0.0240188081940251 0.181143812613485 -0.0223085619231641
0.0007926771950552 0.0180179784913307 0.137003729197928 -0.151785649767086
0.00684958926085896 0.0223194863889481 0.0264924696971139 -0.197585656014746
0.0234195944837366 0.0221416094332637 -0.0636665617089854 -0.166953120886379
0.0303951580994657 0.0190272100045859 -0.0959436252221343 -0.113898902694311
0.0291071004015811 0.0286154948872239 -0.0823267326796423 -0.0932423821536476
0.00818466423384313 0.0367356090157854 -0.0728614746031056 -0.0883834859469092
-0.00799335915232656 0.0502364604666495 -0.0759767478396776 -0.0993439127338359
-0.0455714525470767 0.0475584206264047 -0.0563360799776254 -0.13107460705431
-0.0927327677453982 0.0195742489757085 -0.000721256402717712 -0.157822126458893
-0.0966280454296104 -0.0541684102981433 -0.0102987053743492 -0.179255472493626
-0.0744488880409823 -0.124382155391941 -0.0468922037768144 -0.203889176419239
-0.0696025712411823 -0.17196803500622 0.0517218982746496 -0.122995848861743
-0.102361939548578 -0.0914608290828331 -0.0265885361147052 0.0478530196596557
-0.13090004765875 -0.00740146876187573 0.122985771689911 0.133051624402489
-0.093549973303562 0.0527167447937721 0.211028265847812 0.0162763596087625
-0.0302482395182652 0.0848103586324421 0.169892000079233 -0.139411107743585
0.012608331599437 0.077872580687429 0.0466229384011782 -0.187037397582869
0.0466557462461209 0.0729246467494269 -0.0441383703174903 -0.155527910106505
0.0629423770398697 0.0641635877775578 -0.080271070259541 -0.0980791576268329
0.0600814251235803 0.0739363160323068 -0.0730909891749361 -0.0717646783087357
0.0166647199209179 0.0812000924088014 -0.0699692065934577 -0.0580738789060082
-0.0231429855806463 0.0970565805526313 -0.084983988006078 -0.0693682642158131
-0.0997436217651216 0.0753564322443645 -0.0803283660921161 -0.10226561395467
-0.156162675534012 0.00630278860316181 -0.030530568482153 -0.136771278383874
-0.131052547764851 -0.10693697642991 -0.0336748581387101 -0.155782026893092
-0.0758162739354151 -0.200802184138089 -0.0569121515406281 -0.156322433073473
-0.0466135172466306 -0.24302504578238 0.0561530836948804 -0.0478828833576241
-0.117874739482184 -0.182185440669299 -0.0350388129568607 0.101444884128723
-0.207873453631155 -0.0681984346985055 0.115541527385195 0.190036972770143
-0.180310954836617 0.0575780808964725 0.221723871712542 0.0722751236449843
-0.0741617536621941 0.139578959470159 0.194135335581788 -0.102184240946217
0.00799269953798414 0.12693143168253 0.0672166345961244 -0.15220905737114
0.0591697418758115 0.115482792664557 -0.0172761952427115 -0.123327707429703
0.0859608425964445 0.100011792442152 -0.0523875708320023 -0.0678033488387318
0.0875092691384397 0.105979773670844 -0.0526966361127417 -0.0357831297243124
0.0324936596499531 0.112671524122769 -0.0583412741019347 -0.0166193329114573
-0.0212632473875024 0.133152754420673 -0.0868503061623378 -0.0273228658071365
-0.128478147912287 0.106859682728474 -0.0979255966519711 -0.0646589706305952
-0.19819444239379 0.00978155597065285 -0.0540739239205485 -0.109288420605817
-0.157444351982936 -0.134206463474346 -0.0420292597578072 -0.126048800523071
-0.0740532878012661 -0.24538852129095 -0.0565149734537205 -0.0910188636193877
-0.0125615083428553 -0.272240024957256 0.0494214712065687 0.0424840836920097
-0.0975595371721169 -0.245531231420058 -0.0493520937737078 0.157873976111736
-0.236475592070447 -0.134229217021354 0.0829083592832724 0.236423860199254
-0.238095717823574 0.034637993090992 0.199702527992306 0.131275670802581
-0.116093397122876 0.16256211340798 0.194799117720834 -0.043323070580295
-0.0044874908962723 0.155852893599971 0.0810109052568828 -0.0961136459937414
0.0597954876066725 0.141423869242937 0.011655491728935 -0.0746454405917356
0.0965814262494274 0.120113585769609 -0.0177341465308647 -0.0271789172763247
0.103416470042083 0.123064913796256 -0.0231170138586691 0.00718217009028737
0.0445936606095114 0.128100893491337 -0.0382187870496686 0.0296127631320496
-0.0132314918887121 0.151188922191122 -0.080523181660447 0.0170752918417285
-0.137136151155859 0.1215265727303 -0.103943635851223 -0.0252055041874185
-0.212684116275923 0.0110471001344089 -0.0675999848616973 -0.0809274493425909
-0.16104959456246 -0.143941318916445 -0.0345632160179181 -0.0958958457292324
-0.0583718099948853 -0.256087798495734 -0.0462567698134587 -0.0200291404794267
0.0216796671487884 -0.248781692636262 0.0345518846430044 0.130808720432584
-0.0532474205955787 -0.255803577149009 -0.0639134051733365 0.202767212834479
-0.210059127048359 -0.172201540308994 0.0372052372602272 0.254932942541023
-0.243188733382393 -0.00201628048512872 0.150075224516241 0.172002226274752
-0.135497139127233 0.149330644049812 0.168193768905554 0.0184442487930843
-0.0155572067027978 0.157349122566906 0.0833498546049447 -0.0309060604048108
0.0524097957805944 0.143557680030303 0.0380733097877294 -0.0177141134451601
0.0923942573379105 0.122149618900276 0.0179528956690441 0.0164795525811245
0.10282025551532 0.122857706425627 0.00963214476467091 0.0498949008162948
0.0493211128847445 0.128411424163802 -0.0158843052149099 0.0734210902114486
-0.00985887045627581 0.149629165473842 -0.0712272347318327 0.0585190415010206
-0.133932479852927 0.114410899339224 -0.104666858892283 0.00842946967578346
-0.20240896426468 -0.000595170233983364 -0.07328315540607 -0.0574955111488009
-0.137614713374617 -0.146913486311773 -0.0200056923893575 -0.0688642999535372
-0.0275861851865925 -0.235108486818405 -0.0329207958533077 0.0479456953952381
0.0465327540096555 -0.179054222841421 0.0191730746423542 0.19797838701419
-0.00617952126872223 -0.20894278891529 -0.069590266931127 0.227484663249777
-0.146171259679118 -0.164846727311174 -0.00339941567021817 0.244643398834306
-0.198103683889216 -0.0283218318646481 0.0948833759879393 0.185795780711164
-0.122301411280443 0.112261499076165 0.128089203255223 0.0679467288080359
-0.0182492481290515 0.130713172473548 0.0775653411081789 0.0278639142427348
0.0400177867427741 0.121144700306233 0.0587317493119136 0.0344144404625805
0.0757728779975869 0.105580564144472 0.0502777437837859 0.0555963286059441
0.087082822375279 0.106880897440987 0.0401566703849818 0.0895495196972459
0.0424892008345304 0.114611920304114 0.00292588883928302 0.113101203163274
-0.0121878935290113 0.130850021557903 -0.0664612197595116 0.09535660491846
-0.122294751834104 0.0895169285126272 -0.105622823006234 0.0320721928428524
-0.172665423457385 -0.0200513593404349 -0.077848591166043 -0.0409847683433616
-0.0941100640393134 -0.141341600454886 -0.00652440051516554 -0.0451867016357773
0.0140384585817625 -0.187311416921916 -0.026359469348785 0.105681909213164
0.0577989048771563 -0.0771900437288809 0.0119535687994094 0.230801085788668
0.0306092871154158 -0.122787646121567 -0.0599737582517494 0.229325179227375
-0.0694888458872357 -0.115054219066976 -0.0265664094862981 0.215808861659806
-0.120962483926983 -0.0349927229713608 0.0537357001877966 0.178436621494532
-0.0832156206659511 0.0636925145444454 0.0921584110753951 0.0980021182464298
-0.0145631649193764 0.0848927862420384 0.0709831255006032 0.0691961341647511
0.024372629707341 0.0798601764886021 0.0726742693711079 0.0730759381837472
0.0479312556929249 0.0727755323374545 0.075550246974088 0.0850232605442365
0.0579574788083724 0.0762105824858988 0.0628300212523294 0.122761327927753
0.0281543834106577 0.0874289529670858 0.0131686410183989 0.1453617854046
-0.0156525156908989 0.0973761545823775 -0.0704266541354171 0.124243232322009
-0.0994064535736952 0.0534873947356754 -0.113934756531531 0.0465122004404363
-0.123609968154162 -0.0383564236190755 -0.0861554929252607 -0.0338853662206836
-0.039863035029305 -0.118903976580316 0.000796256599166671 -0.0271006870461072
0.0534105072153966 -0.115302880863293 -0.0286665100013274 0.149469588286693
-0.0593353889974901 0.0229233021550059 0.019703093381035 -0.19198669680487
-0.00162578538653556 0.0701189014904293 -0.0258949509864606 -0.00981600055898138
0.0515195263881656 0.049016043909962 0.0952344318114293 0.0527293701455905
0.0556853366699518 -0.0157787419470942 0.149183958184487 -0.0426191686971193
0.0128884529931794 -0.04491870248611 0.106558167517256 -0.148218890563949
-0.00676677597631348 -0.0282569082611287 0.00831135887358311 -0.191523551099959
-0.00710099324028924 -0.0282043953814084 -0.0752518859243774 -0.157528058547856
-0.00596904003111624 -0.0290287625926916 -0.101233864754511 -0.109819652401379
0.00018143567843501 -0.024738632148154 -0.0862269123385799 -0.095925927792613
0.0113778051328257 -0.0152319581195116 -0.0773274641011053 -0.0994717771242139
0.0267245908081452 0.000856379827570403 -0.0761449696310413 -0.113941199678089
0.0287505580118582 0.0356936350004349 -0.0415628038256804 -0.151117372452833
-0.0191770589215242 0.0616862487479682 0.0204106830524386 -0.178347992180567
-0.0673025460643665 0.0263936015360941 0.0179505243050084 -0.195355136311359
-0.0773723216481599 -0.0228440027185095 -0.0362249314477678 -0.22695515001081
-0.0766059103931856 -0.0775635773290668 0.0362860642422983 -0.172766356826228
-0.0609591951670077 -0.00103599698899906 -0.024345239326674 0.0102829093979945
-0.0377529836015837 0.033520247318265 0.115309441382134 0.0847347341551382
-0.0104542876160083 0.0248201522077479 0.184183714105541 -0.0242757364671123
-9.31912999947594E-05 0.0194164207429673 0.136550361171209 -0.157458346349705
0.00813249627944443 0.0229299725573284 0.0223311513759726 -0.201268509261221
0.0238388843618621 0.0219030246044608 -0.0684541334972906 -0.166505618068676
0.0315144000048615 0.0182079994467164 -0.0998002560011338 -0.111177050316177
0.0309011746376442 0.0281074402050577 -0.0871930946964574 -0.092489492737755
0.00948211777710691 0.0383137598548092 -0.0779580117513967 -0.0875667593181664
-0.00738178655766654 0.0510944064395222 -0.0802251204291602 -0.0994679432226722
-0.0465896179160836 0.0487447378787641 -0.0589856747677003 -0.131388989031068
-0.0938112268929481 0.0219890709742072 -0.00238580747650335 -0.161246650579885
-0.0983410521603711 -0.0538162521692908 -0.0116747227843914 -0.180908508017815
-0.0779180171155318 -0.124874687077148 -0.0496113985193786 -0.206331760920088
-0.0737304536332729 -0.17354081503148 0.0493166804884496 -0.123443004502507
-0.105392911171246 -0.0918514600724049 -0.0260383847942872 0.0504597378085093
-0.132885753623858 -0.00537437988838706 0.126971680684541 0.133964658118144
-0.0959115322533065 0.05483037825719 0.2145874023861 0.0143757286539793
-0.0297721762996384 0.0871734969535879 0.170035146549575 -0.146027106250091
0.0143440983688412 0.0789090711070491 0.0429309371024437 -0.191075211810323
0.0487947816798931 0.0730799659192863 -0.0487012786012835 -0.155257024722933
0.0658505784741805 0.0628116143765449 -0.0838025083540433 -0.0952532432282621
0.0637071923807345 0.0730421938477971 -0.0767778808241222 -0.0699269138825032
0.0186541733611969 0.0832236247528242 -0.0739190097784384 -0.0570955712833779
-0.021194944819832 0.0988827949187061 -0.0888407488452439 -0.067789439221483
-0.100462285995571 0.0785334294476743 -0.0834797067141877 -0.101996864533898
-0.158647739389555 0.0099681416047965 -0.0328352326711705 -0.139303096085724
-0.135014697878728 -0.106802387066994 -0.0357193433062921 -0.156680284541164
-0.081255715329436 -0.202629542834554 -0.0596150883597617 -0.158123989844052
-0.0525194559446191 -0.245569717332735 0.0543921560878067 -0.0476332765801273
-0.121959578244623 -0.183188912251752 -0.0340775286030003 0.1043827945795
-0.210719454472961 -0.0642133617272198 0.119252711228584 0.191986648183578
-0.182639302938463 0.0618816036234251 0.226191625935084 0.071190283617857
-0.0721707740345753 0.143174296687775 0.193920362016555 -0.107988900998668
0.0108106655877671 0.129200577128533 0.0652003181337938 -0.156201835926952
0.0625990740231765 0.116700484352142 -0.0206464597630836 -0.12321426887464
0.0908543958356195 0.0983900668096551 -0.0548344807642023 -0.0655255730370294
0.0920260610544809 0.104285278641425 -0.0554701198419648 -0.0336854202733877
0.034664371999844 0.113666459238471 -0.0604807093973055 -0.0148142660876264
-0.01832149946907 0.135178496957392 -0.090569813780802 -0.0255242834140475
-0.128503647063929 0.111155408386985 -0.100975689589664 -0.0631934055924235
-0.201353717747145 0.0149202054107939 -0.0576319640780715 -0.112073296005115
-0.163013930214104 -0.132758336803237 -0.0445531092131917 -0.126565826388522
-0.079932442985524 -0.2472030460157 -0.0578479831164063 -0.0913768538677138
-0.0187290662425443 -0.275564366263655 0.0482588635870901 0.0441550742743503
-0.102869036361565 -0.24774598181281 -0.0487704403501431 0.161536896907225
-0.241719062069451 -0.130338026226526 0.0869689614680445 0.239028558401993
-0.24191991998037 0.0399690613465923 0.204314849674913 0.131494264170027
-0.114103016589525 0.167151507817973 0.195679738340182 -0.0489803658145367
-0.000872817304064642 0.159078075493946 0.0805977417055709 -0.0987109268039836
0.0642601763041531 0.142513484398004 0.0101667627172835 -0.0743877499753119
0.10215943750561 0.118330622296965 -0.0190762527694538 -0.0264390175745995
0.108297131701804 0.120723649358256 -0.023778966070494 0.00795513727386963
0.0485429508875373 0.128464819068568 -0.0389810727148153 0.0309593425350635
-0.00960304938221974 0.153259630420123 -0.0826830324159755 0.0199331331315491
-0.136718742951519 0.12666825813367 -0.106921731011554 -0.023610391842201
-0.215375705094385 0.0169702891959846 -0.0709256342863632 -0.0831787631580081
-0.166393354708246 -0.142809097921508 -0.0373927313745177 -0.0966027225338052
-0.0648526827173804 -0.258550478730291 -0.0464277472672337 -0.0197295310922957
0.0156390363568995 -0.253238181493772 0.0349947004446394 0.133303867778533
-0.0584475006594842 -0.257898620638797 -0.0624891799936565 0.2064368538154
-0.215832751093069 -0.169705566414659 0.0414067583812231 0.258945220033923
-0.248239967605212 0.00265482218756034 0.155476402351548 0.17399651077586
-0.133449793168979 0.154485111236115 0.170166753276645 0.0149347713760949
-0.0111335959123078 0.159499176827355 0.0840807871444712 -0.0329602550994243
0.0565364136529944 0.144476155165951 0.0387526278903807 -0.0185963111928551
0.0979427661574979 0.120840851474773 0.0187352955983962 0.0157959149587963
0.107664317837438 0.119598857797225 0.0106190200952999 0.0505261806710402
0.051978349945164 0.128699049357722 -0.0145314794122164 0.0752427390140875
-0.00601499621814308 0.150861781045455 -0.0727271354972635 0.0618666534976725
-0.133819078070678 0.119091352680307 -0.106513008844447 0.0105597139850956
-0.204277751366145 0.00465888400776998 -0.0764996833483763 -0.0591041602236059
-0.141946256724302 -0.145676407468734 -0.0219080048112018 -0.0695584174426588
-0.0333558495531259 -0.238043413772234 -0.0319066303748722 0.0487476545008462
0.0420856706803264 -0.182324154528912 0.0207731702697163 0.200680031801333
-0.00962403614886574 -0.211905033187358 -0.0685975010822348 0.231209989333385
-0.15042786179159 -0.162899577178444 -0.000870109562424848 0.248544441606723
-0.202183912954479 -0.0242366692968413 0.0990359486644897 0.188314383603166
-0.120833336914648 0.116695078043546 0.131317789373626 0.0661323920947121
-0.0148767401476279 0.132588611697138 0.0799586091029911 0.026528569073521
0.043268598495435 0.121492245371261 0.0605900041155744 0.0334595570328973
0.080103894381284 0.10493342517493 0.0520113512047149 0.0541415116693234
0.0908578176637203 0.104679585570545 0.0426734516517799 0.0896821234662017
0.0457986568917556 0.115160670038455 0.00610938177165389 0.114523606712877
-0.00883433196971336 0.132683076853337 -0.0660856200743772 0.0990238256310406
-0.122952367879025 0.0934924937594496 -0.107622811752384 0.0348130410109697
-0.174844696306551 -0.0159025929495616 -0.0814057675162939 -0.0420377948913334
-0.0980603865099753 -0.140285245225285 -0.00846773444043577 -0.0467001004253047
0.00943546189404506 -0.190464430178474 -0.0237346558479173 0.107884104915603
0.0566088211190944 -0.0801300588175932 0.0132581062822557 0.233902333694187
0.0292494877695023 -0.124821547985208 -0.0594077164009619 0.232726050036081
-0.0717848977585688 -0.113925970928413 -0.0243791827497098 0.218992371162794
-0.123290776061075 -0.0326501757925631 0.0572751313688107 0.181826300854587
-0.0822760793189119 0.0667659604968802 0.0957889798657655 0.097852179317107
-0.0117878860321133 0.085592196871683 0.0736737316371969 0.0693519622014074
0.0262724558765643 0.079693903818977 0.0762293190479389 0.0717071312316462
0.051532080448636 0.0716310550235529 0.078242788833637 0.083388299286157
0.0607188066097632 0.0748714909934442 0.0664222852481458 0.121362400804183
0.0305047036438749 0.0880774407434674 0.0170874270747801 0.146247883705522
-0.0134947102936478 0.0985204852846315 -0.0691845245309481 0.128179183551903
-0.100175929127876 0.0568511449010578 -0.1157195815433 0.04895763196394
-0.124309620616947 -0.034847000595352 -0.0897060054311761 -0.0345829241135871
-0.0432054990214143 -0.119312145341148 -0.000739069219611552 -0.02802537639295
0.0508566570806855 -0.117948238613746 -0.0261139120264277 0.152263308270072
-0.0598201435976498 0.0244246193068636 0.0169696876431318 -0.197273077956796
-0.00069136069752371 0.0712526868965458 -0.0270977165224882 -0.0079891699782524
0.0531169191291068 0.0482164137506721 0.100267804583118 0.0543986737190935
0.0563688298369911 -0.0168263710163647 0.154259614665677 -0.0464098359026666
0.0116227689162573 -0.0447897515898946 0.106945711205182 -0.156003343717181
-0.00759566040716582 -0.0284137525651411 0.00360364133712523 -0.197978757311672
-0.00740036577723237 -0.0288493073237368 -0.0812893073767262 -0.159756215478309
-0.00748126760485889 -0.0300507623573082 -0.105816000023698 -0.108317575436274
-0.000452982962370667 -0.0245988320476934 -0.0918081933393252 -0.095979996502379
0.0113710091898558 -0.0151019763442325 -0.0840195124175867 -0.10083833988144
0.0276005434357008 0.00148002204152428 -0.0812137044902904 -0.11543605029943
0.0294291627442195 0.0361465863012059 -0.0457472321408446 -0.154571275114678
-0.0183383963251151 0.0637084413990453 0.0197100205769527 -0.1854785963207
-0.0687956721786102 0.027688974613856 0.0178115563445389 -0.201221705216601
-0.0792969774615618 -0.0213485865243948 -0.0390879237335072 -0.234611705407773
-0.0799115494747535 -0.0794866403437529 0.0340875213623875 -0.177178249742175
-0.0627746381328014 -0.00109673948734047 -0.0249631233882673 0.0126714614280261
-0.0384456118675432 0.034513997065022 0.120783314827535 0.087204598002921
-0.0108757796222669 0.0256745484329325 0.190007861509791 -0.0282882121523139
-0.00103533867848149 0.0207853946049493 0.13787610467965 -0.165770585239091
0.0084772787740058 0.0243029150709633 0.0181310831530544 -0.209055481732911
0.0252745534768198 0.0226580493593582 -0.0734862007550375 -0.16805211019001
0.033534671698508 0.0183087094234034 -0.104186241218615 -0.109928232256602
0.0334311895083525 0.0277578739944001 -0.0932026893284029 -0.0922524576076628
0.0106321628511817 0.040069507211878 -0.0836016329412719 -0.088286286857466
-0.00585782874316202 0.0536225885569408 -0.0862279508894198 -0.100775247074273
-0.0479610207746155 0.0511517183660407 -0.0635497511371652 -0.134492858942554
-0.0958529562720317 0.0244524753078602 -0.00515485597377552 -0.167724876197868
-0.102026126692555 -0.0547829189310941 -0.0133093981605391 -0.185913998957401
-0.0827373330722845 -0.12716927933089 -0.0529721062467073 -0.212616440516065
-0.0795616946124866 -0.176989848661084 0.0483797986694273 -0.126087852527012
-0.110292794277583 -0.0934931327056786 -0.0270046211427712 0.0539264011801272
-0.13700905615402 -0.002747233598638 0.13346282628016 0.137731095710039
-0.098246242549608 0.0588330244605441 0.222158048349073 0.0120818322400026
-0.0289346282270624 0.0915190954565846 0.171427900944498 -0.154492145503359
0.0166270630918033 0.0816547663945646 0.0400877228322913 -0.197516793953894
0.0524898648101951 0.0747045737380537 -0.0535463207436092 -0.157556475153365
0.0703576309110426 0.0625517559857672 -0.0881241027009041 -0.0945897408569895
0.0680740775139539 0.0724148761063924 -0.0827510883559306 -0.0694164680187921
0.0206843345504421 0.0856867990594238 -0.0790682652383754 -0.0565407941764795
-0.0195705344397747 0.102952543336162 -0.0945958729234753 -0.0671895939560716
-0.102701643736899 0.0834295935580437 -0.0879736521759814 -0.103164515605998
-0.163275964176432 0.0136948651656562 -0.0365079377861002 -0.145245175947484
-0.141288356032637 -0.108598773416173 -0.0380682342776257 -0.160741096683248
-0.0881553358644674 -0.207801214210259 -0.062998364373744 -0.16160450416171
-0.0595212340006427 -0.251931476355375 0.053805184817701 -0.0471667913088146
-0.128586853812537 -0.187540091322316 -0.0336944170540085 0.109262427519263
-0.217410444419137 -0.0618350372699226 0.125634542869882 0.197207855774749
-0.188320041707367 0.068040120737183 0.234932374398674 0.0710676305177614
-0.0714142735159884 0.149615485048254 0.196825242846424 -0.115783622984177
0.0138824188880205 0.132942864790396 0.063944631989863 -0.161604555983272
0.0671777239896619 0.118629524420395 -0.0235258426626557 -0.125186073322064
0.0964447934756118 0.0980234419402133 -0.0582377035280142 -0.0645051197696383
0.0978048385545514 0.103957401706494 -0.058719760014246 -0.0332576514336918
0.0382156298853693 0.117562656225169 -0.0643356233459316 -0.0132436387062691
-0.0159752297052845 0.139486984681187 -0.0955586899979361 -0.0233101770319534
-0.130376996037209 0.117513498301453 -0.105994359384741 -0.0626558673663258
-0.206798381087954 0.0204238804686007 -0.0620047438146116 -0.116421841533414
-0.170007288387636 -0.134849125871098 -0.0471416647746787 -0.129889399272401
-0.0880956492631846 -0.254506694649808 -0.0610592587416098 -0.0938311343061183
-0.0252081084785898 -0.283237861256588 0.049300084813216 0.0467106141275399
-0.110110387320606 -0.25335841424334 -0.0478329870193519 0.16761892237247
-0.249853062978397 -0.128218185582799 0.0933964533462164 0.245593190355163
-0.249225171733881 0.0463291776980954 0.212971650025887 0.133674969640947
-0.113053919517702 0.175462515074104 0.199975352930484 -0.0554356862467488
0.00264847645821455 0.164202473802318 0.0817227735425691 -0.102872657616096
0.0692789381056872 0.145484510099295 0.00933235867061348 -0.0761510750454092
0.109632845682459 0.118871874840559 -0.0203831693661106 -0.0254423694642092
0.115713795165046 0.119360276403097 -0.0249759239844548 0.00932516317621114
0.0525985794919315 0.132185751953822 -0.0396489652900401 0.0330957228722063
-0.00624549272892714 0.157982069498971 -0.0869735328497318 0.0235516868666216
-0.138680231708443 0.133406562453982 -0.111433000000015 -0.0218062083271909
-0.222019897895653 0.0226361605963837 -0.0759125756691398 -0.0861333927449824
-0.173738421936574 -0.144230691276463 -0.0400760802549563 -0.098995131089309
-0.073004470442695 -0.265946191780291 -0.0471888179936533 -0.0190150644009803
0.0109744553407361 -0.260333762998215 0.0363124082011523 0.138519956447812
-0.0638093147834543 -0.265101849066962 -0.0627895312175565 0.214012449464099
-0.224093112560926 -0.168411759899659 0.0461854840816206 0.266512472710242
-0.25694859087032 0.00780506776082413 0.162226549597176 0.178356748104247
-0.133432770619065 0.162683215294697 0.174758788618172 0.0119164675261257
-0.00844581157447586 0.164367760419689 0.0869334667905404 -0.0351358496412287
0.0624491086732071 0.147082075293309 0.0389441045049504 -0.0193561659657615
0.105025744597441 0.12085886794016 0.0189085380720748 0.0155964116904013
0.114506657660916 0.119404321464071 0.0116812542780646 0.0512543678568336
0.0568198465741014 0.131364846587343 -0.0129758194735799 0.0779287043224001
-0.00321404280559849 0.154507077235943 -0.0747830681018533 0.0665069689035304
-0.135472438581944 0.126026550995704 -0.110356066050855 0.0127025779490197
-0.210935193185746 0.0108772523197663 -0.0816657023299053 -0.0614386052398092
-0.148973994573335 -0.146900026442414 -0.025044157230213 -0.0719097608497317
-0.0396524401073058 -0.244908055070962 -0.0315335269336599 0.0509297932271116
0.0390216283411971 -0.187679289323204 0.0218282150434508 0.207821823116938
-0.0128626451232564 -0.218469243663094 -0.0687144990901162 0.239611764588679
-0.157097159752569 -0.163479638214207 0.00247169547579943 0.256465404481866
-0.209180098895956 -0.0212840479865346 0.105116913430802 0.194526344826383
-0.120283089010737 0.123463173727057 0.136647788060026 0.0656393267345239
-0.0116660734808367 0.136759021521903 0.0835172238379506 0.0265856426071981
0.0477907041805599 0.124642125056309 0.063605582737941 0.0327002531204631
0.0859966919983699 0.104614298311225 0.0546814044737696 0.0544218266045269
0.0971695286302202 0.104374694687485 0.0459890471084376 0.0896855911029606
0.0493746152601095 0.117441147427351 0.00867880938277771 0.117363188029535
-0.00596634687257444 0.135793389724199 -0.0667005402860454 0.104206182788931
-0.124915468352305 0.0986891680758082 -0.111292632989485 0.038238780289443
-0.179849162003342 -0.0122632473893831 -0.0856737416967891 -0.0432146155150767
-0.104166488064742 -0.142164772142765 -0.0106401809844001 -0.0479530796295233
0.0045489768815205 -0.196492602333153 -0.0219415336371297 0.11151554712482
0.056384654098642 -0.0823254427042321 0.0152366574222368 0.242146955186924
0.028176803812111 -0.129248656502844 -0.0589141036955791 0.240770086160672
-0.0760651893314149 -0.114919789188057 -0.0219467824168059 0.226828644347952
-0.127541348029283 -0.0309811726056176 0.0626816850960116 0.187276574785465
-0.0820906136468786 0.0714896927860822 0.101918366075264 0.0991300352607349
-0.00900434040605959 0.0872641205291768 0.0789598711658541 0.0699523825802539
0.0294357597661214 0.0805298025112168 0.0810168282808725 0.0713806443947011
0.0549030198084706 0.0719911091867714 0.081756843332166 0.0821654309907366
0.0639534719009868 0.0740956130240352 0.0712561555067298 0.121659951100508
0.0333901890687116 0.0890447601822096 0.0214470924000006 0.150136766483554
-0.011263444761139 0.101148773413718 -0.0687136126333296 0.134173545805451
-0.101918275418169 0.0604917004367611 -0.119857333157677 0.053010741496554
-0.128181635985809 -0.0331420014930981 -0.0941151579953263 -0.035797467161848
-0.0471062649282372 -0.12076291509513 -0.00208533346099966 -0.0291835498974437
0.048639927911136 -0.122749296448089 -0.0234394833188682 0.156797038144255
-0.0608756650263027 0.0269142925189853 0.010748590478216 -0.204302534866678
0.00167590741659494 0.0729305695845907 -0.0281570149783881 -0.00535188401877136
0.0556569305414175 0.0467170352352491 0.106606032037368 0.0553738823190535
0.0568339475806678 -0.0196506357279759 0.159057420466013 -0.0537297836255315
0.00919423199019689 -0.0458645933394548 0.105157863782013 -0.165776238350848
-0.00891545593247406 -0.029425386633472 -0.00493039886882626 -0.206467579111511
-0.00861503756265448 -0.0295009079313605 -0.0893977689125064 -0.160678095206428
-0.00940479300761317 -0.0303072055802076 -0.111958653887162 -0.10697813972317
-0.0013366702947044 -0.0262098683283894 -0.100617413970949 -0.0953825046784867
0.0118231341025219 -0.0158669085690328 -0.0917102299244546 -0.100487003406644
0.0287180781243691 0.000750578580792869 -0.089510846466997 -0.116849889691229
0.0309465605278341 0.0365133363264977 -0.0526093874065112 -0.15895933979315
-0.0168011132845376 0.0661341675236153 0.0151155379916581 -0.193824486397868
-0.0701232813964857 0.0310728269112495 0.0149124589317248 -0.20831462819386
-0.0827734563433786 -0.0189073142263241 -0.0468986023264057 -0.242441605041765
-0.0859619715629979 -0.0797436196724099 0.0293948762270582 -0.183149275989029
-0.0651400080781493 -0.000208397199033859 -0.0256328699176349 0.0155733993377411
-0.039339314778388 0.0364996275779324 0.12870694972295 0.0873674822152929
-0.0117422964474078 0.0273888609036224 0.196462792421192 -0.0356054125693044
-0.000303775133993354 0.0230332867805318 0.137141423057849 -0.17788172561872
0.00943880361952914 0.0252507209955143 0.0104857126842295 -0.218253339571336
0.0282670690959582 0.022708630118686 -0.0832842783129115 -0.170288369660268
0.0352981083969844 0.0169068151633658 -0.111740084460168 -0.107073854668377
0.0357533857930623 0.0272286619916873 -0.101897441493469 -0.0906788415142181
0.012679013790468 0.0420034138156351 -0.0917913801977716 -0.087905622841197
-0.0040792870485681 0.0565091270715366 -0.0942239107068165 -0.100487871579862
-0.0485019402809842 0.0557347033981316 -0.0705406686051613 -0.137300654332988
-0.0986846853769453 0.0291329398195818 -0.00998173632501803 -0.175241658971585
-0.108149479503628 -0.0534224651439455 -0.0172541974489939 -0.191343868602683
-0.0900402518130812 -0.12865198057857 -0.0608255774206484 -0.219451589298918
-0.0887669990193061 -0.181214154666358 0.0454623986194866 -0.130583738031833
-0.117463056558755 -0.0942707382651355 -0.0258588211833513 0.0582985372078515
-0.141486068983653 0.00171404753586982 0.142365353042482 0.139597675419855
-0.101042814732311 0.0644308184737304 0.230975261788152 0.0065027678001575
-0.027362067571732 0.0967369757128353 0.171977113583018 -0.167295907833029
0.0200764604094356 0.0846444170128389 0.0339967119556167 -0.206803170049303
0.0575747220069633 0.0758188443603399 -0.0614963275744717 -0.159849171250361
0.0758175397487136 0.0614532694594695 -0.0937484418960441 -0.0913638926049782
0.0740618128287336 0.0716454188208272 -0.0891054670440527 -0.0670960431918529
0.0248678660625489 0.08925781218153 -0.0852315833573743 -0.0548678476615029
-0.0164842833741851 0.107624741735446 -0.102142215561111 -0.0651667571872345
-0.104411247619078 0.0906601757828866 -0.095554505486201 -0.104300307761768
-0.168280664454624 0.0204218805724477 -0.042867653165974 -0.15136186638613
-0.150839348725155 -0.108093747575702 -0.0435088804352718 -0.164874693284855
-0.0990907506849002 -0.211742666039073 -0.0696651589321761 -0.166151967972358
-0.0710290658344373 -0.259061439930658 0.0544683795543596 -0.0490408794814025
-0.139042073228702 -0.191034068157217 -0.031990286983365 0.11544941163394
-0.227082600910013 -0.0559035290181246 0.136772598945648 0.200648919156933
-0.194118579410469 0.0766683181441347 0.246088646273877 0.067521475587667
-0.0678593118955595 0.158065446399717 0.199342700464582 -0.127883740712696
0.0190810242069049 0.137853688012563 0.0602350787913352 -0.170218464578266
0.0746357084045917 0.120693007678481 -0.0292453736204215 -0.128080734159153
0.105304273795938 0.0963176020321011 -0.0626536752021138 -0.063035866255475
0.106522915151935 0.101999991544044 -0.0630172098942766 -0.0308068835329225
0.0440875539400227 0.120862043671637 -0.0678033302779713 -0.0108267977987999
-0.0108250304817643 0.145547014631213 -0.101018428897554 -0.0200748919173188
-0.131978904043885 0.127231721568784 -0.112940404835187 -0.0609454982312885
-0.213767643070186 0.0301533042526367 -0.0695152364982893 -0.1197777632501
-0.181728198246127 -0.1338919725965 -0.0530780654039332 -0.132082008333574
-0.102317266875409 -0.260858918631352 -0.0653121018555454 -0.0948299724254162
-0.0364483089497031 -0.292183201216018 0.051769833891114 0.0491409681521204
-0.122379482853495 -0.260312855874376 -0.0444561162975115 0.17693499569353
-0.262130465058841 -0.123586495100096 0.104615299746858 0.252304120799335
-0.258706078688211 0.0566264934873035 0.225281984337742 0.134272526370228
-0.109972684294208 0.186451522392451 0.20461880783867 -0.0645881021856851
0.00915376719141325 0.169879703742494 0.0810830842822691 -0.109650604752507
0.0784877687366519 0.148476247668261 0.0067754426573417 -0.0789277274111706
0.118641274623899 0.116527890419588 -0.0224109929166478 -0.0239329375672854
0.124889246421408 0.117583270255123 -0.0264914191365498 0.0110428722672908
0.0598293604134054 0.135366780192006 -0.0410251625118099 0.0363987309763311
-0.00102515920114427 0.16298817895538 -0.0900322262619735 0.0294599015471386
-0.139399195713783 0.144295673861975 -0.117829695429975 -0.0178463852450851
-0.229183719516048 0.032777045013781 -0.0835644067999138 -0.0883134102253934
-0.185890552234028 -0.143625692965649 -0.045044233460939 -0.101095070167033
-0.0869942429310224 -0.272879005048785 -0.0495160947008144 -0.0181520876055085
0.00206839646928579 -0.269417573518128 0.0407456858646184 0.144192600622407
-0.0749661556566443 -0.273682978140887 -0.0584509210558179 0.224620053938606
-0.236646577595593 -0.166176630517368 0.0549167941214929 0.274579784005947
-0.266760285259419 0.0173994720993112 0.174784749730025 0.181645608515831
-0.131138707842123 0.173841348992762 0.181909717905846 0.00518679783922289
-0.00105018778329078 0.170391216434976 0.088985211126471 -0.0397628045766622
0.0703649088688676 0.150422937545613 0.0397880046503394 -0.0222297852807588
0.114598768698127 0.120122212358392 0.0208013825866799 0.0163315114731261
0.124046507904682 0.1172002776173 0.0144129485607472 0.052724545808957
0.0635320548692152 0.134873144054076 -0.0107905630304705 0.0808813076596427
0.00236845235991224 0.159654328940268 -0.0757080048896928 0.0731813046705386
-0.13623241561124 0.137630578133649 -0.115711902079946 0.01753044585237
-0.21820722302176 0.0199190136944818 -0.0891772990759786 -0.0624683762709033
-0.160458698086687 -0.147035397262023 -0.0287002079646768 -0.073512565886701
-0.0519191267523526 -0.25304927661929 -0.0308096839735457 0.0536477807791632
0.0328269113636564 -0.19541328713897 0.0276657441114497 0.216277748988149
-0.0210188091275832 -0.227074301585151 -0.0648804903743343 0.251227329984701
-0.167216721948183 -0.163159942168484 0.0101311532931803 0.265470825800023
-0.217955113646805 -0.0143594842287892 0.116315194302008 0.198973929368058
-0.119578530901398 0.132211697238342 0.144489552423501 0.0624407259199127
-0.00595594172257885 0.140765605328111 0.0882728616831764 0.025421254918995
0.0557389261377157 0.127035130095579 0.0676255944529395 0.0308188669078064
0.0940425552466835 0.103808748816146 0.0580460059550013 0.052959233271704
0.104736262316911 0.101964881001667 0.0511913985805357 0.0904913678490583
0.0556892892567065 0.119581022072393 0.0140168334654295 0.121076898797113
-0.000718791472804428 0.139810703944956 -0.06568648358411 0.111057338937452
-0.126170543417923 0.107763635993409 -0.115508924730423 0.0437972341799405
-0.186278249529636 -0.0044461104629391 -0.0925054086102566 -0.0430873412921735
-0.112935938347879 -0.142967338850312 -0.0134578717272911 -0.0497387827398347
-0.00383532549314919 -0.203773200629483 -0.0183278324655992 0.116170958893362
0.0540271278874668 -0.0859402744868758 0.0221403760255475 0.252222418655848
0.0251142593447217 -0.135228671041314 -0.0552536932061826 0.252174130493702
-0.0817391166625557 -0.115340735831658 -0.0160729325306084 0.235447502513267
-0.133455825941529 -0.0275090669523602 0.0715288784388993 0.19305846588994
-0.0809612272222078 0.0765200683756202 0.108619556584825 0.0986423352503778
-0.00568592524347196 0.0905334897542801 0.0857870826585802 0.0705406661983487
0.0341537879579843 0.0815258802168531 0.0865960620634205 0.0696222836780834
0.0598928728433702 0.071604664677814 0.0874923379504554 0.0804948334278155
0.0698713884051934 0.0725997837772139 0.0787403826121325 0.121890940698697
0.0387386467283658 0.0907936943022917 0.0288559363548159 0.154109529418192
-0.00729275018547967 0.104684068219294 -0.0664404288390983 0.141996813550646
-0.104018027357153 0.0671582266124246 -0.12288663634904 0.0587356981057244
-0.133927915199328 -0.0283421451345097 -0.100402779618885 -0.0344954945738962
-0.0519301867552419 -0.122550167077564 -0.00414076769771697 -0.0313049756868324
0.0449507735260203 -0.12920061096044 -0.0180454321755884 0.163907635389666
-0.0608140487593288 0.0296613365681728 0.000318745105652425 -0.209336924278904
0.00503466578849824 0.0732021192165581 -0.0291453545541108 -0.0022485764224332
0.0579176867127784 0.0437616933596327 0.113506436424874 0.053678728360112
0.0560615454224037 -0.0225472924429393 0.161537123770593 -0.0625084766595902
0.00640920975859872 -0.0456681359489418 0.0989514163485486 -0.176044773289473
-0.0109173044701792 -0.0289941839625132 -0.0165538205336618 -0.211502453030877
-0.0105521994523491 -0.0298638135233868 -0.100117242434391 -0.159286859503571
-0.0113340048744967 -0.0304718235383698 -0.119106800174451 -0.101464586960507
-0.0025071418769788 -0.0266716017150568 -0.109655842227324 -0.0906507511857388
0.0114265681653162 -0.0168558863078327 -0.101348474370629 -0.0978991463405001
0.030042047182288 -0.000917677882641313 -0.098187876065398 -0.114511008872882
0.0332077244264639 0.0351897389439102 -0.0610564682456999 -0.159836468790981
-0.0141666215877221 0.0685619841676931 0.00741137633286073 -0.200992112461482
-0.0697381145316405 0.0349949295765825 0.0075277485720556 -0.214349859224755
-0.0848412325074545 -0.0150673638187358 -0.0576075158002784 -0.248091042930313
-0.0919020194260429 -0.0777225073578537 0.0212502560036793 -0.188118827580654
-0.0674724558631286 0.00210396751417606 -0.024742297164055 0.0194807776978078
-0.039145635045593 0.0383531894769188 0.13765450725012 0.0855193507685155
-0.0117230393631956 0.0283890896834323 0.20012799590704 -0.0444178656211661
0.000172632751274373 0.0242264726811847 0.129643873555624 -0.190080748928718
0.0110661670294656 0.0256567362925184 -0.00149587486041059 -0.224894794646635
0.030661528158747 0.0220715317037899 -0.0945897818222468 -0.168966440951854
0.037344784380297 0.0150333269921616 -0.118584500845406 -0.102121318938433
0.0385070017607094 0.0252785270253402 -0.110946126117916 -0.0857449502270048
0.0158758149665676 0.0426512830424568 -0.100416464738988 -0.0842543188210161
-0.00087181354191393 0.0585848015159554 -0.102423137465748 -0.0975887670027398
-0.0477709282916481 0.0594910867285149 -0.0791445256567048 -0.136248548213962
-0.0990069200491242 0.0349125475645516 -0.0180908882016015 -0.180906488071063
-0.11320868423982 -0.0501095847238888 -0.0246148672301794 -0.195989864922754
-0.0987014852050536 -0.127062132994509 -0.0722204031561432 -0.222563140470026
-0.100843691516263 -0.181383794952072 0.0402034820895726 -0.133994952227141
-0.125139444834308 -0.0920559216238943 -0.0237831572805842 0.0623522130180366
-0.145028364455661 0.00839760180709149 0.153726981221228 0.137864842425998
-0.101828150029529 0.0722811976749755 0.238472871273881 -0.00344096780896105
-0.0224330842100592 0.100954054661218 0.166037140660817 -0.180762668539224
0.0247134212253321 0.0859073841175884 0.023261056034804 -0.213968782796747
0.0640121559384707 0.0749727250171895 -0.0712484665092267 -0.159242169011836
0.0808301108652147 0.0578353313027889 -0.100334269014193 -0.0862979523116058
0.0798609466143166 0.0682114187741955 -0.0967534623979527 -0.0619443958836927
0.0302039284019568 0.0906208069183142 -0.0917771663290016 -0.0503977127828155
-0.010591765387815 0.111231876307182 -0.109451775167495 -0.0609218882679711
-0.103601992037699 0.0993479314885031 -0.103656095624594 -0.101036130517575
-0.172249740437134 0.0302627114221554 -0.0517071208387773 -0.154664598892762
-0.159708752330117 -0.103286510171866 -0.0508946438571211 -0.166802902634984
-0.113595642825937 -0.211978073532391 -0.0787011813573719 -0.167605309916913
-0.0863945600714961 -0.260937105030911 0.0527684535567698 -0.0506422944213329
-0.152701722577005 -0.189853091793133 -0.0275315707099556 0.121802175356858
-0.234790157804056 -0.0461262144295031 0.149820978085052 0.200367307865587
-0.195655676133371 0.0892931994706269 0.255981403326845 0.058913858323534
-0.0600837741518534 0.165980459343004 0.196619543716822 -0.142254660780985
0.026902528969543 0.140643893372957 0.0532363787690496 -0.177292825874501
0.0842182462688267 0.120364108865946 -0.0370171175036588 -0.128388989461387
0.114074831226165 0.0919724699282398 -0.0669169597157916 -0.0589637542129239
0.115206203714836 0.0972363753920444 -0.0676885207410929 -0.0265877256910244
0.0517358602676491 0.122151208021715 -0.0713008514415532 -0.00636358279305693
-0.00315392183381834 0.149651113815627 -0.105821069200013 -0.0135152044537565
-0.129786091006268 0.138682200078779 -0.120516218896561 -0.0564490341413019
-0.218009502228815 0.0422596594483933 -0.0788454597970648 -0.120779993267432
-0.193650616466989 -0.127967709181241 -0.0593119559545689 -0.13282878004478
-0.119380019360993 -0.261713045293936 -0.0712180918783915 -0.0943361655871573
-0.0527059134909266 -0.296998681163288 0.0541121523759449 0.0507007782662867
-0.138432651536593 -0.260906017362932 -0.0380099023466846 0.184779412216264
-0.273689452429745 -0.113510418829598 0.117921971000222 0.254126175718597
-0.263437254782019 0.0720507468526251 0.237942841039126 0.128148721621012
-0.101891194103557 0.197130538556255 0.205418421106177 -0.0774970731442691
0.0188371643383921 0.173928931792015 0.0776077347760339 -0.115662539182617
0.0893309365984376 0.147808350243839 0.00270648936599501 -0.080496867693551
0.128635122791738 0.111699662851557 -0.0238715647036971 -0.0223237008392938
0.134649690856358 0.111019380329402 -0.0268732462973103 0.0142241941605419
0.0687097781392658 0.135812066514414 -0.0405847749157816 0.0402670390890488
0.0082238070092836 0.166416698878833 -0.092391752175904 0.0364128595674495
-0.136164178752384 0.156204160225913 -0.122895513284396 -0.0124313077696571
-0.233136194283711 0.0472103875281815 -0.0917352875819994 -0.0879882584465683
-0.198032153424849 -0.136814098471891 -0.0511773173612632 -0.101297931904057
-0.105554708154195 -0.275089510807404 -0.0509931754064508 -0.016362845197334
-0.011591097893583 -0.274722737446084 0.0469595527363303 0.148613267925398
-0.0899451907310582 -0.278789548866383 -0.0507262070751635 0.234615616125226
-0.249525526217188 -0.158027792811484 0.068247210847813 0.2798878010856
-0.274060514775242 0.0307658879872828 0.188326882741218 0.179562180657812
-0.123502002365084 0.185185125447682 0.185841241031707 -0.00484152446105582
0.00803439902166274 0.175169039888754 0.0897490649886298 -0.0435340496415383
0.0813531033135905 0.150676481587573 0.040890175104715 -0.0248496289118651
0.124883615616679 0.115143696806502 0.0207814274217197 0.0164111282592588
0.133739269513018 0.11140149046514 0.017372681013212 0.0536505698349679
0.0728421072962172 0.134339175366556 -0.00653968341340302 0.0838566188667922
0.0110528230196598 0.162832486201268 -0.0746282588552443 0.0807395172689107
-0.133353087691225 0.147402113608585 -0.118980134574785 0.0250271067116383
-0.221637680469063 0.0331615302620425 -0.096233021983157 -0.060603117534928
-0.172096061036245 -0.142340876525283 -0.0329102203971576 -0.074199039116351
-0.0686240133467931 -0.25618320687509 -0.028405971246888 0.0563901863975442
0.0234114736373237 -0.200787383598917 0.0377163604051182 0.22253841590927
-0.0321583283570233 -0.232282689415808 -0.0555086362074476 0.261952449568357
-0.178659761332735 -0.158885435623331 0.0214990119135512 0.2725028934801
-0.225419507605853 -0.00375829416434945 0.12935497120858 0.200033137286849
-0.113719518258548 0.141425651409714 0.150714458273056 0.05647116584653
0.00154790667839287 0.14320781078037 0.0931210969152349 0.0222709704412392
0.0640603115412106 0.126906397472466 0.0713265417087283 0.0278085962230512
0.102114732129976 0.099384552011844 0.0621431835884919 0.050942375234992
0.112983413933712 0.0967339452856934 0.0568543516220485 0.0894743395979646
0.0640965446483996 0.11946268260073 0.0216329429412833 0.123760764450434
0.00661390452612686 0.142690557266582 -0.0616900267072799 0.118210982564808
-0.124138639036079 0.11783416661802 -0.117491061227603 0.0511985336644463
-0.189756255984249 0.00636725281441465 -0.0990763737346097 -0.0403841829716318
-0.123086704256966 -0.139782441805941 -0.0166632614423032 -0.0503877295748594
-0.016374312298004 -0.208806957216589 -0.0126173298097825 0.119702880657655
0.0514611836223281 -0.0902590949114885 0.0325032876158775 0.259005134519312
0.0193911372553972 -0.141134886497351 -0.0467530232012218 0.262172416711593
-0.0890582701448654 -0.114059648511182 -0.00578567168425172 0.242453443846553
-0.139098367239766 -0.0216640485285226 0.0839539969532765 0.196470241657467
-0.0786031070330227 0.0822310292523234 0.11826772108856 0.095380186851499
9.46276289419973E-05 0.0903647033464235 0.0922065136087682 0.0684151773769468
0.0395874906432887 0.0817734170910031 0.0926129256015662 0.0662922960586618
0.0657826057210093 0.0686604958657434 0.0924734572989753 0.0773748502238479
0.0750293955994067 0.0687107184851045 0.0869599360739391 0.119647471377641
0.0454078064831392 0.0899434976968976 0.0381968304394475 0.155568639626936
-0.00175376606599485 0.106965361726452 -0.0609035327876837 0.149374022541118
-0.103108724602227 0.0746388996623848 -0.124646389923657 0.0673178730399529
-0.137442237808147 -0.0215169609011226 -0.106145959083746 -0.0305238085206094
-0.0598369696614836 -0.121910900028616 -0.00574484805941614 -0.0322470673528757
0.038460482922962 -0.134233533320541 -0.00889214182343689 0.168995926575326
-0.0575578163409068 0.0352870514428751 -0.0319059458250232 -0.207681825764366
0.0169054520203541 0.0704891883685915 -0.0317666420691244 0.00269200662591581
0.0661246897456846 0.0323529796034704 0.117934257966827 0.0376308009898471
0.0532219046367028 -0.0349978830731318 0.149980795102456 -0.0834304455882823
-0.00179532338939074 -0.0497955804883818 0.0717255124136828 -0.19053618123788
-0.0184903026772141 -0.0312423099799036 -0.0501487285767217 -0.205766648835072
-0.0185424653015513 -0.0293487253794946 -0.123127034054049 -0.139517641242191
-0.0183313595519303 -0.0273548243078522 -0.131140408772173 -0.0809730243024253
-0.0087144178075864 -0.0252508066318007 -0.122673851445451 -0.0731783739067182
0.00804450573944726 -0.0173695966222686 -0.115822834150172 -0.0836749471561061
0.0288420199533288 -0.00447185488228619 -0.114319030043314 -0.100357916482593
0.0358631421600775 0.0314451276143502 -0.0812864187292873 -0.152106677160238
-0.00622085732431043 0.0706787760539031 -0.0166544372489272 -0.205482712525523
-0.065251416210197 0.0465695240390739 -0.0163167077872015 -0.215248532715192
-0.0880119022505952 -0.00268687104302163 -0.0850395730884414 -0.237700960687895
-0.106844228991522 -0.0650948169804648 -0.00236461957151015 -0.188003376011852
-0.066683044599938 0.014003898035692 -0.0200524504111969 0.021179007961408
-0.029918745976699 0.0446319757480768 0.149549837106492 0.0614263921577815
-0.00377824813212493 0.0284595556233147 0.190729495569034 -0.0766929545002057
0.00466884921891784 0.0191142033075676 0.0970034716127314 -0.209665528467598
0.0115650620157505 0.0186725796588599 -0.0398759890787923 -0.220249865803786
0.0323765357411548 0.0154301434235672 -0.121430475228061 -0.152140593323249
0.0366432783694414 0.00957924295085928 -0.131272922715288 -0.0799110672766099
0.0407861650215162 0.0188288538582271 -0.123469018522047 -0.0673659700936723
0.0221830851739414 0.0421500081511745 -0.113565312518848 -0.0706303731646584
0.00762469605039725 0.0589369398467307 -0.116397465552531 -0.0831593501057983
-0.0409019155655454 0.069124934758917 -0.0943646225550378 -0.127471635926792
-0.0957137963879865 0.0506232499523626 -0.0387053617086445 -0.179912534507463
-0.120732682902065 -0.0312242436952907 -0.0486935458091482 -0.189821026497396
-0.117908888486583 -0.112679746824579 -0.0983907407544905 -0.208726539097389
-0.133146401320531 -0.164350494757733 0.0286169450019338 -0.135612562715089
-0.140145353000102 -0.0671569470037307 -0.00690857659514951 0.0626400612089765
-0.138464743832588 0.0342796073383746 0.176482821860378 0.105997211140069
-0.0839648680532526 0.0882275819041868 0.235943303391141 -0.0467551219027854
-0.00379619958860987 0.0980580213583724 0.130951341758638 -0.207893143807738
0.0351882093879986 0.0763656651138598 -0.0140628845979923 -0.214499171219495
0.0757928992663875 0.062883758503621 -0.0994104472542624 -0.147864041848412
0.086803931402763 0.0445972080613973 -0.111410027946876 -0.0669138066354099
0.0890687099616703 0.0541667034470972 -0.105953516016072 -0.0454926424172341
0.0454161315136769 0.0878976929815931 -0.101124474101047 -0.0385086625813477
0.00726314128907871 0.113074830677585 -0.118895385553707 -0.0467262706423493
-0.0892580772299097 0.119269093195902 -0.114158765359307 -0.0899744293579648
-0.167200128182612 0.0582299293318791 -0.0678486367643559 -0.148228814040614
-0.174946329781404 -0.0776422671698223 -0.0720563457391008 -0.155524605985867
-0.144678567904812 -0.19525899321012 -0.100826773560776 -0.151588501395318
-0.132255153179655 -0.244655439504079 0.0564662138973513 -0.0525862005737871
-0.183572252058877 -0.157688515659182 0.00322976822260991 0.122396906252218
-0.235533675579657 -0.003597143498861 0.186844949473594 0.164519661812191
-0.174416058621235 0.122889214742165 0.265287134610631 0.00823813545017907
-0.0294692614262489 0.168749057848601 0.16413511838959 -0.176937927904241
0.0476060940203635 0.129504417323621 0.0194755472691759 -0.183213628472343
0.105259819479934 0.105569616937909 -0.06150662297278 -0.123817386734594
0.12430875575934 0.0718907349382375 -0.0750677442370524 -0.0441305507771946
0.129879860618582 0.0767654777842745 -0.0720263962439953 -0.0144246353803216
0.0716810124550782 0.115142418427094 -0.0748632657083145 0.00277300229030718
0.0208570372343826 0.149654547729482 -0.109662183451624 5.74412385587601E-05
-0.10850143760896 0.162631037931176 -0.125245465783583 -0.0446188480504436
-0.210397073949603 0.0776122759983088 -0.0898160794596272 -0.111016804511008
-0.212307756302078 -0.0960661801698933 -0.0773731243666882 -0.119660947801439
-0.15775240274289 -0.244142969226965 -0.0859518281966921 -0.0782704699202781
-0.104074044288977 -0.282893683087638 0.0746050390799158 0.0485560390561478
-0.181221684320624 -0.22932991883347 0.00503547561205923 0.186927950308728
-0.285788946202366 -0.0613624101051837 0.167888539627094 0.222247849111445
-0.243466334123736 0.119201727085874 0.261324654815649 0.0765575959476513
-0.0626099062778959 0.207237853905015 0.182922938635112 -0.116186904581843
0.0463909131855541 0.163647331856575 0.0521574241554953 -0.127354658563725
0.116566667337437 0.132590782440947 -0.0150858176565611 -0.0843064544656533
0.143099908454607 0.0884327381821065 -0.0284780676399707 -0.0150722105313843
0.152621704432052 0.0865775345653442 -0.026229787064928 0.0194907438933813
0.0914674365394278 0.125296086216583 -0.0373209964661095 0.04461081195024
0.0346659932651915 0.16376001220367 -0.089419045611777 0.0472719982176694
-0.110227079615045 0.181705233796091 -0.122492968813756 -0.000498255282640611
-0.222935870288515 0.0852716440846325 -0.0983463345125149 -0.075564142170615
-0.218569346800294 -0.105312222784077 -0.0654690702871903 -0.0884595400394027
-0.145582656908763 -0.259671700265832 -0.0573062793491214 -0.00398645619922141
-0.0594050888777364 -0.267373077960543 0.0797577900622062 0.147196195230558
-0.136857410170333 -0.253590619674001 -0.000329222891198166 0.242067404335247
-0.2691799575457 -0.109862184689156 0.124039981511883 0.257432628366075
-0.26125287726549 0.0831831997001412 0.223208021235106 0.135438364708164
-0.0859939727731381 0.200880239109183 0.176228291761773 -0.0418079437180416
0.0371295389932336 0.167139365067632 0.0769463865059002 -0.0581217948973637
0.110642760048336 0.136441699147725 0.0310133031961888 -0.0351143831221856
0.139845642560073 0.0926623694693355 0.0209982958860496 0.0158545472896774
0.151722441283605 0.0861743333066477 0.0229022545083554 0.0519164156322528
0.0961503272771219 0.122185701835296 0.00215962113355656 0.0836795835388535
0.0389866977272869 0.159242592067324 -0.0660942422027809 0.0884873428469159
-0.108514139343 0.172777091924373 -0.113833271036227 0.0358822509759824
-0.213494472686904 0.0694997571940338 -0.100048259031184 -0.047602797171829
-0.193165195732564 -0.112970242649789 -0.0449210052273008 -0.0638577512464289
-0.105518507788346 -0.246280578506477 -0.0258765764378378 0.064739243680073
-0.00936541380632696 -0.199355643523942 0.0775118662831035 0.221388579121701
-0.0712927714259002 -0.218594855593188 -0.00474164232338852 0.271654723910753
-0.199902342800192 -0.121655334181823 0.0740095572596819 0.260955915106102
-0.219683691103695 0.040004559104353 0.166703848498537 0.168217961443309
-0.0843898578753181 0.157809944123222 0.152750933714123 0.0250125545853318
0.0277842930046724 0.138668540336371 0.0914607693883449 0.00659257117364166
0.0891193518445232 0.11538222422496 0.0711853849294945 0.0119307536221141
0.11723164625662 0.0811316725716134 0.0659512126978593 0.0422305578862167
0.129302102431781 0.076185700135117 0.0674660275531965 0.0813637941125588
0.0848732052154962 0.107328073756986 0.0367717959585413 0.118082016672174
0.0310221803553212 0.139597138499408 -0.047391359928882 0.124297575500225
-0.103875398166538 0.140518961930883 -0.109108232962888 0.0631613989807686
-0.186161666979244 0.0375992630270084 -0.101221346751599 -0.0269362738598432
-0.143616920405689 -0.118560177479324 -0.0259483054057011 -0.044562593485129
-0.0458642881738427 -0.205907346840582 -0.0026180138312193 0.123495550720845
0.0381894386380679 -0.0936690662488806 0.0728964521141894 0.255458817423327
-0.00442237488163903 -0.137305581128175 -0.000536539726505955 0.271095701656092
-0.104023388109324 -0.093709944119518 0.0374478917468057 0.239425257415721
-0.137637438662653 0.00720271729549815 0.119643631812904 0.175426243157243
-0.0592262032577828 0.0946803108915359 0.129090483923301 0.0721850049766341
0.0177095696580751 0.0871917993386472 0.0994500059838541 0.0521213976823873
0.0561632029116708 0.0745364385052678 0.100348620575826 0.0478705841960593
0.0765870636958761 0.0564105299532924 0.10020129293357 0.0622052870424536
0.0882202259735153 0.0557581370819301 0.101509142424171 0.106020108692107
0.0617272677981804 0.0815797907528349 0.0579466807076474 0.148295454822849
0.0171733107801521 0.105499902921385 -0.0415782229774539 0.155101894823588
-0.089827025965183 0.0934830028225791 -0.113830244896668 0.081832775075301
-0.13848002427273 0.00177577496590535 -0.107697622305731 -0.0158069839686645
-0.0777977571337198 -0.1107620259178 -0.012718028455868 -0.0290631597733175
0.0204690960394868 -0.13918260801621 0.00797687514506473 0.168242323309869
-0.0553433216176163 0.0356482243393964 -0.0382917044223018 -0.203613188912266
0.0181866690247076 0.0684826952553515 -0.0313372358925358 0.00420999990552216
0.0651610987916403 0.0297941476858294 0.120005474785872 0.0343589469436116
0.0507266535872613 -0.0359515170157219 0.14639610190753 -0.0863978105401671
-0.00330622823015735 -0.0480074876158039 0.0644076753382561 -0.190267047803937
-0.0207745703282025 -0.029965480491592 -0.0588138789729461 -0.201603112037603
-0.0188946112716885 -0.029119296361101 -0.127214382206089 -0.133447716752413
-0.0187088617854132 -0.0259266233106559 -0.130691077046841 -0.0747815741979088
-0.00972340528243416 -0.0241248696289031 -0.124162025775706 -0.0671122086399442
0.00760912366114747 -0.0171016706809985 -0.119113171238441 -0.0781283306719674
0.0281901026712011 -0.00550796495828694 -0.116163874884675 -0.0951853627822364
0.0360306410900733 0.0295304904716412 -0.08393429768351 -0.148195769687575
-0.00404775912627696 0.0696078108588484 -0.0224759966866844 -0.204428204621178
-0.0613047790056571 0.0468878403279482 -0.0206447073361151 -0.212788271925558
-0.0857786531251072 -0.000107326406661687 -0.0891784213066634 -0.233185186179611
-0.107860896447828 -0.0613112705723867 -0.00785284957841437 -0.184931661247979
-0.0666566780134455 0.0151871149694091 -0.0189364755081609 0.0225043919983305
-0.0291577056576198 0.04437796756029 0.150101876631118 0.0572985726786347
-0.00329828672611774 0.028587070709301 0.187585412641309 -0.0801497724753213
0.00531014555997346 0.0198972534519973 0.0881303627138428 -0.209998408980506
0.011716343844509 0.0185215122094299 -0.0482742063195951 -0.216747474085137
0.0331379407236319 0.0135231933790532 -0.125598642836768 -0.144674460955754
0.0369738237098101 0.00811942779980629 -0.13013780050128 -0.0727431656558837
0.040411840890483 0.0174003375858741 -0.124480840887142 -0.060052987238767
0.0236717105034522 0.0411445147524147 -0.116770012641089 -0.0649551740617932
0.0100585679104582 0.0580847184392626 -0.118967785441888 -0.0783058488595943
-0.0387556137311377 0.0702938297927408 -0.0968549697603528 -0.123789201391838
-0.0929512088094159 0.0526918325633912 -0.0440824186001117 -0.178396852499892
-0.119301953685619 -0.028105547409761 -0.051974077015951 -0.186921952026682
-0.119259822567825 -0.107641547130904 -0.102008316257587 -0.204479044533931
-0.137015116595508 -0.158422285198389 0.0248911213735444 -0.133143859749218
-0.141726550214469 -0.0628449240307549 -0.0047414249266848 0.0630383961286392
-0.136087645656069 0.0372251227293022 0.178098069985531 0.100665019167291
-0.0815091373958146 0.0900783097516928 0.232539335235157 -0.0520690236261527
-0.000470922214811143 0.0973668615778252 0.121702270711641 -0.208854831741815
0.0373178432858073 0.0747485582821159 -0.0226003032233614 -0.21186234933552
0.0785576447378173 0.0588554101558077 -0.103532592080469 -0.141420161636937
0.0874207627965351 0.0401380702527985 -0.110987003638461 -0.0609476418243509
0.0900124078574526 0.049497485324705 -0.106806068213936 -0.0393219375112153
0.0486060045316611 0.0857446378828401 -0.102358998755496 -0.0334129671913347
0.0112384246520197 0.111566100090438 -0.119584420425708 -0.0405297310028513
-0.0845322470213724 0.121848381617703 -0.116294051206836 -0.084496838280322
-0.16333707182132 0.0633070821473603 -0.0721363084608406 -0.145634944022691
-0.175358828049185 -0.0716364467784291 -0.0744646821760962 -0.152287258013782
-0.148503935030033 -0.188489454830338 -0.103803380222431 -0.14730486082391
-0.138300959946324 -0.236844232337858 0.05484015335565 -0.051665415026993
-0.187137814621055 -0.151126871952592 0.00637953551289153 0.121217120531822
-0.232672499727712 0.00252115223808643 0.188601494794622 0.15906848066134
-0.169793966959975 0.128120904104296 0.263798240935902 0.00126955165388187
-0.0233990395347289 0.166965987505766 0.155125018788751 -0.179466427956129
0.0509986237829181 0.126934595759136 0.0125633035501596 -0.181544182290763
0.109187213765566 0.0998860782977792 -0.065522253362969 -0.119117584834222
0.125425291153825 0.0659006436437003 -0.0745315059520993 -0.0401278157891212
0.130217915048246 0.0691530088252664 -0.0721407802269197 -0.00996260518080125
0.0756995187559456 0.112097412326689 -0.0739334713085853 0.00615427782016665
0.0259332137572455 0.146824949406881 -0.109081326864329 0.00516415658663721
-0.101849221411176 0.165295144398645 -0.125608610143947 -0.0390793931726542
-0.204661598096757 0.0843180380545368 -0.0930759014527409 -0.108385427840544
-0.212402791678572 -0.088514159630523 -0.0791040888240912 -0.116893411708603
-0.164030254680097 -0.235445432818099 -0.0865581179833175 -0.0751483979701574
-0.111240127088133 -0.275983328421563 0.0754989648353476 0.0476274779228313
-0.18696972540021 -0.222215416243429 0.00989401106142204 0.186658754823154
-0.283149383166181 -0.0532270941177316 0.170319687925415 0.216579072500331
-0.238372993928978 0.126810012791703 0.261993405911662 0.0694772032238381
-0.0552839885858212 0.205960846299412 0.17565163791437 -0.119711913625291
0.0513282580376541 0.160353596852594 0.0485610228943405 -0.127282803183695
0.122008348198638 0.126343875393009 -0.0183688028623651 -0.0817684835997755
0.144945523729626 0.081582792484291 -0.0272115986427269 -0.0128476436977015
0.153052158435382 0.0778231717758407 -0.0256895021047228 0.021454400821784
0.0957590672439823 0.120878060244328 -0.0351236296701525 0.0463388419531019
0.0401137477878751 0.159946009543457 -0.0877166840000296 0.0513206567977644
-0.103172017994382 0.184636482705879 -0.12209310928717 0.004428209696879
-0.216768332236613 0.0920836504242813 -0.101364160526703 -0.0729265021503813
-0.21855979103724 -0.0958808816590202 -0.0667198405430252 -0.0863314727826761
-0.151962055083241 -0.250644590014319 -0.0558811649470492 -0.0017291110788977
-0.0660909507587784 -0.260686810213995 0.0830375294046861 0.144704415795203
-0.142604293706877 -0.247921447535965 0.00634957341029532 0.240403630735117
-0.269257275322312 -0.101307058275105 0.127812178347134 0.252431325645189
-0.257001217385918 0.0910514284412365 0.225092642276005 0.129157296159906
-0.0782766565331976 0.200360293379227 0.171068256624305 -0.0466877011436345
0.0422721264903608 0.163124175659763 0.0756797575701194 -0.0597191660240656
0.114361621830798 0.130314751297258 0.0295762723591936 -0.0360654377637615
0.141711473705678 0.0850135274336737 0.0218729596915903 0.0149855783096521
0.151814380464354 0.0777303839227546 0.0237732381299411 0.0517841323595082
0.0998797723033685 0.116653039430371 0.00507693889399207 0.0822636370917768
0.0429644478809619 0.155727181967271 -0.0624713864601069 0.0908771214956104
-0.101110509167773 0.175297393718672 -0.112322426694892 0.0404507153366857
-0.207774557497202 0.0754956183390167 -0.102222021131989 -0.0444151462936468
-0.193589898417899 -0.10505140552243 -0.0458140558172841 -0.0629238205210974
-0.112998886744395 -0.238459635926735 -0.022712444989543 0.0648107888361932
-0.0150695085690652 -0.19601867931431 0.0827255189051491 0.218617076138212
-0.0768329787802727 -0.214961931657917 0.00274708828129499 0.269132372131385
-0.200588526837193 -0.114671240029126 0.0796242150855927 0.256918326624926
-0.217477997553773 0.047109513457685 0.17104043748649 0.163001156807433
-0.0767618886765099 0.158103828983061 0.151257624081777 0.020337092044825
0.0319606535750458 0.134661072306345 0.092003492546693 0.00345902734903614
0.0922680442204781 0.109828114289198 0.0712522069064636 0.0093183627944301
0.118690660068931 0.0745719502108444 0.0662506027893823 0.0395990758356838
0.12968338235889 0.0685448340297037 0.0686992267482982 0.0779378307057372
0.0882765665923328 0.103029064899816 0.039745577485228 0.114641966626003
0.0349338765676135 0.136043704715403 -0.0431490393525919 0.125779606026419
-0.0976740659182297 0.143654960459554 -0.10688339125476 0.0668724309431445
-0.181178584861889 0.0440753359709665 -0.102629078164624 -0.0229781987900086
-0.144749548743132 -0.111490262443281 -0.0270608006650125 -0.0439435431757432
-0.052674095946224 -0.201408418665937 0.00163886038889362 0.121903350657788
0.0349220162568388 -0.0934222841920991 0.0784733117825728 0.252369585541152
-0.00847382294960474 -0.136361399763699 0.00589781716415801 0.268517225535806
-0.104762688367802 -0.0895712754350342 0.042248365892952 0.23652942742639
-0.137285771408813 0.012368148399717 0.123919661924884 0.17110284962411
-0.0542548310470342 0.0949484204703104 0.129110955428474 0.0671480556769104
0.0204440142001379 0.0841341438975779 0.101640839185658 0.0484120546889342
0.0581321742721552 0.0703124507592887 0.100524808143844 0.0425006380501019
0.0774335222402472 0.0524719099670585 0.0996220910346798 0.0578882532131018
0.0888619245713083 0.0506683848173058 0.10267106801215 0.0995516523772871
0.0633541186727767 0.0770843983326618 0.0622953684349381 0.143504463446521
0.0198926326026935 0.102938209156292 -0.0362604363864322 0.154739340209804
-0.0849707428433389 0.0970635442523104 -0.110664268527016 0.0844359791823906
-0.134870564590989 0.00687239329443389 -0.108159160413403 -0.0125865229699379
-0.0792222686993696 -0.105836767006834 -0.0130704707874417 -0.029624789761348
0.0147734222769586 -0.137817798950015 0.012719114512416 0.165579293434083
-0.0553742934261695 0.0349218132509425 -0.0396822201030297 -0.201828253740639
0.0181441348967415 0.067185575656139 -0.0310133141283105 0.00436461573310208
0.063043609107544 0.0293836130837355 0.12128054368536 0.0345498168864738
0.0502224178992695 -0.0359740738208681 0.145964633727387 -0.0866845804655688
-0.0034698260303244 -0.0465568699157333 0.0629530219844463 -0.18960142518407
-0.0208101922799003 -0.0285612970625126 -0.0628876121473231 -0.2002017957099
-0.0198185692571275 -0.0288752801069286 -0.127946450721674 -0.13043163436198
-0.0189464693674398 -0.0248393661600607 -0.129710355598759 -0.0731324816711727
-0.00974143700531889 -0.0235328704096492 -0.123956110959513 -0.0635539612399759
0.00708548200100041 -0.016922247573108 -0.120840140749423 -0.0753040014654127
0.0285679349722952 -0.00585223298429647 -0.116629843502881 -0.0936419829518502
0.035530308022436 0.0293319522061065 -0.0833754503424652 -0.147846170326293
-0.00346973987466586 0.0689623616061263 -0.0235067365800807 -0.204727270743821
-0.060086347656974 0.0456394342967176 -0.0197619996661454 -0.21232190292117
-0.0841245534412978 -0.000813121407650155 -0.0885630897145012 -0.233619990018706
-0.107910505369673 -0.0609151675205693 -0.00890678506614698 -0.182631092395901
-0.0667599897605239 0.0156139721534198 -0.0190819499474912 0.0226045942517627
-0.030279142535841 0.0447780992293641 0.150812494059169 0.0581431156988295
-0.00461362943346805 0.02919075569399 0.187478486695498 -0.0803082246349315
0.00536074989488891 0.0199971416726732 0.0853004254531998 -0.20857854466778
0.011826385879938 0.0194775418559673 -0.0511310338994304 -0.215445305426654
0.0336508891076187 0.0119632576841421 -0.126564758971103 -0.14153635504712
0.0373506539492952 0.00749788531490179 -0.128767241388091 -0.0712516321193157
0.0404804997751061 0.0163608747178673 -0.124469966782761 -0.0564928407237401
0.024567017809886 0.0411014307309826 -0.117783692099038 -0.0619613365589632
0.0107589937689373 0.0572491602216153 -0.119136066672257 -0.0756585606446565
-0.0386683764096414 0.070789875080612 -0.0966954313932943 -0.122420296729544
-0.0925631456748816 0.0529281766484351 -0.0447757672345767 -0.178770963368651
-0.117968538150009 -0.028496117847536 -0.0514238686672931 -0.186345029932212
-0.118676903724788 -0.107119285775608 -0.101342891307595 -0.20398217058938
-0.136933604171437 -0.156633467865417 0.025315484086979 -0.131612797048326
-0.14181150515424 -0.0622397220393179 -0.00430448010804246 0.0630276990961869
-0.136322463587657 0.0374784214085096 0.17825287421943 0.100982826541428
-0.0817126245891138 0.091439803669352 0.232616890792535 -0.0520729671120046
4.37513952893966E-05 0.0972079975553476 0.118892606777782 -0.208130915245897
0.0381524431908815 0.0747356993550209 -0.0256259400381708 -0.21014309181373
0.0795327802885461 0.0575409538695277 -0.105016147349596 -0.13788066415335
0.0878616417972171 0.0383818256723942 -0.108927081868709 -0.0589610495476288
0.0894146365489047 0.0472823129622999 -0.106241756035387 -0.0356736236072528
0.0500124885411432 0.0851117208481376 -0.102929154036896 -0.0314238062284608
0.0127357852606098 0.11097038923364 -0.120123754650628 -0.0392241351282593
-0.0836741497803777 0.122860595387388 -0.116336629533922 -0.0837497438038707
-0.161979556967741 0.0641181206588847 -0.0730744532634258 -0.145795968630366
-0.17396937831989 -0.0706113176841326 -0.0731844573671695 -0.151954887898518
-0.148155617236935 -0.18723971665086 -0.103164286031529 -0.146093839603463
-0.138201074826566 -0.234725017600079 0.0554999622901371 -0.0502974389603971
-0.186809272559574 -0.149875275633352 0.00692188398260581 0.121110782395558
-0.231602194110532 0.0039838894641867 0.188496945054785 0.159953277493704
-0.169938060479118 0.129909947799001 0.264755305428802 0.00180654907268166
-0.0217725029381406 0.16660697878248 0.152102383721889 -0.178145585321071
0.0520005018623463 0.126360973006453 0.0106221301383065 -0.180900761124949
0.111499332005072 0.0974138236260643 -0.0664892802051337 -0.117200823813366
0.1261005877252 0.063336862185015 -0.0722714616437392 -0.0381080150188067
0.129428047269883 0.066185310229077 -0.0713800773287936 -0.00734404955587727
0.0772068999556033 0.110713587383531 -0.0743475048797054 0.0076922556402738
0.0277018596725494 0.145608385224058 -0.110015680332201 0.00739660232150936
-0.100353265431218 0.166558224379407 -0.125291613551022 -0.0374681397529142
-0.202137246163417 0.0855286811103712 -0.0943007570711982 -0.108489276466959
-0.211021313512906 -0.0866595690083123 -0.0781788101864132 -0.116900171035691
-0.164428845126107 -0.232729400879551 -0.085249051855247 -0.0741657103269219
-0.111714412319036 -0.272690096745906 0.0757984579942481 0.0490524571500903
-0.187151091593452 -0.220878787072464 0.0102258213248025 0.185473392611511
-0.282446546744799 -0.0510085659958742 0.170255040212294 0.216838426171897
-0.238172474749353 0.1291107076796 0.262803111863077 0.0696138109491231
-0.0525304227127119 0.204845516537104 0.172431570657497 -0.118975328436066
0.0518755185709751 0.159620861788069 0.0480014061210248 -0.126972970569353
0.12368600270773 0.123294086262524 -0.0195326725191743 -0.0805906717508584
0.145574430278063 0.0783604534413973 -0.026390274685576 -0.0114723771179437
0.152096857272792 0.074800559944188 -0.0252875792363481 0.0228964309581703
0.0969309299185784 0.119170206128568 -0.0353156765454101 0.0463390049076232
0.0416125036307161 0.158852406121551 -0.0879409892950947 0.0527004585460805
-0.101286089433008 0.185539230950475 -0.122483199382689 0.00668836211151257
-0.214288251888232 0.0933062854225063 -0.102924146917907 -0.0720028978972263
-0.217466456027265 -0.09368921602599 -0.066216869631131 -0.0862912393038307
-0.153562413029683 -0.248623108143023 -0.0548824589152854 -0.00159017764776938
-0.0660149661957693 -0.258966894874899 0.0835469148204846 0.14488000128146
-0.143883430344019 -0.246720616293202 0.00726255122980804 0.23915457140195
-0.267781730609981 -0.0998337137031825 0.127215762746807 0.252507220474666
-0.257706522584199 0.0937888019393099 0.226404468068734 0.12868589628369
-0.0755350143849731 0.199788279508635 0.169226454957966 -0.0458184500438145
0.0433810050124247 0.161464955161687 0.0758530546929134 -0.0600408255611266
0.115957094553563 0.126739750144572 0.0285793631914156 -0.0351843055326102
0.14310156932479 0.0819030621999073 0.0224288665246229 0.0152362355250522
0.151478211233669 0.074712739867546 0.0237124013921627 0.0515307877442988
0.100880567220097 0.114978795189618 0.00589092397429579 0.0816947748189355
0.0441836037613052 0.153511414129492 -0.0625405053790711 0.0920472096999359
-0.0994825439069072 0.176693629609802 -0.113629497368267 0.0414473736991701
-0.205155643840387 0.0774139709474159 -0.104000391465163 -0.0440529797347786
-0.192855105581082 -0.102616398467144 -0.046174026621168 -0.063060916933888
-0.114254434999378 -0.235679823316174 -0.0220022969339316 0.0641307164079509
-0.0152092227080532 -0.194226780321313 0.082853051422434 0.218549316657866
-0.0780213721127088 -0.214127861553773 0.00294981782892155 0.269075879071177
-0.199908686453646 -0.113435370361078 0.077972903441562 0.256745359022364
-0.217021405674737 0.0499878051358395 0.171784542512569 0.162044670521102
-0.0748746456994202 0.157172723747402 0.149251490914393 0.0202005516746369
0.0322824032702992 0.132118712696703 0.0932371368983112 0.00288207031303424
0.0935092795210721 0.107766360447227 0.0707384668320323 0.0082499519583145
0.119293001062234 0.0722732165650436 0.0662516198175296 0.0390356045159693
0.128729082953232 0.065603472648809 0.0677979497061025 0.0763466836773993
0.0891137069373575 0.101243446575105 0.0406219882199084 0.112801557692627
0.0358523515378269 0.134590776053948 -0.0430075052267005 0.126132048591487
-0.095299644293342 0.144285154497213 -0.106803998035098 0.0677989777381688
-0.179197450805566 0.0447982798715525 -0.103097797388116 -0.0231174834725274
-0.143731549189407 -0.108993854749876 -0.0266789646542691 -0.0441924176822188
-0.0540146818925364 -0.199370538282036 0.0030275062342175 0.121009837306251
0.035709993236528 -0.0932834261983103 0.0775643413501569 0.251695435381772
-0.00933401714061508 -0.135449914773598 0.00672764563081925 0.267950783408923
-0.104293245893672 -0.0884581093774733 0.0416918203595665 0.236740530646049
-0.136276329465249 0.0137380721273726 0.124190870676181 0.170063319122062
-0.0531034012830437 0.0944306025010474 0.128979798284498 0.0657566961183372
0.0205355478942244 0.081748079622096 0.102815795538282 0.0470775330450195
0.057776497415594 0.0686364313141637 0.100944089356118 0.0412510839195128
0.0779134591914983 0.0506560646647041 0.0994667566553852 0.055734765166079
0.0872233764580715 0.0484005132141812 0.10149926188297 0.0979737243179289
0.0646132362826987 0.0756403052392208 0.0632323468966809 0.14017332304308
0.0214165668896593 0.101948949107775 -0.0352717217586934 0.154395318212419
-0.0834255340513914 0.0974131720495391 -0.111415426485565 0.084970956827962
-0.133320939710618 0.00768641849029156 -0.108657800120186 -0.0123382752620257
-0.078862136825972 -0.103430414666766 -0.0137656272577078 -0.0301618662402795
0.013649755117258 -0.136532283659988 0.0149729300512672 0.164386537089458
-0.0571630585655562 0.0343474662784609 -0.0388784495001025 -0.204459243063829
0.0176923123530158 0.0680565106106357 -0.0328800664610511 0.00470357088146482
0.0636747900908728 0.0314932527784049 0.124731281234233 0.0368215512969223
0.0509877515934756 -0.0363472255864281 0.149882831230376 -0.0858692512200712
-0.00344238726317498 -0.0459351392187753 0.0648387591962446 -0.192587512183096
-0.0209580228835389 -0.0278055385124573 -0.0646455693193851 -0.20317130975729
-0.019876214304547 -0.0286298248150297 -0.129309497928767 -0.132688832494642
-0.0190687284199103 -0.0254770001051763 -0.130776570580626 -0.0752098209168173
-0.00966936348573662 -0.0234282281911886 -0.126215474297673 -0.0639778518619068
0.00772824877426263 -0.0167646940600836 -0.124107104701652 -0.07654084994742
0.0290028548983369 -0.0060582159174086 -0.118069595596115 -0.095399239897605
0.0351862658753275 0.0299904148672372 -0.0827236541599393 -0.152132644206816
-0.00436227385609854 0.069907462201125 -0.0215965107894174 -0.210265680649686
-0.060536186617925 0.043315592770386 -0.0166752925949342 -0.215751728844322
-0.0852381556017571 -0.00284446728343391 -0.0859149503436183 -0.240320132656149
-0.108905188546898 -0.0631431156364585 -0.00676278064407015 -0.185154596026036
-0.0682146206698401 0.0143691876407502 -0.0204205805687997 0.0228029091924964
-0.0314512307957173 0.0458923219752275 0.15405422798701 0.0604399542239641
-0.00573053555981105 0.0304432575936862 0.192645578904131 -0.0794493979938812
0.005082615478026 0.0216564775811083 0.0881923838935737 -0.211511054101073
0.0118946449950305 0.021141366519337 -0.0535103075168817 -0.218358199131484
0.0347774376893984 0.0124201010990954 -0.128878286618905 -0.143245120023427
0.0383438556293598 0.0074711868760602 -0.129587680512569 -0.0728027677501047
0.0411646381952944 0.017065337110091 -0.126488262388286 -0.0564305582544182
0.0251923461712883 0.0426031592383765 -0.120888348649467 -0.062476882429717
0.0111956042439322 0.0580337558181041 -0.121255621171882 -0.0776501537418569
-0.0406576326603491 0.07239616417844 -0.0972174358379119 -0.126158961763304
-0.0940532405992699 0.0528438991558277 -0.0438233985282949 -0.184215779184527
-0.118906283087667 -0.0321475353241597 -0.0482471427172436 -0.190783927936156
-0.118923350867052 -0.111369268984993 -0.100107647704546 -0.209951117257324
-0.137692825470897 -0.160920652893722 0.0273298494116491 -0.133095004133513
-0.143655436649543 -0.0649489127350432 -0.00590709791509828 0.0639151699163178
-0.139743162500563 0.0374055755779801 0.180738897560543 0.106246587722629
-0.0856965766900973 0.0935874969843427 0.239427370883516 -0.049510774492533
-0.000625159877527905 0.0996058407431799 0.121430434089717 -0.209742558151923
0.0377501911318067 0.0774598977899841 -0.0261990734557717 -0.213789850748891
0.0813746710991512 0.0577920122826331 -0.106407883409525 -0.139132457449799
0.0902081002386641 0.0389951117120152 -0.108875761863673 -0.0602021850712987
0.0907655800768479 0.048187859098141 -0.107676667903121 -0.0347170763380848
0.0511072478200236 0.0871771097403516 -0.105548285945799 -0.0314422968201664
0.012629365256829 0.11274708554746 -0.123087353658887 -0.0389539838376573
-0.0859088504755002 0.125717169827517 -0.11758686291457 -0.0857952625768332
-0.164791175398127 0.0643154380883986 -0.0733479192321509 -0.151315604081262
-0.175606561414022 -0.0746238714720496 -0.0721247464130226 -0.156491689890177
-0.149473042300035 -0.191974000652046 -0.101728564894396 -0.149977442868724
-0.137696046702991 -0.239818396320335 0.0584793221227435 -0.0500276974972661
-0.189511998578311 -0.154121527940491 0.00526282828640048 0.123070151271634
-0.235930930851404 0.001795561197058 0.190009855738913 0.165920502343703
-0.175836389861398 0.133472629848286 0.271433859040656 0.00449138941207852
-0.0228766057891319 0.16972168542469 0.155159645532362 -0.178946384716307
0.0522878821923451 0.130375235326299 0.0115100910400896 -0.184036021432819
0.113714704881026 0.0987094958320535 -0.0679356353830262 -0.117542856576614
0.128793504403275 0.0638935738850344 -0.0721079498503758 -0.0386171112056349
0.130912501855887 0.0670052660682025 -0.0721798594348144 -0.00600854856178615
0.0790888479562594 0.113238754567757 -0.0760512853452257 0.00811280030305815
0.0274901661960655 0.147954889620276 -0.113271804702216 0.00787292387207544
-0.102248757992399 0.171277954479884 -0.128043579545801 -0.0386668353907965
-0.205860864317614 0.0856359895632835 -0.0960154277577003 -0.112045624655425
-0.213369208544191 -0.0906043805225976 -0.0776840995560577 -0.120177740837185
-0.164963987476312 -0.238491485663111 -0.0851532239275511 -0.076710359013723
-0.110432432610164 -0.278130449483974 0.0784787745421624 0.0509473000394973
-0.188682259626004 -0.22737615675973 0.0086830472910502 0.189288602231864
-0.286808796269892 -0.0551982237442202 0.170188422443259 0.223766401371153
-0.245049252195167 0.131353705772339 0.269341767614387 0.0737725312157073
-0.0549233701027208 0.208802581619144 0.174877294687665 -0.118591189692735
0.052201208774535 0.16246744007968 0.0492649941268164 -0.128956363661137
0.126305998711228 0.124812941671992 -0.0197278538620618 -0.0808292034950568
0.148378742502322 0.0790595413460429 -0.0255848091440547 -0.0119269750141617
0.153428553833989 0.074817306894152 -0.0258393638379408 0.0242665813401087
0.0979841299229764 0.121612944023817 -0.0364543660073454 0.0477170032329213
0.0413116605806552 0.161577553240968 -0.0904774470029084 0.0551617759355189
-0.103767546974984 0.190422075300162 -0.12582414783637 0.00714708195905595
-0.218122541793155 0.09375385690563 -0.105144534571891 -0.0752997742227056
-0.219510841606291 -0.0967407521548711 -0.0666993229069438 -0.0899276367675335
-0.153804997899658 -0.25323085697117 -0.054397648504923 -0.00223446879171896
-0.0646322100409647 -0.263762039456076 0.0843960735998842 0.150325626099248
-0.143987993736755 -0.253027283173547 0.00450340187590375 0.244016517223516
-0.271865105130956 -0.103934852440362 0.125915019079701 0.260190229728892
-0.264034717640698 0.0956142874176222 0.231267410272371 0.134078551184706
-0.0778231362005023 0.202876564043748 0.171212367489932 -0.0452470753159542
0.0430449383638763 0.164855000250979 0.0783195862195677 -0.0609386852639936
0.118794807592536 0.128594605300599 0.0294454717554926 -0.0344484399803147
0.145472960951661 0.0827781630573975 0.0230036743547494 0.0156537039065406
0.152738870222396 0.0746035563523909 0.0237015887165723 0.0529526651391266
0.102604382074384 0.118029985214988 0.00553907973410961 0.082193596331166
0.0435678409322034 0.156482859898188 -0.0647158719238091 0.0950017266451695
-0.102105527084403 0.180395073188064 -0.11610120985969 0.042670304753179
-0.20849093407076 0.0774401433988338 -0.106296708496663 -0.0458561736923646
-0.193901341708338 -0.104684740132233 -0.0460330896091175 -0.0660498396871877
-0.114774167439314 -0.240867712784077 -0.0222511715059294 0.0655972631759269
-0.0132833735983028 -0.197639780697639 0.0817474370870303 0.224436264100684
-0.0777426273663809 -0.219505791851176 5.96596434617121E-06 0.274197082509394
-0.202531187667323 -0.117774999247834 0.0756841620407686 0.264322304361475
-0.22245323029137 0.0511534204199495 0.175829889142469 0.16775049185977
-0.0758048356375573 0.158442888529461 0.151094279018205 0.0227247394191822
0.0309708211857765 0.133988114127278 0.0966540787872433 0.00348482315044826
0.0953640228197306 0.108565021788562 0.0717508746885397 0.00869240727149492
0.121676182126549 0.0728147725794401 0.0669057110831041 0.0405282679295266
0.130085961582815 0.0654024978697685 0.068608393629663 0.0786193306823902
0.0908486923753696 0.102431631648725 0.0407040671877419 0.113871894687076
0.035577521542148 0.136017750906747 -0.0452173025909915 0.128367426259229
-0.0978275042264952 0.147470222845946 -0.110465638825477 0.0693770781777366
-0.181761719801076 0.0446464615422975 -0.105802607577226 -0.0250714776705071
-0.143825380374133 -0.111137046335509 -0.0269007224078373 -0.046670444244429
-0.0538130410902172 -0.202904228041122 0.00272141996052261 0.122861328775397
0.0365916050073999 -0.0949042002556898 0.0746263731093278 0.259237674694056
-0.00873964249006945 -0.138386728184815 0.00333384545845464 0.27316603737915
-0.106473747038819 -0.0910142488462271 0.0390670670547343 0.242674733351832
-0.139391744025057 0.0135836958406712 0.126953221087334 0.174478583643846
-0.0530811349350982 0.0945465959748208 0.131066392711155 0.0679033618615807
0.019237558649925 0.082008275673521 0.106617324806154 0.0487030741301037
0.0585695965955033 0.0693686545870951 0.102004686237896 0.0417528861623698
0.0795645923145432 0.0509612961162725 0.0993240576926766 0.0581542551496529
0.0883444815293095 0.0481001203697328 0.10244697410479 0.0992722175886799
0.0654132500842528 0.0763078418459924 0.0629555734176968 0.141824493402661
0.0208945831962769 0.102911514303777 -0.0378159144507055 0.157710237760855
-0.0852862138641295 0.0991488781830203 -0.114994433143399 0.0859586505624479
-0.1351881026997 0.00728735685333795 -0.112024924359723 -0.0143807419030481
-0.0778518384591765 -0.105102893532905 -0.0138918125952207 -0.032436989580023
0.0142371039022604 -0.139008458492343 0.0145594920788235 0.167428449527407
-0.0601395315156672 0.0348029345977697 -0.039802056265133 -0.213232724807294
0.0180631199788493 0.0698155915127338 -0.0357834070817192 0.00547532777266972
0.0660892312085792 0.0338084958412797 0.131394551770084 0.0389765926849375
0.0525162625545568 -0.0374803831279603 0.158540172130293 -0.0895726164999187
-0.00352604992824545 -0.0469502079488997 0.0683087578613393 -0.200888165078861
-0.0217154558205675 -0.0278463834984005 -0.0699202924501957 -0.211386450447267
-0.0211386190086121 -0.0298449260796964 -0.135847013351044 -0.137794590838852
-0.0196754855962403 -0.0262787126851838 -0.136670667505361 -0.0781989290139502
-0.00985251133842498 -0.0242286746660283 -0.13176426837224 -0.0655099574212323
0.00871482853650671 -0.0171139350844311 -0.131473997828666 -0.0786056617073392
0.030515752210181 -0.00661718379087465 -0.123281643483326 -0.0998883358135819
0.0359231588037272 0.0312680057016001 -0.0843936289633573 -0.160484562867305
-0.00421840340075266 0.0729379003635689 -0.0228485184686677 -0.221690104491448
-0.0632591248068519 0.0428295289106935 -0.0155968058426073 -0.225344369665578
-0.0889413020312627 -0.00408594280720446 -0.0877138288060453 -0.253210592552797
-0.114215288271752 -0.0673011563578983 -0.00659459133177628 -0.193149144821871
-0.0716110274385187 0.0145206142266456 -0.0225081209369962 0.0243765206831749
-0.0343434791380567 0.0484449942141012 0.162222518102858 0.0653083050984314
-0.00676383556486119 0.0332003179181233 0.204111973427818 -0.0822297563021407
0.00559124681047439 0.0233956282671664 0.0916012554370173 -0.220242141531693
0.0130580782794255 0.023316518214135 -0.057904583086182 -0.227228684114805
0.0360284778228954 0.0124928488692392 -0.134976485642788 -0.147751354368219
0.0408068959957266 0.00747792456912346 -0.13480970464374 -0.0756906267230046
0.0435017433646258 0.0178230221259354 -0.132486427701857 -0.0570468146661887
0.0270484485586282 0.0452368366468962 -0.127999683128453 -0.0639999722080278
0.012080781880431 0.0606857133895978 -0.127918558936946 -0.0803066564682633
-0.0423385792763768 0.0765986509131261 -0.100150906382802 -0.132447003524333
-0.0980983271428034 0.0552628007526957 -0.0458951091339414 -0.195184371352702
-0.12373764276358 -0.0361432000746268 -0.0488023945170394 -0.199227453423151
-0.124215946037817 -0.117596422852953 -0.102444186435855 -0.221030441875718
-0.143505692257306 -0.168763471781125 0.0297777426242845 -0.138379367873153
-0.150493937789048 -0.0684834854382134 -0.00703914745496685 0.066833676396937
-0.146922243727849 0.0393663120331121 0.189394735120968 0.113661261972744
-0.090641669551668 0.0994454596241415 0.25254681234498 -0.0511355389243405
-0.000465493011928015 0.104567303630497 0.126834454434878 -0.218339186478442
0.0400438568691015 0.0822838940847231 -0.0289414588234343 -0.22242772311469
0.0859526590401354 0.0591419895590773 -0.112538699473624 -0.14285583163
0.0957161409300494 0.0394079359787424 -0.112810082196813 -0.0629575499913706
0.0949902568822043 0.0501164109924636 -0.112637240091424 -0.03439202284511
0.0545876012477723 0.0919587512738429 -0.111865997033248 -0.0311770294681934
0.0135631383290668 0.117194012228277 -0.129377110592466 -0.0397430897663588
-0.0903485001427735 0.133041139599043 -0.122434164234061 -0.0902975449767715
-0.172497079663717 0.0671368139387495 -0.077102037493394 -0.159835935368978
-0.182919418569933 -0.0801363319944255 -0.0743922285686305 -0.164158208583202
-0.156142067493268 -0.202236942071015 -0.104472409800278 -0.158620447706538
-0.142805991737039 -0.250796874966996 0.0616245230504703 -0.0518453712251107
-0.197921923561113 -0.162560221413592 0.00393431677524838 0.128685657416368
-0.248078416150736 0.0010052336839778 0.198646158378108 0.176671187203028
-0.18534090743714 0.14213396876765 0.287085152254362 0.00597061807755688
-0.0237432653876494 0.178029637356259 0.161492564783375 -0.185727636307227
0.0553670307111588 0.137299882402879 0.0110756668937022 -0.19258487705233
0.120152502623773 0.101482981342058 -0.0714494496192926 -0.12033148676772
0.136637037226613 0.0653856597996111 -0.0741958180802577 -0.0407413744988456
0.136134178543492 0.0685057230496325 -0.0749833384745796 -0.00427718262893697
0.0835217388651465 0.118451173863194 -0.0806113318360806 0.00917568349659544
0.0285978223326715 0.155169067383997 -0.118661477629434 0.010079626363706
-0.106909840367615 0.1809107633961 -0.134440882331605 -0.0396912385912358
-0.215388900380638 0.0897776252955075 -0.100926213075809 -0.119356007937435
-0.222149719485295 -0.0955193256359424 -0.0803486420995528 -0.127240979291249
-0.173324141594406 -0.251022011973981 -0.0877083311577681 -0.0805330245710843
-0.113472159071573 -0.290311356582449 0.0816104758500237 0.0538164069488874
-0.196947596566141 -0.239145159041426 0.00781899573493629 0.197576186273839
-0.301094241486171 -0.05904528820995 0.17716888175534 0.237556369888508
-0.257799966176142 0.140624153769838 0.284079169760599 0.078768551991916
-0.0566070914770698 0.218455900981685 0.182322744842198 -0.12226412232787
0.0547677300019248 0.170945714064803 0.0519696024160798 -0.134545111854525
0.13329793660211 0.128808447745075 -0.0208609863603019 -0.0825282879383459
0.156663599117791 0.0814507340570526 -0.0255311184136363 -0.0130204328947608
0.158496644805485 0.076386716699836 -0.0259225003126234 0.0271116361094221
0.103965243792479 0.126865943206561 -0.0386091848057177 0.0492674700074766
0.0434255961103075 0.168471089840023 -0.0954031403514747 0.0587505064450647
-0.107957012880033 0.201349828980221 -0.132020497293971 0.00817613336835781
-0.227645929858311 0.0986971051089992 -0.110807558964031 -0.0803990887534824
-0.228093864377131 -0.101392645733131 -0.0688886558934718 -0.0952243982776101
-0.161273184983726 -0.265900979505258 -0.0559206804226169 -0.00231899461229712
-0.0656940783380594 -0.275803996683512 0.0877039393482617 0.157549629130898
-0.150459286599188 -0.265844593665704 0.00246262645279865 0.254694489173249
-0.284838788198043 -0.109791064919192 0.129933851726415 0.274921621776444
-0.276874502297429 0.102334483579259 0.243939807787647 0.140695065829995
-0.0800779462272774 0.211556318907102 0.178510427955225 -0.0450361231891107
0.0443958254538255 0.171852393132013 0.0836649632468005 -0.063753808577926
0.125674638997013 0.133318525839821 0.0305764693590527 -0.0351783005275768
0.153740038858796 0.0847111716480354 0.0251068674036443 0.0161746163177266
0.157697311113432 0.0757917683472563 0.0250381294626186 0.0567186397800977
0.107425162729466 0.122139119768204 0.00553042155235299 0.0857813066596748
0.0463182350806541 0.162739391098354 -0.0681148321697294 0.100963353315987
-0.105421671330995 0.190646251347409 -0.122561616884825 0.0453524811654347
-0.217292842124486 0.0814984471491701 -0.112454480924257 -0.0495243622041216
-0.201089187982789 -0.109243958950758 -0.0478516934464956 -0.0701782051231704
-0.120658513964115 -0.251931986292717 -0.0221347317944756 0.0686519169071449
-0.0123731978816604 -0.20667491889553 0.0839753961153658 0.235877671555213
-0.0811231278599724 -0.229539634125304 -0.0018030742927541 0.286572404282192
-0.211857586561568 -0.123527295307919 0.077186438767905 0.277940225455855
-0.232436176318283 0.0549628269822703 0.184590465378504 0.175736721912815
-0.0788045692793665 0.165830174593303 0.157717150278606 0.0242377419771515
0.0318275100274326 0.139991354393276 0.102571424605351 0.00313084621235428
0.10053392450689 0.11237945942343 0.0749147654807222 0.0092067438903058
0.128523542671348 0.0747764832069729 0.0694996054135889 0.0414930609001654
0.135048954045074 0.0673924505503406 0.0714326167058328 0.0816206719377267
0.0953395929143498 0.106393313844252 0.0416854618103032 0.117940917868856
0.0373812294963746 0.141645338364395 -0.0482379737442512 0.136126032885789
-0.101980689459593 0.154779594207607 -0.116551022586878 0.0734662160666685
-0.188820342310019 0.0470173956604026 -0.111779729857121 -0.0278352157289086
-0.148297926150286 -0.115706251418187 -0.0281331732875586 -0.0500144479041279
-0.0571851716576806 -0.211957762979084 0.00402358192899597 0.129163072148357
0.0394626030265034 -0.0993138454407146 0.0763313675946639 0.27221313802537
-0.00948986576479949 -0.144743052676008 0.00148669507179575 0.28562474440834
-0.110664996508887 -0.0949507791519579 0.0388906086480621 0.255465253884416
-0.145405641158694 0.0156501325988327 0.133595073784255 0.182636316099525
-0.054360062409515 0.0989153423517605 0.1370464600659 0.0709089437477317
0.0190128931561111 0.0844359357024631 0.113103238931133 0.0503004338391623
0.0616949467195435 0.0721134158361226 0.106902688267858 0.0424089329416421
0.0838611795601842 0.0527133971741114 0.103214758568753 0.0601050110818551
0.0909826553302329 0.0493331806591547 0.106393230473404 0.104011440736754
0.0689917837785126 0.0792063249870491 0.0654930303543491 0.146216566969981
0.022495896963226 0.106731033000123 -0.0398568018740459 0.165151679661502
-0.0885352527869351 0.104533902195247 -0.120574347522789 0.0904480812028114
-0.141109014849377 0.00738409592086029 -0.117776935405723 -0.0158171302846558
-0.0801699658903922 -0.109178287025725 -0.014739895499157 -0.0348810054646765
0.0142137885971887 -0.144640534483927 0.0160203412002129 0.174864401473358
-0.0622348706307784 0.0416113165417603 -0.0569997260844956 -0.226371318184063
0.0257232529157189 0.0702274845002626 -0.0443419876656495 0.0101143922862707
0.0737707344689559 0.0259793674968019 0.13805432305807 0.0374890443047114
0.0507615719818318 -0.0478916845927565 0.164225994483009 -0.100477266262105
-0.0102736448326478 -0.0508558298317223 0.058464145400187 -0.218075850847344
-0.0279102030300285 -0.0268599402097208 -0.0903201712191515 -0.214908015127453
-0.0280308046886171 -0.0294233118413508 -0.153193226468843 -0.130668041453433
-0.0233181204183179 -0.0254214356206805 -0.15023673826863 -0.0708222940985126
-0.0123375711954507 -0.0236944426572191 -0.147481715418077 -0.0573073976216308
0.00902398402746499 -0.0193204763443271 -0.150295758913833 -0.0718678473554779
0.0333133491003149 -0.0118424053369649 -0.142404842638921 -0.0973831043954633
0.044547807621471 0.0288332325703828 -0.106657297711402 -0.17024562099748
0.00763177668193857 0.0780979025820196 -0.0428055926753919 -0.242704165971546
-0.0596066072339622 0.0508673851923819 -0.0274895324827152 -0.243461978165107
-0.0934097255822917 0.000807098581170002 -0.104050585118618 -0.265206842284118
-0.129714063051291 -0.0566956159091931 -0.0116076443379089 -0.210848541789677
-0.0726400790965668 0.0229915435147241 -0.0243194592359862 0.0235195440634712
-0.0279948533175093 0.053428591332814 0.171607932211769 0.0538042387623963
-0.00103229842204192 0.0335650104192739 0.207007101088724 -0.103364257101955
0.00687747460845792 0.0206856622511702 0.0768041385698212 -0.238398769492783
0.012442420562216 0.0231291471031939 -0.0818191616939907 -0.231581168832759
0.0381054484563686 0.00805061461765443 -0.158290120006659 -0.139657164167534
0.0428127326297388 0.00447803205492575 -0.147465359177656 -0.0672590409854663
0.0472463862360826 0.0137945460519306 -0.146373127447014 -0.048374825557934
0.0350771857141622 0.0439271606850041 -0.146342816538024 -0.0579404077351648
0.0204847222273197 0.0608101272634477 -0.146361260577305 -0.0766983070445156
-0.0337879921144967 0.0859467642042663 -0.119753808823851 -0.140498491754905
-0.0937582859058432 0.0681036916024455 -0.0620824620807473 -0.213423403477677
-0.132210698767645 -0.029215490695318 -0.0614217096505358 -0.207078396434327
-0.14105150815497 -0.119089101152981 -0.119688507349056 -0.221253062890791
-0.170043304991728 -0.158522264186469 0.0376488833155111 -0.156736353381015
-0.162027811199235 -0.0537863685321001 0.000519603368258768 0.0620648307497665
-0.145900930579037 0.0575363922613548 0.207017706613697 0.0924214386917072
-0.0795368134754069 0.114268499079646 0.257528361620615 -0.082367183271551
0.00962894315976325 0.104575194990307 0.107901615580946 -0.239177960495215
0.0469413076811457 0.0817048677173323 -0.0535480581614573 -0.228583634558165
0.0965676908136378 0.0511950869427927 -0.138691114914452 -0.136245934127547
0.10253999093814 0.0317426223694214 -0.123133399415689 -0.0537612044091116
0.104832904615362 0.0412504309032112 -0.123229439908618 -0.0251759163190267
0.0685866426075233 0.0899521853618908 -0.127017905388783 -0.024331297552575
0.0275906089500103 0.119576512138384 -0.146299257361472 -0.0325547815091706
-0.0768799032392194 0.15004741224552 -0.140147726730204 -0.0945474111521123
-0.170937992251099 0.0877441533008922 -0.0911629730122087 -0.174213732110502
-0.199362948352065 -0.0710357971092665 -0.0852311188746156 -0.16239195949872
-0.183166988165923 -0.208500577002336 -0.120212721785059 -0.147198922744262
-0.177259709255894 -0.242281877036978 0.0818720640402093 -0.0672001355563972
-0.22079899292597 -0.14554298988112 0.0226715015503418 0.123576677005668
-0.25493609555917 0.0303598269792632 0.224711171721845 0.150299254693284
-0.171182524706505 0.169572183886708 0.295209248909623 -0.0335683185771229
-0.00461317177129663 0.182425189721755 0.142281273670094 -0.20869160658802
0.0679695696858994 0.136796918374296 -0.0108923770222094 -0.199775661930338
0.138472222854089 0.0896669102992296 -0.0975535329447118 -0.116338177019374
0.147833300145227 0.0556349053147009 -0.0806848481123645 -0.0335399871006694
0.149409854077495 0.055635306206163 -0.0800969728614992 0.00353091777781757
0.101256729024506 0.114762334161394 -0.0905555665872848 0.0168860804100298
0.0471189887572126 0.155887092845327 -0.131305041184367 0.0203083941795502
-0.0899240053996846 0.201944626753886 -0.148910973676816 -0.0400965944494758
-0.215276429996018 0.115823817648198 -0.111595237810004 -0.129484303317372
-0.243787483879995 -0.083575549926187 -0.0883858800148913 -0.119535362266654
-0.206497944497569 -0.2587007008472 -0.0977991970189508 -0.0608818010495597
-0.149840373996085 -0.28679006886533 0.111830326226041 0.045808638494119
-0.227211837122805 -0.224269916980171 0.0362696546941872 0.196059799197506
-0.316235278411255 -0.025515078184962 0.21221608620633 0.211885536201778
-0.245932120435453 0.178980452459248 0.299604879448971 0.03556410322093
-0.0338363058392692 0.228549506385894 0.166441725099966 -0.145979702445663
0.0716397107268741 0.171661424135974 0.0355047230229996 -0.143810778264307
0.156807011419266 0.117693133111038 -0.0428043419516934 -0.0821134400010265
0.171075317379178 0.0694055952712039 -0.0264670982911562 -0.00832861498574758
0.17345205322273 0.0614228951409649 -0.0247786184661837 0.0327301953247652
0.122607267563653 0.121296502567322 -0.0422286821094842 0.0560104946746854
0.062436379175953 0.168619569716497 -0.102521789445213 0.0714224771401856
-0.0891448356496088 0.222202264081496 -0.14367548924835 0.0120078404310462
-0.227953395271296 0.125755531466719 -0.1189283209806 -0.0872875238277032
-0.250878101790911 -0.0888560966797726 -0.07339059675308 -0.0862060597336507
-0.197126707235087 -0.275150817648613 -0.0595131369888022 0.0218862874084592
-0.0967443127539983 -0.27770483378623 0.122649350489192 0.158097849683266
-0.180374658836586 -0.256904330990645 0.0368036091300281 0.259930884829146
-0.30590209373634 -0.0797082863245009 0.16954734960126 0.255884649010348
-0.270701088384768 0.142312582141511 0.265303325693124 0.104621271703943
-0.0579854795246614 0.224597943097711 0.168727219444501 -0.0665745756661405
0.0620900973053726 0.173344494496671 0.0745927377595896 -0.0721960755150029
0.150026543928647 0.12422076034297 0.0149517490762494 -0.0394565633512381
0.168463288694588 0.0735580351237401 0.0277946033260897 0.0180286416127821
0.172288836326506 0.0611054614327991 0.0324537312803669 0.0588741756731985
0.12539507223484 0.115856138086064 0.00885586636874648 0.0909747381670648
0.0638202036672456 0.162192097938432 -0.0686988467165049 0.114762241143635
-0.088728948710373 0.210153195212126 -0.130222130194447 0.0521831787419209
-0.218867269939916 0.106872964412094 -0.117756428883858 -0.0518085198486062
-0.222395529764255 -0.0993121011862893 -0.0514053015278546 -0.0610622307306742
-0.152260985266031 -0.263161578304042 -0.0220169908490093 0.0925734389402669
-0.0330827764794187 -0.212203750833217 0.116615284132191 0.244602923175906
-0.104517563361364 -0.226924206277717 0.0306529135805997 0.297574587372018
-0.231526085063058 -0.101638629101238 0.114331966934041 0.269563918874784
-0.22996824609653 0.0883380666460089 0.207975200011687 0.14861882952263
-0.0607662237901946 0.178332580272054 0.155957551481356 0.00818614041229262
0.0467675374762415 0.140919938558476 0.101960899749833 -0.0043058438021392
0.120767438253211 0.104772651280568 0.0681051963150374 0.00288222383569971
0.1406812443906 0.0654539822092768 0.0778961450440908 0.0398066686540025
0.146943549097221 0.0538394068517151 0.0833169829840492 0.0815982357038036
0.11015011141487 0.100374095369255 0.0506092727476952 0.121641534001069
0.0518772478491406 0.141519748443873 -0.0438483492481233 0.150079190509239
-0.0893540206718888 0.172614918965518 -0.12060896383893 0.0827105093144774
-0.193038780013285 0.066934809415891 -0.117247700548294 -0.0256512103917502
-0.167314272416125 -0.11045316042719 -0.0310173903761427 -0.0425215494293804
-0.0816727531851199 -0.223559653015646 0.00829736930810345 0.151711581163158
0.0337530504414818 -0.107373907782292 0.102761728509546 0.287880621515406
-0.0201624617564431 -0.146949907364493 0.0278440446935225 0.30079863727451
-0.122586963294014 -0.0833473710913826 0.0681616234876905 0.257341595391766
-0.144538195938048 0.0365522307790498 0.155920840712356 0.167552632957995
-0.0426382737687454 0.106041075564594 0.142080243670102 0.0607537712307055
0.0289619356603084 0.0849859274066967 0.11993585008711 0.0437413779230175
0.0746832737672904 0.0673614614232536 0.108436756296689 0.0339751333340602
0.0930007596184821 0.0466196976552079 0.113977374320646 0.0555670125108357
0.0996689647221861 0.040244310258973 0.122757499169053 0.10204790177416
0.0794588636547272 0.0748564895045128 0.0790770808604417 0.150460607730626
0.0321613249391313 0.107536184608835 -0.032133077782341 0.181209995644206
-0.081433302104206 0.117795015600628 -0.124229935582856 0.103683703401973
-0.145868309276632 0.0199418028427539 -0.123851268744125 -0.0103813433348152
-0.0935249495688606 -0.109508738852725 -0.0182219249544711 -0.0300083240007601
-0.000430041167418672 -0.157510708215506 0.0221829423472336 0.194330759582509
-0.0637968868024538 0.0465237555489942 -0.0719454939589329 -0.233282091589207
0.0296831406786104 0.0715127824790049 -0.0461979044134085 0.01536277922795
0.0793357464995827 0.0241762503292772 0.148116751733134 0.0324231056618777
0.0504557699914437 -0.0531689534540218 0.167410127435768 -0.114615053006606
-0.0128187736334644 -0.0512331357189564 0.0485615107777597 -0.231424486110466
-0.0305480854729812 -0.0256398261702986 -0.108566048750024 -0.217620844464434
-0.0308588186331401 -0.0283634984976932 -0.167992134168848 -0.126831420891827
-0.0257104458723764 -0.0252529314247867 -0.161542944858066 -0.0652245514211941
-0.0137228524599142 -0.0236939647491802 -0.158473535850464 -0.0505786815984534
0.00877418349477732 -0.0210755128654543 -0.162244408757496 -0.0644613000764884
0.0339119905674729 -0.0145524481475164 -0.154556165502692 -0.0942128365504955
0.0478485425407724 0.0284045660600504 -0.12131380441618 -0.174230488734121
0.0128516848031061 0.0804985236682762 -0.0593070275284104 -0.253714605000666
-0.0615612658548716 0.0542949836770264 -0.039040878345665 -0.253510122502183
-0.0981099128827762 0.0059170221816334 -0.122668186806462 -0.27499907916893
-0.139666864830142 -0.0528868051109096 -0.0233159697503902 -0.220452186344822
-0.0755954518638939 0.0272069765558968 -0.0257626283994194 0.0272983353757455
-0.0262138069973153 0.0582271841449793 0.185443689522816 0.0482327677034573
-0.000281546998950419 0.0366669427859922 0.213598536537635 -0.119628117662399
0.00851379012034136 0.0226095886131097 0.067305781598404 -0.253352258251538
0.0153025998034918 0.0248464436187112 -0.0997053908772637 -0.236461656632338
0.0401143234041125 0.00518503820641978 -0.17291595067864 -0.134949017143012
0.0450500029675887 0.00083081902668572 -0.15782565936223 -0.0615415327087841
0.0511788323768489 0.0118894975864211 -0.156306746912913 -0.0395454153170284
0.0398377021568174 0.0440695110492907 -0.157436482696406 -0.0494436728514422
0.0246676919309066 0.0621027009642036 -0.15852025076545 -0.0709232568491161
-0.0305103289813667 0.0926818468093985 -0.132202054298476 -0.142026928838062
-0.0935503076243475 0.0765001803135181 -0.0780814051018684 -0.221293623774351
-0.141634053691732 -0.0255585161586612 -0.0734815560754763 -0.213416978100967
-0.155399995197927 -0.118325350760369 -0.136621424899983 -0.227428858572515
-0.187040984128349 -0.158003884601256 0.0320493107378527 -0.167194072595158
-0.173765511234506 -0.0486581988537083 0.00233619410567963 0.0658154153742321
-0.149930035660476 0.0699047085188055 0.222843748966132 0.0869579926525122
-0.0767423082923918 0.126741182450582 0.267345867993238 -0.100918248842616
0.0158381634398445 0.109954557835627 0.100746835870175 -0.254665023275706
0.0554113338228635 0.0844628280886932 -0.0696637601894284 -0.235665632261656
0.104166521516974 0.0462715167751575 -0.151680525890224 -0.132056578607021
0.110271433754279 0.0257796705872273 -0.130849218794672 -0.0497781669261249
0.112283223019071 0.0364768625194257 -0.129277643249229 -0.0175550862229817
0.0776993305754684 0.0906877324867537 -0.13524610377894 -0.0157982896958232
0.0358618660905262 0.123559230095237 -0.155916524706447 -0.0242710505802235
-0.0719841509186697 0.163312584230075 -0.151979089758402 -0.0924504841442723
-0.174385012379619 0.10148898258899 -0.106508072164239 -0.180237773370995
-0.213874411911455 -0.0653253282902833 -0.0963639633445696 -0.166083435051644
-0.205008462545084 -0.208606336153898 -0.132426994887934 -0.149142863367463
-0.19818671256671 -0.245399837408849 0.082832424516497 -0.07518000043865
-0.240340639212722 -0.141663148100389 0.0290777304761872 0.128816894995301
-0.265683600546255 0.0461641705427905 0.245567808411616 0.146711992432068
-0.169743850873185 0.191351626908485 0.309940577037231 -0.0520085500128393
0.00469043734910509 0.192639059112775 0.138438317369358 -0.224652604244974
0.0805289160405876 0.14092205740404 -0.0232939241352788 -0.208455219162878
0.150663195489986 0.085214619772127 -0.107812779834225 -0.114199141985748
0.158435350316224 0.0471179920390696 -0.0855752611540093 -0.0308739492379141
0.159346551175558 0.0489295554837356 -0.0825917058400029 0.00951162202529791
0.113181678157492 0.114121572555075 -0.0947206795976001 0.0241105682328753
0.0582468877520812 0.160784957350465 -0.136477023687328 0.0304875706229793
-0.0821721606872262 0.21831652877302 -0.158613821042914 -0.0337557836901102
-0.218561896933978 0.134228266177523 -0.126412322806982 -0.131948548199321
-0.260258280273582 -0.0756010630625374 -0.0980521253385612 -0.121299476991242
-0.233060970489961 -0.259770161888804 -0.104080814187935 -0.0587864876722475
-0.170959636807955 -0.293455259622273 0.119720464217917 0.0413348659185839
-0.251171284939638 -0.224370121912634 0.0469883318476704 0.203180619672427
-0.333774733352015 -0.00870225750684995 0.234551878831239 0.212925396639694
-0.248369983499961 0.204384078011583 0.318186772708912 0.0205160278228141
-0.0225767658672343 0.241962036713852 0.166230958862627 -0.159567286302036
0.0855515861240659 0.177344404355612 0.029107322887359 -0.152320093322613
0.171633537648572 0.11222256756267 -0.0487745233609857 -0.081229448640508
0.183695263138092 0.0605562499208283 -0.0280657123514745 -0.0070299062935235
0.18481894457099 0.0534819431858972 -0.0234407101705623 0.0362323474506912
0.136348067096299 0.119406072924582 -0.0417513353330989 0.0616198063537534
0.075211920118748 0.173496157893272 -0.103445568732471 0.0824848422142403
-0.0787534038394142 0.240125675741771 -0.1498023549092 0.0207363283813257
-0.231306052655365 0.145536826430599 -0.131766617039135 -0.0862178594342474
-0.267511081005465 -0.0802607298082372 -0.0815199413584431 -0.0875222932238467
-0.223406073908069 -0.276790248410004 -0.0603338955856549 0.025637989303851
-0.115856523631907 -0.286530697923081 0.135459702717371 0.159704074038911
-0.203788345260494 -0.261435524405663 0.0507387418122466 0.270276035262954
-0.325138544819046 -0.0659726957987942 0.190810225934215 0.261432619134079
-0.275397743380989 0.167866147343928 0.284822117031463 0.0937293461593013
-0.0472043134572675 0.238072099296542 0.173573735808632 -0.0764302841008392
0.0752546753348708 0.179354390181283 0.0748170421869458 -0.0804949435719507
0.164465715199534 0.118499035535355 0.0147325792158393 -0.0401816337635422
0.181910168277147 0.0644775626481319 0.0315954000808319 0.0163408518206647
0.183245299057284 0.0531090439964405 0.037243773679648 0.0596452290764992
0.139240206717225 0.113437638615265 0.0133031483536209 0.0950747826942355
0.0760058560653119 0.166344629671066 -0.0663953058640273 0.125573521769768
-0.0800866228596353 0.226875755712571 -0.133812826475377 0.0637197692599541
-0.223467764068499 0.124793895758058 -0.128771862512603 -0.0492119740039025
-0.237334055129465 -0.0925490486544894 -0.0569436992489483 -0.0632302438885222
-0.175513458612906 -0.266087654649036 -0.0154720195966495 0.0984273049227825
-0.0453179168721204 -0.221613086554856 0.134111560401343 0.252259641304153
-0.122234074592887 -0.23383401469557 0.0464973720420706 0.309417747027071
-0.248537657087785 -0.0935712177063197 0.133427458684616 0.279237510687296
-0.235966235322822 0.107413592389934 0.226330048880586 0.143390600112806
-0.0528697134167511 0.18982042535157 0.163329013525414 0.00138095715045322
0.0566032559816817 0.145203945478206 0.107753979130275 -0.0112846690483708
0.133338641050587 0.101685574815139 0.0718571506494735 -0.000757916471114271
0.15251634688674 0.0583272672454883 0.0841584106499653 0.0376486505132215
0.156641025540581 0.04751216747276 0.0923948501285017 0.0802456983095196
0.121826665857403 0.0980859161989443 0.0595152468854506 0.124310834656658
0.0627641728066931 0.145084623341397 -0.0374470632893525 0.161413160150512
-0.0823487268860505 0.187800451808842 -0.122313280468258 0.0945445966957517
-0.197351888952988 0.0826765090296663 -0.12583327619389 -0.0221939700566761
-0.180535573611959 -0.106656909202829 -0.0354571494596914 -0.0439302525868054
-0.0997353930827266 -0.2293479697057 0.0184241427024462 0.158596797339921
0.0291699159807526 -0.114540500824197 0.121244071261984 0.297694787787998
-0.0295358458095662 -0.153420297187934 0.0441273077994621 0.313672728660458
-0.132773813059683 -0.0805235969947349 0.0836252318467621 0.267962317811663
-0.149425580752381 0.0469028352928402 0.172151173334786 0.167257732975792
-0.0376040315866898 0.112758630640922 0.152355731214855 0.0553135373651362
0.0339463255799786 0.0873177352574291 0.129692970018732 0.0374838397005732
0.0823999997645514 0.0647277394742638 0.115401669238545 0.0300487891400163
0.100560586448966 0.0421797789990563 0.122185851875401 0.0522437520813565
0.106836904073125 0.0366292297332882 0.133121085744497 0.0982573694802963
0.0873034354519631 0.0732994728520404 0.0904913647814597 0.15209232065901
0.0397316739799416 0.110162593335451 -0.0230943201833254 0.192888059560739
-0.077828811807263 0.129007774711726 -0.124821926522652 0.115975999620833
-0.151363322961954 0.030140851468302 -0.131788406202539 -0.00539939510499182
-0.103076311110382 -0.109716668869106 -0.021236168861945 -0.032323522232972
-0.00994391198133713 -0.163605909903801 0.0357423847193371 0.201188529752386
-0.0634320448626705 0.0515549092214924 -0.0874255001369004 -0.234045961440578
0.0334416101933764 0.0709572864956908 -0.0473272994866355 0.0212456256441807
0.0818968906155596 0.0202345075239942 0.155868486165684 0.025534558962406
0.0476263768352802 -0.0566208474540044 0.165542683890297 -0.12790386289965
-0.0151782596861 -0.0498591650706585 0.0351641055926718 -0.239175848698432
-0.0321146070972311 -0.0228455897464194 -0.124602189169822 -0.212734039460258
-0.033627288733695 -0.0263020099212966 -0.179270265051884 -0.1167828809798
-0.0275900935923268 -0.0233545141324295 -0.16850564892319 -0.0561634122826489
-0.0155901967404443 -0.0225564202012577 -0.164513971753241 -0.0393720192385943
0.0077780556440836 -0.0215853662872579 -0.17024068989797 -0.0536909701491187
0.0330569987552504 -0.0175906290854177 -0.164169982916078 -0.0866791347041296
0.0500211139620356 0.0268613591428531 -0.134856106636152 -0.171612021082483
0.0181492822922166 0.0798194779572894 -0.0772163025480926 -0.255326255220515
-0.0610453649787307 0.0572111073444395 -0.0518179622372298 -0.256452297200095
-0.0999313429320461 0.0121287396095935 -0.140416894156944 -0.276055960716371
-0.146831365553043 -0.0457966432048586 -0.0366689520756626 -0.22371794021425
-0.0765538617516191 0.0314202179866204 -0.0251144733981615 0.0318362271313183
-0.0233652662571234 0.0622372455679983 0.194468392695954 0.0388308683333697
0.00296739877172056 0.0394726266153982 0.212345402923127 -0.136635171174017
0.0106119459898616 0.0235312788023823 0.053645479169631 -0.262685748884317
0.0186042511396333 0.0254074201207735 -0.117985467795158 -0.231907622657868
0.0412936069273737 0.00282134801593341 -0.183799842059969 -0.123887563930381
0.0462978879888397 -0.00268283584153675 -0.164156902634587 -0.0526388000096903
0.0528608165857269 0.00859641079554776 -0.161086785412787 -0.028673007370409
0.0446667939884637 0.0426979267245236 -0.163771796066263 -0.0381626578466937
0.0293374385767809 0.0613186324444302 -0.165783770546934 -0.0620765600197449
-0.0249456458509844 0.0980683628914183 -0.144749896105453 -0.138875740251797
-0.090664111410801 0.0829915805834064 -0.0957487612560483 -0.222001655372494
-0.147778350340841 -0.0194565763897017 -0.0847768021314512 -0.212898035243253
-0.16625068646911 -0.11073934100402 -0.151163625571101 -0.225594683793548
-0.201270860690189 -0.149904205740259 0.0222679177231188 -0.172758382763173
-0.180995903472152 -0.0396477567102566 0.00448295828113334 0.068781884764883
-0.149670534835961 0.0812092101895147 0.235548433794188 0.0769497982744386
-0.0697174052171856 0.136308106766055 0.26827141713777 -0.120994388855994
0.0242022079205225 0.111773343996171 0.0868738355767197 -0.265256099349612
0.0630150457730917 0.0833932723759784 -0.0870681254413559 -0.233839646529358
0.108971836600381 0.0391610202467636 -0.161919993241693 -0.122276039227663
0.114146190598984 0.0174305301522054 -0.135714211713654 -0.0420249708603081
0.116925656592413 0.029762806264049 -0.132124355284858 -0.00788294308837941
0.0861133902359533 0.0873262095597033 -0.139621937709379 -0.00488835218781794
0.0452917975963738 0.123912134098112 -0.160357177705744 -0.0143044956640714
-0.0623805070777415 0.173329043762664 -0.160573244235507 -0.0858361119100809
-0.171262485067001 0.114886119285886 -0.122231801533914 -0.178111847347216
-0.223272888184695 -0.0551803781180173 -0.107364255548404 -0.164393345525024
-0.223328618605925 -0.199856176865999 -0.142430509109366 -0.144972576692212
-0.217566909730721 -0.238413801073703 0.079779233824569 -0.0823408020251708
-0.253835449524447 -0.131258212699237 0.0355055474275701 0.130709121983974
-0.269313517962294 0.064712399002509 0.261382238652404 0.136679223230746
-0.160187739986991 0.20888230747607 0.314839029564145 -0.0734486555521056
0.0173584350537791 0.19678315411962 0.127894254740401 -0.235844886772481
0.0927309411018778 0.139819700113093 -0.0365013604754532 -0.210547450730061
0.159193681477623 0.0755834788873845 -0.114758836637861 -0.106500801967068
0.165668240683403 0.0348662325317041 -0.0878031291772986 -0.0261069558061773
0.165586085718292 0.038774570459539 -0.0820334510099562 0.0164684748607328
0.124156903252133 0.108558901419716 -0.0959893116549758 0.0328246546530682
0.0695940231328634 0.160146236579209 -0.137271678267597 0.04116051169998
-0.067583776874223 0.230833702245112 -0.164143139031734 -0.024466813244611
-0.213328827464252 0.150846619732797 -0.140382870977713 -0.127947182046706
-0.270475440802264 -0.0625551620737705 -0.107294060295123 -0.119116110271643
-0.254972288163673 -0.249872651688046 -0.107783972408552 -0.0553369116792051
-0.193026619452247 -0.291317792046128 0.124498024322821 0.0352738378979406
-0.270689805098228 -0.214258379385591 0.0583877209433881 0.205098051278375
-0.341989518201643 0.0127253548724956 0.253232558019011 0.20527340510493
-0.239596923041695 0.227704101549263 0.327441968248928 0.000457417051302696
-0.00707277312571872 0.246951075981051 0.161526886853301 -0.171026863201526
0.0999326671275203 0.175730268232352 0.0206679568079973 -0.158505071995741
0.183147229677348 0.101957642431971 -0.0528027438348356 -0.0783135810184566
0.191858248303853 0.0464725745446829 -0.0283107407667055 -0.00641567562263623
0.191653402780577 0.0412948498705591 -0.0204345415695633 0.0390767702938966
0.147556557703491 0.111800310442151 -0.0395772468839498 0.0670401951876936
0.0879349589776259 0.171869039797383 -0.0996089038326703 0.0925126138834064
-0.0634254801513846 0.251604913307104 -0.152080692465536 0.0312802198915195
-0.225484335516631 0.164224494940929 -0.14420694845059 -0.0808287550796853
-0.27791191168144 -0.066267320042545 -0.0884170367552421 -0.0849373824192318
-0.246444498624122 -0.267763667172527 -0.057756651286429 0.028409028969986
-0.135426939062093 -0.286689060400072 0.147240457578178 0.156049225848893
-0.223924034027977 -0.255565760353645 0.065981499303053 0.272529782302713
-0.336189873588212 -0.0469111804646409 0.210846087867961 0.257301116287418
-0.269000023112645 0.191417695480266 0.296803459270401 0.0766831250809863
-0.0331214355340732 0.245946841200454 0.172770154413287 -0.0879625658595394
0.0887781131087532 0.178646306631729 0.0718726348148552 -0.0877021738085785
0.175741202531757 0.108539532508855 0.0139524495553055 -0.0408332795451842
0.190147216956786 0.0513554564377057 0.0330766168599122 0.0142329913621089
0.190427138023477 0.0407826192724476 0.0430331470462237 0.0592358281760899
0.149332248085033 0.104645366139227 0.0186529126638862 0.0966112710947852
0.0880442368576603 0.165023738981277 -0.0593908818125257 0.133951540825561
-0.06524726136148 0.238512839140711 -0.132718611265976 0.0739035595940002
-0.218575346433445 0.142681574319123 -0.137697658279281 -0.0437860186981081
-0.24779443356853 -0.0810704538323936 -0.0628785711556854 -0.0614718125293082
-0.197964564769072 -0.259302076826667 -0.00809823002578146 0.100389644842306
-0.0600441004920234 -0.224072126878405 0.150837304643245 0.251103743153025
-0.139150132794988 -0.231977602275699 0.064318196096669 0.31355293766519
-0.259015612388172 -0.080000463147529 0.152292184036552 0.27905413245976
-0.23272915484596 0.126400575997496 0.240219869202147 0.132372958681468
-0.0414814527792263 0.195615667143145 0.166639353810561 -0.007132995208412
0.0670128736564998 0.145334108277594 0.110543455553114 -0.0200427984185203
0.142804720688321 0.0930159829789895 0.074723772318716 -0.00443736307562327
0.159880090561455 0.046904770574183 0.0881514620877624 0.0318662092661736
0.162699471381854 0.037648708701309 0.0988737142265112 0.0754854662463511
0.13047085190087 0.0907966861678696 0.0674494711298051 0.123156746980672
0.0731420221024705 0.14356457806225 -0.0276467953880592 0.167621630669476
-0.0704883078761658 0.197941054033961 -0.119539024719735 0.104706174030873
-0.195161424257017 0.0976615469431813 -0.132861139729294 -0.0158840377560871
-0.189393535147226 -0.0982930031021641 -0.0392942071076833 -0.0442439129834059
-0.117694749463802 -0.226522147568304 0.0302323100377427 0.159413586076627
0.0223728446160552 -0.119869097767678 0.140093887799366 0.299197918458984
-0.040363499104843 -0.155035320555115 0.0620203198238843 0.317653430321926
-0.140249404949174 -0.0741582451653622 0.101195073624158 0.270603193499292
-0.148967563128762 0.0586251398055803 0.185423119080344 0.158871052398519
-0.0302542721529456 0.116413729823005 0.159060618697918 0.0484428807318316
0.0393442078976029 0.0867365862072537 0.136363859664442 0.027763762489745
0.0884252055683179 0.0602301545737733 0.120165595384228 0.0216543725928429
0.105512666832805 0.0355528557364001 0.128167728090545 0.045207428902127
0.110666385641248 0.0294400294845471 0.142089169553779 0.090989756734585
0.094712588807726 0.0680433653121206 0.100320108689496 0.148620212512209
0.0480325654276659 0.109751217061784 -0.0111191575999419 0.198427279988114
-0.06952456091567 0.137637184413807 -0.120309069470586 0.125757587815834
-0.149988575779309 0.0406934493670969 -0.137071979206879 0.00132346557579522
-0.110902275597061 -0.105232050697486 -0.0247505324135266 -0.0334133300595175
-0.0213897707351008 -0.164472965840766 0.0503728143477744 0.201987863996194
-0.0623047957269332 0.0546858618110037 -0.0981881989059283 -0.230467043886901
0.0350919572036425 0.0682976288938793 -0.0466924571609147 0.0260540661907013
0.0825434880495232 0.0166000809513318 0.159754467998469 0.0186128860949784
0.0453295006803658 -0.058156817613631 0.161515234423568 -0.136903824377951
-0.0167121678235535 -0.0481023541937761 0.0251220577440304 -0.240491351600097
-0.0315169724001137 -0.0205369890222585 -0.134598631754887 -0.204484836935643
-0.0351038968498912 -0.0240167258012183 -0.183812244914 -0.106951068136229
-0.0293441280167994 -0.0212841187090942 -0.170353078768336 -0.0480152069371896
-0.0158482865037462 -0.0220475078032331 -0.16549643075141 -0.0309293553715263
0.00724029198209242 -0.0224510170589049 -0.172252895132772 -0.0438048340135757
0.0319158698618572 -0.0197562950760362 -0.168596148365144 -0.0795476824655418
0.0513688222559759 0.024879172085254 -0.142751156651708 -0.167810686926919
0.0223266236057519 0.0784834932696291 -0.0893954374555607 -0.251763296810498
-0.0610815282780298 0.0592605724506705 -0.058822016063527 -0.254818330702009
-0.09943516018477 0.0161545048756401 -0.150545325769634 -0.272834064439366
-0.150389492028052 -0.0390959815253174 -0.0464207092558907 -0.222805836442965
-0.0762859252224647 0.0343691813115686 -0.0248398099331157 0.0352671313844186
-0.0207323691959627 0.0639896010523175 0.199073339016034 0.0303639024575077
0.00516908951592833 0.0398744396701292 0.208399560585953 -0.146990083952168
0.0124739848034472 0.024196495610704 0.0428827873208316 -0.263825114852651
0.0206695982712098 0.0255536369772066 -0.128234000556819 -0.224848239065246
0.0408331775453886 0.00068221725219326 -0.187977311225004 -0.113726888572484
0.0464462540577128 -0.00609515955487054 -0.165932460467852 -0.0450828857286591
0.0540730164088278 0.00548824192300936 -0.161675009438739 -0.0197174791111365
0.0469525041403045 0.0407160259780777 -0.165159411715938 -0.0280051001385132
0.0322451288899515 0.0600048819214035 -0.169064130995487 -0.0542233663122121
-0.0206797332623999 0.100467031084164 -0.151763149276691 -0.13315162821342
-0.08716140409078 0.0865221327312482 -0.106966569140151 -0.218355124469768
-0.150560665089887 -0.0140337650743122 -0.0913188933020323 -0.210480033618293
-0.171759110130517 -0.103378685880121 -0.159634761632043 -0.221212452787154
-0.209147956628682 -0.140676905583258 0.0152596665741614 -0.174452784658966
-0.183872775427521 -0.032465879701445 0.00648855425319693 0.0703872088271235
-0.146397377674963 0.0893658329729912 0.241269633627009 0.0670226688299219
-0.0625786411593794 0.141826153715046 0.265600947222238 -0.133535484570111
0.0288236851799871 0.111826841115171 0.0769880011869511 -0.267977786306793
0.0686570405530809 0.0811903787454282 -0.0974816311806953 -0.228775639204188
0.110905041790301 0.0329538480755411 -0.165370840923129 -0.112931114995632
0.114854195841704 0.00971192039000924 -0.136981021853009 -0.0355256042005995
0.118588458536983 0.0236441151923447 -0.13076008919119 -0.000278214143727663
0.0913752166288864 0.0831836618442233 -0.139185964524548 0.0033642416346394
0.0507965506421839 0.121446183781723 -0.160865602921792 -0.00538282766170483
-0.0530405860000726 0.177807637361434 -0.165474889400744 -0.0802096633839684
-0.165665795094768 0.121811038072732 -0.132685930413567 -0.173409304645949
-0.228216544392278 -0.0461531430411516 -0.11125930732594 -0.160316860427518
-0.233015447839326 -0.18989234202633 -0.146471597002756 -0.140996803623308
-0.228797661997399 -0.230603595074619 0.0769120789548639 -0.0856990776258108
-0.261189319975619 -0.121135201054384 0.0396907026202398 0.130310008298326
-0.267557667245452 0.0781110939940948 0.269054207861109 0.127261781620928
-0.149455448406852 0.218651544279702 0.314241230145068 -0.0880300751533182
0.0261576065974092 0.196373865918456 0.119953561043583 -0.240305243273397
0.100543009510855 0.1361524568613 -0.0463275300724317 -0.208019233596209
0.16301899048716 0.0666859418756231 -0.117463675577141 -0.0997956653830352
0.16706108497756 0.0240560242877211 -0.0889394298979462 -0.0220421729909338
0.167140037802269 0.0297718408879693 -0.0806022731457204 0.0217213932938562
0.129654551751883 0.102237344059714 -0.094317687221289 0.0390668302152015
0.0777516731091762 0.1572780549136 -0.135493442349568 0.0492764213130188
-0.055973483870032 0.235423163579193 -0.166493095801681 -0.0176668361612705
-0.206210688039954 0.160838488285403 -0.149542251122226 -0.122449523628175
-0.27512623347873 -0.0518810938696402 -0.110486686900419 -0.115136538248735
-0.267502440764768 -0.238105237390773 -0.108340643347726 -0.0516309358098986
-0.205956224352332 -0.283517758674606 0.125393694552237 0.0305192309569025
-0.280467326238702 -0.204871690589381 0.0651359680220772 0.203540519982583
-0.342586140650137 0.0286552176581912 0.264328631899975 0.19663936303327
-0.227753076761589 0.241830770322177 0.328392401582182 -0.0148401395715323
0.0039084178653255 0.248202723712787 0.155838431476201 -0.177477376860228
0.109421549417616 0.171876620521553 0.0143393343817048 -0.159574527609221
0.187042915630132 0.0904390501225882 -0.0543979088032352 -0.0741830123819476
0.195223268985788 0.0341627890165581 -0.0284417767022904 -0.00524290613637911
0.192924918703464 0.0318445535379039 -0.0178388615221642 0.0399570865537784
0.152936059543258 0.103948120618438 -0.0364787823967651 0.0702980462899902
0.0962013290669588 0.167123437087291 -0.0948887162352987 0.0985322623022032
-0.0500435029793635 0.256513343574165 -0.151162129576676 0.0380223666300872
-0.216772268971118 0.174574679063206 -0.150730622898513 -0.0751519881585919
-0.280838538035022 -0.0546216518179285 -0.0918717943652611 -0.081831575214083
-0.259599971665253 -0.255914764791624 -0.0550186706626999 0.0300982514776867
-0.147993545581551 -0.282173240760318 0.153517489367219 0.151000565809874
-0.236694230427585 -0.247239677762204 0.07597623283704 0.270521620957241
-0.339261358818943 -0.0313799162176429 0.223503489750202 0.251513771776033
-0.259966958319293 0.204686689816053 0.300593647641802 0.0639535036347207
-0.0215044881410326 0.2467957550472 0.170213052625323 -0.0930992921450445
0.0971747182196251 0.174280633326271 0.0688272481008284 -0.0924549728876565
0.180620672283858 0.0986365019964105 0.0136191905392066 -0.0406775068069768
0.193040046073557 0.0394608309159085 0.0340868746892808 0.0125110167847997
0.192045556164189 0.0315909064047361 0.0458579368145816 0.0560749279750006
0.153849644421671 0.0975393953785224 0.0218159094635485 0.0962204720107361
0.0958434798029152 0.160468558244981 -0.0530249747290302 0.138056507158914
-0.0518591343639676 0.242843120940391 -0.13130620098557 0.0795359629445492
-0.211335763346785 0.153173382373182 -0.142558802527064 -0.0375125298050156
-0.251080278711534 -0.0706915561324375 -0.066324277051842 -0.0595597350333735
-0.210496765215193 -0.248660230968952 -0.00179462412996852 0.0994515984945662
-0.0706832629592267 -0.223159476231247 0.160641191688455 0.246739590364682
-0.150495452975447 -0.227372162146891 0.0756580390953398 0.311492349385153
-0.26366698214362 -0.0679521295703885 0.164635367953693 0.274698326400744
-0.226871403444133 0.138307026993417 0.245878664515126 0.121090455464774
-0.0326029044114479 0.196999217849362 0.167586183931345 -0.0139431497751839
0.0740814193220407 0.14192829157666 0.109894970817852 -0.0264281670707429
0.146335893542517 0.0845450791729987 0.0750511677455411 -0.00735635185324271
0.162494307961259 0.0367897178007761 0.0889587666641311 0.0279204365794132
0.163757377804189 0.0285888665177589 0.10224724126108 0.0709316731229702
0.134391840598871 0.0835517403893444 0.0716318759363399 0.120043921989
0.0797152609303519 0.139927352004868 -0.0192485812363575 0.170071047749541
-0.0589618657758948 0.202276072300284 -0.115908128343968 0.109933368321651
-0.189391426974043 0.106371717475615 -0.136421722714302 -0.0107418941742169
-0.193178373083741 -0.0899616620133213 -0.0425284355825828 -0.0442771515680737
-0.128850073611928 -0.218794518474245 0.0381305363061337 0.156938615771166
0.0160735805876574 -0.121445577451006 0.151692911330137 0.296177408547875
-0.0479434146721096 -0.154179670080111 0.07446650316193 0.315990742006321
-0.143742831781405 -0.0679762648912932 0.111266963178885 0.268207570701234
-0.145672891861485 0.0652670050404752 0.191939183092025 0.151644496758138
-0.0262896479460683 0.116852664947336 0.161661873857831 0.0413790643117474
0.0431422057194053 0.0848377938107149 0.138298572027078 0.0203987187063634
0.0909665893437767 0.054924092767936 0.12092382718895 0.0162286253577898
0.108223283226938 0.0281662976186266 0.128737953937413 0.0393992297183912
0.112347961998613 0.0240199420565917 0.145203346667851 0.0832177467804158
0.098018188071279 0.0628317305158028 0.105799753276194 0.143821940580292
0.05289736428092 0.106762391150372 -0.00266391288008918 0.200217345411754
-0.0614634901644231 0.141719441795787 -0.115839869212783 0.132350788135778
-0.147936293299954 0.0475008894615717 -0.139437339037284 0.00681983809161521
-0.114654489606891 -0.101351999576531 -0.0267666909583976 -0.0340395095708572
-0.0290415751435513 -0.162230073688973 0.0598441577677626 0.198313211196822
-0.063594337653026 0.0562464415489249 -0.102290737037287 -0.229801755282249
0.0348785411858123 0.0683867757127824 -0.0454855478140654 0.0296369594924948
0.0837232054180974 0.0155327570720261 0.163728259305738 0.0149393895770583
0.0440065352638095 -0.0589216148989417 0.16030410207982 -0.141081148775006
-0.0159599723879834 -0.0473884202676427 0.0203694504463675 -0.242738919288526
-0.0310296204350995 -0.019284795755286 -0.139166716729323 -0.199903577652235
-0.0365740232886645 -0.0229816458417839 -0.186949592754984 -0.102113336317059
-0.030032433006268 -0.0208072671339778 -0.171653424878806 -0.0445442807130846
-0.01629062329552 -0.0215098706825134 -0.166138259558049 -0.0255299627056906
0.00628715980643978 -0.0219705614804243 -0.174179316768484 -0.0386190066497695
0.0307332156012234 -0.0209250202490118 -0.172109262326117 -0.0768483661981174
0.0524336397920372 0.0238639173420184 -0.147790424573259 -0.16784648124776
0.0238279012338975 0.0766986201289303 -0.0951752648531893 -0.251006545640106
-0.0624871600491412 0.0594213903069737 -0.0603489414450724 -0.256065754129193
-0.0996947696380434 0.0176697860733275 -0.156054613708843 -0.273879386823129
-0.153354686495332 -0.0358078344531657 -0.0503391186564458 -0.222962128076608
-0.077290452591174 0.0361223868688615 -0.0244002516137777 0.0377465224279053
-0.0198186896418582 0.0663854197452346 0.203416131839739 0.0260227013905067
0.00646718658514584 0.0415806320783406 0.207823350757323 -0.153056743511456
0.0136487819177042 0.0248916182291361 0.0391421427289871 -0.266448528570218
0.0229108929488848 0.0254297047976942 -0.133467022726436 -0.220846262413163
0.0403023220090733 -0.000172480508339456 -0.189287839361609 -0.109109999330389
0.0459264076203943 -0.00789970371229531 -0.166989747181763 -0.0416119500077154
0.0549731550748975 0.00434598290808766 -0.160830753777476 -0.0145700101697898
0.0491960123876282 0.0396723169015857 -0.166382223496951 -0.0229347080999082
0.0334884532922855 0.0590756785320487 -0.171615711471956 -0.0508623593713831
-0.0175315016455631 0.10267986664339 -0.156127334443081 -0.132953839580009
-0.0862095022435632 0.0878936652070519 -0.112772591958084 -0.216904519966499
-0.153931488450577 -0.0122310355382402 -0.0925471427958032 -0.211385136986982
-0.175799965347953 -0.100291356807974 -0.163251764488252 -0.221937953130966
-0.214071105863171 -0.137916248277708 0.0121278764719531 -0.175658590341162
-0.18686039956007 -0.029672530585141 0.00663715472237184 0.0721115402936538
-0.145727352076829 0.093994131378899 0.246749904452123 0.0622743066015552
-0.0585916326629096 0.145397615338632 0.265993833330965 -0.141422955793789
0.0320813352219657 0.113716820828854 0.0743611847683954 -0.271420375876312
0.0726267317377409 0.0806253596047067 -0.102979810986355 -0.227190127282905
0.111566988038681 0.0298297833125697 -0.165580776116561 -0.108444663277585
0.115749054751328 0.00522516536620206 -0.138370161145282 -0.0329957982871077
0.119586109089936 0.0201024560592641 -0.12981387934458 0.00410659374684085
0.0945453507414786 0.0811989184646956 -0.13972881728942 0.00861271203204806
0.0539464118169023 0.12107776903955 -0.162009306056917 -0.00187780052736334
-0.0484649236501313 0.181795773251954 -0.168822790004258 -0.0780362078543799
-0.164558700996513 0.126064870248766 -0.138587367214317 -0.171899037192002
-0.231691610865544 -0.0429367024609921 -0.113051504771062 -0.160039239139225
-0.239441083074383 -0.185580112059314 -0.148273653156247 -0.140714223436714
-0.236109380365105 -0.228087608741779 0.0751263984755293 -0.087148587302903
-0.266266243297749 -0.117052469586356 0.0406359633030096 0.131485226237433
-0.267529608655335 0.0856399676226784 0.275634819332673 0.122794912920673
-0.144197681702229 0.225157398458799 0.315417447898607 -0.0964218228913378
0.0310155336332101 0.19850641562248 0.118147454538363 -0.243792799653809
0.105706050077274 0.134755012372974 -0.0511132103899514 -0.208551968214783
0.164582463473912 0.0618780182802165 -0.117336576615214 -0.0962990060252816
0.168430190961411 0.0176151251648014 -0.0892398012454052 -0.0209931771466581
0.168592225044026 0.025203468274351 -0.078476418784912 0.0240481690706691
0.133433122827089 0.0995030000700966 -0.0932791088422007 0.0429379459980752
0.0819895544725106 0.156736268709231 -0.13415191526246 0.0536869658617015
-0.049035463253221 0.239785234323948 -0.168705885062694 -0.0151321928049401
-0.204188277582138 0.166926665906325 -0.154912561414048 -0.119882204553649
-0.278855511718234 -0.0472428511595317 -0.112072055287237 -0.114616212427962
-0.274538754784732 -0.232702528669266 -0.107827089509334 -0.0523145732547801
-0.213747991853944 -0.282052800321539 0.126504060565312 0.0290329009818146
-0.288347575855159 -0.202774845510884 0.0674241416831471 0.204842146032328
-0.344837716276354 0.0367771811111265 0.271358268301432 0.193594413667929
-0.222533052228475 0.250407455692315 0.331509328266074 -0.0222410747687058
0.00918562194908501 0.25025210661735 0.155014473103365 -0.180488904933044
0.115331191755879 0.170670133709883 0.0106722091609594 -0.161756386583535
0.18979161505169 0.0856727665896009 -0.0531885900718367 -0.0723809539403903
0.196318922542987 0.0266145713890843 -0.0281148551920467 -0.00541545215656589
0.194336087747138 0.0258019615993857 -0.0161139652699259 0.0410952135323538
0.156312754193329 0.100246688291795 -0.034907151788836 0.0727060159735204
0.100884458291793 0.166983733381037 -0.0926734299940528 0.102053218789638
-0.0428538922500626 0.260738998160706 -0.152508384566236 0.0414633734409243
-0.214361803519425 0.181361357050865 -0.156160241409229 -0.0719000859795399
-0.284069299749626 -0.0506415421780987 -0.0935322892794277 -0.0826445300111588
-0.267374417045539 -0.249837978252443 -0.0529238102494319 0.0293932869608104
-0.155575196472093 -0.281929500436346 0.156559343906737 0.150245750073137
-0.244376514464725 -0.246120055405234 0.0795906179424374 0.271368416880868
-0.343373312439323 -0.0243592718839194 0.231057777477587 0.249948186841456
-0.255418573874758 0.21445907801449 0.304393068877235 0.0575171717651623
-0.0170464422165719 0.248613882106223 0.171563809322504 -0.0973103777123646
0.102984150737037 0.173684942086331 0.0673568905785462 -0.0962152859406395
0.183398602952299 0.0925735350950551 0.0150403310272592 -0.040314560469698
0.194409825301685 0.0318239484511622 0.0338218466604733 0.0120142591181458
0.19298794576612 0.0256745266993318 0.0479878493181617 0.0552604612248366
0.157236672831209 0.0936336793125298 0.0243469142473165 0.0969389521794086
0.100288447534825 0.159967862755945 -0.0492358194449392 0.140343723366603
-0.0442124325277286 0.246406653924241 -0.130002061366671 0.0829197447114713
-0.207572735657103 0.158950742255113 -0.147717420542048 -0.0352523896796596
-0.253884826970798 -0.0664743988312144 -0.0678191197074863 -0.0601387396479066
-0.217146966146438 -0.244360887497592 0.00117002840181083 0.0988208157899168
-0.0762161633145497 -0.224155497449238 0.165587431728787 0.247325184042062
-0.157079696536692 -0.227271238571626 0.0808732262287063 0.312925113488947
-0.26625060537904 -0.0626557418801108 0.171063590306399 0.275209115687936
-0.22462503626266 0.145398352011629 0.249480856609891 0.116890257904968
-0.0286774153614401 0.198882937221837 0.169319041581251 -0.0161671854737858
0.0774665181305844 0.141549683307634 0.110719804171377 -0.0304016446179402
0.148992324468132 0.0798501222171069 0.076392125375974 -0.00924407945889712
0.163733422911038 0.0305882545115376 0.0889886929113845 0.0264166735814456
0.165378322867677 0.0241109890658843 0.104518077298674 0.0679163451874699
0.137278732003898 0.0804951510691741 0.0739844765080828 0.119344026146144
0.0828517248497715 0.138793640988567 -0.0153115396636278 0.1725863805841
-0.0532292440704293 0.205479194714021 -0.114341761790924 0.113157906834208
-0.187590562307097 0.111065473963328 -0.139775407617354 -0.00798410172884035
-0.196363803553615 -0.0873414094221779 -0.0443888213388151 -0.044912160713601
-0.134035449801015 -0.215973158215173 0.0418959633715495 0.156195881351426
0.0122170263523879 -0.122171987161097 0.157819885984314 0.29856104943438
-0.0526384182661977 -0.154716598212032 0.0795764398352128 0.318113917888689
-0.146147218252793 -0.0656618201542139 0.116804873888122 0.269714018317978
-0.144128560644245 0.0694091814066124 0.195319850099058 0.148180218585141
-0.0239015000913712 0.116491873856177 0.163612541639425 0.0395814612838687
0.0443558111885825 0.0838668574885147 0.139733207767432 0.0164369699089434
0.0911652798355835 0.0522231537095487 0.122094193961116 0.0140985349964305
0.108585259625109 0.0239315424972153 0.129451082509081 0.0363481506166013
0.113179704016855 0.0201482850023465 0.146365134784567 0.0803499017971293
0.100127430762422 0.0597807798329584 0.108135104336777 0.141900290961286
0.0552957812106834 0.105957641426021 0.00198195313734626 0.201410379075098
-0.0575771239023446 0.144602953252884 -0.114809785237656 0.134766363587912
-0.146132864918628 0.0512030490068246 -0.142723866496402 0.00889882758339374
-0.117095775822535 -0.0994626217906581 -0.0280996252597818 -0.0349027337445552
-0.0329343151637823 -0.161176768809622 0.0643051975738004 0.19784006447463
-0.0521165517259652 0.067502366457069 -0.160630242686624 -0.219103789745729
0.0474020480376727 0.06065908744371 -0.0423245828706452 0.0454980791024206
0.0855947812238192 -0.00331029394064969 0.17576275912676 -0.0137672203313666
0.0298581829567596 -0.0699570593861762 0.144383803813906 -0.17833675537553
-0.027956833415015 -0.0452079782999765 -0.0275988759213353 -0.256879361536555
-0.0362175327297903 -0.011041449200444 -0.180886503626385 -0.17800968846454
-0.0423176939092671 -0.012763953398926 -0.207523655129084 -0.0694577944638263
-0.0352578383967768 -0.0144020406249614 -0.182641411898375 -0.00979222654655509
-0.0214017119202483 -0.0177333344624325 -0.175442764248548 0.00901375338415128
0.000713436123004224 -0.0237779881567749 -0.188305747122465 -0.000660756552743321
0.0237068996840578 -0.0279301467223061 -0.193860029823973 -0.0417842598153845
0.056572357797865 0.00946880635266662 -0.192141332607662 -0.140746404122144
0.039499803323879 0.066004802036945 -0.156251126340759 -0.239129121159073
-0.0492795666090288 0.0695489196562013 -0.11579156675358 -0.258458676083978
-0.0973055631003102 0.0336108912417594 -0.213291644794248 -0.258449615506832
-0.156986934474957 -0.00593866760923698 -0.105066170214949 -0.23152845677804
-0.0689635691970673 0.0523779234487904 -0.0206633536813025 0.0441538186865019
-0.00331131418909672 0.0683162947991853 0.210375363447731 -0.0143055628029216
0.0168772159125758 0.0362180419789253 0.1814334263577 -0.198654214002077
0.0165976980940435 0.0196214436191912 -0.0148260163280508 -0.280587850933258
0.0263789080015589 0.0220076524226048 -0.180376438104378 -0.195668540762713
0.0375148657010755 -0.00875721684116646 -0.210726342579677 -0.069744913671581
0.0426236788883561 -0.0169430225783007 -0.176674318418288 -0.00772257780588021
0.0537972523317153 -0.00630867949929764 -0.167604992627895 0.0188625828999201
0.0555128780415441 0.0296378212831865 -0.178658905435674 0.0137161690493607
0.0410052171315329 0.0503486209716861 -0.189238198136595 -0.0146121367954741
0.00433003546522545 0.101568285519153 -0.194156340369106 -0.106786627413935
-0.066174365386298 0.0992267041673279 -0.16823748378341 -0.204347683907276
-0.15686100476628 0.0170937646278258 -0.132747157853864 -0.204067853004943
-0.199029108941582 -0.0691511693434472 -0.202183055830479 -0.199890099706829
-0.235561117325994 -0.0930168253688379 -0.02785038518413 -0.202874538073055
-0.189665528679741 0.00963908922747901 0.0170605942235766 0.0673774487560693
-0.120075654888291 0.122468639304569 0.255051819256366 0.00809673088851317
-0.022782468558716 0.15162026506009 0.233083464520013 -0.19998909408493
0.0532983512880322 0.102507209595008 0.0175093390532043 -0.286919289548993
0.0866196122542692 0.0662661878639599 -0.151256000118223 -0.204288362599606
0.113931425867748 0.00464504370692053 -0.186336359998455 -0.0675581834047508
0.11416808829679 -0.018059823304811 -0.145584022984463 -0.0045302137746467
0.120945477250541 -0.00390825358874342 -0.132678335758218 0.0311776737815251
0.109008215754222 0.0619912297465941 -0.145443762091785 0.0406385430366984
0.073419734253395 0.107013839316841 -0.169615673265609 0.0341310963034774
-0.011729122255381 0.186645573308576 -0.196471369921561 -0.0475437283098819
-0.135959257847882 0.152618868140829 -0.186167181187425 -0.154894824257466
-0.241873833492551 0.00272014560169937 -0.13860363344173 -0.147672564802207
-0.281276533732973 -0.140333613220526 -0.163022910246479 -0.116816446378786
-0.273149419958167 -0.176582016531679 0.0595115379091021 -0.128155238490035
-0.286041707529133 -0.0612608277849734 0.0654286329865885 0.115442920264747
-0.240975781124257 0.140002364145317 0.291006745298999 0.05609931058142
-0.0873880581993681 0.248810584566767 0.284317354494763 -0.167723681009304
0.0704721257255767 0.186098791178285 0.0634636450565756 -0.264465770456168
0.130760439112571 0.111870073209481 -0.0964111270959625 -0.192877124487948
0.172997848074856 0.0233612300371669 -0.13627553491196 -0.0602818791421857
0.168697292282453 -0.0163794746927916 -0.0939419288595606 -0.00155463930493506
0.170104550256076 -0.00927072467995574 -0.0769306279675545 0.0401357020892554
0.150308875747778 0.0726726317567075 -0.0912353952066437 0.0665779954756272
0.107709296100233 0.137416793391835 -0.129847365753495 0.0862254351125767
-0.000544855591789867 0.244056948658198 -0.183145981247322 0.0177244649001929
-0.166260343682444 0.201558214000079 -0.193880790797062 -0.100232187299653
-0.28927748353556 0.00861784435584669 -0.126653171359346 -0.102320668883961
-0.326363023846126 -0.178215119320797 -0.0997586346694505 -0.0317406303868325
-0.2621964993803 -0.233466330423725 0.141493193804687 -0.0178364676386903
-0.324918427420702 -0.139721015018994 0.110222124002878 0.18300658360086
-0.326537047544695 0.10858589590353 0.299976876680162 0.123119015236892
-0.157085758531391 0.290641545888155 0.310263125214384 -0.0987774213566407
0.0598961733048117 0.240788380970107 0.111490408862635 -0.204851488025
0.147152632076421 0.145044839984534 -0.0254546473260512 -0.156275646250245
0.202757033622798 0.040226449623245 -0.068326742604441 -0.0457335684283165
0.197883683872956 -0.0126067468122743 -0.029485893778247 0.00187668622580407
0.195735570204354 -0.0134399320163198 -0.00974979182812285 0.0448315771437566
0.173260838783057 0.0695084994150306 -0.0252975244192379 0.0848125785691125
0.127591940422491 0.144385049210413 -0.0756608910847916 0.128074936359843
0.00994834464386245 0.263578102631557 -0.15502636992962 0.0732256991346765
-0.17389998469689 0.217578705666321 -0.185932602765797 -0.0505309180462381
-0.295697856846441 0.00713580422582151 -0.100605296987172 -0.0723406923191864
-0.323326670052588 -0.195520842056806 -0.0258665392555205 0.0425036480800858
-0.207023363454196 -0.243396627622569 0.200705833756367 0.106448329718741
-0.28996036591452 -0.191361856020836 0.139460661868401 0.25034902935532
-0.338165651879991 0.0487302051967515 0.272897461845645 0.187378688231151
-0.197044150010021 0.263346927916915 0.298776039773668 -0.0144201271860806
0.034833118379114 0.245623700318308 0.143505225331944 -0.122885977491747
0.135985970145371 0.150760029352771 0.0446157844941466 -0.101589219783048
0.198822310926835 0.0483198334676154 0.00612891604957238 -0.0270895371632053
0.197861429973827 -0.00735293506638311 0.0368832179711204 0.00624370609368312
0.194902146162046 -0.013418458937691 0.0569891026948533 0.0462989998509049
0.173805926257232 0.0624159812350279 0.040643951449286 0.0973075030286768
0.125989762629537 0.13816092814728 -0.0231473718230914 0.157895789384548
0.0043812610182947 0.251900415116684 -0.121914081198006 0.111727200413336
-0.172175452408931 0.195125087564433 -0.168224336073396 -0.0135220513012931
-0.268160075865671 -0.0136755437670987 -0.0703058130302423 -0.0533495689209009
-0.270329606159501 -0.198257601540465 0.0411195465823471 0.104932689205407
-0.118541914289313 -0.201983926627329 0.231474959783654 0.213830408929363
-0.200768657774809 -0.190312860314474 0.151566902224561 0.297658342401467
-0.270854608990042 -0.00428992593827583 0.222631235540116 0.228472439145971
-0.181861601008179 0.190199732696876 0.26006344869989 0.0583612631694955
0.0129403160071417 0.198412973826201 0.15985366479676 -0.0426205379202271
0.104429603368374 0.123038251345655 0.102541998212554 -0.0457294527161135
0.162092449733396 0.0440262306995831 0.0737929595192499 -0.0107747461012933
0.167651186327313 -0.00296220836624482 0.0954062214929039 0.00943554808839926
0.167685453288893 -0.00911020625455345 0.118423462728449 0.0478215431252997
0.151675265511198 0.052977869259794 0.0972426314492365 0.108816826412295
0.105972891716406 0.121329318872308 0.019484442675788 0.182940142330354
-0.0130195114658139 0.213474964810332 -0.0981393573748331 0.139447489645457
-0.160597420718309 0.144500208291594 -0.152019367155085 0.0131864197067806
-0.21388067574304 -0.047136344188387 -0.0451273567513961 -0.0404030563035998
-0.180130879848601 -0.185931926694961 0.0897017299395529 0.157664745862341
-0.0126152222045899 -0.120318781379557 0.233043415046195 0.276916380449747
-0.0819756161529825 -0.141618237510191 0.150708394692179 0.308736030683889
-0.15355749179057 -0.0324029903806805 0.171819883865935 0.242093032423939
-0.120834579349976 0.0985309264121164 0.219176075842378 0.1059330086526
0.00138592649585408 0.11723097190022 0.169320297603163 0.0126755267550864
0.0600720732368139 0.0717831256840777 0.143183246217706 -0.00694056870589305
0.101122653462942 0.0294294894428844 0.124980060478962 -0.00151129972823865
0.112812291950509 0.00117010283727135 0.13782574396105 0.0132141281368041
0.116195958538372 -0.00201438701763138 0.164626684917421 0.0511625584140636
0.110633722986495 0.0403807630333097 0.138013710186404 0.124689027097162
0.0731945115962405 0.0951547021148778 0.0446529186152708 0.208420363538192
-0.0294146078636385 0.153974385423467 -0.0924863944633484 0.162418400040104
-0.132997312119884 0.077814216916453 -0.148230060912347 0.0335497218344784
-0.137311127838734 -0.0751210137514328 -0.0304354856116995 -0.0308710349481923
-0.0669525918010962 -0.151034213307117 0.115688295422203 0.197686147125466
-0.0543990948409995 0.0736541133801811 -0.174999161304497 -0.22664128033997
0.0503264825972087 0.0638486332435716 -0.0429063953762192 0.0501233938898897
0.0906947046130346 -0.00523736653487838 0.185298660599531 -0.0207485081650773
0.029392181748435 -0.0737555558034211 0.147450653918399 -0.19187996274746
-0.0296463569441531 -0.0473227067058048 -0.0348658792548471 -0.269400402281782
-0.0370042048615616 -0.0104637306326812 -0.193397207612077 -0.180350564056769
-0.0441358104693923 -0.0111259299951461 -0.219272628526253 -0.0668879292965085
-0.0376320549201251 -0.013526987610641 -0.192294486462071 -0.00529401871984228
-0.0221585265678322 -0.0177727244149651 -0.182989233674247 0.0148991881360006
0.000965313648553674 -0.0248081547550811 -0.197571285736135 0.00573248351176829
0.0232220442967201 -0.0297927211485759 -0.206053878279872 -0.0380402697931274
0.0602729326963955 0.008001159363222 -0.207603807979032 -0.144098672404796
0.0422410496751252 0.0668359667056856 -0.169536096182873 -0.246013076935437
-0.0523327009123648 0.0750689851727363 -0.124111959396046 -0.270385511067414
-0.101658485512542 0.0377952474407934 -0.230731419137165 -0.269205110870751
-0.1656304561814 -0.000555040967784545 -0.116268986082224 -0.242102364846929
-0.0724681996783577 0.0575462257592376 -0.0206560786132838 0.0478231757629371
-0.000637474366134543 0.0728587324490855 0.221525846819885 -0.0221654174780878
0.0196225440613701 0.0379825806304386 0.185666090496953 -0.214689470758223
0.019506260725976 0.019883442356235 -0.0217655829653987 -0.294486464418765
0.0299387636180953 0.0225078313450227 -0.19424009766358 -0.199898971612875
0.0390209718280012 -0.0097055271234746 -0.221252843282089 -0.0674158048217998
0.0433723411738727 -0.0196662484111681 -0.185417970475655 -0.00288666023279578
0.0571361429558226 -0.0089252160675317 -0.174436269661755 0.0249541974763969
0.0601609761961013 0.0292983277825407 -0.186495207079274 0.0209995002941275
0.0439560067061943 0.0520197421921629 -0.19981495517779 -0.0100693860608788
0.00796412330400199 0.10680019341247 -0.209001324098436 -0.10714790606144
-0.0679821000763487 0.104789299105208 -0.181872292334056 -0.210848611965209
-0.166167161193599 0.0220117177597275 -0.141392509605674 -0.213108397089714
-0.211966605731884 -0.0673201176939329 -0.217011465570919 -0.207780150809502
-0.250053049380124 -0.0903295345223345 -0.0336273253755389 -0.213135302389073
-0.200204565253719 0.0150556200486694 0.0193202586017955 0.070979829182618
-0.122207449905972 0.1335791826933 0.268789470272828 -0.000302994412040974
-0.0180094036823407 0.160993918648194 0.239653631112837 -0.217600492877021
0.0601904922490183 0.106306139552359 0.0121984774084078 -0.303399013730709
0.0944419374832201 0.0672036433779186 -0.164272579149106 -0.20947545008418
0.119559812960155 0.00163871449531116 -0.195352782736339 -0.066352917763356
0.118068743535005 -0.0236389504435236 -0.15236476967734 -0.000865326414875616
0.126838193335071 -0.00830766546298904 -0.136819294573194 0.0361746273214876
0.116532174980557 0.0620946042198286 -0.150421096916036 0.0482674868062689
0.0801822799493534 0.110943299421853 -0.17691877941991 0.0414544455521774
-0.00476977545939933 0.196439659682738 -0.210473716702612 -0.045415367341477
-0.139349385279461 0.164284084434968 -0.200493522746119 -0.157889170027353
-0.256197548306577 0.0089856836852065 -0.14721365736464 -0.154388125812851
-0.29992960603014 -0.139704769889756 -0.174170287495921 -0.122110219274283
-0.292476154720433 -0.178722721314082 0.0595218895973972 -0.136468354153209
-0.303255935145349 -0.0569295302689789 0.0704926580919659 0.120355801784194
-0.248853965722173 0.154692980635653 0.307676389642957 0.0501003504323407
-0.0829479274523572 0.264292855098882 0.29384287048442 -0.184691183674961
0.0801124513363039 0.193770004013564 0.0621001376742719 -0.281108405469254
0.14182827394309 0.114073594618416 -0.107574119385305 -0.19960649443008
0.18132861464052 0.019214848878356 -0.142210978274935 -0.0595801099384596
0.174684607393047 -0.0245660790011142 -0.0986257760111042 0.000887651763384855
0.178052798562578 -0.0151482813438656 -0.0780996184031494 0.0440161911074771
0.160901030588852 0.0723024092085989 -0.0929959602031254 0.0738175521683912
0.116642406316664 0.141523091211798 -0.133550020738945 0.0952326519386528
0.00923400516041627 0.256392557799931 -0.194968735427208 0.022760383672117
-0.170070638425225 0.216391450299419 -0.208219548067655 -0.0992464806943012
-0.30537286557756 0.0162365522837147 -0.13422617251274 -0.106088813478703
-0.348780993907343 -0.177895851454575 -0.104876692564392 -0.0331317962280692
-0.283281628333453 -0.239025407022507 0.148289706164794 -0.021527567327939
-0.346660449435728 -0.138711942313158 0.119001008509091 0.189579815677642
-0.340202718291446 0.124940659780964 0.318964564837967 0.119894832863169
-0.155513645039869 0.311101208438268 0.322822119275653 -0.113412737678294
0.0703938147498565 0.252107879249091 0.112054857135615 -0.219650678042188
0.159619419245457 0.147892540722045 -0.0327204821746488 -0.16328532683599
0.213525565976996 0.0364501192227067 -0.0702584791581912 -0.0473526266714869
0.205976892961184 -0.0222894208542621 -0.0306372042794263 0.00318203442940736
0.204875373003289 -0.0211700659951377 -0.0082883497692676 0.0463731403350565
0.184481898021076 0.0682672068401782 -0.0234622177970975 0.0912241195290898
0.138357901417818 0.147545452619367 -0.0755824940638874 0.137151341960632
0.0209610979223495 0.277433731422449 -0.162830931806054 0.0802110516961656
-0.175922856194493 0.233356759173301 -0.198987850044053 -0.047409072243813
-0.311554201396801 0.0143869754539395 -0.107395805864145 -0.0745700998809941
-0.34441490121434 -0.196402131824917 -0.0255442951812382 0.0439662139701841
-0.223874820818419 -0.251102148463444 0.213565135158948 0.108177672034144
-0.312034044758934 -0.193284397156683 0.152103774282133 0.260206680987711
-0.353255007886493 0.0613712573662108 0.29300272326807 0.18964856148277
-0.19832377074644 0.283609179213609 0.313041567692617 -0.0240707697522298
0.0435301825003718 0.257946787042786 0.149049028658614 -0.133454333499565
0.146938883045074 0.153707122225552 0.043428296755855 -0.108372694279457
0.209629331262117 0.0450698961865233 0.00771116471375077 -0.0296502096726105
0.20573118774525 -0.0164697133850751 0.0391776926444368 0.00524560030522388
0.203571922329982 -0.0211658117478422 0.0615721228433406 0.046664567001646
0.182897178440076 0.059738478458854 0.0448844478274597 0.101841314337599
0.136335763800527 0.141388884238476 -0.0195666727184126 0.166827287111159
0.0139686198402999 0.263935926923211 -0.126951597677746 0.120659812400753
-0.173388618762572 0.210283289976523 -0.179843932891731 -0.0092012975610153
-0.281729820432348 -0.00825740865189836 -0.0762062179934428 -0.0568748691480821
-0.288780076555641 -0.199118623490835 0.0467827571316346 0.108085414690479
-0.130902493711274 -0.208641009837359 0.24938892698855 0.220648158715299
-0.216721478880281 -0.194991890132653 0.16531368662547 0.309334832196173
-0.284364218429462 0.00306570155946138 0.239946240765496 0.234686233728396
-0.185953402976985 0.205729509587843 0.273311101131224 0.054840953651976
0.0190502298262085 0.208543759489052 0.16713023524965 -0.0488549528058618
0.112439525217802 0.12612148651673 0.10554335388357 -0.051298126096694
0.170528201206986 0.040693520893098 0.0786744728786847 -0.013446931886466
0.174677295009092 -0.0104540045806403 0.10083123144572 0.0086442608437683
0.17477938328947 -0.0149981824395917 0.124597170685484 0.0469491127671608
0.160124491758242 0.0510640267002449 0.104138201128351 0.112179687745139
0.114237020027465 0.124416294782675 0.0260852951637474 0.19180438025267
-0.00526735524917192 0.224066756773042 -0.10140490352555 0.149222268251232
-0.163680004552912 0.155602026489342 -0.162788556348251 0.018592674716556
-0.225496911292145 -0.0451058515006837 -0.0498952735903525 -0.0425618862476635
-0.193655413339713 -0.189660726706361 0.0992831390438233 0.162464661320214
-0.0174530769278029 -0.125463498440782 0.251815971379926 0.288280300153131
-0.0913299272733287 -0.145788529300263 0.16593920343333 0.321758550039192
-0.162880848308925 -0.0297248290483347 0.186219082311469 0.251466265796957
-0.124007416439592 0.106847102211677 0.231323248509899 0.106001658176562
0.00382518559209948 0.122611335158354 0.177761452096951 0.00919154327906694
0.064147491814425 0.0744976068368988 0.150209735469901 -0.0122757455380999
0.105853624699448 0.0273201161509045 0.131365020418911 -0.00515403026777621
0.117303938789647 -0.00343577880323853 0.14555189482423 0.0102374604196223
0.120607562741638 -0.00647425621349408 0.173743960207117 0.0498047604461074
0.116911246260958 0.0385887078135203 0.146528207876848 0.127877640964774
0.0793243658734694 0.0971722004813444 0.052405531607223 0.21837740581475
-0.0248935034746696 0.161908668389113 -0.0935865185227783 0.172951886364463
-0.136324699079684 0.0846661438551101 -0.157625808260666 0.0397572710233168
-0.14538516487896 -0.0759643655018892 -0.0348249716080553 -0.0323754869581106
-0.0739615240038339 -0.155545087659797 0.126877215316118 0.203870785127883
-0.0527671012343078 0.0827537253861794 -0.198062961247149 -0.228586547256927
0.0557301969567586 0.0646543373245245 -0.0418753053566023 0.0561833748465258
0.096196960421046 -0.01138448775059 0.192610535414186 -0.0340518285977838
0.0268195371351823 -0.0796150168114182 0.144362890298306 -0.211098962117563
-0.0330885390640833 -0.0478479557926064 -0.0521222421895765 -0.281636807504654
-0.0379325001055848 -0.00901915693529941 -0.213035534256853 -0.177218105808286
-0.0467100561072401 -0.00762445219690313 -0.233946929383685 -0.0560751512726919
-0.03985153171578 -0.0113776315595115 -0.202558596981045 0.00608296365282002
-0.0237325321320809 -0.0173893092638118 -0.191869962999249 0.0270694833531216
-0.000438171166789563 -0.0258757059927465 -0.207004220363448 0.0189873463064681
0.0218908925411981 -0.0321397589797003 -0.219552490945361 -0.0282859911913434
0.0631783054181441 0.0041945466987398 -0.228587455285797 -0.13846795327224
0.0472079390752938 0.0669396199361019 -0.192452821441963 -0.248611190362168
-0.0524132418055674 0.0828106356851113 -0.143444660333882 -0.280562712014845
-0.104866027293845 0.0462307415486614 -0.258832451283015 -0.273710980949222
-0.174691540042695 0.0105115090141582 -0.136438585288503 -0.248627961446969
-0.0735750556001895 0.0653049400954211 -0.0195991148686103 0.052803664590954
0.00464832368623123 0.0772949484795661 0.230919606795804 -0.0378711895199356
0.0237159683777787 0.0391388040696561 0.182363536089914 -0.237759385803204
0.0222654676558759 0.0203588007050385 -0.0402196690482665 -0.309440962926622
0.0345159031834481 0.0211845436678294 -0.215538115068069 -0.19753911709579
0.0413879188336357 -0.0126890428763422 -0.235389178657412 -0.0571499083599845
0.0435588738875456 -0.023926000923641 -0.194927942990317 0.00807469575772036
0.0595335750831059 -0.0136833195469026 -0.18079452115145 0.0369669121699194
0.0659706495452074 0.027305245810099 -0.194691147021137 0.0346014779994069
0.0497212078185139 0.0526087314962946 -0.21054772360232 0.00175687913636725
0.0157822302656631 0.111783212843869 -0.228754762652679 -0.100503888853985
-0.0661868147738118 0.113821097368313 -0.203592400593536 -0.210838120017955
-0.175735939090894 0.0334726692437705 -0.158481275515169 -0.220125109555423
-0.227054739102093 -0.0572046042426251 -0.240137693963077 -0.209734638816645
-0.269663340546179 -0.0797594396062253 -0.0481409460578757 -0.223798038520386
-0.211004398553975 0.0293436211139629 0.0242606700309027 0.0745498750816033
-0.119147232865216 0.148584044683656 0.281432391668804 -0.0171832236199365
-0.00735364174293849 0.172083103363327 0.238951418973224 -0.2445373433089
0.0711361617335229 0.108193032436609 -0.00539983467732389 -0.321047102642565
0.104956305103284 0.0635936029506192 -0.185721840792505 -0.209495372859466
0.125276270209605 -0.00526643092945806 -0.207159930567272 -0.0585888213119045
0.121339754971172 -0.0336975866613608 -0.159923351404177 0.00793394057161122
0.132733973268699 -0.0178233035884747 -0.140456418287781 0.0461452796290054
0.128311582787552 0.0583323333048966 -0.155081050595895 0.0607002370696244
0.0914323309954668 0.112108779404665 -0.183888898513521 0.0547406068927035
0.00952867558434307 0.207765188916123 -0.227187680409003 -0.0355241664229365
-0.137549354854594 0.180711071588778 -0.221577649970603 -0.154648443910793
-0.270792275923911 0.0239910765066897 -0.163038797855621 -0.156964194892859
-0.324986401071222 -0.127561220730227 -0.189473038718071 -0.120614007710506
-0.318754939728512 -0.169859646103516 0.0555236147715736 -0.147853384169955
-0.323620860541845 -0.0412273641539294 0.0802447660206926 0.123530325235152
-0.252104429203649 0.180011038665471 0.326440928446347 0.0335599261636353
-0.069206886752583 0.285546666381491 0.297604997333997 -0.213152164235514
0.0967678131203792 0.199215094227005 0.0481308069696165 -0.300636612889432
0.157156527385766 0.110483025411869 -0.125399695100891 -0.202930656299747
0.191852328388203 0.00840068937406462 -0.150797937287033 -0.0554307582445495
0.180489576576387 -0.0390428815923613 -0.102629490245998 0.00645048266991851
0.18551716982566 -0.0280712987021938 -0.0784093184393136 0.0509345053296512
0.175098831536594 0.0656267972805873 -0.093006296033559 0.084327225266821
0.131871974472119 0.141888554235731 -0.134417122106574 0.108482075593791
0.0282334035334673 0.269759937823928 -0.206299726921524 0.0366246038388646
-0.164902959898825 0.238218001434331 -0.227398646546497 -0.0915604419951361
-0.321470726059615 0.035110360226003 -0.147426033741077 -0.106521569918797
-0.377703402830528 -0.164808175291652 -0.111199205048093 -0.0319330059694494
-0.311950070361212 -0.234230409754123 0.154645743493964 -0.031518486737222
-0.374353817809415 -0.12555324309779 0.135470311015351 0.192384079852516
-0.350068119324393 0.152580839773358 0.342600122571433 0.106980392599129
-0.143905056250363 0.337682305819223 0.331897518459188 -0.138639749164002
0.0905934719486524 0.261881913808531 0.105833780043076 -0.238727863320386
0.177531987985324 0.145751753766984 -0.0450671674095047 -0.169865940899032
0.226427260960359 0.0239470421101511 -0.0744254463497874 -0.0468273990088166
0.213190478758458 -0.0379286258785055 -0.0312837424911774 0.00428420074999919
0.213341821722134 -0.036192629963864 -0.00599178253391285 0.0494609944595481
0.198624187023372 0.0603012983218789 -0.019399644963124 0.0975713169581933
0.154881430331872 0.147101678576942 -0.0710078402343944 0.149449936373534
0.041429090560784 0.290399134824801 -0.16860272092829 0.0950115718892807
-0.170833027772274 0.257270264214673 -0.214382926465522 -0.0370346397028123
-0.327248118020775 0.0338148142047757 -0.118064918735339 -0.0745940424643923
-0.374717008481154 -0.183654535083902 -0.0233137488729236 0.0454566662520549
-0.252044018000871 -0.250925378756915 0.231463996823081 0.102224219351246
-0.341835893965465 -0.185404984778857 0.173619489348479 0.265232516061343
-0.368735962761949 0.0878010981832009 0.317914095978764 0.181661766427081
-0.19073819917465 0.31123531440736 0.325883522615501 -0.0433586178584862
0.0620267746494555 0.269221142365042 0.148836081498327 -0.149313699704894
0.164358307931244 0.153100951674451 0.0376889037728409 -0.116249480913455
0.222549571642644 0.0335328574863831 0.00844331972987019 -0.0327775188540081
0.212989768711675 -0.0326970802376597 0.0422750187375397 0.0035427922814889
0.211922445804921 -0.0356254554243743 0.067884268735348 0.0448804353680114
0.197335830369351 0.0515845859022079 0.0537816470430877 0.104595619912341
0.151948763527107 0.140319617865037 -0.0100043004132267 0.17708114442122
0.033383431388403 0.276234953687351 -0.12881780595704 0.135509884811272
-0.169399095267069 0.231631268949719 -0.191800752357518 0.00218474206055329
-0.297420786863512 0.00810438730149336 -0.084413904789067 -0.0563649355446725
-0.316421121298076 -0.19100244646521 0.0567652686332359 0.109485246772127
-0.151130857916111 -0.211805997065613 0.275533571824317 0.219929068720735
-0.241060080052942 -0.191384419904417 0.190822980394707 0.315886139998747
-0.299472502516133 0.0218534610066635 0.264865434028305 0.233779022382754
-0.181939087084826 0.228103318743883 0.289199177092599 0.0423804544718486
0.0327911090543716 0.218409337034155 0.173432893875427 -0.0608130121263416
0.125679473736597 0.126878206675378 0.107645240392573 -0.0600538339587266
0.181193715897712 0.0322081446677482 0.0832946180744025 -0.0195977050256808
0.181203430086604 -0.0236917339242984 0.10699548994048 0.00281153641613688
0.181880618989558 -0.0286243727266417 0.133570265578287 0.0418666664690038
0.171476566735446 0.0432535629264425 0.115452711191544 0.112572815716995
0.12791471256675 0.123831883787258 0.039470762047374 0.200411188627757
0.00970234554969862 0.235399036720921 -0.0997586169599384 0.164339032386618
-0.161662447434716 0.173661167897165 -0.17225202510715 0.0304246586975441
-0.240016304720443 -0.0338255194170135 -0.0566681620363634 -0.0422581202538791
-0.215467226035418 -0.186326577232536 0.11531927139331 0.164429136351354
-0.0268264581683649 -0.129388557819013 0.282265435953726 0.291661103643567
-0.105089586624415 -0.146394306126585 0.190866821980079 0.329251721089257
-0.172772213557841 -0.0207331641774597 0.20952278691233 0.255344146756283
-0.124404390801414 0.120688036244181 0.248340434037155 0.0996131005158317
0.0112361417745519 0.128620244877533 0.188292923499178 0.000190415869112688
0.0711736189901389 0.0754646214630918 0.157216679536625 -0.0214016945627892
0.112371077344876 0.0227090135623896 0.139117305165062 -0.0133028388550823
0.122408077288446 -0.012387183293088 0.154623265590551 0.00295720305148708
0.125556113193761 -0.0147624061434961 0.185014691899359 0.0414289584821562
0.124313506276197 0.0319578594319798 0.161136955791938 0.125757054845368
0.0893086737604494 0.0966602135963302 0.0680283918994338 0.226947922184278
-0.0153134462825952 0.171319499759848 -0.0900953313579435 0.18849370885879
-0.138319204565359 0.0968807792118509 -0.16530649945108 0.051489855310755
-0.156494506252755 -0.0722661027501919 -0.0406909683907912 -0.0330976683660148
-0.0871112414935654 -0.158116297953649 0.146332877571821 0.207299816995357
-0.0470634474263478 0.0908491793323264 -0.222762511534337 -0.218055731677389
0.0615377399275572 0.063721840452066 -0.0395989806102943 0.0620448144661603
0.0981086890234853 -0.0201504978817485 0.193911342037322 -0.0497655914242668
0.021337556443893 -0.0828633116376386 0.130936181512355 -0.228524509271493
-0.0373431945057059 -0.046740075322406 -0.0753904683158505 -0.284022197854902
-0.0383157225904311 -0.00597971400203514 -0.231822506116595 -0.163251668038768
-0.0470612251832895 -0.00360364025946904 -0.243147738843677 -0.0368412333088624
-0.0415165142733364 -0.00741474854538968 -0.205943343220936 0.0239016395264094
-0.0253681300646447 -0.0156140803330999 -0.192804796706489 0.0438438297668925
-0.00195220486509178 -0.0268257842206171 -0.210097004696746 0.0376540410866831
0.0196655824890404 -0.0339934148043794 -0.22765667913827 -0.0106814883249058
0.0647189639761329 -0.00143699505872083 -0.247511885834607 -0.121440320573033
0.0524665156241608 0.063510550955303 -0.216118603466605 -0.238521602269491
-0.0483428186758669 0.0899660561884554 -0.166081135443682 -0.278347064942024
-0.103014429398607 0.056188769252155 -0.289052949779036 -0.262175127650418
-0.17739411776623 0.0275376622287271 -0.160968659413994 -0.244625605211938
-0.0700268147579578 0.0739655042741578 -0.0158135876635809 0.0561479724441896
0.0127032350363083 0.0784664443135691 0.231705935965686 -0.0577923678348281
0.0285186234728931 0.0386679046112995 0.167612222488039 -0.258977453218546
0.0249079308851724 0.018447725818133 -0.0663789071597966 -0.313914725078429
0.0381547693210128 0.0184973955723966 -0.236077614266707 -0.183040887436231
0.0413767223293115 -0.0155662391574131 -0.244839280757737 -0.038831361723887
0.0419179475833844 -0.0287458900292141 -0.197748450927508 0.0247791004558778
0.0598348613388332 -0.0195702415191929 -0.180154368964122 0.0527837969674506
0.0704669537976514 0.0218702024004896 -0.194623951983221 0.0530770520207313
0.0552580335951201 0.050074027777353 -0.216435626888441 0.0195791169300314
0.0264650773817898 0.112337834915682 -0.244860132638606 -0.0823843629932216
-0.0593708415511568 0.122023742610666 -0.225274451718373 -0.19924206484739
-0.178579541292071 0.0488568984106998 -0.178207797145623 -0.215398368631581
-0.237024600501629 -0.0385868280748517 -0.263153162145473 -0.198052603511482
-0.281978502377359 -0.0572186849487068 -0.068378159272348 -0.22630194540397
-0.214292515070278 0.046589132742433 0.0291807228828366 0.0746430163650705
-0.10779095781087 0.163027344025328 0.286008003469202 -0.0419561318146514
0.00863360907426698 0.177069010727877 0.22444236488438 -0.269812637203118
0.082784120032296 0.104713535149018 -0.0314759507341399 -0.329689527225799
0.114010701444014 0.0556790159642534 -0.207215550973666 -0.197712541083898
0.128114612517487 -0.0168965953031219 -0.215355352550185 -0.0433250854226619
0.119513419318542 -0.045665105916294 -0.16208790274881 0.0211765917837209
0.134082932396528 -0.0307272444518803 -0.138522556055218 0.0587142497499342
0.136640955921596 0.0479715891683393 -0.152177128054937 0.0759162500759994
0.103463373860829 0.107645904391042 -0.183812640099242 0.07154844494709
0.0292441734790435 0.210777857397095 -0.237891137870999 -0.016447975788202
-0.125836765533121 0.196812172359223 -0.239668434834342 -0.139635956954384
-0.275864530144123 0.0472936120440574 -0.178505821802331 -0.150340513510736
-0.342859506186379 -0.101286647933893 -0.203468263396633 -0.111733781406888
-0.339633549866706 -0.146581330834584 0.0433958274530041 -0.157426071047977
-0.336286488438227 -0.0157806307650979 0.0903726771457133 0.119955168259704
-0.241554327838213 0.206191128965116 0.335619795036287 0.0060978318897745
-0.0451577515723441 0.298854916530378 0.285603554319338 -0.243029599417304
0.116553479420983 0.195898800106183 0.0243992254478063 -0.312191146168663
0.171108570156149 0.0993865534314837 -0.145248542514167 -0.195627958460722
0.196372473168538 -0.00807572374046721 -0.15742018298616 -0.0452659520259827
0.179176258661557 -0.0567365726780864 -0.103788886079021 0.0147748301468778
0.18651119042613 -0.0463286962037639 -0.0755081172112742 0.0583411801265976
0.185200819172863 0.0519067542781587 -0.08720479413062 0.0945841289117723
0.148127958772824 0.134623440601951 -0.128318082541422 0.122809510782716
0.0537768465196933 0.272843370664813 -0.210500254494942 0.055905389700468
-0.14893919640699 0.258036344776976 -0.241411803888517 -0.0742756092400206
-0.32714350915564 0.0622719873428826 -0.159224882498532 -0.0996345031422129
-0.400132626781539 -0.135126807871776 -0.115931383637346 -0.0265120736579256
-0.338749336604041 -0.213963123561656 0.155808953968161 -0.0455323846652967
-0.393386287975287 -0.0974137707824842 0.151952234137419 0.186069404892165
-0.343608142515567 0.187919218343193 0.357607962159915 0.0813190651087695
-0.116493331714048 0.358960028460363 0.32656090654245 -0.169054257034983
0.116116775305715 0.260724865341281 0.0886229086997545 -0.25361886929678
0.195114277376755 0.134100127364345 -0.0606224099390791 -0.168935925029239
0.232157185858158 0.00515864704682303 -0.0777367858047083 -0.0425663135274917
0.212295763142332 -0.0584689820241675 -0.0310440850827279 0.00683998811082229
0.213361436078471 -0.0570542549893857 -0.00152574870425004 0.0507210057495864
0.208567013358545 0.0445418422582664 -0.0108156425325434 0.102117325509885
0.17171749373134 0.13771083534679 -0.0604327474418601 0.159140911483741
0.0686067628666981 0.292739786023632 -0.167321562719063 0.112783366196229
-0.152230533827216 0.278234377370341 -0.224406511015237 -0.0193068629578428
-0.331608300486512 0.0619195676578599 -0.127697663739073 -0.068819058689129
-0.398420027496824 -0.154561864896799 -0.0188731284205557 0.0457991215705764
-0.278582959543988 -0.234448723027575 0.245160043491524 0.0865555848086789
-0.365428197367276 -0.161810299785244 0.196377110907889 0.256116391027676
-0.367714184117586 0.122507242737644 0.338391118329421 0.159839400414136
-0.167798240848284 0.336191503909658 0.329082145912341 -0.0702067810819091
0.0870672057494836 0.270514923049278 0.139818757877556 -0.165302240289714
0.181139892919045 0.143645537331719 0.0288278504707002 -0.120433127426076
0.228617083690853 0.0146940612419601 0.00723885197181852 -0.0351504359875279
0.212360198826462 -0.052779670899757 0.0442403683668305 -0.000196236217485981
0.211452549623067 -0.0564067232543565 0.0733274358836419 0.0405063012833696
0.205530908554855 0.0363458909907504 0.0632634688993651 0.102415656996815
0.167647076692194 0.130275271223109 0.00501351384386002 0.182692839865813
0.0599098637464846 0.278482764714589 -0.122877525751874 0.150674551524715
-0.153269665435969 0.251255070985859 -0.19932406445011 0.0189413136209611
-0.303303100345601 0.0320171413579633 -0.0928409437219852 -0.0518470711529718
-0.338984557045319 -0.165933118396844 0.0684808947652152 0.105713120282817
-0.172766417609832 -0.202408813445372 0.300413500823901 0.203918495253716
-0.263237345639068 -0.175024363447141 0.218535823101365 0.306597489960228
-0.303583201801029 0.049226853796119 0.289158749708058 0.218162852852568
-0.166931483120693 0.249911816545188 0.2985665886292 0.0211995370169953
0.0516958344712445 0.221381851732769 0.172592946849511 -0.0761347703903132
0.139282316932476 0.119601176487566 0.104887770345547 -0.0696514301218311
0.186861067070982 0.0171356540601545 0.0849977426837182 -0.0279371996378255
0.18129068192142 -0.0415309366613551 0.110700045948415 -0.00590621285599317
0.181942745140755 -0.0453098172887123 0.139483067283705 0.0313685089293709
0.177961708961646 0.0288031838603035 0.126715816020621 0.105570859664336
0.14155906008747 0.115584219778349 0.0569271171768028 0.202172922403116
0.0315185578797907 0.238860245895147 -0.0902010766863735 0.177525131224634
-0.149498096355891 0.191109841571807 -0.176412610205083 0.0465903027979231
-0.247985044505759 -0.0160605542637944 -0.0635752147824884 -0.0396770072739906
-0.235565106845918 -0.170279550849561 0.133888797015799 0.157313964613428
-0.0389652102381568 -0.128649550660251 0.312810081168403 0.2783133094531
-0.12018452284788 -0.139407173293777 0.220603313326904 0.322092568160608
-0.178061072853777 -0.00522818341897663 0.234184324739845 0.245720733057143
-0.117426269427375 0.134562824798908 0.261237101488472 0.0828803129854638
0.0213099804492046 0.13165825113833 0.193176861044513 -0.0143748649284313
0.0786462894564448 0.0715086398781591 0.159353255185819 -0.0357542033630917
0.115900882632959 0.0130430050163179 0.141779541669519 -0.0258413242134407
0.121986747689209 -0.0248209241292053 0.15943715815458 -0.0100400214986532
0.126127608453761 -0.0269043308740803 0.191764069483893 0.0268525769177548
0.128805768934698 0.0217098571733703 0.173864708137024 0.116145889259919
0.0992098253859034 0.0914895587848873 0.0890896165676587 0.226676023053273
0.000181682644158026 0.175371230106112 -0.0775653833671992 0.201740085281036
-0.132107230433638 0.109297091862674 -0.167693146823421 0.0676371287639339
-0.165561303032792 -0.0613116486116231 -0.0463729262067879 -0.0306264354296047
-0.102628604602332 -0.15319557498764 0.168688670626343 0.19867396771355
-0.0386662363806098 0.0950407198824876 -0.235828554468869 -0.199227128225302
0.0643874487180812 0.0590673031050095 -0.0343427276050706 0.0658924521291179
0.0950509636910361 -0.0274399210312138 0.186465789846547 -0.0628959866577624
0.0144955139607284 -0.0827114391639203 0.112965725706484 -0.234588009035158
-0.0403487334851315 -0.0429344659843467 -0.0938529309972893 -0.275258827914561
-0.0368659619904555 -0.00403765728709733 -0.238518983381537 -0.142960627541229
-0.0450720757930252 0.000687233701936267 -0.241106598268384 -0.0173316942564103
-0.0411965572977707 -0.00364038912840195 -0.200729270757064 0.0386097083471097
-0.0258725132458957 -0.0134289880562269 -0.186313700435622 0.0572236394689411
-0.0037946493127477 -0.0265170471465587 -0.20295597381893 0.0534271099806082
0.0166237255152418 -0.0343105729926232 -0.225156405092531 0.00645696127028183
0.0628543367182774 -0.00668263981077612 -0.251810136777755 -0.100308088732385
0.0542063853317408 0.0577495625993795 -0.228298803486693 -0.219336751551021
-0.0417251155756937 0.0929619357349069 -0.181026090192939 -0.266363633503127
-0.0965483290504669 0.0634292974905413 -0.304013369293225 -0.23998776447591
-0.17134446899991 0.0416445600142053 -0.177855098671575 -0.230838809992252
-0.0640807328189612 0.0784042807769028 -0.012657989251893 0.0579769606390328
0.019369057523022 0.0762039902462228 0.222811266612034 -0.0740458959657364
0.0319467789285776 0.0362515658627218 0.146324548108298 -0.267801840047361
0.02620862644077 0.0168989336645599 -0.0881232584756668 -0.305189621252739
0.0401062245583278 0.0143350083028791 -0.244905098605474 -0.161469917023561
0.0402378506323919 -0.0178263716048306 -0.242691318987839 -0.0201424355036422
0.038368439922048 -0.0307094930441507 -0.192296154706096 0.038377050708271
0.0578047504717961 -0.0242025954724932 -0.173306915550694 0.0651909499167558
0.0719584569370855 0.0162130470264219 -0.186791654677241 0.0663442009702625
0.0583749469071593 0.0459321771097092 -0.211312607586322 0.0345136519329922
0.034381081370555 0.108396309993723 -0.248053049512473 -0.0616846170534469
-0.0510162486086464 0.123869202174792 -0.23545980933423 -0.179688561492845
-0.1725683043005 0.0617928012865129 -0.189011672013599 -0.203386074954882
-0.234756362210476 -0.0199196514448095 -0.274214002680109 -0.179772361152714
-0.280753025838072 -0.0349214121386529 -0.0852457238197799 -0.219333354899665
-0.20728750278649 0.0619246131210472 0.0328892783161345 0.0726397601677444
-0.0921582722710249 0.168330190468655 0.27641838176468 -0.0613681780706373
0.0228774389126517 0.174000572830853 0.200834750966619 -0.282829745092543
0.0900480385447885 0.0974633699698375 -0.0557689265778036 -0.323254977606227
0.117389381385697 0.0461480238753413 -0.218092581533988 -0.178498529096273
0.124682960517513 -0.0260448407724198 -0.213987570999824 -0.0277033613745537
0.112066419916909 -0.0537616314572663 -0.156822162393389 0.0318506948772437
0.128300378013208 -0.0414358368941648 -0.13118228496209 0.0673531132868272
0.138663959890176 0.0367566491031563 -0.142417632885182 0.0868198498939911
0.110243646435851 0.0984537646468843 -0.175123675856091 0.0841471466464125
0.045451263811121 0.204278892982225 -0.23675284078679 0.00328828673768709
-0.109087053680658 0.203759442122279 -0.246587469889219 -0.120460351238492
-0.268940007428531 0.0670586949466371 -0.185370368185642 -0.139147057090476
-0.343508518762947 -0.0730447538327034 -0.208571507921102 -0.0982348209219668
-0.344735030946364 -0.118766541853951 0.0299029487110844 -0.159270110698418
-0.33175702660571 0.00865508809085078 0.0956367470944266 0.112165893350383
-0.220605160735281 0.221796742152495 0.328621176676927 -0.0178406545379815
-0.0202641038895549 0.297752709770295 0.263308700019338 -0.259600407943367
0.130589044664143 0.184644970215363 0.000938731761120059 -0.309721740446292
0.17683715847035 0.0849253699372365 -0.15731269866798 -0.181078298706077
0.192523385839695 -0.0224256484290545 -0.156340313058823 -0.0345062513179125
0.169759137401185 -0.0695473269268441 -0.100694577317172 0.0212590961663365
0.178373704514834 -0.0606892458153691 -0.0692331675471038 0.0621666101745407
0.187607672020364 0.0367612326411908 -0.0779363294337644 0.0994977222943505
0.156595446504956 0.12090658896676 -0.117646884245755 0.130442943676578
0.0751739643976816 0.263387095000205 -0.20528149863948 0.0725540124568756
-0.126998676463454 0.264992721800815 -0.243733141231819 -0.054986238010724
-0.317628253748213 0.0856478416485044 -0.164150585718572 -0.0893275382575049
-0.402384516296006 -0.10101216575179 -0.115513819186591 -0.0205222799280466
-0.348927892243756 -0.184357911381623 0.149020038549959 -0.0571986137524574
-0.395041332490153 -0.0674738420798312 0.160308900542571 0.172493128213642
-0.322184222573804 0.21200331655163 0.355529855515391 0.0541971026566008
-0.0865562050819722 0.363433046796768 0.309012389263778 -0.189347639778671
0.133954904409396 0.248850774689059 0.0678864713062699 -0.256112584635147
0.203369748670575 0.117329693482189 -0.0718012121751762 -0.160734521353295
0.2283893644725 -0.0121291967406118 -0.0785156968089286 -0.0381635925540438
0.201026083803863 -0.0743329874750892 -0.0297369008569785 0.0086370501769392
0.203770078671565 -0.0732907872502145 0.00265406571756055 0.0490015702613411
0.209458812588176 0.0275613579698063 -0.00293779940769117 0.101627574151142
0.179062621110523 0.123044786970216 -0.0478133285873237 0.161824136538321
0.0912750193851857 0.281609735153011 -0.157995890739642 0.126352211090446
-0.127677745246136 0.285221499791868 -0.22409679906389 -0.00197729548823624
-0.323124225884061 0.0857035545494692 -0.131535336805519 -0.0603054412540915
-0.402323446223353 -0.119140760290993 -0.0139099535516305 0.0436624337465979
-0.292049774152729 -0.209885071177493 0.247685395326734 0.0677088635016822
-0.372276115353562 -0.131194725178299 0.209868922526572 0.237420104685841
-0.351450506572347 0.14966016922046 0.342373999688127 0.132942452833948
-0.13908975739069 0.345131141534896 0.318528411396756 -0.0913031695578947
0.106115906666864 0.260817826684886 0.125522436115184 -0.172851928157616
0.189629447240459 0.128197307236093 0.0196530572642946 -0.119870892797755
0.225380566417712 -0.00213911775335463 0.00574324071427704 -0.0369208253952535
0.202486332680062 -0.0690657324406346 0.0435876702431942 -0.00426720463658244
0.201347945119544 -0.0730265756048797 0.0742560969017581 0.0340643036948933
0.205170848447726 0.0191520232878271 0.0693843581263382 0.0972645432932262
0.17501775563264 0.115741798601964 0.018325025041059 0.179864675109186
0.0808033412500498 0.268225508703734 -0.110364457180052 0.159728924597092
-0.130278910709653 0.258000484792828 -0.196295102870355 0.035195940732799
-0.29658392093305 0.052690330343361 -0.0961802476129765 -0.0447301244652597
-0.345196055304993 -0.136195236060224 0.0767409237950133 0.0967241847390332
-0.184780712731314 -0.185782133552982 0.309841622367872 0.180670597979731
-0.271370578447376 -0.152529039313923 0.234316154521133 0.285608782517745
-0.293574668132407 0.072252811426735 0.298310454667317 0.195301232247192
-0.144999426074704 0.2588099477686 0.293922844867666 0.000679461483296689
0.0678894379071556 0.214362190341145 0.165382969369322 -0.0867602267239721
0.146084643200257 0.107934742321896 0.0986919330668459 -0.0756436604686923
0.184418448590584 0.00324219582225753 0.0827045990324095 -0.0349326719003886
0.172829646281194 -0.0554531367668595 0.109422668326917 -0.0142370261548798
0.173814384951618 -0.0594297393989041 0.138929364259234 0.0208874586564205
0.177447380857535 0.0150768762524952 0.132412575510438 0.0946759844610747
0.147226713042082 0.103468152891529 0.0713610196715859 0.19450022528544
0.0502068413985414 0.231230472009828 -0.0768075838681097 0.18347148038195
-0.132242168305808 0.198101779176818 -0.171962197564881 0.0596789933789777
-0.244430732431773 0.00160071486902877 -0.0673570628400473 -0.0346812550940515
-0.242932729574151 -0.147420585209499 0.144466217744683 0.142778597842833
-0.0477462520538814 -0.122723415038924 0.328805593207298 0.253647143796901
-0.127922978964842 -0.127017368115827 0.236773329183981 0.300558019680946
-0.174485185088021 0.00899005167873239 0.246480950645622 0.226341590721385
-0.105788373865372 0.142582964812486 0.262538274385071 0.0640960376335611
0.0312073952353884 0.128514280208513 0.190048058335298 -0.0270727975708558
0.0826162502123683 0.0652240249819815 0.154628452024904 -0.0463213562071229
0.113707671037029 0.00397024486094626 0.138819571493394 -0.0360390336377673
0.116677846965979 -0.034080217703344 0.157167420818475 -0.0203366116209257
0.121073596156138 -0.0368011536482326 0.189201136776234 0.0130608133542012
0.127942762478626 0.0101637140259777 0.17823924830726 0.101995893618888
0.103590003499543 0.0825260524161684 0.104635242162225 0.215728757251429
0.0142952615768408 0.171511766275347 -0.0629845350166173 0.205344895594236
-0.120368592134305 0.116923488048305 -0.161663075052062 0.0798948415224415
-0.16711915295865 -0.0491796575305174 -0.0493638554757779 -0.0267202728389972
-0.111544196868866 -0.140984227741562 0.182232855393132 0.181131771367114
-0.0281788638518524 0.0964324888702437 -0.264612535936085 -0.142187184782685
0.0708488521249711 0.0482104420199808 -0.0190842107487084 0.0743912472443407
0.084973922060477 -0.0439459286702893 0.174804949986212 -0.0933114052695079
-0.00343911303123963 -0.0833951767950107 0.073304469569809 -0.252408364740524
-0.0498351647424918 -0.0332015945296375 -0.141587961554334 -0.252834467128352
-0.0363080664522402 0.00421872779881046 -0.255443198001077 -0.0983035329633492
-0.0418245179822523 0.00957461722282609 -0.240491375446668 0.0219068088609614
-0.0394975302013158 0.00422682096184836 -0.186990046959155 0.0695194891431916
-0.026388163024473 -0.00803356133218997 -0.169934072001535 0.0882145580046757
-0.00820794273630777 -0.0233563977292013 -0.185662983471011 0.0883722234615129
0.00959900460328048 -0.0325566484859591 -0.216357767036429 0.0465780410912596
0.055820555752446 -0.0168208561883966 -0.258854420629207 -0.0506897532650237
0.0554264172893468 0.0453776478880213 -0.256582383534648 -0.169431736034375
-0.0280813942412989 0.0907467490655036 -0.219345553670457 -0.226757952128183
-0.0886843441525504 0.0724381373584724 -0.329124602192427 -0.185245961536784
-0.160884535438678 0.0631404291018101 -0.221350136263817 -0.186024298397272
-0.0476372387559039 0.0841904535153412 -0.00492401807946587 0.0626243852037804
0.030545935696417 0.0634189570198647 0.200960852933841 -0.103568140251787
0.0319466096393339 0.0240182956977559 0.0963760320913979 -0.281632865607206
0.0211615303749786 0.0119900508667461 -0.137050871629657 -0.278483402882885
0.0396163702485662 0.0104953909805853 -0.261333361963598 -0.114071971963832
0.0350710105615029 -0.0213297492872014 -0.237762436392971 0.0196201433738427
0.0312195471851529 -0.0329400994544022 -0.177960383643922 0.0678470340624893
0.051372013594631 -0.0302592347713638 -0.156549642160108 0.0937917317330253
0.0708365133497215 0.00527409476311641 -0.168832009045063 0.100375749418617
0.0605646478644106 0.0373451978120691 -0.1980157604956 0.0721665319869026
0.0468546866937938 0.0976025607893212 -0.24989891683458 -0.017372567573922
-0.0347421374509657 0.122353354559871 -0.259949618363181 -0.130454999509018
-0.158054969743012 0.0813381490439368 -0.214034777763637 -0.166411565935545
-0.232595723438756 0.0126299516995503 -0.289531683250624 -0.133402904164046
-0.272693707610761 0.00382571813394291 -0.136497041165405 -0.197017293462809
-0.184657815605732 0.0894811220648068 0.0341539199086579 0.0667278462902892
-0.0589950260621757 0.165675347375609 0.244230513544947 -0.0963491620649317
0.0462598677089897 0.152612291101875 0.140699175079407 -0.295691624082269
0.0922816190510422 0.0775274471697781 -0.105117228246851 -0.295236423323664
0.116816608782934 0.0292525295099144 -0.234722285495079 -0.132929425757528
0.113413009693602 -0.0418235561726553 -0.207281709106426 0.00851650487701913
0.0978666967988889 -0.0655521837815484 -0.145156958014415 0.0564005964104058
0.115951898366493 -0.0580166295964194 -0.116042090020138 0.0895688126021368
0.138784981362978 0.0149966930979799 -0.123120590518529 0.112919256359975
0.117043795210929 0.0813990156628659 -0.154357392898817 0.11281402809542
0.0720381847196443 0.189112498620716 -0.229674762286707 0.0428051260611553
-0.0790760100160212 0.205636752113365 -0.262018066684646 -0.0707634043631567
-0.247369985092752 0.101693816943241 -0.199459825305659 -0.107631378775919
-0.343241766481776 -0.0230756218983572 -0.213394161626427 -0.0673719680908718
-0.342379791828744 -0.067146618064061 -0.0180315030770743 -0.164451670542639
-0.308488603294929 0.0570540642106571 0.0966261066926275 0.0907022269192315
-0.169288786380146 0.234356301273955 0.291398756110391 -0.061875713266423
0.0270026490776877 0.274504772566169 0.197511503597229 -0.277826386579282
0.144353265035171 0.152250918232612 -0.045607868060565 -0.286100042180236
0.179492941569191 0.0567414280353002 -0.174679210959454 -0.143915676509262
0.17703532394861 -0.0491715367027692 -0.148948362005898 -0.00695828913670853
0.149657536190799 -0.0887380713309954 -0.0913977205533578 0.0369803186380771
0.16077530990168 -0.0840763766905834 -0.0573983714458307 0.0746932462612531
0.185800972887418 0.00801088809746481 -0.0583232803394449 0.115189333111197
0.164715888262035 0.0970368533545015 -0.089905474755406 0.146988754143413
0.10979826592046 0.241953176580389 -0.188428279382389 0.103118048012608
-0.0870111513592349 0.267495665253501 -0.249461541631189 -0.00874949418523527
-0.29150097835971 0.127007786381093 -0.17068329556664 -0.0642600811240718
-0.401991746055232 -0.0406600973919113 -0.111309665733561 -0.00831120475864399
-0.352814502337364 -0.129078010124143 0.113611999625698 -0.0911532881123036
-0.378763882273777 -0.00546490989933763 0.167301110208443 0.133073764493654
-0.264874758097659 0.240333086967979 0.322864726885918 -0.000230401111171875
-0.0224924796451828 0.345173168248469 0.246549613333053 -0.215382277911761
0.159046123826211 0.211661487124879 0.0279514416963809 -0.241242832384798
0.208906643590583 0.0839023314670896 -0.0868987456744415 -0.137320904594999
0.213224859275134 -0.0461109580544696 -0.0712663477706858 -0.0213966905919941
0.178998007277074 -0.0987209397666016 -0.0244370127384426 0.0135668684857888
0.181964378699782 -0.100293931478764 0.00933478891584255 0.0508244174342435
0.205164079692339 -0.00470146839737826 0.014337512160688 0.103769732519067
0.187051543653465 0.0964342831569227 -0.0163583475865784 0.164111143728069
0.128626553236418 0.25702305216062 -0.133840834171854 0.145827968111997
-0.0844772513876235 0.286211680552114 -0.222545498155205 0.0402688660121908
-0.29570495313857 0.128189003275802 -0.13455168795857 -0.0419160182061219
-0.40233324384719 -0.0581039332583718 -0.00441742701855828 0.0372720956245495
-0.298433154961957 -0.160156173485162 0.233213653879173 0.00894792210929171
-0.364197912389272 -0.070100812473247 0.227832975867191 0.184547923523881
-0.299243134833283 0.187370577030137 0.323965587854231 0.0740025753084671
-0.0728366479213415 0.336649247957723 0.269686647160187 -0.12561025581961
0.136601747833185 0.225880222466964 0.0963923647989725 -0.169614496378339
0.198358849251349 0.0947648115184293 0.00841225927904224 -0.113721669871278
0.211266072495693 -0.0361476104952032 0.0112061993096635 -0.0334487203715192
0.18141066015489 -0.0939453886080569 0.0444293953482 -0.0102790148307784
0.180544657568555 -0.100124677643293 0.0760404801315546 0.0240713478828032
0.200342509415236 -0.0127984662007399 0.0834409129738857 0.0865826652175853
0.182665367794813 0.089456136073938 0.0498878354987798 0.169650618016286
0.116414455475224 0.247099702791911 -0.0830707714466739 0.17015925146933
-0.0900613253366859 0.261019953978463 -0.188323857347158 0.0711466691519044
-0.274794133472766 0.0936427949939032 -0.0983388544469252 -0.0325977132674296
-0.348014959931734 -0.0816313508637504 0.0905119250875911 0.0740747767537045
-0.191633437463031 -0.150945262939528 0.319896319458296 0.106950821898993
-0.271484893688996 -0.104070358004185 0.264018589518951 0.226511678393143
-0.255424116860513 0.107143689512946 0.296871236594686 0.136661977917114
-0.0890951387245704 0.25961025769529 0.265399930519527 -0.0376390467250215
0.0952516958960135 0.187680291925019 0.147766632464662 -0.0978355227671409
0.154173168575461 0.0811883299332904 0.0904933320409988 -0.0848698833536064
0.174172570677863 -0.0255192259024795 0.0846964321308362 -0.0442930929941226
0.156016587740737 -0.0772540293048383 0.105815502609616 -0.0307223152105607
0.155974919470674 -0.0840171763056508 0.136935626553295 -0.000704770476135789
0.172428046472955 -0.0125182903302427 0.143236845098521 0.0732306159424702
0.154996307535722 0.0813933154904762 0.102727205865218 0.174686115787596
0.0811139048687654 0.216518877467701 -0.0455389723906383 0.187146103771996
-0.0997673701903864 0.203924087099046 -0.16027642367891 0.0906063710553582
-0.232755418629802 0.0371510814086836 -0.0678142701135519 -0.0260986972517502
-0.250340680327911 -0.106051260680153 0.163185054062945 0.109099670397153
-0.0527046386997428 -0.108761654569012 0.358997506411837 0.177160733504839
-0.131853930820221 -0.100758135277836 0.274968587251782 0.242533823771818
-0.154159933651069 0.0315574709593834 0.263613593902929 0.173904890777832
-0.0708043348407662 0.145555172103952 0.253092199065666 0.023903237144671
0.0490167298188606 0.111966944234369 0.180005875181612 -0.050633766045448
0.0875876162168456 0.0489447407298046 0.147175681454218 -0.0683290264654154
0.108064210165951 -0.0138279326213942 0.135999135847284 -0.0555465478106267
0.105215426947708 -0.0500838777566074 0.150480101412798 -0.0453633216248308
0.109547061075445 -0.0543742222372628 0.184540238363106 -0.0172635597449605
0.125072205773447 -0.00928364547885522 0.188958482678965 0.0706085932641069
0.111515132137159 0.0667354416295145 0.138950049494821 0.188471340041349
0.0382784550757901 0.164479571609172 -0.0271464051105966 0.206119995154813
-0.0993218849214434 0.124936480188359 -0.144827595971982 0.10616990043622
-0.166749082236992 -0.0225631000200331 -0.0494450159819952 -0.0191597143209426
-0.122399674607962 -0.117243103663701 0.20533003198358 0.141948696622701
-0.0256172317942349 0.0960553223079354 -0.260768218777646 -0.140107822423933
0.0700220616910808 0.048327998123511 -0.0188353569926401 0.0753518358913693
0.0825618639722822 -0.0435965249712207 0.172712244116269 -0.089955181522943
-0.00323839505260144 -0.0816820896241481 0.0727960939316417 -0.249174036942487
-0.0482261839368148 -0.0323360946003851 -0.13799811021768 -0.250180368249133
-0.0345526415286537 0.0034970238956794 -0.249232271948297 -0.0969895464373704
-0.0399462886474207 0.00958309149242164 -0.234163860022065 0.0221609524689151
-0.0383335200461124 0.00460806550533591 -0.183840466981323 0.0678456309205647
-0.0253326023664929 -0.00695741561934776 -0.166835286536809 0.0866978058355666
-0.007922347863335 -0.0224733848974999 -0.182082614643646 0.0872325262601613
0.00900032570185632 -0.0319552555257667 -0.212214888757823 0.0452072271815076
0.0539798528803208 -0.0156748185204812 -0.252770942377856 -0.0509862282648862
0.0524174651665204 0.0451550871071183 -0.249969934679347 -0.167780371080263
-0.0286335698783144 0.0903467658994168 -0.213284473557023 -0.226749596832069
-0.0867260706401326 0.0702759255848231 -0.32387091107171 -0.184983688966731
-0.156116367541724 0.0626665904122724 -0.219487538382332 -0.183623686833153
-0.0473589202228291 0.0833354948018632 -0.00594403019542009 0.063853684249001
0.0302652301284877 0.0617741298833384 0.197224471794797 -0.100054966321002
0.0321022433765848 0.0233139922002008 0.0953788475794781 -0.27733909011363
0.0216610913939749 0.0123120948765833 -0.133291285983039 -0.274443272656631
0.0398327354446302 0.00983706037798227 -0.255135435197771 -0.111868893885756
0.0350317448535084 -0.0206534809317052 -0.232578791702457 0.0193199157000796
0.0298557051723667 -0.0316855225647635 -0.174495138373637 0.065235289099802
0.0498785300421297 -0.0294206311495043 -0.153421064687496 0.0916123319300339
0.0702812623757752 0.00511506340490433 -0.164651669283802 0.0978474290584579
0.0591717648388678 0.0373696170083285 -0.194249068812955 0.0698990039066788
0.0457269566420905 0.0965182689845208 -0.244968446625679 -0.0169582525122525
-0.0348892580088778 0.120510984168717 -0.253874634842786 -0.128869228849493
-0.156232581963412 0.0796212614912675 -0.209536496798255 -0.167321433515243
-0.227702324379253 0.0118344272978678 -0.285843277095726 -0.13440419995899
-0.26671006611157 0.00392547885467473 -0.135654606355417 -0.194486154378504
-0.182324766765868 0.0878003221266884 0.0323142485894441 0.0672348347745587
-0.0568345495307158 0.162812460200715 0.239742605262705 -0.093006653455948
0.0470502895942248 0.150208719459816 0.138603968156925 -0.291478960998133
0.0918456451569798 0.0770229965552063 -0.10237563806859 -0.290479160104308
0.116172495360714 0.0280895974779202 -0.22886547089533 -0.130259737812571
0.111501776074702 -0.0409343691283806 -0.201527594946652 0.00726815137264249
0.0942222042205756 -0.0639785608201544 -0.142280289830449 0.0536062200718888
0.112746544678106 -0.0569375321246455 -0.113675446952561 0.0877192344055983
0.136945538085357 0.0139724282095689 -0.120330462380895 0.110402020715772
0.115608284598467 0.0796217471925588 -0.151679001719328 0.110022617285721
0.0716116202535192 0.185020924738755 -0.225655293838014 0.0424368331649879
-0.078191835086464 0.202965350177676 -0.257777788832975 -0.0707371240034272
-0.244664094298466 0.0988522135608006 -0.195834708312004 -0.108676560307457
-0.334835134755449 -0.0226281599606293 -0.210188049054734 -0.0701679442702925
-0.335957430906143 -0.065991767115266 -0.0201195128049882 -0.162734327972517
-0.30436763416772 0.0563647401653385 0.0925090849089305 0.0907775663683161
-0.164930422312026 0.230104351646742 0.284583519484607 -0.0582145264862284
0.028742767572545 0.270982506638948 0.194595687213174 -0.272268524348448
0.143032624208793 0.1507098126664 -0.0441173107878598 -0.281270292590053
0.176947602661152 0.0558141691751916 -0.169444506737124 -0.14065926938466
0.174181378724327 -0.0491618998678415 -0.144788078865733 -0.00847249821476985
0.144786575062663 -0.0870840584280828 -0.0890340033536958 0.035522591565468
0.155421467034794 -0.0829213105260519 -0.0555690707090052 0.0728899090648106
0.18257393772317 0.00707049378318022 -0.0565036470464006 0.112980529434653
0.162070863097752 0.0954165336031178 -0.0879067126480195 0.144665327857362
0.10887560827908 0.236805149041623 -0.184724682074712 0.103379958142576
-0.0845993309687954 0.263501183725614 -0.246889570818361 -0.00831486748852455
-0.287554796450073 0.123824683654996 -0.168368860190113 -0.0663266387670226
-0.392501911971815 -0.0403392271914972 -0.110005215301212 -0.0117984680742223
-0.34520122050236 -0.12713705925039 0.109955481962504 -0.0900928580724588
-0.372997966446086 -0.00628320657632534 0.161114182374652 0.132599099908574
-0.258260712748358 0.236569136392498 0.315721964050725 0.00308324247364665
-0.0201255329995615 0.340521545397312 0.243194510672411 -0.210161971282611
0.157481897731008 0.208415119904032 0.0294071615701742 -0.236502970786518
0.205919357886445 0.0824606257240774 -0.0838320976537928 -0.134043936351128
0.208910855758937 -0.045755657481871 -0.0692071968880592 -0.0228583950415668
0.173836454371078 -0.0965465290089393 -0.0236788776978468 0.0122940072407092
0.176227441113768 -0.0990533858924405 0.00983442263259997 0.0496965582094621
0.202324495724439 -0.00442998993634591 0.0141444886681824 0.101765849393504
0.184371238712863 0.0941482461332613 -0.0164671742607292 0.161828117995873
0.126667398157924 0.252440705615238 -0.130942323541927 0.145499532431889
-0.0828335784473911 0.281681358286835 -0.219010227130697 0.0410103499783361
-0.290910001527768 0.124976602810567 -0.133339007441538 -0.0428573428920589
-0.392870447742176 -0.0567387018253217 -0.00457309839473677 0.0333302985707705
-0.292375490334656 -0.15728290778637 0.228435944710976 0.00980546034006969
-0.357609156546658 -0.0694478111503787 0.218803712850373 0.183328590833386
-0.292411118804996 0.183018309704171 0.316676398215067 0.0761047797184376
-0.0686717094242565 0.332039318391515 0.264834228261329 -0.120920757815935
0.13433459709184 0.222450313245619 0.0965039282361165 -0.165991296852258
0.195977722594254 0.0932903439872496 0.00946784093843596 -0.111087433801374
0.20724472624193 -0.0360490919070419 0.0130773425573471 -0.0348891878216051
0.1757033204612 -0.0927336603891027 0.044360131276993 -0.0109678591221436
0.174819131219573 -0.099028887766595 0.0755262378801359 0.0230328153934165
0.195997778651973 -0.0116777864396629 0.0819069728779472 0.0848033332953941
0.179603529094826 0.0893199171201179 0.0489512013683144 0.166183651026509
0.115033494662712 0.242122708580493 -0.0811668728372951 0.169752071979295
-0.0880249755980222 0.255932448321819 -0.186693522534027 0.071007942835551
-0.270314798187478 0.0908535245887093 -0.0978337583377537 -0.0322220972991207
-0.340292465347422 -0.0798147449224358 0.0885557074550114 0.0708609326104666
-0.18827348603249 -0.147432262868758 0.313516562783579 0.107535747009966
-0.266598533465885 -0.10216679934535 0.255594470142456 0.22524573061632
-0.248817472356078 0.105348879893124 0.291008459739349 0.137508934582258
-0.0862943232311682 0.25682599789102 0.261481828843662 -0.0345660360203345
0.0941262246169675 0.184579090372366 0.146111045616789 -0.0948311220990895
0.151629309516009 0.0807262644049308 0.090151116847903 -0.0837428572025698
0.170042300870341 -0.0259044584424986 0.0846130425958029 -0.0448022306484726
0.150778402815852 -0.0763080521291461 0.105492218373385 -0.0306493563864575
0.151095931242037 -0.082697559848464 0.134620019825488 0.000204805488628232
0.169174495637494 -0.0127038977624552 0.140766293478678 0.0724642408339051
0.152950804349429 0.0798641092354719 0.100751030461785 0.171755725035031
0.0808001791620272 0.211896897191449 -0.0444009475102911 0.185631035123456
-0.0974232183319788 0.199417715922652 -0.158624764642511 0.0904169200590558
-0.228904975208302 0.0360738866853723 -0.0681331276957736 -0.0262521354861438
-0.243402250500244 -0.102815534730336 0.160463305851723 0.104850010120142
-0.0510257479194285 -0.105641304945855 0.352860305329575 0.177543332768626
-0.128275159015642 -0.0987084272548403 0.266079681446865 0.240969368503878
-0.149691753563344 0.0312953901517382 0.257735091937498 0.173497109243222
-0.0684288237806591 0.144846086637754 0.248939004535742 0.0254761933691998
0.0478651295765306 0.110094884139171 0.178057345420067 -0.0488900398169456
0.0858820363738962 0.0488634897743443 0.145859865351197 -0.0676232373283528
0.10539232246365 -0.0143504419895829 0.13528849040464 -0.0557140781526849
0.10223942422909 -0.0502787860933536 0.149975199154832 -0.0452843293075108
0.107046617490637 -0.0542249080407444 0.180640229531933 -0.0168250547559391
0.121917434858153 -0.00954699354163295 0.185287865462035 0.0702434725243195
0.109646571270532 0.0655586572010587 0.135804539638312 0.185655789418846
0.0377636979488686 0.160763337574008 -0.0277892517127617 0.203586220099614
-0.0973631065732223 0.122134602204347 -0.143642297867893 0.104998388327964
-0.164428734769455 -0.0230600803283266 -0.0498588222856826 -0.0198193757537511
-0.11854534563291 -0.113509216944958 0.202302808868388 0.137500522500567
-0.0258723386676954 0.0979490354639466 -0.265393024664319 -0.14726697616276
0.0706505815027632 0.0520273521772658 -0.0205545465803712 0.0791782416250996
0.0849626543992944 -0.0431179108041366 0.177819040670488 -0.0872740516738479
-0.00216877377710017 -0.0830716253585372 0.0785151073495876 -0.253113232633173
-0.0480796587389271 -0.0335457567377232 -0.135938717784079 -0.258023624749134
-0.0343505816638337 0.00229687607018732 -0.250446800293309 -0.103074046182955
-0.0403153459632087 0.00918159171603501 -0.238352095657412 0.0191877184067612
-0.0385147464393825 0.00507620957451733 -0.188528785690057 0.065381198046555
-0.0253679180739646 -0.00737588777038876 -0.171582248973001 0.0845275955892786
-0.00764736615207433 -0.0228708778666995 -0.187080950723495 0.0851170060543866
0.00938989445488147 -0.0321594473487194 -0.217555662081689 0.0417068498743821
0.0547055499047646 -0.0144042230115434 -0.254943995739905 -0.0579929022296853
0.0515254467723486 0.047588395403166 -0.249660752050755 -0.176195049915764
-0.0325460213414518 0.0916298890595413 -0.211442735341702 -0.238961848476226
-0.0891163272743107 0.0692701147288454 -0.327669393262712 -0.197568943776419
-0.158969621293726 0.0616030802875547 -0.222206262502086 -0.192098312288144
-0.0500737669493123 0.0853267534991113 -0.00773376779947963 0.0669148790293034
0.0296653051778427 0.0627042417003939 0.202382726534027 -0.0964517007664386
0.0332862937650424 0.0252334162357254 0.102288648696006 -0.281217298798465
0.0229299853309166 0.0135530172010937 -0.130480634759183 -0.282915604517936
0.0415319506181492 0.01022382652286 -0.255750951978611 -0.119017954631302
0.0363642701678722 -0.0208541581082897 -0.235737599957686 0.0154203189946615
0.0306100444639898 -0.030930103308436 -0.179489381047669 0.0629929693297686
0.0510990888184737 -0.0287595260386109 -0.157111294597258 0.0896069552807655
0.0714635776972467 0.00662133415239156 -0.169217510160251 0.0971486555227519
0.0593511887492773 0.0389289542861851 -0.198945078029773 0.0669137534906779
0.0453225442852004 0.0996045663716708 -0.248683185010808 -0.0220372875043058
-0.0389315183270673 0.122936376670588 -0.255461182382456 -0.137539404001876
-0.161578310000336 0.0785565693312819 -0.209411034779296 -0.178907849703336
-0.230413694333043 0.00768849023878154 -0.290011549103916 -0.146375919178738
-0.270610940991129 4.76418391676184E-05 -0.137870036575371 -0.20163341422408
-0.188154814724376 0.0864704914608148 0.0300998692214963 0.0711519852167025
-0.0605139841080812 0.164545894974448 0.245082096711229 -0.0878607320865432
0.0467225778557516 0.154507960217654 0.147654438264883 -0.294720891259974
0.09340075595202 0.0807656777702848 -0.0986074448895567 -0.298627394984719
0.11885875590003 0.029885216415801 -0.229134597016782 -0.136511289868613
0.114170462409551 -0.0399889518143174 -0.204373419116174 0.0031489342729609
0.0955074648177688 -0.0633062284404402 -0.145628110821985 0.051530597206864
0.114616645200328 -0.0551132172259066 -0.11614694434914 0.0862142116251384
0.139679013213769 0.0163849498905593 -0.123762780194945 0.109962191795007
0.116471878676083 0.0837418615495695 -0.155783879253726 0.109595295930716
0.0698073349730861 0.189472309662614 -0.230115938085229 0.0400603160616424
-0.0830649969108468 0.206625925348561 -0.261512170992834 -0.0773147550257483
-0.251652272272317 0.0957668235230924 -0.197803724696058 -0.11776758152566
-0.339305296982752 -0.0297851439831497 -0.213694596862602 -0.0791638225898667
-0.340011591570626 -0.0721641754475019 -0.0197660820909554 -0.16585370789183
-0.312823104827363 0.0510351315895289 0.0898006143430099 0.0970402264287635
-0.170764684280224 0.230952948699835 0.290678647094284 -0.0523555581418137
0.026551557969076 0.276875269845332 0.203622536330146 -0.274247657246725
0.144304095198451 0.156208953103403 -0.0389955158807013 -0.287967642138018
0.181322586359234 0.0592535072140334 -0.168715018540173 -0.146392041559725
0.177388091926086 -0.0470667566932436 -0.145970356906289 -0.0125662203226135
0.147579611186623 -0.0859249689876321 -0.0908479561159678 0.033650228267458
0.15743983271465 -0.0807585467028006 -0.0567972181072113 0.0723584601990026
0.1860365644604 0.00968979016281298 -0.0587144091471289 0.113576514587457
0.163807813870811 0.0997352775300575 -0.0916153549386645 0.145318102425587
0.106840766792499 0.243031127997919 -0.188627005027583 0.102935018415129
-0.0904868890473017 0.267298349220188 -0.252137562072857 -0.0127605044008904
-0.295954451524793 0.120933961359207 -0.170771495945148 -0.072522072395719
-0.397718363791616 -0.0477431742111003 -0.112583160610221 -0.0177712864116691
-0.348805891102127 -0.135229954590327 0.11194481606716 -0.0881748610731855
-0.381262095407384 -0.0131014861453734 0.157730343240254 0.140555793465132
-0.266061195899735 0.2356268929184 0.320570062902409 0.0112169479318654
-0.0240445791938377 0.347071411796466 0.252501549389102 -0.209572799476044
0.157484784368651 0.216146673474504 0.0344715252683584 -0.241485226623426
0.210600119191217 0.087454743521932 -0.0811406466589801 -0.137923376807149
0.212734360110104 -0.0439045000689741 -0.0682630230862341 -0.026755598711552
0.176365168292127 -0.0960802107579574 -0.0236819097560384 0.0108924641529456
0.178837165257601 -0.0966716312751695 0.0107296539161688 0.0500661767101969
0.205741295953203 -0.00156195816304604 0.0130167708461859 0.104041419844157
0.186848698956206 0.0991979872697173 -0.0187415958194793 0.164153938967081
0.125625914275926 0.258745624272874 -0.135508606377912 0.148240190440799
-0.0880138259712067 0.285403470420064 -0.22603283163809 0.0377753953649785
-0.299774629256135 0.121181248849049 -0.135557754087096 -0.0475154429753444
-0.396436180010447 -0.0643021034799543 -0.00572122217628219 0.0306347778628737
-0.294909502535954 -0.165946953118336 0.231556810624178 0.0161010015594837
-0.363853271502953 -0.0767764835925411 0.21544020267266 0.193642145496276
-0.29952997447861 0.18112068115477 0.319184526115957 0.0853129940861951
-0.0747337977922559 0.338502387088929 0.273404355331877 -0.117540163300036
0.134108181154239 0.229347543646786 0.102489190713505 -0.168023444246621
0.199362264533394 0.0993676824361442 0.0130150878821054 -0.113271912351565
0.211229417700578 -0.0342959153787381 0.0147247472379863 -0.0367214605985104
0.178546253286161 -0.0919324733875346 0.0465878257748304 -0.011043227361186
0.176978565120435 -0.0970427265344222 0.0770350415710878 0.0252568928720173
0.200016055596684 -0.00919171174694726 0.0820410444337309 0.0880535513128534
0.181533349510028 0.0932614228103244 0.0471968731186448 0.171254136284701
0.113227320238518 0.247983250777383 -0.0850836488978649 0.173374509109892
-0.0936239135672846 0.258913952842315 -0.193331209870978 0.070390477498835
-0.277289723326749 0.0870783427565025 -0.100172612864065 -0.0361406585731298
-0.34268300723724 -0.0865353917081874 0.0896681550970702 0.071076589707941
-0.1876811829219 -0.152683128612834 0.317269279586353 0.118388292204533
-0.269355422073254 -0.10958229662736 0.251841897856216 0.237875837389805
-0.253949720132237 0.101588667880494 0.293192598166181 0.147815247904816
-0.0905159536047234 0.260701981741126 0.267579116262688 -0.0295736939983488
0.0925158375567522 0.190378717600447 0.15160140494763 -0.0933420938847793
0.15413480957208 0.0849330404509284 0.0950982732194581 -0.0839808296125152
0.172847060029181 -0.0231824721534344 0.0885559124760117 -0.0455589137036275
0.153036860503216 -0.0761070362344164 0.109120269541754 -0.0307548334465604
0.153222506962772 -0.0811863712671049 0.137503683509908 0.00264527598266968
0.171890853475817 -0.0102412787162039 0.141201182281022 0.0765855685297814
0.153517776286062 0.0833960043084443 0.09977951266079 0.177636340583587
0.0780858792586065 0.217086609437523 -0.048471704871713 0.190627060359611
-0.102162720655392 0.200443856462526 -0.164659996202774 0.0902537238194375
-0.2334710702842 0.0315016696921688 -0.069848963084499 -0.0284518659996004
-0.245123364074083 -0.108612355707989 0.162018964474026 0.108403033966658
-0.0498788073530272 -0.107291659183321 0.357488153218954 0.191984964127594
-0.128382547079483 -0.102502483076061 0.263540770951074 0.253935246062968
-0.151201714636922 0.0281552583574924 0.258735512283395 0.184793112634842
-0.0708353653321515 0.146707186358977 0.253012504730054 0.0318028532023794
0.0467643235789355 0.113517836400557 0.183009182387226 -0.0459277957726363
0.0862048569169218 0.0524111151339284 0.150647833208352 -0.0670851137358994
0.106781547049843 -0.0127451279709911 0.139881972329837 -0.0560259294385185
0.10368496310394 -0.0494257881785203 0.155296136070064 -0.0448284451575273
0.107862474960364 -0.0532744394106866 0.184593235864679 -0.012384813534068
0.123651022099753 -0.0080943896603496 0.187601093546309 0.0761488222236565
0.110397809004445 0.0687269581814252 0.135128448927606 0.191351612534837
0.0350554386067315 0.163968197050044 -0.0314606266313387 0.208928514337694
-0.10094027948538 0.121334345351671 -0.150157927321539 0.105627563459505
-0.166224118868369 -0.026036816500619 -0.0518459882337239 -0.0219674422857837
-0.117678493158712 -0.116281991711398 0.204634138879222 0.141600698543333
-0.0262491910613432 0.103536016024461 -0.282277938114507 -0.157250053469157
0.0753154387946862 0.0567102653898926 -0.0216764219804489 0.0862762124337348
0.0894292664825326 -0.0458925561672962 0.189921908304759 -0.0897569017240035
-0.00168315312686939 -0.0875393604940889 0.0838140969820509 -0.267370368923362
-0.0495404903993717 -0.0360372422470641 -0.14159623029679 -0.275477855440978
-0.0358684522563513 0.000911300416781663 -0.262896028926097 -0.111524601176071
-0.0421222499094391 0.00961584182136473 -0.250293527051499 0.0196875587853204
-0.0407271170231355 0.00638732277353206 -0.200543585849391 0.0680552852217803
-0.0261935644557917 -0.00743627130296648 -0.182461277843509 0.0883517920089577
-0.00713320622419176 -0.0236455086059143 -0.198091676070812 0.0887393566606131
0.00962468185112825 -0.0330032973824346 -0.230269222269859 0.0417982303619392
0.0581202059295135 -0.0145342219733964 -0.268880102712203 -0.06461419633088
0.0520809816728629 0.0516244648453285 -0.260059531297823 -0.189244426739427
-0.0362671216578386 0.098198206901468 -0.219565471437301 -0.258857344671397
-0.0943048642702356 0.0724927500204005 -0.346431322983247 -0.214819621993756
-0.166562338187081 0.0647214664183 -0.236873038705092 -0.204319964214809
-0.0538522540494288 0.09004967710687 -0.00981265526544245 0.0734211414527079
0.0311996456380683 0.0668020177967516 0.215839498452613 -0.0991309340036597
0.0358027177865848 0.0276455339803741 0.110585442973793 -0.297344169366146
0.0250191801568843 0.0152792406049752 -0.135814476207758 -0.301393478364328
0.0442188778969519 0.00987302535201563 -0.26781575768769 -0.127630482035118
0.0389498149911676 -0.0213991840791653 -0.247694713457318 0.0140879460498179
0.0318169918395503 -0.0316603002079997 -0.190595529076552 0.0651054688570816
0.0540699495858636 -0.0297119091360492 -0.166949321724908 0.0930435538790795
0.076345944610819 0.00728091899349526 -0.179380219981765 0.100929983912121
0.0626161776372795 0.0424858719538895 -0.21097526989218 0.0691012435848438
0.0473294472816864 0.105217257243679 -0.261649010897572 -0.0259217398123457
-0.0430425870383893 0.130933734481302 -0.269186506624488 -0.148152242448503
-0.173479123425799 0.0819404714381634 -0.219144043842388 -0.193983081942961
-0.243735004079703 0.00545432666656131 -0.307410546139837 -0.159781860454981
-0.284777973425887 -0.0014282680968963 -0.147282808073602 -0.213334802417212
-0.200512448871126 0.0905606230443684 0.0291914497093965 0.0783520482930128
-0.0641419274163178 0.173174874306139 0.260151779583419 -0.0891570247443101
0.0498918811916189 0.165059001018271 0.157958775765146 -0.311271384915437
0.0994847549434582 0.0871569201722516 -0.101207789459393 -0.31783770006735
0.126693005880246 0.0313546261489709 -0.239813283655341 -0.146046992324249
0.120662315327596 -0.0420115395635438 -0.214663971310666 0.00101255966733776
0.100402475709635 -0.0659857233852831 -0.154623451712879 0.053170239369024
0.121307868419202 -0.0574485778462366 -0.123204008748189 0.0892230721593088
0.148469763023735 0.018336929661773 -0.131301683220478 0.116005003365715
0.122513263608263 0.0891331770942134 -0.165162436681946 0.114263745153521
0.0736079532259979 0.201037082328752 -0.242989044842059 0.0413865052827007
-0.0896847976150364 0.218597905652872 -0.277228903732676 -0.0839430447484381
-0.269727499661798 0.0997245024887313 -0.207415468134207 -0.128752613061315
-0.358933119252153 -0.034273212915153 -0.227341434630043 -0.0887132844060527
-0.35800164104753 -0.079364626175961 -0.0220618972244407 -0.175359028654738
-0.332813232584139 0.0532334561750661 0.0913083205025324 0.10536540687057
-0.180340219324954 0.243524167855486 0.307938167282926 -0.0506779041673803
0.0284264827249553 0.294460567939736 0.219082989178296 -0.288694792097746
0.15327703769415 0.167825869804009 -0.0380677287733869 -0.306015814159211
0.192690639393704 0.0633163517491578 -0.176045000800435 -0.155739826519504
0.187559617509358 -0.049218755826576 -0.152693535204781 -0.0164060093464885
0.154246767746037 -0.0901943872197589 -0.0961285964324196 0.0334455532414684
0.165606371291186 -0.084297631846389 -0.0597268877438219 0.074662915199486
0.197455433658723 0.0114902276567272 -0.0622777049776416 0.11943044617157
0.173151845067492 0.106831446339839 -0.0971290941163168 0.15290038186258
0.112721136718049 0.257868466224906 -0.199477306123509 0.109039193642976
-0.0970579462019134 0.283083076782188 -0.268633306769491 -0.0154711475424926
-0.315523385764132 0.125340228724437 -0.180129023131063 -0.0800083603672733
-0.41925726371909 -0.0531618893666754 -0.119953798981041 -0.0227474489241903
-0.36769385887602 -0.144940712535923 0.117255120807902 -0.090687605519385
-0.404791066198719 -0.0163226142780842 0.163672135298692 0.153360231138811
-0.282083787846836 0.2468124920553 0.339371165085706 0.0164167809909377
-0.0254850930780415 0.369071451490894 0.268919741696117 -0.219730331114402
0.166789262192207 0.229951221944151 0.0402220906719101 -0.256237153761822
0.222944789001946 0.0933256817756746 -0.083421114312824 -0.146691709078108
0.224814893016748 -0.044452408877718 -0.0708404613740751 -0.0310743004242039
0.185062093430849 -0.101159704989247 -0.0244330781353778 0.00955193237508902
0.188023593759419 -0.101590975613931 0.0116157924420862 0.0522328556114346
0.217654244889145 -0.000674636886282667 0.0139532931750197 0.110238297278394
0.197304183051015 0.105703611984785 -0.020331217504359 0.174277397450908
0.132253692446095 0.274890764341644 -0.14260613038235 0.157325000965753
-0.09396198141206 0.301901860084806 -0.241658595503378 0.04002332491601
-0.318531709081419 0.125382483886655 -0.14433616460889 -0.0526693465970186
-0.418056420168669 -0.0709841138546837 -0.00660121561573935 0.0296044535248533
-0.309570353611555 -0.176240110421599 0.243211202708877 0.0213931306696982
-0.386177968867961 -0.084535750343056 0.223804203695063 0.211440769333149
-0.317417354764562 0.188734846221964 0.337399671730683 0.0950694307003918
-0.0789794812376667 0.359765221003474 0.290553904901948 -0.122629636603434
0.141821364608713 0.24529635285927 0.110459710473372 -0.176664291880658
0.211770540115647 0.106256433413134 0.0162688978044335 -0.11978330939015
0.222651176242562 -0.0344651193196344 0.0167659353820732 -0.0419969253882706
0.187511718010803 -0.0966779925258047 0.0508820013409472 -0.0135865322427348
0.186021303074667 -0.101072096215519 0.0832769451414946 0.0265402694384846
0.211644274048286 -0.00906233420145842 0.0862210596167553 0.095185409134674
0.192065296390411 0.0991191292889734 0.049717002644288 0.181307610786453
0.118461158092686 0.264543858523541 -0.089037889454563 0.184855474660865
-0.0992802370049656 0.273389734791793 -0.207128992106492 0.074931269028307
-0.294799755710392 0.0888613724493738 -0.106894203328046 -0.0399452004990924
-0.360055135289446 -0.0926997762755197 0.0951596327372329 0.07332571040408
-0.197442710748788 -0.161817479539406 0.335284196128451 0.131426369231989
-0.284529640087813 -0.117193194964775 0.262253289320149 0.257492198282574
-0.268352510752282 0.105341099923775 0.308523051493869 0.16073455699008
-0.0956108381167605 0.276823100526296 0.283419195431183 -0.0281418414100972
0.0984120978392114 0.203152164466397 0.162225756812409 -0.0980990165022151
0.163271361446932 0.0916654079322699 0.103169667005908 -0.0882385179690473
0.182094350766733 -0.0236171754549639 0.0952809040394854 -0.0504197490762248
0.16038428580258 -0.0802028883558399 0.117216017360822 -0.0339903292656493
0.160967318061552 -0.08555089055069 0.146740350127523 0.00318309000522339
0.18083245378181 -0.0105143315867356 0.149190527433005 0.0834513690054716
0.16260175686637 0.0892953961271212 0.104334716493056 0.188246490162297
0.0819521223598354 0.230344827037704 -0.0513098104215918 0.202244976035281
-0.108613666316683 0.211647975269673 -0.176796389428927 0.0965151942548849
-0.248368762230744 0.0315575919778285 -0.0747054342253106 -0.0309628804664146
-0.256560376753658 -0.115801748676902 0.172153778538722 0.113370301877247
-0.0509458811025525 -0.112381604353082 0.378513141598317 0.208412096507031
-0.134367938035597 -0.109213356646284 0.275213310959662 0.275302439641871
-0.159250004322738 0.0286665923566544 0.273135498196502 0.198932606772143
-0.0738405342039138 0.155422502888918 0.267589821492614 0.0364749980170036
0.0486228836681632 0.120903734643805 0.195098867624725 -0.0464620605256313
0.0917223052381141 0.0568281996459765 0.160926924578178 -0.0705788966676369
0.112484150595083 -0.0134191143793277 0.149870843422726 -0.0603831280779265
0.108088326337755 -0.0527439181110043 0.166443521515383 -0.0482688767396586
0.113373133197723 -0.0562103014256632 0.196051190558607 -0.0120673102451391
0.12951064918961 -0.00846233985594471 0.197289777615701 0.0826537958548523
0.116428782822362 0.0730189619369209 0.141303605429743 0.203907523978313
0.036836511442373 0.173509635421466 -0.0352913948745622 0.221860936765258
-0.108100448909207 0.126861145383494 -0.161103842629627 0.112704927239314
-0.175396426475383 -0.0283743580099742 -0.0553278724013959 -0.0240057108458135
-0.122204594031857 -0.122674389675045 0.216650765449694 0.148986408680279
-0.0217618123622786 0.112096221697613 -0.312905023248082 -0.159843097988797
0.0837880643171789 0.0587771224060216 -0.0200001188751483 0.0969657456241708
0.0943132972395529 -0.0527207805303111 0.204798692705382 -0.101748038173432
-0.00432064223732648 -0.0936424988228319 0.0832662404267287 -0.292096725558015
-0.054061900025944 -0.0365445037414469 -0.162132960727012 -0.293614499249951
-0.0381153766687244 0.00140631755605629 -0.286744295716291 -0.113866995940515
-0.0445439037244995 0.011551639460977 -0.267788789295677 0.0301551208809277
-0.0434478824677154 0.0092428332519614 -0.215037223615887 0.0812014539367458
-0.0268994400279113 -0.00672451765650556 -0.195357438774645 0.101304653060041
-0.00825787277815746 -0.0250931977995854 -0.21108740667363 0.102905691541889
0.00909851903475169 -0.0351850642780732 -0.248665997998049 0.0517930999237177
0.0618856559318506 -0.0167468788559598 -0.292155833476637 -0.0631658344728616
0.0565875796895078 0.0547961791190612 -0.285124036095217 -0.19924794485297
-0.0380583090660986 0.109266431374422 -0.243008044212699 -0.276477374767708
-0.0995507546330573 0.0815466999672402 -0.383780424012582 -0.223855998471133
-0.175415782756172 0.0748546940882177 -0.267101319018712 -0.211952688394803
-0.0548438520173813 0.100498140752042 -0.00805835207426281 0.0827080187370475
0.0359427966507894 0.0712076238017478 0.231910305472194 -0.111935515968145
0.0408792627029255 0.0294114848509909 0.109840753837078 -0.325520511278765
0.0286798453349382 0.0160553354316071 -0.15644583211094 -0.321882396751165
0.0491045103097003 0.00808876956131753 -0.292294659603178 -0.129827420536362
0.041403250645227 -0.0250081143847071 -0.264812333263463 0.0235015907328974
0.0326704692574997 -0.0348369490851753 -0.205107984683491 0.0760948665741167
0.0577654065540769 -0.0334431899072533 -0.177459811116443 0.106017962617004
0.0830772024300504 0.00543677242388425 -0.190022592625048 0.115230912426377
0.0684126835969108 0.0440462343809037 -0.226829553718587 0.080769325048175
0.0546123548022809 0.112894240883952 -0.283128455555702 -0.0204843641947041
-0.0429611560133664 0.144431744654714 -0.294092290856209 -0.15278277751096
-0.186737180753304 0.0948056957031016 -0.241216085523801 -0.206010246942782
-0.262821956723498 0.0140211655369926 -0.339214848822115 -0.16680089819925
-0.306115359003028 0.00814139098262382 -0.170244520478968 -0.224939076411132
-0.215123322438405 0.106192112307159 0.0331261633999923 0.087493575792645
-0.062963333652762 0.188894023255731 0.278715924540357 -0.102829566563232
0.0610975127324497 0.177605384138505 0.161997490388264 -0.342467206272623
0.112427281019574 0.0913999046362 -0.118872848778331 -0.34124319557389
0.13916338349422 0.0287478827060507 -0.262420867960997 -0.150082981953063
0.128666694656944 -0.0497825126684977 -0.230572623735573 0.00688278040014653
0.104657229186441 -0.0743544004926753 -0.165252962848647 0.0614251246959521
0.128012666152631 -0.0660012726958047 -0.129848134346443 0.099415678209499
0.161189369161846 0.0141278539535194 -0.137440918810538 0.129082462127335
0.135354469568077 0.0923958091810275 -0.175246301311789 0.128190360116576
0.0867766402748838 0.215244257069969 -0.260071691303998 0.0522597985730782
-0.0897367862892388 0.240250274133622 -0.30232850550359 -0.0824043805267394
-0.290747277807832 0.116615616841643 -0.227506256041191 -0.13546141771716
-0.387435895411625 -0.0254048255876783 -0.249884107979664 -0.0919893721677677
-0.388044003975516 -0.073389381830905 -0.0326165158730535 -0.186586956648565
-0.359652085412283 0.0686399312717355 0.100646695790926 0.115303000375307
-0.186643322746894 0.269485799540476 0.331950199692505 -0.0625346049978599
0.0428776083771029 0.318384698691574 0.227384847311065 -0.319103248915998
0.173372001328814 0.176899433806032 -0.050551213911111 -0.330668977116567
0.211741996184606 0.0610406364766398 -0.192469017980276 -0.163124610157676
0.200981588257272 -0.0597208327413749 -0.16438774187016 -0.0143654633561757
0.161853982529463 -0.103047368452357 -0.102630393326334 0.0373901199060726
0.175655808845328 -0.0958497146940161 -0.0619639141389635 0.081939228064788
0.214645405507201 0.00538311987455912 -0.0632028304887146 0.13135454917109
0.190471204635023 0.109038782889851 -0.0992833019861692 0.168426526935214
0.131628743819339 0.275376032590146 -0.211229935306143 0.125380144149547
-0.0940587698624058 0.310105621330187 -0.29114988741349 -0.00662866514969969
-0.338708191941334 0.145443944476715 -0.197449780100603 -0.0823818365504271
-0.454074991212603 -0.0432973135532504 -0.131817082544254 -0.023922788517743
-0.400692971894656 -0.144295721598989 0.121933646369065 -0.0997860515748041
-0.440157529444648 -0.00474462858884309 0.17921850703695 0.164822013390967
-0.295024476133239 0.275498641671395 0.366458100242147 0.00916452202106821
-0.0111110136959647 0.400720308449037 0.283056135221356 -0.246360555658846
0.190160689047845 0.243528328093209 0.0364650792652933 -0.278942560022213
0.246351055024988 0.0931732443509488 -0.0924308844913658 -0.156135168431062
0.240540846325244 -0.0562240336809129 -0.0763635886919214 -0.0344567161109158
0.19484290305284 -0.115597892711984 -0.0258015587491047 0.00960296267769043
0.198152449734074 -0.114793562457231 0.0153592287412194 0.0543513964182046
0.235400907256695 -0.00915017326933527 0.0185716695203271 0.118727312371357
0.216530217454615 0.107254569678887 -0.014865203071835 0.189053749529475
0.153761328076669 0.292440427052846 -0.147175267872437 0.175030985690211
-0.0898079726558844 0.329172118195668 -0.260964599005566 0.0536731754910949
-0.34204167423467 0.145189964217132 -0.158397900262096 -0.0532674118593004
-0.453391894328765 -0.0618235861230924 -0.00600629352179431 0.029024282142822
-0.339403793819402 -0.178998693573661 0.263749744565064 0.0186667277075929
-0.421934831364377 -0.0790085875936148 0.247652527969673 0.224885423687437
-0.334948443293181 0.214760537630109 0.367547130264115 0.0941447149381384
-0.0697074487717109 0.392463673019967 0.309473502581255 -0.141923231563216
0.163498018611601 0.26167125345281 0.114367293348273 -0.195390295278321
0.233710082389187 0.108068377148105 0.0164905043565337 -0.130769929649595
0.239306482830419 -0.044759584689945 0.0183497820147986 -0.0482276078733314
0.196994420149522 -0.112345802622145 0.0545393865027861 -0.0189526744022653
0.196112336881012 -0.115054672702944 0.0918042036880105 0.0246114338988917
0.228138779502355 -0.0174143378577631 0.096583837759233 0.10040307011625
0.210597377790693 0.100327783533445 0.0609304455744404 0.194146270767701
0.138287185096433 0.281834537151545 -0.0886178808118165 0.203827215740026
-0.0970214343199952 0.298851058859663 -0.223118741035533 0.0904327034774498
-0.316761589222563 0.105560954715889 -0.117135663067708 -0.0396383440567366
-0.391606514311377 -0.0880044764250099 0.105797475209146 0.0736673809683515
-0.216930851196963 -0.167331403471093 0.367907710860585 0.133599657826448
-0.311499220087524 -0.117396078224035 0.290405805522217 0.274045098157966
-0.285482760179351 0.121995212805932 0.337575889604377 0.165959056903247
-0.0910489975204059 0.303309561753096 0.304258200646927 -0.0392882048830456
0.113520856613213 0.216975454212343 0.172713683160756 -0.110622974165878
0.181085122803699 0.0943088765056783 0.109994060108987 -0.0997964449756292
0.196172405327216 -0.0320698851170378 0.102637221713726 -0.059923902521473
0.168466044781875 -0.0934317099600959 0.126963698466853 -0.0433858729455421
0.169324762022446 -0.096915459674569 0.15990681122184 -0.00242804134695889
0.19417822708285 -0.0183722052596517 0.164770821663358 0.0864612142324601
0.179111424932695 0.0901456811588156 0.119523783795426 0.200538817101922
0.0978451940358448 0.246830176564909 -0.0481046882744899 0.222122165353905
-0.109712780899163 0.23095889467862 -0.190433572838115 0.112486861914017
-0.268029048537293 0.0416919655503742 -0.0832299445476362 -0.0307783296991657
-0.279461943105784 -0.114385167434694 0.19128341917113 0.114526692810603
-0.0572584475837929 -0.118605567801597 0.418019077534362 0.215471596189546
-0.147633431215511 -0.113544037932616 0.306055382485778 0.291941035501876
-0.170238926027103 0.03537482512311 0.300493790798227 0.208497679274455
-0.0724035467391762 0.170950648981137 0.290252292655973 0.0323396076971165
0.0567659738607255 0.129640935079691 0.20979740086892 -0.0558762234804294
0.101681458414806 0.0586962214525117 0.173408804835395 -0.082109583485266
0.120072814492138 -0.0173208585711503 0.160438950400137 -0.0719019146555672
0.113061420760749 -0.061075140534986 0.17875924941251 -0.0610419552996197
0.11948555390089 -0.0643294361350957 0.211779372379738 -0.0198987706682412
0.138073955668327 -0.0141010831301158 0.216699193606493 0.0848465854931281
0.128781744792666 0.0742031484227348 0.158623445764858 0.216320065072098
0.0465306047160668 0.186565425044291 -0.0307965021058831 0.242252396591415
-0.111795585490486 0.139348233907607 -0.172793437774728 0.128541756235477
-0.190636521822719 -0.0254331885332673 -0.0620750208383421 -0.0244823887609033
-0.134029778442859 -0.127091860205149 0.240576756300839 0.150728471345097
-0.0468925467685746 0.115764667995526 -0.30716811113031 -0.209070663891354
0.0798222604793281 0.0755094026251425 -0.0319131067303078 0.105203955982354
0.105835299657867 -0.0427384757588608 0.237977804182413 -0.079187665697167
0.0050493463170297 -0.0996592561217744 0.135943168430485 -0.305103082107488
-0.0561021752400701 -0.0455340395276857 -0.132906256557622 -0.339430071802202
-0.0434317800779783 -0.00404345040504088 -0.288530832167824 -0.16386628854614
-0.0483629146870708 0.00612224841054896 -0.291364275405035 -0.00764696627667988
-0.0480608519429509 0.00420670644691891 -0.241679423352808 0.0528858396158426
-0.0264447425838688 -0.0119078280757958 -0.225277415117911 0.0805109986181813
-0.00563114667794101 -0.0262197385911725 -0.239145661430011 0.0797454247031074
0.0137547726716769 -0.0347749527907523 -0.272410564777681 0.0200812796655448
0.0652889306301532 -0.01006406975181 -0.303883290537488 -0.111640268270875
0.0466403751210684 0.0669419389954648 -0.271095037446596 -0.255387242469927
-0.0634091496937954 0.105889864922686 -0.208534831437759 -0.338032897640768
-0.128223158079078 0.0680806747962102 -0.36389001245369 -0.309186326132622
-0.200877920956188 0.0487819453808729 -0.25666532281936 -0.260153971377561
-0.0717762333766351 0.095955821763199 -0.0229337567397231 0.093124529742863
0.0248034596450673 0.0753599533869473 0.264522172909455 -0.0773554833941317
0.0331773477669869 0.0330739472329402 0.169120581893549 -0.327394202652192
0.0211326864525161 0.0228742592901612 -0.116616757272851 -0.366956773656201
0.0480674620462052 0.0178954592170883 -0.289543611543793 -0.181268503417013
0.046252166250463 -0.0189009884545386 -0.284533976888488 -0.0142509957152936
0.0395904205565436 -0.0281874786633676 -0.230173147429246 0.0498981918513877
0.0672797554154783 -0.0253752208379227 -0.206840831126577 0.0882879722413378
0.0866504085398298 0.0211283694146243 -0.221101985520203 0.096784016566631
0.0621780033359 0.0621879880898099 -0.254421459037005 0.0497177942233404
0.0366566944348685 0.126453196263269 -0.301923963436731 -0.0701710757469655
-0.076542933629795 0.141869983719665 -0.286138166939077 -0.209924862011875
-0.220543751409411 0.063648767364171 -0.211451311240791 -0.261929982461626
-0.293196895850114 -0.036369394700187 -0.319365499011722 -0.23377316475738
-0.324475336139204 -0.0453980454576843 -0.158028610762094 -0.262005540427162
-0.239012815761594 0.0753372595825656 0.013951160320208 0.103652076429043
-0.0963203586016824 0.18002459226777 0.306877488781369 -0.0528022667924931
0.0336690449423106 0.188401841198676 0.224535868215988 -0.327147019714808
0.0963309042204872 0.114492870798505 -0.0682471770046976 -0.378435256627237
0.139860499750579 0.0542328199448502 -0.251682184011777 -0.198033731739305
0.141352015986163 -0.0311197543979096 -0.242959738052891 -0.0266667088055289
0.123111627942131 -0.0564439220759244 -0.185937643229408 0.039555120882406
0.145797589873119 -0.0467941895552232 -0.154551513664101 0.0898570354077853
0.168236215665331 0.0434514686090914 -0.167422858106152 0.120391973107365
0.124649768208917 0.126821263415915 -0.208545437411408 0.106103906929561
0.0547696729953779 0.242076841488211 -0.292672080592438 0.00636875085823105
-0.144601253993538 0.23527817287357 -0.305509184168053 -0.137319212784587
-0.334651140991529 0.0681517964092424 -0.203450989589405 -0.185676432973664
-0.421096805270898 -0.102130961698207 -0.231751900118935 -0.133870532493827
-0.392821024749036 -0.145166635021807 -0.0228984902792339 -0.204568671059694
-0.382364794258464 0.0122758416947799 0.0766161350084411 0.141977796216908
-0.236739818201184 0.242301527824917 0.346872022492188 0.00258581523743034
-0.00531376356206239 0.330333530304744 0.286291723507085 -0.283973684592553
0.146190637958008 0.212874339357877 0.00771019533321106 -0.352044768469996
0.21172474064286 0.09948865560591 -0.174796427280704 -0.200048697399301
0.218839432894395 -0.0307674610280286 -0.166965351264445 -0.0386717466687724
0.187725940306194 -0.0770811363415636 -0.114752747834106 0.0235280491323081
0.200804007052373 -0.0708746056800977 -0.0795803192355407 0.0803839724910767
0.226345236556132 0.0425846035459465 -0.0896542147068414 0.135193828861835
0.181185571898482 0.154713663508075 -0.136173624702279 0.159181748573612
0.0941909788175399 0.314438978675811 -0.255842853185163 0.0879688328441941
-0.162901235509317 0.308337652687737 -0.30540389968909 -0.0554249486515411
-0.390967905085062 0.0903681028026791 -0.178327648128448 -0.125365776306296
-0.488165274153992 -0.133867971287439 -0.113350491175381 -0.0386949870646454
-0.389893024502353 -0.222993354038536 0.125670941990505 -0.0912659213189003
-0.452817078606258 -0.0768872143729854 0.14972596070596 0.204226994242844
-0.348852071716596 0.230719940832574 0.365587421632525 0.0837056893485007
-0.0734112951133262 0.406574538598462 0.329639071727135 -0.192107672014722
0.15370625410709 0.284089243700878 0.0923936628086514 -0.280168203298389
0.244283038676507 0.138977744693772 -0.0678063302213097 -0.177205623493102
0.260693643214622 -0.0211381065519488 -0.0685840202598128 -0.0454929190227775
0.225206851129624 -0.0855655434325093 -0.0280661989101715 0.00401055319668651
0.227065940474977 -0.0862742325157283 0.00777889149091442 0.0632300354130731
0.252018179243647 0.0312883107387142 -0.00121385518876858 0.134596430070447
0.210116750315284 0.157784680161219 -0.0496070854333505 0.193729848648672
0.114615619307182 0.339743382534791 -0.196519466123981 0.151524324373279
-0.161666530471302 0.330570028382878 -0.282466697960948 0.0122105426006966
-0.394076026121017 0.0902128907674246 -0.141975610648572 -0.0873699137054753
-0.482953842451599 -0.153343706434378 0.0101791349572609 0.0405989539056788
-0.316482850613023 -0.250253327088225 0.259605277840085 0.0523567658291996
-0.419147078935338 -0.151757905886102 0.212777757001309 0.274929834826019
-0.378725151982789 0.16046569450035 0.350163862636216 0.169111807121882
-0.129528038743472 0.38940947841475 0.336707123433829 -0.0783405500179033
0.125628347614818 0.296056618434169 0.163287730827001 -0.177079997253511
0.229528388640373 0.151079656671392 0.0437517028347995 -0.133537496671328
0.256735898028121 -0.00918117325223889 0.0355906395366092 -0.0462748097812597
0.226910323327644 -0.0825509104444265 0.0627344885339326 -0.0140743239545408
0.225779698430803 -0.0873817761603825 0.0940244195344673 0.0427568049079318
0.245826326926769 0.021091453148547 0.08565074834378 0.125678050286745
0.205332574916106 0.14992348169477 0.0300195882461766 0.210450045666543
0.10103957948594 0.325261032859115 -0.137848102269589 0.191803467415811
-0.163925949588667 0.296458382469384 -0.247120055048637 0.0589650205453479
-0.359012484192586 0.0525388346523261 -0.102577728575083 -0.0643348803641756
-0.408271147434887 -0.169188169375918 0.119655247210066 0.106380839638546
-0.18845305040837 -0.215398884013257 0.356399567075644 0.191320119621539
-0.298331412499986 -0.175297714527184 0.255518272058385 0.331697972174851
-0.31039257720145 0.0736943434862011 0.311392300941366 0.23544576803961
-0.136133742969753 0.293644828458997 0.316255386123824 0.0240509854775952
0.082527389297727 0.240927280535917 0.209700689465388 -0.0797857811003191
0.176494574378018 0.127788134314996 0.137855330312599 -0.0872975521631652
0.209484378728942 -0.00316007591967662 0.126282023650187 -0.0473456280295812
0.193881164919129 -0.068417054289678 0.142884599896384 -0.030230854593775
0.194391094678817 -0.0734792819412081 0.171398265353174 0.0243703676891105
0.209723627047333 0.0147387530350157 0.16033273981807 0.12084437975381
0.173979100307466 0.132702782982109 0.0922287899232069 0.225488603199038
0.0631078362958698 0.281014604351774 -0.0959684177423525 0.216564794054894
-0.163707966272191 0.221396786230208 -0.215858606697056 0.0883630331532217
-0.293983057934162 -0.00586557658711339 -0.0705492116843177 -0.0468091347208928
-0.280178600033448 -0.177018881177889 0.196779891349768 0.163222116341636
-0.0281328074343528 -0.136454657767635 0.402900856188248 0.286997814121563
-0.127978138989768 -0.144324526419854 0.274682031923369 0.353902280017442
-0.176004597087022 0.00386268881956424 0.273503468163836 0.269113155064496
-0.0956648753881076 0.161725184065739 0.293655209416991 0.0905178725216252
0.0388556090458486 0.14030453083335 0.236420166105437 -0.0194190034125118
0.0983560275914445 0.077680727457712 0.201220100602226 -0.0607901009031459
0.12832326883361 0.000467891354263254 0.1878727600787 -0.0517021701210605
0.130405011745788 -0.0456905334813512 0.201092697914701 -0.0416076293408999
0.136190382030352 -0.0475059210715303 0.229238119083622 0.0109070987543675
0.149882892344026 0.00927959149068936 0.217357031744902 0.125996332090355
0.123804216734756 0.106436802654395 0.133350083867772 0.248948002321231
0.0181238505061573 0.209777450637494 -0.0768760977717285 0.243899910438816
-0.148863033181629 0.12323179944301 -0.199680184547256 0.110155818464387
-0.19867614733579 -0.063012754790356 -0.0537761506456595 -0.0333842674092475
-0.117401745228871 -0.161515134762462 0.235846681004804 0.20793782176325
-0.034343145193456 0.12098850286847 -0.336517483329835 -0.180753540285691
0.0885041115928059 0.0698200613529987 -0.0209232222150971 0.113369886087275
0.103098151293749 -0.0537766727465324 0.238512254578162 -0.102563440188024
-0.00462471007822127 -0.102499394639745 0.109623727957094 -0.324353062126573
-0.0612952089316458 -0.0411196244120823 -0.168287765433512 -0.335582499898952
-0.0446666121728871 -0.000311295874839135 -0.310364309311593 -0.140349938979949
-0.0482836261138385 0.0104945129082424 -0.29673023694494 0.0213877529699062
-0.047869908822557 0.010604715662215 -0.243750184137426 0.079004094837924
-0.0274439789511351 -0.00947506056239787 -0.222849277793332 0.105534603813466
-0.00728198068448335 -0.0258263533814721 -0.236542056098214 0.104860050134865
0.0106601154114175 -0.0360498693842641 -0.277329544012571 0.0467640936844165
0.0653780227976922 -0.0167228988888413 -0.321349994798065 -0.0868104446360882
0.052848658635166 0.0645770306992194 -0.298321984206046 -0.237628363880929
-0.055122059102834 0.116558854555487 -0.244116279956649 -0.33115790388217
-0.122608401675389 0.0816786835141349 -0.406029247429354 -0.283716245711687
-0.198053529300845 0.0682445647201657 -0.29137758418111 -0.237669109832085
-0.0647964223203743 0.105733484734821 -0.0144326099457404 0.100476764848006
0.0327582661183926 0.0746440397752313 0.264114741803105 -0.103889806306213
0.038463838675317 0.0307832398824793 0.141530879159612 -0.350665666316214
0.0249739238705659 0.0218600026941018 -0.153665855570978 -0.365146373298054
0.0508267522480067 0.0125356596651542 -0.312238229457405 -0.158028601065831
0.0462717265020629 -0.023773498201981 -0.291519038649079 0.0128783037927404
0.0375224645112844 -0.0316314088179956 -0.231870868274921 0.0739203010334823
0.0668124667549736 -0.0325898753595498 -0.20375988189738 0.110947981654495
0.09152969459227 0.0137512276815182 -0.216506577229569 0.120974928990715
0.0693870407805894 0.0583998172457468 -0.256895641224284 0.0749275894079626
0.0504681807180134 0.126358313221321 -0.316070558867342 -0.0440200432209365
-0.06475834058291 0.153314463586709 -0.311347264682552 -0.187515895321189
-0.221263248088194 0.0887091234487903 -0.239143330250165 -0.251477464341911
-0.301528943295819 -0.00825114047642179 -0.351423222660947 -0.210982590743769
-0.334123254112285 -0.0159193953841693 -0.190499473724258 -0.249509385284961
-0.238302258676132 0.101405538186679 0.0237863234648252 0.108211898321589
-0.0800347065981615 0.194219255051806 0.308728841728683 -0.0812205326956167
0.0555082535513678 0.190124300942236 0.197596548145976 -0.355940183736918
0.111548183974226 0.1076936010534 -0.105866104028136 -0.381897273135233
0.14911583272155 0.040403640063433 -0.275342043688083 -0.178098796706013
0.141454704332229 -0.0464757235085756 -0.25000281625992 -0.0046910376781707
0.118358581705465 -0.0697222220570626 -0.187339812180087 0.0575842198858422
0.145267388173786 -0.0625710763017484 -0.150487782213168 0.105918697218034
0.177355859541945 0.0281230316919576 -0.159562257293909 0.139642581367187
0.139674180677107 0.117639111197695 -0.204272110302319 0.128411159043148
0.0811253541380906 0.241862151742046 -0.298400245541622 0.0339882297587616
-0.124642898505481 0.255046059062378 -0.325100646556335 -0.11032473663831
-0.338336500384523 0.103754946750335 -0.224466254189278 -0.172402711274751
-0.438000833468946 -0.0625001452402923 -0.251577441592561 -0.118044380653179
-0.414402468742561 -0.111516457697577 -0.0456710291318712 -0.204295705109268
-0.39167298786242 0.0508112899786722 0.0897769510333043 0.141388140750187
-0.216844348077753 0.270468114956439 0.354383659970851 -0.0280121972193721
0.0304168655620194 0.338760112673754 0.264783378028735 -0.317490338410689
0.17357167391021 0.203276897190134 -0.0259295233183192 -0.362428595843526
0.228059583603336 0.0793695401598571 -0.196568884781004 -0.187395163956667
0.220600832733626 -0.0536996182868555 -0.174263452685225 -0.0252378354578736
0.181947283728396 -0.0969050705610121 -0.115987704593712 0.0338998699319631
0.197817879882111 -0.0920174322675787 -0.0739287037665083 0.0891420980114605
0.236006884108292 0.0204810519781491 -0.0781129981187507 0.14773657789997
0.20010977692577 0.141139289791011 -0.124207121529119 0.175560162257367
0.128576569310542 0.312048154076243 -0.251779367029421 0.115540375578049
-0.135979973340705 0.331634175902049 -0.318577257829933 -0.0256856819271862
-0.394048088039229 0.130498975538587 -0.193931337074599 -0.113094268470571
-0.511262783279202 -0.0868747471823756 -0.120062103592396 -0.0323020097901406
-0.419389374430645 -0.189883325524834 0.118458444105356 -0.103582022223647
-0.471809397555156 -0.0350783922019384 0.169555042369602 0.197212585611589
-0.332747768966517 0.269717323887301 0.380217393453537 0.0533888477798361
-0.0297609576230249 0.422792979310012 0.317287753838394 -0.226934180366766
0.187798108368098 0.275705022867651 0.0695672215244519 -0.295742791547547
0.265248149641775 0.115953677906665 -0.0852304082294331 -0.174825488477236
0.264195391320629 -0.0473331427376176 -0.0740689744663404 -0.0425495095199816
0.218738448571261 -0.110672098298767 -0.0288096047283919 0.00570957293512135
0.223163513085042 -0.110948408465873 0.0127056032098646 0.0621357933871248
0.260890635176864 0.00585984454270891 0.0131330790272153 0.138650680324677
0.230556655602453 0.14084822789146 -0.032450009561166 0.202049087518309
0.153167518163411 0.335079068368955 -0.185302713474431 0.17488990915224
-0.131850122444651 0.352745231392364 -0.287888454734784 0.0440884643693013
-0.396852118499521 0.130693233751764 -0.15346617810957 -0.0759928044100192
-0.506857168084686 -0.107248344697704 0.0149273065508867 0.0365868799192484
-0.346532313437912 -0.225009264519864 0.270528907328381 0.030795619827388
-0.444445277169523 -0.115421954643013 0.243104254866196 0.263779840048435
-0.370120452014165 0.200322279378037 0.37352495981932 0.1424840288908
-0.0899245192214183 0.411022337185578 0.335742173050207 -0.109986551175023
0.159848263261573 0.290481530429023 0.151330513133235 -0.196704553661753
0.252175853401396 0.13114424822928 0.0335113321894003 -0.140988163313267
0.261641345563305 -0.0350047411877886 0.0322408824172239 -0.0539029602291309
0.221753656533962 -0.10751409503156 0.0616329352622003 -0.023239795046333
0.219993555236447 -0.111588809539538 0.100194444359914 0.0320254031066461
0.252354428270282 -0.00348470017239627 0.100744162250575 0.121601320524906
0.224698748194742 0.132834880553732 0.05133259992942 0.213002127935637
0.138428330942923 0.322888794375366 -0.12176818062887 0.209352221163475
-0.136785993836669 0.317607844103829 -0.247824524806749 0.0885532323796019
-0.364184477721049 0.0886275043339462 -0.111304110298313 -0.0561178804737397
-0.431694556865523 -0.130270575864784 0.132738518301074 0.0935326206526674
-0.211441395112559 -0.202560622255223 0.38479702845785 0.163481663779011
-0.322015896330428 -0.149948955024594 0.292127115014954 0.317794289771582
-0.30965285168644 0.104889776747905 0.340381673188419 0.214292899805984
-0.106300208249996 0.313821490170068 0.324618352444525 -0.00331160639463585
0.110316166460677 0.239057044651282 0.209129037274766 -0.10039001401322
0.194374604292738 0.112170543739858 0.134931135019502 -0.103915432569843
0.214298647922226 -0.023888437566236 0.125260520185922 -0.0629752610366004
0.188532986068688 -0.0908710880695305 0.142734471170387 -0.0474499570557113
0.190303326400757 -0.0952660285791369 0.177099116555835 0.00554976158839956
0.215160605604646 -0.00694884075436894 0.176807758101178 0.108945133929745
0.191499805490899 0.1188463215143 0.115820044477511 0.221756405704592
0.094640622741155 0.281585645446342 -0.0759416985455458 0.2323678909083
-0.145817675191101 0.241124368502143 -0.212782400213498 0.115387770687304
-0.302367453999486 0.021937070357995 -0.0775003682590421 -0.0409594979435321
-0.301246475228172 -0.151396230244713 0.218412782636735 0.144138405477367
-0.0408148778977125 -0.136991656334028 0.442506322676709 0.257062836366717
-0.14435720340161 -0.134827221851721 0.312833953570676 0.336582748940515
-0.178941885705687 0.0203037084397281 0.303781161314886 0.252309719502521
-0.0788942992080328 0.1736161042059 0.309425851207671 0.0661475366829463
0.054278392171443 0.139767791515907 0.241712306696562 -0.0423741901581369
0.108763436838197 0.0692938475320717 0.201595707971238 -0.0821889748631995
0.131076955292107 -0.0123490844126358 0.188634248914193 -0.0737071823296208
0.125961290158915 -0.0602765930489847 0.201252397732428 -0.0641283005412308
0.133669038503936 -0.0633020758422191 0.235496190613594 -0.0124408855678798
0.152865444033255 -0.00606630404280412 0.235313889328535 0.108607002750139
0.137686609530714 0.0955276868194053 0.159648858306855 0.242029394864026
0.0408021887783777 0.211602166212964 -0.055538398052949 0.258568512242111
-0.140684198058874 0.13888886376366 -0.194054462371992 0.133984488525052
-0.208778836331289 -0.0452529315154932 -0.0594120242827818 -0.0295927428625715
-0.133676063788602 -0.151904154151599 0.263053752741764 0.185288747254642
-0.023246680574093 0.120672399483613 -0.347277137190353 -0.149964309414512
0.0930605823852916 0.0627761054345311 -0.010845250282217 0.116529378437298
0.0966130245065106 -0.0604937070410386 0.229275715210282 -0.118853065230549
-0.0119572459741808 -0.100381852246341 0.085502033173715 -0.327339694889709
-0.0630785084785762 -0.0360192581106759 -0.190938290089892 -0.319241737947618
-0.0441051274684699 0.00205695279415235 -0.316634935184196 -0.115998282649334
-0.0457758529225967 0.0138103645237913 -0.289608937298558 0.0434417518554323
-0.0451101195370353 0.0150394764953908 -0.234234957164501 0.098150664725476
-0.0270100459865756 -0.00743944059387512 -0.212568122509158 0.122260550275304
-0.00820714927546715 -0.024786178138086 -0.226418577706789 0.120813307264303
0.00781843232712386 -0.0353893506396195 -0.271217873305068 0.066916420979839
0.0628116090762123 -0.0215428204436283 -0.323319636370395 -0.0620804934350313
0.055937758734314 0.06164517149881 -0.309814049498739 -0.214391609247131
-0.0457709288154893 0.120850011837307 -0.264629640249622 -0.313411739959854
-0.113487543659217 0.0888300849811815 -0.423266050974624 -0.250792637758218
-0.188888571931713 0.0808249019379603 -0.30695500869595 -0.209702366277787
-0.0569044473586261 0.110378614585587 -0.00633067748985618 0.10441387449949
0.0374606428038815 0.0710169142157969 0.254423500385201 -0.120462055932128
0.0423182961534447 0.0272948752566361 0.113397126703161 -0.355423058051996
0.0275022608452194 0.0191505849938982 -0.179540694499784 -0.350066807043188
0.0514027385240658 0.00713093319041856 -0.319303761857128 -0.133537973049997
0.0435971666557571 -0.0281744820369756 -0.28609514648092 0.0343608961513554
0.0346742942914542 -0.0332047198477447 -0.223819755799207 0.0911340812851191
0.0639048128133432 -0.0374470793854029 -0.193630754243387 0.125172411142484
0.0926436212495769 0.00655526880190677 -0.204747055069858 0.135269184265357
0.0734478293756287 0.0532123308479304 -0.249496064007091 0.0931413626526625
0.0599591369596698 0.120060530960004 -0.315481409238437 -0.0209002240414754
-0.0523269469323834 0.157199718159461 -0.31997870772161 -0.16224246619136
-0.212882496574322 0.105209387621801 -0.253004131585902 -0.234696123689938
-0.296251963333089 0.0136605330226517 -0.36504050183127 -0.183162336585349
-0.329669749037567 0.0082890038126633 -0.208567811830138 -0.228307076278628
-0.228821193928799 0.119278373270719 0.030513834954721 0.10923123093448
-0.0633168683723788 0.197618762471148 0.299208845057441 -0.100378709044178
0.0723087485789158 0.182027493195088 0.167655566272498 -0.364349062822894
0.120069117525126 0.0974975439123754 -0.133467303607195 -0.36881596554531
0.151195902117233 0.0265993791167377 -0.284156310540648 -0.155740617691107
0.13573697894415 -0.0576004844264965 -0.24673412131738 0.0133671922485992
0.110222539453807 -0.076897560150361 -0.18102778951193 0.0714684912389204
0.137569570586705 -0.0735107067049037 -0.141790099190935 0.116389425983653
0.177947220634003 0.0136986859361074 -0.146420969043538 0.150195937606561
0.147238661167844 0.105969662143347 -0.193542962043289 0.141354013113104
0.0996726436441474 0.231825190655483 -0.291529271054969 0.0556184999529536
-0.102775136252537 0.26154092911545 -0.329190113533737 -0.0842975686824688
-0.327631434220218 0.128376606037568 -0.23367601856075 -0.156715890101067
-0.434427605932697 -0.0285024794672259 -0.258909270638407 -0.100148387726402
-0.415894952534936 -0.0805017374628104 -0.0623272283797828 -0.194517311045422
-0.384228351092118 0.0807102555604144 0.0978545492292835 0.137120551886811
-0.19171240120145 0.283540502223555 0.347859156883514 -0.0501113522101482
0.0600028588219986 0.331044416846098 0.237449308243703 -0.331425900582073
0.188886153864723 0.186688105366625 -0.0517054297327284 -0.356244307354923
0.231464852460205 0.0591305526658243 -0.206586899741164 -0.171446560417803
0.213510448051652 -0.071122492436536 -0.17381259271902 -0.0128706210364556
0.170078008939541 -0.110281125217124 -0.113376645545401 0.0415245556226006
0.186856583630431 -0.106661283307985 -0.0676335932323945 0.0930389131846263
0.235287405373121 0.00241504909768987 -0.065430440412422 0.151206640638176
0.208747745099804 0.123984573342149 -0.110221842834063 0.182329469127383
0.152801516036063 0.29834344695694 -0.238944147723395 0.132994115060057
-0.10763957554239 0.336781818018097 -0.316535010700527 0.000346727464476275
-0.380375100677244 0.159066336762647 -0.199202668544371 -0.098594462103115
-0.507172639525857 -0.0464733550749543 -0.122102889091829 -0.0263068151899911
-0.426925035287668 -0.158995747995178 0.109049800719751 -0.108290255573464
-0.468887743067942 0.00237624764211523 0.180609752558422 0.185420649805709
-0.305544813299996 0.290861267261251 0.378362662705868 0.0287415392546337
0.00743008138326387 0.418946439195585 0.295640538743068 -0.245329255317585
0.209644923486322 0.25650741468945 0.0482159784174202 -0.297375668713553
0.271529355094057 0.0922660249954994 -0.0950404488442514 -0.167682662702388
0.257307353799126 -0.0681256744167223 -0.076553710907922 -0.0377431034954444
0.204424035859457 -0.126511751257998 -0.0296868102152061 0.00670966110744677
0.210527671282627 -0.126376701476183 0.0159378138921672 0.0590172968937163
0.257450652855993 -0.0136734308235011 0.0243545881800688 0.136393120462434
0.238516658115917 0.122240791921954 -0.0173242878136653 0.201455022580739
0.17912315830174 0.318427226864805 -0.168519185856101 0.187199109782547
-0.1020124738004 0.357090930229973 -0.280712285231034 0.0677303605024595
-0.383837347885225 0.158732530821673 -0.156429184899263 -0.0643972214515818
-0.504252566717465 -0.0673183512243353 0.0164173139994316 0.0314343126450486
-0.356344004720345 -0.196260330151414 0.269942952077997 0.0124751533460895
-0.448615326130684 -0.0787543510233606 0.257287524719862 0.245210392836072
-0.348348666015825 0.225349830999197 0.377854329037261 0.117290494779348
-0.0521171394268779 0.412415735918718 0.322637152593319 -0.130675493907963
0.181930209530598 0.273351774036936 0.136677851045387 -0.205364373974248
0.259557913302091 0.108284607336006 0.0244315559918051 -0.143147239372355
0.255866657147974 -0.0559897723275716 0.0275846330983576 -0.0569271843460501
0.207209308477686 -0.123886138398554 0.0579311964048955 -0.0284661593323298
0.207558028977961 -0.127714390619061 0.0998859218285903 0.0225828038768876
0.247538666343792 -0.022896161874218 0.109773552019162 0.112953223687229
0.232190550495139 0.113589811440912 0.0660464839349132 0.205735537278014
0.163640132413111 0.307941517752931 -0.102675678081073 0.216098530699527
-0.110844880630341 0.322358758502067 -0.237469478776449 0.108832836670785
-0.353082076144422 0.115677778775271 -0.114284474499338 -0.0476113032963247
-0.432336754532139 -0.094604873800391 0.138519293376223 0.0787267648819941
-0.222630774953903 -0.18456241095154 0.392292832896301 0.133353940162738
-0.328971252013108 -0.12386949994954 0.309707251033441 0.293929049588504
-0.296242901050776 0.126142551136781 0.350497477125401 0.190124314145766
-0.0768870886582075 0.315860689225518 0.319587330603486 -0.0242727779167409
0.128739881524003 0.226187710349479 0.200069634979072 -0.114349989036643
0.201453590223453 0.0950073064566676 0.12752029524595 -0.113491757812411
0.209539080452392 -0.0408700639165346 0.119273258040281 -0.073627162822528
0.176836046339855 -0.104549627609585 0.136215983709982 -0.0588711672217313
0.178690602294824 -0.109408708285248 0.17425954399919 -0.00900220508542319
0.210615678174542 -0.0233139510827597 0.184168789364095 0.0949432799622084
0.197746633814791 0.101873357100666 0.131293907799822 0.210850494020357
0.116903241119562 0.269739162277343 -0.0563342895416385 0.236523833129881
-0.126089879536394 0.247289292795449 -0.200460506805503 0.133146020002482
-0.296883025171761 0.0451163225814083 -0.0794002452689362 -0.0354861550986904
-0.305688013953437 -0.12503050765496 0.227169119708123 0.121096120383781
-0.0491344669220938 -0.131824402866674 0.457709753728218 0.221256768668394
-0.151611524678535 -0.122006362188201 0.333444969088612 0.311283772749133
-0.173923165757752 0.0327654758243038 0.318645394906184 0.230007929662526
-0.0610678355137396 0.175738135359377 0.310801567967468 0.0448750623846688
0.0644884817519764 0.133463988707776 0.23769549469712 -0.0586060061748044
0.113455169678074 0.0595502557755464 0.19510793342906 -0.0973869757548443
0.128233324601163 -0.0222226724801207 0.180707624847679 -0.0896283955060128
0.116958690328444 -0.0700357784807836 0.192886633046451 -0.0812361326682092
0.12527724442243 -0.0736322233907598 0.231163527914247 -0.0311270048725183
0.148688613606031 -0.0182786767075482 0.242351182177965 0.0901606003059512
0.143416559113395 0.0830697993175656 0.174597212198612 0.227364777234469
0.0579127706146691 0.204743247033284 -0.0350587451205294 0.260302830965756
-0.128511009091959 0.145871360729686 -0.181878433161828 0.149313835001979
-0.208779445471171 -0.0287032863643591 -0.0611344151898663 -0.025358435680448
-0.139547530072643 -0.138401508102138 0.273288105341786 0.159116982563861
-0.0176397954981727 0.116800332778785 -0.34786695557347 -0.129354251831643
0.0938201067385574 0.0582077901295993 -0.00479648181192889 0.117577735961698
0.0912592618862089 -0.0630563042727138 0.222942182706142 -0.124832866241807
-0.0148124839014455 -0.0984996065152997 0.0731884563567213 -0.324696883780195
-0.0632754310294575 -0.0328709115125981 -0.199911746028814 -0.307504105819394
-0.0430757567869069 0.00339432624145578 -0.314675201631038 -0.102496498286125
-0.043977193393218 0.0145493196194905 -0.279993286588249 0.0548158508319633
-0.0423604895864944 0.0167413896673318 -0.227104447003683 0.10732695663494
-0.0263011778026756 -0.00711067184197508 -0.204852434182914 0.130869373770151
-0.00814868720843462 -0.023790943488711 -0.218924801372451 0.127687970654832
0.00634483884235566 -0.0344908261929827 -0.264931274041347 0.0761130811598296
0.0609555219829667 -0.0232973314807787 -0.321004235915142 -0.0499514574219265
0.0573398173825395 0.0601897553963451 -0.310490446795045 -0.201352118401934
-0.0404068581557483 0.122976998511028 -0.270518755230162 -0.301946486851989
-0.107255228227513 0.0897814615942126 -0.428371838566833 -0.231954373140495
-0.181910436006731 0.084775194457895 -0.310545372714689 -0.188920357270841
-0.0515002160551037 0.110654986031437 -0.00176260050213945 0.105912864190698
0.0398351438632649 0.0684405255165134 0.247460217127703 -0.126765601847639
0.0442567439041869 0.0242783866916423 0.0994573646082206 -0.353003046222003
0.0291446086670602 0.0174693907801183 -0.18896572777675 -0.337372649678588
0.0507279177915563 0.00379139376371385 -0.317534802339269 -0.120092347625905
0.0418420913309216 -0.0299203298480815 -0.278128052083073 0.0455634970689772
0.0330284915730259 -0.0330826039930452 -0.217109292083222 0.0997281541034097
0.0612389824199364 -0.0403376186215122 -0.185621571821106 0.132547462599509
0.0922766187781838 0.00261315695787883 -0.196254871735575 0.141142745165314
0.0744799325545628 0.0495135030654477 -0.242231371946195 0.101312591474334
0.0637796847682928 0.115139478092087 -0.311500285273318 -0.00766850427936416
-0.0449139875360689 0.157018513931606 -0.319005657009763 -0.149619707246752
-0.206037515892132 0.113049571020877 -0.257357623812301 -0.224992023401085
-0.2886093058031 0.02343783323998 -0.367900948961736 -0.168596441650088
-0.322706579726924 0.0193915561529093 -0.215068069589104 -0.211633405703726
-0.21990888299987 0.126807764670018 0.0340093981218558 0.11074884894922
-0.0536697114331245 0.195901345719537 0.291106651757121 -0.107533157741078
0.0810081461351963 0.175185414632774 0.152063494981953 -0.36231060667703
0.123643931701328 0.0895220929068452 -0.144401552248281 -0.359072678776834
0.148872873493527 0.0188719513350414 -0.283606569573989 -0.142973716142742
0.131409929228924 -0.0634252349923858 -0.241579962381699 0.0230295845764641
0.10439625522478 -0.079976547805318 -0.176025379829217 0.0787336603311014
0.131843366802467 -0.0782766672336262 -0.135856322458771 0.120506184163896
0.176876986653704 0.0061313230850652 -0.138170349479938 0.153830211192076
0.149690586898238 0.0983694634533434 -0.186003092691635 0.147192632759631
0.108499792084028 0.222972713879119 -0.28446415867429 0.0658323592773294
-0.0901839846387557 0.260306357139563 -0.325501965123542 -0.0701348892656004
-0.318638618006934 0.139952011991044 -0.234569221221606 -0.148260155952689
-0.425921989949467 -0.0121417597722795 -0.259398096141768 -0.0911219190684972
-0.411214235175622 -0.064177341375476 -0.0694809466814322 -0.184803399310295
-0.373994259116368 0.0962637469474716 0.0997347550766425 0.135435419701871
-0.175333524351952 0.285490071414594 0.340136951691061 -0.0585308299562952
0.0757145409882616 0.32079245775184 0.220119173402456 -0.331417526996855
0.195189567582036 0.174961999123577 -0.0641768640316827 -0.349836805671343
0.229888597682927 0.0466954376597913 -0.20881822445354 -0.161706041169758
0.20657052146277 -0.0799137765188485 -0.172205879840318 -0.00593382739552705
0.160576353426823 -0.11497084136664 -0.110719315113004 0.0455632194553883
0.178637333730739 -0.112734735269767 -0.0645382326360222 0.0939117119010194
0.231194209342095 -0.00805588463487896 -0.0577319317279348 0.151189323976556
0.210400955767256 0.113766626965718 -0.102644746295527 0.183755390070368
0.164165565573755 0.284920397008471 -0.228832865663291 0.139410150617307
-0.091624894022786 0.334154045459567 -0.310301828003877 0.0141363111613765
-0.369687167448585 0.172220596734951 -0.197870238562024 -0.0917809038048517
-0.497219150163806 -0.0271307622721296 -0.122376058433621 -0.0237857769104564
-0.424139181632369 -0.139501638865959 0.102390503393086 -0.107607649792026
-0.461814910760755 0.0219960210146203 0.182498348025429 0.179554389522097
-0.287030978903234 0.297482621988883 0.372918681120202 0.0179011002693176
0.0277586501575652 0.409875202700956 0.28180056572935 -0.248918822292367
0.218477570636336 0.242510025646905 0.036696149057411 -0.295192494769568
0.270534124857867 0.0782646044715063 -0.099580079152401 -0.162113928502334
0.250129923481825 -0.0796175721924855 -0.0773369602662275 -0.0355066738635568
0.193460793601513 -0.132731230881349 -0.0300880756347561 0.0076061376667706
0.2001224491549 -0.134540567632546 0.0165657810135653 0.0575448522070304
0.252882908294527 -0.0246301075530781 0.0302572472150967 0.132650447486854
0.23970285436688 0.109696693622621 -0.00992112449076003 0.199150397003746
0.190998506364076 0.304536238090648 -0.156887361492639 0.190508426698306
-0.0854155589567683 0.353157927633571 -0.272499077155531 0.080152066152703
-0.372076923795885 0.171353715870984 -0.156252567538735 -0.0593296594343425
-0.494799795186349 -0.0456167351175248 0.0168975216828175 0.0269700554700381
-0.358006364828112 -0.179928612174907 0.266051173062493 0.00359881309232511
-0.443621890008249 -0.0601905170686156 0.260619633460553 0.233901576820446
-0.331556447344346 0.233458063024072 0.374976495781348 0.104426752411481
-0.0319046781106665 0.403943627388692 0.312686760237522 -0.138124030729155
0.192062092495439 0.260783111462707 0.128255017048373 -0.207808279859269
0.26009563674708 0.0943164602872326 0.0202333196747622 -0.143533444349696
0.249303783315263 -0.0663833743827172 0.0250257905162853 -0.059084616049688
0.195541739559819 -0.130773369294429 0.0544548850541264 -0.0304773014172951
0.197353609354654 -0.13527379157186 0.0971337429064042 0.018006254390422
0.242543805123297 -0.0333666814205392 0.113125368441626 0.10644317950753
0.233003979588889 0.101737547570403 0.0713204187137233 0.198828141315703
0.176458623912326 0.294451453609977 -0.0912988906509175 0.216571282669326
-0.0955019732741909 0.319109601231228 -0.228668091889403 0.118988461850946
-0.343457461253166 0.127734823725665 -0.11414611900353 -0.0434705659313802
-0.424357313558334 -0.0756711105713549 0.138379578167527 0.067730740870698
-0.225439008574356 -0.172767679110214 0.391343842653154 0.117319124937439
-0.327793745038725 -0.108676243375639 0.314575308398445 0.280016266314962
-0.28338268414541 0.134567697853667 0.351563064943558 0.175835500340902
-0.0589945328525625 0.312247468417984 0.312950791597513 -0.0338287952191098
0.136429576781677 0.216189189202898 0.194048831144958 -0.120211916406108
0.20223335962391 0.0842734255045702 0.122099584948406 -0.118354419532587
0.203460844460261 -0.0495624330667215 0.115082969962926 -0.0793197950423156
0.16556912567087 -0.110056039317407 0.129979222405304 -0.0648763243516442
0.169428897495607 -0.115539429317824 0.169336690272651 -0.0166764181211544
0.205337207769872 -0.0319397880117888 0.185932452667831 0.0858561697260475
0.198529668743845 0.0916987009965015 0.136108100828616 0.201757384505777
0.128019444462167 0.259131177345203 -0.0453122635351991 0.234395397968681
-0.114557211889307 0.246152891093538 -0.191308928583719 0.141175760710386
-0.290641486544643 0.0558165771219457 -0.0790561111727412 -0.032879045292894
-0.300369976248676 -0.110200008736729 0.227537819409492 0.106250379931889
-0.0528003330366993 -0.128446304794008 0.459250822589278 0.199962140338625
-0.152047784865502 -0.113760376882753 0.339368062237389 0.295342931484223
-0.168305180949299 0.0381133597415154 0.322434256880534 0.21617967159813
-0.0507931429611696 0.172712279659408 0.307136768554324 0.0349464034329769
0.0696296097361674 0.128757741253289 0.233226490556166 -0.0660232395791
0.113729221178126 0.0536359027331594 0.188548705416161 -0.105781015156216
0.124446810539649 -0.0279518761618283 0.175570975162593 -0.0973344107780979
0.109770773387164 -0.0736862868826311 0.184850825772853 -0.0889897577649431
0.118249709205208 -0.0788354464153221 0.22556964755646 -0.0397712193104866
0.144532496868132 -0.0233614027703943 0.242251400569588 0.0778870337935918
0.144262388708437 0.0747121827691351 0.180139773362505 0.216972540396283
0.0663823498180904 0.198262343840764 -0.0239725526106092 0.258378859548186
-0.121641452685591 0.14710650613136 -0.172708078872042 0.155773571708874
-0.205356764348708 -0.0193321213964264 -0.0611213348970712 -0.0236933443409938
-0.139414793003622 -0.129473379567774 0.274142499903773 0.140625327372778
-0.0150426453185405 0.115441199389526 -0.351251481062379 -0.119554056362732
0.0949596171693229 0.0576304704971042 -0.000407251906780624 0.120778669616276
0.090233767746078 -0.0639040289530237 0.223491153721734 -0.128597779178378
-0.0165969779294811 -0.0990469174743367 0.0697836792247792 -0.326983757867474
-0.063124223225986 -0.0317130326786779 -0.205172306593289 -0.307446344828976
-0.0427058141581477 0.00376935789203579 -0.317261734964751 -0.0992850996847887
-0.0435941640071916 0.0152451659393678 -0.278519010133876 0.059837291364181
-0.0409004594045556 0.0179328953311114 -0.226190254769241 0.113430153921005
-0.0259837000325339 -0.0066722432956753 -0.203757149736301 0.137077192760242
-0.00747093282273059 -0.0237958805779253 -0.218733216561161 0.132280279145751
0.00534289446695848 -0.0340620360527159 -0.265128662166685 0.0808504957110641
0.0601290737637251 -0.0245452084363683 -0.323832530432639 -0.0456983275139338
0.0585315811664535 0.060583005293637 -0.312701461647753 -0.200429407334484
-0.0381630407845893 0.126005900682476 -0.276761908062308 -0.303108486440736
-0.105465945813382 0.0901390286294778 -0.436037667930322 -0.227936639510083
-0.180277898689852 0.0864633274754238 -0.315758110895204 -0.180051397055448
-0.0498254126202054 0.112494424361234 0.00101167476759905 0.11056038139745
0.0407554984407069 0.0680272363978081 0.248754097112832 -0.130221464866819
0.0461274314501765 0.0222396427543487 0.0960339324049824 -0.35482465395538
0.0307223338060139 0.0167079346025945 -0.195350166017551 -0.337688305771996
0.0506655829760718 0.00192075804497063 -0.320138409283392 -0.115263364669386
0.0411694305874294 -0.0313206168554688 -0.27751748013828 0.0506489684678199
0.0330139909576948 -0.0339017261071619 -0.216859198460396 0.105789715788996
0.0611250938340382 -0.0422401039981994 -0.185580340796992 0.137852739301421
0.0935239918390718 0.000954315549901059 -0.195700778347477 0.145320779650853
0.0760907496987668 0.0489423896581097 -0.242871336933182 0.106828721542694
0.0663528875518409 0.114348218306364 -0.312630463138867 -0.00282227774956572
-0.0427651040539063 0.159248843621766 -0.320477621546859 -0.146317957222331
-0.205103474012644 0.118397089222242 -0.261414884834987 -0.226038207915828
-0.287698176958092 0.0267101649332399 -0.374548881146743 -0.164211740086048
-0.323142755390217 0.023881258041048 -0.2196289097494 -0.205997660952227
-0.218814562203873 0.131579572507471 0.0359339939931649 0.114533972718148
-0.0492604682246088 0.197080695550582 0.292662280527819 -0.1101684968265
0.0872622450040051 0.172136022207904 0.149047195076553 -0.365153276474259
0.127507866225962 0.0871298110319715 -0.151065707258944 -0.360165754341564
0.149158265503622 0.0149985455886223 -0.28671567434791 -0.139412101226647
0.129712848805959 -0.0665486811758952 -0.242168732617317 0.0274246901718146
0.102023003619487 -0.0814168101631362 -0.176150291807109 0.0830842102341019
0.130902818355929 -0.0823901276861504 -0.134813331193755 0.124298788559
0.178561753390316 0.00266213625983176 -0.136510733988873 0.157275022578511
0.152255120961416 0.0962901595011991 -0.185997005508391 0.150861138875195
0.113988616713674 0.220794456009019 -0.284515213303868 0.0712836692209228
-0.085876678322925 0.262566016064557 -0.327449498787957 -0.0639766809416702
-0.318678461108083 0.147325470798733 -0.237458164847365 -0.148421470846612
-0.425818656673403 -0.00531275200041385 -0.263542982095508 -0.089108295884454
-0.414647256210504 -0.0586675901699936 -0.0729723773679116 -0.181539578488722
-0.374849970628233 0.102457941116514 0.101430610925767 0.138913512567225
-0.170173774088361 0.288281561947069 0.342080002001365 -0.060628986133317
0.0857688739519196 0.318105189560339 0.21762099097256 -0.335222476808291
0.201115553298368 0.170722056744496 -0.0688191586550081 -0.351895503706694
0.231940905579109 0.0414760424356266 -0.21114676031167 -0.159538161031773
0.20569690245213 -0.0856351908396899 -0.172775593035457 -0.00382002320341845
0.157292758833392 -0.118180890062258 -0.111068856136669 0.0490452889588357
0.176620291592279 -0.117798709083151 -0.0642589817533222 0.0967585918777252
0.233051418739855 -0.0122944880960645 -0.0550205433455838 0.153250599443401
0.214366880660476 0.11002824769385 -0.101288020920729 0.187020808569384
0.171631632797529 0.281668226437308 -0.226966792938453 0.144523015072078
-0.0854132198304798 0.33575517361696 -0.311276643538886 0.0214840303343141
-0.369515995654544 0.179986455630755 -0.200051928535216 -0.0922594880091675
-0.497959556155629 -0.0192398256016018 -0.12491244195876 -0.0247693616060122
-0.428794013839595 -0.134317096398597 0.101049743154132 -0.107355940810415
-0.463297669100177 0.0300765661067637 0.18543452059484 0.181075822634093
-0.281977850547493 0.302174373773716 0.375406327373292 0.0155887836646146
0.0386592812986429 0.40803122670859 0.280372680393397 -0.252973273804204
0.225794588300586 0.237634826011129 0.0331028479175482 -0.299053938565382
0.274147691202153 0.0721926858475002 -0.101738974849002 -0.162343337176345
0.249336297432439 -0.0856091819335192 -0.0784729722095061 -0.0345747036914446
0.18909916720145 -0.137449429952153 -0.0303334065591794 0.00841749901853511
0.19673350492971 -0.139016304036815 0.0161102447495976 0.0578825400052486
0.254718755785286 -0.0301448478522292 0.0329917368202594 0.132571562178973
0.243019526119063 0.105106113183348 -0.00881629282356614 0.200746489981856
0.200451423835786 0.300171750960007 -0.154594101210843 0.193852470526693
-0.0804971348869517 0.355116289737258 -0.271780487998714 0.087303920192251
-0.371957669020927 0.178822671899815 -0.157147653408066 -0.0598105218108878
-0.4941938652492 -0.038841422863188 0.0164295183988759 0.0238173938924167
-0.362558475576983 -0.175953021464853 0.26684435737154 0.00142420887019885
-0.447536659604251 -0.0527569613253539 0.264259390530777 0.234294293775117
-0.327394440841955 0.238516843808035 0.378290628473302 0.101565769353933
-0.0212031607179774 0.403493452417749 0.31279278840877 -0.141369602363501
0.1985152550488 0.256828790125205 0.127148768915104 -0.211831866479688
0.263472627781439 0.0889567497050882 0.0184592713502971 -0.145290917371939
0.248683799493751 -0.0729382862627583 0.024012500602246 -0.0610190170172339
0.191014151418488 -0.13552301591584 0.0535138301691621 -0.0327137516943586
0.193696115784039 -0.140846965596673 0.096756722157314 0.0170035729769681
0.243263725616474 -0.0379967065923717 0.116549176681063 0.104814797977337
0.235957771449194 0.0976150639679733 0.0731000135419739 0.2003574274291
0.185565606153824 0.290178464770757 -0.0881420565922849 0.219208242082209
-0.0914426445034271 0.321295900932496 -0.226613712322383 0.125808053091078
-0.343813318837742 0.13451371507738 -0.114960139088488 -0.0433815414646596
-0.423126743539779 -0.0690041536574637 0.139548915286483 0.0617471281638606
-0.228919280885844 -0.170534222459798 0.395991119645127 0.11209711441001
-0.330559043117212 -0.104316730945939 0.319775887279913 0.277451866843381
-0.281399841229289 0.138379662097008 0.355233213781589 0.173528745914131
-0.0511184183210714 0.311139975509721 0.31478143214786 -0.0364828036624444
0.141341485121304 0.213729784195297 0.195518185032221 -0.124365108517823
0.205135019236907 0.080634954563263 0.121654850839705 -0.122142002824616
0.20328160833344 -0.0544912288580466 0.115015796170541 -0.0837738733987774
0.161699644096133 -0.114288941645218 0.129254244695139 -0.0690871535492153
0.166332871238545 -0.120428028353613 0.168795325886879 -0.0198966362475822
0.204997190560736 -0.0355792344553947 0.188614820413136 0.0819870614052886
0.201488137148325 0.0874433990796432 0.13855455309434 0.201222908557224
0.135666366341759 0.256405861809376 -0.0414758466845959 0.236798519318
-0.111321404390225 0.24883313518093 -0.189016813800005 0.147178240768364
-0.290139292297844 0.0604001674647741 -0.0808674994340338 -0.032872372795824
-0.299956199931969 -0.106019604525835 0.230001151497099 0.099148205777997
-0.0544739154519684 -0.128110733334397 0.465500915464369 0.193915665533712
-0.154317803636745 -0.112452379618136 0.345171639357705 0.29155981979824
-0.167433907853538 0.040124648973946 0.327059570971836 0.213992114123668
-0.0453059303948821 0.172058843448038 0.308615312754654 0.0311847300410721
0.0729923022870851 0.127342038492725 0.235448654132678 -0.0693808230687621
0.115811383529799 0.0525405048325309 0.188379645398067 -0.111030098759611
0.123965684145435 -0.0307494632766007 0.175700668152672 -0.103214716695674
0.106330319327823 -0.0759373069407056 0.183456744108943 -0.0944102605718932
0.115661146736404 -0.0826334738256405 0.22485258232866 -0.044558726765003
0.143764234492458 -0.0262019477733007 0.246130921527256 0.0737711428758021
0.146272548919681 0.0714655336044178 0.183800002618035 0.215829681792943
0.0716671897007276 0.196461991898645 -0.0192259402978145 0.260356613985284
-0.120958579171332 0.149739770104227 -0.169290719984398 0.160722395666016
-0.205661756082983 -0.0163891155234273 -0.0632727047090024 -0.024224946472129
-0.138468297577555 -0.129108902717717 0.277900729175496 0.132720946642588
0.0371308094034418 0.118119732930439 -0.374646728900803 0.0506555060855187
0.113045715375622 0.0108256002105765 0.0599027734653475 0.110856978584231
0.0515916002810116 -0.0972441128681666 0.147486702337299 -0.226983881676899
-0.0627701530942602 -0.0808084244626324 -0.0877383680169306 -0.339570123783609
-0.07256220787019 0.0035860785091939 -0.334869403772926 -0.187495818415638
-0.03749833110967 0.0251037674518023 -0.340311166635455 0.0553085835953978
-0.0347112103970885 0.0326442911738521 -0.230355650923859 0.184655249985733
-0.0280866787013202 0.0344801231749298 -0.155959834040559 0.212075776070512
-0.028439343100582 0.00467744253485588 -0.123915052062615 0.224083983324873
-0.0173237295507296 -0.0188700796176805 -0.141010075875413 0.225346955504875
-0.0105942745315787 -0.0328947551826342 -0.205845420001858 0.196125037763975
0.0391278446053223 -0.0493543334209994 -0.316999685842321 0.107040075622202
0.080508072533743 0.0286859627108628 -0.379423068169643 -0.0417420448880076
0.0205956948384095 0.132476597904012 -0.4001354561712 -0.163299635339752
-0.0611385097913311 0.134281549083223 -0.515329985344742 -0.0238466023920508
-0.13073017811819 0.161563384328883 -0.373489629321172 -0.0164662365811565
0.00383184047739508 0.124204780371096 0.0578447013430225 0.105474284348558
0.0626933957375885 0.0442269104722521 0.176436958497566 -0.232970326507846
0.0470021551591828 0.00149599754500483 -0.0702810297912653 -0.375524482799095
0.0352130149935414 0.00698748064308922 -0.336532960745896 -0.224285162718514
0.0491741923269155 -0.018425254420206 -0.348511446190695 0.038672306660189
0.0228885337215436 -0.0475197405991381 -0.23180716933808 0.173191743942974
0.0180850656058684 -0.0465414070037055 -0.15034864454406 0.199997064096967
0.0376459519736634 -0.0677294509645805 -0.105745335777561 0.216893266779211
0.0904209488960799 -0.0412112360653925 -0.112222896141843 0.229143054957219
0.0942455256904134 0.0141434663352449 -0.177254815377882 0.214052022187299
0.108849569389512 0.0759578716050058 -0.296377749593947 0.146963183529351
0.0282144488394966 0.167767853364605 -0.367040884690815 0.00992673636693672
-0.141136931054685 0.203252951464734 -0.351456069539774 -0.106926594525206
-0.264105155920395 0.16217434532008 -0.423814449584513 -0.00446519853179629
-0.291711633381858 0.162583423280884 -0.300620376184696 -0.0793502845137987
-0.144805775734639 0.214021560090902 0.0910889731448197 0.10002321803904
0.0344141821086855 0.201261624713354 0.231285430485012 -0.228535516999683
0.148909874023404 0.117734162122423 -0.018177839233126 -0.405598738514967
0.154080547468167 0.0291071542762286 -0.302155568090786 -0.267537737330603
0.145987065662509 -0.0504155201139351 -0.326361917781591 -0.000663580960351504
0.0890745757880341 -0.119972036778903 -0.20796404532874 0.132329122576915
0.0624920871710837 -0.121703257030338 -0.122570680380856 0.16016310071244
0.0852989595316901 -0.135776099797302 -0.0641030218326572 0.182233161263355
0.170458892268025 -0.0784931732162165 -0.0507057683949614 0.213345598919603
0.188699815674806 0.0237445367273662 -0.106062748904361 0.233508263684788
0.20232543449407 0.153255384633548 -0.240327865482943 0.21020502416999
0.0337875612237062 0.285229917506574 -0.341094209100236 0.0882108300396685
-0.234246392350893 0.283503479889919 -0.296886421559668 -0.0521486160238942
-0.409323565652232 0.198686481766411 -0.283806026355531 0.0089264409263208
-0.413033987363169 0.122124658392173 -0.157865665021185 -0.120327472128973
-0.3014337430324 0.252988951700982 0.159825434135147 0.0969312412733597
-0.0382068954673217 0.335034988814843 0.30204897565063 -0.197266981021969
0.210917692666171 0.249423717931778 0.0661089305012931 -0.404742593637626
0.256914355644096 0.072597736437097 -0.219156462795579 -0.300303087960997
0.233444751956565 -0.0630913044901969 -0.264326908176091 -0.0549179345189671
0.150728148327287 -0.170326724593965 -0.156665714364372 0.0693000291461424
0.0964774694397298 -0.180236675324773 -0.0775831817189163 0.0976947999739637
0.111822848397538 -0.189032288443702 -0.0114543629016664 0.123145540564667
0.214644345110273 -0.117737696979964 0.0245433184673815 0.172703671854088
0.254320858910385 0.00816381794896681 -0.0121315045974424 0.230460725533033
0.285472796233884 0.182754802655503 -0.156696451024438 0.257506894292048
0.0658825661846778 0.355600701821185 -0.289201238061344 0.160643820399408
-0.267509083267001 0.337725637879583 -0.239256885328348 -0.0172529544778973
-0.481060525929765 0.219425586481164 -0.123609348236214 0.00204791760477888
-0.458724393793754 0.0543656518200628 0.0332798540704583 -0.129935420148156
-0.414762304400903 0.222028814527906 0.254555712411003 0.100116831466746
-0.134758548837752 0.393587442706351 0.366827292263827 -0.136235224929852
0.208061121513032 0.34923291913091 0.164224120309114 -0.351134794014932
0.309462505316622 0.121497323463874 -0.0958554182284505 -0.299324797463429
0.28582459369938 -0.0546512840404809 -0.162402523664906 -0.108664649812659
0.191132729669014 -0.19006585951617 -0.0822734988026637 -0.00467368005937122
0.117069756822499 -0.21168129961413 -0.0216982406119106 0.0221394625541183
0.121547172723287 -0.218993486947398 0.0453819147625513 0.0501556103264619
0.225841302482334 -0.142573461381028 0.0985666652400789 0.112898140671971
0.279714997801429 -0.00966448663423316 0.0808232038548401 0.201577713785543
0.322312569049604 0.185770529627602 -0.0666256342170701 0.273145887919923
0.0803563082351718 0.372417379077206 -0.223329231563767 0.205415871071674
-0.267991628010371 0.33869322315086 -0.184283859898009 -0.00649355829028284
-0.486892711907169 0.201661810073476 0.0317756980790563 -0.0155832018365305
-0.415472473961294 -0.0158288155229575 0.236960019729558 -0.106209029572764
-0.435732652045514 0.1371500319298 0.349708220175938 0.110857024965207
-0.203966954858638 0.353442264325572 0.403863627354648 -0.0567020314496946
0.15300112018145 0.36934469791612 0.24157507003272 -0.259293826352325
0.292406726855258 0.149216516625499 0.0323558070792263 -0.260843346527573
0.28333223588497 -0.0349478428656876 -0.0445699894899539 -0.149287660047279
0.196764029864305 -0.178763289931783 0.00129918703426208 -0.0770845875497214
0.119199614874678 -0.210836358481259 0.0363062176409986 -0.0560255616723605
0.11765487050785 -0.218350050156234 0.100672055897992 -0.0268258464776007
0.211409657390416 -0.145752450831323 0.161563001816903 0.0470292282582375
0.269744556438672 -0.0142086997518679 0.156739821092643 0.16345014035465
0.304178853882125 0.184261037015941 0.00681464571491039 0.265233912819994
0.0546248525489001 0.345833386844075 -0.162625561681539 0.219401918988685
-0.26210507039541 0.282655149546441 -0.135686533353628 -0.00815900615851426
-0.432609253582706 0.137025990822413 0.164906728935645 -0.0307135020623031
-0.287986165003261 -0.0696066919753931 0.409378956164367 -0.0654809470004023
-0.350853594818038 0.0378189582227282 0.420560806221538 0.121960142059739
-0.202828075243207 0.240387877633333 0.409208087598767 0.0158400985381103
0.0852766588825712 0.298465050004399 0.287469821411445 -0.16532503996548
0.220605740053889 0.133034021092279 0.133661053995435 -0.209683114969164
0.22498990954155 -0.0181060024419108 0.0614297879202829 -0.174820724955074
0.163128043324461 -0.140494010838005 0.073495955353207 -0.139748454024448
0.100349216643549 -0.178071383492731 0.0880964489213289 -0.12500400321001
0.100560628022223 -0.186757752704283 0.149553663717143 -0.0950588445563716
0.177076097741153 -0.126087366443503 0.217740049698133 -0.00897301834799145
0.232056182810737 -0.00841678779377512 0.217232310247262 0.132521099127992
0.243608970402431 0.17566380466285 0.0576698695577276 0.256027711104661
0.00268742239705868 0.287144517937361 -0.116012444386002 0.219471549158308
-0.245171602985794 0.189250218559054 -0.0951723219211768 -0.0105512118822047
-0.33250096900645 0.0428650473797245 0.266804598854129 -0.0303042045256465
-0.107023267587892 -0.105076703069886 0.516748872817457 -0.0259803504269564
-0.191480512926781 -0.0459515961171617 0.448950445395204 0.11788655996068
-0.139163645621085 0.101126410618551 0.397423800763295 0.0589528104448754
0.0305394413941601 0.169190683880744 0.307743473485683 -0.104702830390717
0.119410918788582 0.083345197056575 0.192379996957349 -0.17574890122377
0.129944310844311 -0.00429431656510563 0.125831088515186 -0.193966428935044
0.10089501698078 -0.0830127309960502 0.118840025317196 -0.184350383516201
0.0645952068984443 -0.117402679853461 0.125639697469884 -0.175172254293908
0.0704098727916942 -0.128400807181491 0.188855264771245 -0.14497337573233
0.123767269751341 -0.0887888685907732 0.26478770308785 -0.0446765568603618
0.172398292487892 0.000800410652569358 0.264712051020304 0.123052460381517
0.156890339375683 0.150715460420755 0.0903647911957006 0.261767608047812
-0.0507523316110482 0.19865795681367 -0.0889827679154759 0.221860964386364
-0.200536021461714 0.0768726464864603 -0.0703785536740955 -0.00586235432985004
-0.189944771017 -0.0570389669282155 0.325529561473707 -0.010680537943402
0.0440463023338988 0.119594072401848 -0.38774938327011 0.0736907364237589
0.119378053742312 0.00642622780580529 0.071734952942927 0.11429270376816
0.0492702121580764 -0.103448388159006 0.146232604829413 -0.245214509977201
-0.0701460740793223 -0.0814277696721496 -0.105121058923976 -0.354186450843141
-0.075446790095887 0.00686733419702353 -0.361822064680453 -0.182980410535238
-0.0379521852700575 0.0270972437943756 -0.355298047969768 0.0724265694077655
-0.0348770425832789 0.0356562056538499 -0.231187140045461 0.203204305104724
-0.0266322644653278 0.0371877550979151 -0.152167732760876 0.231697094832955
-0.0295257931877477 0.005858503040937 -0.117342094351071 0.242950050988803
-0.0179729029433816 -0.019852614466924 -0.137782621500753 0.244332101073226
-0.0129350242978382 -0.0329620972805479 -0.207576957396418 0.215060264779348
0.0379076943937375 -0.0527780647637432 -0.327378790751036 0.125961112989902
0.0859717547308879 0.0265816995018903 -0.398964495527126 -0.030211275273855
0.0286457366590061 0.138622978040607 -0.428414607333085 -0.155754901346412
-0.0587080158485152 0.141751357263141 -0.543561503214015 -0.00073497077187218
-0.129172943461729 0.173820599466206 -0.389565763033273 0.0030952497049091
0.00982917298576276 0.131037307260958 0.0686051614807186 0.109946569131184
0.0683887471166067 0.044080915635694 0.176177080856017 -0.253101878047163
0.0491186991155924 -0.00297850749715827 -0.0880385713895799 -0.392122494564783
0.0375199806065364 0.00415004290308446 -0.366027066126737 -0.220686411649743
0.0507959455962044 -0.0222682347530844 -0.364116468227464 0.0556948517560475
0.0211813012376212 -0.0513205209292892 -0.233427164424955 0.191659594524235
0.0175880436619842 -0.0493720545133803 -0.146279457090949 0.218314032729417
0.0356646907607414 -0.073391945350268 -0.0992874722991502 0.234481373932059
0.0930905413441835 -0.0490404260602568 -0.107017231746472 0.246909576245739
0.0996459503759511 0.0107974447425237 -0.176659292455918 0.23421408276909
0.116992814661588 0.074405787617439 -0.30327212733113 0.16709956390659
0.0375868802293659 0.174507915037921 -0.383348396528842 0.0250615011335719
-0.13768381565184 0.22022855355258 -0.375132368372462 -0.0988293338562953
-0.26935898648827 0.180238507647387 -0.447029547076902 0.0157557885187389
-0.298326647432676 0.183321567979261 -0.31785002124228 -0.0655538358866733
-0.140917077868332 0.232408732256732 0.102542761273228 0.103563754838364
0.0467252840519107 0.208835360592121 0.234866360995095 -0.250238478841645
0.162177217828742 0.112880554589069 -0.0360910494247164 -0.42515685759817
0.16363903167246 0.0212598301947177 -0.331560714836511 -0.269042187995468
0.150732719282924 -0.0611265329014928 -0.342258805863847 0.013806913321364
0.0860837079651035 -0.130650446553293 -0.210463875861907 0.148231531626031
0.0581416457937432 -0.129938039883484 -0.120127617522003 0.174603961129753
0.0818333096158233 -0.147161265124817 -0.0583283130145092 0.195850067280228
0.176400664706733 -0.0920052739059865 -0.0429321808707809 0.227667637933314
0.19949817417823 0.016216490938101 -0.101053856102311 0.25151331695693
0.21998330540943 0.149249822945104 -0.242448119550975 0.23096128504448
0.0481685555028658 0.297367914607112 -0.350546470211434 0.107181477776183
-0.232309571076455 0.309356003240837 -0.315447874049654 -0.0440852379111466
-0.418641614925224 0.225107017641565 -0.299512822173062 0.0218718556130804
-0.426237564451477 0.146828630118643 -0.169983799474273 -0.116254057941928
-0.303126869515398 0.279929657451558 0.174757946775377 0.0972309478863532
-0.0237964572528749 0.35145595448537 0.309463990530925 -0.219782691345938
0.234017898623869 0.247000915418712 0.0519564395936636 -0.427456045873583
0.27363208222864 0.060379732210409 -0.245996092575563 -0.307232952080614
0.24190510091652 -0.0781603507321728 -0.279611447498734 -0.0467922155103181
0.147869312711557 -0.187050236642373 -0.159778055310758 0.0798072063235511
0.0910341280332986 -0.19216484945188 -0.0766322496450754 0.106696943808247
0.106438168107923 -0.204043242976881 -0.00492569016802576 0.131497256652514
0.220132797333703 -0.134855821070973 0.0339928132205653 0.18064765761451
0.267256832241856 -0.0036834900373986 -0.00257970158666723 0.245371929691234
0.308919958426751 0.174728564588844 -0.151570657029733 0.277471417982716
0.0853299754192107 0.369470786659164 -0.292305661894188 0.182055709381497
-0.264218824981585 0.368854609611659 -0.253426316535358 -0.0106325255713496
-0.491295357320669 0.25141516722194 -0.132150108579033 0.00623401980726553
-0.479042926012149 0.0798313554094391 0.0299514082387945 -0.135763066183929
-0.424775174181876 0.252724508335875 0.27230464932526 0.0960172593655887
-0.123192329925714 0.417486288722542 0.379110574174053 -0.158014501761644
0.235931562138195 0.351227460886312 0.156516205314712 -0.375991970417075
0.331685961219889 0.109761659052784 -0.116134366687139 -0.311569461012764
0.297459001759647 -0.0723969978922964 -0.176082994158122 -0.107814832858292
0.189530327618087 -0.20932223358797 -0.0862696172655847 -0.00256098248261796
0.109950331383339 -0.226390516099505 -0.021993179605832 0.0237906459119452
0.11438823006925 -0.23526853429559 0.0500516708890576 0.0517261760395915
0.230468764615083 -0.162174843053024 0.107222935434016 0.11355355866548
0.292514899337557 -0.0244149281355642 0.0938398072861721 0.210195569522186
0.347659320260107 0.176351654970431 -0.0565139309771478 0.288577623905331
0.101923196798255 0.386863677698102 -0.221932405861026 0.226501226816932
-0.265393969532022 0.368307734928944 -0.195733151786675 -0.000425376433120675
-0.498422175639843 0.230376522177693 0.0299231417031952 -0.0206701961686185
-0.435912629008578 0.0030805713435522 0.243231716511343 -0.12135628165609
-0.450445433178809 0.16446099626004 0.371529831067681 0.101177832466354
-0.195955894325662 0.378048810042171 0.420780006950531 -0.0761101553089443
0.17837119720477 0.376177515411761 0.243625909237213 -0.283349067508833
0.314712934719238 0.139422811989933 0.0206234845864153 -0.278004333359665
0.296294220662283 -0.0511753779067618 -0.053166474659937 -0.156282568008977
0.19634014884211 -0.197557287117103 -0.00284529187155511 -0.0830536643731013
0.112255118244458 -0.224879281344879 0.0347466332735218 -0.0612389626913087
0.109667540811023 -0.234224595341147 0.103898115643333 -0.0322853776579544
0.214892460010147 -0.164219576944077 0.17131578835329 0.0410782970808971
0.281788046654509 -0.0290454350434076 0.172069322583973 0.165764403004736
0.329140031724491 0.175358594476916 0.0187424639264306 0.277247041138335
0.0723008245898463 0.359971876391347 -0.157240379141508 0.239075874649928
-0.260527994931204 0.309609564475145 -0.145074864098275 -0.00334553021206161
-0.444923282292572 0.162284856848046 0.16904981894597 -0.0440641546875812
-0.304412741866495 -0.0593342356004522 0.425611479530774 -0.0868526580011433
-0.365437732088013 0.0566598008694009 0.444616833178771 0.109232920368691
-0.201616766319321 0.259494885239779 0.42976080809636 -0.000147248044181581
0.104301555333734 0.304949612709679 0.294713386596397 -0.185326649800936
0.238985983824996 0.127530959716922 0.130875104894479 -0.228387833536413
0.236611340599472 -0.0309813426258213 0.0561324879980317 -0.188046850972653
0.163738574418733 -0.156075266809267 0.0700811865243586 -0.152990882022258
0.0939187660497696 -0.188982409394491 0.0851260890107012 -0.137054347107251
0.0935227468929229 -0.20042751432297 0.151656329091878 -0.107048397321027
0.179710344906408 -0.140801474817293 0.227404712646653 -0.0203203064657014
0.242238898741359 -0.0209140521297385 0.233817543176337 0.1306337105904
0.264954772487893 0.169967069442781 0.0716540720556342 0.265669302243784
0.0159128869619869 0.301442116012363 -0.109460184776006 0.236553727488343
-0.24759609519805 0.209706127516846 -0.102279119331142 -0.00702894640180264
-0.344829387210659 0.0581420260075586 0.276151552941026 -0.048346475020183
-0.116453162787002 -0.104603194585961 0.53945450159662 -0.0522208605084233
-0.201778613504749 -0.0389888164869486 0.474895633614621 0.102803949366105
-0.141267910070158 0.111331598554196 0.419055078433587 0.0460305645027999
0.0405009269324923 0.173053748939257 0.319096766151006 -0.122468571167194
0.12998772029839 0.0804599763687172 0.194758116307061 -0.195446035051647
0.136727327746026 -0.0117506690749903 0.123336875169663 -0.211341931962386
0.101299726475602 -0.0922428558628645 0.114643503803503 -0.202582078145468
0.0598643274634536 -0.124221050657699 0.121074085715422 -0.191140247008396
0.0651540477550257 -0.136803677353969 0.19054182810449 -0.162802338506919
0.124606886201715 -0.0993285349139811 0.274560099866848 -0.059716750326949
0.179668736733561 -0.00827548043696538 0.285198095386448 0.118359920316415
0.17225800855452 0.148626635140255 0.106764203692151 0.270952136821229
-0.0444083234002499 0.211359507858836 -0.0822897841167148 0.237331781718384
-0.205445487360601 0.0891628298654947 -0.0766024773113923 -0.0030832366778584
-0.20086972034662 -0.0533338608993572 0.338167883190896 -0.0298178081583414
0.0536658152557669 0.117902623792688 -0.392135842068686 0.107673433963632
0.124127201755263 -0.00228971761634147 0.0851429337016929 0.113221130360084
0.0434178463145369 -0.109847182349467 0.134556010292555 -0.265502805060359
-0.0803550203092176 -0.0794138122130738 -0.134145965593532 -0.360458828341695
-0.0772459291782443 0.0114601626479575 -0.389844127762942 -0.162513447057619
-0.0371125001171854 0.0298435953278352 -0.363667208973093 0.101543753773634
-0.0331723363854786 0.0396656673384485 -0.223375127592933 0.22654528583337
-0.0236395432709188 0.0395469919318906 -0.137960377932322 0.25225047793852
-0.0297295999357076 0.00790133373560704 -0.101986864056181 0.262212966857394
-0.0200743857168102 -0.0204289277468223 -0.123409330428631 0.26634048075191
-0.0158005289113877 -0.0319313746341493 -0.198320834733519 0.237550590185348
0.0345897880629256 -0.0562542705472383 -0.329045095498975 0.154527998663368
0.0914327340769581 0.0208709365990884 -0.413835672517165 -0.00460500475787131
0.041081201670585 0.14156974943307 -0.455253455244483 -0.132912565748987
-0.0501915886199309 0.148628994338993 -0.563180966348891 0.0403791126657409
-0.120601101401872 0.188235204991743 -0.399821915564443 0.0360647362082459
0.0204826041209331 0.1348786671072 0.0817415240989249 0.110009400669833
0.0750139950053267 0.0406193175406481 0.164937203848011 -0.275786371147177
0.0497825622384651 -0.00839516902945184 -0.118735566698558 -0.400174579594506
0.0394366856613658 -0.000511440063222852 -0.397438824888333 -0.201278031133752
0.050695604080646 -0.0280032206630546 -0.373548767429613 0.0845148025831407
0.0174350239811497 -0.0546772513489553 -0.225225735593717 0.214886135522381
0.0143383022011881 -0.0518430137150912 -0.133346079780855 0.237968485000969
0.0302194487531642 -0.0793924669075546 -0.0826772390437697 0.251480446517664
0.0934002521080607 -0.0602137177395322 -0.091405229785046 0.265724339276633
0.104376978236763 0.00423064778634788 -0.16586188182891 0.256442878424298
0.12661177811707 0.067731560597688 -0.301037127869056 0.195593997060732
0.0520501144638468 0.176803409002567 -0.392744680368133 0.0523566579216139
-0.125296474272162 0.239338644644919 -0.39763674633024 -0.0774944017916989
-0.264038343298935 0.204363447932164 -0.463235995343824 0.0509455252777158
-0.293115159048237 0.211717556904794 -0.331103925408593 -0.0405884576929324
-0.12793902742732 0.251347600557979 0.11637599717354 0.101696655711455
0.065145781612189 0.211263840597339 0.225981925873518 -0.275833059911288
0.175760759602128 0.101236456156263 -0.0680049362113708 -0.439003737717902
0.170641688969996 0.00661265294435201 -0.367271259975659 -0.254130241312917
0.15200826743706 -0.0759721305708304 -0.353814692589676 0.0395996019925996
0.077747693685563 -0.142016791227768 -0.20532921737044 0.168168389138419
0.0493937815039252 -0.138357812041975 -0.10950192019742 0.190540136194647
0.0721117679086506 -0.158957377465737 -0.0433614421353065 0.208220188808329
0.175044972954293 -0.111127818183809 -0.0271027637230024 0.239659440864787
0.208011025570237 0.00133605349608348 -0.0855301535038255 0.270324108984208
0.239598440634366 0.135768799480328 -0.233839548089161 0.256838010088589
0.0731420860450902 0.303628166359012 -0.352823075314784 0.135830225310167
-0.217078907308529 0.337550362205254 -0.332528817317434 -0.0248287707429857
-0.414649784727133 0.261747549898603 -0.310796724630926 0.0451528887816258
-0.428771147979432 0.184925986381201 -0.183345469473396 -0.104587182397649
-0.292202326939218 0.31368853090113 0.18919630865158 0.0899749664609158
0.00407306315821366 0.363724231889694 0.305868180946426 -0.249366241744797
0.260740733888699 0.232975484958146 0.0234825004255407 -0.446444306279094
0.288541756935601 0.0384752473533898 -0.282049427177526 -0.299964389208905
0.245248776350094 -0.101861492837985 -0.293028132515086 -0.0276351614395259
0.137237407249753 -0.205062718886423 -0.158466477115401 0.0935999582775099
0.0777537333517248 -0.204364450754316 -0.0706695186824525 0.115877483922772
0.0920426265432504 -0.218929260605085 0.00575500893894584 0.137678635123406
0.218042250579559 -0.159646596143638 0.0491331471116773 0.185480832383363
0.275860732982259 -0.0244366320912725 0.016275637187329 0.25619805399614
0.334229061157403 0.154115907752389 -0.136709274988526 0.298090646680501
0.116930928586488 0.375369662153518 -0.286686423057027 0.211173927735956
-0.245009376287846 0.401905350321459 -0.265643141021823 0.00598684537997451
-0.48856139818882 0.294436308086371 -0.138589649816613 0.0145249620469265
-0.487913524430498 0.118970647955093 0.0213011533801873 -0.141082485677887
-0.4194645592549 0.294847656326574 0.288724871321998 0.0810055448267425
-0.0936795937447502 0.437908506380005 0.381839233440987 -0.189906526082326
0.270380484369804 0.339992067059104 0.135068060817193 -0.400426281610609
0.351001091726296 0.0858404749076079 -0.148272333021951 -0.315371872415481
0.302906593932847 -0.0997467883063795 -0.191013687629981 -0.099444933767146
0.178686740835141 -0.232612422902518 -0.0893139054075087 0.00254868181199182
0.0948317060231602 -0.240298245665412 -0.0211458950024062 0.0257796312852695
0.0976037920449873 -0.251449899724683 0.0566824374487995 0.050382197614186
0.226023491532296 -0.188041634587313 0.119444788924434 0.109752812443782
0.300629972665044 -0.0481540135260828 0.113346661935733 0.21290874171157
0.373595231341778 0.151758836216452 -0.0371804242558568 0.302259236263828
0.134559390405498 0.391793665394239 -0.208878700220071 0.251672159680398
-0.245669651319916 0.401162430283678 -0.20538132124314 0.0139621634945758
-0.494592666296004 0.273832354801373 0.025625547381404 -0.0267232163586799
-0.448438210652767 0.0377758895081943 0.242870136291984 -0.142311312832328
-0.454126210864603 0.203043775143553 0.389695659043134 0.0790189932086732
-0.173483205943219 0.403351822130365 0.429592219560147 -0.10768406726642
0.213535021441675 0.370504255863021 0.231543498610625 -0.31106003490136
0.337775059576944 0.117701405717373 -0.00155227198808451 -0.290579157185599
0.303421467604655 -0.0786092052200229 -0.0675810115458222 -0.159254527898046
0.186581819110847 -0.220274771928058 -0.0102253416413073 -0.0877889471048803
0.0964892330550674 -0.238907538784181 0.0299359184189107 -0.067259813845678
0.0912374499202683 -0.249442194721713 0.10526696998703 -0.0411442140735423
0.208891605371002 -0.187627967681678 0.179892440475081 0.0292238189186317
0.288647942208498 -0.0525829127200006 0.190651772884957 0.160615949479463
0.354078395276591 0.151038848095672 0.0401811789941029 0.285150064086333
0.10298400765882 0.367683299212052 -0.141311570077377 0.259274102856852
-0.245580172547207 0.339611277883026 -0.152121197622889 0.00662823666298318
-0.446198180318082 0.1985779505597 0.168330853948985 -0.0613763503386928
-0.317622557662145 -0.0373667759419899 0.43360113854797 -0.12095569454542
-0.373728439545856 0.0861156001036647 0.465383741558553 0.0805625670095664
-0.188610065342678 0.282386215917942 0.44380552468349 -0.0296318829099925
0.13032912429257 0.303651067043722 0.291619088484116 -0.212510921949018
0.258010100093025 0.11211009262828 0.117631161151905 -0.247427861540117
0.242625152610786 -0.0520571000557326 0.0431491157240392 -0.201044340360425
0.155843756695533 -0.174938613489972 0.0594290993199735 -0.167356844231335
0.0808294666956435 -0.200646173567592 0.0752679824597595 -0.150094570001526
0.0772685600907292 -0.213417388114425 0.148051285066439 -0.12351385017552
0.174043058847143 -0.161224998507821 0.23201405710425 -0.0384503602798733
0.248090795933657 -0.041102111141786 0.253241759916386 0.119309706220121
0.287013521449084 0.151721896284994 0.0943187312504529 0.269691469253219
0.0398027916029988 0.311165204112199 -0.0930060585045219 0.253225681989787
-0.239569137424809 0.234833822460079 -0.1084319035429 0.000382908969300466
-0.351032793272094 0.0843787068359817 0.278390841992456 -0.0749709938002861
-0.127061759234782 -0.0997388770270248 0.552496849415171 -0.0945078369589386
-0.210917723071492 -0.0251424936995433 0.494847178824303 0.0713128660239164
-0.137850043746851 0.124392168914738 0.435368635008413 0.018521111343113
0.0541363756944988 0.173022452794211 0.320645842872001 -0.149415288993404
0.141501152632434 0.0726149828986889 0.186962532256998 -0.218238437603801
0.140310759993696 -0.0234192318766931 0.111833742141163 -0.230056325429843
0.0966427217099756 -0.102680009057521 0.101825451902388 -0.222197076619633
0.0507860918017643 -0.130667839150246 0.108299552296475 -0.209436610865643
0.0539663065653117 -0.145207826876836 0.182911441952386 -0.182910531046831
0.120626186366879 -0.112973790851107 0.278758339548958 -0.083092415942711
0.184378136346198 -0.023482928995274 0.304228868627473 0.102546297691973
0.189714172591976 0.138135551492197 0.129996855311247 0.27230097632374
-0.0299427528635491 0.223157096381066 -0.0666831696079426 0.252001437741672
-0.20525343305689 0.106161517606662 -0.0808896053642838 0.00206552510338254
-0.211116170068515 -0.0409250361895739 0.344089501575799 -0.0607404861102919
0.0617156107693226 0.111464081896268 -0.380609179383989 0.140675150191644
0.124868018942366 -0.0120836751489183 0.0966515011892463 0.107510048302274
0.0353001928223619 -0.112143431008999 0.114179821803394 -0.277763230670863
-0.0884267764395976 -0.0722572147643873 -0.161883410176992 -0.353527891790417
-0.0770798871907794 0.0168996211694113 -0.406321450511258 -0.130800078872733
-0.0359690976112263 0.0318270957868085 -0.359504153216648 0.132207547378138
-0.0304312716114008 0.0423337887587407 -0.204720347563909 0.243871266753942
-0.0189763934913861 0.041233748663464 -0.115624221475881 0.265439593735845
-0.029362153947917 0.0100614854785127 -0.0788464595789993 0.273545401752506
-0.0218413229151033 -0.020353329290078 -0.101574138637025 0.278503130428135
-0.0179098742730147 -0.0293619479036869 -0.180090341121762 0.254238911734039
0.0307242826368599 -0.0587046026644841 -0.317536448763348 0.180715521206415
0.0930515032648095 0.0131355945612971 -0.414029589306496 0.0247223969628436
0.0540842288472385 0.139131054911485 -0.469360038537874 -0.0993521142546555
-0.0398635236611942 0.150555857932255 -0.561502321016061 0.0884937125499533
-0.105685821288669 0.19678549450932 -0.393746760524962 0.0708601079192275
0.0319177866770662 0.133746760275583 0.093917934917794 0.105299752092025
0.0793297975282278 0.0342899443742878 0.145400357454278 -0.290039803629416
0.0478395918374187 -0.0134747262488082 -0.150362060014381 -0.392931026214983
0.0388052151391563 -0.0054184340227035 -0.417820979343288 -0.169865196718548
0.048168316049243 -0.0340153734972047 -0.369300512393838 0.115219768909252
0.0126193497671256 -0.0565336276636645 -0.208120384858956 0.23249627586663
0.0103963214148606 -0.0534433702035975 -0.112033682968372 0.251223223253833
0.023307554119174 -0.0826982289777815 -0.0599470413910986 0.260996493370449
0.0888296301883698 -0.0698877166245652 -0.0697551797932531 0.275290773647871
0.105639568232271 -0.00345032116487885 -0.14573924095627 0.271504977171695
0.132706150186014 0.0572593126522515 -0.285889130398206 0.219445091203387
0.0662656493929631 0.172780936876701 -0.388387139302664 0.0810578150363313
-0.105208774450747 0.250688113835197 -0.407070094360289 -0.0490230668385939
-0.247623759855364 0.223281452339923 -0.462079540642834 0.0895906115099376
-0.275518142215914 0.235080018301072 -0.332483671793493 -0.0117844478216488
-0.107217848652145 0.26265807138946 0.127316093456233 0.0949387224608276
0.0835223145996435 0.205353043116422 0.206398534506957 -0.294225184001095
0.183236060617307 0.0839858726739323 -0.102470454500413 -0.435452313208953
0.17169989150888 -0.00956931843922546 -0.3923740475996 -0.225103491569199
0.146107155761566 -0.0910328924728333 -0.353509234775198 0.0673600290243496
0.0649964383966421 -0.149133855716419 -0.19103827165643 0.183492831499629
0.038328240383642 -0.141618369612405 -0.093585405437808 0.200056436602376
0.0570363976887604 -0.165894035808842 -0.024354102986609 0.214395187119
0.167170754108896 -0.128800605643141 -0.00713919858115468 0.244460883573724
0.209033901693941 -0.0155032662493526 -0.0632267958583932 0.279916953129098
0.250220738657079 0.11489146202632 -0.21388608038436 0.275297318252393
0.0973258495447683 0.298153869468936 -0.340906725222832 0.16382361562073
-0.189653569996716 0.356434923798359 -0.338157466503848 -0.000402444693559114
-0.39262291256882 0.292808403193277 -0.310088320634567 0.0698601834423068
-0.412318501981477 0.220257327680387 -0.19096842810509 -0.0882795129690346
-0.266983325377489 0.338396216074865 0.197871485973729 0.0775607883130141
0.0342338814173445 0.362429376539589 0.287880980208784 -0.273464121690764
0.279105686598243 0.209018307995304 -0.012067989469631 -0.449978035763008
0.292763033751962 0.0116295449128518 -0.311072277301276 -0.277895285966461
0.237527358008527 -0.124945821738884 -0.29804891967962 -0.00419288724575073
0.118293279782831 -0.217813947146744 -0.151058560172757 0.105311387035165
0.0609456100840001 -0.20983350676869 -0.0615570402870579 0.121856636044968
0.0716798177566955 -0.2266360788493 0.0184126810213321 0.138688189842611
0.205466966567697 -0.180337718209959 0.0642058551843614 0.182837603699214
0.275468499869015 -0.0481097300519921 0.0378910817187361 0.257738806885654
0.346799278845923 0.124481125681488 -0.113584893962179 0.309484361585255
0.14779530413316 0.366207310296757 -0.267085325553568 0.233352527172222
-0.212388381872977 0.423265468510868 -0.268802182394667 0.026209166841446
-0.463801887277913 0.329882576599698 -0.141782317905038 0.0257269485121681
-0.478134711366903 0.158257353273223 0.0105354329947608 -0.141258525061766
-0.397675093142945 0.329063295309122 0.29569137121324 0.0608288526321776
-0.0576137325585527 0.445000368729905 0.368297680876566 -0.219156688527642
0.297806288779401 0.314813349779242 0.103445138225925 -0.41227228720149
0.360190275456682 0.053454471780171 -0.178857604383705 -0.303916310192969
0.296913215715289 -0.128513042140285 -0.200494297771305 -0.085398822272796
0.158226025339672 -0.248952002607944 -0.0898255483244945 0.00807097105814597
0.0747013927617539 -0.246724858180227 -0.02028088221875 0.0265968389341028
0.0739520283222885 -0.258590713153786 0.0615738630788159 0.0462062707698152
0.210864013616199 -0.209405476886782 0.127915435430703 0.100804831059884
0.29782417462132 -0.0732805597199528 0.13222928077471 0.206840281383718
0.387298219703205 0.117537508406778 -0.0147617792756751 0.306798092528238
0.166877787138274 0.381368801396759 -0.185942647245093 0.267871446367343
-0.215057252766243 0.421879899914453 -0.206471723578823 0.0296059346206796
-0.472125892117526 0.310768230540618 0.0194265970949939 -0.0305589055213508
-0.446068539379951 0.0735404973639801 0.231323875099204 -0.160520783551887
-0.438520831867539 0.241410804757427 0.395715348148303 0.0502617256054196
-0.141203179321095 0.416603773204976 0.422338397535468 -0.140265848810567
0.242381977980083 0.349816246893552 0.207548129803214 -0.329518826917192
0.349433937758771 0.087383323890668 -0.0291436826547087 -0.291104064230643
0.298641726083804 -0.106934272482321 -0.0811172472884325 -0.155059860914502
0.167847600081938 -0.237480166494557 -0.0185988413881847 -0.0906405905453575
0.0756609072959724 -0.245698015554095 0.022750938730323 -0.0708635578568752
0.0681697487023019 -0.255909379285849 0.102309413651364 -0.0500666686490429
0.193615164471375 -0.207786757309055 0.181200299064113 0.0152733020368927
0.285014923287809 -0.0767544097498801 0.205510280481261 0.14827150279195
0.368224605700452 0.119632414355689 0.0619608876478776 0.283632781626495
0.134338573814638 0.359383461710802 -0.117989842291463 0.270922068972503
-0.219111963591952 0.360600732260625 -0.154057234728531 0.0189038952055299
-0.428778073655201 0.232833974971372 0.159369584027362 -0.0784749089349786
-0.320236910178762 -0.011807199812531 0.424095360352117 -0.155037366680844
-0.366821031183085 0.116537065633636 0.470324121486006 0.0446640805492639
-0.166279087774723 0.296724131180324 0.441589054238259 -0.0624454962436851
0.154263194661022 0.288840614039324 0.275502260156873 -0.235667132853801
0.269063965455397 0.0888439956810527 0.0961279335408214 -0.25834960562142
0.240090253072898 -0.0739931371265004 0.0260581878190061 -0.20742243588579
0.140982374134876 -0.188872813683029 0.0434419390002004 -0.175954753215972
0.0626482385528959 -0.205129916573212 0.0610967085242708 -0.157895074120495
0.0574222080494088 -0.217621034104447 0.137855866394571 -0.136469954230323
0.160285880819973 -0.17667706149359 0.228582590209972 -0.0584246343909669
0.245175376560132 -0.0627910356331655 0.264743221311769 0.101197624864916
0.300473916093174 0.124722556210977 0.114441859832424 0.264373142348957
0.0659937999321355 0.308792430123358 -0.0706395840858221 0.261550775131737
-0.220491367376051 0.253992861668895 -0.110677844106859 0.00924323689050401
-0.342753548221937 0.11053868452813 0.268171528859542 -0.101063094433248
-0.134647107271671 -0.0891912954856701 0.545458570170132 -0.138942451305883
-0.212264126206518 -0.00776815860472253 0.498799347968742 0.0325844512606371
-0.128094792841204 0.135178944625433 0.438525333259775 -0.0124451509448492
0.067786129343172 0.165988051618839 0.309881960819594 -0.173673583008441
0.149071189604469 0.0600868521297223 0.169863977216451 -0.235003229058346
0.138647274655181 -0.0363398234233077 0.0932044200007848 -0.242529411370791
0.0876701311635579 -0.111382813675193 0.0807442811834203 -0.235308554687708
0.0394379385329289 -0.132578151794465 0.0881039330140838 -0.220576729892833
0.0392370053793118 -0.147261007893872 0.167102960726991 -0.200219367828204
0.110307638450066 -0.122793830729066 0.271081676813991 -0.107105598750963
0.181746092857292 -0.0389526333993361 0.314645935311761 0.0785856252543308
0.201729345156085 0.120553820625678 0.151658057560923 0.264052706955162
-0.0106308668704087 0.226018488876223 -0.0454760104791563 0.257632631236648
-0.196839081444114 0.121930584911411 -0.0826641592684281 0.00893449772976027
-0.21388393858152 -0.0246968187265057 0.335769052427313 -0.0930867441484256
0.0647097810124542 0.103631700035602 -0.360656186209255 0.161530539870903
0.121900614767807 -0.0197426601970857 0.103816210700129 0.100199658218245
0.0281742313058295 -0.111855576727726 0.0970250849739704 -0.279547544868186
-0.0921304009491301 -0.0641270253806291 -0.179693279392419 -0.33846892806536
-0.0758870817636023 0.0207298498364339 -0.407825380745182 -0.103434923806623
-0.0346859287319296 0.0328845327046679 -0.346187230444523 0.152691828663487
-0.0271956566002609 0.043058746097969 -0.186167955852251 0.250597106263476
-0.0154921952256151 0.0404874859859714 -0.0954725002176555 0.268719487943749
-0.0279930109133638 0.01086806414489 -0.0581512143270269 0.274893456938332
-0.022880353541379 -0.0195815413241363 -0.0822242540640531 0.281117675630108
-0.0190342175369035 -0.026000281332478 -0.162369319936777 0.259987648506933
0.0261475535769844 -0.0588424529008451 -0.300137453885554 0.195095541250488
0.0913885703044707 0.00730894109825385 -0.404166281300749 0.0444152965861527
0.0627818767657808 0.133343429958603 -0.467641428777422 -0.0727571948300897
-0.0313984981619092 0.147923215124609 -0.54448424827226 0.121895153689738
-0.0928801219549316 0.197368174577613 -0.379322357436627 0.0939237135018719
0.0401098849387247 0.12909530146429 0.100401591777113 0.0987392487731767
0.0809594060406556 0.0276587734324046 0.126071674572504 -0.293586197596661
0.0445102292522517 -0.0164752554008315 -0.170832132100108 -0.378401640269694
0.0369617720408033 -0.00950198517420843 -0.422533091003795 -0.139054824287646
0.0446812550864153 -0.0380996178905436 -0.356974950874836 0.136078732151444
0.00774322182268718 -0.0560273101249373 -0.189263851243421 0.239290255209227
0.00757019399079236 -0.0534175304238528 -0.093422572713902 0.254233352167023
0.0164399953975714 -0.0835329181430106 -0.040811920635203 0.261842583345289
0.08261330809209 -0.0770885398171495 -0.051108282549928 0.275819080891119
0.104360966805407 -0.0095907166036732 -0.12685244137879 0.275954113723012
0.133650525813279 0.0474861694163242 -0.267778524110007 0.231058630731209
0.0750743631805069 0.165537785025556 -0.374559976949989 0.099153441436767
-0.0871622569882683 0.251853046470582 -0.404406040502383 -0.025878915417973
-0.230598229819968 0.230827438210859 -0.447547498775316 0.11648211215137
-0.255181193605639 0.245870269369703 -0.324512111889151 0.0100791351502113
-0.0878750693362535 0.264271181157565 0.131460742890214 0.0872344198202556
0.0955076500880498 0.194626465118729 0.186129628161029 -0.300915200526858
0.183214917059856 0.0695248053822852 -0.125862879527942 -0.420760115277936
0.167514725178366 -0.0230831122561674 -0.401697326108845 -0.194379871338779
0.137582590862969 -0.100579406230644 -0.342961766311071 0.0880604654314198
0.0535298033740871 -0.150298916095325 -0.176505002849634 0.191857417680223
0.0288010180112855 -0.140375417406084 -0.0790724959491067 0.20272001120991
0.0441950212058135 -0.165488643606854 -0.00863006139868497 0.21250607437437
0.155340472602448 -0.139137815925221 0.00855277714810482 0.241403575982999
0.205081417531882 -0.0279093769939978 -0.0446511337866434 0.279899169342115
0.252981366363673 0.095420102893588 -0.194163340506176 0.282143339267299
0.112988973443914 0.285746964699539 -0.322722485389085 0.177642634861464
-0.164183142088721 0.361250865445727 -0.333454220441661 0.0187851963787591
-0.366917311244697 0.306221257046484 -0.302128199398085 0.0869523186118796
-0.388985601524533 0.239947428274719 -0.191490091006315 -0.0728864330568891
-0.240812646367609 0.347611656768947 0.198870279336485 0.0669534176133321
0.0563211022203345 0.349965385279431 0.266884383853427 -0.284787078035031
0.284651263079203 0.183969987011241 -0.0380043936888714 -0.440324286349103
0.286942362094936 -0.0100254049659982 -0.326364692012683 -0.250468319241809
0.226243509808823 -0.14024418378682 -0.2932221093581 0.0142699980083381
0.101156763194378 -0.220911088940161 -0.141975940883777 0.11115752992228
0.0459897815789482 -0.208316537960934 -0.053380809048698 0.123244024145756
0.0546551668928458 -0.226252536860934 0.0282030392518241 0.135630203499084
0.189570996576566 -0.192533619618867 0.074273130800842 0.176477547004805
0.2671160583126 -0.0645168342305025 0.0543292488641786 0.252940078674647
0.347179740608243 0.0976748692009272 -0.0938159385568919 0.31074861133657
0.167668408172439 0.349864870793317 -0.245790101801318 0.242536961313168
-0.183194705749558 0.427830590131018 -0.264179334916996 0.0408626599656449
-0.432983856635904 0.347739337206376 -0.141376339497891 0.0326371985204015
-0.45602520456328 0.183754414379631 0.00238150180692141 -0.136901559838099
-0.369862072685948 0.347789881518186 0.292309422315739 0.0441701153610428
-0.0292691535783685 0.437116716921564 0.348065979529777 -0.234912263313074
0.310151138690174 0.28639135069821 0.0771249895208193 -0.409518762948653
0.356546606737203 0.0262932238973021 -0.197308223092511 -0.284894353390937
0.28431624159315 -0.147375123405599 -0.2030851834774 -0.0709117873255055
0.137866488903788 -0.254799971522756 -0.0888325677578919 0.0116967919084796
0.0563705695744219 -0.244870561770325 -0.0203198395505285 0.0267151725193327
0.05415721309153 -0.256310404779864 0.0643900921982076 0.0417869297449543
0.1929508573097 -0.220590458854554 0.13214178744746 0.0921777721974377
0.287788278492749 -0.0910462791650661 0.143641060525374 0.196885033383757
0.386338001828523 0.0876926957739155 0.00300284554408431 0.302484225595219
0.18784435075231 0.36296921239603 -0.164010723888245 0.272132097864329
-0.184780016218529 0.428018449892785 -0.203234982461516 0.0407553502035198
-0.442415573165544 0.330108302377802 0.0130694570816308 -0.0327203042629479
-0.428743627468142 0.0989301085123183 0.216632697641697 -0.170320926510944
-0.414820584868276 0.264058205925761 0.388662099542106 0.0291302252275056
-0.112665898150524 0.414839807334944 0.405169709157516 -0.158851253734692
0.257841771798328 0.323704906833613 0.183239912560348 -0.333761990540478
0.347915319222143 0.0609552478523435 -0.0499792951611544 -0.281926861074415
0.287579920708438 -0.125812707227666 -0.0902402164472741 -0.147627080428109
0.147547677934798 -0.244225236559883 -0.0254806528665339 -0.0903764382697617
0.0579345296909242 -0.243017127510189 0.0148669286405701 -0.0724692416762604
0.0481512196376918 -0.252098364677453 0.0968513839530171 -0.0556853705859547
0.175582461173804 -0.217446563997453 0.178039032912203 0.00517115189874178
0.274551740644149 -0.0939350325802747 0.212362735601817 0.134679821435968
0.367206832357141 0.0906666668445294 0.0763712076763731 0.27514953396333
0.154799393490929 0.343493449621362 -0.0977007726800024 0.271424340375289
-0.193210037941013 0.366244376737031 -0.151565864376124 0.0281439115946124
-0.405120341654496 0.251088423121653 0.146982686244676 -0.0883888052926897
-0.311943923876347 0.00748382706693482 0.405037086745346 -0.176443925455501
-0.352235644135229 0.135722379843503 0.460694630309696 0.0183331504078001
-0.144812910466785 0.299123284328335 0.429109244383277 -0.0838401520453868
0.167840989136568 0.271026512521005 0.256109465776229 -0.245402858438454
0.270073405545259 0.06727024357333 0.0765342138460883 -0.259386299842624
0.231318927107717 -0.0897395597587511 0.0129338994873763 -0.206884105811845
0.125538814152253 -0.1944888722561 0.0292810715131506 -0.178693309200207
0.0485594865183512 -0.202589355984696 0.0468335790886288 -0.160075843137558
0.0402829657503828 -0.213756552504316 0.125602426060933 -0.142658967699935
0.144083628906806 -0.184081083486011 0.219473159537807 -0.0702546272280871
0.235718617570557 -0.0772483773325441 0.266777386518588 0.0850029223659725
0.301880948629379 0.100401295604249 0.127737692042354 0.253884787032836
0.0845314394285625 0.298010954033366 -0.0521710014832567 0.260091816505954
-0.200484440105878 0.26159474464815 -0.109395034423736 0.0154360118824058
-0.327726447564307 0.127710950950783 0.252159041237079 -0.118438837961507
-0.135537192201495 -0.0795178305925785 0.524821469388181 -0.16731758990934
-0.207470728391608 0.0036538173359623 0.487360271788727 0.00543543860033511
-0.117717942441721 0.139519349174374 0.428916368027492 -0.0356266200549613
0.0747751974198236 0.156201707244441 0.293471463410287 -0.18742779094622
0.151100360978698 0.0475864136712459 0.152789570790355 -0.241468857577545
0.134064488351732 -0.0456982095625453 0.0765453494996926 -0.245754586078308
0.0787127604448677 -0.11443208881411 0.0616144925188784 -0.23936658788506
0.0301428131819823 -0.130242520640145 0.069690281471468 -0.222111323734744
0.0280977711794786 -0.144258104181063 0.148425773435674 -0.206958504876693
0.0995739320199311 -0.127344492610174 0.258074730422431 -0.121159194222804
0.174683881064146 -0.049795533557848 0.314181356497251 0.0583380649978806
0.20383905690516 0.103871586827138 0.164170780684406 0.251173479954866
0.00358486809260053 0.222797627751902 -0.0277464919269045 0.256051621094282
-0.18568531317304 0.130374432884278 -0.0821252353638257 0.0138578517541808
-0.209463626633828 -0.0122570162041863 0.319754634147935 -0.114568687133634
0.0620211851766682 0.107574895075413 -0.351761401304193 0.148436925580227
0.121231433006149 -0.0174002950363017 0.100715726524937 0.0979995994724547
0.0289522680499983 -0.110366086089619 0.0980786764548526 -0.271748070661958
-0.0913129224126123 -0.061205981002278 -0.17345359519714 -0.336735160853712
-0.0736981503922153 0.0225406008120216 -0.398997882434947 -0.101690410561433
-0.0342764885704218 0.0323365846868725 -0.33895747601723 0.146728249510934
-0.0297451345671726 0.0444905271713063 -0.184028562549274 0.245779579687909
-0.0165891869936237 0.0398238644232411 -0.0916289157344384 0.265862812459352
-0.0283380129456748 0.0123341959895204 -0.0565925000882932 0.272188798899776
-0.0230400712990722 -0.0186874379359828 -0.0804834047757453 0.276627933546266
-0.0173582011460939 -0.0231117899413129 -0.162202674498743 0.251842354983065
0.0220824874048893 -0.0522377410300932 -0.292870187529284 0.184642152042693
0.0830746581995781 0.00894603092416626 -0.392468873863671 0.0324876703581633
0.0549118584827543 0.129376719575959 -0.461426837775901 -0.0819591078447227
-0.0371618882128907 0.148474306363179 -0.537174348803992 0.101219815904764
-0.0977617391688342 0.195932161176948 -0.366427782198739 0.0900353193855905
0.0351947206154746 0.128020431111114 0.102667322737069 0.0985012094897802
0.0764103776259778 0.0288552957980091 0.132447256315962 -0.286571215253023
0.0400430871422274 -0.0125047542975944 -0.158602591909741 -0.377379597205671
0.0365879073270261 -0.00375448224875064 -0.410837552530316 -0.141360628614172
0.0450152274090076 -0.0367004102504451 -0.349368265792233 0.126770701116118
0.00666213669270003 -0.0530148118851719 -0.188878669724757 0.231694786730346
0.00881413828453196 -0.053479030822528 -0.0907248119328811 0.249195137326083
0.0162361365875726 -0.0807400656576302 -0.0384673095900427 0.258447503341496
0.0834271387470329 -0.0762252360991217 -0.0476983934686393 0.273209212416227
0.106380131825771 -0.00576227127086641 -0.124986099852066 0.272817940510704
0.126584895472558 0.053143356431749 -0.261824852459273 0.227822904072162
0.0648885276504447 0.166091686069377 -0.368393688795347 0.0897796576202697
-0.094605502293002 0.247178521117455 -0.404138460806193 -0.0376638478532799
-0.230920047620878 0.229410795676634 -0.449134368324427 0.0936735475409743
-0.262033987886513 0.237399574752371 -0.310700450858776 0.0166439045680988
-0.0965644118947538 0.256514403008793 0.137552736573238 0.0930509645056612
0.0843718855673571 0.193052891100686 0.197753177040158 -0.291363073248727
0.172114528189794 0.0731388835458927 -0.10710590585172 -0.419684749535481
0.164094656168203 -0.0148041099784054 -0.387872681973873 -0.198133366510263
0.138227822857109 -0.0969939011666415 -0.33507652593905 0.0765643846560613
0.0530780301033465 -0.145441869432036 -0.176744833988578 0.180474428572955
0.0316962270761484 -0.139587860274318 -0.0773190746739885 0.198228653525014
0.0440715585163644 -0.162852159198985 -0.00499186373123695 0.209536638763619
0.156253587563866 -0.139263271380652 0.0126077774499181 0.239646576062759
0.207753503187932 -0.0239049570923125 -0.0424419768223048 0.28117422986403
0.244717493808526 0.101052014895158 -0.187924075219998 0.284267501841802
0.102656883331937 0.287130011278693 -0.322055338195649 0.1710018617535
-0.170496397002742 0.356186646926119 -0.33973645048442 0.00478308535601312
-0.36420601431732 0.303281249467056 -0.309685812815542 0.0672962198095284
-0.3960467705144 0.225810710073428 -0.180495718104459 -0.0567026807466874
-0.250975810576836 0.333832429440169 0.2055840279521 0.0790735916246279
0.039611171839038 0.344956549123726 0.282913975245059 -0.269994153687346
0.266591160855322 0.185935307077088 -0.0145036569167086 -0.435529084475778
0.280198115353508 0.00034985567883192 -0.311002614451419 -0.25591485155903
0.226362871065667 -0.134579999221143 -0.285211549972213 0.00245615332733873
0.102353557387771 -0.214599832146761 -0.143701401729859 0.10047002157241
0.050663210797706 -0.206471402773077 -0.0532503858824495 0.118674583778848
0.0549482123253936 -0.221948002531906 0.0316399440439911 0.133539529991475
0.190808390043608 -0.192404965677676 0.0783100028787195 0.176293184061446
0.270239082158778 -0.0609005100205285 0.0576555988572635 0.257107614648399
0.339798507049805 0.102790924145222 -0.0874786680470642 0.316703836248264
0.156713239749854 0.351415946935287 -0.250256425756893 0.239519315942171
-0.190370481315249 0.421254380287788 -0.274578509231358 0.0303499107721489
-0.427433814865559 0.342161272463063 -0.153622126125166 0.0168576484799294
-0.462291431311498 0.164833902671221 0.00705775293977021 -0.112450050673601
-0.378416495444729 0.328251283980348 0.296602680602488 0.0632429029723495
-0.0494133433032274 0.426216562065126 0.363362715489251 -0.214267978801969
0.288188746286009 0.284515568995421 0.101660419331941 -0.400465787974027
0.346782959064765 0.0366509543331488 -0.181681293036162 -0.28932520938768
0.283114536496905 -0.140753015271088 -0.195324766518037 -0.0803060768503866
0.139297992893751 -0.248495645427681 -0.0911718361812444 0.00111892745130587
0.0618694157214596 -0.242505464700885 -0.0210623188719982 0.0232810736293744
0.0556961125796205 -0.252082401924403 0.0668909226837731 0.040635714771881
0.193777164766828 -0.221306803900448 0.135081157441062 0.0931806723934885
0.291004592856791 -0.0883232885455711 0.147359647350587 0.203191820522123
0.379801827464032 0.0914779848283955 0.00914039391725793 0.311756251806578
0.178276154568769 0.366216463279037 -0.169911074907378 0.271454436255372
-0.189913262280644 0.421215513844188 -0.214349102846987 0.0314657649730512
-0.434441877007566 0.323789132005357 -0.00190933818961439 -0.0429846790759005
-0.433074480092927 0.0790531942464607 0.216125423031598 -0.140665906184736
-0.422908264658735 0.244011166030243 0.387469837030141 0.0511361644595862
-0.130264546174325 0.399870333432554 0.415280298939102 -0.135280615558548
0.236266660202884 0.31881743335982 0.204268624760383 -0.321545367610777
0.336836020672799 0.068328934483754 -0.035979888731841 -0.28578232054887
0.284513267472324 -0.120819015160283 -0.0842516736547838 -0.154497274209611
0.149544783794775 -0.238921553889403 -0.0291411006757177 -0.0985598790044852
0.0637883638676581 -0.240473203512473 0.0130193932873838 -0.0745997255283364
0.0500724200428957 -0.24892105690933 0.0985205962442726 -0.0546862425462042
0.176612618489803 -0.217477228564209 0.180468754841562 0.00688018624287969
0.277508944889722 -0.0917222938180919 0.215044886209955 0.142078284957448
0.361900946908577 0.0924532068412873 0.0803248530373611 0.286531914808623
0.14699855033695 0.345805860416389 -0.105819059133777 0.271315700127545
-0.196930290980304 0.360572781580946 -0.161307989101517 0.0196935730983712
-0.396531127114498 0.245568925358727 0.131550047730281 -0.0932056290762423
-0.314663715076717 -0.00906112302637772 0.39882680825234 -0.147232645121396
-0.355643944369058 0.117732877094214 0.453721438057332 0.0414668865099605
-0.156729779150149 0.284384800987629 0.43157224895611 -0.061051347662038
0.151729052298043 0.264238275845038 0.26897790444155 -0.231690178692687
0.25939326503173 0.0722314710295933 0.0860857329637231 -0.259875220515738
0.227854477002811 -0.0861851929172574 0.0161799236524337 -0.208856779848238
0.127422094032014 -0.191139728556746 0.0254234908910375 -0.184307557329496
0.0528092929266114 -0.200156968976917 0.0428122762890952 -0.160411463792761
0.0417992955697252 -0.210985057174171 0.124800851540327 -0.140914202061481
0.145514562115378 -0.18461404140635 0.219169703044005 -0.0674162649206476
0.238185801372197 -0.0756797353001354 0.267436428042105 0.0919076895139014
0.297663290424482 0.102332621170984 0.128711179215392 0.264589710022546
0.0791076277853396 0.29962777109301 -0.061405081712609 0.258944554328078
-0.202886836666467 0.256461408203848 -0.116975739214046 0.00851003981682749
-0.319840458818833 0.123506757783845 0.238953208806505 -0.118441225698159
-0.136282739224002 -0.0900187827946241 0.514656269229298 -0.144135278049581
-0.208096037549639 -0.0086039562657431 0.475998202871145 0.0264908940445159
-0.123812943075535 0.128349858691109 0.424829585651108 -0.0144194973393302
0.0641841764712019 0.150458351591555 0.29851923779369 -0.174498065341651
0.143345871466838 0.0488589628616503 0.156971441951211 -0.239018360126711
0.130549828094661 -0.0431581032037261 0.0775370523877642 -0.244516480896792
0.0805386857515861 -0.11343526926163 0.0578147900302157 -0.240732642589487
0.0334312996714954 -0.128283870495879 0.0640964765869205 -0.220308444886555
0.0302176410825111 -0.142637264663391 0.146475716880233 -0.203424403057059
0.0998176524388838 -0.127357127969611 0.255683468453158 -0.118278736798838
0.176373107974011 -0.0494493658572189 0.311718469518594 0.065903400591357
0.202481085924886 0.104513740511262 0.160704830496605 0.259956224384819
0.000226561558173959 0.224007873030744 -0.0384762598519149 0.252089823744214
-0.186114426455376 0.126363099099933 -0.0862798796986953 0.00688720198056236
-0.203437630094865 -0.014784770166869 0.308440811398702 -0.110444676995231
0.0619609670820602 0.106242088797562 -0.347892676168562 0.154458786418695
0.121090966841965 -0.0188107789195795 0.106226319134478 0.0980388149286442
0.0277010364629219 -0.111414584321261 0.0957847552185924 -0.275639567825992
-0.0928365510715254 -0.0586353179511634 -0.179250651543433 -0.33858782127138
-0.0750064965151007 0.0245608811823889 -0.402581319570453 -0.0951214952781406
-0.0363795230221038 0.0330192115667577 -0.338825059117389 0.154858659323467
-0.02944415099358 0.0455274042352195 -0.180584884239801 0.250022895239212
-0.0154272749149217 0.0396876965476699 -0.0844135668785558 0.270011511213764
-0.0286171094321133 0.0122242031106723 -0.0499538969271532 0.276866353853171
-0.0240844124493903 -0.0187959373176171 -0.0754068451320945 0.282035850727883
-0.0163930289794326 -0.0217244576744998 -0.159990167621308 0.2558581213229
0.0211955342453789 -0.0522187072101181 -0.29129500473763 0.188290119901586
0.0826208962649277 0.0085146604801924 -0.394566992232138 0.0337766539010534
0.0582201402612867 0.128674427172719 -0.465334153127081 -0.077234010186997
-0.0369410904940808 0.148408516480804 -0.536671435532967 0.111846965929675
-0.0952509165527417 0.196325301085262 -0.364309848727408 0.0970555294132999
0.0378137456798802 0.12822162520634 0.107020457084634 0.0993129072993051
0.0780495437270588 0.0262218892617731 0.129964191036123 -0.289556680316852
0.0398333488670664 -0.0135116311996242 -0.163612282325507 -0.378997498235387
0.0354716114756364 -0.00542227921566908 -0.415958570383748 -0.13378074698196
0.042578808330443 -0.0385040117464795 -0.349537188034608 0.133849638940042
0.00514592212927202 -0.0527901313692094 -0.185829288970003 0.235563857922402
0.00793912245681538 -0.0541517735059848 -0.0850422572583916 0.254094739431119
0.0135236724137191 -0.0814889078581881 -0.0319651002379053 0.26236822502254
0.0815788056908962 -0.0802601023846276 -0.0431390969605895 0.277049272286965
0.108261136188266 -0.00717440366076481 -0.122179771045217 0.277139559509856
0.128525016385635 0.051125767507085 -0.260113797589358 0.231793583718986
0.0677037532481693 0.165662969925616 -0.369446902738102 0.0909346802400805
-0.0904600522114943 0.248758485742229 -0.408123046250382 -0.0335692647942867
-0.230676716045359 0.231587413478581 -0.449532095606357 0.101663967578566
-0.257520349974811 0.240046494343011 -0.309979104869666 0.0231664696257604
-0.0925213493008986 0.259911439652358 0.141224946730839 0.0937493263755378
0.0884390765803749 0.189468175203925 0.195187967611316 -0.294546116046806
0.173268700615448 0.0692330331335889 -0.112854855847073 -0.420382253276106
0.163001599028774 -0.018873393834336 -0.393970436122702 -0.189761150118667
0.135539101029952 -0.10176622524937 -0.336452198889365 0.0832222413411932
0.0503455603352989 -0.146917247311381 -0.174979500591934 0.18448966706919
0.0293074918329055 -0.140689391996985 -0.0735414942295902 0.201761271925619
0.0403825644165393 -0.163606194308235 -0.000358996994488947 0.211485846305018
0.153988217523148 -0.145560364817119 0.0168758393626572 0.24317992573166
0.209452151926214 -0.0275163904219185 -0.0371176426932489 0.284180934604263
0.247272722273819 0.0964631719497978 -0.18572512170097 0.288054308252414
0.107565178562055 0.286020879561861 -0.321567971319168 0.173429129768501
-0.16537824766219 0.359806817433428 -0.343058402462651 0.0091842193706734
-0.361392906041645 0.307075619178239 -0.311494061445885 0.0714764301209393
-0.391494500026221 0.2306975616127 -0.18179661885486 -0.0519110465753028
-0.246508081040011 0.339884966025402 0.208339234734959 0.0804573947318524
0.04654477851314 0.342808728377188 0.280725112655549 -0.273276527650437
0.269759747530813 0.179689290679375 -0.0206218283712258 -0.437487749305295
0.280630220525608 -0.0074957613228219 -0.31787909258837 -0.249754266627281
0.223746209506925 -0.142426477733765 -0.287626938490822 0.00774193260887757
0.0981460531760386 -0.218183262617685 -0.14368629946163 0.102218350360013
0.0466452617759345 -0.206730705093896 -0.0521006133809897 0.121170374412806
0.0506337646065083 -0.22296664632558 0.0351486982132542 0.133635158891476
0.186925795084342 -0.199773022748829 0.0820605256701095 0.177491050454676
0.271794591551813 -0.0651137465074911 0.0637172778865488 0.25853438717953
0.34223732356323 0.0939083187243163 -0.0843152966623183 0.320462667325968
0.162857852344832 0.349750671759472 -0.246675737165841 0.241242982261336
-0.184202562003886 0.425566497472129 -0.276995237103467 0.0335114365945195
-0.424605446134911 0.346958252352475 -0.156492232998866 0.0184676522906936
-0.458374920793818 0.171633680431073 0.00575892066679718 -0.110355495207454
-0.375605760662793 0.335654316758984 0.297989286593364 0.0633183159714193
-0.042071559556372 0.426759523630865 0.361638566978985 -0.217423633197857
0.292675271724015 0.278909081787646 0.0979169407276991 -0.403021361034891
0.347961995407939 0.0274053878331656 -0.18943302877469 -0.285513131944359
0.280899108067597 -0.150556161641087 -0.197843346383796 -0.077761448623109
0.134564975921614 -0.252913922374233 -0.0931973292089579 0.00143554556410343
0.0571609051104862 -0.242976761180092 -0.0233164765157901 0.0250248439999381
0.0498094474849763 -0.252005302880314 0.0684071113692511 0.0394327728643893
0.189616177407424 -0.227619701724859 0.137183011953096 0.0928331162426242
0.29200138034547 -0.0944002466751997 0.153319992860364 0.20342005623875
0.382141069558044 0.0822962415128258 0.0129573459042408 0.314603210363694
0.186190574789761 0.363373087791926 -0.166041714336479 0.272726995173693
-0.184491975093549 0.426039052997156 -0.216669587964834 0.0354205221747221
-0.430295699930635 0.328008683303197 -0.00661187412423458 -0.0442070164476002
-0.430848148321592 0.083595207879248 0.21405882808121 -0.141933744023399
-0.420912581992874 0.25046793862145 0.387686877766343 0.0498329114221392
-0.125145908583648 0.40117562679931 0.414594698233996 -0.13892849585877
0.24080867887121 0.313647827716869 0.201293851505742 -0.323831245364993
0.338349106273163 0.0601265583198634 -0.0421739090943354 -0.284845690849716
0.282943824693659 -0.130231828859854 -0.0877299457534151 -0.154674338041288
0.14540352148222 -0.244447971908681 -0.0334397808156316 -0.100300999528961
0.0591547684555856 -0.241255322881887 0.00857973315434336 -0.0747220230555608
0.0441178280228782 -0.247656577948161 0.0969014458635233 -0.0574699580937943
0.172433603554014 -0.222997899467114 0.180994385358184 0.00493793444709015
0.277541864166772 -0.0977325171564267 0.220204126815723 0.14021939328001
0.364008005822947 0.0833003437318728 0.0850374629342451 0.288545924266686
0.154636512883044 0.343590672122659 -0.101454794000716 0.273099279922279
-0.192579872274535 0.365284271770428 -0.163382848200558 0.0223385240620859
-0.393952585059395 0.249979111301708 0.126284991097163 -0.0978039932097711
-0.314373178144162 -0.00568847814010913 0.397109559466712 -0.151888964354488
-0.355313478169547 0.123451023402694 0.452685255078378 0.0386212596596875
-0.15321215365522 0.286709456587864 0.433243778965307 -0.0623823971644201
0.154348497215054 0.261199880031415 0.267891507801828 -0.234957939678385
0.261503952217524 0.0646459034094935 0.0808694447528285 -0.261312289788718
0.226388925690932 -0.0933990901055035 0.0125568134052247 -0.212703560633791
0.12375340704408 -0.195489677758202 0.0191717447760767 -0.187877303739564
0.0493169115519815 -0.200623764153664 0.0362415067508897 -0.161668447266729
0.0375798364572577 -0.209549105920496 0.120810766578286 -0.143472610155753
0.140839723546167 -0.188184816132956 0.219304776657154 -0.0701582018762719
0.237383208512633 -0.0807993279297596 0.271428001049462 0.0897360337363581
0.300202000830177 0.0948591364075717 0.132553955326435 0.265623329511158
0.085603558164426 0.299122857706355 -0.057143384021769 0.259858936809901
-0.199732650859419 0.260201075739846 -0.119012982105594 0.00979052264161745
-0.317430383763482 0.126863492270196 0.233366999545132 -0.125804731827621
-0.136730446291702 -0.0892093354546765 0.513521462652071 -0.14934669942532
-0.208423533308889 -0.00611983950700704 0.475606435239522 0.0225891180908862
-0.122051407166461 0.130114032139819 0.426664710765743 -0.0173846714499945
0.0649468826328625 0.148471665187881 0.297856355110191 -0.177525841784567
0.144182073066949 0.0440187024761087 0.153262477355512 -0.243588447341682
0.130376768470375 -0.047248557741128 0.0736756622266876 -0.250182078650832
0.0778057893125147 -0.115783617614318 0.0507482299360797 -0.245694486806228
0.0313541733270259 -0.127862347783294 0.0569796516569925 -0.222676189172218
0.0269910365750521 -0.140882669191974 0.140914452279416 -0.207485018318334
0.0967918079828992 -0.129221222619292 0.254570803245328 -0.122338438720877
0.175387491355576 -0.05279656161199 0.31509154225757 0.0615328831888784
0.204855843310544 0.100018930043522 0.166152429457855 0.260795494895183
0.00463776426692267 0.224788295128502 -0.034597524184549 0.253574454883907
-0.185160398158943 0.128978627150648 -0.0874290599563426 0.00741689200900661
-0.202648492222767 -0.0123486716268649 0.303433446637584 -0.119090870569134
0.0634182978167804 0.106907820892238 -0.352222524435059 0.167036299959643
0.125023646740815 -0.0213874653628559 0.113923233357017 0.0989161617344956
0.0266707292914036 -0.116137643581006 0.0954704435180593 -0.286546465070558
-0.0963527840605068 -0.0574780272115585 -0.192113617602096 -0.348674431368297
-0.0779718146116455 0.0277758165773525 -0.417773281145869 -0.0889834285617016
-0.0381118437860179 0.0361370593927842 -0.347381854083371 0.168766396743578
-0.0293278077570114 0.0476196726549881 -0.180040769743315 0.262165796671855
-0.0146065126743405 0.0404543413979722 -0.0778956863938081 0.280773327187424
-0.0300231311741778 0.0127729596557379 -0.0422948388462307 0.288150587013413
-0.0260265698214142 -0.0200616775927595 -0.0725414564701586 0.293717938729723
-0.015448609554384 -0.0219835533794387 -0.161635998888413 0.267960316201345
0.0208591999483204 -0.0534919125927825 -0.296298455526368 0.19770465704152
0.0848284917494324 0.00782301793136839 -0.40768463807965 0.0376864843896346
0.0636604114766804 0.131271803356683 -0.482118349061093 -0.0731084139712141
-0.0379790093434195 0.152405366872824 -0.551991076081508 0.123389315873217
-0.0944706621467218 0.202331987180288 -0.370748459050559 0.107887393932435
0.0423434913460172 0.131824373994201 0.115276947465298 0.101506220527506
0.0812254445279884 0.0235407771585619 0.130352903656902 -0.301628201317563
0.0406655436829942 -0.0147639130905888 -0.176290811645361 -0.389314870434386
0.0353843635106332 -0.00624809021682321 -0.432759230826419 -0.127613272384524
0.0411764560468316 -0.0410917904174006 -0.358806004265732 0.146838622523053
0.0042055794529025 -0.0543436891614437 -0.18657184669441 0.247217155323776
0.00712109268082243 -0.0557251371708234 -0.0790767249630471 0.264758919517107
0.0116579041755668 -0.0846079809441283 -0.0248887877178337 0.272330980055996
0.081806285440965 -0.0865039809189766 -0.038633271142513 0.289174484041329
0.113958602657441 -0.00980727690640483 -0.121447902976802 0.28837767065461
0.133493076969459 0.0498955353122718 -0.264006951635015 0.242047197653632
0.0727394966467324 0.169900409582999 -0.379927000810419 0.095920582709213
-0.0883712679231179 0.257852496089255 -0.423942458396853 -0.0299486650030597
-0.234223530342798 0.241492675446994 -0.462009914293696 0.11167697146255
-0.259621863660913 0.249401944491162 -0.316946070813578 0.0310968301586675
-0.089510502485036 0.269758820354415 0.149638220409158 0.0965131455663284
0.0957873147246339 0.190992870765306 0.197747720539411 -0.306446462985205
0.179046747028219 0.0666355676617084 -0.12363852915205 -0.432761537938037
0.165954522727063 -0.0243426505854903 -0.410614947418685 -0.185561001594976
0.135188142770437 -0.110240959730201 -0.345615028570568 0.0935958491808158
0.0476739577201693 -0.152354676651485 -0.176790073840128 0.19407657507992
0.0269873146594286 -0.145343249965951 -0.070537902732816 0.211620300422611
0.0370004349873521 -0.168499954335039 0.00561779496466233 0.218889717304007
0.154384689779679 -0.155964359812473 0.0230169005582662 0.252414783494985
0.2177478951138 -0.0335688337562175 -0.032149805110086 0.294742579282112
0.257196772963685 0.0926694915365853 -0.187184563776335 0.301050552197507
0.115968806937201 0.293135026023336 -0.328214247713066 0.180431071992348
-0.164394149040885 0.373616189182776 -0.355471813228821 0.0143653161179252
-0.368762121429363 0.320869906974779 -0.321512627156869 0.0791149276744245
-0.395770840155378 0.239979194405177 -0.18675091920137 -0.0475714150969802
-0.247217697878411 0.355014742597469 0.216943423887373 0.082627788083223
0.0543906623989525 0.349134817391396 0.285317323839534 -0.284012546720298
0.280839076889432 0.177378932432457 -0.027030085807165 -0.45054508156506
0.287229855904162 -0.0151754994288803 -0.334177151527391 -0.247375497615999
0.225983820986866 -0.15485871241977 -0.296309043907448 0.0135285397357313
0.0953290767426772 -0.228029748606377 -0.147295999120476 0.107938482006505
0.0433555673509034 -0.214034561920677 -0.0520837892156474 0.127761267771022
0.0453256493673765 -0.229349586330932 0.0399012888166878 0.137218151464551
0.187920827660216 -0.212746923941977 0.0882779753249192 0.183239471107836
0.280470511807218 -0.0747079718186486 0.0720626604500567 0.266529318619006
0.353784936619942 0.0882056680024891 -0.0823728915099497 0.332779840416652
0.175569392556113 0.357327471623882 -0.249885027330706 0.250097346776749
-0.18215113591911 0.443532973470285 -0.286685411575696 0.0386034936002385
-0.431432087961582 0.361407249128096 -0.16452273800136 0.0211857714645183
-0.464624678886786 0.180534993464044 0.00380817695428048 -0.111111626835473
-0.379862912622727 0.354372127774683 0.307510797701115 0.0642761691255108
-0.0347775725999992 0.436289932057937 0.369406939625961 -0.227530396467767
0.305956520239699 0.278989832852071 0.0941611482088785 -0.415992832757838
0.356974224527621 0.0182561550962152 -0.202604539418032 -0.286821988128987
0.284955739809159 -0.164611524114546 -0.206563873289837 -0.0769248842424474
0.131817291138794 -0.265038747403043 -0.0976613548875296 0.0026041968957172
0.0532711390636806 -0.251396402934027 -0.0252323907427898 0.0275325606402771
0.0447134785444834 -0.259432738610159 0.0709290758701278 0.0388129711926581
0.188707565951687 -0.241028138030551 0.143595389083943 0.0939465372529112
0.299308207515569 -0.104297069676977 0.163926992645466 0.206950307198179
0.395042044947738 0.0730322748618293 0.0181710260912279 0.325994504562109
0.200467513435952 0.369987134029892 -0.165364858721324 0.282061340339374
-0.1822149246428 0.442995330524745 -0.223917949354312 0.0401853998369837
-0.437707558565292 0.343261179899783 -0.0110582815913512 -0.0471215304813486
-0.441059667977473 0.0916972542627705 0.217336206415058 -0.146400818136253
-0.428557742349715 0.265926650204924 0.398987809672529 0.049133334062354
-0.120629200483788 0.413581551624621 0.42491955306275 -0.145392922445274
0.253333304483539 0.315665651707536 0.203433545943702 -0.336169234033044
0.348904109423166 0.0517889045872144 -0.0510126710579451 -0.28913841774472
0.287497104158786 -0.14343975504281 -0.0946367802152603 -0.159046800114374
0.142820791765135 -0.257016271128488 -0.0392537606490294 -0.105332397735762
0.0544545978819378 -0.248658782799124 0.00411658199979682 -0.0753632893507275
0.0392639769634359 -0.254544215665541 0.0978725898086944 -0.0606613581002227
0.171338136010324 -0.234731777373457 0.187304719917102 0.00222903006847575
0.284779711307197 -0.106607927912961 0.232530183539046 0.140828212436033
0.376012796743323 0.0744128228202417 0.091954716605601 0.29799897348355
0.167376609283464 0.350791444344913 -0.098551220247014 0.280872459779931
-0.190343127215623 0.380420948120548 -0.16930304185302 0.0256650935946168
-0.399218780452185 0.261988645385556 0.123546116381052 -0.105161582624589
-0.321414413651754 -0.00299772189715515 0.405737856156593 -0.160588289037817
-0.364315030153987 0.13368195740904 0.464484151632027 0.0360465065061263
-0.153056996147344 0.296635717576786 0.445189953217888 -0.0690383537934138
0.162500577393209 0.264690201128969 0.271975362168339 -0.245153333771866
0.270646086798893 0.0583566276674223 0.0759661811286396 -0.268934369006818
0.230589460704195 -0.103500807786356 0.00817196754414105 -0.220850041346398
0.121472996550183 -0.205078224512682 0.0116011896601355 -0.196353608912407
0.0465919425231825 -0.206885681295717 0.0302405960928868 -0.166462199465051
0.0334091468728618 -0.214792235876575 0.11958873813132 -0.150759105267415
0.139637840027087 -0.197047952957136 0.223904768736234 -0.0764386495421458
0.242824239567277 -0.0882915152704723 0.283537885865248 0.0867953980195752
0.310006463392796 0.0882949055471341 0.141141729445997 0.273546544308431
0.0944854491376575 0.305115479807704 -0.0544914277325005 0.268263397245387
-0.200532672550032 0.2724912318596 -0.123494266472197 0.0113837105140464
-0.322882901819999 0.134162071130598 0.232630416041101 -0.136617883954022
-0.14103822922003 -0.0905978236263403 0.524786510107206 -0.16179245209497
-0.215181237252389 -0.00388296985635156 0.487223439564221 0.0174029769386431
-0.123366739591666 0.136157260682449 0.440785463962941 -0.0225026796967452
0.0680637709310964 0.151229174424198 0.303704722445548 -0.186146767969804
0.14864598376194 0.0410820209812757 0.151633916122762 -0.253543053734313
0.132341378156307 -0.0522636493497236 0.0694731818686396 -0.261989098226377
0.0772457194285629 -0.121556484408385 0.0420426352805038 -0.256434744107747
0.030367867436311 -0.131274212527215 0.0498511808761741 -0.229861716465095
0.024904634074006 -0.143328021254256 0.13868667918109 -0.215473810529925
0.0955445962148913 -0.133893839358719 0.260177970616458 -0.131462226249951
0.178719825523977 -0.0584707503826774 0.327426662860208 0.0570428410122564
0.212335772018476 0.0972589969242802 0.176994820707879 0.266810649390855
0.00941112488228878 0.231250735151485 -0.0312765688868033 0.26126854321205
-0.188244950138578 0.136119493884618 -0.0914692318403384 0.00806359156584875
-0.207435556938508 -0.0108940107455712 0.305172777047417 -0.130940412404571
0.0680374613315777 0.108178023878788 -0.358743445910819 0.188690658903157
0.130397662449281 -0.0278178230365446 0.125381491373282 0.0987802167201288
0.0222206739031682 -0.12279508619249 0.0885592235520351 -0.306462434268913
-0.103085886845448 -0.0546640244801935 -0.217067279715594 -0.360673913846764
-0.0803092841272115 0.0335073033304464 -0.441686044435315 -0.073946793335548
-0.0396127034410235 0.040708883751025 -0.355936977308831 0.19491666478963
-0.0285375206096187 0.0521873221452081 -0.176220814042874 0.283264515128124
-0.012739625467145 0.042453157781973 -0.0644122568770752 0.297441332824571
-0.0307809459211563 0.0145242710339877 -0.0284990049668139 0.304920969520972
-0.0285987974785797 -0.0202162127947483 -0.0616769499160401 0.313011248661976
-0.015600404038919 -0.0228790190182771 -0.159437607316978 0.287364146568705
0.019508002005103 -0.0561903556321926 -0.300929215484704 0.216982094786004
0.0887414525240424 0.00528123877323155 -0.426364012421205 0.0515808424261254
0.0722906567622393 0.13429439317024 -0.508729755122241 -0.0587214529137511
-0.0351961108865012 0.16110416018584 -0.571555678728601 0.153216846045648
-0.0921799781413885 0.212476934200505 -0.380016047746212 0.128563513961693
0.0506200979645421 0.136843101046555 0.127117644286341 0.102841148749894
0.0856240899121951 0.0191181454486839 0.125182571609798 -0.321211630738665
0.0417868724151708 -0.0175138786251504 -0.20106719729525 -0.402872402422496
0.0358259464197973 -0.00758237936867906 -0.458050590982836 -0.113268295380779
0.0396655270804465 -0.0448575904466647 -0.370228372291881 0.171855283682375
0.00155872690556524 -0.0568025093184185 -0.182918504423554 0.267418881907696
0.00473445343550568 -0.0591143610955361 -0.0683235333092297 0.281469012751343
0.00818905968885793 -0.0886096905051493 -0.0105161820758231 0.286765551650051
0.0809302758271563 -0.0955846491091251 -0.0269338886157086 0.307112377725054
0.120494121776429 -0.015739958118773 -0.115686654604131 0.308547342467779
0.141928000836129 0.0457269386477406 -0.266424793067607 0.263479413160463
0.0824954287731791 0.175130247236652 -0.394467258344653 0.111622480085794
-0.0813466710825361 0.274036647802516 -0.445970871191622 -0.0147995544382484
-0.237322907020076 0.262070597583479 -0.478707389460892 0.136383394381971
-0.259907717374778 0.268367659937453 -0.327962266125575 0.0476189898302843
-0.0815116932893669 0.286236299773538 0.162397239000492 0.0970506538505928
0.107695917109055 0.192689598642758 0.194991978536623 -0.328011364399031
0.1897707496248 0.0600516172247291 -0.146346198857691 -0.449226659683972
0.171189215662569 -0.0336058249934 -0.437791791145195 -0.173896053885063
0.134550009024385 -0.123172818671507 -0.358760726148138 0.114580003228763
0.0423151687771739 -0.162090538761886 -0.176054058380719 0.210754913277983
0.0212885569392045 -0.152765108613993 -0.0623347455535237 0.225563675755694
0.0302773569181253 -0.17791992189425 0.0176918593871945 0.229048793803627
0.15346629019989 -0.172453921361548 0.0351910488969697 0.265102798350547
0.227786822923949 -0.0456503064898278 -0.0213337126492907 0.311492321875325
0.272925824568626 0.0837852869072677 -0.184175632330436 0.32291382731818
0.134170222042601 0.302070796859128 -0.336307834273375 0.199231299431164
-0.156462258178763 0.39958742903643 -0.373721639543386 0.0282387686100627
-0.373533804998612 0.349194015370552 -0.334788416037342 0.0954275322373093
-0.40268058236245 0.264165201134424 -0.196414515934756 -0.0388603727681756
-0.241841701454812 0.38301601690243 0.231007560577117 0.0809296086620157
0.0714058354405917 0.359542366877726 0.288556149007967 -0.307165327738632
0.300335941390063 0.171987324733857 -0.0467287193273864 -0.470979781131078
0.297965851376812 -0.0313449662727376 -0.361992674158827 -0.240096773447065
0.226998442890185 -0.174943719209901 -0.31041992753148 0.0290704958026719
0.0876241532522374 -0.243442983210512 -0.149716797463848 0.118967407767774
0.035005353140179 -0.225250065280137 -0.0480433199414652 0.137877672790803
0.0364122743849237 -0.240751929894106 0.0492493399109469 0.141710529033842
0.185023841094634 -0.232881759861309 0.101702498553381 0.190385231630414
0.292419070034063 -0.0912418738220972 0.08811540805527 0.276266243223849
0.374042744063861 0.0731963005517431 -0.0736604178898951 0.353335733433765
0.19980087973744 0.3655111982305 -0.251738957807619 0.269335334190523
-0.171011906749709 0.472904052888945 -0.29998868740123 0.0513730892752053
-0.437874646888743 0.394934285616114 -0.174108787779244 0.0281254690033158
-0.477269075628575 0.205018265462791 -0.000325898422523063 -0.113102845270812
-0.383088086112989 0.387157610828865 0.324285479402152 0.0585963826771079
-0.0184914244001985 0.455590771796785 0.379031077492128 -0.24964130371127
0.331375652880237 0.276587705561991 0.0823006056770918 -0.439472260976571
0.372843240963442 2.40439576866714E-05 -0.225530330483875 -0.286821935112148
0.288207956101 -0.189250726298942 -0.22019188440326 -0.0716754906660503
0.123556244541106 -0.285295603225493 -0.104183965301508 0.0060499855978186
0.0439589343713166 -0.264774767835553 -0.0266561404226194 0.0319401488490187
0.0337905140322058 -0.271311346035175 0.0764072039447723 0.0386570813731784
0.18439102455996 -0.26214071579284 0.155814142805992 0.0938133558859394
0.310550379303525 -0.123187495167535 0.18268783909002 0.20996396949783
0.415025846281199 0.0556076650875402 0.0319088981943706 0.341670546205169
0.226382588502967 0.377870874613529 -0.161632397804364 0.300002552917922
-0.17239907332573 0.472750242762011 -0.23477098384681 0.0502008612482898
-0.443174863984021 0.374623420372043 -0.0178263115858817 -0.0500734501047478
-0.453840731947033 0.111049222797935 0.221501687948733 -0.159781517334181
-0.43796056715357 0.297047881968647 0.418446803635841 0.0394874797375869
-0.109617785561908 0.435998768198895 0.440181421130517 -0.166666323762841
0.277718313809019 0.318436364537169 0.199682961005078 -0.357842752527534
0.365943254543573 0.0356532557804966 -0.0679656544017138 -0.29572143926706
0.292045394265089 -0.166603818864798 -0.106624788478018 -0.163253015038225
0.135190931612646 -0.276432767266225 -0.0490254448958019 -0.109934648369659
0.0460337688603903 -0.261901983732831 -0.00101812362692304 -0.0772038735172284
0.0293450645597354 -0.265868877529127 0.0984654210998972 -0.0680697494554942
0.165522047888719 -0.254131449611793 0.196629964160798 -0.00462201525889466
0.293376076624313 -0.125197119433417 0.251114913112056 0.136963765616945
0.39611839753898 0.0579779212084826 0.109098515442508 0.309648289400731
0.190941766885029 0.358246965480284 -0.0911806144339837 0.29717286084166
-0.183721993008427 0.405720310236468 -0.177583240308721 0.0333687877828719
-0.405632309443496 0.288526427546976 0.119940180348402 -0.118203819564504
-0.334933995709607 0.007458273153796 0.41775656343454 -0.180340016442142
-0.375953578269112 0.155176109141732 0.485688971949963 0.0226143478723716
-0.147889426864212 0.31495851935895 0.464779317875646 -0.0877702496965078
0.180152298043818 0.268291957650857 0.274817091154697 -0.26537330660419
0.283668795612024 0.0474663213845097 0.066216291930231 -0.281712166740045
0.235140906355988 -0.121810127823912 -0.00247833524493586 -0.234608110509113
0.11565917889203 -0.221862644464598 -0.00029720970135988 -0.207666396391252
0.0393447008832492 -0.21734672187864 0.0203697878225329 -0.173441290352873
0.0250428426899683 -0.223993000921722 0.11634250938113 -0.162409458086811
0.135044327609127 -0.211654577419233 0.231497268740624 -0.0889272031041346
0.249833665379465 -0.103986454598242 0.302616664914034 0.078673964399953
0.327616835243005 0.0753839951824444 0.16025501073597 0.282551825773308
0.113276498161007 0.314442812751153 -0.0451487978020881 0.282161372083809
-0.198215591849539 0.293063611737208 -0.130285489650735 0.016907650149683
-0.330725727767018 0.151427725695121 0.23109210412344 -0.154977353630707
-0.150584112246621 -0.089830374684199 0.542052855471548 -0.188290150979655
-0.22484524960318 0.00466206649051213 0.507605647931481 0.00206263785823839
-0.123536702653541 0.146612262254595 0.461234893274176 -0.0389585280197687
0.0768604695769449 0.154553222101104 0.310294528028688 -0.205065076085614
0.156790096755154 0.0340737640301393 0.14626478965551 -0.271144016605612
0.135499506395965 -0.0615513444082792 0.0594793663814326 -0.280129989366884
0.0733503558898719 -0.130829056040832 0.0280027593027098 -0.272281293447358
0.0255493472360681 -0.138101768949665 0.0376679592594917 -0.241641796996017
0.0195062361983726 -0.149016110586767 0.132728107142365 -0.230647299899254
0.0933385385617781 -0.143431466892193 0.265544371309406 -0.14842614130903
0.183033365106026 -0.0697381890299596 0.346335324559079 0.0462387390072044
0.22588371605709 0.0904497750386504 0.195907272140159 0.273503024919518
0.0207470197341083 0.241266978212337 -0.0210588010046502 0.275335433795802
-0.190419356395888 0.14999994678179 -0.0974908101220606 0.0114167150463882
-0.215147836889511 -0.00466141628767973 0.307077311939193 -0.152902057980504
0.0746553878546224 0.106647874399379 -0.356541845490471 0.221387123258151
0.134000300818188 -0.0378098343022434 0.139419853223226 0.0932348907638264
0.0131403547107846 -0.12886125546312 0.0697827095513605 -0.327173321367369
-0.109873037096111 -0.0485179383053325 -0.25422188890612 -0.360376529434659
-0.0807256539138721 0.0419298251530882 -0.464777739660349 -0.0444312572680425
-0.0383571159423504 0.0474418955985625 -0.354985412857941 0.230913344536631
-0.0250240839137851 0.0572044396736168 -0.159284090082202 0.30700794490851
-0.00978841636746572 0.0452229013136111 -0.0407383052772245 0.312787313798424
-0.0312965425962115 0.017055409892721 -0.00238791032738569 0.320125613427839
-0.0322371523966729 -0.0189928938495521 -0.0394409397010831 0.333515472409473
-0.0171276354930768 -0.0232087609231434 -0.147102604526509 0.311687573677889
0.0161035554295531 -0.0591823269378174 -0.297507157352817 0.244988234173681
0.0919064891010979 0.000243560467587372 -0.441776481536114 0.0791161175901756
0.085783300054077 0.133635401085903 -0.53435037507583 -0.0256595314449617
-0.0272639432711713 0.170226158359741 -0.580634863892626 0.20254033658004
-0.0814526351823327 0.225136635578572 -0.382463428988753 0.161751616045436
0.0631429681425971 0.138239968632296 0.141537265671041 0.0989407854804453
0.0891738512510621 0.0120764867731888 0.106966564633322 -0.344558657984292
0.0426530605823451 -0.02203082771782 -0.239894871412812 -0.407092350526499
0.0357201912203978 -0.0107537515555631 -0.485502138893031 -0.0816386720080401
0.0366840515524682 -0.0493177670598318 -0.370927368970334 0.208796563480011
-0.00294558160210164 -0.058579557482519 -0.168548458806247 0.291210691678397
0.000377558645829695 -0.0612333696043806 -0.0461585595717591 0.297128162649584
0.000454709590754891 -0.0927446681659059 0.0133126012150622 0.29949400038673
0.0750919593599721 -0.107239805054572 -0.00343948771637557 0.323738672185839
0.125933836786591 -0.02640360683893 -0.0986348293207952 0.330032546569837
0.150816683884828 0.0362119541332266 -0.258614468919871 0.29305332179271
0.0983244937322562 0.176678123889887 -0.404388879588597 0.140673500888099
-0.0639576803549902 0.291736635156106 -0.466105534453466 0.0147257437009883
-0.228793896610701 0.287755089495467 -0.488197206614159 0.176402709099933
-0.251161542086823 0.293314105054669 -0.334609661842155 0.0753830149893252
-0.0625493077958362 0.304213055204424 0.177732447762576 0.0912060057411879
0.12505295307941 0.189550160485777 0.180035167156775 -0.35503810168275
0.201131969508435 0.0463999535428901 -0.185495966164572 -0.458509618810695
0.174522569591454 -0.048389071152398 -0.468112233993322 -0.144960136586695
0.128487076777518 -0.138617474299457 -0.364589937424631 0.147982781111587
0.0307091447794487 -0.171477560085244 -0.166464767269096 0.232330316441915
0.0104783743926044 -0.159981790227821 -0.0452321880585632 0.239988727086313
0.0169630196680754 -0.185969949139922 0.0379653466141356 0.237185741770217
0.144281526913774 -0.192996523792676 0.0582579849540659 0.275256646154466
0.235330490813977 -0.0660054696672193 0.000593003441513779 0.326070008948997
0.289478949499531 0.0650869901638169 -0.168865299172459 0.35038221226126
0.161144866222002 0.303650825814038 -0.336647581106012 0.227896801261659
-0.133231222908805 0.427688690300208 -0.389236724636618 0.0546898334574855
-0.362778363496336 0.387624211875974 -0.343430483243846 0.123458581044512
-0.398731098286459 0.29738144791748 -0.204886670737099 -0.0237796361794209
-0.22360469314229 0.416968842983678 0.247713388813409 0.0708451158735179
0.0990209980274663 0.36537498506698 0.279462091930019 -0.338947523209457
0.324310716195308 0.153999810122579 -0.0812498802298152 -0.486446929097655
0.30544818017479 -0.0556289961132425 -0.392348777187412 -0.21892931168698
0.219852750696006 -0.201699958105685 -0.320981861384792 0.054804227486196
0.0703831341451657 -0.260779170806111 -0.146859352963208 0.134576050106944
0.0182882715443579 -0.235751501059244 -0.037769591520423 0.148567721844326
0.018559368825995 -0.251839844504924 0.0626411954141581 0.14357955006609
0.171301256726805 -0.257878130578036 0.121635330063039 0.19209423073214
0.297475446726635 -0.117820373659236 0.112684514489086 0.282421015025962
0.393330720628349 0.0456103468015801 -0.0513489507654398 0.374307246891578
0.235011029515962 0.36442753114574 -0.242136733296418 0.29508510643152
-0.14333520702835 0.505117469654128 -0.310032026050875 0.0742376281541196
-0.427177743795691 0.438961658820734 -0.181638952810186 0.0416953167009332
-0.479494435793727 0.242071930442286 -0.00632578900058702 -0.114311501275531
-0.368588883795617 0.431349169368227 0.340769452630241 0.0422837689108799
0.0122254017811185 0.471350795535145 0.37783924479625 -0.28411998146733
0.363457580301287 0.261214687319433 0.055429303258432 -0.461495952345536
0.38535510801232 -0.0295910336157966 -0.255386713589752 -0.276856096094539
0.28195771076998 -0.221493875096479 -0.234770575809908 -0.0567972178845904
0.103276947610072 -0.307472261838469 -0.109119542010768 0.0131902707271301
0.0239358904149526 -0.277760745776497 -0.0252610507484719 0.0372600038439004
0.0136451375234143 -0.283198929976585 0.0823623710675352 0.034161714986651
0.169322711212425 -0.287902990656578 0.170141299961064 0.0878506604363772
0.314359010178971 -0.152608228065421 0.206072028244514 0.20457606237005
0.434455740909677 0.0222819218592477 0.0578751667934671 0.356071417998671
0.26321120307526 0.375217026887816 -0.145436219672311 0.320819585379101
-0.143623511018936 0.505413421274761 -0.241546207701356 0.068217030747247
-0.433335508526756 0.41910295944067 -0.0272260890485962 -0.0517693257744845
-0.461496057040411 0.144986487910544 0.220605007112677 -0.178662929031113
-0.432076707513343 0.34257860792922 0.435953325665784 0.015292905657922
-0.0827021351207964 0.458411706467312 0.447109738042742 -0.201298050127944
0.311004016075 0.308305136853187 0.18193260853307 -0.383864653450554
0.381156869203838 0.00804066337341089 -0.0927243796474699 -0.297761684866049
0.289051358290396 -0.198373513579583 -0.123621889938019 -0.162021971696246
0.11571142752594 -0.299758873908133 -0.0620553722792337 -0.111385686837237
0.0261250412104168 -0.274835493518533 -0.00943063882021525 -0.078026568383915
0.00904128769906067 -0.276417172137302 0.096437897686753 -0.0773775302420254
0.150312600609993 -0.277172202936341 0.205092287679505 -0.0186737996407424
0.296071950903323 -0.1535797748886 0.272117250951611 0.123255642319724
0.41371561489801 0.0263931011179626 0.136566700595775 0.317649551075256
0.226033895237485 0.35546750965185 -0.0725840553789891 0.314506196083683
-0.161868455638907 0.436657674025883 -0.182699666983836 0.0474787184949721
-0.3997506247071 0.326193437761902 0.110365163091899 -0.132429498448809
-0.346444200869481 0.0291521743643675 0.422085969450018 -0.215291385687803
-0.379172003862239 0.189597532686932 0.503908534241979 -0.00716937146697843
-0.131522254650822 0.33648973396822 0.476548232668199 -0.119611719409021
0.205806255345861 0.264365196369919 0.26778121883411 -0.29333689146194
0.297559082367419 0.0255517636807043 0.0480124793472627 -0.293114650917613
0.232361194724658 -0.1459377439753 -0.0211251254645251 -0.244409103468424
0.0997647269300304 -0.240450620072533 -0.0212809001309405 -0.217164025058905
0.0230679673829775 -0.228449953619478 0.00464521766331737 -0.17955477379872
0.00811742800669492 -0.232761800114036 0.107096486791869 -0.176366641202579
0.122619139851486 -0.229346636326568 0.234448887808175 -0.110098424665695
0.251667244695439 -0.126845263724966 0.321471409159495 0.0589169119495398
0.343670612615894 0.0509186413436039 0.187879098355186 0.284491219669681
0.14144706767054 0.317114680416381 -0.0248749778154109 0.296571440163834
-0.184236778725104 0.318746401454899 -0.136672778348472 0.0264715842058564
-0.332093703040027 0.178408327743643 0.222280658421431 -0.179405173385508
-0.163290909252934 -0.0843402871484769 0.550739493436507 -0.230563801628137
-0.233829972897232 0.0209610941308065 0.524972303127194 -0.0292876988751139
-0.11764571840739 0.160569430161985 0.477756039685847 -0.0704285331791408
0.0899798082933834 0.154059646465201 0.308368119274404 -0.232752578930193
0.164416712824112 0.0221213567323822 0.131632360468893 -0.288778750600513
0.134225627311243 -0.0758306393921531 0.0388264551981948 -0.297475251391228
0.0645007355751177 -0.141609484058889 0.00265729167800732 -0.286158096562656
0.0164439331251047 -0.144330777235983 0.0166058036024045 -0.250971406597131
0.00950166748028514 -0.154810061770946 0.117661804673119 -0.248206257135141
0.0850611041855168 -0.15488804142918 0.264320185612727 -0.17365178339135
0.184286033776038 -0.0861433696597978 0.364961537821103 0.0217141606976309
0.240548630774882 0.0752950436136371 0.224696458780805 0.272224638960218
0.0396919037265781 0.248436735512409 -0.00161958086114723 0.287361202929299
-0.18753586195877 0.168132657032688 -0.103264950625281 0.0188978552400866
-0.223650493685238 0.00867916825716249 0.30063779727242 -0.18266126546202
0.0258068278133723 0.132494593694657 -0.422801618845775 0.0533349277710985
0.14031222623541 0.0184798548202577 0.0874520876310592 0.146034167265148
0.0621053555575095 -0.111850369396695 0.199134644482644 -0.27221288060716
-0.0818676044192809 -0.0837674225799228 -0.0892133518343519 -0.44219193066027
-0.0893405653285443 0.0110658777863712 -0.411838053709374 -0.229907521168672
-0.0541870137089812 0.0322605248407966 -0.423383727490645 0.0664474082864524
-0.0472788756850563 0.0480586883967193 -0.274894060141123 0.216691675698195
-0.0270722877118895 0.0395260053571423 -0.161173823950326 0.271993017248115
-0.0346707173300633 0.00398963482003143 -0.12819573544342 0.295922314498591
-0.0207793191884052 -0.0289071336438382 -0.17168409638562 0.29200265361159
-0.00503979552000216 -0.0260264553906294 -0.265882964596021 0.226009554925463
0.0356542481402294 -0.0419871755547861 -0.374540880958033 0.0954796520834143
0.0796129752247839 0.0411319167858925 -0.442622538886408 -0.120532604604225
0.0171718325308719 0.159693159874817 -0.490644146353075 -0.260772398693642
-0.0980461232607082 0.147958290916297 -0.631629829500284 -0.0799394614658288
-0.169001555187824 0.174760881584349 -0.419389572756876 -0.0079059536421352
0.00118988116433358 0.153830710833965 0.0921165444958168 0.148351174663914
0.0731884707491061 0.0506320167601723 0.243244538659507 -0.276799057970333
0.0468146285795123 0.00311114451547142 -0.0551530546483273 -0.482873654462764
0.0402793834019515 0.012657214476884 -0.416823800634133 -0.278532602591922
0.0537823841552333 -0.0273125293462099 -0.433679492473649 0.0366249314112976
0.0199316462266609 -0.0527439396418956 -0.278529836523846 0.197706499907612
0.0272561057419283 -0.0556883820197567 -0.160620738395885 0.255052683762737
0.0393898868777105 -0.0849639985575205 -0.106008031587352 0.283499023529367
0.113980828289693 -0.0692327561050256 -0.132044817522738 0.299150981560326
0.130874678868742 0.0286339639461879 -0.226738675790512 0.267861018964208
0.121611142631574 0.100904859105421 -0.359125577573706 0.162448402006731
0.0108807975596117 0.207427513309076 -0.437974614994089 -0.0448263520044047
-0.187182546672995 0.243531644617772 -0.44942982925715 -0.197524815593659
-0.332842801730457 0.172812643664209 -0.533101858838018 -0.0641120432942157
-0.355254958931541 0.165776897423845 -0.335173654991186 -0.0636721028833456
-0.186396774670215 0.256539960421355 0.134215653785653 0.156411341682135
0.0305990843247391 0.229619152085388 0.320637433012533 -0.258785431803807
0.163824789598047 0.130294569333575 0.0207923065611538 -0.511867243715045
0.182315840830847 0.0350697188143602 -0.376503549784158 -0.336517938429382
0.176565188170777 -0.0736292443922835 -0.404648811920568 -0.0187773584655046
0.0969016748442714 -0.14561842520226 -0.252624431709183 0.141508259857266
0.077298529528757 -0.144439605140582 -0.137556869837549 0.202325065482959
0.0918522146459281 -0.165084525370473 -0.057612048176672 0.235711288598009
0.21240271680321 -0.122786969620827 -0.0545035340897506 0.280858316767165
0.250017429893376 0.0362813954566924 -0.130316500677897 0.307180711933056
0.23880529319286 0.18343364606985 -0.299446406215965 0.259422341564821
0.0163463469475842 0.352836267371246 -0.415908120326945 0.0676115027102045
-0.307936526658119 0.342109572249273 -0.397094090899314 -0.129359915143709
-0.497613530801509 0.208790475057892 -0.376235446223078 -0.0520728150973326
-0.497361180270006 0.106214849766176 -0.172529651127023 -0.0961620578474852
-0.385737938045518 0.293528137433118 0.213454975954696 0.168384903818835
-0.0687477952457384 0.380756739623502 0.409655043664265 -0.202584246695139
0.231098944183576 0.278605168954446 0.133511805623648 -0.496837477655909
0.304784338652407 0.0823483687885662 -0.274721249790155 -0.378227923286372
0.286631672339532 -0.0960584835615433 -0.327488695985707 -0.0904478702522266
0.170260721646721 -0.214270027941223 -0.194790604008793 0.059877412179432
0.115963985846578 -0.212878251648612 -0.096060303325052 0.120984784034719
0.119710615194422 -0.225598698196178 0.00254998797101474 0.159618456512851
0.264616265307279 -0.173734417270102 0.0381383327784558 0.228563472975213
0.330147348610059 0.0111310313806579 -0.00472092393642833 0.313198452811649
0.344895935579305 0.20553401039762 -0.198236732088025 0.335181437439125
0.0587882190974773 0.440866630141211 -0.357152166889938 0.175075231700561
-0.348887218065203 0.40924088728818 -0.334183888245982 -0.0784216027470233
-0.576622173165646 0.228663367204634 -0.191606153937266 -0.0567032872846793
-0.550626397730012 0.0183704108710449 0.050569982320987 -0.0937235591935691
-0.529675175663885 0.245426018880282 0.314726170700954 0.182400822137715
-0.194946878281672 0.442687150762057 0.481824268909171 -0.108242830692016
0.221864111580828 0.39189427200488 0.253063340180155 -0.415650635506955
0.365969277604246 0.138073869542019 -0.122483851711132 -0.377336952541974
0.351693657010239 -0.0902891603944924 -0.200798925644065 -0.1585321507557
0.220205011629808 -0.24553369379991 -0.110919783588385 -0.0372574112388459
0.137614892626243 -0.249493877495256 -0.0405372348138343 0.0239468060869848
0.127552724654581 -0.25622323025242 0.0641986672200686 0.0656491427174415
0.273771211599904 -0.202759411673453 0.125406654930496 0.152374875204159
0.358823952212572 -0.0157945006570514 0.115662072620035 0.2808123408615
0.391843010534385 0.199400341180759 -0.0891106564610026 0.364135876367927
0.0828017119664635 0.46095209781071 -0.278171731100151 0.243034832169591
-0.346974854702873 0.409999658111701 -0.267035481186794 -0.0529494716175792
-0.575578259462577 0.207515472340172 -0.00581336227629648 -0.0725228004582559
-0.496077633608658 -0.0670747188179885 0.286612398701241 -0.0567153977436082
-0.552764623770678 0.134067600546682 0.413035409183679 0.200421832390197
-0.278870512707206 0.38830184563219 0.511367962920621 0.00154331398699648
0.153390330751523 0.411804345008554 0.341385094942459 -0.287906928772409
0.344971701752602 0.167954274327368 0.0402677191775737 -0.327756684939012
0.34723755226303 -0.0665269588303498 -0.052855920012252 -0.209916337717397
0.227675249741262 -0.234266221174507 -0.0156313985206476 -0.133078230860748
0.139649472110024 -0.247722113538844 0.0199491237701334 -0.0756399511970694
0.119832376208917 -0.251964074415039 0.121657882530881 -0.0319946347038059
0.250569926703859 -0.200073842949619 0.199649715362242 0.0681729822873789
0.341695254463403 -0.0234133768259578 0.208998053079064 0.233096998383098
0.372440057926165 0.192092309524349 -0.000654137815518823 0.362460943627201
0.0567824658254294 0.427482383535118 -0.207029029388209 0.268619297736748
-0.33296529570171 0.33890089381587 -0.20175467010479 -0.0468378601984836
-0.504811920782163 0.134631378154177 0.157478786608248 -0.0842944121768251
-0.340298444774397 -0.125008997750586 0.487410651096375 -0.00913310528431726
-0.44001085929233 0.0139673313843225 0.481950972292002 0.21084198221444
-0.271503622785534 0.253447514596139 0.503105790236595 0.0927319363597732
0.0737711412351858 0.327637464541347 0.379825548715694 -0.163201752504569
0.258799561567794 0.147814501269557 0.169073321474619 -0.260991976128239
0.272696780561501 -0.0414345959319786 0.0780474223670557 -0.24196630611676
0.188913451867349 -0.185974340483586 0.0659170060748211 -0.213398084282376
0.116012726400668 -0.204839861596646 0.0736432471849696 -0.164099776960704
0.100962132544325 -0.211844396420401 0.16964324069949 -0.118225151269156
0.205271820457903 -0.166996896566024 0.262276299212671 -0.00403501699239188
0.288835526334443 -0.0177897099751233 0.28083962988488 0.192631976263169
0.299725955402109 0.186612962029859 0.0593887100467024 0.352651556201087
-0.00351338113567575 0.355648775796527 -0.155321874687887 0.270262977784976
-0.30454671749337 0.218675900012503 -0.145980409377931 -0.0453008541805826
-0.379607248203726 0.0259570752259521 0.282896605944259 -0.0741254390191036
-0.122624042928803 -0.152548081026563 0.610237321984874 0.0256603248875989
-0.232964544028964 -0.0830274142805442 0.503476434457354 0.200955803533713
-0.183572552945865 0.0955312283043013 0.477769919232611 0.142969799718737
0.0126116011782004 0.177585454014907 0.389698594330327 -0.086547612457184
0.1372603559451 0.0882824565546717 0.2453331826733 -0.216898575393004
0.152637480449066 -0.0159258447324338 0.158115008238182 -0.263375984901459
0.116715923617426 -0.108385078524757 0.116593634171267 -0.265884183839246
0.0761208281845005 -0.129412906319574 0.112436339509026 -0.224658263495883
0.0704731857835727 -0.140325114740611 0.20707859567792 -0.179422827423707
0.140940210914375 -0.112276115127433 0.313950395912109 -0.0509192597154157
0.208066270770163 -0.00694560571407996 0.332730308418131 0.174459108743431
0.194492804883549 0.168141090506219 0.0958472339110623 0.354824613489984
-0.0680267610318178 0.249771959830478 -0.130279393467212 0.269645342664819
-0.244656376451549 0.0779280270541048 -0.108088783801535 -0.0362721593693232
-0.20881717612925 -0.0876475015190061 0.357353407435553 -0.0379050813430349
0.031490680950469 0.129715971459792 -0.412179925078143 0.0862716359117122
0.140616232053686 0.00737862994068247 0.0990361383023742 0.139382943452587
0.0515860554071146 -0.114339624714249 0.174217627340108 -0.28577623662938
-0.0868461340934469 -0.0762332188209073 -0.125456171080551 -0.431432312776772
-0.0875612158357395 0.0196729832603386 -0.425135362906679 -0.194234749722807
-0.0517736915464126 0.0384394668653053 -0.41387542212346 0.103685878177327
-0.041602596075005 0.0529203264568798 -0.252926770228037 0.23710762306967
-0.0231296494628542 0.0409578221073927 -0.133904731214583 0.281116299060314
-0.0346845355950494 0.00728215822476503 -0.100227330431509 0.305118821890216
-0.0237865134200543 -0.0273141617328292 -0.143966783020618 0.305966052909623
-0.00604519811862288 -0.0254203840566722 -0.247807156136417 0.24587890253037
0.0321114811487017 -0.0434741765135418 -0.362905731459329 0.120562541977783
0.0816328963613533 0.0362283630900168 -0.448492224407078 -0.0890641577072407
0.0308708538866499 0.156000644605549 -0.507833215281327 -0.2213972718201
-0.0859796026882809 0.153863305457854 -0.629124401764233 -0.0298302273074509
-0.155847038305213 0.185409679215199 -0.41306271849953 0.0258222864242615
0.0134589036732176 0.153258088594434 0.10346302522008 0.142883748076681
0.0754478239170331 0.0432874766315234 0.217818000788159 -0.293021655490379
0.0470925534697607 -0.00219045830974133 -0.0944143983277249 -0.474978216109606
0.0402915201294353 0.00975420816921799 -0.434321082582887 -0.241209427713834
0.050615936796708 -0.030757277393362 -0.42547794212985 0.0743497256498568
0.0150194226843505 -0.0527126094443993 -0.258059493149356 0.217638092800671
0.0225547684459265 -0.0567702777864619 -0.134970738335895 0.265304799250011
0.0303500726776674 -0.0871583224980988 -0.0785803039511014 0.290221085514433
0.106294864565626 -0.0797603337060416 -0.105394726729743 0.309823390602079
0.133202710172989 0.0172916593616067 -0.204693105707948 0.284226796916615
0.128208248890118 0.0900803011941947 -0.343199025355644 0.187477020280347
0.026951924615581 0.205798190489708 -0.437790209829237 -0.0156349172941488
-0.165713674227387 0.257059545821098 -0.460616736531051 -0.162523431077118
-0.315219038512628 0.196207082688159 -0.533909698055507 -0.0221252512101287
-0.340550884500997 0.18845191854948 -0.335089383120119 -0.0343343517198275
-0.163096583014803 0.269124657821824 0.145603180575821 0.148281249544556
0.0473219668167623 0.222237154426376 0.295409843838082 -0.281042692579243
0.172492885309768 0.113629806447573 -0.0204861531154161 -0.509024858880264
0.182420376499562 0.0197048087422285 -0.39943658932707 -0.299630445281548
0.166398394239569 -0.0884242551565434 -0.400989029230729 0.0151390576459704
0.0821432502536843 -0.151591808269579 -0.237376553210305 0.16106249406522
0.0630853029982585 -0.147892257875838 -0.117284599828333 0.211961717536841
0.0759750522344343 -0.169830208384152 -0.0356618805988607 0.238039440911236
0.19893883141526 -0.141362640661393 -0.0296528188831414 0.284624081188568
0.252575163065707 0.0144199271634504 -0.105057771819604 0.316585690634058
0.250454440290254 0.160378203433405 -0.276538796368799 0.28014976866932
0.0441169699607371 0.348526557826185 -0.406663853931266 0.0950519486864494
-0.27689814512558 0.364106491821381 -0.403892320869455 -0.0986572252401896
-0.476397048998986 0.244303764140577 -0.378364086342528 -0.0225937129533222
-0.483428338521015 0.139987199109416 -0.17612800360367 -0.0780353183629411
-0.356550312747028 0.322973481708174 0.223356027677917 0.15448608025446
-0.0384908589935813 0.379564035601855 0.390339015381629 -0.230970939555277
0.25092785257873 0.254226048200406 0.0926431691200369 -0.502165925475982
0.307232466046966 0.0551275033416331 -0.301716281419746 -0.347980091524307
0.272973917151095 -0.120544562537043 -0.330733415512129 -0.0605240895598597
0.147845695385131 -0.226578663496984 -0.188233072599872 0.0738796817895157
0.0960696928758903 -0.219272330108726 -0.0838252448034882 0.128514766371147
0.0974013327746682 -0.231855687541483 0.0164985171824513 0.157497095264084
0.245486418657426 -0.195714073036753 0.0578648979705826 0.226116691181677
0.329324422633084 -0.0166423324128574 0.0200213167333346 0.311835640317368
0.356161004237339 0.172965536391446 -0.170076841686309 0.348617380439018
0.0942382585315098 0.430878143749207 -0.339239231104904 0.19757955920239
-0.314243821366868 0.434570929176254 -0.337435692439451 -0.0520643351221405
-0.551937122739787 0.270358557211709 -0.197337051833328 -0.0422379795366449
-0.542579949168766 0.0556673387755258 0.0431699648389981 -0.093320289591194
-0.504494611939453 0.287510759022775 0.323106509242876 0.161462619817647
-0.160015184157091 0.450295983129863 0.468271874785431 -0.141724874415688
0.250319037261243 0.366470324531287 0.21916472272198 -0.429183736079012
0.371737500186396 0.105219370929168 -0.150236420936347 -0.357400710634528
0.337607949117802 -0.120949163961016 -0.210365158428219 -0.139180191778831
0.192678471464272 -0.262274452850976 -0.11357589125435 -0.0298356437973616
0.113926676540149 -0.258093683296792 -0.0374826026978769 0.0281817934778099
0.102474356382648 -0.263042757441185 0.0689499575931333 0.0600432790575724
0.251261684435613 -0.224461350948826 0.137215613617714 0.142693140369076
0.355714700867691 -0.0461362987949078 0.136909273107208 0.269843087021701
0.403120540505366 0.161555481259143 -0.0588705569851773 0.371461976414567
0.119325018499828 0.449694241474362 -0.254918202818987 0.259672542867601
-0.312101499509315 0.435154189813075 -0.269033982477718 -0.0326878342131294
-0.552443226624791 0.247821911470884 -0.0167383771945218 -0.0734421536000161
-0.495037938952615 -0.0313978358110813 0.280169651669261 -0.0759608271634091
-0.535926671783635 0.17855147327159 0.420796407560432 0.171124059176141
-0.246359387385989 0.404129737654362 0.507173469708053 -0.0351399026725336
0.183988271483958 0.39298207292574 0.315841298376713 -0.308999947191129
0.353588217521104 0.135743870532236 0.0139961883367933 -0.320049152477944
0.334560569129863 -0.0970016550964622 -0.0682369879647939 -0.202651024425263
0.200936236463142 -0.252372040264308 -0.0292188725209115 -0.132131060068911
0.11439653453146 -0.255594742164978 0.0116150000184884 -0.0749899464345909
0.0954989625739806 -0.25728856821683 0.116900791689239 -0.0400285151509875
0.228992182404731 -0.218610771538272 0.20361965245891 0.0526631739877437
0.337035776076837 -0.0527741712248104 0.227385998089792 0.214231032244623
0.383523050346283 0.156853307245521 0.0289307182294091 0.362343555349196
0.091525265424663 0.417436064151385 -0.18120955360119 0.27915930898477
-0.302077023961298 0.362305778717877 -0.205198792849985 -0.0318154820194924
-0.487581002589094 0.17013354617382 0.143153944530321 -0.0981342518518038
-0.345735808257068 -0.0994366774734082 0.482149105265117 -0.0453440318168621
-0.433295356620578 0.0491318259311113 0.487981505559037 0.175615091610722
-0.249454490278372 0.270554856022976 0.50443179150738 0.0574867106377782
0.0991018475404697 0.316138495858198 0.364613234062841 -0.187884428903655
0.266743023381296 0.122800484826535 0.147922235485771 -0.266340700317621
0.26419242365694 -0.0656449543469555 0.0578336699993335 -0.246679814634162
0.167282147875711 -0.200120694974599 0.0444473723341004 -0.218078032560287
0.0964329266545618 -0.211370641961181 0.0558797573527009 -0.165976712844627
0.0814085899434844 -0.216461654819914 0.156631016056744 -0.128700871474055
0.187861588526879 -0.181247867708418 0.258538808980409 -0.0243246606990723
0.284175945069972 -0.0419415482426287 0.293227728548421 0.168943669823914
0.310137085211792 0.1568980618254 0.087682961800992 0.348490708041073
0.0259009207095793 0.351069902856413 -0.130684058009564 0.278161071270057
-0.284165549559749 0.240430358441346 -0.150275203582261 -0.0343904297117178
-0.371962350853544 0.0534888749163198 0.267752129128692 -0.0985439684348529
-0.133736475727865 -0.141969023645786 0.605719383639833 -0.0203066430401959
-0.237257317204888 -0.0636617370658986 0.508747668952812 0.163002832440526
-0.173466916377965 0.107616619820507 0.483696835709 0.107512280252993
0.0263437499488162 0.174168787740102 0.379484029988909 -0.11265587854411
0.141603540222254 0.0746327894002549 0.225994445129084 -0.230860632719612
0.148173661072214 -0.0292448308589952 0.135605420661451 -0.275675113800731
0.103424166552396 -0.116372930979501 0.0897239375946936 -0.2744391467303
0.063295874027574 -0.133566699582254 0.0891489046414936 -0.229341948028933
0.0577829093230171 -0.143466640439623 0.188326681096815 -0.191796307147434
0.129703998030751 -0.121430682629356 0.30560546624598 -0.0761195073007766
0.204564400654612 -0.0240817215310214 0.34473143027363 0.146923277268956
0.205978548968791 0.147416501822282 0.124109209896274 0.3464579104215
-0.0462636580701896 0.25211750474149 -0.10576817446071 0.276496851597685
-0.235731893463476 0.0952363811885281 -0.1126419947323 -0.0286390317101526
-0.212384150480703 -0.0717136221445058 0.344716340364466 -0.0688547065971764
0.0356193743269013 0.126685536940137 -0.39740024551183 0.1101360581437
0.138242838623179 -0.000923948029798869 0.107108239661269 0.133084931930152
0.0433969552370525 -0.114040473318278 0.15229689065338 -0.290282820250489
-0.0900121501904107 -0.0691300768812069 -0.150375495118105 -0.415671243645438
-0.0838689952458819 0.0260584693521759 -0.428332575788329 -0.164004734437651
-0.0469617725239719 0.0429635466689876 -0.397619843249701 0.130628285646962
-0.0356346706225158 0.0559114314737567 -0.230950255430857 0.249209619182917
-0.0188960234722687 0.0426032565455979 -0.110419537218634 0.282774252386063
-0.0339832408501206 0.00977699870821693 -0.0754359845795628 0.306112977998715
-0.0254024657987306 -0.0252381432668442 -0.120733359263633 0.312442341645543
-0.00664557969111988 -0.0243153997755464 -0.228421727950166 0.257883360596036
0.0283628047781144 -0.0437775744157525 -0.348392624462811 0.13878323498681
0.0824869817762504 0.0321087352251648 -0.446594047543208 -0.0641055632348256
0.0411294484184112 0.151328015185309 -0.510498642957387 -0.188088274667573
-0.0755943517339716 0.155543572562346 -0.616129362631705 0.0100560752065065
-0.144426213432353 0.191053783897421 -0.401032475642802 0.0517419937391078
0.0239478597479758 0.150074651714678 0.111246459377794 0.136613036739053
0.0758131864166256 0.0377561191916047 0.194621371289358 -0.299649906842172
0.0458202904409577 -0.00682258596328301 -0.122484676637395 -0.460249223487814
0.0401591559459095 0.00719540857291723 -0.439315544539657 -0.208094881183672
0.0470123441287244 -0.0321935231876586 -0.411624775201597 0.100683635605818
0.0114370724658956 -0.0514446197562358 -0.237997806183328 0.229286948103993
0.0184043722016895 -0.0565885286766617 -0.112100878375455 0.268334634656555
0.0231259044609017 -0.0870008615562058 -0.0557899132699481 0.290472717410498
0.0977900145532223 -0.0859043898688861 -0.0813643419020925 0.313832419228587
0.133720170914453 0.0074332815148828 -0.184021032034521 0.293890574089774
0.131627785460911 0.0801727579906951 -0.325144296306322 0.204299873355003
0.0392959145725008 0.201339678074467 -0.430757477693417 0.0069314160200693
-0.146033406962252 0.262574417175659 -0.461975760177648 -0.132678883415679
-0.297846016675786 0.209995083981637 -0.524386090348323 0.0125548340071759
-0.323222514028699 0.203303873897873 -0.32825414887796 -0.0114691238119544
-0.142293034173924 0.275097808185549 0.152418758060901 0.141234389858947
0.0589595549931381 0.21334101095236 0.272522400587626 -0.291175987823395
0.17605962783586 0.0977340962525965 -0.052562731666635 -0.498001399589822
0.179839613179963 0.00656562411221868 -0.408447526992809 -0.266323024236421
0.155540285212434 -0.0974396712672101 -0.391230131493984 0.0435751823467058
0.0686227253072277 -0.153124901787844 -0.222160035254149 0.171969236680596
0.0521718299667861 -0.14804073667782 -0.0988705389760677 0.214615423726157
0.0614454201454401 -0.171104939624927 -0.0180819842062895 0.235692788325196
0.184021958928371 -0.152679582739148 -0.00890167513813965 0.284459951696498
0.250353103062024 -0.00347675349593825 -0.0832078389935228 0.319286816851817
0.255010102678607 0.140209865064474 -0.253572622054507 0.292218276851975
0.065060367182056 0.340316127185936 -0.393557961478408 0.113601756531507
-0.248878060301221 0.374634233627432 -0.40309447790207 -0.072819895334452
-0.451340689415656 0.266092356543834 -0.374992845974731 0.00056176541218469
-0.465687234188545 0.162861847851486 -0.175503555279484 -0.0637277288085341
-0.329477046490867 0.340645774835584 0.228116010023585 0.14303973519599
-0.0157191266145615 0.372293400602497 0.367611146481414 -0.246321171687841
0.261225522131733 0.230174784479395 0.0607373205962466 -0.497417464729272
0.303568739785501 0.0327668635099588 -0.316082847833771 -0.316940159823026
0.257163365328516 -0.137228700667368 -0.326512858616282 -0.0365327113666148
0.126856273192593 -0.231327445125933 -0.180584176905383 0.0828408497801782
0.0779543395599205 -0.219293216853808 -0.0720821987674868 0.132088496965032
0.0793208581321861 -0.232148978074138 0.0274166261798376 0.153023255650909
0.22539909027149 -0.208985608558132 0.0730569625821067 0.220978125213129
0.323572184967342 -0.039328209349867 0.0399822739250444 0.306273106778237
0.35885888299244 0.144178255244742 -0.145110302637197 0.354441331688664
0.119644873275075 0.416548858235228 -0.321066198456099 0.210654939113302
-0.280916736601952 0.447104710113999 -0.335819511080489 -0.0318055058709488
-0.524013101086098 0.297381426947394 -0.199918281276496 -0.0308260617612229
-0.530406380800338 0.0856666929895725 0.0382827887219089 -0.0909637430748702
-0.476203565873122 0.314974325051852 0.326003876474638 0.144780051721605
-0.129390236185062 0.44998226278433 0.450932952009957 -0.163603023697583
0.26791301171022 0.340049923280231 0.189731361485743 -0.432683978747512
0.370336455460872 0.0767133523669154 -0.167587798641732 -0.335428246481944
0.319968095829533 -0.14241140103007 -0.213730002988666 -0.122388089752545
0.16696380702505 -0.269435873261715 -0.114751088698475 -0.0235167478958473
0.0927323372465991 -0.258408665927184 -0.0345692894160741 0.0315470384506755
0.0812918138177619 -0.26203562252647 0.0724420724528823 0.0543176470406493
0.229530461488367 -0.236673824324338 0.145448002335008 0.133054513878995
0.346495942453657 -0.0694162194657736 0.152562120395 0.257285424233031
0.40320512956651 0.129369109606452 -0.0330718668383428 0.370958976971887
0.146458420409807 0.432875424985127 -0.233391106008328 0.267420166655762
-0.278520240251728 0.447841471087874 -0.267612976066998 -0.0163493756157322
-0.526107218220028 0.275767753854354 -0.0254349925390492 -0.072493142574368
-0.486171289133932 -0.00406451466674037 0.27006755448221 -0.0891239127868783
-0.515123577147182 0.209947056176271 0.420330662657021 0.1488789396919
-0.218421336885888 0.409401814750666 0.495609799702951 -0.0599186579258939
0.203414178420746 0.371328221713054 0.291981388376057 -0.320449050216502
0.354060909177931 0.108686876486143 -0.0033682861787064 -0.30928179955705
0.31918694484455 -0.119613218390656 -0.0788544617534759 -0.194460894231754
0.176146643620531 -0.260346795035183 -0.0395072951673137 -0.129912033150707
0.0932229289807213 -0.256401701054881 0.00556354799687897 -0.0720847532845571
0.0751120716749809 -0.256885719099732 0.112073209209427 -0.0464452725144648
0.208124187936495 -0.228847874150857 0.203927293718619 0.0409702804390637
0.327500458174067 -0.0748241309781537 0.237331406243849 0.196887092355384
0.383015103440133 0.124860676087343 0.0527322250532787 0.356725393564552
0.116087227700193 0.402543453483078 -0.160144676493973 0.282381370811559
-0.274548825047499 0.374033558772961 -0.204225785190323 -0.0192199202799055
-0.467351215426484 0.196605326521037 0.128962314015228 -0.10687807219171
-0.345222709401316 -0.0788169383346766 0.46999704593022 -0.0717324694858833
-0.421507192972939 0.0755311995670652 0.485629181943279 0.149603259238669
-0.228229342674292 0.278448148675732 0.499237083893575 0.0292693104949426
0.115487877694061 0.301420439312928 0.347469246226183 -0.203535532641037
0.268217981033311 0.101803507837018 0.130876323936986 -0.264749377791351
0.251640133438889 -0.0820546985844262 0.0414934651746359 -0.246842437019663
0.14701453785769 -0.206125490199167 0.025536360391321 -0.218746095470741
0.0789650444970783 -0.212390006243782 0.0420222182172843 -0.163542625022296
0.0639228909121657 -0.215586620479944 0.144749820069361 -0.13473683431594
0.170702595332181 -0.189025372271279 0.251376071369693 -0.0387999788754022
0.274164037245636 -0.0607219215662634 0.299968590276488 0.147603361286078
0.312848695442023 0.130699540673327 0.10937776453311 0.339479371198282
0.0476337099805466 0.341061758052783 -0.109878512330038 0.278823559148804
-0.262943503184616 0.252221770517607 -0.151360266669492 -0.0252828057180441
-0.360515044502358 0.0733043138678641 0.249984109204058 -0.115165508470341
-0.139692434765222 -0.132130840427652 0.592236192567236 -0.0560308695800717
-0.236818934222316 -0.0480276408614558 0.505685581918145 0.134742194116008
-0.164222484021987 0.114214417819594 0.481222852927217 0.0800695225070233
0.0359547339984378 0.168307055039664 0.366094277069533 -0.131073012145526
0.142536195045236 0.0625750900854184 0.209078722061994 -0.236540645519304
0.141544052469415 -0.0385417400322517 0.11437498548645 -0.281295214334139
0.0917275516529631 -0.120188305063632 0.0660092439238608 -0.275627881638471
0.0524910850216227 -0.134236444644101 0.0696843206243024 -0.227711079821964
0.0473432504403834 -0.143693314171227 0.17096159334073 -0.198116235594011
0.118244077840972 -0.126360890106364 0.293790030886848 -0.0927527702446111
0.19775895675405 -0.037372076655148 0.349255094714221 0.122228614683526
0.209885960770743 0.128967820007987 0.144636591917253 0.335775546348015
-0.029526781108792 0.249311037456031 -0.0864346675877031 0.277139217503316
-0.224769841940153 0.106348213975082 -0.115628520374206 -0.0217323317423746
-0.211577487047091 -0.0592077018295255 0.327787655753966 -0.0901232475064499
0.0388047542555707 0.125824378140614 -0.385022852211437 0.127801395991961
0.137402261762806 -0.00717107348997755 0.113440004347943 0.128836466753618
0.0372974325692391 -0.113320731614794 0.135290876052287 -0.291856662592177
-0.092106229723936 -0.0631373225803741 -0.171077830161393 -0.402334760042614
-0.0802449294150246 0.0310712808175749 -0.429138097859739 -0.141343643997773
-0.0429100341097255 0.0462901542443689 -0.382190050408101 0.15086923843917
-0.0304506097873732 0.0573223009366318 -0.213531238473986 0.25724589184474
-0.0145495078668755 0.0426144853068702 -0.0909102924124608 0.282464646588326
-0.0333035265400294 0.0126618324733236 -0.0550626311344545 0.306481329894709
-0.0268276937513083 -0.0241071430152339 -0.100388077290219 0.3160620109206
-0.00633744432009199 -0.0237674771495405 -0.213820557849038 0.266801193264354
0.0265199651555584 -0.0436492130993894 -0.336866759844873 0.150019186752682
0.0832432721152187 0.0289522819452389 -0.443584721777937 -0.0464080010517511
0.0492836060378167 0.146108955906683 -0.509865112354725 -0.160643096552817
-0.0673519171154874 0.155965792142201 -0.603558547168263 0.0404510693254556
-0.135114893241725 0.194834304533856 -0.390435068257506 0.070551400233746
0.0322973776608585 0.147185329271437 0.11855694562956 0.132956488821557
0.0762181816506269 0.0331103954266443 0.176945386551934 -0.30269323185638
0.0440275440837502 -0.0105421479521271 -0.143512774272659 -0.447470610018125
0.0407664311779966 0.00558251273917455 -0.442947928399544 -0.181575355298798
0.0444137982884166 -0.0332747724843052 -0.397661540897744 0.122942803017071
0.00849680638081247 -0.0500000484733377 -0.222164358556827 0.238022334172469
0.0162944429976837 -0.0557718760225131 -0.0937302147868924 0.267998281562339
0.0171362925155164 -0.0853362781534859 -0.0374814956424273 0.289310723080564
0.0903984592601272 -0.0906600512530375 -0.0624568864038957 0.315977125081813
0.133770644426803 -0.000204616733610436 -0.167416148434969 0.300618391817812
0.133516276480174 0.0724403708248205 -0.309992957757284 0.215207159028045
0.0489731030866316 0.197171512544684 -0.426005498720757 0.0232509010700575
-0.130344173243054 0.265776468008285 -0.461079809925022 -0.108900972670702
-0.281935815426876 0.219835133413065 -0.515203948204365 0.0354091907365963
-0.31016030368822 0.213489032042755 -0.322035547518295 0.00580459352379939
-0.124759602975248 0.279210918157071 0.158558343237159 0.136555537950537
0.0675061813284654 0.206047601337937 0.25364035262699 -0.297659773497173
0.176427625902566 0.084160267427968 -0.0755864009192772 -0.488030960444307
0.176792541731311 -0.00261655532102991 -0.413071232278251 -0.238608092049387
0.146642940311324 -0.104183242120752 -0.38109821350352 0.0649552119705999
0.0580952702632301 -0.153289196760417 -0.210493885770842 0.180355817631448
0.0438322591379161 -0.14702890639619 -0.0844723352856991 0.215815636437121
0.0504197283198634 -0.170409349855911 -0.00398737473930503 0.233426789374003
0.171840868510436 -0.161738509061782 0.00824470219325273 0.283487394958348
0.247823507394501 -0.0175320024204523 -0.0662243648652592 0.320218329014293
0.258528833530226 0.124523341981466 -0.235354209790314 0.300799257059007
0.0819207708991934 0.331865268661497 -0.383911863750016 0.125807643674554
-0.226109260130524 0.38249409538249 -0.40049722209337 -0.0539600913147064
-0.430928510025126 0.282237867787738 -0.371641319567132 0.0183244446388385
-0.452043781699835 0.180838824209804 -0.174200557315656 -0.0525467588426879
-0.306100677976151 0.351388875150024 0.232597195120899 0.136285005273974
0.00118486902418727 0.365305150749209 0.350750426546813 -0.256917195822696
0.266539828241489 0.210527474764592 0.0359513131597418 -0.492983407286866
0.299498094228427 0.0159778118820007 -0.323473522332776 -0.292610454437399
0.243602517250151 -0.149175902898979 -0.321301721139451 -0.0176111958268014
0.109338938202924 -0.23302530628734 -0.174097003098996 0.0896520005331938
0.064746837450031 -0.218474769629027 -0.0624568624941195 0.133995550955717
0.0641208449098253 -0.230497601098872 0.036402665015742 0.149476757401088
0.209303268132803 -0.218489233332489 0.0857213758874806 0.216438606657876
0.317926889129859 -0.0571745406938916 0.0549493236228689 0.30150029076674
0.359556748390579 0.122003015807208 -0.123779026318131 0.357872322749303
0.139344292857514 0.405436422047198 -0.306893902582407 0.219078946674077
-0.254780156019951 0.455458649218774 -0.332877586468354 -0.0156136517240454
-0.502053045873704 0.31771938872713 -0.201769219960694 -0.0214166313072554
-0.517343266697433 0.105050300768225 0.0351210265911142 -0.0895628394938606
-0.451668516400401 0.334369711126194 0.327357278709502 0.133353073378542
-0.10801990772009 0.448164679688681 0.437224666531553 -0.177906073178146
0.278876403076283 0.318618448690979 0.167397290156189 -0.434579930819346
0.366772414284206 0.0541871381997503 -0.177567768721912 -0.31676026419153
0.304733969774582 -0.15777953647845 -0.214503815805208 -0.108532703044338
0.146512414743499 -0.273306165180033 -0.11674761504608 -0.0186712736031152
0.0760666852199292 -0.256766018161131 -0.031637456304914 0.0340529211137693
0.0642974657096319 -0.260707724924411 0.0740690499761771 0.0495511998250173
0.210912925968235 -0.245774787670985 0.152581335418904 0.126235605376644
0.337925201688649 -0.0881113835203765 0.164593232004945 0.247268311371928
0.402765529409875 0.103356138737603 -0.0125354364045975 0.369074070545841
0.166617278253596 0.418702220290023 -0.217264825462773 0.270513956918552
-0.252816950619715 0.454547312356241 -0.264341823074358 -0.00397048302854716
-0.503266201262245 0.29641107927593 -0.0331094379857464 -0.0703157661671909
-0.479961736413863 0.016567329554944 0.262991134099631 -0.0983938908739118
-0.495078395379745 0.233558090314918 0.42010616328391 0.132658905485299
-0.195526645516968 0.411363540337127 0.486301637794834 -0.0784009013290067
0.217156833087044 0.352781962922681 0.273384894141696 -0.326985892278548
0.352912782937691 0.0868551352640342 -0.0142135406547951 -0.299615298725885
0.304750361259733 -0.135449267375548 -0.0858428660431805 -0.188195911558819
0.155592801589836 -0.264320770694317 -0.0486468476213187 -0.127161261860945
0.0768618641531971 -0.255461048725317 0.00181220405697784 -0.0691271431194449
0.0586742949480259 -0.254610678508047 0.107842018484917 -0.0509772466310277
0.191123270557594 -0.236436082150093 0.203786680204497 0.0318981097881035
0.318419285212278 -0.0926200413126163 0.245006180066273 0.183410988498455
0.381088813031231 0.0993031253429758 0.0728206400936029 0.3515505436181
0.135391411042283 0.389474535150624 -0.143434416132024 0.283936849613965
-0.250469399710706 0.382247799388768 -0.203472889217223 -0.00936339639409878
-0.448986275659045 0.213910198036268 0.115563579017296 -0.112254770352891
-0.342842382504821 -0.0625284412093468 0.45849686627423 -0.0914733928563036
-0.410340295483515 0.0956664083494965 0.482892177471031 0.129119110292033
-0.213021601815987 0.284493028996984 0.493312515096362 0.00959089406806394
0.127688699900529 0.289856008721132 0.332884448248576 -0.213920060256335
0.267848156300289 0.084749554592028 0.119470339551678 -0.262929155909623
0.241810812406146 -0.094751468693128 0.0294043617674482 -0.246756031128683
0.13088201177206 -0.209598413533506 0.0105058253326431 -0.217547624520764
0.0653012830616422 -0.211667264743213 0.0317614406116507 -0.160396475994288
0.0505942499351555 -0.213682051826946 0.134369535290367 -0.138992169615646
0.157077855753192 -0.194542165557416 0.246360176094406 -0.0492754437799997
0.266949378740917 -0.0749053672738768 0.304019420389583 0.130993227032598
0.313075030982232 0.109377616914801 0.127246039902107 0.331034326743586
0.0643694277693509 0.332781160406359 -0.0944756200123946 0.27842918722538
-0.245745597162033 0.261202840159799 -0.152118947386663 -0.0171496990540214
-0.349818047845852 0.0876540538860822 0.234440516360619 -0.125939570718964
-0.143391031436033 -0.123590748688952 0.578610712527506 -0.0820322679762351
-0.234857492397711 -0.0359962803046597 0.500970992582615 0.113646416419711
-0.156655649470992 0.119573738895284 0.479623584731496 0.0584711536957408
0.0432471198903976 0.163545465275364 0.354746037208851 -0.143068212976205
0.141901463141488 0.0532540059136874 0.197436220187022 -0.2404364403535
0.136288105560812 -0.0450844760322151 0.0983764186971706 -0.285052384848815
0.082577926671695 -0.121674892523198 0.0469637550648103 -0.275058033882535
0.0448334639967627 -0.133985292463777 0.0545381353536498 -0.224046236582718
0.0382353158472204 -0.142659086542556 0.157036219022021 -0.200997819416327
0.109444594083244 -0.129585978964815 0.284672033734644 -0.105179840883914
0.192193375472021 -0.0479951181662801 0.350932436424346 0.10354801744624
0.212575535779979 0.113800261697453 0.161540985715105 0.324921486475409
-0.0160477544729019 0.245486036691645 -0.0704895978574755 0.275234991687709
-0.215871437846336 0.114470907517353 -0.117462653786873 -0.0160144707165393
-0.210383945116899 -0.0495240926913769 0.312024159841634 -0.106062127337322
0.043081664671302 0.124882811715338 -0.374435688540495 0.144549913897556
0.137625639876264 -0.0135054571828474 0.120836177233717 0.12534010074049
0.0329040913497455 -0.11346072300437 0.12141658177901 -0.293895685938842
-0.0941607409810609 -0.0583624409955294 -0.188570451215021 -0.392497354560093
-0.0768079840079703 0.0354312923457605 -0.432577083982612 -0.121088343859621
-0.0385325499422379 0.0490190520923301 -0.368854894232668 0.169039985460083
-0.0247223241414204 0.0582890489275449 -0.196969002514468 0.264968229384097
-0.0105222013873126 0.0426032824060631 -0.0744074292508648 0.283080989127063
-0.0320714170339156 0.0157582947195656 -0.0356035311702211 0.30756515707173
-0.028871939523923 -0.0219806492939265 -0.0822551950353902 0.321366581093073
-0.0065923861403054 -0.0230754787604752 -0.2003762800579 0.276055453499647
0.0244199853584485 -0.0435326096932179 -0.326642316216 0.161165474598579
0.0842110388726652 0.0260138586706478 -0.443730397079369 -0.0301464767080494
0.0571147194809462 0.142068168231665 -0.512401847283207 -0.137391255515121
-0.0601295295550006 0.157704423873513 -0.59509211014939 0.0685198133933246
-0.126063420441425 0.199623612418652 -0.381557618118221 0.0886912571501441
0.0409122742132821 0.144352293461303 0.126268635026408 0.130577157060729
0.0773969865470651 0.0288213385450077 0.161317579002327 -0.305648736328113
0.0423045943504053 -0.0136840395790043 -0.164513506597564 -0.437277364289238
0.0412212467409004 0.00311254350423565 -0.446894879818382 -0.159348202978662
0.0429042755124902 -0.0344619913131663 -0.386840642260815 0.143634179679585
0.00690131154970555 -0.0502070425660216 -0.207819121705564 0.246879181625072
0.0149696860342925 -0.0559823911474784 -0.0782277784810749 0.269261485976659
0.0121417989570459 -0.0841110153769282 -0.0199755280620883 0.288962999101565
0.0836198653280374 -0.0954409957547691 -0.0435210962662436 0.319400164871732
0.134091040009644 -0.00795294886248956 -0.152172663224758 0.307723125391049
0.136325662599646 0.0647964294231285 -0.297415704204448 0.225933757552594
0.0585314972330318 0.194141470880599 -0.424016502674398 0.038317681961179
-0.114765528723212 0.270181016115571 -0.461785180866219 -0.0881281630849183
-0.268432892327676 0.229222109133212 -0.507985869341685 0.059930899930864
-0.299113438507651 0.225374934130737 -0.315905620707787 0.0218002392752924
-0.109137187452804 0.282469455557828 0.166677491685278 0.132971665822466
0.0765726313414602 0.19993873674475 0.238323930748616 -0.303462023535779
0.176749810920936 0.0729402508289167 -0.0979968643758738 -0.480059870357368
0.175277260709824 -0.0117671434291487 -0.418886099615609 -0.217660201256962
0.13947364032478 -0.110138963890865 -0.371660645135837 0.0833170756084176
0.0489976807083414 -0.153953684253956 -0.199992180979382 0.18835256792451
0.036872029225313 -0.147231891580138 -0.0708042280129276 0.21718440928161
0.0399551563761228 -0.169405513787515 0.00909821300384569 0.23158758342453
0.159567166451137 -0.169571354465936 0.0250869931544108 0.283057163069367
0.246634745500483 -0.0317924465614575 -0.0505510338912257 0.323068403415063
0.262583756018833 0.109072342057824 -0.219140320052035 0.309660553775205
0.0979856593263272 0.325631252543943 -0.377066730973585 0.139560862320752
-0.206578129489415 0.391872460115922 -0.400247038675633 -0.0356015824846599
-0.411848104870327 0.299564262212784 -0.369013963448361 0.0354283834098203
-0.441555221591808 0.197098584482936 -0.172523846564927 -0.0424874033278061
-0.285568829580494 0.365261200700052 0.239529594389484 0.130470900266429
0.0155569905250326 0.361885832606687 0.338352080090837 -0.266740273813977
0.272735554405277 0.191891197561727 0.014223560254657 -0.489785050652457
0.296304996638069 -0.000525633133816482 -0.331299948523821 -0.27249102833341
0.232159885743738 -0.160348351973085 -0.316005484476352 -0.001911760777409
0.0944634205907478 -0.235470180983222 -0.169498968451026 0.0969278277063246
0.0523881183972807 -0.218260499126363 -0.0541354096750755 0.136010373801018
0.050549939986946 -0.229534914525191 0.0438161057340955 0.146337977022393
0.193669206348344 -0.228882146266855 0.0990076132171551 0.212802014857546
0.313690024686078 -0.074477076129048 0.070551502574342 0.297867465394246
0.362151398314018 0.101267918403601 -0.104773876039964 0.362329905705241
0.159026765938844 0.395525323500475 -0.29622261329697 0.228264176636652
-0.229778233924507 0.465105812171903 -0.331282641778176 -0.00178201759823851
-0.479836670586356 0.335224967600606 -0.204715282408545 -0.0110438054575527
-0.509266975254923 0.125337904522054 0.0327058031213015 -0.0877375664224347
-0.431431378655005 0.352944536848156 0.332396173232796 0.123925062077937
-0.087603175555581 0.447039387259971 0.427860257146173 -0.192849303897661
0.288868919586928 0.300113649838943 0.146607663680713 -0.437577243382903
0.365471257935282 0.0348741339501166 -0.18653805499176 -0.302126413693851
0.291660638787349 -0.172971898032354 -0.214734976036792 -0.0972712419811083
0.128247432753981 -0.277212539878506 -0.118249441378147 -0.0136061519279345
0.062690217092967 -0.256592038701492 -0.0286879079812455 0.036121125576718
0.0489477486768993 -0.258997096151873 0.0765851645958671 0.0453826024601805
0.194723713875338 -0.25525962921294 0.160106723307486 0.119456640148432
0.332223603062748 -0.106874164031169 0.176458209534403 0.238536011673539
0.402534840339089 0.0803178976035667 0.00731540126684875 0.368218430989061
0.185046885374589 0.406396358121143 -0.204000829649439 0.274398915534213
-0.227236351149476 0.464671357166154 -0.26316595099579 0.00732787751170905
-0.482843037695452 0.316293625677469 -0.041224728370112 -0.0684262813914683
-0.47565103495567 0.0353654419202572 0.256081817296854 -0.107860450819339
-0.47881869709299 0.254960419317727 0.421617937039915 0.118572241710976
-0.177221309925873 0.414818292724621 0.479372341207809 -0.0964280823209108
0.229701732362621 0.33747025929057 0.257496016094787 -0.335769166325451
0.352412728401076 0.0689719272893011 -0.0234712303119945 -0.291727291298545
0.293351541009168 -0.149555303598574 -0.0915541281221939 -0.183910388840138
0.137424221162168 -0.267904103092198 -0.0578523733456066 -0.124884382103661
0.0622502950783944 -0.254556620563959 -0.00153395942049682 -0.0672092106057588
0.0434226053394142 -0.252028969665226 0.103812961347482 -0.0552565388763217
0.175474395925191 -0.243511627150886 0.205975850379264 0.0235360266809027
0.311073436885477 -0.109540221756082 0.254164889713463 0.170083595901438
0.381586226303469 0.076259946143243 0.0903519924340549 0.34763662004003
0.15443013874354 0.379406548076719 -0.129098726155415 0.284908963862481
-0.229394273863433 0.392206378208337 -0.20362727735979 -0.00104196453847948
-0.432291494956687 0.230511664307249 0.104123423918868 -0.116475742667656
-0.343330419340522 -0.0475691494993286 0.450515796150908 -0.108633844553446
-0.402655953269323 0.114037126915193 0.483384788350293 0.112444086674541
-0.199492501971223 0.289465175770679 0.49015974186497 -0.00934306511423887
0.138815469331584 0.279794226356298 0.321715674919562 -0.226075029484083
0.268431113397774 0.0695288135556037 0.111403168592557 -0.262763651594496
0.232575004332563 -0.10581361864323 0.0187991010975099 -0.248625210419534
0.116764286035244 -0.212705375333795 -0.00425813823318105 -0.217116135742884
0.0533170672695873 -0.211605589291407 0.0224075822746866 -0.15742531438954
0.0376076250618143 -0.212641665365304 0.126073407946733 -0.143852809605304
0.144866291284288 -0.2000715711616 0.242726284056816 -0.0594308772325645
0.260271794045255 -0.0887284699586328 0.309090886478636 0.11520493090977
0.313218570713115 0.0903045367599521 0.144481630832364 0.324906403091569
0.0810363863362793 0.325559868683453 -0.0797695640290111 0.278519248802376
-0.231967873272547 0.270423753962342 -0.154264342255434 -0.0103544172053531
-0.342083789817727 0.101866649633282 0.220119403536693 -0.137008304805554
-0.146867440617597 -0.116844164690885 0.56933163606571 -0.105218320145819
-0.234389873103899 -0.0248616181098056 0.500731530726432 0.0957835916453632
-0.151323170835304 0.125595212131043 0.479451885815779 0.0389719796852091
0.0496399823109849 0.159009883525768 0.345725759648227 -0.15563785860944
0.142212296197448 0.0451032140713245 0.188235378001211 -0.245795857242641
0.131653916705737 -0.0512443802936566 0.0837784352902222 -0.290115577513788
0.0750477300563154 -0.12375374400313 0.0287631588635075 -0.275314629758824
0.037744184770754 -0.134358934953326 0.0419106257125978 -0.221431187390667
0.0299680690251181 -0.142389046315434 0.145129475667764 -0.205708412134534
0.102500467424759 -0.133416870820626 0.275963923570993 -0.116346695758128
0.186872487853397 -0.0567922710189347 0.35263773702196 0.0859382172946458
0.21472223137363 0.100572365602315 0.178862923108131 0.316896288548675
-0.00425122103237792 0.243584696004853 -0.0566515373185237 0.274745803897922
-0.209495103278813 0.122308026613475 -0.119643585001496 -0.0102432896592352
-0.210740936929415 -0.0414843873111203 0.298218583463132 -0.119304042714678
0.0215427199344446 0.124604286140427 -0.390341284149829 0.0866505318239238
0.131934981745983 0.0077651345446492 0.101542788244255 0.150891861410038
0.0527199959066122 -0.0995818082866841 0.170391620423061 -0.261586678597673
-0.0752017451921062 -0.0672365534514866 -0.121189690417175 -0.41493460622259
-0.0719270014398568 0.0209924392158667 -0.402338549066358 -0.186756742103341
-0.0406767754746764 0.0408310001032347 -0.386619665300018 0.106301228353179
-0.0300009056777112 0.0537175691037943 -0.239749595396729 0.229221030000395
-0.0146650586573789 0.0396310262610735 -0.118043256662022 0.261702228244478
-0.0331140136011547 0.010208711809512 -0.0834811015098263 0.294213770041683
-0.0237629746949005 -0.026076828190106 -0.133299609468123 0.298101551209011
-0.00141477948082379 -0.0240540999516576 -0.243041426579055 0.234877932298312
0.0331234307495822 -0.0344411063937801 -0.348060374602149 0.0947043023244453
0.0756871894728315 0.044018266221757 -0.433640778055691 -0.108325309956314
0.0275739526830597 0.151163701254368 -0.487799062090959 -0.222358289028641
-0.0870718213804556 0.142019467521226 -0.60861569889838 -0.0429235799274124
-0.152795374147224 0.166362848325079 -0.391354420259492 0.0292171934959455
0.0165687856458637 0.144833922233916 0.100430275858584 0.151837548334184
0.0725839412481857 0.043983172730077 0.206305560520182 -0.265212368709691
0.0466935835953158 -0.00444231884060204 -0.0913561761927319 -0.452985801100495
0.0469802671230734 0.00911756718887184 -0.410577479756698 -0.224361801362477
0.0507681449168515 -0.0269321854975361 -0.399862471070875 0.0797716969934966
0.0161406271828035 -0.0457455258886638 -0.245738091617428 0.208967046687418
0.0258454874006882 -0.0531101396967975 -0.1197550441582 0.247453434353806
0.0265480986537259 -0.0791942014620013 -0.0654953774533313 0.279149755464177
0.0981342527228926 -0.079120975057431 -0.0931041391102676 0.30311998671485
0.133254650507894 0.0149754586044868 -0.196075310337663 0.2758727561101
0.120509391979902 0.0895138926546022 -0.327359693237719 0.168713327012616
0.0185824982822705 0.204683157318714 -0.426173545175483 -0.0318535482034283
-0.163011988799421 0.246076416882645 -0.450486534823514 -0.166385154810718
-0.304003394933451 0.173683993284636 -0.522561484241602 -0.0338997710959012
-0.322786169653627 0.161327599608258 -0.316825898176197 -0.0267104036545831
-0.147330672003528 0.255665098829441 0.135835854682964 0.15472341562586
0.0430621692316907 0.208269023712676 0.276016124642118 -0.251230021855201
0.160205770236274 0.0986932112192221 -0.0198909998600682 -0.481004020724317
0.177345269967256 0.0162970902268775 -0.37540978728116 -0.273989790730549
0.155020451703579 -0.084876091884641 -0.37801625353518 0.0258525434817455
0.07186663293155 -0.139907448149173 -0.227628650707475 0.151977036409912
0.0617351729400071 -0.138868847422522 -0.105062168723212 0.199066210488748
0.0679536578816121 -0.15735102077049 -0.026562706787821 0.228048714142673
0.18237438229842 -0.139738494831027 -0.0185118908306253 0.279287607701515
0.248283853000665 0.0109232189686349 -0.0949338809126671 0.306900947135424
0.234041055901945 0.154225995935841 -0.260586383215223 0.267157251369021
0.0314437265588327 0.341304608294428 -0.394526088212897 0.0809893211054329
-0.274458894464979 0.348026145223426 -0.400975170566046 -0.104798641768836
-0.456645949015131 0.214140756219738 -0.380931331166174 -0.0313513571279719
-0.455823338781094 0.111743143562437 -0.167690799059645 -0.0670834279890881
-0.328725095452913 0.308254027417526 0.204182318595889 0.157768902185886
-0.0427984305995199 0.354508751285238 0.363013122190952 -0.200611250416378
0.230218888339847 0.227923142677126 0.0891820309723731 -0.469180224939689
0.291201004703375 0.0488576137900061 -0.283133032541317 -0.315207759330682
0.25145397941147 -0.119063429341459 -0.307503178995544 -0.048066963314646
0.126685325375464 -0.211691589288989 -0.181568207077221 0.0661177172033854
0.0884025212001611 -0.205434909935812 -0.0749501646649445 0.123679320891273
0.0874700776979406 -0.213071114792867 0.0206504453873825 0.150010097315528
0.224091212231396 -0.191235401615019 0.0668150855780189 0.223585754362553
0.320198005483875 -0.0195560816187942 0.0301138728878535 0.301420174932305
0.330997729579921 0.163080715830012 -0.154778638398405 0.339709187462794
0.0798295754389573 0.421597196526374 -0.326893603755562 0.183597306807196
-0.309483919449173 0.417478265218228 -0.340697987706362 -0.0584638486899374
-0.529108756071855 0.238624055070191 -0.208569623395788 -0.0462316279797594
-0.509861485456613 0.0336323603757161 0.0393169247661993 -0.0808068802483656
-0.468818370097194 0.27778897110935 0.296760439840685 0.161686434608322
-0.158290614476759 0.421483385621577 0.435676510599027 -0.116898818904986
0.227242154374025 0.333900061950661 0.208347450365242 -0.397438999336029
0.348629300717836 0.0950415797204601 -0.136980911781426 -0.320764419999485
0.310131840105989 -0.120448073636224 -0.193463620440939 -0.124598515818285
0.164398240048982 -0.246951458365114 -0.112837798730523 -0.0349496204737471
0.103632238607009 -0.241643096891386 -0.0337026434567105 0.0314020525503106
0.0906624466666804 -0.241139624709087 0.0688988484008998 0.0571152711392234
0.229077170323946 -0.215482041631581 0.142377162602829 0.143071167431838
0.342717722127084 -0.0476086893330755 0.144231466326575 0.25995908637874
0.374204838593221 0.148699363884139 -0.0435608213650542 0.36571557648196
0.103838522974627 0.436399440977907 -0.241756114165469 0.247383600925938
-0.306560818926172 0.414803124249684 -0.273554167784961 -0.0365511066925202
-0.527047379339218 0.220053269170926 -0.0337165746738928 -0.0745670675632279
-0.462443660561603 -0.0433519360986944 0.263144102851102 -0.0659749902643847
-0.499845383728902 0.176862526236513 0.388099243789247 0.170476468576093
-0.241651066269785 0.37702595644389 0.470688052563718 -0.0163195228670248
0.164059462084376 0.359850060774917 0.298686270805457 -0.279143727656934
0.329174801797015 0.124066686172077 0.0209782231505894 -0.285662616521258
0.306756916401679 -0.0962579677180023 -0.0590479403409386 -0.190574961331738
0.171407043748973 -0.23789866578239 -0.0349004390193519 -0.134105351069659
0.103497109922701 -0.240432731448239 0.0089834199423615 -0.0636086384159841
0.0847948159103215 -0.235364767570305 0.112023449676296 -0.0370902474867194
0.209563602928959 -0.207793877491181 0.201872428469133 0.0575328772674347
0.322209936090941 -0.0543688458856967 0.230399815603415 0.205765847537267
0.352542448905872 0.140317614186171 0.0414145811087476 0.35921302960461
0.0799350428830813 0.403285176279341 -0.169469487142705 0.268383048746052
-0.296955398797415 0.342575051967515 -0.211569602220325 -0.0350188444273787
-0.463945456367536 0.145547126873876 0.120786618490678 -0.0961576639832538
-0.325082758703553 -0.0999213141978295 0.454133536669563 -0.0360555550138739
-0.40711188535685 0.0546829890046814 0.453866530490618 0.175650479205488
-0.244000559761976 0.253698703412639 0.471947185512849 0.0683857062387407
0.0860465774981027 0.291461322546646 0.34498902909863 -0.163248618706047
0.246368810018643 0.112638703220408 0.148833426005899 -0.237909893918613
0.240724960911708 -0.0635164322122296 0.0586856007926148 -0.238227607563753
0.143188411105511 -0.187504004121995 0.0325091734435498 -0.215792305401497
0.0868462188165123 -0.199244738114336 0.0470109451773276 -0.146850824626593
0.0724529185259559 -0.197193635407108 0.14850634949881 -0.118266300598987
0.172100633161727 -0.170430151015198 0.249974536187926 -0.0162794691125053
0.268780034071219 -0.0421754037910067 0.291521379977529 0.162391325352734
0.285646901423945 0.140104635662386 0.0969674407565119 0.347044513535121
0.0173896866915392 0.335454529648664 -0.121571284738714 0.269413358528716
-0.275496053743798 0.222007696297156 -0.160453519718526 -0.0372665905081232
-0.351822360364674 0.0342063722177033 0.240887552147024 -0.0953743376568278
-0.125135954997275 -0.13059013809122 0.572577466062532 -0.0129926368938234
-0.225924140601337 -0.0536268842566629 0.476810648558556 0.168310203749498
-0.171677612891029 0.102414612581207 0.455778128461447 0.113797349414791
0.0194472595606435 0.163044556339841 0.359482836735158 -0.0924901970973343
0.128103388810213 0.0702922681500946 0.222543836501249 -0.209339433046096
0.133904112074687 -0.0253873521483664 0.12915718220453 -0.271798996955921
0.0893152589854328 -0.107309085887567 0.0742132087600809 -0.268129464165217
0.0588977640355213 -0.125695374377327 0.0765418085808415 -0.205723691767629
0.0527562694500523 -0.130911123460609 0.17582853094463 -0.17482314294447
0.120456126567886 -0.112045049194558 0.290286105366563 -0.0653387075666873
0.190994780726029 -0.0230760145415239 0.337707887808894 0.141238345704703
0.188955383376813 0.132610779094696 0.127911007311069 0.346639550413685
-0.0496255110480158 0.239613387917026 -0.101949862171279 0.268537113546131
-0.226566565180712 0.0811946295324486 -0.125284419697804 -0.032502073744974
-0.198388880153053 -0.0816123311017264 0.316844047014288 -0.0653534530357806
0.0259467235198538 0.122742340301651 -0.378273764270204 0.102532263300134
0.13122258720133 0.000670525820465048 0.109195956326646 0.146871231823838
0.0477752697585954 -0.0998911791666339 0.156591059976155 -0.262999744501831
-0.0771593836301691 -0.0618196138973823 -0.137729540945791 -0.401493805966818
-0.0683110021760333 0.0241148388886404 -0.403922491637291 -0.167101584538555
-0.0362862194351261 0.0420353917224959 -0.373591073314728 0.122445416774303
-0.024991783976108 0.0534321700356748 -0.221276710718887 0.23725528683151
-0.0105668336360542 0.0383617138602218 -0.101501131997202 0.260450084756049
-0.0307870151483879 0.0124770593009425 -0.0645826206113503 0.294173100661146
-0.0253634216036516 -0.0239472916227279 -0.114164372420341 0.300794061550323
-0.00135339767217313 -0.0240799956294572 -0.229157740401915 0.24280995895373
0.0308681530908558 -0.0357293711652847 -0.33803822070236 0.105506970840122
0.076741711349357 0.041429489144452 -0.431319842291041 -0.0911684893165552
0.0359292029149692 0.146344120388908 -0.484996818564913 -0.19884466734655
-0.0796744640998681 0.140914526860715 -0.595264912661599 -0.0151904032507433
-0.143399192873086 0.170067538364355 -0.381280632588283 0.0459975979926256
0.0246822946868475 0.140855226871721 0.10842699108092 0.148532150635255
0.0731301563835364 0.0385489788266915 0.191878812782413 -0.266512263975866
0.0442940968889371 -0.0076752518881763 -0.110202491246611 -0.439903970901592
0.0468408480936256 0.0061182919583549 -0.41143442562463 -0.2023890815403
0.0492167321964731 -0.0296070019316734 -0.385467146476148 0.0990906239240094
0.0144273592830885 -0.0453585856022471 -0.229329117096644 0.218015978926492
0.0243653135676962 -0.0539410612196314 -0.104814432395163 0.248447028711813
0.022521723704678 -0.0778668286642157 -0.0471307402061812 0.278405702507365
0.0902829113341152 -0.0828761808324409 -0.0737549474519463 0.304133173109271
0.133313423978202 0.00620485209269571 -0.180263826009447 0.281325017743717
0.123202234458095 0.0809356442732308 -0.313150727618604 0.179161077691284
0.0282932350389711 0.200761949435018 -0.421082052682098 -0.0179232538616528
-0.147462319767068 0.248491293324553 -0.447970765466695 -0.144718275480689
-0.290013268037211 0.180569610038353 -0.512926091188841 -0.00820265790601284
-0.311076343916997 0.172406980591362 -0.31034537011976 -0.0112302980912989
-0.130884235258474 0.257774487309767 0.143216665217014 0.150184960908852
0.0512524340029776 0.200989545667702 0.261157233297813 -0.255277484513776
0.159948191034002 0.088252070540117 -0.0422196349464158 -0.471613583025003
0.174844508472983 0.00693727529342009 -0.379651760509789 -0.25156287369826
0.147556315977526 -0.0911141294811894 -0.365529900760563 0.0434578467438382
0.0628169457712999 -0.140030070751604 -0.215432800695661 0.160789556017638
0.0552176357407038 -0.139357898954298 -0.0921506709025943 0.200240983827319
0.0586027444562482 -0.15580924407396 -0.0140053264321977 0.226092127839108
0.170371142804583 -0.147055906492321 -0.000889584369892716 0.277133908884748
0.244445735904707 -0.00300893811076439 -0.078133187085048 0.308045970142167
0.237018675320135 0.138242483965068 -0.242411187599691 0.273447230023827
0.0486913226875708 0.333616373440663 -0.384849300491762 0.0927477614505667
-0.252176213424078 0.354733184168429 -0.397065719426145 -0.085165117641824
-0.435381382598638 0.228274754420266 -0.376004473483634 -0.0132866747422579
-0.44196861529972 0.127248092793555 -0.165637115735972 -0.0572800730356924
-0.30819523952304 0.318265111707628 0.210341135580747 0.150859857190867
-0.0255380756149408 0.3487029657271 0.347213167156795 -0.210128284351237
0.234259271251321 0.2109947884894 0.0672965540574177 -0.463037563695306
0.287056961761988 0.0326296308721161 -0.288278649378715 -0.293119793987056
0.23927337874738 -0.129253266464275 -0.301440775630973 -0.0336798219093296
0.111803085796651 -0.212987828920691 -0.175636758160395 0.0737109249982875
0.077692138958196 -0.205062223353909 -0.0664802916632734 0.125061513224264
0.0755167110966906 -0.211981092765135 0.0279215839053575 0.147301631260281
0.208909276183141 -0.199199194962478 0.0797745827922809 0.217704398533032
0.31486716164282 -0.0372979867197 0.0442573713388469 0.295712390705977
0.331414195806019 0.141347089801373 -0.134962378391713 0.341064949320584
0.0986095617639075 0.408016124073026 -0.313140741400393 0.191603507304455
-0.284305021831597 0.423559545271931 -0.336157129854413 -0.0424531278437862
-0.505629198455974 0.255931402630244 -0.208907507796208 -0.0361373204520765
-0.497967249979683 0.0530085625211138 0.0373470317770929 -0.0797715887596563
-0.445550427727165 0.294216271646945 0.300771647073062 0.150285715513266
-0.138380671870638 0.420146032460482 0.421895365180568 -0.130990849047938
0.237726832486002 0.31515229066042 0.188500520439537 -0.398764616788684
0.345616707335175 0.0743823043502066 -0.144945217329942 -0.305062344897457
0.296386847936377 -0.135137430023579 -0.193298945728992 -0.114889292186688
0.146318262207701 -0.249783783105292 -0.114365214310448 -0.0292777400617375
0.0894769471085251 -0.241715886637599 -0.0311924574750755 0.0331933058587835
0.0760991000106192 -0.238466592519752 0.0700809729688739 0.0532256727867478
0.212381375678687 -0.224033846855668 0.149458811143635 0.135550488376513
0.333933150090656 -0.0650417070239731 0.154942684038449 0.249171474604722
0.372978736243393 0.123866227269453 -0.0235025604662051 0.362347928150711
0.123747048217799 0.422487790790452 -0.226175415422379 0.249867366265526
-0.281392468566923 0.42171034453208 -0.269985435721994 -0.0254096719624638
-0.505784819977389 0.235801566624793 -0.0402292444399172 -0.0707781399399209
-0.456754876311014 -0.025924260608564 0.256057305239656 -0.0742630930162091
-0.482998814462563 0.195664522051536 0.388914431219125 0.153180609386843
-0.22044092790602 0.381135268531926 0.461443783006896 -0.034321459391621
0.1766500133312 0.343836271444935 0.282925085771314 -0.28387699300798
0.328239886226515 0.104913719464392 0.01253092942711 -0.279063210883507
0.294136769649708 -0.110444763706671 -0.0651337460808465 -0.186853191585541
0.154051771130861 -0.240027473414776 -0.0435170804647259 -0.13042682339482
0.0886129213473435 -0.240396106456971 0.00615675224776833 -0.0610025779329287
0.0701831310823152 -0.232619403566071 0.107551516431814 -0.0408645374438127
0.19328093983741 -0.21319760551622 0.203534587834824 0.0483609395860816
0.312835150993512 -0.0710216501230692 0.237026558666826 0.190993752740504
0.350928849240343 0.118045297232209 0.06033942644833 0.352296373058625
0.097301320368137 0.390032767694943 -0.153835607016723 0.268087612372078
-0.273096921566077 0.350189091807759 -0.210790296162866 -0.0268754295237258
-0.444653928609974 0.15960173234072 0.108409143448127 -0.0992971697181649
-0.323399766196732 -0.085259465134469 0.444517612083175 -0.0535286996066726
-0.395953064407375 0.0713466212428229 0.452130814643729 0.157125304157766
-0.229105500622218 0.259714424797177 0.465755167909086 0.0482266999187665
0.0968178774778613 0.281021346059395 0.331640953867167 -0.171623240234732
0.245661648164156 0.0980627666886135 0.138979139975296 -0.23726661910191
0.231307396724767 -0.0737650552282906 0.0468340040526894 -0.240567800220079
0.129333604598036 -0.189424285456602 0.0183565133257283 -0.214553590581374
0.0748317506395572 -0.199638412832825 0.0398044402823349 -0.144496357202629
0.0599917471774039 -0.195133978807142 0.138902042671207 -0.12213327371551
0.159359618630948 -0.175040770048696 0.245880876824742 -0.0266867244104105
0.260415672640222 -0.0556012264741319 0.295546854418802 0.14546180239479
0.283958148288984 0.120200399931489 0.113761956058752 0.337378197601904
0.0332337518712662 0.328383379762648 -0.107246442679298 0.266800100156858
-0.259952655340175 0.229590838325129 -0.160907288849503 -0.0296182495997262
-0.342178766257592 0.0473766716819063 0.226123751147275 -0.104809525034644
-0.128117177818443 -0.123644230709959 0.560083721289922 -0.034951143600874
-0.224140900218742 -0.0420836500169239 0.473931745437636 0.147742251529943
-0.16448245671717 0.108773543112792 0.454123012237554 0.0930199114747368
0.0267705514541419 0.1588666638047 0.348845056404756 -0.102666864667149
0.12829096541976 0.0617158321719421 0.211853797181045 -0.213445495567411
0.1292907543169 -0.0312677525626095 0.113133132101087 -0.276364988715446
0.0818314984412251 -0.108066779243911 0.0560276567334367 -0.267717217722368
0.0513208181850125 -0.126123511925253 0.0644846500122787 -0.203171911504257
0.0449665055970373 -0.129918311522821 0.163917073850739 -0.178244520237558
0.112495779911947 -0.11531053129914 0.281504170032821 -0.0770602397172385
0.184844976937119 -0.0327326554052207 0.338298575678705 0.122052781015045
0.19112731633434 0.117762312680975 0.143803415749103 0.334270212050586
-0.037300403329111 0.236823430483804 -0.0873230391729562 0.265726171446746
-0.219014780332497 0.0892577067282365 -0.125943518542021 -0.0262737464148494
-0.198906842548276 -0.0729589481326408 0.302218907314805 -0.0791541115964125
0.028997971251254 0.121100426812697 -0.367421802063989 0.113635789707601
0.129434436598484 -0.0049643162916384 0.115284632320507 0.143429659150504
0.0443255386005985 -0.0999173553029122 0.147043215890572 -0.261333089186206
-0.0779659622737161 -0.0582096385376987 -0.150269917832074 -0.388429402997539
-0.0646784590921955 0.0249196153743958 -0.400646359039283 -0.151921739144944
-0.0325002648612093 0.0414626541607702 -0.358194870118179 0.132778272837971
-0.0211342655063266 0.0526318292545087 -0.205060530939098 0.240981605404845
-0.00760163755954777 0.0360424028981363 -0.0887143707729259 0.258073562541239
-0.0281812205147593 0.013776417434513 -0.0490399784917123 0.2897546866211
-0.0256850293741352 -0.0219122461263473 -0.0991816890470335 0.299770786994378
-0.00200157232245208 -0.0237469883234899 -0.217421739485713 0.246510806796603
0.0283745798399371 -0.036302061748594 -0.328545956966393 0.111299931004413
0.0772534822512348 0.0385428869750696 -0.426896595581383 -0.0778108254729905
0.0411920304587458 0.140570025335934 -0.479404854551205 -0.181888266866288
-0.0745386485457246 0.138721167203775 -0.579861310871765 0.00142854700132697
-0.135573507349456 0.171408020649719 -0.370742921858957 0.0580353163946161
0.0304411733523626 0.135814100414883 0.115145838763904 0.145375033638234
0.0726476404983723 0.0340557409642576 0.181063097480182 -0.264984125041852
0.0426162296233036 -0.00985281046884426 -0.123092454812049 -0.42848506738216
0.0466173003902162 0.00375366123110226 -0.408947024730208 -0.184698766368064
0.0476174358344368 -0.0314946733581007 -0.372398603755651 0.108388535137461
0.0127782847220468 -0.0447316003624859 -0.214461714197244 0.221997062632883
0.0226623764755027 -0.0548317628478315 -0.0923136364151113 0.246521178343358
0.0203644905904825 -0.0760511604309488 -0.0345920303932726 0.274621541061887
0.0841894814369476 -0.0848800681890551 -0.0589682188005382 0.301471089474819
0.131683542403704 0.000260208162220477 -0.167837474368644 0.283809467263892
0.123079526011407 0.0741165468986978 -0.301007117540052 0.183737395981486
0.0348462949432534 0.196212145634719 -0.413008905071931 -0.00586767830619409
-0.134625671366461 0.248157820271556 -0.441328681054537 -0.129243723852397
-0.27693687752965 0.183012064287599 -0.501246219683222 0.00684275134131332
-0.300296361498819 0.177832517771022 -0.302899884792943 -0.00042383798913801
-0.117912291070578 0.25641307186606 0.148612992863098 0.14621790081487
0.0558737607703031 0.193536459543169 0.248408320884736 -0.254865038549153
0.158339552628747 0.0791760402805504 -0.0550562715840448 -0.459558304198764
0.171046057490456 -0.00088859433041324 -0.376754299647696 -0.23378129879599
0.140707868296822 -0.0958920687082086 -0.354190815457634 0.0547944751163746
0.055888185488222 -0.138264939994273 -0.204110004966343 0.165106629277865
0.049477706717061 -0.138730066888328 -0.0816620251054447 0.199785497405209
0.0514636657176902 -0.153784676141164 -0.00395087977225192 0.22316018002748
0.159689378228023 -0.150593102131516 0.0129718076194966 0.272515123242432
0.240766013468687 -0.0143380136184591 -0.0664935676689768 0.305632166228701
0.236174978154065 0.12485749340619 -0.228093211364071 0.275738266597141
0.058838685895721 0.325416828589811 -0.375290339738684 0.0996984806294948
-0.234944683234688 0.356216699537857 -0.392100114657928 -0.0723590353973726
-0.418615284165561 0.232643692240297 -0.368362979490051 -0.00015248277454
-0.431160667413274 0.137997119938328 -0.162577316416083 -0.0506281695324393
-0.28848420099827 0.322746740410229 0.213967925945852 0.145324191936258
-0.0156575114731407 0.340990178293067 0.334142303187753 -0.212803933338587
0.235584233135772 0.19674630314832 0.0527222860849751 -0.454938970885545
0.28146091924599 0.0204185100530943 -0.287454463048771 -0.276740442322378
0.228612470560955 -0.136363855978901 -0.294079543720001 -0.0235751538822861
0.100353453508604 -0.211179839599492 -0.169861865067884 0.0785406537347553
0.0684419779014731 -0.203935478839657 -0.0592354784421008 0.125821279859745
0.0656039011496855 -0.208269508414519 0.033409014353978 0.14400799152981
0.195002393176985 -0.203166684709125 0.0895907227431742 0.211872995716996
0.307853814949481 -0.0506330233556694 0.0537437811127826 0.289066481897102
0.328778118556632 0.123502308400865 -0.118352896777237 0.339202164057465
0.112157284307921 0.396579735949176 -0.302390246919967 0.194418837478321
-0.263339273663894 0.42549867148996 -0.330758083677989 -0.0323674732850492
-0.484653954633492 0.261230968157527 -0.208492300041921 -0.0275145988568483
-0.488486238827169 0.0662749892770418 0.0354372620538471 -0.0778363411965338
-0.424889860355207 0.304972497571068 0.301012789692159 0.14201854076695
-0.1221940644432 0.414419569370869 0.410067219341002 -0.137206453393684
0.240999973077404 0.298998735421489 0.17291869394777 -0.39345329773908
0.339997850346435 0.0594079099902464 -0.146406676363558 -0.291995462051937
0.284076630087328 -0.142264594432465 -0.191141049772276 -0.108833771685015
0.131369353619663 -0.247635358393861 -0.114637886226756 -0.0251072179063521
0.0778459002853072 -0.240011070186231 -0.0283109033407698 0.0342471379154244
0.0654532704775876 -0.233949744733671 0.0703264246200661 0.050990823810005
0.19702666287786 -0.225905883650461 0.154944932739591 0.127864222569452
0.325947656183372 -0.0795332482087578 0.161203912944706 0.238815363682088
0.366236277258254 0.104432794982724 -0.00873349558172989 0.356444682102621
0.136498135021159 0.407774973879027 -0.214690664437585 0.248314988915307
-0.261103758990867 0.424688730811717 -0.265599631690962 -0.0179869168071015
-0.485428326592015 0.241388885129782 -0.0453064318583663 -0.0670464799579546
-0.44899505953255 -0.0122965627704134 0.249299711443073 -0.078016472317368
-0.465221608269861 0.209887243733387 0.386241776827003 0.143084914494928
-0.205662504319666 0.380923387066193 0.451245678316091 -0.0445782240870613
0.183988912497391 0.329285743485497 0.267730086696175 -0.284749415746298
0.323420026969333 0.0893191405593608 0.00811075792141304 -0.272031952095146
0.282263996217432 -0.118907917541746 -0.0699316552403295 -0.184570504099243
0.139116996265387 -0.239030200029391 -0.0506942255198674 -0.127515577908733
0.0771457004549196 -0.238121047654434 0.00494341882110431 -0.0596391950439593
0.059878334811031 -0.227724139012336 0.103060284437738 -0.0426176438543439
0.179096253331411 -0.215226377713958 0.20305285471839 0.0407347784698004
0.303754370062198 -0.0821609526479116 0.239337347659428 0.179319744824553
0.344036679724988 0.098225389520618 0.0736884969613904 0.344665736414069
0.108992152789038 0.378040994317318 -0.142031853143546 0.264211369594772
-0.256413241496891 0.352026655068759 -0.208069232759992 -0.0193852041838788
-0.430702477409216 0.16790810381812 0.0986661490817526 -0.10003261232959
-0.320482762255642 -0.0739437260089235 0.433426910681034 -0.0634544116580066
-0.385251744020482 0.0851707004565479 0.446800169932197 0.143283508314749
-0.216276602720356 0.263448498346405 0.456382192987111 0.0352833007198574
0.103386156628242 0.272043476973731 0.319026032433475 -0.174050287234165
0.242951437289634 0.0862510068295999 0.13371625146804 -0.235399952997845
0.223058676634886 -0.0804553112810591 0.0370921284197345 -0.240720622158963
0.11798280816448 -0.188758504590435 0.00571976939460181 -0.211545626961833
0.0649201234308906 -0.197690575536895 0.0340274754187407 -0.141223930088359
0.0512194240646108 -0.190976543524728 0.130757533778079 -0.123309658492355
0.148522444282787 -0.176334433614169 0.240795780874633 -0.0339585684380517
0.252406774901759 -0.0652296144031548 0.294436559492093 0.132310653914002
0.279745984967682 0.105526717116027 0.124737402628228 0.328334663648816
0.0447893223875168 0.318864793929948 -0.0960310406690017 0.261979184838423
-0.245554568619441 0.234223658721302 -0.160116949412394 -0.0240969577089694
-0.3323662714701 0.0544968543602834 0.212627690653519 -0.109149743372329
-0.129646790464052 -0.118165915822586 0.547794517345792 -0.048427091208278
-0.220665858655032 -0.0333109186084438 0.468192081852956 0.132890169036363
-0.157046093544915 0.113856037057263 0.446269721898853 0.0798770368302921
0.0315962673875594 0.154243587418285 0.338263203104622 -0.107080131225583
0.126881509644536 0.0549582440758567 0.20412288296373 -0.215106214652133
0.124655680535292 -0.0342335760384383 0.0983825957800557 -0.279169110118056
0.0752523252497567 -0.108133853512694 0.0412315643326901 -0.265204667251646
0.0448025439104679 -0.126268610479939 0.0560778236142122 -0.199603608673863
0.0395494914665125 -0.126834043546886 0.153325508958839 -0.179552385862845
0.105329287709619 -0.116782793629847 0.272668177948816 -0.0845251040070035
0.1788909051782 -0.0392449060377922 0.33558108530261 0.106883744302717
0.188821739615479 0.107858389071022 0.154459573287383 0.322489676921946
-0.0272843949295309 0.231868122341234 -0.0764373225898135 0.260412628618907
-0.212049633618981 0.0933441370969776 -0.126737433353539 -0.0215207754284175
-0.197064232014286 -0.0659948305431717 0.288157135853137 -0.0876828711381534
0.0307226621440848 0.120887880820645 -0.360117959770004 0.121014667009992
0.128324149557864 -0.00935599511466031 0.120784227455238 0.142064057310398
0.0420088245198358 -0.100420430236837 0.141888478674662 -0.26069548168071
-0.0784089361000613 -0.0555489378374715 -0.156717677102685 -0.38088616498778
-0.0630485698362628 0.0256304610926121 -0.401417851195768 -0.143179977368565
-0.0299282618380622 0.0409293499840477 -0.349094915842215 0.138427810849069
-0.018228558238827 0.0519982381900852 -0.192751878404933 0.24181118062487
-0.00532562942623274 0.0341910953491643 -0.0812664518958824 0.256337985328326
-0.0259655500445505 0.0143076869138055 -0.0386285784104945 0.288165256587974
-0.0260127231846804 -0.0205920656618777 -0.0899822132303905 0.299350950161008
-0.00227938545871292 -0.023440438859185 -0.210948630340049 0.249959688170837
0.0270693970743935 -0.0361932608490418 -0.32229399222631 0.112589168786268
0.0783899508598443 0.0376045410977845 -0.42543379754311 -0.0737579761446622
0.0440787233760035 0.136639675501693 -0.474795219137317 -0.172490272395061
-0.0726433763373423 0.136238999196029 -0.569158653856482 0.0103464414279848
-0.131501520977356 0.173131839622507 -0.36472804919373 0.0654914711326898
0.0338807423365081 0.132249326896204 0.120980563289196 0.144494522287533
0.0724085491569918 0.031556366472221 0.17499978224902 -0.263691360540981
0.0408383678945758 -0.011802579909397 -0.129782272359487 -0.419084041017274
0.0465231497242679 0.00152692147646448 -0.407894075592676 -0.175682355689629
0.0463831264737473 -0.0330269378993447 -0.362512385617172 0.115326321677407
0.0120707965646806 -0.0444511058357554 -0.204178068825394 0.224346979094575
0.0218194288745485 -0.0560339979899836 -0.0838377490380819 0.245675326199846
0.0187429784505713 -0.075723956991601 -0.0242586334780509 0.273073419607165
0.0804495844162758 -0.0858165768904795 -0.0486383019507953 0.300474857594301
0.130648462747213 -0.00383539933817045 -0.160208109328833 0.285300075232893
0.123002062423893 0.0691590394175405 -0.29399421127733 0.185569536297108
0.0394908634592136 0.193349301036225 -0.410099768854077 -0.0016390570543264
-0.127663139500032 0.245874973584636 -0.437993401541033 -0.121971803266174
-0.270899090241331 0.182069609270819 -0.492631039261575 0.0158303551424955
-0.295044266775825 0.180184306666103 -0.29883603961973 0.00547897474645854
-0.109806173977781 0.254985925863583 0.153904287086934 0.145500326837278
0.0581139594470577 0.188528887103619 0.242901980849007 -0.253618845777569
0.155943965078069 0.0731672395468741 -0.0637115730561725 -0.45366391752683
0.169031554871586 -0.00535638001842919 -0.374871123160948 -0.224158137866501
0.136598595996753 -0.0985746445398757 -0.347222687879963 0.0604069859895636
0.0517680432589195 -0.137274752044696 -0.197099459812147 0.168046069225162
0.0455472937785849 -0.139136501807142 -0.0750323186004949 0.199655299207864
0.0474059638210857 -0.152594827659464 0.00372691958104916 0.222162872675735
0.153293306534617 -0.152236783522203 0.0221686602027145 0.270173390608669
0.238827068540918 -0.0220285849937836 -0.059302414316205 0.30545626975947
0.234393258016108 0.115768383244975 -0.218677178127723 0.276351239400452
0.0663973388329799 0.320168745102236 -0.371165069352854 0.10316510192616
-0.222414382322215 0.357088863990693 -0.387048587599073 -0.0666008127173893
-0.408924581761807 0.233119369822459 -0.364665586273071 0.00679944061297237
-0.424881467704991 0.141527037245621 -0.15970402361096 -0.0459356086711085
-0.27797009597947 0.324354091758059 0.217797729623907 0.143836054866696
-0.0100412032600882 0.33607464746746 0.327226870838921 -0.212559426366649
0.234379460603849 0.187902012646866 0.0427738949453799 -0.449442762222919
0.277801721955906 0.0128560415204706 -0.285133330890165 -0.266517552972757
0.221868672020338 -0.140148279887524 -0.289545282409368 -0.0187898304716518
0.0922316808241804 -0.210368488511623 -0.166334025749137 0.0808736787022055
0.0623463268479221 -0.203466221049796 -0.0543010742459599 0.125914270484429
0.0594678540584374 -0.205839021570121 0.037442684808942 0.142696257586222
0.185848546492464 -0.204910186434169 0.0978061565675783 0.207195494741944
0.303094617014479 -0.0598132861399305 0.0599801571616636 0.286566674755695
0.324398048086238 0.112105870321259 -0.108032392625043 0.337598316768026
0.12008229295918 0.388612436319246 -0.296265574575064 0.194111778330683
-0.250837556399974 0.426233651795056 -0.327150113861593 -0.0276034000709505
-0.473131006104473 0.262713473731412 -0.208181041387718 -0.0226425455436422
-0.482708728099632 0.0723839987564902 0.0348936386319757 -0.0762209227825324
-0.412618201376751 0.310493728509041 0.302826451502607 0.139173936401785
-0.114124599792862 0.412456629294769 0.403932940485179 -0.138522919776142
0.243617191310249 0.289754666884697 0.163738808611969 -0.390156767562415
0.336584559598025 0.051721223162551 -0.145440187646254 -0.285500358353363
0.275704308504686 -0.147803209116865 -0.191510451020109 -0.106359863461676
0.122223504854253 -0.246551934756295 -0.115792062463657 -0.0228917467219618
0.0701887643403144 -0.238993555865483 -0.0260503306530892 0.0350486138653799
0.0589860263206964 -0.230945856427607 0.0702973562982225 0.0497259753694415
0.187549948145514 -0.226840071941394 0.159349241581447 0.123051558062044
0.320054541443144 -0.0877064934416668 0.164642038624064 0.233443795228942
0.361778208751965 0.0926340197377222 0.00141211661506208 0.353486119258168
0.144090996241641 0.398978606362166 -0.208712049402372 0.246385915378707
-0.248747297933737 0.424736434721089 -0.263403084922903 -0.0137434386587851
-0.472983807949396 0.24455404426206 -0.0496928615723687 -0.0643048462481855
-0.444858931718264 -0.00633924439889544 0.245849927632278 -0.0801342293836453
-0.45353073786217 0.217224848494467 0.385056925769125 0.138265113885182
-0.195930151143824 0.380067190449355 0.445489804818756 -0.0483664610302814
0.186404269162393 0.321184506777911 0.26133492783911 -0.284109760181172
0.320715077830484 0.0800832194344221 0.00831085679676774 -0.268053170137673
0.27518265516402 -0.124115487855016 -0.0738097743927268 -0.183954770280276
0.129540846805672 -0.238212178407454 -0.0560581084003567 -0.125872000586442
0.0684621784518004 -0.23694578408755 0.00396762445400293 -0.0588759479290658
0.0529708649212435 -0.223949945695158 0.100446208190839 -0.0435138928618693
0.170341859233568 -0.215533242157393 0.204480410251156 0.0361237381508038
0.297192945137259 -0.0898159310077168 0.240971140378585 0.172338007295249
0.339894480604757 0.087129070652872 0.0827344114848968 0.33883636053251
0.11601402243569 0.369608627126592 -0.136857912823573 0.260843047572095
-0.24558558434241 0.351590095824147 -0.207065768324289 -0.0164084226399438
-0.419911603901844 0.169586042093695 0.091137765537268 -0.100158613545733
-0.317050900320784 -0.069471936142897 0.427229401875604 -0.0684161648289337
-0.376922062617859 0.0917412561123198 0.444621259743466 0.139186695076036
-0.209061087553515 0.264848682400489 0.452180477163916 0.0314615594431933
0.107782283423061 0.265275715690888 0.314046904234571 -0.17531140636743
0.241502542633396 0.078850068314603 0.131918015008329 -0.234119101617732
0.217828009677355 -0.0842804027382156 0.0289576291553529 -0.242552551714368
0.111305851894405 -0.188104101875615 -0.0031112124944256 -0.210334491876601
0.0579868029377949 -0.196454245866417 0.0308126048117755 -0.140075901815815
0.0458926354838195 -0.188072042927611 0.125925152357994 -0.123466607769201
0.141557129580375 -0.176838723483057 0.238224262970146 -0.0386188479915441
0.246751596063584 -0.0714732609592875 0.293766609126289 0.123793350763143
0.275211459977935 0.0950614037710695 0.133531694094663 0.321382265287132
0.0511650176542228 0.311717330396921 -0.0906469257679936 0.258536797388343
-0.238988665107231 0.234425739986134 -0.159970168663958 -0.019978889263323
-0.326752505553776 0.0579414225992958 0.202693263356355 -0.111703189926235
-0.130611159757308 -0.115610291933564 0.539894436238201 -0.0551574598940898
-0.217609997964507 -0.028266396489149 0.462133002758249 0.125551466232822
-0.152370194399176 0.116400306027817 0.442361305559333 0.0732575137629924
0.0344957831083163 0.15148240483458 0.333872512656403 -0.109086568738711
0.126508506809173 0.0511959784101663 0.200841069737408 -0.216696726911415
0.122456359482937 -0.0357635974785664 0.0879943669906168 -0.280483112483622
0.0716065643015665 -0.10794201395495 0.0301975189586759 -0.264152972323707
0.0400414693583778 -0.125492981679753 0.0503389859581396 -0.198164472867304
0.0349303806029907 -0.125872944098859 0.146482374939032 -0.178931477716031
0.101202421720544 -0.117396689145266 0.267471116417225 -0.0894991968780875
0.17474894751361 -0.0434319918367265 0.332989855777564 0.0978909117828756
0.186676679949287 0.0995287017178109 0.161366992095859 0.315142743433322
-0.0219037329302101 0.228856228408591 -0.0713824443794758 0.256436418500439
-0.207608770962995 0.0951810086768902 -0.127685832455877 -0.019100675125516
-0.196284118054111 -0.0620087453072486 0.278001442539652 -0.0923702422909427
0.0334453498531178 0.122725804581758 -0.360597591860382 0.128855605721789
0.128376225286348 -0.0127323012527176 0.129026623751731 0.142782501726362
0.0407518318557065 -0.102203322006225 0.140612378781098 -0.263887595916532
-0.0801572323045366 -0.0544830833060892 -0.164094810702066 -0.381278876751647
-0.0627617719489414 0.0258376053234331 -0.40898343664763 -0.138773822245399
-0.0289483526956379 0.0403985503563894 -0.346814423193041 0.14564525998705
-0.0162675987777307 0.0514474430018577 -0.18540164197959 0.246213216229064
-0.00435918277747853 0.0330870294380466 -0.0752206978693356 0.259743813999943
-0.0249270946164776 0.0146383042306691 -0.0294660078648152 0.290883013479485
-0.0265562810145913 -0.0195012124553817 -0.0829678244416323 0.304080877872708
-0.00235739812876386 -0.0234614349880813 -0.208319439972586 0.255963353892403
0.0261624577905715 -0.0362650529977108 -0.323823017279728 0.114171117497119
0.0803701974027174 0.0371027615052461 -0.430075167300333 -0.0724418819928577
0.0475480839926392 0.135332979321188 -0.477846883723164 -0.169496642228019
-0.0737139447814399 0.136425634917501 -0.56811862658708 0.0166946764697795
-0.130350260578722 0.176563813328071 -0.365834759275209 0.0716332424409127
0.0370432269428361 0.131262739751345 0.128315207447669 0.145604280040205
0.0730890699101199 0.0289941838081755 0.174530898461597 -0.266253463674605
0.039226330626291 -0.0127061877143285 -0.138886904534663 -0.419326745794579
0.0467698719678825 -0.000249926684778828 -0.413589190229945 -0.171368446890261
0.045952460890621 -0.0350222736156531 -0.361508598726392 0.121822567377714
0.0115945905678559 -0.0452809623452917 -0.198638785697825 0.229661723255642
0.0215611209162902 -0.0580799838454889 -0.0783964396642415 0.248963479581033
0.0177457921918282 -0.0765315185442048 -0.0153957396960162 0.275867689747827
0.0787168313473813 -0.0879990058148746 -0.0398748534902335 0.304357891481095
0.131627578711007 -0.00793375938427138 -0.156622575885355 0.291912505792026
0.123865497805198 0.0668478664617614 -0.292470333112904 0.188530039604021
0.0434613371495994 0.193965343732108 -0.415664623343956 0.000368643825422033
-0.122784450466306 0.24960168569643 -0.440962916529295 -0.118968047128246
-0.271848388132044 0.183167046394109 -0.494345657297039 0.0227064620204795
-0.295242795689766 0.184956411622779 -0.299368384808252 0.0103439643960281
-0.1045457300074 0.256999948696338 0.161215809554816 0.146940952744298
0.0603005618602775 0.187948036162374 0.241554072127276 -0.256402980482552
0.156732696736062 0.0697759683781958 -0.0707118461666421 -0.454829207684282
0.169504411543948 -0.00973343037198479 -0.379715371042935 -0.219635120899835
0.134679113738764 -0.103332889094207 -0.347076807865722 0.0656761344063749
0.0485629873127267 -0.138396994804177 -0.194166314703235 0.172879257004204
0.0430450518037943 -0.141793643277686 -0.0700792767338586 0.201886073745928
0.0448805837039076 -0.154082910553437 0.0100992400321545 0.224331775345942
0.150113930700483 -0.156111758102344 0.030668121172998 0.272029446366228
0.240701971784624 -0.0289496133988443 -0.0543683822975999 0.310901584817726
0.237029478712251 0.111083456296664 -0.21385287987931 0.280101497552279
0.0722338719763144 0.321644631879776 -0.37503901430389 0.104977656422042
-0.218382596913009 0.362193552838676 -0.391216425989556 -0.0636152892463509
-0.408864544073255 0.236119605227414 -0.366641076309127 0.0132137731057532
-0.427374076134079 0.147946642906307 -0.159856322565163 -0.0432801773588648
-0.271329296578318 0.331784882846962 0.225296506042889 0.144360175480404
-0.00548097569387409 0.338251966627837 0.327865291903619 -0.214221355825421
0.237348544150663 0.18421627924619 0.037550808561331 -0.453733591397866
0.27942462718861 0.00714689934032507 -0.288328985282904 -0.266525134000962
0.219219288777561 -0.146791711309237 -0.291828603599847 -0.0160399446512145
0.0875884773510124 -0.211773216888413 -0.166942979516215 0.0844634843395767
0.0578015968678082 -0.207063806802069 -0.0507506413497301 0.127951022494966
0.0554954275895516 -0.207257354545515 0.0417727245862923 0.145195306856497
0.181511470740761 -0.209532471252384 0.105775754034054 0.206349229613083
0.304743673916955 -0.0686410386359471 0.0661660957059147 0.289157031804726
0.32692135776869 0.104543736996673 -0.100895719635089 0.341414860766757
0.128474900990106 0.388997405939784 -0.297654366968114 0.196221721769112
-0.246136059756928 0.432391492167872 -0.329632259197235 -0.0256560146149256
-0.472898073222483 0.265463702076334 -0.211057353428121 -0.0181911959195552
-0.48561774507787 0.077853855644451 0.0357060980375465 -0.076264555968475
-0.407569272404795 0.317591003383963 0.309438038341268 0.139899810839499
-0.10939051113158 0.416978651133128 0.404995731004673 -0.140916128226112
0.24721008113559 0.286432564915215 0.161163233111877 -0.393089513566004
0.338376472554387 0.0436774620477043 -0.146632439522413 -0.285201112188739
0.273648972658391 -0.154635345102743 -0.193988670745207 -0.106424998973419
0.11577640197514 -0.248934496871841 -0.119341956739884 -0.0217399270231632
0.0644871030485925 -0.241334824582581 -0.0242902845015557 0.0357290474825506
0.0539378803668435 -0.232325297777434 0.0721953551835913 0.050732274025707
0.182707958707208 -0.231819345064447 0.166367408189831 0.120533492283189
0.319536025053459 -0.0974499849203111 0.170713813471563 0.233583543249735
0.36248931542034 0.083394961341811 0.0104301249517754 0.355117877029898
0.152265216959928 0.398957486576774 -0.208018138799353 0.247924188074713
-0.24327129184868 0.430408232930116 -0.266173808885269 -0.0115308413700817
-0.473224416686054 0.247597590190442 -0.0536724335084962 -0.0629554869467878
-0.450581466105455 -0.000608026933805442 0.24835872202635 -0.0820077140755601
-0.451383512148479 0.225257427331221 0.391427250237506 0.137134804877145
-0.191075600710081 0.384978724607287 0.448711689811629 -0.0505269355217397
0.192385446910293 0.31943463436016 0.260550861046762 -0.287961080151131
0.323498472649593 0.0748378351274826 0.00863939783509573 -0.270275666314347
0.274362245641817 -0.130414885988374 -0.0787926982370227 -0.187104464817387
0.124354092372269 -0.240806417057366 -0.0626698910424724 -0.126571699551114
0.0619032099392653 -0.239026034931998 0.00364505127095342 -0.0589835631548403
0.0487864685083565 -0.225436862010323 0.0994180357472176 -0.0434251596000259
0.166233091863121 -0.219893434792251 0.208866218470442 0.0322471227833789
0.296919732086503 -0.0981371864944431 0.245562217730429 0.169138659818901
0.340333786618407 0.0789096037835252 0.0916949227731384 0.340024441241813
0.123298593615825 0.36883552527046 -0.134994965331567 0.26135630146046
-0.242083859301877 0.358187270820176 -0.208797959633872 -0.0142280654386643
-0.419750672867366 0.173480089002315 0.0861924241064995 -0.100771064271377
-0.321972099130905 -0.0668747662535983 0.431059990251696 -0.0714092565798946
-0.377485259898796 0.0977083225743072 0.449705121331053 0.136227034523656
-0.204709716096765 0.270437043337915 0.456593122205574 0.0286657564645802
0.11262976697502 0.264529891008963 0.315105782248353 -0.177348387845955
0.243983261208314 0.0740487301689548 0.133160112260006 -0.238289043533546
0.217656438150676 -0.0882523403159738 0.0221255426569382 -0.247247897769115
0.107268370508279 -0.189946593979044 -0.0121122899363981 -0.21215578156158
0.0524432918000551 -0.198719026084393 0.0277048271913509 -0.141103304960446
0.0424960435514351 -0.188847975254571 0.123953149969905 -0.124971009025859
0.138344607388248 -0.179758185431205 0.240971339660879 -0.0428297194774033
0.245458923964697 -0.0780898958135176 0.296920627719418 0.119439811784346
0.276032519710746 0.0891462151238484 0.141632990201769 0.320736451156937
0.0574723756916391 0.313109254375861 -0.0886654342321777 0.258439171859303
-0.235945045032739 0.23894544342811 -0.162294362128038 -0.0189348733967902
-0.327641882981607 0.0613323073301895 0.197812638484883 -0.114508702266193
-0.134170219945495 -0.115006691411493 0.542878337050509 -0.061352749798052
-0.218351705208358 -0.0252572664383994 0.46661848289388 0.124288037141863
-0.15016222776537 0.120314156916779 0.447761949412079 0.069056953349208
0.0379818907532693 0.151315206667166 0.33578841542196 -0.110403670847243
0.12808269443699 0.0488281919310971 0.202666496670336 -0.220832019968336
0.123266237908327 -0.0379994126994614 0.0806908169539969 -0.286191692591085
0.0695652136776746 -0.109376143018886 0.0204203329879189 -0.266006707803366
0.036259742911585 -0.127054117633388 0.0468425907376149 -0.198880993824083
0.0330886009280062 -0.126005958150726 0.144336556105982 -0.181684226822755
0.0992615518045796 -0.119915128477258 0.267648193138126 -0.0944971605451277
0.173024453651508 -0.0464370002339996 0.336823725846116 0.0931990102249644
0.187595987703459 0.0963693435514676 0.168601419716773 0.314004636919575
-0.0177817605979661 0.230698125098821 -0.0695313599049418 0.257283848802204
-0.208189250472581 0.0985967142719247 -0.129836883085241 -0.0171669448655138
-0.197831529164054 -0.0604555340976816 0.272914708705787 -0.0973848321137757
0.0992694168896218 0.0844348427137979 -0.196985518578864 0.326818386549104
0.0941335459230335 -0.0872524977837046 0.200552591498957 0.0269520088557196
-0.0304055179978615 -0.108984690298512 -0.0521209234037548 -0.305573547288985
-0.0979597691049145 0.0049813542783369 -0.377334677006551 -0.202894769569645
-0.0345738327297154 0.0599108276233227 -0.413718249344547 0.148648305116976
0.00249132259083656 0.0500194428895838 -0.184322728869693 0.335137690974351
0.0217433313834521 0.0492926832366927 0.0109413545980957 0.3149908331361
0.0175218505861077 0.0283979184667463 0.105826439553103 0.253480842140862
-0.00921309324061431 0.0279061614832724 0.164515149836327 0.249309612523845
-0.0322491823835069 0.00184047563220804 0.128230647733913 0.298777902795684
-0.0163456791572395 -0.0155663130041543 -0.00320272335019206 0.338643636316699
-0.00220448794781742 -0.042433441886465 -0.191149810796278 0.296884261416245
0.0879253197233733 -0.0180826140398759 -0.395252651138036 0.218124781117389
0.120399149360668 0.080694940677533 -0.4991075904873 0.178873569595991
0.0186381262766927 0.164500055689757 -0.455025626728431 0.378386132624034
-0.00551023456881955 0.224149138246852 -0.231208256592659 0.295577031204183
0.10694235879776 0.0803191436761817 0.204881970594845 0.0374547719945556
0.0741035437095111 -0.0229793845646331 -0.0188442597356546 -0.324326408000966
0.0198861490117326 -0.0324336012139415 -0.376018879836467 -0.253719182331216
0.036374603099989 -0.0272469042349159 -0.438519405767463 0.121423272917035
0.015597286330104 -0.0558714047897701 -0.210584480571378 0.323245964336334
-0.0162812179275611 -0.0432257631870569 -0.0115887420108319 0.309960875915768
-0.0201590030111628 -0.0606361472110019 0.0971279617145026 0.247992546211581
-0.0331360297633001 -0.072150170436396 0.167272112959708 0.229135571901262
0.00813203624100643 -0.121135346091805 0.163512207364379 0.271462941318426
0.103407954115714 -0.0906076608472733 0.0606952462616537 0.333217956538745
0.144424457571843 -0.0198175651808523 -0.118009490548151 0.335931932275016
0.160525020828024 0.137985346895406 -0.336495701885674 0.265321416468003
0.0558670188446059 0.28707972943189 -0.441043400372013 0.191969594964319
-0.114888987766594 0.332173022378848 -0.388146528082485 0.32544377235098
-0.136473735244588 0.326784575365764 -0.215295786151429 0.214600563079149
0.0696292277977566 0.263713843786781 0.232145155438412 0.0260662701355175
0.159938943946355 0.11214105594233 0.0492984227687756 -0.354162146086362
0.160298442159867 -0.0369215823120634 -0.336209902229314 -0.327520065334412
0.128892610777696 -0.108523369675209 -0.440807430798437 0.0575692585160452
0.0440790787030078 -0.163951246118482 -0.232680955126485 0.26580654909778
-0.0461254724647733 -0.138738893611053 -0.046355133911562 0.260585575307884
-0.055669778430963 -0.140985715349462 0.0746639929287304 0.205290336210576
-0.0607559442135526 -0.152203671273868 0.156754889635052 0.172789185306639
0.0214101039474561 -0.222687859536744 0.200576866796292 0.199724241076768
0.178017604445668 -0.179282301551563 0.154370067216463 0.281891385247534
0.265639116270662 -0.0566824090109208 0.00391259218508857 0.359689197523668
0.2698693186848 0.226064180699262 -0.237653052398805 0.32100364477609
0.0538027984713758 0.443449363142087 -0.367759699407561 0.200264318180879
-0.192955725124682 0.464328344103922 -0.288700244037562 0.227673147163474
-0.26780689436418 0.373459545249026 -0.138070737339293 0.0937755482488584
-0.0185750948117201 0.41967519001627 0.278907749275627 -0.00841555948512336
0.196831642050508 0.27303440563254 0.15054307705372 -0.369093196987393
0.292377981448802 0.00640603791320566 -0.240495785439609 -0.394860318400406
0.225929849600847 -0.16229428224389 -0.392950990970662 -0.0387309240078259
0.0841575727436783 -0.250779291041905 -0.239153470041995 0.163667118246599
-0.0619059290765288 -0.219546110235413 -0.0832168948263038 0.172050329241177
-0.0854612835822331 -0.202047785928553 0.0424763792525778 0.133664940978428
-0.0868657124753066 -0.202221064940892 0.131635629382744 0.0903631802961862
0.0129281356512523 -0.286324417455879 0.219925819960422 0.0991385126161583
0.204259845989046 -0.254372599789389 0.235096297912569 0.187770078616616
0.335229483694921 -0.12035012406349 0.134829092230562 0.337325268035937
0.363130307166845 0.246427801271054 -0.116923472340875 0.344993410275503
0.0800019683476414 0.521168871341579 -0.296691859682178 0.190206200328365
-0.223409852159061 0.530829600595445 -0.183967227803659 0.0989318208257776
-0.357070966350743 0.348445252201706 -0.00655058345288961 -0.0514580126633027
-0.133866675274101 0.490202701019641 0.338267580097881 -0.060959804687673
0.16348841561863 0.398651333514825 0.259907497942553 -0.350190316580106
0.361982488082327 0.0793965137532191 -0.0976123099376795 -0.422541141719918
0.294753353582547 -0.169287502327715 -0.289863641022651 -0.144596671215486
0.121521612703574 -0.290311240735292 -0.218096293599904 0.0296199542540023
-0.0631072121682503 -0.266165433725279 -0.115378258468997 0.056482714574912
-0.102085088835839 -0.233033334349262 0.00463196101693576 0.0437183612570203
-0.103635826841507 -0.221493199447053 0.0956801945382774 -0.00384233960507549
-0.000137164465985641 -0.305035522957939 0.21398596181009 -0.00931039230629106
0.198437077201278 -0.288082119872733 0.28258656446859 0.0762502452556809
0.351752939633474 -0.1606075657811 0.233582892182172 0.277124960771083
0.39226642199391 0.237672994841993 -0.01309819736083 0.328178161978545
0.081889498779426 0.51657488277653 -0.237078039533253 0.159253500432375
-0.230642631678227 0.514646678685579 -0.0862172838672659 -0.0394442517552148
-0.373300298028775 0.261672272221802 0.152584534632547 -0.190475644675004
-0.222414864380094 0.441250315777563 0.396981372681045 -0.114895406113064
0.0788151565059041 0.423528466654543 0.346875924434946 -0.298963922764805
0.338282921727442 0.138548200898871 0.051118368980048 -0.395283902544542
0.300865611571164 -0.135219061267864 -0.154140396412828 -0.228547197333184
0.137427247683046 -0.27206395064637 -0.178344998620592 -0.106887405356562
-0.0523316606113788 -0.26406783591999 -0.137528261900348 -0.0628221355032175
-0.102495930090156 -0.230042700958699 -0.0338773624329178 -0.0482514601984707
-0.103523133013362 -0.212506804284145 0.0561819781994577 -0.0967231474831226
-0.00642177571541706 -0.283885225120486 0.192234125081174 -0.10753877218103
0.178429988368362 -0.273206355141939 0.301476290137584 -0.0224973912492524
0.330863471226532 -0.150164041963581 0.289650587291342 0.212336734021454
0.349084469969145 0.230598004528806 0.0552388880022361 0.29154204298323
0.034732868680062 0.45413235216877 -0.190246951626485 0.120498264504671
-0.234186863108345 0.41848691307007 0.00350427244416004 -0.157740611821598
-0.305230539712182 0.130846459341569 0.300724754059081 -0.304551274613097
-0.239913526545413 0.296198630362167 0.438715955875108 -0.157994910146407
0.000993278093065214 0.337465267155284 0.396090471406705 -0.243494734913126
0.244001924787285 0.141555887367921 0.160633011342685 -0.338641024169069
0.237652174015272 -0.0885692701820584 -0.0353396779002271 -0.279624201822121
0.118005842728654 -0.204235205811045 -0.137136192628838 -0.215942841745949
-0.0350454683498785 -0.214240856705332 -0.151278460090808 -0.163677058532397
-0.084393519276039 -0.191396504988301 -0.06646992546302 -0.129274413367399
-0.0858774635513931 -0.17999415130618 0.0225160292383257 -0.176578966803146
-0.00385732827069114 -0.234314591459649 0.168971207892624 -0.187013135844546
0.150946593010909 -0.222919242814043 0.310083781552577 -0.0944884287627932
0.28412622675464 -0.101580794254554 0.317581563111573 0.16477971574239
0.256248473366787 0.226718667730483 0.0911363064323391 0.259209661041189
-0.0389348240442992 0.352497205087878 -0.152465522185638 0.0863988369101822
-0.230024232573533 0.263440684034578 0.0874887592829973 -0.235142336277284
-0.177119169750743 -0.0185542268013047 0.39156133989998 -0.376584569328512
-0.186962731927645 0.105570782479738 0.44460973452218 -0.185021436032046
-0.0445077616744678 0.183768513836345 0.408373479624962 -0.209762378059009
0.119578522390289 0.0948500739906141 0.214043287027304 -0.297397669209332
0.129650289027284 -0.0391336084028048 0.0284950269475326 -0.306285714460588
0.0753044092378252 -0.10498964919228 -0.117159837516394 -0.281634605922955
-0.014322048136182 -0.127725828006605 -0.15991626717398 -0.225982758148809
-0.0520556145334007 -0.124273783227435 -0.0886889298124733 -0.18749384406754
-0.0538483103403833 -0.124293246229075 0.00115815302237268 -0.23587025866604
0.00356418200664774 -0.161938488100919 0.157767090563831 -0.244759714140625
0.112467020104323 -0.150862572330998 0.325285403379741 -0.140644090493565
0.216599371521182 -0.0400322008959192 0.335512824918895 0.141948669667411
0.139358673124474 0.207180831981396 0.10700836948764 0.245759141596337
-0.108836036328594 0.218520812107414 -0.120773978539789 0.0679607902889879
-0.201337061370896 0.07889858409775 0.161689508415589 -0.262578073535149
0.108242553308362 0.0812564904726014 -0.184065020958618 0.349380027820409
0.0915301312470482 -0.0949246316167015 0.213866636725275 0.0157007036043734
-0.0371188681153779 -0.11044474808142 -0.0680143837377693 -0.311086877663208
-0.100586598364157 0.0111275060750344 -0.398839285496849 -0.187049470138985
-0.032864273563855 0.0641682827762766 -0.420800968772093 0.176042605614077
0.00533783426195817 0.0511421020489274 -0.170100072950655 0.353771301777836
0.0253250173741508 0.0487602595981756 0.0308603342280349 0.319375676107773
0.0185070157078363 0.0271488725188836 0.124411011811912 0.251257253899162
-0.00718626473115981 0.0283350356701879 0.186071692195087 0.243041116031522
-0.0328468821996086 0.00383855141453905 0.150896960551732 0.299423397023003
-0.0171491538707213 -0.0149696527691087 0.0150174204417738 0.350351769814976
-0.00433518284734253 -0.0423910127546424 -0.185895587894148 0.313300127421063
0.0904368931120479 -0.0242662637479521 -0.399149126058103 0.246228773425414
0.126332271239379 0.0747661543149757 -0.503918581809694 0.206672639409824
0.0243189210834961 0.169786271492293 -0.446964606345153 0.407231582246888
0.00619846752164868 0.230382705679358 -0.221687803924573 0.316697581148285
0.11407275180768 0.0760672444668567 0.217285902780598 0.0255095484712599
0.0740535678286329 -0.0271633590021129 -0.0332447872696906 -0.333115442943549
0.0171643838565555 -0.0338610318831069 -0.399718293643901 -0.240542415251107
0.0349211226006214 -0.0303496992583217 -0.445566360931509 0.1495628080872
0.0114553405000748 -0.058307507481464 -0.198024812222933 0.341024066043913
-0.0190371834393792 -0.0432874275068297 0.00606981348808371 0.31619904402616
-0.0251690485097379 -0.0620440081629623 0.116000624322817 0.246206989371706
-0.0381283713551921 -0.0720860509197794 0.188155754750264 0.223410432374807
0.00137180694212948 -0.125294120604384 0.185495756960839 0.269194126926084
0.100464142973667 -0.100197125781748 0.0829509369375147 0.341143507289742
0.146406110875618 -0.02740827798166 -0.107189226437324 0.349530265550644
0.174271790461161 0.132373230364493 -0.33719460292146 0.289987050988457
0.0723272648351014 0.290478253095942 -0.441958379419313 0.21774024304946
-0.106120052695622 0.347658764317033 -0.382093091052197 0.351839243836315
-0.126606746299368 0.343998766096872 -0.208252427294302 0.233146417760467
0.0864300247969496 0.26547457064307 0.244652571158869 0.0126655249236971
0.169052071086329 0.107553766405467 0.0371713047488645 -0.366179885657821
0.161679277716501 -0.0455094666505006 -0.363236706578697 -0.318925823482491
0.124991493506023 -0.119564089790694 -0.449574698966956 0.0829827648006416
0.0340781773861021 -0.171119628599856 -0.224478193165333 0.285089279648435
-0.0548426920619689 -0.138426221790318 -0.03205872663799 0.270322226001959
-0.0667891329031626 -0.141768665547176 0.089921838487385 0.205252166561778
-0.0715923145085373 -0.152193084489864 0.17525226923202 0.166718791641694
0.0084385765785051 -0.230248172855982 0.220110164043103 0.191528142976187
0.170998834363481 -0.19585740828399 0.176843107069126 0.283693898118466
0.268776027581501 -0.0726826334455391 0.0223757048560666 0.367396069858381
0.290627155748209 0.217069726926681 -0.231786443248603 0.343221143640177
0.0789633779728923 0.45234619876965 -0.368290783790562 0.22341895823204
-0.180178548815434 0.48689133563726 -0.284621621689902 0.249298962314276
-0.258632984698342 0.398282573990388 -0.136234349003303 0.103757791523343
0.0045137239400759 0.431832782028708 0.290815682648695 -0.0245008165435402
0.216185035126706 0.271380111398569 0.139639943983223 -0.385225074427649
0.299435953579679 -0.00895129575633187 -0.269482218111229 -0.393704460053616
0.222057526360804 -0.17937789573875 -0.406012356079929 -0.0203288417863075
0.0708521704785437 -0.262822462765954 -0.238440968655924 0.180283635662221
-0.0765483217707879 -0.219629990715238 -0.0763372274043737 0.182862788315005
-0.100443071451693 -0.201790478307136 0.0518208441011154 0.133984938483553
-0.100959323950917 -0.201841536132977 0.144737254597869 0.0845572402064957
-0.00481997159372392 -0.294973600670224 0.233326943325242 0.0860656578883212
0.193239401202877 -0.274719101856959 0.255102330037883 0.181330176035166
0.335672127698821 -0.141223574297886 0.157061105865536 0.336569311202555
0.388050519614971 0.23269707329053 -0.107600898735509 0.361225139283272
0.111749130241483 0.530634273427752 -0.296877678016203 0.209290703098727
-0.20661551486618 0.554242675040479 -0.184619402804649 0.112084582450088
-0.352900082346681 0.377588667459138 -0.00838402776534796 -0.0528213369898316
-0.111467057303438 0.510110978168363 0.34845472785474 -0.0808577104593747
0.188432594582467 0.400997270242083 0.25240557780105 -0.371358218977138
0.375210924822091 0.0640031013171097 -0.122890543101975 -0.429945416055441
0.293260793407667 -0.190572141687391 -0.303849118310193 -0.136172965400077
0.107855872742569 -0.30633493422933 -0.225120127367283 0.0418612066919
-0.0801637595048215 -0.266829934857765 -0.117027788923456 0.0672579487927052
-0.119312860215338 -0.232619492374796 0.00792899424857767 0.0441310132751971
-0.118960998802941 -0.219573602606696 0.101588512709745 -0.0100416589335704
-0.0193313841952369 -0.31253893847322 0.221644022434937 -0.0249600885928274
0.185729741575931 -0.308514745645909 0.297118517046981 0.0639147706919396
0.349380440983739 -0.183785529507952 0.256419342102315 0.269734316845677
0.417429893951377 0.220855374318429 3.15533926305059E-05 0.337625411003595
0.111063764600267 0.526401840350062 -0.236616273438868 0.175297228211103
-0.216598813333322 0.538772238782833 -0.0905682455188041 -0.0338182892418521
-0.373246112452135 0.288928893386485 0.148705034200784 -0.20429870166243
-0.205557143089754 0.464212572447113 0.404742737762453 -0.138251751203836
0.103631297603398 0.430090015137759 0.345630421827216 -0.324898375324114
0.355323801917086 0.124710190325798 0.0337486347943116 -0.408461183334012
0.300700804535824 -0.157760838074885 -0.169131927770049 -0.22996357350324
0.125013744172632 -0.288375401417258 -0.19154066055255 -0.100683237225708
-0.0688473363520029 -0.266521485679008 -0.147621699676097 -0.0531681562461905
-0.118965750017449 -0.228409738852804 -0.0376259468109209 -0.0484255613775042
-0.117955330205765 -0.211000250759843 0.054858792357444 -0.10217847756181
-0.0237065324074025 -0.290843420069261 0.192356248829216 -0.124244154141941
0.165948376386706 -0.291279507756285 0.31073577133559 -0.0385660378405649
0.327440445229655 -0.171583544617523 0.310856038859661 0.199942091599388
0.37059454017965 0.215513483977292 0.0690291654298633 0.295678253641129
0.0603801913291761 0.464677861905924 -0.191454802367916 0.132443252566609
-0.222869057864911 0.438641047201083 -0.00590172123056584 -0.158508364188767
-0.31042861671757 0.151542559477742 0.294772518716462 -0.328927692030667
-0.230003123915472 0.317415323808437 0.444356394641098 -0.184001561421216
0.0180495241164533 0.346067464396467 0.397877906578404 -0.268965085160217
0.258673316116893 0.131554129397296 0.151310588894984 -0.355856388706146
0.237950134045141 -0.105454661474735 -0.0477515521902097 -0.288457146043263
0.10967185322381 -0.217695076495498 -0.15603286095847 -0.214821806345993
-0.0483814785336451 -0.216573891869607 -0.167941042600156 -0.154735584024576
-0.0988618726249102 -0.189733015605097 -0.0762713797767128 -0.128799465752687
-0.0981487964449807 -0.178148022240623 0.0148895516688419 -0.18236799524032
-0.0171383871654971 -0.2396443427294 0.164502409195073 -0.203958691019728
0.141157884527271 -0.237246440940378 0.315308651547024 -0.113457536117946
0.284028445268408 -0.118959760644874 0.337411302461151 0.150589352988762
0.275846850272137 0.218031115502977 0.104929809058881 0.261197433913537
-0.0214695937443127 0.365817500677457 -0.153408933957232 0.096635700969854
-0.225690941532136 0.281296676573808 0.0756321719570438 -0.2423087058568
-0.18473724963182 -0.00920226548143724 0.386022297500703 -0.40747119903329
-0.186365099279763 0.119141588681048 0.446323254524095 -0.210583276903233
-0.0351230703504283 0.190316863236634 0.41098583979358 -0.23547518532658
0.128021582049114 0.0896651770060013 0.209426207896059 -0.315199858265476
0.130228044272388 -0.0482429329863711 0.0166257584453092 -0.319261272062845
0.0717629842979746 -0.113699211173351 -0.138935741913377 -0.281838243654156
-0.0218803525825248 -0.129482228637284 -0.179711438709224 -0.21944874532932
-0.0612947555776074 -0.124006967929453 -0.102500337284148 -0.185829524652404
-0.0616921332546575 -0.123289627769039 -0.0103700452643227 -0.24193523444551
-0.005819843049484 -0.165883276694009 0.149264895861779 -0.259881568254652
0.106658788127691 -0.159641748770523 0.327419356623041 -0.161203551644944
0.218477138011211 -0.0523319275370615 0.35301762756848 0.12693369549423
0.15445979995987 0.20426888559442 0.121126782967003 0.246837390379027
-0.101544710255616 0.229915067250018 -0.122639911628119 0.0768250887992499
-0.204506084478373 0.0905322668693684 0.150206237598663 -0.274939437402585
0.116167217739495 0.0744780657987865 -0.155909638474814 0.367410801292552
0.0840751410493641 -0.102844566303492 0.221965824265185 -0.00397084348604536
-0.0456839192964353 -0.108982235221014 -0.0892234041124171 -0.310577438240508
-0.100866925848074 0.0201451371014701 -0.416273562353236 -0.15819405686413
-0.028832109464876 0.0677194995498763 -0.413718463037538 0.212055634922528
0.00910963019860143 0.0513685278493251 -0.144649798568509 0.369040612144051
0.0299316400371984 0.0457327245223907 0.0564546548729009 0.316393168034909
0.0202600109399767 0.0247868884149292 0.145860059313843 0.242046264366885
-0.00460910736288366 0.02841072692723 0.208089886260218 0.227505954602765
-0.0328717418200135 0.00660675764980979 0.178081249928493 0.291545372685665
-0.0177869842821473 -0.0141753488647828 0.0426956372408884 0.353231138194919
-0.00767845190827839 -0.0417367322093586 -0.169930535524173 0.328177530445555
0.0899151642350197 -0.0325022764626698 -0.391041809646048 0.279037553807537
0.131446662394771 0.0648438731931849 -0.492617595818842 0.242109038352924
0.0346973261162842 0.173339547606385 -0.42407560842025 0.438782626052773
0.0229833090357225 0.232817671709744 -0.198085040295917 0.338407073640128
0.120151848171559 0.0674007929083752 0.227061720307854 0.00672365529103978
0.0720583866133302 -0.0326637094238108 -0.0546427825181894 -0.334690973848417
0.014078555995686 -0.0342357767973405 -0.421663690481789 -0.213111282634144
0.0320996575073848 -0.0330555109870241 -0.440743341065837 0.186230321075168
0.00631869180173582 -0.0594034188267815 -0.173425807169464 0.359740116223797
-0.02187926232811 -0.0419627223028028 0.0319365365766963 0.31576009042521
-0.0310001684057027 -0.0606691412609349 0.136429676321767 0.237124238559759
-0.0443932468592517 -0.0700148219233522 0.210216070623961 0.207673239521249
-0.00949523751892264 -0.126609519011953 0.211409849107164 0.256373928932839
0.0928340854309581 -0.109901271072937 0.111025657053841 0.340327986945075
0.14454761562449 -0.0389522475271829 -0.0857135189516187 0.359100138312299
0.185371726149412 0.119652560930105 -0.324813799418365 0.319080088049241
0.0938222386115943 0.287083999652014 -0.431552685352818 0.248941257734263
-0.0866756265122321 0.360957543633175 -0.360097066176448 0.379892572488863
-0.103938385599005 0.357900419716267 -0.192105507462574 0.251590964855076
0.105775927314962 0.261137322488092 0.253191543953667 -0.00746032199384621
0.177759067533503 0.0968654016429222 0.0154426230306962 -0.371994117799431
0.158791651262732 -0.0568593677034821 -0.390831109308993 -0.295445892485181
0.11577888389626 -0.130708652905294 -0.449298100412384 0.116999654846178
0.0196871922660788 -0.175134644649871 -0.20557992421869 0.304326805747696
-0.0660574436734961 -0.134121557217532 -0.0112257180484097 0.275006664359972
-0.0789643347253591 -0.137524223176782 0.107788158510325 0.198091968479066
-0.0844860097510251 -0.146314614772409 0.192938846573251 0.151542665282643
-0.0108504058373903 -0.233078612363669 0.239603720638373 0.174532032556669
0.15627732581857 -0.212515566712785 0.202619410864808 0.274359714557636
0.263615229824489 -0.0929129251191707 0.0481852084186775 0.367064636746242
0.31031213755013 0.195580177017362 -0.213770972785461 0.364297844518673
0.114762866248327 0.450598199711271 -0.356624218451965 0.249955889259399
-0.151239112511568 0.505134532683173 -0.271575691407866 0.271369000433056
-0.235396062147348 0.423592599524581 -0.128666717766227 0.114067796519233
0.0365545830798553 0.43547174263954 0.295592457003564 -0.0476435262386772
0.237571420472429 0.259340465291062 0.120449455143389 -0.397363207091484
0.299962372768268 -0.0307168914498908 -0.299183849214128 -0.379245828439222
0.20955828197336 -0.199349056068223 -0.411083873276181 0.0100130312510749
0.0492930671069406 -0.271033530552405 -0.227803154339235 0.200004565922478
-0.0935835620310017 -0.213918911057262 -0.06422425153609 0.192053089956287
-0.117982667272973 -0.194693277854762 0.0633884100668815 0.129110491579781
-0.117567419807231 -0.193086238204438 0.156188791444161 0.071300028321297
-0.0294466175416431 -0.29605940537339 0.244393395409407 0.066623990461339
0.17265222640722 -0.293230381882154 0.273872381579876 0.166286915613207
0.326332530501487 -0.168139923492415 0.183109502274066 0.325694356654323
0.409092430700528 0.204371470206077 -0.0854673745400863 0.373093600555244
0.152284785767275 0.528136247325363 -0.286376743325137 0.231095997514011
-0.174997045573516 0.574922537915483 -0.178478483041549 0.127305756783592
-0.331737321823084 0.409395047911767 -0.0109193879722038 -0.0536997584211065
-0.0729751563942875 0.523812074287381 0.347802099101145 -0.107911664570375
0.219511452429859 0.39193455264436 0.233987816866401 -0.392139730720982
0.383836753444775 0.0356023661833537 -0.151904833499613 -0.425249753737158
0.280096944414017 -0.216649728680507 -0.317282428052634 -0.116704888338843
0.0837716332558612 -0.318735726913924 -0.226179871273974 0.0590314483640886
-0.101758889469167 -0.260125884619912 -0.114533811059531 0.0801597369989713
-0.139945265720162 -0.223553827812798 0.0113703563145252 0.0428614620344264
-0.136484367976129 -0.209084296015037 0.105146342638669 -0.0195234985330584
-0.0439501316546307 -0.313171965532592 0.22203321966695 -0.0456906410348151
0.16192053091453 -0.326317290578535 0.30717294189958 0.0428853084090699
0.336382405583003 -0.210343209898018 0.279972637995467 0.25059230602688
0.437860076366318 0.190067846527351 0.0207361056093184 0.341695474827736
0.153805454792078 0.523085483304375 -0.229254555788036 0.192430266386565
-0.18507970447399 0.557849626563554 -0.0947964851493854 -0.0257515446810716
-0.358072312505404 0.320925186310771 0.13738061206581 -0.218373176918777
-0.171720921825757 0.484954280224024 0.399429159910183 -0.169898877694154
0.136335536054475 0.427955723525899 0.331342145782793 -0.349678468345598
0.367814967669775 0.0977177613750216 0.00741504850705107 -0.415971356436457
0.290580691391137 -0.184680483166621 -0.185985616405424 -0.223214399631138
0.102237390719482 -0.3020647616258 -0.203388590533311 -0.0867415940114574
-0.0899269298912933 -0.26021713466872 -0.15473685676916 -0.0379199678153892
-0.138598497676304 -0.218947205222269 -0.0416210769335133 -0.0460342761671108
-0.134341741200715 -0.201005421115564 0.0500637758570542 -0.108440013505652
-0.046645308849235 -0.290729617147363 0.185084890861994 -0.142741064969619
0.142890754291889 -0.306893570557056 0.312844446991372 -0.0609232176088376
0.315278494981305 -0.196223367798918 0.33059700531492 0.17673161390015
0.391499497547918 0.188344102512799 0.0877061891968244 0.294406334228606
0.0953117750339575 0.465300945622844 -0.185695609097101 0.147630807005764
-0.197267788256083 0.457851480972252 -0.0185142956143647 -0.15705869335176
-0.303299127039671 0.176658264215204 0.275321194616757 -0.353631308728427
-0.209213766091828 0.336085641729004 0.434596242634988 -0.215195191337446
0.0450211035028543 0.347680757247661 0.386392829433698 -0.298887100582347
0.270581135070229 0.112699430972839 0.131526984703627 -0.369411984878266
0.231379844410471 -0.125989231080296 -0.0674920194195694 -0.291158765324291
0.0932017901509116 -0.229849957076603 -0.175625243689787 -0.204694174632627
-0.0660787401632185 -0.212391068129647 -0.183189411927415 -0.138413610214966
-0.115195944550306 -0.181837982401802 -0.0873811212984064 -0.123350173954867
-0.111947400614906 -0.169920648078616 0.00305954997353407 -0.18498708621067
-0.0363132403703166 -0.239776483155429 0.150817590961064 -0.219797878563781
0.123664853621213 -0.249328304882238 0.311985715734051 -0.137214008311702
0.274827479805517 -0.140914824866234 0.35320661197504 0.125470530980825
0.294824180528177 0.197301765048739 0.121975809806692 0.255810996974435
0.00498172091616933 0.370444941483809 -0.150199495083529 0.108606371201581
-0.209985730466915 0.29905324410371 0.0562004719884478 -0.247341528166859
-0.18795548387633 0.00470274087761074 0.361460462877829 -0.439718062129519
-0.17875189702306 0.13361664935805 0.435078307088347 -0.242142623928081
-0.0208413623138565 0.193235828186077 0.401018384880721 -0.265980872867787
0.136111913181177 0.0793441101672439 0.194150691297105 -0.333261313612453
0.126265382690131 -0.0598103207432867 -0.00384476261997616 -0.327431979813281
0.0632706841261982 -0.121591060101344 -0.163809509207671 -0.273137470823563
-0.0322497894460797 -0.127918044154882 -0.200107770250364 -0.202401339133439
-0.0722475936911492 -0.118214626882245 -0.117737963438231 -0.17868896582074
-0.0716634737986796 -0.119180938086628 -0.0283675637118404 -0.242992139362654
-0.0197599903821035 -0.166537039966132 0.131233044882 -0.274459880274146
0.0947308502252667 -0.168831694708033 0.319380285224597 -0.18695501500716
0.21546264975593 -0.0688396783615397 0.36678514668685 0.100937153835262
0.172028444134238 0.193339447080103 0.137994550662122 0.240015286010779
-0.0865962354749117 0.241231151684553 -0.119849694696082 0.0874498430298235
-0.200550029503758 0.106482948562173 0.129032803913732 -0.285228984055817
0.120595820054927 0.0643663614560444 -0.122527018943639 0.373167443661772
0.0738244432194394 -0.107387812847563 0.222296481781714 -0.0252363774384055
-0.0530861337911731 -0.103539292223953 -0.107993353150669 -0.30058225084879
-0.0977103079221196 0.0284241229816753 -0.420318950881147 -0.124638579790563
-0.0229291024483433 0.0698078026819295 -0.392689791714799 0.243309239706446
0.0135438142987361 0.0503668888006975 -0.114979509326916 0.374548405742492
0.0336134890592242 0.04125830579769 0.0793738787412742 0.302390201227319
0.020786105830584 0.022534893032427 0.161999446830696 0.225436004308105
-0.00257581856294183 0.0282303178550435 0.224040324731932 0.204921130661029
-0.0316354214621417 0.00890296147776804 0.200214554601513 0.272897952722946
-0.0184364737078549 -0.0132843978118581 0.0686857380761743 0.346500349216194
-0.0104750125371459 -0.039415731808905 -0.148743695896435 0.335564263047834
0.0859204465435344 -0.0401138183692992 -0.367943684696927 0.305447962338939
0.131872171229385 0.053304924074394 -0.467785885769916 0.269508549605841
0.0458673644620953 0.170816497481234 -0.388464502503343 0.458583836781
0.0394089407355637 0.228814761332735 -0.167833764768445 0.346820931716107
0.122148435191516 0.0570112071323182 0.228443647559511 -0.0146008442069084
0.0681440575167739 -0.0369293126259062 -0.0742702928125809 -0.327198781215585
0.0104353191955743 -0.0335513715334548 -0.429543206458507 -0.177966686754669
0.0284087598855475 -0.0348585801068914 -0.421276361049595 0.217750901238132
0.00114878416116024 -0.0587155096567554 -0.143673836421684 0.368392058023476
-0.0242884626498163 -0.0399430041610925 0.0563901231819677 0.306574121112115
-0.0360694622250638 -0.0567392007845335 0.15318142001571 0.220646375294397
-0.0488965289243086 -0.0648855808132039 0.225031792907771 0.183580446824676
-0.0197237695724056 -0.123962488378188 0.230163030440987 0.235378598622698
0.082886357870085 -0.115952197373454 0.137406160558647 0.327795770385963
0.138990094477618 -0.0475849050609412 -0.0626926094907433 0.358348942728152
0.191964144403716 0.103152192256411 -0.301145196390539 0.339608224332456
0.111564419139647 0.274784297390919 -0.407257874387778 0.273381162235366
-0.0621785844146906 0.363804332252552 -0.327781108003884 0.397157146326783
-0.0773456288680461 0.361515664881502 -0.169271405061111 0.261261461054319
0.123953072969836 0.248140550887422 0.252782119762192 -0.029444543090885
0.181637448757893 0.0831919961417002 -0.00675355638511308 -0.367674476038368
0.150217424099968 -0.0668771906979337 -0.406595460854898 -0.262512989741354
0.102764556443912 -0.137800455083313 -0.433757252608248 0.15053194274684
0.00504942500046501 -0.173367831171176 -0.180066506084559 0.314719217878444
-0.0739740777762071 -0.126209069867008 0.0109836858861495 0.27107939391604
-0.0893611274398428 -0.128400259205573 0.121800456211656 0.183661803323484
-0.0937807671481999 -0.136291862852591 0.204064005754758 0.130219038372043
-0.0304427829652771 -0.227924254838211 0.251079394715746 0.151505653830956
0.136127947463128 -0.222033300164442 0.223963875988558 0.255101763283833
0.251278122375824 -0.10973768475664 0.0714961850332706 0.355932821677964
0.321595748129663 0.167863533542366 -0.188499962174425 0.376174702686881
0.145750778754903 0.434953145937341 -0.333210876207614 0.27039375566581
-0.117275966135857 0.510779616379897 -0.24653317145204 0.285091440174321
-0.20211354737945 0.43560101721801 -0.117794378015682 0.120617433901224
0.0686611508387438 0.42554525659522 0.290223307953814 -0.070889449803131
0.252670570499032 0.237846551318648 0.0945810774089895 -0.400708939920101
0.292329967947384 -0.0522281155243128 -0.321527525555335 -0.350510528840798
0.190035308903533 -0.212671897863781 -0.405147947579159 0.0388647265561026
0.0255842038673793 -0.270179587920282 -0.21113295341445 0.214439042085211
-0.107455043457804 -0.200615364241256 -0.0472246795152037 0.195549779339545
-0.131506405598488 -0.180566693072306 0.0725060164700126 0.120259695591807
-0.129530758129096 -0.178737188051945 0.161878032699093 0.0545693606615956
-0.0527178417104582 -0.289186421173775 0.247043316051653 0.0434335382274577
0.145034681319989 -0.302730108885856 0.286909971947011 0.142830362892066
0.306703718286487 -0.18837352411021 0.203552368127152 0.305073452718129
0.418330791419092 0.168910176949526 -0.0619055310562436 0.375335222502819
0.18929274723532 0.507235808831021 -0.267626675403755 0.246776453347848
-0.13560640195664 0.581320311541274 -0.166372868676397 0.137871621860553
-0.299348822784074 0.430553000352505 -0.0140637354923038 -0.0533214733217069
-0.0317213312043997 0.520003899925839 0.336846444903491 -0.13260344775768
0.245737099054644 0.371605641746168 0.208712219412174 -0.402080321349233
0.379032741379353 0.00709671479060804 -0.181729844115989 -0.407273077667766
0.258061471456632 -0.235641927413925 -0.319285302300982 -0.0940203210644579
0.0551456761337156 -0.320779347643709 -0.220831234711385 0.0756365088665198
-0.119602843556803 -0.245923198778326 -0.105790215088563 0.0913529458446223
-0.155542722097275 -0.206397302050945 0.0144838843335882 0.0401219642075695
-0.148701650245698 -0.193243864816637 0.104411339993625 -0.0304347302215223
-0.0683454183244847 -0.304199749788693 0.215271969792451 -0.0645474511158661
0.131565022294888 -0.334301688426296 0.310284597853705 0.0191502735458768
0.311184697275916 -0.231185781271103 0.294235363939598 0.223096512704032
0.444916439355234 0.152342609617134 0.0416405351177877 0.335049743216515
0.191273158079255 0.503949762211085 -0.213994062384654 0.205436216043317
-0.146470265855634 0.564863352386795 -0.0953665507579624 -0.0173105875442478
-0.331306781505357 0.343643876576545 0.120163114810995 -0.226719069237661
-0.132951104216428 0.489714614577311 0.381843956091443 -0.194938538774651
0.166808425997211 0.411993522875919 0.305993547473379 -0.367916499393966
0.368360798200812 0.068522123940656 -0.0193342528476463 -0.408843310829305
0.269625748444568 -0.203686509362309 -0.197399030246447 -0.208758279051129
0.0760705456410818 -0.306448676013413 -0.209610459553484 -0.0697350820322547
-0.108420773602355 -0.24662940637883 -0.155559963071403 -0.0208090873914085
-0.154130486981051 -0.201941940993166 -0.0448822288568435 -0.0421088732181611
-0.146308611409169 -0.184063781520654 0.0435050020355966 -0.112693584065839
-0.0682875533117202 -0.282224185554473 0.17107783162134 -0.157036228213191
0.116340883995875 -0.312516975529643 0.307222250792328 -0.084000788270779
0.291752809424051 -0.215306261072333 0.339458860017856 0.146539574560326
0.400041114438125 0.155176478934944 0.104233142606808 0.283291083652888
0.130538544395438 0.450587114881541 -0.175987688661391 0.157818536137825
-0.164781711994201 0.465621683783019 -0.030272818266618 -0.150765195021452
-0.287664064153863 0.197956825384792 0.24659850930333 -0.367736808971917
-0.180171558704602 0.34704568313816 0.412832618657197 -0.241107142796625
0.0691268806673404 0.338639217237293 0.362451164043962 -0.320392313054949
0.274123958703254 0.0892326148714121 0.10653771677954 -0.374542865592754
0.216216504356414 -0.142004739411471 -0.0854660994476038 -0.285843041482482
0.0727717439211077 -0.234886487056737 -0.191463704630723 -0.188186443136737
-0.0807561129677243 -0.202104566233161 -0.191449337968087 -0.117354120538424
-0.12787440918702 -0.167673168254362 -0.095316827823798 -0.113466350285983
-0.122663844207869 -0.156764658465405 -0.0102558710324866 -0.1836241209073
-0.054102756550486 -0.232669440732476 0.130991103133351 -0.229232888154331
0.101060477535755 -0.254350720808873 0.299210206379161 -0.15907522330615
0.257750619696132 -0.157236435865092 0.357643631249024 0.0948477642521271
0.30529564020508 0.170055755062425 0.135099128871141 0.243564016824868
0.0309205515296322 0.364303655103811 -0.142551320703175 0.119049654207525
-0.187521811266209 0.310399790642834 0.0369509349933506 -0.245033466073666
-0.185192837906083 0.0198384337061204 0.327599383070278 -0.458262378674104
-0.165737489412872 0.144089365620161 0.411549470174249 -0.265631984839181
-0.00570852464946914 0.190566717026046 0.378490795885703 -0.288948655128373
0.138566787865738 0.0665089703852294 0.171094249785332 -0.342818802673817
0.117460587275521 -0.069101793362326 -0.026151343934637 -0.326336970489377
0.0525127147160092 -0.126242084625413 -0.184128605298721 -0.25496026855851
-0.0409414323821777 -0.12297824167327 -0.213327461534381 -0.17969542657764
-0.08085593951212 -0.109358784201311 -0.129517479106826 -0.165278737171693
-0.0793500186723924 -0.110578369248563 -0.0450692274763757 -0.236767185265883
-0.0318801500397595 -0.162199703611192 0.108139289936711 -0.279939325866133
0.0801981448763965 -0.172754972998316 0.302148262410296 -0.207813373470412
0.205107243427798 -0.0823350109811745 0.36963909741245 0.0709009350292401
0.182767725723255 0.175798965120072 0.150425622878168 0.226684730518565
-0.0689916926939452 0.244382229475997 -0.113412041842252 0.0960630495144646
-0.190871337397525 0.118650334505272 0.104995958370659 -0.286643156481155
0.120430774724879 0.0558308174946498 -0.0959301321483979 0.367378120524211
0.064306152073497 -0.107735268502318 0.216525786162965 -0.0425155106288548
-0.0575472522513446 -0.097605230392949 -0.120354050077475 -0.287940206482767
-0.0923959813027628 0.034036914589217 -0.413548608268942 -0.0979292052904989
-0.0176054845638114 0.069921426178951 -0.366877788145834 0.26092497291005
0.0161316348267268 0.0476309420100162 -0.089544566955357 0.367404939633602
0.0345960696388675 0.0362295161182283 0.0936071821171137 0.28434327173492
0.0216119249319625 0.0200231657247075 0.17064774700589 0.206240161673097
-0.000556110941894093 0.0256398306855047 0.229586240128005 0.181688185024419
-0.0297452514562973 0.0108761930763973 0.2133704187264 0.251563472739752
-0.0182207449493605 -0.0119699691872134 0.0863541127089377 0.332416627387645
-0.0121309414169404 -0.0370028798061122 -0.131330312347559 0.333672154626473
0.0806143207323087 -0.0446479480042445 -0.342175520547229 0.318486011558268
0.128917357944189 0.0441040764407987 -0.439867283643269 0.282635849864632
0.0533987079204695 0.16645599859439 -0.35305622814383 0.462855346215294
0.0500565417374489 0.22062925413378 -0.140618540191608 0.344899570196919
0.121553551463052 0.0484180983329494 0.222931954012005 -0.0317265908717749
0.0640010446012202 -0.0392817719632855 -0.0853765859198401 -0.314219115254698
0.00799434444183052 -0.0323652455787355 -0.425220768121693 -0.149115345150504
0.0249323709483231 -0.0348105985936208 -0.396010268789704 0.238197636830896
-0.00245760664288608 -0.0564779269894553 -0.117363316123872 0.363160288130774
-0.0251978459736473 -0.0383055392642955 0.0733335559573774 0.29088086220035
-0.0391276793829196 -0.0529814810555205 0.162265942140838 0.202454449124046
-0.0505285731144147 -0.0596445596606467 0.2299414041644 0.16087148162351
-0.0276034897191297 -0.118194692584497 0.239296577644035 0.212400234156196
0.0727630092522278 -0.118504202918355 0.153682193325959 0.309889295188159
0.131501632832771 -0.0532616275812209 -0.0447678350550697 0.350552009106151
0.191185426332391 0.088439849281912 -0.276350801617086 0.347823868307539
0.121155061318513 0.259635492477904 -0.380299845557601 0.283580037443616
-0.0439258717540134 0.359456317990222 -0.297568921695855 0.400413076726007
-0.056153544072158 0.356912493157517 -0.14818483563749 0.261271888553112
0.13375182152428 0.233170756834026 0.245224726324019 -0.0461695234530064
0.180964806350325 0.0710816458030683 -0.0216068938784569 -0.358584970871881
0.140857096768105 -0.0727565124698591 -0.407637688218513 -0.229831880333742
0.090880760792808 -0.139320680947948 -0.412778469421988 0.171111792785434
-0.00674602543795608 -0.167756750228746 -0.156855684703983 0.316505032564727
-0.0778231511884291 -0.117586709632647 0.027769167447118 0.260533640984862
-0.0947613225820396 -0.117576896334811 0.129448315908467 0.168953279918455
-0.0975363933181364 -0.125094228650782 0.207291212199428 0.10944939992826
-0.043563546355876 -0.218454337973148 0.253720117903766 0.129963617987466
0.117798464002724 -0.22450428372614 0.234580492806508 0.235480896837752
0.235640477446414 -0.120534488978926 0.0862840904371883 0.339134643253642
0.319943253914744 0.143539140660513 -0.165218457741224 0.376806750673952
0.16451406734959 0.412719209304687 -0.31063781560481 0.276515221619135
-0.090870575713029 0.503064292544432 -0.223081633424153 0.287641724312648
-0.172728858451387 0.436128201689472 -0.107359880734609 0.121943781190747
0.0914322091020538 0.40667046949109 0.279826437007477 -0.0864062096619819
0.259311566463799 0.218148486761975 0.0758198944745757 -0.394754847702412
0.279169144689456 -0.066337297287642 -0.330618181443906 -0.321370982800485
0.169772279234058 -0.217668114238285 -0.390320336252581 0.0616512141177114
0.00744615431420641 -0.2631482472103 -0.192803174151043 0.220157760128889
-0.114266270466482 -0.186563604697863 -0.0322518944236848 0.193213360170206
-0.138523972203184 -0.165614451590451 0.0778137988404496 0.110894673408136
-0.13426401749107 -0.163593718851413 0.161826664384502 0.0387638137800799
-0.0691987003646961 -0.27615462504848 0.242006431878645 0.0256468539041184
0.121597113468123 -0.303390676667274 0.289685776077921 0.120488965191603
0.282990079573791 -0.19893398896107 0.213492792460786 0.281953792112084
0.415034368228955 0.137869313300235 -0.043630776356078 0.367991222119136
0.212690817670779 0.481568737116447 -0.247313622343491 0.251811567385922
-0.105641073565129 0.571951448165132 -0.153840105003607 0.143194930829829
-0.26658794324858 0.434927239726782 -0.0169784755259543 -0.051891095481668
-0.000639641141104333 0.503943449192932 0.319966116918313 -0.147582516855993
0.25839780622451 0.346906754244564 0.186289474950128 -0.40078648212428
0.366761288748778 -0.0138375034560141 -0.19552447786353 -0.38535459457923
0.23487491730082 -0.244344780571921 -0.313509840763599 -0.0746551261092899
0.0317433477968558 -0.314138984216976 -0.210311559286072 0.0857566079278556
-0.128149021616955 -0.228763022418628 -0.0956529782591137 0.0969630208016051
-0.162832330961504 -0.18824618518627 0.0160173376840742 0.0374215797819056
-0.153041139364694 -0.175598245220928 0.101096088326401 -0.0390947369194653
-0.0846952272915376 -0.289306661111531 0.204272238288679 -0.0779296692411889
0.10708888000296 -0.331623611377137 0.305139833717463 0.000536196281058444
0.28588310482198 -0.240246754554407 0.297253340789177 0.196577642661642
0.439707961677189 0.121863944760621 0.0554206292065225 0.323680076640306
0.214481395329475 0.478173953363896 -0.198817917017924 0.20878552449646
-0.114660260512847 0.555967671923071 -0.0939244924619737 -0.00963983532788022
-0.302539188205892 0.354365640188483 0.10369284797411 -0.227105547028963
-0.0994726382460785 0.479841010379018 0.359260192416649 -0.208551241819518
0.183523312603359 0.389607815699225 0.281507564938992 -0.372355584434517
0.360237085058117 0.0453834006067201 -0.0388499735518897 -0.39604007019748
0.248014459546339 -0.21373311596111 -0.201264654649006 -0.19450055475585
0.0524733045286407 -0.302137634950204 -0.209235143263534 -0.0544974366916279
-0.117693977906156 -0.230890223679342 -0.150253876498054 -0.00774467702630756
-0.161133220287281 -0.183769771953599 -0.0457735821321643 -0.0374157278746407
-0.150611036503998 -0.167550981519809 0.0366539181558727 -0.114470756951769
-0.082993278321728 -0.268101619630865 0.155730438186639 -0.163643147218498
0.0934480803360462 -0.309810012351129 0.295574027669186 -0.0991539705067544
0.267815137169378 -0.224166684570818 0.336916260868722 0.119117252179609
0.395949326372912 0.125911836828576 0.112273766456913 0.269488050879571
0.150780630678353 0.430297959813072 -0.164009894455957 0.162913954301415
-0.139875394239681 0.460122927750088 -0.0380807254461032 -0.14118157473051
-0.267877102697134 0.209300048250775 0.219227606733696 -0.371384921960759
-0.154403045387909 0.345594237168148 0.386520190242662 -0.252074524118149
0.086178490556604 0.324747882500228 0.338292114171056 -0.329834295153918
0.269631317339113 0.0703206555433653 0.0868185063994233 -0.368455850142815
0.198250948637241 -0.150449663107161 -0.0973165106463658 -0.275178875601949
0.0542220751438858 -0.232606130560552 -0.198343013609555 -0.169606432179388
-0.0887229870166453 -0.189753410832602 -0.191384590510919 -0.0977687212371761
-0.133993482539523 -0.151977687709596 -0.0991948727333413 -0.103521259560167
-0.125768288141061 -0.142394222040312 -0.0197408216191799 -0.179019853960331
-0.0665399678600666 -0.222134973547371 0.113115345393066 -0.23025520986213
0.0826718018782516 -0.25216362546816 0.283989666846642 -0.170369093080248
0.237646400580229 -0.165669472189371 0.352673188835254 0.0699424323517739
0.304855923759761 0.145965490984887 0.141141046326739 0.228494408602337
0.0501509753164273 0.351156645725412 -0.133390960067175 0.123631100282798
-0.167236856996358 0.31144844956324 0.0220566064017506 -0.236592443673635
-0.178748662708048 0.030736313887308 0.291803995286542 -0.461956900177098
-0.152693025263736 0.148601826793526 0.383511748145874 -0.274054912548672
0.00475673125629804 0.183394346259608 0.353815064934225 -0.301418035441073
0.136527487531617 0.0555864863631484 0.152292649759546 -0.343134571597507
0.107871027847541 -0.0733206762720257 -0.0425147541710337 -0.318494987704806
0.0418467654821491 -0.126171337126276 -0.196111222350537 -0.236484806624183
-0.0460306186802667 -0.116070916709424 -0.217023786590762 -0.156767169825067
-0.0852288574873832 -0.100019182005571 -0.135231706895107 -0.150984716351439
-0.0826910543456435 -0.101830509881606 -0.057572847664939 -0.227224428564761
-0.0407155310072143 -0.155227440796196 0.0885828987153487 -0.277309936547998
0.0680593632522013 -0.171397965433763 0.283609446834052 -0.218476864101698
0.192623016653335 -0.0903978895122159 0.362135896163269 0.0465494680485544
0.187217515817331 0.159145000312891 0.155310433040277 0.212607472589713
-0.0541967024947482 0.241488663595738 -0.106528213706691 0.100566125789834
-0.179809906148667 0.125391325134626 0.0837728255434454 -0.280291833320624
0.0860016917324071 0.103283917341365 -0.223035336236005 0.279278488885418
0.0997971316813846 -0.0684897160934228 0.209196818505413 0.0372277222770058
-0.0127602649497959 -0.111524922987248 0.0011532767097081 -0.305427163519236
-0.093469097658795 -0.00546478105005179 -0.336560371411777 -0.242223925206411
-0.0391618961273097 0.0541280931381994 -0.429395078724289 0.0951098922261055
-0.00350772274155072 0.046989345511727 -0.220244113856235 0.294413065657847
0.0167154427301294 0.0435021278284262 -0.0247723609264412 0.28727781939948
0.011486322489005 0.0256955612954709 0.0747501277434594 0.246637559927381
-0.00794161472170068 0.0223709610000127 0.136900799049047 0.247270544975023
-0.0279639701765796 -0.00154395383191348 0.0978843784916884 0.307922507956981
-0.00793176752894531 -0.0167141178009819 -0.0517692376560924 0.330143283111221
0.00590248534186722 -0.0332724021956472 -0.253315862585195 0.24574289405641
0.0906290415463731 -0.00621903806142428 -0.427991033117632 0.152957177481541
0.0964623264438523 0.0924050876820887 -0.500730908164801 0.0896814914840777
-0.0118194700489184 0.180718353485984 -0.508049731271027 0.275387712204579
-0.0502529624440588 0.223663492722279 -0.235684660825743 0.245574941845734
0.0863850104646882 0.0919715465193234 0.219659610627227 0.0473973739445494
0.0718022200730958 -0.0101511348752126 0.0485077213055331 -0.322951905634485
0.0201566892256009 -0.0225382836504009 -0.330112926779372 -0.299854428819894
0.0395923976596559 -0.0212849122336754 -0.449819344031851 0.0602570471434126
0.019570794962427 -0.0523732317872079 -0.248507908078833 0.278476032655067
-0.00694126489511132 -0.0443563265996964 -0.0456522529709454 0.2859128566046
-0.0152982061971547 -0.0625092544505617 0.0688666515028662 0.240213583706559
-0.0213271565628488 -0.0723132784728045 0.146307734161097 0.226829245202485
0.0198268138226976 -0.117186492532498 0.137816198941526 0.281689397971765
0.112559030235384 -0.0814780394453438 0.0191930144192868 0.333827183993954
0.140761257635257 0.0041459078783809 -0.179739714580503 0.29453970984884
0.145794062501801 0.154894893439559 -0.38280333167104 0.206379373676033
0.0161989401272885 0.284714080173 -0.456020458331864 0.115481170207486
-0.169302313332455 0.3237011553623 -0.440994843838986 0.233883078299875
-0.204960617015135 0.30266378347292 -0.194752960954035 0.174392481726874
0.021862383793395 0.259977764552225 0.2555376612897 0.0446322204019407
0.132273516488467 0.135720981740687 0.133335997255862 -0.343174632153576
0.152223040302122 -0.00393492723974311 -0.281382848261804 -0.37416304663072
0.138938556774926 -0.0873165455577553 -0.441703393659401 -0.01174347654566
0.0588488406408637 -0.151765241618903 -0.268293745399085 0.217599820977196
-0.0231372517594806 -0.133359731950444 -0.0760093455183125 0.242267170856035
-0.0407643801837061 -0.141235134861482 0.0521923441012526 0.198444432737968
-0.0392732348354315 -0.147524512419935 0.147233182051843 0.171116770761201
0.0402015529593717 -0.21336154825515 0.184560114305821 0.211339320379191
0.190215203784753 -0.162415375328662 0.122268304211586 0.297979175419041
0.259763000786623 -0.0200861467384032 -0.0545427946153211 0.337098096085703
0.244991136068902 0.251725278702872 -0.295652454397528 0.277295873737834
0.00297540615355486 0.438353601965421 -0.401518128993739 0.140817517912094
-0.263755530401879 0.43689973661612 -0.336581071582925 0.15907061775502
-0.346600326762482 0.326401464925505 -0.0923626421806535 0.0763062487654519
-0.0865274639954844 0.394635703908039 0.310323382703036 0.0264726667872442
0.143563665600579 0.298044619007263 0.245782443199664 -0.340772783214165
0.270707554645412 0.0569845664532938 -0.173828070286663 -0.437127405105686
0.239429412958486 -0.124094020055065 -0.380463874229431 -0.108964854488455
0.10709575960712 -0.231168501860596 -0.266615110099606 0.114671639675036
-0.0286582568625705 -0.20776189088596 -0.105889672586295 0.159336826019963
-0.0627352339060404 -0.199669775417112 0.0270989031720554 0.127563193098031
-0.0580293937449246 -0.195412151637857 0.134456456809632 0.0896118525170455
0.0376156488511492 -0.274151930619647 0.214154646994905 0.110988603890978
0.221298732270888 -0.232677037901519 0.216040852457961 0.217880623798124
0.330498695742774 -0.0750923194388535 0.0843315194514476 0.334314635999836
0.336180434018733 0.277353315783023 -0.183050750037001 0.319054070968201
0.0240536224520192 0.513122452827979 -0.336521232894111 0.146188035293217
-0.300435906720474 0.492793774680503 -0.219862096545675 0.0538647223792364
-0.433223529134453 0.284312208612336 0.058037074316145 -0.035112834621635
-0.209046155559158 0.443377732074873 0.372863221610989 -0.00414584498067452
0.092240654453265 0.412200387359075 0.355813887538599 -0.301936243849961
0.325954709452106 0.136638730419831 -0.021057010483513 -0.447529244460686
0.305016627347899 -0.120465096046761 -0.259610408827763 -0.205153564132394
0.148724200852751 -0.265926381766572 -0.232476630916146 -0.013385655412917
-0.0244806643652933 -0.249692568187258 -0.126965708254169 0.0502623814987825
-0.076468791044037 -0.22878555486978 0.000199351762585304 0.0394038672696517
-0.0708512566771749 -0.213569671251255 0.109653633169897 -0.00284558619135262
0.0274211671924235 -0.292054105215227 0.217980821112458 0.00356893318857773
0.216730585196701 -0.264543380977013 0.27687817621974 0.11628556463353
0.346067560576346 -0.112815956803011 0.194968553419295 0.290152924629289
0.366742706884079 0.269627571929941 -0.0786087732577262 0.317511027605985
0.0267888929706111 0.510209960430799 -0.27899324023952 0.126954430538049
-0.303131422361377 0.470788429039022 -0.105912447810148 -0.0593886132436325
-0.429808745534204 0.192996016833625 0.226778198958764 -0.138946072581241
-0.286504719151308 0.380605109983936 0.429495037075214 -0.0368362331248536
0.0070326401357427 0.420158870300512 0.432455427307705 -0.232547537388685
0.295893371062457 0.185804748392592 0.130453001496197 -0.394979509887775
0.303723694358879 -0.0871401065089914 -0.109687347135597 -0.27046739191479
0.162660773532528 -0.247295559724625 -0.174761186653249 -0.139402772828098
-0.0146824652434934 -0.247474024840485 -0.13639751090976 -0.0642041178311978
-0.0764884932918448 -0.223742081026088 -0.0273794591517604 -0.0503946974124188
-0.0715838045805201 -0.205649423081932 0.0794585224521592 -0.0933973079733885
0.0214718547522493 -0.271514930842875 0.207241802643554 -0.0910347842772467
0.195518238215823 -0.249818398957985 0.306771903963934 0.0245511050032334
0.324522052642134 -0.105387176426182 0.260277190713101 0.237191423900571
0.322101193397431 0.255289120720041 -0.006965893349525 0.291263121738403
-0.0133185554252729 0.444749151650679 -0.229801807314407 0.0960373656540828
-0.291205397662801 0.372387212455162 -0.000194821716058568 -0.155534934879633
-0.336170770157577 0.0759904964687387 0.370482753731992 -0.224143304676532
-0.278028227558044 0.238878347519906 0.46352781026725 -0.0632224447473276
-0.0532364281511291 0.321299118603815 0.460267738179302 -0.16471680896783
0.20500667147222 0.169806454390127 0.234104271767007 -0.315490669924722
0.23285037772889 -0.0505843909078374 0.0195323955631427 -0.300548146131131
0.137276874906982 -0.185272803018782 -0.118375585033861 -0.236217498629154
-0.00486878615568448 -0.201202450800915 -0.137714500741009 -0.160607874336906
-0.06395581497089 -0.186376514867138 -0.0502339251791058 -0.128492732661407
-0.0599644970995664 -0.174791831581516 0.0524903521451164 -0.170744343015884
0.0187724915929011 -0.224368962879519 0.194045727878201 -0.165746883243252
0.164947278488004 -0.200746955930488 0.321990626093079 -0.0430740571987577
0.276093504296971 -0.0643043778640084 0.293258583107405 0.19883410521108
0.231689708200008 0.241007073676975 0.0330817116558231 0.264214062183357
-0.0782501403910228 0.338665629131449 -0.184468131521157 0.0671679136522028
-0.264599137798536 0.223570866084597 0.0969595326547336 -0.214330708400599
-0.176851989721746 -0.048513787503784 0.45123663658235 -0.280675854641992
-0.196983841708862 0.0675793061846433 0.458239096406277 -0.0839247904381134
-0.0693125735981394 0.162886315008291 0.452060145181902 -0.130265762043231
0.0944729160370719 0.102766852848764 0.281537453860666 -0.259789442207643
0.122015549702919 -0.0186555453853573 0.0868572103550921 -0.311609165086746
0.0855367720810445 -0.0954034736238328 -0.0882348046370938 -0.290963305446133
0.0041098106941652 -0.120155351377121 -0.137506075757869 -0.222837615965018
-0.0403219752685105 -0.120701510743407 -0.0636772688192564 -0.184910097368187
-0.0376687372026049 -0.122555598173076 0.0365688292957298 -0.226507154823614
0.0174714484115338 -0.155034658765042 0.188761742849183 -0.216071915075062
0.122134683856087 -0.1338909813019 0.338465128469462 -0.0845502119797224
0.207862382018446 -0.0141907785226325 0.308578847656849 0.183880957679562
0.119320428044734 0.21157988627409 0.0505250471037426 0.253093902997708
-0.134351976288104 0.202997400902161 -0.1476236870892 0.0517951768533241
-0.209298076873554 0.0490572593546549 0.179043325346528 -0.227924681113781
0.088603468168592 0.0996082718452942 -0.209921814819757 0.282812114451184
0.0959090986397011 -0.0709152596894793 0.20965847457001 0.0255654153042314
-0.0163216035061809 -0.109890082776445 -0.00737365501207472 -0.303409034231728
-0.0925511991490411 -0.00125348590120706 -0.339754251049862 -0.228402241682064
-0.0363724477775101 0.0552194026556166 -0.421566234082016 0.109213847184724
-0.00166218967329825 0.0462939573807654 -0.207211822814612 0.297938218192995
0.017662243874146 0.0406439716547814 -0.0151073776992601 0.2809091526696
0.0127337780077001 0.0238642704653656 0.0834509397005713 0.240135676640668
-0.00654076272513775 0.0216093134732355 0.145919604208482 0.23770142303597
-0.0274094526048572 -0.000267509279627399 0.110869315249347 0.301584776586541
-0.00793306054802972 -0.0166126655135712 -0.0409059717408155 0.328840782692336
0.00433964852684687 -0.0323594028792601 -0.250260374524202 0.251170464378548
0.0888715479260408 -0.0105492222499815 -0.419628594538157 0.164981821622379
0.0965298059569285 0.0890173836383184 -0.492019393607132 0.0991568175690538
-0.00618198277263098 0.182449738540847 -0.496164073762479 0.284732006295025
-0.0422065158718311 0.224013232931196 -0.224113600223795 0.248275122014032
0.0882730261970685 0.0881812766947752 0.220518643322987 0.0360205511350461
0.0709042346129234 -0.0128033862099509 0.0414276822748663 -0.323133964950224
0.0188187151326876 -0.0227409593125747 -0.33474366076914 -0.286646683914969
0.0382543119217541 -0.0221732918854634 -0.443650381333537 0.075457455696507
0.017061846603461 -0.0519719590017829 -0.234545670471828 0.282827433104499
-0.0080851082077335 -0.0446782082610202 -0.0346207771618259 0.281309026260165
-0.0174762994482799 -0.0607396395661398 0.077055657608367 0.233381435775767
-0.0229580225901116 -0.0707282680466475 0.155350631060301 0.216511157435229
0.0152534457233827 -0.11708594427333 0.149964260266588 0.273382572290104
0.108144186567429 -0.0851899466440526 0.0317157627367213 0.331418287450432
0.138946667663689 0.000563605961519505 -0.174303720482112 0.298004129920588
0.149029382433132 0.147646902847832 -0.376164406789231 0.217061240006538
0.0239303449993568 0.281469709884945 -0.448666679635073 0.123609123210592
-0.15961985462413 0.328396082571008 -0.430285100579351 0.241474444860968
-0.194477309759912 0.308496754158029 -0.186207591472689 0.177755656285552
0.0307102940347121 0.255520597825657 0.256086135985105 0.0333096383328741
0.136031394952665 0.130363964117008 0.126539279473653 -0.345858214241435
0.149844309917406 -0.00902105423805608 -0.289124655948898 -0.361737358640533
0.133457357761669 -0.0912731825760015 -0.436047358149863 0.00440848556021192
0.0516740641828809 -0.152291645537466 -0.25760587735832 0.225688379168111
-0.0272438132262091 -0.131451608883698 -0.064726984523192 0.240784909010919
-0.0456948994189375 -0.137169591145781 0.0586575707190957 0.192888153015176
-0.0431181688864875 -0.144472158465208 0.153524679706953 0.160201951579403
0.0315590590445565 -0.212537676550072 0.192279002197883 0.200743216889146
0.182448392262682 -0.168983848902068 0.133658283890557 0.290966508372747
0.255120134682401 -0.0270786890869794 -0.0475459254011883 0.333351809393261
0.252588869233692 0.238654730262965 -0.287552461763252 0.284897417623819
0.0158289471031874 0.432596073349305 -0.392545046797718 0.148872102454213
-0.250248217664399 0.443262745086183 -0.327391593486999 0.165266527419075
-0.334547260609794 0.335517655880747 -0.0897563347772876 0.0775411922502733
-0.072898363029286 0.392379887882058 0.308593879566713 0.0152968993519695
0.150936480857405 0.291633268847757 0.238355235808886 -0.346212955206835
0.268363106560885 0.0473269618375942 -0.183259396392069 -0.424989436415353
0.231261995120072 -0.131845522277865 -0.377852598396608 -0.0950137280442514
0.0958395648495975 -0.23289050970434 -0.259914225532043 0.12338135438589
-0.0347338055735703 -0.203455784253278 -0.0971946932156764 0.161914277754404
-0.0697364831281707 -0.193451950423235 0.0317294853981145 0.124334339037929
-0.0621662560649103 -0.190192821143208 0.137616629995405 0.0801421321150531
0.0267348091745396 -0.272890834661698 0.217086847461834 0.100471394077055
0.208943242967531 -0.239733144061699 0.225005927296541 0.20852715136098
0.323137834917324 -0.084881027140723 0.0925212711445855 0.32522823766283
0.343834147791432 0.261738143293142 -0.17524277991513 0.321903669439176
0.0408631871182531 0.509597744361486 -0.332449724752715 0.152608750685721
-0.28592783879798 0.498323183418817 -0.216992969352175 0.0597946878475643
-0.421234870067935 0.298890047576747 0.0561140891408948 -0.037307614087634
-0.191772355171148 0.444586028741486 0.369171910119545 -0.0159182787923826
0.103938945281779 0.407836800642088 0.350380274366914 -0.309383221857031
0.326538477811353 0.124215152888641 -0.0327571599237748 -0.440993548548554
0.296862074131381 -0.130326468375385 -0.26203118700923 -0.19566787393713
0.134662699434401 -0.269989684948949 -0.230786044392749 -0.00417228825315101
-0.0323368919055235 -0.245168043404734 -0.122725724726554 0.0553297060351887
-0.0835328589929361 -0.221049767315043 0.000288066134133696 0.0386572658164788
-0.0749083442162272 -0.207151709494238 0.108642074870126 -0.00995950097287973
0.0162122989750787 -0.289323992184263 0.21729113696854 -0.00559203053548966
0.203824647232492 -0.270812160271406 0.28223689206664 0.105102805733784
0.337972961794388 -0.12237655468158 0.201024603803426 0.277807236109364
0.372094466658687 0.251432480647357 -0.0718881165683229 0.316743319603639
0.0427768685599662 0.504798388011314 -0.275032834717475 0.132650683744214
-0.290221724923473 0.477208989757641 -0.107901356732061 -0.0551063432092945
-0.419978888447785 0.206698569072392 0.219693105516858 -0.144654089455992
-0.270225771288423 0.385765185184054 0.423051183146981 -0.0476986773048693
0.0210531422928702 0.416635774413873 0.425827305401683 -0.243430910254594
0.29724367365154 0.173877450232942 0.119115009092076 -0.393783747950289
0.296968492912531 -0.0963933914813199 -0.11489751628097 -0.266283304633709
0.148946828753879 -0.251417745244277 -0.17937605397292 -0.131881573777741
-0.0226202962952119 -0.243843557053203 -0.136526923723866 -0.0562726253720017
-0.0838834452827122 -0.216357190933353 -0.0294911604976687 -0.0484022388224261
-0.0762583784670597 -0.198953543790192 0.0750913741368426 -0.0972941832989144
0.0103874799145529 -0.269021837547164 0.201974401883416 -0.0975322905878937
0.183584340061752 -0.254195358540962 0.30909682799804 0.0131326694160819
0.315305561066972 -0.113878609933875 0.264789062259875 0.224029868792067
0.327694725794196 0.24105305295796 -0.00179274048021736 0.288892652885675
0.000221062934308777 0.441510900952763 -0.227634590261508 0.101286169285313
-0.279776286690832 0.380010239798588 -0.00616024113816737 -0.152119983562504
-0.331137930776674 0.0881001401073159 0.359846240038032 -0.232786735060416
-0.26806228016624 0.244768942546331 0.455502123437632 -0.0736614016781177
-0.0432184434723055 0.31896787982912 0.454724769248712 -0.175682680993346
0.207449981734612 0.161059081658534 0.225945224912946 -0.318744339759413
0.228411016783053 -0.058609086414444 0.0118815298083762 -0.29990242511126
0.126590014859399 -0.188945656612943 -0.12759766858544 -0.230001164764989
-0.0123728192033159 -0.198138385036238 -0.142627558511699 -0.150789407002457
-0.070619277873736 -0.178929032950065 -0.0543998346777322 -0.124908563840306
-0.0647581436642202 -0.169153299093242 0.0455260900813457 -0.171890350708636
0.010249308643336 -0.22225493398392 0.185763573982948 -0.170917781701747
0.155118725717072 -0.20474945277294 0.321246177355522 -0.0541634156173802
0.269844839708613 -0.0722485697311808 0.296462946649838 0.18520887919795
0.237807945644429 0.229367293335428 0.0373283010629276 0.26043599630438
-0.066845102813542 0.339743419666388 -0.183341160512116 0.072684476566166
-0.25692830203674 0.230263662904225 0.0878242290439909 -0.213647835152928
-0.177070109110139 -0.0412252357700366 0.437432250129351 -0.290185564909889
-0.19274168457412 0.0731394220532326 0.451818056579565 -0.0913080807817811
-0.0636860631186329 0.162628927313692 0.44557501614369 -0.139136102932232
0.0959289280529045 0.0975604682755057 0.274481807485517 -0.265896223697195
0.118774920468437 -0.022803831608434 0.0785016699658896 -0.31465658869865
0.0797734411950721 -0.0982629779770232 -0.0991680432114225 -0.28457093055874
-0.000492829630259976 -0.118947163746416 -0.144497701081223 -0.212514049662868
-0.04468122432882 -0.115963452514988 -0.0695328908671421 -0.179605338385748
-0.0421369796318763 -0.119065277417231 0.0276864317138769 -0.225290107728349
0.0106483611633571 -0.1544719540125 0.180116055214383 -0.218908462602636
0.115403951534079 -0.136147889690424 0.334964725648389 -0.0957727632418832
0.204858537000367 -0.0204538756848554 0.311823349035158 0.170983282670801
0.12543534572638 0.204004885463505 0.0555031141199534 0.249140054489062
-0.127883204043129 0.207286084137424 -0.147317904697254 0.0577002427759785
-0.206978728489584 0.0550621764038606 0.168426892443415 -0.229297431643123
0.0931410461052009 0.0963366506578975 -0.195500383780414 0.291224912908686
0.0921210049953349 -0.0746584094515403 0.210627746018327 0.0121486776303726
-0.0216221084016837 -0.110087689593176 -0.0202376198534475 -0.306187875893211
-0.0919345669784155 0.00389729260779169 -0.347717857447101 -0.213974508317615
-0.0327706159613571 0.0574650698861983 -0.415919663273578 0.132145688001701
0.000928021120218394 0.0457770829046047 -0.192212532563397 0.307376907872353
0.0189905410977262 0.0380392213059315 -0.00247375330168531 0.277901084527645
0.0136801208707509 0.022328573075811 0.095342432569766 0.233726833559087
-0.00490337781306418 0.0213596674753072 0.158840342059092 0.227390194637074
-0.0265135655892178 0.000999881942658755 0.128088374048645 0.294759134223659
-0.00840230273606705 -0.016577387215525 -0.025270030025106 0.331987440729827
0.00362856440572239 -0.0312271609460045 -0.244413682194081 0.263570149271385
0.0883426261922267 -0.0153481622090868 -0.414934155378777 0.18375198192632
0.0994238086193647 0.0844289865703845 -0.489590980508104 0.116062909416778
0.0019142456892379 0.184614854136091 -0.487759018630159 0.302840777464126
-0.0322514639432845 0.22778820404558 -0.212115007915974 0.257209777134
0.0925745808067557 0.0832475672717449 0.222773364032747 0.022436873761602
0.0704795356500854 -0.0161790137858506 0.030208184904614 -0.327773055861341
0.0171442307359178 -0.0227138310425908 -0.345288582635671 -0.271410152427564
0.0374620337750202 -0.0235659733071481 -0.439209842305739 0.0965443133973064
0.0145381949042961 -0.0529675597976307 -0.220443180531706 0.294635699289428
-0.0103077802555245 -0.0453045078862897 -0.0203681437598801 0.279235791780246
-0.0206220456235822 -0.0600678232392094 0.0883670280111914 0.227862576266188
-0.0259150215904837 -0.0695891832196554 0.167077846313366 0.204709847018144
0.00942029763264198 -0.117635096700397 0.166517056540061 0.26415318500502
0.103743963635126 -0.0916646242768096 0.0476931831549211 0.331286090743174
0.138611909453228 -0.00560519420624252 -0.165378489821237 0.305576962576431
0.155556459678494 0.139882559272894 -0.369167285336267 0.234479151422353
0.0351739628819978 0.280387036064354 -0.445480519515492 0.138884473595961
-0.146820241888687 0.338362514615767 -0.422031706263736 0.259141412692599
-0.180815987552647 0.319547809551043 -0.179356026139144 0.185446364612584
0.0427972117799956 0.252874917835357 0.257529501989944 0.0195510117962139
0.142557245661899 0.124283755527605 0.1157672645347 -0.354062710521033
0.148613746191896 -0.0154215689498829 -0.302883552317282 -0.348231027990535
0.128146269036293 -0.0982104639009798 -0.434643524204239 0.024463209059654
0.0430663341822281 -0.154305343083935 -0.245914826685073 0.237704046757383
-0.0333048352327326 -0.130429610009613 -0.0515601331296185 0.241723770442754
-0.0529342072582851 -0.134170996359105 0.0685911176451682 0.188420949809854
-0.0488031315021084 -0.141432656075275 0.162851110686879 0.148282186503004
0.0204942121756109 -0.214790114058774 0.204885457093189 0.189419011551703
0.172975954140789 -0.179532114138921 0.150100093902738 0.285760043246243
0.253440042461893 -0.0389731810117317 -0.0367292320560273 0.334946640012278
0.263180248604852 0.226808536036512 -0.279364584341945 0.298198324578931
0.0361761151285015 0.433307292921425 -0.387176037986394 0.162246207476292
-0.235767039018939 0.457752837342851 -0.322600573497722 0.179485227425164
-0.319088175173815 0.353602228587632 -0.0875905021144508 0.0809321191005475
-0.0535030737063439 0.394044657945532 0.309252115280313 3.3689281098344E-05
0.166313219059061 0.285553230891592 0.228747536615248 -0.359102753399279
0.269747523842447 0.0350665429041617 -0.200757990811415 -0.417733062341066
0.224322561070307 -0.143647191048595 -0.381078855995293 -0.0779944915278881
0.0823264578970953 -0.237299945130837 -0.253575237031441 0.13696778839761
-0.0442053051772463 -0.202103434570211 -0.0878916707511945 0.165742425241651
-0.0790719998095375 -0.188727114361846 0.037575858650766 0.121442733886703
-0.0699547605822034 -0.185132167310865 0.141830296989307 0.0688427093844071
0.0121321828306607 -0.273984372485274 0.223975995941892 0.0881547704860635
0.196589614441285 -0.2526110325948 0.238375616325663 0.196817138361891
0.318167302699089 -0.0987499940846603 0.103942554102934 0.319920698408997
0.354988544153256 0.245234738152422 -0.165792104771196 0.330490880396628
0.064475879921835 0.508972738226856 -0.328441865439554 0.164344592434494
-0.268917445901721 0.513413611017613 -0.215936560308645 0.0689483861871695
-0.406644413089586 0.319172163689321 0.0519886530008168 -0.0411013862140889
-0.170090825925041 0.452169392377632 0.369093099503089 -0.0307662506322312
0.124044520352387 0.402386482369387 0.341484982104466 -0.32635836579335
0.331144041259347 0.109544487052544 -0.0480100202668014 -0.43908307879589
0.289143300774218 -0.146517836456265 -0.26826744220299 -0.185722878528675
0.119808468190465 -0.276092106823621 -0.231484063313977 0.00628393272118846
-0.043915688592074 -0.243219784644659 -0.118277307693236 0.0626660972593578
-0.0943459387849365 -0.214758158658247 0.00193330672122434 0.0393462542387833
-0.083127267235923 -0.202186779428164 0.108305644444742 -0.0185282144469378
0.000463010302888888 -0.290357393724098 0.217948804462568 -0.017509744959797
0.189153705350269 -0.281436379405424 0.290858103121635 0.0906432562298312
0.330643015007983 -0.137461058850108 0.21158364419581 0.267148457039199
0.384048615262499 0.23253121924578 -0.06229151624803 0.321099556955785
0.0663274171321004 0.504425488830944 -0.274188593647607 0.143258138660809
-0.272484611075496 0.492837299483219 -0.1115823441499 -0.0499856659759798
-0.411176853211146 0.227717219528413 0.212124342922307 -0.154697908548324
-0.251719464819197 0.396847818146587 0.42089379698922 -0.0644044268992016
0.0411083937440542 0.416155971795519 0.420201014838632 -0.261337877190766
0.305639777534369 0.160681824382539 0.104770127296602 -0.398172692289007
0.290991425018583 -0.111696197258558 -0.124055474940985 -0.263443264449226
0.134252389904742 -0.258998629755197 -0.18639893971855 -0.123079931505888
-0.0345612166193759 -0.242204148362931 -0.138734753322252 -0.0477957267101342
-0.0948705496093085 -0.209793901607823 -0.0324283603427688 -0.0465476630336384
-0.0838830353111124 -0.194001885845585 0.0701571465549864 -0.103384282554158
-0.0036061736732152 -0.269157568132365 0.197912848891983 -0.108983763427895
0.169951412064611 -0.263761555956628 0.312947656118858 -0.00306981310363998
0.30858693521494 -0.128111738963112 0.273544730903689 0.208869052385114
0.340342581172357 0.222234796295959 0.00691875718836251 0.289658181301786
0.020516251209876 0.443703930320106 -0.227074877298244 0.110511901399934
-0.26722940196881 0.393402683436925 -0.013715536474954 -0.150662591681742
-0.326805772465585 0.103837654023524 0.34893618525188 -0.246685502090118
-0.256303441355434 0.256411426672989 0.451986501428569 -0.0883613613654967
-0.0281317050687319 0.321367064368103 0.449971635684093 -0.195103887973385
0.214031658773252 0.151146147723476 0.215089899155425 -0.328006515667531
0.224749069361025 -0.0697102712205813 0.000751708146804704 -0.304616143973149
0.115926913907571 -0.195209180656191 -0.139633975593925 -0.222815562775222
-0.021964134001519 -0.197235746809451 -0.149879150606204 -0.141966132456961
-0.0796989628779845 -0.17258576551714 -0.0604697131878709 -0.120432578883905
-0.0717836902943206 -0.164602287620059 0.0367275266545203 -0.174848555711221
-0.00141245409602444 -0.222137870713001 0.178042712009205 -0.179839854622255
0.144232707583833 -0.211593464747923 0.322968635418101 -0.0708964037011345
0.265141041013722 -0.0841165552385649 0.304199010031497 0.169653779989914
0.248182048704481 0.216182638967295 0.0454076818386231 0.259803847235643
-0.0513275948330889 0.343520066614947 -0.183932211440736 0.0816410330039573
-0.248310793603889 0.243358317063279 0.0775941182135932 -0.215576189577072
-0.178690537845009 -0.0321044647874748 0.42683405527077 -0.310056162538888
-0.189340033928097 0.0819731059250553 0.447844745216437 -0.105267634207197
-0.0567629058517458 0.165469514099403 0.442483751226495 -0.157757730528422
0.0991170708397922 0.0923646404005868 0.266866077978597 -0.276895235449305
0.117463884221168 -0.0279646115566845 0.066439677143786 -0.322514208627958
0.0737774285201985 -0.101982156759869 -0.114194586208895 -0.27853256525812
-0.00708992679399467 -0.119390606801851 -0.155314217410057 -0.202932686064118
-0.0515125739380667 -0.111900060602105 -0.0783876422583794 -0.174526896951276
-0.0480838542037558 -0.115927747028213 0.0168072173626554 -0.226367849654916
0.00211068421630147 -0.15509397683609 0.170186739206402 -0.227501511696379
0.108471436896603 -0.141194300534168 0.333246569017684 -0.113072237805541
0.20334606028937 -0.0302058824152708 0.319431140778393 0.155712436067235
0.134700222759385 0.197253858823526 0.0637700534344432 0.248127029756272
-0.118120573362278 0.215035855089552 -0.147030051578839 0.0652739099645258
-0.20562752928183 0.0646372655498283 0.157276375005992 -0.235096643178575
0.0988693015824968 0.0899572221306563 -0.173735659618573 0.299862570485146
0.0860789408636997 -0.079781718508555 0.208346352690992 -0.00459866001223856
-0.0289525726679981 -0.108141122166026 -0.0392191642718492 -0.303165587521676
-0.0903653160482027 0.00972093322643643 -0.355452538563174 -0.19160246619802
-0.0275947664112592 0.0594666390913231 -0.40161340486485 0.160313981315653
0.00406612703853058 0.0445933855901034 -0.168335833524087 0.315733930066449
0.0211812867925896 0.0357437172338107 0.0151064175053235 0.271153036602794
0.0146552267028409 0.0200754241469694 0.109938928923634 0.222802796944761
-0.00314849925542272 0.0203452195219949 0.17345785955406 0.210732653320956
-0.0253824096527494 0.00287117143094279 0.149524855574533 0.281407060839609
-0.00925749395709733 -0.0159841071346013 -0.00383978833496785 0.331878303302054
0.000990156166869174 -0.0302391533453982 -0.230008487631377 0.279429110641627
0.0856327920897055 -0.0219652742263642 -0.399295597697483 0.208274713641793
0.103121488131767 0.0774077583690674 -0.477231318996451 0.140571675896623
0.0142842498141599 0.184520281818942 -0.46362002597677 0.329939708046226
-0.0171150019495185 0.228926617922508 -0.193765772645839 0.26842120830466
0.0966794905092146 0.0758042799043833 0.220825725507173 0.00506505437764472
0.0686258634052218 -0.0216661752249112 0.00991712147868856 -0.328437728038946
0.0148975819519819 -0.0235615388181227 -0.356009401860162 -0.246287025448366
0.0352467135921835 -0.025840315787591 -0.425360014884655 0.125578700076025
0.00997162443149125 -0.0528675084953906 -0.196233314774215 0.305493749545661
-0.014355978687543 -0.0444178541398586 -0.00105094070269814 0.273964194726183
-0.0247710470440295 -0.0579074546885853 0.103219483301079 0.216767579720822
-0.0297521177401071 -0.0671397616215843 0.180016742872399 0.187048106825374
0.000753973082205069 -0.116420686487821 0.185552272189295 0.247553921553064
0.0957903659494131 -0.0987172902084702 0.0714379512428393 0.325053695975372
0.1372057619523 -0.0134349470364528 -0.149361506640456 0.31401820783642
0.162207163684251 0.127093002418711 -0.351142950009819 0.258001239517827
0.0516945109656092 0.27566193845635 -0.431576744207269 0.161519249819699
-0.124708429424853 0.347159615134292 -0.400880047862644 0.282208973184353
-0.157662598941976 0.330574433308625 -0.166396908617273 0.194998963281234
0.0593369442807806 0.246486751185887 0.255213598410249 0.00027711943085395
0.149830060070966 0.112702728540135 0.0949484397142743 -0.360055364067147
0.144664737735668 -0.0245052185690841 -0.319767904863044 -0.324360882921425
0.119557643044538 -0.105803376388328 -0.426488173983221 0.0549953993211091
0.0304712581917721 -0.155538263567214 -0.225523709284105 0.250811307111138
-0.0419768838136368 -0.126895555738398 -0.0338901778216297 0.239868819524139
-0.0613805862601205 -0.128557556951177 0.081083243377573 0.17981789643262
-0.0570844278566036 -0.135737713656639 0.170859628311104 0.131459616950447
0.00370763575456363 -0.213415950416835 0.217685663588848 0.170380338144055
0.157492863086522 -0.190901694228355 0.170419941441365 0.271846316528819
0.24723977478201 -0.0537854653726781 -0.0191098832358449 0.334549063267344
0.275404127193345 0.205199226982457 -0.25968396286336 0.313627938880559
0.0628025779984851 0.427165206442302 -0.375649870438357 0.182044586895382
-0.206260434310896 0.470249350240555 -0.309023167898085 0.195836331579416
-0.291915885674221 0.372739066926845 -0.0839029287856157 0.0854577041748774
-0.0265836888099093 0.39223659846896 0.305743523342931 -0.020309070916068
0.183515527063364 0.270875731585615 0.209418626672085 -0.371546877223717
0.268566882178924 0.0170175816720696 -0.222202175193072 -0.39846892174593
0.211497886602795 -0.158255071314342 -0.379202284250942 -0.0532832544256119
0.0630608527380791 -0.239150007824122 -0.240830675120613 0.151817815804577
-0.0575476820098752 -0.196656215519407 -0.0741155172512794 0.168855278973949
-0.0910660212415896 -0.180045906686522 0.0454056259159822 0.116324856490368
-0.0803744684029431 -0.178608173320634 0.144461009404099 0.055106955929077
-0.0079822991087754 -0.271664957144875 0.228712389328418 0.069146124643216
0.175328628274077 -0.26440838520289 0.2526289330021 0.177195249025462
0.30701331856259 -0.118321908033844 0.119420448837632 0.308725066582695
0.368157720937012 0.217474097996114 -0.14637843723172 0.338807098572923
0.0953398615536239 0.499308914134687 -0.31689803599601 0.181693083168539
-0.235209251162415 0.529247888332909 -0.209695257055878 0.0818369608780237
-0.382711408125555 0.344082809012865 0.047052535346276 -0.0432996867219046
-0.137946549911574 0.456641628127867 0.361972314868735 -0.0528481376241637
0.149596151270141 0.390879778339149 0.322841019010686 -0.345166490902976
0.334789762942979 0.0865987656666371 -0.0738624810667801 -0.429352360195452
0.276133241258414 -0.16500736962738 -0.274226105167223 -0.1676101002389
0.0962023319620081 -0.28064532953025 -0.228135349479402 0.0221361981317542
-0.059992947187964 -0.236946712182172 -0.112047731403643 0.0703565982231661
-0.107810876510234 -0.204314293759101 0.0053076964903956 0.0385299403378379
-0.0941580956498037 -0.193336121789352 0.105232495026329 -0.0290597377637812
-0.0196979102427636 -0.285895564552108 0.214610260848508 -0.0339290919478389
0.166305168549348 -0.291273049051944 0.29787985167954 0.0685900645021092
0.316781066784475 -0.157302035524385 0.224331705768935 0.24866708987102
0.396132217984961 0.202455980045989 -0.0452917222949312 0.322729569453735
0.099288010448705 0.49580281098738 -0.265862352219995 0.159318074480772
-0.241550593312568 0.50822319406554 -0.114375418641105 -0.0416497294207646
-0.391914826127004 0.253565264645668 0.198601943875997 -0.166656754699055
-0.223744782084829 0.407143432707388 0.412003802945737 -0.0874272284221776
0.0681353155313209 0.408234308670178 0.402964478460797 -0.285539903916065
0.311922465916908 0.138493687362062 0.0818563126707106 -0.399021600788366
0.279177173374484 -0.131820976180432 -0.137216991892643 -0.255435081918284
0.112111228911446 -0.264540436126998 -0.192966165942662 -0.109036697697949
-0.0509771432185601 -0.236213852346346 -0.139238937597546 -0.0366730371494765
-0.107722147832505 -0.198171007677435 -0.0343116705093962 -0.0432344021092913
-0.0942891047428453 -0.185204742183176 0.0606795843266493 -0.108435157401498
-0.0224002830201661 -0.265364900897493 0.189334723573978 -0.121991684061679
0.149421985122835 -0.271935612100533 0.312177242774418 -0.0256229675811326
0.295483861300774 -0.145913359729296 0.282006363813969 0.187329477964896
0.350544859559491 0.195485184862991 0.0212953636171124 0.28690087507565
0.0509390054270443 0.437396953684698 -0.221051394940308 0.125132748092051
-0.241878659089503 0.408959545173519 -0.0239966256267767 -0.147126815810144
-0.314788107229101 0.125031665296205 0.329279679946046 -0.266017685411725
-0.236932088848803 0.26989932750795 0.440952376781176 -0.114161972692497
-0.0060911802258934 0.318880984388753 0.435929711308081 -0.222100997580634
0.220358688252716 0.13452460782984 0.195832214976645 -0.336880666857065
0.217046996708081 -0.0845243086479504 -0.0167057161605033 -0.304945581681443
0.0991201368799513 -0.20063796853561 -0.154053872672196 -0.211232223665837
-0.0355137006398153 -0.193320241535448 -0.157795365881875 -0.127720302348728
-0.0909726057807925 -0.163175332750536 -0.0672311619000845 -0.113358919394312
-0.0810168511103757 -0.15676949216687 0.0240935647690947 -0.175677652062312
-0.0177669422720719 -0.219064850171365 0.165532321599097 -0.189897012993154
0.128576239774971 -0.218568077297622 0.316577009137406 -0.0937232690183658
0.255425489752622 -0.100220513272763 0.310295590015035 0.146372716573589
0.259323581163438 0.195179134361454 0.0579993543070809 0.254904407299619
-0.0280402228657929 0.34498384740653 -0.179237522960293 0.0943866910467943
-0.232894093555959 0.258317843394083 0.0617019758591811 -0.217117129228571
-0.178073723117725 -0.0188784148075705 0.40215104187676 -0.330047867776911
-0.182119584014931 0.0928861681382528 0.437067743013171 -0.128762003146631
-0.0454591115683472 0.16645781986675 0.429803892608853 -0.182744153519243
0.102720068024581 0.084477407010423 0.249286827945629 -0.290810946339923
0.113955847147885 -0.0353469763372695 0.0464815505513594 -0.327178279146305
0.0649761036614877 -0.105586257462258 -0.132915028876659 -0.267685975474327
-0.0152446250400107 -0.117317630838521 -0.168307280127927 -0.187112728163672
-0.0586281245466498 -0.104647402843306 -0.0886678084870141 -0.165635968097111
-0.0554651197981291 -0.110751021911311 0.000945002332084938 -0.224383797221648
-0.010261360618069 -0.152580066169485 0.154432294393926 -0.235309015937701
0.0974914637625422 -0.14632413149187 0.32386306954494 -0.134230605787546
0.197818478542784 -0.0435007076760665 0.32559135023037 0.131472112218474
0.146122856377677 0.183988702586257 0.075870692148257 0.242003256608742
-0.102322431404388 0.221896321563216 -0.143480701402774 0.0764975254777221
-0.200133873563761 0.0786588482000335 0.138817696137413 -0.241083400832382
0.101332302276786 0.0801226464281426 -0.146548093721236 0.299536830322896
0.0768247422718084 -0.0817427156678067 0.198167230245011 -0.0193463394233266
-0.0355480286853588 -0.10283123888779 -0.0567530590590836 -0.290229020196865
-0.0857809148615939 0.015766223072935 -0.351631216358038 -0.162720559572058
-0.0213670213604 0.0587061205411924 -0.374167642031237 0.181587950351214
0.00712800306262586 0.0425375855710517 -0.139649837335897 0.312518773275463
0.0215636400081891 0.0326014211767735 0.0305455136078565 0.255964098858668
0.0155670284618082 0.0175314540484371 0.120853659829464 0.204518264975103
-0.0014570621455641 0.01898911352252 0.181022864337268 0.18720265443608
-0.0229262328479031 0.00403427889145485 0.164651937991474 0.257829059069588
-0.00966701774435935 -0.0154904004020252 0.018643092040228 0.320709464643261
-0.000310085020815507 -0.0277623413736415 -0.207136413092414 0.286285622987741
0.0795012472488524 -0.0273475508666158 -0.371167675839578 0.228300000969328
0.103327298561101 0.0683534609352001 -0.451294156419732 0.161467309992827
0.0265390064302186 0.177907765601261 -0.429000614248056 0.345370888837564
-0.000448618080940458 0.221778524907893 -0.169604147739738 0.270914107067692
0.0976297297811689 0.0658594041540532 0.211396296232263 -0.0113159388678329
0.0642063055106922 -0.0263873863017452 -0.0104841915753915 -0.318008977442206
0.0126559262629055 -0.0231232996611004 -0.355471356899266 -0.215920873579536
0.0319970539368012 -0.0274713344943999 -0.399517510126711 0.150564796335422
0.00540681834022953 -0.0515267353445407 -0.166151498250053 0.305307670441797
-0.0173352338711619 -0.0416116327884947 0.0164346495177012 0.259965644727575
-0.0278456272579546 -0.0547577230801303 0.114179482396911 0.199274847840355
-0.0323067538895417 -0.0627872141564297 0.185782791679118 0.163612259663772
-0.00762884541673079 -0.112248566081373 0.196840025570339 0.222925709056069
0.084337924876204 -0.102339833349858 0.0910113907917251 0.308021419417735
0.131166443666665 -0.0210070973299385 -0.127502365258895 0.314598442000674
0.163892652266131 0.1104863138563 -0.323483942699783 0.271372926337972
0.06657726209759 0.262580329841191 -0.406195714196305 0.179396939677702
-0.0972645842018729 0.343724768820213 -0.370322899520552 0.295923319756282
-0.1296245364354 0.328495880226439 -0.14888443619455 0.199434861846744
0.0731517916467043 0.231741181581438 0.244140846571916 -0.0171676561252727
0.15144776678568 0.0971534708652882 0.0703138171967724 -0.354832238436874
0.136834611915688 -0.0335456393814821 -0.326041916220664 -0.292234720328728
0.107245986592932 -0.110138299592702 -0.404476904145978 0.0795557332463129
0.0173127605606125 -0.150973649203102 -0.198816902085851 0.25516975586731
-0.0497404960401464 -0.118751859813273 -0.0162722323596282 0.230484207590879
-0.0677391295991648 -0.118291340313486 0.0902452047553955 0.166031585217928
-0.0626975602358726 -0.126841387768577 0.172800025318262 0.110535919888707
-0.0115818129636505 -0.204886529125686 0.222870022465423 0.146400549900062
0.136815542369585 -0.195577576285222 0.185441885489853 0.249431114113606
0.234082467833393 -0.0680325052898778 -0.000470040289093955 0.323954291804924
0.277425976407654 0.178435657729607 -0.232883426258841 0.320963759963599
0.0887208097351676 0.407212508995561 -0.352861071373251 0.195190983901607
-0.168764882805544 0.468859777615648 -0.286196778620426 0.20814239627576
-0.256453825993779 0.379493363306308 -0.0766334994840591 0.0887847958401261
0.000387024235066501 0.377187318640304 0.291598346878255 -0.0390838830127428
0.195931153522474 0.247399010249347 0.180426535484795 -0.374057696106012
0.258892462302867 -0.00188590287864818 -0.235828895921164 -0.368397954179367
0.190558658870158 -0.167061284461169 -0.366431359627599 -0.0270238313390886
0.0430217361123835 -0.233746793614373 -0.219932145581324 0.161395638982377
-0.0694105822896407 -0.184825006412483 -0.0595250176185922 0.166073154709908
-0.0997939447083025 -0.165261385368393 0.05239528592874 0.10836244129602
-0.0874595879286351 -0.164961581382563 0.142188930718395 0.0399954228992997
-0.0271940748384661 -0.259949688226051 0.225528349386741 0.0482121237782272
0.148859508420713 -0.266917469393684 0.258019600395549 0.151576424533188
0.285689288326616 -0.133934826445958 0.131894208329493 0.289496561406049
0.368297611087266 0.18252589498997 -0.122201390718451 0.33684577408473
0.126292064526742 0.474794769801036 -0.297194051453004 0.193617249252258
-0.194225959625037 0.527550919209508 -0.198256877107739 0.0931073544808558
-0.34476390909263 0.35685226588549 0.0405212534877023 -0.0433788063894284
-0.10333020570265 0.445475354452522 0.343081121737073 -0.0736577855210724
0.170264634924717 0.364072093425394 0.292258142963469 -0.35456757278478
0.326997445583714 0.0612652135202562 -0.0939113196803442 -0.408283471215698
0.252247761442456 -0.178182756859909 -0.272617179291881 -0.145186075684191
0.0713963011469641 -0.275127033085958 -0.21755336162336 0.035492772151862
-0.0747886005774772 -0.223454351938268 -0.102119466828721 0.0750346046555287
-0.11723532970014 -0.186522208106544 0.00812616972763286 0.0366961101128622
-0.101481717889097 -0.179101192241841 0.0976054864158474 -0.0369479274210164
-0.0392754580737902 -0.272660260381362 0.205104540250435 -0.0499454452419428
0.13838764356858 -0.29260497676455 0.294062716358999 0.0441714297602196
0.293299074290945 -0.171567167377665 0.22892524921475 0.224106677197912
0.393092519390019 0.166524611500338 -0.0264855639030129 0.315988915574238
0.128910091362968 0.470158651959426 -0.248574152777038 0.170366702752184
-0.200382967609368 0.506324515326714 -0.114102500078874 -0.0315025062782039
-0.35880497067556 0.268578659616554 0.178219442243023 -0.171450777074634
-0.188415402684697 0.404700244571972 0.389788500588372 -0.108293374005225
0.0923372763193412 0.386804322050799 0.373057798565204 -0.301615263302462
0.307881458720627 0.111761013249402 0.0568728387898697 -0.387785883968139
0.258078101863436 -0.14626788234588 -0.146187266129223 -0.239652918917655
0.0875304884419786 -0.26157870119266 -0.193863468838863 -0.0929051144897945
-0.0655635122755453 -0.223852610214113 -0.135585920220189 -0.0240112705609387
-0.116361522626705 -0.180079608921181 -0.0351326614363676 -0.0381433720776054
-0.102268760921312 -0.170276395190248 0.0503920847129477 -0.109195742001565
-0.0404085568938886 -0.252133337886394 0.173938377041195 -0.131761628869916
0.124490616882984 -0.272196539623268 0.301341528902811 -0.0482594078818091
0.272746051438685 -0.159414314535892 0.281824937083678 0.160630133832278
0.348588007534381 0.162462680298955 0.0353799874255391 0.276538928260764
0.0777032369474299 0.418547181316611 -0.207614649714235 0.13611643157094
-0.20685538070616 0.411987564235723 -0.0333558754897666 -0.138525288691255
-0.294427997075213 0.141034946619234 0.299422890682007 -0.275075483753408
-0.20954363957312 0.273708859192103 0.41821236619605 -0.133331942201136
0.0150254405967231 0.306819154678701 0.408197319663248 -0.240593443661639
0.220468223390443 0.114613105286069 0.170587483225584 -0.336010031335265
0.201687729052037 -0.096562400400599 -0.0340813084337845 -0.295804455439163
0.0802272316199625 -0.198709153715194 -0.163559016973324 -0.192876795353162
-0.0480927577355401 -0.182142514324639 -0.159567722915491 -0.110970793156259
-0.0972296488494196 -0.147804408497173 -0.0711924487728745 -0.103835851327065
-0.0873828920090999 -0.144476178572159 0.00982829122183047 -0.170546815406877
-0.0324505263603595 -0.207920386195607 0.146462555758441 -0.194494333362421
0.107939867409611 -0.218325401822522 0.300265549851139 -0.112941758787415
0.237380289730391 -0.113332598344214 0.30675175079247 0.120535690962536
0.2601735301331 0.16824730099601 0.0694355046030843 0.243471544104682
-0.00319805335432012 0.334169297373251 -0.168768944932751 0.104082994674987
-0.207722147628793 0.265510773130259 0.0451297774188001 -0.211120815273256
-0.1715156041726 -0.00587134931097316 0.368295236862405 -0.344290780237896
-0.168649378944751 0.101235328942438 0.413368847559825 -0.14691255707391
-0.0327518437900833 0.162594900624542 0.403478717766978 -0.201615775492163
0.10318741411288 0.0745223085438673 0.225654898053336 -0.295981217429159
0.106008146357256 -0.0420921986157498 0.0238192654623055 -0.321250444890813
0.0548127072741847 -0.105613916577516 -0.14651801121905 -0.2478688763523
-0.0233550467927904 -0.111254475570475 -0.174756372362821 -0.165670774737894
-0.0628326512446506 -0.0942716587968722 -0.0959426376085855 -0.151700260916178
-0.0605027733875212 -0.101154107810662 -0.015003752323399 -0.214658855590366
-0.0213883431872383 -0.145200555414397 0.133714468619282 -0.237079668087969
0.0837507649166738 -0.146867937687213 0.303476444775787 -0.152672681482434
0.186619638461592 -0.0549643750704142 0.320274367154876 0.104788946854163
0.152170622972731 0.165573052475428 0.0856694116010978 0.229115105015081
-0.0827765315661489 0.221218155402584 -0.134399697152952 0.0844987113900466
-0.187269487256752 0.0900880795574545 0.117420272226603 -0.239869998542121
0.109864542769696 0.0652380865584447 -0.108001824250985 0.294919078605077
0.0623297254167509 -0.0858176387898315 0.178910366405453 -0.0427668532417917
-0.0493558023684597 -0.0924570771488852 -0.090937877171551 -0.260269366573547
-0.0785942626085173 0.0245391593467737 -0.350096819549089 -0.102874029989799
-0.0127544781427958 0.0559449067294529 -0.322962857007166 0.222852903137275
0.0124224627085543 0.0386202022266672 -0.0888068857666707 0.309997766180069
0.0245086608577789 0.0280048877883018 0.0609781854593479 0.23604678879668
0.0162034265148764 0.0133361300084095 0.139809534312913 0.171186779692832
0.00163261228905292 0.0159254821772535 0.19341755183009 0.147217675292972
-0.0204888562236396 0.00408942214910749 0.190210901099272 0.215510117169205
-0.00952001511762722 -0.0152301054546929 0.0584477721586565 0.299222725505153
0.000943203086551228 -0.0248002591320064 -0.161806893899506 0.299193442591559
0.0716941692325505 -0.0351196323546928 -0.318252546574514 0.258969812649178
0.106829580771106 0.0536595876665085 -0.395339474609386 0.208204327603218
0.0547540426628199 0.163900979541372 -0.35875324496963 0.385479207276758
0.0318935419923334 0.21698995820447 -0.126182816152802 0.258582738435231
0.0998694315869554 0.0489363745474036 0.191331247255982 -0.0414600625813932
0.0537899411825382 -0.0345424504608607 -0.0547690941426995 -0.298267103717795
0.00731205479624217 -0.0232491432811449 -0.363949773250073 -0.14939624965157
0.025252104766944 -0.0310257690265479 -0.352610723435048 0.197188320663492
-0.000871407954852881 -0.0474539079342508 -0.117408598464581 0.306457507958276
-0.0210053381916364 -0.035074997785388 0.0475915678401508 0.242088550586718
-0.033425584094902 -0.0471709533113852 0.132865591640825 0.16738516103432
-0.0375116103035979 -0.0551798721949796 0.191774614878124 0.124387062383768
-0.0223231148958558 -0.104255785508844 0.213278783468713 0.175593599565837
0.064085678639891 -0.10945574399195 0.124453157168346 0.273667515934823
0.121848044168332 -0.0359085840288235 -0.0819124388052271 0.312026616563948
0.169410905339149 0.0792301529381308 -0.261917788779972 0.294823775860935
0.100191283460478 0.235332612802302 -0.347960040090924 0.227399934226098
-0.0370399964227724 0.332844960213867 -0.313455510389791 0.3357356747938
-0.0753794936606995 0.337718513015313 -0.108739801524705 0.177324278511857
0.0970629969669853 0.206217267808717 0.222443167868279 -0.0564266537287712
0.151846957907929 0.0685548764503799 0.0135093004481849 -0.349942240381585
0.121283786887258 -0.0474379471784671 -0.350708033480935 -0.228004582645923
0.0841451353314601 -0.11758232992203 -0.372321210737961 0.132203303453318
-0.00285063338783958 -0.140703363208029 -0.156462196468839 0.267755511788437
-0.0601716445451214 -0.102055748550743 0.0111839805474885 0.21879169852526
-0.0791267573407475 -0.101127045128286 0.105344771961925 0.139886297438576
-0.0750276931636172 -0.110283657574728 0.171880412389472 0.0771582209826381
-0.0397076111288853 -0.18817126934145 0.224680708352856 0.0993826409221768
0.0980764408891987 -0.202858928929014 0.202269864974283 0.204503033070528
0.209629935155217 -0.093621478378764 0.0397182156822902 0.300760945504248
0.284642466211917 0.124117593683491 -0.168731875105514 0.328579288003123
0.137483981916243 0.364374997874858 -0.291472580571671 0.242132984020424
-0.0848191398246745 0.457590125505002 -0.249201981799883 0.247116819655185
-0.189914011413755 0.402264330495931 -0.0460606780199425 0.0587353690694677
0.0470559036019875 0.351011420128318 0.265602963547755 -0.0872907897335757
0.212912040699591 0.202291382531291 0.113152814216636 -0.39036721814494
0.238779725588027 -0.0329801135618921 -0.281415679910499 -0.315527730588821
0.15453011079537 -0.181308624857712 -0.356101082894865 0.026311956396761
0.00961286101722355 -0.221429259642604 -0.192592188423224 0.184277498208678
-0.087095326953 -0.161005201261998 -0.040188760158678 0.165702159397355
-0.113950585189232 -0.139272008835113 0.0629522566050826 0.0923570664145397
-0.102736497007929 -0.143072109537786 0.13268711957775 0.0147406118198938
-0.0614302461146642 -0.235814730097551 0.212518402506325 0.00777368080086554
0.097893311159092 -0.270611539250785 0.257218977480875 0.101586667084382
0.247888947315403 -0.162523514274448 0.159317809327746 0.247962522964098
0.368930531566112 0.11477556771355 -0.0614324797089536 0.327933359555956
0.180261744261728 0.419956489714959 -0.236067381718847 0.236174125902746
-0.102379027070186 0.514281299581455 -0.181923913538389 0.128893101827426
-0.276654192719956 0.391821965746254 0.0537570676136643 -0.0803451286185897
-0.042510936675734 0.42720474126991 0.312533176764926 -0.127567818853558
0.205013829903515 0.315845316102666 0.223879512354179 -0.391490525174039
0.310105805285997 0.0164513405191496 -0.154823713561588 -0.375441704863185
0.211284566682725 -0.199400861926771 -0.287104903087075 -0.0998591080248008
0.0304289895375985 -0.263570218700003 -0.209368966025161 0.0664798799623982
-0.0974646353838181 -0.1967670617965 -0.0937239971345923 0.0856989680639158
-0.132515921206375 -0.156482230965013 0.0118679632604783 0.0317410693367999
-0.117762736975203 -0.153303484897238 0.081122225576799 -0.0495924815098486
-0.0746809443366493 -0.244916220481083 0.178869919810008 -0.080198121743184
0.0838851377924075 -0.292142656952978 0.275948390729437 -0.00472641413450019
0.246850152367595 -0.198416399443729 0.242137633434007 0.172475588353283
0.387693278325275 0.0943766063752447 0.0256259815865277 0.294586989923188
0.182384691298981 0.415583542538809 -0.194817291282304 0.208373436309948
-0.112837479973183 0.495375722865491 -0.118546728517589 0.000117316229136205
-0.305119564231215 0.308820925921201 0.170197966391799 -0.210838735394964
-0.126602178473563 0.399024995391186 0.355510323725562 -0.164877116215275
0.136295186476379 0.347063687951625 0.311115866141753 -0.350753341526621
0.29957968243865 0.0669265686364341 -0.00735186292762839 -0.381390950117714
0.22097994902381 -0.170128429684074 -0.18148316535805 -0.207939049879609
0.0472194822503746 -0.253420283484741 -0.204335440163302 -0.0574960085664441
-0.0897160086869265 -0.197112983099058 -0.138942732161055 -0.00312743480479542
-0.131153026088786 -0.15064857950738 -0.0381934698011125 -0.0309667151703856
-0.116963778768233 -0.145224980941621 0.0280838291709317 -0.109933642995292
-0.072499140538083 -0.22590200119749 0.138326677254947 -0.15129729632438
0.0741701640725351 -0.269513351974341 0.27099229122294 -0.0911211192286832
0.229064216720588 -0.184540400635739 0.284048517589989 0.105591533650256
0.344601799700611 0.096308537209539 0.0780392192343869 0.250925160024269
0.128833988604261 0.373822189763416 -0.162808672057591 0.170845150730594
-0.132519611477154 0.40728652084791 -0.0571701730796819 -0.113848584563512
-0.260188257353707 0.174894544416042 0.26699563793973 -0.314170519051875
-0.16298898779712 0.279533297389081 0.379692470194377 -0.186462449164857
0.0535912512658309 0.281061850203411 0.354857273499197 -0.296518076019141
0.217531714756291 0.0802233308608474 0.109484352039535 -0.347719186229343
0.175774259756748 -0.116004661123901 -0.0819645474226181 -0.27769430672019
0.0482792572698218 -0.194767080562939 -0.187515328095551 -0.156587032976525
-0.0686384569350971 -0.162146084014879 -0.171860071073085 -0.0806566675933018
-0.109269762768198 -0.122435503994623 -0.0806107509913572 -0.0868464029970343
-0.101035636639736 -0.121594500164768 -0.016211297668112 -0.160604906474724
-0.059519640312693 -0.185308909841559 0.106850121323827 -0.205326153353946
0.066708386326752 -0.216683147497757 0.262352787749607 -0.150461813164676
0.202045557053137 -0.137007725100992 0.303723712029638 0.0647920775579054
0.265371726031528 0.114635102153285 0.103909128730553 0.217874600373593
0.0432487555053411 0.306735922941644 -0.135701180290287 0.135160609623568
-0.153807031907842 0.272858152857357 0.00738216102245774 -0.196954615764882
-0.163621489122128 0.0147953272864787 0.315746348713132 -0.371054664137407
-0.14433143977407 0.114058250020659 0.37521227401655 -0.193569462148978
-0.00924828711910801 0.153078275038582 0.355996775964281 -0.250697229186741
0.104177959817699 0.0562422931088285 0.169710087763744 -0.315384537829394
0.0938568097122214 -0.053112284840242 -0.0279418311510826 -0.309473045383539
0.0362693163282006 -0.105334834800432 -0.175680962017874 -0.210937043274263
-0.0371239487115534 -0.0992821375536335 -0.190403964424312 -0.131323924694925
-0.0702279280741049 -0.0771118125499968 -0.109253415694597 -0.127419430785198
-0.0703599322272836 -0.0852579361391883 -0.0446095538268904 -0.19751880832368
-0.0405174661177524 -0.128325656219852 0.0897567688267375 -0.242212985692354
0.0544148172672529 -0.146525433827279 0.262084643659186 -0.185559388719296
0.162148294049272 -0.0776426920143617 0.315741869013739 0.0516058911439529
0.164031079701404 0.128663480445664 0.115548400032943 0.204938203944629
-0.0435614475268542 0.214108696930644 -0.111971161598036 0.110407403246979
-0.159860080425268 0.108258361179396 0.0719904043873606 -0.238091820789335
0.105602211855673 0.0618879304864984 -0.0990885662215301 0.278525584329246
0.0584474724056449 -0.0808582636761042 0.167649744753365 -0.0412922280201157
-0.0486452320935103 -0.0868325586614417 -0.0861998493533574 -0.24563483080985
-0.0742084805342532 0.0241394984849632 -0.331003165018447 -0.0977315410473153
-0.011268953882638 0.0528136418089425 -0.302842565319573 0.2115326934167
0.0123233494391216 0.0361737647213279 -0.0824723324477623 0.292108750259431
0.0229242982546042 0.0263147056317488 0.056421360062764 0.220999117009986
0.01521509514505 0.0115413319978839 0.131751060804855 0.159143833069348
0.00154509893273232 0.013473086241696 0.182375163962436 0.13571810792951
-0.0185643674855931 0.00389094017805438 0.182406366208802 0.199697701471822
-0.00865912751535504 -0.0148145754845455 0.0574075634548071 0.282668669672801
0.0017964881090053 -0.0230152624830846 -0.152533361725193 0.286637910096494
0.0663013732565328 -0.0337202995127772 -0.299188388487732 0.244330226726849
0.101139906167855 0.0499004521252767 -0.374666049117465 0.195149259752926
0.0531252131422288 0.154455223359489 -0.337888486058183 0.364596091125072
0.0326998061694392 0.204783029852926 -0.118072808113379 0.245462937694118
0.0940374511421023 0.0450855606281068 0.17908582008722 -0.0394139128970002
0.0494992071386686 -0.0334167222125545 -0.052445036798576 -0.281601984045447
0.0055166717653989 -0.0212899707382539 -0.34415544526669 -0.141033673881272
0.0238299945872655 -0.0295990854587905 -0.331052683034703 0.188340266279464
-0.00128539360801405 -0.0450742148695435 -0.108891146198435 0.290007131235916
-0.0202509387039516 -0.0332031132878124 0.04447793245101 0.226057379687067
-0.0320512418265227 -0.0445098018189961 0.125975405406939 0.154655305633918
-0.0355477832278952 -0.052649237647674 0.181172295696187 0.112940779199193
-0.0226445049308592 -0.0986445516448724 0.203906147652156 0.161344178726108
0.0587342016649244 -0.104301074756215 0.120245650093517 0.257199507830938
0.115945525113389 -0.0345125942064682 -0.0779800939908528 0.298511330399667
0.159690293565257 0.0734915452653261 -0.246476319988154 0.280354536744199
0.0951866379118008 0.221225562794818 -0.330228451951338 0.21287574388937
-0.0330243738292503 0.314916794670132 -0.296719119393761 0.31870502996687
-0.0681348746468767 0.319628509849116 -0.102562855495926 0.16982281934748
0.09252318314526 0.193700832849139 0.207995280857367 -0.0534481038747727
0.143446671226548 0.062798499214508 0.0125607824666542 -0.332026244315237
0.113576514537575 -0.0452461632388009 -0.330903803632952 -0.214423690960218
0.0776595005045248 -0.111776056586469 -0.349165242242322 0.126173578346433
-0.0047981928026761 -0.132472796802952 -0.146723560039712 0.253097894290258
-0.0583115662223614 -0.0956650243316794 0.0113747016289448 0.204754582037397
-0.0753495991552771 -0.0942784000755144 0.100759634433112 0.12922111210194
-0.0701929562852049 -0.104546366244424 0.161554217839464 0.0682022841086881
-0.0399200558674761 -0.177381079742647 0.213173105884163 0.0889827184571311
0.0893128336167122 -0.193409777870735 0.194599193389859 0.190043768386192
0.197272539199287 -0.0897290745560047 0.0370850372251129 0.286085400163455
0.268469588867497 0.114313635187259 -0.159284088971616 0.311236229242537
0.132320025493632 0.343691911356903 -0.277389592562379 0.227809302171007
-0.07895796336074 0.434670673029699 -0.235923486037231 0.233809017137964
-0.176669824368201 0.381006299822449 -0.0449229937809778 0.0584569848257479
0.0454291887182134 0.330233128567041 0.249173104903632 -0.081909550811985
0.202146572708036 0.188002664999081 0.108540542881134 -0.369861903219218
0.22483545603403 -0.0328228738470718 -0.264160970362825 -0.297229279617788
0.143228786136029 -0.172758263472661 -0.334505484437575 0.0253554859194785
0.00583373505349706 -0.208155764259808 -0.18129257969933 0.174504263815817
-0.0844457279792876 -0.150775373290461 -0.0363989433860551 0.155312160451613
-0.109040489623865 -0.129277917907537 0.0600641007520966 0.0853927925212826
-0.0971893509516536 -0.134735157869313 0.123611382429645 0.0110066503620478
-0.0610629851452762 -0.221895197234321 0.200628954968496 0.00271561953111764
0.0881579773495278 -0.257170595430997 0.245965701589782 0.091674510815201
0.231791963561312 -0.154729522193994 0.149539900330654 0.234628127700123
0.347319581702168 0.104180183655733 -0.0587325540455316 0.311749964516059
0.174786812542122 0.396116107788342 -0.22623665765695 0.223737148217147
-0.093935376696779 0.488749917340841 -0.172225505585543 0.122490812359149
-0.258672098077597 0.37173643529512 0.0492363697081347 -0.0740415680750659
-0.0373553448366014 0.40337500130579 0.293866801140394 -0.119921030237244
0.196161171458007 0.29524471135715 0.211873054597531 -0.372924658139174
0.292190030215385 0.0139329587366538 -0.142816642753208 -0.354757830633069
0.196619114609561 -0.189727568556811 -0.270473352819291 -0.0954513507613945
0.0253159949975144 -0.248445715010211 -0.198183316945558 0.0644578248093625
-0.0936848180767681 -0.183672606905186 -0.0869876354644111 0.0822837337902334
-0.126138019928306 -0.145029175472053 0.0114962952427146 0.028968380645884
-0.11171749915135 -0.143819552045063 0.0748674908819249 -0.0493265307585493
-0.0730020023058384 -0.230739167471006 0.167919323855151 -0.0794053563757045
0.0758651542843193 -0.277529298221982 0.261695162728304 -0.00919127033096252
0.231193287629265 -0.188446031752348 0.227730343701576 0.162026920738804
0.366232652031312 0.0845209964444971 0.0226223329599332 0.280269418525881
0.175314718369339 0.391850565169779 -0.185380536851502 0.198650740273452
-0.104373098141641 0.470701695634573 -0.113000657728047 0.0020635041145378
-0.28598403189563 0.292604259823496 0.15842426299191 -0.198194655699482
-0.118711881896502 0.377169817313521 0.334148259219768 -0.154193185042176
0.13120811556206 0.325300202006481 0.294834692225387 -0.335231844005215
0.281534238751801 0.0606664706840366 -0.00446244868381086 -0.36078391913856
0.206029322313083 -0.162395789783448 -0.171972271966935 -0.199439457290323
0.0414174165176504 -0.238807528390189 -0.194236611880735 -0.0525532838698125
-0.0862702907066029 -0.184323317978167 -0.130635375128515 -0.000484700519660887
-0.124176470074941 -0.138948992362763 -0.035805309115757 -0.02953178873873
-0.110471309624646 -0.136073628635917 0.0244133015938323 -0.104293659416331
-0.0707620254181063 -0.211473886348363 0.130307598321413 -0.145610677244196
0.0668219535309788 -0.255991947904056 0.256851347620567 -0.0910767195082566
0.213605243109304 -0.175621893898196 0.267750059295987 0.0989021728996691
0.325046877091492 0.0864596848263054 0.0713695660643702 0.239374550826225
0.125361093191019 0.352192130030719 -0.155665341234625 0.16394080400578
-0.122356256666035 0.387800980864065 -0.0549306906812248 -0.10589156696165
-0.244874229494286 0.166124468277163 0.250317839544612 -0.295600062058514
-0.152947769852915 0.264617615703966 0.357451959073775 -0.17441533126797
0.0521673229343409 0.264069599373408 0.334668078194927 -0.27985715417932
0.205209919119581 0.0732478493846141 0.106349560159069 -0.330342376519299
0.163755728413073 -0.110910149811024 -0.0787378326961783 -0.264913325042747
0.0432523008028175 -0.18441519992539 -0.179165212073707 -0.146476069677884
-0.0665872236594237 -0.15160488934518 -0.162697053972728 -0.0727349633662737
-0.102970547664867 -0.112980344103103 -0.0763849557261397 -0.081382362383535
-0.0955295559000175 -0.113074891791003 -0.0171975387498804 -0.151628785737463
-0.0574650803134487 -0.173569526275506 0.0989286315080549 -0.19524634093105
0.060538381692605 -0.205307627669928 0.247490096394566 -0.14627093208382
0.188076710182832 -0.130038525280963 0.286345037130915 0.0596300886761434
0.248873730876887 0.104916999425113 0.0968954055478188 0.208131119954852
0.0442825155789515 0.290407887418741 -0.128762214841717 0.130160969256442
-0.143273857790773 0.259556346056557 0.00501978953905599 -0.184905220070904
-0.154380759553964 0.0148743200747616 0.297474363225204 -0.350154350305391
-0.135373048682222 0.10898770495592 0.353794357740045 -0.182809326003202
-0.00766485493217953 0.143393129816838 0.336813649494792 -0.237617411333032
0.0976470819624758 0.0520803239531108 0.161843006176472 -0.300721800091689
0.0871291049167342 -0.0508642372864828 -0.0282052598127889 -0.295101791619379
0.0333570320277775 -0.100037696950821 -0.168306114641189 -0.198041764516643
-0.0363356797009877 -0.0929368283844767 -0.180499446780497 -0.120656348769011
-0.0662258024457498 -0.0705254646240747 -0.104161983077851 -0.120109285460393
-0.0670721450170619 -0.0784092265085348 -0.0429632389368037 -0.185981827581314
-0.0392552251172442 -0.119586147258267 0.0829988425444372 -0.229652390462277
0.0507552646948653 -0.13891800575255 0.245771578045864 -0.179267827732634
0.151420878625299 -0.0744739426696999 0.297524308260918 0.0470057773541431
0.154857455371414 0.118833211096895 0.108475728380822 0.195234100444875
-0.0382851663142475 0.202796679372804 -0.105676727067182 0.106055229991188
-0.149234001848851 0.103706579119531 0.0654617048146596 -0.224219698785278
0.101771229989958 0.062220830883015 -0.101729062086628 0.26903298599009
0.0584193624890499 -0.0769284400335145 0.162727942823047 -0.0354965326438612
-0.0462908616626044 -0.0845062830303904 -0.0779760520913497 -0.239678516210563
-0.0718927237772807 0.0229613857571259 -0.319395474391605 -0.103840032361322
-0.0107465674918412 0.0507292864160877 -0.296311299553814 0.200754505909345
0.0112170315252401 0.0343467202300325 -0.0850935663960438 0.281700149839599
0.0219678240158243 0.0256465971373798 0.0473960697220958 0.213497226495581
0.0133105331549003 0.0107964944243935 0.124475127955835 0.154456929936247
0.00156272124083695 0.011824783267267 0.173110591819711 0.132677094085475
-0.017874571558474 0.00302030756784942 0.174552714795477 0.194597754446444
-0.00876323780838108 -0.0151346145875587 0.0513771107438792 0.276538758396957
0.00348638997343034 -0.0221937080646377 -0.155836574873459 0.278269054015003
0.0639868369729374 -0.0311743617949895 -0.295076501707256 0.230953154585931
0.0968521188520041 0.0497985422898261 -0.3710277995598 0.179055763982387
0.0491786892548726 0.150958420692218 -0.336574672143812 0.34714139781467
0.0292699927913026 0.199639693350999 -0.119660164008814 0.238004801378404
0.0904376783033227 0.0457748695637773 0.173303564471765 -0.0335340711946201
0.047286679435817 -0.0316105521974762 -0.0444476145628177 -0.275726428443586
0.00529283051214722 -0.0200477045974698 -0.330052152290892 -0.146130799076996
0.0237914999432767 -0.0285473524275292 -0.323099120686522 0.176450700782321
-0.000919261153024756 -0.043732344022191 -0.111231910119576 0.278921808422681
-0.0191518877626813 -0.0321716762809794 0.0371959721133728 0.21799457175016
-0.0309247169624739 -0.0439086536508276 0.119582536993558 0.150398037729735
-0.0330687430506488 -0.0527868151004602 0.172722172821464 0.110067919038291
-0.0211655890332868 -0.0960449982371504 0.195797528060622 0.157292936386044
0.0577320085682203 -0.101222117827804 0.113916435333841 0.252011779494087
0.113002332269558 -0.0315199720894182 -0.0825303476996346 0.2900128455344
0.152286270593814 0.0744690719557411 -0.246303495424851 0.26631528831451
0.0883606632708008 0.216667771559787 -0.327543021999642 0.197806763914644
-0.0384243462014289 0.306740621809674 -0.295194032932688 0.302990669757752
-0.0708263437352167 0.309827186699014 -0.103469809898577 0.165155510461243
0.0860241815664924 0.189383625861798 0.201266551821882 -0.0457157627569835
0.136894840638771 0.0629000615845439 0.0198694876343774 -0.323165515063548
0.109422193846471 -0.0416160366288025 -0.313988728654101 -0.216011531991865
0.07658838573229 -0.107389163513446 -0.34027944667769 0.115673478157706
-0.00309465825710104 -0.128376346380348 -0.146504550917486 0.243016520984375
-0.0547043180862572 -0.0931730826001726 0.00694264484589046 0.197347336257953
-0.0715515777387721 -0.0921127966779263 0.0952307033581712 0.125323340394813
-0.0656333187559493 -0.103300489520348 0.153994750993444 0.0661071183836845
-0.0368516579326045 -0.17320952642845 0.205888034515362 0.0874640470676238
0.0882435127642003 -0.18752278431164 0.187303730210298 0.186567294155231
0.192966146628354 -0.0833888117439773 0.0290767995596133 0.280861735316921
0.257449474503702 0.11582850540014 -0.162692322460143 0.30043150932441
0.123085633604551 0.335733458850619 -0.276451604279745 0.214427278044499
-0.0845492574204841 0.421917143282914 -0.234911465787364 0.223893939461669
-0.178182876642479 0.36757464045535 -0.045150320767268 0.0580366581564046
0.0376840443719332 0.320701097155227 0.241598185606525 -0.0720492691030449
0.192687767446491 0.184703810260601 0.113589604367225 -0.358586887244458
0.217595578746271 -0.0277372167987966 -0.246243367210666 -0.29577013716436
0.141251016623303 -0.165354604676385 -0.324529914047285 0.0166878556600075
0.00771158425181975 -0.201718666402362 -0.178426717207137 0.16682584993633
-0.0799644151817807 -0.146986976788177 -0.037871173947655 0.149629502705714
-0.102764934845373 -0.1267083712164 0.0573537470765222 0.0819169986886959
-0.091373992123394 -0.133301822173129 0.118458895660562 0.0109101173224127
-0.0568673049249274 -0.21673124899063 0.195055953950105 0.00376513674201019
0.0871375749588516 -0.249248700169111 0.238168328727757 0.0906255509388791
0.227241628669533 -0.145984570413339 0.138756244413911 0.232450143051055
0.334604854348497 0.105238268748759 -0.0660176944944665 0.303548511403901
0.163581167667422 0.389026963324543 -0.22661212135671 0.212347852146509
-0.10038854258003 0.474402499610195 -0.170633135826655 0.116963807870656
-0.258124715130811 0.356589252482359 0.0482351697816066 -0.0684897069972612
-0.0448076525963283 0.390619318629951 0.286208063905804 -0.107502257589324
0.184853361493257 0.288839435527745 0.214690907664695 -0.358864942610492
0.281917694670351 0.0179525304267523 -0.128099714326465 -0.34923116632585
0.191790662000487 -0.181795819774154 -0.260449061558481 -0.100229946768195
0.0270097674710802 -0.240482701849452 -0.194029785936998 0.0588941607329388
-0.0889533516571876 -0.179325126144643 -0.0859263547911226 0.07862171757076
-0.119397303419766 -0.141381489337505 0.011383621967595 0.0273495902771101
-0.104873638083196 -0.141806033739797 0.0722056244631675 -0.0477190622814199
-0.0680525023298458 -0.224430929849827 0.163943210018142 -0.0759265685687357
0.0765374141393454 -0.26948524019401 0.255999476754683 -0.00818730858079871
0.226263772929865 -0.179052522062398 0.216281692683744 0.162377330291913
0.352273487016485 0.0868713838057191 0.0139127341173792 0.275266846307105
0.164762679271411 0.383950054998463 -0.186250936295441 0.189804509752109
-0.110845137790725 0.457897909066876 -0.110676144775403 0.000399227308488501
-0.283304792026463 0.27883150118356 0.157497063349798 -0.187469296903621
-0.122885486593848 0.363850082828607 0.326087289355001 -0.139924149286968
0.121006676124683 0.317794448256903 0.294352426819256 -0.320157901228717
0.27134337002418 0.0637819084204516 0.00695576819305634 -0.351889074722415
0.200868424522924 -0.154885063416812 -0.162827678637638 -0.199977979664638
0.0431087221166039 -0.231200557954255 -0.188717564433749 -0.0539681306201117
-0.08150372082082 -0.179683674616613 -0.126489897192 -0.00131368160491807
-0.117230926341545 -0.135226268761153 -0.0342113072954463 -0.0303512351520752
-0.104479342608813 -0.133779246611446 0.024209701003355 -0.101181372417685
-0.0648369419921464 -0.206203289037975 0.128302092318378 -0.141008658204965
0.0679744540288969 -0.247252948115523 0.252125775854679 -0.0866979514488257
0.209115952132967 -0.165724898180627 0.256479025436023 0.101010830779368
0.311966642275834 0.0878141004983417 0.0624487924591675 0.236587772267954
0.116864154196476 0.344808663368851 -0.156062959768703 0.157519681534518
-0.126410971988323 0.375512624799974 -0.0524314899009267 -0.102859692519837
-0.241244125900137 0.156849158157568 0.249679783837354 -0.280364487985837
-0.153560643903152 0.254519794019412 0.351192072062004 -0.159327623104107
0.04514252382986 0.256198191701061 0.331204423677716 -0.265815975581205
0.196953402547431 0.0747300012840848 0.113679972707644 -0.320119124319458
0.159046670382745 -0.105259847861197 -0.071614950208057 -0.262289342352872
0.0438718164821853 -0.177762415481146 -0.172594290754531 -0.144611801645766
-0.0627503512306082 -0.147052211679734 -0.156027351293133 -0.0722156714328758
-0.0966924221788151 -0.109675932602951 -0.0723639655090317 -0.0804110781109714
-0.0903616416839324 -0.111144744188097 -0.0147377850216975 -0.147139818160232
-0.0529367944009247 -0.168324455112421 0.0992567782416603 -0.189308122670349
0.062034085700734 -0.198536424120805 0.243968654905438 -0.139677870089531
0.183155207555083 -0.122650721570199 0.275840820612259 0.0640885931462805
0.237950159509369 0.104614200867941 0.0875246186599956 0.20589711720738
0.0389780299034861 0.282172259790866 -0.129073380158498 0.12530818816751
-0.143430563937195 0.250245975698934 0.00733413681316084 -0.177869891477153
-0.150084534995851 0.0115257915355906 0.296239561303051 -0.334456694381061
-0.132742751153781 0.10382310360027 0.348370509399831 -0.166097333728817
-0.0105184412941103 0.138270486741747 0.333542458429353 -0.224280340616131
0.0928054779368848 0.0521664875719796 0.16653271251049 -0.289958677664043
0.084335510892127 -0.0475738255169571 -0.0227293920763559 -0.290403021185439
0.0332879000191622 -0.0970198840527625 -0.161200052745626 -0.194285937625664
-0.0339640787263825 -0.0898354957183038 -0.172986555481966 -0.117833004045055
-0.0615730097320992 -0.0680809890007308 -0.0986317464687506 -0.117044525846254
-0.0636882532795521 -0.0762499924512838 -0.0385104942054922 -0.180734328141151
-0.036520578233363 -0.115975479306763 0.0858362181597641 -0.22207846513643
0.0513625647766431 -0.133696766056854 0.242689031861856 -0.170367390345533
0.146390116844597 -0.0693994415371315 0.28770889418727 0.0511420048801746
0.146392441155011 0.117168309586238 0.0995171908997561 0.193221128124137
-0.039949082002614 0.19613212424111 -0.105026933434873 0.101939486745899
-0.145525906237478 0.0976214883186089 0.0669131289541976 -0.215341119734929
0.102603025902265 0.0643754807455921 -0.107926760412813 0.269972686163499
0.0608578271098718 -0.0756604660361041 0.164566171065612 -0.0301133576013068
-0.0464614192838119 -0.085271873979144 -0.0728579289466209 -0.24329412307268
-0.072749741414098 0.0227225434240951 -0.320481329992132 -0.113268750130739
-0.010765044118327 0.0501413505097532 -0.301527840716318 0.197474150448949
0.0102590273856247 0.034444604232428 -0.0918973689262012 0.282581357147338
0.0217881183641079 0.0264748546699433 0.0400608708725871 0.21590518942502
0.0137026050891238 0.010445130648839 0.120773443065443 0.156737958597306
0.000973325488091018 0.0104621249187638 0.170835424147365 0.135043232349479
-0.0174719953619413 0.0015196155886024 0.171943671135491 0.197054446830997
-0.00807847172341937 -0.015957388945268 0.0463249142933789 0.280199813192483
0.00474206176667711 -0.0214096321932478 -0.163885491547203 0.279851221073901
0.0640406575080161 -0.0298054701701024 -0.302250447891746 0.224592394494219
0.0961231650480892 0.0511609937370088 -0.378265435217288 0.169383854211649
0.0470662713987446 0.153373685166421 -0.347089510007697 0.341219340357159
0.0275883968439331 0.202685721534593 -0.124755508941212 0.238121277884725
0.0903289342395635 0.047958725202082 0.174136482532108 -0.0273509124896152
0.0472525575018058 -0.031294542527804 -0.0380003176148248 -0.279254060515977
0.00484860350008663 -0.0184926208472787 -0.329502861767267 -0.156096445575786
0.0244662539518912 -0.0287076466490295 -0.328584956817508 0.171508024633567
-0.000725628322020938 -0.0445323278716901 -0.117376201303981 0.278489310152909
-0.0185360597192122 -0.0323446494852387 0.0311032516025016 0.218301001145392
-0.0303184814115067 -0.044654863266668 0.116514211173414 0.151859294503055
-0.0325397543016 -0.0554632102235393 0.169874919388881 0.112402271965809
-0.0193446067322312 -0.0974981252711164 0.194667293107177 0.159186746699743
0.0594927233631177 -0.101895349821914 0.110869711173688 0.255540268853825
0.115236856993636 -0.0289383839586123 -0.0912714653930102 0.292943735594508
0.150903569935723 0.0779960027822507 -0.255433355561787 0.263565221217258
0.0844682412032422 0.219888802610831 -0.336548240309105 0.190625645740363
-0.0442060770819934 0.309086712390591 -0.305801613788392 0.298482808575753
-0.0762095372419854 0.310334991462879 -0.107677800528268 0.166696727676428
0.0822359181411308 0.19150370491221 0.201973373472526 -0.0390894135300794
0.135508110248559 0.0648519298246016 0.0287124399468611 -0.326370175072405
0.110091812574801 -0.0391279504202749 -0.311441280034847 -0.226524701759361
0.078768266733922 -0.107279054142429 -0.344888084809929 0.108441081639287
-0.001219898386993 -0.129209048867821 -0.151838175719201 0.241606368861006
-0.0541521267644133 -0.0943940649009628 0.00182576526683895 0.197494954507317
-0.0706044062960792 -0.0932458792887105 0.0934099999679221 0.125782435471846
-0.0642695296178792 -0.106591333183122 0.152580434511497 0.0673578524016665
-0.0352996442457233 -0.175266754914359 0.205940656224275 0.0888837647298296
0.0902691388174793 -0.1885446592953 0.186977242085645 0.189637404951356
0.195995791787194 -0.0803535829793779 0.0208690353380625 0.286051170345819
0.256139156890399 0.121201395423806 -0.172269717898472 0.301385605503103
0.117893444980388 0.340385816413309 -0.285691680525087 0.209238154004128
-0.0946442925124595 0.423771751419909 -0.242199120784836 0.219766675591319
-0.18533155959225 0.367096860352082 -0.0477259834922356 0.0604237698413589
0.0321199779669996 0.323748960261433 0.243737305663768 -0.0643789087517824
0.188508613293523 0.188796322155391 0.123376261542795 -0.359478932095749
0.218194491055397 -0.0234901376386877 -0.240058720586523 -0.305118113415672
0.143462474899527 -0.164598533541504 -0.326775998878088 0.00751046439564295
0.0105471070849903 -0.202421086509972 -0.18315717078362 0.163761955766663
-0.0777619095029697 -0.148231825772938 -0.0399104754059045 0.149870101329853
-0.101269156496921 -0.127957084227026 0.0556937175615472 0.0820079360673917
-0.0892487366196154 -0.136801568828689 0.117488312949381 0.0108319529417909
-0.0543157023812494 -0.218265022552698 0.195932394319698 0.00449265125336947
0.0897651011073068 -0.250643231415201 0.239496132129571 0.0933930335838436
0.230534312088297 -0.143261688155674 0.134013005495522 0.238214643435375
0.333529211675299 0.111418923646889 -0.0757948823129428 0.306697809353154
0.158364250276173 0.395954733442232 -0.236233927562915 0.209754029016207
-0.112215360930238 0.478109133623958 -0.175591739697829 0.115362118300569
-0.267159197513917 0.353997718691392 0.0492336563522147 -0.0647684222762435
-0.0532747404140919 0.392218433943925 0.288306882288875 -0.0989111526828054
0.179603408286983 0.29295393223932 0.225959384920737 -0.357709052164005
0.283049836764136 0.0231577420030077 -0.118035124276919 -0.356953197436354
0.195624063946256 -0.179876989441954 -0.259554996090415 -0.108973647498621
0.0303780488316025 -0.242093204379852 -0.196399832492245 0.0562820289256636
-0.0868429969597039 -0.181227615440169 -0.0862585721984296 0.0779703065506332
-0.117727637457126 -0.143029336364058 0.0102805363350731 0.027036965193076
-0.102318420877997 -0.145307451812759 0.0720728974212766 -0.0477439427199134
-0.0649341525068654 -0.227390323895413 0.166576449845958 -0.0759968766645576
0.079180048328129 -0.270805259638178 0.259024262021756 -0.00574691127298155
0.23008987069648 -0.175784601162111 0.21311953609009 0.168781954035349
0.352042008233448 0.0932150164745611 0.00544624171782776 0.280742418968551
0.161388368629486 0.391025753218259 -0.195094307983425 0.188835781326872
-0.120580869064554 0.460151077540271 -0.112097315496348 -0.00063208245806226
-0.290230429512237 0.274546549916724 0.162070193515329 -0.182946538417313
-0.131859129673011 0.363754397826124 0.330396700149599 -0.129834395762467
0.114222194957236 0.321008810992475 0.305051427304012 -0.316473220691912
0.271312139614226 0.0690194503582515 0.0189556357137809 -0.356690372567203
0.203752495312335 -0.152872871199802 -0.159789311995133 -0.207811466418157
0.0457738084170476 -0.232924851937907 -0.190139164453327 -0.0575294685397934
-0.0797147728181676 -0.182115415176679 -0.126112576364373 -0.00218039711141071
-0.11497472468983 -0.136834575513442 -0.0338658908429882 -0.0316097274642871
-0.10271894393773 -0.136788718497968 0.0256620395778931 -0.102516457790704
-0.0618411564367138 -0.208722204145982 0.131734405630775 -0.140652236023231
0.071109316629513 -0.249163712018184 0.257062108788351 -0.0853552118802689
0.211069194473447 -0.163068480483043 0.256053965424802 0.107409078142735
0.311041415752293 0.0927911986085942 0.0561464125005812 0.243059397887051
0.113156178960642 0.35050755513042 -0.16286605101403 0.156724103400716
-0.133479558560358 0.377396846015758 -0.0518183219126465 -0.103945383506839
-0.24578409186097 0.153815538905802 0.258004355422964 -0.276045016348741
-0.159022005775844 0.2535475024726 0.356289258159631 -0.148209633398571
0.0395281457159574 0.257269460989271 0.341319836913302 -0.260422582031041
0.195424307028454 0.0795499418133706 0.125364131753924 -0.322574267146251
0.160762842223898 -0.102747995473878 -0.0671039562055322 -0.269476860199498
0.0464339875978931 -0.179300514265492 -0.172468571426432 -0.148311692345861
-0.0603789248016386 -0.148363138029563 -0.154932828018865 -0.0732662088771112
-0.0945805977820402 -0.110081867957438 -0.0715051087054631 -0.0824978918263825
-0.0886973417084412 -0.112784560313304 -0.0121152696939937 -0.148456429326063
-0.0507224286422964 -0.169342216116824 0.103573104466035 -0.189725925225596
0.0646868001040428 -0.199775509344606 0.249297513245763 -0.138221684332917
0.185134895189735 -0.119224763746303 0.275747423320611 0.0704744142218534
0.236454492892518 0.109176555414038 0.0814856744129317 0.212232259044884
0.0346904293077012 0.284384615189029 -0.133592685293292 0.125479170396865
-0.148111429525377 0.24975688914231 0.0103204717891858 -0.178826080581131
-0.151279591593197 0.00920250233810988 0.307158001942926 -0.329287950942833
-0.134806748431201 0.10238200295433 0.355354381088637 -0.155708016541755
-0.0136043495178847 0.138009553308648 0.340568547282364 -0.21841377159642
0.0916005840109523 0.0548671346377007 0.177369229520165 -0.291173463626861
0.0850480599519869 -0.0463564791592775 -0.0185298330618375 -0.296025998560654
0.035233273814285 -0.0974837117208587 -0.158485897693735 -0.198537617259455
-0.0328835281729261 -0.0902626921620566 -0.171291153486686 -0.120374895596125
-0.0601761673868962 -0.0683288065998032 -0.0968982941818833 -0.119534741938762
-0.0631346077109713 -0.0763804544386175 -0.0354140505989243 -0.182027659863804
-0.0344452100980478 -0.115406646711311 0.0909206617846889 -0.222790939830882
0.0540284085259621 -0.134016180592449 0.247626033611137 -0.168899319624167
0.147729107296409 -0.0666066416930944 0.288393298356191 0.0569400195514048
0.14349983343187 0.119925990291729 0.0943011162368748 0.198778473572137
-0.0435359555403908 0.196647891648906 -0.108396995842514 0.102219590680251
-0.147882377495303 0.0953567639965908 0.0704944918724431 -0.215057686288614
0.108288641578752 0.0662021837638744 -0.110040206027394 0.283378404751715
0.0631677935935758 -0.0784309857530616 0.171958267665491 -0.0299951859160706
-0.0486930313427348 -0.0871962543436668 -0.0755626741728136 -0.252540204599998
-0.0750697733320387 0.0252047807861195 -0.33525481042844 -0.119347689856928
-0.0101213084089708 0.0519145938738679 -0.311620826765618 0.207204646862577
0.010474216380489 0.0351065654892757 -0.0944538434428911 0.293166790827599
0.0228320580276463 0.0264829000829267 0.0397099494137793 0.224022228555482
0.0137142187708222 0.0108419580164088 0.124594689625927 0.1605500369584
0.000831319834635877 0.0097569522663696 0.177295943091347 0.137722234297932
-0.018004438639207 0.000879208837585591 0.179643032512181 0.201417678930247
-0.00906060745236868 -0.0164891850729787 0.0507452593211852 0.291784260063128
0.00602746537972304 -0.0220568726133853 -0.171114453527681 0.29286481677397
0.0654638615300517 -0.03098390737182 -0.314105982481378 0.233799379811499
0.0990586677694067 0.0519259555696826 -0.394964920584115 0.173125469448884
0.04991408179922 0.159367258479981 -0.361504064608284 0.354056213067283
0.0301708123914649 0.210194658365257 -0.129328792390477 0.250243657870173
0.0942194430272793 0.04883300033127 0.180617576618039 -0.0259088648496097
0.0481085596839389 -0.0321594367300551 -0.0389317344160846 -0.289802312271034
0.00479540434624359 -0.0179561356182606 -0.343639075318564 -0.163400803780943
0.0256446611648877 -0.0302027646924594 -0.339669326912981 0.179883742325974
-0.0014768881453322 -0.0460281628316533 -0.120724199304103 0.289552479856104
-0.0199603770999107 -0.033328077736322 0.03117971170819 0.226022477534446
-0.0318466776452151 -0.0463427993726398 0.120327687192512 0.154786967728431
-0.0342587466256281 -0.0589074425813665 0.175559883115157 0.114017344595215
-0.0215939360157616 -0.102160833829043 0.202367549659855 0.161036692805883
0.0595391272323317 -0.106863632935211 0.117414724189417 0.263717864224555
0.120487090784084 -0.0305375796682348 -0.0951577716975519 0.307903787958845
0.15626299587072 0.0805120615134234 -0.265919652123198 0.273706084050971
0.0885534475536648 0.227327014469896 -0.352734890155058 0.195793857333274
-0.0451443945318194 0.321322659479658 -0.317317011917714 0.310580624542289
-0.0767613173695167 0.323735340543967 -0.11175955124606 0.176430559752616
0.0868814891930906 0.198784279495568 0.209762864856162 -0.0372893168581326
0.140304143092031 0.0667317552214841 0.029899589361395 -0.339766048122306
0.113373430823061 -0.0401257182155183 -0.321837977546558 -0.236730214745283
0.0807505132244835 -0.11177162949239 -0.357188679392519 0.112893747210854
-0.00361204584665224 -0.134400015145394 -0.156222339322123 0.251919727829015
-0.0564772548458926 -0.0972073315488202 0.00204427079961602 0.204281463964166
-0.0738483320349245 -0.0958829829409395 0.0970343690365101 0.127961815205104
-0.0671689603133143 -0.111089328202147 0.156792267416153 0.0672339232791343
-0.0389963355267208 -0.181882532216745 0.21356578990356 0.0886397805204557
0.0901479780878129 -0.196991392965724 0.196250065530202 0.193928452648713
0.202831878377481 -0.0845233234136102 0.0217917596798612 0.299048323123046
0.266561039041982 0.124220093485099 -0.180933627679242 0.313815528017754
0.124730187745895 0.353680114402457 -0.299492149086204 0.21685261863307
-0.0971051521567761 0.442900148632024 -0.251974159781161 0.229436579271587
-0.190155510767893 0.383040298359397 -0.0495222328802546 0.0659390225790979
0.0344645775044013 0.336468578910636 0.251792655317523 -0.0628051101790284
0.196144047562141 0.19480214945164 0.129057948052485 -0.37539201356396
0.225288404321238 -0.025407935655401 -0.248310374826938 -0.318605418421531
0.14685372024428 -0.172259146091359 -0.339015841317657 0.00832439605056537
0.00777780883068946 -0.210792521683946 -0.189254866994152 0.171899375225319
-0.0824512975274949 -0.152837852690999 -0.041126183564091 0.154745534537805
-0.105380244846683 -0.130914934439972 0.0577295965598827 0.0831509512158313
-0.0932528875702853 -0.142195520273869 0.119717646492149 0.00914925119443093
-0.058985761067207 -0.227295912362205 0.202949142787702 0.000116594334444539
0.0893515327499316 -0.261549465070898 0.25116123721298 0.0925746870158729
0.237920294485893 -0.149635259690158 0.138342150571024 0.24870517060779
0.346723293554361 0.113005897549512 -0.0802136430878687 0.321799146206738
0.167471121064439 0.410123638294418 -0.247375551664658 0.219505504811074
-0.115109927288279 0.50003807879218 -0.183030565759847 0.120594095846471
-0.275477411130775 0.369311883557442 0.0505838858787123 -0.0650314109116854
-0.0527675738464611 0.408579967867585 0.29866143786643 -0.0980007178757772
0.187004908115435 0.302659616762437 0.234600984083459 -0.373167108543339
0.292944537533494 0.0227415255325423 -0.120640252280656 -0.372887432569818
0.200106406351561 -0.18885979168747 -0.270626437899394 -0.115028363117083
0.0283052282796861 -0.25143205470769 -0.204443856975244 0.0594084007531066
-0.0917185194928736 -0.186487558987603 -0.0886888547751035 0.080897781958169
-0.122012529850615 -0.146487125595811 0.0104102494883323 0.0262528767524372
-0.107348751068658 -0.150823069904877 0.0732178888314282 -0.0507087561137712
-0.0693449123196225 -0.235702866044148 0.171294552258674 -0.0828168081436244
0.0779707616192249 -0.282349654921769 0.271232398767098 -0.0107452871933518
0.235990215045654 -0.182964830206198 0.220963196805502 0.176420546921378
0.363651571674186 0.0932559944808685 0.00440655738897171 0.295355150068279
0.170559684247428 0.404719562307336 -0.20509612984704 0.198975939271045
-0.121886952163246 0.481464062134873 -0.117762821603429 0.000912270199852587
-0.300415773256159 0.288291046704413 0.167648459323476 -0.189012792261311
-0.134542724222682 0.38024038797977 0.341612960622414 -0.131074931766451
0.119088978122206 0.332945200270561 0.316210586634046 -0.32985288712548
0.281769987570567 0.070473432529781 0.0213443722635776 -0.373016637873027
0.20990292917271 -0.160007389274382 -0.167394044422435 -0.219625886831585
0.0439605745799518 -0.241943469993322 -0.197814868739588 -0.0576272336010388
-0.0839924002032521 -0.18765109771493 -0.130239384124283 -0.00166781644808403
-0.119001896394845 -0.139340317400463 -0.0360896311592466 -0.032778481762535
-0.107120909758565 -0.140820751899544 0.0240545566868784 -0.10657999576483
-0.0665356131859638 -0.216470866398073 0.134529461481482 -0.149068586064841
0.0705291884373639 -0.259576401771606 0.267628837842688 -0.0935384981206916
0.217124728992528 -0.168741371049638 0.264495456925735 0.111091035545908
0.322002059677025 0.0936709067024745 0.05713699967749 0.255495989415123
0.119939070925117 0.362735423032019 -0.170185952054031 0.165875011815779
-0.137253801761104 0.393115697477283 -0.0549297813659167 -0.106835547859618
-0.25509382957548 0.160988941559056 0.26678646067135 -0.286014359490205
-0.163926782304183 0.26455548500537 0.369422683067572 -0.150820918041378
0.0411218809456834 0.266987514153138 0.354589861400929 -0.271565930355686
0.202890306416577 0.081988753187719 0.132791579821202 -0.338001244350394
0.165065694259962 -0.107605830378027 -0.0716770061898391 -0.283101768068482
0.0458786729468891 -0.186897673648953 -0.179952749123289 -0.152768199771433
-0.0642744631762558 -0.152957650472001 -0.160436002876548 -0.0743789497573442
-0.0975736435662265 -0.111948481136793 -0.0749800665807737 -0.0853515076781197
-0.0927692712626446 -0.115033938982638 -0.0147045284050548 -0.153844412741119
-0.0532087734962337 -0.174990306050857 0.106359961561146 -0.19871302297557
0.0652203701281042 -0.207861588190694 0.25877887220566 -0.148018534862573
0.190533797333053 -0.123839986036203 0.285823357267533 0.0715528178367544
0.243549164076863 0.111183456749148 0.0842111807659355 0.22403468641744
0.0390984133687028 0.295430758657318 -0.138993850033974 0.131970780639176
-0.152589168659317 0.25998223225479 0.0085763575848256 -0.184571495460674
-0.156758382477299 0.0109500268762283 0.318547293767039 -0.343744182981055
-0.138520927948843 0.107582109225743 0.369605288320983 -0.160116121231549
-0.0137997298900733 0.142605769705342 0.355090243967366 -0.227870840196443
0.0942607719221848 0.05666448931264 0.1862256771483 -0.304874662331252
0.0867726556302616 -0.0478830980904327 -0.0206398900563404 -0.310838792946652
0.0343805997961447 -0.102788733747683 -0.16663917568831 -0.205445243505184
-0.0346932426337231 -0.0928232831042294 -0.177744346768681 -0.123004678459606
-0.0614136096490284 -0.0689312525652449 -0.101279789280352 -0.123360793667048
-0.0657770647064256 -0.0778195530631134 -0.0386022718163438 -0.18829815387886
-0.0366784105411491 -0.118901030006152 0.0928388655231774 -0.232489504360952
0.0550267748366997 -0.140262179568218 0.256792864311922 -0.178141931271062
0.152119921154205 -0.0687314806557616 0.299179211195224 0.058713809443355
0.148662673282264 0.123004428612315 0.0964090857902599 0.209245739283174
-0.0427574208627731 0.20412745524253 -0.112574602610803 0.107610210358596
-0.151990268021334 0.0991821007129152 0.0707343552109662 -0.222106082475208
0.125472693492692 0.046934496157846 -0.0753495220331159 0.318964681434258
0.0541759271531316 -0.0903809203010204 0.175037782215537 -0.053546645925364
-0.0624950755280457 -0.079972727587974 -0.115078911171983 -0.247880863740828
-0.0695890949274755 0.0353477654681769 -0.366056364881469 -0.0643291193078592
-0.00438139698264399 0.0487526123813994 -0.28395141047932 0.267375351098125
0.0148384157593975 0.0330997505070334 -0.0482966644265414 0.319358004258445
0.0273116281977096 0.0229439634922269 0.0787506354551431 0.227543011859761
0.0142220432877556 0.00870858507273849 0.152746964488363 0.143596189753382
0.00107723729017568 0.00995565230444066 0.204408408215841 0.112428132645943
-0.0207463569362954 0.00362145675163672 0.21836192663635 0.176886676726536
-0.0149842656266628 -0.0165370161162216 0.0990835873862311 0.295360719180203
0.00530635853625721 -0.0257219564394313 -0.131994053750424 0.336759034617784
0.0613897477163223 -0.0429759626391937 -0.28963299043495 0.291376767750332
0.110419768222973 0.0353187008467351 -0.382171748762568 0.238119446700142
0.0802212024491064 0.153309135534982 -0.32181147003969 0.424496444409259
0.0708113014185431 0.212855728359516 -0.105356615507958 0.275780371801023
0.105902474775539 0.0376231401298683 0.18005379623871 -0.0547185605269251
0.046340772201797 -0.038533444944002 -0.0906533182927319 -0.293259108624344
0.00618664559935611 -0.0205113906915753 -0.384324413726295 -0.106079141317427
0.0200978624598471 -0.0403847754415121 -0.318584642664454 0.249036966041807
-0.0103783908396603 -0.0490188979458728 -0.0751256788084672 0.323314205463844
-0.0252216265032892 -0.0316733068927179 0.071027804340431 0.232327843448686
-0.0409506525644592 -0.042261021975698 0.146957675590948 0.138266166281953
-0.0460484824355477 -0.0541651488321224 0.19824785582758 0.0876543493062748
-0.0413362216473322 -0.099805014278385 0.234126955173206 0.131178303347737
0.0390426071140409 -0.118958950961177 0.163851194816841 0.255432539831829
0.120098928816775 -0.0512396676957134 -0.0541054324432474 0.337980180988712
0.172843803832028 0.0551979354454073 -0.232601137887574 0.324721104347532
0.12782294396355 0.215724670109244 -0.330189036679279 0.255015449535983
0.00867964952869975 0.33427905340643 -0.284068369906236 0.3746282343276
-0.0212519106908782 0.352151263194234 -0.10007122872978 0.180768168631375
0.121673469743105 0.195242890597711 0.204161941034581 -0.0762611353673192
0.157279338608968 0.0500149571598081 -0.035394526906132 -0.35991038775531
0.114672228099855 -0.0588083994593882 -0.379835691073725 -0.184863119594162
0.0639989161338137 -0.132399924044373 -0.351102124493025 0.186657989201468
-0.0257953618654094 -0.139790169054079 -0.118056431170558 0.293614122094706
-0.0731253323055635 -0.0919119469903464 0.0382751391559331 0.216194154120626
-0.0918511193485958 -0.0867310665618653 0.119020950933757 0.1145672050952
-0.0879099550241459 -0.103286848119188 0.170103357745359 0.0431922763962831
-0.0715562740802307 -0.178080828059235 0.232607410193968 0.0533661880564266
0.0551448934611309 -0.214758486994309 0.233530075756195 0.169312391405296
0.195351299675655 -0.119479121231141 0.0643429666366113 0.309719791958101
0.291929890244225 0.0802190632949179 -0.138762909682995 0.351454595117171
0.18590120593998 0.338561638516013 -0.269116275810228 0.268019608836575
-0.023439165532968 0.466032719426871 -0.228157370966217 0.279944908572444
-0.128806895354866 0.437232244998699 -0.0521302472600954 0.0437150584313224
0.0876529261181489 0.347389189177152 0.242109464984428 -0.115655077797318
0.235937964446202 0.174450111615206 0.0552625441627932 -0.419189840669388
0.233022863685226 -0.0590914155889442 -0.323586206853375 -0.284072104622077
0.124211421041936 -0.20422827713674 -0.354607381499284 0.0766877668976885
-0.0262592399275658 -0.22060341591764 -0.165026664402454 0.220759803398471
-0.107899336332392 -0.144848173264779 -0.0151319760726135 0.173683024671985
-0.129815899443594 -0.116777254164132 0.0723777998399742 0.0752204404611315
-0.11876987845915 -0.130107794685782 0.123279030525609 -0.0111722001348565
-0.0984517377055504 -0.220729980060708 0.205435907096277 -0.0350104405501362
0.043616045719612 -0.279557968311348 0.273867585670887 0.0544251252751804
0.219941277718257 -0.191410322317659 0.177343290510894 0.239293634779557
0.371124834750437 0.0553174663747516 -0.0338583860678308 0.343378573986437
0.239135986518588 0.389004866991419 -0.213489360408345 0.262650765964001
-0.0335557288592561 0.526122075096535 -0.172500386355735 0.158135744076143
-0.221634444809078 0.440106956366351 0.0358523923042244 -0.115059441235581
0.00869811936516095 0.436556035226495 0.286087788556797 -0.164999231451718
0.24223912199447 0.289097759343699 0.162216878495339 -0.441252614694192
0.31078092873383 -0.0182990039628536 -0.205203777736359 -0.365537593749403
0.176391995112486 -0.227894253428502 -0.309863520072463 -0.0617426426543603
-0.0123110344156282 -0.266005091043603 -0.201190911729055 0.10931429753111
-0.123013638773902 -0.178416980772195 -0.077655410769461 0.107182187619603
-0.148439633434164 -0.129659878843694 0.0156206369148723 0.0250291937271178
-0.134767881422053 -0.136613666549878 0.0649695420119619 -0.06508905895394
-0.109415861343125 -0.227480422388572 0.159704494832317 -0.114259844188446
0.0294166158405367 -0.298384283085411 0.277094706493468 -0.055340587053326
0.211637457574658 -0.223933860901972 0.251383159606995 0.149633455477592
0.384829838804691 0.0324336948654025 0.0486689474581264 0.302425340112662
0.241648965812553 0.38474881497716 -0.171837683178717 0.235411971367106
-0.04549009286684 0.509746876633741 -0.122464951193598 0.0227284998592491
-0.26342076542963 0.360610564889848 0.142999244077157 -0.261567084063152
-0.0815314897007191 0.419656554349987 0.330304095769015 -0.208016139589115
0.174519015820281 0.330482442880539 0.258429466194325 -0.413245910079905
0.304908899414631 0.0338642674593614 -0.0581996126754185 -0.394436419072787
0.192890845050563 -0.19840499349078 -0.223420555564538 -0.190278005857267
0.00674116135643928 -0.25833916792955 -0.215876915526982 -0.0137225668869382
-0.115212990621897 -0.179639397229488 -0.136362590868114 0.0286065846769441
-0.1425203029649 -0.123331063324833 -0.0422391020005125 -0.0282130848372823
-0.131996690295267 -0.125952745836163 0.00626837286955216 -0.11425967156292
-0.102008087866228 -0.208288083239038 0.111821733250902 -0.176659595262834
0.0274718594715793 -0.274123123017678 0.260218260310564 -0.140402966409145
0.194241575447423 -0.205750445587564 0.287448732136198 0.0746702253956252
0.341484408416548 0.0402627669176955 0.0973427875658416 0.253971716227944
0.182572153022478 0.348275386447699 -0.142510795826861 0.197334463640089
-0.0746576418112984 0.422883379298266 -0.0743024939233164 -0.09862320819371
-0.237515647188333 0.219793889545319 0.234826439380057 -0.370751089030342
-0.129823731542154 0.305298023767678 0.359995959904766 -0.231616703933883
0.0841249708349069 0.275016994859386 0.314673743995723 -0.356656272454965
0.224529504671172 0.0583735439650828 0.0666041996160648 -0.37902153470138
0.156165824359595 -0.136042936527529 -0.134513131140974 -0.276712322112574
0.0176687881695784 -0.201190217843666 -0.214815347802973 -0.118958599113059
-0.0890375375348628 -0.147656210976286 -0.181372527030533 -0.0427235291919342
-0.115507357334394 -0.0988966778601428 -0.0903212309464871 -0.0748422332879386
-0.112266488218506 -0.101609004565321 -0.0408831921329757 -0.156422840719251
-0.0812080886022862 -0.168788568522441 0.0743579682361029 -0.223338009809629
0.0317210428655953 -0.219866723362289 0.24277091791662 -0.196037561002425
0.173599957827848 -0.154415414221461 0.304623083005902 0.0290293584041337
0.264684822142123 0.0719340448375596 0.121957555738115 0.216044650939467
0.08756011300457 0.293251930108953 -0.116317105930307 0.158824704096192
-0.112397126857964 0.289292638625012 -0.0206672270816292 -0.190417520140314
-0.161310712180218 0.0458645289553686 0.282230979727381 -0.424135634370828
-0.127848442233882 0.137240545118325 0.363268749806609 -0.23462891289744
0.0068596358067107 0.154121634684481 0.328083662097949 -0.305672954581816
0.10799827243707 0.0495184546632345 0.132606909149328 -0.353997478544221
0.0859595956223695 -0.0618083799118115 -0.083285295057981 -0.317261674190172
0.0199032265070012 -0.112420533635025 -0.210325819367035 -0.179889784620163
-0.0492609642271413 -0.0898528551025712 -0.208880373825189 -0.0919564123558537
-0.0719463575767553 -0.0609016783266641 -0.124532782427569 -0.110030453316479
-0.07802247393146 -0.0669683544243199 -0.0716949741089696 -0.188704690042194
-0.0544295555104207 -0.113638667623401 0.0559688011851394 -0.256244114557964
0.0332536563434983 -0.149079542790838 0.236890661545248 -0.226554886946167
0.143323068419008 -0.0928044999234096 0.316916132246917 0.0131227710088226
0.16984051189846 0.100341061887386 0.134024878662489 0.199863274383452
-0.0103494682324191 0.212588581705539 -0.0946405053137189 0.131359127567435
-0.13817974455486 0.124585064340879 0.0372214631197391 -0.240378207245203
0.131722214105616 0.035104549532813 -0.0468973193604149 0.329032748447692
0.0467504404488179 -0.0965415733043384 0.174638453258983 -0.0679791522831177
-0.0695068735298935 -0.0743788347271914 -0.13558373669489 -0.239730853206892
-0.0649203322881644 0.0418845168596205 -0.375822479570264 -0.0340249684986673
0.000268584296725222 0.0486549790393415 -0.2600642126775 0.294404110822051
0.0174732218626468 0.0319724014327215 -0.0193029070242628 0.325468155945576
0.0302457882140583 0.0203274362571136 0.098651050733655 0.22442756213947
0.0145153372844131 0.00652888707449588 0.164447636113787 0.13114440225164
0.000786833196244245 0.00917245540768068 0.214090898906646 0.0944526356230067
-0.0206935834983434 0.00499317173447275 0.234340596677565 0.156258161248167
-0.0162068856004723 -0.0149171903274239 0.126373808279941 0.288365794137805
0.00406754718703833 -0.0266222767928975 -0.104337389906357 0.352305360377036
0.0572313268596151 -0.0481291943302369 -0.266211289223928 0.316989541735186
0.112517569874206 0.0250795875225107 -0.366669387405849 0.26955778340536
0.0940405920725478 0.1461053441908 -0.285836202924847 0.45420082319581
0.0914046287346831 0.20650165312092 -0.0802882860188118 0.288917658513765
0.110253575984756 0.0276006343033782 0.17901415636113 -0.0678773894010211
0.0424123824928494 -0.0422943394513894 -0.114306868603418 -0.288018390140262
0.00550968436193414 -0.0201965156861971 -0.397905837639623 -0.0759695252315732
0.0166069828039581 -0.0427555589812732 -0.297532681828045 0.277274600603183
-0.0152713464621215 -0.0479639219523431 -0.0453213769516523 0.331427063526158
-0.0272835757707548 -0.0294465687365996 0.0900404374190238 0.227443907565593
-0.0450672470371485 -0.0389657257507769 0.157883955646015 0.125140195307585
-0.051580545733828 -0.0514105531301875 0.204989883902571 0.0696314539825442
-0.0516100517194059 -0.0972443049698473 0.246056647429879 0.108848149381641
0.0274257432213806 -0.122466498409979 0.187895942311779 0.240684579978001
0.116989931479941 -0.0626678465834556 -0.0251728494457596 0.347575201599849
0.178357283447873 0.0399330380244606 -0.207154467399876 0.347384255971549
0.146800373565491 0.204759329407853 -0.313472895698608 0.284059628780663
0.0379308462171717 0.335727927575951 -0.253990218862421 0.402026073524351
0.0124637102471078 0.355148506353664 -0.0850668260239532 0.194444669934914
0.139841042875497 0.183803803310872 0.20166177565019 -0.0893736952231664
0.161870855442584 0.0356187120664071 -0.064368450076275 -0.359421592291223
0.110651963657462 -0.0682645552363821 -0.399232962576271 -0.155425200072159
0.0519097841593964 -0.139519463729235 -0.336600978438925 0.218218112927459
-0.0400763350341794 -0.137533096549965 -0.0909706613869843 0.30534921742794
-0.0811633838340953 -0.0846314934042534 0.0557142882873667 0.212848454487677
-0.0994933130239003 -0.0785063486207432 0.127663266590165 0.103570399264762
-0.0985963419093896 -0.0965926940051259 0.171951511907609 0.027090682598759
-0.0887462939234522 -0.172027930179555 0.237053878380203 0.0296339876015645
0.0341069230385278 -0.22052197922302 0.249251866758585 0.146563532424766
0.185680241458731 -0.13712400249218 0.0917226050540956 0.308633325392003
0.299839643492938 0.05482195909927 -0.110276844311502 0.368233499618422
0.216549050187655 0.322417040090873 -0.250737506690441 0.2934758277597
0.0162433774530926 0.472305205497601 -0.204937874093205 0.303222914768808
-0.0900671606211882 0.450329933676935 -0.0479626476943567 0.0531054189181761
0.119842616709827 0.339761800363013 0.235289162252425 -0.13214092487022
0.251130769659379 0.154066972819171 0.0203588639344591 -0.427893319610057
0.228441199101615 -0.079660353666781 -0.349505070056314 -0.260557748053996
0.105282753704522 -0.216715996627237 -0.351053454531941 0.107880730197323
-0.0484301657932887 -0.218050755739255 -0.146187132278428 0.236529585735237
-0.121299123098242 -0.13457457314843 -0.000361412273482014 0.175385642109124
-0.139651597365945 -0.104767555299013 0.0774414165500592 0.0679848873711786
-0.132103437476114 -0.120480820761522 0.119758630414094 -0.0229582865224492
-0.120736187177865 -0.212104801967711 0.201094716295889 -0.0553418129309772
0.0161856441919938 -0.285038954972097 0.279993966632501 0.0265590153126504
0.202973463603069 -0.211781045494152 0.197925623099793 0.227802318086378
0.376791396376569 0.0217106054297867 -0.00503330187349057 0.351138991173007
0.275765687686322 0.368822669640751 -0.193830826697486 0.283563912392309
0.0135173525945812 0.532952095927335 -0.159296208959789 0.17533907438115
-0.182811941334241 0.461543428142751 0.0256012424320344 -0.11482867880185
0.0470138837381448 0.438076402238219 0.274983968715672 -0.185766231872793
0.26745864565781 0.26877370754984 0.127897504439332 -0.4592984493328
0.310612451979675 -0.0455333687482264 -0.238007989349367 -0.35352703533848
0.155889197666146 -0.245272497357454 -0.319098632808554 -0.0379093645642921
-0.0391870279416232 -0.264779883685119 -0.192647774357752 0.12837197980616
-0.139336344861763 -0.166020197181339 -0.0678101359002029 0.11420983082627
-0.159078643583355 -0.115624568709434 0.0161999629414904 0.0229428916845381
-0.147903225823053 -0.124781762394649 0.0567822706791545 -0.071690022403153
-0.132418687142817 -0.218713284281072 0.148055784585957 -0.130895398504413
-3.32163148725776E-05 -0.302156167694431 0.273145467937774 -0.0856736988574473
0.191815610591337 -0.24301757085773 0.265003863544894 0.129804102933756
0.388712535910764 -0.00371859043607277 0.0749629328456499 0.303807381662484
0.279752975600691 0.363102066629035 -0.154781751838546 0.253514426822233
0.00146736506525548 0.516477344187353 -0.121231225878816 0.0352889100664684
-0.231860908817199 0.386340915673824 0.120252989899936 -0.273296378788814
-0.0437956461386105 0.429014586304407 0.315578837064919 -0.232456954814825
0.204554907262019 0.316229909983828 0.224770107216941 -0.439013477359553
0.309648468395915 0.00728163599106348 -0.0917518242960005 -0.395476997657481
0.174229820906747 -0.216361122893769 -0.244052317801184 -0.174149102613817
-0.0193296963592212 -0.259576978557031 -0.21960141829645 0.00451159665338789
-0.1318380704535 -0.169460688253533 -0.13398380803858 0.041589888606681
-0.152767734921169 -0.109580528598878 -0.0455607702794098 -0.024939001557487
-0.143766697961382 -0.11319912658392 -0.00524029412603992 -0.115619255354047
-0.121390439172396 -0.199623266881747 0.0946939328177149 -0.188503604344458
0.00119009019983184 -0.277794199665582 0.247729824785811 -0.168630413934689
0.176549686186912 -0.223471932951988 0.294501723580354 0.0508192725523618
0.344975345240431 0.00890356294665981 0.119744281083212 0.250457852192518
0.215027849448248 0.333517513065806 -0.126488310695876 0.213026190949169
-0.0366142395996915 0.431662240118362 -0.0837054685839167 -0.0909915948086318
-0.218457138057907 0.24287947915428 0.204175064237897 -0.391553950386107
-0.102748535742677 0.317844067507146 0.343430399014297 -0.260104727651388
0.107244625335606 0.268838236381834 0.285042646114869 -0.387304260478439
0.230513397490567 0.0391990308128713 0.0353590647501173 -0.389872645696827
0.14387091261426 -0.150489540718436 -0.161956665898558 -0.268505192341297
-0.00295282394675292 -0.203238098532003 -0.227593576845466 -0.099522121376406
-0.102473658303739 -0.13927150637687 -0.185478974582446 -0.0262888766140639
-0.123305595259457 -0.088147321182216 -0.0984476490189424 -0.0669524186754039
-0.120734988106719 -0.0904682532901592 -0.0563257262755497 -0.153111146988404
-0.097446941291575 -0.161224973634946 0.0535454817825894 -0.231461797571137
0.0109628911825841 -0.224391730427195 0.225799167024771 -0.221676216649356
0.160332504738983 -0.169620094783479 0.307519600244256 0.00283480387487267
0.269986184811688 0.0479463573447774 0.14097264191314 0.209947814292638
0.116182673784837 0.285950536965623 -0.104049482173095 0.172374650638508
-0.0865833065333543 0.300130516460998 -0.0383786666118025 -0.187923711691937
-0.156099575057608 0.0609287025126748 0.246543738739205 -0.451535265449512
-0.114730228431568 0.14908757053878 0.346948449718657 -0.265432083731388
0.0191465726917149 0.153990550977588 0.303524922638885 -0.335139898483977
0.112917560268747 0.0402874720290247 0.104305578487434 -0.37011709189932
0.0802633421843056 -0.0691052390843415 -0.11431435182284 -0.313447171653798
0.00801124533910219 -0.115076381669424 -0.229144199484241 -0.162081978653336
-0.0576107477471963 -0.0856599807272825 -0.217812449302877 -0.0727042566211564
-0.0761442089847327 -0.0540067086940091 -0.134297829459447 -0.0991464955549519
-0.083760358869661 -0.0586691009149272 -0.0892864672397263 -0.182719428520401
-0.0645956057817487 -0.108661094812615 0.0325319358781722 -0.262853828061669
0.0190446010472271 -0.153234638826259 0.217329688564577 -0.250843056795324
0.13568977735181 -0.104923186975438 0.319719611743494 -0.0142074998449337
0.178138497064302 0.0857282137794461 0.150688054914625 0.192037632993549
0.0102491937193508 0.214352492105008 -0.0841854052373536 0.141639345565324
-0.127983476913829 0.136664035678921 0.0147367124200465 -0.244293383360963
0.129684768180526 0.0213693226206885 -0.0164962682130571 0.321508398192821
0.0374248088569102 -0.0968568703347734 0.164971754002311 -0.0779703021073572
-0.0716805563207535 -0.0650064054538768 -0.145891928260772 -0.22036166892533
-0.0567089219112045 0.0456827163206716 -0.364835107506546 -0.00406356187092486
0.00461407919454665 0.0455646121909394 -0.224941527794482 0.301351396766641
0.0196443251978073 0.0298629706265415 0.00776449617123948 0.313267052709433
0.031288950573239 0.0157889663789725 0.110658216112007 0.208963561047086
0.0141780544410097 0.00479432633697179 0.166683456972079 0.113487510833712
-0.000222517588705956 0.00787445544655046 0.210708847619642 0.0729821260671201
-0.0199515185595357 0.00639107624554736 0.235547362384528 0.129550721909928
-0.0163711600010871 -0.0125954185949144 0.142665692338054 0.266347346028967
0.00278465526280191 -0.0261702626860488 -0.0723651677922968 0.347172445988942
0.0504600261006138 -0.0497787543883468 -0.231137368843551 0.321922385536473
0.107629315470146 0.0154309638811883 -0.334864934003976 0.284208078874596
0.102178073269003 0.13222675995322 -0.239208014489335 0.456405785913876
0.105274072795779 0.188864849156868 -0.0523730735974532 0.286947794393114
0.107252204667368 0.0161821408299154 0.169705539087094 -0.0764213488914322
0.0369337863907584 -0.0433588009970493 -0.130225679121729 -0.268870917050089
0.00473481560771787 -0.0187494386363848 -0.387786926308627 -0.0435834607390221
0.0121431948244608 -0.0432589283568285 -0.262231118992829 0.288575953257869
-0.0189718911864805 -0.0440140850585767 -0.0174895723485855 0.320599902342873
-0.0278686983870031 -0.0268915404853246 0.102094838900323 0.211578003267672
-0.0463658436687644 -0.0341357511671323 0.158894774909535 0.107870965060464
-0.0553790382760518 -0.0456766526247711 0.198698117022277 0.0499478622087729
-0.0580721118045545 -0.0884462205018439 0.241583341435941 0.0819401438423799
0.0160972728737797 -0.119149315398234 0.197426590839609 0.213942248020491
0.108043537714731 -0.0689364975802033 0.00219746245193622 0.337308698423522
0.172681460902679 0.0247616888262274 -0.171608296477697 0.347904440013947
0.155447339432714 0.183537044666976 -0.280947159304997 0.294055487469187
0.0637587600954964 0.317906604948919 -0.211278359876669 0.404056452701843
0.0421050803830383 0.337442774385188 -0.0642419247650565 0.197294884371038
0.147764625723661 0.16351203253305 0.189256948705007 -0.0974215602931031
0.156369103478685 0.021580816774554 -0.0873643696373901 -0.341504564249129
0.10095528427532 -0.0729462708241955 -0.394478343228585 -0.121337188913255
0.0380860346101173 -0.137523779400605 -0.304264897740009 0.233903709094196
-0.0498478555699687 -0.127282105210091 -0.0633066016092105 0.299183001116098
-0.083831698196441 -0.0742453487884641 0.0688631775867026 0.19898789692985
-0.100339471171206 -0.0672979224620817 0.127673959418639 0.0888649390653563
-0.103153430433257 -0.0848245406885985 0.163589265387305 0.0119813802066122
-0.100619790575579 -0.157000713986819 0.226230713928949 0.00846852481639921
0.0129962477773453 -0.213166941551874 0.248920203116983 0.117563522489731
0.167217499479484 -0.145855996580061 0.110974094265874 0.291692916620438
0.289593285013517 0.0279509709536378 -0.0778461274524173 0.362258724692204
0.232625395591585 0.290025640504334 -0.220241764768 0.300442157889609
0.054514020458738 0.451543951561596 -0.172144293244419 0.30681183535258
-0.0480080846120333 0.436622335844195 -0.0409051781209724 0.0581773331854525
0.141394443443154 0.31502032558342 0.217961012379622 -0.139291206694935
0.251708022532436 0.127143459665338 -0.0107224529411202 -0.412939730783052
0.212956164245782 -0.0935437786918567 -0.355854019469887 -0.225050382187715
0.0819954508319463 -0.21573837826881 -0.327965182636911 0.129372491243292
-0.0655653746878428 -0.2040916626963 -0.121034508059556 0.237764109812129
-0.126579319829563 -0.118089715246162 0.0130961205442935 0.166775214980921
-0.14061038278905 -0.0886581107879927 0.0773495474173077 0.0588108771011121
-0.136708814745178 -0.104976719398861 0.10973522347406 -0.0312559032871431
-0.134016462164881 -0.192764588673049 0.186026809989145 -0.0706725340585807
-0.0101917314941174 -0.2729165535311 0.268268783314795 -0.000332418457470735
0.176876928381325 -0.217535492562248 0.206842902471411 0.205299289855214
0.360912897073807 -0.0101067202317403 0.0210349415259768 0.33930698638394
0.294776049360013 0.328937204912942 -0.166624597785258 0.288161214617181
0.0552837137983898 0.509636718132476 -0.138206133765397 0.182423283175965
-0.136240691921568 0.454590692699087 0.0165270220944487 -0.108461384750187
0.0798849460339053 0.413626188687304 0.251734865387197 -0.193687816491677
0.276147123484715 0.2364124660259 0.0879117900191155 -0.449272577365136
0.293377792351569 -0.0678184661782221 -0.25474740800965 -0.323256994660178
0.128733200448899 -0.247141650123623 -0.30930478934501 -0.012788769640733
-0.060935898945337 -0.249706479060161 -0.17378392106089 0.13715989103382
-0.147329000196745 -0.146686140916984 -0.055992888341377 0.113947275613649
-0.159123049991809 -0.0972197714710733 0.015685143648846 0.0205297976831087
-0.151029184623791 -0.107191833453285 0.0460072877168059 -0.0726146401048792
-0.145057224467652 -0.198365725196929 0.128715177797501 -0.1380234879734
-0.0271082380796178 -0.288611412108007 0.252594111693294 -0.106856187420917
0.163810793846943 -0.246948028812562 0.263379766391775 0.10536145930554
0.369143312749804 -0.0353530752487217 0.0942129866774667 0.288088411002566
0.296385318029346 0.323279055739168 -0.129732592509684 0.257381105151736
0.0417311519565171 0.495709406347893 -0.111957124920011 0.0445021491774465
-0.189611767932772 0.387995673381877 0.0942622536289259 -0.268317602532934
-0.0070766056132552 0.412071910980319 0.285581498342911 -0.242279111557553
0.219190604279859 0.288385332074478 0.180521625805489 -0.437924327306678
0.297001747083607 -0.0168647213615104 -0.118064798502043 -0.374318514353205
0.148928541953476 -0.220887382455191 -0.249705177895896 -0.149341516603787
-0.0425119940130861 -0.246410977095837 -0.21010644055169 0.0221379245468482
-0.139905053215587 -0.150108855218173 -0.123924253712378 0.0502087551934721
-0.153838708127581 -0.0924965584969465 -0.0465574803352456 -0.0198006148347187
-0.145201197288233 -0.0965245532863851 -0.0166059099895269 -0.109650672750284
-0.133557146551345 -0.180078142617884 0.0740371210544881 -0.188580397912015
-0.0245021022953104 -0.265778586761804 0.222168680116385 -0.184936715317164
0.150341703538112 -0.226620741394409 0.285444105463857 0.0265966780084737
0.32765584504033 -0.0185417725346316 0.133503564427491 0.233060005584897
0.234146033643075 0.29856075584068 -0.105581996665852 0.216843832101282
-0.00143487779671814 0.415458327570857 -0.0862800300956922 -0.0794272302263395
-0.187681001234008 0.249597127087194 0.165063636074666 -0.388475059460665
-0.0727196455325832 0.311359713345929 0.310528413165432 -0.271932547808936
0.122314534166244 0.248691968309986 0.243630498670783 -0.391359958977198
0.223537189039749 0.0202666250659504 0.0042181598541609 -0.378145666661399
0.125538469821004 -0.155174474242048 -0.178886843836287 -0.245930554171636
-0.0215523762175597 -0.194292014766663 -0.227005229644056 -0.0775231641085355
-0.109703058220152 -0.124021466665937 -0.17932941206244 -0.00980972725926356
-0.123291027866821 -0.073848076016908 -0.0996351029896642 -0.0563255218095926
-0.12190296208008 -0.0753126869093533 -0.067844823544645 -0.141693605962647
-0.106558241212676 -0.146146014697107 0.0323490548457507 -0.226351564605915
-0.00884949009824382 -0.215131889846192 0.19673742237037 -0.233280778488764
0.140226677101141 -0.174367324587743 0.29421904836047 -0.0198222691222204
0.259594378810517 0.0250449743972968 0.150533783186362 0.193579512646245
0.13339878930131 0.262594140659901 -0.0873268790762409 0.175699916978058
-0.0595424154545667 0.292417496812378 -0.05135687445322 -0.176146530287649
-0.14276644781088 0.0709508761606948 0.200999890970207 -0.449777486173391
-0.0971444138295712 0.151246647666484 0.312355060830693 -0.27906370564461
0.02932776569358 0.145446912160872 0.264729659358129 -0.342936748760702
0.111448111720867 0.0300064271051657 0.072548938767563 -0.364210067105765
0.071386831095817 -0.0721765415853674 -0.13597092145677 -0.292347955843379
-0.00378221797102784 -0.110112549203252 -0.233674608450761 -0.137329801335781
-0.0618856882309427 -0.0773246721167715 -0.213688946521265 -0.0511751130208374
-0.0758699692281589 -0.0452569260486484 -0.136451766297612 -0.0841421180930496
-0.0830219692720329 -0.0475906279329476 -0.100331216620611 -0.166809033707625
-0.070117403610781 -0.097520993005365 0.010574189191204 -0.254481538403952
0.00532734262736231 -0.148741692071103 0.186234043372717 -0.259511499638573
0.12127641001858 -0.111282102867751 0.304335859941375 -0.0378688411208575
0.175868300481256 0.0689718147599787 0.159495931841791 0.174451927562154
0.0268262807911316 0.203564838166283 -0.0701440211969588 0.143607858808321
-0.111564704791509 0.139596409160392 -0.00516387163937944 -0.233825058890976
0.121780616608262 0.0135320345333548 -0.00135364750361608 0.30317100413151
0.0308096027361963 -0.0922657185470044 0.1555690986554 -0.0788904094661264
-0.0689620300050095 -0.0570072237684646 -0.143008602095532 -0.203145112709437
-0.0498399602623452 0.0440802004152235 -0.344167729558259 0.00778021512890283
0.00599175873730541 0.0414389958174514 -0.198731195518693 0.289450319484594
0.019572302674496 0.0277233250730925 0.0202008290730621 0.29232878604886
0.0296082986511652 0.0128332208964718 0.110878113982617 0.192563526950223
0.0129083587953878 0.0037487831996726 0.159174635017741 0.100583810062554
-0.000943914117265582 0.00714509650082343 0.198532292856554 0.0609005109055947
-0.0193386146999445 0.00639294271456677 0.224332497802242 0.111638508519416
-0.0148870266678285 -0.0109316213329944 0.143311212226906 0.244590773798798
0.00281852225130932 -0.0250745362134127 -0.0553405956766606 0.329806411561542
0.0449883400505712 -0.0475070627774384 -0.205110789391857 0.307228847471552
0.0990848251766335 0.0111498306906796 -0.304766280278793 0.27475236795931
0.100018989651668 0.119735804757323 -0.207126199101006 0.432890133533574
0.10668176276253 0.17062046014466 -0.0358431376035924 0.272731263908379
0.100207106446034 0.0107675979260483 0.160442249225333 -0.0759686118232872
0.032988064717076 -0.0414593213061169 -0.129392007222315 -0.248335750948894
0.0053436599505605 -0.0175141733613268 -0.366253376293876 -0.0280967809890572
0.00935204100279805 -0.0415437080295208 -0.233926244733755 0.277899873723661
-0.0196666409249944 -0.0398605124361982 -0.00337935861552764 0.299461131008996
-0.026419745327876 -0.0246516737709851 0.102908181347783 0.195703508792864
-0.0442089776437715 -0.0305370881719232 0.151259371997989 0.0957253554462015
-0.0538416777557615 -0.0405695814914534 0.186258710453894 0.0394141994968808
-0.0580824496310271 -0.0802449798551458 0.227220353361642 0.0674190679104902
0.0099703660183192 -0.111569110149318 0.192053754410321 0.192388127069636
0.0992991499766692 -0.0688158399686425 0.0141447039948297 0.317145563123485
0.161417177965648 0.0169021173931694 -0.15028033629201 0.331363907847076
0.149785900225265 0.165835617455072 -0.255539936878039 0.284301861662423
0.0709233741149042 0.295130490996603 -0.183308184137626 0.385279924207968
0.05338603393367 0.31263691979933 -0.0500604391543759 0.190274824183126
0.143763708707941 0.146012664356383 0.1770662154648 -0.0952054448438332
0.146384102164067 0.0150020854462358 -0.0924450903547023 -0.317537371268687
0.0922589613478401 -0.0705973528549299 -0.374289733948022 -0.100912312304561
0.0293548573111888 -0.130343842048195 -0.276561609760043 0.228356443916449
-0.052485508107677 -0.116161814787294 -0.0471316197194975 0.280811623667061
-0.0801355041227407 -0.066937642114116 0.0714640257113793 0.184098365530844
-0.0957653114536986 -0.0591763310286453 0.12103801699216 0.0781544400526261
-0.100401550990033 -0.0750386409639406 0.151014060777807 0.00542071465321801
-0.101351343811533 -0.142662427801224 0.210207393903481 -0.00147271875389852
0.00248020405892465 -0.199054329488617 0.236801494574473 0.0984789349965008
0.150693307854598 -0.142625855696556 0.11462978332554 0.270578676562673
0.270870921311641 0.0157242801349876 -0.0608607119901246 0.34237515614658
0.227334597046874 0.262052002468233 -0.197446719334854 0.288840606636956
0.0662098029871215 0.421065858739713 -0.149286553656828 0.293322112424745
-0.0261828708499012 0.407281850827224 -0.0348005841880099 0.0595210508470352
0.142969341913859 0.287765530594366 0.202388742939092 -0.133983281801468
0.238873330593349 0.110196419340268 -0.023579192062563 -0.386784795877725
0.19552629237487 -0.0946169363296418 -0.341523791023501 -0.20015779521929
0.0672671440817308 -0.204600408616384 -0.302062503543638 0.131121588599462
-0.0703216890674686 -0.186630703727459 -0.10445163276015 0.225292832539302
-0.12237824654821 -0.104822837387366 0.0186082500648413 0.155193464794422
-0.133787421314811 -0.0772482544499002 0.0734754691350526 0.0521305896448741
-0.132257443522736 -0.0923053561239621 0.0986443147813122 -0.0328649328143089
-0.134078378540955 -0.174690267304483 0.168335331737771 -0.0739776206597925
-0.0222622957574113 -0.254182629513293 0.249307215066781 -0.0141565353519888
0.15761511769391 -0.210064746738377 0.200964298057643 0.18628452591089
0.334730334040838 -0.0226967331557428 0.0317632207802617 0.319186860272508
0.286203724958419 0.293962574154598 -0.146967722436595 0.277176066655745
0.0702717645431164 0.476340931744896 -0.121119310154183 0.175123040090295
-0.108176164446418 0.42967015600126 0.0115673045799619 -0.0984362547366499
0.0906605493111701 0.383432749333356 0.23116959987401 -0.185003076253024
0.26575146761671 0.211205434897704 0.0677610499053172 -0.42472460155822
0.271808576028911 -0.0742613506329653 -0.249987904724463 -0.295896996813456
0.110040057000214 -0.235774128138046 -0.291581994452477 -0.00197345796784771
-0.0689836946050576 -0.229833367125819 -0.158426318574126 0.134339278101072
-0.142722635640424 -0.130848717936075 -0.0475251582428311 0.108338732465394
-0.151015074951259 -0.0843874343926426 0.014368409202383 0.0188750594024206
-0.145545576997138 -0.0939462223855813 0.0376223876579183 -0.0687811885265966
-0.144937129691259 -0.178987021421462 0.113299807701394 -0.134161850842725
-0.0389260640130358 -0.26753904747935 0.230017673576353 -0.114038633014679
0.143314888213029 -0.236570375285448 0.249849294588768 0.091614184699547
0.340919238673594 -0.047065368517559 0.09894422563777 0.269863424304458
0.289031512357348 0.288530078209036 -0.112555334897646 0.2478125429184
0.0565264138267059 0.460951160812515 -0.102061027632224 0.0465638264133354
-0.160548610326888 0.36850360539147 0.0788758787228664 -0.251856375726249
0.00789411598368758 0.385729055227989 0.260212578663255 -0.232420127358228
0.213038053656376 0.260732046616329 0.156095817658146 -0.416278367940243
0.276835433079698 -0.0264704601000471 -0.122374064891867 -0.347820846074826
0.129791399412948 -0.21221571342201 -0.240896916390488 -0.132148108116313
-0.05128770742928 -0.227619386321364 -0.196798009396017 0.0285293281094229
-0.136150446908149 -0.134080326145568 -0.113489424512255 0.0509377265308416
-0.144896998501925 -0.0802346760011977 -0.0449316141953659 -0.0157967323779861
-0.139088676717715 -0.0837716782758403 -0.0213191635930168 -0.100598883700992
-0.132238672052859 -0.162364524773379 0.0608968916448952 -0.178856380880997
-0.0349463223158953 -0.246531096139376 0.198018611875081 -0.184576583879817
0.131568557940223 -0.217075486322002 0.267388910883764 0.0162396825284866
0.303432971542025 -0.0290801141427348 0.133525361895689 0.217087889198833
0.229472270340453 0.268528267259411 -0.09139187244656 0.209453849515312
0.0141934639644027 0.38835743359028 -0.0826161110285952 -0.0703868585557989
-0.164869311872784 0.238726191583669 0.139462114158472 -0.366305942007945
-0.0559313434901259 0.293387192750168 0.281779001751092 -0.26153284749867
0.121393838732364 0.229019993832865 0.214843634695029 -0.373806075056891
0.210559009013219 0.0106469309345853 -0.00848227276489565 -0.355637035561666
0.111027113951674 -0.149700964878286 -0.178293375743365 -0.224635301067386
-0.0305812165045026 -0.179299386872417 -0.216820142047171 -0.0633426995355947
-0.107257758924537 -0.11136336743793 -0.167531833201702 -0.0021975379285409
-0.116072539282742 -0.0641892765366548 -0.095950051292987 -0.0485280871520441
-0.115282165610093 -0.0647078518149107 -0.0692887184230823 -0.129192273502687
-0.104851106175833 -0.131942774927588 0.0201120567881697 -0.213087882244075
-0.0186033938665103 -0.200607722177516 0.173569316393088 -0.22821279644497
0.124489232561479 -0.167993878901811 0.273644555892377 -0.0282490097785988
0.242076563116271 0.0147290154732089 0.147984796223434 0.177810585410228
0.13531308232522 0.239330368091716 -0.0743701753886272 0.168936314708867
-0.045484208927105 0.274790125026052 -0.0537101057458532 -0.162359285991679
-0.129394272555468 0.0706018659122637 0.17188547737295 -0.426309691211315
-0.0841964303035132 0.144798002620493 0.283415805652853 -0.270372476415274
0.0322258690075982 0.13498228843103 0.236542184381148 -0.329344299543029
0.105475620305998 0.0242063750645141 0.0548528076253215 -0.344880797231241
0.0636006860147926 -0.0703036247297907 -0.140366048215293 -0.269227432864148
-0.00946740091365358 -0.10185588946527 -0.225773767725887 -0.119521869984761
-0.0607258124260594 -0.0690655012202279 -0.201403228753931 -0.039679452127145
-0.0709339417311554 -0.038980051884816 -0.130822889752433 -0.0732422501892325
-0.0781074589339607 -0.0404747530274484 -0.10054430003142 -0.152341278544207
-0.069313269806727 -0.0876673671554661 -0.000889597248478801 -0.238833890903329
-0.00160266044058715 -0.13882082654304 0.163169854002393 -0.251132875619141
0.109461363743209 -0.108357923428266 0.283860550059142 -0.0454971098291693
0.165648850558514 0.0582489266231471 0.154280252328462 0.159494414364319
0.0332162503873526 0.187580246078053 -0.0599391442937421 0.138145703004279
-0.0999091235631921 0.133753464224831 -0.0144258986114469 -0.218535128233893
0.115106400189777 0.0122361558197186 0.00170102538839736 0.289706535717209
0.0288882475630714 -0.0886765195708257 0.152164442243385 -0.0747629313122608
-0.0651200386438797 -0.0543433279449657 -0.134200524527504 -0.195524430550901
-0.046679646877649 0.0411288878187988 -0.329680312085747 0.00605789936479731
0.00584051694301477 0.0391935830412216 -0.190284055498455 0.273159905542948
0.0188167456447918 0.0270392364214222 0.0188690139294307 0.277200037036331
0.0282308071920958 0.0109323570750733 0.105531113543245 0.185865246708396
0.0121518698889097 0.00269018434464152 0.151025179168083 0.0968138426326755
-0.0017219951729435 0.0069907561241883 0.188178593885095 0.059221180658947
-0.0184640117158032 0.00604628981903048 0.211796821065994 0.106730730848911
-0.0134186311603766 -0.0109166746383523 0.135479895358441 0.233891037447025
0.00277396643422123 -0.0246964400336148 -0.0544340807729848 0.314588104469378
0.0420628380582798 -0.0443476427465693 -0.198730261296203 0.288934849488371
0.0928073798027352 0.0120815093200305 -0.294752619164469 0.258006806832914
0.0948762976613521 0.11413658877283 -0.201092783190844 0.410438443645959
0.101263612807163 0.16088610860865 -0.0317088249174441 0.261309622710195
0.0944687567563161 0.00985470306060116 0.156356412638347 -0.0707036677863826
0.0310189363359444 -0.0390481552661738 -0.120962111117194 -0.239202510719486
0.00616394863480792 -0.0165426718612916 -0.35024340782831 -0.0289225345558724
0.00855689750453471 -0.0399229020567848 -0.224104016122243 0.262936968713598
-0.0186549566478244 -0.0370832508385767 -0.00370310126299853 0.284963487149936
-0.0249882316078655 -0.0238877873551746 0.0968548823807377 0.186894012202427
-0.0423386197994054 -0.0295629059509966 0.14290403666623 0.0918316292455026
-0.0523258375500538 -0.0386987269902558 0.17551113954711 0.0388601439752244
-0.0563494792903439 -0.0761140226113985 0.214886328756323 0.0639275637509848
0.00944196294019844 -0.105613925974885 0.181077877904011 0.183086645694276
0.0948939881430758 -0.0659785236591044 0.012015981913889 0.304397953235671
0.152921939701825 0.017735654085334 -0.144891445141409 0.313951297141438
0.140021624939028 0.158385562252323 -0.247156376052044 0.268708389061108
0.0662007544416191 0.281032525164376 -0.175319383334014 0.365881876150041
0.0505234559630179 0.294866812354474 -0.0459427594815559 0.184060426112759
0.135621022360468 0.13823348786333 0.173534722528961 -0.087134828405075
0.138583938757558 0.0150213253243558 -0.085065250330919 -0.305159317302741
0.0891124323299325 -0.0671807980136486 -0.357140108273819 -0.0998458116871048
0.0277660850506619 -0.1242876240715 -0.264678231423611 0.215569103306032
-0.0510087772516428 -0.10958717593146 -0.0455647163952987 0.267873421616835
-0.0761157643637497 -0.0635991204331328 0.0663064982759643 0.174804167352504
-0.0903606485431134 -0.0564621126359685 0.114153280130119 0.0758979350203747
-0.0962095666463591 -0.0713104719595109 0.141388822275459 0.00672293950333481
-0.0971340103666077 -0.135247617300708 0.197744996598443 -0.00201016747377262
0.00192624964058076 -0.188401085908454 0.222745357674675 0.092062891743942
0.144365584627514 -0.13574909687809 0.107063183387971 0.261000261757718
0.256046260641003 0.0159874846583707 -0.0600072667795314 0.327522247134262
0.213589088203945 0.249565010974881 -0.192554577678175 0.274509017863656
0.0616906971318671 0.40198169249946 -0.142304804680079 0.279073598911004
-0.0244882206677586 0.386175446898684 -0.0303827631811337 0.0599435017708954
0.134503688288721 0.272464445618299 0.19782928292868 -0.122395024730501
0.225522534424118 0.10627985369108 -0.018327486205588 -0.369672837731567
0.186814664590848 -0.0890254796064083 -0.323380220631127 -0.195229541019819
0.0635158648475511 -0.194968169660702 -0.290177433629072 0.122809281199464
-0.0687589692383784 -0.176539433990051 -0.0998563252438726 0.214366499829474
-0.115922305572871 -0.0999591435293094 0.0168535846511223 0.147192238680132
-0.125903827897948 -0.0742346875479979 0.0683505867781713 0.0504769925850378
-0.125791489204438 -0.0881623861111242 0.0911907056965883 -0.0298789364321157
-0.12860099099022 -0.165941840215389 0.158441976495469 -0.0703483742190378
-0.0222967342998789 -0.240317547604475 0.234874736774944 -0.0147673558191146
0.149988510718504 -0.199375901002334 0.190598002841675 0.180718444823144
0.316781548654186 -0.02090447231096 0.0284113594712451 0.306982167503173
0.270380260570861 0.280958871960163 -0.14193963289587 0.264974580431936
0.0652752107914583 0.455691368545386 -0.114853411106779 0.166145870458579
-0.103507970237455 0.40651758961509 0.0138961812804347 -0.0900910219656142
0.0840945378690297 0.362679422854116 0.223950524951786 -0.170731462757823
0.249957491159363 0.202102586702798 0.0678446324184449 -0.403966653365888
0.259443624915003 -0.0695649184643541 -0.235924886808102 -0.284903993187045
0.1035803974556 -0.224110435025778 -0.279121017747995 -0.00388952735483442
-0.0679413137777909 -0.216519424836748 -0.152030766651349 0.127886963571148
-0.135641059650622 -0.124111398592277 -0.0458128015739964 0.102607940950875
-0.141698551330099 -0.0804551561416169 0.012576764246955 0.0184802063170459
-0.138196155287073 -0.089021101459885 0.0339599781172656 -0.0641235082073063
-0.138310857606405 -0.169848010906109 0.106566114162582 -0.127670784944983
-0.0381353989764916 -0.253806393174494 0.216726164886917 -0.110615753943717
0.136901069500933 -0.224556476385192 0.236911677599324 0.0891973302042838
0.322435419858938 -0.0429593104394464 0.0927609869661917 0.260503260138719
0.273974068828825 0.274305859607015 -0.10861703165496 0.237709360829849
0.0523632474958825 0.441506411785294 -0.0961641482939007 0.0441830639998108
-0.153125037039941 0.347910131338995 0.0770316496391537 -0.235256095048949
0.00658584606530087 0.367267710180027 0.250971962850606 -0.214420291730694
0.201341830546748 0.25034812207141 0.151056013757297 -0.393790199322992
0.264042394506884 -0.0248874055662171 -0.11491676978989 -0.333671164512552
0.12353623857924 -0.201642011142381 -0.2307804116013 -0.127079259513323
-0.0510811986575782 -0.214675970958792 -0.188739619141696 0.0272603567453379
-0.129998496680511 -0.126921326703719 -0.107918166553425 0.0480708698724206
-0.135322443460843 -0.0755517828596105 -0.0436100746297807 -0.0151830610955296
-0.131022905419543 -0.0781984228552992 -0.0215200313268987 -0.0946099356808164
-0.126249936119634 -0.155180646037153 0.0569711601305016 -0.170806806326568
-0.0345861166699155 -0.233713238273308 0.186696301773256 -0.17808657605876
0.126328775839943 -0.20587811966898 0.254596706599435 0.017947672856616
0.286397287207473 -0.0259655556398649 0.12587947687097 0.210599823975187
0.217251969995485 0.255869204658888 -0.0871497332678607 0.200988418609513
0.0122328395978306 0.369628853507891 -0.0777728143424063 -0.067812727396792
-0.156730876307394 0.22501349071132 0.135497504244795 -0.34631439326878
-0.0532081665481018 0.27769356673968 0.270449971584289 -0.243952148972314
0.114282825142909 0.219312796976649 0.207213048504118 -0.353158535813264
0.201103185036388 0.0107406138789882 -0.00547602473109269 -0.340023488144913
0.105832913206313 -0.142297088484313 -0.17099879767873 -0.214868347071321
-0.031340665597869 -0.169231068540458 -0.208254570107921 -0.0604329460186312
-0.101802841229904 -0.105865607940006 -0.159596257545829 -0.00252546899078899
-0.108095887088716 -0.0612202122692816 -0.0919265802810311 -0.0460643276431954
-0.108266430142616 -0.0612893869646687 -0.0663548100885937 -0.121741879495018
-0.0999021428971215 -0.12506800878272 0.0194143716476917 -0.203531383605523
-0.0185405214682611 -0.190598142022559 0.163522484949515 -0.218210217954712
0.119060123433953 -0.159435048350441 0.261659522383132 -0.0248327630526828
0.228706845995029 0.0159595001394262 0.139769043544481 0.173124457178071
0.127358970117815 0.226649490859982 -0.0706527332083309 0.16211138293996
-0.0448995164749239 0.261176397864393 -0.0510255905520647 -0.154982489407937
-0.121699539571824 0.0664897307097613 0.166890995049133 -0.403795797020661
-0.078733217142488 0.137392461781671 0.271121400195015 -0.253149028702286
0.0294448061439787 0.129108243086163 0.227212325360833 -0.310740170367968
0.100773436414742 0.0233550263607132 0.0551725077844216 -0.329352755028178
0.0606823603315562 -0.066164034880233 -0.134127089508861 -0.257114558373538
-0.0110104124346729 -0.0958005399535217 -0.216852908212409 -0.112825686156978
-0.0584292676369452 -0.0659734805363282 -0.192359275444282 -0.03789707726049
-0.0659382434559867 -0.0370879414146 -0.124511515259511 -0.0701334795909255
-0.0728982401585283 -0.0376217321076741 -0.0963198565329985 -0.143733587386974
-0.0653468675218913 -0.0830984151650434 -0.000603188617697066 -0.227712069637898
-0.00220635751287965 -0.131802372224929 0.154783209867165 -0.239882943135681
0.10413874432974 -0.102259481932245 0.270638466397612 -0.0421054470806499
0.156502862510409 0.056944104240339 0.14594828161065 0.154996952818232
0.0310501609383052 0.177552562916877 -0.0573892985983286 0.132209622560178
-0.0966849371589818 0.126708363987843 -0.0139761766882456 -0.207600347833725
0.110323361384948 0.0257914895401265 -0.0403099595727358 0.292603157126532
0.0409304082547049 -0.0806926768094746 0.167114292896874 -0.0478691439221408
-0.0535784621681135 -0.0619783083977133 -0.0976399969419189 -0.214504542848132
-0.050267584320367 0.0297582432645629 -0.321497386715008 -0.0424904682693244
-0.00327675975818154 0.0371121313150074 -0.224383537729433 0.236526472780079
0.0159104287466959 0.0288296130367212 -0.023797328552411 0.275016655137102
0.0266470171825758 0.0146803382190605 0.0772107508958879 0.197976508517411
0.0117033586005193 0.00449280292393502 0.131392392041933 0.119251026247048
-0.00102343470808481 0.00538408002251364 0.17531448984105 0.0886253448161992
-0.0171333729640433 0.001956150182824 0.188872343613877 0.137394265514754
-0.00764095098526729 -0.0123990705416998 0.0936406437974068 0.252206166204365
0.0122347415388981 -0.0220653914120021 -0.106305563704962 0.302650629752922
0.0498656920623994 -0.0286586391974331 -0.244217422740278 0.246550766369355
0.0879565912461967 0.0331464631217976 -0.334449848061622 0.199525545422814
0.0760913279258815 0.130191873133573 -0.269524704397567 0.36757703723904
0.0761902403949761 0.168070445829187 -0.0770647453730812 0.254648583396187
0.0889825471222586 0.0243148296102022 0.165260659609781 -0.0421923436657819
0.0366852020449139 -0.0324011533467446 -0.0816593886436655 -0.251303100141395
0.0102409211383868 -0.0165152669805808 -0.335845649270857 -0.0771494388350506
0.0128574547961323 -0.0382999411601671 -0.254816025910017 0.224635922268537
-0.0106496040825583 -0.0395053742376057 -0.0437409191181489 0.279635334790138
-0.0197756170445039 -0.0283342575162414 0.06936546029152 0.198109324664745
-0.0355059797142174 -0.0361334169991524 0.123575144145209 0.112758125033505
-0.0433558139924637 -0.0471100987408886 0.164391788446747 0.0680164342690374
-0.0413300646076587 -0.0834468273137737 0.19632931603167 0.0971057434066903
0.0292441003701499 -0.100301179858204 0.145116653617745 0.208818855312325
0.108538324775658 -0.0479295424313483 -0.0401510701157859 0.302934920394788
0.146756495044053 0.0481398137350063 -0.195903048573289 0.278418868523905
0.109426157878086 0.181264596869683 -0.28737119334947 0.214969710062702
0.0198596274625035 0.287641011357812 -0.235279250623029 0.326509091534035
0.00872139455202157 0.291740289634514 -0.0869747599770481 0.168034249258856
0.108966193885183 0.15503821633333 0.178011610704763 -0.0569354333171073
0.131804675979227 0.036553109617976 -0.0433825563223364 -0.307029862919399
0.0984610762727637 -0.05090684024903 -0.335502558492525 -0.142117397450628
0.0453717474526462 -0.116275798179401 -0.287374811957899 0.177134844960991
-0.0312078997990513 -0.11428629161147 -0.0795904320978453 0.257841819992451
-0.0639413998519909 -0.0747212934569724 0.0421405331489671 0.183160740911205
-0.0782902503383773 -0.0703178192277174 0.0980258213653009 0.0919547009127526
-0.0803929351963225 -0.0853705785790057 0.135184343156115 0.031332449708483
-0.0721285206118862 -0.146864485582224 0.188996372127641 0.0309049947675467
0.0341181537741189 -0.181604116362444 0.197908665049417 0.12570137941838
0.167106616562537 -0.10775785422738 0.0595995930500327 0.277280257283126
0.248112959873941 0.0610913157957678 -0.116118354256839 0.306004689550227
0.166005157564326 0.279259547072683 -0.231245498956802 0.229539544018245
-0.00476632054156965 0.402685303150855 -0.185514452269437 0.246704138539492
-0.0769446270127126 0.37025760092018 -0.0593320102509698 0.0415045615982831
0.0879093238116595 0.2852108386577 0.200673041897168 -0.0904540419780325
0.202529322990341 0.13884853409534 0.0224407141114968 -0.35936176058986
0.197201813542568 -0.0560295087519728 -0.294227017925073 -0.22726122547707
0.0920330895285092 -0.177872088646974 -0.299946600042438 0.0865054423494142
-0.0392068725376111 -0.18089790738323 -0.122686379661615 0.199237217432855
-0.0969053142025785 -0.116692362342873 -0.00201054355199993 0.148791201653453
-0.109284575996275 -0.0925216881245986 0.0575242443525846 0.0595820118915459
-0.107158036286701 -0.105246796545033 0.0917711077167083 -0.0120867600434715
-0.0984409926964777 -0.180887015872146 0.161080023696302 -0.0414476997220065
0.0170087011679338 -0.236340745173864 0.225905104004431 0.022316908538694
0.182632104678341 -0.170696915445348 0.153945395886479 0.212573997786761
0.312860818989333 0.0334295923517314 -0.0263544036991671 0.301312366883237
0.216835839413301 0.318284333198504 -0.180338812106718 0.226686030378867
-0.0134735037843798 0.454085939480249 -0.137553521632602 0.140283567564174
-0.156368021257415 0.379567354800183 0.00628362498190152 -0.105774654591747
0.0245141018111418 0.3654635502138 0.231035921508694 -0.137935440110497
0.211414512111333 0.236935140340151 0.107188133492137 -0.3819014136317
0.263599756195142 -0.0255231980772268 -0.198607397984169 -0.301823626245737
0.135963350247897 -0.199570743719355 -0.273787795766475 -0.033011566013254
-0.0325145595464572 -0.219541302256437 -0.160562704884586 0.109634866654664
-0.11262220450086 -0.142640136946663 -0.0571506240516408 0.0974270024084586
-0.123880263336387 -0.101820151569387 0.00864487324641438 0.0195553851094921
-0.118411524187577 -0.107444197745398 0.0409582339036026 -0.0548569353664747
-0.107725893870842 -0.186575185946096 0.119015382307799 -0.105818653925409
0.00260826845556886 -0.251301074511806 0.222736883586524 -0.0735559507941904
0.171745719991167 -0.197766985887522 0.215178168674557 0.131256142086104
0.321234440436557 0.0108998609651734 0.0440583774815833 0.267350756864963
0.220660564087801 0.311476545795128 -0.141438303379046 0.206100103066843
-0.023291199359265 0.437038211342969 -0.0978633585689699 0.0225941978631125
-0.195961369657478 0.316916451936945 0.0933549720580495 -0.240118588905205
-0.0504640720871759 0.356949075654767 0.265232896389394 -0.179892791150566
0.156550428820338 0.276428935131081 0.186878945660365 -0.362430896394529
0.260542548966621 0.020288627923212 -0.0740414068768341 -0.333432617485357
0.152090909875073 -0.174362683512027 -0.210476455095538 -0.14608944015395
-0.0178684334210856 -0.21356839526573 -0.182764057871867 0.00618167155379665
-0.107305689609995 -0.14463881636288 -0.111709519457365 0.0358201320795173
-0.118535803529465 -0.0960461861882764 -0.0411586729791459 -0.0228965047455082
-0.113110320483514 -0.0965020616247763 -0.00815546475090312 -0.0938627844861569
-0.0987580130034989 -0.170379030198578 0.0789026980008952 -0.155654958612248
0.00240383173372339 -0.232367795029752 0.204773695173927 -0.144017334372271
0.157622580819571 -0.181736532765662 0.243799437202073 0.0626582798568565
0.284439086713495 0.0208170889858905 0.0857498247465382 0.224937431059912
0.169044008662573 0.28366467056543 -0.113333531206471 0.174754811997204
-0.0525765320987176 0.361878453371224 -0.0621798069704995 -0.0837416833790294
-0.183162500415744 0.197219857227102 0.174021436667004 -0.336297911160981
-0.0943502363285402 0.262827224674743 0.294183022501317 -0.206661163508772
0.0766871174169364 0.233288497670496 0.240068506275084 -0.316915750334084
0.193647957957906 0.0442921850350682 0.033839072656247 -0.327681298493119
0.126067132642978 -0.120120111619402 -0.139627933109579 -0.226205478312315
-0.00499588123295567 -0.166907091093085 -0.191013638559762 -0.0836895361110035
-0.0843631389399245 -0.118558094787049 -0.155724922741018 -0.0208734149507061
-0.0947536340700985 -0.0769914802689523 -0.0823290198932213 -0.0608911451529011
-0.0942283480826831 -0.0758562350564 -0.0478444725920956 -0.128187125353914
-0.0783154433578228 -0.137513908192691 0.0482807409029005 -0.193879312536992
0.0104656904067984 -0.188462904810074 0.19023449046508 -0.188188030784218
0.142398092286643 -0.137908239623953 0.258444727466346 0.0211148879944306
0.221195550826637 0.0527330413591034 0.105790149093092 0.191297889602942
0.0872860302768338 0.240616553809726 -0.090734159780533 0.142351070999253
-0.0906930871361226 0.246286784767921 -0.0220540328408925 -0.163780719503947
-0.126844609341897 0.0483314404493085 0.220877795153597 -0.380600363400683
-0.0963143063225446 0.121696834355826 0.302190577750979 -0.213938084992032
0.00833174375190786 0.131259400656399 0.261435295907055 -0.273434465189713
0.0941694910538108 0.0393283620674662 0.0951573355827634 -0.31106247595419
0.0701129356283244 -0.0544490844484571 -0.0959483905467902 -0.265123177638233
0.00351357310696717 -0.0924322392242295 -0.194401911158871 -0.139926895330414
-0.0477834746190581 -0.0728876768428785 -0.182816195726492 -0.0606819561783244
-0.0578926613108522 -0.0468345223030145 -0.110640230441431 -0.0887722050221225
-0.0642629069781656 -0.0473326109272199 -0.0719042135279613 -0.155207445095148
-0.0514567213792771 -0.0913803599268211 0.033960497886528 -0.222229822868942
0.0166809928298618 -0.12952822152664 0.186616650333933 -0.210246120223806
0.118110094853144 -0.0864560891349558 0.269854441435988 0.00493024376531705
0.145424833948841 0.0799772468561444 0.116061758886988 0.175007611178
0.000957344134847588 0.17754014781289 -0.0731336827250432 0.11782143701978
-0.118903660477641 0.105410671342661 0.0226981591741225 -0.207691044644538
0.111909425032651 0.0259275244648518 -0.0375559920342527 0.297996908569071
0.0413177413188944 -0.0822052047123177 0.174985529180969 -0.0492552935006669
-0.0537349366920028 -0.0634957807214278 -0.0967765693400129 -0.220685550073572
-0.0509941710057123 0.0290137526789858 -0.329921120829209 -0.0441429790699576
-0.00316064285834947 0.0368396242042129 -0.230671113035565 0.240644246336957
0.0171515437896133 0.029656538605102 -0.0233829215762767 0.279812832215742
0.0262135422805889 0.014430207360374 0.0791792378765643 0.203131555040376
0.0115411942894848 0.00360857583454477 0.134283080151247 0.122918637090737
-0.00236111901117061 0.00534448613173449 0.179241213979676 0.0913646667334861
-0.0180068475829063 0.00199710753510828 0.191453080031619 0.14039741994394
-0.00700271742244025 -0.0128252531503776 0.0942913640450642 0.258287399748725
0.0124164154794845 -0.0227106831573999 -0.110020579974941 0.308667091927409
0.0503034281885683 -0.0277748074854841 -0.250882110758306 0.247548266903482
0.0881502943727101 0.0354260711678704 -0.344462907827637 0.199636672180835
0.0769547345515904 0.132087616616191 -0.276603501920548 0.371121567965161
0.076599554192535 0.170155268200432 -0.0749380228048023 0.26092055857739
0.0895452726046977 0.0243730636866467 0.174322356339185 -0.0416131937745006
0.0374177558682869 -0.0322298250910121 -0.0809523204821326 -0.258108169930106
0.01065006774031 -0.0171111719956773 -0.344232092780523 -0.0803446139178103
0.0126768721962762 -0.0399484763136554 -0.260735969439415 0.227661133535334
-0.0111179212589105 -0.0394326045790938 -0.0445509458395871 0.284143730976952
-0.0205720996211035 -0.0292635947380109 0.0706134130178523 0.202539563931413
-0.0369076224182118 -0.0371958862557344 0.126291059739191 0.116460331079819
-0.0448619661880756 -0.0479719441892179 0.167509021022189 0.0704595200410835
-0.0433969189830439 -0.0846405346580912 0.199389252017965 0.0983889490431777
0.029742916957264 -0.102393546745406 0.145930307033341 0.213309941070095
0.110931095394695 -0.0489766327472878 -0.0415699821815319 0.310788006819957
0.14835664530312 0.0504068889262453 -0.202076441182528 0.283183755465113
0.109324665578746 0.185797002337342 -0.29564311981792 0.217685273519282
0.0187081169116279 0.293641311583461 -0.240218926756654 0.330323753477621
0.00884237212894988 0.29533516022022 -0.0852598912217162 0.174510172573711
0.109696558430693 0.157608064869178 0.186901299435793 -0.0545821179384985
0.133403085445214 0.0385892572914768 -0.0409054214449837 -0.31465705160916
0.100555725103142 -0.0515756626801336 -0.341967653925997 -0.147786274209615
0.0452386510556644 -0.119311576196815 -0.293581339761023 0.178832848074257
-0.0325845062131396 -0.115078422508188 -0.0810602987740099 0.261956695524162
-0.0650200090811847 -0.0759053794089868 0.0422539272483434 0.186256779325337
-0.0793301926588844 -0.072267594361284 0.099403396462878 0.0951080573505372
-0.0828823584721732 -0.0872015509769034 0.136929655838511 0.0338456594290011
-0.0758530422367691 -0.148871986213855 0.191181304720706 0.0315568359151508
0.0336129722257413 -0.184266084680751 0.200346408455177 0.127809570751265
0.170910762112566 -0.110726082491794 0.0601152731744964 0.285169543837494
0.251185085209522 0.0644196971967186 -0.119100945211995 0.312572233184267
0.166825831322147 0.285921758111942 -0.238311414837384 0.233051395280065
-0.00605766637932118 0.412118692975969 -0.188516441893893 0.249947645097997
-0.079485063560704 0.374511151470735 -0.0569192103439479 0.0454748924117683
0.0881626231618868 0.289055719098865 0.210075280331301 -0.0873205492985394
0.204495131014257 0.142536076363124 0.0272745248026856 -0.367234042194099
0.200466161722665 -0.0572113981071815 -0.298255043332444 -0.235130210903636
0.0925422092422152 -0.182239764227688 -0.30620793835742 0.0871648195137277
-0.0415810858926867 -0.182632715891422 -0.125270146070796 0.203502909943139
-0.0989024959906978 -0.117801076793564 -0.00240252696206755 0.151101275192988
-0.110800703079459 -0.0948834395249565 0.0585014691771092 0.0615915716854362
-0.109279476137446 -0.107422299513412 0.0920569561762806 -0.0106713518659347
-0.102266084168871 -0.184257694584648 0.162960527964316 -0.0424758691160391
0.0161026739386038 -0.240034655610256 0.227445088735535 0.0217624219063431
0.185278623069483 -0.173744577696224 0.156856562366559 0.218648026422857
0.317225158812251 0.0354230024778443 -0.0280771110568439 0.309616987866741
0.219239644842895 0.324578340477679 -0.184663396725065 0.230998818539277
-0.0136006664936375 0.465373614243371 -0.139485894450678 0.141319877260438
-0.160041435475072 0.383447217053951 0.00864371969111602 -0.103597630543223
0.0254442660282964 0.371404900786038 0.23988183144521 -0.133695805356828
0.214959132007289 0.243071575138499 0.112231940078002 -0.38932813481117
0.268394279539601 -0.0252495328309669 -0.201097604964984 -0.309906697519248
0.137593317539271 -0.203669735370467 -0.279389652368465 -0.0348722429882229
-0.0354832131858945 -0.221710738982958 -0.163779318732581 0.111710749982177
-0.115689944774941 -0.144448667865761 -0.0588014549894832 0.0988584049321896
-0.124973969787949 -0.103858966207024 0.00839997101447768 0.0203691677460306
-0.119601292870627 -0.109480410474199 0.0412169442511132 -0.0536689065414197
-0.11203000357628 -0.189852653735458 0.120601783306692 -0.107864237665956
0.000653202885074232 -0.256306226151628 0.223564380368301 -0.07719312502831
0.174627186719968 -0.202085684021781 0.219096970666536 0.136182176101695
0.326176697876846 0.0132333744584308 0.0449483953871414 0.275863238387691
0.224575741625858 0.316990300988492 -0.144072314311009 0.211514423873532
-0.0251050618198994 0.447330954351705 -0.0991075567966176 0.0221123322774151
-0.200297034354556 0.320340231641537 0.0970664313340452 -0.241093100210711
-0.0513416511361565 0.363076992504308 0.274021431063922 -0.177826070479326
0.15793040645674 0.283215124188068 0.193305863899085 -0.368522610074185
0.266097319968201 0.0202520592547442 -0.0737816340286048 -0.3426749032026
0.154421844007285 -0.178363317832108 -0.215661167361265 -0.150458468176521
-0.0200734979604779 -0.21588926460884 -0.186264197583045 0.00664291051946318
-0.110115461398631 -0.145876463302613 -0.113923878607576 0.036810340342961
-0.119345785707272 -0.0984336977107966 -0.0422343212875316 -0.0227565875569866
-0.114303464492354 -0.0982035424422868 -0.00974291755167544 -0.0937299251626856
-0.10217945787555 -0.173920385204685 0.078873924394009 -0.15892207380706
0.00110859814877139 -0.236387499189194 0.205744513564472 -0.148514602988125
0.159695177201373 -0.184941339631333 0.249006036819833 0.065551912559885
0.287190990762042 0.0234403824555002 0.087106541275674 0.234056148961055
0.172296438332154 0.288679962918651 -0.115497116584228 0.179075841157201
-0.0534996272538209 0.369329550882484 -0.0629245275594436 -0.0859653923677136
-0.186146453704329 0.198806000155415 0.179179869226758 -0.339525966816159
-0.0959871308480689 0.266127320771562 0.301574206479347 -0.205144270240853
0.0773224084997847 0.2380949668425 0.247296418754257 -0.320618899831977
0.19755265768606 0.0443918027816278 0.0377983151960141 -0.334966160915358
0.127627728075011 -0.123267266542672 -0.142469768794648 -0.231131036341019
-0.00714934174637136 -0.168109123892312 -0.195904504305876 -0.0844313130891369
-0.0869121938263817 -0.120429982565129 -0.159118463722934 -0.0208231159240408
-0.095059716600911 -0.0794286413465683 -0.0846430048851168 -0.0622204467882733
-0.094166398720012 -0.0765654712178559 -0.0490468667592417 -0.128994687667546
-0.0806334321712659 -0.139818543717879 0.0481076635336669 -0.198018139974138
0.00967960971289483 -0.192250393442313 0.191805417985441 -0.193270235096996
0.144013708709249 -0.140863924828317 0.263801832623568 0.0223718088766986
0.22413361772887 0.0550240084676953 0.107770430751234 0.198904094030588
0.087985015075551 0.245153641016376 -0.0924227605327607 0.145834653178138
-0.0926666692274767 0.251220612748359 -0.022860506758295 -0.166861895729104
-0.128315908629906 0.047101837821915 0.226056179639126 -0.385038774661302
-0.0974339927379348 0.122463496873962 0.309258277937541 -0.213284402976674
0.00756275221984264 0.134635390925089 0.269431632588107 -0.276342137084535
0.0960510482655101 0.0402889458048596 0.100334445557592 -0.317556981604645
0.0716520703684248 -0.0564571545606276 -0.0979523840357354 -0.270665019124249
0.00172761303673651 -0.0924481278213625 -0.199322063236062 -0.141140303917615
-0.049620536057061 -0.073396340737491 -0.187500019927626 -0.061141225453401
-0.0569398931955312 -0.0481816448786324 -0.114307996610089 -0.0915857493568372
-0.063300452091761 -0.0469407912835509 -0.0737070704507626 -0.157078374492142
-0.052761890339021 -0.0923072607105274 0.0341759741991127 -0.2269009115863
0.0164428113071404 -0.13205616316664 0.189058879253558 -0.215342447022034
0.119611273865722 -0.0882245927437783 0.276009024419098 0.00595074522828954
0.14716475630773 0.0828867448301877 0.117688424847451 0.182289046214109
0.000698642323737559 0.179827252085504 -0.0749546552871536 0.119892369600393
-0.121517926018427 0.107926474100079 0.0207406888552128 -0.211111361429778
0.115247623694213 0.0218809574868073 -0.0238884728855293 0.308034363746773
0.0388287505048882 -0.0859197318684172 0.182244506280153 -0.0579157235484229
-0.0566812905658663 -0.0629084017020999 -0.10501879286891 -0.224346515866699
-0.0513406444337714 0.0313406435462271 -0.341260076186207 -0.0336763266808568
-0.00217781859862837 0.0370545637228318 -0.228675490890649 0.255016739182946
0.019971593171326 0.0296613570231318 -0.0128972370428335 0.286453062577147
0.0275687985884081 0.0130511661495432 0.0893727106041967 0.206427569308968
0.0115319978300017 0.0025524851494691 0.143523155971136 0.1222307454013
-0.00252735108236276 0.00582440515998689 0.188664382014977 0.0866242946150642
-0.0195233130564887 0.00294599688967429 0.202076650978375 0.136912290323249
-0.00712109509168784 -0.013326397975808 0.105639480811529 0.26323674501998
0.0120479940448126 -0.0242096840828267 -0.102431670792697 0.322139307960183
0.0505231509075488 -0.0290234131845446 -0.250439822298606 0.260514707851851
0.0900224741039732 0.0347031655897288 -0.350002471175857 0.216178973565459
0.0833725565549743 0.133295515296127 -0.270696174408488 0.389889748606707
0.084866604286364 0.170210826856602 -0.0628126979447035 0.270515238698805
0.0926086945906002 0.0217631838561208 0.182193708814385 -0.0493610761067704
0.0371282505101685 -0.034247171956096 -0.0903622125147367 -0.26302620429116
0.0107472720462949 -0.0185486327612967 -0.356948003238313 -0.0710928353364476
0.0100254846417378 -0.0417339858654147 -0.260100800824027 0.242707608836525
-0.0126898371835302 -0.0395716706222628 -0.0339269692291888 0.292267729051212
-0.022375752751818 -0.02911116747894 0.0799989385707286 0.2062776074847
-0.0398704524009146 -0.037438446614678 0.133666828334943 0.115532514813746
-0.0489759054156934 -0.0473609748083172 0.175349555207065 0.0672388113895566
-0.0492427572163683 -0.0844494069610959 0.208137819135331 0.0936761841777036
0.0263894714818826 -0.106339911334103 0.156422152010229 0.213649580873806
0.112002626397039 -0.0548239604120436 -0.0321973037172035 0.322928950400387
0.153552863454513 0.0479759541037198 -0.198339107925813 0.296276419549686
0.117330199334604 0.187583918051256 -0.299365634293051 0.232540778254606
0.0297947579268966 0.301103881302338 -0.234149519736539 0.346519913465356
0.0187811627941419 0.300623321471815 -0.0769278717293413 0.183373968928357
0.117219750460341 0.156299887822448 0.196683620689318 -0.0607471308687174
0.137807801805305 0.0349661348878491 -0.0508537758664852 -0.322619978183295
0.101218837770072 -0.0576752181559193 -0.356753856327167 -0.141556384202672
0.0399394534155733 -0.124763596424102 -0.295101292905955 0.193598305671689
-0.0383914782562052 -0.115845242368831 -0.0726725888914202 0.271538412891951
-0.0700584002838145 -0.0748277829007516 0.0509994989778327 0.189749319579471
-0.0846725766736014 -0.0713424337100744 0.10562222946044 0.0944699252280179
-0.0889146334980283 -0.0863470741340821 0.14186656116524 0.0307376546793131
-0.0847924892399984 -0.149644664281487 0.196265780095797 0.0252697254417537
0.026435642674329 -0.190927208454377 0.207947965853385 0.123302720638363
0.170651123271195 -0.120134047536057 0.0718843582531695 0.291737152995758
0.259009539218049 0.0583477161649179 -0.111993886613509 0.3265721734144
0.180234689032118 0.288076863392018 -0.236888350104946 0.246927643413866
0.00882586722226596 0.424383985407113 -0.182612716237907 0.262953611474347
-0.0681530872058056 0.384099881084941 -0.0535358373314163 0.0515993827764402
0.099627639588025 0.29226806780685 0.218800723322407 -0.092634527697788
0.21436072160012 0.139800032570302 0.0169970523598116 -0.37899064632993
0.203374673731623 -0.0661667092049746 -0.314188171609319 -0.231935584014992
0.0862823319673513 -0.190499286424585 -0.311939825932247 0.100006946703283
-0.0509763416872708 -0.183838084184225 -0.120477109232989 0.213303530204351
-0.106710167920258 -0.116740415014379 0.00239306324227859 0.154856539145988
-0.116479373933135 -0.0938971807518556 0.0616914723167348 0.0615445599263334
-0.115989809730364 -0.106084276437812 0.093797497226605 -0.0120244054853924
-0.11473207630542 -0.184746835642259 0.163754158408951 -0.0488184726159595
0.005772390867133 -0.247269619955802 0.231161101403401 0.012686175945525
0.182733726862366 -0.186104369175562 0.169004967689122 0.221651204373509
0.324549662529865 0.0263209183388479 -0.017146081490775 0.321267987457768
0.236335351253169 0.324403953647393 -0.181670332033863 0.243626747865405
0.00455787235057922 0.479860798101196 -0.136235137126504 0.149165094955529
-0.15114692007408 0.396910481060116 0.00789052002601647 -0.103384208438382
0.0388304613991365 0.378245925069891 0.247084756105611 -0.139881558931512
0.227604629276069 0.242660202060912 0.103841667495078 -0.403872573635271
0.274099366244786 -0.0366895683373359 -0.216169619853043 -0.312789051835652
0.131959231243626 -0.215034945133621 -0.288020798542056 -0.0259680012360723
-0.0466195494008661 -0.22360833954167 -0.16349014648568 0.121200212858052
-0.125416396456896 -0.142006704215792 -0.0560551157919951 0.103706494576299
-0.130944046373591 -0.102927265510521 0.00874417749138179 0.0213715475278969
-0.126902387586103 -0.108312054119308 0.0389987584935279 -0.0542343519689601
-0.123793887234844 -0.19022429969899 0.118626982382603 -0.114401580189521
-0.0105567484719801 -0.262616777990282 0.222936881356038 -0.0889633793246323
0.170388413477221 -0.214130469206109 0.229844609326963 0.133571239084576
0.333340644044145 0.00296281109664873 0.0565233603958271 0.285287107700059
0.241519996631329 0.316701520224797 -0.139416615129753 0.222337061311408
-0.00688724036390439 0.461126246168533 -0.0994447792542394 0.024861570025988
-0.194770675898579 0.33304688375742 0.0926410842789554 -0.247191596975213
-0.0395736734018291 0.371446906393777 0.278684185634976 -0.186057276489375
0.172149213456103 0.286415148301269 0.188443290079977 -0.383640820182526
0.273724282530218 0.0101036423991031 -0.0869038163393513 -0.350683468641893
0.150185882642312 -0.189539912389484 -0.225886659854911 -0.146411038051659
-0.0306890481791268 -0.218820132491904 -0.191280885183617 0.014910565633495
-0.119745710938029 -0.144626458341999 -0.115300491963941 0.0421061236741008
-0.12446169595609 -0.0971926266281667 -0.0445365721583983 -0.0215001091223027
-0.119619022195464 -0.0959982515050019 -0.0134577128915465 -0.0942445469769304
-0.113162761834804 -0.174223703779349 0.0736771164819904 -0.165651817552219
-0.00978438338744719 -0.242227037492839 0.202485554435356 -0.161798001057692
0.155592111365162 -0.19664451876229 0.259229943692824 0.0603513776052491
0.295076507878012 0.0149832687369457 0.0991512314615971 0.240159997805602
0.186333603680967 0.28951261778313 -0.110574096912449 0.188468287776503
-0.0415753197873448 0.382905015567508 -0.0672773109497504 -0.0868071780331279
-0.183063129639112 0.208360797343922 0.173251784485631 -0.351577232583271
-0.0873921062632481 0.274065138680818 0.305190762209947 -0.215313095602585
0.0879452771988087 0.242419467358305 0.243714540361229 -0.336440063202253
0.204894629058361 0.0380981724763378 0.0284588980569789 -0.345273274273914
0.125486523107927 -0.132295847251472 -0.154352365526587 -0.232239691996453
-0.0154974855589529 -0.170268469270056 -0.203638637771621 -0.0781555548854956
-0.0946813831417876 -0.118889725832375 -0.164281064658042 -0.0146148926385075
-0.0992219985493349 -0.0786847925543012 -0.0902498203347206 -0.0603208891650172
-0.0977594745990388 -0.0752379508338729 -0.0556869499814979 -0.129319739708291
-0.0881423041077165 -0.140250009754976 0.0410194897356524 -0.205186124211549
0.00141001380656874 -0.196729383938475 0.18660457419384 -0.206416913442091
0.141892632282995 -0.150259761892469 0.272253054711705 0.0150554325351696
0.231535089673841 0.0497663425945126 0.118676612741475 0.20366807983552
0.0988685772246127 0.248009417079845 -0.0884483861039008 0.152330740834306
-0.0855674349466949 0.262411206296689 -0.0296628936748517 -0.170272008097874
-0.128865137832192 0.0509883000577143 0.219934945932234 -0.400782706625639
-0.0936916976421544 0.12705421722523 0.31111213949441 -0.225389445139136
0.0130029220837662 0.137971531919862 0.267556393009534 -0.291677148938056
0.100471472595522 0.0371153765174027 0.093555742953702 -0.330611439416169
0.0707908128016337 -0.0609492992224731 -0.10989252966365 -0.275715076364798
-0.0032617116056032 -0.0927447939065907 -0.210506971257565 -0.135984210957862
-0.0542206625995288 -0.0726383494849725 -0.194968106742356 -0.0555109688902871
-0.0589744115848131 -0.0481356095041191 -0.121572035395667 -0.0896994903537735
-0.0647070330062215 -0.0454966727018977 -0.0822699420327372 -0.157943449707113
-0.0572377365948069 -0.0921091685756471 0.0258294346810327 -0.234233919101682
0.0104894460396177 -0.135961065172689 0.184545079620372 -0.228916123172745
0.118649314452888 -0.0950692589537387 0.284020969370693 -0.00326289336413481
0.154736253001804 0.0805397416613543 0.127048082701626 0.186025605270159
0.00765526097428858 0.184082418288118 -0.0724686788269894 0.125602847862318
-0.120485444866452 0.115780434600481 0.0122092533461388 -0.216988310783346
0.11569901033572 0.0141133803841715 -5.50596369032588E-05 0.307484464074536
0.0330246977677232 -0.0879556558382073 0.182481799897177 -0.0713269857272616
-0.0608460806328087 -0.0601026471301577 -0.116543845801109 -0.219883303353363
-0.0493214617703255 0.0346321610548379 -0.344713309430282 -0.0121933231869542
-0.000403352935542095 0.0369769101973706 -0.213468606746017 0.269555683669177
0.0226737935659024 0.0276820908912209 0.00525283538305987 0.286027264427687
0.0282013023742383 0.010933244907668 0.102914904776212 0.201758138252334
0.0108292141898482 0.00108539735540318 0.152490011582126 0.113960786980958
-0.00294456209940953 0.00572994749996849 0.195190254443179 0.0742092932260759
-0.0190227577881748 0.00459697038399895 0.210298115968648 0.124315048568934
-0.00785064761734062 -0.0139267516186006 0.121914766465903 0.258915210831986
0.0105795389472062 -0.024731399937404 -0.0827501766483253 0.329342861732581
0.0485976336354093 -0.0313119871117949 -0.237450049463882 0.272047297872762
0.0910392903944884 0.0307712345927735 -0.339339855398642 0.234428045252164
0.0907815439753807 0.128355648103348 -0.247597521798465 0.402759808018405
0.0941135033265983 0.163275655213077 -0.0412071354091248 0.27395635840324
0.092873963355044 0.0158832963954367 0.184602723415879 -0.0611179788685917
0.0345397686356085 -0.0366326587978056 -0.104035560659252 -0.259359683946156
0.00929578787988372 -0.0190193247293303 -0.362112705332201 -0.0499716516856934
0.00635375633865322 -0.0428828170191379 -0.245782840493608 0.258930012141125
-0.0147874968368503 -0.0388375462288347 -0.0147045636861781 0.29307450541944
-0.023743951235814 -0.0275545829540064 0.0937412761672268 0.200963767567418
-0.0426816095821843 -0.0360174410264452 0.142092068771309 0.108411528549588
-0.0523949900816743 -0.0447781037084549 0.180014466219371 0.0560342990561096
-0.0554889703763404 -0.0813027250052053 0.212955877786465 0.0809216299496355
0.0193459697069648 -0.108987109791446 0.168040179788037 0.204920299263421
0.108309239905037 -0.0624959867017834 -0.0129250646117784 0.325905540822934
0.155530752140082 0.0405320021371596 -0.181582405666818 0.30754456445118
0.127037791592687 0.182059049390392 -0.285665360960309 0.248596613311938
0.0481793541384818 0.299012838587809 -0.212551417998959 0.358718175790459
0.0366638122294149 0.296833667120299 -0.060753353394932 0.189198336250954
0.125477308546861 0.148760641333455 0.197842904756286 -0.0723375827905535
0.138968492395581 0.0269517179407994 -0.0690580494099988 -0.32112439097699
0.0968829914096488 -0.0636040948315487 -0.365867987889605 -0.120566663879709
0.0300681820905331 -0.127208554482695 -0.283651334196691 0.211221459162583
-0.0462102785604574 -0.112511271572002 -0.0545175096909951 0.274662346503728
-0.0744881351116589 -0.070046635576278 0.0620891764223283 0.185838463495129
-0.0892307314854667 -0.0665581825787178 0.111807564865403 0.088328721726423
-0.0948454208016278 -0.0803823968595947 0.144528794894599 0.0231727195968934
-0.0960654944948382 -0.143098679578191 0.196252934300858 0.0131574769561662
0.0130445129317669 -0.193098621705776 0.212848365968771 0.110670410578388
0.161967294854974 -0.131836987251416 0.0909601876188916 0.289284860170019
0.261944602100428 0.0441390548921954 -0.0922223212663339 0.33342658385369
0.19626138711732 0.277139372396961 -0.222027056691474 0.260737790214341
0.0354261740310316 0.423864773556638 -0.165099104140402 0.271422920734128
-0.0447750991057422 0.386009224254077 -0.046502045919695 0.0567937967938738
0.116770749156875 0.284285364194956 0.219345382549805 -0.103572468075614
0.221995222578787 0.127117260132682 -0.00471930621891076 -0.38036313688432
0.198412187308448 -0.0788945081317521 -0.328060022986731 -0.214445038638234
0.0716120823773887 -0.195670542702315 -0.305149717761196 0.117384732846058
-0.0630535419523466 -0.178873373442358 -0.106587844537816 0.220959011617107
-0.113749453965136 -0.108537738766675 0.0114664099387305 0.15381470082688
-0.122325759224095 -0.0869488804067013 0.0654897408155233 0.0584843717831748
-0.122864549486473 -0.0984747952935526 0.0932300342066033 -0.0161937261194897
-0.128055520965788 -0.175254372478269 0.160075905725323 -0.0584349463129863
-0.0113126022340234 -0.246942153903986 0.228145280827725 -0.00173562558033807
0.169421876951376 -0.197169724643844 0.183823958978565 0.212556345512806
0.326333903568617 0.00788361439238638 0.00352265007534264 0.324410375554801
0.255843496217929 0.3105126247412 -0.166036111382986 0.254597396297083
0.0355696683356176 0.479467660677415 -0.125373523837016 0.155256451886478
-0.126516118019131 0.402907605014258 0.00444429927630212 -0.100529071116328
0.0612199911076617 0.374659676713799 0.243753632667424 -0.151725436602752
0.243223352713202 0.229264452914656 0.0818883395141445 -0.409299963867774
0.270996453821662 -0.0542768352641685 -0.234434518176876 -0.301048920206444
0.116620205484315 -0.22305272915687 -0.289637950559336 -0.00874821572234642
-0.0618497462211677 -0.217461764975552 -0.154779146295782 0.131243974488331
-0.134071554853278 -0.132983483854392 -0.0503789420512348 0.106021100620916
-0.136621438870914 -0.0954864941377932 0.00966484291160513 0.0212853110318178
-0.132266859036 -0.0997450322672187 0.0358372311521703 -0.0548314587870812
-0.138097404286971 -0.180677799091247 0.11027964780072 -0.121428083142481
-0.0294267286892053 -0.26105713275585 0.213493846280945 -0.102746138243732
0.15449369682772 -0.224711898628497 0.239741628909916 0.120764710538634
0.332423127005613 -0.0159002391676622 0.0761243856628324 0.28373526960752
0.259920055466187 0.301867261969578 -0.124690400957368 0.230133974267025
0.0228327330788894 0.462573349087867 -0.0961071489202128 0.0289265702000369
-0.175149354824646 0.341750578871014 0.0803475611325976 -0.249112907829368
-0.0171403087275434 0.371036297006934 0.272471409421439 -0.19771818303052
0.190190110236248 0.276574136474461 0.165756184874698 -0.393872154228785
0.273182719830996 -0.00740570375122675 -0.105368396458156 -0.344584194737017
0.1364826110094 -0.199696067942233 -0.233670813998467 -0.132886103002419
-0.0465199070362047 -0.213886715580103 -0.189913138541465 0.0271295026367634
-0.129377017384578 -0.135270401803172 -0.113026729695199 0.0494950604584842
-0.129588509304671 -0.0912441148637618 -0.0469694691204496 -0.0185902112458449
-0.123999816999693 -0.0896906811800233 -0.0192281460611382 -0.0907979163297462
-0.125271266581272 -0.165174834155524 0.0626178674861263 -0.169598696598336
-0.0273595470851677 -0.241517193906893 0.188918061163124 -0.175179938832745
0.140999657335422 -0.205751520545522 0.263051759619659 0.0452930285976219
0.296102001784212 -0.00136206001389544 0.11576370843905 0.236924367698466
0.204480226043366 0.277393959462489 -0.0987166807390025 0.193919187581496
-0.0159593851692817 0.384924002977376 -0.0712592705214061 -0.083581920614519
-0.170690608820407 0.217180264569667 0.152380381794335 -0.358717020843502
-0.0708105112920275 0.27716670145794 0.294922777513784 -0.229271266156782
0.103513923658494 0.238002483596607 0.225389682237451 -0.348999136275037
0.205984963606866 0.0239357416207706 0.00976023049901661 -0.348558664655378
0.115694886856803 -0.140756072600788 -0.167377961259969 -0.223603367775962
-0.0279923008469938 -0.166915511029991 -0.208627667080164 -0.0645053904484616
-0.102815948746594 -0.111171850801031 -0.165808986606747 -0.00431473027415938
-0.102470932419364 -0.0734578808528272 -0.0952716790428635 -0.0547125053780613
-0.100321656533026 -0.0691471173470886 -0.0635500623197127 -0.124098089613461
-0.0981131916978407 -0.133298003462091 0.0270857005072213 -0.207220686452108
-0.0129079744858294 -0.196563021523026 0.17086793637976 -0.21830130818473
0.13071682262793 -0.158865202688875 0.27348770751183 -0.000212658228162227
0.234561495015783 0.0368428011193281 0.13296593661243 0.198756463852671
0.113633831863223 0.241271957616781 -0.0781286103072626 0.1567281108048
-0.0678593727390289 0.267598436376107 -0.0405283457560605 -0.168486275745704
-0.125705953985189 0.0570644284929956 0.195594389447129 -0.40975367804674
-0.0846523324562486 0.130856904594519 0.298057818326844 -0.241046658968004
0.0222600356691896 0.13777482948956 0.251020274053989 -0.305585711102299
0.102098118487897 0.0297814597146172 0.0761515678479317 -0.336836156436394
0.0659852854617094 -0.0657076909725587 -0.126243127619131 -0.269367458838911
-0.00981948988664553 -0.0905795955549641 -0.219792121237354 -0.121727893798116
-0.0591308395791892 -0.0674897407099007 -0.199041011629563 -0.0416079799376712
-0.0608064842888932 -0.0456280005159017 -0.128712265952505 -0.0818207825265029
-0.0657779377530864 -0.0416433608705191 -0.0926147301466281 -0.150787000883522
-0.063196895069943 -0.0873553485458685 0.00916481756316158 -0.235263596657295
0.000732521740984851 -0.135996648542295 0.168063657202892 -0.240605784795845
0.111611015209083 -0.101913614744049 0.283983203163301 -0.0200732041129032
0.159691236390952 0.0716948923549765 0.139352231227923 0.180476619762992
0.0182558836958218 0.182912341634716 -0.0647808937440157 0.129197987853396
-0.112756650433421 0.123122776938076 -0.00249408876811971 -0.216825458084048
0.110722249723861 0.00622767841056043 0.0204282379796174 0.293576730557872
0.0261073107909656 -0.0865382694044539 0.175093455277026 -0.0808489543333186
-0.062028782084677 -0.0549327595879228 -0.121985429130705 -0.207590453995722
-0.0455968762507769 0.0361882773174529 -0.333346260175923 0.00738414784794497
0.000557088863089771 0.0350498371128289 -0.191151735570721 0.272853393604534
0.0237930209495362 0.0245726694832446 0.0209232149015247 0.273945836970939
0.0282563099114042 0.00790898325885374 0.111588798187068 0.188825546213391
0.00889359934942167 8.84609155588677E-05 0.154659156187457 0.101416483681666
-0.00310939414885912 0.00574051452661942 0.192929353568565 0.0609263140100229
-0.0179517208462515 0.00521354432945331 0.209510379374989 0.108813193492797
-0.00842173586091719 -0.0132932608116428 0.132070340722004 0.244803583826317
0.00806745390910992 -0.0245230625039034 -0.0632345305683715 0.322572969821022
0.0450574759706755 -0.0309317901618228 -0.216525651707358 0.273126888654254
0.0882889705110817 0.026938751855904 -0.316515362603244 0.242078774002386
0.0935792633002419 0.118646644951444 -0.219248189464243 0.398269480767385
0.0982192412447789 0.151167300246523 -0.021034917459018 0.264769058518783
0.0885385316302226 0.00954985859645014 0.17879783550293 -0.0699985660657609
0.0302625985970034 -0.0371291417856401 -0.112178203117539 -0.245217463356258
0.00772697416132757 -0.0189327381790931 -0.351641373316076 -0.0289652295352735
0.00235537799206444 -0.0420486365717782 -0.222676770699038 0.263408027803031
-0.0161917519423809 -0.0366405316940263 0.00175969509951908 0.282565967765558
-0.0241860531735126 -0.0258388686391825 0.100877128510416 0.188968533479201
-0.0440457468118364 -0.0328860432063087 0.144103043018723 0.0970432529811507
-0.0538756106213845 -0.0398580086269589 0.177195568396204 0.0437029331320876
-0.0588096261315588 -0.0738277091705909 0.208855922484927 0.0669182294975543
0.0117847447547126 -0.106315258483981 0.173124499194526 0.189344457308138
0.0998522626347408 -0.066083667044427 0.00507734383723452 0.315318152194556
0.152703540520868 0.0319345950542765 -0.159751366016669 0.304951762889986
0.130706580966404 0.170414856516107 -0.263673426015694 0.252808376094831
0.0622117542117895 0.28618332591713 -0.183162176902173 0.353492708713459
0.0495791444732837 0.28178071717555 -0.0439432958114815 0.185872384874373
0.127306293640094 0.135558988559987 0.192429929858503 -0.0799070485866639
0.13417688133063 0.0189544923900078 -0.0815480255612217 -0.306738555849021
0.0891714083792216 -0.0666031923906114 -0.358615574889364 -0.0972361292529361
0.0202563384951876 -0.1238840851817 -0.26196553000429 0.218387894974195
-0.0509728424702683 -0.104495822925571 -0.0374310557031302 0.266883066434747
-0.0745862741860032 -0.0630949453707338 0.0695705159444506 0.175826958935799
-0.0902855699195233 -0.0597943311469173 0.113464368027374 0.079898399218269
-0.0969962224629255 -0.072571015449255 0.140809877192103 0.0152082453041682
-0.10234243910409 -0.131133921547882 0.189941367785027 0.00277893759519153
0.000429615556087893 -0.186777500886996 0.208841778744342 0.0965623838008614
0.147707152492316 -0.13587187545104 0.102680273454508 0.275422618918678
0.254354746003233 0.0300075188132209 -0.0706663324131077 0.326262031558038
0.202588224392761 0.258014673866111 -0.200718143179811 0.2612744205156
0.058949201266828 0.406260385134957 -0.142892218330696 0.267500967253184
-0.0241201000289131 0.370929107383893 -0.0378250505143276 0.0589433925232102
0.126059946681547 0.265976109925834 0.211466001300214 -0.109660985464381
0.219705064313725 0.111307499323813 -0.0215225362677575 -0.366528380582123
0.186288395898745 -0.0870555164259769 -0.326800424147532 -0.190368293898749
0.055749007615069 -0.192644951515815 -0.287178347881792 0.129897791373379
-0.0715675097817449 -0.166758459542284 -0.0900395839598717 0.217702812148066
-0.115741010040042 -0.0968031255870203 0.0189063180674113 0.147332290497455
-0.122578327163875 -0.0784333776315037 0.0667163300794163 0.053135001135145
-0.123690700674361 -0.0882523230658314 0.0899258315629115 -0.0194799468053786
-0.134922990742068 -0.160382661939329 0.149681361939533 -0.0648814454911608
-0.0271296184017713 -0.237454479929925 0.216325740664953 -0.0132453069562464
0.150828921469201 -0.199326142560101 0.188691105719716 0.196160131101204
0.313983393782598 -0.00814088111576291 0.0216475926288671 0.312576796173653
0.262385867885375 0.285217421354663 -0.146499336298199 0.252202062337834
0.0606596472030444 0.459327781130154 -0.110560515472002 0.153357591789342
-0.10364992936842 0.39205074050225 0.00276514230079235 -0.0938198159311857
0.0766770771483612 0.355434431491619 0.232594234972211 -0.155307680923586
0.245441783057187 0.208922548711474 0.0594178578363939 -0.397913455803449
0.257121671642702 -0.0673778489404309 -0.240039735329225 -0.279421450352252
0.0973299517409596 -0.221536032842842 -0.278747608991086 0.00692881343021114
-0.0727447344681636 -0.203722980798702 -0.141631782808014 0.13508461759416
-0.136420271228685 -0.118725609401367 -0.0435194203311082 0.104580684013706
-0.136471777711612 -0.0851435000642755 0.0102787551714146 0.0207679346560952
-0.13248454451111 -0.0890222660946276 0.0318636987063548 -0.053322143975782
-0.144550764057859 -0.165282002332484 0.0989411309082426 -0.122582106991037
-0.0450885460804876 -0.249677525711927 0.196668367780766 -0.109593098774704
0.134972495442664 -0.223593252409073 0.237789569232964 0.104756711428025
0.319364279605166 -0.0323095120712221 0.0906973522264492 0.270953760249952
0.266762778136491 0.277592406534373 -0.107545296275364 0.226670713888235
0.0477118208446123 0.443558637796945 -0.0907531665579071 0.0305110780962117
-0.151542014335306 0.335359231022788 0.0665060109560521 -0.2411599413311
0.00318315770291704 0.356681783154999 0.256202042502581 -0.20130177680379
0.19829349960948 0.256866601458268 0.140765987011211 -0.386375506855292
0.262143044396468 -0.0225577336893427 -0.118584122375575 -0.32818536652411
0.118559721446154 -0.200244549001303 -0.232119208098676 -0.116245115398045
-0.0568836366697183 -0.200510904514595 -0.180539822454335 0.0370303119606523
-0.131891025021142 -0.121317763261843 -0.106651140546505 0.0535637770192008
-0.129276240931693 -0.0817335104925555 -0.0468088227273373 -0.0146998754576741
-0.123304981178706 -0.0789523582739889 -0.0232668411421257 -0.0851404300771872
-0.131776680685111 -0.15128393580493 0.0502773185218563 -0.165645421181302
-0.0422071791920032 -0.230503307235426 0.168893862680697 -0.177215167859154
0.12333214192045 -0.20526113010177 0.256674623297346 0.0310656803578554
0.284760534727457 -0.0159290332087689 0.126140133524288 0.222796860799834
0.210629230889006 0.256098547379685 -0.0832190967832686 0.190809999354252
0.00682070191427199 0.370319539761953 -0.0734827825286945 -0.0781188710715239
-0.15419164422414 0.21611392547764 0.130502674383726 -0.350232669532088
-0.0526975297141118 0.268358831726278 0.275138840252189 -0.232710516029866
0.1123818182499 0.223806491734088 0.19911959076555 -0.346433490921236
0.198740922286424 0.0112479476884571 -0.00541797891865206 -0.336643847861702
0.102356655226191 -0.142513535182847 -0.173147209285472 -0.207854467289871
-0.0362305340459717 -0.156267291631422 -0.204626584581859 -0.0502387585293561
-0.105032660092628 -0.0992879114243153 -0.160424376013532 0.0058472443880391
-0.102579685567729 -0.0659449894666797 -0.095845682374494 -0.0468933391722131
-0.0990717155283383 -0.061452423907436 -0.0681200175960634 -0.114274178542322
-0.10267019621717 -0.121743996944643 0.013596883733587 -0.200105822917801
-0.0253953389071615 -0.188258246407183 0.14983087126368 -0.21903007295088
0.115442547380311 -0.159837293196765 0.263765211572397 -0.0146714782078329
0.228379549973964 0.023678914338141 0.140801992646856 0.186129986864525
0.122243596469776 0.22542294725013 -0.066768743815457 0.153391514316745
-0.0500910929801998 0.260301602901967 -0.0487895059350797 -0.160865118057862
-0.117663926577736 0.0595955162630889 0.167482111917669 -0.403912781663795
-0.0741519478827843 0.127869244044544 0.276596032800437 -0.243507491719976
0.028932699281939 0.130772190589583 0.226827576725278 -0.305566230916147
0.0988408816925676 0.0225907178273769 0.0581437077645761 -0.329731194468583
0.0584722299366014 -0.0672552582497056 -0.136177647696095 -0.253301587636803
-0.0149026357519121 -0.0847071899138322 -0.218226781165573 -0.104019642110721
-0.0611407180382917 -0.0598732527112402 -0.19480680984928 -0.0269166216877027
-0.0604857449780182 -0.0412964565461809 -0.130085443137796 -0.0714404097370289
-0.0637733315063034 -0.0368924150816456 -0.0970729573513049 -0.139113612038295
-0.0656266010113166 -0.0803169908069988 -0.00552688269959389 -0.226514236097913
-0.00799745295557349 -0.130701043714377 0.146977280278883 -0.240598382932119
0.100629941345201 -0.104257771087799 0.272854745010815 -0.0340135259063588
0.157761221597943 0.0605230587790154 0.145009424287539 0.168377243140697
0.0271495036266072 0.174745020990223 -0.0558522072040997 0.12664273561674
-0.101163844610353 0.124365315866655 -0.0157275393838608 -0.207134650960124
0.0995286548687084 0.0185742447426884 -0.00533731034845186 0.279585654148271
0.033424237652211 -0.0758412054351968 0.179406567921851 -0.0613038176460266
-0.0501727540757048 -0.0584340252789581 -0.0874386380017334 -0.212035012870952
-0.0473587121079868 0.0257699474674697 -0.308631307119183 -0.0310140119191198
-0.00598048667366872 0.0317524966492015 -0.208145384934617 0.231089174266297
0.0184484538899666 0.0223983001219695 -0.010475685612726 0.25852094991966
0.0262343195865796 0.00890455419287908 0.0847258200435689 0.189355889166342
0.0078010681777258 1.16139501308002E-05 0.136315804133463 0.114045833317166
-0.00490835883187415 0.0034987085747618 0.177737486945854 0.0790780069432147
-0.018434381504014 0.00172941295502534 0.188004442776611 0.126850198981364
-0.00625159797888631 -0.0160585869721386 0.0980871431214176 0.249930634877563
0.0142595428535174 -0.0258425097044106 -0.0988023184776758 0.305309365613055
0.0518027689634544 -0.0240790222028031 -0.244158200300562 0.233652755257409
0.0838220828694514 0.037195408149775 -0.337495267510617 0.19480746398479
0.0791367017188539 0.122777920809485 -0.26280894286577 0.356698080728059
0.0710347301397771 0.149326062850701 -0.049116908267268 0.252005408859734
0.0789903811932314 0.0200184133398473 0.179719303215668 -0.0450882859787164
0.0324461036122817 -0.0298115008039382 -0.0725536475240052 -0.241220395094405
0.00907548322000291 -0.0175081325319337 -0.318609169841058 -0.0649672377441336
0.00633796394934711 -0.0396969027314966 -0.232855792459411 0.219631401511354
-0.011695260118994 -0.0384573641473461 -0.0269267405509348 0.262233073503854
-0.018615267267242 -0.0284622392716947 0.0754874095616001 0.188205410198318
-0.038408496567413 -0.0366406186493343 0.12578649943148 0.108531376611731
-0.0477948843378458 -0.0453456339151918 0.164876339583184 0.0635499515287195
-0.0480640218952828 -0.0773349055196333 0.191687900550572 0.0905628108142962
0.0230172892437706 -0.101920088310784 0.139914252216765 0.205807707713956
0.104967674566967 -0.0551213321641181 -0.0336194295888591 0.307697506140097
0.146793385123225 0.0472626107434834 -0.195097226826102 0.26953111123944
0.107555733726746 0.178307494028734 -0.289529559618107 0.205942995202811
0.0308426691180841 0.279871185030501 -0.227512302897491 0.310383381789628
0.0107264148587495 0.263691480804734 -0.0713784501215396 0.178083101745665
0.0988815385652666 0.140287575000907 0.191475708624212 -0.0456111082950946
0.121600046906761 0.0355654830890875 -0.0381296233990629 -0.287470222896251
0.0915346429314758 -0.0506581753907704 -0.316086180454201 -0.126241476307376
0.0350628997268845 -0.113508658757171 -0.260127759030813 0.176358567122157
-0.03556737891025 -0.105891892220117 -0.05935013653752 0.241710200551965
-0.0627837000970679 -0.0685801698826911 0.048122439279136 0.172808954522225
-0.0788770418771251 -0.0683084438195911 0.0979565607228552 0.0896796979087245
-0.0842362416844054 -0.0813971189727533 0.133801924392554 0.0328451847826624
-0.083070175496603 -0.135239850655598 0.180513682098212 0.0290778568914183
0.0207195858353342 -0.178805336444051 0.184378078913039 0.123227225336937
0.156945549608109 -0.115783707406052 0.0639503489451104 0.281953834254057
0.243852736632428 0.0553849393485839 -0.114666676709215 0.300553501742727
0.165799059093388 0.268521231587428 -0.233444221306735 0.216488929335505
0.0142748048355729 0.394673542661922 -0.17937251245319 0.226952460912254
-0.0688273431719779 0.336469217821152 -0.0608672019242666 0.0605542234642728
0.0805528933313052 0.260052453392065 0.206672122239045 -0.0671721221067001
0.18940700608096 0.132318275023663 0.0207722594498921 -0.329561426234546
0.185043533913168 -0.0565116549319825 -0.275721669941366 -0.204737226269414
0.0785869767069483 -0.172557815230156 -0.272744226807785 0.0932315856836513
-0.0460564439226964 -0.165630097001901 -0.100010006675847 0.189532235845484
-0.0968258490126274 -0.104798881891088 0.00390190459895464 0.14145530418936
-0.107581147373242 -0.0897931040770357 0.0554809414672944 0.0591540308830066
-0.107760097718088 -0.0995644844412503 0.0887058249103965 -0.0049893319408765
-0.111137582714317 -0.166204433472179 0.150486767239646 -0.0376476274287069
-0.000137613055973384 -0.22912375205401 0.203136303316185 0.0219668364299008
0.165210589827563 -0.174821846188021 0.155544545494372 0.218053358759711
0.303389864139251 0.0235844835975729 -0.0254185197865168 0.299730930444684
0.219578364957608 0.300471348304716 -0.181125283317092 0.21350987142298
0.0115933392475646 0.445562025225505 -0.137672385518076 0.118460260191896
-0.141955125079214 0.347625778662813 -0.0120423134539347 -0.0808289102359371
0.0243877790150297 0.335723575679792 0.225792530147878 -0.105970526064869
0.201189448663622 0.225862841980813 0.0940137806985479 -0.345370145651635
0.248241389957547 -0.0277103417426509 -0.186260922065394 -0.273316247936362
0.121179087444925 -0.193944143022258 -0.250820338778642 -0.0178882716211013
-0.0422609898892852 -0.199154023901699 -0.13842506410447 0.106915247037633
-0.114185700135189 -0.126840051999952 -0.0502596772445259 0.0939276143140044
-0.11926174735952 -0.0982102936756449 0.00551131117927314 0.0215820936487591
-0.115201866482527 -0.100772734453053 0.0374950531816048 -0.0431904470761297
-0.119923193268497 -0.171185580395743 0.108131416992636 -0.0975295675425444
-0.0168927073753362 -0.242323504365174 0.1958724961364 -0.0720675976394293
0.151879427747056 -0.199783745668816 0.213757031286978 0.136078310597859
0.310050434718386 0.0015571347275309 0.0457837842998038 0.269005121082031
0.224210930832854 0.290150769573594 -0.141599739951161 0.193562068692701
0.000368376489937094 0.430698601179355 -0.102978188685611 0.00217415239180686
-0.180592959952202 0.289565899018536 0.0643547776693659 -0.213597957132935
-0.0450559881773568 0.326175340662829 0.248957694194673 -0.148864813110217
0.150720481647768 0.263984674059667 0.165304035889082 -0.326230811205793
0.247373889477244 0.0139795427039714 -0.071088049633829 -0.305051564793192
0.138093743396519 -0.171397707289828 -0.195636783556154 -0.126071084598933
-0.0273964983662033 -0.193210270948005 -0.165146359539207 0.0116861280330561
-0.110269235906869 -0.127447697183465 -0.104090820668258 0.0407238746882144
-0.11332615701491 -0.0940546440757517 -0.0446256135714083 -0.0173836748714266
-0.106024056366274 -0.0901465217749016 -0.0118250032064882 -0.0804185356855858
-0.108308010471984 -0.156055940756357 0.0661479027520109 -0.14509470157809
-0.0156441762477547 -0.222855040303061 0.177262571538108 -0.140492248835386
0.13770697168356 -0.182652780153877 0.240542207168955 0.065324323083136
0.274217715844035 0.0117500849391229 0.0864630974596323 0.227674058139094
0.173304135118263 0.26527646632748 -0.111963629783962 0.161517376144716
-0.0323168396114915 0.355849717113819 -0.0713166333959811 -0.0996809651805686
-0.16855215326707 0.178625986438858 0.14160425004195 -0.311396575762138
-0.083821665648906 0.237935462280058 0.270934085267279 -0.180278965975788
0.0759547869833286 0.222490672961395 0.214481433064408 -0.287373172907528
0.184037469031649 0.0378288435120869 0.0321710220922784 -0.302926677510792
0.114609990290082 -0.119484831392729 -0.132710608840211 -0.205072796164278
-0.0128086481115264 -0.148559919407634 -0.180118492417599 -0.0702447101893971
-0.0873099074591094 -0.104161784410442 -0.149652060556815 -0.00976143111862279
-0.0898327546663156 -0.0760413107442672 -0.0874072668472324 -0.0540254472137594
-0.0854708577636902 -0.0696623867492236 -0.0514702023179738 -0.113766324315762
-0.0841031181676554 -0.125117740202689 0.0358091939299125 -0.183391236030271
-0.00448742349185669 -0.180359873362033 0.164407427969496 -0.184335941310104
0.123994511077336 -0.140039925413056 0.253166338599764 0.0212067015454813
0.216004782687571 0.044185399009734 0.107348313835406 0.19326410785249
0.0924396853044365 0.227138535795925 -0.0885481611355146 0.129672307403827
-0.0760669437271663 0.243758322750093 -0.035271463434663 -0.172644698627939
-0.115203517866341 0.0397642210965592 0.191747300343744 -0.360067242613732
-0.0845837110927295 0.106084181509957 0.277630133906009 -0.194937484345236
0.010588323988434 0.125485571285988 0.238656091198322 -0.253033762180076
0.0897536534907282 0.0349006588536328 0.0907404781665017 -0.293564060935584
0.0636450043332497 -0.0546032260886047 -0.0956405174789408 -0.247540064730522
-0.00105947662945583 -0.0789246832537572 -0.190602738827425 -0.120695722159974
-0.0498267164002724 -0.0617271159693818 -0.179867155847353 -0.0438888547542708
-0.052851750923973 -0.0472686600698384 -0.116378575107509 -0.0810272206091685
-0.0551185804473545 -0.0417361781612254 -0.0764413814480029 -0.1411132801814
-0.0530524502159288 -0.0814450956397486 0.0202687655736316 -0.211295008831658
0.00540160645492173 -0.123017638717149 0.164591260549354 -0.206978950340875
0.103858380219321 -0.0884452268859876 0.264066345746217 0.00204497265679052
0.14472637604791 0.0714745767711943 0.115401566070727 0.177081383523038
0.0068874442076375 0.168000933685044 -0.0704523523795547 0.107278895045376
-0.110502377955849 0.109045972949142 0.00731719221357761 -0.208923274575674
0.0956713513599527 0.0192805054149644 -0.00633666277210791 0.268126260305854
0.0326043072438358 -0.071605465052112 0.176319697324564 -0.0589238962140263
-0.0483285685052633 -0.0568296461857548 -0.0786923541392556 -0.20925430368981
-0.0461521552344103 0.0249938741753587 -0.298104073273219 -0.034552186502634
-0.00634989759901517 0.0306932080386952 -0.204478486050571 0.22219464761019
0.0177185006810455 0.0211352060143845 -0.012946075252575 0.249954644845794
0.0252846469531017 0.007573252408701 0.0806093564080042 0.185099359475107
0.00692802238659558 -6.061820443289E-05 0.131374015001872 0.111860334769255
-0.00541668225652982 0.00332100827172792 0.171976926293402 0.078408426379482
-0.0182398017833282 0.00142172823738666 0.180565936229692 0.125574221144556
-0.00598573824348099 -0.0163973303620423 0.091305631944353 0.245513309996605
0.0145651566569797 -0.0247695714538111 -0.100842944664508 0.294838808899212
0.0504788093349615 -0.0215454967394382 -0.242566542465144 0.220876817404131
0.0806824195674884 0.038985591449388 -0.332029557016942 0.182110197755634
0.0745668216645649 0.119841688442012 -0.260294967132236 0.339347246310536
0.0658430936781218 0.144874268495618 -0.0478004026496937 0.241779518468872
0.0749554614455165 0.0210345379700863 0.179026622621354 -0.0422573475219421
0.0317602635326871 -0.0276425192977759 -0.0642488222624573 -0.236334565928019
0.00903343161425862 -0.016498937341579 -0.308086307521224 -0.0677857752239334
0.00521042496686333 -0.0382922552791231 -0.227819319021663 0.209672068449593
-0.0110794856636493 -0.0371726767289671 -0.0289965112054179 0.252491034943237
-0.0176347043461544 -0.0287750922270224 0.0707588490306005 0.183838548934169
-0.037285501334229 -0.0367826657464017 0.121624942062425 0.106821724395502
-0.0467350280841182 -0.0446731823883883 0.159954375395595 0.063865458727051
-0.0470828156210981 -0.0748707276691225 0.185037919847267 0.0896420361543667
0.0227823321243687 -0.098405705650882 0.132650541980812 0.203035112818204
0.102527801299275 -0.051925793962742 -0.0378258594248067 0.298695109320772
0.14189819404689 0.0489404408358444 -0.194483214751949 0.256403602544058
0.100562411710185 0.17535641713669 -0.285403989603943 0.19290584207355
0.0264001079206588 0.270786037274393 -0.22444546153172 0.293403464776286
0.00569070795012069 0.254084607405806 -0.0678971986856761 0.170933393208986
0.0917645704363912 0.137367359444553 0.190340711576412 -0.0414462525518077
0.11647295658093 0.03673399084087 -0.0299115118160818 -0.279144650647097
0.0891423248049597 -0.0475583984984932 -0.304014087305016 -0.12856446096881
0.0337494599401017 -0.109627837473344 -0.255129174420711 0.16680573556929
-0.0332935556981567 -0.102415501229285 -0.0599962858644474 0.232834420847559
-0.0594358439356127 -0.0681316965231243 0.0438561422436514 0.16779556746557
-0.0760736935038273 -0.0680426100870219 0.0947644196894164 0.088181819804817
-0.0811778685948914 -0.0792220501138881 0.130058310838333 0.0343111388718088
-0.0802452674723125 -0.131719978343967 0.174658322774812 0.0308742827560102
0.0204923504741119 -0.173154176162672 0.175663979887911 0.123697049527056
0.152372559297423 -0.109897784203165 0.0582736317406269 0.276026582874941
0.235690412577687 0.0577871488102097 -0.116132691307296 0.288401125783852
0.156669523053202 0.263483832152217 -0.230979803989158 0.204043166224455
0.00818136799999492 0.381626443538042 -0.17691104761319 0.213717708129501
-0.0717432225717979 0.324109456273383 -0.055938913534562 0.0587760817901983
0.0723704062796647 0.252384767222684 0.205432452061015 -0.0598098714606281
0.181479457562542 0.132062855272891 0.0272496284175743 -0.319501400487327
0.179441913660672 -0.0515902680633537 -0.263285827485678 -0.203741188356347
0.0766748441168611 -0.166529288367288 -0.265413508387215 0.0853413027473382
-0.0440934999451749 -0.159472365141268 -0.0994249860036899 0.181476923413635
-0.0918415900731582 -0.102330307177594 0.000928731551217899 0.136372250284243
-0.103311342526033 -0.0890258438673516 0.0541580613242292 0.0588937518846743
-0.102982808140642 -0.0976299098737055 0.0865470016930406 -0.00308818671929806
-0.107897663999979 -0.161252098975884 0.146266051759123 -0.0342983540212681
-0.0006070391227355 -0.222014230229974 0.194783399501099 0.0260791031633397
0.160847597112989 -0.166598164751672 0.148087831837347 0.214573834894197
0.29445747076458 0.0278174546530131 -0.0286893192134202 0.289816870239914
0.208727501270946 0.294539757563695 -0.180717173667966 0.202210004592057
0.00602461597381985 0.432244240812316 -0.134845519928386 0.109417869249501
-0.144298826302743 0.332190471990027 -0.00675702963277416 -0.0764481146518143
0.0170902546887079 0.323345493278283 0.224324915512042 -0.0958756528218695
0.191924808392547 0.222957164532404 0.0989553379437027 -0.332586707124687
0.240483067001355 -0.023913176621538 -0.176104794438534 -0.269545088804425
0.117711920473869 -0.187203201895233 -0.242936783803442 -0.0220857467277826
-0.039251391775781 -0.191546787475053 -0.135508056977189 0.101518992253886
-0.108348872166131 -0.123801930820947 -0.0505653208313354 0.0905900788928944
-0.114844341333188 -0.0983676704127398 0.00520652438778361 0.0214184269068792
-0.11018788253822 -0.0993494871987584 0.0369894011766174 -0.0402201523754428
-0.116409502014634 -0.166327732365647 0.105524492673865 -0.0925603354429833
-0.0161747462821506 -0.23460788406856 0.188003736457304 -0.0652204227119548
0.147657701076661 -0.190869377470868 0.206025837145687 0.134971591154919
0.300787734790085 0.00528407562114862 0.0405553885095883 0.261706466732072
0.21505601607617 0.2841026879598 -0.141970492997505 0.183449664655683
-0.0033637204980201 0.416910463285025 -0.100605853020723 -0.00241953017577591
-0.180683780629303 0.27613151857583 0.0686611103580536 -0.203696392590195
-0.0496744498697796 0.313917661849992 0.246881014183231 -0.136937221840622
0.142795413742762 0.258499095537594 0.16616351723907 -0.312382161781383
0.238958539604774 0.0171382869228056 -0.0621242794070624 -0.298608022636648
0.133668991591551 -0.16450601453235 -0.187330933897208 -0.126508086037544
-0.0251586950931811 -0.185442560756464 -0.160558925880914 0.00941699265556332
-0.104890307132752 -0.123814333868777 -0.10219192988369 0.0391761764982514
-0.108725076876634 -0.0937070312702053 -0.0438891175147129 -0.0174809450834437
-0.101198215594879 -0.0892716635065012 -0.00997254351442055 -0.0762890642518458
-0.104951670326087 -0.150896636519514 0.0661355691688442 -0.139450297670964
-0.0151239362429856 -0.214880937171503 0.170812678867453 -0.133073150751809
0.133753614595984 -0.173893372054935 0.232697960275679 0.066765900571357
0.265903419013754 0.0152924321561489 0.0822474317833391 0.222148403773503
0.165515714026671 0.260031205119077 -0.112086124685103 0.153110215429303
-0.0353163066057663 0.343585724040936 -0.0692248784241111 -0.0995212012950974
-0.167236577686047 0.169103992274735 0.144014963780668 -0.297294871395008
-0.0862453236407689 0.227042240791347 0.266970307835642 -0.167758301583297
0.0710115375298273 0.216347732294265 0.213535270373667 -0.272930895047948
0.176865033353663 0.0390545739287354 0.0387680553969173 -0.29482277664044
0.111447302811271 -0.113997153711566 -0.125275151418493 -0.202742066439441
-0.0108676344720629 -0.141878970388183 -0.173465051036543 -0.0702831160199313
-0.0823664642446283 -0.100251641426701 -0.145872194423979 -0.0100042821905403
-0.085954481944075 -0.0759023806011505 -0.0855916315781713 -0.0528753107558002
-0.0806891756910207 -0.0693324320316147 -0.0484762411237857 -0.109699481819565
-0.0804507222490691 -0.12093229717874 0.0363429278182172 -0.176119549698124
-0.00426777324477552 -0.174409536345629 0.159144320780952 -0.175182138446379
0.121181903558484 -0.132758699530338 0.244754239571842 0.0245249666665734
0.208757309128677 0.0456265458922901 0.101759448067932 0.189529505007158
0.0872384880886852 0.221005935367106 -0.0892461414803973 0.122909108839984
-0.0759503158232758 0.234390134110811 -0.0327466240938756 -0.168000584306826
-0.113095424772328 0.0356052036950635 0.192131525053172 -0.343582180158258
-0.0842327992158488 0.0991371528984672 0.273493247054186 -0.181648872205547
0.0092226147320529 0.120885620254621 0.235634413919866 -0.23926467719837
0.0853810956091172 0.0345734378375314 0.0951623751187047 -0.284184010094284
0.0611005921506801 -0.0519702905566871 -0.0887365763910811 -0.242673896819564
-0.000126695168932993 -0.0750034793562386 -0.183112711219014 -0.118478305449359
-0.0476495828168995 -0.0592759989631809 -0.174428854144706 -0.043375407029674
-0.0506651772444069 -0.0481234466716849 -0.114173735155937 -0.0785740124326102
-0.0509333876865706 -0.0419049885500735 -0.0721296949125213 -0.136296747862355
-0.0501854886444609 -0.0792100898150382 0.0218814434954828 -0.204284929094603
0.00575090520639101 -0.118305127521505 0.160532178527012 -0.198462012562914
0.100683566359333 -0.0840886320044376 0.255170509282442 0.00652626293815693
0.138957905884124 0.0708343402907527 0.109556622406701 0.173884183578596
0.00472575610557918 0.163210981382828 -0.0715153852490745 0.101504743381842
-0.107916217765077 0.10287222308771 0.00712278985745721 -0.200885928019826
0.0945073448345279 0.0213839177653414 -0.0103006589983438 0.267181782050977
0.0338829039465766 -0.0707167831167961 0.181957870854064 -0.0571329639168409
-0.0474883977709601 -0.0579924828939845 -0.0724404507079238 -0.213915961430816
-0.0463046792144617 0.0243272285473218 -0.298528317969171 -0.0420606040264503
-0.00801509570393328 0.0303117622666797 -0.210313273507318 0.219794132075599
0.0171292532936217 0.0210391917893772 -0.0183965680019153 0.250119448046142
0.0247614028390042 0.0065069704575665 0.0780822777530469 0.188108752131181
0.00575974802927806 -0.0002268665509883 0.132280073253009 0.114762463031621
-0.00613058808332045 0.00307486988907511 0.172549373373346 0.0824416313488683
-0.018386339652369 0.00120413793397705 0.179965371361083 0.129694566365729
-0.00566951938252461 -0.0174259977212082 0.0870861648428346 0.250497943657232
0.0153596152592565 -0.0247782424846815 -0.108640770055275 0.295734428025767
0.0515910178348438 -0.019790657102052 -0.25256881612276 0.214072696702643
0.0802374871634543 0.0420843236165135 -0.34011661841126 0.173544533962765
0.0718835161970782 0.121363003146354 -0.271739165759498 0.331708977491498
0.061233972415306 0.146212972782546 -0.0499644507389098 0.240276795085996
0.0738467633230246 0.0236670055719636 0.184220019248205 -0.0390123169430662
0.0319286172574754 -0.0267196745138861 -0.0555848303831041 -0.241069129010148
0.00939357936420131 -0.015548722104053 -0.307874521288879 -0.0763898384693363
0.00515466664161143 -0.0380723625497601 -0.234124200522963 0.205595635822958
-0.0102235238383406 -0.0376697706750535 -0.0344014241637458 0.252773465333627
-0.0174023225021786 -0.0304702927437508 0.0675509699922469 0.186642911496697
-0.0379889545141712 -0.0386505844391472 0.121717977155724 0.110051319717784
-0.047039986731275 -0.0454314717594031 0.160490697375833 0.0670269067139951
-0.0466753875034096 -0.0760797240899911 0.184536082642496 0.0932374355054948
0.023987838808619 -0.0992274288095635 0.128848587736327 0.209108432234685
0.104373965073952 -0.0499163474222071 -0.0459740529159061 0.300348068845782
0.141998490309745 0.0533532881383459 -0.204127890353011 0.250885904943492
0.0972199602399263 0.181068349127945 -0.293399773214804 0.185612350360949
0.0195570682941613 0.272372534332564 -0.233254975157599 0.286947053177138
-0.0014746926094454 0.254928783215087 -0.0687104243129701 0.169639867838872
0.0875875698861343 0.14059610036448 0.195882082196546 -0.0368331609445502
0.116512016180311 0.0405622157270057 -0.0209928109619953 -0.282862246373426
0.0902945718503423 -0.0450624755641389 -0.302181328757719 -0.137053737520626
0.0345099459847431 -0.109233920606332 -0.26076376700099 0.161356964677303
-0.0315591779254334 -0.103043420307059 -0.0655771660314266 0.231800128040133
-0.0575020503020944 -0.0702271293701073 0.0401560433179256 0.170134090449629
-0.0759624871621284 -0.0711380295298623 0.0948735915499956 0.0907192134853844
-0.0810559066263305 -0.0815447639427784 0.131289589457607 0.037252319017446
-0.0802418397539367 -0.132496687546985 0.175420589428994 0.0343977274267918
0.0220916489078037 -0.174222285202633 0.173280424145543 0.130388583630109
0.155239073271077 -0.106572709268609 0.0513232849565023 0.279798192665011
0.236866840012703 0.0636362028281548 -0.12519932225401 0.285927663117534
0.151634380510752 0.269850753225336 -0.239315635174312 0.198111572936952
-0.000546088690732881 0.383622415358536 -0.183356166078064 0.207548854405551
-0.0819028454608942 0.323350816574449 -0.0539476702654053 0.0576368633549338
0.0654188727795401 0.254782638511393 0.212463337842919 -0.0536180528710457
0.179553617092991 0.137315716689396 0.0375731685015327 -0.320179364067166
0.18041655597443 -0.0473830599453066 -0.259741474902133 -0.213113873278323
0.0779605297826705 -0.165337327265212 -0.269125865025082 0.079106165254705
-0.04057078652129 -0.160035304149662 -0.103503561715511 0.179800239697597
-0.0890544785201211 -0.104764417920091 -0.00318709700703129 0.137589248186426
-0.10268945791234 -0.0930432277360693 0.0536134692132237 0.0601556921843316
-0.102388031100288 -0.10004483709525 0.0879783005363108 -0.000400956498125874
-0.106710001513989 -0.163410675802733 0.147897076088212 -0.0314454389092255
0.000834299271917638 -0.222561235147421 0.194372333561445 0.0320978904746891
0.164741627770566 -0.163865534322551 0.143442133306042 0.220142308100727
0.295921305381805 0.034959812272501 -0.0367519070151877 0.291204045482906
0.203036781162571 0.302134218485911 -0.189338962769822 0.196775711052632
-0.00301938430832711 0.433751762392997 -0.138209739604787 0.104076034822745
-0.155378550755091 0.330237870715429 -0.0015125562631255 -0.0757168965873732
0.007818905646108 0.324233130473956 0.231229060719039 -0.0882072747608924
0.188104438639428 0.228709296122312 0.109259576072508 -0.330171728918691
0.241765493105711 -0.018509064249691 -0.169026764552098 -0.276986428570545
0.120653375775452 -0.185393003107553 -0.243272286787091 -0.0289697614830223
-0.0360564778463141 -0.192073217805272 -0.138398707238411 0.0989541119470532
-0.10562382802914 -0.126473862073926 -0.054169111534577 0.091079337704427
-0.113452365012167 -0.102369105356652 0.00473201100006121 0.0220657303741194
-0.108250509946214 -0.102613361181152 0.03853001443216 -0.0386782612067917
-0.115539566488718 -0.167170707554635 0.108651532813187 -0.0911802417148331
-0.0141719916585534 -0.235166710006408 0.188971535285118 -0.059732660962036
0.151264739176481 -0.1879755441437 0.203823297880228 0.142114191003995
0.303013928604875 0.0118989825929583 0.0353608689250282 0.263136501746857
0.209652533408661 0.292924317915233 -0.149126445333252 0.178567245114553
-0.0122330622662368 0.417039067482597 -0.102845776830338 -0.00710770804939871
-0.189845986657969 0.271928808371011 0.0760732247042826 -0.200889788261963
-0.0589419884673254 0.312910926757958 0.253334950570065 -0.128558588496893
0.137372700918963 0.263216389563606 0.176035023867259 -0.306992387352611
0.239118103728648 0.022194505161737 -0.0531219549885365 -0.30344064252795
0.136528182895456 -0.162871188179298 -0.185178783167664 -0.134106158396031
-0.0216729010668051 -0.185151087634921 -0.161245461830381 0.00617479762892841
-0.102372021489645 -0.125976183659869 -0.104810915020612 0.0379095946166596
-0.107287248038546 -0.0979099303837352 -0.0448770929513245 -0.0180854815309252
-0.0987766979557995 -0.0920009404190562 -0.00802551004191785 -0.0758469218319075
-0.103528223053951 -0.152267820481793 0.0694870875564238 -0.138666597547911
-0.0137672933504889 -0.216261706078461 0.173120868733572 -0.128375910441518
0.136751068714424 -0.171200010950133 0.232172141175414 0.0734541358380113
0.266996178683374 0.0217460756133386 0.0778117238446207 0.225588418647053
0.162094431911512 0.264608197324038 -0.119635000059797 0.149143811387484
-0.0417218074109991 0.343181057173668 -0.0690633955248488 -0.10284914764298
-0.173229211619621 0.165149924979318 0.153970280780594 -0.293370963051046
-0.0929864348827041 0.225692811282131 0.274243816759165 -0.157927141777443
0.0669772892886939 0.219096526678045 0.222321415680967 -0.266245993348286
0.176694551701863 0.0427061414763529 0.0480876077707446 -0.297539292819024
0.112403643310509 -0.112294359434378 -0.120535156191357 -0.208989889948237
-0.00754324102676261 -0.141823574396684 -0.172902667653806 -0.0740818621487309
-0.0806144767572583 -0.101860866333214 -0.146671045813158 -0.0115115426277701
-0.084789071505348 -0.0794405881479542 -0.0862496730481343 -0.0542361003767356
-0.0783627744969948 -0.0730891092811418 -0.0459110033178993 -0.109913617533061
-0.0785324479795287 -0.121855293552382 0.0405848997415262 -0.175915367601609
-0.00199624898540782 -0.174501933493473 0.162615022885234 -0.171461707593517
0.122934311245598 -0.1303040221441 0.24642155036125 0.0306634823443798
0.209322794807134 0.0503955043052686 0.0985995574861318 0.192992600205397
0.0827040442778357 0.224038071955341 -0.095221252012547 0.120035467885685
-0.0809341423334487 0.232878961047819 -0.0314741294762376 -0.170164054541374
-0.115334124823229 0.0320217207667608 0.203387429668897 -0.338430458733993
-0.0874009605657299 0.0965349451792081 0.279706928578448 -0.172964017698431
0.00655852040267626 0.121598384562219 0.244029840567105 -0.232391721228433
0.084510993858429 0.0366313805022071 0.1046115140335 -0.285890242445858
0.0611690516334177 -0.0507340077087265 -0.0826205474382532 -0.24772979295094
0.00165050399455315 -0.0738931659455812 -0.182212073116176 -0.122215832442576
-0.0458431133553495 -0.0598797274378772 -0.174830221025375 -0.0452514604542233
-0.0503280934172631 -0.0498557834015758 -0.114848618122863 -0.0811984569268072
-0.0493236601304712 -0.0440967923942113 -0.0701019800337099 -0.137574032717336
-0.0486812217582715 -0.0795954340506344 0.0258398243385721 -0.204113754344925
0.00728771770741087 -0.11853711860818 0.164265016021285 -0.195639393105916
0.101761125924582 -0.0820137318002223 0.256997256315327 0.0126643979877836
0.138477592254622 0.0737783610230119 0.106503446570201 0.179072192484859
0.00114126021647156 0.16434735037857 -0.0775793902445303 0.100013909225359
-0.110365573067013 0.100448701992642 0.0106913335543901 -0.201374026878478
