TRXV5
3
4
4
9
string Extension=J
integer IsArchMeasurement=1
integer IsSpherical=1
string Generator=SPM
string GeneratorVersion=1.3.1 Dev
double ArchRadius=0.449999988079071
integer FrequencyAxisIndex=0
integer AzimuthAxisIndex=1
integer ElevationAxisIndex=2
Frequency
5 136 690000000 960000000 LIN
Azimuth
7 8 0 2.74889357189107 LIN
Elevation
7 15 -2.74889357189107 2.74889357189107 LIN
Polar H Real Part
13
Polar H Imaginary Part
14
Polar V Real Part
13
Polar V Imaginary Part
14
Polar H Magnitude (dB)
12 0xC0000002 0 1
Polar H Phase
7 0xC0000003 0 1
Polar V Magnitude (dB)
12 0xC0000002 2 3
Polar V Phase
7 0xC0000003 2 3
-0.0135536193847656 0.0335655212402344 0.0538749694824219 -0.00731277465820312
0.0214080810546875 0.0269908905029297 0.0252265930175781 0.0105094909667969
0.0239925384521484 -0.00237846374511719 0.0272808074951172 0.0232906341552734
0.0134649276733398 -0.014307975769043 0.0521278381347656 0.0146141052246094
0.00340366363525391 -0.0174970626831055 0.0574798583984375 -0.0108146667480469
-0.00742721557617187 -0.020477294921875 0.048004150390625 -0.0359649658203125
-0.00893592834472656 -0.0165824890136719 0.035614013671875 -0.0391883850097656
-0.00574493408203125 -0.0167608261108398 0.0243511199951172 -0.028839111328125
-0.000816345214843751 -0.0229587554931641 0.0141496658325195 -0.0140266418457031
0.0140047073364258 -0.0168523788452148 0.00192403793334961 -0.00730133056640625
0.0234527587890625 -0.000827789306640625 -0.0152111053466797 -0.0182609558105469
0.0185317993164063 0.0129966735839844 -0.00916290283203125 -0.0408477783203125
0.000663757324218749 0.0251216888427734 0.0291404724121094 -0.0633811950683594
-0.015472412109375 0.0276165008544922 0.0503616333007813 -0.0580291748046875
-0.0315799713134766 0.0213909149169922 0.0335960388183594 -0.0397529602050781
-0.0318031311035156 0.0426445007324219 0.0478019714355469 0.00658035278320313
0.00798797607421876 0.0443267822265625 0.0201339721679688 0.0240840911865234
0.0236053466796875 0.0158252716064453 0.0268745422363281 0.0341129302978516
0.0228538513183594 -0.000356674194335938 0.0532264709472656 0.024505615234375
0.0177593231201172 -0.0113964080810547 0.0605659484863281 -0.00156402587890625
0.00996780395507813 -0.0235157012939453 0.0531845092773438 -0.0287704467773438
0.00542449951171875 -0.0241260528564453 0.0383720397949219 -0.0321121215820312
0.007232666015625 -0.0209712982177734 0.0249137878417969 -0.0207366943359375
0.0139789581298828 -0.0267810821533203 0.0119094848632813 -0.00552082061767578
0.0278739929199219 -0.0166168212890625 -0.00336360931396484 0.00118374824523926
0.0335483551025391 0.00547409057617187 -0.0233783721923828 -0.0114955902099609
0.0254631042480469 0.0250167846679688 -0.0201835632324219 -0.0359115600585938
-0.00208663940429688 0.0392913818359375 0.0135879516601563 -0.0630569458007813
-0.0266189575195313 0.0399589538574219 0.033599853515625 -0.0541877746582031
-0.0458831787109375 0.0323677062988281 0.0175762176513672 -0.0333156585693359
-0.0481147766113281 0.0444183349609375 0.0327129364013672 0.0227260589599609
-0.0105552673339844 0.0553779602050781 0.00880813598632813 0.0408935546875
0.015533447265625 0.0344009399414063 0.0232353210449219 0.04840087890625
0.0276355743408203 0.0184783935546875 0.0519905090332031 0.0369873046875
0.0310344696044922 -0.000318527221679688 0.0598716735839844 0.00948715209960938
0.0278129577636719 -0.0207939147949219 0.0547370910644531 -0.0185127258300781
0.0207366943359375 -0.0273342132568359 0.036376953125 -0.0218467712402344
0.0187816619873047 -0.0232200622558594 0.0208740234375 -0.0108814239501953
0.0253715515136719 -0.0276775360107422 0.00646352767944336 0.00549030303955078
0.0370101928710938 -0.0161857604980469 -0.00968647003173828 0.0105190277099609
0.0396728515625 0.007415771484375 -0.0322952270507813 -0.00165939331054687
0.0313663482666016 0.0286827087402344 -0.0324363708496094 -0.0277290344238281
0.00213623046875 0.0468330383300781 -0.00362014770507812 -0.0581207275390625
-0.0281028747558594 0.04931640625 0.0132598876953125 -0.0444602966308594
-0.0513916015625 0.0393714904785156 -0.0022430419921875 -0.0233325958251953
-0.0573081970214844 0.0395469665527344 0.0114593505859375 0.0368881225585938
-0.0284652709960937 0.0579490661621094 -0.00974655151367187 0.0560951232910156
0.00378799438476563 0.048919677734375 0.0146408081054688 0.0622482299804688
0.0275039672851562 0.0361862182617188 0.0450286865234375 0.0478286743164063
0.0385169982910156 0.0130195617675781 0.0526199340820313 0.0187301635742188
0.0416221618652344 -0.0138511657714844 0.0481986999511719 -0.00701141357421875
0.0322036743164063 -0.0261020660400391 0.0293159484863281 -0.00968742370605469
0.0274028778076172 -0.0210742950439453 0.0132741928100586 0.00110721588134765
0.0322532653808594 -0.0256175994873047 -0.00059986114501953 0.0166873931884766
0.0410232543945312 -0.0153007507324219 -0.0164604187011719 0.0214271545410156
0.0412483215332031 0.007110595703125 -0.0382843017578125 0.00939941406250001
0.0339565277099609 0.0275897979736328 -0.040740966796875 -0.0168037414550781
0.00685882568359375 0.0467872619628906 -0.0171890258789062 -0.0478401184082031
-0.0246849060058594 0.0503273010253906 -0.00223159790039062 -0.0291061401367187
-0.0514564514160156 0.0409431457519531 -0.0218830108642578 -0.00912094116210938
-0.0555610656738281 0.0283279418945313 -0.01348876953125 0.0465240478515625
-0.0387458801269531 0.0481452941894531 -0.0315971374511719 0.06634521484375
-0.00947189331054688 0.0503196716308594 0.00148010253906251 0.0713424682617188
0.0183334350585938 0.0453453063964844 0.0328445434570313 0.0539817810058594
0.0365943908691406 0.0236854553222656 0.0398788452148438 0.0246200561523438
0.0466537475585938 -0.00396728515625 0.0363883972167969 0.0030059814453125
0.0379867553710937 -0.0193290710449219 0.0178146362304688 0.00256919860839844
0.0308818817138672 -0.0163383483886719 0.00306987762451172 0.0126962661743164
0.0348472595214844 -0.0200157165527344 -0.007904052734375 0.0271472930908203
0.0402259826660156 -0.0106849670410156 -0.0232295989990234 0.0304431915283203
0.0380897521972656 0.00896072387695312 -0.0421104431152344 0.01861572265625
0.0304527282714844 0.0258960723876953 -0.0438766479492188 -0.00705718994140624
0.00576019287109375 0.0417366027832031 -0.0236434936523438 -0.0339469909667969
-0.0221099853515625 0.0433464050292969 -0.0125980377197266 -0.0110883712768555
-0.0478782653808594 0.0335845947265625 -0.0386810302734375 0.00465011596679687
-0.0411720275878906 0.0144920349121094 -0.0343284606933594 0.0510292053222656
-0.0358657836914063 0.0306549072265625 -0.0502128601074219 0.0691566467285156
-0.0165367126464844 0.0387840270996094 -0.012298583984375 0.073333740234375
0.0068511962890625 0.0409202575683594 0.0186653137207031 0.05377197265625
0.0263385772705078 0.0261344909667969 0.0260105133056641 0.0258541107177734
0.0400581359863281 0.00581741333007813 0.0207614898681641 0.00978660583496094
0.0357627868652344 -0.00992965698242188 0.00415515899658203 0.0120363235473633
0.0290107727050781 -0.00927352905273437 -0.00657272338867187 0.0230121612548828
0.0326328277587891 -0.0119190216064453 -0.0151252746582031 0.035491943359375
0.0359764099121094 -0.00418853759765625 -0.0295524597167969 0.0366630554199219
0.0319919586181641 0.0119132995605469 -0.044525146484375 0.0240135192871094
0.0218868255615234 0.0259723663330078 -0.0436973571777344 -0.00193405151367188
-0.00111579895019531 0.0343379974365234 -0.0250720977783203 -0.024200439453125
-0.0225944519042969 0.0294971466064453 -0.0179271697998047 0.00223350524902344
-0.0409011840820313 0.0180816650390625 -0.0515251159667969 0.0154571533203125
-0.0200519561767578 -0.00112533569335937 -0.0437164306640625 0.0508346557617187
-0.0219497680664063 0.00972175598144531 -0.0598106384277344 0.0658721923828125
-0.0147800445556641 0.0181980133056641 -0.0217742919921875 0.0696258544921875
-0.00377273559570312 0.0247077941894531 0.0083160400390625 0.0502586364746094
0.0103988647460938 0.0207614898681641 0.0153656005859375 0.0231952667236328
0.0251197814941406 0.0121612548828125 0.007293701171875 0.0123300552368164
0.0274715423583984 0.00080108642578125 -0.00763511657714843 0.0178756713867188
0.0236282348632813 -0.00106620788574219 -0.0163135528564453 0.0290870666503906
0.0268516540527344 -0.00332450866699219 -0.0241813659667969 0.0399818420410156
0.0282001495361328 0.00424575805664063 -0.0364646911621094 0.0381660461425781
0.0227756500244141 0.0157032012939453 -0.0472145080566406 0.023590087890625
0.0113945007324219 0.0257110595703125 -0.0434455871582031 -0.000213623046875007
-0.0117111206054688 0.0254917144775391 -0.0263404846191406 -0.0177364349365234
-0.0250072479248047 0.0124320983886719 -0.0230293273925781 0.00720787048339843
-0.0316963195800781 -0.00147056579589844 -0.0601158142089844 0.0180244445800781
0.00445938110351563 -0.014653205871582 -0.0440330505371094 0.0481796264648437
-0.00177288055419922 -0.00967502593994141 -0.0582237243652344 0.0613174438476562
-0.00658941268920898 -0.00458288192749023 -0.022430419921875 0.0651741027832031
-0.0102691650390625 0.00285148620605469 0.00558853149414063 0.044708251953125
-0.00531196594238281 0.00994968414306641 0.0112037658691406 0.0179424285888672
0.00523090362548828 0.0148048400878906 -0.000726699829101563 0.00959110260009766
0.0138912200927734 0.0123138427734375 -0.0158519744873047 0.0178489685058594
0.0131807327270508 0.00769138336181641 -0.0244045257568359 0.0308132171630859
0.0176105499267578 0.00638771057128906 -0.0319442749023438 0.0409660339355469
0.0178565979003906 0.0119533538818359 -0.0442924499511719 0.0372352600097656
0.0121135711669922 0.0188808441162109 -0.0518150329589844 0.0208549499511719
0.000171661376953124 0.02386474609375 -0.0448532104492188 -0.00355911254882812
-0.020477294921875 0.0149192810058594 -0.0273571014404297 -0.018096923828125
-0.0243263244628906 -0.00642585754394531 -0.0269241333007813 0.00555229187011719
-0.019927978515625 -0.0216217041015625 -0.06524658203125 0.0139312744140625
-0.00910568237304687 0.0386619567871094 0.0605812072753906 -0.0102500915527344
0.0287532806396484 0.0264358520507813 0.0302829742431641 0.00865554809570313
0.0272655487060547 -0.00745773315429688 0.0302143096923828 0.0210456848144531
0.0124893188476563 -0.0191364288330078 0.0540275573730469 0.0118446350097656
0.000175476074218751 -0.0206947326660156 0.0598793029785156 -0.014862060546875
-0.0127849578857422 -0.0225200653076172 0.048431396484375 -0.0398941040039063
-0.0136518478393555 -0.0164680480957031 0.035430908203125 -0.0437774658203125
-0.0100126266479492 -0.0160503387451172 0.0254383087158203 -0.0325393676757813
-0.006072998046875 -0.0250701904296875 0.0170097351074219 -0.0152912139892578
0.0114688873291016 -0.0216197967529297 0.00432825088500977 -0.00573587417602539
0.0252933502197266 -0.006011962890625 -0.0161247253417969 -0.0155868530273437
0.0229644775390625 0.0109081268310547 -0.0134658813476562 -0.0399971008300781
0.00524139404296875 0.0286483764648438 0.0246200561523437 -0.0694389343261719
-0.0129852294921875 0.0349330902099609 0.0501785278320313 -0.0660781860351563
-0.03125 0.0301303863525391 0.0366363525390625 -0.0435218811035156
-0.0291862487792969 0.0495452880859375 0.0554656982421875 0.00634002685546875
0.0136184692382812 0.0456352233886719 0.0275611877441406 0.0240440368652344
0.0261974334716797 0.0127716064453125 0.0316810607910156 0.0322895050048828
0.0234107971191406 -0.00362586975097656 0.0569572448730469 0.0223350524902344
0.0166721343994141 -0.0147628784179688 0.0643768310546875 -0.00531005859375
0.00590133666992188 -0.0256900787353516 0.0558433532714844 -0.0335731506347656
0.00254249572753906 -0.0258026123046875 0.040679931640625 -0.0369682312011719
0.00485420227050781 -0.0228958129882813 0.0278701782226563 -0.0245628356933594
0.0108280181884766 -0.0303115844726562 0.0163640975952148 -0.00578594207763672
0.0274982452392578 -0.021148681640625 0.000526428222656252 0.00395345687866211
0.0370140075683594 0.00145721435546875 -0.0236263275146484 -0.00657081604003907
0.030853271484375 0.024078369140625 -0.0238399505615234 -0.0328330993652344
0.0020904541015625 0.0432243347167969 0.00796127319335938 -0.0672798156738281
-0.0255393981933594 0.0482597351074219 0.0321617126464844 -0.0597343444824219
-0.0474815368652344 0.0412750244140625 0.0192775726318359 -0.0343379974365234
-0.047637939453125 0.0506782531738281 0.04052734375 0.0251579284667969
-0.00746917724609375 0.0594291687011719 0.0159149169921875 0.0434226989746094
0.0189933776855469 0.0342788696289063 0.0295600891113281 0.0481758117675781
0.0300083160400391 0.0169277191162109 0.0575942993164063 0.03521728515625
0.0311851501464844 -0.00254631042480469 0.0643539428710938 0.00606155395507813
0.0270900726318359 -0.0240936279296875 0.0584754943847656 -0.0230445861816406
0.0189418792724609 -0.0303707122802734 0.0400962829589844 -0.0260467529296875
0.0180187225341797 -0.0258235931396484 0.0243988037109375 -0.0135879516601563
0.0241546630859375 -0.0310268402099609 0.0120697021484375 0.0051126480102539
0.0381698608398438 -0.0204048156738281 -0.00557327270507812 0.0137958526611328
0.0437355041503906 0.00446319580078125 -0.0315933227539063 0.00361824035644531
0.0365943908691406 0.0286369323730469 -0.0356407165527344 -0.0234413146972656
0.00546646118164062 0.05108642578125 -0.00949478149414063 -0.05938720703125
-0.0288124084472656 0.0563850402832031 0.012054443359375 -0.0470657348632813
-0.0551223754882813 0.0476150512695312 -0.0019073486328125 -0.0218372344970703
-0.05963134765625 0.0446548461914062 0.0181427001953125 0.0426139831542969
-0.0282745361328125 0.062164306640625 -0.00236892700195312 0.0624732971191406
0.00548171997070312 0.0505867004394531 0.0212669372558594 0.0640106201171875
0.0305519104003906 0.0373764038085938 0.0515327453613281 0.0477256774902344
0.0412406921386719 0.0122451782226563 0.0575637817382813 0.0170860290527344
0.0435409545898438 -0.0165290832519531 0.0526695251464844 -0.0112190246582031
0.0331649780273437 -0.0293960571289062 0.0332489013671875 -0.0127849578857422
0.0284500122070313 -0.0236110687255859 0.01800537109375 -0.000919342041015626
0.0332908630371094 -0.0285682678222656 0.0051259994506836 0.0171041488647461
0.0433502197265625 -0.018463134765625 -0.0119361877441406 0.0247154235839844
0.0448760986328125 0.00565719604492188 -0.0363044738769531 0.0157928466796875
0.0387535095214844 0.0286369323730469 -0.0428848266601563 -0.0108757019042969
0.00885009765625 0.0505485534667969 -0.023101806640625 -0.0469093322753906
-0.0260009765625 0.0568695068359375 -0.00372886657714844 -0.0292263031005859
-0.0553207397460938 0.0484962463378906 -0.0217761993408203 -0.00541877746582031
-0.059906005859375 0.0304450988769531 -0.009185791015625 0.0539932250976563
-0.0413322448730469 0.052642822265625 -0.0258026123046875 0.0750732421875
-0.00959777832031249 0.0543975830078125 0.00789642333984375 0.0753631591796875
0.0211029052734375 0.0485916137695313 0.0392532348632813 0.0549392700195312
0.0404739379882813 0.0241355895996094 0.04498291015625 0.0234451293945313
0.0501823425292969 -0.00640869140625 0.04034423828125 -0.000179290771484375
0.0408668518066406 -0.0227699279785156 0.0217857360839844 0.000921249389648436
0.0338554382324219 -0.0193500518798828 0.00740814208984375 0.0122852325439453
0.0373382568359375 -0.0225791931152344 -0.00293731689453125 0.0281486511230469
0.0441055297851563 -0.0135688781738281 -0.0188274383544922 0.0335502624511719
0.0424156188964844 0.008331298828125 -0.0396614074707031 0.0252952575683594
0.0336494445800781 0.0278377532958984 -0.0447921752929687 -0.00162124633789062
0.00646209716796875 0.0454635620117187 -0.0275020599365234 -0.0318450927734375
-0.0248908996582031 0.0486030578613281 -0.0127592086791992 -0.00973129272460937
-0.0529403686523438 0.0383529663085938 -0.039520263671875 0.00965118408203125
-0.0465812683105469 0.0135688781738281 -0.0318565368652344 0.0608444213867188
-0.0401878356933594 0.0315399169921875 -0.0469818115234375 0.0793914794921875
-0.01849365234375 0.042816162109375 -0.00691986083984374 0.0779571533203125
0.00736236572265625 0.0455322265625 0.0241737365722656 0.0551681518554687
0.0293655395507813 0.0296516418457031 0.0285873413085938 0.024627685546875
0.0448875427246094 0.00518798828125 0.0230064392089844 0.00751686096191406
0.0407066345214844 -0.0125083923339844 0.00616455078125 0.0121784210205078
0.0331096649169922 -0.0112190246582031 -0.00381660461425781 0.0244464874267578
0.0367164611816406 -0.0141944885253906 -0.0117721557617188 0.0382308959960938
0.0409660339355469 -0.00543594360351562 -0.0247611999511719 0.0403099060058594
0.0364112854003906 0.0131797790527344 -0.0423355102539062 0.0291175842285156
0.0250225067138672 0.0296344757080078 -0.0445365905761719 0.00381469726562499
-0.0023040771484375 0.0387191772460938 -0.0277214050292969 -0.0207843780517578
-0.0273418426513672 0.0330238342285156 -0.0188484191894531 0.00483322143554688
-0.0466232299804688 0.0215187072753906 -0.0521888732910156 0.0215835571289063
-0.0244827270507812 -0.00450706481933594 -0.0450630187988281 0.0596237182617188
-0.0268745422363281 0.00816345214843751 -0.0582122802734375 0.0763092041015625
-0.0191555023193359 0.0198402404785156 -0.0166397094726563 0.0753097534179688
-0.00528907775878906 0.0291843414306641 0.013092041015625 0.0513648986816406
0.0114250183105469 0.0253582000732422 0.0170707702636719 0.0221099853515625
0.030029296875 0.0132064819335938 0.00890064239501953 0.0110940933227539
0.0331649780273438 -1.33514404296875E-05 -0.00716781616210937 0.0188140869140625
0.0282268524169922 -0.00194740295410156 -0.0147380828857422 0.0314502716064453
0.0319671630859375 -0.00457382202148438 -0.0212974548339844 0.0426063537597656
0.0345211029052734 0.00390243530273438 -0.0343093872070312 0.0422248840332031
0.0273609161376953 0.0182342529296875 -0.0460968017578125 0.0286979675292969
0.0139617919921875 0.0299663543701172 -0.044342041015625 0.00362396240234376
-0.0139408111572266 0.0306587219238281 -0.0285434722900391 -0.0152549743652344
-0.0306415557861328 0.0149402618408203 -0.0242080688476563 0.0115585327148438
-0.0386848449707031 -0.00171661376953125 -0.0639686584472656 0.0237388610839844
0.00272560119628906 -0.0209197998046875 -0.0459327697753906 0.0550422668457031
-0.00598335266113281 -0.0145845413208008 -0.057403564453125 0.0711593627929688
-0.0113821029663086 -0.00516319274902344 -0.0168914794921875 0.0706558227539063
-0.0149993896484375 0.00561332702636719 0.0100479125976563 0.0446624755859375
-0.00675392150878906 0.0142393112182617 0.0115900039672852 0.0166311264038086
0.00884437561035156 0.0180854797363281 -0.00171184539794922 0.00945091247558594
0.0195140838623047 0.0126743316650391 -0.0171699523925781 0.0200786590576172
0.0183658599853516 0.00818061828613281 -0.0239410400390625 0.0345821380615234
0.0230216979980469 0.00605964660644531 -0.0307846069335937 0.0456199645996094
0.0235671997070312 0.0127067565917969 -0.0434226989746094 0.0410499572753906
0.0167465209960938 0.0212841033935547 -0.0518875122070313 0.0257415771484375
0.00218009948730469 0.0285816192626953 -0.0472335815429688 0.000175476074218761
-0.0228862762451172 0.0195980072021484 -0.0299491882324219 -0.0156726837158203
-0.0311031341552734 -0.00549888610839843 -0.0291881561279297 0.00959968566894531
-0.0260982513427734 -0.0238857269287109 -0.0710983276367188 0.018768310546875
-0.00267410278320312 0.0413093566894531 0.0660209655761719 -0.0149269104003906
0.0343647003173828 0.0230903625488281 0.0346031188964844 0.00389862060546875
0.0275592803955078 -0.0125274658203125 0.0321598052978516 0.0173873901367188
0.0102443695068359 -0.0226974487304688 0.05487060546875 0.008056640625
-0.00356674194335938 -0.0219631195068359 0.0600852966308594 -0.0186996459960938
-0.0179176330566406 -0.0206031799316406 0.0476570129394531 -0.044342041015625
-0.0173206329345703 -0.0154561996459961 0.0354423522949219 -0.0480499267578125
-0.0137147903442383 -0.0154695510864258 0.0258636474609375 -0.0353050231933594
-0.011474609375 -0.0252304077148437 0.0193519592285156 -0.0171756744384766
0.0077056884765625 -0.024688720703125 0.00766134262084961 -0.00568532943725586
0.0255413055419922 -0.0114707946777344 -0.0150718688964844 -0.01202392578125
0.0267543792724609 0.00741958618164063 -0.0162734985351563 -0.0370674133300781
0.0110111236572266 0.0302600860595703 0.0176010131835938 -0.0712738037109375
-0.00785446166992188 0.0411834716796875 0.0471649169921875 -0.07171630859375
-0.0281219482421875 0.0373191833496094 0.0380630493164063 -0.0471305847167969
-0.0246734619140625 0.0527877807617188 0.0626907348632813 0.00270843505859375
0.019683837890625 0.0441551208496094 0.0329303741455078 0.0211277008056641
0.0281772613525391 0.00989151000976563 0.0349922180175781 0.0297927856445313
0.0225715637207031 -0.0074310302734375 0.0594940185546875 0.0188941955566406
0.0135440826416016 -0.0165376663208008 0.0655517578125 -0.00937271118164063
0.00207710266113282 -0.0260238647460938 0.0560226440429688 -0.0385398864746094
-0.000507354736328124 -0.0260543823242188 0.0416526794433594 -0.0417747497558594
0.00176048278808594 -0.0230426788330078 0.0294075012207031 -0.0287265777587891
0.00666427612304687 -0.0312690734863281 0.0202369689941406 -0.00858306884765625
0.0249576568603516 -0.0247383117675781 0.00499439239501953 0.00333738327026367
0.0385360717773438 -0.0030059814453125 -0.0208663940429687 -0.00247001647949219
0.0353240966796875 0.0212135314941406 -0.0259819030761719 -0.0281944274902344
0.00769805908203125 0.0467453002929688 0.00199127197265625 -0.0670204162597656
-0.0222244262695312 0.0557670593261719 0.0294952392578125 -0.063262939453125
-0.0455970764160156 0.049652099609375 0.0213699340820312 -0.0355796813964844
-0.0457954406738281 0.0560951232910156 0.0492820739746094 0.0239601135253906
-0.00259017944335938 0.061126708984375 0.0240478515625 0.0417633056640625
0.0208702087402344 0.0327415466308594 0.0342254638671875 0.0450820922851563
0.0310993194580078 0.0151309967041016 0.0612068176269531 0.0315971374511719
0.0306529998779297 -0.0047149658203125 0.0674171447753906 0.00172805786132812
0.0243072509765625 -0.0262393951416016 0.0592689514160156 -0.0282478332519531
0.0172290802001953 -0.0317859649658203 0.04193115234375 -0.0308837890625
0.0162906646728516 -0.0269718170166016 0.028289794921875 -0.01727294921875
0.0218238830566406 -0.0332717895507813 0.0170564651489258 0.00298690795898437
0.0374870300292969 -0.0244331359863281 0.000632286071777345 0.014552116394043
0.0461959838867188 0.00110626220703125 -0.0278778076171875 0.00857353210449219
0.041107177734375 0.0270614624023438 -0.0362586975097656 -0.0179214477539063
0.00977706909179688 0.0535850524902344 -0.014984130859375 -0.0575408935546875
-0.0261726379394531 0.063690185546875 0.0105514526367187 -0.0485992431640625
-0.0541000366210938 0.0560722351074219 0.000438690185546873 -0.0201759338378906
-0.0602951049804688 0.050445556640625 0.0262069702148437 0.0451507568359375
-0.0264625549316406 0.0657424926757813 0.0062103271484375 0.0636787414550781
0.00778961181640625 0.05218505859375 0.0281295776367188 0.0621528625488281
0.0325279235839844 0.0368614196777344 0.0568618774414063 0.0446662902832031
0.0425643920898437 0.010223388671875 0.0611534118652344 0.0124397277832031
0.0435676574707031 -0.0200920104980469 0.0551033020019531 -0.0162315368652344
0.0332012176513672 -0.0326995849609375 0.0355224609375 -0.0165519714355469
0.0288238525390625 -0.0267143249511719 0.0217418670654297 -0.00333023071289063
0.0326557159423828 -0.0317401885986328 0.010284423828125 0.0156221389770508
0.0440559387207031 -0.0223464965820313 -0.00543212890625 0.0255546569824219
0.0479736328125 0.00344467163085937 -0.0320777893066406 0.0200786590576172
0.0421485900878906 0.0279159545898437 -0.0419769287109375 -0.00519943237304687
0.0118408203125 0.0536651611328125 -0.0257797241210938 -0.0431289672851562
-0.0260505676269531 0.0630874633789063 -0.00404167175292969 -0.0282421112060547
-0.0564689636230469 0.0552406311035156 -0.0197467803955078 -0.00183486938476562
-0.06427001953125 0.0344123840332031 -0.00147247314453125 0.059173583984375
-0.0425338745117187 0.0567245483398437 -0.0174942016601563 0.0794143676757813
-0.008575439453125 0.05755615234375 0.0152206420898437 0.0756072998046875
0.0238304138183594 0.0512962341308594 0.0449371337890625 0.0530471801757813
0.0435829162597656 0.024444580078125 0.0478248596191406 0.0206069946289063
0.0532875061035156 -0.00931167602539063 0.0420036315917969 -0.00328445434570313
0.0424270629882813 -0.0269775390625 0.0236434936523438 -0.00154304504394531
0.0351314544677734 -0.0221214294433594 0.0110006332397461 0.0106449127197266
0.0390548706054688 -0.0262641906738281 0.00228309631347656 0.0276546478271484
0.0466842651367188 -0.0169181823730469 -0.0121631622314453 0.0348014831542969
0.0458793640136719 0.00734329223632813 -0.0347137451171875 0.0279769897460937
0.0378341674804688 0.0291786193847656 -0.0430564880371094 0.00415802001953124
0.00820541381835937 0.0493125915527344 -0.029571533203125 -0.028289794921875
-0.0261154174804688 0.0532875061035156 -0.0122413635253906 -0.00696563720703125
-0.0547981262207031 0.0441780090332031 -0.0371322631835937 0.0152778625488281
-0.0522270202636719 0.0149726867675781 -0.0276412963867187 0.0670814514160156
-0.0444793701171875 0.0343704223632813 -0.0397109985351563 0.0866546630859375
-0.020782470703125 0.0458793640136719 0.000747680664062496 0.0796737670898438
0.0086517333984375 0.04949951171875 0.0293731689453125 0.0542373657226563
0.0325145721435547 0.0310420989990234 0.0320911407470703 0.0228443145751953
0.0497665405273437 0.00323867797851562 0.0253238677978516 0.005645751953125
0.0439910888671875 -0.015655517578125 0.00829124450683594 0.0116510391235352
0.0369796752929688 -0.014251708984375 -0.000598907470703122 0.0237445831298828
0.0402297973632812 -0.0173568725585938 -0.00775146484375 0.0373458862304688
0.0449371337890625 -0.00767135620117188 -0.0199546813964844 0.04156494140625
0.0405960083007813 0.0133171081542969 -0.037811279296875 0.032470703125
0.0291538238525391 0.0313739776611328 -0.0423774719238281 0.0081329345703125
-0.00170135498046875 0.0433502197265625 -0.0289382934570312 -0.0176925659179687
-0.0303688049316406 0.037841796875 -0.0165157318115234 0.00867080688476563
-0.0514030456542969 0.0251388549804687 -0.0526580810546875 0.0270347595214844
-0.0295658111572266 -0.00694656372070312 -0.0422782897949219 0.0674591064453125
-0.0331039428710938 0.00822257995605469 -0.0532684326171875 0.0844955444335938
-0.0224227905273438 0.0223522186279297 -0.00956726074218751 0.0776443481445313
-0.00581741333007813 0.0342388153076172 0.0167694091796875 0.0503005981445312
0.0148410797119141 0.0290279388427734 0.0184783935546875 0.0203399658203125
0.0353736877441406 0.0138626098632813 0.00976371765136719 0.00976467132568359
0.0375823974609375 -0.00291061401367188 -0.0061187744140625 0.0196876525878906
0.0320758819580078 -0.00489616394042969 -0.0126323699951172 0.0334587097167969
0.0363616943359375 -0.00713729858398437 -0.0178413391113281 0.04486083984375
0.0394821166992187 0.0023040771484375 -0.03033447265625 0.0441665649414063
0.0324001312255859 0.0183792114257813 -0.042999267578125 0.0320701599121094
0.0180835723876953 0.0337963104248047 -0.042510986328125 0.0074920654296875
-0.0131759643554688 0.0358352661132813 -0.0281963348388672 -0.0118083953857422
-0.0353927612304687 0.0191192626953125 -0.0235080718994141 0.0153789520263672
-0.0453948974609375 0.000698089599609381 -0.0645828247070313 0.029815673828125
-0.00217628479003906 -0.0265293121337891 -0.0455894470214844 0.061370849609375
-0.0121612548828125 -0.0178718566894531 -0.0541305541992187 0.07830810546875
-0.0158939361572266 -0.00510501861572265 -0.0113372802734375 0.0728073120117188
-0.0172863006591797 0.00957012176513672 0.012786865234375 0.0433387756347656
-0.00536918640136719 0.0189132690429687 0.0116863250732422 0.0143871307373047
0.0146770477294922 0.0200004577636719 -0.00359010696411133 0.00876092910766602
0.0247249603271484 0.0108547210693359 -0.0178432464599609 0.0220603942871094
0.0226840972900391 0.00618362426757812 -0.0234642028808594 0.038116455078125
0.0268669128417969 0.00406455993652344 -0.028594970703125 0.0485496520996094
0.0290603637695313 0.0110015869140625 -0.0403785705566406 0.0442543029785156
0.0209903717041016 0.021820068359375 -0.0500068664550781 0.0289306640625
0.00660514831542969 0.0323371887207031 -0.0458831787109375 0.00432586669921875
-0.0234813690185547 0.0254402160644531 -0.0301036834716797 -0.0124225616455078
-0.0367546081542969 -0.0015716552734375 -0.0305080413818359 0.0134620666503906
-0.0340232849121094 -0.0235614776611328 -0.0735015869140625 0.0243759155273438
0.00313949584960938 0.0412483215332031 0.0688819885253906 -0.0196952819824219
0.0386810302734375 0.0193023681640625 0.0366172790527344 -0.000396728515624999
0.0268039703369141 -0.0168972015380859 0.0318965911865234 0.0149173736572266
0.007354736328125 -0.0254192352294922 0.0550765991210938 0.00621414184570312
-0.00760078430175781 -0.0226802825927734 0.0593414306640625 -0.0203323364257813
-0.0219516754150391 -0.0181369781494141 0.0464973449707031 -0.0460166931152344
-0.0202064514160156 -0.0128898620605469 0.03411865234375 -0.0506057739257813
-0.01593017578125 -0.013153076171875 0.0265159606933594 -0.0387115478515625
-0.0160312652587891 -0.0229988098144531 0.0213718414306641 -0.0203990936279297
0.003753662109375 -0.0267810821533203 0.0111427307128906 -0.00649452209472657
0.0238857269287109 -0.0157279968261719 -0.012969970703125 -0.00969886779785156
0.0286197662353516 0.00318336486816406 -0.0159778594970703 -0.0333328247070313
0.0164947509765625 0.0299911499023437 0.0126724243164062 -0.0706710815429688
-0.00272750854492188 0.0446014404296875 0.0437850952148438 -0.07525634765625
-0.0224952697753906 0.0426902770996094 0.0394248962402344 -0.0502090454101563
-0.0199775695800781 0.0549659729003906 0.067596435546875 -0.000625610351562497
0.0233306884765625 0.0426406860351563 0.0370941162109375 0.0163421630859375
0.0275745391845703 0.00649833679199219 0.0357322692871094 0.0266952514648438
0.0207862854003906 -0.00867080688476563 0.0604362487792969 0.0167884826660156
0.0111484527587891 -0.0171413421630859 0.0659408569335938 -0.0122947692871094
-0.00134468078613281 -0.0249710083007813 0.0552825927734375 -0.0409622192382813
-0.00341415405273437 -0.0247478485107422 0.0416107177734375 -0.045745849609375
-0.000434875488281251 -0.0223293304443359 0.0299835205078125 -0.0328598022460938
0.00293159484863281 -0.0309677124023438 0.0229778289794922 -0.0119857788085938
0.0221290588378906 -0.02703857421875 0.0102319717407227 0.00207805633544922
0.0383872985839844 -0.00734329223632813 -0.017547607421875 6.19888305664054E-05
0.03741455078125 0.0179672241210937 -0.0255889892578125 -0.0247211456298828
0.0125160217285156 0.0471076965332031 -0.002410888671875 -0.0653800964355469
-0.0174407958984375 0.0599594116210938 0.0273590087890625 -0.0654335021972656
-0.0415916442871094 0.0557022094726563 0.0242462158203125 -0.0367889404296875
-0.0433502197265625 0.0591392517089844 0.0561141967773438 0.022186279296875
0.000286102294921877 0.0606842041015625 0.0296096801757813 0.0385246276855469
0.0222301483154297 0.0319042205810547 0.0363845825195313 0.0419807434082031
0.0312728881835938 0.0138034820556641 0.0627212524414063 0.0294036865234375
0.0301628112792969 -0.0055084228515625 0.0683517456054688 -0.00127792358398438
0.0222301483154297 -0.0268001556396484 0.0595550537109375 -0.0323143005371094
0.0153961181640625 -0.0325965881347656 0.0425224304199219 -0.0349693298339844
0.0159740447998047 -0.0274925231933594 0.0292072296142578 -0.0210533142089844
0.0195255279541016 -0.0345439910888672 0.0208835601806641 -0.0010223388671875
0.0360603332519531 -0.0265541076660156 0.00565624237060547 0.0128393173217773
0.0467643737792969 -0.001953125 -0.0228176116943359 0.0110263824462891
0.0439796447753906 0.0251960754394531 -0.0341548919677734 -0.012847900390625
0.0137443542480469 0.0553359985351563 -0.0174980163574219 -0.0541229248046875
-0.0229644775390625 0.0683174133300781 0.00941085815429687 -0.0490264892578125
-0.05224609375 0.0623626708984375 0.00390815734863281 -0.0200901031494141
-0.0611610412597656 0.053466796875 0.0337104797363281 0.0456161499023438
-0.0251579284667969 0.0680770874023438 0.01275634765625 0.0616111755371094
0.00854110717773437 0.0529327392578125 0.03094482421875 0.0593490600585938
0.033660888671875 0.0370674133300781 0.0584678649902344 0.0417137145996094
0.0431327819824219 0.00942611694335938 0.0627098083496094 0.00944900512695312
0.0429840087890625 -0.0217704772949219 0.05615234375 -0.0198783874511719
0.0322608947753906 -0.0346889495849609 0.0368270874023438 -0.0199127197265625
0.0289974212646484 -0.0281238555908203 0.0232334136962891 -0.00721931457519531
0.03240966796875 -0.0337181091308594 0.0148534774780273 0.0122852325439453
0.0442619323730469 -0.0247421264648437 0.000352859497070315 0.0235233306884766
0.0500526428222656 0.00164031982421875 -0.0269432067871094 0.0218448638916016
0.0454902648925781 0.0277481079101563 -0.0389175415039063 -0.000701904296874991
0.015045166015625 0.0563316345214844 -0.0271224975585938 -0.0394515991210937
-0.0241241455078125 0.0679168701171875 -0.0029449462890625 -0.0273056030273437
-0.0561485290527344 0.0612258911132813 -0.0156564712524414 6.38961791992248E-05
-0.0667228698730469 0.038177490234375 0.0057220458984375 0.0621299743652344
-0.044342041015625 0.0598831176757813 -0.0100021362304688 0.0805740356445312
-0.00800704956054688 0.0601959228515625 0.0191879272460938 0.0728607177734375
0.0272178649902344 0.0532379150390625 0.0471916198730469 0.0506629943847656
0.0463218688964844 0.0245170593261719 0.0493659973144531 0.0178375244140625
0.0550193786621094 -0.0112686157226563 0.0436553955078125 -0.0072174072265625
0.0435714721679688 -0.0302772521972656 0.0250606536865234 -0.00382804870605469
0.0368843078613281 -0.0252914428710938 0.0130510330200195 0.00829601287841797
0.0405311584472656 -0.0290603637695312 0.00586700439453125 0.0250949859619141
0.0490989685058594 -0.0193901062011719 -0.00668525695800781 0.0334835052490234
0.049163818359375 0.00613784790039062 -0.0301246643066406 0.0296840667724609
0.0414161682128906 0.0299835205078125 -0.039154052734375 0.00724029541015626
0.00981521606445313 0.0517616271972656 -0.0293941497802734 -0.0249462127685547
-0.0273818969726562 0.0582122802734375 -0.0102176666259766 -0.00543689727783203
-0.0575180053710938 0.04937744140625 -0.0340766906738281 0.0181350708007812
-0.0571861267089844 0.0163726806640625 -0.0217742919921875 0.070953369140625
-0.0478591918945312 0.0383529663085938 -0.03289794921875 0.0893402099609375
-0.021942138671875 0.0498695373535156 0.00600433349609375 0.07843017578125
0.010589599609375 0.0532951354980469 0.0313186645507813 0.0521621704101563
0.0360794067382813 0.0320549011230469 0.0322971343994141 0.0207138061523438
0.0533447265625 0.00157928466796875 0.0260658264160156 0.0038909912109375
0.0459098815917969 -0.0200042724609375 0.00943660736083985 0.0108251571655273
0.0395965576171875 -0.0180473327636719 0.00134849548339844 0.0231742858886719
0.043701171875 -0.0209846496582031 -0.00420761108398437 0.0361709594726563
0.0486602783203125 -0.0103759765625 -0.0153007507324219 0.040283203125
0.04449462890625 0.0116386413574219 -0.0338897705078125 0.0334072113037109
0.0330562591552734 0.0327529907226563 -0.0391693115234375 0.0103836059570313
-0.000251770019531252 0.0459403991699219 -0.0277805328369141 -0.01483154296875
-0.0333175659179687 0.0429801940917969 -0.0145177841186523 0.0100612640380859
-0.0549430847167969 0.029388427734375 -0.049560546875 0.0306396484375
-0.0352745056152344 -0.0078887939453125 -0.0392913818359375 0.0726165771484375
-0.0386085510253906 0.0096588134765625 -0.0477523803710937 0.0883407592773438
-0.0257587432861328 0.0247783660888672 -0.00415802001953126 0.076629638671875
-0.00494384765625 0.0384712219238281 0.0190277099609375 0.0480766296386719
0.0179557800292969 0.0318679809570313 0.0182723999023438 0.0186634063720703
0.0404281616210938 0.0127143859863281 0.00886726379394531 0.00911045074462891
0.0414352416992188 -0.00670623779296875 -0.00527763366699219 0.0202693939208984
0.0355110168457031 -0.00814437866210938 -0.0105628967285156 0.0338230133056641
0.040283203125 -0.0106086730957031 -0.0151329040527344 0.0447616577148438
0.0438270568847656 -0.000850677490234375 -0.0269203186035156 0.0437164306640625
0.0367355346679688 0.018463134765625 -0.0399093627929688 0.0327796936035156
0.0225677490234375 0.0351295471191406 -0.0404815673828125 0.00957107543945312
-0.0126075744628906 0.04046630859375 -0.0269260406494141 -0.00918006896972656
-0.0395545959472656 0.0238037109375 -0.0220413208007813 0.0183506011962891
-0.0507278442382813 0.00424575805664062 -0.0634994506835938 0.0340003967285156
-0.0081634521484375 -0.0286598205566406 -0.04498291015625 0.06658935546875
-0.0184345245361328 -0.0181884765625 -0.0501174926757812 0.0822372436523438
-0.0204601287841797 -0.00421524047851562 -0.005950927734375 0.0718841552734375
-0.0180797576904297 0.0140876770019531 0.0143966674804688 0.0409469604492188
-0.00281906127929687 0.0225830078125 0.0105047225952148 0.0124530792236328
0.0192832946777344 0.0211925506591797 -0.00447368621826172 0.00928592681884766
0.0290794372558594 0.00794029235839844 -0.0183467864990234 0.0248184204101563
0.0264377593994141 0.00303459167480469 -0.0211563110351562 0.0399131774902344
0.0310688018798828 0.00154685974121094 -0.0262908935546875 0.0499267578125
0.0335025787353516 0.00854873657226563 -0.0383720397949219 0.0451850891113281
0.0250282287597656 0.0220680236816406 -0.0484123229980469 0.0304985046386719
0.0106220245361328 0.0340557098388672 -0.0444908142089844 0.00526046752929687
-0.0231494903564453 0.0292510986328125 -0.0292835235595703 -0.00984954833984376
-0.0405998229980469 0.00273513793945313 -0.0297393798828125 0.0174884796142578
-0.0401992797851563 -0.0218620300292969 -0.0754165649414062 0.0288238525390625
0.00744247436523437 0.0416526794433594 0.0728225708007813 -0.0233917236328125
0.0407600402832031 0.0149459838867188 0.0381927490234375 -0.00346755981445312
0.0251445770263672 -0.0196533203125 0.0310173034667969 0.0133934020996094
0.00454330444335938 -0.0258693695068359 0.0543594360351562 0.00565338134765625
-0.0106849670410156 -0.0213222503662109 0.05938720703125 -0.0209503173828125
-0.0249557495117187 -0.0152511596679688 0.0470390319824219 -0.0465316772460938
-0.0225028991699219 -0.0102405548095703 0.0343742370605469 -0.05316162109375
-0.0181617736816406 -0.0109195709228516 0.0258598327636719 -0.0412178039550781
-0.0193309783935547 -0.020599365234375 0.0231781005859375 -0.0229530334472656
0.00028800964355469 -0.0282764434814453 0.0141315460205078 -0.00770759582519531
0.0224113464355469 -0.0191020965576172 -0.00948238372802734 -0.00898838043212891
0.0292205810546875 -0.00107765197753906 -0.0152378082275391 -0.0310554504394531
0.0201320648193359 0.0284442901611328 0.011260986328125 -0.06951904296875
0.00298690795898437 0.0467033386230469 0.04296875 -0.0781173706054688
-0.0185203552246094 0.0451469421386719 0.0429725646972656 -0.0535850524902344
-0.0176544189453125 0.0561599731445313 0.0725326538085938 -0.00385284423828125
0.0261001586914063 0.0411415100097656 0.0398025512695313 0.013153076171875
0.0270423889160156 0.00449371337890625 0.0356826782226563 0.0251388549804688
0.0188255310058594 -0.0101261138916016 0.06048583984375 0.01593017578125
0.0092926025390625 -0.0168209075927734 0.0668716430664063 -0.0132904052734375
-0.00294113159179687 -0.0236225128173828 0.0565834045410156 -0.0432167053222656
-0.005218505859375 -0.0227260589599609 0.0425224304199219 -0.0492820739746094
-0.0010528564453125 -0.0220623016357422 0.0309028625488281 -0.0358848571777344
0.000913619995117184 -0.0298824310302734 0.0262165069580078 -0.0164203643798828
0.0199108123779297 -0.0284442901611328 0.013981819152832 -0.000143051147460939
0.0378379821777344 -0.00989532470703125 -0.0137300491333008 0.00193500518798828
0.0393791198730469 0.0156784057617188 -0.0232810974121094 -0.0209178924560547
0.0159034729003906 0.0473060607910156 -0.00373458862304688 -0.0628814697265625
-0.0140647888183594 0.0640068054199219 0.0263557434082031 -0.0673179626464844
-0.0390625 0.0611190795898438 0.0272216796875 -0.03826904296875
-0.0433425903320313 0.06201171875 0.0624809265136719 0.0206756591796875
0.000907897949218749 0.0613327026367188 0.0324897766113281 0.0354499816894531
0.0221500396728516 0.0321731567382813 0.0365333557128906 0.0400924682617188
0.0316696166992188 0.0140247344970703 0.0635490417480469 0.0287132263183594
0.0290718078613281 -0.00515556335449219 0.070281982421875 -0.00313949584960938
0.0213699340820312 -0.0262947082519531 0.0614700317382812 -0.034820556640625
0.0154266357421875 -0.0322322845458984 0.0447006225585938 -0.03857421875
0.0155620574951172 -0.0280742645263672 0.0309085845947266 -0.0258979797363281
0.0192337036132813 -0.03509521484375 0.0241127014160156 -0.00436782836914063
0.0352516174316406 -0.0282325744628906 0.0108737945556641 0.0105934143066406
0.0481452941894531 -0.00385665893554687 -0.0183811187744141 0.012481689453125
0.0467071533203125 0.0234375 -0.0313549041748047 -0.00981903076171875
0.0163078308105469 0.0567703247070312 -0.0174598693847656 -0.0524482727050781
-0.0213165283203125 0.072967529296875 0.00947952270507813 -0.0498847961425781
-0.0513229370117187 0.0675392150878906 0.00780677795410156 -0.020416259765625
-0.0632400512695313 0.0574569702148437 0.0394668579101562 0.0455856323242188
-0.0260086059570313 0.0705490112304688 0.0179176330566406 0.0596427917480469
0.007598876953125 0.0552520751953125 0.0333633422851563 0.0570640563964844
0.0352783203125 0.0384178161621094 0.0605545043945313 0.0407447814941406
0.044403076171875 0.0097503662109375 0.0651893615722656 0.00769424438476563
0.0432090759277344 -0.0234298706054688 0.0573005676269531 -0.0226554870605469
0.0329742431640625 -0.036346435546875 0.0387420654296875 -0.0235786437988281
0.0304336547851562 -0.0305824279785156 0.0250625610351563 -0.0100822448730469
0.0334129333496094 -0.0350704193115234 0.0180549621582031 0.0085601806640625
0.0452003479003906 -0.0258865356445312 0.00536155700683594 0.0203285217285156
0.0530357360839844 0.000400543212890625 -0.0220966339111328 0.0220451354980469
0.0475921630859375 0.0271492004394531 -0.0346832275390625 0.00203132629394531
0.0163803100585937 0.058563232421875 -0.0266265869140625 -0.0374526977539062
-0.0245590209960938 0.0727081298828125 -0.00190925598144531 -0.0282878875732422
-0.05706787109375 0.0664863586425781 -0.0124835968017578 0.000953674316406257
-0.0700645446777344 0.04132080078125 0.0108604431152344 0.0641822814941406
-0.0466346740722656 0.0640106201171875 -0.00493621826171876 0.080108642578125
-0.00905227661132813 0.0629959106445313 0.021697998046875 0.0708084106445313
0.0280189514160156 0.0557823181152344 0.0483474731445313 0.0497970581054688
0.0491752624511719 0.0246696472167969 0.0507431030273438 0.0158882141113281
0.0570297241210938 -0.0136146545410156 0.0454940795898438 -0.00946426391601563
0.0449447631835938 -0.0328598022460938 0.0266933441162109 -0.00656890869140625
0.0393295288085938 -0.0275421142578125 0.0152854919433594 0.00597763061523437
0.043243408203125 -0.032318115234375 0.00842285156250001 0.0224933624267578
0.0520553588867187 -0.0211372375488281 -0.00316047668457031 0.0306797027587891
0.0522918701171875 0.00552749633789063 -0.0254783630371094 0.0284442901611328
0.0447845458984375 0.0310440063476562 -0.0354690551757813 0.00862503051757812
0.0110931396484375 0.0548286437988281 -0.028289794921875 -0.0229454040527344
-0.0278892517089844 0.0630035400390625 -0.00869035720825195 -0.00437164306640625
-0.0596237182617187 0.054534912109375 -0.0303363800048828 0.0189857482910156
-0.06231689453125 0.0186614990234375 -0.0178146362304688 0.0751876831054688
-0.0528297424316406 0.0424652099609375 -0.0283737182617188 0.0898971557617188
-0.02386474609375 0.0533409118652344 0.00841522216796874 0.076751708984375
0.0132789611816406 0.0573348999023437 0.0327720642089844 0.0504798889160156
0.0393714904785156 0.0351524353027344 0.0328731536865234 0.0192852020263672
0.0568618774414063 -0.000865936279296875 0.0262508392333984 0.00272941589355469
0.0490760803222656 -0.0222549438476562 0.0103893280029297 0.0102863311767578
0.0417137145996094 -0.0199813842773438 0.00345993041992188 0.0212326049804688
0.0457916259765625 -0.0245475769042969 -0.00180435180664062 0.0356979370117188
0.0520362854003906 -0.0132865905761719 -0.0126991271972656 0.0385475158691406
0.0474586486816406 0.0121269226074219 -0.0310420989990234 0.0326671600341797
0.0359764099121094 0.0346908569335938 -0.0365638732910156 0.010986328125
0.000297546386718745 0.0511627197265625 -0.0263042449951172 -0.0137672424316406
-0.0352363586425781 0.0477294921875 -0.0121030807495117 0.0120859146118164
-0.0594635009765625 0.0347785949707031 -0.0482025146484375 0.03253173828125
-0.0415382385253906 -0.00678253173828126 -0.0374984741210938 0.0768203735351562
-0.043670654296875 0.0119819641113281 -0.0447616577148438 0.0905380249023438
-0.0282993316650391 0.0285015106201172 -0.001953125 0.0754241943359375
-0.00476455688476562 0.0421371459960938 0.0188522338867188 0.0476455688476563
0.0209465026855469 0.0339126586914063 0.0176219940185547 0.0176677703857422
0.0446205139160156 0.0118141174316406 0.00857067108154297 0.00918960571289063
0.0447883605957031 -0.00992584228515625 -0.00518798828125 0.0206794738769531
0.038116455078125 -0.0115966796875 -0.00927543640136718 0.0343780517578125
0.0430259704589844 -0.0137748718261719 -0.0134239196777344 0.0442733764648438
0.0469093322753906 -0.00412750244140625 -0.0253524780273438 0.0434989929199219
0.0417098999023438 0.0181541442871094 -0.0380783081054687 0.0320205688476563
0.0264472961425781 0.0377693176269531 -0.0383377075195313 0.0101547241210938
-0.0116653442382813 0.0447578430175781 -0.0254974365234375 -0.00897216796875
-0.0422935485839844 0.0287094116210938 -0.0201454162597656 0.0206756591796875
-0.0556259155273438 0.00779342651367187 -0.0632247924804688 0.0374565124511719
-0.0134315490722656 -0.0299510955810547 -0.0455245971679687 0.0709609985351563
-0.0241222381591797 -0.0180168151855469 -0.0473480224609375 0.0853729248046875
-0.0250053405761719 -0.00214576721191407 -0.00373077392578125 0.0712127685546875
-0.0184764862060547 0.0190296173095703 0.0133323669433594 0.0395393371582031
0.000202178955078124 0.0254440307617188 0.00816154479980469 0.012639045715332
0.0246467590332031 0.0210342407226563 -0.0057373046875 0.00997066497802735
0.0333385467529297 0.005706787109375 -0.0187225341796875 0.02703857421875
0.0287113189697266 0.000650405883789063 -0.0210113525390625 0.0423507690429688
0.0336437225341797 -0.00193023681640625 -0.0266227722167969 0.0507125854492188
0.0374755859375 0.00603485107421875 -0.0375137329101563 0.0451316833496094
0.0291614532470703 0.0215492248535156 -0.0472640991210938 0.0304679870605469
0.0133781433105469 0.036102294921875 -0.04327392578125 0.00545120239257813
-0.0215167999267578 0.0332374572753906 -0.0278682708740234 -0.00906944274902344
-0.0441780090332031 0.00719451904296874 -0.0290813446044922 0.0201930999755859
-0.045166015625 -0.0187187194824219 -0.0769577026367188 0.0316925048828125
0.0111541748046875 0.0407867431640625 0.0761566162109375 -0.0273666381835937
0.0440521240234375 0.0118637084960938 0.0379981994628906 -0.00778579711914062
0.0247669219970703 -0.0222816467285156 0.0309085845947266 0.0132293701171875
0.00304603576660157 -0.0281887054443359 0.0557479858398437 0.00579452514648437
-0.0124912261962891 -0.0219192504882813 0.062103271484375 -0.0215263366699219
-0.0279502868652344 -0.0130786895751953 0.0488471984863281 -0.0494461059570313
-0.023284912109375 -0.0072021484375 0.0347671508789063 -0.057403564453125
-0.0194435119628906 -0.00905799865722656 0.0269775390625 -0.044464111328125
-0.0224323272705078 -0.0191459655761719 0.0246238708496094 -0.0269012451171875
-0.00341606140136719 -0.0280742645263672 0.0167055130004883 -0.011073112487793
0.0206947326660156 -0.021636962890625 -0.00663280487060547 -0.00867080688476563
0.0301895141601562 -0.00374031066894531 -0.0133018493652344 -0.0300559997558594
0.0249462127685547 0.0283126831054688 0.00971603393554688 -0.0698051452636719
0.00865936279296875 0.0482521057128906 0.0420761108398438 -0.082275390625
-0.0145454406738281 0.04913330078125 0.045135498046875 -0.0581169128417969
-0.0158576965332031 0.0584640502929687 0.07757568359375 -0.00823974609374999
0.0285530090332031 0.0398139953613281 0.0414352416992188 0.00882339477539063
0.0269279479980469 0.00372123718261719 0.0356521606445313 0.0233573913574219
0.0180568695068359 -0.0103855133056641 0.0629463195800781 0.0168075561523437
0.00773429870605469 -0.0172195434570313 0.0694923400878906 -0.0147933959960938
-0.00525474548339844 -0.0223350524902344 0.0588798522949219 -0.0463447570800781
-0.00575065612792969 -0.0226173400878906 0.0444145202636719 -0.0535926818847656
-0.00209999084472656 -0.020294189453125 0.0317726135253906 -0.0406990051269531
-0.00143814086914063 -0.0295257568359375 0.0282192230224609 -0.0200290679931641
0.0184135437011719 -0.029876708984375 0.01800537109375 -0.00272941589355469
0.0387649536132813 -0.0123214721679688 -0.00978469848632812 0.00115776062011719
0.0420303344726563 0.0137290954589844 -0.0204792022705078 -0.0195960998535156
0.0202980041503906 0.047821044921875 -0.00417709350585937 -0.06219482421875
-0.01019287109375 0.0677757263183594 0.0271339416503906 -0.0702781677246094
-0.0366058349609375 0.0656204223632813 0.0312957763671875 -0.04266357421875
-0.0435943603515625 0.0657806396484375 0.0675506591796875 0.0178604125976563
0.00206756591796875 0.0623626708984375 0.0362930297851563 0.0321197509765625
0.0213184356689453 0.0328998565673828 0.0385551452636719 0.0389633178710938
0.0321331024169922 0.0150642395019531 0.066131591796875 0.0285148620605469
0.0305442810058594 -0.00581169128417969 0.0727996826171875 -0.005157470703125
0.0210151672363281 -0.0265102386474609 0.0638389587402344 -0.0384521484375
0.0147533416748047 -0.0330944061279297 0.0455131530761719 -0.0432891845703125
0.0164985656738281 -0.0288658142089844 0.0322074890136719 -0.0300865173339844
0.0190925598144531 -0.0364151000976563 0.0266647338867188 -0.00848770141601563
0.0351791381835938 -0.0305213928222656 0.0148048400878906 0.00781631469726562
0.0502662658691406 -0.00561141967773438 -0.0139904022216797 0.0110960006713867
0.0495681762695312 0.0229644775390625 -0.0281448364257812 -0.00851821899414063
0.0187034606933594 0.0593795776367187 -0.0188865661621094 -0.0511474609375
-0.0190582275390625 0.0780029296875 0.0110626220703125 -0.0522575378417969
-0.0507354736328125 0.074127197265625 0.0117435455322266 -0.0223770141601562
-0.06524658203125 0.0613822937011719 0.0462303161621094 0.0448532104492188
-0.0274124145507813 0.0752182006835938 0.0212554931640625 0.0588912963867188
0.0079193115234375 0.0578689575195313 0.0325088500976563 0.0563392639160156
0.0389900207519531 0.04071044921875 0.0617294311523438 0.0415534973144531
0.0476493835449219 0.0103187561035156 0.0669326782226563 0.00591278076171875
0.0448570251464844 -0.024169921875 0.0592994689941406 -0.0262794494628906
0.0331916809082031 -0.0389251708984375 0.0405540466308594 -0.0270309448242188
0.0307807922363281 -0.0317668914794922 0.0260772705078125 -0.0142803192138672
0.0348587036132813 -0.0373458862304688 0.0197963714599609 0.00535392761230468
0.0479888916015625 -0.028045654296875 0.00813484191894532 0.0179080963134766
0.0554924011230469 -0.000614166259765625 -0.0181159973144531 0.0208053588867188
0.0517234802246094 0.0276107788085938 -0.0320701599121094 0.00247764587402344
0.0179252624511719 0.0627365112304688 -0.0264091491699219 -0.0355300903320312
-0.0239715576171875 0.0789871215820312 -9.15527343750002E-05 -0.0282402038574219
-0.0581817626953125 0.0721054077148438 -0.00801897048950196 0.000769138336181644
-0.0753326416015625 0.0450973510742187 0.0163459777832031 0.0664024353027344
-0.0484466552734375 0.0690765380859375 -0.00211334228515626 0.0813064575195312
-0.00983047485351562 0.0682144165039062 0.02288818359375 0.0714797973632812
0.03070068359375 0.0592803955078125 0.0502815246582031 0.0508651733398438
0.052520751953125 0.0263710021972656 0.0519790649414063 0.0160942077636719
0.0596504211425781 -0.0153694152832031 0.0464897155761719 -0.0109939575195313
0.047027587890625 -0.0365524291992188 0.0284843444824219 -0.00825691223144531
0.0417671203613281 -0.0306282043457031 0.0158786773681641 0.00386619567871094
0.0449066162109375 -0.0356254577636719 0.0100612640380859 0.0203952789306641
0.0547294616699219 -0.0244216918945313 -0.000173568725585932 0.0283737182617188
0.0571022033691406 0.00533676147460938 -0.0233898162841797 0.0278491973876953
0.0495529174804688 0.0318603515625 -0.0338306427001953 0.0086956024169922
0.0120620727539063 0.0589485168457031 -0.0265445709228516 -0.0232944488525391
-0.0297927856445312 0.070556640625 -0.00566816329956055 -0.00474500656127929
-0.0623207092285156 0.060760498046875 -0.0290374755859375 0.0205841064453125
-0.0691413879394531 0.0213279724121094 -0.0139312744140625 0.0792922973632813
-0.0581321716308594 0.0481414794921875 -0.0251235961914063 0.0929946899414063
-0.0258750915527344 0.0580825805664062 0.00991058349609375 0.0777206420898438
0.0152320861816406 0.0628128051757813 0.033599853515625 0.0522117614746094
0.0445060729980469 0.0360603332519531 0.0333175659179688 0.0200729370117188
0.0613632202148438 -0.00218582153320313 0.0272369384765625 0.000619888305664062
0.0517616271972656 -0.0273590087890625 0.011749267578125 0.00797748565673828
0.04425048828125 -0.0242996215820313 0.00350189208984375 0.0218162536621094
0.0494384765625 -0.0284194946289062 -0.00151062011718749 0.0345001220703125
0.056488037109375 -0.0159339904785156 -0.0115890502929687 0.0359573364257812
0.0535163879394531 0.0115318298339844 -0.0290679931640625 0.03204345703125
0.0410385131835938 0.0361099243164063 -0.0346927642822266 0.0107860565185547
0.00124740600585938 0.0567855834960938 -0.0240612030029297 -0.0136833190917969
-0.0378265380859375 0.0550308227539063 -0.0100688934326172 0.0113191604614258
-0.0638465881347656 0.0403251647949219 -0.0462570190429688 0.0354156494140625
-0.0480079650878906 -0.00577926635742188 -0.0360336303710937 0.0820236206054688
-0.0497016906738281 0.0156517028808594 -0.042694091796875 0.0947647094726562
-0.0326309204101563 0.0324172973632812 -0.000320434570312494 0.0760040283203125
-0.00423431396484375 0.0475311279296875 0.0187644958496094 0.0485382080078125
0.0246658325195313 0.0364456176757813 0.0171604156494141 0.0179691314697266
0.0507659912109375 0.0100517272949219 0.00789642333984376 0.00827455520629883
0.0477142333984375 -0.0141487121582031 -0.00447463989257812 0.0220470428466797
0.0409660339355469 -0.01446533203125 -0.00907135009765625 0.0354843139648438
0.0466766357421875 -0.0173606872558594 -0.013824462890625 0.0453262329101563
0.0515632629394531 -0.00756072998046875 -0.0258064270019531 0.0427207946777344
0.0466270446777344 0.0178565979003906 -0.037750244140625 0.0321502685546875
0.0311698913574219 0.0395469665527344 -0.0374565124511719 0.00884246826171876
-0.0109062194824219 0.0496139526367188 -0.0244350433349609 -0.00856971740722656
-0.0455894470214844 0.0348396301269531 -0.0185222625732422 0.0217666625976563
-0.0598411560058594 0.0126800537109375 -0.0646553039550781 0.0395431518554687
-0.0191535949707031 -0.0317230224609375 -0.047149658203125 0.0762863159179687
-0.0292644500732422 -0.0169944763183594 -0.0476608276367188 0.0891189575195312
-0.02862548828125 0.000621795654296881 -0.00253295898437501 0.0710906982421875
-0.0203723907470703 0.0231208801269531 0.0129013061523437 0.0404396057128906
0.00229454040527344 0.0289077758789063 0.00533771514892578 0.0137500762939453
0.0290908813476563 0.0194530487060547 -0.00815200805664062 0.0117559432983398
0.0357933044433594 0.00196456909179688 -0.0190486907958984 0.0296440124511719
0.0318412780761719 -0.00175285339355469 -0.0202217102050781 0.0452346801757813
0.0375595092773438 -0.0048675537109375 -0.0255317687988281 0.0534172058105469
0.0407600402832031 0.0036163330078125 -0.0396537780761719 0.0468978881835938
0.0338764190673828 0.0218868255615234 -0.0479888916015625 0.0305519104003906
0.01751708984375 0.0380401611328125 -0.0435066223144531 0.00560379028320313
-0.0222511291503906 0.0377197265625 -0.0276355743408203 -0.00901222229003907
-0.0476226806640625 0.0123252868652344 -0.0285224914550781 0.0237541198730469
-0.0506439208984375 -0.0169830322265625 -0.080108642578125 0.0365219116210938
0.0147171020507813 0.0412254333496094 0.0799789428710938 -0.0331649780273438
0.0460433959960938 0.00822830200195313 0.0387535095214844 -0.0121383666992188
0.0241260528564453 -0.0253448486328125 0.0311031341552734 0.0126819610595703
0.000143051147460939 -0.0302734375 0.0584907531738281 0.005340576171875
-0.0160484313964844 -0.0212249755859375 0.0646553039550781 -0.0246124267578125
-0.0305023193359375 -0.0100879669189453 0.0507583618164063 -0.0532417297363281
-0.0248737335205078 -0.00492477416992187 0.0357818603515625 -0.0626106262207031
-0.0203723907470703 -0.00763893127441407 0.0267562866210938 -0.0503692626953125
-0.0253086090087891 -0.0163898468017578 0.0260124206542969 -0.0320796966552734
-0.00715827941894531 -0.0280818939208984 0.0192604064941406 -0.0148963928222656
0.0185413360595703 -0.0253334045410156 -0.0039825439453125 -0.00989627838134766
0.0314064025878906 -0.00724411010742188 -0.0116939544677734 -0.0301322937011719
0.0299053192138672 0.0273265838623047 0.00938415527343749 -0.071197509765625
0.0141067504882812 0.0504531860351563 0.0412521362304688 -0.088043212890625
-0.00928497314453126 0.0528068542480469 0.0481605529785156 -0.0655975341796875
-0.0134162902832031 0.0611915588378906 0.0838088989257813 -0.0130615234375
0.029876708984375 0.0393295288085938 0.0429763793945313 0.00516510009765625
0.0270061492919922 0.00224876403808594 0.0362510681152344 0.0231704711914063
0.0179958343505859 -0.0109901428222656 0.0659027099609375 0.015533447265625
0.00722980499267578 -0.0170040130615234 0.0738372802734375 -0.016998291015625
-0.00703048706054687 -0.0212192535400391 0.0614356994628906 -0.0512542724609375
-0.00690078735351562 -0.0223293304443359 0.044586181640625 -0.0598526000976562
-0.0026092529296875 -0.0207366943359375 0.0324859619140625 -0.0468254089355469
-0.00312042236328125 -0.0296154022216797 0.0299510955810547 -0.0261592864990234
0.0166873931884766 -0.0316638946533203 0.0211830139160156 -0.00692176818847656
0.0385627746582031 -0.0159988403320313 -0.00626134872436523 0.000116825103759765
0.044097900390625 0.0116081237792969 -0.0190906524658203 -0.0193672180175781
0.0242424011230469 0.0495529174804688 -0.00592041015625 -0.0638389587402344
-0.00531768798828125 0.0729293823242187 0.027191162109375 -0.0751495361328125
-0.033538818359375 0.0714492797851563 0.035064697265625 -0.0475425720214844
-0.0435256958007813 0.0704803466796875 0.0752716064453125 0.0141754150390625
0.00365829467773437 0.0661392211914062 0.0396995544433594 0.0301094055175781
0.0227222442626953 0.0343494415283203 0.0394134521484375 0.0390777587890625
0.0341110229492187 0.0147190093994141 0.0699424743652344 0.028594970703125
0.0315361022949219 -0.00557327270507812 0.0765457153320313 -0.00734710693359375
0.02069091796875 -0.0276699066162109 0.0662193298339844 -0.0429763793945313
0.0143699645996094 -0.0356712341308594 0.0476913452148438 -0.049652099609375
0.0164718627929688 -0.0303668975830078 0.0329742431640625 -0.0358619689941406
0.0183181762695313 -0.0388336181640625 0.0281314849853516 -0.0139541625976563
0.0364341735839844 -0.0336875915527344 0.0181427001953125 0.00325775146484375
0.0525436401367187 -0.0079498291015625 -0.0108795166015625 0.0103607177734375
0.0536079406738281 0.0214996337890625 -0.0261287689208984 -0.00794601440429687
0.0242347717285156 0.0620765686035156 -0.0193405151367188 -0.0512351989746094
-0.016326904296875 0.0854873657226562 0.0108451843261719 -0.0550498962402344
-0.04962158203125 0.081085205078125 0.0153980255126953 -0.025970458984375
-0.0687065124511719 0.0680770874023437 0.0526084899902344 0.0446395874023438
-0.0259857177734375 0.081085205078125 0.0253067016601563 0.0579185485839844
0.00943756103515626 0.06231689453125 0.0365562438964844 0.0565757751464844
0.0420417785644531 0.04302978515625 0.0663948059082031 0.0410690307617188
0.0508918762207031 0.0100593566894531 0.0706253051757813 0.00452423095703125
0.0473709106445313 -0.0265350341796875 0.0614204406738281 -0.0305442810058594
0.0343551635742187 -0.0424308776855469 0.0426559448242188 -0.0322265625
0.0329399108886719 -0.0355567932128906 0.0278091430664063 -0.0188350677490234
0.0363540649414063 -0.043060302734375 0.0215225219726563 0.00130462646484375
0.0498886108398437 -0.0334320068359375 0.010533332824707 0.014927864074707
0.0603675842285156 -0.00267410278320313 -0.0156421661376953 0.0198764801025391
0.0575752258300781 0.0281105041503906 -0.0301284790039062 0.0031280517578125
0.0223770141601563 0.0663299560546875 -0.0270614624023438 -0.0364227294921875
-0.0221786499023437 0.087310791015625 0.000680923461914058 -0.0301132202148437
-0.05902099609375 0.0815887451171875 -0.00572443008422852 -0.00103187561035156
-0.0812911987304688 0.0523300170898437 0.022186279296875 0.0692253112792969
-0.051300048828125 0.076568603515625 0.00238037109375 0.0823287963867188
-0.00969696044921875 0.0749664306640625 0.0258712768554687 0.0718917846679688
0.0365066528320313 0.0643997192382813 0.0528945922851562 0.0513229370117188
0.0584068298339844 0.0267791748046875 0.0554466247558594 0.013702392578125
0.0639381408691406 -0.0188179016113281 0.0479278564453125 -0.0153732299804688
0.0486488342285156 -0.0414695739746094 0.0303173065185547 -0.0114250183105469
0.0438003540039063 -0.0355758666992188 0.0168905258178711 0.000967979431152342
0.0474205017089844 -0.0413627624511719 0.0116062164306641 0.0177860260009766
0.0582771301269531 -0.0295333862304688 0.000759124755859379 0.0270061492919922
0.06292724609375 0.00225067138671875 -0.0220432281494141 0.0277252197265625
0.0554161071777344 0.0327415466308594 -0.0319900512695313 0.00912284851074219
0.0164337158203125 0.0651626586914063 -0.0267925262451172 -0.023040771484375
-0.0293121337890625 0.0792160034179688 -0.00430345535278321 -0.00629329681396484
-0.0645561218261719 0.0694541931152344 -0.0261421203613281 0.0214710235595703
-0.0752334594726563 0.0274658203125 -0.0106124877929688 0.0846481323242188
-0.0613632202148438 0.0543594360351562 -0.023193359375 0.097930908203125
-0.0269088745117188 0.0656509399414063 0.0118484497070313 0.0787811279296875
0.0196418762207031 0.0682411193847656 0.03497314453125 0.0539321899414063
0.0501060485839844 0.0381813049316406 0.0353622436523438 0.0190048217773438
0.0670661926269531 -0.00618743896484375 0.0277118682861328 -0.000583648681640625
0.05438232421875 -0.0331344604492188 0.0139017105102539 0.00853729248046875
0.0473060607910156 -0.0291862487792969 0.00445938110351563 0.0218601226806641
0.051971435546875 -0.0344276428222656 0.000658035278320315 0.03399658203125
0.0603675842285156 -0.0215492248535156 -0.0117645263671875 0.0369033813476562
0.0590171813964844 0.00956344604492188 -0.0287837982177734 0.0324020385742188
0.0480194091796875 0.0378341674804687 -0.0338783264160156 0.0119438171386719
0.00335693359375 0.0622100830078125 -0.0251350402832031 -0.0137653350830078
-0.039642333984375 0.0633506774902344 -0.00927352905273438 0.0137186050415039
-0.0675430297851563 0.047515869140625 -0.0462608337402344 0.03839111328125
-0.0549545288085937 -0.00244140625000001 -0.0343170166015625 0.089569091796875
-0.0553436279296875 0.0212745666503906 -0.04095458984375 0.100875854492188
-0.0347023010253906 0.0388832092285156 0.00142669677734374 0.0781936645507813
-0.00141525268554687 0.0543212890625 0.020111083984375 0.0494232177734375
0.0306167602539063 0.039398193359375 0.0167312622070313 0.0194263458251953
0.055938720703125 0.00660324096679688 0.00797462463378906 0.0092630386352539
0.0511207580566406 -0.01885986328125 -0.00400161743164062 0.0242824554443359
0.0441246032714844 -0.0194778442382813 -0.008880615234375 0.0370750427246094
0.0498313903808594 -0.0238189697265625 -0.0128669738769531 0.0465164184570312
0.0566139221191406 -0.0120315551757813 -0.0252418518066406 0.0444984436035156
0.0517005920410156 0.0162391662597656 -0.0383758544921875 0.0330047607421875
0.0366783142089844 0.0411949157714844 -0.0379142761230469 0.00985717773437501
-0.0089111328125 0.0553131103515625 -0.0244197845458984 -0.00841522216796875
-0.0482330322265625 0.0427703857421875 -0.0168533325195312 0.0242462158203125
-0.0659408569335937 0.0182647705078125 -0.0655899047851563 0.0444412231445312
-0.0240554809570313 -0.0308818817138672 -0.0465621948242188 0.0843505859375
-0.035888671875 -0.0155563354492188 -0.0466156005859375 0.0952301025390625
-0.0320549011230469 0.00469017028808593 -0.00122070312499999 0.072235107421875
-0.0197238922119141 0.0287036895751953 0.0122528076171875 0.0409126281738281
0.00679397583007813 0.031646728515625 0.00424289703369141 0.0140247344970703
0.0339851379394531 0.0176506042480469 -0.00951004028320313 0.0138778686523438
0.0395889282226563 -0.00228500366210938 -0.0192775726318359 0.0334453582763672
0.0340747833251953 -0.00531387329101563 -0.02020263671875 0.0491142272949219
0.0397262573242188 -0.00970077514648438 -0.025726318359375 0.0570831298828125
0.04473876953125 -0.000141143798828125 -0.0403709411621094 0.0494232177734375
0.0390548706054688 0.0208854675292969 -0.0503273010253906 0.0329017639160156
0.0227508544921875 0.0398674011230469 -0.0450973510742188 0.00611114501953126
-0.0208892822265625 0.0430030822753906 -0.0275669097900391 -0.00911712646484375
-0.0504417419433594 0.0174102783203125 -0.0274467468261719 0.026947021484375
-0.0562515258789063 -0.012115478515625 -0.0837020874023438 0.0413818359375
0.0194549560546875 0.0406913757324219 0.08251953125 -0.0414505004882813
0.0474967956542969 0.0026092529296875 0.0379867553710938 -0.0171432495117188
0.0226955413818359 -0.0295677185058594 0.0318088531494141 0.0126972198486328
-0.00398826599121094 -0.0315074920654297 0.0610198974609375 0.00272750854492187
-0.0191192626953125 -0.0196704864501953 0.0673675537109375 -0.0289955139160156
-0.0333137512207031 -0.00550270080566407 0.0511932373046875 -0.0588912963867188
-0.0273361206054687 -0.00127983093261719 0.0350608825683594 -0.069732666015625
-0.0217189788818359 -0.00557136535644531 0.0261077880859375 -0.0570068359375
-0.0278148651123047 -0.0136089324951172 0.0245132446289063 -0.037628173828125
-0.0114192962646484 -0.0281200408935547 0.0204181671142578 -0.0195026397705078
0.0163135528564453 -0.0296344757080078 -0.00245952606201172 -0.011688232421875
0.031951904296875 -0.0109615325927734 -0.0114955902099609 -0.0303306579589844
0.0337944030761719 0.0257053375244141 0.0064239501953125 -0.0742416381835938
0.0211906433105469 0.05010986328125 0.038330078125 -0.094207763671875
-0.00315475463867188 0.05548095703125 0.0482940673828125 -0.0745468139648438
-0.0110130310058594 0.0643882751464844 0.0882949829101563 -0.021484375
0.0343475341796875 0.0386276245117188 0.0445327758789062 -0.000923156738281247
0.0263137817382813 0.000822067260742188 0.0388221740722656 0.0222625732421875
0.0186328887939453 -0.0140304565429688 0.0699920654296875 0.0142402648925781
0.00510501861572266 -0.0165443420410156 0.0782241821289062 -0.021881103515625
-0.00884437561035156 -0.0196685791015625 0.0630569458007813 -0.05859375
-0.00812911987304687 -0.02142333984375 0.0435142517089844 -0.06890869140625
-0.0042724609375 -0.0211391448974609 0.0320510864257813 -0.054351806640625
-0.00461578369140625 -0.0298957824707031 0.02978515625 -0.0327720642089844
0.0133781433105469 -0.0334186553955078 0.0241756439208984 -0.0120944976806641
0.0383148193359375 -0.0186882019042969 -0.00255322456359863 -0.00228333473205567
0.0477561950683594 0.00957489013671875 -0.0172348022460937 -0.0196666717529297
0.0308876037597656 0.0495796203613281 -0.00811386108398437 -0.0629653930664063
0.001068115234375 0.0764389038085938 0.0228118896484375 -0.0801925659179688
-0.0291824340820313 0.0789718627929688 0.0365753173828125 -0.0555343627929687
-0.04229736328125 0.0768814086914063 0.0814437866210938 0.0073699951171875
0.00883865356445312 0.069183349609375 0.0440216064453125 0.0259284973144531
0.0242805480957031 0.0354194641113281 0.0421028137207031 0.0380516052246094
0.0363578796386719 0.0135269165039063 0.0749435424804688 0.0263442993164063
0.0324363708496094 -0.00713539123535156 0.079559326171875 -0.0130233764648438
0.0199489593505859 -0.0300827026367187 0.0666236877441406 -0.0514144897460937
0.013885498046875 -0.0380058288574219 0.0475349426269531 -0.0574073791503906
0.0152873992919922 -0.0339508056640625 0.0331268310546875 -0.0426177978515625
0.0176544189453125 -0.0409126281738281 0.0286769866943359 -0.0211162567138672
0.0350418090820313 -0.0378036499023438 0.02197265625 -0.00131607055664063
0.0545578002929688 -0.0127677917480469 -0.00781869888305664 0.00865888595581055
0.058013916015625 0.0193252563476563 -0.0237388610839844 -0.0068206787109375
0.02978515625 0.0644683837890625 -0.0202903747558594 -0.0510711669921875
-0.0097198486328125 0.093505859375 0.00925445556640625 -0.0585861206054687
-0.0457992553710938 0.0898590087890625 0.0176181793212891 -0.0303192138671875
-0.0724029541015625 0.078155517578125 0.0609550476074219 0.0416488647460938
-0.0235748291015625 0.08978271484375 0.0300369262695312 0.0572624206542969
0.0127182006835938 0.0659408569335938 0.0388984680175781 0.055419921875
0.0478019714355469 0.0447540283203125 0.0699996948242188 0.0405540466308594
0.055328369140625 0.0082550048828125 0.0742874145507813 0.000137329101562501
0.0487289428710938 -0.0320892333984375 0.062225341796875 -0.0369758605957031
0.0332527160644531 -0.0479011535644531 0.0416069030761719 -0.038970947265625
0.0335807800292969 -0.0396804809570313 0.0282936096191406 -0.0238075256347656
0.0346450805664063 -0.048065185546875 0.0227489471435547 -0.00337600708007813
0.0510749816894531 -0.0386848449707031 0.0124540328979492 0.0122947692871094
0.0661659240722656 -0.00654983520507813 -0.0118331909179687 0.0198841094970703
0.0642471313476563 0.0264396667480469 -0.0280780792236328 0.00315666198730469
0.0280876159667969 0.0699005126953125 -0.0290489196777344 -0.0361480712890625
-0.015777587890625 0.0971298217773438 -0.000410079956054689 -0.03350830078125
-0.05615234375 0.091278076171875 -0.0020437240600586 -0.00280618667602539
-0.0844879150390625 0.0634231567382813 0.0292243957519531 0.0700721740722656
-0.0510101318359375 0.087005615234375 0.00708007812499999 0.084442138671875
-0.0060272216796875 0.0833816528320312 0.0296630859375 0.0721282958984375
0.0433273315429688 0.0673484802246094 0.0584220886230469 0.0514945983886719
0.0652046203613281 0.0261383056640625 0.0584831237792969 0.011932373046875
0.0682411193847656 -0.0247039794921875 0.0469627380371094 -0.0189056396484375
0.0484848022460938 -0.0483131408691406 0.0317649841308594 -0.0158519744873047
0.0439605712890625 -0.0418052673339844 0.018096923828125 -0.00207901000976563
0.0482940673828125 -0.04876708984375 0.0123367309570313 0.0157184600830078
0.0601615905761719 -0.036285400390625 0.00374794006347657 0.0248641967773437
0.0689163208007812 -0.0023651123046875 -0.0185966491699219 0.0271644592285156
0.0624313354492188 0.0309829711914062 -0.0309963226318359 0.0104694366455078
0.021728515625 0.0698814392089844 -0.0263252258300781 -0.0232391357421875
-0.0254287719726563 0.0877532958984375 -0.00315713882446289 -0.00733757019042968
-0.0630340576171875 0.0794906616210938 -0.0234794616699219 0.0214595794677734
-0.0811920166015625 0.0369491577148438 -0.00279998779296875 0.0898513793945313
-0.0641098022460938 0.0647354125976562 -0.0173110961914063 0.1015625
-0.0269622802734375 0.0744552612304688 0.0166397094726562 0.081695556640625
0.0258102416992188 0.0734100341796875 0.0381546020507813 0.0553932189941406
0.0574264526367188 0.03631591796875 0.0360527038574219 0.01727294921875
0.0710601806640625 -0.0125579833984375 0.0301017761230469 -0.0024566650390625
0.0545539855957031 -0.0377120971679688 0.0153608322143555 0.00607490539550781
0.0486831665039062 -0.0363273620605469 0.00751876831054688 0.0211849212646484
0.0538787841796875 -0.0430717468261719 0.00269889831542969 0.0335674285888672
0.0636329650878906 -0.0306472778320313 -0.00925827026367187 0.0383682250976563
0.0660209655761719 0.00501632690429688 -0.0271568298339844 0.0327968597412109
0.0544815063476563 0.03643798828125 -0.0345954895019531 0.0123577117919922
0.00935745239257813 0.0681419372558594 -0.0265579223632813 -0.0143489837646484
-0.036346435546875 0.0738906860351563 -0.00616455078125 0.0144834518432617
-0.0701484680175781 0.0573654174804687 -0.0415458679199219 0.0429267883300781
-0.0611152648925781 0.00251388549804688 -0.029754638671875 0.0973129272460938
-0.0595436096191406 0.0297470092773438 -0.0360183715820313 0.106986999511719
-0.035736083984375 0.0461616516113281 0.00508880615234375 0.0801544189453125
0.00467300415039062 0.0607948303222656 0.0221786499023438 0.0500564575195313
0.0369377136230469 0.0407066345214844 0.0163459777832031 0.0202369689941406
0.0598106384277344 0.00249099731445313 0.00836181640625 0.0106267929077148
0.0523147583007813 -0.0253334045410156 -0.00380134582519531 0.0250530242919922
0.0456657409667969 -0.026031494140625 -0.00641250610351563 0.0393486022949219
0.0517425537109375 -0.0315437316894531 -0.0114402770996094 0.0495681762695313
0.0597801208496094 -0.0176582336425781 -0.0245132446289063 0.0462570190429687
0.0583648681640625 0.0108795166015625 -0.0386428833007812 0.036376953125
0.0439872741699219 0.04083251953125 -0.0379753112792969 0.010406494140625
-0.00494766235351562 0.0613136291503906 -0.0241508483886719 -0.00872802734375
-0.049285888671875 0.052154541015625 -0.0143966674804688 0.0257511138916016
-0.0698471069335937 0.0282554626464844 -0.0657997131347656 0.0517044067382813
-0.0308551788330078 -0.0303268432617188 -0.0449142456054688 0.0941543579101562
-0.0414772033691406 -0.0104217529296875 -0.0432281494140625 0.102622985839844
-0.0344200134277344 0.00977706909179687 0.00350952148437499 0.0738906860351563
-0.0177078247070312 0.0339508056640625 0.0128135681152344 0.0430068969726562
0.0111923217773438 0.0322933197021484 0.0035696029663086 0.0147895812988281
0.038543701171875 0.0158576965332031 -0.0102777481079102 0.0161876678466797
0.0423507690429688 -0.00725173950195313 -0.0183563232421875 0.0390968322753906
0.037139892578125 -0.0108833312988281 -0.0179519653320313 0.0531196594238281
0.0429840087890625 -0.0151443481445313 -0.0235519409179688 0.0623741149902344
0.0470008850097656 -0.0057220458984375 -0.0398674011230469 0.05450439453125
0.0440826416015625 0.0177040100097656 -0.0512886047363281 0.0368919372558594
0.0295181274414063 0.0401496887207031 -0.0475845336914063 0.00878143310546875
-0.0182456970214844 0.0478630065917969 -0.0276222229003906 -0.0077667236328125
-0.0542945861816406 0.0255699157714844 -0.0246448516845703 0.0301246643066406
-0.0618171691894531 -0.00663757324218749 -0.08544921875 0.0491485595703125
0.0243873596191406 0.0404014587402344 0.0830001831054688 -0.0508270263671875
0.0482292175292969 -0.00329971313476562 0.0345611572265625 -0.0223140716552734
0.0188007354736328 -0.0326671600341797 0.0319976806640625 0.00847434997558594
-0.00622367858886719 -0.0306148529052734 0.0621910095214844 -0.00109100341796875
-0.0244808197021484 -0.0169715881347656 0.0657386779785156 -0.0339126586914062
-0.0326023101806641 -0.00197410583496094 0.0512657165527344 -0.0666923522949219
-0.0270175933837891 0.00220108032226563 0.027191162109375 -0.0767974853515625
-0.0244674682617187 -0.00429534912109375 0.020416259765625 -0.0641517639160156
-0.0316944122314453 -0.00948524475097656 0.0205802917480469 -0.0437507629394531
-0.0161991119384766 -0.0264225006103516 0.0216102600097656 -0.0235500335693359
0.0121898651123047 -0.0311641693115234 0.000935554504394533 -0.0140323638916016
0.0301361083984375 -0.0168533325195313 -0.00998497009277344 -0.0317497253417969
0.0378608703613281 0.0214576721191406 0.00225067138671875 -0.0742416381835937
0.0282096862792969 0.04962158203125 0.0304794311523437 -0.100143432617188
0.00352096557617188 0.0576171875 0.043365478515625 -0.08416748046875
-0.00436401367187501 0.0673789978027344 0.0909652709960938 -0.0282821655273437
0.0364036560058594 0.0342063903808594 0.0446395874023438 -0.0074462890625
0.0249862670898438 -0.00233268737792969 0.0389747619628906 0.0212631225585938
0.015742301940918 -0.0135641098022461 0.0713653564453125 0.0072021484375
0.00388813018798828 -0.0152578353881836 0.0760498046875 -0.0270462036132812
-0.00829696655273437 -0.0190753936767578 0.0579872131347656 -0.0662002563476562
-0.00971794128417969 -0.0199394226074219 0.0401535034179688 -0.0761642456054688
-0.00371360778808594 -0.0208835601806641 0.0227127075195313 -0.059356689453125
-0.00931549072265625 -0.0285453796386719 0.0254058837890625 -0.0394821166992188
0.0123481750488281 -0.0342922210693359 0.0257034301757813 -0.0185928344726563
0.0354118347167969 -0.0229454040527344 -0.00126028060913086 -0.00478124618530274
0.0468368530273438 0.00442886352539063 -0.0169429779052734 -0.0189304351806641
0.0349655151367188 0.0483360290527344 -0.0108871459960938 -0.0656585693359375
0.0112380981445313 0.0772628784179688 0.0176773071289062 -0.0844650268554688
-0.0198440551757813 0.0832061767578125 0.0356712341308594 -0.0600967407226562
-0.0362014770507812 0.083648681640625 0.08685302734375 -0.000938415527343745
0.0136833190917969 0.0700416564941406 0.0450210571289063 0.0164299011230469
0.026641845703125 0.0359764099121094 0.0450096130371094 0.03662109375
0.0403327941894531 0.01190185546875 0.0783309936523438 0.0212783813476563
0.0349693298339844 -0.00782966613769531 0.0823822021484375 -0.0176467895507813
0.0202159881591797 -0.0322532653808594 0.0640106201171875 -0.0577468872070313
0.00823211669921874 -0.0415267944335938 0.0433425903320313 -0.0627861022949219
0.0155754089355469 -0.0360641479492188 0.0278129577636719 -0.0481452941894531
0.01617431640625 -0.0424690246582031 0.0262012481689453 -0.027130126953125
0.0326728820800781 -0.0421714782714844 0.0207004547119141 -0.00700759887695313
0.0558700561523438 -0.0173454284667969 -0.00447034835815429 0.00445699691772461
0.0608062744140625 0.0140800476074219 -0.0205554962158203 -0.0069427490234375
0.0375823974609375 0.0655097961425781 -0.0221328735351563 -0.0491905212402344
-0.000274658203125008 0.09765625 0.005889892578125 -0.0626716613769531
-0.0361251831054687 0.0980072021484375 0.0189342498779297 -0.0339813232421875
-0.0675277709960937 0.0901260375976563 0.0667343139648438 0.0379180908203125
-0.0165863037109375 0.0965576171875 0.0344123840332031 0.0508041381835938
0.0191879272460937 0.06939697265625 0.0415000915527344 0.0522918701171875
0.0551338195800781 0.0409355163574219 0.074951171875 0.0339431762695312
0.0590362548828125 0.0021820068359375 0.0758743286132813 -0.008331298828125
0.0460090637207031 -0.0385169982910156 0.0608749389648438 -0.0444717407226563
0.0307083129882813 -0.05682373046875 0.0420188903808594 -0.04833984375
0.0320358276367188 -0.0489578247070313 0.0226993560791016 -0.0280666351318359
0.0324821472167969 -0.053375244140625 0.0217685699462891 -0.00884437561035156
0.0529708862304688 -0.0485687255859375 0.0142230987548828 0.00934696197509765
0.0648040771484375 -0.0144729614257812 -0.0106515884399414 0.0173168182373047
0.0678672790527344 0.0190200805664063 -0.0272426605224609 0.00582504272460937
0.0359649658203125 0.0700874328613281 -0.0294303894042969 -0.0327777862548828
-0.008270263671875 0.101493835449219 -0.001312255859375 -0.0359916687011719
-0.0507888793945312 0.101539611816406 0.000783443450927732 -0.00564336776733398
-0.0868453979492187 0.0756378173828125 0.0383262634277344 0.0682601928710938
-0.0414810180664062 0.0952911376953125 0.0163192749023437 0.0824050903320313
-0.000938415527343741 0.0895233154296875 0.0343818664550781 0.0687103271484375
0.0521507263183594 0.0675201416015625 0.065948486328125 0.0469017028808594
0.0686721801757813 0.0217819213867188 0.0597648620605469 0.00667953491210938
0.0680580139160156 -0.0342445373535156 0.0467681884765625 -0.0263023376464844
0.0483207702636719 -0.0550384521484375 0.0333137512207031 -0.0189952850341797
0.0425224304199219 -0.0483932495117188 0.0179862976074219 -0.00387763977050782
0.0459518432617187 -0.0562019348144531 0.0170354843139648 0.0121526718139648
0.0582923889160156 -0.0458831787109375 0.0056304931640625 0.0231895446777344
0.073394775390625 -0.00739288330078125 -0.0166091918945313 0.024871826171875
0.0694847106933594 0.027618408203125 -0.0263710021972656 0.0117053985595703
0.028594970703125 0.0725860595703125 -0.0299415588378906 -0.0221233367919922
-0.0197067260742188 0.0974655151367187 -0.00109481811523438 -0.0103483200073242
-0.0589981079101563 0.091339111328125 -0.0202789306640625 0.0255889892578125
-0.0830917358398438 0.046905517578125 0.00422668457031249 0.0896072387695312
-0.0647659301757812 0.072723388671875 -0.00641632080078125 0.103866577148437
-0.0210647583007812 0.081329345703125 0.0204544067382812 0.0760498046875
0.0314712524414062 0.0762252807617188 0.0431747436523438 0.0497055053710938
0.0647163391113281 0.0333251953125 0.0411224365234375 0.0210990905761719
0.0725021362304688 -0.0215225219726563 0.0252933502197266 -0.00302886962890625
0.0556793212890625 -0.0504798889160156 0.014735221862793 0.00290393829345703
0.0491218566894531 -0.0420875549316406 0.00714874267578125 0.0210380554199219
0.05126953125 -0.0506172180175781 0.00324821472167969 0.0333156585693359
0.0659446716308594 -0.0415916442871094 -0.00722885131835937 0.0363006591796875
0.070556640625 -0.00356292724609375 -0.0280876159667969 0.03570556640625
0.0649795532226563 0.0325889587402344 -0.0351943969726562 0.0151481628417969
0.0154914855957031 0.0687599182128906 -0.0256519317626953 -0.0154438018798828
-0.0332489013671875 0.0814666748046875 -0.00476932525634766 0.0113248825073242
-0.0645904541015625 0.0710372924804688 -0.0393943786621094 0.0479927062988281
-0.0659103393554688 0.0102729797363281 -0.0214004516601562 0.102073669433594
-0.0612716674804688 0.039825439453125 -0.025848388671875 0.111785888671875
-0.035552978515625 0.0542945861816406 0.00756072998046874 0.0806655883789063
0.0118598937988281 0.0641822814941406 0.0245132446289062 0.0500946044921875
0.0467643737792969 0.0371437072753906 0.0178623199462891 0.0193729400634766
0.0631828308105469 -0.0066070556640625 0.00619792938232422 0.010040283203125
0.0535316467285156 -0.0333595275878906 -0.000873565673828123 0.0254154205322266
0.045379638671875 -0.0328750610351563 -0.00495910644531249 0.0419349670410156
0.0507087707519531 -0.0404624938964844 -0.00775909423828125 0.0513229370117187
0.0596809387207031 -0.0266532897949219 -0.0210227966308594 0.0516319274902344
0.0622940063476563 0.00368118286132813 -0.0387077331542969 0.0395851135253906
0.0504875183105469 0.0384063720703125 -0.0380401611328125 0.012542724609375
0.000976562500000002 0.0660438537597656 -0.0275192260742188 -0.00980377197265624
-0.0457916259765625 0.0610008239746094 -0.0091705322265625 0.0275440216064453
-0.0704193115234375 0.03680419921875 -0.0635299682617188 0.0570297241210938
-0.0385894775390625 -0.0273857116699219 -0.0381317138671875 0.100624084472656
-0.0440330505371094 -0.00360488891601563 -0.0363693237304688 0.107330322265625
-0.0357093811035156 0.0165672302246094 0.00614929199218751 0.0718765258789063
-0.0132102966308594 0.0412750244140625 0.0145149230957031 0.0400962829589844
0.0170097351074219 0.0342769622802734 0.00571823120117188 0.0170145034790039
0.0411224365234375 0.0128135681152344 -0.0142192840576172 0.0202465057373047
0.0418853759765625 -0.0124130249023438 -0.0137596130371094 0.042022705078125
0.0336799621582031 -0.0138263702392578 -0.0126991271972656 0.0561447143554688
0.0414810180664063 -0.0230178833007813 -0.0167770385742188 0.0642204284667969
0.0485382080078125 -0.0146980285644531 -0.036773681640625 0.0574455261230469
0.0472335815429688 0.0133476257324219 -0.0468978881835938 0.0407447814941406
0.0333480834960938 0.0373687744140625 -0.0450477600097656 0.0123405456542969
-0.0131759643554688 0.0507965087890625 -0.0283012390136719 -0.00595283508300781
-0.050872802734375 0.0328598022460937 -0.0224571228027344 0.0324554443359375
-0.06378173828125 0.00358200073242187 -0.08465576171875 0.0584564208984375
0.0263862609863281 0.0349044799804688 0.0781936645507813 -0.05755615234375
0.0469779968261719 -0.0093536376953125 0.0329666137695313 -0.0252609252929688
0.0147247314453125 -0.0347900390625 0.0311813354492188 0.00944137573242187
-0.0118808746337891 -0.030731201171875 0.0623397827148437 -0.00477218627929688
-0.0239944458007813 -0.0154609680175781 0.0649909973144531 -0.0391082763671875
-0.0347671508789063 0.00233268737792969 0.0449752807617188 -0.0694084167480469
-0.0252819061279297 0.00508689880371094 0.0226287841796875 -0.0788345336914063
-0.0226345062255859 8.96453857421834E-05 0.0139923095703125 -0.0648231506347656
-0.0300121307373047 -0.00539016723632813 0.0177955627441406 -0.0464706420898438
-0.0185470581054688 -0.0228080749511719 0.0186195373535156 -0.0293445587158203
0.00706291198730469 -0.0312767028808594 -0.000140190124511719 -0.016200065612793
0.0271472930908203 -0.0191783905029297 -0.0105762481689453 -0.0297431945800781
0.0393180847167969 0.0145759582519531 -0.00209808349609374 -0.071441650390625
0.0339546203613281 0.0433578491210938 0.0247268676757813 -0.0998458862304688
0.00982666015624999 0.0537300109863281 0.0392303466796875 -0.0884475708007813
0.000537872314453128 0.0650291442871094 0.0865631103515625 -0.0389556884765625
0.0379714965820313 0.0307502746582031 0.0404891967773438 -0.0103721618652344
0.0256156921386719 -0.00187110900878906 0.0382308959960938 0.0171661376953125
0.0146980285644531 -0.0126743316650391 0.0718917846679688 0.00370025634765625
0.00306034088134765 -0.0160903930664062 0.0751953125 -0.0342483520507813
-0.0110158920288086 -0.0148248672485352 0.05413818359375 -0.069305419921875
-0.0108566284179687 -0.0196876525878906 0.0312957763671875 -0.079620361328125
-0.00561714172363281 -0.0197181701660156 0.0209083557128906 -0.0637969970703125
-0.00978279113769531 -0.0259647369384766 0.0224418640136719 -0.0437088012695313
0.00596809387207031 -0.03472900390625 0.0219802856445313 -0.0237636566162109
0.032501220703125 -0.0271663665771484 0.000669956207275392 -0.00817489624023438
0.046356201171875 -0.00228118896484375 -0.0145912170410156 -0.0197029113769531
0.0382537841796875 0.0420684814453125 -0.0139236450195313 -0.061126708984375
0.0182647705078125 0.0757522583007812 0.0129928588867187 -0.0853347778320312
-0.0130081176757812 0.0814056396484375 0.0316238403320313 -0.0670318603515625
-0.0300674438476563 0.0882949829101563 0.085235595703125 -0.00959014892578124
0.018768310546875 0.0694999694824219 0.0456695556640625 0.0129623413085938
0.0281772613525391 0.0343704223632813 0.0449676513671875 0.0313148498535156
0.039947509765625 0.0103950500488281 0.0786056518554688 0.0158157348632813
0.0328483581542969 -0.0116329193115234 0.0796737670898438 -0.0246505737304688
0.0168342590332031 -0.0307788848876953 0.0583686828613281 -0.0633010864257813
0.0091094970703125 -0.0402793884277344 0.0361175537109375 -0.0697669982910156
0.0114212036132812 -0.0380363464355469 0.0228614807128906 -0.0522384643554688
0.0107765197753906 -0.0452384948730469 0.0231838226318359 -0.0317516326904297
0.029083251953125 -0.044647216796875 0.0199966430664063 -0.0129642486572266
0.052581787109375 -0.0241432189941406 -0.0023353099822998 0.00342607498168945
0.0623703002929688 0.00922012329101563 -0.0188713073730469 -0.00737762451171875
0.0424423217773438 0.0591049194335938 -0.0239906311035156 -0.0482711791992187
0.0084075927734375 0.096893310546875 0.000942230224609369 -0.0629196166992188
-0.0290374755859375 0.100120544433594 0.0170097351074219 -0.0400772094726563
-0.06024169921875 0.0945053100585938 0.070404052734375 0.02801513671875
-0.009521484375 0.0974578857421875 0.0367889404296875 0.046478271484375
0.023193359375 0.0705337524414063 0.0440597534179688 0.0490608215332031
0.0582351684570312 0.0387992858886719 0.0756378173828125 0.029022216796875
0.0603294372558594 -0.00037384033203125 0.0747833251953125 -0.0104904174804688
0.0457229614257813 -0.0391006469726563 0.0552558898925781 -0.0487518310546875
0.02606201171875 -0.0557899475097656 0.0346794128417969 -0.0501976013183594
0.027313232421875 -0.0497856140136719 0.0224342346191406 -0.0317935943603516
0.0279617309570312 -0.0573081970214844 0.0188484191894531 -0.0146732330322266
0.0440139770507812 -0.04998779296875 0.0141458511352539 0.000433921813964841
0.0652084350585937 -0.0212898254394531 -0.00787162780761719 0.0151386260986328
0.0729598999023438 0.0144882202148438 -0.0222930908203125 0.00325393676757812
0.042388916015625 0.0680999755859375 -0.0290985107421875 -0.0321388244628906
0.00114440917968751 0.103416442871094 -0.003570556640625 -0.036712646484375
-0.041748046875 0.105918884277344 0.00133895874023437 -0.00822877883911132
-0.0775680541992187 0.0828399658203125 0.0448493957519531 0.0636482238769531
-0.036895751953125 0.100128173828125 0.0219039916992188 0.0775833129882812
0.00601196289062499 0.0908126831054688 0.0362548828125 0.0665969848632813
0.0590934753417969 0.0648994445800781 0.0642929077148438 0.0415878295898438
0.0736541748046875 0.0145187377929688 0.0593109130859375 0.00333404541015625
0.0647354125976563 -0.0381851196289063 0.0445365905761719 -0.0288162231445313
0.0416755676269531 -0.0604057312011719 0.0288562774658203 -0.0240116119384766
0.0398979187011719 -0.0556068420410156 0.0164308547973633 -0.00793933868408203
0.0409927368164062 -0.0620613098144531 0.0137662887573242 0.00709724426269531
0.0573539733886719 -0.0512275695800781 0.006256103515625 0.0171213150024414
0.0710601806640625 -0.0157852172851563 -0.0137538909912109 0.0254554748535156
0.0728378295898438 0.01947021484375 -0.0263004302978516 0.0110492706298828
0.0355300903320312 0.071380615234375 -0.0295276641845703 -0.0197601318359375
-0.00828552246093751 0.099761962890625 -0.00277233123779297 -0.0103073120117187
-0.051422119140625 0.0968093872070313 -0.0165691375732422 0.0212764739990234
-0.0792160034179687 0.0550689697265625 0.013397216796875 0.0898895263671875
-0.054443359375 0.0808944702148438 -0.00119781494140625 0.102806091308594
-0.0164871215820313 0.08758544921875 0.0235214233398438 0.075408935546875
0.0428543090820312 0.0729598999023438 0.04632568359375 0.0501136779785156
0.06866455078125 0.0269966125488281 0.0394477844238281 0.0128440856933594
0.072174072265625 -0.0286941528320312 0.0265312194824219 -0.00661659240722657
0.0498313903808594 -0.0553665161132812 0.0150146484375 0.00306129455566406
0.0432624816894531 -0.0488052368164063 0.0101785659790039 0.0172824859619141
0.0481300354003906 -0.0575103759765625 0.00445175170898437 0.0298919677734375
0.0597572326660156 -0.0459403991699219 -0.0056610107421875 0.0344676971435547
0.0722579956054688 -0.00848388671875 -0.0226650238037109 0.0336627960205078
0.0673561096191406 0.0287437438964844 -0.0302391052246094 0.0145149230957031
0.0223846435546875 0.0705032348632813 -0.0254344940185547 -0.0126876831054687
-0.0247421264648438 0.0863418579101563 -0.00182437896728516 0.0122013092041016
-0.0609970092773438 0.0755615234375 -0.0359268188476563 0.0465736389160156
-0.0661735534667969 0.0178260803222656 -0.0128860473632813 0.103034973144531
-0.0593147277832031 0.0442619323730469 -0.0179901123046875 0.11273193359375
-0.03070068359375 0.0591087341308594 0.0130844116210938 0.0774765014648438
0.0172042846679688 0.0655593872070313 0.0271530151367187 0.0495071411132813
0.0493888854980469 0.0340118408203125 0.0174522399902344 0.019561767578125
0.0635719299316406 -0.013153076171875 0.0073537826538086 0.0112667083740234
0.0482711791992188 -0.0403633117675781 0.00212860107421875 0.0268783569335938
0.0416755676269531 -0.0375137329101563 -0.000400543212890623 0.0398216247558594
0.0471153259277344 -0.0448684692382813 -0.00532913208007813 0.0506019592285156
0.0576324462890625 -0.0343399047851562 -0.0190086364746094 0.0489234924316406
0.0651321411132813 0.00014495849609375 -0.035614013671875 0.0388412475585937
0.05462646484375 0.0316543579101563 -0.0378150939941406 0.0149002075195313
0.00763320922851563 0.0656776428222656 -0.0251598358154297 -0.00778770446777343
-0.03948974609375 0.0670280456542969 -0.007568359375 0.0257434844970703
-0.0660781860351563 0.0446128845214844 -0.0563926696777344 0.06005859375
-0.0387802124023437 -0.0225906372070313 -0.0299835205078125 0.104621887207031
-0.0477180480957031 0.000370025634765627 -0.0271835327148438 0.108551025390625
-0.0364265441894531 0.0202445983886719 0.0088348388671875 0.0716705322265625
-0.0097503662109375 0.0419998168945313 0.0161552429199219 0.041961669921875
0.0209617614746094 0.0310573577880859 0.00391197204589844 0.0181407928466797
0.0427055358886719 0.00405502319335938 -0.00818634033203125 0.021820068359375
0.0402259826660156 -0.0191383361816406 -0.0104904174804687 0.0426902770996094
0.0340499877929688 -0.0209369659423828 -0.00821685791015626 0.0580406188964844
0.0388565063476563 -0.0273246765136719 -0.0149497985839844 0.0661392211914063
0.0487937927246094 -0.0182418823242188 -0.0326499938964844 0.0601921081542969
0.0500564575195313 0.00846481323242188 -0.0479965209960938 0.0435295104980469
0.0402450561523438 0.0337295532226563 -0.0458297729492188 0.0126953125
-0.00860214233398438 0.0543479919433594 -0.0275764465332031 -0.00752639770507812
-0.0481719970703125 0.0383071899414062 -0.0171852111816406 0.0345134735107422
-0.0628089904785156 0.00713729858398438 -0.0780868530273437 0.063873291015625
0.0288543701171875 0.0313682556152344 0.0731964111328125 -0.0605087280273438
0.0437850952148437 -0.0107154846191406 0.0286102294921875 -0.0262279510498047
0.0121612548828125 -0.0340652465820313 0.0299854278564453 0.00833892822265625
-0.0144596099853516 -0.0290374755859375 0.0599212646484375 -0.00563430786132813
-0.0248680114746094 -0.0130691528320313 0.0628814697265625 -0.0418472290039063
-0.0326061248779297 0.00594520568847656 0.0408401489257813 -0.0704193115234375
-0.0245723724365234 0.00702857971191407 0.0178070068359375 -0.0782241821289063
-0.0213813781738281 0.0023193359375 0.0106735229492187 -0.0646705627441406
-0.0289745330810547 -0.0017242431640625 0.0139503479003906 -0.0484466552734375
-0.0200328826904297 -0.0207767486572266 0.0165252685546875 -0.0320339202880859
0.00333404541015625 -0.0318889617919922 0.00130081176757812 -0.0180320739746094
0.0246505737304688 -0.0204334259033203 -0.00900459289550781 -0.0303077697753906
0.0402488708496094 0.0108680725097656 -0.0030517578125 -0.0700645446777344
0.0358161926269531 0.0395545959472656 0.0193252563476563 -0.0990447998046875
0.0136184692382813 0.0507316589355469 0.0352935791015625 -0.0905380249023438
0.00359344482421875 0.0644340515136719 0.0840530395507812 -0.0433425903320312
0.0379257202148438 0.0284805297851563 0.0378150939941406 -0.0125579833984375
0.0241851806640625 -0.002899169921875 0.0372581481933594 0.0166816711425781
0.0129470825195312 -0.0145063400268555 0.06964111328125 0.00186538696289062
0.00166130065917969 -0.0159883499145508 0.0716323852539063 -0.03729248046875
-0.0107717514038086 -0.0136833190917969 0.0501251220703125 -0.0720367431640625
-0.0106563568115234 -0.0177192687988281 0.025909423828125 -0.0797500610351563
-0.00620269775390625 -0.0197010040283203 0.0161170959472656 -0.0643577575683594
-0.0104122161865234 -0.0244655609130859 0.0174560546875 -0.0456695556640625
0.0052032470703125 -0.0332622528076172 0.0197620391845703 -0.0267066955566406
0.0299129486083984 -0.02752685546875 0.00172615051269531 -0.0100212097167969
0.0447845458984375 -0.0043792724609375 -0.0119075775146484 -0.0201339721679688
0.0410270690917969 0.0394248962402344 -0.0149726867675781 -0.0585098266601563
0.0220565795898438 0.07208251953125 0.00891876220703126 -0.0840225219726562
-0.00784301757812499 0.080230712890625 0.0286064147949219 -0.0694084167480469
-0.025848388671875 0.0880584716796875 0.0837936401367188 -0.014007568359375
0.020782470703125 0.0669708251953125 0.042877197265625 0.0102348327636719
0.0298213958740234 0.0343284606933594 0.0429420471191406 0.0303001403808594
0.0398674011230469 0.0083160400390625 0.0765304565429687 0.012725830078125
0.0329475402832031 -0.0128078460693359 0.076629638671875 -0.0277938842773438
0.0151424407958984 -0.0306148529052734 0.0545005798339844 -0.0659103393554688
0.0059356689453125 -0.0403251647949219 0.0310134887695313 -0.0715255737304688
0.00953292846679687 -0.0386238098144531 0.0189208984375 -0.05389404296875
0.00833511352539062 -0.0443954467773438 0.0193881988525391 -0.0341262817382813
0.0260353088378906 -0.0446319580078125 0.0187835693359375 -0.0164356231689453
0.0508537292480469 -0.02587890625 -0.00170004367828369 -0.000163793563842775
0.0617294311523438 0.00508880615234375 -0.0170669555664062 -0.0091543197631836
0.0447845458984375 0.0570144653320313 -0.0248794555664062 -0.0449409484863281
0.0133743286132812 0.0944290161132813 -0.000606536865234373 -0.0625
-0.023406982421875 0.0994873046875 0.0161895751953125 -0.0419197082519531
-0.0545730590820312 0.0967330932617188 0.0710525512695313 0.0219879150390625
-0.0053253173828125 0.0960235595703125 0.0381317138671875 0.0423698425292969
0.02532958984375 0.0702438354492188 0.0435295104980469 0.0469207763671875
0.0595130920410156 0.0352859497070313 0.0759658813476563 0.0265884399414063
0.0596656799316406 -0.00317001342773438 0.0726394653320313 -0.013885498046875
0.0420112609863281 -0.041534423828125 0.0518989562988281 -0.0507011413574219
0.023529052734375 -0.0560188293457031 0.03118896484375 -0.0518150329589844
0.0239219665527344 -0.0517692565917969 0.0189418792724609 -0.0342597961425781
0.0245132446289063 -0.0588722229003906 0.0171604156494141 -0.0163955688476563
0.0420646667480469 -0.0525703430175781 0.0134181976318359 -0.00198745727539063
0.0649986267089844 -0.0246200561523438 -0.00699615478515625 0.0118322372436523
0.0721435546875 0.0103225708007812 -0.0201759338378906 0.00123405456542969
0.0454063415527344 0.065673828125 -0.0293731689453125 -0.0305538177490234
0.00740814208984376 0.103446960449219 -0.00342178344726563 -0.03607177734375
-0.0347213745117188 0.10638427734375 0.00213336944580078 -0.0107965469360351
-0.0739669799804688 0.086181640625 0.0473709106445312 0.0582199096679688
-0.0323028564453125 0.102409362792969 0.0244598388671875 0.0742034912109375
0.00988006591796876 0.0915603637695313 0.0368156433105469 0.0625114440917969
0.0624313354492188 0.0603713989257813 0.064117431640625 0.0397720336914063
0.0742340087890625 0.0108184814453125 0.0574951171875 0.001617431640625
0.0617561340332031 -0.0414695739746094 0.0412635803222656 -0.0294227600097656
0.0372657775878906 -0.0634002685546875 0.0256099700927734 -0.0257167816162109
0.0351028442382812 -0.0571517944335938 0.0152750015258789 -0.00956439971923828
0.03631591796875 -0.0633697509765625 0.0124244689941406 0.00592327117919922
0.05328369140625 -0.0547981262207031 0.00527286529541016 0.0154962539672852
0.070953369140625 -0.0208053588867188 -0.0135612487792969 0.0220012664794922
0.0740737915039063 0.0162887573242188 -0.0237274169921875 0.00906753540039062
0.0397224426269531 0.0692596435546875 -0.0279655456542969 -0.0190773010253906
-0.00374603271484374 0.100822448730469 -0.001800537109375 -0.0106697082519531
-0.0457000732421875 0.0976638793945313 -0.0140037536621094 0.0196380615234375
-0.0774765014648437 0.0599746704101563 0.0176544189453125 0.0863571166992187
-0.050689697265625 0.08489990234375 0.0035552978515625 0.0984649658203125
-0.010955810546875 0.0878448486328125 0.025390625 0.0728759765625
0.047607421875 0.070465087890625 0.045654296875 0.0473098754882813
0.070648193359375 0.0234832763671875 0.0371360778808594 0.0138053894042969
0.0694236755371094 -0.0318374633789063 0.0256729125976563 -0.00763893127441406
0.0454902648925781 -0.0574836730957031 0.0162563323974609 0.00264739990234375
0.0408897399902344 -0.0530586242675781 0.0098876953125 0.0163211822509766
0.0430908203125 -0.0605087280273437 0.00551795959472656 0.0285587310791016
0.0575141906738281 -0.0498847961425781 -0.005584716796875 0.0330238342285156
0.07135009765625 -0.0136642456054688 -0.0223655700683594 0.0317783355712891
0.0688323974609375 0.0238800048828125 -0.0290737152099609 0.0125484466552734
0.0269851684570313 0.0689849853515625 -0.024169921875 -0.0119476318359375
-0.0185470581054687 0.0887908935546875 0.000909805297851561 0.00988006591796876
-0.0556793212890625 0.078125 -0.0309677124023438 0.045257568359375
-0.0654754638671875 0.0219993591308594 -0.00772094726562501 0.1021728515625
-0.0556602478027344 0.048248291015625 -0.0138626098632813 0.109031677246094
-0.0271530151367188 0.0628509521484375 0.0144424438476562 0.0738906860351563
0.02227783203125 0.0632057189941406 0.0270233154296875 0.0469589233398438
0.0518875122070313 0.0311470031738281 0.0172138214111328 0.0201759338378906
0.0624008178710938 -0.0171165466308594 0.0078878402709961 0.0117340087890625
0.0453681945800781 -0.042694091796875 0.00450515747070313 0.0270671844482422
0.0396270751953125 -0.0416717529296875 0.00222396850585938 0.0394096374511719
0.0425834655761719 -0.0489997863769531 -0.0029144287109375 0.049102783203125
0.0549201965332031 -0.038543701171875 -0.0178451538085937 0.0480537414550781
0.0643272399902344 -0.00484085083007813 -0.0335464477539062 0.0384254455566406
0.057342529296875 0.0285797119140625 -0.0352783203125 0.0139999389648437
0.0116729736328125 0.0647354125976563 -0.0244522094726563 -0.00795936584472656
-0.0346183776855469 0.0697135925292969 -0.00479316711425781 0.0249767303466797
-0.0624465942382813 0.0484619140625 -0.0525588989257812 0.0613136291503906
-0.0420799255371094 -0.01904296875 -0.0242385864257813 0.10400390625
-0.0468635559082031 0.00477600097656251 -0.0225448608398437 0.107139587402344
-0.0353889465332031 0.0240707397460937 0.0104141235351562 0.0683860778808594
-0.00544357299804687 0.0426712036132813 0.0155715942382813 0.0408668518066406
0.0252132415771484 0.0297756195068359 0.00257301330566407 0.0194988250732422
0.0433349609375 -0.0002288818359375 -0.00765037536621093 0.0232620239257813
0.0374984741210938 -0.0225105285644531 -0.00761795043945313 0.044525146484375
0.0323066711425781 -0.023773193359375 -0.00453948974609375 0.0566139221191406
0.0366744995117188 -0.0313987731933594 -0.0112724304199219 0.0657005310058594
0.0451393127441406 -0.0229110717773438 -0.0303421020507813 0.06011962890625
0.0502052307128906 0.00378036499023437 -0.0457229614257813 0.0430641174316406
0.0410194396972656 0.030792236328125 -0.04443359375 0.0134315490722656
-0.0043792724609375 0.0530967712402344 -0.0271492004394531 -0.00717353820800781
-0.0452041625976563 0.0428810119628906 -0.0144939422607422 0.0331993103027344
-0.0609970092773438 0.0126152038574219 -0.0727920532226563 0.0664825439453125
0.0293369293212891 0.0301723480224609 0.0716400146484375 -0.0610275268554687
0.0422134399414063 -0.0118637084960938 0.0263042449951172 -0.0260257720947266
0.0113029479980469 -0.0334262847900391 0.0291728973388672 0.00945281982421875
-0.0151176452636719 -0.0275306701660156 0.0596504211425781 -0.00580596923828125
-0.0252799987792969 -0.0120296478271484 0.0623664855957031 -0.0423660278320313
-0.0319023132324219 0.00820541381835937 0.0406265258789063 -0.0713424682617188
-0.0236339569091797 0.00718116760253906 0.0164871215820313 -0.0791168212890625
-0.0202655792236328 0.003082275390625 0.00854110717773437 -0.0652008056640625
-0.0281620025634766 -0.000238418579101566 0.01220703125 -0.0495491027832031
-0.0200881958007813 -0.0186061859130859 0.0147666931152344 -0.0340595245361328
0.00145912170410156 -0.0309371948242188 0.00225830078125 -0.0200843811035156
0.023223876953125 -0.0212955474853516 -0.00736045837402344 -0.0311336517333984
0.0399169921875 0.00844573974609375 -0.0016937255859375 -0.0686874389648437
0.0365447998046875 0.0366287231445313 0.0189361572265625 -0.098541259765625
0.0148086547851563 0.0494880676269531 0.0339279174804687 -0.091796875
0.00531005859375001 0.0640449523925781 0.0817108154296875 -0.0448684692382812
0.0375251770019531 0.0275802612304688 0.0356712341308594 -0.0142822265625
0.0233154296875 -0.00238037109375 0.0357093811035156 0.0164794921875
0.012425422668457 -0.0136127471923828 0.06927490234375 0.00127410888671875
0.00152587890625 -0.0148038864135742 0.0722579956054688 -0.0384979248046875
-0.0104494094848633 -0.0121736526489258 0.0484237670898438 -0.0731353759765625
-0.010716438293457 -0.017268180847168 0.0232772827148438 -0.0813674926757812
-0.00674057006835938 -0.0195579528808594 0.0141410827636719 -0.0645256042480469
-0.0102348327636719 -0.0236167907714844 0.0162887573242187 -0.0471229553222656
0.00398635864257812 -0.0326805114746094 0.0188694000244141 -0.029937744140625
0.0285129547119141 -0.0285930633544922 0.00271224975585938 -0.0125665664672852
0.044464111328125 -0.00506210327148438 -0.00972747802734375 -0.0211372375488281
0.0416259765625 0.037567138671875 -0.01361083984375 -0.0576515197753906
0.0234222412109375 0.07061767578125 0.00848388671875 -0.0842514038085938
-0.00551605224609374 0.079345703125 0.0283126831054688 -0.0722427368164063
-0.0242843627929687 0.0881805419921875 0.082916259765625 -0.0166473388671875
0.02154541015625 0.066436767578125 0.040283203125 0.00838851928710938
0.0301895141601562 0.0345878601074219 0.0413246154785156 0.0299720764160156
0.0402679443359375 0.00802230834960938 0.07647705078125 0.0123977661132812
0.0323486328125 -0.0131683349609375 0.0755615234375 -0.0286941528320313
0.0151004791259766 -0.0306034088134766 0.0526542663574219 -0.0660781860351563
0.0057373046875 -0.0406837463378906 0.0281219482421875 -0.072296142578125
0.00902175903320313 -0.0392913818359375 0.0158958435058594 -0.0549659729003906
0.00743865966796875 -0.0441398620605469 0.0169258117675781 -0.0358047485351563
0.0246353149414063 -0.0453033447265625 0.0171279907226563 -0.0194492340087891
0.0498504638671875 -0.02685546875 -0.00106287002563476 -0.00314807891845703
0.0615959167480469 0.00282669067382812 -0.0151691436767578 -0.0106325149536133
0.0457916259765625 0.0560569763183594 -0.0227737426757812 -0.0441246032714844
0.0159454345703125 0.09356689453125 -0.000606536865234374 -0.062286376953125
-0.020538330078125 0.0994110107421875 0.0161361694335938 -0.0449295043945313
-0.0526885986328125 0.0988006591796875 0.0713729858398438 0.0195693969726563
-0.00374603271484375 0.0961151123046875 0.0370254516601563 0.0396957397460938
0.0269927978515625 0.070526123046875 0.0421142578125 0.046356201171875
0.0599479675292969 0.0351448059082031 0.0750198364257813 0.02545166015625
0.0600013732910156 -0.00558090209960938 0.070465087890625 -0.013824462890625
0.0406608581542969 -0.0420341491699219 0.0498046875 -0.050384521484375
0.021881103515625 -0.0575637817382813 0.0294952392578125 -0.0524101257324219
0.0226097106933594 -0.0538597106933594 0.0162467956542969 -0.0356369018554688
0.0230827331542969 -0.0594711303710937 0.0148468017578125 -0.0183601379394531
0.0409965515136719 -0.0545997619628906 0.0115194320678711 -0.00446414947509766
0.0639305114746094 -0.0266571044921875 -0.00639152526855468 0.00898933410644531
0.0725860595703125 0.00861358642578125 -0.0190582275390625 -0.00051689147949219
0.0470352172851563 0.065277099609375 -0.0280609130859375 -0.0306510925292969
0.0102462768554687 0.103660583496094 -0.003265380859375 -0.0367355346679687
-0.0323028564453125 0.106742858886719 0.00298118591308593 -0.0132293701171875
-0.0727691650390625 0.0894699096679687 0.0481719970703125 0.0560302734375
-0.0298995971679687 0.10382080078125 0.0239334106445312 0.070953369140625
0.0116119384765625 0.0928421020507813 0.0351371765136719 0.0620346069335938
0.0641899108886719 0.0586776733398438 0.0628166198730469 0.0387382507324219
0.0758590698242188 0.008697509765625 0.0575752258300781 0.00168609619140625
0.060791015625 -0.0430870056152344 0.0399055480957031 -0.02923583984375
0.0359611511230469 -0.064178466796875 0.0244655609130859 -0.0263938903808594
0.0331802368164063 -0.0586395263671875 0.0136880874633789 -0.0108842849731445
0.0342292785644531 -0.0657119750976563 0.0100374221801758 0.0044708251953125
0.0504989624023438 -0.0566177368164063 0.00408458709716797 0.0131235122680664
0.0712051391601563 -0.0235366821289063 -0.0130691528320312 0.0200977325439453
0.074951171875 0.0135574340820313 -0.02325439453125 0.00667190551757813
0.0414543151855469 0.0692787170410156 -0.02764892578125 -0.0199127197265625
-0.000679016113281249 0.101295471191406 -0.00103569030761719 -0.0120019912719727
-0.0428466796875 0.0998077392578125 -0.0129222869873047 0.0183620452880859
-0.0771713256835938 0.0626373291015625 0.0196914672851562 0.0855178833007813
-0.0495758056640625 0.0862197875976563 0.004150390625 0.0950927734375
-0.0093841552734375 0.0907974243164063 0.0233230590820312 0.0715103149414063
0.0499610900878906 0.0700912475585938 0.0448799133300781 0.0471992492675781
0.0727386474609375 0.021148681640625 0.0368156433105469 0.0139122009277344
0.0674018859863281 -0.0345840454101563 0.0242500305175781 -0.00676155090332031
0.0437202453613281 -0.0595588684082031 0.0160865783691406 0.00163745880126953
0.0380401611328125 -0.0556297302246094 0.00987339019775391 0.016240119934082
0.0408935546875 -0.0629386901855469 0.00497436523437501 0.0266876220703125
0.055267333984375 -0.0523834228515625 -0.00519943237304687 0.0312423706054687
0.070953369140625 -0.0166244506835938 -0.0224132537841797 0.0304298400878906
0.0705184936523437 0.0206756591796875 -0.0282859802246094 0.0108909606933594
0.0293693542480469 0.0697975158691406 -0.0249118804931641 -0.0125675201416016
-0.0161209106445312 0.090240478515625 0.00046539306640625 0.00880813598632813
-0.0533065795898437 0.0802536010742188 -0.0304183959960938 0.0437049865722656
-0.0656394958496094 0.0247268676757813 -0.00642395019531251 0.101844787597656
-0.054229736328125 0.0506210327148437 -0.0121994018554688 0.106895446777344
-0.0261077880859375 0.0651435852050781 0.0136947631835938 0.0725021362304688
0.024932861328125 0.0642929077148438 0.0264396667480469 0.0463371276855469
0.0536041259765625 0.0287513732910156 0.0167121887207031 0.0212192535400391
0.0613021850585938 -0.0197868347167969 0.00742530822753907 0.0120754241943359
0.0433921813964844 -0.0455398559570313 0.00486564636230469 0.0263919830322266
0.0377693176269531 -0.0444564819335938 0.003082275390625 0.0386848449707031
0.0404853820800781 -0.0515861511230469 -0.00243377685546875 0.04864501953125
0.0538558959960937 -0.0416793823242187 -0.017425537109375 0.0474433898925781
0.0648765563964844 -0.00827789306640625 -0.0337715148925781 0.0373992919921875
0.0586967468261719 0.0268783569335938 -0.0353240966796875 0.0126380920410156
0.0132789611816406 0.0653800964355469 -0.0238628387451172 -0.00850486755371093
-0.0318145751953125 0.0715103149414063 -0.00354576110839844 0.0240993499755859
-0.0603675842285156 0.0508689880371094 -0.0507888793945313 0.0600509643554688
-0.0429916381835938 -0.0168037414550781 -0.0229415893554688 0.103569030761719
-0.0471725463867188 0.00693893432617187 -0.0206375122070313 0.10595703125
-0.0348701477050781 0.0268173217773438 0.00961685180664063 0.06689453125
-0.00259017944335938 0.0437393188476563 0.0143241882324219 0.0406036376953125
0.0267715454101563 0.0293560028076172 0.00202560424804688 0.0214099884033203
0.0429000854492188 -0.00333786010742188 -0.00731468200683593 0.024658203125
0.0357666015625 -0.0241546630859375 -0.00539016723632813 0.0439682006835938
0.031219482421875 -0.0256061553955078 -0.0030975341796875 0.0562934875488281
0.0349140167236328 -0.0325508117675781 -0.00979232788085938 0.0651626586914063
0.0442008972167969 -0.02587890625 -0.0294456481933594 0.0598945617675781
0.0505523681640625 0.00124359130859375 -0.0452461242675781 0.0426864624023437
0.0420570373535156 0.0290107727050781 -0.0442276000976563 0.0124588012695313
-0.0029144287109375 0.0537643432617188 -0.0270595550537109 -0.00757980346679688
-0.0430107116699219 0.0449485778808594 -0.0119380950927734 0.0326080322265625
-0.0598983764648438 0.0148506164550781 -0.0716476440429688 0.0664520263671875
0.0303115844726563 0.0291004180908203 0.07330322265625 -0.0636672973632813
0.0424079895019531 -0.0124969482421875 0.0254402160644531 -0.0264301300048828
0.00992012023925782 -0.0333766937255859 0.0294704437255859 0.0100612640380859
-0.0159912109375 -0.0274238586425781 0.06097412109375 -0.00513839721679688
-0.0268478393554688 -0.0108795166015625 0.0633697509765625 -0.0438308715820313
-0.0310993194580078 0.00927734374999999 0.040863037109375 -0.074554443359375
-0.0235271453857422 0.00856590270996094 0.0153732299804687 -0.0813674926757813
-0.0209407806396484 0.00354957580566406 0.00678253173828125 -0.0670661926269531
-0.0282649993896484 0.000852584838867186 0.0106964111328125 -0.0512962341308594
-0.0211219787597656 -0.0171394348144531 0.0151863098144531 -0.0371513366699219
0.000328063964843749 -0.0311985015869141 0.00290870666503906 -0.0223293304443359
0.0228652954101563 -0.0219841003417969 -0.00540351867675781 -0.03277587890625
0.0413551330566406 0.00685501098632813 -0.000331878662109374 -0.0688552856445313
0.0385818481445313 0.0354194641113281 0.019561767578125 -0.0999679565429687
0.0164337158203125 0.0485191345214844 0.03515625 -0.0957260131835938
0.00571441650390625 0.0649337768554688 0.083465576171875 -0.0460891723632812
0.0382423400878906 0.0273056030273438 0.034698486328125 -0.0149612426757812
0.0234870910644531 -0.00174331665039063 0.0355606079101563 0.0182609558105469
0.012944221496582 -0.0129871368408203 0.0719451904296875 0.00103759765625
0.00188064575195312 -0.0149526596069336 0.0728607177734375 -0.0397491455078125
-0.00962638854980469 -0.0115537643432617 0.0492706298828125 -0.07562255859375
-0.0104160308837891 -0.0181655883789062 0.0226516723632812 -0.0836334228515625
-0.00737762451171875 -0.0195941925048828 0.0113639831542969 -0.0668487548828125
-0.0108070373535156 -0.0231704711914063 0.0142021179199219 -0.05023193359375
0.00365257263183594 -0.0328369140625 0.0180149078369141 -0.0334415435791016
0.0276851654052734 -0.0291004180908203 0.0032339096069336 -0.0158014297485352
0.0452651977539063 -0.00612640380859375 -0.00860977172851562 -0.0233726501464844
0.0430679321289063 0.0376434326171875 -0.0116081237792969 -0.0586433410644531
0.0250778198242188 0.0716705322265625 0.00891876220703125 -0.0848617553710938
-0.00466156005859375 0.080535888671875 0.0288467407226563 -0.0758209228515625
-0.023773193359375 0.0912246704101563 0.084991455078125 -0.0178909301757812
0.0221519470214844 0.0677986145019531 0.0396461486816406 0.00746917724609376
0.0311927795410156 0.0363922119140625 0.0417861938476563 0.0302734375
0.0416336059570312 0.00814437866210938 0.0769805908203125 0.0122909545898438
0.0338783264160156 -0.0138835906982422 0.0775680541992188 -0.0296554565429687
0.0157585144042969 -0.0307331085205078 0.0532455444335937 -0.0678596496582031
0.00513839721679687 -0.0411643981933594 0.0272750854492187 -0.0745162963867188
0.00798797607421875 -0.0397872924804688 0.0146675109863281 -0.0572776794433594
0.00726699829101563 -0.0452232360839844 0.014923095703125 -0.0378913879394531
0.0250778198242188 -0.0464019775390625 0.0165519714355469 -0.0233631134033203
0.050018310546875 -0.0285682678222656 -0.000692367553710934 -0.00514793395996094
0.0627861022949219 0.00250625610351563 -0.0140323638916016 -0.0126810073852539
0.0471763610839844 0.0568389892578125 -0.0219955444335937 -0.0454444885253906
0.0178985595703125 0.0952224731445313 -0.000202178955078125 -0.063690185546875
-0.0190658569335938 0.101463317871094 0.0168647766113281 -0.0481719970703125
-0.0526199340820313 0.102325439453125 0.072540283203125 0.0173721313476563
-0.00243377685546875 0.0984649658203125 0.0363807678222656 0.0384025573730469
0.0288848876953125 0.0742263793945313 0.0413475036621094 0.0474891662597656
0.062896728515625 0.0347976684570313 0.0753021240234375 0.026092529296875
0.0619697570800781 -0.00605392456054688 0.0721206665039063 -0.0141830444335938
0.0417709350585938 -0.0426902770996094 0.050079345703125 -0.0519943237304688
0.0218429565429687 -0.05914306640625 0.0286712646484375 -0.0548782348632813
0.0223045349121094 -0.0553436279296875 0.0154495239257813 -0.0383758544921875
0.0228195190429688 -0.0614547729492188 0.0139350891113281 -0.0197696685791016
0.0401268005371094 -0.0560455322265625 0.0111236572265625 -0.00674152374267578
0.0660400390625 -0.0288047790527344 -0.00666046142578125 0.00628423690795898
0.0754470825195313 0.0069427490234375 -0.0180282592773437 -0.0028533935546875
0.0496826171875 0.0665931701660156 -0.0275039672851562 -0.0319347381591797
0.0117263793945313 0.105918884277344 -0.00252914428710937 -0.0383529663085938
-0.0319976806640625 0.109649658203125 0.0035409927368164 -0.0152063369750976
-0.07330322265625 0.09368896484375 0.04986572265625 0.0561408996582031
-0.029388427734375 0.107673645019531 0.0236587524414063 0.0706863403320313
0.0137100219726562 0.0971527099609375 0.0339469909667969 0.0629119873046875
0.0670585632324219 0.0601081848144531 0.0632591247558594 0.0404701232910156
0.0772247314453125 0.0080718994140625 0.0579910278320313 0.00238418579101563
0.0619850158691406 -0.0447959899902344 0.0402412414550781 -0.0290374755859375
0.0354957580566406 -0.0668754577636719 0.0242233276367188 -0.0282440185546875
0.0329246520996094 -0.0618896484375 0.0140600204467773 -0.0125980377197266
0.0336685180664063 -0.0691452026367188 0.00914764404296875 0.00323390960693359
0.0501632690429687 -0.06024169921875 0.00336647033691406 0.0121994018554687
0.072845458984375 -0.0261688232421875 -0.0137786865234375 0.0188941955566406
0.0778656005859375 0.01251220703125 -0.0227336883544922 0.00440597534179687
0.0437240600585938 0.0714111328125 -0.0265827178955078 -0.0203533172607422
0.00121307373046876 0.104782104492188 -0.000738143920898437 -0.0138349533081055
-0.042572021484375 0.103233337402344 -0.0123281478881836 0.0161008834838867
-0.078155517578125 0.066864013671875 0.0210494995117187 0.0859527587890625
-0.04986572265625 0.0898513793945313 0.0048065185546875 0.0945968627929688
-0.00736236572265626 0.0949630737304688 0.0230865478515625 0.0730361938476563
0.0541152954101563 0.071929931640625 0.0443801879882812 0.0473060607910156
0.075836181640625 0.02044677734375 0.03729248046875 0.01568603515625
0.0693473815917969 -0.0366134643554688 0.0240154266357422 -0.00562667846679688
0.0434188842773437 -0.062591552734375 0.0164651870727539 0.000742912292480465
0.0384902954101563 -0.0584564208984375 0.00971412658691406 0.0142574310302734
0.0405769348144531 -0.0668716430664063 0.00419044494628907 0.02734375
0.0556221008300781 -0.0560989379882813 -0.00689888000488281 0.0303306579589844
0.0736083984375 -0.0195465087890625 -0.0235652923583984 0.0294017791748047
0.073394775390625 0.0193557739257813 -0.0289325714111328 0.00944137573242187
0.0313720703125 0.07208251953125 -0.0251426696777344 -0.0134735107421875
-0.0143508911132813 0.0934982299804688 0.00184917449951172 0.00660181045532227
-0.0533828735351563 0.0833587646484375 -0.0298652648925781 0.0431938171386719
-0.0675048828125 0.0278244018554688 -0.00580596923828125 0.103446960449219
-0.0554847717285156 0.0538101196289062 -0.0124130249023438 0.107353210449219
-0.0254631042480469 0.0691604614257813 0.0130691528320313 0.0732040405273438
0.0275917053222656 0.0649223327636719 0.0261306762695312 0.0477790832519531
0.0572357177734375 0.0281105041503906 0.0172328948974609 0.0230083465576172
0.0626487731933594 -0.0218162536621094 0.00738525390625 0.0144186019897461
0.0431060791015625 -0.0483856201171875 0.00595664978027344 0.0270156860351563
0.037139892578125 -0.0469322204589844 0.00425720214843751 0.0385360717773438
0.039947509765625 -0.0548210144042969 -0.00278091430664063 0.0486793518066406
0.053192138671875 -0.0446968078613281 -0.0182685852050781 0.04766845703125
0.0670623779296875 -0.0108642578125 -0.0342254638671875 0.0380630493164063
0.06201171875 0.0256195068359375 -0.0356826782226563 0.0122833251953125
0.0153312683105469 0.067718505859375 -0.0249462127685547 -0.00926971435546875
-0.0300445556640625 0.0754241943359375 -0.00185012817382813 0.0236148834228516
-0.0605010986328125 0.0537986755371094 -0.0505294799804688 0.0612564086914063
-0.0456123352050781 -0.0152168273925781 -0.0232772827148438 0.106880187988281
-0.0481719970703125 0.00907516479492187 -0.0208282470703125 0.107246398925781
-0.0359611511230469 0.0302009582519531 0.00839996337890624 0.0683555603027344
0.000102996826171872 0.0443115234375 0.0124893188476563 0.0422630310058594
0.0286598205566406 0.028472900390625 0.00182723999023438 0.023773193359375
0.0444297790527344 -0.00532913208007813 -0.00673294067382812 0.0270824432373047
0.0356903076171875 -0.026397705078125 -0.00288009643554688 0.0449256896972656
0.0313987731933594 -0.0281505584716797 -0.00177764892578125 0.0568122863769531
0.0351524353027344 -0.0350532531738281 -0.00937271118164063 0.0670318603515625
0.0444984436035156 -0.0279655456542969 -0.0302352905273437 0.0611495971679688
0.0525741577148438 -0.0008087158203125 -0.0469398498535156 0.0432777404785156
0.0440139770507812 0.0280342102050781 -0.0458259582519531 0.0123252868652344
-0.000873565673828125 0.0551567077636719 -0.0273075103759766 -0.00866508483886718
-0.0425605773925781 0.047821044921875 -0.0110912322998047 0.0318279266357422
-0.0591354370117187 0.0167236328125 -0.0718460083007812 0.0690765380859375
0.0325889587402344 0.0292091369628906 0.0757675170898438 -0.0673599243164063
0.0427665710449219 -0.0148468017578125 0.0245761871337891 -0.0277290344238281
0.00988006591796875 -0.0356063842773438 0.0304698944091797 0.0109329223632812
-0.0181407928466797 -0.0271549224853516 0.0638847351074219 -0.00565338134765625
-0.0285415649414063 -0.00975418090820313 0.065399169921875 -0.0474624633789062
-0.0315666198730469 0.0122642517089844 0.0417556762695313 -0.0794677734375
-0.0238971710205078 0.0107364654541016 0.0133819580078125 -0.0855484008789063
-0.0216121673583984 0.00524711608886718 0.00502777099609374 -0.0703201293945313
-0.0281982421875 0.00322532653808594 0.00843429565429687 -0.0551376342773438
-0.0228710174560547 -0.0166053771972656 0.0136222839355469 -0.0412673950195312
-0.00213050842285156 -0.0319423675537109 0.00321388244628906 -0.0257682800292969
0.0225143432617188 -0.0239639282226563 -0.00415992736816406 -0.0350627899169922
0.0430526733398438 0.005340576171875 -0.00075531005859375 -0.0715713500976563
0.0411109924316406 0.0351104736328125 0.018768310546875 -0.104217529296875
0.0194664001464844 0.0495681762695313 0.0353164672851563 -0.102119445800781
0.00782394409179687 0.0671653747558594 0.0866470336914063 -0.0508956909179687
0.0398368835449219 0.0279426574707031 0.0342235565185547 -0.0163650512695313
0.0247383117675781 -0.00206375122070313 0.0371437072753906 0.0192527770996094
0.0127887725830078 -0.0142068862915039 0.0738601684570313 0.00139617919921875
0.00129222869873047 -0.0152339935302734 0.07470703125 -0.043304443359375
-0.00973701477050781 -0.0111007690429688 0.0500640869140625 -0.0806961059570313
-0.0109586715698242 -0.0174331665039062 0.0203781127929687 -0.0880661010742188
-0.00778388977050781 -0.0202827453613281 0.00953674316406249 -0.0706634521484375
-0.0111370086669922 -0.0233135223388672 0.0127754211425781 -0.0534591674804688
0.00318717956542969 -0.0336265563964844 0.0166206359863281 -0.0377235412597656
0.0275821685791016 -0.0307140350341797 0.00349807739257813 -0.0188751220703125
0.0463447570800781 -0.00806045532226562 -0.00784492492675781 -0.0257015228271484
0.0457420349121094 0.0379600524902344 -0.0117759704589844 -0.060546875
0.0284957885742187 0.0733718872070312 0.00848388671875001 -0.0890045166015625
-0.0021209716796875 0.0839309692382813 0.0292739868164063 -0.0815582275390625
-0.0219573974609375 0.096466064453125 0.0881118774414063 -0.0218429565429687
0.0244140625 0.070892333984375 0.0399894714355469 0.00652694702148438
0.0343666076660156 0.0387039184570313 0.0424346923828125 0.032135009765625
0.0439300537109375 0.00794601440429688 0.0802383422851563 0.0120697021484375
0.0345954895019531 -0.0154552459716797 0.0791473388671875 -0.0323410034179688
0.0165061950683594 -0.0320167541503906 0.053741455078125 -0.0722885131835938
0.00452804565429687 -0.0438270568847656 0.0257568359375 -0.0796356201171875
0.00689315795898438 -0.0431327819824219 0.0127105712890625 -0.0610237121582031
0.006622314453125 -0.0478363037109375 0.0130348205566406 -0.0417366027832031
0.0243148803710938 -0.0487098693847656 0.0151710510253906 -0.0267162322998047
0.0513267517089844 -0.0319900512695313 -0.000638484954833982 -0.00844335556030274
0.0658760070800781 0.000743865966796875 -0.0128517150878906 -0.0151643753051758
0.0516777038574219 0.0588836669921875 -0.0223655700683594 -0.046600341796875
0.02166748046875 0.0990447998046875 -0.000240325927734378 -0.0667076110839844
-0.01739501953125 0.106521606445313 0.0181732177734375 -0.0527381896972656
-0.0521011352539063 0.110374450683594 0.07666015625 0.0164794921875
-0.000259399414062502 0.103919982910156 0.0365676879882813 0.0379600524902344
0.0330047607421875 0.078704833984375 0.0422744750976563 0.0491676330566406
0.0670509338378906 0.0354499816894531 0.0784378051757813 0.0268707275390625
0.0655288696289063 -0.00848007202148438 0.0751419067382813 -0.01629638671875
0.0432472229003906 -0.0464057922363281 0.0514373779296875 -0.0540313720703125
0.0209121704101563 -0.0635337829589844 0.0275955200195312 -0.0587692260742188
0.0207366943359375 -0.0598411560058594 0.0142059326171875 -0.0405311584472656
0.0214462280273438 -0.0659255981445313 0.0121040344238281 -0.0220108032226563
0.0403785705566406 -0.0608749389648438 0.00990962982177734 -0.0103235244750977
0.0679512023925781 -0.032989501953125 -0.00718021392822265 0.00424671173095703
0.0786361694335938 0.00527191162109375 -0.0181980133056641 -0.00445938110351563
0.0542755126953125 0.0695037841796875 -0.0275669097900391 -0.0325756072998047
0.0166702270507812 0.111671447753906 -0.00287628173828124 -0.0408821105957031
-0.030303955078125 0.115753173828125 0.00454521179199219 -0.0187816619873047
-0.0739517211914063 0.101898193359375 0.0530319213867188 0.0558547973632813
-0.028045654296875 0.113990783691406 0.024871826171875 0.0709991455078125
0.0180282592773437 0.102676391601563 0.0358161926269531 0.0651283264160156
0.0735855102539063 0.0611343383789063 0.0664520263671875 0.0410614013671875
0.0827560424804688 0.0045318603515625 0.0608177185058594 0.0024566650390625
0.0641059875488281 -0.0491981506347656 0.0409088134765625 -0.030303955078125
0.0343399047851563 -0.071990966796875 0.0242443084716797 -0.0303459167480469
0.0318946838378906 -0.0669898986816406 0.0133047103881836 -0.0145282745361328
0.032928466796875 -0.0749359130859375 0.0086050033569336 0.00282239913940429
0.0507164001464844 -0.0653800964355469 0.00266456604003907 0.00983810424804687
0.0761260986328125 -0.0308456420898438 -0.0145473480224609 0.0181255340576172
0.08258056640625 0.0101547241210937 -0.0234527587890625 0.00368499755859375
0.0493011474609375 0.0745697021484375 -0.027862548828125 -0.021881103515625
0.00571441650390624 0.111305236816406 -0.000433921813964842 -0.0152359008789062
-0.0418319702148437 0.1099853515625 -0.01153564453125 0.0147905349731445
-0.0806732177734375 0.0735092163085937 0.02276611328125 0.0891342163085938
-0.04888916015625 0.096923828125 0.00512695312500001 0.0972900390625
-0.0047760009765625 0.102371215820313 0.0238418579101563 0.0749893188476562
0.0590057373046875 0.0732192993164063 0.0464324951171875 0.0485420227050781
0.0805740356445313 0.0183181762695313 0.0391273498535156 0.0167045593261719
0.0715179443359375 -0.0412139892578125 0.0250339508056641 -0.00448799133300781
0.0428581237792969 -0.0678176879882813 0.0165882110595703 0.000450134277343746
0.0374641418457031 -0.0645904541015625 0.009918212890625 0.0139751434326172
0.0391921997070313 -0.0725936889648438 0.00445175170898438 0.0278854370117187
0.0553779602050781 -0.0617179870605469 -0.00689125061035156 0.0308170318603516
0.0769882202148438 -0.0245361328125 -0.0244503021240234 0.0303955078125
0.0785598754882813 0.017578125 -0.0297908782958984 0.00931358337402344
0.036163330078125 0.0754547119140625 -0.0250968933105469 -0.0150699615478516
-0.011077880859375 0.0999832153320313 0.00189352035522461 0.00671958923339844
-0.05322265625 0.0895538330078125 -0.0297126770019531 0.0438919067382813
-0.0713119506835938 0.0324859619140625 -0.00433349609375001 0.1082763671875
-0.0565834045410156 0.0589447021484375 -0.0111083984375 0.111289978027344
-0.0245513916015625 0.0753860473632813 0.0134048461914063 0.0760040283203125
0.0322837829589844 0.0679054260253906 0.0268669128417969 0.0496559143066406
0.0615310668945313 0.0268821716308594 0.0176181793212891 0.0256328582763672
0.0650444030761719 -0.0260047912597656 0.00817584991455079 0.0160923004150391
0.0429306030273437 -0.0534934997558594 0.00715827941894531 0.0278224945068359
0.0369644165039063 -0.0513229370117188 0.00553512573242188 0.0394248962402344
0.0400657653808594 -0.0601806640625 -0.00200653076171874 0.0514183044433594
0.0540313720703125 -0.050201416015625 -0.0180740356445312 0.0495109558105469
0.0703582763671875 -0.0145492553710937 -0.0357551574707031 0.0396652221679688
0.066741943359375 0.0236244201660156 -0.0377235412597656 0.0123672485351562
0.0189285278320313 0.0712890625 -0.0252361297607422 -0.0099639892578125
-0.02923583984375 0.0809326171875 -0.00103950500488282 0.0233402252197266
-0.0610542297363281 0.0584754943847656 -0.0513458251953125 0.0641326904296875
-0.0488929748535156 -0.0133781433105469 -0.0220489501953125 0.112876892089844
-0.0507011413574219 0.0121345520019531 -0.0203704833984375 0.110885620117188
-0.0358734130859375 0.034149169921875 0.00875473022460938 0.069580078125
0.0028228759765625 0.0477218627929688 0.0134811401367187 0.0444183349609375
0.0326614379882813 0.0281486511230469 0.00201797485351563 0.0264110565185547
0.0468215942382812 -0.00732803344726562 -0.00554847717285156 0.0302715301513672
0.0361709594726563 -0.0303726196289063 -0.00146102905273437 0.04754638671875
0.0310459136962891 -0.0314350128173828 0.00053024291992187 0.0592155456542969
0.0347785949707031 -0.0396080017089844 -0.00907897949218751 0.0706024169921875
0.0448379516601562 -0.0320892333984375 -0.0303764343261719 0.0639610290527344
0.0551795959472656 -0.00345230102539063 -0.0481224060058594 0.0466270446777344
0.0481491088867187 0.0272903442382812 -0.0477943420410156 0.0134010314941406
0.00086593627929688 0.0581817626953125 -0.0283794403076172 -0.00919914245605468
-0.0416717529296875 0.0521430969238281 -0.00961875915527344 0.0334014892578125
-0.060943603515625 0.0200767517089844 -0.0744171142578125 0.0725631713867187
0.0359382629394531 0.0279006958007813 0.0760574340820313 -0.0748977661132813
0.0434303283691406 -0.0177955627441406 0.023590087890625 -0.0294208526611328
0.00823974609375 -0.0375747680664063 0.0320930480957031 0.0113487243652344
-0.0203704833984375 -0.0270786285400391 0.0664634704589844 -0.00795745849609375
-0.0305347442626953 -0.00749778747558594 0.0663375854492188 -0.052978515625
-0.0313034057617188 0.0151500701904297 0.0387649536132812 -0.0864486694335937
-0.0238056182861328 0.0131549835205078 0.00905609130859375 -0.0908737182617187
-0.0220108032226563 0.00675201416015625 0.0001678466796875 -0.0737228393554688
-0.0286178588867188 0.00609397888183593 0.00437164306640625 -0.0591087341308594
-0.0248565673828125 -0.0146503448486328 0.0103797912597656 -0.0456809997558594
-0.00530052185058594 -0.0324325561523438 0.00275611877441406 -0.0292644500732422
0.0213794708251953 -0.0264816284179688 -0.00486373901367187 -0.0382843017578125
0.0450248718261719 0.0022125244140625 -0.00214385986328125 -0.074676513671875
0.04486083984375 0.0334510803222656 0.0155029296875 -0.109413146972656
0.0233230590820313 0.050628662109375 0.0323333740234375 -0.110252380371094
0.0125579833984375 0.0699729919433594 0.088470458984375 -0.0575103759765625
0.0427017211914063 0.0271148681640625 0.0336418151855469 -0.0185127258300781
0.0262794494628906 -0.00294303894042969 0.0392074584960938 0.0189971923828125
0.0124530792236328 -0.0149555206298828 0.0768661499023438 -0.00150299072265625
0.000420570373535155 -0.0155401229858398 0.0765457153320312 -0.04937744140625
-0.0102863311767578 -0.0104827880859375 0.047576904296875 -0.0874176025390625
-0.0126399993896484 -0.0175800323486328 0.015228271484375 -0.0934677124023437
-0.0094451904296875 -0.0207328796386719 0.0047760009765625 -0.0750350952148437
-0.0122585296630859 -0.0242748260498047 0.0085906982421875 -0.0569953918457031
0.00106430053710938 -0.0343246459960937 0.0139350891113281 -0.0425949096679688
0.0262775421142578 -0.0332717895507813 0.00272941589355469 -0.02154541015625
0.0472030639648438 -0.010650634765625 -0.00762939453125 -0.0284671783447266
0.0497779846191406 0.0367317199707031 -0.0135841369628906 -0.0620956420898438
0.0338897705078125 0.07476806640625 0.0046844482421875 -0.0930557250976563
0.0025634765625 0.0877456665039063 0.0275955200195313 -0.0884552001953125
-0.0174407958984375 0.1029052734375 0.091033935546875 -0.0275344848632812
0.02996826171875 0.0731277465820313 0.0404624938964844 0.00462722778320313
0.0386924743652344 0.0394439697265625 0.0446319580078125 0.0323867797851563
0.0468406677246094 0.00635528564453125 0.084197998046875 0.0099945068359375
0.03546142578125 -0.0179100036621094 0.0811233520507813 -0.0375213623046875
0.0158653259277344 -0.0341644287109375 0.05230712890625 -0.07830810546875
0.00198745727539062 -0.0461769104003906 0.0212936401367188 -0.0845565795898438
0.00449371337890625 -0.0458831787109375 0.0076446533203125 -0.06439208984375
0.003875732421875 -0.0505485534667969 0.00966644287109375 -0.044891357421875
0.0224533081054687 -0.0526885986328125 0.0129051208496094 -0.0311489105224609
0.0516777038574219 -0.0363578796386719 -0.00156879425048828 -0.0114765167236328
0.0691680908203125 -0.00351715087890625 -0.0134706497192383 -0.0171194076538086
0.0576934814453125 0.058685302734375 -0.0240211486816406 -0.047882080078125
0.0286788940429688 0.10321044921875 -0.00356292724609376 -0.0703353881835938
-0.0125350952148437 0.11279296875 0.0170936584472656 -0.0579490661621094
-0.048309326171875 0.118904113769531 0.0811920166015625 0.012603759765625
0.00627899169921876 0.10906982421875 0.0392036437988281 0.0370254516601563
0.0396194458007813 0.0815582275390625 0.0451583862304688 0.0499382019042969
0.0728836059570313 0.0328826904296875 0.0829010009765625 0.0245285034179688
0.0679893493652344 -0.0128440856933594 0.0777130126953125 -0.0204315185546875
0.0422935485839844 -0.05059814453125 0.0505561828613281 -0.0583229064941406
0.0173759460449219 -0.0672149658203125 0.0243568420410156 -0.0632743835449219
0.0175285339355469 -0.0644073486328125 0.0105667114257813 -0.0445289611816406
0.0186614990234375 -0.0716018676757812 0.00911712646484375 -0.0244712829589844
0.0383338928222656 -0.0661697387695312 0.00889110565185547 -0.0136795043945313
0.0685539245605469 -0.0389442443847656 -0.00811386108398437 0.00301647186279297
0.0834426879882813 4.57763671875E-05 -0.0188865661621094 -0.00586318969726563
0.0621109008789063 0.071533203125 -0.0289955139160156 -0.033233642578125
0.0244293212890625 0.116531372070313 -0.00452041625976563 -0.0434532165527344
-0.02459716796875 0.123374938964844 0.00371742248535156 -0.0220260620117187
-0.0717849731445312 0.112686157226563 0.05810546875 0.0550270080566406
-0.0222702026367187 0.121627807617188 0.0272369384765625 0.0716476440429688
0.02569580078125 0.108963012695313 0.0385932922363281 0.0667877197265625
0.0808258056640625 0.060028076171875 0.0702247619628906 0.0402565002441406
0.0879669189453125 -0.00081634521484375 0.0633888244628906 5.340576171875E-05
0.0638084411621094 -0.0558891296386719 0.0416641235351563 -0.0327301025390625
0.0306854248046875 -0.0774307250976563 0.023101806640625 -0.0335216522216797
0.0284271240234375 -0.0732650756835938 0.0115318298339844 -0.0166730880737305
0.029083251953125 -0.081329345703125 0.00807952880859375 0.00132560729980468
0.0484542846679688 -0.0724563598632813 0.00169944763183594 0.00832462310791015
0.078277587890625 -0.037841796875 -0.0154590606689453 0.0177402496337891
0.0884780883789063 0.00501251220703125 -0.0244789123535156 0.00365447998046875
0.0571670532226562 0.0767440795898438 -0.0289669036865234 -0.0214958190917969
0.0134506225585937 0.117118835449219 -0.000468254089355468 -0.0169601440429687
-0.0374526977539063 0.117439270019531 -0.0109319686889648 0.0145092010498047
-0.0803298950195313 0.083251953125 0.0282058715820312 0.0914230346679687
-0.0455322265625 0.105941772460937 0.00939941406249999 0.0999984741210938
0.001068115234375 0.108558654785156 0.027313232421875 0.0764694213867188
0.06671142578125 0.0743408203125 0.0499420166015625 0.0497398376464844
0.0864028930664063 0.0131301879882813 0.0417556762695313 0.0165176391601562
0.0723037719726563 -0.0481185913085938 0.0263328552246094 -0.00407600402832032
0.040008544921875 -0.074005126953125 0.0174531936645508 -0.000985145568847661
0.03369140625 -0.0703582763671875 0.0103225708007813 0.0128574371337891
0.0352325439453125 -0.0793533325195313 0.00453567504882813 0.0292091369628906
0.053558349609375 -0.0697517395019531 -0.00705909729003906 0.0308856964111328
0.0794601440429688 -0.031646728515625 -0.0245151519775391 0.0320339202880859
0.083984375 0.01226806640625 -0.0311965942382813 0.00979232788085937
0.04364013671875 0.0783920288085938 -0.0262832641601563 -0.0139789581298828
-0.00426483154296874 0.107421875 0.00409030914306641 0.00578880310058595
-0.0501480102539062 0.0979690551757813 -0.0282936096191406 0.0463829040527344
-0.0721817016601562 0.0393142700195313 0.00101470947265625 0.113677978515625
-0.0562362670898437 0.0666275024414063 -0.00759124755859377 0.115608215332031
-0.02069091796875 0.0823287963867188 0.0154800415039062 0.0779800415039062
0.038787841796875 0.0698585510253906 0.0293350219726563 0.0514335632324219
0.0668716430664062 0.0235481262207031 0.0198535919189453 0.0270614624023438
0.0667343139648438 -0.0320930480957031 0.009674072265625 0.0185012817382812
0.04071044921875 -0.0589179992675781 0.009735107421875 0.0279102325439453
0.0345840454101563 -0.0575828552246094 0.00787734985351563 0.039642333984375
0.0373268127441406 -0.0664558410644531 0.000247955322265623 0.0538139343261719
0.0527687072753906 -0.0573348999023437 -0.0171356201171875 0.0518531799316406
0.073394775390625 -0.0204238891601563 -0.0362930297851562 0.0429000854492187
0.0723190307617188 0.0202255249023438 -0.0391693115234375 0.0140190124511719
0.0252532958984375 0.0745697021484375 -0.0267009735107422 -0.0102157592773437
-0.0244140625 0.0873641967773438 0.000831604003906248 0.0233230590820313
-0.0601234436035156 0.0653114318847656 -0.0499382019042969 0.0692977905273438
-0.0525703430175781 -0.0100975036621094 -0.0172805786132813 0.119873046875
-0.0521087646484375 0.0173721313476563 -0.0163726806640625 0.117012023925781
-0.0354194641113281 0.039825439453125 0.0108413696289063 0.0720901489257813
0.00690841674804688 0.050079345703125 0.014801025390625 0.0466957092285156
0.0369911193847656 0.0260467529296875 0.00368118286132813 0.0295314788818359
0.0483856201171875 -0.0119285583496094 -0.00344467163085937 0.03411865234375
0.0350685119628906 -0.0351524353027344 0.00161361694335938 0.0495719909667969
0.0292434692382812 -0.0355987548828125 0.00466537475585937 0.06103515625
0.0332565307617187 -0.0440101623535156 -0.00528717041015625 0.0738983154296875
0.0445098876953125 -0.0373992919921875 -0.0284881591796875 0.0692481994628906
0.0575218200683594 -0.00825119018554688 -0.0485649108886719 0.05133056640625
0.0524940490722656 0.0251808166503906 -0.0493049621582031 0.0153121948242187
0.00453948974609374 0.0614471435546875 -0.0298385620117188 -0.0091094970703125
-0.0395317077636719 0.057830810546875 -0.00713157653808594 0.0339851379394531
-0.0618476867675781 0.024993896484375 -0.0731201171875 0.080047607421875
0.0389823913574219 0.0256690979003906 0.0723953247070313 -0.082305908203125
0.042816162109375 -0.0216598510742188 0.0211582183837891 -0.0309906005859375
0.00470352172851562 -0.0394020080566406 0.0333442687988281 0.0103912353515625
-0.0229759216308594 -0.0257453918457031 0.0675888061523438 -0.0120353698730469
-0.0319786071777344 -0.00386428833007813 0.0632133483886719 -0.0586280822753906
-0.0293769836425781 0.0196094512939453 0.032806396484375 -0.0913925170898438
-0.0224075317382812 0.0159072875976563 0.00154113769531249 -0.0928192138671875
-0.0218257904052734 0.0100288391113281 -0.00563812255859375 -0.075103759765625
-0.0285377502441406 0.00892448425292968 -0.00107574462890625 -0.0606765747070313
-0.0259265899658203 -0.0123691558837891 0.00501632690429687 -0.0489387512207031
-0.00897979736328125 -0.0320053100585938 0.000467300415039063 -0.0322227478027344
0.0189552307128906 -0.0287132263183594 -0.00571441650390625 -0.0404243469238281
0.0458755493164063 -0.00171661376953125 -0.00559997558593749 -0.0756607055664063
0.0482025146484375 0.0301780700683594 0.00859832763671875 -0.112586975097656
0.02825927734375 0.0485763549804687 0.025360107421875 -0.116447448730469
0.0176544189453125 0.070709228515625 0.0872802734375 -0.0662460327148438
0.0452880859375 0.0250282287597656 0.0319786071777344 -0.0203208923339844
0.0270652770996094 -0.00467872619628906 0.040008544921875 0.0179252624511719
0.0113286972045898 -0.0161981582641602 0.0785675048828125 -0.00628662109375
-0.00119495391845703 -0.0153522491455078 0.0739669799804688 -0.0551223754882813
-0.00969886779785156 -0.00938129425048828 0.0414581298828125 -0.092926025390625
-0.0137882232666016 -0.0167760848999023 0.0076446533203125 -0.0970535278320313
-0.0117073059082031 -0.0203227996826172 -0.00303649902343751 -0.07666015625
-0.0138683319091797 -0.0229587554931641 0.00245285034179688 -0.0593490600585938
-0.00162124633789063 -0.0344963073730469 0.0096588134765625 -0.0461654663085938
0.02349853515625 -0.0361175537109375 0.000843048095703125 -0.0252704620361328
0.0473175048828125 -0.0147056579589844 -0.00832939147949218 -0.0301666259765625
0.0538368225097656 0.0330581665039063 -0.016632080078125 -0.0617446899414062
0.0407028198242188 0.0732040405273438 -0.000976562499999989 -0.0952224731445313
0.0090789794921875 0.089080810546875 0.0223846435546875 -0.0941925048828125
-0.0100326538085938 0.107269287109375 0.0914459228515625 -0.0350341796875
0.035369873046875 0.0734405517578125 0.0397758483886719 0.0017852783203125
0.0432319641113281 0.0386161804199219 0.0471305847167969 0.0312728881835937
0.0487403869628906 0.00249862670898438 0.0861358642578125 0.00493621826171875
0.0351676940917969 -0.0210075378417969 0.080413818359375 -0.04364013671875
0.0139999389648437 -0.0361862182617188 0.0473480224609375 -0.083740234375
-0.00223922729492187 -0.0471267700195313 0.01416015625 -0.0880508422851562
0.000297546386718753 -0.0471420288085938 0.00137710571289062 -0.0663032531738281
0.000156402587890623 -0.0523147583007813 0.00472259521484375 -0.0472564697265625
0.0185737609863281 -0.0551261901855469 0.00888442993164063 -0.0348777770996094
0.0489158630371094 -0.0406608581542969 -0.00321674346923828 -0.0137186050415039
0.0701637268066406 -0.00831222534179688 -0.0140800476074219 -0.0186958312988281
0.063812255859375 0.055755615234375 -0.0265960693359375 -0.0469245910644531
0.0382461547851563 0.103370666503906 -0.00786590576171874 -0.071807861328125
-0.0042266845703125 0.116180419921875 0.0131301879882813 -0.0629997253417969
-0.0398712158203125 0.126296997070313 0.0837936401367188 0.00703430175781251
0.0152359008789063 0.11102294921875 0.0406074523925781 0.0342979431152344
0.0485458374023438 0.082000732421875 0.04864501953125 0.0485801696777344
0.0782699584960938 0.028472900390625 0.0856475830078125 0.020904541015625
0.0686759948730469 -0.0191612243652344 0.077392578125 -0.0253829956054688
0.0397453308105469 -0.0557785034179687 0.0473594665527344 -0.0635910034179688
0.0119247436523437 -0.071014404296875 0.0194168090820313 -0.0662727355957031
0.0119171142578125 -0.0672988891601563 0.00547409057617188 -0.0462150573730469
0.0119552612304688 -0.0741119384765625 0.00587081909179688 -0.0262546539306641
0.0329513549804687 -0.07147216796875 0.00547981262207032 -0.0165014266967773
0.0668067932128906 -0.0458030700683594 -0.00851821899414062 0.00102519989013672
0.0857620239257813 -0.007080078125 -0.0191593170166016 -0.00616073608398437
0.06951904296875 0.0684700012207031 -0.0315742492675781 -0.0322532653808594
0.03436279296875 0.118881225585938 -0.007415771484375 -0.0448150634765625
-0.0156402587890625 0.128501892089844 0.00288772583007812 -0.0249500274658203
-0.0639877319335938 0.121902465820313 0.0637397766113281 0.0524787902832031
-0.0130691528320313 0.127471923828125 0.0312652587890625 0.070709228515625
0.0361099243164062 0.111129760742188 0.0422744750976562 0.0652542114257812
0.0884857177734375 0.0549850463867188 0.0730743408203125 0.0371932983398438
0.0900955200195313 -0.00791168212890625 0.0649223327636719 -0.003814697265625
0.0607795715332031 -0.0623321533203125 0.0406875610351563 -0.0353431701660156
0.0245819091796875 -0.0822219848632812 0.0204429626464844 -0.0363998413085938
0.0218582153320313 -0.0772933959960938 0.00901222229003907 -0.0187129974365234
0.0219802856445313 -0.0857772827148438 0.00661563873291016 0.00099563598632812
0.0429458618164063 -0.078704833984375 0.000613689422607425 0.00739479064941406
0.07684326171875 -0.0464248657226563 -0.0153961181640625 0.0173835754394531
0.0914077758789063 -0.00262451171875 -0.0246238708496094 0.0036163330078125
0.0656509399414063 0.0743942260742188 -0.0304698944091797 -0.0213775634765625
0.0241012573242188 0.119972229003906 -0.00137519836425781 -0.018280029296875
-0.0286407470703125 0.12347412109375 -0.00918102264404297 0.0135536193847656
-0.075653076171875 0.0928268432617188 0.0352859497070313 0.0913772583007813
-0.0389785766601562 0.11151123046875 0.0150070190429688 0.100814819335938
0.011474609375 0.11273193359375 0.0307540893554687 0.0765228271484375
0.0753250122070313 0.07061767578125 0.0529975891113281 0.0480880737304688
0.089813232421875 0.00589752197265625 0.0443878173828125 0.01593017578125
0.0705184936523438 -0.0563812255859375 0.0273704528808594 -0.00509071350097657
0.0337371826171875 -0.0791702270507813 0.0173091888427734 -0.00269126892089844
0.0277328491210938 -0.0750732421875 0.0113964080810547 0.0117654800415039
0.0291824340820312 -0.0849151611328125 0.00621604919433594 0.0292797088623047
0.0480575561523438 -0.0759963989257812 -0.00629615783691406 0.0315361022949219
0.0788421630859375 -0.0395431518554688 -0.0241165161132812 0.0332851409912109
0.0877532958984375 0.0052947998046875 -0.0312442779541016 0.0109920501708984
0.0515899658203125 0.0770797729492188 -0.0277423858642578 -0.0133571624755859
0.00508880615234375 0.111282348632813 0.00420999526977539 0.00432229042053223
-0.0432891845703125 0.1046142578125 -0.0246772766113281 0.0484352111816406
-0.0718460083007813 0.0480117797851563 0.00884246826171874 0.116714477539063
-0.052001953125 0.0731124877929688 -0.000877380371093761 0.117645263671875
-0.014007568359375 0.08843994140625 0.0194854736328125 0.0780181884765625
0.0466423034667969 0.0684356689453125 0.0318870544433594 0.0518264770507813
0.0711288452148438 0.0182037353515625 0.0220489501953125 0.0274753570556641
0.065185546875 -0.0388717651367188 0.0129165649414063 0.0196380615234375
0.0360031127929688 -0.0643959045410156 0.0125541687011719 0.0277652740478516
0.0294685363769531 -0.0622787475585938 0.0108985900878906 0.0394973754882812
0.0312347412109375 -0.0720443725585938 0.00414276123046875 0.0547294616699219
0.0479354858398438 -0.0634307861328125 -0.0143013000488281 0.0536460876464844
0.0734634399414063 -0.02813720703125 -0.0343894958496094 0.0462417602539063
0.0757675170898437 0.0141830444335937 -0.0396270751953125 0.0164833068847656
0.032501220703125 0.0749130249023438 -0.0276355743408203 -0.00897026062011718
-0.01702880859375 0.0920181274414063 0.00337409973144531 0.0227260589599609
-0.05548095703125 0.0725936889648437 -0.04510498046875 0.0734481811523438
-0.0546073913574219 -0.00495910644531249 -0.0103759765625 0.124519348144531
-0.0517654418945312 0.0223159790039062 -0.009765625 0.119583129882813
-0.0317955017089844 0.0455474853515625 0.014190673828125 0.072418212890625
0.0121231079101563 0.051605224609375 0.0168418884277344 0.0480079650878906
0.0401878356933594 0.0232963562011719 0.00595474243164063 0.0317058563232422
0.0481681823730469 -0.0170822143554688 0.000736236572265625 0.0360755920410156
0.0318870544433594 -0.0385208129882813 0.00683975219726562 0.0502777099609375
0.0264053344726562 -0.0402450561523438 0.00916290283203126 0.0615501403808594
0.0289688110351563 -0.0485610961914063 0.000946044921875003 0.0763397216796875
0.0419044494628906 -0.0422935485839844 -0.0242080688476563 0.0727081298828125
0.0584373474121094 -0.0140609741210938 -0.0465621948242187 0.0559196472167969
0.0558090209960937 0.0206718444824219 -0.0499382019042969 0.0185394287109375
0.0105361938476563 0.0630912780761719 -0.0310115814208984 -0.00810813903808593
-0.0352706909179688 0.0626754760742188 -0.00396156311035156 0.0338287353515625
-0.0602149963378906 0.0301742553710938 -0.0687332153320313 0.0871810913085937
0.040069580078125 0.0223960876464844 0.0674819946289063 -0.0868148803710938
0.0401992797851563 -0.0244026184082031 0.0182056427001953 -0.031036376953125
0.00179672241210937 -0.0390167236328125 0.0333061218261719 0.00921821594238281
-0.0250034332275391 -0.0237884521484375 0.0660667419433594 -0.014892578125
-0.0317401885986328 -0.000877380371093751 0.058868408203125 -0.0621109008789063
-0.0267391204833984 0.0216350555419922 0.02520751953125 -0.0926589965820313
-0.0205154418945312 0.0184612274169922 -0.00496673583984376 -0.0922088623046875
-0.0208911895751953 0.0112075805664062 -0.01177978515625 -0.0739669799804688
-0.0268840789794922 0.0113697052001953 -0.00635528564453125 -0.0607719421386719
-0.0267505645751953 -0.00971031188964843 0.000186920166015619 -0.0496864318847656
-0.0120468139648437 -0.0300941467285156 -0.00185203552246094 -0.0335597991943359
0.0163536071777344 -0.0297622680664063 -0.00717926025390625 -0.0410957336425781
0.0447731018066406 -0.00574874877929688 -0.00894927978515624 -0.0741806030273438
0.0499038696289062 0.02593994140625 0.00257110595703126 -0.11175537109375
0.0309677124023438 0.0462913513183594 0.0182647705078125 -0.118873596191406
0.0223503112792969 0.0688095092773438 0.0824661254882813 -0.0716094970703125
0.046295166015625 0.0212898254394531 0.0291271209716797 -0.0223388671875
0.0261192321777344 -0.00641632080078125 0.0404396057128906 0.0167121887207031
0.0102853775024414 -0.0167140960693359 0.0780868530273438 -0.00933837890625
-0.00246238708496094 -0.0135183334350586 0.0698013305664063 -0.0585670471191406
-0.0100927352905273 -0.00789165496826172 0.0336227416992188 -0.0950927734375
-0.0147686004638672 -0.0144834518432617 -0.000343322753906258 -0.0963897705078125
-0.0129489898681641 -0.0192298889160156 -0.00927734374999999 -0.0752792358398438
-0.0148296356201172 -0.0215950012207031 -0.00370025634765625 -0.0592613220214844
-0.00422477722167969 -0.0337295532226563 0.00378036499023437 -0.0475959777832031
0.020233154296875 -0.0360832214355469 -0.00109481811523437 -0.0275993347167969
0.0451393127441406 -0.0179824829101563 -0.00984764099121093 -0.0312423706054688
0.0556449890136719 0.0297431945800781 -0.0186691284179687 -0.060302734375
0.0452766418457031 0.07000732421875 -0.00562286376953125 -0.094818115234375
0.0149383544921875 0.0876083374023438 0.0162353515625 -0.0973663330078125
-0.00212097167968751 0.107170104980469 0.0891036987304687 -0.0415573120117187
0.0407066345214844 0.0698928833007813 0.037750244140625 -0.000564575195312496
0.0460472106933594 0.0357208251953125 0.0470962524414063 0.0288238525390625
0.0485382080078125 -0.000614166259765625 0.0852813720703125 0.0003662109375
0.0330848693847656 -0.0233974456787109 0.0763015747070313 -0.048431396484375
0.0124092102050781 -0.0363121032714844 0.0410003662109375 -0.0857391357421875
-0.00524139404296875 -0.0465469360351563 0.00700378417968749 -0.0884475708007813
-0.00329971313476562 -0.0464248657226563 -0.00492095947265626 -0.06591796875
-0.00395584106445312 -0.0520782470703125 -7.62939453124976E-05 -0.0472068786621094
0.0138893127441406 -0.0562286376953125 0.00391006469726563 -0.0368156433105469
0.0455055236816406 -0.0440940856933594 -0.00507259368896484 -0.0152339935302734
0.0687637329101563 -0.0137786865234375 -0.0147037506103516 -0.0190982818603516
0.0679168701171875 0.0511398315429687 -0.027587890625 -0.0451927185058594
0.0448684692382812 0.100013732910156 -0.0112457275390625 -0.0703582763671875
0.00328063964843749 0.11602783203125 0.00988006591796875 -0.0655136108398437
-0.0309677124023438 0.128616333007813 0.083740234375 0.00113677978515626
0.0224456787109375 0.109947204589844 0.0405158996582031 0.0317955017089844
0.054229736328125 0.0781478881835938 0.0491867065429687 0.0461692810058594
0.0801162719726563 0.0226669311523438 0.0853042602539063 0.0165634155273438
0.0662193298339844 -0.0238761901855469 0.074615478515625 -0.0291366577148438
0.0359764099121094 -0.0576362609863281 0.0429840087890625 -0.0649185180664063
0.00531005859375 -0.070892333984375 0.0136260986328125 -0.0668067932128906
0.00555419921875 -0.067291259765625 0.00105667114257813 -0.0459480285644531
0.00537109374999999 -0.074798583984375 0.00307464599609375 -0.0271167755126953
0.0275802612304687 -0.0728912353515625 0.00245094299316406 -0.0175695419311523
0.0629692077636719 -0.0505828857421875 -0.0100154876708984 4.10079956054643E-05
0.084930419921875 -0.0129623413085938 -0.0199623107910156 -0.00686454772949219
0.0748748779296875 0.0634384155273438 -0.0313892364501953 -0.0305004119873047
0.0436019897460937 0.116012573242188 -0.00958633422851562 -0.0445404052734375
-0.00772094726562499 0.128280639648438 0.00182533264160156 -0.0273456573486328
-0.0550994873046875 0.126190185546875 0.0668182373046875 0.0471115112304688
-0.00405120849609374 0.127487182617188 0.0338096618652344 0.067352294921875
0.0449371337890625 0.108924865722656 0.0442428588867187 0.0632667541503906
0.0928573608398438 0.0485992431640625 0.0744781494140625 0.03338623046875
0.0881118774414062 -0.0153884887695312 0.0639114379882813 -0.00654220581054688
0.0561752319335938 -0.0665473937988281 0.0387306213378906 -0.0371742248535156
0.0178298950195313 -0.083251953125 0.0171775817871094 -0.03741455078125
0.0143966674804688 -0.077911376953125 0.00632095336914063 -0.0191707611083984
0.0143966674804688 -0.0871505737304688 0.00581169128417969 0.000156879425048823
0.0355606079101563 -0.081939697265625 -0.000782012939453123 0.00592947006225585
0.0730819702148438 -0.0525894165039063 -0.0151863098144531 0.0167922973632812
0.0907974243164063 -0.0097808837890625 -0.0247783660888672 0.0042266845703125
0.0717544555664063 0.0694732666015625 -0.0302524566650391 -0.0195083618164063
0.0332717895507813 0.11883544921875 -0.00208854675292968 -0.0189285278320312
-0.0202789306640625 0.125503540039063 -0.0080108642578125 0.0120630264282227
-0.0682754516601563 0.099090576171875 0.040191650390625 0.0885391235351562
-0.0299148559570312 0.114151000976563 0.020050048828125 0.0985260009765625
0.0212020874023438 0.112983703613281 0.0333786010742188 0.0741424560546875
0.0813827514648438 0.065277099609375 0.0545120239257813 0.0458946228027344
0.0895538330078125 -0.00043487548828125 0.0452919006347656 0.0138130187988281
0.0658416748046875 -0.0606765747070313 0.0279369354248047 -0.005828857421875
0.0271759033203125 -0.0815811157226563 0.0167522430419922 -0.00331115722656251
0.02093505859375 -0.0764923095703125 0.0105504989624023 0.0109176635742187
0.0207901000976563 -0.0868911743164063 0.00748825073242188 0.0286312103271484
0.04168701171875 -0.080291748046875 -0.00477409362792968 0.0307502746582031
0.074981689453125 -0.0458526611328125 -0.0220432281494141 0.0336380004882812
0.08782958984375 -0.00102996826171875 -0.03057861328125 0.0121364593505859
0.0585174560546875 0.0743637084960938 -0.0279579162597656 -0.0123748779296875
0.0141525268554688 0.111404418945313 0.00532388687133789 0.00265645980834962
-0.0360488891601563 0.107032775878906 -0.02056884765625 0.0479660034179688
-0.0676956176757813 0.0536918640136719 0.0164794921875 0.115669250488281
-0.0461273193359375 0.0771331787109375 0.00559234619140624 0.116218566894531
-0.00679779052734374 0.0897445678710938 0.0220794677734375 0.0762786865234375
0.0523948669433594 0.0652999877929688 0.0335464477539063 0.0499763488769531
0.072418212890625 0.012359619140625 0.0247097015380859 0.0274429321289063
0.06182861328125 -0.04437255859375 0.0151386260986328 0.0192241668701172
0.0304450988769531 -0.0664253234863281 0.0143337249755859 0.0260486602783203
0.0237884521484375 -0.0638999938964844 0.0135307312011719 0.038116455078125
0.0243606567382813 -0.0747222900390625 0.0075836181640625 0.0540847778320312
0.0424537658691406 -0.0670166015625 -0.0111465454101562 0.0541000366210937
0.0703964233398438 -0.0339584350585938 -0.0317573547363281 0.0480308532714844
0.0767135620117188 0.00826263427734375 -0.0388031005859375 0.0184555053710937
0.038604736328125 0.0731124877929688 -0.0276660919189453 -0.00805282592773437
-0.00915527343750001 0.0937118530273438 0.00488090515136719 0.02105712890625
-0.0498275756835938 0.0759124755859375 -0.0399627685546875 0.07452392578125
-0.0552711486816406 0.000522613525390613 -0.00242614746093749 0.125770568847656
-0.0500946044921875 0.0271263122558594 -0.00320434570312499 0.119308471679687
-0.0275154113769531 0.0496902465820313 0.0163345336914063 0.0708465576171875
0.0165023803710937 0.0506019592285156 0.0183753967285156 0.0476150512695313
0.0422286987304687 0.0193367004394531 0.00861549377441407 0.0327701568603516
0.0463676452636719 -0.0212631225585937 0.00431442260742188 0.0374336242675781
0.0286903381347656 -0.0414581298828125 0.0109748840332031 0.0493049621582031
0.0224533081054687 -0.04205322265625 0.0139083862304687 0.0597152709960938
0.0242042541503906 -0.0509376525878906 0.00635528564453125 0.0756149291992188
0.0370101928710938 -0.0456771850585938 -0.0188674926757812 0.073394775390625
0.0569496154785156 -0.0185394287109375 -0.0429801940917969 0.0583992004394531
0.0575942993164062 0.0160293579101562 -0.0480995178222656 0.0212516784667969
0.0151138305664062 0.0625152587890625 -0.0314102172851563 -0.00659751892089843
-0.0297813415527344 0.0652275085449219 -0.000806808471679692 0.0330047607421875
-0.0574836730957031 0.0349006652832031 -0.0621795654296875 0.0902023315429688
0.040283203125 0.0197486877441406 0.0639190673828125 -0.0881805419921875
0.0386734008789063 -0.0253067016601562 0.0163669586181641 -0.0308990478515625
-6.48498535156222E-05 -0.0386962890625 0.0321445465087891 0.00980377197265625
-0.0264186859130859 -0.0211849212646484 0.0650787353515625 -0.0163040161132812
-0.0313491821289063 0.00145912170410156 0.0557365417480469 -0.0621681213378906
-0.0247039794921875 0.0227260589599609 0.0202865600585938 -0.0911788940429688
-0.01898193359375 0.0194530487060547 -0.00940704345703126 -0.0896148681640625
-0.0203762054443359 0.0126304626464844 -0.0157928466796875 -0.07135009765625
-0.0251750946044922 0.0129127502441406 -0.0105628967285156 -0.0594062805175781
-0.0266323089599609 -0.00676155090332031 -0.003692626953125 -0.0489044189453125
-0.0135345458984375 -0.0278091430664063 -0.00301742553710938 -0.0349636077880859
0.0139923095703125 -0.0298595428466797 -0.00784301757812499 -0.0422019958496094
0.0438575744628906 -0.00792312622070313 -0.00997924804687499 -0.0717620849609375
0.0498275756835938 0.0227546691894531 -0.000961303710937491 -0.109519958496094
0.0321884155273438 0.043487548828125 0.0138397216796875 -0.118415832519531
0.0247917175292969 0.0668373107910156 0.078765869140625 -0.07415771484375
0.0465583801269531 0.0197410583496094 0.0272998809814453 -0.0216312408447266
0.0260772705078125 -0.00741767883300781 0.0403327941894531 0.0161018371582031
0.00923347473144531 -0.0164041519165039 0.0759963989257813 -0.0117111206054688
-0.0030975341796875 -0.012812614440918 0.0660781860351563 -0.0593452453613281
-0.00965595245361328 -0.00738811492919922 0.0295791625976562 -0.0946044921875
-0.0148038864135742 -0.0137271881103516 -0.00454711914062499 -0.0940170288085938
-0.0136756896972656 -0.017064094543457 -0.0132293701171875 -0.07275390625
-0.0153732299804687 -0.0209121704101563 -0.00740432739257813 -0.0577507019042969
-0.00541496276855469 -0.0319232940673828 -0.000228881835937501 -0.04718017578125
0.0178184509277344 -0.0355720520019531 -0.00305938720703125 -0.028564453125
0.0435218811035156 -0.0194511413574219 -0.00931739807128906 -0.0321140289306641
0.0561256408691406 0.0260086059570313 -0.0188026428222656 -0.058868408203125
0.047119140625 0.0666427612304688 -0.00820159912109374 -0.0923843383789063
0.0182342529296875 0.0854263305664063 0.0129776000976562 -0.0975799560546875
0.00208282470703126 0.105842590332031 0.08575439453125 -0.0440139770507812
0.0427474975585938 0.0671958923339844 0.0363044738769531 -0.00171661376953125
0.0479774475097656 0.0336341857910156 0.0464363098144531 0.0277481079101563
0.0478935241699219 -0.00197982788085938 0.0832061767578125 -0.0012969970703125
0.0309715270996094 -0.0235443115234375 0.0728988647460938 -0.049041748046875
0.0104751586914063 -0.0365524291992188 0.0365753173828125 -0.0853652954101563
-0.00734329223632812 -0.0447807312011719 0.00255584716796875 -0.0862579345703125
-0.00592041015625 -0.0450706481933594 -0.00857162475585938 -0.0638198852539063
-0.007110595703125 -0.0507888793945313 -0.00358581542968751 -0.0464019775390625
0.0106735229492187 -0.0553855895996094 -0.000305175781250001 -0.03680419921875
0.0429420471191406 -0.0450630187988281 -0.00633144378662109 -0.0170469284057617
0.0670051574707031 -0.016448974609375 -0.0140628814697266 -0.0203418731689453
0.0688285827636719 0.0477294921875 -0.0272750854492188 -0.0439186096191406
0.0489730834960938 0.0967788696289062 -0.01287841796875 -0.06903076171875
0.00736236572265624 0.1141357421875 0.00691986083984375 -0.0666847229003906
-0.0249557495117187 0.127967834472656 0.0817718505859375 -0.00280761718749999
0.0264816284179688 0.107109069824219 0.0391578674316406 0.0294532775878906
0.0585250854492188 0.0759048461914063 0.04833984375 0.0442123413085938
0.079864501953125 0.0194854736328125 0.08349609375 0.0141830444335938
0.0642356872558594 -0.0264434814453125 0.0730819702148438 -0.0304183959960938
0.0330467224121094 -0.05828857421875 0.0397872924804688 -0.0649070739746094
0.00274658203125 -0.0690803527832031 0.0095062255859375 -0.0667991638183594
0.00216293334960938 -0.0667839050292969 -0.0025787353515625 -0.045013427734375
0.00177001953125001 -0.0740890502929688 0.000106811523437498 -0.0258502960205078
0.0232009887695313 -0.07275390625 -0.000875473022460934 -0.0184803009033203
0.0593986511230469 -0.053314208984375 -0.0106697082519531 -0.00111484527587891
0.0824813842773438 -0.016510009765625 -0.0197029113769531 -0.0067291259765625
0.0765533447265625 0.0598526000976563 -0.0306377410888672 -0.0294895172119141
0.0482101440429688 0.113029479980469 -0.0108184814453125 -0.0442276000976562
-0.0017852783203125 0.127609252929688 -7.05718994140643E-05 -0.0288486480712891
-0.0490951538085937 0.126739501953125 0.0669975280761719 0.0438308715820313
0.000862121582031242 0.125091552734375 0.0347328186035156 0.0645637512207031
0.0497207641601563 0.105781555175781 0.0435867309570313 0.0606193542480469
0.0939788818359375 0.0439834594726563 0.0725479125976563 0.0314483642578125
0.0861434936523438 -0.0188140869140625 0.0625648498535156 -0.00804901123046875
0.0524673461914063 -0.0678291320800781 0.0369796752929688 -0.0372543334960938
0.0134124755859375 -0.0829544067382813 0.014434814453125 -0.03753662109375
0.0101089477539063 -0.0776290893554688 0.00346565246582032 -0.0191078186035156
0.00933074951171875 -0.0868301391601562 0.00404000282287598 -0.000523090362548833
0.031097412109375 -0.0825424194335938 -0.00271272659301758 0.00482463836669921
0.0691375732421875 -0.0555381774902344 -0.0149250030517578 0.0164718627929687
0.089447021484375 -0.01373291015625 -0.0243721008300781 0.00343704223632813
0.0745773315429688 0.0667648315429688 -0.0296821594238281 -0.0188751220703125
0.03857421875 0.115966796875 -0.00193405151367187 -0.0195503234863281
-0.014373779296875 0.124664306640625 -0.00769710540771484 0.0103120803833008
-0.0630035400390625 0.101150512695313 0.0437698364257813 0.0856094360351563
-0.0246963500976563 0.114837646484375 0.0220260620117187 0.0952301025390625
0.0265884399414063 0.1119384765625 0.03363037109375 0.0721282958984375
0.0834426879882813 0.0605926513671875 0.0551643371582031 0.0439720153808594
0.0880050659179687 -0.0055389404296875 0.0453414916992188 0.0131378173828125
0.0620040893554688 -0.0630035400390625 0.0285015106201172 -0.00622940063476563
0.0217819213867188 -0.0814285278320313 0.016510009765625 -0.00461959838867188
0.0159225463867187 -0.0763015747070313 0.0104198455810547 0.00912475585937499
0.0154342651367187 -0.0865936279296875 0.00821495056152344 0.0269889831542969
0.0366363525390625 -0.0813140869140625 -0.0052337646484375 0.0298614501953125
0.0721893310546875 -0.0494232177734375 -0.0221576690673828 0.032928466796875
0.086761474609375 -0.0057220458984375 -0.0295200347900391 0.0121364593505859
0.061737060546875 0.0710830688476563 -0.0272483825683594 -0.0120067596435547
0.0191497802734375 0.109199523925781 0.00501775741577149 0.00215721130371094
-0.0297927856445313 0.106742858886719 -0.0194816589355469 0.0459365844726563
-0.0642814636230469 0.057159423828125 0.0196304321289063 0.114051818847656
-0.0423812866210937 0.0792388916015625 0.00801086425781249 0.113746643066406
-0.00160980224609374 0.0897064208984375 0.0218353271484375 0.0742950439453125
0.0553131103515625 0.0621604919433594 0.0337562561035156 0.0489463806152344
0.0710906982421875 0.00824737548828125 0.0254878997802734 0.0270328521728516
0.0588111877441406 -0.0465011596679688 0.0172843933105469 0.0191497802734375
0.0259971618652344 -0.0669326782226563 0.0152206420898438 0.0250110626220703
0.0197639465332031 -0.0643348693847656 0.0140419006347656 0.0363578796386719
0.0199737548828125 -0.074737548828125 0.00937652587890625 0.0522613525390625
0.0376701354980469 -0.0686225891113281 -0.0101661682128906 0.0531425476074219
0.0681076049804688 -0.0377578735351563 -0.0302200317382813 0.0475120544433594
0.076141357421875 0.00441741943359375 -0.0377273559570313 0.018707275390625
0.0420074462890625 0.0711135864257813 -0.0275135040283203 -0.00750350952148437
-0.00422668457031251 0.0930862426757812 0.00618934631347656 0.0196170806884766
-0.0456390380859375 0.0762710571289062 -0.0366058349609375 0.074462890625
-0.0543289184570313 0.00297546386718749 0.00174713134765624 0.124443054199219
-0.047943115234375 0.0295257568359375 -4.57763671874983E-05 0.116950988769531
-0.0245895385742187 0.0496749877929688 0.0161399841308594 0.0688018798828125
0.0197410583496094 0.0492439270019531 0.0180244445800781 0.0475921630859375
0.0428352355957031 0.01666259765625 0.0107021331787109 0.0330810546875
0.0446319580078125 -0.0241050720214844 0.00710296630859375 0.0367279052734375
0.0252494812011719 -0.0423851013183594 0.0132522583007813 0.046661376953125
0.0190010070800781 -0.0424842834472656 0.0164527893066406 0.0572662353515625
0.0211830139160156 -0.0512886047363281 0.00993347167968751 0.0734176635742188
0.03387451171875 -0.0473976135253906 -0.0166397094726562 0.0724411010742187
0.0555343627929688 -0.0216445922851563 -0.040008544921875 0.0586967468261719
0.0568199157714844 0.0128631591796875 -0.0474815368652344 0.022216796875
0.0186729431152344 0.0616226196289063 -0.0306148529052734 -0.00618171691894531
-0.0263252258300781 0.0660438537597656 0.000806808471679686 0.0316829681396484
-0.054443359375 0.0365676879882813 -0.0572662353515625 0.0905227661132813
0.0403213500976563 0.0187187194824219 0.0623855590820312 -0.0893402099609375
0.0371437072753906 -0.0260696411132813 0.0156211853027344 -0.0305900573730469
-0.001373291015625 -0.0383987426757813 0.0329341888427734 0.0100479125976563
-0.0274772644042969 -0.0208454132080078 0.0648078918457031 -0.0159034729003906
-0.0308742523193359 0.00285720825195312 0.0533676147460938 -0.0620803833007813
-0.0233440399169922 0.0234375 0.0180587768554688 -0.09100341796875
-0.0180759429931641 0.0203914642333984 -0.0115585327148437 -0.0887603759765625
-0.0195217132568359 0.0133819580078125 -0.0177383422851563 -0.0704193115234375
-0.0240764617919922 0.013824462890625 -0.0129356384277344 -0.0584220886230469
-0.0263538360595703 -0.00549125671386719 -0.00601196289062501 -0.0486068725585937
-0.0144252777099609 -0.0260391235351563 -0.00439834594726563 -0.0364913940429688
0.0125923156738281 -0.0296916961669922 -0.0072021484375 -0.0432815551757813
0.0429840087890625 -0.0095367431640625 -0.00981140136718749 -0.0713577270507813
0.049896240234375 0.0215606689453125 -0.00157928466796874 -0.108924865722656
0.0333595275878906 0.0423049926757813 0.0120391845703125 -0.119987487792969
0.0264892578125 0.065887451171875 0.07745361328125 -0.0758819580078125
0.0460624694824219 0.0185089111328125 0.0264816284179688 -0.0216102600097656
0.0254669189453125 -0.00743484497070313 0.0397109985351563 0.0167503356933594
0.0083932876586914 -0.0160980224609375 0.0749435424804688 -0.0119552612304688
-0.00267982482910156 -0.0131101608276367 0.064453125 -0.0592269897460938
-0.00911235809326172 -0.00666999816894531 0.0267715454101563 -0.0941696166992188
-0.0146102905273438 -0.0131187438964844 -0.007110595703125 -0.0932693481445313
-0.0142030715942383 -0.016693115234375 -0.0150909423828125 -0.0715713500976563
-0.0158481597900391 -0.0198841094970703 -0.00963973999023438 -0.0580863952636719
-0.00650978088378906 -0.0315780639648438 -0.00343704223632812 -0.0478401184082031
0.0165138244628906 -0.0357208251953125 -0.00474166870117187 -0.0303497314453125
0.0426368713378906 -0.0196418762207031 -0.00902938842773437 -0.0335731506347656
0.0561370849609375 0.0249481201171875 -0.017791748046875 -0.0578575134277344
0.0482864379882813 0.0656013488769531 -0.00814056396484374 -0.0919189453125
0.01947021484375 0.0845260620117188 0.0118637084960937 -0.0996017456054688
0.00446319580078126 0.105438232421875 0.085296630859375 -0.0457763671875
0.0434837341308594 0.0664024353027344 0.0350360870361328 -0.00171089172363281
0.0485153198242188 0.0323104858398438 0.0459251403808594 0.0286445617675781
0.0478019714355469 -0.00376510620117188 0.0822601318359375 -0.00131988525390625
0.0312633514404297 -0.0238285064697266 0.0717315673828125 -0.0490264892578125
0.01031494140625 -0.0365562438964844 0.0351638793945312 -0.0853347778320313
-0.00807952880859374 -0.0443992614746094 -1.52587890624963E-05 -0.0853805541992187
-0.00713348388671875 -0.044525146484375 -0.0109329223632812 -0.0629844665527344
-0.00787353515625 -0.0504302978515625 -0.00619506835937501 -0.0461006164550781
0.00956726074218751 -0.055633544921875 -0.0032806396484375 -0.0373268127441406
0.0410919189453125 -0.0459823608398438 -0.0074310302734375 -0.0185356140136719
0.0665473937988281 -0.0174293518066406 -0.0138053894042969 -0.0213508605957031
0.06982421875 0.0461654663085938 -0.026458740234375 -0.0433006286621094
0.0508346557617188 0.0957260131835938 -0.0132865905761719 -0.069427490234375
0.00965881347656251 0.113319396972656 0.00597000122070313 -0.068389892578125
-0.0221481323242187 0.128433227539063 0.0818328857421875 -0.00407409667968749
0.0284194946289062 0.10614013671875 0.0380477905273437 0.0287399291992188
0.0601425170898438 0.0745773315429688 0.0471611022949219 0.0446662902832031
0.0806198120117188 0.01788330078125 0.0826568603515625 0.01385498046875
0.0628166198730469 -0.0274162292480469 0.07147216796875 -0.0311813354492188
0.0321617126464844 -0.0592308044433594 0.0391387939453125 -0.065155029296875
0.000564575195312495 -0.0687484741210938 0.00754928588867188 -0.0666847229003906
-0.000473022460937501 -0.0660438537597656 -0.00452041625976563 -0.0440254211425781
-0.000526428222656242 -0.0737533569335938 -0.0019683837890625 -0.0257568359375
0.0204315185546875 -0.07305908203125 -0.00342178344726562 -0.0193958282470703
0.0580902099609375 -0.0545158386230469 -0.0119228363037109 -0.00230884552001953
0.081756591796875 -0.0183792114257813 -0.0196781158447266 -0.00874137878417969
0.0783462524414063 0.0581207275390625 -0.0300617218017578 -0.0288791656494141
0.05126953125 0.111297607421875 -0.00997924804687499 -0.0445175170898437
-0.000160217285156263 0.126960754394531 -0.000600814819335938 -0.0308113098144531
-0.0461196899414063 0.128166198730469 0.0674057006835938 0.0429916381835938
0.00403594970703124 0.125350952148438 0.0336380004882813 0.0639686584472656
0.0534133911132813 0.1053466796875 0.0424919128417969 0.0610198974609375
0.0949172973632813 0.042205810546875 0.07171630859375 0.0314254760742188
0.085357666015625 -0.0205535888671875 0.0624046325683594 -0.00739288330078125
0.0503349304199219 -0.0688591003417969 0.0367164611816406 -0.0370597839355469
0.0107803344726562 -0.0825881958007813 0.0130882263183594 -0.037994384765625
0.00754547119140626 -0.0768814086914063 0.00317764282226563 -0.0193843841552734
0.00640869140625 -0.0867156982421875 0.00315523147583008 -0.000496387481689459
0.0283050537109375 -0.0832366943359375 -0.00501489639282226 0.00487995147705078
0.0676307678222656 -0.0573883056640625 -0.0161457061767578 0.0156898498535156
0.0887451171875 -0.0160675048828125 -0.0240421295166016 0.00254249572753907
0.07647705078125 0.0658721923828125 -0.0287895202636719 -0.0189266204833984
0.0419158935546875 0.115867614746094 -0.00192642211914062 -0.0204658508300781
-0.0124130249023438 0.124183654785156 -0.0076298713684082 0.00832271575927735
-0.06146240234375 0.102554321289063 0.0438766479492187 0.0851287841796875
-0.0228347778320313 0.114822387695313 0.02197265625 0.094268798828125
0.0298309326171875 0.110527038574219 0.0316085815429687 0.0716018676757813
0.0855255126953125 0.058929443359375 0.0533485412597656 0.0442466735839844
0.08807373046875 -0.00656890869140625 0.0453071594238281 0.0136070251464844
0.060028076171875 -0.0652732849121094 0.0288467407226563 -0.00640487670898438
0.0196762084960938 -0.0816116333007813 0.0163440704345703 -0.00493812561035157
0.0131378173828125 -0.0762557983398438 0.00934696197509766 0.00883102416992187
0.0126419067382812 -0.087249755859375 0.00834083557128907 0.0266780853271484
0.0336227416992187 -0.0818634033203125 -0.00668144226074218 0.0287342071533203
0.0711898803710938 -0.0524368286132813 -0.021392822265625 0.0330162048339844
0.0868453979492187 -0.00815582275390625 -0.0291194915771484 0.0116481781005859
0.0642127990722656 0.0695648193359375 -0.0276355743408203 -0.0121097564697266
0.022216796875 0.109031677246094 0.00544118881225586 0.000422000885009772
-0.028228759765625 0.107780456542969 -0.0191383361816406 0.044189453125
-0.0635223388671875 0.0588111877441406 0.0213623046875 0.1136474609375
-0.0415420532226563 0.0800094604492188 0.00843048095703124 0.112678527832031
0.0010528564453125 0.0906600952148437 0.020965576171875 0.0739517211914063
0.0576934814453125 0.0610771179199219 0.0325584411621094 0.050140380859375
0.0712051391601563 0.0058441162109375 0.0262107849121094 0.0275173187255859
0.0569076538085938 -0.0484199523925781 0.0187492370605469 0.0193138122558594
0.023468017578125 -0.0674858093261719 0.0159931182861328 0.0240764617919922
0.0169906616210938 -0.0641250610351563 0.0141487121582031 0.03533935546875
0.0165786743164062 -0.0749893188476563 0.0109443664550781 0.0514183044433594
0.0347557067871094 -0.0696449279785156 -0.00954437255859374 0.0521621704101563
0.0664100646972656 -0.040313720703125 -0.0295600891113281 0.0474281311035156
0.0766525268554688 0.0021820068359375 -0.036651611328125 0.0187606811523438
0.0440292358398437 0.0700912475585938 -0.0274314880371094 -0.00822639465332031
-0.00130462646484376 0.0938873291015625 0.00695419311523437 0.0183353424072266
-0.0441436767578125 0.077484130859375 -0.03497314453125 0.0734786987304688
-0.0536918640136719 0.0055999755859375 0.00391387939453124 0.125198364257813
-0.0473670959472656 0.0312461853027344 -9.91821289062575E-05 0.1160888671875
-0.0226631164550781 0.0508270263671875 0.0144195556640625 0.0689849853515625
0.0217132568359375 0.0485267639160156 0.0176162719726563 0.0487556457519531
0.0429000854492187 0.0154380798339844 0.0109100341796875 0.0336093902587891
0.0436744689941406 -0.0252418518066406 0.00936508178710938 0.0363845825195312
0.0230598449707031 -0.0425186157226562 0.0138778686523438 0.0461349487304688
0.0171966552734375 -0.0421066284179688 0.0168800354003906 0.0563163757324219
0.018829345703125 -0.0522422790527344 0.0109405517578125 0.0724258422851563
0.0314102172851563 -0.0488014221191406 -0.01513671875 0.071990966796875
0.0544090270996094 -0.02337646484375 -0.0391120910644531 0.0586471557617188
0.057281494140625 0.0107803344726562 -0.0467453002929687 0.0227813720703125
0.0200996398925781 0.0616531372070313 -0.0302333831787109 -0.0069427490234375
-0.0239677429199219 0.0664558410644531 0.001373291015625 0.0304279327392578
-0.0537605285644531 0.0367279052734375 -0.0552520751953125 0.0904006958007813
0.0414772033691406 0.0176658630371094 0.0623855590820313 -0.0930404663085938
0.037628173828125 -0.0278091430664062 0.0153789520263672 -0.0315380096435547
-0.00238418579101562 -0.0387458801269531 0.0336265563964844 0.0106735229492187
-0.0289535522460938 -0.0201396942138672 0.0660629272460938 -0.0171737670898438
-0.031280517578125 0.00411415100097656 0.0542755126953125 -0.0635604858398438
-0.0224227905273437 0.0243301391601562 0.017578125 -0.0918197631835938
-0.0173778533935547 0.0212593078613281 -0.013214111328125 -0.0901947021484375
-0.0198154449462891 0.0145092010498047 -0.0193405151367188 -0.0707931518554687
-0.0239696502685547 0.0145053863525391 -0.0145034790039062 -0.0588951110839844
-0.0269222259521484 -0.00413322448730469 -0.00800323486328125 -0.0494918823242188
-0.0164031982421875 -0.0256137847900391 -0.00639724731445313 -0.0388755798339844
0.0116977691650391 -0.0303764343261719 -0.00680160522460937 -0.0454826354980469
0.04248046875 -0.0110130310058594 -0.00827026367187499 -0.0731201171875
0.0508651733398438 0.020751953125 -0.00153350830078125 -0.110557556152344
0.0342788696289063 0.0425987243652344 0.0114059448242188 -0.124061584472656
0.0269546508789062 0.0665664672851563 0.0786514282226563 -0.078399658203125
0.0472373962402344 0.0172843933105469 0.0262508392333984 -0.0227069854736328
0.0263137817382813 -0.00774765014648438 0.0400848388671875 0.0176315307617187
0.00853919982910156 -0.0159626007080078 0.0775222778320312 -0.011962890625
-0.00278186798095703 -0.0124988555908203 0.06475830078125 -0.0613174438476563
-0.00863790512084961 -0.00723648071289062 0.0260772705078125 -0.0950851440429687
-0.0140066146850586 -0.0126848220825195 -0.00907135009765626 -0.094757080078125
-0.0147361755371094 -0.0168256759643555 -0.0173263549804688 -0.0724334716796875
-0.0167217254638672 -0.019317626953125 -0.0117149353027344 -0.0583152770996094
-0.00757789611816406 -0.0314178466796875 -0.00618362426757812 -0.049102783203125
0.0157852172851563 -0.0361366271972656 -0.00527381896972657 -0.0324516296386719
0.0425376892089844 -0.0211753845214844 -0.00881576538085938 -0.0355911254882813
0.0571670532226563 0.0243797302246094 -0.0166702270507812 -0.0589370727539063
0.0501518249511719 0.0652542114257813 -0.00827026367187499 -0.09368896484375
0.0210113525390625 0.0858917236328125 0.0108413696289062 -0.102806091308594
0.00640869140625001 0.107719421386719 0.0874252319335938 -0.0489501953125
0.0453872680664063 0.0664176940917969 0.0347766876220703 -0.00174903869628906
0.0506935119628906 0.0323677062988281 0.0460472106933594 0.0294075012207031
0.048614501953125 -0.00424957275390625 0.0846939086914063 -0.00140380859375
0.0311374664306641 -0.0249767303466797 0.0723342895507813 -0.049285888671875
0.0103073120117188 -0.03704833984375 0.0345077514648438 -0.0868301391601563
-0.00917816162109375 -0.0449066162109375 -0.00207519531250001 -0.0868606567382813
-0.00836944580078125 -0.0443344116210938 -0.0129508972167969 -0.0637588500976563
-0.00963592529296875 -0.0511932373046875 -0.00797271728515625 -0.0474815368652344
0.00883102416992188 -0.0565872192382813 -0.00620651245117187 -0.0386543273925781
0.0405960083007813 -0.0477256774902344 -0.00918960571289062 -0.0202007293701172
0.0668411254882813 -0.0189476013183594 -0.0139350891113281 -0.0236244201660156
0.0718231201171875 0.0466690063476563 -0.0257225036621094 -0.0441513061523438
0.0541458129882813 0.0965728759765625 -0.0132980346679688 -0.0709609985351563
0.0104751586914063 0.115943908691406 0.00447845458984375 -0.0717391967773437
-0.0207977294921875 0.130569458007813 0.0843887329101563 -0.00657653808593749
0.0303955078125 0.108123779296875 0.0382728576660156 0.0285186767578125
0.0631866455078125 0.074951171875 0.0470733642578125 0.0460090637207031
0.082794189453125 0.016754150390625 0.0841445922851562 0.014678955078125
0.0640525817871094 -0.0289077758789063 0.0733642578125 -0.0317840576171875
0.0320205688476563 -0.062225341796875 0.0382957458496094 -0.065673828125
-0.00106811523437501 -0.0700035095214844 0.00605010986328126 -0.067230224609375
-0.00125885009765624 -0.0670509338378906 -0.00695419311523437 -0.0455398559570313
-0.00260162353515624 -0.0747146606445313 -0.00306129455566406 -0.0265407562255859
0.0183181762695313 -0.075927734375 -0.00701141357421875 -0.0203342437744141
0.0579681396484375 -0.0564346313476562 -0.0133132934570312 -0.00440502166748047
0.0833816528320313 -0.0200881958007813 -0.0194435119628906 -0.0107097625732422
0.0824966430664063 0.058441162109375 -0.029815673828125 -0.0305442810058594
0.0551681518554687 0.113616943359375 -0.0107307434082031 -0.0465660095214844
0.00151824951171874 0.12957763671875 -0.00116920471191406 -0.0330963134765625
-0.0445175170898437 0.13104248046875 0.0700263977050781 0.0422096252441406
0.00653839111328126 0.127899169921875 0.0337982177734375 0.0630760192871094
0.056060791015625 0.106193542480469 0.0419692993164062 0.0617103576660156
0.0974197387695313 0.0407562255859375 0.0734405517578125 0.032958984375
0.0858688354492188 -0.0217666625976563 0.0642852783203125 -0.0077362060546875
0.0500564575195313 -0.0722503662109375 0.0385093688964844 -0.0372581481933594
0.00944519042968749 -0.0835494995117188 0.012603759765625 -0.0390281677246094
0.00579071044921874 -0.0787353515625 0.0011749267578125 -0.0189647674560547
0.00399017333984374 -0.0891571044921875 0.00225663185119629 -0.000744581222534185
0.0263900756835937 -0.0861129760742188 -0.00586938858032226 0.00416803359985351
0.0678901672363281 -0.0607261657714844 -0.0176544189453125 0.0152072906494141
0.0912322998046875 -0.018951416015625 -0.0242519378662109 0.00159263610839844
0.080078125 0.0654067993164063 -0.0290889739990234 -0.0203399658203125
0.0454940795898438 0.117500305175781 -0.00171089172363281 -0.022369384765625
-0.01116943359375 0.127510070800781 -0.00842523574829101 0.00700807571411134
-0.0607833862304687 0.106353759765625 0.0464859008789062 0.0856781005859375
-0.020965576171875 0.11773681640625 0.0222320556640625 0.0938949584960938
0.03350830078125 0.113121032714844 0.030670166015625 0.0739974975585938
0.0883941650390625 0.058746337890625 0.05450439453125 0.0464210510253906
0.0897140502929688 -0.008880615234375 0.0467185974121094 0.0141525268554687
0.0594482421875 -0.0680465698242188 0.029083251953125 -0.0076446533203125
0.0171737670898438 -0.0847930908203125 0.0155801773071289 -0.00607395172119141
0.0111541748046875 -0.07867431640625 0.00844240188598633 0.00858116149902343
0.0104522705078125 -0.0889663696289063 0.00867462158203125 0.0256309509277344
0.0321578979492187 -0.0843429565429688 -0.00811195373535156 0.0292129516601563
0.0705718994140625 -0.0556793212890625 -0.0226001739501953 0.0318965911865234
0.0893707275390625 -0.010589599609375 -0.0309314727783203 0.0124359130859375
0.0671157836914063 0.0704345703125 -0.0276374816894531 -0.0132503509521484
0.026092529296875 0.112167358398438 0.00621747970581055 -0.00156545639038085
-0.02734375 0.109794616699219 -0.0194206237792969 0.0449142456054688
-0.0639610290527344 0.0613594055175781 0.0233383178710938 0.116485595703125
-0.04071044921875 0.0828170776367188 0.00856781005859376 0.113899230957031
0.00366210937499999 0.0928878784179687 0.0196990966796875 0.0759506225585937
0.0601234436035156 0.0612144470214844 0.0330657958984375 0.0523185729980469
0.072784423828125 0.00493621826171875 0.0273933410644531 0.0288772583007813
0.0564079284667969 -0.0515518188476563 0.020538330078125 0.02008056640625
0.0222549438476562 -0.0690994262695312 0.0170345306396484 0.0237388610839844
0.0154762268066406 -0.06610107421875 0.0144596099853516 0.0351333618164062
0.0150527954101562 -0.0770034790039063 0.0110206604003906 0.0511970520019531
0.0335464477539063 -0.0726242065429688 -0.00992584228515625 0.0533294677734375
0.067413330078125 -0.0432167053222656 -0.0293922424316406 0.0489540100097656
0.077667236328125 -5.340576171875E-05 -0.03741455078125 0.0191612243652344
0.0473480224609375 0.0717391967773438 -0.0283184051513672 -0.00913619995117187
0.00119781494140625 0.0969696044921875 0.00741386413574219 0.0171127319335938
-0.043792724609375 0.078826904296875 -0.0355911254882812 0.0745773315429688
-0.0544166564941406 0.00656890869140625 0.00514984130859375 0.128501892089844
-0.0484657287597656 0.0334815979003906 0.000610351562499996 0.118438720703125
-0.0217437744140625 0.0532341003417969 0.0127601623535156 0.070098876953125
0.0238761901855469 0.0489044189453125 0.017791748046875 0.0508155822753906
0.0446319580078125 0.0142707824707031 0.012298583984375 0.0361289978027344
0.043304443359375 -0.0278396606445313 0.00999450683593751 0.0370216369628906
0.0227584838867187 -0.0445976257324219 0.0151405334472656 0.0472373962402344
0.0164413452148438 -0.0441513061523438 0.0182113647460938 0.0564155578613281
0.0173530578613281 -0.0542221069335938 0.0111312866210937 0.072479248046875
0.031280517578125 -0.0512046813964844 -0.0160293579101562 0.0727386474609375
0.0552597045898438 -0.0255622863769531 -0.0390853881835938 0.060089111328125
0.058624267578125 0.0103874206542969 -0.0474662780761719 0.023468017578125
0.0222930908203125 0.0627288818359375 -0.030853271484375 -0.00725364685058593
-0.0224494934082031 0.0681343078613281 0.00200653076171875 0.0293827056884766
-0.0542335510253906 0.0381088256835937 -0.0556488037109375 0.0921401977539062
0.04345703125 0.0173110961914063 0.0637054443359375 -0.100372314453125
0.0385246276855469 -0.0299873352050781 0.0148296356201172 -0.0329761505126953
-0.00451278686523438 -0.0398292541503906 0.0346145629882813 0.0112113952636719
-0.031280517578125 -0.0191783905029297 0.0690765380859375 -0.0184974670410156
-0.032257080078125 0.00514793395996094 0.0538139343261719 -0.0661163330078125
-0.0216655731201172 0.0264778137207031 0.0148391723632813 -0.0957717895507813
-0.0160198211669922 0.0224819183349609 -0.0169525146484375 -0.0929412841796875
-0.0190353393554687 0.0166969299316406 -0.0226058959960937 -0.0725250244140625
-0.0243644714355469 0.0162162780761719 -0.0178451538085938 -0.0607719421386719
-0.0279598236083984 -0.00269126892089844 -0.0108184814453125 -0.0506858825683594
-0.0172653198242188 -0.025360107421875 -0.00781250000000001 -0.0419387817382813
0.0105018615722656 -0.0318279266357422 -0.00733566284179687 -0.0495834350585938
0.0437049865722656 -0.0132255554199219 -0.008544921875 -0.0753860473632813
0.0528030395507813 0.0186004638671875 -0.00396728515625 -0.114532470703125
0.0377845764160156 0.0432243347167969 0.00817108154296875 -0.13079833984375
0.030059814453125 0.0687294006347656 0.0805282592773438 -0.0853652954101563
0.0499038696289063 0.0163307189941406 0.02685546875 -0.0241794586181641
0.026336669921875 -0.00922203063964844 0.0420341491699219 0.0184516906738281
0.00835800170898438 -0.0173606872558594 0.0800933837890625 -0.0144195556640625
-0.00368213653564453 -0.0123157501220703 0.0660438537597656 -0.0636215209960938
-0.00880241394042969 -0.00695037841796875 0.0237197875976562 -0.0998382568359375
-0.014678955078125 -0.01239013671875 -0.0125198364257813 -0.0972213745117188
-0.0162773132324219 -0.0153102874755859 -0.0213775634765625 -0.073089599609375
-0.0176105499267578 -0.0199203491210938 -0.0155868530273438 -0.0594978332519531
-0.00926589965820313 -0.0319690704345703 -0.0090179443359375 -0.0514373779296875
0.014251708984375 -0.037200927734375 -0.00751113891601562 -0.0349922180175781
0.0434494018554688 -0.0236587524414063 -0.009307861328125 -0.0395660400390625
0.0599899291992187 0.02325439453125 -0.0168800354003906 -0.061614990234375
0.0552864074707031 0.0656471252441406 -0.0110626220703125 -0.09722900390625
0.0243988037109375 0.0885162353515625 0.00813293457031249 -0.108612060546875
0.00976562500000001 0.111358642578125 0.0895462036132813 -0.0537948608398437
0.0497055053710938 0.0668525695800781 0.0355720520019531 -0.00286102294921875
0.054595947265625 0.0323867797851562 0.0478401184082031 0.0310401916503906
0.049591064453125 -0.0054779052734375 0.0865859985351563 -0.0017852783203125
0.0317592620849609 -0.0263214111328125 0.07470703125 -0.052825927734375
0.0101242065429687 -0.0395927429199219 0.0338287353515625 -0.0907821655273438
-0.0100746154785156 -0.0457000732421875 -0.0049285888671875 -0.089935302734375
-0.0103759765625 -0.0451316833496094 -0.0155296325683594 -0.0642890930175781
-0.0118064880371094 -0.0523910522460937 -0.0111503601074219 -0.0479850769042969
0.006134033203125 -0.0588722229003906 -0.00866317749023438 -0.0401802062988281
0.0405960083007813 -0.04974365234375 -0.0108718872070313 -0.0226020812988281
0.0689315795898438 -0.0224380493164062 -0.0147476196289063 -0.0262451171875
0.0758819580078125 0.0450592041015625 -0.0259323120117187 -0.0461273193359375
0.06024169921875 0.0982284545898438 -0.0150909423828125 -0.073455810546875
0.0155029296875 0.1204833984375 0.0037384033203125 -0.0763092041015625
-0.0168075561523438 0.136726379394531 0.087799072265625 -0.0102157592773437
0.0357666015625 0.110588073730469 0.0397224426269531 0.0283088684082031
0.06927490234375 0.0766448974609375 0.0488624572753906 0.0476188659667969
0.0861740112304688 0.0151214599609375 0.0866546630859375 0.0152359008789063
0.0651512145996094 -0.0321273803710938 0.0753250122070313 -0.0331573486328125
0.0310630798339844 -0.0643806457519531 0.0386085510253906 -0.07012939453125
-0.00236511230468749 -0.0720062255859375 0.00405120849609376 -0.0704269409179688
-0.00415420532226563 -0.0691947937011719 -0.00848388671875 -0.0455055236816406
-0.00605773925781249 -0.0786056518554687 -0.00548744201660156 -0.0279159545898438
0.0163192749023438 -0.0789031982421875 -0.00868606567382812 -0.0208244323730469
0.0571823120117188 -0.0618095397949219 -0.0149745941162109 -0.0048675537109375
0.0861740112304688 -0.0244674682617188 -0.0201778411865234 -0.0113010406494141
0.08685302734375 0.0580520629882813 -0.0304470062255859 -0.0319023132324219
0.0610885620117188 0.114936828613281 -0.0109748840332031 -0.0473480224609375
0.00537109375000001 0.134674072265625 -0.00201797485351562 -0.0360145568847656
-0.0420074462890625 0.139198303222656 0.0729522705078125 0.0407562255859375
0.010101318359375 0.1318359375 0.0357818603515625 0.0646629333496094
0.063201904296875 0.10894775390625 0.0438461303710938 0.0650253295898438
0.103775024414063 0.0394134521484375 0.0760726928710938 0.0333709716796875
0.0893020629882813 -0.0268783569335938 0.0658493041992188 -0.00868606567382813
0.0497207641601563 -0.0760879516601563 0.0385322570800781 -0.0400314331054688
0.00681304931640625 -0.086944580078125 0.0108489990234375 -0.0410995483398438
0.00201416015625 -0.0821075439453125 0.000141143798828127 -0.0205211639404297
0.000671386718750005 -0.0925827026367188 0.00186920166015625 -0.000767707824707037
0.02386474609375 -0.09014892578125 -0.008453369140625 0.00418806076049804
0.0675392150878906 -0.0668487548828125 -0.0189018249511719 0.014984130859375
0.0926589965820313 -0.0228500366210938 -0.0251960754394531 0.000978469848632812
0.0874786376953125 0.064788818359375 -0.0291748046875 -0.0210685729980469
0.0526885986328125 0.119552612304688 -0.00288772583007812 -0.0232734680175781
-0.00708770751953126 0.133079528808594 -0.00863075256347656 0.00634479522705079
-0.0594863891601563 0.114143371582031 0.0516738891601562 0.0884628295898438
-0.0179672241210937 0.124313354492188 0.0244216918945313 0.0979537963867188
0.0392227172851562 0.117179870605469 0.032440185546875 0.0769882202148438
0.0956802368164063 0.0574951171875 0.0565643310546875 0.0478858947753906
0.09210205078125 -0.0126495361328125 0.0483970642089844 0.0130081176757813
0.059844970703125 -0.073455810546875 0.0323886871337891 -0.00818634033203126
0.0139999389648437 -0.0882644653320313 0.0170087814331055 -0.00752067565917969
0.00865173339843749 -0.0816421508789063 0.00831365585327148 0.00806045532226562
0.00546264648437501 -0.0930862426757813 0.00729751586914062 0.0266456604003906
0.0281143188476562 -0.0891799926757813 -0.00850677490234375 0.0298137664794922
0.071380615234375 -0.0605850219726563 -0.0241851806640625 0.0353164672851562
0.0918197631835938 -0.014678955078125 -0.0309333801269531 0.0121059417724609
0.0746078491210938 0.0713653564453125 -0.0280418395996094 -0.0139923095703125
0.0323333740234375 0.114784240722656 0.00725460052490234 -0.00201988220214843
-0.0244979858398438 0.115303039550781 -0.0180587768554687 0.045989990234375
-0.0642776489257813 0.066558837890625 0.0270614624023437 0.121170043945313
-0.0392227172851563 0.08740234375 0.0105056762695313 0.1177978515625
0.00688934326171875 0.09759521484375 0.020660400390625 0.0784988403320312
0.0655403137207031 0.0600776672363281 0.0350608825683594 0.0545692443847656
0.076324462890625 0.00225067138671875 0.0292415618896484 0.0303401947021484
0.0570030212402344 -0.0560798645019531 0.0221977233886719 0.0193977355957031
0.0196990966796875 -0.0731658935546875 0.0181598663330078 0.0241279602050781
0.0134658813476563 -0.0695838928222656 0.0152454376220703 0.0349140167236328
0.0116195678710938 -0.081085205078125 0.0125198364257812 0.0526390075683594
0.031097412109375 -0.077423095703125 -0.0101966857910156 0.0550498962402344
0.0679206848144531 -0.0483589172363281 -0.0303955078125 0.0507698059082031
0.08135986328125 -0.0030364990234375 -0.0389785766601563 0.0199394226074219
0.0531005859375 0.0732421875 -0.0288677215576172 -0.009185791015625
0.00572204589843751 0.100082397460938 0.00861930847167969 0.0160865783691406
-0.0436630249023438 0.084136962890625 -0.0342941284179688 0.07769775390625
-0.0572547912597656 0.00963973999023437 0.0086669921875 0.135208129882813
-0.04864501953125 0.0363044738769531 0.00186920166015625 0.122779846191406
-0.019805908203125 0.056427001953125 0.0136566162109375 0.07354736328125
0.0282363891601563 0.0494651794433594 0.0187187194824219 0.054168701171875
0.0467987060546875 0.0125045776367188 0.0131683349609375 0.0376358032226563
0.0436058044433594 -0.0297126770019531 0.01318359375 0.0386734008789063
0.020599365234375 -0.0463752746582031 0.0179252624511719 0.0475387573242187
0.014678955078125 -0.04644775390625 0.0197639465332031 0.056884765625
0.0151596069335937 -0.0571212768554688 0.0144729614257813 0.074615478515625
0.0289878845214844 -0.0544281005859375 -0.0149383544921875 0.07586669921875
0.0556259155273438 -0.0298538208007813 -0.039520263671875 0.0638580322265625
0.0615196228027344 0.00707626342773437 -0.0495185852050781 0.0245361328125
0.0252876281738281 0.0648880004882813 -0.0326747894287109 -0.00782585144042969
-0.0204086303710938 0.0720367431640625 0.00386619567871094 0.0295944213867188
-0.0544700622558594 0.0412101745605469 -0.0554428100585937 0.0980377197265625
0.0457115173339844 0.0143470764160156 0.0593643188476563 -0.107688903808594
0.0378913879394531 -0.0341873168945313 0.0120735168457031 -0.0354423522949219
-0.0071868896484375 -0.0408821105957031 0.0356864929199219 0.0101127624511719
-0.0333652496337891 -0.0174789428710937 0.0701637268066406 -0.0217971801757813
-0.0330867767333984 0.00833511352539063 0.0531768798828125 -0.07049560546875
-0.0204238891601562 0.0277595520019531 0.0105743408203125 -0.0985031127929688
-0.0141086578369141 0.0242080688476563 -0.0229263305664062 -0.09381103515625
-0.0191974639892578 0.0187358856201172 -0.0274505615234375 -0.0729904174804688
-0.0235004425048828 0.0186443328857422 -0.0229339599609375 -0.0609359741210937
-0.0284175872802734 -0.000345230102539057 -0.0150337219238281 -0.0519676208496094
-0.019775390625 -0.0237903594970703 -0.0108261108398438 -0.0441017150878906
0.00808525085449219 -0.0339870452880859 -0.0100555419921875 -0.0524330139160156
0.043792724609375 -0.0170745849609375 -0.0111846923828125 -0.077117919921875
0.0561180114746094 0.01666259765625 -0.0081024169921875 -0.118301391601563
0.0415840148925781 0.0417671203613281 0.00199127197265625 -0.136398315429688
0.0353584289550781 0.0687179565429688 0.0783538818359375 -0.0937957763671875
0.0523414611816406 0.0136566162109375 0.0249767303466797 -0.0272617340087891
0.0274009704589844 -0.0106620788574219 0.0433845520019531 0.0176124572753906
0.00684833526611328 -0.0173416137695313 0.0823745727539063 -0.0172576904296875
-0.00409698486328125 -0.0122537612915039 0.0656661987304688 -0.0683784484863281
-0.00849580764770508 -0.00734376907348633 0.0199356079101562 -0.1029052734375
-0.0155563354492188 -0.0117225646972656 -0.0184783935546875 -0.0990829467773438
-0.0171289443969727 -0.0145416259765625 -0.0266265869140625 -0.0743026733398438
-0.0198936462402344 -0.018829345703125 -0.019775390625 -0.0607147216796875
-0.011016845703125 -0.0323219299316406 -0.013458251953125 -0.0513687133789063
0.0126838684082031 -0.0384902954101563 -0.0112648010253906 -0.0369987487792969
0.0428962707519531 -0.0262374877929687 -0.011322021484375 -0.0421180725097656
0.0629692077636719 0.0189208984375 -0.0190505981445312 -0.0631942749023438
0.0607795715332031 0.0642356872558594 -0.0151519775390625 -0.0997390747070313
0.0303726196289062 0.0905685424804688 0.00289154052734376 -0.114555358886719
0.0163650512695312 0.114326477050781 0.0903244018554688 -0.061431884765625
0.0551643371582031 0.0656661987304688 0.0362358093261719 -0.00592041015624999
0.0586395263671875 0.0300827026367188 0.0506706237792969 0.0304756164550781
0.051788330078125 -0.008758544921875 0.0901412963867188 -0.005218505859375
0.0308475494384766 -0.0288677215576172 0.07470703125 -0.0581130981445313
0.0081787109375 -0.041656494140625 0.0301361083984375 -0.0951995849609375
-0.0130157470703125 -0.046356201171875 -0.0106124877929688 -0.0920944213867188
-0.0134925842285156 -0.0462112426757812 -0.0209465026855469 -0.0657119750976563
-0.0158767700195312 -0.0528373718261719 -0.0153465270996094 -0.0488548278808594
0.00240707397460938 -0.060455322265625 -0.0135955810546875 -0.0407028198242188
0.0379714965820312 -0.0546188354492188 -0.0142631530761719 -0.0243301391601563
0.0692977905273438 -0.027374267578125 -0.0162849426269531 -0.0290298461914063
0.08221435546875 0.0417327880859375 -0.0275764465332031 -0.0473785400390625
0.0680618286132813 0.097259521484375 -0.0183181762695312 -0.075653076171875
0.0220718383789062 0.124107360839844 -0.000396728515625003 -0.080780029296875
-0.009307861328125 0.1431884765625 0.0907211303710938 -0.0150299072265625
0.0442733764648438 0.111442565917969 0.0416030883789063 0.02728271484375
0.0757369995117188 0.0746002197265625 0.0522193908691406 0.0486335754394531
0.0913772583007813 0.00984954833984375 0.0906829833984375 0.0112686157226563
0.0656967163085938 -0.0370979309082031 0.0765457153320312 -0.0374832153320313
0.0277290344238281 -0.0697097778320313 0.036895751953125 -0.0743942260742188
-0.0075836181640625 -0.0737686157226563 -0.000305175781249997 -0.0728759765625
-0.00841522216796875 -0.0706024169921875 -0.0121955871582031 -0.046966552734375
-0.0114059448242187 -0.0800399780273438 -0.00838851928710938 -0.0278282165527344
0.0108184814453125 -0.0825653076171875 -0.0128250122070312 -0.0205841064453125
0.0554428100585938 -0.067962646484375 -0.016845703125 -0.00582981109619141
0.08831787109375 -0.0306625366210938 -0.0215034484863281 -0.01385498046875
0.09539794921875 0.0536575317382813 -0.031229019165039 -0.0328578948974609
0.0711746215820312 0.115333557128906 -0.0134506225585937 -0.0502433776855469
0.0136795043945312 0.139472961425781 -0.0048065185546875 -0.0392990112304687
-0.035400390625 0.146194458007813 0.079376220703125 0.038116455078125
0.018707275390625 0.135955810546875 0.0395965576171875 0.0652656555175782
0.0727081298828125 0.109283447265625 0.0470237731933594 0.0659866333007813
0.110153198242187 0.0338058471679688 0.08013916015625 0.031829833984375
0.0904617309570313 -0.0322952270507813 0.0694084167480469 -0.0117988586425781
0.0465240478515625 -0.0825729370117188 0.0387344360351563 -0.0435523986816406
0.001251220703125 -0.0907440185546875 0.00899887084960938 -0.0433311462402344
-0.00273895263671876 -0.0848617553710938 -0.00189971923828125 -0.0211029052734375
-0.00710296630859375 -0.095367431640625 0.000703334808349609 -0.0022878646850586
0.0176010131835938 -0.0946731567382812 -0.010188102722168 0.00446796417236328
0.0659713745117187 -0.0727615356445312 -0.0196247100830078 0.0157852172851562
0.09625244140625 -0.0296707153320313 -0.0254650115966797 0.000408172607421878
0.09478759765625 0.0621566772460938 -0.0314311981201172 -0.0207023620605469
0.0629119873046875 0.120460510253906 -0.00333786010742187 -0.0256118774414062
-0.000541687011718739 0.138702392578125 -0.00916290283203125 0.00511741638183595
-0.0541534423828125 0.1214599609375 0.059661865234375 0.088592529296875
-0.0105514526367188 0.129119873046875 0.0294036865234375 0.0996170043945313
0.0485763549804688 0.118080139160156 0.0357666015625 0.0779647827148438
0.102989196777344 0.0526351928710937 0.0600852966308594 0.0478439331054687
0.0945205688476563 -0.0181732177734375 0.0515213012695313 0.0125465393066406
0.0560684204101563 -0.0795669555664063 0.033416748046875 -0.0106353759765625
0.00914001464843751 -0.0907058715820313 0.0167570114135742 -0.00861644744873047
0.00343322753906251 -0.0850677490234375 0.00896835327148438 0.00804615020751953
-0.000480651855468746 -0.0967025756835938 0.00879859924316406 0.0261554718017578
0.0219573974609375 -0.094757080078125 -0.00788116455078125 0.0317268371582031
0.0700721740722656 -0.0689506530761719 -0.0226936340332031 0.0360870361328125
0.0936050415039063 -0.0214614868164063 -0.0308628082275391 0.0129985809326172
0.08221435546875 0.069122314453125 -0.0291976928710937 -0.0133018493652344
0.041778564453125 0.116752624511719 0.00708675384521485 -0.00379085540771484
-0.0198211669921875 0.120712280273437 -0.0167922973632812 0.0466690063476563
-0.0621871948242187 0.074127197265625 0.0357131958007812 0.124420166015625
-0.0349655151367188 0.0925445556640625 0.01641845703125 0.121337890625
0.0134048461914062 0.099639892578125 0.0238800048828125 0.0805587768554687
0.07244873046875 0.058380126953125 0.0384559631347656 0.0555992126464844
0.0793685913085938 -0.0027618408203125 0.0329246520996094 0.0301151275634766
0.0550003051757813 -0.0621604919433594 0.0254383087158203 0.0195465087890625
0.015289306640625 -0.0766372680664062 0.02032470703125 0.0237808227539062
0.00862884521484375 -0.0724563598632813 0.0175743103027344 0.0358161926269531
0.00629425048828125 -0.0844650268554688 0.0160064697265625 0.0537338256835937
0.0260009765625 -0.0818557739257812 -0.0080718994140625 0.0567588806152344
0.0671577453613281 -0.054718017578125 -0.0287322998046875 0.0539054870605469
0.0843887329101563 -0.00859832763671875 -0.0382347106933594 0.0217514038085938
0.0607223510742187 0.0718841552734375 -0.0304851531982422 -0.00910758972167968
0.0132293701171875 0.10211181640625 0.00957870483398438 0.0146350860595703
-0.0397720336914062 0.0894012451171875 -0.0315093994140625 0.0813980102539062
-0.0579490661621094 0.0144920349121094 0.016693115234375 0.139846801757812
-0.0476799011230469 0.0410842895507813 0.0075836181640625 0.127006530761719
-0.0167465209960938 0.0611305236816406 0.0166549682617187 0.0755844116210938
0.0326156616210938 0.0490188598632813 0.0216827392578125 0.0559577941894531
0.0499000549316406 0.00973129272460938 0.0172805786132813 0.0386276245117187
0.0426483154296875 -0.0346717834472656 0.0170783996582031 0.0385284423828125
0.0177230834960938 -0.0501174926757812 0.0218544006347656 0.0477867126464844
0.0123519897460937 -0.0488052368164062 0.0232353210449219 0.0570564270019531
0.0117263793945312 -0.0594520568847656 0.0190658569335937 0.0755233764648438
0.0261192321777344 -0.0587310791015625 -0.0108261108398437 0.0786590576171875
0.0564460754394531 -0.0343818664550781 -0.0371627807617188 0.067596435546875
0.0642013549804688 0.00445556640625 -0.0485458374023437 0.0280075073242188
0.0322914123535156 0.0652275085449219 -0.0337562561035156 -0.00705337524414062
-0.0163421630859375 0.0756454467773438 0.00559616088867187 0.0291328430175781
-0.0543975830078125 0.0450286865234375 -0.051055908203125 0.103515625
0.0476188659667969 0.0108184814453125 0.0521011352539063 -0.114212036132812
0.0335350036621094 -0.03717041015625 0.00905990600585938 -0.0370330810546875
-0.0105819702148438 -0.0410690307617188 0.0376091003417969 0.0103988647460937
-0.0344104766845703 -0.0146217346191406 0.0701217651367188 -0.0257110595703125
-0.0321540832519531 0.0112667083740234 0.0502853393554688 -0.0732650756835938
-0.0176486968994141 0.0299243927001953 0.004547119140625 -0.10003662109375
-0.0118694305419922 0.0256500244140625 -0.0296859741210938 -0.0933609008789063
-0.0174465179443359 0.0210685729980469 -0.0337448120117187 -0.07086181640625
-0.0226211547851563 0.0209426879882812 -0.0272369384765625 -0.0598487854003906
-0.0291404724121094 0.00240516662597656 -0.0197601318359375 -0.050079345703125
-0.0213451385498047 -0.0222682952880859 -0.0142860412597656 -0.0461997985839844
0.00553321838378906 -0.0337963104248047 -0.0135650634765625 -0.0544509887695313
0.0419425964355469 -0.0211334228515625 -0.0149307250976562 -0.076904296875
0.05712890625 0.0114631652832031 -0.0155563354492187 -0.118995666503906
0.0448379516601563 0.0389404296875 -0.00694274902343751 -0.14080810546875
0.0402793884277344 0.0661277770996094 0.0714492797851563 -0.101951599121094
0.0527915954589844 0.0101814270019531 0.0222320556640625 -0.0286445617675781
0.0263309478759766 -0.0122909545898437 0.045501708984375 0.0158462524414063
0.00676727294921875 -0.0158882141113281 0.0820388793945313 -0.0213623046875
-0.004852294921875 -0.0120010375976562 0.062225341796875 -0.0743637084960938
-0.00826406478881836 -0.0057826042175293 0.0143051147460938 -0.104598999023438
-0.0161209106445313 -0.0109844207763672 -0.026153564453125 -0.0974349975585938
-0.0174064636230469 -0.0118322372436523 -0.0321121215820313 -0.0735626220703125
-0.0214347839355469 -0.0168437957763672 -0.0245552062988281 -0.0590782165527344
-0.0133609771728516 -0.0307636260986328 -0.0180168151855469 -0.0511245727539063
0.0115318298339844 -0.0396766662597656 -0.0152626037597656 -0.0387496948242188
0.0410346984863281 -0.0297775268554688 -0.0135650634765625 -0.0440750122070313
0.0653457641601563 0.0131797790527344 -0.0206794738769531 -0.0624961853027344
0.0649833679199219 0.0593719482421875 -0.02081298828125 -0.100265502929688
0.0372543334960938 0.0902023315429687 -0.00367736816406249 -0.117385864257812
0.0244293212890625 0.114212036132812 0.08697509765625 -0.06890869140625
0.0604438781738281 0.0618972778320312 0.0351047515869141 -0.00802803039550781
0.0625 0.0247039794921875 0.0511589050292969 0.02947998046875
0.0526313781738281 -0.01214599609375 0.092132568359375 -0.0098876953125
0.0299606323242187 -0.0304126739501953 0.0715789794921875 -0.063446044921875
0.005706787109375 -0.0441780090332031 0.02410888671875 -0.0970001220703125
-0.0158767700195313 -0.0449943542480469 -0.01708984375 -0.0916213989257812
-0.0182685852050781 -0.0460281372070313 -0.0257148742675781 -0.0636558532714844
-0.0189971923828125 -0.0519027709960938 -0.0195999145507813 -0.0470542907714844
-0.00241470336914062 -0.0608634948730469 -0.0177803039550781 -0.039398193359375
0.0347023010253906 -0.0579032897949219 -0.0176887512207031 -0.0240974426269531
0.0702896118164063 -0.0325698852539063 -0.0180587768554688 -0.0308017730712891
0.0862884521484375 0.036834716796875 -0.02935791015625 -0.0470542907714844
0.076202392578125 0.0935287475585938 -0.0223846435546875 -0.0758819580078125
0.0306396484375 0.123947143554688 -0.00639343261718749 -0.0835952758789062
0.000869750976562511 0.146316528320313 0.0915145874023438 -0.0226287841796875
0.050933837890625 0.108551025390625 0.0415153503417969 0.0250320434570313
0.0838775634765625 0.0696029663085938 0.0549201965332031 0.0460586547851563
0.0924758911132813 0.0034332275390625 0.0931625366210938 0.0074462890625
0.0644149780273438 -0.0422210693359375 0.0741195678710937 -0.0427322387695313
0.0232086181640625 -0.0737457275390625 0.0339431762695312 -0.0786285400390625
-0.0128250122070313 -0.074920654296875 -0.0053558349609375 -0.0746231079101563
-0.0140304565429688 -0.0694313049316406 -0.0144767761230469 -0.0450592041015625
-0.017730712890625 -0.0794677734375 -0.0113353729248047 -0.0282039642333984
0.00421905517578125 -0.08331298828125 -0.0162239074707031 -0.0206279754638672
0.0499267578125 -0.07257080078125 -0.0195255279541016 -0.00486564636230469
0.0857696533203125 -0.0377960205078125 -0.022369384765625 -0.0151348114013672
0.100730895996094 0.0460739135742188 -0.0313167572021484 -0.0308589935302734
0.081085205078125 0.10968017578125 -0.0166816711425781 -0.0496902465820312
0.0245895385742187 0.13995361328125 -0.0086517333984375 -0.0412940979003906
-0.026153564453125 0.15106201171875 0.0835723876953125 0.0315170288085938
0.0288162231445313 0.135505676269531 0.0435638427734375 0.062652587890625
0.0804290771484375 0.104576110839844 0.0487213134765625 0.0659408569335938
0.113021850585938 0.0245513916015625 0.0828094482421875 0.0285491943359375
0.088531494140625 -0.0397186279296875 0.0698127746582031 -0.0161209106445313
0.04058837890625 -0.0896835327148438 0.0375251770019531 -0.0456581115722656
-0.00517272949218751 -0.0918960571289063 0.0061492919921875 -0.0440330505371094
-0.0100021362304687 -0.085052490234375 -0.00181007385253906 -0.0202903747558594
-0.0152587890625 -0.096038818359375 -0.0010373592376709 -0.0019909143447876
0.00865173339843749 -0.0964736938476563 -0.0120143890380859 0.00594139099121093
0.0597610473632812 -0.0784912109375 -0.0211391448974609 0.01544189453125
0.094329833984375 -0.0387039184570313 -0.0257186889648437 0.00119209289550781
0.101570129394531 0.0543060302734375 -0.0308876037597656 -0.0205745697021484
0.0734100341796875 0.1163330078125 -0.0040130615234375 -0.026947021484375
0.00865936279296877 0.13970947265625 -0.0100669860839844 0.00441360473632813
-0.0465469360351562 0.127029418945313 0.0621719360351563 0.08489990234375
-0.000755310058593756 0.130905151367188 0.0362167358398438 0.0974349975585937
0.0567092895507813 0.11602783203125 0.0392913818359375 0.0769271850585938
0.106956481933594 0.0448532104492188 0.0632553100585938 0.0446891784667969
0.0926361083984375 -0.0259780883789063 0.0524673461914063 0.0101470947265625
0.0501632690429687 -0.0858001708984375 0.0335559844970703 -0.0143222808837891
0.00293731689453125 -0.0911865234375 0.0170154571533203 -0.010045051574707
-0.00274658203125001 -0.0848312377929687 0.00707674026489258 0.00787591934204101
-0.00879669189453125 -0.099945068359375 0.0096282958984375 0.0243110656738281
0.0146102905273438 -0.0972900390625 -0.00699234008789062 0.0312728881835937
0.0643081665039063 -0.0756912231445312 -0.0215225219726563 0.0394248962402344
0.0934524536132813 -0.0299530029296875 -0.0298500061035156 0.0138168334960937
0.0883941650390625 0.062744140625 -0.0298690795898437 -0.0132427215576172
0.0524978637695313 0.114982604980469 0.00631237030029297 -0.00594329833984374
-0.0116043090820312 0.121223449707031 -0.0151329040527344 0.0482101440429688
-0.0577774047851562 0.0798721313476563 0.045379638671875 0.123611450195313
-0.0297775268554688 0.0961532592773437 0.0244064331054688 0.121498107910156
0.0209732055664063 0.1002197265625 0.0271072387695313 0.081085205078125
0.0786209106445312 0.052734375 0.0408248901367188 0.0553245544433594
0.0805435180664062 -0.0088043212890625 0.0353164672851563 0.0294036865234375
0.0499038696289062 -0.0672187805175781 0.0274467468261719 0.0171947479248047
0.00877380371093749 -0.0795974731445313 0.0215358734130859 0.0214900970458984
0.00238800048828125 -0.0733718872070313 0.019744873046875 0.0347766876220703
0.000274658203124993 -0.085479736328125 0.0187644958496094 0.052001953125
0.0202407836914062 -0.0853424072265625 -0.00639343261718749 0.0575637817382812
0.0633277893066406 -0.061309814453125 -0.0251884460449219 0.0557518005371094
0.0852203369140625 -0.0152740478515625 -0.0386123657226563 0.0237884521484375
0.06573486328125 0.0684547424316406 -0.0312843322753906 -0.00877189636230468
0.0221939086914063 0.101272583007813 0.011021614074707 0.0128765106201172
-0.0332794189453125 0.0936737060546875 -0.02642822265625 0.082855224609375
-0.0584640502929687 0.018585205078125 0.0267333984375 0.140914916992188
-0.0442428588867187 0.0451812744140625 0.0154342651367188 0.127044677734375
-0.0122108459472656 0.0616912841796875 0.020782470703125 0.0773162841796875
0.0374984741210938 0.0468521118164062 0.0248641967773438 0.0559463500976562
0.0511550903320313 0.00635910034179688 0.0213127136230469 0.0377960205078125
0.0391921997070313 -0.0392494201660156 0.02142333984375 0.0385513305664063
0.0130348205566406 -0.052398681640625 0.0255851745605469 0.0457496643066406
0.00824737548828125 -0.0510063171386719 0.02813720703125 0.0544853210449219
0.00769042968750001 -0.0600929260253906 0.024993896484375 0.0742568969726563
0.021148681640625 -0.0609321594238281 -0.00580596923828125 0.0801162719726563
0.0536384582519531 -0.0409812927246094 -0.0315628051757812 0.0706710815429688
0.0644874572753906 -0.0009918212890625 -0.0482215881347656 0.0319938659667969
0.0356178283691406 0.0650367736816406 -0.0369300842285156 -0.00642776489257812
-0.010009765625 0.0777435302734375 0.00765037536621094 0.0269641876220703
-0.0518417358398437 0.0493278503417969 -0.0436553955078125 0.108612060546875
0.045257568359375 0.00649642944335938 0.0437774658203125 -0.113525390625
0.0304450988769531 -0.0382003784179688 0.00729751586914063 -0.0379791259765625
-0.0124588012695312 -0.0422630310058594 0.0362091064453125 0.00965499877929687
-0.0340614318847656 -0.0130939483642578 0.0679931640625 -0.0291404724121094
-0.030303955078125 0.0116748809814453 0.0456619262695313 -0.0769271850585938
-0.0150241851806641 0.0323410034179688 -0.000259399414062505 -0.0947418212890625
-0.00886154174804687 0.0269317626953125 -0.037017822265625 -0.08905029296875
-0.0148830413818359 0.0235881805419922 -0.0369491577148438 -0.0673713684082031
-0.0197391510009766 0.0205287933349609 -0.0319747924804688 -0.0566787719726563
-0.0250835418701172 0.00441932678222656 -0.0212287902832031 -0.0473403930664063
-0.0241622924804688 -0.0216941833496094 -0.0164413452148437 -0.0452079772949219
0.0033111572265625 -0.0337657928466797 -0.0153999328613281 -0.0537910461425781
0.0387115478515625 -0.0243339538574219 -0.0172576904296875 -0.0727996826171875
0.0581932067871094 0.00731277465820312 -0.0207366943359375 -0.116188049316406
0.0473136901855469 0.0368270874023438 -0.0172653198242188 -0.137237548828125
0.0450935363769531 0.0614547729492188 0.0655059814453125 -0.107009887695313
0.0528907775878906 0.00780868530273438 0.0193576812744141 -0.0312232971191406
0.0239887237548828 -0.0136508941650391 0.0451736450195313 0.0161209106445313
0.00442314147949219 -0.0185070037841797 0.0784759521484375 -0.0249862670898438
-0.00419235229492187 -0.0107812881469727 0.0573501586914062 -0.0748672485351563
-0.00710582733154297 -0.00652170181274414 0.00645446777343751 -0.103652954101563
-0.0157060623168945 -0.00901699066162109 -0.0284423828125 -0.0918807983398437
-0.0162639617919922 -0.0107364654541016 -0.0369796752929687 -0.0682334899902344
-0.0218906402587891 -0.0147914886474609 -0.0299949645996094 -0.0561370849609375
-0.0130500793457031 -0.0286521911621094 -0.0234375 -0.0478935241699219
0.00986480712890625 -0.0393409729003906 -0.0173873901367187 -0.0381660461425781
0.0376625061035156 -0.0321426391601563 -0.0179824829101563 -0.0449638366699219
0.0632286071777344 0.0105323791503906 -0.0209999084472656 -0.0605239868164063
0.0710296630859375 0.054595947265625 -0.0213775634765625 -0.0967025756835938
0.041473388671875 0.0853500366210938 -0.0110397338867188 -0.117477416992187
0.0302047729492188 0.112411499023438 0.0823974609375 -0.0722732543945313
0.0627708435058594 0.0567245483398437 0.0320110321044922 -0.010162353515625
0.0603828430175781 0.0202751159667969 0.0533065795898438 0.025909423828125
0.0513114929199219 -0.0155487060546875 0.090667724609375 -0.01800537109375
0.0292186737060547 -0.0317897796630859 0.0682182312011719 -0.0649337768554688
0.00270843505859375 -0.0427932739257813 0.0194244384765625 -0.0983352661132812
-0.0193061828613281 -0.044708251953125 -0.0216217041015625 -0.0890960693359375
-0.0170173645019531 -0.0430450439453125 -0.0301055908203125 -0.0596694946289063
-0.0221176147460937 -0.0499076843261719 -0.0223960876464844 -0.0453529357910156
-0.00595474243164063 -0.0591773986816406 -0.0223197937011719 -0.0366172790527344
0.0311241149902344 -0.0589027404785156 -0.0205898284912109 -0.0272808074951172
0.0641975402832031 -0.0379867553710938 -0.0188694000244141 -0.0323276519775391
0.0863037109375 0.0282516479492188 -0.0308723449707031 -0.0456008911132812
0.0804290771484375 0.0881195068359375 -0.02349853515625 -0.0750732421875
0.0391159057617188 0.11883544921875 -0.0114822387695312 -0.083465576171875
0.0105972290039062 0.139190673828125 0.0907821655273438 -0.0294265747070312
0.0565261840820312 0.103996276855469 0.0392303466796875 0.0188179016113281
0.0847396850585938 0.0619354248046875 0.0560073852539063 0.0401420593261719
0.0895156860351562 -0.00208282470703125 0.09002685546875 0.004730224609375
0.0616455078125 -0.0432052612304688 0.0705108642578125 -0.048248291015625
0.017730712890625 -0.0741424560546875 0.0295181274414063 -0.0787887573242187
-0.017608642578125 -0.0721054077148437 -0.0116310119628906 -0.0698318481445313
-0.01812744140625 -0.0671043395996094 -0.0211372375488281 -0.0424041748046875
-0.022857666015625 -0.0767745971679688 -0.0149936676025391 -0.0281200408935547
-0.00246429443359375 -0.0814285278320313 -0.0188255310058594 -0.0186214447021484
0.045013427734375 -0.0741195678710938 -0.02105712890625 -0.00288009643554688
0.080352783203125 -0.0407867431640625 -0.0246562957763672 -0.016143798828125
0.101768493652344 0.04046630859375 -0.0312442779541016 -0.0325202941894531
0.087799072265625 0.105079650878906 -0.0149955749511719 -0.0477371215820312
0.0304107666015625 0.140068054199219 -0.00942230224609374 -0.0394859313964844
-0.0152435302734375 0.151229858398437 0.0848159790039063 0.0263137817382813
0.03594970703125 0.131782531738281 0.0452613830566406 0.0592842102050781
0.0864105224609375 0.096710205078125 0.0501060485839844 0.0594291687011719
0.11199951171875 0.0180740356445313 0.0839614868164063 0.02484130859375
0.0825576782226563 -0.0462799072265625 0.0672035217285156 -0.0157928466796875
0.0357513427734375 -0.08892822265625 0.0327301025390625 -0.045684814453125
-0.0119552612304688 -0.0862197875976563 0.00557708740234375 -0.0432662963867188
-0.0122756958007813 -0.0822677612304688 -0.00668144226074219 -0.0198383331298828
-0.0213775634765625 -0.0918350219726562 -2.51829624176039E-05 -0.000386118888854986
0.00128173828125001 -0.0975341796875 -0.01171875 0.00424194335937499
0.0557098388671875 -0.0815200805664063 -0.0198783874511719 0.0184268951416016
0.0906906127929688 -0.0455703735351563 -0.0231456756591797 0.00159454345703125
0.101615905761719 0.0473861694335938 -0.0320243835449219 -0.0210342407226563
0.0777969360351562 0.107215881347656 -0.00545120239257812 -0.0269927978515625
0.01824951171875 0.139694213867187 -0.0079813003540039 0.00546741485595704
-0.0409393310546875 0.127128601074219 0.0667724609375 0.08154296875
0.00442504882812501 0.128395080566406 0.0396499633789063 0.0939483642578125
0.062225341796875 0.112442016601563 0.0437774658203125 0.075958251953125
0.107345581054688 0.0386428833007813 0.0675888061523438 0.0390625
0.0961227416992188 -0.0333023071289063 0.0561256408691406 0.0084228515625
0.043792724609375 -0.0889968872070313 0.0334072113037109 -0.0157985687255859
-0.00603485107421874 -0.087615966796875 0.0121803283691406 -0.00815200805664063
-0.00906372070312501 -0.0836715698242188 0.00414085388183594 0.00788068771362304
-0.0133895874023437 -0.0950164794921875 0.0124588012695313 0.0219497680664062
0.00836944580078126 -0.0985107421875 -0.00936126708984375 0.0356864929199219
0.06195068359375 -0.078033447265625 -0.0203132629394531 0.0372200012207031
0.0897445678710938 -0.0362777709960938 -0.0303325653076172 0.0119209289550781
0.0926742553710938 0.056427001953125 -0.0303802490234375 -0.0128021240234375
0.05938720703125 0.106559753417969 0.00663185119628907 -0.00766372680664062
-0.00384521484374999 0.127899169921875 -0.0112152099609375 0.0475349426269531
-0.051300048828125 0.082763671875 0.0515899658203125 0.118125915527344
-0.0193328857421875 0.0960617065429688 0.029632568359375 0.118865966796875
0.02593994140625 0.097808837890625 0.0276107788085937 0.07781982421875
0.0794448852539063 0.0478439331054687 0.044097900390625 0.0526008605957031
0.0786895751953125 -0.0132522583007813 0.0362510681152344 0.0284576416015625
0.0454864501953125 -0.0714492797851563 0.0309658050537109 0.0159759521484375
0.005218505859375 -0.0795745849609375 0.0225582122802734 0.0194511413574219
-0.000434875488281257 -0.0705032348632813 0.0209426879882813 0.0314998626708984
-0.00823974609375 -0.083526611328125 0.021209716796875 0.049591064453125
0.0144729614257813 -0.082244873046875 -0.00302124023437499 0.0556564331054687
0.057708740234375 -0.0641517639160156 -0.0228271484375 0.054290771484375
0.0828857421875 -0.0222854614257813 -0.0358200073242187 0.0256805419921875
0.0700569152832031 0.0630531311035156 -0.0314483642578125 -0.00927162170410156
0.0272750854492188 0.0989532470703125 0.0106973648071289 0.0113601684570313
-0.0268783569335937 0.0949325561523438 -0.0220413208007812 0.0815582275390625
-0.0560340881347656 0.021697998046875 0.033538818359375 0.135826110839844
-0.0401077270507812 0.0464286804199219 0.0220794677734375 0.126075744628906
-0.00752258300781251 0.0610008239746094 0.0210113525390625 0.0743179321289062
0.0403823852539062 0.0422859191894531 0.0255088806152344 0.0577163696289063
0.0528793334960938 0.00288772583007813 0.0242347717285156 0.0405120849609375
0.0355033874511719 -0.0440216064453125 0.022674560546875 0.0366897583007813
0.01312255859375 -0.0503044128417969 0.0284576416015625 0.0454521179199219
0.00516510009765625 -0.049163818359375 0.0316658020019531 0.05194091796875
-0.00024795532226563 -0.063446044921875 0.0294876098632813 0.0718994140625
0.0164985656738281 -0.0616264343261719 -0.000473022460937504 0.0810470581054688
0.051361083984375 -0.044219970703125 -0.0286178588867187 0.0723342895507813
0.0642509460449219 -0.00366973876953125 -0.0443763732910156 0.0339584350585938
0.0433502197265625 0.0606193542480469 -0.0347919464111328 -0.00341606140136719
-0.00314331054687501 0.0760116577148438 0.00954055786132813 0.026702880859375
-0.0480117797851563 0.0534744262695313 -0.0360031127929688 0.109474182128906
0.0452079772949219 0.005706787109375 0.038787841796875 -0.115043640136719
0.0287055969238281 -0.03924560546875 0.00360870361328126 -0.0356330871582031
-0.0142898559570312 -0.0372123718261719 0.0359115600585938 0.008148193359375
-0.0350189208984375 -0.00896072387695312 0.0652236938476563 -0.0286636352539062
-0.0279788970947266 0.0152854919433594 0.0426254272460938 -0.0748672485351563
-0.0141677856445313 0.0297298431396484 -0.00367736816406249 -0.0946578979492188
-0.00797653198242187 0.0249004364013672 -0.0350799560546875 -0.085174560546875
-0.0133190155029297 0.0236740112304688 -0.0377006530761719 -0.0636520385742188
-0.0184497833251953 0.0218582153320313 -0.0325050354003906 -0.0538444519042969
-0.026458740234375 0.00719833374023437 -0.0244407653808594 -0.0464706420898438
-0.0223369598388672 -0.0168380737304687 -0.0204582214355469 -0.0434074401855469
0.000183105468750003 -0.0330085754394531 -0.0173912048339844 -0.0535354614257813
0.037200927734375 -0.0234947204589844 -0.0164794921875 -0.0745849609375
0.0562019348144531 0.0057830810546875 -0.021728515625 -0.112640380859375
0.0478515625 0.0323524475097656 -0.0189895629882813 -0.135910034179687
0.0462074279785156 0.059295654296875 0.0591354370117188 -0.105392456054688
0.0534210205078125 0.00263214111328125 0.017852783203125 -0.029144287109375
0.0250377655029297 -0.0147075653076172 0.0450248718261719 0.0150833129882812
0.00480461120605469 -0.0175409317016602 0.0765304565429688 -0.0265731811523438
-0.00431537628173828 -0.0101461410522461 0.053802490234375 -0.0742645263671875
-0.00832891464233398 -0.00683259963989258 0.00380706787109376 -0.0999984741210937
-0.0160284042358398 -0.00983810424804688 -0.0329055786132813 -0.0902633666992188
-0.0179557800292969 -0.0105094909667969 -0.0356483459472656 -0.0651893615722656
-0.0216560363769531 -0.0125865936279297 -0.0310440063476563 -0.0534858703613281
-0.0160636901855469 -0.0269603729248047 -0.0245895385742188 -0.0459175109863281
0.0062255859375 -0.0375709533691406 -0.0190200805664062 -0.0374832153320313
0.0355873107910156 -0.0316581726074219 -0.0171356201171875 -0.0459175109863281
0.0621566772460938 0.00890731811523438 -0.0219955444335938 -0.0601234436035156
0.0682640075683594 0.0503120422363281 -0.0240554809570312 -0.0942764282226563
0.0436019897460937 0.0831451416015625 -0.0148239135742187 -0.115547180175781
0.0324783325195313 0.107284545898438 0.0761260986328125 -0.0764083862304687
0.0618743896484375 0.0526390075683594 0.0308570861816406 -0.0110740661621094
0.0608329772949219 0.0199356079101562 0.0505790710449219 0.0273628234863281
0.0506362915039063 -0.0172996520996094 0.0858535766601563 -0.0165023803710938
0.0263385772705078 -0.0316047668457031 0.0647926330566406 -0.0643386840820313
0.00110244750976562 -0.0432777404785156 0.0159912109375 -0.0945663452148438
-0.0182914733886719 -0.0416030883789063 -0.0252532958984375 -0.085479736328125
-0.0206794738769531 -0.0410652160644531 -0.0318527221679687 -0.0561332702636719
-0.0239791870117187 -0.0475273132324219 -0.02349853515625 -0.0432205200195313
-0.00786209106445312 -0.05767822265625 -0.0236930847167969 -0.036376953125
0.0277938842773437 -0.0574264526367188 -0.02056884765625 -0.0233020782470703
0.0615615844726563 -0.0385475158691406 -0.0203647613525391 -0.0316276550292969
0.08599853515625 0.0265426635742188 -0.029815673828125 -0.0451240539550781
0.0816497802734375 0.0807342529296875 -0.0254592895507812 -0.0721664428710938
0.040771484375 0.115394592285156 -0.0129776000976563 -0.08197021484375
0.0136795043945312 0.139366149902344 0.086181640625 -0.0316696166992187
0.0573501586914063 0.0987319946289063 0.0406227111816406 0.0186691284179688
0.0854568481445313 0.0590438842773438 0.0550117492675781 0.043212890625
0.0894851684570313 -0.006378173828125 0.0906219482421875 0.00121307373046875
0.0575790405273437 -0.0461502075195313 0.0689353942871094 -0.0453987121582031
0.0144729614257812 -0.0733108520507813 0.0252151489257813 -0.0769424438476563
-0.019195556640625 -0.0702323913574219 -0.0114555358886719 -0.0692939758300781
-0.0193405151367187 -0.0644454956054688 -0.0218849182128906 -0.040863037109375
-0.0261688232421875 -0.0739517211914063 -0.015106201171875 -0.0248966217041016
-0.00484466552734375 -0.0782241821289063 -0.0203285217285156 -0.0172748565673828
0.0392532348632813 -0.0751876831054688 -0.0203742980957031 -0.00455856323242188
0.0783157348632813 -0.0451812744140625 -0.0244216918945313 -0.0170612335205078
0.100967407226563 0.0352401733398438 -0.0310344696044922 -0.0319175720214844
0.0875778198242188 0.096343994140625 -0.0181503295898437 -0.0485916137695312
0.033416748046875 0.132156372070313 -0.0111274719238281 -0.0410728454589844
-0.009735107421875 0.146194458007813 0.0831832885742188 0.0225372314453125
0.0396270751953125 0.125320434570313 0.0456428527832031 0.055267333984375
0.0886993408203125 0.094482421875 0.0520172119140625 0.0614204406738281
0.111457824707031 0.0118179321289063 0.0818634033203125 0.0223541259765625
0.0809783935546875 -0.0460205078125 0.0669441223144531 -0.0187530517578125
0.0283889770507812 -0.0894546508789063 0.0318069458007813 -0.0482215881347656
-0.0145187377929688 -0.086639404296875 0.001708984375 -0.0430679321289063
-0.0160980224609375 -0.0790328979492188 -0.00692558288574219 -0.0189456939697266
-0.023956298828125 -0.0889892578125 -0.00277423858642578 -0.00295448303222657
-0.00195312499999999 -0.0916366577148438 -0.0132722854614258 0.00740528106689452
0.0497360229492187 -0.0822219848632813 -0.0201797485351563 0.0166034698486328
0.0870742797851563 -0.0466232299804688 -0.0277328491210937 -0.000919342041015624
0.102134704589844 0.0430831909179688 -0.0306587219238281 -0.0206184387207031
0.0808486938476563 0.104240417480469 -0.00543403625488281 -0.0267295837402344
0.021209716796875 0.13250732421875 -0.00940322875976562 0.00426197052001954
-0.0317916870117188 0.124038696289063 0.0687942504882813 0.0756607055664063
0.00798797607421875 0.124046325683594 0.0411224365234375 0.0901565551757813
0.06561279296875 0.108009338378906 0.0415267944335938 0.073699951171875
0.108543395996094 0.032989501953125 0.0650634765625 0.0405998229980469
0.089019775390625 -0.0359573364257813 0.0527420043945313 0.0065460205078125
0.0395126342773438 -0.085784912109375 0.0332546234130859 -0.0150489807128906
-0.007598876953125 -0.0879592895507813 0.0132722854614258 -0.0109653472900391
-0.0110397338867187 -0.0812301635742188 0.00784635543823242 0.00654983520507812
-0.019989013671875 -0.0929718017578125 0.0111846923828125 0.0249595642089844
0.003326416015625 -0.0951614379882813 -0.0074462890625 0.0310115814208984
0.0543975830078125 -0.0804367065429688 -0.0197296142578125 0.0378265380859375
0.0883102416992188 -0.0389251708984375 -0.0277481079101562 0.012237548828125
0.0922927856445312 0.051849365234375 -0.0298309326171875 -0.0143394470214844
0.062347412109375 0.102760314941406 0.00631523132324219 -0.00730800628662109
-0.00122833251953125 0.120658874511719 -0.008758544921875 0.0469627380371094
-0.0470809936523437 0.0826568603515625 0.0543899536132812 0.113716125488281
-0.018157958984375 0.0940475463867188 0.0308609008789062 0.11407470703125
0.02984619140625 0.0958404541015625 0.0310592651367188 0.0780258178710938
0.0806961059570313 0.0437164306640625 0.0442924499511719 0.0521202087402344
0.0763397216796875 -0.0161972045898438 0.0373764038085938 0.0276985168457031
0.0403327941894531 -0.0701751708984375 0.030670166015625 0.0131950378417969
-0.00030517578125 -0.0755691528320313 0.0229511260986328 0.0183010101318359
-0.0044403076171875 -0.0716094970703125 0.0200996398925781 0.0304756164550781
-0.00969696044921876 -0.082489013671875 0.0207901000976562 0.0476264953613281
0.007904052734375 -0.0819473266601562 -0.00202178955078125 0.0549278259277344
0.0545310974121094 -0.06622314453125 -0.0210647583007812 0.0560989379882813
0.0808944702148438 -0.0246353149414063 -0.0341663360595703 0.0229454040527344
0.0725173950195312 0.0577316284179688 -0.0302314758300781 -0.00769042968749999
0.0311965942382813 0.095733642578125 0.0115861892700195 0.00927448272705079
-0.0243759155273437 0.0923843383789062 -0.0176849365234375 0.0814743041992187
-0.0517044067382812 0.0244789123535156 0.0381240844726562 0.134994506835938
-0.03778076171875 0.0482368469238281 0.0251007080078125 0.120201110839844
-0.00415802001953125 0.0626411437988281 0.0225982666015625 0.0728530883789062
0.0423469543457031 0.0404052734375 0.0277824401855469 0.0538787841796875
0.0501518249511719 0.0002288818359375 0.0247383117675781 0.0356826782226563
0.0326194763183594 -0.0427932739257812 0.0253009796142578 0.0341434478759766
0.00711441040039063 -0.0521926879882813 0.0278053283691406 0.04052734375
0.000823974609375002 -0.0501823425292969 0.0305595397949219 0.050079345703125
0.000209808349609379 -0.0606040954589844 0.0283050537109375 0.068145751953125
0.0127830505371094 -0.0609512329101563 -0.000335693359374993 0.076171875
0.0470314025878906 -0.0444526672363281 -0.0265235900878906 0.0696792602539063
0.0634613037109375 -0.00844955444335938 -0.0432510375976562 0.031646728515625
0.04400634765625 0.0576858520507813 -0.0332679748535156 -0.00590896606445312
-0.00143432617187499 0.0731048583984375 0.0100231170654297 0.0237178802490234
-0.0455436706542969 0.0520820617675781 -0.0316619873046875 0.106643676757813
0.0448417663574219 0.00480270385742188 0.03662109375 -0.113685607910156
0.0277748107910156 -0.0399284362792969 0.00192451477050781 -0.0347728729248047
-0.0137977600097656 -0.0366859436035156 0.0352020263671875 0.00915908813476562
-0.0348224639892578 -0.00819778442382813 0.0660324096679688 -0.0287322998046875
-0.0274734497070313 0.0155124664306641 0.0425567626953125 -0.0731277465820313
-0.0129623413085938 0.0303936004638672 -0.00396728515625 -0.0927352905273438
-0.00742912292480469 0.0262336730957031 -0.0359115600585938 -0.0836105346679688
-0.0118751525878906 0.0232086181640625 -0.0380859375 -0.0620803833007813
-0.0169162750244141 0.0235157012939453 -0.0332260131835938 -0.0516929626464844
-0.0252094268798828 0.00710296630859375 -0.0244979858398437 -0.0459327697753906
-0.0229377746582031 -0.0160179138183594 -0.0210227966308594 -0.0435829162597656
0.000263214111328125 -0.0317153930664063 -0.0178413391113281 -0.0540657043457031
0.0365257263183594 -0.0241355895996094 -0.014404296875 -0.0737762451171875
0.0550041198730469 0.00506973266601563 -0.0210113525390625 -0.11236572265625
0.0479888916015625 0.032684326171875 -0.0198822021484375 -0.134796142578125
0.0435981750488281 0.0590324401855469 0.0574798583984375 -0.105484008789063
0.0503692626953125 0.00205612182617187 0.0149154663085938 -0.0295028686523437
0.0244159698486328 -0.0145759582519531 0.04345703125 0.0157737731933594
0.00486946105957031 -0.0168514251708984 0.0767745971679687 -0.0262985229492187
-0.00421428680419922 -0.00973224639892578 0.05450439453125 -0.0731430053710938
-0.00913238525390625 -0.00652790069580078 0.00345611572265626 -0.09967041015625
-0.0156946182250977 -0.0087575912475586 -0.0340194702148437 -0.089111328125
-0.0169954299926758 -0.00866031646728515 -0.0371894836425781 -0.0634078979492188
-0.0210056304931641 -0.0125160217285156 -0.031585693359375 -0.0518875122070313
-0.0156421661376953 -0.0261363983154297 -0.0249137878417969 -0.045257568359375
0.00480270385742187 -0.0365829467773438 -0.0201797485351562 -0.0376396179199219
0.0349502563476563 -0.0319671630859375 -0.0179214477539063 -0.0463829040527344
0.0618858337402344 0.0069732666015625 -0.020263671875 -0.0599021911621094
0.0671615600585938 0.0493431091308594 -0.0240554809570312 -0.0942840576171875
0.0444259643554688 0.0813140869140625 -0.0159378051757813 -0.114662170410156
0.0344009399414062 0.105781555175781 0.0745697021484375 -0.0768585205078125
0.0616111755371094 0.0510215759277344 0.02935791015625 -0.0122623443603516
0.0606727600097656 0.01947021484375 0.0505180358886719 0.0273208618164063
0.048065185546875 -0.0169754028320313 0.086212158203125 -0.0155487060546875
0.0254669189453125 -0.0325756072998047 0.06427001953125 -0.0639991760253906
4.19616699218762E-05 -0.0420379638671875 0.0148391723632812 -0.0935516357421875
-0.0198707580566406 -0.0421104431152344 -0.0257339477539063 -0.0837936401367188
-0.0201339721679688 -0.0402565002441406 -0.0324172973632812 -0.0558395385742188
-0.0245399475097656 -0.0462493896484375 -0.02587890625 -0.041839599609375
-0.00947952270507812 -0.0557365417480469 -0.0244464874267578 -0.0342426300048828
0.0254554748535156 -0.0574607849121094 -0.0223541259765625 -0.0235633850097656
0.0604171752929688 -0.0381393432617188 -0.0214252471923828 -0.0332241058349609
0.0841751098632813 0.0251312255859375 -0.0273818969726562 -0.0455589294433594
0.0817489624023438 0.079193115234375 -0.0242462158203125 -0.0721511840820313
0.0414199829101563 0.115318298339844 -0.0147628784179688 -0.0816802978515625
0.0148162841796875 0.137077331542969 0.0839385986328125 -0.0330886840820312
0.0580062866210937 0.0960311889648438 0.0390472412109375 0.0175285339355469
0.0846633911132813 0.0582809448242188 0.0531120300292969 0.0445785522460938
0.0882110595703125 -0.00707244873046875 0.0885162353515625 0.00250244140625
0.0571060180664063 -0.046783447265625 0.0687675476074219 -0.0440559387207031
0.0135116577148438 -0.071929931640625 0.02508544921875 -0.0760269165039063
-0.0197257995605469 -0.0699691772460938 -0.0139389038085938 -0.0674781799316406
-0.0213241577148437 -0.0641059875488281 -0.0223388671875 -0.040191650390625
-0.0264892578125 -0.07220458984375 -0.0161590576171875 -0.0254325866699219
-0.00619506835937499 -0.0783157348632812 -0.0211944580078125 -0.0161151885986328
0.0386581420898438 -0.0750808715820313 -0.0216464996337891 -0.00457763671875
0.077056884765625 -0.0462722778320312 -0.0238590240478516 -0.0181331634521484
0.0992202758789063 0.0342941284179688 -0.0308513641357422 -0.0315990447998047
0.088409423828125 0.0947341918945313 -0.0167503356933594 -0.0490455627441406
0.0346527099609375 0.132125854492188 -0.0121269226074219 -0.0412635803222656
-0.00796508789062498 0.144805908203125 0.0822296142578125 0.0197601318359375
0.0396499633789063 0.122581481933594 0.0433425903320313 0.053924560546875
0.0878219604492188 0.0910873413085938 0.0496711730957031 0.0612030029296875
0.111129760742188 0.011444091796875 0.08056640625 0.0233230590820313
0.0807113647460937 -0.047332763671875 0.0650367736816406 -0.0182075500488281
0.0261306762695312 -0.0873641967773438 0.0319938659667969 -0.0489883422851563
-0.0151214599609375 -0.0852203369140625 0.000286102294921873 -0.0421295166015625
-0.0179824829101563 -0.0783233642578125 -0.00813674926757813 -0.0181350708007813
-0.0261001586914062 -0.08856201171875 -0.0033102035522461 -0.00201463699340821
-0.00376129150390625 -0.0917129516601562 -0.015101432800293 0.00678825378417968
0.0467300415039062 -0.0831298828125 -0.0195064544677734 0.0165214538574219
0.0855789184570313 -0.0478897094726563 -0.0261688232421875 -0.00292396545410156
0.102455139160156 0.0407333374023438 -0.0307979583740234 -0.0210132598876953
0.0825958251953125 0.10125732421875 -0.00544929504394531 -0.0284137725830078
0.0215682983398438 0.133155822753906 -0.0096292495727539 0.00146484375000001
-0.0301666259765625 0.124488830566406 0.0705032348632813 0.07208251953125
0.0109405517578125 0.122085571289063 0.039764404296875 0.0879592895507813
0.0662994384765625 0.105758666992188 0.0404586791992188 0.0737457275390625
0.107444763183594 0.030364990234375 0.062957763671875 0.0415802001953125
0.08746337890625 -0.0361862182617188 0.0528373718261719 0.00701141357421875
0.0359725952148437 -0.0870132446289063 0.0326061248779297 -0.0168266296386719
-0.00868988037109374 -0.0884933471679687 0.0127544403076172 -0.0114536285400391
-0.012603759765625 -0.0799789428710938 0.00565242767333984 0.00603342056274414
-0.0207977294921875 -0.0923080444335937 0.01031494140625 0.0235195159912109
0.000152587890625002 -0.0928802490234375 -0.00719833374023437 0.0319728851318359
0.0516357421875 -0.0801544189453125 -0.0182647705078125 0.0363578796386719
0.086090087890625 -0.0396804809570313 -0.0293235778808594 0.0104732513427734
0.0925445556640625 0.0496902465820312 -0.0301055908203125 -0.0138683319091797
0.061248779296875 0.101089477539063 0.00596427917480469 -0.0104503631591797
0.000846862792968744 0.119758605957031 -0.0093231201171875 0.0436172485351563
-0.0451583862304687 0.0822982788085938 0.0551528930664063 0.111846923828125
-0.016937255859375 0.0941162109375 0.0314483642578125 0.111328125
0.0315093994140625 0.0938796997070313 0.029022216796875 0.0776443481445313
0.0804977416992188 0.0404510498046875 0.043426513671875 0.0528144836425781
0.0748519897460937 -0.0182342529296875 0.0366287231445313 0.0269279479980469
0.0371932983398438 -0.0709991455078125 0.0303115844726563 0.0121974945068359
-0.00125885009765625 -0.0754776000976563 0.0219078063964844 0.0176715850830078
-0.00598907470703125 -0.0703582763671875 0.0194911956787109 0.0299129486083984
-0.0126419067382813 -0.0828704833984375 0.0213737487792969 0.0470428466796875
0.0063323974609375 -0.082366943359375 -0.002227783203125 0.0557823181152344
0.0527458190917969 -0.0672988891601563 -0.0202293395996094 0.0552139282226563
0.079010009765625 -0.02508544921875 -0.0343132019042969 0.0220546722412109
0.0733489990234375 0.0559005737304688 -0.0303936004638672 -0.00881767272949218
0.0321578979492188 0.0934677124023437 0.011631965637207 0.00823688507080079
-0.0236053466796875 0.09326171875 -0.0163650512695312 0.0801544189453125
-0.0506668090820312 0.0258064270019531 0.0402450561523437 0.133125305175781
-0.0368270874023437 0.0479202270507813 0.0239028930664063 0.11962890625
-0.00413513183593749 0.0617790222167969 0.0219955444335938 0.0740280151367188
0.0416488647460937 0.0389442443847656 0.0285072326660156 0.0559730529785156
0.0493621826171875 -0.00130081176757812 0.0238571166992188 0.0368690490722656
0.0309219360351563 -0.0431137084960937 0.0259914398193359 0.0328216552734375
0.0058746337890625 -0.051025390625 0.0285301208496094 0.0400199890136719
0.00164031982421875 -0.0492324829101563 0.0294914245605469 0.0492897033691406
-0.00177764892578125 -0.0602531433105469 0.0288047790527344 0.0666732788085938
0.0121955871582031 -0.0598220825195313 6.10351562500001E-05 0.0762863159179688
0.0459976196289063 -0.0454940795898438 -0.0250740051269531 0.0683555603027344
0.0623016357421875 -0.00920486450195312 -0.0425262451171875 0.03021240234375
0.04449462890625 0.0558929443359375 -0.0340385437011719 -0.00581550598144531
-0.000122070312499998 0.0727081298828125 0.00943756103515625 0.022247314453125
-0.0447044372558594 0.0530242919921875 -0.030426025390625 0.104789733886719
0.0449333190917969 0.00489425659179688 0.0352859497070313 -0.11572265625
0.0269966125488281 -0.0413284301757813 0.00028228759765625 -0.0338783264160156
-0.014678955078125 -0.0367546081542969 0.035888671875 0.011199951171875
-0.0350856781005859 -0.00689506530761718 0.0666694641113281 -0.02899169921875
-0.0273590087890625 0.016510009765625 0.0436325073242188 -0.0736007690429688
-0.0115871429443359 0.0310173034667969 -0.0041046142578125 -0.093536376953125
-0.006744384765625 0.0256328582763672 -0.0374298095703125 -0.08404541015625
-0.0113563537597656 0.0242824554443359 -0.0385169982910156 -0.0613212585449219
-0.0155963897705078 0.0248050689697266 -0.0345191955566406 -0.0522079467773438
-0.0245132446289063 0.00811767578125 -0.02569580078125 -0.0458450317382813
-0.0232429504394531 -0.0153026580810547 -0.0227813720703125 -0.044830322265625
-0.000125885009765622 -0.0317535400390625 -0.018218994140625 -0.0564002990722656
0.0359230041503906 -0.0249404907226563 -0.0135498046875 -0.0750350952148438
0.0554008483886719 0.00449752807617187 -0.0204086303710938 -0.113258361816406
0.0489654541015625 0.0325660705566406 -0.020538330078125 -0.137252807617188
0.0454063415527344 0.0590972900390625 0.0564193725585937 -0.107650756835937
0.0504989624023438 0.000965118408203125 0.0138816833496094 -0.029876708984375
0.0243511199951172 -0.01416015625 0.0437583923339844 0.0170860290527344
0.00393581390380859 -0.0165853500366211 0.0788116455078125 -0.0258331298828125
-0.00397491455078125 -0.0103626251220703 0.0552520751953125 -0.07421875
-0.00924110412597656 -0.00566577911376953 0.00310516357421875 -0.100189208984375
-0.0159578323364258 -0.00906848907470703 -0.0353164672851563 -0.0899200439453125
-0.0165929794311523 -0.00896930694580078 -0.0386848449707031 -0.0634689331054688
-0.0208473205566406 -0.0117778778076172 -0.0324325561523437 -0.0516548156738281
-0.0166683197021484 -0.0256214141845703 -0.0262832641601563 -0.0455207824707031
0.00396347045898437 -0.0366477966308594 -0.0221290588378906 -0.0384445190429688
0.0346031188964844 -0.0321273803710937 -0.0188713073730469 -0.0479736328125
0.0617599487304688 0.00615310668945313 -0.0192832946777344 -0.0618515014648438
0.0687789916992188 0.0491104125976563 -0.0231704711914062 -0.0970306396484375
0.0456619262695312 0.0820388793945313 -0.0177764892578125 -0.116996765136719
0.0342254638671875 0.106521606445313 0.0745010375976563 -0.0796356201171875
0.0621261596679688 0.0507240295410156 0.0285549163818359 -0.0124931335449219
0.061248779296875 0.0192947387695313 0.0508041381835938 0.0287094116210938
0.0490493774414063 -0.0177230834960938 0.08746337890625 -0.0149002075195313
0.0254230499267578 -0.0332908630371094 0.0656394958496094 -0.0643844604492188
-0.000877380371093748 -0.0423622131347656 0.0147476196289062 -0.0951004028320313
-0.0206451416015625 -0.0419921875 -0.0271530151367188 -0.084320068359375
-0.02069091796875 -0.0392265319824219 -0.0338249206542969 -0.0548477172851563
-0.0257568359375 -0.0460624694824219 -0.0270767211914062 -0.0424346923828125
-0.0103340148925781 -0.0548057556152344 -0.0257148742675781 -0.0344104766845703
0.0247383117675781 -0.0578575134277344 -0.023162841796875 -0.0239658355712891
0.0601425170898437 -0.0397377014160156 -0.0222015380859375 -0.0353622436523438
0.085540771484375 0.0248794555664063 -0.0263557434082031 -0.0472145080566406
0.0827865600585938 0.0792770385742188 -0.0232772827148438 -0.0745468139648438
0.04315185546875 0.117118835449219 -0.0152740478515625 -0.0838623046875
0.0154342651367187 0.138687133789063 0.083831787109375 -0.0346603393554687
0.0593643188476562 0.0958023071289063 0.038116455078125 0.0169639587402344
0.0866165161132812 0.0587081909179687 0.0535964965820313 0.0453109741210938
0.08917236328125 -0.00858306884765625 0.0895614624023438 0.00289154052734375
0.0578231811523438 -0.0479621887207031 0.0696296691894531 -0.0440177917480469
0.0118789672851563 -0.07275390625 0.024993896484375 -0.0773773193359375
-0.02099609375 -0.069488525390625 -0.0145835876464844 -0.0674018859863281
-0.0215644836425781 -0.0643386840820312 -0.0238113403320313 -0.0392227172851563
-0.0281906127929688 -0.0724029541015625 -0.0177536010742187 -0.0244083404541016
-0.00788879394531251 -0.0782928466796875 -0.02264404296875 -0.0154285430908203
0.0378341674804687 -0.0762405395507813 -0.0231418609619141 -0.00488662719726563
0.07745361328125 -0.04876708984375 -0.0258636474609375 -0.0201091766357422
0.101066589355469 0.033477783203125 -0.0306720733642578 -0.0330295562744141
0.0906829833984375 0.0945816040039063 -0.0169334411621094 -0.0511436462402344
0.0359039306640625 0.133865356445313 -0.01275634765625 -0.0421676635742187
-0.00790405273437501 0.145721435546875 0.0829696655273437 0.0183868408203125
0.0406875610351562 0.123435974121094 0.0421829223632813 0.0540313720703125
0.089813232421875 0.0920257568359375 0.0499992370605469 0.0638961791992187
0.112525939941406 0.0095977783203125 0.0814208984375 0.024322509765625
0.0804061889648437 -0.0484237670898437 0.0660476684570313 -0.0181503295898438
0.0252532958984375 -0.089599609375 0.0316123962402344 -0.0502662658691406
-0.017791748046875 -0.0860443115234375 -0.000911712646484371 -0.0424880981445313
-0.0191574096679688 -0.0780563354492188 -0.0104837417602539 -0.0173759460449219
-0.0284652709960938 -0.0892715454101563 -0.00558090209960938 -0.00203323364257813
-0.0055694580078125 -0.0920028686523438 -0.0160083770751953 0.00809097290039062
0.0463485717773438 -0.085357666015625 -0.0210914611816406 0.0160903930664062
0.085205078125 -0.050201416015625 -0.0282421112060547 -0.00359535217285157
0.104057312011719 0.040313720703125 -0.0312633514404297 -0.0228862762451172
0.0833511352539063 0.101119995117188 -0.00548362731933593 -0.0304603576660156
0.0226058959960938 0.134819030761719 -0.00990581512451172 0.00100994110107423
-0.0291976928710938 0.126556396484375 0.0711288452148438 0.0716094970703125
0.0125808715820313 0.123138427734375 0.0400543212890625 0.0878219604492188
0.0681991577148438 0.105751037597656 0.0391387939453125 0.0752716064453125
0.109237670898438 0.0285568237304688 0.0645103454589844 0.0428428649902344
0.0871658325195313 -0.0373687744140625 0.0541305541992188 0.00758743286132812
0.0346450805664063 -0.0881805419921875 0.0335540771484375 -0.0167522430419922
-0.010498046875 -0.0890884399414063 0.0126676559448242 -0.0115518569946289
-0.0156478881835937 -0.0811614990234375 0.00519180297851562 0.00705337524414062
-0.023345947265625 -0.092620849609375 0.00900459289550781 0.0228309631347656
-0.00136566162109374 -0.0933151245117187 -0.00817489624023437 0.0328826904296875
0.0516510009765625 -0.0833511352539063 -0.01849365234375 0.0368385314941406
0.0865097045898438 -0.0423736572265625 -0.0308933258056641 0.00979232788085937
0.0951156616210938 0.04949951171875 -0.0301780700683594 -0.0148181915283203
0.0633621215820312 0.101554870605469 0.00598907470703125 -0.0103931427001953
0.00115966796875 0.121009826660156 -0.00934219360351563 0.0442008972167969
-0.0447616577148437 0.083831787109375 0.0566482543945312 0.112388610839844
-0.0168914794921875 0.0947418212890625 0.0315399169921875 0.111671447753906
0.0322723388671875 0.0959854125976563 0.0288162231445313 0.0791778564453125
0.0821609497070313 0.0394515991210938 0.0439414978027344 0.0541534423828125
0.0759201049804688 -0.0200958251953125 0.0377197265625 0.0282821655273438
0.0368728637695312 -0.0721588134765625 0.0306282043457031 0.0125064849853516
-0.002838134765625 -0.0763168334960938 0.0225505828857422 0.0175991058349609
-0.007904052734375 -0.0709609985351563 0.0194816589355469 0.0306568145751953
-0.0150985717773438 -0.082763671875 0.0208015441894531 0.0468254089355469
0.00495147705078125 -0.0833587646484375 -0.00302886962890625 0.0563697814941406
0.0519943237304687 -0.0698814392089844 -0.0207366943359375 0.055023193359375
0.0800857543945313 -0.0280380249023438 -0.0363426208496094 0.0214920043945313
0.0743484497070313 0.0559921264648438 -0.0313835144042969 -0.009796142578125
0.0340347290039062 0.0940093994140625 0.0117759704589844 0.00725269317626954
-0.022735595703125 0.0944442749023438 -0.016326904296875 0.0803985595703125
-0.0508956909179688 0.0261955261230469 0.0414199829101563 0.13372802734375
-0.0361976623535156 0.04949951171875 0.0238571166992187 0.120872497558594
-0.00308990478515625 0.0633430480957031 0.021514892578125 0.0750808715820313
0.0429306030273438 0.0384254455566406 0.0280685424804688 0.057647705078125
0.0505790710449219 -0.00266265869140625 0.0252532958984375 0.0386962890625
0.0302658081054688 -0.0440139770507813 0.0263996124267578 0.0324249267578125
0.00395965576171875 -0.0515098571777344 0.0293045043945313 0.0399818420410156
0.000167846679687501 -0.0496139526367188 0.0298309326171875 0.0492973327636719
-0.00370025634765625 -0.0614547729492188 0.0291862487792969 0.0673065185546875
0.0103111267089844 -0.0609703063964844 7.62939453124929E-05 0.07708740234375
0.0455856323242188 -0.0475997924804688 -0.0251579284667969 0.0690879821777344
0.0627784729003906 -0.0103759765625 -0.044342041015625 0.0296363830566406
0.0463447570800781 0.0555343627929688 -0.0351524353027344 -0.00674057006835937
0.00122070312500001 0.074127197265625 0.0100688934326172 0.0219993591308594
-0.0449028015136719 0.0541801452636719 -0.030181884765625 0.105987548828125
0.0458335876464844 0.00464630126953125 0.0323028564453125 -0.119300842285156
0.0261459350585938 -0.0430068969726563 -0.001312255859375 -0.0345439910888672
-0.0161323547363281 -0.0378074645996094 0.0378074645996094 0.0124855041503906
-0.0354652404785156 -0.00583267211914062 0.0687217712402344 -0.0301055908203125
-0.0273056030273437 0.0178012847900391 0.043792724609375 -0.0768203735351563
-0.0111103057861328 0.0325851440429687 -0.00628662109375 -0.0951995849609375
-0.00568962097167969 0.0264835357666016 -0.0400619506835938 -0.085479736328125
-0.00957870483398438 0.0254249572753906 -0.0411949157714844 -0.0620651245117188
-0.0149078369140625 0.0261039733886719 -0.0368690490722656 -0.052001953125
-0.0247745513916016 0.00970458984375 -0.0271568298339844 -0.0462379455566406
-0.0239715576171875 -0.0141334533691406 -0.0246772766113281 -0.0458831787109375
-0.001922607421875 -0.0318927764892578 -0.020843505859375 -0.05841064453125
0.0362968444824219 -0.0263442993164063 -0.01385498046875 -0.0786056518554687
0.0568695068359375 0.00323486328125 -0.0224609375 -0.11688232421875
0.0511589050292969 0.0312614440917969 -0.0245208740234375 -0.141571044921875
0.0469932556152344 0.0602264404296875 0.0545806884765625 -0.111846923828125
0.0502738952636719 0.0002288818359375 0.0120964050292969 -0.0308704376220703
0.0252590179443359 -0.0146770477294922 0.0451316833496094 0.0178794860839844
0.00397586822509766 -0.0168647766113281 0.0803070068359375 -0.0275421142578125
-0.00416660308837891 -0.00919246673583984 0.0554733276367188 -0.0764083862304688
-0.00995826721191406 -0.00553321838378906 0.00163269042968751 -0.102439880371094
-0.0166110992431641 -0.00855350494384766 -0.0388565063476563 -0.090728759765625
-0.0170927047729492 -0.00803089141845703 -0.0406265258789063 -0.0630607604980469
-0.0213260650634766 -0.0104885101318359 -0.0349349975585938 -0.0519523620605469
-0.0168285369873047 -0.0248165130615234 -0.0290336608886719 -0.0451583862304688
0.00310516357421875 -0.0374221801757812 -0.0243492126464844 -0.0394973754882813
0.0340900421142578 -0.0336170196533203 -0.0209159851074219 -0.0502433776855469
0.0630416870117188 0.00580978393554687 -0.0192375183105469 -0.0642814636230469
0.07275390625 0.04840087890625 -0.0248031616210937 -0.0992279052734375
0.0493011474609375 0.0835800170898438 -0.0206146240234375 -0.121543884277344
0.0374908447265625 0.109588623046875 0.0736007690429688 -0.0838775634765625
0.0644874572753906 0.05010986328125 0.0270824432373047 -0.0127773284912109
0.0642242431640625 0.0182723999023437 0.0520362854003906 0.0305709838867187
0.0493087768554688 -0.0195236206054688 0.0897750854492188 -0.0161895751953125
0.0258617401123047 -0.034912109375 0.0664710998535156 -0.0659332275390625
-0.00279617309570313 -0.0435905456542969 0.013397216796875 -0.097320556640625
-0.0226593017578125 -0.0430984497070312 -0.029815673828125 -0.0854568481445313
-0.0224418640136719 -0.0396842956542969 -0.0362701416015625 -0.0549354553222656
-0.0279121398925781 -0.0454139709472656 -0.0304069519042969 -0.0417060852050781
-0.0127296447753906 -0.0555496215820313 -0.0284347534179688 -0.0340709686279297
0.0235557556152344 -0.0600547790527344 -0.0253562927246094 -0.0250320434570313
0.0606346130371094 -0.0419692993164063 -0.0247116088867187 -0.0376739501953125
0.0887069702148438 0.0236663818359375 -0.0276641845703125 -0.0489730834960938
0.086822509765625 0.0791244506835937 -0.0247726440429687 -0.0773849487304688
0.0465545654296875 0.118995666503906 -0.0183258056640625 -0.0874099731445312
0.0183563232421875 0.14111328125 0.0844039916992187 -0.038360595703125
0.062774658203125 0.0961380004882813 0.0379867553710938 0.0166091918945313
0.0909881591796875 0.0583724975585938 0.0551300048828125 0.0477447509765625
0.0913314819335938 -0.0115203857421875 0.0921478271484375 0.00318145751953125
0.0570793151855469 -0.0497169494628906 0.071990966796875 -0.045867919921875
0.00896453857421874 -0.075347900390625 0.0237884521484375 -0.0796356201171875
-0.0245819091796875 -0.0709228515625 -0.0165481567382812 -0.0691070556640625
-0.0240821838378906 -0.0651283264160156 -0.0258827209472656 -0.0377845764160156
-0.0323333740234375 -0.0733642578125 -0.0192718505859375 -0.0241851806640625
-0.0107421875 -0.07977294921875 -0.0245494842529297 -0.0149116516113281
0.0360565185546875 -0.0792083740234375 -0.0252685546875 -0.00514030456542969
0.0770263671875 -0.0521697998046875 -0.0284004211425781 -0.0220909118652344
0.10455322265625 0.032257080078125 -0.0315437316894531 -0.0351905822753906
0.0944900512695313 0.0945587158203125 -0.0178070068359375 -0.0537300109863281
0.0401840209960938 0.137802124023438 -0.0148200988769531 -0.0448112487792969
-0.00559997558593749 0.15057373046875 0.0840606689453125 0.0167160034179688
0.0434341430664063 0.125991821289063 0.0431747436523437 0.0534629821777344
0.0947799682617188 0.0930328369140625 0.0507736206054688 0.0648612976074219
0.114814758300781 0.0067901611328125 0.084869384765625 0.0248870849609375
0.0811080932617188 -0.05169677734375 0.068328857421875 -0.0186729431152344
0.0226058959960938 -0.0923843383789062 0.0326805114746094 -0.0513038635253906
-0.0212783813476562 -0.0885696411132813 -0.00242233276367188 -0.0432243347167969
-0.0228271484375 -0.079925537109375 -0.011530876159668 -0.0174722671508789
-0.0324020385742188 -0.090240478515625 -0.00533437728881836 -0.0019831657409668
-0.00954437255859375 -0.0937423706054688 -0.0178852081298828 0.00889205932617187
0.0439300537109375 -0.0890045166015625 -0.0216121673583984 0.0159244537353516
0.0860443115234375 -0.0535812377929688 -0.0307121276855469 -0.00543785095214845
0.108100891113281 0.0386810302734375 -0.0330066680908203 -0.0238971710205078
0.089324951171875 0.101631164550781 -0.00606346130371093 -0.0324840545654297
0.0253372192382813 0.138809204101563 -0.0108375549316406 -0.000110626220703116
-0.027496337890625 0.130653381347656 0.0747756958007813 0.0715179443359375
0.0147323608398438 0.125587463378906 0.0406112670898437 0.0882186889648438
0.0718765258789063 0.108650207519531 0.0409164428710938 0.07818603515625
0.112800598144531 0.02679443359375 0.0671806335449219 0.0446052551269531
0.0889816284179687 -0.0398406982421875 0.0560111999511719 0.009063720703125
0.0331268310546875 -0.0920867919921875 0.0344257354736328 -0.0185699462890625
-0.0142974853515625 -0.0902938842773438 0.0123729705810547 -0.0128278732299805
-0.018310546875 -0.0824203491210938 0.0045623779296875 0.0075235366821289
-0.028289794921875 -0.0946807861328125 0.00988960266113281 0.0241832733154297
-0.00487518310546874 -0.095367431640625 -0.00914192199707031 0.0340900421142578
0.0490570068359375 -0.0872726440429687 -0.0189018249511719 0.0380287170410156
0.08740234375 -0.047210693359375 -0.0331439971923828 0.00914955139160155
0.0988082885742188 0.0484390258789063 -0.0319290161132813 -0.0156059265136719
0.067352294921875 0.102729797363281 0.00579452514648438 -0.0124940872192383
0.003631591796875 0.125900268554688 -0.00915145874023438 0.0448799133300781
-0.0436172485351563 0.0873641967773437 0.0602798461914063 0.1136474609375
-0.014923095703125 0.0973129272460937 0.032623291015625 0.11383056640625
0.03656005859375 0.0978851318359375 0.02947998046875 0.0815658569335938
0.08599853515625 0.0383682250976563 0.0464706420898438 0.0567054748535156
0.0771636962890625 -0.0222320556640625 0.0398101806640625 0.0287322998046875
0.0345458984375 -0.074432373046875 0.0322322845458984 0.0112190246582031
-0.00582122802734376 -0.0778656005859375 0.0234413146972656 0.0168113708496094
-0.01068115234375 -0.0729827880859375 0.0193881988525391 0.0313968658447266
-0.0186996459960938 -0.0851974487304688 0.0224876403808594 0.0481338500976562
0.001556396484375 -0.085418701171875 -0.002655029296875 0.0584182739257812
0.04998779296875 -0.0741348266601563 -0.0203895568847656 0.056121826171875
0.0813674926757813 -0.0314865112304688 -0.0373191833496094 0.02178955078125
0.0787429809570313 0.055389404296875 -0.0333271026611328 -0.0106410980224609
0.036834716796875 0.0952377319335938 0.0122909545898438 0.00594139099121094
-0.0216827392578125 0.0980911254882813 -0.0142822265625 0.0823135375976562
-0.0507774353027344 0.0281143188476563 0.0458908081054687 0.136276245117187
-0.0361404418945313 0.0513496398925781 0.02630615234375 0.12335205078125
-0.00176239013671875 0.0656051635742188 0.021942138671875 0.0782852172851563
0.0456466674804687 0.037841796875 0.0312042236328125 0.059234619140625
0.0514259338378906 -0.00446319580078125 0.0263442993164063 0.03997802734375
0.0297355651855469 -0.0458755493164063 0.0279445648193359 0.0328617095947266
0.00253677368164062 -0.0534477233886719 0.0309181213378906 0.0404052734375
-0.00206375122070313 -0.0508995056152344 0.0306472778320312 0.0511436462402344
-0.00690460205078125 -0.0630111694335938 0.0313682556152344 0.0686225891113281
0.00819015502929687 -0.0631523132324219 0.000816345214843752 0.079498291015625
0.0445976257324219 -0.0510368347167969 -0.0243682861328125 0.0716476440429688
0.065216064453125 -0.0134353637695313 -0.0453834533691406 0.0311241149902344
0.0486297607421875 0.0558891296386719 -0.0364112854003906 -0.00760269165039062
0.00286102294921875 0.0753250122070312 0.0109291076660156 0.0215091705322266
-0.044189453125 0.0564994812011719 -0.0269012451171875 0.109771728515625
0.0467109680175781 0.00310134887695313 0.02734375 -0.123603820800781
0.0243682861328125 -0.0448646545410156 -0.00395393371582031 -0.0344142913818359
-0.0177726745605469 -0.0372962951660156 0.03961181640625 0.0120124816894531
-0.0362014770507813 -0.00349044799804687 0.069580078125 -0.0333976745605469
-0.0268726348876953 0.0196685791015625 0.04119873046875 -0.0800704956054688
-0.00983047485351563 0.0334415435791016 -0.00959014892578126 -0.0967636108398438
-0.00455856323242187 0.0277462005615234 -0.0442962646484375 -0.08489990234375
-0.00748443603515625 0.0265007019042969 -0.0440025329589844 -0.0608329772949219
-0.0131320953369141 0.0284786224365234 -0.0397720336914063 -0.0512199401855469
-0.0244369506835938 0.0114231109619141 -0.0304527282714844 -0.0460128784179687
-0.0249614715576172 -0.0124397277832031 -0.0282020568847656 -0.0463600158691406
-0.00316429138183594 -0.0317878723144531 -0.0235099792480469 -0.0597343444824219
0.0347404479980469 -0.0283470153808594 -0.015380859375 -0.080810546875
0.0578346252441406 0.000270843505859375 -0.0269775390625 -0.118682861328125
0.053802490234375 0.0297393798828125 -0.0313720703125 -0.14349365234375
0.0501632690429687 0.0602149963378906 0.0499191284179688 -0.117378234863281
0.0510063171386719 -0.0031890869140625 0.0101699829101563 -0.0312061309814453
0.0252017974853516 -0.0170135498046875 0.0477828979492188 0.0189437866210938
0.00320720672607422 -0.0172357559204102 0.0812454223632812 -0.0301055908203125
-0.00491523742675781 -0.00956058502197266 0.0535736083984375 -0.0802764892578125
-0.010136604309082 -0.00443935394287109 -0.00219726562499999 -0.104461669921875
-0.0168552398681641 -0.00742340087890625 -0.0426788330078125 -0.09014892578125
-0.0175571441650391 -0.00687408447265625 -0.0448570251464844 -0.0617446899414062
-0.0223178863525391 -0.00931930541992187 -0.03912353515625 -0.0507965087890625
-0.0183238983154297 -0.0240535736083984 -0.0316734313964844 -0.0451545715332031
0.0010528564453125 -0.0371932983398438 -0.0277557373046875 -0.0395317077636719
0.0329570770263672 -0.0348758697509766 -0.0243072509765625 -0.0518836975097656
0.0645484924316406 0.00331497192382813 -0.0210914611816406 -0.0662727355957031
0.0749359130859375 0.0461654663085937 -0.02838134765625 -0.1015625
0.0536651611328125 0.0825958251953125 -0.0266036987304688 -0.123947143554688
0.042999267578125 0.110954284667969 0.0707855224609375 -0.089447021484375
0.0663299560546875 0.0476150512695313 0.0255336761474609 -0.0140171051025391
0.066314697265625 0.0164222717285156 0.054412841796875 0.0311355590820313
0.0495758056640625 -0.0224533081054688 0.0913772583007813 -0.018585205078125
0.024200439453125 -0.03619384765625 0.0660629272460938 -0.070343017578125
-0.00506973266601562 -0.0438575744628906 0.00939178466796876 -0.0997314453125
-0.0254859924316406 -0.0423660278320313 -0.0342483520507813 -0.0854568481445312
-0.0241775512695313 -0.0391197204589844 -0.0395698547363281 -0.0533638000488281
-0.0300559997558594 -0.0447044372558594 -0.0330772399902344 -0.0413284301757813
-0.0157241821289062 -0.0551910400390625 -0.0314579010009766 -0.0325736999511719
0.0202713012695312 -0.0625076293945313 -0.0285682678222656 -0.0251407623291016
0.0596923828125 -0.0447616577148438 -0.0282249450683594 -0.0384025573730469
0.0903854370117188 0.0204925537109375 -0.028900146484375 -0.0504417419433594
0.09185791015625 0.0765533447265625 -0.028106689453125 -0.079010009765625
0.0523910522460938 0.119865417480469 -0.0233840942382812 -0.08892822265625
0.024444580078125 0.144805908203125 0.0832366943359375 -0.0441360473632812
0.0663528442382813 0.0951919555664063 0.0377540588378906 0.01544189453125
0.09515380859375 0.0560760498046875 0.0579681396484375 0.0482940673828125
0.0926666259765625 -0.0158615112304688 0.0943222045898438 0.000389099121093749
0.055572509765625 -0.0540390014648438 0.0722274780273438 -0.0492095947265625
0.0048370361328125 -0.075958251953125 0.0219345092773438 -0.0826187133789063
-0.0280380249023438 -0.0715255737304688 -0.0206451416015625 -0.0694541931152344
-0.0276565551757813 -0.0647048950195313 -0.0286827087402344 -0.0367546081542969
-0.0366439819335937 -0.0723190307617188 -0.0222339630126953 -0.0231094360351563
-0.0155181884765625 -0.0792999267578125 -0.0264949798583984 -0.0129566192626953
0.0318374633789063 -0.0822601318359375 -0.0270843505859375 -0.0054168701171875
0.0759811401367188 -0.055816650390625 -0.0316562652587891 -0.0221538543701172
0.108222961425781 0.02813720703125 -0.0334625244140625 -0.0358924865722656
0.100433349609375 0.091827392578125 -0.0203628540039062 -0.0551185607910156
0.04620361328125 0.139320373535156 -0.0178947448730469 -0.0458641052246094
0.00103759765625001 0.1531982421875 0.086181640625 0.0124435424804688
0.0488357543945312 0.12548828125 0.0446014404296875 0.0520439147949219
0.100669860839844 0.091094970703125 0.0539665222167969 0.0664329528808594
0.117012023925781 0.00188446044921875 0.0865631103515625 0.0235443115234375
0.0800704956054688 -0.0567474365234375 0.0696868896484375 -0.021087646484375
0.017181396484375 -0.09405517578125 0.030242919921875 -0.0542716979980469
-0.0256881713867188 -0.0880508422851563 -0.00453948974609375 -0.0436859130859375
-0.0269775390625 -0.0800247192382813 -0.0131759643554688 -0.0156316757202148
-0.0385055541992188 -0.090057373046875 -0.00736808776855469 -0.000595092773437504
-0.014373779296875 -0.0946197509765625 -0.0190620422363281 0.0110092163085937
0.0394515991210938 -0.093536376953125 -0.0225238800048828 0.0173435211181641
0.0842056274414062 -0.0590744018554687 -0.0326728820800781 -0.00493431091308594
0.112525939941406 0.03448486328125 -0.0343284606933594 -0.0239524841308594
0.094512939453125 0.0995254516601563 -0.00728416442871093 -0.0336647033691406
0.03173828125 0.14111328125 -0.0118389129638672 0.000287055969238289
-0.0227813720703125 0.134185791015625 0.0785751342773438 0.0679855346679688
0.0195388793945312 0.12738037109375 0.0430831909179687 0.0885696411132813
0.0791397094726563 0.109062194824219 0.0433349609375 0.0794677734375
0.115470886230469 0.0221405029296875 0.070343017578125 0.0444793701171875
0.0881576538085938 -0.0456390380859375 0.0582199096679688 0.00724029541015625
0.0272674560546875 -0.0936203002929688 0.0338191986083984 -0.0206871032714844
-0.019927978515625 -0.0921859741210938 0.0106706619262695 -0.0130233764648438
-0.0224075317382813 -0.0834503173828125 0.00327062606811523 0.0085759162902832
-0.0346755981445312 -0.0949325561523438 0.00921440124511719 0.0238666534423828
-0.01031494140625 -0.0970611572265625 -0.00862884521484375 0.0364418029785156
0.0443267822265625 -0.091400146484375 -0.0191459655761719 0.0382461547851563
0.0860748291015625 -0.0521087646484375 -0.0349025726318359 0.0105113983154297
0.103004455566406 0.0438385009765625 -0.0336170196533203 -0.0156383514404297
0.073577880859375 0.100486755371094 0.00592994689941407 -0.0142068862915039
0.009033203125 0.128166198730469 -0.00811767578125 0.0446319580078125
-0.0409698486328125 0.0904464721679688 0.06597900390625 0.112510681152344
-0.0116653442382813 0.100120544433594 0.0365219116210938 0.114494323730469
0.0418243408203125 0.0992050170898438 0.03204345703125 0.08349609375
0.088958740234375 0.0345611572265625 0.0489845275878906 0.0563888549804687
0.07733154296875 -0.0275115966796875 0.0428237915039063 0.029266357421875
0.0304489135742188 -0.0773849487304688 0.0327892303466797 0.0102100372314453
-0.0101776123046875 -0.0793991088867187 0.0243206024169922 0.0165767669677734
-0.0147857666015625 -0.0728607177734375 0.0204677581787109 0.0315952301025391
-0.0246963500976563 -0.0855560302734375 0.0240287780761719 0.0480117797851562
-0.00327301025390625 -0.0871505737304688 -0.000972747802734379 0.0598945617675781
0.0464401245117188 -0.07861328125 -0.01873779296875 0.0576629638671875
0.0809860229492188 -0.0369796752929688 -0.0386314392089844 0.0234794616699219
0.0824432373046875 0.0528793334960938 -0.0347785949707031 -0.00996208190917969
0.0418701171875 0.0951156616210937 0.0128040313720703 0.0046529769897461
-0.0177459716796875 0.101547241210938 -0.0113677978515625 0.0837020874023437
-0.0512504577636719 0.0309600830078125 0.0521621704101563 0.136550903320313
-0.0346603393554687 0.0537948608398438 0.030548095703125 0.125
0.00236892700195313 0.0681648254394531 0.0245361328125 0.0796737670898438
0.0483283996582031 0.0358963012695313 0.0329513549804688 0.0608863830566406
0.0517807006835937 -0.0072479248046875 0.029693603515625 0.0405845642089844
0.0269432067871094 -0.0483894348144531 0.0304508209228516 0.0321025848388672
-0.000549316406249994 -0.0537033081054687 0.0332603454589844 0.039794921875
-0.00487899780273438 -0.0516929626464844 0.0336837768554688 0.0501518249511719
-0.0113983154296875 -0.0638275146484375 0.0346832275390625 0.0687522888183594
0.00434112548828125 -0.0644645690917969 0.003875732421875 0.080902099609375
0.0424880981445313 -0.0545501708984375 -0.0222549438476562 0.0734329223632813
0.0658760070800781 -0.0167388916015625 -0.0459518432617188 0.033447265625
0.0522537231445313 0.054290771484375 -0.0378227233886719 -0.00627517700195312
0.0059356689453125 0.0757827758789063 0.0119361877441406 0.0206413269042969
-0.0432929992675781 0.0600776672363281 -0.0232086181640625 0.111747741699219
0.0468673706054688 0.00213241577148438 0.0204696655273437 -0.124862670898438
0.0207481384277344 -0.0458602905273438 -0.00682640075683594 -0.0334835052490234
-0.0202293395996094 -0.0369300842285156 0.0405197143554688 0.0120048522949219
-0.0358695983886719 -0.00181961059570312 0.0682792663574219 -0.03558349609375
-0.0251598358154297 0.0213947296142578 0.0380020141601563 -0.0819320678710937
-0.00736427307128906 0.0341224670410156 -0.0137176513671875 -0.0963592529296875
-0.00309371948242188 0.0278968811035156 -0.0485916137695313 -0.082611083984375
-0.00539016723632812 0.0268039703369141 -0.0465087890625 -0.0588760375976563
-0.0103759765625 0.0287227630615234 -0.042633056640625 -0.0484428405761719
-0.0234127044677734 0.0131874084472656 -0.0330429077148437 -0.0447845458984375
-0.0252971649169922 -0.0104923248291016 -0.0316123962402344 -0.0449562072753906
-0.00447273254394531 -0.0320281982421875 -0.0267143249511719 -0.0595245361328125
0.0336418151855469 -0.0299167633056641 -0.0174026489257813 -0.08154296875
0.0577621459960938 -0.0026092529296875 -0.0315093994140625 -0.118263244628906
0.0550537109375 0.0269126892089844 -0.0389862060546875 -0.142730712890625
0.0536727905273438 0.0579757690429688 0.0439987182617188 -0.119361877441406
0.0491218566894531 -0.00579071044921875 0.00728034973144532 -0.0316371917724609
0.0243072509765625 -0.0184993743896484 0.0488433837890625 0.0177993774414063
0.00269222259521484 -0.0170526504516602 0.0803604125976563 -0.0337371826171875
-0.0054168701171875 -0.00921344757080078 0.05078125 -0.0830230712890625
-0.0104598999023438 -0.00454521179199219 -0.00707244873046875 -0.103500366210938
-0.0171699523925781 -0.0070657730102539 -0.0467529296875 -0.087890625
-0.0165863037109375 -0.00559711456298828 -0.0475883483886719 -0.05926513671875
-0.0219745635986328 -0.00777244567871093 -0.0425033569335938 -0.0482826232910156
-0.0191688537597656 -0.0222396850585938 -0.0343437194824219 -0.0429496765136719
-0.000694274902343748 -0.0362167358398438 -0.0303878784179687 -0.0385704040527344
0.0301589965820313 -0.0363616943359375 -0.0270805358886719 -0.05181884765625
0.0639762878417969 0.000492095947265625 -0.0230560302734375 -0.0666999816894531
0.0775375366210938 0.0422134399414063 -0.0328903198242187 -0.101371765136719
0.0572052001953125 0.08087158203125 -0.0331192016601562 -0.123153686523438
0.0473556518554687 0.108818054199219 0.0653228759765625 -0.0936737060546875
0.067535400390625 0.0440444946289062 0.0233592987060547 -0.0155315399169922
0.0677947998046875 0.01251220703125 0.0567398071289063 0.0306205749511719
0.0486602783203125 -0.0247535705566406 0.0907440185546875 -0.0218734741210937
0.0221748352050781 -0.0370979309082031 0.0636367797851563 -0.0726470947265625
-0.00749969482421875 -0.043243408203125 0.00534057617187501 -0.100334167480469
-0.027679443359375 -0.0413017272949219 -0.0384292602539062 -0.0836334228515625
-0.0260238647460938 -0.0374259948730469 -0.042205810546875 -0.050384521484375
-0.0328369140625 -0.0426788330078125 -0.0356254577636719 -0.038726806640625
-0.0184974670410156 -0.0539169311523437 -0.0341110229492188 -0.0312232971191406
0.0163917541503906 -0.0624465942382813 -0.0307216644287109 -0.0240097045898438
0.0570411682128906 -0.0471878051757813 -0.0306396484375 -0.0387229919433594
0.0908126831054688 0.0167312622070313 -0.0299530029296875 -0.0510368347167969
0.09515380859375 0.0715179443359375 -0.030975341796875 -0.0793609619140625
0.0580673217773437 0.117523193359375 -0.028076171875 -0.0884475708007812
0.030792236328125 0.143661499023438 0.0802459716796875 -0.0484542846679687
0.0694503784179688 0.0908279418945313 0.0366668701171875 0.0136222839355469
0.0986328125 0.05194091796875 0.0590553283691406 0.0479583740234375
0.090576171875 -0.0203018188476563 0.0945968627929687 -0.00295257568359375
0.0523757934570313 -0.0562400817871094 0.0714797973632813 -0.0526199340820313
0.00046539306640625 -0.0753631591796875 0.018402099609375 -0.0829544067382813
-0.0323448181152344 -0.0691490173339844 -0.0241203308105469 -0.0677223205566406
-0.0303764343261719 -0.0627822875976563 -0.0307102203369141 -0.0345592498779297
-0.0407371520996094 -0.0699081420898437 -0.0240192413330078 -0.0218734741210938
-0.020172119140625 -0.0782623291015625 -0.0288829803466797 -0.0115165710449219
0.0268173217773438 -0.083709716796875 -0.0280628204345703 -0.00479888916015625
0.07318115234375 -0.0592498779296875 -0.0333576202392578 -0.0216732025146484
0.109039306640625 0.0235824584960938 -0.0343589782714844 -0.03607177734375
0.104766845703125 0.08648681640625 -0.0225906372070312 -0.0563888549804687
0.0526885986328125 0.137443542480469 -0.020599365234375 -0.0454444885253906
0.0065460205078125 0.154052734375 0.0857315063476563 0.00764465332031251
0.0532760620117188 0.122207641601563 0.0446891784667969 0.049896240234375
0.105262756347656 0.0870285034179688 0.0557594299316406 0.0659065246582031
0.117012023925781 -0.00418853759765625 0.0880966186523438 0.0209197998046875
0.0767974853515625 -0.059967041015625 0.069580078125 -0.0231895446777344
0.0123825073242188 -0.0942764282226563 0.027557373046875 -0.0555496215820313
-0.0314102172851562 -0.0871353149414063 -0.00728225708007812 -0.0427055358886719
-0.0311203002929688 -0.0784149169921875 -0.0139036178588867 -0.0132808685302734
-0.0439376831054688 -0.0874404907226563 -0.00842809677124024 -0.000530242919921879
-0.0198822021484375 -0.0933303833007813 -0.019073486328125 0.0117225646972656
0.0333633422851562 -0.0957107543945312 -0.0229244232177734 0.0172863006591797
0.08050537109375 -0.0636978149414063 -0.0345649719238281 -0.00440216064453125
0.11407470703125 0.029510498046875 -0.0348739624023437 -0.0239028930664062
0.0996475219726563 0.0938644409179688 -0.00880813598632812 -0.0353126525878906
0.0381851196289063 0.140052795410156 -0.0121183395385742 7.72476196289127E-05
-0.0168228149414062 0.135879516601562 0.080718994140625 0.0642318725585938
0.02459716796875 0.125320434570312 0.0450439453125 0.0856552124023438
0.085540771484375 0.105201721191406 0.0457077026367188 0.078826904296875
0.116050720214844 0.0155410766601562 0.0710372924804688 0.0417709350585938
0.0852584838867188 -0.0498733520507813 0.0595436096191406 0.005279541015625
0.0215835571289062 -0.0952377319335937 0.0327377319335938 -0.0219573974609375
-0.0244598388671875 -0.0900955200195313 0.0104331970214844 -0.013397216796875
-0.026947021484375 -0.081207275390625 0.00366878509521484 0.00968360900878906
-0.0408554077148438 -0.0920867919921875 0.00918388366699219 0.0238208770751953
-0.0169219970703125 -0.0953216552734375 -0.00744247436523437 0.0368003845214844
0.0383453369140625 -0.0942840576171875 -0.0178451538085937 0.038360595703125
0.0824356079101563 -0.05694580078125 -0.0356826782226562 0.0112991333007812
0.105514526367188 0.0389862060546875 -0.0346393585205078 -0.0154628753662109
0.0787734985351563 0.0966567993164063 0.00464153289794922 -0.015772819519043
0.0147781372070312 0.128654479980469 -0.00639724731445313 0.0445442199707031
-0.0363388061523438 0.0920867919921875 0.070526123046875 0.10931396484375
-0.00723266601562501 0.100555419921875 0.0406112670898438 0.11273193359375
0.0471267700195312 0.0979843139648438 0.0343475341796875 0.083343505859375
0.0901412963867188 0.0292816162109375 0.051361083984375 0.055755615234375
0.0753326416015625 -0.0312423706054688 0.0447959899902344 0.0277519226074219
0.0255355834960938 -0.0784912109375 0.0337123870849609 0.00853729248046874
-0.0151748657226563 -0.0778732299804688 0.0248451232910156 0.0153903961181641
-0.0186386108398438 -0.07220458984375 0.0219211578369141 0.0312175750732422
-0.0309371948242188 -0.0842056274414063 0.025665283203125 0.0459976196289062
-0.00855255126953124 -0.0862274169921875 0.00147628784179687 0.0606689453125
0.0412139892578125 -0.0810775756835938 -0.0166473388671875 0.0585594177246094
0.0783462524414063 -0.0413284301757813 -0.0386428833007813 0.0248260498046875
0.0853424072265625 0.0483322143554688 -0.0355110168457031 -0.00879287719726563
0.0463485717773438 0.0929641723632812 0.0127601623535156 0.0025625228881836
-0.0132904052734375 0.10247802734375 -0.00745391845703125 0.0833587646484375
-0.0493125915527344 0.033203125 0.0585250854492188 0.133575439453125
-0.0323295593261719 0.0550384521484375 0.0347518920898437 0.124046325683594
0.00537109375000001 0.0682525634765625 0.0261306762695312 0.0798492431640625
0.0498924255371094 0.0327911376953125 0.0354461669921875 0.0603256225585938
0.0506629943847656 -0.0107345581054687 0.0319366455078125 0.0394477844238281
0.0232048034667969 -0.0496864318847656 0.0327320098876953 0.0306358337402344
-0.00391387939453125 -0.0536689758300781 0.0350151062011719 0.0382308959960938
-0.00757217407226563 -0.051544189453125 0.0353164672851563 0.0481071472167969
-0.0160598754882812 -0.0635261535644531 0.037445068359375 0.066162109375
-0.000232696533203127 -0.0647544860839844 0.007171630859375 0.0803375244140625
0.0390129089355469 -0.0574455261230469 -0.0193099975585937 0.0742721557617188
0.0646629333496094 -0.0205535888671875 -0.0454177856445312 0.0350189208984375
0.054443359375 0.0515937805175781 -0.0390739440917969 -0.00506591796874999
0.00974273681640625 0.0756759643554688 0.0135822296142578 0.0189666748046875
-0.0402755737304687 0.062530517578125 -0.0178070068359375 0.111946105957031
0.0466499328613281 0.000553131103515625 0.0153121948242188 -0.123062133789063
0.0179557800292969 -0.0457000732421875 -0.00909805297851562 -0.0320224761962891
-0.021331787109375 -0.0355758666992188 0.0411300659179688 0.0111045837402344
-0.0347003936767578 -0.000608444213867188 0.0672607421875 -0.0369911193847656
-0.0238094329833984 0.02197265625 0.0354766845703125 -0.0815048217773438
-0.00588035583496093 0.0338325500488281 -0.0154037475585937 -0.0941543579101563
-0.001495361328125 0.0274486541748047 -0.0496597290039063 -0.0798110961914063
-0.003509521484375 0.026031494140625 -0.0473289489746094 -0.0566825866699219
-0.00890159606933594 0.0287532806396484 -0.0435104370117188 -0.0461006164550781
-0.0215129852294922 0.0138072967529297 -0.0341682434082031 -0.0433120727539063
-0.0254917144775391 -0.00893020629882813 -0.0331192016601563 -0.0435256958007813
-0.00549125671386718 -0.0311050415039063 -0.0275840759277344 -0.0587196350097656
0.0319194793701172 -0.0300140380859375 -0.0183029174804687 -0.0807113647460938
0.0563468933105469 -0.004608154296875 -0.0333480834960937 -0.115562438964844
0.05548095703125 0.025054931640625 -0.0421295166015625 -0.139991760253906
0.054229736328125 0.05694580078125 0.0384597778320312 -0.119163513183594
0.0472564697265625 -0.00651168823242188 0.00499916076660156 -0.0305900573730469
0.0235252380371094 -0.0191936492919922 0.0487518310546875 0.0171890258789063
0.00185585021972656 -0.0165596008300781 0.079254150390625 -0.0342254638671875
-0.00563621520996094 -0.0088043212890625 0.0474929809570313 -0.0828704833984375
-0.0106468200683594 -0.00347042083740234 -0.00857543945312499 -0.102256774902344
-0.0172405242919922 -0.00604248046875 -0.048858642578125 -0.0846939086914063
-0.0163993835449219 -0.00513076782226563 -0.0482635498046875 -0.05633544921875
-0.0211715698242188 -0.0066986083984375 -0.0433616638183594 -0.0461158752441406
-0.0193195343017578 -0.0201835632324219 -0.0362358093261719 -0.0411720275878906
-0.00142097473144531 -0.0348682403564453 -0.0323448181152344 -0.0378036499023437
0.0294609069824219 -0.0363998413085938 -0.0281219482421875 -0.0513954162597656
0.0633316040039063 -0.00156021118164062 -0.0230331420898437 -0.0669975280761719
0.0768661499023438 0.0389556884765625 -0.034423828125 -0.100128173828125
0.0589218139648438 0.0777206420898438 -0.036224365234375 -0.120697021484375
0.0502090454101563 0.106781005859375 0.0602569580078125 -0.0939712524414063
0.066009521484375 0.0407447814941406 0.0207996368408203 -0.0158653259277344
0.0668106079101563 0.0102195739746094 0.0567207336425781 0.0293655395507813
0.0462188720703125 -0.0256156921386719 0.089111328125 -0.023406982421875
0.0208587646484375 -0.0372886657714844 0.061187744140625 -0.0730438232421875
-0.0094451904296875 -0.0415382385253906 0.002685546875 -0.0984039306640625
-0.0286941528320313 -0.0393714904785156 -0.0407562255859375 -0.0808563232421875
-0.0256462097167969 -0.0353584289550781 -0.04266357421875 -0.0478553771972656
-0.0337562561035156 -0.0401344299316406 -0.0371856689453125 -0.0364646911621094
-0.0200424194335937 -0.051483154296875 -0.0354957580566406 -0.0290679931640625
0.01385498046875 -0.0612602233886719 -0.0320034027099609 -0.0233268737792969
0.0544166564941406 -0.0482330322265625 -0.0318412780761719 -0.0379638671875
0.0906524658203125 0.0140457153320313 -0.0300979614257813 -0.0512123107910156
0.095703125 0.0673904418945313 -0.0329055786132812 -0.0782241821289063
0.0600509643554687 0.114547729492188 -0.0305709838867187 -0.0866165161132813
0.0344085693359375 0.141387939453125 0.0758819580078125 -0.0505447387695312
0.0693817138671875 0.0875778198242188 0.0343189239501953 0.0119838714599609
0.0988998413085938 0.0480422973632813 0.0601081848144531 0.0470123291015625
0.0875320434570313 -0.0224075317382813 0.0931472778320313 -0.0040740966796875
0.0500373840332031 -0.0565261840820313 0.0692710876464844 -0.0527572631835938
-0.00135040283203125 -0.0739593505859375 0.015289306640625 -0.0826644897460938
-0.0344810485839844 -0.0668907165527344 -0.0255508422851562 -0.0656318664550781
-0.0319786071777344 -0.0600852966308594 -0.030670166015625 -0.0321063995361328
-0.0427780151367187 -0.0663719177246094 -0.0250759124755859 -0.0196113586425781
-0.0221176147460937 -0.0755462646484375 -0.0288028717041016 -0.00987625122070313
0.0228805541992188 -0.0829544067382813 -0.0294532775878906 -0.00379180908203125
0.0693702697753906 -0.0605354309082031 -0.0346889495849609 -0.0213947296142578
0.108039855957031 0.020263671875 -0.0345535278320312 -0.0362091064453125
0.105178833007813 0.081878662109375 -0.0237197875976563 -0.05615234375
0.0547866821289063 0.134437561035156 -0.0227317810058594 -0.0441398620605469
0.0113372802734375 0.151657104492187 0.0831375122070313 0.00431823730468751
0.0545120239257812 0.118789672851563 0.0436325073242188 0.0476951599121094
0.106544494628906 0.0828781127929688 0.0560989379882813 0.0651893615722656
0.113609313964844 -0.0075531005859375 0.0868453979492188 0.0191802978515625
0.0731582641601563 -0.0611953735351563 0.0687904357910156 -0.0243453979492188
0.008575439453125 -0.0924835205078125 0.0262680053710938 -0.0555076599121094
-0.0340576171875 -0.0842132568359375 -0.00810623168945312 -0.0421371459960938
-0.0327224731445313 -0.075927734375 -0.0145788192749023 -0.0120458602905274
-0.04718017578125 -0.0834274291992188 -0.00922966003417969 0.000827789306640621
-0.0231781005859375 -0.0897445678710938 -0.0189132690429687 0.0131187438964844
0.0286941528320313 -0.0949478149414063 -0.0230388641357422 0.0175590515136719
0.0768280029296875 -0.0643081665039063 -0.0350723266601563 -0.00327491760253907
0.113754272460937 0.0263137817382812 -0.0349693298339844 -0.0239315032958984
0.100975036621094 0.0892715454101563 -0.00975036621093749 -0.0356597900390625
0.0410537719726562 0.137748718261719 -0.0129594802856445 2.28881835937564E-05
-0.0131988525390625 0.134422302246094 0.0801162719726563 0.0603485107421875
0.0269775390625 0.122016906738281 0.0454330444335938 0.0829925537109375
0.08697509765625 0.101104736328125 0.0460739135742188 0.0774688720703125
0.114059448242187 0.0119552612304688 0.0715408325195313 0.0405960083007813
0.0820159912109375 -0.05120849609375 0.058929443359375 0.00441360473632812
0.01800537109375 -0.0933074951171875 0.0319404602050781 -0.0233936309814453
-0.0276260375976563 -0.0877456665039063 0.00974845886230469 -0.0134496688842773
-0.0291900634765625 -0.0789566040039063 0.00362586975097656 0.0104122161865234
-0.0435028076171875 -0.088287353515625 0.00919342041015624 0.0227088928222656
-0.0196533203125 -0.0928726196289063 -0.00736618041992187 0.0362930297851562
0.03363037109375 -0.0947341918945313 -0.0172958374023437 0.0382614135742188
0.0797958374023438 -0.05902099609375 -0.0351753234863281 0.0123710632324219
0.10491943359375 0.0351181030273438 -0.0346965789794922 -0.0151805877685547
0.080718994140625 0.0928268432617188 0.00423049926757813 -0.0166835784912109
0.0185775756835938 0.127105712890625 -0.00545501708984375 0.0432510375976563
-0.0337142944335938 0.092376708984375 0.0720672607421875 0.104652404785156
-0.005279541015625 0.0985260009765625 0.04168701171875 0.109397888183594
0.0497589111328125 0.0955352783203125 0.0352783203125 0.0820465087890625
0.0895233154296875 0.0258941650390625 0.0517349243164063 0.0548286437988281
0.072723388671875 -0.0328826904296875 0.0461158752441406 0.0268287658691406
0.0219039916992187 -0.0772171020507813 0.0340900421142578 0.00711059570312499
-0.017669677734375 -0.076568603515625 0.0248355865478516 0.0145492553710937
-0.0213241577148438 -0.0704193115234375 0.0217247009277344 0.0309371948242187
-0.0341644287109375 -0.0805282592773437 0.0258712768554688 0.0452995300292969
-0.0127487182617187 -0.0844268798828125 0.002960205078125 0.0593948364257812
0.0372161865234375 -0.081573486328125 -0.0153732299804688 0.0569038391113281
0.075469970703125 -0.0434188842773437 -0.0379524230957031 0.0254440307617187
0.0855178833007813 0.04547119140625 -0.0356826782226563 -0.00868988037109375
0.0486068725585938 0.08953857421875 0.0127201080322266 0.00120830535888672
-0.0104141235351563 0.10205078125 -0.00543975830078125 0.0814208984375
-0.0473060607910156 0.034423828125 0.0607681274414063 0.129600524902344
-0.0300865173339844 0.0550613403320313 0.0365371704101562 0.120834350585938
0.00852203369140626 0.0676498413085938 0.0270843505859375 0.078216552734375
0.0499153137207031 0.0303878784179688 0.0364341735839844 0.0595130920410156
0.0495681762695313 -0.0118637084960938 0.0334091186523438 0.038970947265625
0.0209007263183594 -0.0490074157714844 0.0329265594482422 0.0284252166748047
-0.00540924072265624 -0.0531158447265625 0.0359687805175781 0.0363082885742188
-0.00974273681640625 -0.0504531860351562 0.0353775024414063 0.0467872619628906
-0.0189628601074219 -0.0612602233886719 0.0379867553710938 0.0639114379882813
-0.00278091430664062 -0.0641250610351563 0.00914764404296874 0.078948974609375
0.0356369018554688 -0.0582733154296875 -0.0171279907226562 0.0725479125976563
0.0623016357421875 -0.0224838256835938 -0.0440177917480469 0.0357131958007812
0.0561943054199219 0.0491142272949219 -0.0396041870117188 -0.00493621826171875
0.0116729736328125 0.0738372802734375 0.0140285491943359 0.0174751281738281
-0.0375480651855469 0.0620918273925781 -0.01397705078125 0.110137939453125
0.0472640991210937 0.000820159912109375 0.0143051147460938 -0.121559143066406
0.0174636840820312 -0.0450248718261719 -0.0102310180664062 -0.0305385589599609
-0.02166748046875 -0.0354385375976563 0.0418891906738281 0.0120201110839844
-0.0345287322998047 -0.000387191772460932 0.0669746398925781 -0.0364608764648438
-0.0234699249267578 0.0214939117431641 0.0346755981445313 -0.0806732177734375
-0.00552558898925781 0.0334243774414063 -0.0152053833007813 -0.0923309326171875
-0.000858306884765624 0.0270957946777344 -0.0494155883789063 -0.078399658203125
-0.00298309326171875 0.02581787109375 -0.0467491149902344 -0.0552864074707031
-0.00701332092285157 0.0284080505371094 -0.0432052612304688 -0.0447044372558594
-0.0212059020996094 0.0143756866455078 -0.0344352722167969 -0.0425453186035156
-0.0245552062988281 -0.0082550048828125 -0.0331344604492188 -0.0434341430664063
-0.006134033203125 -0.0305671691894531 -0.0280075073242187 -0.0597648620605469
0.0310916900634766 -0.0302352905273438 -0.0175628662109375 -0.0811614990234375
0.0553054809570313 -0.00555038452148438 -0.0327224731445312 -0.115234375
0.054962158203125 0.0242233276367187 -0.04229736328125 -0.138511657714844
0.0549812316894531 0.0564308166503906 0.036102294921875 -0.118026733398437
0.0457534790039063 -0.00682830810546875 0.00240516662597656 -0.0298900604248047
0.0225563049316406 -0.0192108154296875 0.049346923828125 0.0180625915527344
0.00191211700439453 -0.016779899597168 0.0786895751953125 -0.03369140625
-0.00528573989868164 -0.00846004486083984 0.0476608276367187 -0.0819244384765625
-0.0106792449951172 -0.00311660766601563 -0.00921630859375 -0.100372314453125
-0.0177249908447266 -0.00546073913574219 -0.0492401123046875 -0.0831375122070313
-0.015380859375 -0.00530910491943359 -0.0474472045898438 -0.0549125671386719
-0.0209331512451172 -0.00642776489257812 -0.0434951782226563 -0.0446815490722656
-0.0192012786865234 -0.0194854736328125 -0.0358810424804688 -0.0401954650878906
-0.00197601318359375 -0.0343379974365234 -0.0332183837890625 -0.0370101928710938
0.0287857055664063 -0.0360221862792969 -0.0284385681152344 -0.0521621704101563
0.0619354248046875 -0.00139617919921875 -0.0220756530761719 -0.0675315856933594
0.0757980346679688 0.0371780395507813 -0.0337295532226563 -0.0992202758789063
0.0590362548828125 0.0765914916992188 -0.0361251831054687 -0.119552612304687
0.0503997802734375 0.106414794921875 0.0581588745117188 -0.0937423706054687
0.0646476745605469 0.0404701232910156 0.0184955596923828 -0.0156650543212891
0.0661697387695313 0.00954437255859375 0.0563697814941406 0.0306320190429687
0.0453338623046875 -0.0260734558105469 0.0884857177734375 -0.0224990844726563
0.0203323364257812 -0.0363578796386719 0.0609970092773438 -0.0727996826171875
-0.00948715209960937 -0.0407028198242187 0.00228118896484375 -0.0980453491210938
-0.0291481018066406 -0.0383796691894531 -0.0407791137695313 -0.07916259765625
-0.0252780914306641 -0.0350322723388672 -0.0416297912597656 -0.0461158752441406
-0.0329208374023438 -0.0387802124023438 -0.0373992919921875 -0.0352859497070313
-0.0200386047363281 -0.0499801635742188 -0.035369873046875 -0.0280303955078125
0.01287841796875 -0.0600128173828125 -0.03289794921875 -0.0232410430908203
0.053436279296875 -0.0481147766113281 -0.0327072143554688 -0.0386123657226563
0.0903701782226563 0.0134811401367188 -0.0287666320800781 -0.0528221130371094
0.0947418212890625 0.065673828125 -0.0317459106445312 -0.0789794921875
0.0596694946289062 0.113548278808594 -0.0308151245117188 -0.0863876342773438
0.0339584350585938 0.140007019042969 0.07391357421875 -0.0506820678710938
0.0677871704101563 0.085968017578125 0.0323581695556641 0.0121059417724609
0.098388671875 0.0470428466796875 0.0595588684082031 0.0478324890136719
0.0870285034179688 -0.0229034423828125 0.0927581787109375 -0.0034332275390625
0.0494422912597656 -0.0558547973632813 0.0694465637207031 -0.0516128540039063
-0.00285339355468751 -0.0723876953125 0.0153579711914063 -0.08203125
-0.0350265502929688 -0.0657081604003906 -0.0268211364746094 -0.0644607543945313
-0.0316429138183594 -0.0596427917480469 -0.0301055908203125 -0.0307540893554688
-0.0428962707519531 -0.0643730163574219 -0.0264186859130859 -0.0189056396484375
-0.0231781005859375 -0.0734329223632813 -0.0298557281494141 -0.00940322875976563
0.02081298828125 -0.08197021484375 -0.0299320220947266 -0.00425338745117188
0.0683631896972656 -0.0598220825195312 -0.0356559753417969 -0.0213890075683594
0.107391357421875 0.0195693969726563 -0.0337905883789063 -0.0374641418457031
0.104629516601563 0.0799942016601563 -0.0233726501464844 -0.0570182800292969
0.054901123046875 0.13330078125 -0.0228385925292969 -0.0444717407226562
0.01129150390625 0.150604248046875 0.08123779296875 0.00332641601562501
0.0531768798828125 0.116386413574219 0.0412063598632813 0.046112060546875
0.106468200683594 0.0815658569335938 0.0552177429199219 0.0656356811523438
0.112747192382813 -0.0078582763671875 0.0862503051757813 0.0200347900390625
0.0725784301757813 -0.06011962890625 0.0693817138671875 -0.0242881774902344
0.0071563720703125 -0.0908203125 0.025543212890625 -0.0558967590332031
-0.0342025756835937 -0.08306884765625 -0.00902175903320313 -0.0410957336425781
-0.0329742431640625 -0.0742568969726562 -0.0144109725952148 -0.0105104446411133
-0.0476837158203125 -0.0809249877929687 -0.00984668731689453 0.000866889953613278
-0.0242156982421875 -0.0879745483398437 -0.0198955535888672 0.0134181976318359
0.027008056640625 -0.0940017700195313 -0.0243015289306641 0.0166759490966797
0.0757293701171875 -0.0647354125976563 -0.0355453491210937 -0.00413894653320312
0.112739562988281 0.0248031616210938 -0.0345020294189453 -0.0251102447509766
0.100875854492188 0.0877304077148438 -0.00978088378906249 -0.0364799499511719
0.041595458984375 0.136489868164063 -0.0129756927490234 -0.000179290771484369
-0.012420654296875 0.133010864257813 0.0783843994140625 0.0582656860351563
0.0257949829101563 0.121009826660156 0.0437850952148437 0.0815658569335938
0.0866470336914063 0.100112915039063 0.0451736450195313 0.0778121948242188
0.112571716308594 0.010711669921875 0.0700912475585938 0.0413932800292969
0.081268310546875 -0.0507965087890625 0.0594596862792969 0.00414276123046875
0.016357421875 -0.091796875 0.0317726135253906 -0.0241069793701172
-0.0284042358398437 -0.0857772827148438 0.00854778289794922 -0.0133180618286133
-0.028961181640625 -0.07806396484375 0.00401115417480469 0.0107555389404297
-0.045074462890625 -0.0857925415039063 0.00858688354492187 0.0226078033447266
-0.0212326049804687 -0.09051513671875 -0.0075531005859375 0.0370903015136719
0.0312728881835938 -0.0934219360351563 -0.0185050964355469 0.0373191833496094
0.0776748657226563 -0.0592575073242188 -0.0356864929199219 0.0119132995605469
0.1046142578125 0.0335311889648438 -0.0343570709228515 -0.0158863067626953
0.0803375244140625 0.09124755859375 0.0041656494140625 -0.0182228088378906
0.0186080932617188 0.126502990722656 -0.00560379028320312 0.0419960021972656
-0.0331344604492188 0.0913314819335938 0.0709609985351563 0.102790832519531
-0.00542449951171875 0.097869873046875 0.0406570434570313 0.107940673828125
0.0505599975585937 0.0941314697265625 0.0341567993164062 0.0826034545898437
0.0879974365234375 0.0252914428710938 0.0515556335449219 0.0547866821289062
0.0715866088867188 -0.0327529907226563 0.045806884765625 0.0269966125488281
0.0205459594726563 -0.0762100219726563 0.0340995788574219 0.00652885437011718
-0.0191574096679687 -0.0752716064453125 0.024200439453125 0.014190673828125
-0.0214309692382812 -0.0689239501953125 0.0213756561279297 0.0313472747802734
-0.03515625 -0.0788192749023438 0.0247116088867187 0.044586181640625
-0.0140304565429688 -0.0828018188476563 0.00274276733398437 0.0583724975585937
0.035003662109375 -0.0810165405273438 -0.0150566101074219 0.0562057495117188
0.0741195678710938 -0.0438995361328125 -0.037750244140625 0.0250091552734375
0.08514404296875 0.0439605712890625 -0.0358161926269531 -0.00912857055664061
0.048614501953125 0.0875930786132813 0.013005256652832 0.000189781188964849
-0.009765625 0.101669311523438 -0.00457000732421875 0.0798721313476563
-0.0464324951171875 0.033843994140625 0.0599899291992187 0.127777099609375
-0.0304145812988281 0.0544853210449219 0.0365753173828125 0.119438171386719
0.00962448120117188 0.0676307678222656 0.0259552001953125 0.0787124633789063
0.0499725341796875 0.0296974182128906 0.0358352661132812 0.0596656799316406
0.0490989685058594 -0.0125694274902344 0.0335502624511719 0.038970947265625
0.0197219848632812 -0.0485458374023438 0.0332202911376953 0.0281848907470703
-0.00690078735351563 -0.0521202087402344 0.036102294921875 0.0351295471191406
-0.0102729797363281 -0.0499534606933594 0.0356407165527344 0.0465049743652344
-0.0199928283691406 -0.0598373413085938 0.0374908447265625 0.0627479553222656
-0.00396728515625 -0.0631904602050781 0.00901031494140626 0.0777816772460938
0.03436279296875 -0.0582466125488281 -0.0169677734375 0.0714645385742188
0.0609626770019531 -0.0235099792480469 -0.0445098876953125 0.0351142883300781
0.0555686950683594 0.048248291015625 -0.0391654968261719 -0.00477981567382812
0.012298583984375 0.0728530883789063 0.0145492553710938 0.0157012939453125
-0.037017822265625 0.0626144409179688 -0.01348876953125 0.107902526855469
0.0481834411621094 0.00115203857421875 0.0143661499023438 -0.122016906738281
0.0167884826660156 -0.0447769165039062 -0.0111141204833984 -0.0297985076904297
-0.0219001770019531 -0.0363197326660156 0.0427131652832031 0.0134544372558594
-0.0344123840332031 -0.000364303588867192 0.0683364868164063 -0.0358924865722656
-0.0233840942382813 0.0216045379638672 0.0362930297851562 -0.0814666748046875
-0.00540733337402344 0.0336036682128906 -0.0134429931640625 -0.0938720703125
-0.000778198242187502 0.0277118682861328 -0.0497055053710938 -0.0797653198242188
-0.00217819213867188 0.0263805389404297 -0.0468940734863281 -0.0567626953125
-0.00646209716796875 0.0286827087402344 -0.0433502197265625 -0.0458030700683594
-0.0206985473632813 0.0150012969970703 -0.0347366333007813 -0.043243408203125
-0.0242710113525391 -0.00784492492675781 -0.0337715148925781 -0.044189453125
-0.00578880310058594 -0.0310897827148438 -0.0278587341308594 -0.0618019104003906
0.0315532684326172 -0.0302772521972656 -0.0157089233398437 -0.0841522216796875
0.05572509765625 -0.005218505859375 -0.0314865112304687 -0.117568969726563
0.055389404296875 0.025054931640625 -0.0410919189453125 -0.140838623046875
0.0558547973632812 0.0575637817382813 0.0366744995117188 -0.119224548339844
0.0455436706542969 -0.0063629150390625 0.00122642517089844 -0.0294399261474609
0.0226078033447266 -0.0194511413574219 0.0508079528808594 0.0195884704589844
0.00260257720947266 -0.0169124603271484 0.0805816650390625 -0.0328750610351563
-0.00536966323852539 -0.00876760482788086 0.0493392944335938 -0.082550048828125
-0.0106325149536133 -0.00276374816894531 -0.00812530517578125 -0.101943969726563
-0.0171604156494141 -0.0054311752319336 -0.049102783203125 -0.0845565795898438
-0.0152587890625 -0.00547313690185547 -0.047393798828125 -0.05609130859375
-0.0203762054443359 -0.006561279296875 -0.0432891845703125 -0.0450210571289062
-0.0188617706298828 -0.0188636779785156 -0.0362358093261719 -0.0406608581542969
-0.00237083435058594 -0.0337028503417969 -0.0335426330566406 -0.0386695861816406
0.0287590026855469 -0.0362777709960938 -0.0295448303222656 -0.0539398193359375
0.0629959106445313 -0.000644683837890625 -0.0211334228515625 -0.0706787109375
0.0765228271484375 0.0381317138671875 -0.0329055786132812 -0.10223388671875
0.0592575073242188 0.0786209106445313 -0.0357589721679688 -0.122520446777344
0.05047607421875 0.108818054199219 0.0584716796875 -0.0942459106445312
0.0636825561523438 0.0417938232421875 0.0169668197631836 -0.0147686004638672
0.0676498413085938 0.0103378295898438 0.0571060180664063 0.0326004028320313
0.0461006164550781 -0.0261039733886719 0.0904998779296875 -0.0213470458984375
0.0213432312011719 -0.0368194580078125 0.0634918212890625 -0.0728607177734375
-0.00963592529296875 -0.0403900146484375 0.00373840332031251 -0.0989608764648437
-0.0291976928710938 -0.0381698608398438 -0.0408706665039063 -0.080352783203125
-0.0252151489257813 -0.0360565185546875 -0.041656494140625 -0.0464324951171875
-0.0332221984863281 -0.0391159057617188 -0.0382919311523437 -0.0355377197265625
-0.0201644897460937 -0.0496253967285156 -0.0363922119140625 -0.0284194946289063
0.01336669921875 -0.0597991943359375 -0.0336112976074219 -0.0242729187011719
0.0537796020507812 -0.0477218627929687 -0.032867431640625 -0.0406150817871094
0.090911865234375 0.0147247314453125 -0.0286331176757812 -0.0552902221679688
0.0954742431640625 0.0669021606445313 -0.0313186645507812 -0.0814666748046875
0.0598831176757812 0.115829467773438 -0.0300827026367187 -0.0881118774414062
0.0333404541015625 0.14306640625 0.0741195678710938 -0.0508346557617187
0.0662765502929688 0.0886077880859375 0.0312004089355469 0.0123615264892578
0.0994644165039062 0.04840087890625 0.0589256286621094 0.0506706237792969
0.0876083374023438 -0.022247314453125 0.0939407348632813 -0.000984191894531252
0.0509300231933594 -0.0557098388671875 0.071685791015625 -0.0519866943359375
-0.00343322753906251 -0.0725936889648437 0.0160751342773437 -0.083221435546875
-0.0349082946777344 -0.0667266845703125 -0.0266761779785156 -0.0651016235351563
-0.0312118530273437 -0.0607261657714844 -0.0299930572509766 -0.0307121276855469
-0.0433769226074219 -0.0650863647460937 -0.0265846252441406 -0.0190105438232422
-0.022796630859375 -0.0738677978515625 -0.0310516357421875 -0.00927352905273438
0.0217437744140625 -0.0816116333007813 -0.0315074920654297 -0.00436782836914063
0.0693702697753906 -0.0603485107421875 -0.0360488891601562 -0.0236778259277344
0.109504699707031 0.0202560424804688 -0.0333175659179687 -0.0402450561523438
0.105384826660156 0.081573486328125 -0.0236701965332031 -0.0595436096191406
0.05450439453125 0.136398315429688 -0.0223388671875 -0.046112060546875
0.010162353515625 0.153549194335937 0.0810623168945312 0.00349426269531251
0.0511856079101563 0.118400573730469 0.0396347045898437 0.0476341247558594
0.107772827148437 0.0836334228515625 0.0544624328613281 0.0687789916992188
0.113250732421875 -0.00775909423828125 0.087310791015625 0.0236129760742188
0.0739669799804688 -0.0603713989257812 0.0716094970703125 -0.0231475830078125
0.00730895996093751 -0.091461181640625 0.0271186828613281 -0.0565071105957031
-0.0345840454101562 -0.08343505859375 -0.00884246826171875 -0.0412788391113281
-0.0325927734375 -0.0754547119140625 -0.0141878128051758 -0.0100231170654297
-0.0483245849609375 -0.0815353393554687 -0.0106840133666992 0.000720977783203121
-0.0247879028320312 -0.088714599609375 -0.0203285217285156 0.0134296417236328
0.0262451171875 -0.09417724609375 -0.0257205963134766 0.0171337127685547
0.0763931274414062 -0.0655517578125 -0.0366744995117187 -0.005340576171875
0.114822387695313 0.02593994140625 -0.0344200134277344 -0.0270271301269531
0.100738525390625 0.0889663696289062 -0.010223388671875 -0.039031982421875
0.0407257080078125 0.139030456542969 -0.0131855010986328 -0.000998497009277335
-0.014373779296875 0.13531494140625 0.0782089233398438 0.0595245361328125
0.0236968994140625 0.121894836425781 0.0414962768554688 0.082550048828125
0.0881118774414063 0.103080749511719 0.0444107055664063 0.0810699462890625
0.113731384277344 0.0112380981445313 0.0708541870117188 0.0448455810546875
0.0824813842773438 -0.0502471923828125 0.0620803833007813 0.00539779663085937
0.0164413452148437 -0.0922317504882813 0.0326957702636719 -0.0237388610839844
-0.0287094116210938 -0.0870513916015625 0.00832080841064453 -0.0131254196166992
-0.0295791625976563 -0.0789108276367188 0.00393295288085937 0.0121259689331055
-0.0457305908203125 -0.0867767333984375 0.00748252868652344 0.0234165191650391
-0.0217132568359375 -0.0915908813476563 -0.00857925415039063 0.0376777648925781
0.0306167602539063 -0.0944061279296875 -0.0196266174316406 0.0371856689453125
0.0793914794921875 -0.0593643188476563 -0.0369606018066406 0.0102882385253906
0.106697082519531 0.0352020263671875 -0.0349102020263672 -0.0171356201171875
0.0807647705078125 0.0915451049804688 0.00442695617675782 -0.0193862915039062
0.0187149047851562 0.128669738769531 -0.00646209716796875 0.0418815612792969
-0.0338516235351562 0.0924758911132812 0.0696640014648438 0.104072570800781
-0.00672912597656249 0.0987701416015625 0.0384597778320313 0.10919189453125
0.051605224609375 0.0965499877929688 0.03216552734375 0.08538818359375
0.0894699096679688 0.0255584716796875 0.0511627197265625 0.05767822265625
0.0731353759765625 -0.0326766967773438 0.0473747253417969 0.0285568237304687
0.0204925537109375 -0.0766067504882812 0.0346755981445313 0.00647354125976562
-0.0191421508789062 -0.0760650634765625 0.0244331359863281 0.0142879486083984
-0.0215911865234375 -0.070770263671875 0.0217380523681641 0.0320243835449219
-0.0355300903320313 -0.0788726806640625 0.0241622924804687 0.0449447631835937
-0.01416015625 -0.0831146240234375 0.00191497802734375 0.0596694946289062
0.034820556640625 -0.0824813842773438 -0.0164070129394531 0.0560188293457031
0.0750885009765625 -0.0442733764648438 -0.0392837524414062 0.0239181518554687
0.0865402221679688 0.0453720092773438 -0.0362701416015625 -0.0100784301757812
0.0489959716796875 0.0892410278320312 0.013087272644043 -0.00121021270751953
-0.0105361938476562 0.102912902832031 -0.00580596923828124 0.0802536010742187
-0.0483055114746094 0.03466796875 0.059295654296875 0.129669189453125
-0.0312728881835937 0.055389404296875 0.0345382690429687 0.121604919433594
0.00974273681640625 0.0688400268554688 0.024444580078125 0.0812606811523438
0.0501594543457031 0.0293502807617187 0.0354156494140625 0.0625724792480469
0.0494766235351563 -0.0120201110839844 0.0346298217773438 0.0403366088867188
0.0199356079101563 -0.0485115051269531 0.0337047576904297 0.0284214019775391
-0.006591796875 -0.0525436401367188 0.0358619689941406 0.0357131958007813
-0.0104103088378906 -0.0508842468261719 0.0353775024414063 0.0477943420410156
-0.0204391479492187 -0.0598907470703125 0.0375404357910156 0.0633735656738281
-0.00434112548828124 -0.0634498596191406 0.0085906982421875 0.0789718627929688
0.0345916748046875 -0.0596199035644531 -0.0183334350585937 0.0720138549804687
0.0622291564941406 -0.0238151550292969 -0.0448837280273437 0.0344390869140625
0.0567398071289063 0.0493392944335938 -0.03936767578125 -0.00647735595703125
0.0117950439453125 0.0741653442382812 0.0149679183959961 0.0149936676025391
-0.0383949279785156 0.0630149841308594 -0.0143508911132813 0.108688354492188
0.0510711669921875 0.00123214721679688 0.0144805908203125 -0.126495361328125
0.0164680480957031 -0.0467720031738281 -0.0128803253173828 -0.0299797058105469
-0.023773193359375 -0.0379638671875 0.0453109741210938 0.0149078369140625
-0.0356178283691406 -0.000659942626953131 0.0718917846679687 -0.037628173828125
-0.0245323181152344 0.0225353240966797 0.0377120971679688 -0.0840988159179687
-0.00484466552734375 0.0354766845703125 -0.0140228271484375 -0.0971145629882813
-1.71661376953116E-05 0.0286026000976562 -0.05084228515625 -0.082427978515625
-0.0015716552734375 0.0269031524658203 -0.0486602783203125 -0.0586700439453125
-0.00510215759277344 0.0295734405517578 -0.0457344055175781 -0.047393798828125
-0.0203723907470703 0.0162506103515625 -0.0357437133789063 -0.0450515747070313
-0.0254135131835938 -0.00782012939453125 -0.0344390869140625 -0.0463752746582031
-0.00641822814941406 -0.0322227478027344 -0.0293159484863281 -0.0652694702148438
0.0323429107666016 -0.0318965911865234 -0.0158157348632813 -0.0887374877929687
0.0573158264160156 -0.00580596923828125 -0.0320053100585938 -0.121803283691406
0.0578804016113281 0.0257110595703125 -0.0425262451171875 -0.146636962890625
0.0588760375976563 0.0601387023925781 0.0368499755859375 -0.123542785644531
0.0465316772460937 -0.00627517700195312 -0.000125885009765624 -0.0298194885253906
0.0238132476806641 -0.0202445983886719 0.0534629821777344 0.0219078063964844
0.00193977355957031 -0.0179500579833984 0.0841751098632812 -0.03411865234375
-0.00502538681030273 -0.00870180130004883 0.051727294921875 -0.0858001708984375
-0.0112285614013672 -0.00209712982177734 -0.00759124755859376 -0.105934143066406
-0.0176467895507813 -0.00504684448242188 -0.0513153076171875 -0.0882415771484375
-0.0151128768920898 -0.00570392608642578 -0.0486373901367188 -0.0576744079589844
-0.0200042724609375 -0.00616836547851562 -0.04541015625 -0.0463066101074219
-0.0192527770996094 -0.0188617706298828 -0.0385284423828125 -0.0419578552246094
-0.00278091430664063 -0.0345706939697266 -0.0355720520019531 -0.0399551391601563
0.0296554565429688 -0.0375518798828125 -0.0308036804199219 -0.0575752258300781
0.0656700134277344 -0.00134658813476563 -0.0209197998046875 -0.0754776000976563
0.0792160034179688 0.0390090942382813 -0.03387451171875 -0.107345581054688
0.0616378784179688 0.08123779296875 -0.0372772216796875 -0.127342224121094
0.0535507202148438 0.113433837890625 0.0602569580078125 -0.0979690551757812
0.0648765563964844 0.0435981750488281 0.0159139633178711 -0.015772819519043
0.0698699951171875 0.0104866027832031 0.060089111328125 0.035491943359375
0.0477294921875 -0.0272254943847656 0.09466552734375 -0.0213851928710937
0.0221061706542969 -0.0381965637207031 0.066192626953125 -0.0758819580078125
-0.0102577209472656 -0.041412353515625 0.0037384033203125 -0.1029052734375
-0.0302200317382813 -0.0398178100585938 -0.042938232421875 -0.0828628540039063
-0.0257835388183594 -0.0371360778808594 -0.0428657531738281 -0.0475616455078125
-0.0339851379394531 -0.0396919250488281 -0.0396842956542969 -0.0365562438964844
-0.0199050903320312 -0.0508880615234375 -0.0383834838867188 -0.0286521911621094
0.0125579833984375 -0.0617942810058594 -0.0363426208496094 -0.0254669189453125
0.0557289123535156 -0.0499839782714844 -0.0355110168457031 -0.04339599609375
0.0949478149414063 0.0147018432617188 -0.0290679931640625 -0.0597724914550781
0.0991134643554688 0.0684814453125 -0.0324859619140625 -0.0862350463867188
0.0622787475585937 0.120956420898437 -0.0311737060546875 -0.091888427734375
0.03515625 0.149459838867188 0.0758743286132813 -0.0527496337890625
0.0678176879882813 0.0916290283203125 0.0299549102783203 0.0126724243164063
0.103767395019531 0.0501327514648438 0.0621833801269531 0.0538787841796875
0.0912628173828125 -0.02362060546875 0.0987319946289063 -0.000396728515625002
0.052978515625 -0.0581626892089844 0.075775146484375 -0.0537948608398438
-0.00334930419921875 -0.0749053955078125 0.0163497924804687 -0.0867538452148438
-0.0379638671875 -0.0685195922851563 -0.0278816223144531 -0.0671195983886719
-0.0322647094726562 -0.0631904602050781 -0.03082275390625 -0.0307941436767578
-0.0449790954589844 -0.0666885375976563 -0.0285472869873047 -0.0192108154296875
-0.0245132446289062 -0.0753707885742188 -0.0323371887207031 -0.00932693481445313
0.0217742919921875 -0.0846176147460938 -0.0335178375244141 -0.00496482849121094
0.0717010498046875 -0.06304931640625 -0.0383377075195313 -0.0255470275878906
0.114265441894531 0.0214004516601563 -0.0346145629882812 -0.04400634765625
0.109138488769531 0.0840377807617188 -0.0243186950683594 -0.0635147094726563
0.0569305419921875 0.142425537109375 -0.0234603881835937 -0.0483779907226562
0.01116943359375 0.159698486328125 0.0827713012695313 0.00327301025390626
0.05181884765625 0.124565124511719 0.0392189025878906 0.0494499206542969
0.112838745117188 0.0872726440429688 0.056243896484375 0.0732040405273438
0.117645263671875 -0.0079345703125 0.0910491943359375 0.0255584716796875
0.0776138305664063 -0.0629501342773438 0.0757980346679688 -0.0237655639648438
0.00733184814453124 -0.0936355590820313 0.0281143188476562 -0.0584983825683594
-0.0373458862304688 -0.0863800048828125 -0.00984954833984376 -0.0431251525878906
-0.0339431762695313 -0.0788497924804687 -0.0145463943481445 -0.00957584381103516
-0.0502548217773437 -0.0836944580078125 -0.0122308731079102 0.00270938873291015
-0.0266494750976562 -0.0911331176757813 -0.0221500396728516 0.0142498016357422
0.0260238647460938 -0.0979766845703125 -0.0275077819824219 0.0168361663818359
0.0794525146484375 -0.0684738159179688 -0.038665771484375 -0.00629425048828126
0.119644165039063 0.0270233154296875 -0.0365180969238281 -0.0298042297363281
0.105125427246094 0.0914840698242188 -0.0105323791503906 -0.0415725708007812
0.04290771484375 0.145736694335938 -0.0133628845214844 -0.00147438049316405
-0.014862060546875 0.141342163085937 0.0805892944335938 0.0613250732421875
0.0233535766601563 0.128410339355469 0.0416107177734375 0.0862274169921875
0.0926742553710938 0.107147216796875 0.0446929931640625 0.0863418579101563
0.118263244628906 0.0126724243164062 0.073760986328125 0.0470123291015625
0.08636474609375 -0.0528640747070313 0.0652885437011719 0.00662994384765625
0.0168075561523438 -0.0955734252929688 0.0340900421142578 -0.0256118774414063
-0.03106689453125 -0.0898895263671875 0.00894069671630859 -0.0134553909301758
-0.030548095703125 -0.08258056640625 0.00478267669677734 0.013300895690918
-0.0482101440429687 -0.0889739990234375 0.00632858276367187 0.0249824523925781
-0.02398681640625 -0.0938568115234375 -0.00965118408203126 0.0388946533203125
0.0309982299804688 -0.0976715087890625 -0.0208511352539062 0.0383567810058594
0.0814666748046875 -0.062103271484375 -0.0388946533203125 0.0102157592773437
0.111396789550781 0.0355148315429687 -0.03631591796875 -0.0188331604003906
0.0841751098632813 0.0948028564453125 0.00522232055664063 -0.021453857421875
0.019134521484375 0.133834838867188 -0.00716781616210938 0.043701171875
-0.0353775024414063 0.0966033935546875 0.0720138549804688 0.107772827148438
-0.00763702392578125 0.10235595703125 0.0388107299804688 0.113525390625
0.0545501708984375 0.100593566894531 0.0327377319335938 0.0896072387695313
0.093048095703125 0.0267257690429688 0.0534095764160156 0.0619354248046875
0.0763015747070313 -0.0337753295898438 0.0509262084960938 0.0297660827636719
0.0211410522460938 -0.0795669555664063 0.0359954833984375 0.00643157958984375
-0.0207138061523438 -0.0787734985351563 0.0254077911376953 0.0147933959960937
-0.022552490234375 -0.0736083984375 0.0227794647216797 0.0340347290039062
-0.0385208129882812 -0.0811309814453125 0.0242424011230469 0.0470657348632812
-0.0160751342773438 -0.0856781005859375 0.00103378295898438 0.06182861328125
0.0351943969726562 -0.0855331420898438 -0.0178070068359375 0.0581130981445312
0.0778045654296875 -0.0468673706054687 -0.0411872863769531 0.0247116088867187
0.090606689453125 0.0468063354492188 -0.0373382568359375 -0.0112457275390625
0.05108642578125 0.0918807983398438 0.0139932632446289 -0.00239562988281249
-0.0106582641601563 0.108039855957031 -0.00646209716796875 0.0834426879882813
-0.0491828918457031 0.0351829528808594 0.0610427856445313 0.133979797363281
-0.0330657958984375 0.0576248168945312 0.03515625 0.125259399414062
0.0112075805664063 0.0716705322265625 0.0241775512695312 0.0854263305664063
0.0528793334960938 0.0306777954101563 0.037445068359375 0.0663681030273438
0.0513153076171875 -0.0123062133789063 0.0369529724121094 0.04229736328125
0.0201454162597656 -0.0510368347167969 0.0356864929199219 0.0290985107421875
-0.00761032104492188 -0.0552902221679687 0.0378875732421875 0.0372467041015625
-0.0111961364746094 -0.0523948669433594 0.0370445251464844 0.0499839782714844
-0.021331787109375 -0.0617408752441406 0.0378837585449219 0.0669517517089844
-0.00577926635742188 -0.0655975341796875 0.00817108154296875 0.0822525024414063
0.0357933044433594 -0.0614585876464844 -0.0192337036132813 0.0742111206054687
0.0645980834960938 -0.0255317687988281 -0.0473213195800781 0.0355110168457031
0.0595932006835938 0.0516014099121094 -0.0413055419921875 -0.00659179687499999
0.01214599609375 0.0770263671875 0.0164785385131836 0.0146112442016602
-0.0392570495605469 0.0660591125488281 -0.0146865844726563 0.111869812011719
0.0546989440917969 -0.00034332275390625 0.0119781494140625 -0.13250732421875
0.015838623046875 -0.0492820739746094 -0.0152988433837891 -0.0298404693603516
-0.0265617370605469 -0.0388336181640625 0.048980712890625 0.0150527954101562
-0.0376014709472656 0.000129699707031249 0.0746307373046875 -0.0408859252929687
-0.0253543853759766 0.023895263671875 0.0370864868164062 -0.0889434814453125
-0.0031890869140625 0.0383796691894531 -0.0161209106445313 -0.101280212402344
0.00182914733886719 0.0306873321533203 -0.0555953979492188 -0.0853118896484375
0.000204086303710938 0.0276165008544922 -0.0521774291992188 -0.0604782104492187
-0.00363349914550782 0.0307140350341797 -0.0492210388183594 -0.0483894348144531
-0.0204429626464844 0.0184803009033203 -0.0394210815429688 -0.0458755493164063
-0.0266494750976563 -0.00687408447265625 -0.0380287170410156 -0.0478897094726562
-0.00805282592773438 -0.0329627990722656 -0.0325698852539063 -0.069091796875
0.0324611663818359 -0.0343551635742188 -0.0183258056640625 -0.0944061279296875
0.0593223571777344 -0.00842666625976563 -0.0363998413085937 -0.127769470214844
0.0623092651367188 0.0252418518066406 -0.04840087890625 -0.153717041015625
0.0641822814941406 0.0612373352050781 0.03607177734375 -0.13037109375
0.0482978820800781 -0.00712203979492188 -0.00232887268066406 -0.0306377410888672
0.0240879058837891 -0.0221176147460938 0.0569839477539062 0.0226249694824219
0.000886917114257813 -0.0186996459960938 0.0876541137695313 -0.0371551513671875
-0.00583934783935547 -0.00941181182861328 0.0524444580078125 -0.0910263061523438
-0.0112018585205078 -0.00144672393798828 -0.0106582641601563 -0.11041259765625
-0.0184993743896484 -0.00451469421386719 -0.0564422607421875 -0.0904464721679688
-0.0155839920043945 -0.00543689727783203 -0.0526084899902344 -0.0593986511230469
-0.0204544067382812 -0.0058746337890625 -0.0492515563964844 -0.0470237731933594
-0.0198001861572266 -0.0181350708007812 -0.0419998168945313 -0.0429916381835938
-0.00330352783203125 -0.0354156494140625 -0.038665771484375 -0.0416717529296875
0.0296211242675781 -0.0400924682617188 -0.0343055725097656 -0.0607147216796875
0.069000244140625 -0.00320816040039063 -0.0236740112304688 -0.0803909301757813
0.0837173461914063 0.0379562377929688 -0.0377197265625 -0.112503051757813
0.0670166015625 0.0841064453125 -0.0419387817382812 -0.133476257324219
0.0598068237304688 0.117904663085938 0.0597457885742188 -0.105247497558594
0.0686073303222656 0.044647216796875 0.0147991180419922 -0.0156259536743164
0.0737533569335937 0.0089569091796875 0.0643234252929688 0.036712646484375
0.0487518310546875 -0.0301132202148437 0.0992584228515625 -0.0242233276367188
0.0223312377929688 -0.0408668518066406 0.0679779052734375 -0.0811233520507813
-0.0116348266601562 -0.0426445007324219 0.00152587890624999 -0.108421325683594
-0.0337066650390625 -0.0401992797851563 -0.047088623046875 -0.0852584838867188
-0.027740478515625 -0.0384483337402344 -0.0461997985839844 -0.048492431640625
-0.0365028381347656 -0.0405731201171875 -0.0435295104980469 -0.0364570617675781
-0.0228042602539063 -0.05169677734375 -0.0415420532226562 -0.0293350219726563
0.0118026733398438 -0.0642585754394531 -0.0394554138183594 -0.0258331298828125
0.0571708679199219 -0.0538063049316406 -0.0381126403808594 -0.0461158752441406
0.100173950195313 0.0127487182617188 -0.0311813354492187 -0.0639266967773437
0.105484008789063 0.0683746337890625 -0.0363082885742187 -0.0906524658203125
0.0693740844726563 0.126152038574219 -0.0352630615234375 -0.0966415405273437
0.0416107177734375 0.156875610351563 0.07769775390625 -0.0580215454101562
0.0715866088867188 0.0952606201171875 0.0304431915283203 0.0129318237304688
0.111007690429687 0.0496368408203125 0.0663375854492188 0.0571670532226563
0.0948944091796875 -0.0272674560546875 0.103950500488281 -0.00199127197265625
0.0541038513183594 -0.06256103515625 0.0790939331054688 -0.0590667724609375
-0.00550079345703125 -0.077423095703125 0.0155487060546875 -0.0914764404296875
-0.0416030883789062 -0.0700607299804688 -0.0314712524414063 -0.0692138671875
-0.0357666015625 -0.0656356811523438 -0.0330867767333984 -0.0312747955322266
-0.0489654541015625 -0.0678863525390625 -0.0306301116943359 -0.0185298919677734
-0.028167724609375 -0.077606201171875 -0.0355606079101563 -0.00817489624023438
0.0196914672851563 -0.0893783569335938 -0.0361862182617188 -0.00426483154296875
0.0731124877929688 -0.0677871704101563 -0.0417518615722656 -0.0268630981445313
0.121673583984375 0.019073486328125 -0.0373649597167969 -0.047271728515625
0.117546081542969 0.0837936401367188 -0.0273857116699219 -0.0667610168457031
0.0639801025390625 0.149261474609375 -0.0262794494628906 -0.0508270263671875
0.0157470703125 0.16864013671875 0.0866775512695313 0.00114440917968751
0.0560226440429687 0.128822326660156 0.0404548645019531 0.0506057739257813
0.12152099609375 0.0891189575195313 0.061248779296875 0.0771560668945312
0.123542785644531 -0.0117568969726563 0.0970306396484375 0.025390625
0.080810546875 -0.067718505859375 0.0800628662109375 -0.0273971557617188
0.00482177734375 -0.0984420776367188 0.0275001525878906 -0.0627479553222656
-0.04241943359375 -0.0888671875 -0.0118560791015625 -0.044281005859375
-0.0386810302734375 -0.0827484130859375 -0.0148200988769531 -0.00866985321044922
-0.0558319091796875 -0.0854415893554687 -0.0130481719970703 0.00398635864257812
-0.0307540893554688 -0.093780517578125 -0.0234127044677734 0.0166759490966797
0.0239791870117188 -0.103347778320312 -0.0294876098632812 0.0182571411132812
0.0807266235351563 -0.0736618041992188 -0.0418853759765625 -0.00704193115234375
0.127250671386719 0.0240707397460938 -0.0387382507324219 -0.031524658203125
0.112953186035156 0.0924148559570313 -0.0125045776367187 -0.0442962646484375
0.0486297607421875 0.153427124023438 -0.0138921737670898 -0.00162506103515624
-0.0123443603515625 0.149383544921875 0.08544921875 0.0618743896484375
0.02734375 0.133674621582031 0.043853759765625 0.0887985229492188
0.101387023925781 0.110153198242188 0.0490570068359375 0.0912094116210938
0.123764038085938 0.00949859619140625 0.07952880859375 0.050018310546875
0.0896530151367188 -0.0576705932617188 0.0695877075195313 0.00477981567382812
0.0140151977539062 -0.100212097167969 0.03515625 -0.0281982421875
-0.0355224609375 -0.092864990234375 0.00818538665771484 -0.013667106628418
-0.0353546142578125 -0.0853118896484375 0.00548076629638672 0.0147418975830078
-0.0540313720703125 -0.090576171875 0.00729751586914062 0.0266857147216797
-0.028564453125 -0.0975875854492187 -0.01019287109375 0.04193115234375
0.02923583984375 -0.10308837890625 -0.0221405029296875 0.04052734375
0.0834503173828125 -0.0681076049804688 -0.0416946411132813 0.0113716125488281
0.118858337402344 0.0344390869140625 -0.0380668640136719 -0.0201339721679687
0.0911865234375 0.0971603393554688 0.00422477722167969 -0.0242195129394531
0.0235137939453125 0.141159057617188 -0.00556564331054687 0.0454826354980469
-0.0348281860351563 0.102874755859375 0.0772933959960938 0.110824584960937
-0.00583648681640626 0.108688354492188 0.0423965454101563 0.117530822753906
0.0611724853515625 0.104385375976562 0.0358810424804688 0.0954055786132813
0.0980987548828125 0.0255279541015625 0.0582809448242188 0.0649299621582031
0.0799102783203125 -0.0376815795898438 0.0549163818359375 0.0298194885253906
0.0191879272460938 -0.0831069946289063 0.0376663208007813 0.00495529174804687
-0.0255889892578125 -0.0821151733398437 0.0271778106689453 0.0148849487304687
-0.0263824462890625 -0.076080322265625 0.0250511169433594 0.0361518859863281
-0.04315185546875 -0.0832901000976563 0.0262489318847656 0.0494651794433594
-0.0204620361328125 -0.0886917114257813 0.00201416015625 0.06573486328125
0.0333251953125 -0.09033203125 -0.0179214477539063 0.0605049133300781
0.0796661376953125 -0.0514373779296875 -0.0433464050292969 0.0265541076660156
0.09747314453125 0.0463714599609375 -0.0394744873046875 -0.0118675231933594
0.0565567016601562 0.0951156616210938 0.0146493911743164 -0.00432395935058593
-0.00769042968749999 0.114311218261719 -0.00376129150390625 0.0870513916015625
-0.0511398315429688 0.0391311645507813 0.0671005249023437 0.138900756835938
-0.0328636169433594 0.0619049072265625 0.0394668579101563 0.131103515625
0.0150070190429687 0.0756149291992188 0.0271759033203125 0.090667724609375
0.0566024780273438 0.0301475524902344 0.0417327880859375 0.0699386596679688
0.0542259216308594 -0.015045166015625 0.0407180786132813 0.044158935546875
0.0188484191894531 -0.0540046691894531 0.0385513305664063 0.0294189453125
-0.0109024047851563 -0.0580673217773438 0.0408973693847656 0.0374183654785156
-0.0134391784667969 -0.0556068420410156 0.0408134460449219 0.0519828796386719
-0.02569580078125 -0.0638236999511719 0.0414657592773438 0.0684890747070313
-0.00834274291992188 -0.0684089660644531 0.0102005004882813 0.08660888671875
0.0340347290039063 -0.0662078857421875 -0.01873779296875 0.0777435302734375
0.0667610168457031 -0.0292701721191406 -0.0491943359375 0.0384140014648438
0.0644264221191406 0.0526161193847656 -0.0428199768066406 -0.00649642944335937
0.0159530639648437 0.0806884765625 0.0180950164794922 0.0133953094482422
-0.0392684936523437 0.0708999633789063 -0.0123443603515625 0.117790222167969
0.0577621459960937 -0.00424575805664062 0.0041351318359375 -0.138320922851562
0.0131454467773437 -0.0512237548828125 -0.0191898345947266 -0.0284194946289063
-0.0302085876464844 -0.0388069152832031 0.0521354675292969 0.0128593444824219
-0.0391311645507813 0.00209426879882812 0.075408935546875 -0.0458908081054688
-0.0247268676757812 0.0269813537597656 0.0336990356445313 -0.0935134887695313
-0.000305175781250002 0.039947509765625 -0.0214080810546875 -0.10443115234375
0.00485801696777344 0.0316333770751953 -0.0624923706054687 -0.0849151611328125
0.00192832946777344 0.0282649993896484 -0.0570220947265625 -0.0598487854003906
-0.000743865966796875 0.0313053131103516 -0.0532608032226563 -0.0473480224609375
-0.0189704895019531 0.0207023620605469 -0.0435752868652344 -0.0461387634277344
-0.0275249481201172 -0.0046844482421875 -0.0425796508789063 -0.0484580993652344
-0.0106639862060547 -0.0344772338867187 -0.03839111328125 -0.0711135864257813
0.0312156677246094 -0.0378074645996094 -0.0237350463867187 -0.0977325439453125
0.0609550476074219 -0.0116615295410156 -0.0443878173828125 -0.131019592285156
0.0666694641113281 0.0230255126953125 -0.0583648681640625 -0.1573486328125
0.0708770751953125 0.0595321655273438 0.029144287109375 -0.136314392089844
0.0483360290527344 -0.00928115844726562 -0.00583648681640625 -0.0302677154541016
0.0226573944091797 -0.0249004364013672 0.060577392578125 0.0202178955078125
-0.000205993652343749 -0.019775390625 0.0894775390625 -0.0427093505859375
-0.00668811798095703 -0.00879859924316406 0.0494003295898437 -0.0971221923828125
-0.0112161636352539 -0.000313758850097657 -0.0163345336914063 -0.114227294921875
-0.0192584991455078 -0.00307655334472657 -0.0631484985351562 -0.08978271484375
-0.015751838684082 -0.00548362731933594 -0.0578880310058594 -0.058135986328125
-0.0205554962158203 -0.00464057922363281 -0.0534744262695313 -0.0462074279785156
-0.0204238891601562 -0.0174045562744141 -0.0460243225097656 -0.0421333312988281
-0.00545501708984375 -0.0354690551757813 -0.0430870056152344 -0.0410575866699219
0.0286407470703125 -0.0431480407714844 -0.0393218994140625 -0.0626220703125
0.0707244873046875 -0.00746917724609375 -0.0288314819335938 -0.0841903686523438
0.0885467529296875 0.03448486328125 -0.045684814453125 -0.115409851074219
0.0745315551757813 0.083740234375 -0.0508041381835937 -0.136787414550781
0.0697402954101563 0.119087219238281 0.0553054809570313 -0.112022399902344
0.0731658935546875 0.0433731079101562 0.0126657485961914 -0.0165338516235352
0.0771636962890625 0.00470733642578125 0.0690040588378906 0.0358963012695313
0.0486373901367188 -0.0333518981933594 0.102218627929688 -0.02978515625
0.0209426879882813 -0.0436172485351563 0.0671234130859375 -0.0880355834960937
-0.0143623352050781 -0.04266357421875 -0.00445556640625 -0.11224365234375
-0.0372161865234375 -0.0389823913574219 -0.0538482666015625 -0.085601806640625
-0.0305862426757813 -0.03857421875 -0.0499076843261719 -0.047454833984375
-0.0395584106445313 -0.0390777587890625 -0.046875 -0.0350456237792969
-0.0263900756835937 -0.0515098571777344 -0.0452537536621094 -0.0270957946777344
0.00823593139648438 -0.0666961669921875 -0.0433273315429688 -0.0250625610351562
0.0559577941894531 -0.0585861206054688 -0.0438613891601563 -0.0469512939453125
0.10504150390625 0.00737762451171875 -0.0361213684082031 -0.0666923522949219
0.112663269042969 0.0643844604492188 -0.0431442260742187 -0.0931243896484375
0.0787506103515625 0.128150939941406 -0.0417556762695312 -0.099212646484375
0.0524749755859375 0.160202026367188 0.076629638671875 -0.06451416015625
0.0792922973632813 0.095428466796875 0.0298290252685547 0.0120887756347656
0.118431091308594 0.0454254150390625 0.0723724365234375 0.0577392578125
0.0962677001953125 -0.0329742431640625 0.108818054199219 -0.0058135986328125
0.0533409118652344 -0.0678825378417969 0.080291748046875 -0.0659103393554688
-0.0102157592773437 -0.0794296264648438 0.010986328125 -0.0953369140625
-0.0472869873046875 -0.0694122314453125 -0.0361900329589844 -0.0696067810058594
-0.0407485961914063 -0.0661735534667969 -0.0350914001464844 -0.0290889739990234
-0.0549468994140625 -0.0666580200195313 -0.0334434509277344 -0.0166378021240234
-0.0331878662109375 -0.0781173706054688 -0.0373306274414063 -0.00553512573242188
0.0142974853515625 -0.092437744140625 -0.0389289855957031 -0.00329208374023438
0.0722274780273438 -0.074310302734375 -0.0462455749511719 -0.0270805358886719
0.127593994140625 0.0123214721679688 -0.0411796569824219 -0.0487861633300781
0.125625610351563 0.0797042846679687 -0.0322303771972656 -0.0696067810058594
0.0749969482421875 0.151824951171875 -0.0295448303222656 -0.0517807006835937
0.025634765625 0.17376708984375 0.0887451171875 -0.00442504882812499
0.0650253295898438 0.131294250488281 0.0423812866210938 0.0506019592285156
0.131309509277344 0.085540771484375 0.0673599243164063 0.079437255859375
0.127662658691406 -0.0187454223632813 0.102699279785156 0.0227279663085938
0.0797271728515625 -0.0748977661132813 0.0824966430664063 -0.0323486328125
-0.000854492187499996 -0.10150146484375 0.0251655578613281 -0.0666542053222656
-0.0494842529296875 -0.0886306762695312 -0.0145492553710938 -0.043975830078125
-0.0445709228515625 -0.0828323364257813 -0.0154743194580078 -0.00711345672607422
-0.062744140625 -0.0843048095703125 -0.0138731002807617 0.00504875183105468
-0.0376052856445313 -0.0942764282226563 -0.0240230560302734 0.0192680358886719
0.01849365234375 -0.107109069824219 -0.0308094024658203 0.0209999084472656
0.0796890258789063 -0.0811767578125 -0.0445632934570312 -0.00620269775390625
0.133987426757813 0.017486572265625 -0.0420989990234375 -0.0327224731445313
0.121902465820312 0.0889434814453125 -0.0156593322753906 -0.0469932556152344
0.0597686767578125 0.157196044921875 -0.014857292175293 -0.00154590606689452
-0.00402832031249999 0.15594482421875 0.0899734497070313 0.05926513671875
0.0349197387695312 0.137802124023437 0.0483779907226563 0.08917236328125
0.112327575683594 0.108818054199219 0.0562210083007813 0.0936737060546875
0.129188537597656 0.00286865234375 0.0855255126953125 0.0485763549804688
0.0905303955078125 -0.0651626586914063 0.073822021484375 0.00128936767578125
0.00850677490234375 -0.10394287109375 0.0339603424072266 -0.0309810638427734
-0.04339599609375 -0.0933990478515625 0.00810527801513672 -0.0150318145751953
-0.0420455932617187 -0.0861892700195313 0.00718116760253906 0.0158100128173828
-0.0618362426757812 -0.0894622802734375 0.00840568542480468 0.0281734466552734
-0.0357818603515625 -0.0982208251953125 -0.00888824462890625 0.0444221496582031
0.0233230590820313 -0.107917785644531 -0.0206680297851562 0.0432052612304687
0.0822677612304688 -0.0752639770507813 -0.0430030822753906 0.0130081176757812
0.1259765625 0.029388427734375 -0.0416107177734375 -0.0203590393066406
0.0996627807617188 0.0945587158203125 0.00292205810546876 -0.0266361236572266
0.032379150390625 0.14581298828125 -0.00301742553710937 0.0467338562011719
-0.0301895141601562 0.108963012695312 0.08563232421875 0.110641479492188
-0.0011444091796875 0.113182067871094 0.0488510131835937 0.119499206542969
0.0698623657226563 0.105819702148438 0.04205322265625 0.098663330078125
0.103279113769531 0.02020263671875 0.064544677734375 0.0651588439941406
0.0812530517578125 -0.043701171875 0.0597610473632813 0.028839111328125
0.015228271484375 -0.0874481201171875 0.0389747619628906 0.00283432006835937
-0.0319976806640625 -0.0829315185546875 0.0284976959228516 0.0143508911132812
-0.0323486328125 -0.0775299072265625 0.0283966064453125 0.0366096496582031
-0.0498046875 -0.082977294921875 0.02911376953125 0.0503807067871094
-0.027099609375 -0.089630126953125 0.00521850585937499 0.0686111450195313
0.0286636352539062 -0.0954818725585938 -0.0158195495605469 0.0636558532714844
0.0794830322265625 -0.0585403442382813 -0.0436973571777344 0.0288734436035156
0.104751586914063 0.0424575805664063 -0.0414695739746094 -0.0111427307128906
0.0643310546875 0.09466552734375 0.0148687362670898 -0.00658893585205078
-0.00104522705078125 0.118690490722656 0.00158691406250001 0.0893707275390625
-0.050323486328125 0.0438957214355469 0.0755615234375 0.140037536621094
-0.0310935974121094 0.0663833618164062 0.046630859375 0.133285522460938
0.0202789306640625 0.0780258178710938 0.0325698852539063 0.09405517578125
0.0612602233886719 0.027740478515625 0.0474014282226563 0.07177734375
0.05621337890625 -0.0188255310058594 0.0453834533691406 0.0437545776367188
0.0163345336914062 -0.057220458984375 0.04083251953125 0.0278587341308594
-0.0156974792480469 -0.0588912963867188 0.0438652038574219 0.0364646911621094
-0.0179100036621094 -0.0567703247070313 0.0457305908203125 0.0519828796386719
-0.0306396484375 -0.0634269714355469 0.0463066101074219 0.0694313049316406
-0.0135765075683594 -0.0696182250976563 0.0145187377929688 0.0891952514648438
0.030609130859375 -0.0705947875976563 -0.0155868530273438 0.0810012817382813
0.0677146911621094 -0.03369140625 -0.0492897033691406 0.0412063598632812
0.0705108642578125 0.0504989624023438 -0.0445060729980469 -0.00540924072265624
0.02044677734375 0.0820465087890625 0.0190639495849609 0.0108566284179688
-0.0361099243164062 0.07623291015625 -0.00560760498046875 0.122138977050781
0.0586013793945313 -0.009002685546875 -0.00450134277343748 -0.138694763183594
0.009765625 -0.0520820617675781 -0.0214271545410156 -0.0256385803222656
-0.0337409973144531 -0.0365524291992188 0.0537300109863281 0.0107498168945312
-0.0395622253417969 0.00465011596679687 0.0732498168945313 -0.049530029296875
-0.0235176086425781 0.0295352935791016 0.0286788940429688 -0.0953598022460938
0.0028076171875 0.0398178100585938 -0.0272064208984375 -0.103530883789062
0.00775337219238281 0.0309410095214844 -0.0679855346679687 -0.0817108154296875
0.00504875183105469 0.0282535552978516 -0.0609169006347656 -0.0567817687988281
0.00217437744140625 0.0311985015869141 -0.0566062927246094 -0.0443191528320312
-0.0163078308105469 0.0218334197998047 -0.04656982421875 -0.0439338684082031
-0.0272541046142578 -0.00205612182617188 -0.0455360412597656 -0.0462646484375
-0.0131874084472656 -0.0338134765625 -0.0436897277832031 -0.0699501037597656
0.0285415649414063 -0.0400848388671875 -0.030548095703125 -0.097625732421875
0.0600242614746094 -0.0152816772460938 -0.05169677734375 -0.128555297851563
0.06878662109375 0.0181999206542969 -0.0681915283203125 -0.1551513671875
0.07598876953125 0.0551834106445313 0.0204696655273437 -0.13916015625
0.0476417541503906 -0.0121383666992187 -0.00887870788574219 -0.0283870697021484
0.0210361480712891 -0.0262069702148438 0.0629158020019531 0.0182456970214844
-0.00188636779785156 -0.0200424194335937 0.0876922607421875 -0.0475006103515625
-0.00665044784545898 -0.00859308242797852 0.0445938110351563 -0.100387573242188
-0.00980377197265625 0.000806808471679686 -0.0230026245117188 -0.113716125488281
-0.0188064575195313 -0.00143051147460938 -0.068939208984375 -0.086669921875
-0.0159425735473633 -0.00461483001708984 -0.0611381530761719 -0.0551338195800781
-0.0204696655273438 -0.00431442260742187 -0.0572013854980469 -0.0424156188964844
-0.0209827423095703 -0.0155086517333984 -0.04937744140625 -0.0398483276367188
-0.00741767883300781 -0.0345306396484375 -0.0462570190429687 -0.0392684936523438
0.0258255004882812 -0.0451469421386719 -0.0442390441894531 -0.0625762939453125
0.0701065063476563 -0.0125007629394531 -0.0343093872070312 -0.0850677490234375
0.089813232421875 0.0286941528320313 -0.052764892578125 -0.113815307617188
0.0813217163085938 0.0798492431640625 -0.0591201782226562 -0.135055541992188
0.0782318115234375 0.114852905273437 0.0479049682617188 -0.116355895996094
0.0751953125 0.0399932861328125 0.00996494293212891 -0.0162677764892578
0.0780181884765625 -5.340576171875E-05 0.0728530883789063 0.0334091186523438
0.046722412109375 -0.0368461608886719 0.101730346679688 -0.03515625
0.0190277099609375 -0.0450019836425781 0.0624465942382813 -0.092926025390625
-0.0169410705566406 -0.0415000915527344 -0.011199951171875 -0.112350463867187
-0.0394515991210937 -0.0360450744628906 -0.0592880249023438 -0.0817031860351563
-0.033050537109375 -0.0369377136230469 -0.0527763366699219 -0.044158935546875
-0.0416908264160156 -0.0370521545410156 -0.0497856140136719 -0.0311431884765625
-0.0285453796386719 -0.0491981506347656 -0.046905517578125 -0.0248031616210938
0.00457382202148438 -0.0670433044433594 -0.0459671020507812 -0.0226707458496094
0.0526542663574219 -0.0619697570800781 -0.04791259765625 -0.0465126037597656
0.105857849121094 0.00025177001953125 -0.0411109924316406 -0.0669136047363281
0.116264343261719 0.057403564453125 -0.0485687255859375 -0.0918960571289063
0.087493896484375 0.124237060546875 -0.0478973388671875 -0.0985260009765625
0.06329345703125 0.158340454101563 0.0725326538085938 -0.069580078125
0.0847549438476562 0.0925827026367187 0.0291404724121094 0.0118370056152344
0.1229248046875 0.0378341674804688 0.0766830444335938 0.0549240112304688
0.0944900512695313 -0.0393295288085938 0.109962463378906 -0.0112152099609375
0.0495223999023437 -0.0720901489257813 0.0767364501953125 -0.0713272094726563
-0.0149459838867187 -0.0777435302734375 0.0051116943359375 -0.0968551635742188
-0.0523796081542969 -0.0660743713378906 -0.040679931640625 -0.0673065185546875
-0.0453758239746094 -0.0638656616210938 -0.0363006591796875 -0.0276298522949219
-0.0594253540039062 -0.063446044921875 -0.0344963073730469 -0.0139198303222656
-0.0381011962890625 -0.0748138427734375 -0.0388298034667969 -0.00307464599609376
0.00853729248046876 -0.093017578125 -0.0401420593261719 -0.000858306884765628
0.0677947998046875 -0.0794601440429688 -0.0492362976074219 -0.0260086059570313
0.128562927246094 0.0043182373046875 -0.0451431274414063 -0.0480613708496094
0.131233215332031 0.0717391967773438 -0.0368881225585938 -0.0684356689453125
0.0855255126953125 0.149078369140625 -0.0322341918945313 -0.0506210327148437
0.0366058349609375 0.17431640625 0.0883102416992188 -0.00934600830078124
0.0724716186523437 0.129119873046875 0.0434341430664063 0.0488052368164063
0.138694763183594 0.0775680541992188 0.073028564453125 0.0771713256835938
0.126724243164063 -0.0263824462890625 0.1055908203125 0.0170516967773438
0.0762863159179688 -0.0810317993164063 0.082122802734375 -0.0379104614257813
-0.00754547119140625 -0.101455688476563 0.0210380554199219 -0.06854248046875
-0.0558090209960938 -0.0852890014648437 -0.0172615051269531 -0.0432319641113281
-0.0501480102539062 -0.0806198120117188 -0.0146207809448242 -0.00568962097167969
-0.0689468383789063 -0.0793609619140625 -0.0145053863525391 0.00693607330322265
-0.0441207885742188 -0.09088134765625 -0.0236473083496094 0.0212593078613281
0.0111083984375 -0.108245849609375 -0.030181884765625 0.0223731994628906
0.0748825073242188 -0.0864791870117188 -0.0465621948242188 -0.00494766235351562
0.136909484863281 0.0091094970703125 -0.0453262329101563 -0.0317955017089844
0.1273193359375 0.0813522338867188 -0.0186996459960937 -0.0475425720214844
0.0701751708984375 0.155715942382813 -0.0149297714233398 -0.0015430450439453
0.00566101074218749 0.158035278320312 0.0930709838867188 0.0544815063476563
0.0428848266601563 0.137001037597656 0.0525741577148438 0.087646484375
0.120552062988281 0.103012084960937 0.06182861328125 0.0920257568359375
0.129806518554688 -0.005584716796875 0.0904464721679688 0.0442962646484375
0.0876846313476563 -0.0711669921875 0.07476806640625 -0.0034332275390625
0.002166748046875 -0.104667663574219 0.0318508148193359 -0.0325069427490234
-0.0508041381835937 -0.0901336669921875 0.00732135772705078 -0.0151901245117188
-0.048004150390625 -0.084503173828125 0.00905609130859375 0.0157070159912109
-0.0679931640625 -0.0844879150390625 0.00949287414550781 0.0291461944580078
-0.0430374145507813 -0.0951461791992188 -0.00607681274414063 0.0463027954101562
0.01580810546875 -0.109695434570312 -0.0196533203125 0.0445480346679687
0.078155517578125 -0.0813217163085938 -0.0434417724609375 0.014739990234375
0.128501892089844 0.020599365234375 -0.0434379577636719 -0.0199775695800781
0.105560302734375 0.0880050659179688 0.000564575195312508 -0.0291671752929687
0.0426788330078125 0.14569091796875 0.000133514404296874 0.0468597412109375
-0.0238037109375 0.111701965332031 0.0915985107421875 0.106178283691406
0.00543212890624999 0.114471435546875 0.0547409057617187 0.116973876953125
0.0780258178710937 0.101913452148438 0.0479812622070312 0.0982742309570313
0.104972839355469 0.0140609741210938 0.0692977905273438 0.0626144409179688
0.0792694091796875 -0.0498733520507813 0.0625534057617188 0.0251731872558594
0.00960540771484376 -0.0878677368164063 0.0390396118164063 0.00107955932617187
-0.0381622314453125 -0.0806655883789063 0.0299167633056641 0.0132598876953125
-0.0381927490234375 -0.0756454467773438 0.0317039489746094 0.035308837890625
-0.056243896484375 -0.07916259765625 0.0325660705566406 0.0493354797363281
-0.0333938598632812 -0.0875320434570313 0.009063720703125 0.0692176818847656
0.021575927734375 -0.0976104736328125 -0.012786865234375 0.0649604797363281
0.07623291015625 -0.0639419555664063 -0.0427818298339844 0.0315055847167969
0.108573913574219 0.0357513427734375 -0.0428886413574219 -0.00971984863281249
0.0704879760742188 0.0911026000976563 0.0144119262695313 -0.00940322875976562
0.0065765380859375 0.120964050292969 0.00651550292968749 0.0896148681640625
-0.0480804443359375 0.0474014282226563 0.083648681640625 0.136367797851563
-0.0271568298339844 0.069671630859375 0.0543899536132813 0.131187438964844
0.0267562866210938 0.0773773193359375 0.0381851196289062 0.0936508178710938
0.0626335144042969 0.0240097045898437 0.0529937744140625 0.0702667236328125
0.0548744201660156 -0.022552490234375 0.0494384765625 0.0409469604492188
0.0125999450683594 -0.0579452514648437 0.0430984497070313 0.0256118774414062
-0.0209159851074219 -0.0576896667480469 0.0469932556152344 0.0341758728027344
-0.0220413208007812 -0.0565032958984375 0.0495452880859375 0.0491294860839844
-0.0351219177246094 -0.0617828369140625 0.0508689880371094 0.0684432983398437
-0.0185813903808594 -0.0683670043945313 0.01983642578125 0.0892791748046875
0.0260467529296875 -0.0728836059570313 -0.0119247436523437 0.0823974609375
0.0656814575195313 -0.0394020080566406 -0.0476570129394531 0.0448379516601563
0.0756607055664063 0.0460586547851563 -0.0455665588378906 -0.00391769409179688
0.0253829956054688 0.0819091796875 0.0196247100830078 0.00845527648925782
-0.030609130859375 0.0794448852539063 0.00194549560546875 0.122245788574219
0.0572052001953125 -0.012115478515625 -0.0101776123046875 -0.136428833007812
0.00720596313476563 -0.0513534545898438 -0.022705078125 -0.0218429565429688
-0.0355873107910156 -0.034088134765625 0.0539131164550781 0.00891494750976562
-0.0396385192871094 0.00609970092773438 0.0714035034179688 -0.0510787963867188
-0.021697998046875 0.0300083160400391 0.0249710083007813 -0.0944595336914062
0.00563430786132813 0.0392494201660156 -0.0298385620117188 -0.1015625
0.00948333740234375 0.0308361053466797 -0.07000732421875 -0.0779953002929688
0.00620079040527344 0.0266342163085938 -0.0623359680175781 -0.0543403625488281
0.00408554077148438 0.02960205078125 -0.0578804016113281 -0.0412254333496094
-0.0138187408447266 0.0226516723632813 -0.0481452941894531 -0.0415763854980469
-0.0270709991455078 -0.000221252441406254 -0.0473594665527344 -0.04522705078125
-0.0143508911132813 -0.0324897766113281 -0.0466041564941406 -0.0683746337890625
0.0254745483398438 -0.0405311584472656 -0.0334014892578125 -0.0957717895507812
0.0586090087890625 -0.0176353454589844 -0.0550384521484375 -0.125022888183594
0.0694808959960938 0.0141639709472656 -0.0733184814453125 -0.15008544921875
0.077484130859375 0.0499496459960938 0.0129623413085938 -0.139068603515625
0.0461654663085938 -0.0134811401367188 -0.0112342834472656 -0.025970458984375
0.0188827514648437 -0.0265750885009766 0.0634956359863281 0.0162696838378906
-0.00331687927246094 -0.0195484161376953 0.08599853515625 -0.0494461059570313
-0.00737428665161133 -0.00828456878662109 0.04022216796875 -0.100250244140625
-0.00917911529541016 0.00174999237060547 -0.0266952514648437 -0.11102294921875
-0.0179367065429688 0.000173568725585934 -0.0714492797851562 -0.0821762084960938
-0.0151166915893555 -0.00465679168701172 -0.0621871948242188 -0.0523948669433594
-0.0196170806884766 -0.0035858154296875 -0.0578842163085938 -0.0396804809570312
-0.0200424194335938 -0.0138607025146484 -0.0500831604003906 -0.037017822265625
-0.00823974609375 -0.0329189300537109 -0.0473136901855469 -0.0375442504882813
0.0235061645507813 -0.0450210571289063 -0.0474395751953125 -0.0606765747070312
0.0684661865234375 -0.0149345397949219 -0.037017822265625 -0.0826950073242188
0.0893096923828125 0.0245208740234375 -0.0560226440429688 -0.110305786132812
0.0836563110351563 0.0749969482421875 -0.0637435913085938 -0.131446838378906
0.082183837890625 0.110069274902344 0.0419845581054688 -0.117012023925781
0.0754776000976563 0.03692626953125 0.00670909881591797 -0.0145168304443359
0.0768585205078125 -0.00341796875 0.0733489990234375 0.03118896484375
0.0439949035644531 -0.0381927490234375 0.100349426269531 -0.0373992919921875
0.0168991088867188 -0.0454444885253906 0.0584487915039063 -0.0938339233398438
-0.0184211730957031 -0.0395431518554688 -0.0149383544921875 -0.110450744628906
-0.0401229858398438 -0.0330810546875 -0.0615921020507812 -0.07843017578125
-0.0344696044921875 -0.0356369018554688 -0.0530052185058594 -0.04119873046875
-0.0421943664550781 -0.0346717834472656 -0.0504226684570313 -0.0282211303710938
-0.0299530029296875 -0.0467948913574219 -0.048065185546875 -0.021820068359375
0.00173568725585937 -0.0648117065429687 -0.0464401245117187 -0.0215110778808594
0.0493392944335938 -0.0631294250488281 -0.0503158569335937 -0.0449104309082031
0.104377746582031 -0.003936767578125 -0.0438766479492187 -0.0654792785644531
0.116119384765625 0.0514373779296875 -0.0518722534179687 -0.0895309448242187
0.092010498046875 0.119003295898438 -0.0513916015625 -0.0957183837890625
0.0694580078125 0.154083251953125 0.0676422119140625 -0.07305908203125
0.0870590209960938 0.0884475708007813 0.0266075134277344 0.0113372802734375
0.122123718261719 0.0331649780273438 0.0788955688476563 0.0531692504882813
0.0915145874023438 -0.0428543090820313 0.108711242675781 -0.0150299072265625
0.0466766357421875 -0.0734710693359375 0.0736312866210938 -0.0732650756835938
-0.0183563232421875 -0.0760116577148438 0.00106811523437499 -0.09552001953125
-0.05413818359375 -0.0623207092285156 -0.0427589416503906 -0.0641021728515625
-0.0472564697265625 -0.0613555908203125 -0.0357513427734375 -0.0250930786132813
-0.0603752136230469 -0.0595741271972656 -0.0349559783935547 -0.0118942260742187
-0.0400772094726563 -0.0712127685546875 -0.0387725830078125 -0.000720977783203133
0.0047607421875 -0.0915069580078125 -0.0402717590332031 0.000755310058593743
0.0634765625 -0.0813217163085938 -0.0503921508789062 -0.0251960754394531
0.127479553222656 -0.00109100341796875 -0.0468788146972656 -0.0471458435058594
0.131462097167969 0.0655975341796875 -0.0396690368652344 -0.0676002502441406
0.09033203125 0.144058227539063 -0.0343589782714844 -0.05059814453125
0.0438232421875 0.171005249023438 0.086029052734375 -0.0132598876953125
0.0760574340820313 0.125717163085938 0.0427894592285156 0.0469741821289063
0.140090942382813 0.0716552734375 0.0760116577148438 0.0753707885742188
0.123619079589844 -0.0311431884765625 0.105903625488281 0.0142593383789062
0.072662353515625 -0.0832443237304687 0.0800552368164063 -0.0415496826171875
-0.0116043090820313 -0.098541259765625 0.0172348022460938 -0.0682144165039063
-0.0586776733398438 -0.0807037353515625 -0.0192031860351563 -0.0414390563964844
-0.0530776977539062 -0.0769500732421875 -0.0145864486694336 -0.00444602966308594
-0.0716094970703125 -0.0751266479492188 -0.0140161514282227 0.00838947296142577
-0.0472564697265625 -0.0865936279296875 -0.0233364105224609 0.0231266021728516
0.00646209716796875 -0.106971740722656 -0.0297603607177734 0.0237274169921875
0.0702056884765625 -0.089202880859375 -0.0473670959472656 -0.00382614135742187
0.135147094726563 0.003021240234375 -0.0466804504394531 -0.0316047668457031
0.12847900390625 0.0746231079101563 -0.0210990905761719 -0.0474815368652344
0.0764007568359375 0.1512451171875 -0.0150957107543945 -0.00153732299804686
0.0121002197265625 0.155609130859375 0.09307861328125 0.0487899780273438
0.0466461181640625 0.134391784667969 0.05291748046875 0.0841064453125
0.124435424804688 0.0968475341796875 0.0647201538085938 0.0916519165039063
0.128456115722656 -0.0103378295898438 0.0922088623046875 0.0410385131835938
0.0841598510742188 -0.0752792358398437 0.0748138427734375 -0.00627899169921876
-0.00267028808593749 -0.10174560546875 0.0293674468994141 -0.0335788726806641
-0.0541610717773438 -0.0860824584960937 0.00642967224121093 -0.0143136978149414
-0.051177978515625 -0.0815353393554687 0.010223388671875 0.0158538818359375
-0.0708847045898438 -0.0798416137695313 0.0108127593994141 0.0294036865234375
-0.0471115112304688 -0.0895767211914062 -0.00500106811523438 0.047149658203125
0.00996398925781251 -0.108566284179687 -0.0184707641601563 0.0448150634765625
0.0731887817382813 -0.0835037231445313 -0.0428848266601562 0.0151748657226562
0.128364562988281 0.0149688720703125 -0.0438308715820312 -0.0192375183105469
0.107093811035156 0.0820083618164063 -0.000539779663085931 -0.0290641784667969
0.0486907958984375 0.142547607421875 0.00161743164062501 0.0453720092773438
-0.0185623168945313 0.112167358398437 0.093292236328125 0.100715637207031
0.00997161865234376 0.113815307617188 0.0573272705078125 0.11279296875
0.0817108154296875 0.0980072021484375 0.0512313842773438 0.0968093872070313
0.104164123535156 0.0093841552734375 0.0718612670898438 0.05963134765625
0.0766677856445313 -0.0530624389648438 0.0627899169921875 0.0221405029296875
0.0048980712890625 -0.0865249633789062 0.0378761291503906 -0.000350952148437505
-0.0420608520507813 -0.0772857666015625 0.0300083160400391 0.0115737915039062
-0.0416717529296875 -0.0730361938476562 0.033599853515625 0.0341873168945312
-0.059356689453125 -0.0747756958007813 0.0340156555175781 0.0488433837890625
-0.0373306274414063 -0.0834884643554688 0.0109405517578125 0.0687255859375
0.0165252685546875 -0.097412109375 -0.0109519958496094 0.0643424987792969
0.07196044921875 -0.0668411254882813 -0.04217529296875 0.0316619873046875
0.109092712402344 0.0304031372070313 -0.0433692932128906 -0.00946044921874999
0.072021484375 0.0866775512695313 0.0133819580078125 -0.0112571716308594
0.0117034912109375 0.119491577148438 0.0103759765625 0.0868911743164063
-0.0454673767089844 0.0481796264648437 0.0867919921875 0.1317138671875
-0.0240364074707031 0.0698165893554688 0.05767822265625 0.126907348632813
0.0304183959960938 0.0751419067382813 0.0412216186523437 0.0921096801757813
0.0628280639648438 0.0209693908691406 0.0554542541503906 0.068023681640625
0.0534553527832031 -0.0249557495117187 0.0508918762207031 0.0392189025878906
0.00925445556640626 -0.0572509765625 0.0427932739257813 0.0240097045898437
-0.0237236022949219 -0.055389404296875 0.048187255859375 0.0312614440917969
-0.0255355834960937 -0.0544624328613281 0.0514030456542969 0.0476837158203125
-0.0383682250976562 -0.0590782165527344 0.0521583557128906 0.0654335021972656
-0.0219497680664062 -0.0658226013183594 0.0227584838867188 0.0885772705078125
0.0215911865234375 -0.0734176635742188 -0.0082244873046875 0.0812911987304688
0.0633926391601563 -0.0417861938476562 -0.045806884765625 0.0443267822265625
0.0765838623046875 0.04241943359375 -0.0465278625488281 -0.00374984741210937
0.0284957885742188 0.0796737670898438 0.0194950103759766 0.00573539733886719
-0.0272369384765625 0.079315185546875 0.00695800781249999 0.120033264160156
0.0563087463378906 -0.0143318176269531 -0.0131072998046875 -0.134620666503906
0.00614547729492187 -0.0506668090820313 -0.0230255126953125 -0.0199565887451172
-0.0362739562988281 -0.0326118469238281 0.0546035766601563 0.0082550048828125
-0.0395584106445313 0.00745010375976563 0.0710678100585938 -0.0511627197265625
-0.0209999084472656 0.0302619934082031 0.02435302734375 -0.0933761596679688
0.007049560546875 0.0380935668945313 -0.0301132202148437 -0.100448608398438
0.0111560821533203 0.0297393798828125 -0.0704727172851563 -0.076171875
0.00684356689453125 0.0257663726806641 -0.0627670288085938 -0.0534706115722656
0.00531578063964844 0.0279865264892578 -0.0579910278320313 -0.039642333984375
-0.0123958587646484 0.0220069885253906 -0.0487213134765625 -0.0411338806152344
-0.0259189605712891 0.000715255737304682 -0.0481719970703125 -0.0450515747070313
-0.0156517028808594 -0.0314521789550781 -0.0474166870117188 -0.0677528381347656
0.0236740112304688 -0.0408439636230469 -0.034271240234375 -0.0942916870117188
0.0571174621582031 -0.018341064453125 -0.0552902221679687 -0.123367309570313
0.0691108703613281 0.0125923156738281 -0.0749053955078125 -0.1478271484375
0.078125 0.0477523803710938 0.00941467285156251 -0.137557983398438
0.0451698303222656 -0.0134735107421875 -0.0124549865722656 -0.0241069793701172
0.0184574127197266 -0.0265293121337891 0.0642356872558594 0.0157585144042969
-0.00404167175292969 -0.0190582275390625 0.0844192504882813 -0.0497894287109375
-0.00762128829956055 -0.00779104232788086 0.0386505126953125 -0.0995330810546875
-0.0083770751953125 0.00209426879882813 -0.0273056030273437 -0.109771728515625
-0.0168638229370117 0.00028800964355469 -0.0719528198242187 -0.0806350708007813
-0.0143823623657227 -0.00492477416992188 -0.0618820190429687 -0.05108642578125
-0.0184993743896484 -0.00351142883300781 -0.0581741333007813 -0.0383453369140625
-0.0188407897949219 -0.0130233764648437 -0.0509262084960937 -0.0359344482421875
-0.00829124450683593 -0.0316982269287109 -0.0482025146484375 -0.0371360778808594
0.0222091674804688 -0.0449333190917969 -0.0485877990722656 -0.0604248046875
0.0667572021484375 -0.01593017578125 -0.0379867553710937 -0.08203125
0.0880889892578125 0.02294921875 -0.0565109252929687 -0.108444213867188
0.0842056274414063 0.072784423828125 -0.0655746459960937 -0.129837036132813
0.0841522216796875 0.107109069824219 0.0380477905273438 -0.117134094238281
0.0743026733398438 0.0358200073242188 0.00482559204101563 -0.0133180618286133
0.076385498046875 -0.00426483154296875 0.07421875 0.030853271484375
0.042449951171875 -0.0384178161621094 0.09954833984375 -0.0381851196289063
0.0155792236328125 -0.0454483032226563 0.0569610595703125 -0.0938873291015625
-0.0183486938476562 -0.0385627746582031 -0.0158233642578125 -0.109298706054688
-0.0400619506835938 -0.0316429138183594 -0.0621185302734375 -0.075927734375
-0.0344886779785156 -0.0347118377685547 -0.0526351928710937 -0.0410995483398438
-0.0425796508789063 -0.033599853515625 -0.0505867004394531 -0.0276679992675781
-0.0290451049804688 -0.0445022583007812 -0.0483551025390625 -0.0208587646484375
0.000595092773437499 -0.0634918212890625 -0.0472831726074219 -0.0206260681152344
0.0478057861328125 -0.0636405944824219 -0.0518798828125 -0.044586181640625
0.102981567382812 -0.00591278076171875 -0.044281005859375 -0.0656890869140625
0.114700317382813 0.0485076904296875 -0.0529861450195313 -0.0885009765625
0.0935134887695312 0.116256713867187 -0.052398681640625 -0.0946426391601562
0.0721588134765625 0.150985717773437 0.0641632080078125 -0.0733795166015625
0.0864105224609375 0.0873184204101563 0.0247364044189453 0.0111236572265625
0.122787475585938 0.0305099487304688 0.0800933837890625 0.052398681640625
0.0894088745117187 -0.0438461303710937 0.108619689941406 -0.0159530639648438
0.0448760986328125 -0.0737762451171875 0.0723876953125 -0.0735702514648438
-0.0191726684570313 -0.0738449096679688 -0.000343322753906251 -0.094085693359375
-0.0550651550292969 -0.0591316223144531 -0.0435867309570313 -0.0617141723632813
-0.0482559204101562 -0.0603866577148438 -0.0354690551757812 -0.0243492126464844
-0.0614395141601563 -0.0571975708007812 -0.035186767578125 -0.0101203918457031
-0.0404167175292969 -0.0688018798828125 -0.0382232666015625 0.000629425048828125
0.00290679931640624 -0.0897369384765625 -0.0405235290527344 0.00133514404296874
0.0611419677734375 -0.0810165405273438 -0.0517654418945312 -0.0251693725585938
0.126747131347656 -0.00383758544921875 -0.04803466796875 -0.0475921630859375
0.129714965820313 0.0628814697265625 -0.0405998229980469 -0.067413330078125
0.09234619140625 0.14190673828125 -0.0347557067871094 -0.0497322082519531
0.04656982421875 0.168838500976563 0.0828781127929688 -0.0151443481445312
0.0763015747070312 0.123832702636719 0.0412559509277344 0.0461616516113281
0.141311645507813 0.068389892578125 0.077301025390625 0.0753707885742187
0.121879577636719 -0.033203125 0.106178283691406 0.0133285522460937
0.070556640625 -0.084686279296875 0.07916259765625 -0.04193115234375
-0.0133285522460937 -0.0966873168945313 0.0153465270996094 -0.0670242309570313
-0.0602951049804688 -0.0776443481445313 -0.0192451477050781 -0.0395965576171875
-0.0545730590820313 -0.0755386352539063 -0.0127630233764648 -0.00442314147949219
-0.0720748901367187 -0.0717926025390625 -0.013397216796875 0.00944137573242187
-0.0479278564453125 -0.0834732055664063 -0.0230064392089844 0.0244789123535156
0.00377655029296875 -0.105133056640625 -0.0297794342041016 0.0236339569091797
0.0675888061523438 -0.0890655517578125 -0.048309326171875 -0.00424575805664063
0.134185791015625 0.0004730224609375 -0.0475120544433594 -0.0316963195800781
0.127479553222656 0.0713729858398438 -0.0221214294433594 -0.0478248596191406
0.078155517578125 0.149368286132813 -0.0150871276855469 -0.00254821777343749
0.01544189453125 0.154556274414062 0.0918045043945313 0.0466766357421875
0.0479507446289063 0.133773803710938 0.0517425537109375 0.082763671875
0.125411987304688 0.0938034057617188 0.0661544799804688 0.0907440185546875
0.126869201660156 -0.0123748779296875 0.0920181274414063 0.0404281616210938
0.0820541381835938 -0.076416015625 0.0750961303710938 -0.00794219970703126
-0.00428009033203125 -0.0997848510742188 0.0286579132080078 -0.0332489013671875
-0.0558853149414062 -0.0824508666992188 0.00630378723144531 -0.0138168334960938
-0.0523605346679688 -0.0798568725585938 0.0115280151367187 0.0156822204589844
-0.07196044921875 -0.0767364501953125 0.0105648040771484 0.0290470123291016
-0.0477066040039063 -0.0871200561523437 -0.00500869750976562 0.0474929809570312
0.00680541992187501 -0.106834411621094 -0.0179977416992188 0.0446853637695312
0.0708160400390625 -0.0841064453125 -0.0446586608886719 0.0151290893554687
0.128311157226563 0.0119705200195313 -0.0452613830566406 -0.019439697265625
0.107215881347656 0.0795669555664062 -0.00248527526855468 -0.0302371978759766
0.0504608154296875 0.141387939453125 0.0020294189453125 0.0442161560058594
-0.0166091918945313 0.111495971679687 0.092681884765625 0.0986099243164063
0.0114669799804688 0.113212585449219 0.0564651489257812 0.110794067382812
0.083740234375 0.0961837768554688 0.05230712890625 0.0959091186523437
0.103904724121094 0.00738525390625 0.072418212890625 0.0587158203125
0.075225830078125 -0.0544204711914063 0.0631484985351563 0.0212783813476562
0.0029296875 -0.0850906372070313 0.0372886657714844 -0.000328063964843755
-0.043914794921875 -0.0737075805664063 0.0301246643066406 0.0112342834472656
-0.0432662963867188 -0.0715866088867187 0.0343837738037109 0.033111572265625
-0.060577392578125 -0.07220458984375 0.0342483520507812 0.0483741760253906
-0.0388717651367188 -0.0807723999023438 0.0124092102050781 0.068939208984375
0.0133514404296875 -0.0964508056640625 -0.0100517272949219 0.0637283325195313
0.06951904296875 -0.0676994323730469 -0.04205322265625 0.0313453674316406
0.108261108398438 0.0278244018554688 -0.0442695617675781 -0.00988388061523436
0.07281494140625 0.0847930908203125 0.0126829147338867 -0.0130739212036133
0.0141525268554688 0.118209838867188 0.011260986328125 0.08551025390625
-0.0443954467773437 0.0493965148925781 0.0869216918945312 0.128822326660156
-0.0228996276855469 0.0702362060546875 0.0573196411132813 0.124664306640625
0.0327377319335938 0.0740585327148438 0.0411453247070313 0.0913619995117188
0.062744140625 0.018890380859375 0.0560531616210938 0.06683349609375
0.0528526306152344 -0.0268478393554687 0.051513671875 0.0386619567871094
0.00763702392578125 -0.0564842224121094 0.0426254272460938 0.022918701171875
-0.025787353515625 -0.0535697937011719 0.0475921630859375 0.0308723449707031
-0.0269660949707031 -0.0533294677734375 0.0516548156738281 0.0463790893554688
-0.0401496887207031 -0.0572280883789062 0.052886962890625 0.064971923828125
-0.0237846374511719 -0.0641555786132813 0.023834228515625 0.087615966796875
0.0193710327148438 -0.0736083984375 -0.00820159912109375 0.08026123046875
0.0609283447265625 -0.0426597595214844 -0.045196533203125 0.0448417663574219
0.0764999389648438 0.0403823852539062 -0.0472373962402344 -0.00394821166992187
0.0290603637695313 0.0781631469726563 0.019622802734375 0.00366973876953125
-0.025177001953125 0.079010009765625 0.00907135009765624 0.117347717285156
0.0561447143554688 -0.0155220031738281 -0.0148162841796875 -0.136207580566406
0.00556564331054688 -0.0506095886230469 -0.0231952667236328 -0.0186481475830078
-0.0368766784667969 -0.0320587158203125 0.0554466247558594 0.00876617431640625
-0.040130615234375 0.00860595703125 0.0726394653320313 -0.0514907836914062
-0.0213470458984375 0.0312328338623047 0.0257186889648437 -0.0936737060546875
0.0084686279296875 0.0384864807128906 -0.029998779296875 -0.102447509765625
0.0123081207275391 0.0293788909912109 -0.0716171264648438 -0.0774459838867187
0.007568359375 0.0254955291748047 -0.063690185546875 -0.053924560546875
0.00572395324707031 0.0274543762207031 -0.0587730407714844 -0.0409660339355469
-0.0108299255371094 0.0219039916992187 -0.0494194030761719 -0.0419349670410156
-0.0257091522216797 0.00189590454101562 -0.0495071411132813 -0.045928955078125
-0.0159893035888672 -0.0318164825439453 -0.0490989685058594 -0.0691108703613281
0.0236587524414063 -0.0411224365234375 -0.0337371826171875 -0.0957107543945313
0.0575180053710938 -0.0189666748046875 -0.0550308227539062 -0.124420166015625
0.0694160461425781 0.0117835998535156 -0.075897216796875 -0.14996337890625
0.0793533325195313 0.0469894409179688 0.00779724121093749 -0.138351440429688
0.0451126098632813 -0.0135688781738281 -0.0133266448974609 -0.0227241516113281
0.0176620483398438 -0.0258693695068359 0.0655097961425781 0.0166511535644531
-0.00482559204101563 -0.0185127258300781 0.0863265991210938 -0.0501480102539063
-0.0081787109375 -0.00763607025146484 0.0397872924804688 -0.100494384765625
-0.00842666625976562 0.00219583511352539 -0.0275726318359375 -0.110725402832031
-0.0156984329223633 0.000695228576660158 -0.0726470947265625 -0.081024169921875
-0.0147256851196289 -0.00495147705078125 -0.0627059936523438 -0.0518150329589844
-0.0188999176025391 -0.00464630126953125 -0.0589981079101563 -0.038604736328125
-0.0183544158935547 -0.0133342742919922 -0.052215576171875 -0.0365715026855469
-0.00718879699707032 -0.0312881469726563 -0.0494422912597656 -0.0381965637207031
0.0217247009277344 -0.0453414916992188 -0.0505104064941406 -0.0621070861816406
0.0667877197265625 -0.0162429809570313 -0.0387725830078125 -0.0833663940429687
0.0877456665039063 0.022979736328125 -0.0570907592773438 -0.109970092773437
0.0853042602539063 0.0727310180664063 -0.0664138793945313 -0.131591796875
0.0856857299804688 0.107719421386719 0.0363235473632813 -0.118110656738281
0.0753173828125 0.0369720458984375 0.0038900375366211 -0.0120086669921875
0.0766983032226563 -0.00470733642578125 0.0761795043945313 0.0324554443359375
0.041748046875 -0.0384292602539063 0.101448059082031 -0.0385513305664062
0.0153465270996094 -0.0463294982910156 0.057952880859375 -0.094970703125
-0.0181236267089844 -0.0378303527832031 -0.01678466796875 -0.110069274902344
-0.0395698547363281 -0.0305213928222656 -0.0626983642578125 -0.0763473510742188
-0.0346775054931641 -0.0349597930908203 -0.0523490905761719 -0.0416145324707031
-0.0425453186035156 -0.0336761474609375 -0.0510025024414063 -0.0275802612304688
-0.0289649963378906 -0.044830322265625 -0.0490531921386719 -0.0208740234375
0.000827789306640622 -0.0634765625 -0.0485954284667969 -0.0213813781738281
0.0478286743164063 -0.0643730163574219 -0.0538749694824219 -0.0466041564941406
0.103523254394531 -0.0062103271484375 -0.0455818176269531 -0.0667076110839844
0.115325927734375 0.0490951538085938 -0.0531692504882812 -0.0899505615234375
0.0947647094726563 0.117576599121094 -0.0530242919921875 -0.0960464477539062
0.0727386474609375 0.152313232421875 0.0634384155273438 -0.0743637084960937
0.0867996215820313 0.088836669921875 0.0228347778320313 0.0124874114990234
0.124580383300781 0.0303573608398438 0.0822372436523438 0.0543441772460938
0.0904541015625 -0.0441131591796875 0.110649108886719 -0.0154495239257813
0.0450973510742188 -0.0757217407226563 0.0739822387695313 -0.0745086669921875
-0.0194625854492188 -0.0738143920898438 -0.000976562499999991 -0.0946197509765625
-0.0557518005371094 -0.0587348937988281 -0.044036865234375 -0.0626068115234375
-0.0489921569824219 -0.0603408813476563 -0.03509521484375 -0.0242843627929688
-0.0617294311523438 -0.0573577880859375 -0.0354728698730469 -0.0100593566894531
-0.0409202575683594 -0.0683479309082031 -0.0387916564941406 0.00129699707031249
0.00251770019531249 -0.0901718139648438 -0.0420379638671875 0.001190185546875
0.061370849609375 -0.0821914672851562 -0.054290771484375 -0.02587890625
0.12774658203125 -0.00439453125 -0.0491447448730469 -0.0486373901367187
0.130096435546875 0.0628738403320313 -0.0416641235351562 -0.0684051513671875
0.0942230224609375 0.143447875976563 -0.0356636047363281 -0.0516242980957031
0.0478668212890625 0.17071533203125 0.0825653076171875 -0.0153732299804687
0.076873779296875 0.126205444335938 0.0393829345703125 0.047607421875
0.144378662109375 0.06878662109375 0.07965087890625 0.0771331787109375
0.122543334960938 -0.033447265625 0.10821533203125 0.0139236450195312
0.0709762573242188 -0.0865020751953125 0.08074951171875 -0.0425949096679688
-0.0137176513671875 -0.0959854125976563 0.015350341796875 -0.0677719116210938
-0.0613632202148437 -0.0766220092773438 -0.0201034545898438 -0.0399246215820313
-0.0557098388671875 -0.0760955810546875 -0.012059211730957 -0.00447273254394532
-0.0735855102539062 -0.0712738037109375 -0.0134735107421875 0.0111007690429687
-0.04827880859375 -0.08282470703125 -0.0233860015869141 0.025360107421875
0.00290679931640624 -0.105400085449219 -0.0306987762451172 0.0237789154052734
0.0678024291992188 -0.0899734497070313 -0.0500602722167969 -0.00458908081054687
0.135406494140625 -0.00046539306640625 -0.0492630004882813 -0.0325279235839844
0.128517150878906 0.0721969604492188 -0.0228042602539062 -0.0490493774414062
0.080169677734375 0.151351928710938 -0.0156488418579102 -0.00284385681152343
0.015716552734375 0.15679931640625 0.0912094116210937 0.0471954345703125
0.0480728149414063 0.135734558105469 0.0492324829101563 0.0836639404296875
0.127822875976563 0.094635009765625 0.0679550170898438 0.0927276611328125
0.128341674804688 -0.0129318237304687 0.0931930541992188 0.04168701171875
0.0820159912109375 -0.07818603515625 0.0752487182617188 -0.0076751708984375
-0.00507354736328126 -0.0989532470703125 0.0282402038574219 -0.0330963134765625
-0.05712890625 -0.0817718505859375 0.00652408599853515 -0.0128946304321289
-0.0540237426757813 -0.0800857543945313 0.0127525329589844 0.0161762237548828
-0.0733642578125 -0.0760650634765625 0.0109767913818359 0.0316314697265625
-0.0488128662109375 -0.0870819091796875 -0.00497055053710938 0.048583984375
0.00519561767578126 -0.107559204101562 -0.01898193359375 0.0446090698242187
0.0705032348632813 -0.0850830078125 -0.0457420349121094 0.0149650573730469
0.12872314453125 0.0117263793945313 -0.0469741821289063 -0.0204048156738281
0.107490539550781 0.0807952880859375 -0.00314712524414062 -0.0312633514404297
0.0524749755859375 0.143341064453125 0.00202560424804688 0.0445442199707031
-0.016265869140625 0.113418579101563 0.0930328369140625 0.0990524291992188
0.011260986328125 0.115257263183594 0.05499267578125 0.111457824707031
0.086517333984375 0.0967025756835938 0.0533676147460938 0.0976028442382813
0.104423522949219 0.0067291259765625 0.0735626220703125 0.0596160888671875
0.075286865234375 -0.0561752319335937 0.0643424987792969 0.0213737487792969
0.00268554687500001 -0.085174560546875 0.0376167297363281 -4.95910644531302E-05
-0.0452194213867188 -0.0731353759765625 0.0306434631347656 0.0113658905029297
-0.045074462890625 -0.0718002319335937 0.0354232788085938 0.033294677734375
-0.06201171875 -0.0718460083007813 0.0344657897949219 0.0496482849121094
-0.039642333984375 -0.0801620483398437 0.0116119384765625 0.0699462890625
0.0123443603515625 -0.097076416015625 -0.0111312866210938 0.0642662048339844
0.0701026916503906 -0.06805419921875 -0.0436248779296875 0.0313606262207031
0.110160827636719 0.0274734497070312 -0.0466461181640625 -0.0109291076660156
0.0734024047851563 0.08453369140625 0.0120458602905273 -0.0141773223876953
0.0152587890625 0.119789123535156 0.0113677978515625 0.0858383178710938
-0.0450019836425781 0.0502166748046875 0.0876235961914063 0.130271911621094
-0.0226593017578125 0.0710678100585938 0.0565261840820313 0.12579345703125
0.033935546875 0.0745773315429688 0.0417098999023438 0.0929794311523437
0.0634346008300781 0.0186653137207031 0.0569000244140625 0.0677757263183594
0.0526390075683594 -0.0279273986816406 0.0525016784667969 0.0391616821289063
0.00710296630859376 -0.0566558837890625 0.0433158874511719 0.0236740112304688
-0.0265731811523438 -0.0523490905761719 0.0485458374023438 0.0306854248046875
-0.0287017822265625 -0.0531387329101563 0.0539093017578125 0.0469894409179688
-0.0409202575683594 -0.0564460754394531 0.0535354614257813 0.0656318664550781
-0.0252799987792969 -0.06390380859375 0.024200439453125 0.0889816284179688
0.0179519653320312 -0.0740509033203125 -0.00937652587890625 0.081146240234375
0.0614242553710938 -0.0435562133789062 -0.0467910766601563 0.0444107055664063
0.0776138305664063 0.0405044555664062 -0.04888916015625 -0.00463485717773437
0.0301895141601562 0.0791854858398438 0.0185585021972656 0.00205039978027344
-0.025146484375 0.0799636840820313 0.00889587402343749 0.118118286132813
0.0573005676269531 -0.0172309875488281 -0.0173873901367188 -0.139396667480469
0.00484466552734375 -0.052215576171875 -0.0246429443359375 -0.0170745849609375
-0.0387115478515625 -0.031707763671875 0.0578231811523438 0.00858306884765625
-0.0411415100097656 0.00970077514648438 0.0747528076171875 -0.0533676147460938
-0.0211772918701172 0.0330562591552734 0.0269317626953125 -0.0970687866210938
0.00969314575195313 0.0389328002929688 -0.0311050415039063 -0.10552978515625
0.0144519805908203 0.0291805267333984 -0.0744781494140625 -0.0786590576171875
0.00839614868164063 0.0257701873779297 -0.0670166015625 -0.0558052062988281
0.00638771057128906 0.0274734497070313 -0.0618247985839844 -0.04217529296875
-0.0105438232421875 0.0222225189208984 -0.0522308349609375 -0.0430870056152344
-0.0252609252929688 0.0020904541015625 -0.0520858764648438 -0.0480232238769531
-0.0176200866699219 -0.0322227478027344 -0.0518951416015625 -0.0719528198242188
0.0232963562011719 -0.0424461364746094 -0.0341949462890625 -0.098846435546875
0.0586967468261719 -0.0199089050292969 -0.0567779541015625 -0.128082275390625
0.0720748901367188 0.0105743408203125 -0.079742431640625 -0.154022216796875
0.0814590454101563 0.0466842651367188 0.00511169433593752 -0.143341064453125
0.0459060668945313 -0.0139236450195313 -0.0149211883544922 -0.0211315155029297
0.0180644989013672 -0.0265274047851563 0.0688667297363281 0.0168724060058594
-0.00550460815429688 -0.0178451538085937 0.0899505615234375 -0.05230712890625
-0.0086817741394043 -0.00695371627807617 0.0410003662109375 -0.104049682617188
-0.0080108642578125 0.0026097297668457 -0.0284652709960938 -0.114631652832031
-0.0151033401489258 0.000680923461914063 -0.0758819580078125 -0.0830307006835938
-0.0144891738891602 -0.00560379028320312 -0.0657196044921875 -0.0533065795898438
-0.0186538696289063 -0.00427055358886719 -0.0618782043457031 -0.0394363403320313
-0.0175838470458984 -0.0127677917480469 -0.0542755126953125 -0.0377388000488281
-0.00784683227539063 -0.0313625335693359 -0.0522117614746094 -0.0400810241699219
0.02203369140625 -0.0470390319824219 -0.0534706115722656 -0.0639228820800781
0.0684127807617188 -0.0173988342285156 -0.039703369140625 -0.0862808227539063
0.0902252197265625 0.0227432250976563 -0.0590438842773437 -0.113624572753906
0.0882110595703125 0.0742950439453125 -0.0698165893554688 -0.136024475097656
0.0896224975585938 0.109344482421875 0.03509521484375 -0.12225341796875
0.0772247314453125 0.0377731323242187 0.00188922882080079 -0.0103788375854492
0.0790023803710938 -0.0054473876953125 0.0802230834960938 0.0332260131835938
0.0428390502929688 -0.0394058227539063 0.105079650878906 -0.04010009765625
0.0151710510253906 -0.0477523803710938 0.0595016479492187 -0.0983352661132813
-0.0182304382324219 -0.0384101867675781 -0.0178451538085938 -0.112968444824219
-0.0406379699707031 -0.0311279296875 -0.0654754638671875 -0.0779190063476563
-0.0359268188476563 -0.0364646911621094 -0.0547637939453125 -0.0428962707519531
-0.0436515808105469 -0.0342445373535156 -0.05316162109375 -0.0279045104980469
-0.029571533203125 -0.0452308654785156 -0.0515098571777344 -0.0206832885742188
0.00095367431640625 -0.064208984375 -0.051361083984375 -0.0218353271484375
0.0488929748535156 -0.0666770935058594 -0.0570907592773438 -0.0480003356933594
0.106681823730469 -0.0070648193359375 -0.047576904296875 -0.0694618225097656
0.118255615234375 0.05029296875 -0.0557098388671875 -0.0930557250976563
0.0997848510742188 0.12017822265625 -0.0565719604492188 -0.0994186401367187
0.0776214599609375 0.156509399414063 0.0628814697265625 -0.0774307250976562
0.09027099609375 0.0922622680664063 0.0220966339111328 0.0143318176269531
0.129722595214844 0.0299530029296875 0.086669921875 0.055633544921875
0.0920562744140625 -0.0457687377929688 0.115264892578125 -0.0164031982421875
0.045135498046875 -0.0790863037109375 0.075225830078125 -0.0779190063476563
-0.0204696655273437 -0.0753631591796875 -0.0010223388671875 -0.0975723266601563
-0.0575294494628906 -0.0590171813964844 -0.045745849609375 -0.0633735656738281
-0.0508918762207031 -0.0619087219238281 -0.0357017517089844 -0.0254669189453125
-0.064422607421875 -0.0576210021972656 -0.0367813110351563 -0.00923538208007813
-0.04156494140625 -0.0696258544921875 -0.0408668518066406 0.00242996215820312
0.00172424316406251 -0.0921859741210938 -0.0445327758789062 0.000705718994140611
0.06268310546875 -0.0854110717773438 -0.0575942993164062 -0.0268630981445313
0.131721496582031 -0.0057525634765625 -0.0522727966308594 -0.0504837036132813
0.1343994140625 0.0638885498046875 -0.0437088012695313 -0.0712051391601563
0.09942626953125 0.147735595703125 -0.03802490234375 -0.0533981323242188
0.051422119140625 0.176223754882813 0.082794189453125 -0.017059326171875
0.0799484252929688 0.130722045898438 0.0387611389160156 0.0502662658691406
0.150161743164063 0.0695953369140625 0.0841064453125 0.0793991088867188
0.126388549804687 -0.0354461669921875 0.112373352050781 0.01422119140625
0.0716781616210938 -0.0909652709960938 0.0831222534179688 -0.0452041625976563
-0.014801025390625 -0.0980987548828125 0.0159721374511719 -0.0688362121582031
-0.064056396484375 -0.0773239135742187 -0.0208854675292969 -0.0401535034179688
-0.0588912963867188 -0.0776824951171875 -0.0117111206054688 -0.00467586517333985
-0.0763778686523438 -0.072906494140625 -0.0136728286743164 0.0118856430053711
-0.0504150390625 -0.0836563110351562 -0.0244159698486328 0.0269565582275391
0.00102996826171875 -0.108184814453125 -0.0328426361083984 0.0243415832519531
0.0693893432617188 -0.0947265625 -0.0538368225097656 -0.00521469116210939
0.140579223632813 -0.001922607421875 -0.0523109436035156 -0.0337638854980469
0.132057189941406 0.0728378295898438 -0.0250015258789063 -0.0514411926269531
0.0850830078125 0.156143188476563 -0.0167169570922851 -0.00317287445068358
0.0175323486328125 0.161346435546875 0.093536376953125 0.0473098754882813
0.0501708984375 0.140701293945313 0.05023193359375 0.0872268676757813
0.134544372558594 0.09619140625 0.0721282958984375 0.0956802368164063
0.13201904296875 -0.01470947265625 0.0972976684570313 0.0417327880859375
0.0841064453125 -0.0825576782226562 0.0782470703125 -0.00881195068359376
-0.00605010986328125 -0.102546691894531 0.0286636352539063 -0.0335350036621094
-0.0594863891601563 -0.08184814453125 0.00686931610107422 -0.0136213302612305
-0.0570144653320313 -0.081756591796875 0.0138912200927734 0.016077995300293
-0.0771026611328125 -0.0775299072265625 0.0122642517089844 0.0323200225830078
-0.0502777099609375 -0.087738037109375 -0.00429534912109375 0.0509834289550781
0.00390625 -0.110443115234375 -0.0202560424804688 0.0460052490234375
0.0714645385742188 -0.0887680053710938 -0.0487785339355469 0.0152130126953125
0.13330078125 0.0103683471679687 -0.0491981506347656 -0.0208549499511719
0.111412048339844 0.08221435546875 -0.00418472290039062 -0.0335178375244141
0.05621337890625 0.147994995117188 0.00244522094726562 0.0448226928710938
-0.015777587890625 0.117080688476563 0.0953216552734375 0.101058959960938
0.012359619140625 0.119560241699219 0.0560455322265625 0.115043640136719
0.0912399291992187 0.0983810424804688 0.055633544921875 0.100822448730469
0.107536315917969 0.00545501708984375 0.0763931274414063 0.0616455078125
0.0766677856445313 -0.0597915649414063 0.0671806335449219 0.0215492248535156
0.0016326904296875 -0.0875701904296875 0.0381851196289063 0.000244140624999995
-0.0482864379882812 -0.0729904174804688 0.0315895080566406 0.0120487213134766
-0.0478439331054688 -0.0736541748046875 0.0380401611328125 0.0343055725097656
-0.065704345703125 -0.072723388671875 0.03656005859375 0.0518226623535156
-0.0421066284179687 -0.0811767578125 0.01275634765625 0.073150634765625
0.0101165771484375 -0.0997543334960937 -0.0110511779785156 0.0661277770996094
0.0711288452148437 -0.0719680786132813 -0.0456199645996094 0.0324859619140625
0.114837646484375 0.0271148681640625 -0.0487632751464844 -0.0106124877929688
0.0762176513671875 0.0872879028320313 0.0117301940917969 -0.016204833984375
0.0174179077148437 0.124275207519531 0.0125503540039063 0.0878372192382813
-0.0453262329101563 0.0529594421386719 0.09112548828125 0.133537292480469
-0.0226898193359375 0.0742568969726563 0.0581512451171875 0.129035949707031
0.0370407104492187 0.0767898559570312 0.043731689453125 0.0954055786132813
0.064788818359375 0.0177803039550781 0.0598526000976563 0.0700416564941406
0.0537948608398438 -0.0303688049316406 0.0556297302246094 0.0403289794921875
0.00653076171874999 -0.0579071044921875 0.0449256896972656 0.0245018005371094
-0.0283927917480469 -0.0528335571289063 0.051055908203125 0.0312919616699219
-0.0305976867675781 -0.0536537170410156 0.0570602416992188 0.0476951599121094
-0.0433387756347656 -0.0574455261230469 0.0567626953125 0.0684776306152344
-0.0263519287109375 -0.0648422241210938 0.0254058837890625 0.0929946899414063
0.0161285400390625 -0.07647705078125 -0.00890350341796875 0.0835189819335938
0.0628547668457031 -0.0463066101074219 -0.0485000610351562 0.0466270446777344
0.0813674926757813 0.0406570434570313 -0.0512847900390625 -0.0050811767578125
0.0319366455078125 0.0815505981445312 0.0191001892089844 0.00088119506835938
-0.0243911743164063 0.08355712890625 0.0106964111328125 0.1212158203125
0.0586509704589844 -0.020355224609375 -0.02386474609375 -0.143051147460938
0.0030670166015625 -0.0538978576660156 -0.0261173248291016 -0.0150356292724609
-0.0409698486328125 -0.031219482421875 0.0614166259765625 0.00730133056640625
-0.0422744750976563 0.0130729675292969 0.0771942138671875 -0.0579986572265625
-0.0207672119140625 0.0360755920410156 0.0253524780273437 -0.101699829101562
0.0122833251953125 0.0397491455078125 -0.035736083984375 -0.109413146972656
0.0170249938964844 0.02838134765625 -0.0802764892578125 -0.0802154541015625
0.0106163024902344 0.0254077911376953 -0.072723388671875 -0.0559310913085938
0.00806808471679688 0.0271816253662109 -0.0658912658691406 -0.0420188903808594
-0.00872421264648438 0.0224018096923828 -0.0561714172363281 -0.0429000854492187
-0.0253677368164063 0.00341033935546875 -0.056671142578125 -0.0482330322265625
-0.0200328826904297 -0.0322093963623047 -0.0568389892578125 -0.0727310180664063
0.0222740173339844 -0.04461669921875 -0.0376052856445313 -0.102455139160156
0.0603408813476563 -0.0227012634277344 -0.0622940063476563 -0.131538391113281
0.0749893188476563 0.00811004638671875 -0.08740234375 -0.157424926757813
0.0868682861328125 0.0449600219726563 -0.000717163085937502 -0.147781372070313
0.046783447265625 -0.0155792236328125 -0.0166835784912109 -0.0193367004394531
0.0184421539306641 -0.0280361175537109 0.0728225708007812 0.0156097412109375
-0.00576400756835938 -0.0180454254150391 0.0924072265625 -0.056884765625
-0.00973224639892578 -0.00661182403564453 0.039794921875 -0.1090087890625
-0.00671863555908203 0.0031290054321289 -0.0329818725585938 -0.1182861328125
-0.0149297714233398 0.000709533691406253 -0.081787109375 -0.082794189453125
-0.0148105621337891 -0.00582408905029297 -0.0705337524414062 -0.0541534423828125
-0.01898193359375 -0.00427436828613282 -0.0660591125488281 -0.0394744873046875
-0.0172939300537109 -0.0135231018066406 -0.0576133728027344 -0.0372390747070313
-0.008209228515625 -0.0316181182861328 -0.0568046569824219 -0.0397186279296875
0.0212745666503906 -0.0489768981933594 -0.0584640502929687 -0.0658187866210938
0.0701789855957031 -0.0195732116699219 -0.0435409545898437 -0.0888595581054687
0.0937423706054687 0.0205917358398438 -0.0643463134765625 -0.11627197265625
0.094268798828125 0.0739288330078125 -0.0778884887695313 -0.138893127441406
0.0969085693359375 0.110000610351563 0.0302963256835938 -0.12762451171875
0.0815505981445313 0.0375900268554688 0.000512123107910162 -0.00901412963867187
0.0827178955078125 -0.0086212158203125 0.0860214233398438 0.0318222045898438
0.0427818298339844 -0.0416641235351563 0.108535766601562 -0.0451278686523437
0.0136451721191406 -0.0495643615722656 0.0586776733398438 -0.104469299316406
-0.0194931030273437 -0.0384788513183594 -0.0216903686523438 -0.116645812988281
-0.0424690246582031 -0.0299797058105469 -0.0706863403320313 -0.0782699584960938
-0.0385665893554688 -0.0367088317871094 -0.0580177307128906 -0.04290771484375
-0.0463371276855469 -0.0338287353515625 -0.0571098327636719 -0.0270042419433594
-0.0307540893554688 -0.0459327697753906 -0.054046630859375 -0.0197944641113281
-0.000865936279296874 -0.0661735534667969 -0.0545845031738281 -0.0213394165039062
0.0481338500976562 -0.07061767578125 -0.0629081726074219 -0.0493659973144531
0.110015869140625 -0.0109024047851563 -0.0517578125 -0.0716934204101562
0.12359619140625 0.0479660034179688 -0.0606460571289063 -0.095672607421875
0.108131408691406 0.122352600097656 -0.0624923706054687 -0.10198974609375
0.0869598388671875 0.160568237304688 0.061065673828125 -0.0825042724609375
0.096923828125 0.0933761596679688 0.0218238830566406 0.0161228179931641
0.136665344238281 0.0258712768554688 0.0938034057617188 0.05499267578125
0.0936813354492188 -0.0505142211914063 0.119590759277344 -0.0208816528320313
0.0436019897460938 -0.0842132568359375 0.0763473510742188 -0.083251953125
-0.0231857299804688 -0.0765609741210938 -0.004425048828125 -0.101287841796875
-0.0604743957519531 -0.05780029296875 -0.0494651794433594 -0.0637588500976562
-0.0555915832519531 -0.0623359680175781 -0.037689208984375 -0.02557373046875
-0.0689544677734375 -0.0570182800292969 -0.0384140014648438 -0.00738143920898437
-0.0451164245605469 -0.0699005126953125 -0.04180908203125 0.00389480590820311
-0.00181579589843749 -0.0944595336914063 -0.0465774536132813 0.00251007080078125
0.0624542236328125 -0.0909805297851563 -0.0623359680175781 -0.0269775390625
0.136940002441406 -0.0100479125976563 -0.0560684204101563 -0.0517234802246094
0.14111328125 0.06170654296875 -0.0483245849609375 -0.072998046875
0.109573364257813 0.150711059570312 -0.0416450500488281 -0.0537147521972656
0.0606842041015625 0.181381225585937 0.0838088989257813 -0.0206069946289062
0.0872268676757813 0.134178161621094 0.0405235290527344 0.0518989562988281
0.160018920898438 0.0663909912109375 0.0910873413085938 0.0795516967773438
0.129478454589844 -0.041107177734375 0.117767333984375 0.01068115234375
0.071380615234375 -0.0975494384765625 0.0850143432617188 -0.049713134765625
-0.0185623168945312 -0.100982666015625 0.0139923095703125 -0.0716094970703125
-0.0683670043945312 -0.0761260986328125 -0.0228729248046875 -0.0412673950195313
-0.064117431640625 -0.078582763671875 -0.0117626190185547 -0.00486087799072266
-0.0822830200195312 -0.0717086791992188 -0.013493537902832 0.0138263702392578
-0.0550384521484375 -0.0843048095703125 -0.0235767364501953 0.0295906066894531
-0.00335693359375 -0.112312316894531 -0.0330657958984375 0.0265083312988281
0.068084716796875 -0.100372314453125 -0.0575485229492188 -0.003753662109375
0.14605712890625 -0.0068817138671875 -0.0559921264648437 -0.033966064453125
0.139358520507813 0.0720901489257813 -0.0277099609375 -0.0534744262695312
0.0944061279296875 0.15960693359375 -0.0175142288208008 -0.00297164916992187
0.0245208740234375 0.167694091796875 0.0966262817382813 0.0457382202148438
0.05755615234375 0.1451416015625 0.05267333984375 0.0890655517578125
0.143722534179688 0.0950164794921875 0.0783462524414063 0.096649169921875
0.1351318359375 -0.0195999145507813 0.102516174316406 0.0413589477539063
0.08380126953125 -0.0896835327148438 0.0813674926757813 -0.0111770629882813
-0.0102386474609375 -0.105072021484375 0.0289325714111328 -0.0348606109619141
-0.06494140625 -0.080718994140625 0.00686454772949218 -0.01458740234375
-0.0631790161132812 -0.08197021484375 0.0162076950073242 0.0158214569091797
-0.0836257934570313 -0.0761947631835937 0.0146770477294922 0.0344886779785156
-0.055328369140625 -0.0876922607421875 -0.00262451171875001 0.0544090270996094
-0.00135040283203126 -0.114463806152344 -0.0195083618164063 0.0484886169433594
0.0711517333984375 -0.095855712890625 -0.0511131286621094 0.0166091918945312
0.139846801757813 0.00565338134765625 -0.0540657043457031 -0.0203170776367188
0.118209838867188 0.0820083618164063 -0.00633621215820312 -0.0354461669921875
0.0643310546875 0.1527099609375 0.00386428833007813 0.0462265014648438
-0.0113067626953125 0.123245239257813 0.10150146484375 0.1015625
0.0171279907226562 0.124076843261719 0.0598373413085938 0.118255615234375
0.099365234375 0.0987472534179688 0.0618438720703125 0.102775573730469
0.111625671386719 0.00179290771484375 0.0816650390625 0.0617446899414062
0.0773239135742188 -0.0656585693359375 0.0711212158203125 0.0201950073242187
-0.00194549560546874 -0.0904464721679687 0.0396499633789062 -0.00034713745117188
-0.0524520874023438 -0.0732269287109375 0.0335330963134766 0.0115604400634766
-0.0532684326171875 -0.0734024047851563 0.041290283203125 0.0336990356445312
-0.0709991455078125 -0.0720748901367188 0.0404624938964844 0.0531158447265625
-0.0463333129882813 -0.0816574096679688 0.01611328125 0.0759963989257813
0.00614929199218749 -0.104255676269531 -0.0102348327636719 0.0687446594238281
0.0709152221679688 -0.0771865844726563 -0.0476646423339844 0.0352134704589844
0.120155334472656 0.023895263671875 -0.0519790649414062 -0.00938796997070313
0.0817413330078125 0.0885238647460938 0.0106487274169922 -0.0181884765625
0.0228118896484375 0.1287841796875 0.0162887573242187 0.0903854370117188
-0.0450553894042969 0.0570144653320312 0.0977325439453125 0.135391235351563
-0.0209274291992188 0.0778427124023438 0.0629653930664062 0.131851196289063
0.0421829223632813 0.0778961181640625 0.04718017578125 0.0980758666992188
0.0683250427246094 0.016021728515625 0.0639572143554687 0.0709457397460938
0.0547523498535156 -0.0344390869140625 0.0592575073242188 0.0398979187011719
0.0041656494140625 -0.0606842041015625 0.0475082397460938 0.0243797302246094
-0.0316619873046875 -0.0529975891113281 0.0541114807128906 0.0304145812988281
-0.0344734191894531 -0.0543746948242188 0.0616188049316406 0.04644775390625
-0.0486984252929688 -0.0578384399414063 0.0615577697753906 0.0696258544921875
-0.0304336547851563 -0.0650405883789063 0.0297317504882813 0.0958023071289063
0.0127487182617188 -0.0803375244140625 -0.00698089599609375 0.0869674682617188
0.0629768371582031 -0.0508003234863281 -0.0498504638671875 0.0493850708007813
0.08721923828125 0.038543701171875 -0.0550193786621094 -0.00347900390625001
0.03594970703125 0.0837326049804687 0.019073486328125 -0.00122070312499999
-0.022369384765625 0.08697509765625 0.0148162841796875 0.12518310546875
0.0586967468261719 -0.0251579284667969 -0.0333404541015625 -0.143875122070312
-2.67028808593759E-05 -0.0548782348632813 -0.0271720886230469 -0.0121593475341797
-0.0434837341308594 -0.0288505554199219 0.063751220703125 0.00496292114257812
-0.0426216125488281 0.0159950256347656 0.0755844116210938 -0.0633926391601563
-0.0181770324707031 0.0396270751953125 0.0212326049804687 -0.105064392089844
0.0163345336914063 0.03973388671875 -0.0413665771484375 -0.110786437988281
0.0202083587646484 0.0274257659912109 -0.0870208740234375 -0.0766677856445313
0.0123329162597656 0.024810791015625 -0.0784072875976563 -0.0531997680664063
0.0100822448730469 0.02685546875 -0.071044921875 -0.0391006469726563
-0.00701141357421875 0.0229129791259766 -0.0605697631835938 -0.040985107421875
-0.0245857238769531 0.00549697875976563 -0.0618019104003906 -0.0464401245117188
-0.0225887298583984 -0.0315303802490234 -0.0625381469726563 -0.0720977783203125
0.0200462341308594 -0.0459365844726562 -0.043121337890625 -0.103294372558594
0.0603141784667969 -0.0266227722167969 -0.0700454711914062 -0.131057739257813
0.0771865844726563 0.00396728515625 -0.0980682373046875 -0.155654907226563
0.0910568237304688 0.0401458740234375 -0.010498046875 -0.14971923828125
0.0468864440917969 -0.0175628662109375 -0.0187187194824219 -0.0166072845458984
0.0170230865478516 -0.0291767120361328 0.0763320922851563 0.0123062133789062
-0.00724887847900391 -0.0173330307006836 0.0919952392578125 -0.0628814697265625
-0.00940418243408203 -0.00540637969970703 0.0348739624023438 -0.114028930664063
-0.0056920051574707 0.00394439697265625 -0.0398712158203125 -0.119209289550781
-0.0135459899902344 0.00130367279052734 -0.0883255004882813 -0.0800094604492188
-0.0156698226928711 -0.00569057464599609 -0.0760498046875 -0.0513534545898438
-0.0197925567626953 -0.00357818603515625 -0.070953369140625 -0.036102294921875
-0.0175933837890625 -0.0133934020996094 -0.0621452331542969 -0.0343437194824219
-0.00892066955566406 -0.0312938690185547 -0.0612144470214844 -0.0376739501953125
0.0186424255371094 -0.0506706237792969 -0.0649070739746094 -0.0645217895507812
0.0705184936523437 -0.0237960815429687 -0.0489120483398437 -0.0895233154296875
0.0964584350585937 0.0161590576171875 -0.0717010498046875 -0.115943908691406
0.101806640625 0.0699615478515625 -0.0877914428710938 -0.137451171875
0.105972290039063 0.106758117675781 0.0214385986328125 -0.131576538085938
0.0856399536132812 0.0345687866210937 -0.00075769424438476 -0.00746917724609375
0.0850677490234375 -0.0135726928710938 0.0910491943359375 0.0276947021484375
0.0415000915527344 -0.0445709228515625 0.109375 -0.0519485473632813
0.0106964111328125 -0.0512199401855469 0.055084228515625 -0.109886169433594
-0.0216941833496094 -0.0373916625976563 -0.0281753540039063 -0.117698669433594
-0.044097900390625 -0.0281562805175781 -0.0772323608398438 -0.0760574340820313
-0.0414085388183594 -0.0352363586425781 -0.0625953674316406 -0.0416069030761719
-0.0494499206542969 -0.0316314697265625 -0.0599098205566406 -0.0231895446777344
-0.0329856872558594 -0.0448570251464844 -0.0567588806152344 -0.0167274475097656
-0.00401687622070313 -0.0669631958007813 -0.0579414367675781 -0.01861572265625
0.0452041625976562 -0.0746307373046875 -0.06866455078125 -0.0472640991210938
0.112228393554688 -0.0172882080078125 -0.0563278198242188 -0.0708999633789062
0.128379821777344 0.0423583984375 -0.0674514770507812 -0.0948944091796875
0.117942810058594 0.11920166015625 -0.0699691772460937 -0.100997924804688
0.0987548828125 0.158233642578125 0.05517578125 -0.0872879028320312
0.104026794433594 0.0913162231445312 0.0215778350830078 0.0172996520996094
0.142166137695313 0.0184173583984375 0.099822998046875 0.0506210327148438
0.0931320190429688 -0.0572280883789063 0.121528625488281 -0.0275192260742188
0.0392913818359375 -0.0884552001953125 0.0737762451171875 -0.0894317626953125
-0.0276718139648438 -0.0758895874023438 -0.00955963134765626 -0.102294921875
-0.0646018981933594 -0.0553550720214844 -0.0543861389160156 -0.0622978210449219
-0.060821533203125 -0.060943603515625 -0.0395851135253906 -0.0251502990722656
-0.0735397338867188 -0.0530853271484375 -0.0396957397460938 -0.00504684448242188
-0.0491256713867187 -0.068359375 -0.0434341430664062 0.0066680908203125
-0.00682830810546875 -0.095733642578125 -0.0488471984863281 0.00492095947265625
0.0581741333007812 -0.0968246459960937 -0.0673446655273438 -0.0244941711425781
0.139892578125 -0.018310546875 -0.0606956481933594 -0.0502052307128906
0.147171020507813 0.0557861328125 -0.0535430908203125 -0.07305908203125
0.1214599609375 0.148605346679688 -0.0460357666015625 -0.0528373718261719
0.0726776123046875 0.181961059570313 0.082489013671875 -0.0252227783203125
0.0969009399414063 0.133659362792969 0.0419235229492188 0.0522117614746094
0.168167114257813 0.0577392578125 0.097930908203125 0.0756759643554688
0.1297607421875 -0.0491256713867188 0.120986938476563 0.00531005859375
0.0666427612304688 -0.104667663574219 0.0846786499023438 -0.055145263671875
-0.0241928100585937 -0.101188659667969 0.0102005004882813 -0.0733413696289063
-0.0732498168945313 -0.0732879638671875 -0.025909423828125 -0.0406570434570313
-0.0705490112304687 -0.0765609741210938 -0.0118446350097656 -0.00483798980712891
-0.0885086059570313 -0.06732177734375 -0.0127496719360352 0.0153093338012695
-0.0605697631835938 -0.0822601318359375 -0.0231037139892578 0.0322399139404297
-0.0104522705078125 -0.113044738769531 -0.0342559814453125 0.0288295745849609
0.0637893676757813 -0.10687255859375 -0.061126708984375 -0.00107955932617189
0.149810791015625 -0.015411376953125 -0.0594024658203125 -0.0312423706054687
0.14630126953125 0.0659942626953125 -0.0323638916015625 -0.0535087585449219
0.106735229492188 0.159149169921875 -0.0184192657470703 -0.00238418579101561
0.036163330078125 0.170303344726563 0.0997467041015625 0.0418624877929688
0.066680908203125 0.146453857421875 0.057373046875 0.0887069702148438
0.153823852539063 0.0880126953125 0.0857391357421875 0.093719482421875
0.137680053710938 -0.0279464721679688 0.107398986816406 0.0364608764648438
0.080291748046875 -0.096832275390625 0.0832672119140625 -0.0167388916015625
-0.0163421630859375 -0.10650634765625 0.0273971557617188 -0.0366859436035156
-0.0704421997070313 -0.0788497924804687 0.00599193572998046 -0.0144195556640625
-0.06964111328125 -0.0799713134765625 0.0180587768554687 0.0146579742431641
-0.0897293090820313 -0.0719757080078125 0.0162258148193359 0.0344696044921875
-0.0614013671875 -0.0857772827148438 0.000797271728515626 0.056060791015625
-0.00807189941406251 -0.116287231445313 -0.0188865661621094 0.0505523681640625
0.0670089721679688 -0.102638244628906 -0.0530242919921875 0.0201034545898437
0.14422607421875 -0.002532958984375 -0.0560951232910156 -0.0172767639160156
0.124969482421875 0.076934814453125 -0.008758544921875 -0.0372886657714844
0.07501220703125 0.153045654296875 0.00653839111328125 0.0463905334472656
-0.0044708251953125 0.126243591308594 0.107734680175781 0.098175048828125
0.0247344970703125 0.127189636230469 0.0656204223632813 0.117454528808594
0.10833740234375 0.0947494506835938 0.06854248046875 0.101478576660156
0.113746643066406 -0.00435638427734375 0.0868682861328125 0.0592193603515625
0.0750503540039063 -0.0721893310546875 0.0742721557617187 0.0169754028320312
-0.00711059570312499 -0.0918502807617188 0.0405197143554688 -0.00173568725585938
-0.0579605102539063 -0.0705642700195313 0.034860610961914 0.0100288391113281
-0.05877685546875 -0.0720367431640625 0.0451889038085938 0.0316429138183594
-0.0779571533203125 -0.0682830810546875 0.0456771850585937 0.0528411865234375
-0.052459716796875 -0.0803070068359375 0.0210113525390625 0.0779647827148438
-0.00130462646484375 -0.106216430664063 -0.0075531005859375 0.0707855224609375
0.0677947998046875 -0.0841751098632813 -0.0478439331054687 0.0376663208007813
0.125701904296875 0.0170974731445313 -0.0542411804199219 -0.00699996948242187
0.0888442993164063 0.0859451293945313 0.00907135009765625 -0.0203266143798828
0.0311508178710937 0.130790710449219 0.0214691162109375 0.091064453125
-0.0424842834472656 0.0611495971679688 0.106712341308594 0.133110046386719
-0.0160140991210938 0.0811691284179687 0.06964111328125 0.131301879882813
0.0487823486328125 0.07708740234375 0.0534591674804688 0.0978775024414062
0.0699501037597656 0.0122756958007813 0.0693855285644531 0.06927490234375
0.0538558959960937 -0.0389022827148438 0.0630226135253906 0.0379257202148438
0.00045013427734375 -0.0616302490234375 0.0500259399414063 0.0231590270996094
-0.0365257263183594 -0.0503005981445313 0.0578880310058594 0.0282783508300781
-0.0392646789550781 -0.0529251098632812 0.0662040710449219 0.0436058044433594
-0.0538597106933594 -0.0554542541503906 0.0688896179199219 0.0681915283203125
-0.0346221923828125 -0.0645713806152344 0.0359039306640625 0.0973129272460938
0.00764465332031251 -0.0824050903320312 -0.0037689208984375 0.0892105102539062
0.0614776611328125 -0.0561714172363281 -0.0491256713867188 0.0532341003417969
0.0923004150390625 0.034576416015625 -0.0567626953125 -0.000236511230468739
0.041656494140625 0.0844955444335938 0.0191917419433594 -0.00357055664062499
-0.0180206298828125 0.09051513671875 0.0232086181640625 0.126121520996094
0.0564041137695312 -0.0285072326660156 -0.0416717529296875 -0.139396667480469
-0.00338363647460937 -0.0538406372070312 -0.0271282196044922 -0.00900459289550782
-0.0445060729980469 -0.0256004333496094 0.0646400451660156 0.00147628784179687
-0.0411796569824219 0.0187797546386719 0.073150634765625 -0.0666275024414063
-0.0152778625488281 0.0408439636230469 0.016265869140625 -0.105239868164063
0.0198478698730469 0.0378875732421875 -0.0471420288085938 -0.109077453613281
0.0218334197998047 0.0246791839599609 -0.0910110473632812 -0.071136474609375
0.0143032073974609 0.0236759185791016 -0.081329345703125 -0.0482406616210938
0.0119285583496094 0.0255374908447266 -0.07373046875 -0.034576416015625
-0.004425048828125 0.0227756500244141 -0.0632476806640625 -0.0381813049316406
-0.0226383209228516 0.00678062438964844 -0.0653915405273438 -0.0430870056152344
-0.0245418548583984 -0.0293769836425781 -0.0667610168457031 -0.0681800842285156
0.0164833068847656 -0.0465431213378906 -0.0481414794921875 -0.101516723632813
0.0579566955566406 -0.0293769836425781 -0.076263427734375 -0.126800537109375
0.077362060546875 -0.00057220458984375 -0.106109619140625 -0.148208618164063
0.0923843383789063 0.0342941284179688 -0.020050048828125 -0.146713256835938
0.0455894470214844 -0.0192489624023438 -0.0188732147216797 -0.0136737823486328
0.0153121948242187 -0.029754638671875 0.0771560668945313 0.00786590576171875
-0.00789260864257812 -0.0158576965332031 0.0879898071289063 -0.0670166015625
-0.00895500183105469 -0.0033721923828125 0.029815673828125 -0.114463806152344
-0.0039677619934082 0.0037531852722168 -0.0453948974609375 -0.116844177246094
-0.0131778717041016 0.00143909454345703 -0.0921783447265625 -0.0746536254882813
-0.015228271484375 -0.00473594665527344 -0.0790176391601563 -0.0464553833007813
-0.0192489624023437 -0.00248336791992188 -0.073150634765625 -0.0313034057617187
-0.0169000625610352 -0.0123081207275391 -0.064117431640625 -0.0308418273925781
-0.0102138519287109 -0.03057861328125 -0.0639190673828125 -0.0340003967285156
0.0151901245117188 -0.0510826110839844 -0.0692710876464844 -0.0603675842285156
0.0680351257324219 -0.0267143249511719 -0.0529251098632812 -0.0868301391601563
0.09637451171875 0.011138916015625 -0.0770645141601563 -0.111549377441406
0.105354309082031 0.0638656616210937 -0.094970703125 -0.13128662109375
0.111328125 0.0991134643554688 0.0126190185546875 -0.130348205566406
0.0865249633789063 0.0302047729492187 -0.00166893005371093 -0.00561189651489258
0.0836639404296875 -0.01904296875 0.092559814453125 0.02203369140625
0.0386085510253906 -0.0457115173339844 0.106452941894531 -0.056396484375
0.00738525390624999 -0.0510978698730469 0.0487823486328125 -0.111610412597656
-0.0226287841796875 -0.035369873046875 -0.0338134765625 -0.115570068359375
-0.0444183349609375 -0.0256996154785156 -0.0807113647460937 -0.0704345703125
-0.043060302734375 -0.03326416015625 -0.0648384094238281 -0.037445068359375
-0.0505599975585938 -0.0283088684082031 -0.061370849609375 -0.0197715759277344
-0.0344200134277344 -0.0423660278320313 -0.0580825805664063 -0.0133247375488281
-0.00732040405273437 -0.0652923583984375 -0.0595245361328125 -0.0153961181640625
0.0407943725585938 -0.0768356323242188 -0.072418212890625 -0.043182373046875
0.111129760742188 -0.0228042602539063 -0.0601882934570312 -0.0677299499511719
0.129379272460938 0.0347213745117188 -0.0721511840820313 -0.0903244018554688
0.124267578125 0.111663818359375 -0.075439453125 -0.0959625244140625
0.106842041015625 0.151138305664063 0.0475616455078125 -0.0886306762695313
0.1087646484375 0.0859146118164063 0.0210094451904297 0.0171947479248047
0.1429443359375 0.0092315673828125 0.102394104003906 0.0440444946289062
0.0892868041992188 -0.0615386962890625 0.120315551757813 -0.03326416015625
0.033294677734375 -0.089874267578125 0.0685272216796875 -0.0925521850585938
-0.0308914184570313 -0.0734176635742187 -0.0148086547851563 -0.10052490234375
-0.0662117004394531 -0.0504875183105469 -0.0576667785644531 -0.0581550598144531
-0.0638847351074219 -0.0571746826171875 -0.0414085388183594 -0.0223388671875
-0.0759811401367188 -0.048309326171875 -0.0397262573242188 -0.00211334228515626
-0.0526008605957031 -0.0646514892578125 -0.043060302734375 0.0101127624511719
-0.0121688842773438 -0.0939712524414063 -0.0493545532226563 0.00753784179687499
0.0521011352539063 -0.0995101928710938 -0.070648193359375 -0.0208053588867188
0.138359069824219 -0.0262527465820313 -0.0631637573242187 -0.0467262268066406
0.148681640625 0.0478973388671875 -0.0576705932617187 -0.0707168579101563
0.129653930664063 0.141555786132813 -0.0493011474609375 -0.0498008728027344
0.083251953125 0.175827026367188 0.0780487060546875 -0.0294647216796875
0.103828430175781 0.128334045410156 0.0427055358886719 0.0509109497070313
0.1710205078125 0.0476226806640625 0.10211181640625 0.0689697265625
0.126449584960938 -0.0563430786132813 0.121269226074219 -0.000854492187500003
0.0590133666992188 -0.108070373535156 0.0813980102539063 -0.0594635009765625
-0.0295181274414062 -0.0981216430664063 0.0066680908203125 -0.0721282958984375
-0.0766448974609375 -0.0674285888671875 -0.0275115966796875 -0.0381088256835938
-0.074432373046875 -0.0719680786132813 -0.0119552612304688 -0.00473880767822266
-0.091552734375 -0.0606689453125 -0.0115213394165039 0.016362190246582
-0.0643157958984375 -0.0773391723632813 -0.0208225250244141 0.0340499877929687
-0.0170135498046875 -0.110733032226562 -0.0333156585693359 0.0304489135742187
0.0564651489257813 -0.110160827636719 -0.0622177124023438 0.00236892700195313
0.1474609375 -0.02398681640625 -0.0607719421386719 -0.0282745361328125
0.14923095703125 0.0576171875 -0.034912109375 -0.052520751953125
0.115875244140625 0.152114868164063 -0.0186786651611328 -0.000881195068359363
0.045745849609375 0.166748046875 0.0993423461914063 0.0359725952148438
0.0743560791015625 0.142745971679688 0.0590438842773438 0.0864791870117188
0.158981323242188 0.07733154296875 0.0901565551757813 0.0876922607421875
0.135223388671875 -0.0360946655273438 0.108680725097656 0.0313491821289063
0.0725173950195313 -0.101142883300781 0.0820083618164062 -0.0203857421875
-0.0221099853515625 -0.10430908203125 0.02606201171875 -0.0365371704101563
-0.0735855102539063 -0.0728302001953125 0.00590801239013671 -0.0135078430175781
-0.0745620727539063 -0.0754776000976563 0.0187644958496094 0.0129661560058594
-0.093902587890625 -0.06500244140625 0.0196609497070312 0.0341835021972656
-0.0655441284179687 -0.0800857543945313 0.00436019897460937 0.0557060241699219
-0.0155258178710937 -0.113746643066406 -0.016876220703125 0.0510711669921875
0.0599746704101562 -0.105628967285156 -0.0531578063964844 0.022705078125
0.143478393554688 -0.0108184814453125 -0.0572166442871094 -0.0139656066894531
0.128662109375 0.0695037841796875 -0.0115203857421875 -0.0375137329101563
0.08428955078125 0.148193359375 0.00934600830078125 0.045928955078125
0.00341796875 0.125930786132813 0.109817504882813 0.0915756225585938
0.0316085815429687 0.124809265136719 0.0692825317382812 0.1136474609375
0.114097595214844 0.0871963500976563 0.0725173950195313 0.096832275390625
0.1121826171875 -0.0109939575195313 0.0894241333007813 0.0548248291015625
0.0690231323242188 -0.0765457153320313 0.0747909545898438 0.012603759765625
-0.0125961303710938 -0.0902862548828125 0.0405998229980469 -0.00328445434570313
-0.0604248046875 -0.0656509399414063 0.0356712341308594 0.00841140747070312
-0.06341552734375 -0.0675506591796875 0.0467987060546875 0.0284576416015625
-0.0815887451171875 -0.0620498657226563 0.0490036010742188 0.0499267578125
-0.0568161010742188 -0.0753250122070313 0.0258560180664063 0.0767440795898438
-0.00803375244140625 -0.104087829589844 -0.003936767578125 0.0707550048828125
0.0614776611328125 -0.0883636474609375 -0.0466728210449219 0.0401573181152344
0.126350402832031 0.008758544921875 -0.0549240112304687 -0.00417327880859374
0.0930709838867188 0.080780029296875 0.00712013244628907 -0.0220966339111328
0.0393600463867188 0.12860107421875 0.0269775390625 0.0885086059570313
-0.0382804870605469 0.0623550415039063 0.111740112304688 0.125724792480469
-0.0115127563476562 0.0811920166015625 0.0746841430664062 0.126411437988281
0.05340576171875 0.072784423828125 0.0568466186523438 0.0946044921875
0.0699920654296875 0.00772857666015625 0.0727462768554688 0.0656890869140625
0.0505714416503906 -0.0419960021972656 0.0659599304199219 0.0334739685058594
-0.00365447998046875 -0.061126708984375 0.0511054992675781 0.0212059020996094
-0.038543701171875 -0.0476722717285156 0.0593910217285156 0.0252037048339844
-0.0424613952636719 -0.0501518249511719 0.0689353942871094 0.0397186279296875
-0.0574150085449219 -0.0509414672851563 0.0730667114257813 0.0634078979492188
-0.0388107299804688 -0.0611991882324219 0.0421142578125 0.0945587158203125
0.00160980224609376 -0.08123779296875 0.000907897949218751 0.08819580078125
0.0569343566894531 -0.0595207214355469 -0.046600341796875 0.0558090209960937
0.0943984985351562 0.0286026000976562 -0.0570640563964844 0.0028839111328125
0.0463714599609375 0.081329345703125 0.0178604125976563 -0.00600242614746093
-0.0118408203125 0.0914382934570313 0.0307998657226562 0.123161315917969
0.0531654357910156 -0.0302505493164062 -0.0453109741210937 -0.133689880371094
-0.00460433959960938 -0.0524139404296875 -0.0262279510498047 -0.00630378723144532
-0.0439834594726562 -0.0229034423828125 0.0623092651367188 -0.000404357910156251
-0.0391845703125 0.0207557678222656 0.0698623657226562 -0.0674781799316406
-0.0119438171386719 0.0410118103027344 0.0133895874023438 -0.103424072265625
0.0217666625976563 0.0358543395996094 -0.0489959716796875 -0.105560302734375
0.0225753784179688 0.0216121673583984 -0.0911483764648438 -0.0668411254882812
0.0150260925292969 0.0216655731201172 -0.0820770263671875 -0.0438156127929688
0.0131664276123047 0.0235233306884766 -0.074371337890625 -0.0303115844726563
-0.00330924987792969 0.0214710235595703 -0.0631904602050781 -0.0350341796875
-0.0212192535400391 0.00699615478515625 -0.0650978088378906 -0.0401420593261719
-0.0246734619140625 -0.0276107788085937 -0.0680770874023438 -0.0651168823242187
0.014373779296875 -0.0453720092773438 -0.0488967895507812 -0.0982818603515625
0.0552711486816406 -0.0303001403808594 -0.0775680541992188 -0.121536254882812
0.075225830078125 -0.00384521484375 -0.107803344726563 -0.1412353515625
0.0911026000976562 0.0299301147460937 -0.0245895385742188 -0.140464782714844
0.0439643859863281 -0.0204734802246094 -0.0191020965576172 -0.0107765197753906
0.0143985748291016 -0.0296363830566406 0.0758132934570313 0.0046539306640625
-0.00794887542724609 -0.0144987106323242 0.0852203369140625 -0.067840576171875
-0.00828361511230469 -0.00215816497802734 0.0261383056640625 -0.11199951171875
-0.00233578681945801 0.00403308868408203 -0.047607421875 -0.113311767578125
-0.0120420455932617 0.000741958618164063 -0.0928878784179688 -0.0699386596679687
-0.01507568359375 -0.00450801849365234 -0.0789031982421875 -0.0428543090820312
-0.018768310546875 -0.00232887268066406 -0.0731048583984375 -0.0274810791015625
-0.0160417556762695 -0.0116472244262695 -0.0638961791992188 -0.0279769897460937
-0.00953292846679687 -0.0296688079833984 -0.0639877319335937 -0.0317420959472656
0.0130119323730469 -0.0496444702148438 -0.0702857971191406 -0.0570335388183594
0.0653572082519531 -0.0281486511230469 -0.05340576171875 -0.0841903686523437
0.0938949584960937 0.00849151611328125 -0.0789260864257813 -0.106498718261719
0.104934692382812 0.0585784912109375 -0.0962600708007813 -0.124481201171875
0.111808776855469 0.092620849609375 0.00699615478515625 -0.126510620117188
0.0852890014648438 0.0275955200195313 -0.00243663787841796 -0.00360274314880371
0.0811767578125 -0.0213394165039063 0.0907745361328125 0.0185623168945313
0.0363426208496094 -0.0453643798828125 0.102928161621094 -0.0581436157226563
0.00610733032226563 -0.0493507385253906 0.0449981689453125 -0.110076904296875
-0.0218601226806641 -0.0336208343505859 -0.03607177734375 -0.111885070800781
-0.04364013671875 -0.0240898132324219 -0.0814666748046875 -0.0659332275390625
-0.0429801940917969 -0.0312957763671875 -0.0649223327636719 -0.0344619750976563
-0.0494575500488281 -0.025604248046875 -0.0613822937011719 -0.0164604187011719
-0.034088134765625 -0.0402107238769531 -0.0573577880859375 -0.0108871459960938
-0.00820159912109374 -0.0635452270507813 -0.059844970703125 -0.0130157470703125
0.037261962890625 -0.0758056640625 -0.073638916015625 -0.0403289794921875
0.107391357421875 -0.0251007080078125 -0.0605354309082031 -0.0650672912597656
0.127021789550781 0.031158447265625 -0.0736236572265625 -0.0869064331054687
0.125946044921875 0.10504150390625 -0.0769424438476562 -0.0904769897460938
0.109573364257812 0.143524169921875 0.0419540405273438 -0.0866317749023437
0.108787536621094 0.0808792114257813 0.0194377899169922 0.0178356170654297
0.139793395996094 0.003631591796875 0.101081848144531 0.0391616821289063
0.0850601196289062 -0.0622787475585938 0.116455078125 -0.0356826782226563
0.0291748046875 -0.0881881713867188 0.0650787353515625 -0.0925445556640625
-0.0317001342773438 -0.0696907043457031 -0.0171890258789063 -0.0972061157226563
-0.0657272338867188 -0.0475578308105469 -0.0583686828613281 -0.0546875
-0.0645332336425781 -0.053741455078125 -0.0416450500488281 -0.0208320617675781
-0.0758209228515625 -0.0435256958007813 -0.0389404296875 -0.000213623046875003
-0.0521163940429687 -0.0604171752929687 -0.0420722961425781 0.0109367370605469
-0.0149993896484375 -0.0907821655273437 -0.0491142272949219 0.00899887084960936
0.0473480224609375 -0.0988388061523438 -0.0711593627929688 -0.017791748046875
0.134254455566406 -0.0294647216796875 -0.062744140625 -0.0447120666503906
0.14666748046875 0.042999267578125 -0.058563232421875 -0.0672149658203125
0.131980895996094 0.134521484375 -0.0498123168945312 -0.0469551086425781
0.0870208740234375 0.16864013671875 0.0742950439453125 -0.0302200317382812
0.105537414550781 0.12274169921875 0.0412788391113281 0.0494461059570313
0.169021606445312 0.0397186279296875 0.100822448730469 0.063385009765625
0.121475219726562 -0.0586395263671875 0.118583679199219 -0.00383758544921875
0.05322265625 -0.106636047363281 0.0779037475585937 -0.0600128173828125
-0.0315628051757813 -0.0941925048828125 0.00458145141601562 -0.0701446533203125
-0.0762939453125 -0.0628890991210938 -0.0280723571777344 -0.0357780456542969
-0.076324462890625 -0.0675277709960938 -0.0119390487670898 -0.00434970855712891
-0.0915145874023438 -0.05499267578125 -0.010101318359375 0.0167837142944336
-0.0648956298828125 -0.0717849731445313 -0.0188999176025391 0.034912109375
-0.020751953125 -0.105979919433594 -0.0323333740234375 0.0313014984130859
0.0507888793945313 -0.109748840332031 -0.0624542236328125 0.00415420532226561
0.14453125 -0.0287933349609375 -0.0603981018066406 -0.0262107849121094
0.147109985351563 0.052154541015625 -0.0370979309082031 -0.0512542724609375
0.11907958984375 0.14569091796875 -0.0182209014892578 -0.000976562499999989
0.0496978759765625 0.160720825195313 0.0964202880859375 0.03271484375
0.0765914916992188 0.137420654296875 0.0582962036132813 0.0837173461914063
0.158126831054688 0.068878173828125 0.0900726318359375 0.0824203491210938
0.130012512207031 -0.0391082763671875 0.107742309570313 0.0278778076171875
0.0673065185546875 -0.101203918457031 0.079803466796875 -0.0223846435546875
-0.0247955322265625 -0.100761413574219 0.0248298645019531 -0.0355949401855469
-0.0738143920898437 -0.06781005859375 0.00515079498291015 -0.0134096145629883
-0.0755691528320312 -0.0711746215820313 0.0187320709228516 0.0112514495849609
-0.0935134887695312 -0.0593414306640625 0.0204429626464844 0.0322036743164063
-0.0667800903320312 -0.0748291015625 0.00537490844726562 0.0559043884277344
-0.0195541381835938 -0.109199523925781 -0.016143798828125 0.0508003234863281
0.054473876953125 -0.104728698730469 -0.0525665283203125 0.0242729187011719
0.140525817871094 -0.0160980224609375 -0.0557060241699219 -0.012908935546875
0.127693176269531 0.0644454956054688 -0.0130081176757812 -0.0371894836425781
0.0877838134765625 0.1422119140625 0.0108184814453125 0.0436210632324219
0.00785827636718751 0.122383117675781 0.108741760253906 0.0861358642578125
0.0349273681640625 0.121414184570313 0.0691909790039063 0.109550476074219
0.1148681640625 0.0804290771484375 0.0723648071289063 0.091888427734375
0.109130859375 -0.0143966674804687 0.0889511108398437 0.0513916015625
0.0641708374023438 -0.0772933959960938 0.0738067626953125 0.00982666015624999
-0.0155487060546875 -0.08746337890625 0.0399513244628906 -0.00341796875
-0.0611305236816406 -0.061553955078125 0.0350360870361328 0.00725936889648437
-0.0647506713867188 -0.063385009765625 0.0470466613769531 0.0253486633300781
-0.0826492309570313 -0.0569076538085937 0.0504531860351563 0.0466537475585938
-0.0580673217773437 -0.0706100463867188 0.0280914306640625 0.0749435424804688
-0.0122756958007813 -0.100265502929688 -0.0031890869140625 0.0690841674804688
0.0565719604492188 -0.08807373046875 -0.04547119140625 0.0405960083007812
0.124290466308594 0.00396728515625 -0.0531196594238281 -0.00214004516601563
0.0937728881835938 0.0757598876953125 0.00573539733886719 -0.0228309631347656
0.0432281494140625 0.124465942382813 0.0293426513671875 0.084747314453125
-0.0350570678710937 0.0623435974121094 0.111404418945313 0.119239807128906
-0.00872802734375001 0.07952880859375 0.0752944946289063 0.122268676757813
0.0553245544433594 0.0685272216796875 0.0568771362304688 0.0911026000976563
0.0677490234375 0.0054168701171875 0.072357177734375 0.0624465942382813
0.0467567443847656 -0.0431060791015625 0.0653038024902344 0.0308647155761719
-0.00593185424804688 -0.0594863891601562 0.0503768920898438 0.019256591796875
-0.0393524169921875 -0.044097900390625 0.0584335327148438 0.0226898193359375
-0.04345703125 -0.0471115112304688 0.06884765625 0.0359153747558594
-0.058624267578125 -0.0469131469726563 0.0743560791015625 0.0591354370117188
-0.0402336120605469 -0.0574493408203125 0.0449600219726563 0.0913238525390625
-0.00154876708984375 -0.079498291015625 0.00302124023437499 0.0866241455078125
0.0529747009277344 -0.0613021850585938 -0.0445327758789063 0.05511474609375
0.0938873291015625 0.0237655639648438 -0.0554428100585937 0.00436019897460937
0.04852294921875 0.0781631469726563 0.0166263580322266 -0.00758647918701171
-0.00869750976562499 0.0898208618164063 0.0332870483398438 0.1180419921875
0.0514488220214844 -0.0300140380859375 -0.0453872680664063 -0.129585266113281
-0.004364013671875 -0.0514869689941406 -0.0253334045410156 -0.00516700744628906
-0.0429801940917969 -0.0219230651855469 0.0618972778320313 0.000442504882812499
-0.0382575988769531 0.02044677734375 0.0692062377929688 -0.0659523010253906
-0.0105552673339844 0.041259765625 0.0140228271484375 -0.101577758789063
0.0223674774169922 0.0334987640380859 -0.0489959716796875 -0.104690551757813
0.0220069885253906 0.0197734832763672 -0.0902099609375 -0.0645751953125
0.0145225524902344 0.0203819274902344 -0.081878662109375 -0.04229736328125
0.0128078460693359 0.0226840972900391 -0.0736618041992188 -0.0289764404296875
-0.00222587585449219 0.0208988189697266 -0.063232421875 -0.0338935852050781
-0.0200958251953125 0.00702857971191406 -0.0649795532226563 -0.0388412475585938
-0.0250930786132812 -0.0255718231201172 -0.0672950744628906 -0.0632591247558594
0.0135383605957031 -0.0442657470703125 -0.0476608276367187 -0.0968856811523438
0.053863525390625 -0.0299148559570313 -0.0757522583007812 -0.118507385253906
0.0736541748046875 -0.00467681884765625 -0.105224609375 -0.137138366699219
0.088134765625 0.0288238525390625 -0.0256500244140625 -0.136878967285156
0.04339599609375 -0.0196800231933594 -0.0188446044921875 -0.00856781005859375
0.0142440795898438 -0.0290603637695313 0.0746994018554687 0.00490570068359375
-0.00759410858154297 -0.0129413604736328 0.083892822265625 -0.0661087036132813
-0.00731086730957031 -0.0016627311706543 0.026336669921875 -0.110038757324219
-0.00116133689880371 0.0031278133392334 -0.0473861694335938 -0.11181640625
-0.0120220184326172 -0.000168800354003905 -0.0916595458984375 -0.0676193237304688
-0.0147638320922852 -0.00531959533691407 -0.0794525146484375 -0.0411834716796875
-0.0178546905517578 -0.00203514099121094 -0.0727996826171875 -0.0258026123046875
-0.0155725479125977 -0.0121250152587891 -0.0639533996582031 -0.0275230407714844
-0.00855636596679687 -0.0283279418945313 -0.0635299682617188 -0.0304527282714844
0.0123291015625 -0.0480422973632813 -0.0702552795410156 -0.0558280944824219
0.0637054443359375 -0.027130126953125 -0.052825927734375 -0.08319091796875
0.0916061401367188 0.0086517333984375 -0.077911376953125 -0.103843688964844
0.10357666015625 0.0565719604492187 -0.0944137573242188 -0.1204833984375
0.109260559082031 0.0897445678710938 0.00480651855468751 -0.12176513671875
0.084014892578125 0.0273818969726563 -0.00292634963989257 -0.00153326988220215
0.0798110961914063 -0.0216293334960938 0.088653564453125 0.0177688598632813
0.0352249145507813 -0.0445747375488281 0.101585388183594 -0.0569610595703125
0.00591278076171875 -0.0474052429199219 0.0441360473632813 -0.107734680175781
-0.0206260681152344 -0.0330657958984375 -0.0361404418945312 -0.109748840332031
-0.0424537658691406 -0.02349853515625 -0.0808563232421875 -0.0637435913085938
-0.0429344177246094 -0.0305824279785156 -0.0647430419921875 -0.0331611633300781
-0.0486335754394531 -0.0246086120605469 -0.0609016418457031 -0.01513671875
-0.0326309204101562 -0.0395927429199219 -0.0573081970214844 -0.0098876953125
-0.00763320922851563 -0.0617828369140625 -0.0598716735839844 -0.0127830505371094
0.0360031127929688 -0.0743560791015625 -0.0744400024414063 -0.039581298828125
0.105239868164063 -0.0248794555664063 -0.0593719482421875 -0.0647773742675781
0.124671936035156 0.0305328369140625 -0.0728530883789063 -0.084320068359375
0.124717712402344 0.102699279785156 -0.0763320922851563 -0.0880966186523438
0.108192443847656 0.139778137207031 0.0394287109375 -0.0841751098632812
0.108436584472656 0.079803466796875 0.0178871154785156 0.0196075439453125
0.137832641601562 0.0023651123046875 0.0980377197265625 0.0380172729492188
0.0824127197265625 -0.0617828369140625 0.114944458007812 -0.0351943969726563
0.0277481079101562 -0.08636474609375 0.063629150390625 -0.0908584594726563
-0.0306816101074219 -0.0676040649414063 -0.016815185546875 -0.0948410034179688
-0.0643196105957031 -0.0457038879394531 -0.0576515197753906 -0.0524711608886719
-0.0644149780273437 -0.053009033203125 -0.041168212890625 -0.0203018188476562
-0.0745315551757812 -0.0416183471679688 -0.0384101867675781 0.0005645751953125
-0.0511550903320313 -0.0587921142578125 -0.0412101745605469 0.0123138427734375
-0.0147476196289062 -0.0881805419921875 -0.0491676330566406 0.00981140136718749
0.044921875 -0.0968399047851563 -0.0715408325195313 -0.0173797607421875
0.1322021484375 -0.0299530029296875 -0.0622329711914063 -0.0445213317871094
0.143569946289063 0.0415496826171875 -0.0590667724609375 -0.06640625
0.131500244140625 0.131370544433594 -0.0487899780273437 -0.0457420349121094
0.085845947265625 0.165023803710938 0.070556640625 -0.0287857055664062
0.104026794433594 0.120658874511719 0.0389289855957031 0.0500755310058594
0.167022705078125 0.03656005859375 0.098480224609375 0.0623550415039063
0.118278503417969 -0.0583877563476562 0.117156982421875 -0.00399017333984375
0.0520248413085938 -0.104667663574219 0.0766830444335938 -0.058624267578125
-0.0312347412109375 -0.0918960571289062 0.00487899780273437 -0.0679702758789063
-0.0747604370117188 -0.060699462890625 -0.0277309417724609 -0.0346031188964844
-0.0753402709960938 -0.0660476684570312 -0.0122337341308594 -0.00467586517333985
-0.0905609130859375 -0.0527267456054687 -0.00949668884277344 0.0161972045898437
-0.0630722045898438 -0.0697174072265625 -0.0191669464111328 0.0345172882080078
-0.0210494995117187 -0.102958679199219 -0.0329818725585938 0.0302391052246094
0.0489883422851562 -0.10797119140625 -0.0632057189941406 0.00439453125
0.142120361328125 -0.0294952392578125 -0.0595283508300781 -0.0266647338867187
0.1441650390625 0.050750732421875 -0.0369300842285156 -0.0501060485839844
0.118743896484375 0.142807006835938 -0.0178108215332031 -0.000703811645507805
0.050323486328125 0.156936645507813 0.0927352905273438 0.032379150390625
0.076934814453125 0.135322570800781 0.0556182861328125 0.0827178955078125
0.155914306640625 0.0665130615234375 0.0868606567382813 0.0807037353515625
0.127250671386719 -0.038543701171875 0.105972290039063 0.026763916015625
0.0649566650390625 -0.100074768066406 0.0783920288085938 -0.022430419921875
-0.0247726440429688 -0.0980453491210938 0.0242214202880859 -0.0345535278320313
-0.0725936889648438 -0.0659866333007813 0.00488090515136718 -0.0126447677612305
-0.0754776000976563 -0.0690078735351562 0.0180759429931641 0.0107803344726562
-0.093170166015625 -0.05657958984375 0.0213031768798828 0.0317153930664063
-0.0655517578125 -0.0729522705078125 0.00584030151367187 0.0544586181640625
-0.01995849609375 -0.105850219726563 -0.016357421875 0.049591064453125
0.0514984130859375 -0.103691101074219 -0.0537986755371094 0.0227890014648437
0.13916015625 -0.0174942016601563 -0.0550155639648437 -0.0126075744628906
0.125137329101563 0.0628128051757813 -0.01422119140625 -0.0374412536621094
0.0879135131835938 0.139503479003906 0.0104331970214844 0.0427055358886719
0.00795745849609375 0.119499206542969 0.105094909667969 0.0847702026367188
0.03509521484375 0.119033813476563 0.0662078857421875 0.108871459960938
0.113235473632812 0.0767135620117188 0.0702590942382813 0.0900344848632813
0.106399536132813 -0.0143051147460938 0.0871353149414063 0.0504913330078125
0.0618972778320313 -0.075927734375 0.072235107421875 0.00946807861328124
-0.0157318115234375 -0.0851593017578125 0.0394859313964844 -0.00230026245117188
-0.0604438781738281 -0.0588836669921875 0.0347633361816406 0.00679397583007812
-0.0645866394042969 -0.0617294311523438 0.0465545654296875 0.0237922668457031
-0.081634521484375 -0.0536880493164062 0.0504684448242187 0.045379638671875
-0.0573768615722656 -0.0681076049804688 0.0284500122070312 0.0733795166015625
-0.0137557983398437 -0.0972213745117188 -0.00354385375976562 0.0673599243164063
0.0532608032226563 -0.0869674682617187 -0.0459518432617187 0.0395355224609375
0.122512817382813 0.00205230712890625 -0.0526962280273437 -0.00276565551757813
0.0927047729492188 0.0745468139648438 0.00455665588378907 -0.0237140655517578
0.0440826416015625 0.121826171875 0.0291290283203125 0.0822525024414063
-0.0340766906738281 0.0602531433105469 0.108062744140625 0.117546081542969
-0.00797271728515625 0.0785293579101562 0.0729141235351562 0.120048522949219
0.054931640625 0.06597900390625 0.0552978515625 0.09033203125
0.0667877197265625 0.004486083984375 0.07086181640625 0.0619354248046875
0.0446319580078125 -0.0422019958496094 0.0640945434570313 0.03033447265625
-0.00589370727539062 -0.0575408935546875 0.0508804321289063 0.0202064514160156
-0.0390625 -0.0425033569335938 0.0587730407714844 0.0215263366699219
-0.0435905456542969 -0.0456962585449219 0.0681686401367188 0.0335845947265625
-0.0579795837402344 -0.0444412231445313 0.0737686157226563 0.0567550659179688
-0.0404739379882813 -0.0552520751953125 0.04486083984375 0.0899505615234375
-0.00308227539062501 -0.0768814086914063 0.0027618408203125 0.0849761962890625
0.050445556640625 -0.06005859375 -0.0445785522460938 0.05377197265625
0.0927734375 0.0220718383789063 -0.0543746948242187 0.00431442260742187
0.0478363037109375 0.0772552490234375 0.0158834457397461 -0.00937080383300781
-0.00748443603515625 0.0878829956054688 0.0333175659179688 0.113998413085938
0.0499763488769531 -0.0290756225585937 -0.0438995361328125 -0.129020690917969
-0.00466918945312501 -0.0512161254882813 -0.0251750946044922 -0.00451087951660157
-0.0427131652832031 -0.0221214294433594 0.0624809265136719 0.00139617919921875
-0.0375328063964844 0.0217933654785156 0.0709228515625 -0.0651931762695313
-0.00973892211914063 0.0411643981933594 0.0161819458007813 -0.101692199707031
0.0224361419677734 0.0323734283447266 -0.0478897094726563 -0.106117248535156
0.0212612152099609 0.0193424224853516 -0.0907669067382813 -0.0659408569335938
0.0140457153320313 0.0200691223144531 -0.0826416015625 -0.0428009033203125
0.0129299163818359 0.0217189788818359 -0.0742874145507813 -0.0288314819335938
-0.00215530395507812 0.0200214385986328 -0.0640487670898438 -0.0345916748046875
-0.0194664001464844 0.00710678100585938 -0.0652236938476563 -0.0399627685546875
-0.0247917175292969 -0.0253829956054687 -0.0674896240234375 -0.0641899108886719
0.0137557983398437 -0.0431556701660156 -0.0464324951171875 -0.0984344482421875
0.0540847778320313 -0.0290756225585938 -0.0741195678710937 -0.118904113769531
0.0735626220703125 -0.0045166015625 -0.103103637695313 -0.138961791992188
0.0873184204101563 0.029632568359375 -0.0249176025390625 -0.135330200195312
0.0430679321289063 -0.0191421508789062 -0.0189838409423828 -0.00776290893554687
0.0149726867675781 -0.0292816162109375 0.0747528076171875 0.00576019287109375
-0.00763988494873047 -0.012812614440918 0.0856246948242188 -0.066192626953125
-0.00701236724853516 -0.00113725662231445 0.0283889770507812 -0.110061645507812
-0.000617027282714844 0.00236606597900391 -0.0461654663085938 -0.112739562988281
-0.0115900039672852 -0.00123882293701172 -0.0920562744140625 -0.068603515625
-0.0151968002319336 -0.00600910186767578 -0.0799789428710938 -0.0416259765625
-0.0177726745605469 -0.00238800048828125 -0.0739364624023438 -0.0259780883789062
-0.0145893096923828 -0.0128459930419922 -0.0647125244140625 -0.0273399353027344
-0.00702476501464844 -0.028656005859375 -0.0645408630371094 -0.0319252014160156
0.013153076171875 -0.047119140625 -0.0713348388671875 -0.0569992065429688
0.0641212463378906 -0.0258331298828125 -0.0514144897460938 -0.0846176147460938
0.0918426513671875 0.00989532470703125 -0.0764007568359375 -0.104965209960938
0.103187561035156 0.0578994750976563 -0.0928802490234375 -0.122352600097656
0.108100891113281 0.090576171875 0.00530242919921876 -0.121047973632813
0.0845260620117188 0.0287246704101563 -0.00455045700073242 0.000138282775878908
0.0796966552734375 -0.0214309692382813 0.0882949829101563 0.0192184448242188
0.0359649658203125 -0.0435256958007812 0.102554321289063 -0.05572509765625
0.00623703002929687 -0.0479774475097656 0.0467987060546875 -0.1077880859375
-0.01953125 -0.0335330963134766 -0.0344772338867188 -0.111274719238281
-0.0417594909667969 -0.0244216918945313 -0.0804214477539063 -0.0645980834960938
-0.0429000854492188 -0.0313377380371094 -0.0656013488769531 -0.0341262817382812
-0.04833984375 -0.0252609252929688 -0.0616531372070313 -0.0153160095214844
-0.0322074890136719 -0.0398445129394531 -0.05828857421875 -0.0100669860839844
-0.00696182250976563 -0.0620346069335938 -0.0607872009277344 -0.013153076171875
0.0361099243164062 -0.0743560791015625 -0.0754623413085938 -0.0401840209960938
0.106781005859375 -0.0238418579101563 -0.0584564208984375 -0.0663795471191406
0.12384033203125 0.0327377319335937 -0.0720672607421875 -0.0854873657226563
0.124359130859375 0.104408264160156 -0.0745086669921875 -0.08843994140625
0.106254577636719 0.140449523925781 0.0387420654296875 -0.0828170776367187
0.107246398925781 0.0814743041992187 0.0163478851318359 0.0216350555419922
0.137641906738281 0.00267791748046875 0.0972900390625 0.0392532348632812
0.0832138061523438 -0.0605239868164062 0.115936279296875 -0.0334091186523438
0.0287246704101562 -0.0859603881835937 0.065582275390625 -0.090301513671875
-0.0294647216796875 -0.0684471130371094 -0.0155487060546875 -0.09619140625
-0.06390380859375 -0.0467376708984375 -0.0579605102539062 -0.0530853271484375
-0.0647468566894531 -0.0534400939941406 -0.0416488647460938 -0.021087646484375
-0.0743789672851563 -0.0421981811523437 -0.0389671325683594 -0.00037002563476562
-0.0503349304199219 -0.059234619140625 -0.0416526794433594 0.0122146606445313
-0.013519287109375 -0.0882415771484375 -0.0502700805664063 0.00874710083007813
0.045928955078125 -0.0968856811523438 -0.0736618041992188 -0.0179061889648438
0.1339111328125 -0.0287094116210938 -0.061309814453125 -0.0466804504394531
0.14300537109375 0.0441436767578125 -0.0580101013183594 -0.0675010681152344
0.131050109863281 0.13275146484375 -0.0486183166503906 -0.0464744567871094
0.0836029052734375 0.165664672851563 0.0690727233886719 -0.0270614624023437
0.103973388671875 0.123115539550781 0.0372581481933594 0.0526237487792969
0.167373657226563 0.0370330810546875 0.0967864990234375 0.0627593994140625
0.1190185546875 -0.0572662353515625 0.117843627929688 -0.00205230712890625
0.052978515625 -0.105064392089844 0.077728271484375 -0.0581207275390625
-0.030029296875 -0.0917282104492188 0.00637054443359375 -0.0680999755859375
-0.0741729736328125 -0.0616378784179687 -0.0275020599365234 -0.0346546173095703
-0.0764694213867188 -0.0664825439453125 -0.0123691558837891 -0.00507068634033204
-0.0899200439453125 -0.0530624389648438 -0.00927925109863282 0.0164718627929688
-0.0624885559082031 -0.0697021484375 -0.0188789367675781 0.0351753234863281
-0.0200424194335937 -0.103462219238281 -0.0345649719238281 0.0305233001708984
0.0493392944335937 -0.107635498046875 -0.06622314453125 0.00342941284179686
0.143707275390625 -0.029022216796875 -0.0598907470703125 -0.0291824340820312
0.1441650390625 0.0521697998046875 -0.0370025634765625 -0.0514373779296875
0.118942260742188 0.14385986328125 -0.0182209014892578 -0.00123596191406249
0.048065185546875 0.157791137695312 0.0906753540039062 0.0353164672851563
0.0753555297851563 0.137260437011719 0.052703857421875 0.0851821899414063
0.155715942382813 0.066925048828125 0.084503173828125 0.0818099975585938
0.127204895019531 -0.0372695922851563 0.105979919433594 0.02886962890625
0.06561279296875 -0.09942626953125 0.0795364379882813 -0.0217056274414063
-0.0240859985351562 -0.0982589721679688 0.0253219604492188 -0.0334968566894531
-0.0718841552734375 -0.0662078857421875 0.00528526306152343 -0.0130500793457031
-0.0760421752929688 -0.07012939453125 0.0183506011962891 0.0106239318847656
-0.0920791625976563 -0.0563507080078125 0.0214138031005859 0.031890869140625
-0.0653915405273438 -0.0723495483398438 0.00578689575195312 0.0551681518554687
-0.0201797485351562 -0.105743408203125 -0.0179443359375 0.0498695373535156
0.051544189453125 -0.1031494140625 -0.055389404296875 0.0222091674804688
0.139862060546875 -0.0170822143554688 -0.0552558898925781 -0.0150527954101563
0.125373840332031 0.0642776489257812 -0.0145835876464844 -0.0380859375
0.0874176025390625 0.141143798828125 0.00944900512695313 0.0421905517578125
0.00601959228515626 0.119674682617187 0.102775573730469 0.086517333984375
0.03369140625 0.120277404785156 0.0638656616210937 0.110481262207031
0.113090515136719 0.0779571533203125 0.068206787109375 0.09197998046875
0.106964111328125 -0.0128860473632813 0.087066650390625 0.0523910522460938
0.0627212524414063 -0.07635498046875 0.0728530883789063 0.0111541748046875
-0.0155181884765625 -0.0852508544921875 0.0406303405761719 -0.00073623657226563
-0.0594444274902344 -0.058837890625 0.0356292724609375 0.00703048706054687
-0.0652351379394531 -0.0625495910644532 0.0466880798339844 0.0236434936523437
-0.081695556640625 -0.0534820556640625 0.0504837036132812 0.0453605651855469
-0.0565872192382812 -0.0678024291992188 0.0283355712890625 0.0742416381835938
-0.0132522583007813 -0.0970230102539063 -0.00513839721679688 0.0673675537109375
0.0534286499023437 -0.0865020751953125 -0.0478019714355469 0.0393180847167969
0.123779296875 0.00188446044921875 -0.0533409118652344 -0.00395202636718749
0.092437744140625 0.0759658813476563 0.00433921813964844 -0.0245552062988281
0.0434036254882813 0.122329711914062 0.0279083251953125 0.0813446044921875
-0.0345230102539062 0.0605239868164063 0.105354309082031 0.118812561035156
-0.00862121582031251 0.0790328979492188 0.0696182250976563 0.121353149414063
0.05487060546875 0.0663070678710938 0.053131103515625 0.09161376953125
0.0658950805664062 0.00556564331054687 0.0710372924804687 0.0640945434570312
0.0453758239746094 -0.0421943664550781 0.0639533996582031 0.0312767028808594
-0.00675964355468749 -0.0580253601074219 0.0505523681640625 0.0214576721191406
-0.0389137268066406 -0.0426101684570313 0.0594329833984375 0.0215950012207031
-0.0440216064453125 -0.0462417602539062 0.0684890747070313 0.0337677001953125
-0.0582389831542969 -0.0439987182617188 0.07379150390625 0.0572280883789063
-0.0401420593261719 -0.0553092956542969 0.0447845458984375 0.0908660888671875
-0.00358581542968749 -0.0761337280273438 0.000419616699218754 0.0846481323242188
0.0502586364746094 -0.0598602294921875 -0.0462608337402344 0.053863525390625
0.0928802490234375 0.0216522216796875 -0.0541954040527344 0.00255966186523438
0.0482635498046875 0.077545166015625 0.0144119262695313 -0.0101528167724609
-0.00749206542968749 0.0880355834960937 0.0313262939453125 0.113960266113281
0.0510902404785156 -0.0295562744140625 -0.0450668334960938 -0.132347106933594
-0.00524520874023438 -0.0528678894042969 -0.0258903503417969 -0.00351333618164063
-0.0440101623535156 -0.0228652954101562 0.0638389587402344 0.00228118896484375
-0.0383224487304688 0.0225028991699219 0.0738677978515625 -0.0672149658203125
-0.00909423828125 0.0424880981445313 0.017425537109375 -0.104904174804687
0.0229778289794922 0.0327110290527344 -0.0496978759765625 -0.109939575195312
0.0215816497802734 0.0188274383544922 -0.0936508178710938 -0.0683517456054687
0.0142459869384766 0.0206794738769531 -0.086151123046875 -0.0436935424804687
0.0129451751708984 0.0219631195068359 -0.07733154296875 -0.0288238525390625
-0.00175285339355469 0.0203285217285156 -0.0666046142578125 -0.0365104675292969
-0.0198631286621094 0.00675392150878906 -0.0679931640625 -0.0417060852050781
-0.0253829956054687 -0.0249252319335938 -0.0698394775390625 -0.0666084289550781
0.0141258239746094 -0.0434989929199219 -0.0466842651367188 -0.10205078125
0.056549072265625 -0.0296516418457031 -0.07440185546875 -0.122474670410156
0.0755233764648438 -0.0048065185546875 -0.103836059570313 -0.142852783203125
0.0891571044921875 0.0315093994140625 -0.0252609252929687 -0.137771606445312
0.0446624755859375 -0.0188407897949219 -0.020477294921875 -0.00624847412109375
0.0146198272705078 -0.029815673828125 0.0761184692382813 0.00720977783203125
-0.00739765167236328 -0.0118341445922852 0.0898513793945313 -0.0669784545898438
-0.00566577911376953 -0.00125885009765625 0.0306167602539063 -0.113197326660156
3.659725189209E-05 0.00143444538116455 -0.046905517578125 -0.116767883300781
-0.0119428634643555 -0.00172615051269531 -0.0957412719726563 -0.070281982421875
-0.0163993835449219 -0.00634479522705078 -0.08343505859375 -0.0430679321289063
-0.0179443359375 -0.00376319885253906 -0.0757980346679688 -0.026275634765625
-0.0145320892333984 -0.0131587982177734 -0.0673980712890625 -0.0284423828125
-0.00746726989746094 -0.0292739868164063 -0.067230224609375 -0.0334053039550781
0.0130653381347656 -0.0484428405761719 -0.0741119384765625 -0.0583953857421875
0.0668373107910156 -0.0258293151855469 -0.0519561767578125 -0.088287353515625
0.0941238403320313 0.0112228393554688 -0.0767059326171875 -0.107627868652344
0.105735778808594 0.059844970703125 -0.094329833984375 -0.126419067382813
0.109489440917969 0.0936126708984375 0.0042724609375 -0.122871398925781
0.0866317749023438 0.0302581787109375 -0.00469541549682617 0.00179862976074219
0.0826187133789063 -0.02197265625 0.0902099609375 0.0206832885742188
0.0369644165039063 -0.0435333251953125 0.106559753417969 -0.0568084716796875
0.00699996948242187 -0.0486030578613281 0.0492935180664062 -0.1107177734375
-0.0197010040283203 -0.0350437164306641 -0.0352554321289063 -0.114601135253906
-0.0426216125488281 -0.0249481201171875 -0.0834884643554688 -0.0662155151367187
-0.0456047058105469 -0.0332450866699219 -0.0682182312011719 -0.0348930358886719
-0.0491600036621094 -0.0259590148925781 -0.0637588500976563 -0.0150260925292969
-0.0322456359863281 -0.0411949157714844 -0.0603294372558594 -0.0104904174804688
-0.00557708740234375 -0.0636863708496094 -0.0638580322265625 -0.0140838623046875
0.0374908447265625 -0.0753936767578125 -0.079498291015625 -0.0415115356445312
0.110260009765625 -0.0239715576171875 -0.0597190856933594 -0.0701637268066406
0.127067565917969 0.0348587036132813 -0.0736923217773437 -0.0882568359375
0.127761840820312 0.107200622558594 -0.0769271850585937 -0.0920867919921875
0.107818603515625 0.144775390625 0.038665771484375 -0.0839309692382812
0.110763549804688 0.0852432250976563 0.0158748626708984 0.0239772796630859
0.141494750976563 0.0022430419921875 0.0982742309570313 0.0414581298828125
0.0858154296875 -0.0617828369140625 0.120620727539063 -0.0341796875
0.0299758911132813 -0.0889892578125 0.0691757202148438 -0.0924530029296875
-0.0307083129882813 -0.0712814331054687 -0.0145492553710937 -0.098846435546875
-0.0656852722167969 -0.0477676391601562 -0.0598831176757813 -0.0545120239257812
-0.0680427551269531 -0.0554656982421875 -0.0438766479492188 -0.0219154357910156
-0.0758819580078125 -0.0434417724609375 -0.0400962829589844 8.7738037109371E-05
-0.0505905151367187 -0.0603294372558594 -0.0436973571777344 0.0126190185546875
-0.0138168334960937 -0.0903167724609375 -0.0537796020507813 0.00823974609374999
0.0469741821289062 -0.099456787109375 -0.0776290893554688 -0.018707275390625
0.137954711914063 -0.0299758911132813 -0.0639152526855469 -0.0494346618652344
0.147811889648438 0.04656982421875 -0.0605430603027344 -0.069976806640625
0.134872436523438 0.137298583984375 -0.0501022338867187 -0.0477142333984375
0.08502197265625 0.17083740234375 0.0691680908203125 -0.0259780883789062
0.106727600097656 0.127532958984375 0.0373420715332031 0.0558280944824219
0.172409057617188 0.0371856689453125 0.0968475341796875 0.065582275390625
0.122116088867188 -0.0589828491210938 0.121253967285156 -0.000602722167968754
0.053497314453125 -0.107757568359375 0.0811233520507812 -0.0592803955078125
-0.0299606323242188 -0.0950088500976562 0.00735092163085937 -0.0697135925292969
-0.07598876953125 -0.06365966796875 -0.0281696319580078 -0.0348777770996094
-0.0801620483398438 -0.068634033203125 -0.0129127502441406 -0.00567054748535157
-0.0922164916992188 -0.0533981323242187 -0.0104312896728516 0.0168991088867187
-0.0636672973632813 -0.071319580078125 -0.0200309753417969 0.0363960266113281
-0.0202102661132812 -0.105819702148438 -0.0374908447265625 0.031463623046875
0.0507583618164062 -0.11053466796875 -0.0695037841796875 0.00434494018554686
0.1480712890625 -0.0301055908203125 -0.0615348815917969 -0.031341552734375
0.148574829101563 0.0551910400390625 -0.0387382507324219 -0.0536384582519531
0.123550415039063 0.148422241210938 -0.0186672210693359 -0.0023059844970703
0.048553466796875 0.16229248046875 0.0910873413085938 0.036712646484375
0.0772247314453125 0.141754150390625 0.052734375 0.089080810546875
0.161117553710937 0.068267822265625 0.0853729248046875 0.0849609375
0.131431579589844 -0.037994384765625 0.109428405761719 0.0311508178710937
0.0677566528320313 -0.102584838867188 0.0820388793945313 -0.0213394165039063
-0.0240554809570313 -0.101325988769531 0.0272083282470703 -0.0341243743896484
-0.0743637084960937 -0.0672454833984375 0.00525379180908203 -0.0132427215576172
-0.0791015625 -0.0718536376953125 0.0186729431152344 0.0102500915527344
-0.0944747924804687 -0.057525634765625 0.0225162506103516 0.0329952239990234
-0.06634521484375 -0.0742034912109375 0.00577163696289061 0.0566864013671875
-0.0205535888671875 -0.108070373535156 -0.0202560424804688 0.0510520935058594
0.0530319213867187 -0.106674194335938 -0.0591812133789063 0.0234260559082031
0.1439208984375 -0.0185394287109375 -0.0574989318847656 -0.0167198181152344
0.129173278808594 0.0666580200195313 -0.0147361755371094 -0.0402679443359375
0.09130859375 0.145263671875 0.00915145874023438 0.0424308776855469
0.00602722167968751 0.122520446777344 0.103744506835938 0.0898361206054688
0.0350570678710938 0.124557495117188 0.0636825561523438 0.114303588867188
0.116470336914063 0.0790252685546875 0.0679244995117188 0.0951614379882812
0.109298706054688 -0.0132293701171875 0.0891952514648438 0.0546646118164063
0.0639724731445313 -0.0786514282226563 0.0748825073242188 0.01190185546875
-0.0161972045898438 -0.0879135131835937 0.0423965454101563 -0.000274658203125005
-0.061737060546875 -0.0604248046875 0.0367317199707031 0.00770950317382812
-0.0679359436035156 -0.0643463134765625 0.0483932495117187 0.0235977172851562
-0.08367919921875 -0.0544891357421875 0.0520744323730469 0.0462646484375
-0.0585060119628906 -0.0691986083984375 0.02923583984375 0.0765914916992188
-0.0145111083984375 -0.0985031127929688 -0.00692367553710938 0.0692405700683594
0.054656982421875 -0.0890655517578125 -0.0503349304199219 0.0398788452148437
0.127479553222656 0.00128173828125 -0.0545997619628906 -0.00545501708984375
0.09527587890625 0.07806396484375 0.00394248962402344 -0.0260906219482422
0.045166015625 0.125595092773438 0.0280227661132813 0.0832672119140625
-0.036407470703125 0.0618209838867188 0.106590270996094 0.1229248046875
-0.009063720703125 0.0809173583984375 0.0700454711914063 0.126136779785156
0.0567398071289063 0.06707763671875 0.0531539916992188 0.0958099365234375
0.0674552917480469 0.00630950927734375 0.07257080078125 0.0666961669921875
0.0468330383300781 -0.0441055297851563 0.0665550231933594 0.0327186584472656
-0.00711441040039063 -0.0595245361328125 0.0532875061035156 0.0226936340332031
-0.0399589538574219 -0.0430335998535156 0.0610275268554687 0.0215950012207031
-0.0461196899414063 -0.0471572875976562 0.070709228515625 0.0333328247070313
-0.0607719421386719 -0.044921875 0.0764389038085938 0.058013916015625
-0.0410652160644531 -0.0561447143554687 0.0461273193359375 0.0927734375
-0.0040740966796875 -0.0779800415039063 -0.000366210937500009 0.0869064331054688
0.0506401062011719 -0.0623664855957031 -0.0494537353515625 0.0542869567871094
0.0961685180664062 0.0215835571289062 -0.0568923950195312 0.00167846679687501
0.049957275390625 0.079193115234375 0.0143604278564453 -0.011845588684082
-0.00727081298828126 0.08953857421875 0.0316009521484375 0.116691589355469
0.0519599914550781 -0.0310249328613281 -0.0496444702148438 -0.135032653808594
-0.00658416748046875 -0.0550994873046875 -0.0270786285400391 -0.00189971923828125
-0.0466575622558594 -0.0230484008789063 0.0665664672851563 0.001922607421875
-0.0390968322753906 0.025482177734375 0.07574462890625 -0.0707244873046875
-0.00725555419921875 0.0439109802246094 0.0178756713867188 -0.109413146972656
0.0246429443359375 0.0316085815429688 -0.0542831420898438 -0.114219665527344
0.0227088928222656 0.018280029296875 -0.0996475219726562 -0.06854248046875
0.0150089263916016 0.0206050872802734 -0.0913009643554688 -0.042388916015625
0.0137691497802734 0.0223712921142578 -0.0814132690429688 -0.0275802612304687
-0.00114822387695312 0.0197067260742188 -0.07025146484375 -0.0367279052734375
-0.0199089050292969 0.00720787048339844 -0.0720901489257813 -0.042877197265625
-0.0269927978515625 -0.0254173278808594 -0.07379150390625 -0.0669479370117188
0.0139541625976562 -0.0446968078613281 -0.04925537109375 -0.105636596679688
0.0578651428222656 -0.0319061279296875 -0.07757568359375 -0.125709533691406
0.0777816772460938 -0.0070343017578125 -0.109512329101562 -0.146270751953125
0.092376708984375 0.031280517578125 -0.0294036865234375 -0.140975952148438
0.0450286865234375 -0.0204238891601562 -0.0212879180908203 -0.00515747070312501
0.0141105651855469 -0.0313720703125 0.07867431640625 0.0067901611328125
-0.00760555267333984 -0.0116300582885742 0.0915985107421875 -0.0714187622070313
-0.00554800033569336 -0.00133466720581055 0.0307083129882813 -0.1192626953125
0.000560581684112549 0.000885844230651855 -0.051910400390625 -0.12115478515625
-0.0126562118530273 -0.00209712982177734 -0.100349426269531 -0.0702667236328125
-0.0176734924316406 -0.00682258605957032 -0.0881500244140625 -0.042022705078125
-0.0187854766845703 -0.00419044494628906 -0.0804443359375 -0.0250930786132813
-0.014002799987793 -0.0141878128051758 -0.0713424682617188 -0.0285491943359375
-0.00721549987792969 -0.0309047698974609 -0.071136474609375 -0.0337982177734375
0.0127105712890625 -0.0501670837402344 -0.078948974609375 -0.05926513671875
0.0684700012207031 -0.0271492004394531 -0.0555038452148437 -0.0915298461914063
0.097869873046875 0.00980377197265625 -0.0803298950195313 -0.110359191894531
0.110427856445313 0.06005859375 -0.100120544433594 -0.128135681152344
0.115036010742188 0.0957183837890625 0.0010986328125 -0.125
0.0904998779296875 0.0298995971679688 -0.00654506683349609 0.00395727157592773
0.0846481323242188 -0.0250930786132813 0.0923995971679688 0.0204391479492188
0.0377006530761719 -0.0454292297363281 0.110343933105469 -0.0606155395507813
0.00711059570312501 -0.0506362915039063 0.0503311157226562 -0.1163330078125
-0.0207290649414062 -0.0363388061523437 -0.0381546020507813 -0.118904113769531
-0.0456314086914062 -0.025726318359375 -0.0883102416992188 -0.0663070678710938
-0.0485725402832031 -0.0332298278808594 -0.0727996826171875 -0.0346450805664063
-0.0518531799316406 -0.0267181396484375 -0.0672492980957031 -0.0140380859375
-0.0332412719726563 -0.0428428649902344 -0.0634384155273438 -0.00946426391601563
-0.00669097900390624 -0.0660209655761719 -0.0675468444824219 -0.0138397216796875
0.0373153686523437 -0.07861328125 -0.0849838256835938 -0.0409011840820313
0.114028930664063 -0.0266494750976563 -0.0634689331054687 -0.072418212890625
0.133049011230469 0.0342559814453125 -0.077301025390625 -0.0904922485351563
0.135154724121094 0.109100341796875 -0.0806655883789062 -0.0937728881835937
0.113739013671875 0.149017333984375 0.0374221801757813 -0.0857086181640625
0.116645812988281 0.0866546630859375 0.0153789520263672 0.0263137817382813
0.147476196289063 -0.0005035400390625 0.101776123046875 0.0414199829101563
0.0878067016601563 -0.0653610229492188 0.124725341796875 -0.0371170043945313
0.0296401977539062 -0.09295654296875 0.070770263671875 -0.0975723266601563
-0.0319061279296875 -0.0731277465820313 -0.0176010131835938 -0.10260009765625
-0.0687103271484375 -0.0482521057128906 -0.0631866455078125 -0.0542030334472656
-0.0726318359375 -0.0555801391601562 -0.0466537475585938 -0.0220108032226563
-0.0797805786132813 -0.0435409545898438 -0.0430374145507813 0.00150680541992187
-0.0536270141601563 -0.0617599487304687 -0.045806884765625 0.0139923095703125
-0.0155105590820313 -0.0936508178710938 -0.0567474365234375 0.01025390625
0.0475997924804687 -0.103935241699219 -0.0831985473632813 -0.0175018310546875
0.14385986328125 -0.034149169921875 -0.0673980712890625 -0.0511741638183594
0.153594970703125 0.0452423095703125 -0.06378173828125 -0.0715179443359375
0.143707275390625 0.139083862304688 -0.052886962890625 -0.0490684509277344
0.0905914306640625 0.175674438476563 0.0700645446777344 -0.0270652770996094
0.113273620605469 0.130393981933594 0.0372505187988281 0.0583534240722656
0.179412841796875 0.0355377197265625 0.100776672363281 0.0672836303710938
0.125778198242188 -0.06280517578125 0.126312255859375 -0.00276947021484375
0.0540390014648438 -0.113189697265625 0.0843658447265625 -0.0630722045898438
-0.0329055786132813 -0.0981369018554688 0.0072784423828125 -0.07244873046875
-0.0796279907226563 -0.0639877319335938 -0.0303153991699219 -0.0349407196044922
-0.085357666015625 -0.0694732666015625 -0.0146055221557617 -0.00595283508300782
-0.097076416015625 -0.0533447265625 -0.0109615325927734 0.01800537109375
-0.0670318603515625 -0.07354736328125 -0.0202522277832031 0.0381355285644531
-0.0233917236328125 -0.108551025390625 -0.0394554138183594 0.032989501953125
0.0495147705078125 -0.115242004394531 -0.074462890625 0.00580596923828124
0.154083251953125 -0.035247802734375 -0.0650672912597656 -0.0323600769042969
0.154647827148438 0.0547332763671875 -0.0413551330566406 -0.0560302734375
0.131240844726563 0.150985717773438 -0.0193729400634766 -0.00163078308105468
0.0518798828125 0.168563842773438 0.093597412109375 0.0375747680664063
0.083282470703125 0.146133422851563 0.0548019409179688 0.0928497314453125
0.168045043945313 0.0672607421875 0.0887298583984375 0.0873870849609375
0.13507080078125 -0.041595458984375 0.113616943359375 0.0318222045898437
0.0674514770507813 -0.108551025390625 0.0854339599609375 -0.0232467651367188
-0.0271835327148438 -0.104400634765625 0.0288238525390625 -0.0353050231933594
-0.0782470703125 -0.068603515625 0.00514793395996093 -0.0131616592407227
-0.08526611328125 -0.073211669921875 0.0201950073242187 0.00946235656738281
-0.099700927734375 -0.0566253662109375 0.0233421325683594 0.0327091217041016
-0.0702896118164063 -0.074859619140625 0.00718688964843749 0.0601119995117187
-0.0226898193359375 -0.11016845703125 -0.0214118957519531 0.0535697937011719
0.05206298828125 -0.111518859863281 -0.0630836486816406 0.0249710083007813
0.1497802734375 -0.022918701171875 -0.0598831176757812 -0.0177040100097656
0.135604858398438 0.06695556640625 -0.0177154541015625 -0.0427818298339844
0.0977630615234375 0.147720336914063 0.0108985900878906 0.0431785583496094
0.00734710693359376 0.127571105957031 0.106964111328125 0.0924530029296875
0.0387725830078125 0.128463745117187 0.0653457641601562 0.118751525878906
0.123062133789063 0.079315185546875 0.0707855224609375 0.0989303588867188
0.113540649414062 -0.015625 0.09381103515625 0.0563888549804687
0.0647048950195313 -0.0832290649414063 0.0788650512695313 0.0111541748046875
-0.0183563232421875 -0.0909271240234375 0.0456390380859375 -0.00053787231445313
-0.0653305053710938 -0.0611572265625 0.0388298034667969 0.007171630859375
-0.0729522705078125 -0.0655670166015625 0.0509986877441406 0.0225410461425781
-0.0887680053710938 -0.0538711547851563 0.055694580078125 0.0465278625488281
-0.0613975524902344 -0.0696792602539063 0.032440185546875 0.0787124633789063
-0.0167617797851563 -0.101249694824219 -0.0072784423828125 0.072509765625
0.0537490844726562 -0.0933380126953125 -0.0538253784179688 0.0428848266601562
0.132102966308594 -0.00286865234375 -0.0571060180664062 -0.00551986694335938
0.101211547851562 0.078643798828125 0.00219154357910157 -0.0285930633544922
0.0497283935546875 0.129066467285156 0.0302963256835938 0.0849380493164063
-0.0366897583007812 0.0644607543945313 0.111564636230469 0.125679016113281
-0.00785827636718751 0.084808349609375 0.0731887817382813 0.130119323730469
0.060546875 0.0681571960449219 0.0557098388671875 0.0996932983398438
0.0709075927734375 0.0049285888671875 0.0759735107421875 0.0693206787109375
0.0464973449707031 -0.0474090576171875 0.0700492858886719 0.0334548950195312
-0.00848388671875001 -0.0617561340332031 0.0569572448730469 0.0232887268066406
-0.0429191589355469 -0.0431442260742188 0.06475830078125 0.02117919921875
-0.050262451171875 -0.0477828979492188 0.0746383666992188 0.03228759765625
-0.0640182495117188 -0.0436019897460937 0.0813674926757812 0.0578842163085938
-0.0438041687011719 -0.0572090148925781 0.0507736206054688 0.0961074829101563
-0.0059051513671875 -0.0803298950195313 -0.000572204589843753 0.090667724609375
0.0506782531738281 -0.0650711059570312 -0.0515098571777344 0.0573005676269531
0.100578308105469 0.0189971923828125 -0.0591468811035156 0.00171279907226562
0.0540924072265625 0.08111572265625 0.0139551162719727 -0.0141534805297852
-0.00629425048828124 0.0930938720703125 0.034271240234375 0.118919372558594
0.051727294921875 -0.0329017639160156 -0.0550689697265625 -0.135581970214844
-0.00934219360351563 -0.0556144714355469 -0.0277290344238281 -3.62396240234449E-05
-0.0489387512207031 -0.0212669372558594 0.0690460205078125 0.000816345214843749
-0.0376968383789063 0.02783203125 0.0759048461914063 -0.0751571655273438
-0.00482940673828125 0.0452957153320313 0.0149765014648437 -0.114593505859375
0.0267887115478516 0.0307865142822266 -0.0602035522460938 -0.115509033203125
0.0233554840087891 0.0171794891357422 -0.105522155761719 -0.0657196044921875
0.0160961151123047 0.0199966430664063 -0.09649658203125 -0.0388107299804687
0.0152549743652344 0.0216484069824219 -0.085052490234375 -0.02386474609375
-0.000265121459960936 0.0193881988525391 -0.0746688842773438 -0.0353317260742187
-0.0192756652832031 0.00742721557617188 -0.0764999389648437 -0.04144287109375
-0.0288772583007812 -0.0244331359863281 -0.0782394409179687 -0.0668106079101563
0.0127754211425781 -0.0458641052246094 -0.053558349609375 -0.107048034667969
0.0580062866210938 -0.0349998474121094 -0.083038330078125 -0.126411437988281
0.0786361694335938 -0.0104827880859375 -0.117416381835938 -0.1453857421875
0.0953750610351563 0.02978515625 -0.0359039306640625 -0.141891479492188
0.0458106994628906 -0.0224189758300781 -0.0223426818847656 -0.00241470336914063
0.0135040283203125 -0.0321903228759766 0.08056640625 0.00507354736328125
-0.00776386260986328 -0.0112161636352539 0.091888427734375 -0.0759811401367188
-0.00497865676879883 -0.00110960006713867 0.02813720703125 -0.123573303222656
0.000458776950836182 -0.000316888093948364 -0.0578536987304688 -0.123321533203125
-0.0133275985717773 -0.00226497650146484 -0.106163024902344 -0.0676193237304687
-0.0188083648681641 -0.00665092468261719 -0.093292236328125 -0.0392379760742188
-0.0192127227783203 -0.00366592407226562 -0.0843505859375 -0.0217819213867188
-0.014958381652832 -0.0144548416137695 -0.0748443603515625 -0.0262908935546875
-0.00766372680664063 -0.0322761535644531 -0.075927734375 -0.03192138671875
0.0113334655761719 -0.0513153076171875 -0.083526611328125 -0.0575103759765625
0.0697441101074219 -0.0305404663085938 -0.0594253540039062 -0.09259033203125
0.0999374389648438 0.00727081298828125 -0.0862045288085937 -0.110092163085938
0.115264892578125 0.0563125610351563 -0.106254577636719 -0.127761840820313
0.121131896972656 0.0942230224609375 -0.00380706787109375 -0.127151489257813
0.09442138671875 0.027801513671875 -0.00675582885742187 0.00625848770141602
0.0856094360351563 -0.0294342041015625 0.0951614379882813 0.0184173583984375
0.0368766784667969 -0.04742431640625 0.111862182617187 -0.0655899047851563
0.00518417358398437 -0.0523033142089844 0.0481796264648438 -0.122001647949219
-0.0221748352050781 -0.0375709533691406 -0.0437393188476563 -0.121261596679688
-0.0475616455078125 -0.0246505737304688 -0.0936203002929688 -0.06390380859375
-0.05206298828125 -0.0326118469238281 -0.076812744140625 -0.0320510864257813
-0.0543556213378906 -0.0252418518066406 -0.0706558227539063 -0.0109481811523437
-0.0356101989746094 -0.0429000854492187 -0.0661773681640625 -0.00720596313476562
-0.00902938842773437 -0.0672378540039063 -0.0709075927734375 -0.0114669799804688
0.035064697265625 -0.0821151733398438 -0.0902099609375 -0.0382003784179688
0.116943359375 -0.0322647094726563 -0.0677337646484375 -0.0734024047851562
0.136848449707031 0.029754638671875 -0.08233642578125 -0.0902099609375
0.143096923828125 0.106246948242188 -0.0862884521484375 -0.0929794311523437
0.122039794921875 0.149063110351563 0.0336532592773438 -0.0871429443359375
0.123603820800781 0.0842742919921875 0.0156841278076172 0.0281581878662109
0.150421142578125 -0.0078125 0.105072021484375 0.0398330688476563
0.0874176025390625 -0.0701370239257812 0.127304077148438 -0.0421905517578125
0.0258331298828125 -0.0960693359375 0.0699844360351563 -0.102943420410156
-0.03558349609375 -0.074188232421875 -0.021270751953125 -0.104461669921875
-0.0724029541015625 -0.0470123291015625 -0.0670661926269531 -0.0524864196777344
-0.0782394409179687 -0.05426025390625 -0.0491676330566406 -0.0202102661132813
-0.08404541015625 -0.04144287109375 -0.0446319580078125 0.00329971313476563
-0.0567245483398437 -0.0616950988769531 -0.0471611022949219 0.0165557861328125
-0.0190353393554688 -0.094757080078125 -0.0588760375976562 0.0124664306640625
0.0439834594726563 -0.1080322265625 -0.0883407592773438 -0.0140533447265625
0.146438598632813 -0.0411224365234375 -0.071258544921875 -0.052032470703125
0.1595458984375 0.0407867431640625 -0.067901611328125 -0.0716781616210937
0.1531982421875 0.137252807617188 -0.0559654235839844 -0.0481605529785156
0.099456787109375 0.1771240234375 0.0687332153320313 -0.0285148620605469
0.121498107910156 0.130050659179688 0.038726806640625 0.0604057312011719
0.184890747070313 0.0280609130859375 0.104759216308594 0.0657958984375
0.126716613769531 -0.0684127807617188 0.129600524902344 -0.00713348388671875
0.0500259399414062 -0.119247436523438 0.085052490234375 -0.0678634643554688
-0.0374908447265625 -0.09930419921875 0.00540161132812499 -0.0750885009765625
-0.0842208862304688 -0.06231689453125 -0.0320930480957031 -0.0342807769775391
-0.0922622680664063 -0.0684127807617187 -0.0148735046386719 -0.00613975524902344
-0.102439880371094 -0.05072021484375 -0.0106220245361328 0.0181694030761719
-0.0711441040039063 -0.0717010498046875 -0.0192146301269531 0.0394439697265625
-0.0279693603515625 -0.11004638671875 -0.0409469604492188 0.0358734130859375
0.0458602905273437 -0.119979858398437 -0.0783462524414063 0.00919342041015625
0.15692138671875 -0.04327392578125 -0.0685768127441406 -0.0324134826660156
0.1611328125 0.049713134765625 -0.0452651977539062 -0.0565452575683594
0.141204833984375 0.149337768554688 -0.0201263427734375 -0.00107383728027343
0.0589599609375 0.170684814453125 0.0958709716796875 0.0367889404296875
0.0912017822265625 0.147613525390625 0.0584487915039063 0.0943527221679688
0.175521850585937 0.061187744140625 0.0923080444335938 0.0875320434570313
0.136833190917969 -0.0473480224609375 0.117950439453125 0.0277938842773437
0.0649032592773437 -0.114181518554688 0.0874176025390625 -0.026824951171875
-0.0315170288085937 -0.106651306152344 0.02899169921875 -0.0373916625976563
-0.0824661254882813 -0.0663375854492188 0.00594425201416015 -0.0129060745239258
-0.0917129516601563 -0.0717849731445313 0.0206203460693359 0.00819587707519531
-0.105628967285156 -0.0547256469726562 0.0252895355224609 0.0323619842529297
-0.0740432739257813 -0.0743255615234375 0.0102920532226562 0.0610237121582031
-0.0284881591796875 -0.112396240234375 -0.0212554931640625 0.0558280944824219
0.0483169555664062 -0.115768432617188 -0.0656509399414063 0.0290718078613281
0.153076171875 -0.0312042236328125 -0.0634346008300781 -0.0175743103027344
0.14190673828125 0.062957763671875 -0.0203056335449219 -0.0438766479492188
0.10687255859375 0.147018432617188 0.0125236511230469 0.0437583923339844
0.0121078491210938 0.131195068359375 0.111984252929687 0.0915679931640625
0.0443649291992188 0.130287170410156 0.0699081420898437 0.120353698730469
0.129920959472656 0.0753936767578125 0.0742340087890625 0.0994644165039063
0.115707397460938 -0.0203704833984375 0.0983963012695313 0.0545196533203125
0.062286376953125 -0.0882568359375 0.0819473266601563 0.00905609130859375
-0.0223007202148438 -0.0922470092773438 0.0473556518554688 -0.00202178955078126
-0.0688858032226563 -0.0593757629394531 0.0406265258789062 0.005889892578125
-0.078582763671875 -0.0634384155273437 0.0528678894042969 0.019866943359375
-0.0939178466796875 -0.050628662109375 0.0589942932128906 0.0441131591796875
-0.06561279296875 -0.0692787170410156 0.0369796752929687 0.0796279907226563
-0.0215606689453125 -0.102958679199219 -0.00597381591796876 0.0750503540039062
0.050567626953125 -0.0981216430664063 -0.0558662414550781 0.0457725524902344
0.135673522949219 -0.00931549072265625 -0.0597152709960937 -0.00462722778320314
0.106941223144531 0.0762100219726563 0.000692367553710946 -0.0306015014648438
0.0565872192382813 0.129440307617187 0.0337600708007813 0.0852203369140625
-0.0361289978027344 0.0681915283203125 0.116371154785156 0.126075744628906
-0.00534820556640624 0.0863418579101563 0.0776824951171875 0.131393432617188
0.0655632019042969 0.0666847229003906 0.0595779418945313 0.101402282714844
0.0727386474609375 0.00321197509765625 0.0809173583984375 0.0685882568359375
0.0453071594238281 -0.05047607421875 0.0735321044921875 0.0326080322265625
-0.0117874145507813 -0.0631790161132813 0.0606002807617187 0.0221405029296875
-0.04559326171875 -0.0419502258300781 0.0678901672363281 0.0190544128417969
-0.0543098449707031 -0.0462608337402344 0.0771865844726563 0.0283050537109375
-0.0683059692382813 -0.0413703918457031 0.08551025390625 0.0550689697265625
-0.0472221374511719 -0.0564804077148438 0.0566482543945313 0.0961151123046875
-0.00975036621093751 -0.0809860229492188 0.00205230712890625 0.0934066772460938
0.0492095947265625 -0.0683135986328125 -0.0517616271972656 0.0605545043945312
0.103889465332031 0.014068603515625 -0.0607948303222656 0.0033111572265625
0.059539794921875 0.0808639526367188 0.0122709274291992 -0.0166378021240234
-0.00225067138671875 0.0952682495117188 0.0387649536132813 0.120330810546875
0.0509796142578125 -0.0344161987304688 -0.0600814819335938 -0.133811950683594
-0.0118865966796875 -0.05584716796875 -0.0276222229003906 0.00281143188476562
-0.0504989624023438 -0.0191154479980469 0.0698776245117188 -0.000827789306640626
-0.0360183715820312 0.0297775268554688 0.0735015869140625 -0.0779571533203125
-0.00225448608398438 0.0454978942871094 0.0113372802734375 -0.116081237792969
0.0277576446533203 0.0285892486572266 -0.065399169921875 -0.114845275878906
0.0233821868896484 0.0158481597900391 -0.109733581542969 -0.0616378784179688
0.0168190002441406 0.0194244384765625 -0.0986785888671875 -0.034088134765625
0.0159168243408203 0.0204925537109375 -0.086669921875 -0.01995849609375
0.001068115234375 0.0186748504638672 -0.077545166015625 -0.0328445434570313
-0.0189933776855469 0.00769233703613281 -0.07940673828125 -0.0389022827148438
-0.0299587249755859 -0.0221824645996094 -0.0812149047851562 -0.0640716552734375
0.0114860534667969 -0.0461196899414062 -0.05657958984375 -0.106353759765625
0.0566329956054687 -0.0380630493164063 -0.0873336791992188 -0.124114990234375
0.078155517578125 -0.0137863159179688 -0.121597290039062 -0.141769409179688
0.0973281860351563 0.026611328125 -0.0410537719726562 -0.139839172363281
0.0453376770019531 -0.0240287780761719 -0.0221881866455078 0.000560760498046877
0.0118980407714844 -0.0329532623291016 0.0821533203125 0.00328826904296875
-0.00723743438720703 -0.0100984573364258 0.0901718139648438 -0.0798187255859375
-0.00501394271850586 -0.000915527343750001 0.0241851806640625 -0.125930786132813
0.000469744205474853 -0.000612556934356689 -0.0626678466796875 -0.122772216796875
-0.0136795043945313 -0.00195693969726562 -0.110603332519531 -0.063629150390625
-0.0199928283691406 -0.00559806823730469 -0.0964736938476563 -0.0339279174804687
-0.01983642578125 -0.00335502624511719 -0.0862045288085938 -0.0170135498046875
-0.0146026611328125 -0.0153484344482422 -0.0772933959960938 -0.024139404296875
-0.00904083251953125 -0.0325489044189453 -0.0780868530273438 -0.0297622680664063
0.00955963134765625 -0.0515022277832031 -0.0867691040039063 -0.05438232421875
0.0695648193359375 -0.0327568054199219 -0.0623855590820312 -0.0919952392578125
0.100898742675781 0.0025177001953125 -0.089874267578125 -0.108489990234375
0.117416381835938 0.0522232055664063 -0.110679626464844 -0.124397277832031
0.126136779785156 0.0908279418945312 -0.0086517333984375 -0.125862121582031
0.0958938598632813 0.0241546630859375 -0.00686168670654297 0.0094757080078125
0.0848236083984375 -0.033233642578125 0.0959701538085938 0.0165863037109375
0.0355262756347656 -0.04888916015625 0.110260009765625 -0.0704269409179688
0.00324630737304687 -0.0526351928710938 0.0446624755859375 -0.125518798828125
-0.0234642028808594 -0.036956787109375 -0.0490570068359375 -0.120803833007813
-0.0483741760253906 -0.0233306884765625 -0.0963211059570313 -0.0596847534179688
-0.0547943115234375 -0.0307807922363281 -0.0795745849609375 -0.0279541015625
-0.0555343627929688 -0.023712158203125 -0.0719757080078125 -0.00763702392578124
-0.03662109375 -0.0421981811523438 -0.0675315856933594 -0.00467300415039062
-0.0109329223632813 -0.0688552856445313 -0.0732269287109375 -0.009765625
0.0323333740234375 -0.0833206176757813 -0.0928268432617187 -0.0352020263671875
0.116554260253906 -0.0374221801757813 -0.0702285766601563 -0.0729293823242187
0.139183044433594 0.0257720947265625 -0.0853271484375 -0.08795166015625
0.148040771484375 0.10101318359375 -0.0893096923828125 -0.0895156860351563
0.128814697265625 0.14556884765625 0.0299301147460938 -0.0873260498046875
0.12725830078125 0.0802841186523438 0.0155925750732422 0.0304985046386719
0.1510009765625 -0.0140228271484375 0.105941772460938 0.0379486083984375
0.0855941772460938 -0.0733184814453125 0.126190185546875 -0.0461654663085938
0.0222015380859375 -0.097991943359375 0.0671005249023438 -0.106719970703125
-0.0382308959960938 -0.0728302001953125 -0.0248031616210937 -0.104759216308594
-0.0740509033203125 -0.044036865234375 -0.0694351196289063 -0.049285888671875
-0.0819091796875 -0.0511398315429687 -0.0512733459472656 -0.0184974670410156
-0.0857315063476563 -0.037872314453125 -0.045074462890625 0.00508499145507811
-0.0585479736328125 -0.0603179931640625 -0.046630859375 0.0185966491699219
-0.0222854614257813 -0.0949478149414063 -0.0605201721191406 0.0145034790039062
0.0400466918945312 -0.110649108886719 -0.0905914306640625 -0.00990295410156249
0.145309448242188 -0.0479736328125 -0.0740585327148437 -0.0503921508789063
0.161819458007813 0.0353851318359375 -0.0704727172851563 -0.06976318359375
0.159149169921875 0.131134033203125 -0.0576019287109375 -0.0463294982910156
0.106857299804688 0.175369262695313 0.0671043395996094 -0.0293388366699219
0.127601623535156 0.126014709472656 0.039642333984375 0.061737060546875
0.187652587890625 0.0199432373046875 0.106246948242188 0.0633926391601562
0.124702453613281 -0.0735244750976562 0.130760192871094 -0.0121688842773438
0.0459136962890625 -0.121315002441406 0.083892822265625 -0.0725250244140625
-0.0412673950195313 -0.0981521606445313 0.00319671630859375 -0.0755844116210938
-0.0870132446289063 -0.059539794921875 -0.0330257415771484 -0.0323505401611328
-0.0963134765625 -0.0639419555664063 -0.0162420272827149 -0.0056142807006836
-0.104743957519531 -0.0462188720703125 -0.0106391906738281 0.0187873840332031
-0.0743484497070313 -0.0690994262695312 -0.0176200866699219 0.040985107421875
-0.0314712524414063 -0.108932495117188 -0.040985107421875 0.0374984741210937
0.0416412353515625 -0.122306823730469 -0.0806503295898437 0.0132980346679688
0.156173706054688 -0.0507049560546875 -0.0709228515625 -0.031097412109375
0.164199829101563 0.043487548828125 -0.0475959777832031 -0.0554733276367188
0.148056030273438 0.14404296875 -0.0201950073242187 -0.000785827636718738
0.0669097900390625 0.170196533203125 0.0964279174804688 0.034698486328125
0.0974273681640625 0.143951416015625 0.0597763061523438 0.0948867797851563
0.17864990234375 0.05340576171875 0.0948333740234375 0.0860366821289063
0.135513305664063 -0.052581787109375 0.119819641113281 0.02435302734375
0.059906005859375 -0.1170654296875 0.0876312255859375 -0.0303726196289063
-0.0355758666992188 -0.1046142578125 0.02874755859375 -0.0385246276855469
-0.0849075317382812 -0.0626983642578125 0.00525760650634765 -0.0127687454223633
-0.0960006713867188 -0.0674667358398437 0.0204963684082031 0.00727653503417968
-0.107894897460937 -0.0484161376953125 0.0266952514648437 0.0309123992919922
-0.076202392578125 -0.0711517333984375 0.01263427734375 0.0604171752929687
-0.0335769653320312 -0.111068725585938 -0.0208854675292969 0.0572471618652344
0.0438690185546875 -0.119232177734375 -0.06646728515625 0.0324211120605469
0.152679443359375 -0.03839111328125 -0.0647315979003906 -0.0159149169921875
0.145599365234375 0.05780029296875 -0.0220870971679687 -0.0444374084472656
0.113113403320312 0.142547607421875 0.0133781433105469 0.0436820983886719
0.01678466796875 0.132125854492187 0.113853454589844 0.0898590087890625
0.04962158203125 0.128898620605469 0.0732650756835938 0.119552612304688
0.133903503417969 0.0698318481445313 0.0781402587890625 0.0986328125
0.115852355957031 -0.024169921875 0.100433349609375 0.051513671875
0.05902099609375 -0.0914535522460938 0.0831527709960938 0.00666046142578124
-0.0263671875 -0.0917205810546875 0.0499305725097656 -0.00418090820312501
-0.0716094970703125 -0.0556640625 0.0419769287109375 0.00455856323242187
-0.0825271606445313 -0.0596771240234375 0.0537071228027344 0.0169296264648437
-0.09637451171875 -0.04608154296875 0.0606765747070312 0.0414276123046875
-0.0681419372558594 -0.0659980773925781 0.0407638549804687 0.0777435302734375
-0.025726318359375 -0.102058410644531 -0.0044708251953125 0.0756454467773437
0.0477142333984375 -0.0999755859375 -0.05572509765625 0.0486488342285156
0.135536193847656 -0.0158615112304688 -0.0605621337890625 -0.00386428833007812
0.11065673828125 0.0724868774414063 -0.00144767761230468 -0.0326004028320312
0.06146240234375 0.127693176269531 0.0365219116210938 0.0836181640625
-0.0339736938476562 0.0708847045898437 0.1202392578125 0.122955322265625
-0.00140380859374999 0.0870590209960938 0.0815582275390625 0.129402160644531
0.0690956115722656 0.0633163452148438 0.0633316040039063 0.100784301757813
0.0732803344726563 -0.00064849853515625 0.0841445922851563 0.066375732421875
0.0430679321289063 -0.0531425476074219 0.0758438110351562 0.0302963256835937
-0.015106201171875 -0.0624504089355469 0.0639991760253906 0.0200538635253906
-0.0470428466796875 -0.0400505065917969 0.0693321228027344 0.0155487060546875
-0.0565261840820312 -0.0431594848632812 0.0784378051757813 0.0244827270507812
-0.0706634521484375 -0.0380935668945313 0.08807373046875 0.051025390625
-0.0496482849121094 -0.0546417236328125 0.060791015625 0.0937042236328125
-0.0129928588867188 -0.08135986328125 0.00395965576171875 0.0939559936523438
0.04571533203125 -0.070587158203125 -0.0510749816894531 0.0625648498535156
0.104507446289062 0.00921630859375 -0.0620384216308594 0.00446319580078126
0.0634384155273438 0.0787887573242188 0.0112667083740234 -0.0187740325927734
0.00128173828124999 0.0951309204101563 0.043609619140625 0.118782043457031
0.0501441955566406 -0.0349998474121094 -0.06231689453125 -0.130653381347656
-0.0133819580078125 -0.0548553466796875 -0.0274772644042969 0.00506591796875
-0.0507354736328125 -0.0178375244140625 0.0699501037597656 -0.00104904174804688
-0.0344314575195313 0.0305538177490234 0.0729217529296875 -0.078582763671875
-0.000732421875 0.0452156066894531 0.00960540771484375 -0.116493225097656
0.0277328491210938 0.0273971557617188 -0.0684967041015625 -0.113052368164063
0.0231494903564453 0.0146255493164063 -0.110374450683594 -0.0588912963867188
0.0168933868408203 0.0185298919677734 -0.0993499755859375 -0.0305938720703125
0.0168704986572266 0.0194454193115234 -0.086456298828125 -0.0177459716796875
0.00148200988769531 0.0176544189453125 -0.0791397094726563 -0.031341552734375
-0.0181045532226563 0.00778770446777344 -0.0810165405273438 -0.0382232666015625
-0.0302181243896484 -0.0208015441894531 -0.0808334350585937 -0.0625762939453125
0.0104866027832031 -0.046417236328125 -0.0567092895507812 -0.106414794921875
0.0551567077636719 -0.0393600463867188 -0.0877304077148437 -0.122314453125
0.0770111083984375 -0.0150375366210938 -0.121734619140625 -0.139060974121094
0.0973129272460937 0.02392578125 -0.0430984497070313 -0.137100219726563
0.04376220703125 -0.0244178771972656 -0.0219573974609375 0.00210189819335937
0.010711669921875 -0.0327911376953125 0.0814361572265625 0.00327301025390625
-0.00654697418212891 -0.0102977752685547 0.0892105102539063 -0.0810699462890625
-0.00417470932006836 -0.00122237205505371 0.022857666015625 -0.1270751953125
0.000586628913879395 -0.00147640705108643 -0.0651321411132813 -0.120941162109375
-0.0141324996948242 -0.00251388549804688 -0.111618041992188 -0.0609817504882812
-0.0205154418945313 -0.00551033020019531 -0.0974349975585938 -0.0305328369140625
-0.01971435546875 -0.00376129150390625 -0.0868301391601562 -0.0141754150390625
-0.0147857666015625 -0.0162544250488281 -0.0786361694335938 -0.0220947265625
-0.00844573974609375 -0.0325756072998047 -0.0801544189453125 -0.028228759765625
0.00883865356445312 -0.0507125854492187 -0.0880050659179688 -0.0523452758789063
0.0686073303222656 -0.0345687866210938 -0.0627822875976563 -0.091583251953125
0.0997314453125 0.000762939453125 -0.0901641845703125 -0.106269836425781
0.117881774902344 0.0499114990234375 -0.110916137695312 -0.121841430664063
0.127555847167969 0.0882339477539063 -0.0109481811523437 -0.123291015625
0.0958633422851563 0.02252197265625 -0.00726509094238281 0.0111532211303711
0.0833587646484375 -0.0347137451171875 0.0952224731445313 0.0163192749023437
0.035369873046875 -0.0489463806152344 0.109039306640625 -0.0721282958984375
0.0028076171875 -0.052764892578125 0.043243408203125 -0.126419067382813
-0.023529052734375 -0.0361557006835938 -0.050750732421875 -0.119956970214844
-0.0486373901367188 -0.0222702026367188 -0.0973968505859375 -0.0570297241210938
-0.05560302734375 -0.0291213989257812 -0.0806884765625 -0.0255508422851563
-0.05596923828125 -0.0224151611328125 -0.0726470947265625 -0.00534820556640624
-0.0371017456054688 -0.0419998168945313 -0.0684928894042969 -0.00305938720703124
-0.0117568969726563 -0.0683250427246094 -0.074432373046875 -0.00838470458984374
0.0311737060546875 -0.0835037231445313 -0.0937118530273438 -0.03228759765625
0.115875244140625 -0.0395736694335938 -0.0707473754882812 -0.072296142578125
0.138626098632813 0.023406982421875 -0.0858688354492187 -0.0865402221679688
0.148513793945313 0.0977935791015625 -0.089324951171875 -0.087371826171875
0.130615234375 0.142745971679688 0.0277328491210938 -0.0855636596679687
0.128738403320313 0.0771255493164063 0.0155181884765625 0.0318641662597656
0.150405883789063 -0.0180816650390625 0.105827331542969 0.0372772216796875
0.084228515625 -0.0739593505859375 0.126075744628906 -0.0484771728515625
0.020599365234375 -0.0979537963867188 0.0657272338867188 -0.108444213867188
-0.038482666015625 -0.0722732543945312 -0.0263671875 -0.1044921875
-0.0746307373046875 -0.0429153442382813 -0.0692291259765625 -0.0473289489746094
-0.08343505859375 -0.0487594604492188 -0.0518150329589844 -0.01654052734375
-0.0867919921875 -0.0357131958007813 -0.0461006164550781 0.00722503662109375
-0.0589218139648438 -0.0591278076171875 -0.0466880798339844 0.0198707580566406
-0.0229034423828125 -0.0941085815429688 -0.0612564086914063 0.0163040161132812
0.038330078125 -0.110435485839844 -0.0916213989257813 -0.00715637207031252
0.144332885742188 -0.051025390625 -0.0747604370117187 -0.0509109497070312
0.161956787109375 0.032135009765625 -0.0710525512695312 -0.069000244140625
0.1610107421875 0.126861572265625 -0.0572433471679687 -0.0447349548339844
0.10955810546875 0.173233032226563 0.0657577514648438 -0.0284652709960937
0.129920959472656 0.123100280761719 0.0398368835449219 0.0630378723144531
0.186614990234375 0.01519775390625 0.105461120605469 0.0631790161132813
0.123115539550781 -0.0749130249023438 0.129631042480469 -0.0135116577148438
0.0429763793945312 -0.122032165527344 0.0829086303710938 -0.0739898681640625
-0.04278564453125 -0.0971908569335937 0.00290679931640625 -0.0755615234375
-0.0871429443359375 -0.056884765625 -0.0327587127685547 -0.0316448211669922
-0.098388671875 -0.0608901977539063 -0.0170078277587891 -0.00489521026611328
-0.105880737304688 -0.0424957275390625 -0.0113925933837891 0.0194969177246094
-0.0738143920898437 -0.0676040649414063 -0.0168685913085938 0.0414237976074219
-0.032867431640625 -0.1075439453125 -0.0415763854980469 0.0385284423828125
0.0387496948242187 -0.1231689453125 -0.0809860229492188 0.0154266357421875
0.154541015625 -0.0545196533203125 -0.0716781616210937 -0.0315093994140625
0.164382934570313 0.0410003662109375 -0.0485267639160156 -0.0559883117675781
0.150497436523438 0.140472412109375 -0.0201454162597656 -0.000329971313476554
0.06878662109375 0.169281005859375 0.0950393676757813 0.0347061157226563
0.0997772216796875 0.141464233398438 0.0599822998046875 0.0954208374023438
0.1787109375 0.0490875244140625 0.0944442749023438 0.0854949951171875
0.13519287109375 -0.0544891357421875 0.119285583496094 0.0229568481445312
0.0568313598632812 -0.118370056152344 0.0881805419921875 -0.0314407348632813
-0.0385284423828125 -0.103721618652344 0.0299758911132812 -0.0391807556152344
-0.0855789184570313 -0.0618515014648438 0.0065317153930664 -0.0131864547729492
-0.0981597900390625 -0.0643768310546875 0.0198135375976562 0.00614547729492187
-0.108428955078125 -0.0450057983398438 0.0255165100097656 0.0303287506103516
-0.0773086547851563 -0.0689697265625 0.0144920349121094 0.0599288940429687
-0.0354080200195312 -0.109115600585937 -0.0206260681152344 0.0572929382324219
0.0413436889648437 -0.117897033691406 -0.0676422119140625 0.0345115661621094
0.149810791015625 -0.0422515869140625 -0.0655517578125 -0.0160446166992188
0.145782470703125 0.054473876953125 -0.0238151550292969 -0.0449638366699219
0.115013122558594 0.140045166015625 0.0140113830566406 0.0423774719238281
0.0193557739257812 0.131416320800781 0.114097595214844 0.08795166015625
0.0521240234375 0.127487182617188 0.0728683471679688 0.11865234375
0.134468078613281 0.0663070678710938 0.0779800415039063 0.0978775024414063
0.115104675292969 -0.0269393920898438 0.100662231445313 0.050628662109375
0.0565261840820313 -0.0923080444335938 0.0842742919921875 0.00480651855468749
-0.0279388427734375 -0.0904388427734375 0.0505905151367188 -0.00449752807617188
-0.0716323852539063 -0.0539932250976562 0.0427742004394531 0.00319290161132812
-0.0844650268554688 -0.0566635131835937 0.0531883239746094 0.0158843994140625
-0.0964813232421875 -0.0427627563476563 0.0610427856445312 0.0398216247558594
-0.0686759948730469 -0.0641403198242188 0.0421981811523437 0.076385498046875
-0.0277938842773438 -0.100387573242187 -0.004364013671875 0.0763168334960938
0.0443954467773438 -0.0998077392578125 -0.0561866760253906 0.0497817993164062
0.134613037109375 -0.0194778442382813 -0.0609054565429687 -0.00456619262695313
0.111679077148438 0.069488525390625 -0.00287628173828125 -0.0338420867919922
0.0638275146484375 0.125350952148438 0.0371780395507813 0.0818634033203125
-0.0319595336914062 0.0710830688476563 0.1204833984375 0.121345520019531
0.000640869140625006 0.086944580078125 0.081634521484375 0.128219604492188
0.0702476501464844 0.0605659484863281 0.0629043579101563 0.100112915039062
0.07318115234375 -0.0020599365234375 0.0846939086914063 0.0658950805664063
0.0415000915527344 -0.0540084838867187 0.0765914916992188 0.0297164916992188
-0.0172882080078125 -0.0618667602539063 0.0650291442871094 0.0189666748046875
-0.0472412109375 -0.0382843017578125 0.0698471069335938 0.0138931274414062
-0.0579299926757812 -0.0410041809082031 0.0787429809570313 0.0219650268554688
-0.0710830688476563 -0.0347824096679687 0.0895233154296875 0.0478515625
-0.0504302978515625 -0.0527267456054688 0.0625228881835938 0.0914077758789063
-0.0145034790039062 -0.0798797607421875 0.00512695312500001 0.0937576293945313
0.0441207885742187 -0.07086181640625 -0.0512886047363281 0.0634498596191406
0.10400390625 0.00609588623046875 -0.0615615844726562 0.00421524047851564
0.064422607421875 0.0757827758789063 0.00954055786132813 -0.0199928283691406
0.00292968749999999 0.0946197509765625 0.0439682006835938 0.116050720214844
0.0510749816894531 -0.0354270935058594 -0.0625991821289063 -0.131294250488281
-0.0142707824707031 -0.0544967651367188 -0.0269870758056641 0.00588035583496094
-0.0510215759277344 -0.0170669555664063 0.0709991455078125 0.000694274902343749
-0.0336723327636719 0.0304698944091797 0.0744781494140625 -0.0790863037109375
-0.000289916992187499 0.0453071594238281 0.0105056762695313 -0.118339538574219
0.0279483795166016 0.0268783569335938 -0.068817138671875 -0.114898681640625
0.0234260559082031 0.0142135620117188 -0.111862182617188 -0.0577392578125
0.0171165466308594 0.0181789398193359 -0.100273132324219 -0.02886962890625
0.016876220703125 0.0182723999023438 -0.0875625610351563 -0.0165023803710937
0.00158977508544922 0.0163421630859375 -0.0810394287109375 -0.0319595336914063
-0.0180149078369141 0.00779342651367188 -0.0826950073242188 -0.0378799438476562
-0.029815673828125 -0.0199356079101563 -0.0814285278320313 -0.0637741088867188
0.0110321044921875 -0.0467567443847656 -0.0558700561523438 -0.107795715332031
0.0548439025878906 -0.0405464172363281 -0.0866775512695312 -0.122482299804687
0.0764999389648438 -0.0149917602539062 -0.120437622070313 -0.139656066894531
0.098388671875 0.0244674682617188 -0.0429229736328125 -0.13714599609375
0.0437850952148438 -0.0246391296386719 -0.0218658447265625 0.00427055358886718
0.0102252960205078 -0.0332221984863281 0.0830764770507813 0.00495147705078125
-0.00531291961669922 -0.00979423522949219 0.0906753540039063 -0.0809173583984375
-0.00410366058349609 -0.000684976577758789 0.0235519409179687 -0.129241943359375
0.000646829605102539 -0.00222921371459961 -0.0663299560546875 -0.122550964355469
-0.0138006210327148 -0.00259971618652344 -0.112770080566406 -0.059844970703125
-0.0209598541259766 -0.00576782226562501 -0.0985336303710937 -0.0287246704101562
-0.0198097229003906 -0.00421142578125 -0.087799072265625 -0.012786865234375
-0.0149602890014648 -0.0167980194091797 -0.0804824829101563 -0.0223236083984375
-0.00821495056152344 -0.0330963134765625 -0.0817489624023438 -0.0289459228515625
0.00864410400390624 -0.0505447387695312 -0.088531494140625 -0.0532608032226563
0.0697555541992188 -0.0347366333007813 -0.0615615844726563 -0.0935211181640625
0.100212097167969 0.00090789794921875 -0.0893325805664063 -0.106903076171875
0.117927551269531 0.0498123168945313 -0.109855651855469 -0.122207641601563
0.128005981445313 0.0882644653320313 -0.0106658935546875 -0.122421264648437
0.0960845947265625 0.0223541259765625 -0.00757408142089843 0.0136165618896484
0.0838623046875 -0.0354995727539063 0.0963897705078125 0.0179443359375
0.0365333557128906 -0.048797607421875 0.110237121582031 -0.0717315673828125
0.00270843505859375 -0.0528182983398437 0.0444412231445312 -0.127914428710938
-0.0229530334472656 -0.0377998352050781 -0.0513916015625 -0.12078857421875
-0.0490798950195313 -0.02252197265625 -0.0980072021484375 -0.0570602416992187
-0.0570487976074219 -0.0289192199707031 -0.0814361572265625 -0.024993896484375
-0.0565719604492188 -0.0226097106933594 -0.0731735229492187 -0.00376892089843749
-0.03656005859375 -0.042938232421875 -0.0694389343261719 -0.00262832641601563
-0.011474609375 -0.069488525390625 -0.0766220092773438 -0.00807952880859375
0.0311813354492187 -0.0841903686523438 -0.0949783325195313 -0.0317535400390625
0.116920471191406 -0.0402984619140625 -0.0712814331054688 -0.0745010375976562
0.139419555664063 0.0228424072265625 -0.0861129760742187 -0.087371826171875
0.148818969726563 0.09796142578125 -0.0889434814453125 -0.0883941650390625
0.1322021484375 0.1434326171875 0.0279312133789063 -0.0837936401367187
0.129447937011719 0.078125 0.0150089263916016 0.0349254608154297
0.150772094726563 -0.018768310546875 0.105911254882813 0.038848876953125
0.0851898193359375 -0.0743408203125 0.126502990722656 -0.0477523803710938
0.0202407836914062 -0.0988311767578125 0.0670700073242187 -0.110076904296875
-0.0387420654296875 -0.072967529296875 -0.02716064453125 -0.105514526367188
-0.0749282836914063 -0.0427398681640625 -0.0698051452636719 -0.0471687316894531
-0.0848922729492188 -0.0481338500976562 -0.0530052185058594 -0.01556396484375
-0.08734130859375 -0.03515625 -0.0459480285644531 0.00826644897460938
-0.0584335327148437 -0.0592079162597656 -0.0469779968261719 0.0198631286621094
-0.0232086181640625 -0.0952224731445313 -0.0630950927734375 0.0164375305175781
0.0388336181640625 -0.111610412597656 -0.0931320190429687 -0.00649261474609376
0.145401000976563 -0.052734375 -0.075347900390625 -0.05242919921875
0.162521362304687 0.0325164794921875 -0.0712738037109375 -0.0702285766601562
0.1617431640625 0.127395629882813 -0.0574302673339844 -0.0455131530761719
0.111419677734375 0.174072265625 0.0655632019042969 -0.0273361206054687
0.130447387695313 0.123374938964844 0.0389480590820313 0.0655670166015625
0.18768310546875 0.0140380859375 0.105735778808594 0.0651626586914063
0.124649047851563 -0.074920654296875 0.130088806152344 -0.0130996704101563
0.0425033569335938 -0.123329162597656 0.0844497680664063 -0.0752105712890625
-0.04254150390625 -0.09783935546875 0.00310516357421874 -0.0763626098632813
-0.0876617431640625 -0.0570602416992188 -0.0322284698486328 -0.0311126708984375
-0.0998306274414063 -0.0602340698242188 -0.0175161361694336 -0.00482845306396485
-0.106475830078125 -0.0421142578125 -0.0114517211914063 0.0205764770507812
-0.07354736328125 -0.06768798828125 -0.016754150390625 0.0420417785644531
-0.0339202880859375 -0.108665466308594 -0.0432853698730469 0.0392837524414063
0.0392532348632812 -0.123504638671875 -0.0829696655273437 0.01715087890625
0.155242919921875 -0.055755615234375 -0.07220458984375 -0.0334014892578125
0.164932250976562 0.040557861328125 -0.0492591857910156 -0.0569381713867188
0.151412963867188 0.140045166015625 -0.0197124481201172 -0.000215530395507805
0.07073974609375 0.170257568359375 0.095123291015625 0.0363998413085938
0.1005859375 0.1427001953125 0.0588150024414063 0.0976333618164063
0.179916381835938 0.0475921630859375 0.09332275390625 0.0876235961914063
0.135520935058594 -0.0554122924804687 0.119514465332031 0.0235214233398437
0.0577468872070313 -0.119987487792969 0.0898971557617188 -0.0321884155273438
-0.0382843017578125 -0.104248046875 0.0306243896484375 -0.0396652221679688
-0.0854644775390625 -0.0611190795898438 0.00742912292480468 -0.0131397247314453
-0.0994491577148438 -0.062957763671875 0.0194721221923828 0.00626945495605468
-0.109275817871094 -0.0442428588867187 0.0262622833251953 0.0304126739501953
-0.077392578125 -0.0684051513671875 0.0145912170410156 0.0608634948730469
-0.0352783203125 -0.10955810546875 -0.0226211547851563 0.058837890625
0.0413284301757813 -0.118255615234375 -0.0693511962890625 0.0357437133789063
0.151138305664063 -0.0435638427734375 -0.0665931701660156 -0.0172996520996094
0.147216796875 0.055084228515625 -0.0246963500976562 -0.0466499328613281
0.116607666015625 0.140144348144531 0.014251708984375 0.042449951171875
0.0198593139648438 0.133613586425781 0.113136291503906 0.0904998779296875
0.0526657104492187 0.128273010253906 0.0724029541015625 0.12103271484375
0.135543823242188 0.0646286010742188 0.0765609741210938 0.100296020507813
0.11566162109375 -0.0268478393554687 0.100479125976563 0.0516586303710938
0.0563735961914063 -0.09344482421875 0.0854415893554688 0.00549316406249999
-0.0287017822265625 -0.0902786254882813 0.0522193908691406 -0.00442886352539063
-0.0718154907226563 -0.0540618896484375 0.0438995361328125 0.00307464599609375
-0.0855026245117188 -0.0558319091796875 0.0528602600097656 0.0147857666015625
-0.0974960327148437 -0.0415267944335937 0.0609970092773437 0.03948974609375
-0.0688400268554688 -0.0638275146484375 0.0427627563476562 0.0767059326171875
-0.0279159545898438 -0.10015869140625 -0.00547790527343749 0.0776290893554688
0.0443954467773438 -0.100418090820313 -0.0575714111328125 0.051239013671875
0.134788513183594 -0.0205078125 -0.0613822937011719 -0.00555038452148437
0.112754821777344 0.0698089599609375 -0.00433349609374999 -0.0345344543457031
0.0643463134765625 0.1256103515625 0.03680419921875 0.0824661254882813
-0.0317535400390625 0.0724334716796875 0.119491577148438 0.123908996582031
0.000602722167968752 0.0869979858398438 0.080810546875 0.129264831542969
0.0708160400390625 0.059417724609375 0.0623397827148438 0.101524353027344
0.0735092163085938 -0.00231170654296875 0.0847396850585938 0.0665054321289063
0.0413055419921875 -0.0545578002929687 0.0781097412109375 0.0298614501953125
-0.0172195434570312 -0.0616340637207031 0.0668563842773438 0.0187301635742187
-0.0477638244628906 -0.0375404357910156 0.0711288452148438 0.0137863159179687
-0.0589447021484375 -0.0402336120605469 0.0786056518554688 0.0212173461914062
-0.0712661743164063 -0.0335845947265625 0.0891952514648438 0.0468368530273438
-0.0504875183105469 -0.0524368286132813 0.063751220703125 0.091461181640625
-0.0154800415039063 -0.0797271728515625 0.00450897216796875 0.0958023071289063
0.044097900390625 -0.0711441040039063 -0.0523872375488281 0.0649032592773437
0.104591369628906 0.00485992431640625 -0.0628776550292969 0.00341033935546875
0.0656356811523438 0.0757598876953125 0.00861549377441407 -0.0216655731201172
0.0027008056640625 0.09490966796875 0.0437240600585938 0.116966247558594
0.05279541015625 -0.0365524291992187 -0.0631866455078125 -0.134017944335937
-0.0153160095214844 -0.0553817749023438 -0.0273647308349609 0.00703239440917968
-0.0526466369628906 -0.0171737670898438 0.0742340087890625 0.00133514404296875
-0.0342445373535156 0.0305213928222656 0.0778121948242188 -0.08099365234375
0.000301361083984377 0.0463600158691406 0.0117416381835937 -0.122802734375
0.0284976959228516 0.0265426635742188 -0.071502685546875 -0.119209289550781
0.0232677459716797 0.0144405364990234 -0.116004943847656 -0.0586700439453125
0.0172348022460938 0.0190486907958984 -0.103195190429687 -0.0287628173828125
0.0165443420410156 0.0179347991943359 -0.0898361206054688 -0.0165557861328125
0.00127315521240234 0.0156259536743164 -0.08441162109375 -0.0323486328125
-0.0189647674560547 0.00710296630859375 -0.0859909057617188 -0.0390625
-0.0306644439697266 -0.01971435546875 -0.083038330078125 -0.0668792724609375
0.0117912292480469 -0.0475425720214844 -0.0554580688476562 -0.111778259277344
0.0555000305175781 -0.0415992736816406 -0.0860061645507812 -0.126152038574219
0.077972412109375 -0.0148162841796875 -0.121170043945312 -0.14447021484375
0.101310729980469 0.0257034301757813 -0.0427627563476563 -0.140365600585938
0.0450515747070313 -0.0245132446289063 -0.0220241546630859 0.00640296936035156
0.0110626220703125 -0.0340652465820312 0.086181640625 0.00665283203125
-0.00523567199707031 -0.0107803344726563 0.09393310546875 -0.0825042724609375
-0.00367236137390137 -0.00108933448791504 0.0250015258789062 -0.133613586425781
0.00150203704833984 -0.00291752815246582 -0.0680999755859375 -0.127243041992187
-0.0149288177490234 -0.00308132171630859 -0.116020202636719 -0.0615234375
-0.0215625762939453 -0.00571823120117187 -0.101127624511719 -0.0283432006835937
-0.0207881927490234 -0.00526618957519531 -0.0899505615234375 -0.0128936767578125
-0.0152702331542969 -0.0181388854980469 -0.0836944580078125 -0.0232925415039063
-0.00843429565429688 -0.0347213745117188 -0.0855026245117188 -0.0296249389648438
0.00951766967773437 -0.051055908203125 -0.0904464721679687 -0.0552825927734375
0.0721359252929687 -0.0354843139648437 -0.0623092651367187 -0.0976486206054688
0.102149963378906 0.00131988525390625 -0.0897369384765625 -0.109725952148438
0.120201110839844 0.0525283813476563 -0.110374450683594 -0.126693725585938
0.13134765625 0.0915145874023437 -0.0106887817382812 -0.124397277832031
0.09869384765625 0.0236740112304687 -0.00696754455566406 0.0159425735473633
0.0860977172851563 -0.0363616943359375 0.0994491577148438 0.020355224609375
0.0378875732421875 -0.0500984191894531 0.11431884765625 -0.0725479125976562
0.00297927856445313 -0.0546646118164063 0.04638671875 -0.132797241210937
-0.0232772827148437 -0.0387306213378906 -0.0526123046875 -0.125152587890625
-0.0503120422363281 -0.0241355895996094 -0.100738525390625 -0.058013916015625
-0.0588417053222656 -0.0293655395507813 -0.0842514038085937 -0.0242156982421875
-0.0582313537597656 -0.0233688354492187 -0.0753097534179688 -0.00295257568359375
-0.0372505187988281 -0.0451164245605469 -0.0718307495117188 -0.00276947021484375
-0.0114212036132813 -0.0715713500976563 -0.0805740356445313 -0.00846099853515626
0.0326080322265625 -0.0855712890625 -0.0985107421875 -0.0333251953125
0.120414733886719 -0.041473388671875 -0.07257080078125 -0.0790481567382812
0.142242431640625 0.024200439453125 -0.0867080688476563 -0.0905990600585937
0.15240478515625 0.101608276367188 -0.0896835327148437 -0.0905532836914063
0.135009765625 0.147964477539063 0.0291900634765625 -0.0847396850585937
0.132377624511719 0.0801467895507813 0.0153274536132813 0.0383415222167969
0.154464721679688 -0.0198211669921875 0.108360290527344 0.0429153442382813
0.088348388671875 -0.0752334594726563 0.129707336425781 -0.0482635498046875
0.0210800170898438 -0.101593017578125 0.0706253051757812 -0.114234924316406
-0.0388031005859375 -0.075164794921875 -0.0266876220703125 -0.109115600585938
-0.0767364501953125 -0.0438461303710937 -0.0712356567382813 -0.0485382080078125
-0.0874862670898438 -0.0484237670898438 -0.0548820495605469 -0.0153274536132813
-0.089263916015625 -0.036102294921875 -0.0476036071777344 0.00951385498046876
-0.0594635009765625 -0.0613555908203125 -0.049041748046875 0.0204048156738281
-0.0233078002929687 -0.0978927612304688 -0.0663299560546875 0.0172004699707031
0.0397109985351562 -0.114173889160156 -0.0968780517578125 -0.00621795654296875
0.149398803710938 -0.054168701171875 -0.0775985717773437 -0.0561599731445313
0.166885375976562 0.0344696044921875 -0.0730056762695313 -0.073150634765625
0.165802001953125 0.13201904296875 -0.0573806762695313 -0.0471458435058594
0.113616943359375 0.179153442382813 0.0668487548828125 -0.0256805419921875
0.133247375488281 0.127609252929688 0.0394859313964844 0.070068359375
0.192947387695313 0.0139617919921875 0.106880187988281 0.0694503784179688
0.128547668457031 -0.07611083984375 0.133773803710938 -0.0113754272460938
0.0439453125 -0.126548767089844 0.0880889892578125 -0.0771331787109375
-0.0426254272460938 -0.1007080078125 0.00394439697265624 -0.0790481567382813
-0.0897369384765625 -0.0587997436523437 -0.0324363708496094 -0.0321884155273438
-0.1038818359375 -0.0608901977539063 -0.0180416107177734 -0.00408744812011719
-0.108871459960938 -0.0426483154296875 -0.0121746063232422 0.0219326019287109
-0.0748138427734375 -0.0699081420898438 -0.0178146362304688 0.0429496765136719
-0.0340194702148438 -0.111396789550781 -0.0460853576660156 0.041015625
0.0407028198242187 -0.126312255859375 -0.0863494873046875 0.0181350708007812
0.159530639648438 -0.0580902099609375 -0.0750885009765625 -0.0361328125
0.169525146484375 0.0426483154296875 -0.0506668090820312 -0.0594902038574219
0.154266357421875 0.145584106445313 -0.0198688507080078 -0.000495910644531241
0.0721282958984375 0.175521850585937 0.0968551635742188 0.0396652221679688
0.103042602539063 0.146209716796875 0.0588302612304688 0.102287292480469
0.184814453125 0.0490570068359375 0.0943679809570313 0.0924758911132813
0.140182495117188 -0.0552520751953125 0.122611999511719 0.0259323120117187
0.0580902099609375 -0.122535705566406 0.0936660766601563 -0.0337982177734375
-0.0378494262695313 -0.10699462890625 0.0324897766113281 -0.0402603149414063
-0.0879974365234375 -0.0631866455078125 0.00867080688476562 -0.0140161514282227
-0.1033935546875 -0.0633621215820312 0.0198631286621094 0.00600624084472656
-0.112083435058594 -0.0443649291992188 0.0267753601074219 0.0318412780761719
-0.0785980224609375 -0.0709304809570313 0.0146522521972656 0.061309814453125
-0.03558349609375 -0.111572265625 -0.0241622924804688 0.0615234375
0.0430221557617187 -0.12152099609375 -0.0716629028320313 0.0379638671875
0.154693603515625 -0.045135498046875 -0.0688552856445312 -0.020233154296875
0.150604248046875 0.056671142578125 -0.0257453918457031 -0.04833984375
0.118515014648438 0.144561767578125 0.0138740539550781 0.0435333251953125
0.0207672119140625 0.136886596679688 0.114852905273437 0.094512939453125
0.0531234741210937 0.13140869140625 0.072296142578125 0.125816345214844
0.138633728027344 0.0657577514648437 0.0769195556640625 0.104896545410156
0.118843078613281 -0.0271072387695312 0.103187561035156 0.054443359375
0.057525634765625 -0.09625244140625 0.08880615234375 0.00582122802734374
-0.02947998046875 -0.092926025390625 0.055145263671875 -0.00500488281250001
-0.073272705078125 -0.0554962158203125 0.0456657409667969 0.0026702880859375
-0.0882797241210938 -0.0560531616210937 0.0543098449707031 0.0154037475585937
-0.0999603271484375 -0.041534423828125 0.0620498657226562 0.0408058166503906
-0.0701026916503906 -0.0654144287109375 0.0439300537109375 0.0781402587890625
-0.028564453125 -0.102317810058594 -0.00693511962890624 0.080718994140625
0.045989990234375 -0.102371215820312 -0.0600090026855469 0.0531539916992187
0.138656616210938 -0.0218048095703125 -0.063934326171875 -0.00737762451171874
0.116004943847656 0.0713882446289063 -0.00536727905273437 -0.03692626953125
0.0650787353515625 0.129234313964844 0.0370941162109375 0.0850143432617188
-0.032073974609375 0.07489013671875 0.120651245117187 0.128738403320313
0.000862121582031245 0.0892791748046875 0.0803451538085937 0.134246826171875
0.0719680786132813 0.0603256225585938 0.06243896484375 0.106689453125
0.0758743286132813 -0.00211334228515625 0.0869979858398438 0.069732666015625
0.0418357849121094 -0.0563087463378906 0.0814285278320313 0.0312881469726563
-0.018310546875 -0.0635566711425781 0.0705032348632813 0.019500732421875
-0.0481376647949219 -0.0385322570800781 0.0742340087890625 0.0133895874023437
-0.0606155395507813 -0.0408058166503906 0.0800628662109375 0.0214920043945312
-0.0730972290039063 -0.0331802368164062 0.0911712646484375 0.0482635498046875
-0.0516738891601562 -0.0535240173339844 0.0650558471679688 0.0932846069335938
-0.0156173706054687 -0.0814590454101563 0.00367736816406249 0.0992507934570313
0.0453720092773438 -0.07232666015625 -0.0546951293945313 0.0662879943847656
0.106979370117188 0.00424957275390625 -0.064849853515625 0.00218200683593749
0.067413330078125 0.0775680541992188 0.00753402709960938 -0.0234184265136719
0.00207519531249999 0.0973739624023438 0.0433731079101562 0.120590209960938
0.0547218322753906 -0.0383338928222656 -0.0676727294921875 -0.139488220214844
-0.01629638671875 -0.0563621520996094 -0.0283374786376953 0.00880813598632812
-0.0549201965332031 -0.0169525146484375 0.07861328125 0.00217437744140625
-0.0346698760986328 0.0323657989501953 0.0812835693359375 -0.0855560302734375
0.00215530395507812 0.0485916137695313 0.0111465454101563 -0.129295349121094
0.0298843383789063 0.0268344879150391 -0.0766067504882813 -0.124420166015625
0.0243701934814453 0.0143566131591797 -0.122467041015625 -0.0587081909179688
0.0185565948486328 0.0193595886230469 -0.108688354492187 -0.0267105102539063
0.0168590545654297 0.0177402496337891 -0.0942764282226562 -0.015869140625
0.00135231018066406 0.0154581069946289 -0.0899658203125 -0.0326919555664063
-0.0187835693359375 0.00761032104492188 -0.0918807983398438 -0.0402145385742188
-0.0311279296875 -0.0194625854492187 -0.0879745483398438 -0.0692520141601562
0.0114212036132813 -0.0496978759765625 -0.0577926635742188 -0.118576049804688
0.0566062927246094 -0.04376220703125 -0.089630126953125 -0.131484985351563
0.0817947387695313 -0.016082763671875 -0.12548828125 -0.1510009765625
0.105674743652344 0.0259628295898438 -0.0459747314453125 -0.145339965820313
0.0461006164550781 -0.0255851745605469 -0.0221805572509766 0.00808334350585938
0.0113029479980469 -0.035736083984375 0.0902481079101563 0.0067138671875
-0.00526809692382812 -0.0108013153076172 0.0985488891601562 -0.0867156982421875
-0.00314188003540039 -0.000738620758056641 0.02471923828125 -0.141159057617188
0.000743627548217773 -0.00263857841491699 -0.0731658935546875 -0.132614135742188
-0.0154657363891602 -0.00412940979003906 -0.123123168945313 -0.0615463256835938
-0.02276611328125 -0.00577354431152344 -0.1065673828125 -0.02703857421875
-0.0226325988769531 -0.00561714172363282 -0.0941314697265625 -0.0114517211914063
-0.0160140991210938 -0.020416259765625 -0.0887298583984375 -0.0229339599609375
-0.00876235961914062 -0.0370597839355469 -0.0910263061523438 -0.0302200317382812
0.0107307434082031 -0.0530738830566406 -0.0963668823242187 -0.0567092895507813
0.0749359130859375 -0.03826904296875 -0.0650100708007813 -0.104011535644531
0.106292724609375 0.00136566162109375 -0.0931854248046875 -0.114295959472656
0.126243591308594 0.0538787841796875 -0.114715576171875 -0.132347106933594
0.137718200683594 0.0943069458007813 -0.011962890625 -0.128494262695313
0.103256225585938 0.0238876342773437 -0.00606346130371093 0.0191478729248047
0.0887908935546875 -0.0392913818359375 0.104415893554688 0.02166748046875
0.0400581359863281 -0.0529975891113281 0.119873046875 -0.0767135620117188
0.00291824340820312 -0.0567207336425781 0.047271728515625 -0.140464782714844
-0.0240821838378906 -0.0407295227050781 -0.0570907592773438 -0.131034851074219
-0.0525054931640625 -0.0243873596191406 -0.105491638183594 -0.0591506958007813
-0.0624618530273438 -0.0292854309082031 -0.0882720947265625 -0.0226669311523438
-0.0613594055175781 -0.0234375 -0.0791168212890625 -0.00141906738281252
-0.0387916564941406 -0.0474128723144531 -0.07635498046875 -0.00209808349609374
-0.0123214721679687 -0.0756149291992188 -0.0859527587890625 -0.00814056396484377
0.0341262817382813 -0.0898895263671875 -0.104209899902344 -0.0333328247070313
0.125534057617187 -0.0451507568359375 -0.075927734375 -0.0837783813476563
0.148834228515625 0.0248260498046875 -0.09051513671875 -0.094207763671875
0.160354614257812 0.1051025390625 -0.0929718017578125 -0.0955047607421875
0.142974853515625 0.1534423828125 0.0296401977539063 -0.086669921875
0.139045715332031 0.0820770263671875 0.0174789428710938 0.0427970886230469
0.161529541015625 -0.023345947265625 0.114105224609375 0.0455093383789063
0.0921478271484375 -0.0796737670898438 0.13623046875 -0.050933837890625
0.0203323364257812 -0.106147766113281 0.0729522705078125 -0.121284484863281
-0.0412139892578125 -0.0784988403320312 -0.0294952392578125 -0.114570617675781
-0.0808639526367188 -0.0451812744140625 -0.0750579833984375 -0.048797607421875
-0.0933990478515625 -0.0489883422851562 -0.0571708679199219 -0.0146293640136719
-0.0942916870117187 -0.0363388061523437 -0.0504570007324219 0.0119743347167969
-0.0627899169921875 -0.0643424987792969 -0.0520973205566406 0.0219268798828125
-0.0252761840820313 -0.102928161621094 -0.0708160400390625 0.0194168090820312
0.0410079956054687 -0.11981201171875 -0.101783752441406 -0.00460052490234376
0.155303955078125 -0.058929443359375 -0.082183837890625 -0.0599517822265625
0.174606323242188 0.0347747802734375 -0.0773086547851562 -0.07623291015625
0.174652099609375 0.136764526367188 -0.0601997375488281 -0.0487022399902344
0.12091064453125 0.18658447265625 0.0699501037597657 -0.0260009765625
0.14068603515625 0.131134033203125 0.0417251586914063 0.0753097534179688
0.200515747070313 0.011505126953125 0.111976623535156 0.0736007690429688
0.1339111328125 -0.08074951171875 0.1400146484375 -0.0125350952148438
0.0443878173828125 -0.133163452148438 0.091949462890625 -0.083404541015625
-0.0452194213867188 -0.104888916015625 0.00398254394531251 -0.0825424194335938
-0.094635009765625 -0.0608139038085937 -0.0337848663330078 -0.0340843200683594
-0.109565734863281 -0.0611495971679688 -0.0193614959716797 -0.00387191772460938
-0.115005493164062 -0.042327880859375 -0.0128688812255859 0.0234527587890625
-0.0790634155273438 -0.0717315673828125 -0.0184669494628906 0.0448417663574219
-0.0369110107421875 -0.11572265625 -0.0490036010742188 0.0439033508300781
0.041259765625 -0.132499694824219 -0.090850830078125 0.021240234375
0.1654052734375 -0.0632476806640625 -0.0790786743164062 -0.0384674072265625
0.177291870117188 0.042694091796875 -0.0541419982910156 -0.0625152587890625
0.16339111328125 0.15093994140625 -0.0204849243164062 -0.000610351562499989
0.0783233642578125 0.182662963867187 0.10052490234375 0.04156494140625
0.10882568359375 0.15118408203125 0.0624542236328125 0.108299255371094
0.193206787109375 0.0480804443359375 0.0991592407226563 0.0971527099609375
0.145843505859375 -0.0587921142578125 0.128715515136719 0.0278854370117188
0.0592041015625 -0.129875183105469 0.0976943969726563 -0.0362625122070313
-0.040985107421875 -0.112556457519531 0.0342597961425781 -0.0432205200195313
-0.0924148559570312 -0.0648117065429688 0.00987243652343749 -0.0151424407958984
-0.109268188476563 -0.0642471313476562 0.0208816528320312 0.00649833679199218
-0.117637634277344 -0.0443115234375 0.0279254913330078 0.0330104827880859
-0.0828094482421875 -0.0727157592773438 0.0159492492675781 0.0641593933105469
-0.0393524169921875 -0.116416931152344 -0.0264930725097656 0.0652275085449218
0.0437393188476563 -0.127281188964844 -0.075653076171875 0.0407257080078125
0.16180419921875 -0.0500030517578125 -0.0734024047851562 -0.0225830078125
0.157989501953125 0.057403564453125 -0.0284271240234375 -0.0518989562988281
0.125396728515625 0.150115966796875 0.0152702331542969 0.0458297729492188
0.023681640625 0.1429443359375 0.12017822265625 0.0996780395507813
0.056365966796875 0.13671875 0.0755691528320312 0.132720947265625
0.145126342773437 0.066131591796875 0.08013916015625 0.110939025878906
0.124557495117187 -0.029388427734375 0.107994079589844 0.0575332641601562
0.0589675903320313 -0.101676940917969 0.0938949584960938 0.00491333007812499
-0.031890869140625 -0.0967025756835938 0.0593109130859375 -0.00623321533203126
-0.0768966674804688 -0.0567855834960937 0.048675537109375 0.0018310546875
-0.0930404663085937 -0.0564804077148438 0.0566253662109375 0.0150108337402344
-0.10455322265625 -0.0406265258789063 0.0658760070800781 0.0417594909667969
-0.0738601684570313 -0.0678939819335937 0.0465621948242188 0.0809707641601563
-0.031219482421875 -0.106216430664062 -0.00737762451171876 0.08544921875
0.047210693359375 -0.107353210449219 -0.0630378723144531 0.0572166442871094
0.143936157226563 -0.02496337890625 -0.0679092407226562 -0.00864028930664062
0.121444702148438 0.0727386474609375 -0.00712203979492187 -0.0398445129394531
0.069580078125 0.134811401367188 0.0393905639648438 0.0888214111328125
-0.0317611694335937 0.0780487060546875 0.126243591308594 0.134475708007813
0.001434326171875 0.0922317504882812 0.0833587646484375 0.141067504882813
0.0761795043945313 0.060943603515625 0.0658187866210938 0.112396240234375
0.079254150390625 -0.0029754638671875 0.0911712646484375 0.0739517211914063
0.0426712036132813 -0.0593185424804688 0.086273193359375 0.0321273803710937
-0.0206489562988281 -0.0652618408203125 0.0751495361328125 0.0191802978515625
-0.0506515502929688 -0.0392875671386719 0.078094482421875 0.0126266479492188
-0.0636177062988281 -0.0403785705566406 0.0839920043945313 0.0206451416015625
-0.0762557983398438 -0.0326156616210937 0.0963134765625 0.0486221313476563
-0.0535736083984375 -0.0547027587890625 0.0690689086914063 0.0965805053710938
-0.017791748046875 -0.0844802856445313 0.00377655029296874 0.104843139648438
0.0466842651367188 -0.07568359375 -0.0578384399414062 0.0710525512695313
0.111541748046875 0.00261688232421875 -0.0688247680664063 0.00125503540039062
0.07177734375 0.0795059204101563 0.00620841979980469 -0.0251808166503906
0.00330352783203124 0.102096557617188 0.0462188720703125 0.125755310058594
-0.051547211466507 -0.00954700562697393 0.0843434152381447 -0.129912888114967
-0.0341846315016799 0.0490834170740467 -0.0129271127147719 -0.0170466498245953
0.0114315568354167 0.0599164701713432 0.051842307463155 0.0677253456138967
0.0475512009455535 0.0160954891429881 0.118243875797505 0.0197638093715324
0.0354134967982684 -0.0256272301229336 0.123746589878584 -0.0650476055866572
0.00778964182959153 -0.0264250492677478 0.0745868443528513 -0.126658515144997
0.0073237747836871 -0.0259789375191495 0.00757145945793135 -0.140192782889746
0.0103046028296675 -0.0255160795791133 -0.0302522890716307 -0.119985364778656
0.0118277205115055 -0.0219043404775248 -0.0279907562973931 -0.0979741910410561
0.0174805909968177 -0.0101136859742042 -0.016882561536508 -0.0985321146616577
0.0228614376936346 0.0122306123517907 -0.00650066863561826 -0.112374936428698
0.00742897614416017 0.0435567594794371 0.0288382626732298 -0.120772924159854
-0.0415268135813971 0.0381341280442811 0.0730655964671565 -0.112105045091929
-0.0624877072415668 -0.00945096307530541 0.0692630386404151 -0.137674850553647
-0.0463655529171373 -0.0506903119296274 0.0370093765197064 -0.188909052300236
-0.0276379493576051 -0.0862656347613829 0.0883222275542053 -0.112130765584859
-0.0499078509050159 -0.0239563539949901 -0.0228293528293197 -0.00527631704400514
-0.0465302256323762 0.0139314790587383 0.0490480146092771 0.10067363375385
-0.0137663131633866 0.0210326709140363 0.135858611237105 0.0483775477150313
0.000799757126308401 0.0171790102178582 0.150602997914316 -0.058426690352906
0.00198936139521679 0.0165695190613415 0.0898384647726549 -0.129285220997269
0.0123529113854181 0.0209219170214214 0.0179448875772906 -0.143207196488628
0.01884003856952 0.0223654191974952 -0.0254206444780576 -0.120777556272126
0.0151125431291187 0.0267938199987989 -0.027244167754857 -0.0978802704269804
-0.000669082566964317 0.0269944332408886 -0.0201046465559442 -0.0897844910226791
-0.0181947354412599 0.034948617477062 -0.0128610228790136 -0.10087179949807
-0.048097514630633 0.0269328554206992 0.0101938509512447 -0.113346403501642
-0.0797442389308894 -0.0154309608432647 0.0508752921553187 -0.106206701371955
-0.0584018474883292 -0.0761771141772379 0.0450919325618105 -0.134944672001503
-0.0134955332880287 -0.12253486296842 0.0227729894081473 -0.17646999616033
0.00844827825762441 -0.151241832045985 0.0820182980305699 -0.075028841560703
-0.0470589602007177 -0.105269633731609 -0.0414258661543109 0.0183293673454748
-0.0990772780858005 -0.0513143140605894 0.0340389627850558 0.140661463043041
-0.0864082854695202 0.0102680197197161 0.14218099695092 0.0917954107998936
-0.0478874835850845 0.0554815701105453 0.172098783164293 -0.0336286181124235
-0.0130785801010894 0.0603782862338709 0.10316134547596 -0.11406288519119
0.0125541688627727 0.0658987805843333 0.0285320814941094 -0.126839221970305
0.0258497160230388 0.0676054418890385 -0.0169053493934942 -0.104145806981196
0.0208820996969195 0.0714243433850697 -0.0258892090513116 -0.0796273423106252
-0.00878093168794279 0.0619302556999551 -0.0275013967451524 -0.0677311563917995
-0.0450039270681228 0.0639015860422948 -0.0281247451341709 -0.0808992609281519
-0.0958541509986826 0.0283735086691251 -0.0165208776497069 -0.101078785194903
-0.120537571728776 -0.0453516615687918 0.0244438029586271 -0.100579852068564
-0.0656094034112977 -0.12545380578588 0.0226270101924707 -0.123776517801702
0.00922590170844314 -0.177794876693412 0.00290135061404848 -0.141772900392899
0.0493924966369107 -0.192395239577177 0.0600199572288094 -0.0188032500582806
-0.0242302244027422 -0.175673202546477 -0.0667698360926641 0.0501682619280587
-0.129779260538071 -0.12494365066938 0.00313669296322699 0.177384527152059
-0.149845148422057 -0.0182835735301508 0.126481081825611 0.137646281844714
-0.101904840352422 0.0783859790468162 0.17500991355719 0.00630430723973809
-0.0350406486233952 0.095454724483493 0.107051812777045 -0.0806007938715502
0.00639204762614142 0.102203665756101 0.0367895652079915 -0.0930654928084683
0.0294506482222479 0.102997120465139 -0.00653566442003567 -0.0711919315730599
0.0284274354924274 0.106652179040694 -0.0217803898700575 -0.0482532600170914
-0.00880465173764395 0.0910191941549809 -0.0322848026605899 -0.0338352600345748
-0.0567930324425532 0.0911109914840097 -0.0429262825372249 -0.0519664537922024
-0.126698505978103 0.0393479962063351 -0.0409178131075384 -0.0801418090860118
-0.151845579215779 -0.0578931860557785 -0.00053394386222641 -0.0888508903223921
-0.0748384453833916 -0.152415817630295 0.00996716862181116 -0.102922847471204
0.024721500217172 -0.207396838156407 -0.0156232057166078 -0.0910144091997027
0.0830367335895188 -0.199095451093002 0.026466681507823 0.0463574271967901
0.0135657659717916 -0.212057282788981 -0.093858649161793 0.0839628928487013
-0.12502940050545 -0.18362100794628 -0.0382795062723934 0.195904750407408
-0.182170984338946 -0.0584578595482051 0.0869038509305768 0.172165404203427
-0.142455442352742 0.0774317140748946 0.153788321436072 0.0517518160563212
-0.055798957497712 0.113004956505651 0.0983620410932585 -0.0337960701878243
-0.0029680664605826 0.121825484072459 0.0397270298644608 -0.0464979786271461
0.0289293468656262 0.12282559732776 0.0043491503802302 -0.0284369804314702
0.0323784300716408 0.125991972027147 -0.0146879837204139 -0.00735345673873371
-0.00675320807158226 0.108838512325066 -0.0332421543272394 0.00608182760340704
-0.05982882289758 0.107230890849768 -0.0533234454074199 -0.0174115838712945
-0.139174952174374 0.0458909602835184 -0.059003561102287 -0.0549654778925937
-0.162059913328138 -0.0641513637154193 -0.0177464276973648 -0.0744779416629944
-0.0714261929923198 -0.160355474746147 0.00838030266569807 -0.0768166689133142
0.039441549901747 -0.207738099240342 -0.0292036636023835 -0.032031401799219
0.0990903201776655 -0.168209108292204 -0.0115837700804794 0.107877962361836
0.0485063087750197 -0.200847678836156 -0.115444913733156 0.112526559967861
-0.0887026194223144 -0.201797887203648 -0.0764916488554743 0.190072062459858
-0.170597954761214 -0.0889565579785868 0.0365033453897593 0.182370679566124
-0.152057819640242 0.0582719820804187 0.110503767360489 0.0873003478892077
-0.0671377804269923 0.108766290204405 0.0759703221636071 0.0143306158396416
-0.0104787683648901 0.120640526432536 0.0373433232692908 0.00412107409655745
0.0236389352787791 0.123722962172588 0.014417539307965 0.0169920737725716
0.0308689084446534 0.127606561305883 -0.00656674017984968 0.03566990168156
-0.00664217702914609 0.11123896397834 -0.0319901337672992 0.0462548228798895
-0.0599368577625945 0.107781128144047 -0.062429301582829 0.0162811899251524
-0.136438802449127 0.039182768107341 -0.0713404820673867 -0.0300950664219769
-0.14893930926887 -0.0712985944746745 -0.0301186132553255 -0.0611644226741633
-0.0503308982858131 -0.15459113203911 0.0122017489743743 -0.0516316901696464
0.0556823441461799 -0.179288270657053 -0.0402618065029219 0.0239423370691016
0.0916668672650605 -0.107806602761823 -0.0422939215396705 0.153541535974576
0.0686335233435907 -0.148948888664557 -0.122872601514933 0.130809017077089
-0.0414173756623888 -0.17323955636754 -0.0982011463891277 0.16564685751998
-0.126909614398836 -0.0939608558011326 -0.00784377983442363 0.168829806562182
-0.130609923975867 0.0337749902730843 0.06410862517717 0.105895578298785
-0.0620050902685132 0.0876504823556469 0.0498047534862361 0.0543880483339102
-0.0135863596505863 0.101869875298421 0.0331553023292456 0.0490639339643393
0.0157556822713454 0.106313785254838 0.0224575682573231 0.0574503207260351
0.0230819325247742 0.112935543056223 0.000938178073532594 0.0759758522149222
-0.00988333089321146 0.100264006060662 -0.0332634537505303 0.0813800605495101
-0.0576446335749812 0.0934170831366467 -0.0733931991428204 0.0442718238333575
-0.121581851859912 0.0223763682916741 -0.0825981343788232 -0.0129370149524948
-0.118898840347452 -0.0793486424098444 -0.0394323855832071 -0.0525990600520224
-0.0173063353465148 -0.136845936249014 0.0158420659727251 -0.029885869593378
0.0704989790249189 -0.128162734698342 -0.0544325520275798 0.0707065076302839
0.0655101770786643 -0.0301548048811753 -0.0561402162908441 0.178774346931106
0.0660218392437273 -0.0740447228458853 -0.111661514622497 0.139535362233938
-0.00264893027319608 -0.110550142649251 -0.098666318852895 0.136250799273989
-0.0695800179001157 -0.0739641692737222 -0.0323849733884751 0.145961619882654
-0.086628983683695 0.0108813941851649 0.0273988943987576 0.111222316929766
-0.0457958131616095 0.0559750035681185 0.0293397723685532 0.0809408011481441
-0.0130168330468965 0.0669571674110126 0.0279282600798358 0.0816734804195884
0.005832820096114 0.0734807834546424 0.0272283476450312 0.089741534154354
0.011845495922479 0.0815411650229332 0.00431639652407121 0.109475063027276
-0.0140510173491066 0.0761687468845488 -0.0397059994951045 0.109265796461491
-0.0512416017059236 0.0664780149646082 -0.0898147949781031 0.0635311266234096
-0.0930473815145855 0.00185546309266382 -0.0957422011335443 -0.00540666727502442
-0.0753029607517137 -0.0774176220512751 -0.0478290269170247 -0.0520394140470699
0.0172155657644126 -0.102542828148678 0.0145590106209867 -0.0138662020841111
0.0769847042018687 -0.0604852305058971 -0.0723615749150221 0.10287227543699
-0.0533768385478969 -0.00709337560507181 0.0800025835165443 -0.137482234614566
-0.0321470025868147 0.0518771033431995 -0.015217813132984 -0.016237945849385
0.0153500041974288 0.0608273677592714 0.0558181196240969 0.0685144783644702
0.0492050466043805 0.0141151675645639 0.12364162260648 0.0154275154100494
0.0333445916316597 -0.029004076111502 0.124335910822584 -0.0735774206832711
0.00662837129330807 -0.0273137056662892 0.0702312073296314 -0.135458153614514
0.00620127196045792 -0.0260421666158256 -0.000180584624082685 -0.144584676131412
0.0091709499979386 -0.0264719756636224 -0.0384004689207926 -0.120674106974475
0.0115251177208279 -0.0228210433053317 -0.0341721677202979 -0.100157717252695
0.0173839766496287 -0.010429891130185 -0.0242034873816353 -0.101695246398099
0.0240912018033677 0.011380678917801 -0.0136972348985772 -0.116235444956828
0.00968833794184567 0.0436475394244134 0.0234070887766057 -0.126053456441062
-0.0408895365681065 0.0419970193020376 0.0719509988386357 -0.119221469031539
-0.0642872712199389 -0.00652821546351057 0.0659702948635126 -0.143425038428245
-0.0504275747849662 -0.0493947141619671 0.0309424256942969 -0.195626470686593
-0.0325501700271674 -0.0872043736915788 0.0849844983798932 -0.119871266267556
-0.0519243253796091 -0.0224807751858867 -0.0247673244682622 -0.00312374121067497
-0.0468271259176643 0.0166454575653449 0.0548318635589304 0.102699996202895
-0.0143740881254697 0.0219690566785675 0.143003659786622 0.0446165445960558
0.00092925294249525 0.0171713085049945 0.153325043483492 -0.0679975737083091
0.00196160157119601 0.0174414301446929 0.0861008506061415 -0.138638128818102
0.0143823665257825 0.0213269270429178 0.00905579746454251 -0.147943123614317
0.0212121135139406 0.0217216865151858 -0.0337556735703383 -0.122246936191726
0.0168209819537659 0.0271992376264252 -0.0342690562747249 -0.0992714453630317
0.000195955745504122 0.028567391966456 -0.0264217936868383 -0.0927729572005082
-0.0171244841950898 0.0372135094253907 -0.0198738640243101 -0.104449569514872
-0.0489292567192542 0.0291843968865819 0.00459216099537554 -0.117315181908689
-0.0832135467582523 -0.0114167817869349 0.0492409225430652 -0.112958577304435
-0.0624235243640541 -0.0754281929537485 0.0409242416987388 -0.140431000798952
-0.0200589449626309 -0.126037670178946 0.0166887932504772 -0.182553176877351
0.000392773214857077 -0.156278754732925 0.079868542549677 -0.0797587733893946
-0.0534081437465812 -0.105554092694498 -0.0423661998163973 0.0225297167204308
-0.104963266444222 -0.0473409924154877 0.041285108121774 0.14508469632073
-0.0881544171870594 0.0144888256308966 0.151012721111433 0.0879569515983531
-0.0466019039482366 0.0590349434912744 0.175792553206712 -0.0443482087622925
-0.0114305596915343 0.0632464058712218 0.100736655664605 -0.123295732729484
0.0159155869366234 0.0677904288891677 0.0214503089173105 -0.132409850295618
0.0315472626605797 0.0679875008083623 -0.0242571618497925 -0.104969753222549
0.0256832564549487 0.0728947577779873 -0.0317451085507074 -0.0804416199883962
-0.00626665464410567 0.0652805897478442 -0.0326222085734226 -0.0694101608840466
-0.0435856214055228 0.0682871194293051 -0.0348242233676147 -0.0834190689485192
-0.0974434602437709 0.0338194053287047 -0.0223970503978914 -0.103511055238854
-0.12691612109811 -0.0406211649709508 0.0216454127856464 -0.106380728492926
-0.0731180195856375 -0.126041851454915 0.0176535378618568 -0.128038338614048
-0.000137504035249624 -0.18372888765841 -0.00273468168371059 -0.145851651068249
0.0405076684447254 -0.20097199111456 0.0595767287701022 -0.0215009361220666
-0.0334254424294871 -0.179397171998905 -0.0673945242880837 0.0568959837546987
-0.140917165852896 -0.121656902285663 0.0103821348735578 0.184049837441642
-0.156723993362052 -0.0118347153124088 0.137336629488561 0.137075078613676
-0.101074676791038 0.0852831204619748 0.182221349528949 -0.00295726522439634
-0.0319573236840909 0.100669681938006 0.106505303828123 -0.0887156536924369
0.0117647171604341 0.105135189297151 0.0320691983168303 -0.0974998174801517
0.0368748060771208 0.104092203220098 -0.011615659984446 -0.0728421854338195
0.0351427297806004 0.107830549456509 -0.025971028503868 -0.0486230532532106
-0.0048492021619166 0.0949035135069908 -0.035502838817079 -0.0338198526665963
-0.0543871264958391 0.0966603371599893 -0.0486522705120102 -0.0521476362443892
-0.128882258702965 0.0469807795290173 -0.0473535266868802 -0.0808323770815318
-0.159276152718737 -0.051180980664723 -0.0035631698212669 -0.0939441254068744
-0.0844076444662063 -0.153560788209757 0.00557950939909676 -0.106562660667996
0.0145582028980811 -0.21585644053683 -0.0199099985506911 -0.0928047746040591
0.0761227243556173 -0.209422859830867 0.0284422469666549 0.0465308042453098
0.00340689009752191 -0.218993919460928 -0.0945283142062928 0.0924655367669238
-0.137683179361536 -0.181655949355974 -0.0312537594974075 0.205478473727216
-0.191044530357151 -0.0524174889384822 0.0974823349995233 0.174655707418705
-0.142612158300364 0.0873802527570978 0.161837006875255 0.0450222961665216
-0.0522899730796648 0.119474717443021 0.100003732259774 -0.0396186954428411
0.00321579593776454 0.125843097356859 0.038558112488408 -0.0500358841970292
0.0371727098216501 0.12444288238392 0.00211660813413175 -0.0296128473741155
0.0415962190205549 0.127848276279423 -0.016306039608118 -0.00641278371222893
-0.00132556167289416 0.112208901534572 -0.0343698793182294 0.00723046051200681
-0.0556913368177259 0.113724639886387 -0.0583878286099805 -0.0162301446858135
-0.141388670882866 0.05441456685762 -0.0650399640486514 -0.0534965655672538
-0.17057900123983 -0.055689321214661 -0.0215899653583768 -0.078534879979887
-0.081974638748858 -0.162618399576645 0.00454316317362991 -0.0813381342197854
0.0298654016339235 -0.216778618212746 -0.0307198225341286 -0.0310625102755574
0.0930502205455065 -0.178757568357007 -0.00807258122321044 0.111815091476686
0.0412747592673003 -0.208920190631948 -0.11523174269416 0.121513718213727
-0.101427119274299 -0.20266835078833 -0.0710592451866793 0.200136287002468
-0.181773136649068 -0.0844328144716873 0.045119498694795 0.187095213925847
-0.154079717203553 0.0687097307044572 0.120862871996832 0.0837374274210279
-0.0629239166661536 0.115715397739041 0.0796700806420875 0.0117903379090854
-0.00470435325946855 0.124788990650179 0.0396148044301928 0.00210143326041816
0.0321174725714005 0.125864287600146 0.0157359136086058 0.0164194644736583
0.03941224272736 0.129878436259589 -0.00509747170154477 0.0378202238855893
-0.000968156925956245 0.115139455967927 -0.0319878746760257 0.0479755408723983
-0.0552885572936351 0.114199205699127 -0.0651620092548014 0.0187397104335287
-0.138968382180647 0.0469639304757047 -0.0763602735980874 -0.0277460387194065
-0.157521944165877 -0.0646912901260749 -0.0337389706489967 -0.0635975731115399
-0.0593612542720024 -0.1567402459448 0.0104478661262867 -0.055168371776608
0.0482731274480319 -0.188472173834863 -0.0397399924274141 0.0269375439461885
0.0883285706354851 -0.116635211651007 -0.0371719957469839 0.16072699209595
0.0633973627137386 -0.155783592667951 -0.121347427011954 0.140310380663067
-0.0522370583454959 -0.175636151035468 -0.0952695356024365 0.176069636035772
-0.136172091925286 -0.0914370314835685 -0.000881494956914938 0.175409694399033
-0.132829348377705 0.0422228423108716 0.0722035642913095 0.106252229463389
-0.0592092957317701 0.0934490997833848 0.0546101867815395 0.0540077780598509
-0.00830781172269164 0.105561186209726 0.0374946384910167 0.0484340573565692
0.0233016061685265 0.108394027450339 0.0265208335074574 0.0580098208939726
0.0308620897604549 0.114569878338959 0.00535982889636959 0.0785869761393997
-0.00494485992368046 0.104050764346648 -0.0303471660527742 0.085158158242472
-0.0542985788529305 0.0989686027408192 -0.0754657329508766 0.0491680862141529
-0.12394429044017 0.0289402597885059 -0.0863884235552778 -0.00992936566964802
-0.126828474511259 -0.0740258962670966 -0.0426299932612965 -0.0540282884493556
-0.0250388692108543 -0.139942446125638 0.0143997029494477 -0.0331363443761604
0.0664922718617937 -0.136697369032797 -0.0527106627854265 0.0763835498665463
0.0656274507816812 -0.0348468101803334 -0.0501352638778871 0.18594910429411
0.0651009803429581 -0.0788475652098181 -0.109928330039784 0.147807579279573
-0.00935894707047377 -0.113060246044698 -0.0963919564379735 0.14558081527416
-0.0757342507801468 -0.0726453757986877 -0.0277985393814697 0.153086705339961
-0.0880551410537809 0.0166615637033016 0.0345513499359903 0.113989930595132
-0.0432362348329878 0.0599119380277997 0.0352422857909289 0.0822258550906941
-0.00979087772315183 0.069191144406073 0.0349213262978489 0.0825285832344641
0.0110670913885259 0.0751595865032017 0.0338963576954617 0.0897919750234007
0.0172062593062734 0.0832444880550325 0.0110937308655676 0.111724973032017
-0.010560352467302 0.0789557137307229 -0.0351500401094833 0.11475183758621
-0.048281896308978 0.0708217084633153 -0.0907197769513861 0.0699842312736315
-0.0958432751713688 0.00637403321867264 -0.0990504611575557 -0.00120908455181406
-0.0820537575978356 -0.0747733054900318 -0.0513819323720567 -0.0531477089174073
0.012902511756093 -0.105750197102594 0.0140541073713364 -0.0170954941310691
0.076068378360134 -0.0666953080639514 -0.0695462152297671 0.110128103385721
-0.054241357779694 -0.00435963517912737 0.0740226135259386 -0.141686683191523
-0.0288994460573921 0.0529492969994719 -0.017242449899963 -0.0149933748232919
0.0187042524637898 0.0602389112749065 0.0591028081379712 0.0682654053195271
0.0499277602485286 0.0117598403956845 0.126088913683567 0.0111698117250111
0.0313891823700835 -0.0309182476462724 0.122862245611155 -0.0804981614253678
0.00501556529875804 -0.0267830602251637 0.0641419495632705 -0.140780238618968
0.00532327349176268 -0.0265776892914353 -0.0083937652769383 -0.144081841735103
0.00749332334080336 -0.0274549392978407 -0.0460310756887751 -0.117572413403677
0.0104734508406123 -0.0225248198916759 -0.0407100068714503 -0.0991703557072623
0.0169463948138754 -0.0108541363692332 -0.030162851920273 -0.102671739426652
0.0245413720053465 0.0103449816202439 -0.0199403123649785 -0.116786033898712
0.0117124934916414 0.0434221454564458 0.0186119435162345 -0.128804870291137
-0.038810595063868 0.0445564114779483 0.0687196965585599 -0.124245890987647
-0.0640076162613459 -0.00369225695148405 0.0613475955149092 -0.145530065138292
-0.053058594961336 -0.0471380914577622 0.0237626742249345 -0.198745957412177
-0.0368123835895579 -0.0863041291725088 0.0795252948365883 -0.124275402373374
-0.0531360644011304 -0.0204961967301377 -0.0263280152869551 -0.000263919634168342
-0.0462483260418569 0.0196514399418558 0.0598128108329644 0.102198547683171
-0.013433252970587 0.0226968821343536 0.14688420968168 0.0391834242647125
0.000535716923570199 0.0165425081188273 0.152061281675938 -0.0763290655341391
0.00270320660104785 0.0179887975334209 0.0803074509046536 -0.145025338800405
0.0153916326612882 0.0207500368384493 0.0011656704561676 -0.148753511454752
0.0229490278220076 0.0210828468132191 -0.0415358331237754 -0.119534298110982
0.018995023817679 0.0272386155776429 -0.04002772114976 -0.0985006198422253
0.00152012404112592 0.0292875201147851 -0.0328080457137399 -0.0932518440182823
-0.0156206590636751 0.0389141070873281 -0.0266087213231696 -0.10521902270367
-0.0483276847379592 0.031761220474412 -0.000537846329709098 -0.118933989999206
-0.084407444644038 -0.00704813835867234 0.0461653902423864 -0.117198884319339
-0.0656615229344559 -0.0736894170016002 0.0361001699304955 -0.142099006949913
-0.0258661598847503 -0.126117254597727 0.0102000000765155 -0.184323292404351
-0.0065052481831282 -0.158312100539037 0.0757482244798611 -0.0838708147876906
-0.0581191355479055 -0.104086706234109 -0.0426479984153495 0.0257394648690883
-0.107663206095569 -0.0421643039026582 0.0474686693259126 0.145624384352054
-0.089530319818084 0.0180371874097814 0.156557413509207 0.0834131052321821
-0.0448642225384592 0.0620143938397392 0.176392478971626 -0.0533704997439406
-0.00865477864594115 0.0646146722953929 0.0956971764466165 -0.129747258573352
0.0195328872518667 0.0675351543214126 0.0141792320789688 -0.133314194482592
0.0359355769772041 0.0668138657439192 -0.0315911714279715 -0.103554861875195
0.0307953057154695 0.0721735943854659 -0.0372940147062997 -0.0797175003801998
-0.0035241647312819 0.066247349566884 -0.0380259315597326 -0.0688092588708653
-0.0402645515890449 0.0712216319055932 -0.040702207545391 -0.0833147751655386
-0.0970517784455019 0.0384830156448235 -0.0276770805395881 -0.103761972241285
-0.130177649388541 -0.0342566635028274 0.0185276085994131 -0.109748539200084
-0.078969207088065 -0.124274046608506 0.0127575377478024 -0.129052810556382
-0.0080189289875687 -0.185966334628243 -0.00892947752517087 -0.147149365141532
0.0308490157081879 -0.204959023510595 0.0583435434778433 -0.0241054002010513
-0.0416808092357541 -0.179641453628148 -0.0665265910762959 0.0615293284043796
-0.147593794685935 -0.11520673233316 0.0181895760672114 0.186423643208944
-0.159108649158721 -0.00609795771036591 0.143739713330185 0.133151861392992
-0.0972672557226827 0.0912613488365068 0.1840293416806 -0.0124727749367233
-0.0281781166957909 0.10322269005404 0.10378858121864 -0.0942840746712877
0.0168507556478826 0.105279958661312 0.026924421436569 -0.0994831771552008
0.0438827619467089 0.102723625437472 -0.0163971963704468 -0.0715333203011922
0.0422608323137616 0.106476502589275 -0.030050370617405 -0.0466832456862222
-0.00107365427692166 0.095606660026638 -0.0386999887404438 -0.0323247536360435
-0.0496064250902402 0.100778442149673 -0.0534147396504411 -0.0510026099893779
-0.127982304936057 0.0540964597820978 -0.0521882711914629 -0.0799245269281216
-0.16391730164212 -0.0429504610230622 -0.00772781299370616 -0.0967756388590665
-0.0914915470841819 -0.150999512091212 0.00128595454446469 -0.108422239390071
0.00455117887995282 -0.218684050913467 -0.0236961191499475 -0.0921397674263713
0.0661135564667169 -0.214984812907423 0.0295317298369966 0.0455437411641036
-0.00572222911428465 -0.220549182601589 -0.091796751893754 0.0981675496608785
-0.148474548635567 -0.175601914776653 -0.0235798863869663 0.209500495817021
-0.196525891786183 -0.0437602762254278 0.105511088018317 0.172715960438322
-0.138968817676031 0.0954305738135419 0.165911313863298 0.0356864293084245
-0.0470343270660986 0.123285953711375 0.0991542980177277 -0.0445381392589386
0.0100790767523248 0.126278736010061 0.0358384936129329 -0.0520156521016627
0.0450383778988803 0.123225026950143 0.000385309997776764 -0.0293650754941909
0.049281051952245 0.126472614679302 -0.0175250146006906 -0.00544073087291279
0.00363630150667389 0.112728361815444 -0.0350854671143647 0.00916144464083425
-0.050758979808068 0.117377042234596 -0.0618309074949368 -0.0134470807107818
-0.140180791140197 0.061358535156931 -0.0689632119449033 -0.0506472247356186
-0.174657442574102 -0.0474797089912561 -0.0254835794430869 -0.0805972980331992
-0.0900504455198213 -0.160245297411438 0.00138704118769182 -0.0823472492415349
0.0203726317818161 -0.220521580939039 -0.0318641667943217 -0.0300663564501229
0.0850644404096569 -0.184867431461154 -0.00483302596252558 0.112564830370216
0.0332645062448619 -0.212048261604894 -0.111422196947361 0.128152845060332
-0.112033030612997 -0.198423322264911 -0.0646352352274514 0.205614353342765
-0.187538893037226 -0.0770850732930808 0.052360971378707 0.188038372721706
-0.151141554541216 0.0775132315910163 0.124890033603164 0.078046264815571
-0.0579296397621232 0.120240131994085 0.0812912325977438 0.00816168882286757
0.00152810706818971 0.127456568988079 0.0405598058191352 0.00045834838943678
0.0399172300199201 0.125121804000234 0.0163625094839008 0.0155402780290493
0.0473195161917417 0.127878329331517 -0.00331241201976437 0.0383742611027853
0.0039635547122332 0.116257923119922 -0.0302321921082398 0.0507525704379677
-0.0498967867557495 0.11679513675601 -0.0669642070661935 0.0222377601646337
-0.138694760664549 0.0543334559697059 -0.0793862052628568 -0.0246285722685606
-0.16228335518474 -0.0573312515927926 -0.0370041792317284 -0.064739270247423
-0.0677641670864134 -0.15541039482321 0.00789202064238379 -0.0576620648290008
0.0393341116835574 -0.192686641139741 -0.0391457221966675 0.0292581713805483
0.0834462479312007 -0.12222635389563 -0.0322069619856875 0.163523942451773
0.057359488496597 -0.16031112480894 -0.117284003544716 0.146472505141635
-0.0610063759963586 -0.173213260431017 -0.089154906233262 0.182173048749006
-0.142238927370845 -0.086275035886415 0.00599944149926148 0.178016696966729
-0.131022302270761 0.049893718012448 0.0784518008829688 0.103423417040255
-0.0546843978358465 0.0977812361980012 0.0591824813296361 0.0523695036992171
-0.002970109725102 0.106767381177063 0.0411607710344787 0.0466489099110271
0.0294951401288995 0.108284397298622 0.0298064147735144 0.0559774074187422
0.0385997085254327 0.112994137452198 0.00885201907235327 0.0783591985729604
3.2338340194343E-05 0.104776367970031 -0.0269696518264206 0.0875350643432497
-0.0488916042109642 0.10220790153846 -0.0755496826133399 0.0526815698097899
-0.124145860850497 0.0350292438234225 -0.0889877205843505 -0.00574745158213073
-0.131385385227455 -0.0676122601542179 -0.0457701763842966 -0.0548749129478779
-0.0318084177383842 -0.13930801509558 0.0125652444467393 -0.0356409164957567
0.0600458276547041 -0.141211981521131 -0.0491538158371372 0.0795887017130936
0.0639444664164855 -0.0380624267658064 -0.0445315933689635 0.189279490548442
0.0619611264129887 -0.0825229457773725 -0.105202127951942 0.153242130167912
-0.0146743142664246 -0.112511865548942 -0.091976707479988 0.151036184805384
-0.080409368833437 -0.0703983011167627 -0.0222128727785474 0.156630871427852
-0.0873512438616471 0.0213638962261828 0.0406145867155462 0.113730491339699
-0.040365719779587 0.0627160271141772 0.0406283579623958 0.0819691525886214
-0.00599889823043338 0.0706915774058699 0.0399218150114945 0.081358774915848
0.015704496449792 0.0749852523548359 0.0393895604138118 0.0877331458748961
0.0217984438634656 0.0817841343489107 0.0172557037984176 0.111864996015776
-0.00603775401643519 0.0802536720947574 -0.0295272108213302 0.117004993934328
-0.0453623482923087 0.0740748583194153 -0.0896701796441988 0.0755251465366028
-0.0963520742585696 0.0111862695890106 -0.101293248558764 0.00236257972404427
-0.0856889454208567 -0.0707021383394936 -0.0549180450715638 -0.0529853680779848
0.0068395962446882 -0.107150663487285 0.0129039284146144 -0.0193164728544639
0.0739175364045908 -0.0716972148713738 -0.0650753244440962 0.114573148738764
-0.0536848062026118 0.0128989465967684 0.0235497445861426 -0.160264474458818
-0.00879658647759133 0.0605213702440631 -0.0235177795880984 -0.00996363158111046
0.0400514194689906 0.049441157427911 0.0750780625741421 0.0469707791458604
0.0517610295481092 -0.00714249559011917 0.123536205228633 -0.0280814896372961
0.0182943243867685 -0.0399252594358823 0.0921851663318745 -0.114886626300913
-0.00360862503775172 -0.0280421017384002 0.0130845991690802 -0.154721196568908
-0.00381328938534405 -0.0284141075726702 -0.059247966045997 -0.131078229749483
-0.00254339656850572 -0.0286862996859099 -0.0835065417369212 -0.0923788852133067
0.00208940709190989 -0.0243859827524913 -0.0722045446805536 -0.0797728260491139
0.0125112499351743 -0.0149440323399116 -0.0635287834908602 -0.0864434626931212
0.0269322981448251 0.00205959042564606 -0.0591204963022805 -0.102286969386889
0.0249987901871163 0.0365608571674949 -0.0241086367448296 -0.12793290541902
-0.0221085209347869 0.0545356378949597 0.0278373870011186 -0.140874250447826
-0.0619559598750424 0.0188283632567665 0.015045228918356 -0.155553880903016
-0.0651968747692232 -0.0270245048666503 -0.0367398045150997 -0.191685465510493
-0.0668526477065066 -0.0715100063653303 0.0375418832708082 -0.142530592882362
-0.0578038140012323 -0.000828399671074426 -0.023200111871343 0.00764648405727713
-0.0357214128929127 0.0339442605961925 0.0902531451983731 0.0759962159117206
-0.00473002688914476 0.0256828206096305 0.152498329893925 -0.0116387860176787
0.00639741163456686 0.0146149225806196 0.118717017950169 -0.123549237713392
0.00924858664897235 0.0147774165116349 0.0257795682724775 -0.164743576755393
0.021982572569778 0.0138376500743209 -0.0520341748675055 -0.140292492608985
0.0280836749647751 0.0113081826355242 -0.0813485248293386 -0.0953257301384116
0.0275296594326669 0.0194957260362229 -0.0716966253851622 -0.0786478645644943
0.010753406152441 0.0281649198061963 -0.0630736708173672 -0.0778807007776014
-0.00171757705564489 0.0416341658862337 -0.0614217945054118 -0.0908721896680984
-0.0356268179584968 0.0455018399471636 -0.0379330379829739 -0.112599929592909
-0.0816138696005451 0.0211202701189051 0.00871539346097721 -0.126401298960403
-0.0862110960977423 -0.0472274607582711 -0.00979067784318494 -0.142890517835107
-0.0642724558950217 -0.110996018491069 -0.0484625270155614 -0.173216918504353
-0.0634367384631903 -0.151262575783941 0.0487121942566298 -0.0999457207136002
-0.093178335628641 -0.0783149225965224 -0.0261056722684296 0.0407499124750632
-0.114757054733006 -0.00162779382754886 0.0976153080286722 0.118465486846162
-0.0771121836137454 0.0500964928621826 0.177797967048614 0.0234597522718531
-0.0205564258721136 0.0722010339919835 0.147940382514186 -0.112346587811766
0.0142696612617719 0.0624925424415783 0.0436313513282061 -0.156557779787629
0.0415121744544708 0.0576327163112537 -0.0351700761535832 -0.132079278397307
0.0553847252540185 0.0494044123576072 -0.0670775691705434 -0.0842079898014302
0.053651338003192 0.0568968777799311 -0.0634141498344998 -0.0616806778647147
0.0181015254604369 0.0646431283136738 -0.0597641002015755 -0.0540451945284754
-0.0139005698810443 0.0808180158655858 -0.0684095043059205 -0.066706724330073
-0.0791804921633502 0.0686720718948764 -0.057816522017458 -0.0899183546117847
-0.133425550511609 0.0108996620385862 -0.0152927045663706 -0.109855605984439
-0.115595300293529 -0.0901002167378664 -0.028238017368606 -0.123589383682268
-0.0667474435504087 -0.174807421551823 -0.0564113898027522 -0.131519925133176
-0.0429787854642557 -0.209096341184587 0.0530266617397812 -0.0355330909470263
-0.103718374949504 -0.155811396728745 -0.0337638523439191 0.0849235701098968
-0.178399322730145 -0.0557843176097292 0.08775985589834 0.166150406920434
-0.150704285597213 0.052466881196902 0.184589164832422 0.0713605142938639
-0.0583763868206386 0.118516034317926 0.167866727888798 -0.079137390225644
0.00937311475609454 0.105282171864916 0.0624672203095847 -0.127065610853739
0.0523974321577458 0.0945488590795307 -0.0108359569346545 -0.106215175620052
0.074597006621722 0.0799445649308217 -0.0432776641231748 -0.059735987577769
0.076006998451414 0.0852321538605777 -0.0459767174813751 -0.0331238728176966
0.0307996046526657 0.0910680663903892 -0.0496329931212882 -0.0196895082542462
-0.0127828662012475 0.110336403407779 -0.0701436203589739 -0.0324851655722139
-0.103716779496513 0.0935440779979615 -0.0732229941170568 -0.0596634145965031
-0.16803282911876 0.0138085382345461 -0.035584614043315 -0.0887329967809805
-0.136502945211078 -0.111336131530243 -0.034122886588214 -0.100029755152463
-0.0656072723630484 -0.210302125733692 -0.0552741177280944 -0.0754565402359479
-0.0128863473870856 -0.230739552888341 0.0476316646427574 0.0417869434967627
-0.0839276320564588 -0.207069154754169 -0.0456615668183724 0.130840113268386
-0.200945019301295 -0.111589470226847 0.0589091993980481 0.202656491636552
-0.200234866012389 0.0304998735201338 0.163136169314422 0.121646490876534
-0.0959112219553012 0.137100783509626 0.16764989657257 -0.0285021236957428
-0.00194199179843233 0.130743997290631 0.0746437823899454 -0.0794025414527348
0.052934292364015 0.117390914252507 0.0144433322999076 -0.0656507055165165
0.0832282614856803 0.0988294314853633 -0.0135035806079503 -0.027449073579724
0.0887597323686199 0.100580706818537 -0.0204449239731501 0.00112930366768581
0.0406594848940127 0.105210247993762 -0.0328072187902215 0.018365757091175
-0.00766162552268838 0.12660011182501 -0.0654902554257507 0.00479850708084242
-0.112334316005116 0.10464073112017 -0.0796915310748901 -0.0280748241169886
-0.179904270705339 0.0134425230525935 -0.0473462756945492 -0.0675388264950458
-0.138708888646362 -0.119940120344174 -0.0268457985715885 -0.075647097128259
-0.0517059632131869 -0.217287675002844 -0.0451620531589583 -0.0145042125534705
0.0165405293429818 -0.208637022656271 0.0359310086857305 0.116220458473437
-0.0437851356710979 -0.213029673227549 -0.056909934638403 0.16609058009087
-0.174920313539913 -0.145581766742674 0.0194141695450429 0.215018035830388
-0.204221263686868 -0.00267002513521383 0.119842090376157 0.153508520175549
-0.114393025944168 0.124668090625209 0.144011626529071 0.0247424697464852
-0.0125797907702251 0.132458939574979 0.0767256771481995 -0.0236064078422891
0.0454685966314722 0.120347522427605 0.0361531726129875 -0.017945326164032
0.0785737135969503 0.102321409564967 0.017363541018853 0.0083376105066863
0.088139765101824 0.102417843058005 0.0074838424133526 0.0369260846013615
0.0424694967240714 0.10807605547241 -0.0135880721795625 0.0553961651370326
-0.00757692147350581 0.126313732332043 -0.0578767018623772 0.0407642623153458
-0.112230080751931 0.0968326340158286 -0.0811201652177 -0.000443901942912185
-0.171336340023677 0.000425407239105266 -0.0535151723550971 -0.0490918072372917
-0.115953771855343 -0.123271167229249 -0.0135987121111249 -0.0543935271451117
-0.0239067626178524 -0.197964607990379 -0.0323349679070469 0.0422627053874693
0.0372764022902803 -0.146194274987808 0.0239304207019728 0.171214827278111
-0.00100347763933665 -0.172282763231195 -0.0604383555762512 0.18471325372853
-0.118072434026045 -0.140412868330147 -0.0149575918782728 0.20322006691495
-0.165149162332974 -0.0277630199907208 0.0708953935157055 0.1630172173884
-0.104681268086117 0.0923557736175104 0.108786951188987 0.0660733129835205
-0.0165373627055963 0.110481679888883 0.0711762468143934 0.0261226317240616
0.0344679825830395 0.103076943892942 0.0541448060915496 0.0257935951700504
0.0640671637888928 0.0902209980307876 0.0445105868066148 0.0415654759737566
0.073489564878934 0.0919103364650154 0.0336366174758913 0.0701407598971207
0.035710350393516 0.098374683968522 0.00193445168124355 0.089477689661477
-0.0115760955910559 0.111436199608003 -0.0549106850275389 0.0721618069703808
-0.105362117467031 0.0743076912957582 -0.0843720256604284 0.0211231520891662
-0.145551214591085 -0.0196484945495472 -0.0598236425969294 -0.0362936277574104
-0.0771382192095793 -0.119834140004723 -0.00266461734248028 -0.0367764143070145
0.0120691896994401 -0.15551618893877 -0.0258553071026124 0.0912843204885184
0.0489017736941959 -0.058109903899576 0.0182916989663223 0.198096408493898
0.0314933910198822 -0.0990045529783076 -0.0502043852724147 0.184142757204141
-0.0529363540506059 -0.0998098862891968 -0.0327796958270711 0.175825264573656
-0.100534101629626 -0.0348186896803332 0.0356167435105368 0.15453953117553
-0.0730777315650053 0.0513457759413046 0.076629335191047 0.0901468963705781
-0.014707351899517 0.0730857073843526 0.0650576491057913 0.0609605348171435
0.0194993327985086 0.0697362939947184 0.065912161071071 0.059240346921709
0.0402244180148605 0.0642648769007044 0.0653340731504208 0.0671565520729304
0.0485788407417442 0.0679162671530452 0.0528779147968695 0.0982276584574162
0.0221241215912271 0.0772665287926785 0.00946298673330483 0.118002375487287
-0.0174382976037009 0.0838692942613955 -0.0590960127755341 0.0987353057941928
-0.0875584448587254 0.0427835721414939 -0.0935047199638218 0.0338608193971693
-0.10346965975026 -0.0373918222717232 -0.0685393702031513 -0.0316559698412787
-0.029338965682306 -0.102297400605876 0.00349137251782238 -0.0225764365395985
0.0475710632086961 -0.092678777404998 -0.0283856682203542 0.127261755577652
-0.0543454660322517 0.0144581659607919 0.0213265444250025 -0.160737035996937
-0.00819671730532787 0.0609050828196262 -0.0237419642904221 -0.00790968701503715
0.0410819422406682 0.0482652021985621 0.0764510157184136 0.0475497755237637
0.0513172256951543 -0.0085269048950443 0.124992708842238 -0.0296000084266634
0.0163362275190958 -0.0398300838295615 0.0917840918792046 -0.118812669737261
-0.00371731803902169 -0.027984465758036 0.0100886467852913 -0.157371645442691
-0.00478776612041551 -0.0281931158537387 -0.0615170636217353 -0.129636122448307
-0.00379597815196353 -0.0293727353561682 -0.0853417071026149 -0.08916933063356
0.00185635157960352 -0.0245777720651894 -0.0754141407104829 -0.0790049048048356
0.0123290916190165 -0.0147340540763598 -0.0674914036962789 -0.086319178410838
0.0265629764613892 0.00207574858905047 -0.0621898187554612 -0.102467417429174
0.0254172774492066 0.0356078599713566 -0.0262541184984325 -0.129146341060474
-0.0213718216843553 0.055197376061745 0.0271958574109444 -0.143754472487275
-0.0616215854681046 0.0195260515649201 0.0159204107428594 -0.155956632881131
-0.0665264607251404 -0.0259016524949426 -0.0379522942918396 -0.192814494230347
-0.0686355187442524 -0.0713517933258571 0.0357675091500049 -0.142451981693248
-0.0581633203326272 -0.000295050560190357 -0.0235701117962816 0.00918136670196572
-0.0351471730752432 0.0343724390254357 0.0924320362396745 0.0764733902997221
-0.00456018266071301 0.0260541270397604 0.154893202158571 -0.0127973289038294
0.00572196167172836 0.0151597446784044 0.118047356272674 -0.126536126515978
0.00934672725047755 0.0154369052138058 0.0224357617745829 -0.166750223774278
0.0221970284040115 0.013764267938781 -0.0553032670905875 -0.138923325813571
0.0287559761103594 0.0106444751489362 -0.0840081647018159 -0.0928003809467374
0.0280956589468926 0.0182430352885478 -0.0754507184808741 -0.0777311731649724
0.0114936125070638 0.0284533579842714 -0.0669503804060882 -0.0774077117026399
-0.00141084186237364 0.042816459207557 -0.0647180599779966 -0.0904348700087722
-0.0357936119599282 0.0462884075389437 -0.0401800189435625 -0.113655869180688
-0.0813163937214635 0.0229464571856683 0.0079342828618415 -0.129221358309063
-0.0875232143601869 -0.0466083582056781 -0.00968895616914557 -0.143438234139719
-0.0672114879553156 -0.11104128828107 -0.0496221084595041 -0.174443414718623
-0.0663151549838765 -0.151036721762964 0.0469528910007347 -0.0999900474057497
-0.0943543405212409 -0.0782797586940607 -0.02630288876478 0.0429725778221173
-0.115372979697788 0.000136865199490862 0.100304650656127 0.11976128061754
-0.0780269332629509 0.0511500297015851 0.180621380439692 0.0222634178613937
-0.0196955900965351 0.0734777728022087 0.147503867876954 -0.116419787779004
0.0150646770178877 0.0632787866518166 0.0408001614112455 -0.159040132819916
0.042775855381331 0.0568386073213034 -0.0381207925512745 -0.130905563317832
0.0574398941616677 0.0480972771559136 -0.0699567651843779 -0.0813770029319476
0.0557646778642325 0.0556726169923631 -0.0664626702159788 -0.0602805405914363
0.0196910304994009 0.0654243748705348 -0.0630539135948805 -0.0529948886593948
-0.0126972022714599 0.0814346543857849 -0.0723950461675667 -0.0655512055504749
-0.0794371616188074 0.070654927747762 -0.0601797026508943 -0.0903800942576955
-0.135042449515123 0.0136077199131092 -0.0162782944696398 -0.112413753510402
-0.118284585504318 -0.0897912653901717 -0.0291259704075072 -0.123098286330733
-0.0704692748396655 -0.175334514216667 -0.0580262943750686 -0.131959182313568
-0.0472707918791981 -0.210894227602588 0.0508112846213081 -0.0345143193833178
-0.106705875077319 -0.156368923658555 -0.0339665893129052 0.0869192412766085
-0.180252319600314 -0.0524305068967486 0.0908369697914539 0.167773619346047
-0.152966013669142 0.0554851949219411 0.187700604139496 0.0713005440373356
-0.057264901896348 0.12077226174003 0.167489698847459 -0.0835470570006132
0.0113383372314996 0.106710334836188 0.0607298453587173 -0.129537197467456
0.0546940996131685 0.0941546905221842 -0.0140367463725433 -0.10608982582763
0.0776103929009457 0.078534032140144 -0.0453001087781991 -0.0582204107191146
0.0795727068352733 0.083085638891075 -0.0473427234565779 -0.0322890756514023
0.0319733073564172 0.0914295133145186 -0.051528270597368 -0.0184819078845955
-0.0101536846592176 0.111763080463646 -0.0737804314777057 -0.0308641248073218
-0.103244081786597 0.096488422687336 -0.0751829062221188 -0.0596112082810324
-0.169298673658327 0.0174283212329046 -0.0371750752194133 -0.0910683283341676
-0.140342977276652 -0.110647265148971 -0.0354335232030139 -0.0998600203955012
-0.0700958602496888 -0.211901424449227 -0.055878322766221 -0.0751103548618812
-0.0169040094601582 -0.232269054561605 0.0468338414152984 0.0423829751967072
-0.0871964858249971 -0.207975730070749 -0.04548410885431 0.132942187282979
-0.203431391843253 -0.108966185044695 0.0614795565461747 0.204668449456749
-0.201982389767104 0.0349159937720857 0.166634749854074 0.121705265837734
-0.0938167167932998 0.140239477424645 0.168280302919555 -0.0322239657602389
0.000717866170566775 0.132698624022822 0.0743542585130551 -0.0818107006596837
0.0557191431490294 0.117273226745872 0.0124940956073051 -0.0654685013998966
0.0869943885302656 0.0969049605206108 -0.0151819036369749 -0.0268210991565218
0.0924811765525967 0.0981988503347637 -0.0215080381497933 0.00189584967908403
0.0429588975717907 0.105874672355073 -0.0335843767627865 0.0189812904774854
-0.00494621610485547 0.127297815144411 -0.0680743059851918 0.00689981847568265
-0.111124381515246 0.108081491245142 -0.0813682253990529 -0.0273543430718083
-0.180998013562824 0.0172171137580132 -0.0496613506891805 -0.0694202226149562
-0.141188117028186 -0.119215356912592 -0.0286287013816859 -0.0760572691789146
-0.0560922422563552 -0.218913959432814 -0.0443787417225155 -0.0139745866167554
0.0133778849721727 -0.210470961566657 0.0347840744546443 0.117045044297092
-0.0460513456459343 -0.215155710733778 -0.056330494503513 0.168733662996318
-0.178882340983126 -0.14280967587777 0.0220789434574816 0.217970395231036
-0.206562393494131 0.000976205699749174 0.122576784375035 0.155696029025065
-0.111682834597451 0.12880898964036 0.145590379885845 0.0216124487584717
-0.00988776966578587 0.134121637020666 0.0777338882109494 -0.025385482380429
0.0486055964917281 0.120972140138515 0.0369643604006742 -0.0190341951275054
0.0829412575507988 0.101000324244482 0.0169139103051528 0.00776179909838141
0.0910916837983005 0.101009596501554 0.00869357188593376 0.0364455091457813
0.0442025021503689 0.107604058851396 -0.0130261721598438 0.0566226361443615
-0.00516190854501208 0.126572973905226 -0.0599868894222947 0.0428678798750717
-0.111764555875574 0.100415721589019 -0.0829041038124329 0.000327734630250299
-0.171882074691649 0.00438736985243021 -0.0563021664984348 -0.0510676461007079
-0.11919186807909 -0.121995540223886 -0.0151868829612855 -0.0557527246644277
-0.0282914409736033 -0.199324698060575 -0.0312687110557958 0.0428010937728807
0.0351865315015805 -0.148029298429123 0.024446429051454 0.172837731443595
-0.00306164592234734 -0.17388652314201 -0.0593892609060589 0.186669755899376
-0.120745710670405 -0.137973709209809 -0.0133564595749044 0.205525604637671
-0.16753828136677 -0.0247285902101435 0.0742520414798186 0.165380943668122
-0.103179360590044 0.0956398963079168 0.110896099398449 0.0646441173264342
-0.0139621847128429 0.111720139661766 0.0729025497528895 0.0247654049454467
0.0368899198908526 0.103435624909422 0.05585076258934 0.0240618305669028
0.0677670196799523 0.0892889224024873 0.045356581065576 0.0396988336253008
0.0768836954579241 0.0901399008603271 0.0351925063688774 0.0698624308877913
0.0379126033014069 0.0981621761075392 0.00290868751490821 0.0897694189747285
-0.00929268689887437 0.112314238061807 -0.0550266360455438 0.0743858952827152
-0.105575793591575 0.0768040700166767 -0.0858978993418087 0.0224508983808354
-0.146718997620835 -0.0164410097776415 -0.0620903841040658 -0.0374145204846824
-0.0796181077374331 -0.119357518670959 -0.00396263118791348 -0.0374550424843289
0.00902364084678615 -0.157203531810134 -0.0241807984539269 0.0918296528070479
0.0476519646439565 -0.0593049540430231 0.0183864296915583 0.199509171896747
0.030299609463722 -0.100528350853233 -0.0504214304728816 0.185939308770725
-0.0546526633035977 -0.098290838263637 -0.0309205108178905 0.178904050724475
-0.102384233068486 -0.0335043216184491 0.0383409307597066 0.157562000572357
-0.0726820494297264 0.0533396819749448 0.0799681125246807 0.0901610863976068
-0.0126445414376208 0.0731006344484967 0.067669982857835 0.0608112143351673
0.0209127861527918 0.0701942362292982 0.0683756688991329 0.0573744237015427
0.0421644421600805 0.06394842739099 0.0672490028828259 0.065165388876352
0.0506726546227934 0.0664978032958787 0.0549052238417087 0.0971318515840933
0.0240770421140917 0.0772929730685002 0.0124575881782654 0.11859527184521
-0.0158991062670413 0.0847734410605232 -0.0591283112280961 0.101438906832851
-0.0878551327748017 0.0441861694703301 -0.0951614707338732 0.0353401586984812
-0.104758672387888 -0.0355966967866285 -0.0706133660091723 -0.0319521814212147
-0.0315238387900323 -0.101851581446408 0.00234631504557969 -0.0235133479657281
0.0453649165780594 -0.0950440911091085 -0.0253694095569888 0.128526474664471
-0.054994986927707 0.0152584895437094 0.0197783392953141 -0.164919838425688
-0.00765746057874822 0.061722825349157 -0.0252318901209062 -0.00617500686698247
0.0426885032196441 0.0475010222142697 0.0797227024357488 0.0494692972069715
0.0522839797462102 -0.00986834277677247 0.12855314915014 -0.0318288157107118
0.0149802665820295 -0.0398430984761568 0.0929357294517343 -0.124322901444797
-0.00440370495553065 -0.0279560152394394 0.0070197308411607 -0.161744571499817
-0.00516885257288249 -0.028820302262927 -0.0651032494725226 -0.130575351912029
-0.00479300545114372 -0.029099914675507 -0.0880200689298511 -0.0876275318319804
0.00145619940193005 -0.0252094471020733 -0.0795861296079428 -0.0790913701844187
0.012522280907767 -0.0148834515608284 -0.0722442578432934 -0.0872941585226475
0.0274207779015727 0.00164951486099158 -0.0659379733224079 -0.104108803423176
0.0263192829915048 0.0357220585703432 -0.0292395321912174 -0.132658872875534
-0.020478629441997 0.057006557783567 0.0277886910050502 -0.148821421178295
-0.0627491384345991 0.0204905412408301 0.0164604950867741 -0.159481446157814
-0.067688139842193 -0.024978036982292 -0.0401577022681299 -0.197976573088725
-0.0715084177074091 -0.0723604210551635 0.0342510608822377 -0.145840463393374
-0.0601737297524607 1.50350471792887E-05 -0.0237816086891472 0.0115771861529867
-0.0353306363080687 0.035391870986806 0.0959813649486775 0.0790231134116268
-0.00543953351854096 0.0270260012936955 0.159013931162174 -0.0141347694175504
0.0047632796893421 0.0160611456846392 0.119036922248911 -0.133159641813933
0.00980051127378923 0.0159972477038722 0.0196779859406489 -0.171933479803993
0.0230299573672446 0.0136840551170233 -0.0597448366032645 -0.140750452457365
0.0294547839921294 0.00985641709742576 -0.0877756211853487 -0.0908357254309021
0.0293540884432793 0.0185535274030618 -0.079640746449933 -0.0770574786025598
0.0122219631346481 0.0299037676996976 -0.0712856391053323 -0.0777957959893613
-0.00027663859187854 0.0443713838940447 -0.0692901978976348 -0.0917345019488259
-0.0367484595762078 0.0477860991359166 -0.0430832755008261 -0.115562835703973
-0.0829713605405459 0.0249054983535604 0.00729886885612812 -0.134232348108939
-0.0906938745586064 -0.0473674463170322 -0.00984220047731058 -0.146172419162215
-0.0703052444278157 -0.112615064833292 -0.0521986174336703 -0.177882994746908
-0.0704257261134895 -0.153849660803742 0.0460973460913092 -0.101917068304533
-0.0985256949623496 -0.0793597579080935 -0.0263679374310107 0.0452489985511548
-0.117678353186788 0.0019189601656745 0.1040788161203 0.122326483296153
-0.0797559452712154 0.0538821030733395 0.185706061832836 0.0205535771295191
-0.0196050294337696 0.0764761332260856 0.149015612324587 -0.122459795084173
0.0167771187537153 0.0651994359837269 0.0392774809104873 -0.164535424432556
0.0454526307167133 0.0577004793817165 -0.0419517112469196 -0.132761331924911
0.0599518399076609 0.0470109154654026 -0.073270293934396 -0.0804512480785517
0.0590657521671341 0.0549061220062762 -0.0702759512753874 -0.0596606493007578
0.0202451766711884 0.0673653425697713 -0.0673996258093301 -0.0526210564014751
-0.0113990856086434 0.0840559566631144 -0.0762126816705179 -0.0648607495319657
-0.0813062827554139 0.0734676717812881 -0.063508764085879 -0.0916949194294668
-0.137371364222364 0.0164655187016638 -0.017950744777813 -0.117170243754989
-0.122148774143935 -0.0905750158524861 -0.0300834267568361 -0.125938062146148
-0.0752418883054521 -0.178601776629803 -0.0601928725739725 -0.134683555795377
-0.0518072072786495 -0.215586366440623 0.0508604438553264 -0.0352853733292548
-0.111335432006628 -0.15888548571958 -0.0341329335315352 0.0909312570823295
-0.184262691013414 -0.0501240582650034 0.0949359373163533 0.171267709027029
-0.15615733630306 0.0591449552304675 0.19324636285355 0.0718906828213175
-0.0568102828748617 0.125127972605464 0.17069553008873 -0.0892139713534629
0.013002633674111 0.10914413115037 0.0601306354447845 -0.133505336479226
0.0577731338557004 0.0962489115509484 -0.0160953875603249 -0.107027939282537
0.0823990791425153 0.0774788240140858 -0.0483885980209601 -0.0571976952440598
0.0829528792872951 0.0819995442424957 -0.0502669981894494 -0.0314349307545692
0.0343599509215994 0.093740519977087 -0.0544733851571082 -0.0179043273022803
-0.00906560309616405 0.114602995324722 -0.0780752927031348 -0.0297502257175604
-0.104684874000692 0.101068117062375 -0.0789398108492593 -0.0596939032931442
-0.173152259209367 0.0220040659552669 -0.0396905847213393 -0.0949740405862031
-0.14561165719664 -0.111425052090388 -0.0368803173007402 -0.101813643086876
-0.075219327908736 -0.216372288517012 -0.0572224183078875 -0.076498782538244
-0.0222975220542638 -0.238015450025063 0.0475644897114268 0.0438015324734592
-0.0916217143969435 -0.21208912891837 -0.0461334138478606 0.137557189608982
-0.209317207141841 -0.107657828836013 0.0654390091001919 0.210538693884582
-0.20757575010779 0.0387996411328615 0.171942918892152 0.124448370304179
-0.093426461461745 0.145967952528029 0.171991978470239 -0.036745747827074
0.00357177351672318 0.135715068509627 0.0751814239218555 -0.0841014970038767
0.0598525189771285 0.119721677246016 0.0118393420277954 -0.067329536367999
0.0920295488884992 0.0962173740690534 -0.0165566872500454 -0.0262640248772989
0.0978275586566797 0.0975060851947875 -0.0222050765401317 0.00293599225529387
0.0453782306966788 0.107772662378551 -0.0343308967827489 0.0205015809551156
-0.00300807622116371 0.129853493205955 -0.0712640055029839 0.00948471861372202
-0.11252770427362 0.112402218008774 -0.0857167305830686 -0.0268197253818444
-0.185253034457709 0.0217966055530267 -0.052920732456619 -0.0717864626321097
-0.147066058390818 -0.120194773076715 -0.0299304606396215 -0.0778451437009247
-0.0628335526210798 -0.224380170159306 -0.0451436760901313 -0.013724256470314
0.00877853158518136 -0.214789312738704 0.0365155270020991 0.120909524524197
-0.0509248552831346 -0.220723010581388 -0.0562486491590288 0.174532507975678
-0.183595597769357 -0.14171036150306 0.023996747451172 0.223433467630254
-0.21340419421374 0.00373172827406799 0.128551039984283 0.159675640174606
-0.111976784174152 0.134615928893582 0.150291015519737 0.0189715742211269
-0.00756994068375176 0.137185018650014 0.0789495835659331 -0.026986938769949
0.0518898426684856 0.122347574513268 0.0376073212818715 -0.0200260906695948
0.0885042745921391 0.100517741316096 0.0165499290849685 0.0078338317906415
0.0958645784160202 0.0997522110520143 0.00850453150138352 0.0369296696559649
0.0475638113189995 0.109659533287035 -0.0131000691646364 0.0576680156441882
-0.00254320844989194 0.129096393806574 -0.0612630082902288 0.0455922510428516
-0.113681502945061 0.104486547572269 -0.0866254424292689 0.00274688231438186
-0.17698884652989 0.00934258976546252 -0.0594408459803237 -0.0530226312280117
-0.123486059999907 -0.123959241995825 -0.0173081064272174 -0.0570267212816445
-0.0333901704117558 -0.204211364045031 -0.0307628451932733 0.0452960646573486
0.0328206357440725 -0.151638088215965 0.0251392990447718 0.177659483563157
-0.0049372258700706 -0.178803791895328 -0.0610226010759671 0.192810074997273
-0.124923077094383 -0.139239112736717 -0.0113866552729541 0.211783089600703
-0.17247894851838 -0.0230671888506174 0.0786485382821262 0.170722441827655
-0.103150407601111 0.100486554943539 0.115822207970375 0.0640420682461084
-0.0117680218513907 0.114266534562763 0.0757809805522212 0.0249649765255059
0.0401907045737385 0.104907560171311 0.0573258163441561 0.0238461057385761
0.0718405944309034 0.0889607057538995 0.0469007812423451 0.0393231214370788
0.0810975709351239 0.0887523265886485 0.0366193411291168 0.0693344630660967
0.0408910812481306 0.100237062230726 0.00513017359206874 0.0916719688562051
-0.00744576583883957 0.114527774685243 -0.0560929654344183 0.0783219354122626
-0.106466945977774 0.080780014504805 -0.0891069910036541 0.0242095230090623
-0.150473814973254 -0.0131235906555154 -0.0658626817552144 -0.0390200784726921
-0.0835810538414849 -0.120523932495146 -0.00540737657079512 -0.0386281433853943
0.00552305867171812 -0.161454866539765 -0.0229047841970237 0.0951201605072335
0.0473336088465367 -0.0610555606329943 0.0199424682816887 0.204966996789459
0.0303335524389645 -0.103352482716273 -0.0516542001987282 0.19141295304648
-0.0571342844308139 -0.0996482689649455 -0.0309932058087895 0.184226536512083
-0.105987788671558 -0.033009520278574 0.0415055518583719 0.162114747263476
-0.0724774644526813 0.0569653824421578 0.0836296100246369 0.0908244120056751
-0.0113085432778287 0.0744877122833344 0.0709684883298246 0.0614495666031817
0.0228922205278303 0.0704957685453585 0.0715884897568249 0.0566337056762668
0.0450135943331673 0.0642283017894246 0.0698508752751943 0.0641691769342229
0.0531759158910639 0.0664024841584205 0.0579951732784324 0.0969779417990856
0.0263714443342821 0.0780246057437272 0.0148810430005866 0.120896899057171
-0.0140422343355779 0.0867241424785248 -0.059381257456716 0.105389447792834
-0.0899273905923354 0.0477773234768406 -0.0981692311134627 0.037496981101001
-0.107345809111304 -0.0335913893358907 -0.0735944655210879 -0.0337133473542124
-0.0339025030073658 -0.102982079771715 0.00137398652562198 -0.0246335429386144
0.0447689087755846 -0.0975016200058255 -0.0236106584696152 0.13232284749795
-0.0556199057839531 0.0169862236764771 0.0147160174559965 -0.169981153487901
-0.00613467556305587 0.0633487372157337 -0.02631427118829 -0.0040054043970935
0.0449771505288712 0.0469556673177719 0.0846433766137963 0.0509290754457378
0.0531554522758051 -0.0119217439004849 0.132323197806939 -0.0365500668721873
0.0125378070606214 -0.0406896472264887 0.0916239020546493 -0.131657559660443
-0.00551117343569241 -0.0286216841686274 0.00113329069422413 -0.167876737751623
-0.00628717744192128 -0.0291356886268006 -0.071890447753637 -0.131950297544
-0.00677659271583341 -0.0298615351557923 -0.0929936076237446 -0.0862248921044296
0.000400585802833208 -0.0260211283118937 -0.0860005826514422 -0.0774417396154352
0.0130845168498686 -0.0155802830119318 -0.0788386367140568 -0.0872320731118237
0.0279613563642992 0.00128341423414246 -0.0724053190201437 -0.105417739243624
0.027476544006021 0.035460040445326 -0.0338792366648905 -0.135757231457389
-0.018456513391113 0.0593901622523582 0.0250715156578311 -0.156063318166382
-0.0639901030242966 0.0229003684675973 0.0146570266622359 -0.164589060053512
-0.0704658598644464 -0.0229326323132577 -0.0452815448305777 -0.203174500305346
-0.0758310734642476 -0.0726013446205487 0.0308784354371242 -0.151001664108027
-0.0620379988159776 0.000620158562410005 -0.0249711496884608 0.0140205508700496
-0.0353447163068317 0.0370884073241308 0.102238516204183 0.0802736428002568
-0.00491326070231536 0.0279750574241502 0.16479159183673 -0.0199034502601363
0.00514700136097177 0.01691996918609 0.118657567532219 -0.141870855117379
0.0105282629493464 0.0164724129445047 0.0136510691314499 -0.179222185160678
0.0246410325523494 0.0136361233179695 -0.0662828820854001 -0.141713467704468
0.030519120613439 0.00868107790949547 -0.092494233887803 -0.0889908721730183
0.0311156970632031 0.0170867855480047 -0.0863321644094496 -0.0756327895609483
0.0141213673862433 0.0311720306102755 -0.0777496379936564 -0.0775853657077477
0.00129583236395244 0.0451509281775485 -0.0757884951869414 -0.091927190364306
-0.0364353077165087 0.0509533048879948 -0.0479482959205866 -0.118049339577304
-0.0846831170745465 0.0286495777138522 0.0045452273711135 -0.140719754860983
-0.0947373703189363 -0.0460945985807712 -0.0120932369265391 -0.150519236090483
-0.0763742409527567 -0.114467722162193 -0.0580747502308467 -0.183040450059081
-0.077521952173223 -0.157026341794125 0.0445932778636017 -0.104862514314003
-0.103233434411055 -0.0795864575249751 -0.0263604807637207 0.0488717179807073
-0.121125811195349 0.00553671876058731 0.111908308081625 0.124849758294968
-0.0815346576356377 0.0578581192547864 0.192495151163687 0.0170321073297845
-0.0180846843189575 0.0795163550720352 0.149432195017829 -0.132057898907981
0.0183400516837438 0.0668648144587787 0.0351570422220665 -0.170842768693774
0.0489340071105724 0.0585475442537913 -0.0478297672807916 -0.134411924258527
0.0637456258917934 0.045969643432462 -0.078023159380018 -0.0781002883132147
0.0624719177955236 0.0540641206719782 -0.075834795495293 -0.0576688157296196
0.0234752621471126 0.069839935788425 -0.072424859010909 -0.0514314755356017
-0.00868253561664288 0.0871305536547043 -0.0823780989106437 -0.064646608328532
-0.0820337634104417 0.0789125591707035 -0.0690147040663196 -0.0924846342835
-0.141707008221707 0.0219640490831845 -0.0221512631055721 -0.122023495994579
-0.130338894919282 -0.0904992020287147 -0.0334849599944987 -0.128346723746499
-0.085189896221478 -0.182044026840559 -0.0656224473108931 -0.137025086101799
-0.0610179444377422 -0.220135539294149 0.0509846598316148 -0.035543214334137
-0.119528223201156 -0.160704361846612 -0.0325984944215508 0.0962594981404766
-0.191130614204505 -0.0456729151611187 0.102809648744217 0.176111763684202
-0.160179936422075 0.0667848366645551 0.202234089349953 0.0695659125378419
-0.0537174480581113 0.130917845756415 0.172508509500879 -0.0976054881195862
0.0168001967093978 0.112676751815122 0.0580921571358856 -0.14013259738526
0.0632862285714913 0.09721271134746 -0.0203713339085731 -0.108760524125165
0.0878650547824548 0.0759781255067095 -0.0509929694543173 -0.0548921477823582
0.0889837706066326 0.080355638170545 -0.0539947743268226 -0.0292020730510189
0.0385866836960438 0.0960287915453337 -0.058122007165463 -0.0159631101208714
-0.00515127821011674 0.117955304845361 -0.0832908983597008 -0.0271765658749492
-0.105715353905846 0.107447576190967 -0.0848985547487583 -0.0594456833683405
-0.17797437011906 0.028685636313355 -0.0452174394212466 -0.0988508160135475
-0.153796707764147 -0.11037479073017 -0.0403877308124583 -0.102682449473749
-0.0864592162084892 -0.220782954992272 -0.0610136815007073 -0.0767035489603575
-0.0307319311061343 -0.244544493333951 0.0485999916261095 0.0460754597301759
-0.100966510634156 -0.217581260554853 -0.0437323367577303 0.144255832626457
-0.218676115877297 -0.103379819074315 0.0731843319468464 0.215331343690074
-0.213766415073262 0.0467323446989422 0.182493449157519 0.124767707733809
-0.0907398196915046 0.15416354191472 0.175705330356315 -0.0442728120234087
0.00746173922903095 0.140551566402501 0.0748931314555917 -0.0890221521395626
0.0656707770156353 0.121565281623635 0.00968390366570692 -0.069002444727494
0.0992153376627484 0.0950441241423926 -0.0177012297506667 -0.0255078321561393
0.104280262299747 0.0951259222181999 -0.0236733732391701 0.00427839679694551
0.0502187039803098 0.109832859777614 -0.0358136181166093 0.0226513001382286
0.00138007665748647 0.133274827337245 -0.0743742228093617 0.0125686096001259
-0.112678643266517 0.120543706036525 -0.0897774395571198 -0.0250987637457238
-0.189947926238 0.0294152869039794 -0.0577150585119977 -0.075590278604885
-0.155721735072973 -0.119137810027737 -0.0336150404018981 -0.0793804361924692
-0.0733503918866937 -0.228878239157332 -0.0466552550399343 -0.0123623409626977
0.00233119357022703 -0.221906164396529 0.0397316618449413 0.125022586568611
-0.0588420381745013 -0.227175297974839 -0.0554825887958555 0.181378878875794
-0.19289190370948 -0.140485862168763 0.0307740721784852 0.230836821341777
-0.220548994809024 0.010921290785871 0.137417252870144 0.162840152282266
-0.109839953138199 0.141898659205104 0.154570541599013 0.0146253484946446
-0.00232342644456714 0.141317979606502 0.0822207724967511 -0.0300916107997548
0.058768187445029 0.12506048037054 0.0377905451036538 -0.0216172794584492
0.0949495498502883 0.099059849647131 0.0168903527026482 0.00854311538812435
0.102621749592237 0.0972227513708105 0.0100813191278411 0.0382055828698607
0.0530605023350708 0.111163402336434 -0.0120302024081852 0.0602210478501003
0.00203521426221139 0.132383938759743 -0.063293950079088 0.0507252330675081
-0.113261278896497 0.11211084959813 -0.0905083462094657 0.00456278789767607
-0.181012933177159 0.0160302553370074 -0.0651405152448146 -0.0547145762384858
-0.13255405820828 -0.122926626132799 -0.0198695938301652 -0.0588657610112248
-0.0428005027918537 -0.210031259236306 -0.0300734971296474 0.0477244646596949
0.0285217918927276 -0.157103260312754 0.0298691690921277 0.184099729518535
-0.0100664032440723 -0.184622512248304 -0.0585680555313809 0.200757429612455
-0.132172822969293 -0.13875489224608 -0.00734472483228933 0.219263413964835
-0.179574942238112 -0.0184739498584035 0.0866370706755022 0.174669943734622
-0.101945450859793 0.106900984055418 0.121537222238044 0.0620007410303265
-0.00766061704459078 0.117780804977241 0.0804371909647344 0.0237241881667569
0.0447533887250702 0.107218880797417 0.0607536710773612 0.0221327564525093
0.0779477738225375 0.0880777096996556 0.0489929110424999 0.0385260197732631
0.0868144739185527 0.087900033813593 0.0399304098183028 0.0698870305999406
0.0459009001837167 0.10182335366017 0.00845456848394916 0.0947056617005309
-0.00313031440869585 0.117283097039885 -0.0558677621656838 0.0832610586821341
-0.107939200923766 0.0880978509322831 -0.0920323759743062 0.0275457453400521
-0.155071884863548 -0.00706116051321615 -0.0703087542759734 -0.0399415452389749
-0.0899958345818427 -0.120686569483623 -0.00695851038531699 -0.0406476534950565
-0.000922428080300354 -0.167365342746849 -0.0198886019897379 0.0986473445290693
0.0461792716643536 -0.0637909073293147 0.0251256286887965 0.211379560852979
0.0282432200984206 -0.108857655958779 -0.0487917952749281 0.19984538474713
-0.0615428292415095 -0.0999181524676208 -0.0274088750041893 0.191440442006451
-0.110785035022238 -0.0300661208475944 0.0490764258719126 0.167274918147459
-0.0725831306318645 0.0612223446276234 0.090735879294648 0.0915439839535386
-0.00801555790753126 0.0761448565132126 0.0762551650078926 0.0613330529877414
0.0273249577839356 0.0709282423727712 0.0757401786119153 0.0550334007861938
0.049766465002154 0.0633433845385668 0.0729008311496448 0.0618092672643904
0.057806890448485 0.0648948116718127 0.0635426559644043 0.0963144296608208
0.0305658303746871 0.0797555623807097 0.0202879145386518 0.12361090535325
-0.0107873572272996 0.0897309048981761 -0.0578506257865585 0.110630749894863
-0.0909710220397397 0.0529104120159085 -0.101125948000395 0.0415678392620648
-0.111525720279301 -0.0298702730529578 -0.0792014957818598 -0.0328973643324031
-0.0381864673808641 -0.104537659646916 0.000384031337409045 -0.0254541486606458
0.0419247259942566 -0.102367659732682 -0.0196190083650993 0.137097724849118
-0.0555994526562927 0.0197743392265598 0.0073661178663529 -0.173482561954391
-0.00346544687271285 0.0636529922028425 -0.0268623309331509 -0.000922032031392863
0.0471315707023615 0.0444187691343003 0.0898953757796801 0.0502855676519532
0.0529517280658287 -0.0147520401953838 0.134160111011432 -0.0430732567114131
0.0104145843860107 -0.0414599041227649 0.0874095112848431 -0.139194855090227
-0.00806428785120403 -0.028791802293783 -0.00811226859135676 -0.172037075579453
-0.00800667267606016 -0.0301822963956443 -0.0797277151271755 -0.129902194209955
-0.00871218656470292 -0.0302379816413356 -0.098258561514446 -0.0819705870356626
-0.00108659857428278 -0.0266157766857694 -0.092496394159588 -0.0733479983491918
0.012531228428138 -0.016961544061412 -0.0865261589283003 -0.0842319111779053
0.0292697359100614 -0.000226677682714297 -0.0802190141509558 -0.103947367278511
0.029537993470121 0.0344939693390478 -0.0405916060930576 -0.137147364089111
-0.0163028468859619 0.0610526744950901 0.0198441956253845 -0.161893050435777
-0.0639562638985776 0.0263045619653263 0.00993752097580369 -0.167809734483188
-0.0722967314411578 -0.0199350864990875 -0.0547930861532882 -0.205908885998183
-0.0810756020741068 -0.0703266882598131 0.0245343787393703 -0.154072040411264
-0.0625712685499126 0.00291537522812244 -0.024389190648437 0.0168652853007068
-0.034509057553931 0.0383066038603695 0.108956775678734 0.0786053862813896
-0.00496987798591938 0.0284445487143101 0.168354891215506 -0.0270164048321929
0.00545204295958608 0.0172110473959207 0.113934171560589 -0.150724687148872
0.010584612605728 0.0171316819390946 0.00492265302116753 -0.184198732792028
0.0260161428460694 0.0124739184638534 -0.0742234044498165 -0.140087908839355
0.0313143895104981 0.00748102402080157 -0.0975613541545138 -0.0837813568898171
0.0320415364634874 0.0158246681649913 -0.0934428306477903 -0.0705944596926077
0.015641250293901 0.0312538968711923 -0.0854340196882755 -0.0737980442224396
0.00366205423401398 0.0466495359410944 -0.0832727349705017 -0.0895731648878261
-0.0355405510791509 0.0531177125771843 -0.0548754393750614 -0.118866152403149
-0.0844980298557242 0.0334637107039609 -0.00137686699078284 -0.145121502679192
-0.0991470405698459 -0.0426367349138466 -0.0171655992849263 -0.152489807116609
-0.0835845087505166 -0.11251867932065 -0.0662144787057928 -0.184102652222284
-0.0877303325122036 -0.156706698133719 0.0408069047484641 -0.107390749789191
-0.109561115503 -0.0772411610655784 -0.0244548376459195 0.0524987517291571
-0.123072952127864 0.0111482380482948 0.119593623633482 0.123192554563484
-0.0810352549357382 0.0635140530687929 0.198300721400178 0.00998142386832488
-0.0145608873667154 0.0823633583045508 0.145830872782778 -0.142182998838103
0.0220764692574019 0.0677148287591811 0.0266785444326352 -0.176962467991198
0.0538460172449512 0.0573204437142329 -0.0552053265259239 -0.133922405403052
0.0674048152656955 0.0431589902114902 -0.082258636842414 -0.0734072515402041
0.0663827414558124 0.0505959816680972 -0.0812617085404634 -0.0535026439643435
0.0273370131163188 0.070468876623803 -0.0776795461818912 -0.0479053454597634
-0.00439686444372552 0.0893436882150159 -0.0885111950875262 -0.0612865823502777
-0.0802010193120058 0.0845726218168412 -0.0761892838271162 -0.0914727818048094
-0.142881425935434 0.0294248671010975 -0.0285605335094315 -0.125466453169619
-0.136050149314451 -0.0859201272457881 -0.0382216896823292 -0.129884355063547
-0.0958801282054196 -0.181369294159006 -0.0718634257762756 -0.13599838102521
-0.0730872416368147 -0.220947966159031 0.0506098402543316 -0.0371076734461666
-0.129159175694282 -0.159786676139076 -0.0302850709026408 0.100402037059014
-0.196312809456231 -0.0379963618258588 0.112495669281134 0.176246623582618
-0.161357842822078 0.0756036350965656 0.210392706378751 0.0632972237460787
-0.0477828206481539 0.136656035731271 0.170933683090083 -0.109060295184051
0.0229293598332103 0.114115159373916 0.0520195810190915 -0.145851417458181
0.0701161155124287 0.0959168989923611 -0.0262454273048853 -0.109646649149593
0.093712205378961 0.0723690658066147 -0.0544504269531865 -0.0519022893535131
0.094803132673257 0.0756363271816738 -0.0573801488439731 -0.0254192956703413
0.0439455074809996 0.0972210697140218 -0.0606435313010807 -0.0123606962118942
0.000664897591958311 0.121076096622731 -0.0870908056594329 -0.0229667183824536
-0.102681595439968 0.115617898573584 -0.090294936415817 -0.0564582832308225
-0.179203170727176 0.0383511151066694 -0.0517368919754889 -0.100930749023479
-0.1630084961942 -0.105292886429035 -0.0444209777514493 -0.103658378539781
-0.0995535513480994 -0.220483155486897 -0.0651344945039845 -0.0746926681856854
-0.043797700694457 -0.246901087220158 0.0514021185593068 0.0466714063802133
-0.112862963787371 -0.217730570277114 -0.0398222515583638 0.149937405615842
-0.226621884187666 -0.0945842876908709 0.0827367101467173 0.217958430486363
-0.217614685043325 0.0574222400384532 0.192740673843659 0.121170805756782
-0.0842801972343948 0.161879716299503 0.176823213578607 -0.0538301224181076
0.0158564231843368 0.142876819991627 0.0729643439548484 -0.0948730105855283
0.0737578401353498 0.121059766449367 0.00706671263491129 -0.0705228515436534
0.106549528018598 0.0905412061699316 -0.0198500527130124 -0.0231530486892382
0.1113809982157 0.089923640294969 -0.0251753605962858 0.00634611645035838
0.0569197373984999 0.109672696930892 -0.0360995337327 0.025416760709954
0.0077692071478195 0.135855491541686 -0.0764298787343466 0.017856505135188
-0.11002682690412 0.128919338851835 -0.0949249739213693 -0.0210151752142747
-0.191793852311201 0.0398428535202204 -0.0645494460471737 -0.0751197856942234
-0.165419787635002 -0.113170185038387 -0.0369896260000029 -0.0790536320351189
-0.0862934440188608 -0.229987210471879 -0.0473777304588622 -0.0100711635177368
-0.00911621429381113 -0.225441530305269 0.0453399688992165 0.1277291684889
-0.0696504998087869 -0.229519284376718 -0.0497932742657715 0.188816260731446
-0.202112900203089 -0.133416567102211 0.0402325167461895 0.234424837182429
-0.225369313284197 0.020959691043206 0.147864800399266 0.161744449901783
-0.103932318990254 0.150292572421024 0.158197865193742 0.00703715861143276
0.004972077648944 0.143971477491273 0.0829669927803152 -0.0340594536608583
0.0669014108774253 0.124867652124764 0.0379857761127983 -0.0246723156803408
0.102706453193926 0.0945592504472023 0.0173293576991964 0.00715664003630241
0.110316258281469 0.0924913746728154 0.0109279963815881 0.0386372258092788
0.0600307102027342 0.111755415356984 -0.0092868297335127 0.0621978168862462
0.0084418329282942 0.134204578650565 -0.0635246788856382 0.0556899179282438
-0.110938314186894 0.121471903027448 -0.0935257636897981 0.00950961360479381
-0.183394563368725 0.0260910459495301 -0.0699644470328765 -0.054137275504512
-0.141536139475061 -0.118053263570077 -0.0227372562426838 -0.0582836804589457
-0.0547437745134846 -0.211925176083684 -0.0274137946155857 0.0498268181826079
0.0212609058745774 -0.160977780767114 0.0372799548137946 0.187957005767713
-0.0188122328086686 -0.189294085903897 -0.0523511864165936 0.208913736835934
-0.141045320280001 -0.135352895784514 0.00130619965719944 0.22482735825513
-0.184801150031658 -0.0101146473689827 0.0968727614151692 0.175533473641336
-0.098067359782137 0.114032272081687 0.126444560026045 0.0571025069399999
-0.00106574450023163 0.119537676462665 0.0837560863855735 0.0205459619000873
0.0524764006016775 0.106275790739018 0.0627080945435065 0.0191668301265724
0.0847959106871736 0.084899154569178 0.0505155242896722 0.0372200684768528
0.0932920117655269 0.0826178977714589 0.0439675262962503 0.0685456855738168
0.0518340580086549 0.101306788369971 0.0137583907296288 0.0958653805081541
0.00241574013771471 0.119830977692554 -0.0533772289946144 0.088401742632766
-0.106002426389831 0.0952370856352549 -0.0944689711382046 0.0329761754320033
-0.157858944374637 0.00109854581815356 -0.0752964639611858 -0.0386785427751904
-0.0984273705143515 -0.118187230957804 -0.00906775181280545 -0.0407073373287105
-0.0100726457670536 -0.170210871452449 -0.0149118887930743 0.101944414699641
0.0445704785802324 -0.067271670769869 0.0333600031858378 0.215622129405512
0.0237540245411302 -0.112963009982522 -0.0425144041454291 0.206727862329195
-0.0668803255137751 -0.0988588883615935 -0.0204338096471889 0.197554885309113
-0.114856767842375 -0.0252844441148087 0.0578416283599838 0.169431243403289
-0.0696530077743231 0.0652127231864568 0.0976932504354696 0.0889225929536367
-0.00313354209120925 0.0773627362274506 0.0821844427032518 0.0588275972830417
0.0311609531037562 0.0706831775433069 0.0802263972344662 0.0516894974987204
0.0541033502970973 0.0611843222412693 0.0760549803816951 0.0588110632781712
0.06207578875681 0.0622300926782873 0.069332946802476 0.0945174604413755
0.0355416796881381 0.0790133074816022 0.0271800608158486 0.124486678325903
-0.0061995153271883 0.0914323468952971 -0.0535331124403759 0.11598683944771
-0.0909693521594646 0.0588566199530409 -0.102894777126174 0.0468844312320753
-0.114026540091931 -0.0242414824572097 -0.0831893777997497 -0.0316162260174582
-0.0441034381257592 -0.103412781742483 -0.00111835763647837 -0.0270301229164567
0.0367749955898277 -0.106752017073603 -0.0127080010157339 0.140743978995231
-0.0532626284242892 0.0247906495097695 -0.0190706330401722 -0.172935119428276
0.00771826270342899 0.0628876824699043 -0.0284569692147572 0.00295417072923691
0.0552924763182488 0.0351469665627046 0.0939528791555083 0.037753322965021
0.0508578970045875 -0.0255106103043833 0.125404088079874 -0.059431370111818
0.00374096374061212 -0.0456243647654839 0.0662089535602998 -0.15035815363462
-0.0147108005019817 -0.0307641184936227 -0.034245271144587 -0.166888255809687
-0.0151721133058881 -0.0290548012632543 -0.0972780500085847 -0.114380111732504
-0.0153838097709706 -0.0274667121477974 -0.106233012783839 -0.064559747727453
-0.00684494907153485 -0.0252884751840622 -0.101626214559357 -0.0590777830324495
0.00849476853033775 -0.0174336376131561 -0.0978945668099644 -0.0719613587953308
0.0279386409374109 -0.00360844654078244 -0.0935614110308921 -0.0914564924184192
0.032498985634524 0.0304789505407092 -0.0565044363468594 -0.131771141169795
-0.00928689167108796 0.0627073051059425 0.0010384144704879 -0.166306664888438
-0.0602078904938411 0.0361108874020759 -0.00740969906268518 -0.167866151710479
-0.0752490448246966 -0.00893233344469606 -0.0756484798104663 -0.195581585363787
-0.0938020135964733 -0.0589040699290408 0.00581276079242169 -0.154794574522346
-0.0617629989162149 0.014428234713519 -0.0202057845462632 0.0185552775165665
-0.0255144035015171 0.0434546462306675 0.11804636454098 0.0599153719089229
0.00289129604146405 0.0268938540198177 0.160986218926134 -0.052392006799382
0.00863359155985449 0.0128280540479323 0.0876708946160078 -0.166747621838188
0.0104451471851155 0.0105870493666246 -0.0250037363653435 -0.181087305286659
0.0262955873905252 0.00709236960873227 -0.09574080679626 -0.125611377553298
0.029317197677592 0.00208510336888429 -0.1069565735231 -0.0658706079614371
0.0332342217283254 0.0108107379711235 -0.102261841001723 -0.0560542682880719
0.0191566881147246 0.029905458380276 -0.0958254010611539 -0.0622274037361228
0.0103257846196279 0.0457455946189595 -0.095246947571122 -0.0783732724668273
-0.0286269582414552 0.0601113735118006 -0.067656470919591 -0.112872576913867
-0.080557947767192 0.0461222624563506 -0.0167848983113425 -0.145901319083738
-0.104081115591687 -0.0272511529282971 -0.0342609410616328 -0.147167634080711
-0.0994640357995834 -0.0994488352146378 -0.0869658202729866 -0.170698890477524
-0.114342121745688 -0.141923272006898 0.0321763966907769 -0.109635535243868
-0.120882280111143 -0.0556424553955612 -0.0108519703510793 0.0529955080302391
-0.116028805751158 0.0322645439375649 0.138644153232012 0.098212857821273
-0.0658380725842932 0.0756017055205734 0.197392107447531 -0.0253686018765155
0.000274877031728092 0.0786116654748507 0.117967652240367 -0.164881374289149
0.0297964611276709 0.058749290333306 -0.00355357749885856 -0.177231182659233
0.0621473595410524 0.0472329695609297 -0.0776409267500649 -0.124021176734261
0.070330313723485 0.031616387796632 -0.0909357842338253 -0.0574992736189305
0.0725024561359723 0.0393568219337561 -0.0886916859753354 -0.0398258896107473
0.0382826667059153 0.0670917386867547 -0.0858876552028071 -0.0379383170837317
0.00931459814644061 0.0896909814544693 -0.0976885485770189 -0.0494311280442989
-0.0683028357736822 0.0990856434749647 -0.0847377162743971 -0.0841903264344952
-0.13753154338414 0.0518159994795874 -0.0403968708734103 -0.121950842518273
-0.147817695441839 -0.0640884656725864 -0.0536036704435691 -0.12033913018589
-0.121260887561896 -0.166460443693727 -0.088965273860367 -0.121634159144116
-0.110173509944756 -0.206513148980448 0.0543702049422088 -0.0390444103030751
-0.153942140962014 -0.131951790251076 -0.00491390192564882 0.102070173106366
-0.195133816534929 -0.00225631287402341 0.143152390684342 0.147234077094461
-0.142009612260601 0.102199505202252 0.219431629326946 0.0228594962066361
-0.0223636470623337 0.137208907938595 0.145638065392995 -0.137405354969771
0.0393108700926899 0.104101980812598 0.0249462597965787 -0.151048553806467
0.0863816377075408 0.0837199268714253 -0.0463615388454076 -0.106199340760488
0.10113823675986 0.0556723261521805 -0.0622142385256922 -0.0402043242913432
0.105665757605833 0.059541743826908 -0.0616965061556403 -0.0155756275870413
0.059357706739813 0.0904594935822837 -0.0649668293136664 -0.00570445021069532
0.0193106058560338 0.119480944575795 -0.0915478253042836 -0.011828947890096
-0.0846104573633999 0.133264998120304 -0.0950642465318844 -0.0482561070755664
-0.171677961351914 0.0659933538940595 -0.0602575040134387 -0.0944702747722286
-0.176103412739024 -0.0794015989597595 -0.057582080290112 -0.0925488778517722
-0.130533380085094 -0.205139678205042 -0.0765995739966812 -0.0605538057863956
-0.0843359638009581 -0.234734379898554 0.0682844773884103 0.0443536139396559
-0.147514217071128 -0.19172810520698 -0.00482749283317821 0.154159833825677
-0.234867690430101 -0.0525954268851317 0.124232236206949 0.193922950124699
-0.200443418379648 0.095970770409409 0.212636652855854 0.0792912617736876
-0.0531404276169586 0.168779824057869 0.158864610844347 -0.0855301196548717
0.0373192921345403 0.133747954650166 0.0524209647684011 -0.104505536424015
0.095452783845599 0.10714492888976 -0.00829623000254372 -0.0740089282734279
0.11681345737436 0.0720924944757332 -0.0243081786383068 -0.0176653138098737
0.124632667182619 0.0694828733995008 -0.0248754471142235 0.0113141922694967
0.0743805598113612 0.1011724944848 -0.0350924635636531 0.028969748560679
0.0295462438208008 0.133162533914299 -0.0760351183364223 0.0266336135687879
-0.0888118341790843 0.148538663355518 -0.0955152038842981 -0.0125171179345689
-0.183065440125062 0.0701843854169568 -0.0698708866058261 -0.0673291857909033
-0.180526453381118 -0.0868933222443864 -0.0476315005954805 -0.0696366152848794
-0.119253189603032 -0.216305425047034 -0.0517874401302522 0.00117856711079728
-0.0455526447997247 -0.218402674936361 0.0714174463714676 0.12537038781286
-0.105834490529282 -0.208990546475238 -0.00922302737987532 0.194929971882888
-0.216930302942454 -0.0953706655010922 0.0854714802045221 0.218028734615632
-0.214804168241624 0.0637184117548574 0.177079457659931 0.126242091309187
-0.0739021901837648 0.162899358868409 0.150963851932392 -0.0237690418585569
0.0296205038861632 0.137589358179841 0.0713356157319024 -0.0472718468940799
0.0890786849791491 0.113014394158738 0.0296420461940106 -0.033589313307433
0.114847336435277 0.0765759421907342 0.0159589482889682 0.00750069182080841
0.124535769220414 0.0721891489973058 0.0146780786210135 0.0376024252158665
0.0785135001965545 0.100950639340626 -0.00308155018689047 0.0614864296925386
0.0298680237665274 0.130679569894319 -0.0576655747980793 0.061315204788292
-0.0907332238842607 0.139812860548842 -0.0908194026020419 0.0182066801952729
-0.176161564664488 0.0548265440225457 -0.0731327858893172 -0.0449706188979111
-0.156934051578093 -0.0954253333442882 -0.0314039251220888 -0.0514974991094088
-0.0845201836367949 -0.203181842045649 -0.0254598851284802 0.0572304900607827
-0.00364581731984087 -0.159241838932417 0.0684258349528556 0.184813467012431
-0.0495019324151154 -0.179397327017717 -0.0124186195418099 0.217205843182495
-0.158746536484353 -0.105541998324562 0.0441889976596005 0.217440208169345
-0.181587901550979 0.0256902830225937 0.12899711263575 0.151254650961609
-0.0738323103387809 0.127549956465447 0.130042293308479 0.0307902262399463
0.0197428533358976 0.115387059940264 0.082118334930454 0.00650942386397373
0.0721882712634193 0.0964003905371973 0.0623519342751462 0.00557007713819605
0.0964559393073303 0.0693647836468829 0.0526466406977631 0.0295210779354424
0.107262590174357 0.0653121192166846 0.0506277868061793 0.0628633529832184
0.0691264274616186 0.0913849447465619 0.0245964410057793 0.0920508654314021
0.022364722462199 0.117021941264953 -0.0438433026101855 0.0935528751538114
-0.0900032691743833 0.11406245229256 -0.0888304048216303 0.0418822080823319
-0.154858053206997 0.0261659075025817 -0.076936677525613 -0.0280859674705233
-0.114052384794109 -0.102232312393918 -0.0164680906733262 -0.0362318608513501
-0.0334922696226558 -0.16783354657827 -0.00648887597063894 0.104707205479715
0.0351213181231443 -0.0702870573473966 0.0648368246419843 0.21079257182955
0.00599651947510651 -0.110899761299288 -0.00765752573141494 0.214290258056644
-0.0803774237083898 -0.0826834587363081 0.0145944010485301 0.196113853969532
-0.114980788658093 -0.00196077653885461 0.0881114795623872 0.154938362372149
-0.0539909849951419 0.0763540716089454 0.108462976461429 0.0683440572190288
0.0113996490103325 0.0747895770377825 0.0877233343839991 0.044575311066318
0.0450152866308685 0.064449484205148 0.0853225806868539 0.0358162213443901
0.0633088467871625 0.0513180735437582 0.0810453919056292 0.0468310137027378
0.0733839232249025 0.0503711189792836 0.0790692128362272 0.0844630634460358
0.0504029164262252 0.0723789713032477 0.0422713086017584 0.118609656532513
0.00917097108435175 0.0906477014344626 -0.0401791325134402 0.12103564480422
-0.0802652929770974 0.0752253763402753 -0.0949978611491233 0.0579154492319798
-0.1153324094629 -0.00537540277355924 -0.0852918564389715 -0.0195332445149771
-0.0589871518520863 -0.095461783775179 -0.0069004197019843 -0.0254201846563623
0.0229025555889276 -0.111400226501465 0.000711551700981623 0.140913797301719
-0.0521912447754597 0.0250349106145221 -0.0234468401432676 -0.168306620572996
0.00862378908624352 0.0608845516223841 -0.0280250564635291 0.00400741343898129
0.0544021832425109 0.032632789299445 0.0953295938833047 0.0356634286282606
0.0492995500117581 -0.0272304351745411 0.122660160869505 -0.0613474937033166
0.00151965084427198 -0.0438931918056148 0.0608454918793846 -0.149358850775164
-0.0160035007606141 -0.0291511694303984 -0.040406678155344 -0.163706423164491
-0.0157948073717243 -0.0287073447494731 -0.0993366613988255 -0.108667595362623
-0.015842802977094 -0.0262644642486774 -0.105032667680648 -0.0601440853620395
-0.00788277582996408 -0.0249228266500739 -0.102129584921019 -0.0532887482387814
0.00869890534702609 -0.0172973041911681 -0.0998292561639687 -0.0672626317528703
0.0276113610362556 -0.00482056617384982 -0.0948201628347913 -0.0871644360934559
0.0326379067080357 0.0291091988929108 -0.058630775336847 -0.128626963599059
-0.00742876828895889 0.0620968071458755 -0.00201985291786848 -0.164909195715177
-0.0568106087539525 0.0362250205705078 -0.00996629607338305 -0.165673038942193
-0.0737090381253759 -0.00754802811393059 -0.0772851030263907 -0.190924984550697
-0.0939313640155879 -0.0556080773210022 0.00179787280031392 -0.150918462820978
-0.0607144781543649 0.0150936761239075 -0.018852904473082 0.0196131501325289
-0.0247221872518526 0.0424195544093858 0.119200515749074 0.0568738964001657
0.00295330749596892 0.0261692657270706 0.15763814152375 -0.054604704409646
0.00840626522457896 0.0122769505216231 0.081271334126811 -0.166433193207139
0.00982753376921468 0.0108178586296401 -0.0310842395311606 -0.17717182261996
0.0263548649630766 0.0059577592156616 -0.0983286097159137 -0.119869880362738
0.029368114268883 0.00191825321057173 -0.105863771062336 -0.0610046142057922
0.0326881782790634 0.00898722188109639 -0.103206386672356 -0.0505167943932262
0.020172401554883 0.0292678671227254 -0.0969602013546791 -0.0570678181982629
0.0117848846565281 0.0448882055853929 -0.0968681469736631 -0.0733309633382895
-0.0274202608293017 0.0599167801220205 -0.0697551308017469 -0.10912996135081
-0.077464613462667 0.0470696362558624 -0.0200108277695782 -0.144634459747765
-0.102149758964542 -0.02403219690512 -0.035490799948185 -0.144815383115274
-0.0998730996176129 -0.0955583302092275 -0.0884767124608678 -0.165818170322241
-0.116143290001221 -0.135203673305343 0.0293766289542449 -0.107437690850941
-0.120253343863739 -0.051835474547815 -0.0094043493911981 0.0533156830738269
-0.113537512934671 0.034791986889767 0.139714106785811 0.0941308914723173
-0.0633705821819494 0.075575454189166 0.19417101455381 -0.0289018229456026
0.00279783989636742 0.0775981116718968 0.110317768891691 -0.165305303529305
0.0308175275484505 0.0574799302915195 -0.00961222522774198 -0.174325047665626
0.0627955619249517 0.0440492851262083 -0.0800958619017813 -0.117930550817255
0.0700008928940438 0.028300294339751 -0.0897755507971736 -0.0521512309422523
0.072461762899378 0.03548484021486 -0.0887891567149714 -0.034874914669953
0.0397315083071032 0.0652467693338143 -0.0863569832416508 -0.0333903427151484
0.011583122138222 0.087505555569056 -0.0982028827510712 -0.0449792728763203
-0.0643975697201364 0.0999048731974449 -0.086073594007167 -0.0803053529883311
-0.133320500480737 0.0547007625640936 -0.0432965881666331 -0.120393805665586
-0.146274559768844 -0.0589721459634866 -0.0538067753695339 -0.117688139567004
-0.123153604187677 -0.160379521602329 -0.0893739431848088 -0.117496695056704
-0.112824264152927 -0.198599605379981 0.0528133529393657 -0.0392666174378078
-0.154647629950679 -0.126412708358374 -0.00249524285295492 0.101117220468475
-0.192281008041593 0.00171074029683961 0.144651270047764 0.143656287597332
-0.137648783440001 0.105245842505211 0.217681238350111 0.0175784554857944
-0.0183250204013553 0.135380563912727 0.13733246783924 -0.138882883002077
0.0416969314996181 0.101782397397708 0.0197950299522224 -0.149589489772035
0.0886428772515298 0.0786950541699465 -0.0495984419710051 -0.102125971745126
0.101481939314023 0.0508436270883414 -0.0609464847101585 -0.0361957696075745
0.105180008068995 0.0535032651497609 -0.0609085009979818 -0.0121022509326005
0.0614368611389686 0.0870064592170462 -0.0644497676377592 -0.00225347245830131
0.0225189038639141 0.116490191490893 -0.0914825228998477 -0.00797590980261026
-0.0798010776633859 0.134696506929235 -0.0956465175842612 -0.0445656545950155
-0.166342934841972 0.0702685526229547 -0.0621266317044618 -0.0926349789553832
-0.175134860377325 -0.0726595425839126 -0.0576513976379198 -0.0904162454464823
-0.13419038759327 -0.197667828163121 -0.0754637308849841 -0.0580250364573292
-0.0887638454423771 -0.227670502113729 0.0679709492257588 0.0431772934894401
-0.149988336297335 -0.185092345084514 -0.000944727706387533 0.151796260974303
-0.231490047227296 -0.0465434213836205 0.125763634895788 0.189000838454705
-0.195176386942678 0.100490970076463 0.212891080929377 0.0744206587825471
-0.0468894070569977 0.166949659310498 0.152308162407318 -0.0882123051452936
0.0406918152675741 0.130218469860573 0.0490008610557841 -0.104293048822874
0.0973876928278822 0.102061939777124 -0.0114265638760213 -0.071425480744242
0.116761400112702 0.0654036007763645 -0.0235728054144002 -0.0152961102790221
0.123883995863307 0.0629109632814359 -0.0243077576018801 0.013172293080715
0.0767754466586996 0.0967677150177025 -0.0337991746629948 0.030325963274188
0.0323153465494756 0.128930185793435 -0.0753703065414068 0.0298293365854123
-0.0833455119242653 0.149840184842833 -0.0951734082337406 -0.00911630400310359
-0.177679281790009 0.0745533715697229 -0.071400667608602 -0.0656787893545648
-0.178965562631033 -0.0796147148559041 -0.047511745497853 -0.0680544436949615
-0.123635908552077 -0.208197196627962 -0.0498432567432605 0.00209013679417796
-0.0503675027954801 -0.212936499740147 0.0737730995675177 0.122374981390982
-0.109998304253141 -0.204252659491387 -0.0043715688684939 0.193060150937582
-0.215941728005514 -0.08828441106024 0.0881159389550749 0.214330130546936
-0.211086834497361 0.0684822675294894 0.179051147250271 0.122138001197973
-0.0671358232803024 0.161684524152629 0.147270578681014 -0.027460687703971
0.0327168576214455 0.133349505130295 0.0699861031188288 -0.0481988277167856
0.092282890397795 0.106420921541733 0.0276047313093905 -0.0336896430710977
0.115280261612326 0.0703112389936977 0.0159000785435157 0.00693833949530148
0.12404591734592 0.0644345525935971 0.0153386952083396 0.0377589703815773
0.0806914128355929 0.0963050628940425 -0.00152651557551126 0.0611446738765783
0.0330110545726975 0.126757018790185 -0.0561003463509257 0.0642100799407011
-0.0853985276808909 0.141197380716508 -0.0899452393087623 0.0208884896842286
-0.171172612450054 0.0592977891442241 -0.0744976965455587 -0.0426491972638224
-0.155956824676615 -0.0880857578500494 -0.0318985204457839 -0.0507847869825491
-0.0884474303898798 -0.195968959608632 -0.0227392569274225 0.0567483042700838
-0.00774053434448462 -0.15550264108454 0.0717643078861447 0.180741581730108
-0.0536381508975973 -0.176127031935851 -0.0083134041474098 0.214387789819617
-0.158072724493495 -0.100263341090757 0.0473995347499734 0.213977714998649
-0.178711995659481 0.0307258082407398 0.131497613446929 0.14665401839315
-0.0684036809489002 0.127216826045678 0.127887499648679 0.0268872781375839
0.0231221047104549 0.111692157047136 0.0820462438506313 0.00409191025781085
0.0745764909431691 0.0919225435377609 0.060738467497141 0.00361125637038234
0.0970553666547217 0.0638470177231763 0.0522685861086597 0.027642487294645
0.106801752845981 0.0595377278812704 0.0512922773035912 0.0589612517597596
0.0709913962090154 0.0874012472599981 0.0267951643252599 0.0890952550010441
0.025025164339102 0.113694010843196 -0.0413353018481485 0.093620345448174
-0.0848778115321223 0.114935617279207 -0.0873669794104044 0.0439367101001008
-0.149954998262733 0.03025173703837 -0.077735736737473 -0.0261650885063592
-0.114552770636034 -0.0954319234345041 -0.0170484568182148 -0.036035788569304
-0.0377307607486539 -0.163323490168496 -0.00283823392938089 0.102958436727754
0.0335956439972628 -0.0695395282380413 0.067894280909553 0.206967819816126
0.00302410332537689 -0.110399885776459 -0.00363765350012493 0.211312712348208
-0.0804652974878082 -0.0792423034261718 0.017622561281008 0.194294663150564
-0.113649503222065 0.00231646052308256 0.0913444195831942 0.150828977516904
-0.0503698946171726 0.0759144506514507 0.1086595022491 0.0638187025924102
0.0137370045042221 0.0714911034262368 0.0889387601012349 0.0409157022433093
0.0465563181355429 0.0610213832555919 0.0854387209275627 0.0319144391731495
0.0644761886826678 0.0472956223805031 0.0799700695006645 0.0429890280734307
0.0730249110535184 0.0460860932874206 0.0790508170362493 0.0793818406984169
0.0518027881194328 0.0682108317136343 0.0447457008102233 0.114127266908244
0.0120790072845751 0.0879288347088433 -0.0365993165020188 0.120149077864916
-0.0764765385246137 0.0767634390079336 -0.0930491049439084 0.0594786513389031
-0.112849506603503 -0.00170467323600102 -0.0854935790670326 -0.0170816192146593
-0.060315616395863 -0.0914583569496809 -0.00737423345099698 -0.0253017610578194
0.0194328090265401 -0.109908447290995 0.00549159270642992 0.138096223745113
-0.0514589415897498 0.0240156689585072 -0.0242179380292737 -0.166075810591792
0.00800838539242712 0.0601813457742331 -0.0278360108563361 0.00415291116398514
0.0527420006762858 0.0325671163215007 0.0952689454280358 0.0359915820722784
0.0483035457032014 -0.0269142135380012 0.122153663449329 -0.0600104843641731
0.00148089671718123 -0.0419557821407085 0.0596732429638978 -0.148347914685637
-0.0163966959387068 -0.0283130131240374 -0.0415815683406576 -0.161075250585118
-0.0164956267404176 -0.0281866876228433 -0.0983968984099556 -0.106486141479744
-0.0158957339045515 -0.0251401440891791 -0.102751502429903 -0.0587512340740947
-0.00729571702688295 -0.0239744704028647 -0.101729398408926 -0.0509715182453131
0.00802252005130464 -0.0170289538150086 -0.100496465364486 -0.0650868887127305
0.0273300091541116 -0.00516958747157156 -0.094276515257375 -0.0857632801158909
0.0319497950954662 0.0280157679580828 -0.0571380150669225 -0.12822241258585
-0.00722419007944645 0.0613982610437197 -0.001990566243908 -0.165466937962866
-0.0554509883085155 0.0350499671542662 -0.00789943197275502 -0.163664041224771
-0.0721153520291253 -0.00815547368452095 -0.0753712169762849 -0.1898133540265
-0.0928947972388131 -0.0552531404403356 0.00214171800747184 -0.148803052084638
-0.0604663718863137 0.0145652418447707 -0.0189486809716987 0.019740225991596
-0.0254207198975798 0.0423616652071494 0.119025697115079 0.0572715884534391
0.00211046238490468 0.0266624219880581 0.157226189695159 -0.0531939003895819
0.00815612065737219 0.012711517473949 0.07952960944613 -0.164018437351913
0.0097967983872723 0.011460410994397 -0.0328015530637691 -0.175335992820923
0.0261218796217325 0.00527043861996931 -0.0978464716483578 -0.117415408399248
0.0288121100564667 0.000954944683834389 -0.103380747439216 -0.0591249618190336
0.0319437996466941 0.00851622978323988 -0.102205773288646 -0.047537959076892
0.0201983341272546 0.0292390395943497 -0.0974728611662445 -0.0553113234554721
0.0119351336988587 0.0439715050613178 -0.0969172428413515 -0.071913522043941
-0.0271378499415235 0.0597119262869581 -0.0684972145449136 -0.108384520243059
-0.0765160474041117 0.0470403100334626 -0.0197689755955039 -0.145224161712315
-0.10030844954771 -0.0251619654273206 -0.0336099345452901 -0.143560815651209
-0.0981835320903041 -0.0944997859208686 -0.0857416793818694 -0.164463712337285
-0.114331753557409 -0.133943539500044 0.0294445006934762 -0.105512928925733
-0.119544781957368 -0.0519765378040571 -0.00944111228318714 0.0529644790243633
-0.1126963641453 0.0333358210140919 0.138693275459865 0.0952537307288301
-0.0636583121983807 0.0759413953130138 0.194333846550409 -0.0274813740707142
0.0025593314161549 0.0769573895633294 0.107978183923556 -0.163351975450033
0.0303356954076531 0.057528438590928 -0.0109838164559003 -0.172783600574876
0.0631326225497224 0.0425724374474892 -0.0804900713704188 -0.116116095550695
0.0695539261914953 0.0273642323926473 -0.0877834958828231 -0.0507791200990178
0.071425316304291 0.0342292007212201 -0.088507963983784 -0.0324679966576213
0.0395815648083044 0.0649442291286531 -0.0863643293515162 -0.0320236549586644
0.0125113435971221 0.0865673084241545 -0.0985082585983004 -0.0439341952676372
-0.0637512707729103 0.0996630669311412 -0.0854729987619757 -0.0792106516253375
-0.131572739574685 0.0543274547331045 -0.0431994581087577 -0.121235471875039
-0.144274834479877 -0.0590353768994741 -0.0519079052998618 -0.117194479269584
-0.121686370959353 -0.158386813067933 -0.0874904866538796 -0.116176084272893
-0.111464454325885 -0.195769229214731 0.0533702875627231 -0.0377788776467442
-0.153378635190695 -0.125746674694093 -0.00278358255675023 0.10001654291262
-0.189960315696925 0.00170471093338844 0.143256613081467 0.143894672809657
-0.137956600630784 0.105427535135127 0.217503877132671 0.0187019350450022
-0.0175557855256515 0.13370540528616 0.135572139311245 -0.136728052104553
0.0410932142641041 0.100887899086362 0.0192002077141389 -0.147819874591695
0.0881721999576672 0.0765956101104175 -0.049751082289076 -0.0994011108319339
0.101059796014573 0.0490760470616576 -0.0590749345049578 -0.0351108011196393
0.102933950838385 0.0509818319663192 -0.0606135783437518 -0.00967334308718768
0.0613497975663136 0.0861995868380953 -0.0647941510794355 -0.000978642232615201
0.0229717731253666 0.114877864240998 -0.0918335484738622 -0.0061462552943038
-0.0782017796423785 0.134089651166884 -0.0956545535126757 -0.0435942781953128
-0.16406608645632 0.0701488809715141 -0.0621296106405985 -0.0931609918629457
-0.172916800403499 -0.0723830534218968 -0.0562718808186291 -0.0903058542809067
-0.133119321750187 -0.194224613364979 -0.073294118085602 -0.0572892798317056
-0.0875521749089832 -0.224644937541307 0.0680902774129967 0.0434598005980331
-0.148755748754993 -0.183710615471992 -0.00204750276916251 0.150276756173966
-0.228866037467927 -0.0462030895821225 0.123666892577259 0.189071525028802
-0.195108548700655 0.100213382994322 0.212150420565018 0.0749707469012164
-0.0456549186399719 0.165089455541554 0.149841750495225 -0.0873274902451674
0.0403495982701469 0.128490830211189 0.0482667442423964 -0.103181675837335
0.0989140023342356 0.100271125954138 -0.0118819322361536 -0.0700819919339772
0.116561588453483 0.0637844884299228 -0.0224763478124408 -0.0146505446709727
0.122442589696129 0.0596310283538606 -0.0246323912571699 0.0147119258675199
0.0770801005559144 0.095603695728295 -0.0336348528850635 0.0302281283359879
0.0323660913956348 0.126847756865933 -0.0758447632703328 0.030915123534271
-0.0824562064650731 0.149081702849775 -0.0951713303019411 -0.0082190543871946
-0.174501512222225 0.0739396868934589 -0.0725664431793523 -0.0653491691409056
-0.176555724779055 -0.0785591724025925 -0.0465589341871534 -0.0677500171017244
-0.122304856663078 -0.205259298357084 -0.0483176986717495 0.00266515162372378
-0.048561520211047 -0.20971201900981 0.0724837072430517 0.122242973115023
-0.10916785659118 -0.202729134474557 -0.00535993370817171 0.191740704271145
-0.212971444598813 -0.0877288048142567 0.0855933070982859 0.213958376455587
-0.210233645104524 0.0688624511958674 0.177787152065291 0.122147529681061
-0.0654989147307375 0.159487420257537 0.144512790480772 -0.0266120044625447
0.0324238756840651 0.131064720123611 0.0694814573849676 -0.0482784395905058
0.0922275525007254 0.104681376930912 0.0271612125479486 -0.033278352706454
0.114324513473059 0.0681613257173779 0.0160241218670933 0.00777276756772659
0.121789515080084 0.0614186041516376 0.0144434598354587 0.037415339488106
0.0798492323332861 0.0949969242463851 -0.000792186490249215 0.0606425872274052
0.0335589211936677 0.125120872350791 -0.0568138664537988 0.0641007691590605
-0.0840038403310024 0.141199594679639 -0.0899700568651713 0.021231105690265
-0.168283555073223 0.0584462439520201 -0.0753473130228326 -0.0430382990569565
-0.154202437074721 -0.0865088799315962 -0.0315276868666543 -0.0501697932240487
-0.0879220341657448 -0.193468425071241 -0.0217060090880378 0.0568127060981457
-0.00675857184355808 -0.153376372645224 0.0702081215951768 0.17998920914749
-0.0528581051968587 -0.174852468887519 -0.00899294009365423 0.212616096587734
-0.156127291349369 -0.100304070727558 0.0446104207349552 0.21367260005444
-0.177575251980866 0.0318615414875025 0.130672964129227 0.14601615161196
-0.0665996092117856 0.125326613310623 0.125655121132643 0.0270536083321584
0.0224543904154834 0.108921618113817 0.0822631248710713 0.00381103810568389
0.0745439269588948 0.0898922897101348 0.0601072865457568 0.00302936671487855
0.0965893041463567 0.0617111660550119 0.0510198287979079 0.0274100085650505
0.10508830660354 0.0568874085547926 0.0499271567641713 0.0589176273611735
0.0707142834316565 0.0851991294164541 0.0262675260616248 0.0872110891054431
0.0254317724766169 0.11187055342832 -0.0413933830441469 0.0933547418062854
-0.0835724616245255 0.114969546722941 -0.0874171997791627 0.0436476994929853
-0.147929857127847 0.0304980479855048 -0.0780699340082211 -0.0264774024723593
-0.112680136758295 -0.0936246401205828 -0.0168261797797122 -0.0368730221346338
-0.0377543509215636 -0.160981245175727 -0.0021565438137192 0.10153881716613
0.0339292147140136 -0.0688294849605926 0.065446413774932 0.205182547296777
0.00249052904578954 -0.109549622220179 -0.00481719369662017 0.209654570060846
-0.0796083295656247 -0.0791056150517596 0.0159990752410044 0.193468817043968
-0.113165838274115 0.00270293389049312 0.0914194023529399 0.149988397965699
-0.0488116143423809 0.0750412825476322 0.107018095075715 0.0634783575931739
0.0129308084789668 0.0694861804674917 0.0893382920747827 0.0402190853263531
0.0462657045897221 0.060091952012505 0.0839254297493067 0.0308085000754948
0.0635566328728288 0.0457489147998127 0.0778651155898929 0.0425922484467508
0.0723624670930882 0.0441416922838248 0.0774097586068726 0.0778228822873532
0.0517929778953058 0.0672371512699333 0.0443716310314683 0.111719155600032
0.0126127540455806 0.0871989531933314 -0.0356945533418588 0.119449849882015
-0.0748183068795435 0.0762527654510368 -0.0926980323862335 0.0592226217320505
-0.111033357535989 -0.00125214177914147 -0.0849896158547152 -0.0177833866645783
-0.0590624257373504 -0.0890972957875066 -0.00749347990835725 -0.0257371367125578
0.0183140335114986 -0.108629481316627 0.00625601997229898 0.136266528666356
-0.05262836339139 0.0232573310858063 -0.0225264018507473 -0.167932370225064
0.00765669584763286 0.0598102685731052 -0.0293329580430846 0.00357194983179233
0.0525779377992822 0.0338200244981554 0.0969071021451022 0.0389606563794814
0.0486662629743814 -0.0266636561406673 0.125360898059404 -0.0583669467622353
0.00185596509057605 -0.0418406452027039 0.0621966269252791 -0.148896195478022
-0.01645222538087 -0.0278223999789715 -0.0420994213812475 -0.163228388967769
-0.0165648746601512 -0.0288217421878567 -0.0990501947770339 -0.10828558940654
-0.015963331839124 -0.0254785461564944 -0.102779836646966 -0.060664571006412
-0.00761914014478314 -0.023833930198936 -0.10210585980683 -0.0518419253774012
0.00835152093147559 -0.0164997547260093 -0.101678930996291 -0.0663192394736452
0.0277731142652528 -0.00508206358267613 -0.0946427753202974 -0.0875461154698236
0.0317852524272715 0.0287743956289852 -0.0552694518605137 -0.13129003004595
-0.00760535719528078 0.0617771728936775 0.00028388110700179 -0.168888623200733
-0.0557926990237801 0.03288109930617 -0.0043810908749613 -0.165831383654395
-0.072570837332404 -0.0100994828326013 -0.0720028301493287 -0.194365388443981
-0.093256767971819 -0.0574456472862027 0.00424919965359253 -0.149899705465819
-0.0613315863681386 0.0135460336142839 -0.0201045755464869 0.0198102720813471
-0.0262362473953433 0.043139799761342 0.120760611892954 0.0605656964654687
0.00108225873335223 0.0273004662229058 0.16122286470065 -0.0512188050302327
0.00790839937099293 0.0141400144588074 0.0827099641513871 -0.164722420523688
0.00932913172134122 0.0120829818971104 -0.0334136823089744 -0.177545595249107
0.0263699873958245 0.00513781184078935 -0.0980014250708131 -0.1185703230315
0.0297598636934909 0.00128965522870582 -0.102718274216992 -0.0610315462410579
0.0320496429054324 0.00934235769759993 -0.102716145147464 -0.0483256048286751
0.0203548717317676 0.0301345324976157 -0.0994288916055147 -0.0559001348072691
0.0121428715131134 0.0445511075801317 -0.0977966209148301 -0.0736739518241748
-0.0285699587813726 0.0600501340624058 -0.0673254187567717 -0.110918819795151
-0.0776513420861422 0.0461803893226569 -0.0171050925212848 -0.148649484668106
-0.0999210252437369 -0.027765589992578 -0.0304245647898685 -0.146061146767933
-0.0977855976376347 -0.0975316431092478 -0.0831828009476618 -0.168255216421673
-0.113478965545613 -0.137110186980931 0.031649882463384 -0.105957668335084
-0.120035095852692 -0.0540420939241157 -0.0111326087418339 0.0532388733611109
-0.115297138497436 0.0325610698722222 0.139578380623452 0.100155644474047
-0.0666725383785077 0.0769432138085319 0.198177618831253 -0.0244517125490194
0.0013817669267073 0.0780008525092817 0.110537430774376 -0.162467031777329
0.0300579553799075 0.0594957603621483 -0.0100211446722891 -0.174073826351276
0.0639872758962015 0.0433410577800772 -0.0809412053071124 -0.116734708635458
0.07086344768883 0.0281126769226851 -0.0869098928729735 -0.0517339379021792
0.0716684361892917 0.0351670241439483 -0.0888677660936261 -0.031687206494033
0.040049404313714 0.0660350360459115 -0.0884432425404075 -0.0324136592332214
0.0116486852029384 0.0872316739004642 -0.100052251888757 -0.0443300815257263
-0.0663583565412489 0.100564770761502 -0.0854234213942745 -0.0817698510053397
-0.133666821608587 0.0532920455915336 -0.042635280806414 -0.125107578117547
-0.144144749794947 -0.0627812706288861 -0.0499030902835352 -0.119534351125816
-0.120660193116726 -0.162586440591773 -0.0852110635610221 -0.118991564710846
-0.10947647790978 -0.19993829870622 0.0554025317862855 -0.0371542726874645
-0.153862873352705 -0.128894787092295 -0.00468610607948619 0.101513925436626
-0.192246458441596 -0.00100893146342499 0.142508588334645 0.149496166495985
-0.141629016337712 0.105544535044463 0.221815987794382 0.0230253423136575
-0.0195260042868779 0.135423420535328 0.138305423978118 -0.13516544582418
0.0403905124161997 0.103372248407058 0.0205833922211035 -0.150263075526497
0.0893443427696507 0.0780101213976884 -0.0502086003680414 -0.100116963464363
0.102212332821728 0.0498338601710727 -0.0586139232950475 -0.0359367693822861
0.103219308201553 0.0520385025960118 -0.0613302796456449 -0.0090198998006106
0.0614147543940427 0.0879901394035811 -0.0658939191618961 -0.00119066100786341
0.0218995831702097 0.116304629344601 -0.0943181902801598 -0.00688237620009804
-0.0811560803370632 0.135946434528869 -0.0966519876754264 -0.0449569579956795
-0.166341893851213 0.068812575480576 -0.0626291723109444 -0.0963498116382569
-0.173089635231395 -0.0755981925825484 -0.0545000433899071 -0.0929521243056654
-0.131687605367133 -0.199015626534496 -0.0725180414646798 -0.05865508205541
-0.084197648466258 -0.227873590590363 0.0691283961727298 0.045962165157776
-0.147831572664303 -0.188792638885966 -0.00446434461714908 0.152716302205364
-0.231509173075565 -0.050926302473269 0.122358813758083 0.19515599080788
-0.199517445789292 0.10102731217745 0.216252824323965 0.0799185921468363
-0.0480615860946335 0.166997936386698 0.151788415885832 -0.0850855627881369
0.0386626439394425 0.131208570267153 0.0500047191930868 -0.104401945914649
0.0994377615649935 0.10141589919931 -0.0112320381781416 -0.0699318413431637
0.11824668598125 0.0643562492667941 -0.0215427581254175 -0.0143780903986831
0.121688521496359 0.0606784842839938 -0.0251560416081472 0.0155076971541692
0.0768454000421931 0.0974373484284756 -0.0353031587829563 0.0309116191676965
0.031004207761232 0.128656541089598 -0.0782011422169964 0.0313400294559364
-0.0842698087440045 0.151299244392343 -0.0977034896637941 -0.00924513143377498
-0.176636512405877 0.0738413071065202 -0.0728113611127025 -0.0687374473717006
-0.176624432226826 -0.0816099905106858 -0.0458087875386827 -0.0702470541914644
-0.121418832657065 -0.209117982324129 -0.0483065621107372 0.0025564786593113
-0.0456423452822761 -0.211957281208652 0.071956765672718 0.12437515719117
-0.107411308963274 -0.207685104187675 -0.00919760515298896 0.19346651755211
-0.214598626649231 -0.092139173064312 0.0822973037572267 0.219121542188338
-0.214585673656653 0.0681865720687052 0.180369453907305 0.127464164757364
-0.0682410484779294 0.160790260546874 0.145875258803695 -0.0238739834242381
0.0306686366678991 0.133205644059453 0.071857397866087 -0.0480707775819969
0.0933042791548729 0.10552415713634 0.0269257899539816 -0.0327117592484946
0.116044452652293 0.0693165003831162 0.0163325760834462 0.00757388071263496
0.121649111710179 0.0625052124058312 0.013796092716555 0.038929154906854
0.0805230197800372 0.0961606062485773 -0.00255974129628127 0.0602701934211438
0.0317743192154325 0.126428200596127 -0.0589717717345851 0.0647660690808467
-0.085944688569251 0.142772653259066 -0.0933236375361973 0.0212409199793239
-0.170498128737153 0.0578465682952237 -0.0766644957959477 -0.0452735345647759
-0.153574780954021 -0.0894243162802689 -0.0307026587555913 -0.0529200376838326
-0.086646489083943 -0.196096791017164 -0.0216682874393127 0.0566584986149211
-0.00418126699882376 -0.155159676502873 0.068203872053284 0.184086262238589
-0.0518733679282797 -0.177867911417889 -0.0128645572342483 0.215328836047698
-0.156701444180911 -0.103180463268423 0.0411843170813178 0.21856180985798
-0.180731467585496 0.0309946847589781 0.132059373079201 0.150405645233595
-0.0684955891301138 0.125915963812644 0.126818119970756 0.029574165153107
0.0208549053596892 0.109631157056496 0.083902223555268 0.00457352249155699
0.0750899619606468 0.090464164785304 0.0598865251815259 0.00330900959450401
0.0972865672452518 0.0624346274783767 0.0515806272898435 0.0281856440471069
0.104882728493992 0.0573522806364072 0.0492195001911564 0.0602846586154733
0.0712490526616885 0.0864133395321199 0.0250152562640051 0.087464580962001
0.0246692085333823 0.112625853551042 -0.0443313349090873 0.0944170345197249
-0.085756743073051 0.116451712663528 -0.0896989928839696 0.0440042127284
-0.149272450294387 0.0291193960473817 -0.0796632919943376 -0.0287331122393033
-0.111799899127322 -0.0952529911502643 -0.0161770004531213 -0.0385421550437683
-0.0361253503325072 -0.163357246453472 -0.00249108898786988 0.103057224359316
0.035396041110065 -0.069193925967132 0.0624058181169331 0.209766096204837
0.00397621865506739 -0.11113228842016 -0.00893774504762767 0.211656953396204
-0.0798097741916486 -0.0814197747490006 0.0123497659415516 0.197216540154668
-0.115576110719596 0.00139919991393947 0.0906928392381304 0.154100115230316
-0.0493463563811701 0.0750936177055899 0.107921872262921 0.0656676582428216
0.0120787301734357 0.069255229764674 0.0909605303843571 0.0414893833575736
0.0466313906350707 0.0603766666378076 0.0846308648528707 0.0311379160452263
0.0644498686683928 0.0460937322734957 0.0779028328128604 0.0437261962181405
0.0721346275215682 0.044033031153419 0.0764789688448364 0.0787637412827308
0.0518541724754234 0.067474140530272 0.0430265483407454 0.112272109181745
0.0122651778403943 0.0877724888677743 -0.0388452657457252 0.120602749854172
-0.0770850766239904 0.0769671657046899 -0.0964057835706659 0.059090826506446
-0.111277645779781 -0.00248753955086587 -0.0871501505930302 -0.0199233559783912
-0.0576656391413584 -0.0905749835114686 -0.00726651863112631 -0.0276382060316143
0.0193917837514471 -0.109280210885083 0.00525576264702666 0.138337018918982
-0.0554687914713013 0.0233578899311977 -0.0215313206105336 -0.173879367458225
0.00818098544995937 0.0619766983449202 -0.031596820368644 0.00446452718909661
0.0535408225016818 0.0359672445880129 0.101455528019923 0.0421428995949321
0.0501475575558496 -0.0272298995256472 0.132754324926388 -0.0591624050262343
0.00204545630453456 -0.042475992038667 0.0662065974563091 -0.154457911332375
-0.0169480396318177 -0.0278637172789456 -0.0449998280995424 -0.169407308324723
-0.0174973523019066 -0.0298824412885482 -0.102480264423082 -0.112102409807417
-0.0163950317793538 -0.0266276217319255 -0.10630733550567 -0.0635098908734693
-0.00800724329725873 -0.0242839048701256 -0.106041661636612 -0.053409484386455
0.00891760275161296 -0.017100859304601 -0.107179000873624 -0.068311061884544
0.0287332866992293 -0.00570425877028328 -0.0981480187355385 -0.0915552645360919
0.0319428233273335 0.0299985232696771 -0.0559467356737944 -0.137628982706686
-0.00822352844457049 0.0642656831681924 0.00211345618414311 -0.177737132703746
-0.0573121539456068 0.0324176005296525 -0.00125425721243235 -0.172463417954529
-0.0754427385542259 -0.0118314548682473 -0.0711595169773178 -0.203644276023683
-0.0974647779945915 -0.0608505452951972 0.00630535705283268 -0.155967971704256
-0.0634695640634445 0.0131070895807087 -0.0222616285626105 0.020791726352066
-0.0278063373331815 0.0449664923063394 0.125672558800238 0.0655830732141516
0.000407539148316974 0.0283032446598262 0.168887596153509 -0.0512500936382465
0.00813150256263221 0.0150685070405997 0.0864880001805061 -0.170218374456221
0.0101504265462953 0.014100219687343 -0.0347269626390204 -0.184268277874989
0.0275605122586089 0.00523846872042846 -0.101496601866232 -0.122596562849004
0.0312256474981313 0.00137425238840147 -0.105573119224904 -0.0636048714111487
0.033612028290342 0.00986497222688155 -0.106514468264716 -0.0483921653384716
0.0214010070833271 0.031613577049629 -0.104346143215761 -0.0578868627765833
0.0123265577520147 0.0461382341062315 -0.101771815959109 -0.0771916768004875
-0.030630156670875 0.0626299253015765 -0.0685371255153301 -0.116893077614416
-0.0806878907531015 0.0475901331686382 -0.0179631587325703 -0.156967644736572
-0.103558132996886 -0.0315409425902219 -0.0288753284300852 -0.151903760898498
-0.101375584107317 -0.103420694331456 -0.0834598408755177 -0.176273527693581
-0.117046424974195 -0.143636918074039 0.0347364936068633 -0.109540884052417
-0.124371213101254 -0.0576728077522667 -0.0123215079137704 0.0556240009829869
-0.120383238544272 0.0331681630016885 0.14535148790215 0.10701871063221
-0.0707367893347763 0.0806420979239189 0.208823795709178 -0.0231787493612531
0.00116162956525476 0.0815268198127937 0.115892097650857 -0.16759909801361
0.0312478188064865 0.0631445814634304 -0.01082944869465 -0.18116395586696
0.0666330568677985 0.0448766530130802 -0.0837162016420075 -0.119869346607001
0.0740089154102706 0.0285997079827101 -0.0891471830943851 -0.0544768295422672
0.0735266472984617 0.036550547607892 -0.0918079805659111 -0.031823558188984
0.0419229891227095 0.0696274391704547 -0.0929157050492049 -0.0327802894853026
0.0118899097990181 0.0902680081565448 -0.105723231729702 -0.0458667770114176
-0.0695999125250306 0.105200251055234 -0.0884220018031358 -0.086133124209296
-0.138901690298155 0.0547302649588371 -0.0435872525449769 -0.132212485623591
-0.14864969101366 -0.067733410918556 -0.0495530328356367 -0.125199669560064
-0.124121427135471 -0.170510720672124 -0.0861531772734766 -0.124720127307398
-0.111936132096789 -0.208535719733835 0.0581469413135024 -0.0377011088736808
-0.158697032384438 -0.135790755095691 -0.00641066896265581 0.10532459099236
-0.200882166899126 -0.00241818308342068 0.14757233567392 0.15942899264227
-0.149553542953955 0.111033688229574 0.232789814304032 0.0260506631303634
-0.0210725466275186 0.141165383678922 0.144145127993501 -0.138911466167396
0.041345987322061 0.108636744551219 0.0210828399576028 -0.155740092455518
0.0929871980675491 0.0805716949942725 -0.051688440897851 -0.102288860978668
0.10661487415549 0.0512401723704343 -0.0594837756895552 -0.0372624088864243
0.106598376185903 0.0534991218648091 -0.0630586139921537 -0.00842137125883489
0.0638613241548086 0.0920096807476975 -0.0696018278281609 -0.000936549256629086
0.0223192848774626 0.120955329287762 -0.0991993714139227 -0.00650912183853635
-0.0849573065393986 0.14244911692779 -0.100861961436121 -0.0471305265462285
-0.173320341485301 0.0708523573560313 -0.0648127360491036 -0.102549996265314
-0.178436677661475 -0.0803022150435333 -0.0552054203193556 -0.0981315226428308
-0.135137149501405 -0.20797185073626 -0.0731411837126437 -0.0616593983568219
-0.0844904045240725 -0.237606467054326 0.0716795591988185 0.0476253638477375
-0.152076322466808 -0.19737446924102 -0.00650832997325974 0.158067291027156
-0.240459922973561 -0.0547457699862818 0.125090870966044 0.206396421352781
-0.20945024670934 0.105483776829578 0.226059725751781 0.0852112347016413
-0.0500083228844174 0.172783032542258 0.158782848814928 -0.0859902138823961
0.0397395286981692 0.136761544380251 0.0529026518350919 -0.108559172269132
0.103635460929934 0.103986308407644 -0.0119483059599809 -0.0715511879206371
0.123251269047573 0.0661387900655163 -0.02149352666576 -0.0150650172643899
0.124957212568829 0.0624016043638662 -0.0256797483774674 0.0171119859700492
0.0797418978493893 0.101310071500912 -0.037636003940186 0.0318005717738558
0.0319267000879224 0.134398194881317 -0.0827381697165285 0.0337431520803226
-0.0887344623504098 0.157992646010257 -0.102124944938152 -0.00976202844817726
-0.183939438783716 0.0754239082620289 -0.0763275999903388 -0.0734122125579549
-0.18170914867741 -0.0855814751211325 -0.0465115780031575 -0.0747340653626449
-0.124791595290234 -0.218129058785893 -0.0486531109227624 0.00212179873958737
-0.0444809633163021 -0.22138159975093 0.0729465476337008 0.13058811271714
-0.110370369026779 -0.217448898490151 -0.011854185213217 0.20203634284131
-0.222773547427582 -0.0978839102140443 0.0827902990069393 0.231008360186977
-0.224127216582007 0.0716447046656966 0.18833477105546 0.134651064886222
-0.0711604349831354 0.16633293023224 0.151926118293441 -0.023393802817281
0.0303543177149883 0.138397123348032 0.0752894775783527 -0.0501312258039084
0.0974969446352385 0.109388396923288 0.0282790287414639 -0.0329921516511868
0.120958953910821 0.0717760036463336 0.017940879741064 0.00847360750448603
0.12557994289201 0.0635397220288493 0.0139097292735314 0.0415529537432123
0.0834609502779139 0.100097345096587 -0.00361354925869948 0.0624066671246473
0.0330266968739512 0.131074489270739 -0.0629426651293528 0.0687495475341366
-0.0896836982280582 0.148827750970883 -0.0977888203205836 0.0214894188360343
-0.177374478391752 0.0601252152220105 -0.0807754395874464 -0.0491225015229618
-0.158101020458112 -0.0929330086106575 -0.0306687733330892 -0.0565689304774457
-0.0895797146610227 -0.204715752955222 -0.0218442517931031 0.0590032649533781
-0.00202991109227653 -0.161640978081552 0.0680707004441711 0.192253937199898
-0.0517567582048828 -0.185684307046995 -0.016787384878861 0.224118092500501
-0.162356901174961 -0.108802261962979 0.0398837178953092 0.229274314263539
-0.189054752637294 0.0323004027563096 0.137131311579475 0.158292174882237
-0.0710267610588108 0.1301473609401 0.131557448612805 0.031902918584234
0.0206816796244532 0.113758984440153 0.0888171606708567 0.00463191432482538
0.0782974253494313 0.0936355247914011 0.0625572500021286 0.00416960160129001
0.102011959680002 0.0646473963022243 0.0531935880839397 0.0297175450306298
0.108017479664758 0.0587122167686478 0.050497465613461 0.0628188772279001
0.0739931860087261 0.0898843332435399 0.0250079534062 0.0903983322932027
0.0249524637375343 0.117511383970379 -0.0470265766512175 0.0992307251707526
-0.0888315956574955 0.121022599479094 -0.0954240476893925 0.0455466029757292
-0.154999678967864 0.029817990063457 -0.0838423163027864 -0.031259808181675
-0.114407315081107 -0.0997477095990696 -0.0164114775235464 -0.0414908891247297
-0.0369836960623896 -0.170111289766647 -0.00316895260940276 0.107257951963965
0.0379518007373664 -0.0716194999388128 0.0619272188066638 0.21945205007149
0.0045680954163503 -0.115817209401448 -0.0126434200035295 0.220727822048986
-0.0818714545998944 -0.0847006817924597 0.00949320190274478 0.206347336723504
-0.11959905329205 0.00222419870369836 0.0947853247150681 0.160475764773327
-0.051399658450143 0.0779397141005404 0.111674299971145 0.0689463307138794
0.0117458376005841 0.0712739929064184 0.0962429021164378 0.0428810087402708
0.0480938324706429 0.0624037228939413 0.087615878056889 0.0317946164968759
0.067401794210869 0.0477212654833744 0.0798149369847328 0.0461150249507992
0.074432666077452 0.0455765428416997 0.078421536974938 0.0823306224487299
0.0541505547585997 0.0697617620584379 0.0432447743368658 0.115434472580783
0.0122324360273012 0.0911110424464762 -0.0420304076235332 0.1253869418591
-0.0800942653815403 0.0808826148099934 -0.101524457720824 0.061148738246294
-0.11583227069593 -0.00267623040925993 -0.0908024737173487 -0.022546853710316
-0.0582334275843821 -0.0930885192738683 -0.00686637812034258 -0.029925873200395
0.0206890618441674 -0.112862247259631 0.00518025638133694 0.143504684696515
-0.0578769488258498 0.0285464969666624 -0.0331804260547378 -0.185555545226061
0.0135450518269763 0.0629812729060512 -0.0384262190849308 0.00776138718257343
0.0613425900000411 0.0307713097159041 0.106312479254892 0.0421012585774579
0.0499395910829243 -0.0362358949511144 0.137133163271515 -0.0664258204532239
-0.00320357211958269 -0.0458090408354007 0.0610569804245454 -0.16733937351365
-0.022516303128474 -0.0270876713885949 -0.0584371867827085 -0.173528525583131
-0.0233693314310495 -0.0287304511577437 -0.113997561500216 -0.10764498620573
-0.0199208657066318 -0.0254420996004315 -0.115976731787303 -0.0588854751631824
-0.0103741604864143 -0.0236852688599129 -0.118143998806839 -0.0479508250745774
0.00888181801481867 -0.0192400148301807 -0.122278388504913 -0.0638639526114068
0.0309651187570503 -0.0105863785984162 -0.11305696508062 -0.0900659604927923
0.038670429459152 0.0279514432930823 -0.0715677300987269 -0.14662004915826
0.00142066246027082 0.0691737710660892 -0.0117458360687206 -0.196115400092626
-0.0560392343470146 0.038624797953903 -0.00741853012726146 -0.185747238296876
-0.0794248876662673 -0.0082974889929588 -0.0817638514835692 -0.2120516588469
-0.108704351227171 -0.0529407011440415 0.00329753120898328 -0.170117283928949
-0.0637209716551944 0.0200835845474704 -0.0238060254308565 0.0200882398907847
-0.0226773098813621 0.0488888691155578 0.132790515927092 0.0577673344885067
0.00603561399134053 0.0282833555475554 0.173031699013878 -0.0662979525168038
0.00859619783285706 0.0119020176699997 0.0774080918110651 -0.183956528157663
0.00836864823572702 0.0139965900480297 -0.0514051982864153 -0.188690390827996
0.0277017788244888 0.00201578615368502 -0.118413197635163 -0.117389040728385
0.0320103579311425 -0.000806324992007753 -0.115195392932708 -0.0573343405764038
0.0358976601931804 0.00685931696041794 -0.117639265728208 -0.0414963929286318
0.0268727306961761 0.0312391165469295 -0.118577393801185 -0.0535122247667796
0.0187763931754524 0.0448001595525602 -0.116726826075542 -0.0748476446782803
-0.0233657896648496 0.0693141400888972 -0.0827703028746418 -0.125765497561165
-0.0768054832805585 0.0577905730217626 -0.0274012479452205 -0.173437712385131
-0.109708896172772 -0.0264459741775344 -0.0356482817906165 -0.156630926510491
-0.113322584582277 -0.105766182433498 -0.0957836535052319 -0.175635230959923
-0.137139853454136 -0.135661554802327 0.0428450657792239 -0.124309067991186
-0.133320618870154 -0.0461494595126266 -0.00684601539036558 0.051894920143567
-0.118797089557498 0.0470409612466352 0.158099087725644 0.0924288419114942
-0.0614101466902099 0.0907133061742505 0.213472432250974 -0.0460054189033351
0.00820526736886454 0.0802564346223717 0.104061904507036 -0.183410244478933
0.0354648179321791 0.0623308475300006 -0.0292708622897945 -0.18706515915008
0.0742305482507684 0.0378356241867301 -0.103858856874093 -0.115730117639263
0.0790444235466403 0.0227938025193361 -0.0972947198958847 -0.0486084345038937
0.0797302973994334 0.02984411501679 -0.100056363083747 -0.0253456269763193
0.0514943809022584 0.068264814081472 -0.105123652404141 -0.028195102832763
0.0219226244113144 0.0915154131649793 -0.118816308642654 -0.0412850009828179
-0.0594262458300627 0.117622301008151 -0.102102403092246 -0.0917388878862665
-0.1370792906457 0.0705369597116037 -0.0516231331077053 -0.146213398016939
-0.161390722158875 -0.0609453564666651 -0.055928080177566 -0.124247286721097
-0.144310664663456 -0.176242572463045 -0.0973176520412723 -0.115009701818759
-0.137321774207851 -0.202935737730687 0.0756525593859016 -0.0499376663431263
-0.175799823872508 -0.1236256597624 0.00832673344172916 0.101629625987113
-0.205407211880002 0.0189094423557677 0.1670723944306 0.140410530857319
-0.138735648216869 0.132648150427811 0.241719058072719 -0.00269700819765534
-0.00717967488913542 0.143681776153075 0.130502884780622 -0.156534724226533
0.0501921336950404 0.108140426426459 0.00476050296272442 -0.162168747760523
0.106850698743855 0.0723567207306987 -0.0717509097642326 -0.100653687561132
0.114596521044752 0.0438921154886197 -0.0642988044346407 -0.0327049429975067
0.11467381003916 0.0437849931795194 -0.0674021591969498 -0.00273971734985301
0.0769324303649339 0.0891722132102925 -0.0786045703129874 0.00440051452711909
0.0352316435096839 0.121746270335787 -0.110117543672377 0.000389491422570781
-0.0723585168978535 0.156707036505505 -0.113178478004248 -0.050545325173094
-0.172532516282926 0.0901688976123318 -0.0723143755022165 -0.113964817340022
-0.194744496581313 -0.071659391226996 -0.058416498730526 -0.0920859857844344
-0.160851903740163 -0.214859651527609 -0.0809966653553713 -0.0455257220245777
-0.110945567394997 -0.235543409129487 0.0963260461559897 0.0421957197989474
-0.174882351830385 -0.18692393097754 0.0150599972428383 0.158220810118648
-0.251436240928265 -0.0291681871052695 0.152270414890803 0.187745212736744
-0.200952700262987 0.134911329445378 0.23926837038828 0.0543591873366402
-0.0336873872808265 0.179861129804911 0.147986818259876 -0.104430381247633
0.0522497150151076 0.136991764688565 0.0403697602124484 -0.115927596057467
0.120319341557256 0.0966821042458587 -0.0292189911084081 -0.0719535638761957
0.133022780989564 0.0573151526025833 -0.0231591373041716 -0.0117888352445884
0.136317493872005 0.0505547403198412 -0.0259961237172377 0.0209703954987575
0.0936740131140416 0.0971696594447646 -0.0419762728765091 0.0368374807556101
0.0459148193306506 0.133745780452653 -0.0899948753586459 0.0418775082271415
-0.0744251838868712 0.17334279091248 -0.112506224458827 -0.00875780547554844
-0.183658021506221 0.0954433770041662 -0.0808949481449567 -0.0809356378784366
-0.198614629828747 -0.0767890617513013 -0.0482600116865895 -0.0672029012093791
-0.150024338946421 -0.226599040239788 -0.0521713084468975 0.0213719316624104
-0.0674887853523878 -0.221825263950525 0.100415677689411 0.13239755132685
-0.13329717170736 -0.211189266748525 0.0127043612920646 0.205837636093253
-0.239547976563753 -0.0754336269617883 0.11329887383887 0.219083332949858
-0.22070145489035 0.102740732085775 0.205478660919757 0.107520131766696
-0.0552237680196975 0.177021840418953 0.145658595712556 -0.0396571020378854
0.0437302402492912 0.139711986999307 0.0689227016393347 -0.0566651417744007
0.115274516124683 0.101413617819552 0.0150012471063098 -0.0367639733767925
0.131583971125652 0.0623524140240368 0.0197333624645741 0.00989621961454647
0.13646076244086 0.0531025774902156 0.0185962650240335 0.0434371357093035
0.0966451256613089 0.0952006142625282 -0.00295061231131869 0.0663589437210872
0.046200219668467 0.13013950844814 -0.0662040916502425 0.0786787079287702
-0.0777392830494561 0.16406916504036 -0.105079775092002 0.0246549200728685
-0.177670368485627 0.078499825891288 -0.0839995030965977 -0.0527328444863736
-0.173983361242045 -0.0866387961992755 -0.0325373580411921 -0.0496015080897822
-0.11271767238262 -0.214188055713385 -0.022452967365956 0.0788675569762153
-0.0160166951254413 -0.166067970712693 0.0929988763501749 0.200050877724941
-0.0696342280747593 -0.185176123388063 0.00669713879079094 0.233285697850399
-0.177376468901882 -0.0925538228173972 0.0677362341577786 0.225264354470658
-0.187600542232731 0.0578094119126571 0.156837553268768 0.138625074354107
-0.056677036477845 0.139971222212566 0.130363983497077 0.0193459668138406
0.0312835395036089 0.115157371457159 0.0881559787731134 -0.00143658683422756
0.0936449969056057 0.0875975419840015 0.0562401983692007 -0.00133940649771542
0.111763907544053 0.0578028584488477 0.0576501441251131 0.0289211442308025
0.11753735145987 0.0488448180526297 0.0586907658561531 0.0634558259359952
0.0859199526985967 0.0853065412003142 0.0300956669942222 0.0939989880140905
0.0364970196317324 0.117232168233429 -0.0460863202694763 0.109865141219415
-0.0796955966506472 0.134990139973042 -0.0999309614862303 0.0515891113974908
-0.158407012946106 0.0446672760473947 -0.0873049088836106 -0.0324280323806095
-0.128359827162285 -0.096348558527253 -0.01842519578043 -0.0357944861647819
-0.0549602178629952 -0.18017527574708 -0.000826405315213368 0.125564482721772
0.0354134144872569 -0.0782396390565079 0.0791233898887749 0.230881668469525
-0.00390723152612238 -0.118358900857106 0.00643961637902448 0.23248263910739
-0.0920607164123005 -0.0771339511838364 0.0310906785036579 0.209818206725971
-0.120429363370775 0.0181858910730351 0.112498205591013 0.151346694746012
-0.0415423546152705 0.0848688157491921 0.116378832628921 0.0608005379429741
0.0190812133572911 0.0716841548776323 0.100529868089949 0.037887986481033
0.0590039272092145 0.0584019195097555 0.0876486211705393 0.025838772071034
0.0743211874961014 0.0427527202206449 0.086533910821839 0.0430736205871431
0.0810377954630691 0.0384713358878431 0.0896473240863334 0.0820565909404424
0.0623555137167966 0.0669025593903891 0.0526676570925078 0.119450724078981
0.0202069551335413 0.0911398333723643 -0.0380072832153278 0.138325990332364
-0.0748685161813643 0.0911856567162425 -0.105505677343267 0.0699747784760886
-0.120422747214073 0.00682195707208753 -0.0951970050846432 -0.0197531959755472
-0.0679292780412052 -0.0947926401120108 -0.0107146950763084 -0.0264105273795448
0.0110367971924562 -0.123005353389747 0.00854898785103768 0.158842251652179
-0.0599824266163675 0.032562290622062 -0.0428165582524768 -0.191692419503546
0.0168238490466403 0.0642020170841077 -0.0408059225605319 0.0121890722248314
0.0654593593228211 0.0287723657150283 0.114444830359992 0.0399055980634038
0.0498326412150844 -0.0401319367935169 0.14165515588778 -0.0756009162268786
-0.00521600553000232 -0.0467149606039536 0.0558694861393511 -0.17674479685956
-0.0242401771515475 -0.0258282182471144 -0.0708441649943699 -0.176369284386284
-0.0266316711983951 -0.0288393026835205 -0.123976189701014 -0.105885892775786
-0.0222343391762163 -0.0252713981960039 -0.123504871644976 -0.0553367058843146
-0.0116483523602442 -0.023695569084382 -0.124503479486912 -0.042829426777134
0.00893460431581735 -0.0201080785609425 -0.131234271003718 -0.0591208084699204
0.0315416749439254 -0.012474257711109 -0.122865654254844 -0.0888761414943358
0.0417813114175247 0.027791784267711 -0.0818859872018235 -0.152252121812569
0.0047684599609002 0.0713315713735319 -0.0222990795067939 -0.205428033112754
-0.0576368338951441 0.0410039368200513 -0.013147684266981 -0.193003741123376
-0.0831317545942787 -0.00535529221879362 -0.0937116425207002 -0.218975473139208
-0.116341885448136 -0.0502671244732261 -0.00345830682336262 -0.178555912184147
-0.0663951962831777 0.0241312829139453 -0.0251616616904909 0.0227587471735498
-0.0206877783577618 0.052649108249501 0.142918523820333 0.0554614676452127
0.00663498486887692 0.0299618109192842 0.179462447913303 -0.0770127240064137
0.00940994374708505 0.0124341818064745 0.0722926711143734 -0.194499104014838
0.0108066471404048 0.0154276758604919 -0.0645569999812469 -0.192830790352492
0.0287696047824478 0.000508872520459463 -0.128394293040714 -0.1146361044773
0.0332020277347725 -0.00323440318639099 -0.12222319248668 -0.0539170521230141
0.037981431231072 0.00526608271000609 -0.124551152687433 -0.0368619420792298
0.0302128778030538 0.0316469283379843 -0.128154628608748 -0.0483016567342187
0.0212048173048039 0.0457697461609278 -0.126213270279614 -0.0721224882014286
-0.0204371389085413 0.0740296939503329 -0.0929578438227814 -0.128945112156725
-0.0767238557804044 0.0640732479830313 -0.0378379252680543 -0.181089715512974
-0.116273986218096 -0.0240901357484645 -0.0423035526736107 -0.162424191962595
-0.124892545037719 -0.10542652113987 -0.107216339141275 -0.179819045096359
-0.148958477299171 -0.13548910295357 0.038888297609061 -0.132411919542827
-0.141884941637543 -0.0428312549354183 -0.00601060428035972 0.0553292381779284
-0.12153110262277 0.055205650071908 0.170139560701812 0.0908211065209387
-0.0594337749318373 0.0998628635117213 0.222514362540008 -0.0584367789229336
0.0123677558465079 0.0841324679136005 0.0994925339951648 -0.195052909853578
0.040684923321977 0.0641709841404026 -0.0403866852663367 -0.192197958423198
0.0790727879024597 0.0353264528659723 -0.11280189017641 -0.113168952198742
0.0838233755564377 0.0190881273526378 -0.102863497500024 -0.0453802918527191
0.0844286760383425 0.0272375063894625 -0.104943836311679 -0.0196898124426791
0.0578654042221938 0.0686852934997049 -0.112475539878745 -0.0223771540986065
0.0274323306080983 0.0942358587191035 -0.126809654216757 -0.0368040798458066
-0.0559311852545125 0.126434688807862 -0.110817792659527 -0.0919567494448259
-0.139795515992709 0.0802607403913451 -0.0624687630170976 -0.151962369264125
-0.171531495180106 -0.0574488279543852 -0.0616624110015132 -0.127249113667505
-0.160826658183692 -0.177393396056064 -0.105015292119271 -0.116338906357799
-0.152336188779342 -0.205400065933117 0.0769052654393131 -0.0560379236156518
-0.189289010392917 -0.120669771030039 0.0115555337680492 0.105882810888332
-0.213954865921013 0.0303056440086962 0.182573739595278 0.140532180596854
-0.138056687342355 0.146466230447297 0.253106209084628 -0.0146329226635055
0.000198089745256154 0.150875101887417 0.130091275483398 -0.168331382377747
0.0587508764262288 0.112054905259478 -0.00350696165124148 -0.169868774822661
0.1150432196881 0.0682101346280254 -0.079471116220899 -0.0991079986382636
0.122202606660453 0.0380772754189577 -0.0682579600336626 -0.0309182892111795
0.122036607144552 0.0398650231941158 -0.0698730829974975 0.00214659450733692
0.0853166375713318 0.0895557126984861 -0.0831815702955138 0.0095792365473065
0.0424977169639621 0.124708895457811 -0.116141835074853 0.00795421482452456
-0.0669483002195264 0.168683966449443 -0.120778512043176 -0.0470729167053424
-0.175360561265075 0.102495447261702 -0.0825543718260791 -0.11727902000274
-0.206414182514007 -0.0672934307724532 -0.0648060443771734 -0.0945812029491773
-0.17889732507041 -0.21730486875177 -0.0847128255438899 -0.0437714695140689
-0.126707111316624 -0.241689455484225 0.101602787902425 0.0388116542520289
-0.191872534071828 -0.187814780771072 0.0203422870684303 0.164525898014789
-0.264710716801155 -0.0193595255512924 0.167825625579858 0.192133730064512
-0.203701705995528 0.152577091218639 0.254522936629337 0.045413289926509
-0.0258040138712505 0.189899919048997 0.149121331654704 -0.114464100148914
0.0618950690097393 0.142017143279529 0.0369916555001912 -0.123313528106564
0.131540187233196 0.0931230844349815 -0.0333281341914352 -0.0720009954699953
0.142229469408797 0.051526411815085 -0.0243343114380332 -0.0116903245584537
0.14334739567527 0.0458979231081256 -0.0253284824241776 0.024038817300437
0.103403251175148 0.0962533255536699 -0.0432809244537361 0.0405759047548138
0.0545158093448513 0.137165288398185 -0.092789476162103 0.0503861524493672
-0.0685081846980622 0.186373382459028 -0.11822265220343 -0.00396863801176311
-0.186421606116933 0.109669563113389 -0.0912581861500371 -0.0835472893862811
-0.210811562081934 -0.0718951150550658 -0.0536317538785225 -0.0698412555367965
-0.169853751322429 -0.229700520034119 -0.0520332466792161 0.0243638988349104
-0.0792957894170054 -0.23010233802406 0.109897460234188 0.133121546460783
-0.148391029852122 -0.21578376183034 0.0205466125779218 0.21473536080265
-0.253662889752625 -0.0688403704794723 0.128157620546169 0.22607301212074
-0.225417210090492 0.119782026096298 0.221910517558408 0.101402619426962
-0.0477614044581907 0.186399330068674 0.15019022312492 -0.0463161314855286
0.0519585235379123 0.143910223713845 0.0695307648608341 -0.0639065883798656
0.126267963457953 0.0990284919645847 0.013975910101868 -0.0379740381062473
0.141144455434501 0.0572366834352089 0.0201589055848768 0.00879581798334221
0.144219952045513 0.0485473397399287 0.0220107510418013 0.0446117507417358
0.105935584355822 0.0936423493965148 -0.00126609556851668 0.0697570873290611
0.0541043844734729 0.134726542488349 -0.0654029999737914 0.0867860073983637
-0.071613705643182 0.176321284632001 -0.109104888217119 0.0316579636533908
-0.181595172928581 0.0905527392285967 -0.0926506672735248 -0.0535270476188092
-0.185289594868602 -0.0827462106176499 -0.0362805609108413 -0.0517106556992355
-0.12868081868145 -0.217153701256296 -0.0182423175075154 0.0827391544772165
-0.0236922526927168 -0.173096837341692 0.104504465483354 0.205315821318502
-0.0805445154436257 -0.19113046049995 0.01634980353661 0.243113483791896
-0.189727668065626 -0.0888232837283221 0.0797602144053411 0.233923034824869
-0.193565652406539 0.0707419191547222 0.170305160107463 0.136871645241029
-0.0521502172408124 0.148583076706995 0.137021269051204 0.0148868226042057
0.0384259745252699 0.118719657231454 0.0931301751434844 -0.00674330646773931
0.102515517908134 0.0864216319925289 0.0589281883566023 -0.00361974974148326
0.120170280820892 0.0524156003356943 0.0615694547237332 0.02700218637794
0.124287153520664 0.044687330400942 0.0641223541932864 0.0635815095102737
0.0939945007799462 0.0843761885787532 0.0346110150745917 0.0965323588797789
0.0432927549249977 0.11977688259315 -0.0438236240916753 0.117860799227206
-0.0762118269407814 0.146115795948986 -0.102881558412274 0.0586936054434095
-0.162414083803035 0.0548729417914194 -0.093898083991822 -0.0311174654647824
-0.137272717697564 -0.0949931836302921 -0.0212676226316908 -0.037945180405861
-0.0667399107149514 -0.184262112850298 0.00682908351383795 0.130559495489775
0.033624886017604 -0.0837663194332007 0.0913731512470547 0.239548804071002
-0.00956898148695462 -0.123798108301798 0.0147117642032486 0.243233398370934
-0.100060535517752 -0.0755665901763115 0.0407947702941477 0.219144186316257
-0.124728261949415 0.0255152605873803 0.124852231915201 0.152292065837225
-0.0390834049137143 0.0890545534851586 0.124453943180125 0.057595020792237
0.0228642231114235 0.0732695020697115 0.108314020287085 0.0335418624642944
0.0641527649306932 0.0576836016672045 0.0930522119146506 0.021715513430009
0.080402053065686 0.0400023201065234 0.091852425449071 0.0405947194829984
0.0860965048467276 0.0366668438584579 0.0969078548635515 0.0800319751473555
0.068770119270867 0.0657663361535377 0.0599856566214118 0.120902575320127
0.0253556761461044 0.093488977483979 -0.0340620974065177 0.146255114721856
-0.0730270064207161 0.100257367975918 -0.107314266142357 0.078698117180393
-0.124668837474002 0.0131607168409525 -0.101877976196963 -0.0174987956777949
-0.0745299533015493 -0.0956918544044228 -0.0124370984878128 -0.0288547846531118
0.00442504892223883 -0.128482538135997 0.0175265059907013 0.164134600231417
-0.059559715882872 0.036685231515295 -0.0537895371572533 -0.192605522611093
0.0198150024365742 0.0634495504415743 -0.0418744395804941 0.0162922870930447
0.0688766277445184 0.0259650882948971 0.120449481644645 0.035269199830335
0.0484837421369013 -0.0434217515537974 0.141392450217224 -0.0847288745200654
-0.00769084757376037 -0.0461639228166685 0.0475009697503556 -0.183293874254052
-0.0254414867096884 -0.0243260099164183 -0.0816671270505911 -0.17344572953839
-0.0288811688746337 -0.026849164748492 -0.131934731293141 -0.0994599422663173
-0.0244725162173209 -0.0245910691079526 -0.128156815677181 -0.0493820326557845
-0.0132531338856966 -0.0236149195320735 -0.129193408995853 -0.0355255247224448
0.00713851559464325 -0.0213602165113394 -0.136436956994482 -0.0508976640654092
0.0309199101299563 -0.0147149185484232 -0.130130316788393 -0.0832409465958054
0.0439743545655827 0.026381927588915 -0.0912858686027817 -0.151999356247188
0.00967019675080965 0.0714186777383321 -0.0344120561851324 -0.208281059091089
-0.0579225350653484 0.0434877172497803 -0.0202241023756216 -0.194789018965347
-0.0854597046927955 -0.000817513524298439 -0.105222881031908 -0.21924501973
-0.12209860363795 -0.0452782095243208 -0.013222398831174 -0.181129819514517
-0.066931875760135 0.0267005577391502 -0.0258714432712041 0.0261400209892481
-0.0179187121546353 0.0551640591117077 0.150694489615153 0.0496827763979686
0.00816099308885204 0.030987234294455 0.180372680508479 -0.0884008450237973
0.0106631082668049 0.0131638223190268 0.0636887542758769 -0.20168849943669
0.0125139152880228 0.0157511121062143 -0.0765361618562915 -0.19038250438367
0.0292686124749215 -0.00114932253511005 -0.136060842618245 -0.107290712865021
0.0330176135315692 -0.00564980242256139 -0.126268066269647 -0.047530448407409
0.0391289133048263 0.00367355376365319 -0.128049152633167 -0.0281292404028447
0.0331797167110438 0.0299650989939699 -0.132882817505506 -0.0398385958324275
0.0243889283670842 0.0452142569169894 -0.132832919426221 -0.0658970912141024
-0.0169927269600501 0.0770320214265269 -0.101297859674535 -0.127427407177165
-0.0741108138032589 0.0684847746031823 -0.0501309610027778 -0.183428266385694
-0.120718321213283 -0.0200764948846594 -0.0492509653529141 -0.162733803772481
-0.13327602711276 -0.100466404902628 -0.116731375002317 -0.177517686934629
-0.160104054885305 -0.130566630386947 0.0326439695078393 -0.13652653543914
-0.146242573484235 -0.0365684830614999 -0.0046908345808685 0.0575078326266981
-0.121031907180073 0.0639473762267309 0.180763367252053 0.083632961167425
-0.0549336868854503 0.106127255414494 0.224940017871602 -0.0724480811197765
0.0175464549742579 0.0857042492973499 0.0924653742163188 -0.202798960134265
0.0458983286019809 0.0640413130769415 -0.0518979965819597 -0.192084269628181
0.0819019978802461 0.0308865233681984 -0.11960625341287 -0.107454141989342
0.0862279825607215 0.0129775293160555 -0.106566472309971 -0.0407347684652956
0.0878222944530675 0.0224263870729992 -0.106743817708663 -0.0123631842705084
0.0636478050933798 0.066317753122816 -0.115441811724296 -0.014865893824093
0.0331044058248491 0.0937796471085767 -0.131997928946228 -0.0288894967071837
-0.0492396944877486 0.13324341389974 -0.11812301027588 -0.0881349764532314
-0.137381512914456 0.0888968566195834 -0.0736358116789508 -0.152697382455688
-0.178425874477737 -0.0500981841628016 -0.0675869589121364 -0.126466861330207
-0.173250980307585 -0.171186766546192 -0.111354576501323 -0.113182916953328
-0.16638416219071 -0.202061959721247 0.0749089728001837 -0.0611286173730947
-0.198860146167665 -0.114276361492902 0.015398511789074 0.107410127704422
-0.216377501773812 0.042831541740286 0.194452783077124 0.135574756377862
-0.131639756195384 0.159678968937489 0.258598913985422 -0.0296544358112708
0.00791230975166213 0.153416797553298 0.123294365220755 -0.176662951776843
0.0669603671145447 0.110741246972359 -0.0127494921438432 -0.171371655111597
0.120292861489687 0.0623949479082292 -0.0843944962518584 -0.093842339340716
0.126310361145099 0.0297202301540878 -0.0708594804046751 -0.0274541830249826
0.126227516469443 0.0326885410593612 -0.0695827520852053 0.00678707749941928
0.0913600893417253 0.0860612781108941 -0.0840299961642256 0.0163342378937862
0.0509690161508346 0.124077254983827 -0.118098687484276 0.0154934687176801
-0.0578580806020004 0.176581909909321 -0.125934910865457 -0.0417387968773665
-0.171533483858074 0.113636760135688 -0.0926933527839632 -0.115767689176174
-0.213791331723538 -0.0586708311468182 -0.0695909903341156 -0.0933072009603047
-0.195090023813646 -0.210507312290948 -0.0869136523098059 -0.040543805465115
-0.141132656627446 -0.238780129561984 0.105305260296794 0.0344996528967829
-0.204821248105724 -0.182657351809524 0.0282835606680975 0.16621566592533
-0.270790664811975 -0.00409461432940161 0.181448219709511 0.187865333763552
-0.197720619935186 0.168984955948326 0.262548779568565 0.0316618242266754
-0.0160776733208371 0.194070940142531 0.146241637505139 -0.122689363298177
0.0714629841642252 0.141218836097503 0.0310418956275173 -0.127898988600012
0.138851584736388 0.0858620584105161 -0.0370789585595004 -0.0690507710490074
0.148477171048293 0.0417601405726429 -0.0251825973568681 -0.0106690639608087
0.147748889027534 0.0372314590397903 -0.0238148480222754 0.0265203833036907
0.110319938749716 0.0916477072479028 -0.0419498742422908 0.045924861403913
0.0634581919942776 0.136519117661463 -0.0913171921693406 0.0576224103694171
-0.0574498972664595 0.194479012707206 -0.121469578110785 0.00262467864982248
-0.183295392792334 0.121992094417829 -0.0998811865567967 -0.0803182668074078
-0.218042660972141 -0.0623033046085505 -0.0576029095943981 -0.0682468189493925
-0.185276935365339 -0.222319989050605 -0.0493388275078028 0.0272422745685788
-0.0926509892702651 -0.231024641094875 0.11764069423184 0.130439512267216
-0.162737079833926 -0.212675431699907 0.0312237722367645 0.217091242181307
-0.261576594244431 -0.0550462242299431 0.142321693330131 0.225244795134967
-0.221339732703851 0.135820760906431 0.232096509468885 0.0908673993932042
-0.0378241789981158 0.192081682706825 0.149763685154307 -0.0547920014422266
0.0614813585985486 0.143988677910455 0.0687313725328502 -0.0689132311358319
0.133551967953344 0.0919028228137049 0.0131721813189084 -0.0377451515525032
0.146918987972821 0.0480383391262186 0.021951420175365 0.00740153173491159
0.148841594741719 0.0392114517191026 0.02436864259656 0.0441339465861459
0.113327206906924 0.0885928668881082 0.00207259602818516 0.0716559819296201
0.0624572779468291 0.132855723064731 -0.0612834640930718 0.0929497589738719
-0.0621392057901299 0.184862523006222 -0.11039301728793 0.0382982182481745
-0.178408895583025 0.103114499697608 -0.100525596086693 -0.0503615277152791
-0.191939337923232 -0.0751501336394992 -0.0397247848426607 -0.0515707882616063
-0.143370011948403 -0.213068763539102 -0.0119209266664854 0.0842791806751172
-0.0327796241967594 -0.176609996987078 0.115315020785297 0.204458717901548
-0.092941589819215 -0.190520962177537 0.027499299465692 0.24586868662994
-0.198209176662168 -0.0800218869735424 0.0935078380558254 0.235315591858785
-0.192215149575347 0.0842957054251581 0.181062293279486 0.130341008243534
-0.0442385971410998 0.15287509370835 0.140123398228513 0.00875152840328779
0.0457047115838332 0.118754179142781 0.094771761347361 -0.0130613610155857
0.109242115604663 0.0803123351417241 0.0601520579209607 -0.00679741935622352
0.125585707733317 0.0446808596487789 0.0639913847078264 0.0237277388917852
0.128691111493517 0.0372695467297589 0.0684987963530102 0.0611644695323102
0.100436997616358 0.0791281164076625 0.0397919306152705 0.0957557442339207
0.050859973316892 0.119103961184479 -0.037932374415138 0.123524327278204
-0.067722107055691 0.153634573144414 -0.101974290823568 0.0656472211394552
-0.161080007889519 0.0652232114706478 -0.100129539223543 -0.0278963113883567
-0.143916865396157 -0.0896290928179667 -0.0241594148862401 -0.0382202063659442
-0.0791998850664041 -0.18282553055483 0.0152213257943147 0.131716499980185
0.0289871402329937 -0.0876087346328684 0.104754419575542 0.240356009809143
-0.0165915779226369 -0.126310113360612 0.0271020310825788 0.246531905950164
-0.104853679253533 -0.0712987253056292 0.0513527326302801 0.222526955175819
-0.124550400540766 0.0348331804123411 0.134719084396051 0.146917454390569
-0.034333490143619 0.0924653578406816 0.130129850446516 0.0522995528553372
0.026544100821188 0.0734790489045487 0.11281810389055 0.0270381855235953
0.0685951874104267 0.0538671286319237 0.0949974948961034 0.0168383060327583
0.0847125814128812 0.0354440266554002 0.0949840123323288 0.0359249358370244
0.0891278305063435 0.0307157500859728 0.102231715967559 0.0760083264359439
0.0741119379703012 0.0616836130663136 0.0659802256638197 0.119665669128954
0.0315194734353937 0.0933650949690359 -0.0262190061660398 0.151338057084343
-0.0672860826370741 0.106684168181438 -0.105322764893879 0.08560769566201
-0.124691511239471 0.0212781860496471 -0.106882926843971 -0.0137134062553114
-0.0802001456349306 -0.0931259658004402 -0.0146030085536318 -0.0299534854406685
-0.00289160833593548 -0.130290425902621 0.0284066892828724 0.165254443281385
-0.0598375312679088 0.03842622898129 -0.0609449965561925 -0.190025324910287
0.0204690865923791 0.0624559595616555 -0.0412542202155182 0.0200224405240963
0.0688283370235497 0.0233878897215702 0.123482947619759 0.0318310917902244
0.0463413069980166 -0.0447605105717221 0.140324217127087 -0.0903724001834185
-0.00829167204437374 -0.0446973980312723 0.0412346859109681 -0.185172887836768
-0.0259423903439879 -0.0220637697684576 -0.0882299307067871 -0.167316905197716
-0.0297730619709041 -0.0254295058785129 -0.135009775300029 -0.0929998604050999
-0.0254577207154908 -0.0229042431823929 -0.128781889361149 -0.0442558596261163
-0.013887652729752 -0.0224076260727021 -0.129659687085224 -0.0295141912794245
0.00680723388614091 -0.0205746286537719 -0.138517390716855 -0.0437999811489038
0.0294636112203182 -0.0172805980207331 -0.133880018152445 -0.0787280931499363
0.0447167274265839 0.0248304792875473 -0.0973494003200284 -0.150284808578639
0.0128086143673415 0.0696005359069685 -0.0427748709800165 -0.206686432288617
-0.0580892399102181 0.0443456607429457 -0.0236900717097865 -0.194073361438393
-0.0854504006717605 0.00235663102786474 -0.111888210930423 -0.217224667583366
-0.124704134587597 -0.0405899517386685 -0.0187201946078476 -0.179923523004656
-0.0661898268240019 0.0286491889668851 -0.0247865248350127 0.0289108890973384
-0.0163446905934225 0.0557288257331343 0.154301879859161 0.0448796396880376
0.00971633717627988 0.0311835474013101 0.178741727983694 -0.0951752017360111
0.0110311322051724 0.0135873273142322 0.0563110176548198 -0.202918753226255
0.0136728831069098 0.0157004852764453 -0.0837403647987897 -0.185193241535953
0.0287659545407292 -0.00311181667634351 -0.138814142825857 -0.100375207617541
0.0328705263791565 -0.0074376865080975 -0.127046416185787 -0.0429134408087927
0.0390752667284185 0.00201562996937539 -0.127299050148275 -0.0220898547367348
0.0346953670150097 0.0287551828701394 -0.134340901161489 -0.0328861834378055
0.0257845667122242 0.0436750252975085 -0.13515215499417 -0.0603606821169125
-0.0141791445403659 0.0785242939139674 -0.10617518006863 -0.125185931958138
-0.0705914102648789 0.0705410828299615 -0.0571028446204122 -0.182074085103203
-0.12306420942513 -0.0170108276992814 -0.0512715388729941 -0.160506196424832
-0.136704149142078 -0.0951486679068242 -0.120728860620337 -0.175018388798911
-0.165218928224585 -0.124055053866509 0.0283397421182523 -0.137879547137735
-0.148024510522805 -0.0318769352920086 -0.00387808800684193 0.0595326133770541
-0.118592389924589 0.0689043605054353 0.184966976623541 0.0787487847511603
-0.04993702834923 0.109363299830706 0.22338374972631 -0.0804963367362254
0.0204836534164871 0.0853123640025906 0.0855253158402976 -0.204964757607461
0.0491026893858918 0.0627183553648252 -0.0588701787722794 -0.18858162635406
0.0827799684669515 0.0264696988512042 -0.121978398038239 -0.100054374636875
0.0864303743128746 0.00831748995897898 -0.106809637708869 -0.0366766803077121
0.0882937053702986 0.0186625761941974 -0.105811054811078 -0.00657577977801608
0.0660105787998805 0.0638984935200661 -0.116344196146729 -0.00829180546859745
0.0365645156154981 0.092145084921483 -0.132684762200363 -0.0230954851676515
-0.0435885796476485 0.135407848552695 -0.121379978550276 -0.0855823669736551
-0.133210640874664 0.0929601069652644 -0.0811796702964175 -0.150507807814324
-0.180722236336061 -0.0454360383450102 -0.0692652184683916 -0.124405490164777
-0.17990052698207 -0.164099700551715 -0.113002309722242 -0.110444585815892
-0.173238570116441 -0.195260637722188 0.0726652318962673 -0.0634572131142142
-0.203420610912917 -0.107745456549123 0.0173253301341078 0.10758469804957
-0.214862385221488 0.0512697552371296 0.200702819581847 0.129642690573946
-0.124475532359855 0.165809687039492 0.258595662723222 -0.0390797538877993
0.013510519726392 0.153345580265165 0.118465778704788 -0.179474736116437
0.0722744623834035 0.10806044934529 -0.0193107671068711 -0.17054706391264
0.122443283601981 0.0568741298847824 -0.0860144935921128 -0.0891985914712421
0.127425759051853 0.0228549163617925 -0.0707746732740529 -0.0241633940083883
0.126497483335219 0.0270504220534747 -0.0683373900668548 0.0111346932363015
0.0946734621572674 0.0818558502763062 -0.0832298475491998 0.0213241228180499
0.0548576482995073 0.121885071418348 -0.116403529665988 0.0217359073910394
-0.0498876541887502 0.179501750922201 -0.127769247629481 -0.0378460744388963
-0.16706396192929 0.119831029670576 -0.0992075257335045 -0.113285017309617
-0.215441036178505 -0.0508976849421534 -0.0715668847554737 -0.091257205487814
-0.203127017335391 -0.20221983997515 -0.0856508959882101 -0.0383728038047451
-0.149234600475706 -0.234457251729306 0.105381372567891 0.0314298901904589
-0.212019135979593 -0.175955936656511 0.0323772319692519 0.165132793312919
-0.270883173301161 0.00633404845291637 0.188720376959189 0.183152323375277
-0.18976394616674 0.177853084450616 0.264444861597829 0.0220932583503747
-0.00839279436632582 0.194380154025298 0.142405909975275 -0.126278523898017
0.0781888939159055 0.138370414580123 0.026247512673895 -0.12902334386297
0.141847105332366 0.0780937290941117 -0.0384110018556106 -0.0662800329796861
0.149456119111456 0.0339036033900271 -0.0251144646427776 -0.00991930805166896
0.14912084357791 0.0311830574469005 -0.02152584111921 0.0277077084916317
0.113580508904697 0.0864893031818897 -0.0407094072934968 0.0481214201143466
0.0675528082222835 0.133554192901265 -0.0890479120519534 0.0625486317196936
-0.0488733138366966 0.197363699913667 -0.122028098577447 0.00664774306065442
-0.177297036041621 0.128685871447051 -0.10556120841025 -0.0774744210861478
-0.219489199442683 -0.0554190604427797 -0.0597550398687875 -0.0671933138901429
-0.194386111943345 -0.214150671664541 -0.0460950944650715 0.0273472915148669
-0.100817340135149 -0.228040527739102 0.120530540510636 0.126947127274914
-0.170525633742884 -0.207790985638526 0.0360535342331801 0.216108390790996
-0.262687888948637 -0.045046073600073 0.150245568732996 0.221806335873778
-0.215441134893247 0.145308219272159 0.234810988760815 0.0824870195346534
-0.0312772346864537 0.192008105111117 0.149386452925033 -0.0582676942281499
0.0680336493980961 0.142572884607499 0.0661202500658984 -0.0726389128582931
0.136493256402786 0.0847009276454486 0.012567811554845 -0.0374007116036939
0.149016276145479 0.0396165424219729 0.0219033036743695 0.0061629537907273
0.14886733774618 0.0321907643408139 0.0268643396366661 0.0436393250833247
0.116036456358366 0.0830182612312287 0.00388076548803877 0.0725949081730801
0.0668121325003628 0.130547364659352 -0.057704326529175 0.0957924242843909
-0.0532830463776834 0.188066114618892 -0.108348264709459 0.0419066600805703
-0.173755415985926 0.109667694941356 -0.103913503428655 -0.0479227190719037
-0.193854279566573 -0.0681475998730942 -0.0412218038048119 -0.051587637818295
-0.152230260516001 -0.206069362152171 -0.00722076688302284 0.0836223199800699
-0.0393481116804011 -0.176157180344712 0.120983234972603 0.201455083368997
-0.100011366370583 -0.187953195308085 0.0347098706030902 0.244689576759556
-0.200642907625166 -0.0724483135771768 0.100722300542658 0.23390247809436
-0.188050544847553 0.0919696047523142 0.185073253158978 0.122859968662147
-0.038734493649617 0.153519719967847 0.140988057943278 0.00480027685475021
0.0492834182894574 0.117070364631095 0.0951568550721434 -0.0175345132498544
0.111903242127765 0.0740093369907924 0.0598635932529275 -0.00816317962348479
0.126952763228203 0.0374126634666741 0.0638491625393044 0.0215355623304794
0.129300612462548 0.0315511845170049 0.0704330616696024 0.0577518403639434
0.103092315164353 0.0740028534111763 0.0420823334497576 0.0939402817870846
0.0554874737250404 0.116921659913095 -0.0329935548347788 0.12593268075659
-0.0604445505388639 0.157125803717368 -0.100105066530839 0.0693949634004783
-0.156977679460109 0.0716100764113081 -0.103069070455906 -0.0253840261386009
-0.145988343549573 -0.0840212235583301 -0.0256968270505643 -0.0388732021264507
-0.0855556377730605 -0.178239014791275 0.020523742566273 0.129601142009333
0.025635585191018 -0.0900995686152401 0.110658944980428 0.23827887957991
-0.0219047275534098 -0.125949335702401 0.0329232412107704 0.245865379760467
-0.107114554446339 -0.0672808533338258 0.0582795140608407 0.222684892198038
-0.122365287547882 0.0388442358110898 0.139567968759672 0.141748650511857
-0.0305244689240868 0.09282550615388 0.130799729354085 0.0489773106113048
0.0293014779404526 0.0714504892688849 0.113749886179443 0.0218026866284589
0.0706094020788819 0.050202103806318 0.0946564958646557 0.0126734591888905
0.0857522574440922 0.0296595615351992 0.0955515657429214 0.0326888894880243
0.0906049879611048 0.0264707156603393 0.104440303324711 0.0705827569647596
0.076127133306213 0.0583304600730065 0.069189703573407 0.115581801999684
0.0350130803181475 0.0920814322753238 -0.0209230319626253 0.152187518831419
-0.0624202948013243 0.109967467084504 -0.102926703046621 0.0894636969221959
-0.1227446381438 0.0255573541863598 -0.108903008446326 -0.0109325803232454
-0.0824518770914693 -0.0900513382490548 -0.0161331750415085 -0.030857693186704
-0.0084273901084998 -0.128357273458431 0.0350353027157885 0.162955880929441
-0.0608098539489078 0.0395882385766338 -0.06340178954521 -0.189706888108927
0.020022801900886 0.0622041864281988 -0.0411085165063643 0.0224354826348376
0.0698325489266362 0.02325932685387 0.126744168291673 0.0303658299585689
0.0457410916901856 -0.0459399684112307 0.140290903667373 -0.093240258172868
-0.00857059338107296 -0.0436937317556625 0.0398890433143601 -0.185315922826143
-0.0255461052292179 -0.0212771581561312 -0.0903416438084114 -0.165269623832136
-0.0312461243726648 -0.0240044600686063 -0.136274230992754 -0.0904985860643532
-0.026249875695862 -0.0221439590813345 -0.129598237864956 -0.0426798793455816
-0.0144069531004954 -0.0222186994915703 -0.129712724658731 -0.0262614583546564
0.00635269071376674 -0.0209093314125335 -0.139113733635782 -0.0408870760453482
0.0290187275238738 -0.0178109432538704 -0.13485596852255 -0.0773811562038503
0.0456320142037879 0.0240887602981842 -0.100489173323667 -0.15126062632553
0.0143400360017897 0.0691363905680076 -0.0455281001850068 -0.207221268770552
-0.0591203980899195 0.0444161664146515 -0.0223460759821778 -0.195362850791523
-0.0855588422416551 0.00329448146423437 -0.112621936417527 -0.218155874180841
-0.125990185916167 -0.0393658154122086 -0.0213353086886174 -0.181106736999622
-0.0675101998278173 0.0292843550022636 -0.0249583050218225 0.032030733115045
-0.0156415062398933 0.0573385194270238 0.157049527251827 0.0434523736664478
0.010647519968926 0.0319801066530233 0.179116109271383 -0.0990040999439477
0.0115697270726966 0.0148295231651838 0.056193276792027 -0.204263085653808
0.0148832793839887 0.0165389162123257 -0.0856680444428188 -0.183009954678106
0.0284184244952039 -0.00292245773636667 -0.139017767024179 -0.0974358823938917
0.0327043397429242 -0.00852001454741394 -0.127736079490327 -0.0414621732731699
0.0387752644820171 0.00180350568949864 -0.126838595420488 -0.0192177941167422
0.0351530615753947 0.0284910425119338 -0.134597910191188 -0.0291497470099517
0.0262874709151707 0.0431608720431775 -0.136833089422856 -0.0579695150802078
-0.0118625751512398 0.07909684106095 -0.108539043899251 -0.125941507543536
-0.0700268724847787 0.0700601487821218 -0.0605770246785108 -0.182258924823774
-0.125034125606834 -0.016074383815206 -0.0499455684665343 -0.161584016505463
-0.139016150149301 -0.0937026664962875 -0.120307237931947 -0.175242140805706
-0.167702309518883 -0.122649887951998 0.0271333823381449 -0.138739770656805
-0.149740687025702 -0.0300450445906203 -0.00407356114046478 0.0610691351697464
-0.11780266843263 0.0712403687509254 0.188676357292988 0.0771308774958832
-0.0478248621415062 0.111205643993333 0.225220841255794 -0.0844438203134583
0.0219947823314503 0.0865715234676437 0.0850285282877142 -0.206627998442794
0.0512579017348783 0.0628778788627748 -0.0616982405354231 -0.187698140032095
0.0825503431927749 0.0250436525078958 -0.12175371312703 -0.0976890500999066
0.0863737370761177 0.00537944334174324 -0.107287873688233 -0.0350357307172993
0.0882924544590963 0.0174546848477339 -0.104891966800408 -0.00454334471882995
0.0678620217604128 0.0632884061115437 -0.116911209620153 -0.0050499409991221
0.0377532615787134 0.091465524753418 -0.133890260408568 -0.0205618601066076
-0.0409762964598188 0.137954280369208 -0.123714783114703 -0.0857034449251363
-0.132256612283211 0.0948993195204815 -0.0846969959217308 -0.150467102191748
-0.183298973145869 -0.0444407593801246 -0.0692601425592588 -0.124650141413453
-0.183133034366242 -0.162223565486605 -0.112128357298548 -0.110631144552212
-0.176307149503162 -0.194639343014666 0.071982409624245 -0.0642166547535711
-0.206525343099704 -0.106579789829788 0.0179235292874238 0.109117076678671
-0.21552596060357 0.0557601363796561 0.205581884866727 0.127863993430709
-0.122252614671155 0.169224135898891 0.261194258007688 -0.043571314809339
0.015666543428996 0.154413128055967 0.118490397272732 -0.18178670621245
0.0750624736260635 0.108087244461037 -0.02211663417059 -0.170888466432559
0.122755631784933 0.0532992629722306 -0.0850494835232654 -0.0866156688287725
0.127262385928959 0.0188850561067368 -0.0710799424037702 -0.0240099399392934
0.127193041280242 0.0246700382030355 -0.0673748186668477 0.01254592370885
0.0963768021407568 0.0800279385474733 -0.0833938089218916 0.0239212173870169
0.056858007225988 0.121630735650981 -0.116606046153131 0.024168061661415
-0.0458311349639211 0.181737773941291 -0.129698615174521 -0.0378401333599474
-0.165288312732613 0.12229585050306 -0.102717712606671 -0.112792949240223
-0.217583601050926 -0.0499992761735969 -0.071202828670402 -0.0920153458104492
-0.206727042444621 -0.199680934699047 -0.0847131203188404 -0.039099290624995
-0.152581273440714 -0.234618423261828 0.105480724250051 0.0301264139997007
-0.214598144988341 -0.175553462195544 0.0323080759576172 0.166002648183509
-0.272078511736595 0.00938872186643375 0.19273702808422 0.182850335727269
-0.186772514196747 0.182252467985558 0.266332678128079 0.0179914324917251
-0.00578214841036041 0.195392394583391 0.143614560818767 -0.128446758980272
0.0805258163884676 0.138208932077358 0.0246193993492711 -0.129770220749362
0.142728552866484 0.0753100778142732 -0.0371263511229101 -0.0653073105537566
0.14963491548103 0.028937013198732 -0.0259649862546906 -0.00962353604799254
0.149142754609758 0.0280081845709289 -0.0210920072933365 0.0287700568038437
0.115385923440635 0.084466032240427 -0.0408637470673017 0.0505078532794469
0.0694981320805071 0.132494130283805 -0.0883949051321306 0.0651096394271395
-0.0450287950985657 0.199662933994004 -0.12298677421599 0.00828256474204719
-0.175413474701121 0.131791923297548 -0.109522363950693 -0.0765768304795723
-0.220679597331462 -0.0534692174655495 -0.0595683458618593 -0.0679661408126354
-0.198014505622376 -0.211629884491965 -0.0446967605818582 0.0276560774923781
-0.103769184742879 -0.228187471050673 0.1219012613798 0.126909014365591
-0.174340880653445 -0.207534913207488 0.0372033024441848 0.217297914113761
-0.265751059701738 -0.04232447025941 0.153138325595911 0.222466027443188
-0.213905063742995 0.149703999881035 0.237022437694254 0.0792297416568246
-0.0283186375557109 0.193677026167058 0.149975149409752 -0.0599292194141053
0.0708788717857452 0.141290222486509 0.0653175035438737 -0.0752737126554816
0.138035120308112 0.082821322080207 0.0142248901815863 -0.0368932515974347
0.150115444411905 0.0351323876958374 0.0220948810880847 0.00669450350047257
0.150288714234641 0.0289164644073418 0.0272466796920367 0.0433199349392647
0.117550782753533 0.0813513161842744 0.00440559954387255 0.0731070036745744
0.0688100118831817 0.129428138926103 -0.056736206385244 0.0984793939014447
-0.0494249738931952 0.189317990231874 -0.110241676698612 0.0438202242263102
-0.171043713398507 0.112657803550524 -0.108422378478197 -0.0477723711674783
-0.194564850312639 -0.0662347639191798 -0.0425088036085801 -0.0521213500956783
-0.155166682947275 -0.203958718473161 -0.00593216588468689 0.0828396095705311
-0.042301212510212 -0.176777261586965 0.122834795992169 0.202378494117788
-0.10291996849005 -0.18912630290711 0.0351312945021285 0.246202903712888
-0.202137810985135 -0.070637672309486 0.103150783436006 0.234997119403488
-0.187114990091684 0.0957313486536056 0.187206379905431 0.120864156685389
-0.0371927624431539 0.154045859479024 0.141931366692914 0.00349056112341054
0.0516093640066444 0.1161846911996 0.0951643385931457 -0.0205160768155679
0.112332724200171 0.071503432864311 0.060681049780657 -0.00933115565225249
0.1279388087863 0.0340654173553476 0.0643434742861682 0.0210536426891008
0.129397317346731 0.0286503593315378 0.0710934124091445 0.0569001189315663
0.104300828776545 0.0719693647590914 0.0423086549296103 0.0944235449369068
0.0573099347276648 0.116219200808669 -0.0313803435423728 0.126875010921582
-0.0575841976638907 0.159121239345881 -0.100908830309339 0.0712551586587687
-0.155629947959494 0.0741301726865018 -0.106314121434137 -0.024404655566598
-0.1470788099081 -0.0836648680448708 -0.0269247124892729 -0.0403413168708824
-0.0884939532466063 -0.176620714697736 0.0235765167828009 0.128607554041594
0.0236212127244699 -0.0901974041922828 0.112475117125581 0.239857424285634
-0.0239387267038256 -0.126594188458833 0.0342787589850709 0.246897425452507
-0.108051991640048 -0.0666019247808982 0.0605733345728666 0.22441403108378
-0.122455061138263 0.0412916968352175 0.141495532702077 0.140724228564973
-0.0300120497789923 0.0925170911180132 0.132130277967694 0.0476103952872722
0.0296462163411331 0.071246448469105 0.114331911696612 0.0183288253034273
0.0706614303950251 0.0486369143021978 0.0959276221419272 0.0118298163179613
0.0869871891734081 0.0272902643863278 0.0954430480107204 0.0317327482119426
0.0907367206357093 0.0242983422390293 0.104164253146185 0.0691477345568117
0.0772787182519982 0.0563136823488274 0.0693493657685749 0.115585214236694
0.0365053783751325 0.0914970955887384 -0.0192332231333795 0.153892458663476
-0.0598777090986545 0.111688692665347 -0.103523709061499 0.0906343831837009
-0.121700380895821 0.0276279050874413 -0.110595340099434 -0.00968282466046023
-0.0829733051307105 -0.0897108486136817 -0.0175160528252423 -0.0329369811580159
-0.00988148146409532 -0.126950169861072 0.0374001875586132 0.162387720093105
-0.0528796922429802 0.0497909003955972 -0.108667145835125 -0.186595319690666
0.0314724689313205 0.0574744938490791 -0.0399219126230214 0.0360528505296046
0.0736037000841555 0.00823170320458154 0.139914114933597 0.0106827608238758
0.0354290069895108 -0.0563364125532257 0.13253076470488 -0.121640766599259
-0.0186110158137616 -0.0433306660903487 0.00674204634222233 -0.201711603841611
-0.0308896009336199 -0.0150349626877673 -0.123042529039584 -0.152304871141211
-0.0373664733727042 -0.0156270699491473 -0.152225058341897 -0.0691962381255733
-0.0306634686008422 -0.0166876881099711 -0.138970490826089 -0.0182984639559766
-0.0188867123255524 -0.0187489318541359 -0.137023318994666 -0.000549726566795978
0.00139197250459118 -0.0225701864755401 -0.15204910942043 -0.0120633776282293
0.02318508204621 -0.023811728088268 -0.155494374075757 -0.0515361713878194
0.0498032045245019 0.0117334218435814 -0.137200573336204 -0.135251707490567
0.0281479983880413 0.0607762700592895 -0.0931883131081439 -0.204921163179613
-0.0493955917785409 0.0542651121716311 -0.0605589940032488 -0.202548729367657
-0.086268195572689 0.0164250962577933 -0.153911462082525 -0.208537349123765
-0.130749437039049 -0.0144358107928338 -0.0620952924894635 -0.192606522490645
-0.0603075925785196 0.0423680828542975 -0.0229247006745048 0.0368563199392343
-0.00226211298727107 0.0586847388676605 0.167617788570788 0.0149292093811013
0.018327946666194 0.0260162093883995 0.164824615604151 -0.13516762822507
0.0131171697068682 0.0104857213859457 0.0176794058683893 -0.22023027178168
0.0166177167867863 0.0141646079538703 -0.122777438127114 -0.168380445971173
0.0252519329529078 -0.00855501938569178 -0.15707682862116 -0.0700200950860042
0.0295619261842717 -0.014200668639599 -0.136512645673058 -0.0167368284011997
0.0377818185504549 -0.00578668914243389 -0.133429796226922 0.00638877823350596
0.0391565568445191 0.0210955761927822 -0.146697989875065 -0.00147104810458736
0.0310629768821725 0.0359680862047981 -0.154322128737568 -0.0309947693538861
0.00331947542976628 0.0778902839436058 -0.141619671011383 -0.109585284551261
-0.0544000590978796 0.0784953209457575 -0.103329382242745 -0.179254628718135
-0.128198090254782 0.0065258739278903 -0.0771742599593766 -0.160940830824806
-0.159132476663083 -0.0697815779989354 -0.147445474532236 -0.160551221509238
-0.186142785092868 -0.0884397756080326 -0.00129408236505584 -0.163932942845325
-0.153375029794709 0.000247207232115175 0.0042827217970356 0.0585296238604415
-0.0988745076848517 0.0931797770224923 0.199668176585012 0.0378750130038183
-0.0208865273157036 0.116093242039767 0.207170616042324 -0.131193838229531
0.0369157086114682 0.0784155305202415 0.0441623502862757 -0.224002983016702
0.0613961743188095 0.0529082612565669 -0.0996075553223933 -0.17466094936235
0.0840765245057819 0.00698625764893905 -0.139752800468708 -0.068707266699978
0.085404197487181 -0.0106091314806365 -0.114330896855423 -0.0140708393671731
0.0892821824732606 0.00038490666269534 -0.108598618515577 0.0160592252775054
0.0777769809158637 0.049905169911845 -0.124125831560183 0.0207812699854845
0.0513038704365413 0.0820353528747343 -0.14403081681156 0.00748009976385609
-0.0140257389753114 0.14087986214277 -0.149888657284127 -0.0655881777266005
-0.110380054085595 0.11481692852759 -0.1232385978817 -0.145038595587515
-0.192263339288435 -0.00972096948068723 -0.0860464221619685 -0.119655394557365
-0.218420423018655 -0.129082465038685 -0.121200649008879 -0.092607339429055
-0.206796310721388 -0.156667806703059 0.0624930052469282 -0.0988461834909842
-0.223418858996968 -0.064085421720449 0.0372182992272636 0.0995599335563171
-0.196728414592101 0.0972295625439971 0.222984819534045 0.0805531729985424
-0.0797394816886686 0.188386332963718 0.244110989751762 -0.0988745210791674
0.045037823806752 0.146236861986715 0.0802695285224834 -0.201084941485385
0.0938536351679963 0.0923070786890659 -0.0575029467378975 -0.162351560148792
0.129900368599861 0.0261472430802143 -0.102106518612906 -0.0604579347014463
0.128664777915755 -0.0055694406606561 -0.0758436066239595 -0.0097207978276874
0.129106103646165 0.000117847171846519 -0.0673352928787658 0.0258604230575149
0.109662291501589 0.0614366054733182 -0.0844502757631752 0.0439595521614696
0.0754402132499969 0.107952958967721 -0.118069744360627 0.0507117899207356
-0.0108245592132999 0.186712990249461 -0.146442027718586 -0.0146578521681168
-0.137300346199385 0.148886036967032 -0.135880194243378 -0.103829593691943
-0.227967028333954 -0.00823188658787291 -0.0805809102657589 -0.0856679405696551
-0.248783286869428 -0.161374595219629 -0.0764677565634034 -0.022662946024825
-0.190602558128008 -0.200142164638589 0.120014380978007 -0.00639037405145631
-0.245332862006481 -0.130233949856043 0.0658845912218062 0.153349380670075
-0.26152108166683 0.0644094328107133 0.221648729447941 0.133662579168313
-0.139834264597921 0.215447474339652 0.258318501055459 -0.0417101279000341
0.0321931811665682 0.190766247860681 0.112798950635199 -0.150658245611229
0.105374797835756 0.120701140605521 -0.00356142823426483 -0.12928129381868
0.153594326242442 0.0421571405856181 -0.0509203994795342 -0.0461797463941238
0.153056364490948 0.000162258015764436 -0.0273538742129832 -0.00323250397627088
0.151190874547394 -0.000962390291267085 -0.0172555580430087 0.0326814609698741
0.128231707770484 0.0630310202075068 -0.0353521278801237 0.0619565612365593
0.0904034627639592 0.116937186976092 -0.0802122131473156 0.0874331141604896
-0.00664741006155649 0.204446527162078 -0.130539925496719 0.0309070172026573
-0.145858475501624 0.159910762777091 -0.135673349326345 -0.0653896392181075
-0.231642152519875 -0.0110691282382991 -0.0639078896681149 -0.0635373500923074
-0.24204395379341 -0.172984697287153 -0.0224868532588551 0.0389035280876812
-0.143068906182488 -0.203927411237894 0.157982573436989 0.0945402560297854
-0.211302105253817 -0.170269272685204 0.0831138274336517 0.206012981961582
-0.265479699187809 0.0131140099063211 0.193377483598287 0.179633477924846
-0.171906093870197 0.190386786990849 0.240921213294543 0.0241969502513389
0.00998473457452598 0.193158965727612 0.131685529588563 -0.0827659223489916
0.0958712508701591 0.125274086968246 0.0478739773923541 -0.0807399399925355
0.151776826828855 0.0495298666243724 0.00486017908512689 -0.0274293930779359
0.153878997594886 0.00574817567253895 0.023086377606646 0.00402245553429643
0.152380611980792 0.000264890735257367 0.0348272239826775 0.0388553572418093
0.131059759500379 0.0586646293031873 0.0146468534079973 0.0762507242297982
0.0896960713026461 0.11453419171742 -0.0398944023340575 0.114851578393893
-0.0129946848233292 0.195454869847661 -0.109298853180194 0.0660182591427486
-0.146193888073809 0.14172893241567 -0.127160149767494 -0.0348253039098941
-0.207945594150508 -0.0288187280635663 -0.0444345005753894 -0.0493947610423046
-0.197087364021209 -0.172343639555757 0.0257168012021971 0.0901023167301722
-0.0744946815647213 -0.163283028204813 0.174082917434419 0.178879348532518
-0.137338722792964 -0.164925290080389 0.0880964118567712 0.240522495183333
-0.209369848310695 -0.0274653563036909 0.147356317017485 0.205910431908409
-0.157818277713809 0.132908535574533 0.201963884373361 0.077474359125801
-0.00524393731500177 0.156580617851824 0.137107526850936 -0.017496533129082
0.0727600299865197 0.103299338770981 0.0890112321421219 -0.0332029762034929
0.12495112868616 0.0451651771355745 0.0570408310323151 -0.00980223857464045
0.132382636066666 0.00890120748323546 0.0686306459045966 0.0102894985175648
0.132761429368199 0.00333559237487438 0.0812929481366569 0.0441043346796714
0.116533620763206 0.0524157166928986 0.0592203347867161 0.0897549730310645
0.0754415757091426 0.104226188149187 -0.00829265911773874 0.139496258272381
-0.0272186386547142 0.167974544386107 -0.0924433983695684 0.0914484440075219
-0.137909821828789 0.100602761016911 -0.11877735539337 -0.0106345936880494
-0.163260538660064 -0.0543700495195458 -0.027858481793826 -0.0379932913388628
-0.124455660088113 -0.157374247821395 0.0604081524444138 0.133347900095604
0.00515455300535987 -0.0918824898550541 0.170466016915876 0.227905514321974
-0.0477068647818475 -0.119514598580405 0.0864856874919829 0.246572134691703
-0.117728233572748 -0.0425978987003219 0.10432263921307 0.210045514589809
-0.106948606302812 0.0660971567670322 0.163477928381327 0.110697435234193
-0.0100835656294664 0.0948614956672903 0.138741671297047 0.0262581638287503
0.0423361413864664 0.0630673844401887 0.118237178210342 -0.000146804243878255
0.0790824254899788 0.0318140289974654 0.0965526462477593 0.000936665455628984
0.0911355305806188 0.00992061724071875 0.101641411582539 0.014778895959445
0.0938506024617581 0.00771812243515909 0.119293944943737 0.050471992401651
0.0870723932528423 0.0413822230311402 0.0917384694268079 0.10590556826616
0.05115585836174 0.0834783439701817 0.0109089397892652 0.163503912222886
-0.0387405914922787 0.121546508338637 -0.0907565704065161 0.113273413910569
-0.113696542226268 0.0490373442095551 -0.119256100880776 0.00695082444631881
-0.100407031314266 -0.0730725712266087 -0.0185940224847198 -0.0299847818935567
-0.0355188549495976 -0.122761920826098 0.0755504555262522 0.165074132379762
-0.0556216456846229 0.0544666819206828 -0.11786905844498 -0.19427223956416
0.0330103985581054 0.059770955236978 -0.0407713406506581 0.0393168850696718
0.0776853725536514 0.00721682192627729 0.146904618825217 0.0084609982482997
0.0355968776730494 -0.0600626951823659 0.138246553579836 -0.130885846817575
-0.019645308024222 -0.0451130412928727 0.00382376073924352 -0.211980309803846
-0.0311266099457441 -0.0147978226941933 -0.130595613608084 -0.156892762767434
-0.0385107716520896 -0.01509633876078 -0.160727167007625 -0.0690348415047827
-0.0327355377669492 -0.0162488926940325 -0.145620270184015 -0.0167370340042379
-0.019641069654859 -0.0186371154086826 -0.143005445006471 0.0016695809919638
0.00138118287769071 -0.0231491340493429 -0.159902110224696 -0.0091080025552305
0.022740781851738 -0.0258556432136758 -0.164035439416474 -0.0509929622214815
0.0529982904554823 0.0110982028785166 -0.148603277334825 -0.139903440380742
0.0301307603666879 0.0620585455377795 -0.100234403570629 -0.213086120393303
-0.0529816338161232 0.057867103663203 -0.0635213002827151 -0.213674155434837
-0.0907465353133019 0.0188296186050149 -0.164882418798258 -0.218601906561045
-0.137976086108901 -0.0120068105063968 -0.0689438304833449 -0.201377060484625
-0.0636810901554564 0.0460509403324375 -0.0237532463113312 0.0405081288214419
-0.000734022103873062 0.0621889665557079 0.176650332777965 0.0118756031173298
0.0201536411852543 0.0278388684691579 0.171246829036564 -0.145939230790238
0.0145028354731266 0.0109143762985256 0.0156502656523487 -0.232269302708465
0.0188675678264348 0.0148805389457208 -0.130853148308185 -0.173215808887055
0.0257185465617297 -0.00852007925935832 -0.164210103782621 -0.0706238234559586
0.0300102944943245 -0.0163038610739594 -0.143186575675678 -0.0149821448137885
0.0396943538582309 -0.0067627275687009 -0.138670218488395 0.00933347903319993
0.0419654248098195 0.0218834491188944 -0.153586915718083 0.00288087683527272
0.0324131416793772 0.0372575833086503 -0.162327471449823 -0.0295425396389404
0.00566108225350989 0.081349120790686 -0.152582380397982 -0.113634428551482
-0.0560048127878039 0.0822794728915697 -0.111581476461023 -0.186096409956745
-0.136046392593912 0.00886354620552282 -0.0807098036640918 -0.169702818074867
-0.16853172903192 -0.0701713178693606 -0.156545320301047 -0.168757929216869
-0.197119691508963 -0.0887460726751471 -0.0043192003161813 -0.172759657480255
-0.161570325390489 0.00239626683535639 0.00494816124238779 0.0625664246120471
-0.101602470058865 0.100824445786552 0.211668284809785 0.035128171709026
-0.0188277325506019 0.122747711794352 0.215003190090978 -0.142184725046295
0.0416080437175958 0.0817069967538288 0.0436634438135881 -0.236265628366971
0.0662199962525308 0.0539871078809404 -0.107493252818589 -0.180276664200892
0.088083263364563 0.00584958660579799 -0.14639734001052 -0.0693237790045021
0.087920356889846 -0.0144139556520191 -0.120035353277961 -0.0128049584852465
0.093626473582876 -0.00226713379946769 -0.112378546135925 0.0194524996045991
0.082870939613496 0.0509292762048048 -0.12879891877954 0.0252218874034047
0.0548601201023595 0.0847001196552391 -0.151159300558179 0.0118747654352999
-0.0102750125243682 0.148472611680353 -0.160838070888071 -0.0668502177637704
-0.113764087785627 0.121621414991098 -0.132988585162296 -0.149920514720782
-0.202419567712244 -0.00704707186839305 -0.0898896014142472 -0.126846219068876
-0.230831205918112 -0.131417513282339 -0.128284196776247 -0.097605954494139
-0.220406596736747 -0.161107210410837 0.0643207844769496 -0.105134617378658
-0.236324635544174 -0.0641560214605694 0.0398767310710547 0.104694775153488
-0.204401977736553 0.106483767719683 0.23594020126705 0.0800582309634419
-0.0788266517649095 0.200139370348634 0.254603228676315 -0.109484844757728
0.0501554593505098 0.153225702972215 0.0817968438866965 -0.21335281971311
0.100658420995491 0.0951117422798492 -0.0631709580107165 -0.168721696609936
0.136076618527767 0.0242757967896396 -0.10623023557096 -0.0620983177273931
0.133121092132997 -0.0100252802453011 -0.0792486444096894 -0.00830452533527791
0.135244785075938 -0.00288063797943416 -0.0691112012746833 0.0284302181989944
0.11712772243575 0.0629283425121873 -0.0877719425560026 0.0485289350879728
0.0814734364970468 0.111923527168882 -0.123391129271202 0.0560488502461397
-0.00544063197745656 0.195848925992391 -0.156686584702476 -0.0134012003696009
-0.142227289001093 0.158434840660217 -0.146271192547985 -0.106243681265121
-0.239415242119366 -0.00470325776106299 -0.0849007518770567 -0.0915588832872713
-0.263252804308734 -0.163186883816062 -0.0793054361363771 -0.0249376608615099
-0.204776733675535 -0.206625841952412 0.125460622605192 -0.00793680168704462
-0.260065928366971 -0.133671650341465 0.0707848890998393 0.160787543173212
-0.273395804292747 0.0732082265661724 0.235367301003411 0.135772346059322
-0.141128176823291 0.229691716511556 0.270168124570148 -0.0493715515256792
0.0378460203277661 0.199812537211059 0.117388532178416 -0.161302618900536
0.113183731791458 0.124338108268469 -0.00696965217275864 -0.136036342356524
0.160971319054788 0.0411675307518835 -0.051941755263575 -0.0470741252109356
0.158681317173327 -0.0044602761394252 -0.0284564062300244 -0.00302637343936261
0.157537785705663 -0.00485655214635489 -0.0170942265432643 0.0350004061968987
0.136128073417155 0.0630680163364698 -0.0359666370189499 0.0665310512964264
0.0971494926912171 0.120880844290714 -0.0825474205694227 0.0935626453376611
-0.000911128792876375 0.21456652228734 -0.138445853581568 0.0351809175457299
-0.149615169628008 0.170388300593442 -0.145931461881376 -0.0663489385431646
-0.243339925241295 -0.00826213812485827 -0.0683145544751695 -0.0677059567488498
-0.25705294670572 -0.176888238300253 -0.0217097566582081 0.039745753214616
-0.154682189201714 -0.21122340236026 0.16703898286917 0.0980719974219824
-0.225403391244864 -0.175723333531439 0.0890379985580456 0.215603653115233
-0.278567546557483 0.019135738647689 0.204788116284564 0.185631102229697
-0.177022867210022 0.203431978358824 0.252142543189445 0.0210682128169605
0.0150013782908833 0.203169439141181 0.136826049605517 -0.0897340168062697
0.102656409253226 0.129532157239328 0.0476251864838832 -0.0865366340848699
0.15846296517593 0.0488926577426069 0.00690897064134494 -0.0290355644196262
0.160303055487968 0.000648352942947879 0.0246249857142559 0.00370833509856167
0.158887360956075 -0.00351383298609016 0.0365523838675662 0.0394477368109451
0.138107149749201 0.0585808169376312 0.0172052976992013 0.0801077865675131
0.0956656769366051 0.11822241531219 -0.0402421685167215 0.122020836225807
-0.0084661894384077 0.20568518567333 -0.114616130015526 0.0714706358645038
-0.15008269914641 0.150726495680326 -0.136725626731256 -0.0335988355876373
-0.217854223939988 -0.0268615717607931 -0.0473517499482641 -0.0522178986479017
-0.210023769659889 -0.176414513791297 0.0297114808405719 0.0937869206335721
-0.0816571418394293 -0.170244669467734 0.185258091733116 0.186795636660329
-0.148411383281537 -0.170933672564502 0.094241174177821 0.251191678510922
-0.220717623933218 -0.0243894058120463 0.157979745601297 0.214296360305457
-0.163037694141396 0.142574350282998 0.211988382251536 0.0781102384753795
-0.00267957267452071 0.164484888264995 0.143889434879619 -0.0215665404339601
0.0780280104224837 0.107321726758181 0.0924642821378018 -0.0369037028023524
0.130673295247495 0.0441028819031626 0.0605285167423993 -0.0113595130108234
0.137954567159036 0.00449900246374392 0.0720883686003697 0.0102494333168443
0.139034536576087 0.000327030770961623 0.0854135327342233 0.0445304925254645
0.122903465802205 0.0520452021459631 0.0631812266379631 0.0936050803513899
0.0804667481113728 0.107380157095938 -0.00603448119059142 0.146685468135376
-0.0236837973742821 0.175769608096688 -0.0977061324977146 0.0983163274355656
-0.141639196674233 0.108036083752053 -0.127425502195142 -0.00900301990758292
-0.172138549861028 -0.0549469808005799 -0.0307353928076824 -0.0403250179534747
-0.133183703595059 -0.161930974832327 0.0658232681422437 0.137835981831389
0.00276072081447779 -0.0958569102920092 0.181208066788574 0.238419009546541
-0.0531128109275441 -0.124204919265209 0.0938927619076525 0.258366540388434
-0.124700221860097 -0.0417583426948352 0.113215001252119 0.220317163649484
-0.110998543492734 0.0714350481648996 0.172278277599233 0.114423523941945
-0.00922566572429859 0.0993014586230151 0.146590611834114 0.0253231735151289
0.0449867642823623 0.0654638680046375 0.123830273413871 -0.0025868246844399
0.0825589844421898 0.0307944179927212 0.101613361841247 -0.000528829488409405
0.0951298565575701 0.00758932583468296 0.10729038547623 0.0152159694044378
0.0987896509497486 0.00483823045051982 0.125068236891475 0.0501347856024555
0.0917093124742266 0.0410170281543793 0.0967354679692633 0.109631050045774
0.0550298181364535 0.0862267539186114 0.0142620301100345 0.171410730456952
-0.0366860436807036 0.128110101716207 -0.0941048569899733 0.119910377733635
-0.11757962330528 0.0529566190542885 -0.126793246907538 0.0093673906384299
-0.105986491173742 -0.0754680317571775 -0.0219385497087243 -0.0320500371766708
-0.0393028471991053 -0.127961697918459 0.0822848054375968 0.171305508484133
-0.0561924853351027 0.0617291328954717 -0.133162219526967 -0.199384413725604
0.0369776416180081 0.0628432880307144 -0.0408402010317072 0.044830249596801
0.0831386301567659 0.00337472913815595 0.155395347073964 3.30236285533746E-05
0.0344014588315688 -0.0644567447760702 0.139303996693779 -0.144918704076368
-0.0226429562319736 -0.0465724048559348 -0.00583477804468435 -0.223246909923263
-0.0326123448651416 -0.0137867542934741 -0.144151414573188 -0.157525379880716
-0.0404336390634215 -0.0123473416467485 -0.172227746203743 -0.0640849111129647
-0.0349152498823158 -0.0144504484677072 -0.154166674013085 -0.0102374981588991
-0.0213292717224942 -0.0185749538423024 -0.150016469706057 0.00952265038388312
0.000364643984490765 -0.0246787919983609 -0.167958669491145 0.000225264683063309
0.0219637944823914 -0.028315110705903 -0.176591406030763 -0.045559332135782
0.0560469273884729 0.00816846931793507 -0.164893574075441 -0.140095819412464
0.0345159021482836 0.0624274802014838 -0.115830157086099 -0.219153546840074
-0.0541031184359469 0.0643070332320396 -0.0740428693633839 -0.22318475916868
-0.0945715593480708 0.0246523202912515 -0.183621478793304 -0.224608439690848
-0.145636755241178 -0.00378695283805685 -0.0824704674076291 -0.209732769473526
-0.0657912364849122 0.0520183186763652 -0.0226028444457242 0.0444953910362589
0.00385822279484546 0.0656869679864425 0.185971650916883 0.00192888920606317
0.0230079139286608 0.0278891733607572 0.172495309601546 -0.162593799275705
0.0164383815642371 0.0106305539369686 0.00534755644492827 -0.245306609398823
0.0213151421647973 0.0150174762920354 -0.146100901426262 -0.174812283097431
0.0268201622546659 -0.00945181853884726 -0.175511931867707 -0.0656066170437446
0.0296542250380917 -0.0181252169895853 -0.150618234318727 -0.00880078312316604
0.0416152963344271 -0.00944411844595455 -0.143770606947559 0.0167530216068226
0.045687899352993 0.0208690024410237 -0.16085514536255 0.0118810601199859
0.0357060496372625 0.0381234069834989 -0.172649989962916 -0.0226945253350099
0.0109044208103599 0.0848759694365084 -0.168228148004738 -0.112403780330057
-0.0550603695282056 0.0883844509505056 -0.127150707349494 -0.19052182008013
-0.143387644980624 0.0166226274679476 -0.0906943549333719 -0.177509203706092
-0.180809123310564 -0.0648152870785172 -0.1726353107376 -0.171991867289457
-0.211562495533958 -0.0826742136812706 -0.0131803769233908 -0.18270273553269
-0.170121034975226 0.0110281266646186 0.00750635324940185 0.066164471987404
-0.100784043796292 0.11198360072187 0.223817257981772 0.025224499725882
-0.0125099077852096 0.130702196315264 0.219165763893209 -0.161509997808556
0.0482881872532356 0.0842735025290837 0.0350513526656517 -0.252620309996076
0.0734250789897982 0.0532234601536442 -0.122434049603424 -0.183870076752344
0.0923742186061357 0.00196053139039469 -0.155719060939915 -0.0657432091171396
0.0905695224609826 -0.0204034408074764 -0.12618842295556 -0.00737656857969733
0.0980567256038043 -0.00758159556726655 -0.115336842937995 0.0262058320525962
0.0904585217250061 0.0494967068965552 -0.133649297002621 0.0342456108305222
0.0620534604859216 0.0866871836961914 -0.158127800144463 0.0204880465859401
-0.00174509405823503 0.156183403408639 -0.175141220805408 -0.0627563324197195
-0.114219436353182 0.133844832672391 -0.148326513402928 -0.151522776347906
-0.214174231567154 0.00279423039367445 -0.0990368656756659 -0.13121260637097
-0.249648614419737 -0.125338623231624 -0.138026828074722 -0.0989493196767557
-0.24089726131805 -0.157749492925639 0.062732292592722 -0.114091406633908
-0.252270078400682 -0.0551625967111869 0.0453022924604696 0.108431165946064
-0.209191663100064 0.122976774330401 0.252389437104096 0.0706803884407787
-0.0719024859941963 0.215152446992762 0.262238047582133 -0.128984049918892
0.0616556164473664 0.158537044479194 0.0754438940518256 -0.230038072969246
0.111668918856701 0.0942030217708248 -0.0761628501294763 -0.174094043569572
0.143689633985846 0.0184390523437321 -0.113232118436107 -0.0603810868784272
0.137803950218833 -0.0194340009002054 -0.083565847033896 -0.00512616000687998
0.141249427989863 -0.0110250800061739 -0.0704849175158483 0.0330201576179891
0.127109589417428 0.0599185123974692 -0.0891059915276617 0.0559751786528608
0.091046535994355 0.113978308192467 -0.126309799409203 0.0661286713244192
0.00620475789763284 0.206339571429162 -0.168075890153272 -0.00575398480023445
-0.140919466913337 0.174119607284207 -0.160809656280776 -0.104504657631173
-0.252879089289246 0.00616401050180752 -0.0928252212818303 -0.0940944592940307
-0.286455761423215 -0.15772873321298 -0.0829304823752744 -0.0244657737549976
-0.226385729773741 -0.207543446536392 0.131906127584166 -0.015684080661081
-0.281825590156206 -0.126988217978115 0.0812115572679928 0.165870995674031
-0.283411652074561 0.0922331100027553 0.254518861387781 0.130262401549397
-0.136116907850814 0.249643035271007 0.280965321956297 -0.066318108677813
0.050508230802695 0.208501731542948 0.11518224532647 -0.176249961449115
0.125393946038663 0.124801720157628 -0.0157748450078493 -0.141771092511549
0.170512908843425 0.0338222846438923 -0.055932575910348 -0.0481838494382763
0.164970321167985 -0.0149535517222945 -0.0301967880157398 -0.00156586633430788
0.164316881881943 -0.0143652054704855 -0.0160614864412073 0.0371010192632768
0.146580094643896 0.0593428682806899 -0.033991528141274 0.0725834808927292
0.108040707051852 0.121925295992873 -0.082122960397423 0.103637525347856
0.0119434060882116 0.224761131094189 -0.14649454723102 0.0435025629108716
-0.148551759493198 0.187244396957575 -0.159418834438589 -0.0611300750281562
-0.256488772311811 0.00343921299540385 -0.0750589055852689 -0.0697919345445876
-0.27960219655819 -0.171526890959621 -0.0196802334421844 0.0412520186275994
-0.173264465440841 -0.213529361108709 0.179891092285101 0.0951278418866555
-0.247116143825073 -0.17329369280039 0.102999275277352 0.22215708047569
-0.291647703457254 0.0349958673242593 0.225102060201736 0.185131364648883
-0.174266200344394 0.223878013016102 0.265365880912902 0.00960816386927413
0.0259201593058395 0.213212182130446 0.140931834199717 -0.102171218679688
0.114810650989784 0.130813399681804 0.0449894073756389 -0.0926837617605691
0.16764530644352 0.0418176164929005 0.00644945495949355 -0.0309131499343828
0.167160325275527 -0.00937572863231654 0.0256882049518271 0.00260381838697477
0.166130631588434 -0.0132551299158442 0.0405638258948921 0.0397767602290141
0.148057441865233 0.054289218176766 0.0213850555348986 0.0841038177412471
0.106939763373999 0.119241758703744 -0.0362543307717787 0.131216948311749
0.00336310751708823 0.216029931257868 -0.119415109455077 0.0808965348117986
-0.149054757123269 0.166344813605633 -0.147758443018946 -0.0277292755114607
-0.230912127521294 -0.0177531411045735 -0.0534736612326997 -0.0542543696184543
-0.22966986218454 -0.173713149632241 0.0371753438744698 0.0955076402103353
-0.0948627185455087 -0.174418031864694 0.202811996742409 0.188359713043448
-0.165356201852499 -0.172114398930574 0.110945867998009 0.259521594974605
-0.233441856977291 -0.0128942488728863 0.176129173884521 0.218166451704859
-0.163673612387163 0.158701452578388 0.225575150267194 0.0722165037814157
0.00579970442205662 0.174156016919913 0.150453431121851 -0.0292458870283514
0.086838308531731 0.109035719179551 0.0944208482480762 -0.0432511893518031
0.139223249024447 0.0392533236990714 0.0641437653965002 -0.0157874462073043
0.143964615184634 -0.00450584277667572 0.0765718249057004 0.00694751879832026
0.144615614519076 -0.00837888656452689 0.0922219371739512 0.0428190776796523
0.131433448384711 0.0478662330243949 0.0698199568001738 0.0961275843057429
0.0903225800382937 0.108392308148234 0.00100402761773044 0.155710401555158
-0.0136104938004854 0.185799919132372 -0.0997681740755469 0.108930589815219
-0.142451680459013 0.120628604809394 -0.137279616612663 -0.00232039493179614
-0.183087683269115 -0.0494881057616782 -0.0360643750333376 -0.0422061860236983
-0.14850194681762 -0.162361970844564 0.0778668225035712 0.141721051589924
-0.00280356973738227 -0.100629521221318 0.202922693714219 0.244023547097348
-0.0627801079329443 -0.126895510129629 0.109759572941078 0.26741181278159
-0.133332585290427 -0.0373182423774706 0.129335688793745 0.227568214965169
-0.112675903816289 0.0811057568676822 0.186495395264173 0.111866022832726
-0.00470871520085715 0.104922289099365 0.155684949004391 0.0204063824513123
0.0501536576689434 0.0669146176818076 0.129298373891794 -0.00895774295659619
0.0873637107837398 0.0275503164245827 0.106751907522662 -0.00610528851328663
0.0998105501445567 0.0012272497369094 0.113907129050809 0.0107529470129942
0.103325637927261 -0.000720007401604196 0.132972292707197 0.0466964316704751
0.0984423412347507 0.0371162665496773 0.106054793100998 0.111515481966138
0.0624592511091494 0.0872464711352739 0.0235254447840144 0.180123677510478
-0.0306514315644611 0.136342368199361 -0.0948604952115146 0.131331394643797
-0.120375499226754 0.0613835419348919 -0.135671847905402 0.0165599743125231
-0.115191679064886 -0.0751610449038503 -0.0261957548634939 -0.0337836712810102
-0.0481220557232321 -0.131874967884076 0.0963444643493121 0.176314224628518
-0.0523944719335558 0.0690730232454953 -0.152050125332387 -0.19421631134692
0.0418419579172315 0.0621903948680524 -0.0390761622722802 0.0495762583358706
0.0855636616748104 -0.00328410883878663 0.158731653015806 -0.0113287801581098
0.0299071720642169 -0.0687519234416892 0.132709754483444 -0.158523853113879
-0.0262073182421748 -0.0463360520983261 -0.0219473657273251 -0.2283459812894
-0.0336303326786698 -0.0113214014109205 -0.157963425208592 -0.150053783830526
-0.0418248680519649 -0.00833457955764218 -0.180074228211868 -0.0515401826216685
-0.0371583660927606 -0.0115862018680696 -0.158488238086902 0.00181743704336422
-0.0230829097676943 -0.0165398130506231 -0.151909792044241 0.0207180951135175
-0.00114034627231559 -0.025209964183642 -0.17151079015774 0.0134023800083461
0.0199889949923237 -0.0297039059191613 -0.184331516791681 -0.0331977408401922
0.057314736383895 0.0038748955285301 -0.180708153107209 -0.130233714841917
0.0384444810621158 0.060319320976711 -0.133396861913651 -0.215480210462541
-0.051960672830386 0.0702467098665815 -0.0894238472674505 -0.22566099383371
-0.0945344236956804 0.0328509814988951 -0.204353444077474 -0.218985131821262
-0.149729194636907 0.00802242991805708 -0.0998041385849284 -0.209716719949152
-0.0630718609251012 0.0581462099923978 -0.0209701972681848 0.048110502549235
0.0103368138978373 0.0670582458730112 0.189981715396558 -0.0123749125543164
0.0260499523490141 0.0272850959663068 0.164818576260445 -0.179693062571325
0.0178783362904873 0.00939531214419788 -0.0120317314719625 -0.252813574921848
0.02360363539766 0.0136733063513738 -0.161214213388211 -0.167155396980366
0.0271429466964807 -0.011046980270404 -0.183886094853732 -0.0539541390735354
0.0279477218556727 -0.0209245531035743 -0.153694815084141 0.00193257666472558
0.0415349524747943 -0.0132010876349239 -0.14508765050914 0.0274851257661004
0.0496566454779418 0.0180543708286014 -0.162737556784796 0.0247230469703114
0.039278511358637 0.0365652562251174 -0.179011653733307 -0.00958919518292594
0.0184360180143601 0.0859355119388519 -0.183534593443121 -0.101358093669451
-0.05067333823981 0.0940371701670634 -0.144045099925027 -0.18612147310885
-0.146552617303374 0.0278308835486109 -0.102917309839837 -0.177381960619623
-0.189528797960863 -0.0515277823805193 -0.188305801049791 -0.166194513146677
-0.22252166582919 -0.0673913483296054 -0.0272352488809697 -0.186664910457896
-0.173761660216028 0.0237228780729062 0.0117035311861861 0.0674916710255146
-0.0931709356203164 0.122402451744197 0.230103578264798 0.00857876096130875
-0.00191327505166656 0.135320787994748 0.212343550810736 -0.18236556256154
0.0564844435605614 0.0825594979830393 0.0158476880856932 -0.261852409180001
0.0802450596079259 0.0487486427598666 -0.138923178404742 -0.177685690334489
0.094164908567413 -0.00502942892796123 -0.162547610317057 -0.0559059425131794
0.0895591316712048 -0.0281292910837302 -0.12887390317071 0.00146102921659692
0.0996327557609542 -0.0160906596002833 -0.116073876851001 0.0351025392302951
0.0975321461904476 0.0437686463409915 -0.132966613861031 0.0457497582172181
0.0700359469004727 0.0843723734261666 -0.160661435909605 0.0330613572532087
0.0116511074023424 0.160038430672916 -0.186286888965398 -0.0505255872172289
-0.107150256041737 0.144794649556166 -0.163667124932329 -0.144534720180609
-0.219897078724022 0.01841505763666 -0.109408154309193 -0.129401043963118
-0.2649631196345 -0.108244445549163 -0.148092309027672 -0.0935074372884132
-0.257373367913151 -0.143124950454768 0.0553800948832153 -0.122406712974385
-0.263305361728506 -0.0379754328895504 0.0532664709901802 0.108605941853039
-0.203062729335023 0.142939400678678 0.263028145030691 0.0535010607192527
-0.0560445196459864 0.225794652661451 0.257783988207968 -0.151917290198306
0.0754199196140888 0.157091869489375 0.0605256656319623 -0.242934862851173
0.122151472719081 0.0873788612013934 -0.0907495782207856 -0.17175737979877
0.147762900946746 0.00791794577275117 -0.118903761380425 -0.05367048758884
0.137513196137786 -0.0308941186342563 -0.085511256046759 0.000656566904257416
0.142080450899315 -0.0226710418635057 -0.0685963107568523 0.0394106256458355
0.135168388126444 0.0519345502632413 -0.0866606410174745 0.0657040744612142
0.101483959040741 0.109417304316584 -0.125033362470879 0.0782344011799092
0.023505110043303 0.209368073145096 -0.175720552920169 0.00795242656247327
-0.130778012099878 0.18796259000621 -0.17367173922089 -0.0949655212716265
-0.258846064197166 0.0253465949204437 -0.101338722333649 -0.0915945008135944
-0.304446619477481 -0.137393603746545 -0.0857352001872697 -0.0213137425416983
-0.246164840822242 -0.195130702226505 0.132933846776195 -0.0256186604598587
-0.29742450398913 -0.10962696857497 0.093445421655385 0.16380166972273
-0.281284958159884 0.116974972259921 0.269356371790324 0.113846249898732
-0.119045370547483 0.266307751182682 0.281496169015491 -0.0879431202040101
0.0684110654013829 0.209628333299754 0.104340433492613 -0.189521135616328
0.138711018163096 0.117971804334649 -0.0266549175421342 -0.143249009008048
0.176152565961722 0.021352889814233 -0.0589208227050424 -0.0456852241986863
0.165472974106928 -0.0297118847031296 -0.0304933292535072 4.20741235969655E-05
0.165827816643092 -0.0286105988193412 -0.013155358980293 0.0393585458210941
0.15475089064591 0.0491449538959184 -0.0294761992643741 0.0777862332789409
0.11967722793943 0.117125905682422 -0.0763005637376998 0.113145624746542
0.0313202756792703 0.228835109140025 -0.148843132626942 0.0574946338870891
-0.136738877458291 0.202781327418663 -0.169787319487763 -0.050938658045577
-0.262545961558174 0.0220559920669505 -0.0824306752226617 -0.0680135886511707
-0.297713046619765 -0.151915204219834 -0.0161180764893359 0.0413104368183817
-0.193447742020317 -0.205307052190511 0.191648955290364 0.0838430084310188
-0.265513278336909 -0.159105150469094 0.119758248541044 0.218936681089468
-0.294654610435409 0.0593767059958468 0.242277281788634 0.173500890333354
-0.160512277662478 0.24273474547522 0.271766849810126 -0.00944990730405708
0.0430289577407886 0.217498844952352 0.136860614018732 -0.114260558293155
0.12723984586834 0.125571164093042 0.0383413081860467 -0.0980622806259231
0.174802615495343 0.030539101250617 0.00633013955926007 -0.0341219337145868
0.167883508503921 -0.0242795732561869 0.0271059729910604 0.00102811588940554
0.166857799518897 -0.0274450604093088 0.045042439169434 0.0382447403695443
0.155432423577301 0.0444665273927181 0.0286968860113866 0.0853419737992107
0.118296854842108 0.113678904626166 -0.0271886836982531 0.137752587920964
0.021416866275233 0.219654516437573 -0.119043891563232 0.0932739019869772
-0.139472031045311 0.18132539357351 -0.156052611817817 -0.0165193638229556
-0.237188039438688 -0.00129371869112593 -0.0595717921526617 -0.053383858685473
-0.247653382689344 -0.158680987625487 0.0463341959635121 0.0929344137050772
-0.110559175065371 -0.170796255291353 0.221991681849515 0.179354718698648
-0.18225842914482 -0.163137779504515 0.131205471945524 0.257190352487754
-0.238686117540722 0.00543457204939492 0.194704488111913 0.210727839571665
-0.154490714516605 0.175183998258406 0.235408405723155 0.0581457877370124
0.0191971056771065 0.177939489935017 0.152227788388383 -0.0411564800474735
0.0973275131209232 0.10559566433498 0.0931943466041132 -0.0511503740247717
0.143890628195993 0.0295496836539939 0.0651589056542601 -0.0211114805460127
0.145567422604732 -0.016942877706868 0.079012610411763 0.00196985223711077
0.146106438285852 -0.0209811428484365 0.0968700217605478 0.0365948983683291
0.136949621455006 0.0381340803435961 0.0784923247838599 0.0937972720749377
0.100420208061313 0.103998934731272 0.0123321202817577 0.159057682380663
0.00127694927418773 0.190408408152183 -0.0958114906815712 0.120140038026078
-0.135544690003453 0.133345641422338 -0.142555762443584 0.00834012660565189
-0.190052620990574 -0.0377461851871086 -0.0411203953896217 -0.0420934124223678
-0.164213175602576 -0.15348948522537 0.0911942735276626 0.137350656520387
-0.0108883014285069 -0.101513445299686 0.224660930918877 0.236929052262272
-0.0743561455756199 -0.124605122517311 0.130022481176486 0.264880960745897
-0.138869516884044 -0.0269275369997563 0.148199292629561 0.223584041823489
-0.109515233411809 0.0916091271508829 0.197652738922453 0.102279304920922
0.00330798535551522 0.107978010591613 0.161174106454336 0.00950475590892868
0.0556582066278479 0.0649701915292952 0.131682687953425 -0.0182625764154023
0.0912417057827785 0.0214302793328366 0.109429192225675 -0.0139258862474704
0.100379276429197 -0.00813621359618525 0.117678359739054 0.00319289914499845
0.10435856472295 -0.00938978724002249 0.138841768092922 0.0378564363006528
0.102995107357283 0.0299599352858533 0.116058353135399 0.106213601209453
0.0706838137121065 0.084309078997677 0.0371454694079252 0.183071330649073
-0.0202299229777141 0.141165711577457 -0.0882777885637531 0.142909536262122
-0.11710196844739 0.0719932772800511 -0.138806597979182 0.027439405422921
-0.123080579663101 -0.0685804018983774 -0.0306393702277838 -0.0332312698487851
-0.0593751030051228 -0.130207778815525 0.113384542806765 0.17244451375794
-0.0461708879602848 0.0731546197891226 -0.163005507025695 -0.181486237560556
0.0443994264745692 0.0597077371429564 -0.0355455114253705 0.0524016795022331
0.0839993795262416 -0.00960286027856898 0.155014668194367 -0.0214376020617574
0.0251812251015152 -0.0694884270001262 0.121246051896488 -0.165160148323638
-0.0283236527858864 -0.0436724208105457 -0.0355208181827996 -0.224150809088769
-0.0325152332333294 -0.00921775491982083 -0.16444239751981 -0.137118089732689
-0.0405383134076973 -0.00522448332738603 -0.180794241262343 -0.038500010225012
-0.0366866546192958 -0.00824546373116255 -0.154886042104557 0.0115322438666099
-0.0232599248933868 -0.0152701741933925 -0.148229334326187 0.0308146942426087
-0.00293365409307557 -0.0246570338535574 -0.16727285897057 0.0250562990651609
0.0175993862024013 -0.030105018608914 -0.184130220995655 -0.0196624379307482
0.0560925658685154 -0.000365059291063119 -0.186055627239267 -0.115324315926304
0.0405478436323383 0.0560646581691466 -0.144666211964131 -0.203791950028988
-0.0471920209157922 0.0728935440895272 -0.0991994439084761 -0.219224840978216
-0.0898787042206135 0.0390122835236937 -0.214562194807418 -0.204590563021806
-0.145469232846485 0.0190546721419931 -0.112993415555962 -0.200768338330519
-0.0584616073702159 0.0620232012391644 -0.018067496028795 0.0497315572851192
0.0151492838897456 0.0647148824344978 0.185514123051022 -0.024279179427735
0.0280284056440826 0.0253680111588332 0.15159469575492 -0.187872289930896
0.0181272492585206 0.00823140809823658 -0.0283366377585543 -0.247380156920009
0.0253100866733226 0.0109881138173832 -0.169343400856939 -0.152855361433193
0.026189396857996 -0.0124799315626179 -0.183247311589629 -0.0411377143881871
0.0258902530726477 -0.022571654829792 -0.151116964800005 0.0115742572228743
0.040049675670794 -0.0157614914818882 -0.140152323969953 0.0365177080315214
0.0502437237828835 0.0143486644415266 -0.157162083064746 0.0361756448253309
0.0409678130053003 0.0334242450310395 -0.177121317470465 0.00270990448042307
0.0236499509886974 0.0826326957934456 -0.187759879044677 -0.0871411864014887
-0.0443531694681814 0.0956817868274235 -0.153240652265368 -0.174615686773339
-0.143128350745095 0.0372492830732366 -0.110553370829581 -0.171795671411592
-0.188883647496902 -0.0378587025760306 -0.19578130629179 -0.153982186158216
-0.223070791577748 -0.0512032154962517 -0.039602640724152 -0.183461666386805
-0.169265352791022 0.0347369135692465 0.0144822414079242 0.0662364115781505
-0.0824834933997813 0.126613106625856 0.225540933956124 -0.00659427129256997
0.0083071141336017 0.133228847325464 0.197461212614928 -0.19354977989949
0.0611027744405021 0.0774412158441821 -0.000400430635087396 -0.259189681115979
0.0831447114846053 0.0422153390095486 -0.147831605071493 -0.164831686890719
0.0922063505142337 -0.0109762543220402 -0.162541568004772 -0.0447262617653406
0.084625579283865 -0.0338827445227147 -0.12593902310187 0.00942334613932729
0.095874800448215 -0.0226820170354916 -0.110729706101588 0.0414806630318187
0.0992747051690131 0.0363583485148842 -0.127340172481616 0.0546195718942342
0.0745870732395284 0.0785517065734794 -0.156453956239162 0.043882243180208
0.0225200611349363 0.155518588851791 -0.189052626169965 -0.0365191012572184
-0.0959235397248404 0.149305397465342 -0.170726105485119 -0.131718409884637
-0.215580474318448 0.0320685705335384 -0.114611766806307 -0.123670710851794
-0.26564231545524 -0.0873744898382268 -0.150849651013368 -0.0856375091593041
-0.262153533575083 -0.122803921590288 0.0456742517955386 -0.125246376639775
-0.260880381950197 -0.0205986339425821 0.05771726360946 0.103080042266112
-0.188735578601156 0.154747053265168 0.260440347133209 0.035314270350688
-0.0391466659043158 0.226640692394683 0.243970505283448 -0.166499855069551
0.0847585718153761 0.150324559622332 0.04340573262708 -0.243157873347024
0.126842251111031 0.0781776374883587 -0.100899374472714 -0.16150657926655
0.145681647896184 -0.00228828500313018 -0.119516314462079 -0.0462981148021162
0.131699260904816 -0.0401682417941816 -0.0837582520005288 0.0058751929165119
0.136957608687528 -0.0331582336677809 -0.0644215222834836 0.0426639348442548
0.136207406469415 0.0419117638848432 -0.0797348980310731 0.070915756580985
0.107883630765117 0.101249668485189 -0.117606260362338 0.0858750994691328
0.0379448328070226 0.203782267505887 -0.174569619663755 0.0211088650774137
-0.116080773725701 0.194087207513438 -0.178326983435932 -0.082104502625249
-0.253049070669785 0.0417581621727892 -0.105541296935893 -0.0863563420182309
-0.307481751454228 -0.114228137493799 -0.0847049507114845 -0.0181842844360329
-0.255140294478442 -0.175049680306143 0.128790417679221 -0.0348985940693847
-0.300453118856095 -0.0884787506951346 0.100029863975719 0.154411923172611
-0.268163286857998 0.134490332815273 0.270745409563028 0.0955952314862485
-0.0989892319889566 0.270522491839908 0.271435036978439 -0.10418166063521
0.081276327220577 0.201964716191442 0.0906603625156125 -0.194045212077185
0.144619258825671 0.107110375001561 -0.0358616725184237 -0.137945659777192
0.174182102353647 0.0090798644767441 -0.0600221873328421 -0.0423485236263795
0.158243682269137 -0.0408174717157643 -0.0295228778738918 0.00204236305813229
0.159706163415346 -0.0396488522770807 -0.0102952537197994 0.0395727200303096
0.155928759104012 0.0381041347110912 -0.0234514323068854 0.0793430431708509
0.125542480597068 0.107058370694676 -0.0671986251029988 0.117053249835575
0.0467208885286121 0.222092443313258 -0.144966586539055 0.067933835777437
-0.120905729058775 0.20874269887002 -0.170894186443417 -0.038921773419779
-0.256507522097661 0.0385034425636488 -0.0856950839464443 -0.0635071437469386
-0.302089768231404 -0.128715453752279 -0.0118244382708451 0.0390524737233304
-0.204630630280617 -0.18873615710777 0.192838975560063 0.0707349054742777
-0.272850197026331 -0.138627273853773 0.129433707123227 0.207267807597064
-0.283887678161079 0.0789875468060104 0.247821058952516 0.154367745208852
-0.141068755115122 0.250497870443199 0.26583524852675 -0.025951531169623
0.0571937211754897 0.210772711080124 0.127119247698539 -0.121481561414528
0.134223666366382 0.115789054486751 0.0313113092130037 -0.09795772278573
0.172796968703749 0.0177922879534742 0.00460442705244158 -0.0339992666125664
0.161919465542822 -0.0358447801451966 0.0268594795361002 -0.00116052682044607
0.160802720606356 -0.0385224201577184 0.0459506391253592 0.0341664074205601
0.155048372517202 0.0331115688421551 0.0328314280338771 0.0824769676124876
0.124016327935874 0.104129843108234 -0.0176830125747177 0.138210479215742
0.0370978665512064 0.213935257545024 -0.112248212251094 0.101446923984842
-0.124050742683824 0.186829943907297 -0.156085823166256 -0.00578194637629922
-0.232984759046766 0.013332461677229 -0.06321427469942 -0.049611350432011
-0.253089406806027 -0.136929079673607 0.0529705109436319 0.0870906528264348
-0.119762445003443 -0.160089654277877 0.229340700418003 0.163415836088997
-0.190196320444567 -0.14789280303146 0.142257899167422 0.243739874500273
-0.233559774035379 0.021628898215494 0.203925843559197 0.195369052528998
-0.140565052539944 0.183935382606564 0.23446602638587 0.0434743415735033
0.0311452482854819 0.173764251385437 0.147624741840712 -0.0496309727991508
0.102466835762588 0.0985462585288074 0.0884489210405009 -0.0553155250635688
0.142526672632171 0.0191663796177354 0.0638458764038515 -0.0255098903429059
0.140178313077339 -0.0272512427647889 0.0786504267655829 -0.00304063468053608
0.140923338664082 -0.0304475366125904 0.0975228813099341 0.0300421162621274
0.137506651718163 0.0278822037045651 0.0824198473008173 0.0877190569046615
0.10523783904609 0.0957675455506776 0.0226860355150584 0.156433467103968
0.0145975754875516 0.185855332085293 -0.0880378965457272 0.125965583711904
-0.123971491421915 0.140324451076055 -0.141811344500092 0.0186547620864672
-0.18917816967115 -0.0253203352481925 -0.0448596714191834 -0.0391697509219022
-0.170464366654806 -0.138069384488074 0.100112257752472 0.127882051559777
-0.0174306332679744 -0.09798661206746 0.23544699312723 0.220327214072838
-0.0815602700117044 -0.116032437188516 0.142819173429597 0.252252913476066
-0.136787965807078 -0.0160983288207519 0.158682604857819 0.212231709250166
-0.101947619433506 0.0993393727455834 0.200868510585684 0.0890121294352169
0.0101312142157694 0.106131903017124 0.159409924191117 -0.000738417369042639
0.0587630820977541 0.0609340204790601 0.128744055481366 -0.0261018285280006
0.090181026491485 0.014581974091648 0.107434832161059 -0.0204459255336702
0.0969095487698078 -0.0151359714809795 0.116234808177154 -0.00393431676058356
0.101525327108214 -0.0172289200825261 0.138367204137444 0.0285880511509622
0.102376432251039 0.0215762558216025 0.119510847252441 0.0974422426835333
0.0747929147971753 0.0783344249053579 0.0488255026890181 0.177663816091958
-0.00933114481124375 0.139122672895452 -0.0794565785630801 0.147164097102539
-0.109824723306811 0.0773465073797817 -0.137086676017781 0.0366595981549981
-0.124624629938944 -0.0598947945919892 -0.0341173490267173 -0.0313105179141799
-0.0664971982702609 -0.122299248144373 0.123372714188133 0.160814411699975
-0.0381727574401537 0.0759945703536232 -0.190447961189457 -0.141167552195178
0.0512169322320701 0.0511026357840953 -0.0241914407711906 0.061649154208886
0.0781075341435976 -0.0240767478744592 0.151635645156201 -0.0448548884885169
0.0100740922277831 -0.0717043980711512 0.095354028022416 -0.184233665153488
-0.0378654531624608 -0.0364362127609558 -0.0729656120803789 -0.214497391265081
-0.033346706667739 -0.00236957028797843 -0.181649072541448 -0.107227369207493
-0.0391875766975612 0.0033116034539987 -0.183742562616139 -0.0106482268008201
-0.0362602532409476 -0.00107842375920627 -0.147548941664975 0.0351115862965132
-0.024306407756707 -0.00969073779039699 -0.13797495351056 0.0541434316162654
-0.0069641559664945 -0.0221026576245016 -0.156002759507968 0.0535233451495687
0.0115495224394867 -0.0297463254630893 -0.180660698681692 0.0122343090745074
0.0513963435532233 -0.00972055812166495 -0.198264667136397 -0.0784889878360618
0.0427633946082571 0.0459376423010603 -0.172533385272006 -0.170697309616623
-0.0356445334960682 0.0736232550548194 -0.130737354047848 -0.196982966564208
-0.0852151100846768 0.0475896541220812 -0.235496623498719 -0.166830886467036
-0.138276512948109 0.0364757184791646 -0.151025726533799 -0.172207463849738
-0.0452052231982014 0.0676940204425605 -0.012410742041431 0.054705694529188
0.0242459630735031 0.0544609835284285 0.174039177861377 -0.0491879889383727
0.0278402550691637 0.0146105767429436 0.117073453812585 -0.204492550070688
0.0133540178532282 0.00476499100467759 -0.0678540336383556 -0.234491866377594
0.0246066521222864 0.00908200990317674 -0.186433090385291 -0.119906699793346
0.0226446819114126 -0.0136276506020299 -0.18364838667217 -0.0123322090270888
0.0203525244420707 -0.0230425984555806 -0.143030479568954 0.0343336167871861
0.0360705235612557 -0.0194667093615991 -0.130119167570577 0.0590967073503643
0.0493536503152803 0.00730904627822746 -0.146165407910548 0.0636344206182271
0.0416514946166496 0.027973701073567 -0.170253587790542 0.0332562839339668
0.0322618148831852 0.0746244750711644 -0.196349869504042 -0.052746778778812
-0.032532298599428 0.0937060030467841 -0.178601756473744 -0.141382107427577
-0.13223997626539 0.053095441880907 -0.132458988730529 -0.150310625479673
-0.189534169282626 -0.012579805745813 -0.208802474836801 -0.12171935745995
-0.218762314839573 -0.0211750634993169 -0.0817915837084294 -0.17174241835768
-0.153035271611121 0.0572657751226784 0.0173747960792343 0.0630705154816885
-0.0564782573566901 0.125421216573474 0.207347112328352 -0.0356797815983956
0.0260379197022106 0.117893057290975 0.154506574281431 -0.211408661018818
0.06344916030648 0.0631114335102789 -0.0404509165207052 -0.244489019787803
0.0836439837835246 0.030689249232682 -0.165118616485268 -0.133274289431229
0.0852303311535148 -0.0224625826673979 -0.160779902343712 -0.0181590272394544
0.0750896872803067 -0.0420014126379469 -0.119113278600874 0.0289630187494741
0.0882573257929767 -0.0346851461372397 -0.100769151558544 0.0602554040529121
0.0999131491604138 0.0213127847627584 -0.11433244111339 0.0777752195110663
0.0795011724711762 0.0672661324083992 -0.143470898677801 0.0691281833775277
0.0413884816012848 0.145732554307981 -0.189408019771959 -0.0045712994555052
-0.0739091791590967 0.151674775677914 -0.190322943725399 -0.0975005790277074
-0.201726289503253 0.0601876419495793 -0.128218727701503 -0.105648361064615
-0.269580668391725 -0.0496558279509383 -0.154684791038651 -0.063911325203761
-0.263900166432809 -0.0848667681566506 0.00784103742146142 -0.135172829046271
-0.246730982161439 0.0176871597776013 0.0619544009448548 0.0877948899232117
-0.151089616602887 0.166519928988741 0.239488931731456 -0.000610473493710871
-0.00180954524870736 0.211136415880853 0.198285914854522 -0.187874553141081
0.0969442917023048 0.127033026158709 0.00538637988658889 -0.231945029229321
0.12975808558415 0.0588004351409855 -0.117277562988016 -0.136539228525778
0.136926259930359 -0.0219152097791774 -0.115825752148685 -0.0242299151448669
0.118177289847159 -0.054899581117679 -0.0776807908882605 0.0193223927943494
0.125644154249758 -0.0501416961196285 -0.0565061771505874 0.0540634095812249
0.136606013495906 0.0216836411511492 -0.0663092994558402 0.0858531684043348
0.11458885257867 0.0850895481524808 -0.0990205089205277 0.103335042471982
0.0637566250427581 0.189946091098341 -0.166964795084787 0.0467827460830738
-0.0872603858239943 0.197258976626888 -0.19010911412356 -0.0474704041118811
-0.235839272866793 0.0738908519900187 -0.112848141830813 -0.0720268379087754
-0.310452768920392 -0.0689581565180999 -0.0812939348868405 -0.0101399890664378
-0.261548902714634 -0.135093368602705 0.103173916663263 -0.0650089740402493
-0.292025687129479 -0.0409311314379553 0.109967099370371 0.127196243067768
-0.226571098404606 0.159609886573775 0.253986231568623 0.0514511919999366
-0.0502445077035136 0.261515168457129 0.228563443353446 -0.131667428801088
0.101963556799979 0.17552249610948 0.0590867741984999 -0.188190448522515
0.15109776206927 0.0831745133654523 -0.050325172376401 -0.12267180724779
0.165663598672894 -0.0157423197209265 -0.0570940551824089 -0.0286114746851888
0.144050146860207 -0.0592752298316275 -0.0264151918144131 0.00722945514580993
0.145806022961802 -0.0605297369620017 -0.00471397627545097 0.0429134623315242
0.155795550217123 0.0149002696115135 -0.0107618450568556 0.0844817863941887
0.132832175543403 0.0885468335692103 -0.045454194297187 0.124811890277682
0.0751922798235622 0.206173562627539 -0.131204934529773 0.0879009996802531
-0.0896259753434182 0.210780389964461 -0.177454776661212 -0.00619488221817732
-0.239172781412536 0.0718199394285091 -0.0903064143830358 -0.052283016134984
-0.30612227996262 -0.0828632547235426 -0.00302356427823699 0.0336046116167279
-0.212083016902551 -0.153408058780884 0.185686933666831 0.0241739564350249
-0.271540554360077 -0.092117475348042 0.148564877564624 0.170577985893027
-0.248712249616264 0.110931181948857 0.241871266473258 0.108549470426992
-0.0908248203699337 0.250154637497592 0.233876820912111 -0.0572226451386414
0.0820502404260952 0.1862422202153 0.104777591739932 -0.123836012669429
0.143012384514608 0.0916889279861252 0.0209014939482054 -0.0943775083057201
0.165508328193072 -0.00779927980198993 0.0075575585292716 -0.0300171114987685
0.147778927882853 -0.0554353427867997 0.028240352461989 -0.003959712104678
0.146801403918407 -0.060578043235176 0.0488809875137529 0.0287222205666546
0.154218997270792 0.00977150392344897 0.0438983049647316 0.0786295602020336
0.131033451444499 0.0861746330065312 0.00603412152450645 0.136240823742504
0.0643731476089932 0.201235270754972 -0.0937901069427235 0.114210586485309
-0.0952699934422842 0.1910152484207 -0.156661296925689 0.0228840109078167
-0.220240619479361 0.0444836853198842 -0.0671781292645166 -0.0415314784102745
-0.25939802842757 -0.0974739520013877 0.0661479705570763 0.0706637458145862
-0.12778462336804 -0.135292744013258 0.241244284899979 0.108954639326123
-0.19471019188344 -0.11265296894514 0.169900418227395 0.204578194010701
-0.208361189084687 0.0517119778616536 0.210957597839319 0.152723395231396
-0.0992700170598801 0.189272605012541 0.218058580734718 0.0106558525360775
0.0530210953072638 0.155681263386239 0.134811606101635 -0.0610627142832679
0.110979844361543 0.0785706403986136 0.082214801051903 -0.0635614054216425
0.136905254347535 -0.00326650001574692 0.0654756973966743 -0.0307473264906105
0.128574848219457 -0.0452948771964496 0.0772615355843083 -0.0142631848453284
0.129861550592104 -0.0504992159839973 0.0974512018218885 0.0161226513144686
0.135844728323477 0.00731245794339845 0.0932058948153449 0.0744815418421054
0.112579956390187 0.0797879412513521 0.0484554975676715 0.147196465232595
0.0388633920110333 0.177744870451254 -0.066391948318308 0.133805652931547
-0.100136198362774 0.147024914130433 -0.138076314565206 0.0421750943050407
-0.18364312309646 0.00176524762607051 -0.047415747611596 -0.0332856426902932
-0.179225072569013 -0.108454839749715 0.117521453801726 0.103784955433309
-0.0218182389407156 -0.089072092831663 0.263256821831805 0.165983366189089
-0.087677396300741 -0.0976478393102768 0.176024566626845 0.214738073439721
-0.124436482365811 0.00368720303693864 0.178451198974691 0.175134418964973
-0.0756925618185724 0.10551026782544 0.198510269493175 0.0571852089338615
0.0249384942786772 0.0953804829930618 0.153955675656009 -0.0200657649581876
0.0631670561206547 0.048668974915843 0.12407794058686 -0.0437347641278343
0.0871411321875556 0.000256568478954702 0.106473520558023 -0.0341282665259795
0.0901192310933723 -0.0286240669343434 0.11374634603002 -0.0210429683903404
0.0942607057072257 -0.0325141474314248 0.137068490141003 0.00716898033971661
0.101701307431642 0.00617004859117945 0.131403058471703 0.0767581029734518
0.0814621106765503 0.0666672315464958 0.0773977262123541 0.16290918675457
0.00955290794290039 0.135945077039669 -0.053187401059325 0.152807497948018
-0.0946708097621622 0.0856842134248309 -0.129452300453001 0.0581118944584223
-0.127933557826994 -0.0399566369331046 -0.0361985280819336 -0.0261304219239232
-0.0771288923364736 -0.106726789957839 0.145061658067758 0.132903618023971
-0.0368538915690513 0.0752627118873415 -0.18660753779516 -0.140652662579857
0.0495666400109491 0.0519530156022225 -0.0242114767174806 0.0616585626858279
0.0766802868091276 -0.0236312520490584 0.149717142485944 -0.0422120409017616
0.0100087556241877 -0.070218880385092 0.095734841905624 -0.180782983732969
-0.0365993496606282 -0.0359393285052731 -0.0693254683765004 -0.212502149702938
-0.0315599996599236 -0.00310118847789011 -0.176151382323876 -0.106649212495984
-0.0378088904494621 0.00305692189795893 -0.179210016037835 -0.0114359739212402
-0.0352281354330876 -0.000754407782776817 -0.144702697938089 0.0325021489560958
-0.0235049146934906 -0.0092741029181174 -0.135035606898525 0.0516928452853462
-0.00657729087815665 -0.0214096137873745 -0.15324595402924 0.0508074655429891
0.0108262165073545 -0.0285549937550957 -0.177255458795935 0.0107936357940456
0.0495349625704916 -0.00856318275467735 -0.192765706159958 -0.0796650412125939
0.0400804983472565 0.04566650676273 -0.166072954644226 -0.16946609216317
-0.0362867035838235 0.0722126659903537 -0.124499959862324 -0.197865864917965
-0.0836019552146038 0.0456946940468707 -0.230254001076387 -0.168339755624854
-0.134546910149527 0.0353465076527378 -0.148077464986149 -0.170974519454332
-0.0456849676659047 0.0661703077670985 -0.0129668651291358 0.0542042630880923
0.0240293433307592 0.0532953635684082 0.170781690571337 -0.045427510170017
0.0272199047739612 0.0152518211065095 0.117131584061087 -0.201058698705313
0.0131203441655852 0.0055203448476066 -0.0635414495360287 -0.232040343669728
0.0245041200002514 0.00949068201955469 -0.180602312819933 -0.119636158630022
0.0230583007508482 -0.0126797356418552 -0.179218439093514 -0.0136767415794784
0.0197555054396916 -0.0218629756207302 -0.140990549757238 0.0318165830712192
0.0349187204325943 -0.0185840919492905 -0.127618809400228 0.0566438815689893
0.0483785200388592 0.00760782633732125 -0.142785050667428 0.0607583502345299
0.040246702682162 0.0282111998789057 -0.167793991193158 0.0307273173307566
0.0305511769295378 0.0729685843761622 -0.192104386546524 -0.052894386273888
-0.0328200749605877 0.0922598305956713 -0.173322142988405 -0.141372412813817
-0.130773685196272 0.0508734178610931 -0.127275955589061 -0.152277011017972
-0.184746296009973 -0.0139261255790326 -0.203443760111759 -0.125303869597073
-0.213129389963392 -0.0222305718029501 -0.0810303451108707 -0.17025220650623
-0.151802581692668 0.0545718358354103 0.0153088497584482 0.062960708578893
-0.0560580807898117 0.122396215823995 0.203595785869417 -0.0327776370289273
0.0252969735687027 0.116351486507321 0.154854372828521 -0.206507608113392
0.0621097432883392 0.0630365091178073 -0.0367610999224565 -0.241367907513842
0.0822018450047841 0.0305558693676452 -0.159876289686199 -0.131647159597455
0.0839851225414666 -0.0206773918767121 -0.156340069359949 -0.0195332890200601
0.0726087658602354 -0.0405687405591822 -0.116323954808964 0.0268000696004528
0.0856110065823384 -0.0331568727081752 -0.0989246738048929 0.0576072267829308
0.0987212166974326 0.0216030809298865 -0.112080779451505 0.0752457383908949
0.0772779123035414 0.0669427297796032 -0.140799256603329 0.0669573505715354
0.0401727889681452 0.142498635182369 -0.186792620738986 -0.00485537943788288
-0.0744725258558325 0.148555672198801 -0.185825384412655 -0.0982345170449912
-0.199584072669317 0.0558390191740545 -0.124647274288292 -0.107518208785098
-0.262578100460769 -0.0509916048533685 -0.15087687497047 -0.067666505782783
-0.256904636283542 -0.0847032777563547 0.0076013303084834 -0.133763667076831
-0.242627774131718 0.0145106721018217 0.0579504981501852 0.0878900725689553
-0.148709345700159 0.161831144831816 0.233545744390166 0.00203750188410771
-0.00293896833006415 0.208068019382771 0.196504701968663 -0.18254903169258
0.0950112156310044 0.12626077981337 0.00848617409808946 -0.227712005695115
0.127449573038002 0.0583718052605679 -0.112822648538673 -0.13436279706577
0.133924275890083 -0.020482665184516 -0.113219292691216 -0.0261313023651762
0.114496275423946 -0.0526468864425154 -0.0753401482325693 0.0171747716872125
0.121841267403815 -0.048112148928147 -0.0554215799289059 0.0521104621109502
0.134509563013615 0.0221596435906559 -0.0651912203737249 0.0832995179187029
0.111753658467895 0.0850028442698223 -0.0972320297942775 0.100613961474866
0.0615713109369867 0.186522943122336 -0.164524043251991 0.046648526427963
-0.0871125977973893 0.192916904601834 -0.187106455946778 -0.0490822635925799
-0.232346975175723 0.06949098107441 -0.110345904881638 -0.0747185322354311
-0.302401001867755 -0.0697875533052197 -0.0793835988266609 -0.0133882976467882
-0.254800624073246 -0.133801153763033 0.100643746637032 -0.0627815927094291
-0.287368105920204 -0.0438867909209041 0.103214429212645 0.126903839770022
-0.222418940973664 0.15470490136108 0.247384515137639 0.0549959468296564
-0.0498594006555837 0.256961172799907 0.22634669956723 -0.126018421986996
0.0986838476688989 0.173530343104329 0.0599789643457545 -0.183590339765677
0.148398907730241 0.0828991104536076 -0.0470973346396213 -0.120203750692038
0.16155154943178 -0.0144420189982048 -0.0542713333039521 -0.0294400774523406
0.139519354623014 -0.0570559001434331 -0.0252489035595084 0.00678022495851419
0.14138643824242 -0.0577764901806889 -0.00389155247367453 0.0419865956686303
0.151944149160282 0.0159611724462524 -0.0112156073187753 0.0834152107694025
0.129506340172715 0.0880812340465638 -0.0456934402632919 0.122363201356555
0.0720394738569131 0.203059057308131 -0.129793225035504 0.0878687616865895
-0.0888931386547334 0.207188889755374 -0.175832626018538 -0.0075836622604228
-0.235541857251598 0.0678819275147013 -0.0892706651356813 -0.0539867733552056
-0.298265016150353 -0.0835442913571241 -0.00268611717289692 0.0305247422335641
-0.207286994159703 -0.152066723761992 0.180435281074939 0.0265725011038403
-0.26595979088384 -0.0933418952533453 0.140723263226828 0.169462814609429
-0.243832195343704 0.107086429359842 0.23480319104394 0.110421029554504
-0.0900422084115261 0.246069117925822 0.230408342146625 -0.0530388334682354
0.0793211638490175 0.18444636439022 0.103947330835844 -0.120387794334078
0.139426646336843 0.0918230653529846 0.0222330975058387 -0.0922527279084896
0.16147948931868 -0.00694370289117208 0.00880885173558631 -0.0304942482610303
0.143499545193211 -0.0532373775561873 0.0289340129545804 -0.00376685277485233
0.142713593728215 -0.0581152895824697 0.0477480353331097 0.0289646401492445
0.151393640676205 0.0111443648753331 0.042892511339103 0.0778629734497816
0.127648933115016 0.0858362483159145 0.00499813136656794 0.134692861757288
0.0606972814726428 0.19779040048741 -0.0936511289531472 0.113810673917727
-0.0944605136097925 0.186790055697758 -0.155164553121317 0.0212318211130235
-0.21710805682033 0.0407803620568402 -0.0663030603770744 -0.0434135497164656
-0.252213245219127 -0.0970659983957202 0.0650697952926373 0.0681724274322145
-0.124019173497639 -0.133479515262193 0.235033366354425 0.109856366078708
-0.190187164918011 -0.112158429927844 0.161249914840257 0.2033875898952
-0.203811717534112 0.0487208273185882 0.205132836194491 0.154047218470127
-0.098366797030505 0.186531896559011 0.213961866254121 0.0138015320435867
0.0509270770723797 0.153539661462462 0.133493993415293 -0.0579290710593714
0.108090953597999 0.0787762963501978 0.0822126734724628 -0.0612739189717037
0.133805046565472 -0.00239668715661541 0.0652119009767431 -0.0308423960112475
0.125278996949598 -0.0437724482357482 0.0775461732875554 -0.0133666207144741
0.126437015843446 -0.0484214642993386 0.0957548498216309 0.016829457175203
0.132682134724851 0.00795899563124985 0.0908558167127425 0.0751708282619366
0.110171648241722 0.0797731069644821 0.0465610624020131 0.145035200481326
0.0372705043028735 0.174550157646856 -0.066844984110601 0.132807509667152
-0.0995095260333284 0.142742833832535 -0.137534271012261 0.0418468467027385
-0.180471241498261 -0.000298189170687346 -0.0466165136329323 -0.0339358672441624
-0.173338687905784 -0.107290994494338 0.114708879990445 0.101260848252559
-0.0206327831021218 -0.0868735789778656 0.255627801657644 0.167497285590687
-0.0846092318358778 -0.0959408437772256 0.166565156100314 0.213396246974205
-0.120992920494405 0.00234016994433567 0.172434236065168 0.175777660903804
-0.0741652813425068 0.103520814341878 0.194679059759652 0.0594550208443941
0.0237897353827055 0.0933569848817832 0.151863070361915 -0.0176772737612495
0.0626111130617429 0.0488347165977352 0.123182941725961 -0.0422817639018222
0.0853341483433185 0.00104302410926491 0.105790991562846 -0.033334268359703
0.0874808608186743 -0.0280640118407872 0.113507301117494 -0.0196418676108829
0.0915587497471975 -0.0310384201337053 0.134686782234803 0.00914017790627726
0.0987789310456911 0.00678982931724404 0.127595143599529 0.077545175801432
0.0796495994682851 0.0660384022238992 0.073637440391 0.161080367662352
0.00852544667067539 0.133571196732724 -0.0540852298339724 0.151356256413278
-0.0933430350992644 0.082641644488953 -0.128673668103711 0.0568167896931971
-0.124919665156161 -0.0412460360756492 -0.0360340306638453 -0.0262341673397166
-0.0735302498038614 -0.104121769002953 0.141596101794244 0.130032107817726
-0.0379133560083383 0.0762766095438317 -0.187614016553124 -0.148563674707113
0.0491537397804422 0.0551117150558309 -0.0267846865818017 0.064305667012356
0.0782267391352979 -0.0224291186749263 0.154182531106149 -0.0373993134817935
0.0119741665888551 -0.0711772139524914 0.102465548977393 -0.182495136983871
-0.0358237454884172 -0.0367428583196936 -0.0641380696089968 -0.218695922804495
-0.031512711899215 -0.00436986370837457 -0.174782000324351 -0.113761923285381
-0.0374605035062495 0.00253655379679581 -0.181098521692329 -0.0154469687391266
-0.0364153443442692 -0.000789851857701059 -0.148092490926132 0.0292378940256286
-0.0233070838295208 -0.0096436323499537 -0.1395835290582 0.0484500767992549
-0.00591748591307475 -0.0215410607156596 -0.157462716506166 0.0478258866991929
0.0111626739863163 -0.0285407985165144 -0.180994335244844 0.00522737840504187
0.0499850181510054 -0.00757307807679469 -0.192813883841037 -0.0868579992204748
0.0385272322536752 0.0476192562840669 -0.163162897030799 -0.178033335765881
-0.0399253848054632 0.0727925406022861 -0.118836093892318 -0.207860419823085
-0.0854157085695786 0.0439611432549885 -0.228915952526773 -0.179647970962267
-0.136645436084878 0.0335412857637051 -0.147656170020024 -0.178660934618348
-0.0487343157864801 0.0668306816669292 -0.0156043787586087 0.0573471002405731
0.0227521447510891 0.054512792902499 0.17539002140575 -0.0407018644363522
0.0275731410699557 0.0164408307944849 0.125128364157427 -0.201833073273351
0.0137647681780562 0.00665133050124577 -0.0581059607942169 -0.238179027850778
0.0253374911994835 0.00976475722222386 -0.179345013070656 -0.126136248812619
0.0239729314976995 -0.012125531850491 -0.1809068569326 -0.0188331265480991
0.0200265846816212 -0.0210435570696961 -0.14375031728325 0.0282387492402421
0.0361131112760671 -0.0175622118462881 -0.131343541112461 0.0537285489269282
0.0496980906698143 0.00926516710945152 -0.146616023560486 0.0579567464915622
0.0401765439319402 0.0301109626026846 -0.170485676137324 0.026841264865799
0.0286906893033748 0.0752803893274342 -0.193297073095625 -0.0591328249514965
-0.0373204392475331 0.092741736412752 -0.172136180428929 -0.14932041857839
-0.135591652783112 0.0478112987359615 -0.123852927555111 -0.161014093589071
-0.186530276223661 -0.0192703370346254 -0.204163406859547 -0.135833596900784
-0.21566704304089 -0.0272412083498424 -0.0796156759644089 -0.175824280620265
-0.156562690550249 0.0515657164926528 0.012518317366372 0.0657762685274578
-0.059086809146921 0.122721156061193 0.207724313748868 -0.0262914938447252
0.0234621585548131 0.119353336722269 0.162974425001323 -0.205992328314417
0.0612964252843367 0.0670000917626008 -0.0303934807455244 -0.247100189757495
0.0836961862732824 0.0336454642177331 -0.157950080236631 -0.137997927951967
0.0856214154265551 -0.0194171341995187 -0.157582539562057 -0.024673336253252
0.0735300391229244 -0.0384551818079038 -0.118824980829902 0.0236997002266466
0.0870287462014558 -0.0309673303060415 -0.101392243678113 0.0550536657922683
0.0996982979928577 0.0247333293339901 -0.115526584063827 0.073507885595028
0.0772450444156796 0.0704717393265055 -0.144876318859103 0.0636070854356504
0.0368501340765875 0.145875133921963 -0.189417927318209 -0.00937405381461015
-0.0801518828503139 0.149439518132232 -0.186559448008246 -0.105175662583117
-0.20487571878739 0.0507641671435203 -0.122384824482219 -0.115450628638583
-0.264374200409931 -0.0587493498214801 -0.15173813477898 -0.0764327037964876
-0.258769367555755 -0.0928292768796359 0.0087806113559342 -0.135856208457955
-0.248751138348527 0.00802980403035561 0.0534419056667231 0.0927329905059361
-0.154222967427925 0.160891849017537 0.237030045972642 0.0101871386490638
-0.00733858226596076 0.212495896348934 0.205764480192978 -0.181030266733248
0.0930400529691585 0.131194094595003 0.0153727216461326 -0.232274145570106
0.12908439258598 0.0628959594177539 -0.110525721492005 -0.13918519892761
0.136228475797703 -0.0176793526899038 -0.113072112894661 -0.030181380164906
0.116564748460412 -0.0506574819649257 -0.0776193037253655 0.0154404203956371
0.123950884938214 -0.0450984510107793 -0.0567730898548119 0.0514236336704814
0.13630679326472 0.0256271114920229 -0.0681771433375328 0.0830911981104958
0.111250122305951 0.0887333518412576 -0.101755533324778 0.100137711386115
0.058226175025687 0.191314269262105 -0.168767577079052 0.0447380793577254
-0.0935914597513816 0.193890932008 -0.19066788038564 -0.0550064725167513
-0.239307563880476 0.0635125589309162 -0.11030031358267 -0.0801290049035824
-0.304689932699742 -0.0794047245970931 -0.0805094861108222 -0.0193658391708889
-0.254677937426497 -0.142798533421361 0.101854276806739 -0.0606342026098222
-0.292028016752357 -0.0516687972359568 0.0992108106413695 0.13391147609493
-0.229470128937427 0.151393515337531 0.249484028995575 0.064005387591838
-0.0567937255793387 0.261134755164252 0.234147370277357 -0.122533128563771
0.0965242697796134 0.180555261066583 0.0679348224308423 -0.185925576362758
0.149406181942441 0.0887394788240102 -0.043344084415672 -0.123114987553769
0.16421552102678 -0.0103625194865093 -0.052560409096829 -0.0321536974553972
0.141826498998543 -0.0546514655842344 -0.0246947186229057 0.00557799721903575
0.143528150543799 -0.0560997431640518 -0.00466937716915199 0.0419919444563877
0.154881459396862 0.0201052778721805 -0.0128536455360949 0.0844158537518708
0.129997841048861 0.0931326776898763 -0.0488313574477688 0.12469829448614
0.0682340544729983 0.20833125542396 -0.134154428183669 0.0876288886286823
-0.0960338848852137 0.20806104809448 -0.179781888395279 -0.0119839211380486
-0.241935113906003 0.0611012917460657 -0.0897796496286593 -0.0589334064920958
-0.299369384203638 -0.0928378913384668 -0.00345808588483683 0.0283045504804949
-0.204983559283459 -0.159808266547462 0.18125266629953 0.0330686978994704
-0.269089848930688 -0.103260508635914 0.134611518953372 0.179110045551634
-0.249551438055117 0.101278815493983 0.235512143859308 0.121009425659196
-0.0971442382306342 0.248559539961418 0.23645709150498 -0.0469134926703187
0.0761104516219763 0.189547813104017 0.110289670406117 -0.119761138944086
0.1405174503016 0.0978053951238329 0.0262983912658966 -0.0930227123722994
0.164048077513157 -0.00273872981520551 0.0108556210273044 -0.031577499171355
0.14605740196548 -0.0506620001627429 0.0306323668960254 -0.004231182216087
0.144649864813256 -0.0556603332201534 0.049088768393343 0.0304465507664021
0.153573430147408 0.0142692721659222 0.0414203509847618 0.0809877725588063
0.127973164037473 0.0906216579636235 0.00211629883236965 0.137990986803723
0.058310505451541 0.202179265273276 -0.0985324544041375 0.115382189603974
-0.10082022870968 0.187767971822687 -0.160770449356804 0.0185621733065445
-0.22245774033507 0.0343769993483117 -0.0675958797567861 -0.0468743376966345
-0.252267575764536 -0.105205612839698 0.0644124955956962 0.068375035288097
-0.122116305005139 -0.137866597900517 0.235174775357452 0.120794505878402
-0.19068022450445 -0.119349541869054 0.154741451667438 0.213231042758231
-0.207807165939849 0.0439417125737966 0.203330142810693 0.164294725564175
-0.104107099749587 0.187975762890699 0.217928020248518 0.0204426433415709
0.0481504385094903 0.15813038461246 0.138724064004807 -0.0548355321262057
0.108027564683253 0.083863724969996 0.086569697063455 -0.0597899755680798
0.135930925267654 0.0010692582872365 0.0685471339396251 -0.0307727140628179
0.126951591866883 -0.041932514414409 0.0800548743622606 -0.0120201492796143
0.127913918901558 -0.0462999500800659 0.0977889289490316 0.020822115696672
0.134880079299932 0.0120984988955524 0.090135912684976 0.0792301958705979
0.110059357145855 0.0831161887469125 0.0431018614490725 0.149455649577262
0.0338130274341145 0.17807212830986 -0.0717754712955361 0.134734092908916
-0.104815349859028 0.141846266184022 -0.142386237917497 0.039995485936462
-0.183866891988169 -0.00617677118297089 -0.0478046712087031 -0.0366890662112832
-0.172117184016674 -0.112559324474517 0.11522878296542 0.104318422571481
-0.0185480703761441 -0.0880944657056878 0.254992448475652 0.179162356684685
-0.0826654984437066 -0.0996331175454463 0.16137729584025 0.224512283301224
-0.121239478606247 -0.00118253463149891 0.169694818392048 0.185720233116495
-0.0771989578354055 0.104568632347802 0.196647092716285 0.0659362286347804
0.0219537226035664 0.0962374349960994 0.155776413847991 -0.0132846948716517
0.0620865984250296 0.0523255244840862 0.126971689251207 -0.0399944240571139
0.086386210861667 0.00321686528612635 0.109641736372468 -0.0316942388574657
0.0883652689664679 -0.0268599797975267 0.11718686313797 -0.017900640545684
0.0923027657070187 -0.0289713355645841 0.137112531032461 0.0133387221048856
0.0997344168847766 0.00845784595141456 0.127082953848676 0.0835099911053802
0.0798663153413352 0.0688416646016183 0.0704832939715655 0.165502880252023
0.00544726348275376 0.135667870713885 -0.0601091661135005 0.153920924077864
-0.0965609142018589 0.0812494694573479 -0.134130673139733 0.0552550907810779
-0.125470395152023 -0.0447045458590405 -0.0365953215378344 -0.0287859777442185
-0.071439238755951 -0.105905804667828 0.142454897039578 0.134183366208147
-0.0393444208943873 0.0807921895321307 -0.198351298555859 -0.160475329359883
0.0517942316958819 0.0603374625604686 -0.0292155938938057 0.0698560028603294
0.0825662696115028 -0.0227575826045349 0.16412726003809 -0.03594675461937
0.0136193425603807 -0.0747085333874621 0.111942253270973 -0.191579733720525
-0.0367667147773556 -0.0393505090565162 -0.0637979756828959 -0.233856914707203
-0.0322162972622709 -0.00577050551080973 -0.18195462782459 -0.123318813966927
-0.0387784916855493 0.00210440750609276 -0.189630151548062 -0.0190689674290155
-0.0378327930390746 -0.000143725628634277 -0.157477504063278 0.0278925095347543
-0.0238877991173806 -0.00987937937943937 -0.148583861671559 0.0485203839244507
-0.00587728241069932 -0.022327237681495 -0.166806455422487 0.048277261705345
0.0118498990446636 -0.0296176047162931 -0.191413897018694 0.00181035873861473
0.052696444472698 -0.00665767809682589 -0.201726891164356 -0.0964597605711749
0.0385528361956633 0.0509646025026886 -0.166928637763351 -0.190892155931929
-0.0450245054478025 0.0774760158051153 -0.119977708860313 -0.225393990803983
-0.0908916340934364 0.0449992755691093 -0.239888071051225 -0.197766255850399
-0.143849756828016 0.0338714980821568 -0.155995508974104 -0.19151864759854
-0.052541040438972 0.0705691305032627 -0.0182945984302189 0.0622205416246392
0.0233652259404917 0.0568428554169705 0.186866566287051 -0.0386483739774424
0.0290909060794936 0.018793060995683 0.136266893697896 -0.212353374844016
0.014885033351038 0.00777598626975327 -0.0567240221695558 -0.253662340775715
0.0276800383904896 0.0102428160901675 -0.185757175681094 -0.136535775734629
0.0261555693942334 -0.0123345022108912 -0.189368777101713 -0.0223961206755806
0.0208569357122985 -0.0214007172853685 -0.151941906167221 0.027016814231349
0.037968332036247 -0.0171987325900992 -0.138948317416356 0.0535274409470426
0.0522979247711125 0.0110205252559843 -0.156305499166276 0.0592689226838872
0.0411330669552385 0.033600662161345 -0.181079197141531 0.0248477170399553
0.0290441717843612 0.080084124970156 -0.202803853302407 -0.0657914854823256
-0.0413933937341853 0.0982359845741513 -0.179068458699116 -0.161905167456052
-0.145550309979011 0.0483329925706455 -0.126484679255603 -0.175773730142349
-0.196254924493962 -0.0233257899249094 -0.213588929994109 -0.149880892642259
-0.226532519075061 -0.0321165078854496 -0.0834145260190704 -0.188245727432211
-0.167139511598194 0.0526698453205576 0.0101105592165116 0.0721910489075386
-0.0645102937578618 0.128055129082437 0.22065157878665 -0.0228762758781772
0.023778063295743 0.127272479516768 0.176604475896546 -0.216112567191905
0.0644546829072918 0.0724001073008184 -0.0274364639700561 -0.26285289823086
0.0884244444686662 0.0366658209589075 -0.162982710465914 -0.148614250354315
0.0909103665363859 -0.0187052699195323 -0.16491828389504 -0.0288868854977328
0.0774656571001389 -0.0391955711636261 -0.125519837802375 0.0218950012208131
0.092000693415778 -0.0301823225283868 -0.107648494211008 0.055917974070842
0.105576798783227 0.0279098732438084 -0.12231987894599 0.0760900000418375
0.0800832100010932 0.0760666459583167 -0.15396093043872 0.0657359996217577
0.0367523435587478 0.154886132290139 -0.199934444275053 -0.0116775201953427
-0.0870953457203816 0.156585661697118 -0.196511548659918 -0.11514116996831
-0.219063942695494 0.0492889238424032 -0.127011800633858 -0.126863286493902
-0.277741296799648 -0.0667329519947481 -0.159524757905893 -0.0862579935037904
-0.270835043223983 -0.102123596145213 0.00908048121841172 -0.143040584367787
-0.264145874839445 0.0046220907344821 0.0530369550677185 0.101034132161573
-0.164918291722914 0.167064307673746 0.250575095071324 0.0167052210187879
-0.0098906993528506 0.224945934369108 0.221359453809726 -0.187964966889053
0.0967632747462523 0.141890541443302 0.0208146550365209 -0.245980621316795
0.1367137122442 0.0685546551539025 -0.113175932717102 -0.148485918682894
0.144432466656444 -0.0168180861326989 -0.117126524001776 -0.034936552225678
0.122251125256513 -0.05129738389142 -0.0812900738527995 0.0137595749876646
0.130006103722454 -0.0455649720623095 -0.0602901646015985 0.0520937665753053
0.143678676713881 0.0291233598062149 -0.0728447665415006 0.0875537571887565
0.11618604294817 0.0959994711883592 -0.108261124144985 0.105212850432868
0.0581505065319777 0.2029967272577 -0.178548843212487 0.0457281230276022
-0.101307004762901 0.203657292534409 -0.202162860420595 -0.0609501480776719
-0.25503168053506 0.0625548231969937 -0.115546501558692 -0.0889699514074431
-0.319602638731208 -0.0885878455641535 -0.0845486474664747 -0.0246882099222279
-0.266529615850041 -0.154319219412811 0.106734877549989 -0.0618188987009573
-0.30907120463075 -0.0597894839420001 0.0988172338382707 0.145004684572609
-0.243970774589914 0.155702172272926 0.262074496647057 0.0738037321695142
-0.0621843630887344 0.276538158298773 0.250082809014349 -0.125849343449573
0.0999535520183512 0.193127617417319 0.0754719615714667 -0.195455526927053
0.157791287195107 0.0957502669831545 -0.0424731388371952 -0.130724299847488
0.173367559880806 -0.00851639681739229 -0.0540018485640353 -0.0364496926001127
0.14871337412939 -0.0552731280675994 -0.0256248083267007 0.00432007327749244
0.15069160496125 -0.0559938696945273 -0.0041488143070056 0.0440613155167782
0.163276500421251 0.0236175958181151 -0.0144450282964581 0.089871361385055
0.135606464111423 0.100482950945354 -0.0532739010602115 0.131726944172658
0.0696550973443205 0.221576878675221 -0.142621939519632 0.0916030356190899
-0.10368216825339 0.218827435652596 -0.191953088478025 -0.0144637639928832
-0.257848245982326 0.0599890225965936 -0.0948254476428951 -0.0654195091033953
-0.314029542839737 -0.102305600645617 -0.00316419864743144 0.0272323159968658
-0.214215363177923 -0.171542416412247 0.189955333270482 0.0391594928520262
-0.283415077565153 -0.113741600186907 0.136363567730747 0.194221616507709
-0.26437991845706 0.103029854060658 0.246045804559793 0.133936601725946
-0.105280953466033 0.262543475479191 0.25089727488642 -0.0456933518727916
0.0777845348592155 0.203467101288102 0.119966143474668 -0.124837581200635
0.147631988463047 0.106023917101103 0.0307911120459079 -0.0980565744255243
0.172488184120809 -0.000521616679108196 0.0134094414803913 -0.0341872676979191
0.153738852774479 -0.0524222618106119 0.0328989301442808 -0.00434855505282905
0.15214870476556 -0.0557229747175471 0.052198078191841 0.0327799303693832
0.161518863160706 0.0169892610789807 0.0425254654800491 0.0870719733714772
0.133901836495851 0.0976377182407254 0.000696286721912492 0.146325139922762
0.0582562156309575 0.21516789577156 -0.104449428647094 0.121447399156057
-0.10859498528519 0.196520266640389 -0.171778951265567 0.0183979650018784
-0.235685953288398 0.0319094882775805 -0.0710604168976542 -0.0509347246414854
-0.263796458311109 -0.114801161889246 0.0676501511765989 0.0710642525594281
-0.125862997074477 -0.147390422664475 0.245829075845473 0.133626075573642
-0.198950789835034 -0.129521566092632 0.15698456286469 0.231599603880567
-0.218722403777741 0.0424887719871423 0.211561466012645 0.17863270395589
-0.111421142051981 0.198305217359645 0.229648714466679 0.0258938415638597
0.0488369499951656 0.168738099409199 0.147884592112489 -0.0556010480668657
0.113168367551175 0.0905139048069678 0.0931693225704472 -0.062605586609874
0.142476602268607 0.0034042197769138 0.0742963999727038 -0.0320528904913706
0.133427659750089 -0.0429470585941349 0.0864570173888908 -0.0125550377368407
0.133985192007028 -0.0467593114005776 0.104146367059654 0.0232716870040354
0.141259999735733 0.0139836230257665 0.0936185025048639 0.0866899982450586
0.115071632522506 0.0891096545455711 0.0438032653671152 0.15979301318182
0.0330347096935086 0.189227862764935 -0.077734551709865 0.142871696370874
-0.111911528563605 0.14797898040107 -0.153159161049771 0.0406125045637748
-0.194429023517876 -0.00991204670877174 -0.0509709672407945 -0.0399086235693656
-0.179403026432019 -0.121922401824879 0.12034222972563 0.1109028435782
-0.0180147509400209 -0.0919932237161955 0.267180776533173 0.197900094579716
-0.0849145210132852 -0.106099827192491 0.163502624178955 0.243232914070225
-0.127356710010404 -0.00312189404608796 0.175696988843828 0.200719969857204
-0.0822323639693174 0.110580212480858 0.20667754893257 0.0731091629833887
0.0211799335143256 0.102448390716339 0.165433087230271 -0.0115413489210033
0.0647334772390445 0.0567471077023028 0.136326337324785 -0.0405975988948721
0.0902314635270051 0.00418314643346557 0.117246569460702 -0.033079659530068
0.0923961944017483 -0.0280442388403775 0.125586059273705 -0.0184000757126205
0.096986085497189 -0.0301164150082937 0.144782369415693 0.016626218311688
0.104624063745836 0.0101152447366157 0.132723960631302 0.0916747459461569
0.0828749383094286 0.0740625173578095 0.0719954021933328 0.177021723506248
0.00377321324174205 0.143265022548479 -0.0665895411642334 0.163092092123112
-0.103300168974601 0.0833913957235688 -0.144669034141019 0.0566536199718971
-0.132117705726998 -0.0494153429504647 -0.0389392487735743 -0.0313888814491358
-0.0730662398735962 -0.112500305807815 0.148307732382322 0.14330915508334
-0.0385010860751935 0.0884739807890208 -0.219565993929904 -0.168006487330585
0.0580983205602562 0.0646006067669424 -0.0294772984766781 0.0784236850425922
0.08803264931994 -0.0272433601471972 0.177885742813019 -0.0409983272409949
0.0126181402060336 -0.0804377013895805 0.117146051488298 -0.209624857020389
-0.0396794300416798 -0.0414082676131968 -0.0731513738685433 -0.251759022167915
-0.0347389280974444 -0.00588657094945689 -0.197881790540656 -0.130114625827866
-0.0415093573100406 0.00328264201244845 -0.203654498375204 -0.0154610564110797
-0.0406402224242204 0.0016270522988022 -0.169430492936175 0.0337069808348432
-0.0253781440540867 -0.00949022426464788 -0.15998051383087 0.0557677394673794
-0.0066159907367233 -0.0232921228061365 -0.178433166018014 0.0560021350360594
0.0113470660575394 -0.0315458257616323 -0.207159182059551 0.00596973378862431
0.0559155531497932 -0.00837864036219821 -0.219594373337652 -0.101200722341414
0.0419282753644872 0.0545429916871454 -0.182566088831281 -0.204229324217453
-0.0484128680772658 0.0852584036830152 -0.13214503260758 -0.24449515095905
-0.0969538392506021 0.0506261538212177 -0.263623765070125 -0.210778627388333
-0.15210084820816 0.0397502540880607 -0.175700876411751 -0.202696416529649
-0.055141475236914 0.0778075402616574 -0.0190285309988904 0.0699840360534495
0.0267174465755946 0.0606992910965942 0.201835015641175 -0.0444677161431895
0.0323112152439951 0.0198382256423527 0.143038815041505 -0.23300994101081
0.0166177220725795 0.00901237619897919 -0.0660727901292315 -0.274626413027023
0.0309880007140335 0.00993626881795175 -0.202111941136251 -0.143423786164124
0.0274106013709467 -0.013266257982488 -0.204290974410046 -0.0201868431811245
0.0211570634288324 -0.0224012594666406 -0.16385930301656 0.0321467382974372
0.0410623847853615 -0.0187244572206332 -0.148762957773908 0.060420135093755
0.0573572067835376 0.0111823825903176 -0.166604454603557 0.0675124289048174
0.044554664117573 0.0354749124537452 -0.195250721686367 0.0301360828310991
0.0335559411395899 0.0860836837219389 -0.220534028630864 -0.0676537488111634
-0.0437178948689321 0.107299177147416 -0.195925229689364 -0.171282558641102
-0.157443908538847 0.055808996816499 -0.138420289598095 -0.190157308234173
-0.212327467970683 -0.0207114137642426 -0.234677822464631 -0.160199119579081
-0.243639456929345 -0.0289446829124399 -0.0971829582449402 -0.200911973316816
-0.179840193013709 0.0606718249270629 0.0114200858499358 0.0801267088739812
-0.0663900955282749 0.140170894354433 0.237627266843851 -0.0272071106397613
0.0294381305475071 0.137420044328411 0.18648958588711 -0.23795016246779
0.0729674852278851 0.0771879527123986 -0.0344129962813849 -0.28446565353991
0.0973160117861901 0.0366819470276466 -0.177948141804145 -0.156631623605649
0.0969476764196719 -0.0222314331264125 -0.177661712286834 -0.028629280439499
0.0813941584387612 -0.0437948818539682 -0.134823369731074 0.0259763684863892
0.0982199246579763 -0.0343733399879629 -0.114776810466114 0.0616062715660753
0.114345736167774 0.0280744352296859 -0.130808492590416 0.0851553433856981
0.0876755555529669 0.0804289958256459 -0.164027055665484 0.0739192222002735
0.0435753180050279 0.167043871360401 -0.215474353251639 -0.00909157056269002
-0.0907581914992686 0.172310447915297 -0.215423130627814 -0.120814285984392
-0.237023569729836 0.0583134304711591 -0.138430021421397 -0.136631138285574
-0.301129258594032 -0.0656214198019039 -0.174360124752312 -0.0925485754553134
-0.293378247197523 -0.103788260307561 0.00398964061318301 -0.153939100347955
-0.285959470693581 0.011132313775331 0.0570690800437399 0.110950866571622
-0.173480615229518 0.183486193614777 0.271009665286769 0.0138551965719534
-0.00466443873933047 0.244296878931185 0.234652905226135 -0.208087772229219
0.108924398259948 0.151415219242141 0.0181279609563989 -0.267087953588463
0.150190658093087 0.0705848894082717 -0.124163088426138 -0.157688484294891
0.154720907215298 -0.0208427029811604 -0.126242105882273 -0.0366318359669339
0.129326967247919 -0.0580360866381965 -0.0871336523850842 0.0157327013018435
0.138290922528461 -0.0513909930519718 -0.062792345246773 0.0569521529959248
0.155629777322642 0.0286795232266711 -0.0756721800830311 0.0964201138254191
0.127330371896209 0.101178664673287 -0.114120130644523 0.115478614766118
0.0680237475305055 0.219050398353333 -0.191281714895211 0.0537385037269961
-0.104594689327649 0.222350713879217 -0.221654206483757 -0.0610658843740454
-0.275533864795928 0.0727915351143522 -0.125962895449455 -0.0960463266022909
-0.346436153594241 -0.0884263944800308 -0.091806898429918 -0.0281170856229256
-0.289486974092548 -0.16058930276888 0.111888872396012 -0.0675415596235332
-0.336212996431117 -0.0587641523320516 0.10733247789389 0.157865464790706
-0.259114783004554 0.173685528220689 0.284063639047542 0.076110975568501
-0.0593490606888679 0.30125756698937 0.267942403024941 -0.14149771044912
0.113291301223681 0.207351988507577 0.078482821248571 -0.213856994766722
0.173429325677842 0.100351673961484 -0.0477000479142583 -0.140156370254988
0.18669989919867 -0.0129739546329342 -0.0582211420202648 -0.0402354141858996
0.158114869012127 -0.0643990642986219 -0.026634187170597 0.00416049709300525
0.16025112210021 -0.0626244109670733 -0.00286894125170425 0.0461286459196935
0.176419897829968 0.0217116867540367 -0.0132079796556193 0.0979430279931903
0.148109624506633 0.10523010168272 -0.0537751201423245 0.143389340892905
0.0803711066707387 0.238041191763312 -0.151512590272881 0.10359639426721
-0.106109436487538 0.237850766562352 -0.209173676840128 -0.00979884295445325
-0.278659307379976 0.0691941350667945 -0.104060574548737 -0.0695002962923209
-0.341216486109993 -0.103724368254431 -0.00309160948215213 0.0271056131661761
-0.234184314870724 -0.179915402499219 0.205451851991685 0.040943341539136
-0.308780578161589 -0.117107074842852 0.149058773156995 0.210222878413155
-0.28282957150546 0.116884704693365 0.268174409619713 0.140641470223864
-0.105526460490357 0.287846874333252 0.269746014870157 -0.0549638250669531
0.0897724040024227 0.218354561032909 0.127085025986621 -0.13771128537527
0.162873436902862 0.110888958815915 0.0328181751472995 -0.1058413015881
0.186319741025264 -0.00471544483839421 0.0147469570332708 -0.0391501903618806
0.162472399301471 -0.0607044592020182 0.0369818025298438 -0.00777094926115458
0.162288232326316 -0.0630318678400548 0.0581751734648668 0.0336646347149453
0.174583764225581 0.0149722595894082 0.0485409577101255 0.0941270343082889
0.146361942512604 0.10200574067343 0.00434447310756298 0.158452457474216
0.0689814962044667 0.232032691540852 -0.110336406784673 0.135748241188519
-0.111421094297273 0.214347457842803 -0.187933337031636 0.0254952256133636
-0.254612995717903 0.0389732981751836 -0.0789054979033695 -0.0546749879964705
-0.286523102606582 -0.117115682785852 0.0757055970693619 0.0730460421654201
-0.138297006481817 -0.155401140265634 0.267569388709952 0.141473332708107
-0.218202938899901 -0.136095534735743 0.172812297696914 0.250189597350108
-0.234388777076875 0.0496038104701398 0.231721181772479 0.190272184435533
-0.114117761608933 0.217788838398669 0.247694746893481 0.0233082642947084
0.0571525522028532 0.1818260391636 0.159066371818605 -0.063460517374262
0.125907960831351 0.095778826104419 0.10119258093077 -0.06972979708599
0.153645652293705 0.000441326269694309 0.0806351688997233 -0.0379999708714931
0.141532208104292 -0.0506368137261613 0.0943388997651248 -0.017172315221981
0.14258612067792 -0.0531073911228721 0.113452115814238 0.0224708100241828
0.152764369857146 0.0115271522252034 0.103320619431935 0.092696718553827
0.125998344709867 0.0933666771987582 0.0507840763574251 0.172010190019341
0.0406627042501906 0.204163156859547 -0.0807312526299513 0.157683405494376
-0.1172483069948 0.161460588384035 -0.167569896418859 0.0499333148033587
-0.21057284513201 -0.00728304420959357 -0.0568770461127201 -0.0429950093041659
-0.195245563941926 -0.126112025561873 0.134257408548624 0.114574792716606
-0.0203086048548851 -0.0983508867122555 0.293833786870458 0.210047515311831
-0.0933137231322159 -0.113231981005435 0.180248261499504 0.262376058658293
-0.137118880141407 -0.0015277727444274 0.193822748608576 0.215470553362667
-0.0844430412993996 0.122641555719759 0.224205259963049 0.0758746651548665
0.0257623973339931 0.110435360161145 0.178899323360745 -0.014819371945442
0.0708443219917765 0.060160331094402 0.147213691225707 -0.0469197205958977
0.0967366066336295 0.0022787245568513 0.127995996640166 -0.0388782394001394
0.0981907855808188 -0.0333849948075097 0.136395227741947 -0.0238282344810537
0.103540976421893 -0.0350529679103478 0.157217129727375 0.0151233461595211
0.112642554087283 0.00780115501569064 0.145174075223418 0.0978116024520715
0.0916422617079853 0.0775777690953025 0.0809669456559198 0.190378114577969
0.00810242814665901 0.155159875712432 -0.0684869962700723 0.178666687612737
-0.109526964331035 0.0908604221454428 -0.157131336259553 0.0662149542485653
-0.143439883729231 -0.0504834041015954 -0.0440836737047108 -0.0337591577411484
-0.0799582188109973 -0.118934211975268 0.165220488601958 0.149188445339384
-0.0595015584735971 0.0856271751851722 -0.205647019078158 -0.207816443414355
0.0503242807871927 0.0774471579173327 -0.0422539802603187 0.0834279448541917
0.0959592165352998 -0.014896020619086 0.200386329213959 -0.0153690276840574
0.0229014913009249 -0.0835808553902368 0.162062851978049 -0.210407553247388
-0.0391238529084664 -0.0497754709005185 -0.0404232321561165 -0.282386410052431
-0.0376625123075229 -0.0112994865169389 -0.190144727711306 -0.170659449055552
-0.0444458825575058 -0.00258161107545652 -0.215004999998162 -0.049870331302804
-0.0436689135183991 -0.00413132259618352 -0.187329195490768 0.0076680235460381
-0.0239000936864241 -0.0144251586640886 -0.179719952568174 0.0342169498155093
-0.00333722142186858 -0.0247196851711141 -0.198425132552974 0.0321427360282604
0.0162899311378641 -0.0309150199841711 -0.220528164037173 -0.025311793927655
0.0592098483684793 -0.00156519872285409 -0.218487941230116 -0.142675244437062
0.0312415281975262 0.0635567390482522 -0.15979065444178 -0.248021184976455
-0.0691398627425906 0.078861679842201 -0.09265193687149 -0.285356782915393
-0.118512951616716 0.0340217680032918 -0.235020795242257 -0.274720561369005
-0.169259679676211 0.0138992661834817 -0.158042691168426 -0.239526228569298
-0.0700413264780761 0.0722533416849461 -0.0340912819941605 0.0760700114300388
0.0172986197928654 0.064089988642145 0.221830172231694 -0.00903627352864484
0.0267923530218915 0.0226421203523769 0.191671231410174 -0.222711324779331
0.0105379823377328 0.0124177615953402 -0.025466809938589 -0.302352940076595
0.0283618880462638 0.0167884448240912 -0.19030181144873 -0.185392653927477
0.030067428032729 -0.00856832941994599 -0.212606188675212 -0.0537167215452542
0.0253559955070934 -0.0175398663754074 -0.180514869761843 0.00611832400415211
0.0472309220222207 -0.0121258841769262 -0.169243311727562 0.0420466963179027
0.0576041521322821 0.023305915640558 -0.188795997386515 0.0466050748847109
0.0379282803141305 0.0476291327999068 -0.212760722645269 -0.000363916178805045
0.0181190784797323 0.094807766796695 -0.225674755175111 -0.112240522126558
-0.0703664093751809 0.101553788248087 -0.177656502101546 -0.215712711358318
-0.180716338597961 0.0258031489828058 -0.104353989682102 -0.228669102573527
-0.230137598456295 -0.0675223798330478 -0.208984077039328 -0.209516873821927
-0.250759151100643 -0.0761191491257584 -0.0806442293792108 -0.228079698019736
-0.195154640694329 0.032209608750231 -0.00721152127409618 0.0913879210905674
-0.0919407412833852 0.128410261114507 0.251577511596861 0.0185623945743632
0.00608807869830076 0.142515510283659 0.236514147812244 -0.213479578333696
0.056650779537777 0.0929267989090109 0.0143393334955727 -0.305186925715324
0.0938394637386608 0.0564944517284505 -0.160310584260694 -0.193759147584745
0.104341888711646 -0.00622300766599562 -0.181281727077599 -0.0581384579033581
0.0922075438145483 -0.028759007265475 -0.148083186544097 0.00422652965548805
0.109119284296918 -0.0177137493077533 -0.133348730824444 0.0494894735365027
0.116043336746992 0.0513274051518371 -0.154029331837415 0.071775079745662
0.0742246776041354 0.104697246169069 -0.188420842974449 0.0489029351334702
0.0148638814009604 0.183061160876638 -0.232167017976042 -0.0535184713559617
-0.133851316431246 0.160102925108617 -0.206105218339237 -0.165925190924485
-0.265744626294994 0.0127272795727843 -0.110178118867671 -0.171985118058637
-0.316500671570936 -0.133190390133609 -0.153962072554144 -0.122718165474707
-0.285739392608204 -0.163196259834719 0.0166664741688975 -0.165681431308751
-0.296620051666493 -0.0380940660401691 0.0313034664663525 0.128203688368609
-0.209886397143053 0.15460837667582 0.272495713308185 0.0719513314100964
-0.0445473384037893 0.247421651669351 0.278698790001047 -0.167768369538507
0.0818578728561696 0.175688910388798 0.0708696801412135 -0.273704694417101
0.143888797602033 0.10129064337488 -0.10169149186214 -0.184854012848265
0.164155509586007 0.00494993159129935 -0.124141901861622 -0.0580016000922115
0.145957029957731 -0.0349873577255814 -0.0951625366032793 0.0015452411070477
0.154363359400142 -0.0279622060952437 -0.0778615565245966 0.0520926786632615
0.159637780917394 0.0593527270637347 -0.0984186230239003 0.0934133440893781
0.112823468414402 0.134922998381444 -0.142746167450972 0.100539172700857
0.0325465111457196 0.243840398443932 -0.219292973310684 0.0148299093752987
-0.158669303318715 0.212524820120794 -0.221673639288691 -0.104443044186232
-0.309288814092328 0.0206078445948235 -0.103436649469038 -0.125726724879771
-0.360135446759547 -0.165133396034807 -0.0755490744443072 -0.0365917100014843
-0.268759833131753 -0.222338324111131 0.116287191371038 -0.0589346181739931
-0.335192390171435 -0.1192130031147 0.0757865828250487 0.184170225881532
-0.295296605762359 0.128697238883782 0.270039947025015 0.136919146051332
-0.10922039458621 0.296786714157622 0.296021242166761 -0.0889401821105734
0.0779223450391456 0.233369458568086 0.12585740202752 -0.20449788830434
0.164241753420216 0.135701076939387 -0.0224592175577883 -0.153835693237902
0.196356412879792 0.0184021505228191 -0.0498523925309897 -0.0498531200281788
0.177607516239083 -0.0363281844202446 -0.0285557943949694 -0.00176787418685558
0.178903893917192 -0.0366927835532396 -0.0120859731142398 0.0509668236998261
0.18253703552894 0.0550091901620063 -0.0324499466393209 0.106510207135091
0.13513519103399 0.144165260186238 -0.0827589155223657 0.139130307505322
0.0430220008041589 0.2681396848796 -0.186098874818801 0.0739099000633325
-0.163465177687704 0.228290468384176 -0.218101997803455 -0.0480627458928014
-0.311577802521428 0.0177980355132243 -0.0842120860641631 -0.093824113527955
-0.350055322035386 -0.180204507219148 0.00768642931968817 0.0388673817969753
-0.204966297751337 -0.231850444118563 0.197400132473892 0.0689759640966682
-0.295820467007284 -0.174775501884689 0.112657092472448 0.244313483943704
-0.308283065562745 0.0658147302587198 0.240698794953944 0.20080789100696
-0.15341831592272 0.275745341135835 0.281697027140188 0.00270511752652956
0.0536394137119435 0.240614012037544 0.164929979959346 -0.114690587318305
0.152049912172564 0.145358118449476 0.0567996462859487 -0.103830247383725
0.194942276563742 0.0272463590693833 0.0294126089390023 -0.0365540062974976
0.181554927595493 -0.0326614521221154 0.040872110975037 -0.00259897932533611
0.180648569192628 -0.0365026188605497 0.0566707225541 0.0472896428350357
0.182431757750929 0.0484043364655973 0.0338082124536782 0.11150632605686
0.134126265846466 0.139380433853638 -0.0253469060993344 0.164950756179287
0.0314392856088967 0.260001813545604 -0.146898888555259 0.11525011347625
-0.16470592379401 0.201633390656933 -0.201866813916888 -0.00533410308210003
-0.280275405348458 -0.0108670508604904 -0.0623706458014778 -0.0714736295080948
-0.287516467316565 -0.183246958355055 0.0802135785333682 0.101465454633778
-0.107417157958486 -0.188828262830749 0.251216134634898 0.187447926378474
-0.196618016276697 -0.179070729725931 0.134474231806538 0.288892121226465
-0.246076149315221 0.00680016061536309 0.19700876819437 0.24186571347609
-0.148368219177954 0.201922947301361 0.246765737168095 0.0781046978528197
0.0273914106926015 0.195671475358228 0.184742533735912 -0.0312500140354944
0.116354554691657 0.122106201318267 0.122533471543517 -0.0542721821312729
0.160078614089217 0.0255483665254231 0.0975482182280878 -0.0247751413276109
0.157480359149847 -0.0265863412376797 0.104156147450345 -0.00386763290163044
0.15892516344229 -0.0307866245330626 0.117682484246495 0.043789986820439
0.159331659126189 0.0396651917925157 0.0926867286391241 0.11886158298962
0.114770929070289 0.127016306459623 0.0231241512440144 0.186848428072183
0.0058245377511783 0.226492663637127 -0.117575614708087 0.144082750364967
-0.158743937156293 0.144598034028396 -0.182250848281239 0.0247455682968693
-0.223405564733578 -0.0496990570749255 -0.0438308341160387 -0.0539279125724474
-0.184595184369279 -0.174679481455294 0.130146392765079 0.154558493083625
0.00598341382624678 -0.106372151960416 0.271916583353617 0.267378971717629
-0.0710103800217086 -0.133669861809571 0.1446995389364 0.303675494718661
-0.13612687523195 -0.0281002994589377 0.159639078229479 0.259577349549849
-0.102408683535471 0.109621734666289 0.217179120370964 0.124859675574171
0.00842661023992848 0.116237085314498 0.194888684249459 0.0194920520381931
0.065129083382865 0.0745460556968505 0.167250306296621 -0.0244801382162617
0.101022481626569 0.0180683655961083 0.145824581620885 -0.0198762432033924
0.109086515341118 -0.0174151990385124 0.150453901958989 -0.00476778952284456
0.114696453450647 -0.0185412134529153 0.164607170633806 0.0418201926950575
0.117163310063372 0.0283689165240362 0.137495396266549 0.129806082213006
0.0816842201152893 0.102916325614621 0.0533972054624097 0.211577137855354
-0.0203107153115481 0.167747596188366 -0.106102910365418 0.170483681711924
-0.136851306694029 0.0715856009760113 -0.175507329973971 0.0449461120978326
-0.143384903378735 -0.0825021469692068 -0.0349237869256345 -0.039933470911946
-0.0599983315129536 -0.142984090427211 0.151259994719789 0.193242822849269
-0.0521085043309903 0.0922391061609656 -0.230801225594245 -0.192521901886904
0.058192262647462 0.0754432318350904 -0.0350588849390069 0.0916739137689016
0.0957728249230596 -0.0241493836566911 0.206574230692417 -0.0321739406160692
0.0161530812580923 -0.0872238081513621 0.148403883883079 -0.228568331070686
-0.0441304473371466 -0.0469364243842478 -0.0646818136107482 -0.287388720795807
-0.0394373335283434 -0.00886457794493167 -0.207928509834948 -0.159885767470412
-0.044800451418239 0.00141658641431631 -0.223598130001609 -0.0321447028992692
-0.0446225089148225 0.000376884155512899 -0.191977162019533 0.0239902202589988
-0.0246755080014637 -0.0119789005873302 -0.18194650209753 0.0508093723900583
-0.00481792013437361 -0.0244663713468216 -0.200550525981193 0.0494979876992376
0.0133627075538797 -0.0318456928051782 -0.228697206742838 -0.00747592490270666
0.0599781947333794 -0.00685618931471674 -0.235745601925352 -0.128801376460053
0.0358898465978035 0.0632195631321133 -0.181555941515334 -0.241272939452711
-0.0653378295089612 0.0883583378020018 -0.116904931514615 -0.288981224689458
-0.117245685739486 0.0447334676209946 -0.264677456102055 -0.264161288174293
-0.169529310396333 0.027755459593751 -0.185432160461768 -0.230094537891085
-0.0654087225731713 0.0802829258723751 -0.0280910409961697 0.0836517275052079
0.0226680232069724 0.0641309115603937 0.228298645286805 -0.0267571081307616
0.0303901820566062 0.0206245178375999 0.177792446269738 -0.243932330717128
0.0130423648361958 0.012283428758474 -0.0510596344103914 -0.309140507285417
0.0307715267592279 0.0140050379330415 -0.209326267827264 -0.173895376064261
0.0304060832869274 -0.0114714332730648 -0.221181428328143 -0.0367913143521484
0.0243329862871578 -0.0189309356605354 -0.185206517637737 0.0216449416884616
0.0479464742936022 -0.015860002360696 -0.170054631991445 0.0572643653889315
0.0618557489644834 0.0193005680595116 -0.189104547149361 0.0642423130510882
0.042068701653394 0.0464796825498135 -0.219094423957428 0.0170618707372694
0.0267624478921401 0.0954102772738964 -0.240412932383421 -0.0973356057001943
-0.0636151721703944 0.110334883985473 -0.198268947145244 -0.206550866573178
-0.183883797644349 0.0424961651543726 -0.123942621649162 -0.228571382802963
-0.239094419505566 -0.04900494194613 -0.232153439060647 -0.200131159491412
-0.260709625188951 -0.0567076518584531 -0.104682495661929 -0.224718468275381
-0.198585962112669 0.0503374187616475 -0.00123205201430671 0.0962888798033505
-0.0823986261317463 0.139520229209063 0.25925034565023 -0.000561630070660815
0.0203471752579466 0.146065376398697 0.223795793346181 -0.238369555950466
0.0677259283576294 0.0908836358499317 -0.0110387886370126 -0.314770618509058
0.101799406167192 0.0487402803011137 -0.180154004650891 -0.184608276249934
0.106721076831975 -0.015977812976525 -0.189725173581966 -0.0447417327519856
0.0909897922528429 -0.0360550594855813 -0.151764963363876 0.0167415418024299
0.110064101970098 -0.0271356298467034 -0.132388645452402 0.0614460309774379
0.123356919273417 0.0422387671008738 -0.151441378024754 0.0873746983306577
0.0851218301441329 0.101117433455079 -0.189501717442048 0.0656529952223995
0.0318693817641397 0.185930558747273 -0.243003837142598 -0.0344657055385609
-0.122900084255227 0.176040406336512 -0.224561267688873 -0.151933384630742
-0.272414838028402 0.0360486071585204 -0.126524482872882 -0.169201161062109
-0.333561231671826 -0.107909057069551 -0.16829260333334 -0.115413144767097
-0.304916834950636 -0.1434051170077 0.00088911675229153 -0.168833143478697
-0.307942685501849 -0.0133361056634694 0.041865905032488 0.131739681301965
-0.200673970930912 0.17679161951006 0.28485191894377 0.0516922729349556
-0.0223329101776904 0.257494914865757 0.270406181047654 -0.195441082800682
0.101255154151098 0.173411036503776 0.0489306907292122 -0.28780561270548
0.157188988963056 0.0900323720127284 -0.118335035726279 -0.18129325316985
0.16871288320028 -0.0094577365094849 -0.131477556980595 -0.0493233329824287
0.144210638407755 -0.0482029888766093 -0.097510358460161 0.00903262684083818
0.155168746610221 -0.0420612885915752 -0.0751033858166803 0.0594318505112918
0.168801360815766 0.0468819508517067 -0.0931760780449174 0.105256337540645
0.127036654016634 0.128735106730028 -0.138118181595347 0.115197357683406
0.0555801808764555 0.246564611307319 -0.222914642909097 0.0353998225470981
-0.143033064427309 0.230867581684093 -0.237218379760007 -0.086248568927275
-0.316542500684332 0.047194014316402 -0.116073343920549 -0.12240057958099
-0.381593631645283 -0.137454306911175 -0.0802821773675355 -0.034217433205008
-0.293089965711139 -0.205454699573468 0.112048392148109 -0.0686297011422549
-0.354121961865727 -0.0934117265307062 0.0913903822171703 0.184667762056864
-0.290500672560576 0.156712864364222 0.287366198694977 0.119948779990389
-0.0834439375434523 0.314001865375253 0.294730706161779 -0.113978792054352
0.102483723873365 0.232537451944689 0.112597526988988 -0.220911709752209
0.180933349149434 0.123681207162425 -0.0343624041265246 -0.155187640532838
0.20311913064967 0.0014775686792495 -0.0543999867995352 -0.0480682514630607
0.176718317461195 -0.0532298192777487 -0.0294194118091649 0.000112536531902111
0.179505242511291 -0.0524999327582728 -0.00727199432302428 0.0528055199121092
0.19189315132205 0.0406541085995973 -0.0234372926092093 0.112257793228444
0.150759659675678 0.136645829478157 -0.0737564157029238 0.149871730527564
0.068288262612559 0.270661538042323 -0.183854388554702 0.0925760400453659
-0.146993254142912 0.246806834168905 -0.228721225052965 -0.028412494872007
-0.318705559640656 0.043842930908457 -0.0947841334935655 -0.0909705049512549
-0.372144635166501 -0.153024286690204 0.0119700014707853 0.0357986537972106
-0.227903224603508 -0.220351016382262 0.208632076138163 0.0561462281899638
-0.318903522568635 -0.154789146371319 0.133637853897348 0.242428772579137
-0.308966677649369 0.0937515067793762 0.261938832724789 0.186456181687349
-0.129690645567145 0.295274024659409 0.288245127482516 -0.0195526267643
0.0769555650594403 0.241942092234966 0.159719848061391 -0.13045352821518
0.170086447802713 0.134199964741232 0.0513210320599189 -0.112028083082291
0.201826100121295 0.0105319542281172 0.0265426315721129 -0.0409360784436216
0.181049405980447 -0.0501141811568254 0.0417601979288014 -0.00824301627491564
0.180871444132873 -0.0532264996784096 0.0618480925682607 0.0428018171903345
0.190156042675144 0.0327177761838816 0.0449817153412432 0.1132976877667
0.149166848061778 0.132672812224419 -0.0109144569945775 0.171040494689129
0.0562661841745169 0.264731448287543 -0.140314757590992 0.131313952108552
-0.150048996509423 0.219229921975559 -0.208215401569286 0.0149127248940819
-0.288502402979268 0.0128288602513372 -0.0706094680304262 -0.0687372059377404
-0.308134474881258 -0.163150648391686 0.0918404545220071 0.0949539513315903
-0.125188645444744 -0.184099758168719 0.273545278471588 0.172883821997593
-0.217405878716944 -0.167274250419675 0.159826699541481 0.286811406320806
-0.250603749885991 0.0274737002549016 0.22106974003279 0.233631117776589
-0.131737850358463 0.221510287500614 0.257999241679739 0.0608963131256624
0.0461806374850483 0.197864389177659 0.187358233148474 -0.0462477597646729
0.130690309886623 0.114404084768548 0.122905694569225 -0.0672639665333423
0.166542388068973 0.0128659847968281 0.0984706336215682 -0.0350002540980725
0.157203881565245 -0.0418863090517071 0.10605318948771 -0.0148787867739324
0.159054692750679 -0.0454383575708429 0.124367423612724 0.0339650523982272
0.165791155136812 0.0258762128645388 0.105974799373732 0.114914195823442
0.128414390234253 0.119938468508041 0.0400206184073612 0.189917651940684
0.0275750701370801 0.23155124364705 -0.108224200877365 0.158808228384833
-0.150171189974632 0.160412269153263 -0.186229175864236 0.044037223207513
-0.233792246139663 -0.032745137724114 -0.0498580607383603 -0.0516290783145708
-0.202961185174725 -0.160771009041915 0.147601162218035 0.144352465525989
-0.00239422286802656 -0.109331922440994 0.301501173809798 0.25168736174631
-0.0844660647770052 -0.130553666532766 0.171206506798079 0.301594685856573
-0.141413533968122 -0.017905561662395 0.183455548405245 0.254163250589697
-0.0923670615155179 0.121076862212589 0.231504425350331 0.112106368361286
0.0196997111232997 0.118446529440535 0.202514572751963 0.00533612513907623
0.0744541234695024 0.0708468866208337 0.170069229585726 -0.0408213618837548
0.104594072476128 0.0101588617576326 0.148540263915234 -0.0334758216222465
0.108652379656178 -0.0282493030983466 0.153796651598787 -0.0203861485149838
0.115278665142951 -0.0291567231428902 0.172722288898853 0.0282909454380906
0.121930448399579 0.0183141934852494 0.152877814476938 0.122749437442002
0.0931668945357175 0.097660595747945 0.0722629088453254 0.212053307081028
-0.00441860934738799 0.174156316420866 -0.0948254180624112 0.184658882781196
-0.133769029527704 0.0836757212908633 -0.176476398085604 0.0630188431293291
-0.153129665780739 -0.0720836637484808 -0.0400608430591211 -0.0386674580426834
-0.0718927156199475 -0.139597556588566 0.172888917203315 0.182109260859239
-0.043762635123894 0.0928188959775151 -0.241477459999983 -0.173193588967499
0.0626060496875655 0.0707160966775148 -0.0285191273305317 0.0949859904286717
0.0919996683586728 -0.030163742630831 0.203407162695773 -0.0434993930510344
0.0107212170699047 -0.0874013469148801 0.133142171243716 -0.234025840901608
-0.0465783551136621 -0.043574365337882 -0.0823483663278518 -0.280656552810337
-0.0394382641868592 -0.00703336678881315 -0.215691548098234 -0.145677800206386
-0.0433884277728743 0.0041110291987223 -0.222045792523491 -0.0168377925455019
-0.0430987365903992 0.00489085233105826 -0.188177811252143 0.0363835838238868
-0.0249188883675468 -0.0104936484346386 -0.177779254850025 0.0624200796528345
-0.00602930793088938 -0.0236244424195918 -0.195363749429273 0.061403796446758
0.010769080676529 -0.0313738173187157 -0.22684266354226 0.00751659887348156
0.058292484306774 -0.0106691459550313 -0.242475381442938 -0.114342653577996
0.0390697177090179 0.0614253129215949 -0.192413115581843 -0.22915183568627
-0.0595372418684716 0.0935563343806283 -0.131352933698972 -0.28269028614383
-0.111546128368847 0.051338887377462 -0.279120088859424 -0.246365409566447
-0.164751541113242 0.0376069604163521 -0.200635233064635 -0.213104879635145
-0.0593931650181539 0.0835587258155362 -0.0227774338229585 0.0873566541173919
0.0260478867854845 0.0617163724911241 0.225085640044263 -0.0396665948170827
0.032125566623164 0.0186143997485273 0.160886360970071 -0.251547232301549
0.0144890710777261 0.0114555190085646 -0.0693764476450794 -0.302798562095859
0.0318318160763109 0.0111879029016286 -0.218091807043622 -0.159675620418946
0.0299249288270893 -0.0135222718929759 -0.220556221401242 -0.0227840652481168
0.0232033708249057 -0.0192000602891254 -0.182273589535736 0.033862847762032
0.0466000692426478 -0.0193520986207254 -0.166018410123458 0.0674374780174742
0.0633107943373113 0.0154101891188395 -0.182846979199082 0.075363781080274
0.0444667023599227 0.0436993462085949 -0.21614643568577 0.0308028429034532
0.0325935437327678 0.0930359585887283 -0.244381560114283 -0.0814060430410285
-0.056429933277048 0.113595502400098 -0.208452882304029 -0.192700197254844
-0.180367925230229 0.0545247840119679 -0.13466193997209 -0.221757784950858
-0.238267255118813 -0.0333182356044351 -0.243335138998248 -0.185460630992614
-0.259690837371464 -0.040155501238684 -0.120540537374835 -0.213220395560688
-0.192968894760905 0.0627267322824614 0.00335501245061507 0.0981264906181321
-0.0720885990851603 0.14223497945526 0.256284480721941 -0.0139657390607844
0.0318158227677995 0.142832558446585 0.2057264948818 -0.249057836924256
0.0737072720790957 0.0852468057468719 -0.0303052298599771 -0.310942522751728
0.104270174112886 0.0403266336840398 -0.188225915924665 -0.172108013986098
0.104718314523873 -0.022621419433521 -0.190307083885391 -0.0321561024269735
0.0868793069067594 -0.0412097571161843 -0.149843197291422 0.0258134758881016
0.106909136457854 -0.0337814375322635 -0.128202461562021 0.068639696387455
0.125095535810654 0.0344297757827555 -0.143558231939206 0.0961616303901737
0.0903413080040705 0.0954014972310333 -0.184079519507821 0.0761064415019393
0.0443904862736599 0.181328933506196 -0.242792628013397 -0.0193892148477577
-0.109829867584502 0.181627090546701 -0.232035995269904 -0.1358429142711
-0.268308237431821 0.0537015826037283 -0.134466987464513 -0.162383386428072
-0.334356042170055 -0.0852010585410376 -0.173810200942229 -0.106494727573978
-0.309431579768815 -0.122467161391335 -0.012143255709604 -0.16409109046705
-0.306228351155717 0.00706562682087833 0.0475751616676297 0.130515315930154
-0.185665054155102 0.18679049448172 0.283835015863162 0.036339173840333
-0.0023216006380399 0.25556999038105 0.254848216421552 -0.209106965385678
0.112893093378221 0.165213259363371 0.0312417117385957 -0.288780045862767
0.161727518870946 0.077857326829487 -0.127225680498313 -0.172117439207246
0.16574222641093 -0.021255298359979 -0.133072567117182 -0.0416437701134685
0.138043096134742 -0.0564177546640108 -0.0967498511928653 0.0142094202406288
0.150067042580326 -0.0517597759861226 -0.0709805000778667 0.0629861286068688
0.170017109870874 0.0350779753437527 -0.0839758961023718 0.110607123505926
0.133682101289742 0.119873469279141 -0.130095164603115 0.122474507635656
0.0720168259322767 0.239695989302709 -0.218379938842672 0.0498463812453097
-0.126512460013228 0.23615644531254 -0.240482396649198 -0.0694434720131807
-0.311262007666714 0.0667934571465613 -0.121407642122901 -0.116307597476214
-0.383191095778492 -0.110841807228108 -0.0822749579550691 -0.0319454184613567
-0.30175602973017 -0.185136256004949 0.104911350125973 -0.072106936267899
-0.356920067684249 -0.0698265933033925 0.0990157793201551 0.179707529939781
-0.275079447120394 0.173009874167036 0.290960790841451 0.104089917950569
-0.0589709203772378 0.316075027896165 0.283894393939319 -0.130109498903512
0.117673515447981 0.22323362833877 0.0981334410428756 -0.226252057731533
0.187799187098079 0.110013474688203 -0.0428320941276916 -0.152352510012151
0.200757475630002 -0.0125150878763738 -0.0571832620967288 -0.045352232714538
0.169538296930151 -0.0639266801739179 -0.0294793656687062 0.000871987116735302
0.173051322985556 -0.064167072407891 -0.00540780243177786 0.0521322777980966
0.192780296674751 0.0280495879248831 -0.0154028175805618 0.113279227193361
0.157335591992984 0.125411918952637 -0.0635836159486444 0.153356264819641
0.0869336625726454 0.263863351197374 -0.175092114132921 0.104046486246981
-0.12856063712112 0.251979500925998 -0.228930976388954 -0.0112904933835446
-0.313237754238558 0.0635432876181503 -0.0986441798277541 -0.0848449386191537
-0.374875423056855 -0.127380615595506 0.0139430629603988 0.0318277391148559
-0.237730710784038 -0.204848614615825 0.208352755902078 0.0437906217394086
-0.324571231518668 -0.133492439540597 0.144772329473901 0.234650834922308
-0.298782664986261 0.112041489884675 0.269487273054143 0.171858440520772
-0.107379408628127 0.300379896410407 0.282661510332665 -0.0356520313638339
0.0936151479332026 0.233814854472257 0.151708009686554 -0.139000246460908
0.177908544096497 0.120837126530106 0.0451497629334771 -0.114187139315822
0.20037933817362 -0.00308884338035454 0.0246941219993646 -0.0439720179712968
0.173915952158196 -0.0623511072251392 0.0399693145502089 -0.011748611705939
0.175168847042733 -0.0653714760540335 0.0629710586734937 0.0377089212871129
0.189599508355875 0.020995564082547 0.0529323577982301 0.110343582956994
0.156085533869624 0.120910077647047 -3.93098714293242E-07 0.170441379978682
0.0745341283521697 0.257500115862231 -0.129905441683616 0.1396549083773
-0.134218853382428 0.225316731553585 -0.204750055991226 0.0296699432484182
-0.285138391267744 0.030878878569481 -0.0732480531026497 -0.0643781708584046
-0.312056289173481 -0.139391749278623 0.0972403090477015 0.0844768046657209
-0.133698876281589 -0.17507814492192 0.280960180120377 0.154429135045287
-0.224970725481096 -0.15122723442241 0.174136449993485 0.276376007173419
-0.244912306023248 0.0422971224880155 0.232532427871767 0.220188083635225
-0.113007003524628 0.226475657810555 0.258269977563339 0.0459784884096327
0.0600317808261083 0.192809978991163 0.183423343246074 -0.0564059095264283
0.137254743603942 0.103873159559581 0.11901581570857 -0.0745678088456865
0.165076581862583 0.00122546233136373 0.0963859570975121 -0.0420228062104894
0.150487183943962 -0.0526613878171641 0.103455417400902 -0.0231530488272621
0.153521741932187 -0.0558791843394395 0.12415860279429 0.0250743563142204
0.164913664450728 0.0145787337932214 0.113332466016216 0.107875833992842
0.135186410840682 0.110466632015138 0.0505170153275188 0.184701531303737
0.0448219593750325 0.226756317185771 -0.0966119976615612 0.164958360194766
-0.138092303983514 0.166773513098766 -0.182279457761886 0.0578262330277183
-0.23320798184234 -0.0171755671623651 -0.0522988575835432 -0.0484758340088192
-0.208357539170781 -0.144217121380053 0.15623973844764 0.13016507067632
-0.00760229150476919 -0.107827348455256 0.314884975294468 0.231014728315043
-0.0909339686051105 -0.123464670477197 0.187538182980576 0.290161467344045
-0.140066607232493 -0.00896381496477438 0.197399834252541 0.243369180197289
-0.0806062511845508 0.125610237129191 0.235846330229447 0.0973903604890247
0.0277111909883699 0.115247301581862 0.201709834478206 -0.00650272572574073
0.0780121164456711 0.0652291387308933 0.166568643161676 -0.0514982853751678
0.104326805125224 0.00246258672097989 0.14657426488251 -0.0438962355021406
0.10359928715591 -0.0359103827388428 0.150369701678646 -0.0316644879899687
0.110724147243718 -0.036813371258575 0.172586067599361 0.0165284576244618
0.120544331791144 0.00978629292784736 0.159848200386462 0.113198477906964
0.0983641302885679 0.089591608400142 0.0840462750365587 0.205855793792721
0.00829341572756081 0.17182581636321 -0.0825677171681759 0.189691153106621
-0.127183035799912 0.0898004692744441 -0.171760256522724 0.0762504752892566
-0.155842596231167 -0.0614745069745964 -0.042137339994552 -0.0369971314907525
-0.0784891966647677 -0.131653464662617 0.183711786797128 0.165836905240498
-0.0395718347276003 0.0916359566068119 -0.243468507990371 -0.161600564191359
0.0633595043214708 0.0681425234704312 -0.0242859196875637 0.0974144368520121
0.0892237602029594 -0.0321168526193019 0.200842821836227 -0.0482544780873865
0.00796385741655897 -0.0865091879089825 0.126255288640955 -0.234204327431286
-0.0468240576009819 -0.0417424634635603 -0.0881711156182987 -0.275420440189094
-0.0391336525630427 -0.00587462000013927 -0.215466358625663 -0.138773051531841
-0.0421932623540898 0.00475393376600634 -0.217614753881369 -0.01049470197691
-0.041302004041155 0.00691196306265808 -0.185351207808463 0.0421341410916133
-0.0242191122036708 -0.00971273294297312 -0.174478554898183 0.0681368133979321
-0.00583524149906371 -0.0225213608469436 -0.190996352301369 0.0658893054646229
0.00998549292036211 -0.0308181855032613 -0.224276081089396 0.0125111546695915
0.0569302551439598 -0.012431783920161 -0.242352816571243 -0.106668228187883
0.0395739370514808 0.0602239571380661 -0.193383357846271 -0.222819640040889
-0.0561363353841202 0.0952604953693901 -0.135581823166678 -0.278702149455875
-0.107743917592119 0.0525021554385317 -0.282358650411534 -0.237686422848155
-0.159764990382083 0.039669629484396 -0.204011003182308 -0.201280104511287
-0.0565732326961963 0.0845970480044493 -0.0199784878872638 0.0897159689517707
0.0275383889753912 0.0596669273482064 0.221725727955345 -0.0437988024885621
0.0331473636043565 0.017351054336651 0.152807154729688 -0.251316459321325
0.015217928143504 0.011148810928381 -0.0764125413236429 -0.297388390546705
0.031656668825355 0.00957881395425929 -0.216715929426147 -0.152087159026968
0.0292692422036918 -0.0148911714258024 -0.217503129703128 -0.0155898243696237
0.0224921908854748 -0.0184936041092996 -0.179360015412275 0.03840314079744
0.0458333532476112 -0.0202808832993516 -0.162320779471535 0.0719520427851778
0.0630968582277304 0.0136118616716247 -0.178554402915972 0.0791381279702259
0.045262387688582 0.0424959023154599 -0.213382800209181 0.036001149020768
0.0350833783273801 0.0896157587452001 -0.243561617156944 -0.0738154000392697
-0.0520913440793303 0.113800326571393 -0.209349563130788 -0.184959998523739
-0.176896455331204 0.0597801585459948 -0.137119594305194 -0.219116604973243
-0.232904012993163 -0.0269607409590369 -0.244993603991759 -0.179758836063474
-0.255903361007723 -0.0335635049828887 -0.125167397675882 -0.203825353236109
-0.189193560571298 0.0672187496202171 0.00485514475545312 0.100391177419037
-0.0664971733359887 0.141995511638363 0.253431745896964 -0.018168787621006
0.0368736308512056 0.139585908663719 0.196608320503081 -0.24916693031882
0.075946880042342 0.0816799168282343 -0.0372581746994934 -0.307707018685235
0.104092058217641 0.0359897149512809 -0.189080918788745 -0.164729940443403
0.102442551165777 -0.0259051844971394 -0.188279915297565 -0.0264820816405124
0.0836660393590063 -0.0423075915069274 -0.147301923328359 0.0302426472802103
0.104679156650282 -0.0363533189134126 -0.125034397173981 0.0718835161356208
0.125215885469898 0.0303940699970393 -0.138946538374932 0.0989088407906114
0.0924467456690385 0.0921084495338044 -0.180747706847381 0.0806386732697641
0.048505134083392 0.177128718736004 -0.239784250441106 -0.0119815382397811
-0.10279874457239 0.181182596923427 -0.231501766565558 -0.127487454201125
-0.264481726120592 0.0601439342952812 -0.134534423023618 -0.159374281076652
-0.329226118170455 -0.0756808809341799 -0.174539220600672 -0.103383503371473
-0.306789249138132 -0.114432366668056 -0.0173969300905348 -0.158611415248853
-0.301271937451489 0.015154335815154 0.0485230747914356 0.130464121936301
-0.176983943568865 0.188841692896854 0.280715233908383 0.0309815121159244
0.00758102384677712 0.251202104324445 0.245272309993331 -0.210809043747444
0.116933247997441 0.158429815382832 0.0238312317278208 -0.286433506695082
0.161554019916831 0.0704327883068745 -0.128644255530841 -0.166902516614939
0.163694258731944 -0.0260383554789081 -0.132681603505704 -0.0373735935504618
0.133569383235684 -0.0598878716773659 -0.0950547928595158 0.0168438071008912
0.145947594772522 -0.0547078480914006 -0.0699032307815116 0.0642269586320349
0.169223756679671 0.0298642108967435 -0.0796725709592621 0.111248823298568
0.135753747362897 0.114658857141948 -0.125696916269997 0.12402426757526
0.078418807868928 0.233514153000056 -0.213364529313316 0.0554949191740216
-0.117370683093998 0.235979285538815 -0.238991243478125 -0.0608662817457797
-0.306111386291483 0.0741296878541539 -0.121605807445883 -0.113001404148103
-0.378031483142083 -0.0995183156028853 -0.0823716079818692 -0.0319674175335744
-0.301617650065927 -0.175754990577618 0.100484020363846 -0.0716617651366664
-0.354301722749358 -0.0590964652638901 0.100493366385185 0.176611074606676
-0.265105093577705 0.176840334573214 0.28929672180508 0.0979916558675119
-0.0462789902362017 0.311947696202914 0.27704119254955 -0.133564899657875
0.12380002042418 0.216093819576225 0.0921024106104172 -0.225902337938283
0.189004022266868 0.102189878758114 -0.0451379608746483 -0.149853777552362
0.198051961918522 -0.0186687612162386 -0.0580261390779686 -0.0434120868287831
0.163388130086473 -0.0683795140268442 -0.0300711680503116 0.00151210127935497
0.167692053813403 -0.0679869293150395 -0.00449095739234093 0.0505862518566694
0.190561768265866 0.0217727873809178 -0.0113186769797227 0.112398754394565
0.159394782951428 0.119143837207047 -0.0592341059814996 0.152585633944036
0.0944236016746957 0.256421763540505 -0.169283930051711 0.108333354781982
-0.119635760528846 0.250786931219948 -0.225913226867516 -0.00248933990772365
-0.308764944341254 0.0704811661702533 -0.0986241194112916 -0.0821284478346268
-0.370197382429641 -0.114337704809614 0.0146735080460595 0.0281876728867966
-0.238972487288703 -0.195721006209906 0.206041597774738 0.0404067470988217
-0.324043527141039 -0.121810561893719 0.146705271959344 0.229863770730596
-0.289432188681149 0.117137721694446 0.27026944662311 0.163868645288146
-0.0937624611917816 0.298327671584574 0.278079177835581 -0.0401848442717123
0.100141078464586 0.227651579669594 0.147232163838879 -0.141404764759911
0.178666510355236 0.113581698539839 0.0422433934317492 -0.114943608024379
0.197134194034209 -0.00901942555584516 0.022444383957601 -0.044543267725119
0.167335272295043 -0.0670108026611142 0.0384100419971344 -0.0132153793731069
0.169154100099486 -0.0700557759563748 0.0619465244852365 0.0345041616201123
0.187328174153898 0.0142028362170914 0.05559697577245 0.107222346372223
0.157613971152235 0.114622865615621 0.00363557604114313 0.16809758918699
0.0832039861079502 0.251346871277083 -0.124100594866825 0.141880721415308
-0.125506562801565 0.224003307879545 -0.201513458673736 0.0377600224844215
-0.281548044685709 0.0377253965131875 -0.0737359546952102 -0.0627660036508484
-0.308663913288861 -0.12794650274004 0.0988779515711591 0.0770326888431482
-0.135235136111151 -0.168238722932491 0.281415802344155 0.146778181090223
-0.225187457321024 -0.143023050685659 0.176774129145235 0.27012181453787
-0.238837430437659 0.0477281561134775 0.234557798175905 0.212945959299604
-0.102323212082962 0.224489995055426 0.255684057958904 0.0413344186652111
0.0653037959592363 0.187700806590104 0.181397655026967 -0.0604324990418573
0.137976342967749 0.0982729078021688 0.116137898084127 -0.0781658556726967
0.162850326888768 -0.0036228800866522 0.0942932657232854 -0.0452542373790129
0.145223034216916 -0.0571382027243291 0.101125027198178 -0.0262447094058618
0.148534952489425 -0.0606122656443611 0.122298141389721 0.0208598757553528
0.162411135925457 0.00971653138144901 0.116133166868566 0.103243529576728
0.13628378348015 0.104016393070399 0.0542964928283896 0.181789050991562
0.0523899211200951 0.221524662987347 -0.0910818686865506 0.165793005206657
-0.131945633319797 0.167116403854512 -0.177659546442786 0.0637059918513917
-0.230991902564407 -0.0106559884186313 -0.0525336980337684 -0.0473475778381305
-0.206160791410579 -0.136021524248154 0.157794891168229 0.120722205104338
-0.00920898184002155 -0.106658175106444 0.316533920005439 0.219927831445666
-0.0920290680840601 -0.119339104689079 0.190620593610941 0.282904854154641
-0.136920372425426 -0.00567226191936146 0.20056866984825 0.235961982571095
-0.0734714538292482 0.124987093246188 0.234930944304505 0.0917443819806565
0.0306138704927831 0.112948613190378 0.200533611912714 -0.0111114826224596
0.0786001210913497 0.0619560331804516 0.163920980350714 -0.0562254174313974
0.102143851628572 -0.000480169150111465 0.144533562185774 -0.0486888544592136
0.0991689661302131 -0.0391091438015594 0.147024300853929 -0.0361431687578832
0.107395613666405 -0.0415641298524099 0.169606303599635 0.0117228223841841
0.117739389708755 0.00651113276733996 0.161451416017946 0.106686238817204
0.0996911453746395 0.0852342516060842 0.0886389319636662 0.20137375814242
0.0142772185818205 0.168828723985021 -0.0766180731761902 0.190449149170294
-0.123970782899344 0.0913986782973399 -0.166915878859621 0.0811452379614831
-0.155043668392148 -0.0564589193590182 -0.0430310795161564 -0.0351973382528749
-0.0777163013540648 -0.126403800653816 0.185380253009805 0.155382780947065
-0.0390414565425408 0.0911103652074129 -0.247019252079372 -0.158801603616272
0.0645500846682328 0.0692729894435092 -0.0222881345698727 0.100968053919346
0.0891714727184145 -0.0330680073509145 0.204484632538262 -0.048462473599867
0.00789422015161216 -0.0872297785154597 0.12822004766913 -0.235911190397334
-0.0462983675251821 -0.0417449983440374 -0.0892278484544036 -0.278792672473021
-0.0389629787377354 -0.00581642489293538 -0.217428269690663 -0.139986117193024
-0.041975829516892 0.00501307576611232 -0.217758016764562 -0.0090295787604282
-0.0404937281155634 0.00815002181514471 -0.187323032987697 0.0444925594792438
-0.0239937709264848 -0.0098918588568951 -0.175999429725127 0.0707597740859687
-0.0054856342269406 -0.02265054654435 -0.193844357222356 0.0672667181559831
0.00899655730387027 -0.0305027481016191 -0.2262487051092 0.013701696740228
0.0567845862251722 -0.0130513271810128 -0.244338642045811 -0.106757672408084
0.0398098628836032 0.0615555373187724 -0.194017196636166 -0.225339963056796
-0.0564182688989138 0.0976274064045468 -0.135575460770961 -0.284082270695148
-0.107194082990701 0.0518370835274365 -0.287322624738369 -0.241414560072946
-0.160480930295593 0.0399842771600647 -0.207168917305481 -0.199689116580919
-0.0569780238824021 0.0855857051547506 -0.0194952218514547 0.0938538151134504
0.0276921041828458 0.0596360803754333 0.224768346263313 -0.0435042605181997
0.0348917155409121 0.0161132303350246 0.154296911523979 -0.2531149314262
0.0164535387530733 0.0108192516831942 -0.0772308240077023 -0.301452628534979
0.0314788133117752 0.00884782688641469 -0.218916885491626 -0.153427349416062
0.0296213109859757 -0.0150723720331989 -0.21791150471537 -0.0142608519364216
0.0227968614017712 -0.0187311244914726 -0.180946446481263 0.0408881259051757
0.0463628932136154 -0.0209226574405274 -0.164211549931546 0.074647105388102
0.0644708058300384 0.0140639247338336 -0.179639914838359 0.0809381123755796
0.0455152560464758 0.0434072266688591 -0.215889619793728 0.0370806492937322
0.0349513873978315 0.0897630276826634 -0.24548833717856 -0.0731695300081011
-0.0524144549234598 0.114978914662348 -0.210201473851402 -0.18650672167368
-0.178405601071191 0.0617267391408008 -0.138615376818749 -0.224253109599625
-0.23369790376515 -0.0285074074615656 -0.249309447615158 -0.181611219176124
-0.257770809373565 -0.0343823642866051 -0.128686427115033 -0.202521290359864
-0.190644003701792 0.0694951575003034 0.00493209503397775 0.104630162914878
-0.0662962504230119 0.14345639612366 0.256915854644561 -0.0176564799621991
0.0400115882307711 0.139663575426507 0.198242692324416 -0.250718938862502
0.078062029416582 0.0817652471378891 -0.0386407179592945 -0.311580708600801
0.104551926794077 0.0352421142425809 -0.190792286625047 -0.166304587384755
0.103136041084634 -0.0273731434714275 -0.189530379077948 -0.0258289295878674
0.0834862912698997 -0.0429304345578487 -0.149307670716415 0.0316571589469242
0.105468986808394 -0.0381023158952261 -0.126986673517747 0.0743237511288268
0.127324942975881 0.0307453051373248 -0.139787693641628 0.100568947335549
0.0934436596935385 0.0923486086308065 -0.182912910749726 0.0824445536719491
0.05069250254179 0.177649453204045 -0.241441950043957 -0.0111292016292563
-0.102952710159499 0.183390727978332 -0.234154161770017 -0.127907195157987
-0.266978629015061 0.0620081006473392 -0.135857486200857 -0.163850038138342
-0.329626411370868 -0.0751919178307047 -0.177774429091498 -0.106441772587733
-0.310103322405927 -0.115394178747664 -0.0195483952904436 -0.156999211361505
-0.30537995050095 0.0172436164394282 0.0480371768920534 0.134952145305678
-0.176115669895253 0.190388746128754 0.284200061284726 0.0327241745609733
0.0118898118203775 0.251960190521204 0.247786363628175 -0.212347045342549
0.120161690052537 0.158887932000557 0.0239704937569732 -0.290693199925604
0.163527458500253 0.0699936386201533 -0.12971523192329 -0.168248896579381
0.164108592679538 -0.0285379120237238 -0.133519407320205 -0.0369281374099412
0.132772703281258 -0.0607665573218076 -0.0965722464860942 0.0184927457264145
0.146399428186978 -0.0574717877094733 -0.0717012773376103 0.0661679348875758
0.171490772529547 0.0290656407344724 -0.0798078921740384 0.1136007877891
0.137215114583801 0.115061631946644 -0.127418091026562 0.126503017490295
0.0818314809561905 0.234685296763373 -0.214858544965797 0.0568098153927424
-0.11732125890678 0.23718175218218 -0.241809280718658 -0.0582300653181187
-0.309724128383203 0.0761988493998879 -0.122045853101374 -0.116446311745905
-0.378471187612349 -0.098248998180816 -0.0836405375211544 -0.0350198281864429
-0.304272343508692 -0.176995672532763 0.100469271246971 -0.0707561053828951
-0.35725134813097 -0.057743940849016 0.100607358535366 0.181626869292482
-0.265095966578352 0.17917001183785 0.291531817646483 0.100921565656416
-0.0419567841037973 0.313080910354519 0.279472586021391 -0.13367302653198
0.127669188760524 0.21677200889291 0.0937109848167805 -0.229395329010809
0.191273310999444 0.101139058080968 -0.0457809976045808 -0.151358882087531
0.19927516288222 -0.0209138845385865 -0.0575137109784533 -0.0445646778027296
0.1620130835828 -0.0701982123606489 -0.0306306352109437 0.00193221259512451
0.16830322583232 -0.0698383297760353 -0.00530801875492434 0.0520167968515098
0.192554519197367 0.0212214923496531 -0.0105834818294733 0.114447124835524
0.160948055561793 0.118894001245612 -0.0602340945110381 0.154934599130579
0.0988986048977393 0.257181401330214 -0.170443300451491 0.110057993607858
-0.120249293088816 0.25264255266393 -0.228735085263222 0.000216065568096583
-0.311970020232285 0.0724678549740418 -0.099741249242052 -0.0852083415224052
-0.370055929003857 -0.113136769664186 0.0148593686516091 0.0245342688713686
-0.240436793831055 -0.19720365729195 0.207725725725728 0.0416402211217294
-0.327931898412219 -0.122728887700466 0.147171891499059 0.233751503295409
-0.289983076870568 0.119399598292695 0.272059394415145 0.16722166326307
-0.0898673906856075 0.299379305642927 0.280356628971555 -0.0391361447949979
0.103339609764842 0.228304390034218 0.149124469402509 -0.143237970651807
0.181299004872508 0.112821794286215 0.043251605333946 -0.117865737318459
0.199061933462508 -0.0116060932894627 0.0234035781978526 -0.0463279215027546
0.165782907011352 -0.0683983660631357 0.0388140525396347 -0.0136091800551385
0.168956938216777 -0.0721247849194649 0.0621897191688452 0.0349130566496686
0.188642505083744 0.0135739056610262 0.0578178005269248 0.108131968435968
0.159832700648997 0.115121722391286 0.00417026703346128 0.170053179598719
0.0867521227666022 0.252289515743684 -0.123772077961028 0.14418183515474
-0.126242446207086 0.225092974922698 -0.20271708246782 0.0416338395949172
-0.284156244377505 0.0401854792991184 -0.0747108974165601 -0.0649870119771423
-0.307237472007451 -0.127460819154485 0.0998345333255626 0.0747235789550398
-0.136736121039654 -0.170684142374552 0.282945357467076 0.148103307327128
-0.22799799403704 -0.1435599874966 0.178899808647446 0.273824496044638
-0.239991040826537 0.0479816721650734 0.236561886765337 0.216006951005203
-0.0997840439491585 0.225767720267083 0.25804462845525 0.0423022520403458
0.067763478968732 0.188486375851955 0.184096429299492 -0.061985590089741
0.140603590930658 0.098524349358671 0.118070769538536 -0.0802057527761406
0.164683921860856 -0.00533543050709995 0.0960289601736084 -0.0475234612096777
0.143528794944913 -0.0588278244567778 0.101036576419535 -0.0280088431261066
0.147937719914515 -0.0634983135291494 0.122914008727927 0.0204882423424867
0.163204993217549 0.0089296071692232 0.118108122252555 0.10371430912063
0.138683555264554 0.104090970767586 0.053851708327557 0.184048919216705
0.0555304325068636 0.222724149478514 -0.0904263023483149 0.168917761767165
-0.13336419440767 0.167818288272589 -0.1795504029407 0.0665872024093321
-0.232647568681241 -0.0103569972682765 -0.053854140983175 -0.0489696985667837
-0.2049747901874 -0.1360899812864 0.160058919991488 0.118491607064407
-0.00990361600090521 -0.10787678222025 0.321286150147508 0.221667837497626
-0.0928685076572638 -0.119960261680879 0.192808183768733 0.285271045332408
-0.137879309011496 -0.00679873358609465 0.201825966044954 0.239625089059841
-0.0718802106732808 0.124581016975361 0.237330219127543 0.0936066660256268
0.0318147548768574 0.113744472876853 0.203211330293406 -0.011560836082741
0.0802853455774133 0.0616122938317387 0.166596508349496 -0.0584190295509301
0.102706681939875 -0.00132473627620268 0.146330566297286 -0.0514106953372882
0.0975591705808388 -0.0403236290897263 0.148069059850733 -0.0384942387029367
0.106660294652598 -0.043637977009584 0.170536742337745 0.0105998519314341
0.118353504026091 0.00523211093128312 0.164251704951311 0.107197323109821
0.101760943088492 0.0849508632043935 0.0883838462412044 0.203142804026716
0.0166620793182316 0.169244205557256 -0.0763084714984698 0.192859900973781
-0.125562451176851 0.0916327736530418 -0.168621703114137 0.0835839255871734
-0.155523465137062 -0.0565392291145668 -0.044083365059527 -0.0369563833067144
-0.0760610819180994 -0.127117718222074 0.187404158069193 0.152659397387409
0.00228336195747336 0.105659693688785 -0.298515266380835 -0.0358617759481679
0.0900308404545067 0.0364140579192377 0.0287194715935244 0.104828339129227
0.0660282246220142 -0.0685622042486683 0.170934912771618 -0.141251384185847
-0.0339959968345114 -0.0828291258011511 0.0130472436050558 -0.283468265243998
-0.0631342904365842 -0.014226604314101 -0.213162884365671 -0.22060509030321
-0.0388978794030578 0.0136796320996097 -0.267355680157105 -0.033482786601197
-0.0375267626741567 0.0222377416603067 -0.208912567686867 0.0901284654959811
-0.0332428578676927 0.0252151581099405 -0.154876485404355 0.127362077427469
-0.0278398109352763 0.000442003923008374 -0.133372527181798 0.148152946570173
-0.0141950156269291 -0.0187178035225109 -0.151031477860026 0.15117992738884
-0.00559998008836242 -0.032108707197968 -0.20401521222802 0.114320738614542
0.0422466751061197 -0.0376883873330133 -0.27361344254796 0.0107944627066437
0.0642405982569508 0.0383687670261552 -0.281774756030382 -0.123762938421444
-0.00930629509179734 0.115234395406783 -0.25735163452479 -0.213680896146541
-0.0813621610800003 0.0980579092704268 -0.379610392180714 -0.109630588613814
-0.1348518839559 0.106970250694365 -0.283248900672452 -0.0884287522238909
-0.0162413085270074 0.102754906712161 0.027817474912255 0.101928702048835
0.0473823198336824 0.0428254201855071 0.196024905838996 -0.140657083957229
0.0346886151255959 0.000296522375645925 0.0350898244331538 -0.309022073761784
0.0176218983455915 0.00784900380937476 -0.208325728312938 -0.248612851761074
0.0341022022606265 -0.00342731760749442 -0.272942609526553 -0.0461374076514593
0.0202239062998492 -0.0274757164938396 -0.209502182882613 0.0833648911350979
0.0157035181275117 -0.0265975401893086 -0.150265516538873 0.121794364389026
0.0345792238390708 -0.0403364804335355 -0.119324292798041 0.14677239267616
0.0685368808894022 -0.0145434668255477 -0.131178833813561 0.160529176841001
0.0622187204818628 0.0233308551395858 -0.186582238634409 0.13426863010065
0.0686948040418386 0.0677681617210627 -0.267335565861295 0.0457894131714764
-0.00162455010030517 0.130697987595909 -0.283167875280049 -0.0831259294330322
-0.142709038658476 0.136689130585537 -0.231508247463317 -0.162955993154775
-0.239953658642445 0.0817679811336772 -0.311747425322652 -0.077109614039082
-0.258424132753828 0.0760619102502775 -0.215384262656395 -0.12360832833922
-0.147446621484023 0.143266165277281 0.0537827095016651 0.104873457848386
-0.00508278772900904 0.158653739763521 0.239522441116556 -0.124053759894543
0.0916306324140364 0.109638919700652 0.0812284022411496 -0.322721531652505
0.105188166910106 0.0461210794269477 -0.174051154393232 -0.277317522531242
0.113581765277555 -0.0104533572524221 -0.250210460212687 -0.0717876770468997
0.0838159859767187 -0.0706417229302999 -0.185403080243495 0.0586869356584212
0.0625409246052264 -0.0756235788567097 -0.124029523903952 0.0986577092767037
0.0826444706022848 -0.08219538060675 -0.084126061969758 0.129720047967201
0.135029672490772 -0.0264939813129464 -0.0842179272605709 0.162438232147799
0.130358163113394 0.049152235192569 -0.138102450113676 0.164838405386175
0.122879511958638 0.143014926919883 -0.241022336784609 0.107234982128964
-0.0204649587955371 0.218665476037828 -0.281813325971633 -0.0175355988384562
-0.22758312009486 0.177264332448932 -0.203710600647477 -0.111211055499348
-0.353965542387152 0.0824749466256053 -0.20688308220867 -0.0428248767141303
-0.340845191489278 0.0199882663148066 -0.0969922764875989 -0.12889457904878
-0.276370840105692 0.140989805303193 0.105413145277012 0.117449130708664
-0.0888892014951028 0.246829554102178 0.288109528981019 -0.0822555284034101
0.113735454449588 0.223517693874571 0.148562209517961 -0.302872774255242
0.176952214223618 0.0986989221441655 -0.102454172030183 -0.286665689719724
0.18350017652112 -0.0044396566974075 -0.193008273586639 -0.102271551521311
0.140657640580119 -0.0977218250426888 -0.136536486147675 0.021154591685816
0.100823678551939 -0.114030956965089 -0.0808655657203607 0.061612001182578
0.113803100079486 -0.118167680201928 -0.0351682678471349 0.0979347148871066
0.177536923021631 -0.0472947088376874 -0.0208694519413956 0.146794204312694
0.182979495117768 0.0513767053828829 -0.0668766470757368 0.183325371166825
0.178642173587598 0.182777575956279 -0.188260697880238 0.162948656889632
-0.0115112120477959 0.276881430855954 -0.260610232461428 0.0506775568350526
-0.262631884552472 0.210253507372205 -0.170944601763824 -0.074971604366392
-0.410161698152015 0.0828321033686908 -0.0855579809472907 -0.0195367313794213
-0.361895299868437 -0.0431958481729563 0.0515303696445825 -0.100827409951706
-0.356972482533448 0.0922468536569567 0.172308052980261 0.138509548680269
-0.175570017296879 0.271498616089907 0.322476147445016 -0.0175208225371152
0.0911923696420404 0.30137050951307 0.214991914492941 -0.2395694571027
0.208128650305976 0.147195894234389 -0.00565720150966525 -0.260864204305285
0.223161045245667 0.0122752148797311 -0.105198760111087 -0.124845961930283
0.176578011651546 -0.106347327062929 -0.0676519298185035 -0.0206651541077582
0.124001403868763 -0.135482626541513 -0.0262178589544429 0.0164827500048352
0.127824096311487 -0.139934348285087 0.0201834504449915 0.0544040327765745
0.193051910079627 -0.0643745874951832 0.0454574646986125 0.116570242190128
0.208776818168818 0.0440573263190758 0.00867637518094664 0.180870264785191
0.206352299502692 0.19676286412339 -0.12400083184078 0.195103128738783
-0.00674678349387277 0.293405030907437 -0.222103201005095 0.100437843980754
-0.265487914287335 0.207792028736911 -0.136515739441151 -0.0543643295832198
-0.408122482119501 0.0655382242941079 0.0350799959460257 -0.00585365019708925
-0.310468298029291 -0.0914371727535553 0.201643768162028 -0.0441505616352191
-0.3567182676266 0.0178614383775987 0.236903428058908 0.164057226200174
-0.222801593259614 0.22549141591834 0.330442344900388 0.0533048102701976
0.0426482097898454 0.307500465152095 0.255739022652873 -0.148876206090645
0.191183145172793 0.167762469408229 0.085780530727682 -0.20398176594374
0.219869027157577 0.0269108507040526 -0.00708305204594636 -0.132839345743967
0.180287063797943 -0.0969966548774737 0.00818847304511399 -0.0595717120342021
0.127733898624615 -0.136126612194869 0.0309788332800225 -0.0302064979802108
0.127902255844361 -0.142679733326678 0.0756559065800725 0.00769877917009491
0.185908594254411 -0.0702636294874214 0.106686892454399 0.0796365325151321
0.205509779848006 0.0399716995707456 0.0751849403658271 0.166695682268606
0.193744154429221 0.19700048615846 -0.0660580034592643 0.205283172835823
-0.0251286170574816 0.271301667280713 -0.179714642714553 0.126731820128262
-0.253197892605704 0.164273351154259 -0.102294718541478 -0.0441091003536137
-0.35323153724903 0.0226835274672181 0.136773591741902 0.00747063876037262
-0.200078744708037 -0.111082937738082 0.324061251694756 0.0192294888980212
-0.271984823682263 -0.0457923668846288 0.284581239111107 0.182989828460229
-0.204451294265446 0.137467310328612 0.315082322790357 0.110273232826617
0.00319143993208756 0.24381355001651 0.267658036828088 -0.0636097831183525
0.141187783683163 0.14497580010366 0.152766998477159 -0.141933409611168
0.174410928908562 0.0301133613543815 0.079170995661103 -0.13161822310307
0.150673303578573 -0.0764495386536173 0.0750762897715073 -0.0931748709298854
0.109607202504713 -0.117696947405422 0.0835273888286402 -0.0730400627170003
0.11181227572821 -0.124770019821618 0.12623029122418 -0.035360442281495
0.159687498026211 -0.0633116310942518 0.160481928244032 0.0470460176121285
0.179927238903899 0.0387578905653403 0.129191199251563 0.154771564983734
0.151985438787294 0.184355607702376 -0.0222604870081645 0.210376666343976
-0.0569344738204184 0.219719772520669 -0.144274316234001 0.139681631091156
-0.226328451229176 0.0938338486931206 -0.0733521919856776 -0.0361493254501186
-0.258756005416587 -0.0347726257316492 0.21209470370852 0.0284720083777364
-0.0540376489180178 -0.104972570907831 0.394306333260887 0.069241051106359
-0.136450556365322 -0.0791644568906795 0.304517207701768 0.185501259989872
-0.131088205772307 0.0452986589321577 0.292890359719363 0.14145586468161
-0.0133053149351278 0.138747666257197 0.268335274107672 -0.011295597162799
0.0761163004826671 0.0897471086171273 0.191119600291989 -0.102828910152022
0.101236384547649 0.0221745510763402 0.13210541598257 -0.13263150920882
0.0948875279306866 -0.0452887984321731 0.11888198505171 -0.119150439413991
0.0736321314835935 -0.0802039969633606 0.12186702862375 -0.104314172972559
0.0808374993785786 -0.0874982862804405 0.166341782965239 -0.0664322310359193
0.114646538619233 -0.0466659554452199 0.205085346576861 0.0275365271281274
0.135676855562381 0.0358667610874504 0.170030553089332 0.155942613822357
0.091992635320206 0.152532978994931 0.00307395888124124 0.222655167666562
-0.0835193705370695 0.144025763146857 -0.123284706330935 0.148778564655982
-0.172814019413285 0.0148826501850397 -0.0565857596589764 -0.0248776479411046
-0.129383622841262 -0.0867190427997566 0.251577928549377 0.0567932411372949
0.00630534194920712 0.10946193247769 -0.314557473509059 -0.0248217848966649
0.0966586284402968 0.0360108892437211 0.0359352385739495 0.111412383691455
0.0669543807502522 -0.0740893881629088 0.176754353905576 -0.15516531800412
-0.0395472461282066 -0.0866333923346241 0.0063260368432953 -0.301368195445094
-0.066627794158773 -0.0133092939314339 -0.233052684981324 -0.227085036412322
-0.0404218932296882 0.0151059994742446 -0.284921078369762 -0.0276694125677516
-0.0384761959753941 0.0246699776187494 -0.216108534283163 0.101852458551911
-0.0329474696076437 0.0276798051735912 -0.159025392463374 0.141923228485289
-0.0287637645675287 0.00152488048867797 -0.134557365378343 0.162277413007049
-0.0152930117160198 -0.0196436616005386 -0.155351752592175 0.165992733656778
-0.0073959103850122 -0.0327208419525382 -0.212021522210569 0.127947472004288
0.0425103055335959 -0.0414614344762095 -0.28876942343036 0.0204965596519579
0.0694481280434555 0.0392361268941276 -0.301110621041364 -0.123846544291288
-0.00520864078730067 0.122876759341092 -0.279271372887473 -0.221508824629258
-0.0823373679349108 0.104822782126908 -0.405807529661497 -0.103144786248939
-0.137803314099605 0.116516060782168 -0.30094255035298 -0.0810635778076495
-0.0131675452803161 0.11006509610779 0.0351989740834406 0.107845081033796
0.0516194123311021 0.0433592276362502 0.203737578901124 -0.155144504937308
0.0364231476244181 -0.0022811074634613 0.0282012647551048 -0.327730381730865
0.019690562050364 0.00674726996333123 -0.230025210443938 -0.257194833912235
0.03608753477088 -0.00515254732920852 -0.290442773484025 -0.0399101981002515
0.0202369948907542 -0.0298122996756849 -0.216726296687282 0.0945524847296307
0.015871269620379 -0.0282120529178789 -0.154106316460713 0.135075228422679
0.0349081139545288 -0.0442760037325669 -0.120471465924816 0.161422425592248
0.0731285350587188 -0.0182710287845278 -0.133641331785759 0.174727213820669
0.0663017988894567 0.023118014958666 -0.193828031299176 0.14874121454233
0.0748382689453481 0.0688217347107085 -0.280931959667577 0.0575183239855925
0.00298918522689299 0.137973433293836 -0.300782894558322 -0.0794274757198829
-0.146030643265193 0.149508422659735 -0.251188541874932 -0.167702014938652
-0.249478949469218 0.0930905001164384 -0.333927638873925 -0.0724890844945136
-0.269109018564181 0.0894744645865531 -0.230494016638916 -0.120096080118205
-0.151100186880164 0.156306432807831 0.0622635461250165 0.11151354379552
0.000212526207864034 0.167317150903514 0.250392140874371 -0.138247803642913
0.101160243124284 0.109696110141599 0.0777394587942433 -0.343998853522977
0.113817134819785 0.0441757973649173 -0.194251901304818 -0.288794845907021
0.120149646666331 -0.015530406686026 -0.266704911926151 -0.0682173524068946
0.0855006054976914 -0.077821550922745 -0.19321639677474 0.067731331612752
0.0628946642130195 -0.081846910723082 -0.127100394552376 0.109502731564375
0.0839636287125489 -0.0904704407314213 -0.0838483781935307 0.142397391246094
0.143352449179371 -0.0334411049851203 -0.0833357819643011 0.174961989502782
0.139382900726705 0.047722225936925 -0.140965339251019 0.18007793516027
0.135301570426611 0.146004037344762 -0.251017653752128 0.121256353177858
-0.0146259573145297 0.230142408762841 -0.297591003124686 -0.00974731920666841
-0.235345987585838 0.195847521171385 -0.21996604796396 -0.114776944060907
-0.369403346056966 0.0969157265023268 -0.222128267236192 -0.039698369445842
-0.3588576545563 0.0325638042310076 -0.106385034768677 -0.130544930614289
-0.286256527777117 0.158818963609292 0.115894735722184 0.123467187455163
-0.0842072218092842 0.262880329825937 0.30298266804479 -0.0954527224371665
0.128867221340536 0.228647928520209 0.148651074399255 -0.324890688245088
0.191076600566579 0.0962985831400013 -0.118666961311659 -0.301440895657886
0.194837601452315 -0.0107991981449347 -0.207289919257333 -0.101865206849342
0.144225847705062 -0.109231252358553 -0.142842761421507 0.0274281258564468
0.101286311037642 -0.123200572614037 -0.0830437856631953 0.0684222890751838
0.114909539326751 -0.12883265542717 -0.0328651189474867 0.105931521032752
0.186533464533366 -0.0566478198880863 -0.0161103421817932 0.156511211784641
0.195366887132103 0.047456037071401 -0.0647141285742197 0.197802396121687
0.196035276545762 0.184813176761636 -0.19355051430689 0.178968235563588
-0.00324889770054663 0.291912678206788 -0.272280147695724 0.0640831906475194
-0.270556603251862 0.231565819152596 -0.184538592175571 -0.0757275137695302
-0.428950575653025 0.0998503928237659 -0.0926108292040904 -0.0207099849348003
-0.38251242585402 -0.0330971486608192 0.0511816776423345 -0.106582737366266
-0.374507454571637 0.109603291617048 0.187392574212518 0.143068176812722
-0.174534386453563 0.291451547597549 0.340831713711994 -0.0281009161204743
0.10786885976725 0.31071836182716 0.220298943938397 -0.259525725506114
0.22632259212459 0.147035261319618 -0.0162581143003697 -0.278076028464322
0.237107006762323 0.00434041243369811 -0.115462795645761 -0.129205906673867
0.182040427171879 -0.119808447179745 -0.0715340471914924 -0.0195280394413041
0.124661332976809 -0.146826958074436 -0.0270326250195543 0.01840279427829
0.128377081490368 -0.152591009918253 0.0235610915749687 0.0581390843024365
0.202282989860451 -0.0754738653013476 0.0521500960382767 0.121727579082088
0.221355295628763 0.0386957829668883 0.0151939234727057 0.192748455702969
0.225724376834681 0.198100268872928 -0.12405688869071 0.21035191095171
0.00241958106223849 0.30996285678919 -0.229694179117714 0.115023493546968
-0.273345112618043 0.229472616137089 -0.147149743045894 -0.054466562008052
-0.426224833123683 0.0810666270165841 0.0348344019927201 -0.0103919027726034
-0.330192093192955 -0.085733148405024 0.210980557421019 -0.0534244712691703
-0.375351532631403 0.0306348638165894 0.256364711098227 0.167048425385714
-0.227312645483208 0.243795563559212 0.350408725479516 0.0461561937166641
0.0564576115247949 0.320218541056903 0.266320814673866 -0.164938891300452
0.208827572737599 0.169170123583412 0.0828986820670036 -0.220714801761434
0.233430610799725 0.020492137701794 -0.0114184152245057 -0.140809343373134
0.18723350808084 -0.110017667479708 0.00709732582137245 -0.0642040595471552
0.128351975057144 -0.147015513938797 0.0317220620963137 -0.0339367453040583
0.127804683728676 -0.154850537185576 0.0806622100874855 0.00626770326072733
0.194534569259796 -0.0809893637450268 0.115632758382285 0.0798896186322541
0.218012359707242 0.0349401863623703 0.0839782155908263 0.175312420882287
0.213413692228973 0.199432525856258 -0.0617663096572188 0.219756629687352
-0.0170055308856149 0.287223344484962 -0.183871969011838 0.142446382690355
-0.262360780075293 0.182103976398045 -0.111557854014193 -0.0443041768702073
-0.371040839124792 0.0334720498653736 0.143717075895753 0.00108089495744546
-0.214197437658886 -0.11017128051905 0.341986969049041 0.010077094089242
-0.288594131508461 -0.0382002508553513 0.305847022037036 0.186371333206618
-0.210528943533055 0.151822016081183 0.335872459372059 0.107593233826704
0.0130989860653683 0.254328607154288 0.282344475094072 -0.0745919693895439
0.155242080155117 0.147030875480752 0.157592472803327 -0.156859942449222
0.186094556362049 0.0249399306352877 0.079297193528891 -0.143079658825145
0.155680268790474 -0.0863233263137142 0.0766355839343329 -0.10332312218398
0.109405363993596 -0.126703564410555 0.0854280607803072 -0.0810502733466712
0.111847884686271 -0.135484796300431 0.132061775170675 -0.0409182133079616
0.16597738073172 -0.0730287742023438 0.17150457169665 0.0435690776999664
0.191133430328862 0.0338980759293691 0.141381585537605 0.161300876741725
0.167771726724642 0.18725054800408 -0.0170598756314651 0.223388224560313
-0.0533310786737587 0.234176480275866 -0.146603043777544 0.153571633680646
-0.234533369064832 0.107092713951043 -0.0801206379126112 -0.0366392672541772
-0.272057235108903 -0.0295023528570391 0.22356681906645 0.0190107810587351
-0.05986269171938 -0.108779498347746 0.418903603614772 0.0601453744568068
-0.145513526233305 -0.0791332074543172 0.326549564043428 0.185621813056208
-0.136324704740233 0.0519014210225748 0.313177894419127 0.141044655888212
-0.00904875472267178 0.144653888839989 0.284082377830301 -0.0193935406247433
0.0841210521847557 0.0920475832506724 0.199882630257255 -0.116439697562761
0.108695245194368 0.0197509390999729 0.135766441715539 -0.145849382398267
0.098315669647681 -0.0519086971388615 0.121210597837275 -0.132807503311634
0.0732342310124507 -0.0861468880510028 0.123716858830905 -0.116321244595144
0.0801057808482587 -0.0950295180678883 0.172720156209145 -0.0767617789983472
0.119158241603918 -0.0534768137978326 0.217302993873505 0.0214467655227319
0.144176488518043 0.0321929700046973 0.184739937625674 0.160928410107437
0.103334383283092 0.156288319492735 0.0109804543634272 0.23677970033741
-0.0837101255170472 0.155254960983171 -0.125728322122278 0.162214187827048
-0.18133559686507 0.0213757600430805 -0.0624279599224702 -0.0254569382318653
-0.138774326064793 -0.0887686371428329 0.266390022548081 0.0472877952658445
0.0137456944225637 0.111702811148543 -0.327952973915896 -0.00338556913573242
0.103889971172484 0.0313890092746635 0.0466488049279371 0.114345318538819
0.064715645693228 -0.0802804943859642 0.176799600173738 -0.173104639516533
-0.0480500338256553 -0.0885441169199878 -0.0106913111545718 -0.316900768043101
-0.0697869372578176 -0.00989995988865048 -0.25974606857176 -0.224504783562548
-0.0410559265369432 0.0176188071115045 -0.300959507939264 -0.011546791255517
-0.0389012593530022 0.0280283254117835 -0.2178617507396 0.118679802863148
-0.0312436548010571 0.0311378447647914 -0.155496515680584 0.159653040922645
-0.0298921959932404 0.00289613383040018 -0.129519163627834 0.179895911032647
-0.0163441067396246 -0.0201336323685526 -0.151282063505871 0.184938818967591
-0.0101539244488897 -0.0325730751423836 -0.212851683388112 0.147079314833688
0.0416652128308761 -0.0450148378245713 -0.300828456510701 0.0396990242858003
0.0749046187203077 0.0359647978359029 -0.319518938252814 -0.113486424063542
0.00322695274384962 0.128914185326635 -0.306346554990829 -0.216139653918925
-0.0789202426071386 0.112629488202769 -0.431605897267333 -0.0815648835533554
-0.136079525980231 0.128962148757089 -0.317994211274284 -0.0620224475561072
-0.00656445084288347 0.115362736789949 0.0456725237548525 0.111864109460548
0.0572429352464452 0.0422156988964664 0.204778407585713 -0.175021507428846
0.0372593245141144 -0.0062001464226224 0.00963800955786221 -0.345281821714331
0.0214444981120439 0.00471161396126281 -0.259433588930139 -0.255331008353509
0.0380091026341522 -0.00838119838767295 -0.306527925758213 -0.0245394729507685
0.0188033970518216 -0.0328849533443967 -0.219306011805959 0.112009571267155
0.015244256093412 -0.0302739720021825 -0.151299194214014 0.151988957212254
0.0333553332072903 -0.049047073449163 -0.114541475372778 0.177574470267271
0.0763582761015277 -0.0251759062577082 -0.128441752889651 0.192435626684924
0.0710735124957836 0.0207686678836837 -0.193104331352622 0.169291807091026
0.0820259721718805 0.0670575759285165 -0.290197998979985 0.0774078346893905
0.0120520064765773 0.142765749799617 -0.317469240914991 -0.065293369922049
-0.142362368650785 0.165908532002539 -0.274202845824422 -0.162524961824844
-0.253287177304691 0.110746701277351 -0.354698048989166 -0.054692244200597
-0.274218544671828 0.10943622810312 -0.246687620927348 -0.107933554921063
-0.147061931218012 0.1736582837278 0.0734978917905066 0.114842182286998
0.0118147798502352 0.173938998616764 0.254503451244694 -0.159761042154781
0.112264851665975 0.10547212796665 0.0599447112477742 -0.364820820952997
0.122119970914005 0.0371172857604881 -0.223826203391977 -0.290510520282683
0.125244748364585 -0.0246906039732821 -0.283665983934283 -0.0554103389735474
0.0830934285169196 -0.0868064340637978 -0.195717430195257 0.082864603897454
0.0602489562269992 -0.0886051678603096 -0.125080639491678 0.123035711966485
0.0807808988461843 -0.100755613211839 -0.0771477785928263 0.155033880271797
0.14834619501483 -0.0459658905260918 -0.075251347121882 0.188637717629752
0.149063071985589 0.0413930321784967 -0.136069240137922 0.19924957055956
0.150144015661156 0.142437633298245 -0.25446642512531 0.141985628475719
-0.000963164185623819 0.24082055500237 -0.309417445176047 0.00877567337452034
-0.232612521316022 0.219724346572591 -0.238621401034665 -0.108567623596107
-0.377178340411634 0.122348655610194 -0.236414220421097 -0.028674351969779
-0.371098164629928 0.0566004464359029 -0.118952653992358 -0.127816680768036
-0.288822723108123 0.184938351279577 0.130379631981684 0.123516073351447
-0.0696576592621093 0.278400673117521 0.311784454358122 -0.117608366363873
0.149924109994668 0.227107930251228 0.135854288100095 -0.348400064330378
0.206406151677199 0.086306701574567 -0.146474156434147 -0.309121077814419
0.202941970698932 -0.0256853395841269 -0.222806982654505 -0.0943588186845965
0.142381852674223 -0.123803518965264 -0.146176701480645 0.0367132387538197
0.0965507096299985 -0.133989304159279 -0.0812970095519704 0.0771269337766058
0.109904695765875 -0.14242583396783 -0.0275051597665945 0.114418201934626
0.19209422133936 -0.072716798431473 -0.00757551767342112 0.165060944911834
0.207097243236472 0.0376053884034735 -0.0555162190695674 0.212929462437077
0.217166250476002 0.178162727167946 -0.191267978433793 0.199138284812096
0.014988822994108 0.303899983448594 -0.278683158508012 0.0846922021737052
-0.26649914400892 0.259009989830632 -0.1995369332607 -0.0702892509330567
-0.438218963981743 0.129145773528369 -0.100010386203012 -0.0175192419519212
-0.399489600995501 -0.00981733852198139 0.0469669113045385 -0.11250662601096
-0.384045021010398 0.138410293382206 0.204040503067724 0.13869589811856
-0.162891264251995 0.314008343699878 0.354870869336129 -0.0495694970164066
0.133619801868672 0.314556124456347 0.214597265039992 -0.284404919082709
0.246375230476555 0.137241463592662 -0.0375118415741368 -0.291194067035751
0.24860477383524 -0.0116641591404849 -0.128987542907158 -0.128202382288593
0.180986740420015 -0.137684254639438 -0.0749578786858611 -0.0175818019402165
0.118238400642291 -0.159892623228171 -0.0269522451753707 0.0204872451141276
0.121945860898442 -0.167621609347818 0.0288624204930707 0.0600180291492267
0.206809690466107 -0.0933302888941951 0.0619682384430854 0.124137334481995
0.233844510340889 0.0259494052755038 0.0280418443769661 0.202525412927072
0.249571762480268 0.190095123090121 -0.11611287674224 0.227567832686202
0.0224343456566807 0.322867257925088 -0.230152639410985 0.136028237410289
-0.271142149527485 0.257142623050203 -0.159837557589046 -0.0496269873227652
-0.437691304184955 0.109418236266577 0.0336265685831871 -0.0156811981949064
-0.349461120929271 -0.0675045923158764 0.216724344150134 -0.0675139340407579
-0.389667338236928 0.0558119334137408 0.276370536635692 0.15975780489908
-0.220960143807421 0.267312588905316 0.368617141568191 0.0283375960045657
0.0801046328731792 0.326697470411773 0.268338665084993 -0.189173676001667
0.230091732590485 0.161383084195338 0.0703746547212755 -0.237979982016686
0.245948932925895 0.00417037073896973 -0.0211227132572852 -0.148135534097913
0.186691260085206 -0.128025767911299 0.00422908528176284 -0.0699196039892959
0.122322851277218 -0.160368120786812 0.0308167133685838 -0.0383127725213439
0.120642687623178 -0.170126639580706 0.0842638847464728 0.00139246030891605
0.198125953951457 -0.0979861840266868 0.124995239000225 0.0763382803703038
0.230254747164059 0.0210466501048161 0.0996434446191663 0.179285298027354
0.236564185983845 0.191012264870677 -0.0514957548445196 0.233635486129963
0.000388246358915243 0.301482462639072 -0.181045669287161 0.161107941139636
-0.261065650681018 0.206138822147783 -0.121370724452042 -0.040119450912958
-0.383159110256837 0.0574373570363587 0.147051254895911 -0.0123024678442466
-0.229917404074297 -0.100656826220905 0.356649273579502 -0.00985909873321754
-0.303316781284838 -0.0222439740135396 0.328293225432003 0.175489016973692
-0.20953011579601 0.170352928243644 0.356722977364062 0.09303635384401
0.0304324000205261 0.26188854770259 0.289463768770334 -0.0958561821542853
0.173250260486808 0.142713586456109 0.153901343042442 -0.175398881434543
0.196881836223167 0.0124033178199911 0.0734461832823381 -0.155485176245991
0.156661527720071 -0.101424314520472 0.0733706863269063 -0.115443574817089
0.104128347484453 -0.138012621726269 0.0823816022410149 -0.0917633545643164
0.104528899193795 -0.148248649973839 0.135211848055215 -0.0521467157199595
0.168194330026943 -0.0875364251439084 0.181398474796847 0.0343923896379295
0.201204181458924 0.0221827416355691 0.158133445096733 0.160954924431914
0.188491040466214 0.1815058225349 -0.00383546714352991 0.234828195238605
-0.0401947995323356 0.248583954973477 -0.142018844286307 0.170548169248145
-0.238003482886884 0.126440478792292 -0.0880334488460695 -0.0334195139236787
-0.28395678486938 -0.014991636386678 0.232541041695461 0.0016564548133082
-0.0685125379667974 -0.10958335111743 0.440609002173765 0.0372405432127131
-0.156280602735372 -0.0734596995021602 0.350468268682414 0.173157091613089
-0.138756822676135 0.0618324988765379 0.334689553226798 0.129875840863836
0.000551521864355385 0.149208019321679 0.294786107414495 -0.0378689096774891
0.0950490965768193 0.0899567382383176 0.202360257340643 -0.135771533968984
0.115400255752142 0.0129991466032428 0.132649257463126 -0.163013313380914
0.0985823922998157 -0.0605179254648096 0.117639362379425 -0.149172739491236
0.068657575160447 -0.0934086049320003 0.120011063875381 -0.13095396990085
0.075230982865396 -0.104466605485268 0.174897270137305 -0.0924248441828708
0.120202634128769 -0.0633821769607288 0.227663718348952 0.00808198149121491
0.151576772552807 0.022867227655582 0.203510913546844 0.1570622922696
0.11841158995521 0.1546708505062 0.0262614161299478 0.246014267581837
-0.0773398242635014 0.16855683883373 -0.119728448592539 0.178110126352653
-0.187461596481675 0.0331639935067008 -0.0681410198303616 -0.0228185322587952
-0.149442172016418 -0.0854355505472227 0.279072364095598 0.0290271068727281
0.0210108305335938 0.109941937737437 -0.329465423384116 0.0215360421244085
0.107765957803776 0.024492081789473 0.0578001595963527 0.112905437605936
0.0598617118455961 -0.0855414367124581 0.168072750479574 -0.189019850116372
-0.0561581726555824 -0.0857811029152975 -0.0314669759483366 -0.32202119927348
-0.0716118707492391 -0.00593089056160916 -0.280244504419092 -0.209517442919374
-0.0404952227594019 0.0198836045012322 -0.307460725081918 0.00960134536123331
-0.0367562144497635 0.0316065682316745 -0.211655611012639 0.134163211115706
-0.0285053200415772 0.0337491210454911 -0.145667138084226 0.173651679377089
-0.0297553976215325 0.00513643181432187 -0.117091325836073 0.193642656167087
-0.0179128754481954 -0.0208130551363231 -0.140114204314126 0.199914757527898
-0.0127896603311339 -0.0310524824480966 -0.206014243755871 0.163395733858723
0.0384588784923529 -0.0478068334566583 -0.301372389632861 0.0605436928747032
0.0783237648731632 0.030641542643589 -0.330504776778602 -0.0953179034850769
0.0136483497478649 0.130631202604319 -0.326500670319058 -0.201297994671427
-0.0718724392122028 0.117782045306131 -0.443348236446392 -0.0524323370883197
-0.128481991798461 0.138593183780855 -0.32374533168746 -0.0376348732998954
0.0018049821084264 0.11772971958038 0.0557233535724182 0.11133770005513
0.0614999867973837 0.0387837878260169 0.196776030598131 -0.19263762930871
0.0366142272638941 -0.010135322715696 -0.0129292636334756 -0.351581900110121
0.0218709857713594 0.00190896447050382 -0.28312912720491 -0.241920605756957
0.0381527331977099 -0.0127409078022518 -0.313216926326755 -0.0038470046446676
0.0162442420752726 -0.0344704252355765 -0.21338907147691 0.127915060957087
0.0142835124866411 -0.0316218986590423 -0.141995223998693 0.165622972444776
0.0294393863278996 -0.0529294122472366 -0.102484062848914 0.190123386326402
0.0762888222750031 -0.0330986333967488 -0.116836205584858 0.205475468807271
0.0733635081121852 0.0162825628425473 -0.183889838641549 0.185643711031513
0.0872881985334889 0.0618328389399663 -0.287867944780368 0.0978172276075174
0.0217650336855764 0.143339963918301 -0.324842314119325 -0.0458259912709654
-0.131679637560545 0.178619017076284 -0.290306747132799 -0.149042373920323
-0.247053277177167 0.127318653084664 -0.364652341821507 -0.0312617589317905
-0.268937069951916 0.129809565539781 -0.256209674539377 -0.0894336063668714
-0.135920236782935 0.186417596008465 0.0837476985836053 0.112919493934546
0.0252941028297912 0.174068808996433 0.248215865062051 -0.179779361113036
0.120371177550063 0.0969483272332113 0.0362463251941402 -0.374865893949295
0.126826520023306 0.0265668691139202 -0.251054055861717 -0.279821543178866
0.125877073669809 -0.0355368782966397 -0.292410770102068 -0.0362200321383546
0.0775419363206565 -0.0943886129294784 -0.191715067926865 0.0967673964374218
0.0546042156274004 -0.0930107436252815 -0.117666453532604 0.134180613997734
0.0735028934777069 -0.107829304739125 -0.0662070608672292 0.16431606890177
0.148082723200171 -0.0590199357561126 -0.0629390846411422 0.198139659510174
0.154287484718843 0.0315282716429128 -0.123565106809546 0.213179120684338
0.162121580841117 0.132818942490955 -0.247665617643372 0.161533913734795
0.0157355575114926 0.243612144686064 -0.3110669200958 0.0296195971255041
-0.219469962143082 0.239016635494911 -0.251581297459979 -0.095805303309131
-0.37127448461213 0.148142941753652 -0.243397737415705 -0.0142803982827771
-0.370792879275842 0.0843369014978682 -0.128642251378123 -0.118411278898104
-0.279287937599025 0.20750203322454 0.140791059207082 0.118115429888296
-0.0498295519240715 0.285387645169551 0.308341483531737 -0.140779724683386
0.167734185254186 0.216590502472077 0.113469123993911 -0.363162782576071
0.216273087779689 0.0704119093234246 -0.17407458061584 -0.303610318997614
0.205476097638232 -0.0421065146118405 -0.234156375627869 -0.0801529867456014
0.134668981548783 -0.13645964738974 -0.145127779086233 0.0460738455288358
0.087860690906764 -0.141226828892773 -0.0768664368206957 0.083371194491353
0.0993611869311666 -0.151914523706957 -0.0183501291028985 0.118642285083891
0.189773712307929 -0.0896655782087506 0.00437665582112386 0.168986714956686
0.213047634642633 0.0225103343487252 -0.0407205590668176 0.222001015530024
0.232938746841496 0.16298074033849 -0.179787944964061 0.214766381147369
0.0372402866722362 0.306873474882878 -0.273875265182386 0.105448581681939
-0.251798380197866 0.281545639094396 -0.209658672932662 -0.0592252062521017
-0.43210483024072 0.158696944644756 -0.105568989416197 -0.0123970775144889
-0.404206256002479 0.0184127309384902 0.0391598850372513 -0.115547126143055
-0.378794898722332 0.167379780976158 0.215908077417826 0.128845916819817
-0.142311654433799 0.328218130196145 0.355678026087747 -0.0737952777834355
0.157228966945324 0.305455095696046 0.19750597380453 -0.303910227531629
0.260514237666841 0.119089225554735 -0.0633242111575009 -0.292838029600834
0.251957808373763 -0.0319033946814248 -0.140645192805224 -0.121508978419772
0.172676719130377 -0.153576377258702 -0.077324229725319 -0.0139669134514557
0.107305247352992 -0.169013683783141 -0.0264863860031034 0.0222737619788876
0.109309785163354 -0.178036586047382 0.034024623231863 0.059798338046494
0.203193977047952 -0.111084343967672 0.0713787846032189 0.121886008406798
0.238980391761779 0.00961457861792942 0.0430655217504876 0.205758488498327
0.267613235557313 0.171616636957605 -0.103286739233975 0.238862765665692
0.0454642681248826 0.325176379600562 -0.22159925084955 0.154837029014916
-0.256850194449354 0.279202104605581 -0.167491282730916 -0.0399770202468199
-0.432926368101547 0.138851323251527 0.0295162608815719 -0.0206991906764587
-0.356829040674845 -0.0436192705277471 0.214933717222441 -0.0816016130701371
-0.390579342124461 0.0844280946752258 0.290730769606838 0.143777518724594
-0.204322526301687 0.284233541861165 0.3752170759438 0.00372766443585311
0.105485501427849 0.322342930921187 0.257966199169164 -0.208992436679825
0.245416804384465 0.145037825549446 0.0520729603104053 -0.247028740470457
0.250811131517442 -0.014745654194117 -0.0325682781198449 -0.149341351317488
0.178605783762189 -0.144264876784445 -0.00189720414584475 -0.0736088525592604
0.11052047334892 -0.170349221220571 0.0275361248927794 -0.0426735723581988
0.106815568575571 -0.179894481960958 0.0859207971446863 -0.00431859816659394
0.192710572717469 -0.115915215936505 0.131436579645338 0.0680571723818471
0.234120650056178 0.00491084402035417 0.115291009429062 0.177627884783582
0.254233456977478 0.173283291612441 -0.0368423128399846 0.241157007481909
0.0218169462541773 0.305497945705419 -0.169509184280242 0.177008580587192
-0.250387581620191 0.226709204884792 -0.12759820652079 -0.0328108350919154
-0.381620695049316 0.08345171408045 0.145961395222514 -0.0266510252648802
-0.238532959823275 -0.0856676569862879 0.359937340255001 -0.0342193049777045
-0.308877582651025 -0.00133734128588092 0.343116863355269 0.156306291812971
-0.200012580856636 0.185596501805198 0.367054069984899 0.071731557281032
0.049690973419228 0.259933108043674 0.286899282380088 -0.116577922512045
0.186815529208557 0.130739086557359 0.142418018239796 -0.189884766692802
0.201619681579201 -0.00239527330553827 0.0630492387237662 -0.164441290084916
0.150493203501776 -0.114202593919544 0.0648919234029875 -0.125884222825938
0.0938800729955136 -0.145155685975982 0.0759783386817341 -0.100343581226334
0.0921828952198292 -0.156854039990225 0.132556743931705 -0.0629088379229803
0.163448800538176 -0.101929734948282 0.185276591805011 0.0219251377988861
0.205587586495047 0.00709783307332275 0.172609485434785 0.154028729365624
0.204811095034521 0.167607889335636 0.011808402817823 0.239249623381252
-0.022553672825254 0.25478921780659 -0.12997400484651 0.183500162556516
-0.231324031712095 0.143977234962118 -0.0935470014687212 -0.0280430261546897
-0.287078177211658 0.00392889831583505 0.232718250651464 -0.0188665809620414
-0.0766999835727399 -0.105934985608835 0.447566290412263 0.00723978763383624
-0.162792169843365 -0.0634705328380332 0.363783713982329 0.152467697464588
-0.136041586364912 0.0714597337092802 0.347706915233208 0.11071660356833
0.011555111981303 0.148963628338554 0.296621088649506 -0.0585844404931131
0.104002270254659 0.0837192717219829 0.195212578511545 -0.152577717893942
0.117803110283696 0.00363370699610966 0.123288370519028 -0.176493353127744
0.0949087612777337 -0.0688910783467854 0.108157956634249 -0.163661148247675
0.0616805314078962 -0.0980223452342375 0.110955876517048 -0.143055660876033
0.0660791780378102 -0.109765039044406 0.16995517018486 -0.107385819464308
0.116263559643195 -0.0737483516645595 0.230675132513025 -0.00870808805560362
0.154803336677739 0.0111867189339486 0.218634627725021 0.147180140848787
0.131904472765501 0.1455034301635 0.0431435357554394 0.249033498625785
-0.0659121549157262 0.176922026316565 -0.108799365318472 0.189767898640908
-0.18698068559327 0.0458244673835547 -0.0723803641647592 -0.0184378795075049
-0.156694528015157 -0.076129747757456 0.281870413588381 0.00556957487943108
0.025470590076515 0.105759917623754 -0.322608142566973 0.0399659514026564
0.108265016128289 0.0184418483428845 0.0642678744671247 0.110104958602708
0.0554945802112713 -0.0876366118560423 0.158127023630303 -0.196461348366113
-0.0613982730788087 -0.0807255980077207 -0.0468005870802292 -0.319301454053518
-0.0719048700843113 -0.00309731814351492 -0.290198133133216 -0.193079570149873
-0.0393835016335123 0.0204394623139068 -0.3062254315783 0.0258662067763952
-0.0347744982376802 0.0331276682587059 -0.203103799033604 0.143034897057059
-0.025210855615956 0.0342924749726839 -0.134501837842364 0.181482137842734
-0.0288110100527528 0.00634244339087121 -0.105097072543503 0.200117247853323
-0.0189732401338205 -0.0202977688686499 -0.12788275756955 0.206660794407821
-0.0141950906402254 -0.0289657390988752 -0.195606147034897 0.172122091786084
0.0349228177641382 -0.0490007101610387 -0.29574743040302 0.0753544593555402
0.0786819034093604 0.0262168835957079 -0.33191396007182 -0.0805569788010421
0.021204580479431 0.129602064114386 -0.334769907553651 -0.185599177678798
-0.0653619418335401 0.117934624052128 -0.441595775879259 -0.0292236804825151
-0.119950567020242 0.14252785958127 -0.320226921902188 -0.0189415944456398
0.00826012307145044 0.116464415295778 0.0622751101463043 0.109141768919418
0.0636243470721976 0.0346576933760051 0.186231546500151 -0.199913973562778
0.0344838357980327 -0.0125321223717721 -0.0296012187009779 -0.349063428435748
0.0219268284892419 -0.000535095565993239 -0.295749002037086 -0.224354805237206
0.0373267118524096 -0.0159756891492133 -0.312662337705145 0.0122996346365024
0.0140837602824716 -0.0355038303950023 -0.204754774310649 0.137003165845979
0.0132456328413986 -0.0323242390827937 -0.131388416219825 0.17317898385899
0.0261226399826257 -0.0544019534838861 -0.0903511923106546 0.195788553325426
0.0743294674150366 -0.0379794589418663 -0.104367891123238 0.211357555710698
0.0747792586028664 0.0135290933358868 -0.172798485657972 0.193995984150921
0.0892685711295759 0.0565966225123225 -0.281004211228254 0.11193683066711
0.0281494563526091 0.140621376835814 -0.322550150067361 -0.0314794265472721
-0.120637841315436 0.18416105795337 -0.296966355692815 -0.135090627038123
-0.238310545382971 0.13557756314289 -0.36340243785506 -0.0126678025581754
-0.258666195672854 0.141289775862027 -0.257509697084278 -0.0738699215006175
-0.125032033699004 0.191856812014603 0.0896973970576103 0.110138315581644
0.0354396391873282 0.169961759584649 0.238066266414968 -0.190205393513522
0.123663705362028 0.0878565684966771 0.0174301162672925 -0.373290383221597
0.126885385552983 0.0182141747870721 -0.266067686745841 -0.262389799404997
0.123591484731382 -0.0435919092698341 -0.29219061880415 -0.0208446879595402
0.0710011762166865 -0.0978787588026852 -0.183938332061371 0.104793780306817
0.0493659686783193 -0.0944527633834896 -0.109289221652912 0.140423296186142
0.0663176721957605 -0.110844389835582 -0.0559679849074758 0.167236467889723
0.1440758423606 -0.0682081737051468 -0.0515721126331296 0.200592619964797
0.155098385369923 0.0241025671100473 -0.111541442280952 0.219538413408057
0.167437206385814 0.121990633559552 -0.238252724331426 0.173130622985998
0.0277165637162733 0.240206163268551 -0.304677925130379 0.0440919699281894
-0.205092132619754 0.247677277014483 -0.255982759685596 -0.0844730702880834
-0.359512683487769 0.162156666186529 -0.24395598193035 -0.00200698957848539
-0.360272690241932 0.102077712623634 -0.133146269547673 -0.108577188723101
-0.26576779561038 0.22008002879698 0.145152523525143 0.111855191299083
-0.0334840143637132 0.283421989126864 0.299336473989069 -0.153243841078338
0.176585019427456 0.202575629780298 0.0947161428629897 -0.365219019221148
0.219172819239127 0.0560772596314536 -0.192035779172999 -0.291029114117523
0.202592071772573 -0.0542643718279097 -0.236893386724431 -0.0670291174217947
0.124774588936782 -0.14269711356567 -0.141357397322567 0.0519968367242315
0.0787387719563511 -0.143500206516394 -0.0726468139980795 0.087275566933171
0.0895390203436507 -0.155441322010545 -0.010507378626019 0.119609577253167
0.183719360705428 -0.100490033709803 0.0131800528867076 0.167899314778051
0.212532251495149 0.011273805954565 -0.0283934758351135 0.224053212289949
0.239526025458539 0.147657681920205 -0.168244526794938 0.222458998860645
0.052062166339621 0.302346814312053 -0.264176453847865 0.116788837437646
-0.235304544332446 0.291539392885599 -0.213027687864367 -0.0493869790311588
-0.418681902218079 0.176155276150857 -0.108093431804708 -0.00803080640595379
-0.397133646136023 0.0385648889195897 0.032970495658737 -0.115048626283901
-0.366557829059533 0.185274793635579 0.218614505988879 0.118082687123612
-0.123101010639152 0.330205013585338 0.34923338443232 -0.0897144459865526
0.171293000920071 0.291126881110045 0.179607992024439 -0.310026172298775
0.265847715671141 0.102099547977319 -0.0811725279253516 -0.286615501970831
0.250360728829068 -0.0472668854692048 -0.146849950755462 -0.113445134979095
0.1613763131814 -0.161677550346582 -0.0775467952796774 -0.0121365919908453
0.0967774627108881 -0.171698550246945 -0.0255950918906627 0.0221548843591916
0.0974356832758973 -0.181333368017303 0.037957322626436 0.0579987314173235
0.195563405381434 -0.122551474038582 0.077264590319603 0.118415684215275
0.237409880042377 -0.00289653957448642 0.0551462910724488 0.203656726594826
0.274429109993198 0.152939315939936 -0.0912099022023261 0.243165986761077
0.0621409082411386 0.320094636552036 -0.209522809196725 0.164267622380375
-0.239689964878187 0.289816042081774 -0.170175525255293 -0.0324843426405017
-0.419734318544373 0.157335319273992 0.0254450725009158 -0.0241852336823454
-0.353375997985841 -0.0254644535155796 0.206906642006695 -0.0902648924417365
-0.383608802362096 0.103787522094984 0.292619317494944 0.128722791245433
-0.187383966180664 0.290775103090674 0.371807806082037 -0.0125523672352112
0.120646138154583 0.310504331486739 0.244734553887327 -0.220171363903371
0.252761542439734 0.12829291645712 0.0359245090631679 -0.247894372740256
0.249839640683423 -0.0300299937057921 -0.0409152472590611 -0.146861924111327
0.169269930790589 -0.153574138493917 -0.00614820028085276 -0.0755913495594563
0.0993205059009327 -0.173041590901733 0.0234379644051968 -0.0447952021089511
0.0936997765355653 -0.182435118153715 0.0855988108807606 -0.00828483576971617
0.184645825078499 -0.126137937459987 0.133977369248059 0.0612667422099889
0.232831077720681 -0.00859994966306731 0.124015666815962 0.172388528296586
0.261852916549272 0.156169804902136 -0.0251085837767832 0.241589352460793
0.0384716533748928 0.301593313018323 -0.157232617261225 0.183290634396348
-0.23599739772089 0.238761036562322 -0.129639140402287 -0.0263135505230768
-0.37178055419751 0.0998077879021697 0.139609548585642 -0.0364215257765247
-0.239188462497267 -0.0726384302894648 0.353670152856845 -0.0506418891051138
-0.305849805789033 0.0143247019660499 0.34534210088242 0.138539008916404
-0.188440605675935 0.19305721320939 0.366745813342592 0.0545191789248353
0.0624107607544717 0.251908429281082 0.278021396403146 -0.128602757458508
0.193440091110567 0.118240861053435 0.129539430149667 -0.19550634262151
0.200234553055301 -0.0149686110156642 0.0538191204490151 -0.167563490872822
0.142488591087897 -0.122168707274563 0.0565649240943906 -0.130582442722925
0.0840780717244723 -0.147059118520699 0.0686282959264826 -0.105427063558622
0.0807178763026615 -0.158235700848945 0.12814330652058 -0.0700148580862358
0.155960801604935 -0.11044770149217 0.184435950365808 0.0121365962211216
0.203463592267825 -0.00440781305764682 0.180130786699132 0.145066482376463
0.212172768848149 0.152925757315106 0.0231852622364566 0.238426741822935
-0.00808910479630662 0.253847864897979 -0.118251163584728 0.188828022329848
-0.2219235678487 0.154110921488279 -0.0954070033238754 -0.0229692157513961
-0.282963328033923 0.0169417858891938 0.227183850512217 -0.0334076552432691
-0.0801438699346353 -0.100879904520052 0.442256242208504 -0.0148926389085161
-0.163657639597604 -0.055018695438047 0.365467612618828 0.134049293406991
-0.131785892714941 0.0776500721921427 0.349678941489219 0.0947372326944869
0.0185279660706103 0.144416305163794 0.2904780273546 -0.0713308515881541
0.108584316477689 0.0761964684664868 0.185374625266637 -0.162373874106239
0.117906482312444 -0.00322684671422387 0.112631896792667 -0.182934113901658
0.089805618594304 -0.072629709432052 0.0962103763628703 -0.171294655919461
0.0550127055731525 -0.0984241817836002 0.100089048190443 -0.149468066170112
0.0573905399256995 -0.109705161359757 0.161591649617968 -0.11606975086179
0.110185144308872 -0.0794150893638644 0.227957321681641 -0.0204776512441407
0.153026698042443 0.00285234505775169 0.225089311889646 0.135174356385702
0.138511251952503 0.135632976700508 0.0551822065193412 0.245908218793583
-0.0558132452649925 0.178977452673258 -0.0963669450275568 0.193832420076822
-0.182461952159352 0.0542152010010751 -0.0744147210436089 -0.014901064471566
-0.158351987012763 -0.0675295340101669 0.276601469767729 -0.0125714530993607
0.0212417561902393 0.109222831787714 -0.315442430399162 0.0281848351742585
0.107438696096008 0.0215911125468159 0.0626368239281778 0.109055337852892
0.0570796413085197 -0.0861725592519666 0.159465733036986 -0.190807863575344
-0.0613207551948283 -0.0795432092762424 -0.0407601819379003 -0.320395018400288
-0.071913830481945 -0.00156607364241812 -0.284758667631007 -0.193026894989048
-0.0398802255002577 0.0206905501040318 -0.302184530576492 0.0204813966712138
-0.0376183446306165 0.0330684518245243 -0.203887619764574 0.138978708898007
-0.026152975089935 0.0333087612029831 -0.133986507230891 0.180148858691748
-0.0301409844945212 0.0066396517749295 -0.106549784599501 0.199301703617431
-0.019066200858443 -0.019482706296357 -0.128948493905558 0.204531435461549
-0.0136334667110456 -0.0263580710868795 -0.197278371368971 0.165928512174212
0.0302395982877169 -0.0441257116657192 -0.290430950848111 0.0670369848113788
0.0721914388008877 0.0259990640482937 -0.321949384572637 -0.0897134237966758
0.0154372731113062 0.126017659235428 -0.329176935479595 -0.195294532077246
-0.0715761829152612 0.117585891245892 -0.43634386346593 -0.0479971754478915
-0.126283240862021 0.140082109109432 -0.312434959184831 -0.0228384482272115
0.00431462185477237 0.11538219745489 0.063642497746652 0.111507388707635
0.0602763897214612 0.0354598638475977 0.192333082173578 -0.193575669990372
0.0300582665756316 -0.00987368217118343 -0.0184644090075558 -0.34895093460652
0.0204829703362846 0.00440942705064724 -0.287431448297604 -0.227235162457043
0.0373925892240415 -0.0139295953453188 -0.307981426878521 0.004420524449528
0.0131117661694682 -0.033439760058809 -0.205141829646602 0.13072833050407
0.0149373677919485 -0.0319707582759027 -0.131150322631609 0.170973074908053
0.0267488054360423 -0.0525201209848613 -0.0901849957165564 0.195021929643989
0.0756244539818023 -0.0369991237135195 -0.104064764954082 0.210972334347807
0.075198542003598 0.0179814634236097 -0.173951499157991 0.192321076094696
0.082733382333216 0.0609585698234112 -0.278400940710624 0.108829763739202
0.019156526041175 0.139909430720078 -0.318804266418874 -0.0398088189093121
-0.128111046326798 0.178235371510527 -0.296843285564797 -0.147571222956943
-0.241825384075708 0.134447532475006 -0.362545843186093 -0.0335618007512772
-0.265648945950852 0.13190536473199 -0.24982567019682 -0.0684628232791774
-0.132527070413545 0.184329031946984 0.0924510011451879 0.116835751878822
0.0257398203448188 0.167825901923648 0.248525546912501 -0.17971917202736
0.114441146637294 0.0903089506345577 0.0347364552264748 -0.370891583993083
0.123542336187726 0.0256211953900106 -0.254050112033861 -0.267607140400824
0.124305189500314 -0.0399327275173223 -0.286557399902302 -0.0308038673516297
0.0712540828090344 -0.0945224876778699 -0.1848441190745 0.0964658110683929
0.0528221197044778 -0.0934431954799899 -0.109077705370186 0.137150698833903
0.0678172220574561 -0.109038768334663 -0.0546409974329503 0.16709690411823
0.147177726518712 -0.067154008957181 -0.0507992143321366 0.20173773496853
0.15768649991329 0.0295325750891072 -0.112185157488805 0.221433421246073
0.160243268032929 0.127555659589468 -0.237318130790852 0.175358964067804
0.0165993354261734 0.241014066295412 -0.305960680022121 0.0377538573145263
-0.212776206916015 0.242179192133311 -0.25999372951429 -0.0986084722275076
-0.360902070576811 0.15888132550488 -0.247544530119797 -0.0221592792743839
-0.367208185098425 0.086349457395834 -0.128828384071034 -0.0959830973744919
-0.275215089383706 0.205511771571432 0.147667888727267 0.125663765697707
-0.0484447485463931 0.277313101649765 0.311233644986668 -0.137518777990699
0.162678371805227 0.204090813170434 0.115430156534514 -0.358844719464299
0.212688429630943 0.065300885062636 -0.177368925415096 -0.295734368100628
0.203439657437392 -0.0488744259900132 -0.229942502106122 -0.0767207759652159
0.126851256504264 -0.138119896866618 -0.141394003748403 0.0428787175523589
0.0838448012157012 -0.141480047735379 -0.0725655102200752 0.083634720118796
0.0911002651433247 -0.153816132307054 -0.00861732503798609 0.119581470329997
0.188012703618194 -0.0998553386077728 0.0157193073312897 0.17043445745111
0.215724807760683 0.0177670888804356 -0.0281368098142192 0.230314604616238
0.232914917667755 0.153383267194944 -0.167918322412135 0.229803847192268
0.0412691496090386 0.304640593162712 -0.268869608140117 0.113031205447284
-0.243780402401515 0.285174836680584 -0.220260969805346 -0.0617750758437128
-0.417476004468414 0.17093815024424 -0.115726041960778 -0.0251997111387621
-0.403053803643166 0.0190469738615884 0.0327673097584851 -0.0946657611256553
-0.3743648101963 0.166449153422596 0.218784679663688 0.137449904117484
-0.13985951445246 0.31915128377492 0.35980794386855 -0.0684837550669251
0.15392014594226 0.288988115916426 0.200570071613045 -0.298171690640815
0.256570018645475 0.111019875751702 -0.065888416802347 -0.289617747824028
0.250635666347372 -0.0408199528590527 -0.139066307974933 -0.12098552865381
0.164949470776982 -0.157156065045828 -0.0772827232680587 -0.0209811787859345
0.103134460207997 -0.169407566550944 -0.0259773154354427 0.0190855650879736
0.100558399464542 -0.179151668991576 0.0402942718108331 0.0581752500396026
0.199778569485188 -0.122541834393027 0.0796623641378639 0.121000795319789
0.242427478608407 0.00225001170534666 0.055277813243815 0.212361566351503
0.268991721829945 0.158823260921647 -0.0911989977216932 0.253394879815058
0.051752829953364 0.323594561894014 -0.216550717924942 0.16227894452886
-0.247361657690901 0.283246227279257 -0.178039279229974 -0.0427636775165318
-0.417362484945067 0.151858841378561 0.0157351415046297 -0.0360158649617054
-0.355983920119517 -0.0450018824894209 0.203087604134689 -0.0668532082572059
-0.387900900817482 0.0825157370323894 0.287792559010325 0.150586580171145
-0.202042375807202 0.276827936371112 0.376500302045191 0.0117810932790858
0.104281092534347 0.305752925077222 0.261707687850843 -0.204778346160041
0.242695032258226 0.13572326722071 0.049140085511564 -0.248540770151523
0.248935128951555 -0.0243747141624092 -0.0336670672812158 -0.151735228614898
0.17295118438704 -0.148906227855369 -0.00545254803494894 -0.0835424485306077
0.105304538439928 -0.170326895652449 0.0232202025873254 -0.0474361214166063
0.0972008745983408 -0.180888422215771 0.0873408999946074 -0.0081032296380286
0.188528698321052 -0.125528683076586 0.13667404188508 0.0654747373511267
0.236944335689518 -0.00385909590477168 0.12517154660487 0.180914834555091
0.257964235024746 0.160460239058718 -0.0265076273725345 0.254172092453136
0.0292245442222432 0.305280205253693 -0.165817865662943 0.182266106262719
-0.242358599181767 0.232766783466468 -0.136637280716895 -0.0362673044136047
-0.368215983394389 0.094939489322357 0.130645553726474 -0.0425613833154751
-0.238996070133704 -0.089253035168992 0.346158728853149 -0.0274472552104128
-0.307334854130139 -0.002904935022263 0.336056983197689 0.159426343004698
-0.198212476754228 0.178897649780029 0.365867183014173 0.077668031597501
0.0493619784357797 0.245687796072374 0.288336441991577 -0.113704632702249
0.184293844603826 0.121352488987237 0.140048601273654 -0.194923933825155
0.198849173600325 -0.0110707848865328 0.0598891082682693 -0.16978567771186
0.145476658930226 -0.119085220559123 0.0573012364624677 -0.137006787677479
0.0893773524874841 -0.145056759370232 0.067238720402822 -0.106515137600373
0.0834261952779331 -0.156354258108869 0.128981775698337 -0.0680883431658168
0.158779065581679 -0.110638157161534 0.186108239965875 0.0161259900968108
0.206906699961477 -0.000548012804641512 0.180161311800684 0.15463153162349
0.209481524936583 0.156718267214308 0.0195980537274786 0.249839592036461
-0.0159017127118139 0.256492414914627 -0.127911902589492 0.186753518798342
-0.226210949011063 0.148640144306649 -0.100237037765426 -0.0314548832460928
-0.278485458290218 0.0135571632068366 0.219218603315479 -0.0354526491147193
-0.0773451106159789 -0.110491460861825 0.434051612302614 0.00435636399840971
-0.162086496729472 -0.0666723028051722 0.353537219654 0.15229724598916
-0.13511463827087 0.0669083096945799 0.343301548446586 0.113528065867034
0.0105292703717996 0.138177143402932 0.293983671311554 -0.0578812336300083
0.102171874464608 0.0767929326411059 0.191766037550675 -0.159111799055312
0.115833401770345 -0.0015623937520239 0.117107971018533 -0.181852817768153
0.0928324239805425 -0.0710995956659126 0.0965858429912471 -0.173930512137787
0.0586170643877563 -0.0964630225929156 0.0992224646299161 -0.149010663162281
0.0592653132314645 -0.108644938349976 0.162105155297342 -0.113823247147523
0.112639781620388 -0.0795634542879536 0.227973549657375 -0.0169680136774138
0.156204707526974 0.00515618973438069 0.223217681982662 0.143472146722834
0.136205736840104 0.139366905403755 0.0494066912935507 0.255996484382635
-0.0611260363420153 0.180378215380729 -0.107194871798561 0.190052875201847
-0.18412136229005 0.049861713606386 -0.0764388124180627 -0.0219233325162527
-0.153864013494887 -0.07011252849555 0.270764528637738 -0.0097341141260001
0.0210921795484226 0.10874517161017 -0.317921268936973 0.0329678505964389
0.109775265390844 0.0210950706257645 0.066767073881218 0.11182140548322
0.0571918732949455 -0.0881639378668394 0.161786180372241 -0.195162044000724
-0.0637245722691943 -0.0794418222222393 -0.0431323497635974 -0.327061936014576
-0.0737108892001821 -0.000607574886759812 -0.292972429443965 -0.194170989090872
-0.0421648993276488 0.020752090596838 -0.308678212967459 0.0245633644744158
-0.0380063840121804 0.034145264647652 -0.205496456670061 0.143460531332529
-0.0257167863263812 0.0340071489870173 -0.132260118155984 0.18659191987739
-0.030023475395456 0.00675796277325622 -0.104586677205841 0.205519388060822
-0.0202057326078224 -0.0204746627651702 -0.129397058063663 0.21051067814908
-0.0131508384570168 -0.0250790374784321 -0.200207978065345 0.170093476706459
0.0301809574450051 -0.0451406780967023 -0.293346550638019 0.0687595512002874
0.0727482122237311 0.0262163515580335 -0.326618453687392 -0.0932083105472563
0.0175978966949551 0.127819622654447 -0.335528348656006 -0.197946646526773
-0.0730576422057058 0.118317743466384 -0.443055399294265 -0.0449667131739718
-0.126650370242298 0.141105646441466 -0.315584267681598 -0.0185069407243759
0.0052215095286775 0.117398553280882 0.067429409879042 0.114043420991152
0.0619653313766275 0.0345533175324242 0.194788363914424 -0.197316195235741
0.0301218841491969 -0.0102294463183375 -0.0206495589631569 -0.357001424038601
0.0198772764899214 0.00357205690239322 -0.294832856031437 -0.227689924633995
0.0366992452907525 -0.0162191890191002 -0.313592836164766 0.00760949774627268
0.0126023237788633 -0.0337560217831952 -0.207917884959757 0.134065744090123
0.0148083177559409 -0.032527386758518 -0.130712904948165 0.177279436853721
0.0258223499254626 -0.0541646855557758 -0.0887636605869636 0.200277747421617
0.0766895020020602 -0.0398620612092104 -0.103895567185407 0.216569859464173
0.0778502477926293 0.0187746350550754 -0.175532134769902 0.19752158577789
0.0842240494192436 0.0612919999518392 -0.281830046708307 0.111366054577221
0.0200375993512891 0.14198163122677 -0.322282974178263 -0.0412185684111602
-0.128011639833588 0.181962698551505 -0.303528793566449 -0.150261757347074
-0.244828362513254 0.135557208198763 -0.368759633822417 -0.0315078640900348
-0.26701627357253 0.134387741593309 -0.25286382935974 -0.0657061686876422
-0.133139416803045 0.188377385472979 0.0963597126607046 0.120368368691098
0.0285574338383338 0.168232765460076 0.251505755674803 -0.182980522058347
0.115941142520613 0.0895281169195952 0.0328713870967898 -0.37736471190195
0.125137451289586 0.0233201772595785 -0.262600908327039 -0.268191881487514
0.125859309292483 -0.0437889378498409 -0.292107543166923 -0.0286169589891623
0.0709575007953809 -0.0960697078585884 -0.187132213182006 0.0992621885906732
0.0529998100981919 -0.0951167538590128 -0.109821889566345 0.141424127439728
0.0665121350066329 -0.110803906384305 -0.0529443666111084 0.171550381058327
0.148859062383549 -0.0716792127320844 -0.0495020392195322 0.206659320399551
0.161154704557285 0.0291249052385865 -0.111826741925087 0.22722370851809
0.163794231654562 0.126931742215056 -0.240046468168342 0.179882677388263
0.0189800125230801 0.244031640209522 -0.309123472675176 0.0367873026994099
-0.214123697072443 0.247173716017064 -0.266729790833448 -0.0999512934469646
-0.364624211986406 0.160905970797938 -0.253217612930371 -0.0221028085007261
-0.368900538545893 0.0893061067025813 -0.131344593583389 -0.0939440860250827
-0.27684984060717 0.211419071047628 0.150196062384733 0.129334097933519
-0.0455171688752896 0.280117850125437 0.315852363036513 -0.140096433677864
0.165488020360806 0.203145233262689 0.115263120028445 -0.365229918041186
0.215950390230855 0.0621194507683404 -0.185523370589482 -0.297079016306833
0.206179456741221 -0.0545671336530537 -0.234908079011815 -0.076612853079912
0.126862068084993 -0.141640438194627 -0.144014415712285 0.0435461516344502
0.0839604554595661 -0.144680223330681 -0.0742074154942035 0.0864361681487538
0.0899158963006035 -0.155801108653176 -0.00654212313478369 0.121755750354278
0.190161294084146 -0.10498799165065 0.0172993548515762 0.174330964656505
0.220369999861007 0.0162868626138757 -0.0255783657174536 0.235643173907636
0.237653619062419 0.151284042916998 -0.1700756410043 0.234998660601946
0.0440210784346599 0.308773114031813 -0.271285411742218 0.114289642434017
-0.246022815308633 0.291483480830214 -0.225934780212158 -0.0622885840827956
-0.422029074767194 0.174039203403123 -0.11991195423386 -0.0263382911365396
-0.405178811569955 0.0219652182886346 0.0315999729130968 -0.0938873025444001
-0.379621755062022 0.171682527687993 0.221852880495891 0.140887106395631
-0.139141251934774 0.323563092110363 0.364661528320349 -0.0694187282760014
0.158094330885873 0.290173320747254 0.202204502269226 -0.30391524112843
0.261891105015959 0.107583424564023 -0.0718295830779799 -0.292123852136692
0.254385592356388 -0.0473019367653255 -0.143157438181695 -0.122649757672165
0.165658211238499 -0.162185689006295 -0.0796889094080082 -0.0220708323921262
0.102332420453456 -0.171995566219869 -0.0280353878426172 0.0198203298245642
0.0986942750747813 -0.181319505571213 0.0420048232314745 0.0587889920382134
0.201223259147836 -0.127825710203534 0.0822853596622792 0.123206319904856
0.246638202685289 -0.000419799177046912 0.0595767385998725 0.217046370853679
0.27504915429663 0.157475900626401 -0.091607033603057 0.259232331831931
0.0556731192530441 0.327836346247627 -0.217901816945766 0.164929246814578
-0.249020075099104 0.290333504241332 -0.183294133866599 -0.0428538441746842
-0.421113522307822 0.154685402912947 0.0131515011283477 -0.0391374325899582
-0.358974874741587 -0.0438259767388591 0.204635830563355 -0.0674229642063202
-0.393877483990621 0.0869017594848974 0.290897643039241 0.154405781698607
-0.201644490077287 0.280241291229298 0.381875680313153 0.0118841184662359
0.107235206830808 0.307049196341145 0.264763645711345 -0.208188071774203
0.248315747783267 0.132246460920118 0.0459425127815735 -0.251478664565683
0.253239176947911 -0.0302001016323541 -0.0358274564793894 -0.155060883022113
0.173535352416848 -0.153699102416806 -0.00782168837358055 -0.0873708639146281
0.104776718659316 -0.173049285201704 0.0203756745034809 -0.0485468591133188
0.0952037162405521 -0.182761081695724 0.0887489057103417 -0.00872213784343125
0.188908542367583 -0.131162218121833 0.139439048127826 0.0662007567461759
0.241195567953551 -0.0061803293840692 0.12994304524283 0.184356942714359
0.263717086860463 0.15804639068657 -0.0256145994959596 0.259958262649882
0.0329624020598986 0.308470379557768 -0.1656041174063 0.185692030697406
-0.244526371739579 0.238289205793262 -0.140600274887352 -0.0364249750837077
-0.371792470771875 0.0967737195081371 0.129479583763664 -0.0475824825633297
-0.240797679224569 -0.0888954255055045 0.349968386253689 -0.0286294782011081
-0.31245671151188 -0.00117479183396508 0.339797222265233 0.1624029355485
-0.199001275280703 0.181784506146731 0.370890777604194 0.0795247257049639
0.0515658638465915 0.246856788315851 0.292247548080808 -0.116266661429303
0.188825738422934 0.118768749180395 0.139096015816155 -0.198481002322564
0.202141865168771 -0.0154900163495641 0.0587621250222501 -0.174402824712958
0.146095517322455 -0.12350779327927 0.0544932075421289 -0.142293964067965
0.0888730263892769 -0.146607143849845 0.0642915712342963 -0.109824428211197
0.0817418215131035 -0.157422068774608 0.130079451891369 -0.0711555338591946
0.159193984664542 -0.114366547438147 0.188948652797157 0.0152340711780903
0.209808036902225 -0.0029252505074036 0.185715458755976 0.156641702239255
0.214007645935004 0.154767545064291 0.0213350145034217 0.255175408625856
-0.012729297223118 0.26056839777626 -0.127476443087345 0.189834986399475
-0.228665059391901 0.152625503214664 -0.103090194685388 -0.0320729395734624
-0.281018886579448 0.0143508484355958 0.218777325452023 -0.0405583538424764
-0.0784540938215428 -0.112307377939121 0.438705486235189 0.00301823679024635
-0.164335478462487 -0.0673476457042788 0.356933169174286 0.153793168751144
-0.137101644804857 0.0687512285084817 0.349213323605997 0.115719414330451
0.0105581661611431 0.139209204363411 0.298370530891632 -0.0596082696527679
0.105120651787327 0.0746528678656497 0.19299453483689 -0.164210019431286
0.117433437707055 -0.00354452161624917 0.117041316236219 -0.18825815783315
0.0926263320013459 -0.0735588004273873 0.0940976979900175 -0.180970627933592
0.0582188437643098 -0.0971108563828647 0.0957308474066405 -0.153427377059777
0.0583098181323435 -0.109198795028184 0.162092232889868 -0.117611791711661
0.11249101384396 -0.0814305704442075 0.231354707776587 -0.0184517212327393
0.158001466657905 0.00284365076117536 0.228454248459148 0.144506476242708
0.139842990009011 0.138628821904757 0.0526432478765489 0.261661412700463
-0.0605149600957894 0.183804224597845 -0.106651710778482 0.193666820281351
-0.18655808371741 0.0511197510982891 -0.079061598147851 -0.0225645762369639
-0.155091347171546 -0.0705923938974446 0.271626846191865 -0.0154924830964079
0.0218493712760274 0.111637517003826 -0.328316263062815 0.0393995223238702
0.114598929011 0.0203021001138535 0.0732383905136989 0.116317413363778
0.0581439479098417 -0.0932068818707627 0.168113660106778 -0.205341268623072
-0.068322533274473 -0.0805906191819509 -0.048348672082685 -0.344309234437842
-0.0780531752556289 0.00126921276332108 -0.308469298701216 -0.197453688127721
-0.0453765374208812 0.0225374596239279 -0.323067898631576 0.0314838575980734
-0.0389867214493541 0.0365928034581066 -0.213014727990066 0.152974882105204
-0.0253860026240289 0.0349749979269716 -0.132571692655623 0.198132938670372
-0.0313900504389484 0.00756807419297401 -0.10427662597496 0.217860153220795
-0.020941855233781 -0.0219244303440448 -0.132091000487058 0.222894133746913
-0.0124317553537282 -0.0256020028216034 -0.206997206788959 0.178824263531286
0.0306528828062222 -0.0466051698395527 -0.303809533258613 0.0743635811068216
0.0754774265694993 0.02687167160723 -0.341357185805782 -0.0976802333849466
0.0211848201273767 0.13220769084879 -0.352842622850095 -0.205150368562042
-0.0761946515724885 0.122611389934276 -0.462273019873498 -0.041382158846523
-0.129864826697045 0.146417096730503 -0.326686487806708 -0.0139587532309442
0.00774088470161372 0.122337037078065 0.0735593412646303 0.119382046187781
0.0657210251943971 0.0335283796879594 0.202054290728128 -0.208298881500746
0.0308795620330233 -0.0114790009718547 -0.0250303914020332 -0.373940023658314
0.0199926112718129 0.00326860243491825 -0.311608575255413 -0.231755299162595
0.0368700525668458 -0.0180389371708873 -0.327995363378424 0.01339176156015
0.0126972067670329 -0.0352380154862789 -0.2144061467954 0.142365076799974
0.0156029320038153 -0.0343456973439159 -0.131687302876805 0.187844254800452
0.0258601999085966 -0.0567633216326722 -0.0878499174077427 0.211872747362051
0.0793427869351678 -0.0442094369869655 -0.106039555230161 0.228832280787045
0.0831587725869525 0.0189697784232755 -0.181165858085831 0.207966493919794
0.0885549618686784 0.0629821863722836 -0.29199174370306 0.119917204843665
0.0215759289819297 0.147776108898674 -0.336078603506942 -0.0430291764133501
-0.130518791154734 0.190870584208231 -0.318873253605895 -0.154770592702847
-0.25459227917794 0.141836748327541 -0.385697149740311 -0.0288880332642533
-0.274184756970839 0.140932467568772 -0.26268544913105 -0.0631571381604314
-0.135405152745627 0.198271192751213 0.102161364446043 0.126876692931389
0.0326597934781783 0.173198289168363 0.261167949778134 -0.193045298686385
0.121537474669236 0.0908726201655881 0.0309228736892654 -0.393912783967641
0.129726010046883 0.0214904757547332 -0.278752488773511 -0.274495230070169
0.129364009779995 -0.0492250405808609 -0.305753823871805 -0.0254253377557744
0.0726992060249076 -0.101552518869495 -0.193648465981646 0.105771693227843
0.0536839113674688 -0.0995642301162762 -0.111628815423447 0.150472203832208
0.0669832544844038 -0.115931020540685 -0.0511245229066723 0.180293835730068
0.154453175497993 -0.0787445809773899 -0.0486653981126538 0.217783196380538
0.169739754096836 0.0287497278641519 -0.112812209642198 0.239400343705687
0.172084441571667 0.129438215909638 -0.249216110008151 0.190219600638447
0.0220556809075384 0.254063379072907 -0.321553519522346 0.0392467701981826
-0.220529892022994 0.259682637441085 -0.280352162126271 -0.103099552697067
-0.37877418867833 0.168939232747328 -0.265723632033937 -0.0206455526836065
-0.380707693361058 0.0950415334600458 -0.137860299907438 -0.0940470609225674
-0.285924740139267 0.224782720691677 0.157738927884407 0.136410233758409
-0.0439418327577457 0.289191704388597 0.3272991162362 -0.147689058300155
0.174544794597363 0.208564141945746 0.11653769239364 -0.381030087885794
0.225158363415987 0.0597512227848895 -0.199704245792028 -0.304323925684281
0.213678015478054 -0.0624247885830119 -0.246437935559493 -0.0756630164217047
0.129965610863368 -0.150503171913092 -0.149980637631465 0.0462139070126327
0.0849330631807706 -0.151119311581339 -0.0765357866694193 0.0921300448776535
0.0904642845042779 -0.162275159249313 -0.0042476887319971 0.127624790010478
0.195817073372385 -0.114315887125621 0.0206450110400727 0.183131843142735
0.231196771698635 0.0139888762915888 -0.0230735523418845 0.247105135643955
0.249282152586849 0.153097924199835 -0.175217027315178 0.247829815052475
0.0503175733447671 0.32021852396449 -0.280892155745795 0.12030588045279
-0.253465095050138 0.306618954813399 -0.238003071115722 -0.064191033061859
-0.436695586063727 0.183201135484042 -0.127325582406551 -0.0274112253145946
-0.417599950263039 0.0250512351730918 0.0318576437805928 -0.0958724158682264
-0.393317931370671 0.183261469721088 0.231360654212067 0.14765394747157
-0.140516936143367 0.335838032812305 0.378890922579581 -0.0736325165653128
0.168402305499349 0.298248590158524 0.208058671676652 -0.317676416728809
0.274294788241876 0.105616333437603 -0.08169554117727 -0.300637849042245
0.264274320735977 -0.055582737300308 -0.150861107585806 -0.125623007791993
0.169678498078572 -0.172334438049355 -0.0845479147620384 -0.0231027508194619
0.103751041508271 -0.180322193051419 -0.0305907863333903 0.0216463438825811
0.0979719734198582 -0.188879345911559 0.0449441279352238 0.0604971116340342
0.207466066343759 -0.13791911784819 0.0875804492248517 0.128889587564958
0.258414025720454 -0.00344341376225241 0.066275376902908 0.226312814460524
0.288725968662198 0.156739235528837 -0.0935289317547604 0.272483256881877
0.062637419439383 0.339898212491276 -0.224186463976612 0.172888407665731
-0.257000671299391 0.305227696182465 -0.192669110074973 -0.0430106789526132
-0.435855223822314 0.163055611521898 0.0099946869884853 -0.0429738779830225
-0.371100245150535 -0.0431766332783883 0.21099360768093 -0.0697275448404053
-0.410063799529049 0.09543736747218 0.30235128970373 0.159542161923138
-0.207534738853659 0.293114517548415 0.396269768744215 0.0111957216043122
0.11536035817919 0.316895577858755 0.27348442200694 -0.219325415114082
0.260528065258584 0.132082408298848 0.0423722628487093 -0.260679306664884
0.26234830899185 -0.0379882616015857 -0.0401947711883754 -0.161653131032885
0.177833724368699 -0.164522826418571 -0.0116019102810398 -0.0923806491480214
0.10552817478962 -0.181553641144823 0.0180200014139578 -0.0507919384764768
0.0951286991422093 -0.190013029988748 0.0922779393580962 -0.0109212521214465
0.194151448249586 -0.140257751840681 0.146247785677198 0.0678694377943078
0.251300126454842 -0.00963919871491689 0.139825507640691 0.192281353891294
0.276597823982333 0.157560222649594 -0.0237607923672873 0.272846094327167
0.0393411569409186 0.320470189883089 -0.16970494713917 0.193846436921095
-0.251270867948235 0.251401810326544 -0.148198518786188 -0.0366354720982374
-0.384438533181979 0.103418446585162 0.13109684999408 -0.0534732595103003
-0.249809781040468 -0.091387791262931 0.362475369788113 -0.030762395668579
-0.325303096788168 0.00212277842106351 0.35303027205353 0.168201998479992
-0.205961864378286 0.190492940906432 0.38667332988774 0.0820502050693064
0.0552794207165812 0.254736427111609 0.303006732194803 -0.122963147719037
0.198130487992688 0.119010674424462 0.139833360166728 -0.207887861649511
0.210329989178303 -0.021074573206845 0.0588249307850142 -0.184069915511372
0.150007132616465 -0.131726303898568 0.0527308265321752 -0.152266109053752
0.0898348358885106 -0.153317183529271 0.0621131602241918 -0.115835384900742
0.0817933735743442 -0.163498137698197 0.132950311097704 -0.075722951532196
0.162833541062038 -0.121773087588669 0.197341776421676 0.0143655095105021
0.218435708719206 -0.00606734878189181 0.197382451124795 0.162130610562571
0.225047883932667 0.155802705473866 0.0248120709279835 0.267792160585223
-0.00918016529977883 0.27096551268032 -0.130012726126649 0.199449345218425
-0.235710759512133 0.161249905702834 -0.109598993281653 -0.0322037491865589
-0.290535838609637 0.0170250760261254 0.224422089452572 -0.0483717118500118
-0.0819745785337752 -0.117313004709091 0.455614424927921 -8.71605655037996E-05
-0.171852504542186 -0.069119011992457 0.370729875714452 0.158779306946845
-0.141398091383842 0.0726634220038113 0.365872389565654 0.119211300536144
0.0119275454363735 0.143368386000278 0.31021560703251 -0.0645066257037147
0.110395216464996 0.0741682777034849 0.197257893883814 -0.17401397602815
0.121838056689865 -0.00728267609396783 0.118823709971698 -0.200334097082518
0.0947193311070012 -0.0789515074199644 0.0927280727825229 -0.192911391783744
0.0589356076217493 -0.100659271685723 0.0948772803060812 -0.161627269795442
0.0585149436571183 -0.112545227453996 0.165287394660314 -0.124546648756868
0.114720335055785 -0.0861612674520092 0.240147582769327 -0.0224237727123613
0.16356130002436 0.000972497903752386 0.242587921490005 0.148863129785985
0.147842233145688 0.140708120491264 0.0579809894053179 0.273289889251871
-0.0593111166660417 0.192457443243616 -0.108887960541645 0.203134915662447
-0.193387333997281 0.0553744820522531 -0.0835173378619803 -0.0238080591863517
-0.160436200601692 -0.0723944877900187 0.278718760170692 -0.0229319200457071
0.0251435226095428 0.115814682028636 -0.34303542165533 0.0537208081937358
0.122409845588122 0.0178245778124525 0.0834963815055343 0.120503452657422
0.0578528825400441 -0.101039668694008 0.17220432667436 -0.225879822901725
-0.0748145278494249 -0.0816137522482149 -0.0643964615366153 -0.364570536313975
-0.0829413237469738 0.0049020625420076 -0.334667655462727 -0.19749784146395
-0.0482319498707559 0.0263143088882599 -0.341679378108296 0.0474201395924102
-0.0396446337860112 0.0409111100874273 -0.21845658370564 0.170406346569284
-0.0248497974127037 0.038017970475885 -0.129574918598922 0.215047626117325
-0.0328606181874694 0.00881148752129326 -0.100067591109837 0.236744129376301
-0.0239257379791657 -0.022628904171981 -0.131891216087757 0.242869721235587
-0.0130056361688562 -0.0259675418225742 -0.214607874758373 0.196661253460982
0.029962019068918 -0.0496883607614926 -0.318094160633242 0.0881140137007353
0.0793769104802367 0.0251391171608937 -0.364693019507215 -0.0952964632231414
0.0278361339352432 0.139031974500323 -0.381711660993027 -0.206738289948125
-0.0778533727427215 0.131852209458659 -0.489190509242089 -0.0271876358169138
-0.131857572735828 0.156983153811937 -0.344044646443727 -0.00239633462202295
0.0128400982763372 0.129212742241972 0.0842732162182887 0.125610938252157
0.0707852596495991 0.0314864390918171 0.207819470853914 -0.227888599497595
0.0317847633250846 -0.012904046455124 -0.0396957307552943 -0.396199399432113
0.0208354051845378 0.00246551320078904 -0.338607812305528 -0.233215277133179
0.0370516264240674 -0.0210450833247361 -0.347649580533234 0.0283163682047507
0.0118462903321214 -0.0371754708618459 -0.221142340143072 0.159522857828655
0.0154321679884921 -0.0366471261506378 -0.129893466808108 0.204815000227599
0.0248927248650258 -0.0609670554999955 -0.0825245601423665 0.229102182485804
0.0817473733852345 -0.0514995753094022 -0.103372159506267 0.247996861965634
0.0905488920296547 0.0178976042587416 -0.184943992838846 0.227125027640136
0.0960334555138068 0.06282719513409 -0.305117028077563 0.136861115646575
0.0279400343228936 0.155582956790151 -0.357470593281206 -0.0381155370536685
-0.131155327827567 0.206153301927636 -0.344703047713484 -0.155457475443879
-0.264800541075309 0.157889842752098 -0.408844857432284 -0.0179729697921697
-0.283055883123344 0.155726860808972 -0.279256805836422 -0.0556278265031371
-0.135775375008823 0.215174395969346 0.114275515667083 0.13298140411023
0.0410951751793888 0.178844970249774 0.270480524078442 -0.212618095122734
0.131787706827204 0.0903719286055549 0.0195182297379535 -0.421008397178025
0.137638428696686 0.0173183939722912 -0.306246578929857 -0.277022875014045
0.133948427991199 -0.0584286147718344 -0.325251524925574 -0.0144520030981546
0.0717929074745988 -0.110739567818381 -0.200757906596602 0.119104488430068
0.0534424290171658 -0.107267661826873 -0.110932608808782 0.165149640831074
0.0664766733154773 -0.125104797203887 -0.0458020511104698 0.193986794703011
0.159620900318483 -0.0911955690896804 -0.0425958899774588 0.234320603962066
0.182996938455729 0.0242319759840398 -0.111442384860498 0.258257196358291
0.186810827894188 0.129628730972039 -0.257288523576099 0.210702309302281
0.0319276407775625 0.267322748683888 -0.33909109722109 0.0499663195876066
-0.224505263167279 0.282919926695349 -0.30177022414885 -0.101036816808178
-0.394158964506883 0.190170389227035 -0.282483130648908 -0.0139368567922834
-0.395545269428143 0.110300154453399 -0.148445632206351 -0.0917294200930473
-0.293745220022623 0.24814942388125 0.171899577232625 0.142003304587735
-0.0356762025002473 0.304623209073843 0.342212698364318 -0.165674552996099
0.191692047078445 0.211517630743461 0.110569701859341 -0.407786179135252
0.239299220208422 0.053346648929022 -0.22414660927267 -0.310934717726405
0.222389696900651 -0.0768127147841117 -0.263982478135965 -0.0709700167406706
0.130581101387325 -0.165213845844744 -0.15693607295588 0.0546164212220098
0.0837394883707388 -0.16216767679187 -0.0777123293754076 0.102069040916043
0.0885493269935559 -0.1743475352196 0.00108273868082282 0.135207919423511
0.202454141178852 -0.131181745870925 0.0286603891271047 0.194709708001899
0.24703479851793 0.00591334069236034 -0.0141462702547562 0.263001790903281
0.270758517660046 0.151051350277919 -0.177911080059196 0.269504100006639
0.0646852906595303 0.337214658186905 -0.293148246038521 0.135296913740816
-0.256786519124024 0.333356590450974 -0.255867089072087 -0.0599634792673602
-0.455251874398412 0.206732585469818 -0.138305346179639 -0.0262116897466857
-0.437658748075813 0.0382975420988966 0.02961173932693 -0.0998305265043524
-0.409088093887249 0.20859828223186 0.247434009598583 0.15153884247522
-0.135982897947403 0.356844495809188 0.398728661518646 -0.0890525344722846
0.188186911837394 0.306894926877683 0.209179623342776 -0.342659420807931
0.292848467616255 0.0992155237391495 -0.0993973127655357 -0.312794482326608
0.275932009379388 -0.0718157174450077 -0.16521486264665 -0.126507924138377
0.17112723257991 -0.190833010555847 -0.0915250181903937 -0.0226337487712963
0.10214942868917 -0.194185410572749 -0.0328475852114566 0.0257612212876099
0.0954407048146368 -0.202298247971081 0.0503912448838477 0.0627259804318505
0.21297067409566 -0.15589618171134 0.0982409638541111 0.134760283963376
0.27381249169749 -0.0136920557984314 0.0806291487023032 0.238104321678921
0.311151228675651 0.151240763831393 -0.0891780493592418 0.294099000693811
0.0794487295536433 0.357017457332419 -0.230508816196911 0.189086219566269
-0.260773173823068 0.333005364819158 -0.206789492629284 -0.0395199580100901
-0.454985658116329 0.185548487833781 0.0061954734505086 -0.0479964121133549
-0.391011146279147 -0.0356596508103797 0.218846930666417 -0.0783360503906338
-0.429927436623317 0.116122250579404 0.322962652622583 0.161657140794429
-0.208632479193488 0.314740840509741 0.421009342124633 0.000730510498128299
0.13195953496355 0.328560679247641 0.282020650377768 -0.239977917048809
0.280305527197607 0.127507437327253 0.0318578437437082 -0.275200376845942
0.275777224717238 -0.0530616644356214 -0.0486025373302914 -0.170737879394666
0.179915601317572 -0.183666317972477 -0.0175455165168911 -0.0999712215729451
0.104090496553291 -0.194863554790154 0.0149801061719786 -0.0534999222632
0.092060400250583 -0.202345744770242 0.0961854852137158 -0.0149061810135193
0.198152969284723 -0.157192853132188 0.157804959448216 0.0672289882530156
0.265819167607866 -0.0206584722419125 0.157522454627573 0.198260125206421
0.298270690299009 0.152458020513493 -0.015483519141486 0.292276337903047
0.0548299227496883 0.336631420113801 -0.172750012094297 0.211430266967422
-0.256970391903323 0.275222875623411 -0.159427736280345 -0.0341842906062894
-0.401187248987467 0.121632635486506 0.133038149897526 -0.0644466900508934
-0.265147445684504 -0.0899219775204901 0.381309191967084 -0.0430997057780884
-0.343732052438561 0.0135792458189065 0.376095238427142 0.168227932941242
-0.210127520302353 0.207182614573336 0.41186072600782 0.0761486032622316
0.0673074702487421 0.266004849841101 0.315661543581451 -0.138595278112482
0.213523685139348 0.11644598780884 0.13802264085102 -0.222993288430135
0.220524531427349 -0.0328182856299711 0.0545536007183349 -0.199022740479705
0.151834789232946 -0.147162151686284 0.047199607943962 -0.165345632481741
0.088180597757278 -0.165115426904947 0.0593263317875164 -0.124074784741891
0.0789403084576947 -0.174357200598189 0.136288900663035 -0.0852947628460212
0.165449878528115 -0.134855597801576 0.209993362574766 0.00767556566851831
0.230617804207673 -0.015366453600368 0.216453236664274 0.164835714771032
0.244150406830623 0.153473066035561 0.036344523849081 0.284939945762575
0.000579992598023844 0.287148757196056 -0.129635377669293 0.21505542463941
-0.243365464998437 0.179356074912945 -0.11813572290275 -0.0307158708028867
-0.305028071337637 0.0263863275479165 0.231338497746209 -0.0628892695870821
-0.0900636058676617 -0.121884565531632 0.480820110486712 -0.0126744848722558
-0.184619943881003 -0.0672641137112311 0.394150196478915 0.157540715277848
-0.1467400937642 0.0811674022119676 0.391228179627936 0.115730174651536
0.0172032987951679 0.15136298244927 0.325227003070135 -0.0773416370863622
0.119548295118926 0.0732933267557217 0.200227199388095 -0.190363199644458
0.128061321908592 -0.0130400897903319 0.117393278677653 -0.218157447534776
0.0956757184908061 -0.0880898242597747 0.0875194535726868 -0.210394332858059
0.058562675144315 -0.108090275523158 0.0904366790756033 -0.175100430817133
0.0567054821721515 -0.119172197403984 0.167783629288493 -0.138069042916371
0.116761327360076 -0.0949707784948849 0.253777274723965 -0.0326905252164943
0.172379369550163 -0.00648183096018806 0.262905181296368 0.148925995418716
0.16173154560518 0.141551032004435 0.0712014624498642 0.288647082160175
-0.0555474403344609 0.205716852999056 -0.107516737243706 0.21934218069902
-0.202052407868142 0.0653213237616371 -0.0908180587917539 -0.0227114080504133
-0.171115014587395 -0.0719854228682753 0.291127978769123 -0.0386716371167266
0.0311369412551443 0.117965050526845 -0.354055495819968 0.0792505852907273
0.130579025293821 0.010025179012103 0.0971344529455057 0.12145590840688
0.0527961156052309 -0.110341671833027 0.166555446417748 -0.250674992767182
-0.0841190986683476 -0.0791777457913249 -0.0940543119945045 -0.38117152522135
-0.0865871286558816 0.012227492022882 -0.366193206578233 -0.184466151786976
-0.049138707296019 0.0327396585298403 -0.35578043797905 0.0764983080063398
-0.0387628834592043 0.0466477095943372 -0.21698633190631 0.19464705047074
-0.0228241203566912 0.0414988754875521 -0.118012490642171 0.235476940837983
-0.0338610944736444 0.0118815623465056 -0.085419301405254 0.257831342411439
-0.0273174864870582 -0.0221657538173696 -0.120766421969585 0.266660577156962
-0.0147448895660956 -0.0262404015714803 -0.213730333328572 0.222553802178861
0.0278155831051516 -0.0537697138892965 -0.327521250465064 0.112496203676009
0.0845144181596487 0.022382780549143 -0.389997434335973 -0.0793729210589009
0.0393624100941996 0.144228526430999 -0.415497354076494 -0.193806403000663
-0.0745650262498425 0.143180315535344 -0.516294826426478 0.00314573864425222
-0.12955779520693 0.170994579840428 -0.358600749890202 0.0214215856041594
0.0229771785063812 0.13518006229425 0.0982025158841196 0.126955984260174
0.0754876258049759 0.0264220433362393 0.2038311668203 -0.255008223681327
0.0324652057417426 -0.015764129000463 -0.0684190698959343 -0.415892776529762
0.0213785823846666 0.00159785821065342 -0.372783853005364 -0.220063769083314
0.0360997849535062 -0.0241164511732002 -0.364341072816858 0.0556563860951116
0.00966894786758864 -0.0399651430946681 -0.219878867452288 0.183196629962619
0.0140860111890048 -0.0398054579647299 -0.119101757088221 0.224734784007041
0.0213582649643124 -0.0662715994861295 -0.0692462180428812 0.247904098977194
0.0812220761661962 -0.0611292040254108 -0.0903944076450525 0.270638821893856
0.0976050162927283 0.0124168626205093 -0.180338518214923 0.252184972288754
0.104947309462932 0.0594881960569197 -0.311721004138973 0.162541893864661
0.0384209744227603 0.162098155678969 -0.378132280185317 -0.0196681797360734
-0.123416719261952 0.226226345355944 -0.373853706747053 -0.142619534930342
-0.268364351150261 0.182488489525012 -0.431069929164241 0.00704725686934984
-0.285789063184365 0.178511328798325 -0.295100538722766 -0.0383317832280924
-0.127156138390363 0.236010290949511 0.129993454253305 0.134351832359172
0.0546832859908536 0.182642845463722 0.270963803905072 -0.241984258915234
0.144429055786727 0.0846918313197435 -0.00816565687203314 -0.445595808534402
0.144267224462602 0.00816591988473219 -0.341896172559295 -0.268762019298882
0.134599934436557 -0.072017560521787 -0.343275861218347 0.00868866898690122
0.0673158987595297 -0.122008774189053 -0.202111560871966 0.138726803811187
0.0481933888736185 -0.11553751993999 -0.103671862590101 0.182423764320933
0.0598973868251933 -0.135786262431698 -0.0326814069078996 0.207469750005492
0.160371176278189 -0.109177112819854 -0.0283782550268602 0.250957979260292
0.196179472496822 0.012804333771678 -0.0991822251032891 0.27994593899987
0.204862297419436 0.12187566341487 -0.256868166316122 0.23957160213885
0.0509384736464042 0.279377827782095 -0.352462770358673 0.0720883324124847
-0.216969934764306 0.312406636573164 -0.325987123270934 -0.0880671223032062
-0.402218686917676 0.224113731532445 -0.299611151287698 0.00292976898351335
-0.40708920070421 0.137994711278409 -0.161449342278448 -0.0835673140584182
-0.291347685498038 0.280737497808397 0.190303250420715 0.140686028509344
-0.0167188474823213 0.318826943786612 0.349365772834501 -0.195590978976578
0.215536103233282 0.207245871541076 0.089022114881903 -0.437019166519172
0.254048144881923 0.0378317106121472 -0.25746772568582 -0.308858012313621
0.226393883880777 -0.0986207510673295 -0.283394686660832 -0.0551857393671122
0.123870034782427 -0.184238857635136 -0.161189375634293 0.0678823329361185
0.0755106130660357 -0.176094804314577 -0.0735793386029298 0.114247549061847
0.0796010145140814 -0.188534997052903 0.0120765687543305 0.142757433163525
0.201811923145173 -0.154148124958666 0.0442867916546137 0.204577742502275
0.261973710950628 -0.0111395198733206 0.00443875992050281 0.277334343028912
0.294136016216605 0.137092605040175 -0.168818712806875 0.297487773678824
0.0908824124196304 0.349002365628464 -0.298511771958437 0.158873166957283
-0.247951232038592 0.369006936963863 -0.27415892409367 -0.0472625577454389
-0.465415988913674 0.246490880601512 -0.149407038781233 -0.0198438990948077
-0.455106519866884 0.0659444505474629 0.0249051375280163 -0.103486300616348
-0.415440455403408 0.247428180119656 0.269403934693876 0.146344332453175
-0.119068804747115 0.382246892124041 0.413190580691185 -0.117550291012404
0.217741923441341 0.307498988845368 0.1977986676214 -0.374291679074677
0.313603053024001 0.0818354338706368 -0.128127887403565 -0.316905793549487
0.283480917622403 -0.098630751075939 -0.183013610967807 -0.122117961234631
0.163895997771854 -0.214606004541897 -0.0987453379749361 -0.0188072534220922
0.0922499238260087 -0.210339853148821 -0.0332708763245445 0.030804161286356
0.0855737915911365 -0.217511855041978 0.0578740575473801 0.0630626411036791
0.210781589028907 -0.180174141952594 0.113465568669804 0.136080593314423
0.287730549923071 -0.0336809917424667 0.102649862646681 0.244791311058949
0.337206594629571 0.133573605193472 -0.0740030315139152 0.318096655662388
0.108915269619855 0.36889264485435 -0.228680147002275 0.213224584469523
-0.251642655792853 0.367934303721999 -0.221500595818379 -0.0289886861191412
-0.464484129253725 0.222908696322411 -0.0004816356831788 -0.0532190625069909
-0.411289162795722 -0.0143804112287689 0.225630282484996 -0.0934763443209786
-0.443872958505564 0.151919778665851 0.347130263893086 0.152002495700961
-0.198162296374935 0.342598300973004 0.441739650954166 -0.0237803578469636
0.161199469366684 0.334632487178177 0.279671570270654 -0.269265710981597
0.302005897126194 0.112206383801594 0.0124505887829386 -0.286776813862521
0.284341147671989 -0.0787830440470973 -0.0638735516397312 -0.175727724760482
0.172714391966313 -0.207635917000971 -0.0273464912379052 -0.104602110011948
0.0946014715382184 -0.211284188605106 0.0105831399402536 -0.0558633005412457
0.0818191764155135 -0.217465357795293 0.0999760336673054 -0.0220274351666729
0.196193394540856 -0.18019937101806 0.171203575547303 0.0607034777827282
0.27821420824177 -0.0401485278819038 0.180185686843149 0.197964437177334
0.324271051548959 0.136299655094159 0.0034777107550507 0.311092044773018
0.0809776154066986 0.349548287413846 -0.165457220022614 0.233435612543104
-0.251771694494321 0.307293007654058 -0.17115918973921 -0.0256868752127287
-0.412675219005587 0.151538294596555 0.130933079981403 -0.0794969618310116
-0.283077403470412 -0.0793992077882751 0.397668233419034 -0.0672855593283398
-0.360699519530778 0.0373171521282984 0.402730887073076 0.154430370775437
-0.207241150587679 0.230529534225547 0.437170678933679 0.0548904359715561
0.0882530563365306 0.27371287740676 0.321690299116183 -0.164955914661363
0.232026212470032 0.105589645717552 0.127893763114711 -0.24034559562485
0.228345003307041 -0.052128886343139 0.0427318334932645 -0.213968780202358
0.146293560458779 -0.166757371406899 0.0349325992078862 -0.179266044761378
0.080463494639119 -0.178880557680984 0.0499162425983079 -0.133265844771789
0.0695431299062799 -0.186952044028571 0.135782589973599 -0.0988063144522843
0.162670365738294 -0.153406948786651 0.220991803525059 -0.00598411491699654
0.241129484521662 -0.0330667003015298 0.239899899265659 0.158478933585222
0.266444039996623 0.141103754264258 0.0577095822077103 0.299631848107238
0.0209863783576812 0.300455256536482 -0.120664518627762 0.23544740258606
-0.243070260940147 0.205127947608272 -0.128111089585924 -0.0259609840291086
-0.317068140771013 0.0461694120888419 0.232962922753343 -0.0851031172259766
-0.102149931236111 -0.123371077055308 0.50318860902255 -0.0429028777661605
-0.198454277377616 -0.0585718429033794 0.421623012637789 0.141657274319495
-0.148611976697111 0.0942976092471738 0.418351352488065 0.0990084428954893
0.0278330944858828 0.156504692022223 0.335947112513092 -0.10036672374433
0.130355234603079 0.0667983560770558 0.195971688832426 -0.211435552683315
0.132714015652351 -0.0239997924086987 0.106718677487118 -0.239496880877949
0.0930018074978345 -0.100114985044702 0.0731664367366072 -0.228990077942274
0.0532134567347998 -0.1173645159677 0.0788407654105022 -0.189097030385427
0.0508972547811638 -0.128439276480329 0.164444865690813 -0.155638333510415
0.11462130916552 -0.106738308576487 0.263753662201098 -0.0520140426896121
0.179503788461759 -0.0192278499554245 0.287933996845395 0.138347331132427
0.179155592631446 0.135468551349008 0.0948212764315346 0.3014494971633
-0.0436142183454191 0.220076057576139 -0.0969386989881919 0.237678231773289
-0.207201847203079 0.081354507223 -0.0985086966323878 -0.0190014318141566
-0.182752468332918 -0.0659545044105301 0.296710049968702 -0.0629464966663389
-0.0204713706895118 0.125847587470751 -0.363814792122894 -0.0796649055128278
0.11876554768805 0.062848969019281 0.0368602919099931 0.154544641568001
0.0918767642097121 -0.0801547617627347 0.26052965500472 -0.162753846156659
-0.0470211816687689 -0.10405458529893 0.0721135144334759 -0.399290697109151
-0.0861933774390851 -0.0191317570921161 -0.262850765626106 -0.324637316562692
-0.0614349738312351 0.0132255417422474 -0.364575255046212 -0.0809719848040701
-0.057605171446436 0.0312639586047902 -0.284265232606541 0.08902496822644
-0.0385088507333469 0.0306802546384825 -0.205294477136838 0.170651294274987
-0.0351042403637448 -0.00173029130897317 -0.184852344462616 0.205378263950109
-0.0157590391800483 -0.0300497876535859 -0.223254079298052 0.197999008712518
-0.0021586784891179 -0.0286679446925376 -0.293568017586222 0.11528396604173
0.0434011130752876 -0.0338963716988182 -0.349614586151237 -0.0403269184714358
0.0639336787810086 0.0566189192148622 -0.32898974204544 -0.24922610471303
-0.0294714651080544 0.148703212797077 -0.307515380193407 -0.371868538779443
-0.132023675628948 0.102894556435814 -0.483362514276021 -0.240020410635712
-0.193181120312608 0.104787322110549 -0.341236029732379 -0.130583470908581
-0.0354271634652159 0.135021486788979 0.0390917818414165 0.15991970288387
0.0545867005988109 0.057053957754026 0.300103601700797 -0.153342090928708
0.0342757562529714 0.00378627619597066 0.1127275452634 -0.424246987399492
0.0188070792607644 0.0176284779480535 -0.255042657771904 -0.366159719409329
0.0435555154608569 -0.00438630440044843 -0.365598558365785 -0.106420805702491
0.0240016510769929 -0.0304707980021058 -0.283579939209701 0.0753202603759944
0.0305662923571598 -0.0293161704707283 -0.201150911305803 0.160585880947137
0.0480010257474859 -0.0510418175473858 -0.1649102217819 0.203762080920609
0.102478461914499 -0.0232381726017481 -0.195376834645071 0.216343517982831
0.0882224734300839 0.0545632547196604 -0.274461497597602 0.16183112368842
0.0680291190869661 0.103569573366658 -0.358691943504729 0.0190768294503583
-0.0396303393948667 0.167299238853737 -0.346091224923142 -0.187518788798484
-0.216686695909796 0.156734907241292 -0.291990399508044 -0.310723260509904
-0.327748753169991 0.0569608509872112 -0.404533012815856 -0.199488867278879
-0.343794172762702 0.0430733286593359 -0.255721618476905 -0.154021829113665
-0.220904627981336 0.165016304297628 0.0710411338768029 0.18144146106908
-0.0332517400419329 0.193262892902458 0.361207775537116 -0.113070930336854
0.094392145276211 0.142751763037974 0.185950545081156 -0.426414724037243
0.128973478277766 0.0756379825872412 -0.205373636249158 -0.40206823622096
0.155782022764505 -0.0086872450734726 -0.328438096007561 -0.144134013384549
0.112165745371151 -0.0848294443060303 -0.247878558905225 0.0399742638194263
0.0950940586504474 -0.0867231987934836 -0.170371342766889 0.126563765051066
0.113441872629407 -0.100540502434412 -0.114761878942343 0.181200332304765
0.196550100271741 -0.0372075325911992 -0.12844488837456 0.224662995258905
0.181413206150659 0.096783737418352 -0.208788873229584 0.224040667681086
0.136938874787834 0.202531366752533 -0.340492235097821 0.118132238960839
-0.0780475828662997 0.282776762145769 -0.366946312035669 -0.0886004237628357
-0.340627393777746 0.198527569054767 -0.27306862499532 -0.240071044536354
-0.469614789276942 0.0394896970374491 -0.280181379247915 -0.146647357130141
-0.439724218345004 -0.0495136378687569 -0.111992444232148 -0.135941496565516
-0.396215157101997 0.136492152701801 0.129026877589812 0.215556983539949
-0.160965236578848 0.28921173709283 0.419772451678749 -0.0358450436716138
0.107485733453417 0.285018037666301 0.278061916435207 -0.377791912150395
0.217467048476078 0.149616471173051 -0.108283037600506 -0.407459634102503
0.252962907843265 0.00358509883309438 -0.244355776130423 -0.179202373886424
0.191973321019381 -0.120418295868231 -0.180548223016905 -0.00934781802988533
0.147600915685455 -0.133237929091607 -0.115797688112601 0.0752068457753977
0.152949406630119 -0.141976731064985 -0.0463254718671189 0.139250016884197
0.253904209034256 -0.0630713253034264 -0.040279827706446 0.212214901334126
0.253234586536826 0.100622687530593 -0.109411341937612 0.268141928116492
0.214382538424635 0.252915587587937 -0.282607190490394 0.212796734682402
-0.0715586464121319 0.366182641206176 -0.354760157984936 0.0201974619895418
-0.392470778398713 0.238633439749509 -0.243359313212056 -0.180370658276173
-0.537988634577467 0.0312885411748216 -0.130156140802075 -0.0997368453416617
-0.455209184129929 -0.1408933735154 0.0699563083101432 -0.0715115521213992
-0.50041445292389 0.0512001666935156 0.201267839818412 0.257211532359387
-0.283232656778217 0.302027701319039 0.447996691953097 0.0686088766361402
0.0662927197033384 0.377036475243536 0.355154200836034 -0.271409068223753
0.252512949261711 0.213277046319871 0.0190889531510151 -0.362665101527403
0.306268705197886 0.027009704440136 -0.122754335636722 -0.199787577079315
0.243013446966812 -0.134349369134706 -0.0855349396465183 -0.0632999342582321
0.177231944822961 -0.158993091492892 -0.0443329714678979 0.0142161506368543
0.169527359137987 -0.167517835260989 0.029094617581894 0.0839220822942838
0.272778988058793 -0.0833611699084317 0.0520193487289639 0.177092286617213
0.288580323398889 0.0889844790005511 -0.00286604166945475 0.279327467686798
0.256046675358945 0.267925848155586 -0.20366865975188 0.276266920065164
-0.0617166081787978 0.391949096096726 -0.314348249881218 0.103313231545351
-0.394303335244874 0.235891093231768 -0.201899367347184 -0.138615532347452
-0.528054264120019 0.0101503687576562 0.0245532277705633 -0.061270141302147
-0.381055390200042 -0.197590360130839 0.253452569416305 0.0239060167248794
-0.48625825046237 -0.0514989417014669 0.270535454322293 0.299350182158447
-0.340979517061419 0.229653476706332 0.433975574128195 0.171805710834667
0.0018874452762032 0.376549250939297 0.387462241978854 -0.134872469206303
0.228200215569991 0.234270280721703 0.139932438418262 -0.273798554840845
0.297291189068878 0.0445619007882402 0.0127596403164735 -0.199627963317748
0.248748737314561 -0.125360878156383 0.0161320101541312 -0.113895811322662
0.180181928232236 -0.159374013056372 0.0308373520135369 -0.049013148388526
0.165779533907266 -0.169570052009771 0.102056126464124 0.0224834368238453
0.257555483215578 -0.09001219257707 0.136379133002962 0.131384010598195
0.282423950938906 0.0786531719676021 0.0902784283832903 0.269624447401697
0.245035885981549 0.262915113137312 -0.12818938300574 0.303420250639141
-0.0778926227271105 0.362130911573388 -0.263856625696443 0.14899322428525
-0.368425034876424 0.179512020887072 -0.15514467376339 -0.112230734931399
-0.447782313525477 -0.0345500865167221 0.157392588324795 -0.0242507973916832
-0.234979418021978 -0.20405057415379 0.399899738378677 0.120249842723304
-0.358836091267172 -0.124277692110957 0.316927450190532 0.326362246723424
-0.299526762375045 0.121291509735971 0.391744539384582 0.245627001137526
-0.0391184134922032 0.287892997875337 0.380262131548966 -0.0167402858979713
0.16684954452072 0.196139904419819 0.22632423973616 -0.176725641605911
0.233403099138619 0.0456999626190317 0.129865638930031 -0.187852122481797
0.20617462900269 -0.098006321464254 0.105676935687016 -0.156462949675065
0.152757047216483 -0.135408739111075 0.0985574909958334 -0.104088579257197
0.142045845486669 -0.145727374579167 0.166855778298752 -0.0347451543576531
0.215403752069962 -0.0780943400064056 0.208987182586279 0.0889726963775315
0.242653903778042 0.069154887296076 0.161554781215595 0.255637242484537
0.190448879859303 0.243619967237608 -0.0741350775535968 0.315287256139684
-0.111777983131381 0.290955441328951 -0.223016115505782 0.170595554255109
-0.315959673615438 0.0869395908257135 -0.112222179626549 -0.0911716827693323
-0.314057240352877 -0.092729477025079 0.256280886609537 0.0202698825815253
-0.0469243215629705 -0.166795614746621 0.488732084841324 0.184610031474062
-0.165587476201021 -0.144790776915238 0.334221843886966 0.322647343328218
-0.184284510603525 0.0187990964582266 0.351406564704591 0.278835464789131
-0.0452082665467958 0.153842907136424 0.361901643418438 0.0521554636777159
0.0875245536201782 0.115161176130303 0.276097997329883 -0.117202282093117
0.132211284374572 0.0321065717269901 0.202766944932991 -0.182179524996439
0.127794203547835 -0.0579347713103307 0.163056999519563 -0.185590059152317
0.100494024072345 -0.087923276374314 0.148415273452629 -0.144008342336622
0.100929888267963 -0.0993457669588782 0.21551071161208 -0.076057375435282
0.151665016652739 -0.0537928216979849 0.265936309245865 0.0632978636456504
0.178351069495457 0.0560005614424825 0.212990505567519 0.255361504223406
0.112481856965589 0.202358766604322 -0.0414359783167499 0.33016148732654
-0.137054063978058 0.18848948667799 -0.200676548122992 0.181093647727273
-0.228961830034004 -0.0128132005361082 -0.0856943515557799 -0.0706478398640948
-0.141004060562462 -0.140611280391271 0.304341710512701 0.0724891508754018
-0.0148564846041056 0.126107070043873 -0.368667308687174 -0.0523562159785132
0.123389323141136 0.0546238539616812 0.0481898036344631 0.153962499782608
0.0851466551154877 -0.0867741677190869 0.247655671618909 -0.184301114119404
-0.0551623175869048 -0.0999214693167045 0.0414864600567858 -0.406941462942743
-0.0875403158777599 -0.0112531025356857 -0.287902454569911 -0.304788996874558
-0.0606713248854061 0.020006352664975 -0.371868638950203 -0.0507606079247892
-0.0543610340178026 0.0373164925627312 -0.276574989950068 0.110838198675607
-0.0352675437589702 0.0344150950503214 -0.189393750309905 0.186809015601102
-0.0360321754761113 0.000538303609503784 -0.167280642096794 0.222460434774389
-0.0187960343206942 -0.0293271143526252 -0.208010776983085 0.217576669322887
-0.0041819432157515 -0.0275696182889606 -0.286987430333606 0.137578744895321
0.0400418093264231 -0.0365452397840391 -0.350965732053846 -0.0171052664185132
0.0676159767459708 0.0534757089297481 -0.345789454744241 -0.229035098385
-0.0165066672062803 0.151294185335173 -0.334162854652064 -0.351931764957369
-0.125324520496709 0.112341528798588 -0.498990541123379 -0.203490642806091
-0.187152492604056 0.116967606102204 -0.350239851472552 -0.104822075379891
-0.0250106369938152 0.138454079293193 0.0514789967145561 0.158985385521087
0.0577283680251978 0.0521525813515731 0.288786340030471 -0.176152611336018
0.0346708067293519 0.000526864829275006 0.08019695388672 -0.434823044890989
0.0197935261120652 0.0171390924330129 -0.283601379902463 -0.345791944588939
0.0422431331931616 -0.00716688427574089 -0.375395086932689 -0.0768051160066763
0.0214797506556634 -0.0316287778054509 -0.27619297613069 0.0970140550126999
0.0287143122888579 -0.0316455250317525 -0.186776284562862 0.175997825165246
0.0435166432427033 -0.0555435552608111 -0.147439337148201 0.218313841431384
0.10047699739206 -0.0317905461124102 -0.179351432946289 0.23343283574958
0.0944534955126224 0.0493587270519032 -0.264300167048734 0.182708963725884
0.075536694651761 0.0990588767398255 -0.357105558099081 0.0442545660240372
-0.0280213876881212 0.171555995145773 -0.360517831458176 -0.165934904773906
-0.205019821058456 0.17281698723543 -0.314709360276577 -0.291234014005145
-0.324576051157985 0.0799798254918563 -0.420441930643899 -0.171693199464169
-0.340670011076652 0.0652771307711155 -0.266587815035426 -0.133558722722265
-0.208227431100806 0.182250768246368 0.0840292036308033 0.178974637016316
-0.0193130598622892 0.193941506132383 0.353122559659511 -0.139124202858212
0.105376351147274 0.134267758676984 0.153865096022789 -0.442065295833287
0.135020743641084 0.0654172153755336 -0.236456976423329 -0.384977223764553
0.153786251781829 -0.0218355987220034 -0.339842740176937 -0.117737380258539
0.104674744213093 -0.0938101238187757 -0.244344072502051 0.0585682031270208
0.0883037088313897 -0.0941370135341875 -0.158739558949662 0.140126115045346
0.103742402242021 -0.10950819162992 -0.0993537381969361 0.191448107858659
0.193506860358652 -0.0538616885572269 -0.111181655490252 0.237208816506352
0.191037675286108 0.0828143206369425 -0.193319591971977 0.241097631686545
0.151481639631618 0.191370917965293 -0.333173910554757 0.144065735824137
-0.0580330701015391 0.289591769727873 -0.372996994101293 -0.0648620511904466
-0.327143341511826 0.224930325099678 -0.291343661155405 -0.223098850131536
-0.467667256119558 0.0725754544426861 -0.293005038088288 -0.128309946491123
-0.442064667055561 -0.0197083396805392 -0.121297191925383 -0.124470287356574
-0.385570288853413 0.167470696688705 0.142412010649006 0.209128807530621
-0.139506327967406 0.299040848592434 0.416388369690261 -0.0648518199247881
0.12964719590848 0.274876093995484 0.250322024138977 -0.399805443065254
0.228201530231582 0.131262753714225 -0.140165673139428 -0.396539359757515
0.25212565369103 -0.0176649183591394 -0.258828138876042 -0.15948818018224
0.180420094248375 -0.136822652574095 -0.180896718427787 0.00286431002133186
0.135428988432239 -0.143686400897765 -0.109032515291549 0.0855940575172092
0.140847411984531 -0.153909309338373 -0.0344248301278863 0.142933010382017
0.248521805750124 -0.0841541809407019 -0.0237866716847499 0.21808188805294
0.263614219166225 0.0810593950210128 -0.0894075459201667 0.278631901546639
0.233625049029569 0.235613329752568 -0.26797390400602 0.236493358388376
-0.0440302289671084 0.371664738692561 -0.353137912980763 0.0434880122497405
-0.377127774353396 0.26824623375835 -0.258134493711494 -0.164290104081721
-0.534678307461293 0.0685834043826388 -0.140690312484544 -0.0928526598835789
-0.464368288579729 -0.11076535548431 0.0644947101087719 -0.0735185434742666
-0.497029010504164 0.0900480722271645 0.217790731093092 0.246653606904982
-0.260930205171626 0.320412267757965 0.452719000914352 0.0383750477133921
0.0960759282147835 0.369360859703691 0.335471552617479 -0.29711729258006
0.267914448584393 0.191954014102284 -0.00914424497036776 -0.358836631460171
0.30652745680574 0.000776655449110091 -0.137711568252525 -0.18975921679497
0.228822662521037 -0.155104718005907 -0.0912549780747985 -0.0591056264794606
0.163090352995372 -0.172394278565145 -0.0436643780249089 0.0193471392391102
0.155263929583541 -0.179759630320416 0.0360997576860076 0.081344367447969
0.265174911100495 -0.106350807447232 0.0655226333213672 0.175503080000216
0.297100376633206 0.0668412465583938 0.0191044956656479 0.281212753711414
0.277230024955002 0.244958237431791 -0.183638421224505 0.294094615125684
-0.032229603386131 0.396585444517067 -0.305284984798267 0.124829034679698
-0.379131782363472 0.266734407543724 -0.213351373583706 -0.125263795448163
-0.526878952127405 0.0467295825962637 0.0162217807370061 -0.0669421015900542
-0.393808188957552 -0.172681456777899 0.254392407721872 0.00900498033477863
-0.49126185484666 -0.0155167620101134 0.289268961855627 0.283421702430478
-0.323765390351867 0.252827369206531 0.446030267507956 0.143316622964611
0.0302538570777543 0.374610710058788 0.378932413282228 -0.161831385479216
0.246063607801812 0.214837007430092 0.117808151358286 -0.277437045759656
0.299074343083584 0.0192976064530259 -0.00171809536864788 -0.200373054131921
0.235395669901729 -0.146527549117967 0.00669962513258691 -0.118424469216673
0.165182856175427 -0.173718154669903 0.0256108041218488 -0.0494203557553315
0.150650640705319 -0.180929872183252 0.1037932647019 0.0141962757862192
0.249578268928052 -0.110940769135984 0.146318639598774 0.122026623016184
0.289042646786337 0.0561810891695933 0.110911686741879 0.262428837947402
0.265531982480941 0.24183350705117 -0.106849372551788 0.31648944330626
-0.0498260595218141 0.368298725404721 -0.251848537626143 0.168346576983674
-0.355384112817543 0.206800076506239 -0.164923724098289 -0.101995407974105
-0.450108015810149 -0.00367087592004274 0.152596786434986 -0.0395746144664035
-0.248275749718567 -0.188593137846801 0.408111442884381 0.0939522521425933
-0.368933479872852 -0.0970679909976277 0.336077103953881 0.306688781466508
-0.290312633336727 0.141323310740015 0.408799428375696 0.220304461106248
-0.0178383024038465 0.289505826429208 0.37951873497109 -0.0422255545038708
0.181133543908457 0.181768921238525 0.21167851400441 -0.189272890947198
0.235200289579073 0.0252082153914894 0.115907623038551 -0.198535046685558
0.195422852730066 -0.115426240078354 0.0914287098634034 -0.167086404972926
0.140245386957031 -0.146721785143249 0.0882245967951431 -0.111259206022955
0.128924219901867 -0.156363449484857 0.163273416448032 -0.0468082988713921
0.208677270605024 -0.0952201855037873 0.215626648310877 0.0740184750095813
0.248222756574396 0.0499068879426432 0.182255125534198 0.245086268384116
0.209912288966971 0.225770578203179 -0.050852434978418 0.324410288181644
-0.088821546205536 0.299026696924002 -0.208336812791861 0.18633671507366
-0.308730512371955 0.110473582240843 -0.121073114843805 -0.0842334868186775
-0.319748161331573 -0.0714841776106935 0.252796977451111 -0.00264208289796028
-0.0593282053332739 -0.163798483595898 0.501774432548927 0.151269036019985
-0.17613146168865 -0.134239339176585 0.352755717136608 0.300927588854106
-0.182487360574241 0.0319070908541789 0.371130298836188 0.25691035941769
-0.0336583928734101 0.156075477451057 0.365372967637328 0.0281443025614473
0.0971071154850983 0.106809200783475 0.266205166808277 -0.134259260749705
0.133118722554576 0.0206330989542004 0.189353423919266 -0.198910373143845
0.121576998564096 -0.0679869464390165 0.145324298379219 -0.200264126756503
0.0923861215954537 -0.095682066378526 0.134341899938974 -0.15479605429377
0.0913435993755721 -0.106077910562219 0.207707636050652 -0.0915037673791886
0.146076617362112 -0.0652390899795808 0.270616251640106 0.0431595310597137
0.182068577759484 0.0418547626877537 0.233046969683546 0.241139040857634
0.129340030606975 0.191815911519817 -0.0173477087278405 0.336528429211512
-0.12211598892724 0.199022589954033 -0.187460143725423 0.196738614891284
-0.229174041168594 0.00275801715660257 -0.0927579393858188 -0.0658810304794336
-0.149552389983845 -0.131706168006873 0.306119787968122 0.046352228088199
-0.0115336320521362 0.126077964389662 -0.367774098141642 -0.0306586178508944
0.125642617650415 0.0476624557762892 0.0564184068970393 0.152436087953661
0.0787075840450311 -0.0895607793423463 0.234245122837123 -0.196555889207232
-0.0603011092326321 -0.0956258502676742 0.0167197149026453 -0.407550527163099
-0.0877270468672305 -0.00497881220319045 -0.303387286891384 -0.286156528819586
-0.058963570139765 0.0255238281971655 -0.371363032698011 -0.0262504673593088
-0.0508641116024359 0.0421152688775906 -0.267307305091838 0.127193158956946
-0.0325061075801248 0.0368328047257551 -0.174260478453415 0.195867043192921
-0.0363317773768555 0.00343731886099765 -0.150201177273641 0.232706377725388
-0.0203928155428626 -0.0282573235076666 -0.193389774657325 0.230695130997939
-0.00460731970059501 -0.0262909991828745 -0.278365445209623 0.153706444989181
0.0376112399898264 -0.0377937141474607 -0.348728077685212 0.000902458401397273
0.0695381783621386 0.0503765641806709 -0.355838372215354 -0.212204629663449
-0.00697482889557393 0.150494542041881 -0.351338779088439 -0.332579497645704
-0.118376892585055 0.117812602681208 -0.504870669239298 -0.17381283629659
-0.181383075697531 0.125184814314877 -0.351309397929104 -0.0830799473832309
-0.0164020162495195 0.139411938666514 0.0591043012849468 0.157353397645203
0.0591084868917862 0.0478920615108497 0.275334102991815 -0.191143370299247
0.0343936649067364 -0.00246295521415688 0.0541899400263507 -0.43794362654495
0.020480653291831 0.0164370548178911 -0.3015901764993 -0.326156363260136
0.0404877786636017 -0.00899271686681666 -0.376101040660793 -0.0523995277283097
0.0189742468479811 -0.0312623981706335 -0.268031962794369 0.111984843609343
0.0270667269312635 -0.0319608696135551 -0.172933397827889 0.185603382740156
0.038987464475666 -0.0573432647973281 -0.131463020367248 0.226204296845558
0.0975188037300304 -0.0385691610792242 -0.163334669505876 0.245371066125831
0.0981600957864985 0.0435467380748967 -0.252936683585067 0.198091302191706
0.0800476225861943 0.0937477939660737 -0.352003998662993 0.0633607243068696
-0.0183196334929449 0.172422375452531 -0.366817716249007 -0.149527347076298
-0.193074602310845 0.182930175854198 -0.329411344651357 -0.27235046392723
-0.316668446577528 0.0967639371082543 -0.426282017503187 -0.147346162227585
-0.334829447843874 0.0805468546137994 -0.270329953855631 -0.115827811733025
-0.195658770642357 0.193432387074491 0.0921296503245654 0.176697057663715
-0.00894090364773254 0.191739174989499 0.341557397916069 -0.157111707636841
0.112707239259527 0.125060293024395 0.127845821080036 -0.448363317129202
0.137102373080001 0.0570531888698524 -0.257087252339172 -0.365972214470322
0.149880173062832 -0.0312402985262203 -0.343760761199991 -0.0948426177761447
0.0965188820814209 -0.098707306714723 -0.238474080053988 0.0713148001837391
0.0815058328476075 -0.0971963281104383 -0.147720026717956 0.149220230953563
0.0950914094871952 -0.114407131542915 -0.0856518684596665 0.195831262213232
0.188028789365035 -0.0662688436687127 -0.0956016524725311 0.245314611106057
0.195909902255885 0.0712617905353811 -0.178427794631857 0.252732448941528
0.161014342685455 0.180769073311807 -0.322590857161128 0.163634037016764
-0.0411445048773657 0.291170157914946 -0.373562703364014 -0.0478899978086514
-0.311993579451377 0.241787044139508 -0.302965768725484 -0.206801964622156
-0.458774877295817 0.0957993776286141 -0.299827363375944 -0.111982765001479
-0.439538565548144 0.000938261625577212 -0.126761535505536 -0.114527235508694
-0.372940643623032 0.188197509285537 0.151750686320127 0.204586506750869
-0.122143631155249 0.301129594078889 0.408258802710124 -0.0851209058081699
0.144528371219343 0.262286566767008 0.225604750752004 -0.41044139982665
0.233996740870842 0.115708656487404 -0.161817735419423 -0.381349680328949
0.246738906153654 -0.0337953813535259 -0.26608879652591 -0.141293140322389
0.168204643458597 -0.147209741010978 -0.179330002844692 0.0120711137296071
0.124703989373638 -0.149372260151772 -0.101763988373808 0.091919733928723
0.128507813058493 -0.159872153026381 -0.0245417564373619 0.144280065808799
0.240000507534003 -0.0997481368640652 -0.00947201439084957 0.22036478536735
0.267913948124159 0.0644988447558494 -0.0724943294184012 0.282594174706651
0.244891014879933 0.218355337870371 -0.252547571594502 0.252388835456362
-0.0222499472034506 0.372317423044568 -0.347339229636343 0.0599618830776188
-0.359104741217564 0.289188458109123 -0.265858594296431 -0.14981393637241
-0.526503846193673 0.0963820123350283 -0.147027292749959 -0.0864752457606657
-0.464874851093896 -0.0878194971200333 0.0604840275380358 -0.073934931378362
-0.488517437209897 0.118811919935414 0.226645177044169 0.238009811546908
-0.241822531499206 0.329834656018309 0.450018956656098 0.0160393413659093
0.116129683055242 0.358385916781872 0.316980273635171 -0.312179588089645
0.276573175140667 0.173924301710458 -0.030147833956925 -0.349393507085676
0.30202900368696 -0.0197393874371643 -0.146921986453811 -0.178693669449398
0.214479460546097 -0.168229954700229 -0.0950127421423279 -0.0548512318920672
0.149415531923589 -0.1801347256416 -0.0420678584872929 0.0223708942573232
0.141043162990938 -0.187025702033519 0.0408268623545888 0.0790228406186107
0.255411052634163 -0.122944135554639 0.0768014993979659 0.172345894092226
0.299638820166372 0.048168398858518 0.0358323347654855 0.279243582316238
0.289167886242393 0.223555806533678 -0.164821372760442 0.305659319495389
-0.008777257589899 0.395900386680877 -0.294443584775609 0.139113483549932
-0.361053056530469 0.28689128067605 -0.220172428685754 -0.113914185074347
-0.519664130084802 0.0749098323085839 0.00840400270095687 -0.0695084100924178
-0.399800523005802 -0.152069792272927 0.252224156614908 -0.00280289239779762
-0.488205507881089 0.0135354441561964 0.297973314076586 0.270011476598432
-0.307598382642163 0.267008092422107 0.449443362494035 0.121336546718461
0.0509771016735492 0.36788565247401 0.367028189183375 -0.179640573597106
0.256205341099778 0.196709207744235 0.100730263870508 -0.276541869610372
0.296268311985141 -0.000853311677439786 -0.0124833850974978 -0.197618142867239
0.221261242097584 -0.159880121412276 -0.00232916600300664 -0.119607295525011
0.151618070820005 -0.181550351127609 0.0214229015493482 -0.0494343369600926
0.136360625243321 -0.188226998340893 0.104815059007184 0.00923802357077059
0.239442739589666 -0.12459531093634 0.153324076484813 0.11449664305672
0.290309848699891 0.0378651150153633 0.127016000809187 0.256614373348485
0.277376780884323 0.219657074030401 -0.0869975635415409 0.324008784094339
-0.0283629535200416 0.368021701350278 -0.238042729205482 0.179977460673044
-0.340540695315924 0.226375339647991 -0.170620576206 -0.0936396308901727
-0.445460680427793 0.0203386887592788 0.144122425303434 -0.0506730018520755
-0.25680481774423 -0.174976952995753 0.409829436025135 0.0725567714292174
-0.371856110730714 -0.0748932503762914 0.345527889602133 0.289323646183791
-0.280652347905176 0.15453705540457 0.41716475682049 0.201337592507072
-0.00106606593620065 0.286590997038692 0.373646459384091 -0.0601949092880485
0.19007084889668 0.167546768027025 0.199806428520333 -0.194859791288432
0.233250412607226 0.00937348863650572 0.104148115197053 -0.204094117294049
0.183571505641551 -0.126680300867009 0.078858074730514 -0.172997960591191
0.128642349235266 -0.153494489061843 0.0786004147441924 -0.114015661528648
0.117122679432236 -0.161218927600806 0.158095733789703 -0.054524640738219
0.199279095869996 -0.106462193556814 0.218150308238427 0.0623670921747498
0.249154325839647 0.034242860842836 0.196100460519657 0.233505770681704
0.221454554154099 0.208561775097401 -0.0309254771082414 0.328496060938393
-0.0700421860136644 0.30108581298611 -0.194836626027459 0.196179034442534
-0.299892513406192 0.127024101793611 -0.126459399641967 -0.0781405923224766
-0.319345208186703 -0.0544353464081613 0.246338240946056 -0.0201054372782216
-0.0673973860611533 -0.160208887922138 0.504578062738712 0.123020817388724
-0.182412682349911 -0.123090619158905 0.362234417822739 0.282532967654687
-0.179435576291354 0.0404862108171444 0.382079989091372 0.238470628213092
-0.0251275173027329 0.15576334229072 0.363716683655365 0.0102740072773849
0.101610877265861 0.0983390038581595 0.257381042442151 -0.144471039925498
0.131940542831232 0.0116324967885779 0.175885717861836 -0.209239574456162
0.114643715363937 -0.0745508687451143 0.129448815545916 -0.209015133586743
0.085165951536496 -0.0997544854662474 0.120804326734348 -0.159478804608563
0.0834882840286279 -0.110356737371111 0.19905343046265 -0.100919636548862
0.14043587998374 -0.0734912301623543 0.270475945741101 0.0272105621153078
0.182123236295154 0.0298109735282121 0.246639181523577 0.226733451804958
0.138719891943133 0.180074339033753 0.0030211998421409 0.337515642380006
-0.108688631216302 0.204054594040946 -0.172948208611266 0.205115799718448
-0.2272806601395 0.015067373968733 -0.0984342677224458 -0.0610878490696915
-0.155183536130271 -0.124185622610757 0.301081915542252 0.026314132594518
-0.0090163133213641 0.127521160209164 -0.366890478600847 -0.0137775314693266
0.128213748764414 0.0424884429775119 0.0631634553695943 0.152175787510067
0.0742969872111561 -0.0919090611880805 0.224544185750354 -0.205174530400516
-0.0648038361384164 -0.0924026332258996 -0.00259037002775314 -0.40879164255496
-0.0870739783131853 0.000537993726670549 -0.315050688365889 -0.272395197367072
-0.056859317227054 0.030048888923102 -0.370573234945149 -0.00647177566981406
-0.0470700750402774 0.045362610996621 -0.259805482705884 0.138953783844367
-0.0286144354796163 0.0389246563751716 -0.162179679960535 0.203044940707955
-0.0365669795358371 0.00554389808817496 -0.136788608979118 0.240431975189294
-0.0222419753064443 -0.0272459335399088 -0.18142931289836 0.242020006614086
-0.00513023795456165 -0.0258144016769298 -0.271877863927323 0.166741273431261
0.0350109036019094 -0.0382591199159687 -0.347526404278851 0.0137159810505271
0.0715658071732989 0.0480157151392112 -0.36399610700432 -0.201267837252731
0.0014048385966855 0.150254646822626 -0.364174487558864 -0.317272136633417
-0.112752439336269 0.122050950694867 -0.509370208636095 -0.151030243644453
-0.177594645966058 0.132257705837972 -0.352627777556308 -0.0671194703462231
-0.0096781213171307 0.140791064613345 0.0668698790863769 0.158428073576816
0.0610731764585758 0.0450420733917914 0.265598258401628 -0.201581930294798
0.03394983545879 -0.00525673606588113 0.0340060833530468 -0.439838696666238
0.0215258604668069 0.016253240783753 -0.31421818660366 -0.310473769067349
0.0395498558324589 -0.00952396198376112 -0.377284804581175 -0.032499189596023
0.0179156465896035 -0.0311901152535299 -0.261533828692096 0.124146593151098
0.0264534577842107 -0.0318622499820709 -0.161684475607968 0.192092673674217
0.0348181409050456 -0.058198344945615 -0.118923748027054 0.232827150607729
0.094976003193154 -0.0445031852754949 -0.150582745036148 0.255363271317752
0.101180241910164 0.0386546397211485 -0.244730996867359 0.210546291918469
0.0837766477515899 0.0898486469036319 -0.348076732937927 0.0777562535628216
-0.010742847416416 0.173915902015428 -0.37260196008831 -0.137557549873498
-0.183524661311562 0.191587485214779 -0.340473595350542 -0.258892610334224
-0.311271552000204 0.108820171241672 -0.43149386200077 -0.128526700638287
-0.332121632826415 0.0930730212241437 -0.272897451217005 -0.101470336507822
-0.185443619808419 0.203002603524879 0.0995895730706895 0.17673474416197
-0.001323223321125 0.189952514699396 0.332639975945545 -0.169003671056785
0.117309866945208 0.117024853514346 0.107187338503026 -0.453069440521736
0.139170253353208 0.050669897133061 -0.271767656803905 -0.349920987445491
0.147188233940926 -0.0377659438030442 -0.346396484248472 -0.0759539620420728
0.0905619724368554 -0.102364745313259 -0.23526679645709 0.0821698496345049
0.0764494268282503 -0.0996408629213596 -0.138514538087238 0.155308966345322
0.0883403888835098 -0.117393248087135 -0.0748393829957421 0.200596727586388
0.182988710512792 -0.0762225993980467 -0.0825675396703473 0.25257858605042
0.201119828408442 0.0616299884899316 -0.167159583053166 0.261966511521529
0.168780255544432 0.172279456979449 -0.314946766665294 0.17787410305715
-0.027563860167988 0.293452779345797 -0.373999028279554 -0.0358627512761704
-0.300374355710077 0.256139522277711 -0.312018253837414 -0.194373284350978
-0.451722756545066 0.114844647939647 -0.305401375582725 -0.100013472985606
-0.438273256568422 0.0167146966832514 -0.129874809453667 -0.10591547974367
-0.362456373331812 0.20529315386275 0.159365558455636 0.203366085391382
-0.109139683812033 0.30351261622295 0.403788063896181 -0.10004707991978
0.154589941506311 0.252206295323788 0.207965232364245 -0.418814261405482
0.237305066531169 0.103920996459637 -0.177706819710034 -0.368292676130307
0.243243342074013 -0.0466621454857114 -0.270448581106448 -0.126576554563086
0.157833684341687 -0.154793216767721 -0.178394395901458 0.0193631748749495
0.116576188360617 -0.153599974772152 -0.0960373431231138 0.0968904129571047
0.119197865516482 -0.164524691645836 -0.0167832733189807 0.14541777560856
0.233633287411185 -0.11220162219538 0.00232593554042071 0.223294464426385
0.272398732838711 0.0508709952254298 -0.0593762752653966 0.28766336126277
0.253200988874652 0.20489486279462 -0.24083960413723 0.265592394670938
-0.00531918536178956 0.372948640564663 -0.343752460557063 0.0715333596506266
-0.346286800344666 0.30506501001864 -0.272572761892476 -0.139157769167709
-0.520387131386654 0.118841916032896 -0.153486573959394 -0.0816484111521586
-0.468221265856769 -0.0704188956538579 0.0573218122688668 -0.0734676668952598
-0.481126337206372 0.141371750894865 0.23435716531808 0.23282084896028
-0.228004543787516 0.338017668745724 0.449936852852037 7.10967947999042E-05
0.130823368117186 0.349629346103523 0.302972057163638 -0.323136657365792
0.283992142153057 0.15839248065414 -0.0437839035238078 -0.342177797522498
0.297720846221558 -0.0354894068560068 -0.153362605392552 -0.170318972381559
0.202643718524342 -0.178660940158129 -0.0983815898541517 -0.0521668707899062
0.139091447342966 -0.184828493053724 -0.0400643373568536 0.0257720409288043
0.130124160222158 -0.191354658287728 0.0452005042969193 0.0769534916355758
0.247172900893873 -0.135272268194567 0.0858135325562392 0.17111511807935
0.302521618446674 0.0326769494247081 0.0497818381288494 0.278614560526287
0.297300824488672 0.207534247579305 -0.149356787202945 0.314898301711858
0.00929372395905688 0.394984786578069 -0.286508174977998 0.149058237037772
-0.348813349021973 0.303060035693076 -0.225036101969288 -0.10500989427556
-0.512023065793429 0.0965539094610077 0.00126527755739634 -0.0722060567463225
-0.40419263312424 -0.13723837813777 0.250741902776884 -0.011594176671824
-0.486152428392568 0.0357585776302382 0.305306159076769 0.262438710488767
-0.296058746659384 0.277968909780897 0.451980067667643 0.105501060105404
0.0674228104754793 0.361539383603516 0.358161927399699 -0.193216607577185
0.263185015417868 0.182631140393556 0.0897797398319539 -0.274246786110063
0.293595453194974 -0.0167859245499115 -0.020157365480425 -0.196024491074337
0.208818405423561 -0.169820892245215 -0.00905438818849621 -0.121451460203122
0.140699665302672 -0.186538962170195 0.0182643852349053 -0.048805904866837
0.125467897404164 -0.192150292385771 0.103983486592166 0.00463187570322472
0.230778075619479 -0.13664673593072 0.158961821449862 0.109663575143306
0.29241853548086 0.0232022918635209 0.13948709529381 0.250973764780261
0.285620861733685 0.20362495773374 -0.0704517676214665 0.330148713146008
-0.0103630054075217 0.367321359755412 -0.228054630806752 0.187964935541025
-0.330155556970941 0.240998560173479 -0.175577850284029 -0.0861740953765328
-0.441399746194394 0.0382142175030902 0.136927173686754 -0.0601376249799539
-0.262917780140489 -0.165529770960265 0.410277587259983 0.0559551126455161
-0.373333545391924 -0.057943410872658 0.35330984857892 0.278654402928576
-0.273836770553513 0.165060058555019 0.424538277643293 0.186830343367902
0.011583596548154 0.284376887727189 0.369235228745143 -0.0730811155071027
0.196814718121367 0.15629537639095 0.192716527274951 -0.198711906580853
0.231353495277707 -0.00209911551188131 0.0959001523330444 -0.20914555482266
0.174231389859786 -0.134929080955898 0.0674885271764712 -0.17852971711719
0.119157544926145 -0.157372399202137 0.071042436247589 -0.115352134440617
0.106744925370689 -0.165298736854283 0.15492121246891 -0.0609752111687083
0.192500788385896 -0.115474344185103 0.220984956753976 0.05345522839204
0.250333732332638 0.021360791753341 0.207094732823875 0.225254280921153
0.229709692496469 0.194982406587538 -0.0146334095425111 0.332273022669082
-0.0555831572264726 0.302991340069054 -0.185049211856507 0.202984159079247
-0.293181450299905 0.139782717819411 -0.131457791216728 -0.0736206035267691
-0.319809969190294 -0.0415449197726734 0.239251557063818 -0.033184215213312
-0.0743931272883226 -0.157051275127776 0.506467872630114 0.10345219764716
-0.186921170080803 -0.11458205826859 0.369956954342617 0.270641045830626
-0.177571090679124 0.0469064713189455 0.392166362643496 0.224637521875332
-0.0177265582161233 0.15549635043706 0.363523747315414 -0.00239586021564858
0.105106964127223 0.0923646356321623 0.251235444746712 -0.15195798477971
0.131156663826259 0.00501855765131879 0.167013577192728 -0.219128908640738
0.108466521933609 -0.0787708188196834 0.116133887810339 -0.215578571674077
0.0798671185264817 -0.102580180214554 0.110353585998358 -0.161840507592346
0.0772273148117345 -0.11340415228793 0.192535837394774 -0.108420646125198
0.136060773652351 -0.0785686532161378 0.270297361420801 0.0167318783358323
0.182738619991956 0.0206788670974459 0.257321381200219 0.21574373125141
0.147185994786358 0.170653126421314 0.0198345673485965 0.339949999890675
-0.0986401975643403 0.20787761593627 -0.162923252373419 0.211015869145073
-0.224884824749279 0.0245216797434045 -0.102991252386622 -0.0577978880606274
-0.15882111797619 -0.118166125200403 0.296305992432309 0.0100815487211494
-0.00581415573835346 0.130140111360437 -0.367798981158894 0.00131470199265683
0.131866510542897 0.0372469878437414 0.0717529889066882 0.153325685699957
0.0711257662708067 -0.0943097665580377 0.216767822265802 -0.213974108114942
-0.0694652925218867 -0.0892538119458392 -0.0217335302427031 -0.413012373968914
-0.0869645108457645 0.00583441521801937 -0.328545797440133 -0.262926593524936
-0.054442499884888 0.0344670723742352 -0.371255656852979 0.0120087572242023
-0.0430585564354198 0.0483545937287661 -0.253589176850882 0.153294023566315
-0.0249907688670162 0.0408760363038649 -0.152033531148751 0.210353872148751
-0.0362452733676508 0.00873392060969374 -0.124422984482125 0.249321670914054
-0.0238087670979991 -0.0265877584372661 -0.169704089866327 0.253756222699525
-0.00536926199123508 -0.0254763344687009 -0.267548928229699 0.179835289832961
0.0343514429373228 -0.0396372833764669 -0.347517978334276 0.0259570092213637
0.0739205753257331 0.0461935723877262 -0.375071539708134 -0.190253418047566
0.00933059131940303 0.151282376517654 -0.378330061400031 -0.305188437620974
-0.10761697376898 0.12589920347935 -0.515507852879202 -0.129170444401226
-0.174376097799061 0.139863143051815 -0.355729998485372 -0.0512176727111545
-0.00162859552247792 0.142754336118957 0.0752957926912053 0.160371085200958
0.0632912463673909 0.0423954155207783 0.257089561759974 -0.211964761080554
0.0326668357850962 -0.00753735264877144 0.0148168403921702 -0.444381623448685
0.0229401165233334 0.0160275056074138 -0.32846606728925 -0.297774160042274
0.0398536198743697 -0.0104866713393398 -0.378534359690405 -0.0135688561393343
0.017224585017715 -0.0310997601959401 -0.257362893792243 0.137327459563668
0.026275568183471 -0.0327337514280167 -0.151711345560679 0.200605082104709
0.0318133329639073 -0.0590594573369765 -0.106497983882123 0.240993920994701
0.092239499964037 -0.0499556211751412 -0.138373848011351 0.266096698368261
0.105576267449382 0.0343431641455205 -0.237491658021846 0.223326041420206
0.0891220114729341 0.0870252176342416 -0.345734338981159 0.0918025528601521
-0.00349664396137036 0.175870532155123 -0.381880164201333 -0.127201099437849
-0.175864108627889 0.201053996527325 -0.351855732806073 -0.24924754364736
-0.306815142960133 0.121487378946522 -0.439758832234271 -0.109771349418397
-0.330904418131588 0.105016590958094 -0.276898250879427 -0.0888934812909089
-0.176369185709145 0.213145570638849 0.108649232250985 0.178357935805389
0.00701663744421698 0.190036292814072 0.326167995115034 -0.181995557056539
0.121534435569916 0.110821654269825 0.0888034407768678 -0.460996471072576
0.142248991168913 0.0447658841177279 -0.287657158830557 -0.339395062138212
0.145088246553306 -0.0442998525400492 -0.349717730219756 -0.0590875982461458
0.0852279278017864 -0.10609724942224 -0.232862958108246 0.093113738887968
0.0735785887143213 -0.102416448767732 -0.131006994894901 0.161648306870897
0.0819076589856512 -0.120730343235141 -0.0650571658724676 0.205886702195116
0.179643020925654 -0.0865710212588391 -0.069900070281329 0.260701378027132
0.206678482531736 0.0520685186077706 -0.157354717842552 0.272224081817977
0.17769529990663 0.165819759328124 -0.307924406520948 0.191452444729119
-0.0158019972804631 0.296683787563124 -0.378400855620779 -0.0235050810541902
-0.291562476700024 0.270886250216048 -0.321906131329147 -0.182563660543087
-0.447865664977663 0.13301135278302 -0.313241131989377 -0.0887221434097107
-0.441320298765808 0.0333474498441229 -0.133738045109599 -0.0993587048742607
-0.354392233018922 0.223402327632411 0.168288637493138 0.20341266423392
-0.097882440456352 0.308454801906397 0.400578399041254 -0.113840794469136
0.165308909472562 0.243767291169572 0.191126260803392 -0.429793581236985
0.243024450139428 0.0927704643621408 -0.192046130736165 -0.359900720676955
0.240255004769875 -0.0586439937366796 -0.274772475066926 -0.11354496185393
0.149630942599962 -0.162224502544359 -0.179362823417439 0.0264658551781747
0.110305460120437 -0.157865646793306 -0.091359929789674 0.102245680178303
0.110261038370575 -0.16928918772742 -0.00896074419502482 0.146999765096051
0.228294100318619 -0.124802369941406 0.0140762924229373 0.227533583542174
0.278030001530388 0.0381576165091372 -0.0461961074388773 0.293390022865375
0.263215466757018 0.193115915923832 -0.228509380723079 0.278919971335846
0.00998147752887961 0.37546361870492 -0.342618371674971 0.0829423463526377
-0.336235499556861 0.323537400952846 -0.280363983715046 -0.130288644168904
-0.515160204586197 0.139055948594553 -0.16163026829414 -0.0779317308628566
-0.474023896666327 -0.0535843088790125 0.0550476896514043 -0.0741051296456892
-0.4764812194751 0.162100993808907 0.244298146669041 0.230861744667085
-0.216801995890205 0.348303187100558 0.451767620477816 -0.0137834178267618
0.144891695439906 0.343938071773438 0.292069987664906 -0.337531719359275
0.291839842004673 0.144831513976634 -0.0565063151679421 -0.337352086966751
0.296586213967015 -0.0502385136463701 -0.158911652235241 -0.1633669261016
0.192544561546022 -0.187661033520836 -0.102654886236447 -0.0492701220674315
0.130645863704666 -0.190308918489189 -0.0389711980640927 0.0282399485114334
0.119831210059846 -0.19696381305061 0.0498178970074233 0.0752530882675478
0.24038705222983 -0.148127901060767 0.0955007663450592 0.170776024014355
0.306808295679253 0.0184746903288544 0.0629825661864726 0.279704110439679
0.307585804503873 0.192414746358231 -0.13575792627 0.325877410886735
0.0269034744883803 0.396055952337835 -0.282516999404542 0.158583978173856
-0.338491425256723 0.320696910622629 -0.231242931444231 -0.0956991273127965
-0.509733308166143 0.118328243680575 -0.00614521831163503 -0.0738957160592598
-0.41254395377503 -0.123791418158859 0.25161184918511 -0.0194922428562044
-0.485029456402597 0.0577908885729118 0.315887295527676 0.256393510570114
-0.287925065433717 0.289358595857484 0.459436071366375 0.0920496182964793
0.0817374204724743 0.358114174352939 0.351733358956592 -0.207527594159765
0.273602759377506 0.169557887006289 0.0816151181749601 -0.275082655157456
0.291978335127665 -0.0311606435335948 -0.0265915242784234 -0.196617241365252
0.199123376316818 -0.180660319152079 -0.0169114013697557 -0.122849424669494
0.131184519789812 -0.193107563980698 0.0159104517186183 -0.0479983367858805
0.115340346997409 -0.1974441624795 0.104713413150794 -0.000483859432885744
0.223997330251312 -0.148194281793622 0.165818807603571 0.105098835588454
0.295257049735271 0.00852987185857283 0.152592396727811 0.248308597288898
0.296184224878012 0.188737986560761 -0.0553006214606364 0.338331377044762
0.00509444237672423 0.368723867228382 -0.221640851008387 0.196151133139995
-0.320533554970817 0.256971969296081 -0.180693737037096 -0.0798557202637242
-0.440042035959152 0.0569640660671231 0.130539140171061 -0.0678951818317473
-0.270478804751177 -0.156876220436406 0.413663536470381 0.04113372925347
-0.377971962061538 -0.0425625159092223 0.364024961173222 0.271865496416382
-0.26927513114173 0.176173056149693 0.435309998221867 0.172168963577692
0.0230988548528763 0.283984692598361 0.36851758992826 -0.0870325926981284
0.203663976601578 0.147268908235562 0.188098322360291 -0.203818488616612
0.2308772923449 -0.0139549905789232 0.0891107428951548 -0.215414414141
0.165888026504253 -0.142522406769745 0.0571123994737378 -0.18390854318796
0.11182064344504 -0.162902940683826 0.0648254331995361 -0.116750068880417
0.0985943599785618 -0.169361205667089 0.151776028958736 -0.0677858977326934
0.187248008184459 -0.12502163304601 0.224823340282185 0.0458707880343426
0.251429758262332 0.00863342104394323 0.220501011179575 0.218329915196862
0.238990228392144 0.181811965317574 0.00180783149003155 0.338284493720523
-0.0418935633569618 0.306138540324757 -0.176177139703378 0.211135743564001
-0.288560361514091 0.152664462759273 -0.13747482624384 -0.06815208874411
-0.320677984196419 -0.0292138202681696 0.233957538219787 -0.0462753890173237
-0.0804154520303712 -0.155185660283351 0.511416680022125 0.0845023991242633
-0.192878059880388 -0.108304246246806 0.380541630934281 0.261652168020379
-0.177776448645352 0.0537633994102705 0.40404144271184 0.212345769213757
-0.0119102346521162 0.156633207555627 0.364035313633159 -0.0157966690457422
0.109095947896533 0.0871830411221871 0.248640937749927 -0.161122475047061
0.13082085399501 -0.00118990459003423 0.158828367991856 -0.22987731300062
0.104476357317256 -0.0837056723263263 0.104318892213533 -0.224397417882375
0.0755431902379653 -0.105836058801121 0.101609316795051 -0.165445690865598
0.071024073076453 -0.116130772467252 0.187673190045071 -0.115389803612952
0.133045611298011 -0.0843801099297234 0.271945914620799 0.00569594654126948
0.183517670377861 0.0118235981501955 0.270494434231993 0.205780021276227
0.155595050590595 0.162169375811238 0.0362585689064215 0.342839672491333
-0.0892459241899706 0.212699014704097 -0.153378398466114 0.218579110439561
-0.225596031384345 0.0326232231762103 -0.108377394395375 -0.0544009088195592
-0.164217645442949 -0.113694206080599 0.293878992866132 -0.00462683385269609
-0.0259646010464897 0.123322166532511 -0.367561086170248 -0.0568766760714665
0.121196252214719 0.0563706330024448 0.044551949412895 0.172824535020929
0.0856872352363469 -0.0754076599172527 0.252653340328845 -0.169517610702388
-0.0490702227132009 -0.0924825266366222 0.0487622911336629 -0.414172432084374
-0.0784558757096578 -0.00607884961997604 -0.280482882352216 -0.31395063996525
-0.0547005496337592 0.0257270382783294 -0.369904649316213 -0.0516617224721888
-0.0473064228203579 0.0430313270540511 -0.280827079161062 0.109138211598768
-0.0291941137338269 0.0361621633680484 -0.18452096879887 0.180276753675342
-0.0368377982815699 0.00287800282630214 -0.163686222687437 0.226843394725456
-0.0186855333534642 -0.0299022046162033 -0.211924931143392 0.220944117252956
0.000672580673773533 -0.0254882779424784 -0.296361529404475 0.130034474154857
0.0400407766408764 -0.0286427540282377 -0.348040442053435 -0.041982885806594
0.0614498115939963 0.0616929354949049 -0.341293890433027 -0.259115666024402
-0.0215021958822222 0.15211409473136 -0.330366470809555 -0.375779711353044
-0.130330502220101 0.103711268598736 -0.499413979658941 -0.231693483111055
-0.190810695451921 0.103200414880518 -0.347805197200521 -0.107271695094782
-0.0250879921907613 0.137566516739157 0.0441446228302016 0.174805611930303
0.055063832206436 0.0561537351083541 0.287790132813801 -0.160490286399552
0.0357771248207568 0.00177954094893279 0.0875357007453971 -0.437627318923814
0.0265904607030627 0.0220872983608693 -0.277027236367023 -0.348816674197142
0.0444868229742817 -0.00259646189775168 -0.374456711107424 -0.0748833379386378
0.0236782020830669 -0.0261705672196706 -0.281106714318084 0.0924504703929282
0.0344465382325044 -0.0278406614400283 -0.182795813588991 0.170776524456466
0.0424710549015353 -0.0517150836541595 -0.145363176998024 0.221372791795235
0.099890058055353 -0.0332491189513809 -0.180023912288198 0.239322826995361
0.0996711378456802 0.0526629090132548 -0.271276968837276 0.181169004586694
0.0705164114516932 0.104902092900623 -0.357130024052491 0.0282593150546802
-0.0419771312533594 0.17637270353648 -0.361113840243123 -0.192751329330681
-0.213251717234236 0.167564572157044 -0.316695837566059 -0.317019841228355
-0.32551337986656 0.0608371930218665 -0.427413153950751 -0.197259289372817
-0.336580429681721 0.0415329429043189 -0.265172302696906 -0.133446116226749
-0.20516156727776 0.179564996363533 0.0730428794020904 0.192168668758033
-0.025239329042195 0.190228954733412 0.34568071519377 -0.120186993358453
0.101258716729463 0.129584366217968 0.16189715664141 -0.4396606835993
0.1375202648492 0.070148639771939 -0.231079088064379 -0.3806862943956
0.152503047593989 -0.0194583414902372 -0.337718441833688 -0.11291524241891
0.100943907720101 -0.0893298536100093 -0.248721144426193 0.0517951332663315
0.0926883858661263 -0.0887474077876833 -0.156202920924258 0.137147810017945
0.102811312858696 -0.103940436232104 -0.0976563973372023 0.1936738735471
0.191826621185259 -0.0555200412113769 -0.110362222048941 0.247172058690715
0.196706465863405 0.0880590567085417 -0.196737799333289 0.245372034330947
0.142889384506587 0.197162021531025 -0.334906731809002 0.139101231927928
-0.0762994208629125 0.294577294895447 -0.376602374262445 -0.0838733351264915
-0.341223094179993 0.216089087926839 -0.300796148118896 -0.245398284141464
-0.466178815882929 0.0459563054192281 -0.305528332770309 -0.150335173011068
-0.431418333504484 -0.0467742652165871 -0.121848179676562 -0.120928714693629
-0.380958646903601 0.16199805527314 0.127959709857774 0.220599546452581
-0.148030524320815 0.288889623042842 0.405730442798517 -0.0443334671979784
0.120335695277374 0.265045574335797 0.254743830876859 -0.389556446053893
0.2256951636453 0.134680108181012 -0.133223189007586 -0.38522571590489
0.247286138454658 -0.0167743532967233 -0.254520998339041 -0.153572337040541
0.171742185622471 -0.134677573201462 -0.182825447676606 -0.00519467703309172
0.137913123669981 -0.137860601872643 -0.107032616892598 0.0850324878673635
0.138159270260603 -0.145895866251743 -0.0330599803865089 0.144960612319274
0.245840234615822 -0.0842298040259555 -0.0198075799879628 0.228850983519094
0.269294708837114 0.0874107584900002 -0.0875232320802093 0.284876120083104
0.222330397503747 0.239029888500225 -0.269533273558657 0.242031519394089
-0.0649085104950161 0.377948365826394 -0.357646086833273 0.0316346767750956
-0.39606541026905 0.259401788745442 -0.269417201288266 -0.183843537747655
-0.534626506135046 0.0407265063866189 -0.154081731954919 -0.109225770964146
-0.450650317088307 -0.136888694825545 0.0614062077350678 -0.0664539742105766
-0.492498558804449 0.0864375110158062 0.201262629683505 0.256066484634605
-0.273315750841972 0.306643119311757 0.436886306724124 0.0587687943778574
0.0819920503453637 0.357489650624497 0.338294611678988 -0.281958380097928
0.262583310892222 0.194059113807931 -0.00482936718676496 -0.341743748869145
0.299021926508218 -0.000356430183931669 -0.130661413403824 -0.183488046555261
0.216915636829885 -0.153535514712772 -0.0922329829639775 -0.0681204132409141
0.163194851324631 -0.167184593197841 -0.043196876459666 0.0222330955876903
0.151706688150914 -0.170485221422799 0.0377145667280138 0.0837062147350268
0.26115808368423 -0.105914630103508 0.0702171615216324 0.187661631624364
0.301213801907784 0.0725901561322057 0.0253062768696891 0.290366138995445
0.265498814990676 0.245366035552851 -0.183144416831083 0.307489504426853
-0.0524152752137926 0.402456660437024 -0.308865021420517 0.119641493985089
-0.395774424679424 0.255676252347828 -0.226012231609151 -0.141373427030551
-0.524591898708302 0.0188876052469057 0.00238682010555996 -0.076501891221929
-0.38229565839185 -0.190541393454069 0.248067990075083 0.0194509885213104
-0.485294030371559 -0.0174363125349094 0.272027501842541 0.292765742903785
-0.334779050611049 0.238906537076599 0.428145843450044 0.162624601616756
0.0185878035261039 0.360713087104438 0.375447646161325 -0.143814943858536
0.238628122053182 0.214389768033332 0.122595121650024 -0.257558029309675
0.290684077476467 0.0183763350132787 0.00623199662609085 -0.195801948954827
0.222027672497085 -0.145393406201605 0.00602693122693668 -0.126658272272778
0.163936803142829 -0.169252182400359 0.0233630113095675 -0.0430170177506852
0.146553966673926 -0.172213211735875 0.105476464301797 0.0185127706765072
0.244622425758868 -0.107800831011006 0.151080639287809 0.134035587666109
0.291555374655058 0.060307954255067 0.119035220840124 0.273123011307612
0.254991725045926 0.237673142267048 -0.105183304398877 0.33427007898239
-0.0678967952241544 0.369786611115915 -0.254937558588112 0.167694334261883
-0.367224722955719 0.196454874473235 -0.176943097924809 -0.116239086559552
-0.445849660250634 -0.0283117153621018 0.140608800688455 -0.0445410865827906
-0.239361898896994 -0.197591028908633 0.400984848173335 0.106126691113508
-0.366616011541882 -0.0981507733347771 0.319174043435348 0.319410905409988
-0.299466559786373 0.130415700198506 0.394677061959355 0.239110484239947
-0.0277307382329352 0.279762582964889 0.37265303771244 -0.0222731706074523
0.172517994954551 0.18034324309618 0.217744503302852 -0.16937034360449
0.226787991153778 0.0267425619359485 0.124356735792523 -0.197872490424869
0.183768330009381 -0.113614451192243 0.0901300592714799 -0.17427491309401
0.138818330385331 -0.14277982053545 0.0829714641745025 -0.101963606283849
0.125899204314042 -0.147180091974228 0.16321693761603 -0.039432534205318
0.204773315172821 -0.0915816482895645 0.217177424615933 0.0863877404516089
0.246690976694609 0.0533839609284396 0.189114769917124 0.255728596774611
0.200750328429973 0.220411569206731 -0.0496981869688154 0.344107022510971
-0.101715129912417 0.297564470128552 -0.213303894047132 0.188831143234825
-0.314608493006012 0.0973438233005108 -0.134356764520487 -0.0967973742459733
-0.311341502038088 -0.0921498505462407 0.241603384608754 -0.00326992595925236
-0.0564450662824344 -0.160993398273249 0.49339678216494 0.167088379444946
-0.176716402131678 -0.132499630593298 0.337094487876043 0.318645538748581
-0.189580019712533 0.0262551886336769 0.361307972530612 0.274336082820874
-0.0404517442790383 0.151765363888958 0.359651710665164 0.0472910386069821
0.0890588676250134 0.106007631628634 0.271695537565063 -0.117342776831278
0.126265924872118 0.0225634958556526 0.197038501619841 -0.202536151701528
0.11395667164496 -0.0650435679290796 0.143842696287343 -0.206989764647478
0.0928713853722053 -0.0928464772666197 0.126726414001004 -0.143419276105855
0.0891015579465793 -0.100741345807024 0.205746377146521 -0.0801525704085343
0.144406917526453 -0.0608082231361335 0.268813778134342 0.0543206623813729
0.178419838576602 0.0438618136757481 0.237955324806545 0.251483483396012
0.123272629492372 0.185432118720856 -0.0190901138949328 0.355358012556766
-0.13080776715474 0.19572826637066 -0.194091568227526 0.197720776006881
-0.229789615100365 -0.0112786727337814 -0.105716867009692 -0.078430536815736
-0.140699636512119 -0.145973318101452 0.295558027311828 0.0502501586596591
-0.021833409853017 0.125665217669419 -0.368989761539671 -0.0398247109847321
0.124664277264073 0.0495430557976475 0.0543389959704788 0.173892106410626
0.0828698567846769 -0.0787597966592239 0.245571194012013 -0.178442597093613
-0.053307425267301 -0.0890216152312546 0.0290165864715127 -0.415129156124527
-0.077075538797023 -0.00196340118239821 -0.292989254059074 -0.302859924490498
-0.0517109510361072 0.0292996527808571 -0.369652927614841 -0.0316985790267392
-0.0432834583889692 0.044627298395675 -0.273048805676189 0.123901185401472
-0.0247646535302482 0.0372726207883242 -0.174214532106777 0.186897016301507
-0.0358675292343782 0.00611367165097957 -0.150051747476037 0.235326515022726
-0.0207268772123417 -0.0287269707506964 -0.19932475857008 0.231795866042328
-0.000423679612461468 -0.0255156716288068 -0.291366371796419 0.143741978643543
0.0384787826189467 -0.0304672865303429 -0.347931098401894 -0.0297274194363742
0.0638420549314688 0.0606011795100501 -0.350327333738046 -0.248206727594418
-0.0129848136814597 0.151844947139399 -0.342824366509888 -0.361665151204713
-0.124705802408138 0.107296337164574 -0.503891977015962 -0.209544449470481
-0.186455937148501 0.110581856899271 -0.350541387144366 -0.090773036490582
-0.0167383873609866 0.13785655475552 0.0532786702813422 0.176572290062538
0.0581830835028342 0.0528254447226897 0.280156167964769 -0.170368289412282
0.0352763318140448 -0.000842113597745716 0.0671824639834969 -0.441689083909467
0.0284854270299704 0.0209129715780667 -0.290641653712869 -0.335169750024532
0.0448642273142218 -0.00448977037712334 -0.373283654427262 -0.0567965857657003
0.0227511298728808 -0.0262268870535847 -0.274690998274612 0.107259707008804
0.0349708217133059 -0.029677619251294 -0.173191430930245 0.178870794979663
0.0397879950324772 -0.0518465793533734 -0.132016993144544 0.229332836690292
0.096652117866224 -0.0387523374559679 -0.166637365760361 0.249764631862408
0.103611698953459 0.047684581986179 -0.26301720753774 0.194722642965916
0.0753814094691087 0.100653797372429 -0.353781012967261 0.0431703636454859
-0.0335312701671142 0.177703659931318 -0.36746293971218 -0.179762534189058
-0.204293728778087 0.176449866540893 -0.329433944845391 -0.302497253836305
-0.319682295641805 0.0722827109084234 -0.433791377368662 -0.178793878279629
-0.334107656810837 0.0547847523543991 -0.268278701719772 -0.120590707786228
-0.194964926844799 0.18826974881593 0.0820095252058491 0.193432194188707
-0.0166781961804692 0.189782608541722 0.339631951302035 -0.133242317833426
0.105968173701362 0.122949696352339 0.141346641730199 -0.44498339373969
0.140847777131971 0.0634802985059655 -0.245051769984701 -0.367629604708645
0.151492156151646 -0.026487602290881 -0.339146282179148 -0.0968623795308513
0.0959478459939154 -0.0927529360230344 -0.24453707991728 0.0636391376676252
0.0893177932932093 -0.0921292066367915 -0.148270770477938 0.144290718124544
0.0966194321455043 -0.10679037804564 -0.0871409492186668 0.19860658717037
0.187411661411822 -0.0656208857346145 -0.0954062274687593 0.253832448908699
0.202257005665923 0.0776078207536365 -0.184204648548232 0.254972815640804
0.151290582153809 0.188554182925265 -0.326591525142763 0.154118558607942
-0.0636133700304813 0.296415235907107 -0.378813515667803 -0.070971493854866
-0.331332540800761 0.229982369055933 -0.309943529870083 -0.23197090208324
-0.460717698595607 0.0631895620113469 -0.311802952311983 -0.137587434484598
-0.432742754329526 -0.030056106490333 -0.125504731701179 -0.114250166654039
-0.372048043830947 0.17982253749757 0.13858053662807 0.219607691193959
-0.13620929232606 0.293482840383113 0.401776321416514 -0.0586617115136725
0.130356865022912 0.256590684559746 0.237793417810008 -0.399854507900879
0.23146342591239 0.122653351572515 -0.14866496785978 -0.375493268003378
0.244772770086776 -0.0295753350213997 -0.258481041591909 -0.14163264280528
0.162392993295741 -0.142339007256881 -0.183438906018886 0.0030355703595746
0.131411982584717 -0.143359566497892 -0.101721405710386 0.0905024556224625
0.130241154112449 -0.150055201761239 -0.0256205557345225 0.147396139579028
0.239517192029024 -0.0968282659826148 -0.00675090893246048 0.231790981285453
0.27460137306492 0.0735220744615607 -0.0735505827882719 0.289506348056224
0.232698889923934 0.225564736721994 -0.256790224914347 0.255538304118083
-0.0472203078352471 0.379000181334354 -0.355236540552306 0.0438646998079051
-0.383168180949564 0.275932816236444 -0.276093698728028 -0.171976233181479
-0.528045765089054 0.0616536452710167 -0.161061200882005 -0.102544241439665
-0.454934413401376 -0.119284812050774 0.0592166574812211 -0.067029113183931
-0.486104915675694 0.108079945992071 0.211460330892991 0.251506751669674
-0.259821577937797 0.317765141754047 0.438459511784486 0.0439729802085815
0.0971386146820236 0.350651398405935 0.324293645135262 -0.293365764305264
0.27007584176984 0.179943929102101 -0.0166482859846642 -0.33630573330789
0.297061694870995 -0.0151202265692876 -0.136030601421246 -0.177926178444654
0.206070192555163 -0.163243586894828 -0.0964395706531983 -0.0642650525924262
0.154275763474834 -0.173758518463218 -0.0419898585735853 0.0256209127958407
0.14173299215331 -0.175718637702409 0.0419875624157458 0.0816878335704978
0.252951709215479 -0.119125187426899 0.0817471636645253 0.186215882334872
0.304610345949806 0.0569381028939628 0.0392959956053769 0.289333735529824
0.273656008015759 0.228354517119403 -0.167229871461454 0.317270831051826
-0.0338464705403251 0.402650680239896 -0.302223920016317 0.130502445594782
-0.383452659442102 0.273519031868788 -0.231667444224093 -0.132616463304698
-0.518670739843702 0.040428835868817 -0.00487057289397923 -0.0775053775824898
-0.388465034167925 -0.176435948082825 0.248143702076247 0.0112086724030214
-0.48575273596042 0.00531566067403622 0.281564651836713 0.285368762746682
-0.325406014450155 0.253126470449166 0.433658208508936 0.147327440610219
0.0332740004476625 0.35741327128142 0.367669035799749 -0.156787842406188
0.247439114661758 0.200579819100915 0.113841485867939 -0.258062597384853
0.288784748973092 0.00305220027365818 0.00039394456644163 -0.197353378311501
0.211172340150636 -0.154929408947611 -0.0019803005027741 -0.128283585565244
0.154680933117688 -0.17581650378031 0.0214421081942975 -0.0425333730305143
0.135633934341042 -0.176631483278701 0.105694828631796 0.0143291381124746
0.236178694459233 -0.119739618636794 0.158163593724267 0.12906197013964
0.293652433710932 0.0453273607511938 0.132883303007838 0.267604960692241
0.263781274154072 0.221896749801557 -0.0875281474861654 0.34046886026639
-0.0502846729592313 0.371915078506072 -0.245650813231511 0.176095916978763
-0.356812321449025 0.211035747770916 -0.1825335759756 -0.10906713320927
-0.441790497110988 -0.01217538234294 0.133090371065111 -0.0519721457862332
-0.246937361207029 -0.188137622202143 0.403448516926206 0.0914337428989155
-0.369764726449591 -0.0817151506384447 0.32981168771953 0.309668577014922
-0.293741086545408 0.143190454473147 0.402975975821074 0.2241430898165
-0.0158412593289376 0.27932190414699 0.36969472407841 -0.0353071605856566
0.179163174184456 0.170502295600117 0.211866484849767 -0.175115750592232
0.225923169763156 0.0156533576788623 0.116383996411853 -0.20585708433155
0.175589982338851 -0.121281053695569 0.0790919243630069 -0.180354211920978
0.131181205095501 -0.148666034676448 0.077902508277261 -0.103500694586947
0.116658749435526 -0.151344594415589 0.160137060409246 -0.0461478869608293
0.197632586216072 -0.100506028396602 0.221862847891661 0.0771424401824507
0.248409895197847 0.0406713536930078 0.201902389549603 0.246486229561206
0.209367623038283 0.206221439807835 -0.0322241915429762 0.347283236255588
-0.0874256154885407 0.300673799818742 -0.203059544128307 0.195840241599844
-0.308507633585695 0.109675205923249 -0.139447972720771 -0.0909280721897954
-0.311764519021838 -0.0795737074670109 0.236555500838126 -0.0157806627452182
-0.0631044161500304 -0.159647202981674 0.496893306546359 0.148598629111347
-0.182908856532954 -0.123739167347188 0.34780266295228 0.306691070585549
-0.189158408824351 0.035360532314403 0.372902170526801 0.259452691223916
-0.033555882369733 0.152879903559124 0.359179392143983 0.0353196326187913
0.0935296064021035 0.100581720668734 0.2681857222978 -0.126593764352241
0.126046423926476 0.0167015729769221 0.187888891102696 -0.214363270125059
0.109321457840577 -0.0698984102996979 0.130624738222378 -0.214773708278663
0.0883979660674547 -0.0978747390019361 0.118942980835783 -0.146850754548368
0.0829336631176631 -0.102999669233742 0.201639271373105 -0.0878150128353197
0.139856930126569 -0.0668905248411719 0.270725150957115 0.0432464524592805
0.179430325936173 0.0338655988420337 0.249816604326917 0.239793897584276
0.130753186372953 0.175827266351931 -0.000901517466929861 0.356145564456608
-0.120835667860174 0.200293983192861 -0.18346951525063 0.20482504062464
-0.229317005786919 -0.00139700246533063 -0.1114256679195 -0.0743601990021467
-0.145780023555294 -0.1403666513296 0.291901906046918 0.034369598928866
-0.0178526399503429 0.127315230413561 -0.368076472422255 -0.027218368036238
0.12658752629127 0.0446122980813711 0.0619691664806282 0.175865471372712
0.0802179389282579 -0.0808400591320095 0.239401797607922 -0.183936062318608
-0.0564244318593272 -0.086746541510424 0.0140137988808264 -0.414522126756124
-0.0752964951029137 0.000537686008104331 -0.301970858062623 -0.292379471828431
-0.0481674477012029 0.0308997861355945 -0.367179100108019 -0.0189170813892815
-0.0395235213114313 0.046808610797327 -0.26451307651394 0.133862304945075
-0.0211294500267122 0.0374520301606424 -0.165321927586739 0.192667030702295
-0.0340056099796181 0.00839397069759727 -0.138247270956525 0.24135183992986
-0.0222013816651751 -0.0271848074930814 -0.188380557031451 0.239738766234859
-0.000714967329598508 -0.0257509791520958 -0.28650845263717 0.153308876780893
0.0373133294251641 -0.0319651831501953 -0.346841735500933 -0.0210471750615418
0.0652318281911581 0.0589330109495398 -0.35685065785742 -0.238799180092603
-0.00619054529740681 0.150694219274213 -0.350504230253007 -0.350669709457508
-0.120634232459894 0.108438505295595 -0.504484204423591 -0.194066120522055
-0.182920715651945 0.116592301724483 -0.35140578858187 -0.0789885749724692
-0.0104687055019707 0.137422941900742 0.061064754290624 0.178949274720566
0.0597204940134103 0.0492434578043029 0.273757786220679 -0.176491771193476
0.0347492050972651 -0.00252030906776649 0.0517655905048344 -0.441352530331055
0.0299552445212376 0.0194177747641471 -0.299747161624399 -0.323553702157614
0.0455862334430232 -0.00634194091007053 -0.371765800484832 -0.0420962259203629
0.0225235259190119 -0.0264164136478509 -0.26756461125742 0.117560333617685
0.0352705069193193 -0.0308014945949478 -0.165237158084609 0.183973240037654
0.0384588953883988 -0.0524214889199017 -0.121069956150901 0.234841515251395
0.094513433756673 -0.0426212782201868 -0.154750105439122 0.256651814881337
0.105752257094822 0.0431364199269566 -0.25619129780347 0.204125956861843
0.0782739651323796 0.0965615833538106 -0.349989793396306 0.0535388358992395
-0.0268964560547107 0.178646446441247 -0.372427786270599 -0.171864224646195
-0.196179364146914 0.181624232654855 -0.335643029346011 -0.291025113647059
-0.31394342143419 0.0783624634690472 -0.434151349460674 -0.163173771101009
-0.331554763200916 0.0637790489831343 -0.270435417639806 -0.110471527634407
-0.185892906083416 0.193691021313697 0.0905057413434662 0.19468084988362
-0.010817649695771 0.187724316471263 0.334519386628196 -0.140289729270213
0.108660979044713 0.116971911540422 0.125742916520287 -0.448339951429728
0.142350480673144 0.0573179199534353 -0.254540844331982 -0.357451769904335
0.149642600688935 -0.0322580380206351 -0.338733304809833 -0.0839277818782329
0.0914352237682837 -0.0954017421188377 -0.240736034986474 0.0726409694469028
0.0867098313909728 -0.0955417405358922 -0.141734915383397 0.149606224558738
0.0926662765115769 -0.108884509184606 -0.0780203615654801 0.202346706868172
0.183439667708557 -0.0723763231310759 -0.0832211508796575 0.258378984836106
0.205897158038876 0.0687722857109511 -0.175672367263673 0.261554141326583
0.157864116642536 0.180826760946523 -0.318884833463655 0.164537540375464
-0.0524756202186605 0.29739508211428 -0.379889582762516 -0.0621887915938653
-0.319857288560289 0.240561111239836 -0.315655749216872 -0.223103216205955
-0.453696790262608 0.0741815006450178 -0.315454756144756 -0.126709681965325
-0.432519640335099 -0.0188526329599105 -0.126981086618922 -0.108110782483917
-0.362929821544244 0.191598703295035 0.145453766926943 0.219434818290884
-0.127076425454323 0.294234341434604 0.396830844205003 -0.0677533254440639
0.137215604030781 0.249118066837269 0.223908997561758 -0.405709608798636
0.23442456185683 0.113219911075078 -0.157680482464371 -0.366075195758373
0.241983830712415 -0.0390129944274727 -0.259525608459963 -0.132819457405503
0.154966198169689 -0.146698463628965 -0.182133382002618 0.00968312862395494
0.12623222180565 -0.147489562813443 -0.0972626642521279 0.0950660644216227
0.123336688371455 -0.152719005613533 -0.0197495019051894 0.148685333195144
0.233244685927512 -0.106293155769959 0.00508541611649475 0.233416972406692
0.277881525774073 0.0618668290294923 -0.0632140239183634 0.292394731612879
0.239180871063682 0.213577273705779 -0.246317079199807 0.26394142135537
-0.033534674994578 0.380253941904509 -0.352398138187788 0.0517497109362959
-0.37095196016586 0.289338555131308 -0.281051141865098 -0.164406774067879
-0.51932800927628 0.0732754770820025 -0.166422850488403 -0.0970022718404384
-0.456817092149865 -0.107011826509547 0.0575009663939804 -0.0664150484098159
-0.479852682641513 0.12414557493253 0.218402410531675 0.249214504593758
-0.249594362905365 0.323211973074189 0.436205365512782 0.0328869178091491
0.10816256937608 0.344443417945229 0.314072095547117 -0.302321739374217
0.274860815091303 0.167495236243132 -0.0236965902527517 -0.331142123320744
0.293606506765014 -0.0259911050948723 -0.139372252783558 -0.174005130814883
0.197160025188009 -0.168960107862692 -0.0995112459159964 -0.0618955343248431
0.147018853204247 -0.178339205289269 -0.0396392656828799 0.0274939385421399
0.133521485163243 -0.177623823750471 0.0441874988315776 0.0808701072826818
0.245730143457162 -0.127343482576063 0.090699052708204 0.184077425511051
0.306731520879893 0.0445449030849228 0.0507446113977872 0.287801184084337
0.280871126019106 0.215441478579892 -0.153374080289556 0.323480904232131
-0.0201800288240392 0.401654815214659 -0.295978484263078 0.136224682759039
-0.371715234123864 0.285136019469804 -0.235501959938503 -0.124914753790863
-0.510968868883929 0.0535868576983878 -0.0110127311651441 -0.0777448101666582
-0.391811812343715 -0.165936357288255 0.246752707335086 0.00599126361050487
-0.481825633818278 0.0219187839573502 0.287924396890201 0.279691480818129
-0.316309112405865 0.260639321520868 0.434602355787042 0.136701995223746
0.0440462994449046 0.354133532217921 0.36152743383658 -0.165889274839004
0.251105866317545 0.190177411521325 0.108620362143031 -0.25728362946544
0.287065366118778 -0.00707657450116513 -0.00579572172355571 -0.199485845319173
0.202072410873713 -0.161063908361629 -0.00904778108504222 -0.129686977143142
0.146442474658105 -0.180609994098823 0.0209629451040645 -0.0423033002168021
0.128182191764721 -0.178218539086777 0.105034039371199 0.0111454796692986
0.228682550679195 -0.127510555485893 0.164738659116096 0.124609769323032
0.29407067610316 0.0324857249510421 0.142737156692719 0.262664580107856
0.26887992592672 0.207706215133036 -0.0733591099347976 0.344324149192211
-0.0367409005074138 0.369909090825635 -0.238275075331619 0.180675032205521
-0.347077257834147 0.222001912942509 -0.18615770040783 -0.103077334404537
-0.436182177347599 -0.000390785956660233 0.126253707339814 -0.0574941612905061
-0.251296211796568 -0.181473571506114 0.404092831611655 0.0817505979229533
-0.36984626260618 -0.0670724037266929 0.336895604430357 0.300895712352281
-0.28891581335431 0.153064928532143 0.407958522856876 0.211313498263831
-0.00698617193159247 0.277538350494857 0.366570825308807 -0.0431727663186178
0.18455397210208 0.161927869622057 0.208693380153256 -0.178023582719711
0.224343726970816 0.00691758144262707 0.109268025847675 -0.212481077792652
0.168475379825871 -0.126445970085967 0.0695112256881621 -0.184278808068562
0.124185662497578 -0.15313431898412 0.0739632163081516 -0.104836948364044
0.109017080216986 -0.152680174795817 0.157655244779075 -0.0509484389525978
0.192065956071792 -0.10646870488555 0.224619565546434 0.0706397602286193
0.248527687019327 0.0300378242413851 0.210810419722535 0.238570557824247
0.214298366128934 0.1947867425275 -0.0176442866603312 0.349256343567521
-0.076315856801955 0.301533653455833 -0.194731690174907 0.199707426324606
-0.303028897152471 0.119622681518366 -0.143461606798791 -0.0865749562738467
-0.311677527013072 -0.0721303734736076 0.22962268641028 -0.0246865006983868
-0.0680095202058338 -0.157879739823841 0.498005781599415 0.136054682178184
-0.185643140090734 -0.116418108336889 0.3530856805522 0.298218419912694
-0.187256416747581 0.0429424484024283 0.376707668114319 0.248744927578729
-0.0280094950001119 0.152681747131093 0.357804685381397 0.027362449922258
0.0957554907516132 0.0954721581095119 0.264521031737436 -0.132428067594911
0.125036967345139 0.0123821408232982 0.178644850761858 -0.223617018248736
0.105360551756747 -0.0725718748063518 0.119229432584523 -0.220786641259963
0.0835981240146917 -0.10059054744597 0.113078928961614 -0.148788535700243
0.0785226859900318 -0.104334958336584 0.196561005902957 -0.0938163982044071
0.13662801027724 -0.0711209404984106 0.271105022638975 0.0334664150769612
0.179144849066223 0.026539878594895 0.258271356597768 0.229627400303889
0.135403540134762 0.168286259131939 0.0124720391627421 0.356030661965102
-0.112462361636308 0.203232029151093 -0.175167797979025 0.207450281416941
-0.228491938448593 0.00524939224705663 -0.114867530227135 -0.0702734846013853
-0.149460634089808 -0.136590677322343 0.288326302675606 0.0224944175444286
-0.0159579224823029 0.129585524750689 -0.370902411242962 -0.0175498751827406
0.128887283523362 0.0404790314134221 0.0690721398530145 0.178749985469648
0.0790291625785745 -0.0839169594977884 0.237679221852822 -0.189054658913617
-0.0590246201613592 -0.0851290423959023 0.00366270587511597 -0.417611867078441
-0.0747987762777183 0.00194978475152463 -0.310885988598824 -0.290163958744168
-0.0467199069050297 0.0317558894628296 -0.367223872602193 -0.00975224721009542
-0.0367629469346131 0.0477450506576286 -0.259162364148533 0.142335156248644
-0.0184632823811747 0.0367348733326434 -0.159757175759423 0.197244652964682
-0.0322311836450885 0.0100672279507626 -0.12956409364603 0.246651551703629
-0.0232605418442506 -0.0257579592326822 -0.181575609630288 0.246175482266779
-0.00136006662146157 -0.0252163124674938 -0.284549072033018 0.160973692094993
0.0356183675425847 -0.0326081910061303 -0.347224942881692 -0.0176282759977271
0.0677050684827738 0.0586618153547127 -0.363108148152256 -0.236353461714985
-0.00156847527819181 0.15123410731569 -0.356162810196158 -0.345772773684816
-0.119995462706883 0.108429310665795 -0.50487529017524 -0.185278459518701
-0.181439468475538 0.120283603723347 -0.353675527050182 -0.0717652816991255
-0.00579019984469414 0.136865012595139 0.0676894513302933 0.182270913625083
0.0610873896298536 0.0473687305608586 0.272495918580976 -0.180831187404371
0.0337030743101054 -0.00431984368508281 0.0422109769711384 -0.444809801669675
0.03145642243678 0.018150167306738 -0.306595030461036 -0.320234008036868
0.0466766195808969 -0.00800265284914867 -0.372438955880539 -0.0338104222249725
0.022590367663951 -0.0270580750148726 -0.264177287032074 0.125401298062604
0.0362151664240576 -0.032687850429033 -0.159787030471803 0.189473803855427
0.0383838259717204 -0.0530976634899436 -0.113262581426909 0.240031435603947
0.0934544910158283 -0.044970393587432 -0.146830712658097 0.262894056861687
0.108556336333631 0.0396900675993633 -0.253421050757901 0.212706400994805
0.0802651677683457 0.0937859504976215 -0.349461686259916 0.0601274658106537
-0.0224905992669402 0.180729432759766 -0.378208886107691 -0.168998114443606
-0.191393346991815 0.187006076776587 -0.341743079983382 -0.28810580250716
-0.312453168939105 0.0811226768263301 -0.438143420728409 -0.155783531449745
-0.331834220884777 0.0700281581072074 -0.272919120367775 -0.104720516397783
-0.180768368471701 0.198723384031178 0.09656191034731 0.197959088192423
-0.0074487650902024 0.186846387485386 0.332931219913316 -0.144865270213541
0.110329003590915 0.113240120769345 0.117850835774351 -0.451462446602838
0.14464339427506 0.0532928037350211 -0.261038808761197 -0.353347782241668
0.149215781128728 -0.0368723479334682 -0.340277087840975 -0.0771254120708414
0.0890024782166188 -0.0973803309276077 -0.238885498825961 0.0794520864026805
0.0859785973091731 -0.0986207704389876 -0.137814839635493 0.154191968559083
0.0901877465820738 -0.111352983561769 -0.0721337872823122 0.206929429428362
0.180962204998984 -0.0778276566938835 -0.0740975033579354 0.26264212575634
0.210292793883552 0.0629700776830555 -0.170100525210255 0.268520258029436
0.161851671665087 0.175634109509706 -0.315932474844766 0.172202597325809
-0.0457339686522805 0.300521457823045 -0.383986509179582 -0.0583192736892141
-0.315736649653083 0.248369884202992 -0.321244143809007 -0.219299584004677
-0.451464756463095 0.0791533147104729 -0.319031627018312 -0.11997834579661
-0.434296581809096 -0.0115044652386919 -0.129405378874616 -0.105211110819412
-0.359199092111544 0.200936392833384 0.15244104474925 0.222159379978108
-0.122752026041479 0.297155861861744 0.398474371037163 -0.0725644587904399
0.14215156224418 0.245610660110113 0.215897168931503 -0.409123755963289
0.237386414140992 0.107460960238625 -0.163552825782236 -0.3621149869408
0.241298561892761 -0.0458656239279835 -0.261393392905384 -0.128846480303582
0.150688868470881 -0.149723105388295 -0.183047819810517 0.0134457867860053
0.122937499685029 -0.151725452137694 -0.0942752828974666 0.098523395399539
0.120198057160773 -0.155242496628535 -0.0161412928326173 0.151279132965793
0.229899907107331 -0.112738540828525 0.0141129655499687 0.235920189257989
0.282480913452278 0.053671302506775 -0.0564935038996648 0.296659385145356
0.244011769696028 0.205880053857159 -0.238718647385623 0.271843816988932
-0.0245337839037399 0.383173778653887 -0.352976054925972 0.0562211045768211
-0.366147137510661 0.299454046649476 -0.284574486950957 -0.161004139058591
-0.517553955672398 0.0800653804851692 -0.170657326386279 -0.0941512915314707
-0.46188535924829 -0.0992390385806522 0.0572123738925938 -0.0660831545548835
-0.475931622299801 0.135783106335509 0.225810205339878 0.251289960918184
-0.243313196599165 0.329304188358942 0.438470321176393 0.0274757060284566
0.11440078524831 0.341513982020633 0.309540018173597 -0.307056128459437
0.279853170730965 0.161184190666844 -0.0276041136416674 -0.32880244133106
0.292986189912401 -0.0342387215751957 -0.142221673556581 -0.17372502102704
0.191552069811332 -0.174264866100049 -0.102704122434814 -0.0610727262647459
0.142649242697208 -0.183058075538491 -0.038291974458693 0.0290897962628117
0.128947094864588 -0.180018518988173 0.0461772244617774 0.081651087609683
0.241077516803306 -0.134183694146346 0.0991745896259725 0.184358192165098
0.310399646217926 0.0338062399648418 0.0576331981904805 0.288468392958725
0.285800839136863 0.206241356766141 -0.14386805282842 0.330390478447174
-0.00805712494562828 0.403493396763415 -0.295014600044241 0.14002677932254
-0.367084660665669 0.294689871568704 -0.2387558525282 -0.122597163486733
-0.509450781269673 0.0600558736456957 -0.0155705626330721 -0.0781978895563485
-0.39786337806301 -0.161349722519645 0.248558705343021 0.00232953252763788
-0.481258275323549 0.0332035601667259 0.294986376783359 0.280341186153894
-0.31311959251077 0.269644549553812 0.438615223209327 0.131569358114892
0.0519410457485278 0.353526150371394 0.359780604311864 -0.171545574792584
0.256638148043002 0.184225363841307 0.107166438551773 -0.257446221142154
0.286869223625903 -0.0142043173193813 -0.00957303366092409 -0.202779354697817
0.19712695497566 -0.165893279232578 -0.0140507928696457 -0.132031019919353
0.141044565976294 -0.18550405421136 0.0198292374110459 -0.0424094527837791
0.123292512689458 -0.180555825946667 0.104665035467124 0.00948824239002862
0.225486011063421 -0.133532720232336 0.170851482935931 0.122525331646659
0.296962709827709 0.0237492992092475 0.150253093202422 0.260653403101329
0.272636270451713 0.197409138775301 -0.0628062578156752 0.349642402528855
-0.0279858711356017 0.371018624841789 -0.235043306910383 0.183759015292518
-0.343495603539967 0.230764180963275 -0.189753048064184 -0.100392216547113
-0.437185983617063 0.0055421895671058 0.121518175746534 -0.0609187139200214
-0.256733147505609 -0.179008953330663 0.405969064991009 0.0773933212677278
-0.373458588888746 -0.0585445562641122 0.34375886191507 0.300847747987893
-0.286606007825375 0.160042504051544 0.411375221500198 0.208483004661013
-0.000832660771965397 0.277901375303161 0.366330365861177 -0.0475634574925635
0.18864366826291 0.157417883298784 0.209407878191104 -0.180827944766338
0.224970754396758 0.00180052676302587 0.104476472005023 -0.218818327100378
0.164068416220711 -0.1301111227437 0.0623487705496725 -0.188988011407947
0.11942640863333 -0.157446574293705 0.071485841403328 -0.106504044843877
0.105753461980751 -0.154147687748156 0.155661620169297 -0.0539603830028633
0.189145066893096 -0.111211983201778 0.22887542141275 0.066526233233813
0.24972148498015 0.0219717722716249 0.217519011200392 0.234912913835319
0.217825624943535 0.186491787442059 -0.00756840974970061 0.352650730357753
-0.0689710560075747 0.304297884316862 -0.191093341247562 0.201768735158967
-0.301896649570721 0.125812279775385 -0.147083630082444 -0.0842428980922103
-0.313033350066076 -0.0686589387968967 0.225071431339307 -0.0309910573728064
-0.0708901122593836 -0.158102570549926 0.501093910331303 0.12942512414951
-0.18887120633369 -0.112478664758711 0.35907697131629 0.296274036329708
-0.186887844240333 0.0487887662295278 0.382876047789543 0.244863475589037
-0.02463428714698 0.153540044883854 0.359065537019093 0.0236074123427553
0.0983656785856435 0.0930181583749976 0.265894889924785 -0.137159671115485
0.126064994661227 0.0107973531395433 0.17213428132963 -0.232968664189832
0.103777184904259 -0.074851219350734 0.111533206427207 -0.226950093507508
0.0799762453833495 -0.103113805757054 0.109486019351585 -0.151828941226197
0.0754180430119673 -0.105996015895631 0.194348300994398 -0.0978970309439027
0.135015556261597 -0.0746314313960811 0.273442218431086 0.0287121328189478
0.178777561815962 0.0213445231942936 0.263786280109928 0.223904611359438
0.138797896211246 0.162851106902414 0.0236690013572631 0.358312935584104
-0.107534237983262 0.206543516354608 -0.171792820292218 0.209842168005571
-0.228825888017946 0.00894434177613802 -0.119422978411673 -0.0687803534588839
-0.153169532128949 -0.135018114565566 0.284730519678754 0.0144121654997816
-0.0141736933131165 0.134148787022452 -0.380016534882189 -0.0103603255448225
0.133429738679721 0.0374522610969606 0.077119789612898 0.184929875950556
0.0794059788276627 -0.0878229566854756 0.241242545232401 -0.1977785478718
-0.0624393576815769 -0.0856297219900695 -0.00591579782002172 -0.426835530295875
-0.0758889138231181 0.0035906051832942 -0.325915237155308 -0.291086880685087
-0.0462486664409999 0.032976765108179 -0.373081068672209 -0.00220355149955628
-0.0349180919751991 0.0490319553279256 -0.257998193070007 0.151438669296478
-0.0166964481153985 0.0365803535978596 -0.157138200414709 0.205213968620363
-0.031204396881584 0.0111488098658068 -0.123680868840033 0.256239162754038
-0.0238574742873627 -0.0252372713946995 -0.179868736979071 0.256818370405858
-0.00116768391026527 -0.025429021246034 -0.289330783542754 0.171881091213794
0.0352607951164268 -0.0343019936509678 -0.355120404830089 -0.0148128382861778
0.0712959628686819 0.0592427729559999 -0.375392534187358 -0.239282870158424
0.0030026961825484 0.152559789636565 -0.368490083996606 -0.349561396662784
-0.121854286649272 0.110716516310385 -0.517351918710121 -0.179553685078147
-0.184364529244607 0.127105679116666 -0.363400997874981 -0.0650142293278118
-0.00197805184680497 0.139130573178139 0.0761267667106747 0.188987911514097
0.0630277807394385 0.0454973354810813 0.275653740495335 -0.1882493597182
0.0330906621537486 -0.00609621895130818 0.0338056902020896 -0.455365839618543
0.033165252000953 0.016941120143128 -0.320325065825459 -0.321889088588165
0.0477608764907259 -0.0100145125368003 -0.380540522919969 -0.0275063638663771
0.0228147755010915 -0.0281806463230922 -0.264244059985474 0.134771255183332
0.0373126828757185 -0.0358122981343325 -0.157711640558207 0.198478758319128
0.0384459906942859 -0.0547018704555316 -0.107234859761385 0.249743729837911
0.0938135213170683 -0.0479967111921255 -0.142551535238102 0.273961824264858
0.112942577700735 0.0374669304670057 -0.255971039408585 0.224142924548065
0.0834183213113181 0.093808467004684 -0.355879750161084 0.065668307543686
-0.0186691664490836 0.185254958858034 -0.391761055052312 -0.168693221356249
-0.190382565350727 0.193566227135579 -0.353478338226466 -0.290379330346047
-0.317961856761331 0.0842552177612957 -0.449722565500333 -0.151198735333944
-0.338541406084373 0.0772428564890455 -0.280605074073459 -0.101203769991953
-0.178508240523332 0.205748582608519 0.105302419751989 0.205297035435841
-0.00443346709893879 0.189967769210004 0.338442472581735 -0.151800412368719
0.113914405278702 0.112162325502859 0.111459903502666 -0.464757002891816
0.149730552129836 0.0509878662903195 -0.271596835850656 -0.356121402281807
0.151811059399934 -0.0419070139254557 -0.34781915731464 -0.0718626801817449
0.0882385136713105 -0.101020916481892 -0.241523445696128 0.0872571813666416
0.0860548948092413 -0.103935791856095 -0.135307243121191 0.161681222240756
0.0897341738122236 -0.114780024165602 -0.0669029441997272 0.215826875739304
0.183275285453369 -0.0831625972632647 -0.0669309466498791 0.272261932071184
0.217845145832878 0.0576570253108969 -0.169592468201807 0.280967162318221
0.168558917897432 0.174499579241123 -0.317511244424488 0.182370220532998
-0.0399757204327224 0.30804561519048 -0.394018392994628 -0.0569966681897633
-0.3167157998295 0.26043230718727 -0.331215197104919 -0.22061609463958
-0.458497741672328 0.0841701559275427 -0.329368682459276 -0.118656983870234
-0.445456859563266 -0.00727715824810567 -0.133638059682429 -0.104300451186414
-0.360187069477322 0.212662645711806 0.162480101000709 0.229536696525851
-0.119356635674843 0.30458289604492 0.405288469535603 -0.0786457668654838
0.148540252049228 0.2459025850573 0.213896863737132 -0.423410331319388
0.245213469600765 0.103844667486774 -0.171344845790643 -0.368549794309123
0.24511609110282 -0.053369217100553 -0.269033925404337 -0.127082994426716
0.1488871321356 -0.156214817308833 -0.187333197339199 0.0175757587998834
0.122070280498802 -0.158589554443644 -0.0927439386315021 0.103607918165013
0.118929855589062 -0.160803981742547 -0.0115286326664204 0.157571914143343
0.230815728511056 -0.120577453027053 0.0231926476807589 0.242469046613783
0.291337444963008 0.0458453847560945 -0.0510954013534529 0.307049790582011
0.252347913898234 0.202787626002573 -0.237000692991826 0.284383554131786
-0.0162475834336483 0.391343567633024 -0.361169704201545 0.0597411362229022
-0.367651363362942 0.312822310332723 -0.294673985389727 -0.161570219665526
-0.526251293256042 0.085421238001023 -0.177713015117763 -0.0929578291704969
-0.474879488586753 -0.0971208166329351 0.057790768746172 -0.0669213963690673
-0.482349202330125 0.149284156105537 0.237071063492234 0.256971297174451
-0.245014721969782 0.340526138505326 0.448512849771149 0.0241562786029367
0.122692857425932 0.346108123476061 0.310601764327418 -0.318716530107322
0.288706217464828 0.158351144309672 -0.0298304470435396 -0.335419935866514
0.298154426315931 -0.0421727757475701 -0.148863981563396 -0.177432492466156
0.18937936086272 -0.181307357247598 -0.108516241655485 -0.0616674534993942
0.140551655823467 -0.190577021297544 -0.037549570141221 0.0315313297417407
0.126930126244152 -0.186056084179109 0.0488182483406582 0.084548251885348
0.242715019022778 -0.141974655253546 0.10931616947717 0.186862404582496
0.319097356631702 0.0256642104430906 0.0655018315434476 0.295031327086457
0.294924162068044 0.199821350813279 -0.137478885434362 0.341861277293295
-0.00162812641947298 0.412819877350778 -0.299827569485269 0.145117138291493
-0.36898012881417 0.309000688549953 -0.247123887335051 -0.122527781401071
-0.518338033022193 0.0664287937082834 -0.0205961058184137 -0.0797028674105704
-0.409205090763405 -0.159861607862165 0.254066544578269 0.000365102190157658
-0.490084645856749 0.0428190509667197 0.307912320614524 0.285689111083318
-0.315667618576041 0.281796674564473 0.451257805441646 0.130546845777073
0.0592174487673434 0.358676808010659 0.364621221012823 -0.178089733664592
0.265839577540239 0.181820581420401 0.108995202807704 -0.264934465273522
0.292771362895543 -0.0214310883261865 -0.0142994537770854 -0.210137525713069
0.194927054406906 -0.173561845218541 -0.0209037973252547 -0.136259946234422
0.13856707173881 -0.193084842210069 0.0198942745149101 -0.0435415984017374
0.12100970239111 -0.185774476452187 0.106846885142541 0.00877191253696133
0.225441441229305 -0.140399413700467 0.180180800912167 0.12180791766164
0.303170267142985 0.015435019470373 0.159309896550864 0.264118105341398
0.280557640424498 0.193451499541835 -0.0538353731041266 0.359927388600137
-0.0192129549206849 0.381634190888446 -0.237436714655521 0.188013670701511
-0.346968577650659 0.241410083689206 -0.197517474079318 -0.100092153338906
-0.445702015457543 0.011428275591276 0.118778806234244 -0.0650512066673964
-0.266442946804186 -0.18076570455604 0.415443809466242 0.0746853615815527
-0.380171321404447 -0.0526857637045261 0.356759837171802 0.304827148535169
-0.28988822589033 0.169793893485139 0.425478262444616 0.208457158707613
0.00494926995906523 0.283855434399682 0.37441489519267 -0.0517495557032762
0.195553746124755 0.15615726830245 0.214245730835035 -0.186976486763109
0.229565441938229 -0.00263195767222651 0.100423367505425 -0.230226768645566
0.163498009781962 -0.135770369478677 0.0545111128168014 -0.197072407889518
0.11647526488072 -0.163747524554541 0.0713713894308753 -0.110212296106768
0.103023176951668 -0.158565426900014 0.157413728575211 -0.0572226693678258
0.189453436618293 -0.117212261097563 0.237088570550819 0.063992158273919
0.255075152060807 0.0152490513103865 0.227274532244828 0.235852238128351
0.224589538456004 0.183450376163472 0.0028070188045377 0.362259222435214
-0.0632618279919292 0.311879981740285 -0.191684564693051 0.207208804129638
-0.305771673927779 0.133407813740555 -0.152993302705378 -0.0842460345189326
-0.3207747342016 -0.0656233756313086 0.224765576387622 -0.0368687654267415
-0.0762710432535171 -0.161989433656557 0.513721093058533 0.125093971821393
-0.194238854450403 -0.11118618983198 0.371194979430546 0.29893738385988
-0.18870851926352 0.0544859965325106 0.396373758972102 0.246057554102137
-0.0214982623483218 0.157911349389579 0.368414256442636 0.0213029223171919
0.102605708145103 0.0920283562745403 0.272707702921121 -0.143809162977
0.129135888838466 0.00894177765474437 0.169176370063481 -0.244912492869405
0.103574870183364 -0.0779695598486875 0.103754659444799 -0.236271520202963
0.0783552997929719 -0.10804304435512 0.108247608198341 -0.157146456856275
0.0743999891388204 -0.108713659308907 0.195403134341401 -0.103531648349147
0.135651658150077 -0.0788050484280418 0.280359557793687 0.0244274618665195
0.182609550874301 0.0167599178129483 0.274981006668032 0.223689523423877
0.143754724739106 0.161487843313931 0.0328130167060628 0.365849956977637
-0.105023499124532 0.213203092165412 -0.171657795281582 0.215564664841838
-0.234249740207667 0.012593041544 -0.125477658973303 -0.0679665116275891
-0.158549992741778 -0.136087724159905 0.286852089934739 0.00775541785894909
0.0685094096785236 0.12331297416073 -0.301915420308443 0.237298706571636
0.129666465404115 -0.0515953770782911 0.190993696145632 0.0967325934886951
0.00986009640045095 -0.122570656980559 0.0722319435390162 -0.31922986501343
-0.104321190662321 -0.0308956323343319 -0.285459330691165 -0.34440774155433
-0.0596113546549219 0.0508529491853359 -0.454307625334254 -0.0240597209582405
-0.0150731278352343 0.0557711407667915 -0.303017769685247 0.240172951914186
0.00608218460978655 0.0610057854353945 -0.10716043387822 0.290883813732601
0.0107507989535951 0.0395381025360959 0.00674692376729703 0.26675607767432
-0.0162511791917943 0.0302152576551195 0.0712964037859826 0.286240966617051
-0.0347699143792278 -0.00293977051794042 0.0224558664263316 0.327144774359313
-0.0176944438836017 -0.0171229814991986 -0.122431222363177 0.327470632064962
0.00545667464118436 -0.0463914674459194 -0.301628771635109 0.216533783675065
0.0946062390194388 0.00445420698509306 -0.467195706852539 0.0518084525670494
0.0971655295800269 0.122193097680525 -0.538012347687085 -0.0376412165598133
-0.037376332012524 0.173822395127343 -0.545904198003007 0.18649712130794
-0.0793390519178913 0.218003698495467 -0.323055294577172 0.194044768861595
0.0828057383496997 0.110938072970245 0.192529156427063 0.108742636890211
0.0780326061501924 -0.0041912212602698 0.11187062934039 -0.328707585176715
0.0196140017803282 -0.0250159291631115 -0.265521107851599 -0.394650151875977
0.0363868128150414 -0.00571001092368438 -0.466267549551836 -0.0550180682158826
0.0325152538149604 -0.037519189366845 -0.320924076976486 0.222588109827953
0.00284789978105087 -0.0366613131522829 -0.125384895349659 0.280818231051551
0.00725304774699095 -0.0536382821452864 0.00304810893151719 0.26121041344808
-0.00339323431011548 -0.0686444319732911 0.0804434006814764 0.2719235879404
0.0466466469257863 -0.100123959178137 0.0642763535543955 0.316724549503131
0.118688933710725 -0.041905707240861 -0.0605334902525282 0.347827547676727
0.128281550739678 0.0281022369942615 -0.247911988492031 0.282250014516769
0.103913371993394 0.173247141748524 -0.431632933150389 0.116265281992133
-0.0351595535703899 0.287141615911274 -0.487673756270906 -0.00398275635478738
-0.219871827005393 0.282428847059369 -0.466186687711741 0.160269723845154
-0.239798065990419 0.266739993084258 -0.280915699894519 0.122570539741944
-0.0181570577372439 0.270153956229507 0.223950224704105 0.109987337398827
0.111914003648501 0.154197112206965 0.191000910503425 -0.331631608982402
0.153904038038543 0.0200504207441677 -0.201291893976043 -0.451587498231639
0.15034329979022 -0.050312985032013 -0.445306187871678 -0.11679663964213
0.0958137649138287 -0.128499008391441 -0.323853228465619 0.161982348525771
0.00810454402403063 -0.135158745491905 -0.139794339992026 0.225844950066092
0.00233536856888137 -0.139871571395308 -0.00259022502541574 0.218461009124818
-0.000821501134180679 -0.15168124507612 0.0917532295269099 0.219811412870691
0.0952642995248023 -0.187397436643226 0.125244195716807 0.266248115075654
0.218949170607006 -0.0955129605176397 0.0459724273613152 0.336158293366687
0.252862559735012 0.039159379704408 -0.141028810174418 0.352036934667674
0.16958870048986 0.292202276260225 -0.361346335774575 0.209218923618735
-0.0934989614181505 0.429642390276444 -0.42738966613609 0.0336114536860166
-0.336229278524716 0.375164586836748 -0.341983126793202 0.102968578438305
-0.378652951771038 0.261409593941071 -0.167954755269283 0.0335289918670422
-0.158592759482037 0.385461417482949 0.280190267982939 0.0998111623310801
0.0892780778946297 0.318596016187012 0.295644728822745 -0.306524453803922
0.263411837860568 0.106610483987543 -0.0824957864350935 -0.482497570471596
0.260597034990659 -0.0667029979082694 -0.367819945755593 -0.192553414748529
0.163159141959376 -0.196456500718342 -0.293917393659334 0.0654727878525368
0.0202150390702265 -0.216538097132966 -0.143086810242997 0.132760519046826
-0.0046479388248821 -0.207589007305106 -0.0063933528502097 0.143480481951624
-0.00651833115177246 -0.207162775704692 0.0980997867972475 0.137868644457042
0.110759719069783 -0.250213882533659 0.180022484663301 0.182605754501951
0.27115085662517 -0.155150466207225 0.157722783005358 0.279329350613983
0.341452165095267 0.00693498903472017 -0.00683081188544799 0.382520225203291
0.24724949995723 0.347674699572905 -0.257133245153165 0.280859361370449
-0.0996837546328568 0.507907590441735 -0.359419372843806 0.0560787065731504
-0.388956484601704 0.422430528228802 -0.201262418624052 0.0190786417653384
-0.456089164743647 0.201589413916646 0.00403368216033318 -0.0562921189740931
-0.294310318540981 0.408140060086493 0.352494204046517 0.077881097224026
0.0113669219299987 0.42529755660907 0.394677027137394 -0.242347111514589
0.303392272402838 0.201889261061131 0.0671123842568908 -0.456655233956321
0.328689053186827 -0.0494493563002643 -0.230873398929459 -0.256332358367374
0.212765364243883 -0.220970025136253 -0.228309577491437 -0.0529723368551499
0.03525823797919 -0.262510524393465 -0.132110033021591 0.0167597568624316
-0.0107092458246655 -0.244628904883072 -0.00903826755500268 0.049609590006516
-0.0165102617169822 -0.233392747774281 0.0990108610037838 0.0397949170373047
0.105039183511128 -0.275027494661103 0.213672395398509 0.0815922695386084
0.280823647386015 -0.190687148123341 0.244462943439009 0.19290423072242
0.375592564416265 -0.022868658569962 0.111254965711583 0.365039848052567
0.276599207492445 0.354908908019558 -0.150633573192506 0.308633108543815
-0.102798844814956 0.505431741610123 -0.294974689034756 0.0561008912063803
-0.393256411120583 0.400584379591055 -0.0633550988574162 -0.0735071125314193
-0.439091041292679 0.109912827970633 0.201913143204398 -0.130714435124322
-0.364725295315979 0.328707941522498 0.422183455413724 0.0528685964147015
-0.0803629157975958 0.420753085973848 0.458596873734439 -0.157495422997107
0.261411640386993 0.250756879394377 0.201563354979431 -0.373997035602371
0.325089001234854 -0.0174912880725735 -0.0716919963449679 -0.287646815249199
0.221091657701054 -0.200612154682474 -0.141956405160663 -0.165679091392129
0.044364516410492 -0.260306148702756 -0.111052315819661 -0.101190587001642
-0.0141567934890888 -0.244916895055625 -0.0112077359096489 -0.0475356468715808
-0.0215518668516138 -0.230322714163349 0.0958136202024127 -0.0595408661811025
0.0928216730739789 -0.262569992729137 0.229146821944352 -0.0178073560462373
0.261259756434536 -0.189009491406365 0.298763290796826 0.107493188322949
0.357903942330778 -0.0208400306864232 0.190967606543466 0.325120058546898
0.24171112219483 0.339506204996478 -0.0709450684919139 0.303100888592606
-0.129251379555212 0.434838094756534 -0.236952586058579 0.0409884915467695
-0.365261060889657 0.304108913449861 0.060856315144879 -0.15071843718681
-0.330255409005887 0.00716524994290107 0.376665421339618 -0.18512791998061
-0.334705335846183 0.184862133503879 0.471431091393724 0.0313229060471471
-0.127211628819698 0.314322550787172 0.482091211151194 -0.0799468761792736
0.174920939162281 0.222516545126405 0.286868312819966 -0.273721090586082
0.252237393742507 0.00445957383964155 0.0616946572338563 -0.290984050277416
0.182591385232998 -0.147198961983637 -0.064172399137719 -0.253975278968732
0.0420777272318803 -0.211014387094404 -0.0894730674010891 -0.198762806551774
-0.0128578493751908 -0.207156611285177 -0.0135465422267806 -0.134174963316499
-0.0184736878571891 -0.197382255331641 0.0922709289320071 -0.146360662091706
0.0785314198710284 -0.22068476974735 0.236546642519264 -0.101154319976226
0.221762256778009 -0.155613167524243 0.334423545391907 0.0403707456974246
0.306570762731756 0.00759953427318476 0.238706303640657 0.290253358425214
0.15856524331542 0.310041964097358 -0.0204598644784667 0.288754411400472
-0.16715787124482 0.316647148304371 -0.187391468674291 0.0264490589585176
-0.312021874424915 0.158449351935069 0.16628245036268 -0.191853141441874
-0.159223680183795 -0.091108581890508 0.487236686606096 -0.21767922132411
-0.22060540090257 0.0257929997882172 0.482350539440842 0.00940580212937062
-0.115379689042406 0.159021222958293 0.47907777106906 -0.0378038470610909
0.0785793532472155 0.136700673362756 0.324274264719235 -0.21065507238562
0.138462493831639 0.00986814525487139 0.133708201629837 -0.292015038359885
0.109062564737717 -0.073318456014201 -0.0211963713365434 -0.30863491704316
0.0310442573571597 -0.126872480155981 -0.0755749300125162 -0.2616036658368
-0.0077853492820772 -0.137524995404001 -0.0147607166965551 -0.196152931326848
-0.00985534884041051 -0.138457971414985 0.0926695026719721 -0.208978742539072
0.0590815657998675 -0.15472769211091 0.245149500851784 -0.161176626772691
0.163130747660918 -0.106350002729548 0.365483211055162 -0.000589922716747602
0.225843929185557 0.0418824207112609 0.265914326476563 0.272920830048834
0.0566088223389564 0.25490222190395 0.00204618285912646 0.283146190402561
-0.189528237639534 0.167863170336624 -0.150389774678884 0.0225861718479882
-0.221833697479266 -0.00745888445142071 0.246328208882009 -0.188336675554808
0.0797212096908706 0.124778609208126 -0.299371224525949 0.2690038499656
0.130575458219667 -0.0629105021531538 0.211368996034576 0.0886774503937875
0.00248163295088496 -0.128687758559518 0.0571983821656659 -0.337800101525902
-0.111087776512467 -0.024396644411607 -0.31806366212877 -0.340723548088011
-0.0592002456247125 0.0571725219995324 -0.478134781525716 0.00383795150339072
-0.0124806526923883 0.0590006049687937 -0.299609941691991 0.268238562885312
0.0112082280632981 0.0623242559612451 -0.0905797053280018 0.307032862507444
0.0136858917372949 0.0388041370991808 0.0258317971458466 0.276279250242429
-0.0145693507436753 0.0318937758590534 0.095461692643191 0.291721545603986
-0.035873589090319 -0.000947714326341458 0.0463166525738522 0.34070839748579
-0.0191841205428257 -0.0163457248890656 -0.106821985501843 0.350202156158446
0.00222553297682827 -0.047663064926927 -0.304134705819417 0.240082433024795
0.0997543465474035 -0.00161424001591229 -0.488074680337011 0.0805132254006165
0.108442408796716 0.118237326523478 -0.561788219061677 -0.00929302458073162
-0.0326671770164912 0.184195983627935 -0.55704695851929 0.221664410430285
-0.0696171126330461 0.232266224333598 -0.324626329682568 0.2232614070412
0.0927518941396013 0.108799595704423 0.213406006638332 0.101642684549925
0.080100147479465 -0.00969737142364581 0.0993100138414029 -0.348587653639663
0.0170158960489923 -0.0265781524982134 -0.301608315330625 -0.393393307143992
0.0371155135951854 -0.00853711755528365 -0.491614427012099 -0.0288505933052063
0.0309526328447218 -0.0416796720287432 -0.320612773130819 0.250286451207871
0.00145038087610985 -0.0381269850914843 -0.110685021929906 0.298174741554426
0.00360667601511099 -0.0579096879761808 0.0217016162521115 0.270610293150914
-0.00752732999091275 -0.0717636365203013 0.105278947652339 0.276687108184477
0.0420181311554052 -0.107591657689232 0.0900010350277621 0.325833562950406
0.120660580498384 -0.0520626647055731 -0.0396928591143489 0.367603373702773
0.134858013876465 0.0217004722524518 -0.243140515985303 0.305837623809221
0.119225836318674 0.172604881653194 -0.448027823389367 0.146659376088382
-0.0194608198226255 0.29915121912965 -0.508580560891981 0.0239459583637581
-0.216494277436174 0.30562849367155 -0.475159419889205 0.19093220978956
-0.235100670550355 0.293240615579308 -0.284573349312472 0.145921622974986
-0.00186863868588438 0.281595707671723 0.245542534593359 0.101923519915072
0.124892890796126 0.15414499038768 0.182268902901035 -0.355226409961262
0.15977851250273 0.0123361881369931 -0.237304017277358 -0.458349122334559
0.153398703221686 -0.062554985822196 -0.472895920618502 -0.094030751150545
0.0901027152591478 -0.140394039873882 -0.327026409517579 0.188332289585151
-0.000305498060273746 -0.140004999023902 -0.130319284603205 0.243753143859354
-0.00741701667586531 -0.146703175703422 0.0138191705611693 0.226123685327665
-0.010549208389015 -0.157076688796067 0.114020844638709 0.22218312188333
0.0857863394875879 -0.202364738148012 0.150878338378539 0.268155316217848
0.221127362143003 -0.115645266762748 0.0717518713463073 0.349423776949617
0.263767674957689 0.0252196269715173 -0.125415933230466 0.37324271619014
0.195297437154024 0.293514607809283 -0.367540344317719 0.238627720475449
-0.0716791374178771 0.452849992154753 -0.443091803511297 0.0600230140212329
-0.332885671277355 0.408676162030616 -0.350303289182437 0.126244202885235
-0.382516111290959 0.293933704618656 -0.172999040054877 0.0457845583282452
-0.140197663679513 0.410639290271613 0.302897069174175 0.0878368048645727
0.110542758829341 0.32759952957324 0.292117725682361 -0.333974938433186
0.279123083687673 0.0942825990899173 -0.11529856398612 -0.49837100505673
0.266436988438441 -0.0868401011740954 -0.393640722290195 -0.178914320648828
0.156742713751737 -0.215565947319999 -0.30228491210034 0.0851836552843942
0.00659287975213306 -0.225542022171456 -0.140989121400173 0.148787579528822
-0.0191253797425248 -0.215995902247684 0.00495190641804976 0.149334254067702
-0.020674960036039 -0.214390039046544 0.115605743262924 0.137282818280247
0.0981635995661734 -0.267833835586718 0.202365121344557 0.176175832804874
0.271699638043334 -0.18142549772059 0.183934298394266 0.283053338684816
0.354122280584876 -0.0146568847294671 0.0168586869347958 0.396163168315051
0.280083795903443 0.344836178410438 -0.254824969113074 0.307521889585629
-0.0724020934317824 0.535949100161338 -0.372422549089645 0.0784545921216376
-0.385375418193905 0.460341187838441 -0.209178941439171 0.0321870265739946
-0.466293767060243 0.237045050201067 0.00251066025271617 -0.0582163824069645
-0.281273622980039 0.44294609000636 0.375390007965809 0.0592904727147481
0.03650725497801 0.443153306615777 0.399605687480594 -0.272843987269316
0.327172981016647 0.192040419670537 0.0442304339503525 -0.47845492240069
0.33905844277775 -0.073726097166478 -0.253778027987289 -0.254729233557688
0.207107646118535 -0.244780011363057 -0.242989269497213 -0.0427723699705206
0.0183262253843223 -0.27377360639532 -0.138894230679272 0.0275451448721391
-0.0285065976971725 -0.253585326160348 -0.00480637501032655 0.0516154040894687
-0.0330381577428242 -0.240790406586558 0.109073442098877 0.036200238864512
0.0919833449080827 -0.293382271562329 0.231420981083201 0.0678431563424463
0.279724350494824 -0.218802665105264 0.268637251810106 0.187014070019604
0.386797142813977 -0.0470026094169428 0.140319273301833 0.371907018797167
0.312551600753405 0.349696106415901 -0.142384972347257 0.329368142659798
-0.0769000770569269 0.534037751261385 -0.304505179952925 0.0746423563559478
-0.389746725585531 0.436837809653765 -0.0717552125797913 -0.071386808141402
-0.454218842264809 0.139260446396253 0.203304743354622 -0.147778559280641
-0.35998989214581 0.363966079881377 0.446335131059064 0.030556687556169
-0.0600078393738928 0.443472645836425 0.472048447336952 -0.187382948370769
0.28806142833293 0.244080835253721 0.189616791099664 -0.399420001514754
0.336562544298492 -0.0396309680429724 -0.0887075708679077 -0.297352487932401
0.21749992077892 -0.224647340362927 -0.161295603708933 -0.165372806281747
0.0281651950686315 -0.271210311012511 -0.125946062267681 -0.0958107664172161
-0.0319364015306514 -0.253004892230551 -0.0146971434307824 -0.0489447337891589
-0.037041979431425 -0.236068200197913 0.0985055464067737 -0.0668748357505724
0.078691926287958 -0.27994506589476 0.240303381135071 -0.0355500032853603
0.258378442343123 -0.213669723506769 0.319007573167643 0.0944825691762638
0.368545911027655 -0.0439910345405272 0.221996941671698 0.325137001351147
0.272623397792252 0.338241776094223 -0.0582455588569275 0.318599940774437
-0.106606575570077 0.4603265270175 -0.24653313872689 0.0558106605034713
-0.366463687169908 0.335585900856787 0.0523198735627442 -0.157851462729802
-0.346600506925786 0.0265181629481772 0.38343179342464 -0.213321369113981
-0.336369649897971 0.212578513619708 0.493756543285005 0.0057288928225134
-0.113262327034734 0.335462160454865 0.500176500561888 -0.108637707412672
0.19610911518934 0.22045054269035 0.286903248768635 -0.300126404801178
0.262470237450881 -0.013075266016647 0.0503010684207222 -0.308446811163662
0.1813745815896 -0.165087805879096 -0.0855235347210019 -0.261485413302215
0.029155823628522 -0.220699618239284 -0.109770412326216 -0.198619226951769
-0.0285606431312517 -0.213733585108506 -0.023044981512175 -0.138044370864848
-0.0323824512820941 -0.202225269874715 0.0885244260515953 -0.156698198143367
0.0666525364200222 -0.233751662948983 0.241720103396499 -0.121715688319998
0.219462595211013 -0.17671916248222 0.352151066349833 0.0216796249144453
0.316559721008503 -0.0114997577431783 0.268700522188409 0.285630786193368
0.184590829016858 0.312192730808157 -0.00603441793786039 0.300171273932817
-0.154226456704341 0.34048295171318 -0.195087280598493 0.0388936332340874
-0.316612253027018 0.18254161922919 0.158739409754766 -0.207099357275247
-0.172966344522248 -0.0851433616001465 0.497678650123263 -0.254636750315584
-0.227819139314144 0.0404016746108218 0.502509734103343 -0.0177626694814254
-0.108766667323036 0.172768725796988 0.499578709587491 -0.0667317258198079
0.0914757699502829 0.136236152732482 0.329540220948326 -0.236276925995858
0.143872204112312 -5.7225649534613E-05 0.125540377542784 -0.314003845534902
0.110020079721417 -0.0843213414012988 -0.0452384837368043 -0.31998177629834
0.0237906205983292 -0.13300003849042 -0.0996067110503855 -0.264790933204095
-0.018141127881549 -0.142025941553181 -0.0279709757840002 -0.202003630217328
-0.0193621116793534 -0.142291338586654 0.0848883011232581 -0.22300932781831
0.0516981859272754 -0.164695814034303 0.246285310265585 -0.183339481858299
0.161951804852147 -0.11993797905251 0.381151588164657 -0.0215569551370205
0.23616027239555 0.0286329439378337 0.295570205769021 0.266685681883825
0.076235372925766 0.261469112355493 0.0173228715253744 0.292995096569063
-0.187793851980089 0.186241448644835 -0.157521879004452 0.032897355836579
-0.232500884287707 0.0046786446450875 0.241635205980701 -0.20887120220633
0.0928585684035404 0.120822724672724 -0.280905834210002 0.300986253570553
0.126833452459344 -0.0762066661709174 0.229775713513213 0.0717172007401839
-0.00848415066906948 -0.131277249349064 0.0325116238437367 -0.349915364691901
-0.115344407723833 -0.0146650838600043 -0.352861638019856 -0.320314009269326
-0.0561736932279038 0.0638142900839756 -0.489744942644716 0.0463846398257569
-0.00776243008205503 0.0606206900621584 -0.282327135763106 0.299127838747275
0.0179799622999278 0.0611776850297572 -0.064702506299403 0.317457794186534
0.016773469143374 0.0370319407199651 0.0517104424596997 0.277436050890382
-0.0111728357384329 0.0323398545476025 0.124997228046092 0.28669529557878
-0.0363608993156446 0.00222065589030669 0.0782672707628435 0.344812698984925
-0.0199863925946936 -0.0149416713200457 -0.0797816151286052 0.368215471529357
-0.00217964201376261 -0.0479154085724894 -0.295702917628217 0.267510135283634
0.102460306437201 -0.0109454068284123 -0.496570410168149 0.121565093974695
0.118218298291417 0.109113296905191 -0.573188101664669 0.033693294406573
-0.0215772214137627 0.192805568335848 -0.550879887498886 0.266476444829411
-0.0528504189804702 0.242584701334907 -0.311060636030995 0.256556902368986
0.102936631697521 0.101993772758995 0.232484895601296 0.0845430434925284
0.0804019632283082 -0.016156436522333 0.076100219822694 -0.362883795984903
0.0142787117551686 -0.0275814028716405 -0.340960473415972 -0.375785630159807
0.0361824085382995 -0.011836170590814 -0.50791232118302 0.0137450425907857
0.0272559996563913 -0.0453589088721842 -0.305324032072544 0.281901444060962
-0.0014063422396689 -0.0386229827877395 -0.0856211511216863 0.312697400223542
-0.00208669883178474 -0.060436712758702 0.0474594772542266 0.272294759453014
-0.0140080033072718 -0.072870552986334 0.135013949981672 0.270476466655934
0.0329252329350122 -0.113876783870449 0.122407959208519 0.325133387575153
0.118882371395795 -0.0646913234633921 -0.00841860418750882 0.38078958015243
0.138612940884502 0.0113263264278706 -0.226732933060781 0.328763144640347
0.136535200917087 0.165381525392496 -0.450671673857278 0.185343723415596
0.00363519587626707 0.305744878502943 -0.517474628277196 0.0637539750896546
-0.200968031857477 0.329406471355908 -0.469733585350508 0.22993816782092
-0.217923854529816 0.318428018022387 -0.277912896280403 0.173050475997808
0.0210870973353172 0.286261100049774 0.265297837663664 0.0823278715247376
0.138546720772235 0.147981461516789 0.161712744016588 -0.375831626789603
0.162635707544156 -3.85532151889233E-05 -0.279137387204034 -0.448309240355913
0.150261104101401 -0.0776338633789872 -0.492880010724819 -0.0553793792657509
0.0787420100883151 -0.151386060173171 -0.31859817466079 0.218697906604957
-0.0127663472864027 -0.141654234631159 -0.111289968963214 0.259709648430018
-0.0216052052095711 -0.149204035218185 0.0351665670757136 0.228170499435503
-0.0250743635550827 -0.158508748794324 0.139643848004976 0.214603009225791
0.0696578898381025 -0.214420496699307 0.179923222142768 0.260031700254927
0.215404186007142 -0.137820051228946 0.105126325116539 0.353148049957495
0.269474531428639 0.00400509478214836 -0.0981289254829131 0.388821984066127
0.225903479111629 0.282356677084449 -0.362121742847294 0.272729251911356
-0.0363036684382166 0.466805846465979 -0.447752685320716 0.095937765030145
-0.313692153279506 0.442454539824765 -0.347277059682371 0.157548457670534
-0.369288089212757 0.333184525927745 -0.171275365977504 0.0611170975798237
-0.108756432744959 0.429924110679065 0.321521125565638 0.0643154911881568
0.139718116664669 0.32611387614426 0.276595382965482 -0.362353089614087
0.291934644012608 0.0740472956802892 -0.158086046887498 -0.49894703998853
0.264158456494318 -0.113146680110664 -0.41748845526211 -0.150476489600774
0.139709727818425 -0.234625466792988 -0.303045803504897 0.112166898721942
-0.0131919681611889 -0.228305054038889 -0.131677153247749 0.165048575703506
-0.0395266824946682 -0.217619959615159 0.0191424395655167 0.150246703948601
-0.0404425228349605 -0.215304976294099 0.134061873706536 0.12878781190583
0.0759702377092123 -0.282219304551125 0.224852367654593 0.15994400821583
0.260761062513689 -0.210355051241037 0.215129709555419 0.275733421775535
0.35806813388983 -0.0444944565789486 0.0513407488859061 0.401566393468191
0.316621093160592 0.329637265580697 -0.239932286194266 0.334539570151404
-0.0284726598172129 0.552957487192414 -0.374985070173863 0.108892169116135
-0.361419261619055 0.49881413245507 -0.211186770606958 0.0505409921619771
-0.460571427370643 0.281756802100998 -0.000670197251745685 -0.060000115745388
-0.249700243015459 0.475507942141824 0.391814233530997 0.0306561652578839
0.0724727828383388 0.451337768191683 0.391685884199745 -0.308673267062165
0.348990485326369 0.169484240550763 0.00703849960775817 -0.492010510689105
0.338871016346825 -0.105146323687968 -0.27938679212251 -0.24121387038009
0.190015989070689 -0.269161725355369 -0.253501573993394 -0.0237494669349028
-0.00477541824955028 -0.277157223228919 -0.14154896728099 0.0428546779890317
-0.0526421239059795 -0.254530690255194 -0.000100038128275634 0.0517921452430665
-0.0537679439761043 -0.240001643129457 0.118766225117495 0.0267153617167454
0.0669705819762322 -0.307353119093835 0.244259577029829 0.0462642116873073
0.264916550221831 -0.24801608192603 0.293348145590734 0.170716242566225
0.387475615578102 -0.0805873738018948 0.177416481239419 0.365712070273468
0.349021424577603 0.331250660721672 -0.122851891177631 0.348448485957286
-0.0318253391429775 0.552118963759302 -0.308349926084367 0.0999355058042611
-0.366521715408605 0.474601731684424 -0.0805459365686608 -0.0657227990960978
-0.455081307815694 0.181118357515781 0.198312017162281 -0.167648777751632
-0.335947753000806 0.401590764146057 0.45987156130255 -0.00536041976034539
-0.0241192174618408 0.458673202336792 0.470741757244988 -0.226427535166682
0.314944249800029 0.225049907043525 0.164027892682492 -0.421517205622347
0.340075989195095 -0.0712598256563869 -0.11317735557772 -0.297965316485178
0.202488359103352 -0.249550337304616 -0.181162497215387 -0.155301670796646
0.00448356364695243 -0.276767172314019 -0.140259265893595 -0.0831024128156848
-0.0560264404572848 -0.253496960479388 -0.0186091234682979 -0.0488649784740608
-0.058776311480997 -0.235186299686473 0.0982403417577487 -0.0767167443447874
0.0558528626124117 -0.291054557097286 0.244042960874405 -0.0598805165558754
0.24400745357194 -0.240987783192685 0.336873580451928 0.0707312145147364
0.369502338692549 -0.076258764621551 0.257033403192125 0.312145861119119
0.308424516748 0.320206572578968 -0.0367823161780213 0.330143753713291
-0.0707846161950562 0.478975840735393 -0.249559118575959 0.0759591898682962
-0.35007970365525 0.369984325608194 0.0375868671044873 -0.163398990989106
-0.354017833714651 0.0561791257047815 0.376148278225347 -0.249438337149564
-0.325897657663434 0.244340375490852 0.504489401941152 -0.0340447161861623
-0.0873407911688713 0.3520786372695 0.504054512553805 -0.148837825139224
0.218682680681341 0.207592407182742 0.271678651887596 -0.328363821068614
0.266410746582325 -0.0377286772492758 0.0299115337194376 -0.321674925612851
0.171387348150431 -0.186525420368379 -0.112340973496113 -0.260199862850655
0.0106128658180619 -0.225358291132625 -0.133147950054472 -0.189259645656118
-0.0486907241768549 -0.213907799196069 -0.0361361851689102 -0.138641069780358
-0.049950708781774 -0.201304004269493 0.0795665703543242 -0.167505504918554
0.0479403967390343 -0.244037629437306 0.237490527455059 -0.146816709392136
0.207640108596689 -0.199040593464816 0.363956278677522 -0.00547418456867973
0.318249906585562 -0.0388338551439135 0.300908874136505 0.267699377514866
0.215325566271319 0.301522925934791 0.0155435062470115 0.306132304577613
-0.130746590259604 0.360587818824738 -0.198394292946843 0.0555742201060957
-0.311838104751195 0.208958428997551 0.141894647823614 -0.221669046496148
-0.185048669604018 -0.0719390505577776 0.489001187061401 -0.297861041939453
-0.229435644398407 0.0601502056288276 0.511914215841234 -0.0554539990527198
-0.0956633205984212 0.184517994090783 0.505559835415173 -0.107786609344856
0.105631150830165 0.129412559315175 0.321927103930059 -0.265897906737045
0.146075736102271 -0.0134812531178873 0.105791608506866 -0.333160662347175
0.105326102208559 -0.0968156209201317 -0.0755190151671146 -0.322740206554702
0.0127309825148738 -0.137260114441323 -0.127479986011771 -0.257699350534663
-0.0321574955140857 -0.141806843700001 -0.0463965632757095 -0.202337436748385
-0.031986724530271 -0.142148148144933 0.0683565551478644 -0.234662714025313
0.0380490010553118 -0.172248549045055 0.237068063174227 -0.20805417357028
0.154880343045698 -0.135823994520115 0.388759077248717 -0.0539220835944647
0.241508045409179 0.00953226412719773 0.32482177579506 0.246883300020634
0.100062228310489 0.258708003343363 0.0393467372592763 0.29685739912256
-0.178175587323127 0.205962256339305 -0.159433128811169 0.0475077280278664
-0.238608864258274 0.0229798698055139 0.225950527457187 -0.230665106035141
0.102627081427795 0.112074623177493 -0.250889095103527 0.324836318236846
0.118219993345712 -0.0864317080466644 0.24037840260696 0.0482949043905669
-0.0192993376980705 -0.129656288969771 0.0060529458934254 -0.35143561349718
-0.115962675204838 -0.00323351699563393 -0.377258388202644 -0.28797440369737
-0.0503054457744414 0.0689230408932044 -0.486723046913082 0.0914143240653219
-0.00220178432779783 0.0611980545826667 -0.254001638130936 0.32025004025076
0.0241040510005324 0.0574674111476918 -0.0359043062052844 0.316946916026328
0.0190280945544384 0.0345050885749437 0.0765121565689966 0.269901510451777
-0.00786962376354102 0.0322952119535411 0.150792294393635 0.270810063740087
-0.0357816833587925 0.00576345601280893 0.110176184006937 0.336821611634032
-0.0206681925752315 -0.0137617942644899 -0.0487418238093873 0.374204986427929
-0.00629290618450993 -0.045982878700627 -0.27749277375771 0.287970560203713
0.10174306088519 -0.020788886921997 -0.490296558964029 0.162542142970754
0.125059859239984 0.0977627638940854 -0.566144397942714 0.0761047070085484
-0.00772563793801605 0.196212622902128 -0.527922125571446 0.305438152638866
-0.0330977861253166 0.245986304035919 -0.285625379444694 0.281561035087451
0.110290919695746 0.0925793308531163 0.243876018664164 0.0619357257027892
0.0774529045674121 -0.0221969384018404 0.0497969385088207 -0.36708432034629
0.0111473757290552 -0.0275824686448837 -0.370768675409517 -0.344605750004283
0.0344895435110354 -0.0143415492800176 -0.504888255017886 0.0575963350579082
0.0226380712429358 -0.0469086108952646 -0.279809847292202 0.306744000011795
-0.00328349758833383 -0.0384811440703051 -0.0565750112008614 0.315910986937995
-0.00788149705048912 -0.0601640039605914 0.0722641681923425 0.264598289797348
-0.0198323295175852 -0.0708450266131481 0.160669190126533 0.253801410003016
0.0225480305593755 -0.11592269080484 0.15273733843264 0.31208079209841
0.113116478337759 -0.0749169829712647 0.0254262367111778 0.381528468204291
0.137594610948923 0.000529855770775496 -0.20095580614185 0.343019055140097
0.149621193426894 0.152552219058668 -0.438572964347563 0.221768027138563
0.0274492182295569 0.301870309685034 -0.508320771583561 0.10178988133983
-0.177716914691478 0.344739708603015 -0.448300923521371 0.262576762652346
-0.193353882836248 0.336303589030661 -0.260405973881929 0.195324536151144
0.0453891573472565 0.282322209269525 0.275852824235867 0.0580525301687153
0.149085781888967 0.13606409021519 0.135252172631664 -0.385665034335789
0.1605421553216 -0.0131311239594115 -0.316050587669166 -0.422083967413823
0.142044758909911 -0.0900743602411546 -0.495270380032222 -0.0132714734527697
0.0643876679432029 -0.157212221373657 -0.298611833729558 0.24475186709397
-0.0234760014412949 -0.138395631306023 -0.0873020557601558 0.268108090459914
-0.0349857997351366 -0.146214566670468 0.0564074346618755 0.221785244140262
-0.0379330893899722 -0.154421726215744 0.161641665910608 0.197852802274201
0.0496871058980678 -0.219081015130171 0.204125440901802 0.241406664623149
0.202007046666981 -0.157235239547387 0.13750296472725 0.343660276407072
0.267206908781661 -0.0183204536469053 -0.0663153539100679 0.392080931811752
0.247666786133939 0.261226202910283 -0.341170975910878 0.302430716600337
0.0022759075605664 0.465695611049401 -0.438859439453166 0.12941912731381
-0.281551055394231 0.464873540911239 -0.333423409155094 0.183421648442328
-0.342570803762784 0.363220918592725 -0.164003404142737 0.0750860292010499
-0.0718750015647831 0.436857920896113 0.329184531226344 0.0353052510040308
0.165212908647972 0.314412425724883 0.250809362096329 -0.38098453026875
0.29527888513261 0.0497515155587103 -0.197872853466491 -0.482454135543007
0.252401102515129 -0.135414899380902 -0.427668507440355 -0.116091248404383
0.116581706031675 -0.245516629769341 -0.293550873791261 0.13664798059634
-0.0322433841110493 -0.222950879549303 -0.117082233019361 0.17704308452745
-0.059409981782972 -0.212023460389164 0.0329637152780904 0.145921220410519
-0.0586697635339965 -0.207554637857199 0.149571401852181 0.113408838353017
0.0498501138300096 -0.286796560815999 0.239421913031013 0.137259294791027
0.240058831950492 -0.232939227373847 0.240866014664048 0.257332651233434
0.349071872831039 -0.0747184746458456 0.0856603885680759 0.391792381211706
0.342287101157929 0.298584671933318 -0.215500175720569 0.35299476227485
0.017968518500087 0.551440677835866 -0.36676146169026 0.136927320202967
-0.324082664701631 0.525018444247397 -0.206019693132266 0.0675259041851985
-0.437845365327478 0.318944929380834 -0.00444315725451667 -0.0602079024120068
-0.207179986972919 0.493405874635484 0.394650752020019 -0.00247755059038692
0.109780898069545 0.44335762379175 0.368937310337161 -0.337360682427752
0.360604199797205 0.139306620233182 -0.0321745931091097 -0.489986281292701
0.327689416026992 -0.135272075112282 -0.296916512663626 -0.217980280215237
0.163565296776728 -0.285920740184992 -0.256238814718916 -0.00214872368946262
-0.0287079799173374 -0.272368138920314 -0.13845886854106 0.0583443685490781
-0.0751691341061052 -0.246908075519443 0.00484503858817226 0.0501936477013596
-0.0745757654722692 -0.231263642076633 0.124941069371697 0.0135791387278851
0.0394569746198786 -0.311088102347369 0.248082147492157 0.0217820085603467
0.240306449954055 -0.270597146665871 0.309602273846962 0.146208938856682
0.376824961022149 -0.113104984532205 0.208489463355525 0.34627123405322
0.375398380571223 0.297918425858544 -0.0976312937437476 0.355634398291276
0.0152679388174812 0.55126925644677 -0.300600797515327 0.122598296877701
-0.331553510550763 0.500394293369946 -0.0865104507679706 -0.0574296781650749
-0.44066178785845 0.218549188346407 0.184609657843527 -0.183861140233232
-0.300238408657535 0.426349180180671 0.457417292989919 -0.0415122702112194
0.0142099324619056 0.458661909827883 0.454671791059062 -0.260849840038532
0.331865813046322 0.1977207495749 0.13031156795853 -0.431415740326239
0.33104504841752 -0.10128982946332 -0.135067270483482 -0.2887206826832
0.17834069066951 -0.267214386670713 -0.196043034717477 -0.139449179238873
-0.0193266982096405 -0.272012069919891 -0.148160491376205 -0.0664681006846081
-0.0787829889449715 -0.244788380618223 -0.0235964323902666 -0.047376062180242
-0.0777092040596369 -0.225402669612409 0.0940279003637809 -0.0863629511733277
0.0300020862494209 -0.293339390456999 0.238583768559634 -0.0832453059395095
0.221579452852127 -0.260854098751065 0.344397633858509 0.0430904170958174
0.357251753985248 -0.10661264562884 0.283249384916645 0.28529057336149
0.333663206261917 0.291057036618835 -0.0129389866029261 0.329813828504932
-0.0305219960348958 0.482959200467753 -0.243782159032189 0.0950369650421801
-0.322381362575724 0.396340913669136 0.0228073301579304 -0.163867041276088
-0.349544728260298 0.0862167421403543 0.355376629908447 -0.277906833914871
-0.30286733581345 0.270465742049776 0.498880194297905 -0.0712565581862331
-0.0565401903533405 0.35727055827811 0.49478068754363 -0.186326246058902
0.23446005171631 0.186631608558382 0.247469327720229 -0.346925453833651
0.259520748926736 -0.0615085411252659 0.00603985100527529 -0.325210470650851
0.15272398199636 -0.201885755370114 -0.136479575919383 -0.249075704733705
-0.00903466347964605 -0.22267360199931 -0.150429512242543 -0.171878359779068
-0.0679522198575687 -0.206471236817864 -0.0474803307911235 -0.13405340164601
-0.0670272239843111 -0.193687883501461 0.0668038479112883 -0.174329170550656
0.0255235545244192 -0.245986166925373 0.223861691180897 -0.168853092401278
0.188859837925099 -0.214724109654413 0.363911576551507 -0.0359977289061165
0.311078792497141 -0.0646610223332278 0.324137630486443 0.238707336236366
0.239927814328523 0.27957828019745 0.036927122515004 0.30263944468835
-0.101286089641266 0.369109902938456 -0.194959629367075 0.0711210062091286
-0.295502312518761 0.232542264553076 0.121082755101257 -0.228945609140167
-0.191129801622697 -0.055254564803381 0.463157371029955 -0.334722025803449
-0.222962038217182 0.0787027668122849 0.50291982345622 -0.0926223827944066
-0.0792312345412276 0.189862324052084 0.49829491846676 -0.145273070441291
0.114846909450279 0.118045361815127 0.302853834889604 -0.289417729778256
0.142110087148655 -0.027520107313545 0.0807083264228774 -0.343010026589882
0.0961279967981594 -0.106933221040338 -0.10468828314895 -0.314685240841196
0.000846619669999954 -0.135983837980519 -0.15125671567653 -0.24078295884001
-0.0450065279888437 -0.137315119516944 -0.0639296591451508 -0.197236260754944
-0.0438279101695585 -0.136972860212693 0.0489087965472041 -0.239073120485585
0.0226030234910297 -0.174275722822583 0.218157348735923 -0.228068287258283
0.141974548222792 -0.147445114511549 0.383650100266832 -0.0850603396207236
0.238910657157328 -0.0105338267290284 0.345318178747566 0.217284130260674
0.121578868182602 0.247557521633156 0.0612984494360494 0.291940471213942
-0.161662899348355 0.219974856865614 -0.156966746605719 0.0611384362994696
-0.236612620376848 0.0427459905601762 0.202436929730496 -0.245448548885964
0.107921346805147 0.102858095322972 -0.221606992801266 0.333347781097778
0.108476090951287 -0.0921801853020245 0.241893073203207 0.026712521048304
-0.0270080333707417 -0.125851500015206 -0.014749527382844 -0.34577853737257
-0.113171214412569 0.00516405622500126 -0.386260428545477 -0.257169472545661
-0.0443896905597064 0.0715372099912139 -0.470421212165127 0.122572700744942
0.00303120244853832 0.0595417461083926 -0.228252614366193 0.329533679350368
0.0280967069214565 0.0522846449681772 -0.0133203069826804 0.308029059907324
0.0208485359012503 0.0308409425049556 0.0934818861778215 0.255791879779104
-0.00479573879200661 0.0309247991261951 0.167777870163394 0.251788466952819
-0.0334417687556706 0.00810524654944189 0.133355700648855 0.320981847346847
-0.0200083980893779 -0.0123455373527477 -0.0224471683532571 0.369301612328904
-0.00886070895065619 -0.0437119890201547 -0.25884819583986 0.297115923078529
0.0977764236307862 -0.0279391317034673 -0.472112736226764 0.190797961540907
0.125989663912779 0.0859626490602962 -0.547986799897235 0.106522386660033
0.00373108483446514 0.195145681776766 -0.498154956193663 0.325771447685908
-0.017036022015211 0.242985491003958 -0.258342818784971 0.294057117635058
0.112715590518447 0.0823401595318556 0.247273666171472 0.0408252906767673
0.0738228529273808 -0.0266602168456673 0.0293674805989929 -0.362175203459919
0.0087268877271806 -0.0266162687580286 -0.383532406575993 -0.313488320401833
0.0324705405022379 -0.016182688306183 -0.489668709999774 0.0932789941976778
0.0188248254767449 -0.04753499009594 -0.253466370097219 0.318897163694555
-0.00508548692527191 -0.0387369272371913 -0.032986624749294 0.309441954504172
-0.0122735784215939 -0.058764537718249 0.0892329739523395 0.250999909301644
-0.0237037084617568 -0.0672570467156858 0.176744726177437 0.233426537300587
0.0136062069970504 -0.115003718943727 0.173136767726507 0.294222074602688
0.105287059099653 -0.0814454555791222 0.0512783161415299 0.371212325702374
0.133828074969982 -0.00655801040560289 -0.178917677111574 0.34585932578801
0.156689589769071 0.138488776163348 -0.418429794292469 0.245509799234868
0.0444356513225005 0.291691350096844 -0.489772029422494 0.128842625936872
-0.155720354491663 0.350648137480515 -0.422970073002348 0.281563678436354
-0.167537829613966 0.34213515912057 -0.240215280377284 0.207455802581845
0.0626529617626266 0.272455831850448 0.276751821901443 0.0365746401877862
0.154269696994036 0.124209836131472 0.113310483336242 -0.385634849781467
0.154798221128972 -0.0222156864895012 -0.335356359242302 -0.390878619721556
0.131878370399868 -0.0981543275037359 -0.486210803398595 0.0214898365436647
0.0514512805642046 -0.158012264022685 -0.275545058532462 0.259671679700413
-0.0308642832523535 -0.133093133216369 -0.0655252062376407 0.266845562783101
-0.0449446069868498 -0.140208914254827 0.0705708150191723 0.210113477183345
-0.0467564010329675 -0.146419730566776 0.174166218442119 0.177754323237199
0.0326803010103653 -0.217465957945401 0.218150351069438 0.219936588245576
0.185639661293831 -0.168863295330879 0.159732996569875 0.327259057288804
0.258361824591346 -0.0346493810090712 -0.0417670844356939 0.383942982382062
0.258913268110698 0.238543761925585 -0.318705457722582 0.318852516252422
0.0308515244295168 0.454857094604236 -0.421137131508049 0.150981653069496
-0.250170106543583 0.4732552650471 -0.313870130935597 0.197952622923004
-0.312371510472623 0.378403494774884 -0.154529546019613 0.0825385542540246
-0.0413427562274679 0.429710730536628 0.326666202407818 0.0123673104815492
0.182041190880955 0.298103537093703 0.229379526721144 -0.387160302252708
0.290438297189314 0.0289138197046174 -0.222967707239945 -0.457615889808891
0.236701929722601 -0.149162110013782 -0.425794027187331 -0.0837901055194973
0.096069569490347 -0.248349377195478 -0.278833014202432 0.153374434627392
-0.0449811978572584 -0.213659519022655 -0.101344038331148 0.182198242074081
-0.072427585719085 -0.201278650519717 0.042157588248883 0.138175812278344
-0.0695526196870948 -0.196853902480286 0.156556394223696 0.0961136599246196
0.02874526127125 -0.283255001516194 0.245173936962687 0.11506718597973
0.217755244769487 -0.245154206198534 0.25708512140106 0.236329453538901
0.333873963537699 -0.0941789936151324 0.107844502483849 0.374675182323731
0.354065398191409 0.269778879207765 -0.192133056381964 0.359128089244097
0.0529602331863905 0.537555481370313 -0.34970805710673 0.1548724626745
-0.288680384012404 0.532733132923714 -0.198749759678371 0.0791058086296996
-0.408772635262135 0.341560570792172 -0.00806300874084654 -0.0598822522940996
-0.170381149550721 0.494383206184858 0.38620707174874 -0.0279001912094917
0.135501285026212 0.427717208592969 0.345512940775661 -0.350753826582155
0.360517015975539 0.111199026338531 -0.0598494276854357 -0.474634399704587
0.309546615464355 -0.154725070200503 -0.302428987203907 -0.194250021599251
0.138256508135645 -0.29082276575416 -0.251852309867772 0.0152515879757802
-0.045438900539872 -0.261337039796332 -0.13053278354183 0.0689615713826114
-0.0902384674469218 -0.23457598089504 0.00811515507156444 0.0481817792592859
-0.0861214139149372 -0.217805935527724 0.125263311591769 0.000907208131488234
0.0169446168567168 -0.305124228152264 0.243813439290348 0.001793317987544
0.21537497608626 -0.281601671342518 0.316406950956731 0.122111487756603
0.356269017589229 -0.133584530726789 0.226772637884536 0.321305044897609
0.386446586581082 0.265296761185322 -0.0765528139597208 0.35442689454704
0.0492953885862617 0.538074912003842 -0.287404135458711 0.136651032333088
-0.297399293171994 0.509050295758001 -0.0899351150570542 -0.0491388964432595
-0.419091559821932 0.24341879246781 0.169006488708758 -0.191460148172737
-0.264472448393513 0.435083306394915 0.444235393968678 -0.0682928235790497
0.0432147428636341 0.447632538104807 0.432562236867741 -0.28155709671858
0.335730481989681 0.170305840769545 0.103613726354594 -0.430268548568211
0.315131902865976 -0.12181964715599 -0.148310929654864 -0.276111763398097
0.153999716303382 -0.274897700404759 -0.202446045774984 -0.122691376412683
-0.0362248364918374 -0.262858851166835 -0.148786031285325 -0.0508089396215107
-0.0943644038579854 -0.231606539727915 -0.0261111799053318 -0.0453596880185003
-0.0890014868577226 -0.211709592752111 0.0878019193358661 -0.0938900816054957
0.00959781546461392 -0.287810869845364 0.227076842172219 -0.0988494370815749
0.196823877370789 -0.270257748595194 0.343137903743109 0.019163008113926
0.339251879342954 -0.126739563953746 0.296680805602953 0.257520384982292
0.345463900103312 0.260114053497858 0.00509156750705369 0.322936966013614
0.000512901767097819 0.474311861530991 -0.234758628577951 0.106765638906045
-0.294570220736977 0.405039552328837 0.00982167416251334 -0.158576794694148
-0.337427078225531 0.107648430004292 0.330812620031558 -0.293160989053393
-0.278457323184819 0.283975109418784 0.48288399612645 -0.0983367297567214
-0.0329565950555631 0.351918209266366 0.475386810423151 -0.212068024998021
0.240701717755893 0.165401775647748 0.22398101867775 -0.353874944345198
0.247557987435425 -0.0782203211100707 -0.0121084654214844 -0.320875750034774
0.134053726989302 -0.209906068134076 -0.150944667553929 -0.234116886953535
-0.0230067702090008 -0.215752006096249 -0.159142839127668 -0.154005487524866
-0.0816710981736034 -0.194478176324642 -0.0555121670786332 -0.127509792809318
-0.0771512074142234 -0.181903808283013 0.05471609427928 -0.177014374459272
0.00868952367655054 -0.241232741354079 0.20765157520323 -0.18066058420133
0.168804608470039 -0.22253409700946 0.357222987649009 -0.0578688441284151
0.297302624248184 -0.082633995596672 0.333259486751733 0.209628122014309
0.253114879909521 0.255358428849108 0.0527281556009142 0.292872563569322
-0.0754369626827176 0.368159164333154 -0.187962748316479 0.081638061292359
-0.277352922616435 0.246148690054108 0.1016591712741 -0.229013798010192
-0.191414635084933 -0.0402977944951232 0.433047600599645 -0.355853633974999
-0.2124859216128 0.0911144634714455 0.485300028369112 -0.11817181074322
-0.0645086594659899 0.189461899984849 0.480219470454209 -0.172029801487298
0.118529389817058 0.105528210653557 0.282650412863642 -0.30200997254969
0.134636684917974 -0.0364973709018183 0.0599873826036852 -0.343972913761812
0.0856246048378908 -0.113023932312173 -0.125558668176746 -0.299071766268267
-0.00788309942624071 -0.132219628233515 -0.164446497094365 -0.220203355640086
-0.0541670365741032 -0.129240808131753 -0.0755460110371571 -0.186504359496116
-0.0515014515928147 -0.129978715789685 0.0325317264954017 -0.237542082390056
0.00975485202287685 -0.171521524054749 0.198295488774683 -0.236846020961718
0.127758307620086 -0.153187698935544 0.371213061464188 -0.108193774694101
0.230657045719895 -0.0254954777870833 0.352727956157144 0.188014762066025
0.135205796436722 0.231909376653201 0.0753102976829836 0.281342589603241
-0.144784908460517 0.225238077780748 -0.151614460261776 0.0708944555362263
-0.230182238710826 0.0568126870359821 0.180151644844386 -0.24960212131257
0.0559931090550092 0.14133653435946 -0.317530793109124 0.204500833578585
0.132960662054421 -0.0384139419877975 0.209650656617221 0.107197581663336
0.0249675905259551 -0.125532596614224 0.115756765300649 -0.320742759342195
-0.101843505805088 -0.037382387625022 -0.257397728481262 -0.37563243806876
-0.0631154032396594 0.047349303022871 -0.472746905653609 -0.0642196748794464
-0.0194343345421089 0.0531125976700009 -0.330635721426742 0.210752816417395
0.00622482653786364 0.0553797521652091 -0.126943220860527 0.270614971859529
0.00779765936267734 0.0352244593640023 -0.010921370369516 0.264100461792208
-0.0129314178212958 0.0260755222225762 0.0587850622385842 0.287338650042661
-0.0308269822850068 -0.00453070634437967 0.00189885129175536 0.343158787809467
-0.00954018435847739 -0.0157803933800057 -0.161738085319127 0.323038575227138
0.00900622487415598 -0.0368619818476483 -0.353776152405156 0.165496484701997
0.0981532988934428 0.0145606657955856 -0.498388596904012 -0.00663358680595454
0.0778418544091353 0.128063521880135 -0.537632319952516 -0.104514488406952
-0.0696337164600579 0.190498180505765 -0.589200728220539 0.0972443716915323
-0.120082109629988 0.217086534194823 -0.319274184535359 0.164302282340262
0.0657689205591886 0.118768834786468 0.218995377655393 0.122242979967404
0.0769872506748371 0.00471876097853837 0.171568199854519 -0.32446819413099
0.0173083071347001 -0.0176370054200343 -0.233177459620436 -0.432619229089024
0.0391877739984821 -0.000791534245874618 -0.481452659046509 -0.106361260341483
0.0358048797101043 -0.0360732444336997 -0.351467577805976 0.187417884856897
0.0112918499414617 -0.0374724432759195 -0.146086851676015 0.264781451692199
0.010892361104245 -0.0579627478917951 -0.0122104186938881 0.258418282613492
0.00594171877819018 -0.0694870612428504 0.0757761768751448 0.273576922637486
0.0556817987732241 -0.0999465428955074 0.0517786202237737 0.332980172407007
0.129449969328558 -0.0357655118640315 -0.0925047731310415 0.353700890736763
0.126636389189723 0.0473588204426314 -0.298209802933336 0.24152074406145
0.0958217107934418 0.190147162911753 -0.472420712960238 0.0652217990084422
-0.0662814583272822 0.287325584165336 -0.503062617831115 -0.0627231224037047
-0.271605869119489 0.278092280238435 -0.507829385606164 0.07845890878302
-0.303594681010684 0.244127469465341 -0.256246874854589 0.106734656405383
-0.0553791762564204 0.266907171425784 0.257764862883098 0.13512061986087
0.0893628868378505 0.172598356565648 0.268413914850217 -0.315934528643362
0.144864496109423 0.044613843403959 -0.155413720036117 -0.495508085438329
0.159829385476262 -0.034606309306365 -0.450924430588919 -0.174899714843512
0.106672385306294 -0.122239271131043 -0.351431968071638 0.122717665629046
0.0242093556046229 -0.13023912416817 -0.161079552753463 0.214379117226566
0.0110077056528006 -0.14359292060627 -0.014061889568366 0.214990785669925
0.0135639478395866 -0.14937379126706 0.095965754273929 0.221950761618122
0.108887072105272 -0.18687907878697 0.12110959313507 0.280983646653391
0.234244719722157 -0.0880665521670015 0.0241324688598554 0.356192914950956
0.250124666754449 0.0654996226161732 -0.186028039689324 0.330893575061828
0.158490540158855 0.318358430289369 -0.414193824907994 0.168341028385972
-0.13163947375374 0.431947625805225 -0.458034792904735 -0.0152898233942862
-0.402035313372209 0.357242950457122 -0.380667743428392 0.0382465530461226
-0.451157654150745 0.216870172613644 -0.122857870833616 0.0404135942784759
-0.212044932707652 0.364695727840933 0.318431496166756 0.140234183266985
0.0449386663844294 0.339759216509856 0.385495553030161 -0.271666027720879
0.243993252724352 0.144963524671797 -0.0219582944723863 -0.522611335716219
0.272852900709722 -0.0391227623868108 -0.356613475943641 -0.254225582449307
0.180390426771538 -0.186071359768351 -0.316802741320173 0.0220522174955286
0.0414649543647188 -0.206580469356138 -0.163102626600876 0.124904662939921
0.00851536493897393 -0.209224940300184 -0.0129605076899889 0.140193396785016
0.0116771366303935 -0.203203407294517 0.111562858525379 0.141163506782341
0.127791991718543 -0.248421472023278 0.185488154776111 0.195670643207946
0.290013433136421 -0.148028019838812 0.146611564492409 0.310185440527374
0.340966486356717 0.0366966129369792 -0.0430470330123742 0.380694409612437
0.23784730950509 0.378842244740136 -0.315170684962161 0.257031968031511
-0.140199237063034 0.515326346958221 -0.401026664835906 0.0167614975513047
-0.458769486581651 0.396799907918667 -0.232290429036167 -0.0277444641694052
-0.524602323042895 0.142469376083968 0.0629403256163157 -0.0216427887205875
-0.352861812087324 0.369673369130037 0.389016614034875 0.136484637171167
-0.0467722282654253 0.439049093703073 0.48735752807675 -0.188620939639411
0.273486598603452 0.24590542365359 0.140429356180465 -0.478294399600147
0.338773286149195 -0.014563957616558 -0.201310668624598 -0.310928283355672
0.234430949909425 -0.208065017135895 -0.24048246981938 -0.094925820458665
0.0590382858628743 -0.24915335098963 -0.14854954583918 0.0115975491334126
0.0035437412153245 -0.244946600408787 -0.0108557115282883 0.0461784245167005
0.00375447570022235 -0.227072738440848 0.119454665061164 0.0425988624225696
0.123685739569564 -0.271584797933351 0.22819769617389 0.0922453556713624
0.299898461586405 -0.183390326331646 0.244656465877689 0.230730793877897
0.375085701738751 0.00744960848845662 0.0872181292183677 0.378079234243234
0.271208971173271 0.384370762339173 -0.208983675241796 0.296970911488517
-0.141656902979523 0.514168119857685 -0.338260953305765 0.0239056988061107
-0.454782491646238 0.36949561561071 -0.0838701053164458 -0.101517980404261
-0.492359429649135 0.0470288524644453 0.264479357898162 -0.0680253685229324
-0.413554102089828 0.27934627853862 0.452061362809054 0.127291849774317
-0.137941071994802 0.420047375089021 0.539424802584004 -0.0836525955677926
0.226498348858112 0.285961324530173 0.278375218038486 -0.369719210674485
0.327529215879624 0.0174080011440001 -0.0264933586600248 -0.325487726258261
0.242476916105202 -0.187896255174104 -0.141669649932369 -0.201232995757538
0.0669391805505005 -0.246655248093119 -0.120062481935853 -0.103818056756551
-0.000515141884186286 -0.243942390102118 -0.00707128811736917 -0.0504289234516067
-0.00258324596708684 -0.224115947709707 0.120387557625969 -0.0555287036947356
0.111341059842185 -0.258990535070889 0.249850170911366 -0.00621045929572565
0.277364148294047 -0.179420412908213 0.307377632861614 0.148524800605822
0.356373214430291 0.00645529062550097 0.175427911574559 0.347997060154476
0.233824717850546 0.36389454905407 -0.124311090993908 0.298991929323624
-0.163349401960206 0.436553237990308 -0.277787546665551 0.0148327322004549
-0.415438782914885 0.272018372952207 0.0530344825184838 -0.160216661361071
-0.358633075343636 -0.043824098637804 0.434070993398593 -0.103643828850817
-0.363267400322032 0.13783194197177 0.489543984547367 0.115435432282113
-0.168464451583022 0.302458536310191 0.541165149431338 -0.00045609768367661
0.144344246218016 0.242010017116646 0.35888103123632 -0.24920912824005
0.249219594776166 0.0303220512185169 0.115405977778564 -0.31024865590986
0.199550451227746 -0.136403760548917 -0.052402438081125 -0.279414801008668
0.0613880263620545 -0.200113007230434 -0.0896126928423553 -0.199812671149972
-0.00317367548480707 -0.205622357676658 -0.0034778726768448 -0.135391055484901
-0.00338900430823183 -0.19320038084988 0.120144029102549 -0.142370360718844
0.0929996633045641 -0.21703397658826 0.262037243428363 -0.0865477751862635
0.23318955746915 -0.146355416963261 0.347430426998525 0.0836957595886764
0.301757917126233 0.0298263420031944 0.225837947371822 0.319704069299979
0.150813972995192 0.325487226165296 -0.070483134643552 0.288532047376935
-0.19761426530324 0.312951027936696 -0.222017193380639 0.00452316354246646
-0.342480620192361 0.128661463122084 0.170492707483369 -0.184818492087653
-0.160324602176685 -0.119079037941051 0.530380838687303 -0.133294642187509
-0.227740533903089 -0.00606991817309207 0.488984932677623 0.0962448087214592
-0.132035329093771 0.142853681683702 0.518212882359009 0.0387345467209377
0.0606441612235022 0.139665667170104 0.388883339003732 -0.17220524941821
0.131004516949274 0.0234196215847862 0.191320211390492 -0.298107515237549
0.119548291978823 -0.0681490979619614 -0.00250625240948857 -0.323832173539758
0.043686638592196 -0.121001007379692 -0.0691736696388977 -0.261944244239649
-0.00297908349660814 -0.136952610834933 0.00111223754464183 -0.195501843390381
-0.000216608258198784 -0.137792390231162 0.120743863222841 -0.20381261469232
0.0679752451412202 -0.154097215206078 0.273354942693896 -0.139784730365468
0.170867186475216 -0.0978937951523801 0.378280313330897 0.0453101715204288
0.221742440673472 0.0573426289154526 0.250050964349362 0.30771716746089
0.0488010148616936 0.263682905473961 -0.0456873566488749 0.284355121977426
-0.213113100818538 0.159935160500007 -0.179059385762354 0.00373435680456846
-0.232768869926133 -0.0303408271525114 0.257095835371972 -0.168950763348766
0.061534662318225 0.139261333433831 -0.30553453798177 0.216680189036885
0.129673727092971 -0.0436002471596634 0.216700769536431 0.0941788795283041
0.0200460286489516 -0.126043818634372 0.10465746036268 -0.325827839099618
-0.102590747338094 -0.0318882077881401 -0.26999840735493 -0.364222913344468
-0.0598045160652651 0.050945767801879 -0.475106488008805 -0.0420293368033808
-0.0163602643882565 0.0536854187957411 -0.318336862684326 0.222999583065777
0.00879729717153593 0.0524722525008667 -0.114411522081277 0.271026816688005
0.00957554163930821 0.0341177972346173 0.00166945570693927 0.26181606413566
-0.0111375078403817 0.0258727519117057 0.0729967934808558 0.282163077209929
-0.0303935831214705 -0.00253913362920644 0.0195650397772234 0.343196151716753
-0.00937482600228479 -0.015180952805393 -0.148910345050502 0.328512981996194
0.00728806241056252 -0.0359664056878425 -0.352590756654041 0.176435464976825
0.0982891891508091 0.00943039422200547 -0.497776272382312 0.0125238210261169
0.0803371197850455 0.123081518123505 -0.53704180421063 -0.0877088048492354
-0.063202510055018 0.194865784824613 -0.584150734889265 0.116271133605091
-0.112084140547001 0.222862923951821 -0.30929546478187 0.175690294467728
0.0703186809665264 0.114830328534301 0.22597439558529 0.109981741142864
0.0766613364823217 0.00139216842283773 0.162110224889249 -0.331184169927924
0.0164090924611709 -0.0172887677045077 -0.248053601980974 -0.420707430349608
0.0396974465441037 -0.00165649745913477 -0.485416542630462 -0.0841460454666936
0.0340171252187787 -0.0378007136592079 -0.341546341004863 0.203143509293664
0.0106071676773675 -0.0390891807214171 -0.132160840779198 0.266661275803829
0.00796013837662148 -0.0582771557597589 0.000271828388229549 0.256061355732413
0.0036981985601962 -0.0688442320945297 0.090128304447404 0.266962927134698
0.0507832505496583 -0.101894895727902 0.0686150920802037 0.329432606994299
0.127901822122032 -0.0422846343855623 -0.076637803243977 0.357899651756568
0.127247167807172 0.0426186362548785 -0.292830706220901 0.250220026291666
0.102292045972152 0.184335309719295 -0.473252457871808 0.0821442482450765
-0.0566111905040891 0.288519661499579 -0.502112188843905 -0.0491089046863125
-0.263173792056588 0.289596284384225 -0.503159176985143 0.0942375850680119
-0.293651809138364 0.257674075902521 -0.250075358271354 0.115102040520094
-0.0439091098293032 0.266910848705678 0.26425237336952 0.121172866535077
0.0961743964450375 0.168943185269515 0.260809849496755 -0.325446060153218
0.145560713453334 0.0389633499997144 -0.174651608648923 -0.485199627914144
0.157441861472077 -0.0412134086621936 -0.457271904306609 -0.154328108339374
0.0999545080263113 -0.126982641500493 -0.345536989057458 0.137920717052686
0.0192497276997772 -0.131278632470044 -0.148939318168463 0.219318888117609
0.00428375502076371 -0.142948738735434 -0.00396496375813121 0.213969647210347
0.00826404747317831 -0.147864237989635 0.108565123847316 0.213169561635318
0.0995353749117044 -0.190929362197564 0.136522681345266 0.274381671798133
0.230276893787111 -0.0997009817729438 0.0409984265082362 0.35459559526179
0.250237097731625 0.0556570903388968 -0.174917240965156 0.334709668557188
0.170562839025399 0.310590383671405 -0.410375772082778 0.185378545731141
-0.115783551657984 0.435331947968029 -0.457813022640162 -0.000771299925310062
-0.391970249579045 0.37313400329236 -0.37821914785844 0.0506907030844328
-0.443804981061422 0.235432601606991 -0.120991507219666 0.044563059701757
-0.196494817726309 0.371933121866696 0.324640739696034 0.12527268238299
0.0595267598807033 0.338044737537374 0.379105056742541 -0.285488630230521
0.248300484329437 0.134230527850765 -0.0417227460791721 -0.516624859943194
0.26907212405094 -0.0514911152209433 -0.364010040200272 -0.23662124715117
0.170089266032323 -0.193657008760494 -0.314897817171046 0.0363590073176177
0.033067774653079 -0.207021639743472 -0.155042257198085 0.132002088635773
-0.00170091614175938 -0.207224085283506 -0.00685931099286866 0.139061629657752
0.00354962717142516 -0.200759369321072 0.120011096132953 0.131654486069508
0.115923857393704 -0.253193838430479 0.196008462176759 0.185249981371492
0.28216225912759 -0.162270687737489 0.163395958855685 0.304597723576994
0.339650270584911 0.0233512070404054 -0.0282726008757082 0.377649665860229
0.253342506524371 0.365968108739017 -0.307451211425383 0.267280041595537
-0.119819597908736 0.519034770434074 -0.400287917091808 0.0285602366280414
-0.44603136949175 0.414970601679091 -0.234177832512973 -0.0196000649188681
-0.520670161705192 0.165351110066917 0.0618469788899383 -0.0248852787235414
-0.335666780344146 0.381645015524715 0.393055757026013 0.120396620603218
-0.0292769139298811 0.438752096921549 0.482981055201898 -0.204046041628435
0.281626276135515 0.233321313733778 0.122357039756535 -0.480750552090511
0.335656604029319 -0.0294956122020801 -0.21053460457126 -0.301645771920719
0.222231163667697 -0.219438424055619 -0.244480442620106 -0.0838462053805158
0.0479793153536119 -0.249600808223242 -0.146025294683322 0.0196698585592888
-0.00830890399728939 -0.242189363352804 -0.0090843110250013 0.0454380092689657
-0.00504819311804779 -0.224104647174712 0.122545929050641 0.0342676510245034
0.111375510287364 -0.277138772658433 0.232436421147902 0.0808254138207282
0.288918138371718 -0.197161908350316 0.257440360235133 0.220346394040583
0.371036414695465 -0.00895299276902008 0.102317137304961 0.369755205702751
0.285859616822072 0.371137095294513 -0.200451500194231 0.303158635395679
-0.120812974395077 0.518056284884146 -0.339865038094651 0.0340762895620153
-0.444370453832457 0.386292127061734 -0.089241381869081 -0.0980522638059161
-0.490462845509149 0.0684605462848204 0.260254075654395 -0.0788916275237357
-0.397913466460595 0.294137107565617 0.454247403571249 0.110171745082663
-0.120532809479322 0.423810003233291 0.537964624149486 -0.103378940114
0.236940228007413 0.275252934074344 0.264397059967304 -0.378294283990945
0.326536359548839 0.00297838199273944 -0.0366879411554515 -0.324162230311827
0.231183922863659 -0.198967274783112 -0.151587872834852 -0.194213628199424
0.0568709415532612 -0.247536475542954 -0.123885510086077 -0.0957476868772619
-0.0128303040032015 -0.239956178299691 -0.00941673982514491 -0.0500960126491574
-0.0108931381345162 -0.219634845191755 0.118646924406384 -0.0632026402190682
0.0986824013829078 -0.26284822024545 0.249701781738745 -0.0179761607828782
0.267776993398172 -0.191909104437513 0.316302887438692 0.135049563858264
0.353066401116011 -0.00763934649878278 0.189597889434865 0.336529020537026
0.249805829190281 0.350392413109519 -0.115921937535004 0.302499905718781
-0.146947458431405 0.442000145567875 -0.278717259305289 0.0240690900741883
-0.406774584888925 0.287569078637368 0.0446608331127517 -0.160514949593614
-0.360653799818568 -0.0278726069340026 0.427320771911847 -0.119748318680517
-0.356363768604555 0.150446419299057 0.489760140496469 0.099919043631736
-0.155535158401485 0.308267362352991 0.540972469809827 -0.0194256070119553
0.152591041560523 0.234061714253559 0.351172050385964 -0.260580437327128
0.248153160961683 0.0198113354266721 0.106014934652295 -0.31532828100552
0.190540393707355 -0.145917186725934 -0.0658495900681477 -0.276170459810401
0.052330675399448 -0.201255222205767 -0.098810178082044 -0.192408787222533
-0.0137707666870521 -0.202022695190726 -0.00965141424185825 -0.13343406430975
-0.0114146288261997 -0.190066160656233 0.113408478572947 -0.14809329755762
0.0827846094783549 -0.220500006545883 0.257380547144304 -0.0975602748659044
0.225070206007708 -0.155410822031952 0.353803511163009 0.0699060511740465
0.299794531673469 0.0172413604500059 0.238913639900293 0.306406986367576
0.163805087118878 0.316632407371873 -0.0626422144898145 0.289530079430736
-0.185193781228106 0.320631584339933 -0.224067302621184 0.0130973566254963
-0.338641640970682 0.142105184627913 0.159952952563123 -0.189655892283417
-0.165086934972905 -0.110708428701302 0.524041452250075 -0.150995749179586
-0.226977675043992 0.00247873365104625 0.488009074377899 0.0827320437453661
-0.125670063865705 0.146491378030524 0.520068402951601 0.021606792966865
0.0652230116294983 0.134998237508277 0.385108664985981 -0.185837558899958
0.130549662850795 0.017975819247421 0.18221850584218 -0.306244507704309
0.115022457909063 -0.0747452956352859 -0.0181081098599418 -0.32179737293917
0.0385009009212464 -0.122205961390149 -0.0820561033487785 -0.255845555264341
-0.0107818842324803 -0.133996270772371 -0.00768268064248588 -0.193570709086189
-0.00626066027407539 -0.135602206861406 0.111489050781154 -0.208623992248374
0.0608251338078573 -0.15641136104147 0.267186848749933 -0.150707767021738
0.165264806241363 -0.10456327213519 0.38159628214128 0.0296869546001801
0.222217186764856 0.0474628803899793 0.261456725166897 0.29504989461538
0.0602019260220919 0.258491160395539 -0.0374916327720576 0.285128514874335
-0.207405822701275 0.169209365961742 -0.180368443529954 0.011833370525489
-0.234313849337805 -0.0213071232616331 0.247107263988421 -0.176225111647058
0.0692494484301517 0.137238043144344 -0.293660718228581 0.232622967297136
0.127724243892489 -0.0510596304253799 0.224050206903222 0.0792957649869992
0.0131663816124047 -0.129025477332439 0.0898011008928142 -0.335236358331332
-0.104131925163139 -0.0257988023953199 -0.28849645772751 -0.352320524285867
-0.0565714054477173 0.0555388313217037 -0.480786326317197 -0.0149121688585326
-0.0128203616790542 0.0539331631418333 -0.307351216154819 0.242980706026021
0.0118687889821193 0.0502747375050749 -0.100569615062874 0.274203634000405
0.0120882950300853 0.0323584772394044 0.017024982480649 0.26142859900516
-0.00845353358874114 0.0256254898134519 0.0911537781642704 0.277549654803915
-0.0295282950823591 -0.000643056266204113 0.0422945798771529 0.342794324192281
-0.00972533423777001 -0.0153712431365188 -0.132762404876798 0.339424998243579
0.00526848802150261 -0.035145452173478 -0.351735807838748 0.196088516981216
0.0993692973617707 0.00266408600404837 -0.502800457481279 0.0386210608523826
0.08573557448412 0.119444121210426 -0.544742136850957 -0.0658718637535729
-0.0534161421068013 0.201660994876522 -0.583296503613888 0.144106497415666
-0.101229729696144 0.230867282112674 -0.30116555883144 0.192092734186512
0.0765233951488401 0.110945340530053 0.234299383092043 0.0944512877797174
0.0773108585006936 -0.00288760216839026 0.149055072784085 -0.343317835879994
0.0149093629226536 -0.0174599989512383 -0.269222915960798 -0.409329033082561
0.0399775377039871 -0.00398907427441811 -0.49237134612473 -0.0550388724643254
0.0320009116118435 -0.040007305644313 -0.331325428582573 0.222330795114808
0.00864494147126872 -0.0411168155959422 -0.11645364930895 0.272620016086637
0.00479699134265852 -0.0600890479799399 0.0153955359810171 0.255726588305774
0.000602086454644024 -0.0699421012947577 0.107599454426195 0.260278043062725
0.0456248539713886 -0.105100808340845 0.0906878881007234 0.326251339798033
0.126760264302515 -0.0509720122412144 -0.0568952039582881 0.365527390281887
0.129638749110812 0.0376928574787477 -0.286289880787302 0.266663103153638
0.112416079282384 0.179253491681079 -0.4746205237242 0.106829585248395
-0.0434177976739381 0.292461613916803 -0.507643268583748 -0.0276256700887979
-0.252493616336108 0.307326307944911 -0.503160459530296 0.116857062127779
-0.282625772122483 0.275422994314227 -0.245722236564927 0.128391295315474
-0.0292327866632159 0.269297584573951 0.273230904911432 0.105749249672344
0.105924358949101 0.164495266771466 0.249967650473965 -0.341416145295996
0.147437654576536 0.0318212409855092 -0.199660796820265 -0.477060164868323
0.156389990880243 -0.0504076309389951 -0.466694761478546 -0.128326736473112
0.0918350886727635 -0.133239598930831 -0.338947589671588 0.15872776700414
0.012481471972233 -0.133887829326342 -0.135684123577032 0.226865279371384
-0.00372139937620909 -0.143874629792494 0.0090386619014889 0.213072143076364
0.000890010259773679 -0.148407705438334 0.123434861106881 0.204753112792943
0.0888803521190176 -0.197626703928925 0.156072488275995 0.266941735926311
0.225243707508106 -0.11566512748188 0.0639647634897435 0.355303923163625
0.254290090806306 0.0436853327031939 -0.162172091881615 0.343279670199344
0.188448006005687 0.30167656345658 -0.407452808034485 0.206501552547883
-0.0942769015210091 0.444507271103392 -0.46114787852446 0.0193317386114936
-0.379035173734881 0.396411146279099 -0.379458408556621 0.0676672123980969
-0.435344012185196 0.261682340944053 -0.12083383655872 0.0495523831328349
-0.175843122013021 0.381712343986026 0.333538351851104 0.109051089486139
0.0776213227626331 0.33727043704839 0.372815955552409 -0.306018375670902
0.256348199573389 0.122232684790834 -0.0667652939846277 -0.51588658494134
0.268599862465868 -0.0671716771692021 -0.377593743679857 -0.217814684427479
0.158508042010136 -0.205265325680709 -0.314315007816921 0.0545679334767591
0.0230622747017153 -0.209950640935818 -0.147364309275766 0.141222863094715
-0.0135767986710688 -0.207470769122604 0.00113609260645732 0.139385658639226
-0.00598548498696761 -0.20053617454565 0.130108551588142 0.121439046068254
0.101734825121772 -0.260966657924904 0.209554417355417 0.173744241289439
0.274116266823071 -0.180484985852945 0.185187517199239 0.297155621400247
0.341013930968325 0.00562492829770714 -0.0113942292552409 0.378770725772341
0.274510134690024 0.35485499973487 -0.300988915905764 0.285113315063661
-0.0939192118493516 0.529300254427093 -0.40432928107312 0.0460133043586506
-0.431976848055676 0.440385654317513 -0.237983761213942 -0.00851434615995797
-0.514726505440533 0.194705510106899 0.059771497394894 -0.0286585017921368
-0.31655359796875 0.401284426870611 0.401569520560593 0.101245893567319
-0.00548011018778995 0.444101474451675 0.481281691072784 -0.228947872549758
0.294878680325139 0.21925395112297 0.101000825689137 -0.48755830725601
0.335895518108523 -0.0490991852220651 -0.22487147491318 -0.292120953859159
0.208347887234793 -0.233719447803359 -0.251301973125597 -0.0703620665353626
0.0354800770975401 -0.253384182603672 -0.145250993215426 0.0288492408110231
-0.0224755997474463 -0.24109828952347 -0.00636601464756626 0.046552502626829
-0.0155475974235565 -0.223815130984679 0.125985307470782 0.0241580834715814
0.0955882432868162 -0.28431151555744 0.24009994285428 0.0665627184895968
0.279228624490672 -0.215364029164155 0.275533125794171 0.206922571717863
0.37212322255723 -0.0276689917666963 0.120777150242949 0.363373156460749
0.308884446419444 0.356802285186411 -0.190625288831243 0.315732262741006
-0.0954035093538374 0.528430725782649 -0.342876779044835 0.0497056634285012
-0.430728390408891 0.411528826901499 -0.0960892412587688 -0.0935144317112812
-0.48964061670339 0.0953162724294499 0.256456133385323 -0.0937558818530431
-0.384847531220952 0.314695806248807 0.461056466145279 0.0912602216594638
-0.0985172075813689 0.432567303538662 0.539957081160443 -0.129762873765344
0.252245710169134 0.263716337728739 0.249374982494914 -0.391171593930668
0.327943919940812 -0.0164902537361258 -0.0509767855922672 -0.325065410177012
0.218397698326057 -0.214596082890851 -0.163522700058827 -0.186616170077651
0.0433087660867729 -0.251701894961039 -0.129922419768327 -0.0873912354861533
-0.0271196029889548 -0.238561060291663 -0.0129189923544578 -0.0489761237227958
-0.0211467985375743 -0.218995291734839 0.115591180737235 -0.0728456583468085
0.0837800523250093 -0.269365228418959 0.250524276665998 -0.0329125774205028
0.257378499857514 -0.208440672577767 0.330774698557213 0.118011936944919
0.352177637212337 -0.0261934845560496 0.207807968630946 0.32522069040782
0.270706377026296 0.336985155422272 -0.105423113694878 0.310854041731368
-0.125157163941396 0.454716734389957 -0.283300391438297 0.037479793201142
-0.398099752861637 0.311615290228931 0.0348228123498348 -0.162837049027287
-0.365657898375223 -0.00738421041144443 0.424312484771481 -0.141058549681693
-0.350106788143344 0.169105359081091 0.496457547236041 0.0794570418808871
-0.140981327564998 0.317974194526602 0.546824434157233 -0.0455693888118313
0.16559800155842 0.226955049030137 0.342213825309463 -0.278101419204581
0.250115920107498 0.0052377748957847 0.0942591208434043 -0.324596640291691
0.181280949679446 -0.158011137682532 -0.0821023419723113 -0.273422478795074
0.0418140984715904 -0.205664410330874 -0.111470887274807 -0.185809770467829
-0.0262809845338774 -0.200046145138083 -0.0169933101598542 -0.132417915503101
-0.020904795496458 -0.189004610724965 0.105342695605002 -0.156553709256622
0.0694059475472103 -0.225769111983645 0.25483655821983 -0.11232231166297
0.216605498227965 -0.169282632250227 0.363545868145118 0.0504927033729269
0.300468883979418 0.0015064501913512 0.256567962210058 0.293421870436421
0.182531717381256 0.307885426214723 -0.0515442913538832 0.294473814207491
-0.169960426318317 0.334084984050047 -0.228998868029986 0.0243773567953937
-0.336268286449226 0.160794364580298 0.149352164138111 -0.197529831892699
-0.17232036943354 -0.100740943675614 0.520930575786255 -0.177343812443596
-0.227913939019111 0.0148743265671842 0.495557243371959 0.0636573026560779
-0.11831804781243 0.152974483832588 0.525758959831104 -0.00345687503612235
0.0717970212225096 0.131078187243732 0.380501451111813 -0.205259274842519
0.131120268973205 0.0103043657864123 0.169308226324821 -0.32105662809526
0.110172458729354 -0.0813349448820235 -0.0371067504641055 -0.322816874766209
0.0306353912444238 -0.125541536285914 -0.0981548211957069 -0.249968402468619
-0.0192856714499381 -0.132615583044467 -0.0195730713079734 -0.192665477909586
-0.0144712932700991 -0.135325982382201 0.100413915953174 -0.215510368249021
0.051249761724828 -0.161020792066733 0.261016845217315 -0.165280078580811
0.159495628176319 -0.113780611783091 0.388910227024051 0.00820883374607074
0.224530585211344 0.0352642526271033 0.278605662112706 0.281056623400744
0.0749128733932447 0.255418139898263 -0.025740211358377 0.289045224213541
-0.200186605438266 0.18349825602582 -0.184062379707956 0.0215918873096394
-0.23798925638815 -0.00867945362838982 0.237496612376908 -0.188842355643979
0.078968110006509 0.131878903396364 -0.275773508476608 0.253116764990074
0.122492612714688 -0.0597568559177511 0.22771299033757 0.0590962354479017
0.00335951745465818 -0.130026847279388 0.0658050425369364 -0.340545305442277
-0.105322500299178 -0.0170937859133419 -0.309922188101056 -0.329330577534684
-0.0510765581014621 0.0595986139417831 -0.479454112574468 0.0240005703123282
-0.00834613723809225 0.0542204858225609 -0.287828828275832 0.263137608172594
0.014753774893508 0.0476117868138505 -0.0804777843854374 0.275873632542883
0.0139824291895458 0.0290555854800251 0.0371985827918682 0.256680220740108
-0.00610421683963193 0.0250553953438066 0.113122842505225 0.265952778362129
-0.0286283615676984 0.00203532350077287 0.0710449479450166 0.336315272431484
-0.0104613182491443 -0.0143097358174831 -0.107970565576477 0.349425970907265
0.00295655942063081 -0.0335555107643626 -0.341830236020978 0.220243045006698
0.0979785356647119 -0.0051396747551445 -0.499156720307866 0.0754630472313324
0.0926307035307641 0.111781231753745 -0.546923309789475 -0.0318203492007507
-0.0386894727014218 0.206226976532595 -0.572000261292459 0.179671407653043
-0.0843365330617896 0.237754888356036 -0.28642920340261 0.21221645641433
0.0838906274214664 0.103765178834504 0.239248133939828 0.074382323732604
0.0767299243647706 -0.00975118030590231 0.125708346911955 -0.353714307918186
0.0131080357655814 -0.0180867147804307 -0.294108592837506 -0.389019214506822
0.0395636604950784 -0.00663966957933966 -0.491526817887878 -0.0158548825375375
0.0281698644000841 -0.0422016804418724 -0.310012990446018 0.245520049980487
0.00524398718544006 -0.0428356577079577 -0.0956894050218917 0.276504402055576
0.000633943373765634 -0.060083248576199 0.0353612181008345 0.250893854069901
-0.00347191031552159 -0.0696307293306632 0.128746208588269 0.246367552548436
0.0376840656119769 -0.10797338600534 0.11839646560559 0.316844001160776
0.122516547176239 -0.0612103305064186 -0.0289264632229723 0.368445854790037
0.131234210743547 0.0295210744771448 -0.271148917210417 0.284984867461385
0.124013373794389 0.168698259703809 -0.467207378089264 0.14222601626364
-0.0242599825691533 0.293794433362685 -0.507739230759984 0.00476028300488326
-0.230303793307439 0.325543753083482 -0.493076357062819 0.150398461654198
-0.261535775509039 0.296569705254435 -0.235430210442788 0.144495729498632
-0.00994910043793242 0.2683854469906 0.279863630232844 0.0835678801823559
0.118477805423841 0.154907960658911 0.227648936111742 -0.359556078368157
0.148254528897669 0.0211051116749259 -0.229440187780117 -0.459848502537279
0.150869267370598 -0.0622047204708267 -0.471832377520453 -0.0934446082458058
0.0805639758195936 -0.139757795659304 -0.322987642158674 0.182962207426875
0.00194900638318992 -0.134938568035892 -0.116865488033561 0.233546064672013
-0.0147606243160957 -0.142249969056362 0.0255485705420389 0.209225495003969
-0.00855951820578297 -0.147439973027126 0.139013724980636 0.189718200231309
0.0727977297180565 -0.203902053028981 0.177791443335504 0.251550166415651
0.215179905620004 -0.1332234759076 0.0924798085849681 0.349089444296677
0.255387094795692 0.0259203497238385 -0.141236945081653 0.351932405885697
0.209317183305149 0.284723193715991 -0.394382003745194 0.23535030214257
-0.0633998246264365 0.449157973827824 -0.458788840098509 0.046698609669049
-0.352392378949499 0.425657035045208 -0.374471918982009 0.0930215197841827
-0.414380270194167 0.29321888267875 -0.118525842896398 0.0575384951843227
-0.146602189854939 0.391426068356637 0.33869952368378 0.0838661408753013
0.102964940421365 0.329193849042673 0.353971211120728 -0.332159287755222
0.263025041126079 0.102395208245206 -0.100747227400484 -0.50716719636405
0.260625144300413 -0.0879644586345179 -0.389358979267922 -0.188978041351369
0.139341596499617 -0.21577637109104 -0.307600029821003 0.0785306121127701
0.00682274667411112 -0.211046485279023 -0.134368084464816 0.150555049723279
-0.0294215540096164 -0.203745373560445 0.0123431691924613 0.136954586923461
-0.0190960794142792 -0.197898875080014 0.139469229613342 0.106914901425349
0.0801970501599058 -0.267586655363064 0.224343517478118 0.154236650845741
0.257925764426961 -0.20246918391327 0.210025559394246 0.281714061779539
0.338622122183117 -0.0189671986143984 0.0127010345454286 0.375501997978621
0.299571825352551 0.33031916741624 -0.283104173236947 0.305758380998379
-0.0555883782859277 0.533135737515058 -0.401017234893244 0.072206997661474
-0.40382218601112 0.471714349736709 -0.238091053600256 0.00784008899082633
-0.498471257621232 0.232200227563805 0.0548779124219376 -0.0332668771637639
-0.285052505028213 0.4200547865098 0.40571137691381 0.0730435330719773
0.0275563460613733 0.442953760372507 0.467555959067285 -0.262790878398952
0.308187616689407 0.195853571613904 0.0686807962138895 -0.489003351392729
0.329518958774328 -0.0750411432515164 -0.24245904230342 -0.274514580825721
0.187223247233411 -0.248146288821607 -0.25447188262123 -0.0511779102908501
0.0161780103925773 -0.254144369881478 -0.140926734462969 0.0402334018596185
-0.040880883855745 -0.235686600833672 -0.00224962577786769 0.0460922894108359
-0.0301282559163324 -0.219382920000091 0.127782656218974 0.0105954506867765
0.0724773280846496 -0.288982637352952 0.245260770469596 0.0458174740363374
0.259923137143542 -0.236612655549959 0.294233364970437 0.184222351057323
0.365179882850002 -0.0551386425689736 0.144697214318105 0.350019810356475
0.334087996475521 0.327355796929888 -0.171468255626659 0.327692024470945
-0.056852187028878 0.53398636472979 -0.341438127027225 0.0724191892906868
-0.404605254614687 0.443863088490144 -0.103212179308021 -0.0856162267816424
-0.481036964774816 0.131493256550004 0.247589769799817 -0.110019097485868
-0.359521483717496 0.339816488391649 0.464196405273449 0.0595358376309195
-0.0664059346572995 0.4374054478095 0.531743428103347 -0.167137379346443
0.268850158265421 0.243579264973249 0.223215529779932 -0.404214449680772
0.324019620273369 -0.0412870284659349 -0.0696860265330201 -0.321493573894686
0.19848925564987 -0.230041914987902 -0.176527719617678 -0.173167974229459
0.0241192207590618 -0.25249814998381 -0.135543589812575 -0.0751438436153774
-0.0456382332686842 -0.232047999903689 -0.0163942648469184 -0.0467063966391135
-0.0355190109105744 -0.214386470130113 0.108911641586431 -0.0833555235902255
0.0621400558750709 -0.273572909791749 0.248115761475562 -0.0529101966402408
0.238943577492431 -0.226949215798004 0.341604264739383 0.0919592046375553
0.346864297125103 -0.0520754379013138 0.22948522939126 0.305386481645731
0.293775994001643 0.312601771568696 -0.0872021261278571 0.315926258177038
-0.0904892015541818 0.461592283671439 -0.28315788818366 0.0572070177666777
-0.376835430326114 0.339931143790494 0.0219150965910128 -0.163364889469595
-0.362978756887984 0.0202176421779863 0.410583379280048 -0.169902542126162
-0.334888592591116 0.192882672367463 0.498321709699463 0.0475978737553977
-0.116169056913953 0.325117425618546 0.545337769151484 -0.0810302997251858
0.180007263577075 0.212524298202207 0.324440025903369 -0.298272069745539
0.248639665028803 -0.0139686091719252 0.0729025956512386 -0.332824702122679
0.165974219987688 -0.171423313848411 -0.103134248081906 -0.265689958859945
0.0245481575749858 -0.20695892207623 -0.12455103669937 -0.17392351314542
-0.0417066216409452 -0.194626759778385 -0.026695526702466 -0.12879380659103
-0.0341030411484966 -0.18426630523181 0.0926173545103129 -0.164562489771627
0.0514544816294232 -0.22888547720022 0.246032087268888 -0.130783094533516
0.202153252694407 -0.183906649210589 0.369125810094065 0.0217814179909006
0.297800722085924 -0.0202091141632913 0.275445572479098 0.270418393816562
0.204345991481298 0.290212391245401 -0.0331349410377115 0.297199393415442
-0.144701965818986 0.345545043106003 -0.229090223338885 0.0417486107086279
-0.325119192229024 0.185267500191626 0.13332214719113 -0.205893697553601
-0.178021644655622 -0.0858549389714757 0.505709979235869 -0.21082987548917
-0.225370478629811 0.0314900269686527 0.496981579018471 0.0341416007874777
-0.106325010697016 0.160248678810875 0.524245102465698 -0.038461911429266
0.0798754799391385 0.123633563407706 0.368540591336712 -0.229400993268846
0.130890170278778 6.26835258530148E-06 0.148439061259268 -0.334768587555333
0.102049171325538 -0.0890752411296804 -0.062283719625254 -0.317762405888558
0.0202622365869243 -0.127559864872259 -0.117472715978526 -0.237990865928973
-0.0300333082586587 -0.127730743730064 -0.0335516654192982 -0.188489834424598
-0.0252718710222565 -0.132189043618868 0.0828915639571948 -0.221993262376741
0.0367140453726568 -0.163242342513444 0.248406296614044 -0.183783802148189
0.149531671195372 -0.124260442090194 0.390709456420383 -0.0214990828766933
0.225565692386682 0.0181957482662927 0.297536908851743 0.25821352248104
0.0933729966896118 0.246049161461706 -0.00804012964664627 0.28980664117382
-0.185907948140696 0.198911400150019 -0.184446273583275 0.0357281269417426
-0.238483402039842 0.00941965554391384 0.220581129704318 -0.203582114750437
0.0857720493283214 0.122496781201585 -0.247012737040278 0.26547023126164
0.112686520700767 -0.0663007977414043 0.223276130612661 0.0387226582353594
-0.00683115908935335 -0.126756718817851 0.0400479428662193 -0.335264269663171
-0.102557034570879 -0.00839124748829348 -0.319188922179886 -0.298777480398816
-0.0438456071103408 0.0618111691845226 -0.46101127610519 0.0591070930180828
-0.00373850933787543 0.0523801688747415 -0.257130376357638 0.274129538100952
0.0169696010158676 0.0444298399148706 -0.0592819735448044 0.268005831567959
0.0161026173024029 0.0259878006279866 0.0547994646269071 0.242829882605092
-0.00306734816954272 0.0234139757461083 0.12994636642239 0.244471188756523
-0.0257779962013828 0.00343605974643846 0.0961077048711755 0.318672269698
-0.0103421726187758 -0.0134931667265138 -0.0789565776325019 0.346508446088996
0.000635660403070903 -0.0314634907694792 -0.319100262696685 0.239859010308696
0.0928794177257073 -0.0135467831872458 -0.477727480652939 0.109112930231554
0.0966351363398773 0.102135614984075 -0.530977388801231 0.00245406865601806
-0.0218709011952702 0.203136030409253 -0.543390587268272 0.212843076100552
-0.0640803030540275 0.237404663087194 -0.261484862381427 0.225678552377825
0.087751095110882 0.0940671346599206 0.235898349180024 0.0519699711656531
0.0729500995663438 -0.0154773463571483 0.0981652875370502 -0.352498079306958
0.0112131542351418 -0.0181107311789004 -0.309717514744258 -0.354139566169968
0.0376776340853134 -0.00948383750257338 -0.475868639512337 0.0217936216196405
0.0238288954867452 -0.0431911254995763 -0.279690436620664 0.258997674471563
0.000778873400138817 -0.0422381008647233 -0.0717393778911301 0.270135492169613
-0.00423912043422805 -0.0589584514522344 0.0530268884742171 0.237312004608844
-0.0076927621086415 -0.0674919618547144 0.143080799230078 0.224188268200576
0.0280170875650224 -0.107534654313628 0.140787638833097 0.294034614003162
0.113526623809003 -0.0697402707598619 0.00098734115085794 0.357961279403756
0.129152671509251 0.0202399892208895 -0.2463985232295 0.295678221152946
0.131357114293098 0.153084593304819 -0.443616661289689 0.170739387113371
-0.00383701741213146 0.285820859610058 -0.490907833122653 0.0356951628326159
-0.200626432309589 0.333697891368825 -0.468716001452549 0.177485815416494
-0.231730963100369 0.307320621641134 -0.219569450397125 0.156493255398129
0.00926267292692671 0.258896978890755 0.275166591379416 0.0592337518559378
0.125407258663916 0.141043137236983 0.198166579999283 -0.365446008866833
0.143903114186075 0.00973119385851901 -0.251007492179353 -0.426838401915828
0.140832950976538 -0.0723454599950619 -0.459630781754041 -0.0550636958217307
0.0658824816059151 -0.140633950913033 -0.297499531130367 0.200231851092889
-0.0085550902432965 -0.130385832423477 -0.0942171754777796 0.23188020829256
-0.0251172766478031 -0.136180893788505 0.040840121676035 0.198545464932784
-0.0178426426122189 -0.14172167260333 0.148981306864962 0.168353963080606
0.0543144853288534 -0.203040027938184 0.193163975272337 0.227612627825249
0.197463303024129 -0.146174335584363 0.117568255878153 0.330424071977026
0.247824335817123 0.0077936404192121 -0.116377704978874 0.350341159953485
0.222495130786464 0.259558379452173 -0.366419002228447 0.255372091667433
-0.0293181539885687 0.438441611538605 -0.441979303704253 0.0729157861553138
-0.311648554361422 0.437293906336868 -0.356047368208452 0.11519284376139
-0.379706025612404 0.314990276481978 -0.112820223082038 0.0649438138518222
-0.112990374035103 0.386482630748377 0.33231116951424 0.0564347721068649
0.124154016924973 0.310063003284536 0.323342133035531 -0.347128972425676
0.260481928416261 0.0793784007558171 -0.129894787390427 -0.480123705152954
0.243867721831987 -0.105209818788122 -0.38675709759833 -0.154135385329742
0.116667608170048 -0.218608862921736 -0.290217636778452 0.0972678842926184
-0.00943635744484037 -0.203917547371631 -0.117233898553921 0.154335752718571
-0.0436559667880235 -0.193636350943452 0.0228798670977233 0.130835970739828
-0.0310173854006764 -0.18915555651284 0.142651707433464 0.088892713715984
0.0563940546816692 -0.264002014097082 0.229974868656225 0.129721409343807
0.23249621882955 -0.216442511482131 0.227702122789029 0.255319817234695
0.325284666499807 -0.0425359701513895 0.0359266774868562 0.361312167733077
0.313397694724775 0.294732111196223 -0.255574223871358 0.31628577632582
-0.0148574778413557 0.521515225467944 -0.386540912916772 0.0956393020700184
-0.357631544096193 0.486229194965269 -0.23156234141751 0.023969104345299
-0.464571371058442 0.261727742000312 0.0476722950228327 -0.0353313756312297
-0.246117729226632 0.422552321647372 0.396185673355617 0.0428577243279877
0.0588938189915554 0.425471794786942 0.438105181063486 -0.28705505814202
0.311843530667902 0.166800022740637 0.0357990522570575 -0.475120401700695
0.311625273111922 -0.0991902012612522 -0.250546003304372 -0.248913936003354
0.159717218720871 -0.253504243505087 -0.248895687055608 -0.0310438709530251
-0.00417813978763691 -0.246484512231327 -0.132534975315653 0.0499614033779495
-0.0569578393268182 -0.222237842877713 0.00146195691926429 0.0454023550697418
-0.0434221655819995 -0.209623427300129 0.12350620477408 -0.00183640200281665
0.0475891626141027 -0.284192675695433 0.24159279522827 0.0236485555306851
0.23289989253531 -0.248804656726243 0.302354901030008 0.155639447984385
0.348126585916222 -0.0795283677573455 0.162637503913735 0.326498997214536
0.346619267785497 0.290892819674885 -0.146704144000145 0.330442975158947
-0.0158860585667026 0.520701380697629 -0.328937989495869 0.0937312523701465
-0.362761538072965 0.460049153413678 -0.107508238853077 -0.0748475662625576
-0.453902658604386 0.163171204818435 0.228994155385797 -0.123452239115449
-0.323028116395153 0.352293441018035 0.451832082452447 0.0274693088761963
-0.0313672287603055 0.427879504664662 0.507250033104864 -0.198941064546968
0.27688877688018 0.215319867300117 0.192621917095017 -0.404838511862239
0.309573725802909 -0.0655130391442883 -0.0879088493378448 -0.307434844504346
0.172321758388916 -0.236531878025919 -0.183305882254566 -0.154788620263863
0.00322380732398388 -0.245821347476379 -0.135987208941302 -0.0612638754082069
-0.0613485545431775 -0.218020276914789 -0.0189293804868851 -0.0432936763776471
-0.0479863314007344 -0.203605601400262 0.0984250389747353 -0.0903210929838171
0.0384658598064256 -0.267457184529023 0.237355431373503 -0.070998567154483
0.214408329189099 -0.237491427565341 0.341436261272476 0.0617437830018793
0.329970577416092 -0.0754337858018477 0.241735268087184 0.278237412359716
0.307230002695385 0.278358531837798 -0.0653302509303362 0.312507141553449
-0.0542701071565421 0.45417109477926 -0.273178403721327 0.076080279749192
-0.344109824758742 0.35883554006414 0.00869539298144075 -0.158312956385404
-0.348098825267615 0.0462584990592643 0.384778583801521 -0.189912025292657
-0.310689477299818 0.209437942573449 0.484306821659317 0.014977133054907
-0.0889235916312695 0.322329827040232 0.523602375271673 -0.116682266803694
0.188568516140796 0.191734593601146 0.296374413016587 -0.308814456660335
0.237963036993723 -0.0325783688399847 0.0499523517644642 -0.330557827634282
0.146442166797528 -0.17789950157972 -0.120392733555486 -0.249156479221748
0.00808776362100151 -0.201069295505186 -0.133601231956891 -0.156705497930498
-0.0548128448534239 -0.180642033683528 -0.0351712679900182 -0.122083514657988
-0.0456885559568596 -0.173894583095119 0.0764353495572631 -0.165834223072321
0.031232196703299 -0.224334570897934 0.2292406801225 -0.145715033675023
0.18086209500179 -0.192594724681727 0.361655834431811 -0.00781853981871408
0.284955807504406 -0.0416165331421222 0.284437877501449 0.240776916871711
0.218150673831086 0.262222382543205 -0.0149324825878133 0.290808812863026
-0.114336062796272 0.345966312182851 -0.221090829459961 0.0579054913492488
-0.30248140740144 0.204207148182486 0.112487536100558 -0.207525686413078
-0.177274603468806 -0.0698820183104255 0.47627499325445 -0.237336294698158
-0.21571836893207 0.0465176622937987 0.482290502057158 0.00141291443925322
-0.0908549427723404 0.161953723859419 0.507002838402673 -0.0734319882034443
0.0845310222169284 0.113004078675418 0.34356470347055 -0.246690363707709
0.125453160913515 -0.00968729005441396 0.121826619268235 -0.337791889317518
0.0910220308488595 -0.0934903505063912 -0.0847799817223258 -0.301862573134965
0.00921210781391113 -0.12393250519665 -0.131761987225666 -0.218756212146728
-0.0390482203764212 -0.118419799600804 -0.0453236229991908 -0.178710798211549
-0.0335348531040924 -0.124532978153712 0.0626538965019479 -0.219687449363599
0.0221938099631683 -0.15965707142852 0.227691975068442 -0.195533261848903
0.135264866053275 -0.130750096143334 0.377315444093665 -0.050237376995719
0.21842936537539 0.000555512983364488 0.306053206323816 0.228082699010223
0.108328667608788 0.229545882706346 0.0100437526168727 0.280713214485613
-0.1640400607396 0.207100869724435 -0.177480989600651 0.0501561653863601
-0.230057087073458 0.0280923306546547 0.197487772209597 -0.211715157104733
0.101422766160396 0.107981313969602 -0.205012360257773 0.27369133453405
0.097616706625819 -0.0765717749837686 0.209856850290867 0.00568771245636635
-0.0266470977889288 -0.119871290100295 -0.00947698359950923 -0.316909062954242
-0.0976955469930667 0.004382127313244 -0.343601561017975 -0.231224373623089
-0.0329000846882991 0.0617679354463097 -0.421332932051113 0.1246895502875
0.00384855417065238 0.0499654105339169 -0.202210689697764 0.293647562665495
0.0215517444920114 0.0398453166831247 -0.0201522334194726 0.260763119682877
0.0184028663821558 0.0209802469941455 0.0859744232589766 0.216540337054571
0.00154758034144931 0.0202815724687087 0.155600375426278 0.208368608205276
-0.0224332833323957 0.00464106298802681 0.137697203338534 0.28306091247305
-0.00931000662245096 -0.0135143597641703 -0.0281954923838393 0.337533961433024
0.00132201896936369 -0.0264311841366868 -0.274350889590059 0.272739209664016
0.0859557676390932 -0.0238707392662139 -0.433535054094666 0.164999789239462
0.104875489782223 0.0867551852265694 -0.49078207649082 0.0738907276776844
0.0139334256275123 0.196378627052893 -0.487189293509266 0.280108495288629
-0.0261606673089061 0.241629900604111 -0.214537237321523 0.228501542654266
0.0951561631703737 0.0759515759338597 0.224502470480238 0.0121171586731919
0.0644160438049464 -0.0274534198053991 0.0402287187574071 -0.346979237251932
0.00693918613288947 -0.0192680034771717 -0.344953717687833 -0.285924273308682
0.0336532150750696 -0.0157115179079832 -0.444451182174936 0.0896279230677181
0.0169288398192031 -0.0422051896776015 -0.229184143572395 0.282758060996879
-0.00434160986788087 -0.0383868979906102 -0.032765203794032 0.263740841484129
-0.0124536299419544 -0.0549473315450873 0.0837068276101593 0.211865964675344
-0.0154999557241551 -0.0632953021857808 0.164057949243022 0.185959173901811
0.0107086614804726 -0.105993675795607 0.175420897845408 0.250402115261077
0.0964099637055744 -0.0844104003076985 0.0482007270326934 0.333940846500538
0.126824035931843 0.00324430248547159 -0.194773533569542 0.312863550742723
0.14700457658052 0.123814860753342 -0.388926617660482 0.22110645993051
0.0386084547586314 0.268501872865414 -0.448360827936713 0.1110817254893
-0.133434867020308 0.342265480725704 -0.426507755935437 0.241348208144241
-0.176127048744973 0.333878358192735 -0.171971399413553 0.149255799494021
0.0436037875248238 0.240634709718285 0.263926221525761 0.00789470124738359
0.135532906902398 0.111629877007327 0.132443736084353 -0.381440724814486
0.133906006039726 -0.00976186695053172 -0.304603712733991 -0.365425883087915
0.120767665670637 -0.0878144638885664 -0.445954988583555 0.0160514750175679
0.0428702652673524 -0.139345683685677 -0.257464696445552 0.230059135391464
-0.0249140759594423 -0.118647543734495 -0.0611843978880548 0.231621570795683
-0.0423233459551809 -0.12342375326718 0.0661867570827497 0.177575260201573
-0.0354790217350276 -0.13092048956443 0.160525394289161 0.131760585813145
0.0211799040773455 -0.197167649022273 0.213151534281562 0.178079939537868
0.161652219089273 -0.168477832899884 0.154561400842532 0.287650282844798
0.234384181434063 -0.026351985064337 -0.0620678945338928 0.343163619848568
0.247982121316978 0.207928316894104 -0.301010712141639 0.291876911816456
0.0348369218084914 0.411434713791993 -0.396942353839359 0.148311490034326
-0.220927864679619 0.452333414659042 -0.331542790816334 0.171359619851378
-0.317740466514551 0.362955487726118 -0.0718880346247129 0.0446534121565131
-0.0545993949768829 0.375947444132437 0.321823491752996 -0.00616836715824745
0.157628724517971 0.270499558195757 0.254458155147674 -0.389334039273513
0.252675902460317 0.0412233732937919 -0.201067928295419 -0.438519790527354
0.213455070615659 -0.133089606805633 -0.395981264479465 -0.0906283250643697
0.0800734919699195 -0.21917194593645 -0.268071469636809 0.133363719006485
-0.0358070553394213 -0.187081049529112 -0.0962584432269786 0.16164681905417
-0.0674046634982734 -0.173658227827396 0.0390326440286804 0.116965508348308
-0.0544801741833663 -0.173409205407716 0.142270119751259 0.0583160934868398
0.013784584736545 -0.253954698952217 0.231868270163497 0.0797378563752663
0.183663368721512 -0.238768267615028 0.24666317154023 0.199833665466964
0.296917817639561 -0.0850037093360754 0.0830855705929655 0.328775179932991
0.338854837093541 0.225659256693227 -0.186656198797673 0.331647305411885
0.0605450053957467 0.484217637317331 -0.337491820016623 0.163458654867525
-0.258516373424331 0.5039500827292 -0.227902935122084 0.0692004318351012
-0.407631562092976 0.323215066717992 0.0735637279778332 -0.068587083733842
-0.175020687372192 0.42769379888481 0.38411244015479 -0.0283941452571433
0.113800024246294 0.387154031208111 0.375845586510315 -0.353657553320488
0.311644674421281 0.115598017373795 -0.0438753416320359 -0.46261178355242
0.278173093942333 -0.134891664432859 -0.283204021953693 -0.203198444042865
0.114524503378033 -0.257449303573702 -0.250530088773163 0.00629900763983514
-0.036617100810111 -0.227750917442013 -0.125992562350101 0.0648093002791576
-0.083321070994184 -0.19827578060118 0.00744900435839173 0.0404817520127021
-0.0688522572850612 -0.190021863725826 0.111341743320922 -0.0233765433642955
0.00254055497094667 -0.270404349168668 0.226603063595666 -0.0213393916951871
0.177971352926452 -0.267695220781012 0.302990665366171 0.0954277105515792
0.311395487622619 -0.122281121810513 0.198248602902276 0.276572277841036
0.366985162669051 0.215114685969053 -0.0821012590515092 0.329141506600059
0.0613249013241902 0.481759312276757 -0.284936464843655 0.155862610305613
-0.266101740555267 0.477422495616052 -0.124673034005409 -0.0425823392592735
-0.41141511201153 0.224101950094276 0.233673246742013 -0.168276321352142
-0.258180697345425 0.370780042836474 0.437952786557545 -0.0473963195762088
0.0285163847000338 0.401816277940392 0.457041337691506 -0.277468044215207
0.285070468585027 0.165227596328703 0.117728912015879 -0.420386699379279
0.280687458699717 -0.103787217080935 -0.137384503496986 -0.284143346661884
0.127830144123504 -0.243600422503815 -0.206104352660574 -0.120456093667362
-0.0297153997520754 -0.228415037442231 -0.145525396286481 -0.0396886188514653
-0.0873539247377282 -0.192438691902927 -0.0237126197841914 -0.0381106744844744
-0.0735240915025881 -0.182516558891896 0.0754866012317471 -0.101729422829401
-0.00330457603854003 -0.252883837795477 0.208564810253158 -0.107474622905074
0.161531052784207 -0.253044867768311 0.326326074904528 0.00295959813572552
0.294474729832428 -0.117272669297782 0.267342322679079 0.218812518845366
0.327867908586661 0.208305525594814 -0.00849898531342748 0.302866471640392
0.0155789157497558 0.427551048497008 -0.237656802036981 0.131088472698485
-0.265336937259641 0.38104624525702 -0.0259448829597996 -0.140079544880968
-0.326777135642717 0.0949520857932457 0.364178363879983 -0.240681278234604
-0.26351257230867 0.235607374097979 0.467850185283157 -0.057988735979441
-0.0388574815950685 0.31050921934004 0.485338304161926 -0.19731348408378
0.199221951492092 0.15476183252927 0.233677986643104 -0.345345734056894
0.218292541234003 -0.0636452186210811 -0.00882928162375258 -0.325598970936442
0.111357099048105 -0.185443716000252 -0.157875946949697 -0.218946119247211
-0.020917862735818 -0.187467570293884 -0.155472253537022 -0.129631025817481
-0.0757632605682744 -0.159172311160144 -0.050545132931127 -0.108711977639934
-0.0671432323116844 -0.155562541179721 0.0452586318068714 -0.167835407578379
-0.0043098714475837 -0.210304936916678 0.191302264944413 -0.174949087269801
0.137080167641776 -0.2054569531799 0.337020305433086 -0.0637464692024865
0.256660126170338 -0.0802357678328258 0.303688201654794 0.180168373716525
0.242842928950964 0.206836797489371 0.0341500351680246 0.276660730223654
-0.054763992400957 0.336047332929303 -0.195353301580816 0.104494837165834
-0.249460675011826 0.233575263134013 0.0674673672167509 -0.205428794928061
-0.178875965612701 -0.0438788210653171 0.433291009404886 -0.28371074973128
-0.195297860420795 0.0701669495015763 0.46257998255661 -0.0650147833345542
-0.062069448980966 0.160765232772742 0.473814264245969 -0.144601290990604
0.0922697299865364 0.0937699279996069 0.289040527699437 -0.28990932257763
0.116220178866294 -0.0259611685857952 0.0612894807686463 -0.341975992160648
0.0717612269439794 -0.0997120341996566 -0.12724580952145 -0.27270914287485
-0.00950373976644622 -0.116432750275876 -0.160413942843408 -0.189186694716964
-0.0528476847462117 -0.102962664513448 -0.0679664123041954 -0.159650344652001
-0.0502190948801789 -0.110448561743526 0.0262926930159235 -0.215163103904134
-0.00447318834172787 -0.149007899291853 0.184786144343514 -0.219524535835396
0.103703169883798 -0.141421971526951 0.346677666122619 -0.103985867392782
0.19999821993633 -0.0330014832135443 0.322717566655398 0.16711515681551
0.135589216457811 0.193046136666347 0.0539795369676852 0.266523802711542
-0.11928387748824 0.215699898556105 -0.16117295390687 0.0869286538905752
-0.208536032901883 0.0593947690565404 0.149130851314235 -0.226726247770214
0.0978709241585835 0.102149555718655 -0.190922010097515 0.262763562337211
0.0915669472011308 -0.0732640594663558 0.198458401596864 0.00346519872001151
-0.0278546019620242 -0.113321401682787 -0.0129732831016187 -0.301153538178986
-0.0924177137108925 0.00607482872490674 -0.327306775742441 -0.218067449539358
-0.0291451847714611 0.0590277229971604 -0.399574251914123 0.124627594703071
0.00492728209821514 0.046623164075872 -0.18876678508609 0.279536047100062
0.0211646128013728 0.0369972514014789 -0.0181408293259626 0.244964131316571
0.017273429262088 0.018640870410126 0.0842603069835706 0.202677031917897
0.00191159696280487 0.0177055159299056 0.150463013067791 0.192828787330463
-0.0205490102077326 0.00416054061923678 0.136207684338741 0.265003821392148
-0.00822782644326496 -0.0133714906303508 -0.0226929447190073 0.322194213808978
0.00159880031148932 -0.0239874069498604 -0.260050302899235 0.265510879450079
0.0798478278389267 -0.0237114248738859 -0.410670122420836 0.160627360332591
0.100529396395525 0.0808289956326879 -0.467923643157006 0.0722802702286297
0.0158058851640979 0.186844765525601 -0.46113497433903 0.269452510513721
-0.0209043035813888 0.230774482883871 -0.201067545863058 0.220577141354272
0.0909135351813531 0.0714859673611778 0.211406477656876 0.00864502472360901
0.0587834512069575 -0.0277444771616375 0.0353436963089959 -0.33135166445706
0.00557444484815624 -0.0176030018647577 -0.329705706971164 -0.269990110813452
0.0322772829494487 -0.0156205332389043 -0.42003454815863 0.0919814566186794
0.0153168235650687 -0.0406197865754525 -0.214409111244349 0.270582941226381
-0.00543956139372259 -0.0362819464864309 -0.0285325879153362 0.247828776610838
-0.0126793185524302 -0.0525356843433621 0.0824940004824579 0.197454365430777
-0.0147842681662823 -0.0606574312054443 0.157824947675201 0.170584672759084
0.00883458086342824 -0.101425321860929 0.172038378851707 0.232808727913704
0.0906071734640134 -0.0824256700393072 0.0522346104152484 0.316135290737465
0.121355665836439 0.00253964952375195 -0.185709747737885 0.301997104970633
0.139034999991743 0.11564397224653 -0.36892890148892 0.214487906430984
0.0396949901956672 0.254718812268874 -0.427435120604588 0.104814842898249
-0.122777460801565 0.326379672267241 -0.404714889076171 0.232194232891339
-0.162328747956346 0.319907439813852 -0.163414417754101 0.145554009737453
0.0436797809289701 0.22709709901223 0.248879994028211 0.00488811226831555
0.128688501272007 0.102992791041867 0.122815710873224 -0.364733288502951
0.125908134245337 -0.0106825243356498 -0.290659305817844 -0.345777410267239
0.113459848630464 -0.0855230535402561 -0.422723211607711 0.0198386682529064
0.0376314200012988 -0.132461055838212 -0.241451332834887 0.221513520504168
-0.0257713127713784 -0.1121152176198 -0.0553830658418024 0.218089135452107
-0.0418483172825282 -0.116930756822944 0.0664670067078242 0.165569672523998
-0.0345954364380746 -0.124533672449208 0.153945081599464 0.119540282945502
0.0166747709392955 -0.187902178055956 0.206402234132753 0.162381129109717
0.149892645492746 -0.163986107060335 0.153102378122071 0.270180116144946
0.222882804809556 -0.0277523214472222 -0.057934260041192 0.328490334997964
0.236615129447472 0.193464177694784 -0.285940137113535 0.282767854450119
0.0395631141423026 0.391422255737691 -0.377147742193681 0.14200922022378
-0.206599531576492 0.434140662592582 -0.315973538604034 0.166604877420424
-0.297614715643828 0.348614510507576 -0.0696842366289917 0.0453923569663187
-0.0485633763635004 0.356514706037384 0.303228520351638 -0.00875643249233608
0.153462618770526 0.25317979307696 0.240057650776843 -0.375606183106981
0.238973200239701 0.0350809743020195 -0.190780053191916 -0.415089190553408
0.199730683055121 -0.130313655965437 -0.374651778817971 -0.0827796811616257
0.0708659884723826 -0.208480639238314 -0.253582184151305 0.129528341933248
-0.037704596795881 -0.176695128242305 -0.0890804344786991 0.154094020667409
-0.0664153109164145 -0.163332094908504 0.0393467296706419 0.108708470794067
-0.0527788090984755 -0.164031046134712 0.134857794659535 0.0502375090949338
0.00856132985189945 -0.241248698585006 0.222324929843721 0.0690789935933256
0.169904955226729 -0.231019438930475 0.239928101617812 0.184418975655156
0.281360632907648 -0.083762378395353 0.0801017875769572 0.312013485104974
0.322689106124685 0.209382408215069 -0.177023674308268 0.319252164766202
0.0630227895908904 0.459398974532127 -0.322696893396566 0.158850408627631
-0.240240131278994 0.484203488285296 -0.217886937061807 0.068487172990643
-0.382995853302423 0.310267151373225 0.0671545268767695 -0.0630149171420492
-0.16160653817898 0.406909379837003 0.36242660271299 -0.0293865656666379
0.112589858137408 0.365385785290751 0.355445840452712 -0.341679423025094
0.297201176054968 0.105345875375856 -0.0424527996633001 -0.439146253954317
0.260225871047462 -0.133817160404894 -0.26901728744042 -0.19198660701583
0.103715501322137 -0.245258008506043 -0.238113074084949 0.00948501117216132
-0.0386828439321998 -0.215229661524149 -0.118412790390803 0.0638511177564397
-0.0825800906740889 -0.185555702741772 0.00881259093191509 0.0375496007112743
-0.067000355426379 -0.179294221422202 0.103855066720258 -0.0256475919669152
-0.0016242452593634 -0.256287600245698 0.215587759192271 -0.0254708340327827
0.163518069876278 -0.258762713262829 0.290942079052443 0.0833331533149773
0.293343334311406 -0.120366203820808 0.190363743115154 0.260850302632773
0.350578332804355 0.196781426631864 -0.0775349997000179 0.315635435183716
0.0643917558243295 0.459261473775335 -0.272287732072806 0.151723857566022
-0.248979745955732 0.459628603907292 -0.12025378884617 -0.0378115344196369
-0.387366553421437 0.217744521887034 0.217846637496709 -0.159812398389814
-0.241756467566967 0.353574616592912 0.413536145438737 -0.0470248089563641
0.0307340620760556 0.378974204668049 0.432424989312023 -0.268951170745346
0.272028927315559 0.153206550504357 0.112463320824738 -0.399896356981362
0.26291561895995 -0.103261318833764 -0.132000082898999 -0.271331267637238
0.116750845202642 -0.232766627017611 -0.198565838267646 -0.110703294205578
-0.0316759822611991 -0.215640516941459 -0.139491496913534 -0.034074447766382
-0.0844487101978023 -0.179826459020128 -0.0223352498218514 -0.036680335464476
-0.0708154260980517 -0.172382905426331 0.0697312302550287 -0.0985678543302409
-0.00733469873116863 -0.238935636106441 0.196692544283305 -0.107467747128075
0.14901011275656 -0.243401257937564 0.312559953173027 -0.00441392826424501
0.27653086052452 -0.114834452856333 0.255767845699932 0.205355130165415
0.312745473868693 0.190784747071521 -0.00832308777946843 0.290135745210176
0.0210112899428471 0.406426935369031 -0.226358431952119 0.128311546232507
-0.24771955748456 0.367693371949986 -0.027478497098553 -0.131620362719036
-0.30899020347608 0.0933653720744684 0.344451461855146 -0.231570236355215
-0.248131604473781 0.226933809791273 0.442940323924009 -0.0568240104329479
-0.0327695317208589 0.294351508424867 0.461870414059126 -0.193024675873972
0.190627079763272 0.143884901081008 0.223262907757664 -0.330830238278185
0.205161502265996 -0.0635451207448286 -0.0109335276104921 -0.312631581154477
0.102681140002425 -0.177579910586413 -0.153605321609474 -0.204917100221116
-0.022739936358806 -0.177308963968139 -0.149518946496911 -0.119134956484637
-0.0739038159765505 -0.147531019617769 -0.0482027072797125 -0.102791774428445
-0.0662543068423086 -0.146133124991569 0.0404860028155592 -0.160221550586432
-0.00718148373287884 -0.198922970379069 0.180065369608218 -0.169840166196308
0.127094276325214 -0.197933346522472 0.321310318422783 -0.0679848415017223
0.240760544967345 -0.0802140831041496 0.289301480605299 0.167396034627326
0.2323614380326 0.191349042151503 0.0327655979286037 0.264633538101434
-0.0465149192630802 0.320386107602731 -0.187004052925506 0.103318444568907
-0.234248577027542 0.226098551831625 0.0602457456787886 -0.194527320318741
-0.170220191166068 -0.0390993130367662 0.409731338533787 -0.272917875688063
-0.184391206242395 0.0701436455844726 0.439384799026563 -0.0622106130083509
-0.0563412976581762 0.152573930653884 0.450685333866646 -0.144127932188052
0.0881020368082344 0.0878242240766885 0.275423657384741 -0.27893974616754
0.109106512333629 -0.0266073148006761 0.0546832080264192 -0.329221256032696
0.0666084508568914 -0.0961252135896711 -0.12586883887063 -0.256917454018068
-0.0109257077688225 -0.109297385399478 -0.155039915451201 -0.174956640702257
-0.0510490797552666 -0.095092451792481 -0.0664212497545615 -0.150332058135794
-0.0497242086845175 -0.102850573451519 0.021888517642606 -0.204538785069791
-0.00714918409211025 -0.140290872137688 0.172803710826716 -0.211587535231154
0.0963492017547941 -0.135269659429731 0.328507181829301 -0.104843357356237
0.187907927695218 -0.0340754317543298 0.308164225634772 0.154006113753713
0.13079449726761 0.179568815227381 0.0515938613263103 0.253687677228148
-0.109791404708397 0.207309957922877 -0.152958403139996 0.0855965990204077
-0.196626950340098 0.0594811097855192 0.13780920640619 -0.21601007897474
0.0958342683762833 0.101508700800084 -0.188806133249884 0.254192513302263
0.0900693106630926 -0.0693364960296552 0.192159581378414 0.00702415932406728
-0.0275436067390017 -0.110689337645338 -0.00753656370191597 -0.293977579026187
-0.0903960472576891 0.00614206927320213 -0.316581109167026 -0.219464843138006
-0.0276048763190056 0.0570402598873765 -0.389356000056945 0.116777454826819
0.00443702220471522 0.0446427094728401 -0.187775291680163 0.270186594017171
0.0198438180082377 0.0363000546389224 -0.0234728183756821 0.237117558167668
0.0163230566357637 0.0173562472366182 0.0791613985965114 0.196639752195804
0.00226605262802 0.0156338720385037 0.143601630486736 0.187391322555036
-0.0189338559523644 0.00302192593894453 0.131636622007249 0.256503189293216
-0.0075680134600402 -0.0130503010020759 -0.0258679400174828 0.314893033910589
0.00392516800461946 -0.0223096480597806 -0.259957975914812 0.257810729146641
0.076892880710891 -0.0228704259504333 -0.402466111128922 0.150663153407366
0.0972057754894105 0.0793817974018134 -0.458703888805717 0.0596939727434702
0.0133708894891716 0.182637449545514 -0.455065499951065 0.256218946511754
-0.0223644703548352 0.225932198742955 -0.200084937859875 0.21422071590023
0.0872178724735333 0.0702918744900038 0.204636896705745 0.0128782989271633
0.0563812393818162 -0.0268085010589772 0.0409937428350224 -0.323628631468256
0.00415909339185952 -0.0164272226065254 -0.316469218483056 -0.269744265275807
0.0319458571599717 -0.0151243312333123 -0.410091974901256 0.0856241714881069
0.0148594377643463 -0.0398738547536043 -0.21233110027064 0.260526559027195
-0.00490784259478968 -0.0358608876971174 -0.0332193927927884 0.239233195075288
-0.0119717629798547 -0.0516404361934386 0.0783807611650628 0.191151673280686
-0.0131620287334049 -0.0607965949267657 0.151415383140204 0.165214124828154
0.00891426213870706 -0.0994100780792957 0.166478374282355 0.226010344318889
0.0881453900559799 -0.0809406598308953 0.0488178039021595 0.309557663481745
0.119198700424179 0.00436974033312543 -0.186672965310457 0.29505750368865
0.133212170464867 0.114891274970428 -0.363561149277681 0.204846955025358
0.0349558036256001 0.249152016663112 -0.420260945412423 0.0940023922071127
-0.124606946768039 0.318130547764734 -0.400053669206509 0.219776155754646
-0.162079937276271 0.310875765696504 -0.161805378517004 0.141969236515279
0.0392557468542356 0.221895607124254 0.240339068184743 0.00929776732631662
0.12396850869355 0.100616571065401 0.126760353920031 -0.35556073848064
0.121808654631586 -0.00914199046165402 -0.276669932058842 -0.341933915899413
0.111213238495001 -0.0823998524072531 -0.411730616112488 0.0144189425095693
0.0378760138391181 -0.129055355707565 -0.237579628450817 0.212765477645416
-0.0248683182640349 -0.109167737258935 -0.057517103998474 0.210247145125142
-0.0401418715837078 -0.113770858748627 0.0634744935312173 0.159494041604423
-0.0316887239032759 -0.122780151091675 0.147407415260575 0.1154823507606
0.0173335203739431 -0.183342043323372 0.201480171091419 0.157516994028686
0.146936493646943 -0.160111140079925 0.149407981086778 0.264149750427488
0.217625486435535 -0.0245257187337929 -0.0632888971987375 0.322051624899217
0.228326945967988 0.190530526874802 -0.285590170804017 0.272159382630845
0.0326269164469428 0.383875972237963 -0.373805928685999 0.131270265744808
-0.207461621586562 0.422351099074135 -0.311748251983186 0.157151228641882
-0.293954888453782 0.338237103989153 -0.0703008909980278 0.0461913717947237
-0.0526326981673609 0.346413392732458 0.294096627425812 -0.00287639385202541
0.145880206473111 0.247180422677395 0.240927769395608 -0.364254563868142
0.231331900569119 0.0370574927425997 -0.179286031951095 -0.408012287746326
0.194967523534839 -0.125805283980343 -0.363140601991115 -0.0867632418071254
0.0701986427803767 -0.202562236787523 -0.248974593131189 0.123413367206231
-0.0350172481006037 -0.172185410179286 -0.0877064359071496 0.147999081133394
-0.0632091885610099 -0.159182298151033 0.0380015829642442 0.104963885096393
-0.0486497560816349 -0.161827093959924 0.129898309559689 0.047853406146194
0.00996309137704508 -0.235697586292066 0.217393366147162 0.0675299733864828
0.166183656330356 -0.225293899698276 0.235250128681563 0.180566169264121
0.274732883595651 -0.0791546620577057 0.072608118363136 0.307156386832903
0.312164934371815 0.206868275669494 -0.1803075733898 0.311012829058194
0.0587933643372295 0.451006798190781 -0.321194041018656 0.149246780127874
-0.242574533015527 0.472173400762544 -0.214807166311422 0.0643092599944953
-0.377762947013522 0.299328907496072 0.065203008267029 -0.0581525738427932
-0.163461277113164 0.395081983644821 0.351626339642817 -0.0220112826171537
0.104940355969726 0.355765247393597 0.353774657896905 -0.328989721462927
0.28718579612312 0.105535371022295 -0.0309928313608461 -0.429349933977291
0.254070850788022 -0.128402690073489 -0.259335467575296 -0.193299916964038
0.102055539482821 -0.239075629561751 -0.233384686501761 0.00711801837788129
-0.0364048329396828 -0.20934545421683 -0.116068595315936 0.0616178058335392
-0.0786412760434681 -0.180564314742362 0.00802454888870916 0.0355639094595385
-0.0623649397996478 -0.176118121084954 0.100818702745854 -0.0258127734288535
-0.000123262902712133 -0.249597127752152 0.211457509409199 -0.025577128109834
0.161303239529184 -0.252594945450159 0.286273667711254 0.0819638917333225
0.286643531696648 -0.114322378080068 0.18112553753181 0.257510603071262
0.339043017601863 0.194186952742817 -0.0831462684281603 0.308928273722067
0.0578398518847615 0.451000918155472 -0.270773547198267 0.144910146924791
-0.249575845054504 0.448729075861426 -0.118279136819277 -0.0376929234808836
-0.382993121935276 0.207536946340751 0.214553574412997 -0.150461805652726
-0.241099693853486 0.342978596260621 0.40185141789739 -0.037776799066457
0.0262640334259639 0.370067217090957 0.428685825552582 -0.258399278671777
0.262837784446395 0.151427233825981 0.119678894448048 -0.389652614053283
0.256241607041798 -0.0981431120860363 -0.123816014881853 -0.269872798507597
0.114459406488148 -0.22616971749475 -0.193518413256578 -0.109921562454686
-0.0295972875044313 -0.209750243420847 -0.13506074086624 -0.0336760868107826
-0.0806919777521272 -0.174153371087175 -0.0210172659598483 -0.0368396600531495
-0.0667987761216298 -0.169156639819326 0.0676490043617926 -0.0965332085945152
-0.00482617049482311 -0.233363964953538 0.193705062545512 -0.104910460211266
0.146623686391453 -0.237471405492219 0.307645254961207 -0.00412010265821364
0.269508256740711 -0.108875780441589 0.245947433997691 0.203356131488294
0.301119435628526 0.188468425738086 -0.015165567470156 0.285478706537057
0.0173071413719741 0.399023030019941 -0.225823172884755 0.123611829128678
-0.247706950295547 0.356906601204278 -0.0258005173664764 -0.12813618231179
-0.30349919024138 0.087072311411098 0.338482582850776 -0.22004148051158
-0.244885526661447 0.218143230543146 0.431481429759223 -0.0469880550942996
-0.0361044470685001 0.28556809477233 0.453917062047427 -0.181658798216409
0.182885265492621 0.142160837332317 0.226900708641776 -0.319650893893371
0.199614994661185 -0.0600598605094331 -0.00482499047302196 -0.309428848878338
0.100720287543234 -0.172516136719738 -0.148632367469534 -0.201238735901951
-0.0216432657372749 -0.17177162466664 -0.144615369846599 -0.116026504333521
-0.0699432028133254 -0.141890969894218 -0.0454878748774958 -0.100746978691947
-0.0622611732853371 -0.142530801438408 0.0402874009320206 -0.155837034762036
-0.00561830011362489 -0.192960170076001 0.178152546666421 -0.165509654968356
0.124984360140844 -0.192267760547722 0.31567525028001 -0.065118679518427
0.23402622024832 -0.0748190648957995 0.280344893936413 0.166359420004162
0.222641842857193 0.187478523884087 0.0252943173346849 0.261142724254138
-0.0481541271538194 0.31330887246962 -0.185085007927665 0.0998204217827601
-0.230359792590772 0.218361475897764 0.0602665509684252 -0.18801502405364
-0.165905750938405 -0.0396273287230103 0.404465449317405 -0.258748665206744
-0.180747811834309 0.0669600037290391 0.430183789248663 -0.0511110846357881
-0.0570245971887928 0.146829940856534 0.443677180881327 -0.133068019387591
0.0838969790145644 0.0861223953335496 0.277164198822704 -0.269978717127508
0.105878903294107 -0.0252262312492113 0.0575448593486018 -0.323987315510266
0.06549979456249 -0.0940379091117817 -0.120779774623443 -0.251764919256095
-0.0101820418425987 -0.106180544879221 -0.149253209286688 -0.169919190876256
-0.0487616519479349 -0.090955002726499 -0.0628441148593666 -0.146843910814249
-0.0479251189447815 -0.0999755369830263 0.0240095601842084 -0.199686995485769
-0.00564424270638823 -0.135743804721851 0.171504280607199 -0.205731378367063
0.0953675585729936 -0.13137171228565 0.323847176492481 -0.100501348838328
0.182642996001771 -0.0309646100915568 0.29869940032959 0.154604600369973
0.124836957821538 0.175458094586076 0.0448796533730052 0.250218870776216
-0.108001554375458 0.200643023465535 -0.151322473712023 0.0833365820765975
-0.191658878796399 0.0565918252246381 0.13550386724541 -0.208370591278346
0.0971300386635355 0.103943811542365 -0.195070557455095 0.256937512576251
0.0922987178055891 -0.0686695028384239 0.193818229565372 0.0120637081720631
-0.0278579945530009 -0.111818032011683 -0.00292804315697751 -0.297381985673126
-0.0915537688936041 0.00600501402240585 -0.31800083813517 -0.230811169393318
-0.0272883082547387 0.0569986215907719 -0.395993886293216 0.115373649816562
0.00335734852854206 0.0441992630967493 -0.193691517137222 0.272111690492329
0.0199236881899987 0.0363970508473403 -0.0297415340253352 0.239295642299489
0.0159435320469037 0.0169389207614759 0.0772156561570726 0.198192242401508
0.00214201871817573 0.0140307837579049 0.142660677196916 0.188888934720165
-0.0188139882498466 0.00190708120434545 0.131475442528093 0.259235387410605
-0.00737087582816779 -0.013999586380686 -0.029731418120532 0.320260699952222
0.00465010695894233 -0.0224081081224623 -0.269388692615951 0.260359966687878
0.0770030810851835 -0.0218827870288345 -0.410424916081077 0.144433203570188
0.0966235051945232 0.0805718268281921 -0.467935107683825 0.0496549625788886
0.0113065360930964 0.185542211200764 -0.465382291400025 0.250695685187851
-0.0241067184571146 0.229697606700168 -0.206172035413703 0.215632327260867
0.0876670640485986 0.0724540747887676 0.205168074268204 0.0173762788505757
0.0561457332372055 -0.0264494508864253 0.0466558693921775 -0.326678315572534
0.00368776096463366 -0.0149745360709198 -0.315527234877967 -0.279419826694397
0.0328003646881087 -0.0151653447664254 -0.416224858520305 0.080294942412299
0.0153108296431652 -0.0408491102482572 -0.217576962840923 0.261653152052491
-0.00462983011668949 -0.0355010586061185 -0.0388004312877389 0.239462681938654
-0.0118911846595059 -0.0526540069097175 0.0762008549288762 0.192498650653683
-0.0117764864065037 -0.0635274378640642 0.150687016341907 0.165948297476285
0.00980109358868395 -0.101545879529874 0.167383320498529 0.227765004894294
0.0895189145803047 -0.0818060380020646 0.0474797093424238 0.314022474110084
0.12154308957119 0.00605120489755043 -0.196648797855402 0.297850159797301
0.132371320002529 0.118003476235498 -0.372493030150567 0.202299407493833
0.0324512495912415 0.252142028926455 -0.431270957266272 0.0857408829033681
-0.130228335577799 0.321197881396597 -0.409495522978293 0.216609756642709
-0.167397504722988 0.312430594004473 -0.166977061845098 0.144083405379036
0.0367115033313915 0.224444684716324 0.241544809940519 0.0148446633025714
0.122840279092935 0.102811028312405 0.134771688975705 -0.359093471322251
0.122081331077472 -0.00718226261680611 -0.27263013751776 -0.352337018727924
0.113294338420437 -0.0829127371479285 -0.415488882372671 0.00926299118386151
0.0389424808205768 -0.130466586566859 -0.243366399978193 0.212998562388573
-0.0235753557202293 -0.111103423058588 -0.0610941974874563 0.210322689375068
-0.0397813564177586 -0.115123982720068 0.0621660285815085 0.160475033189391
-0.0297304844901555 -0.12571874255538 0.146926061534128 0.115353885096756
0.018091825704033 -0.186496434180141 0.202480989511355 0.158242774361926
0.148869076267603 -0.162534659211593 0.150281893899972 0.267984167319619
0.221265217145712 -0.0221458987792021 -0.0709660973666535 0.327421714298486
0.227255907050721 0.195674390497296 -0.296137295442045 0.272172602503853
0.0292376804337566 0.389750631961446 -0.383602917800773 0.126423038800453
-0.217566600113198 0.426734928024082 -0.319291910639891 0.153911718992429
-0.301290760544797 0.338738500504186 -0.0731480744823012 0.0488563237457823
-0.0576164520014141 0.350946736483171 0.294649922252789 0.00430980804980399
0.143958721155448 0.251226748566412 0.251486721393826 -0.365942712760254
0.233023806862402 0.0405888950526407 -0.170456555223025 -0.416527052707542
0.198453426316206 -0.12570744867167 -0.365541366817666 -0.0942314726014025
0.0722864450561812 -0.205209287954986 -0.253189806846046 0.123105699548724
-0.0342645005304293 -0.174136737590796 -0.0909883437197555 0.148467818366549
-0.0624377981129186 -0.16043363665526 0.0377313222716876 0.104383252191705
-0.0472550331845838 -0.164906072257645 0.129792601932276 0.0472630969637488
0.0117554121382511 -0.2387935589316 0.219294789537817 0.0672130622465634
0.168036123381749 -0.228668577503083 0.238208714010907 0.183605738826521
0.278429047255255 -0.0766834689145516 0.0670455430290354 0.313259334512762
0.313629874312687 0.211586629544669 -0.189946770525336 0.314688803848732
0.0527756190237736 0.457917591017967 -0.33089926658436 0.146714609957099
-0.252244214119316 0.477676040603833 -0.220512787445897 0.0628024482726875
-0.386585523361253 0.299020929835485 0.0650152207841664 -0.0552939718298121
-0.171274667219156 0.397325314790804 0.353269289222457 -0.0132287865531559
0.101307215257177 0.360246286284567 0.365293054472157 -0.329300605902438
0.28811257018721 0.109275447490492 -0.0201837831179522 -0.437748755075252
0.257732800475764 -0.128336813969419 -0.258820387638969 -0.201471868324305
0.104772461168764 -0.241459532564893 -0.237012856621868 0.00405079837633307
-0.0349871631079419 -0.211660963782275 -0.1169944977703 0.0614167981103411
-0.077242375778126 -0.181465169727415 0.00806844228660325 0.0343845046905093
-0.0603171980632299 -0.180029796409099 0.100336471680589 -0.0268676208364067
0.00189738335268921 -0.253882186582176 0.214675270524319 -0.026378494679453
0.163587216619968 -0.255102356243104 0.291730502510777 0.0830133389170238
0.29107418413235 -0.112287622021262 0.1778620611344 0.263548976724989
0.340109251412321 0.198349415218286 -0.0917873622210869 0.314988307458927
0.0557370091028765 0.458082203409995 -0.28022955647116 0.144366512173243
-0.259009107665073 0.452958566071435 -0.120506696624321 -0.0389741855490214
-0.38959375729329 0.204187825563556 0.21839352967305 -0.147553989369652
-0.248392356813203 0.343873646062355 0.405119179843841 -0.0292066616832235
0.021211682870643 0.373231741155222 0.440234388920715 -0.256160027822332
0.264089849042918 0.15637180417147 0.131067087299657 -0.394241200394767
0.259413439665484 -0.0978279547641459 -0.120220517295489 -0.278672529030975
0.117910517804 -0.228849196276828 -0.195490994619422 -0.11362719664536
-0.0291027532563985 -0.212079907336686 -0.134729693134226 -0.0342158526662166
-0.0791668105749369 -0.174845808824407 -0.0207771404577872 -0.0384616957903779
-0.065231313421938 -0.171896660530358 0.0686224194503866 -0.0978496401982839
-0.00278947666635687 -0.235369874457624 0.197395366728952 -0.105822649778992
0.149897158095971 -0.239738393794976 0.312727051427384 -0.00354714631995175
0.272320733792593 -0.107467319210078 0.245203363439829 0.209156734636887
0.301549233672216 0.191484482288395 -0.0220595077262412 0.290903060123133
0.0142822325109637 0.404220837592041 -0.233437489207642 0.122721298205615
-0.25415012320608 0.359151745620817 -0.0259508708711573 -0.129037623530683
-0.308048913734969 0.0845429637929842 0.346705104091998 -0.21497392521801
-0.250519271677684 0.21928300673015 0.435900588417853 -0.0367331389074651
-0.0409486361120442 0.287524878345597 0.464894833454755 -0.177658796174499
0.183086215829001 0.145918255389281 0.239034526415104 -0.322113553956609
0.201533133865187 -0.0594344444006703 -0.00044683120043947 -0.317430386402243
0.102812127152207 -0.174757715384708 -0.149080234260065 -0.205552811517035
-0.0202621312970699 -0.173150577288967 -0.144495547014252 -0.117436859763544
-0.0688154142160979 -0.142615042776637 -0.0454360411618965 -0.102970769278978
-0.0611333426744812 -0.144021637423413 0.0421471536211635 -0.158247039628219
-0.00387070668023642 -0.194962818781838 0.182502959603739 -0.167239072004363
0.128539844918198 -0.193922975544657 0.321875768509202 -0.0651392974787978
0.235784535766334 -0.0724941664125817 0.281596841578074 0.172408485736714
0.221363569236112 0.190884174044855 0.0196336881258773 0.266690466338334
-0.0514232693296613 0.316481542498481 -0.19025661441142 0.0999038755171056
-0.2363964560977 0.21931170354292 0.0620322186327481 -0.188793402323314
-0.167540954774733 -0.0416409352258473 0.413942544397871 -0.256439350801728
-0.183092116722595 0.0673683054599926 0.43726539844183 -0.0431253046117597
-0.0597782517925411 0.146784857300576 0.452016193411708 -0.128249699011101
0.0829357370699259 0.0883758552137902 0.288748345285469 -0.271765588010085
0.106723131886933 -0.024372727664716 0.0631344828977915 -0.331598443783749
0.0666348573670543 -0.0956629156412029 -0.120064123450449 -0.256504199798094
-0.00986967632384482 -0.10646506739919 -0.149756168547722 -0.17203174356511
-0.0468342536237987 -0.0900454215774711 -0.0613475084014373 -0.149355397700305
-0.0476043713495509 -0.100178249270038 0.0254962398317254 -0.20143778442876
-0.00463634879543975 -0.135929454320643 0.176758556310647 -0.207576162911722
0.0984378466227073 -0.132016456146537 0.329238230466681 -0.0998571985493634
0.183505589032162 -0.028457745105122 0.299642514488608 0.160017094978489
0.122852781673209 0.177832123223159 0.0394762707617789 0.255900454396173
-0.110466748692955 0.202496825414336 -0.155512828937545 0.0835324536875175
-0.19348000339119 0.0555159936607011 0.137869323646857 -0.208430553856644
0.104161100024939 0.108046161569229 -0.200650225207856 0.27143419053241
0.0962761812014 -0.0723758730172303 0.202860859065443 0.012291240461476
-0.0313834309671899 -0.115412549578943 -0.00475855394294235 -0.309517970789905
-0.0946729821962722 0.00933218274295641 -0.335590449581657 -0.240799894141165
-0.0266099090638813 0.0591684086550233 -0.409937726435097 0.127243406844353
0.00406936432162143 0.0454528573288587 -0.199476527928527 0.285994898464859
0.0216053055161857 0.0374269860443457 -0.0321455130679704 0.248767434899982
0.0166969439245218 0.0167762583401743 0.0817190508931245 0.204634096272374
0.00227964541994361 0.0133366701599823 0.150931633636405 0.19334795492694
-0.0191915711065681 0.00118458976374757 0.14065716131702 0.266913492011829
-0.00804758038066179 -0.0148190800338958 -0.0270482462098333 0.335343095752551
0.00602706668333627 -0.0222108696534318 -0.280739568256824 0.276784182989785
0.0784785232101113 -0.0234233823465061 -0.427396686358216 0.15588293744511
0.100958099085411 0.0815605888637917 -0.491217629797371 0.0536181413876199
0.0148665930748554 0.193567241401603 -0.485639756240324 0.265812164366007
-0.0211235148895162 0.240076339458413 -0.213812475019507 0.229838346624123
0.0928770331575121 0.0743625904650549 0.213409174621776 0.0191921188638197
0.057139537596476 -0.0277416864851211 0.0456923670996583 -0.342168199432077
0.003008580837801 -0.0146148938678133 -0.332863892862964 -0.291459424467622
0.0347974558830573 -0.0167033748750059 -0.432333582846459 0.0914909259528098
0.0149638833654343 -0.0432899704672415 -0.224579985112772 0.275464552198212
-0.00520132673386814 -0.0372916911639255 -0.0395627662866889 0.249545832774648
-0.0134864566093054 -0.055105475338097 0.0813550057524684 0.19753648080898
-0.0131123593844597 -0.0680212489823803 0.157691181647922 0.168609702706813
0.00886238678014816 -0.107070516589922 0.178702053540231 0.232086761659828
0.0913728412381132 -0.0880909307635568 0.0540560745492009 0.326894205359455
0.127643536736991 0.00509623421418413 -0.20382623694364 0.31581399764005
0.138761575527435 0.121794840920196 -0.388680533009205 0.215320814908483
0.0368671475100057 0.261986420793776 -0.452079289521256 0.0908209701493574
-0.132021940388707 0.337512499672224 -0.426756805917423 0.230225634133821
-0.169577408894806 0.33059353679974 -0.173811812847625 0.155595296923522
0.0417471205139139 0.233646439524383 0.250090204204427 0.0176174750378045
0.128483685506077 0.105356539614545 0.138329612157587 -0.377276767501695
0.126452778131978 -0.00775343102178433 -0.287087712892353 -0.366755900932544
0.116598299742098 -0.0886008395949834 -0.43175690959882 0.0150880124783062
0.0383462618608347 -0.137186162503969 -0.251430263590364 0.224629964757093
-0.0264829761890922 -0.114523130857223 -0.0618773626104336 0.218692513955549
-0.0429025440617725 -0.119250361405551 0.0662623410323695 0.164054632125543
-0.0322805161240812 -0.132677142698219 0.153553876650581 0.115312458338216
0.015712593087487 -0.195979619180083 0.21418542308602 0.158896248303425
0.151244702208804 -0.173019781861761 0.162620054355928 0.276712059422087
0.230720560987671 -0.0259175923214879 -0.07276943021111 0.344340582984001
0.239655178113846 0.200567739406134 -0.308776149811242 0.288188079790887
0.0355468168168405 0.4061502559146 -0.402532966092223 0.133328413358059
-0.222507417994532 0.451187137764961 -0.332751569099873 0.163660374523273
-0.308656237488757 0.357550221575629 -0.077809135606316 0.0544614536507147
-0.056058149328307 0.366250556546564 0.304658792739919 0.00630983952738454
0.152460491029485 0.260244285165187 0.260137204528942 -0.386437932345856
0.242275484785416 0.0390516004714153 -0.179091616669781 -0.436478261716917
0.203786899456344 -0.134872021143521 -0.382339799828774 -0.0953994277735506
0.0710162280001459 -0.215253464924705 -0.262082040140517 0.131926289299547
-0.0386224746312475 -0.180746290281722 -0.0919956936286297 0.155417524955045
-0.0675161626951191 -0.165370269696824 0.0404770644798535 0.106610172368201
-0.0509728898147243 -0.172903160863196 0.134317104545942 0.0445077386793928
0.00740858067239292 -0.250699833075554 0.230197623796966 0.0635673482250788
0.170264783398983 -0.242993034785948 0.254546649142001 0.185135875171564
0.288843830082893 -0.0838962828647217 0.0715205934323281 0.328496357896553
0.32790556258381 0.214686276192873 -0.198658024106511 0.33277582798861
0.0631612945693028 0.477637955264899 -0.346764841029217 0.157566083973006
-0.260498767661966 0.503353658752106 -0.230550640354037 0.0686874073292205
-0.398753890350297 0.316891449114954 0.0658815977113573 -0.0561388695384601
-0.174508309965217 0.418246758349517 0.365994226561179 -0.0118293412239686
0.108636414684125 0.374021244136663 0.379619511624617 -0.346563617477646
0.301262785518423 0.111181523161909 -0.0210044001923176 -0.458376119883788
0.265764829306112 -0.138535311263666 -0.271685592876391 -0.20981739707346
0.103640046636115 -0.254480354567557 -0.246752396846296 0.00861126142319173
-0.0399759419838972 -0.219986873262094 -0.120977293425419 0.0657863208121394
-0.0828642558143623 -0.186212804967124 0.00864279086595504 0.0341224918442311
-0.0652703154200906 -0.186978834531604 0.103409940846356 -0.0318648222658816
-0.00245248300269114 -0.265094588691958 0.222767423943297 -0.0337306592723226
0.165174925111984 -0.271138474590811 0.307987089736415 0.0788406804230353
0.300317690079731 -0.121111398459447 0.187739605054086 0.273830401147167
0.356675396484534 0.201625705499 -0.0956477693318137 0.332953707444295
0.0665372118872646 0.478169784331852 -0.294139954145383 0.154522852577938
-0.265274483805306 0.477671959497999 -0.127829349136844 -0.0383669112546835
-0.404326445729566 0.220381717923252 0.226100790218931 -0.154256509150906
-0.255744227804066 0.363148855211796 0.420392448234858 -0.0301859098999891
0.0254502475236967 0.388594183125989 0.457704196872225 -0.272002826998506
0.276166075927897 0.159965731110989 0.137454666398776 -0.416075788965447
0.268453308615278 -0.106468222663466 -0.129506568947716 -0.293304591505616
0.117549509205205 -0.24168488328626 -0.205803804300447 -0.115333806495462
-0.0340550043368845 -0.220041008670667 -0.140664508394674 -0.0326172426444947
-0.0839614705932844 -0.17919915195499 -0.0223879780483164 -0.0411684326369696
-0.0699514761787848 -0.177924443655071 0.0683066031131349 -0.104551675120757
-0.00649253693804997 -0.246151200099232 0.204319413411971 -0.115805291146703
0.151874279985528 -0.254318497601392 0.329601007675718 -0.0112936205902099
0.281215064089077 -0.11493925590711 0.257499830978264 0.215009965991687
0.315753286286691 0.194870636527626 -0.0230788409031117 0.30752897133209
0.0217770979661504 0.422494162089479 -0.245051185058273 0.132757845822423
-0.261752965017271 0.381069923620334 -0.0301674325988223 -0.133804897698047
-0.321283691810689 0.0932411334437267 0.360521314446514 -0.226528039731959
-0.258589768239092 0.232383011346693 0.454157002797537 -0.0388334331600086
-0.0393790118438341 0.299864436143746 0.48425336690227 -0.189669849783793
0.191380470303723 0.150094789899008 0.250592756794076 -0.342218373103244
0.208292297206054 -0.0646709718911446 -0.00374117868861545 -0.335468088508062
0.104135487373242 -0.185672353905616 -0.159206200170512 -0.212237812972381
-0.0239501252640663 -0.179927803455467 -0.152307663215211 -0.119048269404937
-0.0718331971822905 -0.145389230742816 -0.048805845835172 -0.107469315734909
-0.0662595333490794 -0.14801563436117 0.0403384266996611 -0.166062415806714
-0.00711160708275841 -0.202562327705355 0.188257142646164 -0.178854323897738
0.130651753368835 -0.20486215213872 0.336589004220139 -0.0750365080635331
0.243741956107019 -0.0787338751979438 0.295162356700651 0.175865661337376
0.232145368341544 0.194448253789104 0.0205873612129438 0.280935295508117
-0.0483025979485854 0.331510121276165 -0.198564897775104 0.108047875603045
-0.243150622875036 0.233050146825342 0.061132115093298 -0.196724501979379
-0.175211757300876 -0.0405943364873261 0.430332826893603 -0.270817373664166
-0.18880408215812 0.0731481000339391 0.456081278924003 -0.0450408582637495
-0.0606677294243365 0.153475794280685 0.471254725627193 -0.139277700444
0.0867121344041671 0.0913049030891285 0.301975009379322 -0.288281065730571
0.109266079164723 -0.0265879371184053 0.0612261863870514 -0.349885326512357
0.0678542808637068 -0.10191770847913 -0.129012387694209 -0.266242221678716
-0.0117107299175566 -0.110257016526831 -0.157887207638193 -0.175191312653413
-0.0494011530145937 -0.0916694993227573 -0.0675063920826079 -0.155532101327225
-0.0513796687654797 -0.101974057013967 0.0235655308369635 -0.210795595251333
-0.00735446298805597 -0.140808939108556 0.181429487752752 -0.220726932073764
0.100041221936344 -0.139721903418641 0.34371930932071 -0.110324210109689
0.189573346212855 -0.0321018415470254 0.314466205324416 0.16399769874125
0.129442831075585 0.182722206717763 0.0419288683412417 0.269335561759367
-0.111029512784902 0.212693439222936 -0.162418752659056 0.0900957237971271
-0.200427869068789 0.0599835220629915 0.139514342084676 -0.21888862435387
0.130731459996224 0.0895796560278737 -0.173221261410341 0.323480263881219
0.0883170163379834 -0.0897533629845996 0.213248817614077 -0.0158653728838792
-0.0500344935714568 -0.111300005466811 -0.0552257351789023 -0.317898336210629
-0.0913338716479628 0.0231133421072074 -0.390953798866452 -0.185763174671681
-0.0176208182901041 0.0586531728955682 -0.399365822614018 0.207214305873696
0.0107258918583823 0.0438665682437338 -0.155579943593593 0.332595883351875
0.0284109160465425 0.0343766422163479 0.0101172123070843 0.267898850565034
0.0183882752146392 0.0133909817843576 0.117771024516557 0.19486978400137
0.00236216370016352 0.0122912023088319 0.18807865229009 0.173351662753146
-0.0215746504291566 0.00374574013729693 0.192413223651208 0.25023746875318
-0.0138317691748233 -0.015617686928559 0.0298635212447406 0.355035384522362
0.00609597593074804 -0.0257752292596802 -0.248237544605945 0.340531134629893
0.0759572333087639 -0.0379713967716797 -0.419545222763735 0.233288383398475
0.118699328100025 0.065108228522857 -0.499474474426231 0.133490889531757
0.0520047889292249 0.194740812889959 -0.462950435048632 0.355357138732562
0.0251478192479194 0.254051958942062 -0.194682420490278 0.266856174187667
0.108643958784746 0.0640689752900725 0.221785377840546 -0.0155751376734999
0.0561619339613748 -0.0357532048585154 -0.0150766423225396 -0.362264847049341
0.00632698898137935 -0.0160199571447239 -0.400231980318309 -0.238008858861084
0.033405650781252 -0.0296169271092911 -0.432279514253399 0.176995096969346
0.00771986152134791 -0.050147040550899 -0.184545013144039 0.330507650146045
-0.0114655351479846 -0.0380246332707588 0.00283098568312192 0.270148301152204
-0.0244015836900126 -0.0557435953668049 0.115950208623067 0.187896988737168
-0.0269055689915506 -0.0679233616311004 0.190938935631002 0.146232665350253
-0.0117325787682587 -0.110852236541689 0.223823113957184 0.206580793547881
0.074266376174289 -0.107012070067996 0.11198647567642 0.331164665764062
0.134790099688613 -0.0167333942031242 -0.163262297237274 0.366454279916214
0.163279023312813 0.0991481531329698 -0.367720017313457 0.287900710238968
0.0830166669608293 0.259858771047404 -0.450611919201347 0.1674799953875
-0.0744544175227194 0.367235626629165 -0.409326393595607 0.311419822930478
-0.114403320396728 0.378115553118382 -0.164417816845963 0.166688584194415
0.0803285683900311 0.239745087816922 0.256842469205 -0.030858607777023
0.152381066281215 0.0917143704715896 0.068404795720534 -0.420584027158913
0.134519613460536 -0.0278435159919356 -0.372515913828951 -0.324655474333785
0.106446445559494 -0.117054185769651 -0.448560328338186 0.103001336026335
0.0157540531853716 -0.151301114186719 -0.221322425928526 0.286548616881533
-0.0456475826822758 -0.114316229740503 -0.0252974938642246 0.244457632000982
-0.0657179434780535 -0.115999142815521 0.0955224338281418 0.155534087746051
-0.0570777257493175 -0.131129061758189 0.176527922708968 0.0915304117587294
-0.020316617814012 -0.202821263320081 0.247009777007724 0.123819154307538
0.119681819694478 -0.203655208678103 0.21480809214925 0.25884394492002
0.234079431465269 -0.0653036164693301 -0.0220425272145312 0.373279304741895
0.280641479712113 0.161886065747354 -0.272606284611438 0.348526274405005
0.107144815357351 0.407163371475232 -0.387316023117552 0.205121562228382
-0.14727073375606 0.49849672699596 -0.32381105249841 0.228039282030393
-0.256859177751471 0.43742033455697 -0.0744460294721918 0.0327052897960662
0.000874772378647493 0.395910430367619 0.312392692783818 -0.058913634526498
0.20301054910505 0.249862487427809 0.187220765471068 -0.460922572811159
0.262391428350388 0.00402547851536366 -0.278953590100614 -0.419829317552721
0.189759237223821 -0.177281310566208 -0.42284931500882 -0.0201072505243508
0.0366532422539561 -0.237406986432914 -0.250848810278901 0.195731896064804
-0.068788431726864 -0.180851999445985 -0.0685801388201131 0.185320923310962
-0.097364183758711 -0.158479598176933 0.0601436998448674 0.101236843001527
-0.0823395745593136 -0.169340890251278 0.144186445913344 0.021382124473026
-0.0373815330464385 -0.256790736793459 0.246515871385427 0.0220477651889589
0.127130212418018 -0.277268910852061 0.293812459849897 0.148601370160588
0.28249834546352 -0.135305552985726 0.124184582090038 0.330835359875692
0.373917551752529 0.160930130947739 -0.151708837351638 0.375819075360527
0.148545457558881 0.476756505434892 -0.323793175987024 0.220135394463227
-0.177968079249345 0.558610471430697 -0.231046613928167 0.112696340053772
-0.359674924795121 0.412504376519907 0.0634555172821464 -0.113062354990472
-0.115080691732974 0.468835976089282 0.376177616216367 -0.0944570678294969
0.175939165057495 0.376714492853025 0.318091923932181 -0.449511195693084
0.334603567618361 0.0704435422223439 -0.124165626826507 -0.475232029472884
0.253057914859632 -0.189144816292071 -0.333057527153228 -0.160891742518202
0.064776534780938 -0.282770627815317 -0.258344582521578 0.0664712813649191
-0.0767178631904634 -0.220382779569905 -0.115625081592928 0.0988421099041455
-0.115945154200912 -0.177320299958754 0.014675602402485 0.0331918451463659
-0.0994787164472894 -0.180665034350871 0.0997234369618336 -0.0520540329283304
-0.0481551931911101 -0.269470050340355 0.221710215932864 -0.0762221164296783
0.117384218338045 -0.303961125743049 0.332434031857728 0.0282062052884328
0.28677001572992 -0.174648799741588 0.235109275998928 0.254421210040164
0.398672631886126 0.141172304737497 -0.0456527343950722 0.358705158084207
0.150350749705103 0.475372809827041 -0.269443301399733 0.209270177258871
-0.188543526815076 0.533977877320165 -0.141405986339118 -0.0146575261692077
-0.384968751631526 0.311687147828655 0.219523005207353 -0.239688291329919
-0.209466675056643 0.426157687088412 0.434868857324285 -0.122690431123037
0.0894383713510598 0.405018219857376 0.417098283477829 -0.386377600101831
0.314954988289406 0.126940454061363 0.0506937810853307 -0.465075031068474
0.262269956668591 -0.154313508905078 -0.202240471890993 -0.275846319255827
0.0814860091549135 -0.271135049014523 -0.239053258299946 -0.0704807267210813
-0.0700264534242323 -0.222009906384466 -0.15520384791739 -0.000568049377709597
-0.115692400609542 -0.169487784588361 -0.0298150442850648 -0.0382804143884576
-0.103167516591771 -0.169686021002206 0.0515569301260858 -0.121131963518251
-0.0489819337549018 -0.249127078594433 0.188009763995525 -0.157631701616971
0.107628300023932 -0.283168134952983 0.33918580388791 -0.0693488139360171
0.26672958318417 -0.164253326515143 0.2992846055311 0.18050587155869
0.355434345425807 0.141316806011822 0.026593289734141 0.32034819169173
0.0954306610597302 0.427860787039065 -0.223053611810228 0.17987839473328
-0.199658261799947 0.433395257154437 -0.0553923488832209 -0.13072094432584
-0.320278050279644 0.163982354037991 0.348029039052098 -0.328789702262338
-0.234092407297823 0.290007081571849 0.472735488625021 -0.133856279850027
0.00610262775169119 0.323711211909373 0.4659812176899 -0.303345273737364
0.224205729547438 0.130494879611955 0.186126339453071 -0.41031614735988
0.207220136310966 -0.0998000824682815 -0.078696840470728 -0.345814695937412
0.0766337165810428 -0.209409191890925 -0.207815031275886 -0.182479766903126
-0.0533548303758852 -0.181727479276623 -0.184638341177988 -0.0892829874093597
-0.0965748280496048 -0.136624251565091 -0.0685032213676613 -0.102468415953795
-0.0920378784794179 -0.139262977102722 0.0119350874924759 -0.1794690497066
-0.0408055041269201 -0.204337634791491 0.160758512349107 -0.218675160657039
0.0967855994365422 -0.22930389167708 0.335700761993394 -0.137304320620158
0.234250038908861 -0.119714982181224 0.331856576434537 0.132820647470283
0.269377274742452 0.156201085675588 0.0692314531806026 0.286161828212506
0.00878538402407365 0.345410378629807 -0.18143402351886 0.148738147973519
-0.207255726193101 0.279628055587239 0.0289354297790639 -0.213297975634678
-0.191986026673544 -0.00248958855559412 0.414319759979304 -0.370823807170576
-0.186341167032859 0.111669054215131 0.476177704037794 -0.13460138668523
-0.0407804011167275 0.173328101000646 0.46797748771616 -0.240934592451292
0.104974398375936 0.0863501809702642 0.253146196160929 -0.36245877405851
0.112041800450342 -0.0435100359143498 -0.00938626931488866 -0.375697976183892
0.0532217312400285 -0.117162253748006 -0.185619087393305 -0.248247041668374
-0.0295463800587509 -0.111426735758063 -0.200463234591088 -0.14906862825889
-0.0635496316600594 -0.0848192208521281 -0.0953462030769565 -0.147853384778336
-0.069282512039133 -0.0938572411980778 -0.0123400068536231 -0.222091167357717
-0.0297926447058687 -0.140181404720358 0.14891327624285 -0.261172679696143
0.0774932839834251 -0.156572915211963 0.337445218579443 -0.174863663204276
0.186769469023456 -0.0639038063307912 0.351662476647983 0.115756635997165
0.162545213513171 0.162602923217394 0.0893527909943605 0.270395228053726
-0.0755848819590243 0.235017606867961 -0.147731162535079 0.124443360130344
-0.193647322123718 0.0956555414842363 0.106371254449614 -0.250444234758839
0.142279765825087 0.0768138237299864 -0.141973088974044 0.345610874995084
0.0811420625038335 -0.100142505072343 0.216874516008423 -0.0335494667757353
-0.0617154134798694 -0.106059378864276 -0.0840500792332484 -0.315639934393628
-0.0879615819621669 0.0335289796764582 -0.414503231957692 -0.152314714754689
-0.0112121639023571 0.059754947298567 -0.381404819968179 0.247840074028462
0.0150277054889645 0.043150062284995 -0.125148225501386 0.351042634713967
0.03310631032907 0.0312439134705583 0.0338193264360617 0.270661961596649
0.0194573202298149 0.0108738032649259 0.13590113086559 0.184551073074263
0.00250625660649805 0.0106621360202527 0.206038451528594 0.155122800947196
-0.0213071135086281 0.00494039523793235 0.217280734104821 0.230993490515567
-0.0147811563125273 -0.0147542064364785 0.0637885704747442 0.354616206388747
0.00516669291646331 -0.0257258617401191 -0.218276995676507 0.369604450504489
0.0723361258684594 -0.0449931176578305 -0.399913127089979 0.274875058744178
0.123591402909033 0.0531848617657878 -0.494000635748639 0.179882677963308
0.0720589823730547 0.190591848181599 -0.434194775338763 0.403434156018036
0.0516114369125809 0.252910472848918 -0.169833639062848 0.291369397197498
0.116347099232389 0.0533702344711874 0.223590425117955 -0.0324037424194117
0.0524610647893469 -0.0402547676183149 -0.0471736050129948 -0.365000433503562
0.00548835888126788 -0.0147869780590974 -0.426358488721793 -0.203454396175697
0.0312013174836188 -0.0341437663364071 -0.417579426085976 0.221138982787732
0.00204774624566243 -0.0512628854370836 -0.152737296333806 0.351211419557562
-0.0145192529377606 -0.0371518062974121 0.0267195362043551 0.272419616873512
-0.0300080381718253 -0.0534869777935941 0.132792677135133 0.176504664446392
-0.0350062106218921 -0.0670408855719804 0.204234938862396 0.126475053618083
-0.0241324078081193 -0.111476263321028 0.244516414221834 0.183043365993858
0.0631600961604157 -0.114952900998977 0.145189706025841 0.320990227920296
0.135308454796021 -0.0297325279786086 -0.13053352531671 0.388420149511415
0.173574692395922 0.0839427995274915 -0.345715607588346 0.325730130244372
0.108366239128491 0.253647873640374 -0.440804932209871 0.210181047781816
-0.0394021975589097 0.378364242301487 -0.384800103933366 0.353709599046445
-0.0755281792706466 0.392744936810577 -0.149164714965943 0.188483529590609
0.105581807139159 0.232897741100384 0.257636620903773 -0.0498466521063472
0.161569836144022 0.0781967956165852 0.0302083323955491 -0.43226216907744
0.132742333086449 -0.0392633301770167 -0.406646059684173 -0.294429742017186
0.0952873257464103 -0.128807884475192 -0.443198761942358 0.145497972573825
-0.00061965850252729 -0.153249484122297 -0.193679089528794 0.310561172808365
-0.0574389698596698 -0.110067775311914 -0.0037834177961925 0.247649766020639
-0.0766836031387137 -0.110114893249388 0.109113233735155 0.145429083415867
-0.0707456111137418 -0.12769247618214 0.183659636589548 0.0727887708701924
-0.0418714275491412 -0.202745237191097 0.259027594038885 0.0966518394845218
0.0984013540135074 -0.217726290076036 0.242683446158754 0.237227640049391
0.229073051061178 -0.0886226661230339 0.0112223385298434 0.381126109168387
0.297125716827831 0.136223898732106 -0.243960500757335 0.380023169063678
0.149041206135678 0.398719892919508 -0.375344596171666 0.243066387989498
-0.101270526455648 0.517365194740869 -0.306112282919069 0.263792601742003
-0.214932505694331 0.46544990892908 -0.0726489334041231 0.0446972745288714
0.0394569606762609 0.398056887554223 0.309990375600207 -0.0831427367814612
0.227540462632009 0.231018344632936 0.147533274726705 -0.482855842947988
0.264655628933984 -0.0211749896993128 -0.322729536950346 -0.398334589434292
0.172442112018357 -0.197950476761992 -0.428432369970716 0.0188445057291854
0.0114380581716533 -0.24274812220286 -0.233486557730096 0.221756013726584
-0.0876604040456331 -0.174245696774744 -0.0518924094036848 0.193263322186472
-0.113199464656226 -0.149011226795207 0.0678036053625413 0.0946888488930326
-0.100298595214923 -0.163030137123648 0.144817799939692 0.0056754258665244
-0.0635328604757948 -0.255279450119628 0.248290282307875 -0.00527146107498884
0.0978019602160332 -0.292318237028978 0.311451554652507 0.115766498143562
0.271050426673784 -0.163465102565778 0.155196016939521 0.323691161889054
0.391768250063267 0.123791955662749 -0.119281069643816 0.397638144067386
0.198069601837132 0.46536107506677 -0.308540047713602 0.254467355045311
-0.123419477095595 0.582324284798716 -0.223027688947383 0.138822028106206
-0.321614104190568 0.450720040608999 0.0517950307273499 -0.116137270684319
-0.0695912313273149 0.483097118992268 0.370091665379575 -0.124100563297141
0.213148913193214 0.362350942493218 0.2800138460164 -0.485166487204057
0.344459143344945 0.038555419611 -0.168924721355086 -0.472973971697146
0.235789324478611 -0.216134220313197 -0.353019517538921 -0.13198093959878
0.0341370929716341 -0.291420504565738 -0.253547261601181 0.0923390234440931
-0.0998878819385996 -0.213858152144948 -0.106283736545329 0.110479533102966
-0.132748769839004 -0.165470653750767 0.0166356707135658 0.0305100069441704
-0.118015177157557 -0.172287686446138 0.0923181024244635 -0.0637877413786083
-0.0766217376968911 -0.266898814452515 0.213974970787785 -0.101349944399512
0.085611639167431 -0.318673033318502 0.338540111912258 -0.00954197186228552
0.270963166257334 -0.203301361312976 0.260299849077065 0.235245117560001
0.414571331878303 0.101723756329963 -0.0131147380449438 0.369924239562143
0.199804406124358 0.46445301144009 -0.254014475413436 0.23953584445942
-0.136326419602212 0.558597098680911 -0.144920816459028 0.00048234707315576
-0.356942287892407 0.353808579652336 0.196995048991939 -0.26084447840937
-0.168982042920439 0.449482109876134 0.42677607441857 -0.158082141122684
0.128115012059232 0.400423979437403 0.384752772464218 -0.430710092792615
0.329837438375132 0.0976676188810216 0.00854104053061633 -0.477803685756973
0.24788464168466 -0.181237926541485 -0.231692986741875 -0.26244396946048
0.0520350715553352 -0.28180577213295 -0.248232374178125 -0.0472797015402733
-0.0932862449705139 -0.215166275479141 -0.156179534503656 0.0155834847597737
-0.131140355947131 -0.15746524224892 -0.0357121949804196 -0.036354792963057
-0.120220714007081 -0.159307262213257 0.0381576297473817 -0.12727814313057
-0.074538626103223 -0.246349848130354 0.172327905829013 -0.179211850446852
0.0789172375732687 -0.296758734933367 0.335376233545715 -0.108487458787107
0.252740830389574 -0.190132690676207 0.317673843956808 0.15399161958055
0.369393814484361 0.105515111422044 0.0566501288527172 0.324203859529761
0.140559746450825 0.420040013511486 -0.209333162083491 0.205335794166501
-0.158669953727903 0.457377867965989 -0.0690389150900605 -0.123797039426627
-0.305551786471463 0.19848097131471 0.320027301774118 -0.363861333812506
-0.207262194816512 0.31437260017398 0.464465604157695 -0.175209679282982
0.0369561587262485 0.32498159317018 0.441265212775591 -0.351542289227452
0.238336841944318 0.110830761080145 0.149711404165636 -0.435183899675282
0.198290035173254 -0.12045751107525 -0.114783455288925 -0.344360029958599
0.0541286138612264 -0.219818260634869 -0.228140980916175 -0.163960131093355
-0.0718733664481518 -0.176306243171271 -0.1934700350874 -0.0711139160389409
-0.109160076451556 -0.126504929432676 -0.0800096065906178 -0.0963892893920078
-0.105723517926764 -0.129022914895179 -0.00643651362876438 -0.182235076580159
-0.0619040911708865 -0.201206059506061 0.139635706184236 -0.238055965066468
0.0733427824404549 -0.240948586026032 0.324839911866426 -0.175262657986923
0.22425725953196 -0.142208981858629 0.347784294415228 0.101630596782043
0.284177581501178 0.130008773261732 0.0960698504026171 0.285212339454788
0.0446560651806501 0.346524348279937 -0.169338001124536 0.169248717674527
-0.180786321207294 0.300668726689614 0.00778979972085539 -0.216448709154423
-0.191999663132117 0.0176618129699551 0.383097223968986 -0.41349506439316
-0.175113046143065 0.131305666107615 0.469763927493394 -0.179042357579642
-0.0249445671150412 0.178372944377617 0.449738200616909 -0.287389537390466
0.114327905895493 0.0774141440395069 0.223523879371758 -0.393029343121318
0.107985970721836 -0.0544100909407061 -0.0483867980981602 -0.380824183510788
0.039480871223692 -0.123956991852876 -0.212947255611726 -0.23297885135339
-0.0407219577095392 -0.108784188762803 -0.216977448547743 -0.129869988354439
-0.0710342620203632 -0.0778162403837173 -0.110618658438102 -0.139448391518539
-0.0782229581277907 -0.0851210634393974 -0.0347065705532398 -0.222421020127786
-0.044460228097671 -0.137152442936452 0.122769328919618 -0.278897096438407
0.0620032280770034 -0.16624612713477 0.323039498446069 -0.212016147175193
0.181323249300212 -0.0818987308037466 0.365636784977243 0.0832383000764672
0.177875000289562 0.147620713436557 0.115713607478935 0.266666454051838
-0.0527261744822819 0.243709608864754 -0.137904750721555 0.14148109283487
-0.184205985702137 0.113029334475586 0.0815707522927777 -0.261217739864186
0.144181940802275 0.0599054305945423 -0.104319814747264 0.346914131952274
0.0690910799123224 -0.103371519562066 0.209161308323225 -0.0492013904181899
-0.0676808085654077 -0.0954846210317918 -0.104754328829522 -0.296327495450619
-0.0788783944305282 0.0404465390682025 -0.413242407728579 -0.111514441479868
-0.00511094454107434 0.0571724371837717 -0.343421715279055 0.271234503769906
0.0179161972697595 0.0405897941025731 -0.0876372244300702 0.347538229753991
0.0350092961711405 0.0259599813072906 0.0539952033079609 0.259102606714344
0.0189632121459849 0.00798222363895574 0.144145014609525 0.166011800731648
0.00211616564887783 0.00974500047916311 0.209040088142769 0.129889638686644
-0.0206089211369339 0.00565406429216741 0.227239763727503 0.199913418289746
-0.0151960432354401 -0.012903928826848 0.0921545557294324 0.335169790257207
0.00441012051278651 -0.0251911329618359 -0.178171446585307 0.375682718845093
0.0641421017418354 -0.0486116715096638 -0.360402572923844 0.296350101544036
0.121164040466686 0.0398049439996329 -0.460532283243528 0.211583046192027
0.0852982213046458 0.17631541161215 -0.382421667541643 0.424119344287357
0.0732495696587339 0.236504158018935 -0.136024576111566 0.298892014271617
0.116443063715406 0.0396503883924497 0.215470706740093 -0.0476601531020787
0.0466168813895221 -0.0424062614057432 -0.074513123069837 -0.346925748629596
0.00569674172906525 -0.0135191959769736 -0.429642915276899 -0.160212425614042
0.026729996067199 -0.0365238173765357 -0.378576757997025 0.248318889396142
-0.00313956020529462 -0.0487599539135166 -0.114880464798566 0.349467207823902
-0.0160441554546043 -0.0346764817478767 0.0480493132006366 0.259686599146131
-0.0336012726272532 -0.0492272932534292 0.140358685798904 0.158282546239347
-0.0401532505712995 -0.0628418667577952 0.204125675358306 0.102407408572434
-0.0339866657832686 -0.104865417791927 0.24884618291912 0.151228249023846
0.0499556354323205 -0.116036748334148 0.166989477331622 0.294164593814359
0.128594849707505 -0.04035493412262 -0.0930733278793153 0.386105866896422
0.172871128442961 0.0656985231588936 -0.302998698502318 0.341847551121605
0.12452283905551 0.232378630377409 -0.407388278035827 0.237641184136783
-0.00497987309245281 0.366346759602142 -0.338454397268714 0.374424347450879
-0.0352138162752213 0.382133670551236 -0.126527221346684 0.198296798669112
0.121640067857571 0.212587912544726 0.245477479335853 -0.0650605691056645
0.160384652222956 0.0605428539784913 -0.00490157125547055 -0.417830563638258
0.124430844860018 -0.0477423711950379 -0.415278575674131 -0.250215550662039
0.079839664199014 -0.13274591271997 -0.41259017302854 0.176504999373878
-0.0148680806653008 -0.146588975926355 -0.157772954895846 0.315086230957474
-0.0635982206756677 -0.100053437818476 0.0166578441058001 0.237456635803813
-0.0825834600594367 -0.0981201944034336 0.114813327269038 0.129704643843213
-0.0802300556550972 -0.116937193567569 0.179084856690804 0.0521930955274779
-0.0594041955269952 -0.190705485012719 0.254577416365567 0.0676887501399485
0.0726324234657386 -0.217190531236363 0.252759606525331 0.2027036553786
0.212610165717832 -0.104631159420362 0.0430638718259836 0.367593064873832
0.296289664187783 0.104515742987805 -0.202139171223449 0.388537193918004
0.177410627882466 0.367932211718508 -0.341904322876914 0.265011041136736
-0.0511363625761205 0.50552908397619 -0.270213651932098 0.280050770608083
-0.162493867344681 0.465241800747853 -0.0655925637374844 0.0538201156261528
0.0736876847011025 0.375423943681954 0.291886107931908 -0.0995671302159279
0.236915017853785 0.202029035944983 0.103008424280535 -0.476631212794656
0.251622073371518 -0.0413543534715862 -0.343364440973113 -0.357621159560349
0.146888532256251 -0.205682401945721 -0.408685153397154 0.0537434727180925
-0.012264594970014 -0.232896378111035 -0.20409321313966 0.232302759314072
-0.0988756544956246 -0.158403397571092 -0.032510959454674 0.18860728928155
-0.120283193139308 -0.132255691219702 0.0712665843151742 0.0837685648727346
-0.111293484890192 -0.147823844980338 0.135591068724093 -0.00873580516609316
-0.0857531997714761 -0.238201627980597 0.234787419975873 -0.0296763865950681
0.0644757471304622 -0.289489095144955 0.309209950672845 0.0789343252673473
0.245309816297093 -0.179264801147477 0.176802954747809 0.299682121985614
0.385442904203926 0.0845218456150077 -0.0816324314882451 0.394040943779877
0.230980536749852 0.426418138165955 -0.277663680319172 0.271487034083779
-0.0675128583455781 0.569367392878084 -0.201822808303043 0.153930497477086
-0.267513701884382 0.459970723296522 0.0397499890155268 -0.111777372859182
-0.0240525022311638 0.467712258755895 0.345255284007065 -0.14521552704821
0.233100220423212 0.327599731049283 0.229197993134168 -0.488774132913986
0.333279119243762 0.00831219502982224 -0.200274601078014 -0.44250295732352
0.205452547768066 -0.22863352590338 -0.351823594719059 -0.0983735694667119
0.00369352848623258 -0.281700404214423 -0.234822386108969 0.110425422052382
-0.114649534619939 -0.194450575573017 -0.0916133232908713 0.114528548214458
-0.139987076182606 -0.146147320214325 0.016475793027406 0.0273245438831128
-0.129119179077071 -0.154780255536879 0.0794583677064519 -0.0697494653488917
-0.0987548437349766 -0.249200551395376 0.193454623416916 -0.118116778025339
0.0507428945038752 -0.312411666249011 0.322778386656679 -0.0445429620114312
0.241039013591415 -0.218153058377023 0.269234530759622 0.205281367072381
0.402781080478036 0.0593296368044261 0.0188250941600931 0.35954084084342
0.234267154821618 0.424304555529441 -0.225728686700735 0.253543125603654
-0.0823671501441907 0.54681481809629 -0.137955027312443 0.0147436766619922
-0.309468135549266 0.369687569786019 0.165953409667507 -0.262868868353339
-0.121593650399697 0.444406749934667 0.395534619413181 -0.183454007252203
0.156947231204234 0.371750247165963 0.3328481581153 -0.446209754916486
0.325018797781246 0.0649910513205475 -0.0320299837051208 -0.462576067497605
0.220718406584189 -0.196017068919893 -0.247118277439494 -0.233919231036529
0.0215709045688622 -0.274874362599391 -0.242719121923454 -0.0239816573956587
-0.108686343274691 -0.196854095591119 -0.148098130661609 0.0281822330730794
-0.13757970903331 -0.13774148286563 -0.0385122642689598 -0.0321609067060663
-0.128506430328394 -0.141512495986308 0.0226535136610818 -0.126389882715099
-0.0937593456593663 -0.228903574195872 0.147775678756399 -0.188348897893507
0.0466582306114849 -0.291865302170332 0.310889918664933 -0.138794820353611
0.224825873453535 -0.203620722434152 0.31749854727889 0.121976495302616
0.360666621233517 0.0684724148607636 0.0811745679125132 0.309216999094443
0.171796415531899 0.388656347680622 -0.184164180260704 0.217410010039187
-0.111897947741776 0.4513268972633 -0.0763947301376659 -0.111750917231883
-0.274006841652019 0.216722490108739 0.274242433345946 -0.374683276041669
-0.169922453580819 0.320055962077816 0.431068646858698 -0.204332299515062
0.0619167740318781 0.307837121614064 0.393670037380639 -0.373269778280652
0.238510016094384 0.0853641985874439 0.10766102399652 -0.431785196410605
0.178970790584996 -0.133120453491184 -0.14275767413416 -0.322737129953706
0.029374421284121 -0.215343667364128 -0.234217929634137 -0.137529770750404
-0.0848544031439895 -0.162467460349673 -0.191224139859119 -0.0501715925805785
-0.113510270425437 -0.110664005819311 -0.085865195587028 -0.0857420421014619
-0.112061301710104 -0.112921648986623 -0.0241321087229927 -0.174165574080425
-0.0773825100345657 -0.186305393718063 0.111723668202194 -0.241749486515305
0.0471234341071362 -0.237752307663018 0.295900412067818 -0.200610615538124
0.201906996969326 -0.154608867744948 0.340630103884618 0.0683949068807093
0.280934968502531 0.100046854998312 0.115393405699243 0.268027531525728
0.0744317340764359 0.327081960033099 -0.149211227106385 0.179362652317593
-0.146591034886836 0.302661022016887 -0.0116015998331467 -0.206315282352915
-0.181154943488601 0.0340146638462065 0.331789657364138 -0.429121755190437
-0.155289995224053 0.1409904414627 0.435222538884475 -0.208676551900387
-0.0087419650734479 0.172770610417655 0.40555625400241 -0.313325068796359
0.116736059290244 0.0644566188712727 0.181294631799314 -0.398337447995786
0.0979042525152056 -0.0609029245877742 -0.0816992567835623 -0.362689871296074
0.0254052375856904 -0.122342464045502 -0.226166233493563 -0.205222441307348
-0.0482343186158119 -0.100135038548294 -0.21894792833707 -0.104302946236753
-0.0727601914845748 -0.0670565197665986 -0.118658498566697 -0.124245502721887
-0.0812164657980761 -0.0727397956342613 -0.0542081383513685 -0.210235914293804
-0.0543696997043773 -0.126632166519228 0.0931782049261212 -0.279196307957322
0.0436214470168946 -0.165068910552189 0.289874971723959 -0.235273426966942
0.166571394218317 -0.0939981228068106 0.356987983409975 0.0487375298991471
0.180711424317268 0.12541221924905 0.132198380126277 0.248259620259051
-0.027642842487557 0.236664356465085 -0.120839671865712 0.14944574555636
-0.166476491669879 0.12264966569169 0.0546924731215695 -0.256553741436781
0.137870515701879 0.0478527802948557 -0.079837787676627 0.332589569027936
0.0596759200001801 -0.10101766086312 0.197063883686372 -0.0547216210520691
-0.0672711633828707 -0.0849184938086755 -0.109760690457548 -0.274498064000191
-0.0697414733169015 0.0409386852319344 -0.394691105424918 -0.0874058828010448
-0.0014885697046088 0.0527377965124495 -0.308021062865817 0.269556649826935
0.01829989769316 0.0375521926681209 -0.0647516958940899 0.329957156105299
0.0341092369015018 0.0211364223619807 0.0621994295880923 0.241661942087223
0.0179705560860579 0.00592318161817067 0.14232080821666 0.14984664314979
0.00139535297049472 0.008473778328512 0.200006328822143 0.112008261942191
-0.0195094566477631 0.0060413201311169 0.220775668752263 0.176102163678359
-0.0141123880402314 -0.0110530617375393 0.100683323849372 0.309578457276302
0.00385677294717919 -0.0247862748371308 -0.151297019963279 0.362202918293235
0.0571909489861517 -0.0479343796283582 -0.325011127941441 0.290333342557648
0.112119346965466 0.0314696332488215 -0.424424276897847 0.215144752420212
0.0885751340367064 0.160854447554353 -0.340123933107258 0.412184649397224
0.0808489852076047 0.216566028426453 -0.111461599654611 0.289538164328431
0.110395463227904 0.030365868111338 0.203410902972572 -0.0515546504585373
0.0412872237223746 -0.0412001477310595 -0.0823613702768144 -0.323570156572343
0.00625599904339168 -0.0123238720786449 -0.409824864000951 -0.133645524418174
0.0238040246357416 -0.0362131785049719 -0.343052459178778 0.248347526409919
-0.00560243280012539 -0.0448484630697832 -0.0909132655995405 0.332541247930728
-0.0159311886345738 -0.0329291434127585 0.0554496287593993 0.24246294116482
-0.0331486108171023 -0.0448995731417026 0.136813209553258 0.14150668540254
-0.0420429599365568 -0.0574847941563758 0.192914061641285 0.0866788066000313
-0.0378403862077246 -0.0969122458303306 0.238529945263376 0.128648723348179
0.0411877582847815 -0.110551805889046 0.168883539834834 0.266211937731667
0.119504490260255 -0.043739413378214 -0.0702111123900577 0.369698390692605
0.163644741071536 0.0545362257624531 -0.270238289318553 0.332198896345134
0.124562145299142 0.211393289064422 -0.375601639807458 0.238082881329121
0.0105000293203294 0.343024249438622 -0.300703071065946 0.364405625323196
-0.0141244564998616 0.357527408532202 -0.107321970035094 0.195909778057072
0.123062864949359 0.191429423889524 0.231215635471527 -0.0678366211896032
0.15183540875137 0.0499648722848472 -0.0210165328395216 -0.392423626169476
0.115335881743023 -0.0491945040292667 -0.400994453654084 -0.218723683036421
0.0676954424886131 -0.128199835164931 -0.377010713925152 0.181957004227074
-0.0224746463190081 -0.135786834076185 -0.133509404318931 0.301209435462715
-0.0635885625561193 -0.0911067809790685 0.026085841485575 0.221849197891612
-0.0811648254708018 -0.0884186637369794 0.110963936790209 0.116178067832114
-0.0822575318002566 -0.106384135938921 0.166522069263889 0.0407274410132155
-0.0661680980573286 -0.175898714750666 0.238703098715771 0.0497902914147244
0.056913065089149 -0.206261052710391 0.245304885070731 0.175160250118877
0.195348982920165 -0.107439883735589 0.0555828348068918 0.344703389470234
0.281063254989032 0.0835756641487579 -0.174069917061544 0.373535115245843
0.181411541061093 0.336537740203641 -0.311738943451318 0.263396843042947
-0.0264186266108136 0.475746712932482 -0.241403951107295 0.27590230375439
-0.128851031654302 0.440460036229901 -0.0582729458176396 0.0582495641260289
0.0842111415534826 0.346853052334601 0.272135140150485 -0.100971550366012
0.22923681640524 0.178421589922522 0.0783586765741023 -0.454006309381541
0.234456794532273 -0.0497285924239684 -0.336523916394573 -0.323682561816562
0.127558844971944 -0.200139019873134 -0.381581697243282 0.0667528983751312
-0.024775924811651 -0.216419971950315 -0.179577792485247 0.226421035055545
-0.0990950537830179 -0.143134552022506 -0.0225642387811638 0.177200702235002
-0.116925216773724 -0.117755665415399 0.0687368391857676 0.0756143603858237
-0.112166902566733 -0.133421800268126 0.12299896135635 -0.0146989446111275
-0.0930949234547234 -0.219250957755079 0.216029677923955 -0.0393158306247599
0.0450092631037961 -0.272567537648278 0.291615253005375 0.0551297228033706
0.221335385797725 -0.179115448421513 0.177142597202763 0.275156428930319
0.362305309763642 0.0599460708368265 -0.0594707232496334 0.375156072728926
0.235605493830643 0.387793694855965 -0.250781507685639 0.26901263566776
-0.0378313806758161 0.53783929479812 -0.181801524449303 0.153938107299021
-0.227036415425092 0.440952288761222 0.0327616822052671 -0.102071799949195
-0.00164434250868818 0.437443152761987 0.319404979118578 -0.144506525710658
0.231911669055927 0.29794163096656 0.194826999571979 -0.46892639317609
0.313412769241108 -0.00684585343121832 -0.207104494668955 -0.408501012350639
0.181057004936049 -0.223769106504741 -0.334414516062378 -0.0782061560524267
-0.0123217577306091 -0.263208521840212 -0.215613209089992 0.113200514166243
-0.116010710940042 -0.17632618799918 -0.0802918845306047 0.110820839805388
-0.13618048151847 -0.128753841413024 0.0153955569590286 0.0247697095203694
-0.12725218046072 -0.137474459196915 0.0680353577808219 -0.0686970798731968
-0.105201808395954 -0.228648566130021 0.173628714820459 -0.120522226441125
0.029918373671299 -0.29528488337425 0.298403393925969 -0.0614109049836915
0.215968824206026 -0.213855500401038 0.260461942875345 0.181691940518263
0.378866060374813 0.037382601829287 0.0329462085433651 0.339697381197278
0.239545734113852 0.385781488911038 -0.201168827000258 0.25005417969913
-0.0521515987859173 0.5162887365304 -0.127747786468222 0.0212884254999988
-0.269968770215304 0.359801203695713 0.143599235482924 -0.249851894898574
-0.0938508132376491 0.420877574851496 0.364034673008959 -0.183227839557948
0.160731544687893 0.343292564777232 0.293617732961726 -0.431709223073445
0.307516012658527 0.0462443217276873 -0.0495906280973464 -0.434169495086413
0.19672270014629 -0.194151029473682 -0.244200016280641 -0.209867330185507
0.00433639564822793 -0.257540344854901 -0.229891139430169 -0.0130552843539569
-0.110473677550824 -0.177910475037671 -0.136334599490883 0.0331861376165867
-0.132903542939161 -0.122262959765462 -0.0382181304242525 -0.0282953779145992
-0.126241252190194 -0.124613998126651 0.0127913642868607 -0.118363658175244
-0.099135050825712 -0.210045227720679 0.128132102129805 -0.184464006216094
0.0279060419025463 -0.275144624330203 0.282923588039541 -0.148803925013457
0.200525283581618 -0.200024867092589 0.301464131364859 0.100219995519172
0.337001606285332 0.0479818119216859 0.0889974395888546 0.289527392937418
0.179724207389215 0.354078595552334 -0.163951010077416 0.214747175163052
-0.0829797006189749 0.427669256197155 -0.0756034268689123 -0.10025288554491
-0.245164693699815 0.214320622125273 0.24011922588466 -0.359013033610283
-0.143426803652779 0.306083782865564 0.395826312015059 -0.205416080421081
0.0698383977698656 0.285628552170508 0.352369398881668 -0.365028411593539
0.227164754201158 0.0697491915138065 0.0828859664415086 -0.411324037249027
0.16112608932544 -0.133176372538097 -0.150072560527653 -0.297458959322112
0.0145714454421028 -0.202845838036671 -0.227641676924162 -0.118643109493071
-0.0870075361785326 -0.147204632256675 -0.18102357258455 -0.0385182468501308
-0.109043663493992 -0.0976246185394321 -0.0847741535640666 -0.0763388781673111
-0.108017123416683 -0.0983400988260403 -0.0325591078313776 -0.161508212713687
-0.0810946295379865 -0.170627567622259 0.0929251143386872 -0.232368315012346
0.0315456405157982 -0.224794496062379 0.266247699425482 -0.205133394689503
0.181327674450325 -0.152870449085504 0.32210910091245 0.0500021460230444
0.264858025718952 0.081466699979269 0.119351252888053 0.248428999338538
0.0847487407511441 0.300824781050465 -0.131935955376303 0.176998994615071
-0.123899498853013 0.288781409952026 -0.0200851868207208 -0.192150930943488
-0.165182039209502 0.0394908230925335 0.292016291060633 -0.413399075487859
-0.137694533119519 0.138846038536916 0.399100307941716 -0.211673724730202
-0.00208766903971935 0.161899343588026 0.366634033590085 -0.309109106935282
0.112005248204347 0.0556421651551678 0.153939462405504 -0.382585016603402
0.0890089386588275 -0.0609153817267503 -0.0951122080695239 -0.337370313478282
0.0151499572660021 -0.114927522102848 -0.223023544779668 -0.1825509033887
-0.050073900970126 -0.0914128816691302 -0.209168277270263 -0.0872989687257042
-0.0695693610723886 -0.0587786595518223 -0.116838975904956 -0.111177784490725
-0.0772692054935644 -0.061906417636483 -0.0613844677625357 -0.194003314323181
-0.0567600546779266 -0.114977250039957 0.0734328425200662 -0.26600304207196
0.0323973419612744 -0.156393048717758 0.259511811728362 -0.235503809505726
0.151312058761146 -0.0950517783957313 0.337226681135155 0.030556901569391
0.173402013661161 0.109778746841361 0.13368495558707 0.228505321014164
-0.0147053375052116 0.221984315609033 -0.106954640709559 0.146328634381796
-0.150470328341106 0.121102772906696 0.0387479775237372 -0.242534403864465
0.131679053007037 0.0432856486403841 -0.070746376320638 0.319568753239005
0.0557451414523918 -0.0964047415006335 0.191595196795437 -0.0522513230642478
-0.0640698179141847 -0.0798793977622702 -0.103185720035828 -0.262955699007617
-0.0645896440700371 0.0392384942626356 -0.37844490196693 -0.0833595351456169
-0.000937163127794866 0.049312091068452 -0.292213250461336 0.256538073768429
0.018245892095481 0.0368606255558028 -0.0587408342752755 0.314803027331087
0.0328603480475957 0.0188203114806902 0.0600727056200863 0.232042579154216
0.0167444565854126 0.00524649108609185 0.135422546372713 0.143143530366482
0.000537978896497309 0.00753525058172976 0.190751889706642 0.106077210245975
-0.0185046675944985 0.00538618967300701 0.211067102689193 0.165150027673882
-0.0126711138196159 -0.0102120534152442 0.0969515114800925 0.295940583653143
0.00491860953324688 -0.0239268353945125 -0.143648830417693 0.347193226399297
0.0534822677753478 -0.0446568954734139 -0.31022386402983 0.27519600491245
0.104714131269956 0.0305435216628394 -0.408044587431879 0.203702853984215
0.083863371218841 0.152127030792608 -0.322883862934865 0.391018459828333
0.0790888374663723 0.203668578983827 -0.10128190635338 0.279653494883607
0.104192795627556 0.0274028617436401 0.197810246945721 -0.0478459790464526
0.0383385184230947 -0.0388772912037547 -0.0779892226485796 -0.310100751765261
0.00737456265277666 -0.0119629684209967 -0.393875818444131 -0.127364810606193
0.0224742371202923 -0.0357318016229397 -0.326222535436286 0.23719378547457
-0.00598907480256463 -0.0419618914239609 -0.0844067565962438 0.316634672569373
-0.0151852547316365 -0.0319912682693865 0.0529275034062951 0.231423202035355
-0.0321425910275147 -0.0429953014328633 0.130296230061058 0.135069621637105
-0.0413820240874351 -0.0542918797545663 0.183029593170562 0.0826973944920322
-0.0372971676074544 -0.0922886800552785 0.22584514770971 0.120581231830488
0.038113361695046 -0.105661779482494 0.161331093512702 0.252210479366964
0.114571933183585 -0.0426222766688787 -0.0661361360534839 0.353358524355049
0.15473516975674 0.051834460611819 -0.257877211724891 0.316665181245271
0.117357048664385 0.201046475667878 -0.359196382963608 0.226607267618228
0.0114454159898199 0.326280082556145 -0.285888401138169 0.347721206881186
-0.0105378636541288 0.338882602991023 -0.0986076081169699 0.190555341248998
0.117447902608945 0.181072102644174 0.223280582369741 -0.0617318835094259
0.143842347438768 0.0471102164146576 -0.0183845085194035 -0.376324319188525
0.110650797109245 -0.0473166547569883 -0.384520025529384 -0.209847602104443
0.0633492021505387 -0.123982188079634 -0.35967542812134 0.175495972721987
-0.0231286036164894 -0.128061051524525 -0.124636197693922 0.286969017031108
-0.0606887332930731 -0.0866745174609186 0.0248204634718825 0.210833818042489
-0.0775656815766145 -0.0842234496312836 0.104882733090197 0.110576458206021
-0.0800812453705712 -0.100701454368746 0.156438175550393 0.0383844846343321
-0.0655585536099236 -0.167171803996252 0.225885159043303 0.0449568371892651
0.0520053406603884 -0.196816329031172 0.232938927018979 0.162874252231931
0.186566104216577 -0.10433536106412 0.0539521583243447 0.332183804962302
0.266096775049106 0.0779390946849622 -0.16699708476552 0.357643408351654
0.171856710444888 0.31909395806167 -0.299568852173383 0.251666118750642
-0.0244329858955242 0.454417071243699 -0.227632191062098 0.262583078407714
-0.118428816167864 0.41885750122144 -0.0529307202543827 0.0596807781171964
0.080683429233885 0.32864507759391 0.26214724555806 -0.0921346286814808
0.217460794478712 0.169171275448129 0.0745882575880552 -0.432717480788165
0.223493941198429 -0.0480442820313777 -0.322196317423852 -0.311984847944686
0.119170556408028 -0.191336518094539 -0.363148349021673 0.0639710816592097
-0.0265305154916292 -0.205280785536137 -0.170343888645497 0.21610941852876
-0.0950257958834505 -0.135344822792146 -0.020496562960941 0.168093579922505
-0.11117743287395 -0.111614023428434 0.0640712820296892 0.0714211434735772
-0.107693019332702 -0.126354112521335 0.113554199651993 -0.0135019911097531
-0.0916236817224301 -0.207607354522743 0.20387004525297 -0.0399821924014117
0.03881499295426 -0.260043687131641 0.275726344512562 0.0471232088353216
0.210286491768334 -0.171663957365596 0.169967742128601 0.263854000172018
0.34274681620973 0.0566289416377242 -0.0571010441082469 0.360698336501087
0.225285593104816 0.36839379755859 -0.238999199580494 0.257860665527632
-0.0342112217318065 0.512368785491135 -0.170649476112938 0.148459907576386
-0.21161226661549 0.419605927693288 0.032442762028112 -0.0932626958534835
0.00104030002169362 0.415596638117377 0.305829563018574 -0.133018729116172
0.220178116549478 0.282507538530156 0.184430214758777 -0.447523440783334
0.298293491598037 -0.00803837636991762 -0.197869500204864 -0.39020415696893
0.169782793364657 -0.214283690897346 -0.32031283018435 -0.0744358512846598
-0.0161858205960912 -0.249726965346382 -0.205644794408716 0.108699946290977
-0.111814296639103 -0.166198278097291 -0.0757529239842958 0.104798478396059
-0.128455766854951 -0.122119691196715 0.0134191391342849 0.0237251113291686
-0.122323107055863 -0.129886821399233 0.0618797560057841 -0.064939230233778
-0.102676806929184 -0.21691004695426 0.162742113641045 -0.116986255144894
0.0247043776701134 -0.28048070312382 0.281636297306356 -0.0640182061517005
0.203969158514512 -0.204959529144583 0.248824258077014 0.173838082968945
0.358170190114042 0.0342639301284612 0.0309948313752484 0.326756234771515
0.229282821636445 0.365521945054986 -0.191854516114022 0.241821304906548
-0.0494147076962424 0.493414923246104 -0.119727892071916 0.0209922950118753
-0.253965093540397 0.340740580677933 0.136092724774877 -0.234945372967559
-0.0871678592393302 0.400204579234089 0.347510886442326 -0.170544972916904
0.15280285312961 0.326239341186566 0.279657367382592 -0.411594627245675
0.293436784176007 0.0428581047032161 -0.0468216372474099 -0.415363025075902
0.185721911007777 -0.186580363492466 -0.2353085137285 -0.199017407587517
-0.000234686263678684 -0.244365326560687 -0.220222853803771 -0.00976477515658463
-0.106740910099256 -0.16883874595901 -0.129822349011267 0.0320744500621592
-0.125696178594095 -0.114780982478115 -0.0376342366307084 -0.0268027103120589
-0.119904047388775 -0.117851886747338 0.00996829788244434 -0.111966222732347
-0.096363646876631 -0.199604977162974 0.119781637594231 -0.177637105386436
0.0225973735760661 -0.261656632861834 0.266465982426335 -0.146935875285279
0.190701723074541 -0.190651046808305 0.288569140891334 0.0967156107538019
0.320002763556953 0.0443578862257843 0.0852445308553998 0.279657942738219
0.172577037076601 0.334456354500574 -0.155107675009478 0.208368432014269
-0.0787908550254518 0.407655246641276 -0.0719857434978061 -0.0949979596209633
-0.230240478759942 0.204764952988502 0.228786637388028 -0.340413315475938
-0.134942729937966 0.29183124859355 0.376238411457016 -0.192409547695208
0.0665869120370051 0.272591535969254 0.335441407079424 -0.346577898755095
0.217258576469879 0.0655956374582118 0.078918251260672 -0.39402697588694
0.15251992781765 -0.127473130076855 -0.146114903619079 -0.283788471232225
0.00963860217420261 -0.192573042806839 -0.220024260833565 -0.110822572198714
-0.0842170661188208 -0.139238862991413 -0.173616267127467 -0.0360433747443676
-0.102320799918486 -0.0912262153428524 -0.0817710727052972 -0.072013997660584
-0.102498678338361 -0.0920538967203323 -0.0331400766344327 -0.152947376210239
-0.0784538913534447 -0.16147590044413 0.0860576613568664 -0.222992340696912
0.0269982251636016 -0.213615134980104 0.250513172316251 -0.200069946199886
0.172568085257357 -0.147168366477934 0.306905727434569 0.0469620238877078
0.250481398343124 0.0763579758918652 0.113710297548842 0.240046505727338
0.0818944186261411 0.285117004915155 -0.124413166633073 0.170988223102531
-0.118637620871962 0.275408690407785 -0.0200888947693875 -0.182694707178125
-0.155205762315937 0.0376899643279492 0.27686751339689 -0.393660298529871
-0.128444492919693 0.132357633965966 0.380544012818828 -0.200993298351073
-0.00163693762351747 0.153879026441641 0.34957014455732 -0.294148496699591
0.107358156323294 0.0523983336057942 0.146863382110879 -0.366427031129931
0.0850015795749317 -0.0589517655258584 -0.0939826327642101 -0.321744904652526
0.0117393022775931 -0.109098172245912 -0.216007162609727 -0.17178365424243
-0.048712022117248 -0.0860145660674384 -0.200382035167781 -0.0815372862348466
-0.0645271716127266 -0.0551375046663691 -0.111807020963786 -0.105458108895352
-0.0726151740485477 -0.0569784658013924 -0.0594791446085329 -0.183876150813149
-0.0546959870811783 -0.108127401887859 0.0686804242085162 -0.255079592049636
0.0284021431731759 -0.148615638304008 0.245305500676486 -0.22770275702422
0.143412210345805 -0.0909847534805284 0.321192617679308 0.0286230346671809
0.164308615074496 0.10471476901167 0.12671774799295 0.219687718952651
-0.0127182359706524 0.210172043836892 -0.100453047589304 0.141429279637358
-0.144468295055693 0.115712839489248 0.0343091834653346 -0.231339917936381
0.122045621605291 0.0559886727645473 -0.115029820515533 0.313604043106654
0.0667710877142778 -0.0850772844038863 0.202991974536713 -0.0194405822434613
-0.0494798763640691 -0.0854588359664745 -0.0579756544102843 -0.274453101187196
-0.0666263410214201 0.0249035040681662 -0.357040437051586 -0.133534222372105
-0.0103934922039475 0.0452098313980216 -0.319201874495391 0.207659565424971
0.0138991389693495 0.0384821440913076 -0.104265763470701 0.300346187121781
0.0303019772660716 0.0228113141807719 0.0286353182103792 0.237816339278077
0.0160330992513946 0.00698269217164284 0.109645967923144 0.161095950710752
0.00023402008004851 0.00651313405977636 0.170224289668792 0.134617823568211
-0.0171826275637331 0.00149973534435701 0.180127511299397 0.193484619177383
-0.00643065090243586 -0.0105469518966045 0.047422540724386 0.305633427643642
0.0131707093988691 -0.0198914317150232 -0.196375370304417 0.320234051697689
0.0585796441165639 -0.0256515941668617 -0.348507140258396 0.217043878348168
0.0947489497762827 0.0529777452422809 -0.434593349399002 0.128915398619662
0.0602268076504303 0.166702473807302 -0.385328400869739 0.329672360417509
0.0512601131417154 0.206405562178599 -0.148937427983838 0.26201042496639
0.0950053470881958 0.0425167063646188 0.202110612303392 -0.0141937411986267
0.0439082689240511 -0.0310177267670086 -0.0316312007757565 -0.313173154024228
0.0112717949904084 -0.0114113889545532 -0.367673695697877 -0.17431533827874
0.0249038980411259 -0.0324843011390053 -0.349090433762344 0.188002068829891
0.00230226560313149 -0.0414139988154095 -0.125387526267648 0.300644538649375
-0.0086307756427888 -0.0338564214245608 0.0212464912312224 0.236008353890771
-0.0241289804500757 -0.0475805175070112 0.105253913010564 0.151930420037184
-0.0302724456853887 -0.0600357712180316 0.164624998455663 0.109671696576491
-0.0210802106396926 -0.0948968764327947 0.199797623348781 0.151135875956758
0.0567941498119187 -0.095453108456482 0.11597290537812 0.27126800070901
0.124043025235404 -0.0210517296972525 -0.122752800892468 0.339621873133117
0.143506598943278 0.0823274172208725 -0.304297804629471 0.266071339771564
0.0799637110785944 0.218346937578523 -0.387230333760103 0.158907594743135
-0.0390685434437599 0.323398846321056 -0.336986343963528 0.292864205667127
-0.0530793076819331 0.326171657784423 -0.139844045871104 0.165455239877292
0.0864508365395037 0.192748488953151 0.221931481994102 -0.02634702879437
0.13261510140738 0.0681704126590082 0.0282220383789873 -0.368148558179414
0.116309516785524 -0.0292059978206746 -0.349452149694227 -0.250991403999049
0.0786983275792912 -0.110748773775158 -0.373320594342834 0.126963296721981
-0.00238272155074226 -0.127695966157131 -0.159024775859794 0.268037989574018
-0.0453396518319705 -0.0943548647672199 -0.0029694737278679 0.213263957290497
-0.0617434919783079 -0.0945532422668773 0.084625809071182 0.123901266390868
-0.060310658425649 -0.110877734858388 0.144431874537663 0.0629397589290315
-0.0379495028932349 -0.171819850306916 0.209484415776117 0.0774718709819359
0.0823349164841038 -0.181563146007417 0.197724491562684 0.193635146835053
0.202905876181516 -0.0712696900296969 -0.00286619789643515 0.337126894292561
0.248296075835203 0.123270986548691 -0.220444369563997 0.319114392854
0.116370364497886 0.340199279243501 -0.328437149178049 0.191231065646689
-0.0945726556328097 0.442577366016672 -0.26447597531384 0.218657791988091
-0.169089291474799 0.390119259681589 -0.0800618609389139 0.032311323300967
0.0305025678401192 0.331302260842614 0.258719927973669 -0.0551794343507913
0.186268696371419 0.198541836919071 0.118873415141053 -0.410442178443027
0.225165881987584 -0.0115690688049992 -0.281117832202927 -0.338289521681938
0.143559256909486 -0.167206162416244 -0.365883107611926 0.0223277550277798
0.00441114174638543 -0.201620707944386 -0.191496935023089 0.194774766449271
-0.0719043797756581 -0.147264524507236 -0.0414823979638305 0.165903039067351
-0.0896531021924364 -0.125963562339538 0.0504266003223959 0.0791353336283473
-0.0842011070788004 -0.138780938903778 0.109690397113034 0.00602895444848175
-0.0571993701557947 -0.216322621193204 0.19879994220705 -0.00841124806698636
0.0787378714939537 -0.245738895425 0.256996960522999 0.0861020669792603
0.235881853333878 -0.134887390008538 0.121842157955863 0.289308852502635
0.326755842828157 0.110851708530938 -0.114440282587094 0.33997178843793
0.161975903332643 0.394625261631342 -0.269658417747623 0.206159711572179
-0.115607791927998 0.49564793086153 -0.187774698373475 0.113692297850459
-0.261576277257088 0.380743726472768 0.026638502466308 -0.113253604254742
-0.0611230011881676 0.404113107312922 0.304526844761223 -0.0953614176072263
0.171301727080379 0.309850584262815 0.223044574785174 -0.412992471038095
0.290594621432441 0.0397130850221597 -0.153215558352789 -0.399533177723112
0.197397559909498 -0.180754752759499 -0.307581941837449 -0.104609110430138
0.0206110390199251 -0.243450056258446 -0.210653825256145 0.0868707572282038
-0.0839404851304513 -0.179370335834918 -0.0874350363389088 0.0977945919833082
-0.10438473226628 -0.138376538508658 0.00873434737514507 0.0247440327361716
-0.0970719121311482 -0.144491786872805 0.0665921596219166 -0.0521768170354022
-0.0682378700022411 -0.226024545976299 0.170897619639858 -0.088132098555823
0.0663565174496272 -0.26860645934138 0.279095074078982 -0.0220113109257449
0.234062865162794 -0.168778785877729 0.212627266101246 0.213268393821558
0.345048682891634 0.0899177168092877 -0.0242165095154294 0.321843384965326
0.164954821600587 0.390891641745209 -0.219741937010789 0.19858844415253
-0.127175302354942 0.473729783242242 -0.117193688619654 -0.00351424105551062
-0.291557903918505 0.299670283845444 0.154209358218961 -0.23851097446831
-0.144106455065947 0.377113205630956 0.353648278863025 -0.128885073289499
0.100066175328552 0.343158773790302 0.309755328177743 -0.368684970137055
0.278921575799617 0.0891474881833183 -0.00360567288316636 -0.405864140907293
0.207929684543829 -0.150957843911879 -0.209045353359726 -0.216771564984389
0.0342034226554626 -0.234887673263148 -0.209360787104429 -0.031340212790826
-0.0796478202731878 -0.181172637488342 -0.130932041731409 0.018930093100645
-0.103061758263228 -0.131242346681562 -0.0326438392153783 -0.0322885769295381
-0.0973969719375021 -0.131708573560769 0.0237026534748175 -0.106241447167463
-0.0640423499145857 -0.208469977553024 0.138970553503293 -0.154430207200243
0.0601162668586045 -0.251964752500667 0.277614287058257 -0.106054513696752
0.217199588782003 -0.159229807885859 0.263554951436404 0.142464007952379
0.304891614789772 0.0930428475710074 0.0371274113775875 0.285074122885718
0.115941936180526 0.352293235911186 -0.177836205302667 0.173643334114467
-0.143846736025328 0.383869020627518 -0.0513017647245889 -0.109167601453541
-0.250795551940902 0.168851955328825 0.265075776735418 -0.322714048813408
-0.172965715663108 0.264832780023651 0.390208380792215 -0.146636276965796
0.0237234565719304 0.277723538126921 0.360794184690201 -0.29968440727435
0.201187081692849 0.0983379700838071 0.118942924443729 -0.370626397703245
0.167766263971523 -0.0994757679425363 -0.109724609706848 -0.288784401291056
0.0360005161972413 -0.18269673217643 -0.196740717371052 -0.132499220082167
-0.0621808881835916 -0.148454378514009 -0.16557095988317 -0.0541557112035066
-0.0845062216946581 -0.105046873795221 -0.0689422027326642 -0.0836548300605734
-0.0845458480380553 -0.104239435615638 -0.0114369881258097 -0.153343148679542
-0.0530469649196194 -0.169077992184526 0.114113158168963 -0.204163042267147
0.0576426341618609 -0.205381107087512 0.270880736066501 -0.16004321004265
0.19213158189647 -0.119238823658307 0.291296538693621 0.0957017114008882
0.2340366201359 0.113673719129482 0.0726286728938462 0.251309522203268
0.0353974770611929 0.289443388683253 -0.141989106496074 0.143764170949418
-0.161938771919407 0.24754152894769 0.0129655588652884 -0.186268325698566
-0.155171712408774 0.0175004205789219 0.32813754778654 -0.358447480973937
-0.143103862045623 0.110951554030623 0.401472130134277 -0.149850212418161
-0.025467830708943 0.151840603474559 0.375546903256026 -0.2449042566282
0.096782708029645 0.0684880718093203 0.186160584402368 -0.33677461531748
0.0919333670523227 -0.0440564233212782 -0.051219124998851 -0.322924790337712
0.0252884489709582 -0.101879769099061 -0.186654860130723 -0.194773664635297
-0.0367252227868163 -0.0914087272773403 -0.186235402249436 -0.103217003582411
-0.0535116662373796 -0.0638227522709085 -0.0940062740571205 -0.12106159643092
-0.0614928608620902 -0.0654268286965946 -0.0326931803055012 -0.1878317168645
-0.0375025404766599 -0.113871413047441 0.102970933057551 -0.238859960151233
0.048697246377908 -0.1427757855535 0.271739241114611 -0.187032626205325
0.155256019641529 -0.0696359092274805 0.309467614998545 0.078615713650558
0.146955083134051 0.126837461440591 0.0883698714588776 0.233926035464913
-0.0440537957547446 0.202450563496966 -0.114986497223743 0.121358896810772
-0.162132983544729 0.0878346293740932 0.0727680031123859 -0.223727497220324
0.124400144712567 0.0558347384822766 -0.111505329479126 0.321983473852419
0.0671619530939041 -0.0873697856461852 0.211514936920309 -0.0207159938685622
-0.0498408151724563 -0.0865435085298112 -0.0586869877624964 -0.280344586876732
-0.0674068062813988 0.0252248530760204 -0.366868194091156 -0.134522179324978
-0.0103173814597525 0.0452134300453191 -0.324969375914182 0.212785475395306
0.0157749575949574 0.0395096747001198 -0.102026676484319 0.305867640602442
0.030325319424744 0.0220483366276985 0.0299625132719465 0.243429348313402
0.0160432867422974 0.00588787317752731 0.113196523686554 0.165081434975962
-0.000119086175149477 0.00647085680459995 0.174594440701941 0.136887106155052
-0.0179044284466889 0.00201700209599199 0.183372865079976 0.196150321963956
-0.0052789185289856 -0.0111838674634104 0.0490521848289286 0.312796776214893
0.0143914283898068 -0.0205990556452585 -0.19950512449943 0.329429180350308
0.0589031333475163 -0.0250538403840786 -0.354730010918059 0.219551864385491
0.0949283596547316 0.0550943665353351 -0.445344071422805 0.130112001846606
0.0623739772842779 0.168828149306918 -0.390114030481953 0.336493570773399
0.0531735075891705 0.207623967942852 -0.145566224791982 0.270731734721723
0.0961328962776209 0.0421339638691526 0.210857544895589 -0.013869767828031
0.0436732309501126 -0.0309687735258926 -0.0319459553999273 -0.319922855541311
0.0113694456644223 -0.0119673733974997 -0.375307555709668 -0.177856301549812
0.0249763808764175 -0.0348196466886208 -0.354443873005756 0.192100597644055
0.00243428055309497 -0.0418101379843701 -0.124759050947216 0.306768458849477
-0.00945153141687955 -0.0351980125341771 0.0231169617911954 0.24119829937699
-0.0247740325063902 -0.0490656860390565 0.108028158792776 0.155660655640173
-0.0319603981110108 -0.0614526422755682 0.168402590717339 0.111800769225232
-0.023540818833512 -0.0970544449554502 0.202948483969222 0.152445813414689
0.0566153456466324 -0.0980111544125949 0.118102777259135 0.274858313718541
0.126888692875108 -0.0227118321154463 -0.124074428060406 0.348439688645717
0.144441361455678 0.0842066345808604 -0.310131197544105 0.269852125224896
0.0810130557828503 0.222708544686055 -0.395689302953355 0.161788010270803
-0.038819740780878 0.330203327359817 -0.342278402065617 0.299244103967725
-0.0525375826122555 0.330058636343176 -0.138173423104577 0.172741782458492
0.0873875336075073 0.194475776583983 0.231720041979785 -0.0231920227710753
0.134693980866715 0.0693050068772989 0.0287895271182349 -0.376293570905177
0.119003188656491 -0.0300826875158216 -0.357798596007831 -0.256099914446839
0.0787027349365915 -0.11458742178442 -0.379966142711299 0.131048407089739
-0.00470562798272523 -0.12917836191442 -0.159235012763514 0.274188599287376
-0.047396812090123 -0.0960097096447441 -0.00157890585244066 0.216652762733767
-0.0628382686529511 -0.0964675816343579 0.086386844213449 0.126118901087447
-0.0631666397178536 -0.112147216067066 0.146341100346236 0.0651736968675325
-0.0417252188390652 -0.175264987461425 0.212523020727764 0.0774367583982279
0.0818105050525127 -0.186191812326049 0.200824194358522 0.194183432960153
0.20680914902289 -0.0733299700444855 -0.00144315378096376 0.34609691163543
0.251463989626933 0.125175097129631 -0.225167905528342 0.327576544420108
0.118617917900724 0.3455897813188 -0.335388409032735 0.195273027030103
-0.096041850099346 0.452428708100594 -0.266557702517629 0.224105127827234
-0.169304103449564 0.395874605194403 -0.0783164055415993 0.037519105423594
0.0307548587961368 0.336858602739122 0.267750342080094 -0.0522207421223067
0.189468541151703 0.201370076385643 0.121731300677954 -0.419761252020226
0.22964728329764 -0.013241277807298 -0.28714191721993 -0.345824934168664
0.144053240967071 -0.171950157901012 -0.372548872217357 0.0235705305726311
0.000998016463099653 -0.204577858568077 -0.193744007694801 0.200041473609439
-0.0748433637656466 -0.149339744437552 -0.0408925268872446 0.169049300350269
-0.0914174108796746 -0.128329368804343 0.0510027178780209 0.0812427228479234
-0.0870677650106632 -0.141069440079018 0.110146056737372 0.00729771934421355
-0.0628889569420172 -0.21973905525295 0.201018010770956 -0.0105393050314435
0.0762581408137265 -0.250780980525957 0.259122999719236 0.0834292229995774
0.239085061339807 -0.139085733814934 0.12525344100935 0.296536560149436
0.331542656933342 0.111270550465934 -0.116185968643636 0.350165630849628
0.165227512418907 0.400165376276138 -0.274556135220627 0.212457017953432
-0.115300306865079 0.507792398319145 -0.189486835128054 0.117048051551719
-0.26268882256553 0.385436620512769 0.0283456490592278 -0.110404912178841
-0.0600186397659554 0.410824606380032 0.313174861435057 -0.0909636444504996
0.175912756371865 0.316160000279694 0.228047103505384 -0.422421201088617
0.296971133719856 0.0379237247574308 -0.155950421549769 -0.408331235774158
0.19781330648419 -0.186571457194642 -0.314386347131168 -0.106042989401197
0.0159237229726125 -0.246044687754474 -0.213598660778937 0.0902966174007895
-0.0878581098931692 -0.181968706117325 -0.088643015436194 0.0992389151353439
-0.106069899979546 -0.140939752488592 0.00876966257502838 0.0251926017156438
-0.0998516640995077 -0.145550133176968 0.0664460207823065 -0.0519179676551968
-0.0726343761323697 -0.230546329023493 0.172000155335644 -0.0921041339831555
0.063799351830794 -0.274648053785953 0.280584136763873 -0.0268681682852156
0.236799782797268 -0.173925563567891 0.218182737724747 0.218541525008839
0.349290865263444 0.0902106914002003 -0.023151835896206 0.331872070496753
0.169813446314104 0.396354449983268 -0.222594193402228 0.204808434921307
-0.127317033675666 0.484160980832504 -0.118182774392647 -0.00293125215846483
-0.295461468793723 0.303314358238663 0.157168286032277 -0.239176204050957
-0.143469500365196 0.383167190520653 0.361264356005007 -0.125393891614761
0.102314787067664 0.350169269565894 0.315949551198226 -0.375743651463217
0.284916764317251 0.0873384045673963 -0.0035901719539348 -0.414894492749141
0.210494536614049 -0.156382323939985 -0.214954252441117 -0.220680912372759
0.0304393920185598 -0.237812159208695 -0.213974007421574 -0.0299151916189385
-0.0843007197495073 -0.183455499174802 -0.13369923381129 0.019628810860003
-0.103718804326876 -0.133042356906451 -0.0347523217228795 -0.0326308828893975
-0.0984710535632914 -0.132335327387721 0.0211923218600953 -0.106486939879076
-0.0687195959761945 -0.212081642450927 0.139087793952845 -0.158709354695809
0.0581998205549288 -0.256810849517599 0.279023178230206 -0.113079808432282
0.219679643747695 -0.164236978366674 0.269975988477206 0.14537002599073
0.309878153993505 0.0946154810814861 0.0385804555966053 0.294149738186837
0.118874749114088 0.357639842311754 -0.179062600098605 0.179437793808133
-0.145264274563122 0.394066856999143 -0.0522494461974315 -0.112109024985954
-0.252607105983087 0.171409928838738 0.269599153569735 -0.32674530213542
-0.173719716085512 0.268611214651282 0.398204705316541 -0.145025010712094
0.0248137278147961 0.2842080889947 0.367554808356742 -0.303814963388203
0.206144849394717 0.0991749422293496 0.121792095795408 -0.379093808931856
0.170139619009805 -0.103627245720285 -0.114173126059019 -0.293725708295353
0.032137158842629 -0.185131997193234 -0.201871907603396 -0.13226166463966
-0.0660667785008866 -0.15070289577884 -0.169198104916213 -0.0532307030226888
-0.0845997803828907 -0.106687250994503 -0.0717347733403889 -0.085620249817713
-0.0845269195258792 -0.104531994457981 -0.0136049225618304 -0.154720933888329
-0.0552030379044394 -0.171677673265098 0.114166472474828 -0.209396028245702
0.0556454319683209 -0.209857026798336 0.273230320132063 -0.166680712240653
0.194277693861096 -0.123231209302345 0.297925696219782 0.0971115152073417
0.237203265925657 0.115859410831084 0.0745126277218221 0.258920573344581
0.0379611251149286 0.294193603852645 -0.14303413571132 0.148127099016191
-0.164105838626069 0.254429268712452 0.011530411865065 -0.189616843301862
-0.156638805075289 0.0180501589917505 0.333155674439739 -0.365248267086748
-0.142617818212564 0.11257495545812 0.407290119752484 -0.151002136913852
-0.0249273068902428 0.154875315799352 0.382728764682797 -0.248444290239806
0.0987939300699017 0.0681029557983915 0.190488401705115 -0.344454390217657
0.0932109437780746 -0.0457513754191019 -0.0547132055667279 -0.32890652569421
0.0227881447800445 -0.102337702996962 -0.193534741062161 -0.195624668367027
-0.0382339970562553 -0.0914234205063761 -0.190963889142403 -0.10330788611217
-0.0530061900785161 -0.0647306394876702 -0.0969365787114823 -0.122978570585285
-0.0610497802233601 -0.0652720119672731 -0.0351978266909895 -0.190263179341065
-0.0388853486236242 -0.114809497357562 0.10287667520934 -0.245656817253148
0.0481349315161834 -0.145340000822112 0.27414650489977 -0.1933861678907
0.156772064357782 -0.0733026433167105 0.315124790116789 0.0792760165727813
0.14936118893503 0.129392120616741 0.0903256538292121 0.241649043778897
-0.0435108273664062 0.205273796050239 -0.116273080328487 0.124465551878018
-0.164814069023928 0.0904289929514734 0.0705460329218799 -0.227420616395726
0.12901874247585 0.05108496853331 -0.0952318562168697 0.335168945600634
0.0648199089369854 -0.0921938998711158 0.221203404432936 -0.0307579283105905
-0.0544438933932473 -0.0865339734145429 -0.0693143569964674 -0.286361072496156
-0.0672502333700291 0.0283084349308478 -0.384659031416218 -0.123128954292482
-0.0089671457592566 0.0455938400017939 -0.325372720529675 0.231398335406897
0.0189144985433133 0.0398407098209739 -0.091000162254316 0.31730668363825
0.0316893604573119 0.0205345615668516 0.043155804648942 0.249851037469592
0.0163332225155424 0.00421734054998863 0.123779821201234 0.165643978482776
-0.000714608311778016 0.00635570607065243 0.186473646259875 0.133038335356379
-0.0185033222375748 0.00289095386546202 0.196199533994042 0.19288752163504
-0.0052121400060531 -0.0121298492636923 0.0636990515676185 0.319126399990636
0.0135232947573253 -0.0223920182815655 -0.191700839575202 0.347041921083973
0.0583270915962982 -0.026774167497508 -0.356259158779045 0.236801130211091
0.0975295533297618 0.0534738861504653 -0.454034345708565 0.149142425041518
0.0702695080138279 0.169800509101681 -0.386510608645695 0.358152310062552
0.0629951636045235 0.208863729346699 -0.132223075899767 0.28517588268632
0.0997107088802835 0.0388556068773266 0.221528570694983 -0.021786163176787
0.0434759736439779 -0.0338447076542986 -0.0434790902350041 -0.32805188546778
0.0119120183360098 -0.0134155256047348 -0.394973748272246 -0.167175075719496
0.0232801391660318 -0.0376958763047104 -0.35698554617846 0.211468030897507
0.000456471774264089 -0.0425754294698053 -0.113722727839716 0.319174299734865
-0.0120012931402042 -0.0357150182256226 0.0345163321433746 0.247082260615413
-0.0282444594964867 -0.050309414230142 0.117197182623871 0.155507912779328
-0.0367902724791322 -0.0620223022568861 0.177380791245736 0.107804681773195
-0.0302330104273268 -0.098461974947479 0.213934374844292 0.147512810815157
0.054641032058376 -0.103106395488659 0.131933122226745 0.27728991368319
0.129148812281049 -0.0293060657940115 -0.113184540357529 0.364019231092389
0.150192606538158 0.0823544549614588 -0.307116070938818 0.289692279205651
0.0892383068039273 0.22550769411302 -0.401748562341774 0.180620095291133
-0.0265844766107771 0.340511142230711 -0.336903117990528 0.320823972742995
-0.0391242046946414 0.337919602581127 -0.129455481006193 0.186230170418374
0.0972809536523142 0.195199458022495 0.242608405083231 -0.0312151282748363
0.140031574230043 0.0656835765736752 0.0153981050372656 -0.387938937889837
0.120745123578805 -0.0366863063055859 -0.376731945585634 -0.249156598524579
0.073663421387552 -0.122153860074905 -0.384740593989282 0.14869674537963
-0.0111753034489824 -0.13138785492248 -0.149950010053927 0.287433783379264
-0.0529986078161823 -0.0961368629987663 0.00751055737030097 0.222444896167767
-0.0689793427589202 -0.096648123524224 0.0936567629369888 0.126716500721227
-0.0701757708720807 -0.112604493114213 0.151883358610252 0.0621599162130712
-0.0530441128939594 -0.177354849535149 0.219764083738449 0.0693220920121669
0.0749344010154539 -0.194784416255065 0.211461995205426 0.189552482912215
0.208902293318052 -0.086131052835749 0.0131755765452986 0.357351616808242
0.261473945660053 0.119306033871961 -0.216225434146529 0.346231153720836
0.134678301181087 0.350122423709117 -0.338040419610543 0.214420538682854
-0.0795791167640082 0.467998707334455 -0.261722117055778 0.240549625520647
-0.156949701193851 0.409405390249301 -0.0747928618232609 0.0457521919408212
0.0462585189650943 0.341407688416284 0.277861804673753 -0.0593983454094024
0.201237361494802 0.199719044338315 0.108513398235263 -0.435937557913568
0.235242183288426 -0.0244104940272009 -0.30810390318153 -0.343433376003924
0.138097479151578 -0.18432931498438 -0.381295607949726 0.0402722450674862
-0.00994510202411091 -0.208307711967564 -0.18854164304789 0.212959974517081
-0.0842323536557713 -0.148460004426805 -0.0352379450077692 0.174637731407617
-0.098617175236636 -0.128216052306816 0.0553004522330319 0.0811464604860755
-0.0955411966950081 -0.140550025159402 0.112245813008773 0.00472273460447837
-0.0765116577227014 -0.222455177524293 0.203497611997057 -0.0196767467037029
0.0660907317943339 -0.26130569033837 0.265928064314168 0.0723054809260878
0.238441460542165 -0.154697028784673 0.141402558234467 0.30136404112644
0.341592973649519 0.100996281428381 -0.10426648810955 0.367241055761709
0.185548367139588 0.402704337191394 -0.27282401210228 0.229878597606571
-0.0963160687319738 0.525728402413126 -0.18701871575184 0.127492735551492
-0.253893399716239 0.401893426384588 0.0272695741377224 -0.109509033261736
-0.0442405801188627 0.421669513700673 0.322079324397504 -0.100448835660437
0.192100732632954 0.317102493788225 0.217393850907369 -0.440978784999826
0.306645798779071 0.0253068742430964 -0.176197284627821 -0.413237494754354
0.193844516373638 -0.201360310851682 -0.327088600002553 -0.0953012527919857
0.00285805975922848 -0.251024139240058 -0.215089699854956 0.102253663192315
-0.0992319474553753 -0.18143346481134 -0.0863568220182598 0.105030365555199
-0.113774118021296 -0.140439301606443 0.00891425323490926 0.0261914745751843
-0.108263811681484 -0.145198466196935 0.0636029426877349 -0.0540191914465253
-0.0876317891785726 -0.232949808939375 0.170688074714211 -0.101963810328899
0.0517193166109996 -0.284201738468959 0.283396550661244 -0.0434977995930949
0.233579567000857 -0.189915120534567 0.233261186840742 0.216302150371807
0.359979439597366 0.0785935426384804 -0.00872020567922378 0.345060184636261
0.190608878869656 0.399895486735072 -0.218220840303915 0.219769842931475
-0.109196597557572 0.504092323260679 -0.119209362565408 0.00157369421290187
-0.288563976169866 0.320271142490054 0.152062819091482 -0.247649891427304
-0.129616908323154 0.396870345794724 0.368338025773436 -0.137576416170577
0.120211069287582 0.35543170362708 0.309468323276865 -0.397289807172069
0.296151966006503 0.0769132085704813 -0.0200797413951963 -0.425280255184167
0.207140681087773 -0.170188432592436 -0.228964120826828 -0.217222984880314
0.0169477064934133 -0.243774338154942 -0.220228505669591 -0.0206052417734106
-0.095119096950636 -0.182862249343377 -0.136089498301974 0.0265315922091771
-0.110694643733235 -0.132260490387468 -0.0376788800119651 -0.0317436367712256
-0.105286359602814 -0.131148975516177 0.0164354111054646 -0.108939487422713
-0.0819053853602787 -0.214080499407928 0.133352439739142 -0.169706511854162
0.0465936022555779 -0.265852354147167 0.277369776486932 -0.12993776743305
0.216889008025602 -0.178465030297338 0.284019347217878 0.138888676814647
0.319556657070529 0.0853993723700684 0.0531335043716952 0.304129423597073
0.138336355073375 0.36056633111556 -0.174859005779015 0.191620071995091
-0.131800761846743 0.410471667050301 -0.057381109236876 -0.112677458651596
-0.251775846305974 0.184123588821114 0.263635751717165 -0.342475941132851
-0.165291736967148 0.281298040125561 0.40448238302585 -0.159286601887954
0.0372120913401661 0.290871788842736 0.365341943569488 -0.326727083245555
0.215973995682388 0.0913425147879888 0.111469089334565 -0.394085889879252
0.16855976400576 -0.11434792196608 -0.128570230052282 -0.29639294890699
0.0223731649905223 -0.18848371564068 -0.213518630694269 -0.125545940333871
-0.0757338201956268 -0.149890665996521 -0.17612322410439 -0.0463735356523262
-0.0895461100992868 -0.106194088845315 -0.0782521171197572 -0.0850021747086134
-0.0898178319427357 -0.102636086003443 -0.0215533372526081 -0.156655664604735
-0.0659371365949228 -0.173290218853185 0.105729044020475 -0.220825747253903
0.0462915247090566 -0.217550052907066 0.269780141622782 -0.185312093856346
0.1929470877409 -0.135181113513686 0.309281608222135 0.0876159072660287
0.247156407611726 0.110229574334934 0.0875374161923941 0.266623560121816
0.0512328066560371 0.298948720906343 -0.139623668670644 0.158538162036603
-0.156998302085904 0.268707380282338 0.00337926476966793 -0.194798232896712
-0.158263022030172 0.0230555832594726 0.327016715208251 -0.38393955127049
-0.139343873141221 0.119334700253242 0.412272771634049 -0.167581345227907
-0.0193512418010726 0.159912326849678 0.383991712141411 -0.269994567269657
0.104239100492527 0.0652262640417273 0.183006833067017 -0.361386080663635
0.0927977901883729 -0.0519715578893001 -0.0705499363315182 -0.335516564943
0.0171633680094703 -0.104272551252094 -0.20819075004593 -0.190800215976076
-0.0446763363554175 -0.0915951833549517 -0.202193905539352 -0.0965893952950642
-0.0552385436931987 -0.0641725522258239 -0.106335603511912 -0.122739738123861
-0.0634663207715394 -0.0625176073964839 -0.0453762775782688 -0.192758054357168
-0.0449191741756783 -0.115524278872909 0.0929830502404101 -0.257111206813455
0.040893108603774 -0.151162596266435 0.270797788589423 -0.2122782936788
0.156403550115036 -0.0824748093562533 0.327816890790509 0.0691747985418705
0.158490824843312 0.127774058510575 0.102620271286437 0.24732147798978
-0.0356240608931186 0.211665565599632 -0.113646793500188 0.132232535463936
-0.165258932661373 0.100309638886065 0.0613873334795637 -0.235974461800773
0.131539872993232 0.0415163034870125 -0.067343152292362 0.339692496162221
0.0573866119204935 -0.096608428698713 0.223381359959605 -0.0476444472496033
-0.0600421906268475 -0.0828146107410363 -0.0851588421845929 -0.282249259145557
-0.0652359133507854 0.0322293179295498 -0.393657329675915 -0.0964868680627599
-0.00609595504570398 0.0453053109064834 -0.310551454056933 0.253791597324397
0.0230255020188437 0.0376116176037863 -0.0682400258037322 0.322005222604331
0.0333838636295491 0.0178289923696272 0.0602746623441278 0.247531801406418
0.0154064645155295 0.00216917093799857 0.136350752304641 0.158355241619008
-0.0010924367070189 0.00597208517924652 0.1959487933202 0.120398296011679
-0.0189011276252586 0.00411987229499732 0.209416071151654 0.178796121764009
-0.00535610089327745 -0.012542123928769 0.0840811094690984 0.316475580814865
0.012663860545911 -0.0229962730390247 -0.169071210691743 0.359437583800575
0.0563565765540688 -0.028880262362243 -0.341063382666235 0.25671376945511
0.0989678553102826 0.0489761945688571 -0.445635171618119 0.177030702846856
0.0803488707910732 0.164691705265094 -0.362396535567999 0.37901348854668
0.0760176635038207 0.202072188520924 -0.107273455228575 0.293910702571183
0.100942753248917 0.0315154806354061 0.225348467978086 -0.0365301070381067
0.0408332967001289 -0.0365567987790386 -0.0630628290715384 -0.324934246151733
0.0107957109784774 -0.0142221688632559 -0.406729901051997 -0.140851845054001
0.0187695256820976 -0.0400056779723739 -0.341927477267066 0.234774070581919
-0.00232025179099899 -0.0423214839336627 -0.0910806215414142 0.325199203580133
-0.0139150528671767 -0.035369367590976 0.0510422314759231 0.244604595304573
-0.0321484335082215 -0.0494184461939839 0.128816302995657 0.1483580058802
-0.0417139239050335 -0.0593332785237455 0.18567060580647 0.0967752751951686
-0.0377911636439764 -0.095763187475854 0.222598213649174 0.132309087745556
0.0462296536984816 -0.107759056419021 0.148638950518851 0.268640163268917
0.126746926892082 -0.0390773651271364 -0.0887392968527593 0.372563237513227
0.154637266909633 0.0738712186389878 -0.28779162344483 0.308002656630767
0.102485848432421 0.221698745708204 -0.390657440018016 0.204995063858279
-0.00404311810516822 0.341857831519599 -0.31397016194989 0.339049719363162
-0.0174091921719568 0.337164104254858 -0.111138715855095 0.196525789743147
0.108513103671323 0.186590231015928 0.246619519326308 -0.0450238931443748
0.14340572350251 0.0565268939337564 -0.00700495293846406 -0.389051703027699
0.117587155754282 -0.0449388575207596 -0.394529392833325 -0.224624304996202
0.0636147780147278 -0.12743104996008 -0.373827561205375 0.174448213429898
-0.0209686862491324 -0.129235288090207 -0.128790043420601 0.295770882993706
-0.0595819269416018 -0.0914976923942482 0.0224927245430377 0.221095609730476
-0.0755974551561035 -0.0923308215643405 0.10193559903679 0.120969251047082
-0.0788988226197547 -0.10729710201127 0.156210332212284 0.0524977115996765
-0.0668212989901809 -0.172701457346324 0.222657457460384 0.0540488278449709
0.0601235846888377 -0.200339815498049 0.221685984724335 0.174205621792604
0.201906432761755 -0.100323648663468 0.0378492339138053 0.356797398531947
0.267289990929836 0.103013498997303 -0.193556664670073 0.36099797738946
0.155762485032648 0.340272703060356 -0.322512233280662 0.23541839698381
-0.0448354847211009 0.47442248525919 -0.244959920172839 0.254945120163028
-0.130273886272139 0.415500960585638 -0.0674401200145774 0.0545132417577888
0.0682335298031797 0.335691814891015 0.280272358273126 -0.0733341481565527
0.213688977303139 0.185673370833849 0.0825870445098136 -0.443243715743659
0.232179240884448 -0.0398482826401005 -0.330082871489687 -0.324366131699254
0.123139819738422 -0.193966706088746 -0.377859032538201 0.0654474377119683
-0.0254021023755372 -0.205245342931014 -0.172723501952586 0.224966367583925
-0.0943895899061476 -0.141809440961977 -0.0234833548785991 0.175247989266586
-0.106627455162635 -0.122052819871745 0.0610687798308072 0.0785239338807029
-0.105279381781001 -0.133587912639705 0.111918298752684 -0.00124106626860982
-0.0940339763382159 -0.21618333812991 0.200715165578824 -0.0329580706157218
0.0455720812074638 -0.265187653810543 0.266616290978283 0.0530478408952114
0.226331573176958 -0.170452918764798 0.16185561693156 0.293030999987815
0.346758432609321 0.080462470727066 -0.078642349261954 0.374958829866454
0.209986873126078 0.389829510960895 -0.255210731384298 0.24697167836106
-0.0582900345987575 0.532350344591053 -0.175852382199108 0.137767201819236
-0.225829939953529 0.41591987321167 0.0226280784091907 -0.107850415929371
-0.0166004177712807 0.422229566017749 0.320636655870906 -0.115662560936008
0.212834177570184 0.304840019241921 0.190228847680289 -0.453603364737312
0.307050823837898 0.00404472062980322 -0.201941766253347 -0.402086302609581
0.177607728998205 -0.214470633489363 -0.332055335781674 -0.0734361738018627
-0.0157792971580632 -0.248457857245986 -0.206403857515602 0.116799474690613
-0.111664503726372 -0.172272074919536 -0.0795173588393631 0.110597357353592
-0.122234263404665 -0.132669889722964 0.0104333323553522 0.0258612196425206
-0.117010405094022 -0.137401699511093 0.0600041432056568 -0.0564128817545351
-0.105946195691945 -0.225773362263583 0.16134343584366 -0.113401597329493
0.0295589563921531 -0.286881856465722 0.275366885338197 -0.0639262676735844
0.217965419360896 -0.205871087257713 0.247960241500987 0.202094359674176
0.363668002408708 0.0562852721308273 0.0162962563266513 0.348122759261417
0.217021650050748 0.386029345751609 -0.201260737042478 0.234870801632367
-0.0719543558645807 0.51130742790382 -0.117470381872757 0.00786632398739207
-0.267250603514633 0.33498555203858 0.136889757918787 -0.253303499601085
-0.103236200348214 0.402013631901391 0.362820141717427 -0.155644280207151
0.141943622253524 0.347196151693213 0.28446847255095 -0.415046546826821
0.300006355701205 0.0555922719048727 -0.045502836480358 -0.424609537911957
0.194132490486001 -0.185269973930842 -0.242648257430147 -0.201055228714501
-0.000850448168585911 -0.240956174628694 -0.221481062224833 -0.00532047151844668
-0.108732814269678 -0.173865623974508 -0.133753363231067 0.0353926791044383
-0.117737498044211 -0.126223719423719 -0.0409943706380315 -0.0293768187726141
-0.112157386769486 -0.122803317572619 0.0082095364172765 -0.108148366221479
-0.0982525670746457 -0.207141531788236 0.120202786425404 -0.177905825734924
0.0260889668671991 -0.269158461900414 0.263259586832502 -0.150299547693366
0.201573805022001 -0.19264871080641 0.293415740986305 0.120327374191939
0.324389896600558 0.065586619028088 0.0752510710944119 0.302882307694115
0.162244351896699 0.349569113366393 -0.160005758054382 0.202829860825188
-0.103053824202026 0.419086363658951 -0.0641448677665064 -0.108911272366605
-0.238314441063419 0.197312211338565 0.241596233189303 -0.354788497429827
-0.145028682439252 0.289014266480343 0.395253204292975 -0.180199577650043
0.0571496849218973 0.288779527583117 0.343819228373251 -0.348044627226667
0.221068137870132 0.075155312761769 0.0875615692630534 -0.400505089858607
0.159258479023111 -0.127267166513184 -0.148044866392724 -0.287715937265115
0.00748405529975303 -0.187760020848654 -0.221147946766832 -0.10982448853171
-0.0868969998298849 -0.14227235127217 -0.178676014932141 -0.0331820052940828
-0.0951454750045041 -0.100578903322115 -0.0849041183128089 -0.0789781010808516
-0.0941300270446383 -0.0960009162804897 -0.0326803760398097 -0.152995222844005
-0.0787326312877035 -0.167199883416684 0.0892778984367699 -0.227635384516704
0.0292907200781622 -0.220186410831662 0.252577281560607 -0.204440758773359
0.181456354758079 -0.148445218099246 0.315935685187952 0.0686071069153803
0.253689634838472 0.0945452342931884 0.107210585661456 0.263425457796695
0.0707373878024645 0.294852859257702 -0.126726886762882 0.166081308886617
-0.136921128335568 0.278488668375519 -0.0106762182905879 -0.19414762969932
-0.154731768072518 0.0308802004629082 0.301166633580904 -0.402123089626463
-0.128501772491853 0.126425813334721 0.40092405480191 -0.189684664798468
-0.00812438438175728 0.16138746700638 0.365813741310092 -0.292614555262636
0.108084341112365 0.0569358949527762 0.161437937998341 -0.373218145541444
0.0884887664280705 -0.0588236903115225 -0.0915656601232185 -0.330184035097228
0.00842178344992333 -0.102648699038678 -0.220930708089284 -0.175367571550793
-0.0517373278707857 -0.0866201188263076 -0.208347393609347 -0.0809903913866449
-0.0578527753253879 -0.0612259910624294 -0.116056727308132 -0.115481229305337
-0.0649539856033507 -0.0583077199739486 -0.0591617762824813 -0.188070432574362
-0.0533576359615561 -0.110615302220464 0.074079980482258 -0.262235971508623
0.0291454020524847 -0.153223510267314 0.253050735416633 -0.231006068651481
0.148844688895139 -0.0926196856819173 0.331828262323215 0.0471170873506534
0.166725422801649 0.116945026321561 0.120288821833245 0.242968816604877
-0.0216990194963677 0.212710647649346 -0.104484242427861 0.138886194211673
-0.157521377500578 0.111371668582347 0.0426642159968182 -0.23806875310546
0.127577277654025 0.0310206740450059 -0.040166496503941 0.328957659801261
0.04814958191489 -0.0960103472359323 0.216048511358174 -0.0609271163379414
-0.0629621963696994 -0.0765526229593159 -0.0954215909498899 -0.268622004406432
-0.060774869001134 0.0350471311150707 -0.384156114507759 -0.0685880773738053
-0.00379793538756995 0.0431485358236321 -0.283448373591304 0.263995496346593
0.0254626665548086 0.0334917603718369 -0.0462496180492604 0.312692959265084
0.0330824500978517 0.0137663889902022 0.0738404135694711 0.234990841563721
0.0140055233528813 0.000368992639133466 0.14244812787388 0.144634585787158
-0.00110831247878353 0.00531623814386507 0.197190783312583 0.1032873384336
-0.0178934715973669 0.00513257379428472 0.211893952892386 0.159756638483147
-0.00610088632715784 -0.0123190552674652 0.0998964121612981 0.301134477583925
0.0105974213820997 -0.022766595116308 -0.14130217133921 0.356564267946631
0.0523615329931764 -0.0299332030176171 -0.315207548236605 0.262999802534124
0.0968988722766144 0.0429989559557126 -0.420529378584183 0.193796780106157
0.0860862424834547 0.153893499679824 -0.325621961953019 0.382546416158319
0.0838957232604694 0.187950552512064 -0.0811271853075246 0.288442146652861
0.0977507088795973 0.0243318823031548 0.21953253467419 -0.0492717094657178
0.0360016970900647 -0.0372294984950653 -0.07692730627201 -0.310563870678755
0.00906765689167035 -0.0141505346792793 -0.399162560855385 -0.1126075361605
0.0143238575679922 -0.0399671275013865 -0.315547668833718 0.246950580070894
-0.00454320995372844 -0.0405886377918874 -0.067275884870742 0.317292764500974
-0.0150812334104346 -0.0335230910522559 0.0636908713564041 0.232345566079744
-0.0345173566079502 -0.0462708226932034 0.133795655981218 0.136591129241135
-0.0449321075745505 -0.0549962899694126 0.185085690198875 0.0821636581149817
-0.0435187872062503 -0.0895659838042773 0.22150553381162 0.114314294348149
0.0380727757271658 -0.107164665338071 0.157523726245654 0.250526070215743
0.119428347824808 -0.0454233067370744 -0.0638709530364834 0.364627847261787
0.152593375456424 0.0643641028938841 -0.259822490424297 0.311542050960073
0.109013602313616 0.208352611448777 -0.364402881546064 0.218263783640319
0.0163192052273646 0.328968248617244 -0.280040228971748 0.340514548229016
0.00180860445497239 0.321872454123632 -0.089959437634012 0.197144544949084
0.113881744192871 0.172148740705543 0.240500651742367 -0.0570013442058112
0.139500537418627 0.0467321574939968 -0.027023353384473 -0.374291923776692
0.109750547092477 -0.0501362739407378 -0.392074487469944 -0.194142753260403
0.0517385311559156 -0.126734758444309 -0.348893944110173 0.189815061499988
-0.028359729035555 -0.122088969976751 -0.105750089965715 0.291879628202275
-0.0622176864797418 -0.0841152129782511 0.0338722765053069 0.211569002778289
-0.0788518250118461 -0.0856710386587591 0.106048234796398 0.111455058103276
-0.0829935244745837 -0.0990745727292294 0.153980069752196 0.0424527759140558
-0.07677536961982 -0.161460312395993 0.216669259782663 0.0390757102975201
0.0438143293316737 -0.196713250850876 0.220586070994171 0.154770700369943
0.186484701444946 -0.108874309356898 0.0571049674810429 0.343117448936213
0.263442327533631 0.0862221988934977 -0.165255023650938 0.357960496058372
0.16773137589649 0.320166861785434 -0.297070106762271 0.243323171052553
-0.0162170177019012 0.458517591430006 -0.218075216996063 0.256168600050603
-0.102196698302366 0.403710344521203 -0.05746575221658 0.0591762689861173
0.0839456628877083 0.316949678242465 0.270499042070097 -0.0841049568601515
0.215462282654452 0.167174935597736 0.0562508541168148 -0.429723723996217
0.220108245361694 -0.0525392150464397 -0.335222114269761 -0.293371061419038
0.104807573839541 -0.19428225085491 -0.358564912511423 0.0843113835101261
-0.0379494155786789 -0.194329248573801 -0.152064558300598 0.226464053476499
-0.0991773731787092 -0.129512245939822 -0.0128814683465834 0.169464945936856
-0.109783617597081 -0.111728103298346 0.0630931363321011 0.0723124738639077
-0.109628899129995 -0.122040858261332 0.107883126449347 -0.00684579638113226
-0.105806648848602 -0.201042708838248 0.189844704461446 -0.0441696529904725
0.0255003723801371 -0.258657940153639 0.255742638550271 0.0355287338383586
0.205409401640243 -0.177393431095725 0.172938491099851 0.27386367594738
0.33769578992684 0.0582578258099372 -0.0516911079993777 0.366666061404104
0.225123552509631 0.363330281861392 -0.231322332407277 0.250628235345764
-0.0247337813053812 0.516025248705892 -0.159214308568044 0.13998661319709
-0.194586358223578 0.40950292179124 0.0190383707722303 -0.100484990971539
0.00869450972004769 0.404568702008007 0.306717141525272 -0.125376943996614
0.221879266435961 0.281564227961199 0.159451097000931 -0.447084669596795
0.294308293287348 -0.0152407432844968 -0.215927095748138 -0.377701879417759
0.155394053768315 -0.217910223099296 -0.323292827422293 -0.0519013880658095
-0.0316270506001423 -0.235411018394878 -0.191726702093673 0.124305751773784
-0.118266003637328 -0.157309664343357 -0.0705860180460479 0.110725518077702
-0.124419974744906 -0.121874263431988 0.0103544067234337 0.0246436752820083
-0.120301848405851 -0.125155829685474 0.0543639842181016 -0.0557219999073812
-0.117654552368979 -0.209821668859142 0.147398537932435 -0.118550820665148
0.00907353641871424 -0.278126174306904 0.256513183288274 -0.0777034611555622
0.195224553431088 -0.211131805466823 0.251537358498024 0.181368900939582
0.352677013366066 0.0343971278731557 0.037612700375736 0.335333745657916
0.231074189047543 0.358453859722828 -0.179952450840685 0.235152232231636
-0.0386166139048634 0.494896919860713 -0.110397413706929 0.0121346316935784
-0.238377722029564 0.334845538188225 0.119601496644423 -0.246961307309574
-0.0759604616713569 0.389595826964704 0.343831593265249 -0.165568190411728
0.157904525069831 0.325632835715287 0.251162971963796 -0.412267204770211
0.291005735567534 0.0352957015394233 -0.0667158849026377 -0.406634732649179
0.173323463907052 -0.190937878241756 -0.244066105618635 -0.18036288434179
-0.0175516547301991 -0.229003442578333 -0.212359020958464 0.00875454046631046
-0.114879335031927 -0.158635720003292 -0.127697687579146 0.0416536149220461
-0.120083355383914 -0.115282904232786 -0.0424395108124022 -0.0254074909132358
-0.114081276190122 -0.112644950109537 0.00192409786950945 -0.102600944975987
-0.109072745918145 -0.192238193469429 0.103646291345419 -0.177931161567257
0.00666796337107834 -0.260558537485668 0.239827007258981 -0.160319313700385
0.180806025907188 -0.19671612820484 0.289495362211839 0.100368267962459
0.315811548408672 0.0453131677793279 0.0925086701193336 0.288823405196192
0.175622283594912 0.327523170798757 -0.140962038212595 0.202128288439804
-0.0712180659641982 0.408155796951433 -0.067409733557735 -0.102645433910122
-0.217966712602161 0.200033828560382 0.213055219824706 -0.351241113584416
-0.122538650284464 0.283763254175829 0.371971086752928 -0.191772354813544
0.071788787681261 0.274495017576625 0.312684368109265 -0.351066510712574
0.216327648215623 0.0584320566543557 0.0644806036260377 -0.390943580248185
0.143745966196125 -0.132498759358388 -0.157557996953155 -0.268605685209494
-0.00555232863477331 -0.178155270639761 -0.219456988939783 -0.0917721591339028
-0.0925853110212586 -0.129897675736684 -0.174987990655764 -0.0211610802078702
-0.0960929995321415 -0.0925739939115646 -0.088318163297576 -0.0707379344574701
-0.0940366451117938 -0.0874225135732745 -0.0409455529659891 -0.144163958133319
-0.0865755482713365 -0.155297839415172 0.0705747589959946 -0.223561992639616
0.0127135082378326 -0.213202017919528 0.227750269488982 -0.211913759515466
0.163881990493771 -0.152712346651095 0.308321662027065 0.0477769164100014
0.249751446826959 0.0767439626241637 0.119498476071569 0.248838345308334
0.085211081489242 0.27846111759492 -0.111963275910589 0.166038591103539
-0.113392816605501 0.275591885797984 -0.022051155481257 -0.186937055556187
-0.147152132737669 0.0367342845111088 0.267971182911656 -0.401314119857675
-0.116229620404397 0.126194066572696 0.376734838867155 -0.200090590160022
0.00245242325538 0.154984479128623 0.334359573649319 -0.299542399739516
0.106491307528972 0.0477948888690608 0.136842874464463 -0.368986170299344
0.0799050982823354 -0.0628438916723217 -0.106733091135166 -0.312950619424321
0.000992614392103909 -0.0972466593184057 -0.223481155906739 -0.154280287645323
-0.0551964701859484 -0.0777289752007704 -0.20672164888531 -0.0643304301822487
-0.0581889849070336 -0.0564430633192638 -0.120063568101656 -0.103997563582475
-0.0638299393985422 -0.0523594562469205 -0.0682760127234902 -0.175706205004564
-0.0578131209883338 -0.102640354719607 0.0540622418690872 -0.256516534478371
0.0175805907660337 -0.148844155168799 0.227011340769582 -0.23774389333924
0.136345370224477 -0.0979327071644773 0.322592860834099 0.0262432919139636
0.167668724373381 0.103136849645231 0.129814947749491 0.2288028870177
-0.00865249585526716 0.2047082159845 -0.0926520997245781 0.138237719204431
-0.143620387610131 0.115794135468638 0.0254203025940682 -0.230935020278901
0.112228122670183 0.0418350426154356 -0.0639810393302789 0.308125572372972
0.0545958926034123 -0.0822218239401314 0.216738994740396 -0.0389230528564206
-0.0486664759560044 -0.0780499966703852 -0.0556150966624935 -0.26569401615231
-0.0603731944271403 0.0225477771637027 -0.347267309099822 -0.105541760022326
-0.0113411105821844 0.0380270377130366 -0.290389413370033 0.214072507972009
0.0196226453948264 0.0306805279112733 -0.0751210453109248 0.28787516685439
0.0306394455856091 0.014555357296751 0.045931194585576 0.229130644179167
0.0123158361113909 0.000599564115612139 0.119551380658923 0.151628185438017
-0.00305132976943808 0.00350880442651626 0.177379774491339 0.119512205451502
-0.0178582335358817 0.0012611659957212 0.184558186483865 0.174776987479161
-0.00334556371626856 -0.0156425426349649 0.0611880689703239 0.301337263641443
0.0166191151971935 -0.0241928211125039 -0.176088517980656 0.328988960284707
0.0585689035478623 -0.0209580401616435 -0.335471582898875 0.21300481901708
0.0898829827798952 0.0542066883481581 -0.430103185545587 0.136600450806888
0.0690482414115835 0.155178672514133 -0.365041223452985 0.328206655655381
0.0543194032622175 0.180609842556052 -0.107325247618242 0.268533681616888
0.0848334339636397 0.0339088751541707 0.216007897975584 -0.0202362979500254
0.0379922442832362 -0.0294283347122551 -0.0333194458787653 -0.296283354048498
0.0103838637982861 -0.0132412799571515 -0.352979286486683 -0.144158057215453
0.0173062400967447 -0.0372578864317144 -0.315563203793479 0.197824611030309
4.99703061423197E-05 -0.0413605726631424 -0.0927301858205585 0.288456453166058
-0.00950166172048124 -0.0348886171592865 0.0371535435396462 0.225727058927743
-0.0284907721132248 -0.048462122180873 0.111864185747891 0.144176069105755
-0.0375027714937993 -0.0591085451706256 0.168011753277152 0.0995881823174714
-0.0320224473739607 -0.0903519109926271 0.197655558384253 0.135874350360275
0.0479957671270381 -0.099978233620575 0.11879985996886 0.261538875427946
0.12188898952205 -0.0336056067617127 -0.104968363825053 0.346922593529394
0.144500503600694 0.0779263347582132 -0.289742894553291 0.263332151883126
0.0833561495611086 0.211588613166996 -0.379946679108266 0.160713356578499
-0.0169506217447651 0.315334482961476 -0.316901645906671 0.284238880602903
-0.0360266795967983 0.293924166907205 -0.117425849075125 0.183151283229582
0.0817180807923256 0.171701515321396 0.231399697433902 -0.0189825940525563
0.123241622503421 0.061806580224713 0.0178357774589216 -0.342963249394616
0.10871821524092 -0.0334232016594542 -0.336855698644499 -0.215110081916327
0.0632692377991209 -0.11280430445759 -0.337036547895658 0.142539380741626
-0.0120044521262318 -0.119793878926721 -0.123017969883488 0.258850649060389
-0.0484228420584192 -0.0866822791081076 0.0113197226977441 0.201867572743565
-0.0653002880031534 -0.090923517622048 0.0878555636415564 0.117491952650209
-0.068420582500251 -0.104978306899519 0.142512059531878 0.0599446551006117
-0.0563345439054834 -0.161229180063039 0.200257495951505 0.0665828837104616
0.0626074977268089 -0.184245481521436 0.187601891230082 0.179776456610345
0.190860153838088 -0.0876166475043014 0.0127522469862618 0.340648104628323
0.246660311746491 0.108669003081377 -0.205665659459651 0.319716402041341
0.127679248074502 0.32324268587435 -0.320948733085706 0.186646284484364
-0.0608118557328445 0.437530066747678 -0.248179993877955 0.204741930979044
-0.140415830976421 0.358149106963172 -0.082324685427092 0.0554102980885559
0.0359181006471303 0.299652476684208 0.255853616804117 -0.0362412078655309
0.17822691523195 0.182470169929042 0.0961688433320351 -0.379041041451615
0.211258931111073 -0.0205142694885667 -0.273526936854771 -0.296898757006505
0.122923780878363 -0.168494561563972 -0.333598300663567 0.0478219575296156
-0.0125676109220233 -0.186565861384608 -0.156574032259254 0.192625973176891
-0.0777510118317041 -0.132076024214474 -0.0274320836441542 0.158376214603513
-0.0918619407347044 -0.12022467537899 0.0502016820802245 0.0763960648404985
-0.0897298804970835 -0.130054875307956 0.103271864060629 0.00970207077230532
-0.0804570272141562 -0.200902104946176 0.183901329686594 -0.0131455472352306
0.0506088941275014 -0.243853341959154 0.232736794421076 0.0708516535770582
0.21427787579436 -0.150798400236447 0.131603168489704 0.289250221850962
0.320109833707767 0.0894839844578962 -0.101395982430006 0.340850556030333
0.176260517900365 0.368714624617006 -0.260298897457849 0.199714210762066
-0.0751970272117392 0.491859727838489 -0.179319587454771 0.0964029608939192
-0.227152736806019 0.352315481110187 0.000387125873738479 -0.0895215119403753
-0.0435711318862473 0.370875651700191 0.287597160019487 -0.0704056743332479
0.170468176117497 0.288684553143573 0.186233642288696 -0.37916875205376
0.27629931079456 0.024090177180928 -0.156542796083596 -0.357757719557233
0.173863060767441 -0.183633886053725 -0.286586576307079 -0.073191440723572
-0.000865714181390777 -0.222776101688193 -0.181955988999058 0.0934538669412238
-0.0926103974487304 -0.160378267399157 -0.0750631292632238 0.0970771745432182
-0.104326942727879 -0.1313539970039 0.00482291347032164 0.0252501742306335
-0.0992316359447697 -0.133286261079877 0.0580052162456318 -0.0430969929304213
-0.0904026992692637 -0.209894467138607 0.151656606077139 -0.0882445783795325
0.0360131249585392 -0.263455640118997 0.245446147144457 -0.0362848442425843
0.206483486794265 -0.18214346643084 0.217543566332048 0.20906419050825
0.335007204780754 0.0659896559461088 -0.0114015386965504 0.322978066870869
0.183766438316819 0.364607536735599 -0.208603007154873 0.189839793056237
-0.0859518797976901 0.470440051639455 -0.118082250811975 -0.0222519504000577
-0.258286588863737 0.279101361186334 0.110927618307505 -0.21902098096416
-0.118893834228735 0.346925398537576 0.322960068276115 -0.10823449737843
0.106034885321217 0.323758131901942 0.26394740097392 -0.340394780324097
0.266710371873635 0.07148948728324 -0.018151392460455 -0.368895254323669
0.186935225764443 -0.156099037660446 -0.20156318300526 -0.18225866800335
0.0122788912794791 -0.214783273686555 -0.190376000790273 -0.0155660728663977
-0.0898994313204598 -0.159987434771685 -0.122963101625402 0.0282320671834991
-0.100300467275893 -0.124803409783334 -0.0398195862691998 -0.0282245469223301
-0.0936602572233618 -0.119849890625044 0.0128092067175976 -0.093204894803211
-0.0837021473904409 -0.19223037697311 0.116739480532993 -0.150681189070562
0.0319062690882405 -0.245955687459294 0.240250855907938 -0.117249493114795
0.190093936933237 -0.170054884191248 0.263757147476195 0.134581611387526
0.298050956016953 0.0717572032652614 0.0471968839835704 0.285184377235595
0.13438526631315 0.329220955304779 -0.166309803855883 0.164427871538555
-0.109599090613061 0.383919738437076 -0.0615031597369907 -0.12522730069854
-0.223750893483905 0.15792968713644 0.215616523037184 -0.309308318395399
-0.147712273377881 0.243537941425726 0.354024982907724 -0.135218903914134
0.0329063420938775 0.263426433277141 0.313748196629825 -0.281780955377762
0.193426372570393 0.0831768311857802 0.0995706848576206 -0.34422269943434
0.151423218106338 -0.104993869930122 -0.113890840174531 -0.258290925781945
0.0180138404409785 -0.164125902438924 -0.189157038461241 -0.10859906389271
-0.0723173469783392 -0.130213939145754 -0.161418280125662 -0.0355253470061146
-0.0807298900215698 -0.100370084392332 -0.0782176228083982 -0.0760007076372308
-0.0777419884691549 -0.0929774186781364 -0.0236646743696591 -0.13805133706443
-0.0659686778304008 -0.15435826272201 0.0903826887717806 -0.199000860752913
0.0332424119065423 -0.199956000109712 0.234862494940314 -0.169165810924346
0.168013522598663 -0.129475965504103 0.287100903801808 0.0842380857425061
0.231256479865137 0.095492864645039 0.0804678280507378 0.249071655768619
0.0536372619869916 0.273330461341684 -0.130396698623069 0.133416437566567
-0.13750413704477 0.252748786471018 -0.0042228823776598 -0.198006507943083
-0.139363701932481 0.0154092928793093 0.282548383438495 -0.350720512281275
-0.121448431292077 0.0998546427055668 0.363780440510351 -0.148473174920643
-0.0164123510953976 0.14431136073195 0.334491181337142 -0.237620796710932
0.0933805484834547 0.0588701488762745 0.164986414346211 -0.320054587765779
0.0825456342862687 -0.0479166732379112 -0.0641637247561297 -0.297035319256257
0.0151417678650878 -0.0878740116412544 -0.189939111687074 -0.166735646703492
-0.0428031197866316 -0.0774435067380667 -0.187131562415661 -0.0790222573567981
-0.0486103889168079 -0.0613697598078863 -0.104195927892177 -0.110178802730611
-0.0533228047762933 -0.0561952176803558 -0.0461891577188316 -0.172260482145716
-0.0439320967565916 -0.102076202406118 0.0774123650532001 -0.233745692880758
0.0300683800437721 -0.138110279751398 0.238122536494611 -0.196728229023899
0.135475664336587 -0.0800844680619219 0.30286802019389 0.0635620440037886
0.150031179792981 0.11185890813126 0.0947594772586351 0.231073416341485
-0.0289451861744355 0.192985751348976 -0.104852534451959 0.113030445608311
-0.149889979239174 0.0974959544433601 0.0492198051939867 -0.227407102368422
0.107133120379865 0.0408742993808154 -0.0609897656101161 0.295074946287354
0.0523983534484744 -0.0781662758462979 0.212910359468626 -0.0368448990961371
-0.0462693136198736 -0.0751605476116217 -0.048307653255591 -0.259350186694415
-0.0588631305657098 0.0219233722359499 -0.334862533456784 -0.105642914245463
-0.011845705164315 0.0364556453695697 -0.283698805806579 0.205701020720491
0.0188505296931205 0.0289773068247095 -0.0748428229046105 0.277229371968331
0.0297935574595269 0.0128377754510804 0.043582584312005 0.222765350106114
0.0108477965595001 0.000180852347009497 0.116719205010686 0.148718999857753
-0.00368331640511594 0.00297111741365608 0.171655958462033 0.116957138784814
-0.0174359627945288 0.000838660083173743 0.177097978156011 0.170749503703502
-0.0031332208743807 -0.0157599316248349 0.0565183913582638 0.29408038615137
0.0168647581105185 -0.022560155095753 -0.174815784393725 0.317205326623891
0.0573840466930639 -0.0185182738031612 -0.329978887400576 0.2000525931398
0.0858828016339064 0.0548522116913169 -0.420910704870995 0.125157173501623
0.0646765197356296 0.150665502741462 -0.357271445753844 0.311635759119517
0.0491492793137273 0.17426604378481 -0.10230005386066 0.257185396131371
0.080043626868685 0.0337690619001056 0.21387962364152 -0.0176613248675628
0.0362167406494349 -0.0276603798182755 -0.0261734853733153 -0.288616003887037
0.0103417098254473 -0.0123865589488419 -0.340337861908605 -0.144095377654018
0.0158322674302102 -0.0359132752355791 -0.30697001920992 0.187712674984246
0.00048179366799816 -0.0406456064418319 -0.0916589496369793 0.27769742956327
-0.00839996349455489 -0.0348438388271458 0.0347572605515789 0.219110282840735
-0.0279916446773301 -0.0481087972215289 0.108711101161024 0.140838031567483
-0.0369556840054898 -0.0573591216185345 0.162599882707648 0.0980381996182049
-0.0315231114375491 -0.087677430563183 0.19095208514706 0.133425533476068
0.0459425739098533 -0.0974313648158625 0.112436322208839 0.255777353853165
0.11812849584105 -0.0309698293186764 -0.105706754796364 0.336071141398359
0.139276330357456 0.078217108046718 -0.284911253271709 0.249026199158607
0.0782502157387457 0.207845287468193 -0.372360713679797 0.147665656123905
-0.0188835458311705 0.3052972723346 -0.308905671621193 0.269005737939248
-0.0400765429874192 0.282378431276466 -0.111029625691808 0.175485032177385
0.0760804196631073 0.166254337736537 0.228877036306133 -0.014690684398144
0.118096620273369 0.0613529760029493 0.0233968268241934 -0.332308099908469
0.104573001095332 -0.0309224696820122 -0.323254113316066 -0.213063693358999
0.0605795028781365 -0.108972264003831 -0.327394730979717 0.134325268006334
-0.0112829364720719 -0.115432686083231 -0.120695025639279 0.249264539275596
-0.0449060797274285 -0.0851332225550097 0.00943238011214623 0.196110144955938
-0.0626593137874478 -0.0902827295497867 0.0850358204199861 0.115396328372895
-0.0666084313505421 -0.102489459409242 0.13750725451429 0.0596927175887592
-0.0556831229580868 -0.155842810919519 0.193591951754869 0.0664672388446005
0.0602062059321587 -0.178829900679298 0.177882648544535 0.177389585623013
0.185042775205477 -0.0818106149338026 0.00800091327882978 0.331381148446003
0.238256343260949 0.109076103930538 -0.203061298457238 0.30585042781267
0.118821427141357 0.316064505028086 -0.313992216405303 0.174983019629152
-0.0614318267621756 0.42167246403625 -0.24132766576789 0.192574067584071
-0.141115410591105 0.343305613220196 -0.0762499628279502 0.0545939817541724
0.0299121630867741 0.288870913896621 0.253570630391939 -0.0291048827833429
0.169451912549014 0.179391645469786 0.0990618003287531 -0.365012586249679
0.204131356805809 -0.0177645415137206 -0.261409465682629 -0.2911023748239
0.118001778302096 -0.162637735006019 -0.322801548534509 0.0417228832219647
-0.0115827388415772 -0.179630027201834 -0.15299761702657 0.184538308250907
-0.0731200174504852 -0.128867208958025 -0.0288685361104045 0.152983379282868
-0.0882380386426218 -0.118630571389535 0.0487786981846059 0.0747411816570279
-0.0860651959731899 -0.126846424517297 0.100655829269224 0.0111748268321169
-0.0782910317094982 -0.194373003066209 0.178466578527511 -0.0110102580475647
0.0482956664759346 -0.236178774061791 0.222292156291525 0.0725486075642436
0.20750670050159 -0.14321651185527 0.124337654647429 0.282893335482902
0.309264415807072 0.0902862838323924 -0.100953252817154 0.328870999575839
0.167497763544422 0.361082077044981 -0.255115857042561 0.187275836937221
-0.0754878518597135 0.474249056138461 -0.174117244765282 0.0881674241721663
-0.224881059368547 0.336314215751742 0.00461604822206821 -0.0839099091941575
-0.0484530780008631 0.355821606161911 0.2823773200788 -0.0623815871948539
0.16154273619415 0.281553661266276 0.187309436368629 -0.364172692935456
0.266057183302227 0.0260561986298555 -0.147242082206381 -0.34859381463748
0.167496163907737 -0.176811338374684 -0.275658227850111 -0.0748986799691768
-0.000247991754910103 -0.213897580552146 -0.176793358345714 0.0886129630597535
-0.0879436571339874 -0.155437735653093 -0.0754872370396064 0.0941213731341638
-0.0998427277720125 -0.129550799592119 0.00503508613803343 0.0247958458283507
-0.0941033848660693 -0.129917688862323 0.0562993805203567 -0.0396619459189201
-0.0879815831692315 -0.20275577839314 0.147407873504492 -0.0838629091138437
0.0333655410762416 -0.255962423031052 0.23533920933271 -0.0313794138213794
0.199673498010259 -0.173729229076827 0.20880318550087 0.205882505241227
0.323428808879942 0.0672011917058357 -0.0138594391356257 0.312625750342095
0.174240419738483 0.355750300860632 -0.204553022176326 0.179757834512964
-0.0877680716859688 0.453666839039404 -0.114272276061613 -0.0250695871627206
-0.253808762008177 0.264774220639421 0.111789357798715 -0.207291094808534
-0.121518982079181 0.331411134043264 0.316571764022457 -0.0975114788845221
0.100821454608419 0.31426942637809 0.261143621917321 -0.324205519016932
0.256389530317297 0.0715279256942675 -0.0106540576201113 -0.358805617766123
0.18009134190593 -0.149855910697731 -0.192332331115312 -0.180396067173528
0.0128287519091253 -0.205488468682036 -0.184146472171644 -0.0164916970164843
-0.0856621760067231 -0.15463557082607 -0.120117451221624 0.0269936851506331
-0.0957266899623703 -0.123050296506207 -0.0389962248206892 -0.0270778025407075
-0.0887835178371042 -0.116870518392097 0.0127969452572908 -0.0883596856410229
-0.0808919202946449 -0.185670451186201 0.113754149935717 -0.144192500586276
0.030008140483784 -0.238274566310532 0.230525246642299 -0.109941015279635
0.183421131190125 -0.161995131961254 0.254131439576049 0.133555578345506
0.288666992252843 0.072880709287928 0.0443226364611772 0.276993879550468
0.127234206027638 0.319127107985085 -0.163919114830936 0.154650846570539
-0.107957083591167 0.369418114074321 -0.0591736343795062 -0.124252323555496
-0.219490091710753 0.147915017253578 0.214868993202475 -0.293205920375594
-0.146609476718397 0.232142140417698 0.345411585457089 -0.122831677643197
0.0298032260974767 0.254887210405548 0.30759461287712 -0.267964920342285
0.185983680213016 0.0821489610733732 0.10279983512978 -0.332961359152402
0.145781572795445 -0.101010603124749 -0.106531326095427 -0.252736017997736
0.0182066182637011 -0.157018723192115 -0.181904602175241 -0.106999545771729
-0.0690759144841171 -0.125465130940531 -0.157178963286864 -0.0340457397427796
-0.076844259027991 -0.0992997478531091 -0.076970663909644 -0.0740175297648777
-0.0728052494672479 -0.0911982615368578 -0.0218353061688242 -0.132079766396943
-0.0635324057866865 -0.148992593745371 0.0881450688540765 -0.191359190651675
0.0312955172461228 -0.192901683652849 0.225684686891549 -0.161839930253308
0.162414450366892 -0.123508077017191 0.277113119759263 0.0850334899171961
0.223511469101871 0.094397731535102 0.0759173801546573 0.242729074310862
0.0495474327467101 0.264623966278649 -0.128670403141399 0.126100890274865
-0.134728391503422 0.242020892837466 -0.00421553377345979 -0.191361482852619
-0.13568466081811 0.0118043827305156 0.279031655957403 -0.332449877399822
-0.118937429274612 0.092994675773405 0.354717181426421 -0.136403998220427
-0.0168216392686283 0.139264693289955 0.327447747867562 -0.224099339807854
0.0887955731057044 0.057214635473239 0.166089180406455 -0.309104570556406
0.0785389038945 -0.0454897181605509 -0.0577741258535415 -0.289752005290846
0.014800823583101 -0.0831129017361486 -0.182871948299562 -0.162781402588184
-0.0408766574590341 -0.0741991327771195 -0.181745643898301 -0.07667024363004
-0.0466284236902608 -0.0610788531917491 -0.102219790968123 -0.107125815574602
-0.0486517644903173 -0.0549883524893903 -0.0431738676507382 -0.165857157924848
-0.0414607202162209 -0.0980277731468482 0.0760176713388888 -0.224738491544739
0.029809191365935 -0.132356872307629 0.230703814429802 -0.188283754197735
0.131128030205845 -0.0758817735080823 0.292886176954752 0.0647662914045168
0.144269826902544 0.109167475422172 0.0897798986923966 0.22593058855724
-0.0300052333792941 0.186462796664909 -0.104393600868211 0.106621961857676
-0.14494508987892 0.091382479263842 0.0484554308933772 -0.219238925947192
0.105948601434832 0.0429951361688351 -0.0641917854031668 0.292355755282936
0.0528998196044211 -0.0761914960385655 0.217481395247559 -0.0348405228307831
-0.0454325290337538 -0.0761456382301656 -0.0406413917497213 -0.263658546650873
-0.0584461123089462 0.021491754082462 -0.334145693266501 -0.112451001828483
-0.0129082653886958 0.036247771009996 -0.288352284780957 0.202794493604412
0.0186339239618907 0.0283340835417304 -0.0802486022131107 0.276904707901738
0.0292434353402259 0.0118863777991354 0.0400865105212641 0.225186257057562
0.00962152408716019 -0.000332974472865183 0.116572493730851 0.151278563920454
-0.00459492192891605 0.00280987997257266 0.171949853975588 0.120038692180435
-0.0184906132245078 0.000302718358134217 0.175368448855012 0.17474253723418
-0.00263722220966276 -0.015964288396025 0.0519798193215649 0.297934996333585
0.0179051422343434 -0.0220104950641165 -0.182720666017989 0.316466467772185
0.0577846334252898 -0.0162500269050679 -0.338433779321473 0.190794699500332
0.0848131995048381 0.0589714488843196 -0.426750652027323 0.11486779753996
0.0618964031483982 0.152411157159024 -0.365475628369967 0.30146056717589
0.0445880480001968 0.17429984802038 -0.104001073361405 0.25542808535269
0.0784723423929022 0.0357256492677447 0.219136637061602 -0.0141230027528742
0.0361702530863838 -0.0259534938662671 -0.0173594452481101 -0.291643700215338
0.0104468616795636 -0.0118568834241871 -0.338352448439458 -0.152831092843095
0.015237663485044 -0.0358006055426406 -0.311201936997532 0.184152250042562
0.00112574432290057 -0.0410094726345341 -0.0965669325009867 0.275905934839343
-0.00736397321841797 -0.0368166752938711 0.0308432060133601 0.221253164833192
-0.0282817074136694 -0.0502036480681009 0.108218901912414 0.143555027212416
-0.0369702831408161 -0.0579968670555073 0.162815397218818 0.101099418743184
-0.0313760389841209 -0.0890020685700946 0.189164158639477 0.136345647607196
0.0472095467515093 -0.0979039001790625 0.10694143391956 0.260041784439413
0.11930684922223 -0.0290668092869552 -0.113498046295047 0.336646189597988
0.13887421088753 0.0828955371949929 -0.29313688855268 0.242690209089123
0.0735884843656436 0.211559558883553 -0.37826127878929 0.138728890556307
-0.0255193566685953 0.305672873303158 -0.315742438955213 0.262090755113473
-0.0463070560946923 0.281973860661781 -0.111349410259873 0.173643668146431
0.0705309165715141 0.167880368832882 0.234837886720271 -0.00943945582011488
0.116778465627158 0.0648144204681295 0.0337521042556127 -0.334065155716325
0.105465556244278 -0.0281978811287307 -0.319971323402523 -0.221603270938693
0.0613745618250699 -0.108896324956603 -0.331433907451828 0.128362257442038
-0.0102341925996655 -0.115605708652465 -0.125272661833212 0.247851758086132
-0.043139018945128 -0.0868262006604763 0.00507310054254919 0.197463237361141
-0.0620857424444853 -0.0929886482613133 0.0847745614113384 0.117073760503924
-0.0656785387645281 -0.104159364698871 0.138285229853842 0.0632604676939716
-0.0553508083005713 -0.157188650755674 0.193635583838884 0.0698973120872457
0.0610144064323835 -0.178913594586103 0.17408934136176 0.183182261318455
0.187543353638513 -0.0788468171491035 0.00202066451934825 0.33488137084658
0.237935429911696 0.115535484214686 -0.211238330330024 0.302022388335403
0.112799403627041 0.320843693281292 -0.319958167782722 0.167747802311927
-0.0696419399064091 0.421763744737083 -0.245858090146084 0.185290729444473
-0.151072048220323 0.340163843392377 -0.0737694874304514 0.0545729390412431
0.0221254193122997 0.290475739356394 0.258553155453155 -0.0224461340870337
0.167284645396964 0.184562206482975 0.109314155817412 -0.364305992731549
0.204964760970806 -0.0139965010195511 -0.255300978423071 -0.298957372060506
0.120007655385602 -0.161172734725338 -0.325046658821279 0.0344158764178578
-0.00898133620546167 -0.179264821835359 -0.156100031053055 0.18238941180036
-0.070943541683848 -0.13147849290559 -0.032865099936282 0.154156296342566
-0.0865458067940819 -0.122483145364368 0.0477134030302747 0.0763336771805705
-0.0852902503904807 -0.129150881911481 0.101608519559131 0.0140375430906883
-0.0772707037498642 -0.195788612117566 0.179270932336979 -0.00855208264058387
0.0490240917711379 -0.236906924553013 0.220341290132334 0.0785848669121917
0.210079538599074 -0.139207017815466 0.119681373809906 0.28768561200653
0.310512726480996 0.0968573366144141 -0.108532895408142 0.32787155252743
0.161644745290057 0.365524603692853 -0.261663980172889 0.181093661850165
-0.0826628946762957 0.473333359213857 -0.17754531528579 0.0822541196327013
-0.233488665175047 0.331872048395227 0.0093787194163337 -0.0820043319455114
-0.0573190680988024 0.355909118061376 0.288225178513517 -0.0531559402097095
0.157392193324321 0.287503554872447 0.196570821256212 -0.359896743115545
0.266125275378969 0.0310839622505935 -0.138588858557099 -0.355771362183099
0.169161940892415 -0.174891562039745 -0.275022432206974 -0.0827566075210055
0.00311096168192294 -0.213603433280096 -0.17896190577726 0.0865007000627237
-0.0849885300429432 -0.157378569675316 -0.0782658050385037 0.0938885577872581
-0.0979736148033485 -0.133568443877598 0.00432227622653814 0.0255285467875214
-0.0923981237185764 -0.133179215857568 0.0576288293558187 -0.0373064676580617
-0.087290468903958 -0.203426441982713 0.148995795776922 -0.0823606318619455
0.034796743001804 -0.255662199846395 0.234478469512965 -0.0257321737770166
0.20178101765074 -0.170286714658324 0.205450181962849 0.211766183761157
0.32471865765016 0.074300717831636 -0.0198025549508247 0.314011843707766
0.170154395256994 0.359987101965898 -0.211555785368193 0.173943061452731
-0.0943567764810624 0.452696992332257 -0.115556203548792 -0.0308545575705238
-0.261310068292564 0.259117505808775 0.119965916548759 -0.20310379459699
-0.129762915742984 0.330976153264069 0.320941679966227 -0.0872673029930185
0.0948453497887988 0.317673304693281 0.269439512278429 -0.317510507414806
0.256541576976454 0.0760468314024611 -0.00144780871955757 -0.361791574028102
0.18185092562616 -0.14808202269895 -0.188658925163345 -0.187204999327023
0.0153092926616416 -0.204392716636579 -0.184518921697716 -0.0201650847886229
-0.0833294552413486 -0.156323540903029 -0.122414646612311 0.0260799642472952
-0.0937990562830633 -0.126910998505786 -0.0394506646057576 -0.0275701624577401
-0.0865861477015596 -0.120171036325069 0.0146133984449091 -0.0874585920726646
-0.0802976313536303 -0.185461226663296 0.116592712664546 -0.142956721430426
0.0315793701854764 -0.237534505358302 0.231450987648645 -0.105037473015616
0.185677630360488 -0.158687073895787 0.25319463813416 0.139576967843626
0.28871090585193 0.0782579812334812 0.0392559161337654 0.279147630277712
0.122975564882366 0.323530724123981 -0.1707171846868 0.149812453878518
-0.114915077691695 0.368343966600174 -0.0586514058371344 -0.128021927679273
-0.22509064091463 0.142954598560225 0.223947869940903 -0.28689196804111
-0.153047196677591 0.227623983770977 0.350000826569462 -0.111943431526101
0.0255245664707241 0.256848034913285 0.314538152009874 -0.258238103313213
0.185047420580519 0.0856515464860548 0.11356185786916 -0.33407936077975
0.146547285856735 -0.0988232400344476 -0.101310418097068 -0.257925944163482
0.0206327797282406 -0.155851020455321 -0.181021418492863 -0.110421977404841
-0.0668763927272089 -0.126150471929407 -0.15771627889099 -0.0352471341737243
-0.0755086686246362 -0.102076814809257 -0.0773075609285539 -0.0753443445944681
-0.0703087810859324 -0.0940631567755477 -0.0196159376085456 -0.132244900943283
-0.0620346005893001 -0.148916048858523 0.0909348970476151 -0.190357106862006
0.0328321007404903 -0.192639599457688 0.228268276745792 -0.157149963454882
0.163856285772431 -0.119760269417024 0.277423516871392 0.0912624476615771
0.223482082100843 0.0991749922364537 0.0719220465839238 0.246605310107366
0.0456071783544904 0.266339136363125 -0.134324857710579 0.122839791151389
-0.137475540648328 0.239640863984314 -0.00223152872529108 -0.193260137178928
-0.136735754266392 0.00823599981740049 0.287392006523976 -0.324900735354392
-0.122129369412477 0.0891565685075682 0.358060023690557 -0.125058424167188
-0.0192206121495661 0.138803249703462 0.332594801339949 -0.214893840279569
0.0878958707904062 0.0589372191100254 0.17658219617356 -0.308575386483932
0.0783567050150096 -0.0440715162974499 -0.0510060778907882 -0.29436678584146
0.016817846547256 -0.0814137950792009 -0.181156414316984 -0.165828128301826
-0.0390534926086026 -0.0746074625758613 -0.182430758621651 -0.0779544049935127
-0.0456870054172431 -0.0633042027918367 -0.103661688396053 -0.108945619739736
-0.0463838514486751 -0.0573304708435661 -0.0409211284969864 -0.166096777272513
-0.0400188574625116 -0.0978081824145611 0.0802229546382612 -0.224205450716401
0.0303659737674932 -0.132199511443786 0.233117696052731 -0.184735381679605
0.131285685840319 -0.0736757707746307 0.292902169320383 0.0712934624140799
0.143379780388564 0.112260910220298 0.086343226945561 0.229225517455221
-0.0333631203947501 0.186650151911718 -0.109173537370574 0.104099197443032
-0.146646943657186 0.0884005677351706 0.0501211127767255 -0.218418818792192
