TRXV5
3
4
4
9
string Extension=J
integer IsArchMeasurement=1
integer IsSpherical=1
string Generator=SPM
string GeneratorVersion=1.3.1 Dev
double ArchRadius=0.449999988079071
integer FrequencyAxisIndex=0
integer AzimuthAxisIndex=1
integer ElevationAxisIndex=2
Frequency
5 136 690000000 960000000 LIN
Azimuth
7 8 0 2.74889357189107 LIN
Elevation
7 15 -2.74889357189107 2.74889357189107 LIN
Polar H Real Part
13
Polar H Imaginary Part
14
Polar V Real Part
13
Polar V Imaginary Part
14
Polar H Magnitude (dB)
12 0xC0000002 0 1
Polar H Phase
7 0xC0000003 0 1
Polar V Magnitude (dB)
12 0xC0000002 2 3
Polar V Phase
7 0xC0000003 2 3
-0.00525665283203125 0.0718765258789063 0.100341796875 -0.0153732299804687
0.0566253662109375 0.0436859130859375 0.0577392578125 0.0211524963378906
0.0504150390625 -0.0188865661621094 0.0646476745605469 0.0303573608398437
0.0200080871582031 -0.0399627685546875 0.0974349975585937 0.00682830810546875
-0.00409317016601562 -0.0386085510253906 0.0992889404296875 -0.0352783203125
-0.0267295837402344 -0.0383453369140625 0.0755386352539063 -0.0742568969726563
-0.0282382965087891 -0.0299243927001953 0.0535812377929687 -0.0737991333007813
-0.0205783843994141 -0.0312175750732422 0.0378341674804688 -0.0490875244140625
-0.0126419067382812 -0.0463333129882813 0.0204925537109375 -0.0182132720947266
0.0189361572265625 -0.0408363342285156 -0.00547361373901367 -0.00517034530639649
0.0443840026855469 -0.0142478942871094 -0.0413093566894531 -0.0265769958496094
0.0430107116699219 0.0154075622558594 -0.0354537963867187 -0.0750350952148438
0.013519287109375 0.0500373840332031 0.0308609008789063 -0.129997253417969
-0.0205726623535156 0.06427001953125 0.0730514526367188 -0.12109375
-0.0504913330078125 0.0563850402832031 0.0417022705078125 -0.0766067504882813
-0.0330734252929688 0.08807373046875 0.0931930541992187 0.0139617919921875
0.0369644165039063 0.0744857788085938 0.0532951354980469 0.0491676330566406
0.0536117553710938 0.011566162109375 0.0684700012207031 0.0529251098632813
0.03887939453125 -0.0181465148925781 0.105316162109375 0.0275421142578125
0.0214099884033203 -0.0304660797119141 0.109771728515625 -0.017822265625
0.00345230102539062 -0.0460777282714844 0.0906906127929687 -0.0626068115234375
-0.00347518920898437 -0.0436515808105469 0.0646476745605469 -0.0626411437988281
0.00156784057617187 -0.0406150817871094 0.0439224243164063 -0.0364723205566406
0.0123176574707031 -0.0537490844726563 0.0222988128662109 -0.00272560119628907
0.0424766540527344 -0.0394554138183594 -0.00871467590332031 0.0126285552978516
0.0606460571289063 -0.00266265869140625 -0.0516777038574219 -0.00872039794921874
0.0537910461425781 0.034912109375 -0.055206298828125 -0.0585250854492187
0.00928497314453125 0.0721969604492188 9.91821289062438E-05 -0.122299194335937
-0.0370025634765625 0.0836944580078125 0.0403289794921875 -0.107414245605469
-0.0713348388671875 0.07275390625 0.012359619140625 -0.0585479736328125
-0.06109619140625 0.0907821655273438 0.0712814331054687 0.048187255859375
0.00499725341796874 0.0965194702148438 0.0360946655273438 0.084075927734375
0.04351806640625 0.0469589233398438 0.0653152465820313 0.0828475952148438
0.0518341064453125 0.0141754150390625 0.108230590820313 0.05352783203125
0.0473060607910156 -0.0126571655273438 0.113426208496094 0.0042877197265625
0.0367851257324219 -0.04412841796875 0.0985870361328125 -0.0441360473632813
0.0232887268066406 -0.0511627197265625 0.0668716430664063 -0.0445289611816406
0.0232200622558594 -0.0440940856933594 0.041748046875 -0.0181846618652344
0.0330657958984375 -0.0541038513183594 0.0179214477539063 0.0165977478027344
0.0571365356445312 -0.0370292663574219 -0.0157413482666016 0.0323810577392578
0.0688514709472656 0.002471923828125 -0.0615386962890625 0.0132102966308594
0.060638427734375 0.0403480529785156 -0.0733489990234375 -0.0362319946289063
0.0152435302734375 0.0802154541015625 -0.0323867797851562 -0.103782653808594
-0.0377273559570313 0.0935134887695313 0.00483703613281251 -0.0836944580078125
-0.0779495239257813 0.0809173583984375 -0.0203895568847656 -0.0343208312988281
-0.080078125 0.07666015625 0.0370025634765625 0.0793304443359375
-0.0302963256835937 0.100448608398437 0.00510406494140626 0.1177978515625
0.0220565795898437 0.0752944946289063 0.051239013671875 0.113479614257813
0.0523300170898438 0.0481452941894531 0.0988311767578125 0.079376220703125
0.0629386901855469 0.011627197265625 0.105781555175781 0.0262527465820313
0.0644683837890625 -0.0312309265136719 0.0946578979492188 -0.0213394165039063
0.0472984313964844 -0.0486068725585937 0.0588912963867188 -0.022308349609375
0.0404052734375 -0.0402145385742188 0.0327014923095703 0.00238418579101562
0.0482330322265625 -0.0476722717285156 0.00942611694335938 0.0356330871582031
0.0644340515136719 -0.0308876037597656 -0.0227737426757812 0.0501251220703125
0.0679893493652344 0.00480270385742188 -0.0662879943847656 0.0341529846191406
0.0593147277832031 0.0391654968261719 -0.0821914672851563 -0.0124282836914062
0.0194931030273437 0.0758514404296875 -0.0530319213867187 -0.0763015747070312
-0.0331878662109375 0.0886459350585938 -0.0207481384277344 -0.0512466430664062
-0.0765762329101563 0.0748519897460937 -0.0496292114257813 -0.00690460205078124
-0.082763671875 0.0468673706054688 -0.0069732666015625 0.0988922119140625
-0.0575103759765625 0.0797576904296875 -0.0388565063476563 0.137382507324219
-0.00832366943359375 0.0812911987304688 0.021728515625 0.135406494140625
0.0342941284179688 0.0705718994140625 0.0747756958007813 0.0997085571289063
0.0605621337890625 0.0360832214355469 0.0842437744140625 0.04339599609375
0.0766372680664063 -0.008636474609375 0.0760574340820313 0.00122833251953125
0.0625495910644531 -0.03448486328125 0.0409011840820313 0.000885009765624998
0.0504837036132813 -0.029266357421875 0.0159549713134766 0.0225982666015625
0.0564765930175781 -0.034149169921875 -0.00339126586914062 0.0522651672363281
0.0652236938476563 -0.0192527770996094 -0.0316009521484375 0.063446044921875
0.0614242553710938 0.0120697021484375 -0.0681571960449219 0.048187255859375
0.0487594604492187 0.0394020080566406 -0.0817718505859375 0.00468444824218751
0.0126266479492187 0.0654258728027344 -0.0590591430664063 -0.0497283935546875
-0.032501220703125 0.0702133178710938 -0.0349693298339844 -0.0186977386474609
-0.07159423828125 0.0541305541992188 -0.0740814208984375 0.0177459716796875
-0.06317138671875 0.0149765014648438 -0.043731689453125 0.104972839355469
-0.0596771240234375 0.0444259643554688 -0.0756683349609375 0.142074584960938
-0.0278091430664062 0.0621376037597656 -0.00645446777343751 0.1422119140625
0.00820159912109374 0.0681800842285156 0.0489578247070313 0.103279113769531
0.0408935546875 0.0466499328613281 0.0590782165527344 0.0479545593261719
0.0687904357910156 0.0128631591796875 0.0499916076660156 0.0143890380859375
0.0636215209960938 -0.0145378112792969 0.0185108184814453 0.017425537109375
0.0516891479492187 -0.0147666931152344 -0.00255966186523437 0.0381431579589844
0.057281494140625 -0.01898193359375 -0.0168266296386719 0.0636825561523438
0.0618515014648437 -0.00414657592773438 -0.0419845581054688 0.071533203125
0.052001953125 0.0212821960449219 -0.0696754455566406 0.0543403625488281
0.0343055725097656 0.0433311462402344 -0.0783309936523438 0.0131607055664063
-0.00388717651367188 0.0555000305175781 -0.0588150024414062 -0.0303993225097656
-0.0386848449707031 0.04510498046875 -0.0418739318847656 0.00333023071289062
-0.0643806457519531 0.0235481262207031 -0.0924224853515625 0.0335540771484375
-0.0288944244384766 -0.0161933898925781 -0.063751220703125 0.101631164550781
-0.0408287048339844 0.00424194335937499 -0.0968017578125 0.134788513183594
-0.0299491882324219 0.0261096954345703 -0.0247573852539063 0.137458801269531
-0.0140380859375 0.0428810119628906 0.0297470092773437 0.0974044799804688
0.0121002197265625 0.04119873046875 0.040313720703125 0.0423164367675781
0.0438270568847656 0.0282325744628906 0.0258216857910156 0.0178451538085938
0.0524024963378906 0.00635528564453125 -0.00439643859863281 0.0256290435791016
0.0448646545410156 0.000606536865234375 -0.0204925537109375 0.0486335754394531
0.0514678955078125 -0.00250625610351562 -0.0323104858398438 0.0714569091796875
0.0537223815917969 0.0106048583984375 -0.0533370971679688 0.073699951171875
0.0406455993652344 0.0309867858886719 -0.0743560791015625 0.053253173828125
0.0184097290039063 0.0477523803710938 -0.0769729614257813 0.0142669677734375
-0.0228805541992188 0.0454444885253906 -0.0579147338867188 -0.0217132568359375
-0.0478935241699219 0.0175323486328125 -0.04901123046875 0.011993408203125
-0.0550193786621094 -0.0132637023925781 -0.105766296386719 0.0360488891601563
0.00949859619140624 -0.0419502258300781 -0.0638656616210938 0.09161376953125
-0.00925636291503906 -0.0304203033447266 -0.0947647094726563 0.123466491699219
-0.0193023681640625 -0.0137577056884766 -0.0267181396484375 0.129264831542969
-0.0269584655761719 0.00669670104980468 0.0261001586914062 0.08673095703125
-0.0154266357421875 0.0244083404541016 0.0331687927246094 0.0315055847167969
0.01202392578125 0.0352325439453125 0.00975322723388672 0.0115633010864258
0.0320186614990234 0.0258350372314453 -0.0213584899902344 0.0259895324707031
0.0308132171630859 0.0164642333984375 -0.0361366271972656 0.0517234802246094
0.0380439758300781 0.0139198303222656 -0.0483551025390625 0.0734100341796875
0.0392417907714844 0.0253181457519531 -0.0685501098632813 0.0712738037109375
0.0256690979003906 0.0370635986328125 -0.0845413208007813 0.0472335815429687
0.001312255859375 0.0476722717285156 -0.0813140869140625 0.00746154785156251
-0.0406112670898438 0.0320396423339844 -0.0601768493652344 -0.0235519409179688
-0.0524787902832031 -0.0125923156738281 -0.0564422607421875 0.00716781616210937
-0.0406608581542969 -0.0484428405761719 -0.114280700683594 0.0274887084960937
0.00727081298828126 0.0812454223632813 0.115501403808594 -0.0240859985351562
0.071868896484375 0.0392608642578125 0.0693016052246094 0.0145721435546875
0.0547027587890625 -0.0308990478515625 0.0712051391601563 0.0236434936523437
0.0147476196289063 -0.050140380859375 0.102081298828125 -0.000984191894531253
-0.012542724609375 -0.0432014465332031 0.101844787597656 -0.0447463989257813
-0.0389900207519531 -0.0379371643066406 0.074951171875 -0.08306884765625
-0.0381813049316406 -0.0278244018554688 0.05426025390625 -0.0834274291992188
-0.0301322937011719 -0.0303974151611328 0.0406379699707031 -0.0562362670898438
-0.0252151489257813 -0.049224853515625 0.0267448425292969 -0.0209388732910156
0.0114059448242188 -0.0503921508789063 0.000656604766845704 -0.00238990783691407
0.0465965270996094 -0.0259590148925781 -0.0427093505859375 -0.01910400390625
0.0524024963378906 0.0084381103515625 -0.0453262329101562 -0.07159423828125
0.0263023376464844 0.0557518005371094 0.0178756713867187 -0.140396118164063
-0.0116653442382812 0.0801315307617188 0.0689697265625 -0.1373291015625
-0.0466384887695313 0.0743484497070313 0.0446243286132812 -0.0835418701171875
-0.0250473022460938 0.0998153686523438 0.111152648925781 0.010406494140625
0.0506439208984375 0.0749588012695313 0.0686988830566406 0.0456886291503906
0.0587654113769531 0.00368118286132812 0.0783309936523438 0.0477828979492188
0.0367202758789062 -0.0256080627441406 0.113784790039063 0.0201416015625
0.0162353515625 -0.035980224609375 0.116523742675781 -0.0274124145507813
-0.00619125366210938 -0.0481529235839844 0.0937347412109375 -0.0732421875
-0.0114860534667969 -0.0447883605957031 0.0690689086914063 -0.0738754272460938
-0.00524520874023438 -0.0420875549316406 0.0500869750976563 -0.0440025329589844
0.00345611572265624 -0.0583267211914063 0.0317153930664063 -0.00524520874023438
0.0387687683105469 -0.0493431091308594 0.000194549560546877 0.0171422958374023
0.0660400390625 -0.0122413635253906 -0.0508766174316406 0.00201034545898437
0.0643272399902344 0.0306167602539063 -0.0639228820800781 -0.0505828857421875
0.0210494995117187 0.0802154541015625 -0.0139923095703125 -0.127037048339844
-0.0316696166992188 0.100906372070313 0.0356826782226563 -0.117919921875
-0.0715560913085938 0.09185791015625 0.0148811340332031 -0.0595741271972656
-0.05902099609375 0.1029052734375 0.0914688110351562 0.0507659912109375
0.01422119140625 0.102096557617188 0.0543441772460938 0.0860061645507813
0.0498924255371094 0.0442886352539063 0.0786972045898437 0.0804672241210938
0.05413818359375 0.0105781555175781 0.120140075683594 0.0477218627929688
0.0460548400878906 -0.0177726745605469 0.124282836914063 -0.00518035888671875
0.0322265625 -0.0490226745605469 0.104576110839844 -0.055633544921875
0.01934814453125 -0.0552711486816406 0.0730056762695313 -0.0554885864257813
0.0199203491210938 -0.0476341247558594 0.0501289367675781 -0.0257034301757813
0.0286064147949219 -0.0599822998046875 0.0292434692382813 0.0147838592529297
0.0567817687988281 -0.0455970764160156 -0.00414657592773437 0.03765869140625
0.075286865234375 -0.0042266845703125 -0.0584182739257813 0.0250473022460938
0.07098388671875 0.038360595703125 -0.0792083740234375 -0.0247802734375
0.0240402221679688 0.0885238647460938 -0.0454788208007813 -0.102836608886719
-0.0349197387695313 0.109230041503906 0.000427246093749996 -0.08746337890625
-0.0809478759765625 0.0986251831054688 -0.0194187164306641 -0.0292892456054687
-0.0836029052734375 0.0880279541015625 0.0558547973632813 0.0884933471679688
-0.0280914306640625 0.109466552734375 0.0229873657226562 0.126785278320313
0.0257949829101562 0.078582763671875 0.0669631958007813 0.114860534667969
0.057769775390625 0.0493125915527344 0.113990783691406 0.076324462890625
0.0673332214355469 0.00933456420898438 0.11822509765625 0.01898193359375
0.0652732849121094 -0.0375137329101563 0.102752685546875 -0.032379150390625
0.0478477478027344 -0.054962158203125 0.0665817260742188 -0.0306510925292969
0.0417556762695313 -0.0450897216796875 0.0416336059570313 -0.00312423706054688
0.0484542846679688 -0.0539627075195312 0.0214023590087891 0.0350189208984375
0.0677719116210938 -0.0377960205078125 -0.0104560852050781 0.0563011169433594
0.0751113891601563 0.00203704833984375 -0.0602645874023438 0.0467720031738281
0.0679931640625 0.0400924682617187 -0.0848464965820313 0.00110626220703126
0.0247726440429688 0.08380126953125 -0.06329345703125 -0.0713348388671875
-0.0340423583984375 0.101509094238281 -0.0240592956542969 -0.0488739013671875
-0.0831222534179688 0.0898056030273437 -0.0495796203613281 0.00314331054687501
-0.0926971435546875 0.0528640747070313 0.00678253173828124 0.114242553710937
-0.0626068115234375 0.0885391235351563 -0.0233154296875 0.153823852539063
-0.00811004638671876 0.0885009765625 0.038665771484375 0.141983032226563
0.0391387939453125 0.0776290893554687 0.0903701782226563 0.0991439819335938
0.0675277709960937 0.0379676818847656 0.0965957641601563 0.0386734008789063
0.0838088989257813 -0.0121536254882813 0.0845184326171875 -0.0064849853515625
0.0678749084472656 -0.04107666015625 0.04803466796875 -0.00475311279296875
0.0560340881347656 -0.0336456298828125 0.0247516632080078 0.0197067260742187
0.0622901916503906 -0.0396537780761719 0.00833892822265626 0.0531501770019531
0.0727615356445313 -0.0235443115234375 -0.0194969177246094 0.0700798034667969
0.0692405700683594 0.0114669799804687 -0.0615196228027344 0.0594596862792969
0.056182861328125 0.0440216064453125 -0.08184814453125 0.016937255859375
0.0140838623046875 0.0740203857421875 -0.0660934448242188 -0.0422592163085937
-0.0383148193359375 0.0803451538085938 -0.0367660522460938 -0.0127449035644531
-0.081695556640625 0.0638885498046875 -0.0756607055664063 0.0306625366210937
-0.075531005859375 0.0134353637695312 -0.0363388061523438 0.124229431152344
-0.0711288452148438 0.0487594604492187 -0.06488037109375 0.162979125976563
-0.0334129333496094 0.0696563720703125 0.00914001464843749 0.152938842773438
0.010528564453125 0.0789337158203125 0.063140869140625 0.105361938476562
0.0479698181152344 0.0530281066894531 0.0690155029296875 0.0441856384277344
0.0799484252929688 0.01202392578125 0.0573844909667969 0.00915908813476563
0.0737380981445313 -0.0208053588867188 0.0227279663085938 0.0155277252197266
0.0606040954589844 -0.0196113586425781 0.00439453125 0.0389747619628906
0.0672874450683594 -0.023773193359375 -0.0081939697265625 0.0671958923339844
0.0720443725585937 -0.00695037841796875 -0.03143310546875 0.0778427124023438
0.0613555908203125 0.0235443115234375 -0.0640068054199219 0.0645103454589844
0.0411949157714844 0.0500907897949219 -0.0772705078125 0.0242538452148437
-0.00457000732421876 0.0649795532226563 -0.0628166198730469 -0.0227241516113281
-0.0475883483886719 0.052642822265625 -0.0432281494140625 0.01177978515625
-0.078277587890625 0.0279617309570313 -0.0965042114257813 0.0472412109375
-0.0403556823730469 -0.0251274108886719 -0.0619430541992188 0.119224548339844
-0.0540809631347656 0.00178527832031249 -0.0912017822265625 0.156478881835938
-0.0398406982421875 0.0298728942871094 -0.01104736328125 0.149642944335937
-0.0180397033691406 0.0534324645996094 0.0415573120117188 0.100212097167969
0.0175285339355469 0.0514297485351563 0.0465583801269531 0.0393028259277344
0.0563201904296875 0.0319633483886719 0.029296875 0.0139522552490234
0.0647659301757813 0.00304794311523438 -0.00269126892089843 0.0265655517578125
0.055450439453125 -0.00232696533203125 -0.0166397094726562 0.05218505859375
0.0628890991210938 -0.0064849853515625 -0.0258407592773438 0.0766525268554688
0.0661811828613281 0.00989913940429688 -0.0467681884765625 0.0812606811523438
0.0512046813964844 0.0350456237792969 -0.0705108642578125 0.0627059936523437
0.0251502990722656 0.0572547912597656 -0.0764846801757813 0.0233078002929688
-0.0263023376464844 0.056488037109375 -0.0609931945800781 -0.0140724182128906
-0.0609893798828125 0.0232772827148437 -0.0518722534179688 0.0210723876953125
-0.0710220336914062 -0.0134506225585938 -0.113555908203125 0.0496444702148438
0.00208663940429688 -0.0565376281738281 -0.0654449462890625 0.105110168457031
-0.0198898315429687 -0.0399627685546875 -0.0921630859375 0.1435546875
-0.0303955078125 -0.0151863098144531 -0.0140228271484375 0.140556335449219
-0.0353469848632813 0.0140113830566406 0.0359725952148438 0.0866165161132812
-0.0150718688964844 0.0354499816894531 0.0360488891601563 0.0267372131347656
0.0217361450195312 0.0428733825683594 0.00780010223388672 0.00905609130859375
0.0446319580078125 0.0255470275878906 -0.0243167877197266 0.0295486450195312
0.0414352416992188 0.0148086547851562 -0.0360565185546875 0.0579910278320313
0.0493545532226563 0.0116691589355469 -0.0451583862304688 0.081878662109375
0.0515022277832031 0.0253753662109375 -0.0655899047851563 0.0792617797851563
0.0355682373046875 0.0426063537597656 -0.0829696655273438 0.056427001953125
0.00754547119140625 0.0579338073730469 -0.0823593139648438 0.0168228149414063
-0.0446205139160156 0.0434608459472656 -0.0649452209472656 -0.0167007446289062
-0.06683349609375 -0.00823211669921874 -0.06292724609375 0.0171699523925781
-0.0572052001953125 -0.053497314453125 -0.127166748046875 0.0383377075195313
0.0227127075195312 0.08441162109375 0.125869750976563 -0.0368270874023438
0.0848159790039063 0.0295028686523438 0.0776443481445313 0.00360870361328125
0.0534286499023438 -0.0436592102050781 0.0726776123046875 0.0161590576171875
0.00710296630859375 -0.0564918518066406 0.101837158203125 -0.0089111328125
-0.0228042602539062 -0.0442123413085938 0.100730895996094 -0.0531463623046875
-0.0510597229003906 -0.0331535339355469 0.0719833374023438 -0.0902862548828125
-0.0467338562011719 -0.0211830139160156 0.052001953125 -0.0922012329101563
-0.038909912109375 -0.0251426696777344 0.0415878295898438 -0.06329345703125
-0.0386199951171875 -0.0464859008789062 0.0323543548583984 -0.0261459350585938
0.00103759765625 -0.0567436218261719 0.00699853897094727 -0.00172472000122071
0.0441246032714844 -0.0382537841796875 -0.0403861999511719 -0.0109329223632813
0.0586700439453125 -0.00170516967773437 -0.0510940551757812 -0.0632972717285156
0.0400276184082031 0.0561904907226563 0.00273132324218751 -0.142974853515625
0.00234222412109375 0.090911865234375 0.060516357421875 -0.148956298828125
-0.0355758666992188 0.09033203125 0.0460052490234375 -0.0907440185546875
-0.0138168334960938 0.107025146484375 0.127815246582031 0.000427246093750007
0.0631256103515625 0.0696983337402344 0.0813827514648437 0.0360946655273438
0.0599021911621094 -0.00627899169921875 0.083709716796875 0.0394210815429687
0.0322799682617188 -0.0321979522705078 0.117835998535156 0.01177978515625
0.009124755859375 -0.0387458801269531 0.118881225585938 -0.0372772216796875
-0.0154876708984375 -0.0467872619628906 0.092620849609375 -0.0829849243164062
-0.0185089111328125 -0.0421218872070313 0.0688629150390625 -0.0845413208007813
-0.0119209289550781 -0.0406150817871094 0.0533638000488281 -0.0534477233886719
-0.00708007812499999 -0.0591087341308594 0.0404319763183594 -0.0113906860351563
0.03125 -0.0560455322265625 0.0110626220703125 0.0176277160644531
0.0666007995605469 -0.0227165222167969 -0.0453453063964844 0.0111351013183594
0.0724029541015625 0.023101806640625 -0.0662384033203125 -0.0392112731933594
0.0338134765625 0.0831375122070312 -0.0270538330078125 -0.124496459960938
-0.0203628540039063 0.114295959472656 0.0292282104492187 -0.124534606933594
-0.0636367797851563 0.110107421875 0.0180015563964844 -0.0604057312011719
-0.0528488159179688 0.112571716308594 0.111404418945313 0.0457305908203125
0.02362060546875 0.102668762207031 0.0716705322265625 0.080810546875
0.0525970458984375 0.0398368835449219 0.0884552001953125 0.0724105834960938
0.0543098449707031 0.0058746337890625 0.127983093261719 0.0392074584960938
0.0434951782226563 -0.0213661193847656 0.129562377929688 -0.0165328979492188
0.0262527465820312 -0.0512886047363281 0.106651306152344 -0.0682144165039063
0.0144691467285156 -0.05694580078125 0.076202392578125 -0.0670547485351563
0.0163688659667969 -0.049102783203125 0.0560569763183594 -0.03558349609375
0.0228538513183594 -0.0627326965332031 0.0402984619140625 0.0080413818359375
0.0539970397949219 -0.0523910522460938 0.00949478149414063 0.0379257202148438
0.0779190063476563 -0.0120086669921875 -0.0489883422851563 0.034881591796875
0.0788345336914063 0.0335617065429688 -0.0786514282226563 -0.011505126953125
0.0345993041992187 0.0926055908203125 -0.0555877685546875 -0.09552001953125
-0.0273895263671875 0.122589111328125 -0.00335693359374999 -0.0878219604492187
-0.077789306640625 0.116050720214844 -0.0145664215087891 -0.0245571136474609
-0.0854568481445312 0.0982666015625 0.076507568359375 0.090087890625
-0.0234909057617187 0.115570068359375 0.0443344116210938 0.127174377441406
0.0293731689453125 0.0800018310546875 0.0806350708007813 0.109451293945313
0.061676025390625 0.0491218566894531 0.124412536621094 0.06854248046875
0.0699119567871094 0.00663375854492187 0.125801086425781 0.00879669189453125
0.065460205078125 -0.0422821044921875 0.106903076171875 -0.044586181640625
0.0463409423828125 -0.060272216796875 0.071563720703125 -0.0414352416992188
0.0418281555175781 -0.0495452880859375 0.0483131408691406 -0.0119438171386719
0.0481986999511719 -0.0588760375976562 0.0335121154785156 0.0295886993408203
0.0694656372070313 -0.0438957214355469 0.00444412231445313 0.0557861328125
0.0797271728515625 -0.00311279296875 -0.0487823486328125 0.0546684265136719
0.0757522583007813 0.038330078125 -0.08013916015625 0.0134735107421875
0.031646728515625 0.0887908935546875 -0.0695915222167969 -0.0616264343261719
-0.0306549072265625 0.113380432128906 -0.0244178771972656 -0.0446929931640625
-0.0842056274414063 0.104339599609375 -0.0440788269042969 0.0124588012695313
-0.1009521484375 0.0605850219726563 0.0252609252929688 0.122978210449219
-0.0660858154296875 0.0971908569335938 -0.0027923583984375 0.161575317382812
-0.00703430175781251 0.09515380859375 0.055328369140625 0.140007019042969
0.0448455810546875 0.082305908203125 0.102409362792969 0.0935592651367188
0.0748214721679688 0.03802490234375 0.104598999023437 0.0301971435546875
0.0896072387695313 -0.0190963745117188 0.0897903442382813 -0.0171737670898438
0.0711212158203125 -0.0493850708007812 0.0533943176269531 -0.0116958618164063
0.0601387023925781 -0.0409049987792969 0.0316009521484375 0.0140819549560547
0.0662460327148438 -0.0470314025878906 0.0195732116699219 0.0494499206542969
0.07855224609375 -0.0293426513671875 -0.00597000122070312 0.0697517395019531
0.0769805908203125 0.010040283203125 -0.0495567321777344 0.06591796875
0.0643119812011719 0.0463180541992188 -0.0755081176757812 0.0281982421875
0.0179901123046875 0.0811309814453125 -0.0677413940429688 -0.0327987670898437
-0.040008544921875 0.0908126831054688 -0.0337409973144531 -0.00568771362304687
-0.0872879028320313 0.0762557983398437 -0.0707168579101563 0.0428848266601563
-0.088470458984375 0.0157699584960938 -0.0225677490234375 0.137123107910156
-0.081451416015625 0.0558242797851562 -0.0478973388671875 0.176925659179688
-0.0371246337890625 0.07830810546875 0.026580810546875 0.154327392578125
0.0144805908203125 0.088104248046875 0.0750198364257813 0.101829528808594
0.0569076538085937 0.0573158264160156 0.0755996704101563 0.0379562377929688
0.0898284912109375 0.0078277587890625 0.0610122680664063 0.001953125
0.0808486938476563 -0.028656005859375 0.0268592834472656 0.0119972229003906
0.0673027038574219 -0.0265998840332031 0.0105628967285156 0.0367660522460937
0.073455810546875 -0.03131103515625 0.0011444091796875 0.0656394958496094
0.081512451171875 -0.01275634765625 -0.01983642578125 0.0789337158203125
0.0710220336914063 0.0233078002929688 -0.0533447265625 0.0700759887695312
0.0497055053710938 0.0552711486816406 -0.0710906982421875 0.0329132080078125
-0.00297546386718749 0.074188232421875 -0.0615081787109375 -0.0135536193847656
-0.0544281005859375 0.0632858276367188 -0.040008544921875 0.0201416015625
-0.0891265869140625 0.0370864868164063 -0.0943832397460938 0.0609512329101563
-0.0546493530273438 -0.0288772583007813 -0.0544357299804688 0.133758544921875
-0.067901611328125 0.00377655029296874 -0.0775909423828125 0.17254638671875
-0.0483932495117188 0.03680419921875 0.0045318603515625 0.153335571289063
-0.0174980163574219 0.0650863647460938 0.05206298828125 0.0967178344726562
0.0242767333984375 0.0592193603515625 0.0500221252441406 0.0342674255371094
0.0689582824707031 0.0311470031738281 0.0302925109863281 0.0107669830322266
0.0750579833984375 -0.00418853759765625 -0.000785827636718743 0.0271739959716797
0.0643730163574219 -0.00942230224609375 -0.0124702453613281 0.0538291931152344
0.071929931640625 -0.0143966674804688 -0.0181732177734375 0.0783233642578125
0.0774307250976563 0.00368499755859375 -0.0381317138671875 0.0834121704101563
0.0622634887695313 0.0352783203125 -0.063323974609375 0.067840576171875
0.0348625183105469 0.0632362365722656 -0.0717849731445313 0.0308456420898437
-0.0258026123046875 0.0679740905761719 -0.0597915649414063 -0.00603103637695311
-0.0715560913085938 0.0332717895507813 -0.0502510070800781 0.0307731628417969
-0.0858917236328125 -0.00748443603515624 -0.1156005859375 0.06396484375
-0.0117111206054687 -0.0664939880371094 -0.0626907348632812 0.117843627929688
-0.0356712341308594 -0.0440216064453125 -0.082305908203125 0.1590576171875
-0.0415229797363281 -0.0124969482421875 0.000839233398437496 0.144058227539063
-0.0410881042480469 0.0251350402832031 0.0445938110351563 0.082183837890625
-0.0108985900878906 0.0459823608398438 0.0363311767578125 0.0207023620605469
0.03515625 0.0457077026367188 0.0050816535949707 0.00740671157836914
0.0561370849609375 0.0205421447753906 -0.0257511138916016 0.0331058502197266
0.0516090393066406 0.010040283203125 -0.0335693359375 0.0633888244628906
0.0601463317871094 0.005340576171875 -0.0403366088867187 0.0859832763671875
0.0629005432128906 0.0204849243164063 -0.0598373413085937 0.084014892578125
0.0471076965332031 0.0429420471191406 -0.07891845703125 0.0629806518554688
0.0163307189941406 0.0653305053710937 -0.08050537109375 0.023712158203125
-0.0450439453125 0.0559577941894531 -0.0640068054199219 -0.00857543945312501
-0.07867431640625 0.000846862792968749 -0.0643348693847656 0.0272636413574219
-0.0746688842773437 -0.0513916015625 -0.133583068847656 0.051544189453125
0.036712646484375 0.082672119140625 0.132881164550781 -0.0497360229492187
0.0922164916992188 0.0165939331054687 0.08056640625 -0.00817108154296875
0.0486793518066406 -0.0533447265625 0.0713424682617187 0.00988769531249999
-0.00157546997070313 -0.0605430603027344 0.100326538085938 -0.01318359375
-0.0316047668457031 -0.04327392578125 0.0988998413085938 -0.0571365356445313
-0.0589065551757813 -0.0243682861328125 0.069305419921875 -0.0937728881835938
-0.0522346496582031 -0.0130538940429688 0.0498199462890625 -0.0973434448242188
-0.0443534851074219 -0.0185661315917969 0.041473388671875 -0.0703659057617187
-0.0485267639160156 -0.0401573181152344 0.0363922119140625 -0.0322494506835938
-0.00970077514648438 -0.0581016540527344 0.0151605606079102 -0.00400638580322266
0.0384902954101563 -0.047332763671875 -0.0345191955566406 -0.00602340698242188
0.0605316162109375 -0.0119056701660156 -0.0511322021484375 -0.0549659729003906
0.0521812438964844 0.0534858703613281 -0.007659912109375 -0.14013671875
0.0188980102539062 0.09613037109375 0.052490234375 -0.155609130859375
-0.0217437744140625 0.100410461425781 0.0477447509765625 -0.0965805053710938
-0.00297546386718749 0.109230041503906 0.139801025390625 -0.0113525390625
0.0709686279296875 0.0616531372070312 0.0891189575195313 0.0241546630859375
0.0572357177734375 -0.013641357421875 0.0848617553710938 0.031707763671875
0.0266036987304688 -0.0355758666992188 0.118377685546875 0.00630950927734375
0.00213623046875 -0.0381278991699219 0.119117736816406 -0.0440216064453125
-0.0232582092285156 -0.0416221618652344 0.0924301147460937 -0.090301513671875
-0.0236549377441406 -0.0377006530761719 0.0685195922851563 -0.093719482421875
-0.0167312622070312 -0.0371894836425781 0.0549049377441406 -0.0635223388671875
-0.0147056579589844 -0.0563392639160156 0.0472183227539062 -0.0198898315429688
0.0239067077636719 -0.0590972900390625 0.0217266082763672 0.0136203765869141
0.0641326904296875 -0.0309104919433594 -0.0357513427734375 0.0164909362792969
0.0763320922851563 0.0145950317382813 -0.0631561279296875 -0.0297698974609375
0.0445785522460938 0.0826644897460937 -0.0351715087890625 -0.118278503417969
-0.00740814208984374 0.122703552246094 0.0238494873046875 -0.127090454101563
-0.0534744262695312 0.122634887695312 0.0237579345703125 -0.0621795654296875
-0.0475921630859375 0.119316101074219 0.127479553222656 0.0368423461914063
0.030487060546875 0.101028442382813 0.0840301513671875 0.0703811645507813
0.0528221130371094 0.0356941223144531 0.0936050415039063 0.0640487670898437
0.0524406433105469 0.00325775146484375 0.131065368652344 0.0319290161132813
0.0407905578613281 -0.0222625732421875 0.131797790527344 -0.0241546630859375
0.0211563110351562 -0.0509986877441406 0.106819152832031 -0.0772323608398438
0.0109901428222656 -0.0563583374023438 0.077117919921875 -0.0771942138671875
0.0137786865234375 -0.0492782592773438 0.059051513671875 -0.0463180541992188
0.0185966491699219 -0.0632095336914063 0.0485458374023437 -0.000991821289062504
0.0506248474121094 -0.0566482543945313 0.0222702026367188 0.0331783294677734
0.0789794921875 -0.0184173583984375 -0.0371856689453125 0.0389785766601563
0.083648681640625 0.0279541015625 -0.0716781616210938 -0.00125122070312499
0.042938232421875 0.09381103515625 -0.0598068237304687 -0.087005615234375
-0.018646240234375 0.132034301757812 -0.0047454833984375 -0.0874862670898437
-0.0720062255859375 0.129135131835937 -0.00690460205078125 -0.0221195220947266
-0.0861740112304688 0.106513977050781 0.0943069458007813 0.0863113403320313
-0.0204620361328125 0.120063781738281 0.0601348876953125 0.120979309082031
0.0311508178710937 0.0814132690429687 0.0894393920898438 0.101577758789063
0.0639801025390625 0.0493736267089844 0.130615234375 0.060699462890625
0.0719451904296875 0.00504302978515625 0.129478454589844 -0.00070953369140625
0.0646743774414063 -0.0455741882324219 0.108024597167969 -0.0541534423828125
0.0456161499023438 -0.0641212463378906 0.073486328125 -0.0507278442382813
0.0418701171875 -0.0529212951660156 0.0523757934570312 -0.0216484069824219
0.0473976135253906 -0.0628929138183594 0.0418205261230469 0.0201301574707031
0.0697555541992188 -0.0491714477539062 0.0167198181152344 0.0505142211914063
0.0841217041015625 -0.0067901611328125 -0.03631591796875 0.0568008422851563
0.0823440551757813 0.036651611328125 -0.0717315673828125 0.0220947265625
0.0379867553710938 0.0926895141601563 -0.0692214965820313 -0.0528335571289063
-0.0275115966796875 0.123359680175781 -0.0216331481933594 -0.0419578552246094
-0.0833053588867187 0.116706848144531 -0.035675048828125 0.0178451538085938
-0.107872009277344 0.0685348510742187 0.04229736328125 0.125312805175781
-0.0684890747070313 0.10516357421875 0.0145263671875 0.161651611328125
-0.00650787353515626 0.101753234863281 0.0656280517578125 0.134674072265625
0.0506515502929687 0.086456298828125 0.109703063964844 0.0871810913085938
0.08026123046875 0.0380477905273438 0.108802795410156 0.0226364135742188
0.0935897827148438 -0.02423095703125 0.0919952392578125 -0.0254898071289063
0.0732192993164063 -0.0566558837890625 0.0558929443359375 -0.0186195373535156
0.0629463195800781 -0.046112060546875 0.0363998413085938 0.00720977783203125
0.0690078735351562 -0.053131103515625 0.0269088745117188 0.0421257019042969
0.083282470703125 -0.0355758666992188 0.00529098510742188 0.0645713806152344
0.0839691162109375 0.0078887939453125 -0.0380973815917969 0.0667877197265625
0.0721893310546875 0.0474853515625 -0.0668182373046875 0.0341644287109375
0.0218124389648437 0.0869216918945313 -0.0642738342285156 -0.0250396728515625
-0.041290283203125 0.101158142089844 -0.02838134765625 -0.00127601623535155
-0.0921783447265625 0.0880584716796875 -0.0626716613769531 0.0507278442382812
-0.10107421875 0.0205764770507813 -0.00906372070312502 0.144760131835937
-0.0905609130859375 0.0640106201171875 -0.031494140625 0.181991577148438
-0.0397109985351563 0.0872726440429687 0.037872314453125 0.151382446289063
0.01959228515625 0.0965194702148438 0.0822982788085938 0.0970840454101563
0.0655746459960938 0.06011962890625 0.0786361694335938 0.0315780639648438
0.0982894897460938 0.00217437744140625 0.0627937316894531 -0.00410842895507813
0.0863571166992188 -0.0376739501953125 0.0292987823486328 0.00791168212890625
0.0720596313476562 -0.0338134765625 0.0146694183349609 0.0328445434570313
0.0798263549804688 -0.03961181640625 0.00840377807617188 0.0616340637207031
0.0892181396484375 -0.0199966430664063 -0.0108413696289062 0.0749130249023438
0.08074951171875 0.0218963623046875 -0.0443611145019531 0.0695724487304688
0.0592842102050781 0.0589027404785156 -0.0632667541503906 0.0370979309082031
-0.000549316406249997 0.083221435546875 -0.0571823120117188 -0.00760650634765625
-0.05999755859375 0.0746307373046875 -0.0338306427001953 0.0257587432861328
-0.0985260009765625 0.0479202270507813 -0.0882644653320312 0.0710678100585938
-0.0699539184570313 -0.02923583984375 -0.0453948974609375 0.143722534179688
-0.0810165405273438 0.00901031494140624 -0.0644989013671875 0.181488037109375
-0.0552330017089844 0.0450668334960938 0.0169219970703125 0.151992797851562
-0.015472412109375 0.0760574340820313 0.057830810546875 0.0912933349609375
0.0332756042480469 0.0653343200683594 0.0503883361816406 0.0299186706542969
0.0805587768554688 0.0279159545898437 0.0295677185058594 0.00724029541015625
0.083038330078125 -0.013519287109375 -0.00024032592773437 0.0269355773925781
0.071014404296875 -0.0174789428710938 -0.00870513916015625 0.05419921875
0.0791549682617188 -0.0230560302734375 -0.0137100219726562 0.07745361328125
0.0869598388671875 -0.0037689208984375 -0.031341552734375 0.0819549560546875
0.0723342895507813 0.0336151123046875 -0.0560493469238281 0.068603515625
0.0450019836425781 0.0674018859863281 -0.0656852722167969 0.0337638854980469
-0.0233230590820313 0.0785751342773438 -0.0550308227539063 -0.000717163085937505
-0.0788192749023438 0.0450820922851563 -0.0453720092773438 0.0386161804199219
-0.0992355346679688 0.00197601318359375 -0.113761901855469 0.07470703125
-0.0262069702148438 -0.0716171264648437 -0.0589447021484375 0.128005981445313
-0.0507965087890625 -0.0441360473632813 -0.072540283203125 0.16790771484375
-0.0516586303710938 -0.00688934326171876 0.0120086669921875 0.141830444335938
-0.04229736328125 0.036163330078125 0.0477371215820313 0.0758209228515625
-0.003662109375 0.0541915893554688 0.0333003997802734 0.0165691375732422
0.0474319458007813 0.0451240539550781 0.00136423110961914 0.00718879699707032
0.0658416748046875 0.0127449035644531 -0.0276298522949219 0.0363616943359375
0.058746337890625 0.00217819213867188 -0.0317153930664062 0.0680618286132813
0.0673675537109375 -0.0028533935546875 -0.0370407104492187 0.0890731811523438
0.0733642578125 0.0126571655273438 -0.055267333984375 0.0862274169921875
0.0571365356445313 0.0416450500488281 -0.0742340087890625 0.065338134765625
0.0276412963867188 0.0690689086914063 -0.07568359375 0.0269393920898437
-0.0418891906738281 0.0670547485351563 -0.0607109069824219 -0.0032958984375
-0.0874481201171875 0.0123138427734375 -0.0624771118164063 0.0365753173828125
-0.0896835327148438 -0.0445938110351562 -0.136482238769531 0.0635833740234375
0.0462112426757812 0.0787429809570313 0.138740539550781 -0.0616989135742187
0.097564697265625 0.0059967041015625 0.0822601318359375 -0.0186004638671875
0.04376220703125 -0.0608291625976562 0.0690879821777344 0.00654220581054687
-0.00949096679687501 -0.0635528564453125 0.0998306274414063 -0.0144119262695313
-0.0390663146972656 -0.0398826599121094 0.0995559692382812 -0.059356689453125
-0.0647392272949219 -0.0160789489746094 0.06976318359375 -0.0972137451171875
-0.0557098388671875 -0.00559616088867188 0.049530029296875 -0.103736877441406
-0.0483589172363281 -0.0118942260742188 0.0420608520507813 -0.0770645141601563
-0.0554237365722656 -0.0329170227050781 0.0396347045898438 -0.0399856567382813
-0.0194282531738281 -0.0574455261230469 0.0215778350830078 -0.00867843627929688
0.0327186584472656 -0.0542259216308594 -0.027740478515625 -0.00352668762207032
0.060760498046875 -0.0210418701171875 -0.04876708984375 -0.0499801635742187
0.0626068115234375 0.0490875244140625 -0.01275634765625 -0.136489868164063
0.0328292846679688 0.0987014770507812 0.04833984375 -0.160247802734375
-0.00910186767578126 0.106552124023438 0.0520477294921875 -0.103538513183594
0.00452423095703125 0.110206604003906 0.14959716796875 -0.0228118896484375
0.0760269165039063 0.055145263671875 0.093231201171875 0.0128936767578125
0.0539817810058594 -0.0192718505859375 0.0849227905273438 0.0270843505859375
0.0218276977539063 -0.0363388061523438 0.119712829589844 0.00345611572265625
-0.00267410278320312 -0.0364341735839844 0.12066650390625 -0.0481185913085937
-0.02777099609375 -0.0366134643554687 0.0935592651367187 -0.096099853515625
-0.0254077911376953 -0.0329799652099609 0.068511962890625 -0.101791381835937
-0.0189666748046875 -0.0333309173583984 0.0561294555664063 -0.0721588134765625
-0.0198936462402344 -0.0517997741699219 0.0525054931640625 -0.0296859741210938
0.0178604125976562 -0.0604209899902344 0.0303306579589844 0.0075836181640625
0.0617485046386719 -0.0369110107421875 -0.0261268615722656 0.0181713104248047
0.078948974609375 0.0077056884765625 -0.05816650390625 -0.0232582092285156
0.0533599853515625 0.0813827514648438 -0.0383377075195312 -0.112655639648438
0.00420379638671876 0.129341125488281 0.0223312377929688 -0.130348205566406
-0.0439605712890625 0.132942199707031 0.0306777954101563 -0.06634521484375
-0.0444717407226563 0.124168395996094 0.141006469726562 0.0280914306640625
0.0344772338867187 0.0997085571289062 0.0922012329101563 0.0609130859375
0.0516166687011719 0.0345878601074219 0.0954971313476563 0.0586471557617188
0.0515861511230469 0.003631591796875 0.133674621582031 0.0284881591796875
0.0394630432128906 -0.0215873718261719 0.13507080078125 -0.0299606323242188
0.0189590454101562 -0.0487442016601562 0.108749389648438 -0.084686279296875
0.00975418090820313 -0.0560340881347656 0.07867431640625 -0.087890625
0.0138931274414062 -0.0489234924316406 0.06103515625 -0.0567512512207031
0.0162315368652344 -0.064117431640625 0.0546302795410156 -0.0116958618164063
0.0482864379882813 -0.0586700439453125 0.03143310546875 0.0260086059570312
0.079864501953125 -0.0230636596679688 -0.0265731811523437 0.0389328002929688
0.0880203247070312 0.0247650146484375 -0.0637245178222656 0.003753662109375
0.0501251220703125 0.0954666137695313 -0.060089111328125 -0.0819473266601563
-0.0113754272460938 0.140434265136719 -0.00363922119140626 -0.0882720947265625
-0.06695556640625 0.141021728515625 0.001190185546875 -0.0228862762451172
-0.0883255004882812 0.114212036132813 0.109382629394531 0.0813751220703125
-0.0204010009765625 0.12548828125 0.0707855224609375 0.114227294921875
0.0314712524414062 0.0839462280273438 0.0934600830078125 0.0961532592773437
0.0673179626464844 0.0516891479492188 0.133987426757813 0.05670166015625
0.0739974975585938 0.005279541015625 0.132713317871094 -0.00690460205078125
0.06500244140625 -0.0481491088867188 0.110176086425781 -0.0626373291015625
0.0461654663085938 -0.0675735473632813 0.0751190185546875 -0.0601119995117188
0.0435714721679688 -0.0565109252929687 0.0544624328613281 -0.0310096740722656
0.0484619140625 -0.0668106079101562 0.0474586486816406 0.0103683471679687
0.071868896484375 -0.0533065795898438 0.025848388671875 0.0428466796875
0.0883712768554688 -0.00994110107421875 -0.025726318359375 0.0557861328125
0.088226318359375 0.0360870361328125 -0.0630607604980469 0.0262870788574219
0.0423507690429687 0.0973663330078125 -0.0665054321289063 -0.0476112365722656
-0.0248489379882812 0.133209228515625 -0.0170021057128906 -0.0413627624511719
-0.0829086303710938 0.129302978515625 -0.0270843505859375 0.0201759338378906
-0.116607666015625 0.0773086547851563 0.0567626953125 0.126564025878906
-0.0723648071289062 0.114936828613281 0.0267333984375 0.159454345703125
-0.00779724121093749 0.108779907226563 0.0724868774414063 0.129440307617188
0.0560455322265625 0.092437744140625 0.114112854003906 0.0833892822265625
0.0869674682617188 0.0390701293945313 0.11199951171875 0.0176773071289063
0.098236083984375 -0.0289459228515625 0.09417724609375 -0.0333099365234375
0.0757827758789063 -0.0627593994140625 0.0588645935058594 -0.0257225036621094
0.0670814514160156 -0.0527687072753906 0.0384902954101563 7.62939453124677E-06
0.0727081298828125 -0.0595474243164063 0.0316905975341797 0.0344295501708984
0.0888748168945313 -0.0416488647460938 0.0128402709960938 0.0578460693359375
0.0909881591796875 0.0058441162109375 -0.0298881530761719 0.0640869140625
0.0802459716796875 0.0490798950195313 -0.0580711364746094 0.03643798828125
0.0251083374023437 0.0946502685546875 -0.0604057312011719 -0.0221061706542969
-0.0429229736328125 0.112686157226563 -0.0223331451416016 0.000547409057617199
-0.0970001220703125 0.099578857421875 -0.055328369140625 0.0555763244628907
-0.114593505859375 0.0280303955078125 0.002685546875 0.149749755859375
-0.0994033813476563 0.0742645263671875 -0.0204315185546875 0.18463134765625
-0.0428848266601563 0.0973892211914063 0.046051025390625 0.148056030273438
0.0245590209960938 0.105690002441406 0.0866851806640625 0.093505859375
0.0749893188476563 0.06268310546875 0.0803451538085937 0.0280303955078125
0.107109069824219 -0.0024566650390625 0.0640106201171875 -0.00828933715820312
0.0903472900390625 -0.0465545654296875 0.031036376953125 0.0044097900390625
0.07666015625 -0.0417022705078125 0.0168724060058594 0.0287227630615234
0.0856094360351563 -0.0482635498046875 0.0108184814453125 0.0562667846679688
0.096466064453125 -0.02764892578125 -0.0060272216796875 0.0700187683105469
0.090087890625 0.02044677734375 -0.0379486083984375 0.0677413940429688
0.0685539245605469 0.0620384216308594 -0.05645751953125 0.0378608703613281
0.002532958984375 0.0924758911132813 -0.0517196655273438 -0.00586318969726563
-0.0649185180664063 0.08740234375 -0.0276470184326172 0.0296058654785156
-0.107406616210938 0.0590896606445312 -0.08349609375 0.0783233642578125
-0.085113525390625 -0.025909423828125 -0.0393524169921875 0.152816772460938
-0.0938720703125 0.015960693359375 -0.0554351806640625 0.187332153320312
-0.0631179809570312 0.0544242858886719 0.023284912109375 0.149734497070313
-0.012298583984375 0.086700439453125 0.0601425170898438 0.0886917114257813
0.0421638488769531 0.0700874328613281 0.0504646301269531 0.0277290344238281
0.0909271240234375 0.0234909057617187 0.0287208557128906 0.00551605224609375
0.0896072387695313 -0.0231246948242188 0.000391006469726566 0.0276336669921875
0.076568603515625 -0.0262222290039063 -0.0071868896484375 0.0539970397949219
0.0850067138671875 -0.0319671630859375 -0.0119476318359375 0.0756378173828125
0.0952911376953125 -0.0118637084960937 -0.0286178588867188 0.0797119140625
0.0825881958007813 0.03167724609375 -0.0527992248535156 0.06689453125
0.0555267333984375 0.0703048706054687 -0.061126708984375 0.0341072082519531
-0.0196762084960938 0.0888290405273438 -0.0503082275390625 0.000179290771484391
-0.0847091674804688 0.0578994750976563 -0.039794921875 0.0433769226074219
-0.110496520996094 0.0120620727539063 -0.112602233886719 0.0842208862304688
-0.039703369140625 -0.073089599609375 -0.057769775390625 0.136802673339844
-0.0642204284667969 -0.0410308837890625 -0.0662384033203125 0.17498779296875
-0.0605621337890625 0.000198364257812508 0.0180892944335937 0.139228820800781
-0.0415382385253906 0.0483665466308594 0.0477523803710938 0.07208251953125
0.00372695922851563 0.0614013671875 0.0296154022216797 0.0149478912353516
0.058624267578125 0.0419692993164063 -0.00245141983032226 0.00857257843017578
0.0731201171875 0.00426483154296875 -0.0294265747070312 0.041259765625
0.0628776550292969 -0.00539398193359375 -0.0311431884765625 0.0715408325195313
0.0727996826171875 -0.011627197265625 -0.034912109375 0.0914154052734375
0.0809860229492188 0.0043792724609375 -0.054534912109375 0.0861434936523438
0.0663223266601563 0.0393218994140625 -0.0730361938476563 0.065887451171875
0.03753662109375 0.0720672607421875 -0.073760986328125 0.0264892578125
-0.039093017578125 0.076568603515625 -0.0573692321777344 -0.00100326538085937
-0.0943450927734375 0.0240097045898438 -0.0594978332519531 0.044342041015625
-0.102119445800781 -0.0365753173828125 -0.140625 0.0742950439453125
0.0572052001953125 0.0766525268554688 0.145004272460938 -0.07440185546875
0.101669311523438 -0.00507354736328125 0.0826416015625 -0.0283050537109375
0.039825439453125 -0.0677680969238281 0.0677337646484375 0.00424575805664062
-0.0169639587402344 -0.065032958984375 0.102447509765625 -0.0148696899414063
-0.0456581115722656 -0.0372123718261719 0.1029052734375 -0.0621261596679688
-0.0705032348632813 -0.008148193359375 0.0739364624023438 -0.102439880371094
-0.0581016540527344 0.0027923583984375 0.0511322021484375 -0.111862182617188
-0.0505447387695313 -0.00568771362304688 0.042877197265625 -0.085662841796875
-0.0622482299804687 -0.0253982543945312 0.0428924560546875 -0.0488243103027344
-0.0283203125 -0.0561561584472656 0.0270099639892578 -0.0151309967041016
0.0263214111328125 -0.0611419677734375 -0.0209064483642578 -0.00416946411132813
0.0605850219726563 -0.0293655395507813 -0.0456047058105469 -0.0465011596679687
0.07196044921875 0.0440826416015625 -0.015380859375 -0.136360168457031
0.0472259521484375 0.100143432617188 0.045318603515625 -0.169448852539063
0.0034332275390625 0.113075256347656 0.0563278198242187 -0.11346435546875
0.0114288330078125 0.112831115722656 0.160995483398438 -0.0359039306640625
0.0802001953125 0.0501556396484375 0.09735107421875 0.00350189208984375
0.0510215759277344 -0.0230369567871094 0.0849838256835938 0.0241470336914063
0.0178146362304688 -0.0373992919921875 0.122879028320313 0.0016937255859375
-0.00603866577148438 -0.0340156555175781 0.125137329101563 -0.0532684326171875
-0.031524658203125 -0.0308837890625 0.0968551635742188 -0.104568481445313
-0.0270347595214844 -0.0295944213867188 0.0697174072265625 -0.113006591796875
-0.0198154449462891 -0.0307083129882813 0.0572280883789063 -0.0836715698242188
-0.0244483947753906 -0.0490074157714844 0.0563201904296875 -0.0407257080078125
0.0125656127929688 -0.06182861328125 0.0382843017578125 -8.01086425781288E-05
0.0585823059082031 -0.0428657531738281 -0.0175695419311523 0.0163822174072266
0.0810928344726563 0.0018768310546875 -0.0519180297851562 -0.0203628540039063
0.0626983642578125 0.0808258056640625 -0.0396575927734375 -0.110610961914063
0.0157852172851563 0.135543823242188 0.0218353271484375 -0.136077880859375
-0.0348663330078125 0.1429443359375 0.0379257202148438 -0.07354736328125
-0.0427398681640625 0.13153076171875 0.155014038085938 0.017578125
0.0375213623046875 0.1016845703125 0.0985946655273438 0.0513916015625
0.0507049560546875 0.034393310546875 0.09765625 0.055908203125
0.0517845153808594 0.00426864624023438 0.13995361328125 0.0257720947265625
0.0394210815429688 -0.0212249755859375 0.140190124511719 -0.0358428955078125
0.0177726745605469 -0.0474319458007812 0.11181640625 -0.0948638916015625
0.00966644287109375 -0.0560722351074219 0.080413818359375 -0.0992050170898438
0.0147171020507813 -0.0504150390625 0.06158447265625 -0.0680503845214844
0.0152549743652344 -0.0652008056640625 0.058502197265625 -0.0238075256347656
0.0475540161132812 -0.0626792907714844 0.03948974609375 0.016876220703125
0.0826034545898438 -0.0276718139648438 -0.0162696838378906 0.0369415283203125
0.0938491821289062 0.02227783203125 -0.0564765930175781 0.00585556030273437
0.0579757690429687 0.098602294921875 -0.0593414306640625 -0.0785675048828125
-0.003662109375 0.150482177734375 -0.00136566162109375 -0.0918121337890625
-0.062225341796875 0.153793334960937 0.0103569030761719 -0.0267848968505859
-0.0930709838867188 0.126701354980469 0.125129699707031 0.0765228271484375
-0.0191650390625 0.133583068847656 0.0805435180664063 0.109153747558594
0.0320816040039062 0.0904388427734375 0.09735107421875 0.0928955078125
0.0716018676757813 0.0552520751953125 0.14105224609375 0.055084228515625
0.0791549682617188 0.0053253173828125 0.138450622558594 -0.0123062133789063
0.0676612854003906 -0.0503425598144531 0.113594055175781 -0.0729522705078125
0.0477676391601562 -0.07232666015625 0.0778884887695313 -0.0709304809570313
0.0467109680175781 -0.060760498046875 0.0561981201171875 -0.0416297912597656
0.0506820678710938 -0.0718536376953125 0.0511245727539063 0.000484466552734371
0.075469970703125 -0.0595474243164062 0.0331497192382813 0.0349445343017578
0.0955734252929687 -0.012451171875 -0.0173110961914062 0.0520515441894531
0.09661865234375 0.0362396240234375 -0.0549240112304687 0.0271949768066406
0.0488357543945313 0.103584289550781 -0.0637321472167969 -0.0451240539550781
-0.0208892822265625 0.146041870117188 -0.0131568908691406 -0.0431022644042969
-0.083465576171875 0.143997192382813 -0.0188140869140625 0.0203533172607422
-0.126617431640625 0.0888900756835938 0.071014404296875 0.128028869628906
-0.0772857666015625 0.127578735351563 0.0368499755859375 0.159133911132813
-0.00785827636718749 0.119674682617187 0.0772018432617188 0.128311157226563
0.0627517700195312 0.0996017456054688 0.120170593261719 0.082244873046875
0.0956268310546875 0.0399703979492188 0.117073059082031 0.0135040283203125
0.104751586914063 -0.0345458984375 0.0962677001953125 -0.041473388671875
0.0803451538085938 -0.0713424682617188 0.0605735778808594 -0.0339164733886719
0.0707931518554688 -0.0600128173828125 0.0397605895996094 -0.00678634643554688
0.0769577026367188 -0.0681533813476563 0.0343246459960938 0.0276737213134766
0.0953216552734375 -0.0485992431640625 0.0183601379394531 0.0510101318359375
0.1014404296875 0.0035552978515625 -0.022918701171875 0.0611724853515625
0.0897979736328125 0.050811767578125 -0.0517807006835937 0.0360755920410156
0.0293807983398438 0.10369873046875 -0.056671142578125 -0.0211563110351562
-0.0430374145507812 0.127395629882813 -0.0166683197021484 0.000224113464355474
-0.10186767578125 0.113990783691406 -0.0486717224121094 0.0590705871582031
-0.127403259277344 0.0369491577148438 0.01324462890625 0.155975341796875
-0.109077453613281 0.0872650146484375 -0.011444091796875 0.1895751953125
-0.0459213256835938 0.110618591308594 0.0518035888671875 0.1485595703125
0.0314712524414062 0.116493225097656 0.0901336669921875 0.09320068359375
0.0850448608398438 0.0671463012695313 0.0835342407226563 0.0263290405273438
0.116958618164063 -0.0101470947265625 0.0655670166015625 -0.0142402648925781
0.0960769653320313 -0.0568771362304688 0.0328502655029297 0.00148773193359375
0.082855224609375 -0.0517578125 0.0188198089599609 0.0255413055419922
0.0911636352539063 -0.0577239990234375 0.0126762390136719 0.0535926818847656
0.105171203613281 -0.036651611328125 -0.003631591796875 0.0658378601074219
0.100051879882813 0.0170211791992188 -0.0343551635742187 0.0648880004882813
0.08013916015625 0.0646209716796875 -0.0526390075683594 0.0368995666503906
0.00653839111328124 0.104011535644531 -0.0481529235839844 -0.00656890869140625
-0.0681533813476562 0.102737426757812 -0.0214996337890625 0.0308380126953125
-0.115562438964844 0.0732574462890625 -0.0790557861328125 0.0845794677734375
-0.100547790527344 -0.0208206176757812 -0.033599853515625 0.162246704101562
-0.107139587402344 0.026763916015625 -0.048980712890625 0.195449829101563
-0.0678939819335938 0.0666961669921875 0.028778076171875 0.149673461914063
-0.00783538818359376 0.0990829467773438 0.0614776611328125 0.0888900756835937
0.052276611328125 0.0754623413085938 0.0495681762695313 0.0264739990234375
0.103469848632813 0.0174942016601563 0.0275840759277344 0.00439453125
0.09600830078125 -0.033203125 0.000320434570312508 0.0291175842285156
0.0815887451171875 -0.0349578857421875 -0.00622558593749999 0.0545463562011719
0.0910110473632813 -0.0429229736328125 -0.01092529296875 0.076904296875
0.103469848632813 -0.0217208862304688 -0.0285568237304687 0.0784454345703125
0.0943374633789063 0.028656005859375 -0.0519218444824219 0.0657424926757813
0.0665435791015625 0.073883056640625 -0.0594520568847656 0.033416748046875
-0.01629638671875 0.0995941162109375 -0.0472030639648438 9.15527343750026E-05
-0.0906143188476563 0.0733642578125 -0.0352134704589844 0.0484046936035156
-0.122314453125 0.024261474609375 -0.112838745117188 0.093017578125
-0.055816650390625 -0.0736541748046875 -0.056976318359375 0.148208618164063
-0.0783538818359375 -0.0359573364257813 -0.062744140625 0.184280395507812
-0.0694923400878906 0.00776672363281251 0.0224380493164063 0.139846801757813
-0.0409011840820313 0.0584030151367188 0.047607421875 0.0713424682617188
0.0121345520019531 0.0667228698730469 0.0254096984863281 0.0155582427978516
0.0697441101074219 0.0381927490234375 -0.00566768646240234 0.0104446411132813
0.07891845703125 -0.003662109375 -0.0299339294433594 0.0466079711914063
0.0684394836425781 -0.0124435424804687 -0.0311279296875 0.0765609741210938
0.079010009765625 -0.0220870971679687 -0.0360565185546875 0.096038818359375
0.0881423950195313 -0.0041961669921875 -0.0559234619140625 0.0894393920898438
0.0764312744140625 0.036224365234375 -0.0741653442382813 0.067169189453125
0.0472793579101563 0.0756149291992188 -0.0741043090820313 0.0271987915039063
-0.0357437133789062 0.086090087890625 -0.0548553466796875 -0.00117111206054686
-0.10125732421875 0.036224365234375 -0.0565719604492188 0.0520210266113281
-0.115158081054687 -0.0272216796875 -0.145339965820312 0.0857391357421875
0.0663223266601563 0.07330322265625 0.152801513671875 -0.0914764404296875
0.105949401855469 -0.01708984375 0.0823745727539063 -0.0385284423828125
0.0334701538085938 -0.0759353637695312 0.0681190490722656 0.00333404541015625
-0.0257225036621094 -0.0667877197265625 0.106742858886719 -0.0171966552734375
-0.0529060363769531 -0.0338325500488281 0.108963012695313 -0.0683746337890625
-0.0750274658203125 0.00155639648437501 0.0763397216796875 -0.111953735351563
-0.0597610473632813 0.0105667114257813 0.0500564575195313 -0.124382019042969
-0.0536079406738281 0.00121688842773439 0.0414047241210938 -0.0965347290039063
-0.0677909851074219 -0.017120361328125 0.0444793701171875 -0.0594863891601562
-0.0375595092773438 -0.0544357299804688 0.0322494506835938 -0.0233325958251953
0.0188331604003906 -0.0669212341308594 -0.0149879455566406 -0.00640869140625
0.0589485168457031 -0.0386428833007813 -0.0420265197753906 -0.0465965270996094
0.0818405151367188 0.0372238159179688 -0.0184402465820313 -0.138648986816406
0.0641403198242187 0.09954833984375 0.042022705078125 -0.179855346679688
0.017822265625 0.117668151855469 0.05950927734375 -0.1273193359375
0.0190277099609375 0.116531372070313 0.171981811523438 -0.05224609375
0.0855865478515625 0.0447616577148438 0.0999755859375 -0.00806427001953125
0.0490798950195313 -0.0268974304199219 0.0865020751953125 0.0217056274414063
0.0135841369628906 -0.0389022827148437 0.130279541015625 -0.0013580322265625
-0.00957870483398438 -0.0327320098876953 0.132652282714844 -0.0614852905273437
-0.0343456268310547 -0.0256748199462891 0.0999984741210938 -0.115982055664063
-0.0288581848144531 -0.0257835388183594 0.06903076171875 -0.127685546875
-0.0206680297851562 -0.0279884338378906 0.0559844970703125 -0.0974655151367188
-0.0278053283691406 -0.0456047058105469 0.05804443359375 -0.0537567138671875
0.00802993774414062 -0.0630035400390625 0.0451812744140625 -0.0107688903808594
0.0572433471679688 -0.0495414733886719 -0.00949764251708984 0.0134201049804687
0.0844879150390625 -0.0050048828125 -0.0460700988769531 -0.0199050903320312
0.0732269287109375 0.0794601440429688 -0.041473388671875 -0.111343383789063
0.0301971435546875 0.142135620117188 0.0196380615234375 -0.1456298828125
-0.02410888671875 0.154205322265625 0.0435638427734375 -0.08441162109375
-0.03948974609375 0.1419677734375 0.1697998046875 0.00440979003906251
0.0423431396484375 0.105125427246094 0.106307983398437 0.0416641235351563
0.0519218444824219 0.0365371704101563 0.101181030273438 0.0520858764648438
0.0542106628417969 0.00461578369140625 0.148101806640625 0.0220489501953125
0.0407943725585938 -0.0209846496582031 0.147552490234375 -0.0448150634765625
0.0176467895507812 -0.0471534729003906 0.115165710449219 -0.107963562011719
0.00925445556640625 -0.0583381652832031 0.080291748046875 -0.114349365234375
0.0151138305664063 -0.0530891418457031 0.0615921020507813 -0.08233642578125
0.0139884948730469 -0.0676040649414063 0.0608596801757813 -0.0365066528320313
0.0473594665527344 -0.0678176879882813 0.04681396484375 0.0054931640625
0.08624267578125 -0.0331039428710938 -0.00840568542480468 0.0323295593261719
0.100967407226563 0.0175247192382813 -0.0495872497558594 0.00687789916992187
0.0673065185546875 0.1019287109375 -0.0592193603515625 -0.0778045654296875
0.00750732421875 0.162551879882813 -0.000114440917968749 -0.0983505249023437
-0.055816650390625 0.170181274414063 0.0176219940185547 -0.0328922271728515
-0.096160888671875 0.14141845703125 0.142318725585938 0.0684967041015625
-0.0162200927734375 0.1455078125 0.090179443359375 0.103652954101563
0.0350494384765625 0.0982894897460938 0.103546142578125 0.0906143188476563
0.0799560546875 0.0589370727539063 0.150253295898438 0.0513916015625
0.0860214233398438 0.0045623779296875 0.145965576171875 -0.019989013671875
0.0713272094726563 -0.0557861328125 0.116302490234375 -0.0854873657226563
0.0486221313476563 -0.0803680419921875 0.078338623046875 -0.0841064453125
0.0489425659179687 -0.0686454772949219 0.0557937622070313 -0.0532722473144531
0.0524215698242188 -0.080780029296875 0.0532684326171875 -0.0106468200683594
0.0789413452148438 -0.0688247680664063 0.0384712219238281 0.0251312255859375
0.103515625 -0.0190505981445313 -0.0106277465820312 0.0479087829589844
0.10711669921875 0.0342559814453125 -0.0479469299316406 0.0263748168945313
0.0582275390625 0.111236572265625 -0.062286376953125 -0.0451927185058594
-0.0142669677734375 0.161834716796875 -0.0102882385253906 -0.0471343994140625
-0.0820159912109375 0.161956787109375 -0.0107173919677734 0.0189781188964844
-0.135528564453125 0.105751037597656 0.0870285034179687 0.127593994140625
-0.079925537109375 0.145004272460938 0.0481719970703125 0.16021728515625
-0.0053863525390625 0.134117126464844 0.0845413208007813 0.12884521484375
0.0739822387695313 0.108245849609375 0.129165649414062 0.0815963745117188
0.107711791992187 0.0399169921875 0.123451232910156 0.007904052734375
0.111854553222656 -0.0430374145507813 0.0985488891601563 -0.0505218505859375
0.0831069946289063 -0.082672119140625 0.061614990234375 -0.0426826477050781
0.074493408203125 -0.0708999633789063 0.0404472351074219 -0.0148773193359375
0.08154296875 -0.0802459716796875 0.0362129211425781 0.0200309753417969
0.102256774902344 -0.0600967407226562 0.0221214294433594 0.0444259643554687
0.112686157226563 -0.00270843505859375 -0.0183753967285156 0.0574378967285156
0.103225708007812 0.0515899658203125 -0.0467987060546875 0.0353279113769531
0.038116455078125 0.114532470703125 -0.0544548034667969 -0.0221061706542969
-0.0402984619140625 0.14520263671875 -0.0112972259521484 -0.00131130218505858
-0.105461120605469 0.133399963378906 -0.041900634765625 0.0631370544433594
-0.142181396484375 0.051361083984375 0.025665283203125 0.164306640625
-0.116600036621094 0.105949401855469 -0.00132751464843751 0.1971435546875
-0.0468063354492188 0.126640319824219 0.0588226318359375 0.149703979492188
0.04290771484375 0.128547668457031 0.0971450805664063 0.0940933227539063
0.099395751953125 0.0683364868164063 0.0869522094726563 0.0236587524414063
0.127372741699219 -0.0188980102539062 0.0658149719238281 -0.0201683044433594
0.101287841796875 -0.070098876953125 0.0336837768554688 -0.00287246704101563
0.0874481201171875 -0.062896728515625 0.0187129974365234 0.0227470397949219
0.0962448120117188 -0.0724105834960938 0.0137596130371094 0.0508575439453125
0.113754272460937 -0.0492019653320313 -0.000976562499999989 0.0630073547363281
0.114288330078125 0.0114593505859375 -0.033111572265625 0.0634040832519531
0.0946731567382813 0.0663833618164063 -0.0496864318847656 0.0356788635253906
0.0139007568359375 0.115493774414063 -0.046478271484375 -0.0074920654296875
-0.0693206787109375 0.12152099609375 -0.0156917572021484 0.0323753356933594
-0.123779296875 0.0913162231445313 -0.075958251953125 0.0938034057617188
-0.1165771484375 -0.0118865966796875 -0.025787353515625 0.174484252929688
-0.1192626953125 0.0410842895507813 -0.0417633056640625 0.206695556640625
-0.0729598999023438 0.0829238891601563 0.0354156494140625 0.152938842773438
6.10351562499966E-05 0.113388061523438 0.06591796875 0.0901336669921875
0.0663070678710938 0.0792770385742188 0.0494232177734375 0.0263404846191406
0.115180969238281 0.008758544921875 0.0267219543457031 0.00273323059082031
0.10150146484375 -0.0467453002929688 0.00128746032714844 0.0309543609619141
0.0866851806640625 -0.0472259521484375 -0.00603485107421874 0.0572471618652344
0.0970230102539063 -0.0569076538085937 -0.0100936889648438 0.0792388916015625
0.112258911132813 -0.0344009399414063 -0.0285797119140625 0.0799102783203125
0.107261657714844 0.0233917236328125 -0.0527687072753906 0.0667915344238281
0.0814971923828125 0.0755615234375 -0.0595970153808594 0.0330009460449219
-0.00928497314453125 0.112709045410156 -0.0458984375 -0.0012359619140625
-0.0948028564453125 0.09161376953125 -0.0295677185058594 0.0521278381347656
-0.133163452148438 0.0399856567382812 -0.11358642578125 0.106048583984375
-0.07073974609375 -0.07177734375 -0.054046630859375 0.16265869140625
-0.0933303833007813 -0.0282440185546875 -0.0577850341796875 0.195663452148438
-0.077545166015625 0.0192489624023437 0.0265655517578125 0.142105102539062
-0.0382766723632813 0.0721893310546875 0.0476303100585937 0.0721893310546875
0.0229721069335937 0.0721817016601563 0.0227870941162109 0.0165462493896484
0.081268310546875 0.03155517578125 -0.0086221694946289 0.0137901306152344
0.0849685668945312 -0.0159912109375 -0.0297698974609375 0.0538558959960938
0.073089599609375 -0.0237045288085938 -0.0297927856445312 0.0841140747070313
0.0830078125 -0.032318115234375 -0.0357437133789063 0.103378295898438
0.0957794189453125 -0.0154495239257813 -0.0580520629882813 0.0949783325195312
0.0881118774414062 0.0316009521484375 -0.0773391723632813 0.0696258544921875
0.060302734375 0.0763320922851563 -0.0755844116210937 0.0282974243164063
-0.0300369262695313 0.0982666015625 -0.0538673400878906 -0.00131988525390625
-0.107582092285156 0.0523757934570313 -0.0530014038085938 0.0593948364257812
-0.127174377441406 -0.0164337158203125 -0.151092529296875 0.100830078125
0.078369140625 0.06805419921875 0.154769897460938 -0.1121826171875
0.106719970703125 -0.0334320068359375 0.079193115234375 -0.0509719848632813
0.0254592895507813 -0.08392333984375 0.0678367614746094 0.00123977661132812
-0.0362472534179688 -0.0654220581054688 0.111175537109375 -0.0228042602539063
-0.0598335266113281 -0.0277938842773438 0.112991333007813 -0.0797195434570313
-0.0781173706054687 0.0127944946289063 0.0756072998046875 -0.124786376953125
-0.0590782165527344 0.020172119140625 0.0453872680664062 -0.137542724609375
-0.0542984008789063 0.00901031494140626 0.036651611328125 -0.109909057617188
-0.07275390625 -0.00547027587890625 0.0423049926757812 -0.0728607177734375
-0.0478324890136719 -0.0490379333496094 0.0356712341308594 -0.0335769653320313
0.00834655761718751 -0.0725479125976563 -0.00973892211914063 -0.0105819702148438
0.0558242797851563 -0.0488166809082031 -0.0402259826660156 -0.0466804504394531
0.091461181640625 0.0267715454101563 -0.024627685546875 -0.1407470703125
0.0827484130859375 0.0932540893554688 0.0328369140625 -0.193405151367188
0.0353240966796875 0.119583129882813 0.0575714111328125 -0.14508056640625
0.0282974243164063 0.119285583496094 0.1796875 -0.0754547119140625
0.0915298461914062 0.0366134643554687 0.0998687744140625 -0.0220260620117187
0.0454826354980469 -0.0319366455078125 0.0881195068359375 0.0175933837890625
0.00925445556640625 -0.0387992858886719 0.136222839355469 -0.00881195068359375
-0.0131607055664063 -0.0301170349121094 0.137161254882813 -0.0743560791015625
-0.0363578796386719 -0.0196952819824219 0.0987701416015625 -0.131645202636719
-0.0293292999267578 -0.0225181579589844 0.0634918212890625 -0.145721435546875
-0.0211582183837891 -0.0263748168945313 0.05023193359375 -0.112846374511719
-0.0313873291015625 -0.0408401489257813 0.0562667846679688 -0.0692100524902344
0.00191116333007813 -0.064178466796875 0.0484580993652344 -0.0240135192871094
0.053558349609375 -0.0563621520996094 -0.00235939025878906 0.00736761093139648
0.0870285034179688 -0.01251220703125 -0.0412979125976562 -0.0208930969238281
0.0854568481445312 0.0753097534179687 -0.04510498046875 -0.111236572265625
0.0472564697265625 0.145828247070313 0.0146026611328125 -0.155288696289063
-0.008941650390625 0.1640625 0.04522705078125 -0.0981216430664062
-0.032257080078125 0.155288696289063 0.183013916015625 -0.0161590576171875
0.0519180297851563 0.107307434082031 0.111259460449219 0.0295944213867188
0.0551567077636719 0.0372314453125 0.1058349609375 0.0470046997070313
0.0574722290039062 0.00418853759765625 0.15704345703125 0.01385498046875
0.04205322265625 -0.0221214294433594 0.153076171875 -0.0584564208984375
0.0165481567382812 -0.0478744506835938 0.114158630371094 -0.125442504882813
0.00766372680664063 -0.0601654052734375 0.0752029418945313 -0.132011413574219
0.0146675109863281 -0.057098388671875 0.0559463500976563 -0.097564697265625
0.0117034912109375 -0.071563720703125 0.05902099609375 -0.0513916015625
0.0457305908203125 -0.074188232421875 0.0501976013183594 -0.00768661499023438
0.0882644653320313 -0.0428695678710938 -8.3923339843743E-05 0.0263957977294922
0.107948303222656 0.0109176635742188 -0.0435676574707031 0.00654220581054688
0.0811691284179688 0.102256774902344 -0.0606155395507812 -0.0779953002929688
0.0237579345703125 0.173370361328125 -0.0047149658203125 -0.106460571289062
-0.042083740234375 0.185775756835938 0.0228233337402344 -0.0413627624511719
-0.0938568115234375 0.161148071289063 0.159423828125 0.055267333984375
-0.00738525390625002 0.158935546875 0.102706909179688 0.095489501953125
0.0420150756835938 0.106193542480469 0.111915588378906 0.0877838134765625
0.0901947021484375 0.0594635009765625 0.1612548828125 0.0449676513671875
0.0943603515625 0.00018310546875 0.151748657226563 -0.033233642578125
0.0727081298828125 -0.063934326171875 0.114356994628906 -0.101348876953125
0.0474319458007813 -0.0891494750976562 0.0752639770507813 -0.099853515625
0.0489883422851563 -0.078155517578125 0.0524139404296875 -0.0668907165527344
0.0509872436523438 -0.0914154052734375 0.0517730712890625 -0.0235519409179688
0.0808639526367187 -0.078826904296875 0.0417327880859375 0.013031005859375
0.1107177734375 -0.028656005859375 -0.00443267822265624 0.0423393249511719
0.119773864746094 0.0292816162109375 -0.0429725646972656 0.0254440307617188
0.0714340209960938 0.115570068359375 -0.0629768371582031 -0.0443153381347656
-0.00053405761718749 0.1767578125 -0.00865936279296875 -0.0523223876953125
-0.0728302001953125 0.1837158203125 -0.00237655639648438 0.0162191390991211
-0.140365600585938 0.1290283203125 0.105789184570312 0.121574401855469
-0.075714111328125 0.1658935546875 0.063201904296875 0.16009521484375
0.00212097167968748 0.149078369140625 0.0941238403320313 0.126983642578125
0.0909347534179688 0.1131591796875 0.140380859375 0.0759353637695313
0.121795654296875 0.0354232788085937 0.129661560058594 -0.00208282470703125
0.116958618164063 -0.056610107421875 0.0988388061523438 -0.062164306640625
0.0811233520507813 -0.0960311889648438 0.0612411499023438 -0.0543861389160156
0.0762405395507813 -0.0839767456054688 0.0392303466796875 -0.0231361389160156
0.0819320678710937 -0.0966796875 0.0365028381347656 0.0124130249023437
0.106231689453125 -0.07684326171875 0.0254783630371094 0.0370979309082031
0.124259948730469 -0.0133819580078125 -0.014739990234375 0.054534912109375
0.118553161621094 0.0476150512695313 -0.0424270629882812 0.033966064453125
0.05108642578125 0.122764587402344 -0.0542716979980469 -0.0223007202148438
-0.0316619873046875 0.165084838867188 -0.0069580078125 -0.00411033630371093
-0.102828979492187 0.15643310546875 -0.0337181091308594 0.0653076171875
-0.15283203125 0.0729522705078125 0.04254150390625 0.169677734375
-0.120025634765625 0.128883361816406 0.0145721435546875 0.203323364257813
-0.040435791015625 0.146743774414063 0.0682373046875 0.151947021484375
0.0599517822265625 0.138137817382813 0.107261657714844 0.0922393798828125
0.116401672363281 0.0649032592773438 0.0917739868164063 0.0198822021484375
0.134429931640625 -0.0335617065429688 0.0653610229492188 -0.0265350341796875
0.102119445800781 -0.0865478515625 0.0350017547607422 -0.00638389587402344
0.089202880859375 -0.077667236328125 0.0195674896240234 0.0194892883300781
0.09796142578125 -0.0916595458984375 0.0160751342773438 0.0480308532714844
0.117546081542969 -0.0655364990234375 0.000629425048828127 0.0602302551269531
0.12762451171875 0.001251220703125 -0.0317420959472656 0.0635337829589844
0.110397338867187 0.0635986328125 -0.0486907958984375 0.0361099243164063
0.0272445678710937 0.127403259277344 -0.0452079772949219 -0.00892639160156249
-0.0629119873046875 0.144668579101563 -0.00934791564941407 0.0320987701416016
-0.125968933105469 0.114166259765625 -0.0688934326171875 0.103981018066406
-0.131721496582031 0.00409698486328127 -0.01214599609375 0.188751220703125
-0.127601623535156 0.0611419677734375 -0.029205322265625 0.218399047851563
-0.073272705078125 0.101669311523438 0.0446624755859375 0.155288696289063
0.0126571655273438 0.126663208007813 0.0725021362304688 0.0905838012695313
0.0822906494140625 0.0791091918945313 0.0510520935058594 0.0255355834960938
0.125946044921875 -0.004974365234375 0.0259342193603516 0.00173187255859375
0.103553771972656 -0.0643310546875 0.002777099609375 0.0328731536865234
0.0877227783203125 -0.0624313354492188 -0.00351333618164063 0.0611839294433594
0.09881591796875 -0.0742568969726563 -0.00765991210937499 0.08331298828125
0.117774963378906 -0.0522079467773438 -0.027496337890625 0.0832901000976562
0.121223449707031 0.0130844116210938 -0.0519676208496094 0.0700302124023438
0.0985031127929688 0.0733108520507813 -0.0592155456542969 0.0339241027832031
0.00231933593749999 0.124420166015625 -0.0453338623046875 -0.00190734863281249
-0.0917129516601563 0.114189147949219 -0.0234184265136719 0.056671142578125
-0.140609741210938 0.0607147216796875 -0.109413146972656 0.120986938476563
-0.0884780883789063 -0.0662384033203125 -0.045440673828125 0.17913818359375
-0.106353759765625 -0.016082763671875 -0.0457000732421875 0.210845947265625
-0.0831298828125 0.0350875854492188 0.035064697265625 0.14447021484375
-0.0300674438476563 0.0856475830078125 0.0501174926757813 0.0738372802734375
0.0351943969726563 0.0744705200195313 0.0215492248535156 0.0180950164794922
0.0922775268554688 0.0209121704101563 -0.0110816955566406 0.0201530456542969
0.08709716796875 -0.0314712524414063 -0.0264778137207031 0.0626258850097656
0.0756912231445313 -0.0361099243164063 -0.025421142578125 0.0924224853515625
0.0858230590820313 -0.0474472045898438 -0.0300216674804687 0.111946105957031
0.100151062011719 -0.0312347412109375 -0.0573043823242187 0.10296630859375
0.099395751953125 0.0213088989257813 -0.07781982421875 0.076629638671875
0.0757064819335938 0.0738143920898438 -0.0774307250976563 0.031829833984375
-0.0209426879882812 0.10919189453125 -0.0543403625488281 -0.000759124755859377
-0.108894348144531 0.0714645385742188 -0.0458946228027344 0.0683555603027344
-0.1387939453125 1.69967947301763E-17 -0.151809692382813 0.121414184570312
0.0870819091796875 0.05572509765625 0.147415161132813 -0.136672973632813
0.101341247558594 -0.0492477416992188 0.0694007873535156 -0.0625877380371094
0.0137176513671875 -0.088653564453125 0.0689201354980469 -0.00228118896484376
-0.0467605590820312 -0.0633392333984375 0.113594055175781 -0.02972412109375
-0.0640983581542969 -0.0187835693359375 0.109825134277344 -0.0901336669921875
-0.0773239135742188 0.0263519287109375 0.0718994140625 -0.137359619140625
-0.0539741516113281 0.02978515625 0.0330810546875 -0.14971923828125
-0.053863525390625 0.0174484252929688 0.025909423828125 -0.121368408203125
-0.0736083984375 0.00650787353515625 0.0349655151367187 -0.0859375
-0.0550003051757812 -0.0414390563964844 0.0328826904296875 -0.0457878112792969
-0.00391387939453125 -0.0729598999023438 -0.00687694549560547 -0.0169610977172852
0.0484771728515625 -0.0584983825683594 -0.0384559631347656 -0.0477447509765625
0.0973968505859375 0.011688232421875 -0.0323715209960937 -0.139984130859375
0.0977554321289063 0.0841293334960938 0.0192108154296875 -0.200897216796875
0.0529937744140625 0.1158447265625 0.0489044189453125 -0.158233642578125
0.041839599609375 0.118827819824219 0.178878784179688 -0.0986480712890625
0.0929718017578125 0.025177001953125 0.0951766967773438 -0.0346755981445313
0.0378074645996094 -0.0324897766113281 0.0858688354492188 0.0115127563476563
0.00377655029296875 -0.0369338989257813 0.14007568359375 -0.0203018188476563
-0.0172824859619141 -0.0257854461669922 0.138137817382813 -0.0890350341796875
-0.0364990234375 -0.0125541687011719 0.0897216796875 -0.14935302734375
-0.0297737121582031 -0.0189857482910156 0.0518035888671875 -0.16064453125
-0.0202674865722656 -0.0258197784423828 0.0378494262695313 -0.126007080078125
-0.0352210998535156 -0.0338668823242188 0.0476760864257813 -0.0849151611328125
-0.00509643554687499 -0.062469482421875 0.0471000671386719 -0.0365447998046875
0.0460968017578125 -0.0617866516113281 0.00215208530426026 6.67572021484337E-05
0.0851516723632812 -0.0230712890625 -0.0362586975097656 -0.0216865539550781
0.0941925048828125 0.0653457641601563 -0.0522079467773437 -0.10833740234375
0.0673675537109375 0.14215087890625 0.00382995605468751 -0.161209106445312
0.011322021484375 0.1683349609375 0.0428085327148437 -0.111366271972656
-0.0185089111328125 0.163528442382813 0.187713623046875 -0.0415802001953125
0.0595779418945313 0.103553771972656 0.112083435058594 0.0143585205078125
0.0564994812011719 0.0368537902832031 0.109298706054688 0.0404129028320313
0.0608444213867188 0.00215530395507813 0.161422729492188 0.002105712890625
0.0416488647460938 -0.0263862609863281 0.152999877929688 -0.0757293701171875
0.0142288208007813 -0.0491218566894531 0.105453491210938 -0.142715454101563
0.00393295288085937 -0.0655364990234375 0.061492919921875 -0.148513793945313
0.0113639831542969 -0.0604705810546875 0.04498291015625 -0.111351013183594
0.0059661865234375 -0.073944091796875 0.0508613586425781 -0.0674552917480469
0.0401458740234375 -0.0809860229492187 0.0490684509277344 -0.0236358642578125
0.0850372314453125 -0.0525283813476563 0.00611114501953125 0.0178756713867187
0.112861633300781 -0.0016326904296875 -0.0369796752929687 0.00362014770507813
0.094635009765625 0.098846435546875 -0.0629425048828125 -0.0756072998046875
0.042755126953125 0.176712036132812 -0.0100021362304687 -0.110733032226562
-0.0228118896484375 0.197311401367188 0.0265579223632813 -0.0513038635253906
-0.0830078125 0.178741455078125 0.171051025390625 0.033477783203125
0.00398254394531251 0.167938232421875 0.109764099121094 0.0811309814453125
0.0521926879882813 0.109848022460937 0.116531372070313 0.080322265625
0.101081848144531 0.05828857421875 0.168548583984375 0.0303955078125
0.100654602050781 -0.00818634033203125 0.152252197265625 -0.0488739013671875
0.0714340209960938 -0.0710220336914063 0.10699462890625 -0.118034362792969
0.042022705078125 -0.099090576171875 0.0654144287109375 -0.113929748535156
0.0444183349609375 -0.0872650146484375 0.0435333251953125 -0.0776824951171875
0.0452194213867187 -0.102500915527344 0.0475730895996094 -0.0354461669921875
0.0767059326171875 -0.0921707153320313 0.0436630249023438 -4.19616699218806E-05
0.115715026855469 -0.0418548583984375 0.00245666503906251 0.0363388061523437
0.129196166992188 0.018463134765625 -0.0368080139160156 0.0202598571777344
0.0863723754882812 0.115859985351562 -0.0631217956542969 -0.0423622131347656
0.0174407958984375 0.187179565429688 -0.0103378295898438 -0.0587921142578125
-0.0571746826171875 0.198959350585938 0.00567340850830078 0.0101442337036133
-0.1373291015625 0.153411865234375 0.122810363769531 0.112495422363281
-0.06298828125 0.182815551757813 0.0786285400390625 0.153121948242188
0.0166778564453125 0.160202026367187 0.105804443359375 0.119461059570313
0.109016418457031 0.108535766601563 0.148788452148438 0.065277099609375
0.132186889648438 0.0240325927734375 0.130485534667969 -0.015106201171875
0.116188049316406 -0.0717315673828125 0.0937042236328125 -0.0752944946289063
0.0749359130859375 -0.111221313476563 0.0550918579101563 -0.0635910034179688
0.07232666015625 -0.100250244140625 0.0343914031982422 -0.0294036865234375
0.0745620727539063 -0.112998962402344 0.0344028472900391 0.00669670104980468
0.102012634277344 -0.0934829711914063 0.027191162109375 0.0267982482910156
0.130264282226563 -0.0283737182617188 -0.0119895935058594 0.0493354797363281
0.132881164550781 0.0357742309570313 -0.0384674072265625 0.0289764404296875
0.066253662109375 0.128852844238281 -0.0539627075195312 -0.0212173461914062
-0.015411376953125 0.179824829101563 -0.000275135040283204 -0.00686502456665038
-0.0908355712890625 0.178146362304688 -0.0227088928222656 0.0666618347167969
-0.157974243164062 0.097564697265625 0.0648040771484375 0.167098999023438
-0.109207153320313 0.152572631835938 0.0328521728515625 0.205245971679688
-0.0298004150390625 0.162887573242187 0.0795440673828125 0.147415161132813
0.0829620361328125 0.142410278320313 0.118400573730469 0.0823593139648438
0.130683898925781 0.0568771362304688 0.0936965942382813 0.01116943359375
0.139945983886719 -0.0519943237304687 0.0613212585449219 -0.0314102172851563
0.0960006713867188 -0.103157043457031 0.0331897735595703 -0.0121726989746094
0.0867538452148438 -0.0951919555664062 0.0184192657470703 0.0186729431152344
0.0936965942382813 -0.107124328613281 0.0154609680175781 0.0428733825683594
0.1175537109375 -0.0858917236328125 9.53674316406348E-05 0.0562896728515625
0.135261535644531 -0.015777587890625 -0.0293807983398437 0.0604095458984375
0.125442504882813 0.0534286499023438 -0.0452308654785156 0.0342140197753906
0.0449981689453125 0.130447387695313 -0.0440864562988281 -0.00985717773437499
-0.051116943359375 0.1622314453125 -0.00274276733398438 0.0313262939453125
-0.119918823242188 0.136398315429688 -0.056488037109375 0.109786987304688
-0.140007019042969 0.0230178833007812 0.0083770751953125 0.193008422851563
-0.127357482910156 0.0847244262695313 -0.00863647460937502 0.226089477539063
-0.067138671875 0.120452880859375 0.0582122802734375 0.1519775390625
0.0328826904296875 0.132606506347656 0.0785064697265625 0.0871124267578125
0.0985336303710938 0.0735092163085937 0.0513343811035156 0.023590087890625
0.130386352539063 -0.0221786499023437 0.023193359375 5.72204589843737E-05
0.1011962890625 -0.0806732177734375 0.0067138671875 0.0348186492919922
0.0837249755859375 -0.079437255859375 0.000465393066406257 0.0618515014648437
0.0940780639648438 -0.0924301147460938 -0.00121307373046874 0.0840530395507813
0.116851806640625 -0.0716094970703125 -0.0260543823242187 0.0854721069335938
0.125503540039062 -0.0038299560546875 -0.0525894165039063 0.0743560791015625
0.111061096191406 0.0651473999023438 -0.0589447021484375 0.0355682373046875
0.0175628662109375 0.132743835449219 -0.0439491271972656 -0.00341415405273436
-0.084320068359375 0.133750915527344 -0.0145225524902344 0.0581932067871094
-0.139335632324219 0.0845489501953125 -0.0988845825195313 0.13409423828125
-0.102577209472656 -0.0556564331054688 -0.03106689453125 0.19390869140625
-0.113792419433594 0.00239562988281248 -0.029327392578125 0.218063354492188
-0.0830612182617188 0.0496978759765625 0.0441436767578125 0.142578125
-0.0188446044921875 0.0943756103515625 0.0536956787109375 0.0729522705078125
0.0507736206054687 0.07330322265625 0.0178775787353516 0.0191097259521484
0.099761962890625 0.00583648681640625 -0.0108547210693359 0.0252971649169922
0.086456298828125 -0.0446395874023438 -0.0215721130371094 0.0697669982910156
0.0731887817382813 -0.0489578247070313 -0.0172653198242188 0.0996780395507812
0.0777435302734375 -0.0641708374023438 -0.0231246948242187 0.120567321777344
0.100479125976563 -0.0468215942382813 -0.0518646240234375 0.110504150390625
0.107101440429688 0.00823974609375 -0.0779876708984375 0.0855255126953125
0.0868606567382813 0.065521240234375 -0.0797653198242188 0.0347137451171875
-0.00650787353515625 0.115882873535156 -0.0542068481445313 -0.000526428222656255
-0.10260009765625 0.0937118530273438 -0.032958984375 0.07293701171875
-0.141983032226563 0.02337646484375 -0.144134521484375 0.139724731445313
0.091400146484375 0.0463409423828125 0.133499145507813 -0.151580810546875
0.0932540893554688 -0.05975341796875 0.0590248107910156 -0.0675430297851563
0.00322723388671876 -0.0881729125976563 0.0652008056640625 -0.00415802001953126
-0.0537643432617187 -0.0554618835449219 0.111854553222656 -0.0359420776367188
-0.067718505859375 -0.0109138488769531 0.107284545898438 -0.100112915039063
-0.0713653564453125 0.0367431640625 0.0616455078125 -0.144729614257813
-0.0500450134277344 0.0357513427734375 0.0202178955078125 -0.154525756835937
-0.0478553771972656 0.0234947204589844 0.0141220092773438 -0.126243591308594
-0.0687484741210938 0.0170669555664063 0.0246124267578125 -0.09185791015625
-0.0600204467773438 -0.0313758850097656 0.0284347534179687 -0.0537528991699219
-0.013824462890625 -0.070953369140625 -0.00488090515136719 -0.0219707489013672
0.0400123596191406 -0.0622444152832031 -0.0371665954589844 -0.0482673645019531
0.09783935546875 -0.0008087158203125 -0.0392532348632813 -0.137283325195313
0.105712890625 0.0672988891601562 0.00407409667968752 -0.202102661132813
0.0669631958007813 0.10540771484375 0.0367431640625 -0.168365478515625
0.0506820678710937 0.113197326660156 0.166610717773438 -0.120529174804688
0.0915908813476563 0.0180435180664063 0.0868301391601563 -0.0459365844726563
0.0342178344726563 -0.0353889465332031 0.0865554809570313 0.0081024169921875
-0.000373840332031247 -0.0360031127929687 0.138687133789063 -0.0281219482421875
-0.0174980163574219 -0.0235633850097656 0.130958557128906 -0.099945068359375
-0.0345726013183594 -0.00624465942382812 0.0805206298828125 -0.157211303710938
-0.0273208618164063 -0.0150260925292969 0.034881591796875 -0.167816162109375
-0.021636962890625 -0.0211372375488281 0.0238037109375 -0.133209228515625
-0.0350875854492187 -0.0310192108154297 0.0360031127929688 -0.0935287475585937
-0.0100364685058594 -0.0588226318359375 0.0421600341796875 -0.0500869750976563
0.0401878356933594 -0.06500244140625 0.00488376617431641 -0.00702714920043946
0.0806961059570313 -0.0309906005859375 -0.0328636169433594 -0.0240383148193359
0.100257873535156 0.0547027587890625 -0.0538330078125 -0.105339050292969
0.0812225341796875 0.131492614746094 -0.00831604003906251 -0.16351318359375
0.0295867919921875 0.1644287109375 0.0366287231445313 -0.121337890625
-0.00740051269531249 0.167205810546875 0.182052612304688 -0.0630340576171875
0.0670242309570312 0.100234985351563 0.108024597167969 0.000694274902343756
0.05828857421875 0.0357933044433594 0.107063293457031 0.0336685180664063
0.0599288940429687 -0.000507354736328125 0.160980224609375 -0.010040283203125
0.042327880859375 -0.0261764526367188 0.14599609375 -0.0874481201171875
0.0133323669433594 -0.0481643676757813 0.0928192138671875 -0.151885986328125
0.00156784057617188 -0.0640602111816406 0.046142578125 -0.157089233398438
0.00827407836914063 -0.0633277893066406 0.0295639038085938 -0.118362426757812
0.00202178955078125 -0.0744857788085938 0.0412445068359375 -0.0766220092773437
0.034027099609375 -0.0834884643554688 0.044525146484375 -0.0334205627441406
0.0813827514648438 -0.0602188110351563 0.00686883926391602 0.00846290588378906
0.113189697265625 -0.0100250244140625 -0.0319499969482422 0.000469207763671874
0.10345458984375 0.08941650390625 -0.0641021728515625 -0.0710906982421875
0.0604248046875 0.17144775390625 -0.0154571533203125 -0.113502502441406
-0.0040435791015625 0.199325561523438 0.0253639221191406 -0.0603561401367187
-0.0692901611328125 0.191055297851563 0.173934936523438 0.013641357421875
0.019287109375 0.168304443359375 0.111717224121094 0.0670852661132813
0.0613784790039062 0.111663818359375 0.118270874023437 0.069671630859375
0.109199523925781 0.04986572265625 0.168807983398438 0.0203094482421875
0.101219177246094 -0.0155563354492188 0.147811889648438 -0.06103515625
0.066131591796875 -0.0796356201171875 0.0950469970703125 -0.128250122070312
0.0339279174804688 -0.104141235351563 0.05242919921875 -0.12359619140625
0.0368728637695313 -0.0952682495117187 0.0325927734375 -0.0844879150390625
0.0364608764648438 -0.107421875 0.0382766723632813 -0.0452804565429688
0.069427490234375 -0.100227355957031 0.0367660522460938 -0.00983810424804688
0.112274169921875 -0.0535964965820313 0.00264358520507813 0.0268898010253906
0.13385009765625 0.005767822265625 -0.0310134887695312 0.0170783996582031
0.0980682373046875 0.11065673828125 -0.0624961853027344 -0.0410804748535156
0.0356597900390625 0.18804931640625 -0.0104827880859375 -0.0612144470214844
-0.0382843017578125 0.2071533203125 0.00991439819335937 0.00368022918701173
-0.126235961914063 0.17083740234375 0.13446044921875 0.095062255859375
-0.0469970703125 0.194671630859375 0.086517333984375 0.139167785644531
0.030914306640625 0.1651611328125 0.107711791992188 0.111671447753906
0.12176513671875 0.104911804199219 0.152816772460938 0.054473876953125
0.138015747070313 0.0129547119140625 0.128700256347656 -0.0235214233398438
0.112945556640625 -0.082794189453125 0.084075927734375 -0.08428955078125
0.066375732421875 -0.120750427246094 0.0470809936523438 -0.0714645385742188
0.0618438720703125 -0.108726501464844 0.0279388427734375 -0.0363922119140625
0.0653152465820312 -0.12298583984375 0.0288410186767578 -0.00345230102539063
0.0963973999023438 -0.106002807617188 0.0226764678955078 0.0205821990966797
0.131553649902344 -0.0433120727539063 -0.0103950500488281 0.0429115295410156
0.139297485351563 0.02496337890625 -0.0333938598632812 0.0272655487060547
0.0807342529296875 0.124237060546875 -0.0517082214355469 -0.0224037170410156
0.003387451171875 0.185775756835938 -0.000148773193359374 -0.0133399963378906
-0.073822021484375 0.1893310546875 -0.0142326354980469 0.0630302429199219
-0.151107788085938 0.116546630859375 0.0769805908203125 0.158660888671875
-0.0998077392578125 0.16839599609375 0.04754638671875 0.195526123046875
-0.0153045654296875 0.172500610351563 0.0856704711914063 0.138633728027344
0.0983657836914063 0.137481689453125 0.119773864746094 0.0777969360351563
0.1407470703125 0.0427398681640625 0.0931015014648438 0.0056304931640625
0.136192321777344 -0.0681304931640625 0.0568161010742188 -0.0381851196289063
0.08642578125 -0.115989685058594 0.0307483673095703 -0.0151424407958984
0.0757522583007813 -0.106704711914063 0.0184135437011719 0.0152168273925781
0.08135986328125 -0.121658325195313 0.0165481567382813 0.0416908264160156
0.109077453613281 -0.100921630859375 0.00103759765625001 0.0531463623046875
0.13775634765625 -0.03179931640625 -0.0276298522949219 0.0602188110351563
0.136589050292969 0.039947509765625 -0.0421943664550781 0.0320472717285156
0.057342529296875 0.132369995117188 -0.0442581176757813 -0.0100479125976562
-0.0332489013671875 0.173919677734375 0.00287437438964844 0.025604248046875
-0.10662841796875 0.15460205078125 -0.0441665649414063 0.111297607421875
-0.143203735351563 0.040985107421875 0.0226898193359375 0.192962646484375
-0.12176513671875 0.101966857910156 0.00820922851562499 0.222442626953125
-0.0557861328125 0.132675170898438 0.0631866455078125 0.14727783203125
0.0486602783203125 0.133697509765625 0.083221435546875 0.0820999145507813
0.109237670898437 0.062591552734375 0.05145263671875 0.0219612121582031
0.130203247070313 -0.0401153564453125 0.0216541290283203 0.00198554992675781
0.090240478515625 -0.0944061279296875 0.00753974914550782 0.0350227355957031
0.076507568359375 -0.0898895263671875 0.00526046752929687 0.0631828308105469
0.0829238891601563 -0.106559753417969 0.000114440917968762 0.0845108032226563
0.109306335449219 -0.0870742797851562 -0.0218429565429688 0.0850067138671875
0.131126403808594 -0.0187911987304688 -0.0494461059570313 0.0744552612304688
0.123870849609375 0.0512237548828125 -0.0572242736816406 0.0352554321289063
0.0312881469726562 0.133255004882813 -0.0451736450195313 -0.00372314453124999
-0.068023681640625 0.1475830078125 -0.00650787353515625 0.0548019409179688
-0.130821228027344 0.103286743164063 -0.08477783203125 0.143386840820313
-0.111480712890625 -0.0400238037109375 -0.015625 0.194610595703125
-0.11602783203125 0.01849365234375 -0.01373291015625 0.220993041992188
-0.0785369873046875 0.0640335083007812 0.0510406494140625 0.138999938964844
-0.004669189453125 0.100982666015625 0.0551986694335937 0.0703659057617187
0.0624656677246094 0.0660171508789063 0.0168666839599609 0.0233821868896484
0.100822448730469 -0.00727081298828125 -0.0108318328857422 0.0289192199707031
0.079315185546875 -0.0570144653320313 -0.0134658813476562 0.0737762451171875
0.0659980773925781 -0.059417724609375 -0.00875091552734373 0.102432250976563
0.0736846923828125 -0.0743789672851563 -0.0145339965820313 0.121803283691406
0.094573974609375 -0.0610275268554687 -0.0460433959960937 0.114013671875
0.109039306640625 -0.005157470703125 -0.075042724609375 0.088653564453125
0.0979843139648438 0.0563430786132813 -0.076171875 0.0379180908203125
0.00708770751953125 0.119209289550781 -0.0522499084472656 0.000831604003906265
-0.0929412841796875 0.10638427734375 -0.0275115966796875 0.075408935546875
-0.139305114746094 0.0402755737304688 -0.129669189453125 0.154296875
0.0927047729492188 0.0377120971679688 0.122817993164063 -0.157730102539063
0.0837554931640625 -0.0653228759765625 0.05029296875 -0.0688667297363281
-0.00537109374999999 -0.0854034423828125 0.0630836486816406 -0.003753662109375
-0.0583534240722656 -0.0488548278808594 0.109992980957031 -0.0387344360351563
-0.0677452087402344 -0.00388336181640625 0.102813720703125 -0.104820251464844
-0.064056396484375 0.0430641174316406 0.0561065673828125 -0.148696899414063
-0.0444984436035156 0.0387115478515625 0.0109100341796875 -0.156631469726563
-0.0437088012695313 0.0273704528808594 0.00466156005859374 -0.1268310546875
-0.0641365051269531 0.0236587524414063 0.0167922973632812 -0.0949630737304688
-0.0600433349609375 -0.0236358642578125 0.0234489440917969 -0.0603141784667969
-0.0214347839355469 -0.0673255920410156 -0.00411796569824219 -0.0269203186035156
0.0325889587402344 -0.0642929077148438 -0.0345420837402344 -0.0496063232421875
0.0945510864257813 -0.0100784301757813 -0.0399322509765625 -0.132896423339844
0.109306335449219 0.0541915893554688 -0.00314331054687502 -0.199462890625
0.0733261108398438 0.0959091186523438 0.0297393798828125 -0.17205810546875
0.0546112060546875 0.108245849609375 0.156082153320313 -0.130416870117188
0.088134765625 0.0113983154296875 0.07781982421875 -0.0500946044921875
0.0300807952880859 -0.0333175659179688 0.083892822265625 0.007171630859375
-0.00181961059570312 -0.0327987670898438 0.136283874511719 -0.0322494506835938
-0.0177421569824219 -0.0191421508789062 0.124824523925781 -0.105316162109375
-0.0305137634277344 -0.00252342224121094 0.0717010498046875 -0.161300659179688
-0.0255508422851562 -0.0129528045654297 0.02288818359375 -0.169326782226563
-0.0202617645263672 -0.0200748443603516 0.0130844116210937 -0.134727478027344
-0.0331668853759766 -0.0268306732177734 0.0267410278320312 -0.0972976684570313
-0.0129356384277344 -0.0548667907714844 0.0366325378417969 -0.0578498840332031
0.0329513549804687 -0.0647239685058594 0.00479507446289063 -0.0149412155151367
0.076568603515625 -0.03466796875 -0.0298976898193359 -0.02777099609375
0.100914001464844 0.0468597412109375 -0.0529251098632813 -0.102561950683594
0.0876998901367187 0.122322082519531 -0.0133056640625 -0.162460327148438
0.038421630859375 0.1578369140625 0.0316009521484375 -0.125923156738281
0.00125122070312499 0.166641235351563 0.175155639648438 -0.07574462890625
0.0691375732421875 0.0963897705078125 0.100364685058594 -0.00727844238281249
0.0588531494140625 0.0362739562988281 0.104652404785156 0.0299530029296875
0.0608787536621094 -0.0017852783203125 0.158767700195313 -0.0157623291015625
0.0427780151367188 -0.0274314880371094 0.140419006347656 -0.093658447265625
0.0134315490722656 -0.0475120544433594 0.0831451416015625 -0.156417846679688
-0.000503540039062498 -0.0640869140625 0.0344390869140625 -0.159408569335938
0.00556182861328124 -0.0648155212402344 0.0192947387695313 -0.120918273925781
-0.000259399414062507 -0.0736923217773438 0.0307540893554687 -0.08172607421875
0.0290603637695313 -0.0829010009765625 0.0386734008789063 -0.0428428649902344
0.07745361328125 -0.0637435913085938 0.00640869140625 0.000772476196289059
0.1109619140625 -0.0166091918945313 -0.0286445617675781 -0.00581359863281251
0.107009887695313 0.0830612182617188 -0.0616302490234375 -0.069488525390625
0.0708160400390625 0.16546630859375 -0.0182342529296875 -0.114089965820312
0.00872802734374999 0.19683837890625 0.0249748229980469 -0.0670585632324219
-0.059539794921875 0.1961669921875 0.170883178710938 -0.000869750976562488
0.0276947021484375 0.168197631835938 0.10858154296875 0.0568771362304688
0.0670852661132813 0.111297607421875 0.11541748046875 0.0650405883789063
0.112663269042969 0.044769287109375 0.1668701171875 0.0119476318359375
0.102256774902344 -0.0216064453125 0.142196655273438 -0.0670928955078125
0.0626220703125 -0.081024169921875 0.0853500366210937 -0.130470275878906
0.0286788940429688 -0.106063842773438 0.0414276123046875 -0.126976013183594
0.0317153930664062 -0.0991134643554688 0.0232467651367188 -0.0874252319335938
0.0303497314453125 -0.110191345214844 0.0301475524902344 -0.0500450134277344
0.06292724609375 -0.105049133300781 0.032400131225586 -0.0173130035400391
0.109504699707031 -0.0611495971679687 0.00164794921875001 0.0188312530517578
0.133232116699219 -0.00128173828125 -0.0280990600585937 0.0114154815673828
0.104469299316406 0.1058349609375 -0.0596084594726562 -0.0419692993164062
0.048736572265625 0.186172485351563 -0.011322021484375 -0.0638427734375
-0.0250701904296875 0.208572387695312 0.0124378204345703 -0.00289058685302733
-0.11651611328125 0.180877685546875 0.136314392089844 0.0830841064453125
-0.03564453125 0.19793701171875 0.0897369384765625 0.1290283203125
0.0399932861328125 0.166702270507813 0.106742858886719 0.104278564453125
0.129875183105469 0.0985260009765625 0.15106201171875 0.0481109619140625
0.140213012695313 0.00449371337890625 0.124496459960938 -0.02880859375
0.106925964355469 -0.09027099609375 0.0761489868164063 -0.0869979858398438
0.0582275390625 -0.125419616699219 0.04046630859375 -0.0745010375976563
0.0550689697265625 -0.115005493164063 0.0228996276855469 -0.03863525390625
0.05694580078125 -0.128280639648438 0.0244121551513672 -0.00638961791992188
0.0889968872070313 -0.113449096679688 0.0187358856201172 0.0151844024658203
0.130035400390625 -0.0531845092773438 -0.0102577209472656 0.037994384765625
0.142318725585938 0.0144195556640625 -0.0322418212890625 0.0222854614257812
0.0892333984375 0.121139526367187 -0.0510063171386719 -0.0232772827148437
0.01556396484375 0.189712524414063 0.00036430358886719 -0.0173721313476562
-0.0611114501953125 0.195770263671875 -0.00782775878906251 0.0584182739257813
-0.1451416015625 0.130279541015625 0.085113525390625 0.149246215820312
-0.0876922607421875 0.1768798828125 0.05426025390625 0.186050415039063
-0.00434875488281249 0.177764892578125 0.0871963500976563 0.132362365722656
0.108482360839844 0.131027221679688 0.120887756347656 0.071197509765625
0.145126342773438 0.032867431640625 0.08953857421875 0.002197265625
0.129989624023438 -0.0782852172851563 0.0516014099121094 -0.0392684936523438
0.0776748657226563 -0.123435974121094 0.0280838012695313 -0.0170822143554688
0.0680389404296875 -0.113555908203125 0.0157747268676758 0.013331413269043
0.0716552734375 -0.129081726074219 0.01348876953125 0.0390396118164062
0.101356506347656 -0.110855102539062 0.000434875488281254 0.04986572265625
0.136192321777344 -0.0429000854492187 -0.0276908874511719 0.0556411743164063
0.140762329101563 0.0302734375 -0.0411415100097656 0.0286979675292969
0.0682220458984375 0.13165283203125 -0.0441207885742187 -0.0126304626464844
-0.0204010009765625 0.178466796875 0.00621604919433594 0.0213890075683594
-0.094940185546875 0.162826538085938 -0.0357131958007813 0.108573913574219
-0.142135620117188 0.0542755126953125 0.03253173828125 0.1875
-0.114067077636719 0.1126708984375 0.018463134765625 0.215652465820312
-0.04718017578125 0.140571594238281 0.0648345947265625 0.140342712402344
0.0613784790039063 0.130882263183594 0.0830612182617188 0.077362060546875
0.116172790527344 0.0536651611328125 0.0497779846191406 0.0215415954589844
0.125953674316406 -0.05072021484375 0.0201644897460938 0.00237083435058593
0.082000732421875 -0.101783752441406 0.0101890563964844 0.0347328186035156
0.0689315795898438 -0.0965957641601563 0.00713348388671876 0.0621109008789063
0.073974609375 -0.113151550292969 0.00255584716796875 0.0838623046875
0.10125732421875 -0.0970535278320313 -0.0206069946289062 0.0846328735351563
0.130393981933594 -0.0304183959960938 -0.0492172241210937 0.073944091796875
0.127601623535156 0.0412139892578125 -0.0560302734375 0.0340690612792969
0.0431747436523438 0.131874084472656 -0.0435752868652344 -0.00558090209960937
-0.055877685546875 0.154327392578125 -8.01086425781307E-05 0.0516242980957031
-0.121475219726562 0.11407470703125 -0.0748138427734375 0.142990112304688
-0.114402770996094 -0.0285491943359375 -0.00570678710937499 0.194625854492188
-0.113471984863281 0.0300216674804688 -0.00354003906250001 0.216796875
-0.073944091796875 0.0742263793945313 0.0521926879882813 0.131965637207031
0.00672149658203125 0.100822448730469 0.05426025390625 0.0691184997558594
0.0691108703613281 0.0587005615234375 0.0164909362792969 0.0258979797363281
0.0972518920898438 -0.018341064453125 -0.00926589965820312 0.0332393646240234
0.072479248046875 -0.0652084350585938 -0.00855255126953125 0.0759124755859375
0.0603904724121094 -0.06561279296875 -0.00227355957031249 0.101966857910156
0.0656280517578125 -0.0810089111328125 -0.0100250244140625 0.121971130371094
0.0869979858398437 -0.0692901611328125 -0.0424652099609375 0.114959716796875
0.108406066894531 -0.0150833129882813 -0.0716018676757813 0.0901260375976563
0.101837158203125 0.046875 -0.0752487182617188 0.0384902954101562
0.0158843994140625 0.118011474609375 -0.0519065856933594 -0.00154495239257813
-0.08258056640625 0.113677978515625 -0.0194549560546875 0.0723953247070313
-0.13323974609375 0.0515670776367187 -0.118133544921875 0.1595458984375
0.0929946899414063 0.03240966796875 0.117843627929688 -0.162384033203125
0.078460693359375 -0.0687942504882813 0.0444526672363281 -0.0689811706542969
-0.00931549072265626 -0.0836029052734375 0.0620536804199219 -0.00162887573242188
-0.0603256225585938 -0.0444831848144531 0.111099243164063 -0.0390167236328125
-0.0670356750488281 0.000228881835937499 0.102729797363281 -0.108108520507812
-0.060028076171875 0.0471534729003906 0.0546875 -0.152969360351563
-0.0407257080078125 0.0409355163574219 0.0060577392578125 -0.15863037109375
-0.0410881042480469 0.029022216796875 -0.000686645507812495 -0.129241943359375
-0.0597000122070313 0.0280609130859375 0.0113449096679688 -0.0974960327148438
-0.0598220825195313 -0.0180091857910156 0.0195770263671875 -0.0662765502929688
-0.0256729125976563 -0.0636367797851562 -0.00365257263183594 -0.0320262908935547
0.0286178588867187 -0.0644378662109375 -0.0312843322753906 -0.0531196594238281
0.092010498046875 -0.0160293579101563 -0.0377197265625 -0.132186889648438
0.110031127929688 0.0467453002929688 -0.00474548339843748 -0.199661254882813
0.0773162841796875 0.0901031494140625 0.0272979736328125 -0.176315307617187
0.05780029296875 0.106513977050781 0.151535034179688 -0.136001586914063
0.0856552124023437 0.00945281982421875 0.0714645385742188 -0.05145263671875
0.0282535552978516 -0.0313034057617188 0.0824356079101563 0.00849151611328125
-0.00230979919433594 -0.0298233032226563 0.135726928710938 -0.0331954956054688
-0.0173931121826172 -0.0168905258178711 0.123458862304688 -0.10968017578125
-0.0273303985595703 -0.000274658203124999 0.0685882568359375 -0.165496826171875
-0.0232429504394531 -0.0128726959228516 0.016693115234375 -0.171630859375
-0.0196018218994141 -0.0200099945068359 0.00610351562500001 -0.136703491210938
-0.0306873321533203 -0.0247936248779297 0.0197830200195312 -0.101509094238281
-0.0132598876953125 -0.0523681640625 0.0317306518554688 -0.0643157958984375
0.0295639038085938 -0.0641098022460938 0.00482940673828125 -0.0218696594238281
0.0743408203125 -0.0360336303710938 -0.0269088745117188 -0.0327587127685547
0.101264953613281 0.0425949096679688 -0.04925537109375 -0.102783203125
0.09051513671875 0.116722106933594 -0.013671875 -0.1634521484375
0.04388427734375 0.154281616210938 0.0310440063476563 -0.1326904296875
0.0050506591796875 0.167877197265625 0.171463012695313 -0.0829315185546875
0.0701370239257813 0.0953216552734375 0.094970703125 -0.010894775390625
0.0595016479492188 0.0387344360351563 0.101844787597656 0.0308990478515625
0.0620880126953125 -0.000980377197265625 0.157928466796875 -0.01727294921875
0.0438232421875 -0.0276451110839844 0.138557434082031 -0.0971298217773437
0.01483154296875 -0.0467300415039063 0.07879638671875 -0.159347534179688
-0.000331878662109378 -0.0658798217773438 0.0274505615234375 -0.162322998046875
0.00451278686523438 -0.0662269592285156 0.0121536254882812 -0.123222351074219
-0.000808715820312505 -0.0743789672851563 0.02392578125 -0.085479736328125
0.02764892578125 -0.08367919921875 0.0331001281738281 -0.0494613647460938
0.0759506225585937 -0.0656051635742188 0.00503730773925782 -0.00592374801635743
0.110855102539063 -0.0189666748046875 -0.0271034240722656 -0.0117111206054688
0.109016418457031 0.0811996459960938 -0.0585403442382812 -0.0711669921875
0.0760650634765625 0.1639404296875 -0.0180511474609375 -0.116806030273437
0.0140533447265625 0.19586181640625 0.0247116088867188 -0.0735702514648438
-0.0543060302734375 0.2021484375 0.169113159179688 -0.00857543945312499
0.0316009521484375 0.169189453125 0.104354858398438 0.0516510009765625
0.0707931518554688 0.114944458007813 0.113082885742188 0.0642166137695313
0.116287231445313 0.0434951782226563 0.166168212890625 0.0099334716796875
0.104103088378906 -0.0243911743164063 0.139846801757813 -0.0699234008789063
0.0630950927734375 -0.082794189453125 0.0806732177734375 -0.132781982421875
0.0262603759765625 -0.108932495117188 0.0347061157226563 -0.1287841796875
0.0290985107421875 -0.102394104003906 0.01708984375 -0.0893096923828125
0.0276412963867187 -0.113021850585938 0.0235061645507812 -0.0525550842285156
0.0602951049804687 -0.108314514160156 0.0272922515869141 -0.0230388641357422
0.109657287597656 -0.0656890869140625 -0.000391006469726555 0.0127353668212891
0.135322570800781 -0.0067291259765625 -0.0280418395996094 0.00544166564941406
0.109222412109375 0.105484008789062 -0.0577545166015625 -0.0446701049804688
0.0550384521484375 0.187515258789063 -0.0102157592773438 -0.0675315856933594
-0.0188446044921875 0.21075439453125 0.0145454406738281 -0.00873756408691405
-0.11224365234375 0.189498901367188 0.1373291015625 0.075775146484375
-0.030487060546875 0.201904296875 0.088104248046875 0.123458862304688
0.0458831787109375 0.171783447265625 0.104591369628906 0.103652954101563
0.135337829589844 0.0949783325195312 0.1513671875 0.0457763671875
0.143585205078125 -0.0004119873046875 0.122215270996094 -0.0298919677734375
0.105262756347656 -0.0943679809570313 0.0712051391601563 -0.086944580078125
0.0543670654296875 -0.129318237304688 0.0365142822265625 -0.0771026611328125
0.0514068603515625 -0.120361328125 0.0185928344726563 -0.039886474609375
0.0522308349609375 -0.133041381835938 0.0188236236572266 -0.00905227661132813
0.0847854614257813 -0.119804382324219 0.0145092010498047 0.0111865997314453
0.130958557128906 -0.05999755859375 -0.0129489898681641 0.0333271026611328
0.14556884765625 0.009552001953125 -0.0323352813720703 0.0168113708496094
0.0955581665039063 0.12237548828125 -0.0500411987304687 -0.026947021484375
0.0238037109375 0.192291259765625 0.00142097473144531 -0.0217247009277344
-0.0548248291015625 0.199996948242188 -0.00421905517578125 0.0536155700683594
-0.14190673828125 0.13958740234375 0.08782958984375 0.144790649414062
-0.0830230712890625 0.183212280273438 0.055816650390625 0.181640625
0.00219726562500001 0.183914184570313 0.0855331420898438 0.130760192871094
0.116241455078125 0.129158020019531 0.119842529296875 0.0693588256835938
0.149856567382813 0.02703857421875 0.0875930786132813 0.0027923583984375
0.127189636230469 -0.084075927734375 0.0486984252929688 -0.0378952026367188
0.0722427368164062 -0.128486633300781 0.0263633728027344 -0.0185966491699219
0.0629959106445313 -0.119537353515625 0.0149030685424805 0.0120677947998047
0.0658416748046875 -0.135124206542969 0.0108985900878906 0.0383491516113281
0.0974655151367188 -0.118026733398438 -0.0024566650390625 0.047821044921875
0.137870788574219 -0.0507888793945312 -0.0302352905273438 0.0539283752441406
0.144790649414063 0.0237884521484375 -0.0426406860351562 0.0253067016601563
0.0747604370117188 0.132369995117188 -0.0442237854003906 -0.0154609680175781
-0.0123138427734375 0.183624267578125 0.00817203521728515 0.0167083740234375
-0.0891265869140625 0.169281005859375 -0.0317916870117188 0.105010986328125
-0.142410278320313 0.06402587890625 0.03619384765625 0.18524169921875
-0.111030578613281 0.120719909667969 0.0203399658203125 0.212615966796875
-0.04119873046875 0.148712158203125 0.0630722045898437 0.1390380859375
0.0696334838867188 0.129806518554687 0.0818557739257813 0.0776138305664063
0.122154235839844 0.0482101440429688 0.0487442016601563 0.02288818359375
0.123771667480469 -0.0580291748046875 0.018707275390625 0.00518989562988281
0.0764617919921875 -0.107200622558594 0.010894775390625 0.0353775024414062
0.0643234252929688 -0.102325439453125 0.00809097290039063 0.0622825622558594
0.068023681640625 -0.119384765625 0.00164794921875001 0.0839920043945313
0.0964584350585937 -0.10430908203125 -0.0218658447265625 0.0843963623046875
0.130844116210938 -0.0378570556640625 -0.0513916015625 0.0739898681640625
0.132240295410156 0.0350875854492188 -0.0570144653320312 0.0318756103515625
0.04998779296875 0.132705688476563 -0.0443458557128906 -0.00806427001953125
-0.0477447509765625 0.160110473632813 0.00291061401367187 0.0483818054199219
-0.116996765136719 0.121795654296875 -0.0693511962890625 0.14312744140625
-0.116691589355469 -0.0204620361328125 -0.00216674804687502 0.195175170898437
-0.112663269042969 0.0373687744140625 -0.000976562499999999 0.2147216796875
-0.069549560546875 0.0809173583984375 0.05059814453125 0.131202697753906
0.014434814453125 0.101341247558594 0.0529289245605469 0.0702667236328125
0.0741500854492188 0.0545120239257813 0.0162601470947266 0.0297203063964844
0.0965194702148438 -0.0248794555664063 -0.00806045532226562 0.0375442504882813
0.0682716369628906 -0.0697402954101562 -0.00399017333984374 0.0775527954101563
0.055938720703125 -0.0698051452636719 0.000877380371093743 0.102996826171875
0.0602188110351562 -0.0859832763671875 -0.00775909423828124 0.12322998046875
0.0827178955078125 -0.0762557983398438 -0.0420150756835937 0.116600036621094
0.108497619628906 -0.0215301513671875 -0.0728073120117188 0.0915069580078125
0.1046142578125 0.0410614013671875 -0.0760421752929688 0.0376968383789063
0.0220794677734375 0.117790222167969 -0.0522918701171875 -0.00325012207031249
-0.07489013671875 0.119171142578125 -0.0142974853515625 0.0705108642578125
-0.12933349609375 0.0588531494140625 -0.112960815429688 0.162307739257813
0.0952301025390625 0.029144287109375 0.118789672851563 -0.169754028320313
0.07611083984375 -0.0722808837890625 0.0411415100097656 -0.0700302124023438
-0.012054443359375 -0.084014892578125 0.0638465881347656 4.95910644531199E-05
-0.0624160766601563 -0.0420379638671875 0.11541748046875 -0.038848876953125
-0.069183349609375 0.00455093383789062 0.105209350585937 -0.114089965820313
-0.0571022033691406 0.0517387390136719 0.0550689697265625 -0.1619873046875
-0.0388259887695312 0.0441322326660156 0.00279235839843748 -0.165496826171875
-0.039825439453125 0.0311126708984375 -0.00479888916015626 -0.133659362792969
-0.0576820373535156 0.0314826965332031 0.00708007812499999 -0.102592468261719
-0.060760498046875 -0.0141181945800781 0.0164947509765625 -0.0725555419921875
-0.0300559997558594 -0.0620384216308594 -0.00443649291992187 -0.0384368896484375
0.0249786376953125 -0.0669059753417969 -0.028594970703125 -0.0590896606445313
0.09246826171875 -0.0207901000976563 -0.0358505249023437 -0.136329650878906
0.112457275390625 0.0416107177734375 -0.00387573242187499 -0.205642700195313
0.0816726684570313 0.0883102416992188 0.02734375 -0.185302734375
0.059967041015625 0.107963562011719 0.152847290039063 -0.143600463867188
0.085540771484375 0.0090789794921875 0.0684432983398438 -0.0535316467285156
0.0279750823974609 -0.0296764373779297 0.0833358764648438 0.0106430053710937
-0.0027008056640625 -0.0285129547119141 0.141204833984375 -0.03411865234375
-0.0167646408081055 -0.0157909393310547 0.126289367675781 -0.114715576171875
-0.0245761871337891 0.00151824951171875 0.0683746337890625 -0.174118041992188
-0.0222454071044922 -0.0128040313720703 0.0126495361328125 -0.178619384765625
-0.0194797515869141 -0.0208206176757813 7.52520660481881E-18 -0.142379760742188
-0.0294036865234375 -0.0242881774902344 0.0146484375 -0.106590270996094
-0.0137062072753906 -0.0514335632324219 0.0281219482421875 -0.0718307495117188
0.0279464721679688 -0.0649528503417969 0.00424766540527344 -0.0290164947509766
0.0747146606445313 -0.0383377075195313 -0.02496337890625 -0.038330078125
0.10357666015625 0.0410842895507813 -0.0476303100585937 -0.107353210449219
0.09490966796875 0.116470336914062 -0.013397216796875 -0.169448852539062
0.04827880859375 0.155899047851563 0.0322418212890625 -0.140945434570313
0.0083465576171875 0.174758911132812 0.173385620117188 -0.0903472900390625
0.0725860595703125 0.0987777709960938 0.09234619140625 -0.0125885009765625
0.0624923706054687 0.0427627563476563 0.102752685546875 0.0332565307617188
0.0652656555175781 -0.000152587890625 0.162216186523438 -0.018585205078125
0.0464439392089844 -0.0285415649414062 0.14117431640625 -0.102005004882812
0.0175743103027344 -0.0482292175292969 0.0777740478515625 -0.166000366210938
-0.000541687011718756 -0.0690460205078125 0.0227203369140625 -0.168548583984375
0.00399017333984375 -0.0700759887695312 0.00623321533203125 -0.128578186035156
-0.000427246093750007 -0.0772781372070313 0.0178451538085938 -0.0900344848632813
0.02783203125 -0.0866165161132813 0.0291786193847656 -0.0570449829101563
0.0767822265625 -0.068817138671875 0.00290012359619141 -0.0127344131469727
0.113960266113281 -0.0212173461914063 -0.0259513854980469 -0.0184650421142578
0.114067077636719 0.0826416015625 -0.0572433471679688 -0.0758438110351563
0.08154296875 0.166961669921875 -0.0178146362304687 -0.12274169921875
0.0179901123046875 0.200546264648438 0.0274124145507813 -0.081695556640625
-0.0529327392578125 0.211959838867188 0.171676635742188 -0.0145721435546875
0.0352020263671875 0.175979614257812 0.102996826171875 0.0500640869140625
0.0765228271484375 0.121414184570313 0.113739013671875 0.067474365234375
0.123115539550781 0.04437255859375 0.16986083984375 0.00933837890625
0.109176635742188 -0.0273818969726563 0.142745971679687 -0.07305908203125
0.06451416015625 -0.0865020751953125 0.0799560546875 -0.137153625488281
0.0250396728515625 -0.113883972167969 0.03082275390625 -0.13397216796875
0.027740478515625 -0.108406066894531 0.0121994018554688 -0.0931625366210937
0.0268783569335938 -0.118881225585937 0.0179786682128906 -0.0559654235839844
0.0600738525390625 -0.114921569824219 0.0223865509033203 -0.0288791656494141
0.112457275390625 -0.0713882446289063 -0.00402402877807616 0.00764036178588867
0.14129638671875 -0.0096282958984375 -0.0289249420166016 0.000200271606445306
0.115982055664062 0.109054565429688 -0.0572395324707031 -0.0486717224121094
0.062591552734375 0.194290161132813 -0.0105056762695313 -0.0732955932617187
-0.0149688720703125 0.21832275390625 0.0165872573852539 -0.0150279998779297
-0.112701416015625 0.20166015625 0.140792846679688 0.0730743408203125
-0.026885986328125 0.212127685546875 0.0879364013671875 0.123008728027344
0.05291748046875 0.181137084960938 0.105110168457031 0.107376098632813
0.144454956054688 0.0966796875 0.154556274414063 0.0471649169921875
0.150909423828125 -0.0043487548828125 0.124900817871094 -0.031585693359375
0.108322143554688 -0.100532531738281 0.0708770751953125 -0.0885848999023438
0.052764892578125 -0.13653564453125 0.03363037109375 -0.0809707641601563
0.0491409301757812 -0.127700805664063 0.0151252746582031 -0.0429916381835938
0.050567626953125 -0.14154052734375 0.0148019790649414 -0.0102157592773438
0.084869384765625 -0.127616882324219 0.0103435516357422 0.00806427001953124
0.134628295898438 -0.0667800903320313 -0.0163192749023437 0.030303955078125
0.153640747070312 0.00537109375 -0.034524917602539 0.0126285552978516
0.103782653808594 0.126869201660156 -0.0500297546386719 -0.0305633544921875
0.02996826171875 0.201202392578125 0.00305366516113281 -0.0272502899169922
-0.0519256591796875 0.210525512695313 -0.00152587890625001 0.0501823425292969
-0.144805908203125 0.151702880859375 0.0911102294921875 0.145065307617188
-0.080322265625 0.193267822265625 0.056396484375 0.182037353515625
0.00802612304687501 0.195480346679688 0.0852279663085937 0.133407592773438
0.126274108886719 0.130401611328125 0.121688842773438 0.0712661743164063
0.158035278320313 0.0227203369140625 0.089874267578125 0.0032501220703125
0.129997253417969 -0.091461181640625 0.0474319458007813 -0.037139892578125
0.0709457397460938 -0.136436462402344 0.0255928039550781 -0.0208568572998047
0.0605850219726562 -0.128196716308594 0.0132923126220703 0.0115966796875
0.0634002685546875 -0.14434814453125 0.00833511352539063 0.0395736694335937
0.0960769653320312 -0.127754211425781 -0.00627517700195312 0.0474014282226562
0.14239501953125 -0.05859375 -0.0341949462890625 0.0530204772949219
0.15313720703125 0.0191802978515625 -0.046051025390625 0.0227203369140625
0.0826873779296875 0.137001037597656 -0.0451431274414062 -0.0191688537597656
-0.00567626953124999 0.193572998046875 0.0102014541625977 0.0135211944580078
-0.0874786376953125 0.17938232421875 -0.02984619140625 0.105522155761719
-0.147171020507812 0.0743408203125 0.0383758544921875 0.18914794921875
-0.111648559570312 0.1307373046875 0.021240234375 0.215301513671875
-0.037750244140625 0.159255981445313 0.062530517578125 0.143020629882813
0.0782089233398438 0.133049011230469 0.0828094482421875 0.0802154541015625
0.129608154296875 0.0445632934570313 0.0496444702148438 0.0265235900878906
0.125396728515625 -0.0650253295898438 0.0183467864990234 0.00851440429687499
0.0744400024414063 -0.115394592285156 0.0123062133789063 0.0364418029785156
0.0620346069335938 -0.109886169433594 0.00945663452148437 0.06365966796875
0.0653915405273437 -0.127433776855469 0.000694274902343756 0.0871200561523438
0.0950698852539063 -0.112823486328125 -0.0247344970703125 0.0870437622070313
0.134613037109375 -0.045379638671875 -0.0546875 0.0758438110351563
0.139068603515625 0.030609130859375 -0.0614242553710937 0.0303115844726563
0.0565261840820313 0.137344360351563 -0.0462608337402344 -0.0108489990234375
-0.043243408203125 0.16949462890625 0.00629425048828124 0.0459213256835938
-0.115821838378906 0.131248474121094 -0.0682220458984375 0.146591186523438
-0.122848510742188 -0.01495361328125 -0.00138854980468752 0.201156616210938
-0.114570617675781 0.0450286865234375 -0.000473022460937513 0.219406127929688
-0.0689163208007813 0.0897598266601563 0.0489883422851563 0.134529113769531
0.0214004516601562 0.104049682617188 0.05133056640625 0.0735244750976563
0.0799560546875 0.0518646240234375 0.0163803100585938 0.0352516174316406
0.0970230102539062 -0.0311660766601562 -0.00778198242187499 0.0419845581054688
0.0659255981445313 -0.0761184692382813 -0.00108337402343749 0.0801162719726563
0.0539627075195312 -0.0754776000976563 0.00487518310546875 0.106529235839844
0.0577163696289062 -0.092376708984375 -0.00713348388671874 0.128005981445312
0.0812454223632813 -0.0830307006835938 -0.0439682006835937 0.12127685546875
0.111671447753906 -0.0284881591796875 -0.0770797729492188 0.094696044921875
0.110054016113281 0.0371475219726562 -0.08056640625 0.037445068359375
0.0265426635742187 0.121421813964844 -0.0544891357421875 -0.00563049316406249
-0.0713729858398437 0.126762390136719 -0.010986328125 0.070098876953125
-0.129837036132813 0.0662002563476563 -0.112884521484375 0.167800903320312
0.0999984741210938 0.0249481201171875 0.119232177734375 -0.183441162109375
0.0748138427734375 -0.0784988403320313 0.03826904296875 -0.0723190307617188
-0.0168609619140625 -0.0862274169921875 0.0666618347167969 0.00208282470703124
-0.0677223205566406 -0.0393867492675781 0.122039794921875 -0.0422592163085938
-0.0723037719726563 0.00986480712890625 0.108253479003906 -0.124214172363281
-0.0554428100585937 0.0577354431152344 0.05303955078125 -0.176345825195313
-0.0368614196777344 0.0477828979492188 -0.00350952148437501 -0.176345825195313
-0.0389060974121094 0.0350608825683594 -0.0120697021484375 -0.142410278320313
-0.0556488037109375 0.037078857421875 0.000968933105468744 -0.110450744628906
-0.0632095336914063 -0.00875091552734374 0.0120773315429687 -0.0807723999023438
-0.0358848571777344 -0.0614967346191406 -0.00495529174804688 -0.0461082458496094
0.0220298767089844 -0.0699577331542969 -0.0298080444335938 -0.0655326843261719
0.0946197509765625 -0.0271377563476562 -0.0372161865234375 -0.143844604492188
0.118675231933594 0.0365447998046875 -0.00732421875000001 -0.217971801757813
0.08953857421875 0.0865325927734375 0.0250396728515625 -0.200088500976563
0.0664825439453125 0.11126708984375 0.15533447265625 -0.157623291015625
0.0879592895507813 0.00728607177734375 0.0669174194335938 -0.0567207336425781
0.0288333892822266 -0.0297660827636719 0.087066650390625 0.0129547119140625
-0.00281333923339843 -0.0280513763427734 0.148529052734375 -0.03802490234375
-0.0172014236450195 -0.0140037536621094 0.130340576171875 -0.125419616699219
-0.022369384765625 0.00354576110839844 0.065948486328125 -0.188217163085938
-0.0222587585449219 -0.0130329132080078 0.00457763671874999 -0.19000244140625
-0.0199108123779297 -0.0213222503662109 -0.00830078125 -0.150863647460938
-0.0295791625976563 -0.0245399475097656 0.00752258300781251 -0.114830017089844
-0.0148086547851562 -0.0524368286132813 0.0225601196289063 -0.0813751220703125
0.02667236328125 -0.0670585632324219 0.0022735595703125 -0.0368461608886719
0.075836181640625 -0.0425186157226563 -0.0253944396972656 -0.0459327697753906
0.108978271484375 0.0394210815429688 -0.0489120483398437 -0.114112854003906
0.103057861328125 0.117485046386719 -0.01605224609375 -0.1800537109375
0.05609130859375 0.160980224609375 0.0318756103515625 -0.154922485351563
0.0148468017578125 0.184982299804687 0.17828369140625 -0.102615356445312
0.0785980224609375 0.103317260742188 0.0916366577148438 -0.0155410766601562
0.0684890747070313 0.0465316772460938 0.107261657714844 0.03564453125
0.0703048706054688 -0.0009002685546875 0.170944213867188 -0.0217132568359375
0.0495185852050781 -0.0309333801269531 0.14581298828125 -0.111175537109375
0.0194435119628906 -0.0510711669921875 0.07623291015625 -0.178665161132813
-0.00235748291015624 -0.0735015869140625 0.0151824951171875 -0.178970336914063
0.00170898437499999 -0.0750732421875 -0.00138092041015625 -0.1361083984375
-0.00228118896484375 -0.0824203491210938 0.0102081298828125 -0.096923828125
0.027008056640625 -0.092529296875 0.0235176086425781 -0.0655632019042969
0.0788116455078125 -0.0748443603515625 0.00066757202148438 -0.0196781158447266
0.120094299316406 -0.0260009765625 -0.0276603698730469 -0.0245571136474609
0.122993469238281 0.0848312377929688 -0.0590286254882812 -0.0816802978515625
0.092010498046875 0.173934936523437 -0.0202178955078125 -0.131362915039062
0.0257110595703125 0.211395263671875 0.0279922485351563 -0.0924606323242188
-0.048187255859375 0.2283935546875 0.178390502929688 -0.023590087890625
0.0422515869140625 0.186737060546875 0.104598999023438 0.0484848022460938
0.0867538452148438 0.130691528320313 0.118644714355469 0.0706100463867188
0.1339111328125 0.0428390502929688 0.178756713867188 0.00677490234375
0.116180419921875 -0.033416748046875 0.147476196289063 -0.0803985595703125
0.0669631958007813 -0.0943832397460938 0.0792083740234375 -0.14581298828125
0.0221710205078125 -0.122695922851563 0.0245819091796875 -0.14324951171875
0.0239105224609375 -0.117378234863281 0.00500488281249999 -0.099365234375
0.0233154296875 -0.129043579101563 0.0113182067871094 -0.0604934692382813
0.0593490600585937 -0.124336242675781 0.0175762176513672 -0.0350360870361328
0.1171875 -0.08172607421875 -0.0072026252746582 0.00305795669555664
0.150436401367187 -0.016021728515625 -0.0314254760742187 -0.00507354736328126
0.127578735351563 0.113258361816406 -0.059478759765625 -0.0533943176269531
0.07366943359375 0.204833984375 -0.0113372802734375 -0.0805435180664062
-0.008453369140625 0.232742309570313 0.0189800262451172 -0.0213279724121094
-0.111907958984375 0.221038818359375 0.148574829101563 0.0703277587890625
-0.0205841064453125 0.227218627929688 0.0910797119140625 0.124740600585938
0.064422607421875 0.194580078125 0.10992431640625 0.111358642578125
0.158935546875 0.097686767578125 0.161972045898438 0.0457611083984375
0.16143798828125 -0.0119171142578125 0.130142211914063 -0.0350570678710938
0.110946655273438 -0.110832214355469 0.0711593627929688 -0.093902587890625
0.04937744140625 -0.148406982421875 0.030029296875 -0.0860824584960938
0.044830322265625 -0.139297485351563 0.0116691589355469 -0.0469436645507813
0.04656982421875 -0.154205322265625 0.0110082626342773 -0.0110664367675781
0.083770751953125 -0.1405029296875 0.00626516342163087 0.0056324005126953
0.141006469726563 -0.078826904296875 -0.0204505920410156 0.0289173126220703
0.164932250976563 -0.001708984375 -0.0383033752441406 0.00989151000976563
0.117073059082031 0.132545471191406 -0.0534591674804687 -0.0340347290039063
0.042449951171875 0.214431762695313 0.00346946716308594 -0.0322246551513672
-0.0470733642578125 0.225662231445313 0.001220703125 0.0486259460449219
-0.148269653320313 0.170806884765625 0.099029541015625 0.149276733398438
-0.0779876708984375 0.211456298828125 0.0608367919921875 0.188323974609375
0.0178070068359375 0.211013793945313 0.089691162109375 0.139274597167969
0.141693115234375 0.134414672851563 0.127899169921875 0.0724258422851563
0.16998291015625 0.01580810546875 0.0942916870117188 0.0036163330078125
0.133918762207031 -0.103500366210938 0.0486602783203125 -0.0379409790039063
0.06732177734375 -0.149139404296875 0.0247955322265625 -0.0218887329101563
0.0574417114257813 -0.140213012695312 0.0128984451293945 0.0113925933837891
0.0588836669921875 -0.157440185546875 0.00686264038085938 0.0417442321777344
0.0948028564453125 -0.141647338867187 -0.00912094116210937 0.0495338439941406
0.1488037109375 -0.0706939697265625 -0.0379142761230469 0.0556793212890625
0.165069580078125 0.012451171875 -0.0508270263671875 0.0212974548339844
0.0961456298828125 0.144241333007813 -0.048583984375 -0.02166748046875
0.0040130615234375 0.20782470703125 0.0127010345458984 0.00990390777587892
-0.0847930908203125 0.19586181640625 -0.0268936157226562 0.109344482421875
-0.153106689453125 0.0884246826171875 0.0443267822265625 0.198532104492188
-0.112838745117188 0.145858764648438 0.02508544921875 0.225433349609375
-0.03179931640625 0.174530029296875 0.0662078857421875 0.149154663085938
0.0919189453125 0.137504577636719 0.0869674682617188 0.0839080810546875
0.14117431640625 0.0391998291015625 0.0530281066894531 0.0298309326171875
0.12957763671875 -0.0756912231445313 0.0200557708740234 0.0120277404785156
0.0713882446289063 -0.126876831054688 0.0146255493164063 0.0377883911132812
0.058837890625 -0.121589660644531 0.0119895935058594 0.0668449401855469
0.0615158081054687 -0.1396484375 0.002044677734375 0.09393310546875
0.0933761596679688 -0.126144409179688 -0.0261383056640625 0.0931243896484375
0.141098022460938 -0.0568084716796875 -0.0585784912109375 0.0811691284179688
0.149856567382813 0.0245819091796875 -0.0665664672851562 0.031829833984375
0.0683441162109375 0.14434814453125 -0.0497703552246094 -0.0129928588867187
-0.0348663330078125 0.1834716796875 0.0090789794921875 0.0447158813476563
-0.115280151367188 0.145034790039063 -0.0661773681640625 0.154647827148437
-0.130455017089844 -0.00673675537109372 0.00296020507812501 0.21429443359375
-0.118896484375 0.05596923828125 0.00288391113281251 0.23016357421875
-0.067138671875 0.101325988769531 0.0515670776367188 0.140274047851563
0.0305709838867187 0.108856201171875 0.0543365478515625 0.0786056518554688
0.0880050659179688 0.0485610961914063 0.0180397033691406 0.0413703918457031
0.100288391113281 -0.0398025512695313 -0.00473403930664062 0.0485115051269531
0.063385009765625 -0.0848388671875 0.00310516357421875 0.0854034423828125
0.051666259765625 -0.084808349609375 0.009613037109375 0.112274169921875
0.0544662475585938 -0.10211181640625 -0.00382995605468748 0.136970520019531
0.0797500610351563 -0.0933151245117187 -0.0439300537109375 0.130210876464844
0.11676025390625 -0.0367965698242187 -0.0802383422851562 0.10284423828125
0.118492126464844 0.0327606201171875 -0.0864944458007812 0.0401382446289063
0.0353012084960938 0.127281188964844 -0.0581169128417969 -0.00699234008789061
-0.0676116943359375 0.13812255859375 -0.00728607177734376 0.0706939697265625
-0.131546020507813 0.0761795043945312 -0.112625122070313 0.180404663085937
0.106285095214844 0.0184173583984375 0.11456298828125 -0.201553344726562
0.0708847045898438 -0.086883544921875 0.0338287353515625 -0.0759735107421875
-0.0244216918945312 -0.0893402099609375 0.070953369140625 0.00160217285156249
-0.0739364624023438 -0.0352630615234375 0.128913879394531 -0.050018310546875
-0.074554443359375 0.0182571411132813 0.106895446777344 -0.138603210449219
-0.0511245727539063 0.0663566589355469 0.04345703125 -0.192581176757813
-0.0331649780273438 0.0539779663085938 -0.0164794921875 -0.187042236328125
-0.0370826721191406 0.0402183532714844 -0.02447509765625 -0.150253295898438
-0.0526885986328125 0.0437164306640625 -0.00917053222656251 -0.118515014648438
-0.0652275085449219 -0.00288772583007812 0.00325775146484374 -0.0889205932617187
-0.0435333251953125 -0.0586013793945312 -0.00887298583984375 -0.0536079406738281
0.0159759521484375 -0.0747451782226563 -0.0330581665039063 -0.07244873046875
0.0962600708007812 -0.0370864868164062 -0.0435791015625 -0.150711059570313
0.125526428222656 0.0279159545898438 -0.0177154541015625 -0.230438232421875
0.100234985351562 0.0829086303710938 0.0160675048828125 -0.216705322265625
0.0767364501953125 0.113090515136719 0.154037475585938 -0.177902221679688
0.0912094116210937 0.00335693359375 0.0632896423339844 -0.0619163513183594
0.0292530059814453 -0.0313148498535156 0.0918807983398438 0.0117645263671875
-0.00323295593261719 -0.0274028778076172 0.156143188476563 -0.0472564697265625
-0.0178298950195313 -0.0119094848632813 0.129898071289062 -0.14093017578125
-0.0208034515380859 0.00568389892578125 0.0566864013671875 -0.204437255859375
-0.0225582122802734 -0.0123786926269531 -0.00964355468750001 -0.201889038085937
-0.0216865539550781 -0.0214614868164063 -0.0218505859375 -0.159332275390625
-0.0299816131591797 -0.0240917205810547 -0.00374603271484375 -0.122444152832031
-0.0172958374023438 -0.0528640747070312 0.0136871337890625 -0.0914764404296875
0.0233078002929687 -0.0704727172851563 -0.00189971923828124 -0.0440902709960938
0.0766448974609375 -0.04852294921875 -0.0280303955078125 -0.0524711608886719
0.117225646972656 0.0345306396484375 -0.0542755126953125 -0.119560241699219
0.1156005859375 0.116325378417969 -0.0249786376953125 -0.191131591796875
0.0693511962890625 0.16497802734375 0.025787353515625 -0.170379638671875
0.02764892578125 0.195755004882813 0.180801391601563 -0.121063232421875
0.0883712768554688 0.1053466796875 0.0915679931640625 -0.0209274291992187
0.0771942138671875 0.0483169555664063 0.113494873046875 0.0344390869140625
0.075958251953125 -0.00391387939453125 0.179061889648438 -0.0316619873046875
0.0517082214355469 -0.0355072021484375 0.146957397460938 -0.12603759765625
0.0200119018554688 -0.0552902221679688 0.0677032470703125 -0.19384765625
-0.00667572021484375 -0.0787506103515625 0.00144958496093749 -0.190155029296875
-0.00357818603515626 -0.0807723999023438 -0.0158233642578125 -0.143081665039063
-0.00635528564453126 -0.0880813598632813 7.62939453124645E-06 -0.103317260742188
0.0232772827148438 -0.0995254516601563 0.014373779296875 -0.0741348266601563
0.07843017578125 -0.0841217041015625 -0.00457572937011718 -0.0260696411132813
0.125473022460938 -0.0353622436523438 -0.0308990478515625 -0.0299797058105469
0.136077880859375 0.0825042724609375 -0.0641860961914062 -0.0856704711914063
0.1085205078125 0.177902221679688 -0.0274810791015625 -0.1407470703125
0.0405426025390625 0.222320556640625 0.0255508422851563 -0.104812622070312
-0.034759521484375 0.247711181640625 0.185226440429688 -0.0368804931640625
0.05706787109375 0.196807861328125 0.10833740234375 0.0446624755859375
0.103118896484375 0.13519287109375 0.127021789550781 0.0701904296875
0.146438598632813 0.03802490234375 0.188323974609375 -0.0019073486328125
0.122184753417969 -0.0439376831054688 0.1505126953125 -0.0929107666015625
0.0662689208984375 -0.105140686035156 0.073577880859375 -0.158538818359375
0.0142288208007813 -0.13275146484375 0.0139312744140625 -0.152664184570313
0.015167236328125 -0.127738952636719 -0.00527954101562499 -0.1055908203125
0.0150833129882812 -0.139854431152344 0.00333023071289063 -0.0644073486328125
0.0541915893554687 -0.137420654296875 0.00997543334960938 -0.0409393310546875
0.11871337890625 -0.095367431640625 -0.0119142532348633 -0.000666618347167975
0.15972900390625 -0.02728271484375 -0.0351161956787109 -0.00909614562988281
0.145599365234375 0.113418579101563 -0.0645256042480469 -0.0565834045410156
0.0934906005859375 0.213638305664063 -0.0156784057617187 -0.0877227783203125
0.00598144531250001 0.248199462890625 0.0203571319580078 -0.0292015075683594
-0.103317260742188 0.245498657226563 0.159378051757813 0.063568115234375
-0.00624084472656248 0.244338989257812 0.099151611328125 0.1253662109375
0.083831787109375 0.205947875976563 0.119590759277344 0.112937927246094
0.177093505859375 0.0931854248046875 0.17236328125 0.0406036376953125
0.17132568359375 -0.0253143310546875 0.135246276855469 -0.0431289672851563
0.110671997070313 -0.126106262207031 0.0689926147460938 -0.100982666015625
0.0406646728515625 -0.162063598632813 0.0243148803710938 -0.0930099487304688
0.0358428955078125 -0.152267456054688 0.00559616088867188 -0.0505142211914063
0.036285400390625 -0.16827392578125 0.00683879852294922 -0.0114707946777344
0.07733154296875 -0.156768798828125 0.00168681144714356 0.00313282012939452
0.144027709960938 -0.095672607421875 -0.0241909027099609 0.0287990570068359
0.176162719726563 -0.0147705078125 -0.0429878234863281 0.0084381103515625
0.136177062988281 0.134727478027344 -0.0582008361816406 -0.0369224548339844
0.0619964599609375 0.226608276367187 0.00232696533203126 -0.03814697265625
-0.0339202880859375 0.244277954101563 0.00543212890625 0.0466690063476563
-0.14495849609375 0.195770263671875 0.110595703125 0.14996337890625
-0.0667724609375 0.2314453125 0.0715179443359375 0.194305419921875
0.036529541015625 0.227020263671875 0.0991973876953125 0.1434326171875
0.162002563476563 0.133453369140625 0.137710571289063 0.0709991455078125
0.182723999023438 0.002349853515625 0.0998916625976563 0.00048065185546875
0.134635925292969 -0.120567321777344 0.0494537353515625 -0.0396347045898438
0.0587310791015625 -0.163619995117187 0.0234794616699219 -0.0250110626220703
0.0477752685546875 -0.154525756835938 0.0120487213134766 0.0107927322387695
0.048828125 -0.173965454101562 0.00733947753906251 0.0450973510742187
0.0879669189453125 -0.158843994140625 -0.010955810546875 0.0528182983398438
0.15313720703125 -0.08892822265625 -0.040863037109375 0.0595855712890625
0.177139282226563 -9.1552734375E-05 -0.0551528930664062 0.0228614807128906
0.114608764648438 0.148223876953125 -0.0535926818847656 -0.0236053466796875
0.02227783203125 0.222381591796875 0.0145416259765625 0.00561904907226564
-0.0752105712890625 0.21478271484375 -0.0209579467773438 0.113632202148438
-0.156036376953125 0.10858154296875 0.0573577880859375 0.207351684570313
-0.108306884765625 0.165435791015625 0.0361785888671875 0.2354736328125
-0.018707275390625 0.191192626953125 0.074920654296875 0.154022216796875
0.109657287597656 0.139556884765625 0.0941619873046875 0.0855789184570313
0.154190063476563 0.02813720703125 0.0574455261230469 0.0315132141113281
0.130722045898438 -0.09210205078125 0.0233306884765625 0.0147514343261719
0.0641021728515625 -0.140510559082031 0.0177459716796875 0.0387153625488281
0.0509567260742188 -0.134269714355469 0.0164794921875 0.0695648193359375
0.052703857421875 -0.154388427734375 0.0068206787109375 0.10028076171875
0.0872039794921875 -0.142364501953125 -0.02484130859375 0.100173950195313
0.144668579101563 -0.0728607177734375 -0.0602798461914062 0.089324951171875
0.161224365234375 0.0129241943359375 -0.0714187622070313 0.0353240966796875
0.0849609375 0.149063110351563 -0.0539169311523437 -0.0140953063964844
-0.021453857421875 0.19903564453125 0.0135993957519531 0.0430641174316406
-0.1102294921875 0.163314819335938 -0.0593109130859375 0.16571044921875
-0.138557434082031 0.00646972656250002 0.0145263671875 0.22784423828125
-0.120742797851562 0.0703048706054688 0.014251708984375 0.24298095703125
-0.0604934692382812 0.116165161132813 0.058502197265625 0.145721435546875
0.0431976318359375 0.113014221191406 0.059539794921875 0.083343505859375
0.0985946655273438 0.0420150756835938 0.0223884582519531 0.04638671875
0.102279663085938 -0.0514602661132813 -0.000247955322265624 0.0556793212890625
0.0586624145507812 -0.0953521728515625 0.0103530883789063 0.0900955200195312
0.0457000732421875 -0.0943145751953125 0.0180587768554688 0.117210388183594
0.0476608276367188 -0.112884521484375 0.00497436523437501 0.146469116210938
0.07513427734375 -0.106048583984375 -0.0402984619140625 0.14178466796875
0.119415283203125 -0.0498809814453125 -0.0809860229492187 0.114555358886719
0.12811279296875 0.0235443115234375 -0.0914077758789063 0.0462112426757812
0.0477294921875 0.133041381835937 -0.0625801086425781 -0.00649261474609375
-0.0588226318359375 0.152374267578125 -0.000984191894531253 0.0721435546875
-0.131057739257813 0.0911407470703125 -0.105712890625 0.197906494140625
0.109756469726562 0.00850677490234375 0.10150146484375 -0.218704223632813
0.0634078979492188 -0.094757080078125 0.02679443359375 -0.0785446166992188
-0.0337905883789063 -0.0880355834960938 0.0730438232421875 0.000129699707031245
-0.0783004760742188 -0.0281982421875 0.131294250488281 -0.0602569580078125
-0.0739212036132813 0.028045654296875 0.0990447998046875 -0.1513671875
-0.0432205200195312 0.0735321044921875 0.0262298583984375 -0.203948974609375
-0.0272140502929688 0.05938720703125 -0.034942626953125 -0.192581176757813
-0.0333404541015625 0.0451393127441406 -0.040374755859375 -0.15283203125
-0.0475578308105469 0.0499839782714844 -0.0233612060546875 -0.122085571289062
-0.0656471252441406 0.00563812255859374 -0.0087738037109375 -0.0944671630859375
-0.0504493713378906 -0.0531425476074219 -0.0147247314453125 -0.0590248107910156
0.00802612304687499 -0.076690673828125 -0.0380477905273438 -0.0773086547851562
0.09356689453125 -0.0477066040039063 -0.053070068359375 -0.153610229492187
0.130256652832031 0.0160751342773438 -0.034698486328125 -0.238327026367188
0.110137939453125 0.073883056640625 -0.000183105468749973 -0.229110717773438
0.0878524780273437 0.109992980957031 0.143814086914063 -0.197784423828125
0.0930099487304688 -0.0027313232421875 0.057891845703125 -0.0667724609375
0.0276203155517578 -0.0326004028320313 0.095001220703125 0.007904052734375
-0.00481033325195312 -0.0263957977294922 0.158248901367188 -0.059539794921875
-0.0178680419921875 -0.00866508483886719 0.121994018554688 -0.156021118164063
-0.0180168151855469 0.0077667236328125 0.039093017578125 -0.216903686523437
-0.0229206085205078 -0.0113201141357422 -0.0300445556640625 -0.207244873046875
-0.0237751007080078 -0.0203609466552734 -0.0396270751953125 -0.161239624023438
-0.0310726165771484 -0.022613525390625 -0.019256591796875 -0.126495361328125
-0.0206680297851562 -0.0517578125 0.0003509521484375 -0.0978546142578125
0.017913818359375 -0.0721359252929688 -0.00814056396484374 -0.0513153076171875
0.0742416381835938 -0.0552749633789063 -0.0324630737304687 -0.0579109191894531
0.122596740722656 0.0260391235351563 -0.0624618530273438 -0.121452331542969
0.127822875976563 0.109443664550781 -0.0390777587890625 -0.197906494140625
0.085113525390625 0.163162231445313 0.013885498046875 -0.183364868164062
0.04510498046875 0.201080322265625 0.175491333007813 -0.141677856445313
0.0997238159179688 0.10296630859375 0.0881195068359375 -0.02752685546875
0.0853729248046875 0.0455245971679688 0.118301391601563 0.0304031372070313
0.079833984375 -0.00972747802734375 0.182693481445313 -0.0453948974609375
0.0515670776367188 -0.0408210754394531 0.140625 -0.141891479492188
0.0182113647460938 -0.0595245361328125 0.052886962890625 -0.205490112304688
-0.0131072998046875 -0.0810928344726563 -0.017608642578125 -0.19671630859375
-0.0112457275390625 -0.08355712890625 -0.03253173828125 -0.14532470703125
-0.0139846801757813 -0.091949462890625 -0.0141830444335937 -0.106292724609375
0.0158462524414063 -0.104957580566406 0.00204467773437501 -0.0805206298828125
0.0744171142578125 -0.093597412109375 -0.01104736328125 -0.0315399169921875
0.127098083496094 -0.0464553833007813 -0.0351085662841797 -0.0344734191894531
0.1483154296875 0.0743865966796875 -0.0707778930664062 -0.0863876342773437
0.128005981445313 0.175582885742188 -0.0381317138671875 -0.145950317382813
0.0598602294921875 0.226287841796875 0.0188980102539063 -0.116119384765625
-0.0145721435546875 0.261016845703125 0.1859130859375 -0.0556793212890625
0.0762481689453125 0.199966430664063 0.110275268554688 0.0381088256835938
0.121383666992188 0.134056091308594 0.134124755859375 0.0654449462890625
0.156280517578125 0.026611328125 0.193222045898438 -0.014556884765625
0.123008728027344 -0.0562362670898438 0.147369384765625 -0.107559204101563
0.0609664916992188 -0.115043640136719 0.0619659423828125 -0.168533325195313
0.00278472900390625 -0.138916015625 -0.00140380859375001 -0.158477783203125
0.003021240234375 -0.1341552734375 -0.0189743041992188 -0.107131958007813
0.00201416015624999 -0.147354125976563 -0.0066680908203125 -0.06610107421875
0.042755126953125 -0.147613525390625 0.000484466552734373 -0.0452079772949219
0.114768981933594 -0.111152648925781 -0.016942024230957 -0.00331878662109376
0.163406372070313 -0.0427703857421875 -0.0396347045898437 -0.0114059448242187
0.162216186523438 0.10650634765625 -0.070526123046875 -0.0569000244140625
0.11669921875 0.214462280273438 -0.0227432250976562 -0.0929641723632812
0.02783203125 0.25701904296875 0.0190162658691406 -0.0379409790039062
-0.0843963623046875 0.265884399414063 0.168258666992188 0.0511627197265625
0.0155181884765625 0.25567626953125 0.107856750488281 0.121009826660156
0.10772705078125 0.208816528320313 0.129135131835938 0.108894348144531
0.193649291992188 0.0807647705078125 0.179550170898438 0.0305938720703125
0.175079345703125 -0.0430908203125 0.135238647460938 -0.0539093017578125
0.103607177734375 -0.141494750976563 0.0632171630859375 -0.107978820800781
0.025726318359375 -0.171859741210938 0.014862060546875 -0.0975341796875
0.021209716796875 -0.161834716796875 -0.00178146362304687 -0.051605224609375
0.02056884765625 -0.179336547851562 0.00235080718994141 -0.0112276077270508
0.0645751953125 -0.170684814453125 -0.00408840179443359 0.00263237953186034
0.141021728515625 -0.114089965820313 -0.0273933410644531 0.0296459197998047
0.182342529296875 -0.0324249267578125 -0.0463600158691406 0.00823211669921876
0.155593872070313 0.129547119140625 -0.0630302429199219 -0.036773681640625
0.0867462158203125 0.231491088867188 -0.000228881835937499 -0.0433692932128906
-0.0136566162109375 0.257431030273438 0.0105361938476562 0.0419082641601563
-0.132354736328125 0.218948364257813 0.125396728515625 0.145339965820312
-0.0480194091796875 0.247543334960938 0.0848541259765625 0.193740844726563
0.061859130859375 0.235275268554688 0.11016845703125 0.141647338867188
0.182266235351563 0.123062133789063 0.145492553710937 0.0645599365234375
0.189224243164063 -0.016357421875 0.10296630859375 -0.0052642822265625
0.12774658203125 -0.138282775878906 0.0483322143554688 -0.0428199768066406
0.04351806640625 -0.1759033203125 0.021331787109375 -0.0275440216064453
0.0328826904296875 -0.165069580078125 0.0107507705688477 0.0103998184204101
0.031890869140625 -0.18572998046875 0.0088348388671875 0.0481224060058594
0.07415771484375 -0.174179077148438 -0.0110664367675781 0.0549545288085937
0.149261474609375 -0.108627319335938 -0.0408477783203125 0.0646743774414063
0.183837890625 -0.0191497802734375 -0.0579605102539062 0.0262985229492187
0.135589599609375 0.144073486328125 -0.0577316284179687 -0.022979736328125
0.045654296875 0.22998046875 0.0154132843017578 0.000553131103515639
-0.0577239990234375 0.230728149414063 -0.0110244750976563 0.115379333496094
-0.151031494140625 0.1317138671875 0.0739898681640625 0.210281372070313
-0.0959320068359375 0.183609008789063 0.0529937744140625 0.239044189453125
0.00189208984375 0.203460693359375 0.08514404296875 0.153823852539063
0.129310607910156 0.13433837890625 0.101478576660156 0.0830230712890625
0.161972045898438 0.012237548828125 0.06219482421875 0.0309562683105469
0.125694274902344 -0.108818054199219 0.0272197723388672 0.0159358978271484
0.0506744384765625 -0.15216064453125 0.0212593078613281 0.038726806640625
0.037109375 -0.144088745117187 0.0212669372558594 0.0700416564941406
0.036590576171875 -0.165695190429688 0.0145645141601563 0.104644775390625
0.07452392578125 -0.156646728515625 -0.0199127197265625 0.106369018554687
0.142608642578125 -0.09185791015625 -0.057586669921875 0.098052978515625
0.168746948242188 -0.0037994384765625 -0.0737075805664062 0.0414199829101563
0.103500366210937 0.14776611328125 -0.0580902099609375 -0.0128593444824219
-0.000625610351562513 0.209259033203125 0.0182304382324219 0.0397224426269531
-0.097259521484375 0.1800537109375 -0.0465087890625 0.173812866210938
-0.142074584960938 0.0230712890625 0.030914306640625 0.235824584960938
-0.116729736328125 0.0863037109375 0.031036376953125 0.248779296875
-0.0490188598632812 0.128585815429688 0.06787109375 0.146743774414063
0.05828857421875 0.11151123046875 0.0662078857421875 0.0834426879882813
0.105506896972656 0.0309677124023438 0.0282707214355469 0.0500335693359375
0.0988998413085938 -0.0645599365234375 0.00787353515625 0.0608024597167969
0.048095703125 -0.103790283203125 0.0198287963867187 0.0918655395507813
0.035919189453125 -0.102783203125 0.0292205810546875 0.118827819824219
0.0356826782226563 -0.122413635253906 0.01751708984375 0.152435302734375
0.064788818359375 -0.117149353027344 -0.0303802490234375 0.15130615234375
0.118339538574219 -0.064361572265625 -0.076568603515625 0.126449584960938
0.134613037109375 0.010162353515625 -0.092987060546875 0.0544052124023438
0.0627517700195313 0.132972717285156 -0.0655250549316406 -0.00484466552734375
-0.043975830078125 0.16339111328125 0.00655364990234375 0.070953369140625
-0.1248779296875 0.106132507324219 -0.0923614501953125 0.2127685546875
0.108917236328125 -0.00135040283203125 0.0850677490234375 -0.228378295898438
0.0534133911132813 -0.0988082885742188 0.019744873046875 -0.0779800415039063
-0.0416259765625 -0.0847320556640625 0.074554443359375 -0.00210571289062501
-0.0807571411132813 -0.0201034545898437 0.128929138183594 -0.0689468383789063
-0.0698585510253906 0.0365829467773437 0.0882415771484375 -0.159423828125
-0.0339126586914063 0.0772171020507813 0.00921630859375001 -0.20782470703125
-0.0196456909179688 0.0616683959960937 -0.051483154296875 -0.190597534179688
-0.0281639099121094 0.0479774475097656 -0.05450439453125 -0.149490356445313
-0.0410919189453125 0.053802490234375 -0.0359268188476563 -0.120529174804688
-0.0633468627929688 0.0130462646484375 -0.02056884765625 -0.0944595336914063
-0.0543861389160156 -0.0465507507324219 -0.020904541015625 -0.0624046325683594
0.000694274902343753 -0.0757217407226563 -0.0428848266601563 -0.07904052734375
0.08746337890625 -0.0557174682617188 -0.0606231689453125 -0.152359008789063
0.1298828125 0.0040435791015625 -0.0493927001953125 -0.237823486328125
0.114944458007813 0.0635833740234375 -0.0166015625 -0.233779907226563
0.0955352783203125 0.103500366210938 0.128646850585937 -0.210647583007813
0.0915069580078125 -0.0090484619140625 0.0505142211914063 -0.06842041015625
0.0255908966064453 -0.0333232879638672 0.095855712890625 0.0045928955078125
-0.00623703002929688 -0.0247211456298828 0.155838012695313 -0.0700225830078125
-0.0167160034179687 -0.00589370727539062 0.110061645507813 -0.164871215820313
-0.0136919021606445 0.00853538513183594 0.0206146240234375 -0.220748901367188
-0.0223388671875 -0.0102653503417969 -0.04833984375 -0.205123901367188
-0.0245304107666016 -0.018768310546875 -0.055267333984375 -0.15716552734375
-0.0314712524414063 -0.0212440490722656 -0.0334548950195313 -0.124641418457031
-0.0241050720214844 -0.0498733520507813 -0.0129013061523437 -0.0996627807617188
0.0122909545898437 -0.0723724365234375 -0.0150184631347656 -0.0553207397460938
0.0694580078125 -0.0602378845214844 -0.0368270874023437 -0.0608863830566406
0.124137878417969 0.016387939453125 -0.06756591796875 -0.119834899902344
0.135940551757813 0.099517822265625 -0.0515899658203125 -0.197418212890625
0.09674072265625 0.156936645507812 0.000457763671875 -0.19012451171875
0.0601043701171875 0.19940185546875 0.163894653320313 -0.156890869140625
0.107406616210937 0.0968170166015625 0.0831985473632813 -0.0319976806640625
0.0912551879882813 0.0412750244140625 0.119857788085937 0.0252838134765625
0.0803146362304688 -0.0152053833007812 0.17999267578125 -0.056243896484375
0.0500411987304687 -0.0446395874023438 0.129974365234375 -0.151626586914063
0.0158920288085938 -0.0618820190429688 0.035888671875 -0.209976196289063
-0.0195999145507812 -0.0809783935546875 -0.0355377197265625 -0.19427490234375
-0.0189132690429687 -0.0830841064453125 -0.0476837158203125 -0.14105224609375
-0.021636962890625 -0.09222412109375 -0.0268936157226563 -0.104690551757813
0.00821685791015626 -0.107513427734375 -0.0109024047851562 -0.0819473266601562
0.06719970703125 -0.0991439819335937 -0.01739501953125 -0.0345249176025391
0.123886108398437 -0.0565109252929688 -0.0390472412109375 -0.0368461608886719
0.155731201171875 0.06427001953125 -0.0753326416015625 -0.0851516723632813
0.141998291015625 0.166336059570313 -0.04779052734375 -0.146713256835938
0.0772857666015625 0.222686767578125 0.0103988647460938 -0.124008178710937
0.00711059570312498 0.2647705078125 0.180862426757813 -0.0705718994140625
0.0921783447265625 0.1954345703125 0.108444213867188 0.03155517578125
0.134979248046875 0.127471923828125 0.136741638183594 0.0592422485351563
0.160964965820313 0.0151824951171875 0.192047119140625 -0.026031494140625
0.119400024414062 -0.0668487548828125 0.138923645019531 -0.116973876953125
0.0534820556640625 -0.121734619140625 0.0491943359375 -0.172378540039062
-0.00915527343749999 -0.140068054199219 -0.016448974609375 -0.157684326171875
-0.0091094970703125 -0.135086059570313 -0.0312118530273438 -0.104042053222656
-0.011199951171875 -0.149246215820313 -0.0160598754882813 -0.0644340515136719
0.0306854248046875 -0.153244018554688 -0.00946426391601562 -0.046142578125
0.106826782226563 -0.121505737304688 -0.0225467681884766 -0.00441932678222657
0.161834716796875 -0.0572967529296875 -0.0426292419433594 -0.0125808715820313
0.173416137695313 0.09521484375 -0.0738296508789063 -0.0552215576171875
0.135772705078125 0.207672119140625 -0.0290298461914062 -0.0953216552734375
0.0475921630859375 0.25714111328125 0.0163803100585938 -0.0451202392578125
-0.0624237060546875 0.276580810546875 0.17034912109375 0.03851318359375
0.0373687744140625 0.256790161132813 0.111480712890625 0.11376953125
0.128509521484375 0.20391845703125 0.133857727050781 0.102508544921875
0.203384399414062 0.0660858154296875 0.180816650390625 0.019866943359375
0.173004150390625 -0.05828857421875 0.131561279296875 -0.0624771118164063
0.09295654296875 -0.15155029296875 0.0555191040039063 -0.112213134765625
0.010284423828125 -0.1746826171875 0.00521087646484376 -0.0981369018554688
0.00531005859374999 -0.164138793945313 -0.00933837890625 -0.0506401062011719
0.00299072265625001 -0.183441162109375 -0.00231361389160156 -0.00964927673339845
0.048980712890625 -0.178970336914063 -0.00941181182861328 0.00264453887939452
0.13226318359375 -0.128837585449219 -0.0300312042236328 0.0305004119873047
0.181884765625 -0.049072265625 -0.0487403869628906 0.00904083251953124
0.169708251953125 0.118606567382813 -0.0663337707519531 -0.0351753234863281
0.108139038085938 0.227569580078125 -0.00374984741210937 -0.0474624633789062
0.00769042968750001 0.260910034179688 0.0132560729980469 0.0361709594726563
-0.114227294921875 0.233871459960938 0.134201049804688 0.136886596679688
-0.027099609375 0.254928588867188 0.0950927734375 0.188095092773438
0.0844268798828125 0.23382568359375 0.116477966308594 0.135818481445313
0.195358276367188 0.109634399414062 0.148635864257813 0.0567779541015625
0.18939208984375 -0.0333709716796875 0.103279113769531 -0.0105209350585938
0.116485595703125 -0.150344848632813 0.0475807189941406 -0.04473876953125
0.0271148681640625 -0.180221557617188 0.0178661346435547 -0.0284576416015625
0.0166015625 -0.168869018554688 0.00916576385498047 0.010462760925293
0.013153076171875 -0.190475463867188 0.0108985900878906 0.0491180419921875
0.057952880859375 -0.182449340820313 -0.0116043090820313 0.0563316345214844
0.140464782714844 -0.123634338378906 -0.0401420593261719 0.06817626953125
0.1842041015625 -0.036407470703125 -0.0592765808105469 0.0284881591796875
0.150772094726563 0.135208129882813 -0.0611648559570313 -0.0215644836425781
0.0675201416015625 0.229278564453125 0.0162925720214844 -0.00457191467285155
-0.0383148193359375 0.237869262695313 -0.00200653076171875 0.112747192382813
-0.1402587890625 0.147308349609375 0.0877227783203125 0.206741333007813
-0.0801849365234375 0.193954467773438 0.06707763671875 0.235946655273438
0.021392822265625 0.20684814453125 0.092987060546875 0.149642944335938
0.143661499023438 0.123184204101563 0.105667114257813 0.079437255859375
0.16339111328125 -0.00299072265625 0.0655937194824219 0.0296669006347656
0.115821838378906 -0.121009826660156 0.0315113067626953 0.0167407989501953
0.0352325439453125 -0.157135009765625 0.0248184204101563 0.0375785827636719
0.02191162109375 -0.1484375 0.0262184143066406 0.0684814453125
0.0196685791015625 -0.170364379882813 0.0226211547851563 0.104873657226562
0.0585479736328125 -0.164321899414063 -0.0143051147460937 0.10882568359375
0.134490966796875 -0.106353759765625 -0.0531692504882812 0.103477478027344
0.169281005859375 -0.019561767578125 -0.0736236572265625 0.0461044311523438
0.118759155273437 0.140792846679688 -0.060791015625 -0.0103378295898437
0.01885986328125 0.21136474609375 0.0218791961669922 0.0346641540527344
-0.08209228515625 0.189163208007812 -0.0322418212890625 0.1756591796875
-0.139503479003906 0.037872314453125 0.04656982421875 0.237258911132813
-0.108390808105469 0.0986557006835937 0.0457916259765625 0.248458862304688
-0.03515625 0.135757446289063 0.0743560791015625 0.143218994140625
0.0712203979492188 0.106964111328125 0.0703125 0.0831756591796875
0.10858154296875 0.0199737548828125 0.0333595275878906 0.0515861511230469
0.0920867919921875 -0.074920654296875 0.0157890319824219 0.06201171875
0.037567138671875 -0.108596801757813 0.0280227661132812 0.09002685546875
0.024322509765625 -0.106208801269531 0.0382843017578125 0.116645812988281
0.0227432250976562 -0.126190185546875 0.02996826171875 0.152511596679687
0.05255126953125 -0.122970581054688 -0.020538330078125 0.154754638671875
0.112129211425781 -0.07647705078125 -0.0685958862304687 0.134010314941406
0.135635375976563 -0.00258636474609375 -0.0918197631835937 0.0609970092773438
0.0759963989257812 0.129280090332031 -0.0670928955078125 -0.00231933593749998
-0.0279541015625 0.168365478515625 0.012481689453125 0.0671539306640625
-0.113998413085937 0.116622924804688 -0.075408935546875 0.219223022460938
0.1068115234375 -0.00693511962890625 0.073028564453125 -0.231857299804688
0.0470657348632812 -0.0994644165039063 0.0150909423828125 -0.0759201049804688
-0.0465850830078125 -0.080780029296875 0.0748748779296875 -0.001800537109375
-0.081512451171875 -0.0143280029296875 0.127265930175781 -0.0732498168945312
-0.0651779174804688 0.041656494140625 0.08026123046875 -0.161605834960937
-0.0260696411132812 0.0773544311523437 -0.00282287597656248 -0.205337524414062
-0.0136604309082031 0.0617599487304688 -0.061798095703125 -0.186508178710938
-0.0236358642578125 0.0495376586914063 -0.063232421875 -0.144180297851563
-0.035552978515625 0.0549430847167969 -0.0453262329101563 -0.1168212890625
-0.0597724914550781 0.0174217224121094 -0.0282135009765625 -0.0925445556640625
-0.0560226440429688 -0.0393829345703125 -0.0259780883789063 -0.0650901794433594
-0.00445556640625 -0.0734710693359375 -0.0454025268554688 -0.0812530517578125
0.0822982788085938 -0.060577392578125 -0.063873291015625 -0.150314331054688
0.126541137695313 -0.00412750244140625 -0.0581512451171875 -0.235626220703125
0.115890502929688 0.0559921264648438 -0.0264892578125 -0.234619140625
0.0997848510742188 0.0986862182617188 0.11749267578125 -0.216445922851563
0.0894546508789063 -0.0128173828125 0.0449409484863281 -0.0677528381347656
0.0242691040039063 -0.03302001953125 0.095977783203125 0.00379180908203125
-0.00640106201171875 -0.0233345031738281 0.153366088867188 -0.0745697021484375
-0.0146846771240234 -0.00430488586425781 0.1016845703125 -0.168014526367188
-0.0103321075439453 0.00824737548828125 0.00860595703125001 -0.21942138671875
-0.0212383270263672 -0.00940895080566406 -0.0604705810546875 -0.200164794921875
-0.0245990753173828 -0.0178585052490234 -0.0650787353515625 -0.151138305664063
-0.0307807922363281 -0.0200843811035156 -0.0435028076171875 -0.121070861816406
-0.0248832702636719 -0.0474433898925781 -0.02349853515625 -0.0981597900390625
0.00952529907226562 -0.0701828002929688 -0.0213241577148438 -0.0577774047851563
0.0653724670410156 -0.0617256164550781 -0.0402641296386719 -0.0635948181152344
0.122795104980469 0.0104827880859375 -0.0695648193359375 -0.118690490722656
0.138359069824219 0.0917434692382812 -0.0583648681640625 -0.196151733398437
0.102615356445313 0.15032958984375 -0.0074920654296875 -0.193344116210938
0.0696868896484375 0.19610595703125 0.154693603515625 -0.164321899414062
0.110641479492188 0.09197998046875 0.077728271484375 -0.0334701538085937
0.0943679809570313 0.0378494262695313 0.119316101074219 0.0232772827148438
0.0806045532226563 -0.0187835693359375 0.1766357421875 -0.0621185302734375
0.0487937927246094 -0.04669189453125 0.122024536132813 -0.154998779296875
0.0150337219238281 -0.0638160705566406 0.024688720703125 -0.209228515625
-0.0231552124023437 -0.08026123046875 -0.0472259521484375 -0.190231323242187
-0.0230178833007813 -0.0820770263671875 -0.0570602416992188 -0.135063171386719
-0.02618408203125 -0.0922012329101563 -0.0357513427734375 -0.1007080078125
0.00256347656250001 -0.107696533203125 -0.0212860107421875 -0.0810546875
0.0616912841796875 -0.101936340332031 -0.0238533020019531 -0.0369606018066406
0.120933532714844 -0.0617828369140625 -0.0417861938476562 -0.0397834777832031
0.158035278320313 0.0568695068359375 -0.07647705078125 -0.0843887329101563
0.149795532226563 0.1590576171875 -0.0525665283203125 -0.146820068359375
0.08642578125 0.217910766601563 0.00399780273437502 -0.129081726074219
0.0204925537109375 0.264739990234375 0.175033569335938 -0.079345703125
0.1019287109375 0.191024780273438 0.105819702148438 0.0280227661132813
0.143753051757812 0.12188720703125 0.136611938476563 0.0559234619140625
0.162490844726563 0.006622314453125 0.189590454101563 -0.03265380859375
0.115966796875 -0.0725173950195313 0.133255004882813 -0.12042236328125
0.0476837158203125 -0.125083923339844 0.0401153564453125 -0.172698974609375
-0.0170211791992188 -0.138893127441406 -0.025909423828125 -0.154312133789062
-0.01702880859375 -0.133743286132813 -0.0392074584960938 -0.09912109375
-0.020416259765625 -0.148880004882813 -0.0225601196289062 -0.0611228942871094
0.021484375 -0.1546630859375 -0.0185661315917969 -0.0448226928710938
0.099395751953125 -0.127487182617188 -0.0271205902099609 -0.00577926635742188
0.158782958984375 -0.065582275390625 -0.0457572937011719 -0.0141181945800781
0.179275512695313 0.0867462158203125 -0.0749359130859375 -0.055023193359375
0.147216796875 0.200973510742187 -0.0325088500976563 -0.096923828125
0.0597686767578125 0.254302978515625 0.0136146545410156 -0.0513381958007812
-0.0469970703125 0.280120849609375 0.169509887695313 0.0292816162109375
0.05023193359375 0.25372314453125 0.1121826171875 0.108268737792969
0.14202880859375 0.197982788085938 0.134559631347656 0.0990829467773438
0.20806884765625 0.0549774169921875 0.179244995117188 0.0146942138671875
0.168899536132813 -0.0682525634765625 0.128288269042969 -0.0658035278320313
0.0845489501953125 -0.156661987304688 0.0507049560546875 -0.112312316894531
-0.000793457031249982 -0.17437744140625 -0.00112152099609374 -0.0963592529296875
-0.00558471679687502 -0.163330078125 -0.0150146484375 -0.0475578308105469
-0.00917053222656249 -0.183181762695313 -0.0050816535949707 -0.00800228118896486
0.0369415283203125 -0.181320190429688 -0.0146617889404297 0.00369071960449218
0.123771667480469 -0.137489318847656 -0.0324001312255859 0.0312328338623047
0.178955078125 -0.060272216796875 -0.0512313842773437 0.00902557373046874
0.178436279296875 0.110733032226563 -0.0678215026855469 -0.0349693298339844
0.12213134765625 0.222076416015625 -0.00594711303710936 -0.0506172180175781
0.0206756591796875 0.260406494140625 0.0147991180419922 0.0305576324462891
-0.0996856689453125 0.241424560546875 0.138137817382813 0.129570007324219
-0.0125732421875 0.256271362304688 0.0987548828125 0.182342529296875
0.1002197265625 0.230865478515625 0.117752075195313 0.131744384765625
0.202301025390625 0.097503662109375 0.147918701171875 0.0530853271484375
0.185577392578125 -0.044189453125 0.101997375488281 -0.0127182006835938
0.107284545898438 -0.157577514648438 0.0466194152832031 -0.0455207824707031
0.0149993896484375 -0.180374145507813 0.0153274536132813 -0.0286140441894531
0.0048065185546875 -0.168548583984375 0.00733757019042969 0.0111331939697266
0.000122070312500009 -0.1912841796875 0.0120811462402344 0.0497322082519531
0.0457305908203125 -0.18585205078125 -0.0120582580566406 0.0572357177734375
0.132972717285156 -0.133567810058594 -0.03997802734375 0.0697479248046875
0.182449340820312 -0.0477752685546875 -0.0608291625976562 0.0300941467285156
0.1602783203125 0.128158569335938 -0.0627021789550781 -0.0212821960449219
0.0826568603515625 0.226165771484375 0.0151853561401367 -0.00875949859619139
-0.024932861328125 0.239013671875 0.00286865234375 0.108207702636719
-0.130661010742188 0.157272338867188 0.095855712890625 0.202957153320313
-0.06781005859375 0.198974609375 0.07330322265625 0.231735229492188
0.0363311767578125 0.206573486328125 0.0944671630859375 0.146026611328125
0.152084350585938 0.114120483398438 0.106208801269531 0.076934814453125
0.162124633789063 -0.0138702392578125 0.0675735473632813 0.0286064147949219
0.107490539550781 -0.128761291503906 0.0347614288330078 0.0163421630859375
0.0244140625 -0.15771484375 0.0265617370605469 0.0360031127929687
0.0120849609375 -0.148193359375 0.0278854370117187 0.0672607421875
0.00743103027343751 -0.170700073242188 0.0272750854492188 0.104774475097656
0.0466156005859375 -0.167236328125 -0.0114822387695312 0.109733581542969
0.126777648925781 -0.115913391113281 -0.0501861572265625 0.106132507324219
0.167190551757812 -0.030364990234375 -0.0738525390625 0.0490493774414063
0.127944946289063 0.134384155273438 -0.0620307922363281 -0.00988769531249999
0.033660888671875 0.210311889648437 0.0233383178710938 0.0296859741210938
-0.0697784423828125 0.192489624023438 -0.02392578125 0.173263549804688
-0.135833740234375 0.0478744506835938 0.0564727783203125 0.236740112304688
-0.100944519042969 0.105583190917969 0.0529632568359375 0.245986938476562
-0.0242080688476563 0.137672424316406 0.0753326416015625 0.14129638671875
0.0785064697265625 0.101280212402344 0.0716705322265625 0.0832366943359375
0.108810424804687 0.0114974975585937 0.0371360778808594 0.0524101257324219
0.0851974487304688 -0.0816116333007812 0.0219612121582031 0.0623550415039062
0.0285797119140625 -0.109481811523437 0.033355712890625 0.0873641967773438
0.016571044921875 -0.105873107910156 0.0438690185546875 0.112953186035156
0.0131988525390625 -0.126106262207031 0.038177490234375 0.150253295898438
0.0426559448242188 -0.126068115234375 -0.0135650634765625 0.1561279296875
0.105293273925781 -0.0836029052734375 -0.0628814697265625 0.137954711914063
0.133705139160156 -0.0114517211914062 -0.090362548828125 0.0646896362304688
0.0840682983398438 0.124687194824219 -0.0683135986328125 -0.00129699707031249
-0.016632080078125 0.169387817382813 0.0160598754882813 0.0621337890625
-0.105499267578125 0.121871948242188 -0.064056396484375 0.220138549804688
0.10589599609375 -0.0103607177734375 0.0669708251953125 -0.237213134765625
0.0431976318359375 -0.100845336914063 0.0127105712890625 -0.0752944946289063
-0.0504531860351563 -0.0781478881835937 0.0763778686523438 -0.00131988525390625
-0.0818328857421875 -0.010498046875 0.128791809082031 -0.0766067504882812
-0.0625152587890625 0.0450019836425781 0.0773162841796875 -0.163909912109375
-0.0211410522460937 0.077728271484375 -0.00942993164062502 -0.206390380859375
-0.00988006591796875 0.0617942810058594 -0.06854248046875 -0.18572998046875
-0.0217971801757813 0.0506744384765625 -0.068511962890625 -0.142608642578125
-0.0322113037109375 0.0554161071777344 -0.0512237548828125 -0.115692138671875
-0.0580177307128906 0.0205421447753906 -0.0346755981445313 -0.0917587280273438
-0.0574264526367187 -0.0352973937988281 -0.0304145812988281 -0.0683784484863281
-0.00756835937500001 -0.0727615356445312 -0.0476226806640625 -0.0856552124023438
0.078216552734375 -0.0630416870117188 -0.064117431640625 -0.152603149414063
0.125640869140625 -0.00896453857421875 -0.061859130859375 -0.237808227539063
0.117164611816406 0.0522537231445312 -0.0316162109375 -0.239181518554688
0.102027893066406 0.09661865234375 0.111846923828125 -0.222579956054688
0.089019775390625 -0.0138778686523438 0.0424118041992188 -0.0672950744628906
0.0237197875976563 -0.0316238403320313 0.0975570678710938 0.00463104248046875
-0.00653839111328125 -0.0219764709472656 0.154296875 -0.0785980224609375
-0.0133810043334961 -0.002838134765625 0.097869873046875 -0.17022705078125
-0.00732088088989258 0.00709247589111328 0.0010833740234375 -0.220611572265625
-0.0197849273681641 -0.00937843322753907 -0.0675811767578125 -0.198776245117188
-0.025238037109375 -0.0168285369873047 -0.0720062255859375 -0.148666381835938
-0.0308551788330078 -0.0206050872802734 -0.0501861572265625 -0.119140625
-0.0254859924316406 -0.0465011596679688 -0.0307769775390625 -0.0973892211914062
0.00775146484375 -0.0690269470214844 -0.0270271301269531 -0.0612449645996094
0.0642013549804688 -0.0632362365722656 -0.0422744750976562 -0.0681686401367188
0.123184204101562 0.007476806640625 -0.0697555541992187 -0.121040344238281
0.141571044921875 0.087890625 -0.0621337890625 -0.199371337890625
0.105819702148438 0.149032592773438 -0.0125579833984375 -0.199310302734375
0.0754547119140625 0.196319580078125 0.150314331054688 -0.17083740234375
0.113693237304688 0.0904006958007813 0.075714111328125 -0.0335235595703125
0.09735107421875 0.0370407104492188 0.120262145996094 0.0241470336914063
0.0819244384765625 -0.0202865600585938 0.177490234375 -0.0650787353515625
0.0490684509277344 -0.0477104187011719 0.118927001953125 -0.157760620117188
0.0150260925292969 -0.0665550231933594 0.018524169921875 -0.210464477539062
-0.0251922607421875 -0.0804901123046875 -0.0549774169921875 -0.188766479492188
-0.0259246826171875 -0.0815505981445313 -0.0638427734375 -0.132003784179688
-0.0289688110351562 -0.0922775268554688 -0.042877197265625 -0.0988540649414063
-0.000617980957031239 -0.108818054199219 -0.0296554565429688 -0.0801925659179688
0.05987548828125 -0.104530334472656 -0.02978515625 -0.0392837524414063
0.120414733886719 -0.0661163330078125 -0.0450210571289063 -0.04345703125
0.161941528320313 0.0536346435546875 -0.0770721435546875 -0.0865936279296875
0.15625 0.15692138671875 -0.0554656982421875 -0.14959716796875
0.092254638671875 0.218414306640625 3.81469726562583E-05 -0.134925842285156
0.028411865234375 0.267440795898438 0.17254638671875 -0.0856781005859375
0.108367919921875 0.189956665039062 0.103782653808594 0.0271072387695313
0.150955200195313 0.119537353515625 0.136909484863281 0.0565567016601562
0.166000366210938 0.0022125244140625 0.190170288085938 -0.034881591796875
0.115646362304688 -0.0764694213867188 0.130867004394531 -0.12274169921875
0.045440673828125 -0.128822326660156 0.03643798828125 -0.174301147460937
-0.0219879150390625 -0.140228271484375 -0.0327301025390625 -0.1529541015625
-0.02294921875 -0.134300231933594 -0.044464111328125 -0.0962677001953125
-0.026397705078125 -0.150527954101563 -0.0277862548828125 -0.0591850280761719
0.01556396484375 -0.157852172851563 -0.0256004333496094 -0.0438461303710938
0.0958786010742187 -0.133247375488281 -0.0327682495117187 -0.00639343261718751
0.15924072265625 -0.071990966796875 -0.0487403869628906 -0.0166244506835938
0.185745239257813 0.08282470703125 -0.0762710571289062 -0.0571136474609375
0.15643310546875 0.19952392578125 -0.0348129272460938 -0.100563049316406
0.066864013671875 0.256240844726563 0.0114479064941406 -0.0570602416992187
-0.037933349609375 0.286834716796875 0.169647216796875 0.0253753662109375
0.058380126953125 0.255081176757813 0.111923217773438 0.107246398925781
0.152130126953125 0.196884155273438 0.134681701660156 0.100181579589844
0.213485717773438 0.0485687255859375 0.17987060546875 0.01300048828125
0.168609619140625 -0.0741729736328125 0.126953125 -0.0675125122070313
0.0811309814453125 -0.161605834960938 0.0490951538085938 -0.113494873046875
-0.00708007812500001 -0.175537109375 -0.00594329833984374 -0.096649169921875
-0.012237548828125 -0.165298461914063 -0.018707275390625 -0.0455207824707031
-0.0176849365234375 -0.185302734375 -0.00789546966552735 -0.00622987747192384
0.02935791015625 -0.185775756835938 -0.0201759338378906 0.00523757934570311
0.120803833007813 -0.14483642578125 -0.0361366271972656 0.0318222045898437
0.179901123046875 -0.06805419921875 -0.0539207458496094 0.00799942016601562
0.187057495117188 0.107101440429687 -0.0692138671875 -0.0363960266113281
0.133255004882813 0.221511840820312 -0.00748825073242186 -0.0544471740722656
0.029052734375 0.263229370117188 0.0143775939941406 0.0255451202392578
-0.0933074951171875 0.249343872070313 0.1412353515625 0.127914428710938
-0.00456237792968749 0.259384155273438 0.099945068359375 0.181686401367188
0.111541748046875 0.230743408203125 0.117805480957031 0.132606506347656
0.209609985351563 0.0914764404296875 0.14947509765625 0.0525970458984375
0.18597412109375 -0.051513671875 0.102996826171875 -0.013275146484375
0.102218627929687 -0.163772583007813 0.0477180480957031 -0.0456581115722656
0.00711059570312498 -0.1824951171875 0.0131149291992187 -0.0291290283203125
-0.002288818359375 -0.170196533203125 0.00636005401611328 0.0122127532958984
-0.00929260253906251 -0.1922607421875 0.0115890502929687 0.0505332946777344
0.0372467041015625 -0.19000244140625 -0.0146064758300781 0.0592994689941406
0.129119873046875 -0.141860961914063 -0.0416259765625 0.0714569091796875
0.182846069335938 -0.0555877685546875 -0.0625877380371094 0.0306129455566406
0.168975830078125 0.124053955078125 -0.0638313293457031 -0.0218849182128906
0.0934906005859375 0.2261962890625 0.0150175094604492 -0.0133113861083984
-0.0177459716796875 0.242874145507812 0.00463104248046875 0.104423522949219
-0.12548828125 0.165023803710937 0.0999908447265625 0.2034912109375
-0.061309814453125 0.20391845703125 0.0759429931640625 0.231964111328125
0.04681396484375 0.208343505859375 0.0943450927734375 0.147979736328125
0.159454345703125 0.109146118164063 0.107635498046875 0.07794189453125
0.162979125976562 -0.0209808349609375 0.0697174072265625 0.0297508239746094
0.102561950683594 -0.134849548339844 0.037445068359375 0.0161361694335937
0.0171966552734375 -0.159439086914063 0.0275535583496094 0.0357818603515625
0.00479125976562499 -0.149627685546875 0.029296875 0.0675239562988281
-0.00177001953124998 -0.172836303710938 0.0302963256835937 0.104972839355469
0.039031982421875 -0.170989990234375 -0.0108642578125 0.112052917480469
0.122993469238281 -0.122634887695312 -0.049835205078125 0.109848022460937
0.167861938476563 -0.0377197265625 -0.0750198364257812 0.050750732421875
0.136962890625 0.131523132324219 -0.0636062622070312 -0.0104103088378906
0.043701171875 0.211563110351562 0.0243244171142578 0.0259799957275391
-0.0639801025390625 0.19671630859375 -0.0201568603515625 0.172348022460938
-0.133712768554688 0.055572509765625 0.061004638671875 0.239532470703125
-0.0969314575195312 0.110504150390625 0.055877685546875 0.247055053710938
-0.0172271728515625 0.141036987304688 0.0750274658203125 0.142608642578125
0.0843124389648437 0.098297119140625 0.07208251953125 0.0861434936523438
0.109642028808594 0.006317138671875 0.039764404296875 0.054229736328125
0.0816879272460938 -0.0852890014648437 0.0272674560546875 0.0622978210449219
0.0230789184570312 -0.110618591308594 0.0365219116210938 0.0869598388671875
0.0101394653320313 -0.106964111328125 0.046417236328125 0.111846923828125
0.00706481933593749 -0.127998352050781 0.0434722900390625 0.150314331054688
0.0368118286132813 -0.129158020019531 -0.0113983154296875 0.158523559570313
0.102516174316406 -0.0895843505859375 -0.0607452392578125 0.141006469726563
0.134254455566406 -0.0171051025390625 -0.091400146484375 0.0674972534179688
0.0906143188476562 0.123100280761719 -0.0703506469726563 -0.00146484374999999
-0.00863647460937501 0.17059326171875 0.018463134765625 0.0588111877441406
-0.101593017578125 0.125030517578125 -0.0578460693359375 0.222335815429688
0.107749938964844 -0.014373779296875 0.063018798828125 -0.247879028320313
0.0406494140625 -0.10430908203125 0.010833740234375 -0.0768051147460938
-0.0546722412109375 -0.0780410766601563 0.0806121826171875 -0.000679016113281255
-0.0849609375 -0.00682067871093748 0.13360595703125 -0.0806121826171875
-0.0612525939941406 0.0487136840820313 0.076873779296875 -0.17010498046875
-0.0174407958984375 0.0793685913085938 -0.014617919921875 -0.211624145507812
-0.00592803955078125 0.0631752014160156 -0.075836181640625 -0.189926147460937
-0.0196762084960937 0.0532455444335938 -0.0755462646484375 -0.14495849609375
-0.0296669006347656 0.0574226379394531 -0.0580978393554688 -0.117080688476562
-0.0572357177734375 0.0234336853027344 -0.0398941040039063 -0.09259033203125
-0.0592613220214844 -0.0322341918945313 -0.03619384765625 -0.0737457275390625
-0.0105514526367188 -0.0730743408203125 -0.0511093139648438 -0.0926513671875
0.0775985717773438 -0.0673141479492188 -0.0660247802734375 -0.159088134765625
0.127143859863281 -0.0135574340820313 -0.06646728515625 -0.245986938476562
0.121360778808594 0.05010986328125 -0.036468505859375 -0.249755859375
0.106979370117188 0.0971527099609375 0.110000610351562 -0.23455810546875
0.0901870727539063 -0.0152664184570312 0.041412353515625 -0.069427490234375
0.0239810943603516 -0.0314903259277344 0.101394653320313 0.00627899169921875
-0.00580978393554688 -0.0214977264404297 0.15838623046875 -0.08258056640625
-0.0120401382446289 -0.00230884552001953 0.09832763671875 -0.176864624023438
-0.00547885894775391 0.00570869445800781 -0.00399780273437499 -0.227005004882813
-0.0191860198974609 -0.0102214813232422 -0.0763702392578125 -0.202987670898438
-0.0261077880859375 -0.0169334411621094 -0.079498291015625 -0.149826049804688
-0.0312728881835938 -0.02142333984375 -0.05780029296875 -0.120155334472656
-0.0262374877929688 -0.0470161437988281 -0.0383071899414063 -0.0996475219726563
0.00672149658203126 -0.0702705383300781 -0.0335655212402344 -0.0666313171386719
0.065032958984375 -0.0663261413574219 -0.045654296875 -0.0746231079101563
0.126480102539063 0.004425048828125 -0.0716400146484375 -0.126457214355469
0.147262573242188 0.0870819091796875 -0.0655975341796875 -0.2064208984375
0.112396240234375 0.151611328125 -0.016876220703125 -0.2105712890625
0.0823211669921875 0.200942993164062 0.150833129882813 -0.181396484375
0.119697570800781 0.0907669067382812 0.0754318237304688 -0.0346221923828125
0.103096008300781 0.037109375 0.123420715332031 0.0256881713867188
0.0851593017578125 -0.0231552124023438 0.182388305664063 -0.0687713623046875
0.05035400390625 -0.0502090454101563 0.119644165039062 -0.163864135742187
0.0156326293945313 -0.0708160400390625 0.0145263671875 -0.216522216796875
-0.0277023315429687 -0.0832977294921875 -0.06280517578125 -0.19140625
-0.0295257568359375 -0.083953857421875 -0.0708389282226563 -0.133026123046875
-0.0332412719726563 -0.0962905883789062 -0.0495834350585938 -0.09906005859375
-0.00400543212890626 -0.112419128417969 -0.037750244140625 -0.081207275390625
0.0592803955078125 -0.109375 -0.0363616943359375 -0.0420570373535156
0.123085021972656 -0.0713119506835938 -0.0487480163574219 -0.0487403869628906
0.168991088867188 0.051788330078125 -0.0787582397460937 -0.091796875
0.166412353515625 0.15850830078125 -0.0587310791015625 -0.156280517578125
0.0999603271484375 0.223709106445312 -0.00299072265625 -0.145065307617188
0.0362701416015625 0.276702880859375 0.175491333007813 -0.092559814453125
0.116363525390625 0.19403076171875 0.104667663574219 0.0273056030273438
0.161178588867188 0.120697021484375 0.140945434570313 0.0592498779296875
0.173049926757813 -0.00189208984375 0.19561767578125 -0.0373077392578125
0.118270874023438 -0.0823135375976563 0.132675170898438 -0.127944946289063
0.04449462890625 -0.136299133300781 0.0337677001953125 -0.179306030273438
-0.0260467529296875 -0.145172119140625 -0.0397186279296875 -0.155975341796875
-0.028076171875 -0.137893676757813 -0.0500106811523438 -0.0960235595703125
-0.03338623046875 -0.155776977539063 -0.0324020385742187 -0.058380126953125
0.010498046875 -0.164520263671875 -0.0331954956054688 -0.0428657531738281
0.095794677734375 -0.141128540039063 -0.0383224487304687 -0.00714492797851563
0.163345336914063 -0.0801849365234375 -0.0525550842285156 -0.0199432373046875
0.196823120117188 0.081878662109375 -0.07843017578125 -0.0604324340820312
0.168975830078125 0.202117919921875 -0.0376815795898437 -0.106460571289062
0.0739898681640625 0.264404296875 0.00935745239257812 -0.064605712890625
-0.032501220703125 0.29901123046875 0.175247192382813 0.0218048095703125
0.067169189453125 0.263580322265625 0.114700317382813 0.110206604003906
0.1658935546875 0.199737548828125 0.137969970703125 0.103141784667969
0.22418212890625 0.044464111328125 0.185211181640625 0.01226806640625
0.172760009765625 -0.08154296875 0.130256652832031 -0.070098876953125
0.0788421630859375 -0.171249389648438 0.048828125 -0.117431640625
-0.0132598876953125 -0.181884765625 -0.00955963134765624 -0.0989227294921875
-0.0180206298828125 -0.169754028320313 -0.022247314453125 -0.0448799133300781
-0.0252227783203125 -0.191848754882813 -0.00941944122314453 -0.00508117675781251
0.023223876953125 -0.1934814453125 -0.02459716796875 0.00722312927246093
0.12054443359375 -0.155380249023438 -0.0405502319335937 0.0331077575683594
0.184951782226563 -0.0764007568359375 -0.0574111938476562 0.00727462768554686
0.199172973632813 0.105300903320313 -0.072479248046875 -0.0394515991210937
0.1463623046875 0.227218627929688 -0.00852584838867186 -0.0597000122070312
0.0346527099609375 0.273117065429688 0.0140056610107422 0.021657943725586
-0.0883941650390625 0.261474609375 0.147109985351563 0.1302490234375
0.00410461425781252 0.26910400390625 0.104019165039063 0.186813354492188
0.124954223632813 0.236343383789062 0.121070861816406 0.137474060058594
0.22198486328125 0.0870513916015625 0.153594970703125 0.054351806640625
0.19061279296875 -0.058624267578125 0.106956481933594 -0.0134506225585938
0.100143432617188 -0.1737060546875 0.0490646362304688 -0.0477828979492188
0.00172424316406249 -0.18804931640625 0.0122089385986328 -0.0293426513671875
-0.00885009765625 -0.175445556640625 0.00573444366455078 0.0125818252563476
-0.017852783203125 -0.1986083984375 0.0122222900390625 0.0537910461425781
0.030364990234375 -0.198455810546875 -0.0176773071289063 0.0631256103515625
0.128814697265625 -0.152557373046875 -0.0446014404296875 0.0759658813476562
0.187896728515625 -0.0645294189453125 -0.0662345886230469 0.0321159362792969
0.182037353515625 0.124298095703125 -0.0676155090332031 -0.0243148803710937
0.106231689453125 0.231689453125 0.015110969543457 -0.0175189971923828
-0.0121612548828125 0.252761840820313 0.00567626953125001 0.104957580566406
-0.123641967773437 0.176483154296875 0.105300903320313 0.210525512695312
-0.0567474365234375 0.2138671875 0.0800933837890625 0.239227294921875
0.056671142578125 0.2149658203125 0.0958709716796875 0.152908325195313
0.171096801757813 0.107147216796875 0.111251831054688 0.0816802978515625
0.167922973632813 -0.0269012451171875 0.0736083984375 0.0311431884765625
0.100448608398438 -0.143341064453125 0.0407829284667969 0.0163383483886719
0.010955810546875 -0.164382934570313 0.0287971496582031 0.036712646484375
-0.000656127929687487 -0.154922485351562 0.0306434631347656 0.0686836242675781
-0.00827026367187501 -0.177581787109375 0.0328903198242188 0.107955932617187
0.0326690673828125 -0.177932739257813 -0.01123046875 0.117324829101563
0.123100280761719 -0.133026123046875 -0.0510635375976562 0.114952087402344
0.172744750976563 -0.0449066162109375 -0.0778579711914063 0.0539398193359375
0.147216796875 0.131790161132813 -0.067840576171875 -0.0123519897460937
0.0537109375 0.216964721679687 0.0251750946044922 0.0225639343261719
-0.060333251953125 0.205093383789063 -0.0173797607421875 0.176422119140625
-0.135948181152344 0.0631790161132813 0.0662994384765625 0.248733520507813
-0.0959854125976563 0.118415832519531 0.0582275390625 0.256378173828125
-0.010528564453125 0.146697998046875 0.076812744140625 0.149185180664063
0.092803955078125 0.09747314453125 0.0754470825195313 0.091461181640625
0.112594604492188 0.0023193359375 0.0445365905761719 0.0569267272949219
0.0792007446289063 -0.0921401977539063 0.0322036743164063 0.0633888244628906
0.0188980102539063 -0.114341735839844 0.040252685546875 0.0884780883789062
0.00600433349609375 -0.110870361328125 0.0510406494140625 0.113929748535156
0.00131988525390625 -0.131385803222656 0.0481414794921875 0.154556274414063
0.0314178466796875 -0.13427734375 -0.008697509765625 0.1646728515625
0.102188110351563 -0.0965576171875 -0.06182861328125 0.1478271484375
0.136955261230469 -0.0226669311523437 -0.0938644409179687 0.0719451904296875
0.098602294921875 0.123779296875 -0.0737152099609375 -0.003662109375
-0.00137329101562498 0.176071166992187 0.0194549560546875 0.0565948486328125
-0.100654602050781 0.131561279296875 -0.0549774169921875 0.228607177734375
0.111564636230469 -0.0199508666992188 0.0550537109375 -0.264968872070313
0.0373916625976562 -0.110969543457031 0.00760650634765626 -0.0801773071289063
-0.0617446899414062 -0.0780487060546875 0.0858154296875 -0.00145721435546875
-0.0893783569335938 -0.00186920166015625 0.139350891113281 -0.0885772705078125
-0.0608596801757813 0.0543441772460937 0.0760955810546875 -0.18145751953125
-0.0126953125 0.0823516845703125 -0.0236358642578125 -0.221603393554688
-0.00159072875976563 0.0643997192382813 -0.0890960693359375 -0.19677734375
-0.0169792175292969 0.056884765625 -0.0872650146484375 -0.147430419921875
-0.0272331237792969 0.0617752075195313 -0.06732177734375 -0.119415283203125
-0.0564079284667969 0.0284843444824219 -0.0483245849609375 -0.0957794189453125
-0.0622634887695313 -0.0287361145019531 -0.0439376831054687 -0.0788345336914063
-0.0151748657226562 -0.0758132934570313 -0.05767822265625 -0.100471496582031
0.0765228271484375 -0.0741195678710938 -0.07244873046875 -0.167510986328125
0.130889892578125 -0.0203704833984375 -0.076873779296875 -0.257431030273438
0.129165649414063 0.0474319458007813 -0.049163818359375 -0.265625
0.115493774414062 0.0975112915039062 0.1058349609375 -0.252487182617188
0.0934677124023438 -0.019989013671875 0.0394821166992188 -0.073272705078125
0.0252342224121094 -0.0330009460449219 0.107414245605469 0.0048828125
-0.00679206848144531 -0.0211219787597656 0.1651611328125 -0.0911865234375
-0.0100784301757812 -0.00155258178710937 0.0982208251953125 -0.1888427734375
-0.00376582145690918 0.0038297176361084 -0.0132904052734375 -0.237213134765625
-0.0197315216064453 -0.0116367340087891 -0.08941650390625 -0.209213256835938
-0.0273609161376953 -0.0168533325195313 -0.09075927734375 -0.15234375
-0.0335693359375 -0.0220375061035156 -0.0682754516601563 -0.121795654296875
-0.0285072326660156 -0.0480766296386719 -0.0480804443359375 -0.101432800292969
0.0052337646484375 -0.0723114013671875 -0.0417518615722656 -0.0699348449707031
0.0651702880859375 -0.0707550048828125 -0.0519943237304688 -0.0817642211914062
0.132316589355469 -0.000518798828125 -0.0770950317382813 -0.13409423828125
0.157699584960938 0.085601806640625 -0.0750579833984375 -0.217361450195313
0.1236572265625 0.155685424804688 -0.0257415771484375 -0.225494384765625
0.09466552734375 0.208709716796875 0.15057373046875 -0.1986083984375
0.128646850585938 0.0904464721679688 0.0761337280273438 -0.0379409790039062
0.111824035644531 0.034820556640625 0.131072998046875 0.0254058837890625
0.0904922485351563 -0.02655029296875 0.190231323242188 -0.0771331787109375
0.0532455444335937 -0.054931640625 0.120758056640625 -0.174697875976563
0.0139617919921875 -0.077423095703125 0.0055999755859375 -0.227218627929688
-0.0312042236328125 -0.0877532958984375 -0.07550048828125 -0.197265625
-0.03509521484375 -0.0872726440429688 -0.0807952880859375 -0.134613037109375
-0.039703369140625 -0.100944519042969 -0.0586395263671875 -0.100128173828125
-0.00904846191406249 -0.118888854980469 -0.0479965209960937 -0.0815887451171875
0.05828857421875 -0.117210388183594 -0.0444259643554687 -0.0445976257324219
0.127189636230469 -0.0798797607421875 -0.0545196533203125 -0.0540428161621094
0.181396484375 0.0475921630859375 -0.085113525390625 -0.0975341796875
0.182632446289063 0.158859252929688 -0.066619873046875 -0.16522216796875
0.113357543945312 0.233612060546875 -0.00988769531249998 -0.157272338867187
0.050323486328125 0.290802001953125 0.180313110351563 -0.106063842773437
0.131088256835938 0.198715209960938 0.108955383300781 0.0262680053710938
0.176788330078125 0.120010375976563 0.149002075195313 0.0611419677734375
0.183822631835938 -0.0098419189453125 0.204559326171875 -0.0443878173828125
0.12237548828125 -0.0920639038085937 0.135414123535156 -0.137397766113281
0.0412445068359375 -0.147735595703125 0.0286712646484375 -0.188522338867188
-0.034088134765625 -0.15087890625 -0.049041748046875 -0.160537719726563
-0.03668212890625 -0.143524169921875 -0.058197021484375 -0.0967254638671875
-0.0436553955078125 -0.162857055664063 -0.0394859313964844 -0.0575790405273438
0.0023040771484375 -0.174102783203125 -0.0417671203613281 -0.042022705078125
0.09429931640625 -0.154159545898437 -0.0452308654785156 -0.00594329833984376
0.170120239257813 -0.09161376953125 -0.0587158203125 -0.0229644775390625
0.213027954101563 0.07733154296875 -0.0837631225585937 -0.0655899047851563
0.188430786132813 0.20562744140625 -0.043609619140625 -0.11383056640625
0.0888519287109375 0.277145385742187 0.00621795654296876 -0.0730819702148437
-0.020355224609375 0.316680908203125 0.183624267578125 0.0160675048828125
0.08294677734375 0.274826049804688 0.121002197265625 0.112777709960938
0.185302734375 0.203323364257813 0.14642333984375 0.107437133789063
0.239837646484375 0.0356903076171875 0.194793701171875 0.009185791015625
0.178085327148438 -0.093231201171875 0.134925842285156 -0.0767364501953125
0.0754852294921875 -0.185638427734375 0.047515869140625 -0.124343872070313
-0.021881103515625 -0.191207885742188 -0.0156173706054687 -0.101570129394531
-0.027801513671875 -0.176971435546875 -0.0266799926757812 -0.0449409484863281
-0.0382843017578125 -0.200180053710938 -0.0127010345458984 -0.0038585662841797
0.0134429931640625 -0.20574951171875 -0.0308914184570313 0.0101852416992187
0.117584228515625 -0.170791625976563 -0.0456771850585937 0.0373611450195312
0.191986083984375 -0.0905609130859375 -0.0621452331542969 0.00731658935546875
0.217239379882813 0.1014404296875 -0.07769775390625 -0.0424880981445312
0.167373657226562 0.231948852539062 -0.01239013671875 -0.0662879943847656
0.047515869140625 0.2867431640625 0.0138339996337891 0.0184898376464844
-0.08050537109375 0.282562255859375 0.158599853515625 0.1309814453125
0.015899658203125 0.284820556640625 0.11285400390625 0.194931030273438
0.145065307617187 0.244293212890625 0.128753662109375 0.143325805664063
0.23956298828125 0.0810699462890625 0.163238525390625 0.055572509765625
0.198928833007813 -0.072265625 0.112136840820313 -0.0171051025390625
0.0963134765625 -0.188674926757813 0.0517387390136719 -0.05120849609375
-0.00897216796875 -0.198257446289063 0.0105838775634766 -0.03094482421875
-0.0183868408203125 -0.1832275390625 0.00506210327148438 0.0151033401489258
-0.030303955078125 -0.208740234375 0.0132369995117188 0.0561256408691406
0.0196990966796875 -0.210357666015625 -0.0194015502929688 0.0687637329101562
0.126815795898438 -0.168365478515625 -0.0468521118164062 0.0825042724609375
0.196182250976563 -0.0787200927734375 -0.0698318481445312 0.0346794128417969
0.200668334960938 0.121170043945313 -0.0728988647460938 -0.0265884399414062
0.12615966796875 0.238174438476562 0.0134010314941406 -0.0228462219238281
-0.00192260742187498 0.267303466796875 0.00878143310546875 0.107032775878906
-0.12164306640625 0.194503784179688 0.11920166015625 0.218826293945313
-0.0481109619140625 0.228729248046875 0.0896759033203125 0.249588012695313
0.072235107421875 0.223678588867188 0.103546142578125 0.161087036132812
0.186264038085938 0.103256225585938 0.119468688964844 0.085540771484375
0.175460815429688 -0.0367584228515625 0.0792465209960938 0.0318374633789062
0.0978851318359375 -0.156204223632813 0.0458526611328125 0.0161209106445312
0.00335693359375 -0.173660278320313 0.0318260192871094 0.0380935668945312
-0.00958251953124999 -0.162078857421875 0.0344772338867188 0.0713958740234375
-0.0199432373046875 -0.186553955078125 0.038299560546875 0.113151550292969
0.023406982421875 -0.189727783203125 -0.00938415527343751 0.124954223632813
0.122161865234375 -0.146942138671875 -0.0505523681640625 0.124366760253906
0.179641723632813 -0.057098388671875 -0.0817489624023437 0.0588150024414062
0.163375854492187 0.131668090820313 -0.0718994140625 -0.012359619140625
0.0694122314453125 0.2254638671875 0.0268383026123047 0.0184726715087891
-0.053863525390625 0.218276977539063 -0.011932373046875 0.18475341796875
-0.137924194335938 0.0743179321289063 0.0787811279296875 0.26263427734375
-0.0930633544921875 0.129875183105469 0.0682830810546875 0.269668579101563
-0.00219726562499998 0.154632568359375 0.081298828125 0.1575927734375
0.104698181152344 0.095489501953125 0.0824127197265625 0.0965957641601563
0.119209289550781 -0.00463104248046875 0.0506973266601563 0.0601806640625
0.0775604248046875 -0.101371765136719 0.0393562316894531 0.0656700134277344
0.0121994018554687 -0.120292663574219 0.0464096069335938 0.0911178588867187
-0.000167846679687508 -0.115570068359375 0.057891845703125 0.116653442382812
-0.00709533691406251 -0.137092590332031 0.0572509765625 0.159957885742188
0.0237884521484375 -0.141998291015625 -0.00331115722656251 0.1748046875
0.100364685058594 -0.107795715332031 -0.058624267578125 0.158279418945313
0.143356323242188 -0.0312957763671875 -0.097320556640625 0.0786361694335938
0.111358642578125 0.124435424804688 -0.0789108276367188 -0.0025634765625
0.00883483886718749 0.18377685546875 0.0237197875976563 0.0550155639648438
-0.10028076171875 0.142105102539062 -0.0486602783203125 0.242568969726562
0.114784240722656 -0.0298004150390625 0.03863525390625 -0.28375244140625
0.029937744140625 -0.118644714355469 0.000709533691406244 -0.0848007202148438
-0.0694961547851563 -0.0751113891601563 0.0909957885742188 -0.00497436523437501
-0.0926742553710938 0.0061492919921875 0.142791748046875 -0.10205078125
-0.0577239990234375 0.0613327026367187 0.069671630859375 -0.1951904296875
-0.00592041015624999 0.0848846435546875 -0.039703369140625 -0.230133056640625
0.00418853759765626 0.06536865234375 -0.107254028320313 -0.199493408203125
-0.0123519897460937 0.0606689453125 -0.101531982421875 -0.148391723632812
-0.0226936340332031 0.0654411315917969 -0.08050537109375 -0.119453430175781
-0.0548439025878906 0.0343704223632813 -0.0584640502929687 -0.0966033935546875
-0.0663681030273438 -0.0233573913574219 -0.0546875 -0.082733154296875
-0.0218887329101563 -0.0762863159179687 -0.0685043334960938 -0.106590270996094
0.07257080078125 -0.083587646484375 -0.08294677734375 -0.173980712890625
0.133750915527344 -0.031158447265625 -0.0951080322265625 -0.267990112304688
0.137847900390625 0.0403366088867188 -0.0675201416015625 -0.279403686523438
0.127120971679688 0.095001220703125 0.0926055908203125 -0.274642944335938
0.09539794921875 -0.0275344848632812 0.0348892211914062 -0.0794448852539063
0.0244636535644531 -0.0354766845703125 0.113578796386719 0.000732421874999998
-0.00648880004882813 -0.0205974578857422 0.16888427734375 -0.105300903320313
-0.00902557373046875 -0.000905990600585939 0.0920257568359375 -0.203155517578125
-0.00258374214172363 0.0017695426940918 -0.029388427734375 -0.246719360351563
-0.0202102661132813 -0.0127906799316406 -0.1083984375 -0.212066650390625
-0.0284404754638672 -0.0158481597900391 -0.105972290039063 -0.151687622070313
-0.0360908508300781 -0.0216255187988281 -0.0810775756835937 -0.121261596679688
-0.0321273803710937 -0.0487632751464844 -0.0609970092773438 -0.101875305175781
0.00131225585937501 -0.074676513671875 -0.0526123046875 -0.072998046875
0.0635147094726563 -0.078033447265625 -0.0620193481445313 -0.0878143310546875
0.137603759765625 -0.00868988037109375 -0.087371826171875 -0.139915466308594
0.169891357421875 0.07757568359375 -0.0906219482421875 -0.22601318359375
0.139785766601563 0.155075073242188 -0.0419921875 -0.240097045898438
0.113739013671875 0.213485717773438 0.143722534179687 -0.219711303710937
0.140884399414063 0.086029052734375 0.0759429931640625 -0.044036865234375
0.120841979980469 0.0298004150390625 0.138969421386719 0.022003173828125
0.0945968627929688 -0.0344161987304688 0.195907592773438 -0.092132568359375
0.0539207458496094 -0.061859130859375 0.116378784179688 -0.190231323242188
0.0104522705078125 -0.0852508544921875 -0.00804138183593748 -0.237274169921875
-0.0379104614257812 -0.090972900390625 -0.09295654296875 -0.200912475585938
-0.041778564453125 -0.0893325805664063 -0.0953445434570313 -0.13311767578125
-0.0490798950195312 -0.102706909179688 -0.07086181640625 -0.0984573364257813
-0.0177078247070313 -0.124351501464844 -0.0597152709960938 -0.0804595947265625
0.0532684326171875 -0.126548767089844 -0.0541534423828125 -0.045013427734375
0.129081726074219 -0.0932388305664063 -0.0637092590332031 -0.058013916015625
0.19384765625 0.0377044677734375 -0.0928955078125 -0.101364135742188
0.202072143554688 0.153823852539063 -0.07904052734375 -0.172866821289063
0.134796142578125 0.23822021484375 -0.0217742919921875 -0.169586181640625
0.07275390625 0.302581787109375 0.18060302734375 -0.124847412109375
0.150863647460938 0.199951171875 0.113540649414063 0.0219497680664063
0.196670532226563 0.114303588867188 0.15899658203125 0.058013916015625
0.193191528320313 -0.0240631103515625 0.212081909179687 -0.0565185546875
0.123931884765625 -0.105903625488281 0.134613037109375 -0.151168823242188
0.03302001953125 -0.159622192382813 0.0183563232421875 -0.19915771484375
-0.0458221435546875 -0.157073974609375 -0.0630340576171875 -0.163864135742188
-0.0480194091796875 -0.148727416992188 -0.0690994262695312 -0.0950088500976563
-0.058441162109375 -0.167587280273438 -0.0470199584960938 -0.0562705993652344
-0.0115966796875 -0.182525634765625 -0.0510101318359375 -0.0386466979980469
0.0881500244140625 -0.169296264648438 -0.0530738830566406 -0.00368881225585938
0.172393798828125 -0.108993530273438 -0.0653572082519531 -0.0241203308105469
0.230819702148438 0.0653533935546875 -0.0926742553710937 -0.06787109375
0.21417236328125 0.201644897460938 -0.0529327392578125 -0.120079040527344
0.111541748046875 0.286102294921875 -0.0003662109375 -0.0816879272460937
0.00228881835937503 0.335357666015625 0.193572998046875 0.00372314453125002
0.10760498046875 0.281951904296875 0.131851196289062 0.111068725585938
0.211746215820312 0.200531005859375 0.158905029296875 0.107009887695313
0.254852294921875 0.0195159912109375 0.205276489257813 0.000137329101562501
0.181777954101563 -0.111663818359375 0.1376953125 -0.087799072265625
0.0655364990234375 -0.202438354492187 0.0433731079101563 -0.133499145507813
-0.037384033203125 -0.198928833007813 -0.0235824584960938 -0.103866577148438
-0.0429840087890625 -0.183990478515625 -0.0317497253417969 -0.04345703125
-0.055877685546875 -0.207412719726563 -0.0150680541992188 -0.000379562377929701
-0.00300598144531251 -0.216888427734375 -0.0349025726318359 0.0157451629638672
0.110733032226562 -0.189498901367188 -0.0495491027832031 0.0431671142578125
0.195968627929688 -0.11151123046875 -0.0675582885742187 0.00871658325195313
0.23876953125 0.0897979736328125 -0.0847396850585938 -0.0431900024414062
0.194488525390625 0.23028564453125 -0.0179290771484375 -0.0728683471679687
0.07025146484375 0.299896240234375 0.0141687393188477 0.0140972137451172
-0.06207275390625 0.303497314453125 0.174591064453125 0.126922607421875
0.03887939453125 0.297088623046875 0.1282958984375 0.19744873046875
0.17181396484375 0.244705200195313 0.1422119140625 0.146438598632813
0.258819580078125 0.065948486328125 0.174560546875 0.0503387451171875
0.204116821289063 -0.0907135009765625 0.118057250976563 -0.0230865478515625
0.0870208740234375 -0.20648193359375 0.0523834228515625 -0.0574531555175781
-0.023468017578125 -0.206756591796875 0.00926399230957031 -0.0325450897216797
-0.034332275390625 -0.190292358398438 0.00464057922363281 0.0163869857788086
-0.048858642578125 -0.2164306640625 0.0170860290527344 0.0593681335449219
0.00292968750000001 -0.222030639648438 -0.0184402465820313 0.0755996704101562
0.119827270507812 -0.187789916992188 -0.0464630126953125 0.090606689453125
0.19989013671875 -0.098846435546875 -0.0728988647460938 0.039703369140625
0.222686767578125 0.111480712890625 -0.0786895751953125 -0.025604248046875
0.15203857421875 0.240219116210938 0.0126552581787109 -0.0277328491210937
0.01666259765625 0.281890869140625 0.0155868530273438 0.108238220214844
-0.111724853515625 0.214630126953125 0.138519287109375 0.223663330078125
-0.03326416015625 0.244049072265625 0.107162475585938 0.2581787109375
0.09405517578125 0.229782104492188 0.11566162109375 0.166854858398438
0.205230712890625 0.0924224853515625 0.130226135253906 0.0856094360351562
0.181533813476562 -0.0531005859375 0.0870361328125 0.030120849609375
0.0895233154296875 -0.172531127929688 0.0508995056152344 0.01348876953125
-0.0105133056640625 -0.18133544921875 0.0361480712890625 0.0372810363769531
-0.023529052734375 -0.167755126953125 0.04034423828125 0.0727462768554687
-0.0364990234375 -0.194015502929688 0.0478286743164063 0.116157531738281
0.00733947753906251 -0.200027465820312 -0.00262451171875 0.134147644042969
0.1153564453125 -0.164810180664063 -0.0466537475585938 0.134811401367188
0.1846923828125 -0.0745849609375 -0.0825729370117187 0.0662078857421875
0.184463500976563 0.124893188476563 -0.077423095703125 -0.0110626220703125
0.091888427734375 0.229644775390625 0.0285892486572266 0.0142669677734375
-0.041595458984375 0.23406982421875 -0.00114440917968752 0.192718505859375
-0.137290954589844 0.0906524658203125 0.10101318359375 0.273605346679688
-0.0872802734375 0.14404296875 0.086883544921875 0.280517578125
0.0110931396484375 0.16278076171875 0.0931549072265625 0.163803100585938
0.117172241210937 0.0896835327148438 0.0922317504882813 0.10015869140625
0.124267578125 -0.0149154663085938 0.0586967468261719 0.0619087219238281
0.0718917846679688 -0.112678527832031 0.0470161437988281 0.0657234191894531
0.0030670166015625 -0.126724243164063 0.0557479858398437 0.0917129516601563
-0.0096282958984375 -0.11993408203125 0.06756591796875 0.118736267089844
-0.0183258056640625 -0.1434326171875 0.0703125 0.162948608398438
0.0128173828125 -0.149520874023438 0.00677490234374999 0.18414306640625
0.0964279174804688 -0.121749877929688 -0.05242919921875 0.171310424804688
0.147491455078125 -0.044525146484375 -0.0986175537109375 0.0884475708007813
0.12738037109375 0.121826171875 -0.0844802856445312 0.00022125244140627
0.02459716796875 0.189910888671875 0.0276947021484375 0.0529136657714844
-0.0945892333984375 0.155532836914063 -0.033843994140625 0.2567138671875
0.113426208496094 -0.0394058227539063 0.015045166015625 -0.29632568359375
0.0189743041992188 -0.123756408691406 -0.00778198242187501 -0.0853652954101563
-0.076141357421875 -0.0689315795898438 0.0936965942382812 -0.00962066650390625
-0.0927581787109375 0.015838623046875 0.1412353515625 -0.115982055664063
-0.0512161254882813 0.067413330078125 0.0571746826171875 -0.205001831054687
0.0026092529296875 0.0853195190429688 -0.05792236328125 -0.2320556640625
0.0102767944335938 0.0640296936035156 -0.126495361328125 -0.195907592773438
-0.006103515625 0.0620536804199219 -0.116943359375 -0.141952514648438
-0.0161514282226562 0.0677757263183594 -0.0929489135742187 -0.115264892578125
-0.0509223937988281 0.0400733947753906 -0.0702056884765625 -0.0933380126953125
-0.0685234069824219 -0.0170326232910156 -0.0659637451171875 -0.082244873046875
-0.0288543701171875 -0.0755996704101563 -0.0808868408203125 -0.108535766601562
0.0656585693359375 -0.0908737182617188 -0.09552001953125 -0.175064086914062
0.13128662109375 -0.0428924560546875 -0.115585327148437 -0.269668579101563
0.14398193359375 0.029266357421875 -0.09185791015625 -0.285736083984375
0.136436462402344 0.0867996215820313 0.0711669921875 -0.290557861328125
0.0940933227539063 -0.0353317260742188 0.0272750854492188 -0.0831451416015625
0.022735595703125 -0.0368156433105469 0.117805480957031 -0.00431060791015625
-0.00689315795898438 -0.0197544097900391 0.167343139648438 -0.120468139648437
-0.0071864128112793 -0.000577926635742189 0.079559326171875 -0.215423583984375
-0.00263285636901856 0.000121831893920898 -0.0489959716796875 -0.251205444335938
-0.0210132598876953 -0.0138339996337891 -0.128372192382812 -0.207901000976563
-0.0291957855224609 -0.0138969421386719 -0.121368408203125 -0.145156860351563
-0.0380172729492188 -0.0189666748046875 -0.0944976806640625 -0.116035461425781
-0.0357017517089844 -0.0466766357421875 -0.0738677978515625 -0.0971145629882813
-0.0040283203125 -0.076324462890625 -0.0632858276367188 -0.0716934204101562
0.058807373046875 -0.084075927734375 -0.0722274780273437 -0.0902175903320313
0.139167785644531 -0.0187530517578125 -0.097869873046875 -0.140869140625
0.180435180664063 0.066375732421875 -0.107711791992187 -0.228240966796875
0.155838012695313 0.148681640625 -0.0636444091796875 -0.2476806640625
0.133026123046875 0.210403442382812 0.127716064453125 -0.239913940429688
0.1510009765625 0.076446533203125 0.0721511840820313 -0.0503387451171875
0.127464294433594 0.0214920043945313 0.145111083984375 0.015045166015625
0.0962905883789063 -0.0429916381835938 0.195068359375 -0.10736083984375
0.0522079467773437 -0.0684547424316406 0.105194091796875 -0.203079223632813
0.00446319580078126 -0.090728759765625 -0.027435302734375 -0.242538452148438
-0.0469131469726563 -0.091827392578125 -0.112274169921875 -0.196823120117188
-0.0502548217773437 -0.0887527465820313 -0.10833740234375 -0.125946044921875
-0.0587234497070312 -0.101829528808594 -0.0821609497070313 -0.0928192138671875
-0.029937744140625 -0.125900268554688 -0.0709381103515625 -0.0747756958007813
0.0444183349609375 -0.135017395019531 -0.0634880065917969 -0.0423851013183594
0.125595092773438 -0.105552673339844 -0.0725784301757813 -0.0600967407226563
0.202529907226563 0.0220184326171875 -0.101676940917969 -0.101669311523438
0.219284057617188 0.141159057617188 -0.092498779296875 -0.17401123046875
0.158447265625 0.234970092773438 -0.0372161865234375 -0.176467895507812
0.099609375 0.304840087890625 0.173370361328125 -0.143905639648437
0.170074462890625 0.192535400390625 0.115737915039063 0.01416015625
0.21197509765625 0.10137939453125 0.166412353515625 0.0518341064453125
0.199127197265625 -0.0406494140625 0.213973999023438 -0.072265625
0.118843078613281 -0.118438720703125 0.127105712890625 -0.1644287109375
0.0199737548828125 -0.168701171875 0.0032196044921875 -0.205307006835938
-0.0614013671875 -0.157363891601563 -0.0781097412109375 -0.161270141601563
-0.0626983642578125 -0.14764404296875 -0.0791854858398438 -0.0909423828125
-0.07586669921875 -0.168060302734375 -0.0550880432128906 -0.0513229370117188
-0.0291900634765625 -0.187911987304687 -0.0593414306640625 -0.0330696105957031
0.075347900390625 -0.1820068359375 -0.0585708618164063 0.00158309936523437
0.169464111328125 -0.128097534179688 -0.0722122192382812 -0.02301025390625
0.24298095703125 0.04754638671875 -0.0991897583007813 -0.0663986206054687
0.236846923828125 0.1875 -0.063079833984375 -0.123466491699219
0.137451171875 0.286865234375 -0.00901794433593748 -0.0881500244140625
0.031951904296875 0.3468017578125 0.197357177734375 -0.01416015625
0.133255004882812 0.279464721679688 0.14141845703125 0.103378295898438
0.234588623046875 0.187896728515625 0.169570922851563 0.10137939453125
0.264389038085938 -0.003265380859375 0.2110595703125 -0.0121002197265625
0.177871704101562 -0.130203247070312 0.135589599609375 -0.0987396240234375
0.049468994140625 -0.214447021484375 0.0354156494140625 -0.140304565429688
-0.055206298828125 -0.201217651367187 -0.0330429077148438 -0.103111267089844
-0.059722900390625 -0.185745239257813 -0.0393142700195313 -0.0402870178222656
-0.077301025390625 -0.207611083984375 -0.0159950256347656 0.00153827667236327
-0.024627685546875 -0.220840454101563 -0.0382308959960938 0.0226173400878906
0.0972900390625 -0.206634521484375 -0.0495414733886719 0.04962158203125
0.19305419921875 -0.132781982421875 -0.0700874328613281 0.0118217468261719
0.255355834960938 0.0718841552734375 -0.09100341796875 -0.0419387817382813
0.22039794921875 0.218643188476562 -0.0245895385742187 -0.0771865844726562
0.096649169921875 0.302337646484375 0.0127534866333008 0.0118112564086914
-0.03729248046875 0.315826416015625 0.1893310546875 0.117050170898438
0.066131591796875 0.30169677734375 0.14453125 0.193649291992188
0.197662353515625 0.2366943359375 0.153884887695313 0.142196655273438
0.2720947265625 0.044219970703125 0.184066772460938 0.041656494140625
0.203231811523438 -0.111907958984375 0.120063781738281 -0.0306015014648438
0.0692291259765625 -0.220108032226563 0.0495681762695313 -0.0625381469726563
-0.043243408203125 -0.209396362304688 0.00668907165527343 -0.0342330932617188
-0.051605224609375 -0.192092895507813 0.00549125671386718 0.0172834396362305
-0.0709381103515625 -0.217437744140625 0.0225105285644531 0.0604133605957031
-0.0184783935546875 -0.228225708007812 -0.0152664184570313 0.0819625854492187
0.106399536132813 -0.20465087890625 -0.0419769287109375 0.0981979370117187
0.196533203125 -0.119949340820313 -0.0729141235351562 0.0455474853515625
0.24041748046875 0.0947418212890625 -0.0832595825195312 -0.0227508544921875
0.178939819335938 0.232315063476563 0.00945281982421876 -0.035308837890625
0.039886474609375 0.288360595703125 0.0225677490234375 0.108879089355469
-0.0936737060546875 0.231338500976563 0.160903930664063 0.219070434570313
-0.0122222900390625 0.25341796875 0.129226684570312 0.2584228515625
0.117507934570312 0.22662353515625 0.128997802734375 0.163925170898438
0.2191162109375 0.0749053955078125 0.139755249023438 0.08160400390625
0.181655883789063 -0.0711822509765625 0.092437744140625 0.0257034301757812
0.0753326416015625 -0.18572998046875 0.0562095642089844 0.0102272033691406
-0.0274810791015625 -0.18438720703125 0.0398139953613281 0.0358695983886719
-0.038665771484375 -0.169052124023437 0.0453720092773438 0.072906494140625
-0.0567779541015625 -0.195022583007813 0.0583267211914062 0.116424560546875
-0.011383056640625 -0.20556640625 0.00592803955078126 0.139068603515625
0.10321044921875 -0.17974853515625 -0.037445068359375 0.143447875976563
0.18212890625 -0.0942230224609375 -0.0813217163085937 0.0735626220703125
0.201858520507813 0.11181640625 -0.0825119018554687 -0.00724792480468751
0.116546630859375 0.2259521484375 0.0291042327880859 0.00884246826171876
-0.022979736328125 0.244415283203125 0.0143585205078125 0.195693969726563
-0.129364013671875 0.10650634765625 0.124557495117187 0.2735595703125
-0.07421875 0.155776977539063 0.1083984375 0.282623291015625
0.02880859375 0.164443969726563 0.106292724609375 0.16424560546875
0.12921142578125 0.080169677734375 0.10211181640625 0.0997543334960937
0.12652587890625 -0.028289794921875 0.0681800842285156 0.0612907409667969
0.0611190795898438 -0.123207092285156 0.0554924011230469 0.0628128051757812
-0.00899505615234375 -0.129531860351563 0.0653839111328125 0.0886764526367187
-0.0212020874023438 -0.1214599609375 0.07745361328125 0.115371704101562
-0.033233642578125 -0.145233154296875 0.0844879150390625 0.163131713867188
-0.00155639648437501 -0.154098510742188 0.0205841064453125 0.189697265625
0.0886154174804688 -0.134300231933594 -0.0408935546875 0.181869506835938
0.146759033203125 -0.0584869384765625 -0.0938796997070312 0.0978622436523438
0.1419677734375 0.11236572265625 -0.0884780883789062 0.00463104248046877
0.04266357421875 0.191482543945313 0.0316162109375 0.0479583740234375
-0.0833282470703125 0.167648315429688 -0.013916015625 0.264694213867188
0.110969543457031 -0.04718017578125 -0.00823974609374997 -0.29803466796875
0.00868225097656249 -0.123451232910156 -0.0168228149414063 -0.0814056396484375
-0.080902099609375 -0.0620956420898437 0.0953598022460938 -0.0116424560546875
-0.0883102416992187 0.0248184204101563 0.135108947753906 -0.125633239746094
-0.0433578491210938 0.0730209350585938 0.04364013671875 -0.20916748046875
0.0080718994140625 0.0823593139648438 -0.0743255615234375 -0.228912353515625
0.0169410705566406 0.0615196228027344 -0.138702392578125 -0.1873779296875
-0.000133514404296882 0.063140869140625 -0.127693176269531 -0.133560180664063
-0.01007080078125 0.0701980590820312 -0.102188110351563 -0.108314514160156
-0.0457763671875 0.0429801940917969 -0.0779190063476563 -0.0870819091796875
-0.0670089721679688 -0.00930404663085936 -0.0754547119140625 -0.0783767700195313
-0.034942626953125 -0.0698814392089844 -0.0893325805664063 -0.105133056640625
0.05584716796875 -0.093292236328125 -0.104263305664063 -0.174331665039063
0.126579284667969 -0.0522613525390625 -0.128585815429688 -0.26580810546875
0.1461181640625 0.0194854736328125 -0.110504150390625 -0.283843994140625
0.143768310546875 0.0796966552734375 0.048095703125 -0.299285888671875
0.08990478515625 -0.0410232543945312 0.019500732421875 -0.0848770141601563
0.0192108154296875 -0.0393295288085937 0.119430541992187 -0.00989532470703125
-0.00663375854492188 -0.0200386047363281 0.159637451171875 -0.131622314453125
-0.00509309768676758 -0.000411510467529297 0.068450927734375 -0.221054077148438
-0.00283503532409668 -0.00267529487609863 -0.066070556640625 -0.24755859375
-0.0217685699462891 -0.0133247375488281 -0.141998291015625 -0.1978759765625
-0.0287322998046875 -0.0113925933837891 -0.131546020507813 -0.135894775390625
-0.0397682189941406 -0.0200576782226563 -0.103950500488281 -0.106460571289063
-0.03753662109375 -0.0447883605957031 -0.0821990966796875 -0.091796875
-0.00859832763671875 -0.0754013061523438 -0.0720901489257813 -0.0678939819335938
0.0519485473632813 -0.0885467529296875 -0.0836639404296875 -0.090301513671875
0.137092590332031 -0.0287551879882813 -0.106513977050781 -0.139503479003906
0.182815551757813 0.053131103515625 -0.121124267578125 -0.224624633789063
0.16510009765625 0.139358520507813 -0.080657958984375 -0.247879028320313
0.150360107421875 0.201202392578125 0.109268188476563 -0.251785278320313
0.152297973632813 0.06646728515625 0.0660743713378906 -0.05474853515625
0.129730224609375 0.013336181640625 0.145675659179688 0.0111846923828125
0.0969009399414063 -0.0517578125 0.189788818359375 -0.120132446289062
0.0476226806640625 -0.0714492797851563 0.094085693359375 -0.209075927734375
-0.00297546386718749 -0.0939559936523438 -0.04327392578125 -0.23974609375
-0.0518035888671875 -0.0871658325195313 -0.128021240234375 -0.186538696289063
-0.0561370849609375 -0.086517333984375 -0.116226196289062 -0.117424011230469
-0.0660476684570312 -0.098419189453125 -0.0898056030273437 -0.0845489501953125
-0.0382080078125 -0.124237060546875 -0.0785369873046875 -0.0653228759765625
0.03436279296875 -0.137496948242188 -0.0695037841796875 -0.0374794006347656
0.119087219238281 -0.115501403808594 -0.0817413330078125 -0.0591354370117187
0.203933715820313 0.010467529296875 -0.107658386230469 -0.0988235473632812
0.23028564453125 0.123184204101563 -0.101943969726562 -0.17327880859375
0.175323486328125 0.22698974609375 -0.0509490966796875 -0.176742553710937
0.123565673828125 0.298675537109375 0.163528442382813 -0.158599853515625
0.180831909179687 0.17803955078125 0.113845825195313 0.00917816162109376
0.221420288085938 0.0854644775390625 0.171432495117188 0.044830322265625
0.196319580078125 -0.057525634765625 0.210845947265625 -0.0833282470703125
0.113021850585937 -0.128570556640625 0.118011474609375 -0.17138671875
0.00817871093749999 -0.172225952148438 -0.007965087890625 -0.205978393554688
-0.072235107421875 -0.156219482421875 -0.0909423828125 -0.154998779296875
-0.0717010498046875 -0.144729614257813 -0.0873947143554688 -0.0809402465820313
-0.088653564453125 -0.162185668945312 -0.0596580505371094 -0.0463066101074219
-0.04290771484375 -0.185028076171875 -0.0633125305175781 -0.0260009765625
0.0620880126953125 -0.190261840820313 -0.0619392395019531 0.00670623779296873
0.159622192382813 -0.1429443359375 -0.0767593383789062 -0.021453857421875
0.245773315429687 0.0281982421875 -0.103660583496094 -0.0644912719726563
0.25311279296875 0.170623779296875 -0.07220458984375 -0.122505187988281
0.159103393554688 0.279388427734375 -0.0179443359375 -0.0908660888671875
0.0579833984375 0.341766357421875 0.194366455078125 -0.0292205810546875
0.152984619140625 0.266983032226563 0.148605346679688 0.0958099365234375
0.249404907226563 0.174835205078125 0.178497314453125 0.0931854248046875
0.267745971679688 -0.0240631103515625 0.208709716796875 -0.023101806640625
0.169296264648438 -0.143386840820313 0.130638122558594 -0.104141235351563
0.029205322265625 -0.220504760742188 0.0269622802734375 -0.143096923828125
-0.069793701171875 -0.19732666015625 -0.0405807495117188 -0.100692749023438
-0.0738525390625 -0.180404663085938 -0.0395126342773438 -0.0364646911621094
-0.093231201171875 -0.202499389648438 -0.0177497863769531 0.00341224670410155
-0.043701171875 -0.217605590820313 -0.0385665893554688 0.0266342163085937
0.0794525146484375 -0.215118408203125 -0.0496444702148438 0.0542449951171875
0.183868408203125 -0.147689819335938 -0.071990966796875 0.013153076171875
0.261749267578125 0.0512237548828125 -0.0957794189453125 -0.0405349731445313
0.237030029296875 0.199737548828125 -0.0298614501953125 -0.0787429809570312
0.11749267578125 0.29791259765625 0.0111989974975586 0.00779247283935549
-0.015594482421875 0.322174072265625 0.197372436523438 0.10528564453125
0.08941650390625 0.29693603515625 0.156158447265625 0.181976318359375
0.217437744140625 0.220962524414063 0.161346435546875 0.13690185546875
0.27691650390625 0.0199432373046875 0.18695068359375 0.0313262939453125
0.193008422851563 -0.128067016601563 0.119522094726563 -0.0376663208007813
0.0521240234375 -0.226394653320312 0.0475616455078125 -0.0676994323730469
-0.0607757568359375 -0.206268310546875 0.00702667236328124 -0.0343379974365235
-0.0676422119140625 -0.187026977539063 0.00547599792480468 0.01861572265625
-0.0908355712890625 -0.210906982421875 0.0258293151855469 0.0608901977539062
-0.0372161865234375 -0.224258422851563 -0.01324462890625 0.0870590209960937
0.0908355712890625 -0.21673583984375 -0.0385208129882812 0.102989196777344
0.188064575195313 -0.138137817382813 -0.0721588134765625 0.0490036010742188
0.2471923828125 0.07501220703125 -0.0876541137695312 -0.0179519653320313
0.198928833007813 0.218490600585938 0.00454330444335939 -0.0380821228027344
0.062591552734375 0.2879638671875 0.0317916870117188 0.102684020996094
-0.074615478515625 0.239532470703125 0.175933837890625 0.210525512695313
0.00782775878906252 0.25384521484375 0.143585205078125 0.251556396484375
0.135635375976562 0.219024658203125 0.13873291015625 0.160964965820313
0.227691650390625 0.05609130859375 0.145965576171875 0.075225830078125
0.175857543945313 -0.0855560302734375 0.0957107543945313 0.0213241577148437
0.0590972900390625 -0.192718505859375 0.0566558837890625 0.00519180297851561
-0.0395355224609375 -0.182403564453125 0.0425834655761719 0.0319976806640625
-0.052947998046875 -0.16619873046875 0.0491981506347656 0.0702247619628906
-0.07232666015625 -0.192535400390625 0.0667572021484375 0.112541198730469
-0.0294189453125 -0.203933715820312 0.0160064697265625 0.1395263671875
0.088348388671875 -0.188278198242188 -0.0295257568359375 0.145751953125
0.174972534179688 -0.111221313476563 -0.0772705078125 0.0762481689453125
0.2108154296875 0.0928955078125 -0.084686279296875 -0.00421905517578124
0.133773803710938 0.216384887695312 0.0299015045166016 0.00307273864746095
-0.00483703613281249 0.244705200195313 0.027008056640625 0.19482421875
-0.120285034179688 0.118690490722656 0.14739990234375 0.268524169921875
-0.0587921142578125 0.161834716796875 0.126907348632813 0.27886962890625
0.04132080078125 0.163543701171875 0.11712646484375 0.163406372070313
0.135917663574219 0.0681076049804687 0.10919189453125 0.0946121215820313
0.122978210449219 -0.0384750366210938 0.0718841552734375 0.0573883056640625
0.0494308471679687 -0.127098083496094 0.0617752075195313 0.0570945739746094
-0.0218658447265625 -0.128868103027344 0.0735626220703125 0.085601806640625
-0.0302352905273437 -0.120346069335938 0.085784912109375 0.107986450195312
-0.0469818115234375 -0.1434326171875 0.0991363525390625 0.156448364257813
-0.013580322265625 -0.150680541992188 0.037109375 0.189208984375
0.0744781494140625 -0.142303466796875 -0.0281219482421875 0.183181762695313
0.1422119140625 -0.0740509033203125 -0.0894317626953125 0.104484558105469
0.1519775390625 0.100677490234375 -0.0899429321289062 0.00887298583984376
0.0581207275390625 0.184234619140625 0.0324935913085938 0.0431251525878906
-0.07159423828125 0.170394897460938 0.0058746337890625 0.264816284179688
0.10516357421875 -0.0530853271484375 -0.023895263671875 -0.296142578125
0.00136566162109374 -0.123306274414063 -0.0233993530273438 -0.08001708984375
-0.0828781127929688 -0.056976318359375 0.09576416015625 -0.0146560668945313
-0.0864791870117188 0.0295867919921875 0.130477905273438 -0.130378723144531
-0.0379180908203125 0.0739212036132813 0.0372467041015625 -0.211578369140625
0.01409912109375 0.0826568603515625 -0.0842742919921875 -0.222915649414063
0.0195236206054688 0.0601425170898438 -0.147735595703125 -0.178543090820313
0.00601959228515625 0.0623703002929688 -0.131523132324219 -0.125640869140625
-0.00510025024414063 0.0687103271484375 -0.107192993164062 -0.100387573242188
-0.0415153503417969 0.0452728271484375 -0.0822830200195313 -0.0840606689453125
-0.0654754638671875 -0.00517654418945313 -0.0815887451171875 -0.075897216796875
-0.0382919311523438 -0.0670814514160156 -0.097747802734375 -0.105033874511719
0.0503463745117188 -0.0948638916015625 -0.109054565429687 -0.172119140625
0.12152099609375 -0.0576095581054687 -0.1397705078125 -0.260589599609375
0.146591186523438 0.0121307373046875 -0.122314453125 -0.281890869140625
0.143768310546875 0.0721435546875 0.03240966796875 -0.299102783203125
0.0868682861328125 -0.0444717407226563 0.0134811401367188 -0.082672119140625
0.0209197998046875 -0.0376129150390625 0.118972778320313 -0.0111846923828125
-0.00627326965332031 -0.0190200805664063 0.156982421875 -0.136795043945313
-0.00261974334716797 -0.000923871994018555 0.058624267578125 -0.22283935546875
-0.00235509872436523 -0.00519227981567383 -0.076416015625 -0.242355346679688
-0.0227127075195313 -0.0142040252685547 -0.151702880859375 -0.189437866210938
-0.0292339324951172 -0.0115604400634766 -0.137916564941406 -0.125953674316406
-0.039703369140625 -0.0148124694824219 -0.10968017578125 -0.100296020507813
-0.0389022827148437 -0.0420150756835938 -0.0885162353515625 -0.0856399536132812
-0.0099639892578125 -0.0739669799804687 -0.07940673828125 -0.0649948120117188
0.0494308471679687 -0.0890426635742188 -0.0882186889648438 -0.0895919799804688
0.134040832519531 -0.0330963134765625 -0.109390258789062 -0.138481140136719
0.184127807617187 0.0441741943359375 -0.128387451171875 -0.222198486328125
0.1719970703125 0.130645751953125 -0.0919342041015625 -0.246353149414063
0.15496826171875 0.195709228515625 0.095916748046875 -0.2559814453125
0.155410766601563 0.0588836669921875 0.0614662170410156 -0.0540390014648437
0.132942199707031 0.0091094970703125 0.147064208984375 0.0072021484375
0.0948562622070313 -0.0547866821289063 0.185012817382812 -0.125778198242188
0.046783447265625 -0.0763397216796875 0.0856781005859375 -0.211471557617188
-0.00765991210937499 -0.09393310546875 -0.0529632568359375 -0.236175537109375
-0.0578994750976562 -0.0883865356445312 -0.135025024414063 -0.179855346679688
-0.0588226318359375 -0.0824203491210938 -0.123741149902344 -0.108718872070312
-0.0715408325195313 -0.0946426391601563 -0.0944366455078125 -0.078399658203125
-0.04510498046875 -0.121986389160156 -0.0858383178710938 -0.06048583984375
0.0283355712890625 -0.141372680664062 -0.0764694213867187 -0.0335540771484375
0.112640380859375 -0.120529174804688 -0.0864410400390625 -0.0593414306640625
0.204177856445313 -0.000823974609375 -0.111839294433594 -0.099395751953125
0.234329223632813 0.114242553710938 -0.11016845703125 -0.171142578125
0.1834716796875 0.218856811523438 -0.0611114501953125 -0.179779052734375
0.1343994140625 0.292449951171875 0.152435302734375 -0.166397094726562
0.189849853515625 0.169769287109375 0.111305236816406 0.00396728515625001
0.22540283203125 0.0769195556640625 0.172134399414063 0.0418701171875
0.1954345703125 -0.065460205078125 0.207748413085938 -0.09027099609375
0.106048583984375 -0.134613037109375 0.11126708984375 -0.174911499023437
-0.00119018554687502 -0.173248291015625 -0.017578125 -0.20452880859375
-0.0803070068359375 -0.152999877929688 -0.0982666015625 -0.148330688476563
-0.0794525146484375 -0.140327453613281 -0.0908966064453125 -0.0750579833984375
-0.0982208251953125 -0.156387329101562 -0.0626449584960938 -0.0410728454589844
-0.0536651611328125 -0.181427001953125 -0.0676612854003906 -0.0188560485839844
0.05291748046875 -0.19390869140625 -0.0646858215332031 0.00999069213867186
0.152847290039063 -0.150482177734375 -0.0823135375976562 -0.0220260620117187
0.249893188476563 0.0176239013671875 -0.107513427734375 -0.0651092529296875
0.25958251953125 0.157958984375 -0.0758590698242187 -0.123565673828125
0.171096801757813 0.272018432617188 -0.0227508544921875 -0.0923843383789062
0.0736083984375 0.34112548828125 0.19158935546875 -0.038665771484375
0.164443969726562 0.261337280273438 0.146820068359375 0.0904083251953125
0.25750732421875 0.160675048828125 0.178192138671875 0.0900726318359375
0.265365600585938 -0.037689208984375 0.209548950195313 -0.0300445556640625
0.162506103515625 -0.153717041015625 0.125 -0.110832214355469
0.0179443359375 -0.22174072265625 0.019866943359375 -0.143173217773438
-0.0816650390625 -0.194656372070313 -0.0457916259765625 -0.0963211059570313
-0.0832366943359375 -0.1767578125 -0.0447425842285156 -0.0312347412109375
-0.105941772460937 -0.195816040039063 -0.0197391510009766 0.00772666931152343
-0.0556182861328125 -0.216278076171875 -0.0419158935546875 0.0323333740234375
0.0692291259765625 -0.2198486328125 -0.0487709045410156 0.0573921203613281
0.17486572265625 -0.160552978515625 -0.0767135620117187 0.0133590698242188
0.263916015625 0.0372772216796875 -0.0976409912109375 -0.0390243530273438
0.248977661132813 0.188262939453125 -0.0352630615234375 -0.0813751220703125
0.13250732421875 0.294189453125 0.00982856750488282 0.00340366363525392
0.00485229492187497 0.3226318359375 0.198760986328125 0.0921173095703125
0.101776123046875 0.292510986328125 0.15960693359375 0.175064086914063
0.227523803710938 0.21246337890625 0.165664672851563 0.134063720703125
0.277969360351563 0.006927490234375 0.185760498046875 0.0272674560546875
0.187652587890625 -0.13812255859375 0.118682861328125 -0.041748046875
0.036865234375 -0.229446411132813 0.0448722839355469 -0.0696029663085938
-0.0714111328125 -0.204391479492188 0.00124740600585937 -0.0314216613769531
-0.07635498046875 -0.184249877929688 0.00342559814453124 0.0194644927978516
-0.10247802734375 -0.206985473632813 0.0273475646972656 0.0597915649414062
-0.052093505859375 -0.223464965820313 -0.00922393798828126 0.088348388671875
0.076995849609375 -0.22125244140625 -0.0349502563476562 0.105201721191406
0.180877685546875 -0.150192260742188 -0.0740890502929687 0.0485382080078125
0.25286865234375 0.061553955078125 -0.0904159545898437 -0.0194244384765625
0.208236694335938 0.206695556640625 0.00296020507812501 -0.0408210754394531
0.07666015625 0.28631591796875 0.0305862426757813 0.100654602050781
-0.0612640380859375 0.242752075195312 0.18353271484375 0.20123291015625
0.021484375 0.2515869140625 0.1529541015625 0.243927001953125
0.147354125976563 0.21246337890625 0.14288330078125 0.1578369140625
0.228668212890625 0.044036865234375 0.149566650390625 0.072357177734375
0.170883178710937 -0.096710205078125 0.0976715087890625 0.0182952880859375
0.045989990234375 -0.195236206054688 0.0582962036132813 0.000553131103515613
-0.0535430908203125 -0.179244995117188 0.0433769226074219 0.0317039489746094
-0.0617523193359375 -0.164291381835937 0.0511703491210938 0.068756103515625
-0.0843048095703125 -0.18646240234375 0.0696487426757813 0.109329223632812
-0.04095458984375 -0.200454711914062 0.0197296142578125 0.141815185546875
0.07763671875 -0.19549560546875 -0.0230560302734375 0.1480712890625
0.16937255859375 -0.11962890625 -0.0773544311523438 0.0787124633789062
0.216873168945313 0.08245849609375 -0.087188720703125 -0.00289916992187499
0.14471435546875 0.2073974609375 0.0268688201904297 0.000221252441406263
0.00621032714843752 0.247299194335937 0.0354766845703125 0.190582275390625
-0.111351013183594 0.123100280761719 0.1578369140625 0.263916015625
-0.052490234375 0.161758422851562 0.135848999023437 0.274322509765625
0.050537109375 0.1595458984375 0.121353149414063 0.159927368164063
0.138298034667969 0.05810546875 0.113632202148438 0.0958404541015625
0.11944580078125 -0.04736328125 0.0775222778320313 0.0569534301757813
0.0423355102539063 -0.12994384765625 0.0656051635742187 0.0539588928222656
-0.0287399291992188 -0.124984741210938 0.0753631591796875 0.0814895629882812
-0.0378265380859375 -0.11798095703125 0.0897369384765625 0.107383728027344
-0.053863525390625 -0.139328002929688 0.102859497070313 0.152389526367188
-0.023773193359375 -0.151229858398438 0.0404510498046875 0.189285278320313
0.067626953125 -0.14532470703125 -0.01898193359375 0.18560791015625
0.138442993164063 -0.0789871215820313 -0.0870819091796875 0.104759216308594
0.157379150390625 0.09173583984375 -0.091583251953125 0.00978088378906249
0.0670928955078125 0.181304931640625 0.0338935852050781 0.0392532348632813
-0.061309814453125 0.176055908203125 0.017669677734375 0.262908935546875
0.102569580078125 -0.0555648803710938 -0.035308837890625 -0.298858642578125
-0.00336456298828124 -0.123832702636719 -0.0268325805664063 -0.077362060546875
-0.0841522216796875 -0.0538177490234375 0.0984954833984375 -0.0139999389648438
-0.0848388671875 0.0329437255859375 0.131881713867188 -0.135345458984375
-0.0352630615234375 0.0754013061523438 0.034881591796875 -0.21478271484375
0.0175704956054687 0.082122802734375 -0.0897674560546875 -0.223968505859375
0.0221786499023437 0.0592613220214844 -0.155014038085938 -0.176895141601562
0.00928497314453125 0.0623245239257813 -0.136505126953125 -0.1226806640625
-0.000808715820312493 0.06915283203125 -0.111595153808594 -0.0975799560546875
-0.0379562377929687 0.0465583801269531 -0.0861358642578125 -0.0819473266601563
-0.0648460388183594 -0.00109481811523437 -0.0879287719726563 -0.076141357421875
-0.0396537780761719 -0.0648307800292969 -0.103416442871094 -0.106513977050781
0.0467910766601563 -0.0956039428710938 -0.11163330078125 -0.174789428710938
0.120315551757812 -0.0601425170898438 -0.145355224609375 -0.264404296875
0.148056030273438 0.0074462890625 -0.13116455078125 -0.2867431640625
0.146774291992187 0.0707244873046875 0.02197265625 -0.304962158203125
0.0854644775390625 -0.0475006103515625 0.0083160400390625 -0.0820083618164063
0.0216331481933594 -0.0365638732910156 0.121719360351562 -0.0107345581054688
-0.0042266845703125 -0.0180091857910156 0.15753173828125 -0.141799926757812
-0.00164139270782471 -0.00180208683013916 0.0552825927734375 -0.226699829101563
-0.00224828720092773 -0.00557088851928711 -0.0833282470703125 -0.242080688476562
-0.0229625701904297 -0.0148468017578125 -0.159072875976563 -0.1866455078125
-0.02899169921875 -0.0110034942626953 -0.1427001953125 -0.123062133789062
-0.0392646789550781 -0.0150909423828125 -0.11492919921875 -0.0966949462890625
-0.0400886535644531 -0.0422286987304687 -0.093292236328125 -0.0820770263671875
-0.0109100341796875 -0.0740203857421875 -0.0854644775390625 -0.0642776489257813
0.04791259765625 -0.0901412963867188 -0.0957107543945312 -0.0914154052734375
0.134422302246094 -0.0358963012695313 -0.112457275390625 -0.142059326171875
0.186248779296875 0.04107666015625 -0.1337890625 -0.22650146484375
0.1771240234375 0.12884521484375 -0.100662231445312 -0.252700805664063
0.16229248046875 0.194427490234375 0.086578369140625 -0.2626953125
0.1573486328125 0.05621337890625 0.0576248168945313 -0.0559196472167969
0.135810852050781 0.00647735595703125 0.15032958984375 0.0077667236328125
0.0951766967773438 -0.05859375 0.1868896484375 -0.130523681640625
0.0465164184570312 -0.0797119140625 0.0833740234375 -0.21588134765625
-0.0125045776367187 -0.0966033935546875 -0.0587158203125 -0.239044189453125
-0.0615081787109375 -0.0901336669921875 -0.14117431640625 -0.176788330078125
-0.0619735717773437 -0.08184814453125 -0.128585815429688 -0.104255676269531
-0.0760574340820313 -0.0938568115234375 -0.0991058349609375 -0.07513427734375
-0.0493545532226563 -0.121429443359375 -0.0892257690429688 -0.0556869506835938
0.0254974365234375 -0.143081665039063 -0.081268310546875 -0.031402587890625
0.111190795898438 -0.125831604003906 -0.0937042236328125 -0.0611495971679688
0.205947875976563 -0.004486083984375 -0.116111755371094 -0.102890014648438
0.240524291992187 0.109542846679687 -0.11474609375 -0.175506591796875
0.191940307617187 0.218002319335938 -0.068206787109375 -0.1837158203125
0.143829345703125 0.293914794921875 0.146560668945313 -0.173507690429687
0.195327758789063 0.167449951171875 0.109428405761719 0.00150299072265626
0.231155395507813 0.0732269287109375 0.176116943359375 0.04193115234375
0.196762084960938 -0.0740203857421875 0.20892333984375 -0.0947265625
0.104873657226563 -0.140899658203125 0.109771728515625 -0.1776123046875
-0.00942993164062499 -0.176834106445313 -0.0230865478515625 -0.206069946289062
-0.08648681640625 -0.153549194335938 -0.102890014648438 -0.146087646484375
-0.0854949951171875 -0.140289306640625 -0.0953445434570313 -0.0709609985351563
-0.10516357421875 -0.156341552734375 -0.0662384033203125 -0.037078857421875
-0.061431884765625 -0.18157958984375 -0.0720748901367187 -0.0134429931640625
0.0459442138671875 -0.197921752929688 -0.0686378479003906 0.0128898620605469
0.150177001953125 -0.158447265625 -0.0892486572265625 -0.0232925415039063
0.254226684570313 0.010498046875 -0.112770080566406 -0.0662765502929688
0.267471313476563 0.152389526367188 -0.0804443359375 -0.12750244140625
0.180511474609375 0.273849487304688 -0.0279693603515625 -0.0962142944335937
0.083404541015625 0.342864990234375 0.189926147460938 -0.0450897216796875
0.172698974609375 0.259185791015625 0.147171020507813 0.08709716796875
0.267715454101563 0.156204223632813 0.181961059570313 0.0915679931640625
0.267929077148438 -0.04632568359375 0.212295532226563 -0.03265380859375
0.160552978515625 -0.160888671875 0.125999450683594 -0.112136840820313
0.00988769531250001 -0.225418090820313 0.0175628662109375 -0.146041870117188
-0.0896759033203125 -0.1954345703125 -0.0505294799804688 -0.09539794921875
-0.090789794921875 -0.176025390625 -0.0475425720214844 -0.027191162109375
-0.115341186523438 -0.195236206054688 -0.02099609375 0.0094776153564453
-0.06475830078125 -0.216293334960938 -0.0429725646972656 0.0375633239746094
0.0615081787109375 -0.22711181640625 -0.0501251220703125 0.0607833862304687
0.172103881835938 -0.169540405273438 -0.0819015502929687 0.013824462890625
0.269424438476563 0.03033447265625 -0.103569030761719 -0.0401840209960938
0.2568359375 0.182861328125 -0.0383834838867188 -0.0842666625976562
0.14208984375 0.2962646484375 0.00818872451782227 0.00101089477539064
0.013641357421875 0.326324462890625 0.201507568359375 0.0882720947265625
0.1097412109375 0.291259765625 0.163375854492188 0.175796508789063
0.238327026367188 0.209335327148438 0.17083740234375 0.134963989257813
0.282012939453125 -0.002593994140625 0.190170288085938 0.026824951171875
0.185379028320313 -0.145782470703125 0.119804382324219 -0.0413742065429688
0.028411865234375 -0.233734130859375 0.0447845458984375 -0.0714874267578125
-0.0798492431640625 -0.204315185546875 0.000209808349609372 -0.0314655303955078
-0.08563232421875 -0.185012817382813 0.00323295593261718 0.0223255157470703
-0.112594604492188 -0.206130981445312 0.0279197692871094 0.0612678527832031
-0.0618896484375 -0.222518920898438 -0.00952911376953126 0.0932235717773437
0.0689849853515625 -0.228225708007813 -0.03240966796875 0.107582092285156
0.178680419921875 -0.15826416015625 -0.0785751342773437 0.0484695434570312
0.258956909179688 0.0532989501953125 -0.09613037109375 -0.0205307006835938
0.218063354492188 0.201858520507813 0.000247955322265643 -0.044403076171875
0.08428955078125 0.288665771484375 0.033538818359375 0.0987472534179688
-0.053192138671875 0.247467041015625 0.189849853515625 0.199386596679688
0.0286102294921875 0.253738403320313 0.157012939453125 0.243942260742188
0.157363891601563 0.2109375 0.146759033203125 0.159759521484375
0.2332763671875 0.03570556640625 0.1519775390625 0.07293701171875
0.16937255859375 -0.10406494140625 0.0996780395507813 0.0185775756835937
0.038116455078125 -0.198883056640625 0.0601882934570313 -0.000801086425781262
-0.0616912841796875 -0.1790771484375 0.0447006225585937 0.0311431884765625
-0.06927490234375 -0.163955688476562 0.0523414611816406 0.0701751708984375
-0.0938568115234375 -0.186279296875 0.073394775390625 0.110504150390625
-0.0507049560546875 -0.200790405273438 0.022216796875 0.146194458007813
0.0695343017578125 -0.202011108398438 -0.0191802978515625 0.15252685546875
0.167129516601563 -0.128616333007813 -0.0791091918945313 0.0808029174804687
0.222381591796875 0.0756988525390625 -0.0916900634765625 -0.00335693359375001
0.15362548828125 0.203582763671875 0.0253467559814453 -0.00337219238281249
0.0146942138671875 0.25201416015625 0.0404205322265625 0.19024658203125
-0.106430053710938 0.127113342285156 0.165725708007813 0.264694213867188
-0.045135498046875 0.165206909179688 0.142990112304687 0.27593994140625
0.05743408203125 0.160507202148438 0.124160766601562 0.163528442382812
0.14288330078125 0.0529022216796875 0.118507385253906 0.09722900390625
0.118217468261719 -0.0529403686523437 0.0801773071289063 0.0563812255859375
0.0346450805664062 -0.132476806640625 0.0681114196777344 0.0521202087402344
-0.0342330932617187 -0.12506103515625 0.0788497924804688 0.080322265625
-0.0430068969726563 -0.116981506347656 0.0931625366210938 0.107322692871094
-0.0612258911132813 -0.138572692871094 0.107818603515625 0.152267456054687
-0.03094482421875 -0.150787353515625 0.0466461181640625 0.191238403320313
0.062835693359375 -0.150680541992187 -0.0158538818359375 0.188751220703125
0.136451721191406 -0.0848617553710938 -0.087493896484375 0.108139038085938
0.16229248046875 0.086700439453125 -0.0941543579101562 0.0107879638671875
0.074371337890625 0.179916381835937 0.0340232849121094 0.0368385314941406
-0.0576171875 0.18017578125 0.025299072265625 0.265213012695313
0.103034973144531 -0.0584259033203125 -0.046661376953125 -0.307586669921875
-0.00817871093750001 -0.126976013183594 -0.0315170288085937 -0.0753250122070313
-0.087554931640625 -0.0525283813476562 0.104812622070313 -0.0137100219726563
-0.0856781005859375 0.0379714965820312 0.13525390625 -0.14385986328125
-0.0320663452148438 0.0786361694335938 0.031280517578125 -0.224319458007813
0.0220489501953125 0.0838088989257812 -0.0977020263671875 -0.22930908203125
0.0266189575195312 0.0590057373046875 -0.165664672851562 -0.177871704101563
0.0133399963378906 0.0635337829589844 -0.144195556640625 -0.123031616210938
0.00311279296875001 0.0708847045898438 -0.1182861328125 -0.0970230102539063
-0.0362930297851563 0.0492515563964844 -0.0921478271484375 -0.0823211669921875
-0.0650177001953125 0.00175094604492187 -0.096466064453125 -0.0763473510742188
-0.0423316955566406 -0.0632133483886719 -0.111740112304688 -0.110687255859375
0.0440673828125 -0.0988235473632812 -0.117538452148438 -0.18304443359375
0.121025085449219 -0.0650253295898437 -0.156402587890625 -0.273727416992188
0.152740478515625 0.00311279296875 -0.1435546875 -0.296844482421875
0.152191162109375 0.0708770751953125 0.01092529296875 -0.316162109375
0.0851516723632813 -0.0501327514648438 0.00518798828125 -0.0822296142578125
0.0230293273925781 -0.0377540588378906 0.127899169921875 -0.010772705078125
-0.00351524353027344 -0.0184421539306641 0.161026000976563 -0.150100708007813
-0.000330924987792969 -0.00330162048339844 0.0529632568359375 -0.23614501953125
-0.00203847885131836 -0.0065760612487793 -0.0916290283203125 -0.24847412109375
-0.0243072509765625 -0.0162296295166016 -0.170272827148438 -0.188186645507812
-0.0288257598876953 -0.0109882354736328 -0.151107788085938 -0.120941162109375
-0.0401649475097656 -0.0149879455566406 -0.122550964355469 -0.0955581665039062
-0.0412712097167969 -0.042083740234375 -0.099517822265625 -0.0804977416992187
-0.012542724609375 -0.0756454467773438 -0.09356689453125 -0.0637130737304688
0.0474929809570313 -0.0933609008789063 -0.105331420898437 -0.0951919555664063
0.136749267578125 -0.0389480590820313 -0.118026733398438 -0.149383544921875
0.192977905273437 0.0378265380859375 -0.14288330078125 -0.235366821289062
0.18719482421875 0.128814697265625 -0.112411499023438 -0.26300048828125
0.171844482421875 0.198989868164062 0.079437255859375 -0.274703979492188
0.1629638671875 0.054351806640625 0.0557594299316406 -0.0577507019042969
0.142410278320312 0.00299072265625 0.157852172851562 0.0084686279296875
0.0978164672851563 -0.0640487670898438 0.191619873046875 -0.137893676757813
0.0462875366210938 -0.085296630859375 0.0831298828125 -0.224624633789063
-0.0173797607421875 -0.100944519042969 -0.066436767578125 -0.244308471679688
-0.0676345825195313 -0.0924224853515625 -0.1514892578125 -0.177947998046875
-0.0671539306640625 -0.0836868286132813 -0.136161804199219 -0.101860046386719
-0.0816879272460938 -0.0947113037109375 -0.106117248535156 -0.0723648071289063
-0.0546875 -0.123199462890625 -0.0960464477539063 -0.052276611328125
0.0221099853515625 -0.14990234375 -0.0885848999023438 -0.0297164916992188
0.111366271972656 -0.133476257324219 -0.104049682617188 -0.0632476806640625
0.21441650390625 -0.00927734375 -0.122215270996094 -0.108451843261719
0.2520751953125 0.10693359375 -0.122955322265625 -0.184280395507813
0.205032348632813 0.22186279296875 -0.0777740478515625 -0.192642211914063
0.156341552734375 0.30133056640625 0.1435546875 -0.1844482421875
0.204986572265625 0.167190551757812 0.110267639160156 -0.00010681152343749
0.243942260742188 0.07025146484375 0.183502197265625 0.0439910888671875
0.201919555664063 -0.0832061767578125 0.215621948242188 -0.100357055664063
0.104476928710938 -0.14990234375 0.110885620117187 -0.185165405273437
-0.0174407958984375 -0.182662963867188 -0.028900146484375 -0.211959838867188
-0.095489501953125 -0.1568603515625 -0.111358642578125 -0.146255493164063
-0.09326171875 -0.142608642578125 -0.101600646972656 -0.0675125122070313
-0.115554809570312 -0.157699584960938 -0.0713043212890625 -0.0351181030273438
-0.070281982421875 -0.185317993164063 -0.0765533447265625 -0.00886535644531252
0.039764404296875 -0.208633422851562 -0.0732269287109375 0.0164642333984375
0.150543212890625 -0.169754028320313 -0.098236083984375 -0.0234527587890625
0.264694213867188 0.00469970703125 -0.119537353515625 -0.07080078125
0.28192138671875 0.149810791015625 -0.0871658325195312 -0.134475708007813
0.19439697265625 0.28082275390625 -0.0336074829101563 -0.101615905761719
0.095855712890625 0.35430908203125 0.192169189453125 -0.052581787109375
0.183975219726563 0.262924194335938 0.151351928710938 0.086883544921875
0.283050537109375 0.1552734375 0.190017700195313 0.0964508056640625
0.27630615234375 -0.0583038330078125 0.219482421875 -0.036407470703125
0.160552978515625 -0.1728515625 0.129402160644531 -0.116546630859375
0.00036621093750001 -0.233917236328125 0.014892578125 -0.150894165039063
-0.10028076171875 -0.199615478515625 -0.055419921875 -0.0955276489257813
-0.1007080078125 -0.179931640625 -0.0514373779296875 -0.0240249633789063
-0.128311157226563 -0.198562622070313 -0.0221786499023438 0.0125083923339844
-0.076202392578125 -0.221160888671875 -0.0444984436035156 0.0438346862792969
0.0539398193359375 -0.23876953125 -0.0527839660644531 0.0663070678710937
0.172073364257813 -0.18212890625 -0.0903549194335938 0.0148468017578125
0.28118896484375 0.022247314453125 -0.110755920410156 -0.042724609375
0.273193359375 0.180923461914063 -0.0430068969726563 -0.0905990600585938
0.155517578125 0.3043212890625 0.00684022903442384 -0.00198507308959959
0.02288818359375 0.33709716796875 0.208999633789063 0.0852508544921875
0.1212158203125 0.29754638671875 0.169723510742188 0.177978515625
0.253707885742188 0.210357666015625 0.178482055664063 0.140029907226563
0.29168701171875 -0.012664794921875 0.19769287109375 0.025634765625
0.1865234375 -0.157257080078125 0.124671936035156 -0.0434722900390625
0.0183563232421875 -0.241912841796875 0.0443649291992188 -0.0752639770507813
-0.0906219482421875 -0.209091186523438 -0.00135040283203126 -0.0310707092285156
-0.094757080078125 -0.188034057617188 0.00295448303222656 0.0260543823242187
-0.125885009765625 -0.210037231445312 0.0297966003417969 0.0645599365234375
-0.0731353759765625 -0.227066040039062 -0.00818634033203127 0.0999526977539062
0.0615081787109375 -0.240707397460938 -0.0320968627929687 0.114280700683594
0.177978515625 -0.171371459960938 -0.08441162109375 0.0518875122070312
0.270721435546875 0.04656982421875 -0.102119445800781 -0.0205917358398437
0.2322998046875 0.201675415039062 -0.00268173217773436 -0.0485916137695312
0.095458984375 0.29901123046875 0.0357666015625 0.0997772216796875
-0.046478271484375 0.258041381835938 0.20062255859375 0.20172119140625
0.0368804931640625 0.2613525390625 0.16558837890625 0.250778198242188
0.171234130859375 0.214797973632813 0.154281616210938 0.166854858398437
0.241607666015625 0.0273284912109375 0.159423828125 0.0745391845703125
0.17108154296875 -0.1138916015625 0.1055908203125 0.0195770263671875
0.0302734375 -0.206314086914062 0.0625457763671875 -0.00285339355468751
-0.0712127685546875 -0.182876586914062 0.0468902587890625 0.0317039489746094
-0.0780487060546875 -0.166702270507813 0.0556869506835938 0.0729904174804687
-0.10626220703125 -0.18890380859375 0.07879638671875 0.113624572753906
-0.0610504150390625 -0.204483032226563 0.0262603759765625 0.153564453125
0.063262939453125 -0.213165283203125 -0.0174560546875 0.159255981445313
0.167861938476563 -0.139801025390625 -0.0836868286132812 0.0854110717773437
0.233627319335938 0.0704193115234375 -0.0981597900390625 -0.00257110595703125
0.165679931640625 0.205245971679688 0.0256214141845703 -0.00583839416503905
0.0232086181640625 0.261138916015625 0.0463409423828125 0.194747924804688
-0.104469299316406 0.133392333984375 0.177627563476563 0.2713623046875
-0.0422515869140625 0.171051025390625 0.152130126953125 0.28472900390625
0.0659942626953125 0.1649169921875 0.130157470703125 0.170135498046875
0.149627685546875 0.04815673828125 0.125724792480469 0.100883483886719
0.119560241699219 -0.059112548828125 0.0865554809570313 0.058563232421875
0.0285797119140625 -0.137870788574219 0.073211669921875 0.0513687133789063
-0.0410232543945312 -0.127517700195313 0.0846633911132813 0.0810317993164062
-0.049896240234375 -0.120018005371094 0.0986709594726562 0.109786987304687
-0.0707244873046875 -0.140914916992188 0.115310668945313 0.15521240234375
-0.03887939453125 -0.154098510742187 0.052642822265625 0.198654174804688
0.0580902099609375 -0.159255981445313 -0.011199951171875 0.196807861328125
0.138160705566406 -0.0933456420898438 -0.0910110473632812 0.113601684570312
0.171676635742188 0.0833740234375 -0.100982666015625 0.0117416381835938
0.0816192626953125 0.181732177734375 0.0349617004394531 0.0352287292480469
-0.0539703369140625 0.188568115234375 0.0341339111328125 0.272979736328125
0.103683471679688 -0.0641098022460938 -0.066009521484375 -0.31951904296875
-0.0166168212890625 -0.1314697265625 -0.0374374389648438 -0.0745391845703125
-0.0937957763671875 -0.0504226684570312 0.112960815429687 -0.0156784057617188
-0.085113525390625 0.0450286865234375 0.137863159179688 -0.156631469726563
-0.0277099609375 0.0834503173828125 0.0243377685546875 -0.239639282226563
0.028472900390625 0.085662841796875 -0.112533569335938 -0.236099243164062
0.0306434631347656 0.0593833923339844 -0.1824951171875 -0.179656982421875
0.0193557739257813 0.0651702880859375 -0.156707763671875 -0.121734619140625
0.00858306884765625 0.0737838745117188 -0.129150390625 -0.095458984375
-0.0340766906738281 0.0531158447265625 -0.100959777832031 -0.0827102661132812
-0.0663108825683594 0.00605773925781251 -0.107383728027344 -0.0756759643554687
-0.0466728210449219 -0.0626983642578125 -0.124374389648438 -0.113151550292969
0.0407943725585938 -0.103599548339844 -0.130126953125 -0.192276000976563
0.1239013671875 -0.0728912353515625 -0.17523193359375 -0.285003662109375
0.160919189453125 -0.0040283203125 -0.165740966796875 -0.30999755859375
0.16241455078125 0.069427490234375 -0.00598144531249998 -0.33258056640625
0.08551025390625 -0.0555496215820313 -0.000686645507812499 -0.0840682983398438
0.0240440368652344 -0.0404739379882813 0.137184143066406 -0.0132293701171875
-0.00379753112792969 -0.0187301635742188 0.164154052734375 -0.164596557617188
-0.000148057937622071 -0.00371503829956055 0.0470428466796875 -0.251541137695313
-0.00276851654052734 -0.0075984001159668 -0.106918334960938 -0.256622314453125
-0.0272407531738281 -0.0172195434570313 -0.188308715820313 -0.188690185546875
-0.0293922424316406 -0.0108299255371094 -0.164474487304688 -0.118682861328125
-0.0419883728027344 -0.0144195556640625 -0.134223937988281 -0.093414306640625
-0.0443305969238281 -0.0419807434082031 -0.110389709472656 -0.0785598754882812
-0.0157089233398437 -0.077972412109375 -0.104705810546875 -0.0622787475585938
0.0461807250976563 -0.0994033813476563 -0.118415832519531 -0.0972518920898438
0.1424560546875 -0.0447845458984375 -0.130752563476563 -0.157272338867188
0.203750610351562 0.032196044921875 -0.161102294921875 -0.246551513671875
0.203018188476563 0.127288818359375 -0.132888793945312 -0.275543212890625
0.18841552734375 0.203231811523438 0.06768798828125 -0.292510986328125
0.171661376953125 0.0503997802734375 0.0532875061035156 -0.0609855651855469
0.152236938476563 -0.0024566650390625 0.167648315429688 0.006103515625
0.100204467773438 -0.0721893310546875 0.197219848632813 -0.151885986328125
0.0451583862304687 -0.0924835205078125 0.0789642333984375 -0.239547729492188
-0.023651123046875 -0.105224609375 -0.0805816650390625 -0.252883911132812
-0.0771484375 -0.09503173828125 -0.1673583984375 -0.178924560546875
-0.0739517211914063 -0.0849151611328125 -0.1480712890625 -0.0972137451171875
-0.0917434692382813 -0.0953369140625 -0.115859985351563 -0.0693206787109375
-0.06427001953125 -0.126350402832031 -0.105484008789063 -0.0484466552734375
0.015228271484375 -0.158233642578125 -0.0979156494140625 -0.0264892578125
0.111709594726563 -0.145370483398437 -0.116996765136719 -0.0636444091796875
0.225418090820313 -0.0182037353515625 -0.133682250976563 -0.113182067871094
0.270431518554688 0.100311279296875 -0.137664794921875 -0.194107055664063
0.2255859375 0.22509765625 -0.09271240234375 -0.202621459960938
0.177581787109375 0.311370849609375 0.138916015625 -0.200775146484375
0.220718383789063 0.166366577148438 0.111961364746094 -0.00285339355468749
0.2618408203125 0.0632171630859375 0.195770263671875 0.04296875
0.208541870117188 -0.0984649658203125 0.223403930664063 -0.113174438476563
0.1016845703125 -0.163467407226563 0.1112060546875 -0.198287963867187
-0.029296875 -0.191650390625 -0.0389556884765625 -0.221450805664062
-0.110382080078125 -0.1605224609375 -0.124221801757813 -0.146163940429688
-0.105377197265625 -0.144851684570313 -0.109451293945313 -0.0629119873046875
-0.131393432617188 -0.159896850585937 -0.0767822265625 -0.0311965942382812
-0.0843505859375 -0.18988037109375 -0.0825653076171875 -0.00193786621093752
0.03033447265625 -0.2213134765625 -0.0795822143554688 0.0219573974609375
0.14935302734375 -0.186141967773438 -0.11016845703125 -0.0214080810546875
0.2789306640625 -0.0070343017578125 -0.131271362304688 -0.0726699829101562
0.304107666015625 0.144744873046875 -0.098602294921875 -0.142486572265625
0.21783447265625 0.28826904296875 -0.0431137084960937 -0.108528137207031
0.1158447265625 0.36846923828125 0.196243286132813 -0.0642852783203125
0.204620361328125 0.266830444335938 0.158355712890625 0.086090087890625
0.306793212890625 0.151336669921875 0.203659057617188 0.0973052978515625
0.286834716796875 -0.075225830078125 0.2301025390625 -0.04412841796875
0.159454345703125 -0.190032958984375 0.133567810058594 -0.1265869140625
-0.013519287109375 -0.244918823242188 0.00860595703124999 -0.159225463867188
-0.117660522460937 -0.204544067382813 -0.0633163452148438 -0.0959625244140625
-0.115554809570313 -0.183380126953125 -0.0551795959472656 -0.0186119079589844
-0.148300170898437 -0.201248168945313 -0.0240039825439453 0.01678466796875
-0.0928497314453125 -0.227188110351562 -0.0456657409667969 0.0518760681152344
0.0423126220703125 -0.2547607421875 -0.0547332763671875 0.0724868774414062
0.170761108398438 -0.201492309570313 -0.0995254516601562 0.0193710327148437
0.298553466796875 0.01043701171875 -0.121116638183594 -0.0429763793945313
0.295440673828125 0.176849365234375 -0.0505447387695312 -0.097442626953125
0.1781005859375 0.316162109375 0.0050339698791504 -0.00457477569580076
0.04071044921875 0.354705810546875 0.220001220703125 0.0797119140625
0.1405029296875 0.305816650390625 0.181884765625 0.18109130859375
0.278701782226563 0.211013793945313 0.19305419921875 0.1441650390625
0.30487060546875 -0.030487060546875 0.20965576171875 0.0218963623046875
0.18707275390625 -0.17596435546875 0.130447387695313 -0.0490951538085938
0.00502014160156251 -0.254348754882813 0.0436477661132813 -0.081451416015625
-0.108474731445312 -0.213897705078125 -0.00337791442871095 -0.0313835144042969
-0.111099243164063 -0.19189453125 0.0037403106689453 0.0308284759521484
-0.146560668945313 -0.212753295898438 0.0330162048339844 0.0676040649414062
-0.090545654296875 -0.233917236328125 -0.00464630126953125 0.108474731445313
0.0491485595703125 -0.25750732421875 -0.0299911499023438 0.122909545898437
0.17742919921875 -0.191421508789062 -0.0912094116210938 0.0585250854492187
0.2874755859375 0.0347900390625 -0.111610412597656 -0.0188064575195313
0.254669189453125 0.199661254882813 -0.00656890869140624 -0.0546836853027344
0.114593505859375 0.312744140625 0.0407180786132813 0.100593566894531
-0.0356597900390625 0.273162841796875 0.217422485351562 0.202682495117188
0.0506439208984375 0.272216796875 0.181243896484375 0.257034301757813
0.192138671875 0.218154907226562 0.16778564453125 0.17279052734375
0.255279541015625 0.014312744140625 0.17205810546875 0.075927734375
0.172637939453125 -0.12945556640625 0.114303588867188 0.018310546875
0.01824951171875 -0.217117309570313 0.0664024353027344 -0.00503921508789064
-0.0857696533203125 -0.187454223632813 0.0506820678710937 0.0320396423339844
-0.0931396484375 -0.170486450195312 0.0615463256835937 0.076019287109375
-0.124221801757812 -0.192794799804688 0.0871047973632812 0.116783142089844
-0.076873779296875 -0.210845947265625 0.0347747802734375 0.162689208984375
0.0527801513671875 -0.22802734375 -0.01129150390625 0.169113159179687
0.168060302734375 -0.1575927734375 -0.0883865356445312 0.0934982299804687
0.250274658203125 0.0610809326171875 -0.106826782226562 -0.000152587890625017
0.185134887695312 0.205886840820312 0.0251312255859375 -0.0100822448730469
0.0366058349609375 0.2744140625 0.056884765625 0.200759887695313
-0.102157592773438 0.145156860351563 0.19854736328125 0.277008056640625
-0.0357208251953125 0.1810302734375 0.170623779296875 0.2952880859375
0.078460693359375 0.169525146484375 0.144210815429688 0.177825927734375
0.1580810546875 0.0408935546875 0.138023376464844 0.104278564453125
0.120040893554688 -0.0692672729492188 0.0961990356445313 0.0597381591796875
0.0202178955078125 -0.144454956054688 0.079803466796875 0.0509033203125
-0.0510177612304687 -0.129646301269531 0.0923385620117188 0.0811614990234375
-0.0599746704101562 -0.122085571289063 0.108863830566406 0.111534118652344
-0.0845184326171875 -0.143844604492188 0.129562377929688 0.157882690429688
-0.0505523681640625 -0.159378051757813 0.064453125 0.20928955078125
0.050201416015625 -0.170989990234375 -0.00350952148437501 0.207366943359375
0.138992309570313 -0.1064453125 -0.0934982299804688 0.124168395996094
0.184478759765625 0.077301025390625 -0.10894775390625 0.016265869140625
0.0943603515625 0.186080932617188 0.0376625061035156 0.0336418151855469
-0.0479583740234375 0.200698852539063 0.049285888671875 0.283599853515625
0.103515625 -0.0721359252929687 -0.092498779296875 -0.3275146484375
-0.0284423828125 -0.133964538574219 -0.0452423095703125 -0.0715484619140625
-0.10052490234375 -0.0460433959960938 0.121078491210938 -0.021942138671875
-0.0832061767578125 0.053375244140625 0.135330200195313 -0.172744750976563
-0.0216445922851562 0.08795166015625 0.0089111328125 -0.252227783203125
0.0369186401367188 0.0850067138671875 -0.132858276367188 -0.2388916015625
0.0361824035644531 0.0581436157226563 -0.20391845703125 -0.174346923828125
0.0268402099609375 0.0643196105957031 -0.171615600585938 -0.115509033203125
0.01678466796875 0.0751495361328125 -0.142959594726563 -0.0893402099609375
-0.0295906066894531 0.0571098327636719 -0.112800598144531 -0.0790863037109375
-0.0662574768066406 0.0114479064941406 -0.120109558105469 -0.070831298828125
-0.0510940551757813 -0.0605049133300781 -0.1402587890625 -0.111778259277344
0.0352096557617188 -0.109489440917969 -0.148452758789063 -0.197219848632813
0.122314453125 -0.0842514038085938 -0.20196533203125 -0.288299560546875
0.166854858398437 -0.0169219970703125 -0.19683837890625 -0.315155029296875
0.174285888671875 0.0638427734375 -0.03271484375 -0.3465576171875
0.0828094482421875 -0.0624465942382812 -0.00833892822265624 -0.0854949951171875
0.0236625671386719 -0.04351806640625 0.145721435546875 -0.0203704833984375
-0.00331687927246094 -0.0197601318359375 0.162429809570313 -0.181991577148438
0.000963211059570312 -0.00455617904663086 0.0326080322265625 -0.266204833984375
-0.00427627563476562 -0.00848913192749023 -0.128219604492188 -0.259841918945313
-0.030548095703125 -0.0168972015380859 -0.209625244140625 -0.182418823242188
-0.0304965972900391 -0.0106945037841797 -0.179534912109375 -0.110107421875
-0.0439338684082031 -0.0115470886230469 -0.14691162109375 -0.085784912109375
-0.0490684509277344 -0.0400810241699219 -0.122238159179687 -0.0723495483398438
-0.02081298828125 -0.0802001953125 -0.116836547851563 -0.0566787719726563
0.0423812866210938 -0.105812072753906 -0.134651184082031 -0.095794677734375
0.145172119140625 -0.055938720703125 -0.147003173828125 -0.160858154296875
0.214569091796875 0.0189361572265625 -0.18505859375 -0.25030517578125
0.220016479492187 0.11871337890625 -0.159454345703125 -0.281158447265625
0.211578369140625 0.201248168945313 0.04571533203125 -0.309783935546875
0.180099487304688 0.0415496826171875 0.0483818054199219 -0.0648307800292969
0.1605224609375 -0.01300048828125 0.178909301757813 -0.0015411376953125
0.10003662109375 -0.0837783813476563 0.1973876953125 -0.170455932617187
0.0407791137695313 -0.100715637207031 0.0682373046875 -0.2552490234375
-0.0342025756835937 -0.108444213867188 -0.100814819335938 -0.2576904296875
-0.088897705078125 -0.0935440063476563 -0.187759399414062 -0.172470092773438
-0.08306884765625 -0.0836105346679688 -0.160400390625 -0.0881500244140625
-0.103530883789063 -0.0925750732421875 -0.126396179199219 -0.0611495971679688
-0.0759963989257813 -0.12628173828125 -0.11474609375 -0.0401763916015625
0.00367736816406249 -0.166091918945313 -0.107078552246094 -0.018951416015625
0.105850219726563 -0.160064697265625 -0.131729125976563 -0.0593032836914062
0.23455810546875 -0.0337066650390625 -0.1490478515625 -0.113967895507813
0.288421630859375 0.085693359375 -0.158462524414063 -0.197158813476563
0.251174926757813 0.220382690429687 -0.114349365234375 -0.208099365234375
0.20660400390625 0.315185546875 0.12774658203125 -0.219314575195312
0.23980712890625 0.159271240234375 0.11309814453125 -0.00851440429687499
0.278976440429688 0.048309326171875 0.209442138671875 0.036376953125
0.210205078125 -0.118408203125 0.2274169921875 -0.1304931640625
0.0944671630859375 -0.178085327148437 0.105331420898438 -0.214019775390625
-0.0463409423828125 -0.197067260742188 -0.055450439453125 -0.227554321289063
-0.129364013671875 -0.159439086914063 -0.140426635742188 -0.141952514648438
-0.120895385742188 -0.14276123046875 -0.118598937988281 -0.0535354614257813
-0.15057373046875 -0.1558837890625 -0.0841598510742188 -0.0236358642578125
-0.103500366210938 -0.190338134765625 -0.087158203125 0.00766754150390622
0.0126190185546875 -0.233795166015625 -0.0846939086914063 0.0296783447265625
0.141693115234375 -0.205245971679688 -0.122314453125 -0.0147781372070313
0.292022705078125 -0.026824951171875 -0.144134521484375 -0.07061767578125
0.32757568359375 0.12823486328125 -0.11541748046875 -0.147659301757813
0.248992919921875 0.287811279296875 -0.0552978515625 -0.1129150390625
0.1466064453125 0.37811279296875 0.196578979492188 -0.080810546875
0.229690551757812 0.2640380859375 0.167556762695313 0.0804901123046875
0.3326416015625 0.136138916015625 0.219772338867188 0.092193603515625
0.29376220703125 -0.100799560546875 0.238784790039063 -0.059234619140625
0.152084350585938 -0.210205078125 0.133842468261719 -0.1392822265625
-0.0337982177734375 -0.252792358398438 -0.00154113769531249 -0.166595458984375
-0.139556884765625 -0.203933715820313 -0.073272705078125 -0.0937271118164063
-0.135208129882813 -0.182083129882812 -0.0587005615234375 -0.0121383666992188
-0.171707153320313 -0.197189331054688 -0.0250186920166016 0.0216274261474609
-0.115554809570313 -0.228546142578125 -0.0446586608886719 0.0613594055175781
0.0218963623046875 -0.270263671875 -0.0545578002929687 0.08111572265625
0.162094116210938 -0.223403930664063 -0.108718872070313 0.0281448364257812
0.31292724609375 -0.011138916015625 -0.132164001464844 -0.038604736328125
0.321533203125 0.16278076171875 -0.0625686645507813 -0.102226257324219
0.209228515625 0.320068359375 0.00179719924926759 -0.00782728195190428
0.067657470703125 0.367645263671875 0.2320556640625 0.0684051513671875
0.16693115234375 0.309478759765625 0.198715209960937 0.177764892578125
0.30859375 0.20111083984375 0.210586547851563 0.141372680664063
0.315216064453125 -0.05511474609375 0.221694946289063 0.01214599609375
0.180877685546875 -0.197906494140625 0.135978698730469 -0.0579147338867188
-0.015472412109375 -0.264022827148438 0.0401763916015625 -0.0876693725585938
-0.1304931640625 -0.2142333984375 -0.00582885742187501 -0.0310020446777344
-0.131866455078125 -0.19110107421875 0.00609397888183593 0.035013198852539
-0.172149658203125 -0.209091186523437 0.0386161804199219 0.070068359375
-0.114151000976562 -0.235565185546875 0.00207519531249998 0.117134094238281
0.0284576416015625 -0.272674560546875 -0.0245361328125 0.131668090820312
0.168899536132813 -0.213897705078125 -0.0957565307617188 0.068695068359375
0.30426025390625 0.014617919921875 -0.121513366699219 -0.013763427734375
0.281021118164063 0.188400268554687 -0.0127410888671875 -0.0600090026855469
0.142669677734375 0.3197021484375 0.0480804443359375 0.100700378417969
-0.017578125 0.288238525390625 0.239212036132813 0.197067260742188
0.0719146728515625 0.279464721679688 0.205032348632813 0.258407592773437
0.2176513671875 0.213897705078125 0.1864013671875 0.172744750976563
0.265792846679688 -0.0056304931640625 0.185882568359375 0.0703277587890625
0.168701171875 -0.148193359375 0.123451232910156 0.0125198364257812
0.000534057617187507 -0.226043701171875 0.0690994262695313 -0.0102577209472656
-0.105667114257813 -0.188201904296875 0.0552978515625 0.0309562683105469
-0.110366821289062 -0.169464111328125 0.0690536499023438 0.0781631469726562
-0.147537231445313 -0.189346313476563 0.0993118286132813 0.116630554199219
-0.0983734130859374 -0.212127685546875 0.0483551025390625 0.169677734375
0.034454345703125 -0.243118286132812 -9.15527343750039E-05 0.177978515625
0.16143798828125 -0.177719116210938 -0.0891952514648438 0.105354309082031
0.265777587890625 0.0448455810546875 -0.114616394042969 0.0068206787109375
0.20806884765625 0.199752807617188 0.0243988037109375 -0.0147724151611328
0.05853271484375 0.285125732421875 0.0727081298828125 0.203094482421875
-0.0952301025390625 0.158111572265625 0.225326538085938 0.27703857421875
-0.0241241455078125 0.190567016601563 0.196533203125 0.298797607421875
0.09625244140625 0.170394897460937 0.162109375 0.178909301757813
0.166915893554688 0.0287933349609375 0.152938842773438 0.1024169921875
0.1182861328125 -0.0815582275390625 0.106918334960938 0.056488037109375
0.00854492187499999 -0.1507568359375 0.0880889892578125 0.0470046997070312
-0.0638504028320313 -0.130516052246094 0.10296630859375 0.0784683227539062
-0.0721054077148437 -0.121055603027344 0.121742248535156 0.110145568847656
-0.10137939453125 -0.141067504882812 0.14703369140625 0.155914306640625
-0.0661773681640625 -0.160736083984375 0.0823211669921875 0.215042114257812
0.03680419921875 -0.18218994140625 0.0107421875 0.217269897460938
0.135299682617188 -0.122451782226563 -0.0918426513671875 0.137275695800781
0.197463989257812 0.0662994384765625 -0.114921569824219 0.0235595703125
0.11260986328125 0.184463500976562 0.0409317016601563 0.0294532775878906
-0.034027099609375 0.213531494140625 0.071502685546875 0.28961181640625
0.101089477539063 -0.0796127319335938 -0.122344970703125 -0.32598876953125
-0.0410232543945312 -0.131607055664063 -0.0524063110351563 -0.0663299560546875
-0.105430603027344 -0.0384597778320313 0.126167297363281 -0.03106689453125
-0.0779495239257813 0.0604629516601563 0.12725830078125 -0.187957763671875
-0.0134353637695313 0.0899887084960938 -0.0106964111328125 -0.258743286132813
0.044525146484375 0.0816879272460938 -0.153152465820313 -0.233901977539063
0.0417404174804688 0.0549125671386719 -0.221664428710938 -0.161148071289062
0.0341415405273438 0.0617103576660156 -0.183792114257813 -0.104629516601563
0.0249176025390625 0.0731353759765625 -0.153350830078125 -0.0792999267578125
-0.0239372253417969 0.0600509643554688 -0.123092651367188 -0.07183837890625
-0.064208984375 0.0179634094238281 -0.130645751953125 -0.062713623046875
-0.0551643371582031 -0.0573272705078125 -0.153701782226562 -0.105712890625
0.02679443359375 -0.112434387207031 -0.16644287109375 -0.195831298828125
0.116546630859375 -0.0945892333984375 -0.2276611328125 -0.283111572265625
0.168075561523438 -0.02996826171875 -0.226318359375 -0.308807373046875
0.183502197265625 0.054229736328125 -0.063507080078125 -0.34942626953125
0.0773468017578125 -0.0683822631835938 -0.0172195434570312 -0.083343505859375
0.021484375 -0.0465087890625 0.15093994140625 -0.030120849609375
-0.00309371948242187 -0.0207996368408203 0.153839111328125 -0.1978759765625
0.00130128860473633 -0.00594568252563477 0.0138397216796875 -0.273818969726562
-0.00515460968017578 -0.00918102264404297 -0.150253295898438 -0.255462646484375
-0.0336399078369141 -0.0155296325683594 -0.22900390625 -0.169097900390625
-0.0309581756591797 -0.00960731506347656 -0.190765380859375 -0.0968170166015625
-0.0448837280273438 -0.00926589965820312 -0.157455444335938 -0.073944091796875
-0.0520401000976562 -0.0367507934570313 -0.131172180175781 -0.0626144409179688
-0.026336669921875 -0.0793609619140625 -0.126907348632812 -0.0474166870117188
0.0361862182617188 -0.111274719238281 -0.148574829101562 -0.0885772705078125
0.144744873046875 -0.0657806396484375 -0.163330078125 -0.15850830078125
0.219268798828125 0.003265380859375 -0.2095947265625 -0.246078491210938
0.233078002929688 0.104354858398438 -0.187835693359375 -0.276809692382812
0.23223876953125 0.19171142578125 0.018951416015625 -0.31890869140625
0.184738159179688 0.0300140380859375 0.0411300659179688 -0.0681076049804688
0.164215087890625 -0.025909423828125 0.185867309570313 -0.0126190185546875
0.0959625244140625 -0.0936508178710938 0.190811157226563 -0.187454223632813
0.03375244140625 -0.10638427734375 0.0515289306640625 -0.266403198242188
-0.0444183349609375 -0.107681274414063 -0.122451782226562 -0.25579833984375
-0.0996551513671875 -0.0884857177734375 -0.205215454101563 -0.159072875976563
-0.0911483764648438 -0.079132080078125 -0.169387817382813 -0.0746002197265625
-0.113388061523438 -0.0851821899414063 -0.1348876953125 -0.0498275756835938
-0.0882339477539063 -0.122230529785156 -0.121200561523438 -0.0283737182617187
-0.0102386474609375 -0.169784545898438 -0.113983154296875 -0.00920104980468749
0.095794677734375 -0.171417236328125 -0.143814086914063 -0.05108642578125
0.238449096679687 -0.0510711669921875 -0.162811279296875 -0.110458374023438
0.30072021484375 0.065338134765625 -0.17913818359375 -0.1943359375
0.274383544921875 0.206817626953125 -0.135665893554687 -0.205490112304688
0.2353515625 0.307220458984375 0.10894775390625 -0.232879638671875
0.253570556640625 0.145034790039063 0.111488342285156 -0.015411376953125
0.291290283203125 0.02716064453125 0.219100952148438 0.0251617431640625
0.205307006835938 -0.137954711914063 0.2247314453125 -0.148834228515625
0.082733154296875 -0.189971923828125 0.0934600830078125 -0.225814819335938
-0.0647735595703125 -0.196090698242188 -0.0741729736328125 -0.228164672851563
-0.146697998046875 -0.151611328125 -0.154190063476562 -0.132339477539063
-0.135475158691406 -0.136375427246094 -0.123504638671875 -0.0417404174804688
-0.167984008789063 -0.144912719726563 -0.0877227783203125 -0.0153732299804688
-0.122726440429688 -0.184295654296875 -0.0890045166015625 0.0181198120117187
-0.00784301757812499 -0.239288330078125 -0.0865554809570313 0.0390625
0.12799072265625 -0.221771240234375 -0.131156921386719 -0.00508880615234379
0.29754638671875 -0.0496826171875 -0.155441284179687 -0.0651092529296875
0.344573974609375 0.1060791015625 -0.1312255859375 -0.145706176757812
0.27642822265625 0.277191162109375 -0.06866455078125 -0.112899780273437
0.178863525390625 0.3759765625 0.190460205078125 -0.0973663330078125
0.251876831054688 0.253005981445313 0.173110961914063 0.0712738037109375
0.352935791015625 0.113677978515625 0.232086181640625 0.08221435546875
0.290557861328125 -0.126922607421875 0.240554809570313 -0.0760650634765625
0.138214111328125 -0.226089477539063 0.128509521484375 -0.15203857421875
-0.05645751953125 -0.25433349609375 -0.0133056640625 -0.169708251953125
-0.16168212890625 -0.195556640625 -0.081939697265625 -0.0881423950195313
-0.153045654296875 -0.174026489257813 -0.0594673156738281 -0.00350952148437501
-0.194503784179688 -0.184829711914063 -0.0247020721435547 0.0262680053710937
-0.138778686523438 -0.221893310546875 -0.0416450500488281 0.0694732666015625
-0.0031280517578125 -0.277481079101563 -0.0516891479492187 0.0887451171875
0.146026611328125 -0.24163818359375 -0.112174987792969 0.0384597778320312
0.320556640625 -0.0361328125 -0.14111328125 -0.031280517578125
0.34149169921875 0.13970947265625 -0.0746002197265625 -0.103813171386719
0.238983154296875 0.313140869140625 -0.00212669372558592 -0.00921630859374998
0.098052978515625 0.37139892578125 0.239288330078125 0.0524139404296875
0.192108154296875 0.3028564453125 0.212890625 0.1678466796875
0.332733154296875 0.18121337890625 0.225753784179688 0.132888793945313
0.315673828125 -0.082489013671875 0.228378295898438 -0.00204467773437501
0.167495727539063 -0.215713500976563 0.137001037597656 -0.0688705444335938
-0.039276123046875 -0.26556396484375 0.0346832275390625 -0.09283447265625
-0.152252197265625 -0.206985473632812 -0.0082073211669922 -0.0293560028076172
-0.149826049804687 -0.183456420898438 0.0100784301757812 0.0388031005859375
-0.195693969726562 -0.196334838867188 0.0443649291992187 0.07061767578125
-0.138076782226563 -0.228805541992187 0.0117034912109375 0.121849060058594
0.00292968749999997 -0.28118896484375 -0.0158462524414062 0.137001037597656
0.153594970703125 -0.2332763671875 -0.0966796875 0.0792770385742187
0.31256103515625 -0.010162353515625 -0.127761840820312 -0.00595092773437499
0.301544189453125 0.169281005859375 -0.0200843811035156 -0.0637779235839844
0.172149658203125 0.31695556640625 0.0542373657226563 0.0970840454101563
0.00549316406249998 0.295501708984375 0.256927490234375 0.183547973632813
0.094635009765625 0.2796630859375 0.225997924804687 0.2496337890625
0.2412109375 0.201812744140625 0.20269775390625 0.166229248046875
0.268844604492187 -0.028228759765625 0.196304321289063 0.060760498046875
0.157974243164063 -0.164703369140625 0.129135131835938 0.00459289550781249
-0.0196075439453125 -0.22833251953125 0.0701065063476563 -0.0161514282226563
-0.124420166015625 -0.181747436523438 0.0595321655273438 0.0281181335449219
-0.126922607421875 -0.16265869140625 0.0782623291015625 0.077423095703125
-0.16888427734375 -0.17791748046875 0.1103515625 0.112075805664063
-0.119979858398437 -0.206756591796875 0.0631561279296875 0.171783447265625
0.01171875 -0.250625610351563 0.0131988525390625 0.182281494140625
0.148452758789063 -0.19537353515625 -0.085968017578125 0.116401672363281
0.27471923828125 0.02294921875 -0.119407653808594 0.01568603515625
0.227874755859375 0.185775756835938 0.0217304229736328 -0.0204734802246094
0.0828857421875 0.28814697265625 0.089813232421875 0.200057983398438
-0.0832977294921875 0.168045043945313 0.250259399414063 0.266845703125
-0.0097198486328125 0.195953369140625 0.22198486328125 0.293426513671875
0.113189697265625 0.16656494140625 0.178268432617187 0.173812866210937
0.171463012695313 0.0143890380859375 0.165298461914063 0.0961761474609375
0.111686706542969 -0.093414306640625 0.116249084472656 0.050537109375
-0.00553894042968748 -0.152389526367188 0.0940628051757813 0.041534423828125
-0.0765762329101563 -0.126121520996094 0.111907958984375 0.0724945068359375
-0.0840988159179688 -0.116485595703125 0.13299560546875 0.103935241699219
-0.116973876953125 -0.133193969726563 0.1624755859375 0.148269653320313
-0.0828704833984375 -0.157089233398438 0.102386474609375 0.214401245117188
0.0196380615234375 -0.189041137695313 0.0272979736328125 0.221771240234375
0.126335144042969 -0.13702392578125 -0.085601806640625 0.148696899414063
0.206710815429688 0.05108642578125 -0.118408203125 0.0323104858398438
0.129135131835938 0.177978515625 0.0429458618164063 0.0239524841308594
-0.0171966552734375 0.220382690429687 0.09515380859375 0.28778076171875
0.0977783203125 -0.0849227905273438 -0.145599365234375 -0.31719970703125
-0.0505447387695312 -0.126991271972656 -0.05792236328125 -0.0604057312011719
-0.10821533203125 -0.0319976806640625 0.128364562988281 -0.0383834838867188
-0.07275390625 0.0645675659179688 0.1182861328125 -0.197418212890625
-0.00700378417968749 0.08984375 -0.02667236328125 -0.260162353515625
0.050140380859375 0.0780487060546875 -0.167144775390625 -0.225845336914063
0.0453071594238281 0.0513877868652344 -0.2332763671875 -0.147933959960937
0.0390777587890625 0.0570945739746094 -0.191360473632812 -0.0933837890625
0.0324134826660156 0.0696868896484375 -0.159210205078125 -0.0686798095703125
-0.01806640625 0.0611419677734375 -0.129402160644531 -0.06414794921875
-0.0608634948730469 0.0218276977539063 -0.136726379394531 -0.053375244140625
-0.0580635070800781 -0.0540847778320313 -0.163619995117188 -0.0984344482421875
0.0195541381835937 -0.1126708984375 -0.17987060546875 -0.191299438476563
0.110092163085938 -0.101585388183594 -0.24530029296875 -0.274368286132812
0.166183471679688 -0.0409698486328125 -0.24761962890625 -0.298126220703125
0.189178466796875 0.0435943603515625 -0.08880615234375 -0.345245361328125
0.0716934204101562 -0.07037353515625 -0.0247879028320312 -0.0794601440429688
0.0192108154296875 -0.0484390258789062 0.154144287109375 -0.0381927490234375
-0.00387763977050781 -0.0208568572998047 0.1439208984375 -0.208084106445312
0.00189828872680664 -0.00713586807250976 -0.00251770019531247 -0.2767333984375
-0.00676345825195312 -0.00982093811035156 -0.166046142578125 -0.2471923828125
-0.0359230041503906 -0.0135498046875 -0.240524291992187 -0.154449462890625
-0.0313835144042969 -0.00952339172363281 -0.196197509765625 -0.0847625732421875
-0.0448379516601563 -0.0077362060546875 -0.162567138671875 -0.0621795654296875
-0.05340576171875 -0.0334358215332031 -0.136680603027344 -0.0530548095703125
-0.0302963256835938 -0.0775985717773437 -0.132575988769531 -0.0384674072265625
0.0302886962890625 -0.113716125488281 -0.158309936523438 -0.08135986328125
0.141769409179688 -0.07403564453125 -0.175247192382812 -0.1544189453125
0.21929931640625 -0.00946044921875 -0.226837158203125 -0.238327026367188
0.240371704101563 0.0904083251953125 -0.207656860351562 -0.269210815429688
0.246414184570313 0.179946899414063 -0.00521850585937501 -0.320343017578125
0.184814453125 0.0207672119140625 0.034149169921875 -0.0680389404296875
0.165115356445313 -0.0369720458984375 0.189346313476563 -0.021759033203125
0.0907974243164063 -0.10101318359375 0.182647705078125 -0.1993408203125
0.02801513671875 -0.109664916992188 0.03680419921875 -0.271209716796875
-0.052886962890625 -0.105133056640625 -0.138504028320313 -0.24969482421875
-0.107719421386719 -0.0824432373046875 -0.216552734375 -0.14654541015625
-0.0962905883789062 -0.0748748779296875 -0.173263549804688 -0.06219482421875
-0.119644165039062 -0.0779800415039063 -0.138374328613281 -0.039154052734375
-0.096160888671875 -0.115531921386719 -0.124786376953125 -0.0181503295898437
-0.020782470703125 -0.169418334960938 -0.118148803710938 1.52587890625156E-05
0.0856475830078125 -0.178558349609375 -0.15155029296875 -0.0424957275390625
0.237564086914063 -0.0653533935546875 -0.1729736328125 -0.1053466796875
0.3062744140625 0.04681396484375 -0.194549560546875 -0.188674926757813
0.289276123046875 0.19293212890625 -0.151611328125 -0.19989013671875
0.25665283203125 0.296051025390625 0.0904998779296875 -0.2396240234375
0.260879516601563 0.131912231445313 0.107246398925781 -0.0197067260742187
0.29571533203125 0.00921630859375 0.223922729492188 0.014739990234375
0.196685791015625 -0.15155029296875 0.2183837890625 -0.161300659179688
0.0710906982421875 -0.195297241210937 0.0826416015625 -0.2330322265625
-0.0788421630859375 -0.191452026367187 -0.0888214111328125 -0.224777221679688
-0.159149169921875 -0.142227172851563 -0.162918090820313 -0.1214599609375
-0.144439697265625 -0.127975463867188 -0.124656677246094 -0.031585693359375
-0.179458618164063 -0.132339477539062 -0.0896835327148438 -0.00653076171875001
-0.135482788085938 -0.17559814453125 -0.0887832641601563 0.0269317626953125
-0.02532958984375 -0.239456176757813 -0.0876083374023438 0.0469284057617188
0.113555908203125 -0.230972290039063 -0.136405944824219 0.00405120849609372
0.298095703125 -0.068572998046875 -0.16259765625 -0.0597686767578125
0.352508544921875 0.08343505859375 -0.144393920898438 -0.142791748046875
0.296142578125 0.263275146484375 -0.0785293579101562 -0.110252380371094
0.204071044921875 0.368377685546875 0.180740356445313 -0.109161376953125
0.265884399414063 0.239334106445313 0.1744384765625 0.06329345703125
0.36419677734375 0.09197998046875 0.23974609375 0.07257080078125
0.28302001953125 -0.1456298828125 0.239334106445313 -0.0885009765625
0.124954223632812 -0.235610961914062 0.122894287109375 -0.159866333007813
-0.0746612548828125 -0.249465942382812 -0.024078369140625 -0.1700439453125
-0.17645263671875 -0.185150146484375 -0.088043212890625 -0.0814285278320313
-0.1650390625 -0.164459228515625 -0.0578117370605469 0.003448486328125
-0.2093505859375 -0.170379638671875 -0.0236263275146484 0.030120849609375
-0.15509033203125 -0.211196899414063 -0.037567138671875 0.0755615234375
-0.024566650390625 -0.277984619140625 -0.0488815307617188 0.09375
0.12957763671875 -0.252716064453125 -0.114891052246094 0.0475616455078125
0.32122802734375 -0.05731201171875 -0.14691162109375 -0.0255126953125
0.3525390625 0.117767333984375 -0.0841522216796875 -0.103584289550781
0.26068115234375 0.30169677734375 -0.00481033325195311 -0.0108213424682617
0.12261962890625 0.3682861328125 0.24041748046875 0.038360595703125
0.210235595703125 0.29254150390625 0.220687866210938 0.157196044921875
0.34906005859375 0.16180419921875 0.23529052734375 0.123138427734375
0.310577392578125 -0.1036376953125 0.231002807617188 -0.0131378173828125
0.154556274414063 -0.227142333984375 0.137252807617188 -0.0764541625976563
-0.0582733154296875 -0.262466430664063 0.02984619140625 -0.0956192016601563
-0.168869018554687 -0.19647216796875 -0.0100555419921875 -0.0276947021484375
-0.162734985351563 -0.173919677734375 0.0143547058105469 0.0412864685058594
-0.211395263671875 -0.180007934570313 0.0490875244140625 0.06927490234375
-0.15618896484375 -0.218475341796875 0.0203475952148437 0.124832153320312
-0.019378662109375 -0.281646728515625 -0.00901031494140626 0.14007568359375
0.1376953125 -0.244522094726562 -0.0946044921875 0.087371826171875
0.315216064453125 -0.031097412109375 -0.132003784179687 0.000953674316406228
0.314239501953125 0.1483154296875 -0.0274581909179687 -0.0654830932617187
0.19451904296875 0.309295654296875 0.058441162109375 0.09259033203125
0.02520751953125 0.296539306640625 0.2669677734375 0.1700439453125
0.111099243164062 0.275421142578125 0.239791870117187 0.239044189453125
0.257843017578125 0.186874389648438 0.21392822265625 0.158279418945313
0.26715087890625 -0.047393798828125 0.20233154296875 0.051513671875
0.146942138671875 -0.1746826171875 0.132827758789062 -0.00205993652343751
-0.0364227294921875 -0.225448608398438 0.0704727172851563 -0.0209884643554688
-0.138076782226562 -0.172882080078125 0.0619773864746094 0.0257987976074219
-0.13836669921875 -0.154556274414062 0.084930419921875 0.0742263793945312
-0.183486938476562 -0.164352416992188 0.1177978515625 0.105850219726563
-0.136215209960938 -0.196853637695312 0.0746612548828125 0.16998291015625
-0.00842285156250003 -0.251449584960937 0.023834228515625 0.182662963867187
0.134323120117188 -0.2071533203125 -0.0813140869140625 0.124198913574219
0.278076171875 0.004180908203125 -0.121330261230469 0.02197265625
0.241043090820313 0.170989990234375 0.0187473297119141 -0.0245208740234375
0.10260009765625 0.28509521484375 0.100738525390625 0.193923950195313
-0.0718994140625 0.173477172851562 0.266448974609375 0.254074096679688
0.00273132324218748 0.196990966796875 0.24005126953125 0.28289794921875
0.126861572265625 0.159713745117188 0.1898193359375 0.167144775390625
0.170684814453125 0.0020294189453125 0.173126220703125 0.08868408203125
0.104530334472656 -0.100196838378906 0.122169494628906 0.0446243286132812
-0.016357421875 -0.150192260742188 0.0980682373046875 0.035400390625
-0.085968017578125 -0.120834350585938 0.117866516113281 0.0656585693359375
-0.0926132202148438 -0.110572814941406 0.140838623046875 0.0970458984375
-0.127532958984375 -0.122947692871094 0.172683715820313 0.137557983398438
-0.09490966796875 -0.14996337890625 0.116653442382812 0.209259033203125
0.00486755371093752 -0.190658569335938 0.040802001953125 0.220413208007812
0.116592407226562 -0.145721435546875 -0.0780487060546875 0.156021118164062
0.210464477539063 0.037078857421875 -0.119651794433594 0.039398193359375
0.139938354492188 0.169540405273438 0.0436553955078125 0.0187606811523438
-0.00241088867187498 0.222442626953125 0.11395263671875 0.280853271484375
0.0965652465820313 -0.0893707275390625 -0.1614990234375 -0.311065673828125
-0.0569076538085938 -0.122711181640625 -0.0614738464355469 -0.0546417236328125
-0.110420227050781 -0.0271759033203125 0.131683349609375 -0.044097900390625
-0.0690803527832031 0.0669593811035156 0.112808227539063 -0.204788208007813
-0.00237274169921874 0.0895004272460938 -0.0373687744140625 -0.261032104492188
0.0540313720703125 0.0750808715820313 -0.177688598632812 -0.221038818359375
0.0479927062988281 0.048370361328125 -0.242111206054687 -0.138885498046875
0.04254150390625 0.0537605285644531 -0.196792602539063 -0.0858154296875
0.0367584228515625 0.0657577514648438 -0.163681030273438 -0.062408447265625
-0.0138015747070313 0.0615348815917969 -0.134300231933594 -0.0586318969726562
-0.0579795837402344 0.0245895385742187 -0.141433715820313 -0.0477447509765625
-0.0595817565917969 -0.0518646240234375 -0.171615600585937 -0.0951995849609375
0.0145263671875 -0.112617492675781 -0.189697265625 -0.190048217773438
0.105690002441406 -0.105583190917969 -0.25933837890625 -0.269393920898437
0.16522216796875 -0.0482330322265625 -0.261749267578125 -0.292816162109375
0.194351196289063 0.037017822265625 -0.107391357421875 -0.341278076171875
0.0682144165039063 -0.071441650390625 -0.0309371948242188 -0.0760574340820313
0.0175094604492187 -0.0494766235351562 0.156295776367187 -0.0438385009765625
-0.00398445129394531 -0.0223770141601563 0.13922119140625 -0.216629028320313
0.00227737426757813 -0.00845766067504883 -0.01318359375 -0.27911376953125
-0.00792026519775391 -0.00950050354003906 -0.177734375 -0.242584228515625
-0.0374641418457031 -0.0130043029785156 -0.249847412109375 -0.144271850585938
-0.0317554473876953 -0.0101699829101563 -0.200210571289063 -0.0756683349609375
-0.0449142456054688 -0.00712203979492187 -0.166427612304688 -0.0543212890625
-0.05450439453125 -0.0312004089355469 -0.141403198242188 -0.0459442138671875
-0.032958984375 -0.0769424438476563 -0.137008666992188 -0.031097412109375
0.026519775390625 -0.115676879882813 -0.16607666015625 -0.076385498046875
0.14093017578125 -0.0791015625 -0.184555053710937 -0.153366088867188
0.219802856445313 -0.01861572265625 -0.239273071289062 -0.234710693359375
0.24591064453125 0.082122802734375 -0.2213134765625 -0.264694213867188
0.257415771484375 0.172683715820313 -0.02227783203125 -0.320770263671875
0.184890747070313 0.016021728515625 0.0282058715820313 -0.066864013671875
0.166046142578125 -0.0443115234375 0.193008422851563 -0.0277099609375
0.0873947143554688 -0.105941772460938 0.177444458007813 -0.207977294921875
0.0237960815429688 -0.112350463867188 0.02777099609375 -0.274978637695312
-0.0587005615234375 -0.102973937988281 -0.149185180664062 -0.2454833984375
-0.113868713378906 -0.0777053833007813 -0.224563598632813 -0.136856079101563
-0.100074768066406 -0.07232666015625 -0.174972534179688 -0.0539398193359375
-0.124191284179687 -0.0735549926757813 -0.140914916992188 -0.0313720703125
-0.101661682128906 -0.111518859863281 -0.126136779785156 -0.0108184814453125
-0.02935791015625 -0.169082641601563 -0.121330261230469 0.00694274902343749
0.079010009765625 -0.183700561523438 -0.159225463867188 -0.03692626953125
0.23828125 -0.07562255859375 -0.180953979492187 -0.104293823242187
0.30975341796875 0.03387451171875 -0.206253051757813 -0.18634033203125
0.299774169921875 0.183563232421875 -0.162704467773437 -0.197006225585938
0.271820068359375 0.2899169921875 0.077178955078125 -0.243927001953125
0.26617431640625 0.124359130859375 0.103851318359375 -0.0214157104492187
0.300994873046875 -0.00372314453125 0.228607177734375 0.008514404296875
0.191726684570313 -0.161605834960938 0.215866088867188 -0.170181274414063
0.06396484375 -0.200103759765625 0.0764617919921875 -0.23809814453125
-0.0888671875 -0.188369750976562 -0.0984039306640625 -0.223190307617187
-0.16845703125 -0.13519287109375 -0.169174194335937 -0.113372802734375
-0.151168823242188 -0.123748779296875 -0.123924255371094 -0.024017333984375
-0.187179565429688 -0.124221801757812 -0.090240478515625 -0.000228881835937509
-0.14508056640625 -0.168502807617187 -0.0882415771484375 0.0340499877929687
-0.037261962890625 -0.238784790039063 -0.0890579223632813 0.0533065795898438
0.10418701171875 -0.237838745117188 -0.140625 0.0103759765625
0.2998046875 -0.0816650390625 -0.16986083984375 -0.05718994140625
0.359649658203125 0.06866455078125 -0.154754638671875 -0.141830444335938
0.30999755859375 0.25537109375 -0.0859222412109375 -0.109443664550781
0.221832275390625 0.364471435546875 0.173141479492188 -0.115768432617187
0.275375366210937 0.232696533203125 0.174530029296875 0.05902099609375
0.373077392578125 0.0771484375 0.24627685546875 0.067626953125
0.27874755859375 -0.159713745117188 0.239303588867188 -0.096099853515625
0.116317749023437 -0.24224853515625 0.120162963867188 -0.165634155273438
-0.08697509765625 -0.246200561523438 -0.0310211181640625 -0.1707763671875
-0.187591552734375 -0.177505493164062 -0.0917510986328125 -0.0768661499023438
-0.173965454101563 -0.158950805664062 -0.0556793212890625 0.00852203369140624
-0.219833374023438 -0.159133911132813 -0.0225124359130859 0.0338459014892578
-0.167007446289063 -0.203643798828125 -0.034027099609375 0.0802001953125
-0.0395965576171875 -0.277252197265625 -0.0467453002929688 0.0983505249023437
0.118667602539063 -0.261077880859375 -0.117027282714844 0.053955078125
0.32354736328125 -0.071990966796875 -0.152496337890625 -0.0220794677734375
0.361175537109375 0.10333251953125 -0.0926895141601562 -0.103622436523438
0.2772216796875 0.29583740234375 -0.00727748870849608 -0.0114307403564453
0.139404296875 0.36651611328125 0.240249633789062 0.02972412109375
0.22216796875 0.287933349609375 0.225540161132812 0.152053833007813
0.361602783203125 0.147491455078125 0.241928100585938 0.119476318359375
0.307464599609375 -0.117706298828125 0.233184814453125 -0.0194244384765625
0.146133422851563 -0.234603881835937 0.138160705566406 -0.0818862915039063
-0.071380615234375 -0.25921630859375 0.026123046875 -0.0985031127929688
-0.180221557617187 -0.188217163085938 -0.0102596282958984 -0.0256786346435547
-0.172515869140625 -0.1673583984375 0.0183677673339844 0.0434303283691406
-0.2227783203125 -0.168533325195313 0.05169677734375 0.0698814392089844
-0.168701171875 -0.2099609375 0.0262298583984375 0.1263427734375
-0.03558349609375 -0.2816162109375 -0.00433349609375001 0.142745971679687
0.126510620117187 -0.25299072265625 -0.0938568115234375 0.093841552734375
0.3170166015625 -0.04620361328125 -0.135711669921875 0.00498199462890624
0.322845458984375 0.135345458984375 -0.0329666137695312 -0.0680770874023437
0.210479736328125 0.305816650390625 0.0616226196289063 0.0900726318359375
0.0386962890625 0.298187255859375 0.273910522460938 0.161392211914063
0.12261962890625 0.272537231445313 0.249252319335937 0.233978271484375
0.271041870117188 0.177337646484375 0.221221923828125 0.1549072265625
0.266281127929688 -0.0599212646484375 0.207473754882813 0.0472564697265625
0.140533447265625 -0.182098388671875 0.136741638183594 -0.00687408447265626
-0.0474700927734375 -0.223403930664063 0.071044921875 -0.0239486694335938
-0.148284912109375 -0.166213989257813 0.0648536682128906 0.0236892700195312
-0.146636962890625 -0.149398803710938 0.0902328491210937 0.0736541748046875
-0.193191528320313 -0.153106689453125 0.123291015625 0.102981567382812
-0.147293090820313 -0.189865112304688 0.083526611328125 0.169662475585937
-0.02325439453125 -0.251937866210938 0.030975341796875 0.183685302734375
0.12530517578125 -0.214828491210938 -0.0784225463867188 0.129898071289062
0.2816162109375 -0.008941650390625 -0.123809814453125 0.0271987915039063
0.249740600585938 0.160476684570313 0.015707015991211 -0.0283412933349609
0.1165771484375 0.284088134765625 0.108856201171875 0.189834594726563
-0.0648193359375 0.176910400390625 0.277740478515625 0.246185302734375
0.0113372802734375 0.19854736328125 0.2529296875 0.277542114257813
0.137054443359375 0.154769897460937 0.197494506835937 0.1649169921875
0.171279907226563 -0.00689697265625 0.180252075195312 0.0849456787109375
0.100288391113281 -0.104591369628906 0.127510070800781 0.0403976440429687
-0.0244140625 -0.149017333984375 0.101936340332031 0.0307083129882812
-0.0924530029296875 -0.116905212402344 0.123146057128906 0.0608367919921875
-0.0990447998046875 -0.106552124023438 0.147689819335938 0.0927886962890625
-0.134666442871094 -0.115119934082031 0.179153442382813 0.131744384765625
-0.103347778320313 -0.144775390625 0.127792358398438 0.206558227539063
-0.00588989257812499 -0.191314697265625 0.051361083984375 0.220306396484375
0.109649658203125 -0.152511596679688 -0.073699951171875 0.161163330078125
0.213699340820313 0.0275726318359375 -0.1207275390625 0.0453338623046875
0.14764404296875 0.1640625 0.0438232421875 0.0143470764160156
0.0080718994140625 0.224746704101563 0.125885009765625 0.275863647460938
0.0977325439453125 -0.0948410034179687 -0.17681884765625 -0.311767578125
-0.0620498657226563 -0.12152099609375 -0.0659027099609375 -0.049468994140625
-0.114936828613281 -0.02374267578125 0.137535095214844 -0.0488204956054688
-0.0677032470703125 0.0703277587890625 0.111007690429687 -0.215042114257812
0.000625610351562492 0.0908660888671875 -0.0465240478515625 -0.267318725585938
0.0582199096679688 0.074493408203125 -0.188720703125 -0.222061157226563
0.0505867004394531 0.0470733642578125 -0.254287719726563 -0.134292602539063
0.0458908081054688 0.05133056640625 -0.205429077148438 -0.0825042724609375
0.0413246154785156 0.0635757446289063 -0.170654296875 -0.0581512451171875
-0.0102882385253906 0.0631637573242188 -0.140480041503906 -0.0554351806640625
-0.0569381713867188 0.0265388488769531 -0.14788818359375 -0.0444793701171875
-0.0625419616699219 -0.0513343811035156 -0.18212890625 -0.09423828125
0.01116943359375 -0.115432739257813 -0.202850341796875 -0.194442749023438
0.103202819824219 -0.11077880859375 -0.2755126953125 -0.2728271484375
0.16778564453125 -0.05450439453125 -0.27874755859375 -0.2957763671875
0.202667236328125 0.0330657958984375 -0.123870849609375 -0.3448486328125
0.0670242309570313 -0.0722732543945313 -0.0362319946289062 -0.0733108520507813
0.0172843933105469 -0.051605224609375 0.162521362304688 -0.0491943359375
-0.00407791137695312 -0.0237159729003906 0.13812255859375 -0.227447509765625
0.00275707244873047 -0.00998783111572266 -0.02166748046875 -0.2869873046875
-0.00847530364990234 -0.00997066497802734 -0.1893310546875 -0.243560791015625
-0.0397720336914063 -0.0115852355957031 -0.261428833007813 -0.13861083984375
-0.0334033966064453 -0.011199951171875 -0.207138061523437 -0.0711669921875
-0.045928955078125 -0.00720596313476562 -0.172805786132813 -0.049468994140625
-0.0549468994140625 -0.0301856994628906 -0.147308349609375 -0.0410308837890625
-0.0354843139648437 -0.0782012939453125 -0.144073486328125 -0.0273590087890625
0.0237197875976563 -0.119735717773438 -0.17681884765625 -0.0748443603515625
0.143524169921875 -0.0843048095703125 -0.1971435546875 -0.158004760742188
0.224334716796875 -0.025177001953125 -0.255935668945313 -0.238784790039062
0.255584716796875 0.0784454345703125 -0.237380981445312 -0.26788330078125
0.272048950195313 0.170989990234375 -0.036102294921875 -0.326171875
0.189315795898438 0.014434814453125 0.0235710144042969 -0.0658531188964844
0.170150756835937 -0.0512847900390625 0.20037841796875 -0.032684326171875
0.08636474609375 -0.112449645996094 0.178421020507813 -0.219039916992188
0.0221786499023438 -0.117080688476563 0.02178955078125 -0.284576416015625
-0.0646743774414063 -0.103118896484375 -0.160797119140625 -0.247543334960937
-0.121536254882813 -0.0749435424804688 -0.235504150390625 -0.1314697265625
-0.10601806640625 -0.0726470947265625 -0.17919921875 -0.049041748046875
-0.130195617675781 -0.0708770751953125 -0.14599609375 -0.0260772705078125
-0.107475280761719 -0.109970092773438 -0.130340576171875 -0.00446319580078127
-0.0357513427734375 -0.172286987304688 -0.126327514648437 0.012725830078125
0.0756378173828125 -0.1912841796875 -0.168304443359375 -0.032958984375
0.245437622070313 -0.0849151611328125 -0.193252563476563 -0.10675048828125
0.320587158203125 0.025360107421875 -0.2210693359375 -0.190155029296875
0.313690185546875 0.181427001953125 -0.175216674804687 -0.20001220703125
0.29010009765625 0.291259765625 0.06805419921875 -0.250411987304688
0.275970458984375 0.123001098632812 0.102455139160156 -0.0215301513671875
0.31109619140625 -0.013916015625 0.238265991210938 0.0053863525390625
0.1915283203125 -0.172775268554688 0.21923828125 -0.180023193359375
0.06072998046875 -0.208786010742188 0.073944091796875 -0.247894287109375
-0.09814453125 -0.188934326171875 -0.107833862304687 -0.225494384765625
-0.180099487304688 -0.132110595703125 -0.1776123046875 -0.109481811523437
-0.160430908203125 -0.122665405273437 -0.125526428222656 -0.0190658569335937
-0.197525024414063 -0.119369506835938 -0.0927581787109375 0.00542449951171874
-0.154800415039063 -0.166641235351563 -0.0896835327148438 0.0404052734375
-0.0480194091796875 -0.243606567382812 -0.0911102294921875 0.05987548828125
0.0994720458984375 -0.24896240234375 -0.148422241210938 0.0154571533203125
0.308013916015625 -0.094146728515625 -0.180496215820312 -0.0574951171875
0.372406005859375 0.05853271484375 -0.167312622070313 -0.144119262695313
0.328033447265625 0.25543212890625 -0.0933685302734375 -0.111846923828125
0.2413330078125 0.369476318359375 0.17120361328125 -0.121871948242187
0.287994384765625 0.2327880859375 0.177017211914063 0.0585479736328125
0.3896484375 0.066741943359375 0.25714111328125 0.0654144287109375
0.28082275390625 -0.173736572265625 0.245452880859375 -0.104217529296875
0.113082885742187 -0.2530517578125 0.122299194335937 -0.174819946289063
-0.0985107421875 -0.248580932617188 -0.037017822265625 -0.174636840820313
-0.20111083984375 -0.174636840820312 -0.0961380004882813 -0.0742034912109375
-0.1851806640625 -0.158645629882812 -0.0538368225097656 0.0126495361328125
-0.232025146484375 -0.154098510742187 -0.0218849182128906 0.0378990173339844
-0.17877197265625 -0.201019287109375 -0.0322799682617188 0.0861434936523437
-0.052398681640625 -0.282745361328125 -0.046478271484375 0.10443115234375
0.112335205078125 -0.273239135742188 -0.121475219726563 0.059844970703125
0.332672119140625 -0.0858154296875 -0.160781860351562 -0.0199127197265625
0.374542236328125 0.0927734375 -0.101371765136719 -0.107444763183594
0.29669189453125 0.297698974609375 -0.00955009460449217 -0.0126228332519531
0.156097412109375 0.3740234375 0.2440185546875 0.0246124267578125
0.234771728515625 0.290679931640625 0.232879638671875 0.1514892578125
0.3797607421875 0.1392822265625 0.2532958984375 0.119964599609375
0.3115234375 -0.131683349609375 0.241958618164063 -0.0236358642578125
0.143966674804688 -0.245834350585938 0.143035888671875 -0.0886383056640625
-0.0823211669921875 -0.2626953125 0.0243148803710937 -0.102020263671875
-0.193313598632813 -0.186553955078125 -0.0106315612792969 -0.0252685546875
-0.183883666992188 -0.166915893554688 0.0235176086425781 0.0459671020507812
-0.235626220703125 -0.162429809570313 0.055938720703125 0.0721054077148437
-0.1817626953125 -0.207199096679687 0.0318756103515625 0.131668090820313
-0.048980712890625 -0.2869873046875 -0.000579833984374991 0.148330688476562
0.119796752929687 -0.265228271484375 -0.0957107543945312 0.100547790527344
0.326995849609375 -0.059295654296875 -0.141586303710937 0.00839233398437501
0.3375244140625 0.127655029296875 -0.0384750366210937 -0.0716629028320312
0.2274169921875 0.309112548828125 0.065155029296875 0.089996337890625
0.04962158203125 0.306243896484375 0.283782958984375 0.158843994140625
0.1341552734375 0.277389526367188 0.261642456054687 0.233810424804688
0.28680419921875 0.171844482421875 0.232147216796875 0.15753173828125
0.270416259765625 -0.071044921875 0.2171630859375 0.0456695556640625
0.139022827148438 -0.190963745117188 0.143829345703125 -0.0110626220703125
-0.0566253662109375 -0.226058959960937 0.0730743408203125 -0.0280990600585938
-0.159164428710937 -0.164443969726563 0.0688438415527344 0.0230903625488281
-0.156585693359375 -0.148452758789063 0.0980072021484375 0.0737838745117187
-0.204940795898438 -0.147872924804688 0.12994384765625 0.103652954101562
-0.159011840820313 -0.186981201171875 0.0920867919921875 0.173080444335938
-0.0348968505859375 -0.257171630859375 0.0370025634765625 0.1885986328125
0.119796752929688 -0.226028442382812 -0.0780258178710937 0.137283325195313
0.290008544921875 -0.019866943359375 -0.128501892089844 0.031280517578125
0.262344360351562 0.15594482421875 0.0138759613037109 -0.0324745178222656
0.131134033203125 0.28936767578125 0.117279052734375 0.190399169921875
-0.05975341796875 0.1834716796875 0.29248046875 0.2462158203125
0.018096923828125 0.204071044921875 0.26812744140625 0.278793334960938
0.14752197265625 0.153121948242188 0.207931518554688 0.167953491210938
0.175186157226562 -0.013519287109375 0.190673828125 0.0859222412109375
0.0993270874023438 -0.110214233398438 0.136299133300781 0.0381088256835937
-0.0308380126953125 -0.150543212890625 0.107078552246094 0.0277328491210937
-0.10028076171875 -0.116203308105469 0.129798889160156 0.0583953857421875
-0.104598999023437 -0.105743408203125 0.156356811523438 0.0917816162109375
-0.142623901367187 -0.110946655273438 0.189056396484375 0.130203247070313
-0.112274169921875 -0.143325805664063 0.137451171875 0.209609985351562
-0.0145416259765625 -0.195846557617188 0.058746337890625 0.224166870117188
0.1064453125 -0.160720825195312 -0.0715179443359375 0.168304443359375
0.2216796875 0.020751953125 -0.124832153320313 0.0495529174804687
0.157058715820313 0.163192749023438 0.0447883605957031 0.0106620788574219
0.0167694091796875 0.231399536132813 0.13787841796875 0.278244018554688
0.099945068359375 -0.104827880859375 -0.2000732421875 -0.317291259765625
-0.070648193359375 -0.1224365234375 -0.0719680786132813 -0.0447311401367188
-0.122138977050781 -0.018951416015625 0.145339965820313 -0.0581512451171875
-0.0677337646484375 0.0756683349609375 0.107696533203125 -0.23248291015625
0.00551605224609374 0.0940093994140625 -0.06121826171875 -0.278427124023438
0.0655593872070313 0.0749588012695313 -0.206985473632813 -0.2254638671875
0.0557403564453125 0.046478271484375 -0.273712158203125 -0.1295166015625
0.0504188537597656 0.0495262145996094 -0.219619750976563 -0.07757568359375
0.0471572875976563 0.0616836547851563 -0.182037353515625 -0.052764892578125
-0.00548171997070312 0.065338134765625 -0.151107788085937 -0.051544189453125
-0.0567169189453125 0.0300674438476562 -0.158859252929688 -0.04010009765625
-0.0678176879882813 -0.0506324768066406 -0.198516845703125 -0.0923614501953125
0.00690460205078124 -0.119888305664063 -0.223785400390625 -0.200164794921875
0.101921081542969 -0.119400024414063 -0.30255126953125 -0.27716064453125
0.173782348632813 -0.0642242431640625 -0.307586669921875 -0.302398681640625
0.216293334960938 0.025177001953125 -0.14666748046875 -0.35430908203125
0.0667877197265625 -0.0759124755859375 -0.0429229736328125 -0.0707244873046875
0.0159492492675781 -0.0545196533203125 0.172149658203125 -0.0589141845703125
-0.00493240356445313 -0.0252151489257813 0.136566162109375 -0.2452392578125
0.00285816192626953 -0.012451171875 -0.034820556640625 -0.30120849609375
-0.00931930541992188 -0.00953960418701172 -0.210067749023438 -0.247589111328125
-0.0428962707519531 -0.00999069213867188 -0.281463623046875 -0.1328125
-0.0359153747558594 -0.011932373046875 -0.22003173828125 -0.065155029296875
-0.0479049682617188 -0.00683975219726562 -0.183639526367187 -0.042572021484375
-0.057891845703125 -0.0294036865234375 -0.156982421875 -0.0350341796875
-0.0396499633789063 -0.0801315307617188 -0.154312133789063 -0.0210113525390625
0.0203933715820313 -0.126861572265625 -0.193161010742188 -0.0720672607421875
0.148086547851563 -0.0946502685546875 -0.217849731445313 -0.161697387695312
0.2333984375 -0.0361328125 -0.28277587890625 -0.242919921875
0.271881103515625 0.07220458984375 -0.26318359375 -0.274429321289063
0.295562744140625 0.16802978515625 -0.055023193359375 -0.3388671875
0.198684692382813 0.01007080078125 0.0191688537597656 -0.0660400390625
0.17779541015625 -0.0618896484375 0.212493896484375 -0.041473388671875
0.0858993530273438 -0.1229248046875 0.180526733398438 -0.236831665039063
0.0187301635742187 -0.125984191894531 0.01226806640625 -0.30084228515625
-0.0729598999023437 -0.1043701171875 -0.180694580078125 -0.252960205078125
-0.132301330566406 -0.0721664428710938 -0.252853393554687 -0.125869750976563
-0.115623474121094 -0.0729217529296875 -0.188507080078125 -0.0426483154296875
-0.140060424804688 -0.0685501098632813 -0.153945922851563 -0.018096923828125
-0.117523193359375 -0.109687805175781 -0.137771606445312 0.00361633300781246
-0.045745849609375 -0.179443359375 -0.134315490722656 0.0207672119140625
0.071533203125 -0.205368041992188 -0.182846069335937 -0.0277099609375
0.256317138671875 -0.101089477539063 -0.212020874023438 -0.108169555664062
0.33697509765625 0.01190185546875 -0.245147705078125 -0.19281005859375
0.339141845703125 0.1785888671875 -0.195083618164062 -0.204925537109375
0.320220947265625 0.295135498046875 0.0574493408203125 -0.264144897460938
0.29351806640625 0.1209716796875 0.103057861328125 -0.0237503051757812
0.328857421875 -0.0291748046875 0.2532958984375 -0.0018768310546875
0.193313598632813 -0.190444946289063 0.22509765625 -0.197036743164063
0.0558624267578125 -0.223785400390625 0.06890869140625 -0.265762329101563
-0.112411499023437 -0.192962646484375 -0.123733520507812 -0.233200073242188
-0.196395874023438 -0.128387451171875 -0.191299438476563 -0.104965209960938
-0.17572021484375 -0.123199462890625 -0.129814147949219 -0.0131301879882812
-0.213577270507812 -0.1151123046875 -0.0964584350585938 0.0119552612304688
-0.170562744140625 -0.166458129882812 -0.0921401977539063 0.0493621826171875
-0.0634918212890625 -0.252639770507813 -0.0949630737304688 0.0690231323242187
0.0923309326171875 -0.2667236328125 -0.159393310546875 0.0232086181640625
0.322357177734375 -0.11456298828125 -0.19598388671875 -0.0561981201171875
0.393524169921875 0.043731689453125 -0.186431884765625 -0.147781372070313
0.3583984375 0.25604248046875 -0.105072021484375 -0.115081787109375
0.2706298828125 0.380096435546875 0.170852661132813 -0.133377075195312
0.311553955078125 0.235595703125 0.184829711914063 0.0569610595703125
0.41546630859375 0.0526123046875 0.275070190429688 0.0614471435546875
0.28668212890625 -0.195465087890625 0.2564697265625 -0.116806030273438
0.108917236328125 -0.271957397460938 0.124404907226563 -0.190475463867188
-0.115371704101562 -0.255050659179688 -0.047149658203125 -0.182113647460938
-0.220901489257813 -0.172531127929687 -0.103858947753906 -0.0716400146484375
-0.202896118164063 -0.158721923828125 -0.0526504516601563 0.0173454284667969
-0.252059936523438 -0.147567749023437 -0.0203285217285156 0.0434494018554687
-0.198776245117188 -0.199691772460938 -0.029815673828125 0.0953750610351562
-0.070404052734375 -0.29364013671875 -0.0456771850585938 0.113792419433594
0.10498046875 -0.293487548828125 -0.128097534179688 0.0691680908203125
0.349090576171875 -0.107513427734375 -0.173660278320312 -0.016693115234375
0.399200439453125 0.079925537109375 -0.11553955078125 -0.111312866210938
0.32659912109375 0.301971435546875 -0.0115308761596679 -0.0144824981689453
0.18121337890625 0.38818359375 0.254241943359375 0.01776123046875
0.25946044921875 0.29730224609375 0.24749755859375 0.151336669921875
0.408477783203125 0.12908935546875 0.272857666015625 0.119735717773438
0.3214111328125 -0.15386962890625 0.255966186523438 -0.03192138671875
0.141159057617187 -0.26556396484375 0.150283813476563 -0.100677490234375
-0.0994873046875 -0.270339965820313 0.0208969116210937 -0.108436584472656
-0.212921142578125 -0.184707641601563 -0.0114688873291016 -0.0248336791992188
-0.20196533203125 -0.166915893554688 0.0295906066894531 0.0488967895507812
-0.25616455078125 -0.15582275390625 0.06256103515625 0.0755996704101562
-0.2022705078125 -0.206024169921875 0.0398635864257812 0.138877868652344
-0.06732177734375 -0.29766845703125 0.00399780273437499 0.156875610351562
0.11236572265625 -0.28466796875 -0.098388671875 0.110603332519531
0.342620849609375 -0.07952880859375 -0.1517333984375 0.0140533447265625
0.3609619140625 0.1171875 -0.0462493896484375 -0.0764312744140625
0.255523681640625 0.317230224609375 0.07098388671875 0.0904617309570313
0.066741943359375 0.32049560546875 0.301849365234375 0.1563720703125
0.152984619140625 0.28759765625 0.281646728515625 0.236358642578125
0.31256103515625 0.166351318359375 0.251068115234375 0.160568237304688
0.280548095703125 -0.08721923828125 0.233108520507813 0.0417938232421875
0.138412475585938 -0.20794677734375 0.154739379882813 -0.018402099609375
-0.0703582763671875 -0.233154296875 0.0754547119140625 -0.0336532592773438
-0.176498413085938 -0.163558959960938 0.0735549926757813 0.020965576171875
-0.172821044921875 -0.148025512695312 0.108291625976563 0.0748291015625
-0.222946166992187 -0.142196655273438 0.141616821289063 0.104324340820312
-0.177001953125 -0.186325073242188 0.104537963867188 0.179534912109375
-0.051025390625 -0.267135620117187 0.0465850830078125 0.197250366210937
0.113693237304688 -0.243057250976563 -0.0765228271484375 0.148361206054687
0.305084228515625 -0.03546142578125 -0.135894775390625 0.0381927490234375
0.283416748046875 0.150665283203125 0.01092529296875 -0.0377922058105469
0.152099609375 0.29925537109375 0.131576538085938 0.193450927734375
-0.054107666015625 0.19512939453125 0.3160400390625 0.248138427734375
0.0281829833984375 0.214004516601563 0.2935791015625 0.283172607421875
0.164749145507812 0.153396606445313 0.226852416992188 0.172195434570313
0.18292236328125 -0.023712158203125 0.207550048828125 0.084991455078125
0.0994873046875 -0.120109558105469 0.1485595703125 0.034088134765625
-0.039306640625 -0.154876708984375 0.114234924316406 0.0225906372070312
-0.111961364746094 -0.115547180175781 0.139907836914063 0.0546875
-0.11529541015625 -0.106071472167969 0.170379638671875 0.0904998779296875
-0.154922485351563 -0.107559204101562 0.204818725585937 0.129776000976562
-0.125656127929688 -0.142547607421875 0.154251098632812 0.214447021484375
-0.026458740234375 -0.203887939453125 0.07098388671875 0.233566284179688
0.103363037109375 -0.1744384765625 -0.069366455078125 0.181289672851563
0.233352661132813 0.0110931396484375 -0.130172729492187 0.0572662353515625
0.172271728515625 0.164093017578125 0.0467338562011719 0.00577926635742189
0.0294952392578125 0.2423095703125 0.156890869140625 0.2841796875
0.0986785888671875 -0.119842529296875 -0.234344482421875 -0.318634033203125
-0.0831680297851563 -0.122161865234375 -0.0783309936523438 -0.0370864868164063
-0.130569458007813 -0.00952911376953126 0.152069091796875 -0.0728759765625
-0.0656051635742188 0.0834503173828125 0.097991943359375 -0.254058837890625
0.0130615234375 0.0978851318359375 -0.08380126953125 -0.289459228515625
0.0760116577148438 0.0729904174804688 -0.234100341796875 -0.223983764648437
0.0624198913574219 0.0444755554199219 -0.298858642578125 -0.116241455078125
0.0572624206542969 0.0460472106933594 -0.238632202148438 -0.06597900390625
0.05487060546875 0.0581588745117187 -0.195968627929688 -0.0421600341796875
0.00136184692382812 0.0681419372558594 -0.16448974609375 -0.0433349609375
-0.0563316345214844 0.0356712341308594 -0.172119140625 -0.030975341796875
-0.0751419067382812 -0.0480575561523438 -0.220291137695313 -0.084564208984375
-0.00177764892578125 -0.126380920410156 -0.253997802734375 -0.199203491210937
0.0982513427734375 -0.131729125976563 -0.340972900390625 -0.272918701171875
0.179214477539062 -0.0805816650390625 -0.34832763671875 -0.300628662109375
0.232330322265625 0.010345458984375 -0.182098388671875 -0.3607177734375
0.06512451171875 -0.0818023681640625 -0.0516090393066406 -0.0664253234863281
0.0130386352539062 -0.0585517883300781 0.180038452148438 -0.07440185546875
-0.00763893127441407 -0.0278739929199219 0.127456665039063 -0.26910400390625
0.00203418731689453 -0.0146408081054688 -0.05731201171875 -0.315643310546875
-0.0100507736206055 -0.00951099395751953 -0.238540649414062 -0.246932983398438
-0.0467491149902344 -0.00686264038085937 -0.306396484375 -0.1177978515625
-0.0388717651367187 -0.0122871398925781 -0.236541748046875 -0.052581787109375
-0.0515022277832031 -0.00563430786132812 -0.196868896484375 -0.0310821533203125
-0.0619659423828125 -0.0276565551757812 -0.168792724609375 -0.0245513916015625
-0.0469512939453125 -0.0814743041992188 -0.165618896484375 -0.0101318359375
0.0130233764648438 -0.135932922363281 -0.213851928710938 -0.062896728515625
0.151107788085938 -0.11077880859375 -0.246368408203125 -0.159881591796875
0.243133544921875 -0.0541229248046875 -0.31884765625 -0.239105224609375
0.293792724609375 0.05731201171875 -0.299835205078125 -0.27435302734375
0.326080322265625 0.156951904296875 -0.084716796875 -0.3505859375
0.21044921875 0.0003814697265625 0.0129966735839844 -0.0658187866210938
0.184738159179688 -0.078643798828125 0.2242431640625 -0.057647705078125
0.0815582275390625 -0.136878967285156 0.175094604492188 -0.263442993164063
0.0107421875 -0.13616943359375 -0.007232666015625 -0.319671630859375
-0.084381103515625 -0.104415893554688 -0.208145141601563 -0.254867553710938
-0.145736694335937 -0.0646209716796875 -0.275894165039063 -0.112594604492187
-0.128654479980469 -0.0692901611328125 -0.200439453125 -0.03057861328125
-0.153366088867188 -0.061737060546875 -0.163528442382812 -0.00627136230468749
-0.130828857421875 -0.106285095214844 -0.1448974609375 0.0157928466796875
-0.061370849609375 -0.1851806640625 -0.14190673828125 0.0340423583984375
0.0608978271484375 -0.222625732421875 -0.199676513671875 -0.0163574218750001
0.265289306640625 -0.125656127929688 -0.236984252929688 -0.10333251953125
0.355316162109375 -0.012451171875 -0.277511596679688 -0.189422607421875
0.373138427734375 0.166046142578125 -0.22271728515625 -0.205657958984375
0.361480712890625 0.290313720703125 0.03912353515625 -0.280105590820313
0.318511962890625 0.110931396484375 0.103866577148438 -0.028045654296875
0.347625732421875 -0.055908203125 0.271087646484375 -0.0166168212890625
0.190521240234375 -0.21600341796875 0.226394653320313 -0.2235107421875
0.0437469482421875 -0.242111206054687 0.055816650390625 -0.287139892578125
-0.133056640625 -0.194366455078125 -0.1474609375 -0.237213134765625
-0.218399047851563 -0.119552612304688 -0.208999633789063 -0.0948638916015625
-0.196151733398438 -0.117416381835938 -0.135032653808594 -0.00383758544921878
-0.235305786132812 -0.103790283203125 -0.100494384765625 0.0218505859375
-0.1920166015625 -0.1611328125 -0.0935897827148437 0.0616531372070313
-0.086700439453125 -0.261184692382813 -0.0968856811523438 0.081787109375
0.077728271484375 -0.289337158203125 -0.170852661132813 0.0359649658203124
0.3349609375 -0.147003173828125 -0.216842651367187 -0.0482330322265625
0.41949462890625 0.016265869140625 -0.212295532226562 -0.14520263671875
0.40008544921875 0.24700927734375 -0.120918273925781 -0.116340637207031
0.31524658203125 0.384246826171875 0.16815185546875 -0.151229858398438
0.345794677734375 0.2301025390625 0.19610595703125 0.0506591796875
0.445709228515625 0.02435302734375 0.2984619140625 0.05023193359375
0.28948974609375 -0.2274169921875 0.266021728515625 -0.14007568359375
0.097076416015625 -0.297607421875 0.120361328125 -0.212234497070313
-0.140823364257812 -0.259597778320313 -0.06341552734375 -0.189071655273438
-0.247528076171875 -0.163681030273438 -0.113960266113281 -0.0664138793945313
-0.228042602539063 -0.152420043945312 -0.0511322021484375 0.02337646484375
-0.278121948242187 -0.134857177734375 -0.0181465148925781 0.0495185852050781
-0.225296020507813 -0.19390869140625 -0.0237655639648438 0.105552673339844
-0.09814453125 -0.30267333984375 -0.0413360595703125 0.12603759765625
0.08856201171875 -0.317779541015625 -0.133674621582031 0.0832901000976563
0.36309814453125 -0.141998291015625 -0.188980102539062 -0.00724792480468752
0.427398681640625 0.05316162109375 -0.134574890136719 -0.112098693847656
0.370849609375 0.2978515625 -0.0150938034057617 -0.0164527893066406
0.221405029296875 0.39892578125 0.2672119140625 0.00352478027343752
0.294952392578125 0.297882080078125 0.268630981445312 0.145095825195313
0.444000244140625 0.10528564453125 0.29888916015625 0.112152099609375
0.32830810546875 -0.185699462890625 0.272003173828125 -0.050079345703125
0.13153076171875 -0.292510986328125 0.15484619140625 -0.1187744140625
-0.125259399414063 -0.27569580078125 0.0133743286132812 -0.115852355957031
-0.24078369140625 -0.177154541015625 -0.0129890441894531 -0.0236625671386719
-0.227508544921875 -0.160720825195312 0.0390625 0.0504570007324219
-0.282928466796875 -0.142547607421875 0.0721054077148437 0.0773696899414062
-0.229446411132812 -0.198440551757813 0.051727294921875 0.14715576171875
-0.095947265625 -0.307830810546875 0.015899658203125 0.167266845703125
0.0963134765625 -0.309356689453125 -0.0981063842773438 0.125144958496094
0.3580322265625 -0.11114501953125 -0.162322998046875 0.023712158203125
0.38995361328125 0.094970703125 -0.0578765869140625 -0.08026123046875
0.29583740234375 0.318572998046875 0.0808639526367188 0.0887680053710938
0.095245361328125 0.33477783203125 0.327850341796875 0.14678955078125
0.1824951171875 0.294586181640625 0.312164306640625 0.232086181640625
0.345123291015625 0.15216064453125 0.279251098632813 0.156448364257813
0.289459228515625 -0.113555908203125 0.25347900390625 0.030120849609375
0.1314697265625 -0.230514526367187 0.16510009765625 -0.0312347412109375
-0.0928802490234375 -0.239593505859375 0.0769424438476563 -0.0411758422851563
-0.200164794921875 -0.157455444335938 0.0806045532226562 0.0176544189453125
-0.1944580078125 -0.142654418945313 0.12322998046875 0.0717926025390625
-0.2462158203125 -0.130111694335937 0.157623291015625 0.101806640625
-0.201797485351563 -0.179519653320312 0.124267578125 0.184494018554688
-0.076416015625 -0.276092529296875 0.0626983642578125 0.206100463867187
0.100692749023438 -0.265869140625 -0.0725250244140625 0.163116455078125
0.32135009765625 -0.06182861328125 -0.142807006835937 0.04913330078125
0.310546875 0.136627197265625 0.00696563720703127 -0.0438575744628906
0.185791015625 0.30596923828125 0.152389526367188 0.192703247070313
-0.0418701171875 0.210540771484375 0.350189208984375 0.242645263671875
0.046783447265625 0.224319458007813 0.32904052734375 0.28009033203125
0.187591552734375 0.148468017578125 0.253341674804688 0.169387817382812
0.1907958984375 -0.0392913818359375 0.229522705078125 0.077423095703125
0.0973968505859375 -0.134910583496094 0.162063598632813 0.0252227783203125
-0.0538177490234375 -0.159469604492188 0.122611999511719 0.0147705078125
-0.128273010253906 -0.111991882324219 0.152801513671875 0.047271728515625
-0.131660461425781 -0.102935791015625 0.189300537109375 0.0831451416015625
-0.171432495117188 -0.100433349609375 0.2255859375 0.123275756835937
-0.143890380859375 -0.137939453125 0.17926025390625 0.217300415039063
-0.044830322265625 -0.211380004882813 0.091400146484375 0.241058349609375
0.0948333740234375 -0.191818237304687 -0.061187744140625 0.19732666015625
0.249099731445313 -0.0062713623046875 -0.135177612304687 0.0693130493164063
0.194015502929688 0.160171508789063 0.048248291015625 -0.00184631347656249
0.0502166748046875 0.253509521484375 0.186309814453125 0.287261962890625
0.0901718139648438 -0.136627197265625 -0.27557373046875 -0.3056640625
-0.09808349609375 -0.1160888671875 -0.0841751098632813 -0.0258407592773438
-0.136749267578125 0.00482177734375002 0.152984619140625 -0.0912017822265625
-0.0597381591796875 0.0925445556640625 0.0774383544921875 -0.272903442382812
0.0229415893554688 0.0997238159179688 -0.114532470703125 -0.29071044921875
0.0867691040039063 0.06561279296875 -0.264801025390625 -0.210983276367188
0.0703277587890625 0.03814697265625 -0.321868896484375 -0.0901184082031251
0.0634307861328125 0.0392837524414063 -0.254302978515625 -0.0457763671875
0.0624008178710938 0.0515174865722656 -0.208953857421875 -0.024078369140625
0.01043701171875 0.0686607360839844 -0.176071166992187 -0.0292816162109375
-0.0530319213867188 0.0426750183105469 -0.182785034179688 -0.0160369873046875
-0.082061767578125 -0.0418167114257813 -0.240203857421875 -0.067474365234375
-0.0148696899414063 -0.129806518554688 -0.28704833984375 -0.18292236328125
0.0878448486328125 -0.144210815429688 -0.382293701171875 -0.252166748046875
0.178207397460938 -0.103286743164063 -0.393646240234375 -0.280548095703125
0.242691040039062 -0.0140838623046875 -0.225372314453125 -0.354248046875
0.05987548828125 -0.0884933471679688 -0.0611763000488281 -0.0585823059082031
0.00838851928710938 -0.0619087219238281 0.18231201171875 -0.0951690673828125
-0.0108909606933594 -0.0287723541259766 0.107025146484375 -0.291656494140625
-0.000110626220703127 -0.0171146392822266 -0.0906982421875 -0.321746826171875
-0.0111627578735352 -0.00997638702392578 -0.271652221679688 -0.232803344726563
-0.0489234924316406 -0.00159072875976562 -0.330322265625 -0.0915222167968751
-0.0429191589355469 -0.0108833312988281 -0.250640869140625 -0.0319061279296875
-0.0542564392089844 -0.00249481201171876 -0.20770263671875 -0.0120391845703125
-0.0650672912597656 -0.0233268737792969 -0.17791748046875 -0.00775146484375003
-0.05615234375 -0.0793228149414063 -0.174545288085938 0.00672912597656251
0.00032043457031249 -0.142242431640625 -0.232681274414063 -0.045318603515625
0.145782470703125 -0.1300048828125 -0.276336669921875 -0.144485473632812
0.245040893554688 -0.0789947509765625 -0.35748291015625 -0.218048095703125
0.3116455078125 0.030609130859375 -0.34149169921875 -0.258209228515625
0.355743408203125 0.129791259765625 -0.123992919921875 -0.353118896484375
0.2191162109375 -0.0167999267578125 0.00523757934570313 -0.0647773742675781
0.18475341796875 -0.100387573242188 0.230560302734375 -0.0802459716796875
0.0707855224609375 -0.150360107421875 0.158172607421875 -0.290283203125
-0.00186157226562501 -0.145355224609375 -0.03851318359375 -0.33221435546875
-0.0979766845703125 -0.0997543334960938 -0.240997314453125 -0.243331909179687
-0.15850830078125 -0.0509796142578125 -0.297210693359375 -0.087799072265625
-0.141754150390625 -0.060150146484375 -0.209075927734375 -0.0121002197265625
-0.166030883789063 -0.048797607421875 -0.16961669921875 0.010894775390625
-0.145645141601563 -0.097137451171875 -0.14892578125 0.0328216552734375
-0.0820465087890625 -0.185317993164063 -0.144943237304688 0.0508880615234375
0.041473388671875 -0.237152099609375 -0.213958740234375 0.00241088867187499
0.264053344726563 -0.15887451171875 -0.262130737304687 -0.086639404296875
0.3671875 -0.047760009765625 -0.31085205078125 -0.170928955078125
0.406890869140625 0.13714599609375 -0.254638671875 -0.193984985351563
0.40618896484375 0.266265869140625 0.0106201171875 -0.2923583984375
0.34246826171875 0.087493896484375 0.101448059082031 -0.0345535278320312
0.35723876953125 -0.093109130859375 0.283233642578125 -0.04180908203125
0.17633056640625 -0.243560791015625 0.217071533203125 -0.253570556640625
0.021575927734375 -0.258987426757813 0.031707763671875 -0.305572509765625
-0.157867431640625 -0.187484741210938 -0.177108764648438 -0.231430053710937
-0.23895263671875 -0.0992431640625 -0.224639892578125 -0.076019287109375
-0.217269897460938 -0.102615356445313 -0.13616943359375 0.00921630859375002
-0.2545166015625 -0.0827178955078125 -0.100494384765625 0.0346527099609375
-0.215499877929688 -0.146072387695313 -0.0898590087890625 0.0764389038085938
-0.116897583007813 -0.261474609375 -0.0928802490234375 0.0970611572265625
0.052032470703125 -0.308990478515625 -0.178054809570313 0.0558013916015625
0.33441162109375 -0.188507080078125 -0.235809326171875 -0.03082275390625
0.43560791015625 -0.025848388671875 -0.239364624023437 -0.132278442382812
0.442657470703125 0.219329833984375 -0.139595031738281 -0.111595153808594
0.368621826171875 0.369598388671875 0.156661987304688 -0.171127319335937
0.381988525390625 0.208404541015625 0.204376220703125 0.0373992919921875
0.467803955078125 -0.0203857421875 0.318572998046875 0.02618408203125
0.278060913085938 -0.265213012695313 0.26666259765625 -0.1705322265625
0.07177734375 -0.32183837890625 0.105865478515625 -0.234481811523438
-0.172561645507813 -0.25372314453125 -0.085601806640625 -0.188919067382813
-0.27532958984375 -0.141220092773438 -0.123191833496094 -0.0554351806640625
-0.253692626953125 -0.135238647460937 -0.0461692810058594 0.029541015625
-0.302032470703125 -0.1087646484375 -0.0119514465332031 0.0558090209960937
-0.253387451171875 -0.17529296875 -0.0128631591796875 0.115203857421875
-0.1348876953125 -0.30267333984375 -0.0306243896484375 0.137435913085937
0.059173583984375 -0.340118408203125 -0.134254455566406 0.100372314453125
0.363555908203125 -0.187103271484375 -0.201568603515625 0.0100860595703125
0.448272705078125 0.01025390625 -0.154525756835938 -0.10528564453125
0.417694091796875 0.274627685546875 -0.0184364318847656 -0.0175647735595703
0.27252197265625 0.393310546875 0.275100708007813 -0.0205230712890625
0.3360595703125 0.28387451171875 0.289764404296875 0.127777099609375
0.47442626953125 0.06427001953125 0.325103759765625 0.0919189453125
0.32208251953125 -0.22607421875 0.282135009765625 -0.076812744140625
0.108184814453125 -0.319915771484375 0.150909423828125 -0.140548706054688
-0.158370971679687 -0.27197265625 0.001190185546875 -0.121185302734375
-0.269500732421875 -0.155929565429688 -0.0143928527832031 -0.0222110748291016
-0.25408935546875 -0.1431884765625 0.0492668151855469 0.0494728088378906
-0.308135986328125 -0.116241455078125 0.0837020874023437 0.0756454467773437
-0.258636474609375 -0.179412841796875 0.0710601806640625 0.15032958984375
-0.13360595703125 -0.30743408203125 0.0323028564453125 0.174301147460937
0.067626953125 -0.331634521484375 -0.092498779296875 0.140884399414062
0.361541748046875 -0.1549072265625 -0.169403076171875 0.040557861328125
0.413665771484375 0.057464599609375 -0.0720901489257812 -0.0807113647460938
0.342498779296875 0.3031005859375 0.0918655395507813 0.0827178955078125
0.134063720703125 0.338897705078125 0.353179931640625 0.12359619140625
0.219573974609375 0.28863525390625 0.3438720703125 0.21282958984375
0.3759765625 0.122222900390625 0.307708740234375 0.1392822265625
0.28863525390625 -0.147552490234375 0.270538330078125 0.00759887695312499
0.114669799804688 -0.25506591796875 0.170852661132813 -0.050262451171875
-0.120635986328125 -0.237319946289063 0.0747222900390625 -0.0499954223632813
-0.224807739257813 -0.140228271484375 0.0866012573242187 0.0114364624023437
-0.217453002929688 -0.126998901367188 0.13934326171875 0.06317138671875
-0.268875122070313 -0.107177734375 0.17572021484375 0.0920257568359375
-0.227828979492188 -0.161758422851563 0.149490356445312 0.181304931640625
-0.109832763671875 -0.27679443359375 0.0850830078125 0.208328247070312
0.076416015625 -0.286102294921875 -0.0611572265625 0.177352905273437
0.3284912109375 -0.09912109375 -0.145828247070312 0.0640869140625
0.3350830078125 0.109405517578125 -0.000522613525390604 -0.0501823425292969
0.2255859375 0.300537109375 0.176681518554688 0.18353271484375
-0.02093505859375 0.22332763671875 0.38555908203125 0.220489501953125
0.071563720703125 0.228958129882813 0.3685302734375 0.260406494140625
0.211044311523438 0.13360595703125 0.28271484375 0.154571533203125
0.19354248046875 -0.0615081787109375 0.24993896484375 0.05841064453125
0.086883544921875 -0.1507568359375 0.17303466796875 0.00895690917968749
-0.0723724365234375 -0.158477783203125 0.128158569335938 0.00325775146484374
-0.146072387695312 -0.1005859375 0.164413452148438 0.034149169921875
-0.147994995117187 -0.09259033203125 0.207962036132813 0.0678863525390625
-0.187942504882813 -0.0841522216796875 0.2489013671875 0.10693359375
-0.163650512695313 -0.125 0.208816528320313 0.209182739257813
-0.069000244140625 -0.2135009765625 0.117462158203125 0.242446899414062
0.07757568359375 -0.2088623046875 -0.0457763671875 0.211441040039063
0.258499145507813 -0.03302001953125 -0.135551452636719 0.0836257934570313
0.217071533203125 0.146392822265625 0.04736328125 -0.0109825134277344
0.078826904296875 0.259002685546875 0.2213134765625 0.27764892578125
0.0752716064453125 -0.148284912109375 -0.308258056640625 -0.277252197265625
-0.109199523925781 -0.104499816894531 -0.0854644775390625 -0.0118026733398438
-0.136314392089844 0.0210037231445312 0.146102905273438 -0.108139038085938
-0.051788330078125 0.0987319946289062 0.051666259765625 -0.28179931640625
0.032989501953125 0.0966567993164063 -0.142730712890625 -0.279891967773438
0.0947494506835938 0.0549392700195313 -0.2867431640625 -0.187042236328125
0.0751113891601563 0.0298843383789063 -0.333038330078125 -0.0572509765624999
0.066375732421875 0.0302085876464844 -0.262222290039062 -0.0203704833984375
0.0674896240234375 0.0417060852050781 -0.213180541992188 -0.00265502929687497
0.0190391540527344 0.0649986267089844 -0.1805419921875 -0.011871337890625
-0.0468597412109375 0.0474510192871094 -0.186859130859375 0.00144958496093748
-0.0863418579101562 -0.03289794921875 -0.252410888671875 -0.042816162109375
-0.0282669067382813 -0.126808166503906 -0.31024169921875 -0.15582275390625
0.0731353759765625 -0.151657104492188 -0.409515380859375 -0.216094970703125
0.167800903320313 -0.123977661132812 -0.425811767578125 -0.244842529296875
0.242019653320313 -0.0402984619140625 -0.264739990234375 -0.331298828125
0.0522842407226563 -0.0924606323242188 -0.067047119140625 -0.0469131469726563
0.00244522094726563 -0.0621833801269531 0.176605224609375 -0.11285400390625
-0.0145950317382813 -0.0273284912109375 0.080230712890625 -0.303253173828125
-0.00244331359863281 -0.0184593200683594 -0.12200927734375 -0.3134765625
-0.0114984512329102 -0.00911140441894531 -0.295654296875 -0.207794189453125
-0.0490951538085937 0.00293350219726562 -0.34063720703125 -0.05731201171875
-0.0455703735351563 -0.00808334350585938 -0.254257202148438 -0.00692749023437496
-0.0553474426269531 0.00117874145507813 -0.209518432617188 0.00996398925781249
-0.0658607482910156 -0.017913818359375 -0.179718017578125 0.0111083984375
-0.0625991821289062 -0.0740737915039063 -0.175735473632813 0.0244598388671875
-0.0134735107421875 -0.142807006835938 -0.24224853515625 -0.0215911865234375
0.1334228515625 -0.144744873046875 -0.297515869140625 -0.11810302734375
0.2369384765625 -0.102615356445313 -0.383148193359375 -0.183929443359375
0.31646728515625 -0.00128173828125 -0.371978759765625 -0.22723388671875
0.37237548828125 0.093109130859375 -0.163543701171875 -0.34014892578125
0.219696044921875 -0.0360565185546875 -0.00327682495117187 -0.0596504211425781
0.176483154296875 -0.120025634765625 0.227066040039063 -0.102951049804688
0.0554351806640625 -0.159072875976562 0.1322021484375 -0.307220458984375
-0.017852783203125 -0.147415161132813 -0.0714111328125 -0.33038330078125
-0.10858154296875 -0.0898284912109375 -0.267044067382813 -0.219879150390625
-0.164230346679688 -0.032806396484375 -0.30560302734375 -0.056671142578125
-0.150283813476563 -0.047119140625 -0.209060668945313 0.00833129882812497
-0.172271728515625 -0.032135009765625 -0.168319702148438 0.029541015625
-0.154754638671875 -0.0823211669921875 -0.1451416015625 0.0492706298828125
-0.101104736328125 -0.177047729492188 -0.1414794921875 0.067138671875
0.017181396484375 -0.24359130859375 -0.2198486328125 0.0252685546875
0.24957275390625 -0.188125610351563 -0.278045654296875 -0.061370849609375
0.361907958984375 -0.084503173828125 -0.334136962890625 -0.141387939453125
0.42437744140625 0.096282958984375 -0.277969360351563 -0.1719970703125
0.437164306640625 0.22564697265625 -0.0222778320312499 -0.29241943359375
0.3533935546875 0.056396484375 0.0955810546875 -0.0396804809570313
0.3514404296875 -0.131256103515625 0.28436279296875 -0.06915283203125
0.15203857421875 -0.262786865234375 0.195892333984375 -0.27655029296875
-0.00498962402343751 -0.265274047851563 0.00122070312500001 -0.3111572265625
-0.17779541015625 -0.171218872070313 -0.201324462890625 -0.213180541992187
-0.250900268554688 -0.0720672607421875 -0.231613159179688 -0.05145263671875
-0.229827880859375 -0.0804443359375 -0.133613586425781 0.0226974487304687
-0.264083862304687 -0.0547332763671875 -0.0960235595703125 0.0467529296875
-0.230239868164063 -0.122756958007812 -0.0807113647460938 0.0880966186523437
-0.144821166992188 -0.248428344726563 -0.084197998046875 0.109504699707031
0.02032470703125 -0.31658935546875 -0.178314208984375 0.07574462890625
0.316741943359375 -0.2266845703125 -0.245880126953125 -0.00749206542968748
0.433685302734375 -0.070465087890625 -0.259246826171875 -0.109375
0.471405029296875 0.174530029296875 -0.153900146484375 -0.100128173828125
0.410430908203125 0.33428955078125 0.137420654296875 -0.185455322265625
0.405548095703125 0.173248291015625 0.205276489257813 0.0208892822265625
0.4710693359375 -0.070037841796875 0.3267822265625 -0.002960205078125
0.252044677734375 -0.295623779296875 0.25469970703125 -0.198394775390625
0.040252685546875 -0.3338623046875 0.083465576171875 -0.247634887695312
-0.199676513671875 -0.235305786132813 -0.105072021484375 -0.179840087890625
-0.29168701171875 -0.110107421875 -0.127593994140625 -0.041839599609375
-0.270553588867188 -0.108749389648437 -0.0397911071777344 0.0335731506347656
-0.314300537109375 -0.074951171875 -0.00453567504882815 0.0597953796386719
-0.272293090820313 -0.146484375 0.00125885009765624 0.119766235351562
-0.1683349609375 -0.287445068359375 -0.016876220703125 0.14312744140625
0.02276611328125 -0.347869873046875 -0.128372192382813 0.115798950195312
0.346832275390625 -0.22772216796875 -0.20709228515625 0.0299072265625
0.45013427734375 -0.036651611328125 -0.170822143554687 -0.0911407470703125
0.4521484375 0.233489990234375 -0.0224514007568359 -0.0175724029541015
0.31500244140625 0.368927001953125 0.272186279296875 -0.0453338623046875
0.367462158203125 0.252685546875 0.30126953125 0.102264404296875
0.4866943359375 0.013671875 0.33966064453125 0.061859130859375
0.30023193359375 -0.260345458984375 0.278762817382813 -0.10546875
0.074859619140625 -0.335479736328125 0.13983154296875 -0.158248901367188
-0.187545776367187 -0.254608154296875 -0.0116119384765625 -0.11981201171875
-0.287445068359375 -0.124847412109375 -0.0152835845947266 -0.0191326141357422
-0.272308349609375 -0.115982055664063 0.0596275329589844 0.0440330505371094
-0.32073974609375 -0.08099365234375 0.0941696166992188 0.069671630859375
-0.278121948242188 -0.149063110351562 0.0893402099609375 0.14599609375
-0.166839599609375 -0.291961669921875 0.0500640869140625 0.173187255859375
0.031768798828125 -0.339996337890625 -0.0814971923828125 0.152923583984375
0.347808837890625 -0.196258544921875 -0.171051025390625 0.057708740234375
0.4205322265625 0.013275146484375 -0.0851669311523437 -0.0754165649414063
0.379150390625 0.27044677734375 0.0990829467773438 0.0712661743164063
0.171600341796875 0.32684326171875 0.365386962890625 0.091766357421875
0.250900268554688 0.269668579101563 0.36444091796875 0.181243896484375
0.394439697265625 0.081817626953125 0.32666015625 0.111572265625
0.273574829101563 -0.178680419921875 0.27569580078125 -0.019195556640625
0.0882110595703125 -0.270309448242187 0.168426513671875 -0.06976318359375
-0.145919799804687 -0.223556518554688 0.0696640014648437 -0.0561599731445313
-0.241439819335938 -0.113296508789062 0.089508056640625 0.00340270996093749
-0.233489990234375 -0.103729248046875 0.149856567382812 0.048492431640625
-0.280426025390625 -0.0760498046875 0.187850952148437 0.07647705078125
-0.24517822265625 -0.13482666015625 0.171249389648437 0.168701171875
-0.140151977539062 -0.264358520507812 0.106369018554687 0.202301025390625
0.044708251953125 -0.29595947265625 -0.044525146484375 0.1856689453125
0.320220947265625 -0.135986328125 -0.143417358398437 0.0786285400390625
0.3472900390625 0.074981689453125 -0.00939559936523435 -0.0526809692382813
0.259994506835938 0.27886962890625 0.194931030273438 0.164077758789063
0.00300598144531248 0.225204467773437 0.40948486328125 0.18597412109375
0.096435546875 0.222061157226562 0.39495849609375 0.2264404296875
0.228744506835938 0.110824584960938 0.302276611328125 0.12957763671875
0.18670654296875 -0.082550048828125 0.260894775390625 0.033172607421875
0.0717315673828125 -0.1619873046875 0.176834106445313 -0.00920104980468751
-0.0894622802734375 -0.149246215820312 0.129249572753906 -0.00907135009765626
-0.157623291015625 -0.082733154296875 0.170303344726563 0.0175628662109375
-0.15966796875 -0.0758819580078125 0.21826171875 0.0464324951171875
-0.198013305664063 -0.06207275390625 0.2625732421875 0.0828704833984375
-0.176788330078125 -0.105010986328125 0.2325439453125 0.190399169921875
-0.0929412841796875 -0.205886840820313 0.142257690429688 0.231643676757813
0.0551605224609375 -0.217498779296875 -0.02532958984375 0.2181396484375
0.25689697265625 -0.0616607666015625 -0.130378723144531 0.096435546875
0.233078002929688 0.12335205078125 0.0429611206054688 -0.0194778442382812
0.107742309570313 0.251312255859375 0.249908447265625 0.253326416015625
0.059783935546875 -0.15325927734375 -0.326263427734375 -0.245819091796875
-0.114273071289063 -0.09320068359375 -0.0819778442382813 -0.000442504882812521
-0.131782531738281 0.0337295532226562 0.1375732421875 -0.11846923828125
-0.0432205200195313 0.101898193359375 0.03143310546875 -0.282928466796875
0.0400466918945313 0.0920791625976563 -0.160629272460938 -0.264678955078125
0.097625732421875 0.0435791015625 -0.296875 -0.163787841796875
0.0768585205078125 0.021240234375 -0.333221435546875 -0.02972412109375
0.0663681030273438 0.0227546691894531 -0.261062622070313 0.000183105468749953
0.0675315856933594 0.0320968627929688 -0.210800170898438 0.0139617919921875
0.02593994140625 0.0587654113769531 -0.180984497070312 0.00256347656250002
-0.0399398803710938 0.0502815246582031 -0.186553955078125 0.015411376953125
-0.0873947143554688 -0.0250167846679687 -0.254745483398438 -0.0222930908203126
-0.037200927734375 -0.121185302734375 -0.3192138671875 -0.129150390625
0.06060791015625 -0.153518676757813 -0.4200439453125 -0.181884765625
0.153549194335938 -0.136474609375 -0.440673828125 -0.21044921875
0.234649658203125 -0.0602874755859375 -0.28839111328125 -0.302398681640625
0.045623779296875 -0.093109130859375 -0.0685043334960938 -0.0351028442382813
-0.00151443481445313 -0.0598678588867188 0.16717529296875 -0.124862670898438
-0.0167446136474609 -0.0250797271728516 0.05755615234375 -0.30548095703125
-0.00454330444335938 -0.0190773010253906 -0.143035888671875 -0.299957275390625
-0.0120029449462891 -0.0093832015991211 -0.307342529296875 -0.1815185546875
-0.0473403930664063 0.00655746459960937 -0.3394775390625 -0.02886962890625
-0.0471687316894531 -0.00591278076171875 -0.2508544921875 0.0121307373046875
-0.0558128356933594 0.00338363647460938 -0.205322265625 0.026458740234375
-0.0643081665039063 -0.0143165588378906 -0.176910400390625 0.0254058837890625
-0.0660209655761719 -0.06842041015625 -0.173263549804688 0.038177490234375
-0.0240859985351563 -0.13995361328125 -0.24395751953125 -0.001007080078125
0.120025634765625 -0.1531982421875 -0.305694580078125 -0.093048095703125
0.224334716796875 -0.11810302734375 -0.394439697265625 -0.152252197265625
0.311798095703125 -0.026763916015625 -0.38690185546875 -0.19708251953125
0.374725341796875 0.061981201171875 -0.190643310546875 -0.319549560546875
0.214874267578125 -0.050506591796875 -0.00878906249999998 -0.0526008605957031
0.16552734375 -0.132888793945313 0.219573974609375 -0.118392944335938
0.0416107177734375 -0.160507202148438 0.108612060546875 -0.3135986328125
-0.029937744140625 -0.146377563476563 -0.0950927734375 -0.32049560546875
-0.114021301269531 -0.079132080078125 -0.27947998046875 -0.194961547851562
-0.1639404296875 -0.01800537109375 -0.30377197265625 -0.031219482421875
-0.153518676757813 -0.034881591796875 -0.2039794921875 0.0233154296875
-0.172622680664063 -0.01837158203125 -0.161911010742188 0.043212890625
-0.157638549804688 -0.0685577392578125 -0.138542175292969 0.0615692138671875
-0.112167358398438 -0.1661376953125 -0.134971618652344 0.0782623291015625
-0.00122070312499999 -0.242034912109375 -0.21832275390625 0.04351806640625
0.230712890625 -0.20538330078125 -0.283477783203125 -0.03851318359375
0.3480224609375 -0.1109619140625 -0.343292236328125 -0.11376953125
0.42681884765625 0.0611572265625 -0.290374755859375 -0.149658203125
0.450286865234375 0.18768310546875 -0.0479736328125 -0.283416748046875
0.354095458984375 0.03094482421875 0.0887603759765625 -0.0407638549804688
0.338623046875 -0.158966064453125 0.27984619140625 -0.0886993408203125
0.128860473632813 -0.27142333984375 0.174102783203125 -0.288238525390625
-0.02728271484375 -0.264114379882813 -0.02227783203125 -0.30853271484375
-0.188308715820313 -0.153060913085938 -0.214157104492188 -0.192581176757812
-0.253173828125 -0.048004150390625 -0.23004150390625 -0.0314483642578125
-0.234634399414063 -0.0610198974609375 -0.1270751953125 0.0313339233398437
-0.26458740234375 -0.0314788818359375 -0.0883865356445313 0.0551834106445313
-0.234786987304688 -0.100479125976562 -0.0701370239257813 0.0953216552734375
-0.162307739257812 -0.232269287109375 -0.0744476318359375 0.115577697753906
-0.00601196289062501 -0.314178466796875 -0.173629760742187 0.0904388427734375
0.2950439453125 -0.24969482421875 -0.247940063476563 0.012237548828125
0.4193115234375 -0.10321044921875 -0.267868041992188 -0.0882568359375
0.4805908203125 0.13671875 -0.1630859375 -0.0884857177734375
0.433441162109375 0.296356201171875 0.117202758789063 -0.190109252929687
0.41473388671875 0.1424560546875 0.2003173828125 0.0103759765625
0.461669921875 -0.108612060546875 0.326507568359375 -0.026275634765625
0.224700927734375 -0.311126708984375 0.239059448242188 -0.215576171875
0.01171875 -0.33538818359375 0.06390380859375 -0.25262451171875
-0.21490478515625 -0.213653564453125 -0.1175537109375 -0.16650390625
-0.296356201171875 -0.08111572265625 -0.1265869140625 -0.0299148559570313
-0.276321411132813 -0.084686279296875 -0.0329837799072266 0.0350971221923828
-0.315399169921875 -0.04608154296875 0.00283432006835936 0.0608634948730469
-0.278289794921875 -0.119003295898438 0.0134506225585937 0.119949340820312
-0.189178466796875 -0.268890380859375 -0.0050201416015625 0.1436767578125
-0.00628662109375003 -0.34527587890625 -0.120567321777344 0.126815795898437
0.32379150390625 -0.255401611328125 -0.2061767578125 0.0457916259765625
0.4388427734375 -0.07171630859375 -0.180191040039062 -0.076995849609375
0.466766357421875 0.195281982421875 -0.0261554718017578 -0.0179557800292969
0.34259033203125 0.338714599609375 0.261642456054687 -0.0623321533203125
0.382537841796875 0.22344970703125 0.300750732421875 0.081451416015625
0.484710693359375 -0.0277099609375 0.343658447265625 0.0374755859375
0.2747802734375 -0.281219482421875 0.269989013671875 -0.12628173828125
0.0467529296875 -0.339752197265625 0.126419067382813 -0.167770385742188
-0.204925537109375 -0.233413696289063 -0.0205154418945313 -0.115776062011719
-0.293212890625 -0.0956420898437501 -0.0138521194458008 -0.0165252685546875
-0.27850341796875 -0.09161376953125 0.0655059814453125 0.0372695922851562
-0.322265625 -0.0502929687500001 0.100845336914062 0.0629043579101563
-0.28363037109375 -0.120147705078125 0.101913452148437 0.13909912109375
-0.189697265625 -0.272308349609375 0.06402587890625 0.167617797851562
0.00158691406249999 -0.33807373046875 -0.0702972412109375 0.159072875976562
0.325714111328125 -0.222991943359375 -0.168075561523437 0.0702056884765625
0.413818359375 -0.02020263671875 -0.0936965942382812 -0.068511962890625
0.397430419921875 0.23687744140625 0.1004638671875 0.0609359741210938
0.195587158203125 0.30914306640625 0.365020751953125 0.065185546875
0.2696533203125 0.246673583984375 0.370208740234375 0.15289306640625
0.3970947265625 0.047821044921875 0.333648681640625 0.086822509765625
0.254669189453125 -0.19830322265625 0.273193359375 -0.0411224365234375
0.0642852783203125 -0.275314331054688 0.161376953125 -0.082855224609375
-0.162338256835937 -0.205657958984375 0.0642852783203125 -0.0586700439453125
-0.247238159179688 -0.087799072265625 0.09088134765625 -0.00358581542968751
-0.239700317382812 -0.0814361572265625 0.155258178710937 0.0344390869140625
-0.281890869140625 -0.04925537109375 0.193328857421875 0.06158447265625
-0.250350952148438 -0.109176635742188 0.184234619140625 0.154983520507813
-0.160842895507813 -0.246780395507813 0.12091064453125 0.191558837890625
0.01904296875 -0.2940673828125 -0.0312042236328125 0.18841552734375
0.3035888671875 -0.160736083984375 -0.1396484375 0.0884857177734375
0.346710205078125 0.04449462890625 -0.0177993774414062 -0.0530128479003906
0.2811279296875 0.253509521484375 0.202926635742188 0.144744873046875
0.0213623046875 0.221694946289063 0.416656494140625 0.15557861328125
0.114303588867187 0.210723876953125 0.405029296875 0.193939208984375
0.23651123046875 0.0884246826171875 0.3096923828125 0.105712890625
0.175552368164063 -0.096649169921875 0.262100219726563 0.011199951171875
0.05633544921875 -0.165924072265625 0.17510986328125 -0.0241546630859375
-0.100143432617187 -0.137031555175781 0.12677001953125 -0.0183258056640625
-0.161758422851563 -0.0652313232421875 0.170333862304687 0.0029296875
-0.164215087890625 -0.06011962890625 0.221588134765625 0.0276947021484375
-0.199783325195312 -0.042510986328125 0.26727294921875 0.06182861328125
-0.180740356445313 -0.086578369140625 0.2464599609375 0.170425415039063
-0.11016845703125 -0.193572998046875 0.158004760742188 0.218399047851563
0.0352020263671875 -0.218399047851563 -0.00932312011718749 0.219207763671875
0.247604370117188 -0.0820159912109375 -0.125434875488281 0.105239868164063
0.23834228515625 0.102249145507813 0.0368080139160156 -0.0248985290527344
0.127532958984375 0.23785400390625 0.264511108398438 0.227874755859375
0.048431396484375 -0.154312133789063 -0.3360595703125 -0.2232666015625
-0.117111206054688 -0.08441162109375 -0.0774078369140625 0.007415771484375
-0.126678466796875 0.0421600341796875 0.131439208984375 -0.125205993652344
-0.0366897583007813 0.104011535644531 0.0177001953125 -0.28192138671875
0.0445404052734375 0.0888137817382813 -0.170028686523437 -0.25347900390625
0.0981216430664063 0.0352630615234375 -0.30303955078125 -0.147674560546875
0.0772628784179688 0.0140914916992188 -0.33209228515625 -0.010650634765625
0.0651817321777344 0.0171966552734375 -0.259918212890625 0.0140533447265625
0.066314697265625 0.0252037048339844 -0.208831787109375 0.0247955322265625
0.0289688110351563 0.0528640747070313 -0.180709838867187 0.0123138427734375
-0.0346488952636719 0.0503616333007813 -0.186477661132813 0.02459716796875
-0.0876007080078125 -0.0199508666992187 -0.255783081054688 -0.00802612304687505
-0.0434951782226563 -0.115821838378906 -0.322601318359375 -0.1109619140625
0.0522308349609375 -0.152938842773438 -0.42401123046875 -0.1590576171875
0.14178466796875 -0.143707275390625 -0.44891357421875 -0.186767578125
0.227493286132813 -0.0724639892578125 -0.302764892578125 -0.28045654296875
0.0414199829101563 -0.0923385620117188 -0.0680999755859375 -0.0253219604492188
-0.00352478027343749 -0.0585441589355469 0.16180419921875 -0.133056640625
-0.0182113647460938 -0.0236186981201172 0.0435791015625 -0.30621337890625
-0.00620460510253906 -0.0195999145507813 -0.1551513671875 -0.28924560546875
-0.012364387512207 -0.00955963134765625 -0.31280517578125 -0.163543701171875
-0.0458641052246094 0.00846099853515626 -0.336822509765625 -0.00967407226562498
-0.0482978820800781 -0.00403213500976562 -0.248001098632813 0.0246124267578125
-0.0564346313476563 0.00469207763671874 -0.202545166015625 0.0369873046875
-0.0631904602050781 -0.012969970703125 -0.17413330078125 0.035400390625
-0.06695556640625 -0.0647659301757813 -0.171035766601563 0.047332763671875
-0.0311203002929688 -0.136978149414063 -0.245407104492188 0.0133056640625
0.110641479492188 -0.157073974609375 -0.30859375 -0.07537841796875
0.214981079101563 -0.126754760742187 -0.398529052734375 -0.13055419921875
0.305877685546875 -0.044219970703125 -0.3958740234375 -0.17620849609375
0.373138427734375 0.0394287109375 -0.208221435546875 -0.302398681640625
0.210784912109375 -0.0584716796875 -0.0117530822753906 -0.0456352233886719
0.1583251953125 -0.140350341796875 0.214920043945312 -0.128738403320313
0.0327606201171875 -0.160537719726563 0.09368896484375 -0.316314697265625
-0.038909912109375 -0.144317626953125 -0.109375 -0.31280517578125
-0.1165771484375 -0.071319580078125 -0.285919189453125 -0.17791748046875
-0.162490844726563 -0.00781249999999997 -0.300933837890625 -0.01318359375
-0.155166625976563 -0.0264739990234375 -0.198989868164063 0.0322418212890625
-0.17236328125 -0.00816345214843751 -0.157211303710938 0.0511322021484375
-0.157119750976563 -0.059661865234375 -0.132568359375 0.06939697265625
-0.11865234375 -0.158035278320313 -0.130455017089844 0.0856246948242187
-0.0143585205078125 -0.239654541015625 -0.217575073242188 0.0565643310546875
0.217758178710938 -0.2154541015625 -0.285919189453125 -0.02227783203125
0.337127685546875 -0.126007080078125 -0.347625732421875 -0.0946655273437501
0.42596435546875 0.03839111328125 -0.29901123046875 -0.134063720703125
0.456390380859375 0.16107177734375 -0.0654754638671875 -0.273651123046875
0.35321044921875 0.014739990234375 0.0839309692382813 -0.0383453369140625
0.32806396484375 -0.177398681640625 0.276473999023437 -0.1033935546875
0.113540649414063 -0.275405883789062 0.15936279296875 -0.295440673828125
-0.0426788330078125 -0.261810302734375 -0.037261962890625 -0.304656982421875
-0.193893432617188 -0.13946533203125 -0.221237182617187 -0.178298950195313
-0.251373291015625 -0.031219482421875 -0.226974487304688 -0.0180206298828125
-0.236740112304687 -0.0467071533203125 -0.122016906738281 0.03570556640625
-0.263458251953125 -0.0147857666015625 -0.0827484130859375 0.0599212646484375
-0.235443115234375 -0.0848541259765625 -0.06231689453125 0.099273681640625
-0.172775268554688 -0.219528198242187 -0.0677413940429688 0.119796752929687
-0.02239990234375 -0.3106689453125 -0.170516967773438 0.100540161132812
0.278030395507813 -0.264144897460938 -0.249114990234375 0.02618408203125
0.40838623046875 -0.123992919921875 -0.27325439453125 -0.0732421875000001
0.484161376953125 0.1094970703125 -0.169265747070312 -0.0808258056640625
0.445953369140625 0.270416259765625 0.103347778320313 -0.189956665039063
0.41766357421875 0.1217041015625 0.195693969726563 0.00553894042968751
0.454010009765625 -0.134552001953125 0.32684326171875 -0.04315185546875
0.2061767578125 -0.320465087890625 0.226852416992187 -0.22674560546875
-0.00878906250000003 -0.334625244140625 0.0503692626953125 -0.253494262695313
-0.223342895507813 -0.19732666015625 -0.124435424804688 -0.156173706054688
-0.2960205078125 -0.060150146484375 -0.124153137207031 -0.02154541015625
-0.27984619140625 -0.0673370361328124 -0.0270977020263672 0.0346584320068359
-0.313262939453125 -0.025390625 0.00893402099609372 0.0611610412597656
-0.279266357421875 -0.099853515625 0.022491455078125 0.119377136230469
-0.202072143554688 -0.2525634765625 0.00331115722656248 0.143936157226562
-0.02581787109375 -0.341033935546875 -0.115997314453125 0.134208679199219
0.306610107421875 -0.270721435546875 -0.206268310546875 0.0577239990234375
0.428375244140625 -0.093505859375 -0.186065673828125 -0.0673065185546875
0.474517822265625 0.16827392578125 -0.0303001403808593 -0.0168304443359375
0.3597412109375 0.316131591796875 0.252700805664062 -0.0711212158203125
0.391265869140625 0.20245361328125 0.298309326171875 0.070465087890625
0.480224609375 -0.057403564453125 0.34716796875 0.0196533203125
0.255615234375 -0.29241943359375 0.262176513671875 -0.1396484375
0.0262451171875 -0.3402099609375 0.116180419921875 -0.173736572265625
-0.214492797851562 -0.216278076171875 -0.0254974365234375 -0.109947204589844
-0.293487548828125 -0.07293701171875 -0.0125837326049805 -0.0153827667236328
-0.28155517578125 -0.07293701171875 0.0699729919433594 0.0315742492675781
-0.3201904296875 -0.0287170410156249 0.106491088867187 0.0581207275390625
-0.285003662109375 -0.0997314453125 0.111358642578125 0.133308410644531
-0.203399658203125 -0.255783081054688 0.072113037109375 0.163436889648437
-0.017303466796875 -0.33343505859375 -0.0633544921875 0.162429809570312
0.31085205078125 -0.23974609375 -0.167007446289062 0.079498291015625
0.40576171875 -0.0416259765625 -0.100563049316406 -0.0627365112304688
0.408233642578125 0.2119140625 0.100234985351563 0.0536880493164063
0.212554931640625 0.295379638671875 0.36273193359375 0.048797607421875
0.280319213867187 0.22991943359375 0.370330810546875 0.136016845703125
0.397735595703125 0.022247314453125 0.336944580078125 0.069305419921875
0.239669799804688 -0.210845947265625 0.269607543945312 -0.0558013916015625
0.0464324951171875 -0.27752685546875 0.156280517578125 -0.090789794921875
-0.1707763671875 -0.191162109375 0.0613632202148437 -0.0594406127929688
-0.248199462890625 -0.068359375 0.0914306640625 -0.00830841064453125
-0.2423095703125 -0.0651702880859375 0.1583251953125 0.024200439453125
-0.280303955078125 -0.0289306640625 0.19744873046875 0.05181884765625
-0.251541137695313 -0.0902252197265624 0.192672729492188 0.144195556640625
-0.174240112304688 -0.23187255859375 0.129913330078125 0.183624267578125
0.00189208984375001 -0.291290283203125 -0.0224761962890625 0.1895751953125
0.29150390625 -0.177337646484375 -0.136978149414063 0.096038818359375
0.343963623046875 0.025360107421875 -0.0249366760253906 -0.0524673461914063
0.29388427734375 0.23480224609375 0.206573486328125 0.131149291992188
0.0341033935546875 0.218490600585938 0.419708251953125 0.13482666015625
0.125 0.201919555664063 0.408905029296875 0.17218017578125
0.239959716796875 0.0716094970703125 0.31317138671875 0.0888671875
0.1671142578125 -0.106063842773438 0.261199951171875 -0.00326538085937501
0.0451507568359375 -0.168533325195313 0.17291259765625 -0.033172607421875
-0.106613159179688 -0.1278076171875 0.124908447265625 -0.023956298828125
-0.163360595703125 -0.050628662109375 0.170028686523437 -0.006500244140625
-0.166336059570313 -0.047607421875 0.224014282226563 0.01385498046875
-0.19903564453125 -0.0282745361328125 0.269699096679688 0.047210693359375
-0.182754516601563 -0.0720062255859375 0.255142211914063 0.155609130859375
-0.121139526367187 -0.183074951171875 0.167327880859375 0.207183837890625
0.0214996337890625 -0.216812133789063 0.00120544433593751 0.217910766601563
0.239959716796875 -0.09613037109375 -0.120933532714844 0.111656188964844
0.240966796875 0.08856201171875 0.0306587219238281 -0.0289745330810547
0.139068603515625 0.227188110351563 0.272369384765625 0.208694458007813
0.0409393310546875 -0.157333374023438 -0.348663330078125 -0.2093505859375
-0.120086669921875 -0.0791549682617188 -0.0749130249023438 0.0135574340820312
-0.124137878417969 0.0492935180664063 0.129570007324219 -0.131675720214844
-0.0319747924804688 0.107414245605469 0.00894165039062497 -0.287689208984375
0.0487899780273438 0.087432861328125 -0.179595947265625 -0.250640869140625
0.0996627807617188 0.0291824340820313 -0.3109130859375 -0.139129638671875
0.0782699584960937 0.007843017578125 -0.336212158203125 0.00326538085937506
0.0650749206542969 0.012847900390625 -0.264175415039063 0.0244140625
0.0650596618652344 0.0204696655273438 -0.212127685546875 0.0332183837890625
0.031585693359375 0.0482635498046875 -0.183746337890625 0.019622802734375
-0.0308685302734375 0.0502777099609375 -0.189865112304687 0.032196044921875
-0.0882797241210938 -0.0161056518554688 -0.261306762695313 0.00202941894531252
-0.0478439331054687 -0.113548278808594 -0.32861328125 -0.1004638671875
0.0471649169921875 -0.1551513671875 -0.434173583984375 -0.146270751953125
0.135986328125 -0.150192260742188 -0.460693359375 -0.171966552734375
0.22509765625 -0.0827789306640625 -0.31793212890625 -0.26690673828125
0.039520263671875 -0.0930404663085938 -0.0676307678222656 -0.0186004638671875
-0.0032958984375 -0.0581550598144531 0.161087036132813 -0.140899658203125
-0.0183734893798828 -0.0222187042236328 0.033905029296875 -0.311309814453125
-0.00775718688964844 -0.0197257995605469 -0.166046142578125 -0.28729248046875
-0.0127544403076172 -0.00989818572998047 -0.321685791015625 -0.15411376953125
-0.0447845458984375 0.00909423828125 -0.339630126953125 0.00360107421874993
-0.0503120422363281 -0.00319671630859375 -0.250595092773438 0.0335693359375
-0.0582809448242188 0.00592422485351562 -0.2034912109375 0.045654296875
-0.0634193420410156 -0.0137443542480469 -0.174606323242188 0.042449951171875
-0.0681610107421875 -0.0637969970703125 -0.172760009765625 0.055328369140625
-0.0354385375976563 -0.137306213378906 -0.250579833984375 0.0242156982421874
0.106338500976563 -0.161346435546875 -0.31591796875 -0.0638427734375
0.210983276367188 -0.134979248046875 -0.409271240234375 -0.11773681640625
0.30572509765625 -0.055755615234375 -0.4091796875 -0.16351318359375
0.37860107421875 0.024810791015625 -0.22430419921875 -0.292694091796875
0.211746215820313 -0.0653228759765625 -0.012939453125 -0.0391159057617188
0.155609130859375 -0.148880004882813 0.215805053710938 -0.139404296875
0.0268707275390625 -0.162704467773438 0.084716796875 -0.324127197265625
-0.047210693359375 -0.145278930664063 -0.122467041015625 -0.311981201171875
-0.119613647460938 -0.0670089721679687 -0.294219970703125 -0.16802978515625
-0.161895751953125 -0.000457763671875025 -0.30322265625 -0.000885009765625019
-0.159500122070313 -0.0206756591796875 -0.199356079101563 0.0392913818359375
-0.174896240234375 -0.00108337402343748 -0.156570434570313 0.0583038330078125
-0.159210205078125 -0.0550689697265625 -0.130134582519531 0.0761184692382813
-0.124725341796875 -0.154190063476563 -0.129043579101563 0.0922698974609375
-0.0235443115234375 -0.242050170898438 -0.221145629882813 0.068023681640625
0.21185302734375 -0.225692749023437 -0.29241943359375 -0.0107116699218751
0.334075927734375 -0.138580322265625 -0.356414794921875 -0.08251953125
0.43194580078125 0.021697998046875 -0.310882568359375 -0.12542724609375
0.469451904296875 0.142730712890625 -0.080169677734375 -0.269027709960938
0.35888671875 0.003997802734375 0.0824203491210938 -0.035552978515625
0.3258056640625 -0.19390869140625 0.280548095703125 -0.115921020507813
0.103759765625 -0.281707763671875 0.15191650390625 -0.304962158203125
-0.0558013916015625 -0.264053344726563 -0.04937744140625 -0.30731201171875
-0.199691772460938 -0.131622314453125 -0.228225708007813 -0.169540405273438
-0.253158569335938 -0.018890380859375 -0.22760009765625 -0.00877380371093752
-0.242568969726563 -0.0373687744140625 -0.119400024414063 0.0388641357421875
-0.266448974609375 -0.00335693359375004 -0.0795135498046875 0.0640335083007812
-0.238571166992187 -0.07550048828125 -0.0569076538085938 0.103736877441406
-0.183502197265625 -0.213302612304688 -0.0638351440429688 0.124679565429688
-0.035552978515625 -0.313446044921875 -0.171524047851562 0.111221313476562
0.2705078125 -0.2783203125 -0.253585815429688 0.0373992919921875
0.405609130859375 -0.139495849609375 -0.281280517578125 -0.06268310546875
0.494537353515625 0.091217041015625 -0.177505493164062 -0.07562255859375
0.4605712890625 0.254608154296875 0.0937042236328125 -0.1910400390625
0.4290771484375 0.1094970703125 0.19580078125 0.00440979003906251
0.454803466796875 -0.15667724609375 0.332977294921875 -0.056671142578125
0.194580078125 -0.331512451171875 0.221832275390625 -0.238327026367188
-0.024444580078125 -0.339599609375 0.0416412353515625 -0.259078979492188
-0.232070922851562 -0.188018798828125 -0.1297607421875 -0.151473999023438
-0.29888916015625 -0.044464111328125 -0.1241455078125 -0.0167694091796875
-0.28662109375 -0.0547180175781251 -0.023702621459961 0.0333156585693359
-0.316802978515625 -0.00994873046875001 0.0137367248535156 0.0621185302734375
-0.28265380859375 -0.0866394042968749 0.0298614501953125 0.12066650390625
-0.215225219726563 -0.244857788085937 0.008819580078125 0.145919799804687
-0.039642333984375 -0.34356689453125 -0.114593505859375 0.142990112304687
0.29852294921875 -0.28759765625 -0.209320068359375 0.0688171386718749
0.427398681640625 -0.1103515625 -0.194229125976562 -0.0599365234375
0.489044189453125 0.15155029296875 -0.0341453552246093 -0.0166893005371094
0.377166748046875 0.305206298828125 0.249984741210938 -0.0771636962890625
0.40399169921875 0.190643310546875 0.301116943359375 0.06573486328125
0.483428955078125 -0.080108642578125 0.354949951171875 0.005401611328125
0.24554443359375 -0.305938720703125 0.260452270507813 -0.1512451171875
0.00967407226562501 -0.3470458984375 0.11077880859375 -0.180679321289063
-0.223663330078125 -0.207122802734375 -0.0283050537109375 -0.10833740234375
-0.29736328125 -0.05780029296875 -0.0103960037231446 -0.0141229629516602
-0.287872314453125 -0.059478759765625 0.0750503540039062 0.026824951171875
-0.3228759765625 -0.012359619140625 0.112335205078125 0.0550537109375
-0.288787841796875 -0.085906982421875 0.12054443359375 0.131080627441406
-0.217422485351563 -0.24749755859375 0.07965087890625 0.162887573242187
-0.031982421875 -0.33544921875 -0.0598297119140625 0.1689453125
0.30322265625 -0.255950927734375 -0.16900634765625 0.0894927978515625
0.407379150390625 -0.058013916015625 -0.107582092285156 -0.0593795776367187
0.423309326171875 0.197601318359375 0.1011962890625 0.0499496459960938
0.22735595703125 0.2899169921875 0.36651611328125 0.039764404296875
0.292999267578125 0.22308349609375 0.376953125 0.126495361328125
0.403656005859375 0.003631591796875 0.345001220703125 0.057098388671875
0.231918334960938 -0.222930908203125 0.270950317382813 -0.0665130615234375
0.033935546875 -0.282928466796875 0.155548095703125 -0.098419189453125
-0.179122924804687 -0.183349609375 0.0605087280273437 -0.0604476928710938
-0.251190185546875 -0.0540313720703125 0.0940093994140625 -0.012542724609375
-0.247756958007812 -0.0532379150390625 0.16375732421875 0.01519775390625
-0.282196044921875 -0.014739990234375 0.20465087890625 0.04461669921875
-0.255096435546875 -0.0772705078125 0.203140258789062 0.138031005859375
-0.187667846679687 -0.224197387695313 0.137969970703125 0.180282592773438
-0.01123046875 -0.293212890625 -0.01678466796875 0.193817138671875
0.285858154296875 -0.191741943359375 -0.138053894042969 0.104911804199219
0.34698486328125 0.012481689453125 -0.0313301086425781 -0.0523300170898438
0.307647705078125 0.225128173828125 0.211441040039063 0.122772216796875
0.045074462890625 0.218673706054687 0.429046630859375 0.12310791015625
0.135116577148438 0.198516845703125 0.41650390625 0.161712646484375
0.245773315429688 0.0596923828125 0.31988525390625 0.079193115234375
0.161773681640625 -0.113998413085938 0.264373779296875 -0.012939453125
0.036834716796875 -0.172988891601563 0.174896240234375 -0.0410919189453125
-0.1114501953125 -0.1224365234375 0.125717163085938 -0.0280227661132813
-0.165420532226563 -0.0404205322265625 0.172561645507813 -0.01416015625
-0.170028686523438 -0.038055419921875 0.228958129882813 0.003326416015625
-0.201202392578125 -0.0173187255859375 0.2774658203125 0.0372467041015625
-0.185028076171875 -0.0624847412109375 0.265411376953125 0.147994995117188
-0.131179809570312 -0.17706298828125 0.17626953125 0.202728271484375
0.0118865966796875 -0.219223022460938 0.00895690917968749 0.221725463867188
0.23828125 -0.107391357421875 -0.121803283691406 0.119102478027344
0.246490478515625 0.0793914794921875 0.0253620147705078 -0.0314006805419922
0.150833129882813 0.222518920898438 0.280929565429688 0.198715209960938
0.032257080078125 -0.164016723632813 -0.3695068359375 -0.19464111328125
-0.126136779785156 -0.0750732421875 -0.0730514526367188 0.0208511352539062
-0.122482299804687 0.0573043823242188 0.12939453125 -0.142623901367188
-0.026458740234375 0.112327575683594 -0.00366210937499999 -0.29840087890625
0.0552597045898438 0.0880203247070313 -0.19549560546875 -0.252349853515625
0.104072570800781 0.023223876953125 -0.328765869140625 -0.129638671875
0.0798416137695313 0.00079345703125 -0.346954345703125 0.020721435546875
0.066314697265625 0.00867843627929688 -0.273406982421875 0.0389862060546875
0.065765380859375 0.0163002014160156 -0.219680786132812 0.0449981689453125
0.0345191955566406 0.0449981689453125 -0.190658569335938 0.03009033203125
-0.0277175903320312 0.0512237548828125 -0.197021484375 0.0440826416015625
-0.0908279418945313 -0.01171875 -0.271286010742188 0.0154571533203125
-0.0538482666015625 -0.11328125 -0.343505859375 -0.0901489257812501
0.041473388671875 -0.161285400390625 -0.45458984375 -0.132080078125
0.131378173828125 -0.161087036132813 -0.486175537109375 -0.15673828125
0.226943969726563 -0.096405029296875 -0.34228515625 -0.255279541015625
0.0378494262695313 -0.096099853515625 -0.0678443908691406 -0.0108680725097656
-0.00437927246093749 -0.0594711303710938 0.162216186523438 -0.1546630859375
-0.0185432434082031 -0.0214042663574219 0.021697998046875 -0.324951171875
-0.00940513610839844 -0.0200042724609375 -0.18426513671875 -0.28961181640625
-0.013087272644043 -0.011052131652832 -0.33795166015625 -0.14404296875
-0.0455093383789063 0.00976943969726562 -0.350067138671875 0.0218505859374999
-0.0535507202148438 -0.00146102905273438 -0.258270263671875 0.0465545654296875
-0.0609054565429688 0.00859069824218751 -0.209686279296875 0.0570831298828125
-0.0657920837402344 -0.014068603515625 -0.17889404296875 0.05328369140625
-0.0716552734375 -0.0643997192382813 -0.178024291992187 0.06646728515625
-0.0428619384765625 -0.140296936035156 -0.260345458984375 0.0382537841796875
0.102737426757813 -0.170547485351563 -0.3294677734375 -0.0522155761718751
0.21142578125 -0.147048950195312 -0.42852783203125 -0.102874755859375
0.312591552734375 -0.0711669921875 -0.433013916015625 -0.149658203125
0.392181396484375 0.0062255859375 -0.247833251953125 -0.28497314453125
0.217819213867188 -0.075164794921875 -0.0136184692382812 -0.0337944030761719
0.15625 -0.162353515625 0.219757080078125 -0.15618896484375
0.0207977294921875 -0.168746948242188 0.073455810546875 -0.340362548828125
-0.057220458984375 -0.147323608398438 -0.139373779296875 -0.3173828125
-0.125381469726563 -0.0634613037109375 -0.309906005859375 -0.158966064453125
-0.166046142578125 0.00765991210937498 -0.311370849609375 0.01446533203125
-0.16644287109375 -0.0131072998046875 -0.20428466796875 0.048736572265625
-0.180999755859375 0.00836181640625 -0.159088134765625 0.0677642822265625
-0.165817260742188 -0.0504150390625 -0.130088806152344 0.0856552124023438
-0.13519287109375 -0.153488159179687 -0.1300048828125 0.103134155273437
-0.0356903076171875 -0.24908447265625 -0.228683471679688 0.0831298828125
0.209304809570313 -0.243850708007812 -0.303985595703125 0.00366210937500001
0.337493896484375 -0.15673828125 -0.37353515625 -0.0684509277343749
0.44793701171875 0.001953125 -0.329986572265625 -0.114227294921875
0.49139404296875 0.1240234375 -0.0984802246093749 -0.2684326171875
0.37274169921875 -0.0108642578125 0.083709716796875 -0.0335464477539063
0.3291015625 -0.2181396484375 0.28759765625 -0.135955810546875
0.094329833984375 -0.295684814453125 0.14398193359375 -0.3231201171875
-0.0730743408203125 -0.271514892578125 -0.06463623046875 -0.31512451171875
-0.211334228515625 -0.124832153320313 -0.241851806640625 -0.1629638671875
-0.259185791015625 -0.00489807128906245 -0.23370361328125 0.00254821777343754
-0.2537841796875 -0.025146484375 -0.120704650878906 0.0432357788085937
-0.273651123046875 0.0120086669921875 -0.0772628784179688 0.0706100463867188
-0.248291015625 -0.0662689208984375 -0.0515823364257813 0.110084533691406
-0.1986083984375 -0.210296630859375 -0.0604705810546875 0.133407592773438
-0.051971435546875 -0.322845458984375 -0.174972534179688 0.126022338867187
0.266937255859375 -0.3017578125 -0.262924194335938 0.0532684326171874
0.411346435546875 -0.161895751953125 -0.296295166015625 -0.0506591796875
0.5172119140625 0.070465087890625 -0.19049072265625 -0.0693359375
0.49072265625 0.24053955078125 0.08465576171875 -0.19659423828125
0.4490966796875 0.094482421875 0.201248168945313 0.00155639648437501
0.464385986328125 -0.188140869140625 0.344329833984375 -0.07757568359375
0.18499755859375 -0.351348876953125 0.219573974609375 -0.256866455078125
-0.044952392578125 -0.351226806640625 0.03155517578125 -0.269775390625
-0.24652099609375 -0.180572509765625 -0.139450073242188 -0.147293090820313
-0.306976318359375 -0.028533935546875 -0.126228332519531 -0.0108184814453125
-0.298919677734375 -0.0406494140625 -0.0205326080322266 0.0328273773193359
-0.325408935546875 0.00827026367187497 0.0203437805175781 0.0638160705566406
-0.293701171875 -0.074310302734375 0.0391921997070312 0.123390197753906
-0.234649658203125 -0.23822021484375 0.0161285400390625 0.151763916015625
-0.059478759765625 -0.35302734375 -0.11383056640625 0.156326293945313
0.29443359375 -0.311920166015625 -0.21588134765625 0.0840301513671874
0.43524169921875 -0.133026123046875 -0.206008911132813 -0.0513153076171875
0.51495361328125 0.133056640625 -0.0388259887695312 -0.015380859375
0.405181884765625 0.295928955078125 0.251632690429688 -0.0879058837890625
0.428192138671875 0.17926025390625 0.311431884765625 0.058319091796875
0.498626708984375 -0.110565185546875 0.369110107421875 -0.01336669921875
0.237762451171875 -0.328155517578125 0.263168334960938 -0.168869018554688
-0.00924682617187502 -0.359710693359375 0.107009887695312 -0.191802978515625
-0.23931884765625 -0.200897216796875 -0.0328903198242188 -0.107643127441406
-0.305938720703125 -0.041046142578125 -0.00972366333007814 -0.0144977569580078
-0.300994873046875 -0.044586181640625 0.0814743041992187 0.0206756591796875
-0.3323974609375 0.00653076171875 0.122726440429687 0.051422119140625
-0.29931640625 -0.0716552734375 0.133560180664062 0.130134582519531
-0.238021850585937 -0.240325927734375 0.0896453857421875 0.165176391601562
-0.051483154296875 -0.344757080078125 -0.0553131103515625 0.180267333984375
0.30078125 -0.279937744140625 -0.173309326171875 0.104156494140625
0.416961669921875 -0.078643798828125 -0.117950439453125 -0.055999755859375
0.449310302734375 0.183135986328125 0.104568481445313 0.0464401245117188
0.2513427734375 0.287017822265625 0.378814697265625 0.027252197265625
0.315643310546875 0.21563720703125 0.392333984375 0.116363525390625
0.418182373046875 -0.020721435546875 0.3599853515625 0.040985107421875
0.226974487304687 -0.241424560546875 0.27679443359375 -0.08111572265625
0.018096923828125 -0.29461669921875 0.156341552734375 -0.109222412109375
-0.192825317382812 -0.178298950195313 0.0612754821777344 -0.0632247924804688
-0.258209228515625 -0.0389099121093751 0.0988311767578125 -0.0176239013671875
-0.258697509765625 -0.03948974609375 0.171966552734375 0.00469970703125
-0.291046142578125 0.00210571289062506 0.217498779296875 0.0357818603515625
-0.263824462890625 -0.0642700195312499 0.219085693359375 0.133392333984375
-0.206039428710938 -0.218215942382813 0.150527954101563 0.179580688476563
-0.027496337890625 -0.301849365234375 -0.00987243652343749 0.20343017578125
0.2862548828125 -0.21343994140625 -0.13995361328125 0.11773681640625
0.35833740234375 -0.003875732421875 -0.0384025573730468 -0.0533294677734375
0.330108642578125 0.216217041015625 0.222381591796875 0.115203857421875
0.0587615966796875 0.22271728515625 0.447998046875 0.110015869140625
0.150955200195313 0.196868896484375 0.4349365234375 0.149810791015625
0.25738525390625 0.045928955078125 0.3345947265625 0.066864013671875
0.158645629882813 -0.125762939453125 0.272903442382813 -0.026458740234375
0.0269622802734375 -0.179794311523438 0.1800537109375 -0.0516204833984375
-0.120292663574219 -0.118942260742187 0.129997253417969 -0.0333709716796875
-0.17047119140625 -0.03021240234375 0.1793212890625 -0.0240936279296875
-0.1773681640625 -0.0284576416015625 0.2376708984375 -0.0111846923828125
-0.207473754882813 -0.00515747070312497 0.292083740234375 0.0247802734375
-0.192291259765625 -0.0526580810546875 0.28363037109375 0.13970947265625
-0.146697998046875 -0.17291259765625 0.19146728515625 0.201431274414063
0.000503540039062518 -0.225875854492188 0.0186920166015625 0.229721069335938
0.240859985351563 -0.12359619140625 -0.122459411621094 0.132125854492188
0.258132934570312 0.0700531005859375 0.0206489562988281 -0.0352783203125
0.167617797851562 0.22137451171875 0.2989501953125 0.189971923828125
0.01910400390625 -0.171340942382813 -0.3973388671875 -0.17010498046875
-0.135543823242188 -0.0669708251953125 -0.0697708129882813 0.0304031372070313
-0.119270324707031 0.0683822631835937 0.125137329101563 -0.1595458984375
-0.0166397094726562 0.119194030761719 -0.025604248046875 -0.310821533203125
0.0652847290039063 0.0873870849609375 -0.2210693359375 -0.248580932617187
0.108802795410156 0.0137100219726562 -0.350860595703125 -0.111358642578125
0.0811080932617188 -0.00827789306640625 -0.359405517578125 0.04888916015625
0.0679168701171875 0.00270462036132813 -0.283721923828125 0.063629150390625
0.0669097900390625 0.0105514526367188 -0.228057861328125 0.06488037109375
0.0381355285644531 0.0400352478027344 -0.197280883789063 0.04541015625
-0.0228462219238281 0.0528030395507812 -0.203521728515625 0.0625152587890625
-0.0939178466796875 -0.00470733642578126 -0.282196044921875 0.0376281738281251
-0.0638961791992187 -0.111747741699219 -0.363067626953125 -0.071075439453125
0.03192138671875 -0.168960571289062 -0.4814453125 -0.104827880859375
0.122848510742187 -0.176239013671875 -0.518341064453125 -0.126373291015625
0.227188110351563 -0.116485595703125 -0.374053955078125 -0.2330322265625
0.0338363647460937 -0.100654602050781 -0.0670166015625 -0.00147628784179689
-0.00593948364257812 -0.0627670288085938 0.159347534179688 -0.174301147460938
-0.0191459655761719 -0.0203113555908203 -0.00103759765625001 -0.34002685546875
-0.0110378265380859 -0.0197105407714844 -0.21173095703125 -0.28802490234375
-0.0139255523681641 -0.0117034912109375 -0.360595703125 -0.125213623046875
-0.0465202331542969 0.0115432739257813 -0.361053466796875 0.049896240234375
-0.0571823120117188 0.00194549560546875 -0.266632080078125 0.0686340332031251
-0.0647964477539063 0.0131492614746094 -0.215545654296875 0.0767059326171875
-0.069244384765625 -0.0118522644042969 -0.182891845703125 0.069488525390625
-0.0772323608398438 -0.0633010864257812 -0.181365966796875 0.084136962890625
-0.0535736083984375 -0.142425537109375 -0.269668579101563 0.0620727539062499
0.0952606201171875 -0.183578491210937 -0.346221923828125 -0.0306396484375
0.208709716796875 -0.166213989257813 -0.45318603515625 -0.075714111328125
0.3189697265625 -0.095733642578125 -0.463714599609375 -0.123138427734375
0.40673828125 -0.02362060546875 -0.279983520507813 -0.27166748046875
0.222335815429688 -0.0917816162109375 -0.0137958526611328 -0.0276603698730469
0.152008056640625 -0.1822509765625 0.21844482421875 -0.182022094726562
0.010894775390625 -0.176528930664063 0.051788330078125 -0.358489990234375
-0.0715789794921875 -0.14910888671875 -0.167755126953125 -0.318878173828125
-0.133567810058594 -0.0562667846679687 -0.331878662109375 -0.1412353515625
-0.169998168945313 0.0198974609375 -0.320465087890625 0.038787841796875
-0.174819946289063 -0.000549316406249972 -0.209487915039063 0.06488037109375
-0.187835693359375 0.0233154296875 -0.159927368164063 0.0838470458984375
-0.174972534179688 -0.0406646728515625 -0.127738952636719 0.098846435546875
-0.150848388671875 -0.14959716796875 -0.1282958984375 0.118423461914062
-0.0555267333984375 -0.257308959960938 -0.234283447265625 0.107086181640625
0.200424194335938 -0.269256591796875 -0.317291259765625 0.027313232421875
0.339111328125 -0.186279296875 -0.395660400390625 -0.043212890625
0.467529296875 -0.029876708984375 -0.35498046875 -0.0941772460937501
0.520294189453125 0.0909423828125 -0.123870849609375 -0.264892578125
0.38946533203125 -0.03656005859375 0.0855789184570313 -0.0341949462890625
0.3272705078125 -0.255126953125 0.290740966796875 -0.16644287109375
0.076263427734375 -0.31451416015625 0.12548828125 -0.346954345703125
-0.099395751953125 -0.276275634765625 -0.09039306640625 -0.322906494140625
-0.22625732421875 -0.11273193359375 -0.260894775390625 -0.149627685546875
-0.266708374023437 0.0150146484375 -0.239944458007813 0.020843505859375
-0.266082763671875 -0.00541687011718746 -0.121543884277344 0.0520782470703125
-0.28326416015625 0.0356140136718749 -0.073516845703125 0.0795822143554687
-0.260528564453125 -0.0500030517578124 -0.0436782836914063 0.11846923828125
-0.221649169921875 -0.2017822265625 -0.053070068359375 0.144363403320313
-0.079010009765625 -0.33221435546875 -0.175628662109375 0.147918701171875
0.255523681640625 -0.334075927734375 -0.270889282226563 0.0769042968749999
0.415679931640625 -0.196380615234375 -0.31402587890625 -0.0299377441406251
0.544586181640625 0.03558349609375 -0.2060546875 -0.056427001953125
0.529296875 0.20989990234375 0.07080078125 -0.204849243164063
0.477081298828125 0.066650390625 0.208999633789063 -0.006256103515625
0.468994140625 -0.234100341796875 0.354034423828125 -0.110137939453125
0.165435791015625 -0.378936767578125 0.209716796875 -0.2830810546875
-0.076873779296875 -0.361480712890625 0.012542724609375 -0.2821044921875
-0.268417358398437 -0.167892456054688 -0.153427124023438 -0.140853881835938
-0.31707763671875 -0.00424194335937501 -0.130119323730469 -0.000938415527343724
-0.314300537109375 -0.0172119140625 -0.0182514190673828 0.0332088470458984
-0.335723876953125 0.037139892578125 0.0286750793457031 0.0649642944335938
-0.307159423828125 -0.05279541015625 0.0533065795898437 0.125785827636719
-0.261703491210938 -0.226730346679687 0.027862548828125 0.157241821289062
-0.08905029296875 -0.363189697265625 -0.109146118164063 0.173812866210937
0.283294677734375 -0.348297119140625 -0.21917724609375 0.1064453125
0.443084716796875 -0.1695556640625 -0.221206665039062 -0.037445068359375
0.54931640625 0.09906005859375 -0.0433502197265625 -0.0118331909179688
0.446197509765625 0.275543212890625 0.251922607421875 -0.104598999023438
0.46112060546875 0.15545654296875 0.3258056640625 0.04351806640625
0.50970458984375 -0.15740966796875 0.382568359375 -0.043853759765625
0.22052001953125 -0.35845947265625 0.260833740234375 -0.1937255859375
-0.040374755859375 -0.372222900390625 0.0973663330078125 -0.207489013671875
-0.262420654296875 -0.188446044921875 -0.0399093627929688 -0.107460021972656
-0.316864013671875 -0.0159912109374999 -0.0084962844848633 -0.0149002075195313
-0.315704345703125 -0.021331787109375 0.0876922607421875 0.01202392578125
-0.343658447265625 0.0359802246093749 0.134529113769531 0.0436935424804688
-0.312469482421875 -0.0491943359375 0.151077270507812 0.124725341796875
-0.265716552734375 -0.22723388671875 0.105316162109375 0.1658935546875
-0.080535888671875 -0.35394287109375 -0.045623779296875 0.194305419921875
0.291168212890625 -0.31591796875 -0.1724853515625 0.12384033203125
0.426788330078125 -0.112030029296875 -0.129386901855469 -0.0482101440429687
0.4833984375 0.156097412109375 0.11065673828125 0.04034423828125
0.2855224609375 0.278778076171875 0.392974853515625 0.00341796875000002
0.3455810546875 0.200408935546875 0.4129638671875 0.0972900390625
0.43377685546875 -0.057037353515625 0.376678466796875 0.0146484375
0.215850830078125 -0.267349243164063 0.281219482421875 -0.10443115234375
-0.00729370117187502 -0.30706787109375 0.154998779296875 -0.125411987304688
-0.212234497070312 -0.168930053710938 0.0608100891113281 -0.0685272216796875
-0.267105102539063 -0.018310546875 0.102554321289062 -0.0260238647460938
-0.270431518554687 -0.0187377929687501 0.180465698242187 -0.011627197265625
-0.30035400390625 0.02813720703125 0.232589721679687 0.019012451171875
-0.276016235351563 -0.044281005859375 0.240341186523437 0.121658325195312
-0.230789184570313 -0.206253051757812 0.169479370117187 0.175765991210938
-0.053375244140625 -0.31048583984375 0.00428771972656249 0.213760375976563
0.280059814453125 -0.244766235351563 -0.137191772460937 0.136268615722656
0.371124267578125 -0.03009033203125 -0.0476264953613281 -0.0524864196777344
0.362030029296875 0.199951171875 0.238723754882813 0.102630615234375
0.079559326171875 0.22540283203125 0.472625732421875 0.08270263671875
0.172225952148438 0.191375732421875 0.4599609375 0.12646484375
0.270278930664063 0.0241241455078125 0.3507080078125 0.045074462890625
0.152862548828125 -0.14208984375 0.28179931640625 -0.04632568359375
0.011444091796875 -0.187973022460937 0.1844482421875 -0.067535400390625
-0.133071899414063 -0.112892150878906 0.133369445800781 -0.0427627563476563
-0.175796508789063 -0.0153961181640625 0.185440063476562 -0.0395660400390625
-0.185150146484375 -0.0125732421875 0.247100830078125 -0.033111572265625
-0.214859008789063 0.0136260986328125 0.3087158203125 0.001190185546875
-0.201629638671875 -0.037628173828125 0.30792236328125 0.1231689453125
-0.166656494140625 -0.163772583007813 0.212677001953125 0.194854736328125
-0.018096923828125 -0.233642578125 0.035797119140625 0.238510131835937
0.240341186523438 -0.148483276367188 -0.118499755859375 0.149200439453125
0.273147583007813 0.05316162109375 0.0145378112792969 -0.0387992858886719
0.191513061523438 0.215927124023437 0.32232666015625 0.1727294921875
0.00115966796874999 -0.17559814453125 -0.42095947265625 -0.130126953125
-0.14263916015625 -0.0535888671875 -0.0634613037109375 0.0391273498535156
-0.112281799316406 0.0808792114257813 0.113525390625 -0.175506591796875
-0.00279998779296874 0.122528076171875 -0.056243896484375 -0.31640625
0.0777740478515625 0.0823135375976563 -0.249679565429688 -0.23388671875
0.112030029296875 0.00080108642578125 -0.370330810546875 -0.0819396972656249
0.0794296264648438 -0.0196075439453125 -0.362518310546875 0.0868835449218749
0.0680313110351563 -0.005615234375 -0.285247802734375 0.096099853515625
0.0674858093261719 0.00376129150390625 -0.2288818359375 0.0920867919921875
0.0409927368164063 0.0342979431152344 -0.199066162109375 0.06689453125
-0.0166244506835937 0.0533485412597656 -0.204010009765625 0.0853424072265626
-0.0953369140625 0.00527954101562502 -0.286102294921875 0.067413330078125
-0.074737548828125 -0.106559753417969 -0.3782958984375 -0.04022216796875
0.0161285400390625 -0.17449951171875 -0.502471923828125 -0.061981201171875
0.107101440429687 -0.191024780273437 -0.543121337890625 -0.0791015625
0.219650268554688 -0.140823364257813 -0.4031982421875 -0.1959228515625
0.0273208618164062 -0.104591369628906 -0.0640678405761719 0.00878143310546873
-0.0102272033691406 -0.0650672912597656 0.147140502929687 -0.195846557617188
-0.0190601348876953 -0.0189304351806641 -0.03350830078125 -0.347808837890625
-0.0123882293701172 -0.0187911987304688 -0.2431640625 -0.274246215820312
-0.0146303176879883 -0.0119600296020508 -0.380340576171875 -0.094146728515625
-0.0471916198730469 0.0142059326171875 -0.3629150390625 0.0882263183593751
-0.0594024658203125 0.00637817382812501 -0.266830444335938 0.0983428955078125
-0.0658149719238281 0.0197830200195312 -0.214309692382813 0.102035522460937
-0.0723876953125 -0.00817871093749999 -0.180801391601563 0.0896453857421875
-0.0834197998046875 -0.0586700439453125 -0.177932739257813 0.105270385742187
-0.0685272216796875 -0.1412353515625 -0.272048950195313 0.0926971435546875
0.080841064453125 -0.195968627929688 -0.3575439453125 0.00161743164062494
0.197341918945313 -0.188079833984375 -0.47161865234375 -0.03363037109375
0.31719970703125 -0.1287841796875 -0.488739013671875 -0.079986572265625
0.4132080078125 -0.064544677734375 -0.311920166015625 -0.242828369140625
0.221572875976562 -0.113906860351562 -0.0130767822265625 -0.0220527648925781
0.138763427734375 -0.203750610351563 0.206207275390625 -0.210403442382813
-0.00486755371093749 -0.181182861328125 0.019195556640625 -0.372222900390625
-0.0889739990234375 -0.14398193359375 -0.201629638671875 -0.309783935546875
-0.140640258789063 -0.0447235107421875 -0.351593017578125 -0.11297607421875
-0.170684814453125 0.03680419921875 -0.322296142578125 0.072906494140625
-0.179931640625 0.0164947509765625 -0.208633422851563 0.0875244140625
-0.189544677734375 0.0437774658203125 -0.155532836914062 0.103591918945313
-0.182357788085938 -0.026153564453125 -0.120407104492188 0.114395141601563
-0.167678833007813 -0.139068603515625 -0.120079040527344 0.135589599609375
-0.0825347900390625 -0.258834838867188 -0.231536865234375 0.13604736328125
0.179962158203125 -0.295074462890625 -0.3223876953125 0.059112548828125
0.32867431640625 -0.220794677734375 -0.41094970703125 -0.00488281250000006
0.477325439453125 -0.07659912109375 -0.374481201171875 -0.05926513671875
0.541717529296875 0.04150390625 -0.153701782226563 -0.250564575195312
0.397735595703125 -0.07366943359375 0.0865478515625 -0.0373153686523438
0.310028076171875 -0.29632568359375 0.280105590820313 -0.2022705078125
0.047698974609375 -0.329193115234375 0.0958251953125 -0.366241455078125
-0.130523681640625 -0.272109985351563 -0.122894287109375 -0.32080078125
-0.24078369140625 -0.0921630859375 -0.278976440429688 -0.127120971679687
-0.268325805664063 0.0423126220703124 -0.241256713867188 0.04449462890625
-0.273086547851563 0.0221099853515625 -0.119834899902344 0.0639801025390625
-0.284454345703125 0.06695556640625 -0.0659866333007813 0.0888671875
-0.26934814453125 -0.025360107421875 -0.0311126708984375 0.126075744628906
-0.245681762695313 -0.182769775390625 -0.0400390625 0.154495239257813
-0.1141357421875 -0.3330078125 -0.167556762695313 0.172698974609375
0.229248046875 -0.36865234375 -0.269943237304688 0.10687255859375
0.405853271484375 -0.239776611328125 -0.326141357421875 0.00106811523437494
0.56390380859375 -0.0177001953125 -0.218063354492187 -0.036376953125
0.5626220703125 0.1612548828125 0.0503387451171875 -0.209243774414063
0.49505615234375 0.02191162109375 0.213165283203125 -0.0204010009765625
0.4576416015625 -0.291656494140625 0.349365234375 -0.15106201171875
0.131561279296875 -0.405029296875 0.18707275390625 -0.30914306640625
-0.1168212890625 -0.3612060546875 -0.01422119140625 -0.290069580078125
-0.2889404296875 -0.144256591796875 -0.167282104492188 -0.127304077148438
-0.32061767578125 0.0288391113281249 -0.130928039550781 0.0119552612304687
-0.3236083984375 0.014801025390625 -0.0150394439697266 0.0323753356933594
-0.3385009765625 0.074005126953125 0.0383186340332031 0.0623855590820313
-0.316650390625 -0.022430419921875 0.0690765380859375 0.123146057128906
-0.2894287109375 -0.20330810546875 0.0436859130859375 0.159332275390625
-0.12896728515625 -0.362640380859375 -0.0959625244140625 0.19268798828125
0.25537109375 -0.385223388671875 -0.213638305664062 0.132095336914063
0.4356689453125 -0.21685791015625 -0.232437133789062 -0.015380859375
0.573486328125 0.0465087890625 -0.0475006103515625 -0.00711441040039062
0.48333740234375 0.235260009765625 0.245285034179688 -0.125595092773437
0.48834228515625 0.1146240234375 0.336151123046875 0.01898193359375
0.504638671875 -0.21624755859375 0.3846435546875 -0.08489990234375
0.1893310546875 -0.388214111328125 0.24774169921875 -0.223526000976563
-0.08203125 -0.376068115234375 0.0799713134765625 -0.2220458984375
-0.284820556640625 -0.16522216796875 -0.0475616455078125 -0.103744506835938
-0.3204345703125 0.016265869140625 -0.00848007202148439 -0.013763427734375
-0.32470703125 0.011932373046875 0.0910873413085937 0.000320434570312501
-0.344940185546875 0.073974609375 0.145370483398438 0.0295562744140625
-0.3216552734375 -0.017303466796875 0.170486450195312 0.112197875976563
-0.293731689453125 -0.201263427734375 0.123458862304688 0.159744262695313
-0.119781494140625 -0.352996826171875 -0.030059814453125 0.206146240234375
0.26666259765625 -0.353973388671875 -0.16400146484375 0.146347045898437
0.42498779296875 -0.15606689453125 -0.140533447265625 -0.0364303588867187
0.513458251953125 0.110504150390625 0.115196228027344 0.02972412109375
0.31988525390625 0.253631591796875 0.401092529296875 -0.029541015625
0.374237060546875 0.17034912109375 0.428863525390625 0.064605712890625
0.43609619140625 -0.10638427734375 0.383636474609375 -0.022247314453125
0.19195556640625 -0.293548583984375 0.27752685546875 -0.133148193359375
-0.041351318359375 -0.311767578125 0.147125244140625 -0.144668579101563
-0.232513427734375 -0.150054931640625 0.0581436157226562 -0.0738677978515625
-0.270187377929688 0.010406494140625 0.104255676269531 -0.03704833984375
-0.277679443359375 0.010406494140625 0.183990478515625 -0.03326416015625
-0.30242919921875 0.06201171875 0.242172241210937 -0.0062408447265625
-0.28375244140625 -0.0157775878906251 0.26055908203125 0.0997314453125
-0.256637573242188 -0.183151245117188 0.19012451171875 0.16400146484375
-0.088226318359375 -0.3111572265625 0.02435302734375 0.220169067382813
0.26287841796875 -0.280410766601563 -0.126937866210937 0.155075073242188
0.37628173828125 -0.06756591796875 -0.0575981140136719 -0.0486717224121094
0.3912353515625 0.166595458984375 0.252334594726563 0.079559326171875
0.104476928710938 0.220138549804688 0.490234375 0.04241943359375
0.195220947265625 0.176132202148437 0.48095703125 0.0877685546875
0.27764892578125 -0.00604248046875 0.36083984375 0.012786865234375
0.139450073242188 -0.158737182617188 0.2835693359375 -0.074554443359375
-0.0096893310546875 -0.192031860351563 0.181900024414063 -0.0889434814453125
-0.146575927734375 -0.101593017578125 0.133834838867188 -0.0559616088867188
-0.177810668945313 0.00376892089843751 0.186798095703125 -0.0594329833984375
-0.189453125 0.00732421874999999 0.2503662109375 -0.0623779296875
-0.216201782226563 0.038177490234375 0.318206787109375 -0.03399658203125
-0.207611083984375 -0.01678466796875 0.329803466796875 0.09423828125
-0.186614990234375 -0.146865844726563 0.235565185546875 0.179702758789063
-0.0439300537109375 -0.236358642578125 0.05908203125 0.24139404296875
0.23046875 -0.177963256835938 -0.106857299804688 0.165847778320312
0.284393310546875 0.027069091796875 0.00677490234375002 -0.0420455932617188
0.218536376953125 0.201034545898438 0.3450927734375 0.1424560546875
-0.017822265625 -0.17205810546875 -0.42669677734375 -0.0829162597656251
-0.144332885742188 -0.038238525390625 -0.0542488098144531 0.0459823608398438
-0.100784301757813 0.089996337890625 0.096527099609375 -0.186294555664063
0.0121231079101563 0.120368957519531 -0.0860595703125 -0.308563232421875
0.0880050659179688 0.0720672607421875 -0.26934814453125 -0.208297729492188
0.110092163085937 -0.01385498046875 -0.377044677734375 -0.044952392578125
0.073211669921875 -0.0300750732421875 -0.349853515625 0.124481201171875
0.0645904541015625 -0.0136299133300781 -0.2734375 0.127044677734375
0.0651741027832031 -0.00434494018554688 -0.218475341796875 0.118133544921875
0.0427589416503906 0.0273933410644531 -0.192123413085938 0.087554931640625
-0.00980758666992188 0.0508956909179688 -0.194137573242187 0.10662841796875
-0.0922317504882812 0.01580810546875 -0.2777099609375 0.0971832275390624
-0.0834503173828125 -0.0960464477539063 -0.379241943359375 -0.00363159179687506
-0.000106811523437512 -0.173248291015625 -0.50347900390625 -0.0121459960937501
0.0858917236328125 -0.199386596679688 -0.5458984375 -0.0233764648437499
0.201614379882813 -0.159896850585938 -0.41571044921875 -0.147796630859375
0.0198745727539062 -0.105087280273438 -0.0574150085449219 0.0179214477539062
-0.0147590637207031 -0.0646896362304688 0.126754760742187 -0.21051025390625
-0.0191326141357422 -0.0179443359375 -0.066558837890625 -0.34124755859375
-0.0127315521240234 -0.0175619125366211 -0.266433715820313 -0.2476806640625
-0.0151138305664063 -0.0130090713500977 -0.386199951171875 -0.0565795898437501
-0.0465888977050781 0.0171470642089844 -0.349365234375 0.125030517578125
-0.0604362487792969 0.0119552612304688 -0.25506591796875 0.126907348632813
-0.0637474060058594 0.0265846252441406 -0.202072143554688 0.12640380859375
-0.073272705078125 -0.00237274169921876 -0.17059326171875 0.10833740234375
-0.0876388549804688 -0.0522308349609375 -0.166061401367188 0.123870849609375
-0.0810470581054687 -0.1326904296875 -0.261444091796875 0.121322631835937
0.06231689453125 -0.201446533203125 -0.355072021484375 0.0367126464843749
0.177978515625 -0.20361328125 -0.471160888671875 0.0142211914062501
0.301605224609375 -0.158966064453125 -0.49200439453125 -0.02899169921875
0.401397705078125 -0.1051025390625 -0.330322265625 -0.20098876953125
0.211318969726563 -0.133682250976563 -0.0113496780395508 -0.0157718658447266
0.117340087890625 -0.218368530273438 0.182586669921875 -0.230850219726563
-0.0219573974609375 -0.179641723632813 -0.016571044921875 -0.370361328125
-0.10223388671875 -0.133155822753906 -0.228851318359375 -0.287017822265625
-0.14227294921875 -0.0315704345703125 -0.35748291015625 -0.07733154296875
-0.164581298828125 0.05255126953125 -0.3101806640625 0.10498046875
-0.178573608398437 0.0352020263671875 -0.198440551757812 0.10870361328125
-0.182296752929687 0.06390380859375 -0.142974853515625 0.120025634765625
-0.182769775390625 -0.00872802734375003 -0.107391357421875 0.126167297363281
-0.17889404296875 -0.121627807617187 -0.105209350585938 0.148239135742188
-0.107833862304688 -0.24847412109375 -0.217315673828125 0.162506103515625
0.14984130859375 -0.310394287109375 -0.3138427734375 0.0908203125
0.30572509765625 -0.249786376953125 -0.408477783203125 0.03741455078125
0.467132568359375 -0.123199462890625 -0.377593994140625 -0.0186462402343749
0.53961181640625 -0.014984130859375 -0.176406860351562 -0.224899291992188
0.3892822265625 -0.11212158203125 0.0837860107421875 -0.0397186279296875
0.27685546875 -0.3280029296875 0.2550048828125 -0.230300903320313
0.014251708984375 -0.330413818359375 0.0596923828125 -0.37188720703125
-0.158111572265625 -0.25469970703125 -0.15203857421875 -0.30474853515625
-0.245773315429688 -0.0670318603515624 -0.28619384765625 -0.097686767578125
-0.259490966796875 0.069091796875 -0.232986450195313 0.069366455078125
-0.269638061523438 0.05078125 -0.112770080566406 0.0747833251953125
-0.273605346679688 0.09765625 -0.0545654296875 0.0948333740234375
-0.26690673828125 0.00236511230468749 -0.0168228149414063 0.127799987792969
-0.260910034179687 -0.154739379882812 -0.0239410400390625 0.158905029296875
-0.148468017578125 -0.318115234375 -0.149429321289063 0.19293212890625
0.191558837890625 -0.38916015625 -0.256668090820313 0.133895874023438
0.37908935546875 -0.276275634765625 -0.324920654296875 0.035369873046875
0.560394287109375 -0.074462890625 -0.220901489257813 -0.0115966796875
0.57391357421875 0.102294921875 0.0281982421875 -0.204605102539063
0.49798583984375 -0.026123046875 0.208938598632813 -0.0345306396484375
0.420745849609375 -0.3382568359375 0.327606201171875 -0.185943603515625
0.088897705078125 -0.413177490234375 0.155059814453125 -0.323883056640625
-0.154754638671875 -0.34423828125 -0.04168701171875 -0.285247802734375
-0.2989501953125 -0.11260986328125 -0.175247192382813 -0.108505249023438
-0.311187744140625 0.060791015625 -0.12640380859375 0.0247955322265625
-0.31915283203125 0.049163818359375 -0.011892318725586 0.0318698883056641
-0.325042724609375 0.1114501953125 0.0467376708984375 0.0568161010742188
-0.31365966796875 0.0107421875 0.0829315185546875 0.114540100097656
-0.30621337890625 -0.168487548828125 0.059234619140625 0.154739379882813
-0.1669921875 -0.345367431640625 -0.0773162841796875 0.204940795898437
0.21417236328125 -0.410369873046875 -0.1982421875 0.153152465820312
0.410736083984375 -0.256256103515625 -0.234634399414062 0.00991821289062503
0.576171875 -0.01373291015625 -0.0491676330566406 -0.00133132934570312
0.50238037109375 0.18292236328125 0.22894287109375 -0.141830444335938
0.497314453125 0.064056396484375 0.333343505859375 -0.007843017578125
0.476409912109375 -0.269683837890625 0.36822509765625 -0.123321533203125
0.146881103515625 -0.402435302734375 0.223709106445313 -0.245254516601563
-0.1219482421875 -0.362152099609375 0.0572509765625 -0.227081298828125
-0.297119140625 -0.13433837890625 -0.0545196533203125 -0.0959091186523438
-0.31207275390625 0.0496215820312501 -0.00807476043701174 -0.0128002166748047
-0.3201904296875 0.04742431640625 0.08984375 -0.0119705200195312
-0.331390380859375 0.11199951171875 0.149673461914062 0.011322021484375
-0.3165283203125 0.0170898437499999 0.182479858398437 0.0926055908203125
-0.3101806640625 -0.165069580078125 0.138107299804688 0.146377563476563
-0.15814208984375 -0.3365478515625 -0.00938415527343752 0.210113525390625
0.22796630859375 -0.37945556640625 -0.146896362304688 0.16217041015625
0.40582275390625 -0.197265625 -0.146011352539063 -0.0206756591796875
0.521942138671875 0.056610107421875 0.116012573242188 0.0179519653320313
0.343048095703125 0.217041015625 0.392425537109375 -0.06536865234375
0.388214111328125 0.129608154296875 0.429901123046875 0.026611328125
0.41900634765625 -0.154815673828125 0.3739013671875 -0.059326171875
0.158233642578125 -0.30865478515625 0.261703491210938 -0.158126831054688
-0.075225830078125 -0.302276611328125 0.131744384765625 -0.158111572265625
-0.244125366210937 -0.123458862304688 0.0533294677734375 -0.0771331787109375
-0.263504028320313 0.038238525390625 0.101188659667969 -0.0482711791992188
-0.273529052734375 0.040374755859375 0.17864990234375 -0.0551300048828125
-0.290283203125 0.095458984375 0.24139404296875 -0.034820556640625
-0.279953002929688 0.0153045654296875 0.27154541015625 0.070526123046875
-0.271957397460938 -0.15093994140625 0.203323364257812 0.144180297851563
-0.121307373046875 -0.297943115234375 0.044921875 0.217849731445312
0.230560302734375 -0.30645751953125 -0.109039306640625 0.16827392578125
0.366546630859375 -0.105255126953125 -0.0656509399414062 -0.0422096252441406
0.406768798828125 0.12371826171875 0.255508422851563 0.051971435546875
0.126296997070312 0.205459594726562 0.489044189453125 -0.00497436523437499
0.21038818359375 0.15325927734375 0.483612060546875 0.042510986328125
0.272003173828125 -0.037933349609375 0.35614013671875 -0.020294189453125
0.119964599609375 -0.169815063476563 0.273284912109375 -0.100418090820313
-0.0312347412109375 -0.18634033203125 0.171829223632813 -0.106903076171875
-0.15478515625 -0.0835113525390625 0.129959106445313 -0.0669937133789063
-0.17218017578125 0.022369384765625 0.180419921875 -0.0792236328125
-0.185714721679688 0.02874755859375 0.241409301757812 -0.090667724609375
-0.208541870117188 0.0634918212890625 0.312957763671875 -0.07037353515625
-0.20489501953125 0.00651550292968751 0.33807373046875 0.058807373046875
-0.199050903320313 -0.121749877929687 0.250869750976562 0.154632568359375
-0.0702056884765625 -0.228713989257813 0.082794189453125 0.2340087890625
0.208953857421875 -0.20123291015625 -0.0882415771484375 0.176193237304687
0.284515380859375 -0.00311279296875 -0.00164794921874999 -0.0426292419433594
0.237197875976563 0.174896240234375 0.352691650390625 0.103668212890625
-0.032257080078125 -0.163528442382813 -0.416168212890625 -0.04412841796875
-0.141159057617188 -0.026031494140625 -0.0449333190917969 0.0489578247070313
-0.088836669921875 0.0947189331054688 0.0807037353515625 -0.189102172851562
0.022918701171875 0.115119934082031 -0.107421875 -0.294189453125
0.0927581787109375 0.0609664916992187 -0.277328491210938 -0.181915283203125
0.103622436523438 -0.0250701904296875 -0.37237548828125 -0.0149536132812501
0.0647926330566406 -0.0359306335449219 -0.330230712890625 0.14984130859375
0.0590362548828125 -0.0190277099609375 -0.255599975585938 0.148529052734375
0.0609283447265625 -0.00941848754882813 -0.202651977539063 0.136199951171875
0.04205322265625 0.0213890075683594 -0.182052612304688 0.102005004882813
-0.00535964965820312 0.0473823547363281 -0.180221557617188 0.120086669921875
-0.0868072509765625 0.0231857299804687 -0.262725830078125 0.117095947265625
-0.0868148803710938 -0.085357666015625 -0.369659423828125 0.024139404296875
-0.0126800537109375 -0.167068481445313 -0.488372802734375 0.0269775390625
0.066986083984375 -0.199874877929687 -0.531097412109375 0.0202941894531251
0.18231201171875 -0.170028686523438 -0.411773681640625 -0.10516357421875
0.013519287109375 -0.103866577148438 -0.0505943298339844 0.023406982421875
-0.0180778503417969 -0.0636177062988281 0.10687255859375 -0.21490478515625
-0.0182304382324219 -0.0164756774902344 -0.089080810546875 -0.326904296875
-0.0122737884521484 -0.0174274444580078 -0.276748657226563 -0.220733642578125
-0.0162115097045898 -0.0137462615966797 -0.37994384765625 -0.025360107421875
-0.0462074279785156 0.0197906494140625 -0.33026123046875 0.149993896484375
-0.0604171752929688 0.01629638671875 -0.237991333007813 0.146041870117188
-0.0606956481933594 0.0306129455566406 -0.18597412109375 0.142196655273438
-0.0722808837890625 0.00115203857421875 -0.158233642578125 0.119979858398437
-0.0890579223632813 -0.0465545654296875 -0.151641845703125 0.135116577148438
-0.08843994140625 -0.122627258300781 -0.245651245117188 0.141860961914063
0.0472869873046875 -0.200225830078125 -0.342987060546875 0.061920166015625
0.158599853515625 -0.209915161132813 -0.45538330078125 0.05078125
0.281494140625 -0.1781005859375 -0.48016357421875 0.012176513671875
0.3802490234375 -0.13250732421875 -0.33453369140625 -0.16351318359375
0.1982421875 -0.146270751953125 -0.00841617584228514 -0.0106210708618164
0.0971527099609375 -0.223800659179688 0.157730102539062 -0.238983154296875
-0.034454345703125 -0.174057006835938 -0.043212890625 -0.358642578125
-0.109413146972656 -0.12127685546875 -0.242507934570313 -0.261581420898438
-0.139595031738281 -0.0203399658203125 -0.35272216796875 -0.04827880859375
-0.155731201171875 0.063140869140625 -0.29266357421875 0.12738037109375
-0.1724853515625 0.049163818359375 -0.184707641601562 0.1226806640625
-0.17193603515625 0.0777587890625 -0.128166198730469 0.1295166015625
-0.177993774414063 0.00491333007812501 -0.09423828125 0.13226318359375
-0.182525634765625 -0.105133056640625 -0.0907135009765625 0.153976440429688
-0.124801635742187 -0.232879638671875 -0.199066162109375 0.178802490234375
0.123291015625 -0.31494140625 -0.29937744140625 0.112396240234375
0.279052734375 -0.264175415039063 -0.394439697265625 0.070037841796875
0.446319580078125 -0.15667724609375 -0.36798095703125 0.012298583984375
0.52197265625 -0.057037353515625 -0.186660766601563 -0.1976318359375
0.373199462890625 -0.13861083984375 0.08135986328125 -0.0391998291015625
0.24188232421875 -0.344390869140625 0.227005004882813 -0.243759155273438
-0.01171875 -0.32257080078125 0.0299072265625 -0.36553955078125
-0.173995971679688 -0.23358154296875 -0.17059326171875 -0.284515380859375
-0.242965698242188 -0.0464019775390625 -0.28326416015625 -0.0726318359375
-0.245361328125 0.087432861328125 -0.219284057617188 0.086700439453125
-0.259323120117188 0.0724334716796875 -0.1044921875 0.0816268920898437
-0.255752563476563 0.11810302734375 -0.0444564819335938 0.096832275390625
-0.258132934570313 0.023712158203125 -0.0047149658203125 0.126296997070312
-0.26495361328125 -0.12933349609375 -0.010772705078125 0.1575927734375
-0.17120361328125 -0.296905517578125 -0.131484985351562 0.203262329101563
0.156829833984375 -0.395904541015625 -0.239944458007813 0.15020751953125
0.34869384765625 -0.2969970703125 -0.314697265625 0.061279296875
0.541839599609375 -0.11871337890625 -0.21551513671875 0.00704956054687504
0.56488037109375 0.05206298828125 0.011810302734375 -0.193923950195313
0.484222412109375 -0.064605712890625 0.201873779296875 -0.0430908203125
0.3814697265625 -0.36572265625 0.299896240234375 -0.205963134765625
0.053253173828125 -0.4080810546875 0.12689208984375 -0.32574462890625
-0.17926025390625 -0.3204345703125 -0.06201171875 -0.273635864257813
-0.297943115234375 -0.0855407714843751 -0.175308227539063 -0.0918121337890625
-0.29620361328125 0.083984375 -0.118804931640625 0.0347824096679688
-0.307159423828125 0.0753479003906249 -0.0101337432861328 0.0305709838867188
-0.3040771484375 0.13653564453125 0.0512924194335937 0.0497589111328125
-0.301055908203125 0.03607177734375 0.0916900634765625 0.104217529296875
-0.309844970703125 -0.1370849609375 0.069427490234375 0.146896362304688
-0.191619873046875 -0.321014404296875 -0.0599365234375 0.20947265625
0.1756591796875 -0.417633056640625 -0.180557250976562 0.165237426757812
0.37847900390625 -0.281829833984375 -0.229568481445313 0.029388427734375
0.562225341796875 -0.060638427734375 -0.0485076904296875 0.0028839111328125
0.503448486328125 0.135772705078125 0.211700439453125 -0.148818969726563
0.4903564453125 0.0244140625 0.3238525390625 -0.02783203125
0.438812255859375 -0.302703857421875 0.344573974609375 -0.146575927734375
0.1104736328125 -0.40228271484375 0.198898315429688 -0.253936767578125
-0.14935302734375 -0.340179443359375 0.038726806640625 -0.2257080078125
-0.298126220703125 -0.105133056640625 -0.0567550659179687 -0.0884170532226563
-0.297027587890625 0.0723876953124999 -0.00636482238769533 -0.0122308731079102
-0.30792236328125 0.072845458984375 0.0853118896484375 -0.0211257934570312
-0.310150146484375 0.138336181640625 0.147705078125 -0.00347900390624999
-0.303802490234375 0.0426025390625 0.186782836914062 0.07440185546875
-0.3131103515625 -0.132568359375 0.144454956054687 0.13287353515625
-0.182159423828125 -0.3133544921875 0.00627136230468751 0.208755493164062
0.19091796875 -0.390106201171875 -0.130325317382813 0.169845581054688
0.378570556640625 -0.2227783203125 -0.146484375 -0.00782775878906249
0.5150146484375 0.010894775390625 0.112274169921875 0.00795745849609375
0.35015869140625 0.181427001953125 0.375823974609375 -0.08795166015625
0.3880615234375 0.0947265625 0.418487548828125 -0.00198364257812499
0.3922119140625 -0.1866455078125 0.355621337890625 -0.08343505859375
0.1278076171875 -0.311248779296875 0.242813110351563 -0.172454833984375
-0.098785400390625 -0.285888671875 0.116180419921875 -0.163528442382813
-0.24627685546875 -0.0990447998046875 0.0498809814453125 -0.078338623046875
-0.249679565429688 0.0584716796875 0.09649658203125 -0.0557098388671875
-0.262451171875 0.0623779296875 0.16796875 -0.07073974609375
-0.271514892578125 0.11920166015625 0.232574462890625 -0.0572357177734375
-0.267562866210938 0.0382080078125 0.271682739257813 0.0449676513671875
-0.274917602539063 -0.120574951171875 0.208282470703125 0.124679565429688
-0.144271850585938 -0.277389526367188 0.060150146484375 0.210601806640625
0.1986083984375 -0.31878662109375 -0.092376708984375 0.171707153320312
0.34771728515625 -0.1314697265625 -0.070892333984375 -0.0355148315429688
0.406524658203125 0.085601806640625 0.249801635742188 0.0294036865234375
0.138046264648438 0.187393188476563 0.474700927734375 -0.03790283203125
0.2154541015625 0.131088256835937 0.471649169921875 0.00961303710937501
0.258529663085938 -0.0609588623046875 0.342926025390625 -0.04254150390625
0.101654052734375 -0.172714233398438 0.258392333984375 -0.11724853515625
-0.0463104248046875 -0.1766357421875 0.15887451171875 -0.11773681640625
-0.1571044921875 -0.06732177734375 0.124382019042969 -0.0746841430664063
-0.1634521484375 0.0369415283203125 0.170684814453125 -0.0933074951171875
-0.177169799804688 0.0440216064453125 0.226272583007813 -0.110870361328125
-0.195114135742188 0.0806427001953125 0.29827880859375 -0.09814453125
-0.195892333984375 0.02459716796875 0.334869384765625 0.027313232421875
-0.201385498046875 -0.0985870361328125 0.254714965820312 0.131484985351563
-0.0884857177734375 -0.212966918945313 0.0978546142578125 0.221893310546875
0.185745239257813 -0.214889526367188 -0.072021484375 0.178741455078125
0.276412963867188 -0.0260009765625 -0.00922012329101561 -0.0407943725585938
0.245742797851562 0.149551391601562 0.34716796875 0.071075439453125
-0.04150390625 -0.153488159179688 -0.404388427734375 -0.01800537109375
-0.138076782226563 -0.01702880859375 -0.0380935668945312 0.0499649047851563
-0.0800247192382812 0.095306396484375 0.06927490234375 -0.189117431640625
0.030487060546875 0.109550476074219 -0.11944580078125 -0.28167724609375
0.0950088500976563 0.0509109497070313 -0.279403686523438 -0.164993286132813
0.09649658203125 -0.0330657958984375 -0.365753173828125 0.005584716796875
0.0577049255371094 -0.0382308959960938 -0.31414794921875 0.166595458984375
0.053985595703125 -0.0221443176269531 -0.240585327148438 0.162460327148437
0.0567283630371094 -0.0132026672363281 -0.189163208007813 0.147140502929687
0.0402030944824219 0.0166015625 -0.1728515625 0.111465454101562
-0.00316238403320312 0.043792724609375 -0.169998168945312 0.128189086914063
-0.0816879272460938 0.0271759033203125 -0.249679565429688 0.130126953125
-0.0869827270507812 -0.076812744140625 -0.359649658203125 0.04205322265625
-0.0199127197265625 -0.1617431640625 -0.473297119140625 0.052490234375
0.0530853271484375 -0.197296142578125 -0.5146484375 0.0466308593749999
0.1671142578125 -0.173416137695313 -0.402435302734375 -0.076690673828125
0.00985717773437499 -0.102386474609375 -0.0443229675292969 0.0268058776855469
-0.0202980041503906 -0.0625762939453125 0.092010498046875 -0.215606689453125
-0.0171346664428711 -0.0160179138183594 -0.103729248046875 -0.31512451171875
-0.0126819610595703 -0.01788330078125 -0.279983520507813 -0.202239990234375
-0.0179367065429688 -0.0145111083984375 -0.373779296875 -0.00460815429687492
-0.04595947265625 0.0215492248535156 -0.312469482421875 0.16668701171875
-0.0601654052734375 0.0196533203125 -0.224380493164063 0.158065795898437
-0.0582656860351563 0.0331306457519531 -0.172653198242188 0.1517333984375
-0.0716018676757813 0.00408172607421876 -0.147872924804688 0.127304077148438
-0.0892333984375 -0.04254150390625 -0.14111328125 0.141510009765625
-0.0923995971679688 -0.114639282226562 -0.232040405273438 0.15484619140625
0.03790283203125 -0.197647094726563 -0.331939697265625 0.07830810546875
0.145309448242188 -0.211669921875 -0.440399169921875 0.0750732421875001
0.265090942382813 -0.188217163085937 -0.466064453125 0.0378723144531249
0.362335205078125 -0.149017333984375 -0.330535888671875 -0.135955810546875
0.18798828125 -0.153030395507813 -0.00532150268554686 -0.00654888153076173
0.081451416015625 -0.22540283203125 0.138763427734375 -0.24072265625
-0.0419921875 -0.168182373046875 -0.059814453125 -0.34674072265625
-0.11328125 -0.112586975097656 -0.248626708984375 -0.242996215820313
-0.137687683105469 -0.0142364501953125 -0.3447265625 -0.028045654296875
-0.149459838867188 0.07061767578125 -0.276779174804687 0.14141845703125
-0.168350219726563 0.058746337890625 -0.174041748046875 0.130615234375
-0.162216186523438 0.0855560302734375 -0.116851806640625 0.13519287109375
-0.172515869140625 0.014007568359375 -0.0842514038085938 0.134841918945313
-0.183319091796875 -0.093658447265625 -0.0798797607421875 0.156829833984375
-0.134613037109375 -0.219863891601563 -0.18505859375 0.1893310546875
0.10516357421875 -0.314544677734375 -0.28546142578125 0.12603759765625
0.259246826171875 -0.2716064453125 -0.38079833984375 0.091461181640625
0.42755126953125 -0.17877197265625 -0.35760498046875 0.032470703125
0.503662109375 -0.083465576171875 -0.190261840820313 -0.175567626953125
0.358734130859375 -0.1552734375 0.0800933837890625 -0.0376205444335938
0.214752197265625 -0.351348876953125 0.204574584960938 -0.248046875
-0.029449462890625 -0.31378173828125 0.011199951171875 -0.357147216796875
-0.183303833007812 -0.217575073242187 -0.178802490234375 -0.268798828125
-0.238357543945312 -0.032318115234375 -0.277801513671875 -0.05633544921875
-0.233627319335938 0.0982513427734376 -0.207061767578125 0.0972137451171875
-0.250946044921875 0.0868988037109375 -0.0978317260742188 0.0853347778320313
-0.24090576171875 0.131103515625 -0.037017822265625 0.0966949462890625
-0.249252319335938 0.0369720458984375 0.00313568115234373 0.122901916503906
-0.264068603515625 -0.110565185546875 -0.00236511230468753 0.155532836914063
-0.183853149414062 -0.279144287109375 -0.11737060546875 0.209793090820312
0.1307373046875 -0.396759033203125 -0.226730346679688 0.158889770507812
0.324981689453125 -0.307586669921875 -0.304962158203125 0.079315185546875
0.52398681640625 -0.147979736328125 -0.21002197265625 0.018951416015625
0.55230712890625 0.02020263671875 0.00289916992187504 -0.181900024414063
0.47052001953125 -0.089019775390625 0.196487426757813 -0.0472259521484375
0.348358154296875 -0.380279541015625 0.278167724609375 -0.213943481445313
0.028839111328125 -0.400665283203125 0.1072998046875 -0.323516845703125
-0.193511962890625 -0.301361083984375 -0.0727081298828125 -0.26385498046875
-0.2928466796875 -0.06640625 -0.172637939453125 -0.080047607421875
-0.282501220703125 0.09881591796875 -0.112213134765625 0.0404281616210938
-0.297210693359375 0.093109130859375 -0.00888633728027345 0.0289859771728516
-0.286346435546875 0.152099609375 0.0534477233886719 0.0438270568847656
-0.289276123046875 0.0527954101562499 0.0963897705078125 0.0953369140625
-0.307647705078125 -0.11376953125 0.075592041015625 0.140960693359375
-0.205780029296875 -0.3004150390625 -0.0482940673828125 0.211471557617187
0.147705078125 -0.42071533203125 -0.168502807617188 0.170608520507812
0.35546875 -0.294708251953125 -0.22412109375 0.042816162109375
0.5462646484375 -0.09228515625 -0.0479927062988281 0.00542831420898436
0.495361328125 0.103515625 0.19842529296875 -0.150283813476562
0.479583740234375 -0.004241943359375 0.31494140625 -0.0377197265625
0.407806396484375 -0.32354736328125 0.324493408203125 -0.157562255859375
0.083984375 -0.39703369140625 0.181289672851563 -0.256500244140625
-0.165557861328125 -0.322021484375 0.0258941650390625 -0.2213134765625
-0.29486083984375 -0.085723876953125 -0.0561294555664063 -0.083160400390625
-0.28369140625 0.08709716796875 -0.00490283966064455 -0.0120553970336914
-0.2972412109375 0.0905456542968749 0.080810546875 -0.0273056030273437
-0.29083251953125 0.153900146484375 0.144302368164062 -0.01458740234375
-0.290679931640625 0.059661865234375 0.18756103515625 0.0604248046875
-0.310394287109375 -0.10894775390625 0.147445678710937 0.122634887695313
-0.196197509765625 -0.291717529296875 0.0167388916015625 0.206573486328125
0.161956787109375 -0.39410400390625 -0.118759155273437 0.172103881835937
0.357940673828125 -0.238494873046875 -0.146255493164062 0.00227355957031249
0.503570556640625 -0.0211181640625 0.107437133789063 0.001220703125
0.350006103515625 0.1571044921875 0.36138916015625 -0.10009765625
0.38336181640625 0.07098388671875 0.407745361328125 -0.018707275390625
0.36865234375 -0.20556640625 0.340545654296875 -0.096099853515625
0.1063232421875 -0.308319091796875 0.227920532226563 -0.179519653320313
-0.113052368164062 -0.27105712890625 0.104446411132813 -0.164825439453125
-0.244415283203125 -0.08135986328125 0.0481948852539062 -0.0791168212890625
-0.23779296875 0.07098388671875 0.0927810668945312 -0.06195068359375
-0.251800537109375 0.077728271484375 0.1585693359375 -0.0811920166015625
-0.254898071289063 0.133575439453125 0.222869873046875 -0.07220458984375
-0.254974365234375 0.0533599853515625 0.267959594726563 0.0268707275390625
-0.272109985351563 -0.098907470703125 0.208908081054687 0.110885620117188
-0.1578369140625 -0.259109497070313 0.0689697265625 0.204193115234375
0.173675537109375 -0.323486328125 -0.0809326171875 0.172088623046875
0.3314208984375 -0.148284912109375 -0.074676513671875 -0.0294418334960938
0.40179443359375 0.058441162109375 0.241714477539063 0.0134429931640625
0.143936157226563 0.173324584960937 0.461029052734375 -0.05926513671875
0.21624755859375 0.115097045898438 0.4605712890625 -0.0137939453125
0.245223999023438 -0.0746917724609375 0.332122802734375 -0.055877685546875
0.0882720947265625 -0.171249389648438 0.246551513671875 -0.126846313476563
-0.055511474609375 -0.168243408203125 0.14813232421875 -0.12255859375
-0.156234741210938 -0.0550537109375 0.120346069335937 -0.0794525146484375
-0.155075073242188 0.04498291015625 0.162139892578125 -0.102951049804688
-0.168838500976563 0.0538787841796875 0.2125244140625 -0.123428344726563
-0.1829833984375 0.0915985107421875 0.28399658203125 -0.115966796875
-0.1875 0.03570556640625 0.32916259765625 0.00543212890625
-0.200042724609375 -0.0820465087890625 0.254806518554687 0.1151123046875
-0.099456787109375 -0.200027465820313 0.106643676757813 0.212081909179688
0.166122436523438 -0.2208251953125 -0.0611114501953125 0.177810668945313
0.268585205078125 -0.0417327880859375 -0.0161018371582031 -0.0389060974121094
0.247344970703125 0.129364013671875 0.337982177734375 0.0487060546875
-0.0475311279296875 -0.14642333984375 -0.398223876953125 0.000183105468750015
-0.13671875 -0.0110092163085937 -0.0335578918457031 0.0516738891601563
-0.0747299194335937 0.0962982177734375 0.0610504150390625 -0.19049072265625
0.0371322631835938 0.105842590332031 -0.130233764648437 -0.274948120117188
0.096710205078125 0.0440292358398438 -0.282989501953125 -0.1534423828125
0.0905380249023438 -0.0381317138671875 -0.3642578125 0.0236511230468751
0.0522613525390625 -0.0398178100585938 -0.304046630859375 0.1815185546875
0.0505447387695313 -0.0229225158691406 -0.23095703125 0.175018310546875
0.0536003112792969 -0.0156135559082031 -0.180160522460937 0.157821655273438
0.038238525390625 0.013092041015625 -0.168014526367188 0.119659423828125
-0.00188446044921875 0.0410690307617188 -0.164215087890625 0.135360717773438
-0.0772628784179688 0.0305252075195313 -0.24151611328125 0.141082763671875
-0.0867385864257813 -0.0712127685546875 -0.355224609375 0.05535888671875
-0.0258026123046875 -0.159027099609375 -0.46490478515625 0.07122802734375
0.042449951171875 -0.1966552734375 -0.508697509765625 0.0659484863281249
0.158645629882812 -0.1751708984375 -0.39813232421875 -0.055633544921875
0.00709533691406249 -0.101066589355469 -0.0396537780761719 0.0310211181640625
-0.0232086181640625 -0.0631980895996094 0.082427978515625 -0.2166748046875
-0.016016960144043 -0.0165958404541016 -0.115020751953125 -0.308746337890625
-0.0130653381347656 -0.0190200805664062 -0.285247802734375 -0.190216064453125
-0.0206985473632813 -0.0155487060546875 -0.370880126953125 0.0110778808593751
-0.0468406677246094 0.0244827270507812 -0.3021240234375 0.1810302734375
-0.0614814758300781 0.0235595703125 -0.215682983398438 0.169891357421875
-0.0574569702148438 0.0361175537109375 -0.163055419921875 0.161026000976563
-0.07196044921875 0.00535583496093752 -0.142166137695313 0.134475708007812
-0.0907211303710937 -0.04083251953125 -0.134429931640625 0.147232055664063
-0.0949630737304688 -0.109687805175781 -0.223526000976562 0.166030883789063
0.030853271484375 -0.198379516601563 -0.32666015625 0.090911865234375
0.136550903320313 -0.215179443359375 -0.431640625 0.0928649902343751
0.25372314453125 -0.197219848632813 -0.460357666015625 0.0567321777343749
0.352142333984375 -0.16094970703125 -0.3287353515625 -0.11572265625
0.181732177734375 -0.160232543945313 -0.00229310989379882 -0.00248384475708009
0.0702972412109375 -0.228912353515625 0.126480102539062 -0.24200439453125
-0.0481414794921875 -0.164657592773437 -0.07305908203125 -0.342559814453125
-0.117431640625 -0.107391357421875 -0.25543212890625 -0.231765747070312
-0.137527465820313 -0.00945281982421878 -0.343414306640625 -0.014495849609375
-0.145645141601563 0.0771484375 -0.267425537109375 0.154312133789063
-0.166091918945313 0.0680694580078125 -0.167327880859375 0.139175415039062
-0.156784057617188 0.0926055908203125 -0.10906982421875 0.140853881835938
-0.170989990234375 0.0203857421875 -0.0774307250976563 0.139213562011719
-0.185943603515625 -0.086090087890625 -0.0736236572265625 0.159942626953125
-0.14300537109375 -0.212509155273438 -0.176025390625 0.200103759765625
0.09234619140625 -0.318115234375 -0.2796630859375 0.1370849609375
0.2462158203125 -0.279083251953125 -0.37286376953125 0.10736083984375
0.416839599609375 -0.195098876953125 -0.353363037109375 0.04754638671875
0.494720458984375 -0.103515625 -0.191787719726562 -0.159332275390625
0.351226806640625 -0.170166015625 0.0806350708007813 -0.0355453491210938
0.195404052734375 -0.360382080078125 0.1904296875 -0.250701904296875
-0.042755126953125 -0.309478759765625 -0.00256347656250002 -0.35467529296875
-0.192230224609375 -0.207321166992188 -0.1876220703125 -0.260284423828125
-0.237640380859375 -0.022613525390625 -0.275711059570313 -0.0449371337890625
-0.227081298828125 0.108505249023438 -0.19915771484375 0.106094360351563
-0.24700927734375 0.100234985351563 -0.0946121215820313 0.0894012451171875
-0.2314453125 0.141632080078125 -0.0320358276367188 0.0980148315429688
-0.244400024414063 0.0475311279296875 0.00910186767578122 0.122657775878906
-0.266357421875 -0.098236083984375 0.00416564941406247 0.1563720703125
-0.194992065429688 -0.268692016601563 -0.108230590820313 0.2174072265625
0.113006591796875 -0.40185546875 -0.22039794921875 0.167831420898437
0.3104248046875 -0.3179931640625 -0.298919677734375 0.0928955078125
0.51458740234375 -0.17095947265625 -0.208480834960937 0.0282440185546875
0.54620361328125 -0.00140380859375 -0.00204467773437496 -0.173690795898438
0.46533203125 -0.109649658203125 0.194915771484375 -0.0493011474609375
0.325592041015625 -0.394744873046875 0.262908935546875 -0.219680786132813
0.01214599609375 -0.39825439453125 0.093719482421875 -0.324859619140625
-0.206207275390625 -0.2899169921875 -0.0829315185546875 -0.258575439453125
-0.293426513671875 -0.05364990234375 -0.171051025390625 -0.0728302001953125
-0.274612426757813 0.10955810546875 -0.107048034667969 0.0448684692382813
-0.292144775390625 0.107940673828125 -0.00859451293945314 0.0280208587646484
-0.2747802734375 0.165237426757812 0.0543632507324218 0.0392723083496094
-0.2825927734375 0.0648193359375 0.101242065429687 0.089599609375
-0.308319091796875 -0.09930419921875 0.0798797607421875 0.138656616210938
-0.218231201171875 -0.287445068359375 -0.03955078125 0.216476440429687
0.126953125 -0.42694091796875 -0.161514282226563 0.176528930664063
0.340728759765625 -0.3076171875 -0.2216796875 0.0534820556640625
0.539825439453125 -0.116943359375 -0.0491867065429687 0.00768280029296873
0.495086669921875 0.0821533203125 0.1920166015625 -0.150726318359375
0.47723388671875 -0.02581787109375 0.311798095703125 -0.04547119140625
0.386688232421875 -0.340728759765625 0.31268310546875 -0.166351318359375
0.065765380859375 -0.395751953125 0.169464111328125 -0.260711669921875
-0.179595947265625 -0.31060791015625 0.0173492431640625 -0.2208251953125
-0.29559326171875 -0.0715637207031249 -0.0551986694335938 -0.0811691284179688
-0.27587890625 0.0995025634765625 -0.00389575958251955 -0.0128297805786133
-0.291961669921875 0.105377197265625 0.0780487060546875 -0.0325088500976562
-0.2789306640625 0.16729736328125 0.141265869140625 -0.024139404296875
-0.28375244140625 0.07208251953125 0.1903076171875 0.04998779296875
-0.310211181640625 -0.091827392578125 0.150650024414063 0.116668701171875
-0.209274291992187 -0.2784423828125 0.023773193359375 0.207565307617187
0.1419677734375 -0.400726318359375 -0.11114501953125 0.175567626953125
0.3446044921875 -0.252899169921875 -0.147567749023437 0.00959777832031246
0.500244140625 -0.045135498046875 0.104240417480469 -0.0037994384765625
0.35247802734375 0.14019775390625 0.354888916015625 -0.109405517578125
0.38385009765625 0.0535888671875 0.404144287109375 -0.030364990234375
0.35272216796875 -0.22198486328125 0.332000732421875 -0.105133056640625
0.09136962890625 -0.308624267578125 0.219436645507813 -0.186141967773438
-0.125381469726562 -0.262557983398438 0.097442626953125 -0.167221069335938
-0.245132446289063 -0.0691375732421875 0.048004150390625 -0.0809555053710938
-0.23150634765625 0.081634521484375 0.0902786254882813 -0.0669479370117188
-0.247344970703125 0.090484619140625 0.151840209960937 -0.090362548828125
-0.243179321289063 0.14532470703125 0.216964721679687 -0.0845947265625
-0.248016357421875 0.0646514892578125 0.26788330078125 0.0121002197265625
-0.272262573242187 -0.0832061767578125 0.211135864257812 0.102386474609375
-0.169265747070313 -0.246826171875 0.0752105712890625 0.202255249023437
0.155242919921875 -0.331390380859375 -0.0746612548828125 0.173782348632812
0.32232666015625 -0.16314697265625 -0.0786590576171875 -0.0247802734375
0.401214599609375 0.037017822265625 0.23675537109375 0.002685546875
0.148773193359375 0.165130615234375 0.454193115234375 -0.073577880859375
0.218948364257813 0.103790283203125 0.45556640625 -0.028289794921875
0.23675537109375 -0.08709716796875 0.326873779296875 -0.064453125
0.079833984375 -0.17230224609375 0.240447998046875 -0.134445190429688
-0.063323974609375 -0.162857055664063 0.14251708984375 -0.127593994140625
-0.15673828125 -0.046844482421875 0.119522094726562 -0.084930419921875
-0.150558471679688 0.052215576171875 0.156387329101563 -0.112045288085938
-0.165176391601563 0.0621490478515625 0.203659057617188 -0.134780883789063
-0.175079345703125 0.0999298095703125 0.274520874023438 -0.130935668945313
-0.181533813476562 0.044464111328125 0.326416015625 -0.011505126953125
-0.20050048828125 -0.069183349609375 0.255355834960938 0.104400634765625
-0.10833740234375 -0.1912841796875 0.113418579101563 0.206787109375
0.15264892578125 -0.2283935546875 -0.05364990234375 0.178466796875
0.264083862304688 -0.0551910400390625 -0.0216064453125 -0.0374984741210938
0.2498779296875 0.1151123046875 0.33270263671875 0.03314208984375
-0.0534515380859375 -0.141952514648438 -0.398712158203125 0.02264404296875
-0.137580871582031 -0.00361633300781252 -0.028961181640625 0.0551071166992188
-0.070098876953125 0.100471496582031 0.053924560546875 -0.19488525390625
0.0445938110351563 0.103057861328125 -0.145294189453125 -0.272476196289063
0.099761962890625 0.0363998413085938 -0.293487548828125 -0.142486572265625
0.0861053466796875 -0.0437774658203125 -0.368743896484375 0.04364013671875
0.0476608276367188 -0.0413246154785156 -0.2972412109375 0.202178955078125
0.0482597351074219 -0.024810791015625 -0.22344970703125 0.193344116210938
0.0512771606445313 -0.0180015563964844 -0.173049926757813 0.172470092773437
0.0369453430175781 0.0101661682128906 -0.165054321289062 0.131378173828125
-0.001495361328125 0.0400390625 -0.15997314453125 0.1468505859375
-0.0750198364257812 0.0343475341796875 -0.236328125 0.156265258789063
-0.0880889892578125 -0.067352294921875 -0.356475830078125 0.073333740234375
-0.033416748046875 -0.1593017578125 -0.464263916015625 0.09295654296875
0.0316619873046875 -0.198501586914063 -0.51019287109375 0.0898742675781249
0.151626586914062 -0.182037353515625 -0.40081787109375 -0.03350830078125
0.00376129150390625 -0.102256774902344 -0.0354652404785156 0.0353431701660156
-0.0270004272460938 -0.0646018981933594 0.0724639892578125 -0.221420288085937
-0.0154762268066406 -0.0173158645629883 -0.13116455078125 -0.307098388671875
-0.0144367218017578 -0.0204906463623047 -0.296661376953125 -0.18060302734375
-0.024566650390625 -0.0153541564941406 -0.37548828125 0.030364990234375
-0.0475807189941406 0.0280075073242188 -0.295562744140625 0.20068359375
-0.0632400512695313 0.0293350219726563 -0.208236694335938 0.186538696289062
-0.0575180053710937 0.0395126342773438 -0.155776977539063 0.173812866210938
-0.0737838745117188 0.008056640625 -0.137374877929688 0.145034790039062
-0.0947113037109375 -0.0383682250976563 -0.129348754882812 0.157318115234375
-0.100944519042969 -0.107292175292969 -0.217315673828125 0.182479858398437
0.023712158203125 -0.202423095703125 -0.326568603515625 0.107574462890625
0.12908935546875 -0.22381591796875 -0.42950439453125 0.115692138671875
0.246490478515625 -0.21087646484375 -0.4620361328125 0.079010009765625
0.347900390625 -0.177520751953125 -0.333099365234375 -0.0957336425781251
0.177291870117187 -0.1715087890625 0.000921726226806651 0.00175154209136962
0.0583038330078125 -0.236541748046875 0.115081787109375 -0.248748779296875
-0.055572509765625 -0.165130615234375 -0.090362548828125 -0.342132568359375
-0.125473022460938 -0.103187561035156 -0.269317626953125 -0.2236328125
-0.140960693359375 -0.00320434570312498 -0.3472900390625 0.00222778320312493
-0.14373779296875 0.0866546630859375 -0.260482788085938 0.171218872070313
-0.166168212890625 0.0803680419921875 -0.162307739257812 0.152389526367188
-0.154434204101562 0.102294921875 -0.102676391601563 0.150253295898437
-0.1722412109375 0.0283050537109375 -0.070892333984375 0.145751953125
-0.193099975585938 -0.0789794921875 -0.0666046142578125 0.167037963867188
-0.155487060546875 -0.208343505859375 -0.167648315429688 0.215606689453125
0.077972412109375 -0.328643798828125 -0.277679443359375 0.151992797851563
0.2373046875 -0.294158935546875 -0.37127685546875 0.1278076171875
0.4117431640625 -0.220855712890625 -0.354766845703125 0.0661010742187499
0.49432373046875 -0.12628173828125 -0.198150634765625 -0.146194458007812
0.348846435546875 -0.190704345703125 0.0831222534179688 -0.0351028442382813
0.1768798828125 -0.375274658203125 0.1788330078125 -0.259735107421875
-0.058929443359375 -0.310943603515625 -0.01995849609375 -0.35821533203125
-0.206039428710937 -0.199478149414063 -0.201568603515625 -0.255340576171875
-0.241546630859375 -0.011077880859375 -0.2796630859375 -0.032684326171875
-0.223724365234375 0.122314453125 -0.19427490234375 0.118850708007812
-0.246490478515625 0.117889404296875 -0.0916213989257813 0.0963897705078125
-0.226211547851563 0.15618896484375 -0.0274505615234375 0.100837707519531
-0.243972778320313 0.0594482421875 0.0158538818359375 0.1231689453125
-0.273818969726563 -0.08599853515625 0.0113372802734375 0.159530639648438
-0.211990356445312 -0.261337280273438 -0.0985107421875 0.230850219726563
0.09283447265625 -0.415435791015625 -0.21600341796875 0.18115234375
0.2984619140625 -0.337799072265625 -0.2982177734375 0.1103515625
0.512451171875 -0.20086669921875 -0.210128784179687 0.0396881103515625
0.551788330078125 -0.02752685546875 -0.00817871093749998 -0.169586181640625
0.466796875 -0.13397216796875 0.197280883789063 -0.0543365478515625
0.30633544921875 -0.41717529296875 0.253585815429688 -0.231491088867188
-0.00866699218750002 -0.40264892578125 0.0791015625 -0.33245849609375
-0.225250244140625 -0.282257080078125 -0.0944213867187501 -0.25848388671875
-0.29833984375 -0.038970947265625 -0.173812866210938 -0.066497802734375
-0.270965576171875 0.126190185546875 -0.104316711425781 0.0513229370117187
-0.291656494140625 0.129180908203125 -0.00831031799316408 0.0287704467773438
-0.267623901367187 0.181243896484375 0.0562553405761719 0.0361328125
-0.280258178710938 0.0797271728515625 0.107345581054687 0.0847396850585938
-0.315887451171875 -0.082855224609375 0.0872955322265625 0.1370849609375
-0.236846923828125 -0.278030395507813 -0.0290679931640625 0.225921630859375
0.104248046875 -0.441192626953125 -0.156097412109375 0.186325073242188
0.329132080078125 -0.328887939453125 -0.2227783203125 0.0670318603515625
0.541168212890625 -0.150482177734375 -0.0511932373046875 0.01055908203125
0.504119873046875 0.058380126953125 0.1884765625 -0.155746459960938
0.482574462890625 -0.050628662109375 0.31463623046875 -0.0557861328125
0.372894287109375 -0.364654541015625 0.305633544921875 -0.178497314453125
0.0455322265625 -0.402618408203125 0.159255981445312 -0.2713623046875
-0.199371337890625 -0.3050537109375 0.00881958007812498 -0.22442626953125
-0.301361083984375 -0.056671142578125 -0.0567779541015625 -0.0805511474609375
-0.271697998046875 0.115875244140625 -0.00345706939697267 -0.0134773254394531
-0.29083251953125 0.125579833984375 0.0754928588867187 -0.03851318359375
-0.270599365234375 0.184799194335937 0.140579223632813 -0.0333404541015625
-0.280303955078125 0.0871124267578124 0.195205688476562 0.038421630859375
-0.3165283203125 -0.074432373046875 0.157485961914062 0.111801147460938
-0.226104736328125 -0.268173217773438 0.0343170166015625 0.213775634765625
0.11956787109375 -0.414825439453125 -0.105422973632813 0.1829833984375
0.335479736328125 -0.27435302734375 -0.151031494140625 0.0185546875
0.502899169921875 -0.0758056640625 0.102958679199219 -0.00906372070312501
0.3623046875 0.12396240234375 0.35400390625 -0.123321533203125
0.390380859375 0.03216552734375 0.4078369140625 -0.046295166015625
0.34185791015625 -0.24365234375 0.3302001953125 -0.118682861328125
0.0765380859375 -0.3157958984375 0.214065551757812 -0.197402954101563
-0.142501831054688 -0.258468627929688 0.091461181640625 -0.173416137695313
-0.250885009765625 -0.057037353515625 0.0491714477539062 -0.086639404296875
-0.227981567382813 0.0948944091796875 0.0890274047851562 -0.0750198364257813
-0.245559692382813 0.107131958007812 0.147018432617187 -0.102066040039063
-0.236465454101563 0.161239624023437 0.213729858398437 -0.10015869140625
-0.244430541992188 0.078582763671875 0.272232055664063 -0.0052490234375
-0.277664184570312 -0.0674591064453125 0.217239379882812 0.0941925048828125
-0.184051513671875 -0.23834228515625 0.0859222412109375 0.20355224609375
0.135772705078125 -0.345367431640625 -0.06817626953125 0.179092407226562
0.316192626953125 -0.18292236328125 -0.08465576171875 -0.0203018188476563
0.406524658203125 0.01397705078125 0.235549926757813 -0.0093231201171875
0.158203125 0.159011840820313 0.455047607421875 -0.0927734375
0.225082397460937 0.09271240234375 0.45867919921875 -0.0479736328125
0.23223876953125 -0.10089111328125 0.32879638671875 -0.0784912109375
0.07196044921875 -0.176528930664063 0.237930297851563 -0.147750854492188
-0.073486328125 -0.160659790039063 0.138885498046875 -0.136009216308594
-0.160675048828125 -0.038787841796875 0.11968994140625 -0.0936050415039062
-0.147491455078125 0.061370849609375 0.152435302734375 -0.12384033203125
-0.163681030273438 0.0744476318359375 0.196151733398437 -0.150146484375
-0.169326782226563 0.1112060546875 0.269332885742188 -0.150650024414062
-0.178680419921875 0.0541839599609375 0.3297119140625 -0.03179931640625
-0.20343017578125 -0.0577545166015625 0.262680053710938 0.094451904296875
-0.120315551757812 -0.184829711914063 0.12359619140625 0.205825805664063
0.13916015625 -0.2393798828125 -0.046234130859375 0.182952880859375
0.262130737304688 -0.071929931640625 -0.0280113220214844 -0.0357933044433594
0.256561279296875 0.101181030273438 0.33392333984375 0.0164794921875
-0.0612335205078125 -0.136894226074219 -0.39794921875 0.052093505859375
-0.138633728027344 0.00654602050781248 -0.0226173400878906 0.059051513671875
-0.06378173828125 0.106201171875 0.0423431396484375 -0.200469970703125
0.0538406372070312 0.0987167358398437 -0.16656494140625 -0.265472412109375
0.102752685546875 0.0273361206054688 -0.308380126953125 -0.125091552734375
0.08056640625 -0.0502700805664063 -0.371826171875 0.0716247558593749
0.0432281494140625 -0.0440940856933594 -0.284942626953125 0.23004150390625
0.0457725524902344 -0.0275039672851562 -0.210311889648438 0.216461181640625
0.0492630004882813 -0.021759033203125 -0.160980224609375 0.189773559570312
0.0360298156738281 0.00648880004882813 -0.15887451171875 0.147354125976563
-4.57763671875037E-05 0.0386695861816406 -0.15234375 0.161468505859375
-0.0720138549804688 0.0394821166992188 -0.227020263671875 0.17596435546875
-0.0915145874023438 -0.0621490478515625 -0.35540771484375 0.0984497070312501
-0.045013427734375 -0.158737182617188 -0.4615478515625 0.1251220703125
0.0165557861328125 -0.201065063476563 -0.50860595703125 0.126312255859375
0.142684936523438 -0.192825317382813 -0.403167724609375 -0.00347900390625002
-0.002349853515625 -0.104316711425781 -0.0295600891113281 0.04119873046875
-0.0319290161132812 -0.0636940002441406 0.058624267578125 -0.228042602539063
-0.0158290863037109 -0.0183296203613281 -0.1546630859375 -0.3021240234375
-0.0168075561523438 -0.0211029052734375 -0.314697265625 -0.163909912109375
-0.0276699066162109 -0.0138263702392578 -0.37939453125 0.058441162109375
-0.0474624633789063 0.0332260131835937 -0.28253173828125 0.22705078125
-0.0628700256347656 0.0368270874023438 -0.196319580078125 0.208526611328125
-0.0565605163574219 0.0452766418457031 -0.143630981445312 0.190170288085938
-0.0762176513671875 0.0125885009765625 -0.129241943359375 0.159149169921875
-0.100608825683594 -0.0337448120117188 -0.120712280273437 0.169921875
-0.10931396484375 -0.102165222167969 -0.205398559570313 0.202651977539063
0.0117950439453125 -0.208343505859375 -0.32305908203125 0.13214111328125
0.115936279296875 -0.235427856445312 -0.42547607421875 0.146728515625
0.234268188476563 -0.230606079101563 -0.462554931640625 0.112457275390625
0.3411865234375 -0.20245361328125 -0.339569091796875 -0.0699768066406251
0.1695556640625 -0.1875 0.00542831420898439 0.00530099868774413
0.0402679443359375 -0.245208740234375 0.0998077392578125 -0.256301879882813
-0.0681915283203125 -0.164352416992187 -0.11572265625 -0.3406982421875
-0.135520935058594 -0.0960540771484375 -0.288116455078125 -0.209228515625
-0.143951416015625 0.00732421875000003 -0.352264404296875 0.02630615234375
-0.139236450195313 0.098724365234375 -0.248779296875 0.193801879882812
-0.16387939453125 0.0970611572265625 -0.1524658203125 0.16888427734375
-0.148880004882813 0.11614990234375 -0.0917205810546875 0.162109375
-0.17327880859375 0.0403594970703125 -0.0621185302734375 0.15362548828125
-0.202194213867188 -0.0664978027343751 -0.0564727783203125 0.17578125
-0.172531127929687 -0.1998291015625 -0.15289306640625 0.234329223632813
0.0557861328125 -0.341156005859375 -0.27142333984375 0.173721313476562
0.220947265625 -0.31475830078125 -0.36566162109375 0.155364990234375
0.401519775390625 -0.252777099609375 -0.355255126953125 0.0928955078124999
0.493011474609375 -0.16094970703125 -0.2059326171875 -0.128799438476563
0.341796875 -0.2188720703125 0.0852890014648438 -0.0365829467773438
0.149993896484375 -0.39434814453125 0.162567138671875 -0.271026611328125
-0.0814208984375 -0.311004638671875 -0.04461669921875 -0.361358642578125
-0.224853515625 -0.187515258789062 -0.221221923828125 -0.246185302734375
-0.246292114257813 0.00607299804687501 -0.28533935546875 -0.015106201171875
-0.216323852539063 0.140625 -0.18572998046875 0.134811401367187
-0.242202758789063 0.140899658203125 -0.0863189697265625 0.105484008789063
-0.2169189453125 0.175811767578125 -0.0206680297851563 0.105087280273438
-0.242218017578125 0.0770111083984375 0.0254287719726562 0.124046325683594
-0.2833251953125 -0.066986083984375 0.0224151611328125 0.162612915039062
-0.234939575195313 -0.249267578125 -0.0817108154296875 0.246383666992188
0.063201904296875 -0.429779052734375 -0.207977294921875 0.19927978515625
0.2794189453125 -0.364227294921875 -0.294189453125 0.132659912109375
0.504302978515625 -0.242584228515625 -0.211410522460937 0.0552825927734375
0.5572509765625 -0.06695556640625 -0.015899658203125 -0.165176391601563
0.46435546875 -0.170867919921875 0.198150634765625 -0.0637359619140625
0.277130126953125 -0.447357177734375 0.239166259765625 -0.24700927734375
-0.03839111328125 -0.406280517578125 0.0567626953125 -0.340545654296875
-0.250381469726562 -0.268661499023438 -0.113113403320313 -0.257034301757813
-0.3056640625 -0.018524169921875 -0.178848266601563 -0.057159423828125
-0.263656616210938 0.148086547851563 -0.0994491577148438 0.0587387084960938
-0.28662109375 0.1563720703125 -0.00796699523925783 0.0298652648925781
-0.256393432617187 0.204971313476563 0.0590553283691406 0.0318450927734375
-0.275924682617188 0.100357055664063 0.114974975585937 0.0767974853515625
-0.324615478515625 -0.059326171875 0.0980606079101562 0.134895324707031
-0.260528564453125 -0.263412475585938 -0.0123443603515625 0.236373901367187
0.07012939453125 -0.457244873046875 -0.14630126953125 0.200637817382813
0.309600830078125 -0.35833740234375 -0.222488403320312 0.08447265625
0.536224365234375 -0.19525146484375 -0.0531463623046875 0.0143814086914062
0.515655517578125 0.025115966796875 0.18267822265625 -0.166229248046875
0.48565673828125 -0.087432861328125 0.316375732421875 -0.073699951171875
0.34716796875 -0.399200439453125 0.297027587890625 -0.198577880859375
0.017547607421875 -0.410430908203125 0.1427001953125 -0.28485107421875
-0.225341796875 -0.292755126953125 -0.00517272949218749 -0.227783203125
-0.30975341796875 -0.0358886718749999 -0.06072998046875 -0.0804214477539063
-0.265029907226562 0.137710571289063 -0.00203418731689455 -0.0150585174560547
-0.285552978515625 0.1524658203125 0.0715408325195312 -0.0459671020507812
-0.258575439453125 0.208282470703125 0.137481689453125 -0.046600341796875
-0.274795532226563 0.108291625976563 0.200958251953125 0.02239990234375
-0.324676513671875 -0.05035400390625 0.166015625 0.103988647460937
-0.248886108398437 -0.253204345703125 0.05023193359375 0.217971801757812
0.0865478515625 -0.4305419921875 -0.0962677001953125 0.192977905273437
0.31805419921875 -0.3040771484375 -0.153884887695312 0.03033447265625
0.502593994140625 -0.11572265625 0.100837707519531 -0.0161361694335938
0.375518798828125 0.099609375 0.351715087890625 -0.1441650390625
0.397796630859375 0.003448486328125 0.41033935546875 -0.071868896484375
0.3260498046875 -0.2733154296875 0.32550048828125 -0.139129638671875
0.054534912109375 -0.323974609375 0.203948974609375 -0.214889526367188
-0.164382934570312 -0.249099731445313 0.081756591796875 -0.183059692382813
-0.257980346679688 -0.038360595703125 0.0465621948242187 -0.0937652587890625
-0.221343994140625 0.113189697265625 0.085784912109375 -0.0844268798828125
-0.240890502929688 0.130142211914063 0.138801574707031 -0.116065979003906
-0.2259521484375 0.180908203125 0.206100463867188 -0.119918823242187
-0.239608764648438 0.0968017578125 0.27496337890625 -0.027587890625
-0.28314208984375 -0.0462036132812501 0.22613525390625 0.082550048828125
-0.20361328125 -0.225051879882812 0.10174560546875 0.203033447265625
0.10882568359375 -0.35968017578125 -0.05828857421875 0.185775756835937
0.30523681640625 -0.20941162109375 -0.0899810791015625 -0.013153076171875
0.410980224609375 -0.01776123046875 0.234481811523438 -0.0260162353515625
0.170547485351562 0.150009155273438 0.454132080078125 -0.12261962890625
0.233413696289063 0.075775146484375 0.4603271484375 -0.07806396484375
0.226242065429688 -0.120834350585938 0.328155517578125 -0.099761962890625
0.060272216796875 -0.183242797851563 0.231369018554688 -0.166030883789063
-0.08795166015625 -0.155654907226563 0.132583618164063 -0.147552490234375
-0.16607666015625 -0.0260772705078125 0.118049621582031 -0.106224060058594
-0.142196655273437 0.07366943359375 0.145004272460938 -0.139251708984375
-0.159698486328125 0.089141845703125 0.184829711914063 -0.169219970703125
-0.161361694335938 0.126312255859375 0.258010864257813 -0.175460815429688
-0.174728393554688 0.0673065185546875 0.330810546875 -0.0594482421875
-0.208572387695313 -0.0418243408203125 0.271743774414062 0.0781707763671875
-0.13507080078125 -0.175613403320313 0.138519287109375 0.20166015625
0.119491577148437 -0.253311157226563 -0.0365447998046875 0.187896728515625
0.25830078125 -0.09307861328125 -0.0347156524658203 -0.0339908599853516
0.265274047851562 0.0821685791015625 0.335357666015625 -0.00604248046874999
-0.069976806640625 -0.129623413085938 -0.38726806640625 0.0865173339843751
-0.136062622070313 0.0194549560546875 -0.0138626098632813 0.0614242553710937
-0.0535659790039063 0.110733032226563 0.0262298583984375 -0.202880859375
0.0630111694335937 0.0901336669921875 -0.188308715820313 -0.249237060546875
0.103477478027344 0.0161819458007813 -0.318572998046875 -0.099761962890625
0.0726318359375 -0.05560302734375 -0.36505126953125 0.104949951171875
0.0380134582519531 -0.0456581115722656 -0.26177978515625 0.255859375
0.0415573120117188 -0.0305900573730469 -0.18658447265625 0.23785400390625
0.0457191467285156 -0.02569580078125 -0.140762329101563 0.20513916015625
0.0336589813232422 0.00248146057128906 -0.146728515625 0.1630859375
0.00226211547851562 0.0366706848144531 -0.138702392578125 0.174880981445313
-0.0666694641113281 0.0446243286132813 -0.209320068359375 0.1939697265625
-0.093414306640625 -0.0543060302734375 -0.3436279296875 0.126678466796875
-0.0585784912109375 -0.153762817382813 -0.445068359375 0.160736083984375
-0.00195312500000001 -0.19873046875 -0.494354248046875 0.1668701171875
0.1282958984375 -0.203292846679688 -0.39581298828125 0.0331115722656249
-0.0101089477539062 -0.103630065917969 -0.0212249755859375 0.0452728271484375
-0.0381393432617188 -0.0609588623046875 0.04052734375 -0.230087280273438
-0.0168781280517578 -0.0192756652832031 -0.178985595703125 -0.286346435546875
-0.0197105407714844 -0.0202827453613281 -0.32720947265625 -0.137359619140625
-0.0314693450927734 -0.0105819702148438 -0.37261962890625 0.0914306640625
-0.0451736450195313 0.0385704040527344 -0.258697509765625 0.252883911132813
-0.0606498718261719 0.0445671081542969 -0.17431640625 0.228225708007813
-0.0532302856445312 0.0505790710449219 -0.123672485351562 0.205047607421875
-0.0770187377929688 0.0183868408203125 -0.115188598632813 0.171890258789063
-0.104202270507813 -0.026641845703125 -0.10614013671875 0.181610107421875
-0.117080688476563 -0.0926589965820312 -0.18536376953125 0.22076416015625
-0.005462646484375 -0.2103271484375 -0.309661865234375 0.1580810546875
0.0952606201171875 -0.24346923828125 -0.4091796875 0.181304931640625
0.21221923828125 -0.248306274414063 -0.448883056640625 0.1513671875
0.322998046875 -0.230133056640625 -0.338134765625 -0.0364685058593751
0.152801513671875 -0.201889038085938 0.0104808807373047 0.00807857513427733
0.01763916015625 -0.247177124023437 0.078704833984375 -0.260391235351563
-0.0812530517578125 -0.158294677734375 -0.143035888671875 -0.328582763671875
-0.144668579101563 -0.083099365234375 -0.304443359375 -0.186126708984375
-0.143722534179688 0.0199127197265625 -0.348388671875 0.056976318359375
-0.129425048828125 0.1114501953125 -0.2283935546875 0.215896606445313
-0.1556396484375 0.114288330078125 -0.135635375976563 0.184616088867188
-0.138534545898438 0.130363464355469 -0.0765380859375 0.171737670898438
-0.16949462890625 0.054351806640625 -0.0476531982421875 0.159866333007813
-0.208160400390625 -0.0496368408203125 -0.041534423828125 0.181854248046875
-0.189895629882813 -0.184188842773438 -0.129608154296875 0.249343872070313
0.02484130859375 -0.346649169921875 -0.255416870117188 0.19610595703125
0.19281005859375 -0.332366943359375 -0.349822998046875 0.186004638671875
0.376739501953125 -0.28692626953125 -0.344482421875 0.122711181640625
0.47686767578125 -0.20440673828125 -0.210906982421875 -0.106185913085938
0.3214111328125 -0.24920654296875 0.0863265991210938 -0.0393142700195313
0.112091064453125 -0.406524658203125 0.13848876953125 -0.279464721679688
-0.10797119140625 -0.3021240234375 -0.074951171875 -0.3544921875
-0.241607666015625 -0.165359497070312 -0.241500854492188 -0.228134155273437
-0.244125366210938 0.0275115966796875 -0.28399658203125 0.00869750976562497
-0.202163696289063 0.159805297851562 -0.169784545898438 0.150192260742188
-0.228927612304687 0.16571044921875 -0.0757980346679688 0.114524841308594
-0.199478149414063 0.195388793945313 -0.0111770629882813 0.108062744140625
-0.23382568359375 0.0973052978515625 0.0365982055664062 0.121711730957031
-0.28814697265625 -0.0421142578125 0.036224365234375 0.162094116210938
-0.256149291992188 -0.226409912109375 -0.0579376220703125 0.256805419921875
0.02166748046875 -0.43572998046875 -0.191146850585938 0.216537475585937
0.245697021484375 -0.38629150390625 -0.281341552734375 0.158416748046875
0.480072021484375 -0.2872314453125 -0.206130981445312 0.0738525390625
0.550506591796875 -0.1146240234375 -0.02569580078125 -0.15753173828125
0.44732666015625 -0.213043212890625 0.195480346679688 -0.075225830078125
0.234375 -0.470733642578125 0.21697998046875 -0.2611083984375
-0.073211669921875 -0.400970458984375 0.027130126953125 -0.34307861328125
-0.275009155273438 -0.243209838867188 -0.134750366210938 -0.246902465820313
-0.305511474609375 0.00927734374999997 -0.181304931640625 -0.0436553955078125
-0.247894287109375 0.170166015625 -0.0911483764648438 0.0661773681640625
-0.270736694335938 0.185684204101562 -0.00625801086425783 0.030721664428711
-0.235198974609375 0.228713989257812 0.0603904724121094 0.0267715454101563
-0.265350341796875 0.124267578125 0.121925354003906 0.0652618408203125
-0.32757568359375 -0.029937744140625 0.108856201171875 0.127685546875
-0.283447265625 -0.237640380859375 0.0103912353515625 0.241241455078125
0.0264892578125 -0.46246337890625 -0.130477905273438 0.213577270507812
0.275604248046875 -0.3831787109375 -0.2149658203125 0.103790283203125
0.51422119140625 -0.243408203125 -0.0529899597167968 0.0198745727539063
0.51556396484375 -0.01959228515625 0.170562744140625 -0.175048828125
0.475372314453125 -0.131744384765625 0.310516357421875 -0.095733642578125
0.306121826171875 -0.428985595703125 0.277740478515625 -0.217391967773438
-0.0185546875 -0.409637451171875 0.11749267578125 -0.294647216796875
-0.253067016601563 -0.269485473632813 -0.0244903564453125 -0.227737426757813
-0.31103515625 -0.0069580078125 -0.064178466796875 -0.0773239135742188
-0.249618530273438 0.159530639648438 -0.00119876861572267 -0.0171232223510742
-0.26971435546875 0.181564331054688 0.065460205078125 -0.0526313781738281
-0.236663818359375 0.232315063476563 0.130928039550781 -0.0597381591796875
-0.26171875 0.131744384765625 0.201873779296875 0.00244140625000001
-0.325225830078125 -0.020965576171875 0.175048828125 0.091339111328125
-0.270538330078125 -0.228134155273438 0.0710601806640625 0.216690063476562
0.04461669921875 -0.43701171875 -0.0813751220703125 0.201263427734375
0.28851318359375 -0.3311767578125 -0.1527099609375 0.0445709228515625
0.48944091796875 -0.16229248046875 0.0955734252929688 -0.0240859985351563
0.383209228515625 0.066436767578125 0.339752197265625 -0.16888427734375
0.39453125 -0.032623291015625 0.4034423828125 -0.10223388671875
0.2974853515625 -0.30328369140625 0.312591552734375 -0.162261962890625
0.025848388671875 -0.326904296875 0.183990478515625 -0.230621337890625
-0.187164306640625 -0.232192993164063 0.0673370361328125 -0.189773559570313
-0.25921630859375 -0.0137481689453125 0.0409774780273437 -0.100677490234375
-0.207321166992188 0.131622314453125 0.0789871215820313 -0.09375
-0.226974487304687 0.15460205078125 0.124748229980469 -0.129409790039063
-0.20550537109375 0.201278686523437 0.190948486328125 -0.13995361328125
-0.227767944335938 0.116378784179687 0.269821166992188 -0.0545654296875
-0.283416748046875 -0.01922607421875 0.231414794921875 0.0638580322265625
-0.221176147460937 -0.203872680664063 0.119461059570312 0.196395874023438
0.073150634765625 -0.367919921875 -0.0438079833984375 0.1898193359375
0.283538818359375 -0.23590087890625 -0.0946731567382812 -0.00441741943359378
0.404876708984375 -0.056793212890625 0.2279052734375 -0.0455474853515625
0.183547973632813 0.1336669921875 0.443450927734375 -0.15594482421875
0.23797607421875 0.05377197265625 0.45123291015625 -0.115081787109375
0.21087646484375 -0.141616821289063 0.31939697265625 -0.12445068359375
0.0437164306640625 -0.18695068359375 0.217117309570313 -0.18450927734375
-0.102279663085938 -0.145278930664063 0.1207275390625 -0.158859252929688
-0.165924072265625 -0.009796142578125 0.110916137695313 -0.119651794433594
-0.132369995117188 0.0856170654296875 0.131744384765625 -0.154708862304688
-0.149505615234375 0.1048583984375 0.164703369140625 -0.187347412109375
-0.147018432617187 0.141036987304688 0.23797607421875 -0.200790405273438
-0.166091918945313 0.0819854736328125 0.322662353515625 -0.092315673828125
-0.208877563476563 -0.02215576171875 0.27691650390625 0.0557708740234375
-0.148101806640625 -0.160629272460938 0.1553955078125 0.190841674804687
0.093292236328125 -0.262191772460938 -0.02130126953125 0.189361572265625
0.24603271484375 -0.116928100585938 -0.0424919128417969 -0.0293846130371094
0.269485473632813 0.056732177734375 0.328948974609375 -0.03424072265625
-0.0760498046875 -0.120315551757813 -0.364593505859375 0.11529541015625
-0.128616333007813 0.0307235717773438 -0.00545501708984376 0.0610771179199219
-0.0421905517578125 0.111602783203125 0.0117950439453125 -0.19873046875
0.0677642822265625 0.0795211791992188 -0.201675415039063 -0.227447509765625
0.0995864868164063 0.0055694580078125 -0.31732177734375 -0.0711975097656251
0.0636520385742188 -0.0588417053222656 -0.34503173828125 0.1328125
0.0314140319824219 -0.04559326171875 -0.229446411132813 0.273101806640625
0.037109375 -0.0317535400390625 -0.157440185546875 0.248886108398438
0.0400238037109375 -0.0283966064453125 -0.116607666015625 0.212692260742188
0.0299415588378906 -0.000692367553710938 -0.129913330078125 0.17327880859375
0.0033416748046875 0.0345191955566406 -0.121261596679687 0.18310546875
-0.0597457885742188 0.048187255859375 -0.186874389648437 0.204055786132813
-0.0932083129882813 -0.0467605590820313 -0.322509765625 0.14788818359375
-0.07012939453125 -0.14306640625 -0.417999267578125 0.191680908203125
-0.0178985595703125 -0.189498901367187 -0.464996337890625 0.199493408203125
0.109375 -0.207061767578125 -0.37615966796875 0.065155029296875
-0.016876220703125 -0.0998916625976563 -0.0120048522949219 0.0470085144042969
-0.0423660278320313 -0.0563926696777344 0.0233001708984375 -0.225341796875
-0.017486572265625 -0.0191249847412109 -0.195846557617188 -0.263656616210938
-0.0221977233886719 -0.0181350708007813 -0.330108642578125 -0.10888671875
-0.0330390930175781 -0.00712203979492187 -0.354339599609375 0.12005615234375
-0.0415077209472656 0.0427970886230469 -0.22723388671875 0.268096923828125
-0.0556068420410156 0.05078125 -0.146728515625 0.238021850585937
-0.0485038757324219 0.0547752380371094 -0.1004638671875 0.211334228515625
-0.0750656127929688 0.0238265991210938 -0.097869873046875 0.178207397460938
-0.105392456054688 -0.0178298950195313 -0.0890350341796875 0.186614990234375
-0.120643615722656 -0.0804977416992187 -0.15985107421875 0.230178833007813
-0.022064208984375 -0.20550537109375 -0.287567138671875 0.176544189453125
0.07257080078125 -0.243728637695313 -0.381011962890625 0.206573486328125
0.185333251953125 -0.256607055664063 -0.4212646484375 0.181304931640625
0.295928955078125 -0.249755859375 -0.325592041015625 -0.00631713867187507
0.132919311523437 -0.209075927734375 0.016362190246582 0.00959396362304686
-0.00469970703124999 -0.24200439453125 0.0577850341796875 -0.256332397460938
-0.0919647216796875 -0.148086547851563 -0.164306640625 -0.306060791015625
-0.147933959960938 -0.068267822265625 -0.311920166015625 -0.157958984375
-0.138648986816406 0.0316619873046875 -0.333831787109375 0.083953857421875
-0.116325378417969 0.119491577148438 -0.20037841796875 0.228225708007813
-0.140899658203125 0.127212524414062 -0.1142578125 0.192276000976563
-0.123176574707031 0.138923645019531 -0.0578155517578125 0.17449951171875
-0.161224365234375 0.0663299560546875 -0.0324249267578125 0.16046142578125
-0.207672119140625 -0.031585693359375 -0.0255889892578125 0.181427001953125
-0.200027465820312 -0.16339111328125 -0.103302001953125 0.25518798828125
-0.00527954101562503 -0.33984375 -0.232650756835937 0.210250854492188
0.16064453125 -0.338043212890625 -0.32305908203125 0.207672119140625
0.341339111328125 -0.309326171875 -0.3238525390625 0.1468505859375
0.44805908203125 -0.236663818359375 -0.206985473632813 -0.0827178955078125
0.291473388671875 -0.26971435546875 0.0857620239257813 -0.0414886474609375
0.07342529296875 -0.4041748046875 0.113967895507813 -0.277191162109375
-0.1287841796875 -0.28497314453125 -0.100311279296875 -0.33673095703125
-0.24945068359375 -0.138992309570313 -0.252899169921875 -0.20379638671875
-0.234588623046875 0.0473785400390625 -0.275161743164063 0.0302276611328125
-0.18218994140625 0.171279907226563 -0.149826049804688 0.158767700195312
-0.206771850585937 0.184051513671875 -0.0633544921875 0.118728637695313
-0.1761474609375 0.207931518554687 -0.00128173828125001 0.106864929199219
-0.2186279296875 0.113372802734375 0.045684814453125 0.114616394042969
-0.28314208984375 -0.01727294921875 0.0479888916015625 0.15618896484375
-0.267578125 -0.198516845703125 -0.0320281982421875 0.256591796875
-0.017120361328125 -0.42572021484375 -0.168655395507812 0.225555419921875
0.207427978515625 -0.395233154296875 -0.259490966796875 0.1756591796875
0.441314697265625 -0.319000244140625 -0.19384765625 0.088897705078125
0.52618408203125 -0.156280517578125 -0.0331268310546875 -0.1470947265625
0.41693115234375 -0.243804931640625 0.187911987304688 -0.0845184326171875
0.184417724609375 -0.477203369140625 0.190536499023438 -0.264968872070313
-0.103607177734375 -0.38189697265625 -0.000305175781250006 -0.333282470703125
-0.288726806640625 -0.212127685546875 -0.150344848632813 -0.230209350585938
-0.29510498046875 0.034515380859375 -0.178787231445313 -0.0296630859375
-0.224044799804688 0.1854248046875 -0.0806045532226563 0.0691452026367188
-0.24578857421875 0.206451416015625 -0.0042552947998047 0.0308361053466797
-0.20697021484375 0.242828369140625 0.0599327087402344 0.0211105346679688
-0.245529174804688 0.14178466796875 0.123443603515625 0.0514144897460938
-0.318817138671875 -0.00201416015624999 0.116081237792969 0.117050170898438
-0.294464111328125 -0.20672607421875 0.0326080322265625 0.235748291015625
-0.014984130859375 -0.45208740234375 -0.111892700195313 0.217636108398437
0.2353515625 -0.39495849609375 -0.20172119140625 0.118728637695312
0.478759765625 -0.280426025390625 -0.0510177612304687 0.0240211486816406
0.4990234375 -0.060150146484375 0.15576171875 -0.179550170898438
0.44903564453125 -0.16650390625 0.296356201171875 -0.11346435546875
0.257354736328125 -0.441680908203125 0.253387451171875 -0.227767944335938
-0.051727294921875 -0.395355224609375 0.09051513671875 -0.29339599609375
-0.268722534179688 -0.238388061523437 -0.0416107177734375 -0.220016479492188
-0.3013916015625 0.01885986328125 -0.0663223266601563 -0.072998046875
-0.2265625 0.1746826171875 -0.00123023986816408 -0.0191287994384766
-0.2447509765625 0.202377319335938 0.0573844909667969 -0.0571670532226562
-0.207138061523438 0.246566772460937 0.119277954101562 -0.06884765625
-0.24127197265625 0.148239135742188 0.195236206054688 -0.0167694091796875
-0.314849853515625 0.00769042968749995 0.177520751953125 0.075897216796875
-0.280471801757813 -0.197280883789062 0.0885009765625 0.207595825195313
0.00347900390625004 -0.427886962890625 -0.0644073486328125 0.201812744140625
0.252044677734375 -0.344970703125 -0.147384643554687 0.0568084716796875
0.4576416015625 -0.199462890625 0.0886306762695313 -0.0301895141601563
0.37774658203125 0.03302001953125 0.318389892578125 -0.18695068359375
0.37799072265625 -0.065765380859375 0.384521484375 -0.128082275390625
0.258270263671875 -0.318878173828125 0.2908935546875 -0.17950439453125
-0.00186157226562499 -0.31866455078125 0.160232543945313 -0.236846923828125
-0.201690673828125 -0.207687377929687 0.05078125 -0.191085815429687
-0.251861572265625 0.0093231201171875 0.0336532592773438 -0.1043701171875
-0.188064575195313 0.143890380859375 0.0689849853515625 -0.100440979003906
-0.20489501953125 0.171310424804687 0.107559204101563 -0.136344909667969
-0.178741455078125 0.2139892578125 0.170303344726563 -0.152435302734375
-0.209182739257812 0.131011962890625 0.256500244140625 -0.0784912109375
-0.274383544921875 0.00547790527343753 0.230117797851562 0.044921875
-0.231201171875 -0.17724609375 0.13323974609375 0.183624267578125
0.036712646484375 -0.36224365234375 -0.0290069580078125 0.187973022460937
0.253189086914063 -0.25299072265625 -0.0954055786132812 0.00486755371093748
0.38629150390625 -0.09002685546875 0.214126586914063 -0.060882568359375
0.189987182617187 0.113845825195313 0.4193115234375 -0.183380126953125
0.232879638671875 0.032257080078125 0.42840576171875 -0.14324951171875
0.188888549804687 -0.155059814453125 0.3009033203125 -0.143646240234375
0.027252197265625 -0.184616088867187 0.19500732421875 -0.195297241210938
-0.111618041992188 -0.130683898925781 0.105133056640625 -0.165267944335937
-0.16058349609375 0.00669860839843749 0.099639892578125 -0.12896728515625
-0.118644714355469 0.093475341796875 0.114593505859375 -0.16326904296875
-0.133636474609375 0.115516662597656 0.141159057617188 -0.195693969726563
-0.126876831054687 0.150070190429688 0.209701538085938 -0.215423583984375
-0.153244018554688 0.0922088623046875 0.30291748046875 -0.118743896484375
-0.20196533203125 -0.00306701660156253 0.273590087890625 0.032989501953125
-0.15582275390625 -0.14105224609375 0.166778564453125 0.17376708984375
0.0652923583984375 -0.261184692382813 -0.00695800781249998 0.185379028320312
0.226226806640625 -0.1346435546875 -0.0474777221679687 -0.0229072570800781
0.2642822265625 0.03216552734375 0.313201904296875 -0.05859375
-0.0782470703125 -0.110847473144531 -0.340423583984375 0.130706787109375
-0.119651794433594 0.0379104614257813 0.00180435180664061 0.0588569641113281
-0.0322647094726563 0.109107971191406 0.00209045410156251 -0.191604614257813
0.0690765380859375 0.0693473815917969 -0.204391479492187 -0.206146240234375
0.0949935913085937 -0.0014190673828125 -0.3101806640625 -0.05181884765625
0.0557403564453125 -0.059173583984375 -0.323699951171875 0.14862060546875
0.0258255004882812 -0.0442657470703125 -0.201080322265625 0.276748657226562
0.0327720642089844 -0.0318584442138672 -0.1319580078125 0.249664306640625
0.034912109375 -0.0290603637695313 -0.0962982177734375 0.211532592773438
0.0258350372314453 -0.00240707397460938 -0.114547729492187 0.17718505859375
0.00352859497070313 0.0322799682617187 -0.106048583984375 0.1839599609375
-0.0530166625976563 0.0487594604492187 -0.167144775390625 0.205398559570313
-0.09124755859375 -0.0403060913085938 -0.300201416015625 0.157257080078125
-0.075897216796875 -0.131683349609375 -0.3876953125 0.2037353515625
-0.026763916015625 -0.17791748046875 -0.433074951171875 0.21435546875
0.09381103515625 -0.205154418945313 -0.352294921875 0.08392333984375
-0.0211868286132813 -0.0950241088867188 -0.0037994384765625 0.0456390380859375
-0.0435295104980469 -0.0522003173828125 0.012359619140625 -0.216751098632812
-0.0184707641601563 -0.0196933746337891 -0.201812744140625 -0.241119384765625
-0.0232315063476562 -0.0163230895996094 -0.32366943359375 -0.0860900878906251
-0.0327491760253906 -0.00436592102050782 -0.3328857421875 0.136749267578125
-0.0376472473144531 0.0441436767578125 -0.198837280273437 0.27130126953125
-0.0503005981445313 0.0541496276855469 -0.123062133789062 0.239089965820312
-0.04412841796875 0.0561637878417969 -0.08099365234375 0.210037231445313
-0.0731430053710938 0.0270156860351563 -0.0836334228515625 0.179107666015625
-0.103668212890625 -0.0114517211914062 -0.074676513671875 0.18609619140625
-0.120155334472656 -0.07098388671875 -0.139114379882812 0.22991943359375
-0.0328826904296875 -0.197280883789063 -0.265899658203125 0.1827392578125
0.055389404296875 -0.236312866210938 -0.351470947265625 0.218170166015625
0.16326904296875 -0.254989624023438 -0.392974853515625 0.194976806640625
0.26983642578125 -0.256500244140625 -0.306671142578125 0.0140075683593749
0.115142822265625 -0.208648681640625 0.0218601226806641 0.00928115844726561
-0.0199432373046875 -0.23223876953125 0.0435028076171875 -0.247177124023438
-0.095855712890625 -0.138023376464844 -0.174285888671875 -0.284423828125
-0.147003173828125 -0.0561981201171875 -0.309478759765625 -0.135009765625
-0.131156921386719 0.0385055541992188 -0.31524658203125 0.0989990234375
-0.104804992675781 0.1219482421875 -0.17620849609375 0.230865478515625
-0.126502990722656 0.134262084960938 -0.09442138671875 0.193313598632813
-0.109725952148438 0.141799926757812 -0.042724609375 0.172256469726563
-0.152130126953125 0.0729522705078125 -0.0225067138671875 0.15679931640625
-0.202255249023438 -0.0182952880859375 -0.0144500732421875 0.17828369140625
-0.20147705078125 -0.1448974609375 -0.0814056396484375 0.252059936523438
-0.027191162109375 -0.32794189453125 -0.21240234375 0.213882446289062
0.134765625 -0.333099365234375 -0.296844482421875 0.216094970703125
0.309539794921875 -0.314361572265625 -0.3013916015625 0.1568603515625
0.415069580078125 -0.25457763671875 -0.196868896484375 -0.0656280517578125
0.26336669921875 -0.276031494140625 0.085052490234375 -0.04248046875
0.043731689453125 -0.39129638671875 0.096435546875 -0.269378662109375
-0.1396484375 -0.26641845703125 -0.11431884765625 -0.31585693359375
-0.248733520507813 -0.116790771484375 -0.254989624023438 -0.182525634765625
-0.222030639648438 0.0592041015625 -0.260986328125 0.043609619140625
-0.163482666015625 0.17578125 -0.1318359375 0.159866333007813
-0.185531616210938 0.192642211914063 -0.0527114868164063 0.118759155273438
-0.154983520507812 0.21136474609375 0.00641632080078124 0.103988647460938
-0.203109741210938 0.121444702148437 0.0509796142578125 0.106826782226563
-0.272171020507813 -0.000259399414062515 0.0555877685546875 0.149063110351563
-0.2694091796875 -0.174606323242188 -0.0131683349609375 0.25054931640625
-0.0443115234375 -0.408599853515625 -0.150390625 0.225616455078125
0.1749267578125 -0.390716552734375 -0.239425659179688 0.1834716796875
0.402313232421875 -0.330780029296875 -0.180831909179687 0.0955963134765625
0.494873046875 -0.182647705078125 -0.0344696044921875 -0.136344909667969
0.383514404296875 -0.259613037109375 0.179473876953125 -0.088531494140625
0.145477294921875 -0.468109130859375 0.169601440429688 -0.260848999023438
-0.121917724609375 -0.36029052734375 -0.01904296875 -0.317413330078125
-0.289825439453125 -0.184417724609375 -0.1572265625 -0.2138671875
-0.279769897460938 0.0507659912109376 -0.172607421875 -0.020294189453125
-0.202682495117188 0.19073486328125 -0.0710601806640625 0.0692214965820313
-0.221221923828125 0.216171264648438 -0.00205993652343752 0.0306243896484375
-0.181365966796875 0.2457275390625 0.0582351684570312 0.0182723999023438
-0.226043701171875 0.149551391601563 0.120841979980469 0.0407791137695313
-0.30596923828125 0.017608642578125 0.118972778320312 0.107505798339844
-0.294281005859375 -0.17950439453125 0.04840087890625 0.227203369140625
-0.045074462890625 -0.431640625 -0.096221923828125 0.21539306640625
0.201568603515625 -0.391265869140625 -0.187850952148438 0.1263427734375
0.44049072265625 -0.29669189453125 -0.0480918884277343 0.0266838073730469
0.475982666015625 -0.089630126953125 0.143936157226563 -0.1776123046875
0.41900634765625 -0.187896728515625 0.280929565429688 -0.122100830078125
0.217193603515625 -0.438873291015625 0.230911254882813 -0.228424072265625
-0.072509765625 -0.37548828125 0.070648193359375 -0.28375244140625
-0.272354125976563 -0.21099853515625 -0.051727294921875 -0.21051025390625
-0.28656005859375 0.0364990234374999 -0.0673370361328125 -0.0691757202148437
-0.20513916015625 0.180511474609375 -0.00108909606933595 -0.0218601226806641
-0.2200927734375 0.211990356445313 0.0497512817382812 -0.0579414367675781
-0.180282592773437 0.250030517578125 0.1087646484375 -0.0729293823242187
-0.22021484375 0.155975341796875 0.184921264648438 -0.0294342041015625
-0.30010986328125 0.02593994140625 0.175003051757813 0.0644683837890625
-0.279495239257812 -0.171356201171875 0.0995330810546875 0.195892333984375
-0.026031494140625 -0.40924072265625 -0.0513916015625 0.19720458984375
0.21875 -0.345123291015625 -0.140365600585938 0.0643463134765625
0.4251708984375 -0.218170166015625 0.0820770263671875 -0.0332717895507813
0.365203857421875 0.007781982421875 0.29718017578125 -0.194610595703125
0.3575439453125 -0.086090087890625 0.36224365234375 -0.1417236328125
0.22467041015625 -0.321136474609375 0.26983642578125 -0.18450927734375
-0.0211181640625 -0.30419921875 0.139633178710938 -0.233627319335938
-0.206207275390625 -0.184844970703125 0.037689208984375 -0.186691284179688
-0.239654541015625 0.0243072509765625 0.027130126953125 -0.1060791015625
-0.169891357421875 0.147720336914063 0.0605239868164063 -0.103958129882812
-0.182952880859375 0.178558349609375 0.0923538208007813 -0.137336730957031
-0.154953002929688 0.216690063476563 0.151840209960938 -0.156478881835938
-0.1907958984375 0.13763427734375 0.238372802734375 -0.0923004150390625
-0.260009765625 0.021087646484375 0.223724365234375 0.0313873291015625
-0.230209350585937 -0.154891967773438 0.139450073242187 0.1695556640625
0.00982666015625 -0.348388671875 -0.0189361572265625 0.181365966796875
0.2252197265625 -0.257125854492188 -0.0946121215820312 0.0124282836914062
0.362457275390625 -0.10882568359375 0.199417114257813 -0.0691070556640625
0.189132690429688 0.0966339111328125 0.392608642578125 -0.196502685546875
0.223312377929688 0.0157318115234375 0.40264892578125 -0.159881591796875
0.168075561523438 -0.16021728515625 0.280426025390625 -0.152297973632813
0.013580322265625 -0.1778564453125 0.175857543945313 -0.198028564453125
-0.114776611328125 -0.116867065429687 0.0923614501953125 -0.16552734375
-0.152801513671875 0.016204833984375 0.0888595581054688 -0.133201599121094
-0.106094360351563 0.0942916870117188 0.0984344482421875 -0.166152954101562
-0.118721008300781 0.120292663574219 0.118927001953125 -0.196365356445313
-0.108901977539063 0.151901245117188 0.183990478515625 -0.219711303710938
-0.138961791992188 0.0966796875 0.280380249023438 -0.133712768554688
-0.19189453125 0.00923156738281253 0.264434814453125 0.0170745849609375
-0.156402587890625 -0.124404907226562 0.169769287109375 0.158248901367188
0.0439453125 -0.253036499023438 0.00154113769531249 0.178070068359375
0.206787109375 -0.141845703125 -0.0505218505859375 -0.0173835754394531
0.253997802734375 0.01409912109375 0.293365478515625 -0.071624755859375
-0.0785675048828125 -0.104934692382812 -0.3211669921875 0.13775634765625
-0.11273193359375 0.041351318359375 0.0066986083984375 0.0563621520996094
-0.0265731811523438 0.105789184570313 -0.00215148925781249 -0.185836791992188
0.0678634643554687 0.061920166015625 -0.204559326171875 -0.192672729492188
0.0901336669921875 -0.00555419921875 -0.302764892578125 -0.0396728515625
0.0500259399414063 -0.0574951171875 -0.30767822265625 0.157318115234375
0.0225753784179688 -0.0415916442871094 -0.18121337890625 0.277374267578125
0.0298843383789063 -0.0307254791259766 -0.113983154296875 0.247314453125
0.0305290222167969 -0.0281848907470703 -0.083953857421875 0.208786010742188
0.0220775604248047 -0.00263214111328125 -0.10479736328125 0.178466796875
0.00316429138183594 0.0309677124023438 -0.0955810546875 0.183639526367187
-0.047760009765625 0.0477371215820312 -0.154434204101563 0.203948974609375
-0.088287353515625 -0.0369796752929688 -0.28485107421875 0.16009521484375
-0.07757568359375 -0.122261047363281 -0.365509033203125 0.207244873046875
-0.0314788818359375 -0.16839599609375 -0.41082763671875 0.217987060546875
0.08380126953125 -0.201278686523438 -0.33319091796875 0.0932312011718749
-0.0228729248046875 -0.090545654296875 0.00151824951171875 0.0440711975097656
-0.0444984436035156 -0.0494346618652344 0.0067596435546875 -0.2093505859375
-0.0195026397705078 -0.0206031799316406 -0.202407836914062 -0.225982666015625
-0.0239830017089844 -0.0148963928222656 -0.317413330078125 -0.072784423828125
-0.0332374572753906 -0.00204086303710937 -0.31781005859375 0.144622802734375
-0.0348968505859375 0.0456008911132813 -0.1798095703125 0.270736694335937
-0.0467948913574219 0.0565567016601563 -0.105972290039063 0.237045288085938
-0.0419197082519531 0.0574226379394531 -0.0675811767578125 0.206741333007812
-0.0718154907226563 0.0290679931640625 -0.0744476318359375 0.178680419921875
-0.102951049804688 -0.00724029541015626 -0.065643310546875 0.185409545898437
-0.117927551269531 -0.065216064453125 -0.124923706054688 0.227615356445312
-0.0393218994140625 -0.190841674804688 -0.251174926757813 0.184036254882813
0.045562744140625 -0.229400634765625 -0.33111572265625 0.22039794921875
0.148651123046875 -0.250274658203125 -0.372222900390625 0.19903564453125
0.252151489257813 -0.257293701171875 -0.29058837890625 0.023284912109375
0.10357666015625 -0.205825805664063 0.0267601013183594 0.00867080688476561
-0.02947998046875 -0.22406005859375 0.0360107421875 -0.239593505859375
-0.0982589721679687 -0.131637573242188 -0.17694091796875 -0.267822265625
-0.144821166992188 -0.0478973388671875 -0.30560302734375 -0.120880126953125
-0.125946044921875 0.042144775390625 -0.30072021484375 0.108062744140625
-0.0963668823242188 0.122718811035156 -0.159530639648438 0.229293823242187
-0.116683959960938 0.136947631835938 -0.0815277099609375 0.191360473632813
-0.100509643554688 0.142349243164063 -0.0323638916015625 0.168792724609375
-0.145309448242188 0.076171875 -0.015380859375 0.153839111328125
-0.198135375976562 -0.010162353515625 -0.00753784179687501 0.1746826171875
-0.200103759765625 -0.133026123046875 -0.0678863525390625 0.247879028320313
-0.0394287109375 -0.31671142578125 -0.198974609375 0.212799072265625
0.11865234375 -0.32550048828125 -0.27923583984375 0.21820068359375
0.286712646484375 -0.314178466796875 -0.285400390625 0.160858154296875
0.39312744140625 -0.26141357421875 -0.18743896484375 -0.0555419921875
0.243499755859375 -0.276321411132813 0.0866317749023438 -0.0431137084960938
0.025054931640625 -0.38018798828125 0.086761474609375 -0.26104736328125
-0.145126342773437 -0.253021240234375 -0.12017822265625 -0.30035400390625
-0.245269775390625 -0.10302734375 -0.254669189453125 -0.168533325195312
-0.21209716796875 0.065185546875 -0.251174926757813 0.05084228515625
-0.150543212890625 0.175506591796875 -0.119598388671875 0.15753173828125
-0.169952392578125 0.196517944335937 -0.044403076171875 0.117759704589844
-0.140090942382813 0.210906982421875 0.0116958618164063 0.1011962890625
-0.1917724609375 0.123947143554687 0.0525436401367187 0.101829528808594
-0.264999389648437 0.010528564453125 0.058990478515625 0.14404296875
-0.26715087890625 -0.158462524414062 -0.000396728515625008 0.244781494140625
-0.06048583984375 -0.39422607421875 -0.139251708984375 0.222885131835938
0.155548095703125 -0.38385009765625 -0.22503662109375 0.185531616210937
0.3770751953125 -0.334014892578125 -0.171783447265625 0.0979309082031249
0.472564697265625 -0.1939697265625 -0.0327529907226562 -0.128692626953125
0.361083984375 -0.264312744140625 0.17578125 -0.0899505615234375
0.119720458984375 -0.4580078125 0.157546997070313 -0.25439453125
-0.130767822265625 -0.34393310546875 -0.027618408203125 -0.303863525390625
-0.287994384765625 -0.166229248046875 -0.160247802734375 -0.2030029296875
-0.267791748046875 0.0589447021484375 -0.167068481445313 -0.0153045654296875
-0.18804931640625 0.191879272460937 -0.0656013488769531 0.0664405822753907
-0.202987670898438 0.221221923828125 -0.000782012939453134 0.0301513671875
-0.163070678710938 0.245529174804687 0.0574188232421875 0.0159835815429688
-0.211822509765625 0.151504516601563 0.117652893066406 0.0338211059570313
-0.2940673828125 0.02825927734375 0.118827819824219 0.101486206054688
-0.291717529296875 -0.161712646484375 0.0579833984375 0.219436645507813
-0.062713623046875 -0.416107177734375 -0.0876007080078125 0.211639404296875
0.179962158203125 -0.38616943359375 -0.178253173828125 0.1297607421875
0.414459228515625 -0.303009033203125 -0.0466041564941406 0.02777099609375
0.45672607421875 -0.104705810546875 0.136962890625 -0.17449951171875
0.396820068359375 -0.196929931640625 0.26995849609375 -0.126174926757813
0.189117431640625 -0.432373046875 0.217315673828125 -0.22491455078125
-0.08380126953125 -0.359039306640625 0.0590667724609375 -0.274490356445313
-0.272186279296875 -0.191757202148437 -0.057342529296875 -0.202774047851563
-0.274185180664063 0.046173095703125 -0.0667152404785156 -0.067596435546875
-0.190887451171875 0.1805419921875 -0.0014934539794922 -0.0239105224609375
-0.201339721679688 0.215621948242188 0.0452651977539062 -0.0576171875
-0.161346435546875 0.247711181640625 0.102149963378906 -0.0736923217773437
-0.205795288085937 0.157211303710938 0.1756591796875 -0.0364837646484375
-0.2869873046875 0.036956787109375 0.171920776367187 0.0576324462890625
-0.276123046875 -0.153656005859375 0.10595703125 0.188064575195313
-0.0435791015625 -0.394287109375 -0.0459442138671875 0.192596435546875
0.19757080078125 -0.34124755859375 -0.135406494140625 0.0686264038085938
0.40093994140625 -0.22607421875 0.0769424438476563 -0.0335464477539063
0.3536376953125 -0.008087158203125 0.284271240234375 -0.195648193359375
0.33978271484375 -0.096710205078125 0.347412109375 -0.146575927734375
0.201080322265625 -0.31829833984375 0.255294799804688 -0.184341430664063
-0.0316162109375 -0.292694091796875 0.127853393554688 -0.228744506835938
-0.207000732421875 -0.1690673828125 0.0312652587890625 -0.183029174804688
-0.2288818359375 0.033172607421875 0.0233993530273437 -0.106857299804688
-0.157180786132813 0.148040771484375 0.0538101196289063 -0.10614013671875
-0.1678466796875 0.18115234375 0.0822677612304687 -0.136032104492188
-0.138015747070313 0.214706420898437 0.138702392578125 -0.156906127929688
-0.17755126953125 0.13787841796875 0.224929809570312 -0.099365234375
-0.248977661132813 0.0312042236328125 0.218719482421875 0.023529052734375
-0.226593017578125 -0.1390380859375 0.1435546875 0.161285400390625
-0.00616455078124998 -0.33575439453125 -0.014556884765625 0.176467895507812
0.206329345703125 -0.256332397460938 -0.0934829711914062 0.0175247192382812
0.34564208984375 -0.11907958984375 0.188980102539063 -0.071563720703125
0.187393188476562 0.08477783203125 0.374969482421875 -0.2001953125
0.21429443359375 0.006622314453125 0.38433837890625 -0.1656494140625
0.152801513671875 -0.160125732421875 0.267715454101563 -0.154312133789063
0.0063018798828125 -0.1710205078125 0.16412353515625 -0.195541381835938
-0.115432739257813 -0.106864929199219 0.0849609375 -0.163909912109375
-0.145706176757813 0.022308349609375 0.0814895629882812 -0.135902404785156
-0.09808349609375 0.0936203002929688 0.08758544921875 -0.167831420898438
-0.107772827148438 0.12054443359375 0.105499267578125 -0.193588256835938
-0.096923828125 0.149810791015625 0.167007446289063 -0.22015380859375
-0.129058837890625 0.0974349975585938 0.263275146484375 -0.1412353515625
-0.182449340820313 0.016021728515625 0.256591796875 0.0084075927734375
-0.153793334960937 -0.113311767578125 0.1712646484375 0.148223876953125
0.03131103515625 -0.244277954101562 0.00527954101562501 0.172454833984375
0.192214965820312 -0.145339965820313 -0.053009033203125 -0.0123825073242188
0.244186401367187 0.00439453125 0.279129028320313 -0.077850341796875
-0.0794219970703125 -0.100700378417969 -0.310821533203125 0.14288330078125
-0.107872009277344 0.044219970703125 0.0108489990234375 0.0550308227539062
-0.0225753784179688 0.104347229003906 -0.005462646484375 -0.184738159179688
0.0666351318359375 0.0576286315917969 -0.205917358398438 -0.185379028320312
0.0876235961914063 -0.0087738037109375 -0.30206298828125 -0.031036376953125
0.0460739135742188 -0.0575675964355469 -0.299774169921875 0.1651611328125
0.02032470703125 -0.0400733947753906 -0.1671142578125 0.279541015625
0.0281009674072266 -0.0304679870605469 -0.100982666015625 0.2476806640625
0.0273532867431641 -0.0272960662841797 -0.0749969482421875 0.208969116210938
0.0192222595214844 -0.00194358825683594 -0.098358154296875 0.18206787109375
0.00278282165527344 0.0298519134521484 -0.0896148681640625 0.185806274414063
-0.0445976257324219 0.0471343994140625 -0.147689819335938 0.204360961914062
-0.0878524780273438 -0.034912109375 -0.277816772460937 0.162551879882813
-0.0797042846679687 -0.116348266601563 -0.353485107421875 0.210174560546875
-0.033966064453125 -0.163177490234375 -0.399627685546875 0.22119140625
0.0775299072265625 -0.200531005859375 -0.32281494140625 0.09918212890625
-0.0236587524414063 -0.0881271362304687 0.0070648193359375 0.0431137084960937
-0.0451545715332031 -0.0482215881347656 0.00372314453124999 -0.207168579101563
-0.0209636688232422 -0.02130126953125 -0.20452880859375 -0.218505859375
-0.0248031616210938 -0.0142097473144531 -0.31756591796875 -0.0640869140624999
-0.0332603454589844 -0.000497817993164061 -0.310028076171875 0.1522216796875
-0.0337333679199219 0.0470314025878906 -0.166015625 0.273284912109375
-0.0444107055664063 0.0591926574707031 -0.093536376953125 0.237594604492188
-0.040557861328125 0.0592727661132813 -0.0594329833984375 0.20660400390625
-0.072174072265625 0.0316009521484375 -0.0682830810546875 0.180831909179687
-0.103813171386719 -0.00453948974609375 -0.0599365234375 0.186248779296875
-0.117500305175781 -0.0621490478515625 -0.116790771484375 0.227828979492188
-0.044708251953125 -0.188262939453125 -0.245330810546875 0.186126708984375
0.0391387939453125 -0.225250244140625 -0.3193359375 0.223358154296875
0.141647338867187 -0.248931884765625 -0.362701416015625 0.201507568359375
0.241928100585937 -0.259963989257813 -0.281051635742188 0.0301971435546875
0.0972747802734375 -0.2061767578125 0.0312938690185547 0.00665855407714842
-0.03680419921875 -0.2203369140625 0.0326385498046875 -0.236129760742188
-0.1009521484375 -0.128410339355469 -0.180084228515625 -0.25921630859375
-0.14434814453125 -0.04290771484375 -0.306243896484375 -0.11077880859375
-0.123298645019531 0.045135498046875 -0.29498291015625 0.11431884765625
-0.0914077758789063 0.124198913574219 -0.148895263671875 0.230667114257813
-0.10980224609375 0.14129638671875 -0.0718231201171875 0.19232177734375
-0.0948638916015625 0.144927978515625 -0.02496337890625 0.168655395507812
-0.14276123046875 0.079315185546875 -0.01116943359375 0.152938842773437
-0.197296142578125 -0.0042724609375 -0.00250244140625001 0.175323486328125
-0.201522827148438 -0.126602172851563 -0.0580902099609375 0.246978759765625
-0.049224853515625 -0.3125 -0.1934814453125 0.214035034179687
0.108856201171875 -0.323272705078125 -0.269088745117188 0.221023559570312
0.275787353515625 -0.316497802734375 -0.278732299804688 0.16424560546875
0.380157470703125 -0.26806640625 -0.181060791015625 -0.04998779296875
0.232254028320313 -0.279449462890625 0.089141845703125 -0.0445327758789063
0.011505126953125 -0.375885009765625 0.0821685791015625 -0.257659912109375
-0.149566650390625 -0.247268676757813 -0.123931884765625 -0.291473388671875
-0.244613647460938 -0.0936279296875 -0.257034301757813 -0.1605224609375
-0.20770263671875 0.0694732666015625 -0.246597290039062 0.05615234375
-0.143386840820312 0.177291870117188 -0.112930297851563 0.157318115234375
-0.15985107421875 0.201522827148438 -0.03863525390625 0.118087768554688
-0.13067626953125 0.213211059570312 0.0162200927734375 0.100631713867188
-0.18585205078125 0.127243041992188 0.0545730590820313 0.0993499755859375
-0.26171875 0.0182037353515625 0.0624847412109375 0.14306640625
-0.267868041992187 -0.148834228515625 0.0089874267578125 0.242538452148438
-0.0731201171875 -0.387237548828125 -0.134689331054687 0.223846435546875
0.143341064453125 -0.3822021484375 -0.217666625976563 0.188858032226562
0.362213134765625 -0.33843994140625 -0.167922973632812 0.100021362304687
0.460906982421875 -0.204864501953125 -0.0308074951171875 -0.125053405761719
0.347686767578125 -0.271881103515625 0.175323486328125 -0.0927276611328125
0.10333251953125 -0.45404052734375 0.1514892578125 -0.251144409179688
-0.137664794921875 -0.335601806640625 -0.032470703125 -0.2974853515625
-0.288909912109375 -0.154327392578125 -0.16473388671875 -0.197296142578125
-0.26220703125 0.0650177001953125 -0.165283203125 -0.0129547119140625
-0.179595947265625 0.192962646484375 -0.0622634887695313 0.064666748046875
-0.191314697265625 0.226333618164063 0.0010852813720703 0.0295867919921875
-0.15155029296875 0.248031616210937 0.0583305358886719 0.0143852233886719
-0.204483032226562 0.154022216796875 0.115592956542969 0.02996826171875
-0.289764404296875 0.03704833984375 0.120849609375 0.0986557006835937
-0.2916259765625 -0.151519775390625 0.06634521484375 0.21612548828125
-0.076171875 -0.408294677734375 -0.0830535888671875 0.21142578125
0.165802001953125 -0.385650634765625 -0.173614501953125 0.13287353515625
0.399993896484375 -0.3089599609375 -0.0457534790039062 0.0286407470703125
0.448638916015625 -0.1163330078125 0.134124755859375 -0.173538208007813
0.384765625 -0.204833984375 0.267135620117187 -0.128890991210938
0.170501708984375 -0.430328369140625 0.211395263671875 -0.223831176757813
-0.091827392578125 -0.351715087890625 0.0540008544921875 -0.269332885742188
-0.274795532226563 -0.179489135742187 -0.06292724609375 -0.200363159179688
-0.268661499023438 0.0531005859375 -0.0674819946289063 -0.0677032470703125
-0.182144165039063 0.1826171875 -0.00258445739746095 -0.0271739959716797
-0.189178466796875 0.220001220703125 0.0423507690429687 -0.0585060119628906
-0.14874267578125 0.249038696289063 0.0981903076171875 -0.0758209228515625
-0.19708251953125 0.159637451171875 0.17047119140625 -0.0423126220703125
-0.280914306640625 0.044586181640625 0.172515869140625 0.0537567138671875
-0.275634765625 -0.14385986328125 0.113052368164062 0.183929443359375
-0.05633544921875 -0.38592529296875 -0.042877197265625 0.192123413085937
0.184906005859375 -0.34124755859375 -0.134361267089844 0.0733795166015625
0.389617919921875 -0.234619140625 0.0738449096679688 -0.0337142944335938
0.34857177734375 -0.018951416015625 0.278305053710938 -0.19696044921875
0.329803466796875 -0.104644775390625 0.34136962890625 -0.151031494140625
0.18609619140625 -0.317596435546875 0.249740600585937 -0.1844482421875
-0.03857421875 -0.286407470703125 0.122726440429688 -0.2266845703125
-0.208694458007813 -0.159271240234375 0.026519775390625 -0.183074951171875
-0.22393798828125 0.0389862060546875 0.0205154418945312 -0.109130859375
-0.150222778320313 0.149337768554688 0.048828125 -0.109245300292969
-0.156982421875 0.18487548828125 0.0753097534179687 -0.136505126953125
-0.126785278320313 0.214874267578125 0.130462646484375 -0.1588134765625
-0.17010498046875 0.1397705078125 0.216522216796875 -0.105560302734375
-0.242324829101563 0.0375213623046875 0.217086791992187 0.019439697265625
-0.226104736328125 -0.13079833984375 0.147491455078125 0.15557861328125
-0.01739501953125 -0.329254150390625 -0.012603759765625 0.174896240234375
0.195465087890625 -0.2579345703125 -0.0944747924804687 0.022674560546875
0.336456298828125 -0.126373291015625 0.182647705078125 -0.07391357421875
0.186599731445313 0.0757904052734375 0.367034912109375 -0.203826904296875
0.209381103515625 0.0011444091796875 0.374114990234375 -0.16925048828125
0.143173217773438 -0.160598754882813 0.261444091796875 -0.15655517578125
0.0015869140625 -0.168136596679688 0.158721923828125 -0.195297241210937
-0.116569519042969 -0.100540161132813 0.0802459716796875 -0.165634155273438
-0.141738891601563 0.0270843505859375 0.0769729614257812 -0.1400146484375
-0.0934219360351563 0.094024658203125 0.0795440673828125 -0.170623779296875
-0.100479125976563 0.122512817382813 0.0958099365234375 -0.194488525390625
-0.088714599609375 0.149810791015625 0.15472412109375 -0.2215576171875
-0.124252319335937 0.098907470703125 0.253158569335938 -0.1474609375
-0.177291870117188 0.0214080810546875 0.255111694335938 0.0023193359375
-0.152847290039063 -0.106674194335937 0.173049926757813 0.1422119140625
0.0221099853515625 -0.240310668945313 0.0067901611328125 0.169525146484375
0.18341064453125 -0.148406982421875 -0.0554656982421875 -0.00751495361328126
0.240386962890625 -0.002288818359375 0.27294921875 -0.082305908203125
-0.0828094482421875 -0.0975799560546875 -0.304412841796875 0.154510498046875
-0.103927612304687 0.04815673828125 0.0155143737792969 0.0547332763671875
-0.0178451538085937 0.104248046875 -0.010101318359375 -0.186721801757813
0.067626953125 0.0546493530273438 -0.212554931640625 -0.179153442382812
0.0872421264648438 -0.0136184692382813 -0.305572509765625 -0.0202636718749999
0.0428237915039062 -0.0583534240722656 -0.296295166015625 0.17926025390625
0.018310546875 -0.0391349792480469 -0.153076171875 0.287811279296875
0.0268115997314453 -0.030792236328125 -0.0877685546875 0.2529296875
0.0251693725585938 -0.0266838073730469 -0.06622314453125 0.213165283203125
0.0168142318725586 -0.000898361206054688 -0.0920257568359375 0.18975830078125
0.00249290466308594 0.0292091369628906 -0.0835418701171875 0.19195556640625
-0.0423126220703125 0.0471038818359375 -0.141891479492188 0.209716796875
-0.0887832641601563 -0.0325164794921875 -0.27471923828125 0.169387817382813
-0.0828704833984375 -0.1114501953125 -0.345428466796875 0.21978759765625
-0.03857421875 -0.161575317382813 -0.397247314453125 0.2325439453125
0.0710601806640625 -0.203414916992188 -0.317474365234375 0.110198974609375
-0.0257339477539062 -0.0878372192382813 0.011566162109375 0.0420875549316406
-0.0480690002441406 -0.0472488403320313 -0.00108337402343753 -0.209136962890625
-0.0232715606689453 -0.021728515625 -0.211471557617187 -0.212417602539063
-0.0254039764404297 -0.0134773254394531 -0.32183837890625 -0.052764892578125
-0.0346431732177734 0.00118064880371093 -0.306243896484375 0.16607666015625
-0.032470703125 0.0498886108398438 -0.1533203125 0.281280517578125
-0.0418205261230469 0.0629158020019531 -0.0811920166015625 0.243392944335938
-0.0391769409179688 0.0629806518554688 -0.04937744140625 0.210830688476563
-0.0730743408203125 0.0354385375976562 -0.0615692138671875 0.18695068359375
-0.106170654296875 -0.000213623046874987 -0.053131103515625 0.191665649414063
-0.120765686035156 -0.0597000122070313 -0.108657836914063 0.233261108398438
-0.052734375 -0.187820434570313 -0.241668701171875 0.193679809570312
0.032745361328125 -0.2259521484375 -0.3111572265625 0.232574462890625
0.13482666015625 -0.253097534179688 -0.359100341796875 0.21258544921875
0.233444213867188 -0.269729614257813 -0.276809692382813 0.0395660400390625
0.0908966064453125 -0.2099609375 0.0361442565917969 0.00519561767578124
-0.0473480224609375 -0.220046997070313 0.02685546875 -0.238372802734375
-0.107093811035156 -0.127029418945313 -0.18829345703125 -0.254226684570313
-0.146881103515625 -0.036956787109375 -0.313690185546875 -0.100616455078125
-0.122734069824219 0.0495681762695312 -0.29278564453125 0.126220703125
-0.0872116088867188 0.129463195800781 -0.1385498046875 0.237152099609375
-0.10357666015625 0.14874267578125 -0.0617523193359375 0.196304321289062
-0.089599609375 0.150833129882813 -0.0162200927734375 0.171356201171875
-0.1417236328125 0.08551025390625 -0.0055999755859375 0.156768798828125
-0.199981689453125 0.00399780273437499 0.00405883789062498 0.1781005859375
-0.207916259765625 -0.1207275390625 -0.048126220703125 0.251373291015625
-0.063690185546875 -0.312164306640625 -0.189483642578125 0.2213134765625
0.098419189453125 -0.32745361328125 -0.2620849609375 0.229736328125
0.266265869140625 -0.32659912109375 -0.275054931640625 0.17218017578125
0.373046875 -0.283050537109375 -0.179534912109375 -0.0441436767578125
0.22283935546875 -0.289215087890625 0.0931167602539063 -0.0481719970703125
-0.00543212890625004 -0.376953125 0.07720947265625 -0.260543823242188
-0.159500122070313 -0.243408203125 -0.133148193359375 -0.287841796875
-0.249862670898438 -0.0832672119140625 -0.266571044921875 -0.152130126953125
-0.2064208984375 0.0768585205078125 -0.245681762695312 0.0652313232421875
-0.137100219726562 0.184036254882813 -0.106246948242188 0.161056518554687
-0.1505126953125 0.211456298828125 -0.0322647094726563 0.120246887207031
-0.121597290039062 0.220443725585938 0.0222702026367188 0.100715637207031
-0.181900024414063 0.134902954101563 0.0578765869140625 0.0987014770507813
-0.263229370117188 0.0292510986328126 0.06878662109375 0.144027709960938
-0.275283813476562 -0.14056396484375 0.020355224609375 0.243560791015625
-0.0888671875 -0.38629150390625 -0.12921142578125 0.229766845703125
0.130462646484375 -0.388214111328125 -0.212692260742188 0.197357177734375
0.35174560546875 -0.353515625 -0.165771484375 0.10595703125
0.455963134765625 -0.2235107421875 -0.0309600830078125 -0.1241455078125
0.33831787109375 -0.284942626953125 0.176681518554688 -0.0984649658203125
0.082000732421875 -0.459869384765625 0.146820068359375 -0.256668090820313
-0.14990234375 -0.3331298828125 -0.040924072265625 -0.295684814453125
-0.2967529296875 -0.142333984375 -0.174789428710938 -0.19305419921875
-0.261123657226563 0.0752410888671875 -0.166305541992188 -0.00863647460937501
-0.173248291015625 0.200653076171875 -0.0607681274414063 0.0651054382324219
-0.180191040039062 0.237319946289063 0.00272560119628905 0.0299510955810547
-0.14007568359375 0.255233764648437 0.0603523254394531 0.01287841796875
-0.19940185546875 0.162139892578125 0.11590576171875 0.025543212890625
-0.28887939453125 0.048858642578125 0.125900268554687 0.0970077514648438
-0.29931640625 -0.14129638671875 0.077301025390625 0.21588134765625
-0.09405517578125 -0.406494140625 -0.0789642333984375 0.21636962890625
0.152099609375 -0.393035888671875 -0.171279907226563 0.14080810546875
0.390411376953125 -0.32696533203125 -0.0457801818847656 0.0305595397949218
0.445404052734375 -0.13494873046875 0.132461547851563 -0.177261352539063
0.376861572265625 -0.218475341796875 0.266677856445313 -0.137863159179688
0.150970458984375 -0.436676025390625 0.20782470703125 -0.229080200195313
-0.10455322265625 -0.3497314453125 0.047332763671875 -0.271087646484375
-0.282379150390625 -0.16925048828125 -0.0709075927734375 -0.200042724609375
-0.266891479492188 0.064208984375 -0.0705032348632813 -0.0681991577148438
-0.175933837890625 0.189956665039063 -0.00452041625976564 -0.0300617218017578
-0.179397583007813 0.230697631835938 0.0404586791992187 -0.0603713989257812
-0.137374877929687 0.256378173828125 0.0953750610351562 -0.0795745849609375
-0.192398071289063 0.16693115234375 0.168533325195313 -0.0485687255859375
-0.2789306640625 0.0559234619140625 0.176788330078125 0.0498199462890625
-0.2816162109375 -0.13360595703125 0.122589111328125 0.180816650390625
-0.0726318359375 -0.384490966796875 -0.0386962890625 0.195037841796875
0.172027587890625 -0.350006103515625 -0.133453369140625 0.0809249877929687
0.383056640625 -0.249755859375 0.0721206665039063 -0.0358200073242188
0.348724365234375 -0.03338623046875 0.27459716796875 -0.205825805664063
0.325836181640625 -0.11572265625 0.338653564453125 -0.161712646484375
0.170654296875 -0.323944091796875 0.2469482421875 -0.191085815429688
-0.04925537109375 -0.286041259765625 0.11785888671875 -0.230224609375
-0.215911865234375 -0.149993896484375 0.0202484130859375 -0.186553955078125
-0.222625732421875 0.0481719970703125 0.0158920288085937 -0.114410400390625
-0.145248413085938 0.15472412109375 0.0429306030273437 -0.114242553710938
-0.1480712890625 0.1923828125 0.0691986083984375 -0.140037536621094
-0.11602783203125 0.219894409179687 0.1236572265625 -0.165115356445312
-0.164657592773438 0.145828247070313 0.211196899414063 -0.11474609375
-0.239974975585938 0.0473175048828125 0.22052001953125 0.01177978515625
-0.230392456054688 -0.1221923828125 0.15545654296875 0.151519775390625
-0.031280517578125 -0.32781982421875 -0.00904846191406252 0.177719116210937
0.184799194335938 -0.266433715820313 -0.0963211059570312 0.0286865234375
0.3331298828125 -0.13946533203125 0.18023681640625 -0.0792236328125
0.189346313476563 0.066253662109375 0.362579345703125 -0.215118408203125
0.207382202148438 -0.0064544677734375 0.37060546875 -0.181549072265625
0.1336669921875 -0.164535522460938 0.259109497070313 -0.164703369140625
-0.00436401367187501 -0.1673583984375 0.154861450195312 -0.200286865234375
-0.120338439941406 -0.0952072143554688 0.075042724609375 -0.170913696289063
-0.140090942382813 0.0337371826171875 0.071014404296875 -0.147018432617188
-0.0886611938476562 0.0969772338867188 0.0711212158203125 -0.177169799804688
-0.0940704345703125 0.126899719238281 0.08660888671875 -0.19866943359375
-0.0803375244140625 0.152435302734375 0.144302368164063 -0.228805541992188
-0.119987487792969 0.103248596191406 0.246261596679687 -0.158096313476562
-0.175872802734375 0.0275115966796875 0.258453369140625 -0.0067901611328125
-0.1558837890625 -0.1015625 0.17974853515625 0.137313842773438
0.0116729736328125 -0.239883422851562 0.01007080078125 0.172027587890625
0.176605224609375 -0.15533447265625 -0.0579032897949219 -0.002288818359375
0.240432739257813 -0.01165771484375 0.270553588867188 -0.0898590087890625
-0.00118296441891099 0.0945578679692694 -0.28441803462085 -0.168475696410305
0.101294942093209 0.0458082512909348 -0.0359519328948772 0.0218460463637699
0.102234793987283 -0.0311066336783757 0.146716313507874 -0.126610830310431
0.0184212883434756 -0.0821243919556517 0.0292711307187849 -0.270686871249352
-0.044088511610362 -0.0534417530706642 -0.158358079823143 -0.277417323410441
-0.0370395865707335 -0.00958644919708423 -0.290196366673168 -0.16959313472003
-0.0342928683496376 -0.0128567517800563 -0.323179762808537 -0.0275401113741368
-0.034359761369498 -0.0173767413242386 -0.280322204690558 0.0481882899239665
-0.0266197785939356 -0.0189666466069895 -0.225816227556251 0.0360941558801843
-0.00782035908720217 -0.0242810491390753 -0.207995297573304 0.0194179044023356
0.0257363294348393 -0.0298625414164189 -0.222204118543152 0.018294564059983
0.072315409915528 -0.00458709698442154 -0.262617828750323 -0.0330604131660718
0.0643162786121238 0.0753662133096547 -0.282372124996501 -0.133362734879157
-0.0130353823963372 0.115199956244674 -0.344510899592517 -0.177289197869132
-0.0855038007146327 0.0949020879124926 -0.406076390782058 -0.146556337993856
-0.166383212301885 0.0340781026036105 -0.253364081715463 -0.175958462751093
-0.0571110470267929 0.0730334505921763 -0.0130383977199248 0.0421925394035002
-0.0035547803976341 0.0877553891980972 0.210713403168618 -0.120386735062864
0.0190745784540641 0.0515721959370011 0.0901433189375003 -0.301156049800655
0.041881832378904 0.0288879472029248 -0.135639799166362 -0.328322028531117
0.0571460893180158 0.0130959107476048 -0.287199871452409 -0.199136448508998
0.0712947235982759 -0.0158842716859784 -0.319096949716203 -0.047904691837414
0.0758341277803768 -0.0299892105546375 -0.273190309168066 0.0403574498929821
0.086103170492398 -0.0177874073123772 -0.217654816661756 0.0380082858479595
0.077699743048215 0.0221471887760605 -0.184546558578467 0.0303949626502193
0.0780301797440582 0.0687433123628259 -0.193389344797475 0.0384050614077261
0.0308114367407782 0.126992849780852 -0.245454112708636 0.0143125769613656
-0.0646858387855581 0.162779975521147 -0.274600376356156 -0.0804843436826969
-0.16923661982295 0.0981482870643373 -0.345449900308984 -0.123963889183609
-0.245327277229723 0.01057420559868 -0.388447161503193 -0.118027200411836
-0.309732527878899 -0.0498370931746152 -0.175768664732488 -0.155572850651668
-0.231856127225861 0.0645233628655453 0.03840802029001 0.0805287755373457
-0.147019451984743 0.194649088971409 0.293152053059428 -0.0909516803875921
-0.0106242937828176 0.201383626270568 0.176420942981326 -0.310759209659316
0.115528087875088 0.137067467162552 -0.0801806520826655 -0.366401596727328
0.147868432507968 0.0520693422145792 -0.24663064774505 -0.221059471896729
0.16894856926582 -0.00840477035568584 -0.272751932989099 -0.0661867136346123
0.175163835774991 -0.0395761419214987 -0.22452998548426 0.0263871024168423
0.186152282673874 -0.0262217238934911 -0.169040382627883 0.0401379198906573
0.157842872657198 0.0448006492854915 -0.127787240130295 0.0500459214681969
0.142781853058064 0.133230632019935 -0.143074247091909 0.0754010066850949
0.0319014416707423 0.238115401272763 -0.212644125992063 0.0781100569427345
-0.140480208885413 0.257141812062343 -0.258308988504676 -0.0143373345712702
-0.286267768998007 0.111358306067103 -0.322100856426293 -0.0699348500127697
-0.37098986080988 -0.0490482368548039 -0.320819712824575 -0.0704417485662127
-0.40462346624032 -0.14115063314978 -0.0583510714014346 -0.101606515121044
-0.383433826079413 0.0161707146134763 0.112139123903561 0.136879070781681
-0.303243089684595 0.259213794996874 0.371710371912531 -0.0293906591589592
-0.0761164715683784 0.332761342068384 0.27217569137785 -0.277495983767339
0.155831493166606 0.250512748248717 0.00398151542963264 -0.36746273670708
0.215912564178728 0.10246787767282 -0.168897449017019 -0.222352917731586
0.24120213141011 0.0103305542575475 -0.189297850418026 -0.0770664922176962
0.248495694895658 -0.0414199752780929 -0.142270605907939 0.0086432254334163
0.260091995969398 -0.0372497000352713 -0.0908990852976872 0.0362418241576884
0.218461014527629 0.0480503866355555 -0.0475919465764432 0.064675745155019
0.201176979488312 0.162123160860965 -0.0744707699102052 0.108497306879243
0.0546682745810848 0.307398779885764 -0.161755754914064 0.13319662749733
-0.172699700916723 0.326437853777093 -0.225769777743188 0.0420459233234845
-0.3527658295822 0.127282653698714 -0.270015252192184 -0.0363608605011225
-0.439844871575986 -0.0961524568023382 -0.214091292296303 -0.0245561075352472
-0.418017593463802 -0.227902416316721 0.0786167733292242 -0.016832765030684
-0.462127452017558 -0.0715424831848441 0.184768173411552 0.207037934539487
-0.428831607103216 0.237745781397172 0.414527466686088 0.0675280731969894
-0.166042949598613 0.391075181981894 0.348083741276092 -0.186118529359265
0.140404905817736 0.333311392401605 0.104993379730766 -0.312288493887758
0.240101156902995 0.15126636995757 -0.0624377867642246 -0.19366712315712
0.273603394207501 0.0383643709975724 -0.0797622942827911 -0.0763296199414967
0.284563611527051 -0.0300332921085156 -0.0400363124435834 -0.00792952441633258
0.295090319323841 -0.0366360740472914 0.00505758902287951 0.0279671750271256
0.247591042049365 0.0476219999151791 0.0416285355064698 0.0733512336492761
0.229000693951886 0.168488482397513 -0.00160669059330797 0.133133962373028
0.0648442902184007 0.328317405202396 -0.103874243730951 0.168469851383566
-0.185453927185489 0.344779456915331 -0.184909164302611 0.0766707433941095
-0.371994358405471 0.117463326121697 -0.204533271621876 -0.0277546268284192
-0.442043207812142 -0.134634929678558 -0.0896036859847545 0.0185563629307124
-0.360077946426327 -0.257811676799448 0.206507052992722 0.0816708285780135
-0.440830679807784 -0.139096504004232 0.250172403974549 0.267977416436959
-0.457772873308816 0.166470154723341 0.409574244798125 0.151138652986629
-0.220664641558995 0.363473829178231 0.370429642071248 -0.0801185701989876
0.100954821533993 0.344361745356941 0.175240036382101 -0.218911171426775
0.224637272182582 0.168089256496437 0.0372781519774798 -0.137214025614812
0.261663456937583 0.0531456173888047 0.0314125753212308 -0.0591086583542967
0.276684613468958 -0.020726901551446 0.0639243923775093 -0.0186545486570782
0.289450612858247 -0.0339086770244528 0.105427202085702 0.019927817877556
0.244047597275935 0.0437435022992407 0.128384804075454 0.0799817030569377
0.22424395424549 0.157599973681888 0.0664519182145459 0.155703146628457
0.0564806927805014 0.310236243837193 -0.0526807034939541 0.192578503077269
-0.189739264011137 0.3130675941373 -0.148608016933506 0.0979389396178283
-0.352298933561951 0.0806958780098026 -0.139420821024351 -0.030280707061159
-0.385144384826102 -0.162074545678418 0.031922001178492 0.0598364827212023
-0.243025667831291 -0.228942827952945 0.307281837834069 0.164656011269706
-0.330650539442435 -0.161961879821189 0.296563543033159 0.30055293426819
-0.382418151291959 0.0798020968120544 0.36710410018857 0.200575080287494
-0.212703277935599 0.267398260750899 0.346516241067586 0.00972054713766333
0.0552333535116113 0.283743815005118 0.210838433366663 -0.119006561566645
0.175508983423565 0.146648521147533 0.11727161084478 -0.074381457671021
0.211467343118127 0.0500548654321583 0.127228993139494 -0.0394842712517691
0.228426546946887 -0.011120384524032 0.156169675956438 -0.0262655114488244
0.241665701401538 -0.024591043357501 0.195861327492247 0.0128640810627477
0.209075572199431 0.0413049958746651 0.203167644579272 0.0887055360111045
0.18815066632114 0.137468957329256 0.11976958624537 0.181190075132507
0.0312972639566928 0.26143945181573 -0.0178685438771851 0.210549456838691
-0.184883207084201 0.247322062468912 -0.124847036437702 0.110976879568866
-0.300192213653514 0.023232474990158 -0.0822784105578909 -0.0319180676785427
-0.281848577794694 -0.176682703643956 0.1340015986473 0.104035619551083
-0.0871017939780541 -0.153696099864917 0.366365580290915 0.205109351627062
-0.168827857853235 -0.134575948237587 0.329037204536296 0.28656848406905
-0.232033718673614 0.0127949739144755 0.31728413553032 0.20053727128315
-0.148492276920296 0.142645527986433 0.303099562533696 0.0552623714309839
0.0175290671116161 0.173838197371683 0.217964911413462 -0.0458870405597374
0.105292910451208 0.0964128282874346 0.168647704392843 -0.028164830546774
0.128795665861714 0.0359886475392052 0.194394984813651 -0.0232493777591441
0.145559861284029 -0.00201654276370856 0.223027488493597 -0.031408126264681
0.16103776231279 -0.0107161009795986 0.265317883993924 0.0126727150017128
0.145864859667281 0.0381679606744463 0.255527583695696 0.105493742656937
0.127712006454603 0.105552644656278 0.151135416690734 0.21492428489275
0.000611274419328971 0.185672707621009 -0.0046280791431139 0.23049793333599
-0.159915584453643 0.153961868651639 -0.119568199307148 0.120911385927543
-0.215902852485107 -0.0352293315693122 -0.0409167724495728 -0.0262746553133531
-0.142523199605044 -0.169869631944904 0.204977986396367 0.151028584741417
0.00528625423861595 0.0931287887381982 -0.292778240574945 -0.147073865899901
0.101382374121959 0.0380681606486808 -0.0321128342833721 0.0269271690812236
0.0983925398553715 -0.0373459060699045 0.139645273973976 -0.134797971191721
0.0130455320327508 -0.0809045449848679 0.0129039186509553 -0.271130779756621
-0.0476571066373116 -0.0476928507149389 -0.177027307375104 -0.264851508733749
-0.0360196390380297 -0.00732728931688321 -0.301950682274086 -0.146830252502456
-0.0337036822029843 -0.0111228391300916 -0.320755619131911 -0.000826916783605825
-0.0353011260943301 -0.0151447172722268 -0.271536958452879 0.0714204423725309
-0.0261255196374068 -0.0171121260491754 -0.222560390871682 0.0532190005795963
-0.00760431092900006 -0.0240156334643472 -0.208137775972005 0.0357507344388544
0.0246975290449006 -0.0302323493390687 -0.219560435912065 0.0351379217781998
0.0703134822653823 -0.00831660010089098 -0.262348131305462 -0.0156279905027327
0.0686375149034354 0.0704702616020872 -0.288386294632699 -0.11629386206886
-0.00519220490022133 0.112628174457625 -0.348789398085691 -0.154797174586692
-0.078361430569074 0.0992239192260688 -0.413606258130402 -0.121982842944692
-0.163071034079266 0.0446381780068081 -0.260815967672148 -0.155500660723466
-0.0533137162499281 0.0764041932996126 -0.00732339822449726 0.044901683863134
0.00284229683625459 0.0882489114280552 0.202935803494979 -0.133103553376901
0.0227333608455266 0.0520283819084139 0.0703094348771687 -0.304568276575215
0.0433094695320929 0.0269715850101289 -0.158207859492745 -0.317518602927518
0.0589697211670009 0.00907531375834564 -0.300253645160548 -0.177435187799764
0.0704477580213961 -0.0217356557118701 -0.318798405217006 -0.0222944597391422
0.0730582960085006 -0.0365403707609744 -0.265345996180642 0.0627372087592716
0.0856248604487225 -0.0257534687805227 -0.213519792467417 0.0557053616254125
0.0799950766298362 0.016731784575154 -0.18225020924652 0.0452200083686076
0.0838265057609405 0.0633987144633841 -0.190790511609876 0.053425661299758
0.038674893381084 0.125627541861843 -0.242339882412165 0.0318009591058252
-0.0523285635720107 0.167298313571006 -0.27784378631879 -0.0637793093586626
-0.161377625176641 0.106138618194678 -0.348201825538528 -0.100842826743004
-0.243008395522468 0.0265572803872667 -0.393161040559101 -0.0943225855755006
-0.311992606501518 -0.0286452390108583 -0.181801254623345 -0.139973960600473
-0.226173743318775 0.0797943443958294 0.0469659503159069 0.0788387389688275
-0.130462775762192 0.204614170257349 0.286216968040318 -0.108183113009376
0.00282491727688441 0.202329185098137 0.156100998910206 -0.318774715473584
0.12380762742533 0.128136706626063 -0.106069482650176 -0.359660279552103
0.150794148625175 0.0421996099839325 -0.260015671285612 -0.202611434987935
0.167419797975877 -0.0206029231153275 -0.274886436017649 -0.0446930261749716
0.17120497458659 -0.0540962203803462 -0.218715282836933 0.0449187781639314
0.184065495709167 -0.0416630160215686 -0.165203950974916 0.0541523004272914
0.160741588368329 0.033727749867248 -0.124783493774958 0.0607675984440774
0.15304689595593 0.122577951020555 -0.138617777961959 0.0871508606708561
0.0483109695622239 0.236134268054979 -0.204903094121331 0.0934356081918524
-0.120578938834685 0.266265804239909 -0.258966725079953 0.00133581703440811
-0.277374821207433 0.12907046177952 -0.322167878866234 -0.0481940953056332
-0.372565324567114 -0.0239533288926828 -0.323822524684319 -0.050459783120026
-0.412347585731958 -0.112516727758885 -0.0631477312146167 -0.0944034434065736
-0.379451262051406 0.0432104967459621 0.123814809439034 0.130115219512448
-0.280711544953739 0.278962031650496 0.367979410399964 -0.0519697718146113
-0.0533487417894035 0.337257051395812 0.252222629468891 -0.291770201736588
0.173252632821389 0.237339440999724 -0.023379738578161 -0.36673107195236
0.2217865537543 0.0879090848422836 -0.182535932236878 -0.209951348488531
0.2407217252125 -0.00703976480629542 -0.19243059245885 -0.0626929554650857
0.244206673050526 -0.0618750741833625 -0.138875256509313 0.0206537923587132
0.2556085997275 -0.0576110604801177 -0.0868383179667626 0.0441820038856842
0.220669688643549 0.0327751788476953 -0.0439521096743959 0.0689641892562394
0.212133337280729 0.146475896032228 -0.0678057274662542 0.115589713540049
0.0758152112436599 0.303050242007819 -0.149630337230686 0.144776444567363
-0.146968972613972 0.33753576840277 -0.223277369358673 0.0558002225484348
-0.341758682957255 0.149557102635677 -0.270641879326101 -0.0182103560958572
-0.444182510937556 -0.0653583294703763 -0.214640860568686 -0.0108752271564873
-0.431079613256423 -0.196206520968166 0.0789295430119309 -0.0196090843532302
-0.461967567182896 -0.0395928779316293 0.199293756682105 0.194815161267268
-0.406279154415507 0.267545532956509 0.416817005687524 0.0424785032639815
-0.139286482763697 0.401069012081843 0.334559577999609 -0.204870781843011
0.165089944907354 0.319800598516893 0.0804109581687476 -0.31916879548083
0.249103925562587 0.134126207814787 -0.0740268397396425 -0.189039760597632
0.274207673964212 0.0186695454249095 -0.0837539289661038 -0.0711558015069945
0.279627670798329 -0.0533496337365778 -0.0398647025120858 -0.00458997174939218
0.289063191403506 -0.0597165485440958 0.00762520138426287 0.0278516787215418
0.248855380155524 0.0305015908303926 0.0455258202730462 0.0703444094204917
0.238740459487363 0.149850110899928 0.00648132964028039 0.135223594354709
0.0872443174280922 0.32286709951755 -0.0901996610568996 0.176261608534986
-0.158518621125968 0.355598237776578 -0.181224991512017 0.0876910958164832
-0.361073652639033 0.141998736647502 -0.206444757000663 -0.0139548424774794
-0.450324435783853 -0.103240466360074 -0.0882117352644621 0.0240017574586965
-0.377072085186507 -0.230225863307324 0.211808422698817 0.0701144866155461
-0.444857750984806 -0.108786557409164 0.265994576628827 0.250177307778376
-0.439556579029939 0.197957297622771 0.416329484330154 0.125068371361586
-0.195792085544396 0.376549028869881 0.363352325409735 -0.101290249959461
0.126231324881647 0.334364385640196 0.157888472823137 -0.230821627048589
0.235027368541361 0.151536261294325 0.0295782151872399 -0.139788622978051
0.262998133921738 0.0341656135669856 0.0278638006187914 -0.0629282649673272
0.272681051443284 -0.0426358607337253 0.062419199997893 -0.0233218690220676
0.283091983562626 -0.0566426947587987 0.105631620787327 0.0115865270500995
0.244727406933313 0.0271455053729958 0.133011324327358 0.070305839962406
0.23346178126808 0.139286339283942 0.0761975318809778 0.152923223981589
0.0778337291117456 0.304792326855143 -0.0382884274648702 0.195756907043856
-0.165159377851881 0.324473383357152 -0.1440167740677 0.106746642587584
-0.343738756621944 0.10417549739799 -0.142819336746267 -0.0196451957679277
-0.395189727620602 -0.135152140237438 0.0347832802188154 0.0576005202344723
-0.257868329847282 -0.208704722285948 0.31581159915207 0.145422938538777
-0.336749251629686 -0.138099954836795 0.314500438824322 0.27930095967941
-0.370887093472717 0.106057476890655 0.377030081822554 0.176525324061882
-0.193315416668592 0.279972480181253 0.345114981947942 -0.0102705342998368
0.0762171089923109 0.276282439647597 0.201005227723989 -0.133344689261061
0.184725429705523 0.132885384543489 0.112976459053368 -0.0837101770658438
0.213232311127071 0.0341061171460032 0.124269285338281 -0.0505491375616006
0.225215700642343 -0.0294165611197548 0.152336695687447 -0.0388916606245179
0.236844542153597 -0.0435754843035724 0.194140879470867 -0.00295935877175351
0.209802310380569 0.0267108308375687 0.207698727763813 0.0730684610701392
0.195098316103571 0.121997139226829 0.131486074699466 0.174495734448604
0.0491508507512503 0.256836642319912 -0.00210626639377283 0.21148985757462
-0.164440293219481 0.257432421595498 -0.120038912310249 0.118088663692002
-0.295442375986918 0.0449353077660259 -0.0875288581900173 -0.0253207564542963
-0.293294268190952 -0.155960268682979 0.139474312404396 0.0949882582946271
-0.0976162703204713 -0.144413319952029 0.376798820962843 0.181957110638608
-0.175200088789128 -0.122325924133677 0.343503518289346 0.263720067196469
-0.227176424768309 0.0285555604556418 0.326990428123862 0.179709907723247
-0.137690463659056 0.150859704064649 0.30466424283022 0.0367134849457162
0.0310097402565335 0.169876160099769 0.213548586291763 -0.0616472111632909
0.111605275623401 0.0868838817716916 0.167236542578231 -0.0422179572872506
0.130228102930828 0.0267447894586664 0.191579985736074 -0.0405847372613438
0.14300192968697 -0.0125560624562028 0.217710881194805 -0.0495865186923672
0.157023892422469 -0.0235027649645422 0.263001966119883 -0.00853400219055223
0.148218081308839 0.0272215513579927 0.260651753812188 0.0855374972967204
0.132620205606931 0.0945447914324838 0.165840991692337 0.203885552885552
0.0123765118418859 0.184045378943851 0.0104811925911608 0.229770884808735
-0.146102316647497 0.16281977018202 -0.11330904302346 0.127536775588284
-0.214502296583405 -0.019560760065883 -0.0462796514098612 -0.0227601524926964
-0.152497378736279 -0.157637913845665 0.214038470139804 0.136971476173759
0.0102528911378958 0.0893167905516274 -0.292124180216098 -0.122896774406668
0.0990537402662167 0.0308240198837473 -0.0272974292708146 0.0303400888722413
0.0920371790233354 -0.0425572833324063 0.129238753886111 -0.138720308341669
0.00839608776392152 -0.0780593683437096 -0.00237106066162263 -0.265707317418615
-0.0488650576662516 -0.0410760442120269 -0.189987996555695 -0.247894431735033
-0.0335993489899357 -0.00489635965822162 -0.305061300024827 -0.123154251827454
-0.0328076622702478 -0.00971447487552072 -0.310458119314346 0.0218572337622352
-0.0350467425411769 -0.0129441881712143 -0.255970161906127 0.0894625010589274
-0.0252895712069405 -0.0162326632323946 -0.214572882917349 0.0685510795240028
-0.00742035950699017 -0.0234919400949753 -0.201503279935111 0.0513729154759097
0.0229501941458897 -0.0304488270647562 -0.212333958269706 0.0483162786000267
0.0664830279260867 -0.010333570674938 -0.256009695202487 0.000604633590865623
0.0709367176499628 0.0647811464838944 -0.287385159846418 -0.0981855405044434
0.000749291941329392 0.107810098631064 -0.345103370898238 -0.131880665872342
-0.0699251065073395 0.100292179000381 -0.409972396367634 -0.0977249555559147
-0.156739729918106 0.0527643875762423 -0.261538650383408 -0.134155043001991
-0.0483274661343789 0.0777602649270487 -0.00162369975090593 0.0456136764761363
0.00792380952383387 0.0857895408697655 0.191943100360435 -0.140670558997803
0.0248239385010532 0.0510140514691432 0.0521052167525519 -0.301126252571851
0.0441741917518666 0.0255498098332307 -0.174692148362499 -0.300004587950027
0.059031477618353 0.00516385978127589 -0.304897388452322 -0.152876813911165
0.0675985903536661 -0.0265355340861806 -0.309172252942497 0.00151735858425177
0.0687130855765647 -0.0418430449441984 -0.250689980846286 0.0814688219426121
0.0825993970348559 -0.0315823147730504 -0.204028956241478 0.0702165940784838
0.0806277135702413 0.0108391713870332 -0.17664513838456 0.0589127770831684
0.0866777783767252 0.0563012040522611 -0.183154042318201 0.0659527564270511
0.0453311934748303 0.121737774031169 -0.232325479235756 0.0456840253618273
-0.0402332089569692 0.166296047360851 -0.275112722557492 -0.0470817288286222
-0.151834848177916 0.112088623693503 -0.341767837756794 -0.0791038252401925
-0.235142242070739 0.0405349749682513 -0.38944618951017 -0.0705553691476079
-0.305610688283629 -0.00827208485561969 -0.184134512139821 -0.123248539421205
-0.215989965803678 0.0909431269666036 0.0533677866449561 0.0757715722741183
-0.113065642191811 0.207148924989974 0.273597015520845 -0.121652098382605
0.0147786175140308 0.199138981563546 0.134483674646584 -0.31962432107566
0.129757661439962 0.11718817199182 -0.12841207364999 -0.343219741452747
0.150793705449352 0.0323732065184637 -0.266529209374302 -0.180518073132036
0.161790741194876 -0.0313585315435733 -0.268021778540287 -0.0238032736573018
0.162978553108291 -0.0662639331863399 -0.206986447504661 0.0606200735585192
0.176822189374311 -0.0545565181073135 -0.156734055257771 0.0655726895381725
0.159462595791246 0.0222405802279385 -0.119035090210203 0.068785699086604
0.15823296211209 0.109151039988216 -0.130354060415554 0.0960279155474406
0.0627112830150229 0.228451256480706 -0.192738134403934 0.104166290514039
-0.099644421809276 0.26818215963525 -0.253045733737767 0.0155706930529964
-0.262838521636541 0.141274257768894 -0.315340875480003 -0.0285612443929599
-0.365541207954852 0.000224092271588306 -0.31899577001492 -0.0308461833866519
-0.41034326276111 -0.0836061128760846 -0.0652030805679442 -0.0859634271006937
-0.366813698631488 0.0641555053762165 0.130564898775039 0.12048621117522
-0.253281664672355 0.289594595696691 0.356232447399777 -0.0707862886192127
-0.0324736550808321 0.333675202391151 0.230573524459084 -0.297190114934164
0.184586212161675 0.219816837274453 -0.0474289293606886 -0.355586808516451
0.222500850623701 0.0723278253838147 -0.190713686986404 -0.192754755559053
0.233597455474705 -0.0230654109503738 -0.190043807603089 -0.0475057163260631
0.232311515358036 -0.0791474430870955 -0.132091445422122 0.0306836213977204
0.243965279037491 -0.075616010639823 -0.0807242866794276 0.050107433999602
0.21777813573975 0.0181547599735192 -0.0390216418702702 0.0713343886235017
0.217150836492804 0.127620977621235 -0.0595063925168545 0.1200351558666
0.0944836023589402 0.291459235848707 -0.135262619929515 0.151255975470918
-0.119986486813344 0.339250850448611 -0.216291536151824 0.0665604897846511
-0.325012489844805 0.166830342164448 -0.264984607098801 -0.000777059278627455
-0.438727949711732 -0.0359878040001944 -0.210078726705996 0.00195319075382155
-0.433601234539558 -0.162803168400124 0.0772171241370955 -0.0211837934578244
-0.451955073923047 -0.0106618321319055 0.207281838253469 0.178752084242375
-0.376335927482613 0.287171747599215 0.408378539647563 0.0179265759784535
-0.112341534997453 0.401501313881656 0.315555201786134 -0.217129752263169
0.181360087613894 0.300332627417217 0.0566698824490002 -0.315739399857403
0.251946016582217 0.115709060205887 -0.0829026144349626 -0.180623018676317
0.267696645304865 0.000299241187060039 -0.0853775977172838 -0.0638522465020724
0.268229621041775 -0.0737516794326018 -0.038514363219289 -0.000981190522109159
0.277120070701104 -0.0801752349414984 0.0100805958106646 0.027506040348928
0.24427840694458 0.0140380167747222 0.0483398084286642 0.0666235519600595
0.243063073219943 0.129493500779239 0.0144635501056681 0.133938226810245
0.107025346521928 0.309776711794026 -0.0759952676001944 0.178099627786552
-0.130002385438727 0.356857116686257 -0.173925732004837 0.0959067349853686
-0.342523130329366 0.161574591023914 -0.203738814673469 0.000143391319399954
-0.446120105170263 -0.0702633765148099 -0.0842280208891382 0.0290444290679755
-0.381339732008917 -0.198716367484702 0.211141529717397 0.0579964437496894
-0.439177501929473 -0.0787790025877053 0.274757001391635 0.228577448941246
-0.413265296207111 0.220801936169805 0.412901224490553 0.0995879451516227
-0.168293312711917 0.380170494209341 0.348879741616528 -0.117452184886919
0.145833470261346 0.316169071889963 0.137900850233841 -0.235126536239137
0.239273372539538 0.131565854685724 0.0211526135323264 -0.139381423077954
0.258549086671974 0.01587823249907 0.023568074488592 -0.0646873670017885
0.26236992403198 -0.0618646744993734 0.0586977682058809 -0.0271785083332023
0.271006831907978 -0.0759309092419429 0.103701110186974 0.00398054731699892
0.239555577170932 0.0107181072482171 0.133486314480601 0.0596426456047828
0.235638659531294 0.120087583425625 0.0839155253575919 0.146763535662902
0.0950155816720969 0.291898869148398 -0.0243474774898886 0.194003168081709
-0.137977587957162 0.327267195616912 -0.136910030215639 0.11227067607527
-0.327309409026544 0.123122318362156 -0.143110247124386 -0.00920387018419871
-0.395758892314987 -0.105683809924908 0.037402749859935 0.0543650002037427
-0.265525945622974 -0.185937746356831 0.31646766720935 0.125876868948633
-0.335135559534369 -0.1143652056923 0.321934220065686 0.253744261290509
-0.351784584563653 0.127030582736136 0.376750377985475 0.151741655700815
-0.172141509647886 0.285268419797219 0.336160312941362 -0.0275776280634002
0.0931838895043248 0.262063076795931 0.186912978486415 -0.142291007977636
0.188685470850054 0.116783868326488 0.106560676843619 -0.0905287875507396
0.2094017240297 0.0192918562659254 0.117955631432772 -0.0597224975950075
0.216251976744429 -0.0450552579153485 0.144799009739685 -0.0494797250942454
0.225838548818936 -0.0592979121684559 0.188493245240201 -0.0169969595746201
0.205658783406438 0.0126505041540639 0.206599592597883 0.0571047885486866
0.197034637945626 0.10552802977759 0.14026161504201 0.163395425968792
0.0636275377673737 0.247367875345648 0.0106592470267268 0.206906913164799
-0.141416045009372 0.260525726166378 -0.112704297470596 0.122032335183159
-0.283293970736388 0.062492068182986 -0.0894733262471197 -0.0174842832723045
-0.296361297824992 -0.131946891149935 0.142106854791012 0.0840883018928333
-0.105068431762879 -0.132534843074139 0.377415994378959 0.157316345700981
-0.176189231197545 -0.109219132127258 0.347838150837566 0.237808003082406
-0.216450469549224 0.0418701516957819 0.328026092064613 0.157225275836847
-0.124866480333345 0.154997173191469 0.299031874739215 0.0201461686342326
0.0418896864816771 0.162046075912082 0.205414235284496 -0.0731641070297469
0.113883913621923 0.076131161423034 0.161614127950475 -0.0528486612698758
0.12775003444781 0.0176480497941011 0.183993696117174 -0.0547165784079684
0.13788456707709 -0.0227278372944832 0.206765462683997 -0.064456441117233
0.149609556870579 -0.0333352495167945 0.25303674537243 -0.0278483681414122
0.14518704190175 0.0168276208269484 0.258504924468939 0.0650894443654396
0.134192209179534 0.0829859759833026 0.175179076600594 0.189776471749902
0.0230817922001853 0.178523971988446 0.0237825772085759 0.223187228680767
-0.129829889937083 0.167441506365734 -0.104892228265914 0.131154381937819
-0.207702678829667 -0.00445788384062873 -0.0491604737446905 -0.0178832736505369
-0.159520919284154 -0.143318658113953 0.217052785758296 0.120013698744951
0.0391159936939841 0.080509527575259 -0.308952942965794 -0.0165314171835486
0.100165028055542 -0.00628758303489659 -0.0158851508930555 0.041326801360302
0.0669928166963716 -0.0724038438700375 0.0755287961946143 -0.16457958105673
-0.0211432668195965 -0.0736828925464246 -0.0866337251951396 -0.242772899824868
-0.0593707827700693 -0.0199984555850138 -0.253902131943465 -0.164382073244441
-0.0349331408860147 0.00456105056836657 -0.319993127516696 -0.00603924686180539
-0.0355638173722556 0.00216343351177137 -0.269071247156457 0.130136466301714
-0.0365916742356164 0.000714325815132305 -0.19503567134264 0.169793879572366
-0.0276284494793073 -0.0072093616337453 -0.169678987826902 0.136782748729358
-0.0131802717224503 -0.0183492752343743 -0.165617117057726 0.116098952656752
0.0111494827431668 -0.0354315487371871 -0.174492801970111 0.116607086055288
0.0566989430495706 -0.0310271009159171 -0.232326092660547 0.0836421546150566
0.0852422265496394 0.0361140277083539 -0.294104522530043 0.00118789743072665
0.0383690204607862 0.0976053066623837 -0.353058958348795 -0.0123669451986508
-0.0294588622445029 0.11358576679097 -0.39828012026147 0.0382627684031303
-0.129541479549129 0.10674787164006 -0.278697004052929 -0.0398766950322667
-0.0173689784014888 0.0892323384286232 0.0144538708265315 0.038777044916045
0.0376317157985277 0.0740325158305817 0.125612277755961 -0.193876257318738
0.0418786867027666 0.0362810183744414 -0.0559638766628883 -0.294480963258822
0.0471005297888953 0.00671705952329293 -0.262512759253643 -0.213557232719827
0.0523702629166315 -0.0178345789132415 -0.331385730942923 -0.0306163800754522
0.0506480375774293 -0.0485255873947118 -0.278846183799067 0.114009058127135
0.0457822314698295 -0.0610508384551177 -0.192526701702066 0.163587953910979
0.0628061891191943 -0.0586626522738923 -0.159599449383055 0.136295715440814
0.0783850913375241 -0.0174885794338272 -0.142521343983619 0.115347220477232
0.0985056317040182 0.0207055205810539 -0.145395137595175 0.123100878573834
0.0826659748264527 0.0970377881799726 -0.19623333759096 0.115438097744555
0.0187937020887469 0.165351556799008 -0.264460091845671 0.0428011096509965
-0.0988852706179801 0.153512546534729 -0.33214595371846 0.0370774315366604
-0.201587357128576 0.112886148967133 -0.369551647245946 0.0611360746036745
-0.289340082150491 0.103272527507582 -0.198690710069447 -0.059320643710135
-0.164413789270512 0.161395042977101 0.0781591039551209 0.0398172112435653
-0.0278020376632072 0.226934429054017 0.202265029057346 -0.212098945890212
0.0866597720257336 0.173721636995828 0.00761591235500736 -0.339825344665468
0.156060936486841 0.0593383042338279 -0.239292137299435 -0.267162260954723
0.144063164282023 -0.0240144135410055 -0.307437577429683 -0.0668470936668104
0.136082723319444 -0.0852127487157891 -0.254116079669139 0.0769138567991459
0.121719117303395 -0.114908301882359 -0.161954910081529 0.131900560213215
0.13937486492009 -0.111088998876656 -0.118088090214433 0.11644324235808
0.153553172823272 -0.0330405095422009 -0.0878167485159032 0.106665730597959
0.180184475694477 0.0434844947335654 -0.0894783479826027 0.133241316061823
0.134817129574258 0.187231597587257 -0.141456051329093 0.153361240439118
0.00051538828586928 0.276585202159884 -0.222894708099455 0.0922776024940101
-0.19006128645462 0.217785596690196 -0.289793172444823 0.0767291379696001
-0.335209883136369 0.118290475221243 -0.291394076664621 0.0801952314615648
-0.410457311121165 0.0708006635512747 -0.073889962623043 -0.0667444340450518
-0.311544634731822 0.19184546892476 0.168958617031099 0.0487864503208205
-0.12420136944811 0.351487825719112 0.292028606578902 -0.202874293912664
0.0948866438121325 0.312829409771333 0.0961602893244114 -0.357421253737708
0.241690070400881 0.131371225670935 -0.175103411511141 -0.302804337503872
0.223164366628227 -0.0128552193575169 -0.244726947603143 -0.102429230155185
0.205597557303297 -0.102692943351406 -0.194244041771772 0.0274884401379282
0.179578389676444 -0.150262515634512 -0.106398684253642 0.0806811101166124
0.192263448818824 -0.153174831280491 -0.0551013606348537 0.0768462210153856
0.203900160314441 -0.0574393800860034 -0.0158915566313964 0.081772911323578
0.238735912629368 0.0404317946879626 -0.0189911260972014 0.132139218659762
0.185034707671845 0.233921351492012 -0.0750505745154733 0.175629484830574
0.00635186433654179 0.347442914271275 -0.171759707593086 0.126552210369692
-0.236702381076786 0.261525812403734 -0.235162313555622 0.0879576659151185
-0.415238850933469 0.109609737732281 -0.182393123244669 0.0783986991091147
-0.460705683178168 0.00597996596634794 0.0802546755549991 -0.0533914193583924
-0.416115647787549 0.153168989459036 0.263644440841217 0.0760342741923547
-0.235908311220045 0.392371390949552 0.371416876228031 -0.145359634207319
0.0479032191410771 0.402900515882168 0.198637571664786 -0.316701930973833
0.268351686882774 0.20382723144504 -0.0700743927163422 -0.303349147372757
0.265609489678857 0.015726636092182 -0.144738777437293 -0.128358773700678
0.246490255534701 -0.0935830642189468 -0.107591559999391 -0.0255548594636467
0.214237368705487 -0.157783979996679 -0.0351277940488173 0.018736793093326
0.219219190140331 -0.168658866746374 0.0187451281960851 0.0256249527330827
0.226111825767205 -0.0698578322992161 0.061420027742828 0.0475627742900755
0.261916242152374 0.0336202333141114 0.0532715227607831 0.120155995059054
0.202682938771767 0.246308458831875 -0.0127677213375163 0.180789158043263
0.00307360066482051 0.366747961688539 -0.123866335533695 0.139272006842682
-0.255460219663479 0.262529148785113 -0.180393586926543 0.0703758935956263
-0.434070333770423 0.0803078195090445 -0.0608482304303513 0.0644128899213268
-0.424154757042976 -0.046429094906616 0.229095361263427 -0.0228495294559116
-0.42883849174635 0.0845456416142416 0.343568510069514 0.102114529953128
-0.293665194444439 0.345005078103238 0.406003223978298 -0.0723349779504751
-0.0102214520880549 0.40505496504523 0.265265382403591 -0.238377018201862
0.242384506801626 0.230876657936458 0.0317820656598234 -0.258425456887448
0.26093896502512 0.035312466282948 -0.0357660758434434 -0.127909040216128
0.245057674949471 -0.0755598934117062 -0.0104961910618596 -0.066050509945447
0.213095417376647 -0.14539305480826 0.0419800714732332 -0.0395624303108396
0.215461851504152 -0.161821064283248 0.0949246273395816 -0.0287163888477196
0.220831055067341 -0.0709617081709316 0.1366355119944 0.012153494636231
0.251513093241602 0.027270318085074 0.120157169324981 0.107304500298363
0.185162106072132 0.234017733453312 0.0388497948981261 0.178854251603427
-0.0134931551163867 0.341301283504262 -0.0851675885591951 0.143425713036105
-0.253616520275591 0.2237086051306 -0.128919174076613 0.0432542666656682
-0.400008307666889 0.0330529270738383 0.0556245068742796 0.0487319793001514
-0.310131534808756 -0.0762455612813287 0.344501577779718 0.00803409146475197
-0.345110523357458 0.014378913693046 0.392196597882527 0.11593797630263
-0.270032638840013 0.238947223964934 0.395529686403638 -0.00751291860137108
-0.0481869149210793 0.320267771586759 0.288903162631789 -0.150708515528891
0.176456836607365 0.201970791320812 0.111090456496142 -0.192002344626413
0.210150456635276 0.0391162699616834 0.0600606126137047 -0.114857679228719
0.200246416518059 -0.0554781761491628 0.0781480627840343 -0.0962118854527246
0.178592147861532 -0.113986221575654 0.110774434905867 -0.0909545057970967
0.181501982547362 -0.131136637653041 0.162907023814763 -0.0770885240053908
0.189702892541387 -0.05854136097786 0.202273580997861 -0.0157927965805323
0.211503446809919 0.0287049523276499 0.177531667450725 0.102141095275858
0.140839706666495 0.20347479586723 0.0745630682671641 0.179646382193463
-0.0399263696184901 0.282502945217653 -0.0597864108888568 0.145317630304627
-0.233675235642654 0.153217552630085 -0.0846800984446977 0.0185691974197153
-0.316831660891996 -0.0242848201166226 0.156650962436785 0.0403425448853508
-0.14145086178341 -0.0853943342984807 0.404776333764778 0.0195729273253925
-0.196599180874055 -0.0384455066204181 0.404961471729559 0.0996387753979737
-0.177873946407839 0.113110669077448 0.354155058668965 0.0232450282094822
-0.0533403026701278 0.185808644509645 0.277720541999701 -0.091105394563452
0.09549061270268 0.129132795526298 0.156113504552298 -0.135961500883008
0.129290867205527 0.027542937838122 0.125123443304593 -0.103045384700336
0.124677985401528 -0.0287739005845355 0.141809001072817 -0.11626703578106
0.115780341331409 -0.0673798702998331 0.160065667008639 -0.128240204937776
0.122317957184229 -0.0811495294016144 0.216812339165978 -0.109835632062238
0.136334941635249 -0.034836941490976 0.252819862453286 -0.0265039443067252
0.148224221087426 0.0297405587951084 0.218622216346004 0.112485820430285
0.0803345101261899 0.154689116626025 0.092276282217797 0.191817265005408
-0.0611271620730461 0.193239131148994 -0.0507021962236548 0.153406508362537
-0.188483433534216 0.0667486072018574 -0.050006578669214 0.00440535973049406
-0.194839062694068 -0.0792377817948501 0.232827994457295 0.0466298333641031
0.0397984383401477 0.0763376585130144 -0.300528949421247 -0.00606509291456632
0.0959795529368413 -0.00867304569042349 -0.0112598243433871 0.0416749290500441
0.0613666051217759 -0.0722806355460791 0.0710625772300598 -0.163213836937108
-0.0227980815904863 -0.0704669791954893 -0.0918054573654851 -0.236266012240703
-0.0564110633872198 -0.0158787573247664 -0.255497479955318 -0.153365683296926
-0.0334448262495851 0.00489627031433778 -0.313949891056026 0.00736738098187942
-0.0351516989750598 0.00238180083783994 -0.255772793057156 0.13678565105077
-0.0362359736199114 0.00213898691768012 -0.180352652063025 0.172585829930189
-0.0278512480295161 -0.00702353713967355 -0.160339924761873 0.142291803348926
-0.0124024742238431 -0.0192689667033783 -0.158035846695598 0.122372533492457
0.0106689268443254 -0.0351914238949218 -0.16721906553982 0.121182222932907
0.0543834904534683 -0.0309859859115845 -0.224281840037054 0.0886230774403824
0.0838052686853992 0.0327502299759001 -0.288385165484209 0.00681680514149432
0.038476673808283 0.0940875810284978 -0.343817446821285 -0.00535119378983692
-0.0249970481126816 0.111033193276159 -0.390424313071609 0.0462087752911697
-0.124106091240485 0.108415320205997 -0.27084828680033 -0.0304846486623646
-0.0158614765559394 0.0883203057925348 0.0179090569288535 0.0380396740469593
0.0385297322003891 0.071054852606288 0.118536263598831 -0.193496683354451
0.0430026662739904 0.0361898893520532 -0.0618741420587504 -0.287146036531559
0.0475568049817634 0.00606845925470937 -0.265368419051017 -0.200594466524519
0.0512286850295946 -0.0193675714890954 -0.325285456747494 -0.0185038022841989
0.0478089976979912 -0.0503767531411249 -0.266092917004489 0.121304761544245
0.0421210667870515 -0.0625438409019443 -0.178100562391982 0.166747101954829
0.0586405025553193 -0.0613030180776076 -0.150269501360975 0.141488755547548
0.0770669223802133 -0.0203543372082159 -0.13454015349157 0.120579840748633
0.0979746599880193 0.0167906029032111 -0.13792833080735 0.126753089472044
0.0844687479180629 0.0933255352625247 -0.187708310024892 0.118396068859661
0.0241023339225284 0.161009815922942 -0.258863682279034 0.0483752150020571
-0.0941137741112006 0.152701269061484 -0.32199535811201 0.0440134319027524
-0.194114840786397 0.116418360454605 -0.360193750774514 0.0680672596715296
-0.280531140101796 0.110830372524522 -0.193228544315242 -0.051906775684367
-0.156981485344361 0.163545832811822 0.0800605557317957 0.0365467058874281
-0.0190622785047714 0.222222426105861 0.193283862328253 -0.21328590319257
0.0915842624081356 0.169299855494719 -0.00150991856845571 -0.333972439402358
0.155503111290374 0.0531155838021386 -0.243886749235663 -0.251774279605637
0.141030789920041 -0.0291136428236321 -0.30310265511598 -0.0540194807544649
0.129931880110886 -0.0891136424579335 -0.24258246186815 0.0845594045924407
0.113038235964657 -0.118074401500178 -0.149525879121841 0.135033387766124
0.13044265746232 -0.115955913139096 -0.110025699169822 0.120058161193291
0.150197508210318 -0.0382001030299143 -0.0811319544116314 0.109144928540846
0.178172123357716 0.0352926254348911 -0.0822415322807843 0.135722233707208
0.139482899103444 0.179724841774996 -0.132588951944774 0.153948211408913
0.0107043218418074 0.270938434078815 -0.216534622836632 0.0961403550106426
-0.180206663396916 0.218935639380498 -0.280193728264644 0.0827737018353285
-0.32508284845327 0.126135366268204 -0.283765797803812 0.0863442991978268
-0.400306381693929 0.08462954266646 -0.0705283470454732 -0.0607581943051659
-0.299751197113527 0.197014371008533 0.168185982889697 0.0427559012951285
-0.108565438068279 0.34702693979941 0.281269628846092 -0.206383302584458
0.103968122713567 0.305054804375635 0.0853909099770321 -0.351454846886441
0.24154545188324 0.119925852593914 -0.182518485897397 -0.289289136317601
0.218562257586082 -0.0209525336786635 -0.242521265390831 -0.0916164409046123
0.198411252091857 -0.108074268178505 -0.187487636115406 0.0338903378020231
0.168326169175449 -0.156097140990763 -0.0983085898180946 0.0826435287535856
0.17989643907769 -0.159663959918546 -0.0501714361825499 0.0783850266284939
0.197891786837785 -0.0629682285810845 -0.0119399755739143 0.0825930584656627
0.234413286890195 0.0305329390977908 -0.0125355620259856 0.132201971735632
0.190908296472431 0.222817828648918 -0.0669513287300248 0.175026060002054
0.0195324337418806 0.340368341625393 -0.166172933731754 0.129335683487949
-0.224224356981454 0.264722975970942 -0.226545510096535 0.0930661596676578
-0.404160829731647 0.121910453135877 -0.176171799155646 0.0819771499899314
-0.450751974224792 0.0232552403074786 0.0796061123576977 -0.0525067074906024
-0.402460343869029 0.163096247739658 0.260659460148122 0.0671239371529683
-0.215668634867324 0.389534276077551 0.359529513615495 -0.151946960825772
0.0617040386650262 0.394276695472199 0.187511349411089 -0.315402562975197
0.270167326928404 0.189666234099583 -0.0791713943648317 -0.293507478928806
0.261405210388656 0.00566925088924002 -0.145309442685804 -0.121349537859845
0.238058094891026 -0.101067883589074 -0.105098771554353 -0.02126890785908
0.201792481850591 -0.164471588327898 -0.0323688891718118 0.0201735144379003
0.205173330858829 -0.174958435931722 0.0200041424269641 0.0246475245164881
0.218960702010545 -0.0760875996860563 0.0619642045109124 0.0455512146828819
0.256902868646297 0.0225582143332897 0.0577201437762555 0.117675183144332
0.208110566864081 0.234286002934258 -0.00603422357186023 0.177929819732828
0.0172806878049986 0.359266483588525 -0.1190348290117 0.141992575862648
-0.240511197613523 0.266168580123739 -0.173291840426823 0.0756946399160211
-0.425216628570737 0.0945626796956766 -0.0578648893115804 0.0646135785085215
-0.417406578399439 -0.0289458263546254 0.225227052272928 -0.0265241647922017
-0.41730741074599 0.0954210941777838 0.338670329133587 0.0913888377033728
-0.271656223176698 0.346422661793408 0.395551035312093 -0.0811786713996561
0.00429452317952689 0.397119962725267 0.255460748590655 -0.240287451128179
0.245642601417363 0.216121668590859 0.0220873360918796 -0.253099176191682
0.256233769631244 0.024316078593208 -0.0385145504386835 -0.125002872525441
0.236664096297096 -0.0833752140314274 -0.0126113702630547 -0.0647781516939889
0.201560123050659 -0.151433725772718 0.0389404616549188 -0.0400458377693822
0.201447053397422 -0.167688124092578 0.0907070237111674 -0.0312184665887837
0.213398535875343 -0.0773144201649665 0.133725243848646 0.00710821743077714
0.246108988066664 0.0169199348586253 0.122745013264852 0.102231869102072
0.1896076329955 0.222792087688744 0.0442274046141749 0.17440907058872
0.00102977204856689 0.334450159695595 -0.0813970227383507 0.144504824632772
-0.24032357923775 0.226590530468033 -0.12528708632602 0.0480948270600483
-0.391558836298017 0.0472547752661925 0.0559054360310871 0.0449725783347675
-0.305017559687426 -0.0625488404486974 0.33950684670221 0.000330162193839748
-0.337647691770429 0.0236580882362553 0.386626787226241 0.103692748197128
-0.253861095661982 0.240829750077206 0.386231004945317 -0.0172470515342248
-0.0361665627351292 0.315334528907314 0.28160448183089 -0.155598456314494
0.179579708721489 0.189858361136407 0.102214668928756 -0.191148183793577
0.206223382401971 0.0293372265424219 0.055858429749011 -0.11577686068167
0.193643705579413 -0.0614631756132341 0.0722355089357206 -0.0980827034357823
0.169381843081908 -0.119845755052662 0.102622066873365 -0.0933192544235109
0.170291626011139 -0.135858707149054 0.155167757132159 -0.0820243076749868
0.183592743867612 -0.064192902264507 0.196168123872264 -0.0232655549671873
0.206845201165514 0.0194916468629911 0.177716641466298 0.0942362153948887
0.144620317467501 0.195023040607894 0.0791490051529889 0.174447051839156
-0.0275786417018843 0.276532396822103 -0.0564306920611585 0.14581392154264
-0.221922265345108 0.156746990862724 -0.082794394983845 0.0227425143095773
-0.311645153786746 -0.0107488317712427 0.154393819316498 0.0340432971131701
-0.139844483372116 -0.0772447740080605 0.398689891359687 0.00966574386930512
-0.193396058473473 -0.0320494985017329 0.398654739477588 0.0871379815438789
-0.168135760784507 0.115411367888789 0.346996983319631 0.0134844390881071
-0.0456089348983453 0.183239604038889 0.271295654096047 -0.0976372478842666
0.0982115015630546 0.121387952157095 0.149060184932374 -0.139056417379219
0.126251766805307 0.0209406351336576 0.119542070803296 -0.106031632688707
0.120094646990296 -0.0330685291005011 0.132417806063997 -0.119999332408523
0.110023819231512 -0.0708181316923961 0.149502832856363 -0.131231959630176
0.114577315297416 -0.0839643042882442 0.205022504918412 -0.116271294187349
0.131999372032058 -0.0391193224807949 0.244991393943324 -0.0361124495152707
0.144788693642883 0.0237968422018496 0.218892403690923 0.102448750875554
0.0835620810593768 0.148913957653813 0.0957400975503721 0.185631760305385
-0.0519405677999474 0.190103440868751 -0.0471216490860031 0.15313327563433
-0.179788292467149 0.0706288426402104 -0.0496106499969217 0.0073609477388751
-0.193253934513783 -0.0692393200512717 0.229565042981385 0.0369731829780709
0.0410428204566471 0.0738871094146155 -0.297648542946954 0.00358177175337736
0.094349158777162 -0.0108856575939733 -0.00681527064285662 0.0420910526185742
0.0569113844792028 -0.0721945035182255 0.0687359779252141 -0.165947883291103
-0.024673813409866 -0.0679591018926261 -0.098339938114377 -0.232428273006577
-0.0546138169201348 -0.0123917155143294 -0.260392560155609 -0.143565903748004
-0.0331738451850268 0.00564564097211804 -0.31266040466936 0.0199238120787079
-0.0350690640473382 0.00328368722194824 -0.246598446048096 0.145557811658995
-0.0355575353147642 0.00356533539457509 -0.169423438798333 0.177227170685224
-0.0279783071883705 -0.00694109436173812 -0.153397020805169 0.150462262165175
-0.0120674197315635 -0.0191467911707972 -0.152590793245784 0.129827219828864
0.00999278058563177 -0.0357108519567932 -0.161784328435094 0.12724699483096
0.0530970587160963 -0.0313674851329535 -0.219295505647503 0.0952268990890585
0.0839908867797319 0.0303683805250085 -0.287799795161457 0.013530453363284
0.0402325138202942 0.0921589548720212 -0.340779630679807 0.000513230989507449
-0.0208017764510314 0.110003858459072 -0.389029358842789 0.0567243758080853
-0.12030941755863 0.112051060235301 -0.26774159653282 -0.0215249835731721
-0.0148308909399218 0.088855613656728 0.0217816410097708 0.03731616493695
0.0395457685220474 0.0698577783365673 0.114264681168518 -0.196778845115166
0.0442913528638456 0.0354017282685316 -0.0696946333101122 -0.283791846213892
0.0495461092357251 0.00520908984528903 -0.271491590357842 -0.189939577664219
0.0505571358572438 -0.021461164014724 -0.324838319768806 -0.00482910629050361
0.0460519813767935 -0.052076254676161 -0.257378372247017 0.130274304043881
0.0382643210860626 -0.0643872168332123 -0.167183253709642 0.171462634173046
0.0549456780404587 -0.0643964378644224 -0.142461806342441 0.148924190566409
0.077155922516644 -0.0235374101176566 -0.128938633493009 0.127816540147844
0.0993801854476594 0.0125084820947084 -0.132243107502552 0.132453599407768
0.0878439213039152 0.0911565112374552 -0.182021519350681 0.123621512839311
0.0299520200621442 0.160146699192527 -0.257193947401384 0.0545378400151131
-0.0899651879036682 0.155356145458648 -0.317206781646945 0.0504227642459125
-0.189137828800535 0.121940906842322 -0.3581116900886 0.0798485728282002
-0.275588830067548 0.120357287635062 -0.190493115238881 -0.0442166270219302
-0.152393153899691 0.167813693136081 0.0830208237846899 0.034486029486598
-0.0115621609442753 0.221801756002473 0.187495910739172 -0.217831855644448
0.097533479154912 0.167096034300867 -0.0105236602385582 -0.332201249943062
0.157761908263935 0.0469916398606667 -0.25225491965116 -0.241186564521404
0.139749375086026 -0.0338782303995575 -0.303547339295082 -0.0419668695809012
0.126138508969493 -0.0942581087888742 -0.236181510824815 0.0926177173083556
0.106532380496645 -0.123106280220395 -0.139751841083369 0.139284311392544
0.123474221379115 -0.122306784810809 -0.103075187471851 0.12605403254742
0.149132580028157 -0.0442331619490677 -0.0763798872917672 0.113799373552293
0.179430973836695 0.0279302141350357 -0.0761066979853505 0.139497663675943
0.145427514120919 0.175305947483621 -0.126070355264741 0.157894735958889
0.0204038164112793 0.269812583563244 -0.21414439614199 0.102643918563725
-0.173135551359181 0.225071286879211 -0.274695921953644 0.0897390595624626
-0.319963319191271 0.13855638105037 -0.279660417384386 0.0946405154241787
-0.39486153502187 0.0986362150703125 -0.0691260124715859 -0.056409690804647
-0.293695513375813 0.205440488302106 0.169461919763506 0.0388347983885173
-0.0942884293260833 0.347143952721201 0.27396775521081 -0.213875097394407
0.114612758686541 0.302342968484649 0.0769437171013489 -0.352349097836831
0.244998530085125 0.10964157672381 -0.192518333083606 -0.280152483054007
0.217082881945725 -0.0282988664706971 -0.2440880096813 -0.0830923543402984
0.193244399237175 -0.115602211555459 -0.183116164057674 0.0402721882168582
0.159386948178359 -0.163507966763504 -0.0919210726054184 0.0854701016061078
0.170137733063419 -0.167160413289803 -0.0457979777051687 0.0814161086874887
0.195073700549921 -0.0699049169644741 -0.00777963269652679 0.0839661183162977
0.234493548113033 0.021015487897618 -0.00606659386827212 0.1338571959055
0.198401508239428 0.215363833319615 -0.0601401142909943 0.176720205548163
0.0331709148729472 0.337760289785684 -0.163958622214065 0.135198013254705
-0.214731123418797 0.271689134538144 -0.221128797302904 0.099276629968406
-0.398819927900676 0.137330873289178 -0.172798051973743 0.0868675938721463
-0.446630727911895 0.0395236561475077 0.0812154505066103 -0.0522628268451519
-0.396477487176373 0.173909093183741 0.262032393256826 0.0595885830488444
-0.199713311171709 0.394137550708877 0.354427902040022 -0.160995939831395
0.0743365847379531 0.39243775756659 0.179935830241434 -0.31890111850637
0.276189955784031 0.177212694431345 -0.0896874791275174 -0.288814329569714
0.260635275069997 -0.00439433353266275 -0.147943629028044 -0.115941241478893
0.233519895577298 -0.110695268543887 -0.104249661065871 -0.0179691009418462
0.192148412438528 -0.173450065470829 -0.030190141744523 0.0206896369189486
0.195178402399457 -0.183484011765554 0.0211927142917545 0.0244733745813175
0.215352301255453 -0.0839302563200647 0.0635620154863441 0.0437464041430562
0.254962122609283 0.0121855067560248 0.0632144943430371 0.116460636984678
0.2157892364078 0.225467201481165 0.000668324944654983 0.178212962904759
0.0319225991955149 0.35637829067934 -0.115984930761857 0.146977883653402
-0.23127046724544 0.273143516432954 -0.169261585651049 0.0815251107733873
-0.420026767473777 0.110890547334346 -0.055477573538823 0.0656596900732871
-0.41492161662039 -0.0146403657134857 0.226165874842933 -0.0306194820368854
-0.412439708771729 0.107891868463024 0.340238281235666 0.0825543331202117
-0.257198711421433 0.351837547268269 0.391588703225334 -0.0918712996975334
0.0185852278446619 0.396853464780929 0.249521771007818 -0.247766884528925
0.252334926723285 0.204534757169759 0.0130059959996166 -0.251500866627824
0.255354038740368 0.0139282967908182 -0.0415222155946532 -0.123646856323583
0.2326208429779 -0.0924910083290375 -0.0148525717667741 -0.065174546551305
0.192758731248337 -0.160172826697267 0.0371886680421468 -0.0414085155678848
0.191038567417874 -0.175763864787086 0.0883704539332691 -0.0346970171311637
0.20942720123358 -0.0849376253479945 0.133696201777067 0.00249211145982625
0.243892429953402 0.0080356690581678 0.127378455123396 0.0980939084555286
0.197328166181655 0.215266728296996 0.0506792544906298 0.173106963359832
0.0138742398740118 0.332911237195559 -0.0788181954904878 0.148977723310009
-0.23041462003372 0.23450279778103 -0.122411828461782 0.0535128387365331
-0.388038030550021 0.0618768887448079 0.0574663754674511 0.0429847784684192
-0.304866957784146 -0.0503265155709682 0.339294937818942 -0.00717081089952653
-0.335743655817681 0.0336578459316772 0.386838009695133 0.0945189184859654
-0.242696294865748 0.247228931697754 0.383807385746784 -0.0279715360027914
-0.0248829188025286 0.316452761521848 0.277197764673048 -0.163661863978492
0.185510351092229 0.180603929694166 0.0958136655984101 -0.193479528483318
0.205569967892949 0.020263282208435 0.052209673354561 -0.118696593292106
0.190875904244841 -0.069150359350893 0.0669929364683834 -0.101330057697556
0.161907661986268 -0.126700034719707 0.096842823146289 -0.0958970766771221
0.160987934865978 -0.142135948011068 0.149255621708929 -0.087371108074152
0.179935734220469 -0.0708065720466799 0.193840760865069 -0.0311529801334101
0.205140943570899 0.0112353804651993 0.180951027513136 0.0879079640915545
0.150754971329409 0.189711485406001 0.0844940851590911 0.172322914668485
-0.016515754256661 0.274653813500708 -0.0534238993660577 0.149926280784816
-0.214702494614991 0.163559811599245 -0.0814230690965532 0.0270481785470118
-0.310489812625454 0.00165348534940784 0.155168734051915 0.0283471565472441
-0.140667741010352 -0.0707116877092956 0.39786555291184 0.000172503721242944
-0.193366403837294 -0.0262366154043421 0.398716635877349 0.0777341938263634
-0.161605582009978 0.118270145932129 0.345513046009328 0.00383343878054851
-0.0384061125969665 0.18330976709171 0.268354697636231 -0.104946593796331
0.101489924849127 0.115526521244689 0.144386085416082 -0.144591653852356
0.124896906669346 0.0152358356188998 0.116095535988219 -0.111500065699209
0.117867575904583 -0.0374635858073777 0.125143481869996 -0.126059823029702
0.106130935258007 -0.0750592851035997 0.140101931217941 -0.136132861427074
0.109280116359859 -0.0878417289000268 0.197974928021161 -0.123405132926008
0.128838414253463 -0.0437993757168873 0.241714331366622 -0.0457557877945707
0.144287687723469 0.0178614392281235 0.221749041943428 0.0938621312575175
0.0885652379943544 0.145781093991091 0.101779686505912 0.18230756773204
-0.0435711833666837 0.189518779336798 -0.043384292553641 0.155835861217341
-0.175736493637137 0.075459738932977 -0.0503132717729475 0.0109144126285294
-0.19449643166563 -0.0606850862978508 0.230068561147014 0.0288172993466593
0.0436194561573274 0.0710701714161948 -0.296360736064095 0.0186421474317981
0.0920768952253319 -0.0152007963076797 -0.00215714377971034 0.0422744200757523
0.0518287863690342 -0.073580638527367 0.0634965660561724 -0.171087386161744
-0.0271745244802689 -0.0659667939529521 -0.110191476850414 -0.228553728319049
-0.0529938952576466 -0.00918436311957789 -0.268764978845557 -0.12941546672864
-0.03261531014224 0.00723549336481147 -0.312322988483362 0.0374704814928866
-0.03485687375714 0.00439000916064557 -0.237242139015247 0.158413922483711
-0.0355962958368528 0.00573896243796248 -0.156814402592102 0.18479674902987
-0.0288945485072939 -0.00596790666473352 -0.142803713994262 0.161715849639998
-0.0127436427717184 -0.0196724748118322 -0.145325510137347 0.140846085662373
0.00952810314461483 -0.0361140664324707 -0.155373290948347 0.136169843535957
0.0517189717753358 -0.0327949973654635 -0.21455090994002 0.105091276951403
0.0848904294812765 0.0256530285129389 -0.287809779123009 0.025923907695488
0.0439356455834236 0.0901695010236941 -0.339933735832595 0.0133160892303651
-0.0149725560737625 0.109805471011642 -0.388707176583304 0.0743882926660547
-0.116017533914743 0.117827517412506 -0.266871315063582 -0.00831986342304035
-0.0114390101354081 0.0907020430242541 0.0263937851887177 0.0362555047135095
0.0428073202747662 0.0690715654796244 0.107262429942035 -0.203566501374071
0.047555401666501 0.0347215387304496 -0.0831842698615041 -0.28134015252986
0.0511070181539016 0.00281742761123299 -0.282583954587342 -0.174821126054833
0.0495334964837001 -0.0242544962343184 -0.325344985721596 0.0134700571318549
0.0435139973699313 -0.0558016558576931 -0.247888634432938 0.143696916576283
0.0340626818478061 -0.0672528152580949 -0.153965514191689 0.179291620305673
0.0499120613588735 -0.0685080071659642 -0.132245474352567 0.159085774559802
0.0769842279216396 -0.0284670169335143 -0.121430072695056 0.13727681175976
0.100687257828472 0.00624972910266417 -0.124990176965692 0.141057972688648
0.0933634041943546 0.0884035087866864 -0.17512097464788 0.132383807240234
0.0382449024496389 0.158746447091203 -0.256208259633092 0.0665310502000003
-0.0833011272815551 0.159561954140099 -0.313995271258433 0.0635725107859732
-0.183806648277345 0.131434315287896 -0.355994322804857 0.0968453585229615
-0.270169358521641 0.134840578944457 -0.190037448083763 -0.0345841795886715
-0.14532953706847 0.176307023127947 0.086511253177589 0.0306854771002839
0.000104580922081461 0.222116081789273 0.178803413368373 -0.227637435618078
0.107140113811916 0.163884495608909 -0.024596552844593 -0.332126826935509
0.16152367320131 0.0386678253177879 -0.265499274067504 -0.227093557129694
0.138056620531238 -0.0415923999904458 -0.305957825538834 -0.0258609933872778
0.121746276921951 -0.102087506147386 -0.229424744063761 0.105383027787162
0.0980782897706148 -0.130432650764109 -0.128635123861267 0.145644334993468
0.114525320776132 -0.129784499854073 -0.0934633165811304 0.133693558469008
0.148117126491528 -0.0521826762609033 -0.0687825843229 0.120281240077352
0.181497584195052 0.0171974267120874 -0.0676985726204774 0.144856183675787
0.156035425056825 0.16826748080592 -0.117400542649191 0.164673414612597
0.0358631251617193 0.268448526615019 -0.211063652472984 0.113606539390629
-0.16222336638132 0.234825308912697 -0.26877265767281 0.101026489729426
-0.314261865973342 0.155173860889288 -0.27658322295778 0.108188930091938
-0.390075343245279 0.120281343556889 -0.0680180632214853 -0.0528002090759246
-0.28412437330525 0.220609889979061 0.173225452009796 0.0309369834320102
-0.0764032132525225 0.351467090812007 0.264825596150084 -0.225946890470136
0.131182479301109 0.297509392148375 0.0619127189094056 -0.356962280134344
0.252000375338457 0.0956031045753003 -0.207842235863887 -0.268941476292113
0.216078139088025 -0.0405763928252968 -0.248438029278985 -0.0703222561281993
0.1880099134486 -0.128082583675802 -0.179968684825897 0.049664308015216
0.148039927893211 -0.173270703822002 -0.083957269329995 0.0900217422215743
0.157334058790833 -0.177533916457382 -0.0386923800708654 0.0856761037350733
0.192316784077367 -0.0808784306617597 -0.00238568019591517 0.0858387756775949
0.235378244329625 0.00685889209096471 0.00220284989455367 0.135846013485218
0.211389437985074 0.205794758535177 -0.0505230008592284 0.180406797485601
0.0523324669868136 0.336642193985414 -0.15823463989435 0.1447498260694
-0.201005678919799 0.283591810413731 -0.215136592065786 0.109796494197617
-0.391511812339553 0.160656105692618 -0.168791247068707 0.0958134349275227
-0.445391883990103 0.062825974798647 0.0829616750908016 -0.054095738831952
-0.390198658690276 0.192309781739101 0.266099371862073 0.0495571225778576
-0.178229651207055 0.40226706723107 0.346695063840562 -0.178089140758897
0.0957974929006916 0.390438723601169 0.168122229276279 -0.328328283036102
0.286469605379519 0.161455776794434 -0.10546434908172 -0.282313128831484
0.259896964714983 -0.0187602563776897 -0.152939262128612 -0.108715348263401
0.228592329204537 -0.124176968393366 -0.104760971120284 -0.0131108590982176
0.17995603698104 -0.185669829234882 -0.0273432301292208 0.0230537558122817
0.181120388319959 -0.195527949618544 0.0230841111323156 0.0239921796600536
0.211987966184425 -0.0957092467597061 0.0665519163651877 0.0408545396892454
0.255726215253415 -0.00179566630244695 0.0710612819269262 0.114692221580658
0.228895409662419 0.214984014857201 0.010614075582438 0.179244238033952
0.0534584045119861 0.354173756034084 -0.110772613132024 0.154840795244145
-0.21778553008364 0.285651583437692 -0.164480443530798 0.0903357991903771
-0.415168323114656 0.13559397997716 -0.0521701410251562 0.0686251838126474
-0.415087280979616 0.00940622021080295 0.229266307790844 -0.0394346545601438
-0.408077017555663 0.128160594330067 0.345259474153774 0.0676046811060148
-0.23770772666243 0.363613758554135 0.387424314382564 -0.10936879537427
0.0383757922278067 0.398190668113925 0.241620693011548 -0.259653900116294
0.263512518058419 0.189204173656274 -0.000698510109488121 -0.252297994494664
0.255869823695106 -0.00081508219235615 -0.0466203455882883 -0.123351316210944
0.227900498895303 -0.106898051422778 -0.0180041115318977 -0.0650983557011014
0.181706709442322 -0.172644815939132 0.0349341773883838 -0.0435666955521486
0.178008375106366 -0.187228415735374 0.0862279985361629 -0.0393151448882303
0.205005810830549 -0.0956701882444905 0.13278806151755 -0.00544366698029329
0.243002995036697 -0.00590315363243605 0.13398290352194 0.0923680958665938
0.209840359948307 0.205606580324429 0.0598690748052942 0.171982515260212
0.0335736206710094 0.33147979798134 -0.0723936363343647 0.154821310341964
-0.217981708445535 0.247179173735861 -0.119760954407422 0.0606578612578331
-0.385799637810222 0.0861798230059796 0.0589473477088861 0.0398720312608376
-0.306466234042807 -0.0333054315690901 0.342679113360306 -0.021307520237653
-0.335310048146626 0.0492860965625767 0.392791683132936 0.0776746281809979
-0.228425421343581 0.257077248319638 0.382052006987829 -0.0446374825263985
-0.00896384095203333 0.317672124591584 0.272119659707063 -0.177452836557999
0.195515842439527 0.168947206739577 0.0861758457913352 -0.197955387487829
0.205344258821196 0.00826350185521052 0.047759681884194 -0.122915652522583
0.18657512588131 -0.080404956499567 0.0605531363461138 -0.105623843103916
0.153341565363995 -0.137307320063808 0.0904499932650808 -0.100520150841177
0.150861787702971 -0.151336772979349 0.142691625396826 -0.095327991783975
0.176170699911115 -0.0811208669216529 0.19072380289034 -0.0426301825372677
0.20436661543734 0.000185646873167229 0.187653163216473 0.078707567032982
0.161236755909033 0.181835148248926 0.0936831244132275 0.169130703145971
0.00027694140514936 0.274965646377488 -0.0479022916133493 0.154781593757513
-0.205891988923454 0.174544888000651 -0.0802560603715924 0.0317766498233391
-0.310801319384046 0.0201515929414427 0.15658958998651 0.0200134897153286
-0.142816345074288 -0.0626092686387555 0.400082757427818 -0.0164448930803055
-0.195067941895885 -0.0172069129042398 0.403000794074278 0.0607940979231261
-0.154976091737577 0.125347570491546 0.345957099563063 -0.0108436208498771
-0.0300214576165058 0.185819747963112 0.265806476016886 -0.119637412862301
0.107266378719694 0.108982806311522 0.136553528680971 -0.152581327159021
0.124029620630957 0.0072273772259045 0.111832351661555 -0.119722033656214
0.114269418232716 -0.0444439524062077 0.116538353692879 -0.132857065620035
0.100592798805482 -0.0817142070165344 0.130386325104956 -0.142268158705228
0.10292474023655 -0.0937564359503166 0.187915898433934 -0.134659216353417
0.125866053533495 -0.051071855790205 0.236755797338458 -0.0602399585743805
0.14371200579424 0.0108271638099074 0.227929218007807 0.0818579582012919
0.0956864629140951 0.14132529023856 0.110970072530787 0.179269282528735
-0.0326312917724845 0.19037661627146 -0.0376589988015308 0.160655919218691
-0.170143951572828 0.0843575616862922 -0.0498057541129933 0.0134692193989244
-0.197709954205774 -0.0498028113822825 0.230260853739692 0.0157389811438745
0.0458118306600529 0.0669171393705729 -0.29078992031035 0.0377959356282372
0.0881226560505127 -0.0196562428010133 0.00376888830340096 0.041641514712481
0.0452370125083556 -0.0746858629046743 0.0533766841648783 -0.174766010268917
-0.0306725933617574 -0.0623687989916369 -0.122868133900088 -0.218661343467122
-0.0517636837448258 -0.00498564294536778 -0.274913958130912 -0.108503095096885
-0.0320751166369485 0.00918040103516298 -0.306555706627176 0.06066059991986
-0.0346763117144699 0.00617229971668688 -0.221614551770888 0.172767214475664
-0.0340062805567228 0.00847473547323344 -0.140113468179624 0.191226040461288
-0.0290266957236658 -0.00446574813362459 -0.127177131871361 0.171763258631704
-0.0141499796202065 -0.0190247670573012 -0.132973199526337 0.152150931577414
0.00742432497052006 -0.0372273002790409 -0.143746006105545 0.146115331698107
0.0487569343216884 -0.0352813573738289 -0.2047249287746 0.117371800651727
0.084891873759484 0.0203327267318962 -0.28454967301257 0.0424943784817223
0.0488960853271767 0.0849734705737743 -0.33523670502206 0.0321283500040538
-0.00769195487533062 0.107697078777046 -0.381185152054863 0.0974651619193584
-0.10784301485206 0.125006791924762 -0.261981267891861 0.00930550420051034
-0.00652456289158397 0.0915243044828326 0.0304665526521354 0.033275479311609
0.0461338430105086 0.0665049657714033 0.0945191449074118 -0.208294720799766
0.0498000693157793 0.0321268115921129 -0.0988909785840098 -0.272507885907224
0.0520505264018069 -0.00123011274422375 -0.292074855769516 -0.152140110992267
0.0477432222870293 -0.0277741671607462 -0.321353031103581 0.0370549879882524
0.0386368381709802 -0.0590777469639999 -0.233500737286969 0.1597936262588
0.0283500294212208 -0.0691201039606208 -0.136508150649283 0.185606797031113
0.0433604146916429 -0.0722910622299361 -0.116186384068726 0.168358533031218
0.074825990743152 -0.0348814410304438 -0.108984749974747 0.146446612438691
0.100516298267665 -0.00180778161657406 -0.113080201564097 0.148563773463137
0.0988545062557466 0.0814522102620196 -0.163616658792946 0.141937669432114
0.048840741916988 0.154469855768434 -0.250654568504819 0.0808236949593383
-0.0723383423116525 0.163668290679948 -0.305020598299415 0.0801835187209219
-0.17258307355234 0.141539516434005 -0.346653691096999 0.117745101308414
-0.257873746807515 0.152306369600584 -0.18616436625045 -0.0229704736330205
-0.133241480215718 0.184561258124155 0.0893727273401691 0.0242797094601581
0.0143000402176012 0.21958232024613 0.1632443504379 -0.236238566473742
0.118286013038647 0.155998730854983 -0.0442392767954423 -0.3274385278812
0.162739022552254 0.026760797143418 -0.277797100194374 -0.204186642589491
0.134240555781314 -0.0506591497545148 -0.304338734006429 -0.00375429966314575
0.113483547059687 -0.111133832739856 -0.217246935344673 0.119455329584188
0.0857547016492537 -0.137020249351016 -0.113881145943066 0.150670318536399
0.101272038931943 -0.137452709144434 -0.0807442161567825 0.139641538963691
0.143426698207696 -0.0626507434889767 -0.0580452276495463 0.125452966575038
0.181067484874918 0.00401902665503101 -0.0558749649028921 0.14931486630554
0.16756528597204 0.156989181980567 -0.103947818972483 0.170018571743217
0.0552752040329557 0.263183743934776 -0.202889958807753 0.125922036421546
-0.145430748045048 0.242993938629962 -0.258334824243212 0.115460099781712
-0.299521154663109 0.175035707231429 -0.266450666684686 0.125138101215949
-0.376815008307835 0.145152864162302 -0.0662345203968573 -0.0480671300756752
-0.267759892517453 0.236721670928883 0.174344301888623 0.0198225354188013
-0.0515937511099975 0.350865313783174 0.248488551352164 -0.239146611169788
0.150968778225457 0.287193375912316 0.0412569344706158 -0.357264133323411
0.255862240979636 0.0754021493166945 -0.224080105947384 -0.249541798509126
0.211143723629285 -0.0556843251649526 -0.2501781133327 -0.0522820636103914
0.177117925377307 -0.140684621133288 -0.173293429204218 0.0611353940943058
0.131430570836134 -0.183261438694882 -0.0741488112749186 0.0938716375272228
0.139300880385332 -0.186699939496629 -0.0298592931777043 0.0886834628607622
0.185708967595057 -0.0940886989460335 0.00459420557302094 0.0859139674278755
0.232836799208319 -0.00997142553478036 0.0131029380102148 0.1354685500256
0.224935936303682 0.189938569215749 -0.0366587877666805 0.182420446206294
0.0765794005114121 0.328798412643181 -0.148718692348295 0.154642177435704
-0.180123630265831 0.294558919426906 -0.204156077981179 0.121662499109434
-0.377326707026309 0.186495165758206 -0.160602275140853 0.105437649101689
-0.434297709020345 0.0937344975077237 0.0821140742101731 -0.0586544313157469
-0.373754730792535 0.216928997250103 0.267127037568762 0.0319767968389776
-0.147894803406543 0.408195294977158 0.332501132511517 -0.195421991578326
0.121152011242835 0.381138379722736 0.148090913927644 -0.335542610929235
0.29414265847282 0.137611917691178 -0.123124613943218 -0.269586494847973
0.255804994005976 -0.0369782813076878 -0.158073381045637 -0.0980820700047379
0.217338606977205 -0.140519995717119 -0.10379593129414 -0.00568467517697651
0.162618693243426 -0.197271872178192 -0.0239535873277153 0.023414242925889
0.161250435844094 -0.206715834812348 0.0253650582477875 0.0235298980980774
0.203309301419774 -0.110254970169967 0.0694574621689984 0.0359563631634767
0.250812627949015 -0.0207205219471163 0.0792303848233965 0.109592224277168
0.243226753125739 0.197382993920712 0.023366058572258 0.177290564462858
0.0791445050433804 0.345863574406733 -0.100407923797736 0.162323093909136
-0.194198740135592 0.297881167667482 -0.155679160780998 0.0991891512375091
-0.399071089213147 0.165015908944105 -0.0466604133847457 0.0712822379224595
-0.408924370860639 0.0383285522415949 0.22766362727793 -0.0525723608039227
-0.396491302574386 0.154589387009358 0.347010842699491 0.0461273493802771
-0.209857177579276 0.371807545279807 0.375140298456769 -0.129439825975398
0.0652320725687151 0.391809140236549 0.22411948984178 -0.272034882888801
0.273612156752696 0.166891357547231 -0.0177798793223202 -0.246550529454666
0.2520759234235 -0.019737773551978 -0.0534502000941361 -0.119746938566167
0.218294849124922 -0.12270334222852 -0.0229213706535106 -0.063670579618062
0.164578517045179 -0.184946573919385 0.031644107200506 -0.0451199754019901
0.159566332449057 -0.198142471875105 0.081749437546691 -0.0443454896128261
0.195639984726651 -0.110859213421655 0.131246115612761 -0.0143872167523184
0.23813941141596 -0.0225035207660412 0.14035605401019 0.0825372046320837
0.222769251840154 0.189171379348474 0.0711163870944246 0.167337368330251
0.058502001719126 0.323439283573208 -0.0626267523852716 0.160181749868425
-0.197591584064844 0.258671375687729 -0.113549716172169 0.0674639251691188
-0.37406943654818 0.114639709989828 0.0616956930710926 0.0354549298646738
-0.303355829667916 -0.0114688888496271 0.340696839693943 -0.0417017371111101
-0.328840010283945 0.0701695482406653 0.393556034522989 0.0531723852398627
-0.208067048159003 0.266941982402181 0.374870294461418 -0.0660353724331244
0.0121817403579441 0.316139472506971 0.259797607577517 -0.193409213148879
0.204792311075053 0.151725799848407 0.0711442092321593 -0.201651138257158
0.201851117440577 -0.00681012234056609 0.040216786699448 -0.126822098154833
0.178675383118338 -0.0940350146206556 0.052155564656584 -0.109662387078019
0.140363545753548 -0.147172881776719 0.0813556269985225 -0.104709068899619
0.13553528686272 -0.160469453537183 0.132255092252752 -0.103730700845
0.167995130355522 -0.0928188964846909 0.184728157989852 -0.0558753253100218
0.200584608594573 -0.0135764728645174 0.191041216076614 0.0648268624913968
0.173361280498616 0.168393581277322 0.103867022667236 0.162331808587116
0.0203693757197364 0.27048788096554 -0.0375380775369517 0.158532922515366
-0.189584025761607 0.186138076928838 -0.0777052420700674 0.0371327911391523
-0.305180916153206 0.043090063676927 0.1555787609663 0.00900291436767111
-0.144326369017458 -0.0516557974563892 0.398451452955918 -0.0386513064367308
-0.194795921705461 -0.00493286093775375 0.403188057224912 0.0363905128410274
-0.143529178912359 0.132341866903134 0.340068958940613 -0.0312499519643008
-0.0170990676393354 0.184899160593907 0.255623782890192 -0.135573247561258
0.112506644839968 0.0987075603072783 0.125561960696945 -0.160023028589227
0.120914904500185 -0.00239469738530543 0.103498015199331 -0.127353350708834
0.109339563488334 -0.0524654392263578 0.105415266199926 -0.140719710736983
0.0925998901979504 -0.0882069554173201 0.11640704514173 -0.148230593066456
0.0929952832937291 -0.0992178565397181 0.173902092511042 -0.145565366677356
0.120595343602984 -0.0599968443542201 0.227683956974208 -0.0773054473066544
0.14128220365085 0.000189999533924724 0.230517859342265 0.0654909112962847
0.105340045928723 0.134355202688737 0.121599289796516 0.170878658991719
-0.0186078586805777 0.188782727461253 -0.0267385208452303 0.162935047610222
-0.161169842599447 0.0942260058639477 -0.0487931855450824 0.0164977221386704
-0.198170223891655 -0.0335562960349247 0.228374555231484 -0.000431425442469437
0.0502270388598939 0.0587315355105253 -0.269648253971546 0.0840648153458875
0.0788555572244096 -0.033794662556144 0.0104461231875477 0.0416969409033364
0.028185315770261 -0.079843355117135 0.0252309803884374 -0.172798266296911
-0.0444233383067659 -0.0564879693870341 -0.149585904185099 -0.187052665469619
-0.0546877087564535 0.00430109387477883 -0.279851477934511 -0.0580738503431531
-0.0340514137985889 0.019252215818134 -0.278984800636925 0.110595898406715
-0.0337505479716211 0.0163298946476654 -0.178437093336478 0.200037839666159
-0.0302490629267127 0.0166324255491229 -0.099215667017678 0.200997451671224
-0.0274847341116665 0.00385713360425343 -0.0933838160659964 0.183921000949126
-0.015000311693467 -0.0148861456231178 -0.104316349947518 0.167760025179131
0.0021762325392238 -0.0356663522098909 -0.115453646799585 0.161459874858602
0.0435691121741135 -0.0392326548626152 -0.180912211927568 0.140169220648264
0.0863360609251231 0.00985430718187027 -0.26999350977157 0.0781167763832133
0.0620393564402275 0.0749838074675963 -0.316165985302197 0.0735330309541549
0.0100374663292686 0.106283534547935 -0.349574935006398 0.139939560114413
-0.083756865191934 0.142187718877894 -0.2464032082993 0.0437463478808913
0.0112240891462792 0.0889394087960644 0.0317097030486375 0.0239638279287337
0.0557250820378251 0.0521767819161643 0.0516787417341263 -0.214510096180215
0.0506329237673562 0.0172843143364879 -0.141834802942523 -0.24188078330461
0.0424431336631405 -0.010756699909936 -0.304421379651747 -0.0914787627040203
0.0344380402046989 -0.028802853990138 -0.296072483465384 0.0933744124718627
0.0242853012191079 -0.0615545118739531 -0.193525146644075 0.193570658962159
0.0154298055391153 -0.0670173127131335 -0.0959090282808048 0.196166283480905
0.0289769607793526 -0.0739302944438809 -0.0826753987894918 0.179737235066223
0.0676683510195331 -0.0457892534938431 -0.0828970396365013 0.159322986671201
0.0967195894215817 -0.0183443780023698 -0.0869079796413857 0.159861963820527
0.113160349895397 0.0638076437562152 -0.139407964481891 0.155562920778234
0.0748487599072782 0.141664316504768 -0.230077436662168 0.108379129758319
-0.0403208793154247 0.168318152182728 -0.278635581507848 0.11841788900346
-0.143157029086055 0.164576100167367 -0.310084467762198 0.159587980398824
-0.219362672218444 0.19505881202427 -0.176742717410919 -0.00518443562425686
-0.0904924364109 0.20017918955312 0.0842822937377585 -0.000750643589010249
0.0545000453832758 0.201506153298747 0.105503152567798 -0.255547099457035
0.139154258551209 0.121744643198988 -0.105423675200151 -0.303224965316023
0.151499881837848 -0.00588308059851796 -0.302012097118088 -0.139304653298312
0.111794360117297 -0.066803971782819 -0.28736678364278 0.0538555065793286
0.0867106127672955 -0.126262265828992 -0.187941395644535 0.155385946845525
0.0576596589878154 -0.140302237619848 -0.0782548245554739 0.160670216361309
0.0723507337471363 -0.14731197513464 -0.0521490879024841 0.147382783153813
0.128294212526471 -0.0853916423020934 -0.037772896962317 0.132555158482058
0.173363871580932 -0.0275028150145471 -0.0331330514809607 0.153526482922405
0.193059393042344 0.122236376104227 -0.0804536441249011 0.173536810361294
0.099455240694491 0.243191077481062 -0.177177703623165 0.143040883061883
-0.0971012412135931 0.256303515073824 -0.225188328374463 0.146825914416531
-0.259914390554733 0.216000868710279 -0.229779924839387 0.157874425118954
-0.331409982406608 0.209106744382739 -0.064873798440675 -0.0529867025303504
-0.205214784924716 0.273870679775927 0.16426562241296 -0.0256387600343784
0.016731749313938 0.336483018305491 0.180752517771478 -0.277163070946714
0.197013836731303 0.238599609702773 -0.0359267621697533 -0.348650792548342
0.247930952482488 0.022729492259194 -0.260904088724408 -0.187988167648714
0.183921735127259 -0.0865458998364951 -0.244685512275758 0.000229573163289939
0.1428933958595 -0.169160684703773 -0.157829537924107 0.0949000442809655
0.0929634864112028 -0.191963172939573 -0.0501749718823533 0.101321151162962
0.0989477250470332 -0.202546473109677 -0.0124476278259912 0.0909991147530914
0.162743150608262 -0.123719634477067 0.0160138608387284 0.0861838576789411
0.220154681355945 -0.0502141678331154 0.0300720261580432 0.130697108152145
0.25424836395004 0.142536435970042 -0.0157206920542685 0.176380433666282
0.131007263065527 0.300182103936108 -0.120788784908843 0.161843240211147
-0.120761860004759 0.310469963102905 -0.170643052600941 0.14615333670792
-0.331569441034788 0.238587167445905 -0.129512172943115 0.127828426226723
-0.392191938686076 0.169125059088668 0.0772546246485978 -0.0883149083074757
-0.308227874723064 0.273592490355422 0.256586401257101 -0.0328942940551326
-0.0623955645965268 0.407348828205536 0.266536854756001 -0.254871780020142
0.189054053848268 0.332953014036282 0.0648255593089784 -0.349391777738366
0.297125549954221 0.0727221005477304 -0.171418252416366 -0.223011490376905
0.229944805631003 -0.0791266357751752 -0.166113102799044 -0.0572976778544046
0.182212948331707 -0.178702251162823 -0.105531261260106 0.0201737943514774
0.119292049115224 -0.212299206534714 -0.0144911021481444 0.0288262688104724
0.115728525552 -0.225971068710061 0.0302033044110054 0.020681547279519
0.175937374807844 -0.143093783255939 0.0701117409425023 0.0276925948322431
0.235313914643944 -0.0631430570956087 0.0900406433545512 0.0968892481281101
0.272320778052977 0.145627584376194 0.0411235575029564 0.163597088108308
0.136474016203901 0.31470928066037 -0.073394270984248 0.162397692404153
-0.134330720819299 0.316286508788634 -0.125885268512246 0.119006763239392
-0.356974437471136 0.222532011772718 -0.0254030532570091 0.0815255034926317
-0.375739287836528 0.109810412636354 0.216621986188758 -0.103370333918067
-0.339702847664138 0.216240898552835 0.337840025241593 -0.0327597343837859
-0.126663422921289 0.386244677496338 0.321359472486183 -0.202332427487432
0.139498297368231 0.353173190298398 0.148610362984171 -0.305281300996055
0.283716719625427 0.102962855361757 -0.0680457720592472 -0.221276337740865
0.230736147470293 -0.0638390489775521 -0.0713849764419275 -0.0973265161653032
0.186339875794451 -0.16206118312829 -0.0385947673723138 -0.049897872063617
0.123304338003024 -0.202665001678613 0.025799697946365 -0.0440303014577863
0.11520235540819 -0.218641297873088 0.0727659938621988 -0.0518701974078975
0.167534934858124 -0.142420147197458 0.120734851937925 -0.029943290824515
0.221429161632369 -0.0640734219575934 0.143160577647004 0.0612240934473223
0.250594572245505 0.140262517190762 0.0867356442441018 0.148134891710133
0.112455746964985 0.296695549666649 -0.0364982612862647 0.15684429432366
-0.143599428878092 0.278823021585135 -0.0909843968983387 0.0836056990156005
-0.340214885828518 0.168558615288408 0.0712919254442209 0.0319494441125577
-0.28341432233621 0.0416658270840948 0.324679990791133 -0.106088398216845
-0.289868890211278 0.124983958712267 0.386514355297433 -0.0293546496280958
-0.14397198046239 0.286093742703881 0.336102931259408 -0.139222629953915
0.0759709934767557 0.292468189994911 0.200292248865517 -0.235982864752079
0.218764961692831 0.100884120213158 0.0249878247343222 -0.196382500196374
0.18698117875349 -0.0447437165854096 0.0156954761457731 -0.121666310321484
0.153450809852608 -0.126789965411522 0.0248642424710899 -0.107750411295296
0.106317171131285 -0.16404700408208 0.0607615518475729 -0.108755742395895
0.0992613677173992 -0.17966897182008 0.110518887288709 -0.116770089736518
0.143231839530399 -0.121342748612142 0.16569251828681 -0.0780676344292151
0.187241619817042 -0.0496464138283758 0.189637471773533 0.0360078446539127
0.199020864132013 0.129968873639462 0.118009682276604 0.138307928479499
0.067291708429105 0.251485585891284 -0.0121131019547736 0.152751016532454
-0.149416191024723 0.20749310143504 -0.062857851832741 0.0503806671145868
-0.285577676076205 0.0888050692764339 0.154870947633111 -0.00531840598351444
-0.139244050231145 -0.027375600417763 0.377042923056733 -0.106782031353966
-0.178166881938516 0.0277540957196988 0.39174924279365 -0.0393953283384601
-0.107600797851696 0.147097064515926 0.314574688666409 -0.0934191180992975
0.0222014939815441 0.174835254473357 0.212536195775558 -0.177926747820812
0.123684927867268 0.0673880242659419 0.0872365369571918 -0.170882259262242
0.111583483752993 -0.0266609503989775 0.0757376260307677 -0.136436316760303
0.0950290789599672 -0.0736817426489146 0.0717381135102607 -0.148711346205615
0.0716985365242104 -0.100999289667594 0.0856860745430644 -0.15584712326541
0.0699732570336898 -0.114493104382964 0.142253521514652 -0.163067129535869
0.103112325600309 -0.0815773567499844 0.204238023450682 -0.105097750480098
0.133825217494025 -0.0265581396200168 0.227850124968803 0.0301855309966693
0.127021605359155 0.107599014049495 0.137726145532404 0.144767607579117
0.0161076778514041 0.180365260771532 -0.000744135846926757 0.157559092045833
-0.13669677512173 0.115247211307972 -0.0410730948533391 0.0268137130245806
-0.19525135098387 -0.00305778777132389 0.218886949270386 -0.0260770231821334
0.0491093559283699 0.0538111850193892 -0.250696569337745 0.0920176986465157
0.0731009861267757 -0.0342087174135676 0.0120808377031704 0.0386916332020003
0.0238494366984306 -0.0749370044038608 0.0170813917837982 -0.167186166216607
-0.0436780053418016 -0.0508946360542876 -0.149352173643422 -0.171257747033294
-0.0501422704315207 0.00678847746431947 -0.267059192130933 -0.039988545564114
-0.0311090341821744 0.0201521174192216 -0.257927261554992 0.121054752234496
-0.0317352733292896 0.0170196399317562 -0.157941665342368 0.198526850608421
-0.0272201709650345 0.0169279063701365 -0.0832412583834633 0.193401031409006
-0.0255379797210695 0.00469368326228554 -0.0764434883525728 0.179088561585348
-0.014470788826623 -0.0141733977924723 -0.0893785147274083 0.165911048480846
2.60408435016121E-06 -0.0349622376123127 -0.101679308795815 0.158533412751005
0.0395328034302918 -0.0384975153674163 -0.165574857428707 0.139411199941987
0.0824792216129926 0.00556029355414386 -0.254895163443368 0.0855145132682629
0.0607728025802232 0.0671602294804382 -0.296675883997866 0.0825655540624824
0.0132687977240194 0.0989660566110646 -0.327403575695639 0.148242075168357
-0.0730351146016747 0.139164162791895 -0.230113029045575 0.0521816140936715
0.0140178106358579 0.0848777043009981 0.0315533431626382 0.0214036797664756
0.0554369919273834 0.048006674595972 0.0407547286900451 -0.206018894668138
0.0497756477492031 0.0152769348564538 -0.144378854995164 -0.224079790854296
0.0407463743456819 -0.0123775096404532 -0.291932625273638 -0.0703091974635912
0.0313665960069666 -0.0288684548403701 -0.275560365164764 0.105329959195567
0.0191053501457682 -0.0602911440972799 -0.172147244326558 0.192592652568884
0.010639947909655 -0.0646536204785429 -0.0798224356124558 0.188017959721531
0.0228341017213121 -0.0715225363970511 -0.0657980242738567 0.174804800988534
0.0624223323995656 -0.0476903520750122 -0.0688615419239251 0.156247823683647
0.090648066490717 -0.0230966780998103 -0.0740554461632002 0.156901267338506
0.111652221342704 0.0551190596342024 -0.125658516783129 0.152849546696134
0.0780195641727331 0.131052777128935 -0.214923112017188 0.112322160854499
-0.0312447255568445 0.161081888916358 -0.25967094142048 0.122509494747279
-0.128296447960048 0.161563986997702 -0.287894550896177 0.164003061840422
-0.198018744720294 0.195332690050609 -0.166169739989995 0.00198328176270712
-0.0766031070152918 0.194761494739111 0.0803152822966207 -0.00472385397640956
0.0610711234514242 0.188631197935804 0.0898257558437713 -0.246477358353473
0.13910724626836 0.109726923231902 -0.112317589394343 -0.284480299556834
0.143435935332003 -0.0128659256877789 -0.292134366004945 -0.116277516905089
0.103419628856019 -0.0688694483720604 -0.269425043730068 0.0657901977411632
0.0745723673038284 -0.126004561802579 -0.168331022976883 0.157161380505863
0.0465945546668036 -0.136406733344013 -0.0654637238007707 0.153712151786911
0.0588141039054838 -0.142414578029758 -0.0388062898111761 0.142281037818431
0.117994383384222 -0.0890573478565752 -0.0275166020162483 0.128278590597828
0.162833169835357 -0.0355991723525285 -0.0228466273137008 0.148117358435841
0.190030194114047 0.106765192247648 -0.0679926779012991 0.168053199015619
0.10631300310086 0.225333626213944 -0.163102850115991 0.14371027025047
-0.0802542905221328 0.246972044660199 -0.207346081027211 0.14769990069584
-0.235931894446067 0.216633202287686 -0.211125341159778 0.160443288758549
-0.303130630205783 0.213180804624093 -0.0617134875992493 -0.0490621014393841
-0.182651677179644 0.269181623447372 0.155017040917428 -0.031337368842012
0.0312161856414812 0.317412386861412 0.160715574319612 -0.270185502867977
0.199571095843769 0.218379486262428 -0.047666147892577 -0.330878902186424
0.235844808482355 0.00944872034235917 -0.254377720379868 -0.163774166189561
0.170619588788658 -0.0910600102250467 -0.231517180334958 0.0118172961698911
0.125395512282828 -0.169319856511831 -0.143557222832998 0.0979711768951172
0.0764838038482485 -0.187740285542052 -0.0415098989686872 0.0964065452039288
0.0806252051034928 -0.195810348547365 -0.00449701199455099 0.0865237208305442
0.147948883871727 -0.126348451502769 0.0204509755084194 0.0811149260202171
0.205921681182847 -0.0592351329011151 0.0361137726883282 0.122764009111202
0.249331759045135 0.122049606967838 -0.00530149582578341 0.168569818790127
0.138969155891657 0.277129991247772 -0.107810373292683 0.160062753544557
-0.0996775860529707 0.29979008540755 -0.155667038924906 0.1448184857074
-0.300894943395317 0.242411224693793 -0.11657290750253 0.126787521494938
-0.361871604831251 0.177617297458322 0.0711996246336819 -0.0884606568202385
-0.2784796506929 0.274861811654816 0.243067948693146 -0.043147330747537
-0.0414080058613252 0.388019690570608 0.242738527901712 -0.251037928590147
0.19613928391161 0.308184837761287 0.04843482549072 -0.336378660055579
0.2839651930545 0.0533975555385985 -0.171885932984565 -0.201191928588659
0.213546749818361 -0.0868795626352403 -0.160599483291917 -0.0474593357206664
0.162200347294545 -0.17954294301365 -0.0983969198984191 0.0242902246699869
0.100408116560779 -0.208162533654329 -0.0113915064571369 0.0261617837538251
0.0948644559501249 -0.219346453254419 0.0308959315153595 0.0179419623174243
0.15911587542651 -0.145560319706731 0.0679277325794328 0.0229467506891708
0.21890946971064 -0.0722530285094089 0.0907310655083489 0.0872317111134254
0.266847820048397 0.124098810382377 0.047336531014021 0.153984806691279
0.145020397883024 0.290853965926053 -0.0621656957389678 0.158603368656222
-0.111040496045162 0.304775532771442 -0.114640742661133 0.118251242457641
-0.32575715964702 0.227894190661102 -0.0200575690125028 0.0778999403502117
-0.348849944004256 0.120341670624025 0.203047218871067 -0.108427022142301
-0.313391938557 0.222230284389799 0.319686968440436 -0.0450732867290296
-0.103332001974587 0.370357232747334 0.29734890895048 -0.203061005452739
0.150873888692181 0.330850769807181 0.129052566271842 -0.297562166051655
0.273395281766339 0.0830138249070647 -0.0746132037579625 -0.204587231626946
0.21403109918469 -0.0717375850461767 -0.0719417671756286 -0.0907268394229364
0.167159375323969 -0.165078169871558 -0.0393102288210327 -0.0448200200376403
0.104308359280695 -0.198533306088336 0.0228686896807886 -0.0437158219859714
0.094483964357618 -0.212095012758514 0.0666910217940438 -0.0520454485731933
0.151797899071482 -0.144539417065724 0.11254622079507 -0.0348437077984656
0.206026290646925 -0.0713605886406016 0.139933213431808 0.0510394086951247
0.246656892516374 0.120426327433988 0.0894232160940281 0.136709107428873
0.122120660005205 0.273474369451157 -0.0276148170100509 0.151658006271825
-0.121651255383772 0.269999772099766 -0.0829322235859223 0.0826315561243084
-0.312161802665708 0.177839152994602 0.069168722056116 0.0266198085988778
-0.265376487961956 0.0521160183660078 0.305747748816298 -0.115622713056158
-0.270297526395996 0.132704486690258 0.365812217283592 -0.0442467117352438
-0.123429865677054 0.277065447121373 0.312973682094853 -0.143050265465829
0.08714785579317 0.275348829705499 0.180235396763528 -0.233393792711236
0.210555107690104 0.0839105517380527 0.0154436030520515 -0.186007830427591
0.173107795434694 -0.051328008189865 0.00856713176912432 -0.118375591063131
0.137942049805913 -0.129596590904371 0.0169524148058909 -0.10355458940775
0.0906958931282579 -0.160563061051139 0.0519354833802314 -0.105536072200586
0.0825859678021621 -0.173752194402093 0.0981164583654645 -0.114727522707227
0.129118159094293 -0.122337330928586 0.151137585313455 -0.0823996778844239
0.17398271369041 -0.0555393239924477 0.18172142123172 0.0257339963608008
0.196366173877776 0.11245079731307 0.119038671369253 0.126550756646643
0.0756272687594691 0.233333669430131 -0.00417747203175942 0.146327409247702
-0.129719435873093 0.202888658211038 -0.0577317097162305 0.0502097694801322
-0.264718116497108 0.0980144392152117 0.146125160591149 -0.0130454832430503
-0.132590703353022 -0.019970613519883 0.354389609297913 -0.116349543195212
-0.167722121171233 0.03399370764768 0.36934627183591 -0.0535532729055748
-0.0957709382655471 0.14336386049641 0.294826621862688 -0.100841514185532
0.0304474522360166 0.165046082759074 0.194121905771076 -0.178723616799397
0.119616936728195 0.0570628593185683 0.0751618779857162 -0.165702218416513
0.102217078237377 -0.0303513230766107 0.065636817011265 -0.135520906443755
0.0851676613326964 -0.074803005000425 0.0585906728723249 -0.145047814545806
0.0619194138506175 -0.0991727372917239 0.0734270379577917 -0.149427041052484
0.0593121043768793 -0.110922506027326 0.124169700779243 -0.159451836424955
0.0932918023796309 -0.0829215000493501 0.185522957340994 -0.110288671017433
0.125012312282319 -0.0315484210934201 0.216868436837363 0.017849220829883
0.126772591071981 0.095293202644044 0.136724382032058 0.131780538100665
0.0234702858855791 0.168333045872491 0.00629912696776348 0.150310382726885
-0.122656521824939 0.1143912146954 -0.038762574979958 0.0273654463291634
-0.183861574117784 0.00775743588621823 0.206249913362408 -0.0356779934574848
0.0467133150876498 0.0510350519269693 -0.2353641191299 0.0927365401829501
0.0681863703203634 -0.03341747993466 0.0126461088343595 0.0369123750833807
0.0219529641888662 -0.0706405561233681 0.0132164913015787 -0.161171390979958
-0.0418666329341246 -0.0470228230914029 -0.145459292796746 -0.16179390076889
-0.0460137088117102 0.00675103371862366 -0.254736032686274 -0.0325144544031796
-0.0280956448107268 0.0202484866832538 -0.241804981604187 0.123874373685574
-0.0300574628894003 0.0172702317870736 -0.144393132413809 0.192583614357723
-0.0251253192453638 0.0160583369393908 -0.0749370706972018 0.184721914270039
-0.0237860959598473 0.00509467395838853 -0.0668431678101619 0.17241431424945
-0.0141701182375891 -0.0137791250018128 -0.0796875347083969 0.161830203220106
-0.000716464724278967 -0.0335287118339767 -0.0935077730767858 0.1537574461617
0.0373250915151283 -0.0368904970698824 -0.15574392687576 0.134063005252249
0.078234264077922 0.00364885878308897 -0.24356387040016 0.0857390005578337
0.0573040418269183 0.0617246390050436 -0.28153118051218 0.0818763521146106
0.0129478308416123 0.09250763936745 -0.309721820690468 0.145885142447133
-0.0681052030205261 0.133548506954277 -0.217113991898083 0.0538331453535805
0.0153172545483419 0.0815735579333798 0.0310931741978929 0.0198705925785518
0.0546149536370131 0.0462590751434775 0.0363578407855624 -0.198150976497548
0.0492289649142412 0.0138596280043008 -0.140793272898152 -0.211929519393524
0.03918491430504 -0.012902152584251 -0.277978441791 -0.0603443739307419
0.0308713885797551 -0.0284095958267766 -0.259931023644352 0.108152067624712
0.0157854607538816 -0.0581145119031243 -0.157697123483475 0.187504469717744
0.00820765802137203 -0.0626715528724301 -0.0710574933441894 0.178321794030028
0.0197775955676656 -0.0684291881723283 -0.0560037041258099 0.168003302673821
0.0582451824889669 -0.0477708497045347 -0.0606227041536247 0.151670639131454
0.0856664219683664 -0.0248314243562311 -0.0669332374475619 0.151834746626972
0.108586636228517 0.0506858100019299 -0.116253166381363 0.146715683610585
0.076966971363333 0.122998726672617 -0.204891984016781 0.111091201776264
-0.0283790559890645 0.153017299543173 -0.24502763588338 0.119746532563917
-0.120183295907716 0.155179763426995 -0.273083904253823 0.161554717675306
-0.185177531668204 0.18972982295432 -0.157015562506901 0.00349586501807893
-0.0687413340703276 0.187606446314147 0.0764544678303447 -0.00602576272315315
0.0622598918248098 0.179379712227946 0.0829791512063191 -0.23715721390435
0.137127721802783 0.102787672090193 -0.110627458892423 -0.270941574131057
0.136762586832114 -0.0158039613723424 -0.278373585293061 -0.103115075071591
0.0982066002015771 -0.0685418216363029 -0.254653388934963 0.0700194313425131
0.0665857978776251 -0.123507904365592 -0.155021637700846 0.154402592276149
0.0399972231790383 -0.131870521394249 -0.0577572865698181 0.145616284958675
0.0517586382098609 -0.13632169097067 -0.0308641896909812 0.136016037910794
0.11046796699168 -0.0888265127277365 -0.0219648784830662 0.123882625002374
0.153912435883647 -0.0380877154267975 -0.0171110707919749 0.141981727726116
0.185136142228408 0.0976046315003279 -0.0609634220456752 0.161229460020167
0.106087905487856 0.211516904700345 -0.15390347889919 0.14041940700418
-0.0722162615805537 0.23545641725295 -0.195671731611916 0.142957866324411
-0.22034569309408 0.210008168000972 -0.198540366982524 0.155616912718136
-0.283288723453582 0.207883731172831 -0.0583970671989021 -0.0470433848247303
-0.16924055654945 0.260601924429318 0.147241005606221 -0.0321745575300592
0.0355890957679723 0.302417120398756 0.150436898531687 -0.259780977312458
0.196594303300177 0.205141254277525 -0.050288109155888 -0.316346106395118
0.225360935437151 0.0030712658484743 -0.243936658867424 -0.149102974671926
0.161077140227114 -0.0911677298109674 -0.220566926826455 0.0164647137020802
0.114008980306925 -0.166087209954023 -0.13248686475185 0.0969118353310323
0.0666095462291168 -0.181561768983007 -0.0362722570029679 0.0905959822155779
0.0704074422312599 -0.187127100050507 -2.07413180795728E-06 0.0814543512544302
0.138125330562512 -0.125225919556379 0.0221097138258669 0.0770688508140201
0.194279930165136 -0.0614592054234905 0.0387775993120865 0.116972309302658
0.242405372630614 0.110214987089288 -0.00118613566242961 0.160314304823054
0.139552238081527 0.260103378140936 -0.101089539313338 0.155045847630816
-0.0885083069255966 0.286641456347724 -0.146104340636709 0.140345385889302
-0.281499778863821 0.236357768198859 -0.109240544171683 0.122139120455397
-0.340732608637661 0.176299376772278 0.0678634558690165 -0.0869665552571342
-0.260841569542327 0.26768051287354 0.230335422431514 -0.0451870571853479
-0.0326855721746045 0.370263902652936 0.229689606246784 -0.242879476556928
0.196288095718829 0.291348861677148 0.0408535905086835 -0.323566621092035
0.271202843986322 0.0441434736096219 -0.165947012852383 -0.186503525807672
0.201369478821804 -0.0877900185896359 -0.15389167670223 -0.0428959320356692
0.148787880790951 -0.176622098799125 -0.0917561778997232 0.0253868352867688
0.088569371928562 -0.201152689782097 -0.00983669075225085 0.0236688332728704
0.0825408837362314 -0.208977376724496 0.0310167026304188 0.0160303831018214
0.147398835231631 -0.142800600040996 0.0653464716298453 0.0206275709245576
0.206428900969421 -0.0741518577428264 0.0895248225831078 0.0817824392581181
0.25947059737345 0.111435129838554 0.0492654718931475 0.146434968937773
0.145671014224848 0.27236971140326 -0.0567586215848078 0.15403507461852
-0.0990538619367428 0.292432780526755 -0.107929765121686 0.113995136515948
-0.305910222139449 0.224990975366198 -0.0172957490749737 0.0740952565494191
-0.328152776387279 0.121657075892627 0.192834602220079 -0.108392511652246
-0.293962484399892 0.218146533265253 0.30354540934197 -0.0495026886041275
-0.0920253156733788 0.354679303066596 0.28195516108104 -0.197124000216282
0.152515708689329 0.313561186859262 0.118618304371836 -0.288160022446119
0.261695288361505 0.0722971036667237 -0.0730257914172403 -0.191816225575599
0.201390317674588 -0.0726740931080312 -0.071187487669885 -0.0865445713852304
0.153518310414749 -0.162242023746261 -0.0380826372350105 -0.042067616672687
0.0929448897368212 -0.19241158852735 0.0201245551575062 -0.042857147430922
0.0824534097631938 -0.202809992685368 0.0624154817000522 -0.0511311607757355
0.140008905501283 -0.141764355600254 0.104929259629577 -0.0356117647960217
0.193963378565072 -0.0734783617518516 0.134801490562103 0.0465675619171599
0.238617510814461 0.108024251269933 0.0894059692869236 0.129198220342236
0.122597765980299 0.256477171983653 -0.0238086195962312 0.146477980830105
-0.109207928776224 0.258474182861017 -0.0786450084645728 0.0799514352095716
-0.292418848280696 0.175488836968074 0.0662718725988879 0.0235902936793336
-0.250484099666386 0.0542643896254826 0.290704129734095 -0.115513050214672
-0.255268855932512 0.131237905675247 0.346883758303649 -0.0480982126570133
-0.11240954812836 0.265399652900794 0.297702696618877 -0.14021334379746
0.0905718959365048 0.260599902473035 0.168536371912959 -0.227189080006343
0.201861615101944 0.0742355231108748 0.0114074820008422 -0.176619384163497
0.162038404631788 -0.0518537024697558 0.00570477265603983 -0.11495169530878
0.127526448950937 -0.127001871293553 0.0135471318181862 -0.0992215450839684
0.0813560475331294 -0.1554475676121 0.0470954768967522 -0.101552527099482
0.0725816677027047 -0.166316572849671 0.0899123389433262 -0.11084574159801
0.119150986328438 -0.119773891884341 0.140947888070996 -0.0819594436010925
0.164012525467644 -0.0566994076469104 0.173856243516279 0.0210060496400971
0.190309885523901 0.10246454776564 0.116911311345112 0.119319951866544
0.0780043667517667 0.218446514386838 -0.00183955706974427 0.140662707424125
-0.117068494439055 0.194284499526941 -0.0553403174845178 0.0485630683859972
-0.248400049518953 0.0998264425692858 0.138803834657489 -0.016167549954298
-0.125606490779299 -0.0162795528260959 0.337300022901335 -0.116905136209631
-0.158655802981306 0.0361843706260052 0.351664108187886 -0.0572738570022271
-0.0879788264772708 0.137811093113426 0.280486578238529 -0.098831638189905
0.0336445802007171 0.15706349903921 0.182045320655298 -0.17511359222859
0.114190589334579 0.0517577613779212 0.0677318121520573 -0.158961056617752
0.0945571068164052 -0.0301869140928322 0.058442010996157 -0.132301669087219
0.0792945743591548 -0.0728130256647226 0.0513017936709742 -0.139788509996293
0.0558132788294258 -0.0962000175724362 0.0656506371961429 -0.14318295192111
0.0523760586285131 -0.106089592742475 0.113515424693867 -0.152887841636388
0.0859814895694033 -0.0807903083426821 0.172439910544577 -0.107792663734217
0.117715678270256 -0.0324621598209402 0.20643253249399 0.0127911422737605
0.122878756959527 0.0879881854106569 0.134316854924801 0.12332619430124
0.0260066920344163 0.158674112881846 0.00865768106621337 0.143742810369104
-0.113221269559636 0.109884182823738 -0.0380556167339685 0.026960286620465
-0.173792684896584 0.0115671036226128 0.194360266761922 -0.0380280928823557
0.044126374891242 0.0496967834296527 -0.22770690727711 0.0909703527362957
0.0656098643807582 -0.0318062661168896 0.0130192868594754 0.0370208905573649
0.0225895048447918 -0.0673275738696697 0.0123501135721719 -0.157771785227722
-0.0404854316287589 -0.0450974112323383 -0.141414445203718 -0.157324143061484
-0.0432408564857662 0.00623445852348447 -0.246979744108184 -0.0301070793845355
-0.0260471959908627 0.0198574645333226 -0.232007098585082 0.124763004265293
-0.0286495891238195 0.0173241345985104 -0.137536111022696 0.188280423687492
-0.0241075003795699 0.0153121147138169 -0.0711636276124137 0.179095073216539
-0.0229309292056841 0.00466729234292106 -0.0615038952524869 0.167934197651844
-0.0137039683351366 -0.0135167053890624 -0.0745859885330658 0.159563507070105
-0.00112993987052315 -0.0333595554829309 -0.0901880254323834 0.14975812698014
0.0366475013733087 -0.0354242442721454 -0.151838396729391 0.129268680915694
0.0760897901245457 0.00318954795235551 -0.237862307821789 0.0839930462510776
0.0529062163469957 0.059329907376962 -0.273479849176327 0.0785614410387708
0.0110717831997828 0.089696144779954 -0.303519069694434 0.141920065026481
-0.0656204666053968 0.130920873691786 -0.209464487734237 0.0513571522390318
0.0148525886207977 0.0797948577781998 0.029946847669105 0.0199685482523715
0.0545836152255243 0.0456436390210848 0.035195390137005 -0.193977423445216
0.0493475149472859 0.0143157077702303 -0.136616900755684 -0.207055343316339
0.0394315129436796 -0.0136736552704215 -0.269279499835735 -0.0566481514292542
0.0306900783698922 -0.0283873857722534 -0.249980632899422 0.108919826016175
0.0137055134745255 -0.0572661849770894 -0.149839578853777 0.183785962574722
0.00687091560606663 -0.061880405392622 -0.0680610452568061 0.172450871689623
0.0186816899975507 -0.0667277009449471 -0.0508443264128006 0.162706315874952
0.0566836160363216 -0.0482501497798809 -0.0563331181419636 0.149366281021002
0.0825983430361644 -0.0250441395388582 -0.0635554057977961 0.148153008657347
0.107342623077224 0.0488247872922604 -0.113712782373793 0.141870799416623
0.075411354097933 0.119002111555061 -0.200567929983273 0.108247617244843
-0.0289126972270735 0.14798963308642 -0.238511861220163 0.115139629004364
-0.117184769719906 0.151289473145345 -0.265446394562748 0.156155478976766
-0.178912187593127 0.18529845785301 -0.151782925157592 0.00249969445530334
-0.0664670243442946 0.183454736312921 0.0741241235844744 -0.00503699747608891
0.0623444800757556 0.174493221922552 0.0814330852213193 -0.230894504121345
0.135613386437079 0.100568038166821 -0.107656237157864 -0.265042950551802
0.133535700586166 -0.0166022410359687 -0.269719466640763 -0.097953459040943
0.09624012739326 -0.0677884448269571 -0.246759581369551 0.0717182845805534
0.0625135315566595 -0.121083674630363 -0.146888391911227 0.150538219817369
0.0362941516441231 -0.12965149935418 -0.054668829171854 0.139381257580822
0.0480051492997661 -0.132698918686667 -0.0266971752109058 0.131621183500806
0.106694942782467 -0.0879669365230005 -0.0195782190457972 0.12116400905866
0.148770493571435 -0.0394236441879791 -0.0152574889041454 0.139276435490773
0.182510173502991 0.0928999466672878 -0.0581532065874382 0.155583138918641
0.10501311524716 0.204903373183384 -0.150661044964377 0.137259712932919
-0.0704548492555334 0.229083100520434 -0.189868063530922 0.138662282725266
-0.21397263264197 0.205396594850403 -0.192607174886836 0.150917046268834
-0.274027661098946 0.203437857865718 -0.0563760640749265 -0.0472437103678147
-0.163323731115958 0.254942764477853 0.142745068305388 -0.0316600952242079
0.0359566866725127 0.294276690554492 0.147645151445506 -0.252335231575488
0.196287593941262 0.200141649416628 -0.0496951856417003 -0.309671509994125
0.21911066296391 0.000907814220633685 -0.235534539470714 -0.142835843299048
0.156787748242323 -0.0896921779939429 -0.212906375987012 0.0179776064447127
0.10741001658055 -0.163278363375779 -0.125585525888738 0.0957497453664796
0.0617204687650283 -0.177825943112434 -0.0349321080498666 0.0858901812367434
0.064847555852363 -0.181257376391118 0.00293652309853945 0.0786202040525062
0.133165189252192 -0.123808161152414 0.0224354014502082 0.0752718401839352
0.187838628343502 -0.0621177352316147 0.0397959102762387 0.114345464125402
0.238705746048612 0.104950501849233 0.000299654096545366 0.155542161348537
0.1380908550964 0.251115990738316 -0.0984046382080726 0.151475272950855
-0.084657617659067 0.27817526284651 -0.142613093446923 0.135256097625648
-0.272254875623099 0.231739754409628 -0.105060405021803 0.118237171283054
-0.328604059788197 0.171405431518676 0.0665368213388498 -0.0863219712202736
-0.253461220835725 0.260283085837818 0.223436413540148 -0.044076112157814
-0.0298675352373249 0.359669410685782 0.224575134330658 -0.23520774640682
0.195653361115405 0.283827386177706 0.0396394702257619 -0.317328282537573
0.264068068397901 0.0405734402881416 -0.160307338213088 -0.179532018236446
0.195416959270168 -0.0861341181269097 -0.14994214553275 -0.0414631212439725
0.140994647863399 -0.17503204762857 -0.0878296074283074 0.0261677996731043
0.0823899492004207 -0.197639093637002 -0.00980900904613895 0.0214793223380271
0.0759337405862201 -0.20242337779782 0.0318712324504597 0.0147505258626034
0.141788772080362 -0.14081075740644 0.0631376625061256 0.0197037756924332
0.199044628267484 -0.0731628335833826 0.0891228528406509 0.079252693599345
0.25464698803402 0.105404342419537 0.0498969100201683 0.141661021634181
0.143562126100727 0.263015472446129 -0.0555528431070158 0.150443877508432
-0.0941673868649183 0.282636566640886 -0.105576249980463 0.110678739149713
-0.295147708281604 0.219794603035967 -0.0169646230792483 0.0706172177400707
-0.317726322879775 0.118629947409455 0.188402826600071 -0.106970072614253
-0.285454787731281 0.21194911515961 0.294446019120857 -0.0473710903624106
-0.0880042280437015 0.344477709650689 0.275758255869305 -0.191248463670925
0.152754720921639 0.304826323347592 0.115410389460909 -0.282458478839138
0.254364352619229 0.0672186770857634 -0.0710892275036431 -0.184684878839055
0.194890497350663 -0.0718180330817723 -0.0697410021810998 -0.0853807625757839
0.146174380544856 -0.160343142956958 -0.0366498480414128 -0.04085344307176
0.0866132703131249 -0.188816576150046 0.0194849996668621 -0.0426441545672101
0.0761560977865944 -0.195600038133924 0.0601777720945777 -0.050510929766983
0.134426185158708 -0.139091155013725 0.100413430058175 -0.0354149375751412
0.187274332238937 -0.071874925605152 0.132639040647504 0.0448558626862516
0.234388814920011 0.102937657090164 0.0886648831189274 0.124780567168366
0.120799143411855 0.24684771696831 -0.0226525144746851 0.142984337849566
-0.104227559378896 0.250735833896974 -0.0769123112249117 0.0786210436108954
-0.282959433313545 0.172619006887969 0.064363722450514 0.0220409920468095
-0.242694922540692 0.053360339803627 0.283563472873099 -0.11311717991814
-0.247308616096127 0.128427107859779 0.3376312245165 -0.0469074678311669
-0.108083534940358 0.258643809315291 0.290894132400298 -0.135254932776168
0.0918925152369467 0.253609498521475 0.163132591699261 -0.223608192843988
0.195886962482384 0.0701896100051997 0.0115857061265037 -0.170991668253353
0.156160501611379 -0.0510798491979265 0.00457152604604252 -0.113937862614645
0.121294273686234 -0.125338320866661 0.0117922772034734 -0.0967518042532779
0.0761503251493412 -0.152886892006879 0.0437509126231863 -0.098767299125294
0.0673324374652671 -0.160794220076292 0.085734474356806 -0.107385648838793
0.11413024504734 -0.117797277753662 0.13389444937642 -0.0802292176648551
0.158081932134975 -0.056246132220564 0.169247725220716 0.019654070616372
0.187224148772106 0.0979177784627581 0.114818613255164 0.115486901953285
0.0770161276677834 0.210618817379828 -0.00151355284701642 0.137431917499568
-0.11252638387006 0.188014087490796 -0.0549618633129393 0.0474774484477742
-0.239945265709168 0.0996978824236047 0.134772585492628 -0.0167119075026587
-0.121591110265249 -0.0157826762992804 0.328790375860911 -0.114284253096225
-0.154278915944795 0.0361707958267906 0.341901895294037 -0.0560061301741008
-0.0852785516449887 0.134017559636081 0.273634365250926 -0.0950780421557311
0.0347006293897583 0.151946423677503 0.176182623695228 -0.171755489501204
0.110511470108636 0.048251853682225 0.0655464524352053 -0.155370951754758
0.0902478623202587 -0.028598172821116 0.0548131744387731 -0.131746914767081
0.0754732742325051 -0.0715183591095952 0.0479195129293115 -0.136409370617751
0.0529310511283125 -0.0940625942988355 0.0624431185657309 -0.138984124970152
0.0496262694602967 -0.102596763683446 0.108214227542397 -0.148144084054622
0.0823859900779447 -0.0797996974210063 0.164014175547561 -0.105836221735596
0.113462570660562 -0.0321492429391262 0.200717938697865 0.011421019745053
0.12134283871945 0.0841533406039701 0.130903022576258 0.119584741455933
0.026262790378825 0.152550582199433 0.00810333111269394 0.140458344477782
-0.108125884056398 0.105626646875358 -0.0379658058703716 0.0259392468711302
-0.167722356697598 0.0124836581178104 0.1879243118097 -0.0388233383783172
0.0434744613884001 0.0501464097633498 -0.225512057201737 0.091924085451746
0.0642145324366363 -0.0314897329379297 0.013694527873005 0.0384609666657977
0.0232587679745534 -0.0668159456082462 0.0117906485608339 -0.158183691103845
-0.040220568178157 -0.0440389700916249 -0.141606237784076 -0.156743280845327
-0.0415246204082577 0.00607070873055273 -0.245956385778856 -0.0278571439150616
-0.0245063076874541 0.0197061698932168 -0.227483826809375 0.128503998523767
-0.0286232158305009 0.017485559751349 -0.133237056554919 0.189449108865699
-0.0244657946449986 0.0151361819088494 -0.0687275851661734 0.178383453981825
-0.0224500716294776 0.00445769113144849 -0.0581706781968386 0.168286782733099
-0.0135739569909185 -0.0142795397151114 -0.071141386139395 0.161100791061172
-0.00161676182150475 -0.0334534179835417 -0.0883367493784398 0.150658282513349
0.0368823394906159 -0.0350618474985224 -0.152666090894701 0.12896611394113
0.0759822762583676 0.00266359308024248 -0.238384185807115 0.0853134121142907
0.0510575469637662 0.0589105623284932 -0.271839801071595 0.0784765252329274
0.010610995876989 0.0895929630334813 -0.303860269200073 0.141882238957727
-0.0650682407642725 0.131388789640814 -0.208049684815235 0.051949639867507
0.0152478982688761 0.0800023225518928 0.0306455444518649 0.0213903365382137
0.0563546235953024 0.04554496424261 0.0349278913910619 -0.194420064193282
0.0513692640177013 0.0143391126216363 -0.137205635900857 -0.207249939599713
0.0399373679032233 -0.0143695623385652 -0.267924260892815 -0.0542092586348511
0.0319315759799792 -0.0293241583270023 -0.246115565652589 0.113123870929641
0.012095709693967 -0.0569578462540689 -0.144581815385462 0.184438797430456
0.00507019821374412 -0.0622421891851494 -0.0654615781177943 0.170694449550354
0.0173708091164505 -0.0669530686335415 -0.0466128352391798 0.162168764759246
0.0561616987882025 -0.0491924480670433 -0.0529057397301886 0.150945833280599
0.0820544720893465 -0.0264078672797799 -0.0614130453793772 0.148673570985462
0.108526019194655 0.0476522891383076 -0.112802456500111 0.140712227564951
0.0763996464990953 0.118353125584619 -0.200715003504249 0.109816552027729
-0.030832906023453 0.147916885520941 -0.236034395265599 0.11471242314142
-0.117048274896514 0.151826817117891 -0.264675417669841 0.156304177095624
-0.177340957147892 0.185471446643338 -0.150856207632599 0.00212402158940275
-0.0658116652654666 0.183865278524387 0.0737868566636019 -0.00435801970824194
0.0642533516774558 0.174601536540957 0.0813454789614933 -0.231764191507261
0.139358737351621 0.0993145082132107 -0.10913710118178 -0.265890100328433
0.1332665327554 -0.018700336433257 -0.267906180915569 -0.095426942387988
0.0963300518248404 -0.0692936736754285 -0.243478084065561 0.0747148247324526
0.0590572306001919 -0.12192303840598 -0.1420844700928 0.151958061487863
0.0330429564621984 -0.130930111933856 -0.0532943692596844 0.138103971746916
0.045381443270618 -0.132172255203481 -0.0226706868134245 0.13039250827123
0.105196050458059 -0.0904419602048607 -0.0167712802837013 0.122423858833512
0.147683035321339 -0.0410661261279487 -0.0131987384959479 0.138853835590683
0.18514959890211 0.0906625450636398 -0.0572698001216709 0.155103644091237
0.106898430556135 0.203580348632624 -0.150587412251748 0.138160082820774
-0.070445153313034 0.228132371326316 -0.188619948952128 0.1386493183191
-0.212283070540608 0.206850589652814 -0.191790219752097 0.150842360229613
-0.270851829234203 0.202915087454323 -0.0562280814082008 -0.0481874747486751
-0.161723046946536 0.255588304318889 0.142012538114869 -0.0311212885894812
0.0389362034968528 0.294042817674933 0.147685236697469 -0.252712126095556
0.200751843740577 0.198586153445241 -0.0512288255368928 -0.311660614513056
0.218467053127544 -0.00141696968771831 -0.233401792645055 -0.140122850901337
0.156191261538246 -0.0916018317993751 -0.212208819940528 0.0207163123855987
0.103212852053135 -0.164809334870535 -0.121892769944897 0.0959847388956521
0.0571682853175278 -0.179390278539808 -0.0342699313604005 0.0845690310419808
0.062043641237986 -0.180416633255537 0.00517257210191924 0.0774498334406977
0.130824732627542 -0.126123263774702 0.0244120308718422 0.0755170296472308
0.186269338140654 -0.0638049389066567 0.0416841106290744 0.113582096527185
0.241070786988003 0.1011859734503 0.00194225094573241 0.154732023143783
0.141091637480271 0.248971411259811 -0.0991698123872739 0.152698570782978
-0.083048736577306 0.276950518914036 -0.142022742898616 0.135598966485499
-0.270910288831422 0.23379039841253 -0.104520732648874 0.117466943998811
-0.326002344181855 0.172115167734232 0.0657027389470461 -0.0876673178237391
-0.25164083563906 0.261484581498476 0.222069943832568 -0.0437504085218017
-0.0264803222741897 0.360321817512034 0.22525043819225 -0.236098365045572
0.200644179681388 0.282023402143944 0.0375069358491077 -0.318863054262505
0.263356727655123 0.0367570870573648 -0.158506780262117 -0.176946023182754
0.194902344346292 -0.0884721574666189 -0.14937974657816 -0.0401487612167048
0.136146749489005 -0.176667929394025 -0.0850270233756488 0.0267034901163052
0.077922773660656 -0.198839566319069 -0.00985888183095913 0.0203221726389131
0.0723905829484426 -0.201436110215854 0.032843160350001 0.0136718027269382
0.139023543628086 -0.143206595803223 0.0628597529785043 0.0201216429133804
0.197796402462983 -0.0757227992059885 0.0909805043989829 0.0788451024882849
0.256984291698771 0.101850552829134 0.0522691149833876 0.140845438669767
0.146552719814574 0.260065386504939 -0.0553293817617688 0.151154303392514
-0.0908513499321088 0.282282202661809 -0.105546130753711 0.110813062215178
-0.291999234694628 0.222625798805875 -0.0160295405517513 0.0695082432009319
-0.315323234541593 0.118975202051843 0.187226384334535 -0.107941640078728
-0.283778710877712 0.213950500112741 0.292922644259056 -0.0490871689573043
-0.0847799648442696 0.344848707182009 0.275789814347763 -0.191944812035238
0.158121182245265 0.303277582559483 0.113267675866615 -0.284042222401254
0.253657331086556 0.0634444727247154 -0.07030904215029 -0.183416518759701
0.193613671144977 -0.0729342417517511 -0.0705878587792884 -0.0862100298220477
0.141573791846662 -0.162289179798569 -0.0356869167362581 -0.0403926766916021
0.0825658426550272 -0.190390730487958 0.0182030774303666 -0.0433332318238204
0.0725049248757319 -0.194323752582358 0.0598583607321931 -0.0508372709072433
0.131006415853783 -0.140870121356427 0.0987983112527556 -0.0349813242137171
0.185472148993751 -0.0736724313002381 0.13355252980749 0.0432698935665567
0.236340002269775 0.0991484959964434 0.0902091002539358 0.123909268085197
0.123520546601256 0.244506317022312 -0.02237714222395 0.14386179382556
-0.100864353431573 0.249164325447411 -0.0773531695621203 0.0783875500761788
-0.279051416773222 0.175406905933001 0.0647439218290315 0.0199796040051525
-0.241430861098741 0.053759268770436 0.281921396671928 -0.114212086668496
-0.246218180405682 0.130948964196734 0.335868231826041 -0.0486657905637495
-0.105731581939021 0.258372855737351 0.290563553646395 -0.13566702676151
0.0957285130395163 0.251903072628347 0.160994695848933 -0.225125886657059
0.195760756208957 0.0672331976121533 0.0114172537582072 -0.170262751743032
0.154231677773202 -0.0511121349570892 0.00285548435507149 -0.115780424830573
0.118255590465069 -0.127084615842743 0.0106221494276943 -0.0965602082155489
0.0730211548285493 -0.15409745045272 0.0429462582956203 -0.0991102111981156
0.0638980018566322 -0.159394717872742 0.0841738941169987 -0.107891086683685
0.111870575272226 -0.118939822566451 0.130582180362181 -0.0809245909344932
0.156103132732529 -0.0572322963419553 0.169891815578469 0.017993646737253
0.188000482176034 0.0946459580606888 0.116400230672073 0.114169960609172
0.0788299414470446 0.208521933399385 -0.00148071900911388 0.138139264563451
-0.109811445513888 0.186359304102684 -0.055473838979961 0.0478621262135412
-0.23721604517066 0.101424371225367 0.133774777032467 -0.0184821650841449
-0.121719251774985 -0.0153354085682616 0.328227300261538 -0.115392235355542
-0.153608937354359 0.0373429848242929 0.34028609719802 -0.0575074324162618
-0.083590041864369 0.133826273260465 0.273417750019628 -0.0949165783790289
0.0364194921037973 0.151329513948597 0.174141697617443 -0.173742050633839
0.11023186041501 0.0464465163194105 0.0639815756254704 -0.155240455597509
0.0891617119692563 -0.027912270061431 0.0528071565987706 -0.134487011196691
0.0739025584783222 -0.072090666860565 0.0445914467329831 -0.136334919660849
0.0506782732639995 -0.0948417314398114 0.0603594110555273 -0.138706607751471
0.0475876017514017 -0.101411213028409 0.104996603084184 -0.148347622392451
0.0805710881514113 -0.0802676598529869 0.159456978895728 -0.105773255934214
0.112232018251366 -0.0334385702596273 0.2002650168132 0.00959082870966363
0.122784386781334 0.0825229929887465 0.131677405669422 0.118743160293816
0.0278616341756775 0.151306239166572 0.00885826586126277 0.13998012996753
-0.106441405135686 0.10483931835339 -0.0386210025556776 0.0262727231178242
-0.165963775578356 0.0150931570376187 0.187176466331357 -0.0408483912779428
0.0479150323027227 0.048847705049324 -0.223192649557886 0.107913393052436
0.0594741298629228 -0.0374879510428668 0.0199410333954365 0.0432610713179571
0.0137200345850692 -0.0702207697261361 0.00604449075891487 -0.157362957644988
-0.0474669778214216 -0.0390388716339697 -0.148971247919363 -0.149881837079947
-0.0429152803334621 0.0127428633162065 -0.249646863863386 -0.009669269588243
-0.0212629281205374 0.0249543235953776 -0.215337461978899 0.14695647309825
-0.0265024959922304 0.0238513535373438 -0.113958228523371 0.198816916363306
-0.0225553430716174 0.0177464640184988 -0.0524954702584744 0.184571243398549
-0.0215927339177749 0.00664617293713303 -0.0426419360182455 0.176331125539645
-0.0158602610231573 -0.0142357705551883 -0.0568318979603371 0.173469440109057
-0.00710921066268751 -0.0343004771008603 -0.0775472489511674 0.162543986907581
0.0324149100535339 -0.0416037443431753 -0.149357912264361 0.146885962628674
0.0755113778696611 -0.00994714751817988 -0.243094268120951 0.108740218755245
0.0554074532365771 0.0508329038920728 -0.275135676023383 0.0954956003434685
0.015494408971441 0.0870943864799799 -0.302374652595088 0.159613178466706
-0.0493709621913807 0.140714875520507 -0.214255065809404 0.0588664286577164
0.023814491378947 0.0772391108529826 0.0283964434296232 0.0215760794813858
0.0597219336165638 0.036889880810055 0.016657584662822 -0.193639804855342
0.0502796186805495 0.00641858186445072 -0.155543686373721 -0.194243144153607
0.0343245725409105 -0.0158402445474431 -0.270727838020676 -0.0290929988004088
0.0287010439529981 -0.0283778190691536 -0.233643406878828 0.135656018009921
0.00429604257680801 -0.0569074934069954 -0.12294869713775 0.200496072486466
-0.000702458923306528 -0.061535664330425 -0.0486240509514196 0.176234028498913
0.00960837254497433 -0.0684282672754663 -0.0314741532227439 0.169421607977462
0.0498250740386112 -0.0570587465221574 -0.0404429408736168 0.162866015576931
0.0766596054870731 -0.0363250697692436 -0.0511618251995989 0.159657965642991
0.113094543572307 0.0325574252056251 -0.11129941564236 0.155363792792859
0.087557761801117 0.106493022224195 -0.203985267574662 0.125570977405039
-0.0197041578665266 0.149544868139285 -0.228739302734014 0.12939998509788
-0.111242765448253 0.162886731947966 -0.250721824732551 0.173257156586394
-0.153262616763003 0.205463862912815 -0.163717461704999 -0.00367759508902953
-0.0434910329153772 0.18819601740931 0.0638614308665627 -0.0130912520065547
0.08284503587039 0.162816710666313 0.0497118187002386 -0.234571321641222
0.149063957985537 0.0786043437927451 -0.140103780918589 -0.250412280840252
0.125790186508573 -0.0309726658813411 -0.273517904594393 -0.0645104256240008
0.0884215164202372 -0.0745615285553743 -0.232930824795944 0.1005682813697
0.0425282232775966 -0.127909512365354 -0.121814068752055 0.173266542376163
0.0202641832382668 -0.132551645590663 -0.0387218727865187 0.141470045220824
0.0297383580242152 -0.136528154073326 -0.0101998169141168 0.134050536294772
0.0945457568994187 -0.103064579042885 -0.00624716814292073 0.13118102185291
0.14043056176219 -0.05707185022473 -0.00216591318235708 0.148074459774951
0.194912860352807 0.0672560228629163 -0.0545631114097461 0.165294583758905
0.126908951693078 0.189560658726061 -0.153677958999799 0.148330399127978
-0.0534282136242602 0.23593013831766 -0.17306810339143 0.147845364947571
-0.203954896286951 0.228414901872258 -0.168505309009955 0.162688919334542
-0.242620066811746 0.23174205230036 -0.0730413039776392 -0.0662746720728263
-0.130702632272605 0.268065326044858 0.125595709600902 -0.0504867932514482
0.0722047235005076 0.28315770882011 0.10468890756829 -0.264177718122135
0.222435659672269 0.167182380082882 -0.0949640863367038 -0.29699307020102
0.210848248586304 -0.0246908943326006 -0.243416488775132 -0.106313580858979
0.145486463741923 -0.103526533895749 -0.205791014216157 0.0458112380333252
0.0810807524993047 -0.177823097060892 -0.1069083341094 0.120294510562376
0.0391442189191835 -0.182813078052814 -0.0240956081456193 0.0858637787958509
0.0396518595358724 -0.185424091498857 0.0141734039465011 0.0775071022017497
0.116397626725497 -0.140795587100401 0.0308733641600623 0.0802229483458438
0.175733943170853 -0.0832551883792086 0.0522127838233212 0.117654042087328
0.252258898675781 0.0722694886796316 0.00629195589139969 0.159876123832119
0.164882537558456 0.232700398197543 -0.0992254051548447 0.157506769695266
-0.0621693200250937 0.287042778987194 -0.123368076547909 0.139543249631671
-0.260716667110931 0.263233805257029 -0.0765852813414616 0.123344302052882
-0.301267147044627 0.20585029565038 0.0499497599777161 -0.117080815088633
-0.217680275702649 0.283488558536542 0.204342849399551 -0.075062780172714
0.0154743010358007 0.35509692366901 0.177734995671236 -0.258791117665057
0.235018922637386 0.248860088874873 -0.0144647948597044 -0.313027674759682
0.259826781145373 0.00709389812295441 -0.174448587842554 -0.146490042792665
0.183150088591422 -0.105023362237847 -0.149151682491121 -0.0189960064759925
0.112458335113718 -0.194433484697881 -0.0781077242606095 0.0493755022581788
0.0567415088579292 -0.204444431677332 -0.00539537365695941 0.0188334350487659
0.047869515267067 -0.206946372794926 0.0354015649642576 0.0106472915645804
0.122070741232944 -0.157697831074324 0.0656161631755349 0.020110564455218
0.18514739817597 -0.0943424284276541 0.0993701819960922 0.0774815466572742
0.267257487209046 0.0715651597700147 0.0563425350607048 0.143465163595573
0.172593894625834 0.24320177265139 -0.0557165230910081 0.151601086389883
-0.0685844009512773 0.292859107565842 -0.0867311159640692 0.11083955842016
-0.281779266186885 0.254633574703502 0.0117539595584139 0.0699027104619864
-0.295852815900819 0.149832642106569 0.174471044211395 -0.143351531360238
-0.254848541222356 0.237806495961093 0.277624880443214 -0.0866802031607626
-0.0417723869626453 0.346676881464854 0.233388178944459 -0.221794144371312
0.196219345809463 0.274565965971991 0.0632624385638104 -0.288003643763118
0.253405467485306 0.0337129323155602 -0.0874384446679762 -0.161233673373965
0.184336554177975 -0.0905169398350693 -0.0750259595223538 -0.0719646023269209
0.119805732711612 -0.181798381643379 -0.0372436977585443 -0.0216908203315057
0.0625831168883377 -0.196991360075222 0.0165750977861237 -0.0470465423740674
0.0496078419350609 -0.199158784107233 0.0573092039140871 -0.0576579859169225
0.115010115793357 -0.153226060951794 0.0969641464176134 -0.0397891914234017
0.174607616555727 -0.0911402890611078 0.140649826210809 0.0377117693179912
0.245737264392515 0.0711267692935367 0.0953071367249251 0.121990265997323
0.147184143901136 0.23071567255629 -0.0204377948485204 0.142071593645827
-0.0806104078315046 0.260410705374339 -0.0616301417554033 0.0780227684699947
-0.27236637743589 0.205839637279388 0.0888777326964453 0.0165107635730594
-0.230510077421204 0.0762371255530168 0.274642254533214 -0.14918941911176
-0.226665879961691 0.150730093554332 0.325406222493832 -0.0863403702125723
-0.072057240925532 0.264137979874051 0.260648605074482 -0.167933386118671
0.127697298701322 0.23176864363263 0.120396235169934 -0.234840878803676
0.197505307646548 0.0422321183164367 -0.00667767682329476 -0.1584741911367
0.147158840993199 -0.0652495481817098 -0.00605404657835666 -0.111048708116997
0.101022424256172 -0.143069003165596 0.00283991724050334 -0.0856396509811398
0.0567024040262015 -0.160256408314281 0.0367429229826804 -0.103821368574631
0.0449744073307786 -0.163880206134173 0.0761362465917174 -0.11731406658728
0.0983317414833003 -0.12852782886675 0.125997138110868 -0.0896147014129148
0.147439895151249 -0.0710249285314624 0.175621741530125 0.0076829382632786
0.197259806148863 0.0735719476826269 0.122652989668231 0.108935259255675
0.0982089977760609 0.199434208517669 0.00304864875231259 0.135193116832801
-0.0950356743317671 0.197644061851061 -0.0435154843377921 0.0480922454083061
-0.234847184507035 0.128065696799922 0.152292177813164 -0.0257192492085199
-0.121202098568607 -0.00496279670702108 0.325397152096197 -0.143467788669977
-0.145211604185147 0.0471711255735437 0.334474127342436 -0.089797882468086
-0.0650948559441699 0.138109680220224 0.256128452776547 -0.122215228883713
0.0563583675563105 0.140174371984031 0.147053293887895 -0.18653392058438
0.111204558504456 0.0307738071234637 0.0484443637475783 -0.15314853709607
0.0838315279226687 -0.0369627593501146 0.0421008216888625 -0.136011414800885
0.0639482520244313 -0.0830010752436578 0.031110477464145 -0.132589777080924
0.0414627295419076 -0.0998416828794568 0.0486343229151967 -0.144263887809118
0.0355148355723445 -0.105005161521377 0.0936029433511594 -0.159720159386688
0.0717649887718634 -0.0865747581764572 0.153830354620539 -0.119399442107673
0.106537772927704 -0.0419758935805674 0.2060341353061 -0.00420174977105252
0.12947352540068 0.0693077632375333 0.141110703029 0.111868714189911
0.0409335198130165 0.147070367026261 0.0167639470989819 0.138049955174556
-0.0988401398138931 0.114694940965521 -0.0304931581206037 0.0284699569515203
-0.168184589717222 0.0329298009990919 0.197760700231711 -0.0497726592229473
0.0500941342139098 0.04766652078843 -0.217079578379753 0.119547800790269
0.0569874127509907 -0.0388359370871982 0.0244547171080888 0.0436171268384156
0.0107161587842316 -0.0707866956069023 -0.00134465759952237 -0.159188153712539
-0.0490576592296554 -0.0362855929783308 -0.15697885072918 -0.143001158523031
-0.0409325949662172 0.0137741186159979 -0.248704825349713 0.00400143509286803
-0.0191203572794827 0.0251676534899857 -0.203640123066145 0.15925391484998
-0.025459911826307 0.0254086664788251 -0.10083287187052 0.204368794655633
-0.0215682057370387 0.0191764427900582 -0.0416671543907301 0.186559669855653
-0.0215414701739197 0.00681497883637199 -0.0309642289808355 0.178905287771337
-0.0168123248846357 -0.0137367370244325 -0.0449187991797653 0.177411913403341
-0.00914165964520257 -0.0333435984685471 -0.0697949688333852 0.166487279208598
0.0306783457068202 -0.0433688895682303 -0.142809961127795 0.154129637082667
0.0742773143929243 -0.0140963767794357 -0.237179264627232 0.121736744002954
0.0551418759306152 0.0498206894846282 -0.268938074342122 0.107267857150159
0.0198858079679871 0.0863538984280352 -0.29538556133957 0.174312635832786
-0.0419133503698654 0.144391207169932 -0.210874914306491 0.0686661874837545
0.0273826010125655 0.0771932176908638 0.0315062787851739 0.0210540207876499
0.0633124607939951 0.0340702179313009 0.00772603385004672 -0.196096139234369
0.0524864288364514 0.00319286479805184 -0.165554756021366 -0.187387505278828
0.0342714217330716 -0.0186808878685473 -0.270490910994865 -0.0151694485837663
0.0278939189939712 -0.0314204023209216 -0.222607579935291 0.148821265158453
0.000301151984554316 -0.0571110494489986 -0.108709251649995 0.205787742008101
-0.00574398750482055 -0.0618054257768159 -0.0389510780521089 0.178155168590668
0.00506563386843944 -0.0695052568055076 -0.020000874656588 0.169896774273776
0.0461246286658447 -0.0607490889724022 -0.02797282176883 0.16518587571955
0.0744416607713415 -0.0404706036771569 -0.0419986912739622 0.162100313744863
0.116671351789071 0.0263088949771563 -0.103778423765112 0.160340081924346
0.0925865877960125 0.101660663701588 -0.198254204760534 0.137913020180899
-0.0141435235244327 0.15210419320335 -0.221394128753565 0.138112034682754
-0.103300028398557 0.169876295811649 -0.242818646415964 0.185733702079401
-0.142266252461263 0.213702824804669 -0.16388302478032 0.00431868016256525
-0.034075209338559 0.190582233136972 0.0639575219831598 -0.0144977470247127
0.093325955404474 0.158934654743809 0.0386115320144729 -0.238656709953371
0.156683495634202 0.0698589662515444 -0.154437922787472 -0.244575887618838
0.124612605908983 -0.0381055888518067 -0.274641436986111 -0.0504593005021952
0.0849378057650252 -0.0811782132255595 -0.225037884318747 0.113106329536103
0.0338023496929081 -0.129751739672878 -0.109460559844406 0.177431656264188
0.0102216846639551 -0.133217481569915 -0.0305857961784453 0.14232482663566
0.0213090969204227 -0.137676846021602 -0.000571081139354174 0.133141962013312
0.0883639098468915 -0.109373138778322 0.00340934052318806 0.131350332153475
0.136660596995185 -0.0650687509102492 0.00701356388514916 0.146766589028748
0.199915693565391 0.0552300969566657 -0.0461703662236791 0.167249597210854
0.137248329560114 0.181780253251576 -0.146244789808103 0.157551246728068
-0.0423844591788582 0.239471840227832 -0.165160919737358 0.154503489436518
-0.191827578272557 0.241017533049693 -0.160364207824753 0.169963488444894
-0.230667275560532 0.244576279316815 -0.0765901389965711 -0.0627480235492933
-0.116739535100538 0.275080426030847 0.123172669737139 -0.0551425731355752
0.0887041204810443 0.27977488977526 0.0928872620936124 -0.270571440047266
0.235056039951711 0.154957955028881 -0.111780508325183 -0.293909728134392
0.20992092563491 -0.0368183537434841 -0.24636170128013 -0.0938687031856966
0.140284047308096 -0.112549239879304 -0.201684164578391 0.0564924400139888
0.0680607292942975 -0.18212226563594 -0.0973325410500521 0.123984973461327
0.0253371556208019 -0.185069326252427 -0.0195227444518996 0.086070704338046
0.0278318746188877 -0.186438161016401 0.0190162023568078 0.07487600021925
0.106897615294961 -0.148590293363059 0.0372107233273615 0.0790144115831803
0.170507963193732 -0.0928184475261901 0.0602979024464037 0.114559953524477
0.256947031098785 0.0557551906596068 0.0141136717900973 0.159545835290784
0.178212890269319 0.222450282744645 -0.0929075565589138 0.164240148786931
-0.0476232861264869 0.290284989850449 -0.116250472305593 0.144854119313255
-0.245686215998467 0.277787624039895 -0.0705424468931307 0.126166678194484
-0.289423558809746 0.221467901532053 0.0436807247325524 -0.119475545345125
-0.202981835507321 0.294779460594214 0.200225294704863 -0.0833633454585261
0.0359506906120377 0.355187523979064 0.166435714750421 -0.26777738158352
0.251853913733048 0.234989203316806 -0.0318989763451793 -0.313036672756153
0.259607835287861 -0.00794600155190849 -0.178640104191552 -0.137401122778327
0.177590086430717 -0.115646148127237 -0.150055865271984 -0.0120258408708618
0.0988631887617669 -0.200426475825855 -0.0727718944602387 0.0520934951810799
0.0422056819703484 -0.208016736089052 -0.00512683715340934 0.0190244162289851
0.0347183054739542 -0.208109441812468 0.0361991209211958 0.00703184584131698
0.111885492032362 -0.164889919861392 0.0674253805911286 0.0166210630812796
0.179546080761542 -0.105222252413538 0.105299058530568 0.0719559084822138
0.272669766798128 0.0536526903307361 0.0642215588810645 0.139398895929155
0.185688076463735 0.232260928409473 -0.0480269195662544 0.156463755703522
-0.0533259046083789 0.296307836082225 -0.0814778674331828 0.115469006358163
-0.267349848035834 0.271143168245836 0.0150342539147159 0.0675684269027228
-0.288200798939981 0.165000459895492 0.16832981226597 -0.151782268502855
-0.242984167162106 0.251255450088056 0.272014230449691 -0.0988894044576046
-0.0226800977938418 0.349060063564804 0.223994872011819 -0.234067600896426
0.214093058632185 0.262498868876087 0.0469078583050571 -0.290549717587305
0.254821256267907 0.0186880771386805 -0.0941389509913806 -0.156082164385025
0.178920920602295 -0.100956247773115 -0.0800276755867025 -0.069124736961913
0.107382177495399 -0.188064983265662 -0.03705137272039 -0.0213217634757842
0.0484795544563569 -0.200457392431789 0.0134216759486522 -0.0478734425419877
0.0370697158580622 -0.201564632936218 0.0528932694093589 -0.0617121325998289
0.105253599087233 -0.160465013535015 0.0947142846047329 -0.0442172297206421
0.168118536271105 -0.100538306526496 0.143847543652667 0.0292604325988574
0.251300539870818 0.0560383223363545 0.102432031989633 0.116286821181856
0.159819048110572 0.221838543614817 -0.014247234861437 0.144429915264773
-0.0670324283899744 0.263008910749679 -0.0578834422713889 0.081045481349795
-0.259786848880574 0.22204455624372 0.0891456531584744 0.0102456737191131
-0.226927212076663 0.0882297485745161 0.268588659943098 -0.162317160458392
-0.219242573106472 0.162108288808531 0.320466160988223 -0.100773610050746
-0.0575127598746206 0.267510346161967 0.253131828280213 -0.180218895736706
0.142219857673478 0.223730530899575 0.106786807485627 -0.240435945793805
0.197788656971406 0.030731195773379 -0.013633790746165 -0.158305993585835
0.142767125258159 -0.0730277241245017 -0.0128897717485427 -0.112024687069379
0.0913638748163865 -0.148985530301427 -0.00181792187886292 -0.0863581226509913
0.0451309508595022 -0.163899771962633 0.0293439721433038 -0.105064880016089
0.0351753881219864 -0.166472047549587 0.0684000768299975 -0.121163555474231
0.0897852681687778 -0.134282265615699 0.120013578632009 -0.0947615477255344
0.142336198053874 -0.0786779324420112 0.176557747426767 -0.00254303514610881
0.20213936858142 0.0610817242752381 0.128734814719856 0.102481145963116
0.110087475790898 0.192958339653541 0.00937964145767888 0.135595514800797
-0.085123734900341 0.201398642730264 -0.0415819001640843 0.0513586024930809
-0.225803422391542 0.1420082172476 0.149804810144104 -0.0351004414344786
-0.121426510856005 0.000656058609221299 0.319313218039239 -0.159439605903186
-0.142637219845629 0.0554514256091488 0.328885078452495 -0.105245842190107
-0.0579845924473969 0.140428644934536 0.251429092655804 -0.134639653528695
0.0645815598009679 0.135815962883557 0.136065075398603 -0.193750850456584
0.111767826055667 0.0242460960595374 0.0406879658646322 -0.155804680513766
0.0816433387950641 -0.0403977446738105 0.0325609360031625 -0.140010179296577
0.058398232558443 -0.0866921611216722 0.023030159557928 -0.134447268453524
0.034231244044823 -0.102368069166586 0.0403013026496427 -0.1458962201957
0.0289786318151838 -0.106913565426308 0.0835609309092765 -0.163924108330478
0.0659508584806656 -0.0912118243724778 0.145315730255187 -0.125912318675811
0.103839319756911 -0.047192291695046 0.205562425764654 -0.0159173507455526
0.133773971241648 0.0608032434250372 0.14745260879307 0.104393126435783
0.0489518032549829 0.14411372909584 0.0229905341038728 0.138311851567703
-0.0927471300159561 0.118035989903742 -0.0308556557268856 0.0306882528333083
-0.164930380555982 0.0430015773921435 0.193856889145127 -0.0618000647689771
0.0515427826140106 0.0441400208556025 -0.204854419021811 0.127990424231022
0.0528649579807223 -0.039479088556433 0.0295676042000585 0.0412032369326158
0.00704553102013225 -0.069556466517329 -0.00982274507945996 -0.157349833472276
-0.0484248691167752 -0.0331373440160393 -0.160823373107491 -0.131933615423319
-0.0383854229246943 0.0151502824294925 -0.240477512598644 0.0177760558278777
-0.016489589374374 0.0248265338497525 -0.185656971448435 0.166385034704555
-0.0228472504264727 0.0259443769029265 -0.0837002905287008 0.204202210953644
-0.0202258919287878 0.0203880326831987 -0.0291363204831772 0.183171250371645
-0.0204934287049195 0.00813618911803365 -0.0172704362295693 0.175298670783617
-0.0174277037065715 -0.0125358272152659 -0.0310550178044282 0.17488070945122
-0.0109254965723762 -0.0319094046113567 -0.0582485530037321 0.165944832673162
0.027932020134221 -0.0436213329601801 -0.132449631193046 0.158538728461889
0.0705592111267985 -0.0174661360713672 -0.223647236418074 0.132157888410087
0.0554950156079715 0.048118043729916 -0.255595294386865 0.116234937333763
0.0234767004349345 0.0834641200835114 -0.279810554579161 0.187209382989906
-0.0330596471797227 0.143732472878627 -0.201651521542996 0.0785767165634023
0.0305088975767757 0.0752892026330913 0.0338345574078921 0.019408212168678
0.064641564233119 0.0291887667952909 -0.00305028763890269 -0.192882929161223
0.0530490413853105 -0.000822119109565724 -0.172614224275234 -0.1749980766921
0.0332057070055895 -0.0206345605121816 -0.263185076736927 0.000183327648811507
0.0253799485915867 -0.033426588874271 -0.20529899514314 0.158494441830079
-0.00418374086665852 -0.0549392274726074 -0.0916838489176244 0.204758225908949
-0.0110143726273129 -0.0592686734731434 -0.0265429983883166 0.173991006647891
6.67552216464858E-05 -0.0681555484758523 -0.0069177248584037 0.165262387045483
0.0406796305357155 -0.0626645252109128 -0.0151224145386756 0.161875232953894
0.0700358668776825 -0.0442372247594031 -0.0314492985240205 0.160027333406285
0.116864536440958 0.0178130544163683 -0.0937302525705231 0.161980240231177
0.09595359396161 0.0932840654707393 -0.185154457130992 0.146309762580537
-0.00677114076521919 0.150934166028183 -0.207438227172227 0.144854155534739
-0.0905244735380359 0.171351587798947 -0.22752441633747 0.192627394334276
-0.12676700750589 0.217063761757778 -0.15932829870655 0.0128532452548474
-0.0230812048037882 0.188563131082607 0.0635068781757495 -0.0163554975651691
0.101623492622959 0.149696565093628 0.0251347103921792 -0.236521765176565
0.158687537909386 0.0567844471585975 -0.164464957378047 -0.230104703174257
0.119308782300353 -0.0449168596241343 -0.268074675388227 -0.0342138849399213
0.0783842156421102 -0.0852378620333156 -0.210496942649191 0.123409239761083
0.0231883465558243 -0.128000496718541 -0.0933494425577655 0.176843379290145
-0.000763403949636672 -0.130015071248549 -0.0216217255459389 0.139356264200804
0.0112173316032113 -0.135417621314821 0.00891179347510671 0.127705944147206
0.0785359673573784 -0.112895914670552 0.0135114618996987 0.127719579388342
0.129059295324403 -0.0718411371743834 0.0160576394665377 0.142694298175293
0.199534504102903 0.0401724910585176 -0.0368288799946604 0.165465636112167
0.144103782592959 0.16908042402547 -0.13435041416768 0.163056865648178
-0.0289692562995312 0.237000645391629 -0.151896371327133 0.158243565753468
-0.172263184593127 0.246636476727126 -0.147425000151571 0.17345479513561
-0.211293042697568 0.250854149242485 -0.0783571295125734 -0.0571907213731843
-0.0987937385589909 0.274794713298169 0.117423189011025 -0.0586253020219725
0.10357751528329 0.267499902493124 0.0768560651907777 -0.270268699964432
0.240246329790108 0.134638188060491 -0.125959912404446 -0.280555490364902
0.201864527228932 -0.0486345380064186 -0.24353284259626 -0.0788784222747586
0.129872864370023 -0.119958878646837 -0.192297033132998 0.0668231378778219
0.0537050286880392 -0.18038059857478 -0.0847664562948493 0.123499555035137
0.0107828245202822 -0.181793434193866 -0.0143685096752637 0.0837113653622352
0.0147885946679239 -0.182781671497589 0.023903735856069 0.0701800714314894
0.0941857527127529 -0.151199579552566 0.042862393450487 0.0742563341213177
0.160055291949356 -0.100908881273964 0.0660556589291748 0.107165757568647
0.254991663275998 0.0371847215571156 0.0229678890374089 0.154208076492082
0.186948950497639 0.2052456307249 -0.0812688680995603 0.167539651874218
-0.0302828777218497 0.286072305240224 -0.104986513089823 0.146341885524357
-0.221648528260798 0.285221503771152 -0.0622617051368802 0.124762943981261
-0.270513776340682 0.231145161087378 0.0364832363644972 -0.118688112466135
-0.182309419216484 0.29896545862562 0.189877803478796 -0.0905043325135864
0.0563158290474911 0.3434987859399 0.148527384540021 -0.270396337486649
0.261200118659443 0.212731000457629 -0.0489207377754933 -0.303606081779754
0.251653242147061 -0.0228712469068323 -0.179777366884117 -0.124869749932578
0.166722944228639 -0.124308894806585 -0.146822009436471 -0.00331250585594386
0.0823036770594822 -0.200956278536874 -0.0659411780110685 0.0524731179809931
0.0248323568841279 -0.204918171709246 -0.00428035141228177 0.0181750559445239
0.0201969743767586 -0.203890286157536 0.0361209357409368 0.00359856661506952
0.0979934982711216 -0.167693796744986 0.0669220448438421 0.0126763241791961
0.168216436696189 -0.113385874524267 0.107853688123367 0.0623438220191755
0.269591931528556 0.033930797355631 0.0704326137988179 0.131134327157458
0.195387107197977 0.21396642824408 -0.0389446186687724 0.158055295637447
-0.0356221878918921 0.291404342108792 -0.0734485087379479 0.117526565423386
-0.243209183240606 0.280221197657484 0.0176015705439211 0.0631939824312439
-0.271740803389038 0.176877109295847 0.155772087493247 -0.156525751723868
-0.222672099380192 0.258766224852073 0.259538900790354 -0.109595219885307
-0.000792581278757582 0.341317428069965 0.207127112856657 -0.239718081621412
0.225564407685945 0.241991349954113 0.0283451903216575 -0.285198598677967
0.247898094871048 0.00338857696367649 -0.0984235943936364 -0.147145292368271
0.167820890324664 -0.109855485227826 -0.0835340197432037 -0.0634649541424513
0.0902180814757822 -0.189595268352601 -0.0365079889142878 -0.0203590692620817
0.0317900318143473 -0.198192222141688 0.0093739932387471 -0.0472073293615053
0.0220464600388205 -0.19749194197721 0.0477867057139845 -0.0633846486293276
0.0911097645365312 -0.162680719610702 0.0893211949001921 -0.0473219160904991
0.157414490525031 -0.107313439073122 0.142374598127791 0.0186023815243904
0.248398017332018 0.0374900795381979 0.106768178236762 0.107055468548556
0.169561970987075 0.204441853991842 -0.00614241740942692 0.143977850694878
-0.051045175650891 0.259116257115888 -0.0527977316956383 0.0829768765476636
-0.237801382326378 0.232335727572359 0.086392479628205 0.00344870259281228
-0.216221938185755 0.0990385893375685 0.254288204589456 -0.171984440419399
-0.204614414060442 0.170872273279111 0.305657564776161 -0.11483716828073
-0.0406863676156343 0.263462620273706 0.238214806069001 -0.188943566835359
0.152643940171975 0.208292292008589 0.0902051513654973 -0.240104871836878
0.193725595445024 0.0182147298994543 -0.0202850276336227 -0.153378616647041
0.134803464360007 -0.0796506432177564 -0.0217088641010339 -0.109611117982178
0.0769197622758202 -0.149419993993457 -0.00624568563391162 -0.0849321924032247
0.0315791491116186 -0.162274422993728 0.0217964720238312 -0.103901669718289
0.0230405755890409 -0.16294747400456 0.0583022851514353 -0.121506084135552
0.0773964396534276 -0.136509495318728 0.109990022144626 -0.0984325039522166
0.133903095346081 -0.08467362096214 0.171819858155258 -0.0134494566720438
0.200627718148616 0.0459290882391572 0.13208502836724 0.0920967910006453
0.118834428733664 0.179782906193443 0.0162850143193015 0.13373927885304
-0.0710466042594892 0.199980903585032 -0.0385971309428148 0.0529427016044454
-0.209544515888498 0.151733153717451 0.142480369365112 -0.0434462454173246
-0.118382122666591 0.00857219733688821 0.305467435752368 -0.172086906134197
-0.136449961303219 0.0629635496183003 0.31436700655952 -0.119348636546996
-0.048309092755162 0.140033734953618 0.238482529209623 -0.143383830669923
0.0710551457455972 0.127643976267806 0.121297564988216 -0.195038040597584
0.108872628906341 0.0171804012934694 0.0316848762231925 -0.153128694777506
0.0769838466241467 -0.0432265546830103 0.0210330197281766 -0.139594261894395
0.0499846092735444 -0.0871918665594756 0.0135429758605436 -0.132145385697102
0.0252966043573021 -0.10155655649173 0.0304687078691134 -0.143881726658661
0.0213900130989422 -0.105339807908464 0.0703098873790868 -0.163291120869954
0.0578063834264068 -0.092643840106202 0.132915269239402 -0.129332999343203
0.0977831520425275 -0.0519695205458503 0.199340486143575 -0.0284264351624849
0.134517135696643 0.0501868880624883 0.149291040314254 0.0931160691346391
0.0561755049952495 0.136179307690515 0.0296127030776401 0.135348167160793
-0.0838958140074707 0.119513298846745 -0.0298638913915673 0.0328200948918876
-0.154994122368969 0.0526773693593751 0.184653069167044 -0.0722543685163084
0.0507264335207709 0.042153334314802 -0.191057629870985 0.129437383327375
0.0494223660797714 -0.0378936536979906 0.0315641776057682 0.0379435272157945
0.00491196180531376 -0.0668255220264799 -0.0154073300243262 -0.152041700542835
-0.0468988582980414 -0.0296730678680398 -0.160007662531286 -0.121751455858176
-0.0355475161160627 0.0144465378940268 -0.228908546169133 0.025252465600355
-0.0149564903488555 0.0235319978400212 -0.167981026674914 0.165218999023571
-0.0203752445461268 0.0260382615622625 -0.0704088375565785 0.19731146652056
-0.0188689130469099 0.0200190750984442 -0.0197550384193957 0.175599798771756
-0.0192189828216236 0.00836222935559569 -0.00793508164075714 0.167132700690766
-0.0174002545024897 -0.0111008149112164 -0.0209917728750755 0.168050069163937
-0.0123781477367596 -0.030174822827662 -0.0501269461678341 0.161534269413131
0.0254574591406517 -0.0433294347164737 -0.122293567076742 0.156800707123647
0.0658984481932855 -0.019383948329409 -0.209136803321385 0.134725906747291
0.0534799249906047 0.0462954278855624 -0.240269160151495 0.116689539958156
0.0250546960983545 0.0787405562478438 -0.262969374339855 0.188082559183169
-0.0261630369983206 0.140016606577449 -0.189361061635127 0.0817552744282231
0.0317774775623625 0.0719335632611272 0.0354678388704516 0.0178127376857426
0.0641473811100011 0.025660605982905 -0.00993303081453171 -0.186941043941885
0.0524355620682792 -0.00363340772426476 -0.172003042475105 -0.162708405733733
0.032031511429175 -0.0222218812678317 -0.250534581342874 0.00831577120338313
0.0234891258582556 -0.0345152509069113 -0.18791925826746 0.158067420217635
-0.00651427008697725 -0.0518285488828008 -0.078410633231463 0.197137577077058
-0.0141036844925048 -0.0559073207887132 -0.0185580720423995 0.166408754355296
-0.00373237447960201 -0.0654432134162735 0.00144299075768372 0.156478208690375
0.0362996592162851 -0.0618435718264128 -0.00654569910718537 0.155167361670316
0.0646122342382366 -0.0450598008394172 -0.0238119696605171 0.154042287238835
0.113264265917937 0.0116017777306609 -0.0852210014570777 0.158680114996668
0.0945465089916704 0.0853985980937103 -0.171557136455837 0.147540887221132
-0.0020116275638461 0.146931867949114 -0.193902363880027 0.143085713581066
-0.0805429652399741 0.168160904088903 -0.212342869410459 0.191931164400937
-0.113513664842562 0.213174320964495 -0.151581655860496 0.017794907982955
-0.0154712314603544 0.182254065366271 0.0613579720492532 -0.0169629476271227
0.103918176542344 0.138688627554004 0.0163670541576335 -0.228805319780332
0.155723669723367 0.0472057258112169 -0.166648552614585 -0.215982796972389
0.113068076730707 -0.0481395094816019 -0.256196683876648 -0.0250463751808054
0.0715806620012047 -0.0862117610272766 -0.194793980906684 0.124965402029783
0.015824140939501 -0.122525052855668 -0.0806014463905097 0.169897814854167
-0.008184415536031 -0.124034930883512 -0.0153185795811621 0.13291540012632
0.00407044661225138 -0.12983354414022 0.0149695576021574 0.12017286803071
0.0696250607885766 -0.111159364884554 0.0197844713594447 0.120683070106282
0.120099118351239 -0.0743317114467205 0.0216289731763371 0.135034037281648
0.1938460623129 0.0289238858844397 -0.0301580180096563 0.159254416113872
0.144063766677085 0.155666619631511 -0.122215686275623 0.16277347854539
-0.0198617519655716 0.229123688374432 -0.140320114716775 0.154696226869285
-0.155434432581276 0.243077307095431 -0.136260630210966 0.169762330700551
-0.193408356567681 0.248434956659486 -0.0764943652785098 -0.0517883758382931
-0.0845389672563847 0.267085877363942 0.110915954006549 -0.0587617030852712
0.110538573189624 0.251975165658761 0.0644763829665038 -0.262436042397869
0.236974807755537 0.117209778620682 -0.130915463913906 -0.264997875173022
0.191383004665276 -0.0541157342929985 -0.233989583019444 -0.0687212501388338
0.119473427984532 -0.121068593827117 -0.181359639431933 0.0707214405054602
0.0423904165833433 -0.174515040499049 -0.0752129401758441 0.11800580050195
-0.000241404964788113 -0.17341933462721 -0.0107201341808312 0.0804316261855366
0.00577404546584333 -0.175188118513312 0.0257567545742394 0.0649666845881973
0.0828926139388859 -0.14890711960066 0.0450806449497458 0.0692886029340536
0.148685191313938 -0.103481769995129 0.0681184985429416 0.0993814889938012
0.246895177936758 0.0232626193714791 0.0267849520342923 0.146174110747291
0.186293627903604 0.188574567546852 -0.0715981852797554 0.165332217894856
-0.019235431903882 0.275123187112709 -0.0957545924064487 0.142131082260939
-0.200638515396658 0.281925733685161 -0.0559251959826535 0.120213411345921
-0.25123156311796 0.230914985888414 0.0310627974977957 -0.114130240169596
-0.164212657647939 0.29337004610424 0.17901721636981 -0.091017706046196
0.067702693126932 0.326406950924825 0.134208839350644 -0.265083415837214
0.26006680489323 0.190824204988312 -0.0584946571758348 -0.288847028413671
0.239708778131063 -0.0318190620121646 -0.175134874015754 -0.11461274213737
0.153984903433175 -0.126354912292019 -0.141504041497886 0.00191103908198089
0.0674399174493484 -0.19436147465843 -0.060105766486504 0.0495655802484221
0.0122418119213687 -0.1960686471801 -0.00375182288982515 0.0177932844562043
0.00957591736903451 -0.19447413104119 0.0341620216321926 0.00145759602457165
0.0857091599577725 -0.164182843701126 0.0654107163564834 0.00986301596822028
0.155904945589405 -0.11427593089572 0.106118169275578 0.0550664316199815
0.260133607028425 0.0194609052514432 0.0721906801836333 0.122720476129892
0.195584082762646 0.196313715284812 -0.0313932258643327 0.154289100743359
-0.0240347549812773 0.278957701214905 -0.0663122765749895 0.114153732037416
-0.219333730308173 0.277790978777312 0.0185703080927268 0.058737091632023
-0.253779286448791 0.179695240609645 0.144594309457345 -0.154509335418738
-0.204934029107539 0.256638436782105 0.245243651369014 -0.112128234816527
0.0117483331991126 0.326138465970378 0.190544179562001 -0.235950504871257
0.226350338427881 0.220051843809369 0.0165466101229022 -0.274078499076826
0.236599229746187 -0.00731011212663915 -0.0988282650165372 -0.138599620393731
0.156137603537138 -0.11209816613432 -0.0839206194198925 -0.0581202949908235
0.0766536714135138 -0.184078218315462 -0.0347269790087424 -0.0197499623984104
0.0192193413404416 -0.190214961491878 0.00573069771576046 -0.0455883542153397
0.0120345712454867 -0.189167081902231 0.0427134604697325 -0.06206710365298
0.078808811310691 -0.158783840751025 0.0840872815641714 -0.048081683173968
0.146317030855295 -0.108560833924611 0.137010542456016 0.0114289674116913
0.239985659198185 0.0235488577960115 0.105464392553312 0.0982891697118423
0.169994882397951 0.187379609210383 -0.000724419890524465 0.139878867753303
-0.0396764417195008 0.249084845936679 -0.0483229580388987 0.0819848026627869
-0.216637972691426 0.23111049474446 0.081470917019594 -0.000493356494554654
-0.203459997144682 0.102403545947312 0.238445870882455 -0.173470618227768
-0.190434173951923 0.171631100175609 0.28788001997493 -0.118198626009765
-0.0284117491396174 0.252964173090042 0.222478654876392 -0.188569001630145
0.155172147355502 0.192082770293502 0.0773933724747726 -0.231717081489141
0.184595293983836 0.00989053343184699 -0.0242800332697089 -0.146846754408709
0.12582255279589 -0.0810182960280353 -0.0265252819332381 -0.104436723739165
0.0663794623028391 -0.14564640876086 -0.0100155748722616 -0.0817417014549745
0.0208479623490013 -0.156058332026632 0.0164434306790214 -0.0999917448973066
0.0146216903324563 -0.156528576009912 0.0501426544135855 -0.117409894708752
0.0673329270781406 -0.132903114232961 0.101477729331231 -0.0962994750053094
0.123892667782948 -0.085696961950278 0.163880707730545 -0.0193291671246012
0.194021992304887 0.0340486275995254 0.129572737510364 0.0839257978883758
0.120408343759458 0.165992040338933 0.020027867598989 0.129677399176823
-0.0611888020979948 0.192569288063268 -0.0360383947165151 0.0523796317365397
-0.192039971816656 0.15388603604109 0.134055124033664 -0.0478397335914955
-0.113058330423606 0.0131772389744907 0.287766493808537 -0.175701346892027
-0.128298616604431 0.0655945376861864 0.296777888771697 -0.123352019761383
-0.0403117512955563 0.13454877247488 0.224114765014807 -0.144571505239035
0.0731731019589095 0.119015590925577 0.109191125807046 -0.1895383004573
0.103454600738622 0.0123568265281651 0.0249384267773448 -0.14787892932534
0.0719305634987332 -0.0436206992126546 0.0134470906253464 -0.134466438158054
0.0435614147320907 -0.0843566904024327 0.0078946720268808 -0.126786724151981
0.0182554531740243 -0.0980493742771289 0.022663785667917 -0.137379690926248
0.0159902315066572 -0.101190467507321 0.0596979247468438 -0.157448156018133
0.0501248674984525 -0.0904659172638674 0.121230165554359 -0.127051091231597
0.0909737915088299 -0.0532620860956427 0.189517556667339 -0.0342431316941719
0.130422460084673 0.0415086232647927 0.146327690678184 0.0844304518782906
0.0585272578859892 0.126470972229035 0.0329517149314384 0.129553460046138
-0.0756038612974483 0.116264526313111 -0.0287033468996658 0.0330187193436243
-0.144177055325285 0.0562713085906044 0.172297156151725 -0.075589570795706
0.0500670847451263 0.041818322093236 -0.18216679824333 0.126035786167153
0.0475524645074027 -0.0358736548953134 0.0325903740776105 0.0352320174405955
0.00439966022751547 -0.0646492320667325 -0.0171175839177525 -0.147572973658318
-0.0448959100214762 -0.0282071680028087 -0.156160605383625 -0.115674915533336
-0.0337732848357063 0.013299952384886 -0.220127766126376 0.026293451677978
-0.0137547341306049 0.0216801303442102 -0.156882627744969 0.160358655173661
-0.0186168572588892 0.0257370825927753 -0.0637648857142067 0.189711043855754
-0.0173697832731232 0.0199309225866945 -0.0168331717840925 0.168922348861819
-0.0180010227031483 0.00782037077456475 -0.00433875297874402 0.159518672996693
-0.0167084561408113 -0.0110248895354651 -0.0169701774331969 0.161652321918822
-0.0124223098794598 -0.0282213323439041 -0.0464601791511021 0.156584764206773
0.0245051593426075 -0.0422659945491458 -0.116660315634067 0.152925917445837
0.0623285098616111 -0.0191154012616068 -0.199754241406003 0.131497663031204
0.0511926153657003 0.04566718691714 -0.231262848796912 0.111494346396371
0.0248924039567038 0.0756296895428254 -0.253361108042235 0.183763603393125
-0.0233696464288894 0.135740899846861 -0.182975897030563 0.0803020048246173
0.0320596753344242 0.0696982900115124 0.0355650004074111 0.0166224556968614
0.062989848419998 0.0232993079315347 -0.0118554968818028 -0.18148206204096
0.0517798384348747 -0.0053484343480513 -0.168418665264843 -0.155778163199279
0.0308428574218334 -0.0229416843506302 -0.240693306651354 0.00976203947137479
0.0218746202557595 -0.0349050107009662 -0.176407882502655 0.154145029543973
-0.00712344807897689 -0.0492019732937203 -0.071039769666848 0.188467987183404
-0.0156229288550623 -0.0531046906293853 -0.0156626850945212 0.159516718558922
-0.00448089032385589 -0.0634155985443522 0.00460670113084214 0.148322689114947
0.0340141331785905 -0.0603790632714212 -0.00286175021552563 0.148450705709147
0.0611116626015904 -0.0441298351636617 -0.0211499929207501 0.148844072314986
0.109767131380192 0.00834704191984714 -0.0816290490330614 0.15440750243158
0.0918164137832723 0.0817286921263265 -0.163563500092898 0.143563888749304
-0.000842637507544794 0.143395274203356 -0.185308892883068 0.136605035962162
-0.075654227968138 0.162910457442811 -0.204251424737104 0.186871229839871
-0.106893432644143 0.206258485966533 -0.147005305032167 0.0188537611418709
-0.0133056111062762 0.176475563313312 0.060419212617091 -0.0158823052180258
0.103181385633818 0.132556506669455 0.0124872263271883 -0.222221700846592
0.151766364712982 0.0418382789074857 -0.163601243637908 -0.206803363696618
0.108961467774297 -0.0489246854131622 -0.246605725084594 -0.0237352683006791
0.0675785078189296 -0.0856710745196181 -0.185029254421176 0.122730309942612
0.0127390882826025 -0.117381083967622 -0.0747474198713024 0.161844019354157
-0.0118748060875225 -0.118681186985785 -0.0127702960266806 0.127357642908406
0.00112026399117208 -0.124792537205636 0.016934971714405 0.113714879375188
0.0647681731954513 -0.108204966752427 0.0217119917970065 0.115378635215154
0.114769950382174 -0.0730837674857771 0.0224041795115344 0.129782225054926
0.18787757651315 0.0235045838124913 -0.028280019566776 0.154349931399163
0.140453007067037 0.147815306674172 -0.115898028619931 0.159647892493513
-0.0173990629065972 0.222651258238776 -0.133509297270775 0.148775004514347
-0.146399517657926 0.236543371750848 -0.130968157115694 0.163945898029488
-0.183972761856262 0.241283905952832 -0.0743793257934396 -0.0489181595599659
-0.0796378256541721 0.259084782616622 0.107982061419524 -0.0562452180667749
0.110872938770062 0.24129160480059 0.0598270777055656 -0.255028726621536
0.231857753862387 0.108225831770369 -0.130305993771803 -0.254603922418626
0.183804951066186 -0.0551873507248126 -0.225743818260035 -0.0656768676538849
0.113420627956094 -0.120154238659821 -0.173373012978096 0.0705722657545822
0.0367194735112086 -0.16736997634047 -0.0701343089526939 0.111418833316826
-0.00546325832790534 -0.165943517821625 -0.00957002793032547 0.0768198243476048
0.00181544421904608 -0.167905397170482 0.0259508252181924 0.0606935577238216
0.0772547735709966 -0.144569318306202 0.0451556619406352 0.0658577181851165
0.141044312469637 -0.101788448787779 0.0674207328620092 0.0940687326442337
0.23838308456798 0.0163177930779741 0.0263081189428633 0.140968608219754
0.182307785262117 0.178116800298595 -0.0668305251818557 0.161368883444509
-0.0160613339714061 0.265995956943218 -0.0909454127022365 0.137101429245423
-0.188963771408513 0.275988474380073 -0.053799194489776 0.114991281060233
-0.239997273247503 0.225527597390439 0.0292611534736811 -0.109928484019805
-0.155695155022084 0.285584579022405 0.172775206192674 -0.0880626086148743
0.0697289650871484 0.314070581662977 0.126801783278708 -0.257863682033258
0.254996944868274 0.17828254107081 -0.0600609008271063 -0.278268663617136
0.230145800873636 -0.0339529402411237 -0.169391654805428 -0.110711129044543
0.146724162224901 -0.125106962806077 -0.136795524486617 0.00373192170345428
0.0609385871092614 -0.187354167484299 -0.0570345416837688 0.046274706254838
0.00573259440640843 -0.187639767155105 -0.0039177966729244 0.0166086289746892
0.00538965314519827 -0.187226126553111 0.0327995294584757 0.000247061455134632
0.0793437973975402 -0.158889911187723 0.0635734273627448 0.00835676226770876
0.14875517319815 -0.11294851288042 0.102831713276701 0.0512089621442617
0.250441385562494 0.0127395195182522 0.0704404205397033 0.117993145207598
0.190658234209379 0.185354822234076 -0.0282089791577312 0.151043302612376
-0.0206328423443524 0.269133112908013 -0.0638300040252522 0.109910878248512
-0.206344995516665 0.269409016281443 0.01724638869941 0.0548304886439398
-0.243270109547618 0.175991400749822 0.138900107861804 -0.15023251687401
-0.195447211807495 0.250276532726853 0.23459100331868 -0.108615723875897
0.0160040378886281 0.31423971405224 0.18256747413624 -0.229696832714073
0.221951133285753 0.208236614834857 0.0128539260314112 -0.263498330487409
0.226771893693693 -0.00959080119782805 -0.0954682019454766 -0.133961998300836
0.148947276462084 -0.110468500166429 -0.0826194029485881 -0.0548393754579169
0.0691674301618894 -0.17711051281778 -0.0333919122460795 -0.0208840760149846
0.0126202835953427 -0.182626478767034 0.00517422084811799 -0.0436711834537484
0.00772772058440618 -0.180780884313406 0.0394519095460758 -0.0601056673437985
0.0735081729011942 -0.152942964763735 0.0801682146307956 -0.046832709350136
0.138860372463441 -0.106688115638617 0.132061654299437 0.00945107857651877
0.230821873926587 0.0174739827452236 0.102823157812979 0.0939995581594287
0.166769045579032 0.176780919129882 0.000904341162158761 0.13745523318124
-0.0356254339641787 0.240284286899891 -0.0458450761202183 0.0795156245141693
-0.203472088358987 0.22531437006809 0.0779502217432294 -0.00216394899557435
-0.195189121522461 0.102586015114948 0.229019619052793 -0.1696559145579
-0.181744113784112 0.168661624728405 0.276334536073105 -0.115278662929472
-0.0245053970592159 0.243655867912971 0.213456331805649 -0.18393962662442
0.151903719784052 0.181456657815466 0.0718576114613017 -0.223398184088669
0.177317196818416 0.00754534041370391 -0.0238652473694432 -0.141724319315806
0.119722715656654 -0.0800249613514145 -0.0283002349286979 -0.10023520805285
0.0602069340219833 -0.140197029029961 -0.0105312216349415 -0.0796806288677762
0.0150834137574698 -0.14966129707292 0.0142648353104327 -0.0953678000127632
0.0108225211877012 -0.149983157967113 0.04599327333321 -0.112590377631169
0.0622507762056707 -0.128023300680362 0.0961589251549776 -0.0929146726447491
0.118320709066891 -0.0843158060919083 0.157200990307258 -0.0213887694290819
0.187392412349394 0.0287000741563517 0.125220173324954 0.0788524363311148
0.117364105439792 0.156516256095216 0.0205621131107537 0.126726270992554
-0.056932143535224 0.185520599199976 -0.0352501129158577 0.0520305583449941
-0.180947856837725 0.150172618544258 0.127713425319344 -0.0478113531972489
-0.108458604709686 0.0148823829461265 0.277999463361109 -0.171216471275814
-0.122476065189994 0.0652262748684601 0.284788127721056 -0.120385900181603
-0.0386015027579837 0.130345809107891 0.217112760024381 -0.140994521798559
0.0717963424948012 0.112837609817593 0.102765710281487 -0.182782469029887
0.098511753784124 0.0114214135966885 0.0231315364799884 -0.142977832007263
0.0682534481696089 -0.042260834804363 0.00994776704043617 -0.129621824339787
0.0398754904513593 -0.0812736257210749 0.0055452374015214 -0.122582267380308
0.0145249754208332 -0.0944738765154068 0.0208067913420553 -0.131536514241746
0.0131309570590232 -0.0971610996405893 0.0546573552507365 -0.150978897434978
0.0461332029836308 -0.0875591244518164 0.114614917076879 -0.12218619166388
0.0863119738992784 -0.0524101314275249 0.181565008370552 -0.035458359286617
0.126399375285552 0.0366764852567514 0.141456510712293 0.0803762451099906
0.0578515827046368 0.119596559044736 0.0321582887598966 0.125949723025463
-0.0715802236115474 0.111872325253916 -0.0290076753450893 0.0332469189145835
-0.136478262561009 0.0552160263991593 0.164782543758533 -0.075124079456054
0.0543286857524454 0.0313389991340818 -0.159758041561078 0.165769771454194
0.0391624435585017 -0.041978191666046 0.0434002585480602 0.0297468884635553
-0.00836553628286503 -0.0623021710100055 -0.0419416390135488 -0.146514693629527
-0.0502074257174022 -0.0177789554914274 -0.175393393300724 -0.0917137939096324
-0.0309288328015647 0.020283852561094 -0.214586389929946 0.0660515283684121
-0.00741231443241848 0.0241678785365593 -0.126084401411801 0.185078945338164
-0.0111769892604804 0.0294659423088046 -0.0310330551656052 0.193861596413136
-0.0127288021685149 0.0229214818041455 0.0149427461731263 0.166242920658585
-0.0157265158561004 0.0117157130128827 0.0266354426992873 0.157922498391318
-0.0185635144411558 -0.0063212556551943 0.0164543396970541 0.164211854375278
-0.0179095589030239 -0.0223611511961643 -0.0150601803755264 0.165093346424473
0.0125546877039533 -0.0444534417396141 -0.0867741257226885 0.177899274880627
0.0511702275269091 -0.029160267544063 -0.172161256892152 0.172301031767976
0.0552610455858711 0.0345272800149019 -0.212167065997965 0.155146561705877
0.0330042885560466 0.0698494770018046 -0.223416280995188 0.227326348290359
0.00247374080838878 0.132291354948446 -0.175658539579808 0.120584667115333
0.0437832129529338 0.0606006509310209 0.0385759908702752 0.0127451213825577
0.0631253515950227 0.00842979220040045 -0.0453244333912875 -0.172690540888126
0.0441192814954448 -0.0162226899815434 -0.194022162888325 -0.120362694125429
0.0232521280304912 -0.0253854577321996 -0.233081615484459 0.054203841594421
0.0159964014347684 -0.0356741355784683 -0.142489740728251 0.182604424246371
-0.0158623834310317 -0.0430127317682867 -0.0322862666230793 0.192907216585199
-0.024327216710265 -0.0464752554810313 0.0147335393688206 0.156954604958428
-0.0153330087472525 -0.0577135132478973 0.0331452266135712 0.145525648526248
0.0209396546208584 -0.0630948166312064 0.0278188794252419 0.149888050719751
0.0491150064380975 -0.0498720079177603 0.00892985185328526 0.15350440019122
0.103086057780557 -0.011845152870339 -0.0527917821772975 0.172953348003382
0.097499552162336 0.0606152294609971 -0.137870310440764 0.178789728468706
0.0231719752169912 0.139320805763343 -0.162493752076418 0.165176949147621
-0.0466011997032654 0.174551183456923 -0.171807492423223 0.212774540184942
-0.0637144846871081 0.212548577978626 -0.158313661561338 0.0504635569246985
0.0220513824190726 0.169147237081926 0.0518240203277542 -0.0222465212235815
0.122188760716535 0.102676245359846 -0.0326636409224953 -0.210164128942161
0.147917841510129 0.00616620590862497 -0.198855430846897 -0.163634769227426
0.0919118784626012 -0.0648323125283786 -0.240951799968236 0.0255953763977567
0.0492673703518877 -0.0924882773184792 -0.153193105487526 0.153961221230893
-0.0118000170313391 -0.110832604895196 -0.0347257053336563 0.167037833132331
-0.03280388290756 -0.109084090034188 0.0113136942543157 0.125237746697341
-0.0211234385105008 -0.117093642724465 0.0378843643098685 0.109656102409606
0.0425920241291628 -0.113943033709262 0.0459790384710117 0.113430176659646
0.0939763854930097 -0.0871241464249709 0.0486653029712719 0.126239864906292
0.180887259925977 -0.0123776386726322 -0.000497486654598932 0.163448484152232
0.156625072107842 0.113871351298274 -0.0910406188264454 0.185996398153938
0.023017304928295 0.218379704592863 -0.110171353214724 0.162977504584305
-0.0994983274254524 0.2585676711243 -0.101920283491342 0.170745986758405
-0.129584662918421 0.257566868279932 -0.102522524520069 -0.0331054750647832
-0.0266569689907428 0.260064742851081 0.0858930054858864 -0.0709701270965999
0.149789498185339 0.202890979307521 0.00146756198627482 -0.245237739220348
0.235891027087373 0.0518829102768052 -0.1765420859397 -0.208077240337041
0.16146374778693 -0.0853475012354269 -0.224159420612749 -0.0179472139069045
0.0860720509939485 -0.133165950954987 -0.148506626493198 0.101265595522006
0.000149518181066836 -0.163020040596262 -0.0355222691060235 0.118406293162131
-0.0357766579390657 -0.155120480982076 0.00567815230338097 0.0762472182226988
-0.0285621066038375 -0.158628868720195 0.037044942188263 0.0566590556897427
0.0474568042986088 -0.150367669249748 0.0598809897385004 0.0602676811579343
0.115315029677035 -0.118398991649425 0.0861665948061198 0.0823188754083633
0.22741342386129 -0.0274300234908679 0.0513742371779868 0.140601950931809
0.201905774423626 0.134944870853621 -0.0435795286423023 0.181090699656349
0.0333440158078373 0.260405755495026 -0.0712565067146267 0.141357956666039
-0.131500213830685 0.303393833332259 -0.033712264658063 0.104649021188825
-0.184376973907155 0.252236944370744 -0.0107594348606652 -0.116993998531207
-0.0941016417150252 0.298057031696497 0.14138740919175 -0.116297199326963
0.125993052584942 0.278398520817557 0.0610190227294792 -0.259296053841118
0.272551253651998 0.111947479477779 -0.115357378043268 -0.239081013513092
0.209415607939889 -0.0751413339019008 -0.175302129959916 -0.0685258627530742
0.115807177942792 -0.144604514570991 -0.1240600324875 0.0310389933465164
0.0183786005702439 -0.187286027749618 -0.0323551516669267 0.0537074832184223
-0.0290545434503626 -0.178417468383665 0.000230882972488341 0.0167057042757066
-0.0288100342018814 -0.17763079707333 0.0314896940690946 -0.00391771942633333
0.0475672460233395 -0.164860811650471 0.0671142843220259 7.70840895051283E-05
0.120365787815578 -0.130229602640239 0.113657616379086 0.0324127073617931
0.239723976681117 -0.0328786972061513 0.089738811239351 0.108598059715252
0.211601214231568 0.139839604161818 -0.00709689243692284 0.164156719064051
0.0301769354589887 0.263531158274932 -0.0484427426738216 0.109409441563015
-0.147259838152027 0.300935384218858 0.0270305829956524 0.0311261052161599
-0.195512605878837 0.206919684169199 0.094182822189721 -0.180604891492792
-0.138235057578131 0.272241283756386 0.200140352185656 -0.150669420141391
0.0754512693349208 0.289139991427926 0.119229249461297 -0.245134829782445
0.247741378079991 0.146179141252995 -0.0433348626283104 -0.239346406567174
0.211072357221029 -0.0517967823052534 -0.10741856765657 -0.104717719089522
0.120490499469116 -0.131455419099574 -0.0819942164901392 -0.0357310783760854
0.0280100373515054 -0.180151980164481 -0.0220776104129315 -0.014454621243633
-0.0215067349590006 -0.174758683417252 -0.00140496500213311 -0.0434244795201034
-0.0253428993467305 -0.172629550828684 0.0269132767283352 -0.063702191875782
0.0428036220102643 -0.158636210831819 0.0721912552256651 -0.0579287999693084
0.112902662191543 -0.122717991955241 0.134282789577501 -0.014584882942218
0.221966755913348 -0.0248077914577849 0.117202848208226 0.0778226978441493
0.186954360864847 0.136459117254744 0.0194748469550249 0.143693170061212
0.0102960941813842 0.23737436129023 -0.0363892396471106 0.0771945688003119
-0.152229190814934 0.257636011667399 0.0783849676288711 -0.0347230263995527
-0.163142721281717 0.129714920766326 0.187822537194099 -0.218172865719994
-0.140057139772016 0.192086008729507 0.245126325697973 -0.167866173126447
0.0245698105041672 0.231098305927632 0.161615862013004 -0.210014303265364
0.178373921600286 0.135384099476458 0.022482638546051 -0.215863271282526
0.166497782626834 -0.0261653745340039 -0.0410084246820699 -0.126586680912496
0.0978029648424016 -0.0975200973809211 -0.0387173813066449 -0.0901750903562433
0.0271061972977912 -0.143660182991485 -0.0128336288304665 -0.0747070340482409
-0.0131743134374375 -0.144642536359274 -0.00248540904345191 -0.0948862273411457
-0.0172515622483976 -0.143900347105534 0.0239541523663008 -0.117016138830567
0.0366587868413785 -0.133846736993602 0.0784993902996669 -0.10682868324056
0.0977912176713448 -0.0983819165886708 0.152208952002547 -0.0503672895931531
0.182606878598302 -0.00579900155278084 0.137740441372001 0.0582807948568398
0.137863493930887 0.126031692583628 0.037486819396515 0.126569119784828
-0.0200093922395862 0.188723847337621 -0.0278935718838821 0.0493281087834352
-0.143389240940807 0.178317559286088 0.120680977066994 -0.0848958614520073
-0.096930147346876 0.0330344423303123 0.24380274688016 -0.229678666052209
-0.103493774386789 0.082665443961485 0.257254546921489 -0.17482972787686
-0.0106512908104117 0.127628519881569 0.179702968400992 -0.173965736150919
0.0887573270829345 0.0883660354088225 0.0638484867339941 -0.189030886514417
0.0928934749346573 -0.00799895459052878 0.00120051793673209 -0.140410220105267
0.0561501603679984 -0.0523806796723801 -0.0110704161286916 -0.127425017999976
0.0197517218553678 -0.0844836504386955 -0.00957705206078804 -0.118521680452957
-0.00422498329748452 -0.0923594178953333 -0.00269855080774307 -0.131701658704671
-0.00522777533448308 -0.0954348563703546 0.0248797852365341 -0.155847961027983
0.0294195929861792 -0.0917791384902487 0.090752713535321 -0.140418831047673
0.0741606724146409 -0.0634745293851652 0.17321231514087 -0.0693698466146249
0.126717716174692 0.0135258442424635 0.154251436968338 0.0537719186083574
0.0745644446205112 0.102750191122717 0.0516120288566035 0.122122096224865
-0.0478014284242325 0.121046519485894 -0.022627318228616 0.0329330591254762
-0.118319334905197 0.0788881496778325 0.153292292610085 -0.112210715998724
0.0562408292336076 0.0316613811506508 -0.159575266417177 0.16970471001395
0.0398394413430262 -0.041825215166593 0.0455040363776506 0.0288869010435659
-0.00893050834837297 -0.0636335614986215 -0.0451780151939751 -0.147252437789613
-0.0510436210922805 -0.0177866069091091 -0.178535557979429 -0.0904124662059538
-0.0313470884867639 0.0206918111497141 -0.215535737333107 0.0684576145653384
-0.00728505196612228 0.023286422619724 -0.123849571021892 0.187388343812657
-0.0102306467985497 0.0295250157231902 -0.0276370208007717 0.195409275224929
-0.0122906892569559 0.0232295793161899 0.0176911457721052 0.167623911448164
-0.0159995708400425 0.0115092934076058 0.0293347638466409 0.158460014382775
-0.01893410637616 -0.00628539687753135 0.0201925253391823 0.165307056943871
-0.0180965089618352 -0.0217062324516445 -0.013814061074814 0.167570804852548
0.0116311038750179 -0.0450689568796201 -0.0854360250877444 0.181727496457056
0.0509046108052818 -0.0293833900883786 -0.171929257579867 0.174965785222162
0.0567956292432888 0.0360118307324618 -0.214352380645356 0.156419354479559
0.0346474147579322 0.0705153356096136 -0.225209603498294 0.232728441845649
0.00512236124248046 0.134200868721646 -0.176901865092376 0.12369552227868
0.0458221204933942 0.0613868867056429 0.0399680685746384 0.0127235188113426
0.0650526628979911 0.00640983905564478 -0.0490684663718867 -0.174106554149811
0.0447153006904856 -0.0189633944786434 -0.197884607438133 -0.119245681860395
0.023074027801594 -0.0270921307305645 -0.235877078144899 0.0573993380739354
0.0153180873932517 -0.0377713667075336 -0.140571184443667 0.184688671788515
-0.0168575899238048 -0.043190836388852 -0.0300342132032224 0.193454968638456
-0.0261911127508747 -0.045920772325475 0.0169412726303015 0.15848139565007
-0.0173444798211175 -0.0587385965948368 0.0356224566521179 0.145919749673795
0.0201257278112475 -0.0646622387555661 0.0310071275118783 0.14976797973745
0.0487077253951311 -0.0512718988048214 0.0107790077449566 0.155457173333696
0.103624009492477 -0.0147822267572554 -0.0519892947554819 0.177111818397134
0.099225068114126 0.0607888628186319 -0.137903211757795 0.181941894098957
0.0253500024345661 0.14230430310541 -0.164203115419381 0.166776660578511
-0.0447606702756702 0.177160192751971 -0.173470428810404 0.217677020572772
-0.0611981913721821 0.21626196077111 -0.15999420472276 0.0525726671503251
0.0241127836678145 0.17202903628798 0.0526271701753172 -0.0227028651162504
0.125546559329651 0.100915124300003 -0.0366630249916548 -0.211565581113928
0.150246972902694 0.00290151473043216 -0.203748228519301 -0.161996875158202
0.0920784213833151 -0.0677891967429247 -0.244487713285104 0.0278011726192243
0.0479506770262706 -0.0954866659920349 -0.151484768593531 0.157254252635379
-0.0142160365407087 -0.111655714773045 -0.0334170872434839 0.166909526313174
-0.0363309773100635 -0.108241009183516 0.0126715252190355 0.125885432553726
-0.0244683564657305 -0.117628401142593 0.0392610834391329 0.10875775161775
0.0409936314403039 -0.116523644851074 0.0490025270357187 0.112857817124052
0.0939105963646622 -0.0895195165902675 0.0510530548864177 0.12696807437173
0.181659461380135 -0.0167133769506735 0.000358623222285578 0.167504882913337
0.160097474757726 0.113089336536116 -0.0899169605061151 0.189611894881293
0.0262892585919601 0.222025327504254 -0.111724065919552 0.163996358859172
-0.0969523480595878 0.263495984965813 -0.10292712813955 0.173259091061494
-0.127787745194376 0.26267423714138 -0.103979758377129 -0.0322514646770602
-0.0233627119741467 0.264151307479779 0.0874810009694578 -0.0719023916841319
0.155700194652293 0.202409305277483 -0.00274282610208307 -0.247668978027958
0.240317239370998 0.0466378178860086 -0.181856525926837 -0.207780683618104
0.162234476678729 -0.0896765920963663 -0.228373876555247 -0.0156919708822131
0.0838197682419701 -0.137291719454422 -0.14865031814469 0.105049614154358
-0.00306138770518544 -0.163589050555716 -0.0353352617458543 0.117689373832087
-0.0402902128002504 -0.154638676136697 0.0062371680894367 0.0766454498738688
-0.0327206726735807 -0.159248880695981 0.0374615222929243 0.0555888076566275
0.0460642821481356 -0.153316145001359 0.0616479531396737 0.0593270652235484
0.115262473324009 -0.121387687640084 0.0887103171230866 0.0815602476318419
0.229731185881036 -0.0338006236564508 0.052616905811664 0.143183101802828
0.205881221220864 0.133238719225928 -0.0418210648734225 0.184414364252659
0.0364584493091403 0.263309907834872 -0.0714705687835418 0.142982115616812
-0.127866548311427 0.30844359036213 -0.0344267505937105 0.105478076071226
-0.183397296077465 0.258081237723204 -0.0120809368170475 -0.118211879644806
-0.0909676307075086 0.303533525186324 0.141746968107242 -0.118215850191742
0.131876029829313 0.280034235968812 0.0584954283660869 -0.26254941507662
0.277407731499499 0.108091166559237 -0.120018108796209 -0.239678775976033
0.210133510574876 -0.0789950171248053 -0.178580060501919 -0.06815107111393
0.11405483083984 -0.148562723632623 -0.124728981743585 0.0338224798125164
0.0150336355791984 -0.188146127259048 -0.032906665238738 0.0520058081495419
-0.034059304995681 -0.178435471026068 0.000295410199832889 0.0166796312017723
-0.0331563241612051 -0.177898642834802 0.0313622769271922 -0.00489444438319875
0.0451237084103124 -0.167281383027985 0.0679826451720922 -0.000822776625654547
0.119655283963488 -0.133084880909445 0.114985829898825 0.0311396373978109
0.241075395671895 -0.039526913819516 0.0917410098376051 0.109688021412239
0.216056867451305 0.137566457157174 -0.00448770856073218 0.16737601422943
0.0334303921836496 0.266233289353828 -0.0488237091713003 0.111196253822676
-0.144621774054552 0.306847394770147 0.0263790099647459 0.0309164315307032
-0.195189432436738 0.212424136407917 0.0941917781768833 -0.183656695206956
-0.135804078949729 0.278246504786841 0.201016795495153 -0.153370531741796
0.0814232643735708 0.290861241454512 0.117060460141402 -0.24883796097642
0.252933929587074 0.142508607148932 -0.0473038272693912 -0.240223091891915
0.212279102962424 -0.0551857221868186 -0.110793340866405 -0.10514483106562
0.119497980853274 -0.134368081762239 -0.0836597842801134 -0.0336570283373497
0.0250071108818489 -0.180646847828262 -0.023693507774952 -0.0163646436596223
-0.0265867941191778 -0.174429415439237 -0.00235407519231673 -0.0436069555611738
-0.0297353203796026 -0.173037889631392 0.0262193164344595 -0.0645886279923154
0.0403534273765249 -0.16033593671347 0.0724652174589107 -0.0588039970434601
0.111794562884172 -0.125677547961301 0.134691691521331 -0.0163453454985976
0.223342364117555 -0.0298583525716008 0.12008354045702 0.0786075501445985
0.191032224693018 0.134266670962894 0.0218790111967991 0.146316213856614
0.0131817835472368 0.24012858511408 -0.0366633019743123 0.0790683451035218
-0.148719121734014 0.261131563222059 0.0777551585299388 -0.0365451963400042
-0.162958226856894 0.134023456564816 0.188993453212506 -0.222798585649865
-0.138901852661892 0.196622912387481 0.245151403882066 -0.171159382395049
0.0279552905105321 0.233196613703396 0.161492308781644 -0.213455576715882
0.182085123575024 0.133237429789593 0.0209591364599573 -0.216623063572504
0.168031493099879 -0.0286350904445694 -0.0431776774678195 -0.128168298025252
0.0978317150351632 -0.0992221025217863 -0.0411293914825835 -0.0892906343114357
0.0244801086955709 -0.144447775718572 -0.0150827957416963 -0.0765429604223059
-0.0172223064985987 -0.144460641233347 -0.00379235378213884 -0.0962892950125603
-0.0203973044725855 -0.14450103277877 0.0223375887591895 -0.117451675154152
0.0351853944386819 -0.13503864125724 0.0778294404169981 -0.108138936520289
0.0975151884179812 -0.100764013189716 0.152807440626827 -0.0531071739940318
0.184392062275272 -0.0101836827502448 0.139299564634308 0.0577270543143109
0.140661755952804 0.124688381650877 0.0401774219945752 0.129579139461856
-0.0180406469357934 0.190551603917365 -0.028700425119717 0.0513278990214125
-0.14124316941393 0.181717190494154 0.120292188913972 -0.087495119706495
-0.0970231736310957 0.0353461628429311 0.245692664372833 -0.234111198639064
-0.103136153889603 0.0865560782404365 0.258234441606916 -0.177931466428286
-0.00903113163842085 0.12916720262059 0.17998905304722 -0.177549287326429
0.0906941695176898 0.0877593082574216 0.0630310995888081 -0.190376057683969
0.0941803478652238 -0.00889063108951271 0.000143560929366245 -0.14238195473
0.0559878667170526 -0.0523834310913602 -0.0132360245586525 -0.128104064578794
0.0189139872144396 -0.0846170233037364 -0.0115146508646651 -0.119618514300197
-0.0067929081179032 -0.0926064231854024 -0.00399143250542932 -0.13248919769799
-0.00760934353281515 -0.0956646590761145 0.0231065703574774 -0.157121158250314
0.0273538693224563 -0.092766211399246 0.090432393267451 -0.141509017431748
0.0738718389716024 -0.0655052480354399 0.17341055091235 -0.0728034592638242
0.127587978267659 0.0105797223988419 0.156441853403869 0.0535119162954671
0.0761151776068814 0.101900612154632 0.0535620352059101 0.123750048344707
-0.0477550192183485 0.122042135381381 -0.023534428887525 0.0347836288263275
-0.117408723544987 0.0803943685562849 0.153114091715212 -0.116253625124698
0.0600613659699519 0.0298563259108284 -0.155169254663375 0.180094942161002
0.0395162436058018 -0.0436581237500967 0.0481519853153406 0.02763424153568
-0.0118103161828644 -0.065095199873043 -0.052788760735127 -0.146893909035952
-0.0522565948880311 -0.0163951840393687 -0.185386696722522 -0.0838796186827876
-0.0313504394425938 0.0213127939995444 -0.21551314219513 0.0779189311215634
-0.00656833094487014 0.0234992926647029 -0.116486084892349 0.194330694210364
-0.00812092773546888 0.0297377574719283 -0.018554254596653 0.198873306483818
-0.0111253722709743 0.0245920168824943 0.0256691790736655 0.16934470601566
-0.0157169707422411 0.012112974390383 0.0377011487327446 0.158742095243018
-0.0196719185404825 -0.0058069146908989 0.0287217930837727 0.166556262288205
-0.0189816063024776 -0.0208918810871016 -0.00610607277901328 0.172287269386979
0.00952932897125484 -0.0463400697306852 -0.0787237528113176 0.189890263272615
0.0499225003877304 -0.0306141638449974 -0.167325200479927 0.184156104587509
0.059951576726767 0.0355920316862242 -0.213247881162108 0.165880654044529
0.0383540606693059 0.0701082147916728 -0.221525957072609 0.24741291079933
0.0124790831968464 0.135710709150977 -0.175333589701523 0.133478860784297
0.0503328831186881 0.0611604053454016 0.0419133766706666 0.0118334774448635
0.0666950270951927 0.00217761523489211 -0.058181387770331 -0.173224048773193
0.044796784533125 -0.0218393612427737 -0.20718747565609 -0.112506350851301
0.0217247427805942 -0.0297382565667343 -0.237739869581348 0.0677266680669706
0.0130078851881484 -0.0401203123149199 -0.133294105902234 0.193558223543425
-0.0187852990154002 -0.0428771971982501 -0.0220894081277917 0.196945086399431
-0.0293238660029276 -0.0445300144525078 0.0244065653821808 0.159495089834906
-0.0207589482485275 -0.0586298467537891 0.0427606251103915 0.145436896834835
0.0169742594105126 -0.0672377765082308 0.0392107543978839 0.150267323686506
0.0476326053360691 -0.0547091005895181 0.0175837443988108 0.157627963418663
0.105009440839769 -0.0212421247053535 -0.0453379924071733 0.183725522043626
0.102945674548932 0.0576965535151843 -0.132089130630823 0.190146172992417
0.0324565124870799 0.144717501057246 -0.161382360164652 0.173909301939854
-0.0367866646281367 0.182194640048988 -0.169476613320278 0.22893170169477
-0.0515937501349164 0.222267678867291 -0.161322729234178 0.0607854229621084
0.0317318369312617 0.173923980609336 0.0536650847474717 -0.0245495826025535
0.133290035121807 0.0954098337548925 -0.0472479985098394 -0.212145629872212
0.153550419152274 -0.0062056204864128 -0.21522333548715 -0.155654785596923
0.0908754623098346 -0.0742034130759612 -0.247614046987292 0.03825242967763
0.0433706136828693 -0.0999595497527011 -0.145943306664914 0.165989275796922
-0.0197360923032436 -0.112069158171652 -0.0278238707705979 0.170189706856109
-0.0432714109457606 -0.10694047533989 0.0179507722014835 0.127037614571384
-0.0315802643815385 -0.118464743322134 0.0443413343157134 0.107508891176882
0.0354756580297428 -0.12115525900688 0.0552973175172972 0.111926493635472
0.0912958026307791 -0.0952546146278036 0.0577188324374524 0.127245066880552
0.183843869350919 -0.0267787849892702 0.00772279928624832 0.172460025813586
0.167964241268659 0.108298166350485 -0.082796589458083 0.196689386338531
0.0363321823732273 0.225526385035666 -0.107824323958079 0.170784819326223
-0.0851866779726357 0.271711843132653 -0.0992588024803396 0.180853612051252
-0.117641902969509 0.272233596655998 -0.107869283335083 -0.0281990017961707
-0.0120471408430408 0.270036798701402 0.0858385482942428 -0.075580377050951
0.168824962382414 0.197852983085891 -0.0146886605393859 -0.250144133576312
0.24679961925615 0.0344591716435021 -0.194013266832734 -0.202115937378936
0.160979172285847 -0.0997503218284308 -0.233426767522185 -0.00684442474982819
0.078466336465717 -0.14376879589643 -0.144990417516055 0.113633995345824
-0.0110246755192851 -0.165833431615226 -0.0320008660149708 0.119514844875521
-0.0496026243347928 -0.153507201283847 0.00918692718307701 0.0766780963761348
-0.0420971397510036 -0.158883402692283 0.0402695693292773 0.0542911862564436
0.0389448052681107 -0.158450063693581 0.0659522882153027 0.0569983255913351
0.111208301062334 -0.129607112800546 0.0930634863114194 0.0793690673972225
0.231313690639125 -0.04683029082284 0.059496521011019 0.145001132694113
0.215932765605713 0.126009993759298 -0.0341712850478748 0.18985959897694
0.0491288485622906 0.26612059812218 -0.0680426548327245 0.148134595152166
-0.114458728621139 0.318790321092698 -0.0321834020214242 0.108268869102942
-0.174457245716872 0.270195987054825 -0.0169325112066259 -0.11958049537977
-0.0789237333876486 0.313305066431144 0.139592621454822 -0.124394585073796
0.148499568385001 0.277477618989156 0.0476606430374633 -0.267739754435275
0.288033429501216 0.0951865086442069 -0.132271337079268 -0.237539471866032
0.210833740621497 -0.0909862282605129 -0.185649776928906 -0.061897834061647
0.108639289330468 -0.156925421183628 -0.124723986455679 0.041009003161442
0.00582523644818803 -0.190956431837688 -0.0324154855063309 0.0529733503954487
-0.0447986968988861 -0.177108974404008 0.000483388009100633 0.0167572030027454
-0.0438931975876066 -0.178115508608908 0.0309062555030584 -0.00637632875298485
0.0380396843673696 -0.172047019145195 0.0692323469592329 -0.00397141332174323
0.114956748781987 -0.141426873341881 0.118168237333875 0.0264520819745995
0.242250180185686 -0.053256535435681 0.0976889455524494 0.109469165412178
0.225415376381015 0.129221928220386 0.00351889493707799 0.171498723723694
0.0457925626303896 0.270298887996093 -0.0454950820764606 0.115178496329244
-0.131039621057768 0.317235930078678 0.0265938647685831 0.0293512092347856
-0.188404955800706 0.224165173319951 0.0884890865492255 -0.191096040080156
-0.1256109590735 0.289311406251816 0.197561688058379 -0.163120118736607
0.0968528843234025 0.291622016377441 0.108475970389949 -0.255921518128611
0.264279078579072 0.132474991619809 -0.0573141305304031 -0.240191341347218
0.213943003390381 -0.0661862656030621 -0.116682317037525 -0.102140693418486
0.115540189104241 -0.141968606099122 -0.0858052078626285 -0.0300706455282352
0.0157483176324727 -0.183477107085831 -0.0256089990830103 -0.0164419531120868
-0.0371121764633367 -0.173905171118975 -0.00494341420021932 -0.0444478881724278
-0.0394773651993693 -0.17342739726569 0.0225561621164343 -0.0664160597257181
0.0337935550608809 -0.164678353436796 0.0707940788271542 -0.0629681795545445
0.107722745839609 -0.132723371385617 0.136112901343229 -0.0230074992307031
0.224908787056651 -0.0424934040231131 0.12500983170208 0.0760072395438407
0.200058402779772 0.126604942677739 0.0293865822451261 0.149465352023689
0.0243034446939301 0.242586982543963 -0.0343394510527796 0.0821905268523942
-0.137568087901054 0.271641818135363 0.0767346594051284 -0.0420906880377995
-0.158824600265889 0.143314555341878 0.183161860421209 -0.23471215589118
-0.131027042899538 0.20600993195473 0.241062167769679 -0.182599344400778
0.0401807100162494 0.235308533198004 0.155469875326197 -0.222598765654706
0.191582463142091 0.127229002602636 0.0129162917280793 -0.220221351939582
0.16965246878032 -0.0366963439179044 -0.0491968684562061 -0.128370535851476
0.0951116726393634 -0.10500162207025 -0.0460704669055783 -0.0887326302256629
0.0177199370482945 -0.146783892004528 -0.0197670387297582 -0.0777161079667246
-0.0257351289350696 -0.144318841522469 -0.0084043016135276 -0.0981671930722691
-0.0284819213103533 -0.144624173182721 0.01723701971493 -0.119524651792894
0.0289747409773847 -0.138328872873001 0.0742620846950721 -0.112354856377571
0.0941946884740127 -0.106887510147294 0.152929199518915 -0.0604247561083507
0.184879526016426 -0.0197992966336327 0.144368422710412 0.0539532778505913
0.148306850553051 0.11853565565311 0.0466055412090089 0.13182548475613
-0.0110356216478068 0.19364312011472 -0.0273796668015898 0.0549202369997293
-0.133899651148963 0.191079080971218 0.117635444181959 -0.0959382204290868
-0.095533880735703 0.0402119465395906 0.24178202700206 -0.249113617228793
-0.099440304095427 0.0917672932890389 0.254530321072004 -0.190435089255053
-0.00263975548312271 0.131550546412354 0.176712783810084 -0.186925793152705
0.0960214595936605 0.0849312442877338 0.0569766412894172 -0.194874994223181
0.0957303349873209 -0.0124787851224125 -0.00543031262528103 -0.144982408776773
0.0552846135841714 -0.0560436538605986 -0.0196909364151307 -0.129386124906656
0.0148860951940141 -0.0864926791583084 -0.0178476737140227 -0.122387724895033
-0.0121751965270242 -0.0928706628327574 -0.010532977733874 -0.135374079263691
-0.0127247216801311 -0.096308367000842 0.0167627175658825 -0.159479924810867
0.0229888261356681 -0.0953315250169658 0.0853354092701771 -0.146133352759075
0.072060703351863 -0.0691567845470326 0.173023049263937 -0.081607252592912
0.129225774107191 0.00372074497770545 0.161309547849149 0.0486959925018633
0.0814066003040778 0.0990354562386024 0.0602038594688672 0.125498574507266
-0.0436692099802428 0.125729822901563 -0.0223818137507796 0.038244340355312
-0.114210518680514 0.0863437212205601 0.149680383950114 -0.125489247233842
0.0627197525960903 0.0253680770753482 -0.142257110257315 0.189260113437823
0.0377704360881143 -0.0455988091869116 0.0507492298850582 0.0245475678477811
-0.0168095437739972 -0.0641378206701032 -0.0617203922997583 -0.1404415297955
-0.0527497672108134 -0.0129689679568385 -0.189213561880931 -0.0713022216067886
-0.030090260280912 0.0228149894917403 -0.208940451900646 0.0912269409926454
-0.00568459580627253 0.0223400682177885 -0.101421455547528 0.198700734570889
-0.00591344643735634 0.0292871481327988 -0.00445430939160409 0.197446012267911
-0.00896726953166721 0.0250600380170655 0.0373208242259374 0.165466023780988
-0.0147994888113429 0.0128243972205835 0.0484135331170998 0.154464321944585
-0.0200096490106104 -0.00497365333370512 0.040644155586286 0.16238815387134
-0.0197479354727712 -0.0193617173133937 0.00527587750013898 0.171222974664901
0.00587479360013176 -0.0462825100228121 -0.0643362115257807 0.194090954004601
0.0466706404026993 -0.0327853642022826 -0.153435054112326 0.192011950525083
0.0624885216509445 0.0323691847037788 -0.20251489275394 0.17504665872951
0.0425544821120799 0.0667661550748204 -0.204424820800507 0.261397221561336
0.0224571587649543 0.133755651886616 -0.166150927949656 0.144785045783761
0.0549503815635311 0.0569537150001165 0.0431836706177292 0.00911617989845029
0.0666007812095538 -0.00343804387373096 -0.0687456826672376 -0.166975488270794
0.0432561013543895 -0.0259975672925491 -0.212804536553449 -0.0979337931404735
0.0192910701985481 -0.0313118062335637 -0.231592431892099 0.0832090287850676
0.00936004898940011 -0.0414014427797065 -0.11818786088313 0.199284027957934
-0.0215784579136599 -0.0414607361914394 -0.00833530464995915 0.195625667939105
-0.0320100214495357 -0.0409880898127278 0.0350199486834943 0.155742751909695
-0.0255962063150517 -0.0564086439151839 0.0521730613673986 0.139923642677868
0.0119048100862343 -0.0683332513124953 0.0494155506192165 0.145354976642272
0.0435585921791735 -0.0576427321259444 0.0287947697791963 0.155973515352812
0.102395703567844 -0.0284512513371871 -0.0317215777168278 0.186450884848427
0.106280903579584 0.0509673465925401 -0.118665129789866 0.197005608567415
0.0430320153227291 0.142202005922674 -0.15073306125039 0.181199974330979
-0.0234095367096874 0.182523292882299 -0.154703130390842 0.238872075582048
-0.0352409607536111 0.223307839974616 -0.157214521687904 0.0718102003110302
0.0443718436949795 0.170390716949091 0.0521931540408282 -0.0265491739674256
0.138662823888453 0.0840772938476828 -0.0610407900931048 -0.205437685792795
0.151782410090938 -0.0184602382748617 -0.223235402023819 -0.139310120502719
0.0840323680437453 -0.0810141688663073 -0.243588438861281 0.0546377070743801
0.0356025699791455 -0.102598024478924 -0.132897424592147 0.174075707764414
-0.0276665209516129 -0.109438737138225 -0.0166888561487607 0.168861404888229
-0.0511647552895738 -0.10091621728213 0.0264286069357898 0.123456638078759
-0.0404423275447109 -0.113798962461551 0.051204320616567 0.102919456089515
0.0265748106916522 -0.123484429258466 0.0628724510193182 0.105640690344074
0.08406372445925 -0.101645392406114 0.0652909952368471 0.121996324811557
0.18006454264103 -0.0415713778166501 0.0191938189487043 0.171417667071649
0.173913473903385 0.0959199916181228 -0.0687730870328143 0.200456535594148
0.0521796373768839 0.221530775439077 -0.0978819831339351 0.174862486269079
-0.0650435555634546 0.274692157005451 -0.0885863153979902 0.1854217325316
-0.0972223136356342 0.278009202691189 -0.110290429842807 -0.0204692479403592
0.00638047311441721 0.268334921466427 0.0804317528405175 -0.0787684616913481
0.181848600963065 0.182368618927739 -0.0305397544804626 -0.244901972161258
0.247576366916176 0.0156763804329744 -0.205340096651412 -0.185962592194193
0.152598817734575 -0.110996588240351 -0.232315649837661 0.00956420117132984
0.0672851992855642 -0.148929825951515 -0.134917407131589 0.122415747511193
-0.0228823489370653 -0.162588748832926 -0.0248909554799552 0.118583045152821
-0.061186181016003 -0.145740537270746 0.0140707774905877 0.0748012755376352
-0.0542202127498626 -0.152861972439428 0.0429296405123713 0.0503464277737113
0.0270436547744711 -0.160130062507043 0.0692192463173921 0.0510070825709757
0.100681166168416 -0.136151970062921 0.0976531013869134 0.0723802216032839
0.224901117934284 -0.0645323474284966 0.0698891099636933 0.141116075745946
0.22356814385236 0.109746590657453 -0.0206574445411877 0.191056399628052
0.0666670197388356 0.261463568311568 -0.0592073392317366 0.150837677155696
-0.0902742826602754 0.323700043264628 -0.0265184850444117 0.108535744867595
-0.153986245652096 0.279586714291194 -0.0257020100330833 -0.11761220886453
-0.0574060480387478 0.316458656126418 0.130417117591107 -0.130678887100353
0.167261353886363 0.263677523593679 0.0291357972087666 -0.266947453843238
0.292216358797777 0.0726819700808267 -0.146316716639496 -0.224694260487453
0.202681584093011 -0.105470591859803 -0.188167217656626 -0.0486664852928805
0.0972861815722647 -0.163167353504789 -0.120338587131335 0.0491455009437627
-0.0078089114316813 -0.188611932212003 -0.0303748150345808 0.0534193585134913
-0.0585114744770151 -0.169930234600604 0.000767381978887164 0.0162568804925442
-0.056563961268843 -0.171625108642433 0.0300456689505452 -0.00829188513313764
0.0255313240041447 -0.173125367715694 0.0683103951846546 -0.00887809014108003
0.104282418457841 -0.148222923660648 0.118191601053036 0.0184773275255944
0.235507887181198 -0.0713665388672632 0.105620861995077 0.103578880954356
0.233346858304853 0.111166881875042 0.0149510153304681 0.170419824134673
0.0640536953714796 0.263738013874536 -0.0392567537817676 0.117472767997541
-0.106156005382496 0.322873484920862 0.0267794552883426 0.0260623850307254
-0.170142104976417 0.234976981095051 0.0751368241774296 -0.195315286007642
-0.103917262349798 0.295071888861095 0.184655997796799 -0.172429088125578
0.117350137882464 0.281180816323297 0.0907295765565467 -0.259555768496472
0.271967165112696 0.111829172644023 -0.0710928274626023 -0.233287055059055
0.207634087460244 -0.0804162860730549 -0.122754905875099 -0.0932377082793526
0.104838772505181 -0.148976636102352 -0.0865466942151722 -0.0230684489742482
0.00331989509576121 -0.181826398743654 -0.0282059240928689 -0.0154401611220578
-0.0499453128031437 -0.167081495823621 -0.00856418893880196 -0.0440279694512469
-0.0521443753521463 -0.167127154009347 0.0174460576516668 -0.0666969561771958
0.0212512155793267 -0.165423827613329 0.0658993926099546 -0.0664014459072986
0.0977221511510777 -0.138903595746875 0.133066397891644 -0.0318161528556819
0.21867043785894 -0.0589862565284668 0.129850643969269 0.0681396664985325
0.206954257327753 0.11084285915203 0.0398449789178543 0.147595302510061
0.0395974893357244 0.23843932215529 -0.0295143213877145 0.0846689289036174
-0.115571581400722 0.277651446827121 0.0712294669709248 -0.047361561370786
-0.146421524349977 0.152457375545048 0.167123469518042 -0.244872853574271
-0.11509717047022 0.213146215029627 0.226835386979858 -0.195015313605138
0.0569880799788094 0.229291907722551 0.139818678497398 -0.228736674897646
0.198789363743042 0.111929928400495 -0.000354071269945856 -0.217558082962292
0.166100615263092 -0.0483763850183871 -0.0565965383656639 -0.124232174052294
0.0873925053501215 -0.110518047695963 -0.0508681670708143 -0.0847342202190439
0.00733508184806696 -0.14531444564097 -0.02566381589313 -0.0769247519459888
-0.0369164212781696 -0.139174019986052 -0.0150713181975083 -0.0961646901595247
-0.0390224105725416 -0.139847475351195 0.00845428801157111 -0.118393761991829
0.018498003133568 -0.138887243035281 0.0662071237681932 -0.115443571638177
0.085519097119588 -0.111901438352807 0.147097997753621 -0.0706300667304439
0.18104139074374 -0.0332877274392651 0.146982823824247 0.0454110519618578
0.154417429034257 0.106624577414713 0.0563022658349841 0.128688807894882
0.0019475440425244 0.192148795070772 -0.0235577154287773 0.057144552916128
-0.117137013605247 0.197183169997644 0.109504595127678 -0.103887991780111
-0.090167111382441 0.0462287333607616 0.22453770101889 -0.263866666617945
-0.0909431984180488 0.0978042017394372 0.238637836601904 -0.204152451955096
0.00811187904531069 0.12950524537177 0.163200099639559 -0.195744978928792
0.101603893916482 0.0773511869483282 0.0452417056194293 -0.196302619065407
0.0935544289432861 -0.0185293844645641 -0.0143055148023619 -0.143367855142715
0.0515789770555383 -0.0578248114977123 -0.027863421704996 -0.126514181211878
0.00907890298578315 -0.0860428092508137 -0.0261417148344144 -0.119576682520951
-0.0196466655676128 -0.0897685918626146 -0.0193237679857246 -0.133167333357149
-0.0191854252429834 -0.0938126363606625 0.00540662497650227 -0.157747137767943
0.016233701105041 -0.0949544668131556 0.0749532176982819 -0.149901125575163
0.0664136024608322 -0.0736195336539464 0.166028128522911 -0.0925463183806603
0.127469249573825 -0.00551350219413293 0.163258716681435 0.0382727586527075
0.0866177272204565 0.0919767252761185 0.0685976507837851 0.121191019967801
-0.0354735100236344 0.126536741297845 -0.0203182435856696 0.0405390840146918
-0.105598522589206 0.0931389702427827 0.139440186449065 -0.136158366009597
0.0631615487765953 0.0199221428602771 -0.124900781377908 0.190139867784963
0.0347573408659567 -0.0457545940096618 0.0509575726182275 0.0209971128692723
-0.0202840289229544 -0.0606059830864113 -0.0666126638761556 -0.130696030769091
-0.0512812637378058 -0.00992533592903957 -0.185160051165662 -0.0572453883438369
-0.0277506028056602 0.0233919171303892 -0.194041649769177 0.0987812693066966
-0.00438369183119543 0.0206102965511977 -0.0844818814785263 0.194570797248903
-0.00369230556525432 0.0275274518494593 0.00876384557785819 0.187549716439241
-0.00630120931505501 0.0245471042976069 0.0458669330800718 0.15475160909463
-0.013400168970684 0.0124320475595867 0.0551177936840209 0.143301018713872
-0.0196253952048679 -0.00348006442380925 0.0488710040670479 0.151273923249908
-0.0199701662360376 -0.0173839168514981 0.0156763068699768 0.163673635955291
0.00316336253601119 -0.0439945937021873 -0.0495655620813834 0.188448361164847
0.0426179857183696 -0.0322297727495186 -0.13539579029285 0.190765640891206
0.0624584835094 0.0280854186949863 -0.185874773955751 0.17689956290045
0.0449481599855451 0.0604344115988448 -0.181155386108632 0.262178990336285
0.0305677127445702 0.125802430623596 -0.151336717818553 0.149211819072048
0.0562665253415097 0.0515292949017447 0.0429931803843498 0.00710871968885352
0.0632289418342238 -0.00825881036069194 -0.074994289507949 -0.15403085338056
0.0399644988158438 -0.028700342446434 -0.208768167472157 -0.0814649574256558
0.0160465745130044 -0.0313747063669263 -0.216094574212463 0.0925985151869859
0.00569259499645512 -0.040466707990588 -0.100101499953333 0.19664782108505
-0.0232164052212683 -0.0381066045215579 0.0036543097627771 0.185951341314995
-0.0333686026073794 -0.0360943257114948 0.0420281410773489 0.145646115926124
-0.0284898459128651 -0.0519607863607897 0.0575180552036167 0.129686234863432
0.00671375920855447 -0.0663803847709296 0.0565490143152512 0.134938990974331
0.038048900215398 -0.0580308469067602 0.036384308004769 0.147610144797028
0.0955559325560022 -0.03438228962248 -0.0189342160356454 0.180511429001394
0.104964977005947 0.0429027349065285 -0.102061930952256 0.19419337073949
0.0494822789990079 0.133780580481869 -0.135603873802955 0.180326451761998
-0.0109710331410961 0.174258962793004 -0.135720344741013 0.237691590786127
-0.0197376931886536 0.214644511797196 -0.146901055812593 0.078265867345024
0.0525666417179234 0.159913354301422 0.0489481190784744 -0.0272068311293721
0.138303687279189 0.0700745909856418 -0.0700595534206406 -0.190910406142675
0.144115309813628 -0.0284951094036011 -0.221454965340046 -0.119781803373619
0.0752652999297851 -0.0826288925882706 -0.229815023099196 0.0664624647049182
0.0267128198499594 -0.100483757260878 -0.115318419012031 0.173593560973476
-0.0334010992110405 -0.102407359229536 -0.0067283171444382 0.160748626484521
-0.0551166600097843 -0.0913556752754945 0.0316692905770721 0.116520885479455
-0.0463139834044439 -0.105482826326459 0.0544785099903278 0.094440329901685
0.0172429165590183 -0.119714391014071 0.0666480008850985 0.0965536487042335
0.073437388580147 -0.10242906888077 0.0696486252182458 0.112172931007492
0.167978158697622 -0.0518751729193999 0.0296627141971976 0.16351043202553
0.171984414261486 0.0812221068120954 -0.0543193437054827 0.195441306063653
0.0629553255495539 0.209308921850309 -0.0851780367843287 0.171669015895741
-0.0442555078042628 0.264337789327609 -0.0756807275308864 0.182739891572952
-0.0760684186303714 0.270414139769179 -0.107082768618499 -0.011968958531237
0.0219983725406006 0.256368040490427 0.0727049629876468 -0.0779272146953788
0.184817946907153 0.161576537615915 -0.0428330194517507 -0.229967547031468
0.237871109219551 -0.0019294062591675 -0.206486064899647 -0.165301263897028
0.138863174733645 -0.115384122188339 -0.221201097037506 0.0225374993081188
0.0547388355358904 -0.146600762584793 -0.120881391542636 0.124274447202196
-0.0317455575561971 -0.152708875257907 -0.0177461660803391 0.113688982580675
-0.0680917144102845 -0.132807195623699 0.0170448855738597 0.0702648347286381
-0.0614020624187359 -0.141612452115676 0.0432097950038281 0.0449402057479848
0.0154068357568896 -0.154774281593073 0.0691454400139562 0.0439145244177435
0.0877681738086278 -0.136568259043396 0.0975191754385571 0.0636354804578039
0.209971981613926 -0.0770108677208152 0.07574576828405 0.131540357021595
0.220040650914553 0.0904108561688136 -0.00817136935285681 0.183755671847214
0.0800081937619341 0.245599952847979 -0.0492666084426431 0.147150156083981
-0.0652565525603867 0.312540319106943 -0.0215076446070252 0.105456209608664
-0.129650838928992 0.275667719808392 -0.0318564352465802 -0.109696166763351
-0.0360574625381433 0.30579679112295 0.116385210929963 -0.130159152457225
0.176898752085974 0.239742715324498 0.0123929671890834 -0.253835438195151
0.284249352674457 0.0505541237310302 -0.151536281434102 -0.205289231974195
0.187313821066017 -0.113650729857511 -0.182587468067486 -0.0355622854158854
0.0829069714945856 -0.162448623895836 -0.110782320046436 0.0539930805930242
-0.0192094270625352 -0.17889709856009 -0.0268530907090563 0.0514199929489504
-0.066338705885662 -0.155923428230497 0.000859722988009093 0.0152299598905087
-0.0656437595817457 -0.15861273283842 0.027535787350414 -0.0102564602621515
0.0134144080403532 -0.166815247317424 0.0646589996352373 -0.0130866509572367
0.0905361638757145 -0.14850959725284 0.113968781776021 0.0103095845470467
0.219175429812532 -0.083812760548651 0.107556755482657 0.0931888779542097
0.229336325258053 0.0913390853675795 0.024513062378272 0.162509132303224
0.0766197295606483 0.24762579291674 -0.0312935584286521 0.11463562153338
-0.0802800989397915 0.312638384915985 0.0251584271282959 0.0230294284018542
-0.148459569887201 0.234156173918007 0.0604029910847929 -0.190738276620188
-0.0819756401553296 0.287543626851451 0.165977027088377 -0.173494995503619
0.129812635014524 0.259166824505211 0.0718855139400795 -0.250586760640171
0.267434364622156 0.0889124906563386 -0.0803505910884564 -0.217680387146054
0.193719374604501 -0.0900357657873353 -0.121861049278037 -0.0830561464367784
0.0913648138513398 -0.148672799431926 -0.0834017016308839 -0.0175650810765623
-0.00868841871517906 -0.172843265925246 -0.0294293675827646 -0.014557932256273
-0.0588124989380492 -0.154451879680544 -0.011190273515387 -0.0418146468526069
-0.0608628054922517 -0.154429696170149 0.0128637918096385 -0.0650309085215443
0.0104499321244263 -0.158880991601883 0.0585600232370849 -0.0670595222855476
0.0846258995575582 -0.138350806476459 0.124241529585427 -0.03826815814445
0.203763068067065 -0.0711795740919685 0.128705106906343 0.0583701876952214
0.204199599328205 0.0921397845848934 0.047245512228042 0.139331364838071
0.0521117476151387 0.225319266280568 -0.0233122248780195 0.0826115285225567
-0.0918209290475133 0.270649278794903 0.0633851449030552 -0.0503094953701228
-0.129770896557898 0.154459856584594 0.146410193765887 -0.243411914629487
-0.0968417471436796 0.209640835028623 0.204907502804559 -0.197449374560584
0.0691838874538025 0.213648225055553 0.120621265300887 -0.224573100892277
0.197116915221936 0.0943129458958763 -0.0112694056993672 -0.20653441900838
0.155638469304843 -0.0562040622955442 -0.0605168368015647 -0.115771155833682
0.0776195756422541 -0.111094948203339 -0.0535971317888315 -0.0782574180263485
-0.00161424203696005 -0.138481119071473 -0.0304993997039251 -0.0723776837588022
-0.044605303307295 -0.128299460548213 -0.0204248137769805 -0.0915689437313658
-0.0467022013367398 -0.129915820829597 0.00116039551761361 -0.113300888324334
0.00905170674787585 -0.132876556249732 0.0561783099566183 -0.11323445786686
0.0747951256722612 -0.11176144680458 0.135940724717871 -0.0757331367961091
0.170060915573126 -0.0436685949555638 0.143293315290285 0.0351040540339819
0.153065904505438 0.0916318263752704 0.0615329185772602 0.120523688927824
0.012863599867646 0.182445454152616 -0.0198657423186145 0.0564550051344776
-0.0978802016007149 0.194329883878463 0.0964840235789102 -0.106615204180876
-0.0827735368233775 0.0496427056468128 0.200148342474998 -0.265611239074103
-0.0792588939372898 0.0976480606358962 0.21614751743482 -0.205940884251623
0.0156663903741974 0.121893341887517 0.145788464733061 -0.194207097421792
0.10218621528341 0.0679610618350343 0.0336789711542861 -0.189309667009532
0.088649365791687 -0.0231895064668258 -0.021520859636848 -0.13658541065734
0.0464918484572749 -0.0587851477827478 -0.0341116004775079 -0.120159422302708
0.00366276220412136 -0.081832040329614 -0.0330901402203728 -0.113553037505173
-0.0247286130187339 -0.0830637932946014 -0.0260446732333693 -0.127060562471385
-0.0252750104353291 -0.0871464760598913 -0.00480475740905788 -0.14939267698921
0.00878209194571488 -0.0911174637732569 0.0629388772532836 -0.145793194305171
0.059195802155102 -0.0735318948056974 0.151683850533515 -0.0977231544351682
0.120849972582446 -0.0133182731887169 0.158509446754012 0.0282645653467366
0.0872260244315631 0.0820645874668436 0.073064512526412 0.112620129159268
-0.0263542401279954 0.122571459082848 -0.016989876873877 0.0403785193938705
-0.0933052060871347 0.0944546998628732 0.123798340981533 -0.139650547281817
0.061733682740921 0.0141293584090851 -0.0803465808110067 0.198652171488273
0.0265362114045389 -0.0473215220870564 0.0546836189948714 0.00925525129276911
-0.0295230052371481 -0.0521113832834956 -0.0822128447990095 -0.11494634099187
-0.0496008083113379 0.00192042728753342 -0.186464403045974 -0.0283100283496749
-0.0207083101771649 0.0293475386550115 -0.168565750135526 0.124570423053979
0.000529271870783948 0.0204325932336572 -0.0497935573820411 0.19572741947644
0.00246468668994466 0.0252691888037103 0.0354707520983595 0.176843146859549
-0.00160892560926168 0.023563455344349 0.0653216540874145 0.138143510533432
-0.00983158846664149 0.0136822425723926 0.0749751816236312 0.125920876527952
-0.0178232779293818 -1.66327099975312E-05 0.0713254012812473 0.133403552462705
-0.0193374982710638 -0.0127461820640935 0.0415041804823483 0.150659127199888
-0.00357255458945651 -0.0388692851688705 -0.0157027291566503 0.183358956728482
0.0342866339646719 -0.0323412852834397 -0.0950936185114441 0.198784681653553
0.0586277094789743 0.0199343072720146 -0.145957709455453 0.193541209352211
0.047419006001243 0.0550135458049616 -0.132782697325622 0.270500827156513
0.044339844295115 0.114641467859578 -0.114190267547653 0.170342523709498
0.0587682911832196 0.0388250179865492 0.0447072529564756 0.00236699680907374
0.0528616536307027 -0.016453710686247 -0.0889628060531311 -0.130825171637892
0.0287662039483168 -0.0287610285185359 -0.205385067801067 -0.0435412667647481
0.0112496495931891 -0.0265404854669702 -0.186379330502225 0.119708831611131
0.00214107016669084 -0.0381487566248851 -0.0634503554013676 0.197433212627235
-0.0248759280585553 -0.0318206769857786 0.0297813815899964 0.17326879682457
-0.0342065242062101 -0.0283083967929926 0.0609089137998317 0.129441566039529
-0.0322787951513688 -0.043933627354011 0.0757814102285302 0.112813253465337
-0.00248950578794971 -0.0624009729841363 0.0770879474521306 0.117630844015299
0.0292838802536726 -0.0576490996962891 0.0581326800994364 0.132512134528924
0.0836610095546687 -0.0425553639850096 0.0110026831183991 0.172265568259965
0.100647510135357 0.0292807353156748 -0.0635728345764784 0.19838164372747
0.0613527594907862 0.119484443515886 -0.100777108958082 0.187361447008879
0.0107540106865131 0.16830535216908 -0.0947865983086046 0.23980802505415
0.00707338093550824 0.201718512063202 -0.125076622673397 0.108712980008624
0.0696857806022499 0.138644369114896 0.0437266319601521 -0.0262916459720472
0.130945631495768 0.0436838285044699 -0.0862190381108232 -0.159194493225823
0.122124642339269 -0.0445281888170489 -0.216479347504194 -0.0744986186729861
0.057855516190594 -0.0813125949781262 -0.198912544427875 0.0944513692030686
0.0133193092021972 -0.096093644215829 -0.0804404344397226 0.1753498610195
-0.0432674233550741 -0.0889604578909881 0.0173424219855254 0.147582903219763
-0.0613253072709601 -0.0759107442509036 0.0470939831817963 0.102943726839278
-0.0568481119739436 -0.0907288295168525 0.067769989910321 0.0808979896797861
-0.000139742040235988 -0.113754254686805 0.080996488733514 0.0801677384149291
0.0568104512024513 -0.103122083424421 0.0838377214954803 0.0948973641356197
0.150022768236096 -0.0698559257358274 0.0518985013909309 0.149675070793976
0.167094913418817 0.0559333178793568 -0.0181405392781968 0.19364116995312
0.0848556469769678 0.187073088503096 -0.0565987803311149 0.170919942966611
-0.00781596773925377 0.255084110492004 -0.0484961196011515 0.179832137731656
-0.0377077664773656 0.258010963867984 -0.106068584686507 0.0202627819552634
0.0543557746288908 0.229963049760571 0.0555407598865157 -0.0735201707162035
0.185526518595051 0.119432035962877 -0.0658802646534689 -0.19263942076133
0.209786585128371 -0.0349744652405977 -0.204444058443214 -0.11418539991868
0.110246949131188 -0.120554225418851 -0.193499286766639 0.0504607399576198
0.0327581213749526 -0.141874032880843 -0.0914022603911779 0.128602604046603
-0.0500030804355951 -0.13519113316761 0.000757565049657697 0.102518208738548
-0.0788670518603642 -0.112680965038473 0.0270450424222916 0.0617741616804913
-0.0762431485487736 -0.122000106428663 0.0503597103133752 0.0364912320638182
-0.00618916305490682 -0.146282358833973 0.0753278950837194 0.0311398464268457
0.0662124151498708 -0.136570512971417 0.101367574178634 0.0445082136560438
0.185029840034322 -0.0989158750019099 0.0895410146571636 0.11354662495039
0.212620976296315 0.0579958049122316 0.0231297800418951 0.177149507850365
0.105919454980505 0.218195282579698 -0.0277265032268134 0.141729612586128
-0.021125772864436 0.30094195620491 -0.00884923665118285 0.0988786899343236
-0.0871510367283328 0.26675355469241 -0.054805117010293 -0.0829450773056701
0.00811457607897112 0.281790260318145 0.0846181592184749 -0.12726791185535
0.188295490021427 0.189904664001558 -0.0193929652007374 -0.217839743442406
0.259261513531966 0.00401563172778562 -0.157779219680249 -0.155095309977788
0.153563766707535 -0.12630351743661 -0.163360600247234 -0.010170541295015
0.0559410194067467 -0.160346825009084 -0.0915860602488628 0.060045309573135
-0.0427592816949948 -0.160369555489918 -0.0164034150522376 0.0444045791899903
-0.080914168375432 -0.134041983385782 0.00404176480500949 0.0121364107842776
-0.0821640058420101 -0.137059310793022 0.027264448009162 -0.0123587258772363
-0.010364953998986 -0.15781425972841 0.062658382797248 -0.0212241174296122
0.0672050745320785 -0.147974409345325 0.108374503007578 -0.00794638128970248
0.193561316210506 -0.107057933971811 0.113005407444341 0.07289280089638
0.220994749581122 0.057610707212495 0.0515394636619134 0.15196176380819
0.103476712801097 0.219732386901325 -0.0162818119610531 0.109364877819387
-0.0345157406031613 0.301334167737435 0.0215351074527058 0.0155516688059834
-0.108671999181769 0.228947148687619 0.016600017299374 -0.175221498245886
-0.0367514321815558 0.270120603433057 0.121727052784712 -0.17636407580327
0.149205179684704 0.213102478993671 0.0320578152295706 -0.224434435625035
0.249829632650789 0.0400089732213878 -0.095335833493052 -0.176301944858666
0.162552110195361 -0.106786547044057 -0.114499169980454 -0.0622992451819924
0.0645494350184913 -0.149315342004209 -0.0765173611459333 -0.0106496856202698
-0.0318819157906026 -0.156625143356825 -0.0274231147031394 -0.0172399984224385
-0.0735872748328585 -0.133917595299883 -0.0161834495867911 -0.0394967084049851
-0.0782930929989405 -0.134081932918819 0.00513568445662783 -0.061187427839094
-0.0124999125511442 -0.149641872877409 0.0479543793564332 -0.0711266065861491
0.0637064845691362 -0.138904866494044 0.109769221735384 -0.0553160093671313
0.180923631441942 -0.0927124834663878 0.127381510873116 0.0369970980251357
0.19750042611822 0.0610736637828085 0.0684564986724717 0.12656274639723
0.0778733515641039 0.200883111598762 -0.0135770926084856 0.0789755662930646
-0.0503742100367767 0.261541128664672 0.0472134800363551 -0.0581522976669582
-0.100358063663554 0.151231217612354 0.0884876327054847 -0.243430279389446
-0.0614616618462149 0.199956601823826 0.154344966191469 -0.208144426409801
0.0887207056958989 0.179368713078535 0.079305491623605 -0.212332639739057
0.188496647081839 0.0542578544134791 -0.0330743648634715 -0.17890159773196
0.13233340516832 -0.0720640954421195 -0.0644836295260039 -0.102008885024841
0.0566264123576316 -0.112406644620268 -0.0584565109522902 -0.0713275375259836
-0.0213424361849269 -0.125825166034459 -0.0370579783250274 -0.0711858850920295
-0.0575518137764294 -0.112019657625216 -0.0322362577354585 -0.0843338563106195
-0.0623883479577141 -0.112983008870789 -0.0140628075497326 -0.105178476688428
-0.00983454472945453 -0.125104400801838 0.0377016434241928 -0.114038136255404
0.0571600165050076 -0.113257537684264 0.113910028969999 -0.0922273081506045
0.153648947420471 -0.0630158772087868 0.13714590678469 0.0126745368232109
0.151012588554073 0.0665738831073426 0.0786269296915353 0.106522943856509
0.035918281394564 0.167451737720288 -0.0122658879996949 0.0541003673158423
-0.0658767711315461 0.190044182978909 0.0710730185388351 -0.114669046476334
-0.0693618634762911 0.0482014767498159 0.137812078672699 -0.277656182312637
-0.0608631285547206 0.0949256780188708 0.165891771085278 -0.223188419504055
0.0286442711099165 0.103456377410713 0.105742574595236 -0.195438245077423
0.0994794480891888 0.0437896990261075 0.00674077283780308 -0.175191509333886
0.0753955674780263 -0.0334599545722305 -0.0356826527887056 -0.126463339171817
0.0343680572547247 -0.0601191282672697 -0.048997703562436 -0.111213526880689
-0.00967863055889839 -0.074596968246658 -0.0460860641203483 -0.106793063444022
-0.0339924682048114 -0.0730587212843946 -0.0433935766195613 -0.116363134956301
-0.0360551984499019 -0.0772548629417178 -0.0252550882642331 -0.138901379712978
-0.00428305322840844 -0.0863651513438697 0.0379364881314887 -0.146330884391003
0.0470480347813596 -0.0765677374253623 0.125373354858258 -0.115175262994958
0.111906758777283 -0.0281810110460363 0.15014797925392 0.00238199791677943
0.0896414133460843 0.0653805663976131 0.0867769420781376 0.0956180424584603
-0.00816167570723618 0.117103946908332 -0.0106391071447884 0.0384664561919365
-0.0736358384182233 0.0963233232835913 0.0922034008090039 -0.148459682390038
0.0592457502904655 0.0127846512294051 -0.078937221165747 0.189642888824117
0.0264691152051317 -0.0448558203909857 0.0537070815387103 0.00904038317219074
-0.0277563368194631 -0.0498960120211974 -0.0767113594683841 -0.110772677422698
-0.0478213383034267 0.0014779199833276 -0.177481578014712 -0.028463334910053
-0.0198118694881725 0.0275467196234104 -0.162046410615487 0.117433318874522
-0.000174013993472307 0.018849831753321 -0.0486470169838895 0.184196039842222
0.00176328909366992 0.0238594075724817 0.0329212641066817 0.168157877791934
-0.00108089261641872 0.022360485977731 0.0611707055535327 0.131587519043916
-0.00902140789038784 0.0130661905871694 0.0705463159500429 0.120136212066449
-0.0165258598907123 7.49477860245524E-05 0.0670680285140182 0.127612100789247
-0.0184129516493056 -0.0121393153678142 0.0384526459781528 0.144294046142283
-0.00266598316117716 -0.0369708542916867 -0.0172558878404925 0.173462354950216
0.0336374202179462 -0.0293600186653826 -0.0934473992933182 0.187100237803474
0.0557872835323122 0.0198958300989721 -0.144129977021158 0.181352070867475
0.0442251603757879 0.052433284575134 -0.13029883484711 0.257083193335878
0.0417043803802179 0.108623969050415 -0.110283100929914 0.162637522320198
0.0563749608827653 0.0376789970042177 0.0440586055678723 0.00323863767081411
0.049812764196356 -0.0151593571639083 -0.0821463922869319 -0.12501030525141
0.0276617978057488 -0.0284005336997441 -0.195511891990177 -0.0436827467122781
0.0112719785716078 -0.02552062811766 -0.179432940276969 0.110904490947114
0.00150456712434372 -0.0362817908616993 -0.0617339900694891 0.186168765183655
-0.0242665935941106 -0.0303769859157525 0.0271666725801023 0.164075667853432
-0.0314652921896665 -0.0266720319850186 0.0562606028538794 0.123622835854104
-0.0306971201459397 -0.0418109170751376 0.0710612457946951 0.108087070715297
-0.00189828398554034 -0.0595448269005016 0.0719178606779703 0.11190210177487
0.0283292525585788 -0.0543119651298818 0.0541259432318167 0.126639172611935
0.0799390405376761 -0.0403863386291772 0.00810493623375795 0.16346401245123
0.0960515857856852 0.0294901333191738 -0.0636909560177392 0.187439895425188
0.0576047186635698 0.114607640844521 -0.100373093811973 0.17668395548503
0.00870353461705877 0.159056486250886 -0.0945784753216574 0.228400064294556
0.00580512086472841 0.190956282714358 -0.120783282171447 0.103510964093804
0.0647094527108092 0.133009597442718 0.04284254893024 -0.0233789872147671
0.124114950132027 0.0420846841769818 -0.0788888511819845 -0.151572525183689
0.116744532602991 -0.0423350363215134 -0.205201356475318 -0.0736473070226563
0.0555702248167099 -0.0776377662699128 -0.190261917494687 0.0875516855332491
0.012985649847264 -0.0920709579753416 -0.0776033917760496 0.165273388680869
-0.041026664771121 -0.0848781023224933 0.0143888445975564 0.139697707873951
-0.0576437009184422 -0.0713094687420957 0.043490174627631 0.0982477763058655
-0.0530216698977572 -0.0856153412818683 0.063183362349317 0.0768630816820027
0.000413694424181391 -0.108414548143569 0.076411143571763 0.0767090106705118
0.0554490622958883 -0.0978418545651581 0.0783744801842289 0.091151823990818
0.142478451257818 -0.0653421932322662 0.0484029994582641 0.1428905378213
0.159308408597624 0.0548402752266451 -0.0201711462562972 0.184867322037555
0.0793420748530923 0.179602615266802 -0.0574296389944806 0.161034454536903
-0.0103459315171855 0.241699040992729 -0.0499254630523617 0.170506349323028
-0.0385875810636329 0.24523197400868 -0.101580971952658 0.0194734992691074
0.0496541175052983 0.219716659817533 0.0550366147973981 -0.068066515317851
0.175625634064016 0.114208284274936 -0.0590474670492856 -0.182947879520247
0.200707128599337 -0.0329491823706304 -0.193443795841413 -0.111827373506277
0.106393258117193 -0.114261520086144 -0.184716467706763 0.0446364296601646
0.031750228921796 -0.135364112191934 -0.0874533077237977 0.120191719856649
-0.046784021390798 -0.128497819009596 -0.00163891710973316 0.0968558586771609
-0.0736951295625627 -0.106211876208908 0.0237410070912854 0.0590054193983001
-0.0716541495285646 -0.115133619590092 0.047285813818367 0.034683432184659
-0.00550035178312376 -0.139431501082522 0.0719260097993338 0.0302025227997567
0.0638026615276629 -0.129686041945598 0.0963369372633278 0.0432449627786104
0.176430468962256 -0.0934002264778307 0.0850930703717194 0.108951496901186
0.202084236366193 0.0566423009642666 0.0201373314907865 0.169422965064316
0.0985505501342819 0.209168832575952 -0.0290585282110398 0.135228307035433
-0.0227343954255227 0.284549986576517 -0.0121605182975962 0.0943032357927389
-0.0855881805487518 0.252258967351139 -0.0515536767869898 -0.0785399305343541
0.00439684975512354 0.269355652033118 0.0831280803595091 -0.117740637233684
0.177303784126522 0.181605485333983 -0.0137874075641407 -0.207568033674252
0.247846016185139 0.00504267260830398 -0.147734767418982 -0.150291937322429
0.147693177506461 -0.119301354730358 -0.155306027188198 -0.0123004837423123
0.0540288735083981 -0.152598555422042 -0.0872734777504437 0.0550942191250506
-0.0390611822037342 -0.152103652456012 -0.0169006301256298 0.0408739319195335
-0.0761627098852671 -0.126384714685232 0.00265870225526762 0.0112891621908138
-0.0773512154923802 -0.129243866478518 0.0261045044995026 -0.0117441559740557
-0.00932235083291408 -0.149833726247239 0.0595480635315192 -0.0197524981245696
0.065335484539396 -0.140483034608722 0.103397052966836 -0.00625001775152332
0.184003224064878 -0.100055517310245 0.108419420147626 0.0706415850712748
0.20982948349666 0.0555206109885469 0.0474130813911187 0.146012075016023
0.0956661321948672 0.210369899409936 -0.0174119301709586 0.104465891970666
-0.0354614628139897 0.284595123115434 0.0181804207578269 0.0149681437548886
-0.105760874982053 0.216157577462831 0.0182157057544452 -0.166317792998796
-0.0379462202416823 0.256713280456369 0.119403658947612 -0.163670834692629
0.139716160773383 0.202966839879805 0.0361411653726838 -0.212222211156684
0.238158479247385 0.0385954033082407 -0.0878327457298699 -0.168832313183948
0.155949775917922 -0.100773771411077 -0.106900768368796 -0.0616763180466557
0.0631460644755483 -0.142167207378532 -0.0726044470574421 -0.0117945479193164
-0.0295230352389321 -0.149291576525867 -0.027577561412273 -0.0175912626944423
-0.0689922752640336 -0.126069010394973 -0.0158964393614983 -0.0384310535700902
-0.0733015177480324 -0.12620899554431 0.00535982632304152 -0.0583509129339686
-0.0104094409355146 -0.14245805882864 0.0457052091663498 -0.0667280497718895
0.0615392467889055 -0.131413200048746 0.10548675081354 -0.0515351377992389
0.17305612922994 -0.0871968246934385 0.12191044257889 0.0364359789164749
0.186927390552974 0.0589589634745455 0.0644097076018941 0.121954802058413
0.0707237335262324 0.192584853347697 -0.0140896101634442 0.0757562768019967
-0.0497845644569685 0.246508264876058 0.0443265959296942 -0.0550025457531602
-0.096545634594955 0.142408668211689 0.0879778011419248 -0.231022446942609
-0.0599657491283397 0.189364338603473 0.151146843282529 -0.193693492867411
0.0827058568484139 0.169988059984499 0.0792320861574739 -0.199744751450874
0.179653001785154 0.0518960697146488 -0.0279415903562068 -0.171283087209839
0.126591578331336 -0.0673975365309704 -0.0600335135813124 -0.0988132070610452
0.0550288542155584 -0.106562732133367 -0.0552909384844965 -0.0691664506970143
-0.0198304646082798 -0.119802412448379 -0.0362196626854995 -0.0685727652376206
-0.0544033097445066 -0.105750251316863 -0.0310998494470615 -0.0817050935900165
-0.0577905292304144 -0.106816825804255 -0.0116728785328319 -0.100309262470454
-0.00849777048811166 -0.118696118814191 0.0372999206535371 -0.107637196691406
0.0552208952948422 -0.107203998908192 0.109433732010155 -0.0856333401473565
0.146672012567928 -0.0586528237781985 0.131506737765654 0.0132481293063864
0.141835107443327 0.0641858824765294 0.074487643316814 0.102798703014578
0.0321472951500846 0.159971891958507 -0.0123641011177063 0.0511948045310917
-0.0632522745198785 0.17871289517447 0.0670822114827407 -0.10918399795656
-0.0655384609776308 0.044911066138501 0.135889435954535 -0.263063695909245
-0.0584520058319529 0.0889544457516004 0.161111605895193 -0.208025784884145
0.0258586756725064 0.0973111025868657 0.104285068069353 -0.184221299698834
0.0952940369992684 0.0416133711294788 0.00972978278876938 -0.166355081217155
0.0721873532403518 -0.0307024017244488 -0.03257491582309 -0.121157268006771
0.0337012134851859 -0.0569695971931069 -0.0459255610870122 -0.106999887721975
-0.00801384077438983 -0.0716027382997656 -0.0444772633916608 -0.103243300439458
-0.0321643281113413 -0.0690204975901472 -0.0409997800352227 -0.112591509867498
-0.0342217909789228 -0.0724260553493445 -0.0223724411627449 -0.132365010098041
-0.0036467229010676 -0.0824328348997459 0.0378347229120706 -0.137985993128359
0.0456252011803525 -0.0722588284230159 0.120004064417664 -0.107530424382316
0.106294717225077 -0.0256124919719611 0.143517869072673 0.00416002137450178
0.0836746065767725 0.0629789720133083 0.0822578223781271 0.0928949936151713
-0.00911521847850914 0.111508600955873 -0.0108616588445975 0.036434891222825
-0.0699245572279979 0.0898184168840385 0.0880252146502769 -0.141693402051541
0.0584765299485462 0.012795348058348 -0.0824037449905801 0.186114093173388
0.0280143154938463 -0.0437972577008109 0.0541817812338999 0.0103730165409096
-0.026422516775347 -0.0494654762674002 -0.0708316296191782 -0.11180941503814
-0.0472409881840366 -0.000401443243148981 -0.174335357751678 -0.0331040938751161
-0.020143223694113 0.0260472083180798 -0.163515927233442 0.110291273024321
-0.00157477054372461 0.0180339801023815 -0.0526422541029013 0.179257763604189
0.00101476475461186 0.0229786817703462 0.0289850539721112 0.165140229947514
-0.00157430411982929 0.0215552632880742 0.0567482541091458 0.131614635911541
-0.00931400234889293 0.0122982244109275 0.0669217571693625 0.120491785446431
-0.0161360666073784 -0.000739129324726016 0.0628152331025636 0.127033486502371
-0.0173061793890987 -0.0120374385509978 0.0337052282033566 0.14373496534366
-0.00121231370468297 -0.0364834021375799 -0.0227949446116912 0.169977727077963
0.0339574097213244 -0.0270062064327726 -0.0976947877108249 0.179766032300119
0.055439969857988 0.0226253189392495 -0.149098252733252 0.173189824629362
0.0418860701658267 0.0527971549270662 -0.137185940100932 0.250841796262888
0.0385585840081666 0.107187028087098 -0.113715405263718 0.15891898075541
0.0549368433362601 0.0389447495964528 0.0444600127022154 0.00421967866815523
0.0493817055695788 -0.0144843457032454 -0.0763024977171482 -0.125732431922142
0.0278930149165694 -0.0276475659693572 -0.19189622159854 -0.0488282400359466
0.0118873275826402 -0.0257121437683858 -0.180410545296242 0.104678123085554
0.00213703909307141 -0.0362664348373983 -0.0657402789874974 0.180319170188998
-0.0232806388833155 -0.0304560415710449 0.0222782249687071 0.161232916402903
-0.0306576185431753 -0.0267503659713662 0.0518873869370374 0.123719640140276
-0.0288333070845434 -0.0414733986096242 0.0671085043088865 0.107729953179103
-0.000339444571763345 -0.059005985219256 0.0681350625772973 0.111951918127105
0.0295242017431577 -0.0528555328869607 0.0494683255053021 0.126520336310387
0.0799448837253293 -0.0378551992173406 0.00327644063326668 0.160711383519881
0.0944878665751816 0.0318988807585386 -0.0677818872529153 0.182113920193744
0.0542049044437904 0.115769140352498 -0.106075740595774 0.170580479268321
0.00318242956222127 0.156400390107501 -0.100965748804607 0.224035310441811
0.00113081780422866 0.187862813126456 -0.121815279996223 0.100832239092983
0.0611167234508459 0.134087187856076 0.0444045799121923 -0.020917751174071
0.121423771723776 0.0438409947900268 -0.0720870192790199 -0.15152528411034
0.11638145233894 -0.0401107254725123 -0.200256435820003 -0.0784012080596035
0.0569373457289085 -0.0760867557699385 -0.190852143778919 0.0802605119458603
0.0144005984578727 -0.0911121442325504 -0.0805654549360764 0.159668910222378
-0.0381104447492768 -0.0841929565061925 0.0100321065184933 0.13752093191066
-0.0548702365477359 -0.0706673543468197 0.0395140424210201 0.0978761561492658
-0.0501522147722132 -0.0847821097855626 0.0597018666564295 0.0772607372384272
0.00213137586888201 -0.107020060133766 0.072882624431709 0.0775903697896186
0.0565096145282995 -0.0951234754001514 0.0745476587172642 0.0922058402584067
0.141965812194887 -0.0619607456885129 0.0436885790857346 0.141449108732668
0.156422466447218 0.0575782337725575 -0.0257583727079338 0.181734830726452
0.0729486933578399 0.179937847253533 -0.0625471304395137 0.157199120651129
-0.0163911472256595 0.236643920615055 -0.0559364103480649 0.167934064144759
-0.043983528968811 0.239728008349208 -0.100184758519776 0.0181265511103982
0.04269336195248 0.219495070601035 0.0578158607113766 -0.0630970653527381
0.170027798445715 0.115913970845818 -0.0514190765056669 -0.181591753286859
0.198558433115942 -0.0293585103010093 -0.18711599659282 -0.115472190760936
0.107843382557558 -0.111160268462358 -0.184069829200177 0.0385971420494917
0.0346822356761176 -0.133197682962277 -0.0894304371205598 0.115305220993572
-0.0431243571313499 -0.127557074030772 -0.00535427071937783 0.095163025842802
-0.0704198103301623 -0.105091650033159 0.0212485509912499 0.058288753742235
-0.0682293356459378 -0.11337495941362 0.0453051939509565 0.0349231124556999
-0.00225428613272067 -0.13761031659126 0.0696633052631423 0.0313094307377784
0.0657074927964209 -0.126688921325732 0.093500135023926 0.0447580455158645
0.175451753017874 -0.0879767708114686 0.0821940253373875 0.109261047453919
0.198377899228714 0.0601385317528617 0.0148234901582928 0.168296554803985
0.0910469864675643 0.209427197781388 -0.0340035786726339 0.132253753553254
-0.0295508692129405 0.27950577976267 -0.0162501434140546 0.0931384799369898
-0.0901662094753029 0.246421838335906 -0.0479489097042126 -0.0778794464361414
-0.00251160827182085 0.266337211805434 0.0870968747710362 -0.111516565834919
0.17013081177935 0.181914157323888 -0.00641867163035707 -0.203514736266155
0.244477967197944 0.00914132972749873 -0.141055943401568 -0.15254334693837
0.149209382049241 -0.114867119049855 -0.153113394394308 -0.0169336393344216
0.0574574478168148 -0.149985008565291 -0.087234672895733 0.0508649054967787
-0.0353307386407851 -0.150530586180409 -0.0196804523302427 0.0392035219951588
-0.0719952860496463 -0.125765993500456 0.00162919121718672 0.0109765575328467
-0.0731374062274896 -0.127341461436036 0.0254403650680378 -0.0114407517166083
-0.00562610613256928 -0.14809570826259 0.0593106983593155 -0.0181270792246696
0.067358601000766 -0.13721861224825 0.101809532044095 -0.00358761104761531
0.183592316149124 -0.0942409685563689 0.105953140135806 0.0721710024475931
0.20609038563642 0.0596095902420912 0.0432081845079564 0.146408118458181
0.0887639205170568 0.210389031162551 -0.0207307113203692 0.102639903928351
-0.0414409318377298 0.278447162287059 0.0160444950843524 0.0152287977150913
-0.109050471457819 0.209861104122804 0.0240731565838609 -0.163052928321263
-0.0454089930689138 0.253188925174981 0.124347182535059 -0.155721437214494
0.131869940344277 0.2020355451039 0.0429868279776688 -0.206710841488157
0.234613006873828 0.0434718243864591 -0.0811192890250405 -0.169553206623687
0.156074318928001 -0.0959024655438325 -0.104343973998027 -0.064804492419695
0.0663253833536013 -0.139148914992588 -0.0711201346398367 -0.0146433407690018
-0.0254168795032422 -0.146778714814988 -0.0285373741451503 -0.0186790243081892
-0.0656506320696758 -0.125043526525297 -0.0155703116552259 -0.0385744826646381
-0.0691637505538901 -0.124440456444462 0.00662522680099208 -0.0577027226313307
-0.00692388563215744 -0.140078976719112 0.0478113579674766 -0.0644560658593976
0.0632390850424039 -0.128258315200679 0.105635442208003 -0.048132221103822
0.172123985476502 -0.0820279661945582 0.120859891921732 0.0388451357631807
0.182709058402717 0.0621263165091205 0.061300175101129 0.123555107066067
0.0653108587393739 0.191896672181968 -0.0165467790334923 0.0738128642482087
-0.0548365732548889 0.240082290703027 0.043378426455383 -0.0534117591365671
-0.0981994968155157 0.136964714717386 0.0942731176889686 -0.225350379182548
-0.0640891908519379 0.184965082989482 0.15646812310688 -0.18468852968231
0.0766262913541742 0.167998770665215 0.0857123201911602 -0.19466677558591
0.176163365956661 0.0548154870436508 -0.0223843362582535 -0.169701142537193
0.127051976309979 -0.0630101084560243 -0.0562462687585129 -0.099514864720876
0.0575246628601541 -0.104203583579125 -0.0531557763074557 -0.0705208219042471
-0.0168804224510504 -0.117628055223315 -0.035043105879412 -0.069795904937656
-0.0516429534928514 -0.104181212441371 -0.0293534065768717 -0.081822771208319
-0.0547843543903631 -0.105285226273222 -0.00907130480836193 -0.0991364331712245
-0.00575551203388323 -0.117139127291711 0.0397625903353356 -0.105082012064306
0.0573515757106484 -0.104730559000163 0.10974304791397 -0.0812041566381683
0.145228987335461 -0.0542591482296851 0.130274504660086 0.0168498393903186
0.137696281031527 0.0665462382915045 0.0714403919259128 0.10452569290918
0.0274022546532932 0.158073415375549 -0.0142242382777319 0.050881800169936
-0.066841045538245 0.173188508683475 0.067810581967128 -0.10620043319462
-0.0648867116039312 0.0423311872047984 0.143036515178027 -0.257140544259959
-0.0595468506718892 0.0851295585609876 0.166469371929062 -0.198856322312573
0.0231058884535001 0.0956240813635137 0.109868010257371 -0.178629433172229
0.0931366700235065 0.042089667125439 0.0155266633137661 -0.164492143501263
0.0725677018467639 -0.0284901777481788 -0.0284932374291331 -0.121084979254464
0.0352082424585328 -0.0549454028037701 -0.0430288013252936 -0.107422272796135
-0.00655691164706629 -0.0698140519692923 -0.0425613197835506 -0.103403316819819
-0.0306640386771555 -0.0678088816252787 -0.03855591283164 -0.112295892918104
-0.0323710160808197 -0.0714325372092531 -0.0182851736483079 -0.130619020255739
-0.00171382361054478 -0.0803738455332539 0.0413835558559811 -0.13461060982616
0.0463223443233734 -0.0705183995932251 0.121628631961481 -0.102587642059223
0.104960240479086 -0.0221625677416692 0.142191974651725 0.00800356710129444
0.0800618106748777 0.0635966312027323 0.0789082451891046 0.0947850444180862
-0.0116806265174381 0.10920761885837 -0.0117621452859628 0.0365161837688034
-0.0705921935009924 0.0852766977066056 0.089406593629169 -0.13821656841878
0.0597731557903413 0.0121985924002215 -0.0865041486928573 0.190460119557598
0.0299608345992723 -0.0447950207801277 0.056872936719623 0.0113269307024892
-0.0265216314083637 -0.0507531392562478 -0.0693404153778244 -0.116263402961489
-0.0476823615531314 -0.000995753701664759 -0.178038677093326 -0.03626604719251
-0.0209350988261751 0.0258422058539402 -0.169139937190207 0.110071104490968
-0.00228362008793963 0.0179851977125406 -0.0575268528148222 0.181216066570649
0.000953610461359603 0.0234282840200548 0.0275076449009223 0.167367173749762
-0.00154290771580073 0.0219246215219981 0.0559756529739736 0.135544576682657
-0.00958811832232402 0.0118294447507014 0.0668793547932886 0.124032392713568
-0.0163677464499023 -0.0011179563293856 0.0629734443909825 0.13129407208975
-0.0173664819885662 -0.0125618465140622 0.0314186729986797 0.147703064173338
-0.000292024179072335 -0.0372389503637996 -0.0271530206112473 0.172871914164012
0.0359989084038293 -0.0262590592793517 -0.104069539880244 0.181232972656791
0.0564955399367931 0.0253283306041123 -0.157255299175312 0.173383972324289
0.0417368967354013 0.0549097744989541 -0.145479057950777 0.255413896697409
0.0379780018667441 0.108735413793478 -0.118543484044148 0.162639697260686
0.0563439278248495 0.0406598966232804 0.0476297657643484 0.00558493742657536
0.0501909315338581 -0.0146914432477089 -0.07511421624086 -0.13029963307204
0.0290816774531973 -0.0287681778852862 -0.195001951480977 -0.0531482314253342
0.0124005918180811 -0.0267840826417703 -0.186481540957691 0.103296370583002
0.00153271617995811 -0.0375963407217971 -0.0698094092375864 0.181815950785315
-0.0228302390587207 -0.0312332754883971 0.0205156485214444 0.164017485585325
-0.030318154173544 -0.0269891004511573 0.0510129329738666 0.127503206581806
-0.0289502840121689 -0.0424550951062947 0.0667718765480821 0.110937826558599
0.000134580226592258 -0.0603621485942972 0.0684110993738288 0.115261180996449
0.0309428399487548 -0.0534647338502769 0.0483528796845763 0.130294389107247
0.0829062165395115 -0.0380620326176193 0.000527206749216759 0.163729284689419
0.0967709165610734 0.0341036781084676 -0.0734831568726806 0.184812176910601
0.0534423039383996 0.120381496668474 -0.112556964904196 0.171098641146813
0.000838359736056633 0.159769272063539 -0.108298262665187 0.228242527886933
-0.00106179847680261 0.191394239682718 -0.126141044358744 0.10332143116379
0.0608475765476505 0.138673058258399 0.0476234644736774 -0.0191691567154339
0.122755908910006 0.0459672518282433 -0.0695943600135317 -0.156243544409676
0.119928515426081 -0.0408738168708666 -0.203658667291884 -0.0839704303716611
0.0597186751027142 -0.0777709856396909 -0.197046103986413 0.0788307688330644
0.0152944593830652 -0.0935958830804948 -0.0844454358135514 0.160645801694435
-0.0385550152589938 -0.0862410600041104 0.0077467237599658 0.139585595023336
-0.0552538415018452 -0.0722366494550373 0.0385840869295826 0.100888939614123
-0.0499711210719551 -0.0867985046334494 0.0593045949686426 0.0796516461675613
0.0033790198238991 -0.10963516942443 0.0731347774562154 0.0803530162730246
0.0587548391621333 -0.0969161119077021 0.0745202406158113 0.0957650278759785
0.145847363535633 -0.0616932342385186 0.0434199495083394 0.144800227387304
0.159854853504488 0.0607387660783233 -0.0292170039448003 0.185425037819712
0.0720230131375727 0.186173577793681 -0.0678202685477632 0.159397801185244
-0.0205008765111552 0.241802830884889 -0.0613146193531344 0.171676211058367
-0.0488153932509438 0.243754685415979 -0.102250296140263 0.0184480895811068
0.0411867945380269 0.226436985898561 0.0622706507330893 -0.0622428773152822
0.171937390048673 0.120263985275406 -0.0472167498391378 -0.18633884972283
0.204548253030351 -0.0287723987287414 -0.188444075895438 -0.121821193016998
0.112305225062076 -0.1131642516207 -0.189203813098109 0.0357725491117124
0.0361724033285749 -0.136988602088682 -0.0929622366771262 0.115265290292889
-0.0428646650701797 -0.130559683682812 -0.00824254277166087 0.0957717010844107
-0.0705360879765324 -0.107096839211384 0.0204441230788972 0.0600102764724986
-0.0674107943191738 -0.115641302939443 0.0446662514259061 0.0361114243197752
-0.00119063247864609 -0.141558822256756 0.0709044071057346 0.0331347119522329
0.0684754166202219 -0.128546373795629 0.09462068370928 0.047251484786648
0.18044580941136 -0.0879331627829095 0.0821248782635058 0.112382237428379
0.202390101842629 0.0633803981508866 0.0128695455857444 0.172648096745541
0.0896975142378969 0.215997372537873 -0.03763055696714 0.134691129023795
-0.034472501140808 0.283831428195303 -0.0203287331160982 0.0955545644136274
-0.0962206591459461 0.249783043129667 -0.0466491667239737 -0.0789902293089206
-0.00672940599332602 0.27324855767893 0.0931690313890707 -0.110798535330941
0.171780083112481 0.1877255878005 -0.00132212867074436 -0.208089005029127
0.250522492271003 0.0108913769788799 -0.141122122155835 -0.158865580602791
0.15484169656535 -0.116366318593023 -0.156360536913902 -0.0210039286669628
0.060735474612763 -0.153701534827691 -0.0903009204795692 0.049796211527935
-0.0345449818601531 -0.153541853734071 -0.0225030445424243 0.0387798195328936
-0.0724285734437333 -0.127172494117396 0.000340929070746991 0.0110212870141373
-0.0727448603153386 -0.129508130574541 0.0258356124506871 -0.0117598438457683
-0.0037785513649781 -0.151888568679379 0.0603918073875812 -0.0171030327064308
0.0705515625005467 -0.139547943540067 0.104025922998796 -0.00219465578383217
0.18939658303127 -0.0946613891105398 0.107835587920184 0.0739292328230829
0.209513875641098 0.0627517475708081 0.0430485365279678 0.151785751070391
0.0873519341206713 0.217204639521183 -0.0236987919805159 0.104805964691186
-0.0466351238053316 0.282963944458258 0.0144940038406837 0.0160239954864935
-0.11406742492969 0.211726230384375 0.0283826368013212 -0.165383366408255
-0.0495783079057895 0.258390988750809 0.132130799986027 -0.154880344356862
0.131888529503551 0.207677095872052 0.0491755513403495 -0.210453727061509
0.239778367411272 0.045482166497884 -0.0797564185390212 -0.174954865793942
0.161821863092453 -0.0968131745607861 -0.106153795046515 -0.0683599136810131
0.0692374972579955 -0.142234734794253 -0.0728973704347069 -0.0173633773740218
-0.0240009459583375 -0.149815697325557 -0.030027347150677 -0.0208566084466268
-0.0653112427433637 -0.127229134932953 -0.0163443482939699 -0.0397307376518428
-0.0683997739517932 -0.126680700267519 0.00717635056451244 -0.0597059620819359
-0.00600066488779325 -0.143317654811786 0.0497825181032423 -0.0651852240266062
0.0670702194348698 -0.130669490883335 0.108278046062969 -0.0477321254464176
0.17718283136375 -0.0812333139384514 0.123218725697822 0.0402948054267178
0.185099925773253 0.0651165328503807 0.0614757827655836 0.127768580364355
0.0627932728995044 0.197002928092382 -0.0180861115288123 0.076037688156098
-0.0599352480859103 0.24331685305668 0.0440982984102856 -0.0542060843366466
-0.101748528337893 0.138728444877837 0.101904234388413 -0.228538060687683
-0.0685141149184511 0.187682034779657 0.164696036290247 -0.183945134250958
0.0749535668364086 0.172367584568259 0.0926818465123326 -0.196857569764682
0.179828944190191 0.0569476055007202 -0.0197126425388808 -0.173905826166568
0.131242769749744 -0.063708515184378 -0.055825763256944 -0.103513492664873
0.0604477340859873 -0.106312440032079 -0.0532900022926892 -0.0739691988346732
-0.0153871757289109 -0.120109587061867 -0.0363880983419878 -0.0723101242357529
-0.0517240998229836 -0.10608194824254 -0.0303572806709733 -0.084861920901294
-0.0545071114541611 -0.106913409869712 -0.0077044676035816 -0.102218178983671
-0.00449174262720051 -0.119579489968694 0.0430251707454431 -0.106093026042482
0.0595585747937831 -0.106331074374068 0.113648771208033 -0.0814382759429627
0.149394041674775 -0.0540602339447928 0.133529253313801 0.0190623619310969
0.139097287746417 0.0695550652305982 0.0723648477863804 0.108694939838269
0.0248464058700991 0.162052838421144 -0.0160304385856899 0.0524944355686128
-0.0704185578488594 0.174726908088576 0.0696233638159143 -0.108256660463123
-0.0662466587131509 0.0416908060138461 0.151943827043336 -0.261400973854476
-0.0620160795060545 0.0854882767342394 0.175930233225285 -0.19935299485819
0.0211940371208549 0.0966909093516907 0.115861231403753 -0.179845902353291
0.0947779477341785 0.0433557320911864 0.0186865974414122 -0.167459712627023
0.0748591757175082 -0.0280529534755462 -0.0265815480070086 -0.124503742425542
0.036932499846251 -0.0562698836568668 -0.043181247271272 -0.110661524535799
-0.00585985047965756 -0.0710248469088679 -0.0430633166904174 -0.107227905874962
-0.0300663273197861 -0.0683193615015458 -0.038966885835891 -0.116951643229312
-0.0320039022488703 -0.0728493653716803 -0.0165580296924938 -0.134002830296611
-0.00120883912844647 -0.0816385066045022 0.0450414525329674 -0.136652608978818
0.0483971857853348 -0.0713129611273491 0.126109074870603 -0.102718890202487
0.107602378191792 -0.0212803883088379 0.146274427593666 0.0112566678058349
0.0800277324720226 0.0661804896674806 0.0791919289914471 0.0993010693732116
-0.0144425731133943 0.11095944976867 -0.0137257427775427 0.0376463145034458
-0.0726801089934334 0.0850202983793123 0.0916812598721799 -0.14002920236504
0.0619771009867468 0.0102425998254624 -0.0855693546767353 0.202442472218594
0.0304812043757406 -0.0476406528771343 0.0616003183208587 0.0101870220387065
-0.0287927906798003 -0.0521184609089292 -0.0739376371092335 -0.120613724773981
-0.0504242847947607 -0.000411882922307595 -0.185559664630393 -0.0340638179540369
-0.0219137710800639 0.0264358821399322 -0.174724430533684 0.118141148963905
-0.00306012845020758 0.0189479852296636 -0.0567729719344005 0.189443177321682
0.00126757903496689 0.0235730202457764 0.032748932923714 0.172903733082986
-0.000142976630217223 0.022711482583515 0.0624668955622283 0.140425467064816
-0.00978932888027453 0.0121507345080476 0.0721772544996102 0.128479996965335
-0.0169637483118452 -0.00128452576936407 0.0681391693779281 0.135672293234591
-0.0178865291845645 -0.0123475518546056 0.0359010945601832 0.154278368625309
-0.00103713536777712 -0.0390319577282541 -0.026055957668619 0.18080215383215
0.0375478813010056 -0.0276072248797463 -0.105660206807354 0.188959468438301
0.0608347093700549 0.0260798512615248 -0.162644600728669 0.182669453329268
0.044219633778449 0.0557644921688912 -0.147564125792724 0.27099482926727
0.0417148668469998 0.111139789123875 -0.118982901535972 0.175106362355286
0.0600712720873838 0.0414457702691595 0.0520803162995584 0.00504172152030728
0.0517603988935505 -0.0161672687201098 -0.079419854749533 -0.135072850981833
0.0293819441879003 -0.0316305349824292 -0.204811336592892 -0.0518362138006995
0.0121027919583249 -0.0291411728725881 -0.192222429953049 0.111697250453358
-0.000205708020270081 -0.0397848285388961 -0.0694271263073189 0.190474642365481
-0.0252012782056313 -0.0320845045843211 0.0250442772150575 0.169633454728752
-0.0323969927481549 -0.0265031664259621 0.0565096243167124 0.131888664738204
-0.0309147120786136 -0.0437381047694399 0.0716412599405638 0.114764089471584
-0.00116264473458152 -0.0638558874416176 0.0736654534856024 0.11908191076626
0.0309359261111368 -0.056705973520815 0.0525140388516295 0.135856666525555
0.0853738374543644 -0.0418400487614918 0.00291178787850101 0.170992954483729
0.102820445059447 0.0340613248649055 -0.0734800367670913 0.193977694278036
0.0589448200935993 0.126088000217852 -0.115903199370899 0.179629886132093
0.00429157206087379 0.166445615852283 -0.110037790478707 0.241759709405769
0.00266150843041937 0.198481197392075 -0.128498762173806 0.112724634527025
0.0672053421555804 0.144187193475202 0.0520233026750063 -0.0205544658162645
0.129695692557148 0.0446775374718992 -0.0740031387951904 -0.161861312537135
0.123967709634197 -0.0471388574945784 -0.214188988643016 -0.0835277544028798
0.0607393124581993 -0.0834026113401914 -0.204512568563344 0.0856107424622068
0.0128683089448621 -0.0983987931085421 -0.0848853924436771 0.168245056292595
-0.0421017376153259 -0.0890238610678951 0.00974633432110197 0.145465602648503
-0.0590147597986588 -0.0726817969607573 0.0420539527550614 0.104355410441842
-0.0539988280988912 -0.0886895220581465 0.0633661215463084 0.0816010680225496
0.00117314357795271 -0.114974046937649 0.0781164183248209 0.0817773331257297
0.0591479669966924 -0.102240158413304 0.0798010054756962 0.098259055504039
0.150391825519727 -0.0676587579552544 0.0476634365165325 0.149917756472855
0.16806620369636 0.0592945077538349 -0.026995450945798 0.193500270388701
0.0792188515229383 0.194403659583991 -0.0693712944869176 0.167316490207387
-0.016622546671538 0.251895318448864 -0.061587821176555 0.181560186549068
-0.0449426309877252 0.254259815623944 -0.105500860216793 0.0232262824318797
0.0483802832061327 0.235707636092503 0.0663667178782585 -0.0650403149116841
0.182292892495741 0.120996982628692 -0.0517138375362169 -0.193232806980802
0.213129759715562 -0.0367375486741216 -0.199917705653625 -0.123186691461384
0.114522820814709 -0.122055522055904 -0.197428780931536 0.0404932098905731
0.0342337718873197 -0.144744370224659 -0.0948715089987487 0.121326336888104
-0.0478014552858129 -0.134863562184717 -0.00784955600446057 0.100307525477607
-0.0761662675186975 -0.108641062873936 0.0215971081656508 0.0623905230576512
-0.0725033904022353 -0.118073986779985 0.0462606496191148 0.0360339682028951
-0.00505399852114097 -0.147167184298176 0.0741674682724288 0.0328648873321366
0.0686491603044526 -0.135864747142466 0.0996833367619478 0.0472968240853205
0.185808705258311 -0.0972835090617941 0.0887257660738616 0.114850907500695
0.212744646036663 0.0606296097357134 0.0178511737888964 0.181176633211397
0.0981667080858186 0.225223087800197 -0.0376601135499841 0.140788652478234
-0.0297215460015465 0.295862686614619 -0.0207540279398035 0.100759499798749
-0.0940487548161889 0.261816823966233 -0.0491596357363776 -0.0800881065935678
-0.0011482073098204 0.286444329440808 0.0980714181129505 -0.116461470562775
0.182185632888744 0.191382825085472 -0.00401870325654808 -0.215960568926836
0.262064532908531 0.00339416181787729 -0.150160623734748 -0.1631746793583
0.1589892062966 -0.126078677353963 -0.164204711535337 -0.0192344371711763
0.0593477605941646 -0.162590234374234 -0.0937037639245398 0.0526483484088238
-0.0396282847029642 -0.159899788425833 -0.0241590591281238 0.0410755341688793
-0.0787233426523163 -0.129862611719131 -0.000512459316934772 0.0111855050322795
-0.0787496743336711 -0.131724259039608 0.0257129486368794 -0.013333473448583
-0.00826304298058287 -0.157933620413494 0.0630776131169013 -0.019013789489274
0.0700671975997115 -0.146729662824239 0.1082168492617 -0.00466535116464326
0.195239486501564 -0.104054449659935 0.114855426941367 0.0740602411254822
0.2196869995613 0.0599185882468889 0.0486717849411806 0.158061604118342
0.0954409779717522 0.225317837312929 -0.0229714979180259 0.109849530810491
-0.0421497530692885 0.294816649331067 0.0138638431860768 0.0163877254701947
-0.113946798165315 0.223205039516191 0.0276159312712476 -0.173080644071049
-0.0460369289210215 0.27095052034764 0.13669812836251 -0.163211630073124
0.141638266781664 0.212910534987829 0.0485866781302009 -0.219886322366394
0.251590401307543 0.0399277154939627 -0.0855576045356468 -0.180862327903637
0.167465219362849 -0.105685768967851 -0.111292030460125 -0.069601732272938
0.0691306624623036 -0.151240084441254 -0.0765658208506406 -0.0179465464303151
-0.028759227985414 -0.155643855579538 -0.034289313873369 -0.0213774378066641
-0.0717863192846283 -0.129249881433557 -0.0196599918011417 -0.0414864638593968
-0.0739465396627186 -0.12925795163965 0.00608828459344164 -0.0627439969350093
-0.00994069883186322 -0.149365753824408 0.0510058666631088 -0.0689160542705208
0.0662900551831684 -0.137633394623761 0.11176190473847 -0.0517630353338503
0.183554689795458 -0.0894358334049565 0.130284752902629 0.0389183354928974
0.194865552105223 0.063385237494781 0.068401824418256 0.133119260886221
0.0685895783740227 0.205630217731158 -0.0176376932390748 0.0802876932038441
-0.0567187526571713 0.254384715220282 0.043212069984997 -0.0579559152172853
-0.101960418831401 0.145823575657032 0.10308305647076 -0.241106618666155
-0.0679791187156553 0.197528673998983 0.170302372042049 -0.193949237913443
0.0814251498365198 0.176974863447223 0.094059174982062 -0.206235001221088
0.189589915543473 0.0538711406844309 -0.0226324814555534 -0.180116957619989
0.135955254336325 -0.0698218223709691 -0.0597041913869059 -0.107287980905884
0.0607685174852853 -0.113295813523447 -0.0574773518134807 -0.0770881294959201
-0.0190999880301597 -0.12432143361639 -0.0411418024697358 -0.074598100246736
-0.0571666677281979 -0.108192429294665 -0.0351587466443601 -0.0880015857915761
-0.0591036964352848 -0.109469487177507 -0.0109211323220473 -0.107174247936014
-0.00762727760147111 -0.124162482442828 0.043440957048609 -0.111582286567268
0.0593538418433504 -0.111955572983849 0.116805088394524 -0.0872217615458177
0.155222800810023 -0.0597257824474113 0.14051994853243 0.0162497105724143
0.145443035789529 0.0688715864184787 0.078741628834425 0.112938551729275
0.028951272259555 0.16833631170174 -0.0153471872789637 0.0553571274761457
-0.0691710985253527 0.182086059543476 0.0687551766643976 -0.115376360311629
-0.0676216229557212 0.0436511842165397 0.154833179253344 -0.277467146367729
-0.0631299855891651 0.0901511927687794 0.181451931260339 -0.210828628310629
0.0238424550579794 0.100020500537918 0.119228396152081 -0.18940660557973
0.100450778674424 0.0415785004655443 0.0175993601911998 -0.17470674352741
0.0773685009844467 -0.0313722889795999 -0.0290836772063858 -0.130265490805836
0.0380464462815849 -0.0595369820206455 -0.0474417931729167 -0.115910248602232
-0.00757301758061865 -0.0735574830815746 -0.0483970505985346 -0.111178764733012
-0.0335292587563359 -0.0697424289428373 -0.0458292175052684 -0.121121839004328
-0.0353293176649025 -0.0749897200183064 -0.0204781834262208 -0.139770264515562
-0.00364007330975061 -0.0844871464615289 0.04527926426689 -0.142948010606564
0.0480701462393237 -0.0758389723905387 0.129460650897185 -0.109003018561956
0.111484699526561 -0.0255775943018828 0.15269272502318 0.00958867908936659
0.0837591183679401 0.0669243080463517 0.0857468153600025 0.102749547806976
-0.0123787808594948 0.1153501432653 -0.0136759847086482 0.0403967422594415
-0.0736759909770624 0.0891585788600386 0.0909401249772688 -0.149140570442004
0.0620764339522392 0.0236751495660575 -0.114798934625804 0.19166775158625
0.0388764312385223 -0.0434595025907993 0.0645997290126807 0.017908688620356
-0.0217429580585533 -0.0563414073833332 -0.0567885791571555 -0.137829526863526
-0.0513146135292836 -0.00560023825355186 -0.188097326558414 -0.0662931144871182
-0.0251030495380921 0.0265503745511715 -0.197931399475596 0.0957078880798898
-0.00547999974070269 0.0200868625055447 -0.0879638276463372 0.184601431476624
-0.00211864640727979 0.0247405455532901 0.00676870554404432 0.182807506184954
-0.00318931983646113 0.0235589710936942 0.0417041130194439 0.154061807828985
-0.0118268142004802 0.00991299520679385 0.0552059679251863 0.14320164866086
-0.0162267176682689 -0.0038930998345612 0.050472052005083 0.148597179519632
-0.0157866027266311 -0.0147218005297131 0.013488171598566 0.163557356153558
0.00454812255608204 -0.0382616030960457 -0.0557175518304047 0.181640746629115
0.0419732379041554 -0.0186638604367809 -0.138637047367351 0.17498392641246
0.0555544594710065 0.0404035812224078 -0.198574379497134 0.155066024448065
0.0344737233189883 0.0701536871831333 -0.200472680347472 0.248336726894989
0.0231478311466573 0.121906278314663 -0.146380435480811 0.163253447275376
0.053291629838506 0.0504163040356809 0.0556850002151465 0.0150315260580457
0.0524557109573374 -0.00707906212690182 -0.0552511713796631 -0.150932608542155
0.0327248589941122 -0.0240281089820263 -0.198647927658946 -0.086877671184503
0.0185214975027453 -0.0236827007548999 -0.214639480988513 0.0826194439882308
0.00771391884252472 -0.0385866214361248 -0.10035556495806 0.181932747525269
-0.0191821616338257 -0.0358079051491917 -0.00102866881888316 0.176506257475957
-0.0261104453476472 -0.03196118593706 0.036769471405323 0.14448920620343
-0.0234030434728066 -0.0502982841081522 0.0575893790510217 0.129811823337086
0.0104462398778754 -0.0646899017658594 0.0586439112885249 0.13460700264844
0.0436334351023363 -0.0505525953244212 0.0315568308172065 0.148821939089299
0.0934169020701066 -0.0270067476273152 -0.0288824035470051 0.177722962554069
0.0961908461527839 0.0567264767457152 -0.107521874073981 0.183201450483666
0.0342344619739195 0.142810596954447 -0.150517716477078 0.156310032447053
-0.0290132916224036 0.178003956927323 -0.153344160857852 0.220287538487534
-0.0321336426291561 0.201750734910603 -0.147583443792692 0.102114531986092
0.043425308606252 0.154510165861055 0.0595871489374779 -0.00747840807019122
0.11828696574859 0.0662165979439099 -0.0402809848257701 -0.173251429146367
0.128240769866592 -0.025458728963963 -0.196899760613746 -0.119527884559678
0.075626185803529 -0.0701052175719434 -0.220581964201707 0.0506765846113911
0.0302599167369131 -0.0962679095349125 -0.111975411493358 0.156119785792143
-0.0281618246674907 -0.0950214121262921 -0.0121800361625001 0.147266386082764
-0.0448908814518067 -0.0839025727827985 0.0258535554204601 0.114094634884926
-0.0391203805199388 -0.0991785403002244 0.0542266754846001 0.0940189535678604
0.0216618673602835 -0.117094983385639 0.0699323371748874 0.0981047812895077
0.0814374808601546 -0.0921005364059425 0.0635951432563014 0.115879599229591
0.165031187826452 -0.0434357307815414 0.0176949915112572 0.167398832303429
0.159337464448265 0.0959573747248576 -0.0610871936578162 0.191132122132926
0.0434831481024926 0.216657297496031 -0.101589362110929 0.147582032801764
-0.0667412382977325 0.262793961147808 -0.0908839195981532 0.16328462308586
-0.0917380931858779 0.247358345596729 -0.112073138128738 0.0176877939320906
0.00822758354040743 0.242175874455068 0.0803808265564843 -0.0476324953995238
0.157494380108211 0.150415354507559 -0.00984845202950549 -0.196522781399374
0.213748421092211 -0.00243485784333692 -0.170689928653686 -0.155628194056034
0.135637393107353 -0.10033361263199 -0.203515531846061 0.00294839829438685
0.0593769347649029 -0.140020555662822 -0.115487241757611 0.105220374837388
-0.026362296548594 -0.142607487550128 -0.0237304396078188 0.0971305820885351
-0.055689230359566 -0.123254863987309 0.0117747143418602 0.0676505935360945
-0.0530564111439032 -0.132427111480739 0.043759555050931 0.0456570644907866
0.0208427472223361 -0.151101033875907 0.0739474123593726 0.0473315005369487
0.0975695814629322 -0.125030007801144 0.0909258335480172 0.0681019716502907
0.206800549287824 -0.0670329774514774 0.0636582772814071 0.13919104835971
0.203567251499112 0.105573576579225 -0.0138316768393293 0.18526673709516
0.0569656137066814 0.251455099557942 -0.0650021877486625 0.12526333192527
-0.089215560613928 0.306283069342358 -0.0320556535596197 0.085122561982835
-0.143265962546612 0.243552528699105 -0.0409457024667927 -0.0783687899961317
-0.0499280675391206 0.283613024992553 0.118558849173483 -0.0934011030693405
0.145173624548726 0.220178559061336 0.0423809758363976 -0.207590628713917
0.256239578932914 0.0445511508502184 -0.111351522466274 -0.184150359053043
0.180801960004736 -0.0977736634797272 -0.157142004554792 -0.053786196815282
0.0879357986109406 -0.154629843811215 -0.102169139019323 0.0347663266275039
-0.0138108316742626 -0.166235794688264 -0.0296827237570388 0.0328611615677499
-0.0550038637646454 -0.145193704414216 -0.00348873007925963 0.0108171726308422
-0.0554081008402708 -0.146922299456663 0.0304532635568298 -0.00870168617079698
0.0200083774188436 -0.162581001135815 0.0710443757400067 -0.00735072334167999
0.101773922638704 -0.13659507305747 0.107663937284983 0.0161573703699349
0.21875783738387 -0.0728962097525231 0.0960022387561199 0.103371174737088
0.211173992392417 0.105866044595717 0.0217536093059086 0.167103032653479
0.0537629008781112 0.25036164235618 -0.0454183916905783 0.0962586624910944
-0.10172279280257 0.301384539639082 0.017940446509114 0.00559914796764661
-0.15593893898436 0.199061337443652 0.0510246337801925 -0.161432954627251
-0.093204736420654 0.259780792367437 0.164240636596318 -0.135754588836671
0.10051604999776 0.233260108985646 0.0932949347035065 -0.200737812263812
0.239831190773548 0.0778558514007098 -0.043470800768137 -0.189222680336447
0.183906947539165 -0.076281606597542 -0.0945049526571149 -0.096918776187626
0.0953737334878605 -0.141005646274885 -0.074018191170971 -0.0347736079193883
-0.00373515552558558 -0.160803782173147 -0.0301622957403661 -0.0318323111061816
-0.0485577974985413 -0.143835998273556 -0.0149915369313839 -0.0462239465088302
-0.0524533342711854 -0.143412308993189 0.0171072704229896 -0.0627999836211788
0.0163646486873489 -0.153867276685094 0.0656689173750977 -0.0604164167591012
0.0963645571993926 -0.12794310670818 0.11877807723832 -0.0309025539698369
0.203930808224433 -0.0604287241377515 0.118067703988089 0.0685512410495639
0.184502945298733 0.105044372424346 0.0464037805472737 0.144714742783167
0.0314761292625795 0.224477840364625 -0.033671074476956 0.0686212502028003
-0.108065065662531 0.254545220675371 0.0611195016951324 -0.0634192373002238
-0.130684887254772 0.121035904622122 0.139349167337321 -0.221713490796785
-0.102851734593189 0.181447541589652 0.203186457254849 -0.164375656293247
0.0470348712124173 0.186890283142713 0.134109522761674 -0.182223029094669
0.175862712355512 0.0805338591104956 0.0178183521292653 -0.180039617081918
0.145856296124471 -0.046911289414386 -0.0364560102815643 -0.124508731862115
0.0801453390510361 -0.104838651970324 -0.0454659700675175 -0.0912466084720026
0.000556420596452706 -0.128361877173007 -0.030012381242719 -0.0881490141146518
-0.0377713213624377 -0.120307823638684 -0.0237214477625158 -0.0966049885591503
-0.0406027275928105 -0.120703798973405 0.00643921706639338 -0.111431964544695
0.0140894667139846 -0.126945894711684 0.0645640578393805 -0.105303642678231
0.0839979159177759 -0.103530534722585 0.129669614509277 -0.0667989562985196
0.170370022519434 -0.0351062663696168 0.133813693931833 0.045896858213663
0.133687185106503 0.100519340529748 0.0608085964842887 0.1259036780963
-0.00314947344954388 0.178896884491884 -0.0253867944322449 0.0460508381048716
-0.106839162815866 0.175809592044711 0.0964077753061515 -0.114190139040816
-0.0773219843598207 0.0247064810309502 0.198671336664991 -0.252780210993511
-0.0799446016762482 0.0747714956506222 0.216388816480453 -0.182370879819589
0.00391430901209384 0.0997515645210402 0.153869166729028 -0.166223378526508
0.0900497928314832 0.0545909056854878 0.0527111415809415 -0.170181245495418
0.0803354778936056 -0.0183982246177022 -0.00492242649353218 -0.13976030170842
0.0477439759921054 -0.0548216748960706 -0.0302983902713075 -0.127755120442979
0.00400768230029114 -0.0750567361351461 -0.0319151601164513 -0.124598645669579
-0.0226056680440281 -0.0771464560396011 -0.0293220749685078 -0.131515892556819
-0.0225425918251742 -0.0818030680965863 0.00139947301174764 -0.146363759738625
0.0112601472565305 -0.0873426884389411 0.0699677520292011 -0.138252780283618
0.0654411276548743 -0.0685959775037877 0.146347491257702 -0.0882433540809926
0.120949989073099 -0.00563030932480549 0.149476880194917 0.0377753671890987
0.0707558834685188 0.0870290814971823 0.0715711914730737 0.116503317586197
-0.0351602545399443 0.115927825572503 -0.019849631463313 0.0342456174738981
-0.0926374579800081 0.0758424260719958 0.122970001548037 -0.140015656590779
0.062157283190274 0.0174072846750774 -0.0964676785794583 0.200270473798274
0.0353260080176538 -0.0459139185169473 0.0664051013607041 0.0121045474033429
-0.0255214187453474 -0.053710222594324 -0.0662777138004422 -0.132257018230249
-0.0508922071700171 -0.0012971425437294 -0.189957001742096 -0.0513119147673896
-0.0228230271244571 0.0276176151095327 -0.187987597197864 0.109141273990503
-0.00439080711166348 0.0201108316171463 -0.0723673253539027 0.188707824474231
-0.000128829757156489 0.0237873097747471 0.0208807355540897 0.17869982536961
-0.000298204997120583 0.0229434615681844 0.0542187968376047 0.148717458568336
-0.0107797267902046 0.0106239032135584 0.0669647120777156 0.13742295862808
-0.0164807389112233 -0.00309019770735767 0.0610688410484331 0.142820241271446
-0.015908721670624 -0.0130632747591246 0.0263462279067339 0.160922949949246
0.00146758874952722 -0.0378673547456209 -0.0413947168202528 0.183213979746224
0.0409886363782705 -0.021052323642287 -0.124257015384162 0.181232792953793
0.0588919627052838 0.0358807893555188 -0.185934108998848 0.166909813637587
0.0387849150890581 0.0651423172168841 -0.179428277135691 0.262075525035716
0.0317998914128543 0.117217445588774 -0.129304453485791 0.174288891819988
0.0570654344165782 0.0458595860097203 0.0577930727860504 0.0102302735359865
0.0510387013866603 -0.0111776081437878 -0.0646452366142329 -0.144650973454108
0.0299889631300286 -0.0275310383145891 -0.202198775270257 -0.070737940042599
0.016280527326124 -0.0256454362210944 -0.205604018716727 0.0976862964994043
0.00333047507813055 -0.0389046343530214 -0.0848365639926645 0.18643060249683
-0.0223048682983323 -0.0342016233084564 0.0127862299879855 0.173254704725783
-0.0276535984754995 -0.0293567410811093 0.0480134068027582 0.140007596296856
-0.0274929364292201 -0.0474910057311702 0.0668848972798445 0.123561718387769
0.00448121758481048 -0.064905190206591 0.068502980430125 0.127964793645851
0.0389234880520223 -0.0533201623871606 0.0424633329711288 0.144850423909508
0.0898883429274731 -0.0344113983617754 -0.0152811221253075 0.177801359131782
0.100418420515466 0.0484194131075972 -0.0924492672885183 0.188301269859882
0.0463197405822437 0.139248709055748 -0.13795582513836 0.163802213015812
-0.0138465135403147 0.17707808676399 -0.135130061244701 0.230190488827841
-0.0159098000202298 0.200180838294433 -0.135553420422953 0.1136315216364
0.0555808139777677 0.149008124656551 0.0604138767675169 -0.0115829937713718
0.12193664710985 0.0550936587161048 -0.052370195162861 -0.167310471431248
0.124346958929063 -0.0369772894870159 -0.202634823283002 -0.102326058103142
0.0681755676364693 -0.0764260379091548 -0.214398840643337 0.0663674348915435
0.0207277106117679 -0.0977825218077953 -0.0989214886015764 0.161404285917766
-0.0354427516647669 -0.0917847797136452 -0.00110210190380658 0.145820594591253
-0.0507774320576187 -0.0778702016875371 0.0346385612271068 0.110620484875047
-0.0469075000223115 -0.0944535258799146 0.0603786642911231 0.0893418870582669
0.0116305487107982 -0.117224566913058 0.0764338478520687 0.0908217890388269
0.0731651644380583 -0.0971256167854309 0.0709205054969559 0.110199611681467
0.158756486027235 -0.0573545284591529 0.0300711886272455 0.16327178855234
0.164699006339569 0.0805115387089615 -0.0451623736086603 0.193495893281143
0.0596762017526616 0.211291682139279 -0.089857091353905 0.152259578687923
-0.0445071818461501 0.263131842396193 -0.07862899282857 0.168815688850277
-0.0702629881116088 0.250154760418935 -0.108070202581308 0.0270342529499116
0.0281453627581409 0.239638579598805 0.0776955154130515 -0.0517038363121613
0.166819239277382 0.135070794906559 -0.0226503828251455 -0.192257634422092
0.210698227526539 -0.0220008738427661 -0.179091959554856 -0.139590534391191
0.12552008034005 -0.111054158231722 -0.201189736183843 0.0182435110604886
0.0457620505347235 -0.143217973014496 -0.105229796122818 0.111407350727047
-0.0377781556542712 -0.138386683992537 -0.0163306729459657 0.0976210118456427
-0.0653522716689403 -0.115468334628229 0.0158577427056092 0.0661501561048185
-0.0625635662730888 -0.12523476192304 0.0459724492111918 0.0418959840905865
0.00825722765177752 -0.150526119889247 0.0769453769968822 0.0407881020370553
0.0863765609556242 -0.131355289096753 0.0946387644174396 0.0602919942450335
0.19843245078397 -0.0843768209591805 0.0736339268794039 0.132455486290017
0.209347493373496 0.0868456715436856 0.00139701169144942 0.183528690090259
0.0765982203785172 0.24433779856579 -0.05559950229704 0.12760409530561
-0.06244138920384 0.307363973212787 -0.0267344315928486 0.0869118162230271
-0.121887623515839 0.250163455639138 -0.0449657277090999 -0.0739016715158094
-0.0263705796865819 0.284150349126338 0.111094266433061 -0.0994479880962209
0.160886246782711 0.204034036650275 0.0276850000606368 -0.206486688363664
0.256367822815395 0.0204984565793238 -0.122579217369615 -0.172570806077215
0.1693965521244 -0.11253803016756 -0.15977893484479 -0.0418247238064788
0.0726189877066853 -0.160558227322982 -0.0980263812616997 0.0409058905856723
-0.0274405240402216 -0.162809958612567 -0.0290658363149237 0.0350497668922464
-0.0669188145782796 -0.136856210299493 -0.00401780467064707 0.0116247615570843
-0.0670838026693228 -0.140001328509908 0.0278865209117712 -0.0105080197361701
0.00575364402628132 -0.162126339353851 0.0697830555637348 -0.0127818491350397
0.0891826413085056 -0.14279829926995 0.107138869616791 0.00819007396500902
0.209184767069277 -0.0907878857271089 0.103399896336475 0.0933381481697115
0.216652303944708 0.0870459216804354 0.0356933291251756 0.163279652188062
0.0728801070745342 0.2438561561659 -0.0373686324999623 0.0979451862928293
-0.0755352068905927 0.303667263576451 0.0163177533748325 0.00354415487682855
-0.138558512923243 0.207444514235675 0.03908521651286 -0.163433565034481
-0.0707197140140911 0.264523184913299 0.153141901070987 -0.144758921933554
0.117638746633172 0.221219750783801 0.078860797486276 -0.20424169077874
0.242934251098205 0.0555324392246922 -0.0555127285660888 -0.183533006346407
0.17479819342188 -0.0919519820840159 -0.100482582969205 -0.0888519205883878
0.08201506966098 -0.148456646570007 -0.0759773032186419 -0.0296635800938592
-0.0172949980824113 -0.158358926319048 -0.0340349967491319 -0.0289919559752956
-0.060909687747268 -0.135993257178502 -0.0198536389383639 -0.0436169210013959
-0.0633412022693506 -0.136301778698449 0.0108140334372113 -0.0629085698913048
0.00318601010595028 -0.152588929035835 0.0605624029646768 -0.0646174512349659
0.0845757584725397 -0.133723885326827 0.114599051593466 -0.0392756463695631
0.196657170659352 -0.0776828944145554 0.12217658374057 0.0578738991428036
0.189659436352857 0.0872321437160167 0.0582744113253238 0.139330081852736
0.0486194312829017 0.219164492107254 -0.0277895134013168 0.0700564209038105
-0.085568721917451 0.257484099765617 0.0530125045785178 -0.0681406962015839
-0.119144526610924 0.128434867241487 0.12106673325798 -0.230410649712874
-0.0867565163620284 0.186725108841894 0.188916013427715 -0.175866266678627
0.060603004173233 0.179764612170788 0.119862887198049 -0.188004629755135
0.179911309129523 0.0630594036114273 0.00448120614727987 -0.178085182307658
0.14013937044639 -0.0593590029297894 -0.0447633864470883 -0.120985013306592
0.0700603074899599 -0.111293575162515 -0.0522847518078319 -0.0877042079032844
-0.0100041333575683 -0.126696841900361 -0.037823169259545 -0.0846073352894993
-0.0482486543891416 -0.113561443556237 -0.0327437403515934 -0.0928761753092891
-0.0501362034878096 -0.115283082154862 -0.003840536917608 -0.109246719201931
0.00334490604196333 -0.126695664794943 0.0555151145305689 -0.10981535566999
0.0750262743069837 -0.108671861323703 0.122532569081708 -0.076057854622274
0.165320052575107 -0.0490017669195865 0.135471994639747 0.0343089953227423
0.138441888663001 0.0881202505059509 0.0720846486875204 0.119740794701248
0.0109653736490941 0.176422307025752 -0.0218533618420247 0.0476350762610132
-0.090344633442212 0.179759467048724 0.0839393443289889 -0.121541093768732
-0.0740029290875495 0.0289283104384938 0.176262502001436 -0.26631168894144
-0.0724291085306376 0.0793128339820092 0.200727977941758 -0.195421340537035
0.0110390184362894 0.0978847560536662 0.140316024268381 -0.173976844383608
0.0923509957229611 0.0445771440601911 0.0398999940105457 -0.171888664937683
0.0778420467819724 -0.0253043124586464 -0.0145858265762625 -0.138431040543735
0.0428658816760678 -0.0587670422681632 -0.0400047034384198 -0.12466153802957
-0.0015490855636836 -0.0742079375948668 -0.0432559682436514 -0.121467026334676
-0.0287155332614349 -0.073080413774775 -0.0411244884458226 -0.127146827730244
-0.0293281273912649 -0.0781751424864817 -0.0111997596207693 -0.143701217033945
0.00385132713985969 -0.0860089572444602 0.0588558670240431 -0.14254294319098
0.0586741604022171 -0.0732213046133 0.137657993795417 -0.0980395890161472
0.117968331136415 -0.0159568322120397 0.15138893043522 0.0259553037909224
0.0750017482241822 0.0806140422402741 0.0806249739887766 0.109690048631388
-0.0258707553547629 0.116254688296301 -0.0172825329976646 0.0357578902182466
-0.0844272567018767 0.0805836123817073 0.107305971416781 -0.148889182020429
0.0589416232866508 0.0121215124138597 -0.0785206341177187 0.196244188994755
0.0310945481128549 -0.0457885065737279 0.0653089662244772 0.0072047529263241
-0.0272354630854998 -0.0489612427856263 -0.0695744811775215 -0.122885546908619
-0.0481434338440711 0.000988164439801827 -0.182261111629107 -0.0392356289352293
-0.0203277980067331 0.027309234270834 -0.17325104132488 0.113930733568125
-0.00335011223964239 0.0195012868767334 -0.0583061874486435 0.182596591876941
0.000738654745905759 0.0223311027661618 0.0300522119270307 0.166866155804349
0.00140371778860482 0.0216042862500084 0.0606432688217353 0.138417659364063
-0.00999349541494683 0.0103335884355033 0.0726498075236689 0.127318115651884
-0.0155211427750685 -0.00220623505073564 0.0658874506216972 0.132284532747226
-0.015645478617724 -0.0117558336684125 0.0336171640598895 0.151980221483918
-0.000694075746250453 -0.0364066128954376 -0.0306019216192503 0.176518385670206
0.0386242803556547 -0.0221054061641069 -0.109936610547031 0.177601384005263
0.0590830579093233 0.0313255159997384 -0.170296512011819 0.167539318302984
0.040137887278837 0.0593331923116012 -0.156867489848972 0.259569390414452
0.035961806262897 0.108688912037548 -0.111223269950956 0.173131147960627
0.0575531799142209 0.0404587892201987 0.0573551987362851 0.00673004228555631
0.0482527238406121 -0.0137164029459875 -0.0685450254067892 -0.134970182903994
0.0263574687195102 -0.0287452639480369 -0.19490048960418 -0.0558156538642816
0.0132747706322266 -0.0254593261694495 -0.190308174063288 0.104340046854503
0.000477776755375402 -0.0371182820356076 -0.0710000818498483 0.18155744822258
-0.0235227528367232 -0.030943867279979 0.0216295770856739 0.163213332419016
-0.027548428280238 -0.026034750504276 0.0543927635312801 0.130453345793673
-0.0293123986686853 -0.0431926588693221 0.0710066924448125 0.113842245596219
0.00107068525757926 -0.0625675810186363 0.0723793438431976 0.117660138630285
0.0349882077652525 -0.0526907872448577 0.0485754713348555 0.136408393493397
0.0828134830308544 -0.0384182590456442 -0.00500691181557803 0.169668799552529
0.0985076248376392 0.0400241245726677 -0.0777223966401175 0.182877439277812
0.0527371357479209 0.130380799746764 -0.124030694311627 0.162644889631968
-0.0037675750715272 0.167899221803336 -0.116546083439154 0.226720551707995
-0.00476356316946163 0.190575949295922 -0.120699095310128 0.116889732343734
0.0619475684191163 0.138471092522707 0.0586668207860374 -0.0134493112482407
0.119031249133195 0.0444406122309822 -0.0564794161120039 -0.156747186216956
0.11539270469124 -0.0446976909644872 -0.197317288183124 -0.0862651474829637
0.0602320996567413 -0.0776973659884811 -0.200205649357849 0.0745448008032361
0.013133028538774 -0.0946423828542014 -0.0853939267747033 0.158189874001823
-0.0396931580507504 -0.0852328330017234 0.00645252179987576 0.138053185474607
-0.0525972222577459 -0.0702921820073014 0.0394823674638751 0.103918582622596
-0.0500548017573918 -0.0864799375389969 0.0629748022349426 0.0819584374308008
0.0041001829063263 -0.112313489846213 0.0781495357848287 0.0823679074748899
0.0639387319004138 -0.0970088538858319 0.0734639116061158 0.101851249542053
0.147428214595903 -0.0637638383414708 0.0364572495837296 0.152907960327248
0.161102090952241 0.0671502709489977 -0.0316949248953341 0.185519454832563
0.0695702603729092 0.198324392815685 -0.078554456724971 0.148253648111515
-0.0276833169873255 0.251839893854189 -0.0660200561805711 0.165629359628979
-0.0541335158154275 0.240713774815654 -0.0991702523435649 0.0327902809850547
0.0410394918856515 0.22639998825138 0.0725733273335883 -0.0522558795310487
0.166728869159181 0.117571708372557 -0.0299529466166371 -0.181481990171454
0.198655999037636 -0.0351279955955607 -0.1767310824802 -0.122861663353895
0.112231125372596 -0.114398692569681 -0.191260862324133 0.0283797037778495
0.0343661473565254 -0.139464582989476 -0.0945283813540713 0.110573370189694
-0.044644635435248 -0.129033924905378 -0.0105009947087781 0.0936699820947483
-0.0684882142793544 -0.10427942398715 0.0189201204750816 0.062699346995735
-0.0673465626609447 -0.11438068288139 0.0457027530896795 0.0379210999376746
-0.000944759853572087 -0.144036383260056 0.0752916527924463 0.0339094459735444
0.0746307675942136 -0.130079984691743 0.0928923535657712 0.0536832006445311
0.183705184584927 -0.0930194225517155 0.0767319360693879 0.121274602796226
0.203367823716832 0.0699892892298835 0.012519614794146 0.174438570330337
0.0867845259663589 0.229188146523909 -0.0467326583547518 0.123903908643688
-0.0419873139689365 0.294532074093376 -0.0224435081293079 0.0844411136794758
-0.10211106660225 0.243890023498702 -0.0462945245355205 -0.0676876219555573
-0.00889403940792047 0.27242644550359 0.101948929195666 -0.0989641556310177
0.163671074541564 0.183707650741675 0.0170337425044294 -0.197577089756663
0.243933405129154 0.00279791113802125 -0.124157477966082 -0.157008717611341
0.154589906310709 -0.117765899812024 -0.154324247347383 -0.0314718213613464
0.058881245581119 -0.1574767399982 -0.0912703651963609 0.0435566539084481
-0.0357991534602538 -0.153685454794113 -0.0266212077193934 0.0350620964689779
-0.0716104442041222 -0.124485786338807 -0.00368008697492468 0.0126057074966752
-0.0724628092795943 -0.12829977243934 0.0253316587396957 -0.0110057131514334
-0.00379277514773955 -0.154244697093905 0.0651767150295137 -0.016369038002101
0.0764390967881174 -0.140895646621276 0.102079549962812 0.00251489348010993
0.193476837818946 -0.100444448673451 0.102647803490617 0.0827704712830552
0.209534057934267 0.0694778676132814 0.0438470842234549 0.152700847219956
0.0830165870820994 0.22871287622663 -0.0311562660423785 0.0943514188343116
-0.0538190299135238 0.29121478849568 0.0139424066378419 0.00216400589857231
-0.12053977372037 0.204182067330571 0.0295594740693724 -0.157694015827857
-0.053056901441899 0.255165952247677 0.138606143239753 -0.145167768455004
0.123887778548524 0.202516382310301 0.0655411457969769 -0.197116803550655
0.233708016792016 0.0364366525251021 -0.0612041615385714 -0.170791568389206
0.160449437208063 -0.098286076776601 -0.100290931847961 -0.0806764729561536
0.068090631530256 -0.146355031587631 -0.0746360543023243 -0.0253393158165212
-0.0257875764400963 -0.149779842660196 -0.0352223186338069 -0.0260165398646516
-0.0659107432162857 -0.124480325240371 -0.0224563229357296 -0.0393087837783003
-0.0685814215673806 -0.125158562521012 0.00578262444123022 -0.0595620472572434
-0.00548090782753519 -0.145266791302368 0.054470398536628 -0.0654439164060029
0.072517449163609 -0.131866646447018 0.10632830166601 -0.04287232517283
0.181918361723857 -0.0866099274666186 0.119308714270206 0.0482812198918297
0.183443984495359 0.0723927355897868 0.0646022086785446 0.128597094587782
0.057568934872135 0.206057063230503 -0.0227761357801582 0.067748800700474
-0.0666811505065664 0.247859867287371 0.0446466470037476 -0.0679869229606923
-0.106401028053648 0.128143632382657 0.102912249405473 -0.225709038126362
-0.0715311071537792 0.182325325257109 0.170315864645211 -0.176773404691121
0.0674823002165415 0.166375719170882 0.106197884100996 -0.184768988392925
0.173951155303286 0.047242212171307 -0.00303841612511796 -0.169621023310289
0.129612183953366 -0.0651059254330398 -0.0489398916866732 -0.113884842244489
0.0600214513682316 -0.11027257737238 -0.0552223471957968 -0.0816474587297559
-0.0165244313865725 -0.11918305634208 -0.0418037651151263 -0.078997319695441
-0.0525920798627785 -0.103367074612094 -0.0373986023284741 -0.0854128925562319
-0.0547795633583796 -0.105714232891014 -0.0101861707477994 -0.10339923734562
-0.00446961257874789 -0.120075727775704 0.0466010781011557 -0.107548193931584
0.0649675535988175 -0.107890203585216 0.11191659089997 -0.0782425183253043
0.154030683578883 -0.0572562846395489 0.13100351554199 0.0247930300600246
0.135697523574312 0.0763184633933934 0.0762136372428711 0.109849109883139
0.0198793396576931 0.166797825524785 -0.0183208304188114 0.0463314321720318
-0.0749293513309137 0.173301308076649 0.070450187858597 -0.120443022624136
-0.0682974894766447 0.0309568267693466 0.153060821288402 -0.263856892390505
-0.064477180387292 0.0791851540636319 0.180479068812055 -0.196866794361133
0.0153902738624639 0.0912902544705417 0.126381211085568 -0.173129367611612
0.0896506285556218 0.0353332680585076 0.0308672122433927 -0.1652401578322
0.0724620950647066 -0.0288739770419816 -0.0208162232355367 -0.132450407186249
0.0371986667694862 -0.0583023946373591 -0.0459366573303276 -0.117750615244225
-0.0060031322889032 -0.0700940055617624 -0.0492001290136595 -0.113649056018483
-0.031909323432766 -0.066585983410849 -0.0474194854572932 -0.118129978373826
-0.0330726343403255 -0.071863872325316 -0.0187622808736091 -0.136166158315525
-0.00144940722005649 -0.0812853487993082 0.0483884375641152 -0.138891351903879
0.0511830883550632 -0.0728263281142581 0.12535286130488 -0.100072604068227
0.110897645721759 -0.0227722866663496 0.145164955504925 0.016113996174797
0.0755585191877399 0.0726798537472023 0.0835772410002804 0.0996220595488607
-0.0174623700287695 0.112006677705041 -0.0149286519057305 0.0343358630350935
-0.0750374620150039 0.0793848236083616 0.0913556451436174 -0.147714722359835
0.0549939323624246 0.0100847742309005 -0.0687011517120342 0.187488019116441
0.029053896277901 -0.0436169785597486 0.0633366604676972 0.00506034117692186
-0.0267563625503907 -0.0454790854287231 -0.0673092753641526 -0.115969943416726
-0.0457479282811589 0.00130673421154588 -0.17265741662296 -0.0349990410035134
-0.0185901825918145 0.0259060592099681 -0.162590201834531 0.109931094810692
-0.00301520357628659 0.0187330126876437 -0.0532414477514269 0.172824665128965
0.000886728972129297 0.0208265353829025 0.0320091092258612 0.156289608043117
0.00211293276859199 0.0196416010452867 0.0608537540568812 0.129860573696629
-0.00957325493580877 0.00954585346471967 0.0721161371682286 0.11929279013715
-0.0146873241387966 -0.00228991463708815 0.0647406170831966 0.124801132119609
-0.0141800497602727 -0.0110165929921703 0.0345935475246969 0.143217316241385
-0.00140503363633681 -0.0341811986796926 -0.0268056122141358 0.167818695998485
0.0371195795116742 -0.0211278027441143 -0.10278910199417 0.168169490282613
0.0579267325554379 0.0285884616796778 -0.160342721202896 0.160301601997176
0.038039443628559 0.0549911942202179 -0.144111846686698 0.249084169677092
0.0353542885246689 0.101772340351098 -0.0998366696334312 0.166559921690532
0.0551611044246281 0.0374108371915749 0.0568083073683921 0.00503244336259888
0.0453744830687535 -0.0146010704717433 -0.0660288684742139 -0.127154128172198
0.0242182439910164 -0.029216439905396 -0.18492879971805 -0.0505038370781507
0.011967460190039 -0.0252999465072345 -0.178490329482259 0.101232806911825
-0.0013319200082721 -0.0348915998206152 -0.0638937494534024 0.17232848500795
-0.0231288145387366 -0.0284359930304496 0.0239617058814878 0.153374223054
-0.0263528574931346 -0.0241082859238626 0.0543146335171588 0.122676044166219
-0.0284969838910222 -0.0405031871092293 0.0697808011390114 0.106950047476313
-0.000420666857404618 -0.0596696012595893 0.0707134501222433 0.110641023420487
0.0320268351209088 -0.0507033650433875 0.0479442619923722 0.128844984844937
0.0773526000200612 -0.0380589609955969 -0.00211528822195146 0.160838522439454
0.0942698472472522 0.0356082616356246 -0.0714627968087019 0.173422356919457
0.053128552676386 0.122713673409395 -0.116811360109443 0.15400595716899
-0.0012167150641662 0.157967647687027 -0.106535369814763 0.218357310858689
-0.00220347190963478 0.1797007006425 -0.110425620071374 0.113873666855651
0.0614990727222731 0.130865312419737 0.0578869010456834 -0.0128381419699299
0.113311276748391 0.0395157504875916 -0.0543861205980161 -0.148030989098257
0.107583412818538 -0.0459369733649278 -0.187051383894 -0.0790122492365983
0.0547975500782103 -0.0757872811900612 -0.189301302781711 0.0738788677155044
0.009831944677981 -0.0894772932022397 -0.0783036338661493 0.150590538131268
-0.0396257895839451 -0.0791238425361792 0.00879638474336899 0.130453653510371
-0.0510893310038352 -0.0646545270412906 0.0393978731123 0.0981810888220604
-0.0499440311936767 -0.0804048413513594 0.0612663338829402 0.0771788319242844
0.00126073671098307 -0.107033606325469 0.0753471650655648 0.0765176285595379
0.058525413888393 -0.0930344277816081 0.0711819184063272 0.0963730382177076
0.137886948801614 -0.064473164337855 0.0367681416292143 0.14385317539259
0.153430756007728 0.059987622707364 -0.0271528550579018 0.175188156914832
0.070152503683944 0.187205168799217 -0.0734645437853297 0.140257816313295
-0.0218747184515984 0.237163213602778 -0.0608943793329852 0.158452889174034
-0.0472524755582918 0.22869466321487 -0.0915770105072118 0.0331684126774098
0.0436712451231872 0.214123012954242 0.0697796847710533 -0.0496456400242425
0.1584382601687 0.10712227319201 -0.0290836689796182 -0.171623847240691
0.186052816399946 -0.0393263606669707 -0.168286235463918 -0.114194189730481
0.103710972352735 -0.111499652444658 -0.180904529784524 0.0292816284307574
0.028707988023554 -0.132541896509176 -0.0879640188038377 0.106137516404757
-0.0454128841080685 -0.120850982932194 -0.00879955402184222 0.0897087839216347
-0.0673333719617155 -0.0961554797433126 0.0191472068688806 0.059754357413037
-0.0659419808246344 -0.10658281666181 0.0442225815514517 0.036131071032931
-0.00398470727576353 -0.136612270187503 0.0720692186286704 0.031225660393678
0.0676592015089856 -0.124547982032037 0.0891635628605367 0.0498261513116806
0.171167735567882 -0.0924690162419646 0.0741683852041747 0.112976750996181
0.193029496599323 0.0620752327771601 0.0154638721220617 0.164641669086043
0.0859454394093137 0.216349778171446 -0.0434512800769473 0.116858386201067
-0.0339807087871409 0.276916021228116 -0.0217972870778101 0.0811824654193831
-0.0936624888323657 0.232764725579035 -0.043116126779272 -0.0624285095745437
-0.0033071323683112 0.25811493169012 0.0970028285261689 -0.0942310590739844
0.158280674809416 0.169583219923327 0.0159501095811284 -0.186612488493157
0.230544081806917 -0.00465455928549243 -0.118259859937257 -0.147549085980938
0.142584986652973 -0.116234281986691 -0.147172133591936 -0.0288994702018956
0.0517785775215742 -0.150214798028765 -0.0867431405795074 0.0416719233802623
-0.0379991256241758 -0.144460560741811 -0.0255713337643684 0.0344630791726719
-0.0701417850988376 -0.115206985072653 -0.00320970607386137 0.0123071407715106
-0.0711381444548509 -0.118760428635943 0.0236556997244934 -0.00963658735233261
-0.00705742860693949 -0.145733023546353 0.0614341642358508 -0.0168433669655284
0.0697863850958075 -0.134848786802773 0.0967009985187414 0.00166420840387393
0.179995226268781 -0.100337795836031 0.0993421286243818 0.0764872438781645
0.19880385125857 0.0618666626650133 0.045472550434895 0.143864927641712
0.0827041968707223 0.215490252492476 -0.0286056996105671 0.0891601255392988
-0.0452129667368854 0.273908600020214 0.0112725539517836 0.00195703179815299
-0.110726890222719 0.194283076628873 0.0251614560944936 -0.150016303676982
-0.0448815776722395 0.242673106118959 0.131255349327555 -0.137824658720624
0.120179216582338 0.188540201068227 0.0614828529882608 -0.187626177483157
0.220543261245508 0.0281561580201378 -0.0589530084004056 -0.161620826434146
0.149089093467178 -0.0978107987928731 -0.0967763514499098 -0.0751199456842652
0.0612941087213675 -0.140656342030663 -0.0718578477668075 -0.023036522806861
-0.0280188219801836 -0.141221855287467 -0.034716705046622 -0.0237778504527
-0.0652869954552713 -0.114738844221843 -0.0221889613806473 -0.0364980063530394
-0.0675648834601521 -0.116423764376202 0.0042253578687984 -0.0557936335771868
-0.00855531216393774 -0.137365323293321 0.0499921806145686 -0.0627980636465977
0.0656787901996617 -0.126229042007251 0.100195091411411 -0.0415668060636899
0.170732559031735 -0.0868615178088621 0.113451034863864 0.0427236108133787
0.174204048014763 0.0653658185480536 0.0653408107947169 0.120953359487611
0.058475857976724 0.194732839575427 -0.0214445222124994 0.0634806831286067
-0.0578072308123185 0.233633599212067 0.0391401703274729 -0.0654443125920023
-0.0990128103187194 0.122916338010838 0.0938404208962174 -0.216241181938998
-0.0652396386429856 0.173478333370563 0.159595937957334 -0.16920335755296
0.0662472681634377 0.154912393927015 0.0993081373261601 -0.176516378207151
0.163979817301926 0.0397306726504002 -0.00488531310111974 -0.160248204714286
0.120986022179059 -0.0648205801048676 -0.0480461998864539 -0.108404767018957
0.0543404664507087 -0.105627580153538 -0.0552660452479629 -0.0771225106840552
-0.0181375830050488 -0.112624716623854 -0.0421178787257211 -0.0739244414318471
-0.0521729406624656 -0.0955344124841083 -0.0381271417976046 -0.0798835570439107
-0.0546389335995471 -0.0976584013385712 -0.0118014087117373 -0.0963937072510109
-0.00631979155216653 -0.113225954413782 0.0424456603387143 -0.102757944227587
0.0587762453642702 -0.1034532332664 0.105008303549312 -0.0748733757352408
0.1441804486512 -0.0583377522541834 0.124395356109603 0.0211947051048051
0.128934604451528 0.0704474865146785 0.0752856490027806 0.102578237544169
0.0213744300310455 0.157596026222964 -0.0170765456279099 0.043959398518372
-0.0681176973708538 0.163831093404254 0.0625277835506808 -0.115053064171926
-0.0640560620362753 0.0298131807210385 0.140152187172488 -0.253129724894565
-0.0592017299161462 0.074755776844059 0.168089171907431 -0.187561295704594
0.0160706337814726 0.0854167157132762 0.117805243007608 -0.165263481607197
0.0840323727473232 0.0305940304256042 0.0273311980057932 -0.157343257224007
0.0680314323018523 -0.0290269372082453 -0.021735777585881 -0.126565505579767
0.0338764177180734 -0.0559842758187919 -0.0467489150802501 -0.11162610082644
-0.00731695073382801 -0.0663653852473238 -0.0493733614878267 -0.106867902022735
-0.0317761959773725 -0.0608197736968 -0.0482614496170069 -0.10980937846417
-0.0332179352107543 -0.0666471757301972 -0.021104461154355 -0.127731619827747
-0.00244042012872872 -0.076337668777995 0.0433276383436678 -0.13283289598599
0.0468481876449856 -0.0701759740047241 0.117419920090352 -0.0962194336763615
0.104314259439377 -0.0242787864175389 0.138116698812683 0.013062377707022
0.0713141316466317 0.0680870596627442 0.0814792920018962 0.0929504375989474
-0.0151574049353355 0.105652822715553 -0.0141087636900703 0.0330052879914178
-0.0690615544039425 0.0744971541473963 0.0816724914191731 -0.141773050896894
0.0520950169668935 0.0104459026707908 -0.0659963865230191 0.180611652077472
0.0281870695754459 -0.0419538097762188 0.0627847924819412 0.00450152279728825
-0.0252839359516861 -0.0435256214572731 -0.063686048718681 -0.11391681309082
-0.0446260924422616 0.00099063319101341 -0.166013863368682 -0.0368187064783979
-0.0185214146738108 0.024625014190943 -0.158468562681307 0.104829348488231
-0.00319638678440463 0.0179726010247217 -0.0530994580483731 0.166501880920424
0.000437639253264653 0.0206592012955304 0.0300136760338196 0.150144842598294
0.00177175620140451 0.0185303588920682 0.0587176369208649 0.125548391722634
-0.00963266224557784 0.00913156445048925 0.0697675178589192 0.116366227789323
-0.0138906629552949 -0.00346353226166198 0.062012811144434 0.12199728866923
-0.014056157992047 -0.0103588697412927 0.0319386060535544 0.139022183633038
-0.00105973554363279 -0.032725797208526 -0.028150695530972 0.16206249966749
0.0371444632895389 -0.0204012675145289 -0.102556780525223 0.160562407936985
0.056708744705116 0.0281174549713577 -0.158918284435144 0.153049106732483
0.0355933409612496 0.0535274754085893 -0.142175859007917 0.24139095693685
0.0327616207805395 0.0982304217503274 -0.0956568248499333 0.161097116255846
0.0533746274157244 0.0369681924459674 0.0566490082816951 0.00509568998587642
0.0441736851320728 -0.0138920064499769 -0.0622286699801988 -0.124993723816452
0.0230562382881693 -0.0290584819833641 -0.177640496310032 -0.0519723448293907
0.011112191734302 -0.0250103262905379 -0.175208289460799 0.0960444927835084
-0.00138500165467497 -0.0333492664486553 -0.0638852244630726 0.165725183607635
-0.0229003711432725 -0.0275547064504487 0.0221831165029766 0.147754700249247
-0.0249713014218887 -0.0233146205852347 0.0526826721282438 0.119021024513313
-0.0282293305933818 -0.0392914061249054 0.0681799250257429 0.104345173618902
5.72318403176172E-05 -0.0585304579698995 0.0678001183990585 0.107995317432541
0.0314586806716706 -0.0489468295096348 0.0455027313756927 0.126038620315044
0.0750931762845266 -0.0365296752832282 -0.00454930043421197 0.154982938676146
0.0915734878842918 0.0354634767102293 -0.0717334536442197 0.165795767546286
0.0512205533733214 0.11976560922952 -0.116141388292941 0.147257449747123
-0.00328301626142937 0.151891545826936 -0.105925139156113 0.211109433027722
-0.0034854618348167 0.174187330492537 -0.105607548678896 0.10934774397227
0.059397706634933 0.126853705153236 0.0582732971095846 -0.0127395981945368
0.109470650273592 0.0379339601440668 -0.0498434533333365 -0.144678306620117
0.103051316320944 -0.0452327971039882 -0.179496167602145 -0.079235512748589
0.0528575333671204 -0.0738064364175116 -0.184665951400659 0.0701065499471196
0.00946321822983618 -0.0858755906954441 -0.0772679548561838 0.144774919521922
-0.0391944033107775 -0.0766608555439805 0.00812688222688972 0.126350630443925
-0.0487550999152605 -0.0619862541777167 0.0382176013922047 0.095261419732647
-0.04805497533503 -0.0778398828138302 0.0592878133420105 0.075373933926467
0.00163254412189497 -0.104241572386307 0.0725978887774709 0.0752035042349122
0.0574903952281663 -0.0901754610283064 0.068706150734157 0.0946636365015249
0.132735522612675 -0.0621191383539838 0.0342861960532897 0.139531874995791
0.148016936682883 0.0592118410127397 -0.0279319455502954 0.168756551438139
0.0669611854274386 0.182997999818773 -0.0741777304019909 0.134478515865858
-0.023441693223864 0.228206376398696 -0.0609369935855749 0.153371087467088
-0.0478846767762491 0.221333127613634 -0.0870840446078035 0.0312652530455796
0.0415525063430755 0.207791670411021 0.071027540162566 -0.0471179059004942
0.152680212791172 0.103441371560506 -0.0245008497677885 -0.16670145523317
0.178992267911876 -0.0389230460262985 -0.160418426824485 -0.112817019052647
0.0994893425542854 -0.108393908830798 -0.176571818456852 0.0262827364814257
0.027785484504803 -0.12808383963723 -0.0860630754067189 0.101457497817389
-0.0441909642465518 -0.116870870665948 -0.00950122444051725 0.0866963234240687
-0.064588600828019 -0.091944452972105 0.0182789962245374 0.0580042368362473
-0.0639897834272814 -0.103067349313929 0.04329420874154 0.0359794014856764
-0.00345034208346925 -0.13246069359234 0.06960767895166 0.030441014804954
0.0660651846650274 -0.120293281862424 0.0858353640505657 0.049838340553568
0.165356732487963 -0.0897962578908334 0.0711463517184977 0.109384237322026
0.185776531109417 0.0608700497541822 0.0143692037376061 0.158373488600616
0.0826325669800804 0.210749479609803 -0.0445706497887581 0.111854599121602
-0.034970755434731 0.266701411184231 -0.0227718961094187 0.0782944836750241
-0.0926237755514039 0.225556506471727 -0.0401511304427234 -0.0612781376517342
-0.0037938673749153 0.250720766792575 0.0963366212870892 -0.0898136824862205
0.15133458889318 0.164419204205197 0.01914839487963 -0.181386963684322
0.22166593344214 -0.00508888439626345 -0.112227013819607 -0.144813257241148
0.138527796457074 -0.113147927238401 -0.143649105033792 -0.0294855843537506
0.0498740598391688 -0.145575584227384 -0.0846912888177083 0.0396107487611152
-0.0363449248474496 -0.139668212386311 -0.0254561711838946 0.0333568799285754
-0.0678138825374381 -0.110085770036241 -0.00294741012872755 0.012513765566381
-0.0688664355375967 -0.115066417624309 0.0231041154825371 -0.0086032105168052
-0.00615654694990112 -0.141474450348432 0.0598879026782547 -0.0158455155152146
0.0676824209561088 -0.130544955479408 0.0935654348159423 0.003352382689528
0.174517310556445 -0.0974676350814918 0.0946002436563426 0.0740213407561374
0.191029297765325 0.0607274278041271 0.0443458920950928 0.139810250450499
0.0783346205555579 0.209990988435353 -0.0301757682423418 0.086039463096269
-0.0466335953761818 0.263713574725732 0.00956109218392954 0.0025370066651201
-0.109229764816082 0.187711217397045 0.0257884623030997 -0.145075891806868
-0.0456356143504462 0.234632938137974 0.128673402425953 -0.132044301881042
0.11383561374374 0.182037638626012 0.0633504065443203 -0.181215069698307
0.211925312093136 0.0263076195148008 -0.0540112031465502 -0.15689479389562
0.144819699483429 -0.0945233292135855 -0.0939888677476711 -0.0748867991889083
0.0593007586157106 -0.135447709141148 -0.0703653679323935 -0.0236452413177492
-0.0266045807561807 -0.137068156814584 -0.0343476392109072 -0.0233890451479725
-0.0630234090151131 -0.109695890390395 -0.0219217804490223 -0.0352884805366647
-0.0658431629892087 -0.111931277684863 0.00475412865089059 -0.0532820334144682
-0.00716591822189473 -0.133307756419503 0.0486658034904479 -0.0613162959107177
0.0642356101092308 -0.12270301220797 0.0974059701794492 -0.039109595636214
0.164921972141598 -0.0843233389404386 0.109077457029339 0.0421076519795956
0.167731108414309 0.0644222248703051 0.0634033349292198 0.116718429825092
0.0554219212679795 0.188986259503561 -0.0223195139546744 0.061176230121359
-0.0575730475337584 0.223920696353783 0.036436468913622 -0.0634100560802914
-0.0968296839971513 0.117584642136515 0.0925371936410538 -0.208900937755328
-0.0643876603769383 0.167193431706956 0.156400824425105 -0.162609362720713
0.0620883741774991 0.1498281624604 0.0991212396375764 -0.169496100085032
0.157113443115161 0.0384226174057578 -0.000811080316974146 -0.155618095546583
0.117644580524629 -0.0624147388850128 -0.0461662605227401 -0.106212319795594
0.0529379113900986 -0.102444269579615 -0.053546439589871 -0.0762711874994508
-0.0179390186385381 -0.109601669957167 -0.0418247536169475 -0.0722494752208399
-0.0496555717432156 -0.090966353654615 -0.0374228169181663 -0.0769739341452273
-0.0526553884878387 -0.0942076827368731 -0.010939668486645 -0.0930281123291684
-0.0056538981638632 -0.109624157773976 0.041588243110746 -0.0997953261794895
0.057383559603244 -0.0997065900162292 0.102425874706392 -0.0715191412682255
0.139431865737322 -0.0565404730845126 0.120150844373128 0.0214428370369713
0.123680314248594 0.0692288775288982 0.0725163627007851 0.0992454229369571
0.019966435269821 0.153306144826593 -0.018212265437748 0.0418133340013457
-0.0662560544738712 0.156581257751903 0.0593146262725995 -0.111839942998748
-0.0624763560733667 0.0281879730122524 0.138035892759796 -0.244773583965945
-0.058033175045168 0.0713019128744003 0.164454585357009 -0.180512661124228
0.0142411116708237 0.0819093917344955 0.11679414041881 -0.158381044526865
0.0804083397548866 0.0292780826740187 0.029168133429645 -0.152164555452366
0.0664984431450476 -0.0277880862923898 -0.0195411815095937 -0.12368062767231
0.0333843024863424 -0.0542582143498619 -0.0448673451727246 -0.109698974394414
-0.00695044866102525 -0.0639664459167937 -0.0487019405483493 -0.104190716192155
-0.0298343409105481 -0.0581331087602832 -0.0470366720823995 -0.106531595464287
-0.0327063126715878 -0.0635479244439124 -0.0194187652858921 -0.123709428395558
-0.00231970785326023 -0.0738487557346733 0.0421516980551633 -0.128743237882145
0.0457464741628691 -0.0679542764149215 0.11392129571205 -0.0916136960100152
0.100394690630998 -0.0234776371595782 0.133767418235411 0.0134269863099894
0.068575715233528 0.0669559362088387 0.0782611182671939 0.0904220438631019
-0.0157255808470331 0.101500030223435 -0.0145493072156268 0.0321823868739594
-0.0678140572296643 0.0699267505783182 0.0783608813455173 -0.135947190065945
0.053953883485656 -0.0117789819157187 0.0162425869953886 0.188548629549511
0.00910387566077653 -0.0493332000076731 0.0587278545888362 -0.0244727750348483
-0.0396163415730075 -0.028113828327029 -0.107219652334997 -0.0771544272687081
-0.038017392719438 0.0206447945128989 -0.168345702211228 0.0365103484220989
-0.00407693561194291 0.0301948501170835 -0.0991757272993085 0.163814963784215
0.00524418921478795 0.0174343715883814 0.0216836194820439 0.173448249729083
0.00882215975581487 0.0184564606782861 0.0905616432129129 0.123654006192892
0.00932695343560966 0.0146538909347709 0.107685817519754 0.088604079530305
-0.00534092096679558 0.0126386682947638 0.113224091362147 0.0747312798937628
-0.0140329177432617 0.00263473817986223 0.108475177382452 0.0839108600335686
-0.0160494556930809 -0.00338263588991242 0.0875046016719094 0.112171940492438
-0.0146045045669498 -0.0263185591755617 0.0426864655774036 0.157236103794469
0.0246928278622574 -0.0326048259597196 -0.0262819637394732 0.186816538395071
0.0620076906556942 0.00324061229158746 -0.0849780865885727 0.206389176072653
0.0556119525060142 0.036424784612545 -0.0349736219105579 0.280407522233441
0.0696808829133367 0.0766863503474374 -0.0165787902476091 0.185834147186896
0.0624873886354263 0.0120326198217009 0.0564171070205721 -0.0213034480262205
0.0339253376405903 -0.0274716863156988 -0.107202011852087 -0.0906693386525814
0.00908333856075554 -0.0324270216147002 -0.183650123938873 0.0238606106482239
0.00300263587503549 -0.0262473527450436 -0.118929440317485 0.160050193560379
-0.0136384614830496 -0.0301110345703476 0.0104766695892015 0.175969066327751
-0.0318170220149746 -0.0149483523328167 0.0810428568233168 0.123763226043701
-0.0323268637181756 -0.0123381578422066 0.098874039584417 0.0851641477975708
-0.0421313968906221 -0.0241701869162252 0.107472092477535 0.0645102703688466
-0.0239234985107255 -0.0542649986086867 0.109323484249685 0.0682507900819497
0.009644530369273 -0.0581226466555007 0.0964098830761544 0.0960771358777141
0.0525503368896969 -0.0617080263141127 0.0650871594742365 0.146363619118831
0.0979813567384667 -0.00328827372511814 0.00224101319140552 0.182373996643421
0.096521641713445 0.0901178360473294 -0.0533979042190309 0.184249805180119
0.0632031183911198 0.144934965224904 -0.0190192651441604 0.234532093670383
0.0651294622856894 0.160395218714542 -0.0448996490365213 0.145637425406301
0.10242917330468 0.0910000846751271 0.0536571161043755 -0.0374709449867089
0.112138479393352 -0.00626995809391534 -0.100787495764636 -0.116396909945301
0.0733981373929153 -0.0785243483717045 -0.194564755673725 -0.0034811029939885
0.0201737633022163 -0.0866331200145324 -0.140277949017201 0.138452674112448
-0.0251094274186827 -0.082018216438794 -0.0109013130339869 0.161266543231509
-0.0661306808030051 -0.0529149847067816 0.0577587325050224 0.109072504660612
-0.0695623847663011 -0.0379696541090472 0.0757197478650244 0.0690891020012584
-0.0756428710716418 -0.0512068991648758 0.0875998911560825 0.0417477290888943
-0.0412212817967813 -0.0968945994529653 0.100571863652601 0.035316622356737
0.017107241725565 -0.107006991822458 0.106418273196271 0.0594478420123878
0.0947334021357038 -0.109559704321179 0.096916195901968 0.118112473579812
0.159896259837034 -0.00432334009729141 0.043157803894595 0.169061369804752
0.137387846009767 0.141597989901403 -0.0234684901045398 0.156015156715964
0.0784904742947146 0.223834833680646 -0.00596655230303761 0.162127986979684
0.0416126035398647 0.220747909559271 -0.0597478919217465 0.0698741847790585
0.116891516996644 0.170728347186709 0.0525952280987265 -0.0725823725938535
0.17648512086998 0.0360349345991742 -0.0826620080495001 -0.147780051911053
0.141772386842556 -0.103603881367719 -0.188660197567366 -0.0446457380022558
0.0476556120889881 -0.135736473316096 -0.152238168081773 0.0937412778152307
-0.0258833537990829 -0.127328596225634 -0.0379508777884397 0.124990074392557
-0.0876574359484201 -0.0869769905442296 0.0241251011434816 0.0793520290180732
-0.0961285826581017 -0.0591860379104133 0.0414628580750966 0.0434555226160695
-0.100253384837004 -0.0680459451501945 0.0559822310644809 0.0125573555611587
-0.0574095193227938 -0.120848946177675 0.0791115619841243 -0.003653183632636
0.0121457354103971 -0.139204182580768 0.105410032526314 0.0119606604347844
0.111967643293671 -0.148959428434997 0.120284456343339 0.077541983048177
0.196750260675575 -0.0175421138175154 0.077824683052442 0.143548100157844
0.16362446940043 0.161002700570877 -0.00731349704918769 0.124116509584252
0.084059945943883 0.26419911048861 -0.00432083121893997 0.0764050758529429
0.00102353366039464 0.24183100006122 -0.0546891979323825 -0.0320190648961525
0.0914729230961951 0.227990092927153 0.0588964466353739 -0.12087117826611
0.197853504940899 0.0908677240618352 -0.0462970855720452 -0.176981364691861
0.192239051133409 -0.0902807591734878 -0.155732160826549 -0.0940013861389061
0.0799136485802376 -0.155071476542543 -0.145959651270738 0.0266209917716904
-0.013651266662355 -0.152505290480246 -0.0630362953481338 0.0676449438765719
-0.0900350648646043 -0.110356228032555 -0.0127566769794664 0.0368649363939423
-0.106283338684299 -0.0743900735042701 0.00272604728394202 0.0120081746419016
-0.110343101858165 -0.0769560110129595 0.0193296651221408 -0.0187920451514451
-0.0640743032421508 -0.128398148380255 0.0506087910541758 -0.042099420812632
0.00966452860211569 -0.149731083211866 0.0934833143826458 -0.0338050413529343
0.117473693951195 -0.160937596569795 0.128386453938283 0.0360513391844563
0.202082153909553 -0.0198186819051716 0.0971739658157037 0.113898782524087
0.160559585779536 0.161779133845429 -0.00394699170548143 0.0936590392737255
0.0727825103753436 0.265645466829778 -0.00595516019786256 -0.00708371586973184
-0.0304402532289056 0.214239445789833 -0.0297957687554814 -0.13599512191624
0.0473881604994236 0.229753165567057 0.0694367969909628 -0.170960767282094
0.170797759815568 0.121590029127407 -0.0063608873806075 -0.192453932405428
0.195596136837201 -0.0588451548922177 -0.106773183385621 -0.12808320600403
0.0924437254026531 -0.141070834295991 -0.118776248846056 -0.0352650022978156
-0.000941481053493155 -0.147479472355766 -0.0766595762933509 0.00439715512182321
-0.0797657102886184 -0.112055540564103 -0.0455907688082485 -0.0107100485052489
-0.101522695900732 -0.0754201420869865 -0.0347150540068993 -0.0235020955381878
-0.105347155892296 -0.0748993167862983 -0.0171739837859405 -0.0515977826553272
-0.0613409778034376 -0.119770374723003 0.0207632324573302 -0.0780651379244521
0.00937357211747218 -0.140829006996528 0.0777194705571258 -0.0731266014586957
0.113978941389255 -0.145602711381227 0.127185413648158 0.00123861226804955
0.182236487493519 -0.00807000079395814 0.104514470095792 0.0854777534705832
0.130038201239523 0.151895611532082 -0.00580242477367793 0.0678534540441868
0.0443600701572189 0.232669225889938 -0.00572983786439556 -0.0782787615291783
-0.0471012574240361 0.145688791922431 0.00248280151542117 -0.222562154038336
0.0036573949621987 0.176132721753251 0.0792894596966794 -0.209638036072431
0.11043565864532 0.11196750156314 0.0285432920748422 -0.19465888819882
0.15108315815571 -0.027000733571343 -0.0591736727459159 -0.14600315959351
0.0790297405620864 -0.10158209813913 -0.0880607913219659 -0.0829567707513286
0.00552855156898638 -0.114290306355555 -0.0833198787226383 -0.049581055126977
-0.060116797518371 -0.091591184860758 -0.0724144125276652 -0.051352140727593
-0.0820687498753725 -0.0627103511429048 -0.0669403421556821 -0.0542478866357568
-0.0865558759133521 -0.063956998059396 -0.0491195548908841 -0.0808702074372694
-0.0500211086546953 -0.0987854967646585 -0.00275630854716055 -0.110133827333819
0.0120526698955358 -0.116956750814475 0.0683362747406348 -0.105071738550773
0.103579728054621 -0.109541526395391 0.12581692838899 -0.0226276310541052
0.14410761125484 0.0154216935180698 0.105271277930143 0.0635078255153052
0.0818079702884152 0.13277035553425 -0.00762499283961293 0.0468900833140893
0.00648030724966186 0.172910213283767 -0.00111426185500581 -0.131378063265714
-0.0505625795073477 0.0503551763636805 0.0262548136437209 -0.276542914642939
-0.0286968350012732 0.0874189989805841 0.0763533819495141 -0.22975931685224
0.041286824717034 0.0692350845880233 0.0457459826137776 -0.190590486469654
0.079222069316381 -0.00465949673844623 -0.0327765970831601 -0.152854966448295
0.0475095018011207 -0.0501635381167779 -0.0707629760227821 -0.107598186318116
0.0078675188962058 -0.0625524265411946 -0.0884856268201717 -0.0819548264322966
-0.0321037494776044 -0.0550019554535611 -0.0915219973248336 -0.0763197468082722
-0.050334754762091 -0.040575330545047 -0.0892602822092446 -0.0762092163597464
-0.0552636362574073 -0.0444124238083502 -0.0699805491823738 -0.103708450822239
-0.0318006564352622 -0.067452281506194 -0.0151585049416006 -0.135771252700665
0.0143367593549172 -0.0825133341642045 0.0685966987423423 -0.128719922695762
0.0825253900236672 -0.0639878711935753 0.131547317851819 -0.0370133884516838
0.0920404046979281 0.0361110958373789 0.105653269089817 0.0516206098838701
0.0269869937535773 0.0992451425796588 -0.00607815184154727 0.0354588929574136
-0.0329376914446825 0.0927080640022135 0.0109364094906722 -0.160560817071933
0.0535275146271789 -0.0126798384448797 0.0207184835102999 0.190834760217225
0.00862882386094531 -0.0505936185412394 0.0604797349860517 -0.0268571733164726
-0.0400800863010048 -0.0279097721971537 -0.110098926846419 -0.0777889520805945
-0.0386870183817643 0.0218954583442199 -0.171322814426976 0.0382433896680353
-0.00393554523465832 0.0305246976036036 -0.0995701848109566 0.168401354877315
0.00539513526883149 0.0174039321490849 0.024114462028385 0.176350443809555
0.00903427557053275 0.0191826483803222 0.0929611820006898 0.123157506734456
0.00945744217157981 0.0147656810563625 0.111410463692816 0.0876944880503982
-0.00500649879808583 0.0128444230293399 0.117931532231178 0.073435710469951
-0.0145109817352845 0.00270127997424325 0.112510463666974 0.0839835162709007
-0.0161047056120003 -0.0030630142275844 0.0905439462588672 0.112470295874948
-0.0147406451801829 -0.0266746676787653 0.0455931910520037 0.159402965540544
0.0249243086519467 -0.0340232522706995 -0.0258752489830244 0.189622668002073
0.0638872110557889 0.0018052187881798 -0.0853535822181176 0.211012046162731
0.0561225471543261 0.0368690708705723 -0.0310388454508413 0.286688976776919
0.0715937599093332 0.0769420779673269 -0.0126917842112441 0.187972355024079
0.0641594156295587 0.0111084914818171 0.0583221918653231 -0.0241265131468608
0.0342710948534951 -0.0288813691729144 -0.109620587612673 -0.0920127362095489
0.00771391055708158 -0.033301968942225 -0.186726659945761 0.0257604456306639
0.00133488419785759 -0.0269263422068682 -0.120137628806588 0.165629554060363
-0.0145184000799931 -0.0303405984457534 0.0127160851586958 0.178475138764752
-0.0327440336921358 -0.0141486813790358 0.0840040821781532 0.12415252847868
-0.0330421399919724 -0.0120108336182103 0.102715252271468 0.0842250853887779
-0.0433393615127614 -0.0236507512492272 0.111685709857164 0.0633144211683431
-0.0260154191662677 -0.0553448528641002 0.113032532103473 0.0684127297732456
0.00908680614908159 -0.0591873384983406 0.100570543453103 0.0968447083500242
0.0522668449037759 -0.0636412409407641 0.0677776511372433 0.147815770168406
0.0989983872472728 -0.00483228854695572 0.00382033816602601 0.184418688267593
0.0997971485369 0.0898439875213113 -0.053731664331439 0.187490093728075
0.0653354486213422 0.146178251411236 -0.0158060998474156 0.239338791388853
0.0684071129822723 0.161892751681061 -0.0422859818365785 0.147578015691933
0.106272005072151 0.090519429746069 0.055724944333281 -0.0393725632707335
0.113956361707052 -0.00852157451996006 -0.103270249620625 -0.117665580025432
0.0710526417871464 -0.0814199613771663 -0.198541858881372 -0.00216644105538612
0.0175688992162803 -0.0887902249457707 -0.141912373508492 0.143554923030158
-0.0275049045126718 -0.0830549138871313 -0.00948919832443688 0.164378324930309
-0.0679548329631267 -0.0515119208091709 0.060520296770968 0.109894348072688
-0.0709388915493701 -0.0368308725300836 0.0786522279712006 0.06895736056942
-0.0781997626665228 -0.0499028362348032 0.0910206434563891 0.0403663700194578
-0.044207994932563 -0.0982567855781546 0.103384084770407 0.0345615771066278
0.015075230871169 -0.108825501908228 0.109693431612163 0.0590534222650998
0.0931244659296083 -0.113525934697485 0.0999324993669311 0.119082787574027
0.162225729907117 -0.00688769770587453 0.0459512881830962 0.170284417812762
0.142333649348321 0.142122460129678 -0.0234265837804933 0.158827217567287
0.0824206336660713 0.225714908557503 -0.00453243419399062 0.165504268984582
0.0457817169973337 0.223737391100618 -0.0583919303264343 0.0719562877737804
0.121761987146647 0.172317026258326 0.0540603425584424 -0.0752579305346066
0.179025268161867 0.033239617457295 -0.085243742860098 -0.150197852910918
0.140418298174726 -0.107533608458919 -0.192619967249321 -0.0438730038360127
0.0451324000774315 -0.139800395458379 -0.155105911659992 0.0983691607767105
-0.0291874752685384 -0.129275601147931 -0.037362972280344 0.127959360736724
-0.0906890783827438 -0.0862297295085946 0.0258005715553635 0.0804079942447397
-0.0977754826096951 -0.0573730661514467 0.0433105432972317 0.0434518030328697
-0.103122576403758 -0.0662854955185183 0.0585303425492258 0.0119596846451325
-0.0614409001848421 -0.122646067716958 0.0809711500223243 -0.00503886576314291
0.00980588898626959 -0.141724209240738 0.108262157336505 0.0110622989359746
0.109927476872033 -0.153690379904385 0.122961240413193 0.076841187938759
0.199457872821695 -0.0213180705156298 0.0814737206050662 0.144031408566435
0.16984485795104 0.160929973081485 -0.00743188002425389 0.126711943821177
0.0880598908776551 0.265739833555274 -0.00411031187692904 0.0788439779912631
0.00500259094257704 0.245275896966121 -0.0553320074603347 -0.0316636266772079
0.096640529286878 0.230208979969824 0.0590627008329849 -0.123106775342692
0.201121212070758 0.0893011535607095 -0.0483486310628121 -0.180086462693244
0.191451086626205 -0.0957526051065735 -0.158951156607666 -0.094759412069615
0.0773075332053727 -0.159976398465307 -0.149374572546169 0.0302958757730125
-0.0167409775559842 -0.155050210276892 -0.064082744904559 0.0699609245822325
-0.0939932304301374 -0.109954025024277 -0.0129351646823863 0.03744831637214
-0.108621392549052 -0.0722033093409469 0.00259572058339011 0.0122647778587058
-0.113208166415374 -0.0747766887568385 0.0199979803817651 -0.0194949860600105
-0.0679172998562494 -0.129922053972188 0.0507986557175432 -0.0432506772335709
0.00631812778010472 -0.151769136064063 0.0954819913933389 -0.034938926562748
0.114641611075702 -0.166725795862768 0.130269282249861 0.0349560614913972
0.204984692306438 -0.0234433421544841 0.100654728110476 0.112861722089341
0.165936683954289 0.162370577130627 -0.00401700199441069 0.0962596601174981
0.0768297590622431 0.266982250498811 -0.00763849033885453 -0.00621121454236404
-0.0276141436680761 0.218093242732973 -0.032376256629796 -0.137395136656485
0.0512001291499273 0.233212635050049 0.0683252877719063 -0.174803685151769
0.1744322054078 0.120619845101013 -0.00761194314711205 -0.195520701054514
0.195517103115455 -0.063464851240035 -0.110159098620109 -0.129659625260807
0.0902113750389498 -0.145818899314733 -0.122916947696538 -0.0342655069053252
-0.00458930389571619 -0.150226930412868 -0.0782811571454966 0.00539492059720588
-0.0833623025563629 -0.111936284160226 -0.0473464928574306 -0.0102255585896631
-0.103963759022684 -0.0733113842612085 -0.0359319786459621 -0.0224455272465561
-0.108939155683993 -0.0723977915963112 -0.0179060927365944 -0.0519917259751584
-0.0654741488824513 -0.120765748567477 0.0196998883714002 -0.0793020168950621
0.00682146314469282 -0.142538019168541 0.0793126521430392 -0.0754493541291707
0.111692689169594 -0.150405970342382 0.128568694846943 -0.000767309362663364
0.18523523635352 -0.0101151720598988 0.108140307769242 0.0837943399467734
0.134702581301498 0.152019841742858 -0.00623366660809582 0.0700444130596532
0.0477551915224754 0.234014435763561 -0.00956091881541528 -0.0783216220112509
-0.0455708327234445 0.148500872668667 -0.000928427878814376 -0.226437056164168
0.00590868702420836 0.179289612552863 0.0782135499480704 -0.213211566913872
0.113375604634308 0.112243514070959 0.0273978271688201 -0.198364283413203
0.151914339942343 -0.0298920463642717 -0.0614989743497065 -0.148576138107166
0.0785049512218025 -0.10524570323939 -0.091563457458096 -0.0832242803915559
0.00360002462054023 -0.117049791312605 -0.0865703486945259 -0.0493158764590534
-0.0632678142600814 -0.0917093210170956 -0.0760255130945352 -0.0507070237007805
-0.0841529868384505 -0.0610284838560531 -0.0695467734691216 -0.0533882978320936
-0.0888149534578657 -0.0621554563405768 -0.0505177825530002 -0.0813846879186634
-0.0529597648642861 -0.099498199825485 -0.00487369599821042 -0.111551950441321
0.010029066840851 -0.118901078993026 0.0688228870226419 -0.107671700275768
0.101695984500228 -0.113841121731519 0.127615818218299 -0.024740658509197
0.146705964143984 0.0138570218285058 0.108009215643334 0.0624645319596475
0.0847209717211042 0.133396728624503 -0.00770099974684894 0.0489417083432564
0.00812073942493962 0.174951730893378 -0.0049064667906451 -0.132734924362073
-0.0509270478921478 0.0515703074556938 0.0226323552258894 -0.280978425638104
-0.0283842869373021 0.0888294817103738 0.0737274613154863 -0.233030408920143
0.0418381181554485 0.0699763383166175 0.0445394324013256 -0.193978159800347
0.0795322500736606 -0.00588701223808057 -0.0348116090739145 -0.155761618343356
0.0474206081493036 -0.0521327995565143 -0.0744399482724167 -0.109075254835647
0.00603176641210278 -0.0637428968886695 -0.0924137941571173 -0.0822731505676043
-0.0335692292781835 -0.0551605397679057 -0.0963376439992663 -0.0756580014347552
-0.0509076518084709 -0.0388393688438457 -0.0926589308611148 -0.0751288062065903
-0.0569942037231814 -0.0434286732310706 -0.0735860422421038 -0.104030717002828
-0.0336965167285261 -0.0677531783597068 -0.0183232875749087 -0.137552952567104
0.0124590099285912 -0.0832366532214364 0.0689020635299726 -0.131781970639088
0.0818730771159022 -0.0661018775179913 0.133287563533319 -0.0392833738215912
0.0946792908893244 0.035579281033312 0.108410131595621 0.0511806687663383
0.0287053413663305 0.100851084259116 -0.00650433762001552 0.0361322735254855
-0.0329252404090776 0.0941367727007773 0.00634125556498146 -0.162698160834358
0.0524119980368564 -0.0146771697399539 0.0301763075632075 0.189540574971499
0.00687893087373945 -0.0512180149889442 0.0604066775025806 -0.0314052503960383
-0.0410739864460962 -0.0264481380331357 -0.11392787367946 -0.0750245157541748
-0.0385250762958748 0.0245541017283072 -0.172247318780419 0.0441902687378739
-0.00355722941428525 0.0307020985638052 -0.0937765877512052 0.17378021901085
0.00572119970787067 0.0179450290651898 0.0308901964817101 0.177696751978313
0.00977389381200789 0.0185663342658013 0.0978638534126133 0.119835118279663
0.00989593972461362 0.0142021559203851 0.116726530917075 0.082806924081845
-0.00494371390213109 0.0134277178406285 0.122976123081244 0.0685386092271931
-0.015183436728888 0.00329783905139716 0.118444372788367 0.0803154144176688
-0.0160007498818981 -0.00239528919691396 0.0958291947953206 0.109831880510927
-0.015874047356916 -0.026207997589809 0.0518724970579263 0.159232747367472
0.0233890954373085 -0.0356314821639736 -0.0203590989348999 0.191636734743703
0.0645868818906838 -0.00122269806744087 -0.0797365432416755 0.216194006576614
0.0565734704715532 0.0345820692024898 -0.0188300590186995 0.290522430886534
0.0749780297010884 0.0739757307436521 -0.00326790104628445 0.18894246787796
0.065569567467959 0.00860967299941512 0.0589600090452689 -0.0280293432124076
0.0333510929454972 -0.0308721098593897 -0.114750820338852 -0.089726523938262
0.00524695358449046 -0.0334689759959504 -0.188257145279863 0.0323153889814831
-0.000675969707993444 -0.0275480657158162 -0.11472410381217 0.172748316388543
-0.016701622627857 -0.0300039002623185 0.0193180093079908 0.180275152427492
-0.0335567128346147 -0.0122913596261645 0.0896903539746605 0.120636910305202
-0.0335650403623082 -0.0103847595238821 0.10762123406907 0.0793700010261956
-0.0452216959994886 -0.0211885533444795 0.116258543600337 0.0584161662022045
-0.0296688400970696 -0.0548763571704273 0.118187601421796 0.0634458284623049
0.00663922080717713 -0.0601228363128583 0.10539314822238 0.0935022662433648
0.0499779160305958 -0.066752600590488 0.0732575750678047 0.145874927329106
0.0992212335567873 -0.00951207913946039 0.0106105704054987 0.184435124867742
0.104555671745655 0.0861428838955015 -0.0484934766069093 0.191753049770191
0.0708746132227389 0.144160175633395 -0.00608781346398729 0.24256209757667
0.0757461958442413 0.15955976687933 -0.0346559722529496 0.149988995617255
0.111105868986251 0.0867538054962489 0.0557361499215412 -0.0431755618161836
0.113543142626478 -0.0143472220605465 -0.108609607668071 -0.115408214251288
0.0662225993513711 -0.0849810328612386 -0.200784025701504 0.00509509313854194
0.0126005539097123 -0.0901716830919532 -0.137985309422624 0.152057638166273
-0.0318136724039304 -0.0829085650634594 -0.00311700794596559 0.165726341133797
-0.0710968734464733 -0.0480889975941831 0.0656051585371729 0.107264128671796
-0.0722474978376282 -0.0334903496607876 0.0824113326514906 0.0652212907627322
-0.081546854301186 -0.0462397632835051 0.0945542108559164 0.0366579316318685
-0.0499098059614682 -0.0973732252984133 0.106423574504304 0.0307646360314967
0.0107347966579139 -0.110542890974742 0.11431768246081 0.0550524986645875
0.0878060057327568 -0.117811867983117 0.105003594012518 0.115810704414861
0.162770794156547 -0.0137106159206581 0.0524936598674903 0.168373358352755
0.150415428178489 0.136882871636749 -0.019124662960364 0.16190884117628
0.0908731337248156 0.222756260315776 0.00158619232078396 0.167842322438635
0.0560680672142998 0.223261130212658 -0.0541679001964867 0.0742468246371767
0.130565754328668 0.167539713454174 0.0530440149883148 -0.0783348347908664
0.180805099626088 0.025068090257643 -0.0913383704222917 -0.148783545050536
0.134663293033419 -0.114829264972145 -0.196804885900432 -0.0374038894567343
0.0376982148344244 -0.142913217987372 -0.152774951881865 0.10733990460016
-0.0359071334244204 -0.129295861529052 -0.032660499390358 0.130665407706084
-0.0955289540147952 -0.081932201674841 0.029358272640752 0.0794221434398722
-0.100513341999561 -0.052432638379205 0.0455621160451592 0.0419619169224431
-0.107321386556701 -0.061024148015428 0.060219256140731 0.00927209788893269
-0.0687080330794804 -0.120704718436291 0.0814440596510562 -0.00798605069844413
0.00351469009054726 -0.143171638182601 0.110835017550075 0.00687317278643264
0.102791835608502 -0.159998470283199 0.126975563138527 0.0731494799509341
0.199271212860282 -0.0299365573160628 0.0877714995291115 0.140048529807596
0.178332958646491 0.155239728979321 -0.0039040504954263 0.12829269588574
0.099003964319757 0.263221220641909 -0.00180878616589781 0.0802860347629407
0.0159084067883208 0.246451595849582 -0.0562388846215803 -0.0294073918093161
0.107295784638435 0.22774974092381 0.0564070649269565 -0.126582054979633
0.205363481255933 0.0810901783150547 -0.0549226278485691 -0.180396885143177
0.187040097496659 -0.104628504823371 -0.164046767049158 -0.089680206403985
0.0693697984395463 -0.164955469530397 -0.150308477275774 0.0381128226993672
-0.0242662765521192 -0.156024786037594 -0.0619056819063898 0.0730577805181355
-0.100279015438861 -0.106458679360249 -0.0122777593462164 0.0384895340394579
-0.111545004415024 -0.066660431780016 0.00324278761321114 0.0123322697485976
-0.117192802968921 -0.0689560945833468 0.0201471404542281 -0.0204639596583569
-0.0749719104113243 -0.127579758478245 0.0497169216459164 -0.0451429025718019
-0.000140276034927844 -0.153752429671754 0.0963304362155828 -0.038990433375737
0.106656168004224 -0.17294848080287 0.131993243994307 0.0303869967762805
0.205542318546531 -0.0324276595309182 0.106542012861915 0.108648621869675
0.174013059039627 0.155806579815984 -0.000769562314767165 0.0978844715994599
0.0872951958448701 0.264286414285742 -0.00980564950507762 -0.00467644157499755
-0.0185707681386509 0.220383787603782 -0.0377487483365071 -0.136741734885782
0.0618702054287089 0.232134354409763 0.0633316795751172 -0.177508605477072
0.179449846367919 0.113539965792969 -0.0141077289758339 -0.197251096517972
0.192452496718348 -0.0724769888214386 -0.115838645913396 -0.126846618927966
0.0837828172293441 -0.151487375701182 -0.126584739090495 -0.0283011548646537
-0.0122557035469946 -0.151810382666983 -0.0800369999027586 0.00878730363401712
-0.0900898567133815 -0.108713235771105 -0.0494696145220073 -0.007471875179276
-0.106899562553828 -0.0678198804895401 -0.0380186582519084 -0.0207223905966234
-0.112542959452357 -0.0668250414107968 -0.0201874353802532 -0.051121433630572
-0.0715400754198032 -0.11900073553905 0.016619222941477 -0.0800631451915742
-4.76570206260568E-05 -0.144288556823827 0.0783724323162652 -0.0789550004796289
0.104213624591029 -0.156789147027287 0.129236837580957 -0.00511565052210608
0.185965506748622 -0.0180060362192275 0.112335636877554 0.078925233167884
0.141427905332306 0.147520892199668 -0.00406930990245361 0.0713062489284048
0.0570987309449403 0.232534435189157 -0.0148431387073102 -0.0778400279701753
-0.0396275469428766 0.151054886757912 -0.0103116084504482 -0.227398900352774
0.013299046424374 0.180122524523045 0.0701059975717221 -0.216261683233346
0.117376812577493 0.107753684907288 0.0211333815696569 -0.200616391895399
0.149701146357677 -0.0366502814168917 -0.0675066405147482 -0.147366183268104
0.0738535563418159 -0.109990150505273 -0.0967878552402479 -0.0799483616752528
-0.0025875365406597 -0.118470283985505 -0.0901599408008597 -0.045964795336992
-0.0682125226200922 -0.0888882449368999 -0.0809400586300951 -0.0475272448491826
-0.0859741615842981 -0.0569090766120144 -0.0733711087302208 -0.0495189746663804
-0.0919960716540638 -0.0567707047916619 -0.0549317939554817 -0.0792120793596438
-0.058011035773116 -0.0975018592594132 -0.00999148401698475 -0.110957428517393
0.00466926573114265 -0.119938230642291 0.06582871400545 -0.111157040732979
0.0958903261583467 -0.11967288510065 0.1273749618849 -0.0296520656491974
0.148222540311107 0.00789855819286258 0.111701805908043 0.0577188779233323
0.0905458934721296 0.130643809398781 -0.00637371130660566 0.0503601793004395
0.0149115916041717 0.174529141284599 -0.013532789813451 -0.132393074612543
-0.0490088669485204 0.0533440459576448 0.011402089415806 -0.283405209301016
-0.0246437360058536 0.0903952972828651 0.0655620048334807 -0.236091337656538
0.0446707079619727 0.068453462131168 0.0384976472914864 -0.196221254089318
0.0782995774407637 -0.00915614483376043 -0.040297347110508 -0.155628452336258
0.0450865396827119 -0.0553601957256156 -0.0801539823343254 -0.106964909734905
0.00308804069780282 -0.0651070898789922 -0.097948305488308 -0.0791746826866103
-0.0361106431286191 -0.0541101976340283 -0.102321425008854 -0.0718130502057481
-0.0525497415419178 -0.0362305599631728 -0.0974730649673297 -0.0700180332400876
-0.0581525879042108 -0.0393038957644263 -0.0788910923734447 -0.101232945550028
-0.0372985979751094 -0.0665312581563921 -0.0243381113241846 -0.137320337345732
0.00839055495626772 -0.0843337996614902 0.0647363686284808 -0.135801052845925
0.0786892356832845 -0.0706005707550261 0.133149448419576 -0.0442690782797845
0.0971147166794209 0.0318744903510119 0.111368946726251 0.0469139875397392
0.0322955008205474 0.100145892986787 -0.00482430441290796 0.0377194544880588
-0.0300600410111814 0.0956500144386183 -0.00229536058031455 -0.163222486141137
0.0494694669431875 -0.0162221989873735 0.0393196324703678 0.182095255727771
0.00432674762611351 -0.0503317761745074 0.0586742333940309 -0.0342424775440976
-0.0410692179248468 -0.0242193082836918 -0.115594225570456 -0.0695629269888682
-0.0368786440243673 0.0266109910143689 -0.167981362718897 0.049999776133253
-0.00259929078001615 0.0307229109328066 -0.0840163255368686 0.176006115342337
0.00603342825851399 0.0173330166041107 0.0387131096055599 0.17331024565928
0.0105701920715682 0.0180675759897721 0.101044237811255 0.112631176759208
0.0101059427243045 0.0132775970397397 0.118873556534168 0.0742978684922471
-0.00432715907224961 0.0132074719323731 0.125015402075389 0.0602249281420329
-0.0156122893707442 0.00371304336299861 0.120192327351684 0.0726731054467585
-0.0152373642206722 -0.0016167063664074 0.098939156934996 0.103524243701539
-0.0162696159095936 -0.0249999951696852 0.0578069459825857 0.153119876361587
0.021330647537905 -0.035651333957197 -0.0129795722022888 0.188017344857481
0.0641681432339045 -0.00453790473339372 -0.0699253821668474 0.215246332469243
0.0560608623211789 0.0316986776262003 -0.00391636897369477 0.285868392835198
0.0760284915501772 0.0692836055207956 0.00646547124698549 0.183872119588389
0.0649805772691478 0.00452276707306034 0.0577982254640811 -0.031070109202966
0.0308477472255167 -0.032609299778209 -0.116089506796307 -0.083222299933544
0.00295419542386016 -0.0324759424718652 -0.183797521331345 0.0394778711335501
-0.00298358311887744 -0.0267307644407046 -0.104285739348676 0.176106236213618
-0.0186161918127898 -0.0284268667724484 0.0275915557745486 0.17627036664983
-0.0334642619101192 -0.0100790828110472 0.0930784541212709 0.113323441835203
-0.0332612181214626 -0.00845115965333781 0.110285337922188 0.0717978607373002
-0.0455672817027881 -0.0179899511982403 0.117587574325097 0.0506811452803581
-0.0327380601654175 -0.0523511127220969 0.119142875446336 0.0572282600787736
0.00429534909921268 -0.059244959437456 0.108421433111468 0.0870018659127974
0.044674851429329 -0.0676386673096744 0.0786670118558325 0.13980150865603
0.0968594841905638 -0.0135770954994097 0.0171792927853264 0.179404405111248
0.107307225711056 0.0793853566251508 -0.0400015309319809 0.19078506749328
0.0745191478249792 0.137839324999574 0.0056919468307121 0.238926765929958
0.0818966172567904 0.152334572460167 -0.0257846562328891 0.148004891838799
0.113202010945749 0.0795041151919165 0.0541280781518241 -0.0458067361122719
0.109942296611354 -0.0199515652301106 -0.111645975470358 -0.109469161323101
0.0588881028127105 -0.0861190052715917 -0.196708223486708 0.0135082650069875
0.0066034969511466 -0.0891156686821178 -0.127727442027579 0.157952607464776
-0.0365869825941914 -0.0795514565384311 0.00455997530373613 0.163173461335176
-0.0723167234068291 -0.0430136583938557 0.0689121009389029 0.101609899206704
-0.072012442592083 -0.0289075015893719 0.0843691358449209 0.0598319740703826
-0.0827089427315275 -0.0400770708710351 0.0952671047197223 0.0302286557037185
-0.0549989822964324 -0.093085738589087 0.106406792867679 0.0252567622797442
0.00503401011656316 -0.109023564472218 0.115488396723234 0.048935077510807
0.079974494315037 -0.120356487132676 0.107653757949245 0.109449208402246
0.15869146765698 -0.0210797871752666 0.0582114039042016 0.161241278343597
0.15429133381796 0.126969883424111 -0.0128163955452911 0.160073934019981
0.0985343613007244 0.213440538812027 0.0101408052655244 0.16515686659534
0.0657867484098579 0.214966524648186 -0.0490622325806198 0.0748873185439085
0.135716875367423 0.157523774308121 0.0494178129182654 -0.0793495960069784
0.177135677040446 0.0156031186309861 -0.0957779894540283 -0.142608216965797
0.12406777868292 -0.118566729882166 -0.193933172887253 -0.0275972429318906
0.028159610751693 -0.142081863377486 -0.145463302810355 0.114302483176119
-0.0425659287996238 -0.125367201287895 -0.0259515205134916 0.130250885593484
-0.0979710666185384 -0.0748647189015408 0.0320575107835658 0.0760270272783933
-0.100448503233225 -0.045663470901989 0.0466095326994703 0.0394322170693575
-0.108360630970728 -0.0530483214652919 0.0602524012007127 0.00541287343894053
-0.074625170954385 -0.115157583045428 0.0806419772464358 -0.0114550841625997
-0.00385655735814153 -0.140298817703127 0.11007748688516 0.0016705942517921
0.091259704990614 -0.16224001205798 0.127188733236684 0.0664697481846846
0.193646134014059 -0.0386386469095496 0.0919727724100079 0.132066439441782
0.182208756631724 0.143015157253999 0.00132537404014578 0.127293744676387
0.108475038099012 0.252017571422814 0.0010767803858812 0.079742839441592
0.0273824887574814 0.240269380969222 -0.0558995006015434 -0.0263579300163893
0.116145324259527 0.218390061832963 0.0504553203788319 -0.125980800536298
0.203822744342552 0.0684670644734897 -0.0606868546270684 -0.174263293383397
0.175700987505648 -0.111524833195973 -0.164739258000691 -0.0807754197789413
0.0584018548772176 -0.165850189757076 -0.145506382437204 0.0468526778286716
-0.0329960479609034 -0.152396746089578 -0.0573775645790068 0.0753407559448084
-0.103784198720351 -0.0987487007250444 -0.0110841724406796 0.0385527761564281
-0.111986849067676 -0.0586119464391869 0.00281740431224845 0.0124472095228525
-0.117610232304825 -0.0595755819255242 0.0190698619511508 -0.0214617153653016
-0.0810268419612878 -0.121419053831108 0.0468324697621368 -0.0460949183423676
-0.0077324878716619 -0.150718509925465 0.0937863480201347 -0.0426445209756463
0.0939679936905439 -0.175425674319004 0.130825580453313 0.0246997369232356
0.199128805795024 -0.0419966362384747 0.108790696442435 0.0996324720709561
0.177851634638526 0.14442077802229 0.00258876542985219 0.0967546418444666
0.0970144219531981 0.253436030272245 -0.0115202141301567 -0.00288068598050402
-0.00772582619004625 0.215704077711623 -0.0431140147375702 -0.131657742169143
0.0712666095591523 0.225411497971349 0.0540400421402985 -0.175905182450257
0.179830532877146 0.102469792121457 -0.0219754813540288 -0.192899777106179
0.183004667404623 -0.080436278451082 -0.118533028179941 -0.119310388077381
0.0733568642239096 -0.15346797526262 -0.125651018384529 -0.0203878853713744
-0.0204386366787037 -0.149360397545193 -0.0787131377361882 0.0125527945645536
-0.0942769729695788 -0.101478635505731 -0.0500658281492198 -0.0046004895264696
-0.106898748029145 -0.0606321034952606 -0.0392613912656292 -0.0179432128864541
-0.112489902896811 -0.0585299518478948 -0.0220483694632874 -0.0494402069575378
-0.0772908553638449 -0.11299032934862 0.0131411842515878 -0.0792026668879909
-0.00715511729958537 -0.141624015347264 0.0746456537372128 -0.0810149960716891
0.0926190425941258 -0.159485733565981 0.126676996786098 -0.0100759752691623
0.181189437456924 -0.0270611243659155 0.113312466788928 0.0710467937564276
0.145858226614229 0.137656997541567 -0.000758860306146053 0.0708012581406314
0.0658129937113716 0.224448400062281 -0.0203241437993092 -0.0739020602220022
-0.0308577497062372 0.148813122120693 -0.0202908486585553 -0.221653242663028
0.0213583843857748 0.175955776410876 0.0590982477388832 -0.213537992869727
0.119910969212875 0.0996383598231844 0.0132106911937932 -0.19688662277144
0.143681491193318 -0.0428926176796023 -0.0720399632062188 -0.141471808700391
0.0664481363591879 -0.112709566079664 -0.0987907689072412 -0.0730091432518789
-0.00906958913053582 -0.116392423801383 -0.0917267967936997 -0.0412631268797289
-0.0713996438257774 -0.0836825291209458 -0.0830966699468393 -0.0422335501598172
-0.0861104307917978 -0.0510250142723904 -0.0752592942491717 -0.0444101704884375
-0.092607565965556 -0.0493829542237945 -0.0580332825000864 -0.0744374236304489
-0.0624612669982411 -0.0925884753132535 -0.0148988033627731 -0.108209003933269
-0.00176863508483446 -0.117566815484782 0.0603459938495083 -0.112120340731552
0.0871149342649566 -0.121584122453841 0.123705247591123 -0.0338716465415975
0.146058240664936 -0.000295657425220204 0.112234671165328 0.0506578476939711
0.0951191141347685 0.123648404362175 -0.0038488472349696 0.0502955445794793
0.0219546936550931 0.169673758591328 -0.0211045599977248 -0.127301183579421
-0.0452324156773966 0.0543472245511455 -0.00246844861951927 -0.27720522023374
-0.0198967119093921 0.0895148510119678 0.0533520666519228 -0.231960781993184
0.0466148089354778 0.0648969203057627 0.0305248234402974 -0.194279623605765
0.0753609658851338 -0.0125126470319887 -0.0459456299498012 -0.15070975354379
0.0410647653426354 -0.056954739975175 -0.0838654371044833 -0.101840366220452
-0.000507453435906129 -0.0640020072873389 -0.100946595220375 -0.0734004363285953
-0.0383781211781246 -0.0511013038404423 -0.105876108726781 -0.0647382046749373
-0.0519664732246551 -0.0325086792905835 -0.100465573345559 -0.0633642781498363
-0.0580884013529218 -0.0342033389219513 -0.0830736885001206 -0.0946603304163514
-0.0402510457740649 -0.0626695038882124 -0.0304151520166558 -0.132957049967681
0.00422229040217905 -0.0828686469804834 0.0577349585838935 -0.137063750675176
0.0728766970751941 -0.0727490261885226 0.128507388518375 -0.0488941869330369
0.0967812503125012 0.0261767322377124 0.111246057698126 0.0407804158616715
0.0360616101676845 0.0962581717224773 -0.00387169043063243 0.0378280804323269
-0.0243207040595887 0.094419397267087 -0.0128082386265953 -0.158509480118777
0.0460674825813196 -0.016136811933962 0.0435159601409974 0.172675117431502
0.00284315548549385 -0.0489547226225618 0.0556966446618965 -0.0355077740401058
-0.0399092144215572 -0.0224152345369016 -0.11303468606039 -0.0645726942305484
-0.0343449617097003 0.0266551383541991 -0.161118451102414 0.0523406033229117
-0.00199101743771908 0.0299478156640012 -0.0762089214962581 0.171812478652907
0.00541006605531017 0.0173396653303947 0.0427646961237321 0.166345063500622
0.0107613291913031 0.0176534604411983 0.100557877009439 0.104985963625785
0.0098315792224058 0.0120877878585977 0.117262281138878 0.0671681766480599
-0.00410884343277782 0.0128502355947712 0.12290441467917 0.0538884467923824
-0.0153137139688285 0.00389976800525747 0.119294690029694 0.0668574217090044
-0.0141925743998812 -0.00138926817569904 0.0979899603500956 0.0974629093197488
-0.0167257237924502 -0.0235273871809445 0.0587958514454516 0.146078522267595
0.0196818255182682 -0.0343965603525503 -0.00934070349171453 0.180131842843376
0.0617482367071601 -0.00669103901275376 -0.0623205299145999 0.209220216522259
0.0539813422635234 0.0297658305579513 0.00431445383090728 0.274120000771781
0.0746538176015789 0.0646570176094488 0.0121357484001384 0.175385443727777
0.0624518602629809 0.00258428864635383 0.0551469717215267 -0.0321401455597052
0.0282910358262055 -0.0325781774165658 -0.114367528982071 -0.0779239849761003
0.000799323694691247 -0.030525134059615 -0.17647729131672 0.0419798496907395
-0.00486096191081388 -0.0249867584323587 -0.0949590673007428 0.173457154326535
-0.0193713345912606 -0.0268821708847841 0.0318668213536092 0.169375553023041
-0.0323506680609212 -0.00810741887568891 0.0924015193408719 0.106234240511965
-0.0325473741046441 -0.00742243205495431 0.108622954118422 0.0659546936221707
-0.0448577465945561 -0.0153373693298431 0.115416325255621 0.0448080571234427
-0.034011756576711 -0.0497206869202929 0.116917697265916 0.0513483113461014
0.00257181236633744 -0.0575487109162915 0.106819346161857 0.0813188100876626
0.0410529085042934 -0.0664335814395717 0.0783854066356834 0.13220869992023
0.0926487585735677 -0.0154871457523685 0.0193608034773561 0.170854799656487
0.105623097600615 0.0731503379998906 -0.0350615658370829 0.184958413460473
0.0743409320261827 0.130311538810839 0.012671743805865 0.229415309872427
0.0826184683808695 0.143109403017056 -0.0192052093541535 0.141902036395002
0.111648578624738 0.0731806884207929 0.05206726814262 -0.0459047047135586
0.104231545366048 -0.0231447896274383 -0.110224118180489 -0.103029264401652
0.0531028972372835 -0.0838429312373148 -0.189433553957428 0.017994655764287
0.00227169421225342 -0.0855809983929019 -0.117796317355238 0.156930013324939
-0.0386086605541699 -0.0758538340530744 0.00925864748730098 0.157611370088318
-0.0709910309854024 -0.038493484093618 0.0682159832209473 0.0957571562562746
-0.069922782968183 -0.0254155454424233 0.0831512941200534 0.0549327697670659
-0.0802289180416728 -0.0353361339129846 0.0930723438268937 0.0256297847724203
-0.0571850961688807 -0.0882028865611482 0.104438764861627 0.0210123401752401
0.00187456751275004 -0.104927766930946 0.113908949508899 0.0438604362178273
0.0716135955049925 -0.118488623785935 0.105962067854213 0.102920814524228
0.151652687343334 -0.0252310757565917 0.0592130085173958 0.152688135630735
0.15142211573228 0.117611296165415 -0.00873437635138482 0.155479188271819
0.0984669116165533 0.201509853673408 0.0137109711454649 0.159022447009785
0.0686411250248292 0.202960814368129 -0.0440712204699362 0.0735005148249913
0.135779586778367 0.148337840639907 0.0471813878942363 -0.0774646235518325
0.169502519197327 0.00927596832480454 -0.0954013006408474 -0.134683072036891
0.114026867439524 -0.117270399517669 -0.187499728991993 -0.0217072643038642
0.0216181587047595 -0.13768181019645 -0.135047545114843 0.115841213401735
-0.046055994105541 -0.119535582983017 -0.02189911775269 0.12672041455359
-0.0967342404663602 -0.0681556226753174 0.0322289873651774 0.0726797757014828
-0.0972208955005476 -0.0406864351651377 0.0458795597463137 0.0361061068321171
-0.105513324499487 -0.0463893449421283 0.0585712054824891 0.00303725543759475
-0.0761562942353606 -0.108077035077437 0.0777457195553834 -0.0133266651744653
-0.00790428740884648 -0.135288770477933 0.107230626145669 -0.00201416858909289
0.0815972455552114 -0.158770291567495 0.124063316088545 0.061184654810797
0.184981638702367 -0.0433495705233341 0.0907611449548056 0.123098228168467
0.179195583089129 0.1329655517876 0.00337293549421141 0.12327025374029
0.109694205534813 0.237941127891935 0.00255842746383464 0.0778508498640615
0.0329568621934124 0.228571510583041 -0.0534759268740555 -0.023573947031499
0.11829972583562 0.20572851303459 0.0460512998731927 -0.121438439267551
0.196742970908185 0.0601009250097523 -0.0619226932240425 -0.165906080291505
0.163744317136813 -0.112154241901565 -0.159852684076774 -0.0731294299106163
0.0497931730452802 -0.161229691773027 -0.138153797305317 0.051200138089416
-0.0377463929911426 -0.146297592613092 -0.0534893695457627 0.0739461413420128
-0.103345435953032 -0.0907900931454553 -0.0102184318011757 0.0378564767604367
-0.108264697598187 -0.0529808402067518 0.00267117949813051 0.0124093280040275
-0.114580883671012 -0.0526619873602392 0.0176852499836494 -0.0213492847017289
-0.0826300888424866 -0.113837182376775 0.04436543488393 -0.0453420874659139
-0.0124059681360492 -0.144716437549246 0.0900883314153199 -0.0438996064530125
0.0838787775786491 -0.171790564301229 0.126479721304944 0.0210399654930758
0.190430995127534 -0.0464019670840043 0.106393808991465 0.0921525153459753
0.175377375142367 0.133879799951196 0.0046107814904777 0.0938706529540851
0.0985262155206182 0.240516247591445 -0.0119488539690002 -0.000705166162810154
-0.000718693882651526 0.206116686254444 -0.0438014438058494 -0.124933966236892
0.0752190778933858 0.214743607128801 0.0487740110985179 -0.168836892636175
0.174920908329506 0.0929618241232606 -0.0245692347110555 -0.183814608738108
0.172241002653439 -0.0824209982702872 -0.116147440279209 -0.111482241513079
0.0649089206764314 -0.15022122843737 -0.121184798345455 -0.0149335727000127
-0.0253995360862768 -0.143702081574702 -0.0755024461976953 0.0146699428983051
-0.0941455330659986 -0.0946843198127554 -0.0498602052856247 -0.00214161483386444
-0.103717702429487 -0.0544647005520728 -0.0391805121818923 -0.0144021362512759
-0.109406873792334 -0.051345049369711 -0.0228295071622528 -0.0461793657137308
-0.0783861057954215 -0.105733144973071 0.0107650012205134 -0.0755783251677486
-0.0118355938831982 -0.135849420919627 0.0700082739155782 -0.0805265419333884
0.0827570644973409 -0.156556879564285 0.121751777104968 -0.012103130011948
0.173555613579815 -0.0316277064097076 0.110881167335929 0.064215653886172
0.143830851103096 0.128576817160595 0.000272648147538518 0.0690289102113781
0.068605486290546 0.212769458764617 -0.0233549982579613 -0.0688164080348167
-0.0256933154541063 0.142786027732292 -0.0250731381786488 -0.211421656186336
0.0256705315163917 0.168414622734516 0.0523831851491797 -0.205112582482128
0.117243573680896 0.0922780892564839 0.00923784616809714 -0.189388302583503
0.135348556817473 -0.0453344191357573 -0.072055752409292 -0.134282707575731
0.0593923106438279 -0.110429534505495 -0.0976469013425957 -0.0665099337123404
-0.0130665742431875 -0.112258259478434 -0.0902683154745484 -0.0367671588356638
-0.0714392563056746 -0.0777672183335115 -0.0829287581095252 -0.0373855532912966
-0.083718905336682 -0.0455158997576906 -0.0748447346477538 -0.0388112820490978
-0.0891240131409752 -0.0440907797089257 -0.058388764396854 -0.068932691072199
-0.0636543590637843 -0.086404607752882 -0.0171299770283123 -0.102635172251865
-0.00550582390275198 -0.112989545945401 0.0556850251956062 -0.110127297043716
0.078435328386657 -0.120208330551269 0.118475182522222 -0.0350832529441353
0.140387338507259 -0.0047978960333411 0.109081294864807 0.0451086651606992
0.0941076218711687 0.11639401922373 -0.00311658154478416 0.0490644208953433
0.0251899424855228 0.161385699670353 -0.0258248775493402 -0.120565612698147
-0.0418398944276506 0.0523009592557378 -0.0101354724939462 -0.265403302422114
-0.0169085112772047 0.0857379365880936 0.045740515769351 -0.222630117817572
0.0458270948723335 0.0610086753004453 0.0257588900754337 -0.186716586335703
0.0709550345732718 -0.0133752374784124 -0.0471536700635141 -0.143928951929097
0.0370931289053082 -0.0565005349920589 -0.0839131541614705 -0.0960381635386765
-0.00331146400970773 -0.0618591221542692 -0.100704825103604 -0.0680352135704886
-0.0386300138516212 -0.047383063569421 -0.105493667326269 -0.0578296737611087
-0.0501022693649705 -0.0292029981522155 -0.0989908175378038 -0.0559088782981122
-0.0562075904142421 -0.030411466271459 -0.0828383504199055 -0.0874388166047608
-0.0404654714043199 -0.0585361427404658 -0.0327865126638188 -0.12571039297798
0.00120419955406298 -0.0795244466269547 0.0521432412718878 -0.133241183791597
0.0671370861692526 -0.0723026564855458 0.123039926356847 -0.0496944619956851
0.0939733413946559 0.0225285643820033 0.108102936712291 0.0353114502155405
0.0365219396560402 0.0916383123845383 -0.00266416585896948 0.0370694581748529
-0.0217965359771129 0.0910903151817783 -0.0184275943064946 -0.149856319860456
0.047251989796778 -0.0130950450920357 0.0326174117080276 0.166296951173343
0.00532866963678601 -0.047384037716341 0.0553597611388729 -0.0320236588777759
-0.0379169058307395 -0.0233605603529951 -0.105171059692468 -0.0664277440231889
-0.0331988936276809 0.0252608362421489 -0.158125016767739 0.0433599879336254
-0.00172146474402913 0.0290644124503637 -0.078982062512534 0.162345043314574
0.00481414781680923 0.0170118211966467 0.0339792001112794 0.161103231641059
0.00996850525591952 0.0182981388101988 0.0929313453202402 0.105163056046704
0.00891735651312277 0.0123432821857034 0.111404006764374 0.0678294818630413
-0.00367271810686545 0.0129454908690042 0.11782017156068 0.0548457908713677
-0.0147805228209421 0.00394659952000231 0.113109988600212 0.0675462547682543
-0.0121106247464015 -0.0020373880528337 0.0897141532586949 0.0977629731942462
-0.0134031296181453 -0.0210313819286176 0.0497334685856686 0.140898121745839
0.020190290965 -0.0298121827041978 -0.0189322000743853 0.170575280613669
0.0583005871194934 -0.00154390962073981 -0.0719175451425051 0.198907983641153
0.0517397804599903 0.0332414625271808 -0.0126748147076999 0.262718614595044
0.0698890611344142 0.0675409564979889 0.00641986859010149 0.167126008046223
0.0599401603366347 0.00560985153980927 0.055619111200089 -0.0309880585574785
0.0287681589637871 -0.0288691859026283 -0.105368673134005 -0.0824736833095741
0.00337126337323797 -0.0273396440892275 -0.172452121174919 0.0305817263085152
-0.00110958433209452 -0.0239902180828763 -0.0980858433320776 0.161431143659613
-0.0172974716840559 -0.0268250647762118 0.0220511747172037 0.163315033550512
-0.030434020816548 -0.0083208647886027 0.0836117500359082 0.106313038714588
-0.0311977379897475 -0.00880249670679359 0.102504446762297 0.0658409793186446
-0.0421351728674569 -0.0161487851875464 0.110992394976351 0.0455366358209466
-0.0318071325715302 -0.0497690462292435 0.112541499518949 0.0522187529464774
0.00597703630102601 -0.0570046078661389 0.101620331250708 0.0817427047284692
0.0436520541379311 -0.0602159827230662 0.0721398183651932 0.130267269840517
0.0907087011832601 -0.0078574746440678 0.00998836812647537 0.16554417867789
0.0981194397891449 0.0776672324650078 -0.0458743920451323 0.178869691709965
0.0688168150749855 0.130166128496111 -0.00485295118951925 0.222257125569329
0.072125939933552 0.144916580859965 -0.0196458691865339 0.134008830704235
0.102889807593587 0.0775131659257725 0.0555239908070214 -0.045503670772194
0.100690152728257 -0.0147068148907584 -0.0994103222163057 -0.108867191891264
0.0550295653990008 -0.0754058010156628 -0.18357918035055 0.0033009664510543
0.00870749688300192 -0.0815136893269117 -0.121869441319868 0.143493653658727
-0.0333576539317404 -0.0750881330707198 -0.00078629649656278 0.150287696473175
-0.0657996640162847 -0.0397239654872725 0.0597007428521801 0.0953794492397171
-0.0671357061227593 -0.0282262592355609 0.0776907075223454 0.0550510040509338
-0.0762509149156012 -0.0368056900034312 0.0895305369977835 0.0264525872004085
-0.0533453029698075 -0.0886092676312713 0.10143275269815 0.0219783765933756
0.0066877614964654 -0.103858592071793 0.111465545332979 0.0453669170777343
0.0755165257782982 -0.109686009525107 0.102512568869414 0.101975040404782
0.148869292697234 -0.0147120059944643 0.0502740156767126 0.151266470096425
0.142393916485424 0.122179360444414 -0.0208587029456436 0.153514444466444
0.0902087404623252 0.198674677418873 -0.00231931428355805 0.156905981764247
0.0539696586363374 0.202930740502615 -0.0368994053070923 0.0683924743446647
0.120984650290973 0.152482838277994 0.0549015783356476 -0.0762872270359119
0.161736543768226 0.0209884757076155 -0.081595571701377 -0.140979367221993
0.114496631539159 -0.103566369173656 -0.179276778631722 -0.0376462915451967
0.0288792383190885 -0.130212285078426 -0.137710512000107 0.102124216767031
-0.0391204015405745 -0.11826604162604 -0.029409821018066 0.118808099367237
-0.0897852823493438 -0.0699861740358831 0.0244041233139012 0.072257389857313
-0.0927699632794116 -0.0447639219367868 0.0416266104619299 0.0365642427282321
-0.100130425267227 -0.0485187348187911 0.0565865584252359 0.00276244764192048
-0.0714181683861854 -0.109246309868991 0.0775922271082161 -0.0124563679573355
-0.00191428695321482 -0.134121960103271 0.107833162695191 0.000496866391390856
0.08568597964245 -0.149269577722048 0.124199234885119 0.0622621268737638
0.182600466405168 -0.0315212670618512 0.0836426968802026 0.125382200535193
0.168551117688277 0.137661602494615 -0.00678813931830604 0.124431060077705
0.0985017568570237 0.233356432814777 -0.00871713033404988 0.0802104846739922
0.0158805187365966 0.22541844915447 -0.0404592960539739 -0.0234945628708503
0.0995078254633811 0.208447584997071 0.058093242047957 -0.117500193280227
0.184508645641255 0.0719193977019345 -0.0456706597326371 -0.169686478544637
0.160734809582914 -0.0956935322325357 -0.148188486649311 -0.0864236119899901
0.0571402925781071 -0.150992957466526 -0.138134916634392 0.0382393319624177
-0.0298465656264608 -0.143318999997273 -0.0584091647585824 0.0673469099981411
-0.095938793559096 -0.0926360057460499 -0.0159797838117211 0.0372777081788105
-0.103402273186243 -0.0573327482592241 0.000713169812507376 0.0126165687012122
-0.108932541050731 -0.0552591424001406 0.0182764967873466 -0.0212334857143359
-0.0783712076888681 -0.115348666155387 0.0460760458033609 -0.0446398835311854
-0.00581813491820754 -0.143220503150876 0.0937313310173773 -0.0412956383034071
0.0877004836325197 -0.162136470559592 0.128852301430328 0.0233077274771529
0.188498737760271 -0.0353258482096333 0.100855949025436 0.0970443492745348
0.164046733970257 0.138417613469988 -0.00435360424125456 0.0959734923464064
0.0879758189472602 0.234374485439597 -0.0185909686492485 0.00414049784856467
-0.0169546050735022 0.201840069253967 -0.026386219706987 -0.119497971519303
0.0573286690893828 0.213683500465935 0.0630753265322718 -0.160988985804633
0.160687138257919 0.102721844484463 -0.00708563550973667 -0.183534412564821
0.166821584590459 -0.0670324951889198 -0.102867819260059 -0.121131196113631
0.0699785283879182 -0.139459876149994 -0.118449506165823 -0.0248659873345577
-0.0188604441281438 -0.139880704204997 -0.077280101565986 0.0089829259313928
-0.0869568553833976 -0.0957903780773521 -0.0527737687538109 -0.0033424539876518
-0.0985286468913928 -0.0588387908948085 -0.0388531837243499 -0.014818743265524
-0.104188354604722 -0.0543535042767424 -0.0201574768688545 -0.0467179958714981
-0.0740885925320023 -0.106356238616445 0.0144123702761074 -0.0742219512491155
-0.00588700237749314 -0.134939517430589 0.0757570529548999 -0.0770194254840617
0.0864012834346231 -0.147997343469943 0.125785971234391 -0.00812523161804775
0.170915634766528 -0.0221744260992866 0.105708553409071 0.0706189984805856
0.133852486273908 0.131084821767178 -0.00669323475067672 0.0713748825710185
0.0589037365677212 0.206275717056652 -0.024548463883269 -0.0622736740188741
-0.037340231410213 0.138399581551802 -0.00576118104534415 -0.20174061682093
0.0113071521582037 0.165619477187022 0.0671884521203073 -0.193729702062188
0.104451232502691 0.0978033199319352 0.025263637040393 -0.184034584939252
0.129492005156576 -0.0340440494918983 -0.0591838213626881 -0.138014314491818
0.0621686211118292 -0.102205249835804 -0.092890835581069 -0.0730697059947055
-0.00805073080957966 -0.108689084695751 -0.0883800253308999 -0.0407409206598365
-0.0663693892907286 -0.0792560694699998 -0.0831383814040599 -0.0373108888841982
-0.0791236284999119 -0.049272627865714 -0.0722605684177356 -0.0386646954961455
-0.0850099797400685 -0.0463627527739042 -0.0537827042729462 -0.0689721541927051
-0.0603371209485419 -0.0871766809362342 -0.0121051138886095 -0.100735939266768
-0.00137382660127129 -0.111964447438005 0.0620138356259326 -0.104961766223164
0.0807965743127407 -0.113792628661464 0.12275545867137 -0.0290566652488877
0.138009926313204 0.00215559096892554 0.1037707847654 0.0522678186153569
0.0862821175883376 0.117364610396518 -0.00870826122534637 0.0503021678913332
0.0185370022627943 0.154896313897149 -0.0236857385136589 -0.113203212104172
-0.0475895772114078 0.0488739175219595 0.00811948407356017 -0.253264225018734
-0.0250839137738152 0.0827078203362866 0.0598741238212584 -0.20955648563968
0.0382030894154732 0.0628114554158681 0.039966427393285 -0.178583288689181
0.0665301494749967 -0.00770419146722789 -0.0359434304702409 -0.143020279448576
0.0375144220374492 -0.0516989474451212 -0.0776709310575497 -0.0986720842548503
-0.000311450170979403 -0.0591667596717651 -0.0960121167728629 -0.0701325270321246
-0.0352656848168975 -0.0482502492263528 -0.102475687872597 -0.0584856316163767
-0.047183955465239 -0.0315900215401216 -0.0950716255961314 -0.0558701511099433
-0.0531711858943321 -0.0322159930125976 -0.0769477201593049 -0.0869931726807819
-0.0381052322564051 -0.0588731700946996 -0.0269303676940323 -0.1232005323174
0.00363786555272044 -0.0784877560178184 0.0585406401668187 -0.127308571180091
0.0682226575254937 -0.0681478335155642 0.125144985673763 -0.0426527590090136
0.0916772295071545 0.026886726459032 0.102285057491089 0.0429282916062083
0.0314777720848451 0.0910257742562461 -0.00736980043465424 0.0372479184658598
-0.0243652720366677 0.0856094668361136 -0.01307424467366 -0.143453526811385
0.0461894364361668 -0.0115713836131015 0.0295815934688218 0.164033674259828
0.00611313720516399 -0.0469164957128876 0.0560571893337279 -0.0316884982309706
-0.0371582564177569 -0.0235114361668528 -0.102946910201162 -0.068138981251532
-0.032706535485252 0.0246607488456724 -0.15857228626789 0.0399171984448441
-0.00238296906674459 0.0295277250824584 -0.0801196015728757 0.159885319478158
0.00468706507941549 0.0177469890255611 0.0323465058621104 0.160082578757395
0.0100370831663839 0.0191763747858295 0.0901452035097706 0.105081062585246
0.00826157379700305 0.0122051106032858 0.110494161458367 0.0675785477819028
-0.00467158688737398 0.0131229280574537 0.116940835081121 0.0552060362931091
-0.0148105675572808 0.00386234545957804 0.112242627987361 0.0687541363786645
-0.0114541220142711 -0.00243706940091857 0.0873961519664935 0.0983228456755998
-0.0126844037413992 -0.02082617230491 0.0460266150527468 0.140294823757255
0.0207662737483158 -0.0288164319656216 -0.024192948971517 0.1680383221881
0.0576734185963679 -0.00114717388512828 -0.0756974894724411 0.19606974774454
0.0500880424127218 0.0344932541817011 -0.0160875598433485 0.259432944520779
0.0671682051632769 0.0675471315447472 0.00427139553280431 0.164435660274165
0.0595214937491661 0.00640358272766816 0.057165486306849 -0.0305942625804444
0.0280717719704856 -0.0288321430440803 -0.103136940362398 -0.0835501327090308
0.0034662542074692 -0.0269433378705897 -0.172203031494169 0.0266643931250619
-0.00149800853874307 -0.0230676589296896 -0.0991116589084135 0.158852502385135
-0.0175943150042322 -0.0261857966756366 0.0198817093967703 0.162384991176307
-0.0294957294466027 -0.00826802355420365 0.0812179510358344 0.10585708936457
-0.0305146608257305 -0.00867836100572971 0.100986715077178 0.0657173905928504
-0.0416901059831505 -0.0162623282318446 0.110080292827411 0.046048881683405
-0.0320879088814318 -0.050065545254039 0.111757399059758 0.0535568851200531
0.00686811011251493 -0.0567536450890882 0.0996372631548727 0.0830809022724698
0.0436950921721168 -0.0591690531329834 0.0687274956865307 0.130032367927272
0.0897615397292896 -0.00699842050025298 0.00463167574611885 0.163519714963732
0.0960524815775038 0.0776053371725725 -0.0494231186465814 0.176349415582321
0.0649926632104711 0.130409354556033 -0.00808048948105627 0.219463021089809
0.0684395237259211 0.143290989358418 -0.0203829887912543 0.131890580305315
0.100891813420998 0.0778732149343905 0.0572742051261451 -0.0446221197098404
0.0989730128175841 -0.0139272295781936 -0.0961666413739047 -0.109413103599632
0.054824608969865 -0.0732636178392018 -0.182274613028693 -0.000119988080473737
0.00868374703532759 -0.0799006379955942 -0.121199115506811 0.141172057577832
-0.0333301495523855 -0.0742511317392354 -0.00225816426836863 0.149233575043945
-0.0648046390327404 -0.0395798413529223 0.0575977966028816 0.0951609706945109
-0.0656808432110012 -0.0285897611554857 0.0770919729756337 0.0552116814520252
-0.0745676544472938 -0.0366319586262818 0.0887638294738345 0.0262652218954821
-0.0526946042348137 -0.0880008992695157 0.100780851620345 0.0231921682854889
0.00771640039690897 -0.103356873822143 0.110364064111332 0.0466803340544867
0.0750220239841934 -0.107471973230796 0.10020953769181 0.103340705869922
0.147214392173428 -0.0128931514488586 0.0451981821926716 0.150008147275404
0.138672733251312 0.122933706824041 -0.0240355803327106 0.151606472496629
0.084449531971058 0.19800764296791 -0.00412777095336826 0.15580488968066
0.0502012746872314 0.199845696822882 -0.036877844379818 0.067222414552513
0.117314549746785 0.152604942945095 0.0570530047786815 -0.0742076288247578
0.158232071018767 0.0220239030998615 -0.0769117627330184 -0.141108987992824
0.11337292652679 -0.100247196312762 -0.176137636295749 -0.0404274121540066
0.0292616179235772 -0.128150727101854 -0.136616713050217 0.100280005806132
-0.0388334594351063 -0.117078950212835 -0.0308944380862365 0.117509207424917
-0.0882282701661855 -0.0699326650476117 0.0226704863390823 0.0717736458250868
-0.0909269114778777 -0.044876738575547 0.0412869828742293 0.0374968338482143
-0.0976757819722332 -0.0483280167538356 0.0562042428399572 0.0028324916160826
-0.0704378058124977 -0.108924237028562 0.0778379505139697 -0.0108757007241337
-0.000566935889433535 -0.133297581985828 0.107868234768673 0.00177262604161837
0.0856823397957824 -0.146581223668463 0.121505736062883 0.0644687644918217
0.180647844063355 -0.0295035517310557 0.0793855116504558 0.12554285243991
0.164674483035703 0.138978155755247 -0.00927869145930086 0.123174864342314
0.092090233637475 0.231923521778958 -0.0107714483610511 0.0804763040355106
0.0117998810824413 0.221080399032168 -0.0384523949569599 -0.0228603814633
0.0956639619932221 0.207341904104786 0.0612559957073078 -0.114448563486667
0.180166024458488 0.0729737664347891 -0.040780299000493 -0.168595156947874
0.159025560478605 -0.0922514361776332 -0.144481870395366 -0.0883985758741875
0.0567390183341947 -0.148737476503091 -0.136562965082973 0.0371985689676952
-0.0297060179552819 -0.142627981775993 -0.0593370758352079 0.0660564998359424
-0.093975697551803 -0.0922142511962938 -0.0174747924247497 0.0367971683398815
-0.100652556815747 -0.0575129636757211 0.00065946943640238 0.0135808868940064
-0.105980036493074 -0.0549266465773372 0.0185047866216353 -0.0211421750823452
-0.0767331163058239 -0.114171716843823 0.0469604495710338 -0.043034227140201
-0.00424388296031511 -0.142618705945868 0.0943192195430169 -0.0401893034832867
0.0872347612211467 -0.159607861600416 0.127393341369195 0.0262416193107989
0.186792020461893 -0.032717668623656 0.0969831580678153 0.0968332230342249
0.160303495233459 0.139473354257026 -0.00612568948349129 0.0953219019308736
0.0816899754850351 0.232621228240231 -0.0198024500157071 0.00484230061789534
-0.0195968073973301 0.197795020812072 -0.0230293149067109 -0.118079938720105
0.0530727271833727 0.21228994006492 0.0663912012463024 -0.156452919774541
0.156408461992895 0.103396177080701 -0.00191534096889794 -0.180827203426841
0.164482128672317 -0.0636076147938308 -0.098950992413408 -0.121152155840402
0.0691837665983016 -0.13666715838551 -0.116248727946113 -0.0251697866118711
-0.0180582226664754 -0.138544582695321 -0.0768425200300969 0.00776196575904983
-0.0854853359033667 -0.0955747521230676 -0.0533765403879174 -0.0029089488799758
-0.0965372102322104 -0.0585894852587464 -0.0384281248204019 -0.0137000039785972
-0.101579017454289 -0.0537090220821528 -0.0195042908439425 -0.0460583760837959
-0.0727887714808281 -0.105800502599377 0.0164060260495061 -0.0728902073056902
-0.00416882566579028 -0.133343292996867 0.0766263329361949 -0.075378059177682
0.085954541312653 -0.145872369036056 0.124911590066365 -0.00481561360299668
0.169328541175817 -0.0200386042704006 0.102281933486567 0.0710654543422902
0.130747177811619 0.131653613886861 -0.0083227841384372 0.0707281289235906
0.0543701856797203 0.204400749815392 -0.0251460425255841 -0.0606105893623348
-0.0397137118370607 0.134970863950694 -0.00185020304112659 -0.198525917918692
0.00865747548806503 0.163644040182178 0.0706128143130193 -0.188864319648828
0.101323622854412 0.0978996712855549 0.029847933089853 -0.181119896296455
0.127256396692529 -0.0308331675865348 -0.0553346736991785 -0.137614164029165
0.0616443790871534 -0.0998121206386767 -0.0906789041877544 -0.0730053008217243
-0.00826912356715345 -0.107754932364546 -0.0879164189944851 -0.0415789418971748
-0.065510302227633 -0.0786401534728686 -0.0832848714438904 -0.0371851427011544
-0.0768565907247284 -0.0495111249687396 -0.0716008091328805 -0.0373798800823437
-0.0828421604463481 -0.0459025898228889 -0.0524445543145136 -0.068153072797235
-0.0585531073463083 -0.0866123151380358 -0.0101723234312382 -0.0997858994493726
9.80657710823521E-05 -0.11076927954862 0.063594533050911 -0.103777074747469
0.0803631823755399 -0.111520831553128 0.122470935724794 -0.0261011745841826
0.136157446342987 0.00358289364276099 0.101561555011579 0.0529391574586267
0.0833587372630368 0.117215317791525 -0.0103045412372005 0.0499133439599514
0.0153959144290386 0.152689356343733 -0.0235799763535446 -0.110878587384242
-0.0482480794062015 0.04722641744827 0.0127516146126399 -0.249563975197158
-0.0258624529773504 0.0809349392422305 0.0633656612220756 -0.204142819052341
0.03619217082404 0.0625392792282169 0.0440149291963588 -0.17604175064225
0.0652814052415687 -0.00586611034158007 -0.0320680972225462 -0.141997024319104
0.0369334187501163 -0.0502905524904584 -0.0757493012744937 -0.0984939546964016
-0.000317204616187406 -0.0582667071237924 -0.0951869172170739 -0.0707577783212851
-0.0343951647646055 -0.048068731363664 -0.102784627115049 -0.0579805279018566
-0.0451766344552179 -0.0317868065025673 -0.0932340663745776 -0.0546508540788237
-0.0514817653047205 -0.032490613822058 -0.075597490282993 -0.0855474020795465
-0.0367495575392351 -0.0584716412705368 -0.0249848846489154 -0.12198816525624
0.00487136616101952 -0.077785055042916 0.0599024320053186 -0.12517565645885
0.0679724915672454 -0.0665112937935056 0.125392331802634 -0.0392448740110253
0.0900052616689519 0.027227331798895 0.100129047631899 0.0440283873708204
0.0291949172530237 0.0901734837572483 -0.00823815899653236 0.0370720201768017
-0.025846947071029 0.0830714259833959 -0.0125657977852731 -0.139862105865927
0.0466780419711914 -0.0107274904961977 0.0289663283504564 0.165544461773119
0.00694047262823018 -0.0475963577185266 0.0576689790701764 -0.0328748264986138
-0.0378412446700691 -0.024809857088616 -0.104423145429039 -0.0714094841736353
-0.0333332528166395 0.0249338223706348 -0.163002240286832 0.0387457801886488
-0.00239343424838919 0.0301654332316879 -0.0828010942724047 0.161465207964
0.00471370967832271 0.0192741054102523 0.0318126813460072 0.163513260380116
0.0101812489528054 0.0193474191664685 0.0914926863941257 0.107749199446014
0.00833710755343755 0.0122362949588391 0.112531438803271 0.0680950805588073
-0.00496955202883797 0.0133313657526846 0.120218194838802 0.0559927003254893
-0.0154925193533499 0.00363423144132335 0.114148431531596 0.0712853584162165
-0.0115726903005472 -0.0032686314393858 0.0876147258507449 0.102510846314753
-0.0123008137589744 -0.0212461125763977 0.0448670727679996 0.142602518583636
0.0213024697594988 -0.0290027762485476 -0.0286567302447878 0.17083941370563
0.0587588030895968 -0.00088333845379698 -0.0802307233755248 0.197921310238361
0.0502638113075951 0.0367191474518918 -0.0188743308694592 0.263170731055389
0.0669417699790935 0.0690995138973782 0.00356781016524807 0.166070709659041
0.060486920486444 0.0071413746536306 0.0592831475845825 -0.0310901264085044
0.0283665445733506 -0.0295945824529506 -0.103295480672823 -0.0870466383430818
0.00333114329264657 -0.0272952613753828 -0.175978045104381 0.0248796650551882
-0.00177953499522781 -0.0229379550101472 -0.102080555049583 0.161312674076901
-0.0179179698598896 -0.0256322473114335 0.0192929085758363 0.16614964107359
-0.0299777718561305 -0.00829184309323291 0.0813098000571428 0.108779637787322
-0.0309171504564158 -0.00910813640232317 0.10253993821566 0.0667649678691299
-0.0424795845791459 -0.016048137639979 0.112261431694622 0.0464666336591863
-0.0332249208583761 -0.0506684452677029 0.114271054783088 0.0553513769285497
0.00756787957449624 -0.0585206644993117 0.100994874554522 0.085954545453213
0.0445580317128288 -0.0595939908254132 0.0681868591089112 0.133175934266912
0.0917936545601177 -0.00596748839254835 0.000625907891400883 0.165654135587808
0.096860436954706 0.0803940387749626 -0.0532837791763613 0.178955739307493
0.0637102277631775 0.133615303799838 -0.0108706132561028 0.222939212785223
0.0674704632028512 0.144853694623387 -0.0209847861001633 0.133563786743406
0.101999095031096 0.0799219623535013 0.0598837505205012 -0.0450795716110163
0.099713327125508 -0.0137148609831695 -0.0955983461549175 -0.113277365432445
0.0555234191541152 -0.0739432218465255 -0.185153085986748 -0.00275865079869186
0.00852159956098009 -0.0806540660865186 -0.123519619367222 0.142734935439308
-0.0345874469356331 -0.075199284230711 -0.00356114508693318 0.151967420642028
-0.0653144202783883 -0.0406547952445745 0.0573670276770354 0.0974942562511453
-0.0665966351817101 -0.0290834319796907 0.0783370146187787 0.0569603076738942
-0.0754126418781521 -0.0375886405091971 0.0902441046445134 0.0269203409018788
-0.0546593237730222 -0.0897930755955759 0.103497568436541 0.0247346397218647
0.00886134041710418 -0.105609831242408 0.112176663990002 0.0488037273004943
0.0766099812936853 -0.108734996490061 0.100241314645365 0.106489515949365
0.149710144249319 -0.0120643532347069 0.0427799213339817 0.152450122512307
0.140324143362703 0.126386211063775 -0.0272395857864544 0.154202241676481
0.0825555461407004 0.202120851720124 -0.00674945731087435 0.158761184361274
0.0474771655417406 0.201820159810186 -0.0369435003144324 0.0678008860318734
0.118342750231017 0.155347104121374 0.0604748563778446 -0.0748542932330761
0.159458493519063 0.0238709458156987 -0.0760808479363548 -0.144116795572366
0.114860266499958 -0.10040329139415 -0.178508288047098 -0.0437210503830765
0.0288868396774297 -0.129388861538796 -0.138330758918749 0.101535998974989
-0.0403411642208178 -0.119025525733927 -0.032502149592185 0.119381434436613
-0.0895442839551979 -0.0710440070077308 0.0225950700147323 0.0735722199270317
-0.0913945048158311 -0.0458840041858988 0.0425042187595707 0.0392282162392787
-0.0984957497496294 -0.0490934001624224 0.0571680837109686 0.00351380365971691
-0.0722733560464509 -0.1105139162658 0.0801415670626206 -0.0100862941765113
0.000931543018886671 -0.135743489921841 0.110156134256406 0.00227407619617131
0.0864367842749757 -0.148020972310257 0.12311165473483 0.0676130308559235
0.183802611397879 -0.0287250525650507 0.0779039507051809 0.127740533131426
0.16627199858796 0.143071727447467 -0.0118493166458305 0.125540634297198
0.0902620636879566 0.236391129590599 -0.0125879152297393 0.0821488565984834
0.00908901029852074 0.223159319420365 -0.0381220400814025 -0.0237275996570739
0.0954371819477088 0.211904809764366 0.0647420707960428 -0.114550306538074
0.180996567463642 0.0755485345867725 -0.0374976428628138 -0.171131369887732
0.161524515367319 -0.091812149049711 -0.145602670671829 -0.0924510240893797
0.0573103902586086 -0.150543131108929 -0.137678595663272 0.0373257746452671
-0.0312574632409983 -0.144717516834081 -0.0610686827988022 0.0663432495641209
-0.0955960082628261 -0.0941437015601498 -0.0182755354033235 0.0378645919529918
-0.101941783244884 -0.0587278374824509 0.00088272504987353 0.0151201733043666
-0.106771008538986 -0.0562638440327217 0.0189866462448665 -0.0210720028099865
-0.0785100107866217 -0.116112422418454 0.0490953908580095 -0.0432818905601576
-0.00309779843088891 -0.144860442611719 0.0968582583538947 -0.0404169356043809
0.0885680625197638 -0.16151724991301 0.130052742196852 0.029115928664115
0.18879101765925 -0.03213329215948 0.0967271589883005 0.0994139520136073
0.162319024822082 0.144155600363952 -0.00801253577667795 0.0974718697427416
0.0795488621310956 0.236379241021346 -0.0211604281406741 0.00592200104685044
-0.023134171098575 0.198837213940966 -0.0212780478508529 -0.119624449429425
0.0521266435711925 0.216499635313881 0.0707732030743414 -0.156976961412417
0.156651063225529 0.106490769887154 0.00161280388500317 -0.183793797378182
0.166904383467018 -0.0622864073778001 -0.0984426481719112 -0.124734073596811
0.0704953557493188 -0.138991464349785 -0.117563738630923 -0.026040808151203
-0.0193867376814814 -0.141166111390952 -0.0790921056019697 0.00715092844795328
-0.0873726953302949 -0.0976508639804086 -0.0553318227455883 -0.00279726143700719
-0.0973319504070823 -0.0602144072767816 -0.038670509688698 -0.0122220632601141
-0.101833292367039 -0.0550018421037345 -0.0194292555590858 -0.0465938256666611
-0.0734028770577167 -0.107404308794586 0.0172464847043008 -0.074366594559865
-0.00360151928925012 -0.135629880692206 0.0795926313631834 -0.076529718233559
0.0862248685745598 -0.147101727405698 0.128290369173623 -0.00287853549897738
0.171947125234614 -0.01960274496075 0.102784378731608 0.0728365868093627
0.131861304935489 0.135330240897607 -0.00924757355840515 0.072490432709768
0.0526303618036529 0.206953062085662 -0.026513733334229 -0.0605172597052287
-0.0425369102547148 0.135404446967706 0.00151921761574938 -0.201135555539975
0.00670003797996809 0.166271441076876 0.075092972309524 -0.189322235704974
0.101003514065251 0.100654729865768 0.0340913527181574 -0.183969610435767
0.129222372499515 -0.029821278679433 -0.0535493312071432 -0.140812036649764
0.0623121885843099 -0.101061044786228 -0.0910012492267361 -0.0740470089407336
-0.00894807656432084 -0.109293764409731 -0.0898805915896027 -0.0433471074727259
-0.0666222670094487 -0.0802749304233283 -0.0856757660497349 -0.0376175161503394
-0.0777150881905156 -0.0505246251285138 -0.0723336887443955 -0.03703721964972
-0.0825253962333188 -0.046946294231168 -0.0530426289753991 -0.0687553249135189
-0.0593057470629986 -0.0876366910874342 -0.00915282403010087 -0.10118133470947
0.000182851595088536 -0.112159986214439 0.0659560621799525 -0.105285831361545
0.0813849817050895 -0.112844118238516 0.125295417861058 -0.0249504235948903
0.137720829096812 0.00479184491797204 0.101976567513075 0.0546912170388052
0.0838294285864809 0.120500391525364 -0.0109754590169498 0.0511978463068375
0.0132394719207311 0.154357617727418 -0.0248214687935268 -0.111512349810922
-0.0500543213998652 0.046177295262029 0.0164921842772911 -0.253158084567884
-0.0278517417913752 0.0818397325056024 0.0677102954275961 -0.204885381211442
0.0361633562166468 0.0642810313258586 0.0479116096507684 -0.178131151817571
0.0658026158595304 -0.00485359044131699 -0.0300045610812725 -0.144822383458671
0.0371445611616191 -0.0509011794833101 -0.0761919314641375 -0.100615455159406
-0.000711090666182894 -0.0592210644028561 -0.098361388032344 -0.0729298886593913
-0.0353445164874074 -0.049040801700574 -0.105465839146564 -0.0582854140448299
-0.0457852898699963 -0.0328105767312972 -0.0951410478169441 -0.0542101812365678
-0.0509886375242661 -0.0331281349350521 -0.0761005687787832 -0.0864900051563487
-0.0365627743734453 -0.0596209447078575 -0.0244268798423404 -0.12396990967485
0.00519451122460185 -0.0786056589129103 0.0622696291383949 -0.12701068017192
0.0691544172558813 -0.0669771967122988 0.128863296020287 -0.0379859975010846
0.0913118142211995 0.0282403642327304 0.101692825059573 0.046172816294579
0.0280475511900069 0.09228032714378 -0.0094775331674011 0.0382204576036892
-0.0270500726780875 0.0830168259291722 -0.0137148018677736 -0.140852416004305
0.0474387495220289 -0.0106771376099491 0.032564128566896 0.169560797582876
0.00695905064569716 -0.0493935334788503 0.0597990079141705 -0.0360846275309745
-0.0395765940167055 -0.0251508193699797 -0.109267179638296 -0.0732373291256969
-0.0331516337553005 0.0261487002842409 -0.169047889307192 0.0417962014473921
-0.00143596677591283 0.03185700259431 -0.0830224509051134 0.168914492858946
0.00584126242162929 0.0206587378386148 0.0366295550579931 0.169215333971717
0.011143591266885 0.0198372628415163 0.0967726429514352 0.108977038116199
0.00870692615927337 0.0126311022474521 0.118097591502599 0.0667593713993445
-0.00452198546936081 0.014003553483228 0.125313093166973 0.054777383667681
-0.0163044365130697 0.00445551785777918 0.120231539324887 0.0719890312260005
-0.0120651492242835 -0.00420226476401575 0.0918182686944839 0.105358533244413
-0.0130133905472313 -0.0216481981095593 0.0470335952731168 0.146801497789446
0.0222117199828797 -0.0298700539394338 -0.0302799330789948 0.176591909514247
0.0607978078147517 -0.00183726277340264 -0.0816105922585455 0.205453728630637
0.0514302833240433 0.0380333124721044 -0.0155541747745808 0.271415548911836
0.0688302511656383 0.0701062992722936 0.00653678123569886 0.170257203743509
0.0632017829717892 0.00628443757780712 0.0619973395946551 -0.0339256962482739
0.0275815147030002 -0.0311546948672635 -0.107973793875846 -0.0897031489635323
0.00233302568971467 -0.0280010583812241 -0.183074377082543 0.0276869545028511
-0.00188788519689008 -0.0232187894922622 -0.102000920687554 0.16777746863609
-0.0190300458249991 -0.025784716190739 0.0228093790667977 0.171218742689695
-0.0306044743768529 -0.00813788235296188 0.0863848345280495 0.110434029140414
-0.0322449678261732 -0.00894162056282117 0.108282617751444 0.0663248315781675
-0.0446768162690467 -0.0157900757693171 0.117529806709161 0.045220568108043
-0.0358984725179466 -0.0513307532593319 0.119853952395808 0.0553928654032572
0.00696121431185946 -0.0614333784536736 0.105705303403345 0.08826470220692
0.0448361070266644 -0.0627092636283167 0.0713216221612009 0.136909267810128
0.0941042362388185 -0.00729610814551776 0.00111252520506255 0.170727486647193
0.101657541725408 0.0815251421357789 -0.0540121157882783 0.185642280382634
0.0665484754057789 0.13788468156573 -0.00802152060868258 0.230442873727026
0.0697016276885503 0.147790281540541 -0.0184323599538446 0.13728640083369
0.10668634639879 0.0809204970907294 0.0633905343232321 -0.0480473031641501
0.101124865785366 -0.0160132312101732 -0.0996918085820926 -0.11649598308874
0.0551614114099907 -0.0775090599892518 -0.19242710712039 -0.00135135579727691
0.00712512296897748 -0.0833220613189489 -0.124772259897568 0.149809314909402
-0.0378841845092457 -0.0764391375068686 -0.000835595198921038 0.157715821538046
-0.068404385883053 -0.0400875529446569 0.0614630950441764 0.0995384395622426
-0.0689155034344952 -0.0288212390869131 0.082778781087723 0.0568940077248346
-0.078552603156078 -0.0361674596115099 0.0945054583508237 0.02576392774308
-0.058794756020289 -0.0913663848900418 0.108824844719391 0.023837873737284
0.00746243019585772 -0.109853311086187 0.117243655802447 0.0495021938679417
0.0765703522346699 -0.11402369055518 0.105202373194209 0.109829351447968
0.154526280378707 -0.014415048733511 0.0440213628203895 0.156869090560961
0.146573624492042 0.128862600710147 -0.0269444252890257 0.160643636679543
0.086885707971628 0.208094432315411 -0.00538964134716438 0.164309765355913
0.0500319225965382 0.206244184684445 -0.0358342952012462 0.0703432909095259
0.12460583210656 0.159221246835399 0.0633773640484658 -0.0778478405446487
0.163699728771282 0.0216269851581848 -0.0784041196809026 -0.14849199320555
0.115627082081798 -0.105907859160738 -0.1853500664745 -0.0438394963443972
0.0268178682639403 -0.133617711654222 -0.14016189259256 0.107483612568176
-0.044913172865183 -0.121770687606144 -0.0314292405157285 0.124214155743478
-0.0945339496644994 -0.0712113681335391 0.0240512084806513 0.0759954652399797
-0.0952756039730977 -0.0452693659030453 0.0453486535176989 0.0401191923839937
-0.102402265101416 -0.0484813372409192 0.0596269437056711 0.00247238944196049
-0.0778621511022873 -0.11247970584385 0.0837914077686677 -0.0121684138502756
-0.00174306055858134 -0.141143235891196 0.114554100939516 0.00104663451966796
0.0855996144847677 -0.155131496595858 0.128572618072631 0.0693338308409194
0.189169787359883 -0.0322831656692458 0.0807727847975488 0.13107756442744
0.173956520169331 0.145911339888463 -0.0110752577908585 0.130711590265454
0.0952656900818679 0.242921480355186 -0.012697838936419 0.0861304999430692
0.0107967714990719 0.228953508982236 -0.0378683389815183 -0.0237624199790549
0.101902789231585 0.218268636364061 0.0682807900975759 -0.118120921010067
0.186897181998693 0.0756998433144263 -0.0396931683004496 -0.176909304675353
0.164481565597815 -0.0975491754722349 -0.151372577802454 -0.0940236036559391
0.0551288675898162 -0.156060579425765 -0.14041910406145 0.0418467157723756
-0.0363846216340565 -0.148791883875028 -0.0623460267051572 0.070203641452948
-0.101404148854653 -0.0945209438265849 -0.0194384287907374 0.0400083485627715
-0.105793292718719 -0.0582861025231049 0.00206173051053706 0.0162676236711502
-0.110646820625531 -0.0552062980203756 0.0190465333120322 -0.0218040689468738
-0.0840784056047544 -0.11824755215377 0.0510567200068142 -0.0452978113498351
-0.00626215158355557 -0.150504830460603 0.099875115304295 -0.0436250206184978
0.0867927891982778 -0.168869927294777 0.135234416597992 0.0289135983075078
0.194586620870282 -0.0368430472563771 0.0999540611250322 0.100950245868672
0.170104003807674 0.146659286036841 -0.00743128779933352 0.101073244995594
0.0844646433410603 0.242998226574266 -0.0232700202412449 0.00800173799483867
-0.0222413599562694 0.204413582321454 -0.0221516068806518 -0.123110598749127
0.0571347680524317 0.223236903191879 0.0728955558558727 -0.161696274404198
0.162069629238425 0.107725487862947 0.00118884273130602 -0.190012279234669
0.170305156016222 -0.0666472298898493 -0.102588742312159 -0.128500729623632
0.0686907813643535 -0.144823491792864 -0.120432158007231 -0.0236998243931493
-0.02405187218457 -0.145464106727383 -0.0823453565513357 0.00900855957302436
-0.0931107540677418 -0.0985110394334108 -0.058600238563311 -0.00070067607993779
-0.100727136670939 -0.0599760164545745 -0.039821228050313 -0.0106470155798275
-0.105286669518989 -0.0545301848491691 -0.0205436102738563 -0.0469161519170021
-0.0785218881353195 -0.108805636777071 0.017501997099241 -0.0766975674033298
-0.0059554035188763 -0.14073833234266 0.081384094109903 -0.0811889720497354
0.0853135899376069 -0.153692225720371 0.133518050500035 -0.00365224892504723
0.17728088043207 -0.023143879096736 0.106444061378461 0.0738915455006068
0.138696927225734 0.138703693755575 -0.00942675690546672 0.0749566162681891
0.05570245349565 0.212453985963391 -0.0298088548499628 -0.0604344716354344
-0.0428394072330853 0.139830221391083 0.000257373534266097 -0.207560087078403
0.00953193608746629 0.172008182662504 0.0762942595123761 -0.194449442091792
0.104975112249888 0.102411930588085 0.034685633208084 -0.189696193984854
0.132288168170792 -0.0323734863473721 -0.0560018582074855 -0.144752832592957
0.0614720864554615 -0.10575019230783 -0.0944760683765575 -0.0746747013431821
-0.0121503289780049 -0.112686449204348 -0.0951451187702637 -0.0423745825393766
-0.0710521257533163 -0.0810293113156497 -0.0909138852700513 -0.0354647492631645
-0.0810078530252119 -0.0507794472001088 -0.0751084832626676 -0.0347677990164616
-0.0854292866200042 -0.0463812262702202 -0.0560792635931218 -0.0689672495090886
-0.0629318954771629 -0.0885233430923588 -0.0105234489233485 -0.104388864581338
-0.000959987765247367 -0.11604103921138 0.0671048920919518 -0.110512721521183
0.0808565737593541 -0.118102091704912 0.130101359400987 -0.0266878673502164
0.142714366294028 0.00237188835540916 0.10618496488243 0.0552936963015381
0.0883106575797373 0.123059593337821 -0.0116543580147753 0.0535772903567652
0.0154711128695689 0.157950808941871 -0.0291957192678769 -0.112789327684284
-0.0513324278379326 0.0483949472329612 0.0150156405413802 -0.26041243914488
-0.0280777340774726 0.0853114184012018 0.0684651338976376 -0.210914159867829
0.0378681601027133 0.065249253802666 0.0490229053775469 -0.184695443047905
0.0678961135560925 -0.00558144908814039 -0.0318209899645236 -0.149561203058337
0.0370107227053478 -0.0533801199236711 -0.0804203316217068 -0.102150366221158
-0.00245987098419524 -0.0614754638949006 -0.104299755099927 -0.073378543161913
-0.0375370196462163 -0.0496748921389251 -0.111542874656205 -0.0564386756189915
-0.0473227618116163 -0.0331366088397011 -0.0995504822934402 -0.0526883503562069
-0.0523749650892195 -0.0329453508619378 -0.0795221774645793 -0.0872339836989552
-0.0385065702720506 -0.0600840484719835 -0.0273121604308277 -0.127152785805574
0.00396101396887784 -0.0805675785027409 0.0632998156287383 -0.132521422699523
0.0695832736630767 -0.0701903530429269 0.133536362571977 -0.0413678789753361
0.0949906760990147 0.0281760253380798 0.105136949891213 0.0462229977416035
0.03047853141022 0.0944631313104065 -0.0105189693505202 0.0400321935614622
-0.027936760706119 0.0848622127105113 -0.0182973976415425 -0.143291011526797
0.0473543648125325 -0.0117046415016646 0.0410698822279773 0.17163546318121
0.00504782573040754 -0.0514577335591445 0.0602293896690764 -0.040446049853073
-0.0419485745882541 -0.0240093708439733 -0.115764997555413 -0.071077180984621
-0.0330356528099748 0.0281359884969145 -0.173445334528116 0.0511988896772696
0.000613839094598791 0.0322764611806899 -0.0773378214388313 0.176650751113832
0.00763421705404675 0.0210754658840348 0.0469051970836373 0.171911580078996
0.0133361312971885 0.0197910150602771 0.104714290474106 0.106413665836113
0.00957160322792701 0.0125494657242766 0.12384391717754 0.060980908644248
-0.00428122656206936 0.0150872558692093 0.132557516673469 0.0485982864239464
-0.0169109615025378 0.00554642971106166 0.128439892479963 0.0678692495297044
-0.012858624985344 -0.00403753364950626 0.0997986461225429 0.104771313286456
-0.0146312992371618 -0.0214432044964569 0.0538115845743286 0.148180827535763
0.0219119668316528 -0.0313778644320524 -0.0252735484183041 0.182915044735417
0.0626026192565702 -0.00479491167762747 -0.0755684902482359 0.214936966355994
0.0545874786871847 0.0374035639359063 -0.00356535475068856 0.278339995823574
0.0726520380648356 0.069133982417119 0.015076044148643 0.173972055678743
0.0656021684461742 0.0032018222961985 0.0626289579262469 -0.0384251319407369
0.0259225767454972 -0.0329396088824339 -0.115392640752803 -0.0873129808636596
0.000966701574227471 -0.0294621808163736 -0.18807451588846 0.0366091927745354
-0.00319973733630704 -0.0235760852126314 -0.0969575931281395 0.177771121857925
-0.0205846332844167 -0.024237379027869 0.0325442140639763 0.174778310257507
-0.0319018869731604 -0.00628923617285514 0.0941811681652076 0.108234100325844
-0.0333182284822673 -0.00724477472337089 0.114875197901164 0.0609443050451462
-0.0458573483792665 -0.0131180814456347 0.123910952341619 0.0390493626527803
-0.0402703817753022 -0.0508363851905818 0.127947353978514 0.0513685690022272
0.00428199083801846 -0.0643197445833826 0.112850379850994 0.0862494970407467
0.0425842109899012 -0.0666069854980214 0.0787843186099567 0.137892809279986
0.0968533865576446 -0.0116256298635873 0.00624934326737466 0.175569242557403
0.10849648945691 0.0792762736533459 -0.0483174533057287 0.193362630041441
0.0745757515850056 0.13847589020635 0.00187067896423465 0.236974176801107
0.0768459293294469 0.148498440259104 -0.0123741501160213 0.141240767914613
0.113982838654645 0.0778684303517224 0.0640314418348061 -0.0525200491767453
0.101452574650746 -0.0210585927272353 -0.107101608642399 -0.115613655842852
0.0517113045687863 -0.0824030080468233 -0.198273600337247 0.00757074294368735
0.00272625279031342 -0.0850974313556072 -0.119648235261708 0.160161208104145
-0.0435407332219529 -0.0754542888818839 0.00730234400970268 0.162203955417293
-0.072332653016928 -0.03710901953849 0.0676026170128882 0.0990029964644089
-0.0716972541198155 -0.0255234285649441 0.0883579665167301 0.0537975992965058
-0.0820678609181295 -0.0329713820606397 0.0986181393317808 0.0211515474158313
-0.0661007654064306 -0.0903234644529665 0.114111767315975 0.0193075271513879
0.00207444996616596 -0.113972377203386 0.122862526176975 0.0453087650671359
0.0722367206734067 -0.120721871603761 0.113290403268885 0.109069576521032
0.157889100827388 -0.0221330718908796 0.0502558943781208 0.159345762857448
0.156927916145162 0.125851343737728 -0.0214379186882087 0.166591484126579
0.0985195185249361 0.209703561976046 0.00179272056717707 0.169675798895014
0.0593859882607256 0.208875796931113 -0.0325655327193922 0.0734832407412044
0.136302831900256 0.157619047198057 0.0634436866025135 -0.0827553790280883
0.166874858030589 0.0144456852405823 -0.0862219903988873 -0.149511806897156
0.113125409645499 -0.113667770620624 -0.192425788418161 -0.0369031490684581
0.0200852470623608 -0.137981457765169 -0.137403818233864 0.116949751960398
-0.0533074412733835 -0.122112708344667 -0.0261665016462761 0.129175880387993
-0.101015220358089 -0.0674448739706243 0.0283353294170272 0.0772794152775783
-0.100033321485921 -0.0414743203943989 0.0492822920656977 0.0383627737345546
-0.106917364517704 -0.0437680224940388 0.0612757241417882 -0.000992594330966078
-0.0868052141927889 -0.111346986671646 0.0864579323603175 -0.0163325393569832
-0.00884181107764099 -0.145271075185885 0.117879312993203 -0.00411656630973353
0.0792362125076934 -0.163448315364257 0.136245369661385 0.0659226490761204
0.192091304643282 -0.0425307017744434 0.0868912748881187 0.130666391565319
0.18605181162395 0.141653413625155 -0.00654865658777064 0.135420590662571
0.107332138715297 0.24474730907902 -0.0100132430824592 0.0902445934409541
0.0196116941136119 0.233731052601984 -0.0385212273516822 -0.0227387122491685
0.115189720954677 0.21910349078818 0.0664656319056742 -0.123438172746669
0.193872379601232 0.0687451034029424 -0.0471701180303079 -0.180238088740285
0.162900598833854 -0.107317886149774 -0.159214095388831 -0.09087373532549
0.0481857281825455 -0.16273575040893 -0.140165659707509 0.0495870624671685
-0.0464899579443851 -0.150509443034929 -0.0604553408829714 0.0750019854192415
-0.109999988219083 -0.0909565578054192 -0.0184924422960938 0.0424804148126843
-0.111912374963874 -0.0540195398495526 0.00380814432652559 0.0177400214900924
-0.116111854398381 -0.0505987984749458 0.019017839575335 -0.0230496599038349
-0.0929629971175472 -0.116758781021452 0.0509739214117945 -0.0493199680431847
-0.0139988893925645 -0.154620631829867 0.10084350891834 -0.0495568322364905
0.0797901524969035 -0.176810050038207 0.141641624995482 0.0247453817547601
0.198084054264438 -0.0468186843673027 0.106467317254432 0.0987112055463406
0.181803696170113 0.142634881561132 -0.00409554835086135 0.10491911224157
0.0966683025538227 0.245885109719485 -0.0244360398343165 0.0107297375598634
-0.0153707641742419 0.210211817897741 -0.0269330681704299 -0.125081105395204
0.0694228758653243 0.226839471008521 0.0693377152903851 -0.168236746992303
0.170413346930213 0.10326746118128 -0.00524852673547467 -0.195324083344005
0.170838361785955 -0.0767815712225288 -0.109943496759857 -0.127293067796564
0.0626895224204976 -0.151467213164545 -0.122467183824328 -0.0179395415879859
-0.033969771801302 -0.147635100339336 -0.0849340120416589 0.0134218951127868
-0.101833988040639 -0.0948154852290908 -0.0609885564369846 0.00309715124826339
-0.107170593617645 -0.0556959988062843 -0.0405406574645253 -0.00772530854991816
-0.110114211604409 -0.0494961183386101 -0.0236546875519775 -0.0467613177890972
-0.0864403578385982 -0.107209777892785 0.0149780571042742 -0.0794733353117366
-0.013547114945848 -0.144423617319605 0.0796402067574594 -0.0872689011714433
0.0782073084972748 -0.162141394529102 0.138455771547646 -0.00998587771015411
0.180512885021823 -0.0323507082233962 0.112044752510211 0.0704888116386894
0.148974435331615 0.136151195150156 -0.00724263654643064 0.0779604235091127
0.0662019278086286 0.214953057572138 -0.0349619589652605 -0.0585601351554791
-0.038831897151245 0.144208459717554 -0.007900612785995 -0.212818525239586
0.017956176704722 0.176600996050598 0.0714637557545182 -0.201486867845
0.111988497643391 0.100596710598976 0.0285129674499938 -0.196345742585738
0.134124559793492 -0.0390266241846059 -0.0630480542573546 -0.14644373170184
0.0572587499302633 -0.111191649555991 -0.0984261330248613 -0.0713806311194291
-0.0193811200815405 -0.115038313868097 -0.100752346920725 -0.0392184934892684
-0.0783423907159432 -0.0784581206924665 -0.0959921153152243 -0.0303677614843669
-0.0851729536326584 -0.0471176677967865 -0.0787415552761858 -0.030378944749361
-0.0888761184704747 -0.0431153683133826 -0.0605958534459367 -0.0671034421117378
-0.0686465116172974 -0.0876514208458966 -0.0155708376308119 -0.106056101666402
-0.00732595333100734 -0.119254755362774 0.0638684672218243 -0.117134085487015
0.0758258160069359 -0.124801283652584 0.134314783599142 -0.0334883798536977
0.145856417059091 -0.00461360213835969 0.111001463991802 0.0515787241656017
0.0963930516350015 0.121867706670389 -0.0105192454659671 0.0560849884047591
0.0221687236287847 0.161049114525349 -0.0369997643500347 -0.112411046961715
-0.0508702770696156 0.0510653437264442 0.00467978798802625 -0.268292720403313
-0.0253503177210345 0.088532438980562 0.0619025852780533 -0.21748994275068
0.0412897443300958 0.0652460234672784 0.0436720071453084 -0.191842979039292
0.0691168872835416 -0.00820243947555805 -0.03831839443951 -0.152096548007952
0.0343928538250017 -0.0564901884167772 -0.0860263634488968 -0.100881408965363
-0.00569976890849799 -0.0622025317537057 -0.112042169404696 -0.0701986076603834
-0.0414985420835023 -0.0481503790241246 -0.119129688060671 -0.050743108992413
-0.0501332645732277 -0.0322441934607623 -0.104592367008379 -0.0465048864797516
-0.0548428040781062 -0.0310734411821169 -0.0860278124959405 -0.0845057307920369
-0.0424546842447748 -0.0592565320422819 -0.0334832585105638 -0.129305577223442
5.87988748507106E-05 -0.0829323790842483 0.0587444386005036 -0.13889324512793
0.0673308242174459 -0.0751984376794776 0.136559437224775 -0.0478467409079212
0.0985690075337445 0.0242349317282591 0.110451997768283 0.0424331183973996
0.035129594741795 0.0956377399488299 -0.00981375068995188 0.0422509317795078
-0.0255907832320662 0.0877221473078321 -0.0270035884326362 -0.143636933260436
0.0489905509746198 0.00976433499617154 -0.0378081613895104 0.172852551724457
0.0260009396564117 -0.0444883288763293 0.0724285913355374 -0.00927779857442326
-0.0272765611447444 -0.0379385571542369 -0.0740902320698851 -0.113307158694526
-0.039542212527662 0.0118578894887181 -0.180155364128137 -0.0279977801819935
-0.0107640080462923 0.0295685763691226 -0.145152440680071 0.126649510320458
-0.00032210431853663 0.022844327142404 -0.0321595008195303 0.175266305607508
0.00506138653384624 0.0248807711068913 0.0476027178991703 0.140609847661442
0.00432502038934457 0.0152685158989935 0.0862460083800853 0.106160029684543
-0.00941413302044506 0.0113038598280076 0.0999815889818005 0.0987851283548646
-0.0169375623100661 -0.00195776047899717 0.0873460980701841 0.114677715787446
-0.00845390929035383 -0.00939314915925079 0.0443076983640663 0.138072620748385
-0.00182019230011037 -0.0238732305252772 -0.018412640937675 0.155055235985225
0.0335941239026022 -0.0165510311685216 -0.106291357977249 0.153794828565281
0.0576961634682537 0.025693321666778 -0.168007734145633 0.16117019385752
0.0336032021211029 0.0582912837255281 -0.135188670144492 0.24930983311689
0.0353244867331247 0.0940978980145127 -0.0608466705347745 0.161949104033032
0.0577039799826792 0.0315831809081509 0.0730355365212995 -0.00865571836837497
0.03786741251957 -0.0168964000640788 -0.0671070219223712 -0.129601656381866
0.0151660657419538 -0.0249160160969992 -0.188437611707663 -0.0483917965828248
0.0103155988005949 -0.0220593336115141 -0.165764868325224 0.118823577492029
-0.00724133504981731 -0.030577749739832 -0.0474384090791881 0.172829390485579
-0.0249177191378899 -0.0184730997649136 0.037710262283646 0.138470868570733
-0.0263988818298885 -0.0214433061511513 0.0773992205164325 0.101995059154889
-0.0355705843499607 -0.0313586083932329 0.0958883874724274 0.0865577565588282
-0.0148845249836237 -0.0632612881751459 0.0939782031472896 0.099360587883461
0.0320333830767904 -0.0574929619586074 0.0661538723305504 0.126579122355824
0.0682372061317348 -0.0398668510514203 0.0114918234943432 0.158010388479155
0.0925628150332734 0.0347392310833523 -0.073983606129617 0.162954731789171
0.0629468113785531 0.121268621652982 -0.136086304775705 0.155053337012998
0.00746080982103694 0.157776180653727 -0.112666307967131 0.214091073421108
0.00414174359261958 0.167110514787737 -0.0685992247004142 0.121406600079627
0.0691192114151601 0.120372578372739 0.0811351356363794 -0.023189726660515
0.100402305135451 0.0278860080003976 -0.0476290484952254 -0.154164134216261
0.0827272226864493 -0.0496043714756552 -0.185723677200211 -0.0817631038310986
0.0419994397524792 -0.0745657739455917 -0.181453528224989 0.0922866353487237
-0.00649733312973764 -0.0867737381108874 -0.0666015531719055 0.151351578653822
-0.0491751528823511 -0.063555861436377 0.0168752440457371 0.119104902999927
-0.0538128543491854 -0.0544522225984376 0.056824572356526 0.0848585345828785
-0.0599441287608314 -0.0645035158857912 0.0807124464473208 0.0594053094761027
-0.0222878466838587 -0.110045203528276 0.0964299109581106 0.0648658140079282
0.0512578159068453 -0.103972144990508 0.0943970473392718 0.0932614771194819
0.117198374602844 -0.0760541275588695 0.0573460604014679 0.146807414785992
0.152466694508244 0.0519099873982119 -0.0260715203401114 0.169251494372742
0.0874452643758646 0.184447257000054 -0.101017260206675 0.142842426797765
-0.00202010174180567 0.232136661115312 -0.0834205523578959 0.153205152180775
-0.0394177152076948 0.214423857758618 -0.0550475684836464 0.0514421692533045
0.0541847674163112 0.203669014935646 0.0945930142049336 -0.0526890536719634
0.143927924375335 0.0892888191238241 -0.0135052872714193 -0.177562692786378
0.150910224444325 -0.0524570000818174 -0.161261976373294 -0.121584408228671
0.0800549437392921 -0.114566488632059 -0.180741721864175 0.0454249356204552
0.00382472745629288 -0.133019124645893 -0.0835713539825281 0.107901237596222
-0.0633412317955801 -0.103466112433267 -0.00953552930846247 0.0820911833481841
-0.0727703759309259 -0.0809955258833159 0.0279134486981683 0.0555316836883379
-0.0782791293190877 -0.0851967653203113 0.0562905379436891 0.0243779452558161
-0.0329469183503915 -0.137439873353632 0.0866198765832982 0.020762352103688
0.0538595641215019 -0.136859696095557 0.112181475770129 0.0454260278301053
0.140785924661272 -0.112858358967991 0.0987672192887444 0.118175876109096
0.192988184389125 0.0479671225758466 0.0214257825057923 0.160659672917735
0.106706575948272 0.210676960782688 -0.0745447265472385 0.121632102213405
-0.00869868178069428 0.267556129085857 -0.0571026995968902 0.0757482330930399
-0.0871034929208459 0.220894140378603 -0.0174058178319177 -0.0379542750243916
0.00808180057254937 0.250662421425763 0.116996929169626 -0.0889881434523362
0.143702282277704 0.150253303891696 0.0372160170926071 -0.189395142730335
0.19208218622961 -0.0246143295580492 -0.106808198670049 -0.156692215474922
0.115015375983794 -0.1232986382188 -0.15450357996838 -0.0175731538434627
0.0213146960306549 -0.155802448418398 -0.0918495408240809 0.0437723818486429
-0.0624729221627817 -0.128894002819076 -0.0371505634371495 0.0317130271471536
-0.0786172825092745 -0.098161542470965 -0.00440214377849805 0.0183549020269945
-0.0837526551852645 -0.0942390246296165 0.027815155764437 -0.0133782601142592
-0.0367249748996837 -0.145088922669938 0.069121543111822 -0.0234177656892241
0.053382080605395 -0.148224235490031 0.117001468345786 -0.00343928352083028
0.147015019676481 -0.125598782607574 0.122850511065784 0.0836461669439837
0.200200105333257 0.046041253484232 0.0539344507336412 0.140476955368585
0.103044392090544 0.209768955947145 -0.0579135538865298 0.0956452406609402
-0.0187611142297669 0.263480036508357 -0.0327576866838705 -0.00200963819677582
-0.108579613925246 0.18457621206252 0.0383937297654018 -0.125115317080465
-0.038282517838335 0.238493551925639 0.139628690764739 -0.127281146263698
0.107410057723429 0.170898470328404 0.0825753506784402 -0.184416562545719
0.184961779893602 0.00678820594277569 -0.0448396502299277 -0.169205098048765
0.122737612767219 -0.107591391947236 -0.107774137215501 -0.0725456010267428
0.0314468271483877 -0.147516723438942 -0.0865770146661202 -0.0233141971184719
-0.0535827390396403 -0.129579186635979 -0.058501630382342 -0.0221153231618915
-0.073484884696464 -0.0978444332300912 -0.0340427408745209 -0.0224306698774324
-0.0787841748018679 -0.0907658377787829 -0.00105005370695939 -0.0523485723680951
-0.0351932418483451 -0.133391120250798 0.0488437209213065 -0.0656659382572932
0.049057557787616 -0.138315486249945 0.113868725297467 -0.0466882405439068
0.139940445288816 -0.112990591963344 0.134086843636939 0.0507510880771044
0.177713847672544 0.0505562238752472 0.0724287435496336 0.117552929433031
0.0757656291978657 0.188530322527189 -0.0479892597081775 0.0695259955527917
-0.0340014200129156 0.222505097464256 -0.0094049046617197 -0.07008798794222
-0.102153998975923 0.115458764648834 0.0921326087042877 -0.195704403814355
-0.0635926295208441 0.170522462249326 0.155986885307143 -0.154586202823333
0.0542147750844597 0.142420070095822 0.114543921054046 -0.168052892087618
0.135644378857649 0.0248561605248152 0.00747674673071312 -0.164417640181455
0.0990952555294254 -0.0736971067642835 -0.0611451225990088 -0.110121258696889
0.0303148927646604 -0.111142866708985 -0.0770949084188606 -0.0790464929002008
-0.0392817974832409 -0.104561488742624 -0.0759471661153332 -0.0676576768396309
-0.0581716702274572 -0.0802485634146001 -0.0586886180722194 -0.0593679833881653
-0.0626441150629696 -0.0760574200929827 -0.0252639317245204 -0.0853333452040501
-0.0270738909018693 -0.108318822835261 0.0325734958393206 -0.102265042580318
0.0438790845091816 -0.11270675739875 0.111043945596568 -0.0793833467776967
0.12193152514538 -0.0808211508093762 0.140445207531622 0.028739366742127
0.134427181086436 0.0606584298582482 0.0786293087248036 0.0990519912263557
0.0339535446439596 0.152522469451187 -0.0401799756656247 0.0475724993040748
-0.0498346991347624 0.153733835946314 0.0146272294926634 -0.118695972711876
-0.072462530583654 0.0257215467916538 0.124775284397971 -0.241024254084854
-0.0645017294117833 0.0716542184748316 0.15416135639091 -0.169122396788044
0.00568292305729657 0.0789644935473508 0.126639519314967 -0.155204028598225
0.0641262646217946 0.0242494113460086 0.0330739675375556 -0.156082384988181
0.0542399256222805 -0.0335864882695658 -0.0356094334990189 -0.130407020683428
0.0203760805716891 -0.0579466034401344 -0.0719953783372642 -0.112143783640653
-0.0189103789457283 -0.0614978008206843 -0.0867635233039599 -0.0957835013160882
-0.0326965230365917 -0.0507921119373131 -0.0746233276510717 -0.0840457123319673
-0.0368679661663757 -0.0509708458838981 -0.0417432679525853 -0.110640024920376
-0.0141071391552308 -0.0716516854106739 0.0255239926106724 -0.130390564018303
0.0348052408370748 -0.0754765688414055 0.115302702856659 -0.101687114699302
0.0932760154203381 -0.0407402898831394 0.147788481239031 0.0173846975813623
0.0789024191557545 0.0656396024774268 0.0813900756057647 0.0904154240599986
-0.00991189261280514 0.101547692740395 -0.0326381728045046 0.0343019130593512
-0.0613245593583047 0.0674906603611006 0.0401964670984983 -0.142089726375737
0.0480300038064104 0.00876504592074174 -0.0278333232186689 0.170823917915519
0.023358204186745 -0.0453142621211891 0.070844347662253 -0.0128926022088672
-0.0287237554582717 -0.0349803508229652 -0.0782591063495612 -0.107151179575683
-0.0379225484313966 0.0136599271693298 -0.178383064111561 -0.0178027055631728
-0.00886561296626832 0.0295247449775181 -0.135084341592826 0.131563765057875
0.00140171016500568 0.0226778776392022 -0.0207874572749295 0.173123007195193
0.00724201226976036 0.0239658167563995 0.0549459906909485 0.134380741065312
0.00512569517518941 0.0146442481805982 0.0906958516229648 0.0973957319974545
-0.00873056166651755 0.0122759865539652 0.104111796287036 0.0896908627056917
-0.0170337236472912 -0.00104548851388911 0.0930634226325845 0.107858546139464
-0.00868930149933315 -0.00896851548792029 0.0510232407741571 0.133774273359024
-0.00294311884038963 -0.0229489438773082 -0.01137068616032 0.152342219702417
0.0326297907521385 -0.0177039045364736 -0.0982527729295842 0.154989515392581
0.0581297027925152 0.021167805740288 -0.155993622684284 0.166590157880431
0.0357920892050994 0.0558437190863112 -0.118692617884472 0.249881661627534
0.0389943856057929 0.0908537091521611 -0.0500498423135322 0.161380111907669
0.0586551484832959 0.0273614741002217 0.0722416599653832 -0.0123971616773573
0.0357491316211034 -0.0180918078628242 -0.0724269727584289 -0.12276180437139
0.0124313228559006 -0.025535731111772 -0.187608258445462 -0.0377163369219431
0.0085997235188325 -0.022019261804584 -0.154743631543586 0.125143122440985
-0.00888194836340422 -0.029074483341207 -0.0356359171404679 0.172015102495088
-0.0249340513830765 -0.0159112203456155 0.0440729304868407 0.132565455148462
-0.0269149271056503 -0.0190444873911729 0.082058545677915 0.0943184413418431
-0.0368186014256684 -0.0281490964736266 0.0991196442670779 0.0785346826843203
-0.0191764632835307 -0.0603095075596274 0.0994619302691139 0.0922333100190181
0.0277694962715727 -0.0584933228370801 0.072157329165542 0.121139835098779
0.0644621665736019 -0.042631611175963 0.0192771134790168 0.153459748713604
0.0928056564014418 0.0289862498648942 -0.0658931845265596 0.162354305418094
0.0685994538315678 0.115006039245019 -0.125720049992777 0.158538887091752
0.01517673656208 0.153470036953427 -0.0990283900920548 0.214763041222781
0.0117670206098258 0.16217791434436 -0.0595172066756549 0.121774081379174
0.0746762531707847 0.113829428814745 0.0791318418992799 -0.0265240232446854
0.0987330223524777 0.0216000186934259 -0.0544351740625019 -0.147337946550238
0.0774244573479251 -0.0535675213813797 -0.186454546992421 -0.0703135680861749
0.0365319183092198 -0.0747579075725934 -0.170514594031836 0.100652090947937
-0.0115902964040029 -0.0836376964911546 -0.0560638451211573 0.151775182967317
-0.0522376481391167 -0.0584918465034447 0.0228301951131038 0.115111669570763
-0.0554135570553019 -0.0495411258886782 0.0607177116791523 0.079017835556817
-0.0624300741971149 -0.0589578108269521 0.0829039123284416 0.0528613691646328
-0.0294230351536207 -0.105753428654746 0.0986002356786114 0.0576198380990545
0.0443508909552051 -0.105485230336462 0.0977740678829712 0.0868702776305482
0.10956255004956 -0.0810997304827652 0.063764622744113 0.140954056427755
0.152225632400613 0.0425213109914299 -0.0183979388609782 0.165921097814239
0.0952656427495353 0.175399544840926 -0.0921809486690086 0.145590393325328
0.00985987538012712 0.226327642330087 -0.0731471253562058 0.15419226761384
-0.0285061793014071 0.211025566926681 -0.0499488525346697 0.0525269458621685
0.0649165801518894 0.195704927202567 0.0919125255002343 -0.0553232020464554
0.144037281922763 0.07942665366973 -0.0214098925397917 -0.172540632541937
0.14310930315325 -0.0594015371293406 -0.163882375802457 -0.110149306702617
0.0709926875143041 -0.115940947555364 -0.171846643995927 0.0546754072647286
-0.00518633449244292 -0.129374755037544 -0.074814278385985 0.10993263552164
-0.0690391985516819 -0.0963994815400168 -0.00511908282783351 0.0807733397031996
-0.0756012077746044 -0.0740864489640762 0.031196374200665 0.0525559247852901
-0.0806702327645671 -0.0771999768377259 0.0567503974824489 0.0198746204294088
-0.0413311877667525 -0.132067182236651 0.0872102110138921 0.0155035956819702
0.0452056035320631 -0.137935706887798 0.112843048653702 0.0381989995684363
0.130400690584801 -0.118428801295183 0.102831688840337 0.111284492840621
0.191594175798748 0.0362750224735472 0.0276054126672101 0.154732202652254
0.116183226741841 0.200552203932525 -0.0669860458576982 0.123361146388571
0.00552950264547779 0.261707170407883 -0.0528261785134166 0.0786697081045011
-0.0745812942009501 0.219119192903885 -0.0179148727381046 -0.0360692585171688
0.0224584716305005 0.245423580072999 0.110725788520286 -0.0915481050381569
0.147600021451125 0.138889152171091 0.027969126572744 -0.186246891678196
0.185476682958338 -0.0351019958041633 -0.112301990220401 -0.148195471235048
0.104374734606508 -0.127610816193593 -0.149582759019673 -0.00862911532832827
0.0105257598368502 -0.152763154245513 -0.0867308499516247 0.047295932298913
-0.0699144168198134 -0.120984590580326 -0.0353392165583373 0.0332530557474885
-0.082183676983335 -0.0903255526055819 -0.00246027007034776 0.0180321236790302
-0.0868403217942222 -0.0864467975380603 0.0264921252651931 -0.0146863464064953
-0.0454513272556653 -0.138861220928879 0.0668181936909091 -0.0271519155904111
0.043481227615202 -0.148774125821841 0.114447919727313 -0.00990076019127055
0.134955111154019 -0.131605907265187 0.125873437095521 0.0753875709479349
0.197804220771968 0.0331309717782142 0.0588430097822507 0.133343785908438
0.112790883558544 0.199947846987209 -0.0527536420427309 0.0965870302116579
-0.00515849302173192 0.257890898007127 -0.0338162825625337 0.000516383697241311
-0.0977624118181789 0.185395246465019 0.0321632895051 -0.124052918336883
-0.02325787101302 0.23526713146493 0.131227970570076 -0.129398936244867
0.112480313925842 0.160955276315313 0.0730768657057228 -0.183437527287868
0.180494179430747 -0.0032768536222399 -0.0516908227820661 -0.163309289370454
0.112227644413705 -0.112064631595524 -0.106835668390172 -0.0642660996494322
0.0207083218061511 -0.145258276333382 -0.0860738580077414 -0.0188852319910057
-0.0611455377067702 -0.121632205444949 -0.0598322274890902 -0.0179494301536329
-0.077840989577807 -0.0898713033887421 -0.0337246802694454 -0.0195730553872008
-0.0815455854991201 -0.0836226067452088 -0.00410819552985055 -0.0504040398616906
-0.0429780008532867 -0.12774342113177 0.0448581287374771 -0.066552299332393
0.0401060491087292 -0.138864890998945 0.109201653820405 -0.0520263797165125
0.127913133069062 -0.11881851477498 0.135858237852477 0.043805663399313
0.176561645804333 0.0390524407823811 0.0758590933464974 0.110209081217298
0.0845605707458211 0.18035487061646 -0.0442586575543021 0.0702652372918488
-0.0210923302943952 0.218210632649387 -0.0146377381802597 -0.0661054403574572
-0.0941929688377686 0.11752346418958 0.0804502727196618 -0.196572424568971
-0.0524898732209167 0.170075288802766 0.145548365674464 -0.156703572611074
0.0598130502681311 0.136131176210158 0.105348384009396 -0.169436185828684
0.132831358106252 0.0159681265789645 7.12407333178696E-05 -0.161191079879396
0.0918374358160179 -0.0775070753721799 -0.0637058445093773 -0.104270273991227
0.0220061781899736 -0.109712235107011 -0.0803517811355943 -0.0731258772238619
-0.0453247822354123 -0.0980099800867031 -0.0797127918439034 -0.0605067392316671
-0.0613098881952763 -0.0742812239311018 -0.060405828507824 -0.0525886085707244
-0.0650940426795749 -0.0697551757825777 -0.0296497479387082 -0.0814871077713245
-0.0327138657023038 -0.103547013770062 0.0264062090398566 -0.101363172535125
0.0363659942263267 -0.11264143336599 0.104888412994216 -0.0835186326326758
0.112470150653883 -0.0862197718794813 0.14038879677736 0.0211172568057239
0.134640164157659 0.050574878904718 0.0819524329024718 0.0924695729264929
0.0416751058242504 0.147126101285301 -0.0377438745832739 0.0491814526353618
-0.0411292940924364 0.152017622507677 0.0058389903582919 -0.114617014267499
-0.0693299349770347 0.0291186000022595 0.110111807190686 -0.241231782201777
-0.059103653623276 0.0737361259646635 0.143211278975958 -0.171273475488564
0.00971816011009278 0.0765967688528231 0.117210321938591 -0.157470067220028
0.0637310556288655 0.0202573544033673 0.0258890268548386 -0.15432627195379
0.0503041301542936 -0.0360537246213414 -0.0402220771244553 -0.125340081195786
0.0160333738223799 -0.0575123483284966 -0.0782204598634996 -0.105681124239294
-0.0222638759224395 -0.0579716049349782 -0.0921468204156965 -0.0873281064862962
-0.0343784020798953 -0.0476976680722364 -0.0779945644602645 -0.0767551339302539
-0.0384846526492833 -0.0475956993343903 -0.0463682890525282 -0.104167714100243
-0.0179150477203571 -0.0688886617194598 0.0172468520148916 -0.127640804065547
0.0293087357932406 -0.0761470975533771 0.107299857728371 -0.105744713791205
0.087794528308499 -0.0445727565698111 0.145954845883795 0.0094000758859804
0.0807607559602155 0.0594166779745197 0.0840348185309189 0.0836408716515904
-0.00496452857475205 0.09960362337092 -0.030355863081562 0.0358271512277156
-0.0571497761911029 0.0683492944200231 0.0295008025520518 -0.138907466415287
0.0466000925542508 0.00793183786385382 -0.0207336909043363 0.165224469235941
0.0215736830013997 -0.0442639965824669 0.0694359303017334 -0.0151463364467315
-0.0285924922404289 -0.0327833284262854 -0.0797774556255424 -0.100038879442773
-0.0367377825622346 0.0143729777017492 -0.173385112071538 -0.0102664632386825
-0.00681573529742571 0.0290346339132247 -0.126094753572671 0.131668134322304
0.00296974227591856 0.0218809559005411 -0.012454619920977 0.168348018928888
0.00890271501788895 0.0224057899557383 0.0584614578607082 0.127135447663401
0.0058910589832246 0.0139618052706417 0.0910887856078378 0.0893623383117356
-0.00798763923960736 0.0127000351482872 0.104911640376498 0.0819991964912616
-0.016996881501073 -7.25154015941819E-05 0.0957430450651152 0.100771715872928
-0.00885785262029476 -0.008569693648804 0.054429392938769 0.128341525783336
-0.00331999260380271 -0.0214852509485327 -0.00653493022414383 0.147498293158469
0.0314031581780294 -0.0179912659787097 -0.0914777588920857 0.152668560118565
0.0571323685608106 0.017862257476995 -0.145875188488591 0.165922323502771
0.0364886368358333 0.0531756369198362 -0.105266524543439 0.24565385481193
0.0400892393260715 0.0871703342421213 -0.042489415642949 0.156901913816017
0.0581221415451681 0.0242916119229489 0.0711558200296371 -0.0143187985043318
0.0333756714074281 -0.0189694553893655 -0.0739797727940571 -0.115218498832896
0.0106243348261709 -0.0254170597646481 -0.182517640893322 -0.0294141506268794
0.00810888202089185 -0.02146858861017 -0.144631854598819 0.12598221031675
-0.00932115890660679 -0.0272784824993713 -0.0271573704090601 0.167384543247683
-0.0244622001804072 -0.0142760543542387 0.0477858739524833 0.126551611050444
-0.0264978162865372 -0.0168792285118341 0.0830443536736599 0.0865873069977703
-0.0366662847778348 -0.0248923967142967 0.0995637913333526 0.0710871171407196
-0.0213628691852058 -0.0578319699953971 0.101285778000098 0.0850456227853947
0.0248731316635329 -0.0582125234104876 0.0746555841803783 0.115647492794496
0.0604586150930482 -0.0432986346393104 0.0236647726397226 0.148013902370391
0.0913721908798493 0.0243060454758396 -0.0604162750481249 0.159302981043327
0.0710073236286855 0.108514797059809 -0.116058984521249 0.157448419790756
0.0196399621910571 0.1478791160242 -0.0879181094082419 0.211434824314423
0.0160639239335676 0.156767555184705 -0.0523343259785504 0.119180360966598
0.0771336857644257 0.107163245740017 0.0778401018653272 -0.0279098783668148
0.0950525766123485 0.0172328925554743 -0.0567260484433236 -0.140329988673834
0.0712094656282355 -0.0548094651903441 -0.183057260015543 -0.0615111891171703
0.0319953238940128 -0.0734721928455955 -0.160326293147401 0.103247779791571
-0.0150334090578977 -0.079425593566943 -0.0475940588739177 0.148332393981042
-0.0529100380091275 -0.0537954230536969 0.0261142252211407 0.109976199660869
-0.0551825391453321 -0.0452796367274665 0.0620876236414451 0.0731958249639926
-0.0624659559364283 -0.0533453985570975 0.0826091286227022 0.0475008586489448
-0.0336110143477686 -0.100581843544968 0.0995776871937993 0.0523006142952037
0.0384783887557197 -0.104524407174194 0.098715571379976 0.08097872536227
0.102202190131959 -0.082751623192951 0.0669962891391516 0.134009794086186
0.148659679810908 0.0351990054339936 -0.0142563804483951 0.160791461913549
0.0994134991705666 0.166252635196593 -0.0848656254879538 0.143479320371135
0.0170323123064376 0.217831897201755 -0.0662525167501698 0.152056436136684
-0.0216327666188848 0.204117203419174 -0.0451073659598352 0.0525620134672166
0.0704766768743248 0.186673844902242 0.088911037896129 -0.0554327200682895
0.140929005643247 0.0717607378026726 -0.0253683112331676 -0.165264292974252
0.134630616416048 -0.0629697444960082 -0.162053710786119 -0.101041760591433
0.0631095751283952 -0.114222067079144 -0.162488886264685 0.0591107031023618
-0.0110803704188862 -0.124326332977148 -0.0673837170724521 0.109303641358819
-0.0707522066325184 -0.0893048821506324 -0.0025274888484643 0.0783486667842222
-0.0759688192091326 -0.0677425787469472 0.032679246246959 0.0492965772393769
-0.0811594470819718 -0.0705264114679938 0.0561371326545395 0.0171294941784907
-0.0462081559117123 -0.125263023567962 0.0863557197118749 0.0118534837140325
0.0377970831201747 -0.136069277180979 0.111418303945621 0.0333227879943238
0.120277367359939 -0.119175654026025 0.104262279487352 0.104086981102243
0.18645006721297 0.0282209085553341 0.0307383024595192 0.148383847676765
0.120130493846604 0.190224006416482 -0.0607614267470115 0.121517167043645
0.0139496955771359 0.252648468141661 -0.0491339818215787 0.0782714665223472
-0.0656350141616883 0.213690619722586 -0.0175991896365773 -0.0341251389315517
0.0311573418986207 0.236459385964267 0.106680977212894 -0.0908238303457849
0.146359602043267 0.129303746033689 0.0223077923283975 -0.180477026256086
0.176470697057117 -0.0409234111429407 -0.112992591843105 -0.139604553706817
0.0949128588063793 -0.126817868004997 -0.142368030706102 -0.00288850915892712
0.00302428522118967 -0.147205468709046 -0.0814734293959397 0.0486783166421187
-0.0733104553130172 -0.112373656167987 -0.0342670264683772 0.0341725859192717
-0.0831967078012303 -0.0827663952806197 -0.000889660621613748 0.0178005946114012
-0.0870926746486455 -0.0786573051148523 0.0253684375086073 -0.0154078487397473
-0.0496794114379159 -0.131766207269231 0.0651016696370087 -0.0287610545631349
0.0357348656324212 -0.146187312589299 0.111021527456318 -0.0130669188825827
0.123714088109439 -0.131880911579069 0.125988200148677 0.0690552961026787
0.192859064434408 0.0241937660526735 0.0605674744626197 0.126132019151867
0.116012025024197 0.18933102279436 -0.0480432478846134 0.0954919099092682
0.00420887378163381 0.249038740403923 -0.0340978608908933 0.00343875505428879
-0.0889926777320073 0.182306556882541 0.0268728002654307 -0.12103310400287
-0.0134637707004122 0.228703941655807 0.124170208822814 -0.127296073772031
0.113618995436931 0.152240633524413 0.0660261295283727 -0.179410518948147
0.173320514202685 -0.010337373726575 -0.0543574990294498 -0.156112435858065
0.103043408387377 -0.112512416811666 -0.103231917717882 -0.0584202637758937
0.0131609877991119 -0.140357254363509 -0.0835129646562455 -0.0152580364602796
-0.0647004315672487 -0.113240530269421 -0.0600128370900295 -0.0140699014864662
-0.078685094890329 -0.0826881164747045 -0.0330455410903269 -0.0167734990096535
-0.082348484179515 -0.0765269106090549 -0.00492489689430305 -0.0485308441381458
-0.0468539730220151 -0.121391462099428 0.0413893079066163 -0.0660993875246026
0.0322524606884378 -0.136041658914455 0.103976506376371 -0.0537735966438453
0.117389392151707 -0.119669428991533 0.134459492060797 0.0374909101972261
0.171956197618795 0.0310392384067529 0.0763082822121505 0.103046549579943
0.0884803308580385 0.171529517225358 -0.0409482650020521 0.0702272085291523
-0.0131977526541217 0.210958590738914 -0.0185533080793415 -0.0616313420418219
-0.0876904537337561 0.116029383420242 0.0714748321141455 -0.192195318172633
-0.0444152982070113 0.16674154727837 0.136697580124299 -0.153855511407953
0.0620510600728678 0.129242779454228 0.097673709521114 -0.16698449828158
0.128750095430542 0.0109136713070055 -0.00457471559020327 -0.155919867176738
0.0849786215703998 -0.0787765601953405 -0.0633629900677077 -0.098878758807494
0.0160104565443119 -0.106538989640743 -0.0811995546417581 -0.0680758100064599
-0.0485698502340602 -0.0918083329731978 -0.0806640935546666 -0.0547016230749145
-0.0622725655597866 -0.0689016342305257 -0.0599088504012836 -0.0469514580377714
-0.0658274077083399 -0.0643417463251363 -0.0310443925484317 -0.0762955717550468
-0.0359501551035002 -0.0982688933761891 0.0220954728587703 -0.0984093629375578
0.0301272525740507 -0.110831696887327 0.098967745873419 -0.0845191654438571
0.1041188572074 -0.088002122959041 0.137826255231696 0.0153845628744026
0.131450089026393 0.0443051485971051 0.0820609168851609 0.0854249873625703
0.0453059706718838 0.140630718919597 -0.0354862004179891 0.0494763636088382
-0.035070546437013 0.147625283347 -0.000164286089430728 -0.109576026288846
-0.0665529273441863 0.0300689517465248 0.0988510176696811 -0.23707619191534
-0.0544629228267618 0.0731994980330584 0.133492617371807 -0.167855685032492
0.0112444863270104 0.0733692636456784 0.10988281369429 -0.156102058620658
0.0619209872357905 0.0170547969229762 0.0209711836605291 -0.150600029035065
0.0467938089472329 -0.0367291432595832 -0.0413693778370252 -0.120230774516358
0.0128252106465859 -0.0557496175601387 -0.0806943710910849 -0.0998334809489741
-0.0240219044160012 -0.0543241637757999 -0.0932054968722352 -0.0793493060510492
-0.0351982053600021 -0.0438992229741121 -0.0774928121851182 -0.0686671385479692
-0.0392429875648974 -0.0444771162462936 -0.04817185011076 -0.0980704467914391
-0.0196598166177254 -0.0656703770094934 0.012344044486694 -0.123700208343131
0.0251234895384294 -0.0746232252366952 0.100947961405503 -0.105971406495287
0.0823596732167309 -0.0470816515913759 0.143494311188199 0.00441873025676187
0.0801216273237217 0.0540579987385321 0.0836612893412532 0.0774893480399125
-0.00124425509698815 0.0964483555456738 -0.0293445034168227 0.0369512072238603
-0.0536077668426062 0.0673691368586121 0.0218633431924673 -0.133835109003697
0.046120979011837 0.00817836566837733 -0.0162958116465761 0.160745241736233
0.0205859260844527 -0.0440057935298723 0.0686823040567831 -0.0159858982316752
-0.0281105256244407 -0.0310273811906057 -0.0786068448629538 -0.0953816680058987
-0.0352724025421862 0.0151380190517825 -0.169296411076692 -0.00625289530081773
-0.0057480711609706 0.0283311612260995 -0.11998548986261 0.129979644281062
0.00429681374521798 0.0210004015084115 -0.00718957418031382 0.163308623589667
0.00919673333810282 0.0210464996603953 0.0600456449053673 0.121956816026022
0.0063230936069083 0.0130324341379404 0.0908890337007862 0.0830496229344051
-0.00676336376862672 0.0130627090096052 0.104907410825911 0.0758841928772851
-0.0167647322031048 0.000572869307068969 0.096943409290998 0.095718009018762
-0.00870316166162682 -0.0087120430084212 0.0558894571081852 0.1245406240074
-0.00367845151056389 -0.0209419151027469 -0.00439534387911319 0.143002992625831
0.0305517992350549 -0.0184174428994849 -0.0877713574987591 0.150280011797857
0.056158061160581 0.0159507819254273 -0.138397325406754 0.16313790680525
0.0359836359492195 0.0505537765730926 -0.0965144128280149 0.239624651608266
0.0404861799469018 0.0847918180127479 -0.0367755133288986 0.153440878556504
0.0578080453765035 0.0218831218354755 0.070273085137757 -0.0151475298313224
0.0316957761015386 -0.0187206790255217 -0.073251337360515 -0.110686746710974
0.00858963764090522 -0.02479836653242 -0.1787863974112 -0.0247044661432157
0.00684628093240362 -0.0213356958361724 -0.137348337693817 0.124998361556255
-0.00929084292898533 -0.0258350648854121 -0.0214000888791584 0.162979082161147
-0.0238127976447466 -0.0131122108078519 0.0493972453143795 0.121160221423356
-0.0254887903722472 -0.0161631694944653 0.0830177886675961 0.0814378927171492
-0.0357899781156655 -0.0229684046476278 0.0990660769065854 0.0656291724576352
-0.0231502316146581 -0.0553754451196762 0.102063760733064 0.0800429931507171
0.0221103518549013 -0.0581548442473808 0.0758873805475104 0.11090027685603
0.0573627381569207 -0.0436599058437752 0.0250734504688897 0.143218063363731
0.0893350138890962 0.0216636289208774 -0.0575189051108839 0.155183612843622
0.0716650908881025 0.103712628700813 -0.110187599311493 0.154419978782468
0.0220674144716206 0.142838927840826 -0.081246510284502 0.206371716772586
0.0176980259619723 0.152668070278641 -0.0474310460796569 0.116674072690123
0.0779044496893574 0.101745984175061 0.0768532605484543 -0.0283568453134584
0.09223805262905 0.0147082380624088 -0.0568684243099758 -0.134684877607462
0.0668143102790353 -0.0549207859689935 -0.178833489983247 -0.0564199272600611
0.0286521501732343 -0.0721585342592699 -0.152198019982416 0.103220301710178
-0.0167637526699822 -0.0762732759956874 -0.0414929317608585 0.145150627397155
-0.0526484778428056 -0.0498611438198003 0.0278903832130122 0.105884843036934
-0.0539469997738451 -0.0423758103394849 0.0623013413704065 0.0684244842578211
-0.0616960139102287 -0.0494477325026884 0.0817701234521427 0.0431348995207371
-0.0361150063585521 -0.0967304398399983 0.099551782988211 0.0479905318670877
0.0343412904856431 -0.103118952390586 0.0986635725194528 0.0768010448676159
0.0967944329507766 -0.0826087573728681 0.0676745258051889 0.128556129349757
0.145850264023188 0.0307051467481733 -0.0127488940477458 0.155781438506529
0.100685486152174 0.159616174479731 -0.0801777679928502 0.14050624907368
0.0205074870090839 0.211109882961357 -0.0614944348673552 0.149509678477579
-0.0180634116100554 0.199108589560236 -0.0412789923036829 0.0521009878317017
0.073138090220926 0.179394347093239 0.0877230237680584 -0.0552411844584909
0.13731066847803 0.0669182106676491 -0.0264768145262165 -0.160266267242176
0.127620081919721 -0.0643491147805304 -0.159110573278755 -0.0957025647829136
0.0581999434061852 -0.112463438137309 -0.154416659959225 0.0607808188150913
-0.0146632631383979 -0.11960083251054 -0.0619955970470488 0.106654974467101
-0.0710086040956096 -0.0834800656770421 -0.00111314765246894 0.0764472503809873
-0.0747336804238528 -0.0630853802225545 0.033419674178326 0.0466148127117415
-0.0803092551372263 -0.0655216227840703 0.0551074344818685 0.0150494428900634
-0.0490645365345129 -0.119797454307412 0.08582546247475 0.00937138834633551
0.033116482265696 -0.133960778231368 0.109849329602249 0.0302948161620052
0.11291295893275 -0.1186586389095 0.104605224219802 0.0988313922527053
0.18162323927831 0.02268892948842 0.0309289898946389 0.143080201227346
0.121714187222782 0.182086092267584 -0.0574671180464649 0.119137169497351
0.0183616445544236 0.244007856199476 -0.047139580984634 0.0781805403413017
-0.0609042030146279 0.209014108440864 -0.0159388964575347 -0.0331273196614399
0.0363092861633487 0.229036696842554 0.103867615082804 -0.0887308436162227
0.144002783000594 0.122264236035973 0.0200638017106924 -0.17555369785485
0.168891756055909 -0.0439317286896811 -0.111683107684385 -0.134050049889296
0.0881393208482746 -0.125278226309806 -0.136197104859154 -0.000237882616490098
-0.00197322301481601 -0.142353569919133 -0.0774573158106292 0.0485139238898641
-0.0746208827248867 -0.105383994038608 -0.0328749539920305 0.0346483267860588
-0.0825346444749634 -0.0768875769168667 -9.44649197566493E-05 0.0175952134320315
-0.0858568388993838 -0.0733629724567191 0.0245495579165624 -0.0158188676510402
-0.0525470498729378 -0.125993135933358 0.0637512203807435 -0.0290567863787081
0.0303044643297999 -0.143492288152229 0.108094465261148 -0.0157656355993875
0.115463079360885 -0.131233438064908 0.124785734705166 0.064360227550999
0.187575321075285 0.0188960451290945 0.0602139905418466 0.120896830108354
0.117716403110914 0.181242825587001 -0.0447815194678465 0.0939298109075704
0.00893954655454511 0.241574311984189 -0.0342318865223307 0.00562578240659584
-0.0840522441166175 0.177884350393827 0.0246845542676499 -0.118097770225046
-0.00751024022846363 0.222461135906038 0.120208724082173 -0.124734367626891
0.112475267000338 0.145410548215251 0.0624444955213766 -0.175305692611492
0.166750968678549 -0.0138031852590139 -0.0554740758378266 -0.151192140249467
0.0966190894909392 -0.112166423160111 -0.0987124106515435 -0.0548779009240656
0.0080343554152811 -0.13596029571747 -0.0812587699465594 -0.0134275040868136
-0.0666385578927085 -0.106791717287118 -0.059573992293979 -0.0116199895421875
-0.0783134415672264 -0.0772199005633591 -0.0318658950951717 -0.0150368468808181
-0.0814953916194985 -0.071010822990847 -0.00630781631781288 -0.0468128786689164
-0.0485185371078905 -0.11588962601932 0.0398062635725013 -0.0649135282546785
0.0276546152063829 -0.13351386346743 0.101112088892795 -0.0549007266636057
0.10972899574512 -0.118765475585497 0.132779180040805 0.0332348580503698
0.167229205949912 0.0252215415723962 0.0756392199068468 0.0976141075281654
0.0901641585622276 0.164430496700821 -0.0385098354384387 0.0695341248482159
-0.00889470046817096 0.204297157301296 -0.0203790944960565 -0.0575064035901092
-0.0834418403759303 0.11428759956791 0.0661216349406582 -0.187906089875511
-0.0386705215512701 0.162869116545325 0.131869055277093 -0.150706717120252
0.0619710382334067 0.124428960513594 0.0933825939033462 -0.164091673818556
0.124286086663089 0.00769620598102263 -0.00628016851720993 -0.151142217867167
0.0798461392119131 -0.0781481096953463 -0.061814520253225 -0.0948434354123336
0.0120789583939716 -0.103070468593317 -0.0806668249747804 -0.065377005423706
-0.0491733069050999 -0.0862922764309178 -0.0808856143656127 -0.0499584995122749
-0.0618504091924143 -0.0644411739916012 -0.0587855967730637 -0.043153211898528
-0.0648328152379404 -0.0602371635708354 -0.031640635320482 -0.0731981076020959
-0.0371895389391338 -0.0935115262255446 0.0201588053800652 -0.09610645140898
0.0261079785751345 -0.108164920250947 0.0947597899677453 -0.0847570190612803
0.0973703728497062 -0.0874946535525857 0.136109711875848 0.0120177292970432
0.12822614147145 0.0393260771169355 0.0811668335648899 0.0806757488747377
0.047060074887278 0.135055650883708 -0.0339087375411656 0.0498458855554517
-0.0311376757606302 0.143105007924123 -0.00428159212761426 -0.10433694884449
-0.0638074366969202 0.0303718525758829 0.0913084231824118 -0.23088282803302
-0.051257365039391 0.0716518952955466 0.127527596972472 -0.164076174981945
0.0121581018167589 0.0717561189422789 0.104843454921385 -0.154121418140687
0.0601260871972418 0.0155826893205842 0.0187766341474684 -0.146249802879893
0.0439524905536532 -0.0369600423735147 -0.0418181163612926 -0.116820207845631
0.011220524656066 -0.0538902302644201 -0.0816822228674775 -0.0953457998883131
-0.024877766273015 -0.0511864479357205 -0.0934741709492502 -0.0735313360278408
-0.0355110021041608 -0.0417937021936242 -0.07557267037687 -0.0635149515860477
-0.0392571943372358 -0.0416380768721047 -0.0482406075207982 -0.0930109305916037
-0.020493763569709 -0.0626962403117366 0.00894688947722564 -0.119780824116885
0.0222616761631074 -0.0725656087988811 0.095753633962225 -0.105225945258151
0.0777650740585184 -0.0480104187617787 0.140563807578762 0.000766001200017008
0.0789204591402335 0.0502407776370489 0.0825128795963189 0.0729432118044208
0.000651152702997917 0.0933147740869551 -0.0283662916338494 0.0374084514172065
-0.0509812169037448 0.0656146169717532 0.0170142379862971 -0.128525791965966
0.0455067620063558 0.00845909259725918 -0.0122880379369432 0.157215341460752
0.019542581276855 -0.0440166795039122 0.0683045902826566 -0.0174442793341045
-0.0279454297896703 -0.0306191412622588 -0.0778232108464992 -0.0923485095688726
-0.0342581651248151 0.0152205574784883 -0.165929269943616 -0.00361758235362929
-0.00477538023076249 0.0275176348158474 -0.115424775063204 0.128892794843124
0.00554333753751633 0.0200737435458663 -0.00288515488988772 0.159281124539263
0.0103492016858295 0.0195795879005869 0.0619699871528933 0.117531427006959
0.00716295399095611 0.0118938612543456 0.0904054326855673 0.0783305913308612
-0.00574518561577056 0.0131334748869124 0.105016255102427 0.0714196873646041
-0.0165074856137977 0.000777524626975373 0.0980582977267996 0.0915666739892481
-0.00874578568434218 -0.00847178340683281 0.05741387757708 0.121448234221925
-0.00374953283331393 -0.0210366969040775 -0.00282612384505826 0.139883721032812
0.0298347449312719 -0.01862580575338 -0.085503340975274 0.148392730784142
0.0552021799227509 0.0140329936983602 -0.132658508640548 0.160916022426784
0.0359654617402154 0.0488826018620212 -0.090771743272999 0.234822518985338
0.0410008885787226 0.0826707219713833 -0.0333256491697189 0.149914653535268
0.0573420577760756 0.0195839508227674 0.0711131854878013 -0.0169475166443943
0.0303806985298216 -0.0193857890631915 -0.0722361427908624 -0.106837724526787
0.0071516333396995 -0.0244562694682705 -0.17532140678839 -0.0213240961975694
0.00632295996391096 -0.0216718217676682 -0.13113646974783 0.124833541833778
-0.0092984585535422 -0.0253980093617844 -0.0172588402568402 0.158955297699978
-0.0231757585897229 -0.0122286298599412 0.0512842786986075 0.117571165549922
-0.0250837383517784 -0.0154516000546432 0.082435507553876 0.0775332280871458
-0.0348793302700414 -0.0211021018301544 0.0987707286352433 0.0616940475351771
-0.0239081491919716 -0.0530705316047231 0.102283110430019 0.0762077555379151
0.0202221035436368 -0.0580144415910126 0.0768284822572385 0.108793780114793
0.0551335782284911 -0.0444946700368307 0.0262444640702809 0.139453834644397
0.0891091797592184 0.019602949788872 -0.0557601616418473 0.153245652163611
0.0721528552614615 0.0997893032869577 -0.10560930161537 0.152588277534011
0.0240349183628177 0.139382169651282 -0.0756683780139809 0.203014599603413
0.0192111363651477 0.149637239263535 -0.0434589363515392 0.113917352991088
0.0787450484039484 0.0978145076152822 0.0773576578371401 -0.0293114860117147
0.0898215579311733 0.0124250122822509 -0.0566386764582855 -0.130243082045596
0.0628734167972084 -0.0548580118604724 -0.175532018436907 -0.0521808341054716
0.0262442272737518 -0.0711790490418325 -0.145591768644205 0.103342856194025
-0.0180120191885757 -0.0736773928830859 -0.0371882294523245 0.142281533056347
-0.0518487350075363 -0.0468709201277793 0.0294618401010283 0.1031900605777
-0.0532197159624085 -0.0404629520088855 0.0625349957881917 0.0656132478432381
-0.0608780727558756 -0.0461561082372042 0.0809534001916617 0.040360943103703
-0.0382435509134301 -0.0928395299623131 0.100087175058087 0.0445056668289427
0.0312520938104579 -0.102731272515303 0.0987842412553431 0.0740046860982953
0.0926904843684059 -0.0829547682594706 0.0685493583632895 0.124893596206638
0.143627301974315 0.027187973400458 -0.0115032481677305 0.153296771713389
0.101743980982545 0.15458182034265 -0.0762338667273955 0.138756157926269
0.0233059043384261 0.205092013354893 -0.0581589802326718 0.147945238841074
-0.015693169213581 0.195171006523856 -0.0385693333238959 0.0508362559176532
0.07566082867923 0.173930197701551 0.0870322338286626 -0.0550285114215854
0.134411336214193 0.0626938619981815 -0.0269882200934605 -0.155966567320973
0.12192403874052 -0.0650340019585653 -0.156932073993514 -0.0912433466008431
0.0539540092119947 -0.111098257399809 -0.147827896046305 0.0607751584724037
-0.0177513624837754 -0.115666689564782 -0.0580281547447726 0.104587138551849
-0.0716356908665267 -0.0786786063938821 -0.000145254791700552 0.0749974002646251
-0.0739364969924509 -0.0597440395049107 0.033586920734473 0.0447884975182224
-0.078702659032591 -0.0616119071519805 0.0548412981769877 0.0130313036662959
-0.0508981844036466 -0.115644300960236 0.085881999685418 0.00663409731647541
0.0289013103244759 -0.132702848392264 0.10876629083582 0.0274802765714173
0.107040060718822 -0.11787482029664 0.104443021099462 0.0947779156707915
0.178172799258906 0.0180038416879023 0.0312727854140766 0.138779991693562
0.122542126427272 0.176649868077959 -0.0543267256951812 0.11764302464388
0.0222183970174258 0.237649782483627 -0.045460849070844 0.0782099090595972
-0.0574379837245341 0.205465088501481 -0.0153253173233119 -0.0323188712713041
0.0399487041008208 0.223181939161779 0.103046025527186 -0.087856177969206
0.141680342107096 0.117914299578186 0.0186260572787948 -0.171676764946232
0.16341226697657 -0.0458329958556831 -0.110978181457445 -0.129457611161685
0.0828528728354931 -0.12405806848421 -0.130689611222506 0.0015201084845352
-0.00555571063635405 -0.138393536029529 -0.0746930476473708 0.0479578790261008
-0.0750623777045276 -0.10053467153665 -0.031993779164003 0.0349998082027715
-0.0816019955200455 -0.0725387348227978 0.00112099420293548 0.016789348202968
-0.0856608853788813 -0.0688685973777992 0.0235811708488754 -0.0159269089110301
-0.0550092780998215 -0.121094132148965 0.0633841183438777 -0.0304516912401571
0.0261120048419412 -0.141948727084495 0.106399446468743 -0.0174264888989824
0.108811085275437 -0.130969324823192 0.124184512922988 0.0601702916012467
0.184155133052521 0.0140864851861475 0.0600788595266102 0.116799319792059
0.119294233163395 0.175908185154266 -0.0431322826278183 0.0926349446193788
0.0129315990479495 0.234789033637317 -0.0342241140980742 0.00737048602570284
-0.0803886461941479 0.175410698637172 0.0227374032929307 -0.11528222578667
-0.00256109587412575 0.218083643846626 0.11801979132382 -0.122195642809542
0.111642824946832 0.1407958521837 0.0605262359071628 -0.172144220764025
0.162010049273836 -0.0168709890532726 -0.0551339665788117 -0.147085470283246
0.0907161026025811 -0.110916343513611 -0.0959318523014785 -0.0532276226151894
0.00463379112992642 -0.132530442486028 -0.0799150221700299 -0.0127108197884976
-0.0673727464202301 -0.101514632469854 -0.0595229302791978 -0.00896993754642892
-0.0779433230550405 -0.0732445361595928 -0.0304406721229735 -0.0130750137715714
-0.0805759804021055 -0.066515451131148 -0.00663517369110083 -0.0447947992918376
-0.05074604120589 -0.111681446563697 0.0389637182750877 -0.0644240062449749
0.0238245337261753 -0.131359677175562 0.098135238991408 -0.0560647067203594
0.10337121396543 -0.118017164358055 0.131833295558204 0.0297860757369428
0.163809226798655 0.0214642850621313 0.0741198531328551 0.0937060117226593
0.0916300407099417 0.159363433266513 -0.0370162455145985 0.0688062988942128
-0.00474248069906987 0.199192547551133 -0.022228964447395 -0.0545216971656094
-0.0803247700168939 0.112833412437775 0.0619684616204674 -0.183925717447907
-0.0350693322726875 0.159985622621388 0.127665121599407 -0.147285054970682
0.0621583465720069 0.121084060541931 0.0903668358041103 -0.161529247465939
0.120758802233596 0.0050008583798955 -0.00749369499318954 -0.147633977183567
0.0756956280273021 -0.0780435403405992 -0.0600667409856163 -0.0931229596546229
0.00922475380130148 -0.100371630117152 -0.0811188946384951 -0.0626104726715621
-0.0503200119232317 -0.082313422684117 -0.0807074316132028 -0.0459790520709015
-0.0620085857866571 -0.0617169764136943 -0.0572688686806454 -0.039951911939016
-0.0643823034821925 -0.0564737908040788 -0.0319747975711109 -0.0705750260853673
-0.0387258507239219 -0.0906290044678332 0.0182904611317993 -0.0942906410306532
0.0227430707910372 -0.105946196566345 0.0913780587262531 -0.0849611638738949
0.092561659736962 -0.0877693650037353 0.134313348366719 0.00885385677187147
0.12618092650469 0.0355000174491317 0.0799063243894833 0.0770295362098741
0.0484399493730863 0.131598650770142 -0.0330930634466814 0.0496675730108162
-0.0287258096397182 0.13948899189627 -0.00666510268720094 -0.100158380965506
-0.0625060665129388 0.030109947785761 0.0859661760816618 -0.22671436421092
-0.0492224346045462 0.0711345658181135 0.123461549123875 -0.160747520835862
0.0118821802071058 0.0699594187013155 0.101186854350595 -0.15185339341597
0.0590004583934807 0.0138855148416315 0.0163862923491783 -0.142925398765263
0.0417688545206695 -0.0362572283264672 -0.0414186537670422 -0.113753957246322
0.00964915547961934 -0.0524617221029181 -0.0825215338423765 -0.092232701474161
-0.0248422534592666 -0.0489591994389646 -0.0939467348664569 -0.0684196375187688
-0.03531427969369 -0.0406426995496823 -0.0743893906834259 -0.059178583538092
-0.0389034065055326 -0.0397398356394416 -0.0483389579302028 -0.0894432161887214
-0.0211379432493428 -0.0612906084203639 0.00694676430463834 -0.116827951648451
0.0199996026884681 -0.0713007542311798 0.0918917664924794 -0.104903569906524
0.0737090727641306 -0.0482128004584019 0.138533871525306 -0.00196571776171106
0.0776426169154114 0.0477022878138588 0.0816375621432439 0.0697756276626097
0.00171295049601446 0.0915060828164493 -0.0278951299855784 0.0374325362773402
-0.049292549693355 0.0641695480592915 0.01266401744278 -0.124483709757341
0.0403939879313058 0.0155415504191234 -0.0405777203676118 0.149965833238805
0.0257837696563741 -0.0376997171835249 0.0727248450055059 -0.00348406177239686
-0.0183149060677975 -0.0342804417468955 -0.0547365901068725 -0.103272261722275
-0.0330332280507318 0.00718619536299843 -0.159207708735938 -0.0349610634883453
-0.00864063332299196 0.0224492814317825 -0.13449387515698 0.101578023338756
0.00183238353253235 0.0185711547597538 -0.0325609471404128 0.151954635610867
0.0068126119651609 0.0193094857482323 0.0369977543059671 0.125860810478033
0.0050015079957331 0.0118892209927898 0.0707489220034681 0.0911219121862173
-0.00805401196730317 0.0112994318956485 0.0880603744890184 0.0879807740181261
-0.0156641950315792 -0.0024073381738166 0.0758859348769799 0.106101272569659
-0.00624497095367924 -0.0102986633520569 0.0309495982917697 0.128076645619992
0.00217125631193157 -0.0203339428149124 -0.0332833598701037 0.132660384676969
0.033785392338769 -0.00998838496324975 -0.113303658095247 0.126070268066106
0.0507116088893233 0.0261109683607906 -0.162284120431331 0.130636698763478
0.0241739545653342 0.0543271214479313 -0.139899331204395 0.211689020105014
0.0214406611888317 0.0844914197224998 -0.0590211270806417 0.139162487583729
0.0504430583534679 0.0292624575089639 0.072079634616266 -0.000897226063814732
0.0338548409953714 -0.0125710517520662 -0.047134146241262 -0.115041974386464
0.0127363749496076 -0.0227263197664213 -0.163880681712956 -0.0535822502732761
0.010964466358039 -0.0213389197915976 -0.149470310039424 0.0954148064408151
-0.0040932830350016 -0.0272213432375459 -0.0451579180205628 0.149582310441996
-0.0190402035738262 -0.0165071975387371 0.0264929816035504 0.123730069998757
-0.0206235858694547 -0.0203295837460907 0.0635303523659683 0.089346601909451
-0.0291837345733117 -0.0266829144207164 0.0837984619286491 0.0771966015148437
-0.0132386082524961 -0.0550178159343507 0.0841147236331447 0.0916675784462331
0.0312316976408097 -0.0519703594749528 0.0532297583250392 0.11751352756001
0.0627467990280163 -0.0307690451885882 -0.00284681229957106 0.138089703724954
0.0815196430515059 0.0393401950136383 -0.0837094407844328 0.137718117092581
0.0494939254911861 0.111915446122521 -0.135506854520632 0.129743226691715
-0.00706704908768289 0.138429511737156 -0.117400663282747 0.184590906994733
-0.012311258729751 0.143279598597488 -0.0627089555238796 0.103417513669622
0.056663795821622 0.106206074584041 0.0776566995822624 -0.0116317473726824
0.0843254241732741 0.0291898417588646 -0.0282277021295325 -0.132237736295915
0.0695646980802863 -0.0403360250483573 -0.158052152348906 -0.0818220208122184
0.0392599333661683 -0.064632517180899 -0.158204790191236 0.0733069398982947
-0.00314092351318074 -0.0743348146220154 -0.0607335239851534 0.129680490339085
-0.0407938550314491 -0.0535918781429362 0.00800039106433868 0.105500074966126
-0.0432326324655009 -0.0494143815905798 0.0470531672794024 0.0740692231159561
-0.0484788141325395 -0.0559322668853414 0.0707173526457984 0.0544150844527006
-0.0189792791118163 -0.0956814442907832 0.0876236476043022 0.0602979299540665
0.050175944824081 -0.0926357778199076 0.0813916512706378 0.0877389675319761
0.105117759752612 -0.0590237656377643 0.0429009896763732 0.131868341127252
0.13276238187782 0.0587880449900894 -0.039161757858103 0.147034841416201
0.0657527654981569 0.170131326155314 -0.10438623696009 0.12358749088893
-0.0210314255721901 0.201066666200131 -0.0889473097311291 0.134586636998003
-0.0535778279396443 0.179516546690642 -0.0474756808231894 0.0440492810998419
0.0410231866878978 0.178215951831832 0.0899288957892112 -0.0351754978105077
0.116895987102388 0.0850745141982772 0.00333935450536202 -0.150046390643263
0.126928768320373 -0.0385922533192946 -0.131773356847163 -0.114568416311543
0.073174387350793 -0.0964673673069076 -0.152625771194439 0.0324122110115035
0.00515319589824418 -0.113956574618524 -0.0732438554234751 0.0900469872414752
-0.0533860854654313 -0.0868475788675782 -0.0147186411435605 0.072251337742949
-0.0596765938318562 -0.0719874261880639 0.0236453222785404 0.0492067752239987
-0.0630968678613456 -0.0737629028772874 0.0502360376622577 0.0227991407072107
-0.026794456135575 -0.119956371045794 0.0821152179505207 0.0209806032838993
0.0541168719950926 -0.121804115670786 0.100557150016088 0.0439719848195545
0.125840325348828 -0.0896943518962798 0.0847160844372425 0.108713953619232
0.168536060038033 0.057380621915747 0.00640410333482866 0.141771740907664
0.0821120057747031 0.195889765744748 -0.0786116534655655 0.107082405907568
-0.0284608205220838 0.232261811872063 -0.0617990785234035 0.069204093468247
-0.0939958325519805 0.18176660156876 -0.0105127972856518 -0.0318991337150598
-0.000705010958251306 0.219235867648627 0.108445040199063 -0.0651676811722595
0.113496145336642 0.139309691275991 0.0483123484436974 -0.156473570256767
0.161125845124285 -0.0120691328412402 -0.0806293979363615 -0.141757630160224
0.102519225185846 -0.10259692370562 -0.125352086644561 -0.020947833344575
0.0205857893735033 -0.132686010678734 -0.0786006941215407 0.0329383543537819
-0.0532669155996196 -0.107789363456294 -0.0383415724881667 0.026505722295629
-0.0644429442038516 -0.0858957599189062 -0.00184488145970443 0.0164164886114935
-0.0674559808642958 -0.0818010451394565 0.0259221605223397 -0.0112696125157317
-0.0295795290690429 -0.125776609517902 0.0678376431487715 -0.0188564151845152
0.0526971515746503 -0.130950074177783 0.107446596939972 0.000128210980059305
0.129745386721103 -0.101191071650591 0.111124680312063 0.0792766703740891
0.174749899853332 0.0544593288464045 0.0392571663881253 0.125345272675374
0.0780614978328041 0.194348461585066 -0.0623564185803675 0.0852525662755503
-0.0368733147331308 0.226992116927057 -0.0358614547272779 0.00256951121100459
-0.109902675954355 0.150509726054667 0.0418938715791095 -0.105552438736076
-0.0400403935633789 0.206546588492152 0.129940396980359 -0.0964793406752551
0.0803039730715998 0.157117420286041 0.087804863797616 -0.149352885203683
0.154802031630231 0.0150475652538821 -0.0240188049417684 -0.147996541951213
0.108124783142837 -0.0875653463628418 -0.081420122502702 -0.0670743245080674
0.0293475263854477 -0.124220977684694 -0.0730452567591927 -0.0269314773069067
-0.0462901733667631 -0.107835045367038 -0.055914117712602 -0.0209277485882425
-0.0610814634208756 -0.0855048378186151 -0.0262652063960924 -0.0178381434734984
-0.0631365150611978 -0.0788687233344597 0.00282916287076741 -0.0448003532778855
-0.0274129235030766 -0.115407683383561 0.0511875444769256 -0.0556830874535566
0.0487258733147964 -0.121244038054006 0.106707996759164 -0.0385640798827097
0.121361042514597 -0.0909075649610632 0.12468257233959 0.0519050955693603
0.153504783218506 0.0567128691884183 0.0577488855764977 0.105424036550094
0.0550184163851384 0.172100722978368 -0.0521387393326497 0.0634224676969247
-0.0470822632778244 0.189040618626158 -0.0113283601193965 -0.0566720190749884
-0.0967006166244223 0.0925064837415497 0.0928286332314976 -0.165135942777446
-0.0605797903135551 0.146538754797721 0.146079106640747 -0.119400157170941
0.0366895884742522 0.128769387358462 0.114468849777382 -0.135109304316043
0.112676399752525 0.0286588331179587 0.0219187901997648 -0.140305425821014
0.0867416045945725 -0.0586725116345812 -0.0400697070460274 -0.0998551663498525
0.0282624619297775 -0.0929454771292619 -0.0661120195126619 -0.0755169251570981
-0.0331880471355707 -0.086528053593099 -0.0699143798983649 -0.0602986812293516
-0.0481048751006326 -0.0707994283323204 -0.0462177809311158 -0.0482103014993428
-0.049799514769676 -0.0658701203138217 -0.0169071625978054 -0.0740989571153482
-0.0194418789010315 -0.0932838323462819 0.0369565907128219 -0.0870542723464308
0.0422810801150507 -0.0970831693764744 0.105745828870303 -0.066897925317798
0.104242824662106 -0.0638542304017931 0.131480205585901 0.033094179862058
0.114072265469387 0.0621804764558886 0.065587164978553 0.0909232360354639
0.0192069672055802 0.136371406783702 -0.0443853631932966 0.0445371486271384
-0.0574555798772358 0.127356679794179 0.013631725140884 -0.0981204336063559
-0.0629878056514038 0.0187438779827642 0.1242071561002 -0.202451195700046
-0.0582008843550972 0.0611377580965326 0.14728130100014 -0.13200644342396
-0.000734699093852707 0.0719603527002113 0.124375388716299 -0.124851760590436
0.0533808034221365 0.0257533245358077 0.044124107826516 -0.132309451800137
0.0470555546665593 -0.0250722321567682 -0.0186727757653719 -0.116941539776674
0.019297391769076 -0.0469955659767208 -0.062783130904807 -0.104769484558062
-0.0148838724956615 -0.0509072566856993 -0.0784977354402573 -0.0850838350897156
-0.0264603836335296 -0.0452001929694828 -0.0595756681276483 -0.069564473609361
-0.0288211960192193 -0.0450167312342402 -0.0285986749862225 -0.0953619733921303
-0.00882236157248716 -0.0623260460528322 0.0312996290288504 -0.110106104999587
0.0333228322298513 -0.0638323227611718 0.109809197944041 -0.0847863234241485
0.0795408246979866 -0.0310157188957275 0.136646315946553 0.0242678558702553
0.0647720656501658 0.0625403989591367 0.0676421952565526 0.0851004086838246
-0.0177785432469777 0.0881138098792888 -0.0367185578121607 0.0335358151276916
-0.0622555329188005 0.0512128974152634 0.0382202712473971 -0.118298099666145
0.0404941173356047 0.0152458649435186 -0.036646621174191 0.146450250910939
0.0251278725217625 -0.0373044136651414 0.0720311425307279 -0.00478251067334889
-0.0185876785428897 -0.0331287650724537 -0.0537587524951835 -0.100101199559902
-0.0324236326763622 0.00747069146056672 -0.155183530415406 -0.0321340607543272
-0.00788105721750341 0.0219929936327231 -0.130423468947784 0.100300765862969
0.00266193338805414 0.0178585025426319 -0.0288820791380718 0.147166653317756
0.00740753525653625 0.0184975208650249 0.0388044807747303 0.121213793089986
0.0048197200653557 0.0106397219576129 0.070081623038672 0.0868352242290621
-0.00695446964346887 0.0106271679907468 0.0876130178792807 0.0828769591658702
-0.0155983706651838 -0.00171869522863774 0.0766402431118823 0.102151427777384
-0.00638484827258424 -0.0104350202748206 0.0322410001204425 0.125292750566905
0.00163849281864074 -0.019303636849297 -0.0313801271147574 0.129131831841044
0.0332838625118659 -0.0104303333715717 -0.110300373139907 0.123298769426315
0.0497150467363977 0.0241279334047516 -0.155852051729949 0.128056640918463
0.0236669443374108 0.0526489020406774 -0.13280078695467 0.206203192678873
0.0219854124821905 0.0822082862304459 -0.0550723824074866 0.136061247741615
0.049890832911532 0.026954482245747 0.0723600235080698 -0.00286753924831496
0.0327849163609711 -0.0136728273621451 -0.0454604496109548 -0.110732809911121
0.0113967113179691 -0.0221674430429514 -0.160294807262526 -0.0495351680819885
0.0102675328041187 -0.0213998746296003 -0.143359633859223 0.0942431366392532
-0.00443156744629221 -0.0265516861989243 -0.0414021971807738 0.145709200720413
-0.0183613077239129 -0.015376226873044 0.0285371502444717 0.119232259314661
-0.0205042658922155 -0.0199621634645369 0.0629240755431549 0.0852428677955129
-0.0285409648820404 -0.0252059926797498 0.083030488449315 0.0731426381138064
-0.0140616500422216 -0.0529881951717582 0.0842962502008687 0.0868194290129139
0.02945479116625 -0.0517092323937866 0.0537617897335463 0.114342857535988
0.059910204080156 -0.0305841600766577 -0.00168883594583307 0.134620938573358
0.0801921498659793 0.0366159534283474 -0.0811294199660368 0.134624449069808
0.0500283530643752 0.10798085966353 -0.1300094131343 0.126506916270813
-0.00538216231637525 0.133502061778687 -0.111830778646301 0.180313944972363
-0.0109503057120308 0.139394958941293 -0.0594294075238886 0.101072037674958
0.0570888204802757 0.102126044227238 0.0779389423538755 -0.0124027139586072
0.0814364085006947 0.026896591418145 -0.0277632616767844 -0.128294304557028
0.0664782323801145 -0.0397967020144158 -0.154559643988866 -0.077613525386157
0.0367104923305946 -0.0635279020041715 -0.151834518869061 0.0722117825563442
-0.0047299353753096 -0.0725559425294755 -0.0565244020263735 0.126192506127604
-0.0404338912428221 -0.0514619718359666 0.0100335424018041 0.102208944100095
-0.0427713284884934 -0.0474341178737435 0.0468619019362805 0.0714250040865776
-0.0476956876719595 -0.0529849247117335 0.0699605738738055 0.0505146166014137
-0.020517607992997 -0.092638631015322 0.0882131003170826 0.0566948667030963
0.0472325907105052 -0.0917457387702145 0.0811994451519278 0.0846278188653711
0.100980224801864 -0.059781077885716 0.0435126940227936 0.127401860026937
0.13056179690356 0.0547710636176934 -0.0378826794945357 0.143050714989939
0.0669444215313129 0.164754271978786 -0.0996830767699946 0.120397863217006
-0.0184750772904021 0.19478937023548 -0.0845819817848494 0.132999780130393
-0.0505602559435944 0.175390986135214 -0.0450106536108433 0.0430869907783835
0.0435633699957499 0.172549338411422 0.0892159667525398 -0.0350195660202201
0.114349651752656 0.0818779073794125 0.00358574475949698 -0.145626139028616
0.121695354070661 -0.0390574243327294 -0.128922178098063 -0.110355322064624
0.0687156106165674 -0.0946769535453714 -0.146646840555253 0.0328579482923087
0.00257674045125713 -0.110431533949749 -0.0695999012355975 0.0876131580226441
-0.0534275331131033 -0.0826733232427647 -0.0133210583202787 0.0702729541349423
-0.058762157109498 -0.0691791060119456 0.0240377714476743 0.0472670480631972
-0.0617163736873389 -0.0696076716162493 0.0498807871177058 0.0214616150582589
-0.0289155492299095 -0.114969063151948 0.0813925027419365 0.0181128453197905
0.0501673011198982 -0.120135194944147 0.0993691179281852 0.0413032865934299
0.119627483984876 -0.0898224708344658 0.0839364809066623 0.104555981531626
0.164419239473148 0.0525536797773246 0.00635950415858546 0.136609883776218
0.0835508039532833 0.189308678509511 -0.0758187113204639 0.104707422739042
-0.025214313413596 0.224304081857574 -0.0590804634038574 0.0695744014650231
-0.0900143949099587 0.177518716245372 -0.00936116146816172 -0.0307425321303015
0.00305073037627409 0.212749504264318 0.106978426421769 -0.0641961465548105
0.111836133317221 0.134155821005585 0.0465054253253249 -0.151823165399539
0.155588418781805 -0.0138635675798907 -0.079610168185589 -0.136966969991884
0.097089668487575 -0.101232305210051 -0.120127893382904 -0.0196237924545251
0.0167054444654539 -0.128457858332985 -0.0760428853446609 0.0317426469267747
-0.0539722047601163 -0.102729929279833 -0.0374393486200741 0.0270205195060265
-0.0645942394022598 -0.0818468914709462 -0.00132665122728295 0.0164999793278561
-0.0662611053898068 -0.0775445263993425 0.0255138598198047 -0.011327085739847
-0.031428301428303 -0.120933296386316 0.0668856086170177 -0.0195521413414486
0.0484314220658308 -0.128726933221098 0.10529868439158 -0.00204282145431847
0.122830193440368 -0.100477061888201 0.10973255484919 0.0751015899103284
0.170738048413986 0.0495706722478658 0.0383853445311684 0.120161422349727
0.0794082775847175 0.187531135269655 -0.0605192658696257 0.0830491582605287
-0.0333338311714755 0.219513821302481 -0.0355380679010508 0.0039462629380027
-0.105505091045311 0.147365504407125 0.0410355399367776 -0.102868143061364
-0.0355558271240647 0.201977223153004 0.126610266875497 -0.0952240348032696
0.0803727870266072 0.151839211091842 0.0840795149093281 -0.145547687921466
0.149991541741011 0.0123705065208896 -0.0244897718797322 -0.143050058080563
0.10261419886271 -0.0864747575286592 -0.0785838500008071 -0.0658458668308785
0.025278880965363 -0.120854535285756 -0.0722803968582059 -0.0259656562884365
-0.0466663280975423 -0.102123461455693 -0.0563686810719233 -0.0183896564219049
-0.0607908377438291 -0.0814220690518344 -0.0249884965208476 -0.0170203480856337
-0.062102541195077 -0.0743572318436015 0.00247482854033593 -0.0429787258700051
-0.0290966704129177 -0.111355224019615 0.0496557198699829 -0.0551162031176158
0.0447614456058807 -0.119143760322853 0.103491700655627 -0.0390111135305199
0.114930830307738 -0.090094443674784 0.123233426665996 0.0488856667425094
0.149698884991389 0.0517902704125713 0.056906449713977 0.101591106680371
0.0553246924126831 0.166443502228039 -0.0504162914861529 0.0625289734099395
-0.0433936697216682 0.183388318042681 -0.0128625456305049 -0.0529862041534557
-0.0934001374282587 0.0904598684958625 0.0886850411717938 -0.160294588735781
-0.0565489761883126 0.143809013946916 0.141345676403188 -0.116664997646798
0.0375754789315791 0.125523217383175 0.110725196334298 -0.132166955675498
0.109871363097213 0.0262140325634623 0.0202602785353499 -0.136271659061368
0.0828519373309431 -0.05814223455485 -0.0388978173674506 -0.0976883717784077
0.025367754018727 -0.0902910804240132 -0.066342343163306 -0.0733344615085008
-0.0336372764154456 -0.0824922887672821 -0.0702349996525845 -0.0562057567825805
-0.0479241110446529 -0.0677245817357757 -0.045000561434423 -0.0455219285394556
-0.0490232175977568 -0.0622424153496687 -0.0174323822076724 -0.0713592655566831
-0.0208879278473305 -0.0899347663397121 0.0354339610246343 -0.0853654030525705
0.0391415682867487 -0.0954551172478654 0.10208363042315 -0.0667848043793571
0.0988609411007171 -0.0641662312715296 0.12899675825091 0.029854319744115
0.111165651192302 0.0576455005481243 0.0643407187409825 0.0866941189168112
0.02019642572687 0.131414477526302 -0.0431210939387238 0.0441339106242323
-0.0548454557567611 0.123485536672331 0.0106149690250266 -0.0935598432511141
-0.0613758073684082 0.018874662214245 0.11885133479336 -0.197112103785234
-0.0557602806786377 0.0604749499274108 0.142715383558525 -0.128631783113454
0.000111654169104953 0.0700402295149631 0.120180525804491 -0.122691870860276
0.0518786155258331 0.0246099119072271 0.0422539817503443 -0.128057629680212
0.0452495690203849 -0.0252259823654152 -0.0178163200465025 -0.114685819694162
0.0181669279596816 -0.0461078870690107 -0.063865071152116 -0.100988425244927
-0.0152337962785527 -0.0483720540252835 -0.0783530424514802 -0.0802549373346299
-0.0265760415244235 -0.0436015713074023 -0.058278646378371 -0.0663405633835727
-0.0284113052507807 -0.0425926872758096 -0.0289044335158912 -0.091442216987847
-0.00920282743460313 -0.0603297544281844 0.0284154312041963 -0.107553705664924
0.0305415986192354 -0.0627130932399681 0.105137840759476 -0.0847704565089663
0.0758482045055568 -0.0316382820234959 0.13383338721043 0.0215940029910102
0.0639171334152218 0.0598026374429035 0.0657210585825627 0.0807983020140882
-0.0167486344307263 0.0853862424381961 -0.0362013769265385 0.0334930006028469
-0.0600464363472316 0.0501394062369806 0.0338845150766638 -0.113606298610075
0.0397186168303072 0.0150994977017531 -0.035481147660258 0.142720881253778
0.0237314259051184 -0.0371452495606458 0.0719841614361643 -0.0049857834047749
-0.0180640038551211 -0.0332016915061455 -0.0512448886611984 -0.0978225725483294
-0.0313986306344676 0.00744456474754773 -0.151663747930776 -0.0313884628521101
-0.00756295520267123 0.0207137814114053 -0.127704371134424 0.0971955127145071
0.00242513800555436 0.0160008399649711 -0.027406686618816 0.142773694520964
0.00735165648740475 0.0170282406499051 0.038758732038231 0.116459951262494
0.00504403167557846 0.0100953335908005 0.0687745915238177 0.0835478188153111
-0.00592286374779401 0.0104275226740466 0.0861945445477203 0.0793933597220368
-0.015164339131069 -0.00122349675217388 0.0755227442858129 0.0986791750361405
-0.0064429722656377 -0.0101712463581787 0.0318231433602582 0.122345258723743
0.00144976608095584 -0.0192255692383498 -0.0320626650610637 0.125393908359633
0.0324454332888988 -0.00998932511409657 -0.108707300253138 0.120084491542789
0.0485634086515272 0.0228799426198204 -0.152285617500161 0.122411244712161
0.0219383301806509 0.0504560317633397 -0.128029789155832 0.198730429627164
0.0213957046441535 0.0801432389962525 -0.0534123814802642 0.132419996769979
0.0482353020385915 0.0253456989187188 0.072272473120121 -0.00298069616751311
0.0315341203557741 -0.0134686295946761 -0.0437141800440371 -0.10799669165206
0.0102133267468241 -0.0215187735020539 -0.155680172683046 -0.0476468405470451
0.00981847478885698 -0.0208593008386702 -0.13978405733415 0.0915050440594152
-0.00418704218076558 -0.025994536848235 -0.0397835717133208 0.140768722163027
-0.0179557134090715 -0.0147122018679467 0.0286417290586727 0.11537471277135
-0.0200459439972787 -0.0199193504289833 0.0622031772717909 0.0821327862000296
-0.0271302572991655 -0.0242935715484905 0.0819898224287311 0.0700612116013089
-0.0142059190618623 -0.0512064231591204 0.0837045211042544 0.0841714629717324
0.0282950370607868 -0.0510955888486933 0.0532606930384256 0.111783612492654
0.0577549044876504 -0.0305015080500248 -0.00235102911551201 0.130509057167674
0.0778851692893224 0.0352801090648083 -0.0802972598314512 0.130905872068857
0.0489172647202992 0.104259395708777 -0.127164477863276 0.121485169383611
-0.00607466575683885 0.128909681051155 -0.109098611210533 0.174603352310868
-0.0109747939631462 0.136033248680456 -0.0578432885231817 0.0978086824303621
0.0562064780893523 0.098204674522018 0.0777291037502754 -0.0123812990965443
0.0784064367479303 0.0261722193610821 -0.0254563344320157 -0.124631283103301
0.063333414243522 -0.0390210381402293 -0.150078532261935 -0.075888121979424
0.0351422038427613 -0.0618990376087219 -0.147291968199394 0.0697624396889915
-0.00506252282429925 -0.0702575140809073 -0.0544517414462521 0.12197009577006
-0.0390026046209067 -0.0490433983795254 0.0102413104157606 0.0994644818165818
-0.0419778078102808 -0.0463933476179787 0.0462818471291035 0.0689790860707009
-0.0463463638437343 -0.0509971513509232 0.0692736921625397 0.0490365862073504
-0.0212883292155818 -0.0891083307948352 0.0869289111363738 0.0542917207947536
0.0446106432191947 -0.0902924686831591 0.080354891569473 0.0828693846434479
0.0972251389079735 -0.0587453873487643 0.0424388971413754 0.123917405260644
0.12709346866969 0.052831601996004 -0.03792221048527 0.138997874532063
0.0662177931823559 0.159868816943572 -0.0978559329546801 0.116220751037361
-0.018634240529788 0.188012522803225 -0.0822078942562347 0.129086689017132
-0.0499436576941617 0.170820496315258 -0.0431231891882494 0.0411410477140404
0.0424367205396027 0.167239696980238 0.0887743263895911 -0.0337627218620245
0.110804389908722 0.0795773109921614 0.0050096490065338 -0.14086944777398
0.116805015728608 -0.0379540791728102 -0.124963706167725 -0.1076911414352
0.0661221723199822 -0.0918463907549034 -0.141323913312945 0.0308667582371997
0.0015602704188585 -0.106924498984301 -0.0681214028883407 0.0845994004020293
-0.0524295740951578 -0.078910436598924 -0.0129077716543552 0.0690270045232632
-0.0573638701726565 -0.0664640534751768 0.0243642066740891 0.0453110723222652
-0.0597424714836672 -0.0675684443025536 0.0488615760068024 0.0205997233342927
-0.0293811501993711 -0.110933569634161 0.0804005026096094 0.0166576978016016
0.0476630606739934 -0.118165701405384 0.0968073296699114 0.0405017601128083
0.114671936525084 -0.0873855849797849 0.0827021366854623 0.102182355727199
0.16047088008731 0.0506328156277116 0.00507306068537545 0.133147724838243
0.0814534644267403 0.184428867913071 -0.0740839904345847 0.101547671194094
-0.025661597480893 0.216060134684058 -0.0580556352261497 0.0683861107507926
-0.0886905004197091 0.173253828524679 -0.00832076865541106 -0.0298334024600669
0.00357326540996984 0.206837281794049 0.105977440081543 -0.0619134897605781
0.108376617424025 0.131217153880735 0.0467693232100745 -0.147500304995513
0.1503168670736 -0.0134860444130326 -0.0763189751844937 -0.133714329672053
0.093545727448675 -0.0985776247704343 -0.115207673712888 -0.0209792668074394
0.0154705342802642 -0.124379789009061 -0.0744898658966545 0.030388109697148
-0.0533665778823178 -0.0983779548961532 -0.037022689325147 0.0273201802452319
-0.0631385591789632 -0.0792343754576748 -0.000652328301963213 0.0157533893916701
-0.0641806629546676 -0.0741538870761059 0.024918691239109 -0.0104066245883016
-0.0316741774291407 -0.116627626096481 0.0660826632468507 -0.0205428714037168
0.0457234949692183 -0.126635119335942 0.102692761388312 -0.00242325646178595
0.117454158964749 -0.0987307811659876 0.107889618535204 0.0727647348613654
0.165952469402794 0.0472219026213562 0.0359561513783881 0.116805096542827
0.0777480293940341 0.181911898655331 -0.0592882956093146 0.0812048721610478
-0.0327268913153997 0.212155255750683 -0.0349002013902862 0.00488008408174747
-0.103745564802805 0.142990529379962 0.0400364301846655 -0.0998849236820154
-0.033550979575468 0.195702369530172 0.125562101563101 -0.0904289571138911
0.0779050321386532 0.147952160929943 0.0834950035287341 -0.140588167828581
0.14549041733731 0.0121446422559465 -0.0223711016836061 -0.139547721583719
0.0993649290330513 -0.0845630666699693 -0.07436001698696 -0.064750065248957
0.0237949177202858 -0.116947881945474 -0.0714392491475598 -0.0262767683857811
-0.0456524660964778 -0.0980925456074645 -0.0557185926335024 -0.0169951779980684
-0.0598255184261562 -0.0786279232155794 -0.0243856605878565 -0.016033799723565
-0.060067473686782 -0.0711603321877837 0.0021910506193249 -0.0414927473389108
-0.0285790241609302 -0.106924016663396 0.0495268120195081 -0.0545688236832275
0.0419243023721078 -0.116103435840933 0.100843981960706 -0.0386546398217798
0.10954095803716 -0.0879130654808157 0.120952110360698 0.0466074621798334
0.145378715628723 0.0496766549340404 0.05392354280054 0.0981214331741679
0.054744786204614 0.161414459639624 -0.0497621086699203 0.0602465310927579
-0.0430445002265844 0.176753865034928 -0.0132511904914545 -0.0500189584897768
-0.0917395011656938 0.0877815956636567 0.0877858559224885 -0.155935084769842
-0.0544382154613272 0.139767448614467 0.138665863036921 -0.111951456407343
0.03716940825953 0.122704132870863 0.109067501123522 -0.127628016027062
0.106357735248392 0.0256379712437242 0.0215827888191191 -0.131959259881992
0.0801640694709164 -0.0572877806016072 -0.0360797581086184 -0.0959697082026848
0.0239508080660586 -0.0876579040665452 -0.066205201250837 -0.0713397188080615
-0.0331303248946124 -0.0792321548060867 -0.0700218708822743 -0.0535186779165198
-0.0473968565699472 -0.0651637656693046 -0.0441334026761088 -0.0440792947474491
-0.047697763372091 -0.0598198335917685 -0.0170757584504778 -0.0689205997118236
-0.0205740378021171 -0.0867123235633095 0.0346157363385516 -0.0830975850235484
0.0371134011030646 -0.0931221333122343 0.0988917937745943 -0.0654569181755469
0.0944527596848166 -0.0620127659798649 0.126517135183774 0.0286917977106289
0.107931079222545 0.056175205958519 0.0616072197212457 0.0841218883453558
0.0198135154128408 0.127944332408853 -0.0419977117375585 0.0437100718546541
-0.0538807810024311 0.119245166425944 0.00887822803649133 -0.0897599400647881
-0.0601815948697157 0.0177863977031819 0.116244748164008 -0.190645623759472
-0.0537395192131488 0.0585361554292767 0.139792621869287 -0.123167173953521
0.000927440363687061 0.0684438466094123 0.117631250141002 -0.118202064474261
0.0509371642414149 0.0239113946703917 0.0427969887412709 -0.124673597797942
0.0438506160534832 -0.0249499184695187 -0.0169414365271034 -0.112582607745203
0.0174959620531415 -0.0437890449840334 -0.0644039571492214 -0.0988832465993238
-0.0147750563479281 -0.0467239609481522 -0.0779826426103813 -0.0764998203784042
-0.0265465966965656 -0.0422577723695291 -0.0561504056697309 -0.0632371703898993
-0.0276063950236339 -0.0411071703418734 -0.027978896081111 -0.0882896413879287
-0.00914973328596746 -0.0581787752268934 0.0273781249257486 -0.104381369685216
0.0293901520363624 -0.0609189780570772 0.102174617880838 -0.0828660216775236
0.0726927991734752 -0.0304342578593403 0.131262549460626 0.0202022300186319
0.06231849848922 0.0576202208604575 0.0635954707225058 0.078148053977865
-0.0163057016284784 0.0832108460891852 -0.0358530190643804 0.0337281083013378
-0.0588856097236131 0.0490033432030306 0.0314295305193985 -0.109477188178055
0.0395143025007218 0.0162604086000014 -0.0360336383019895 0.139969997175241
0.0237530007230795 -0.03658484679351 0.0727564944604222 -0.00535960778717366
-0.0177169272002176 -0.0328459626537272 -0.0483728939906583 -0.0974141409907259
-0.0310868872650271 0.00691901339972966 -0.148743901814413 -0.0325898947235439
-0.0076134082592548 0.0203270948411923 -0.127327305215265 0.0945274939820077
0.00227593061399521 0.0159162817010895 -0.0281222750634353 0.13909672629685
0.00716828814101526 0.0169255326854991 0.038216197210392 0.11335273904047
0.00445293698905699 0.00894409795858464 0.0673271206307047 0.0825204670517078
-0.0064455169331971 0.00980066799283425 0.0851996697050155 0.0779584869731273
-0.0145995796245905 -0.000889717799857759 0.0746838312253697 0.0972167372967349
-0.00613243657719777 -0.0100011670613884 0.029910597184791 0.120830093732816
0.00127881635206497 -0.0189786994427795 -0.0345765173768393 0.122535533711554
0.0326745784157947 -0.00967185140769337 -0.110170064347666 0.116002882681816
0.0474226998693408 0.0224699452703103 -0.151737204541607 0.117210310455495
0.019821571749079 0.0506281826375884 -0.128753576244786 0.191833880981262
0.019872988369885 0.0799515009051692 -0.0545268087902335 0.129446720971022
0.0476056579931752 0.0247811080721761 0.0723412591940934 -0.00262429462755237
0.0305264048635417 -0.0129327205620851 -0.0403617254109318 -0.107193055799653
0.00994543188259474 -0.0204499266994136 -0.153053397001887 -0.0492652098098693
0.00956738426911527 -0.0204431249880564 -0.13914324597298 0.0879482124912602
-0.00395655294314907 -0.0257896947818782 -0.0396866797559137 0.136972920972376
-0.0171612280760407 -0.0151916244166453 0.0280054892958411 0.112555968603773
-0.0196165320465429 -0.0199030164589274 0.0608661883064416 0.0809686054470714
-0.0267092114929606 -0.024460949726178 0.0814304883465403 0.0691436019923909
-0.0137285039095848 -0.0498345422125213 0.0827850133702874 0.0828326170922629
0.0277063962297055 -0.0505260527307355 0.0519581844618269 0.111554558405957
0.0565690624994411 -0.029109082158576 -0.00420907431372754 0.127959084630558
0.0771493421502173 0.0356544751411089 -0.0827554389736235 0.12743762277431
0.0469541023742632 0.102907745117695 -0.126869687408906 0.117188233864364
-0.00942609410145147 0.126232322131531 -0.109084491383064 0.169800243700204
-0.0133670078780939 0.133729838951408 -0.0575324468210969 0.0950830568349719
0.0543054872227518 0.0968353115607721 0.0785168229851103 -0.0120497362020052
0.076424358729639 0.026839652838836 -0.0220660120313447 -0.123050178929534
0.0618388501377413 -0.0372557278316332 -0.146801693093754 -0.0770895468092306
0.0347081250898351 -0.0605480787830182 -0.145429743079425 0.065965103671382
-0.00490672236557283 -0.0690638733913248 -0.0545589189949428 0.118643448498187
-0.0374131211833788 -0.0481013359241582 0.00972363037920658 0.0972807473334468
-0.0408669253116162 -0.0455573399910128 0.0452927780412962 0.0673613606269958
-0.0447358637138307 -0.0504479571129135 0.0683094682749416 0.0482600989284195
-0.0203095372298003 -0.0873476571860364 0.0859841552651169 0.0531228395908274
0.0438245924153939 -0.0893013099500428 0.0787008126670778 0.0830196901753479
0.0948548851393427 -0.0566866782613003 0.0399223104534527 0.121898166293961
0.124546729846609 0.0528359081894159 -0.0412337161378195 0.135824462651665
0.0632449193499626 0.157764624789381 -0.0981307670498219 0.112212913236351
-0.0225199464289255 0.182985547270281 -0.0824988028720776 0.125739369933126
-0.0525575394359917 0.167753566276034 -0.0424312635903683 0.0393982275609982
0.0402667091414913 0.164246310417993 0.0897458575913501 -0.0329942335670402
0.106692944618905 0.0798385564637958 0.00833163611061928 -0.13819343688027
0.114727745294566 -0.0356812075345209 -0.121607698295362 -0.108003934597469
0.0651155250361381 -0.0898745079596713 -0.138403989200283 0.0273296943254001
0.00193699138036633 -0.104918864006796 -0.067950001497116 0.0812633272997064
-0.0510584459227389 -0.0772733704106703 -0.0132785473444891 0.0676070759035744
-0.0563648557204762 -0.0659293012054805 0.0241919481978813 0.0446877829974517
-0.0575601553337119 -0.0658871992393367 0.0488309154859298 0.0206146905894628
-0.0283824770124585 -0.108662273568378 0.08033193264805 0.01611607818116
0.0471393955664838 -0.116025904225844 0.0958547170705078 0.0409500396378467
0.112344901836288 -0.0849399886239931 0.080696850078329 0.10066750397815
0.157380931636487 0.0513488481870693 0.00172252711225138 0.130558754196853
0.0782962274455114 0.181823491629504 -0.0748655169648392 0.0979602579543407
-0.0294836838984828 0.211756556383476 -0.0576503599917784 0.0673030836101343
-0.0909469059017453 0.168712726243428 -0.00764155041061569 -0.0300184489501845
0.00150168869144475 0.203356575481618 0.107028180136289 -0.0587751742996446
0.104514729864113 0.130536709274454 0.0505100195585057 -0.143571609240185
0.147092248799799 -0.0114550383268205 -0.0724573324489162 -0.13272274640621
0.0925361083165319 -0.0959309335293212 -0.111873854798892 -0.0238133114344204
0.0155676890688093 -0.121906710121848 -0.0746251257074219 0.0281768433661338
-0.0514466558794062 -0.0960559491385211 -0.0371975152873716 0.0263382954154163
-0.0617596507154993 -0.0783989533391841 -0.000807680699893391 0.0152849412963516
-0.0619293443632348 -0.072913716581967 0.0250470870459588 -0.0094900325790704
-0.030150307484871 -0.113992825804141 0.0663158385390933 -0.0205908208557437
0.0454328627748404 -0.124250025170095 0.101616828870533 -0.000635039460936642
0.114647267045162 -0.0954724131717651 0.106190430177217 0.0722801353633639
0.162286433795007 0.0476772438879614 0.0326317098498607 0.115160549382071
0.0751749559660881 0.179862284508339 -0.060558167822831 0.077851087089849
-0.0357493340668147 0.207316304766309 -0.0348535072093344 0.00564249878523068
-0.10442423074356 0.138934993952806 0.0416663072449104 -0.0976712936919576
-0.0348827049071349 0.191940814020222 0.125960915094049 -0.0869107603193106
0.0746331849399825 0.146725357721129 0.0857077239150495 -0.136690954864043
0.142311336823351 0.0136315466228842 -0.0190084023063041 -0.13801542729331
0.09757088691603 -0.082034179611209 -0.0709670892621426 -0.0665719346366999
0.0243877429102046 -0.114433674978177 -0.071240252663101 -0.0272887169700363
-0.0442688101784898 -0.0961417268887234 -0.0558800922061344 -0.0162763923485736
-0.0586443878136792 -0.0769219671150179 -0.0230301018262687 -0.0161156720653326
-0.0580705820355897 -0.0696129584563648 0.00289559843731287 -0.0407961915875894
-0.0279391726649061 -0.104630881570555 0.0497068376777361 -0.0540835567791721
0.0421196273805803 -0.114274798824324 0.0998481209872975 -0.0371303352469477
0.107222941636875 -0.0853210145575595 0.119179823738145 0.0468720487383977
0.141845019378581 0.0503096137778046 0.0501952995643065 0.0965833625571927
0.0521940412944937 0.159150247112381 -0.0500255756035818 0.0585711582068974
-0.0453452054129507 0.172177044560015 -0.0136024854175243 -0.0478364851994739
-0.0924046232516277 0.084552610049988 0.0890220053453742 -0.151658104027526
-0.0544167581963911 0.136406637389866 0.1392247898448 -0.107179805665186
0.035273070099296 0.12104969927129 0.110187008996774 -0.123192410365423
0.103760083227689 0.0261404977810808 0.0244594163827853 -0.129200667862751
0.0785836825924876 -0.0548266382133 -0.0330591038847343 -0.0963088242756426
0.0243966867145751 -0.085435044024753 -0.0656792838607695 -0.0715026117189664
-0.031882863172522 -0.0771651643836199 -0.069355751522245 -0.0526273092727502
-0.0462294659381865 -0.0639045669463 -0.0421014689332978 -0.0435482685378251
-0.0457080218921046 -0.058978226813254 -0.0160404473467012 -0.0666696459143445
-0.0198491810944385 -0.0850470162508053 0.0356010076939182 -0.0819763180537151
0.0370323666405563 -0.0909384545695881 0.0980063495270764 -0.0632681161175017
0.092210575478461 -0.0599197780418619 0.124840045732967 0.0293669308589187
0.105545715316113 0.0559835326474896 0.0579542682086049 0.0828638626430788
0.0178548487701484 0.126290601664362 -0.042549218853635 0.0422411093045802
-0.0550950802422213 0.1158105287152 0.00863047067937529 -0.0860720266029602
-0.0600099486447195 0.016837490478551 0.118132149672115 -0.185652168509677
-0.0536940406229691 0.056768876098426 0.139577360438047 -0.118283455121734
0.000782318750181381 0.0675670402635184 0.118458831031531 -0.113907065199789
0.0496778982692156 0.023520893351438 0.0449173684257011 -0.121413334250554
0.0425210181164502 -0.02371288422824 -0.0137898554862631 -0.111850733456587
0.0180150301447643 -0.0431508759240945 -0.0637046346220659 -0.0974617569372622
-0.0136975333968594 -0.0454234807445051 -0.077811818820818 -0.0743109842703642
-0.0261365105736456 -0.0412849698786052 -0.0543756509777268 -0.0624751233165704
-0.0267460563512899 -0.0403428890362801 -0.0265331763407642 -0.0864782130575733
-0.008740778049044 -0.0568172214630949 0.028612089738798 -0.102020817718525
0.0291293621451601 -0.0591224232155309 0.101221410880101 -0.0799282020731628
0.0710939412243405 -0.0290010676998179 0.128945261443598 0.0211002974231098
0.0600470108912723 0.0574162928218349 0.0604693612448 0.0774073129213458
-0.0175161645584332 0.081334471377497 -0.0358440890101065 0.0330761581010578
-0.0586923510843433 0.0472472610667458 0.0315098967966345 -0.105567269460371
0.0398195181899058 0.0170439060207117 -0.0381934223599052 0.140789308736722
0.0242312610643882 -0.0365731654148128 0.0744739841458542 -0.00479256650044207
-0.0172536122349924 -0.0331885282743858 -0.0463106848789433 -0.0989749041970542
-0.0315009504644481 0.00689912886044306 -0.149125548345701 -0.0355832571999528
-0.00818592384630994 0.0199572071271412 -0.130459491416097 0.0927632698611373
0.00188241315933351 0.0157368259127657 -0.0298050595585586 0.138417602540942
0.00725134826390383 0.0163378960260733 0.0378347577165056 0.113212898899527
0.00411246107891017 0.00881740218560105 0.0667393426684592 0.0832152998376207
-0.00585185271213253 0.00944216139340287 0.0847866908829974 0.078368932855753
-0.0146507328962937 -0.00100263568159945 0.0745128954921459 0.0985957469373684
-0.00618141977276074 -0.010323401623046 0.0284709351335207 0.123186577262075
0.00111049990483887 -0.0183031512516426 -0.0381368905416815 0.121898414204387
0.0333788444082741 -0.00973016103409407 -0.114799403966921 0.114413459279941
0.0469513624686021 0.0223713728814951 -0.154535151568901 0.113234066908842
0.0178454664688233 0.0516194580083744 -0.132057503093262 0.189282163656799
0.0184585757860928 0.0809213478304566 -0.0559605094962728 0.128773254628491
0.0470935709306327 0.0250598244991398 0.0749134715863162 -0.00224995754719211
0.030283405678615 -0.012821854972025 -0.0376398910669235 -0.108197656753623
0.0092701828782476 -0.0205013205777572 -0.15307594118128 -0.0531028123500255
0.00930321935261408 -0.0209071355698111 -0.141341603707972 0.0852899305131916
-0.00431354697262807 -0.0264388685899437 -0.0421041973020292 0.136055769260419
-0.0171110166145099 -0.0151739442616345 0.0263313009988181 0.112854896523382
-0.0195376923497153 -0.0206571112409476 0.0602280866746439 0.081660471962426
-0.0261634099747134 -0.0250803185590048 0.0816842755587072 0.0702280957850453
-0.0133155588777058 -0.0504094553894897 0.082720908344019 0.0838460139861347
0.0280573030062326 -0.0507197741108677 0.0511500812537219 0.113759115989834
0.0565685939406629 -0.0284042592697831 -0.0074352480165409 0.128078405039745
0.077140095431172 0.036461343824572 -0.0876017057213617 0.126305663596609
0.0450639822168746 0.103482366437654 -0.1296596234691 0.114550780220713
-0.0134620930809055 0.126109606492085 -0.112654193695493 0.167800186868942
-0.0160893949742702 0.134139110002928 -0.0592460745178954 0.0944577687901601
0.0534548264718448 0.0976729208115226 0.0813835904172937 -0.0111686977188224
0.0754219118698564 0.0279669703114262 -0.0184310053558565 -0.123707529332544
0.0616997813597689 -0.0359183539450659 -0.146014841817013 -0.0798787860565302
0.0353520608380802 -0.0608773826136554 -0.147541917801664 0.0624213690955709
-0.00437328795069127 -0.0693931155834896 -0.0570204723640501 0.117228304554364
-0.0373218941863488 -0.0484225889537103 0.00799087806849445 0.0974900256943021
-0.0406435880418008 -0.0468947663584968 0.0452479280841248 0.0680687154400061
-0.0445368453699238 -0.0507498373910257 0.0692668410855874 0.0497836352169522
-0.0193793736359651 -0.087837096708906 0.0868913637587183 0.0539403152141841
0.04481801934562 -0.0898929520737852 0.0781048939889372 0.0847399660911662
0.095270648369827 -0.0554396404872239 0.0382877284753756 0.122062229906888
0.124669940697519 0.0548067665268258 -0.0452355589519182 0.135783800523376
0.0611867265089122 0.159717746592716 -0.101432119829098 0.110483270025032
-0.0275523766929867 0.183292015503253 -0.0848273350538534 0.125157185607275
-0.0567656369153155 0.167384162043151 -0.0429404230882443 0.0388457938716479
0.0379329508035154 0.164977057032188 0.0928356906537824 -0.0316686988863543
0.105744861071574 0.0819517185240847 0.0126475427865194 -0.138685510761103
0.114663840074544 -0.0338202234242221 -0.119334587358587 -0.111144578790669
0.0665027077810909 -0.089320336342537 -0.139384364704487 0.0237077440563827
0.00253248485725532 -0.105191734981791 -0.0699024483915669 0.0803022063724212
-0.0499091506561328 -0.0777717158228307 -0.0148016084556418 0.0680967203745036
-0.0560153013287177 -0.0663711040703159 0.024139753840573 0.0444850321462583
-0.0571590050791665 -0.0665221600914505 0.0491923219830847 0.0215852350402341
-0.027118127940514 -0.109109244180108 0.0815339164832012 0.0160222117074159
0.047804446335842 -0.116674497059504 0.0963971953401556 0.0430541763485109
0.112602010170275 -0.0836162270170228 0.0794628614072464 0.101920572014287
0.157385590281839 0.0535241222081675 -0.00232991661709633 0.130998398815492
0.0761865816500901 0.183847034956 -0.0780595889659754 0.0961344546014847
-0.034565208527271 0.210903537273356 -0.0593405334788162 0.0671196973790973
-0.0948686652766 0.168279769670578 -0.00625689367169562 -0.030910582193906
-0.00123038303749005 0.202866345493056 0.110697406120525 -0.0573987578471118
0.102191760620618 0.132799770725186 0.0546468900673966 -0.142645277508085
0.147457350905647 -0.00890820102126453 -0.0701051743739152 -0.134802421295132
0.0939858438451479 -0.0952137062126102 -0.11134603287269 -0.0270675180150742
0.0176240309390479 -0.122122698403668 -0.0761229501604834 0.0261057528425016
-0.0506659359523752 -0.0962273716666456 -0.0382663904415036 0.0273029879021147
-0.0612028065084522 -0.0784309099649697 -0.000329139919113574 0.0149361231869284
-0.0611645003616668 -0.0737237052253799 0.026337061739328 -0.00911341595463483
-0.0291273454626215 -0.114361211351017 0.0676726798033845 -0.0206677837449579
0.0462941248527577 -0.124660996110662 0.102444648531878 0.00105127530881673
0.115089125547982 -0.0936855744948415 0.1059586642964 0.0734865609409064
0.161763358357367 0.0507080933554132 0.0285940243742604 0.116549396955273
0.0724446710121469 0.182718317236481 -0.0625403940796603 0.0772006628515676
-0.0409728062014271 0.206099393305117 -0.0353509056214796 0.00613571166745615
-0.108892054519741 0.137680285478092 0.0442935456126573 -0.0975139176095112
-0.0376049427140664 0.191615494919788 0.12948720049238 -0.0850193930456783
0.0725765496917614 0.148809039342622 0.0902733341960457 -0.134720566147426
0.142730478400274 0.0159542581798841 -0.0154131575844874 -0.139136013698987
0.0989218854174492 -0.080887802339622 -0.0689749096753322 -0.0695344271697874
0.0255255635089237 -0.114865799108243 -0.0723934061623868 -0.0281184330939008
-0.0431765800175683 -0.0961417646832452 -0.05679288925862 -0.0159867743532904
-0.0580743114264789 -0.0774770779428518 -0.0227581372523466 -0.0164416194214032
-0.0572895104628518 -0.0706389615790392 0.00355166850865667 -0.0400845778430295
-0.0261577921092222 -0.104639062577052 0.0518554453744871 -0.0541768771325667
0.0422971502304752 -0.114570912759302 0.101806527843819 -0.035362940503682
0.107109373869386 -0.0833450361496206 0.119130306744739 0.0482704357502543
0.141435106052929 0.0519897129240463 0.0477438096688921 0.0977108617137541
0.0499593989933826 0.160562082254046 -0.0520559551682877 0.0576250087286158
-0.0496325099059136 0.171346258828242 -0.0131212908002205 -0.0467556828447521
-0.094708774481946 0.0835978099827482 0.0930509505298875 -0.150460783701499
-0.0565182160393209 0.135763527627366 0.14274575368129 -0.104624502980627
0.0333576459750187 0.121541831252183 0.11447090657828 -0.120756162727766
0.103988330954122 0.0278968879710468 0.0286622318062219 -0.129210895929902
0.0798380539985396 -0.0544574415955057 -0.030451464774992 -0.0986180255975835
0.0259139056086751 -0.0855872034608299 -0.0664028629053456 -0.0729960917010006
-0.0309259131147589 -0.0772999262944822 -0.0704257697207182 -0.0519112909144906
-0.0455737050746819 -0.0643122653887145 -0.0419712082991294 -0.044180222310064
-0.0454271239565541 -0.0591070604802665 -0.0146409242434542 -0.0670737469512509
-0.0186098801100882 -0.0851210818472762 0.0376628014782697 -0.0819022654939087
0.0374480419776462 -0.0906350906333696 0.099738399143477 -0.0614867525838091
0.0922404240948147 -0.0583863958686547 0.125294676970614 0.0307542111184316
0.10500263097846 0.0577532076706791 0.0555886215729228 0.0844702917581078
0.0153393693811238 0.127313690142072 -0.0441247565124889 0.0417771937723443
-0.0577029823638306 0.11439217933111 0.00929280678450743 -0.0849310029776963
-0.0608972405890142 0.0152993123251974 0.122810727986744 -0.183832236408735
-0.0545397382278721 0.0560581919113211 0.142966576650329 -0.115199149760418
-0.000138224670175378 0.0669979752290171 0.122379408968732 -0.111818494692569
0.049495749368484 0.0242381562328953 0.0497468898551478 -0.120754500804402
0.0432744454127998 -0.0234673218477019 -0.0110777304521934 -0.113941694541209
0.0185408602766867 -0.0432804150886027 -0.0645344937105027 -0.0983787664731108
-0.0132276606711743 -0.0461976641956472 -0.0783999449869352 -0.0746229120042239
-0.0259682035149568 -0.0416618982707315 -0.0540604229960434 -0.0638455866308194
-0.0259295029698997 -0.0408551669943437 -0.0249791199037381 -0.0869668576894147
-0.00835482792220908 -0.0578702395932626 0.0305459708660987 -0.102031098128744
0.0298396893371225 -0.0588525912097802 0.10198896183688 -0.0787237641018296
0.0706622277441267 -0.027795934209007 0.129516763851331 0.0228002311191959
0.0591155620917666 0.0583233179929318 0.0585624497559366 0.0784399524105022
-0.0192603329090035 0.081054780763952 -0.0375097418278906 0.0330361308530881
-0.0599615039054113 0.0459390585492716 0.0317840526175047 -0.104051504208695
0.0440208113919583 -0.00758835897915618 0.055241481681332 0.134765812069383
-0.00161735467773939 -0.0434052146760176 0.0590049536932547 -0.0527253880439942
-0.0341934191322094 -0.0176565261444774 -0.0989031010798213 -0.0556070157036271
-0.0221295253868286 0.02451609472374 -0.145263878809311 0.062607112398717
0.00557462884889121 0.0217293842606438 -0.0508895365164979 0.155923549806811
0.0110779293482363 0.0113444189338925 0.0599628694514596 0.131780466570009
0.0163161217523207 0.00828858491662786 0.100579630290283 0.069008175487328
0.00896800459526211 0.00483332029688737 0.104703744050078 0.026663676877945
0.00173957653029914 0.010613952112775 0.117842378669312 0.0106798510389145
-0.0123576483590772 0.0078815710666715 0.122680924974844 0.0355346359063324
-0.0104341944076672 -0.00433779492021545 0.0993252875834427 0.0837294718473441
-0.00897806784561466 -0.0154156830022514 0.0417501703205009 0.124857304444375
0.0226618821798665 -0.0273947911574992 -0.0245083275186614 0.166096791692477
0.0525903654929224 -0.00811449559624516 -0.0567635974608332 0.191983821235154
0.0464225704381384 0.0361742643182003 0.00580208623544047 0.239201311053714
0.0611462926764206 0.0584877103229248 0.0381787505129057 0.13723090087779
0.0524225237084379 -0.00688440000153487 0.0629769581351428 -0.0495403853683737
0.0163711546648084 -0.0275555494227149 -0.094058966311446 -0.0699443178743908
-0.0049749554098699 -0.0202734056061497 -0.158945852086345 0.0479073969123378
-0.00416015881446835 -0.0217917074852136 -0.0653741146698049 0.155020423032935
-0.018696421753074 -0.0184338503085754 0.0478767858442984 0.13576502585718
-0.0223205236622197 -0.00261892978175046 0.0911693177921534 0.0755486814032981
-0.0285616163630174 -0.00470551993499731 0.0991562934240075 0.0289696672657819
-0.0363339961741531 -0.00487802608555243 0.110463438222079 0.00555412137584481
-0.0416888086875443 -0.033458163298464 0.120519713739643 0.0181394808119517
-0.00754894485666322 -0.0594645911707815 0.111539589761149 0.0618837496699298
0.0311622659918394 -0.0574156947276148 0.0707567539397979 0.110465830776581
0.0898265336787981 -0.0151799474231517 0.00446789246653618 0.158553666667653
0.102931879525976 0.0603965703075159 -0.0380204806607009 0.177663960739451
0.06642219726846 0.119564483873098 0.00671225029017185 0.206550621331447
0.0619143235206608 0.123329953374007 0.0187212891387948 0.11251065910064
0.0980487297215934 0.0484628099596048 0.0654783782029821 -0.0587962921076539
0.0771984135562831 -0.0201690414857852 -0.0847349277956612 -0.0953346401278101
0.0284739099382597 -0.0625942457373361 -0.169587182082215 0.0187046031649289
-0.00625679347058413 -0.0690314548151979 -0.0838712836706319 0.138517907680831
-0.0445517427427069 -0.0537824394383059 0.0235301600379721 0.128604752905475
-0.0584756384086538 -0.017012567437909 0.0660332626367519 0.0749350797831882
-0.0620463521265177 -0.0133020579739982 0.0786933815844027 0.0269407846920219
-0.0671055803270842 -0.0150433895697412 0.0887075943358901 -0.00363589296191676
-0.0703580360229396 -0.0606514992678249 0.105236759805653 -0.00998892526676081
-0.0178897829451214 -0.10285438205746 0.115947163803482 0.0217566696155143
0.0474033064937319 -0.104206046526186 0.105032638555176 0.0786258238321005
0.142568847656358 -0.0299469685435436 0.0439482171852084 0.140230522437847
0.152049497797987 0.0977906148216206 -0.0193553605213949 0.157030574481438
0.0903131563068347 0.175867875786779 0.00121023834765661 0.152338922683942
0.0456539028376181 0.174158674477166 0.000518546804377267 0.0592697772726423
0.123599690046489 0.111101296072925 0.0644266704075585 -0.0794690295330878
0.13313102323869 0.00686756730058306 -0.064606166093994 -0.125799996613619
0.0727859991034015 -0.0905916479577232 -0.164749494244843 -0.0257465426605811
0.00254194669854789 -0.110955132488069 -0.101591836925025 0.0995999694682149
-0.0595688356408727 -0.0869177627749528 -0.0103861214196352 0.105189774065128
-0.0859059366532055 -0.0326128986532162 0.0284037570922412 0.0654249395749711
-0.0862107607236725 -0.0201969791535088 0.0475418787125928 0.0211227103199995
-0.0876137022909478 -0.0198654155258117 0.0557767850166305 -0.0139550878104432
-0.089825384021854 -0.0736736136077159 0.0780494165986291 -0.0380013243737023
-0.032876325749824 -0.127614021648308 0.105127070307078 -0.0234301790598047
0.0448361560182451 -0.138777316391315 0.127103033086206 0.035364514659856
0.17028407686235 -0.0526562324916874 0.0760260869137551 0.110158068846278
0.181255506146097 0.108587485988646 -0.00933427436137429 0.131683691832824
0.101872826588234 0.202696155525394 -0.0149828596961945 0.0869007986488545
0.0133575302685192 0.195712122626814 -0.0105430241855654 -0.0168926594670767
0.113750030008782 0.163920259706977 0.0633190164064677 -0.108112273926012
0.160315472903032 0.0504030637213913 -0.0303980754917192 -0.152435265101074
0.113596949318294 -0.0898203504170269 -0.135482875930437 -0.0765053626936375
0.0214922291662432 -0.131256615668358 -0.108188126439911 0.0403556572304211
-0.0581039721752734 -0.109046278490869 -0.0479434258906316 0.0646345348976049
-0.0979374249418688 -0.0471456789322384 -0.0169750043861511 0.0463830845881888
-0.09803484337932 -0.0262269609455753 0.00973846741274866 0.0116847490587973
-0.0955513157811808 -0.0232217986688799 0.017347827358705 -0.0246574026437006
-0.0944203968194256 -0.0765430246786983 0.0439307249575584 -0.0597298381417153
-0.0393616158817628 -0.133237180795348 0.0837598156058218 -0.0613412116546617
0.0403156185118067 -0.149177663780211 0.132417258992827 -0.00402482721440128
0.172301883309164 -0.0589280442189583 0.0924112507106415 0.0780479004420729
0.176323912970412 0.108488857198564 -0.0091505148548585 0.106093755558168
0.0938350170285335 0.201531188017625 -0.0329387310989192 0.0213589772381542
-0.0152659315959912 0.177313938770381 -0.011502914377156 -0.100655267235789
0.0770873246970962 0.175349785646156 0.0603002975723854 -0.141030931125989
0.144926347204477 0.0795537439662972 0.00440203901491592 -0.165635591364635
0.124010759012363 -0.0664345485898072 -0.0916224461632885 -0.11197947460279
0.0334159969413632 -0.122682671096568 -0.0991334474738576 -0.0192496373829099
-0.0468717413109789 -0.108538001896227 -0.0780796813052247 0.0176470441326868
-0.0917510963461202 -0.0508638385865093 -0.0585096167600436 0.0226090043774874
-0.0945824602845888 -0.02742849521164 -0.0282866785680211 0.000393679499254146
-0.0901447994416618 -0.0230786645286998 -0.0194566539586881 -0.0359488648661855
-0.0863364776424759 -0.070554320069295 0.0097582747877869 -0.0773523726170079
-0.0356971271582036 -0.122462507452087 0.0608106187247182 -0.0899611669163525
0.0392846646512709 -0.135560715650338 0.127173603826029 -0.0329701119622425
0.155739863746124 -0.0451752069927765 0.0968274866930047 0.0515922569523638
0.143581056637657 0.10516705111836 -0.0117831955241711 0.0827357129263152
0.0649860078524457 0.176129606359489 -0.0462503657761497 -0.0356332662003212
-0.0339638056113826 0.12339736660276 -0.00695984232813445 -0.173852648339793
0.0302555680431491 0.140879414184867 0.0574076636984268 -0.165296690186429
0.0976177722032303 0.079450306824327 0.0302305506460954 -0.166707315850652
0.0991393644173463 -0.0360829376473012 -0.0492647210056525 -0.12863612237438
0.0326672794113212 -0.0897787678061968 -0.0845175529933583 -0.0657850760997897
-0.0293808048014447 -0.0844658014321195 -0.0996172019749351 -0.0207739238113453
-0.070580826062196 -0.0432036231026792 -0.0917143681117644 0.00202643645325741
-0.0766913514427998 -0.0243836469190513 -0.0605958690186466 -0.0105482461507893
-0.073213214569558 -0.0215789034313048 -0.0511310342079646 -0.0463664608742893
-0.0680416392482135 -0.0592543128451988 -0.0184686149925925 -0.0909395874238638
-0.0250529627209212 -0.0994585217595564 0.0429337910482576 -0.110698221710163
0.0430105131255577 -0.105139110924365 0.120962578291922 -0.0519838126184054
0.127476749457414 -0.0176181349608676 0.0951350885096321 0.0349320605792414
0.0931261616805345 0.0979323766487553 -0.0141103092972836 0.0642925634039907
0.0222502127487167 0.13317440515845 -0.0487685702981545 -0.0802326193186026
-0.0432328254465481 0.0466088313140246 -0.00748317391330483 -0.220356909373521
-0.0127904522921156 0.0749833056348822 0.0491539440018454 -0.176633418510103
0.0387840834480713 0.05410158445348 0.0384983453311583 -0.164007920998958
0.0532729076396421 -0.00936160787234743 -0.0278163058436976 -0.132462420984001
0.0210751247553634 -0.044106379618897 -0.0776735554405512 -0.0883898852443381
-0.00999580719962264 -0.0459768418187288 -0.112576941867458 -0.0425141683248737
-0.0380001813237557 -0.0282739918521183 -0.11101257536987 -0.0117900078099843
-0.0463120933509227 -0.0177679660049027 -0.0820310258282217 -0.0185107595305083
-0.0468244890663873 -0.0180316795143253 -0.0727111606786539 -0.0555910158543399
-0.0425245578417758 -0.0427039970637728 -0.0362089829714668 -0.102659182473141
-0.0114669289430566 -0.0681195374731207 0.03554011728443 -0.126651840968829
0.0432419882206913 -0.0670598998228615 0.119747090239691 -0.060809796762425
0.0893988088665372 0.0125594415998551 0.0946560132855834 0.0283570141281191
0.0349961290818834 0.082107480349247 -0.0125385945352599 0.0511027272758673
-0.021751680570205 0.0757427452937222 -0.0396301823720627 -0.108795572197088
0.0457000729158078 -0.0090278089801464 0.0613809318211715 0.137771511102222
-0.0028449061194929 -0.044619168481269 0.0605686941095475 -0.0578692395990537
-0.0365192228860139 -0.0175739212047823 -0.102671088305636 -0.0556316255112036
-0.0225177909910846 0.0262800238004066 -0.148408923147175 0.0681970370495052
0.0058520773815131 0.0231972214850568 -0.0491686262512704 0.163826551177679
0.0113858846957717 0.012093827420868 0.0644726386147534 0.133592823421112
0.0163868841162892 0.00730805781958621 0.104413009321567 0.0673509250984845
0.00859432756859781 0.00451224009616342 0.108768038195572 0.0243657388155225
0.00193259790146168 0.0109912732487433 0.121618342496066 0.00603503817328804
-0.0120940680406607 0.00815337332024956 0.127663983932056 0.0325001600781226
-0.0113825394751364 -0.00446406783806496 0.105452965173251 0.0842533356645171
-0.00959019382239848 -0.0157100109501712 0.0437750179721761 0.128689522506401
0.0225506345291676 -0.0295453466069487 -0.0233722258631415 0.173218709575004
0.0532270294816854 -0.00937029522247014 -0.0555353010967925 0.198563519761916
0.0481817282527154 0.0374645603013694 0.00977958399390467 0.246243182298601
0.0651267286571328 0.0593700861937387 0.0432500567658591 0.140453029746281
0.0533288213973897 -0.00856908412446126 0.0648496074833275 -0.0548824612689173
0.0168214763166651 -0.0287505536560994 -0.0982769339838931 -0.0711688339005458
-0.00552472340051322 -0.0200035593689611 -0.163084097503462 0.0531043662330193
-0.00529956220731049 -0.0219748424945855 -0.0636271843127992 0.162579372458178
-0.0201384356120439 -0.0180421670811131 0.05214851965995 0.138662750692241
-0.022504190072369 -0.00212941822374415 0.0961116623099226 0.0746284984014989
-0.0301425022306006 -0.00372292140072375 0.103470234579528 0.0266709068981141
-0.0371367099786348 -0.00363806520959076 0.113945020451294 0.00104273888323043
-0.0440160052733845 -0.0332110501479133 0.125829815942841 0.0144588004150838
-0.00982031612539489 -0.0615045845581144 0.117903459010426 0.0615919056831682
0.0304508769165923 -0.0597310513269668 0.0743100447190053 0.11316036374307
0.0922294434414456 -0.0183602826158696 0.00644214958924211 0.16509777599629
0.107291066644026 0.0603178972905191 -0.0368156721405908 0.183145924916934
0.0703026431887865 0.12329433941323 0.011169716189331 0.211732913200532
0.0660622967967083 0.127050456523193 0.0215692113101313 0.115553247393867
0.101959858619394 0.0472246200569554 0.067037324315969 -0.0638771962270587
0.0790641449815916 -0.022363336140223 -0.0881322745865515 -0.0975974467500252
0.0276854964835961 -0.0648949026575413 -0.174698997349488 0.0226135008488308
-0.00800641426776651 -0.0709895342022379 -0.0839502223250962 0.144820006939001
-0.0475569608802899 -0.053603966465788 0.0264756809908452 0.132392537044346
-0.0603771490732783 -0.0156539781107796 0.0699662385851745 0.0756473785526351
-0.0643811607499147 -0.0117234284821833 0.081883816243001 0.0248294076207942
-0.0691122904487027 -0.0129344650675599 0.0913103118371666 -0.00795678624828847
-0.0747177928377845 -0.0606785806115189 0.109313348407189 -0.0141885956418394
-0.0224531704790337 -0.105820375022163 0.121856044372355 0.0196856749124959
0.045733724091867 -0.108429049539705 0.109674411205917 0.0787168756910056
0.146771194705309 -0.0347920513225379 0.0470113376245174 0.145211887354147
0.159476288524083 0.09741487340196 -0.0174703439491324 0.162268938314272
0.0952173928813068 0.181266843441711 0.00406839524975939 0.156563633028639
0.0504964346903837 0.179562944982096 0.00191132026495759 0.0611504285848285
0.130115475270249 0.111498165512729 0.0652883020082846 -0.0849187311218454
0.137936668801661 0.00484819960112333 -0.0674485405189177 -0.129284655348486
0.0729192166287701 -0.0948025944096159 -0.170539780622155 -0.0233859853001878
-0.000658938468492464 -0.114282267101086 -0.102914848575497 0.104934529212296
-0.0646775408795445 -0.0879501583697134 -0.0085460580471474 0.109445973796123
-0.0890565772886998 -0.0310104646475377 0.0311358315825212 0.0675526827339908
-0.0898055655306129 -0.0179571275499433 0.0493518229905214 0.0204304739924445
-0.0902617990544667 -0.0173129868910102 0.0577058152205555 -0.01753672548745
-0.0953953831635116 -0.0727942559931999 0.0792494340980532 -0.0425600996037387
-0.0387050700939628 -0.130928628939563 0.108974383308029 -0.0269407117009448
0.0424188353164356 -0.14344761917984 0.131647181000777 0.0332377661737239
0.174093544035554 -0.0583764567712789 0.0800664592229099 0.113469394591272
0.189671193663304 0.107993453182579 -0.00760666638436502 0.135814033584017
0.10770121504499 0.208760227848837 -0.0134980536916576 0.0902782452220959
0.0172579961211959 0.203324426671876 -0.0115614815732349 -0.0181728920136582
0.121023717454846 0.166708012891057 0.0635323674985602 -0.11441160656376
0.166977170095414 0.0489437056902125 -0.0321190177996912 -0.157657167629571
0.114567554181439 -0.0953084733070885 -0.141886307002237 -0.0771314320611869
0.0184517968156333 -0.136242904315237 -0.111734269733586 0.0433052350752353
-0.0633961496584464 -0.111044017017111 -0.0484925292404741 0.0682923544195397
-0.101588929609999 -0.0449571261560567 -0.0159100596308967 0.0497079600822549
-0.101906672703121 -0.023875565958824 0.00985815621515138 0.0120590546009519
-0.0982103578737469 -0.0208147722697992 0.0186781645912285 -0.0268687585813909
-0.0998610116504426 -0.0754703250105794 0.0435951309905916 -0.0641218603744251
-0.0455703618516156 -0.136185900500149 0.0862347961304459 -0.0655602431022227
0.0372452957843558 -0.153505980101266 0.135948571625138 -0.00792186798918537
0.176481287965907 -0.065453989993422 0.0961657053151201 0.0795495419002283
0.185476400755284 0.108189614520527 -0.00834932147835598 0.110328860838958
0.0990653597632985 0.206616068737007 -0.0332064842383406 0.0240527225191759
-0.0129337246802628 0.184703333769093 -0.013545027559478 -0.104325625331866
0.0838768240348498 0.179493442138837 0.0602305022031036 -0.14768981358616
0.151472932196462 0.0794520604526195 0.00275452964860915 -0.171840270101803
0.12587494031311 -0.0718321126731648 -0.0959235014418608 -0.114165971107073
0.0306328540174641 -0.128103552513128 -0.103045591587454 -0.0197217117459309
-0.0518269248979197 -0.110575342212702 -0.081308230300211 0.0208672526398251
-0.0956189699591243 -0.0491435695106218 -0.0597342075184323 0.0269195130636408
-0.0979022202032989 -0.0254079558921627 -0.0293401771845753 0.00112967917638321
-0.0925830180649337 -0.0208783770117223 -0.0205173355415767 -0.0376002980174144
-0.091086828140688 -0.0700559143779004 0.00795570012261484 -0.0810164769205925
-0.0408006159179537 -0.124402926806065 0.0610888175909433 -0.0943816572228681
0.0368396125801728 -0.139330085090966 0.130202008391758 -0.0381528782407242
0.159635384733861 -0.0504879334043249 0.0999361298561839 0.0519498204489091
0.150754213292653 0.105049905066131 -0.0109184840335713 0.0860599957316444
0.0692494664619112 0.181157413971485 -0.0476060456701398 -0.0347424785106124
-0.032914745781872 0.128714078398377 -0.011072070189177 -0.180074309447866
0.0339508276631148 0.144642518777862 0.0567740022633413 -0.171642912160307
0.10225993575303 0.0800411814343805 0.0295158596960907 -0.173607285990603
0.10119426544309 -0.0403643063677091 -0.0525490978480055 -0.132648440340713
0.0310061651333028 -0.0936459729602555 -0.0892519408829839 -0.0675041968860062
-0.0332395493704936 -0.0867963243253542 -0.104195823136366 -0.0183047870390213
-0.0739674887048224 -0.0419457595068053 -0.0936768945896466 0.00651030445650665
-0.0792018898878803 -0.0220371630318863 -0.0622873560191295 -0.00897767973124062
-0.0757030274421102 -0.0199175797236638 -0.0536810223078265 -0.0467202701874964
-0.0720543046888057 -0.0590435303659778 -0.0208853749178077 -0.0939814140580655
-0.0288994825003612 -0.101486015150715 0.0428292790240937 -0.115082751728079
0.0412258989630023 -0.109171058270603 0.124195370099814 -0.0566963090113138
0.130806089768965 -0.0205141982194234 0.0981540149395442 0.0343107744106347
0.0981656404908095 0.0988749138605114 -0.0131693900929568 0.0675290122137157
0.0250475221575469 0.136969756278672 -0.0518562481759933 -0.0804168494494633
-0.0440117201117924 0.0494138502178041 -0.011792402600529 -0.227812212245184
-0.0118909959045685 0.0776776386785462 0.0475276340723965 -0.182174209466942
0.0412291290625825 0.0543439068347679 0.0381467266477662 -0.170522666728511
0.0547057538136609 -0.0111107157430227 -0.0304645212624802 -0.137292130940818
0.0203246100872291 -0.0462445341839523 -0.0820277603000851 -0.0914811843159952
-0.0118521298462243 -0.047751113859098 -0.118165759305338 -0.0395089550602919
-0.0395963116999597 -0.0279527256539812 -0.115001016199496 -0.00665626332036376
-0.0482685755342239 -0.0168307662923734 -0.0851458391246772 -0.0167695123750037
-0.049028344427565 -0.0175790562008031 -0.0756826225548211 -0.0558956298679753
-0.0446599749113988 -0.0429111961430873 -0.0397669323752776 -0.105359568987895
-0.0132839342989025 -0.0701668397701206 0.0338850058641939 -0.131575167721116
0.0427165331513265 -0.0700176754474186 0.122634446096486 -0.0660406937053478
0.0925146767923826 0.0104951236059132 0.0971799301580565 0.0278353429057475
0.0376508762912982 0.0844777286865689 -0.0117184773353063 0.0538787285375
-0.0221045441126417 0.078575009291217 -0.0430843124697827 -0.109925397748923
0.0465973078538197 -0.0114438120685388 0.0695600555321478 0.136492593903165
-0.00510927896605401 -0.0454024361365314 0.0593159016501702 -0.0640457837055682
-0.0376600657267667 -0.0157621211214905 -0.10694790914021 -0.053507179633229
-0.0212590979066529 0.027866346918071 -0.148207609735045 0.0762304019247488
0.0071808613899746 0.0228897225867991 -0.0419832116690036 0.169852431272405
0.0124572357140388 0.0115998725027777 0.0714547638919741 0.132793868407778
0.0170281791498399 0.0061129262092745 0.108671052657021 0.0616553241942157
0.00860892868447194 0.00431719669186722 0.11123905445367 0.0180594298211375
0.00217406319165118 0.0110271795432187 0.123956553164495 -0.00138458881502485
-0.0115970505304846 0.00943736838839577 0.132943968487471 0.0263094054217506
-0.0117026605172421 -0.00417529379369523 0.111868040291482 0.0811730247169018
-0.0106668717324857 -0.0154394955356244 0.0488651487914355 0.130354557054901
0.0218052768329517 -0.0318326649846819 -0.0170768204647431 0.179068258841378
0.0529170579508395 -0.012211895904578 -0.0487176823668319 0.203316198293641
0.0513861954634248 0.0377074693865951 0.0192844003093318 0.248853981853748
0.0686376297006842 0.0572992725836704 0.0506243033157956 0.140720424398614
0.0537479652770265 -0.0115483748470059 0.0641780239884468 -0.0606993228564786
0.0153385505840765 -0.0293546815623419 -0.102377411315688 -0.069360438806845
-0.006574716764943 -0.0194913723234755 -0.163190259092999 0.0616795125574464
-0.00665998266757971 -0.0217364067281804 -0.0572921780426417 0.169185547719051
-0.021178712975067 -0.0170946935312207 0.0596014505876556 0.138400038469645
-0.0229792940524276 -0.00105052634904002 0.100448940477755 0.0704891752164022
-0.0310784207684855 -0.00200399618837514 0.10553261942217 0.0203414419474787
-0.0380848021963654 -0.00160122510645239 0.116287369376183 -0.00625278155094491
-0.0468139286773614 -0.0310754830325476 0.129253203932962 0.00714144006569067
-0.0135510931912217 -0.0620782424512566 0.124215219265504 0.0570132479155988
0.0282000478956771 -0.0615921039767827 0.0792578933732965 0.11217564926744
0.0924514341696438 -0.0236336158966816 0.0126858600203334 0.169784040369061
0.110798343186622 0.056248104782114 -0.0299901360609483 0.187054472744323
0.0761679469015662 0.124019018606045 0.0196230334133858 0.214351189243335
0.0730625042983941 0.127000317965839 0.0278032482063102 0.116068485994477
0.105999074275406 0.0428749723067502 0.0659238373173707 -0.0700937901602166
0.079916178286027 -0.0258768751987706 -0.0927763823996903 -0.0972769444201833
0.0253517249778854 -0.0665605989161147 -0.176273306111231 0.0305832637564611
-0.0124695456194172 -0.0714976254591661 -0.0791588730923403 0.151892559326969
-0.0512818267163232 -0.0518239728277817 0.0330407543705361 0.133561084991246
-0.0615981008156438 -0.012546356705796 0.0749254388619981 0.0729764456949249
-0.0658436715588659 -0.00813964916808483 0.0842731648511431 0.0207502591260771
-0.0709861053891597 -0.00944876857083243 0.0925827034087478 -0.0143517796314444
-0.0789922460177563 -0.0570455173688383 0.11008356634094 -0.0208625097729139
-0.0287508863254434 -0.106360985197788 0.126221533994927 0.0136203224881042
0.0407646476757439 -0.111587053800392 0.114080143588687 0.0747457062312149
0.146970331113789 -0.0425967913765499 0.0533620455330912 0.147766600437233
0.166029337678037 0.0915305626585916 -0.0116105663885958 0.165519815928834
0.10393096690807 0.181979701913054 0.0114103784578049 0.158824550075945
0.0593379260450418 0.181644158002595 0.00478904937626858 0.061642705710044
0.137896932953401 0.107377574343438 0.0636712755389906 -0.0913720553729236
0.140716778671161 -0.00129859332309416 -0.0724212713294591 -0.130364573602515
0.0692618120968451 -0.0994946011706794 -0.174391630603636 -0.0161945866420405
-0.00689735480535578 -0.115870539428325 -0.100291250702906 0.111358412415494
-0.0704140043137591 -0.0854520642735829 -0.0042896095938053 0.111769953425433
-0.0914328612812356 -0.0261250423344612 0.0352803265216551 0.0680636514958311
-0.0921403419431742 -0.0130896663064834 0.0505552591622291 0.0172308396404529
-0.0922189443382419 -0.0129493597725169 0.0585892175132141 -0.0224039754490073
-0.101044637681642 -0.0694139284801038 0.07815333741428 -0.0482371850910489
-0.0467590948964402 -0.130728804327042 0.111250391710802 -0.0328680162149972
0.0353457507096032 -0.146893886901635 0.134935745928542 0.0271310287319079
0.174215108874492 -0.0685024924809905 0.085452670877133 0.112897217822609
0.198239655537714 0.100359666441221 -0.00301162942131288 0.138657868247792
0.116729918965421 0.208884454597744 -0.00945393458770262 0.0925226838172216
0.0269860442742998 0.207286816068779 -0.0124644846529787 -0.0186192685098161
0.131086587403391 0.163531768449909 0.0603412000664142 -0.120097012236492
0.172028825994727 0.0420134807260496 -0.0375195418961226 -0.160098432422324
0.112005524112667 -0.101740900283048 -0.147095155301146 -0.072091527386263
0.011419060798106 -0.139380783719567 -0.11213651553422 0.0477491802995758
-0.0710224797666527 -0.109837389479922 -0.0471145284722507 0.07299627433423
-0.104037270082977 -0.0399746214984013 -0.0130584639238734 0.0527682509666759
-0.103888104920815 -0.0183502596584719 0.0105293946943412 0.0112743456126557
-0.0999828799358491 -0.015695671725641 0.0184796419780793 -0.0294225841902968
-0.105436366837236 -0.0715589993743748 0.040798734372012 -0.0685395971103537
-0.0529854683400823 -0.135750859972999 0.0860217566274513 -0.0713322266693082
0.0293397511408784 -0.156182379667087 0.137863656547373 -0.0152488262890181
0.175763754934037 -0.0752498698618785 0.100337186254171 0.0780474577703353
0.193659895446503 0.101067913882571 -0.00441664593820455 0.111961538586278
0.108190521501758 0.207285416311901 -0.0321351400055565 0.0257361610291369
-0.00503302079844111 0.189643453272942 -0.0184702586521698 -0.105789002446644
0.0937089955336946 0.17780891267652 0.055553807776609 -0.152666732368733
0.158127546996789 0.0735331951579576 -0.00317737014477259 -0.175370226409857
0.12471311780344 -0.0795559371170472 -0.101919254184007 -0.112448696661073
0.0244733989515687 -0.131646313189951 -0.106676537604219 -0.0170359000667676
-0.0593163412538139 -0.109722836032033 -0.0821398766995586 0.0256799862842333
-0.0988904918896609 -0.0443277190317689 -0.0582508491207522 0.0321058703923609
-0.100031510602755 -0.0197299603081534 -0.0293245426288686 0.00229778360051254
-0.0942016688942752 -0.0161053900784429 -0.0220060211168004 -0.037987917808623
-0.096052149453122 -0.0662440726865451 0.00388770915319623 -0.0833399888251696
-0.0477135730909542 -0.124396445017136 0.0587494749474626 -0.0996462918953068
0.0301856125981837 -0.143169416162559 0.13036204342448 -0.046157700827881
0.159014285538924 -0.0593711382252133 0.102612989787833 0.0489885523886607
0.158406628294912 0.0999262210473503 -0.00869242107850567 0.0891441381490295
0.0770376035831817 0.181705725975316 -0.0494485060515142 -0.0325231064455048
-0.0279256660605176 0.133467168853124 -0.0185241680883963 -0.183173253521802
0.0410177077629794 0.145160523187122 0.0500881840381215 -0.176632058306171
0.107475385721596 0.0769004912501514 0.0240165811241418 -0.177896128722642
0.100851439771167 -0.0455422556050953 -0.0581421324056981 -0.133987863234417
0.0262817071913021 -0.0972431740741026 -0.0932245743272588 -0.0667314026693387
-0.0388811471518595 -0.0869415051924431 -0.107684639799719 -0.0126341083881265
-0.0764957457010333 -0.0385814109266108 -0.094054031940804 0.0129934464129646
-0.0818425091020768 -0.0176980944107762 -0.0636305352881902 -0.00575679335721519
-0.0769755429438375 -0.0162407243308741 -0.0559923508759497 -0.0453559580077361
-0.0757868048692977 -0.0558316557678405 -0.0261614033326481 -0.095141988598639
-0.0341897772193059 -0.101273433078473 0.0384771907196663 -0.119362970646539
0.0359931468973419 -0.111926012589988 0.123521772311252 -0.0645478619769093
0.131574621758637 -0.0276462710947143 0.100327931735049 0.0317304829309031
0.104195472184616 0.0966810207391973 -0.0114605164488392 0.0695183429303897
0.030386396856512 0.138310390016251 -0.0553802640286424 -0.0780570750007709
-0.0428338195804461 0.0529371470893405 -0.0216746966304847 -0.231363222356149
-0.00850602743796446 0.0795337671458797 0.0413743429898761 -0.186037761416778
0.0441758302519105 0.0527740843397985 0.032337273737694 -0.17534169996525
0.054366314829382 -0.0143061128965979 -0.0353642567544661 -0.140266701410519
0.0174734974848463 -0.0479965695932933 -0.088028730631025 -0.0913369306985864
-0.014763698675288 -0.0483219975903434 -0.123249484406273 -0.0338337891203471
-0.0415118341322491 -0.0259320071993053 -0.11595449030617 0.000635441527010303
-0.0500216982304338 -0.0139912848286417 -0.0868932296341328 -0.0127318135516613
-0.05017004477254 -0.0146783753257974 -0.0796615879933386 -0.0532430984052504
-0.0481418577025703 -0.0409889707812359 -0.0450208127729268 -0.105523708790857
-0.0169206701011507 -0.0698329508630483 0.0293636680545817 -0.135003742107757
0.0401108328681968 -0.0724012697927626 0.121807949285091 -0.0727945348696926
0.0936332960966086 0.00633704380622927 0.0994962244813134 0.0252531442885225
0.0418274744740916 0.0845022430254639 -0.0104522765875288 0.0559562433955558
-0.0190304588090293 0.0807382503135363 -0.0481484907432234 -0.108228973969068
0.0454772700905412 -0.0137265778688592 0.076850200516571 0.131709692758501
-0.00781963776579517 -0.0443769528054499 0.0554119251229358 -0.0691463512164092
-0.0382898633121845 -0.0138312370648897 -0.108679285809663 -0.048732977697479
-0.0192691703840416 0.0288573282015985 -0.143024104364833 0.0825539786932216
0.00812152380388802 0.0229357489428364 -0.0326782588681831 0.171619839464713
0.0129636519262624 0.0107821969733968 0.0775571611288412 0.127575039373064
0.017321500188636 0.00501046956556508 0.110131272840651 0.0549786637757902
0.00845651378497848 0.00354877044302533 0.111287493178379 0.0115950824799287
0.00294554034604557 0.0105470256097464 0.122829418002015 -0.00956335065659695
-0.0110431859060916 0.00959440034839276 0.133905259418279 0.0177721466508385
-0.0117317414917932 -0.00306484055204122 0.116192685955136 0.0752522301926213
-0.0108264006390919 -0.014214600101011 0.0532447219282594 0.128437565750526
0.0194630972582117 -0.0330544027876243 -0.0091983070731745 0.18018652047017
0.051115742674074 -0.0145739948451253 -0.0400692497593138 0.202937445912605
0.0535153420299596 0.0359447841228311 0.0288694071360119 0.245559989798578
0.0715142783857265 0.0544130454779478 0.0580730611680761 0.136333628653567
0.0524268442784647 -0.0137880836289761 0.060609470769536 -0.0659107762233059
0.0134037733342686 -0.029945193738819 -0.104091913178846 -0.0657111341325193
-0.00725250831327395 -0.0185952943859221 -0.158987866484732 0.0690667876787894
-0.00768515682230458 -0.0208089564322371 -0.0479724661779482 0.171070012654479
-0.021884362848968 -0.015266648067311 0.0659846848915292 0.134100881929397
-0.0225296775363633 -1.13616876108984E-05 0.103064313247835 0.063705586385103
-0.030671353788063 -0.000471257355928335 0.105844229216212 0.0139388312066804
-0.0374541953610324 -0.000165870773283317 0.114134286315619 -0.0136744003836507
-0.0484652069585848 -0.0282857352790554 0.128895953962105 -0.000749726445976696
-0.0167385691388547 -0.0608042659028127 0.127026770423598 0.0502728173758033
0.0249307899233627 -0.0622882082263543 0.0826900606703116 0.108672812531764
0.0900533393083089 -0.0281044567177787 0.0205451691487657 0.169103008710346
0.112530711717505 0.0507498281952032 -0.0221748137653027 0.186466009313858
0.0816166128887162 0.121586534015177 0.0287089357054763 0.211366467300052
0.0790332842889436 0.12350685692571 0.0336441704494889 0.113478404375008
0.10702396570269 0.0370925282619125 0.0619459166748915 -0.074835024001863
0.0780683543291329 -0.0298005563955864 -0.0957286587795789 -0.0936230508915612
0.0212038610745609 -0.0664978893740189 -0.17366188780624 0.0395412025057452
-0.0164817967517908 -0.0697643252410615 -0.0709396427699963 0.154764054817926
-0.0541133042575261 -0.0482640246497936 0.0398426059655259 0.130736533608581
-0.0611253214555463 -0.00945188507772781 0.0784814101791383 0.0682066215690772
-0.0657036911586236 -0.00401638462842247 0.0842335030072425 0.0150949317861517
-0.0701008587662752 -0.0050908338909795 0.091708429626714 -0.0212098779890965
-0.0817617968260456 -0.052352671296605 0.108025369531757 -0.0276694453544244
-0.0344769662972407 -0.103551185580385 0.127328192282588 0.00601458633141292
0.0343469174257962 -0.112018942784242 0.115737581690615 0.0689858989467241
0.143272230967246 -0.0497289566377605 0.0594290070792753 0.14535838797221
0.16967834221882 0.0824004103813117 -0.00445740452698927 0.164245538509589
0.110971460404377 0.177906285620988 0.0184281732793795 0.156283815142779
0.0687274170273983 0.178942461530475 0.00772126130013107 0.0600753314359373
0.142233215964219 0.0989919343965451 0.058381387503692 -0.0949976200435952
0.14039010494294 -0.0080541720823403 -0.0766197567224041 -0.128074514307554
0.0637215983832473 -0.101301116900198 -0.173938218480536 -0.00790831653621847
-0.0132784479898117 -0.114563761508454 -0.0938078326448539 0.115040336951295
-0.075199424770556 -0.0807517851488336 0.00118515286397407 0.111477854634437
-0.0908685649462956 -0.0209243778017031 0.039325000022591 0.0651665226516504
-0.0915024544040348 -0.00746831212880396 0.0512702538815578 0.0137587957677218
-0.0910710091016059 -0.00748768387462176 0.0567847945562842 -0.026770150788331
-0.103428914889981 -0.0622558412078861 0.0746784908541587 -0.0529718632385643
-0.0538168742562985 -0.12732165131364 0.110070118354126 -0.0396542746252794
0.0271186276359585 -0.146870111935933 0.134517949224142 0.0199299171146149
0.168960553203775 -0.0766892815608009 0.0895837713630542 0.109658735302789
0.201602669260681 0.0892105095305645 0.00221176624963357 0.137751449684712
0.125157460883483 0.20367448340202 -0.00513998713885747 0.0922845061505483
0.0367731269569549 0.205557738704572 -0.0134851866063175 -0.017728054548032
0.138142944356178 0.155517003711743 0.0542591077109831 -0.122337088375453
0.173369972248969 0.0339072478207687 -0.0433426978495157 -0.158624165080504
0.10621095624933 -0.106257065982239 -0.149408947657259 -0.0653943495749646
0.00341483255783369 -0.138829364911549 -0.109494655005271 0.0521992937364823
-0.0772853763402473 -0.104159487844738 -0.0437345674944431 0.0747270743111041
-0.104209509579215 -0.033563073005617 -0.00861855252936585 0.0539490020250434
-0.103839336134273 -0.0116469774655873 0.0108659680509604 0.0100005680788382
-0.0986796112906727 -0.0104886900627685 0.0163852212894996 -0.0317536204958129
-0.108319069460087 -0.0651111037037224 0.0361621139562474 -0.0708442363483982
-0.0602943741360284 -0.131823207110067 0.0827831018333168 -0.0762100962244501
0.0206445574756636 -0.155870037767072 0.135135852625151 -0.0230863551340658
0.17027051291249 -0.0841081770661683 0.102445432285236 0.0738204526147266
0.197665087719616 0.0907044982347007 -0.000393428113325061 0.112183689795816
0.116387981900285 0.201989265947933 -0.0306115411937108 0.0279406908690192
0.00458859417068995 0.189243145391507 -0.0236229403281003 -0.105392575326239
0.10142340388216 0.171634199408385 0.0479585411177622 -0.153793719771915
0.160391302512097 0.0659104117424497 -0.00901774186318451 -0.175410362532946
0.11902534440727 -0.0847798516666698 -0.106171421415051 -0.108341912811331
0.0167398102914954 -0.13153424315425 -0.107161895238839 -0.0124143629834883
-0.0649811300672571 -0.105948353573917 -0.0813325607593837 0.0308464632227489
-0.0995083015087234 -0.0382898188352436 -0.0551880081231261 0.0362902182975349
-0.0999624127416473 -0.0132932244834642 -0.0291511883570803 0.00409001719470656
-0.0935284814630348 -0.0110922121685704 -0.0230580871767756 -0.0367386175599764
-0.0986089092028234 -0.0600367937691412 -0.000600715491914076 -0.0839102921160834
-0.0545267013866754 -0.120455811188833 0.0550821666992845 -0.102355238495024
0.0224552097898382 -0.141706288882679 0.127561657836387 -0.0529509051939913
0.15515954242379 -0.0671950884417421 0.103307662222875 0.0449437858425177
0.162014668250199 0.0907713917453226 -0.0053196912355231 0.0894358579611215
0.0842651474999256 0.178262462280294 -0.0505086542524898 -0.0290854049042101
-0.0217459059310311 0.134520627719512 -0.0270678633203702 -0.181059439386629
0.0480721348897065 0.14153527934463 0.0424290395242496 -0.176905409229307
0.11022260023625 0.070302358394141 0.0169325164151631 -0.179095097888365
0.0972098911410263 -0.0503727921897084 -0.0631425848579925 -0.131824404937815
0.0200810630342028 -0.097073777512508 -0.096747823767734 -0.0638229756074153
-0.0435638704661662 -0.0843695002471472 -0.107725497854965 -0.00601603963690899
-0.0773761808561889 -0.0340618226786877 -0.0917317498054103 0.0194238213394059
-0.0814833099062725 -0.0123647296953173 -0.0630397373252174 -0.00208915942030289
-0.076512159414948 -0.0116572705855937 -0.0574948545347064 -0.0426826530929236
-0.0779165427980584 -0.05113086457593 -0.0310730107345532 -0.0928005011321292
-0.0393861164652531 -0.0986168806170199 0.0335801658145781 -0.120876139200077
0.0295009825695496 -0.112097104449899 0.119517781632345 -0.070372898898671
0.128629799963951 -0.0348852209544995 0.100665588491369 0.0277040982481856
0.108152217374964 0.0912005922741052 -0.00832037356936197 0.0702184939804753
0.0361336350852164 0.136648307012902 -0.0581657525002451 -0.0733569887885172
-0.0396795293942017 0.0550354509133755 -0.0315746058451221 -0.229471962368066
-0.00454200897409229 0.0791309854521255 0.0336861684356891 -0.184967764564732
0.0456811523208699 0.0498267880090825 0.0252703215570783 -0.176109731936161
0.0527397960577124 -0.0171388145591316 -0.0402757583003029 -0.139020923317968
0.0140935266619764 -0.0477202485679956 -0.0920070367458252 -0.0878687955252104
-0.0178218371888345 -0.0474601854773738 -0.124017622518603 -0.0258371658715791
-0.0426510848931772 -0.0237067005112914 -0.113637459713989 0.00785400104596895
-0.04999969038601 -0.0106732105717849 -0.0861236757425311 -0.00728953607436282
-0.0495145898386691 -0.0122286206375354 -0.0809048243312479 -0.0486677745614398
-0.0495842766382231 -0.0381863354246255 -0.0502734058510045 -0.101730257903848
-0.0203654545812587 -0.0683347668690499 0.0231735176063698 -0.135649631036577
0.0357030876008919 -0.0729070582178448 0.117275801667247 -0.0786150439252719
0.0931570539289049 0.00132768881488084 0.0992746352085755 0.0210738315057005
0.045514710261518 0.0821600855062607 -0.00749886515025331 0.0568183955199
-0.015427521691386 0.0812982377191171 -0.0526292385767201 -0.103616548915977
0.044658662721166 -0.0153774493672998 0.0802413398221104 0.124500349572675
-0.00918923007888203 -0.0430112786034854 0.0507098718880605 -0.0716302762377392
-0.0381763203973205 -0.0122038535345971 -0.107908968163007 -0.0457079402757628
-0.0172025193123224 0.0292450781745079 -0.136129413844201 0.0848023131209469
0.00911349104310263 0.0217872567622342 -0.0251487044634522 0.169466873918825
0.0134573896995479 0.0100875331911192 0.0804064076637942 0.122014731514697
0.0165727506238444 0.0035051478051432 0.107776820016071 0.0483320700234271
0.0080068637710169 0.00323060276650131 0.107668956604506 0.00656586792441344
0.00310713569445982 0.00983423697189905 0.118729706654041 -0.0141406116328825
-0.0105515017349126 0.00998653192311699 0.13189595319619 0.011965993523947
-0.0117989817709452 -0.00270296258805321 0.116352974463003 0.0694197904244221
-0.0115015277393371 -0.0132200039916363 0.0550221270965722 0.126229642288083
0.0176112888865682 -0.0329423164641926 -0.00266379212846706 0.177533089813143
0.0488462891496238 -0.0151770434457564 -0.0334606441082289 0.198577737239571
0.0542663936981412 0.0344623255765233 0.035158480776707 0.238448342441621
0.0716249580542014 0.0514758007341746 0.0619302532518484 0.131013965803261
0.0504806865208165 -0.0155658944113692 0.0561971068652277 -0.0687348206464348
0.0124823208389668 -0.0296441318213186 -0.103440271406295 -0.0621367202458107
-0.00755643231388392 -0.0174665320281799 -0.152964415332924 0.0731022765488194
-0.00787621303846001 -0.0195420164835397 -0.0405134886313856 0.1692653873361
-0.0221383736605769 -0.0139091329600653 0.069148637792302 0.12862805411167
-0.0219562318706748 0.000171301206203085 0.102691321914023 0.0573434502454731
-0.0301002552471731 0.000892450985886516 0.102558705533979 0.00917442721678487
-0.0361562403953836 0.00221083292615258 0.110215855509917 -0.0193302289711204
-0.0482892516851134 -0.0254768284667197 0.126111113492108 -0.00649565530405435
-0.0194691974267145 -0.0588113787446857 0.126627394373543 0.0438849428126557
0.0219360972525117 -0.0612502937774125 0.0829003654977784 0.104732382513089
0.0871077446206023 -0.0308463528965777 0.0248847819344394 0.16626616278498
0.111082736287489 0.0460674665896215 -0.0168193588510567 0.182279187711433
0.0834421478679493 0.117203227427957 0.0339353182927623 0.205601525476863
0.0822934678461314 0.118853691053609 0.0364123332863892 0.109262422224979
0.105795554519082 0.0322594996353572 0.05789047864327 -0.0766409077921901
0.0754605148392621 -0.0311880579546393 -0.0953508674628954 -0.090348322050247
0.0182016144431817 -0.065163301391843 -0.167847029899603 0.0439012030228231
-0.0191334535076592 -0.0672619043521032 -0.0636341736666522 0.153761693899463
-0.0542645405983021 -0.0444593969796321 0.0431120937234496 0.126414179284596
-0.059467345218994 -0.00679092466577782 0.0792324427686537 0.0627553360783144
-0.0641567165389107 -0.00132992740273555 0.0824585072596588 0.0109590515294113
-0.0678247982595214 -0.00222226856415226 0.0875792425877837 -0.0260516847914302
-0.0818647382566847 -0.0466410836755916 0.104483895350825 -0.0322990149987163
-0.038536123436932 -0.100140190990572 0.125651264564663 0.000859254244473481
0.0296331934722991 -0.11001752000735 0.113932991056253 0.0638812069220454
0.138064190670969 -0.0545489967106835 0.0624597213167072 0.141861920960775
0.168589909932598 0.0744545555466999 -0.000432928638634051 0.160084625367298
0.113823709539694 0.17181012323636 0.0223449397938327 0.152118186088806
0.0732076450657628 0.173546939336517 0.00951880072054973 0.0582806704366053
0.142520694440619 0.0910312137489159 0.0542165673947557 -0.0957029948724899
0.136851873155784 -0.0127646839547012 -0.07741372411305 -0.124847612721233
0.0583827563598439 -0.100928130344143 -0.170123876073751 -0.0021047103678369
-0.0176571605512418 -0.110613886588243 -0.0880032424235639 0.115374476918851
-0.0768071284367807 -0.075749313816205 0.00496266206010276 0.109400347031432
-0.0884225255406357 -0.0170163367218525 0.0419014457454291 0.0624119825378993
-0.0892418318008342 -0.00318241407446612 0.0495489491595712 0.0111670448565245
-0.0879898438307008 -0.0041711013839742 0.0535930001886494 -0.0299616777597371
-0.103892849551254 -0.0564030492064623 0.0702066297485043 -0.0550219850511378
-0.0575278413715075 -0.121713818710688 0.107117828667017 -0.0437486888385953
0.0212206920389931 -0.143223666005777 0.130566939996025 0.0147919598882429
0.162089166635439 -0.0821086678428467 0.0903540572370231 0.105799267387237
0.199991282708506 0.0800181418632767 0.00570934527819773 0.134754165046753
0.127775352788395 0.196853363549826 -0.00173149762928797 0.0899750881230361
0.0432515112950628 0.200753331901932 -0.0146206020785264 -0.017303718988635
0.140310266474065 0.146035653724043 0.0492075465931025 -0.121632993450688
0.170626769305116 0.0272863481456125 -0.0452474009669534 -0.155945298092655
0.0993455351550474 -0.107383034884847 -0.147851802969492 -0.0600911415250328
-0.00222166378424193 -0.135391177594306 -0.105265267832143 0.053756778408857
-0.0794922108293241 -0.098475125462749 -0.0403025740678164 0.0753909358331497
-0.101814508191501 -0.0286838041384128 -0.005335828141873 0.0531999303804588
-0.101042063224019 -0.00696681785849626 0.0108861502615559 0.00996358261718634
-0.0949379461123365 -0.00630596355959838 0.0142206800984693 -0.033055738782476
-0.108437909424693 -0.0592016811834854 0.032409552458678 -0.0710286711504703
-0.0645610980650162 -0.125933128586668 0.0795128401984984 -0.0780792373750483
0.0146075816384725 -0.151912928030056 0.130098006679852 -0.0271404881138999
0.162766457710283 -0.0885338651015321 0.101271729042887 0.070165822892916
0.195798560713936 0.0812736822794681 0.00203507731703973 0.109738091246406
0.118803731631806 0.19515021036227 -0.0284388594907011 0.0286435654687966
0.010526887723855 0.186312182534487 -0.0274890776684904 -0.101759961536096
0.105212437713767 0.163245467624203 0.0423490316916089 -0.151106491354877
0.159173040938353 0.0590810983896243 -0.0130797771688243 -0.172457449232467
0.113147717299841 -0.0866811352694101 -0.106649962901247 -0.102974243093875
0.0106256089793986 -0.128864610709396 -0.105429909158004 -0.0101472389321488
-0.0685375407977162 -0.100246854319818 -0.0784448497561767 0.0331558270837445
-0.0972255940600189 -0.0337223445879201 -0.0507576480558616 0.0384914169016782
-0.0974312748679238 -0.00870581051402169 -0.0287904416006107 0.0055606288424909
-0.0899851549387914 -0.00754863024549214 -0.0245508667329321 -0.0362053532339245
-0.0980366073530674 -0.0551160296879828 -0.00430904278832531 -0.0818680436585291
-0.0576382849570919 -0.115159769013931 0.0515598013210268 -0.102945657441445
0.0170512227344466 -0.137882188833673 0.121238542194562 -0.0573649107456206
0.148213967285354 -0.0712376664678815 0.101210397249465 0.0419613253633019
0.161241411102103 0.083255977588545 -0.00296792274868744 0.0881851811429996
0.0867687885226695 0.172062162950662 -0.0491573985285567 -0.0256083270207631
-0.0161196075864072 0.132429113786875 -0.0321788153059121 -0.175933914318271
0.0515139434108206 0.136390520930965 0.0369592117172115 -0.172920434392868
0.110038113797358 0.0651636302740945 0.0124993335399839 -0.175946703571679
0.0926934535353856 -0.05250862389719 -0.0650872145943961 -0.127687046706674
0.0155514278134041 -0.0949363144961339 -0.0973680175263486 -0.0601810378576918
-0.0468787570918311 -0.0802761753469226 -0.105877535520535 -0.00181697200408345
-0.0761416569542717 -0.0298055918960499 -0.0874603267023928 0.023534686512669
-0.0790667354124958 -0.00851488756559643 -0.0612496458260824 0.000422799507796584
-0.0750229031848458 -0.00837891656240243 -0.0579312690483803 -0.0401437573932367
-0.07836928286406 -0.0472713601313018 -0.033913778021599 -0.0895831729504761
-0.0418631888626476 -0.0942724690503592 0.0296050490519278 -0.120494906804178
0.0250193997966829 -0.109179158892739 0.11380772356547 -0.0735283644946804
0.124140143169498 -0.0384789388046212 0.0980260912989773 0.0248283122319223
0.108620784701962 0.0853623134441219 -0.00670592923545306 0.0693261577461682
0.039022564359098 0.133484248200307 -0.0585534833058298 -0.0692456765506123
-0.0369603443096567 0.0553275335329823 -0.0377790823500917 -0.222628414570506
-0.00177804084796706 0.0773231822264682 0.0275884556813616 -0.180946265153525
0.0459533964562484 0.0471229226407922 0.0205727568218495 -0.172793211251457
0.0499031725712297 -0.0183873231319667 -0.0429464727872036 -0.135651885741735
0.0115590630632985 -0.0466498546818303 -0.0940819636914828 -0.0842552380415623
-0.019739919371461 -0.0452479118903318 -0.122622575248679 -0.0204497777218423
-0.042263449041823 -0.0213550560315655 -0.110098972836348 0.013285526308462
-0.0493356712401949 -0.00805168840261593 -0.0839659802160387 -0.00339132749327161
-0.0490678313390771 -0.00993166855689306 -0.0807676923526543 -0.0447359188739524
-0.0502221656574903 -0.0349613071600987 -0.0521761896480173 -0.0981361123974985
-0.0226240180891741 -0.0656585096987261 0.0186387294243642 -0.133999765788212
0.0327917131863808 -0.0720279359732868 0.112408362184185 -0.0820194420496388
0.0904788223564484 -0.0023336131879673 0.0970918405722044 0.0182833753569474
0.0472724080335599 0.0790230365240139 -0.00602252824924429 0.056862403722589
-0.0132111908752254 0.0806847685602828 -0.0543712563124355 -0.0984455229214287
0.0473769008126214 0.00629969461937494 0.0191620004207647 0.139480059015109
0.0103919223019099 -0.0415203076862938 0.0726779348392104 -0.0451877193275029
-0.0291732748343201 -0.0273811361661888 -0.0785982951110025 -0.0843205269918171
-0.0265297255675368 0.0187688597420987 -0.156680240976901 0.0227872325610936
0.000456128514591511 0.0221810655997652 -0.090995821568258 0.142071217087166
0.00718125416602098 0.0137585883040691 0.0221552586734499 0.140623861934871
0.0126167081122307 0.00951963036204272 0.0760895282660265 0.0855634213115191
0.00603360899546178 0.00566887530529741 0.0930837737841355 0.0482542158263109
-0.000163701671250403 0.00917499081760512 0.11105584717748 0.0331094795023762
-0.012472614216599 0.00440956624275423 0.114011725478275 0.0636576106946494
-0.00809953994951236 -0.00778755469548582 0.0743684766059974 0.109152629120267
-0.00262903566408172 -0.0161803297241237 -0.00468335305395872 0.136150256179199
0.0305101448314409 -0.0220851643232218 -0.0749265122041488 0.157316356776363
0.0509403743622636 0.00737264363027458 -0.109516916255122 0.164718610915205
0.038774306119179 0.0554234835638462 -0.0699918881289264 0.229945623671384
0.0426488822803498 0.0792602931383161 0.00632007497159172 0.133496471194566
0.0507775586049781 0.00821778191264654 0.0782382978310675 -0.0431630746362024
0.0231941200533324 -0.0214062537673912 -0.0678416664602717 -0.101681500924748
0.000836877003938661 -0.0176318568432503 -0.168965610027025 0.00355720510027561
0.00215929709774306 -0.0216663678530965 -0.106991639511445 0.13579799767879
-0.0139774038421125 -0.02149516438374 0.00768738450784494 0.143192745548713
-0.0192548793786206 -0.00896234981635442 0.0681859147556706 0.0921303034069585
-0.0270370894384052 -0.0111161475204069 0.087608323363922 0.0487129460861613
-0.0324813763658245 -0.0130861445878551 0.106168672096205 0.0249324448046086
-0.0334262522522301 -0.0419755599696935 0.116594628093516 0.0436886012828253
0.00615024590584753 -0.0615312110726467 0.0951672262697941 0.0896645043080663
0.0451178884244479 -0.0465343123087915 0.0296282207555493 0.127991547752506
0.0934375508300094 0.00544488251691092 -0.0451774860480305 0.159425603984052
0.0849284554419507 0.0852209016592021 -0.0897308343371538 0.160708980234769
0.0347832970444684 0.142587165889499 -0.0612092294678724 0.199445839587014
0.021285616383768 0.145937240040938 -0.000548752515308069 0.10144935253326
0.0787759732690063 0.0742527516982238 0.086346915159372 -0.0522517046368645
0.0801018409380428 0.00394519967919907 -0.0480714479125016 -0.128191656387943
0.0441372883997458 -0.0477508353612286 -0.174078037861605 -0.0308878886407975
0.0125686060292199 -0.0679574644313017 -0.123645183002148 0.111545700440811
-0.0301826929401043 -0.0613439221499991 -0.016034200518293 0.131026473904198
-0.0494280000842859 -0.0300920285251472 0.0451228640696999 0.0883557553751823
-0.057370007959157 -0.0260772451298895 0.0691896117464551 0.0419315611453329
-0.0588577989365888 -0.0285171621364534 0.0874087764498618 0.00936647118785196
-0.0554059386633684 -0.0741616991779321 0.107462173650069 0.0105168684502553
0.00412123136969875 -0.106220857590695 0.11194776774014 0.0500670718349258
0.0710387367783016 -0.0875914946567555 0.0757163368605797 0.103651333386847
0.149349173184055 0.0026124075233932 -0.00175371917788217 0.153985979372999
0.126129503622021 0.131879907382951 -0.0666047377246012 0.151089592333135
0.0412671600727633 0.202774012300399 -0.0525490298869585 0.147824335412174
-0.0114944671808857 0.191631677193974 0.00131223881120196 0.0443643489914705
0.085363550280391 0.141411700616238 0.093903951585774 -0.0719352747002098
0.127268721492531 0.0473190851201174 -0.0157647023507164 -0.155422400550813
0.0946513704386289 -0.0620185089171306 -0.157907900291589 -0.0770993518511125
0.0315126281197886 -0.105721023279143 -0.132175382952119 0.0659220819009729
-0.0375229937671489 -0.0976643250249359 -0.0446946975268875 0.100181624028477
-0.070320775557749 -0.0508746118504484 0.0113005677865008 0.0729448353407404
-0.0782693936511032 -0.0375965537902029 0.0398604704810676 0.0297680743660283
-0.0764797002191748 -0.0383365100211348 0.059736863339199 -0.0087171133109766
-0.0719979878439621 -0.0907215029330444 0.0861527688555143 -0.0233510841855607
-0.00597962876107294 -0.132775736244646 0.114132178054439 0.00329867341198843
0.0752553620820172 -0.121231256208932 0.11104334789885 0.0659063625902912
0.181155042141194 -0.0142867167049142 0.0379494715851881 0.133865094621422
0.152685901598067 0.147951646247141 -0.0515750674243271 0.132831713290439
0.0445786552981593 0.230817945340973 -0.0503068927543037 0.0829822550835747
-0.0511680266835817 0.203082181821053 0.0148196240626739 -0.0303787052289544
0.0598538902180119 0.188746274904994 0.103658937124751 -0.0960262069110945
0.140794788370374 0.0963440199422038 0.0297938718852436 -0.171401854856535
0.132854018799201 -0.0502530119333111 -0.112936789853681 -0.122792334793648
0.0551689136204791 -0.119960953210582 -0.123405074548355 0.00223257212074715
-0.0305069602909844 -0.119691491195237 -0.0725776215479259 0.0508027067162047
-0.0774353502704444 -0.0663465504110411 -0.0277413477088895 0.0464687718832832
-0.0874481158770193 -0.0456820695834088 0.00527215331601701 0.0129153109036388
-0.0819931489844795 -0.0431042805737775 0.0261492370335336 -0.026819911995508
-0.0749974099450582 -0.0946906215908033 0.0583365564339876 -0.0535516759363907
-0.0105709009021884 -0.139232416478965 0.103532479426422 -0.0390052653016989
0.0724282509806754 -0.1315253454334 0.129211002741641 0.0271859826003906
0.184742997849658 -0.0208606384762051 0.062372076204482 0.107054511524135
0.147970343420726 0.14740923871604 -0.0446546683744316 0.109443720153015
0.035681631758525 0.224133514305816 -0.0490066713908174 0.0167112020642193
-0.0741574429668379 0.174720901157678 0.0379662927771865 -0.107393922995991
0.021027848317095 0.188965199630897 0.110483353721981 -0.121647500932182
0.116397893294782 0.11915700738381 0.0678504898179804 -0.171281688504099
0.135058740120775 -0.0269248792490947 -0.0561552958227421 -0.145902168527854
0.0641006141336347 -0.108241518579005 -0.096441466792432 -0.0562909834466435
-0.0195399983362721 -0.116654127854459 -0.0892842273172493 -0.00213452359286813
-0.0718603757909578 -0.0686106171532041 -0.0619373406634045 0.0145384057382147
-0.0836408208142925 -0.0460186511596662 -0.0270655850941204 -0.00619711413014626
-0.0777235882273128 -0.0416436308847147 -0.00723964068719456 -0.0446300514024001
-0.0676781893729688 -0.0870320354220889 0.0294729637021228 -0.0774781594732373
-0.00932322896488577 -0.127074455712399 0.0883412139370249 -0.0726563168514693
0.068369439225222 -0.118445133223846 0.133576326201157 -0.0018382162887635
0.164288814571295 -0.0110989198605961 0.0737760868488649 0.0820069772547868
0.116146663647568 0.136156225930067 -0.0412898823180686 0.0868955611277005
0.0149328180809482 0.190681720179887 -0.0439722193511569 -0.0422404023731208
-0.0746548821582961 0.113634128513567 0.0580493066906855 -0.172390209068395
-0.0144066538685119 0.142173119336739 0.113044015076066 -0.140686756758943
0.0700561648767874 0.104138182428844 0.0915586384774393 -0.160239226613677
0.102858874267939 -0.00573525948338486 -0.00663987870042332 -0.149627243680117
0.0537984065933783 -0.0759092775968368 -0.0667222606055046 -0.0982682231564042
-0.00864942003500609 -0.089868734894517 -0.0986095855783092 -0.0448745008341723
-0.0544163453798314 -0.0573505576651591 -0.0886418965661844 -0.0134682403259204
-0.0674281554760355 -0.038422001416615 -0.0546509088608468 -0.0233831601131481
-0.0634826342599406 -0.0368571171993983 -0.0353437968263568 -0.0604056722448322
-0.0523210597196574 -0.071668438174191 0.00648849473426849 -0.095562002501432
-0.00301363265388921 -0.102120557606462 0.0760213971191102 -0.0957323136454977
0.0649571744965939 -0.0892262398372996 0.133034574799455 -0.0204549423911036
0.129346023110007 0.0104413726782986 0.0768670045968552 0.0652849898650883
0.0672117911687991 0.118424281102392 -0.0375676771199078 0.0671596786663762
-0.0150479722004373 0.135949691318407 -0.0317320393926508 -0.0859626275310323
-0.0583688625270204 0.0335128752254688 0.0649511705043788 -0.212127410249363
-0.0352829257197889 0.0671572992296827 0.10553259166594 -0.148099877501003
0.0207212504089189 0.0605695215011196 0.0948229224694958 -0.149793258423051
0.0504737667006551 0.00534895928598153 0.0181326711560758 -0.145523871444528
0.0300968523631463 -0.0346762404866245 -0.0513139011377819 -0.117712583979351
0.000980605552246975 -0.0481940470586213 -0.103632394899684 -0.0682214425381327
-0.0286767022560196 -0.0357780916901241 -0.104152818307618 -0.0310835466757453
-0.040951501231309 -0.0259491550749458 -0.073300229581909 -0.0362052898554479
-0.0406620234148925 -0.0277392883089033 -0.0538199420339637 -0.0734892263417941
-0.0324292145617631 -0.0506283351595913 -0.00628153720356916 -0.109680089692953
0.00401250609513218 -0.0684706497459038 0.0719765306758457 -0.111916292739927
0.0570786912721425 -0.0532855087749884 0.134465816006226 -0.0272454093872093
0.0849932109661239 0.0309388793738584 0.0778925323885741 0.0583643814637877
0.0136180350427919 0.0902543709513274 -0.0317374647102597 0.052829913171688
-0.0429200012479692 0.0680004640026362 -0.0125603730991326 -0.11159558698163
0.0478034821067692 0.0058919896962647 0.021572887406829 0.137564638185412
0.00957618919976232 -0.0412978805085709 0.0708044640143321 -0.0483596485359887
-0.0296601013906835 -0.0269154951613928 -0.0794343265096601 -0.0837279585373233
-0.02584367837351 0.0191937665710241 -0.155636808447808 0.0241714306802586
0.000822293240277891 0.0216779749689823 -0.0883402729283981 0.143491483608496
0.00768373306746083 0.0135479264035035 0.0247251733089409 0.139483872819182
0.0119286257093797 0.00861205052984144 0.0760551501582562 0.0829805218539241
0.00592536705521783 0.00587782071691785 0.0935244114099002 0.0456742017845423
-7.87216043529232E-05 0.00895707664951921 0.111469118781968 0.0297425692361874
-0.0118984917908602 0.00393204286971799 0.116091606016444 0.0600148136308209
-0.00812439376153464 -0.00783538161884633 0.0760631212909023 0.108510939603937
-0.00262653511795833 -0.0156094331509654 -0.00429834613673066 0.137491849641017
0.0296755217673597 -0.0227484123949579 -0.0728337631554256 0.158429678358489
0.0508063328262887 0.00740990233997291 -0.108541470560473 0.163994222069962
0.0401147408276108 0.056033910461701 -0.068681371231952 0.229125506295734
0.0442641408683659 0.0791568597684619 0.00813626440888744 0.131872330508929
0.0504044477309539 0.0071205877036509 0.0772314633731505 -0.0459922882220513
0.0230505768376359 -0.0215686374328697 -0.0691244902314028 -0.102135618633664
0.00112392287540916 -0.0171967661033649 -0.168251067486973 0.00563680612329828
0.00154431655190694 -0.0216577619251752 -0.10422371017558 0.13726712120683
-0.0141369399437148 -0.0208849302121891 0.0107786932193906 0.142415515028857
-0.019678911388951 -0.00860992907180906 0.0684096427904141 0.088789532818502
-0.0275249250661847 -0.0101024915893131 0.0881818972832784 0.0459029534406763
-0.0319701249261318 -0.0124547419825558 0.105714033862345 0.0212193127879955
-0.0339467426639989 -0.0410114326876379 0.117524954826714 0.0399241348236844
0.00452604784846069 -0.0613023280288616 0.0968094815480327 0.0877286881115839
0.0445107139237791 -0.0466592696071039 0.0300742341493311 0.128597346273274
0.0929383438953118 0.00415513489505368 -0.0440883772162222 0.16023981127358
0.085542637423618 0.0839429654857078 -0.0883547263055648 0.159515772932761
0.0366032634365045 0.14340885378883 -0.0600152717103159 0.198729196014986
0.0236366721642287 0.146068888213859 0.000396702863972089 0.100681090517217
0.0796777282944192 0.0717958327560548 0.0845440190393461 -0.0546957792294469
0.0799407102099697 0.00306614971227515 -0.0485136357670483 -0.128960659921545
0.0431453940047709 -0.047985144510805 -0.173194578853438 -0.0297622826694492
0.0108349720064559 -0.0677749045865536 -0.121483150475132 0.113168815116662
-0.0317484823096186 -0.0604054846568588 -0.0136071287707822 0.130628482396257
-0.0491909865615432 -0.0297743895353194 0.0457428541053304 0.0858228688458378
-0.0570139594863204 -0.0241800907502265 0.0693529543555503 0.0406130399716912
-0.0586115985356244 -0.0277337880907565 0.0875853205902769 0.00581807453584615
-0.056817295252469 -0.0724752446181456 0.107989613534359 0.00806968121707213
0.00121706345663688 -0.10582618919809 0.113376467064064 0.0479808427706096
0.0688997657589994 -0.0877325724446217 0.074823739437186 0.103136853562834
0.149241969017385 0.000286071086437721 -0.00145197197613638 0.154621365699226
0.12733537598051 0.129840382775625 -0.0666072148601386 0.150299027724711
0.0434874320689116 0.203838575087617 -0.0515168458973862 0.147589049185338
-0.00871640898858008 0.192655167791644 0.00156076186502552 0.0441741417122415
0.0873217220245615 0.138763762629184 0.0927000478147553 -0.0732844060200916
0.127657138434501 0.0447286626818339 -0.0162166853603437 -0.156815607683551
0.0926791116858423 -0.0632186197694306 -0.157918834471289 -0.0750059297428584
0.0295073815988652 -0.105752957793362 -0.130626932490456 0.0669805182611648
-0.0396800213550614 -0.0960637466979997 -0.0430343388495053 0.100792061446448
-0.0706876228128727 -0.0493273552723722 0.0129692558369561 0.0719465343730651
-0.0786017276340622 -0.0356851298385189 0.0400898749406685 0.0288497095404485
-0.075578699175402 -0.0363829882723354 0.0584860774465044 -0.011147881784143
-0.0730464180310534 -0.0887622927896142 0.0861477380165175 -0.0261570075950721
-0.00909630919694094 -0.132772489345826 0.114870647148368 0.000277819107308812
0.0726807627738389 -0.121443473242374 0.11044231555875 0.0643637369105261
0.180610597455907 -0.0171735232889207 0.0381035727944352 0.133985770641815
0.154350581392587 0.146010532425831 -0.0514080637098097 0.13273220922667
0.0467154676622914 0.231041787481901 -0.049617208374052 0.0827887457468176
-0.0482708336409615 0.204016367797894 0.0138791007099259 -0.0303972353112402
0.062323530250534 0.18725363241362 0.102207756552382 -0.0960669346787911
0.142415088255698 0.0940871448108236 0.029062552293873 -0.173445578376484
0.131325975999593 -0.0519337470295981 -0.113420401379964 -0.121507656105501
0.0525631511339941 -0.120661059596129 -0.122523658545528 0.00322188747790498
-0.0335635056165666 -0.117991086154964 -0.0713210763653514 0.0522093888259853
-0.0776608366084399 -0.0648257107214977 -0.0260863560577743 0.0467220186075253
-0.0873045221617594 -0.0434305833014987 0.00575282074897918 0.0130600216948497
-0.0814966463128591 -0.0415109688996312 0.0245331363663593 -0.0282739048043877
-0.0762776029307715 -0.0923950276228489 0.0571287542148888 -0.0546279410934571
-0.0140578574239846 -0.138963410133845 0.103912769503427 -0.0411746208779508
0.0691491822268156 -0.1313481560916 0.127577626321238 0.025266378715426
0.18376701119582 -0.0240596465500484 0.0621833402894557 0.106830075290393
0.150441757118805 0.144964373421183 -0.0448591402520496 0.110489358778546
0.0375059557047827 0.224962989447472 -0.0487395717636987 0.0172033195684164
-0.0715212475528841 0.176009427703527 0.036312915385467 -0.107635013091715
0.0235990093958861 0.187533747850525 0.109659711686998 -0.121875993009826
0.117761509830235 0.117792030688199 0.0672989608911939 -0.173284925106327
0.134149196023523 -0.0290034431617921 -0.0570153043089687 -0.145548566697989
0.0613916362259501 -0.108357829006144 -0.0968581175087777 -0.0561471820512244
-0.022733901506259 -0.115247233416274 -0.0895502770384081 -0.000395133501095826
-0.0724273922272689 -0.067859830970185 -0.0609114095547497 0.0161931519217098
-0.0835845999624456 -0.0434782895712744 -0.0277221171002367 -0.00491132615349683
-0.0769776425342967 -0.0406209563617943 -0.00884577556150925 -0.0454348105841292
-0.0692913472537979 -0.0847644553848523 0.0281784884781362 -0.0778265100380915
-0.0107753963816307 -0.12622762504531 0.088096667792229 -0.0748603159016408
0.0661963224765709 -0.118162792925836 0.13263013127887 -0.00433235360253729
0.163479839746728 -0.0137656207461039 0.0734105966140524 0.0822819646354528
0.116875255943405 0.134887162240109 -0.0416040331360194 0.0880595699396354
0.0156766165494539 0.190748494055473 -0.0444359502996967 -0.0404424885369714
-0.073216330135217 0.114681686600125 0.0561306710115147 -0.172229178085154
-0.0121429903392178 0.141855312221185 0.111539329448142 -0.139948286344247
0.0709445461960013 0.103118041468929 0.0913865381633676 -0.161416378712081
0.101838812183434 -0.00736990348238935 -0.00705809124508574 -0.149985100705316
0.0521073511917132 -0.0761175100058185 -0.0680407044277673 -0.0985928976003034
-0.0113800772425961 -0.0894575687791174 -0.0993534810832014 -0.0429231604842115
-0.0550044852600348 -0.0562657857822527 -0.0875594286663494 -0.0106194608954149
-0.0674913620795052 -0.0363374200007129 -0.0546460226421328 -0.0217913565114272
-0.0632391508789199 -0.0348231710170564 -0.0368854593780912 -0.0599763159444951
-0.0535716579728958 -0.0706586802761547 0.00508762838884543 -0.0957538866581233
-0.00513426686210257 -0.101226691528865 0.0756813276159294 -0.0974012361993993
0.0632986041159153 -0.0890492290931176 0.132278377079924 -0.0222926883772695
0.12866746238682 0.00770367399628066 0.0761821346243164 0.065074975666605
0.0686685702665828 0.117460232385897 -0.0374195572218742 0.0680590354067404
-0.0136483584353276 0.136399707099906 -0.0323269267592252 -0.0841220443768228
-0.0580021466077938 0.0340817109387043 0.0627517574855072 -0.212505455050532
-0.034868808529339 0.0674225220429051 0.104300154934442 -0.146490631138036
0.0207940644854107 0.0597334828937657 0.0940998247937044 -0.150420861532324
0.0501696661424638 0.00474014027496685 0.0175602326860709 -0.146641193815427
0.0294962639543756 -0.0347292132054825 -0.0533706053913499 -0.118375987658768
-0.000566634084358573 -0.0479881432654632 -0.105296062018599 -0.065740588323008
-0.02859400612117 -0.0354507016655011 -0.104261312318662 -0.0285462912215894
-0.0409834312282151 -0.0248158722861808 -0.0733730934409057 -0.034311597784328
-0.0409870381433715 -0.0267439393695222 -0.0546402237403782 -0.0721430627063638
-0.0332165510060281 -0.0497074254959826 -0.00720457372499843 -0.109064989229718
0.00302829787737323 -0.067810458578325 0.0706418929523897 -0.113323411466019
0.0561682642425661 -0.0540582897119172 0.133497901999951 -0.0287570284625187
0.0852313861353245 0.0295525225220516 0.0773983118106089 0.0583978130143306
0.0151986727276155 0.0903958565490229 -0.031380614946287 0.0534972621391564
-0.0423054779424185 0.0683580192606244 -0.0131563800967974 -0.109743819899286
0.0486223641545539 0.00468457528834925 0.025650355144304 0.137542255989969
0.00810476348411035 -0.0417863309474473 0.0690746635302338 -0.0515627296860393
-0.0304487592993578 -0.0264733000098823 -0.0830059842544972 -0.0836750638885425
-0.0254092944424008 0.0198759796586548 -0.155348789803911 0.0277177095421608
0.00173585819639778 0.0224251174859032 -0.0835301513602575 0.147232382607637
0.00795375824116902 0.0129381024126678 0.028741215521008 0.139374721934758
0.0123447541262078 0.00791292197605425 0.0775975071012988 0.0800526190161117
0.00630049816336498 0.00548553961971408 0.0952308317042478 0.0421503022186736
0.000222182229499939 0.00867934276988893 0.111982472936595 0.0252123318951329
-0.0117900808506516 0.0047245886383743 0.119076380941836 0.0557217031516326
-0.00864097537539809 -0.00806101802209833 0.0807500536896452 0.106921371107925
-0.00294831514439311 -0.0153333931158512 -0.0025547234338502 0.1403455370527
0.0285212057764962 -0.0238087558909594 -0.0696268596402977 0.161607480231311
0.0510284369967583 0.0059608347733049 -0.10644740036945 0.166601902718504
0.0424985457033223 0.0555058332793435 -0.0643825795262248 0.23239658480997
0.0470966189247668 0.0786826834973485 0.0119318836745016 0.132564739083083
0.0510916837780814 0.00547257912831009 0.0750034993015549 -0.0496617861057965
0.0221975555448678 -0.0227669964444371 -0.0714671611012712 -0.102197305764397
0.000304504978564904 -0.01719798459733 -0.16862070356534 0.00953083632625411
0.000589415594112498 -0.0218003821370178 -0.10004068882142 0.141568212527991
-0.0155896802017655 -0.020446539458727 0.0151381677345169 0.14233877137127
-0.0205338425591897 -0.00843838535089154 0.0708284096579151 0.0863139654433863
-0.0278802870713069 -0.00957458252279237 0.0896542190296301 0.0427161596933808
-0.0324664291517695 -0.0121063339134955 0.106690433289443 0.0162863872115204
-0.0361741203765742 -0.0396510359152349 0.120186507431153 0.0352946377501366
0.00229544296860225 -0.0623650172063661 0.101156083757974 0.0859543114466907
0.0435246021138416 -0.0471502009438084 0.0321086778636938 0.129905575536405
0.0934937000697532 0.00105928636607027 -0.0409823640539009 0.163440329504901
0.0879011761916586 0.082618061377209 -0.0864833525622037 0.162072981634061
0.0411275199052864 0.144444975735119 -0.0561502908354482 0.201734478325949
0.0283825571762808 0.14677322538238 0.00301750113299915 0.101709219137746
0.0820769900986379 0.0691594324940762 0.0832930018694061 -0.0578722720655884
0.0810841793358024 -4.55513338281706E-05 -0.0516555505926695 -0.130526556912348
0.0416448467652074 -0.0495187113674889 -0.173927078540952 -0.0251519870584035
0.00845648946243894 -0.0683200908530352 -0.118705587644659 0.117599682146781
-0.0340694892900127 -0.0590084883162853 -0.00937337483945374 0.131683436936198
-0.050239910213135 -0.0280440617168296 0.048901147430463 0.084234813516153
-0.0577976693953131 -0.0222331310956722 0.0702863080613734 0.0376297350461492
-0.0588997782787736 -0.0263206168250943 0.0870759671002168 0.00153600306975129
-0.0597066437475461 -0.0708516671474805 0.10884209933297 0.00294996995416098
-0.00291360662864362 -0.106993535254546 0.116507807583311 0.0439974659037128
0.0665553980577347 -0.0896225808341749 0.0769781661573728 0.102674654389471
0.149808937951771 -0.00441931434808613 0.00215246076971479 0.156816306047428
0.132207681883575 0.127598577892479 -0.0645243578851418 0.152118111308164
0.0493840552799509 0.205748430696837 -0.0484255689074568 0.149858886822518
-0.00264088531751579 0.194852479961046 0.00175448068082207 0.0447474259861309
0.0919074268337393 0.136577072430708 0.0916575533037252 -0.0766011908608755
0.130558418462543 0.041597686584624 -0.0188852687002761 -0.159490364166845
0.0916422342549516 -0.0662965650166042 -0.160307101843023 -0.0718986321653737
0.0257666597131899 -0.107612766044717 -0.129593518790426 0.0708208186575189
-0.0435172113787506 -0.0945599181587542 -0.0400786832387491 0.102586759845951
-0.0722009994723569 -0.047221486954589 0.0156334012194108 0.0717878327747025
-0.0794187878374457 -0.0331330461523644 0.0408517528152945 0.0274967620884251
-0.0764160383587209 -0.0346923364750831 0.0576685142602156 -0.0143125917603754
-0.0768964215937931 -0.0860648845328592 0.0856488482916861 -0.0300871450884246
-0.0138033065223952 -0.133515045363023 0.117012009832024 -0.00428412532628569
0.0696733045682792 -0.123444817634515 0.111528005417913 0.0623145897965168
0.181259980271115 -0.0235764449850693 0.0406348401444416 0.135199991357549
0.159765847159428 0.142715206336177 -0.0502421097510993 0.135300825123089
0.0526501270286078 0.233875264112659 -0.0483737592552457 0.0849201616759788
-0.0426450555100982 0.207652583649769 0.012184220068054 -0.030598003597013
0.0680740643980699 0.186017571705121 0.101003558033009 -0.0991436083014558
0.146074188704535 0.0904741267921071 0.0264058430739439 -0.177122688294734
0.13069944880021 -0.0563149012820664 -0.116767774409662 -0.119777875454093
0.0486444197579836 -0.123138220412062 -0.123318954390337 0.00489664463274144
-0.0382562958654329 -0.116850234727224 -0.0706012857383832 0.0552276765177139
-0.0804405860434948 -0.0625508286311284 -0.0241736821674387 0.0478149947978994
-0.0887198141877704 -0.0398164940867052 0.00601107667053858 0.0130538928892853
-0.0822521992903979 -0.0394133898099614 0.0236886234166132 -0.029957650468084
-0.0801983958796204 -0.0898421663409967 0.0555424410202109 -0.0573236783006173
-0.0190305658156544 -0.138983670422094 0.104274518825356 -0.0463422626258183
0.0659928734021336 -0.133452580749753 0.128228346667653 0.0219238937718353
0.184156482834627 -0.0306749983428973 0.0639237730184598 0.107726708727975
0.155595274507038 0.14201730459635 -0.0442560718296204 0.112890858264959
0.0436720635258823 0.228003746012125 -0.048592129145839 0.0189349827198829
-0.0670942000995515 0.179834422887429 0.0331131026223877 -0.109078024948065
0.0286387523396141 0.187569499102735 0.107284417029867 -0.124704966484988
0.122362566034817 0.114907729700373 0.0649257403924009 -0.176802569195204
0.134079689289109 -0.0324253936256355 -0.0602652841480583 -0.146023159972733
0.0583473040215624 -0.111386367670523 -0.0993348584052413 -0.0559952089092913
-0.0276810026168504 -0.114777862791329 -0.090357179727439 0.00213622079957061
-0.0745225935246113 -0.0655091291016495 -0.0602987556405549 0.0187584303620958
-0.0851864667812128 -0.0400544146349531 -0.0277110872237877 -0.00396210249055595
-0.0775839651484678 -0.0379999981596158 -0.0109390082225215 -0.0454358469776819
-0.072532279348799 -0.0833864541626414 0.026096731418415 -0.0795855186678621
-0.0160030025443927 -0.126672983919849 0.0877682030992686 -0.0792798848286488
0.063136327257983 -0.120166594815652 0.131931981897758 -0.00829366147229583
0.163622608938738 -0.0192961476449469 0.0741517596814151 0.082076024679535
0.122694132582781 0.133050645437614 -0.0409048414438536 0.0902386833991674
0.0203492400851543 0.193285613264566 -0.0450663126477249 -0.0395704369159722
-0.0699657819209184 0.118596461516166 0.0518588482239936 -0.175055283958591
-0.00853685975176763 0.142640426574509 0.10999539720885 -0.141821615964672
0.0740707636298016 0.101700150939048 0.0890001012393169 -0.165623327090092
0.101877780877202 -0.00973703460645602 -0.00938563644474073 -0.151757995675469
0.0498546358736274 -0.0783950659652235 -0.0716152629744777 -0.099055925491683
-0.0146738087361449 -0.0892801701981979 -0.102330515420422 -0.0398159611968657
-0.0570686790656136 -0.054529553968304 -0.0878086660393414 -0.00775827060666297
-0.0683286220055072 -0.0332827279705504 -0.055300343026458 -0.0202537601382477
-0.0642498101865591 -0.0338300892947823 -0.0389552799064255 -0.0590180777719065
-0.0564239450698237 -0.0686829874050858 0.00196529139166971 -0.0967684919938052
-0.00824306866744307 -0.101892401349674 0.0743380787491878 -0.101548805258824
0.0607695546865521 -0.0914617199349205 0.131910621728798 -0.0270612272126943
0.128928239182314 0.00351468229831908 0.0776855366554788 0.0652467225803862
0.0728862458445816 0.117192402489843 -0.037132716688042 0.0704061252424654
-0.0108424560681194 0.138988886209792 -0.0346269182042726 -0.08332640219702
-0.0572092854394654 0.0371957614206229 0.0580265671687965 -0.215336305331228
-0.0332311530513143 0.0686125883489192 0.102592364505533 -0.149189151958783
0.0226806821096023 0.0596296549660755 0.0916842709336812 -0.154299173464491
0.0497444316946949 0.00356844850775247 0.0149903911894846 -0.148996731689551
0.0280682443784922 -0.0358345913286974 -0.0576316869239515 -0.119429029271448
-0.00212180799191526 -0.0479631600255337 -0.108209093554843 -0.0621677654823113
-0.0304161743903909 -0.0344911228835753 -0.105390054957362 -0.0244505290802943
-0.0417227359817687 -0.0228179466688448 -0.0742451288432104 -0.0317369874577638
-0.0414796271191918 -0.0256424365043347 -0.0579482779435733 -0.070405224575239
-0.0353056804833397 -0.0486395501173513 -0.010101920938079 -0.110119423954114
0.00117627596323825 -0.0689477035735636 0.0685629792758933 -0.11684365898357
0.0544294532919536 -0.0556747716792816 0.133496268364988 -0.0329206278760656
0.0861356469466208 0.0265794690509204 0.0787298542118313 0.058088232666866
0.0181305342333453 0.0911575316418036 -0.0310538278161703 0.0563363619355395
-0.0410650077642447 0.0703842857324438 -0.0168076390809981 -0.109716369493632
0.0485604155764132 0.00252072038726421 0.0318728536068055 0.135198150382737
0.00597811703920512 -0.0419740889007576 0.0646959453141084 -0.0551774272829415
-0.0320725404800531 -0.02489252570969 -0.0868270432039269 -0.079806812658971
-0.0243547422808715 0.0213046745908273 -0.153463106212244 0.0336147764806641
0.00352342595398363 0.0218907679194229 -0.0750879817627746 0.150732702350066
0.00889191907145848 0.0127051151459035 0.0356568040464529 0.13587921944191
0.0121018585478307 0.00734520060553035 0.0797774446859268 0.0753530401324675
0.00614962776422211 0.0047298930175554 0.0960823057367342 0.0370964120044382
0.000689213578282598 0.00828736657974066 0.112236776478233 0.0177114278698866
-0.011224606369722 0.00512120342005942 0.12174045592521 0.0474394824035098
-0.00864360650514529 -0.00754291870772452 0.0867392506394104 0.102845845743481
-0.00312597774605339 -0.014691263044426 0.00351595895367071 0.141897859782939
0.0267955671492224 -0.0254733933676015 -0.0612796133793629 0.165042057030163
0.0504613609481351 0.00417762956368928 -0.0991067048027062 0.169420428822799
0.0455599159616355 0.0539928429467151 -0.0539695358378375 0.233792609316076
0.0510592550760327 0.0768640193326449 0.0181318083146247 0.131046241276363
0.050873927200335 0.00274772370121112 0.071317400610756 -0.0535486227914484
0.0206371788593425 -0.0240060596756169 -0.076305766832394 -0.0999859982631404
-0.000615546118173667 -0.0168260652200794 -0.166917911257698 0.0168193346853195
9.19272554127811E-05 -0.0213162569823227 -0.0921723475813083 0.145976474701027
-0.0163557716362129 -0.019454790580553 0.0223438226556544 0.139828583304686
-0.0209194730672862 -0.00729022606513318 0.0734748332289304 0.0807255005448604
-0.0283288385546785 -0.00826934651268024 0.090853555698031 0.0369785837083411
-0.0324920856696711 -0.0100657654064016 0.105983907620053 0.0093761080848246
-0.0376406605737003 -0.0374762881253924 0.121562792888911 0.027696340606965
-0.00184813531521428 -0.0616903950825899 0.105781273743644 0.0793342966681864
0.0408952544455768 -0.0489072107835524 0.0374225342562307 0.129873210548606
0.0925498549063619 -0.00347772569607239 -0.0331426785382335 0.165644864873949
0.0916035087244906 0.0786382759324285 -0.0803524605651028 0.164118658750193
0.0486070620010331 0.143120605777729 -0.0467415260389252 0.202762944369642
0.0361774381325433 0.145641103164587 0.00706970023293347 0.101272424436592
0.0853553538908625 0.0646257573601301 0.0799083987796919 -0.0623373074258361
0.0803929151443165 -0.00411530885162154 -0.0570794451222734 -0.12947824500178
0.0388245504877396 -0.0508433978664564 -0.173878502124139 -0.0176874710202976
0.00479520308703955 -0.0686156421173837 -0.111767107923461 0.122218844172623
-0.03704109209721 -0.0563747500071634 -0.00206692174781691 0.131260387939432
-0.0514597795039745 -0.0251928870018584 0.0527053011756205 0.0806219641989796
-0.0584006410825407 -0.019389990732156 0.0717761580530175 0.0333886956170521
-0.0598626747178431 -0.0228406991442445 0.0857902249831547 -0.00367829039401943
-0.0639654638307764 -0.0668741396256538 0.108916445184664 -0.00395280161988831
-0.00930384957302929 -0.106826317363511 0.119195422728472 0.0370774968018199
0.0616327026257771 -0.0924744944388435 0.0801550071331332 0.100135531916757
0.148519689953045 -0.0125909792239795 0.00866549999160961 0.157388354898732
0.138262983511407 0.121055872292465 -0.0590991059799649 0.154533682570997
0.0592365970831643 0.204251880949461 -0.04163784636187 0.151499848425894
0.00761392255523875 0.194533494807702 0.00300082064616677 0.0447554063148179
0.0973849950865856 0.130967118475925 0.0870662395217488 -0.0803465634649237
0.132106677312075 0.0342723665920558 -0.0254419689071908 -0.160362179736032
0.0876890777609245 -0.0700931661553018 -0.162148937861958 -0.0641941674158646
0.0193530448694729 -0.108281677578489 -0.125099585060194 0.0761642263663803
-0.048607099958428 -0.0910234465055883 -0.0345510022052974 0.103764384718678
-0.0744904968844884 -0.0430178216293397 0.0193697360849447 0.06963452420285
-0.0799294159828924 -0.0279692752603401 0.041919010551066 0.0247248507578447
-0.0769979544607059 -0.0303718414887207 0.0555518561222212 -0.0181857688523481
-0.0814151354194501 -0.081337283906802 0.0836218236135565 -0.0353703097802688
-0.0219071113713116 -0.132215490903609 0.117034488845652 -0.0111397684447621
0.0625715793799449 -0.126342512599181 0.112509976795483 0.0570434700741155
0.178818599028441 -0.0330462902332801 0.0460577044021239 0.134457299145139
0.166786763130982 0.134486312463046 -0.0455991371745634 0.137219598568458
0.0640230138354177 0.231799649041609 -0.0447121406243359 0.0865081249124895
-0.0316433019402906 0.209499791081703 0.0105133809041169 -0.031150191410974
0.0763623531903574 0.180779893663228 0.0954795133002017 -0.10343013777276
0.15034645075274 0.0828733132210842 0.0192981100664584 -0.179457850330005
0.127112947922031 -0.0621626745689813 -0.121082323145 -0.113997337295518
0.0416965832568388 -0.124889421152724 -0.122241125367844 0.0100574442457694
-0.0449651294452797 -0.113364409751788 -0.0672063758338756 0.057821061995142
-0.0829092220454146 -0.0580685373024605 -0.0215345303434915 0.0488950282539417
-0.0895939992823438 -0.0347291177393272 0.00693222923736178 0.0123805234343326
-0.0829011318418569 -0.0348090515939569 0.0209560378085095 -0.0318523127520338
-0.0849331777256254 -0.0850852158425073 0.0518113489722273 -0.0605114252611507
-0.0267812590173572 -0.137651568651445 0.102511066751745 -0.0526945702303204
0.0586324551609349 -0.135662226049505 0.127541512168114 0.0155441806591359
0.181140931644574 -0.039910523201819 0.0678851261001584 0.105998154750461
0.162392999745216 0.134153377063999 -0.0405940277873861 0.114967813265354
0.0546652821703515 0.22644341415887 -0.048057015540277 0.0219883900332449
-0.0574464953588393 0.182638733438281 0.0268797395339777 -0.109657408510711
0.0377672866938026 0.185377446898885 0.101594031117956 -0.128456576863038
0.12805419323558 0.108193833562701 0.0579979271207231 -0.181215509936709
0.132040225476432 -0.0389648540220137 -0.066029676074794 -0.142822619021362
0.0517502410398551 -0.113811995559586 -0.101030625204206 -0.0520506747264221
-0.034239464466867 -0.112068307726397 -0.0904108103997098 0.00734999664358656
-0.0779178872084851 -0.0604917697646392 -0.0581723945341939 0.0219717463925765
-0.0857203370135614 -0.0347669413247818 -0.027369304227494 -0.00240825171907712
-0.0784608629482831 -0.0342404220872522 -0.0135619243289845 -0.0453676225639379
-0.0766944765430578 -0.0787394416780203 0.0212753398011641 -0.0811086859284602
-0.022745726432979 -0.125507794538595 0.0840724239156412 -0.0850497046401567
0.0566053168345038 -0.122388960709588 0.130735100734471 -0.0155077371115681
0.161337845459902 -0.0280104868567295 0.0769368093335457 0.0797051929454583
0.129564329917174 0.126101535083122 -0.0377107435268775 0.0928794060261999
0.0299923815087567 0.192821415138914 -0.0470197484564928 -0.0362215542440674
-0.0639478081014274 0.121258186702757 0.0442286817677822 -0.176085266919486
-0.00199369133576482 0.14186258390889 0.103901489223987 -0.145282804589847
0.0791466409098347 0.0978772943940319 0.082021272131985 -0.169530102837949
0.100267726351046 -0.0147941336452533 -0.0156371742760743 -0.151252454806292
0.0449436804764152 -0.0809313739067072 -0.0765530440914939 -0.0974089582407323
-0.0200593296567472 -0.0871098308762128 -0.10399851011488 -0.0340004169073252
-0.0596770308378353 -0.050884011754707 -0.0873130307937595 -0.00196691962403455
-0.0692944970096417 -0.0285969522397146 -0.0558231046876947 -0.0162479353733494
-0.0645909734046767 -0.0300519364226436 -0.0419747474551238 -0.0569605058780202
-0.0596856158103988 -0.0649258897824102 -0.00192806433802701 -0.096875229274937
-0.0133234911501064 -0.100584672913277 0.0692594127143047 -0.106230274530728
0.0556031544404447 -0.093657663954717 0.129087562865916 -0.033314812635485
0.128406752371675 -0.00343564126865912 0.0794235343947747 0.0624861632118835
0.0787988803712885 0.113357056225192 -0.0343992318230764 0.073245606918041
-0.00427722819186385 0.139937390128871 -0.0381035711119778 -0.0807618007407531
-0.0545372402522298 0.0394395313748196 0.0482866885835842 -0.217139576159869
-0.0294628596333206 0.0697903024391292 0.0967022233590362 -0.151388239389932
0.0252058704443135 0.0583432252563748 0.0858951695189099 -0.158194696312298
0.0493825929141143 0.00149643768658152 0.00868642806433946 -0.150020669519721
0.0259014325788548 -0.0373416773987076 -0.0640111013916503 -0.117195738392744
-0.00493698776900298 -0.0473557187326957 -0.111299130630564 -0.0557685810973449
-0.0319246746709385 -0.0329632120083877 -0.105197268118216 -0.0177235798263597
-0.0424280540249575 -0.0195447471685329 -0.0748233163559727 -0.0272422302476397
-0.0428556356239819 -0.0234087449322998 -0.0604492260047728 -0.0665664076532747
-0.0380581976742721 -0.045937683948514 -0.0155223372625777 -0.108485808161579
-0.00250003925254412 -0.0679356063525813 0.0626990896754605 -0.121067433430886
0.0518266840358557 -0.0584222519886724 0.131098631384928 -0.0394156639099022
0.0866623006648625 0.0222714695667303 0.0807949477530703 0.0552790794828804
0.0234236410534395 0.0904327880515297 -0.0287391626103046 0.0586690403376204
-0.0372364326820039 0.0729359055722346 -0.021458724813198 -0.108033731424877
0.0475733133477416 -0.000125080145103139 0.0379757133929971 0.129354118284768
0.0040165860996183 -0.0403744876475799 0.058965875857255 -0.0571782604834268
-0.032664801760251 -0.0225074564431167 -0.0877067973507964 -0.0738751789751412
-0.0224423293409285 0.0220570491278615 -0.14697945478811 0.0391390275851316
0.00479702167948316 0.0207684170410386 -0.0645417742191214 0.149598364345819
0.00918035005442767 0.0114286181439833 0.0409225133025498 0.129307088142612
0.0115589299423478 0.00679965362359747 0.0792939589373231 0.0677950690721522
0.00600744873685272 0.00392727904161387 0.0940696684839351 0.0295198119200548
0.000823821177452891 0.00781795800948929 0.10928967053612 0.0101402897950425
-0.010644101712718 0.0054582325264788 0.120563093534828 0.0383055079961361
-0.00908299535562155 -0.00690147892642482 0.0888255182543654 0.095511020785809
-0.00348983802346684 -0.0136022596085444 0.00983015282007323 0.138989647052822
0.0243016516115086 -0.025757147383761 -0.0513799507438315 0.161926277028373
0.0492789461838063 0.00108703762118346 -0.0895976642785928 0.167138668618916
0.0475867013397623 0.049826668001807 -0.041921178606994 0.228291229300151
0.0536814229396462 0.0716107616636345 0.0242581120212619 0.126282142191085
0.048752130241698 -3.43052038782115E-05 0.0657979397351979 -0.0552401414871032
0.0185207590946406 -0.0247356206644831 -0.0783897933067297 -0.0937609765631539
-0.00149377558040807 -0.0158694653451378 -0.160321758177961 0.0234093125420247
-0.00152784587973569 -0.0204755959978706 -0.0813943314284715 0.145082181823634
-0.0167970671097072 -0.0173776520259183 0.0289861347922465 0.133482396317472
-0.0207291490113814 -0.00571651556329794 0.074392237979955 0.0731369846969345
-0.0271861510519625 -0.00581296280208364 0.0890696660398559 0.0300658184660211
-0.0319232462450978 -0.00860177544835927 0.10176575963301 0.00224923879031219
-0.0385820170753642 -0.0343310887200508 0.118934923807175 0.0189519746888748
-0.00563136734705112 -0.0594757940298234 0.106598217033835 0.0718162607257816
0.0374712948038354 -0.0489067072620944 0.041268687885873 0.125368713478242
0.0889113635389988 -0.00846246528292362 -0.0243513268652357 0.162562359286896
0.0922415805471447 0.0717401714069278 -0.0716962223467798 0.161143276023405
0.0545478154255348 0.136665379830313 -0.0360850361490137 0.198944045444792
0.0427076443960797 0.139085211116667 0.0121405726364086 0.0980278008228709
0.0851778605053087 0.0576349292179471 0.0731589784027489 -0.0644495686678502
0.0772329121829825 -0.00881237776937167 -0.0614750530376406 -0.123971519965217
0.034772568922003 -0.0511439399667684 -0.167950253987804 -0.00889757003104016
0.000103285464359601 -0.0659984780772159 -0.101292098541752 0.123020143334057
-0.0388359512925944 -0.0514951859424479 0.00449078196969638 0.126152002327382
-0.0514730909880442 -0.0214643375857257 0.0546570636520292 0.0741048881627651
-0.0569558124466851 -0.0150966225094584 0.0704649662165747 0.027861168020742
-0.0583693731946125 -0.0193251841913294 0.0814834991059796 -0.00944069357157838
-0.0650068280350642 -0.0605881203577453 0.104463333132428 -0.0104630022522087
-0.0155197584467161 -0.102085726453778 0.117576377614086 0.0286636758347
0.0547832848117266 -0.0918099943691539 0.0816674201823831 0.093920798153138
0.14204461565115 -0.0200038294653612 0.0155935633213821 0.153158713518483
0.139246176002457 0.109965714920877 -0.0511418899523917 0.151884213089419
0.0680350873103009 0.195611792956809 -0.033752462200027 0.148082800273527
0.0175161348564052 0.187756287162749 0.00473616977164568 0.0438523868586565
0.10100890238545 0.121071571901821 0.0803432090569926 -0.0819497798441011
0.129195940344355 0.0254326650680867 -0.0319181537617445 -0.155357753123538
0.0807444021920889 -0.0722897040618969 -0.158822765197935 -0.0551256189158502
0.0127816357716751 -0.105310483362954 -0.116926035233766 0.0785052099198405
-0.0522951852607364 -0.0846538995513051 -0.0281100091341974 0.102026854254235
-0.0742400257266901 -0.0374606124611459 0.0223783362995137 0.0657664354204402
-0.0782937776257746 -0.0220424696994065 0.0421108835672891 0.0214253534841329
-0.0754243904336442 -0.0259031285238598 0.0514655709623656 -0.0211174546957033
-0.0827766137320024 -0.0734802094304129 0.078391358720019 -0.0396772592296778
-0.028983778207268 -0.126542224810679 0.113213535627455 -0.0182115395202426
0.0534174788859851 -0.124961644579099 0.111247474342051 0.0506324535751639
0.170617343429985 -0.041431430564972 0.0500999262301247 0.129237696897438
0.168479334177244 0.121343059032828 -0.0394415104296116 0.134880581019709
0.0733531805492305 0.222533223164662 -0.038832331825708 0.0863651912491251
-0.0191207856402256 0.204240200492992 0.00820960992246859 -0.0290902965751259
0.0823983005314892 0.170840068815353 0.0879119050716312 -0.103906014534283
0.150073624740346 0.0717264517976763 0.0103751631090025 -0.176343013298734
0.119273789791064 -0.0665504449340459 -0.121183440576927 -0.10523581407288
0.0329933934438636 -0.123113277432469 -0.117660266896357 0.0141788648172688
-0.0498527437591036 -0.106164201943261 -0.062598568945622 0.059825469483249
-0.0831442343589941 -0.0511471254666957 -0.0178285799541543 0.0479557186201816
-0.0877500108059411 -0.0279225477810981 0.00767415023617955 0.0117944204396014
-0.0812505714783644 -0.0293628038650823 0.0175876136587174 -0.0318873875865282
-0.0863847023024346 -0.0768136445922306 0.0472086615205705 -0.0624680328064975
-0.0339159846954474 -0.131647075273171 0.0969308547757952 -0.0583522055678288
0.049236765869958 -0.133953714138426 0.122900585880319 0.00905597630457502
0.172099876723678 -0.0489680415442013 0.0700630398412462 0.100908805349116
0.164114354660503 0.121557798621601 -0.0342697372352889 0.114427690635759
0.0635022787970177 0.217575406426699 -0.0454663697129446 0.0239157624399179
-0.0455051843931607 0.179610108550935 0.0210557331923416 -0.106962133163956
0.0450266386758095 0.176780296639372 0.0925503400568092 -0.128325643988133
0.129096552506918 0.0979400410279444 0.0477749020214095 -0.179015402750859
0.125393525047482 -0.0444316020042169 -0.0686968339733779 -0.136279563311236
0.0434060953654307 -0.113197342537573 -0.100677352247092 -0.0471509250370535
-0.0390677812361478 -0.105740525725824 -0.0875477944099238 0.0118153302530937
-0.0783605763251557 -0.0541805881305343 -0.0549906210393144 0.0245986345663821
-0.0841185349431233 -0.0277307628431872 -0.0259870379918653 -0.0010684290052659
-0.0773981557098873 -0.0291139406062997 -0.0159149682843716 -0.0431557486076468
-0.0776229999917096 -0.0713622106183084 0.0173129964749342 -0.0800850616049553
-0.0290816242137685 -0.119979541033639 0.0772902138548798 -0.0876716588520829
0.0477302177653313 -0.120795227891347 0.124683665455066 -0.0213341415704323
0.153861780822588 -0.035990568247117 0.0775128452395156 0.074894697278039
0.131908906486985 0.115533164230287 -0.0321738600475803 0.093242081708769
0.0380720620648099 0.186081120102918 -0.0478067611505266 -0.0326610603068357
-0.0551795334128495 0.120387418139029 0.0341952536349907 -0.172071782934216
0.00465411793959226 0.137021748490737 0.094529792643027 -0.144347376651734
0.0812363130669217 0.0903961499837789 0.0723645352862928 -0.168986213334582
0.0961908065071413 -0.0197470435486495 -0.0210097559189066 -0.146190037014987
0.038943534569742 -0.0802004522245115 -0.0791290077381556 -0.0919868613268508
-0.0242826555581131 -0.0825956856112712 -0.102631871995601 -0.0269466683410315
-0.0601645710755043 -0.0460336843364615 -0.0842688720319228 0.00309118242239918
-0.0674181925512481 -0.0234796326117533 -0.0539246708903151 -0.012911855214711
-0.063775762021025 -0.0253164054745874 -0.0431831687578327 -0.0524858013318584
-0.06142588499722 -0.0587612457693345 -0.00673734783183991 -0.0937171885423915
-0.01823585488325 -0.0961201964719555 0.0617003418764208 -0.107249048468523
0.0485917241516078 -0.0926853466776614 0.12311356538621 -0.0380149176688132
0.123040688573578 -0.0100356279045511 0.079289283220656 0.0577395871655247
0.0822003768928951 0.105451159606383 -0.0290025214059092 0.0738138039504009
0.00258872936166606 0.136491144982662 -0.0411236106695446 -0.0760565388213841
-0.0504945632039433 0.0407716240482772 0.0367297657371966 -0.21144492346253
-0.0253012087820934 0.0692457301928678 0.0880522643039772 -0.150597962537537
0.0277096373706973 0.0551041684155948 0.0766082113061437 -0.157257159751438
0.0472138082064601 -0.000985527158844371 0.00305146775808294 -0.146549797111058
0.0229347109445885 -0.0371096789233688 -0.0688222478976242 -0.112346649310321
-0.00734331111244903 -0.045559091089216 -0.110956755857429 -0.04808683332304
-0.0332948245244349 -0.0299399145691928 -0.10195782159756 -0.0106400191423982
-0.0414634950913516 -0.01615813312342 -0.0732164626798637 -0.0226770833341147
-0.0423541486089379 -0.0192195751762971 -0.0614682304933954 -0.0606528369457088
-0.0394262605464021 -0.0415033579446949 -0.0200773405773602 -0.105056676157107
-0.00578403582502557 -0.0659407782658225 0.0545726092613234 -0.120625979392289
0.0461815233698673 -0.0591851483980495 0.124075295766836 -0.0443676740365974
0.0843804093361847 0.0166010547735046 0.0805399581482421 0.0505064264393098
0.0279564837334598 0.0865856795450639 -0.0243611515786084 0.0590958345240506
-0.0327134051472006 0.072272181230625 -0.026276194506176 -0.102501299820172
0.0470902514401562 -0.00543899490710194 0.0467441581626468 0.117557257848507
-0.000314864208591263 -0.0385065828584977 0.047992520773429 -0.0592162024734517
-0.0346540198773512 -0.0170645113441209 -0.0901292670513887 -0.0580180282948624
-0.0189919926391036 0.0230002306108366 -0.132499473424031 0.055111453849035
0.00610723554002552 0.0187471955042288 -0.0416533718673426 0.148275757937336
0.0100545854369862 0.00960740071698741 0.0537877223504936 0.11602158473719
0.0120986362937617 0.00511100970474469 0.0821610898054166 0.0550209784834699
0.00612714129484615 0.00273013195488299 0.0903557256313406 0.0150898129325525
0.00105054949254242 0.00596963610803495 0.102009952345852 -0.00385236464558062
-0.00930627870948772 0.00529329400074855 0.117513344030086 0.0205981184308417
-0.00924469651981496 -0.00623546213213688 0.0944579477930472 0.079910930104808
-0.00314728921804752 -0.0127640326565168 0.024586616924996 0.132657352179086
0.0199210953702668 -0.0272886113732372 -0.0302357338994649 0.15778114843847
0.0478737794633841 -0.00394035104351852 -0.0635098941538099 0.16580187768976
0.0532088210050447 0.0401836562125185 -0.012226016850029 0.222759969115542
0.0626303596050366 0.062649524329403 0.0316659111720015 0.110642864126829
0.0460408116416351 -0.00553917037157084 0.053294797124391 -0.0596829983850542
0.0129368275465831 -0.0251716084774554 -0.0867314810130078 -0.0791754341065214
-0.0039865079962586 -0.0140497329805906 -0.147928827276349 0.0429945355646465
-0.00456273130935825 -0.019049616603172 -0.0582288983162848 0.147080296484907
-0.0175821943023868 -0.0141638378484475 0.0424550867682377 0.12266139872797
-0.0193802482924646 -0.00270774500399681 0.0777387708862137 0.0612159465614571
-0.0258823144870003 -0.00235550263434083 0.0858331796857312 0.0169889014322987
-0.0308730474319567 -0.0047513617009498 0.0936775250020917 -0.0103542782894063
-0.040250714233668 -0.02721186692626 0.112702301378641 0.00171724617432087
-0.0132808459894426 -0.0557690188185686 0.107722235672767 0.0545724452575198
0.0299218610792225 -0.0502376124059849 0.0527480868938509 0.114164018368793
0.0820443997699598 -0.0193518391356187 -0.00304219301552305 0.154282392360821
0.0955359644656958 0.0547228177146813 -0.0439811238283135 0.159900234927117
0.0699440473755376 0.119362092398997 -0.0109489478779919 0.195790443213821
0.0602445411555356 0.129188492719135 0.0166883966541474 0.0805482173788199
0.0858732143757923 0.0441261278187397 0.0578149572358338 -0.0703913553253734
0.0705946810222111 -0.0173466646862496 -0.0764283368921272 -0.111066774733352
0.0264225776953461 -0.0509805123106144 -0.16143849514464 0.0141383873590349
-0.00764990149319185 -0.0619276810011531 -0.0807275318398969 0.1304725615299
-0.0419647831837115 -0.0435257277748918 0.0179045674762777 0.120305291405444
-0.0494302027420504 -0.0140363869163778 0.0586853950609318 0.0648935159025405
-0.0547526533305744 -0.00724878680064386 0.0685488151032622 0.0168905832113262
-0.0569776992237056 -0.0116099327716595 0.073536332022579 -0.0187819789454948
-0.0682096933853621 -0.0482551076404165 0.0942922916378472 -0.0240565087957453
-0.0282809747085596 -0.0935495406528315 0.111778804505174 0.012592406977755
0.0405861810622707 -0.092143444318813 0.0859858479906356 0.0788288345585256
0.130001559272707 -0.03772468072555 0.0342262135225633 0.139411486307248
0.1428998056425 0.0844795706720481 -0.0228485908130237 0.149392129485763
0.089634143876936 0.171889237640737 -0.0133244757519587 0.150242749581419
0.0424145627429935 0.179074927043372 0.00560810945300528 0.0262749060300674
0.107418980830268 0.101982295390366 0.0621226553762262 -0.0898110167498197
0.123336703258992 0.00860593963991763 -0.054662372420052 -0.146473953991078
0.0673783466023701 -0.0754928423773993 -0.159962511420219 -0.0309056784090487
-0.000830174124788659 -0.0999843485041265 -0.102723856567567 0.0915167198473629
-0.0582314919646686 -0.0726290397967993 -0.0162834196206013 0.102661042463325
-0.072883783192837 -0.026094060614923 0.0273184119006219 0.0617903657480489
-0.0753439901247703 -0.0116542787824257 0.0414277753759852 0.0149007078511681
-0.0732622671873953 -0.0152056158400133 0.0432669979654488 -0.0256782728692299
-0.0862883086918497 -0.0579000997166668 0.0653739464983306 -0.0477831747820539
-0.0438088552755 -0.113821543849371 0.101463580877722 -0.031208049784155
0.0353360876169258 -0.122557145470138 0.108209667226496 0.0333828266890916
0.15320042874407 -0.062298772330803 0.0645176246786563 0.11263367043992
0.170921761204105 0.0918075024845441 -0.011504429626503 0.132358579726771
0.097379234821388 0.196205372513874 -0.025066561797449 0.0933617282470081
0.00837003592443726 0.199268762068779 0.00251072914509127 -0.044738237700299
0.0957556742648595 0.150748616756984 0.0672527913387583 -0.112812463986738
0.147960240718493 0.0493909857035966 -0.0173063217734393 -0.172871248902694
0.10438246216777 -0.0747975225310288 -0.132072731828586 -0.0842404455396906
0.0161409101991143 -0.118789391553321 -0.11344686759334 0.0306666517710564
-0.0589498467350227 -0.0930218918862542 -0.0536940029603421 0.067618926585821
-0.0832126650824982 -0.0378387023148671 -0.0127342351168505 0.0501400540701743
-0.0844807127179332 -0.0150248042989259 0.00818725661292879 0.00988984675697325
-0.0791845948253317 -0.0184941483688914 0.0105069640558187 -0.031648592471373
-0.089569893325005 -0.0602697522782099 0.0330572631628012 -0.0653130187234167
-0.0487846214248291 -0.117943316792547 0.0812629850959762 -0.0668809806527191
0.0294734733087814 -0.129920506088671 0.114629735310433 -0.00736650055851337
0.153482029183393 -0.0692294794397729 0.0797085199570765 0.0833209492780165
0.166429221017481 0.0918419672446503 -0.00973036956019969 0.113099623036323
0.0867323041563636 0.193544906714755 -0.0388207499492049 0.0341484213657156
-0.0208328691794646 0.178797215195623 0.00826353620240567 -0.118474166004941
0.0609900846487431 0.160478830371446 0.0708600950044056 -0.136593369276923
0.131397063985696 0.0762606757637484 0.0194386227612475 -0.180949322930324
0.112055093162118 -0.0543620146862805 -0.0864053177700719 -0.120697447829149
0.0272749347902772 -0.110647989518568 -0.106185916492493 -0.02988286501734
-0.0484822917040269 -0.0940308827051175 -0.083890252263657 0.0250481777433024
-0.0791801858752227 -0.0416479330570587 -0.0509726620195381 0.031994360039109
-0.0810856698366683 -0.0159871296008114 -0.024638892905753 0.00252069683642715
-0.0753843451859022 -0.0180040623112262 -0.0218812404942959 -0.0377167231582812
-0.080806103045837 -0.055851551026322 0.00324249200828086 -0.07752022825636
-0.043048324231552 -0.106903813887073 0.0590141356947533 -0.0923513796453306
0.0296158185757728 -0.11746359494192 0.112334085756572 -0.0366815762831965
0.137650694915238 -0.054551361202646 0.0838184049850499 0.0587172198408391
0.135708023118248 0.09014393699919 -0.0110925164812862 0.0935890376760358
0.0587399013365754 0.167406408522642 -0.0479769304715082 -0.0195063271345077
-0.0377079285704509 0.1216318771269 0.0150034235153062 -0.176988735860123
0.0186451377040587 0.127763389149751 0.0723184005275356 -0.150837313341636
0.0858573314225949 0.074504329245948 0.0457306475771204 -0.173270199011814
0.0878823468980922 -0.0284153072833969 -0.0415774704642036 -0.137937487709295
0.027142273792946 -0.0800091311652485 -0.0903346434534514 -0.0762536393016025
-0.0323752295794006 -0.0743266921827041 -0.102466167108289 -0.0105275455791131
-0.0611486290154629 -0.0353984373092474 -0.0807361274820202 0.0150191303603671
-0.065271660262478 -0.0135967591787052 -0.0519939277689027 -0.00526075597294434
-0.0621818402906939 -0.0157557565427466 -0.0484497909554024 -0.0433447550698036
-0.0637683049425836 -0.0462438902772543 -0.019937498227569 -0.0873741514040576
-0.0298314295274395 -0.0866802811013652 0.0435688756117804 -0.109195455034915
0.0332232056107138 -0.0915505838656505 0.109967846962098 -0.0524553550946309
0.112230256526725 -0.0261848642944813 0.0836704020201383 0.0437407063126942
0.0891130250296385 0.0869489478374186 -0.0125529312213836 0.0758151067276681
0.0196439124308057 0.125734447698062 -0.0478843009499819 -0.0626456994826416
-0.0438247527102261 0.0441813858645758 0.0142202513332916 -0.208561054968657
-0.0164503533531329 0.0666307163544358 0.0668115304794589 -0.153566598440138
0.0314094602987896 0.0473459173240266 0.0532357457672405 -0.160881703042898
0.0436979172517207 -0.00579507267895213 -0.0170525081683168 -0.140824012416021
0.0168472978134686 -0.037521260860306 -0.0811695502193215 -0.0982205993635242
-0.0122608761526098 -0.041227004442486 -0.111303593558176 -0.0304619082075203
-0.0340516723987941 -0.0235740600156479 -0.0987896777842057 0.00306285360825611
-0.0400843683436941 -0.00946585726099575 -0.070733730276142 -0.0123950227376958
-0.0417816903478622 -0.0127076185480875 -0.0656351154256323 -0.0493642090045637
-0.0414201327011435 -0.0327038874114137 -0.0327648678978697 -0.0959195767458162
-0.0138770847430137 -0.0601669106348958 0.0362566192167428 -0.120223734083349
0.0347697534953735 -0.0599364873018098 0.111002603366747 -0.0585493942350606
0.0798613221436506 0.00325239786924523 0.08314298342099 0.0379348264109126
0.0367676795129073 0.0757415359985338 -0.0120784132996562 0.0619284113361591
-0.0212492897840304 0.0715110752849491 -0.0383624242915601 -0.0914998483678715
0.0450816362336313 -0.00521009647270725 0.0433003553292416 0.111576427640923
4.83066185340806E-06 -0.0364466370318105 0.0461041680535352 -0.0552205172498906
-0.0332488819392916 -0.0158355258888244 -0.0848085200891183 -0.0564664743939543
-0.0179266533977115 0.0221713396064431 -0.126384365352374 0.0500879635874036
0.00626709697997787 0.0174376025628219 -0.0405022597831654 0.139692010684721
0.00927198217188399 0.00908395363684077 0.0494196200536618 0.110288620177436
0.0112692715480329 0.00514753320067842 0.0757888031755194 0.0526135385698169
0.00520940987044521 0.00266094366040713 0.0848512501188088 0.0148392104057409
0.00129301836747638 0.00503791072581376 0.0959886845787296 -0.00308055396535608
-0.00892961382008603 0.00470990839515908 0.11048628751806 0.0191846841222469
-0.00851932994884815 -0.00617955817078246 0.0891636525247822 0.0772342092250083
-0.00268355678248555 -0.0126639430443956 0.0225111375405857 0.12775987082524
0.0189711932390586 -0.0255388745685017 -0.0310656169616683 0.148866009299122
0.0451933058376968 -0.00335336267729089 -0.0640898054462726 0.155292662017082
0.0504582305897668 0.0383499854649769 -0.0142496144451404 0.209952489674591
0.0590965418702562 0.0601340203728788 0.0290505782985613 0.105898684738275
0.0434273000040025 -0.00527591768175052 0.0499969632874905 -0.0555658179344814
0.0119643422945698 -0.0233714424450655 -0.0813867485978726 -0.0765760451835792
-0.00336486526276146 -0.0129098934402191 -0.140580854188432 0.0378876941772591
-0.00406266409735535 -0.0183180717194125 -0.0566911352612029 0.137857662704726
-0.0162020839918114 -0.0133967319276292 0.0385848892802582 0.116119925684338
-0.018071494867744 -0.00321345299247358 0.0717947371678908 0.0583877628663743
-0.0251086604963898 -0.00255718526132311 0.0809329587398666 0.0159919923411259
-0.0287658091121318 -0.00570520449174731 0.0874598498160114 -0.00987617734985591
-0.038036633065113 -0.0259450838984917 0.10625434717391 0.00130914564143825
-0.0123782295836 -0.0532432040462039 0.101745349477435 0.052021289132267
0.0288626909654191 -0.0474895514200406 0.0483969175615959 0.110086789502206
0.0775492319967205 -0.0175841156865902 -0.00525198564545654 0.146124334130279
0.0897167600227371 0.0529047652800626 -0.045098582864253 0.150110335893129
0.0651651004992402 0.113767425875656 -0.0127805367087018 0.185386228714308
0.0560718050027909 0.122922217884621 0.0151481309926023 0.0775066620967944
0.0806502199634472 0.0425476383184687 0.0552981946741942 -0.0649104215740674
0.0663647845275594 -0.0163742060681162 -0.0713100197571665 -0.106925686198849
0.0251662284133161 -0.0476327933908356 -0.152631697779818 0.00997508279667521
-0.00729289121471388 -0.0582010521299022 -0.078474142183441 0.122261358481006
-0.0396680351069889 -0.0414059345074009 0.0159253369138885 0.113247131788859
-0.0467818297164197 -0.013429350643806 0.054764420031129 0.0610770799230327
-0.0519637808650301 -0.00713042069063017 0.0641834354798372 0.0162059649622449
-0.0532811009094172 -0.0120421502740959 0.0682748797756021 -0.0177603638629377
-0.0645398655760298 -0.0457318646285557 0.0890312049002 -0.0231676687648392
-0.027155964852239 -0.0885669286233349 0.106058368761825 0.0119878686745065
0.0391987619921326 -0.086540873852758 0.0806168311313179 0.0771931893859372
0.122971823660158 -0.0340716037659576 0.0306753758177716 0.133029799335554
0.134671452040327 0.0811300851652417 -0.0249654640607357 0.141036339558345
0.0833084063334111 0.164152365438131 -0.0147145438214696 0.14231332313023
0.0387646781139862 0.169737116577885 0.00524492499740923 0.0258771002517674
0.100541497164807 0.0974225541160844 0.0595302798771725 -0.0837127628310546
0.115973268758147 0.00933450011730061 -0.0492600936885427 -0.140123080488193
0.0637551051954903 -0.0708786125419711 -0.149840597513514 -0.0320138843634539
-0.00101311632487125 -0.0942480012049282 -0.0987271104193125 0.0847335510022568
-0.0550549043378575 -0.0687764803215836 -0.0163818612895341 0.0967401999185685
-0.0686508774514843 -0.0251807621173416 0.0251791650881425 0.0579820215416399
-0.0709570676110601 -0.0111010541228701 0.0389073954728351 0.0138098368147978
-0.0691203685183626 -0.015245036684861 0.0406518172651682 -0.0242109888430873
-0.081682569149874 -0.0551400319220964 0.0619951409571473 -0.0456528774456959
-0.0419957361581884 -0.107945399316534 0.0961861337272758 -0.0302154822172748
0.0341680293142561 -0.114867601861668 0.101856627784853 0.0336630125602133
0.144564078154899 -0.0574827230906145 0.0588833646550912 0.10844096788205
0.161118137122083 0.088385901367151 -0.0136117758537423 0.125789074948735
0.0902134483521178 0.187882359491258 -0.0252693500559592 0.088527515215413
0.0054328157557561 0.188291138122999 0.00246875521849875 -0.0413131209597481
0.0889940245972781 0.143914893221422 0.0652478246899675 -0.105656222947085
0.138836105289451 0.0475815631393699 -0.0135480982236988 -0.16585736482686
0.0989948807527892 -0.0697412758771704 -0.123644582059568 -0.0825101417418963
0.0151225312777139 -0.111869617230363 -0.108348563303273 0.0263818367676133
-0.0551252086022741 -0.0881477263086758 -0.0524395911155714 0.0636176494732688
-0.0786052084780279 -0.0362504049634056 -0.0120820748637578 0.0472884917808817
-0.0795722049317101 -0.0150773368827486 0.0073134256707947 0.00891791109941488
-0.0743829522697007 -0.0182357246940997 0.00992179742086137 -0.0299288112956746
-0.0842963103286236 -0.0575325134709566 0.0314011195521411 -0.0615256773147133
-0.0467205609190902 -0.111455978863298 0.0775156011061737 -0.0639411508120916
0.0287234847126487 -0.122411579023712 0.108017636969015 -0.00466680838324562
0.144320216525259 -0.0640457390420499 0.0741607688671684 0.0811258970475269
0.157941326100862 0.0884853363601513 -0.0112681491435116 0.107575014254173
0.0807418282982643 0.184966485069402 -0.0376339531406523 0.0324886443294532
-0.021914698908103 0.168234174337431 0.00923835124506751 -0.110954602317379
0.0558070210153811 0.152356377527544 0.0687995437945175 -0.12726864397767
0.123171570118158 0.0731702954456917 0.0209242055467428 -0.172321975008018
0.106386532210242 -0.0511560772408127 -0.0792559325204019 -0.116928835348761
0.0256385365567155 -0.104253830751783 -0.100569961515779 -0.0310841386855859
-0.0463143514223147 -0.088982409979729 -0.0799714739281303 0.0238131128604376
-0.0746856541423227 -0.0394226439584559 -0.0483664507098357 0.0308719330733719
-0.0755700579279056 -0.0150914048804083 -0.0228558374207761 0.00198850428355579
-0.0706512243358566 -0.0180010502607053 -0.0211067986019869 -0.036158403786819
-0.0762145763340224 -0.0526842747949145 0.00378555569985562 -0.0737306249054302
-0.0404574988512169 -0.10171237016615 0.057321041066325 -0.0883924860068477
0.0284231694443801 -0.110766281903612 0.106580326689483 -0.0329085138356519
0.129899266236125 -0.0506538912497659 0.0782267853996237 0.0583628522220205
0.128141900418352 0.0867045090984645 -0.0116327454850644 0.0898944620986635
0.0548945004264183 0.1603813778689 -0.045052571632535 -0.0184514778763166
-0.0375567699511726 0.114708208076891 0.016456774326008 -0.166729002433602
0.0166419695961017 0.121240817273641 0.0707253175156173 -0.141400714483257
0.0802625908679228 0.0707328075447375 0.0457583573759157 -0.163914874460777
0.0827146007936635 -0.0256898325122346 -0.0365560917408592 -0.132272839109752
0.0257263347748208 -0.0750445523330917 -0.085361739444948 -0.0742510917491548
-0.0300740996090249 -0.070302415521215 -0.0972419408983793 -0.0102006859623691
-0.0583140735849915 -0.0337631616865884 -0.0760917476720786 0.0138996703775165
-0.0609931854812957 -0.0130990709335763 -0.0492865751052255 -0.00583877983958344
-0.0587923520977901 -0.0152870839249817 -0.0452368286525645 -0.0415385787302433
-0.0600156250231899 -0.0435201599663575 -0.0176461153227731 -0.0833463733018443
-0.0273865838322262 -0.0824854046632119 0.042017188236873 -0.103810280271259
0.0315666143272266 -0.0861316146231541 0.104098854920516 -0.048566499489789
0.105237248876979 -0.0242057191376969 0.0784076711311442 0.0439014457130177
0.0843768080341022 0.0834628449254675 -0.0128979582983305 0.0725706062863847
0.0180062312184987 0.11940741406071 -0.0455093071283838 -0.0589478515779272
-0.0421765893344639 0.0412625503274363 0.0167153692025721 -0.197186177099747
-0.0159101311204958 0.0631630340988023 0.0663669603961515 -0.144017673776546
0.0289401757950738 0.0451522396992555 0.0532118169232411 -0.15171597186736
0.0414851690763608 -0.00519065359092587 -0.0135284041586847 -0.135192358291785
0.016523339908525 -0.0351690173912154 -0.0768035368261736 -0.0943096436976177
-0.0115793012001876 -0.039334999447708 -0.105414883938462 -0.0294109945039583
-0.0323896941031631 -0.0220519628723614 -0.0931234541174712 0.00318587860730211
-0.0370914986264018 -0.00927884662870228 -0.0663286811994857 -0.0115595952976541
-0.0392996450070549 -0.0117169087468416 -0.061582171432054 -0.0466303635808922
-0.0386940948106241 -0.0309957051851196 -0.0297405700357812 -0.0912753762278143
-0.0128771873043767 -0.0563903518836186 0.034978831757463 -0.114129004831778
0.0331252767267324 -0.0560550156873862 0.10620735183354 -0.0535645907636773
0.0746250690531763 0.00425654069606945 0.0784077549316446 0.0378782597491109
0.0338805271603609 0.0721021669971458 -0.0114469325676981 0.0594572826414775
-0.0206852971696253 0.0670485328935863 -0.0349539312386662 -0.086591541414965
0.0440848767257804 -0.00321685599878604 0.0385878574197188 0.11044652225616
0.00155555616093497 -0.0352265064766386 0.0464484213371925 -0.0510377630486913
-0.0314629097542974 -0.0165910955806329 -0.0801621109935203 -0.0584716027707856
-0.0185699588156231 0.0208346580120351 -0.125356835565515 0.0430909559938406
0.00552875693079152 0.0175847253431519 -0.0436252112669673 0.134260900413804
0.00879239085213149 0.00893029282726981 0.0440279129648808 0.108547753983221
0.0109207324678742 0.00543852220278267 0.0705943122743954 0.0544773484999498
0.00495956844891131 0.00232333023201468 0.080975484548019 0.0170157120144444
0.000678232436161659 0.00481908523418885 0.0925297466082605 -0.000834891766959357
-0.00889091256945119 0.00413628109273887 0.106699384354978 0.0212233795971239
-0.00847644370420435 -0.0065748112454033 0.0845435614356995 0.0778521368648255
-0.00159010614277495 -0.0123618151826862 0.0169364987894775 0.12538569263165
0.018909515405214 -0.0237624383433121 -0.0356060552439065 0.142858129290093
0.0438957195783213 -0.0017343588617627 -0.0695773978184601 0.148297292707155
0.0474344090896642 0.039028719022922 -0.022952016722326 0.203783862283034
0.0557464540189349 0.0599126736015001 0.0244997832011049 0.10456427034105
0.0422180927855345 -0.00364158197275418 0.0509518406515631 -0.0513562236641443
0.0118355243652583 -0.0224416504360742 -0.0757080917059242 -0.0779535573719546
-0.00309677063150377 -0.0121918332278971 -0.138953253679428 0.0305254092312206
-0.00313591749606106 -0.0175722283776617 -0.0598452468984892 0.1323779522582
-0.0155184102799904 -0.0135978877120783 0.0331940587811894 0.113753882745344
-0.0176485148400283 -0.00361594663478937 0.066737646770349 0.0588093842387893
-0.0243082338705513 -0.0036064924623522 0.0774108369555433 0.0180253596676077
-0.0280617143934157 -0.00650122434334414 0.0847787971065207 -0.00679045525878264
-0.0362445191007463 -0.026132828650327 0.102494268057022 0.00375568427670248
-0.01068350370604 -0.0520189832219641 0.0975646385831045 0.0537547793360956
0.0302207646306165 -0.0453903894086276 0.0429925991305363 0.110087423268311
0.0755816578908394 -0.0141203732255574 -0.0104947982470471 0.142164154189774
0.0850699058084546 0.0550016863499514 -0.051467530040982 0.144023760236367
0.0597123807637011 0.113361186421847 -0.019874377910179 0.179796396766084
0.0515586598568214 0.121515907161697 0.0122114263216579 0.0766420443947784
0.0763043792030856 0.0441167747715029 0.0566370978404838 -0.0604019741136661
0.0641970415933003 -0.0134017731102392 -0.065105992797744 -0.107326805559214
0.0257153178861594 -0.044561260649646 -0.148492351582959 0.00374714729177991
-0.00542151743039795 -0.0565995437446183 -0.0805063379372051 0.115108657606571
-0.037050432204181 -0.0410890712311361 0.011131256058395 0.110879330363632
-0.0447866287857932 -0.0141682204749526 0.0506787023340591 0.0608347387548048
-0.0496551519490383 -0.00832050158565829 0.0619450298277565 0.0169737629123579
-0.0517972714658363 -0.0144068756101442 0.0660739968331539 -0.0147853878310825
-0.0611588377631256 -0.0467707990407509 0.086852694706762 -0.020284781605981
-0.0237849445109753 -0.0870009438008722 0.103271984213796 0.0146408090816966
0.0410652231967074 -0.0828937590263618 0.0759045802240138 0.0790257375490349
0.120254622622815 -0.02930011518026 0.0240267911744884 0.131648170208371
0.12810017854908 0.0838548778054635 -0.0309243560099865 0.136847144321259
0.0752455578361127 0.16377654640543 -0.0205402495663167 0.138253292594741
0.0320766611954586 0.166374893476961 0.00462222323912164 0.0266992135892296
0.0938206830467048 0.0981993973299965 0.0608755241018071 -0.0778745970188324
0.112225297069583 0.0124355941217907 -0.043219627957104 -0.139191251527552
0.0643253328427068 -0.0666275691671227 -0.144325641427616 -0.0384523630754626
0.00176501525703406 -0.0914448276544294 -0.098947594910636 0.0781954254832373
-0.0514910737587294 -0.0676835968517013 -0.0191019852522092 0.0938202591886407
-0.0658576666794975 -0.0264142980198658 0.0226387663457804 0.0569995625406434
-0.0684645527144613 -0.0126117900978137 0.0370179861449345 0.0140948526209569
-0.06666411794483 -0.0180668429251212 0.039510320605868 -0.0227194606807842
-0.0779976699125314 -0.0555953698607504 0.0611837273233559 -0.0431323000553676
-0.0381905834686739 -0.10627984186479 0.0950610893563912 -0.0271742114677806
0.0370013717653039 -0.110570478992434 0.0973099848078051 0.0376133741335788
0.141844708075613 -0.05151088959203 0.0530582638367268 0.109625953839503
0.154711786144151 0.0913850223561175 -0.0192678719036577 0.122873930952782
0.0815321798608057 0.187098628753606 -0.0282878703484689 0.0854888897433895
-0.000909155915343494 0.183439373390853 0.00490580281044843 -0.0392253867773077
0.0809505046857158 0.143108511402559 0.0673918572502097 -0.0983596509203852
0.133156463129056 0.0509756394512739 -0.00705889572913551 -0.162677954352857
0.0982154829349345 -0.0650255560516908 -0.116194423423571 -0.0863719592149142
0.0177714229130742 -0.108407151424015 -0.10767216610906 0.02108760547821
-0.0513317410136696 -0.0875040673736343 -0.0531274814232311 0.0607469678505844
-0.0750587765834704 -0.0375056314660901 -0.0132407560444489 0.0457950642915715
-0.0763582965951953 -0.0162528935945559 0.0072043102612478 0.00871419235031194
-0.0718937468025829 -0.0204892342530077 0.00992268433572668 -0.0287452630271044
-0.0801296269311611 -0.0580637317530393 0.032742292982001 -0.0597643267298569
-0.042673650061633 -0.110205398090627 0.0770798450228046 -0.0611941821394656
0.0314213561652392 -0.117710394377603 0.104643376336056 -5.78177793862016E-05
0.142089868846809 -0.0578819244115519 0.0684096572521777 0.0834799727301635
0.150806568894623 0.091264393328143 -0.0153533855128613 0.106021617578505
0.0723781713466971 0.183466485111656 -0.0375815665934226 0.0311571122081719
-0.0272738326831041 0.163085987970884 0.013210226707645 -0.107148472903133
0.0481848601902873 0.15062020277742 0.0721663396783261 -0.119652832285646
0.116944305205272 0.0752741895822896 0.0272951546392115 -0.167661023340451
0.10484552801622 -0.046144614561623 -0.0716666981716827 -0.118819893442344
0.0282211703624476 -0.100630495888153 -0.0979112579916167 -0.034757775532875
-0.0423520014158603 -0.0875517735702584 -0.0790576637380161 0.0207339030712766
-0.0712357432477644 -0.0399838600119142 -0.0476040964969797 0.0285257507784049
-0.0725674596592068 -0.0166942828082143 -0.0226060106621534 0.000340314627807609
-0.0677624746218047 -0.019686220997877 -0.0191590008574473 -0.03543310464214
-0.0724209811094621 -0.0536565126743154 0.00539759453228681 -0.0722017686082892
-0.0368218213597204 -0.0999521002615947 0.0582244190544905 -0.0847934082404956
0.0312424198215026 -0.106163931991247 0.105318401887266 -0.0275746547138152
0.126219134649072 -0.044634837796757 0.0741550629896991 0.0611056307992125
0.122696150823905 0.0887568479166313 -0.015358082466179 0.0876514210749064
0.0477951058378664 0.158687686183097 -0.0437097043282731 -0.0193393574641752
-0.0410178874684054 0.109697689788754 0.0228357698063878 -0.160571571756914
0.0116227836747165 0.118929287632001 0.0747380643907212 -0.132886927831403
0.0751822611554042 0.0715935358355931 0.0507081291553176 -0.15882509407784
0.0812496953762298 -0.0219371380655089 -0.0292540219918617 -0.132056248912035
0.0275007947206904 -0.0717006515445116 -0.0811018549712246 -0.0764087726284456
-0.0275207871975581 -0.069139340252278 -0.0947536831906124 -0.0127724804678224
-0.0556277497753288 -0.0340387482770306 -0.0739851523298924 0.0119757740286963
-0.0582542578564075 -0.0143581108623746 -0.0474354826862339 -0.00800351520132374
-0.056813970006216 -0.0166945410457721 -0.0423816816931776 -0.0415074181598315
-0.0569436359120115 -0.0442935011988665 -0.0147454846622153 -0.0822371868701305
-0.023972927430438 -0.0806068127308138 0.0441076016574349 -0.100266531473328
0.0338356504797467 -0.08197753963687 0.103488306293797 -0.042758497555089
0.102755478444376 -0.0195409950821034 0.0748529847689242 0.0471459280703872
0.0790219982944075 0.0832398324621989 -0.0154144050036991 0.0708670629355857
0.0132648837012646 0.116879392041628 -0.0416101602922989 -0.0593226471236871
-0.0422080246000554 0.0388506473178761 0.0240275767550254 -0.191004729384
-0.0177455110657962 0.0615175484394338 0.0710123440470773 -0.136921732805208
0.0259547048594412 0.0449171835936188 0.0578542996908397 -0.146187974654166
0.0404806839926284 -0.00315032761349457 -0.00770261551045944 -0.133241648996564
0.0164597602613701 -0.0336543082765481 -0.0726381781474165 -0.0954951130721919
-0.0104996667011879 -0.0388694721914083 -0.102413933172059 -0.0317705406992445
-0.0303887648248925 -0.0223412778395093 -0.090261516157321 0.000406262933221499
-0.0356326121023232 -0.00972263487108016 -0.0643082540420592 -0.0140626737776072
-0.0375991682261951 -0.0124659766647114 -0.0581353376312934 -0.0475839771995552
-0.0361648449707783 -0.0308944613143403 -0.0260912113514926 -0.0901554888084232
-0.0109390748208337 -0.0557078341495876 0.0381784707815927 -0.110247304431927
0.0339941042379034 -0.0528956414373036 0.10517044537621 -0.048317718185377
0.0725246359723556 0.00664173428599164 0.0751312786389883 0.0413863979778018
0.0309670696268988 0.0711795053720293 -0.0133051744322785 0.057629810193619
-0.0222693113024214 0.0643930163151839 -0.0320532223553518 -0.0850996375165506
0.0454641211508544 -0.00210953782520281 0.0350759817001513 0.113427841834848
0.00308910945118562 -0.0358658973161558 0.0496295090093723 -0.0487345129542629
-0.0313961996288379 -0.0176639316012774 -0.0781173066601871 -0.0625590903171191
-0.0192086168932007 0.0208423533873483 -0.129445034617784 0.0374127953628124
0.00473302987296378 0.0168182600818644 -0.0496384919202536 0.134091976418749
0.00835028577391523 0.00914845401064461 0.0398731228821051 0.111665790803009
0.0109826873440315 0.00529273301740105 0.067420500003362 0.05767245946856
0.00456918841271947 0.00257996850989485 0.0806736341167229 0.0199924125816318
5.69859173428996E-05 0.00464558168196482 0.0922954646122947 0.00283739247471436
-0.00890654312750555 0.00350786478702739 0.106562129277834 0.0246344166268754
-0.00843526795636097 -0.00726891618542041 0.0831926405408452 0.0821739774806887
-0.000869376971356129 -0.0127823779326359 0.012390375157158 0.128660890145449
0.0196362806999936 -0.0231991398350202 -0.042508220649542 0.143366378603952
0.0436050694135134 -4.41363085709888E-05 -0.0780179554989192 0.14612279224538
0.0467758804999525 0.0413460078076429 -0.03192039206329 0.205297767151789
0.0545563232582648 0.0627528274305635 0.0210469714157453 0.106935963795763
0.0427919526594229 -0.00182134897828553 0.0538103789607496 -0.0487196351140706
0.0123219458820233 -0.0217981017192993 -0.0736622338622836 -0.0824339651318419
-0.0028168241147334 -0.0115808741415215 -0.14148521345688 0.0248665767502612
-0.00255472138638274 -0.0178255386646285 -0.0652197193739495 0.131047074916801
-0.0152725723251451 -0.014351432232608 0.0294271052356135 0.116730249618447
-0.0171001546620106 -0.00375028353728965 0.0641240080523038 0.0619548104946404
-0.0239561932142919 -0.00428192848128294 0.0763737354372489 0.0205907062896391
-0.0283819866845529 -0.00787264537413549 0.0851468796523641 -0.00433696261871531
-0.0358521857964846 -0.027980943812078 0.103143403010108 0.00683753689181171
-0.00974193651048824 -0.0528279082221314 0.097079009013365 0.0576251114726532
0.0319936138641206 -0.0445041844609888 0.0391196352175443 0.114576203737869
0.0765812399158137 -0.0113808512934459 -0.0169897286530098 0.143437266786422
0.0843007996186534 0.0582130165721217 -0.0590525015140681 0.143576700463316
0.0566288325107714 0.116832198332536 -0.0276339326540576 0.180773513494897
0.0476811543752369 0.1242056112317 0.00975902070812973 0.0790056548651211
0.075488307031516 0.0475393053835509 0.0597450022258067 -0.0572370786239021
0.0647280332005873 -0.0111294969919984 -0.0613169808263239 -0.112052862370424
0.0275023295101964 -0.043432423321797 -0.150210579478473 -0.00352813970335841
-0.00329807710005062 -0.0572567631633654 -0.085440938271751 0.113378568300011
-0.0366909377905954 -0.0423317290980826 0.00743107774186192 0.112325476599875
-0.0446282307394336 -0.0155623005643124 0.0475946661831025 0.0628937872345099
-0.0500071313333307 -0.0102598067310842 0.0607893250626213 0.0189255907000347
-0.051351314701968 -0.0164378011628012 0.0662317558880686 -0.0130573332327432
-0.0607880009437912 -0.0487145329506277 0.0875353630315087 -0.018546952377613
-0.0219057233992369 -0.0885917693198065 0.104089152134088 0.0177056535047304
0.0445528801705592 -0.0821993825602312 0.0728903202677397 0.0841161681427737
0.121705815048199 -0.0248907887129712 0.0187197334588198 0.1348829296437
0.126229102908031 0.0892126511015006 -0.0377518911165037 0.137275931260215
0.070386642287943 0.168769550695314 -0.026160717079465 0.138611657384866
0.026162947953982 0.169587602793247 0.00390522267330879 0.0283939285670235
0.0909503211599654 0.102711155354718 0.065447948436835 -0.0750110144265333
0.112120778509729 0.0165631321867147 -0.0377548826933146 -0.142753495974883
0.0667974333982957 -0.0643059123045735 -0.144263151082017 -0.0454889943671652
0.00455775356765747 -0.0919685377086004 -0.103377911164324 0.0746241848262424
-0.0495536018901958 -0.0698300350424983 -0.0232205495959617 0.0942344152996525
-0.0650596627864783 -0.0287084496685456 0.0206978450414892 0.0585111999556129
-0.0681080501018699 -0.0153039655697091 0.0364019839562165 0.0153427556689856
-0.0666558409279828 -0.0208532109202035 0.0399833410207436 -0.0220773459804493
-0.0766178894367996 -0.0588741635280183 0.0623858622269393 -0.0419733517878041
-0.036326320074022 -0.108373032838182 0.0970059907401297 -0.0253241565290597
0.0410546276077597 -0.10981178155963 0.096707056129053 0.0430847706359311
0.144477432586636 -0.0470501657435149 0.0490494380338295 0.11425675217221
0.152714370154866 0.0982264551418254 -0.0253135363875124 0.124432109493578
0.0756709921216771 0.192904439962063 -0.0318748878990256 0.0853388958193996
-0.00788355137446478 0.185832692887744 0.00684929702465886 -0.0383786151027803
0.0765599055706953 0.147790674903576 0.072457185312063 -0.0950838344722221
0.132035000368443 0.0562904937434029 -0.000521372480364989 -0.165098708877813
0.101301606262996 -0.0617874265036691 -0.113467885739101 -0.0939878644906331
0.0215164315928002 -0.108842328778594 -0.109631309020552 0.0161557351371248
-0.0492199687255186 -0.0892229533438392 -0.0555993822523868 0.0595010151350175
-0.0747565752703705 -0.0401850615362771 -0.0145238717933927 0.0455576775298328
-0.0756875020023442 -0.0193897972473054 0.00663080645009722 0.00857241254618022
-0.0716848237524662 -0.0238442743364347 0.0103422198313304 -0.0289120402275282
-0.0788652952653329 -0.0613888877759919 0.0346763205346423 -0.0598328966740202
-0.0398129200708749 -0.112215349595542 0.0800004516394329 -0.0597466185508303
0.0357457851921199 -0.117634098079806 0.10642669531274 0.00474387624176897
0.145147079625469 -0.0531977266506473 0.0658890077740306 0.0888564260605139
0.1497183709198 0.0975050952001822 -0.0214080391015255 0.107735183643436
0.0666296758441748 0.18844143974241 -0.0395160222657127 0.0303940390991531
-0.0340061773130748 0.163900791843142 0.0178305590996996 -0.10664334584826
0.0434000797003998 0.153865117317388 0.0780575583520664 -0.116331915376436
0.114832595922726 0.0802042541057261 0.0347767537398203 -0.168952719676987
0.107265048848474 -0.0418011465102134 -0.0669679599158168 -0.124218630390534
0.0315201932997393 -0.10042646942066 -0.0982441174553469 -0.0401287469161016
-0.040219472182676 -0.0901035020210639 -0.0803293406924731 0.0189883890121509
-0.070628223847505 -0.0430183443278949 -0.0484440233723942 0.0270594194462305
-0.0719109970372713 -0.019415257047458 -0.0229422807233403 -3.4936400084767E-05
-0.068227278753669 -0.0219245119949624 -0.0185282338548952 -0.0362505951827696
-0.0708907780557127 -0.0573178208349453 0.00781190356904885 -0.0732574335454645
-0.0344320861397581 -0.10251310626742 0.0615086071206442 -0.0850228692954025
0.034606225805283 -0.105252228039409 0.10626444482027 -0.0231176656909722
0.128331769024025 -0.0406142782524546 0.072010393267798 0.0667696256324303
0.120749167280388 0.0942956333899283 -0.0194374533522964 0.0892533729298912
0.04255060748927 0.162118992190823 -0.0438179849100903 -0.0204561469970918
-0.0454899312617321 0.110004405283073 0.029881024282739 -0.161944386274594
0.0073721027950423 0.120415585999696 0.0818189707281237 -0.130519092705915
0.0728976801665644 0.0749292119479621 0.0585977339668899 -0.158695616865941
0.0827113187027405 -0.0189299910731947 -0.0229806719005889 -0.135869890488288
0.0296030487728853 -0.071423534518795 -0.0805493834414478 -0.0821456829623879
-0.0258857862293881 -0.0710553528614875 -0.0955355630771074 -0.015888200621785
-0.0544923878498612 -0.0358454478171792 -0.0749266399774489 0.0094941899271725
-0.0573745922052001 -0.0159302637524098 -0.0475294339956609 -0.00895737781016876
-0.0563188851144202 -0.0188170979033093 -0.0413065703355767 -0.043179559905563
-0.0554247003732374 -0.0465222943509719 -0.0122868827337106 -0.0832870094319747
-0.0223945929239796 -0.0826448897262144 0.0485882619855753 -0.100643132442366
0.0365636850438481 -0.0811331309632099 0.105734685343456 -0.0387711286475295
0.103392732378328 -0.0161944065415786 0.0732843910549222 0.0520504299447436
0.0774559945611069 0.0872679246458092 -0.0180082628075854 0.0714550431574106
0.00893083948150137 0.118959626314739 -0.0407074212642081 -0.0606119608207074
-0.044481615010099 0.0378613137047964 0.0321628274427719 -0.192291216011994
-0.0196308162359196 0.0609053537491199 0.0790506480359892 -0.134745573842587
0.0244604988195153 0.0457571255813447 0.0651854571093829 -0.14500191248254
0.0401853896564408 -0.00163171685121617 -0.00151503492271362 -0.136614615258716
0.0180324900250557 -0.0327220509472987 -0.0703844789945203 -0.100267176954373
-0.00896883881864475 -0.0397125028785136 -0.102428211863622 -0.0359912115591668
-0.0300010240555515 -0.0230613354642136 -0.0904139762953856 -0.00211097077994071
-0.0344640082532752 -0.0110912340375006 -0.0638555644004119 -0.0162855241904579
-0.0376525549401851 -0.0134101622190083 -0.0566959818804041 -0.0499155611212512
-0.0354443722700508 -0.032075199151985 -0.0225082531505319 -0.0926137937416073
-0.0090714244739349 -0.0566592881990327 0.0424102116242637 -0.110178370589021
0.0357644941873655 -0.0521491169090831 0.10845317429518 -0.0442806053067277
0.0724444248177368 0.0094723526895254 0.0733899866978789 0.0459122527082244
0.0288334023048726 0.0726833642370243 -0.0162542604344118 0.0587582234425503
-0.024822923950775 0.0638314228520035 -0.0287262690337869 -0.0868702124109478
0.0478129402742946 -0.00209380917684042 0.0347940839733036 0.119376438240767
0.00391912656094182 -0.0374540130640282 0.0534773982475277 -0.0498398159468325
-0.0323443594109157 -0.0183038457218264 -0.0803210074074418 -0.0670546086603649
-0.019509447417534 0.0215640931591626 -0.137233144466428 0.036733829928905
0.00513180224188385 0.0176881957919528 -0.0531332806732685 0.139242478842091
0.00824923989471971 0.00994619646232068 0.0402572794770624 0.11716442355159
0.0114987913131234 0.00522788807999946 0.068575177194158 0.0621253691809861
0.00472499516436646 0.00276694243437796 0.0825500518253121 0.0219518747347112
-0.000269336711657813 0.00440127946646433 0.0956499649222281 0.00348909543775746
-0.00980649226550411 0.0037306455213929 0.110229974446764 0.0265945072895603
-0.00902576320237824 -0.00703948168289159 0.0850383586837824 0.0875246853305088
-0.000358775114038455 -0.0129924528087774 0.010517265847891 0.136259120011116
0.0207706012946589 -0.0233853846250872 -0.0470940734608715 0.148333583352356
0.0454494884068656 0.000433114152857653 -0.0855478619539524 0.150387535069892
0.0489162646107091 0.0436401560564837 -0.0375102654232422 0.213003580320599
0.0568893512542413 0.0660539623099761 0.021044626816543 0.112715383616382
0.0450972570058357 -0.00138517608439197 0.0574329284401146 -0.0487501748080642
0.0131640911135065 -0.0223698153111556 -0.0745275059999649 -0.0873972671256443
-0.00260064954654158 -0.0117218966072451 -0.148842730442333 0.0225788636896426
-0.00246945591776582 -0.0189529932069755 -0.06989098993162 0.135897920851753
-0.015614706819997 -0.0148696203371995 0.0280559072784438 0.122055354476083
-0.017850955816208 -0.00407105896210107 0.0650047100515213 0.0657473888370955
-0.0253423463086936 -0.00465870278612795 0.0785232342974341 0.0222159785132079
-0.0297067476127441 -0.00898257660818426 0.0874354732623129 -0.00318271910817503
-0.0374850168078882 -0.0298287521280696 0.106705408639055 0.00749625880044473
-0.0100030326999251 -0.0549580655530019 0.100355422788104 0.0611052329268805
0.0344995952574947 -0.0461218426207783 0.0384511293832178 0.121653400895247
0.0795763335782544 -0.0104530756666469 -0.0203591334773832 0.149625151273513
0.0866361725938921 0.062168382909484 -0.0657726930468652 0.14888373605058
0.0573171687918601 0.123056846729558 -0.0331455909065368 0.18881380908873
0.0483292163961335 0.13030940997699 0.00966952945625746 0.0835465366022148
0.0779831384352363 0.0500549317900658 0.0639030413218639 -0.0574171556363121
0.0671014181634096 -0.0102873695251879 -0.0620124216887309 -0.118266228926639
0.0286954299475762 -0.0444253663545176 -0.157004099255878 -0.00767033867749004
-0.0033046789306253 -0.0599881585861521 -0.0908874059235326 0.116506035619293
-0.0378374619348735 -0.0442679051120067 0.00639552249785834 0.117722708119075
-0.0460790029024804 -0.0171538690802749 0.0483058595437096 0.0662990093786289
-0.0513858711714597 -0.0110341485934929 0.0625858235678094 0.0201953832409333
-0.0534918026877719 -0.0182466740729143 0.068610692535557 -0.0128347325978165
-0.0626971489553656 -0.0513632934829689 0.0910961845025375 -0.0190091796381092
-0.0228850184011763 -0.0921578172012879 0.10818864853785 0.018717879061967
0.047355693199169 -0.0853719199264782 0.0745227662975255 0.090353286025638
0.12742749853497 -0.0244199176268034 0.0162459793469243 0.14238126608952
0.131129208294411 0.0950956606512835 -0.0437080049692935 0.142853768406948
0.0713099389213044 0.178056000118302 -0.0302681834717192 0.145091460703233
0.0258312131904526 0.177110376806795 0.00422759022657807 0.0309764015499549
0.0935981856084308 0.1081090975618 0.0701628941520472 -0.0748548436030186
0.116656228178809 0.0185647249015893 -0.0368193599891053 -0.151177140509743
0.06987551379818 -0.0655014969781028 -0.14953865119601 -0.0518280722315122
0.00574270807997788 -0.0957662868028818 -0.109430443383555 0.0753083848961121
-0.0513971501644573 -0.0729756006749509 -0.025001611858127 0.0977798528524697
-0.0681916260554539 -0.0303508230965459 0.0206158635692263 0.0610194110271709
-0.0699626278073091 -0.0161467092349457 0.0374706429818302 0.015914052512469
-0.0696039274399912 -0.0231772256938536 0.0410206295992398 -0.0222444307217267
-0.079524315406464 -0.0623524004532026 0.0648065298173215 -0.0435000265474483
-0.036910012946878 -0.113022435090531 0.101453507544365 -0.0264859834921441
0.0438095583612825 -0.114004598843536 0.0999721848716842 0.0477234979820124
0.150881859082088 -0.0465258290347396 0.0485896318628442 0.121610813455832
0.159462009004566 0.104200485949004 -0.0293118659075989 0.130158510869528
0.0765655081722314 0.202925150697269 -0.0351449094788399 0.0895154711486652
-0.0107533502284762 0.194050533009128 0.00807517290860322 -0.0392596374420428
0.0776556944284709 0.154635382940647 0.0778046088392918 -0.0959209221405105
0.137154920273935 0.0605900423286648 0.00269445125096534 -0.17354801773838
0.106599908433538 -0.0625703500352541 -0.11586413149448 -0.101350452485114
0.0229715511472073 -0.113315506078185 -0.115103117655244 0.0143101581174656
-0.0514376742254757 -0.0937471357801361 -0.0597246325333391 0.062168860424223
-0.0770728938489363 -0.0421631152494507 -0.0158511444785241 0.047093593830928
-0.0780086802135654 -0.0202964806130681 0.00620474315954181 0.00883623370514212
-0.0744012722263178 -0.0257487484927646 0.0100831398274942 -0.0299668980704939
-0.0819908480353481 -0.0647141558137978 0.0356620304737817 -0.0622444148165351
-0.0411205452345422 -0.117572982789053 0.0843361228413806 -0.0631434989214937
0.0386863467566105 -0.12159006238736 0.110393698904927 0.00714757884891538
0.151402099596585 -0.0542112141685427 0.06714283054804 0.095794302100369
0.156048180973712 0.103505118514729 -0.0243983853592081 0.113307810216217
0.0678909582833051 0.198910617432893 -0.0419846776635889 0.0311522127286704
-0.0376968744256223 0.170813071420923 0.0207968655132331 -0.110677887360391
0.0436708102644784 0.161482456871797 0.0843625148913626 -0.118079101937611
0.118414796886069 0.0856432753716654 0.0397150585766775 -0.176004971937205
0.112105220647108 -0.0418234664798746 -0.0674756319757157 -0.13202147391027
0.0333292924291719 -0.103874574013775 -0.102852456037 -0.044759770209977
-0.041513504130646 -0.0939573594747212 -0.0846132982266923 0.0185739536560762
-0.073212188343641 -0.0452851048858995 -0.0498213640058364 0.0277109894467332
-0.074148237824472 -0.0211097074707955 -0.0238894758978617 -0.000975437076562136
-0.0704054002933249 -0.0240395142250552 -0.0193348043952807 -0.0377243102229642
-0.0736319651487276 -0.0599126396895831 0.00893973472516114 -0.0761598449694688
-0.0351074718770671 -0.107481232666127 0.0650027843616186 -0.0892147620187048
0.0374951827629492 -0.108970873113189 0.111463204564557 -0.0217479749086801
0.13384720757241 -0.0412401720094573 0.0742057858501337 0.0722882391264517
0.125412505709068 0.0989457824642516 -0.0220656184680561 0.0938066564426632
0.0428827830636476 0.170121311010146 -0.0450454114980765 -0.0215493789024454
-0.0494525951405003 0.114491896720461 0.034026860028794 -0.167881103334681
0.00600948583401118 0.126372226778875 0.0889385293861792 -0.132982333797713
0.0740203435336458 0.0796013769844391 0.0645138614555323 -0.164559991183966
0.0864476248676472 -0.0183276842660068 -0.0222661410146689 -0.144174054190815
0.0315607479463024 -0.0738020156167693 -0.0841543504824245 -0.08801729213516
-0.0263843619318379 -0.074411713488064 -0.10005896595382 -0.0178281996293953
-0.0564045960844985 -0.0381552852191746 -0.0779399811839795 0.00906261666946858
-0.0590150099921242 -0.017438813101639 -0.0497854121251225 -0.0100981836714598
-0.057764131859954 -0.0201711416241287 -0.0432931949533411 -0.0457791774422495
-0.0568675416244267 -0.0489499086736497 -0.011481876560331 -0.0877699297513525
-0.022663270140463 -0.0868743356150306 0.0521235309108026 -0.105871422344495
0.0391068956571681 -0.083393468027424 0.111299067801725 -0.0387315316138256
0.107382023540323 -0.0151344133813386 0.0756003876716463 0.0573306231213331
0.0792784154867876 0.0918432418718153 -0.0205704361258041 0.0753862268338637
0.00843803746264317 0.124240588424977 -0.0410140688063323 -0.0634518154496832
-0.0468258152798294 0.0387214790855749 0.0368655469617803 -0.200477698516509
-0.02110098672025 0.0633806677494868 0.0853411122221318 -0.137815572090995
0.0247561436219907 0.0484429437559507 0.0705940273671406 -0.150817483378769
0.0420584953248686 -0.000951445442565016 0.000461273677687327 -0.143663693551597
0.0187222567081401 -0.0339318072385541 -0.0731628997733409 -0.106640100343688
-0.00958231276574562 -0.0418880207700335 -0.106325133981399 -0.0383721781990875
-0.0310752462930459 -0.024772233063962 -0.0940679066645969 -0.00366551089149452
-0.0347575643136982 -0.0115290860302812 -0.0662252090074669 -0.0179302013857073
-0.0386787209256089 -0.0142353120140522 -0.0585414681387989 -0.052894646054975
-0.0362628212885049 -0.0336243064952357 -0.0226096886241746 -0.0971574209248736
-0.00853290363332288 -0.0595186073309047 0.0461022965237486 -0.115337493569872
0.0383153039236068 -0.0535554853013352 0.113167504895494 -0.0441730352611887
0.0746022617574183 0.0112591238604736 0.0760725757094611 0.050528521051219
0.0291867053063731 0.0761949049509266 -0.0173519385675415 0.0613957531475918
-0.0264407515434796 0.0660194701242936 -0.0290821552090133 -0.0903982332826075
0.0497019032582365 -0.0105207679926251 0.0535661851338989 0.123933888308419
-0.000141231441464172 -0.0393608272724143 0.0502393204766403 -0.0591173818733725
-0.0353924407331884 -0.0139926002615559 -0.0916195281784385 -0.0587562425616604
-0.0168515775105827 0.0233468978307348 -0.136932097889826 0.0598899627483348
0.00573937265590708 0.0160594052404814 -0.033326610039931 0.152768568707899
0.00896237744056457 0.00874594570429991 0.0590005880704301 0.116819229664069
0.0123277416864914 0.00414057058315221 0.0819885882326911 0.0556275378552577
0.00475363015818716 0.00211114233732706 0.0887933070791387 0.011428411374528
-8.54455268338115E-05 0.00472251520268954 0.0996100737165679 -0.0105584295728351
-0.00988834476637134 0.00555938824476177 0.118571425592065 0.0109688640723428
-0.0115190667641175 -0.00597427374170985 0.101949956100228 0.0798889334464768
-0.00201786934520255 -0.0143640053891354 0.0303314182479207 0.14279814836278
0.0179430120808016 -0.0273321929983575 -0.0295378806498012 0.161949760827446
0.0468897778185396 -0.00678896322139251 -0.0695230301248351 0.168002305969325
0.057195389277787 0.0372596560084179 -0.0103643183054253 0.228955169838443
0.0703263476076052 0.0593839460411355 0.033167986218043 0.115837052890452
0.047072586647283 -0.00768030209377316 0.052656260699132 -0.0582043210591969
0.0116840814722127 -0.0248155819944926 -0.0915988531016762 -0.0795708367715462
-0.00310447322296348 -0.0133736291041869 -0.151313669412444 0.0482194931626118
-0.00647145688707707 -0.0207866359949486 -0.0504925499699047 0.153711763194319
-0.0193352995400058 -0.0137069300174141 0.0494779525347687 0.12395729059347
-0.0192939707442029 -0.00212967553106858 0.0789481697124381 0.0601404821860293
-0.0269775704374037 -0.000816050858853219 0.084246717590841 0.0115358016925289
-0.032256406248318 -0.00488793893395403 0.0900638459155297 -0.0161225818632867
-0.0436585063967131 -0.0243032463342144 0.111333691841313 -0.00795195549680288
-0.0196353146226987 -0.053704251842707 0.113522938421169 0.0495483281749839
0.0294060097519875 -0.0528495573374276 0.0573588238772948 0.123878884671799
0.0797643378385116 -0.0228081526362564 -0.00107498779990836 0.159083322638692
0.0976538943124429 0.0506379314568538 -0.0472080841135736 0.16206978565568
0.0774926889985005 0.117440500154621 -0.00847676555403759 0.203138274707644
0.0727557040338323 0.129460809314375 0.0130693504295343 0.0818720503077578
0.089407304796541 0.0428850744415969 0.0556329792509355 -0.0691035362979376
0.0699844626235872 -0.0202903995856045 -0.0865269622450838 -0.113257634665561
0.0256308701846419 -0.0506206430568662 -0.165891394461049 0.0195603089576063
-0.0127892050947912 -0.0629574458419773 -0.0757257832743266 0.138880552778568
-0.0458029973459443 -0.0410771607244774 0.0263493800300099 0.124086883202498
-0.0498665767206001 -0.0111488958084905 0.0621167740259518 0.06376928935845
-0.0547898931328851 -0.0038765645204239 0.0670050117000565 0.0113143814377381
-0.0584422312972366 -0.0110449776218499 0.0685788760185893 -0.0236022432173009
-0.0730062630740968 -0.0431020856796962 0.0903249685209747 -0.0330056039121371
-0.037886877137801 -0.089798110243052 0.115711225263742 0.00494333474525405
0.0371748889588225 -0.0949340901130293 0.0900375742559032 0.0863805231693096
0.126961232558184 -0.0445328993237159 0.0353872621643182 0.145705803043589
0.148599159174093 0.0780880661012617 -0.0239865434853761 0.152627241805802
0.0996368196804601 0.172167426350548 -0.0110421630899313 0.157036723408676
0.0564156911233249 0.183558289282192 -0.00276308205786178 0.0228214850124585
0.113624842916434 0.102077363129991 0.0567151656044395 -0.0899468274057731
0.125361826126519 0.00417161625621716 -0.0686071543675973 -0.151972151367274
0.0664178816151073 -0.0783707126250165 -0.167558462227224 -0.0264746694446046
-0.00815741411563781 -0.101171921133713 -0.102597404150608 0.100070141544087
-0.0644292485044311 -0.0695175918553555 -0.00821140959097606 0.109714288662205
-0.0748114142439032 -0.0225776187772129 0.0327251741948081 0.0623532002578613
-0.074769622778434 -0.00661380720824323 0.0411548024696288 0.0104722958184988
-0.0751245092738332 -0.0135401280133107 0.0382228562727762 -0.0283347372427296
-0.091116383013563 -0.0518026669707493 0.0597621165690948 -0.0548443355070838
-0.0560605682944855 -0.109140699546727 0.101673757655252 -0.0418024564883992
0.0293199930035638 -0.123610581215366 0.109885027378204 0.0384601059846324
0.147746959449184 -0.0711961500248881 0.0665598047417983 0.119796780289453
0.178920775768977 0.0831555691389537 -0.0108139363752719 0.136621945907337
0.109263071977048 0.196585384121427 -0.0240207681868488 0.100276637722363
0.0208395702834067 0.207753923553536 -0.00834623654124683 -0.0544995566790338
0.103665790687969 0.153262915343236 0.0617277864012665 -0.115220848579788
0.152964323527812 0.0453939191390213 -0.0325170798946719 -0.182765430526326
0.104114699940814 -0.0794573402235904 -0.14274546501933 -0.0840987880545229
0.00797345492605136 -0.121848031266317 -0.120230079414794 0.0389680123219022
-0.0670384013932655 -0.0904654619793916 -0.049288385122449 0.0777253875413207
-0.0859203417341494 -0.0332839578880262 -0.00713961014025131 0.054514694812572
-0.0832233265180383 -0.0101789332840008 0.00791515370437261 0.00779620942090755
-0.0805594203237858 -0.0152211587655231 0.00531027306717446 -0.0327075481296738
-0.0936583017201639 -0.0543358641358536 0.0268438474453987 -0.0701578831785407
-0.0606405043507957 -0.11335331850938 0.0784086575625758 -0.0778389526888754
0.0220708609803122 -0.130910781625718 0.115196041359714 -0.00574793816214202
0.146150995371013 -0.0782144211100172 0.0819396987056737 0.0904275611281293
0.175456591142155 0.0830389033837305 -0.00683545560857213 0.118168102461537
0.0987819382820732 0.194238683201833 -0.0388483335492352 0.0400038400417901
-0.010911202597701 0.188291931039207 -0.00331963411309467 -0.131918310954398
0.0686542871505078 0.165696104864778 0.0657406464502607 -0.141048512427351
0.136815109343775 0.0743954979312425 0.00545382685688126 -0.19363339152479
0.113035353303326 -0.0585034688185986 -0.0978184817507366 -0.126161113458274
0.0213434704676525 -0.112989340191683 -0.116761660165278 -0.0247614709760764
-0.0569416931249213 -0.09225225985648 -0.0831915990661084 0.0368881986465099
-0.081475214475829 -0.0371039414593568 -0.0469318011514205 0.0402840082610174
-0.0794491227727639 -0.0114639141837183 -0.0247138163783989 0.00263542938459768
-0.0756760564764962 -0.0141813527924976 -0.0260691390464089 -0.0364587340528114
-0.0833411223183089 -0.0506759439288257 -0.003210310663068 -0.0807389288354291
-0.0517938725363693 -0.103372213072039 0.0553631345880685 -0.102458241054959
0.02318846124106 -0.116758293926472 0.112345813280512 -0.0372159424206273
0.13104184844977 -0.062660413594106 0.086633465185911 0.064730111756305
0.143331630496009 0.0826176280796767 -0.00754363302960461 0.0990796490329234
0.0689787404465824 0.168564697659171 -0.0497337807784966 -0.0151640219246655
-0.0320520433636091 0.131111161247379 0.00543169283553242 -0.192525061334056
0.0243269773841224 0.133190184839901 0.0707687063661537 -0.157162985794307
0.089246812248248 0.0743942844467788 0.0363183280745438 -0.185783049558571
0.0891988413835094 -0.0295304853742456 -0.0508877763133222 -0.146807960022737
0.0237476633791871 -0.0817796380589475 -0.104875685891473 -0.0747428705441622
-0.0382180033630155 -0.0737419779366009 -0.106264883914711 0.00074420662494783
-0.0639030603460682 -0.0319433218733531 -0.0787262424119336 0.0246843816432029
-0.0627465750517276 -0.0100710870917147 -0.0522509538846554 -0.0033195717717447
-0.0619769421879869 -0.0127693943863806 -0.0519101015688453 -0.0406769281979163
-0.0650747004906097 -0.0424821357487992 -0.0259564905503001 -0.0892273064986295
-0.0353651117150192 -0.0849373093326717 0.0381596090903749 -0.118018928220559
0.0286475649604398 -0.0906774251528089 0.109588669561649 -0.0556765098143064
0.107549412694261 -0.0315865764280956 0.0867057854004461 0.0484061294251065
0.0948218003256908 0.0822888682343349 -0.00831529031571615 0.0806163572872382
0.0259629982297167 0.126222542915227 -0.0521795866081549 -0.0596763335018671
-0.0411522428158041 0.0505783439388639 0.0081348272279706 -0.221995709473612
-0.0128401797873239 0.0708158779776249 0.0693603451944743 -0.160409553759393
0.0326788042398883 0.0487944092497931 0.0491007500421748 -0.171793185214725
0.0452983079994686 -0.00582555787636213 -0.0248508239963488 -0.150947240518543
0.0166935611888141 -0.0376085152643225 -0.096024422422667 -0.0980165480679706
-0.0156920392674348 -0.042335382839398 -0.117451009535078 -0.0214343718110901
-0.0353560025675675 -0.0218045479357243 -0.098870693106361 0.0133566550168155
-0.0373647368150512 -0.00794747203113655 -0.0714759405299538 -0.00860710136774625
-0.040657458835939 -0.00897003252931704 -0.0689429063671302 -0.0468818606430538
-0.0409562695498173 -0.0290157991996199 -0.0383136517474365 -0.0973180629452282
-0.0171634386036627 -0.0589156635408935 0.0310861294785818 -0.127186978678626
0.0317607772029665 -0.0597196799360471 0.111962747898515 -0.0621362213717977
0.0776646168282014 0.000668188568710325 0.0869242986297726 0.0419002749713818
0.0410587081660317 0.0735094024498932 -0.00801562817365264 0.0662104816567987
-0.0180431601808624 0.0715181335343955 -0.0429262485931921 -0.0897127348122829
0.0496606680870616 -0.0150701544695774 0.0640425841369218 0.122021528771601
-0.00349635544973353 -0.0404600935842155 0.048142617398243 -0.0631590996814514
-0.0368896940326924 -0.0117082568430605 -0.0970937080675251 -0.0540519510572435
-0.0147367325774999 0.0253290845257812 -0.135601247830013 0.0703396016717158
0.00702758405311699 0.0154991648370986 -0.022177271016372 0.156733790584919
0.00995497314465644 0.00845651199320774 0.0683465868819999 0.113590128811982
0.0127530139132322 0.00275400834559914 0.0871064935130436 0.0514193250508044
0.00448288248731389 0.00200837555982909 0.089484018219846 0.00548073532837241
-0.000273803375261519 0.00473824323346555 0.0993550659125215 -0.0175262357114487
-0.0103843551952475 0.00637183883258106 0.120197042743816 0.00207667582437782
-0.0120179345238783 -0.00463168138132446 0.109233669009697 0.0734615446238841
-0.00249440195729887 -0.0152598619665076 0.0413020332809638 0.14405356458723
0.0156026901087477 -0.028403443542196 -0.0191945538932428 0.165628256699286
0.046490388952457 -0.0105523216603261 -0.0608344323882913 0.174709446914745
0.0606982642850001 0.0331997655389362 0.00502791571307556 0.232707638065885
0.0760744195006035 0.0545187054824535 0.0428995218992725 0.115464130828611
0.0472223127052379 -0.0113986707341223 0.0505503884617144 -0.0624157699598472
0.00954851750026326 -0.0259003891494462 -0.0979160184987262 -0.0751890186911763
-0.00333877225650893 -0.0129726414455409 -0.151184099761834 0.0587227786725899
-0.00838084208428141 -0.0206943035504283 -0.0403218823535416 0.158644757882387
-0.0204449286779588 -0.0121614772422201 0.0591664535059305 0.122114844329033
-0.019454049102448 -0.000706766833997667 0.0833838200888924 0.0560395693252465
-0.0274441483607939 0.000760023632525573 0.085033877628614 0.00591737449014193
-0.033497054353158 -0.00254343640671182 0.0892980283496373 -0.0227246679563648
-0.0461234956061523 -0.0210874599718508 0.111140760555502 -0.0167289050095875
-0.0235326780447493 -0.053153929754414 0.118485443260526 0.0421173562474149
0.0263687108611917 -0.0558427646743142 0.0668681624944381 0.122540550790115
0.0791370384808763 -0.0288851333916811 0.00915943228432695 0.161707169409173
0.102317719654826 0.0446324752283302 -0.0384613291202215 0.168042449804347
0.087073987998731 0.113541401148401 0.0051114278920527 0.206789679315057
0.0835272051889278 0.125566291803284 0.0200907921943929 0.0831068653923229
0.0930610670126595 0.0366192194759656 0.0531246635440369 -0.0730557488040571
0.0693796447380593 -0.0251262211644989 -0.0951034696550143 -0.109530516976118
0.0227655755475549 -0.0529263538467944 -0.168489051553054 0.0305757739802378
-0.0179315178973006 -0.0626037171665227 -0.0672327928414713 0.145688513324
-0.0499693241257557 -0.0379823883319678 0.0355130289577393 0.123023646270061
-0.0511737570299248 -0.00785316798089306 0.0667777253079434 0.0601754205105181
-0.0556080463450195 -0.000259504764092391 0.067957629647196 0.0069905732866962
-0.0604087316271899 -0.00613909634270448 0.0663495765394282 -0.0281316284617783
-0.0773194502283189 -0.037707750348901 0.0882239732436003 -0.0403918414947703
-0.0456301492336357 -0.0876447111548354 0.116822108781093 -0.00449681127039495
0.0310047354947074 -0.0985293696497366 0.0973806377536859 0.0827062820548225
0.124791312802947 -0.0547551502244532 0.0462136606038867 0.146718469583595
0.156235552201426 0.0676752564087054 -0.0151957187855553 0.156991462038885
0.113898640838396 0.167378153300256 -0.000534375502278974 0.160772624202778
0.0705412322493768 0.181348699018062 4.1757610594305E-05 0.0247453965294805
0.12269137705618 0.0944742198935877 0.0537229729497607 -0.0935296799088275
0.127128025402374 -0.00477499235446484 -0.079496076862336 -0.150338569770258
0.0611671118264359 -0.0835714728119161 -0.172764677502645 -0.0164762085060526
-0.0162849192845064 -0.10159504161919 -0.0977315397629994 0.108747088921488
-0.0711326424179172 -0.0647271446502228 -0.000786908038429599 0.11162038906583
-0.0772438044197382 -0.0167892525691465 0.0369583267223108 0.0602340652926456
-0.075603335571557 -0.00151624879652388 0.0412995398260852 0.00808856336197946
-0.0773195140784057 -0.00844794841855435 0.035694571152927 -0.031650357597498
-0.0962990942923945 -0.0448561287678192 0.0557286095982902 -0.0597585903819393
-0.0654024451785022 -0.105938763149356 0.0988197355359701 -0.0506067713423494
0.0206750913691118 -0.127250312638005 0.114373946364894 0.0320682716950846
0.143792670130365 -0.0830374099524025 0.0760350521022193 0.118259312502904
0.187197428602757 0.0705062207725926 -0.00242476870591092 0.140522553171897
0.125317309900745 0.192064148066452 -0.0164121762629602 0.103826440231536
0.0375633069692076 0.208959415703092 -0.0123125949904396 -0.0534732958066548
0.116251773335176 0.147529384386054 0.0563549197802157 -0.11956519733047
0.157799017187582 0.03486282354407 -0.0457735921350223 -0.184396362540971
0.0996568361702892 -0.0873577493415747 -0.151333623678439 -0.0768559931380113
-0.00106184131186247 -0.1231287013334 -0.119873217304672 0.0475954018882947
-0.0753571433088852 -0.085617160427533 -0.0446767844879926 0.0829677150478254
-0.0890823705186069 -0.0269423359744353 -0.00324642857140786 0.055325765853394
-0.0844221060414507 -0.00420099688732514 0.0079335975789654 0.00789415448712051
-0.0827587849820376 -0.00975154682462178 0.00255287617106368 -0.0327922443068536
-0.0993729761549342 -0.0472948422457137 0.0210047112626421 -0.0724536479499214
-0.070685557516546 -0.109615008642343 0.0730676031319442 -0.0860149378669882
0.0130334955638704 -0.133372029675962 0.115944043681947 -0.0129018998520523
0.141865492060921 -0.0904491036550336 0.0897059616375003 0.0875823178211626
0.184149640814649 0.0705996614496943 0.000790440709095724 0.121566220367197
0.115343039553369 0.189500070754049 -0.0363357677462208 0.0441059661037252
0.00271581140558835 0.191497337427776 -0.0128410891824968 -0.132994038007421
0.0815583062857511 0.162719306048987 0.0586385594536047 -0.146493269781787
0.143653585939808 0.0662489855229934 -0.00774830761880066 -0.197021757670661
0.110785753771756 -0.0675878226787884 -0.10789326058882 -0.122510666812085
0.0128428535789381 -0.116373091297793 -0.122724029815385 -0.0177720238330898
-0.0652654751269076 -0.088573419286833 -0.08233195168439 0.0441491701297442
-0.0852478676549312 -0.0312096278035389 -0.0442424417580329 0.043541018049003
-0.0797803143258036 -0.00531836198056883 -0.0252627772281643 0.00471637509084111
-0.0776193257305232 -0.00868375104327692 -0.0292303409276768 -0.0348654380699256
-0.0884714317154706 -0.0447171774514001 -0.00999702140549308 -0.0815104853110881
-0.0610655201267862 -0.100834534947944 0.0475227785147971 -0.109008498258833
0.0150876531531932 -0.119369216729398 0.110699711507232 -0.0454608844728408
0.126867807907915 -0.0720281636474871 0.0933430910004222 0.0611419220162941
0.151965266145923 0.0731127005698308 -0.00108126981064738 0.10243476351067
0.0825467256456752 0.165192826109666 -0.0522525541480299 -0.0109559003669826
-0.0225690829319718 0.134797801798909 -0.00802442704444834 -0.194986941256229
0.0344164219612375 0.132796741331442 0.0621087020209067 -0.162551068979034
0.095255486965199 0.0697401967250094 0.0240790217588835 -0.190859392577147
0.0884591637645569 -0.036164268882568 -0.0618202597446081 -0.146257588091135
0.0177164836693303 -0.0840946553629693 -0.112804763587723 -0.0686559421127146
-0.0451189453590383 -0.0715519237145412 -0.107330246723359 0.00871339239018462
-0.0665803856450825 -0.0276734025686149 -0.0778940586274944 0.0305879339291101
-0.063180702959196 -0.00563234498990697 -0.053680591682899 0.000399272181704845
-0.062875517924691 -0.0073324348787741 -0.0557949965084502 -0.0375107842868633
-0.0693679286857542 -0.0375018950676838 -0.0330909831768312 -0.0889272415098353
-0.0426725160746822 -0.0830120563443517 0.0296696189242452 -0.122845744920032
0.0225142801966381 -0.0937133136093699 0.10749333268846 -0.0635127355612816
0.105940753575923 -0.0394782591768591 0.0920033977585484 0.0447031973959182
0.102587146263428 0.0757585889654976 -0.00270715614301876 0.083436657025155
0.0351475028495917 0.12595505260159 -0.0569179385424364 -0.0565026834252386
-0.0379602509029255 0.0543886394463402 -0.0072642972384842 -0.225909868422156
-0.00700499540051788 0.0723167379374141 0.0605781532743676 -0.167533684065052
0.0363954029389637 0.046900616374299 0.0383358469255693 -0.177730544168425
0.0459703327608639 -0.00843059221666949 -0.0357381347310311 -0.153246598340564
0.0137172291916312 -0.0394609898754252 -0.105582225998042 -0.0932049989056829
-0.019669193215904 -0.0418317536220281 -0.121374324346705 -0.0135667825390245
-0.0375944216649349 -0.0192774544445587 -0.0990960232861111 0.0211471864012242
-0.0375406888716491 -0.00560813668581811 -0.0728010236322733 -0.00291336293789313
-0.0410942036076979 -0.00560924658616882 -0.072923776745524 -0.0423030973705677
-0.0432695388324487 -0.0265793834732509 -0.0461497739671928 -0.0961523231912917
-0.0219112221274913 -0.0585936017047778 0.021795193922389 -0.1321755851672
0.0281352899994314 -0.0625868726403751 0.108713251787351 -0.0710540126382599
0.078413200705381 -0.0043956507662397 0.091027687026919 0.0376365976528597
0.0471843531826403 0.0714667238200194 -0.00345731963924726 0.0687258153991429
-0.0138457894368306 0.0729403251184107 -0.0507257633609475 -0.0875403036373895
0.0476258577705761 -0.0184613789070153 0.0708604783713677 0.114257290413776
-0.00607481687598397 -0.0393922668608782 0.0445348764769901 -0.0644500135360308
-0.0358917618126734 -0.00912514594371829 -0.0968148704605096 -0.0471139661175566
-0.0117789886168174 0.0245672836793641 -0.127968749837834 0.0761138417581208
0.00747602257396989 0.0141722148993914 -0.0117206573245587 0.152853176171984
0.010155302053597 0.00779202621677745 0.073216390225816 0.105184903664388
0.0127560880915883 0.00170879754311891 0.0870482861579926 0.0459042279416285
0.0047024989022066 0.00137725039134509 0.0860264070535076 -0.000197018165241563
-0.00046572165796202 0.00507871674596316 0.0946487791981635 -0.0229438839801854
-0.00978971550834958 0.0064684587745108 0.11532052646934 -0.00585934023755721
-0.0118680943616546 -0.00381688822484055 0.110238616412215 0.0641282328226629
-0.00343140127280715 -0.0150009428656843 0.049029378064227 0.137995869498115
0.0136130800090436 -0.0283587169817775 -0.00932765450661577 0.16126246174128
0.0434608168990825 -0.0121187892815753 -0.0499172398831209 0.172558718734167
0.0607729284508144 0.027946696036827 0.0183408093935977 0.22450403688534
0.0769274219477409 0.0470009400536704 0.0498670161115412 0.110344439957942
0.0446562956315965 -0.0145590298133649 0.0474012815774804 -0.0636443633283576
0.00804132445262072 -0.0253406189079427 -0.0993880671509229 -0.0682081069261831
-0.00380299961589467 -0.0119259240069714 -0.143701046511541 0.0656959165420634
-0.00958061595473663 -0.0194947527686086 -0.0289871173444122 0.155388769136324
-0.0207958200765567 -0.0100845487290306 0.0651413669919562 0.113642202229623
-0.0184414441118599 4.94847548185768E-05 0.0840472874612255 0.0493128527566375
-0.0260255054455063 0.00286682947905717 0.0814486433268755 0.00135650258482991
-0.0330870089507894 -0.00030780245462429 0.083362999133573 -0.027677750795688
-0.046589931137617 -0.0171995324598611 0.10464062405782 -0.0233196367100319
-0.0261911483838708 -0.0489880395004688 0.116906764540296 0.0329781775067739
0.022319173868606 -0.0557873854312293 0.0729061049186233 0.116247450116268
0.0744044047662999 -0.0324953791611905 0.0183210753662195 0.156035717013761
0.100905569387251 0.0359050547285126 -0.0287626468784582 0.165476929515015
0.0912546315919923 0.104516036015591 0.0176128897099033 0.199169581462479
0.0890136189802819 0.114657769862897 0.0257095113590359 0.0807270202074122
0.0923518292299928 0.0287998564886514 0.0489892456341647 -0.0731577692961849
0.0648502904387824 -0.0280258386775292 -0.0981503352160478 -0.101414707963589
0.0189806093201962 -0.0520232613362227 -0.161317303452508 0.0388622698665705
-0.0215843132687498 -0.0592686812209799 -0.0561028947069167 0.144757463678043
-0.0506514408729759 -0.0327421996914469 0.0422257546847213 0.1166592952271
-0.0492865831071243 -0.00460523676931458 0.0679171507011954 0.0535680570507256
-0.053905576300867 0.00313208612852671 0.065754032910973 0.00224353954176057
-0.0592986841141652 -0.00253805090565178 0.0612416047589374 -0.0308785260177851
-0.077563684123468 -0.0310210620693058 0.0814460053512658 -0.044895085058229
-0.050359505681307 -0.0810883072056559 0.111547799928604 -0.012490638836535
0.0238827300033323 -0.0964854475384519 0.0999230324764079 0.0754152578501749
0.116662221571523 -0.0602782794877212 0.0538736842946239 0.139349990846491
0.154421776723246 0.0555315731786207 -0.00609963140398493 0.153257873630334
0.120393171962359 0.154608417616705 0.00974623295516357 0.155790092745433
0.0804844926974569 0.170660432637842 0.00304685426499168 0.0251257336047666
0.123477179400157 0.0828157822738084 0.0483897948515081 -0.0927456261545133
0.121616899590811 -0.0123548560308906 -0.0855899022479616 -0.141873730908305
0.0542899401016205 -0.0842550538487718 -0.169500704077251 -0.00694541681461082
-0.0228575133368735 -0.0967722494693058 -0.0878954133836966 0.111081764814642
-0.0729288948524558 -0.0570581515739397 0.00612439942932986 0.108046091907725
-0.0748794450291205 -0.0110946668229252 0.0393277630437437 0.0559951705511867
-0.0722529836178439 0.0036331773203137 0.0392646313690825 0.00538802107497228
-0.0756352785984379 -0.00265319919789802 0.0314228013963343 -0.0320146028527523
-0.0964567250815623 -0.0365738615214404 0.0488654261328872 -0.061737687187032
-0.070728341925792 -0.0968582124946031 0.0913273473711817 -0.0564631289823285
0.0118826040502121 -0.123696783115436 0.112836722984343 0.0249727832728397
0.133056091359257 -0.0887785868417647 0.0804374028122274 0.110707318318151
0.184570836786337 0.0552781187438452 0.00582275968279698 0.137219167985436
0.133310765929821 0.177764708171903 -0.00960869155775161 0.101519436866371
0.0495730015634236 0.198440388385826 -0.0138155866802949 -0.0496749529587928
0.121168569797663 0.13478751477494 0.0491586905397321 -0.117380899829941
0.153973411635101 0.0241590465632618 -0.0550395709451735 -0.175570506327376
0.0911741031226019 -0.0908081571876018 -0.151816176891075 -0.0662947354266767
-0.00938851282604716 -0.118681357943104 -0.113661586585343 0.0533904856135516
-0.0791718887799344 -0.0769150048808706 -0.037899947497527 0.0828887534226633
-0.0874448980769494 -0.0194498050766723 0.000200753932326143 0.0536164312232163
-0.0810392707174689 0.00161519775130427 0.00792388563073096 0.0069878688117305
-0.0805561494354628 -0.00376542809460092 -0.000404085965436708 -0.0311319630589695
-0.0991974474966959 -0.0389340321882242 0.0147977280229009 -0.071681278041454
-0.076482792475189 -0.100354920790598 0.0634639479757135 -0.0889470700706762
0.00448576902043572 -0.128857551648533 0.111512968254548 -0.0187959308190392
0.129803467070201 -0.095735991478556 0.092926479044788 0.0803000328894271
0.182161018349789 0.0554152724801933 0.00805748248968729 0.119131822064684
0.122820080652905 0.175754730171804 -0.0320834349277149 0.0448203388082015
0.0157676504936049 0.184195304150984 -0.0198842859638056 -0.126451794062797
0.0883486267941786 0.151502291183783 0.0497595033096723 -0.143167745377824
0.142421641630007 0.054956820715105 -0.0188606831766977 -0.190281165543638
0.102805352962514 -0.0714831678783178 -0.112662327933453 -0.113075258196671
0.00473553578391566 -0.112471174400037 -0.120405835017481 -0.00952092252597208
-0.0695046303598331 -0.0806186811874529 -0.0766895401389388 0.0480379458940895
-0.084427322880799 -0.023929173473781 -0.0400866959443618 0.0449132386185253
-0.0768147249018948 0.000126907566348855 -0.0245027872812662 0.00617883071217986
-0.0750100807501411 -0.00317630849628865 -0.0311050598232362 -0.0310274692610842
-0.0885998749555367 -0.0378181630727272 -0.01515362172258 -0.0774516876388293
-0.0666039557782158 -0.0926935415302775 0.0375350226994337 -0.109695040073488
0.00735111389382938 -0.11622451978296 0.10468897735 -0.0497764862389436
0.117143731619433 -0.0770033741654028 0.094477232804212 0.0551602638929866
0.151428367161451 0.0595863389128139 0.00544247515069361 0.0998678948878296
0.0900403100584322 0.154383686921019 -0.0499849124763865 -0.00716200482097748
-0.0124593804303074 0.131458559455069 -0.0195256322998368 -0.186938267071162
0.041427556277845 0.125486768360476 0.0514424014102838 -0.160707197558147
0.0963618472285347 0.061399914099571 0.0118268631774165 -0.185854630995448
0.083420145034077 -0.0404124958103401 -0.0688415245271214 -0.139077271188478
0.0122750504094933 -0.0819376431403091 -0.114398016732267 -0.0601479844171016
-0.0490651985599309 -0.0655718398958101 -0.104170918134588 0.0154133918512862
-0.0662591257846326 -0.0216447656351696 -0.0728759985221763 0.0347704207725059
-0.0608637866024125 -0.0015601953174571 -0.051786714200503 0.00422943598317543
-0.060495439775851 -0.003029694894602 -0.0566709728561994 -0.0322571303194281
-0.0687935461151233 -0.0319232003952699 -0.0375530933472584 -0.0836419069188364
-0.0477522696528496 -0.0773735049079171 0.0198498924111118 -0.121575694454148
0.0159990271016923 -0.0917525197897665 0.0997109207806899 -0.0672381626720187
0.0990770447103548 -0.0439774981599377 0.0916943491211773 0.0388611465739596
0.1042105656804 0.0662279949338609 0.00213567831986069 0.0815096078441696
0.0423353711401244 0.118179483935031 -0.0585073391296041 -0.0503626440639526
-0.0326317365621554 0.0546286387108983 -0.0206269020746166 -0.217080973899794
-0.00202042512845516 0.0703542411859758 0.0489538322040286 -0.165053659452032
0.0375570660383752 0.0433576551297821 0.02592760584992 -0.1734390936695
0.0439683148826697 -0.0110336709628458 -0.0440477390848221 -0.146308417388955
0.01085333784389 -0.0388392607414282 -0.108960368112527 -0.0829944894711063
-0.0226325588730113 -0.0380614584180659 -0.118679122407092 -0.00475972774560587
-0.0370566865007058 -0.0158603346528443 -0.0941905221608359 0.0268854542050503
-0.0361829260379923 -0.00247680126998141 -0.070600202350397 0.00170135918944458
-0.0394450426182539 -0.00213407895721104 -0.0733572872006514 -0.035613080183732
-0.0437265116826734 -0.0222225324271672 -0.0501438210471428 -0.0904359345720481
-0.025326433686968 -0.0547249563686567 0.0122007754272801 -0.129659922765682
0.0230503546284785 -0.0622792847018138 0.100766371103649 -0.0745216376638203
0.074847832380653 -0.00868787059343708 0.0906770507566881 0.0318343193566874
0.0499189983068345 0.0653980690562029 0.00107250591069651 0.0669315160654086
-0.00906908453342686 0.0713689257414668 -0.0544385940848943 -0.0809980586028399
0.04438980042376 -0.0190061386172155 0.0704656488908878 0.10632174511229
-0.00662285579520834 -0.0371286356429166 0.0418205413095891 -0.0632035153365365
-0.03396155426333 -0.00773194942393216 -0.0922707136305623 -0.0436182818544117
-0.0103778685106312 0.0234319534955527 -0.1200996038292 0.0749688072444281
0.0072830912102091 0.0130360405926904 -0.007405199972895 0.144074334249923
0.0103695683661825 0.00721565567731252 0.0714036044089246 0.0972583009959252
0.0119000229385761 0.000479361440062706 0.0831083562197688 0.0415547183752387
0.00417183038370343 0.00152965271430879 0.0817617910654189 -0.00178395428370865
-0.00088758443917544 0.00500239653319129 0.0880377846954346 -0.0230882194513422
-0.00887509210326701 0.00657903957169231 0.108083286714132 -0.0079936446516823
-0.0109354668653753 -0.00361724116489437 0.105664896872333 0.0585067945302415
-0.00309911966595484 -0.0143081168368979 0.0494318583501458 0.129936152430252
0.011663789934974 -0.0268734940978338 -0.00598111570398791 0.151545253801075
0.040178608349905 -0.0121221790336253 -0.0450096412278573 0.16383390232185
0.0582474789370443 0.0247479673753818 0.0216223451198189 0.21066214422678
0.0741177182173089 0.0414952376228393 0.0511043307113219 0.103041895654122
0.0413987238005745 -0.0150585233226538 0.0448010993197529 -0.0609560419711364
0.00686960446623891 -0.023810614854451 -0.0952447471524461 -0.0630897767714449
-0.00316949165997163 -0.0109497603129887 -0.135246280758906 0.0649150654590719
-0.0101744350881832 -0.018602173676351 -0.0243385538319122 0.147605392877479
-0.0197625370873894 -0.00854952276787541 0.0636286444928666 0.106069407577076
-0.017444316461588 -0.0001769554556239 0.0796570282732166 0.045080234179092
-0.0249896077134413 0.00306336260373461 0.0767230920881744 -0.00064082455847998
-0.0313211537815214 0.000452130918953755 0.0775585142563367 -0.0271754249440212
-0.044159837720153 -0.0147895589531662 0.0981847110852768 -0.0248189424556635
-0.0265116904687703 -0.0453350988313619 0.110310025457374 0.0283196193072284
0.0205656567468935 -0.053541031290148 0.0715162319992775 0.109036042527418
0.0692528542398179 -0.0316636674073467 0.0200813444163693 0.146998496397672
0.0952564957292121 0.0320758019720242 -0.0250619789544221 0.156815303587354
0.0883410019945836 0.0967502501534446 0.0208138640579543 0.187785446292255
0.0868586095519656 0.105190082725536 0.0279758454928617 0.0758379315591373
0.0874933238274744 0.0244018798841806 0.0467772860582782 -0.0702330267419817
0.0596174518947875 -0.0277693933809402 -0.0945987566431106 -0.0954562098701538
0.0169145661231892 -0.0496316339668742 -0.152678689383787 0.0396660593233863
-0.0222720164137813 -0.0553723025979995 -0.0504196604365775 0.137239308715328
-0.0490891558473232 -0.0293701292457434 0.0423827028818155 0.109244536289377
-0.0466227689218328 -0.00333779261168344 0.0655976356575081 0.0494303724847945
-0.0498442950235159 0.00437205862545658 0.0607338618671223 0.0017749063213953
-0.0556193998649828 -0.000639380114891435 0.0561959465623418 -0.0300007098443776
-0.0744483982878805 -0.0266853428076319 0.0751883116423078 -0.044418867221332
-0.0495066715353556 -0.0746446933976625 0.103696758077207 -0.0149683677946104
0.0207386760574025 -0.0919271801769903 0.0963700125262637 0.0699988615858479
0.108495173094591 -0.0589064433709559 0.0536139385112068 0.13141678484346
0.146108792692289 0.0482041265907523 -0.00385602385845475 0.145525593041025
0.116809092018533 0.143511100718394 0.0127427965169886 0.146645946615985
0.080369770231569 0.157579891929984 0.00420202188543954 0.024541756377602
0.118344383024602 0.075297480216333 0.0458379218626903 -0.0876929331532773
0.114072413670122 -0.014547290982757 -0.0838212777802106 -0.132342252180021
0.0496188496972766 -0.0805976529132556 -0.160224758737929 -0.00357126883318896
-0.0243351647007252 -0.0904699658569612 -0.0813539290959667 0.106295820837565
-0.070466242241709 -0.0512956085203865 0.00845190047595067 0.100583471491524
-0.0704182604221761 -0.00860962356031111 0.0382905584122762 0.051694881269556
-0.0679262577399704 0.00485521263782276 0.0368330647806387 0.00458060915047652
-0.0708662051717631 -0.000893914441098223 0.0282094449048107 -0.0304653624900332
-0.0922722352485448 -0.0318640859140735 0.0437112189769289 -0.0596180954856701
-0.0696490483032903 -0.0889842838458163 0.0833508519043746 -0.0559191408780735
0.00870641521204154 -0.116641214740503 0.107780069991017 0.0225502056698464
0.122610257945133 -0.087027923718646 0.0788247094174912 0.10415543519457
0.175142484106037 0.047592547155967 0.00838740961073961 0.130408480930695
0.130242173729185 0.164794580784264 -0.00659358905762538 0.0956044993152466
0.05192664610484 0.185135235118093 -0.0129721393326477 -0.0451611473939048
0.117277513982994 0.123842624733023 0.0458828554873113 -0.110290193268146
0.145428178044955 0.0194955898537932 -0.0550308668016106 -0.165234526264629
0.0839000257804705 -0.0877412864105345 -0.144919913021787 -0.060687975551196
-0.0123643328592839 -0.111566622553128 -0.107020860447705 0.0525363459221713
-0.0771841190900403 -0.0697694487698594 -0.0341991557785141 0.0790076221567345
-0.0825852776869383 -0.0163461465260532 0.00176390685899535 0.0496754041674509
-0.0756929128436301 0.00314222564412637 0.00691892672873775 0.00658761904499694
-0.0757092169234041 -0.00137726294508833 -0.00211387769632548 -0.0287646287872186
-0.0949277711755189 -0.0338780365452016 0.0114413649010026 -0.0679030577766198
-0.0748243795367476 -0.0918288802371901 0.0563512575362558 -0.0864812301234009
0.00113392745483421 -0.121463023130331 0.105406292022938 -0.0195751081087406
0.119158375823334 -0.0933433898305421 0.0901613316091351 0.0755367548064211
0.172671330335912 0.0478517318872071 0.0108156878486016 0.113006145137902
0.12012070342187 0.163000397929318 -0.0280490398592538 0.0429116982840569
0.0190708105946081 0.173305552772911 -0.0204485629485417 -0.117739874223765
0.0870633134026926 0.140652252570105 0.0457174684575061 -0.134585068751735
0.135350052028786 0.0496171765333112 -0.0214599491421259 -0.179154145666736
0.0957510727906763 -0.0705665703032519 -0.108774295854637 -0.105582870644092
0.000840659815204359 -0.10625254478119 -0.115059976488044 -0.00588078332886584
-0.0683118745159634 -0.0727419880701499 -0.0721244094639203 0.0474816536601959
-0.0802121438029241 -0.0202183588843112 -0.0366504337974612 0.0427165436014661
-0.0716713621144657 0.00139325563283092 -0.0228063753106696 0.00684749832944678
-0.0702277121580019 -0.00104824970736417 -0.030378679978652 -0.0276781369004454
-0.0847526108103564 -0.032626669361189 -0.016652705410617 -0.0729548764993158
-0.0653015152097703 -0.0854552049919787 0.0313240109431788 -0.10502020890622
0.00385081444026616 -0.109341418757736 0.0981688406756522 -0.048646602187262
0.107842163971841 -0.0746704151784488 0.0909827550152753 0.0511221466699323
0.143528580601142 0.0527367996961468 0.0083516822768405 0.0952666900063045
0.0879607205209578 0.14377675028461 -0.0468697435798093 -0.0057714906775503
-0.00863510797588568 0.123732736956034 -0.0217660914750362 -0.175273008880207
0.0424442776341312 0.117599481622108 0.045944880922753 -0.15138350211131
0.0918127021538599 0.0561050842546632 0.00774069168662453 -0.175526199225434
0.0781751408813014 -0.0401470994551825 -0.0684025950449561 -0.131152726510739
0.00907097912542349 -0.0777351398821173 -0.111037628477768 -0.0536847327424463
-0.0488866630718703 -0.0597775720496745 -0.0988312615549772 0.0174296613798913
-0.0634060505058825 -0.0188536917201275 -0.0682239716851989 0.0346583149032409
-0.0573100095537192 -0.000145794445216498 -0.048900860540987 0.00516848104854628
-0.0565515623380095 -0.00102910980862923 -0.0540088462980003 -0.0289483112013613
-0.0656551258210259 -0.0284296567311597 -0.0384723281595427 -0.0776522400965248
-0.0469701050265948 -0.0714300353110124 0.0146932440933688 -0.116269764707162
0.0128501237061673 -0.0861744234825028 0.092772557633052 -0.0657210477018863
0.0920298850245578 -0.042969580170039 0.0882121482664093 0.0357100569351875
0.0992384437041802 0.0595089767975271 0.00480838917949481 0.0774122231788344
0.0419497369843017 0.110778984293789 -0.0564361035071444 -0.046535993100486
-0.0288686896960079 0.0516090274956666 -0.0235396214513288 -0.204375047640689
4.45844430901127E-05 0.0662165243916565 0.0439398797958907 -0.156091739627008
0.0364400840015372 0.0407342162560599 0.021956740669473 -0.16417865779083
0.0417495540603715 -0.0112437591770355 -0.0446035534559504 -0.138909060118451
0.00963175552586995 -0.0365989892442252 -0.105837636262033 -0.0763209260797851
-0.0228808244971932 -0.0346664014847628 -0.11305091726272 -0.00145456398616066
-0.03524109800131 -0.0137502581068989 -0.0877588715443996 0.0275808753309673
-0.033562448961412 -0.00194921169861067 -0.0667708757206311 0.00278326424941612
-0.0365965373421194 -0.00129226497799827 -0.0701285599013323 -0.031619776441302
-0.0416679512801312 -0.0196957910492975 -0.0502102610843552 -0.0844542980101655
-0.0258758830778366 -0.0511572519908735 0.00758178393281096 -0.122918769604859
0.0207872305102655 -0.0589565425324735 0.0937347437769164 -0.0725511661898934
0.0700311977389319 -0.00976920742350214 0.0864110965845702 0.0288935288658572
0.0484494097615298 0.0598297352500528 0.00268151321333339 0.0635737588836963
-0.00742046143316018 0.0671549426336001 -0.0532761044707346 -0.0752295599487179
0.0422919959242395 -0.0181443272298288 0.0679342280816319 0.103674267659025
-0.0062016650902119 -0.035986597884015 0.0427579209219705 -0.0603801739566609
-0.0324234598296608 -0.00773414543246795 -0.0876913532996897 -0.044725462196515
-0.0100662408416494 0.0218327504516548 -0.118239182607945 0.0700917224381126
0.0067187468787757 0.0124214540781219 -0.0103199138018694 0.138305499150457
0.0102409073494758 0.00749735679234249 0.0674167633707365 0.0947429540780462
0.0106853317972764 0.000597063274609609 0.0793368974069749 0.0418959458074798
0.003451592027409 0.00114664970021144 0.0787033523774039 0.000551930164697738
-0.00141558244823452 0.00499034450670023 0.0855834214717386 -0.0203792572497605
-0.009098250945269 0.00619723744134535 0.103891927474372 -0.00597116465284182
-0.00998488710563208 -0.00373861934997873 0.100412202220904 0.0588411328470202
-0.0029257148122998 -0.0140391157458888 0.0450677484131596 0.12624137610827
0.0116044886722084 -0.0250376551986363 -0.0100962169977328 0.144827405551044
0.0382382911506212 -0.0101257457192865 -0.0482570825117778 0.156766684803329
0.0552809699458799 0.0249664542450561 0.016555320854623 0.203044078593838
0.0701630550867721 0.0406290610707574 0.048578237812728 0.0999010350873229
0.0397518956596651 -0.0136478048455471 0.046386612793691 -0.0584832935584387
0.00706075039896916 -0.0223414757703621 -0.0900302978132481 -0.0641140475507285
-0.0020866518691105 -0.0112080681208119 -0.132303673595075 0.0600444713770761
-0.00938518787096091 -0.0175498994650958 -0.0259191987825473 0.140462594425418
-0.0186868405124643 -0.00847162974153125 0.0595242390012935 0.102463757970712
-0.0173020921047116 -0.000402565188463974 0.0757601196335943 0.0450006606628052
-0.0240129447568485 0.00193573611963552 0.0736341472328026 0.00164203275135146
-0.03051338357164 0.000313863872979558 0.0747297566404215 -0.0239017839628168
-0.0426634146632241 -0.0148782000429421 0.0940463380294206 -0.0217128053029981
-0.0244145072481957 -0.0436240677298846 0.104924759877471 0.0285829505150204
0.0202671615688333 -0.0513863554610231 0.0672905177485242 0.107004758971261
0.0666307637769112 -0.0294017349893394 0.0151737774756327 0.142172136195195
0.0904124028146586 0.0332672529395 -0.0287122304100025 0.150375534690788
0.083579974702852 0.0947788121952348 0.0163944132236671 0.180591025522506
0.0815187592780163 0.101704007151344 0.0270252872805876 0.0738899561274311
0.082435960591534 0.0246419529626791 0.0488335143857112 -0.0665112280252713
0.0581203831312598 -0.0255818553501466 -0.0893375752044302 -0.0943168455249683
0.0175993907196312 -0.047466454205985 -0.147918985270722 0.0349246117747147
-0.0207794935243565 -0.0535645733366927 -0.0513623571191486 0.130514089250403
-0.0466290661748114 -0.0283580338007307 0.0385979076012374 0.104994083579633
-0.044364299527902 -0.00395141949772689 0.0616388708165357 0.0485169756418681
-0.0480526185633699 0.00321943128942491 0.0586484635146073 0.0031311563018446
-0.0540095916821083 -0.00176648470270892 0.0539680934134474 -0.027021678791624
-0.0715514781340604 -0.0269391486213046 0.0718742993356844 -0.0410016566508516
-0.046990546883686 -0.0719077183775362 0.0993267574498877 -0.0129270233665803
0.0220046196466772 -0.0882657311509729 0.091621873693954 0.0698086243728547
0.104562112411707 -0.054991919487393 0.0487331224365367 0.127895546192782
0.139464522070178 0.0496703406434614 -0.00699365997293258 0.140427431500584
0.110749349407374 0.140758871668399 0.0100724502770196 0.14101584683124
0.074080629104122 0.151537500834127 0.00546530347021327 0.0244308798016189
0.112036375824402 0.0740774500859522 0.04868928525859 -0.0828185670563223
0.109199271526458 -0.0112990657383412 -0.0771963713833684 -0.129639774978075
0.049183621572961 -0.0767038891401305 -0.154495830187812 -0.00729924799449512
-0.0218951359344961 -0.0869350316710878 -0.0805652033386934 0.10085503897635
-0.0674212867609474 -0.049507413305527 0.00634686125787185 0.0976894721332304
-0.0676046229770137 -0.00900112340542453 0.0357342493713106 0.0500748376946358
-0.0645065703125593 0.00346732205000302 0.0353152698074359 0.00515132367818815
-0.0683654147577803 -0.0016356724775256 0.0272937983455302 -0.0279134805924048
-0.088337038969383 -0.0310943698969078 0.0424502696789837 -0.0559656462508732
-0.0659592679462101 -0.0856150343248563 0.0799590607148446 -0.0525562692361126
0.00979522647967513 -0.112195838564115 0.103499656153029 0.0242058983356093
0.118482992014189 -0.0812481763704828 0.0741653883184679 0.102489030419655
0.167356393156855 0.0484176421187739 0.00486564864676789 0.125908406999657
0.122536195243937 0.161332565953924 -0.00706964152885021 0.0916386156585327
0.0466285576742537 0.178018959388144 -0.010487733714923 -0.0428538593034231
0.109747947852803 0.120453717348558 0.0485151230354367 -0.103851258700315
0.138869427160201 0.0222097110081331 -0.0499586973070501 -0.160343690992058
0.0823176838236504 -0.0827615626184829 -0.138822172041737 -0.062273217630596
-0.01053286216142 -0.107222159888113 -0.105017710712408 0.0488871749051261
-0.0736088563969408 -0.0669161144871411 -0.0343139387802691 0.0757637185182119
-0.0789587593990385 -0.016451237392645 0.000291580145955549 0.0479800451474728
-0.0723332454314589 0.00149204487081271 0.00677379834615227 0.00683473583113351
-0.0727225221908425 -0.00266585270717924 -0.00140615130200138 -0.0269716178990847
-0.0905583808247573 -0.0336793128621551 0.0120189601358338 -0.0647389889454057
-0.071519693145177 -0.0881280243210244 0.0549039849322997 -0.0824548339323889
0.0031055622858188 -0.116378642100673 0.102391806661771 -0.0156440809391875
0.115843127696282 -0.0861944884924552 0.0859934109024165 0.0752582174104404
0.16441923244202 0.0483635005996 0.00844579554975318 0.109920754809416
0.112830912436986 0.159508261218924 -0.0278355802296118 0.0404612151008004
0.014936154375587 0.165150848051628 -0.0166428742491104 -0.112209179474741
0.0813548396774376 0.135763065651097 0.0481249548549207 -0.127154889908247
0.128649234315368 0.0507447366245915 -0.0169240301166134 -0.172546388332963
0.0929987175599753 -0.0657919935556172 -0.10331697502584 -0.104491287604414
0.00226451473797172 -0.10193295680305 -0.111926881584841 -0.00761794129941456
-0.0655263968595544 -0.0699184523136597 -0.0701286582525938 0.0446366183313967
-0.0762181632577865 -0.0198952861345455 -0.0356103280080422 0.0404350192042686
-0.0680125420237073 1.7009925551506E-05 -0.0221726727732429 0.00606338925423139
-0.066935374095691 -0.00242501194911043 -0.0290304517730609 -0.0262331984774694
-0.0813359568897316 -0.0323140997237301 -0.0150055718995121 -0.0707509602457761
-0.0621011200232075 -0.0822446430818064 0.0305327811725572 -0.100695022321824
0.00542036164868407 -0.105032005451776 0.0956510061741106 -0.0440822111599448
0.104122727372309 -0.0693367018534172 0.0873774220780164 0.0527236053351678
0.136184418555505 0.0522885333555779 0.00665404027947534 0.0926658355419222
0.0822144515349698 0.139788724557029 -0.0449180553307055 -0.00653603113857683
-0.0102416558163359 0.117827784606384 -0.016999169093477 -0.167309764892347
0.0384437810003861 0.113441208857418 0.0491484735231091 -0.14310353949249
0.0868990694448361 0.0564574252976339 0.0110232217872307 -0.168030874835296
0.0759565478573459 -0.0376370299643464 -0.0634084552673772 -0.127751820715664
0.00979600636229011 -0.0744864463136636 -0.106542445519378 -0.0533601121307039
-0.0465881955090074 -0.0567082151654992 -0.0957452337147331 0.0167002468813775
-0.0602654216222168 -0.0188263815756511 -0.0658908339516373 0.0319652983071768
-0.0537042616570683 -0.00156496378400405 -0.0471220868149944 0.00455251737324923
-0.0535553296899451 -0.00188444738050507 -0.0516271215786199 -0.0276833158469348
-0.063049471508527 -0.0279578873812923 -0.0351324821398876 -0.0755591913703982
-0.0444718561272016 -0.0686362337138485 0.0151925298597508 -0.111049701272792
0.0137397538828179 -0.0831371418111437 0.0907660629519235 -0.0607406260413754
0.0888143490789352 -0.0385718752388288 0.084414221822024 0.0372215159537732
0.0939133861749597 0.0587181442271601 0.00381363933590158 0.0756225150185277
0.0384639704282493 0.107640694759193 -0.0527280710211793 -0.0453904948945553
-0.0286789894531133 0.0484563150176291 -0.0185367501288003 -0.19608637574668
-0.000810650076269551 0.0630251364637423 0.0459954664615302 -0.14803476525395
0.0337030325653389 0.0394550171383503 0.025038576942297 -0.157108918862833
0.0397927497535437 -0.0103171199545724 -0.0405250803401803 -0.135048516745745
0.00951461595231021 -0.0354248869386416 -0.100834484239312 -0.0750980156964753
-0.0220587907365121 -0.0329581418406773 -0.109438334872187 -0.00196240746293126
-0.0338772225469192 -0.0136654144845413 -0.0853628056132831 0.0253202774816839
-0.0317822083292753 -0.00273475096305638 -0.0645382309501219 0.00196298191845987
-0.0347220949141551 -0.00150417843177417 -0.0668010384475345 -0.0317639915910891
-0.039291962793201 -0.0195085556842302 -0.0468717002707215 -0.0820378861171865
-0.0246226817663673 -0.0495287521540603 0.00844388515967489 -0.118316862437732
0.0207456639918641 -0.0567727629429006 0.0922081546772643 -0.0678324307407441
0.0676038555991204 -0.00743884651284688 0.082942879317154 0.0303661775911027
0.045098083443247 0.0585324074899068 0.00189104648733033 0.0614392866813754
-0.00833413598055501 0.0648282175752486 -0.0501480553636756 -0.0731673496367258
0.0435148720870052 -0.0117779979446069 0.0526663983836811 0.115775969013749
-0.000191505022951489 -0.0360869388132989 0.0554603396803655 -0.0534120768775421
-0.0295134688090703 -0.0134453750969159 -0.0779842458856839 -0.0604050910580602
-0.0134730359509076 0.0182951670342739 -0.126751935586566 0.0491101072836092
0.00336284612335698 0.0128879873388743 -0.0326701183398381 0.132886424734706
0.00921717881742145 0.00824906405835352 0.0503261472486749 0.104215409934348
0.0111202995909973 0.00207876583351645 0.0722168891189269 0.054598570062656
0.00333538578499049 0.00160850294444328 0.0770065214455119 0.0141794530063876
-0.00179167070457429 0.00370265081777837 0.087970364926845 -0.00526840984055836
-0.00932134610051981 0.00362496095977603 0.103201037025645 0.0127541299657362
-0.00752590685223935 -0.00608417633746106 0.0884200375902568 0.0763217123194155
0.00227884921465816 -0.0145971514559367 0.0220861066059983 0.133960495641555
0.0179278310568237 -0.0200518248918565 -0.0374347981525162 0.140322227223511
0.0407134746100602 -0.000825258096030653 -0.0785821569725961 0.144647408848034
0.0518392056531068 0.0349952418487604 -0.0229340495117016 0.203497985333689
0.0618950984008056 0.0495749455777598 0.029466250445431 0.109970102661589
0.0405445066414095 -0.00685622650439358 0.0564340287131515 -0.0490665612435125
0.0110324034072615 -0.0206259328355696 -0.0780244960840275 -0.0770727285521867
4.60975034666882E-05 -0.0122471876419981 -0.138232418309452 0.0385807384548681
-0.00698844036326589 -0.0189379740211313 -0.0465788909211574 0.134241247447185
-0.0160759429419363 -0.0118234221086981 0.0425938789302007 0.110851880557
-0.0161845519614433 -0.0040263315121171 0.0687495061455683 0.0573763451416553
-0.0235664189029921 -0.00214946914033189 0.0718003625420638 0.0144517689162513
-0.0297677437622464 -0.00565374065197975 0.0779407934994005 -0.009839710463404
-0.0386493039312758 -0.0219326978816416 0.095453228397995 -0.00418907393634255
-0.0146657281656051 -0.0476265073282328 0.0971829111481981 0.0479929151833691
0.0313761940544413 -0.0473539966337178 0.047110901849315 0.119796667023975
0.0725168755178893 -0.014958210353241 -0.0117523014971158 0.141635124379001
0.0834870562633539 0.050333937311693 -0.0570178670590588 0.14089913306043
0.0657497852230794 0.108281680492527 -0.0175055686440042 0.180667368318589
0.0643531602591903 0.111150700590671 0.00761816477375005 0.0787692951022669
0.0758430243219365 0.0382992984855425 0.0576352075836339 -0.0549507420384249
0.0607553926888049 -0.0147922371335152 -0.0735379434683389 -0.104582791274221
0.0261639836477894 -0.0433741428661931 -0.149832201743216 0.0133189480274732
-0.0116895202537512 -0.0551692497986264 -0.069599009714953 0.121799577039101
-0.0402475175944225 -0.035831855089932 0.0239467190910533 0.110142712139273
-0.0429697034826996 -0.0120396798480857 0.0535437015126009 0.0580930502144915
-0.047439384974903 -0.00602839785499341 0.0566829291905537 0.0136998498804728
-0.0521795470009834 -0.0116205970739846 0.0577374294248294 -0.0161132733442088
-0.0647055220619511 -0.0380877451041747 0.0768604429428567 -0.0265331322626573
-0.0323808764943815 -0.0788450953963633 0.098470324717467 0.00634799031288612
0.0390315687043376 -0.0835238428744172 0.0775127049272374 0.0882267718326329
0.113122691442409 -0.0339676739559755 0.0229771264599084 0.134157646449394
0.127671388694207 0.0740093490424028 -0.0339293575266072 0.133492848631355
0.083447349063453 0.158172334034394 -0.0165360009152787 0.139252972773025
0.0491294550699001 0.159225424258874 -0.010000945912489 0.0243301228158239
0.0965646746842635 0.0911625339087582 0.0569850143837191 -0.0709499183539667
0.109018141112675 0.00755922149264759 -0.0591640204973509 -0.135689649853764
0.0619023348790357 -0.0664014951107596 -0.150667366474044 -0.0269570327981492
-0.00624342693562631 -0.0877486412796836 -0.0928589676536869 0.0890094146893328
-0.0572282003602612 -0.0593863495321402 -0.00592426156361114 0.0977248818011694
-0.0646137041908706 -0.0208783695181573 0.028785730213929 0.0558033831377883
-0.063790846223037 -0.00850739398543891 0.033276354454871 0.0109549384353863
-0.0659721938644963 -0.0137171073145216 0.0307248372498222 -0.0207896860767793
-0.0803929925393492 -0.0458841424447673 0.0499968813505787 -0.0458430767359645
-0.0488355659452945 -0.0950895268983076 0.0852936944375428 -0.0368745963712523
0.0311423206986313 -0.108676007191359 0.0976842720370577 0.0451652441026257
0.131151956522277 -0.0576999882344004 0.0527555048711591 0.11392736939424
0.15472522972168 0.0777641481015216 -0.0181924524194832 0.121277954336816
0.090417546009819 0.180567703685185 -0.0236292557923782 0.0872655921025242
0.0181583903002428 0.180980355298748 -0.0154043722731641 -0.0469349542371001
0.0871477717459333 0.137101099883201 0.0584234192612167 -0.0936520760090362
0.132204986683706 0.0459154111306947 -0.0289763704943215 -0.161500136523233
0.0952968393503833 -0.0659968712100799 -0.127963977287186 -0.0770186858297305
0.00862885464195687 -0.105699581346642 -0.108670321519407 0.0358503417362493
-0.0599905318161108 -0.0768024850187227 -0.0421324058131946 0.0699102373816316
-0.0743749352018826 -0.030297015826484 -0.0059616573515476 0.0482458108347235
-0.0699756994459214 -0.0111735438655032 0.0051485968871143 0.00785147376675277
-0.0693992868587986 -0.0151065979198759 0.00299845443253102 -0.0249388601942494
-0.0832016178733916 -0.0485481438489029 0.0214538230932139 -0.0595837172107955
-0.0539436523750737 -0.0981465517651805 0.0654581919008929 -0.0705231042714107
0.024452525809499 -0.114156508345257 0.10364991978352 0.0054431772573424
0.12894344521055 -0.0639350817718811 0.0689948085438 0.0893010073663477
0.152221774293932 0.0765270237805434 -0.0119427844814339 0.105818926642633
0.0809700178865921 0.177698428555138 -0.0349180434434525 0.032129294614965
-0.0102816740566549 0.164212296656822 -0.00943863976321792 -0.118105526116098
0.0562005497166488 0.146795343579267 0.0621162726823664 -0.118030159706892
0.117590480560342 0.0720206627174232 0.00436171085607168 -0.169008983915207
0.102480551831536 -0.0475130595179325 -0.0867477005086802 -0.113843021202746
0.0208279072885514 -0.0985259732988355 -0.107784520679727 -0.0207584819123789
-0.0520096768190858 -0.0782021352978951 -0.0723842200012267 0.0345955183907483
-0.0722009591911573 -0.0332871461538441 -0.0402661083537429 0.0362078207609711
-0.0663610875341888 -0.0124176493092028 -0.023390554480146 0.00212726546703434
-0.0643557381631518 -0.0136732262238106 -0.0246550133123636 -0.0300340411876796
-0.0737204877030146 -0.0456864991063861 -0.00365203461813114 -0.0701072492645539
-0.0469954228100377 -0.0908266958962589 0.0457953772649193 -0.0930107298011802
0.0240799046194556 -0.102582494230995 0.101849454080431 -0.0244974201191889
0.114353333189907 -0.0490201034392156 0.075038856065465 0.0677958905368603
0.124021271423599 0.0753420635712079 -0.00977102908700199 0.0886110968613478
0.0545064955479237 0.152240791029371 -0.0429158608774969 -0.0173104630648121
-0.028013784933597 0.113943838989349 0.00281494912233778 -0.172482347316508
0.0192732012129547 0.117384148918678 0.0667501691092137 -0.13488317640332
0.0760200900742169 0.0705213969785547 0.0331628386525273 -0.162286184264607
0.0811186883724835 -0.0231041296937059 -0.0442348190182659 -0.132052762967828
0.0231413538500086 -0.0711836953266154 -0.0962470257768119 -0.0655751251952537
-0.0359924345725916 -0.0626082454872171 -0.0937828451913994 0.00212775424622061
-0.0568176900805933 -0.0284063642328511 -0.0688488807389148 0.0231374355181593
-0.052716021782555 -0.0112660043227457 -0.0473143425049847 -0.0038301883434997
-0.0518753179256109 -0.0113017499939156 -0.0463137636429529 -0.035231436995111
-0.0572937585427439 -0.0381952893879533 -0.0227190205964863 -0.0790009186841379
-0.0323760166620909 -0.0745436954402088 0.0323478605875434 -0.106380740742607
0.0283803441932164 -0.0801660275363132 0.0997532061165311 -0.042436309405616
0.0938472719182323 -0.0226369786716021 0.0756333276628362 0.0519187178039331
0.0810911550526727 0.0737600209471807 -0.00929626682281043 0.0718766698560685
0.0157256658249591 0.112632519269839 -0.0438917292509447 -0.0567621551165065
-0.035259768509876 0.0431611296732947 0.0108426508372462 -0.19972762134102
-0.010898989143875 0.0618351958149589 0.0678286117311228 -0.140664118120429
0.0266541887580349 0.0454723710308914 0.047420102505314 -0.150619455244923
0.041158093920472 -0.0029087479333328 -0.0195030491080639 -0.137260202165538
0.0159083622943297 -0.0329937295466865 -0.0877591503797399 -0.0876764237571214
-0.0158519339112307 -0.0348987122959389 -0.106595722895737 -0.018469052383429
-0.0315123085017362 -0.0183279706449085 -0.087324506268469 0.0138367877500787
-0.0305625932463229 -0.00818188329161658 -0.0641242504487305 -0.00958028287500157
-0.0331798543647288 -0.00730429071503832 -0.0602203955021889 -0.0416284303353899
-0.0355145599956457 -0.0260469724604597 -0.0330573993921683 -0.0881303868460308
-0.0163817773682598 -0.0528226660156238 0.0283955744980905 -0.114284316445468
0.0296063314647117 -0.053386303760751 0.102366518363086 -0.0493681581268066
0.0685882185090769 0.00396318521681933 0.0758809947091974 0.0457823511418893
0.0337531659038896 0.0650063447736041 -0.00775180623000212 0.0594062343455954
-0.0219116717801071 0.0618124914079316 -0.0368339797646774 -0.0823175131242025
0.0450101121233645 -0.0116351875558535 0.0538871945069062 0.119458654710815
-0.000163584891141645 -0.0368846914530115 0.0595321171775785 -0.0554426221553257
-0.0302008698274682 -0.0142184080862161 -0.078845762879182 -0.0645971010216102
-0.0141440043301973 0.0184314865932943 -0.132362796348075 0.0492410716966248
0.0030396545358536 0.0135472068493239 -0.0362113941549839 0.136072735027308
0.0095547321541865 0.00886282931050151 0.050549272899445 0.107609876877436
0.0112525912452368 0.00202462578140169 0.0742451795496791 0.0575082353702204
0.00339729456641981 0.00120492881535627 0.0793639186533385 0.0166099959731675
-0.00212594266103232 0.00365992359916544 0.0909860289287519 -0.00394531561424707
-0.00997989971387331 0.00424873744873481 0.106121219998015 0.0142106381492219
-0.00764430648248481 -0.00678365569793372 0.0904543527319561 0.0808909811330463
0.00223075549260431 -0.0152565702936757 0.0208708439258486 0.139695148862162
0.0189658220915405 -0.0197272063768001 -0.042215478438434 0.143093615900353
0.0416525649783506 0.000690968786990609 -0.0844659138360922 0.147268372657254
0.0528649790299537 0.0368726101795052 -0.027285439984678 0.208936327866948
0.0628232693463633 0.0512517991419446 0.0302988117877451 0.112854604580208
0.041401975271038 -0.00645617138953163 0.0604552062098067 -0.0498651859501843
0.0112556800291806 -0.0206655877804321 -0.0790637215727838 -0.0820261605967325
7.75493144714067E-05 -0.0125776473896016 -0.144260180933779 0.0369579565269451
-0.00758376122722059 -0.0198610678268831 -0.0508701501946907 0.137363163409209
-0.0163924633996011 -0.0119045410207523 0.0427034640494756 0.114113723198926
-0.0168847351603377 -0.0038857831857848 0.0702614652586071 0.0601833633644323
-0.0243346591133515 -0.00306219541749079 0.0740305986332899 0.0164955326733849
-0.0309387327128119 -0.00564847297058115 0.0808595898717152 -0.00912550428007882
-0.0397959176851907 -0.0231429029667941 0.0982553410428694 -0.00275536070198471
-0.014778503478492 -0.0487951882715694 0.0993403197450679 0.0515063683560656
0.0327316749143621 -0.048501247316144 0.0467090067436846 0.124518905532945
0.0743602204953614 -0.0136595791891568 -0.0158908591089879 0.145815905687843
0.0845852938641143 0.0537025669156557 -0.0623587336159298 0.14462586355464
0.0660732118311895 0.112857446703099 -0.0212292462842397 0.18501548603985
0.0638633767326564 0.114550159102584 0.00859917192458473 0.0817194636839109
0.0770782623121569 0.0406148211647142 0.0626813903778439 -0.0556620393674844
0.062939296863251 -0.0137504576552788 -0.0742340900722551 -0.109993661661566
0.0278167818990772 -0.0442322419375826 -0.155684336645793 0.0105231249615345
-0.0114390690248682 -0.0569408455657085 -0.074340083910561 0.124430890972031
-0.0407361472056331 -0.0368192885369166 0.0227254176145662 0.113391665918056
-0.044277115390205 -0.0124937070079253 0.054963363223728 0.0604323252224354
-0.0487770591774185 -0.00703112646483029 0.0581660015017028 0.0151465072267166
-0.0537327886147155 -0.0125759835459585 0.0598236817849562 -0.0148854707110651
-0.0663673527230064 -0.039771874792815 0.0790959761856618 -0.025840321365277
-0.032330883115209 -0.0809407567133444 0.100432662847114 0.00782445786596887
0.040635091499891 -0.0855119720381587 0.0793224883370112 0.0925603802246625
0.11667927617207 -0.032794453708926 0.0211068748645473 0.139120052791611
0.129646708263 0.0785052586327002 -0.0377142549901406 0.137065427187583
0.0842109895866547 0.164387268757271 -0.0184750191283463 0.142815475245928
0.0479185308490706 0.163678848630232 -0.00825039430354636 0.025727578794086
0.09758105520602 0.0948133027235922 0.0628864864945272 -0.0715190024765484
0.111994770282203 0.0106452428828869 -0.0582826757003718 -0.142179239186939
0.0644835954513361 -0.0675307950388662 -0.154973007637492 -0.031010442278081
-0.00643488820550986 -0.0906967875577063 -0.0976497350676212 0.0904771904111543
-0.0581975128420922 -0.0608736379475042 -0.00751153210665034 0.100575920475686
-0.0661614247588717 -0.0217656436097773 0.0282400969097575 0.0577386812949966
-0.0654406559090906 -0.00989057779865629 0.0341437874716552 0.0123671265666487
-0.0677096703773018 -0.0151341160591843 0.0323191009396424 -0.0207041253134068
-0.0832713363086003 -0.0478512544870037 0.0515673080367569 -0.0459294700574539
-0.0498761555723685 -0.0979618129003182 0.087169253231367 -0.0371363294944441
0.0331366926422796 -0.111834016194471 0.100960110177722 0.0488084497273674
0.135420978231698 -0.0568365963411087 0.0527522533356832 0.119622316463042
0.157507997036554 0.0822523892885234 -0.0208582299800081 0.125094954911351
0.0916532390576232 0.188148468846866 -0.0249459782779259 0.0884583417185586
0.0156694921782631 0.185268137995951 -0.0138997473098683 -0.047564988169379
0.0867527816659389 0.141527462988438 0.0647614680724384 -0.0937272480560478
0.135412418428961 0.0498516624857728 -0.0268098677871861 -0.166833918564395
0.09899304295856 -0.0670112323543747 -0.131056992156236 -0.0823653019801629
0.00937071914480834 -0.108655115781718 -0.11324379196113 0.0351741172395612
-0.0616719214169525 -0.0786279513916096 -0.0444545866417588 0.0718939167753435
-0.0774047421492537 -0.0313209772325506 -0.00669147077970735 0.0497744260389558
-0.0720825936930348 -0.0130236953441625 0.00443041188923259 0.00831113744736766
-0.0717113120940634 -0.0162749709697829 0.0032339820716896 -0.0251085392264994
-0.0857744608820444 -0.050465410859079 0.0226415221359734 -0.0608095059500373
-0.0553848090836339 -0.101192875454317 0.0664810607610947 -0.0717680279041247
0.0261560362150657 -0.117610336203391 0.107175594901771 0.0079849637535125
0.133499492677923 -0.0636561282375068 0.0704966279266071 0.0948805733652463
0.155561420095261 0.0806953021195503 -0.0132640114080641 0.108834888427345
0.0813832736273844 0.184013077255584 -0.0353815177386866 0.032163201309871
-0.0131233010486241 0.167580189325149 -0.00660793374206528 -0.120496002257394
0.0558828484918226 0.151693806526096 0.0683984156922684 -0.117868406940097
0.119875739745449 0.0767524560531527 0.00802332232067137 -0.173770619865794
0.10720432120487 -0.0474350496834367 -0.0871063371133577 -0.119044784679857
0.0218954413866436 -0.101180578984852 -0.110563362460183 -0.0232222393374092
-0.0530716137706044 -0.0798616138556482 -0.0751334923323563 0.0351582848448765
-0.0737030835849285 -0.0348680492041227 -0.0413321744414587 0.0366670244890163
-0.067668717442859 -0.0138660182918837 -0.0245268566771211 0.00202739407935797
-0.0653506051169365 -0.0147714943525189 -0.0245182035403974 -0.0303772402942588
-0.0761368757463605 -0.047522698893329 -0.00311579348115109 -0.0718049850169312
-0.0472308679958683 -0.093934774520596 0.0467494464017364 -0.09513581731594
0.02601748639962 -0.105199679965607 0.105629053519933 -0.0229383635378158
0.118448050310311 -0.0484439991773829 0.0771413199946301 0.072091156964363
0.126307826501114 0.0799453597269865 -0.010847881904796 0.0916283173923665
0.0540933203040154 0.158175554093497 -0.0440838393936982 -0.0188898689591025
-0.031151031558309 0.115892491604982 0.00633224090884288 -0.176915138855881
0.0177024978594326 0.120351892637519 0.0732584318005308 -0.13557801169091
0.0769310324288709 0.0745479744608214 0.0376086760129858 -0.165934976144108
0.0836442247901256 -0.0229399337560506 -0.042492186840814 -0.137807985220924
0.0244793387708244 -0.0729827651825745 -0.0977647732291081 -0.0691167946863811
-0.0363849187802023 -0.0637030209611225 -0.0973104201969566 0.00165930059389135
-0.0583767291774211 -0.0298579383485448 -0.0713603341955798 0.0228115070293979
-0.0530155926743078 -0.0122333481933127 -0.0487419374496764 -0.00478471731920942
-0.0520974056824412 -0.012379258752983 -0.0474057996798684 -0.0363228323864764
-0.0584869360365674 -0.0394820262265465 -0.02231200760618 -0.0817096486594374
-0.0327165248511208 -0.0768784676268568 0.0341262024160757 -0.109468796832468
0.0298550258948817 -0.0818006019762878 0.104471649122422 -0.0416540042914295
0.0970766882985627 -0.0212647199768893 0.0782475208473761 0.0566655601063982
0.0826274736640084 0.0771557227505841 -0.00989879678685114 0.0738084359427307
0.0150972164278357 0.116541879499192 -0.0450822458092274 -0.059074332869319
-0.036753388468543 0.0431697150422426 0.0145164655686299 -0.204847716122453
-0.0116760479019512 0.062021139021274 0.0731951156221922 -0.142600886081039
0.0269423110964253 0.0478194858976918 0.0528206496625301 -0.154107491917826
0.042252797581079 -0.0021371936580295 -0.0174464987000123 -0.142304535197231
0.0164825468785577 -0.0337481848039575 -0.0891652912247329 -0.0914391553438227
-0.0166509093524882 -0.0352305545502291 -0.109544643370765 -0.0200342531086941
-0.0321967099415784 -0.0193668845642704 -0.0906489630529537 0.0132598739205196
-0.0312092955923505 -0.00908034640340141 -0.0656692289866922 -0.0106106175355952
-0.0328019989642944 -0.00738752841710261 -0.0615875134497279 -0.0433550578179822
-0.0359955903734152 -0.0266001090642901 -0.0324679718271748 -0.0914183908406862
-0.0165610823431412 -0.0539821098757734 0.029817928030719 -0.117578386305338
0.0314381812952753 -0.054262084870628 0.106697261100498 -0.0493184306284854
0.0708547787584331 0.00617242732645188 0.078000703545295 0.0492761458345735
0.0331534339934155 0.067265962692698 -0.00897990377129158 0.0612905281582974
-0.0236950165055656 0.0641865382133028 -0.0373556818962594 -0.084823766290721
0.0462596376882909 -0.013449410058491 0.0607201613131758 0.121637391283702
-0.00116802355784855 -0.0381773058364004 0.0617118319012281 -0.0603017593528139
-0.0317776578843441 -0.0140291769646546 -0.0833614644344886 -0.066009442906663
-0.0143133762376376 0.0192648079057776 -0.13689985800857 0.0542763879363747
0.00316787750992995 0.0138132687564463 -0.0343620368284254 0.143263312810757
0.0109476727847801 0.00847462376081793 0.0554951646259368 0.109796749111958
0.0117524114135943 0.00173142254128726 0.0791796178363177 0.0572711745977205
0.00295520172051091 0.00127453940126534 0.0837425815596114 0.0151657590573117
-0.00212358015751159 0.00448378493592958 0.0948491108785291 -0.00705700115763371
-0.0106190285863312 0.00482106912560681 0.110278846512337 0.0116439907275864
-0.00795003526822812 -0.00682375143697014 0.0960414148739146 0.0822332794817807
0.00153998176733787 -0.0162209336686658 0.0247377924965173 0.145700559897549
0.0190140336352083 -0.0203290718624296 -0.0420946948012445 0.148867019416566
0.0431815610028806 0.000558338908456993 -0.0864837984360015 0.154549288667486
0.0558851189724891 0.0373573258458125 -0.0233007909819156 0.216287268543207
0.0659723241042822 0.0514169861954665 0.0368708817074475 0.115864440186614
0.0422485966207977 -0.00697152462390703 0.0638699504834181 -0.0550068992316749
0.0111905683156208 -0.0221411335471985 -0.0833932906906708 -0.0838549634982483
-0.000130552708090215 -0.0130992704121811 -0.149094363141304 0.042079155061575
-0.008802334025493 -0.0197907569915907 -0.050054449725922 0.143266855657682
-0.0169033438824743 -0.0117682692724141 0.0473445665517637 0.116939223780048
-0.0175096572862743 -0.00377779906526397 0.0741467414949099 0.0604390889831607
-0.026037777104319 -0.00306531226499343 0.0775635585353064 0.015348477667799
-0.032633654959578 -0.00579117672413003 0.0839353762068932 -0.0111752568579704
-0.0424704338070793 -0.0219942356039512 0.10151383161745 -0.00548966695097206
-0.0170406254701093 -0.0504664679075098 0.104097463605601 0.0516160311058611
0.0324918690111393 -0.0518486024208391 0.0520055829280695 0.128945154368887
0.0768579460735395 -0.0150939160647221 -0.0132324125454561 0.151497989544011
0.0886365409111578 0.0541941756626043 -0.062444564009972 0.150611456259169
0.0717390202398434 0.115426614586135 -0.0172793226460034 0.191761143348037
0.0687481731707179 0.116712909730828 0.0133579968502799 0.084312665665439
0.0802543435937768 0.0398652858345472 0.0663014104287312 -0.0600299542332149
0.0644383959623804 -0.0155174354796605 -0.0788456105182397 -0.114035896450018
0.0272963085518524 -0.0469002446044301 -0.161794092829083 0.0142934005768439
-0.0141878741520463 -0.0586809356640565 -0.0743168598429355 0.130618118199018
-0.0435590642444126 -0.0364917472642232 0.0266654207240399 0.116751597926276
-0.0463280448724584 -0.0114902169759873 0.0580822835151065 0.0617882418716427
-0.0502148561495501 -0.00595120583458879 0.0611298367111823 0.0144864672706984
-0.0563902594568944 -0.0114118155659003 0.0619604970717352 -0.0166299358839332
-0.0707744435372008 -0.0383120689737403 0.0810701927013324 -0.0284147632475641
-0.0362957558784904 -0.0833331326215553 0.10328787836625 0.00545709029825709
0.0392519337585333 -0.0904700745266065 0.0844370737179543 0.0954753147834125
0.119961217338762 -0.0355679282675532 0.0255538660899626 0.144662124213964
0.136413774773656 0.0790211106707079 -0.0364140534321657 0.143269084827935
0.0914542342457012 0.16945621324446 -0.0152287035345693 0.147460447935273
0.0530758249871029 0.167064164133398 -0.0058252417481861 0.0272983621034337
0.10291313727676 0.0958613368884209 0.066764498396968 -0.0757976250134799
0.116341864491245 0.00875903290235829 -0.0630544525086061 -0.146659606598885
0.0650444674956683 -0.0714023993125601 -0.162219564809058 -0.0295890801557214
-0.00974125960298871 -0.0935166780712876 -0.0993315816143231 0.0968385370363028
-0.0626189317411684 -0.0603684398958715 -0.00485113229049412 0.103762972941959
-0.0691509996404668 -0.0206560185050197 0.0310994179898436 0.0590126292113401
-0.0683190140963807 -0.00889680097419097 0.0356819842927099 0.0125325670070859
-0.0709608786777469 -0.0136847046078137 0.0335611482276254 -0.021333345998171
-0.0884775734614139 -0.0461052115884741 0.0516191791127794 -0.0487017517846347
-0.0548997552727478 -0.0992160907012095 0.0881369675854926 -0.0403959842756999
0.0307579142544709 -0.117036049038715 0.106157906285232 0.0492522321341046
0.138061128136767 -0.0615716631522458 0.0587034234944374 0.123990161931859
0.165375911157199 0.0813435214051577 -0.0188371935371156 0.130457166889474
0.100432493157958 0.193192635072634 -0.022987709378817 0.0911752215755506
0.0202585339778053 0.190674552403227 -0.013663193270645 -0.0478091543254591
0.0930322699012349 0.143975905334161 0.0685109457843855 -0.0977188456523443
0.141585259623383 0.0488263774337723 -0.0303371938740728 -0.172637498754721
0.100856563003139 -0.0718153592376888 -0.137727792183544 -0.0831502587256208
0.00646890918081646 -0.112819644470478 -0.116768986864264 0.0396659928642372
-0.0661258036751487 -0.0788698549244232 -0.0439192896975637 0.075926053315683
-0.0805711306269436 -0.0295591888870596 -0.0054705992969123 0.0518354897483602
-0.0745348103786378 -0.0120099549308862 0.00558088958437239 0.00912832174428418
-0.0742008428587142 -0.0153463242365703 0.0025438866140152 -0.024772256352789
-0.0907931522489502 -0.0489339334552415 0.0213258258103713 -0.0629909953049
-0.0605655523949019 -0.103452354533895 0.0658164531853414 -0.0760269060679755
0.0232547976840638 -0.123009766971488 0.112224088408033 0.00631841061653199
0.136063687626928 -0.0682168212984482 0.0765845696333542 0.0978799369906522
0.162650520318468 0.0797037508975744 -0.0113280051975597 0.113306675764964
0.0900907626622984 0.189001610463798 -0.0358430873139397 0.0333474435740445
-0.0105371647961904 0.172964383053504 -0.00826467703121436 -0.123736936950449
0.0608960309568977 0.155141838782315 0.0709199622596772 -0.122988662799289
0.126775260961649 0.0769758419379145 0.00535630124602329 -0.17986986987417
0.109567759696357 -0.0530363770484631 -0.0932338364672172 -0.122310588685734
0.0196559456847486 -0.105440091819719 -0.115387152836848 -0.0211021381947354
-0.0573601780857897 -0.0798493084712908 -0.0768858958628097 0.0386760326334944
-0.0777212010567656 -0.0330132121644373 -0.0426223483881608 0.0393786417446075
-0.0698566221873694 -0.0133861954120967 -0.0256933771946918 0.00261373310919656
-0.0677078601006428 -0.0138593843307356 -0.0260959339356946 -0.0299036989427557
-0.0808140529060097 -0.0469790969889777 -0.00561859756721333 -0.0742062648208742
-0.0527762999159609 -0.0949761784246985 0.0444609415505362 -0.100263169570557
0.0236584453110342 -0.109518337450832 0.109768153108362 -0.0260714543602312
0.121619887772884 -0.0526406673817487 0.0830523380172361 0.073894274134227
0.132794050137501 0.0790555703256895 -0.00879333504698689 0.095237492493387
0.0606474096031401 0.162875266213662 -0.0461378090107747 -0.0186151320816462
-0.0297489077790061 0.119763969315246 0.00350287604851657 -0.18222922923896
0.0216176321898917 0.123943167604357 0.0747369045110526 -0.140733046554481
0.0820833065882579 0.0760195540498514 0.0359895135466199 -0.172547547157519
0.0862846533913926 -0.0261395279621055 -0.04705216366259 -0.142536652144826
0.0224869211620557 -0.0761937788113392 -0.103855770198473 -0.0690630071261342
-0.0401370476424335 -0.0639817370710995 -0.100789562656784 0.00459570286573896
-0.0611126351999053 -0.0281291110348128 -0.0738760297146788 0.026695728580451
-0.0552040867429318 -0.0120139900664866 -0.051434836763428 -0.00340861844023786
-0.0538431248693039 -0.0114767014988173 -0.0498907676119217 -0.0361941280298052
-0.0619146699108509 -0.0395999810054832 -0.0255953743261561 -0.0845575176240766
-0.036868575483339 -0.0788477677660342 0.0314625004939951 -0.114068494474144
0.0285172149923341 -0.0857970650204231 0.107620000507693 -0.0454679461374418
0.100573099876228 -0.0237694402876408 0.0840369446319893 0.0578586390705292
0.0873669469768848 0.0775341526379692 -0.00844697716186188 0.0774809957498331
0.0190170836098955 0.121034728936208 -0.0483063848411055 -0.0601806294141228
-0.0371834027293173 0.0450528795250231 0.010950473864054 -0.212190615947951
-0.0104559791904553 0.0642135480385551 0.0734059374857245 -0.14757219711407
0.0292102297449506 0.0486385999174755 0.0514697236467965 -0.160864107590418
0.0438345238605992 -0.00398237383261586 -0.0201737077232706 -0.148105251283736
0.0155849621684427 -0.0359578051536958 -0.0950046716438661 -0.0933650357916793
-0.0186907067831726 -0.0348145855701 -0.114088594098024 -0.0169358130376705
-0.0348250721368643 -0.0184894561670568 -0.0935314518913473 0.0163359791103227
-0.0320635062695717 -0.00919813403900695 -0.0692631565345785 -0.00903447888497771
-0.033996256822611 -0.00734491064734685 -0.0645720308849827 -0.0429671721456969
-0.0378606965440161 -0.0266001885650007 -0.0366532722421748 -0.0935848118263024
-0.0194400327208494 -0.055659545722086 0.028068649258769 -0.122571611486729
0.0302428295854908 -0.0578278101825493 0.109738748639118 -0.0535719147766066
0.0736230880393225 0.00426545277081966 0.082826522423996 0.0506223405238123
0.0364710679876485 0.068295291216002 -0.00859590090587365 0.0632473307149223
-0.0230915824784007 0.0672751255325584 -0.0410053810171731 -0.0866983509581824
0.045659242185122 -0.0160548068454439 0.0687803349750308 0.11818114432387
-0.00317122191166047 -0.0382315414343333 0.0604387112880112 -0.0660066018994223
-0.0330626733498604 -0.0126742970184309 -0.0869584637948602 -0.0636167604962913
-0.0132554943090694 0.0200841668920577 -0.135786867168077 0.0625851451593572
0.00373882334980273 0.0136278139131563 -0.0280148842758654 0.146696488208177
0.0118465299471164 0.0074472610232196 0.0620129498179509 0.10788435629325
0.0115930207889498 0.000835840307504144 0.0836596358804723 0.0543297057584003
0.00285460824409592 0.000755031779992572 0.0858296538989039 0.0105800210113318
-0.00231519182344624 0.00429055551304061 0.0961400868617145 -0.0125104780623984
-0.0101669455618193 0.00520888323290422 0.111757874017018 0.00687637432681456
-0.00837750917184697 -0.00643837110623737 0.101762889222927 0.078202486027886
0.000818894480346479 -0.0162572333573121 0.0325736891061303 0.145877912967751
0.0182074994349414 -0.0210677278521982 -0.0362514050788843 0.151634812478941
0.0434797697031471 -0.00107340357584329 -0.0802737231032351 0.160483888687371
0.0578447143929204 0.034941228143505 -0.0132532041527235 0.218464578573014
0.0688097881870023 0.0474789078882385 0.0453645376217564 0.114060712604249
0.0419746640552443 -0.00961555721780047 0.0637655937966531 -0.060474744406411
0.009772110253721 -0.0226014385355892 -0.0876947780090806 -0.0819363360171471
-0.00106946946261157 -0.0131434090858289 -0.149060922612052 0.0501676244444095
-0.0104720153902706 -0.0191167456239516 -0.0434203749768637 0.147258718874013
-0.0175804653656939 -0.0110771501818182 0.0544841078396721 0.115183830414088
-0.017725063996099 -0.00333370621318926 0.078660151314241 0.0573707778138895
-0.0261436011663691 -0.0015414508626749 0.0802993598594576 0.01137403212542
-0.0333613375770395 -0.00381980918215287 0.0842697940856011 -0.0155007924965808
-0.0439150294009382 -0.0192205126349395 0.10189323723783 -0.0106999968710237
-0.0199683509377876 -0.0500785520172595 0.107606584650051 0.0471370952891285
0.029635980097224 -0.053966523381323 0.0593975447335438 0.128579233402589
0.0771690756585361 -0.0186308332852888 -0.00630286453631298 0.153247829317087
0.0926016461843191 0.0512368798689152 -0.0565296221009666 0.155610641960417
0.0782545507150998 0.1127748088421 -0.00701042370611398 0.193756132772045
0.0743787583260536 0.112975857903809 0.0201148906266915 0.0840513579779646
0.0828799431179396 0.0359087232267646 0.0664552540678489 -0.0651771517197863
0.0640355187244892 -0.0188933068552586 -0.0854657967539666 -0.1114903301125
0.0248221932606282 -0.0487125377168412 -0.163413163147231 0.0224318041363299
-0.0180120087524554 -0.0580796190241753 -0.0683591286797115 0.135747924780069
-0.0458777029605532 -0.0337787712620759 0.0332884337449834 0.116001362777554
-0.0470046740439665 -0.00873865589057999 0.061938006643033 0.0587098323759619
-0.0517397700777668 -0.00383993864060325 0.0626124227057459 0.0115627280006445
-0.0578549855076164 -0.00820950636442903 0.0620866440948353 -0.0193640324388319
-0.0741535582987118 -0.0340361911136208 0.0798858909191997 -0.0329569961794489
-0.0415830733964502 -0.0817662734296008 0.103111590884209 0.00100626266508998
0.0346811425238539 -0.0928108466496557 0.0911743976241827 0.0924396344763618
0.119629321182925 -0.0415735766258741 0.0335216254354768 0.144908449755109
0.140911723925567 0.0728133206690755 -0.0297296867433954 0.147285775668314
0.101750197863351 0.166162232914276 -0.00702632195719013 0.148140019423229
0.0613546474673663 0.16530551750962 -0.00237562971302388 0.0280772323917612
0.108188612917484 0.0906589934660401 0.0664560700195124 -0.0804735028802994
0.117568196994196 0.0032059046130564 -0.0709603968680886 -0.14567033984004
0.0616159587777462 -0.0756490132043051 -0.165969098447941 -0.0225398889028705
-0.0155186321690222 -0.0937442533417494 -0.0959680361055136 0.102527820984929
-0.0665505774196435 -0.0567590680465863 0.000629327107543501 0.104999055624744
-0.0708870850183784 -0.0164437149292153 0.0342972077743185 0.0576448028554381
-0.0689770561024815 -0.00593033033548452 0.0367078679078228 0.0111415645349184
-0.0722582100780123 -0.0101380552169643 0.0325473652217771 -0.0228466212000144
-0.0923976342154489 -0.040515937412612 0.0497070515165161 -0.0515517336593727
-0.0619025878446537 -0.0970710967005296 0.0857315096968805 -0.0443152936675201
0.0240634988099702 -0.119603413485912 0.110402359478255 0.045139800752227
0.136770930630802 -0.0684104134131874 0.0664608127988913 0.122249298302707
0.171071375668511 0.0740482679800385 -0.0118762514085315 0.131886174814197
0.111945518242537 0.189665123973434 -0.0185425892268427 0.0918787015459111
0.0293234281489527 0.190726765051928 -0.0144171268302967 -0.0466396796885125
0.101625408145552 0.14016088496965 0.0669230523601533 -0.101451626884209
0.145199284421589 0.0422433546510862 -0.0386275812976716 -0.172986859508354
0.097485142013559 -0.078332644562506 -0.142694130124821 -0.0778510948293725
-0.000346050849900389 -0.113891018374053 -0.116428286752007 0.0457580701606586
-0.0709185381684733 -0.0747073039978605 -0.0398656178200328 0.0788893448123801
-0.082661259110509 -0.0246814783669764 -0.00294900300934882 0.0524271141349877
-0.0756195858965809 -0.00846223613674679 0.00608082868919731 0.00918721388022592
-0.0755365167169726 -0.0114645095369585 0.00215448582444441 -0.0244573005565818
-0.095222339168007 -0.0436481694613197 0.0181320458728907 -0.064477195522568
-0.0674517688854704 -0.100679295035254 0.0607375109963531 -0.0791622414455941
0.0164036590801507 -0.124900657051763 0.114051905715944 0.00102580024293673
0.13360773396015 -0.0749123123977097 0.0834799189650125 0.095614435359719
0.168115716702885 0.0721136231823476 -0.00555969186757467 0.11472800152169
0.101607706343929 0.185994831896654 -0.0343001873642956 0.0345619612393868
-0.00247184395520458 0.174531091241934 -0.0133277115256183 -0.123775565320096
0.0689595909489212 0.152387087321153 0.0678364204915063 -0.126631021533338
0.132100537755063 0.0717759239088513 -0.0030598901909348 -0.182777315511696
0.107021586354472 -0.0591372201681202 -0.100208618431822 -0.119588615742447
0.0132239625702295 -0.107908767741615 -0.117923347426019 -0.0154125718261577
-0.0626909791310986 -0.0766897167865127 -0.075032269848857 0.0437076636802249
-0.0803324288773646 -0.0278945374702292 -0.0405470384730625 0.0423718346395532
-0.0714510721933896 -0.0105360240597056 -0.0256985270689118 0.00457215163618534
-0.0686757715569342 -0.0107541034576182 -0.0273390204336725 -0.0282163737007401
-0.0845472231543275 -0.0422537792604946 -0.0101156122993509 -0.0746460622936244
-0.059112441829131 -0.092600603175617 0.0382215684761062 -0.102230237532137
0.0173059235224615 -0.111501977000341 0.11024578252616 -0.0317565314573577
0.120526284970261 -0.058769253698508 0.0890379584173282 0.0716880573880463
0.138332725348476 0.072978644890138 -0.00365590933724359 0.0956174887735178
0.0702149477459475 0.161007148075563 -0.0470111581866682 -0.0173821293493949
-0.0244110439620931 0.121847062116497 -0.00448937644271148 -0.183257464044488
0.0283573142797105 0.122870123206859 0.0700642185781514 -0.145178724164987
0.087346216395007 0.0726163018790059 0.0279261911820456 -0.17587206956409
0.0856209324135542 -0.0315881800200984 -0.0541806542100283 -0.142524167140166
0.0181126262387979 -0.0786984999415864 -0.108236870706735 -0.0646656908734041
-0.0440701955841129 -0.0608459892933593 -0.100721243687064 0.0108117449264673
-0.0632686339134486 -0.0243269604668485 -0.0727208712310657 0.0308262436215407
-0.0561617915145507 -0.01016241042764 -0.0524698416034945 -0.000471955411093196
-0.0543595703656042 -0.00928688778725309 -0.0512007411866425 -0.0325309956933879
-0.0649145834581514 -0.0354578037506192 -0.0306882502423663 -0.0834903402869324
-0.0420646871464999 -0.0771260151668849 0.024176095081571 -0.116330018639356
0.0235705119113611 -0.0879631660826951 0.106725675492816 -0.0511346230067246
0.100614800841599 -0.0289097314342728 0.0890088582869548 0.0547557664600592
0.0919712619520244 0.0738301924955248 -0.00424005864849719 0.0778036015251704
0.0263683432790387 0.121220319098297 -0.0525393366007509 -0.0577883492296204
-0.0354841785557295 0.0465557781483583 0.000920326874384388 -0.213779809043927
-0.00735863200088648 0.0639586091584875 0.0681623170598339 -0.151466176082982
0.032240125278428 0.0476386444397478 0.0446974881187426 -0.164761017859316
0.0440095201736367 -0.00675780889605718 -0.0277208676449632 -0.14975993644847
0.0135561688170103 -0.0371274873511736 -0.101272143001053 -0.0893620478678094
-0.0202607489391351 -0.0337390839236812 -0.116430420132112 -0.01024092589233
-0.0355911431210387 -0.0164064835250903 -0.0938276430358042 0.0224574111112827
-0.0328955789566073 -0.00800668349722812 -0.0709395829771374 -0.0049993400409027
-0.0335030131802433 -0.00599718468064252 -0.0681122076590185 -0.0394172866586128
-0.0397498393783931 -0.0245203341004743 -0.0421924190919502 -0.0926130910909768
-0.0224703075157462 -0.0548313924359504 0.0202871066772518 -0.125421613501888
0.0273312452407061 -0.0592272429752587 0.108015386003511 -0.0594705560735224
0.0747575518582465 0.000817521731526142 0.0875051005375274 0.0479963354884095
0.0405427164621786 0.0674469885235109 -0.00513036437141068 0.0638870103720175
-0.0196029936077186 0.0689497510012649 -0.0467513561967595 -0.0843035261792986
0.0430054379420211 -0.018009826050075 0.0734904084793015 0.110738310234187
-0.00544485684607716 -0.0367205166468741 0.0559643557529301 -0.0682850494293788
-0.0328033592903487 -0.0107189082444888 -0.0872158765356032 -0.0594340139851174
-0.012228258031121 0.0206903018860273 -0.129748940568679 0.0679151944152663
0.00388672358742456 0.0132861225138632 -0.0202266633360232 0.144302286110429
0.0115222579517417 0.00613857869801526 0.0651042706746619 0.101033074970721
0.0117441285905114 -0.000542105104085399 0.0838329798478054 0.0486432100363218
0.00258597928220371 0.000918297633177037 0.0846811689147008 0.00615717261587469
-0.00227043178081729 0.00466313272183213 0.0930065183247979 -0.0169874647007042
-0.00954663372842366 0.00585448473138234 0.109177315303228 0.00115386959334751
-0.00830365805748522 -0.00619669028443986 0.103369738195251 0.0723298823316762
-0.000102941754571549 -0.015479292652672 0.0382105664701203 0.140423058275486
0.0169564253668269 -0.0211286054789995 -0.0300439222363625 0.148896641825008
0.0422491436072631 -0.00196572635731064 -0.0723044081285235 0.160344830550272
0.0579077116467595 0.0311834884071297 -0.00415276177712877 0.212063613323115
0.0687817589632398 0.0428749012572425 0.050758009827817 0.107471655460862
0.0398858029362875 -0.0112400573075148 0.0609016044853059 -0.0636832393733311
0.00806251692498155 -0.0226633827715195 -0.0887986826496092 -0.076933186487575
-0.00177147985377585 -0.0125566124687725 -0.143734379479788 0.0559468907422564
-0.0114927164962155 -0.0181623999026069 -0.0354560136562927 0.145728167703404
-0.0177934942434859 -0.00977494462935976 0.0578221300055093 0.108698013493726
-0.0172993325733273 -0.00218770975658012 0.0793709192418915 0.0522435029887003
-0.0263365004020394 -0.000194153730129309 0.0787637903939609 0.00742344657488117
-0.0330897055857669 -0.00152441721790008 0.0820180761937051 -0.0195124969534348
-0.0441355782892949 -0.0164187476342221 0.0989435601648603 -0.015261168858216
-0.0221359247402826 -0.0479222111280437 0.106943006779321 0.0417311904463867
0.026208935603774 -0.0535217109458734 0.0639828191853068 0.122755783283615
0.0744011817322861 -0.0209645185112822 -0.000339725813172116 0.149475559212449
0.0917885319674207 0.045995559406836 -0.0486851028790233 0.153904520850945
0.0821885463509123 0.106795583145812 0.000931778583383474 0.186758684963294
0.076946840321984 0.106083241332767 0.0254901118455985 0.0804482607762491
0.0816414149852782 0.0312184867492193 0.0642173238932461 -0.0674636400254981
0.0611031986754147 -0.0212638568179606 -0.087015998137945 -0.105578046122569
0.0217874305990541 -0.0482667676492075 -0.157975339247076 0.0285674268669306
-0.0211878304519014 -0.0549866274522864 -0.0602435376789613 0.135204670354192
-0.0458393851068443 -0.0301782072067813 0.0379771180207618 0.111040467675087
-0.045543063675877 -0.00688875326045282 0.0629406761757671 0.0541524223413333
-0.0507273625546968 -0.00102806525882426 0.0620406778151053 0.00857117505680771
-0.0569192513149611 -0.0049897178090985 0.0602560952646506 -0.022011175622714
-0.0738270586392352 -0.0291438005200395 0.0767141640457901 -0.0358831749209537
-0.0448504050682809 -0.0768492266873733 0.100374838483886 -0.00302626484649147
0.0288960236090068 -0.091884411362657 0.0935533837582171 0.0867504042235333
0.114556439540039 -0.0446770695408401 0.0388222849330738 0.139562245060714
0.140454426534081 0.0648736755725331 -0.0227544739998791 0.143585117285433
0.107495635126334 0.156688061176186 -0.000502263609208125 0.14273207183072
0.0663710748813407 0.157601063136811 0.000956927338974396 0.0273773096961016
0.108321082300944 0.0835118946238799 0.0638277101682203 -0.0819464337395271
0.114550223883209 -0.00259142562704055 -0.0750066729171253 -0.138959850594845
0.0559822777257217 -0.076445363109022 -0.162205558688637 -0.0148212176646014
-0.0201591649716229 -0.0898734361827386 -0.087775179249459 0.10371586788502
-0.0669388773052929 -0.0511495512752014 0.0054972193174321 0.101870455590783
-0.0689257502668295 -0.0126497442261565 0.0352855905190168 0.0545304484944719
-0.0678649690661434 -0.00260880385359481 0.0366116413570315 0.00940859022769971
-0.0706270837861558 -0.00634912439936634 0.0317891278959491 -0.0231957190721432
-0.0920675880923343 -0.0344576335391892 0.0461791544798757 -0.0523560890609571
-0.0650680888849027 -0.0910193264335651 0.0800772790316633 -0.0458570348643245
0.017419809741633 -0.116443290048161 0.110196046724397 0.0392007397401285
0.129729793822339 -0.072380159587711 0.0706792395024803 0.116298250495551
0.169629424885736 0.0648581266117879 -0.00646794043718387 0.128014709541584
0.117938220695886 0.178934605066098 -0.0142094490855795 0.0887914859563691
0.0355894221172846 0.183120058830524 -0.0146006086313855 -0.0441646065989924
0.103831480490214 0.130972556619357 0.0634512442621187 -0.101692161158807
0.143824332792533 0.0349735223186293 -0.0447109314067692 -0.16711996661257
0.0911070793337989 -0.0804979390219576 -0.142869665716457 -0.070710782160793
-0.00710439494315023 -0.110797425637173 -0.11067826139355 0.0492823975046707
-0.0729108457690267 -0.0679450748852204 -0.0347207789771477 0.0784678465945233
-0.0810076593210464 -0.0195809723053627 -0.000381315605588129 0.0511129738806029
-0.0746219351501726 -0.0056211252802851 0.0059280496577597 0.00909255896954879
-0.0740630429385418 -0.00744195362386748 0.00125164401468285 -0.0235581367497566
-0.0949967521836213 -0.0367714667117401 0.0147231483211113 -0.0635767893398555
-0.0716366686927601 -0.0937490295582766 0.0544422184186318 -0.0791066087081936
0.00935325381404656 -0.121394146954041 0.112012744971555 -0.00370033668737148
0.127029927051272 -0.0787246340419947 0.0869465739882784 0.0894957182242618
0.167359567256152 0.0624734750645135 -0.000141987525751812 0.110911611153128
0.108356270295278 0.175529108792006 -0.0320285920057491 0.0340127448034532
0.00484056730151212 0.169618479148209 -0.0165544511612161 -0.118894759717052
0.0739973413776183 0.144367450213023 0.0627397942263407 -0.125693168702743
0.132302768508377 0.0637359574802246 -0.00993696827862229 -0.177541210983265
0.101125533717745 -0.0630467994892281 -0.102122343023519 -0.113287319533623
0.00692236322609567 -0.105236028515357 -0.11537363485799 -0.0109139988020866
-0.0642634854355307 -0.0702927367610638 -0.0710490105184433 0.0459526744678454
-0.0790015905599428 -0.0228850835496663 -0.037858207013966 0.0431707287621295
-0.0698635334491784 -0.0071277095617669 -0.0250088280078576 0.00609826941398904
-0.0670839500801242 -0.00778139440773733 -0.027563063669671 -0.025464619922696
-0.0843276138951649 -0.0363040156291573 -0.0130364642736121 -0.0718901436772485
-0.0626393761324718 -0.0866173259099768 0.0314106249141923 -0.100632779497324
0.0112123166985244 -0.109043711652552 0.106356141948524 -0.0357528796248814
0.114579825227931 -0.0624764287367861 0.0911291526645786 0.0657096005853352
0.137589458465068 0.0644280564004411 0.000382982417039582 0.0928182684562163
0.0762259039653221 0.153047001735903 -0.0472018741154657 -0.0152104206863911
-0.0189239187789176 0.119053289720417 -0.0113823589960235 -0.177027742442436
0.0323270457639945 0.117568842070026 0.0640165141907468 -0.14308683633801
0.0888586296186183 0.0668430330802161 0.0207988714194116 -0.172159694766475
0.0812012560454246 -0.0344459083660269 -0.0581878656514742 -0.137483895304904
0.0131116434374417 -0.0772662224950956 -0.108528616530466 -0.0591998125500851
-0.0457695367027662 -0.0560204848025422 -0.097794967208033 0.0153830561782527
-0.0625856560856408 -0.0200426774516501 -0.0695120991398988 0.0344087441716942
-0.0551670878452277 -0.00736994265035872 -0.0516864771380523 0.00273216830668425
-0.0524534975175943 -0.00651172172421419 -0.0516170103057279 -0.0294572696713704
-0.0645641232630873 -0.0306113467491071 -0.0337654596939157 -0.0791654410080551
-0.0451063148071082 -0.0727198591786752 0.0174505797987124 -0.113615638767392
0.0183853831480154 -0.0866322576999384 0.101286513825829 -0.0544149701615828
0.0970780319778969 -0.0329494602154276 0.0899930703277635 0.0495893297209883
0.0928393760865088 0.0677105217157813 -0.00120988709311787 0.0752291223084997
0.0310567416328214 0.116206769094997 -0.0537624278243607 -0.0539102828814989
-0.0326590453144786 0.0462632615594165 -0.00740751060477259 -0.207297640080566
-0.00468197109722902 0.0619196225492847 0.0612717568670535 -0.149465817479108
0.034199484946696 0.045004950799831 0.0366791325398984 -0.162055973594687
0.0418819722253304 -0.00870908959943046 -0.0327899230192765 -0.145519757642132
0.0103515423469744 -0.0364930352773052 -0.102071107644271 -0.0829899427648789
-0.0210080044099265 -0.0307940938282415 -0.113820804527993 -0.00360598769731586
-0.0355758736737623 -0.0132320339756552 -0.0903560239032448 0.0277227292088666
-0.0323879069764218 -0.00708692170901448 -0.0697836416400765 -0.000916303752408664
-0.0327946736124304 -0.00462797985768296 -0.0677490939999482 -0.0342365951356275
-0.0397642029488586 -0.0215988732385766 -0.0455291387473187 -0.0876266101063331
-0.0252433133454258 -0.0515659248836619 0.0135633677632722 -0.122433565330926
0.0235353631234008 -0.0592665107924913 0.103296859552866 -0.0625620790142254
0.0733317166971686 -0.00272651329176791 0.087735990467085 0.0434267732211061
0.0420814125629983 0.0636318076236469 -0.00231785781770412 0.0627121958518571
-0.0156070960322565 0.0678455608630491 -0.0497950713621699 -0.0790558964652055
0.0413454695774133 -0.0115345707248358 0.0597165028287778 0.112009161149809
-0.000512961949362583 -0.0345328865261626 0.0625355153967559 -0.0610793273904108
-0.028829529383262 -0.0143641341587312 -0.0745214029633606 -0.0690131451589014
-0.0148324456795131 0.0165115296159682 -0.128625593402443 0.0469742686290365
0.00130330260567949 0.0130827217099776 -0.0356556716241017 0.132082099389824
0.0090420903618395 0.00642301175377523 0.0490810833214249 0.103088691802314
0.0108216074124754 0.000309156901668169 0.0742166460867525 0.0557497565149728
0.00170647776776166 0.000962492552649485 0.0804363282064599 0.0159521375690885
-0.00319317340069284 0.00327391545922929 0.0912670451080603 -0.00541644702046169
-0.0103109262016981 0.00419152247333891 0.104853303844405 0.0141590373440514
-0.00813608278273486 -0.00821031361618104 0.0910974290944923 0.0828738858709046
0.00270598049215195 -0.0174049117276478 0.0202225949221244 0.142494489596483
0.0211501295006733 -0.0192456808923042 -0.0504092636147843 0.140220153802574
0.0419939726414956 0.00295320068402994 -0.0925287751363338 0.145621727971487
0.0530889903233222 0.0358110140593456 -0.0333833730117313 0.205364471477627
0.0575171289974812 0.0480562083691377 0.0359835553215638 0.110142930956819
0.0375986382976965 -0.00448097477213338 0.0674679808791255 -0.053365681433318
0.0106962600928331 -0.0194749740319316 -0.0723255760681402 -0.083160835210742
-0.000315101850228212 -0.01238454179708 -0.138112487612318 0.0341278990689859
-0.00864848505544101 -0.0186962999367198 -0.0495142160076662 0.131784194925083
-0.0160558202508523 -0.0121531750096031 0.0422820491275734 0.107788329415944
-0.0157872312934985 -0.0051878464024313 0.069390501561904 0.0579319692043033
-0.0252735662735446 -0.00391976650663328 0.0741678772436233 0.0169135841878832
-0.0318512618634859 -0.00601608306769156 0.0816683362019185 -0.00871361625670387
-0.0404135651390346 -0.0211678171566054 0.0975327857173519 -0.00145019146361636
-0.016048810103608 -0.0491073692007884 0.0979704732628143 0.0559710903237788
0.0318841817199625 -0.0500716382272364 0.0464010919553312 0.128990280983696
0.0758043754865525 -0.0122385403137902 -0.0222854194174588 0.143765713398689
0.0833133890109441 0.0554275970652581 -0.0708202868272395 0.140798881691223
0.0667458705077439 0.111342943105355 -0.0275586861080868 0.179227542231834
0.056947172820707 0.107635393333835 0.0114181637032098 0.0843705389293254
0.0711792481677131 0.0398157125900189 0.070883929684015 -0.0536079098970915
0.059875526886889 -0.0110600123577032 -0.0661637803953452 -0.107212938307366
0.0270374700659436 -0.0424452965751107 -0.147776094723014 0.00887932697984556
-0.0125437559210379 -0.0545873498450436 -0.069152876562549 0.118838840030009
-0.0398976295095596 -0.0346769946123842 0.0238647060410483 0.106448622549253
-0.0421016504264514 -0.012377197593079 0.0534811559784609 0.0584677673403578
-0.0484880306938238 -0.0073444554755675 0.0582098024045557 0.01589890067981
-0.0538423238473522 -0.0123636736098337 0.0610917204132958 -0.0133387688639053
-0.0672223887859261 -0.0358197875850605 0.078662125827385 -0.0228251765520903
-0.0344392676453672 -0.0794141256761413 0.0972216145318721 0.0137706189629972
0.0382636613094277 -0.0863482634191888 0.0798662331576162 0.098414147547186
0.116831442101341 -0.031320626634098 0.0154206195307906 0.139446869171466
0.127966230280457 0.0786735357109496 -0.0462738057489897 0.133661845021038
0.0859622799749295 0.162934595051238 -0.025746231063978 0.134952674941579
0.0408633820733356 0.153843614427028 -0.00830985673955938 0.0338167290391264
0.0883677658246683 0.091458310833538 0.0715457472653142 -0.0631210083697125
0.106509545490792 0.0141716768362388 -0.0500048182343282 -0.133495301850455
0.0632957949366074 -0.0635376099892317 -0.145668457566196 -0.0309954683501
-0.00654654985617765 -0.087476685053429 -0.0906410197707348 0.086931401286287
-0.0566379646830367 -0.0571918555063053 -0.004327111717214 0.0931953981362031
-0.0636807982782431 -0.0201653453337283 0.0281828659827237 0.0554038433961852
-0.0646327262472998 -0.0110901655906523 0.0335187510488225 0.0139582582817473
-0.0669529616176379 -0.015104027844424 0.0345799698911236 -0.0167005261896884
-0.0846098366317833 -0.0428475124672592 0.0522404352869177 -0.042199668397767
-0.0520136147464971 -0.0952480160363213 0.0830813496930708 -0.0295064509516594
0.0299248579282743 -0.110771501973119 0.10193488291878 0.0555703619351518
0.133999824882725 -0.0557277944724173 0.0496362276208377 0.122365411445121
0.155321358879484 0.0817342126415434 -0.0295174384124985 0.120811072042588
0.0941572794716011 0.185814816985913 -0.0329984149961312 0.0799626475121887
0.00919568744573926 0.174312987410843 -0.0169276963289809 -0.0356798431051766
0.0781368105426987 0.135154608549843 0.0712362028447377 -0.0807890956541532
0.129643114796728 0.051921311920072 -0.020291842487627 -0.153723188493495
0.0968174578302825 -0.062855243164907 -0.120793915784105 -0.0787547552268478
0.00952168242135408 -0.105199719174013 -0.104399191821312 0.0341267937619192
-0.0590764970498876 -0.0731689859564093 -0.0395467860622659 0.0662753858574731
-0.0739125223683538 -0.0284075094414367 -0.00602062121860238 0.0477963005921253
-0.0702839127261834 -0.01509625799558 0.00407141707331284 0.0100871557655855
-0.0693921771217353 -0.0172425400782796 0.00542167019478368 -0.020920997796727
-0.0864694120256865 -0.0463210660638191 0.0236174686356613 -0.05602119269109
-0.0579795639457081 -0.0975389184183945 0.0621087725369194 -0.0637555766887589
0.0221635550154485 -0.115633295099925 0.10932958419812 0.0142016569629526
0.131614247072029 -0.0623732125263049 0.0683387671335224 0.0988433144416056
0.153494163186929 0.0789620567544071 -0.0217215353885535 0.104708025630644
0.0847220750524322 0.182012621934037 -0.0438231837237772 0.0236358532189465
-0.017981723443557 0.15740464539787 -0.0117860439363957 -0.107269410547947
0.0480007291992214 0.143396957185642 0.0712927130431824 -0.103573048346928
0.115198812825888 0.0777544874056621 0.0113167359543371 -0.158393715927497
0.104119449152464 -0.0445642566346394 -0.0785547502392664 -0.113121758625015
0.0216999015794535 -0.0983168424203888 -0.102191445496361 -0.0217996438672947
-0.0503746600859861 -0.0742549190057648 -0.0695302574138238 0.0320997658695864
-0.0711138848596646 -0.0304683184603499 -0.0398965457088279 0.0363271500643694
-0.0664972649747991 -0.0160793619893165 -0.0253272760400319 0.00408068055320873
-0.0626358934027812 -0.0162005198672966 -0.0216117158207985 -0.0264669415357405
-0.0767111503438213 -0.0437934207352352 -0.00247787319025262 -0.0670424009804918
-0.0499724505546789 -0.0899930158441572 0.0421474574461099 -0.088388180648179
0.021988526192244 -0.103163054359069 0.10733912655907 -0.0182221288387858
0.117491755578139 -0.0477935203498156 0.0769006731004353 0.0758169766733406
0.125011777982437 0.0772998919534096 -0.017335469810946 0.0873436088440372
0.05661589989252 0.156822400258247 -0.0514159309412861 -0.0254625822863152
-0.0336768250538082 0.107599615503009 0.00270544886179831 -0.16373501479306
0.0136644728757673 0.112285869573203 0.0735538848058033 -0.122183738539411
0.0738877154335825 0.0740733382870836 0.0384694145562969 -0.151612523660545
0.0814835333551408 -0.0203779916999935 -0.0356964263344896 -0.130907231308823
0.0236202474388764 -0.0705504227984234 -0.0914962313786199 -0.0663799504955092
-0.0346246546518729 -0.0583405821050078 -0.0915531320233006 0.00147674422622937
-0.0564624513692298 -0.0261395814739832 -0.0690688181432982 0.0252118359293592
-0.0523979124075361 -0.0147698629630817 -0.0499544287112443 -0.00278104887903048
-0.0490144384497694 -0.0133495164446 -0.0446825067952281 -0.0330825657840423
-0.0581309819319608 -0.0368422830932587 -0.0221147179718783 -0.0775667636375106
-0.0350266424699261 -0.0740934675371492 0.0305282439026905 -0.103766434259175
0.0264899797797197 -0.080388001467569 0.105277094807477 -0.0377710982788527
0.0967864925244857 -0.0217496361487968 0.077934263329369 0.0598541400146471
0.0810517528953561 0.0748287349770897 -0.0150319163048834 0.0696428773269851
0.0172247872384502 0.115881972808402 -0.0510284817024789 -0.0632212838611759
-0.0365117639771154 0.0379749715518228 0.0126131638297653 -0.194342707997866
-0.0129888856291217 0.0556382660355113 0.0724541357619479 -0.131574876304082
0.0260003173264478 0.0462736816717481 0.0515538917652446 -0.143645189608414
0.0408567188250742 -0.00207697587380763 -0.012245768471644 -0.137655974738263
0.0156977719098504 -0.032798452853445 -0.0850722510391644 -0.0892638362996431
-0.0141394992355551 -0.031002872690832 -0.105911872161742 -0.0166643620539268
-0.0314422976712739 -0.0164376895674183 -0.0878587646764157 0.0166674756307257
-0.0301882547077047 -0.0110147974308102 -0.0668454340053693 -0.00858941563706464
-0.0298568791822466 -0.00836794149580957 -0.0601379964730007 -0.0404406398696093
-0.0357165818550287 -0.0254055690646621 -0.032504425626491 -0.0876863630605443
-0.0180283875594823 -0.0516661013256178 0.0276850922907227 -0.113294153958449
0.0277564131934457 -0.0531985430604639 0.107587815422571 -0.0463379620159488
0.070453122580102 0.00426683727715973 0.0779046639384867 0.0530080268736935
0.0331407280628504 0.0654725835680455 -0.012926370453747 0.0577586314580396
-0.0230002956218781 0.0640185258953945 -0.040927233928986 -0.0858438065997336
0.0405661455425595 -0.00972698742062562 0.0564273129349168 0.108899896476457
0.000261008986919751 -0.0332990194572224 0.0635238808023412 -0.0594220145007137
-0.0284535608346963 -0.0142805640852265 -0.0710105764400636 -0.0706685572272383
-0.0146954573654249 0.0162303895174532 -0.126430852393212 0.0428815482791436
0.000799233838432194 0.0128399510241394 -0.0378542598194302 0.128826510033657
0.00837855675114542 0.00579135966021048 0.045967419635582 0.101493781774314
0.0104889107606837 -0.000122206565383519 0.0716767012794096 0.0556016521375179
0.00128729613365855 0.000705011121383613 0.0790610591152333 0.0161559671267815
-0.00371759475746266 0.00356123152097776 0.0894350550471128 -0.00367802634153332
-0.0101171777988944 0.00389324705526828 0.102386536181494 0.0156884433752992
-0.00734574762465452 -0.00791306668677338 0.0878205855539402 0.0843495753174006
0.00307940858093046 -0.0165405831208375 0.0158942417638941 0.139878228134281
0.0210527271684522 -0.0174772600579545 -0.0535609634973805 0.135492680272531
0.041435670312332 0.00459032182290341 -0.0946147798117251 0.140054073290306
0.0506671803422726 0.0359519111174402 -0.0376799246427089 0.198997019445294
0.0541801987648786 0.0483903603045905 0.0339696828483686 0.106863331047349
0.0366386884883266 -0.00347789250721413 0.0678062702688556 -0.0510833486342467
0.0103263068450655 -0.0186516481919433 -0.0681755358072928 -0.0841570920215318
-2.44102255394446E-05 -0.0118523163898023 -0.136471420264448 0.0302636458712497
-0.00879251217582836 -0.0179016985867175 -0.0505980793249273 0.127191759272176
-0.015777978908072 -0.0122360741148257 0.0392269453335741 0.105647571697355
-0.0155565679503755 -0.00562481117189372 0.0670148993522336 0.0579915301303767
-0.0252470868587655 -0.00432209444671477 0.0731716250401514 0.0176111322372478
-0.031342102362342 -0.00665261419445518 0.0804016998567152 -0.00706581964915155
-0.0390899014536154 -0.0206580615193147 0.0950695599920269 -5.91419430174236E-05
-0.014857818515595 -0.0485557830664404 0.0944885694440958 0.0569596806108912
0.0321058921534728 -0.0484836908756907 0.0425519850981973 0.12823949835976
0.074989242743748 -0.010320158936668 -0.0260436991100278 0.139530376010361
0.0803459987399525 0.05639775785009 -0.0736010062678666 0.135484148446444
0.0631337872277199 0.10989068300315 -0.0311087225765975 0.172678722871651
0.0525655681965461 0.105995241159958 0.0110238956193135 0.0819039023336897
0.0676016053147171 0.0406323878085821 0.0718848851734755 -0.0511365666242969
0.0588077600249459 -0.00922531741698019 -0.0614203555000963 -0.107084021911847
0.0266031144239802 -0.0406915950620639 -0.144801260695196 0.00466623036434841
-0.0115902546862067 -0.0533102029766877 -0.0702559549967995 0.114556889330024
-0.0385415057016782 -0.0342473797341228 0.021241745836486 0.10354693086453
-0.0409297062005651 -0.0131500793637514 0.0514439637022295 0.0584509634357004
-0.0474661698214572 -0.0088540807677031 0.056865635422084 0.0166172944345471
-0.0528149576373417 -0.0126475964058047 0.0608543956739283 -0.0116029933920053
-0.0655826079441557 -0.0357080112717613 0.0775924050132179 -0.0204084303998106
-0.0328569918750733 -0.0779979770092478 0.0943635475440567 0.0162674917256964
0.0391458020300281 -0.0826189984116568 0.0763384045352684 0.09867704342359
0.11458532718822 -0.0280689523107313 0.0114260821376458 0.136378946292362
0.12296664418861 0.0804532143840228 -0.0491281339113113 0.128695635595055
0.0805209459538245 0.160353510650323 -0.0286364274782212 0.130000521024964
0.0360967310768473 0.150942217250809 -0.00746160404543123 0.0322325077285765
0.0836889103058005 0.0914151353084748 0.0730557515912446 -0.0604627878375117
0.104432433058021 0.0164150183827593 -0.045476412067115 -0.132309921981106
0.0632552843873647 -0.0606438572856826 -0.141366543100588 -0.0342392615257608
-0.00534436532452505 -0.0851618403989738 -0.0903946085092091 0.0825277374369452
-0.0541843569146315 -0.055852768539529 -0.00603853209218429 0.0905760805007566
-0.0611165098382761 -0.0210404033154693 0.0260768061655823 0.0549678870004887
-0.0630653261121617 -0.0125123921134809 0.0333386878037899 0.0143077708441505
-0.0652813225847123 -0.0159885629983084 0.0345845525809508 -0.0155701192606591
-0.0813913952445299 -0.0431445343108977 0.0520051871117861 -0.0397638254117458
-0.0501155461699758 -0.0929130999547781 0.0807843967378906 -0.0260974947916492
0.0310727171134155 -0.107403241360067 0.0987491200601733 0.0571779234883393
0.132151332126413 -0.0516155166875174 0.0448850961941202 0.120498767063271
0.150352100481532 0.0829316435515131 -0.033076344321745 0.116558720783461
0.0884485153168103 0.18268961171128 -0.0344160511650412 0.0760654585936129
0.00446582568613799 0.170152817401745 -0.0145613497510963 -0.035204806898192
0.0721698034401443 0.133347018647884 0.0734764824275568 -0.0765982094542706
0.125729328663061 0.0539701845038315 -0.0154705117475807 -0.150110779437347
0.0952780183415862 -0.0592989071344361 -0.1157965237365 -0.0803947088283572
0.010586617140465 -0.101875046628704 -0.10339049692911 0.0305244098289548
-0.0566167158074273 -0.0716650101466884 -0.0399800553192416 0.0644293383413985
-0.0714240595041235 -0.0289476795904109 -0.00660546647589595 0.0471570247449969
-0.0687232845724634 -0.0164011661144226 0.00430968352575595 0.00983538024631932
-0.0670944198603213 -0.0178945226568518 0.00613035126674933 -0.0205005932502732
-0.0838323469098547 -0.0454150908527375 0.0247564113432341 -0.0540444812671562
-0.0555957318737499 -0.0955839782832839 0.0615125023336434 -0.060117258693077
0.0234360708109689 -0.112091496616927 0.106994950546002 0.0162372427459966
0.12986643569461 -0.0589194873180166 0.0651540981415849 0.0980812931261899
0.148230241928737 0.0802615240377369 -0.0243727760423055 0.101893957784723
0.0791022103999803 0.1777878861234 -0.0447728896374242 0.0215598419485105
-0.0219507546362898 0.152898665156307 -0.00749249577959619 -0.103977913111003
0.0426330096134491 0.140556350172483 0.0737751149644999 -0.0990057766304549
0.110987149552482 0.0781167634761109 0.015406975641324 -0.154119789360642
0.102126809524234 -0.0413728133134453 -0.0736571701957176 -0.113033616790731
0.0218523252433386 -0.0953321759318532 -0.10008399409051 -0.0241738055386928
-0.048182815728924 -0.0725459304325743 -0.0686395611264184 0.0300100822260935
-0.0687126508161464 -0.0306428696153245 -0.0401121522228598 0.0356262775804409
-0.0645548294161151 -0.0173226415681634 -0.0244455371900596 0.0035066153581285
-0.0607130856675603 -0.0173369009137225 -0.0205965002818031 -0.0252662771313681
-0.0740527067156895 -0.0429509985497862 -0.000587702057137303 -0.0662546955177339
-0.0485797505559759 -0.0877862896701131 0.0427280337334347 -0.0842268877419781
0.022984320473906 -0.0999234646693453 0.106015359358701 -0.0153802139960233
0.115267609830014 -0.0447385554058522 0.0737145222386773 0.0760780684350433
0.120640093047009 0.0783002492936926 -0.0202016647061598 0.0844663238855495
0.0519735542319715 0.153042320433296 -0.0503307999832015 -0.0267124793709831
-0.0357411969538252 0.104026974289826 0.00753110578610939 -0.159190950217471
0.0100431996281503 0.109457701692648 0.0761386510316032 -0.11642942494996
0.0709705553953908 0.073773061362855 0.0418303764844127 -0.147125775683451
0.0793092737244241 -0.0182583185344717 -0.0313258032521417 -0.130474065540432
0.0235699013885593 -0.0682458800193186 -0.0880119598106601 -0.0675555995395207
-0.0319494281651789 -0.0572132420659127 -0.0897125870657405 -3.009364875003E-05
-0.0542869968980346 -0.0253919287711939 -0.0680748425774239 0.0233308935182282
-0.0504903792514724 -0.0157696345457869 -0.0490723250984626 -0.00314644789395756
-0.0471896877154614 -0.0143999527537046 -0.0429037870523555 -0.0324687459721372
-0.0558847165235185 -0.0360950712661471 -0.0200113878122898 -0.0761223231357979
-0.0331676585308974 -0.0718724222430449 0.0315474826641403 -0.0997028634550994
0.0268000095675778 -0.0776028116611433 0.103861835880861 -0.0343098331134836
0.0951180573651122 -0.0192858650292706 0.0752644419375312 0.0605783638732653
0.0777846693452067 0.0751620741741383 -0.0171815013615638 0.067599853962394
0.014240330996965 0.113021401013271 -0.0488983202199261 -0.0631217885729325
-0.0372422001292745 0.0364466018126451 0.0175889614946267 -0.188784396073669
-0.014266475858419 0.0542150382484554 0.0744575544488447 -0.125974103484532
0.0242354448083909 0.0458522072112242 0.0553327147418866 -0.138791458814589
0.0397197496341207 -0.00155705511443157 -0.00853933774950622 -0.136153183714111
0.0155529498821531 -0.0315917261171854 -0.0807303678370506 -0.0895199603583332
-0.0130718326496087 -0.0302241467514389 -0.102966943063471 -0.0184268261226704
-0.0296263923931872 -0.0163202076003673 -0.0861124589978826 0.0149832660276601
-0.0293488819712877 -0.0119185276622954 -0.0659730444894266 -0.00882020652729658
-0.028534364671804 -0.00929124923647585 -0.0579922186024982 -0.040237074908979
-0.0335755344058889 -0.0244365461278953 -0.0300674364508374 -0.0857096986002973
-0.0169446179865698 -0.0499611619068152 0.0285689126110354 -0.109433387321629
0.0276757828677465 -0.0510160769639553 0.105818988124659 -0.0429028224745322
0.0686912395398721 0.00554077686080824 0.0751217229175834 0.0537718713179021
0.0311620399166867 0.0645764170147654 -0.0155924816077257 0.0559939819010944
-0.0239698699488389 0.06178526941268 -0.0389548311687098 -0.0842557816976781
0.0407138012166679 -0.00860410174128939 0.0539720601465003 0.111106168241744
0.0013232835137235 -0.0331155021820035 0.0661618706673316 -0.0596295504245722
-0.0278558135818905 -0.0153238003936278 -0.0689482788895577 -0.0745869106854978
-0.0147106153956646 0.016516220157308 -0.129498502466757 0.0395798070007682
0.000252590611740945 0.0130250377069659 -0.0416739485243631 0.129725514585065
0.00827307961696047 0.00596468934594013 0.0433271066341904 0.103360263160064
0.00986132156809597 -1.59458139337913E-05 0.0709051440447434 0.0585670797256223
0.00109130930218558 0.000720988063706773 0.0798762009482261 0.0179975130770051
-0.00406352850117849 0.00390922356837243 0.0912684812509624 -0.00190374493383158
-0.0105473734187448 0.00349428872368965 0.10363316442639 0.0182514248590759
-0.00753793214588728 -0.00905083485516754 0.0868000124320072 0.0883720730219951
0.00367186939902963 -0.0165589859274577 0.0116396475905465 0.143054879616597
0.022078529983893 -0.0167846083110207 -0.0605198962127849 0.135110531471619
0.0416332576227638 0.00666692209125569 -0.101444847855078 0.138248266859599
0.0502627386997287 0.0386533836279775 -0.0450001750016583 0.19888613206812
0.0530517253298115 0.0502942731659866 0.0323325969096285 0.108006978838672
0.0367252152141014 -0.00187259669895492 0.0712992524795049 -0.0509583146500137
0.0113086789526238 -0.0182666037898963 -0.065530823876153 -0.0886997372852825
0.000369022009680469 -0.0114401435600148 -0.138935217545798 0.0260182133361742
-0.00867329284097267 -0.0183863959623245 -0.0548910135842289 0.128038343735663
-0.0153608809572715 -0.0127482735294159 0.0362159611111546 0.107661733593752
-0.0160248912808902 -0.0068135656302342 0.0662581610604416 0.0610578389355131
-0.0255719904623327 -0.00544397427533514 0.0738241905677522 0.0191001737546154
-0.0318236360707704 -0.00677188068645341 0.0820415629213419 -0.00497242790329931
-0.0394002838424465 -0.0213053075691649 0.0963657908802111 0.00278410239880312
-0.0141578213969293 -0.0494829818995288 0.0940800305024879 0.0615501158079996
0.0334343015268941 -0.0477885889285692 0.0394514055515613 0.131525272722539
0.0763734286567662 -0.00776838433138205 -0.0326535367958098 0.140483659371072
0.0801400042400948 0.0604837133112012 -0.0799275633742613 0.134209507249847
0.0605006928139829 0.11277502383363 -0.0385336982033517 0.173230179446979
0.049218707058323 0.108722698116054 0.0102875526425721 0.0818672680961802
0.066511802209871 0.0432523827894398 0.0761514892931662 -0.0502810864223412
0.0595041152277454 -0.00707894922883921 -0.0577211317551765 -0.111437307258191
0.0279997540143987 -0.0396969988393826 -0.146923693657278 -0.000386696512834252
-0.0109133579139937 -0.0539153636074731 -0.0748285934775717 0.11392313649042
-0.0380136726739954 -0.0352799924168467 0.0187122644038461 0.104847641609065
-0.0410311518382844 -0.0147672837056835 0.0501238359451791 0.0605569585862327
-0.0486029095556415 -0.0106901704047166 0.0576039935951119 0.0180861589174516
-0.0536512005817539 -0.0142926202063223 0.062056687487822 -0.00990964432283992
-0.0657557916006665 -0.0369389134624007 0.0794475008123825 -0.0188581075179546
-0.032158473950589 -0.079773126702979 0.0949891786757948 0.0203552187524548
0.0415618779157245 -0.082208508333604 0.074060056952213 0.103123354205321
0.117551480083517 -0.0250285592693671 0.00674767605225017 0.13823632437052
0.122525837635647 0.0851649769628521 -0.0552540546834423 0.127973977612062
0.0771040767112718 0.163791087585402 -0.0334753633636269 0.12898959586909
0.0309206350211333 0.153622644283907 -0.00699362728506219 0.0321544103569468
0.0814101174201579 0.0946925657908778 0.077605029851566 -0.0591549509364214
0.10552766898176 0.019699424102677 -0.0403398053395524 -0.135886125660167
0.0651651567562389 -0.0593302460265504 -0.142033581082697 -0.0402583807968746
-0.0037268391458669 -0.0859365129021925 -0.0938664842253868 0.0799150726225931
-0.0530094640972759 -0.0573140319042677 -0.00850788343683576 0.0914695648482882
-0.0612852559010399 -0.0235908225173221 0.0247049880637607 0.0564373255984564
-0.0641361447625158 -0.0147226711700613 0.0335117004872632 0.0150392065579605
-0.0658711236722731 -0.0177183981829527 0.035939585583328 -0.0154625749234764
-0.0823408016447252 -0.0443519307570031 0.0536644801811471 -0.0387587425424314
-0.0494737216113638 -0.0949759908825766 0.0830159912310403 -0.0228654851995623
0.0342435065156446 -0.106884399815395 0.0984089042725466 0.0606694066405401
0.135303732510663 -0.0486024839180454 0.0417169637873472 0.123108373828832
0.150743619714278 0.0880043795096929 -0.0381742508598325 0.116718403731691
0.0843689639163203 0.18681882527788 -0.0388472312661928 0.0749397361446772
-0.00130997833849846 0.171994044202166 -0.0122507524580327 -0.0355658287736379
0.068319069686296 0.136812677003537 0.0786413805875373 -0.0747782248786522
0.125947378499115 0.0582358328118018 -0.00931180039644525 -0.152081521560929
0.0977120084769591 -0.0571328265918886 -0.115493171453756 -0.0863528154980663
0.012779279563807 -0.102295921399168 -0.105320614135199 0.0269083148745053
-0.0551065626725243 -0.0734928693707618 -0.0421362710223755 0.063510972883418
-0.0710777020136228 -0.0312422352242019 -0.00833967804869972 0.0482940714446499
-0.0692491243736562 -0.0191568220856714 0.00373184084088219 0.0101461204954215
-0.0674548893219288 -0.0205137124358478 0.00728745434132235 -0.0195438604963716
-0.0841958128700814 -0.0467898796349682 0.0261944083196136 -0.0542440442168231
-0.0548428833297798 -0.0971957315768342 0.0638269368539057 -0.0579532727615789
0.0268691060386361 -0.112097638726965 0.107752006767145 0.0204260228326091
0.133411163789453 -0.0552918352382783 0.0625665826623026 0.100827963091115
0.148341644924528 0.0854393603775429 -0.0294444138235274 0.101452027582726
0.07521878559233 0.182348234182946 -0.0467540648772041 0.0188393876614129
-0.0274444187402438 0.154330378437284 -0.00314010872307152 -0.105256271637745
0.0382724934706302 0.14334759252857 0.0795606186244016 -0.0960884936650594
0.110167901766617 0.0828757762738392 0.0221619469776676 -0.154897546648692
0.104155100360308 -0.0383249738758012 -0.070549014283413 -0.118504740288324
0.023927453593521 -0.0952580990140487 -0.100617517758491 -0.0286052467832279
-0.0466695876254895 -0.0741536489817723 -0.0703545234863642 0.028542086638888
-0.0687393352530989 -0.0328604328103632 -0.0413552744439035 0.0357628807516331
-0.0654107320985502 -0.0196953525021836 -0.0249165179883681 0.00319007766300802
-0.0605461944419783 -0.0196605631877745 -0.0195956822270281 -0.0263520348726521
-0.0740107899560568 -0.0444230760712168 0.0010011488022253 -0.0666626941487273
-0.0481231322011944 -0.0893661811734237 0.0455802486187394 -0.0829343643127525
0.0254969446868681 -0.0996888009096914 0.107814338209223 -0.0120907294202094
0.118227527374101 -0.0420302889674046 0.072864708878285 0.0790452267424427
0.120406042904446 0.0819968199805184 -0.0244621907032823 0.083869814639387
0.0481025112066268 0.15566088764934 -0.0517061710951215 -0.0292527588495306
-0.0399262063856983 0.103795377323204 0.0136609955285341 -0.160003055631161
0.00591526815617855 0.11056121288486 0.0816815284885943 -0.114219308614855
0.0692419926646875 0.076548330708097 0.0483745192465451 -0.146297751554585
0.080534166871771 -0.0165302923020731 -0.0273338313201084 -0.13363975017514
0.0248234739440945 -0.0679455531398109 -0.0872112341369372 -0.0723073623645178
-0.0307186748363473 -0.0578984230471662 -0.0907767825987306 -0.0023825616984929
-0.0536147568702947 -0.027064325938863 -0.0692113630799482 0.0230721943692614
-0.0517648635548096 -0.0174723256430884 -0.0504273981330761 -0.00396308754480435
-0.0469704729735748 -0.0161993615655186 -0.0417990178991596 -0.033810921428368
-0.0557531512237944 -0.0371110454571464 -0.0175652284431072 -0.0770059278922991
-0.0325673885361765 -0.0732402901986015 0.033878800453777 -0.0991990279187826
0.0289870105619842 -0.076761861740648 0.106065472715383 -0.0316640270597465
0.09658115558344 -0.0169527431086055 0.0743979783481946 0.0640393453398077
0.0773156373437219 0.0782874177576338 -0.0210925231325407 0.0674058428230265
0.0111778087197481 0.113701359634159 -0.0488105885796126 -0.0649232667735035
-0.0392360859641483 0.0352715554847248 0.0245057546456936 -0.189956958147318
-0.0166652395533559 0.0533776045820012 0.0801222790351981 -0.123093249943645
0.0234711840100795 0.0464584548063373 0.0609600920399246 -0.137515866810951
0.0401551402974659 -0.000352058414715071 -0.003114833343271 -0.139629502978648
0.0158946848728967 -0.0310809014353171 -0.0800625103556206 -0.0944092633810872
-0.0119755906819021 -0.0304579355360151 -0.103659386585972 -0.0215003661355719
-0.0295645270271141 -0.0169621329412974 -0.0879955304881432 0.0142392891386814
-0.02986020737467 -0.0128950371242881 -0.0666672814239613 -0.010781461956137
-0.0279620501603835 -0.0109487892505649 -0.057890440093202 -0.0416689784966042
-0.0334272458282804 -0.0256786433654934 -0.0278362785070048 -0.0875974928117704
-0.015987983667987 -0.0510486796533762 0.0315537931380564 -0.10983658149366
0.0290808868577744 -0.0504736114164009 0.108557578327637 -0.0397511573283849
0.0693810129766782 0.007822787773349 0.0751289594814456 0.0567994595209794
0.0295751311603065 0.066330491403416 -0.0178655861145501 0.0563618641852165
-0.0252005734457228 0.0613177001557751 -0.0377801316908533 -0.0850433582954598
