TRXV5
3
4
4
9
string Extension=J
integer IsArchMeasurement=1
integer IsSpherical=1
string Generator=SPM
string GeneratorVersion=1.3.1 Dev
double ArchRadius=0.449999988079071
integer FrequencyAxisIndex=0
integer AzimuthAxisIndex=1
integer ElevationAxisIndex=2
Frequency
5 136 690000000 960000000 LIN
Azimuth
7 8 0 2.74889357189107 LIN
Elevation
7 15 -2.74889357189107 2.74889357189107 LIN
Polar H Real Part
13
Polar H Imaginary Part
14
Polar V Real Part
13
Polar V Imaginary Part
14
Polar H Magnitude (dB)
12 0xC0000002 0 1
Polar H Phase
7 0xC0000003 0 1
Polar V Magnitude (dB)
12 0xC0000002 2 3
Polar V Phase
7 0xC0000003 2 3
0.0974349975585937 -0.139839172363281 0.357421875 -0.245208740234375
-0.00926208496093749 -0.173751831054688 0.123687744140625 -0.214523315429688
-0.123069763183594 -0.0457305908203125 -0.0985107421875 0.017303466796875
-0.0974960327148438 0.0518417358398437 0.0191802978515625 0.214431762695312
-0.0484962463378906 0.0668601989746094 0.21014404296875 0.188125610351563
-0.0136489868164063 0.085693359375 0.365386962890625 0.0596923828125
0.0166778564453125 0.0728607177734375 0.410064697265625 -0.10992431640625
-0.00617218017578124 0.0748138427734375 0.38836669921875 -0.18023681640625
-0.0335311889648437 0.08489990234375 0.37066650390625 -0.1368408203125
-0.0681571960449219 0.0615043640136719 0.33526611328125 -0.019500732421875
-0.0848236083984375 -0.00125885009765624 0.2381591796875 0.05755615234375
-0.0706329345703125 -0.0610580444335938 0.11968994140625 0.0763931274414063
0.0213241577148437 -0.118682861328125 0.115547180175781 -0.0145187377929688
0.147079467773437 -0.105453491210938 0.381561279296875 -0.124481201171875
0.20770263671875 -0.0376129150390625 0.633544921875 0.1097412109375
-0.165023803710938 -0.115997314453125 0.357879638671875 -0.26416015625
-0.221725463867188 -0.079833984375 0.122283935546875 -0.2279052734375
-0.2283935546875 0.0945281982421875 -0.0749588012695313 -0.0137481689453125
-0.10333251953125 0.216415405273438 0.030029296875 0.167526245117188
0.0330963134765625 0.192535400390625 0.190963745117187 0.137008666992188
0.148040771484375 0.142242431640625 0.338226318359375 0.02081298828125
0.179733276367188 0.057159423828125 0.3671875 -0.135467529296875
0.141143798828125 0.0611572265625 0.345184326171875 -0.20367431640625
0.136466979980469 0.0777206420898438 0.339813232421875 -0.16229248046875
0.102264404296875 0.106002807617188 0.325592041015625 -0.043975830078125
0.0328903198242187 0.111953735351562 0.234512329101563 0.0268096923828125
-0.0185012817382813 0.105445861816406 0.140098571777344 0.0482177734375
-0.0628166198730469 0.0577812194824219 0.173355102539063 -0.0389862060546875
-0.0610580444335937 0.0147514343261719 0.43255615234375 -0.121673583984375
-0.0546875 0.0206718444824219 0.71832275390625 0.02459716796875
-0.424957275390625 0.000457763671875005 0.25152587890625 -0.330322265625
-0.400604248046875 0.108612060546875 0.05047607421875 -0.242645263671875
-0.2608642578125 0.2900390625 -0.0608558654785156 -0.0287704467773437
-0.026702880859375 0.3778076171875 0.0566787719726563 0.1011962890625
0.166763305664063 0.27593994140625 0.166046142578125 0.046295166015625
0.327484130859375 0.13232421875 0.272628784179688 -0.067291259765625
0.3302001953125 -0.01727294921875 0.255294799804688 -0.188385009765625
0.28271484375 -0.001861572265625 0.224868774414063 -0.239349365234375
0.308929443359375 0.01739501953125 0.235687255859375 -0.21075439453125
0.29266357421875 0.107574462890625 0.26165771484375 -0.109710693359375
0.184860229492188 0.206893920898438 0.198623657226562 -0.0446624755859375
0.0714263916015625 0.27606201171875 0.15155029296875 -0.0176849365234375
-0.12738037109375 0.260162353515625 0.219223022460938 -0.09619140625
-0.2647705078125 0.168380737304688 0.4378662109375 -0.156829833984375
-0.315948486328125 0.114990234375 0.6729736328125 0.05267333984375
-0.58856201171875 0.09844970703125 0.129730224609375 -0.286468505859375
-0.492431640625 0.25885009765625 -0.00112915039062502 -0.194107055664062
-0.249603271484375 0.408172607421875 -0.0372962951660156 -0.0460357666015625
0.031646728515625 0.456695556640625 0.042388916015625 0.0254783630371094
0.2451171875 0.313720703125 0.0876235961914063 -0.0167922973632812
0.421783447265625 0.125274658203125 0.15411376953125 -0.079742431640625
0.41131591796875 -0.0469970703125 0.122169494628906 -0.13946533203125
0.361114501953125 -0.0260009765625 0.0973052978515625 -0.169876098632813
0.41290283203125 -0.004608154296875 0.112808227539063 -0.157608032226563
0.4056396484375 0.129791259765625 0.149337768554688 -0.100341796875
0.2698974609375 0.289764404296875 0.114959716796875 -0.0779571533203125
0.110504150390625 0.40771484375 0.128822326660156 -0.0670700073242187
-0.2061767578125 0.399993896484375 0.243896484375 -0.107162475585937
-0.443145751953125 0.257568359375 0.391326904296875 -0.081298828125
-0.529998779296875 0.1534423828125 0.52899169921875 0.109344482421875
-0.66888427734375 0.137939453125 -0.0123443603515625 -0.21209716796875
-0.529510498046875 0.34039306640625 -0.0521087646484375 -0.117485046386719
-0.22332763671875 0.462127685546875 -0.0121955871582031 -0.0502357482910156
0.0682373046875 0.4730224609375 0.0213661193847656 -0.0435791015625
0.2760009765625 0.3126220703125 0.00152206420898439 -0.0693511962890625
0.449615478515625 0.11370849609375 0.0224838256835938 -0.08087158203125
0.430511474609375 -0.0562744140625 -0.0244293212890625 -0.0806503295898438
0.384735107421875 -0.030670166015625 -0.0452041625976562 -0.090911865234375
0.44903564453125 -0.004730224609375 -0.0321731567382812 -0.100112915039063
0.44403076171875 0.145721435546875 0.0102691650390625 -0.095611572265625
0.295501708984375 0.33258056640625 0.0137557983398438 -0.116668701171875
0.105133056640625 0.47186279296875 0.090789794921875 -0.115951538085937
-0.2708740234375 0.45196533203125 0.237045288085937 -0.102828979492187
-0.55169677734375 0.2703857421875 0.285888671875 0.00860595703125002
-0.65313720703125 0.13641357421875 0.312286376953125 0.1531982421875
-0.66619873046875 0.18048095703125 -0.185958862304688 -0.135498046875
-0.498931884765625 0.393646240234375 -0.121139526367188 -0.0279006958007812
-0.1605224609375 0.472259521484375 0.000659942626953115 -0.0398025512695312
0.118194580078125 0.435516357421875 -0.00925445556640624 -0.0996322631835937
0.29046630859375 0.264190673828125 -0.0869903564453125 -0.105758666992187
0.430328369140625 0.067535400390625 -0.110069274902344 -0.070556640625
0.393829345703125 -0.0791015625 -0.169265747070312 -0.01727294921875
0.355926513671875 -0.050262451171875 -0.188339233398438 -0.0113067626953125
0.419464111328125 -0.023468017578125 -0.18157958984375 -0.0444488525390625
0.416778564453125 0.118560791015625 -0.134918212890625 -0.0974273681640625
0.28082275390625 0.303558349609375 -0.0894927978515625 -0.1566162109375
0.102996826171875 0.4437255859375 0.0428924560546875 -0.16363525390625
-0.261322021484375 0.432403564453125 0.201751708984375 -0.101531982421875
-0.550811767578125 0.261749267578125 0.149017333984375 0.072784423828125
-0.66998291015625 0.1358642578125 0.0824584960937499 0.158248901367188
-0.56927490234375 0.1904296875 -0.35980224609375 -0.059814453125
-0.408935546875 0.371002197265625 -0.193817138671875 0.0577239990234375
-0.097442626953125 0.406951904296875 -0.00304317474365235 -0.0162200927734375
0.13653564453125 0.342803955078125 -0.0472335815429687 -0.129188537597656
0.261154174804688 0.185882568359375 -0.166030883789062 -0.11553955078125
0.35101318359375 0.01702880859375 -0.2247314453125 -0.0409088134765625
0.300445556640625 -0.09246826171875 -0.287017822265625 0.050994873046875
0.272415161132813 -0.0653076171875 -0.304168701171875 0.06781005859375
0.320770263671875 -0.04400634765625 -0.30389404296875 0.0115051269531251
0.31939697265625 0.059417724609375 -0.254638671875 -0.094207763671875
0.222259521484375 0.208984375 -0.169754028320313 -0.180282592773438
0.095123291015625 0.325164794921875 0.000762939453125005 -0.191726684570312
-0.185150146484375 0.33734130859375 0.15093994140625 -0.08740234375
-0.4384765625 0.22528076171875 0.010772705078125 0.124771118164063
-0.570068359375 0.13385009765625 -0.135574340820313 0.15374755859375
-0.39141845703125 0.1593017578125 -0.50445556640625 -0.00885009765624997
-0.269943237304688 0.274948120117188 -0.265029907226562 0.117599487304688
-0.0412139892578125 0.276840209960937 -0.0251216888427734 0.0138683319091797
0.118362426757813 0.20703125 -0.0851516723632813 -0.132095336914063
0.186309814453125 0.091461181640625 -0.222213745117188 -0.103744506835937
0.219924926757813 -0.0262908935546875 -0.30645751953125 -0.000640869140625049
0.164352416992188 -0.087982177734375 -0.361968994140625 0.112945556640625
0.146896362304688 -0.06976318359375 -0.373077392578125 0.134063720703125
0.171600341796875 -0.060272216796875 -0.376373291015625 0.059967041015625
0.176895141601563 -0.0162200927734375 -0.32525634765625 -0.0831604003906251
0.139732360839844 0.0745773315429687 -0.211883544921875 -0.181671142578125
0.08953857421875 0.15374755859375 -0.024139404296875 -0.195648193359375
-0.061126708984375 0.205352783203125 0.102256774902344 -0.0624313354492187
-0.247390747070313 0.176666259765625 -0.096588134765625 0.163330078125
-0.383941650390625 0.132598876953125 -0.302337646484375 0.15008544921875
0.0865478515625 -0.167343139648438 0.325714111328125 -0.29010009765625
-0.03857421875 -0.19012451171875 0.09375 -0.23583984375
-0.14227294921875 -0.033721923828125 -0.103874206542969 0.026397705078125
-0.101463317871094 0.0719528198242188 0.03564453125 0.21600341796875
-0.0428924560546875 0.085693359375 0.226806640625 0.17242431640625
0.00289916992187499 0.0995712280273438 0.37322998046875 0.02911376953125
0.035369873046875 0.0809707641601563 0.400054931640625 -0.150848388671875
0.0111923217773437 0.0857925415039063 0.3699951171875 -0.222808837890625
-0.0167770385742188 0.101707458496094 0.358001708984375 -0.178009033203125
-0.0627059936523437 0.08355712890625 0.336822509765625 -0.053009033203125
-0.0954437255859375 0.01556396484375 0.250045776367188 0.0329132080078125
-0.0900344848632813 -0.0543746948242187 0.136260986328125 0.067291259765625
0.00408172607421874 -0.133819580078125 0.120468139648438 -0.014068603515625
0.142852783203125 -0.139801025390625 0.367279052734375 -0.151885986328125
0.217941284179688 -0.0754852294921875 0.64019775390625 0.06121826171875
-0.173721313476563 -0.11669921875 0.3250732421875 -0.313385009765625
-0.24176025390625 -0.074249267578125 0.092193603515625 -0.250839233398438
-0.234222412109375 0.116073608398438 -0.083984375 -0.00975799560546876
-0.0906982421875 0.236770629882813 0.0411224365234375 0.164688110351563
0.051025390625 0.202285766601562 0.200408935546875 0.118988037109375
0.16925048828125 0.138656616210938 0.3387451171875 -0.01202392578125
0.1956787109375 0.0477447509765625 0.349212646484375 -0.17425537109375
0.156326293945313 0.056671142578125 0.319000244140625 -0.243072509765625
0.151702880859375 0.075408935546875 0.321380615234375 -0.204864501953125
0.112831115722656 0.108596801757813 0.3233642578125 -0.083709716796875
0.0350189208984375 0.115829467773438 0.244277954101563 -0.00241088867187499
-0.0192337036132813 0.105545043945313 0.156524658203125 0.0333099365234375
-0.0614395141601562 0.0495872497558594 0.178421020507813 -0.048980712890625
-0.052947998046875 0.00216293334960937 0.422393798828125 -0.15704345703125
-0.0388450622558594 0.0104331970214844 0.72357177734375 -0.03515625
-0.422637939453125 0.025970458984375 0.212188720703125 -0.37200927734375
-0.402099609375 0.134674072265625 0.0166473388671875 -0.260528564453125
-0.246124267578125 0.3148193359375 -0.0732879638671875 -0.0268936157226562
0.00372314453125 0.388092041015625 0.059661865234375 0.0947265625
0.194656372070313 0.269989013671875 0.16448974609375 0.0269775390625
0.34637451171875 0.10687255859375 0.25848388671875 -0.096466064453125
0.336456298828125 -0.046478271484375 0.227828979492188 -0.216964721679688
0.291229248046875 -0.024993896484375 0.190658569335938 -0.268051147460938
0.31768798828125 -0.00762939453125 0.207595825195313 -0.243942260742188
0.30523681640625 0.085906982421875 0.249740600585938 -0.148941040039063
0.2001953125 0.195358276367188 0.200515747070313 -0.0767822265625
0.0906982421875 0.268524169921875 0.163543701171875 -0.0402984619140625
-0.1072998046875 0.260330200195313 0.222412109375 -0.116744995117187
-0.246322631835938 0.17767333984375 0.429962158203125 -0.1954345703125
-0.2952880859375 0.13330078125 0.6865234375 -0.00421142578124999
-0.57733154296875 0.14666748046875 0.097991943359375 -0.32354736328125
-0.472930908203125 0.298309326171875 -0.02801513671875 -0.210556030273438
-0.219879150390625 0.4290771484375 -0.0528144836425781 -0.050018310546875
0.0711364746093751 0.457305908203125 0.0378189086914063 0.0189552307128907
0.272674560546875 0.294342041015625 0.0786514282226563 -0.0308074951171875
0.434600830078125 0.08563232421875 0.136146545410156 -0.101615905761719
0.408416748046875 -0.08837890625 0.096832275390625 -0.15576171875
0.364013671875 -0.059295654296875 0.0680084228515625 -0.186492919921875
0.41668701171875 -0.0435791015625 0.0872039794921875 -0.181304931640625
0.420135498046875 0.090118408203125 0.138290405273438 -0.130950927734375
0.29754638671875 0.2664794921875 0.112709045410156 -0.105308532714844
0.14569091796875 0.396881103515625 0.135467529296875 -0.0904541015625
-0.17254638671875 0.41082763671875 0.246490478515625 -0.134979248046875
-0.417510986328125 0.29046630859375 0.393585205078125 -0.1187744140625
-0.50927734375 0.19927978515625 0.550994873046875 0.06201171875
-0.65301513671875 0.20172119140625 -0.0312957763671875 -0.237777709960938
-0.494873046875 0.38916015625 -0.068572998046875 -0.130630493164062
-0.181884765625 0.48114013671875 -0.027313232421875 -0.0586433410644531
0.11383056640625 0.465606689453125 0.0107307434082031 -0.0511512756347656
0.305633544921875 0.284820556640625 -0.0120086669921875 -0.078338623046875
0.458465576171875 0.066619873046875 0.00334930419921878 -0.0923690795898437
0.422393798828125 -0.10064697265625 -0.0445480346679687 -0.083984375
0.38348388671875 -0.072265625 -0.0658187866210937 -0.0930404663085938
0.44830322265625 -0.0543212890625 -0.0533065795898437 -0.108528137207031
0.46026611328125 0.09765625 -0.00141143798828122 -0.113571166992188
0.3302001953125 0.305450439453125 0.00553131103515628 -0.135581970214844
0.15374755859375 0.46221923828125 0.0908660888671875 -0.137161254882813
-0.2276611328125 0.472137451171875 0.239669799804687 -0.133773803710937
-0.528564453125 0.3203125 0.298797607421875 -0.020538330078125
-0.64007568359375 0.2001953125 0.341766357421875 0.126953125
-0.64947509765625 0.2520751953125 -0.192153930664063 -0.144943237304688
-0.4560546875 0.448974609375 -0.122932434082031 -0.0355300903320312
-0.11285400390625 0.4874267578125 -0.0123176574707031 -0.0507011413574218
0.1661376953125 0.421478271484375 -0.0245590209960937 -0.104454040527344
0.319366455078125 0.229827880859375 -0.10394287109375 -0.10614013671875
0.432373046875 0.016204833984375 -0.127525329589844 -0.068939208984375
0.37939453125 -0.1259765625 -0.18145751953125 -0.00465393066406252
0.349090576171875 -0.091400146484375 -0.200225830078125 0.00222778320312499
0.413543701171875 -0.074554443359375 -0.19659423828125 -0.0357818603515625
0.428741455078125 0.06878662109375 -0.147430419921875 -0.100234985351563
0.31488037109375 0.273529052734375 -0.103927612304688 -0.162933349609375
0.1522216796875 0.43133544921875 0.0350341796875 -0.180374145507812
-0.214935302734375 0.4544677734375 0.2022705078125 -0.131668090820312
-0.5269775390625 0.3201904296875 0.168991088867188 0.055511474609375
-0.6572265625 0.20892333984375 0.112396240234375 0.15423583984375
-0.555206298828125 0.25836181640625 -0.35491943359375 -0.05072021484375
-0.366424560546875 0.424957275390625 -0.184188842773438 0.0581512451171875
-0.051727294921875 0.4212646484375 -0.0115814208984375 -0.0278797149658203
0.179901123046875 0.325714111328125 -0.065582275390625 -0.129684448242187
0.28399658203125 0.150848388671875 -0.182403564453125 -0.105850219726563
0.347747802734375 -0.029693603515625 -0.237091064453125 -0.025787353515625
0.282501220703125 -0.13250732421875 -0.2896728515625 0.077728271484375
0.260513305664063 -0.100616455078125 -0.30511474609375 0.095367431640625
0.311004638671875 -0.0872802734375 -0.310791015625 0.035858154296875
0.322967529296875 0.01458740234375 -0.267425537109375 -0.0822296142578126
0.246444702148438 0.1800537109375 -0.187362670898437 -0.17724609375
0.13525390625 0.31048583984375 -0.011566162109375 -0.202865600585937
-0.143157958984375 0.35491943359375 0.150634765625 -0.111801147460938
-0.414825439453125 0.276824951171875 0.0347366333007812 0.123542785644531
-0.55877685546875 0.205230712890625 -0.107345581054687 0.1715087890625
-0.383270263671875 0.213623046875 -0.496978759765625 0.020782470703125
-0.241943359375 0.318206787109375 -0.249542236328125 0.128219604492187
-0.00610351562499998 0.2911376953125 -0.0299949645996094 0.00574302673339846
0.151077270507813 0.195510864257812 -0.104759216308594 -0.127098083496094
0.2037353515625 0.0630340576171875 -0.236221313476562 -0.084014892578125
0.214752197265625 -0.06298828125 -0.31134033203125 0.0262451171875
0.146774291992188 -0.116180419921875 -0.35455322265625 0.150482177734375
0.132804870605469 -0.0949172973632812 -0.36395263671875 0.17193603515625
0.15765380859375 -0.088531494140625 -0.375030517578125 0.0948791503906249
0.169540405273437 -0.0479583740234375 -0.33587646484375 -0.0616149902343751
0.149002075195313 0.0489654541015625 -0.229644775390625 -0.170623779296875
0.114814758300781 0.1361083984375 -0.039093017578125 -0.20166015625
-0.028533935546875 0.2110595703125 0.1019287109375 -0.0788955688476562
-0.225250244140625 0.214675903320312 -0.0691680908203125 0.175994873046875
-0.373748779296875 0.190704345703125 -0.27642822265625 0.187164306640625
0.0668487548828125 -0.187789916992187 0.275238037109375 -0.31280517578125
-0.0726318359375 -0.193313598632813 0.0561370849609375 -0.240341186523437
-0.15557861328125 -0.0142974853515625 -0.105064392089844 0.03662109375
-0.09771728515625 0.092376708984375 0.049285888671875 0.209228515625
-0.031524658203125 0.100410461425781 0.233123779296875 0.15106201171875
0.02337646484375 0.106094360351563 0.36572265625 -0.00311279296874999
0.0564346313476562 0.0811920166015625 0.37286376953125 -0.180694580078125
0.03118896484375 0.089996337890625 0.334075927734375 -0.249786376953125
0.00651550292968749 0.111671447753906 0.327789306640625 -0.208587646484375
-0.0482559204101563 0.101951599121094 0.319610595703125 -0.083892822265625
-0.0982208251953125 0.0356521606445313 0.2490234375 0.0066375732421875
-0.105461120605469 -0.0405502319335938 0.146743774414063 0.0526885986328125
-0.0186767578125 -0.141357421875 0.124305725097656 -0.0145263671875
0.124862670898437 -0.170089721679688 0.340850830078125 -0.166046142578125
0.211669921875 -0.1131591796875 0.61767578125 0.01922607421875
-0.178085327148438 -0.1148681640625 0.273681640625 -0.340423583984375
-0.255508422851563 -0.0637054443359375 0.053375244140625 -0.257171630859375
-0.231704711914062 0.135162353515625 -0.0909194946289063 -0.00244140624999998
-0.0727386474609375 0.2484130859375 0.0492401123046875 0.156661987304688
0.0687103271484375 0.203048706054688 0.199249267578125 0.0979156494140625
0.185470581054688 0.127838134765625 0.323577880859375 -0.04071044921875
0.205612182617188 0.033843994140625 0.315460205078125 -0.198333740234375
0.167068481445313 0.0469207763671875 0.277877807617188 -0.267471313476563
0.164535522460938 0.069122314453125 0.283233642578125 -0.23388671875
0.121322631835938 0.107284545898438 0.30279541015625 -0.117431640625
0.0365676879882813 0.1185302734375 0.2406005859375 -0.0325469970703125
-0.021087646484375 0.104042053222656 0.16534423828125 0.0141754150390625
-0.0632171630859375 0.0394439697265625 0.178512573242188 -0.05853271484375
-0.0496330261230469 -0.0151748657226562 0.39691162109375 -0.18096923828125
-0.0271244049072266 -0.00665855407714844 0.697021484375 -0.08538818359375
-0.4058837890625 0.046295166015625 0.158233642578125 -0.392120361328125
-0.389007568359375 0.154632568359375 -0.0222930908203125 -0.261489868164063
-0.22454833984375 0.32525634765625 -0.0846099853515625 -0.0207061767578125
0.033447265625 0.3843994140625 0.0589981079101563 0.0862045288085938
0.212921142578125 0.252853393554688 0.152587890625 0.0114593505859375
0.34912109375 0.07916259765625 0.232147216796875 -0.11651611328125
0.329742431640625 -0.07177734375 0.189849853515625 -0.228118896484375
0.287841796875 -0.045745849609375 0.147064208984375 -0.278701782226563
0.314483642578125 -0.02978515625 0.1646728515625 -0.261383056640625
0.30560302734375 0.063507080078125 0.222686767578125 -0.177581787109375
0.204574584960938 0.179153442382813 0.187850952148438 -0.106124877929687
0.101181030273438 0.251693725585938 0.164688110351562 -0.0640716552734375
-0.0903778076171875 0.24737548828125 0.216690063476563 -0.133804321289062
-0.223175048828125 0.173385620117188 0.4044189453125 -0.225006103515625
-0.26513671875 0.135452270507813 0.6671142578125 -0.0584716796875
-0.54095458984375 0.18023681640625 0.0544128417968749 -0.3411865234375
-0.43572998046875 0.317474365234375 -0.05914306640625 -0.214187622070312
-0.186553955078125 0.4307861328125 -0.0678062438964844 -0.0470085144042968
0.104644775390625 0.438323974609375 0.0302581787109375 0.0131149291992188
0.288970947265625 0.26556396484375 0.0626678466796875 -0.0403900146484375
0.42742919921875 0.04852294921875 0.108901977539063 -0.112777709960938
0.38836669921875 -0.11932373046875 0.0660552978515625 -0.158706665039062
0.350006103515625 -0.0877685546875 0.0342254638671875 -0.188827514648438
0.40142822265625 -0.07843017578125 0.0528564453125 -0.1903076171875
0.4146728515625 0.053924560546875 0.114395141601563 -0.153915405273438
0.307464599609375 0.235107421875 0.0996780395507813 -0.128608703613281
0.170623779296875 0.369659423828125 0.13275146484375 -0.112701416015625
-0.1363525390625 0.399505615234375 0.237838745117187 -0.159210205078125
-0.379150390625 0.30419921875 0.37933349609375 -0.1512451171875
-0.466400146484375 0.225738525390625 0.5489501953125 0.012786865234375
-0.60711669921875 0.248291015625 -0.0565032958984375 -0.253585815429688
-0.440277099609375 0.413970947265625 -0.0871047973632813 -0.138267517089844
-0.138092041015625 0.4742431640625 -0.0439453125 -0.0613021850585937
0.149017333984375 0.43621826171875 -0.00248336791992187 -0.053497314453125
0.31707763671875 0.24725341796875 -0.0289459228515625 -0.0800399780273437
0.443634033203125 0.022552490234375 -0.0191650390625 -0.0948715209960937
0.39483642578125 -0.1356201171875 -0.0630111694335937 -0.0776443481445313
0.36309814453125 -0.103607177734375 -0.0868377685546875 -0.0867156982421875
0.42584228515625 -0.095489501953125 -0.075775146484375 -0.107795715332031
0.4503173828125 0.049774169921875 -0.0190048217773437 -0.125289916992188
0.34332275390625 0.264373779296875 -0.00776672363281247 -0.148117065429687
0.18939208984375 0.4281005859375 0.083709716796875 -0.155654907226562
-0.1805419921875 0.466583251953125 0.230422973632813 -0.161087036132813
-0.481292724609375 0.350067138671875 0.297698974609375 -0.05133056640625
-0.59228515625 0.24749755859375 0.35443115234375 0.090728759765625
-0.59716796875 0.30450439453125 -0.197540283203125 -0.152328491210937
-0.39154052734375 0.473236083984375 -0.1270751953125 -0.0439910888671875
-0.063812255859375 0.47637939453125 -0.0274238586425781 -0.0565757751464843
0.2000732421875 0.3848876953125 -0.0408172607421875 -0.102973937988281
0.325164794921875 0.185943603515625 -0.118171691894531 -0.0994415283203125
0.408660888671875 -0.027374267578125 -0.142318725585937 -0.0615997314453125
0.344879150390625 -0.158172607421875 -0.185699462890625 0.0105438232421875
0.322784423828125 -0.12274169921875 -0.205215454101562 0.018707275390625
0.38653564453125 -0.114776611328125 -0.205886840820313 -0.0233612060546875
0.41473388671875 0.018646240234375 -0.159133911132812 -0.098602294921875
0.327392578125 0.22998046875 -0.11798095703125 -0.164520263671875
0.190093994140625 0.394500732421875 0.0228271484375 -0.192092895507812
-0.1641845703125 0.450958251953125 0.191390991210938 -0.15692138671875
-0.4775390625 0.355804443359375 0.17852783203125 0.0326385498046875
-0.60919189453125 0.2666015625 0.137413024902344 0.1365966796875
-0.510650634765625 0.311279296875 -0.3426513671875 -0.045745849609375
-0.305755615234375 0.451690673828125 -0.173187255859375 0.0526733398437501
-0.00286865234375002 0.411895751953125 -0.0235595703125 -0.0355110168457031
0.211517333984375 0.2921142578125 -0.0815658569335937 -0.1234130859375
0.28753662109375 0.108917236328125 -0.191131591796875 -0.0906219482421875
0.3228759765625 -0.071502685546875 -0.240371704101562 -0.00968933105468745
0.24676513671875 -0.158584594726563 -0.278411865234375 0.10028076171875
0.23382568359375 -0.125961303710938 -0.29388427734375 0.1187744140625
0.280441284179688 -0.11920166015625 -0.306610107421875 0.058624267578125
0.304473876953125 -0.0255126953125 -0.271881103515625 -0.067535400390625
0.2537841796875 0.142349243164063 -0.20025634765625 -0.166900634765625
0.164932250976562 0.276687622070313 -0.0265350341796875 -0.2071533203125
-0.09832763671875 0.349090576171875 0.140884399414063 -0.1326904296875
-0.36883544921875 0.312469482421875 0.05670166015625 0.110710144042969
-0.51434326171875 0.262176513671875 -0.0710296630859375 0.174209594726563
-0.35308837890625 0.256439208984375 -0.47125244140625 0.03948974609375
-0.19610595703125 0.34381103515625 -0.227096557617188 0.127853393554688
0.030548095703125 0.287811279296875 -0.036865234375 -0.0016670227050781
0.175018310546875 0.169662475585938 -0.11883544921875 -0.114547729492187
0.205322265625 0.03033447265625 -0.239654541015625 -0.0608062744140625
0.194091796875 -0.0931243896484375 -0.302459716796875 0.0511474609375
0.116378784179688 -0.133224487304688 -0.330352783203125 0.1771240234375
0.108131408691406 -0.109405517578125 -0.337310791015625 0.199676513671875
0.130126953125 -0.107345581054688 -0.357635498046875 0.123077392578125
0.148056030273438 -0.0741119384765625 -0.333465576171875 -0.0383911132812499
0.146881103515625 0.0214691162109375 -0.238235473632813 -0.153274536132813
0.129585266113281 0.10809326171875 -0.0534515380859375 -0.199813842773437
0.004608154296875 0.201614379882813 0.09600830078125 -0.0925064086914062
-0.187850952148438 0.239120483398438 -0.0376129150390625 0.17449951171875
-0.336456298828125 0.236358642578125 -0.233413696289063 0.20721435546875
0.0453948974609375 -0.199569702148437 0.22515869140625 -0.311309814453125
-0.101776123046875 -0.186721801757813 0.0244903564453125 -0.22943115234375
-0.162246704101563 0.00572204589843747 -0.104400634765625 0.0450897216796875
-0.0894851684570313 0.109649658203125 0.0554351806640625 0.200485229492188
-0.0179672241210938 0.110054016113281 0.228744506835938 0.134033203125
0.04290771484375 0.106834411621094 0.35015869140625 -0.0205078125
0.0751495361328125 0.0754928588867187 0.342681884765625 -0.19036865234375
0.0503768920898437 0.0872039794921875 0.2967529296875 -0.256103515625
0.029205322265625 0.113265991210938 0.293792724609375 -0.218353271484375
-0.0305404663085938 0.11419677734375 0.29742431640625 -0.099945068359375
-0.0956649780273438 0.0543365478515625 0.239212036132813 -0.0128173828125
-0.115272521972656 -0.025360107421875 0.15118408203125 0.0383148193359375
-0.03948974609375 -0.141937255859375 0.128616333007813 -0.013519287109375
0.102005004882813 -0.19140625 0.316131591796875 -0.163055419921875
0.195266723632813 -0.143020629882813 0.58447265625 0.00115966796874999
-0.179122924804688 -0.11737060546875 0.222015380859375 -0.3428955078125
-0.265304565429688 -0.055511474609375 0.01922607421875 -0.248382568359375
-0.226272583007812 0.1483154296875 -0.0952301025390625 0.00559234619140628
-0.057647705078125 0.253707885742188 0.050262451171875 0.148239135742188
0.0814208984375 0.201446533203125 0.189666748046875 0.08404541015625
0.194534301757813 0.117401123046875 0.300323486328125 -0.055694580078125
0.210983276367187 0.022064208984375 0.28167724609375 -0.204132080078125
0.174346923828125 0.0384521484375 0.2373046875 -0.268951416015625
0.173736572265625 0.0632781982421875 0.24530029296875 -0.241958618164062
0.12762451171875 0.1075439453125 0.275177001953125 -0.135726928710938
0.0354690551757812 0.122695922851563 0.2269287109375 -0.0543060302734375
-0.0268936157226562 0.104217529296875 0.166473388671875 -0.00401306152343749
-0.0700225830078125 0.0283584594726563 0.178115844726562 -0.062469482421875
-0.0522079467773438 -0.0355987548828125 0.370147705078125 -0.1846923828125
-0.0207614898681641 -0.0277824401855469 0.65679931640625 -0.1094970703125
-0.383758544921875 0.0487976074218751 0.107147216796875 -0.3887939453125
-0.375244140625 0.15863037109375 -0.053802490234375 -0.249542236328125
-0.208343505859375 0.32647705078125 -0.0921401977539063 -0.01239013671875
0.049591064453125 0.37255859375 0.0536117553710938 0.08087158203125
0.22003173828125 0.2371826171875 0.136642456054688 0.00357818603515626
0.344390869140625 0.06060791015625 0.203079223632813 -0.120758056640625
0.317413330078125 -0.085906982421875 0.15545654296875 -0.2225341796875
0.2796630859375 -0.05816650390625 0.107452392578125 -0.268569946289063
0.30609130859375 -0.04290771484375 0.12530517578125 -0.259323120117188
0.29779052734375 0.050872802734375 0.190109252929688 -0.191574096679688
0.200241088867188 0.168487548828125 0.169479370117188 -0.12548828125
0.0992584228515625 0.235321044921875 0.159942626953125 -0.0840301513671875
-0.0841827392578125 0.226226806640625 0.210128784179688 -0.143524169921875
-0.208160400390625 0.156463623046875 0.377655029296875 -0.232696533203125
-0.239212036132812 0.1221923828125 0.63531494140625 -0.0894775390625
-0.49822998046875 0.187774658203125 0.01287841796875 -0.3426513671875
-0.402313232421875 0.314910888671875 -0.08636474609375 -0.207489013671875
-0.162445068359375 0.41748046875 -0.0798416137695313 -0.0406341552734375
0.11883544921875 0.41534423828125 0.0205860137939453 0.0115642547607422
0.287933349609375 0.240203857421875 0.0459213256835938 -0.0416793823242187
0.409393310546875 0.026611328125 0.08221435546875 -0.110664367675781
0.36419677734375 -0.133453369140625 0.0400543212890625 -0.150466918945313
0.3304443359375 -0.10162353515625 0.00442504882812502 -0.17779541015625
0.37847900390625 -0.09527587890625 0.0211181640625 -0.186172485351562
0.395904541015625 0.030242919921875 0.0880279541015625 -0.165939331054688
0.30181884765625 0.210540771484375 0.0826416015625 -0.1444091796875
0.175079345703125 0.33953857421875 0.124885559082031 -0.131172180175781
-0.11505126953125 0.375091552734375 0.226455688476562 -0.17333984375
-0.34564208984375 0.294708251953125 0.36065673828125 -0.168731689453125
-0.421112060546875 0.224853515625 0.52972412109375 -0.021270751953125
-0.5521240234375 0.262420654296875 -0.0801239013671875 -0.260711669921875
-0.39178466796875 0.407989501953125 -0.105148315429688 -0.140419006347656
-0.1092529296875 0.450592041015625 -0.0588912963867188 -0.0589942932128906
0.1619873046875 0.40277099609375 -0.0144157409667969 -0.0519065856933593
0.3104248046875 0.216583251953125 -0.0435104370117187 -0.0767822265625
0.415130615234375 -0.0003662109375 -0.03912353515625 -0.0884628295898437
0.36175537109375 -0.1492919921875 -0.0775070190429687 -0.0678939819335938
0.336273193359375 -0.118621826171875 -0.103477478027344 -0.075592041015625
0.39654541015625 -0.115386962890625 -0.094970703125 -0.100669860839844
0.426605224609375 0.019500732421875 -0.0380172729492187 -0.131744384765625
0.339019775390625 0.231231689453125 -0.0218505859375 -0.1568603515625
0.200836181640625 0.39013671875 0.073883056640625 -0.17010498046875
-0.148223876953125 0.442901611328125 0.216217041015625 -0.178497314453125
-0.435760498046875 0.35235595703125 0.2877197265625 -0.07330322265625
-0.538299560546875 0.2603759765625 0.353271484375 0.060394287109375
-0.5396728515625 0.3232421875 -0.203201293945313 -0.161087036132813
-0.3341064453125 0.466766357421875 -0.133140563964844 -0.0538940429687499
-0.0306396484375 0.447845458984375 -0.0430564880371094 -0.0587921142578125
0.210357666015625 0.346038818359375 -0.0528030395507812 -0.0977020263671875
0.313323974609375 0.15179443359375 -0.127555847167969 -0.09075927734375
0.3758544921875 -0.05133056640625 -0.152938842773438 -0.0516510009765625
0.306671142578125 -0.168426513671875 -0.185714721679687 0.021728515625
0.29052734375 -0.134429931640625 -0.205520629882812 0.0313262939453125
0.350860595703125 -0.133758544921875 -0.210968017578125 -0.01165771484375
0.38580322265625 -0.012481689453125 -0.1690673828125 -0.0967864990234375
0.321258544921875 0.193084716796875 -0.12847900390625 -0.164169311523437
0.202667236328125 0.356201171875 0.0118560791015625 -0.199569702148438
-0.126617431640625 0.428375244140625 0.176361083984375 -0.173599243164062
-0.42730712890625 0.365753173828125 0.18060302734375 0.010955810546875
-0.54901123046875 0.290252685546875 0.153060913085937 0.113525390625
-0.4564208984375 0.331878662109375 -0.3284912109375 -0.0531311035156249
-0.250213623046875 0.4498291015625 -0.167037963867188 0.0382232666015625
0.028900146484375 0.386993408203125 -0.0367774963378906 -0.0407600402832031
0.22100830078125 0.251190185546875 -0.0918350219726562 -0.113754272460937
0.27484130859375 0.0754852294921875 -0.19342041015625 -0.0772857666015625
0.289154052734375 -0.09161376953125 -0.238082885742188 0.00317382812499997
0.209030151367187 -0.166030883789062 -0.264617919921875 0.111648559570312
0.2022705078125 -0.134567260742188 -0.278228759765625 0.131027221679688
0.24554443359375 -0.1326904296875 -0.296478271484375 0.072265625
0.274703979492188 -0.0505523681640625 -0.271270751953125 -0.0590362548828125
0.244583129882813 0.109344482421875 -0.206008911132813 -0.1583251953125
0.1748046875 0.239791870117188 -0.03790283203125 -0.207107543945312
-0.064361572265625 0.32672119140625 0.127517700195313 -0.146133422851562
-0.32098388671875 0.322723388671875 0.0701904296875 0.09326171875
-0.459259033203125 0.288604736328125 -0.040679931640625 0.162933349609375
-0.316680908203125 0.28082275390625 -0.44195556640625 0.03765869140625
-0.15252685546875 0.34979248046875 -0.210418701171875 0.113494873046875
0.0584869384765625 0.2733154296875 -0.0460662841796875 -0.00696945190429686
0.18603515625 0.141220092773438 -0.126045227050781 -0.101699829101562
0.196517944335937 0.003143310546875 -0.233306884765625 -0.0431365966796875
0.166900634765625 -0.109909057617188 -0.28814697265625 0.0640869140625
0.0851974487304688 -0.136405944824219 -0.30255126953125 0.1888427734375
0.0825881958007813 -0.112815856933594 -0.309906005859375 0.208404541015625
0.101585388183594 -0.113174438476563 -0.335693359375 0.136688232421875
0.120651245117187 -0.0878677368164063 -0.323822021484375 -0.02471923828125
0.134506225585938 -0.00177001953125 -0.238052368164062 -0.1396484375
0.131973266601563 0.0792770385742188 -0.062347412109375 -0.195327758789063
0.02789306640625 0.181854248046875 0.087860107421875 -0.102226257324219
-0.148712158203125 0.246780395507813 -0.013336181640625 0.1617431640625
-0.29022216796875 0.261749267578125 -0.189132690429688 0.207000732421875
0.02685546875 -0.208251953125 0.188751220703125 -0.296783447265625
-0.1263427734375 -0.178482055664063 0.00250244140624999 -0.213714599609375
-0.166290283203125 0.022216796875 -0.104103088378906 0.0523300170898438
-0.0808639526367188 0.124618530273438 0.0565185546875 0.196746826171875
-0.00452423095703125 0.119117736816406 0.222610473632813 0.128067016601563
0.0613861083984375 0.10516357421875 0.337310791015625 -0.024017333984375
0.0914993286132813 0.0679550170898438 0.322662353515625 -0.18695068359375
0.0667343139648437 0.0818405151367187 0.2720947265625 -0.25115966796875
0.0501632690429688 0.110816955566406 0.269500732421875 -0.217819213867188
-0.01287841796875 0.122352600097656 0.2786865234375 -0.103363037109375
-0.0907516479492187 0.0707931518554688 0.229476928710937 -0.0239105224609375
-0.1224365234375 -0.0104293823242188 0.153060913085938 0.0275115966796875
-0.0581741333007813 -0.140480041503906 0.136764526367188 -0.00994110107421876
0.079498291015625 -0.207122802734375 0.304290771484375 -0.1484375
0.178726196289062 -0.164901733398437 0.558319091796875 0.00491333007812499
-0.18304443359375 -0.126693725585937 0.18292236328125 -0.33099365234375
-0.27618408203125 -0.052001953125 -0.00500488281249999 -0.234130859375
-0.22503662109375 0.157760620117188 -0.0987472534179688 0.012786865234375
-0.0487823486328125 0.259719848632813 0.04705810546875 0.14532470703125
0.0905914306640625 0.202590942382813 0.178497314453125 0.079254150390625
0.203872680664063 0.112579345703125 0.28240966796875 -0.0565185546875
0.216384887695313 0.015594482421875 0.258346557617188 -0.196548461914063
0.18218994140625 0.0337677001953125 0.20916748046875 -0.25848388671875
0.183914184570313 0.059967041015625 0.216949462890625 -0.23785400390625
0.134170532226563 0.111465454101563 0.252639770507812 -0.142807006835937
0.0334091186523437 0.131500244140625 0.214080810546875 -0.067779541015625
-0.035888671875 0.107521057128906 0.16607666015625 -0.01812744140625
-0.0827865600585938 0.0186614990234375 0.181137084960937 -0.063568115234375
-0.0614814758300781 -0.05596923828125 0.35614013671875 -0.177154541015625
-0.0211334228515625 -0.0509605407714844 0.63037109375 -0.107666015625
-0.37249755859375 0.037628173828125 0.0693359374999999 -0.376007080078125
-0.3743896484375 0.155120849609375 -0.078125 -0.2342529296875
-0.204071044921875 0.324798583984375 -0.0990142822265625 -0.00408935546874998
0.0567626953125 0.367767333984375 0.0461196899414063 0.0808486938476563
0.221435546875 0.232147216796875 0.12109375 0.00506591796875001
0.341888427734375 0.05303955078125 0.18316650390625 -0.114578247070313
0.310760498046875 -0.089324951171875 0.133636474609375 -0.208145141601563
0.276504516601563 -0.062286376953125 0.0807647705078125 -0.252059936523437
0.304779052734375 -0.0462646484375 0.096282958984375 -0.248138427734375
0.29205322265625 0.049468994140625 0.163711547851563 -0.195480346679688
0.193313598632813 0.1683349609375 0.152725219726562 -0.13800048828125
0.08917236328125 0.229385375976563 0.153900146484375 -0.09954833984375
-0.09210205078125 0.2083740234375 0.20892333984375 -0.149871826171875
-0.2064208984375 0.1337890625 0.36480712890625 -0.230621337890625
-0.225738525390625 0.0975341796875 0.612060546875 -0.0968017578125
-0.4722900390625 0.174591064453125 -0.0196533203125 -0.338043212890625
-0.386322021484375 0.300750732421875 -0.108734130859375 -0.199050903320313
-0.158447265625 0.402374267578125 -0.0906829833984375 -0.0338821411132812
0.11895751953125 0.40069580078125 0.00987625122070313 0.0131425857543946
0.280853271484375 0.23028564453125 0.0312271118164063 -0.0385704040527344
0.394805908203125 0.020751953125 0.0629348754882813 -0.101631164550781
0.348724365234375 -0.13372802734375 0.0218963623046875 -0.135841369628906
0.31890869140625 -0.10247802734375 -0.0167236328125 -0.16156005859375
0.3641357421875 -0.0970458984375 -0.0033111572265625 -0.176559448242188
0.38043212890625 0.023712158203125 0.063446044921875 -0.170028686523438
0.29052734375 0.20068359375 0.06549072265625 -0.155014038085938
0.16778564453125 0.32208251953125 0.11773681640625 -0.146820068359375
-0.114044189453125 0.350830078125 0.221649169921875 -0.182342529296875
-0.33013916015625 0.273529052734375 0.348175048828125 -0.17578125
-0.393890380859375 0.205780029296875 0.51318359375 -0.037567138671875
-0.513519287109375 0.254119873046875 -0.103591918945313 -0.2669677734375
-0.364501953125 0.386962890625 -0.12249755859375 -0.143112182617187
-0.101715087890625 0.427764892578125 -0.0717315673828125 -0.0556182861328125
0.158477783203125 0.380279541015625 -0.0248527526855469 -0.0491104125976562
0.296295166015625 0.202728271484375 -0.0559768676757812 -0.0715255737304688
0.39166259765625 -0.00604248046875 -0.0553054809570312 -0.0790252685546875
0.338592529296875 -0.146728515625 -0.0890350341796875 -0.05596923828125
0.31756591796875 -0.11907958984375 -0.115913391113281 -0.0631790161132813
0.37164306640625 -0.11737060546875 -0.112136840820312 -0.0923538208007813
0.40374755859375 0.008209228515625 -0.0565872192382812 -0.136001586914063
0.32562255859375 0.214080810546875 -0.0353546142578125 -0.164505004882813
0.19598388671875 0.36590576171875 0.065216064453125 -0.182235717773437
-0.1376953125 0.417510986328125 0.208023071289062 -0.188919067382812
-0.40972900390625 0.3382568359375 0.281036376953125 -0.0869140625
-0.498565673828125 0.250732421875 0.348388671875 0.0399169921875
-0.496307373046875 0.318939208984375 -0.212173461914063 -0.176437377929688
-0.299285888671875 0.448150634765625 -0.144744873046875 -0.064727783203125
-0.01953125 0.41998291015625 -0.0576210021972656 -0.0585060119628906
0.206695556640625 0.316314697265625 -0.062469482421875 -0.0919723510742187
0.295074462890625 0.134674072265625 -0.135826110839844 -0.0838699340820312
0.34698486328125 -0.057220458984375 -0.16156005859375 -0.0431671142578125
0.278106689453125 -0.163589477539062 -0.188705444335937 0.0299835205078125
0.267410278320313 -0.133438110351563 -0.207870483398438 0.040313720703125
0.32232666015625 -0.134185791015625 -0.217315673828125 -0.00431823730468751
0.360076904296875 -0.024871826171875 -0.179733276367187 -0.0967254638671875
0.307830810546875 0.17230224609375 -0.13848876953125 -0.166168212890625
0.199951171875 0.325439453125 0.0022430419921875 -0.207382202148437
-0.11138916015625 0.401519775390625 0.165878295898438 -0.184890747070312
-0.393310546875 0.3553466796875 0.17999267578125 -0.00611877441406248
-0.5048828125 0.288970947265625 0.162078857421875 0.094390869140625
-0.4171142578125 0.33697509765625 -0.323699951171875 -0.072265625
-0.212554931640625 0.4364013671875 -0.17034912109375 0.0192108154296875
0.044403076171875 0.36090087890625 -0.0509529113769531 -0.0429344177246094
0.219131469726563 0.224197387695313 -0.0987167358398437 -0.107086181640625
0.2581787109375 0.055938720703125 -0.194366455078125 -0.0692291259765625
0.258148193359375 -0.0981292724609375 -0.23760986328125 0.00939941406249996
0.1796875 -0.159530639648438 -0.255874633789063 0.114486694335937
0.177719116210938 -0.130767822265625 -0.26922607421875 0.135055541992188
0.217239379882813 -0.13140869140625 -0.29241943359375 0.078033447265625
0.24609375 -0.0600433349609375 -0.274322509765625 -0.0562286376953125
0.227951049804687 0.088897705078125 -0.209930419921875 -0.156234741210937
0.170913696289063 0.210968017578125 -0.045135498046875 -0.210311889648438
-0.048004150390625 0.302581787109375 0.11737060546875 -0.155746459960937
-0.286224365234375 0.31689453125 0.0771713256835937 0.0762405395507813
-0.41363525390625 0.29400634765625 -0.0179443359375 0.145263671875
-0.2852783203125 0.29150390625 -0.424896240234375 0.020538330078125
-0.119659423828125 0.346923828125 -0.20782470703125 0.0926666259765625
0.0767669677734375 0.259246826171875 -0.0577316284179687 -0.0110206604003906
0.18853759765625 0.117263793945312 -0.131210327148438 -0.0922393798828125
0.18426513671875 -0.0162811279296875 -0.227096557617188 -0.033477783203125
0.141494750976562 -0.117034912109375 -0.2774658203125 0.069427490234375
0.0598068237304688 -0.131401062011719 -0.28436279296875 0.187713623046875
0.0612640380859375 -0.108528137207031 -0.291473388671875 0.2086181640625
0.0778732299804688 -0.109321594238281 -0.322235107421875 0.138519287109375
0.0944900512695313 -0.0927963256835938 -0.31884765625 -0.0224304199218751
0.118003845214844 -0.0166091918945313 -0.236373901367188 -0.134735107421875
0.126747131347656 0.0562744140625 -0.0668182373046875 -0.19342041015625
0.0419769287109375 0.1607666015625 0.0810394287109375 -0.109580993652344
-0.116867065429688 0.244110107421875 0.0027008056640625 0.145339965820313
-0.250198364257812 0.269744873046875 -0.155471801757813 0.193756103515625
0.00755310058593748 -0.218917846679688 0.163787841796875 -0.279067993164063
-0.152236938476562 -0.169754028320313 -0.012908935546875 -0.198471069335937
-0.171478271484375 0.0401153564453125 -0.104499816894531 0.0610504150390625
-0.0713043212890625 0.140960693359375 0.057647705078125 0.199356079101562
0.010009765625 0.127204895019531 0.22088623046875 0.128509521484375
0.080291748046875 0.102745056152344 0.3349609375 -0.025146484375
0.107658386230469 0.0591506958007813 0.314483642578125 -0.183563232421875
0.0835113525390625 0.0753173828125 0.260452270507813 -0.244949340820312
0.0715255737304687 0.10650634765625 0.257217407226562 -0.21405029296875
0.00601196289062499 0.130172729492188 0.269500732421875 -0.106155395507812
-0.084136962890625 0.0887069702148438 0.224411010742188 -0.0314788818359375
-0.129020690917969 0.00634765625000003 0.156280517578125 0.0187225341796875
-0.0776748657226562 -0.138435363769531 0.14898681640625 -0.00990295410156251
0.054779052734375 -0.222885131835937 0.30657958984375 -0.135711669921875
0.162765502929688 -0.186676025390625 0.5517578125 0.019744873046875
-0.194107055664063 -0.139999389648438 0.154388427734375 -0.318756103515625
-0.29547119140625 -0.04736328125 -0.023590087890625 -0.220321655273438
-0.230056762695313 0.171478271484375 -0.102745056152344 0.020904541015625
-0.0410308837890625 0.271209716796875 0.0445709228515625 0.147979736328125
0.102462768554688 0.20819091796875 0.171981811523438 0.080657958984375
0.217987060546875 0.110382080078125 0.2734375 -0.053314208984375
0.22796630859375 0.0074615478515625 0.245880126953125 -0.189010620117187
0.194229125976562 0.0289154052734375 0.19207763671875 -0.248626708984375
0.19970703125 0.0584716796875 0.197402954101563 -0.231063842773438
0.146255493164063 0.116928100585938 0.235916137695313 -0.144973754882813
0.0344390869140625 0.145156860351563 0.205154418945313 -0.078338623046875
-0.0465927124023438 0.117347717285156 0.16717529296875 -0.0314483642578125
-0.100914001464844 0.01123046875 0.190780639648438 -0.0667877197265625
-0.0782852172851563 -0.0769424438476563 0.35699462890625 -0.171417236328125
-0.0279693603515625 -0.0763092041015625 0.62298583984375 -0.101318359375
-0.376861572265625 0.0208740234374999 0.039459228515625 -0.362579345703125
-0.385986328125 0.1536865234375 -0.097198486328125 -0.218643188476563
-0.208221435546875 0.329925537109375 -0.10595703125 0.00535583496093754
0.0615234375 0.37225341796875 0.0409469604492188 0.0843429565429688
0.227340698242187 0.234222412109375 0.110313415527344 0.0104293823242188
0.347320556640625 0.051544189453125 0.170852661132813 -0.105758666992188
0.31536865234375 -0.09344482421875 0.120147705078125 -0.193344116210938
0.281829833984375 -0.06536865234375 0.0637664794921875 -0.234405517578125
0.311004638671875 -0.048126220703125 0.0758056640625 -0.236526489257813
0.296661376953125 0.05218505859375 0.14251708984375 -0.1961669921875
0.192245483398438 0.175689697265625 0.13690185546875 -0.148269653320313
0.078704833984375 0.233474731445312 0.149078369140625 -0.115402221679687
-0.108428955078125 0.197998046875 0.214157104492188 -0.15826416015625
-0.219070434570313 0.11419677734375 0.363525390625 -0.23211669921875
-0.226837158203125 0.0731353759765625 0.603759765625 -0.09820556640625
-0.465423583984375 0.156890869140625 -0.0494689941406251 -0.333984375
-0.390289306640625 0.291168212890625 -0.130111694335938 -0.190444946289062
-0.163787841796875 0.39984130859375 -0.102073669433594 -0.0251922607421875
0.11669921875 0.3978271484375 0.00201606750488282 0.0186176300048828
0.278900146484375 0.23162841796875 0.017934799194336 -0.0312137603759766
0.393951416015625 0.02191162109375 0.0506057739257813 -0.0897979736328125
0.345001220703125 -0.132171630859375 0.00817871093750003 -0.120735168457031
0.317138671875 -0.102386474609375 -0.033447265625 -0.145156860351562
0.3623046875 -0.096832275390625 -0.0246429443359375 -0.164352416992188
0.376068115234375 0.023284912109375 0.0408935546875 -0.1722412109375
0.28521728515625 0.202117919921875 0.0488739013671875 -0.166275024414063
0.157684326171875 0.318206787109375 0.109756469726563 -0.163833618164062
-0.124114990234375 0.337310791015625 0.221572875976563 -0.19500732421875
-0.33184814453125 0.25665283203125 0.346893310546875 -0.183258056640625
-0.38287353515625 0.18499755859375 0.50958251953125 -0.047821044921875
-0.495941162109375 0.239013671875 -0.1282958984375 -0.27496337890625
-0.357086181640625 0.371856689453125 -0.14483642578125 -0.14453125
-0.1064453125 0.4149169921875 -0.0878143310546875 -0.0499191284179687
0.151519775390625 0.37237548828125 -0.0353279113769531 -0.0435256958007812
0.287200927734375 0.200653076171875 -0.0689544677734375 -0.0654983520507812
0.38250732421875 -0.0035400390625 -0.0683250427246093 -0.0684928894042969
0.327239990234375 -0.141510009765625 -0.099822998046875 -0.0430526733398438
0.308197021484375 -0.115570068359375 -0.129440307617188 -0.0486984252929688
0.362823486328125 -0.114105224609375 -0.12823486328125 -0.0820159912109375
0.39178466796875 0.00616455078125 -0.0773696899414063 -0.136566162109375
0.317474365234375 0.207611083984375 -0.05206298828125 -0.173812866210938
0.18798828125 0.354278564453125 0.0561981201171875 -0.198272705078125
-0.140228271484375 0.403045654296875 0.203231811523438 -0.204116821289062
-0.400970458984375 0.324462890625 0.279617309570312 -0.0994873046875
-0.479217529296875 0.238067626953125 0.350128173828125 0.022857666015625
-0.470977783203125 0.310089111328125 -0.230453491210938 -0.192642211914063
-0.281402587890625 0.430572509765625 -0.165130615234375 -0.0758514404296875
-0.018310546875 0.402313232421875 -0.07470703125 -0.0559616088867187
0.1982421875 0.3011474609375 -0.0732955932617187 -0.088592529296875
0.280319213867188 0.126571655273438 -0.145462036132812 -0.078887939453125
0.32916259765625 -0.0540771484375 -0.171600341796875 -0.034210205078125
0.261016845703125 -0.155197143554688 -0.194320678710938 0.0393829345703125
0.25433349609375 -0.127365112304688 -0.215179443359375 0.0503997802734375
0.304473876953125 -0.130645751953125 -0.2288818359375 0.0045318603515625
0.339263916015625 -0.027923583984375 -0.195999145507812 -0.096923828125
0.29510498046875 0.16192626953125 -0.152236938476562 -0.17242431640625
0.194427490234375 0.30908203125 -0.00727844238281247 -0.21856689453125
-0.10784912109375 0.385040283203125 0.158065795898437 -0.198257446289062
-0.375213623046875 0.348541259765625 0.179031372070312 -0.0211029052734375
-0.479248046875 0.281646728515625 0.169342041015625 0.0746612548828125
-0.391326904296875 0.33624267578125 -0.332733154296875 -0.0960998535156251
-0.189544677734375 0.425018310546875 -0.185577392578125 0.00218200683593757
0.0537109375 0.34375 -0.0673751831054688 -0.0427398681640625
0.21490478515625 0.2037353515625 -0.107208251953125 -0.102188110351562
0.242950439453125 0.0440826416015625 -0.199127197265625 -0.064361572265625
0.237594604492188 -0.0970306396484375 -0.24163818359375 0.014678955078125
0.16009521484375 -0.1495361328125 -0.255813598632812 0.119720458984375
0.162200927734375 -0.124008178710938 -0.27008056640625 0.140487670898437
0.19720458984375 -0.125335693359375 -0.296783447265625 0.083038330078125
0.223342895507813 -0.06146240234375 -0.284576416015625 -0.0566406249999999
0.212890625 0.0764617919921875 -0.220123291015625 -0.158615112304688
0.164352416992188 0.191192626953125 -0.053741455078125 -0.217544555664063
-0.039886474609375 0.283416748046875 0.109909057617188 -0.166290283203125
-0.261383056640625 0.312347412109375 0.08148193359375 0.0595779418945313
-0.382049560546875 0.292388916015625 -0.00230407714843752 0.126365661621094
-0.263641357421875 0.302978515625 -0.42608642578125 -0.00311279296875003
-0.094207763671875 0.345977783203125 -0.21649169921875 0.0729217529296876
0.0922088623046875 0.24798583984375 -0.0726242065429688 -0.0127716064453125
0.1917724609375 0.0982666015625 -0.135627746582031 -0.0859603881835937
0.172775268554688 -0.03070068359375 -0.225555419921875 -0.0280303955078125
0.120742797851562 -0.119613647460938 -0.274063110351563 0.07208251953125
0.0394363403320312 -0.122444152832031 -0.27789306640625 0.186477661132812
0.045745849609375 -0.101036071777344 -0.28485107421875 0.207733154296875
0.0584640502929687 -0.101730346679688 -0.3192138671875 0.139251708984375
0.0715713500976563 -0.0910873413085938 -0.32293701171875 -0.0220031738281249
0.101638793945313 -0.0283660888671875 -0.241348266601562 -0.136138916015625
0.118675231933594 0.0368499755859375 -0.0724639892578125 -0.19781494140625
0.050933837890625 0.1414794921875 0.0762176513671875 -0.117904663085938
-0.0909423828125 0.239486694335938 0.012847900390625 0.13006591796875
-0.2177734375 0.274520874023438 -0.132186889648438 0.176239013671875
-0.0175323486328125 -0.229034423828125 0.142990112304687 -0.262893676757813
-0.1815185546875 -0.15582275390625 -0.026458740234375 -0.182296752929688
-0.17620849609375 0.0639190673828125 -0.104682922363281 0.0733489990234375
-0.0578155517578125 0.159149169921875 0.06439208984375 0.206222534179688
0.0293350219726562 0.135810852050781 0.22705078125 0.129531860351563
0.102928161621094 0.0965118408203125 0.340179443359375 -0.028778076171875
0.12548828125 0.04473876953125 0.315032958984375 -0.186614990234375
0.101242065429688 0.0644073486328125 0.254150390625 -0.245742797851563
0.0939788818359375 0.0980911254882813 0.248291015625 -0.215652465820313
0.0288925170898438 0.134475708007813 0.265029907226563 -0.10980224609375
-0.0731277465820313 0.106666564941406 0.221221923828125 -0.0407257080078125
-0.133514404296875 0.0254440307617187 0.161056518554688 0.007537841796875
-0.1016845703125 -0.133247375488281 0.164932250976563 -0.0140380859375
0.0243377685546875 -0.236129760742187 0.320159912109375 -0.132110595703125
0.14178466796875 -0.209930419921875 0.563720703125 0.02960205078125
-0.216323852539063 -0.151687622070312 0.12841796875 -0.306640625
-0.32281494140625 -0.034637451171875 -0.0416717529296875 -0.20538330078125
-0.235336303710938 0.192398071289063 -0.107406616210938 0.032470703125
-0.027099609375 0.289093017578125 0.0460052490234375 0.154342651367188
0.120346069335938 0.216094970703125 0.17132568359375 0.08465576171875
0.239654541015625 0.103271484375 0.274627685546875 -0.0523529052734375
0.24298095703125 -0.004730224609375 0.241317749023438 -0.184829711914062
0.21014404296875 0.019195556640625 0.18218994140625 -0.2421875
0.21929931640625 0.050140380859375 0.183029174804688 -0.228164672851562
0.165512084960938 0.121368408203125 0.223846435546875 -0.148727416992188
0.04339599609375 0.161911010742188 0.195083618164062 -0.0905303955078125
-0.0528335571289063 0.133575439453125 0.167449951171875 -0.0465850830078125
-0.124824523925781 0.0110626220703125 0.203231811523438 -0.0773773193359375
-0.105331420898437 -0.0936813354492188 0.366851806640625 -0.1724853515625
-0.04376220703125 -0.10089111328125 0.63043212890625 -0.10040283203125
-0.393768310546875 0.011993408203125 0.009429931640625 -0.35052490234375
-0.405548095703125 0.16656494140625 -0.117889404296875 -0.202407836914062
-0.211669921875 0.347686767578125 -0.113983154296875 0.01727294921875
0.074188232421875 0.38555908203125 0.0373687744140625 0.0923309326171875
0.243194580078125 0.2388916015625 0.105278015136719 0.0175628662109375
0.3641357421875 0.043182373046875 0.1654052734375 -0.0979461669921875
0.325042724609375 -0.1058349609375 0.113372802734375 -0.181472778320313
0.292877197265625 -0.0748291015625 0.051849365234375 -0.219146728515625
0.324981689453125 -0.057098388671875 0.0574188232421875 -0.225433349609375
0.310821533203125 0.053497314453125 0.121658325195313 -0.19671630859375
0.199295043945313 0.188339233398438 0.11920166015625 -0.159591674804687
0.0742340087890625 0.245651245117188 0.142135620117188 -0.135452270507812
-0.12860107421875 0.198516845703125 0.21978759765625 -0.176422119140625
-0.241241455078125 0.101898193359375 0.370697021484375 -0.242279052734375
-0.238510131835938 0.0511322021484375 0.61016845703125 -0.10870361328125
-0.473876953125 0.145782470703125 -0.0836791992187501 -0.327667236328125
-0.401947021484375 0.295013427734375 -0.155426025390625 -0.177581787109375
-0.1697998046875 0.410858154296875 -0.114959716796875 -0.012969970703125
0.122772216796875 0.406890869140625 -0.00580787658691405 0.0266304016113281
0.28790283203125 0.236602783203125 0.00818061828613283 -0.0215396881103515
0.40386962890625 0.01983642578125 0.0402145385742188 -0.0777664184570313
0.35040283203125 -0.136810302734375 -0.000457763671874989 -0.105072021484375
0.3240966796875 -0.10736083984375 -0.0462799072265625 -0.126762390136719
0.36920166015625 -0.102203369140625 -0.043609619140625 -0.150436401367188
0.382598876953125 0.02276611328125 0.0164337158203125 -0.170425415039063
0.289703369140625 0.207733154296875 0.0284271240234375 -0.177017211914062
0.155059814453125 0.325042724609375 0.0975494384765625 -0.18408203125
-0.138275146484375 0.335906982421875 0.221694946289063 -0.21649169921875
-0.3458251953125 0.248931884765625 0.349395751953125 -0.19903564453125
-0.386688232421875 0.1671142578125 0.514251708984375 -0.06390380859375
-0.492431640625 0.23016357421875 -0.163070678710938 -0.280136108398437
-0.35888671875 0.367462158203125 -0.173751831054688 -0.139358520507812
-0.111907958984375 0.4161376953125 -0.10498046875 -0.0406112670898437
0.150482177734375 0.372955322265625 -0.0461654663085938 -0.0370635986328125
0.287017822265625 0.202911376953125 -0.0819854736328125 -0.0566177368164062
0.383514404296875 -0.00262451171875 -0.080596923828125 -0.0551605224609375
0.325836181640625 -0.1395263671875 -0.110069274902344 -0.027679443359375
0.30889892578125 -0.11517333984375 -0.142135620117187 -0.030517578125
0.35992431640625 -0.11669921875 -0.148269653320312 -0.0676116943359375
0.39013671875 0.00433349609375 -0.103340148925781 -0.134773254394531
0.3170166015625 0.207427978515625 -0.07391357421875 -0.181732177734375
0.18634033203125 0.352691650390625 0.0412750244140625 -0.216644287109375
-0.1458740234375 0.39794921875 0.198257446289063 -0.225250244140625
-0.403076171875 0.321319580078125 0.2796630859375 -0.118743896484375
-0.472900390625 0.2296142578125 0.355865478515625 0.00350952148437501
-0.457763671875 0.308319091796875 -0.262420654296875 -0.20672607421875
-0.270416259765625 0.423187255859375 -0.192947387695313 -0.0788574218749999
-0.0186767578125 0.395050048828125 -0.09442138671875 -0.0494155883789062
0.194183349609375 0.294097900390625 -0.0856170654296875 -0.0810623168945312
0.272796630859375 0.125747680664063 -0.15777587890625 -0.07110595703125
0.320831298828125 -0.05047607421875 -0.184173583984375 -0.0226898193359375
0.253341674804688 -0.147781372070313 -0.203079223632813 0.053497314453125
0.2489013671875 -0.12322998046875 -0.224380493164062 0.0675201416015625
0.296478271484375 -0.12701416015625 -0.243759155273437 0.019012451171875
0.329254150390625 -0.029083251953125 -0.220062255859375 -0.0926971435546876
0.290130615234375 0.15643310546875 -0.1734619140625 -0.176406860351562
0.1910400390625 0.3006591796875 -0.023956298828125 -0.2330322265625
-0.10711669921875 0.3763427734375 0.148681640625 -0.217514038085938
-0.365570068359375 0.3466796875 0.179290771484375 -0.0401458740234375
-0.461578369140625 0.27679443359375 0.177474975585937 0.0526123046875
-0.36993408203125 0.34295654296875 -0.3580322265625 -0.114471435546875
-0.166595458984375 0.41845703125 -0.211135864257812 -0.007537841796875
0.062408447265625 0.331817626953125 -0.086395263671875 -0.0386505126953125
0.212631225585938 0.187332153320313 -0.118789672851563 -0.0966415405273437
0.230972290039063 0.0354156494140625 -0.208343505859375 -0.05743408203125
0.221267700195313 -0.09619140625 -0.251678466796875 0.0243682861328125
0.146026611328125 -0.139694213867188 -0.260604858398438 0.12939453125
0.150665283203125 -0.11651611328125 -0.274154663085938 0.153427124023438
0.183456420898437 -0.118377685546875 -0.30645751953125 0.0950622558593749
0.205322265625 -0.0588531494140625 -0.30364990234375 -0.0504150390625
0.20068359375 0.0686492919921875 -0.237503051757813 -0.159530639648438
0.157745361328125 0.176376342773438 -0.0693817138671875 -0.227142333984375
-0.0343780517578125 0.270248413085938 0.100021362304687 -0.181243896484375
-0.241973876953125 0.309173583984375 0.083099365234375 0.042633056640625
-0.357513427734375 0.292266845703125 0.00972747802734373 0.104988098144531
-0.24005126953125 0.31683349609375 -0.444793701171875 -0.0219421386718749
-0.067230224609375 0.34625244140625 -0.2379150390625 0.061614990234375
0.109024047851563 0.2376708984375 -0.0904922485351562 -0.00787353515624998
0.193008422851563 0.0779571533203125 -0.14459228515625 -0.0779571533203125
0.160354614257813 -0.0446929931640625 -0.229019165039063 -0.0209808349609375
0.0997848510742187 -0.121864318847656 -0.276718139648437 0.0782928466796875
0.022552490234375 -0.111068725585937 -0.2763671875 0.191604614257812
0.031890869140625 -0.0914382934570312 -0.285308837890625 0.214996337890625
0.0420379638671875 -0.091339111328125 -0.32403564453125 0.14752197265625
0.0486068725585938 -0.0853805541992188 -0.33575439453125 -0.01739501953125
0.0834884643554688 -0.0353851318359375 -0.253570556640625 -0.136199951171875
0.107864379882812 0.0190353393554688 -0.0828704833984375 -0.205047607421875
0.0578994750976562 0.123001098632813 0.06976318359375 -0.129829406738281
-0.06365966796875 0.233383178710937 0.0194168090820312 0.114128112792969
-0.187271118164062 0.276718139648438 -0.113983154296875 0.157623291015625
-0.05322265625 -0.233291625976563 0.123855590820313 -0.245742797851563
-0.2122802734375 -0.129837036132813 -0.0388641357421875 -0.164337158203125
-0.17315673828125 0.0922088623046875 -0.0997695922851563 0.0886077880859375
-0.034423828125 0.176742553710938 0.0784149169921875 0.211929321289063
0.054412841796875 0.138412475585938 0.239791870117188 0.124343872070313
0.126754760742188 0.0817642211914063 0.349395751953125 -0.0460205078125
0.140243530273438 0.023345947265625 0.316314697265625 -0.19964599609375
0.116989135742188 0.0482940673828125 0.247512817382813 -0.2525634765625
0.117286682128906 0.0809326171875 0.239669799804688 -0.221832275390625
0.0560226440429687 0.132888793945313 0.258773803710938 -0.119415283203125
-0.0551528930664062 0.124343872070313 0.218032836914063 -0.0532073974609375
-0.132652282714844 0.0507736206054688 0.163421630859375 -0.007843017578125
-0.127822875976563 -0.119979858398438 0.181777954101563 -0.028228759765625
-0.01556396484375 -0.2430419921875 0.3365478515625 -0.140960693359375
0.111007690429688 -0.231842041015625 0.58331298828125 0.02264404296875
-0.249313354492188 -0.152008056640625 0.100799560546875 -0.29058837890625
-0.351776123046875 -0.00628662109375 -0.0583343505859375 -0.184814453125
-0.232070922851563 0.22320556640625 -0.109115600585938 0.048309326171875
-0.00228881835937499 0.305755615234375 0.0540924072265625 0.16094970703125
0.147811889648438 0.217483520507813 0.175277709960938 0.0863037109375
0.263961791992188 0.0854644775390625 0.276519775390625 -0.05865478515625
0.256271362304688 -0.0261688232421875 0.23828125 -0.188385009765625
0.2252197265625 0.000396728515625 0.170089721679688 -0.239730834960938
0.241180419921875 0.0311431884765625 0.168594360351563 -0.225616455078125
0.190536499023438 0.117416381835938 0.207366943359375 -0.154037475585938
0.0608062744140625 0.177505493164063 0.182464599609375 -0.104598999023437
-0.05230712890625 0.155899047851563 0.163467407226563 -0.066802978515625
-0.148361206054687 0.020660400390625 0.212936401367188 -0.09765625
-0.139968872070313 -0.099090576171875 0.3753662109375 -0.1884765625
-0.069091796875 -0.121772766113281 0.6431884765625 -0.11920166015625
-0.422637939453125 0.017913818359375 -0.02532958984375 -0.33099365234375
-0.423370361328125 0.1942138671875 -0.137161254882813 -0.17791748046875
-0.205322265625 0.375762939453125 -0.118026733398438 0.0369186401367188
0.099273681640625 0.396575927734375 0.0400772094726563 0.101707458496094
0.269607543945313 0.23590087890625 0.103080749511719 0.0237960815429688
0.38427734375 0.02191162109375 0.162033081054688 -0.09393310546875
0.33294677734375 -0.12847900390625 0.1075439453125 -0.172164916992187
0.30242919921875 -0.095245361328125 0.03900146484375 -0.203475952148438
0.340484619140625 -0.078582763671875 0.03887939453125 -0.210739135742188
0.329925537109375 0.043304443359375 0.097930908203125 -0.194107055664063
0.217575073242188 0.194168090820312 0.097991943359375 -0.170578002929687
0.077972412109375 0.261978149414063 0.126937866210937 -0.155960083007812
-0.14727783203125 0.211471557617187 0.217086791992188 -0.203048706054687
-0.267913818359375 0.10382080078125 0.369842529296875 -0.26666259765625
-0.260635375976563 0.0385894775390625 0.6153564453125 -0.13507080078125
-0.487335205078125 0.1497802734375 -0.125274658203125 -0.3121337890625
-0.412078857421875 0.313201904296875 -0.183074951171875 -0.154617309570312
-0.167816162109375 0.43157958984375 -0.125022888183594 0.00643157958984377
0.141571044921875 0.417083740234375 -0.0106163024902344 0.0400581359863282
0.30517578125 0.235321044921875 -0.000220298767089825 -0.00799655914306639
0.4185791015625 0.003631591796875 0.0332565307617188 -0.0655632019042969
0.35595703125 -0.15185546875 -0.00619506835937497 -0.0873260498046875
0.3291015625 -0.1226806640625 -0.057037353515625 -0.104049682617188
0.376861572265625 -0.11798095703125 -0.062255859375 -0.129470825195313
0.393524169921875 0.011444091796875 -0.0111541748046875 -0.161972045898438
0.302093505859375 0.209136962890625 0.000274658203125023 -0.182220458984375
0.161712646484375 0.33380126953125 0.0764312744140625 -0.203475952148438
-0.146820068359375 0.3450927734375 0.212677001953125 -0.244598388671875
-0.3603515625 0.255706787109375 0.343963623046875 -0.2264404296875
-0.396392822265625 0.163848876953125 0.515869140625 -0.094207763671875
-0.491790771484375 0.233551025390625 -0.207931518554688 -0.273223876953125
-0.3575439453125 0.376861572265625 -0.206161499023438 -0.124008178710937
-0.108734130859375 0.42388916015625 -0.120697021484375 -0.0227813720703125
0.15875244140625 0.377044677734375 -0.0568809509277344 -0.0235328674316406
0.295379638671875 0.20269775390625 -0.09368896484375 -0.0415496826171875
0.3892822265625 -0.008575439453125 -0.0904464721679687 -0.0377655029296875
0.32769775390625 -0.14739990234375 -0.117286682128906 -0.00556182861328128
0.31195068359375 -0.12261962890625 -0.15155029296875 -0.00460815429687499
0.361541748046875 -0.124755859375 -0.16522216796875 -0.04400634765625
0.391815185546875 -0.005035400390625 -0.130851745605469 -0.1220703125
0.325897216796875 0.2034912109375 -0.10345458984375 -0.18304443359375
0.193603515625 0.35418701171875 0.015869140625 -0.232757568359375
-0.14654541015625 0.40484619140625 0.184051513671875 -0.252716064453125
-0.4022216796875 0.329315185546875 0.275466918945313 -0.145156860351562
-0.4700927734375 0.229949951171875 0.359161376953125 -0.026947021484375
-0.44366455078125 0.31353759765625 -0.30535888671875 -0.205230712890625
-0.255859375 0.422149658203125 -0.226715087890625 -0.06927490234375
-0.013824462890625 0.39031982421875 -0.113487243652344 -0.0344696044921875
0.19476318359375 0.2862548828125 -0.0994873046875 -0.0693817138671875
0.270095825195313 0.121856689453125 -0.17303466796875 -0.0565185546875
0.316986083984375 -0.05340576171875 -0.195892333984375 -0.00224304199218752
0.249176025390625 -0.145095825195313 -0.208206176757812 0.07537841796875
0.245758056640625 -0.124221801757812 -0.2296142578125 0.0925445556640625
0.291259765625 -0.128875732421875 -0.257369995117188 0.044464111328125
0.322967529296875 -0.032562255859375 -0.2469482421875 -0.0763092041015626
0.2879638671875 0.149444580078125 -0.202896118164063 -0.17266845703125
0.19415283203125 0.2906494140625 -0.051055908203125 -0.244583129882812
-0.1024169921875 0.3756103515625 0.1304931640625 -0.239852905273438
-0.353729248046875 0.351898193359375 0.172714233398438 -0.0629119873046875
-0.4456787109375 0.281463623046875 0.180831909179687 0.0245361328125
-0.34417724609375 0.352325439453125 -0.395843505859375 -0.116607666015625
-0.139373779296875 0.41497802734375 -0.242843627929688 -0.00442504882812501
0.073455810546875 0.320220947265625 -0.105949401855469 -0.0258941650390625
0.209487915039063 0.169174194335938 -0.132484436035156 -0.0850601196289063
0.220046997070313 0.026763916015625 -0.219589233398438 -0.0430908203125
0.206268310546875 -0.0942230224609375 -0.261367797851563 0.0430603027343749
0.134979248046875 -0.128860473632813 -0.261962890625 0.148941040039062
0.143661499023438 -0.108856201171875 -0.2757568359375 0.175689697265625
0.17279052734375 -0.111572265625 -0.315216064453125 0.11810302734375
0.19036865234375 -0.0561065673828125 -0.323974609375 -0.0317687988281251
0.188339233398438 0.0614776611328125 -0.262054443359375 -0.151947021484375
0.151763916015625 0.16339111328125 -0.093048095703125 -0.233367919921875
-0.02789306640625 0.257705688476563 0.083404541015625 -0.19818115234375
-0.219085693359375 0.3076171875 0.08074951171875 0.0246429443359375
-0.331939697265625 0.29718017578125 0.0164260864257812 0.0817947387695313
-0.207611083984375 0.332427978515625 -0.474029541015625 -0.025543212890625
-0.034210205078125 0.342529296875 -0.264862060546875 0.0630340576171875
0.129226684570313 0.221969604492188 -0.107765197753906 0.00390625000000001
0.191879272460938 0.053253173828125 -0.155349731445312 -0.064605712890625
0.1435546875 -0.05950927734375 -0.233566284179687 -0.00839233398437502
0.0775527954101563 -0.120262145996094 -0.28125 0.092681884765625
0.00748443603515626 -0.0949325561523438 -0.275390625 0.206832885742187
0.0193634033203125 -0.0787353515625 -0.283538818359375 0.23089599609375
0.02813720703125 -0.0780181884765625 -0.3277587890625 0.1634521484375
0.0267181396484375 -0.0745773315429688 -0.350189208984375 -0.00250244140624998
0.0628395080566406 -0.038909912109375 -0.272674560546875 -0.12835693359375
0.09271240234375 0.00180816650390625 -0.100982666015625 -0.20880126953125
0.0619277954101563 0.10150146484375 0.0587005615234375 -0.1429443359375
-0.03521728515625 0.22100830078125 0.0242767333984375 0.0959396362304688
-0.1507568359375 0.277755737304687 -0.101020812988281 0.136253356933594
-0.09063720703125 -0.221588134765625 0.107955932617188 -0.221237182617187
-0.233566284179688 -0.0916290283203125 -0.0458831787109375 -0.140625
-0.157608032226563 0.12261962890625 -0.0884475708007813 0.103919982910156
-0.00221252441406249 0.182571411132813 0.095947265625 0.210037231445312
0.080780029296875 0.129165649414063 0.24957275390625 0.1112060546875
0.143280029296875 0.05462646484375 0.350677490234375 -0.0667724609375
0.145828247070313 -0.0043792724609375 0.306182861328125 -0.217041015625
0.126518249511719 0.023223876953125 0.232513427734375 -0.260757446289063
0.133392333984375 0.0546188354492188 0.226242065429688 -0.227279663085938
0.083038330078125 0.118240356445313 0.248764038085938 -0.128067016601563
-0.0286483764648438 0.135093688964844 0.20745849609375 -0.070098876953125
-0.120872497558594 0.0751800537109375 0.158615112304688 -0.0276336669921875
-0.150955200195313 -0.09344482421875 0.191818237304688 -0.0499725341796875
-0.0597381591796875 -0.232635498046875 0.341094970703125 -0.16156005859375
0.0679779052734375 -0.241531372070312 0.59674072265625 0.00201416015624998
-0.282073974609375 -0.13751220703125 0.074127197265625 -0.265350341796875
-0.362701416015625 0.032135009765625 -0.0721435546875 -0.160263061523438
-0.215438842773438 0.252944946289063 -0.103439331054688 0.0643157958984375
0.03173828125 0.311553955078125 0.065765380859375 0.163406372070313
0.1776123046875 0.203399658203125 0.179168701171875 0.0832366943359375
0.2816162109375 0.053375244140625 0.274368286132813 -0.0712127685546875
0.259765625 -0.058868408203125 0.230880737304688 -0.191680908203125
0.231277465820313 -0.02618408203125 0.157440185546875 -0.23516845703125
0.2535400390625 0.002777099609375 0.150680541992188 -0.2196044921875
0.213790893554688 0.10137939453125 0.190582275390625 -0.156570434570313
0.0840301513671875 0.183395385742188 0.16278076171875 -0.114517211914063
-0.040496826171875 0.173431396484375 0.150314331054688 -0.08575439453125
-0.16912841796875 0.0416717529296875 0.21234130859375 -0.122238159179688
-0.177337646484375 -0.0900421142578125 0.3724365234375 -0.2142333984375
-0.10321044921875 -0.1302490234375 0.64117431640625 -0.146484375
-0.440093994140625 0.0368347167968749 -0.056854248046875 -0.295013427734375
-0.4215087890625 0.2384033203125 -0.151947021484375 -0.144271850585938
-0.183197021484375 0.39935302734375 -0.114570617675781 0.057891845703125
0.132965087890625 0.394683837890625 0.0488433837890625 0.111846923828125
0.29364013671875 0.220916748046875 0.102828979492188 0.0274505615234375
0.392333984375 -0.014129638671875 0.155609130859375 -0.0902252197265625
0.330963134765625 -0.15576171875 0.103530883789063 -0.163101196289063
0.30206298828125 -0.12017822265625 0.034912109375 -0.18524169921875
0.3426513671875 -0.1072998046875 0.024749755859375 -0.194610595703125
0.342254638671875 0.021209716796875 0.076324462890625 -0.182418823242188
0.238861083984375 0.190261840820313 0.069061279296875 -0.1685791015625
0.0941925048828125 0.269760131835938 0.0992279052734375 -0.172561645507813
-0.156234741210938 0.229278564453125 0.200576782226562 -0.231643676757812
-0.289031982421875 0.11846923828125 0.35369873046875 -0.292236328125
-0.281768798828125 0.0369873046875 0.60546875 -0.1705322265625
-0.491241455078125 0.163665771484375 -0.162277221679688 -0.278106689453125
-0.404632568359375 0.341278076171875 -0.201904296875 -0.117294311523437
-0.150665283203125 0.4464111328125 -0.128974914550781 0.0301742553710938
0.16595458984375 0.415130615234375 -0.00827026367187499 0.0496139526367188
0.326385498046875 0.223602294921875 -0.00512218475341795 0.00491952896118165
0.425048828125 -0.022857666015625 0.0291748046875 -0.0539970397949219
0.349456787109375 -0.1751708984375 -0.00352096557617185 -0.0678482055664063
0.327362060546875 -0.1434326171875 -0.0581817626953125 -0.078704833984375
0.37603759765625 -0.1414794921875 -0.07470703125 -0.105033874511719
0.398956298828125 -0.009307861328125 -0.03668212890625 -0.142547607421875
0.316802978515625 0.202117919921875 -0.03240966796875 -0.174819946289063
0.173553466796875 0.33270263671875 0.0437469482421875 -0.214614868164062
-0.1488037109375 0.3582763671875 0.18902587890625 -0.272476196289063
-0.36639404296875 0.268585205078125 0.325408935546875 -0.254364013671875
-0.401336669921875 0.167236328125 0.50384521484375 -0.129791259765625
-0.483612060546875 0.239532470703125 -0.243484497070313 -0.244277954101562
-0.346771240234375 0.387237548828125 -0.234817504882813 -0.0916748046875
-0.09625244140625 0.4302978515625 -0.130294799804687 -0.000869750976562485
0.17254638671875 0.37469482421875 -0.0620574951171875 -0.00840377807617185
0.30419921875 0.194854736328125 -0.104965209960937 -0.0228271484375
0.39111328125 -0.027862548828125 -0.0941696166992187 -0.0156478881835938
0.323822021484375 -0.157257080078125 -0.114532470703125 0.0212554931640625
0.30712890625 -0.1385498046875 -0.150314331054688 0.0252227783203125
0.359405517578125 -0.140106201171875 -0.173233032226562 -0.011962890625
0.390838623046875 -0.02056884765625 -0.153366088867187 -0.0980072021484375
0.328643798828125 0.19158935546875 -0.1348876953125 -0.17169189453125
0.205352783203125 0.341888427734375 -0.019500732421875 -0.239395141601563
-0.140228271484375 0.40875244140625 0.15411376953125 -0.27325439453125
-0.394378662109375 0.341766357421875 0.254425048828125 -0.17303466796875
-0.459991455078125 0.234954833984375 0.349090576171875 -0.05950927734375
-0.4197998046875 0.316925048828125 -0.346099853515625 -0.181793212890625
-0.2357177734375 0.417938232421875 -0.253646850585938 -0.043212890625
-0.00692749023437496 0.3824462890625 -0.126861572265625 -0.0134429931640624
0.19671630859375 0.277389526367187 -0.107208251953125 -0.0515289306640625
0.268325805664063 0.115997314453125 -0.182968139648437 -0.032562255859375
0.306854248046875 -0.059906005859375 -0.19818115234375 0.022491455078125
0.244110107421875 -0.144287109375 -0.202117919921875 0.101043701171875
0.240890502929687 -0.12567138671875 -0.221542358398437 0.123367309570312
0.28338623046875 -0.132110595703125 -0.258621215820313 0.077667236328125
0.31329345703125 -0.039306640625 -0.264358520507812 -0.0442962646484375
0.28265380859375 0.13751220703125 -0.230514526367187 -0.14990234375
0.197967529296875 0.279052734375 -0.0843963623046875 -0.2432861328125
-0.093780517578125 0.367828369140625 0.100112915039063 -0.256057739257813
-0.33270263671875 0.357879638671875 0.15643310546875 -0.085205078125
-0.420440673828125 0.286041259765625 0.173324584960937 -0.00645446777343748
-0.306304931640625 0.352569580078125 -0.43060302734375 -0.0992126464843749
-0.107879638671875 0.400299072265625 -0.269241333007812 0.012420654296875
0.083648681640625 0.298065185546875 -0.123947143554687 -0.0055694580078125
0.202926635742187 0.149032592773437 -0.142364501953125 -0.0665740966796875
0.204727172851563 0.0199737548828125 -0.225112915039063 -0.021026611328125
0.190643310546875 -0.0912017822265625 -0.262008666992188 0.0677795410156249
0.1258544921875 -0.116600036621094 -0.2537841796875 0.170974731445312
0.13629150390625 -0.103309631347656 -0.264541625976563 0.200714111328125
0.162139892578125 -0.102188110351563 -0.31109619140625 0.147064208984375
0.17401123046875 -0.0498046875 -0.33843994140625 -9.15527343750086E-05
0.176132202148438 0.0574188232421875 -0.28179931640625 -0.1300048828125
0.142623901367188 0.15093994140625 -0.118118286132813 -0.227615356445313
-0.02239990234375 0.241729736328125 0.05517578125 -0.207595825195312
-0.194488525390625 0.297821044921875 0.0707778930664062 0.00791931152343752
-0.294189453125 0.290985107421875 0.0157852172851562 0.0517234802246094
-0.164276123046875 0.33349609375 -0.498016357421875 -0.0102539062499999
0.00296020507812498 0.324005126953125 -0.285888671875 0.076995849609375
0.14459228515625 0.195419311523438 -0.120613098144531 0.023468017578125
0.18096923828125 0.028106689453125 -0.15875244140625 -0.047027587890625
0.122314453125 -0.0694808959960938 -0.232131958007813 0.00950622558593753
0.0562591552734375 -0.10906982421875 -0.273712158203125 0.112350463867188
-0.00380706787109374 -0.0747146606445312 -0.263839721679688 0.21942138671875
0.0134849548339844 -0.063720703125 -0.267715454101563 0.2479248046875
0.0200119018554687 -0.0588760375976563 -0.32281494140625 0.187744140625
0.0121078491210938 -0.054718017578125 -0.359161376953125 0.02508544921875
0.0389213562011719 -0.0358314514160156 -0.286956787109375 -0.110382080078125
0.0714035034179688 -0.0074462890625 -0.123947143554687 -0.203964233398438
0.0582656860351563 0.0786590576171875 0.0378265380859375 -0.149307250976563
-0.00846862792968751 0.19976806640625 0.02197265625 0.07879638671875
-0.111236572265625 0.26165771484375 -0.0945892333984375 0.110481262207031
-0.1185302734375 -0.197052001953125 0.0984954833984375 -0.1912841796875
-0.233169555664063 -0.0489501953125 -0.04327392578125 -0.11468505859375
-0.133255004882813 0.141098022460938 -0.072235107421875 0.108505249023438
0.027557373046875 0.177413940429688 0.112716674804688 0.198165893554688
0.1007080078125 0.110549926757813 0.25250244140625 0.0946502685546875
0.149322509765625 0.0260009765625 0.33831787109375 -0.086181640625
0.140426635742188 -0.0309600830078125 0.290679931640625 -0.22613525390625
0.124252319335938 -0.0011444091796875 0.213653564453125 -0.260009765625
0.136093139648437 0.0248947143554687 0.209014892578125 -0.22528076171875
0.100807189941406 0.0970382690429688 0.232513427734375 -0.13116455078125
-0.00189208984374999 0.132171630859375 0.1904296875 -0.0747528076171875
-0.101669311523438 0.09197998046875 0.147598266601563 -0.0408172607421875
-0.156036376953125 -0.0630340576171875 0.188583374023438 -0.0705718994140625
-0.0909881591796875 -0.207534790039063 0.33746337890625 -0.177215576171875
0.03125 -0.233734130859375 0.59246826171875 -0.02142333984375
-0.301116943359375 -0.11175537109375 0.059234619140625 -0.22998046875
-0.356719970703125 0.076080322265625 -0.0718307495117188 -0.128387451171875
-0.18597412109375 0.271469116210938 -0.091339111328125 0.0778579711914063
0.06451416015625 0.300323486328125 0.07635498046875 0.15960693359375
0.196319580078125 0.18267822265625 0.1807861328125 0.0745391845703125
0.280715942382812 0.0198974609375 0.264694213867188 -0.0792236328125
0.249679565429688 -0.0839385986328125 0.22003173828125 -0.191268920898438
0.22735595703125 -0.0511322021484375 0.145172119140625 -0.224945068359375
0.253097534179687 -0.0275115966796875 0.137069702148438 -0.20806884765625
0.225784301757813 0.0779571533203125 0.170272827148438 -0.149093627929688
0.1085205078125 0.179824829101562 0.140205383300781 -0.114944458007812
-0.024749755859375 0.186874389648438 0.130790710449219 -0.0968551635742187
-0.175445556640625 0.06695556640625 0.2008056640625 -0.142349243164063
-0.20306396484375 -0.0703887939453125 0.359100341796875 -0.2298583984375
-0.130867004394531 -0.124649047851562 0.62078857421875 -0.17266845703125
-0.44647216796875 0.0614624023437499 -0.068817138671875 -0.252090454101563
-0.4063720703125 0.2645263671875 -0.148529052734375 -0.106353759765625
-0.15386962890625 0.4085693359375 -0.102371215820313 0.0743865966796875
0.16192626953125 0.378662109375 0.0549087524414063 0.111534118652344
0.306396484375 0.192291259765625 0.104278564453125 0.0336990356445313
0.386199951171875 -0.046630859375 0.153778076171875 -0.0887603759765625
0.311676025390625 -0.178619384765625 0.103546142578125 -0.150741577148438
0.290924072265625 -0.141632080078125 0.0316009521484375 -0.1658935546875
0.333038330078125 -0.133514404296875 0.020233154296875 -0.169448852539063
0.345855712890625 -0.003082275390625 0.05499267578125 -0.162445068359375
0.25537109375 0.181472778320313 0.0409088134765625 -0.160430908203125
0.109146118164062 0.273208618164063 0.07208251953125 -0.17510986328125
-0.155685424804688 0.246246337890625 0.176834106445312 -0.246109008789062
-0.302886962890625 0.13720703125 0.3292236328125 -0.309295654296875
-0.2977294921875 0.0429992675781251 0.577392578125 -0.194091796875
-0.490570068359375 0.177703857421875 -0.178985595703125 -0.231430053710937
-0.390228271484375 0.358001708984375 -0.203292846679688 -0.0788116455078125
-0.12890625 0.45111083984375 -0.119651794433594 0.051544189453125
0.185638427734375 0.398193359375 -0.00347900390624999 0.0628662109375
0.334320068359375 0.200775146484375 -0.00185012817382811 0.019287109375
0.41510009765625 -0.050079345703125 0.0312309265136719 -0.0400123596191406
0.336944580078125 -0.1910400390625 1.14440917968968E-05 -0.0505180358886719
0.314849853515625 -0.15765380859375 -0.052642822265625 -0.0557098388671875
0.36517333984375 -0.162109375 -0.0731048583984375 -0.07452392578125
0.393798828125 -0.02667236328125 -0.05047607421875 -0.118827819824219
0.324951171875 0.186981201171875 -0.0565338134765625 -0.159194946289063
0.18475341796875 0.32537841796875 0.0121002197265625 -0.211074829101562
-0.14093017578125 0.36279296875 0.154937744140625 -0.28326416015625
-0.362762451171875 0.279327392578125 0.295654296875 -0.270233154296875
-0.400299072265625 0.166473388671875 0.473358154296875 -0.1583251953125
-0.4716796875 0.2437744140625 -0.271560668945313 -0.20159912109375
-0.329742431640625 0.3865966796875 -0.239013671875 -0.052734375
-0.08843994140625 0.427154541015625 -0.1285400390625 0.0258636474609375
0.1790771484375 0.360107421875 -0.0598182678222656 0.0070610046386719
0.30657958984375 0.182037353515625 -0.101104736328125 -0.00248718261718747
0.383819580078125 -0.042327880859375 -0.09063720703125 0.00218963623046873
0.31011962890625 -0.164031982421875 -0.103401184082031 0.041412353515625
0.296173095703125 -0.1422119140625 -0.135856628417969 0.0489959716796875
0.34454345703125 -0.15057373046875 -0.166824340820312 0.0166168212890625
0.379669189453125 -0.0313720703125 -0.1644287109375 -0.067352294921875
0.329803466796875 0.177001953125 -0.156234741210937 -0.147430419921875
0.208770751953125 0.3321533203125 -0.04986572265625 -0.228302001953125
-0.128692626953125 0.40313720703125 0.118453979492187 -0.28106689453125
-0.378631591796875 0.34490966796875 0.227783203125 -0.185379028320312
-0.44329833984375 0.231475830078125 0.32305908203125 -0.087371826171875
-0.395477294921875 0.310211181640625 -0.369720458984375 -0.146453857421875
-0.216094970703125 0.401580810546875 -0.26788330078125 -0.00970458984374997
-0.00186157226562503 0.368621826171875 -0.128181457519531 0.0141067504882812
0.191421508789062 0.261993408203125 -0.109352111816406 -0.0323715209960937
0.2593994140625 0.10980224609375 -0.178543090820312 -0.0112762451171875
0.2989501953125 -0.061370849609375 -0.19073486328125 0.045135498046875
0.234848022460938 -0.1400146484375 -0.187088012695312 0.121932983398437
0.232147216796875 -0.125396728515625 -0.20513916015625 0.143844604492188
0.271865844726563 -0.132644653320313 -0.246688842773438 0.104888916015625
0.300537109375 -0.040924072265625 -0.267608642578125 -0.013885498046875
0.274307250976563 0.130279541015625 -0.243942260742187 -0.125473022460938
0.19134521484375 0.26434326171875 -0.110977172851562 -0.22747802734375
-0.085357666015625 0.35504150390625 0.0661773681640625 -0.254241943359375
-0.31201171875 0.34808349609375 0.134750366210937 -0.0957870483398437
-0.396453857421875 0.274810791015625 0.15216064453125 -0.0304107666015625
-0.27435302734375 0.341888427734375 -0.4501953125 -0.070404052734375
-0.0869140625 0.37286376953125 -0.28363037109375 0.0413818359375
0.0842742919921875 0.273117065429687 -0.123886108398438 0.0180206298828125
0.18597412109375 0.134429931640625 -0.142425537109375 -0.046356201171875
0.186798095703125 0.018646240234375 -0.22015380859375 -0.00288391113281254
0.176132202148438 -0.0810546875 -0.25 0.0867919921874999
0.121994018554688 -0.103378295898437 -0.23638916015625 0.185867309570312
0.130462646484375 -0.093017578125 -0.243209838867187 0.216812133789063
0.156173706054688 -0.0928955078125 -0.295166015625 0.17095947265625
0.164093017578125 -0.0384063720703125 -0.33441162109375 0.028839111328125
0.158798217773438 0.058563232421875 -0.29156494140625 -0.10302734375
0.128028869628906 0.139289855957031 -0.142822265625 -0.2117919921875
-0.0237579345703125 0.223129272460937 0.029754638671875 -0.204833984375
-0.17462158203125 0.278350830078125 0.0567550659179687 -0.00601577758789061
-0.264923095703125 0.27435302734375 0.00484275817871092 0.0298500061035156
-0.12652587890625 0.3212890625 -0.5072021484375 0.01165771484375
0.026885986328125 0.292999267578125 -0.297698974609375 0.0970764160156251
0.145217895507813 0.1649169921875 -0.120353698730469 0.0441741943359375
0.1605224609375 0.0088348388671875 -0.157394409179688 -0.028533935546875
0.0976333618164062 -0.0656661987304687 -0.222900390625 0.024932861328125
0.0378646850585938 -0.0920257568359375 -0.26019287109375 0.125686645507813
-0.00625991821289062 -0.05426025390625 -0.245513916015625 0.228302001953125
0.0108757019042969 -0.0468940734863281 -0.248001098632813 0.25689697265625
0.0179557800292969 -0.0399093627929687 -0.305938720703125 0.202789306640625
0.00153541564941406 -0.0333900451660156 -0.353729248046875 0.04840087890625
0.0190887451171875 -0.0234546661376953 -0.291107177734375 -0.0882568359375
0.0488739013671875 -0.0112037658691406 -0.1395263671875 -0.189224243164062
0.0485343933105469 0.0560646057128906 0.018890380859375 -0.148849487304688
0.00393676757812502 0.167739868164063 0.0156211853027344 0.0630302429199219
-0.082916259765625 0.238632202148437 -0.092681884765625 0.0846633911132813
-0.132843017578125 -0.169097900390625 0.101959228515625 -0.162124633789063
-0.222640991210938 -0.0158843994140625 -0.0327987670898438 -0.0951080322265625
-0.108749389648437 0.148406982421875 -0.0585479736328125 0.109046936035156
0.047943115234375 0.162948608398437 0.118972778320313 0.185958862304688
0.110130310058594 0.0915603637695313 0.246627807617188 0.08416748046875
0.143203735351563 0.0009307861328125 0.324462890625 -0.093994140625
0.129463195800781 -0.0487213134765625 0.276199340820312 -0.225921630859375
0.117057800292969 -0.0185775756835938 0.202865600585938 -0.252151489257813
0.1302490234375 0.00182342529296875 0.198867797851563 -0.21734619140625
0.107147216796875 0.0749359130859375 0.2216796875 -0.125320434570312
0.0181503295898438 0.122970581054688 0.176406860351562 -0.0736541748046875
-0.0831756591796875 0.09783935546875 0.134407043457031 -0.0465927124023437
-0.151687622070313 -0.0379486083984375 0.182037353515625 -0.0847015380859375
-0.1072998046875 -0.17718505859375 0.3297119140625 -0.184295654296875
0.00392150878906252 -0.21649169921875 0.58135986328125 -0.03045654296875
-0.30889892578125 -0.088714599609375 0.058990478515625 -0.194549560546875
-0.3411865234375 0.10235595703125 -0.062469482421875 -0.105010986328125
-0.16156005859375 0.273651123046875 -0.07916259765625 0.0827407836914063
0.083831787109375 0.28240966796875 0.0823211669921875 0.153945922851563
0.202041625976563 0.1605224609375 0.177474975585937 0.0718994140625
0.271392822265625 -0.0047454833984375 0.255111694335938 -0.0802001953125
0.236083984375 -0.10076904296875 0.213592529296875 -0.18524169921875
0.2176513671875 -0.0670928955078125 0.1416015625 -0.210769653320313
0.245254516601563 -0.04962158203125 0.13232421875 -0.192520141601563
0.229156494140625 0.0581512451171875 0.160232543945313 -0.135391235351563
0.123870849609375 0.170623779296875 0.124038696289063 -0.108009338378906
-0.0119781494140625 0.190536499023438 0.11199951171875 -0.0978851318359375
-0.175888061523438 0.0863800048828125 0.186737060546875 -0.153900146484375
-0.218505859375 -0.0490875244140625 0.34393310546875 -0.235626220703125
-0.15374755859375 -0.114852905273437 0.599609375 -0.17779541015625
-0.44769287109375 0.07745361328125 -0.0655670166015625 -0.211257934570313
-0.38568115234375 0.27984619140625 -0.135200500488281 -0.0794754028320312
-0.134185791015625 0.40716552734375 -0.0899887084960938 0.0820999145507813
0.1737060546875 0.357818603515625 0.0611953735351563 0.110366821289063
0.308563232421875 0.172576904296875 0.10491943359375 0.0394287109375
0.36920166015625 -0.0673828125 0.1513671875 -0.083251953125
0.295806884765625 -0.1893310546875 0.106918334960938 -0.140975952148438
0.2772216796875 -0.153778076171875 0.03839111328125 -0.149124145507813
0.318695068359375 -0.149749755859375 0.0224609375 -0.14837646484375
0.33984375 -0.019256591796875 0.05108642578125 -0.14111328125
0.2607421875 0.171142578125 0.02655029296875 -0.143463134765625
0.114913940429687 0.270919799804688 0.05108642578125 -0.166671752929688
-0.1552734375 0.256515502929688 0.152847290039062 -0.250045776367188
-0.308563232421875 0.149200439453125 0.308013916015625 -0.310028076171875
-0.3082275390625 0.0466308593749999 0.5484619140625 -0.19903564453125
-0.485565185546875 0.179901123046875 -0.17767333984375 -0.18927001953125
-0.375 0.360931396484375 -0.190765380859375 -0.0484313964843749
-0.1168212890625 0.446685791015625 -0.108001708984375 0.0666961669921875
0.191864013671875 0.383575439453125 0.00370788574218751 0.06817626953125
0.331817626953125 0.187347412109375 0.0031547546386719 0.031036376953125
0.401336669921875 -0.06378173828125 0.0354957580566407 -0.0293922424316406
0.323577880859375 -0.19342041015625 0.0118980407714844 -0.0386619567871094
0.30462646484375 -0.161865234375 -0.0386886596679687 -0.0379600524902344
0.35284423828125 -0.16851806640625 -0.0649986267089843 -0.0535011291503906
0.385162353515625 -0.036346435546875 -0.0529632568359375 -0.0927276611328125
0.323211669921875 0.17822265625 -0.0695953369140625 -0.137741088867187
0.18572998046875 0.319427490234375 -0.0100250244140625 -0.198638916015625
-0.14227294921875 0.3631591796875 0.1275634765625 -0.28125
-0.362823486328125 0.281036376953125 0.2698974609375 -0.272201538085938
-0.401336669921875 0.16094970703125 0.44287109375 -0.16253662109375
-0.462890625 0.23260498046875 -0.275741577148438 -0.163619995117187
-0.320556640625 0.376708984375 -0.235061645507813 -0.02178955078125
-0.086822509765625 0.420379638671875 -0.1201171875 0.0442428588867188
0.17840576171875 0.35186767578125 -0.0548744201660156 0.0200386047363282
0.301971435546875 0.176300048828125 -0.0946426391601562 0.0140228271484375
0.3709716796875 -0.04705810546875 -0.0811996459960937 0.0168914794921875
0.303741455078125 -0.162353515625 -0.0873870849609375 0.0524215698242187
0.290191650390625 -0.142547607421875 -0.118682861328125 0.0647048950195312
0.33551025390625 -0.1490478515625 -0.154373168945312 0.0372467041015625
0.3702392578125 -0.0343017578125 -0.16204833984375 -0.0420379638671875
0.321929931640625 0.173248291015625 -0.165496826171875 -0.1239013671875
0.20166015625 0.3232421875 -0.0691375732421875 -0.212753295898437
-0.129608154296875 0.39471435546875 0.0916595458984375 -0.275436401367187
-0.37152099609375 0.335723876953125 0.201812744140625 -0.1861572265625
-0.434356689453125 0.217681884765625 0.293121337890625 -0.0980224609375
-0.38140869140625 0.28936767578125 -0.375701904296875 -0.114349365234375
-0.2117919921875 0.379730224609375 -0.268768310546875 0.0174713134765626
-0.00903320312500004 0.354949951171875 -0.123184204101563 0.033843994140625
0.1785888671875 0.2569580078125 -0.10357666015625 -0.0166091918945312
0.249420166015625 0.111099243164063 -0.170028686523438 0.00578308105468747
0.289093017578125 -0.054931640625 -0.17919921875 0.058746337890625
0.232177734375 -0.132110595703125 -0.170120239257813 0.131515502929688
0.228103637695313 -0.119842529296875 -0.184539794921875 0.15484619140625
0.266448974609375 -0.124725341796875 -0.230514526367187 0.121353149414063
0.289794921875 -0.03448486328125 -0.26007080078125 0.010284423828125
0.261886596679688 0.129928588867187 -0.246841430664062 -0.101806640625
0.1787109375 0.255859375 -0.125823974609375 -0.209075927734375
-0.08831787109375 0.33941650390625 0.0422821044921875 -0.244613647460937
-0.3018798828125 0.330047607421875 0.112701416015625 -0.0970077514648437
-0.37994384765625 0.253082275390625 0.129814147949219 -0.0438690185546875
-0.25457763671875 0.313995361328125 -0.4556884765625 -0.0485839843749999
-0.082916259765625 0.341278076171875 -0.287841796875 0.063201904296875
0.07342529296875 0.254150390625 -0.120765686035156 0.0365371704101563
0.166412353515625 0.129058837890625 -0.13671875 -0.0307540893554687
0.171096801757813 0.025482177734375 -0.210372924804688 0.01092529296875
0.168060302734375 -0.0677642822265625 -0.236480712890625 0.0974884033203125
0.124549865722656 -0.0889892578125 -0.220382690429687 0.19085693359375
0.130844116210937 -0.0829696655273438 -0.223464965820312 0.221099853515625
0.15594482421875 -0.079742431640625 -0.277435302734375 0.181549072265625
0.15850830078125 -0.0251007080078125 -0.323974609375 0.0484008789062499
0.145431518554688 0.067169189453125 -0.289581298828125 -0.08251953125
0.111892700195313 0.136054992675781 -0.152603149414063 -0.193161010742188
-0.0341339111328125 0.205657958984375 0.010101318359375 -0.194366455078125
-0.166122436523438 0.251937866210938 0.0409469604492187 -0.0109596252441406
-0.246795654296875 0.244903564453125 -0.0107841491699219 0.011831283569336
-0.104400634765625 0.29449462890625 -0.508544921875 0.0243835449218751
0.034942626953125 0.260467529296875 -0.3018798828125 0.111572265625
0.136100769042969 0.140167236328125 -0.115615844726562 0.0603866577148438
0.137535095214844 0.00135040283203125 -0.14898681640625 -0.016571044921875
0.0802001953125 -0.057708740234375 -0.210006713867187 0.0312347412109375
0.0296401977539063 -0.0721969604492187 -0.24761962890625 0.128860473632813
0.000476837158203126 -0.0361480712890625 -0.229904174804688 0.226303100585937
0.0150337219238281 -0.0340080261230469 -0.230133056640625 0.254623413085937
0.0235271453857422 -0.0233631134033203 -0.289581298828125 0.208343505859375
0.00176620483398438 -0.0126752853393555 -0.3427734375 0.0625915527343751
0.00789308547973633 -0.00676679611206055 -0.286865234375 -0.0721130371093749
0.0304470062255859 -0.00611305236816406 -0.146102905273437 -0.174697875976563
0.0334243774414063 0.0423469543457031 0.004547119140625 -0.141250610351563
0.00494384765625001 0.139053344726563 0.00383377075195312 0.05267333984375
-0.0671234130859375 0.206741333007813 -0.101142883300781 0.0612258911132813
-0.136642456054688 -0.147323608398438 0.115745544433594 -0.137420654296875
-0.209457397460938 0.00427246093750002 -0.01849365234375 -0.0823822021484375
-0.0912628173828125 0.149215698242187 -0.0494766235351563 0.107353210449219
0.060211181640625 0.14996337890625 0.119598388671875 0.178482055664063
0.113456726074219 0.076385498046875 0.242568969726562 0.0815582275390625
0.134696960449219 -0.0156173706054688 0.31719970703125 -0.09368896484375
0.118690490722656 -0.0604629516601563 0.271621704101562 -0.221145629882812
0.109130859375 -0.0307998657226562 0.202346801757813 -0.244674682617188
0.122665405273438 -0.0145721435546875 0.1988525390625 -0.20806884765625
0.108963012695312 0.0581512451171875 0.219711303710937 -0.116943359375
0.0309066772460938 0.113372802734375 0.169265747070312 -0.06707763671875
-0.068359375 0.099761962890625 0.125129699707031 -0.0463714599609375
-0.144699096679688 -0.020294189453125 0.177597045898438 -0.0926971435546875
-0.113296508789062 -0.1546630859375 0.3299560546875 -0.18658447265625
-0.0106201171875 -0.2000732421875 0.5799560546875 -0.02557373046875
-0.31292724609375 -0.07354736328125 0.070159912109375 -0.165542602539063
-0.329437255859375 0.1162109375 -0.0483245849609375 -0.0879745483398438
-0.148284912109375 0.273162841796875 -0.0688858032226563 0.0849456787109375
0.0926055908203125 0.269271850585938 0.0845947265625 0.150772094726563
0.203659057617188 0.147506713867188 0.176055908203125 0.07470703125
0.26141357421875 -0.0190582275390625 0.250900268554688 -0.076171875
0.226776123046875 -0.10870361328125 0.2161865234375 -0.177947998046875
0.21063232421875 -0.076995849609375 0.146621704101562 -0.200531005859375
0.238418579101562 -0.0617523193359375 0.13653564453125 -0.180343627929688
0.230087280273438 0.0456085205078125 0.1593017578125 -0.121475219726563
0.13330078125 0.165130615234375 0.115493774414063 -0.0967178344726563
-0.0029754638671875 0.194992065429687 0.0999298095703125 -0.0941009521484375
-0.176177978515625 0.10089111328125 0.1781005859375 -0.157028198242187
-0.227493286132812 -0.032318115234375 0.33831787109375 -0.2340087890625
-0.169876098632812 -0.107574462890625 0.5904541015625 -0.1673583984375
-0.449432373046875 0.082733154296875 -0.0505523681640625 -0.18048095703125
-0.37542724609375 0.2874755859375 -0.116912841796875 -0.0626296997070312
-0.125518798828125 0.40350341796875 -0.0788726806640625 0.087127685546875
0.17694091796875 0.34527587890625 0.0652923583984375 0.110977172851563
0.3050537109375 0.1619873046875 0.107864379882813 0.04595947265625
0.356964111328125 -0.07403564453125 0.153152465820313 -0.0760345458984375
0.287994384765625 -0.19354248046875 0.115890502929688 -0.133705139160156
0.271286010742188 -0.158615112304688 0.0510940551757813 -0.139213562011719
0.312530517578125 -0.156036376953125 0.0325698852539063 -0.134223937988281
0.338287353515625 -0.025787353515625 0.0548477172851563 -0.123123168945313
0.265289306640625 0.167953491210938 0.0197296142578125 -0.127677917480469
0.11871337890625 0.275772094726563 0.0377960205078125 -0.156875610351562
-0.15948486328125 0.266036987304687 0.140121459960938 -0.2479248046875
-0.3189697265625 0.158721923828125 0.29632568359375 -0.30523681640625
-0.322174072265625 0.0467834472656249 0.534271240234375 -0.188934326171875
-0.489349365234375 0.1759033203125 -0.166290283203125 -0.159637451171875
-0.372589111328125 0.358612060546875 -0.175582885742188 -0.027923583984375
-0.118194580078125 0.443145751953125 -0.09661865234375 0.0758895874023438
0.189117431640625 0.37689208984375 0.00942230224609376 0.0733642578125
0.329345703125 0.18402099609375 0.00923156738281252 0.0400047302246094
0.394073486328125 -0.066009521484375 0.0420036315917969 -0.0208206176757813
0.32000732421875 -0.193939208984375 0.0248985290527344 -0.0318717956542969
0.302886962890625 -0.164581298828125 -0.0232620239257812 -0.0285606384277344
0.347686767578125 -0.169189453125 -0.0532569885253906 -0.0395545959472656
0.38177490234375 -0.03741455078125 -0.0480728149414062 -0.0747222900390625
0.322235107421875 0.17974853515625 -0.0749359130859375 -0.121002197265625
0.18072509765625 0.323211669921875 -0.0217437744140625 -0.185836791992187
-0.150665283203125 0.366424560546875 0.112289428710937 -0.275375366210938
-0.371124267578125 0.279693603515625 0.255050659179688 -0.26470947265625
-0.41094970703125 0.150390625 0.424407958984375 -0.158111572265625
-0.466949462890625 0.218048095703125 -0.271697998046875 -0.137908935546875
-0.326385498046875 0.3675537109375 -0.225967407226563 -0.00201416015624996
-0.09649658203125 0.41839599609375 -0.110321044921875 0.0567626953125
0.17108154296875 0.3515625 -0.0483283996582031 0.0285758972167969
0.298919677734375 0.17999267578125 -0.0868682861328125 0.0248184204101563
0.36724853515625 -0.04302978515625 -0.0736007690429687 0.0248565673828125
0.305450439453125 -0.157867431640625 -0.0736541748046875 0.0588607788085938
0.290252685546875 -0.13983154296875 -0.103355407714844 0.0720062255859375
0.335174560546875 -0.14501953125 -0.142593383789062 0.0491943359375
0.366546630859375 -0.0291748046875 -0.156021118164062 -0.0242462158203125
0.316497802734375 0.1773681640625 -0.167892456054687 -0.108566284179688
0.191986083984375 0.3245849609375 -0.0796966552734375 -0.199462890625
-0.14019775390625 0.390838623046875 0.0758056640625 -0.266342163085938
-0.378204345703125 0.3243408203125 0.186508178710937 -0.1810302734375
-0.438751220703125 0.199371337890625 0.273269653320313 -0.096710205078125
-0.38299560546875 0.267181396484375 -0.37567138671875 -0.09552001953125
-0.22064208984375 0.361846923828125 -0.265777587890625 0.0364685058593751
-0.024688720703125 0.3497314453125 -0.11578369140625 0.0478363037109375
0.165863037109375 0.261032104492188 -0.0964279174804688 -0.00674438476562498
0.244400024414063 0.121124267578125 -0.161575317382812 0.015045166015625
0.28790283203125 -0.0443115234375 -0.16949462890625 0.0662384033203125
0.237106323242188 -0.123504638671875 -0.157989501953125 0.134506225585938
0.231674194335937 -0.113006591796875 -0.17059326171875 0.15924072265625
0.269332885742188 -0.11627197265625 -0.21856689453125 0.129364013671875
0.288970947265625 -0.02288818359375 -0.252578735351563 0.0239105224609375
0.253494262695313 0.139328002929688 -0.246337890625 -0.087646484375
0.165130615234375 0.258880615234375 -0.132537841796875 -0.1953125
-0.1029052734375 0.330902099609375 0.029296875 -0.23382568359375
-0.3067626953125 0.31219482421875 0.0990066528320313 -0.09375
-0.38067626953125 0.2276611328125 0.110786437988281 -0.0486984252929687
-0.253326416015625 0.289337158203125 -0.459930419921875 -0.039031982421875
-0.092041015625 0.317291259765625 -0.2908935546875 0.078033447265625
0.055816650390625 0.244659423828125 -0.115234375 0.0500030517578125
0.147994995117188 0.133834838867188 -0.129096984863281 -0.0219802856445312
0.163040161132813 0.0381317138671875 -0.201126098632813 0.0163421630859375
0.168258666992188 -0.0513153076171875 -0.2288818359375 0.101287841796875
0.132492065429688 -0.0771026611328125 -0.211471557617187 0.190109252929688
0.136695861816406 -0.07318115234375 -0.212860107421875 0.221923828125
0.162643432617187 -0.0683441162109375 -0.268646240234375 0.185546875
0.159347534179688 -0.009674072265625 -0.316314697265625 0.057373046875
0.137382507324219 0.0802001953125 -0.28594970703125 -0.0714416503906249
0.0960845947265625 0.141448974609375 -0.155563354492188 -0.181365966796875
-0.049285888671875 0.196334838867188 0.000427246093749996 -0.184326171875
-0.172195434570313 0.2301025390625 0.0274105072021484 -0.0112342834472656
-0.24542236328125 0.217849731445313 -0.0279712677001953 -0.000415802001953109
-0.0960540771484375 0.269683837890625 -0.513275146484375 0.0245666503906251
0.030059814453125 0.236236572265625 -0.307159423828125 0.121429443359375
0.122100830078125 0.126701354980469 -0.110969543457031 0.070709228515625
0.118232727050781 0.0029296875 -0.140525817871094 -0.0103759765625
0.0688018798828125 -0.0456962585449219 -0.201675415039062 0.0318450927734375
0.0303993225097656 -0.0541915893554688 -0.241043090820313 0.127410888671875
0.00956535339355469 -0.0227012634277344 -0.2261962890625 0.22027587890625
0.021881103515625 -0.0242176055908203 -0.224105834960937 0.250228881835938
0.0325412750244141 -0.0116672515869141 -0.284210205078125 0.20684814453125
0.00722122192382813 0.00435209274291992 -0.338348388671875 0.0666503906249999
0.00187969207763672 0.00963687896728516 -0.283721923828125 -0.066314697265625
0.0161867141723633 0.00280380249023438 -0.147445678710938 -0.166549682617187
0.0167179107666016 0.0339565277099609 -0.0032806396484375 -0.135040283203125
-0.00362396240234376 0.117485046386719 -0.00789260864257812 0.0468521118164063
-0.0653076171875 0.1795654296875 -0.11572265625 0.0420379638671875
-0.14007568359375 -0.131668090820313 0.135765075683594 -0.12030029296875
-0.20074462890625 0.0193939208984375 -0.00382232666015627 -0.075439453125
-0.0777130126953125 0.15130615234375 -0.0436248779296875 0.106880187988281
0.070526123046875 0.140022277832031 0.121795654296875 0.17791748046875
0.117149353027344 0.065216064453125 0.2437744140625 0.082763671875
0.127883911132813 -0.028228759765625 0.320831298828125 -0.094329833984375
0.110877990722656 -0.0706558227539063 0.280075073242188 -0.22235107421875
0.103424072265625 -0.0411605834960937 0.20904541015625 -0.243423461914062
0.116096496582031 -0.0266952514648438 0.206756591796875 -0.20562744140625
0.110603332519531 0.0451278686523438 0.227218627929688 -0.112411499023437
0.0400848388671875 0.105194091796875 0.168472290039063 -0.0623626708984375
-0.0582962036132812 0.100807189941406 0.120658874511719 -0.0447006225585937
-0.139030456542969 -0.00820159912109374 0.178237915039063 -0.101211547851563
-0.116828918457031 -0.138603210449219 0.33941650390625 -0.1922607421875
-0.0211639404296875 -0.188705444335938 0.5938720703125 -0.01812744140625
-0.3223876953125 -0.063140869140625 0.0882720947265625 -0.144699096679688
-0.3255615234375 0.129730224609375 -0.0329971313476563 -0.0787811279296875
-0.141143798828125 0.276931762695313 -0.0618743896484375 0.0874176025390625
0.100051879882812 0.263137817382813 0.0870208740234375 0.152359008789063
0.207809448242187 0.1402587890625 0.179580688476563 0.0796966552734375
0.256881713867188 -0.02880859375 0.25628662109375 -0.0725250244140625
0.223037719726562 -0.117752075195312 0.225616455078125 -0.177719116210938
0.209060668945312 -0.085357666015625 0.156997680664063 -0.197128295898438
0.237350463867188 -0.072540283203125 0.146331787109375 -0.174423217773437
0.23516845703125 0.0370635986328125 0.167449951171875 -0.112777709960938
0.144515991210938 0.16351318359375 0.114059448242188 -0.08868408203125
0.00399780273437499 0.202362060546875 0.0935821533203125 -0.0908966064453125
-0.179611206054688 0.115463256835937 0.1754150390625 -0.1627197265625
-0.240371704101563 -0.0185394287109375 0.34429931640625 -0.236663818359375
-0.187149047851562 -0.102294921875 0.601806640625 -0.15875244140625
-0.46453857421875 0.0894165039062501 -0.0325164794921875 -0.16064453125
-0.377288818359375 0.2955322265625 -0.101356506347656 -0.0519256591796875
-0.12579345703125 0.40924072265625 -0.0699996948242188 0.0920944213867188
0.180389404296875 0.3438720703125 0.0706939697265625 0.115493774414063
0.309051513671875 0.159820556640625 0.114128112792969 0.0527267456054688
0.356201171875 -0.080902099609375 0.160354614257813 -0.070556640625
0.28948974609375 -0.1993408203125 0.129325866699219 -0.133415222167969
0.27362060546875 -0.165420532226563 0.0651016235351563 -0.136062622070313
0.31488037109375 -0.1640625 0.0445480346679688 -0.126304626464844
0.344085693359375 -0.03033447265625 0.0638198852539063 -0.11151123046875
0.275222778320313 0.16973876953125 0.018035888671875 -0.116462707519531
0.123626708984375 0.28533935546875 0.03033447265625 -0.150466918945312
-0.16748046875 0.28131103515625 0.133285522460938 -0.25048828125
-0.335601806640625 0.17095947265625 0.29742431640625 -0.30523681640625
-0.34375 0.0490722656250001 0.538909912109375 -0.18035888671875
-0.5103759765625 0.1748046875 -0.154983520507813 -0.139236450195313
-0.3834228515625 0.36590576171875 -0.163040161132813 -0.0162506103515625
-0.1240234375 0.45477294921875 -0.0871124267578125 0.08233642578125
0.191009521484375 0.383758544921875 0.0167465209960938 0.07781982421875
0.33551025390625 0.187774658203125 0.01605224609375 0.0474700927734375
0.396728515625 -0.066864013671875 0.0491561889648438 -0.0150184631347656
0.326751708984375 -0.19781494140625 0.0377464294433594 -0.0298843383789063
0.309173583984375 -0.16851806640625 -0.00893402099609373 -0.0245418548583984
0.35577392578125 -0.173919677734375 -0.042633056640625 -0.0302658081054688
0.39093017578125 -0.037384033203125 -0.0416336059570312 -0.0619316101074219
0.331268310546875 0.188018798828125 -0.078399658203125 -0.109039306640625
0.182891845703125 0.335845947265625 -0.0303497314453125 -0.179290771484375
-0.164031982421875 0.379547119140625 0.1031494140625 -0.27471923828125
-0.3919677734375 0.28704833984375 0.252120971679688 -0.263595581054688
-0.434051513671875 0.1458740234375 0.419403076171875 -0.1502685546875
-0.48736572265625 0.209442138671875 -0.2698974609375 -0.121627807617187
-0.342498779296875 0.3675537109375 -0.2200927734375 0.0143890380859375
-0.109100341796875 0.428955078125 -0.102989196777344 0.0669631958007813
0.16717529296875 0.36279296875 -0.0416984558105469 0.0347785949707031
0.304718017578125 0.190032958984375 -0.0807342529296875 0.0327072143554688
0.375152587890625 -0.037750244140625 -0.0668296813964843 0.0319633483886719
0.315765380859375 -0.158172607421875 -0.0632057189941406 0.0616378784179687
0.30035400390625 -0.140625 -0.0910797119140625 0.0769805908203125
0.34686279296875 -0.144439697265625 -0.135162353515625 0.05926513671875
0.376129150390625 -0.021331787109375 -0.151565551757813 -0.0116729736328125
0.321197509765625 0.190460205078125 -0.172088623046875 -0.097198486328125
0.1893310546875 0.338043212890625 -0.08740234375 -0.191787719726563
-0.158782958984375 0.3978271484375 0.066680908203125 -0.262115478515625
-0.397247314453125 0.324462890625 0.178176879882812 -0.178115844726562
-0.45843505859375 0.18646240234375 0.262359619140625 -0.093658447265625
-0.40087890625 0.253631591796875 -0.382232666015625 -0.082427978515625
-0.23883056640625 0.356842041015625 -0.267715454101563 0.05206298828125
-0.041900634765625 0.35821533203125 -0.110015869140625 0.0593490600585938
0.1575927734375 0.274169921875 -0.0912551879882812 -0.0010986328125
0.246978759765625 0.13592529296875 -0.157196044921875 0.020904541015625
0.2969970703125 -0.035003662109375 -0.166000366210937 0.07110595703125
0.250808715820313 -0.119522094726563 -0.151260375976562 0.137222290039063
0.24237060546875 -0.10986328125 -0.16259765625 0.163284301757813
0.28204345703125 -0.11151123046875 -0.21466064453125 0.137619018554688
0.29754638671875 -0.01336669921875 -0.25091552734375 0.0345306396484375
0.255050659179687 0.154220581054687 -0.249481201171875 -0.07916259765625
0.156982421875 0.271133422851563 -0.1385498046875 -0.188125610351563
-0.12005615234375 0.334716796875 0.020843505859375 -0.2288818359375
-0.325164794921875 0.305267333984375 0.088897705078125 -0.0905227661132812
-0.39654541015625 0.2125244140625 0.0955276489257812 -0.0503005981445312
-0.262161254882813 0.272735595703125 -0.472564697265625 -0.033233642578125
-0.1068115234375 0.3065185546875 -0.298919677734375 0.0904541015625
0.0390777587890625 0.246078491210938 -0.11041259765625 0.0608749389648438
0.135971069335938 0.144317626953125 -0.1243896484375 -0.017364501953125
0.16131591796875 0.0521087646484375 -0.198867797851563 0.0197296142578125
0.175918579101563 -0.0382537841796875 -0.227508544921875 0.103775024414063
0.145767211914063 -0.0707244873046875 -0.209808349609375 0.191848754882813
0.146957397460938 -0.068084716796875 -0.210128784179687 0.22418212890625
0.174972534179688 -0.061798095703125 -0.267929077148438 0.192367553710937
0.167953491210938 0.00347900390625 -0.318603515625 0.0650634765625
0.136650085449219 0.0965118408203125 -0.289093017578125 -0.0668029785156251
0.0862884521484375 0.15277099609375 -0.160385131835938 -0.176483154296875
-0.0672149658203125 0.19580078125 -0.0063934326171875 -0.17913818359375
-0.187088012695312 0.218185424804688 0.0176467895507812 -0.010049819946289
-0.25653076171875 0.196929931640625 -0.0459327697753906 -0.00881195068359373
-0.0972442626953125 0.254104614257813 -0.531036376953125 0.0231933593750001
0.0218048095703125 0.221725463867188 -0.31915283203125 0.1318359375
0.109756469726563 0.120826721191406 -0.10791015625 0.07940673828125
0.105636596679687 0.0085906982421875 -0.136100769042969 -0.00815582275390627
0.0644149780273438 -0.0344314575195313 -0.198455810546875 0.0301361083984375
0.0349922180175781 -0.0398750305175781 -0.241836547851563 0.12689208984375
0.0200634002685547 -0.0135593414306641 -0.229583740234375 0.219696044921875
0.0305023193359375 -0.0169315338134766 -0.22625732421875 0.252365112304688
0.0431022644042969 -0.00315475463867188 -0.288421630859375 0.211151123046875
0.0150508880615234 0.0182628631591797 -0.34149169921875 0.07086181640625
-0.000658035278320312 0.0249996185302734 -0.287261962890625 -0.0642700195312499
0.00653743743896484 0.0131759643554688 -0.1502685546875 -0.164581298828125
0.00129890441894531 0.0303440093994141 -0.0086822509765625 -0.131706237792969
-0.0149383544921875 0.102691650390625 -0.0188522338867187 0.0448417663574219
-0.071044921875 0.159561157226563 -0.13519287109375 0.027130126953125
-0.14501953125 -0.117782592773438 0.158355712890625 -0.111328125
-0.193893432617188 0.034912109375 0.00936889648437499 -0.0736083984375
-0.065582275390625 0.1558837890625 -0.0366439819335938 0.108818054199219
0.0811767578125 0.131744384765625 0.1292724609375 0.179733276367188
0.121711730957031 0.0539932250976563 0.254608154296875 0.08209228515625
0.12176513671875 -0.0402450561523438 0.329559326171875 -0.101654052734375
0.103126525878906 -0.081878662109375 0.287445068359375 -0.235198974609375
0.0980911254882813 -0.0521697998046875 0.217620849609375 -0.2532958984375
0.111564636230469 -0.0396652221679688 0.216476440429687 -0.213623046875
0.112785339355469 0.0328140258789063 0.239028930664063 -0.11590576171875
0.0503082275390625 0.0980682373046875 0.173446655273438 -0.0612945556640625
-0.0481643676757812 0.103622436523438 0.12017822265625 -0.0458297729492187
-0.135086059570313 0.00448608398437499 0.18017578125 -0.113922119140625
-0.122802734375 -0.125900268554688 0.35162353515625 -0.2071533203125
-0.0321502685546875 -0.180755615234375 0.621826171875 -0.0224609375
-0.3370361328125 -0.04803466796875 0.10809326171875 -0.132789611816406
-0.326019287109375 0.148529052734375 -0.0199127197265625 -0.07391357421875
-0.132354736328125 0.288238525390625 -0.0553665161132813 0.0917816162109375
0.111602783203125 0.261444091796875 0.0950927734375 0.155776977539063
0.2166748046875 0.133331298828125 0.19049072265625 0.0831298828125
0.257247924804688 -0.0409698486328125 0.266250610351563 -0.07635498046875
0.222320556640625 -0.132125854492188 0.237762451171875 -0.186996459960938
0.209732055664063 -0.099578857421875 0.1685791015625 -0.204635620117188
0.2388916015625 -0.0881195068359375 0.157546997070313 -0.177658081054688
0.244461059570313 0.025421142578125 0.179183959960938 -0.112030029296875
0.159942626953125 0.162094116210938 0.115463256835938 -0.0842514038085938
0.015106201171875 0.21246337890625 0.0895538330078125 -0.0902328491210937
-0.182968139648438 0.13427734375 0.173873901367188 -0.174484252929688
-0.255950927734375 -0.00259399414062502 0.352996826171875 -0.25067138671875
-0.208831787109375 -0.094573974609375 0.62469482421875 -0.16558837890625
-0.48382568359375 0.108123779296875 -0.0159912109375 -0.148193359375
-0.38189697265625 0.31927490234375 -0.0884552001953125 -0.0451889038085937
-0.119598388671875 0.427276611328125 -0.0609283447265625 0.0969619750976563
0.193359375 0.34814453125 0.0795364379882813 0.117645263671875
0.323486328125 0.155792236328125 0.12591552734375 0.0575637817382813
0.36138916015625 -0.092132568359375 0.170806884765625 -0.071563720703125
0.29156494140625 -0.21539306640625 0.142135620117188 -0.14129638671875
0.27789306640625 -0.181503295898438 0.0772857666015625 -0.141372680664063
0.321563720703125 -0.18206787109375 0.0553970336914063 -0.126121520996094
0.358062744140625 -0.0435791015625 0.0741424560546875 -0.108062744140625
0.295806884765625 0.171478271484375 0.0178298950195313 -0.109786987304687
0.13720703125 0.298980712890625 0.0229949951171875 -0.14776611328125
-0.17352294921875 0.306915283203125 0.126785278320312 -0.260589599609375
-0.355743408203125 0.194244384765625 0.299713134765625 -0.3189697265625
-0.37109375 0.05926513671875 0.554229736328125 -0.186279296875
-0.53656005859375 0.18975830078125 -0.146713256835938 -0.1239013671875
-0.394683837890625 0.387908935546875 -0.153961181640625 -0.00392150878906248
-0.124725341796875 0.477386474609375 -0.079010009765625 0.0904769897460938
0.202728271484375 0.39654541015625 0.0244674682617188 0.0827178955078125
0.353363037109375 0.190673828125 0.0255165100097656 0.0542945861816406
0.409149169921875 -0.07489013671875 0.0583152770996094 -0.011322021484375
0.337158203125 -0.213104248046875 0.0504074096679688 -0.0326614379882813
0.320648193359375 -0.18365478515625 0.00367927551269533 -0.0248508453369141
0.368743896484375 -0.18896484375 -0.0334892272949219 -0.0238208770751953
0.407379150390625 -0.04595947265625 -0.0344314575195312 -0.0528106689453125
0.351318359375 0.192840576171875 -0.0821533203125 -0.100112915039062
0.19549560546875 0.3519287109375 -0.0405426025390625 -0.174758911132812
-0.173126220703125 0.40643310546875 0.094451904296875 -0.28076171875
-0.414947509765625 0.30902099609375 0.250823974609375 -0.271697998046875
-0.463958740234375 0.15228271484375 0.425689697265625 -0.153594970703125
-0.51434326171875 0.217315673828125 -0.274093627929688 -0.10504150390625
-0.360321044921875 0.385894775390625 -0.216873168945313 0.0297851562500001
-0.115509033203125 0.452850341796875 -0.0959320068359375 0.0775527954101563
0.1763916015625 0.381011962890625 -0.0351486206054687 0.0401725769042969
0.32342529296875 0.1988525390625 -0.0756378173828125 0.0403060913085938
0.39202880859375 -0.040863037109375 -0.0615806579589844 0.0387191772460937
0.33270263671875 -0.17059326171875 -0.0535621643066406 0.0650978088378906
0.314239501953125 -0.151092529296875 -0.0809555053710937 0.0819854736328125
0.3634033203125 -0.15606689453125 -0.12884521484375 0.0714111328125
0.39373779296875 -0.025665283203125 -0.149917602539062 0.000411987304687502
0.338775634765625 0.199737548828125 -0.179840087890625 -0.087249755859375
0.196502685546875 0.35626220703125 -0.09814453125 -0.1876220703125
-0.170318603515625 0.42095947265625 0.05694580078125 -0.265914916992188
-0.421051025390625 0.34100341796875 0.174301147460938 -0.180831909179687
-0.4862060546875 0.188934326171875 0.259063720703125 -0.0958099365234375
-0.422943115234375 0.2557373046875 -0.397796630859375 -0.0673828124999999
-0.257537841796875 0.36773681640625 -0.271286010742188 0.07177734375
-0.05181884765625 0.378448486328125 -0.104454040527344 0.0702438354492188
0.159912109375 0.29278564453125 -0.0872573852539062 0.00448608398437501
0.261428833007813 0.147232055664063 -0.156051635742187 0.02813720703125
0.31451416015625 -0.0323486328125 -0.164276123046875 0.0809173583984375
0.268508911132813 -0.126113891601563 -0.146759033203125 0.145248413085937
0.257064819335938 -0.1168212890625 -0.15643310546875 0.1719970703125
0.299652099609375 -0.1175537109375 -0.21270751953125 0.151962280273438
0.314300537109375 -0.01025390625 -0.253372192382813 0.048583984375
0.267898559570313 0.168365478515625 -0.25921630859375 -0.069244384765625
0.16021728515625 0.288604736328125 -0.150390625 -0.183929443359375
-0.136383056640625 0.350250244140625 0.011260986328125 -0.228424072265625
-0.345794677734375 0.3126220703125 0.0823822021484375 -0.089599609375
-0.4190673828125 0.20880126953125 0.0829696655273437 -0.053466796875
-0.27667236328125 0.26947021484375 -0.497283935546875 -0.0187988281249999
-0.12109375 0.30877685546875 -0.3089599609375 0.111724853515625
0.02764892578125 0.256759643554687 -0.107582092285156 0.072021484375
0.132217407226563 0.158599853515625 -0.123008728027344 -0.0132522583007812
0.168716430664062 0.064666748046875 -0.200515747070312 0.024749755859375
0.1898193359375 -0.030517578125 -0.230087280273438 0.112701416015625
0.16162109375 -0.0706329345703125 -0.210830688476562 0.20208740234375
0.160140991210938 -0.0688934326171875 -0.208953857421875 0.2353515625
0.191207885742188 -0.0618438720703125 -0.270050048828125 0.206695556640625
0.182815551757813 0.010986328125 -0.3251953125 0.07830810546875
0.14385986328125 0.111846923828125 -0.300262451171875 -0.058441162109375
0.083038330078125 0.167495727539063 -0.170791625976562 -0.173385620117188
-0.082611083984375 0.203445434570313 -0.0146484375 -0.177780151367187
-0.204483032226563 0.217498779296875 0.0089893341064453 -0.00758743286132811
-0.272567749023438 0.19012451171875 -0.0653152465820313 -0.0136337280273437
-0.098419189453125 0.2469482421875 -0.559478759765625 0.033477783203125
0.015869140625 0.216354370117188 -0.3328857421875 0.15118408203125
0.102272033691406 0.119453430175781 -0.1053466796875 0.090087890625
0.0969696044921875 0.0144577026367188 -0.135292053222656 -0.00507354736328123
0.0626220703125 -0.025115966796875 -0.20269775390625 0.0318603515625
0.0424728393554688 -0.0290031433105469 -0.24835205078125 0.13262939453125
0.0314159393310547 -0.00785064697265625 -0.2359619140625 0.22900390625
0.0395736694335937 -0.0130195617675781 -0.229934692382813 0.2633056640625
0.0555610656738281 0.00156784057617188 -0.293914794921875 0.225006103515625
0.0255947113037109 0.0299167633056641 -0.353790283203125 0.083709716796875
0.000885009765624997 0.04046630859375 -0.29937744140625 -0.058380126953125
-0.00100517272949219 0.0239143371582031 -0.160263061523438 -0.164276123046875
-0.0137577056884766 0.0310287475585938 -0.0151214599609375 -0.130615234375
-0.0273361206054688 0.0934677124023437 -0.0289955139160156 0.0467643737792969
-0.0782623291015625 0.147659301757813 -0.15887451171875 0.0190887451171875
-0.151031494140625 -0.101531982421875 0.180648803710937 -0.111297607421875
-0.186264038085938 0.05401611328125 0.02099609375 -0.07489013671875
-0.048095703125 0.160934448242188 -0.0276031494140625 0.110702514648438
0.0942840576171875 0.120948791503906 0.14251708984375 0.177642822265625
0.126113891601563 0.040252685546875 0.268234252929687 0.0742034912109375
0.114128112792969 -0.0542831420898438 0.337066650390625 -0.1209716796875
0.0926742553710938 -0.0942001342773438 0.2891845703125 -0.25897216796875
0.0903396606445313 -0.06396484375 0.216567993164063 -0.27252197265625
0.103935241699219 -0.0540847778320313 0.220046997070313 -0.230606079101563
0.114616394042969 0.0178070068359375 0.248703002929687 -0.130462646484375
0.0609130859375 0.0900039672851563 0.178009033203125 -0.0669097900390625
-0.0363082885742188 0.106605529785156 0.119331359863281 -0.0497665405273438
-0.130126953125 0.018157958984375 0.177505493164063 -0.13262939453125
-0.130714416503906 -0.110366821289063 0.356536865234375 -0.236724853515625
-0.046173095703125 -0.172103881835938 0.6522216796875 -0.04656982421875
-0.351287841796875 -0.0240478515625 0.127059936523437 -0.128715515136719
-0.321319580078125 0.17645263671875 -0.00851440429687502 -0.0722503662109375
-0.116729736328125 0.303131103515625 -0.045684814453125 0.0957260131835938
0.129714965820313 0.256759643554688 0.108047485351563 0.15618896484375
0.229217529296875 0.119659423828125 0.2047119140625 0.079254150390625
0.256332397460938 -0.058624267578125 0.276016235351563 -0.0890045166015625
0.216827392578125 -0.151596069335938 0.243927001953125 -0.206146240234375
0.206924438476563 -0.118789672851562 0.1729736328125 -0.2193603515625
0.237991333007813 -0.110580444335937 0.163482666015625 -0.189178466796875
0.25439453125 0.0059814453125 0.1888427734375 -0.120040893554688
0.17950439453125 0.15460205078125 0.116806030273438 -0.085662841796875
0.0330657958984375 0.221817016601563 0.0848922729492188 -0.0917816162109375
-0.180709838867188 0.158843994140625 0.166976928710937 -0.19110107421875
-0.270751953125 0.0233917236328126 0.355133056640625 -0.27557373046875
-0.231170654296875 -0.0784912109375 0.64617919921875 -0.1929931640625
-0.50164794921875 0.139556884765625 -0.00101470947265628 -0.140304565429687
-0.376312255859375 0.35369873046875 -0.0765380859375 -0.0404205322265625
-0.10113525390625 0.450439453125 -0.050048828125 0.10150146484375
0.2159423828125 0.348175048828125 0.091705322265625 0.118087768554688
0.342926025390625 0.141571044921875 0.139556884765625 0.0560989379882813
0.365386962890625 -0.11468505859375 0.1802978515625 -0.0793304443359375
0.288482666015625 -0.241302490234375 0.148605346679688 -0.15631103515625
0.276504516601563 -0.206161499023438 0.0838775634765625 -0.152542114257813
0.32208251953125 -0.209930419921875 0.0624771118164063 -0.130104064941406
0.370819091796875 -0.06689453125 0.0820846557617188 -0.110237121582031
0.320770263671875 0.162139892578125 0.0154876708984375 -0.10491943359375
0.161956787109375 0.309722900390625 0.013336181640625 -0.145309448242187
-0.166168212890625 0.338165283203125 0.113265991210937 -0.273513793945313
-0.368499755859375 0.230194091796875 0.294464111328125 -0.340850830078125
-0.39678955078125 0.0840454101562499 0.566650390625 -0.20953369140625
-0.55743408203125 0.223663330078125 -0.140960693359375 -0.108657836914062
-0.39459228515625 0.4248046875 -0.143875122070313 0.00785827636718751
-0.108306884765625 0.50927734375 -0.0670623779296875 0.098114013671875
0.228424072265625 0.404052734375 0.0348968505859375 0.0850677490234375
0.379119873046875 0.180328369140625 0.0374603271484375 0.0583648681640625
0.421417236328125 -0.096832275390625 0.0679588317871094 -0.01080322265625
0.34027099609375 -0.24151611328125 0.0604743957519531 -0.0393409729003906
0.324066162109375 -0.208404541015625 0.0136280059814453 -0.0277309417724609
0.375274658203125 -0.2177734375 -0.0240001678466797 -0.0186271667480469
0.425201416015625 -0.067596435546875 -0.0280418395996094 -0.0462875366210938
0.380035400390625 0.187347412109375 -0.0879669189453125 -0.0901107788085937
0.220245361328125 0.36505126953125 -0.053070068359375 -0.169509887695312
-0.167724609375 0.43927001953125 0.077880859375 -0.289947509765625
-0.427154541015625 0.347412109375 0.242279052734375 -0.287261962890625
-0.490020751953125 0.177703857421875 0.43035888671875 -0.16827392578125
-0.5374755859375 0.244384765625 -0.2789306640625 -0.0821990966796875
-0.3660888671875 0.418792724609375 -0.211868286132813 0.04949951171875
-0.108489990234375 0.484588623046875 -0.0859909057617187 0.0883941650390625
0.198028564453125 0.39532470703125 -0.0288047790527344 0.0451927185058594
0.348388671875 0.194610595703125 -0.0686759948730468 0.0492630004882813
0.40960693359375 -0.057861328125 -0.0542144775390625 0.04736328125
0.341888427734375 -0.193817138671875 -0.043243408203125 0.0678291320800781
0.32305908203125 -0.173858642578125 -0.0693893432617188 0.0878677368164062
0.3760986328125 -0.181884765625 -0.120292663574219 0.0848617553710937
0.414093017578125 -0.0430908203125 -0.146804809570312 0.0147857666015625
0.365997314453125 0.199859619140625 -0.188629150390625 -0.0724639892578125
0.21929931640625 0.369873046875 -0.113571166992188 -0.180282592773437
-0.16998291015625 0.45166015625 0.0400390625 -0.270950317382812
-0.43597412109375 0.373504638671875 0.166534423828125 -0.189132690429687
-0.511322021484375 0.210784912109375 0.254653930664062 -0.104507446289062
-0.441131591796875 0.27386474609375 -0.412811279296875 -0.041046142578125
-0.26446533203125 0.391082763671875 -0.27227783203125 0.0969390869140626
-0.049072265625 0.403228759765625 -0.0966949462890625 0.0832977294921875
0.174346923828125 0.3089599609375 -0.0843658447265625 0.0113449096679688
0.283172607421875 0.1488037109375 -0.153976440429687 0.039581298828125
0.333740234375 -0.042755126953125 -0.161087036132812 0.09381103515625
0.28173828125 -0.144012451171875 -0.138626098632813 0.155776977539063
0.2686767578125 -0.132583618164063 -0.145980834960937 0.184234619140625
0.314971923828125 -0.136077880859375 -0.206024169921875 0.172882080078125
0.334503173828125 -0.020172119140625 -0.254669189453125 0.0688323974609375
0.289154052734375 0.172210693359375 -0.270858764648438 -0.051422119140625
0.174896240234375 0.303009033203125 -0.166046142578125 -0.174957275390625
-0.13848876953125 0.374725341796875 -0.00404357910156248 -0.229248046875
-0.35943603515625 0.337158203125 0.0740432739257812 -0.090484619140625
-0.4398193359375 0.222686767578125 0.0703125 -0.0561752319335937
-0.2852783203125 0.2784423828125 -0.520660400390625 0.00811767578125007
-0.12646484375 0.31890869140625 -0.3155517578125 0.140899658203125
0.0258026123046875 0.269607543945312 -0.10125732421875 0.0846786499023438
0.136550903320313 0.17144775390625 -0.122718811035156 -0.00618743896484376
0.180892944335937 0.0706024169921875 -0.20269775390625 0.035430908203125
0.205581665039063 -0.0317535400390625 -0.230117797851562 0.129196166992188
0.175674438476562 -0.0792083740234375 -0.207077026367188 0.217742919921875
0.171279907226563 -0.0770263671875 -0.200347900390625 0.25213623046875
0.206283569335938 -0.0715179443359375 -0.266143798828125 0.231216430664062
0.200027465820313 0.0104522705078125 -0.330047607421875 0.102935791015625
0.156951904296875 0.12249755859375 -0.313446044921875 -0.041107177734375
0.0885467529296875 0.18048095703125 -0.186080932617188 -0.165695190429688
-0.092193603515625 0.218109130859375 -0.026641845703125 -0.175888061523438
-0.217514038085938 0.22796630859375 0.00133228302001952 -0.00361156463623045
-0.286163330078125 0.193756103515625 -0.0853424072265625 -0.01287841796875
-0.0961456298828125 0.246109008789063 -0.588134765625 0.06195068359375
0.0150604248046875 0.21282958984375 -0.342254638671875 0.180877685546875
0.0982208251953125 0.117851257324219 -0.10040283203125 0.102409362792969
0.0907974243164063 0.0201950073242188 -0.136184692382813 0.00118255615234373
0.0634117126464844 -0.017578125 -0.2069091796875 0.039459228515625
0.0516738891601563 -0.0220794677734375 -0.250839233398437 0.147109985351563
0.0434646606445313 -0.00506973266601563 -0.235549926757812 0.248031616210938
0.0486602783203125 -0.011871337890625 -0.225067138671875 0.2821044921875
0.0683631896972656 0.00188446044921875 -0.293975830078125 0.250640869140625
0.0383148193359375 0.0384254455566406 -0.36224365234375 0.108734130859375
0.00618362426757812 0.0551719665527344 -0.313568115234375 -0.043426513671875
-0.0048828125 0.0355072021484375 -0.175094604492187 -0.158523559570313
-0.0267925262451172 0.0345954895019531 -0.0244979858398437 -0.1292724609375
-0.03778076171875 0.0897216796875 -0.0370712280273438 0.0504684448242188
-0.08355712890625 0.141586303710938 -0.18353271484375 0.0198516845703125
-0.153060913085938 -0.0811920166015625 0.197311401367188 -0.118606567382813
-0.1717529296875 0.0733184814453125 0.0296554565429687 -0.078643798828125
-0.028656005859375 0.159317016601563 -0.0163955688476563 0.109565734863281
0.104354858398438 0.104629516601563 0.156463623046875 0.167938232421875
0.126693725585938 0.0241546630859375 0.2779541015625 0.0568389892578125
0.101982116699219 -0.0654830932617188 0.33343505859375 -0.145172119140625
0.0777511596679687 -0.103248596191406 0.27734375 -0.282501220703125
0.0780487060546875 -0.0747222900390625 0.204315185546875 -0.2908935546875
0.091949462890625 -0.0672683715820313 0.211746215820313 -0.249114990234375
0.111618041992188 0.00148773193359375 0.2474365234375 -0.149322509765625
0.0695648193359375 0.0775604248046875 0.177734375 -0.07598876953125
-0.0227813720703125 0.105918884277344 0.115486145019531 -0.0550155639648437
-0.120849609375 0.0320816040039062 0.167373657226563 -0.14971923828125
-0.134941101074219 -0.0913162231445313 0.346923828125 -0.265380859375
-0.060150146484375 -0.158126831054688 0.66522216796875 -0.08819580078125
-0.355224609375 0.00805664062499995 0.141632080078125 -0.1292724609375
-0.303314208984375 0.204925537109375 0.000762939453124974 -0.0722274780273437
-0.09161376953125 0.31085205078125 -0.034637451171875 0.0969390869140625
0.148239135742187 0.243194580078125 0.121658325195313 0.149978637695313
0.237533569335938 0.099365234375 0.215927124023438 0.06732177734375
0.248001098632813 -0.079193115234375 0.276931762695313 -0.107467651367188
0.201889038085937 -0.171661376953125 0.237396240234375 -0.227386474609375
0.1944580078125 -0.137924194335938 0.1661376953125 -0.235946655273437
0.227264404296875 -0.13470458984375 0.161117553710938 -0.201141357421875
0.256103515625 -0.0187530517578125 0.1910400390625 -0.13323974609375
0.19659423828125 0.138961791992187 0.115264892578125 -0.0889739990234375
0.054656982421875 0.2227783203125 0.0779190063476563 -0.0927658081054687
-0.16815185546875 0.181640625 0.15191650390625 -0.206405639648438
-0.273696899414063 0.0545196533203125 0.340667724609375 -0.30267333984375
-0.248367309570313 -0.0543670654296875 0.648193359375 -0.23309326171875
-0.499908447265625 0.18243408203125 0.0109939575195312 -0.134117126464844
-0.3514404296875 0.38653564453125 -0.0648612976074219 -0.0362586975097656
-0.0692138671875 0.463531494140625 -0.0364990234375 0.103530883789063
0.23956298828125 0.3345947265625 0.104049682617188 0.111930847167969
0.35455322265625 0.116485595703125 0.150650024414063 0.0486907958984375
0.357452392578125 -0.1409912109375 0.18389892578125 -0.0919342041015625
0.271148681640625 -0.26702880859375 0.146652221679688 -0.172256469726563
0.261962890625 -0.23065185546875 0.082733154296875 -0.163421630859375
0.307373046875 -0.240631103515625 0.0649795532226563 -0.135185241699219
0.371795654296875 -0.098724365234375 0.0855789184570313 -0.115478515625
0.342041015625 0.139404296875 0.012054443359375 -0.100440979003906
0.1898193359375 0.306396484375 0.0025177001953125 -0.13970947265625
-0.146240234375 0.36444091796875 0.090118408203125 -0.2813720703125
-0.363525390625 0.27008056640625 0.27392578125 -0.36126708984375
-0.408203125 0.1182861328125 0.561981201171875 -0.2401123046875
-0.557037353515625 0.26544189453125 -0.131858825683594 -0.0906524658203125
-0.371612548828125 0.45928955078125 -0.130889892578125 0.0202178955078125
-0.076690673828125 0.52813720703125 -0.0534133911132813 0.102699279785156
0.256988525390625 0.395599365234375 0.0459671020507813 0.083984375
0.39727783203125 0.15643310546875 0.0489044189453125 0.0584564208984375
0.421600341796875 -0.1260986328125 0.07635498046875 -0.0136947631835938
0.328765869140625 -0.270538330078125 0.0660591125488281 -0.0480613708496094
0.313323974609375 -0.23736572265625 0.020925521850586 -0.03302001953125
0.366455078125 -0.2510986328125 -0.0142536163330078 -0.0157489776611328
0.42913818359375 -0.10028076171875 -0.0221290588378906 -0.0416336059570313
0.403778076171875 0.165313720703125 -0.0924148559570312 -0.0771636962890625
0.251617431640625 0.362579345703125 -0.0665740966796875 -0.158935546875
-0.145294189453125 0.4677734375 0.054168701171875 -0.293548583984375
-0.420928955078125 0.38739013671875 0.2239990234375 -0.299713134765625
-0.49896240234375 0.214202880859375 0.421783447265625 -0.190399169921875
-0.540130615234375 0.28143310546875 -0.27728271484375 -0.0546722412109375
-0.351287841796875 0.4512939453125 -0.200881958007813 0.06982421875
-0.0821228027343751 0.5078125 -0.0718765258789063 0.0959701538085938
0.22650146484375 0.39697265625 -0.0204811096191406 0.048675537109375
0.371826171875 0.176666259765625 -0.0583343505859375 0.0567588806152344
0.417816162109375 -0.084503173828125 -0.0442924499511718 0.0538749694824219
0.338043212890625 -0.223297119140625 -0.0329475402832031 0.0682601928710937
0.319366455078125 -0.2003173828125 -0.056671142578125 0.0901641845703125
0.373687744140625 -0.21295166015625 -0.105743408203125 0.0973281860351563
0.42279052734375 -0.0712890625 -0.139678955078125 0.0298309326171875
0.39129638671875 0.1839599609375 -0.193710327148437 -0.0535125732421875
0.24652099609375 0.36920166015625 -0.129241943359375 -0.16571044921875
-0.15093994140625 0.477996826171875 0.0179443359375 -0.269271850585937
-0.4295654296875 0.412567138671875 0.1514892578125 -0.19488525390625
-0.519012451171875 0.24224853515625 0.243255615234375 -0.114990234375
-0.443023681640625 0.301055908203125 -0.418609619140625 -0.00503540039062507
-0.25384521484375 0.41339111328125 -0.263153076171875 0.124526977539063
-0.03265380859375 0.423614501953125 -0.0841827392578125 0.0927886962890625
0.195159912109375 0.314483642578125 -0.0793914794921875 0.01788330078125
0.302032470703125 0.138916015625 -0.147567749023437 0.051300048828125
0.34490966796875 -0.062042236328125 -0.151016235351562 0.107635498046875
0.284576416015625 -0.16668701171875 -0.125930786132812 0.164474487304688
0.270065307617188 -0.1536865234375 -0.129608154296875 0.194259643554688
0.3179931640625 -0.16119384765625 -0.188156127929688 0.19219970703125
0.34576416015625 -0.040008544921875 -0.246231079101562 0.0916290283203125
0.311004638671875 0.164276123046875 -0.276123046875 -0.02777099609375
0.19561767578125 0.304931640625 -0.180557250976563 -0.1590576171875
-0.129119873046875 0.395111083984375 -0.022186279296875 -0.223556518554688
-0.35614013671875 0.364044189453125 0.0638885498046875 -0.0890121459960937
-0.444244384765625 0.2470703125 0.0550003051757812 -0.05670166015625
-0.281951904296875 0.289703369140625 -0.531463623046875 0.049072265625
-0.121185302734375 0.327728271484375 -0.3082275390625 0.172027587890625
0.0312957763671875 0.2796630859375 -0.0908966064453125 0.0963668823242188
0.145217895507813 0.178070068359375 -0.1202392578125 0.00294494628906253
0.19244384765625 0.0683441162109375 -0.199432373046875 0.0494384765625
0.217361450195313 -0.040313720703125 -0.221633911132813 0.14642333984375
0.183319091796875 -0.0919189453125 -0.193679809570313 0.2332763671875
0.176116943359375 -0.08941650390625 -0.183151245117188 0.266754150390625
0.213211059570313 -0.0869140625 -0.248794555664063 0.25518798828125
0.213958740234375 0.0020904541015625 -0.322845458984375 0.1317138671875
0.173599243164063 0.12457275390625 -0.31866455078125 -0.0156249999999999
0.098358154296875 0.188156127929688 -0.200057983398437 -0.149658203125
-0.0923614501953125 0.231979370117188 -0.0404052734375 -0.169143676757812
-0.219390869140625 0.241790771484375 -0.00554895401000978 0.000703811645507828
-0.290069580078125 0.20458984375 -0.103744506835938 -0.00640869140625
-0.08721923828125 0.242523193359375 -0.59954833984375 0.10430908203125
0.017181396484375 0.20684814453125 -0.33642578125 0.214385986328125
0.0949859619140625 0.114959716796875 -0.0904083251953125 0.113578796386719
0.0865554809570313 0.0246810913085938 -0.13409423828125 0.010284423828125
0.0642852783203125 -0.0127067565917969 -0.206085205078125 0.0518341064453125
0.0609359741210938 -0.0186195373535156 -0.244720458984375 0.16534423828125
0.0543022155761719 -0.00704574584960938 -0.22412109375 0.266036987304688
0.0566520690917969 -0.0132408142089844 -0.20904541015625 0.30072021484375
0.0786285400390625 -0.00174713134765625 -0.279464721679688 0.277130126953125
0.0527000427246094 0.0414390563964844 -0.3590087890625 0.13909912109375
0.0163459777832031 0.0667877197265625 -0.320465087890625 -0.019378662109375
-0.00562286376953125 0.0465774536132813 -0.188858032226563 -0.14532470703125
-0.036956787109375 0.0415267944335938 -0.034515380859375 -0.123847961425781
-0.045867919921875 0.0888824462890625 -0.0420608520507813 0.0553398132324219
-0.0852584838867187 0.136833190917969 -0.203933715820312 0.029144287109375
-0.1474609375 -0.0615234375 0.20794677734375 -0.125534057617188
-0.151458740234375 0.0850372314453125 0.0357666015625 -0.0813217163085938
-0.0115509033203125 0.151809692382812 -0.00676727294921876 0.104522705078125
0.107574462890625 0.0867462158203125 0.164093017578125 0.154327392578125
0.121284484863281 0.0096893310546875 0.276824951171875 0.038238525390625
0.0881195068359375 -0.0718154907226563 0.3201904296875 -0.163848876953125
0.0609970092773438 -0.106719970703125 0.257965087890625 -0.2957763671875
0.0642013549804688 -0.0796356201171875 0.18621826171875 -0.29888916015625
0.0775222778320313 -0.074981689453125 0.196426391601562 -0.259567260742188
0.10443115234375 -0.011627197265625 0.23883056640625 -0.16436767578125
0.0731582641601563 0.0635833740234375 0.17193603515625 -0.082794189453125
-0.0104904174804687 0.100563049316406 0.109954833984375 -0.05828857421875
-0.107917785644531 0.0408248901367187 0.151031494140625 -0.160018920898438
-0.132843017578125 -0.0730438232421875 0.326080322265625 -0.284759521484375
-0.0692901611328125 -0.140457153320312 0.65643310546875 -0.1248779296875
-0.345947265625 0.0363769531250001 0.152664184570313 -0.13031005859375
-0.277130126953125 0.221832275390625 0.00872039794921874 -0.0724716186523437
-0.06646728515625 0.307891845703125 -0.0235519409179688 0.0935287475585938
0.158370971679688 0.223785400390625 0.130203247070313 0.138763427734375
0.235809326171875 0.07843017578125 0.219940185546875 0.0534515380859375
0.232879638671875 -0.0936431884765625 0.269760131835938 -0.12213134765625
0.181121826171875 -0.181915283203125 0.223251342773437 -0.241836547851562
0.177093505859375 -0.15008544921875 0.153701782226563 -0.243667602539062
0.208984375 -0.15093994140625 0.152236938476563 -0.208251953125
0.249221801757812 -0.0407562255859375 0.185760498046875 -0.143600463867188
0.205612182617188 0.119415283203125 0.109710693359375 -0.0904083251953125
0.0729217529296875 0.215255737304688 0.0696487426757813 -0.090972900390625
-0.150482177734375 0.195770263671875 0.133010864257812 -0.2115478515625
-0.267059326171875 0.0807952880859375 0.318511962890625 -0.317535400390625
-0.253250122070313 -0.0296478271484375 0.6312255859375 -0.26470947265625
-0.483001708984375 0.21343994140625 0.0242996215820312 -0.128211975097656
-0.318450927734375 0.40142822265625 -0.0534095764160156 -0.0347213745117187
-0.0384521484375 0.4595947265625 -0.024261474609375 0.099609375
0.2545166015625 0.31353759765625 0.112579345703125 0.103256225585938
0.353851318359375 0.08978271484375 0.156570434570313 0.0380401611328125
0.34027099609375 -0.1597900390625 0.18133544921875 -0.102081298828125
0.24700927734375 -0.280654907226563 0.13818359375 -0.183303833007813
0.240310668945312 -0.2451171875 0.0774993896484375 -0.169769287109375
0.284637451171875 -0.260467529296875 0.0654525756835938 -0.138465881347656
0.359771728515625 -0.12451171875 0.0842361450195313 -0.119438171386719
0.349822998046875 0.11383056640625 0.00878143310546876 -0.0935821533203125
0.210205078125 0.292449951171875 -0.006195068359375 -0.130653381347656
-0.1209716796875 0.37750244140625 0.0673828125 -0.27789306640625
-0.345794677734375 0.2984619140625 0.24853515625 -0.36846923828125
-0.403045654296875 0.148468017578125 0.543487548828125 -0.263519287109375
-0.5390625 0.29925537109375 -0.117599487304688 -0.0756378173828125
-0.3382568359375 0.4775390625 -0.116165161132813 0.02685546875
-0.043121337890625 0.5302734375 -0.0387725830078125 0.101219177246094
0.277191162109375 0.377838134765625 0.0548782348632813 0.0786285400390625
0.402069091796875 0.127593994140625 0.0576858520507813 0.0534896850585938
0.408416748046875 -0.151702880859375 0.0816726684570313 -0.0188140869140625
0.307220458984375 -0.2889404296875 0.0672454833984375 -0.0561752319335938
0.293548583984375 -0.254364013671875 0.0250434875488281 -0.0374565124511719
0.346038818359375 -0.273681640625 -0.00489139556884764 -0.0143394470214844
0.4212646484375 -0.127349853515625 -0.01593017578125 -0.0385932922363281
0.41412353515625 0.139862060546875 -0.0917205810546875 -0.0638198852539063
0.271820068359375 0.34783935546875 -0.0749359130859374 -0.143905639648437
-0.119720458984375 0.4791259765625 0.031890869140625 -0.285888671875
-0.3988037109375 0.417816162109375 0.200592041015625 -0.302215576171875
-0.491455078125 0.242919921875 0.4029541015625 -0.203765869140625
-0.526611328125 0.30889892578125 -0.265304565429688 -0.0297088623046875
-0.326629638671875 0.467803955078125 -0.183319091796875 0.083587646484375
-0.054534912109375 0.515045166015625 -0.058135986328125 0.0980453491210938
0.24658203125 0.3848876953125 -0.0119361877441406 0.0494308471679688
0.380523681640625 0.154266357421875 -0.0480804443359375 0.0594482421875
0.410675048828125 -0.108734130859375 -0.033233642578125 0.0565109252929688
0.324005126953125 -0.2440185546875 -0.0228538513183594 0.0655708312988281
0.305450439453125 -0.21881103515625 -0.0439529418945312 0.0875930786132812
0.359344482421875 -0.237030029296875 -0.0889511108398437 0.103858947753906
0.41864013671875 -0.095916748046875 -0.127548217773437 0.0395965576171875
0.402435302734375 0.162078857421875 -0.1904296875 -0.03399658203125
0.2652587890625 0.357177734375 -0.136917114257812 -0.147735595703125
-0.128021240234375 0.490875244140625 -0.000961303710937533 -0.25909423828125
-0.409332275390625 0.438140869140625 0.134918212890625 -0.193893432617187
-0.510650634765625 0.267578125 0.22735595703125 -0.12042236328125
-0.4307861328125 0.31793212890625 -0.407745361328125 0.027435302734375
-0.23809814453125 0.42486572265625 -0.245376586914063 0.144241333007813
-0.01531982421875 0.4290771484375 -0.071533203125 0.097747802734375
0.2108154296875 0.3101806640625 -0.0719680786132812 0.0225372314453125
0.311126708984375 0.123870849609375 -0.136573791503906 0.06085205078125
0.345123291015625 -0.080902099609375 -0.13677978515625 0.116256713867188
0.277008056640625 -0.185302734375 -0.110946655273438 0.1671142578125
0.261337280273438 -0.169754028320313 -0.111175537109375 0.195388793945312
0.30999755859375 -0.181060791015625 -0.166824340820312 0.202224731445313
0.34686279296875 -0.059722900390625 -0.2305908203125 0.10809326171875
0.32281494140625 0.150543212890625 -0.270751953125 -0.00538635253906245
0.20977783203125 0.2982177734375 -0.187240600585938 -0.139236450195312
-0.113494873046875 0.405242919921875 -0.036468505859375 -0.21099853515625
-0.341278076171875 0.3818359375 0.0542984008789062 -0.0851821899414062
-0.43817138671875 0.262908935546875 0.0408248901367187 -0.0531730651855469
-0.273162841796875 0.294525146484375 -0.5220947265625 0.0860595703125
-0.1131591796875 0.3280029296875 -0.291107177734375 0.194305419921875
0.037811279296875 0.283050537109375 -0.0787277221679688 0.101921081542969
0.151504516601563 0.1796875 -0.114677429199219 0.00960540771484376
0.197906494140625 0.06329345703125 -0.190261840820313 0.0609588623046875
0.222183227539063 -0.0505218505859375 -0.206573486328125 0.158416748046875
0.184188842773438 -0.104095458984375 -0.175613403320312 0.240829467773438
0.175094604492188 -0.0985260009765625 -0.160903930664063 0.272232055664063
0.213333129882813 -0.10003662109375 -0.224761962890625 0.2677001953125
0.220626831054688 -0.00909423828125 -0.30517578125 0.1524658203125
0.185302734375 0.120086669921875 -0.31292724609375 0.00802612304687495
0.106491088867188 0.18914794921875 -0.205245971679688 -0.130447387695313
-0.087921142578125 0.241165161132813 -0.0501861572265625 -0.15740966796875
-0.21490478515625 0.250213623046875 -0.00978851318359377 0.00630474090576173
-0.28546142578125 0.208892822265625 -0.116744995117188 0.00300598144531251
-0.079193115234375 0.233047485351563 -0.5924072265625 0.141845703125
0.0180816650390625 0.197463989257813 -0.31988525390625 0.237060546875
0.0895538330078125 0.111068725585938 -0.07867431640625 0.119361877441406
0.0826492309570313 0.0299148559570313 -0.129013061523438 0.0175323486328125
0.0646896362304688 -0.0079498291015625 -0.198577880859375 0.0622406005859375
0.0686416625976563 -0.0180778503417969 -0.231903076171875 0.176666259765625
0.0627861022949219 -0.0103187561035156 -0.207855224609375 0.2763671875
0.0627403259277344 -0.0155754089355469 -0.18798828125 0.3079833984375
0.086151123046875 -0.0075836181640625 -0.25604248046875 0.291961669921875
0.0648574829101563 0.0397377014160156 -0.342681884765625 0.163360595703125
0.0266571044921875 0.0737457275390625 -0.316314697265625 0.00335693359375004
-0.00350189208984376 0.0559539794921875 -0.1951904296875 -0.127822875976563
-0.0436515808105469 0.0490188598632812 -0.0422897338867188 -0.115318298339844
-0.052001953125 0.0874862670898438 -0.0450248718261719 0.0600776672363281
-0.0856552124023437 0.129585266113281 -0.216476440429688 0.041534423828125
-0.1383056640625 -0.0491104125976562 0.216522216796875 -0.129180908203125
-0.134048461914063 0.0884857177734375 0.0415573120117187 -0.0837783813476563
-0.00117492675781249 0.141860961914063 -0.000701904296875005 0.097930908203125
0.105125427246094 0.0720291137695312 0.16510009765625 0.14276123046875
0.113571166992187 0.00067138671875 0.271163940429687 0.02618408203125
0.07635498046875 -0.0729141235351563 0.305755615234375 -0.170806884765625
0.0479202270507813 -0.104904174804688 0.2418212890625 -0.2989501953125
0.052276611328125 -0.080291748046875 0.17236328125 -0.297454833984375
0.0644683837890625 -0.0768280029296875 0.18499755859375 -0.26068115234375
0.0956039428710937 -0.0207748413085938 0.229049682617188 -0.169509887695313
0.0723037719726563 0.0524139404296875 0.166473388671875 -0.0850830078125
-0.00328826904296875 0.0941314697265625 0.1055908203125 -0.0578231811523437
-0.0957565307617188 0.0440292358398437 0.138351440429688 -0.162673950195312
-0.126449584960938 -0.059844970703125 0.30938720703125 -0.289794921875
-0.0705184936523437 -0.123863220214844 0.642578125 -0.140869140625
-0.3323974609375 0.05181884765625 0.163619995117188 -0.129226684570313
-0.253753662109375 0.22650146484375 0.01593017578125 -0.0735092163085937
-0.0511474609375 0.299163818359375 -0.0165328979492188 0.0875015258789063
0.158782958984375 0.2073974609375 0.132965087890625 0.129707336425781
0.228683471679687 0.0653076171875 0.218582153320313 0.043243408203125
0.219589233398438 -0.0990142822265625 0.261184692382813 -0.129669189453125
0.164306640625 -0.184036254882813 0.212249755859375 -0.245346069335938
0.162124633789063 -0.15411376953125 0.145751953125 -0.243865966796875
0.192352294921875 -0.157318115234375 0.1461181640625 -0.209335327148438
0.23870849609375 -0.053497314453125 0.180496215820313 -0.147689819335938
0.206939697265625 0.104400634765625 0.107124328613281 -0.08831787109375
0.08270263671875 0.207534790039063 0.0657424926757813 -0.0864105224609375
-0.135498046875 0.2010498046875 0.11810302734375 -0.2105712890625
-0.257919311523438 0.0968780517578125 0.300567626953125 -0.31884765625
-0.25286865234375 -0.011383056640625 0.614013671875 -0.2730712890625
-0.4632568359375 0.227325439453125 0.0381317138671875 -0.123825073242188
-0.29107666015625 0.40191650390625 -0.0433158874511719 -0.0347061157226562
-0.02130126953125 0.447845458984375 -0.0167922973632813 0.0937881469726563
0.255615234375 0.295166015625 0.115386962890625 0.0950851440429688
0.345489501953125 0.074005126953125 0.158065795898438 0.0298614501953125
0.323822021484375 -0.166961669921875 0.178497314453125 -0.10693359375
0.227081298828125 -0.283172607421875 0.1317138671875 -0.187164306640625
0.222396850585938 -0.247695922851563 0.0743865966796875 -0.170501708984375
0.2645263671875 -0.267623901367188 0.0662460327148438 -0.138984680175781
0.344940185546875 -0.138671875 0.0847549438476563 -0.121475219726563
0.349609375 0.0968017578125 0.00910186767578126 -0.0872879028320312
0.219207763671875 0.281097412109375 -0.00966644287109374 -0.1207275390625
-0.104156494140625 0.3795166015625 0.052825927734375 -0.269622802734375
-0.33013916015625 0.31280517578125 0.229827880859375 -0.3626708984375
-0.39630126953125 0.164398193359375 0.525238037109375 -0.2685546875
-0.522552490234375 0.310638427734375 -0.100845336914063 -0.0666046142578125
-0.31494140625 0.476470947265625 -0.102218627929688 0.0290985107421875
-0.0250244140625 0.52362060546875 -0.0296859741210938 0.0965576171875
0.283782958984375 0.36181640625 0.0602264404296875 0.073699951171875
0.396728515625 0.111480712890625 0.0644264221191407 0.0489273071289063
0.394622802734375 -0.162139892578125 0.0856475830078125 -0.022796630859375
0.288421630859375 -0.2947998046875 0.0682106018066407 -0.0607719421386719
0.27801513671875 -0.261367797851563 0.0282020568847656 -0.0410728454589844
0.3284912109375 -0.283538818359375 0.00342082977294924 -0.0149936676025391
0.409088134765625 -0.14166259765625 -0.00994491577148435 -0.0383071899414063
0.415130615234375 0.120819091796875 -0.0883026123046875 -0.0543136596679687
0.279815673828125 0.334320068359375 -0.0772705078125 -0.131034851074219
-0.103973388671875 0.480865478515625 0.01953125 -0.2735595703125
-0.382049560546875 0.429229736328125 0.184814453125 -0.294952392578125
-0.48193359375 0.256256103515625 0.387115478515625 -0.205230712890625
-0.51434326171875 0.317413330078125 -0.2486572265625 -0.0143585205078125
-0.308624267578125 0.46875 -0.168014526367188 0.09014892578125
-0.039031982421875 0.51239013671875 -0.0485992431640625 0.09588623046875
0.2535400390625 0.374267578125 -0.00571823120117186 0.0477485656738282
0.379486083984375 0.1402587890625 -0.0388221740722656 0.0588111877441406
0.4039306640625 -0.121612548828125 -0.0233535766601562 0.0550994873046875
0.30999755859375 -0.252716064453125 -0.0165824890136719 0.0614662170410156
0.2930908203125 -0.22607421875 -0.0348434448242187 0.0837554931640625
0.345428466796875 -0.248016357421875 -0.0744781494140625 0.103218078613281
0.409454345703125 -0.11053466796875 -0.116493225097656 0.04339599609375
0.404571533203125 0.14788818359375 -0.183334350585937 -0.021697998046875
0.272430419921875 0.346771240234375 -0.137420654296875 -0.132560729980469
-0.1156005859375 0.4912109375 -0.0106353759765625 -0.245529174804688
-0.39495849609375 0.446990966796875 0.123855590820312 -0.1868896484375
-0.500762939453125 0.27374267578125 0.212478637695312 -0.117752075195312
-0.422576904296875 0.32012939453125 -0.39208984375 0.045166015625
-0.227783203125 0.422821044921875 -0.229293823242187 0.151885986328125
-0.004791259765625 0.4293212890625 -0.061431884765625 0.0981063842773438
0.217315673828125 0.3072509765625 -0.0653762817382812 0.0243339538574219
0.313018798828125 0.114227294921875 -0.126220703125 0.0634231567382813
0.3427734375 -0.09161376953125 -0.123863220214844 0.118049621582031
0.26934814453125 -0.193649291992188 -0.0999908447265624 0.165191650390625
0.254470825195313 -0.176376342773438 -0.09771728515625 0.191635131835937
0.3013916015625 -0.1912841796875 -0.148101806640625 0.203216552734375
0.344024658203125 -0.0711669921875 -0.214797973632812 0.114791870117188
0.32745361328125 0.140899658203125 -0.260986328125 0.00802612304687499
0.215118408203125 0.292449951171875 -0.185928344726562 -0.123214721679688
-0.1064453125 0.4080810546875 -0.042755126953125 -0.198257446289062
-0.3310546875 0.38787841796875 0.04754638671875 -0.078521728515625
-0.430511474609375 0.264251708984375 0.0292472839355468 -0.0474853515625
-0.26788330078125 0.289794921875 -0.508270263671875 0.105865478515625
-0.1116943359375 0.32208251953125 -0.275955200195313 0.204544067382812
0.038299560546875 0.283843994140625 -0.0693817138671875 0.103729248046875
0.15380859375 0.182388305664063 -0.107933044433594 0.0132522583007812
0.200088500976563 0.06134033203125 -0.180068969726562 0.06524658203125
0.224822998046875 -0.0568084716796875 -0.192901611328125 0.161514282226563
0.184280395507813 -0.110641479492188 -0.163436889648438 0.240081787109375
0.173629760742188 -0.103805541992188 -0.146759033203125 0.268844604492187
0.211410522460938 -0.10791015625 -0.205123901367188 0.269332885742188
0.223480224609375 -0.0166168212890625 -0.2877197265625 0.16180419921875
0.192276000976562 0.117462158203125 -0.302978515625 0.022064208984375
0.110183715820312 0.189453125 -0.203292846679687 -0.11572265625
-0.0869293212890625 0.244918823242187 -0.0537567138671875 -0.146224975585937
-0.21246337890625 0.252059936523437 -0.0134658813476563 0.0105466842651367
-0.28387451171875 0.20538330078125 -0.125846862792969 0.0102615356445313
-0.0780181884765625 0.221633911132812 -0.57855224609375 0.15887451171875
0.012481689453125 0.1884765625 -0.3052978515625 0.24755859375
0.0829925537109375 0.109771728515625 -0.0696945190429687 0.11968994140625
0.0791549682617187 0.0363235473632812 -0.122344970703125 0.020416259765625
0.0659446716308594 -0.00321197509765625 -0.19036865234375 0.065032958984375
0.07470703125 -0.018341064453125 -0.220108032226563 0.179794311523437
0.0699501037597656 -0.0139999389648438 -0.195068359375 0.2762451171875
0.067626953125 -0.0179634094238281 -0.17236328125 0.305633544921875
0.09051513671875 -0.0115737915039063 -0.238037109375 0.294342041015625
0.0740966796875 0.0379104614257813 -0.326416015625 0.17431640625
0.0354537963867188 0.076873779296875 -0.30755615234375 0.0171203613281251
-0.00137710571289063 0.0629615783691406 -0.194061279296875 -0.11492919921875
-0.0494117736816406 0.0548629760742188 -0.0439834594726563 -0.106666564941406
-0.0591964721679688 0.0873641967773438 -0.0474090576171875 0.0629310607910156
-0.0889205932617188 0.121337890625 -0.225936889648438 0.04852294921875
-0.129661560058594 -0.0419235229492188 0.230117797851563 -0.13189697265625
-0.121307373046875 0.089202880859375 0.048797607421875 -0.086639404296875
0.00469970703125 0.134048461914063 0.00213623046875 0.092681884765625
0.10205078125 0.0625228881835938 0.165969848632812 0.13702392578125
0.108238220214844 -0.004425048828125 0.268478393554688 0.021484375
0.0686492919921875 -0.0723114013671875 0.299560546875 -0.174530029296875
0.0393142700195312 -0.102897644042969 0.235321044921875 -0.299652099609375
0.0445556640625 -0.0800628662109375 0.169158935546875 -0.296905517578125
0.05474853515625 -0.0781478881835938 0.181915283203125 -0.260787963867188
0.088409423828125 -0.0260391235351563 0.2254638671875 -0.172286987304688
0.070343017578125 0.0447921752929688 0.164993286132813 -0.085205078125
0.00126647949218751 0.0889434814453125 0.10430908203125 -0.0564498901367187
-0.0866317749023437 0.0446929931640625 0.131393432617188 -0.1641845703125
-0.120780944824219 -0.0513916015625 0.3033447265625 -0.291229248046875
-0.0693511962890625 -0.111831665039062 0.64208984375 -0.14544677734375
-0.323822021484375 0.058990478515625 0.177886962890625 -0.128936767578125
-0.2410888671875 0.225967407226563 0.0239944458007812 -0.0745086669921875
-0.044281005859375 0.29193115234375 -0.013031005859375 0.08319091796875
0.157257080078125 0.198837280273438 0.134979248046875 0.124267578125
0.223236083984375 0.0585174560546875 0.217926025390625 0.03900146484375
0.211349487304688 -0.100479125976563 0.259078979492188 -0.1329345703125
0.15509033203125 -0.18438720703125 0.208984375 -0.247833251953125
0.154052734375 -0.154922485351562 0.144119262695312 -0.244293212890625
0.182830810546875 -0.160903930664063 0.14678955078125 -0.210205078125
0.231887817382812 -0.061309814453125 0.17950439453125 -0.150955200195313
0.20758056640625 0.095672607421875 0.106025695800781 -0.0867538452148438
0.088623046875 0.203292846679687 0.0643997192382813 -0.0825881958007812
-0.127059936523438 0.205184936523437 0.11151123046875 -0.209075927734375
-0.253082275390625 0.107879638671875 0.294219970703125 -0.31805419921875
-0.252532958984375 0.000106811523437481 0.60980224609375 -0.2740478515625
-0.455474853515625 0.2327880859375 0.0542831420898437 -0.122634887695312
-0.27899169921875 0.398284912109375 -0.0339317321777344 -0.0362319946289062
-0.013763427734375 0.442108154296875 -0.0122451782226563 0.0889358520507813
0.25408935546875 0.288665771484375 0.117576599121094 0.0900497436523438
0.33990478515625 0.067352294921875 0.16009521484375 0.0260467529296875
0.31744384765625 -0.170257568359375 0.179214477539063 -0.110671997070313
0.21673583984375 -0.28271484375 0.131866455078125 -0.1910400390625
0.213424682617188 -0.2493896484375 0.075531005859375 -0.173110961914063
0.254730224609375 -0.27093505859375 0.0698165893554688 -0.140495300292969
0.339111328125 -0.14715576171875 0.0860137939453125 -0.12335205078125
0.350738525390625 0.088134765625 0.0112075805664063 -0.0832748413085938
0.2239990234375 0.2764892578125 -0.00876617431640624 -0.113853454589844
-0.096343994140625 0.384033203125 0.0474395751953125 -0.263092041015625
-0.323822021484375 0.324066162109375 0.2237548828125 -0.357391357421875
-0.396575927734375 0.174102783203125 0.5203857421875 -0.264984130859375
-0.51727294921875 0.313934326171875 -0.0857696533203125 -0.0623397827148437
-0.305938720703125 0.47625732421875 -0.0920791625976563 0.0291976928710938
-0.017669677734375 0.521728515625 -0.0245437622070313 0.0925827026367188
0.28558349609375 0.3582763671875 0.0634498596191406 0.0698966979980469
0.393341064453125 0.105194091796875 0.068603515625 0.046173095703125
0.3902587890625 -0.167633056640625 0.0902023315429688 -0.0262222290039063
0.28076171875 -0.2984619140625 0.0701370239257813 -0.0651893615722656
0.271408081054688 -0.263900756835938 0.0316200256347656 -0.0450706481933594
0.31939697265625 -0.289306640625 0.0105810165405274 -0.0168161392211914
0.40399169921875 -0.15081787109375 -0.0049629211425781 -0.039459228515625
0.4180908203125 0.11468505859375 -0.0849761962890625 -0.0479049682617188
0.285491943359375 0.33233642578125 -0.0758438110351562 -0.122100830078125
-0.097930908203125 0.486083984375 0.0135955810546875 -0.265106201171875
-0.3773193359375 0.437652587890625 0.1805419921875 -0.28912353515625
-0.484405517578125 0.26312255859375 0.3795166015625 -0.20074462890625
-0.512298583984375 0.319671630859375 -0.2357177734375 -0.0072021484375
-0.304779052734375 0.468902587890625 -0.158798217773438 0.0926971435546875
-0.032958984375 0.515472412109375 -0.0420150756835938 0.0942916870117188
0.259063720703125 0.37493896484375 -0.00128936767578124 0.0458488464355469
0.381256103515625 0.136260986328125 -0.0329551696777344 0.0576362609863281
0.4024658203125 -0.1275634765625 -0.0163993835449218 0.0528411865234375
0.305419921875 -0.258148193359375 -0.0122413635253906 0.057769775390625
0.290252685546875 -0.229736328125 -0.0297622680664062 0.0802459716796875
0.339263916015625 -0.25482177734375 -0.0651473999023437 0.102142333984375
0.409149169921875 -0.1180419921875 -0.108840942382812 0.044036865234375
0.410125732421875 0.142120361328125 -0.17926025390625 -0.014892578125
0.2763671875 0.3458251953125 -0.136085510253906 -0.123046875
-0.1126708984375 0.496978759765625 -0.0146942138671875 -0.23638916015625
-0.391937255859375 0.454132080078125 0.11932373046875 -0.180252075195312
-0.504852294921875 0.276092529296875 0.206024169921875 -0.112060546875
-0.42486572265625 0.31890869140625 -0.382354736328125 0.054962158203125
-0.23095703125 0.422393798828125 -0.220306396484375 0.156494140625
-0.004241943359375 0.436431884765625 -0.0555419921875 0.0975570678710938
0.2222900390625 0.310577392578125 -0.0608062744140625 0.0239143371582031
0.31671142578125 0.112579345703125 -0.120040893554687 0.06329345703125
0.34619140625 -0.09716796875 -0.115760803222656 0.117050170898438
0.268783569335938 -0.199737548828125 -0.0940704345703125 0.16253662109375
0.254150390625 -0.179733276367188 -0.0914459228515625 0.187881469726563
0.3001708984375 -0.197784423828125 -0.138092041015625 0.201675415039063
0.34661865234375 -0.077056884765625 -0.206100463867187 0.116729736328125
0.333160400390625 0.138916015625 -0.255233764648438 0.015655517578125
0.21783447265625 0.29345703125 -0.18341064453125 -0.114181518554687
-0.105804443359375 0.413482666015625 -0.044281005859375 -0.189407348632812
-0.3310546875 0.393218994140625 0.044403076171875 -0.0727767944335937
-0.434539794921875 0.261566162109375 0.0213279724121093 -0.0416450500488281
-0.27301025390625 0.28338623046875 -0.501800537109375 0.11529541015625
-0.11834716796875 0.32049560546875 -0.26904296875 0.210540771484375
0.036041259765625 0.28863525390625 -0.0645294189453125 0.104339599609375
0.155990600585938 0.18951416015625 -0.104202270507812 0.0139541625976563
0.203460693359375 0.0631866455078125 -0.174560546875 0.0661773681640625
0.230361938476563 -0.0598602294921875 -0.185516357421875 0.16229248046875
0.18719482421875 -0.116043090820312 -0.157363891601562 0.239303588867188
0.1768798828125 -0.106796264648438 -0.139739990234375 0.265777587890625
0.213638305664063 -0.112838745117187 -0.194473266601562 0.269729614257813
0.2288818359375 -0.020965576171875 -0.278244018554688 0.164520263671875
0.1993408203125 0.118484497070313 -0.2972412109375 0.02825927734375
0.11187744140625 0.193740844726563 -0.202316284179688 -0.108062744140625
-0.0901336669921875 0.25128173828125 -0.0542449951171875 -0.139175415039062
-0.217315673828125 0.254837036132812 -0.0166521072387695 0.0152626037597656
-0.2890625 0.199859619140625 -0.135665893554688 0.0160446166992187
-0.08331298828125 0.212890625 -0.57623291015625 0.16705322265625
0.0034637451171875 0.183547973632812 -0.2994384765625 0.253814697265625
0.0760955810546875 0.113082885742188 -0.0652847290039062 0.120620727539063
0.0779571533203125 0.0446319580078125 -0.119483947753906 0.0211410522460937
0.067840576171875 0.00118255615234375 -0.1873779296875 0.0656585693359375
0.0811614990234375 -0.018646240234375 -0.215301513671875 0.18048095703125
0.07598876953125 -0.0175628662109375 -0.19036865234375 0.277328491210938
0.0726394653320313 -0.0193023681640625 -0.167236328125 0.302703857421875
0.0952987670898438 -0.0151214599609375 -0.228179931640625 0.2940673828125
0.0818710327148438 0.0360565185546875 -0.31695556640625 0.180023193359375
0.0437164306640625 0.0807952880859375 -0.30340576171875 0.02349853515625
0.000320434570312501 0.0692939758300781 -0.19439697265625 -0.108200073242187
-0.0547370910644531 0.0617828369140625 -0.0449905395507813 -0.101737976074219
-0.0662765502929688 0.0877227783203125 -0.0515403747558594 0.0658760070800781
-0.0957794189453125 0.113906860351563 -0.237228393554688 0.053466796875
-0.123779296875 -0.0377731323242188 0.247390747070313 -0.137710571289063
-0.112991333007812 0.0907135009765625 0.0561294555664062 -0.091583251953125
0.00890350341796874 0.129241943359375 0.004425048828125 0.0901031494140625
0.100448608398437 0.0559921264648437 0.169647216796875 0.134979248046875
0.105026245117187 -0.0089569091796875 0.271865844726563 0.018157958984375
0.063934326171875 -0.0730209350585938 0.300750732421875 -0.18060302734375
0.0331878662109375 -0.101890563964844 0.235870361328125 -0.309295654296875
0.0382461547851563 -0.0802078247070313 0.1702880859375 -0.30328369140625
0.0482711791992188 -0.0798568725585938 0.183563232421875 -0.2662353515625
0.0843734741210938 -0.0299530029296875 0.227676391601563 -0.178909301757813
0.0699958801269531 0.0392074584960938 0.166671752929688 -0.0876312255859375
0.00426483154296875 0.0861587524414063 0.106193542480469 -0.05712890625
-0.081573486328125 0.04461669921875 0.129165649414063 -0.168838500976563
-0.117942810058594 -0.0461578369140625 0.305999755859375 -0.300994873046875
-0.0688095092773437 -0.103279113769531 0.65509033203125 -0.1529541015625
-0.3240966796875 0.064605712890625 0.196426391601563 -0.132156372070313
-0.235321044921875 0.230117797851563 0.0318069458007812 -0.078155517578125
-0.040069580078125 0.29296875 -0.0105743408203125 0.0805587768554688
0.158096313476563 0.195602416992188 0.139457702636719 0.12261962890625
0.223587036132813 0.05560302734375 0.22247314453125 0.035308837890625
0.20989990234375 -0.103912353515625 0.2630615234375 -0.138015747070312
0.150100708007813 -0.187530517578125 0.211105346679688 -0.256378173828125
0.150360107421875 -0.158477783203125 0.147506713867188 -0.250640869140625
0.178802490234375 -0.166717529296875 0.150741577148438 -0.21484375
0.232635498046875 -0.0689849853515625 0.18292236328125 -0.156906127929688
0.2120361328125 0.09124755859375 0.109153747558594 -0.0867691040039063
0.094940185546875 0.20513916015625 0.0662460327148437 -0.0815353393554687
-0.123825073242187 0.213134765625 0.10888671875 -0.211746215820313
-0.253952026367188 0.119461059570313 0.296356201171875 -0.324310302734375
-0.258377075195313 0.0106048583984375 0.62237548828125 -0.2799072265625
-0.459869384765625 0.242645263671875 0.0701522827148437 -0.12579345703125
-0.276641845703125 0.407073974609375 -0.0250968933105469 -0.0380401611328125
-0.00732421874999996 0.4482421875 -0.00819396972656251 0.0863418579101563
0.259674072265625 0.289337158203125 0.123138427734375 0.0874252319335938
0.34326171875 0.065032958984375 0.16485595703125 0.0220184326171875
0.31884765625 -0.176605224609375 0.183944702148438 -0.116119384765625
0.21337890625 -0.2891845703125 0.133377075195313 -0.199020385742188
0.211898803710938 -0.256500244140625 0.0778961181640625 -0.17919921875
0.252410888671875 -0.27850341796875 0.0756988525390625 -0.145278930664063
0.342132568359375 -0.157379150390625 0.0892257690429688 -0.127296447753906
0.35980224609375 0.08233642578125 0.0135040283203125 -0.0816802978515625
0.2330322265625 0.280715942382813 -0.00689697265624999 -0.110923767089844
-0.0926513671875 0.39697265625 0.044219970703125 -0.263397216796875
-0.32537841796875 0.34130859375 0.224853515625 -0.36187744140625
-0.40716552734375 0.186370849609375 0.529571533203125 -0.268768310546875
-0.525360107421875 0.32275390625 -0.0724411010742188 -0.0609130859375
-0.30853271484375 0.486968994140625 -0.0850448608398438 0.03009033203125
-0.0110778808593749 0.531951904296875 -0.0213394165039062 0.0920257568359375
0.29522705078125 0.362945556640625 0.0679855346679688 0.0670890808105469
0.40185546875 0.10455322265625 0.07403564453125 0.0437545776367188
0.3968505859375 -0.175048828125 0.0957412719726563 -0.0305023193359375
0.281524658203125 -0.30657958984375 0.0735702514648438 -0.0706787109375
0.272018432617188 -0.272430419921875 0.0359268188476563 -0.0497207641601563
0.32037353515625 -0.301116943359375 0.0174732208251953 -0.0190830230712891
0.410675048828125 -0.161407470703125 -0.00182723999023435 -0.041595458984375
0.431884765625 0.109832763671875 -0.0838088989257812 -0.0447616577148437
0.29595947265625 0.3382568359375 -0.0756683349609375 -0.117805480957031
-0.09613037109375 0.5023193359375 0.01153564453125 -0.264419555664062
-0.38177490234375 0.457000732421875 0.1800537109375 -0.28912353515625
-0.498565673828125 0.271881103515625 0.3851318359375 -0.200439453125
-0.526947021484375 0.328765869140625 -0.227981567382813 -0.00151062011718747
-0.310546875 0.48150634765625 -0.152374267578125 0.0971832275390625
-0.028411865234375 0.530242919921875 -0.0395736694335938 0.0951919555664063
0.2705078125 0.38543701171875 0.00251770019531252 0.0451812744140625
0.391265869140625 0.13543701171875 -0.0286064147949218 0.0567054748535156
0.41400146484375 -0.135162353515625 -0.0107650756835937 0.0518569946289062
0.30810546875 -0.26715087890625 -0.00871276855468748 0.0558815002441406
0.294464111328125 -0.23944091796875 -0.0255126953125 0.0783538818359375
0.34368896484375 -0.265716552734375 -0.0579376220703125 0.102294921875
0.417816162109375 -0.129974365234375 -0.105270385742187 0.043975830078125
0.42291259765625 0.140167236328125 -0.179061889648437 -0.00907897949218749
0.2861328125 0.35394287109375 -0.137290954589844 -0.117279052734375
-0.113525390625 0.515289306640625 -0.0166778564453125 -0.233352661132813
-0.39923095703125 0.4718017578125 0.118789672851562 -0.178192138671875
-0.518890380859375 0.283660888671875 0.204849243164062 -0.108840942382812
-0.43817138671875 0.323822021484375 -0.38226318359375 0.0634765625000001
-0.23785400390625 0.4320068359375 -0.21771240234375 0.164840698242187
-0.00122070312499999 0.452239990234375 -0.052398681640625 0.0998764038085938
0.232391357421875 0.323455810546875 -0.0580177307128906 0.0241470336914063
0.3272705078125 0.11529541015625 -0.117652893066406 0.0640640258789063
0.356353759765625 -0.105316162109375 -0.11126708984375 0.118324279785156
0.275009155273438 -0.210174560546875 -0.0920562744140625 0.164749145507813
0.26055908203125 -0.187530517578125 -0.0881195068359375 0.188339233398438
0.305999755859375 -0.207427978515625 -0.13189697265625 0.205108642578125
0.356536865234375 -0.084991455078125 -0.203125 0.120452880859375
0.3468017578125 0.1400146484375 -0.256683349609375 0.0211334228515626
0.225494384765625 0.30224609375 -0.185317993164063 -0.109039306640625
-0.108734130859375 0.429534912109375 -0.0449981689453125 -0.185775756835937
-0.339874267578125 0.40655517578125 0.0428695678710937 -0.0687446594238281
-0.449188232421875 0.263763427734375 0.0139198303222656 -0.0352783203125
-0.28564453125 0.285552978515625 -0.509124755859375 0.125091552734375
-0.128143310546875 0.326904296875 -0.269577026367188 0.220932006835938
0.034332275390625 0.30120849609375 -0.0619430541992188 0.107566833496094
0.1632080078125 0.200897216796875 -0.103622436523437 0.0149993896484375
0.211517333984375 0.0674591064453125 -0.173690795898437 0.0663604736328125
0.240753173828125 -0.064422607421875 -0.184494018554687 0.165390014648438
0.1943359375 -0.124649047851563 -0.157089233398438 0.244110107421875
0.183258056640625 -0.111923217773438 -0.137802124023437 0.268569946289063
0.2208251953125 -0.119766235351562 -0.190704345703125 0.274551391601563
0.2386474609375 -0.025543212890625 -0.275848388671875 0.170455932617188
0.2108154296875 0.120834350585938 -0.2996826171875 0.033843994140625
0.11669921875 0.202850341796875 -0.205429077148438 -0.103790283203125
-0.095947265625 0.26385498046875 -0.0549392700195313 -0.136154174804687
-0.225570678710938 0.263427734375 -0.0198383331298828 0.01971435546875
-0.302581787109375 0.199554443359375 -0.1488037109375 0.0225830078125
-0.091461181640625 0.2100830078125 -0.588134765625 0.17633056640625
-0.00491333007812499 0.18572998046875 -0.303619384765625 0.263946533203125
0.0726165771484375 0.119720458984375 -0.0633697509765625 0.124885559082031
0.0792617797851563 0.053466796875 -0.119903564453125 0.0212554931640625
0.0719528198242188 0.0056915283203125 -0.18914794921875 0.06695556640625
0.0894088745117188 -0.0205612182617188 -0.21697998046875 0.184799194335938
0.0834274291992188 -0.0225677490234375 -0.192108154296875 0.284088134765625
0.0788497924804688 -0.0218505859375 -0.167144775390625 0.308319091796875
0.102210998535156 -0.0179443359375 -0.226837158203125 0.3021240234375
0.090057373046875 0.0343704223632813 -0.3150634765625 0.186737060546875
0.0513687133789063 0.0846481323242188 -0.306060791015625 0.029083251953125
0.00150299072265625 0.0761642456054688 -0.1968994140625 -0.10516357421875
-0.0602874755859375 0.0696601867675781 -0.0462646484375 -0.09979248046875
-0.074432373046875 0.09112548828125 -0.0566864013671875 0.0702972412109375
-0.10577392578125 0.111167907714844 -0.254348754882813 0.05908203125
-0.121719360351563 -0.0332870483398438 0.267578125 -0.153884887695312
-0.104873657226563 0.0944061279296875 0.0630035400390625 -0.0999298095703125
0.0148544311523437 0.12689208984375 0.00787353515625 0.0884475708007813
0.1002197265625 0.0489349365234375 0.179031372070313 0.130874633789063
0.104629516601562 -0.0145492553710938 0.280838012695312 0.0105743408203125
0.0602798461914063 -0.0766525268554688 0.3052978515625 -0.19683837890625
0.0263214111328125 -0.1033935546875 0.2359619140625 -0.326324462890625
0.0311431884765625 -0.0823822021484375 0.16925048828125 -0.318023681640625
0.0397720336914063 -0.0827865600585938 0.18316650390625 -0.280807495117188
0.0807266235351563 -0.0363235473632813 0.230392456054688 -0.1927490234375
0.0713272094726563 0.0342636108398438 0.171112060546875 -0.094573974609375
0.00904083251953126 0.084564208984375 0.108924865722656 -0.061767578125
-0.0777053833007813 0.0464248657226562 0.125091552734375 -0.179443359375
-0.118110656738281 -0.0391693115234375 0.30902099609375 -0.319122314453125
-0.068817138671875 -0.096221923828125 0.679931640625 -0.1746826171875
-0.329742431640625 0.0781860351562501 0.216690063476562 -0.143600463867188
-0.229522705078125 0.242080688476563 0.0397415161132812 -0.0838775634765625
-0.031158447265625 0.2989501953125 -0.006866455078125 0.0802230834960938
0.165725708007813 0.195419311523437 0.14764404296875 0.118911743164063
0.229232788085938 0.0501251220703125 0.232711791992188 0.029449462890625
0.211776733398438 -0.112945556640625 0.268310546875 -0.152496337890625
0.146484375 -0.1959228515625 0.211288452148438 -0.273605346679688
0.146560668945313 -0.167648315429687 0.147705078125 -0.265380859375
0.174514770507812 -0.179229736328125 0.153564453125 -0.227920532226563
0.2347412109375 -0.08245849609375 0.186126708984375 -0.168121337890625
0.223175048828125 0.083770751953125 0.111900329589844 -0.0912094116210938
0.10809326171875 0.208221435546875 0.0683670043945313 -0.083038330078125
-0.118408203125 0.22650146484375 0.103363037109375 -0.22039794921875
-0.256195068359375 0.139083862304687 0.299835205078125 -0.342071533203125
-0.26690673828125 0.0264434814453125 0.6422119140625 -0.30535888671875
-0.46917724609375 0.26141357421875 0.0867385864257812 -0.132972717285156
-0.271942138671875 0.425079345703125 -0.018096923828125 -0.0410652160644531
0.00524902343750002 0.461334228515625 -0.00492095947265625 0.086212158203125
0.275177001953125 0.29083251953125 0.129638671875 0.0843734741210938
0.355804443359375 0.057647705078125 0.1727294921875 0.017120361328125
0.32342529296875 -0.191070556640625 0.18853759765625 -0.127792358398438
0.210357666015625 -0.302703857421875 0.134048461914063 -0.2119140625
0.20965576171875 -0.270858764648438 0.079559326171875 -0.190765380859375
0.247222900390625 -0.29937744140625 0.079132080078125 -0.154098510742188
0.346893310546875 -0.177886962890625 0.0904541015625 -0.136405944824219
0.37646484375 0.071441650390625 0.0140304565429688 -0.0821609497070313
0.254913330078125 0.284637451171875 -0.00732421874999999 -0.110183715820313
-0.0815734863281249 0.4185791015625 0.037628173828125 -0.268951416015625
-0.32586669921875 0.36993408203125 0.22479248046875 -0.3746337890625
-0.417816162109375 0.2103271484375 0.545623779296875 -0.289459228515625
-0.538818359375 0.350982666015625 -0.0626373291015625 -0.0609283447265625
-0.304046630859375 0.510772705078125 -0.077911376953125 0.032989501953125
0.00360107421875003 0.55340576171875 -0.016815185546875 0.0937042236328125
0.316864013671875 0.369110107421875 0.0740737915039063 0.0657958984375
0.419708251953125 0.097442626953125 0.081207275390625 0.0402145385742188
0.40570068359375 -0.19537353515625 0.101387023925781 -0.0366439819335938
0.280548095703125 -0.326690673828125 0.0755081176757813 -0.079193115234375
0.27410888671875 -0.290557861328125 0.03961181640625 -0.0565032958984375
0.320709228515625 -0.323455810546875 0.0236358642578125 -0.023153305053711
0.419158935546875 -0.18359375 0.000617980957031277 -0.0448341369628906
0.453582763671875 0.100341796875 -0.0852584838867187 -0.04107666015625
0.319793701171875 0.3466796875 -0.078125 -0.114105224609375
-0.08392333984375 0.5302734375 0.003631591796875 -0.2674560546875
-0.382843017578125 0.49176025390625 0.178375244140625 -0.299285888671875
-0.5145263671875 0.297637939453125 0.39434814453125 -0.211212158203125
-0.54412841796875 0.353057861328125 -0.224945068359375 0.00813293457031253
-0.311370849609375 0.506927490234375 -0.147872924804688 0.106613159179688
-0.0145263671875 0.555816650390625 -0.0339279174804688 0.0987396240234375
0.29766845703125 0.395050048828125 0.00763320922851565 0.0452384948730469
0.411285400390625 0.130645751953125 -0.0237312316894531 0.0577201843261719
0.42724609375 -0.156646728515625 -0.0059242248535156 0.0513229370117187
0.312469482421875 -0.290283203125 -0.00498962402343748 0.0552558898925781
0.299163818359375 -0.25836181640625 -0.0187454223632812 0.0779876708984375
0.34967041015625 -0.289093017578125 -0.05035400390625 0.105110168457031
0.43017578125 -0.150115966796875 -0.10394287109375 0.0476760864257812
0.447845458984375 0.13348388671875 -0.181289672851562 -0.00134277343750003
0.308563232421875 0.363861083984375 -0.14154052734375 -0.112457275390625
-0.10491943359375 0.543701171875 -0.023345947265625 -0.234817504882812
-0.403656005859375 0.505157470703125 0.118087768554687 -0.181045532226562
-0.538726806640625 0.3067626953125 0.20623779296875 -0.111618041992187
-0.45648193359375 0.346435546875 -0.3870849609375 0.0797729492187501
-0.243896484375 0.456329345703125 -0.215316772460938 0.180709838867188
0.00942993164062504 0.474578857421875 -0.0477371215820312 0.105422973632813
0.255279541015625 0.33551025390625 -0.0572166442871094 0.0260086059570313
0.3468017578125 0.1134033203125 -0.115882873535156 0.0679779052734375
0.371185302734375 -0.12261962890625 -0.107818603515625 0.123397827148437
0.2811279296875 -0.229278564453125 -0.08770751953125 0.170257568359375
0.26788330078125 -0.204879760742187 -0.0821533203125 0.193817138671875
0.31402587890625 -0.227874755859375 -0.125579833984375 0.213836669921875
0.369384765625 -0.10272216796875 -0.202072143554687 0.129364013671875
0.369537353515625 0.135223388671875 -0.261184692382813 0.0324249267578125
0.243896484375 0.312713623046875 -0.1927490234375 -0.102676391601562
-0.103912353515625 0.454742431640625 -0.049774169921875 -0.185012817382812
-0.345733642578125 0.434051513671875 0.0416259765625 -0.0668373107910156
-0.468353271484375 0.28350830078125 0.00680732727050778 -0.0306930541992187
-0.2978515625 0.30047607421875 -0.52191162109375 0.148101806640625
-0.13385009765625 0.34368896484375 -0.270828247070312 0.241424560546875
0.0406494140625 0.318572998046875 -0.0587234497070312 0.114158630371094
0.1776123046875 0.2130126953125 -0.104377746582031 0.01806640625
0.225479125976563 0.068572998046875 -0.1761474609375 0.0733795166015625
0.253921508789063 -0.076690673828125 -0.1829833984375 0.174758911132813
0.202072143554688 -0.138504028320312 -0.154739379882812 0.256881713867188
0.19140625 -0.124237060546875 -0.132965087890625 0.27947998046875
0.228591918945312 -0.134719848632812 -0.18536376953125 0.287689208984375
0.2510986328125 -0.0374603271484375 -0.275955200195313 0.1834716796875
0.228622436523438 0.121047973632813 -0.305450439453125 0.046722412109375
0.129013061523438 0.212539672851563 -0.211898803710938 -0.097381591796875
-0.096221923828125 0.282867431640625 -0.0593719482421875 -0.13507080078125
-0.23272705078125 0.28173828125 -0.0220413208007813 0.0252933502197266
-0.318450927734375 0.20904541015625 -0.163116455078125 0.0342559814453125
-0.096954345703125 0.215011596679687 -0.60791015625 0.2021484375
-0.01007080078125 0.191162109375 -0.30780029296875 0.286041259765625
0.0736007690429687 0.126487731933594 -0.0606307983398438 0.132148742675781
0.086273193359375 0.0604324340820313 -0.121803283691406 0.0262069702148438
0.077728271484375 0.00885772705078125 -0.192581176757812 0.07232666015625
0.0969085693359375 -0.0249786376953125 -0.217987060546875 0.196456909179688
0.0910568237304688 -0.0297317504882813 -0.190673828125 0.29937744140625
0.0866012573242188 -0.0266647338867188 -0.164215087890625 0.32080078125
0.10931396484375 -0.0244140625 -0.222381591796875 0.318603515625
0.100738525390625 0.030029296875 -0.316741943359375 0.20379638671875
0.0625152587890625 0.0883026123046875 -0.313629150390625 0.040557861328125
0.00566864013671875 0.0845108032226563 -0.206222534179687 -0.100845336914063
-0.0647048950195312 0.0792770385742188 -0.0496749877929688 -0.0989761352539063
-0.081787109375 0.0984725952148437 -0.0605087280273438 0.0771026611328125
-0.116203308105469 0.111465454101563 -0.274383544921875 0.074462890625
-0.119537353515625 -0.0265350341796875 0.281890869140625 -0.178070068359375
-0.0939712524414063 0.100341796875 0.06671142578125 -0.110504150390625
0.0238265991210937 0.123725891113281 0.0128173828125 0.0866546630859375
0.100593566894531 0.0405044555664063 0.190017700195312 0.122161865234375
0.102867126464844 -0.0225982666015625 0.28839111328125 -0.005615234375
0.0530548095703125 -0.0807266235351563 0.300384521484375 -0.2191162109375
0.0183334350585937 -0.104766845703125 0.22412109375 -0.350616455078125
0.022979736328125 -0.0841903686523437 0.157745361328125 -0.337158203125
0.030670166015625 -0.086669921875 0.175537109375 -0.29937744140625
0.0750503540039063 -0.0445022583007813 0.226272583007812 -0.211227416992187
0.072418212890625 0.0268402099609375 0.171920776367187 -0.105316162109375
0.0157699584960937 0.08270263671875 0.109001159667969 -0.0693588256835937
-0.0728225708007813 0.04986572265625 0.114883422851563 -0.191024780273437
-0.117538452148438 -0.0297927856445312 0.300323486328125 -0.345794677734375
-0.0705108642578125 -0.087493896484375 0.697509765625 -0.21942138671875
-0.331756591796875 0.0996093750000001 0.231658935546875 -0.16357421875
-0.216812133789063 0.259002685546875 0.045623779296875 -0.0912322998046875
-0.014068603515625 0.30535888671875 -0.000984191894531244 0.0802154541015625
0.177947998046875 0.188888549804688 0.158966064453125 0.111557006835938
0.236709594726563 0.03729248046875 0.240997314453125 0.015777587890625
0.208404541015625 -0.128890991210938 0.267532348632813 -0.173263549804688
0.1370849609375 -0.207748413085938 0.203643798828125 -0.295257568359375
0.138076782226563 -0.180160522460938 0.140350341796875 -0.283233642578125
0.164520263671875 -0.195327758789063 0.149627685546875 -0.2447509765625
0.233200073242188 -0.102752685546875 0.182525634765625 -0.185073852539063
0.23529052734375 0.06982421875 0.111221313476563 -0.0977783203125
0.126968383789063 0.207687377929688 0.0681838989257813 -0.0882720947265625
-0.105178833007813 0.241958618164063 0.0930023193359375 -0.230300903320312
-0.25238037109375 0.16473388671875 0.29168701171875 -0.365692138671875
-0.27294921875 0.0489044189453125 0.64971923828125 -0.3497314453125
-0.46844482421875 0.2978515625 0.0995330810546875 -0.146469116210937
-0.253021240234375 0.4483642578125 -0.01092529296875 -0.0436897277832031
0.03271484375 0.47247314453125 0.00125885009765624 0.0863494873046875
0.297821044921875 0.283843994140625 0.139045715332031 0.0765304565429688
0.36883544921875 0.039520263671875 0.181182861328125 0.0046844482421875
0.321746826171875 -0.216827392578125 0.18902587890625 -0.144821166992188
0.1978759765625 -0.323822021484375 0.126907348632812 -0.2294921875
0.199432373046875 -0.291107177734375 0.075347900390625 -0.20489501953125
0.2349853515625 -0.323272705078125 0.0781402587890625 -0.166900634765625
0.34375 -0.207061767578125 0.0885467529296875 -0.148147583007813
0.39532470703125 0.04901123046875 0.0124969482421875 -0.0827560424804688
0.28192138671875 0.2801513671875 -0.00979614257812498 -0.110244750976562
-0.058013916015625 0.44122314453125 0.0235748291015625 -0.275466918945312
-0.312255859375 0.40625 0.212554931640625 -0.394378662109375
-0.42169189453125 0.24298095703125 0.549407958984375 -0.325469970703125
-0.539398193359375 0.393829345703125 -0.0512161254882813 -0.0611419677734375
-0.285369873046875 0.542724609375 -0.0679435729980469 0.0372657775878907
0.03668212890625 0.56964111328125 -0.00842285156249999 0.0948867797851563
0.349456787109375 0.36334228515625 0.0825424194335938 0.0608444213867188
0.439727783203125 0.07574462890625 0.08770751953125 0.0349960327148438
0.40826416015625 -0.22747802734375 0.106010437011719 -0.0470199584960938
0.26983642578125 -0.353485107421875 0.0759811401367188 -0.0897445678710938
0.265350341796875 -0.316253662109375 0.0417327880859375 -0.0653076171875
0.312042236328125 -0.356597900390625 0.0292892456054688 -0.0285110473632813
0.421722412109375 -0.218841552734375 3.8146972656469E-06 -0.0486373901367188
0.4774169921875 0.07525634765625 -0.086090087890625 -0.0337905883789062
0.35406494140625 0.342071533203125 -0.0819091796875 -0.10943603515625
-0.055267333984375 0.55767822265625 -0.00909423828125001 -0.270553588867187
-0.366180419921875 0.53533935546875 0.16998291015625 -0.311859130859375
-0.51953125 0.33843994140625 0.396209716796875 -0.23614501953125
-0.548675537109375 0.39422607421875 -0.218643188476563 0.0218658447265625
-0.29608154296875 0.541900634765625 -0.137672424316406 0.119979858398438
0.0189208984375 0.5767822265625 -0.0249481201171875 0.103034973144531
0.3330078125 0.39556884765625 0.0123405456542969 0.0443191528320313
0.435302734375 0.1124267578125 -0.0177726745605468 0.0587272644042969
0.432525634765625 -0.1904296875 0.00169372558593753 0.0498390197753906
0.306182861328125 -0.319244384765625 0.00102233886718752 0.0532760620117187
0.295440673828125 -0.28607177734375 -0.012298583984375 0.0753631591796875
0.344390869140625 -0.322723388671875 -0.0401611328125 0.108558654785156
0.43585205078125 -0.1832275390625 -0.101249694824219 0.0533447265625
0.475677490234375 0.11077880859375 -0.184539794921875 0.011749267578125
0.343994140625 0.362091064453125 -0.14813232421875 -0.102798461914063
-0.0787353515625 0.57403564453125 -0.0341644287109375 -0.235153198242187
-0.38848876953125 0.55010986328125 0.11224365234375 -0.186996459960937
-0.546844482421875 0.3450927734375 0.204437255859375 -0.119598388671875
-0.461029052734375 0.382568359375 -0.386627197265625 0.1072998046875
-0.23370361328125 0.486663818359375 -0.20526123046875 0.202316284179688
0.03656005859375 0.49652099609375 -0.0390167236328125 0.112693786621094
0.28875732421875 0.338653564453125 -0.0540428161621094 0.0294685363769531
0.36944580078125 0.099212646484375 -0.112762451171875 0.0740890502929688
0.380523681640625 -0.151519775390625 -0.0993728637695312 0.130882263183594
0.279647827148438 -0.257125854492188 -0.078948974609375 0.178146362304687
0.267852783203125 -0.22991943359375 -0.07049560546875 0.200103759765625
0.31201171875 -0.257843017578125 -0.111434936523437 0.22418212890625
0.377593994140625 -0.130584716796875 -0.197555541992187 0.143524169921875
0.3958740234375 0.118011474609375 -0.264450073242188 0.051239013671875
0.272125244140625 0.313385009765625 -0.19976806640625 -0.0904083251953125
-0.08355712890625 0.482635498046875 -0.05950927734375 -0.183364868164062
-0.3360595703125 0.47271728515625 0.0387992858886719 -0.0656509399414062
-0.477325439453125 0.314666748046875 0.000442504882812469 -0.0241527557373047
-0.301666259765625 0.32342529296875 -0.526947021484375 0.184539794921875
-0.12841796875 0.36370849609375 -0.262893676757813 0.268798828125
0.058135986328125 0.333160400390625 -0.050445556640625 0.123847961425781
0.20172119140625 0.216873168945313 -0.103973388671875 0.0248184204101563
0.242263793945313 0.0612640380859375 -0.175918579101562 0.082977294921875
0.262664794921875 -0.0973968505859375 -0.175857543945312 0.188507080078125
0.204299926757813 -0.159255981445313 -0.143600463867187 0.272079467773438
0.195388793945313 -0.142776489257813 -0.12066650390625 0.292266845703125
0.231704711914063 -0.155609130859375 -0.170440673828125 0.304534912109375
0.260940551757813 -0.0561981201171875 -0.269729614257813 0.204544067382813
0.249465942382813 0.112319946289063 -0.309539794921875 0.067840576171875
0.146835327148438 0.217514038085937 -0.221633911132812 -0.083770751953125
-0.0869140625 0.303802490234375 -0.0654983520507812 -0.13238525390625
-0.22930908203125 0.30609130859375 -0.0225696563720703 0.0314979553222656
-0.327362060546875 0.228729248046875 -0.174270629882813 0.0515594482421875
-0.097381591796875 0.222442626953125 -0.6180419921875 0.2437744140625
-0.00900268554687499 0.198806762695312 -0.30120849609375 0.316864013671875
0.0784378051757813 0.131332397460938 -0.0530853271484375 0.141281127929687
0.0942230224609375 0.0647659301757813 -0.123565673828125 0.0336837768554688
0.0844879150390625 0.0083465576171875 -0.19378662109375 0.0838775634765625
0.103889465332031 -0.0333023071289062 -0.2125244140625 0.2138671875
0.0954666137695313 -0.0397109985351563 -0.180694580078125 0.320404052734375
0.0922393798828125 -0.0355148315429688 -0.15142822265625 0.337646484375
0.115943908691406 -0.034881591796875 -0.2109375 0.339569091796875
0.110633850097656 0.0222396850585938 -0.310882568359375 0.22711181640625
0.076019287109375 0.0883026123046875 -0.318084716796875 0.06219482421875
0.0130691528320313 0.09173583984375 -0.216339111328125 -0.0885467529296875
-0.0662612915039062 0.0921554565429688 -0.0553741455078125 -0.096649169921875
-0.0848617553710938 0.107948303222656 -0.0626907348632812 0.0864715576171875
-0.123817443847656 0.11663818359375 -0.2899169921875 0.098419189453125
-0.115394592285156 -0.01806640625 0.2838134765625 -0.205780029296875
-0.079132080078125 0.103446960449219 0.0660400390625 -0.12066650390625
0.0329513549804688 0.117431640625 0.0194015502929688 0.082611083984375
0.0984649658203125 0.0308990478515625 0.198104858398437 0.106643676757813
0.0978775024414063 -0.029937744140625 0.287445068359375 -0.02764892578125
0.04437255859375 -0.083709716796875 0.283599853515625 -0.241058349609375
0.00893402099609376 -0.104545593261719 0.199951171875 -0.3685302734375
0.0126495361328125 -0.0841445922851563 0.1365966796875 -0.350250244140625
0.0193099975585938 -0.086944580078125 0.157562255859375 -0.31439208984375
0.0665092468261719 -0.0501937866210938 0.212493896484375 -0.22869873046875
0.0720367431640625 0.0182723999023438 0.16558837890625 -0.117752075195313
0.022308349609375 0.0787811279296875 0.105766296386719 -0.07763671875
-0.06646728515625 0.0527915954589844 0.0992431640625 -0.199783325195313
-0.115058898925781 -0.0172348022460937 0.280303955078125 -0.3682861328125
-0.071075439453125 -0.077056884765625 0.6903076171875 -0.26971435546875
-0.32196044921875 0.124481201171875 0.237274169921875 -0.184982299804688
-0.193557739257812 0.273345947265625 0.048370361328125 -0.0983810424804687
0.00793457031250003 0.3040771484375 0.006256103515625 0.0770950317382813
0.189895629882813 0.175079345703125 0.166656494140625 0.09820556640625
0.2388916015625 0.020660400390625 0.24237060546875 -0.003143310546875
0.199111938476562 -0.144256591796875 0.255828857421875 -0.194473266601563
0.12176513671875 -0.217010498046875 0.184814453125 -0.314453125
0.123931884765625 -0.190628051757813 0.123321533203125 -0.297332763671875
0.146041870117188 -0.207595825195313 0.136474609375 -0.258407592773438
0.222869873046875 -0.123611450195313 0.171173095703125 -0.199554443359375
0.242324829101562 0.04876708984375 0.105827331542969 -0.10369873046875
0.14453125 0.197830200195313 0.0645675659179688 -0.0923919677734375
-0.085296630859375 0.252639770507813 0.075897216796875 -0.234939575195313
-0.23828125 0.188522338867188 0.268798828125 -0.38543701171875
-0.268508911132813 0.074737548828125 0.63427734375 -0.3968505859375
-0.44842529296875 0.3349609375 0.105621337890625 -0.160720825195312
-0.2193603515625 0.467529296875 -0.00429916381835939 -0.0461387634277343
0.0643310546875 0.47076416015625 0.0095062255859375 0.0839920043945313
0.318756103515625 0.26312255859375 0.14471435546875 0.06365966796875
0.372772216796875 0.01312255859375 0.181961059570313 -0.009185791015625
0.30743408203125 -0.242401123046875 0.180511474609375 -0.161956787109375
0.176116943359375 -0.337860107421875 0.111648559570312 -0.2427978515625
0.178558349609375 -0.30670166015625 0.063446044921875 -0.2164306640625
0.210845947265625 -0.343505859375 0.072174072265625 -0.177337646484375
0.328033447265625 -0.23614501953125 0.0787811279296875 -0.15631103515625
0.404876708984375 0.016387939453125 0.00971984863281253 -0.0823211669921875
0.30938720703125 0.2623291015625 -0.0132293701171875 -0.108673095703125
-0.023773193359375 0.45220947265625 0.00498962402343752 -0.274246215820313
-0.281280517578125 0.436431884765625 0.190155029296875 -0.407470703125
-0.410308837890625 0.279083251953125 0.534454345703125 -0.3642578125
-0.516876220703125 0.43536376953125 -0.0403289794921875 -0.0635871887207031
-0.24755859375 0.56597900390625 -0.05596923828125 0.0395355224609375
0.0765380859375 0.57171630859375 0.00149536132812501 0.0943298339843751
0.3795166015625 0.343597412109375 0.0878829956054688 0.0532073974609375
0.44781494140625 0.04571533203125 0.092620849609375 0.0257949829101563
0.396148681640625 -0.261932373046875 0.105583190917969 -0.0576553344726563
0.246795654296875 -0.374969482421875 0.0707855224609375 -0.0985183715820313
0.2449951171875 -0.338653564453125 0.0395889282226563 -0.0732269287109375
0.285308837890625 -0.38427734375 0.032318115234375 -0.0352630615234375
0.40704345703125 -0.2545166015625 -0.0020332336425781 -0.0507125854492188
0.490325927734375 0.03863525390625 -0.0861129760742187 -0.0258712768554687
0.38494873046875 0.320953369140625 -0.0859756469726563 -0.102088928222656
-0.01458740234375 0.5703125 -0.0262603759765625 -0.266387939453125
-0.32781982421875 0.5704345703125 0.15325927734375 -0.31988525390625
-0.503753662109375 0.379425048828125 0.3834228515625 -0.2584228515625
-0.530029296875 0.437713623046875 -0.204086303710938 0.0352020263671876
-0.2618408203125 0.56756591796875 -0.119850158691406 0.130447387695313
0.0589599609375 0.58355712890625 -0.0131759643554687 0.104171752929688
0.367828369140625 0.376068115234375 0.017730712890625 0.0419654846191406
0.45147705078125 0.081024169921875 -0.0114669799804687 0.0576553344726563
0.424774169921875 -0.226409912109375 0.0084342956542969 0.0476531982421875
0.287017822265625 -0.34649658203125 0.0067863464355469 0.0507164001464843
0.27978515625 -0.312744140625 -0.00318908691406249 0.0718307495117187
0.323944091796875 -0.35382080078125 -0.0275726318359375 0.107620239257812
0.4246826171875 -0.22003173828125 -0.0954971313476562 0.0589675903320313
0.494232177734375 0.076141357421875 -0.18170166015625 0.026397705078125
0.37646484375 0.343536376953125 -0.149398803710937 -0.0904388427734375
-0.0372924804687499 0.58966064453125 -0.0486297607421875 -0.229843139648437
-0.3533935546875 0.58404541015625 0.10198974609375 -0.190536499023438
-0.534454345703125 0.38507080078125 0.195907592773437 -0.128768920898438
-0.446380615234375 0.417877197265625 -0.371826171875 0.134674072265625
-0.20574951171875 0.510711669921875 -0.184478759765625 0.220260620117188
0.0709228515625 0.503143310546875 -0.0257644653320312 0.115936279296875
0.32086181640625 0.3251953125 -0.0492668151855469 0.0329132080078125
0.385406494140625 0.074493408203125 -0.105636596679687 0.0804290771484375
0.37542724609375 -0.185150146484375 -0.087646484375 0.136116027832031
0.264862060546875 -0.2825927734375 -0.0647430419921875 0.182388305664062
0.256851196289063 -0.25421142578125 -0.0563812255859375 0.200729370117187
0.296783447265625 -0.287994384765625 -0.0914154052734375 0.229293823242187
0.3721923828125 -0.163726806640625 -0.18487548828125 0.15582275390625
0.413909912109375 0.08953857421875 -0.25860595703125 0.0730285644531249
0.299346923828125 0.30133056640625 -0.20074462890625 -0.0741424560546875
-0.052703857421875 0.498138427734375 -0.0690155029296875 -0.176101684570312
-0.305938720703125 0.501922607421875 0.0358390808105469 -0.06304931640625
-0.470123291015625 0.347412109375 -0.00528717041015628 -0.0159797668457031
-0.28924560546875 0.346832275390625 -0.51373291015625 0.22509765625
-0.111602783203125 0.378509521484375 -0.240264892578125 0.292388916015625
0.079376220703125 0.337554931640625 -0.0378799438476563 0.129058837890625
0.22454833984375 0.210830688476562 -0.0995712280273437 0.031951904296875
0.25360107421875 0.0471649169921875 -0.168685913085937 0.09326171875
0.262863159179688 -0.121490478515625 -0.160232543945313 0.199432373046875
0.1966552734375 -0.179153442382812 -0.12396240234375 0.28302001953125
0.189468383789063 -0.160675048828125 -0.100616455078125 0.29833984375
0.224105834960938 -0.177505493164063 -0.1456298828125 0.31622314453125
0.262649536132813 -0.0798187255859375 -0.253021240234375 0.222686767578125
0.264923095703125 0.0944061279296875 -0.30401611328125 0.09161376953125
0.16595458984375 0.212432861328125 -0.225570678710938 -0.0661163330078124
-0.066375732421875 0.318328857421875 -0.072540283203125 -0.125511169433594
-0.212860107421875 0.326873779296875 -0.0222129821777344 0.0379676818847656
-0.324615478515625 0.2498779296875 -0.178115844726563 0.0735015869140625
-0.090179443359375 0.228713989257813 -0.60577392578125 0.2939453125
-0.00480651855468748 0.20263671875 -0.27947998046875 0.34423828125
0.0848617553710937 0.131507873535156 -0.04052734375 0.1475830078125
0.104179382324219 0.0648193359375 -0.119247436523438 0.041290283203125
0.0898818969726563 0.00634002685546875 -0.18951416015625 0.0962066650390625
0.106658935546875 -0.0429534912109375 -0.198150634765625 0.22784423828125
0.0956268310546875 -0.0525283813476563 -0.1588134765625 0.335235595703125
0.0936737060546875 -0.0469894409179688 -0.130523681640625 0.3486328125
0.117935180664063 -0.0467681884765625 -0.18511962890625 0.35443115234375
0.117141723632812 0.00982666015625 -0.29254150390625 0.25091552734375
0.0872344970703125 0.0830612182617187 -0.312896728515625 0.08642578125
0.0224456787109375 0.09600830078125 -0.221405029296875 -0.0701751708984375
-0.0607528686523438 0.103668212890625 -0.0605392456054688 -0.09161376953125
-0.0837020874023437 0.116615295410156 -0.0600357055664062 0.095428466796875
-0.126876831054688 0.122215270996094 -0.2938232421875 0.12725830078125
-0.108268737792969 -0.0115585327148438 0.274246215820313 -0.2271728515625
-0.0643081665039062 0.102516174316406 0.0636520385742188 -0.12921142578125
0.0402679443359375 0.107887268066406 0.0226669311523438 0.0756988525390625
0.0931396484375 0.0232696533203125 0.198822021484375 0.0899505615234375
0.089141845703125 -0.0370254516601563 0.277603149414063 -0.044403076171875
0.0350341796875 -0.0843124389648438 0.261795043945313 -0.25146484375
-0.00070953369140625 -0.100509643554688 0.172210693359375 -0.372283935546875
0.00530242919921874 -0.079986572265625 0.112640380859375 -0.3521728515625
0.009429931640625 -0.0848388671875 0.135528564453125 -0.3182373046875
0.0575981140136719 -0.0539627075195313 0.195602416992188 -0.23736572265625
0.0679588317871094 0.0123176574707031 0.156967163085938 -0.124664306640625
0.0286178588867187 0.0705413818359375 0.096527099609375 -0.0814971923828125
-0.0587539672851563 0.0528144836425781 0.0831756591796875 -0.199569702148438
-0.108283996582031 -0.00923156738281248 0.254608154296875 -0.3765869140625
-0.066497802734375 -0.0673141479492188 0.6650390625 -0.30841064453125
-0.304168701171875 0.1405029296875 0.232803344726562 -0.205398559570312
-0.167587280273437 0.275344848632813 0.0511703491210937 -0.103706359863281
0.024017333984375 0.29290771484375 0.00857543945312501 0.0741195678710938
0.193862915039063 0.15997314453125 0.16998291015625 0.08319091796875
0.232376098632813 0.00543212890625 0.237030029296875 -0.019927978515625
0.183639526367188 -0.151885986328125 0.240585327148438 -0.20635986328125
0.103668212890625 -0.217529296875 0.16156005859375 -0.319305419921875
0.10626220703125 -0.194732666015625 0.106719970703125 -0.301025390625
0.12628173828125 -0.213272094726562 0.120697021484375 -0.26446533203125
0.205368041992188 -0.136703491210938 0.159072875976563 -0.204757690429687
0.240966796875 0.030914306640625 0.0988540649414063 -0.105484008789063
0.157272338867188 0.185287475585938 0.0610733032226563 -0.0944976806640625
-0.0658721923828125 0.2545166015625 0.0589752197265625 -0.233840942382812
-0.21636962890625 0.2032470703125 0.2440185546875 -0.392120361328125
-0.254348754882813 0.0931549072265626 0.60076904296875 -0.4276123046875
-0.417816162109375 0.354034423828125 0.109634399414062 -0.176193237304687
-0.1812744140625 0.4659423828125 0.00219726562499999 -0.0516090393066406
0.093536376953125 0.45770263671875 0.0166397094726563 0.0746307373046875
0.33087158203125 0.239715576171875 0.145095825195313 0.049896240234375
0.36651611328125 -0.011322021484375 0.177093505859375 -0.023468017578125
0.28558349609375 -0.2567138671875 0.169570922851563 -0.1695556640625
0.1522216796875 -0.3428955078125 0.097381591796875 -0.247344970703125
0.154815673828125 -0.31207275390625 0.049072265625 -0.218154907226563
0.180328369140625 -0.3519287109375 0.0609283447265625 -0.182281494140625
0.30389404296875 -0.25506591796875 0.0697784423828125 -0.15771484375
0.398345947265625 -0.012176513671875 0.00598907470703127 -0.077423095703125
0.324005126953125 0.238037109375 -0.0179672241210937 -0.104080200195312
0.00723266601562498 0.445526123046875 -0.0102081298828125 -0.262069702148438
-0.24566650390625 0.448455810546875 0.1646728515625 -0.41094970703125
-0.383697509765625 0.303314208984375 0.501617431640625 -0.3826904296875
-0.48162841796875 0.457183837890625 -0.0263175964355469 -0.0645751953125
-0.2059326171875 0.56768798828125 -0.0423774719238281 0.0356712341308594
0.1082763671875 0.556365966796875 0.0124282836914063 0.0868988037109375
0.3953857421875 0.31256103515625 0.090606689453125 0.0421218872070313
0.44537353515625 0.017120361328125 0.0907135009765625 0.0167465209960938
0.37078857421875 -0.2840576171875 0.102256774902344 -0.0657272338867188
0.217864990234375 -0.38409423828125 0.0655899047851563 -0.105583190917969
0.21630859375 -0.349609375 0.0340957641601563 -0.0786056518554688
0.25518798828125 -0.39501953125 0.0327262878417969 -0.0384063720703125
0.378570556640625 -0.278076171875 -0.00226593017578123 -0.0506324768066406
0.485931396484375 0.003997802734375 -0.0846939086914062 -0.0188369750976563
0.402557373046875 0.291259765625 -0.0832977294921875 -0.0940780639648437
0.02056884765625 0.56402587890625 -0.0382232666015625 -0.253890991210937
-0.2852783203125 0.58184814453125 0.13140869140625 -0.318756103515625
-0.47747802734375 0.401397705078125 0.3624267578125 -0.270843505859375
-0.49462890625 0.466796875 -0.185089111328125 0.043487548828125
-0.22357177734375 0.57232666015625 -0.100791931152344 0.133041381835938
0.095947265625 0.5704345703125 -0.00235748291015625 0.102210998535156
0.39129638671875 0.34454345703125 0.0216598510742188 0.0382308959960938
0.44964599609375 0.05322265625 -0.0056953430175781 0.0522422790527344
0.403106689453125 -0.253265380859375 0.0157394409179688 0.0392494201660156
0.260711669921875 -0.3607177734375 0.0112762451171875 0.0427513122558593
0.254425048828125 -0.328704833984375 6.48498535156471E-05 0.0648689270019531
0.296600341796875 -0.3699951171875 -0.0175323486328125 0.103324890136719
0.40179443359375 -0.246307373046875 -0.0860061645507812 0.0604705810546875
0.492156982421875 0.04010009765625 -0.172454833984375 0.0401763916015625
0.39312744140625 0.31842041015625 -0.1490478515625 -0.0760650634765625
3.59556205142978E-17 0.58721923828125 -0.0571441650390625 -0.21820068359375
-0.30804443359375 0.59521484375 0.091796875 -0.189865112304687
-0.51116943359375 0.409423828125 0.182586669921875 -0.130752563476562
-0.420196533203125 0.440399169921875 -0.347198486328125 0.15283203125
-0.175048828125 0.514312744140625 -0.158706665039062 0.226348876953125
0.100311279296875 0.491058349609375 -0.0138015747070312 0.11553955078125
0.343292236328125 0.30218505859375 -0.043792724609375 0.0334663391113281
0.387237548828125 0.0491943359375 -0.0964202880859375 0.0813446044921875
0.3575439453125 -0.210479736328125 -0.0731658935546875 0.134536743164063
0.242828369140625 -0.297637939453125 -0.05157470703125 0.17901611328125
0.238433837890625 -0.269012451171875 -0.04071044921875 0.194503784179687
0.274169921875 -0.30450439453125 -0.0720062255859375 0.226119995117187
0.354827880859375 -0.18621826171875 -0.16796875 0.161712646484375
0.4141845703125 0.060546875 -0.246322631835937 0.0876007080078125
0.316314697265625 0.27978515625 -0.1944580078125 -0.0574493408203125
-0.021942138671875 0.4979248046875 -0.0755767822265625 -0.165176391601562
-0.272552490234375 0.51171875 0.0314903259277344 -0.06048583984375
-0.4473876953125 0.368133544921875 -0.00775861740112307 -0.00753116607666013
-0.272369384765625 0.3590087890625 -0.48565673828125 0.25286865234375
-0.095001220703125 0.381317138671875 -0.21466064453125 0.304046630859375
0.09588623046875 0.3323974609375 -0.0253982543945312 0.128547668457031
0.241241455078125 0.196075439453125 -0.0944671630859375 0.0364151000976563
0.258056640625 0.0325927734375 -0.157318115234375 0.102706909179687
0.253280639648438 -0.141586303710938 -0.142745971679687 0.202423095703125
0.183349609375 -0.195266723632813 -0.101531982421875 0.28216552734375
0.180191040039063 -0.174652099609375 -0.078155517578125 0.294830322265625
0.211883544921875 -0.193191528320312 -0.121337890625 0.313995361328125
0.253509521484375 -0.0977783203125 -0.230148315429688 0.231414794921875
0.272735595703125 0.0774078369140625 -0.2886962890625 0.109527587890625
0.178604125976563 0.201446533203125 -0.2188720703125 -0.0494537353515625
-0.04705810546875 0.324615478515625 -0.0744094848632812 -0.116531372070312
-0.1942138671875 0.33709716796875 -0.0179061889648438 0.0419387817382813
-0.31219482421875 0.262664794921875 -0.174407958984375 0.0895233154296876
-0.0833282470703125 0.229217529296875 -0.57720947265625 0.3260498046875
-0.00198364257812502 0.201629638671875 -0.25103759765625 0.359466552734375
0.0880508422851563 0.126792907714844 -0.0293731689453125 0.147705078125
0.110298156738281 0.0613632202148438 -0.111824035644531 0.0470428466796875
0.09539794921875 0.0042877197265625 -0.178207397460937 0.105941772460938
0.1051025390625 -0.0518341064453125 -0.178085327148437 0.232650756835937
0.0917434692382813 -0.0627822875976563 -0.136993408203125 0.339447021484375
0.0925750732421875 -0.052337646484375 -0.107025146484375 0.351318359375
0.115005493164063 -0.0550003051757813 -0.160247802734375 0.35498046875
0.118186950683594 -0.00038909912109375 -0.269027709960938 0.262802124023437
0.0986099243164063 0.0746078491210938 -0.29803466796875 0.104217529296875
0.0296630859375 0.0966644287109375 -0.220169067382813 -0.0536651611328125
-0.055450439453125 0.113616943359375 -0.062591552734375 -0.0874862670898437
-0.0769195556640625 0.122940063476563 -0.0555801391601563 0.101402282714844
-0.1258544921875 0.127143859863281 -0.288421630859375 0.151214599609375
-0.100929260253906 -0.00963592529296874 0.268630981445313 -0.237899780273438
-0.0550384521484375 0.0966644287109375 0.0623855590820313 -0.131591796875
0.0428085327148437 0.100273132324219 0.0223846435546875 0.0710678100585937
0.0874786376953125 0.01812744140625 0.193695068359375 0.079193115234375
0.0828399658203125 -0.0392532348632813 0.268264770507813 -0.052703857421875
0.0295028686523437 -0.0805816650390625 0.244216918945313 -0.252975463867188
-0.00527954101562499 -0.0952911376953125 0.1546630859375 -0.370025634765625
-0.00130462646484374 -0.0761947631835938 0.100189208984375 -0.3475341796875
0.000885009765625006 -0.0789871215820313 0.124420166015625 -0.315185546875
0.0498466491699219 -0.0554847717285156 0.18109130859375 -0.236297607421875
0.066131591796875 0.0074920654296875 0.147552490234375 -0.124969482421875
0.0298118591308594 0.066741943359375 0.0938491821289063 -0.0827789306640625
-0.0529327392578125 0.0510749816894531 0.0719146728515625 -0.195281982421875
-0.101455688476563 -0.00348663330078124 0.23516845703125 -0.37628173828125
-0.0598564147949219 -0.0592269897460937 0.63897705078125 -0.3248291015625
-0.287811279296875 0.147125244140625 0.231781005859375 -0.214996337890625
-0.149734497070312 0.267532348632813 0.052093505859375 -0.109031677246094
0.0347900390625 0.28131103515625 0.0126571655273438 0.0676231384277344
0.190505981445313 0.149139404296875 0.165298461914063 0.0724639892578125
0.223648071289063 -0.0040130615234375 0.229354858398438 -0.0275115966796875
0.17034912109375 -0.156097412109375 0.224929809570313 -0.208694458007813
0.092193603515625 -0.21649169921875 0.146026611328125 -0.318389892578125
0.0938262939453125 -0.190994262695313 0.093780517578125 -0.298675537109375
0.112045288085938 -0.2117919921875 0.111907958984375 -0.2637939453125
0.191757202148438 -0.1416015625 0.144500732421875 -0.206756591796875
0.235153198242188 0.0181121826171875 0.0940399169921875 -0.106544494628906
0.162689208984375 0.171127319335938 0.0574417114257813 -0.0926284790039062
-0.0526275634765625 0.249252319335937 0.0501556396484375 -0.225296020507813
-0.199325561523437 0.209365844726563 0.227935791015625 -0.38861083984375
-0.242218017578125 0.102920532226562 0.5745849609375 -0.4376220703125
-0.392547607421875 0.359405517578125 0.11102294921875 -0.18084716796875
-0.16009521484375 0.455963134765625 0.00753402709960936 -0.058685302734375
0.103485107421875 0.438873291015625 0.017974853515625 0.0720138549804688
0.327880859375 0.22088623046875 0.143035888671875 0.042724609375
0.35443115234375 -0.023681640625 0.171707153320313 -0.03057861328125
0.266830444335937 -0.261932373046875 0.15960693359375 -0.175155639648438
0.134307861328125 -0.343017578125 0.0855560302734375 -0.248123168945313
0.13861083984375 -0.30938720703125 0.042144775390625 -0.219879150390625
0.15985107421875 -0.35003662109375 0.058074951171875 -0.183929443359375
0.280075073242188 -0.260406494140625 0.06170654296875 -0.157623291015625
0.39129638671875 -0.028045654296875 0.00544738769531253 -0.0737152099609375
0.326629638671875 0.2193603515625 -0.0145797729492187 -0.101097106933594
0.023956298828125 0.43804931640625 -0.0174713134765625 -0.254547119140625
-0.218994140625 0.44873046875 0.15142822265625 -0.399566650390625
-0.3646240234375 0.310791015625 0.479888916015625 -0.38818359375
-0.45489501953125 0.46392822265625 -0.0190505981445313 -0.0726776123046875
-0.18115234375 0.5570068359375 -0.0296669006347656 0.0316619873046875
0.1253662109375 0.536712646484375 0.0148849487304688 0.0824813842773438
0.400970458984375 0.29071044921875 0.0897903442382813 0.0377731323242188
0.4356689453125 0.00030517578125 0.0912551879882813 0.0118408203125
0.349334716796875 -0.291839599609375 0.100494384765625 -0.0709304809570313
0.198944091796875 -0.387664794921875 0.0598831176757813 -0.109222412109375
0.1998291015625 -0.350921630859375 0.031890869140625 -0.0840225219726563
0.23065185546875 -0.39739990234375 0.0353851318359375 -0.0450096130371094
0.35552978515625 -0.288055419921875 -0.00466537475585935 -0.0498924255371094
0.4771728515625 -0.01629638671875 -0.079071044921875 -0.0128936767578125
0.407501220703125 0.26934814453125 -0.0791168212890625 -0.0874862670898437
0.04241943359375 0.552215576171875 -0.043701171875 -0.245452880859375
-0.25537109375 0.57989501953125 0.123687744140625 -0.309722900390625
-0.453826904296875 0.411346435546875 0.34423828125 -0.271026611328125
-0.471649169921875 0.467864990234375 -0.1700439453125 0.04327392578125
-0.20172119140625 0.56683349609375 -0.0831298828125 0.128028869628906
0.112884521484375 0.555328369140625 0.00450134277343751 0.0953216552734375
0.398193359375 0.3271484375 0.02374267578125 0.0336475372314453
0.44439697265625 0.03338623046875 -0.00281906127929684 0.0489921569824219
0.38433837890625 -0.266632080078125 0.0182838439941406 0.0375022888183594
0.242645263671875 -0.364654541015625 0.0143013000488281 0.0390625
0.236328125 -0.329681396484375 0.00283050537109376 0.0589714050292969
0.270233154296875 -0.377105712890625 -0.00807952880859374 0.0963592529296875
0.38031005859375 -0.25897216796875 -0.0825958251953125 0.0618972778320312
0.486236572265625 0.01702880859375 -0.163726806640625 0.0472564697265625
0.39971923828125 0.293487548828125 -0.139801025390625 -0.0715408325195312
0.02203369140625 0.57513427734375 -0.05865478515625 -0.209259033203125
-0.27984619140625 0.594970703125 0.085693359375 -0.181289672851562
-0.4866943359375 0.418670654296875 0.1739501953125 -0.126312255859375
-0.398956298828125 0.44195556640625 -0.326568603515625 0.15838623046875
-0.15875244140625 0.5101318359375 -0.139404296875 0.224807739257813
0.1156005859375 0.480682373046875 -0.00574493408203124 0.110031127929688
0.351287841796875 0.283050537109375 -0.0400047302246093 0.0322685241699219
0.3822021484375 0.03375244140625 -0.0897445678710937 0.08160400390625
0.34356689453125 -0.223388671875 -0.0644607543945312 0.129844665527344
0.226959228515625 -0.305267333984375 -0.0415191650390625 0.174163818359375
0.222732543945313 -0.275375366210938 -0.0349578857421875 0.188201904296875
0.257232666015625 -0.311126708984375 -0.0585784912109375 0.221038818359375
0.3385009765625 -0.19976806640625 -0.157546997070313 0.160614013671875
0.411468505859375 0.040679931640625 -0.233474731445312 0.0947875976562499
0.3223876953125 0.2635498046875 -0.188827514648437 -0.0497589111328125
-0.00296020507812504 0.490020751953125 -0.073822021484375 -0.158645629882812
-0.247283935546875 0.51019287109375 0.0313072204589844 -0.0544776916503906
-0.4322509765625 0.3720703125 -0.0107889175415039 0.00122833251953127
-0.2591552734375 0.35955810546875 -0.461181640625 0.261474609375
-0.084625244140625 0.37896728515625 -0.191314697265625 0.3040771484375
0.105010986328125 0.324310302734375 -0.0163421630859375 0.125167846679688
0.246963500976563 0.186111450195313 -0.0880813598632812 0.0374374389648438
0.257400512695313 0.021942138671875 -0.150543212890625 0.101760864257812
0.243545532226563 -0.149398803710938 -0.129928588867187 0.199508666992187
0.172256469726563 -0.200546264648438 -0.089813232421875 0.2784423828125
0.170364379882813 -0.180252075195313 -0.068756103515625 0.2869873046875
0.200775146484375 -0.200820922851563 -0.105560302734375 0.3096923828125
0.244720458984375 -0.107925415039063 -0.215972900390625 0.231781005859375
0.271865844726563 0.0613250732421875 -0.274612426757813 0.117401123046875
0.185943603515625 0.193283081054688 -0.211685180664063 -0.0390625
-0.03326416015625 0.319580078125 -0.0735549926757813 -0.111335754394531
-0.17779541015625 0.333709716796875 -0.018707275390625 0.0468063354492188
-0.30572509765625 0.264923095703125 -0.171188354492188 0.1019287109375
-0.0795440673828125 0.22296142578125 -0.550872802734375 0.336456298828125
-0.000122070312500015 0.19891357421875 -0.23114013671875 0.358734130859375
0.0877685546875 0.125 -0.0196075439453125 0.143218994140625
0.113945007324219 0.0591964721679687 -0.107597351074219 0.05029296875
0.0938873291015625 0.00098419189453125 -0.17095947265625 0.106964111328125
0.102890014648438 -0.056793212890625 -0.166275024414063 0.231979370117187
0.0895919799804688 -0.0670318603515625 -0.12042236328125 0.334869384765625
0.0911331176757813 -0.06036376953125 -0.09344482421875 0.343048095703125
0.113578796386719 -0.063720703125 -0.142059326171875 0.353240966796875
0.117416381835938 -0.00821685791015625 -0.249664306640625 0.261795043945313
0.101829528808594 0.0686721801757812 -0.2840576171875 0.112548828125
0.0355682373046875 0.0950927734375 -0.2110595703125 -0.042510986328125
-0.0488662719726562 0.113563537597656 -0.063018798828125 -0.0805740356445312
-0.074432373046875 0.123039245605469 -0.0522613525390625 0.103271484375
-0.12823486328125 0.126747131347656 -0.280792236328125 0.165695190429688
-0.0962448120117188 -0.00917816162109375 0.267898559570313 -0.245651245117187
-0.0473480224609375 0.0903167724609375 0.0634841918945313 -0.136627197265625
0.0423049926757813 0.0938796997070312 0.0222702026367188 0.0675163269042969
0.0819931030273438 0.0159454345703125 0.190078735351563 0.07330322265625
0.0775985717773437 -0.0399169921875 0.261032104492188 -0.05694580078125
0.0254135131835938 -0.0783920288085938 0.235794067382813 -0.251846313476563
-0.00933074951171876 -0.0910110473632813 0.146148681640625 -0.368743896484375
-0.0054931640625 -0.071868896484375 0.094146728515625 -0.345489501953125
-0.0033721923828125 -0.0744094848632813 0.11767578125 -0.314056396484375
0.0437469482421875 -0.0539665222167969 0.174728393554688 -0.2353515625
0.0626487731933594 0.00463485717773437 0.14361572265625 -0.124588012695313
0.029937744140625 0.06268310546875 0.0906448364257813 -0.0826644897460938
-0.0500640869140625 0.0495033264160156 0.0669097900390625 -0.1912841796875
-0.0954513549804688 0.000259399414062509 0.228851318359375 -0.374908447265625
-0.0531692504882813 -0.05609130859375 0.625244140625 -0.33331298828125
-0.279281616210938 0.149505615234375 0.234466552734375 -0.223846435546875
-0.138687133789063 0.260879516601563 0.0562667846679688 -0.114501953125
0.037445068359375 0.273391723632813 0.0126533508300781 0.0638885498046875
0.188919067382813 0.1414794921875 0.162445068359375 0.068023681640625
0.219375610351563 -0.007476806640625 0.223617553710938 -0.030792236328125
0.164306640625 -0.157760620117188 0.21844482421875 -0.210037231445313
0.0858001708984375 -0.214950561523438 0.13897705078125 -0.319244384765625
0.0881500244140625 -0.188827514648438 0.08721923828125 -0.2991943359375
0.102630615234375 -0.209030151367187 0.108245849609375 -0.263381958007813
0.182098388671875 -0.1436767578125 0.139144897460938 -0.206451416015625
0.231887817382813 0.0117034912109375 0.0924606323242188 -0.104888916015625
0.16595458984375 0.164749145507812 0.0563125610351563 -0.09283447265625
-0.0454864501953125 0.247055053710938 0.0465087890625 -0.222183227539062
-0.189865112304688 0.213027954101563 0.223480224609375 -0.387786865234375
-0.234115600585937 0.108856201171875 0.561065673828125 -0.440338134765625
-0.381378173828125 0.36004638671875 0.115158081054687 -0.19189453125
-0.148223876953125 0.446533203125 0.0142364501953125 -0.0640220642089843
0.108612060546875 0.42938232421875 0.0201301574707031 0.068572998046875
0.328277587890625 0.211639404296875 0.140357971191406 0.0388641357421875
0.350006103515625 -0.029205322265625 0.167709350585938 -0.032867431640625
0.254898071289063 -0.265792846679688 0.15460205078125 -0.175506591796875
0.124481201171875 -0.34130859375 0.07928466796875 -0.249053955078125
0.12860107421875 -0.30914306640625 0.0364227294921875 -0.220794677734375
0.14996337890625 -0.347930908203125 0.057373046875 -0.184814453125
0.268157958984375 -0.263717651367188 0.0576171875 -0.156158447265625
0.384521484375 -0.040130615234375 0.00655364990234378 -0.0727462768554688
0.33038330078125 0.207611083984375 -0.013092041015625 -0.100555419921875
0.033355712890625 0.43414306640625 -0.0189666748046875 -0.249191284179687
-0.2052001953125 0.45068359375 0.148468017578125 -0.394866943359375
-0.354522705078125 0.3154296875 0.470916748046875 -0.388671875
-0.440521240234375 0.46417236328125 -0.0116958618164063 -0.0792312622070312
-0.170166015625 0.550628662109375 -0.022003173828125 0.0250396728515625
0.131683349609375 0.5267333984375 0.0182113647460938 0.0783309936523438
0.4019775390625 0.278533935546875 0.0895309448242188 0.0331573486328125
0.429351806640625 -0.0091552734375 0.089752197265625 0.00812530517578125
0.33599853515625 -0.29986572265625 0.0985336303710938 -0.0753173828125
0.189239501953125 -0.387939453125 0.0580215454101563 -0.111862182617188
0.1900634765625 -0.35150146484375 0.0277252197265625 -0.087799072265625
0.217376708984375 -0.399444580078125 0.0363693237304688 -0.0490341186523438
0.3419189453125 -0.294921875 -0.00500488281249997 -0.0493736267089844
0.4725341796875 -0.02984619140625 -0.0746841430664062 -0.00925445556640625
0.41033935546875 0.25714111328125 -0.0759963989257812 -0.087005615234375
0.053497314453125 0.5491943359375 -0.044647216796875 -0.239959716796875
-0.24066162109375 0.57855224609375 0.1217041015625 -0.30413818359375
-0.444305419921875 0.414886474609375 0.337646484375 -0.267303466796875
-0.458984375 0.47027587890625 -0.159759521484375 0.037994384765625
-0.190216064453125 0.562255859375 -0.07354736328125 0.123298645019531
0.118194580078125 0.54815673828125 0.00890350341796876 0.0919647216796875
0.402740478515625 0.313262939453125 0.0258808135986328 0.0309696197509766
0.441650390625 0.02459716796875 -0.00195312499999997 0.0476150512695313
0.37286376953125 -0.275909423828125 0.021627426147461 0.0312709808349609
0.231658935546875 -0.37042236328125 0.0147514343261719 0.0347709655761719
0.227752685546875 -0.334564208984375 0.000568389892578143 0.05291748046875
0.258575439453125 -0.3809814453125 -0.00308227539062497 0.0905838012695312
0.36846923828125 -0.265838623046875 -0.080535888671875 0.0611724853515625
0.482452392578125 0.00445556640625 -0.157608032226562 0.0505523681640625
0.403900146484375 0.284393310546875 -0.135124206542969 -0.0689239501953125
0.03118896484375 0.57147216796875 -0.0588531494140625 -0.204147338867187
-0.26654052734375 0.59161376953125 0.0854644775390625 -0.175765991210937
-0.481292724609375 0.420379638671875 0.171722412109375 -0.120361328125
-0.3890380859375 0.44366455078125 -0.312957763671875 0.15753173828125
-0.152191162109375 0.5087890625 -0.12896728515625 0.221435546875
0.121124267578125 0.47674560546875 -0.000572204589843754 0.107177734375
0.3582763671875 0.27374267578125 -0.0372657775878906 0.0311737060546875
0.383209228515625 0.026031494140625 -0.0873184204101562 0.0799636840820312
0.33441162109375 -0.231964111328125 -0.0584564208984375 0.125236511230469
0.218994140625 -0.310455322265625 -0.0377349853515625 0.169631958007812
0.214706420898437 -0.279937744140625 -0.0336456298828125 0.182235717773438
0.248443603515625 -0.315948486328125 -0.0521240234375 0.214126586914062
0.32965087890625 -0.206573486328125 -0.151611328125 0.160659790039063
0.410491943359375 0.02789306640625 -0.225112915039063 0.0994110107421875
0.326416015625 0.25457763671875 -0.182373046875 -0.047149658203125
0.00750732421874997 0.48626708984375 -0.0727691650390625 -0.155303955078125
-0.236663818359375 0.507476806640625 0.031829833984375 -0.0504226684570312
-0.429443359375 0.374542236328125 -0.0100784301757813 0.00865936279296877
-0.255859375 0.357208251953125 -0.4471435546875 0.26513671875
-0.08404541015625 0.37860107421875 -0.180999755859375 0.303192138671875
0.10675048828125 0.32366943359375 -0.0108642578125 0.122917175292969
0.253448486328125 0.180770874023438 -0.0847930908203125 0.0386123657226563
0.259307861328125 0.0178680419921875 -0.14605712890625 0.101089477539062
0.238296508789062 -0.157333374023437 -0.122665405273437 0.195144653320313
0.16766357421875 -0.2061767578125 -0.0827789306640625 0.274490356445312
0.166671752929688 -0.185699462890625 -0.06494140625 0.281646728515625
0.195587158203125 -0.207183837890625 -0.09722900390625 0.303466796875
0.239730834960938 -0.115554809570313 -0.206802368164063 0.231124877929687
0.273757934570313 0.0525054931640625 -0.265213012695313 0.121719360351562
0.18975830078125 0.189651489257813 -0.205474853515625 -0.0362396240234375
-0.02752685546875 0.3209228515625 -0.0727767944335938 -0.108924865722656
-0.172119140625 0.333160400390625 -0.0173454284667969 0.0496406555175781
-0.306365966796875 0.267181396484375 -0.168716430664063 0.111907958984375
-0.08001708984375 0.220947265625 -0.538299560546875 0.343780517578125
-0.00389099121093752 0.199935913085938 -0.221160888671875 0.360137939453125
0.0859603881835938 0.125564575195313 -0.0139923095703125 0.141647338867188
0.117294311523438 0.0582199096679688 -0.103271484375 0.0510711669921875
0.0973968505859375 0.00119781494140625 -0.166091918945312 0.1072998046875
0.10272216796875 -0.0608596801757813 -0.159088134765625 0.228607177734375
0.0869369506835937 -0.0716018676757813 -0.112060546875 0.33233642578125
0.0898666381835938 -0.064666748046875 -0.087646484375 0.339263916015625
0.112724304199219 -0.0692977905273438 -0.1319580078125 0.3494873046875
0.117713928222656 -0.0134429931640625 -0.239410400390625 0.261810302734375
0.104850769042969 0.0639419555664063 -0.276092529296875 0.116653442382812
0.0403671264648438 0.09588623046875 -0.20684814453125 -0.038604736328125
-0.045074462890625 0.117424011230469 -0.0624237060546875 -0.0783233642578125
-0.0743026733398438 0.123985290527344 -0.0527496337890625 0.107353210449219
-0.132156372070313 0.126640319824219 -0.277008056640625 0.177078247070312
-0.093994140625 -0.00843048095703125 0.271469116210938 -0.258819580078125
-0.04266357421875 0.086456298828125 0.0656890869140625 -0.143783569335938
0.043304443359375 0.0900039672851563 0.0217781066894531 0.0664558410644531
0.0782852172851562 0.0146865844726562 0.189743041992188 0.0704193115234375
0.0749893188476563 -0.0406875610351563 0.26043701171875 -0.06060791015625
0.0228347778320313 -0.07818603515625 0.232315063476563 -0.255462646484375
-0.012481689453125 -0.0901336669921875 0.140045166015625 -0.37384033203125
-0.00871276855468751 -0.0696258544921875 0.089996337890625 -0.35052490234375
-0.00775909423828125 -0.0710372924804688 0.115142822265625 -0.318084716796875
0.0386734008789063 -0.0541801452636719 0.171844482421875 -0.238082885742187
0.061187744140625 0.00200653076171875 0.143173217773438 -0.126953125
0.0309219360351562 0.0601310729980469 0.0903472900390625 -0.0847396850585938
-0.0484542846679688 0.0490875244140625 0.0643157958984375 -0.192474365234375
-0.0911865234375 0.00328063964843751 0.22747802734375 -0.38372802734375
-0.0486221313476563 -0.0552635192871094 0.6265869140625 -0.3460693359375
-0.276657104492188 0.153411865234375 0.239166259765625 -0.237075805664063
-0.13311767578125 0.259521484375 0.0599288940429687 -0.122093200683594
0.0409698486328125 0.27197265625 0.0132369995117187 0.06207275390625
0.189163208007812 0.138961791992188 0.163406372070313 0.065338134765625
0.218536376953125 -0.01043701171875 0.222991943359375 -0.035003662109375
0.160507202148438 -0.16192626953125 0.216583251953125 -0.214569091796875
0.0814361572265625 -0.218475341796875 0.134796142578125 -0.326019287109375
0.08319091796875 -0.190719604492188 0.082672119140625 -0.30487060546875
0.097503662109375 -0.211013793945313 0.10687255859375 -0.269180297851563
0.176284790039063 -0.14825439453125 0.137298583984375 -0.209579467773437
0.233154296875 0.0038604736328125 0.0928192138671875 -0.105628967285156
0.17144775390625 0.160614013671875 0.0565948486328125 -0.095489501953125
-0.04107666015625 0.251190185546875 0.0440826416015625 -0.2227783203125
-0.184280395507813 0.219284057617187 0.222991943359375 -0.39404296875
-0.2320556640625 0.114715576171875 0.561126708984375 -0.45208740234375
-0.376708984375 0.36627197265625 0.120346069335937 -0.203506469726562
-0.1400146484375 0.447662353515625 0.0200576782226562 -0.0728073120117187
0.11456298828125 0.429443359375 0.0211753845214844 0.0658950805664063
0.3323974609375 0.20635986328125 0.141403198242188 0.03521728515625
0.350738525390625 -0.035186767578125 0.166778564453125 -0.036346435546875
0.24822998046875 -0.273361206054688 0.152908325195313 -0.181045532226563
0.11700439453125 -0.347442626953125 0.0760345458984375 -0.254852294921875
0.12213134765625 -0.3134765625 0.031005859375 -0.226394653320313
0.140960693359375 -0.35382080078125 0.0562896728515625 -0.190444946289063
0.26080322265625 -0.269866943359375 0.0555572509765625 -0.157577514648438
0.385894775390625 -0.0516357421875 0.00794219970703128 -0.0717697143554688
0.337677001953125 0.201995849609375 -0.0132293701171875 -0.104324340820312
0.04119873046875 0.43988037109375 -0.0214691162109375 -0.249755859375
-0.196533203125 0.4580078125 0.14874267578125 -0.398406982421875
-0.352752685546875 0.324981689453125 0.471527099609375 -0.394805908203125
-0.436798095703125 0.47161865234375 -0.00504302978515628 -0.08782958984375
-0.163360595703125 0.55377197265625 -0.0153522491455078 0.0190677642822266
0.140045166015625 0.529754638671875 0.0200576782226563 0.0767593383789063
0.40997314453125 0.2720947265625 0.0907135009765625 0.0308837890625
0.433746337890625 -0.0169677734375 0.0892715454101563 0.006866455078125
0.330535888671875 -0.31060791015625 0.0991134643554688 -0.0811386108398438
0.180816650390625 -0.398651123046875 0.0563278198242188 -0.117294311523438
0.18414306640625 -0.36016845703125 0.0242233276367188 -0.0920867919921875
0.20916748046875 -0.409515380859375 0.0382614135742188 -0.0547370910644531
0.335693359375 -0.303131103515625 -0.00575256347656248 -0.0499382019042969
0.47613525390625 -0.044708251953125 -0.0727996826171875 -0.00618743896484374
0.420745849609375 0.250274658203125 -0.0753021240234375 -0.0892257690429687
0.063751220703125 0.5555419921875 -0.04681396484375 -0.23956298828125
-0.2310791015625 0.58740234375 0.122406005859375 -0.30572509765625
-0.445465087890625 0.42578125 0.338653564453125 -0.270263671875
-0.45770263671875 0.478240966796875 -0.153213500976563 0.0351409912109375
-0.1849365234375 0.568359375 -0.0653762817382813 0.120552062988281
0.127349853515625 0.55230712890625 0.0119476318359375 0.0897445678710938
0.41546630859375 0.30792236328125 0.0280723571777344 0.030233383178711
0.448211669921875 0.015625 -0.0017127990722656 0.04736328125
0.36859130859375 -0.28729248046875 0.023681640625 0.02642822265625
0.22491455078125 -0.380859375 0.015371322631836 0.031158447265625
0.222015380859375 -0.3438720703125 -0.00059509277343749 0.0501365661621094
0.252960205078125 -0.391021728515625 2.08339668913919E-17 0.0872955322265625
0.364227294921875 -0.275421142578125 -0.0796966552734375 0.0627059936523437
0.488311767578125 -0.008026123046875 -0.15478515625 0.0548248291015625
0.4144287109375 0.278228759765625 -0.133743286132812 -0.0700225830078125
0.0408935546875 0.57794189453125 -0.0608367919921875 -0.204864501953125
-0.25921630859375 0.60089111328125 0.0873870849609375 -0.175186157226562
-0.485382080078125 0.43060302734375 0.172988891601562 -0.117630004882812
-0.3897705078125 0.45086669921875 -0.308441162109375 0.15948486328125
-0.14898681640625 0.5169677734375 -0.120697021484375 0.221633911132813
0.12774658203125 0.4830322265625 0.003692626953125 0.10589599609375
0.37139892578125 0.26837158203125 -0.0348167419433594 0.0314388275146485
0.390716552734375 0.018524169921875 -0.0862503051757812 0.0815048217773438
0.33245849609375 -0.24517822265625 -0.0555877685546875 0.122474670410156
0.214111328125 -0.321502685546875 -0.0340423583984375 0.168212890625
0.2117919921875 -0.289459228515625 -0.0334320068359375 0.180999755859375
0.24285888671875 -0.32781982421875 -0.0469818115234375 0.212142944335938
0.326904296875 -0.216644287109375 -0.149124145507813 0.16259765625
0.416473388671875 0.01800537109375 -0.222015380859375 0.104278564453125
0.336181640625 0.251129150390625 -0.18048095703125 -0.0470733642578125
0.015869140625 0.49383544921875 -0.073974609375 -0.155609130859375
-0.233306884765625 0.515380859375 0.0337715148925781 -0.0475921630859375
-0.4351806640625 0.38580322265625 -0.00833702087402346 0.0153284072875977
-0.257110595703125 0.36309814453125 -0.4437255859375 0.2723388671875
-0.0833740234375 0.386749267578125 -0.17474365234375 0.307037353515625
0.111053466796875 0.328887939453125 -0.00616455078124999 0.122673034667969
0.264480590820313 0.177963256835938 -0.0828857421875 0.0394668579101563
0.26568603515625 0.0130767822265625 -0.145462036132812 0.103347778320313
0.23699951171875 -0.166900634765625 -0.119735717773438 0.194320678710937
0.163726806640625 -0.214706420898437 -0.078399658203125 0.275604248046875
0.164825439453125 -0.19439697265625 -0.063232421875 0.283294677734375
0.193771362304688 -0.217117309570313 -0.091644287109375 0.3045654296875
0.23919677734375 -0.124099731445312 -0.203720092773437 0.233413696289062
0.27886962890625 0.0443878173828125 -0.262481689453125 0.1265869140625
0.197402954101562 0.188339233398437 -0.204696655273438 -0.03515625
-0.022216796875 0.32586669921875 -0.0741424560546875 -0.10943603515625
-0.17059326171875 0.3392333984375 -0.016357421875 0.0544929504394532
-0.312530517578125 0.274169921875 -0.1685791015625 0.122879028320313
-0.0830535888671875 0.221832275390625 -0.536651611328125 0.35455322265625
-0.00686645507812499 0.20513916015625 -0.216522216796875 0.366729736328125
0.0857467651367188 0.129669189453125 -0.0101776123046875 0.142425537109375
0.123710632324219 0.05743408203125 -0.101768493652344 0.0531234741210938
0.102386474609375 0.000457763671875 -0.166152954101563 0.1090087890625
0.104026794433594 -0.065826416015625 -0.15679931640625 0.22998046875
0.0871429443359375 -0.0768814086914063 -0.107879638671875 0.3363037109375
0.090576171875 -0.0705490112304688 -0.084686279296875 0.3419189453125
0.1131591796875 -0.0766525268554687 -0.127166748046875 0.352264404296875
0.119438171386719 -0.0186843872070313 -0.234466552734375 0.266036987304688
0.110549926757812 0.0601654052734375 -0.274093627929688 0.121322631835938
0.045074462890625 0.0968780517578125 -0.206802368164062 -0.0361328125
-0.04241943359375 0.121932983398438 -0.064208984375 -0.0780181884765625
-0.076202392578125 0.127151489257813 -0.0531234741210937 0.112861633300781
-0.13934326171875 0.129997253417969 -0.278411865234375 0.190155029296875
-0.09344482421875 -0.00596618652343748 0.27362060546875 -0.278656005859375
-0.03826904296875 0.0843887329101563 0.0667724609375 -0.154434204101563
0.0460357666015625 0.0866470336914063 0.0232009887695313 0.0669441223144531
0.0771408081054688 0.0133438110351563 0.194259643554688 0.065643310546875
0.0721969604492188 -0.0418167114257813 0.262252807617188 -0.0698089599609375
0.0182342529296875 -0.0787429809570312 0.227737426757812 -0.26629638671875
-0.0180282592773438 -0.090576171875 0.13006591796875 -0.3863525390625
-0.0131378173828125 -0.0669937133789063 0.081787109375 -0.36102294921875
-0.0125083923339844 -0.0691146850585938 0.108673095703125 -0.330047607421875
0.0345039367675781 -0.0555038452148438 0.168365478515625 -0.248641967773438
0.06103515625 -0.0010223388671875 0.142974853515625 -0.132904052734375
0.0332298278808594 0.057373046875 0.0888442993164063 -0.089691162109375
-0.046966552734375 0.0511398315429687 0.05999755859375 -0.197311401367188
-0.0887374877929688 0.00730133056640624 0.22222900390625 -0.399749755859375
-0.0462646484375 -0.0548057556152344 0.62841796875 -0.3729248046875
-0.274856567382813 0.164688110351563 0.243270874023438 -0.257293701171875
-0.124465942382813 0.263763427734375 0.0628814697265625 -0.133071899414062
0.048553466796875 0.274322509765625 0.0152626037597656 0.062103271484375
0.195022583007812 0.135513305664062 0.167861938476563 0.0610198974609375
0.219985961914062 -0.0180206298828125 0.225189208984375 -0.041595458984375
0.154342651367188 -0.170730590820313 0.2132568359375 -0.225631713867188
0.0723114013671875 -0.225860595703125 0.125030517578125 -0.3387451171875
0.076171875 -0.195556640625 0.073944091796875 -0.315887451171875
0.0888519287109375 -0.21746826171875 0.1016845703125 -0.280838012695313
0.170944213867188 -0.156097412109375 0.132858276367188 -0.216598510742188
0.238021850585938 -0.0064697265625 0.0926742553710938 -0.109138488769531
0.180923461914063 0.155838012695313 0.0549240112304688 -0.100364685058594
-0.0327606201171875 0.258316040039063 0.038604736328125 -0.2279052734375
-0.176589965820313 0.231918334960937 0.21783447265625 -0.409698486328125
-0.230941772460938 0.125045776367188 0.5594482421875 -0.479248046875
-0.37103271484375 0.382171630859375 0.121749877929688 -0.219711303710938
-0.129486083984375 0.453826904296875 0.022979736328125 -0.0819778442382812
0.128509521484375 0.43402099609375 0.0236854553222656 0.0653228759765625
0.344635009765625 0.196929931640625 0.144317626953125 0.030426025390625
0.354949951171875 -0.046844482421875 0.167694091796875 -0.0410614013671875
0.2406005859375 -0.289093017578125 0.150177001953125 -0.191497802734375
0.10406494140625 -0.359130859375 0.0680694580078125 -0.26544189453125
0.111602783203125 -0.323516845703125 0.0218353271484375 -0.2342529296875
0.1285400390625 -0.365692138671875 0.0520477294921875 -0.199783325195313
0.252716064453125 -0.285003662109375 0.0517425537109375 -0.161972045898438
0.39178466796875 -0.0699462890625 0.00896453857421878 -0.071746826171875
0.35357666015625 0.191680908203125 -0.015472412109375 -0.108161926269531
0.058319091796875 0.44903564453125 -0.027923583984375 -0.253189086914063
-0.183746337890625 0.47479248046875 0.1434326171875 -0.41217041015625
-0.351898193359375 0.342620849609375 0.469482421875 -0.416229248046875
-0.432281494140625 0.492462158203125 -0.00231933593750003 -0.0978622436523437
-0.15057373046875 0.5655517578125 -0.00992679595947266 0.0120105743408203
0.15643310546875 0.537750244140625 0.0235061645507813 0.0752182006835938
0.429168701171875 0.26153564453125 0.0939788818359375 0.0268020629882813
0.44134521484375 -0.03173828125 0.091064453125 0.00372314453125
0.322113037109375 -0.330535888671875 0.0988922119140625 -0.0893325805664063
0.167205810546875 -0.415191650390625 0.0532302856445313 -0.124610900878906
0.173736572265625 -0.3748779296875 0.0180587768554688 -0.0973587036132813
0.197113037109375 -0.426055908203125 0.0388298034667969 -0.0618247985839844
0.32928466796875 -0.320953369140625 -0.00770187377929685 -0.0503082275390625
0.48468017578125 -0.065521240234375 -0.0715179443359375 -0.00244140625000001
0.43841552734375 0.2408447265625 -0.0790634155273437 -0.0912628173828125
0.08221435546875 0.5673828125 -0.0532073974609375 -0.241989135742187
-0.2156982421875 0.60870361328125 0.120513916015625 -0.314422607421875
-0.445953369140625 0.448822021484375 0.340057373046875 -0.2843017578125
-0.455963134765625 0.499267578125 -0.149200439453125 0.0340576171875
-0.17340087890625 0.58526611328125 -0.05859375 0.118850708007813
0.14501953125 0.5635986328125 0.0172271728515625 0.0893630981445313
0.43634033203125 0.297393798828125 0.0305213928222657 0.0276374816894531
0.45916748046875 9.1552734375E-05 -0.000110626220703098 0.0484580993652344
0.361724853515625 -0.3104248046875 0.026266098022461 0.0214214324951172
0.214935302734375 -0.400390625 0.016469955444336 0.0278530120849609
0.21435546875 -0.360595703125 -0.00253295898437499 0.0481834411621094
0.242034912109375 -0.412353515625 0.00432586669921877 0.084320068359375
0.35955810546875 -0.294830322265625 -0.0786056518554687 0.0655136108398437
0.4990234375 -0.030364990234375 -0.153167724609375 0.0621795654296875
0.433990478515625 0.269927978515625 -0.137542724609375 -0.0695953369140625
0.06036376953125 0.5908203125 -0.0672760009765625 -0.206451416015625
-0.24609375 0.62176513671875 0.0875396728515625 -0.179168701171875
-0.48748779296875 0.455413818359375 0.17626953125 -0.12200927734375
-0.389373779296875 0.468719482421875 -0.30438232421875 0.16680908203125
-0.138824462890625 0.533172607421875 -0.112106323242188 0.227569580078125
0.14434814453125 0.494720458984375 0.00965118408203127 0.105995178222656
0.3924560546875 0.2587890625 -0.0323772430419922 0.0312843322753906
0.402435302734375 0.0048828125 -0.0854568481445312 0.0856857299804688
0.327178955078125 -0.264923095703125 -0.0518798828125 0.122055053710937
0.205169677734375 -0.33935546875 -0.02984619140625 0.169189453125
0.20562744140625 -0.30584716796875 -0.031768798828125 0.183761596679688
0.235137939453125 -0.347564697265625 -0.039825439453125 0.2138671875
0.32403564453125 -0.234619140625 -0.146697998046875 0.170166015625
0.427825927734375 -0.0010986328125 -0.220138549804687 0.113525390625
0.352996826171875 0.24462890625 -0.184707641601562 -0.0453643798828125
0.031341552734375 0.50506591796875 -0.079925537109375 -0.155776977539062
-0.223388671875 0.53228759765625 0.0362396240234375 -0.0467491149902343
-0.438934326171875 0.405303955078125 -0.00594139099121097 0.0212497711181641
-0.25653076171875 0.37591552734375 -0.4417724609375 0.289398193359375
-0.07745361328125 0.401214599609375 -0.1658935546875 0.3189697265625
0.121795654296875 0.33819580078125 -2.28881835937318E-05 0.123405456542969
0.280044555664063 0.171188354492188 -0.0811691284179687 0.04180908203125
0.27606201171875 0.003753662109375 -0.14459228515625 0.109893798828125
0.236083984375 -0.181869506835938 -0.115692138671875 0.198211669921875
0.159881591796875 -0.228561401367188 -0.071533203125 0.282135009765625
0.1617431640625 -0.207290649414063 -0.05859375 0.28973388671875
0.189437866210938 -0.233489990234375 -0.082763671875 0.310577392578125
0.239791870117188 -0.137298583984375 -0.199447631835938 0.244003295898437
0.287933349609375 0.032318115234375 -0.261734008789063 0.137100219726563
0.210159301757813 0.185455322265625 -0.20794677734375 -0.031280517578125
-0.011260986328125 0.335906982421875 -0.0789413452148438 -0.109458923339844
-0.165618896484375 0.352081298828125 -0.0136337280273438 0.0597114562988282
-0.3187255859375 0.290496826171875 -0.1669921875 0.136062622070313
-0.083892822265625 0.22705078125 -0.5360107421875 0.37841796875
-0.00529479980468748 0.2138671875 -0.20947265625 0.38348388671875
0.088836669921875 0.134246826171875 -0.00437927246093751 0.143753051757813
0.130889892578125 0.0548782348632812 -0.100303649902344 0.0562591552734375
0.108207702636719 -0.00316619873046875 -0.166122436523438 0.116073608398438
0.104515075683594 -0.0727920532226563 -0.153411865234375 0.2376708984375
0.086395263671875 -0.0837249755859375 -0.09906005859375 0.3460693359375
0.0911865234375 -0.078582763671875 -0.0775146484375 0.352447509765625
0.11322021484375 -0.0860366821289063 -0.117950439453125 0.362030029296875
0.122306823730469 -0.0262527465820313 -0.229324340820312 0.276779174804688
0.115989685058594 0.0555038452148438 -0.273513793945313 0.132568359375
0.0519332885742188 0.097930908203125 -0.210556030273438 -0.0308990478515625
-0.039093017578125 0.126762390136719 -0.0682220458984375 -0.0774917602539062
-0.0762863159179688 0.133750915527344 -0.05072021484375 0.121337890625
-0.145217895507813 0.138656616210938 -0.279052734375 0.209945678710937
-0.0915908813476562 -0.00186920166015625 0.265777587890625 -0.30322265625
-0.0312118530273438 0.0818939208984375 0.0624542236328125 -0.166305541992188
0.0491790771484375 0.0826187133789063 0.0261726379394531 0.0659561157226563
0.0747833251953125 0.0114059448242188 0.198562622070313 0.05615234375
0.0682487487792969 -0.0454673767089844 0.259918212890625 -0.0832061767578125
0.0120162963867188 -0.0801162719726562 0.21551513671875 -0.27935791015625
-0.025604248046875 -0.0881500244140625 0.109832763671875 -0.3990478515625
-0.0184440612792969 -0.064453125 0.062957763671875 -0.370880126953125
-0.0183677673339844 -0.0662384033203125 0.093719482421875 -0.33990478515625
0.0284461975097656 -0.0555038452148438 0.157089233398437 -0.259475708007813
0.0595474243164063 -0.005706787109375 0.137527465820313 -0.141677856445313
0.0359115600585938 0.0543479919433594 0.08447265625 -0.0952682495117188
-0.0430107116699219 0.0532798767089844 0.05035400390625 -0.201858520507813
-0.08416748046875 0.0124435424804688 0.2042236328125 -0.41943359375
-0.0448799133300781 -0.0538215637207031 0.61517333984375 -0.411376953125
-0.267364501953125 0.1790771484375 0.237380981445312 -0.28106689453125
-0.111160278320312 0.26666259765625 0.0610198974609375 -0.14483642578125
0.0620574951171875 0.27349853515625 0.0187873840332031 0.0608291625976563
0.201690673828125 0.126235961914063 0.17193603515625 0.0516510009765625
0.220001220703125 -0.0285186767578125 0.225067138671875 -0.053619384765625
0.144638061523438 -0.181045532226563 0.203536987304687 -0.239334106445313
0.0579833984375 -0.231689453125 0.107757568359375 -0.35040283203125
0.064361572265625 -0.200225830078125 0.0570068359375 -0.324981689453125
0.0749969482421875 -0.224014282226563 0.08917236328125 -0.2919921875
0.160369873046875 -0.16693115234375 0.1231689453125 -0.225662231445313
0.23876953125 -0.023284912109375 0.0895767211914063 -0.114669799804687
0.191909790039063 0.145660400390625 0.0496749877929688 -0.104934692382812
-0.017486572265625 0.26446533203125 0.0282745361328125 -0.231475830078125
-0.162261962890625 0.2452392578125 0.20123291015625 -0.428985595703125
-0.22406005859375 0.141403198242187 0.54058837890625 -0.51214599609375
-0.355743408203125 0.404296875 0.115982055664062 -0.237762451171875
-0.10693359375 0.45965576171875 0.0228500366210937 -0.0930023193359375
0.149749755859375 0.43133544921875 0.0282249450683594 0.0631637573242188
0.35662841796875 0.180206298828125 0.147506713867188 0.0211639404296875
0.354339599609375 -0.06622314453125 0.167556762695313 -0.0497589111328125
0.223175048828125 -0.305999755859375 0.141998291015625 -0.203384399414063
0.08258056640625 -0.369049072265625 0.052459716796875 -0.274642944335938
0.09344482421875 -0.332427978515625 0.00758361816406251 -0.238739013671875
0.10589599609375 -0.37762451171875 0.0428619384765625 -0.209060668945313
0.235504150390625 -0.301025390625 0.0439910888671875 -0.165878295898438
0.3905029296875 -0.09637451171875 0.00720214843750002 -0.0724716186523438
0.367828369140625 0.174224853515625 -0.022308349609375 -0.109390258789062
0.0837707519531249 0.453094482421875 -0.0406036376953125 -0.252777099609375
-0.1568603515625 0.491455078125 0.12750244140625 -0.424163818359375
-0.33856201171875 0.36669921875 0.455535888671875 -0.4443359375
-0.41357421875 0.51910400390625 -0.00173950195312501 -0.106941223144531
-0.12176513671875 0.57586669921875 -0.00491762161254884 0.00597476959228519
0.18634033203125 0.538238525390625 0.029296875 0.0723342895507813
0.44598388671875 0.238372802734375 0.0968475341796875 0.02044677734375
0.4444580078125 -0.058258056640625 0.0930252075195313 -0.000259399414062504
0.302734375 -0.351715087890625 0.0949554443359375 -0.0995407104492188
0.143463134765625 -0.43060302734375 0.0452957153320313 -0.133155822753906
0.152679443359375 -0.387908935546875 0.0102691650390625 -0.100234985351563
0.171783447265625 -0.444366455078125 0.0361137390136719 -0.06866455078125
0.31072998046875 -0.34442138671875 -0.00988388061523435 -0.04998779296875
0.485992431640625 -0.09759521484375 -0.0696372985839844 0.00157165527343749
0.4578857421875 0.217620849609375 -0.0850830078125 -0.0904388427734375
0.11383056640625 0.57208251953125 -0.064971923828125 -0.240646362304687
-0.18560791015625 0.62786865234375 0.11016845703125 -0.323883056640625
-0.430419921875 0.47821044921875 0.332000732421875 -0.30169677734375
-0.438323974609375 0.527618408203125 -0.14410400390625 0.035552978515625
-0.14642333984375 0.5986328125 -0.0473403930664063 0.118965148925781
0.176025390625 0.56646728515625 0.0236282348632813 0.0873184204101563
0.457611083984375 0.272979736328125 0.0338592529296875 0.0246829986572266
0.465179443359375 -0.026336669921875 0.00376510620117191 0.0496482849121094
0.346099853515625 -0.336029052734375 0.0278587341308594 0.0158863067626953
0.19110107421875 -0.4202880859375 0.0174083709716797 0.0231342315673828
0.194427490234375 -0.37774658203125 -0.00360870361328123 0.0481986999511719
0.218597412109375 -0.434539794921875 0.00968170166015626 0.0800018310546875
0.343536376953125 -0.320098876953125 -0.07598876953125 0.0707931518554687
0.502960205078125 -0.0625 -0.14862060546875 0.0709381103515625
0.454010009765625 0.24774169921875 -0.142547607421875 -0.065582275390625
0.0911865234375 0.5972900390625 -0.07708740234375 -0.20391845703125
-0.21649169921875 0.64141845703125 0.084014892578125 -0.1844482421875
-0.475433349609375 0.487060546875 0.17413330078125 -0.128707885742187
-0.3739013671875 0.493255615234375 -0.296112060546875 0.180328369140625
-0.1148681640625 0.54864501953125 -0.097412109375 0.232833862304688
0.17156982421875 0.498748779296875 0.0176239013671875 0.104591369628906
0.4129638671875 0.238555908203125 -0.0295658111572265 0.0319328308105469
0.410858154296875 -0.01904296875 -0.0805816650390625 0.091094970703125
0.31494140625 -0.289093017578125 -0.0456924438476562 0.120925903320312
0.187042236328125 -0.358306884765625 -0.0213470458984375 0.169723510742187
0.189788818359375 -0.323516845703125 -0.025360107421875 0.18707275390625
0.21533203125 -0.36962890625 -0.02862548828125 0.214492797851562
0.313140869140625 -0.256988525390625 -0.138717651367187 0.179031372070313
0.432159423828125 -0.028228759765625 -0.21392822265625 0.126724243164063
0.37164306640625 0.2283935546875 -0.18896484375 -0.0382232666015625
0.0576171875 0.512115478515625 -0.08795166015625 -0.153564453125
-0.199615478515625 0.55108642578125 0.0375213623046875 -0.0467567443847656
-0.430755615234375 0.43505859375 -0.00299072265625003 0.0257740020751953
-0.246734619140625 0.393341064453125 -0.430145263671875 0.3126220703125
-0.061248779296875 0.413116455078125 -0.14813232421875 0.330718994140625
0.139984130859375 0.341796875 0.00846862792968752 0.123489379882813
0.296112060546875 0.15582275390625 -0.0780563354492187 0.0452041625976563
0.282989501953125 -0.01251220703125 -0.13885498046875 0.118927001953125
0.227691650390625 -0.199462890625 -0.106735229492187 0.203033447265625
0.147994995117187 -0.243881225585938 -0.056640625 0.28704833984375
0.1519775390625 -0.2218017578125 -0.04559326171875 0.296051025390625
0.177047729492188 -0.251113891601563 -0.066436767578125 0.315673828125
0.234085083007813 -0.155364990234375 -0.187850952148438 0.25592041015625
0.293975830078125 0.013519287109375 -0.254425048828125 0.152694702148438
0.223342895507812 0.175857543945313 -0.21173095703125 -0.0221710205078125
0.00622558593749998 0.341766357421875 -0.0852584838867187 -0.105712890625
-0.151397705078125 0.36541748046875 -0.00794982910156251 0.0645790100097657
-0.31414794921875 0.311431884765625 -0.160018920898438 0.151580810546875
-0.07904052734375 0.233428955078125 -0.522735595703125 0.410064697265625
0.00228881835937499 0.220840454101562 -0.19073486328125 0.40093994140625
0.0952224731445313 0.135795593261719 0.0047760009765625 0.144241333007813
0.138442993164063 0.047515869140625 -0.0967254638671875 0.0617904663085938
0.113029479980469 -0.00983428955078125 -0.161117553710938 0.126022338867187
0.102760314941406 -0.0815505981445313 -0.143173217773438 0.246017456054688
0.0835647583007813 -0.0923538208007813 -0.08160400390625 0.35528564453125
0.08770751953125 -0.0870590209960938 -0.059722900390625 0.36138916015625
0.109161376953125 -0.0975418090820313 -0.09912109375 0.37103271484375
0.123008728027344 -0.0368576049804688 -0.2166748046875 0.290313720703125
0.122657775878906 0.0471115112304688 -0.267105102539063 0.1480712890625
0.06011962890625 0.0966110229492187 -0.2132568359375 -0.02001953125
-0.0322189331054687 0.131950378417969 -0.0736160278320313 -0.074371337890625
-0.072845458984375 0.140373229980469 -0.0447311401367188 0.130165100097656
-0.145797729492188 0.149612426757813 -0.271148681640625 0.232986450195312
-0.0886306762695312 0.00218963623046877 0.248138427734375 -0.32196044921875
-0.02471923828125 0.076812744140625 0.0546112060546875 -0.174468994140625
0.0522994995117187 0.0754547119140625 0.0293350219726563 0.0631103515625
0.0728302001953125 0.009063720703125 0.198760986328125 0.043304443359375
0.0636940002441406 -0.0470428466796875 0.250747680664063 -0.0963592529296875
0.00569915771484375 -0.0784454345703125 0.196929931640625 -0.287261962890625
-0.0324478149414062 -0.0831756591796875 0.08477783203125 -0.400146484375
-0.0227088928222656 -0.0598373413085938 0.04107666015625 -0.37091064453125
-0.022918701171875 -0.061431884765625 0.074554443359375 -0.343109130859375
0.0223045349121094 -0.054412841796875 0.141342163085938 -0.26556396484375
0.0556678771972656 -0.0106697082519531 0.128082275390625 -0.147140502929688
0.0376548767089844 0.049591064453125 0.0778656005859375 -0.0988922119140625
-0.0381507873535156 0.0544586181640625 0.0386505126953125 -0.202987670898438
-0.0780181884765625 0.0169525146484375 0.1771240234375 -0.42962646484375
-0.0437850952148438 -0.0518531799316406 0.5833740234375 -0.4417724609375
-0.253341674804688 0.190658569335938 0.222991943359375 -0.29876708984375
-0.0931243896484375 0.263107299804688 0.055389404296875 -0.154586791992187
0.0751495361328125 0.264968872070313 0.0230979919433594 0.0578269958496094
0.204330444335937 0.114151000976562 0.172225952148438 0.0406341552734375
0.214752197265625 -0.0397186279296875 0.218048095703125 -0.065155029296875
0.129165649414063 -0.1865234375 0.187362670898437 -0.248565673828125
0.0404205322265625 -0.231369018554688 0.08544921875 -0.35467529296875
0.05047607421875 -0.199462890625 0.03619384765625 -0.324432373046875
0.058380126953125 -0.224945068359375 0.071990966796875 -0.29608154296875
0.145706176757813 -0.173004150390625 0.1097412109375 -0.22930908203125
0.232833862304687 -0.0397491455078125 0.0831298828125 -0.118240356445313
0.197525024414063 0.131072998046875 0.0424118041992188 -0.107620239257812
-0.000503540039062482 0.263824462890625 0.0155029296875 -0.229965209960938
-0.142440795898438 0.252609252929687 0.177154541015625 -0.436553955078125
-0.212188720703125 0.153610229492187 0.50665283203125 -0.534576416015625
-0.33062744140625 0.41595458984375 0.105484008789062 -0.250564575195312
-0.079681396484375 0.455108642578125 0.0211944580078125 -0.101524353027344
0.17108154296875 0.41705322265625 0.0320472717285156 0.0588111877441407
0.36083984375 0.156890869140625 0.147293090820313 0.0112457275390625
0.345916748046875 -0.085357666015625 0.163192749023438 -0.0584716796875
0.199127197265625 -0.314422607421875 0.127853393554688 -0.210968017578125
0.055908203125 -0.36920166015625 0.0343017578125 -0.276565551757813
0.072296142578125 -0.331817626953125 -0.00749206542968751 -0.23687744140625
0.080047607421875 -0.37957763671875 0.0304107666015625 -0.212890625
0.21295166015625 -0.309906005859375 0.0350799560546875 -0.165283203125
0.37786865234375 -0.12176513671875 0.00494384765625003 -0.0720901489257813
0.373138427734375 0.148773193359375 -0.0290603637695312 -0.107292175292969
0.1103515625 0.446044921875 -0.0528411865234375 -0.247283935546875
-0.12396240234375 0.495697021484375 0.105438232421875 -0.42889404296875
-0.31512451171875 0.3817138671875 0.426361083984375 -0.46307373046875
-0.38482666015625 0.533294677734375 -0.00366210937500002 -0.113967895507812
-0.091064453125 0.57147216796875 2.52723693847601E-05 -0.00217521190643307
0.212615966796875 0.523406982421875 0.0344161987304688 0.0674934387207032
0.453033447265625 0.208251953125 0.0977783203125 0.012939453125
0.436126708984375 -0.082794189453125 0.0934066772460938 -0.00543975830078126
0.27496337890625 -0.367706298828125 0.0877685546875 -0.107345581054688
0.112823486328125 -0.435760498046875 0.03564453125 -0.136566162109375
0.126617431640625 -0.391387939453125 0.00224304199218751 -0.0996246337890625
0.140533447265625 -0.451263427734375 0.031463623046875 -0.0737762451171875
0.283447265625 -0.358428955078125 -0.0123176574707031 -0.0483551025390625
0.473114013671875 -0.12896728515625 -0.0657119750976562 0.0053291320800781
0.464447021484375 0.188629150390625 -0.0903701782226562 -0.0857391357421875
0.146240234375 0.563232421875 -0.07562255859375 -0.233444213867187
-0.14605712890625 0.63201904296875 0.094512939453125 -0.32794189453125
-0.40435791015625 0.496917724609375 0.312774658203125 -0.31439208984375
-0.409698486328125 0.542724609375 -0.136611938476563 0.0369796752929688
-0.11419677734375 0.5980224609375 -0.0358505249023438 0.114234924316406
0.206329345703125 0.5545654296875 0.0303115844726563 0.0826950073242188
0.46966552734375 0.2415771484375 0.0359153747558594 0.0205039978027344
0.459747314453125 -0.05279541015625 0.00730895996093753 0.0491867065429688
0.318267822265625 -0.353271484375 0.02838134765625 0.0096626281738281
0.16253662109375 -0.42938232421875 0.0171852111816406 0.0186939239501953
0.17034912109375 -0.38623046875 -0.00338363647460936 0.0485153198242187
0.18707275390625 -0.446044921875 0.0137100219726563 0.0742111206054687
0.319183349609375 -0.337554931640625 -0.0708389282226563 0.0744171142578125
0.49188232421875 -0.096160888671875 -0.140403747558594 0.0783233642578125
0.462127685546875 0.21881103515625 -0.146041870117188 -0.058502197265625
0.12493896484375 0.58856201171875 -0.0858001708984375 -0.197158813476562
-0.17694091796875 0.6488037109375 0.076446533203125 -0.186721801757813
-0.44921875 0.50848388671875 0.16650390625 -0.134445190429687
-0.349090576171875 0.5072021484375 -0.279327392578125 0.189605712890625
-0.08544921875 0.55035400390625 -0.0792999267578125 0.232421875
0.197723388671875 0.4888916015625 0.024993896484375 0.0997390747070313
0.423553466796875 0.20928955078125 -0.0252685546875 0.0317516326904297
0.40667724609375 -0.0438232421875 -0.0727310180664062 0.0948562622070313
0.29180908203125 -0.306365966796875 -0.0389480590820312 0.118293762207031
0.162139892578125 -0.368988037109375 -0.0120697021484375 0.166412353515625
0.168548583984375 -0.3330078125 -0.0174560546875 0.186859130859375
0.18798828125 -0.381988525390625 -0.0159454345703125 0.209869384765625
0.292572021484375 -0.273681640625 -0.126571655273438 0.184524536132812
0.42596435546875 -0.0562744140625 -0.20147705078125 0.137237548828125
0.380096435546875 0.204132080078125 -0.189407348632812 -0.0282592773437499
0.084686279296875 0.50555419921875 -0.094482421875 -0.14593505859375
-0.167510986328125 0.55731201171875 0.0381240844726562 -0.0468177795410156
-0.408203125 0.4541015625 0.000591278076171847 0.0284233093261719
-0.22808837890625 0.401824951171875 -0.405487060546875 0.3291015625
-0.03997802734375 0.41583251953125 -0.12548828125 0.33441162109375
0.157745361328125 0.337493896484375 0.0169601440429688 0.119644165039063
0.30352783203125 0.13592529296875 -0.0726699829101562 0.048187255859375
0.281890869140625 -0.03070068359375 -0.129959106445312 0.124778747558594
0.212615966796875 -0.212860107421875 -0.094024658203125 0.202880859375
0.131240844726563 -0.253387451171875 -0.03985595703125 0.284881591796875
0.13665771484375 -0.231002807617188 -0.0303955078125 0.296630859375
0.157363891601563 -0.262741088867187 -0.04803466796875 0.313018798828125
0.22076416015625 -0.169143676757813 -0.170928955078125 0.262115478515625
0.29156494140625 -0.00665283203125 -0.240219116210937 0.165390014648437
0.232452392578125 0.16162109375 -0.21044921875 -0.0108795166015625
0.02471923828125 0.3392333984375 -0.0895919799804688 -0.0991363525390625
-0.130859375 0.37103271484375 -0.0019683837890625 0.0668373107910157
-0.29937744140625 0.327423095703125 -0.148330688476563 0.162796020507813
-0.07049560546875 0.233352661132813 -0.494384765625 0.434967041015625
0.01226806640625 0.222915649414062 -0.164886474609375 0.408111572265625
0.100700378417969 0.134681701660156 0.014068603515625 0.14166259765625
0.14129638671875 0.0384063720703125 -0.0907058715820313 0.066009521484375
0.1138916015625 -0.0171661376953125 -0.151336669921875 0.13287353515625
0.0976028442382813 -0.0882644653320313 -0.128768920898438 0.248428344726563
0.0772628784179688 -0.0989990234375 -0.060211181640625 0.3555908203125
0.0819320678710938 -0.0937957763671875 -0.041290283203125 0.36163330078125
0.101181030273438 -0.106826782226563 -0.0765380859375 0.371826171875
0.119178771972656 -0.0470504760742188 -0.19622802734375 0.29815673828125
0.125556945800781 0.0373001098632813 -0.253738403320313 0.16229248046875
0.0667953491210938 0.092376708984375 -0.210983276367188 -0.00778198242187497
-0.0247726440429688 0.133720397949219 -0.0774002075195313 -0.0682525634765625
-0.0661468505859375 0.144180297851563 -0.0355377197265625 0.134529113769531
-0.141510009765625 0.158203125 -0.254104614257813 0.250534057617188
-0.08355712890625 0.00537872314453126 0.23162841796875 -0.32940673828125
-0.0209159851074219 0.0698165893554688 0.047119140625 -0.179061889648438
0.0514640808105469 0.0680274963378906 0.0313911437988281 0.0593986511230469
0.0698814392089844 0.00699996948242188 0.19439697265625 0.0336456298828125
0.0595359802246094 -0.0470619201660156 0.239471435546875 -0.103363037109375
0.000633239746093743 -0.0755462646484375 0.180267333984375 -0.2852783203125
-0.0365447998046875 -0.076385498046875 0.065277099609375 -0.393157958984375
-0.0250701904296875 -0.0542106628417969 0.025848388671875 -0.36279296875
-0.0255355834960937 -0.0565834045410156 0.059326171875 -0.33746337890625
0.0175666809082031 -0.0515213012695313 0.1270751953125 -0.2628173828125
0.052154541015625 -0.0140190124511719 0.118850708007813 -0.148147583007813
0.0375518798828125 0.0448036193847656 0.0711135864257813 -0.098907470703125
-0.0337104797363281 0.0535850524902344 0.030120849609375 -0.198623657226563
-0.0708236694335938 0.01885986328125 0.156463623046875 -0.4266357421875
-0.041595458984375 -0.0496368408203125 0.550201416015625 -0.450439453125
-0.238662719726563 0.193359375 0.20849609375 -0.3072509765625
-0.0816802978515625 0.252838134765625 0.0503692626953125 -0.160491943359375
0.0813140869140625 0.252944946289063 0.0251083374023438 0.0537986755371094
0.201446533203125 0.103439331054688 0.168533325195313 0.0306854248046875
0.206405639648438 -0.0462188720703125 0.209396362304688 -0.0708770751953125
0.115280151367188 -0.185897827148438 0.172134399414063 -0.249801635742188
0.0278778076171875 -0.22515869140625 0.066925048828125 -0.349395751953125
0.0411376953125 -0.1937255859375 0.022552490234375 -0.31732177734375
0.0452117919921875 -0.21990966796875 0.058563232421875 -0.292816162109375
0.131820678710938 -0.173049926757813 0.0982666015625 -0.226272583007813
0.222412109375 -0.050384521484375 0.0763626098632813 -0.117721557617188
0.196640014648438 0.117462158203125 0.036773681640625 -0.106025695800781
0.0115203857421875 0.2578125 0.00708007812499999 -0.224380493164062
-0.124755859375 0.251907348632813 0.155914306640625 -0.4349365234375
-0.19921875 0.156646728515625 0.47418212890625 -0.535491943359375
-0.30804443359375 0.41473388671875 0.09552001953125 -0.255722045898438
-0.06396484375 0.43939208984375 0.0188446044921875 -0.109230041503906
0.18182373046875 0.400054931640625 0.0345039367675781 0.0529632568359375
0.355438232421875 0.1383056640625 0.142379760742188 0.00332641601562501
0.33233642578125 -0.096771240234375 0.156173706054688 -0.0618438720703125
0.177276611328125 -0.31243896484375 0.115890502929687 -0.212066650390625
0.0364990234375 -0.360931396484375 0.020355224609375 -0.272689819335938
0.057037353515625 -0.324188232421875 -0.017333984375 -0.229080200195313
0.05780029296875 -0.371551513671875 0.021270751953125 -0.21038818359375
0.19110107421875 -0.309234619140625 0.02874755859375 -0.160720825195313
0.35980224609375 -0.1358642578125 0.00350189208984378 -0.0704498291015625
0.368621826171875 0.128692626953125 -0.032928466796875 -0.103759765625
0.12628173828125 0.432403564453125 -0.0583648681640625 -0.237747192382813
-0.1004638671875 0.487457275390625 0.087615966796875 -0.424224853515625
-0.29443359375 0.38287353515625 0.397369384765625 -0.46392822265625
-0.35748291015625 0.529632568359375 -0.00476074218750002 -0.119132995605469
-0.0692138671875001 0.553863525390625 0.00335693359375 -0.0102567672729492
0.226837158203125 0.503021240234375 0.0371360778808594 0.0610733032226563
0.446868896484375 0.1826171875 0.095611572265625 0.00642395019531251
0.4208984375 -0.097198486328125 0.0919952392578125 -0.00858306884765626
0.24920654296875 -0.367889404296875 0.0799713134765625 -0.111518859863281
0.089019775390625 -0.4295654296875 0.027130126953125 -0.137565612792969
0.107879638671875 -0.385528564453125 -0.0028076171875 -0.0960922241210938
0.1136474609375 -0.445404052734375 0.027557373046875 -0.0766754150390625
0.259033203125 -0.3590087890625 -0.0130691528320312 -0.0453262329101563
0.45263671875 -0.147369384765625 -0.0617485046386719 0.00725173950195311
0.458099365234375 0.163909912109375 -0.0916824340820312 -0.079681396484375
0.1641845703125 0.545928955078125 -0.08056640625 -0.224105834960937
-0.11773681640625 0.621826171875 0.082611083984375 -0.3232421875
-0.378082275390625 0.499542236328125 0.2930908203125 -0.314605712890625
-0.38421630859375 0.54095458984375 -0.128196716308594 0.0336837768554688
-0.0906982421875001 0.585205078125 -0.0266799926757813 0.105781555175781
0.222503662109375 0.536895751953125 0.0340728759765625 0.0762100219726563
0.46527099609375 0.214874267578125 0.0364303588867188 0.0163612365722656
0.4464111328125 -0.071319580078125 0.0116920471191407 0.0475273132324219
0.292266845703125 -0.35784912109375 0.0268440246582031 0.00408363342285154
0.137451171875 -0.426788330078125 0.0163135528564453 0.0145740509033203
0.14990234375 -0.383392333984375 -0.00321960449218749 0.0482978820800781
0.15936279296875 -0.442840576171875 0.0152244567871094 0.0680923461914062
0.29388427734375 -0.342071533203125 -0.0649032592773438 0.0753707885742187
0.473052978515625 -0.116241455078125 -0.131111145019531 0.0813446044921875
0.45843505859375 0.19561767578125 -0.14483642578125 -0.050872802734375
0.14202880859375 0.57147216796875 -0.089813232421875 -0.18743896484375
-0.1488037109375 0.637939453125 0.07110595703125 -0.184799194335938
-0.42431640625 0.511383056640625 0.158096313476562 -0.13433837890625
-0.326324462890625 0.50445556640625 -0.262649536132813 0.18988037109375
-0.06573486328125 0.538299560546875 -0.0650177001953125 0.22564697265625
0.21142578125 0.474029541015625 0.0297088623046875 0.094146728515625
0.421600341796875 0.1856689453125 -0.0226364135742187 0.0294094085693359
0.395751953125 -0.060394287109375 -0.065155029296875 0.0945816040039063
0.26934814453125 -0.311981201171875 -0.0341262817382812 0.11163330078125
0.140899658203125 -0.36834716796875 -0.00666809082031249 0.159683227539062
0.150665283203125 -0.332122802734375 -0.0111846923828125 0.183578491210937
0.16375732421875 -0.38177490234375 -0.00834655761718748 0.200836181640625
0.271820068359375 -0.279647827148437 -0.114990234375 0.183578491210937
0.410186767578125 -0.0750732421875 -0.188461303710937 0.141387939453125
0.37811279296875 0.1842041015625 -0.185287475585938 -0.0202789306640625
0.101348876953125 0.492523193359375 -0.0955429077148438 -0.138236999511719
-0.14263916015625 0.549163818359375 0.0385246276855469 -0.0465316772460937
-0.38604736328125 0.458099365234375 0.00292587280273435 0.0299510955810547
-0.21435546875 0.398956298828125 -0.380279541015625 0.333831787109375
-0.025726318359375 0.409210205078125 -0.105987548828125 0.3289794921875
0.16729736328125 0.32867431640625 0.0221023559570313 0.113746643066406
0.30194091796875 0.119110107421875 -0.0677947998046875 0.0480575561523438
0.275543212890625 -0.0419921875 -0.119903564453125 0.1265869140625
0.197357177734375 -0.217727661132813 -0.0848388671875 0.197311401367188
0.115890502929687 -0.255264282226563 -0.027801513671875 0.277511596679688
0.124053955078125 -0.232376098632813 -0.019317626953125 0.290191650390625
0.1392822265625 -0.26470947265625 -0.034393310546875 0.303924560546875
0.206741333007813 -0.175750732421875 -0.154876708984375 0.260513305664063
0.283477783203125 -0.020751953125 -0.224838256835937 0.169509887695312
0.233505249023438 0.14849853515625 -0.20452880859375 -0.0022735595703125
0.036285400390625 0.331695556640625 -0.0903244018554688 -0.09228515625
-0.11480712890625 0.36712646484375 0.00339126586914062 0.0667343139648438
-0.285003662109375 0.3321533203125 -0.136993408203125 0.166595458984375
-0.0655670166015625 0.229019165039063 -0.4635009765625 0.4420166015625
0.0178070068359375 0.220062255859375 -0.142547607421875 0.405364990234375
0.103179931640625 0.133041381835938 0.0193939208984375 0.135597229003906
0.139930725097656 0.0321578979492187 -0.0851821899414062 0.0666275024414063
0.1121826171875 -0.0222702026367188 -0.141464233398438 0.13421630859375
0.09173583984375 -0.0909423828125 -0.116348266601563 0.245162963867188
0.0715484619140625 -0.102310180664063 -0.044036865234375 0.34783935546875
0.07659912109375 -0.0976181030273438 -0.024871826171875 0.35498046875
0.0927810668945312 -0.11029052734375 -0.0599365234375 0.362518310546875
0.113235473632813 -0.053070068359375 -0.177886962890625 0.29534912109375
0.125030517578125 0.0292816162109375 -0.237258911132813 0.167678833007812
0.0708389282226563 0.08758544921875 -0.205184936523438 0.000518798828124966
-0.01910400390625 0.132110595703125 -0.0775604248046875 -0.0624847412109375
-0.0610504150390625 0.144638061523437 -0.0269622802734375 0.135643005371094
-0.136245727539062 0.161880493164063 -0.236373901367187 0.256622314453125
-0.07879638671875 0.00516510009765624 0.222503662109375 -0.33111572265625
-0.0203056335449219 0.0631179809570313 0.0430145263671875 -0.182632446289063
0.0487289428710938 0.0626678466796875 0.0317573547363281 0.0558738708496094
0.0668258666992188 0.00641250610351563 0.189193725585937 0.0283203125
0.0566635131835938 -0.0458564758300781 0.2308349609375 -0.103836059570313
-0.00270080566406251 -0.0730056762695313 0.171173095703125 -0.2803955078125
-0.0381088256835938 -0.0716629028320313 0.056793212890625 -0.385406494140625
-0.0253715515136719 -0.0500259399414063 0.020050048828125 -0.355438232421875
-0.0267143249511719 -0.0529022216796875 0.053741455078125 -0.3310546875
0.0143966674804687 -0.048828125 0.120864868164063 -0.257415771484375
0.0483360290527344 -0.0156326293945313 0.113296508789062 -0.14556884765625
0.0357322692871094 0.0415000915527344 0.0675888061523438 -0.0979766845703125
-0.0302658081054688 0.0512237548828125 0.0264739990234375 -0.19512939453125
-0.0651130676269531 0.0188140869140625 0.1461181640625 -0.421966552734375
-0.0389404296875 -0.0490608215332031 0.532257080078125 -0.44476318359375
-0.229934692382813 0.190521240234375 0.200714111328125 -0.30987548828125
-0.0783233642578125 0.2420654296875 0.0478057861328125 -0.165802001953125
0.080902099609375 0.244140625 0.0255928039550781 0.0500946044921875
0.196807861328125 0.0977630615234375 0.164535522460938 0.0253753662109375
0.200408935546875 -0.047210693359375 0.202911376953125 -0.072265625
0.106552124023438 -0.182083129882813 0.1640625 -0.246078491210938
0.0213165283203125 -0.219390869140625 0.059173583984375 -0.3438720703125
0.0368499755859375 -0.188552856445313 0.0166015625 -0.31103515625
0.038604736328125 -0.214645385742187 0.053375244140625 -0.288970947265625
0.123809814453125 -0.169876098632813 0.093017578125 -0.221084594726563
0.213455200195313 -0.055267333984375 0.073211669921875 -0.115928649902344
0.193267822265625 0.111328125 0.0334320068359375 -0.104270935058594
0.017486572265625 0.252182006835938 0.004852294921875 -0.220138549804687
-0.114715576171875 0.247940063476563 0.147705078125 -0.429962158203125
-0.191146850585938 0.156600952148437 0.454620361328125 -0.5289306640625
-0.296630859375 0.407379150390625 0.0911712646484375 -0.259506225585938
-0.059417724609375 0.4229736328125 0.0171585083007813 -0.115653991699219
0.1812744140625 0.38751220703125 0.0337600708007813 0.0483932495117188
0.346466064453125 0.12835693359375 0.138191223144531 -0.000671386718749992
0.32318115234375 -0.098907470703125 0.1527099609375 -0.0631561279296875
0.164794921875 -0.307586669921875 0.108627319335938 -0.2105712890625
0.02716064453125 -0.3521728515625 0.01434326171875 -0.268814086914063
0.050140380859375 -0.316802978515625 -0.0215301513671875 -0.223297119140625
0.047332763671875 -0.36285400390625 0.0168914794921875 -0.208740234375
0.1785888671875 -0.303436279296875 0.0271148681640625 -0.157302856445313
0.346038818359375 -0.14105224609375 0.00317001342773439 -0.0681381225585938
0.361480712890625 0.120513916015625 -0.0340652465820312 -0.100311279296875
0.13140869140625 0.422454833984375 -0.0586090087890625 -0.232070922851562
-0.0866394042968749 0.475921630859375 0.081573486328125 -0.41668701171875
-0.2835693359375 0.37847900390625 0.383514404296875 -0.455322265625
-0.3477783203125 0.520660400390625 -0.00441741943359377 -0.124763488769531
-0.06475830078125 0.5377197265625 0.00493621826171875 -0.0188446044921875
0.227935791015625 0.49072265625 0.0369873046875 0.0562095642089844
0.4381103515625 0.17010498046875 0.0929794311523438 0.00268554687500001
0.410064697265625 -0.1024169921875 0.0910720825195313 -0.00933074951171876
0.23443603515625 -0.36322021484375 0.0754318237304688 -0.112838745117188
0.07525634765625 -0.421661376953125 0.0226593017578125 -0.137191772460938
0.098175048828125 -0.37939453125 -0.0056915283203125 -0.0929412841796875
0.098388671875 -0.436920166015625 0.0245132446289063 -0.0786590576171875
0.243896484375 -0.354248046875 -0.012054443359375 -0.0435142517089844
0.435577392578125 -0.153167724609375 -0.0581779479980469 0.00873184204101561
0.450103759765625 0.153961181640625 -0.090850830078125 -0.07586669921875
0.169769287109375 0.534332275390625 -0.080078125 -0.217544555664063
-0.10479736328125 0.6083984375 0.079254150390625 -0.31866455078125
-0.365570068359375 0.49346923828125 0.28436279296875 -0.307769775390625
-0.37396240234375 0.53131103515625 -0.12188720703125 0.0276870727539063
-0.084228515625 0.57049560546875 -0.0216598510742187 0.0969161987304688
0.225555419921875 0.52459716796875 0.0338592529296875 0.071075439453125
0.45745849609375 0.201507568359375 0.0362014770507813 0.0137100219726563
0.437286376953125 -0.07666015625 0.0141067504882813 0.0462532043457031
0.27642822265625 -0.354736328125 0.0252933502197266 -0.000944137573242209
0.12408447265625 -0.4208984375 0.0144157409667969 0.0106592178344726
0.140472412109375 -0.378326416015625 -0.00291442871093749 0.0480575561523437
0.144195556640625 -0.43695068359375 0.0144577026367188 0.0629692077636718
0.278228759765625 -0.338531494140625 -0.0610580444335937 0.0747528076171875
0.459228515625 -0.1234130859375 -0.124885559082031 0.0812149047851562
0.4510498046875 0.18511962890625 -0.142181396484375 -0.0472564697265625
0.1495361328125 0.55902099609375 -0.088836669921875 -0.181640625
-0.13604736328125 0.62603759765625 0.0701446533203125 -0.18206787109375
-0.411773681640625 0.506072998046875 0.153778076171875 -0.1304931640625
-0.321441650390625 0.49713134765625 -0.251861572265625 0.184402465820313
-0.059295654296875 0.5272216796875 -0.056488037109375 0.216323852539063
0.215789794921875 0.46734619140625 0.0304412841796875 0.0889892578125
0.415008544921875 0.173797607421875 -0.0209407806396484 0.0275955200195313
0.38763427734375 -0.0653076171875 -0.059417724609375 0.093017578125
0.255767822265625 -0.310546875 -0.0328369140625 0.1053466796875
0.1279296875 -0.3651123046875 -0.0044708251953125 0.153350830078125
0.141876220703125 -0.329315185546875 -0.00878906249999999 0.180252075195312
0.149200439453125 -0.37689208984375 -0.00607299804687499 0.193344116210937
0.258132934570313 -0.277969360351563 -0.108901977539062 0.180740356445312
0.3984375 -0.08203125 -0.179183959960937 0.139694213867188
0.37298583984375 0.17559814453125 -0.181900024414062 -0.0171051025390625
0.105438232421875 0.4808349609375 -0.0947723388671875 -0.132789611816406
-0.131744384765625 0.53955078125 0.0398483276367187 -0.0454521179199218
-0.376434326171875 0.454833984375 0.00428390502929685 0.0316963195800782
-0.210174560546875 0.392669677734375 -0.365386962890625 0.328399658203125
-0.021942138671875 0.402587890625 -0.095367431640625 0.32177734375
0.1705322265625 0.324676513671875 0.0235595703125 0.109085083007813
0.29815673828125 0.11181640625 -0.0644340515136719 0.0467796325683594
0.2706298828125 -0.04656982421875 -0.112922668457031 0.12481689453125
0.188583374023438 -0.217514038085938 -0.0807647705078125 0.191009521484375
0.108016967773438 -0.254531860351562 -0.02362060546875 0.270126342773438
0.117935180664063 -0.231842041015625 -0.01470947265625 0.285369873046875
0.129318237304688 -0.26287841796875 -0.03070068359375 0.295501708984375
0.197601318359375 -0.176910400390625 -0.146102905273438 0.255722045898437
0.276336669921875 -0.0264129638671875 -0.213775634765625 0.168075561523437
0.23052978515625 0.142074584960937 -0.199325561523437 0.000915527343750011
0.040313720703125 0.325469970703125 -0.0890731811523438 -0.0882949829101562
-0.108551025390625 0.360748291015625 0.00690078735351561 0.0671577453613282
-0.27862548828125 0.32965087890625 -0.13018798828125 0.167434692382813
-0.0666961669921875 0.224700927734375 -0.446746826171875 0.434844970703125
0.01934814453125 0.218490600585938 -0.13201904296875 0.39990234375
0.103759765625 0.134025573730469 0.0203781127929688 0.131500244140625
0.138343811035156 0.0292434692382813 -0.0810394287109375 0.0657577514648438
0.111717224121094 -0.0239181518554688 -0.134307861328125 0.132537841796875
0.08905029296875 -0.091552734375 -0.110321044921875 0.239532470703125
0.0677947998046875 -0.103958129882813 -0.0382080078125 0.339813232421875
0.0738449096679688 -0.0989990234375 -0.018707275390625 0.3458251953125
0.087860107421875 -0.111366271972656 -0.05316162109375 0.353118896484375
0.108924865722656 -0.0561141967773438 -0.168548583984375 0.290313720703125
0.12249755859375 0.0252532958984375 -0.226455688476563 0.166168212890625
0.0716781616210938 0.0842056274414062 -0.199295043945312 0.00413513183593754
-0.0164108276367188 0.130546569824219 -0.0768280029296875 -0.0593643188476562
-0.0590362548828125 0.14349365234375 -0.0224456787109375 0.135383605957031
-0.13482666015625 0.162521362304688 -0.226104736328125 0.256607055664063
-0.076507568359375 0.00438690185546876 0.221710205078125 -0.335540771484375
-0.021148681640625 0.0584373474121094 0.0412445068359375 -0.18927001953125
0.0461082458496094 0.0608253479003906 0.03204345703125 0.0540618896484375
0.0659294128417969 0.00729751586914063 0.188125610351563 0.0266876220703125
0.0566940307617187 -0.0458488464355469 0.22845458984375 -0.103530883789062
-0.00435638427734374 -0.0712127685546875 0.170150756835938 -0.278717041015625
-0.0391082763671875 -0.0692100524902344 0.054443359375 -0.38397216796875
-0.0248908996582031 -0.04754638671875 0.019378662109375 -0.355926513671875
-0.0272598266601563 -0.0501747131347656 0.054595947265625 -0.332489013671875
0.0129508972167969 -0.0467071533203125 0.121383666992187 -0.255661010742188
0.0461540222167969 -0.0169296264648438 0.1126708984375 -0.144500732421875
0.0347366333007812 0.0405349731445313 0.0669479370117188 -0.097869873046875
-0.028594970703125 0.0501441955566406 0.02642822265625 -0.196273803710938
-0.0615348815917969 0.0174217224121094 0.14337158203125 -0.424072265625
-0.0363388061523437 -0.0502700805664063 0.53192138671875 -0.4422607421875
-0.229339599609375 0.188751220703125 0.20135498046875 -0.3150634765625
-0.080291748046875 0.235763549804688 0.0474395751953125 -0.173614501953125
0.0788421630859375 0.242889404296875 0.0253677368164063 0.0474739074707031
0.195205688476563 0.097320556640625 0.163299560546875 0.023223876953125
0.200164794921875 -0.047332763671875 0.201812744140625 -0.0717315673828125
0.103836059570312 -0.18157958984375 0.162506103515625 -0.246246337890625
0.018524169921875 -0.2174072265625 0.056915283203125 -0.344696044921875
0.0364227294921875 -0.186920166015625 0.016937255859375 -0.310638427734375
0.035308837890625 -0.212722778320312 0.054107666015625 -0.2904052734375
0.120819091796875 -0.168716430664063 0.0946044921875 -0.21978759765625
0.211105346679688 -0.0569305419921875 0.0734024047851563 -0.114952087402344
0.19281005859375 0.110702514648438 0.0338058471679688 -0.103958129882813
0.019866943359375 0.2529296875 0.00558471679687502 -0.220596313476562
-0.1107177734375 0.247039794921875 0.145965576171875 -0.4327392578125
-0.190673828125 0.156082153320312 0.454803466796875 -0.525543212890625
-0.298065185546875 0.406463623046875 0.091949462890625 -0.26641845703125
-0.063812255859375 0.417755126953125 0.0167465209960937 -0.124458312988281
0.179595947265625 0.3876953125 0.0335159301757813 0.0458869934082031
0.344085693359375 0.127777099609375 0.137924194335938 -0.00239562988281249
0.322967529296875 -0.0975341796875 0.1529541015625 -0.06243896484375
0.159759521484375 -0.3060302734375 0.106857299804688 -0.212203979492188
0.023590087890625 -0.351654052734375 0.0116729736328125 -0.270263671875
0.050201416015625 -0.3170166015625 -0.0217742919921875 -0.222274780273438
0.0428466796875 -0.361328125 0.016326904296875 -0.21044921875
0.1759033203125 -0.30218505859375 0.028228759765625 -0.156326293945313
0.34234619140625 -0.142303466796875 0.00424194335937502 -0.0674667358398438
0.361358642578125 0.119415283203125 -0.0341720581054687 -0.0997085571289062
0.134063720703125 0.423858642578125 -0.057464599609375 -0.232315063476562
-0.08251953125 0.4754638671875 0.08319091796875 -0.41876220703125
-0.286590576171875 0.377777099609375 0.38507080078125 -0.450775146484375
-0.351531982421875 0.518402099609375 -0.00304412841796877 -0.130950927734375
-0.06964111328125 0.533538818359375 0.00558280944824219 -0.0281295776367187
0.23016357421875 0.4920654296875 0.03680419921875 0.0536384582519532
0.43609619140625 0.170196533203125 0.0923080444335938 0.00112915039062501
0.410736083984375 -0.10198974609375 0.09271240234375 -0.00903320312500001
0.229949951171875 -0.36260986328125 0.0735015869140625 -0.116645812988281
0.072235107421875 -0.421661376953125 0.02032470703125 -0.140151977539063
0.09857177734375 -0.379119873046875 -0.0056304931640625 -0.0919113159179688
0.094757080078125 -0.436431884765625 0.0239334106445313 -0.0807113647460938
0.240081787109375 -0.353240966796875 -0.01055908203125 -0.0433120727539063
0.432769775390625 -0.156463623046875 -0.0573883056640625 0.00831222534179685
0.45037841796875 0.1553955078125 -0.0903778076171875 -0.0752792358398437
0.170684814453125 0.53765869140625 -0.0777130126953125 -0.217437744140625
-0.10260009765625 0.60809326171875 0.081329345703125 -0.319427490234375
-0.3712158203125 0.49334716796875 0.285980224609375 -0.30419921875
-0.381103515625 0.5301513671875 -0.120559692382813 0.0213623046875001
-0.0877685546875 0.5682373046875 -0.0198135375976563 0.089874267578125
0.2269287109375 0.52874755859375 0.0345268249511719 0.069244384765625
0.4571533203125 0.200347900390625 0.0369071960449219 0.0120582580566406
0.43841552734375 -0.07733154296875 0.0167655944824219 0.0459938049316406
0.273193359375 -0.3558349609375 0.0239410400390625 -0.00474929809570315
0.119293212890625 -0.42205810546875 0.0125160217285156 0.00811672210693357
0.139923095703125 -0.38079833984375 -0.00307846069335937 0.0491676330566406
0.13934326171875 -0.43695068359375 0.0141639709472656 0.0606002807617187
0.274627685546875 -0.33831787109375 -0.0596542358398437 0.0744094848632812
0.455230712890625 -0.125335693359375 -0.123016357421875 0.0809478759765625
0.450042724609375 0.1851806640625 -0.141265869140625 -0.047149658203125
0.14959716796875 0.56292724609375 -0.0863189697265625 -0.181564331054687
-0.13397216796875 0.6248779296875 0.073089599609375 -0.18231201171875
-0.418182373046875 0.50677490234375 0.154922485351562 -0.127227783203125
-0.327239990234375 0.4964599609375 -0.249374389648438 0.179443359375
-0.0634460449218751 0.529052734375 -0.0540618896484375 0.211807250976563
0.219757080078125 0.4708251953125 0.0300979614257813 0.0876998901367188
0.415771484375 0.172454833984375 -0.0199337005615234 0.026784896850586
0.389984130859375 -0.066131591796875 -0.0563201904296875 0.092529296875
0.253448486328125 -0.311981201171875 -0.033782958984375 0.10113525390625
0.124847412109375 -0.36810302734375 -0.00570678710937499 0.15081787109375
0.14190673828125 -0.332122802734375 -0.00866699218749999 0.181472778320312
0.145263671875 -0.37890625 -0.00779724121093749 0.190948486328125
0.25433349609375 -0.27984619140625 -0.107437133789063 0.180145263671875
0.39617919921875 -0.084442138671875 -0.177032470703125 0.139144897460938
0.372894287109375 0.176666259765625 -0.180587768554688 -0.0162353515625
0.107147216796875 0.484832763671875 -0.0924453735351563 -0.132438659667969
-0.13250732421875 0.5384521484375 0.04315185546875 -0.0446243286132812
-0.38238525390625 0.45587158203125 0.00497055053710935 0.034749984741211
-0.217529296875 0.392486572265625 -0.364288330078125 0.32525634765625
-0.024505615234375 0.40484619140625 -0.092864990234375 0.319854736328125
0.173614501953125 0.330474853515625 0.0230636596679688 0.108840942382813
0.29931640625 0.111419677734375 -0.0637550354003906 0.0467491149902344
0.273147583007813 -0.047149658203125 -0.109649658203125 0.123764038085938
0.188018798828125 -0.219253540039063 -0.0811920166015625 0.186676025390625
0.105377197265625 -0.256988525390625 -0.0230255126953125 0.267669677734375
0.117568969726563 -0.235244750976562 -0.01458740234375 0.28564453125
0.125900268554688 -0.26422119140625 -0.031494140625 0.29327392578125
0.19476318359375 -0.178054809570313 -0.145111083984375 0.253707885742188
0.275894165039063 -0.028900146484375 -0.211441040039063 0.167343139648437
0.231307983398437 0.142501831054688 -0.19805908203125 0.00134277343749999
0.03961181640625 0.327606201171875 -0.0877227783203125 -0.0873870849609375
-0.108551025390625 0.361358642578125 0.0103797912597656 0.0682601928710938
-0.283203125 0.3309326171875 -0.1295166015625 0.169769287109375
-0.0729217529296875 0.224472045898437 -0.446502685546875 0.434173583984375
0.0184173583984375 0.22186279296875 -0.129364013671875 0.40057373046875
0.105430603027344 0.138473510742188 0.0199127197265625 0.131851196289063
0.139503479003906 0.0295867919921875 -0.07989501953125 0.0660400390625
0.113517761230469 -0.0240631103515625 -0.132011413574219 0.131477355957031
0.0901870727539063 -0.0933151245117188 -0.109848022460938 0.236236572265625
0.0672988891601563 -0.106620788574219 -0.03680419921875 0.338897705078125
0.0733566284179688 -0.101982116699219 -0.018341064453125 0.34637451171875
0.0863723754882813 -0.113845825195313 -0.053131103515625 0.3526611328125
0.107673645019531 -0.0576095581054688 -0.1669921875 0.2880859375
0.124488830566406 0.023284912109375 -0.22308349609375 0.16534423828125
0.0727691650390625 0.0845108032226562 -0.197799682617188 0.0042877197265625
-0.0172882080078125 0.132064819335938 -0.0761184692382813 -0.0578231811523437
-0.0601959228515625 0.144912719726563 -0.0196151733398438 0.137359619140625
-0.138076782226563 0.16455078125 -0.225448608398437 0.259597778320313
-0.075347900390625 0.00473785400390625 0.224945068359375 -0.3497314453125
-0.0225448608398438 0.0562477111816406 0.0380096435546875 -0.199569702148438
0.0445976257324219 0.0602607727050781 0.0331497192382813 0.0533485412597656
0.0666732788085938 0.00699615478515625 0.191482543945313 0.023681640625
0.0569801330566406 -0.0476417541503906 0.231704711914063 -0.1063232421875
-0.00653076171875 -0.0713043212890625 0.170867919921875 -0.28485107421875
-0.0411567687988281 -0.0680809020996094 0.051483154296875 -0.395111083984375
-0.0256690979003906 -0.0468330383300781 0.01544189453125 -0.365814208984375
-0.0292892456054688 -0.0494766235351562 0.05426025390625 -0.34173583984375
0.0115432739257813 -0.0463142395019531 0.122955322265625 -0.262100219726563
0.0446014404296875 -0.0182838439941406 0.11370849609375 -0.14727783203125
0.0344581604003906 0.0393638610839844 0.067108154296875 -0.100456237792969
-0.0272598266601563 0.0494804382324219 0.0239715576171875 -0.202606201171875
-0.0593376159667969 0.0170173645019531 0.141357421875 -0.43719482421875
-0.035400390625 -0.0519905090332031 0.54193115234375 -0.456787109375
-0.232925415039063 0.194046020507813 0.20343017578125 -0.329742431640625
-0.0826568603515625 0.2379150390625 0.0449066162109375 -0.18572998046875
0.0804443359375 0.247100830078125 0.0267219543457031 0.04638671875
0.198989868164063 0.0982666015625 0.165985107421875 0.020751953125
0.204574584960938 -0.0503997802734375 0.206085205078125 -0.0741729736328125
0.101287841796875 -0.185577392578125 0.163101196289063 -0.25390625
0.0143585205078125 -0.221298217773438 0.052703857421875 -0.354339599609375
0.03570556640625 -0.191268920898438 0.0135498046875 -0.31915283203125
0.03143310546875 -0.216751098632812 0.05322265625 -0.300048828125
0.120208740234375 -0.17193603515625 0.0963287353515625 -0.2255859375
0.212753295898438 -0.06170654296875 0.0743865966796875 -0.117324829101563
0.199081420898438 0.110137939453125 0.0333099365234375 -0.10693359375
0.0252227783203125 0.258453369140625 0.0037994384765625 -0.227188110351562
-0.106826782226563 0.252853393554688 0.145599365234375 -0.446044921875
-0.194122314453125 0.161788940429687 0.464324951171875 -0.540679931640625
-0.305450439453125 0.416839599609375 0.09173583984375 -0.280181884765625
-0.067413330078125 0.424041748046875 0.0147781372070312 -0.135726928710937
0.1866455078125 0.397491455078125 0.0346908569335938 0.0441741943359375
0.3515625 0.12689208984375 0.139686584472656 -0.00583648681640624
0.330108642578125 -0.1036376953125 0.157516479492188 -0.06451416015625
0.156768798828125 -0.313751220703125 0.1053466796875 -0.220291137695313
0.01715087890625 -0.359527587890625 0.00685119628906249 -0.277969360351563
0.048370361328125 -0.3255615234375 -0.024078369140625 -0.22760009765625
0.036407470703125 -0.36932373046875 0.0150604248046875 -0.218276977539063
0.1741943359375 -0.31005859375 0.0293731689453125 -0.159622192382813
0.34613037109375 -0.151214599609375 0.00511169433593753 -0.0685997009277344
0.37158203125 0.119659423828125 -0.0358200073242187 -0.101554870605469
0.144439697265625 0.43450927734375 -0.0594024658203125 -0.23858642578125
-0.07635498046875 0.48675537109375 0.0818176269531249 -0.4307861328125
-0.292999267578125 0.389617919921875 0.39312744140625 -0.46282958984375
-0.360931396484375 0.535400390625 -0.00350952148437503 -0.140899658203125
-0.07147216796875 0.54461669921875 0.00545883178710937 -0.0365982055664062
0.23980712890625 0.503265380859375 0.038055419921875 0.05303955078125
0.44677734375 0.16900634765625 0.0944671630859375 -0.00092315673828124
0.4212646484375 -0.108795166015625 0.0978469848632813 -0.0108184814453125
0.22760009765625 -0.373382568359375 0.072021484375 -0.123115539550781
0.06451416015625 -0.43408203125 0.0164642333984375 -0.145431518554688
0.09710693359375 -0.392730712890625 -0.00581359863281249 -0.0938644409179688
0.087799072265625 -0.447601318359375 0.0234909057617188 -0.0857772827148438
0.239288330078125 -0.363739013671875 -0.0102691650390625 -0.0443305969238281
0.439849853515625 -0.1654052734375 -0.0569267272949218 0.0100212097167969
0.4637451171875 0.155487060546875 -0.0921401977539062 -0.0756988525390625
0.182647705078125 0.55072021484375 -0.0799407958984375 -0.22247314453125
-0.0964965820312501 0.62152099609375 0.082855224609375 -0.329437255859375
-0.380462646484375 0.50823974609375 0.292633056640625 -0.310760498046875
-0.3919677734375 0.54705810546875 -0.121902465820313 0.017181396484375
-0.09002685546875 0.58270263671875 -0.0176620483398438 0.0850677490234376
0.24017333984375 0.5430908203125 0.0364112854003906 0.0694961547851563
0.46929931640625 0.19970703125 0.03851318359375 0.0113449096679688
0.451507568359375 -0.085113525390625 0.0212974548339844 0.0460968017578125
0.2734375 -0.36822509765625 0.0226402282714844 -0.0101413726806641
0.113616943359375 -0.435272216796875 0.0105695724487305 0.00529670715332029
0.1395263671875 -0.39434814453125 -0.00245666503906249 0.049835205078125
0.134521484375 -0.44866943359375 0.0138969421386719 0.0600967407226562
0.275665283203125 -0.348907470703125 -0.0594558715820312 0.0768508911132812
0.462799072265625 -0.134857177734375 -0.123649597167969 0.0842361450195312
0.463775634765625 0.187042236328125 -0.143463134765625 -0.046539306640625
0.15985107421875 0.57867431640625 -0.0881805419921875 -0.184951782226562
-0.13067626953125 0.64111328125 0.075775146484375 -0.187728881835937
-0.429595947265625 0.52239990234375 0.159439086914062 -0.128692626953125
-0.3388671875 0.512847900390625 -0.25238037109375 0.180877685546875
-0.064544677734375 0.541900634765625 -0.051177978515625 0.212539672851563
0.232208251953125 0.4857177734375 0.0317535400390625 0.0896148681640625
0.429046630859375 0.171478271484375 -0.0189571380615234 0.0271797180175781
0.401947021484375 -0.072723388671875 -0.0530319213867187 0.0939407348632813
0.2540283203125 -0.32342529296875 -0.03546142578125 0.09869384765625
0.120574951171875 -0.380767822265625 -0.00611877441406251 0.1517333984375
0.141326904296875 -0.344970703125 -0.006683349609375 0.186325073242188
0.140899658203125 -0.389892578125 -0.00724792480468749 0.194320678710937
0.25445556640625 -0.288848876953125 -0.107635498046875 0.184402465820313
0.4039306640625 -0.092041015625 -0.177536010742187 0.143753051757813
0.38433837890625 0.178619384765625 -0.183563232421875 -0.0144195556640625
0.113525390625 0.499053955078125 -0.0943145751953125 -0.134071350097656
-0.128448486328125 0.552520751953125 0.047149658203125 -0.046051025390625
-0.3922119140625 0.470977783203125 0.00675201416015622 0.0381927490234375
-0.2275390625 0.40386962890625 -0.36767578125 0.333343505859375
-0.023895263671875 0.417266845703125 -0.089080810546875 0.32586669921875
0.184234619140625 0.34197998046875 0.0250091552734375 0.112030029296875
0.3089599609375 0.110015869140625 -0.0625953674316406 0.0481910705566406
0.282745361328125 -0.052001953125 -0.107414245605469 0.126304626464844
0.189346313476563 -0.228561401367188 -0.0830841064453125 0.187408447265625
0.102676391601562 -0.267105102539063 -0.02197265625 0.272445678710938
0.1175537109375 -0.2451171875 -0.011688232421875 0.29351806640625
0.123275756835937 -0.273757934570313 -0.030364990234375 0.2996826171875
0.19549560546875 -0.185501098632813 -0.145828247070313 0.259979248046875
0.282073974609375 -0.03436279296875 -0.212356567382812 0.172134399414063
0.239852905273438 0.1448974609375 -0.201797485351562 0.00321960449218752
0.04388427734375 0.337860107421875 -0.0893936157226563 -0.087371826171875
-0.10797119140625 0.371734619140625 0.0142593383789062 0.0708236694335938
-0.2911376953125 0.3428955078125 -0.130569458007813 0.178314208984375
-0.0790252685546875 0.23150634765625 -0.450164794921875 0.44561767578125
0.01971435546875 0.229873657226563 -0.126251220703125 0.411407470703125
0.111785888671875 0.145034790039063 0.0211105346679688 0.136405944824219
0.1444091796875 0.0298919677734375 -0.0795364379882813 0.0689468383789062
0.118492126464844 -0.0263442993164062 -0.131546020507812 0.133857727050781
0.0925674438476563 -0.0981063842773438 -0.111297607421875 0.2398681640625
0.067169189453125 -0.112388610839844 -0.0340576171875 0.346954345703125
0.0737075805664063 -0.107978820800781 -0.015472412109375 0.356201171875
0.086212158203125 -0.11962890625 -0.0517578125 0.36090087890625
0.108779907226563 -0.0620651245117188 -0.167938232421875 0.294769287109375
0.129058837890625 0.0210494995117188 -0.22412109375 0.170074462890625
0.0769195556640625 0.085968017578125 -0.2010498046875 0.00689697265625001
-0.0163345336914062 0.137763977050781 -0.078094482421875 -0.0565261840820312
-0.0611572265625 0.150955200195313 -0.0165863037109375 0.143096923828125
-0.143264770507813 0.171905517578125 -0.227813720703125 0.2706298828125
-0.07489013671875 0.00641632080078126 0.218841552734375 -0.37200927734375
-0.0231475830078125 0.0551795959472656 0.0283966064453125 -0.212265014648437
0.0452919006347656 0.0596885681152344 0.0359230041503906 0.0525131225585938
0.0678024291992187 0.0055694580078125 0.19671630859375 0.0161895751953125
0.0569076538085938 -0.0510215759277344 0.235702514648438 -0.1171875
-0.0105514526367188 -0.0717315673828125 0.166839599609375 -0.299041748046875
-0.0450859069824219 -0.0660514831542969 0.03662109375 -0.408782958984375
-0.0274009704589844 -0.0456657409667969 0.00421142578124998 -0.379730224609375
-0.0322265625 -0.0480918884277344 0.045684814453125 -0.35760498046875
0.0105628967285156 -0.0463905334472656 0.119827270507812 -0.274749755859375
0.0427436828613281 -0.0202789306640625 0.112564086914063 -0.155715942382813
0.0359840393066406 0.0387153625488281 0.0651702880859375 -0.105789184570313
-0.0248603820800781 0.050384521484375 0.0162811279296875 -0.211029052734375
-0.0576324462890625 0.0179901123046875 0.12774658203125 -0.459442138671875
-0.0371360778808594 -0.0537452697753906 0.545257568359375 -0.489105224609375
-0.2332763671875 0.208450317382812 0.19873046875 -0.352569580078125
-0.08148193359375 0.244430541992188 0.0373992919921875 -0.19976806640625
0.089569091796875 0.252670288085938 0.0283355712890625 0.0449752807617188
0.20751953125 0.093963623046875 0.171127319335937 0.0136260986328125
0.21002197265625 -0.0590972900390625 0.21063232421875 -0.0826416015625
0.095611572265625 -0.193923950195313 0.158782958984375 -0.267745971679688
0.00485229492187503 -0.227676391601563 0.03961181640625 -0.369171142578125
0.0297088623046875 -0.198318481445312 0.00366210937500002 -0.33056640625
0.022308349609375 -0.223846435546875 0.04559326171875 -0.314239501953125
0.116653442382813 -0.181427001953125 0.093017578125 -0.235641479492187
0.214889526367188 -0.07244873046875 0.0733413696289063 -0.122444152832031
0.209320068359375 0.106582641601563 0.030792236328125 -0.111541748046875
0.037750244140625 0.266464233398438 -0.00386047363281252 -0.236770629882812
-0.0978240966796875 0.263336181640625 0.13372802734375 -0.4678955078125
-0.195648193359375 0.173583984375 0.46405029296875 -0.571533203125
-0.30450439453125 0.442901611328125 0.085784912109375 -0.297515869140625
-0.06024169921875 0.43798828125 0.00770568847656249 -0.148651123046875
0.205963134765625 0.404022216796875 0.0364189147949219 0.0433883666992188
0.365386962890625 0.11798095703125 0.143081665039063 -0.012451171875
0.338897705078125 -0.11907958984375 0.162521362304688 -0.0723114013671875
0.14837646484375 -0.328887939453125 0.0987701416015625 -0.232284545898438
0.000854492187499968 -0.370452880859375 -0.00628662109374999 -0.28839111328125
0.037109375 -0.33819580078125 -0.0323944091796875 -0.234619140625
0.0218505859375 -0.3814697265625 0.00785827636718752 -0.228683471679688
0.166900634765625 -0.325531005859375 0.0258636474609375 -0.16583251953125
0.349609375 -0.170196533203125 0.00360870361328127 -0.0701408386230469
0.388641357421875 0.111114501953125 -0.03887939453125 -0.103424072265625
0.167877197265625 0.44476318359375 -0.069091796875 -0.245651245117187
-0.059661865234375 0.50347900390625 0.06982421875 -0.451263427734375
-0.290985107421875 0.4149169921875 0.39306640625 -0.4893798828125
-0.36083984375 0.5660400390625 -0.00755310058593752 -0.151901245117187
-0.0618896484375001 0.56549072265625 0.00336837768554687 -0.0464057922363281
0.26690673828125 0.5133056640625 0.0408477783203125 0.0521736145019532
0.4669189453125 0.15972900390625 0.0980148315429688 -0.00551605224609374
0.4339599609375 -0.128875732421875 0.103599548339844 -0.015777587890625
0.2183837890625 -0.393707275390625 0.0669479370117188 -0.133049011230469
0.04840087890625 -0.449737548828125 0.00846862792968749 -0.152847290039063
0.08447265625 -0.4112548828125 -0.00945281982421874 -0.0966644287109375
0.070526123046875 -0.46600341796875 0.0206069946289062 -0.09130859375
0.23095703125 -0.384063720703125 -0.0101737976074219 -0.04534912109375
0.445770263671875 -0.18798828125 -0.0572662353515625 0.0123863220214844
0.48614501953125 0.1463623046875 -0.09661865234375 -0.075836181640625
0.21209716796875 0.566162109375 -0.088043212890625 -0.228118896484375
-0.0755615234375 0.6439208984375 0.076263427734375 -0.344940185546875
-0.380401611328125 0.54180908203125 0.294097900390625 -0.328460693359375
-0.39508056640625 0.58270263671875 -0.12396240234375 0.0168075561523438
-0.0802001953125 0.60540771484375 -0.0146331787109375 0.0806121826171875
0.269927978515625 0.557037353515625 0.0396614074707031 0.0702743530273438
0.492462158203125 0.18890380859375 0.0412101745605469 0.00936126708984376
0.46673583984375 -0.103515625 0.027252197265625 0.0447273254394531
0.266571044921875 -0.3909912109375 0.0188827514648438 -0.0159988403320313
0.09747314453125 -0.4552001953125 0.00803947448730469 0.00322580337524411
0.12890625 -0.4146728515625 -0.000125885009765619 0.0531234741210937
0.117889404296875 -0.468841552734375 0.0157432556152344 0.0592842102050781
0.26849365234375 -0.370574951171875 -0.0580368041992187 0.0810470581054687
0.472320556640625 -0.15765380859375 -0.122917175292969 0.0909881591796875
0.488616943359375 0.179412841796875 -0.149139404296875 -0.0428924560546875
0.1885986328125 0.59552001953125 -0.09442138671875 -0.18890380859375
-0.11175537109375 0.66619873046875 0.0754852294921875 -0.19805908203125
-0.432403564453125 0.55767822265625 0.16259765625 -0.1361083984375
-0.342376708984375 0.544586181640625 -0.25360107421875 0.191192626953125
-0.0516967773437501 0.564453125 -0.0442962646484375 0.215438842773438
0.260589599609375 0.4989013671875 0.0366287231445313 0.0918426513671875
0.44970703125 0.16265869140625 -0.0166816711425781 0.0286216735839844
0.4169921875 -0.091094970703125 -0.0476303100585937 0.0968399047851563
0.249053955078125 -0.345672607421875 -0.0366897583007812 0.0983963012695312
0.106292724609375 -0.399627685546875 -0.00354003906249999 0.154632568359375
0.1322021484375 -0.36474609375 -0.000137329101562487 0.194229125976562
0.128021240234375 -0.4088134765625 -0.00137329101562501 0.200439453125
0.25079345703125 -0.308258056640625 -0.104522705078125 0.193893432617188
0.4134521484375 -0.111480712890625 -0.176422119140625 0.153671264648438
0.40484619140625 0.172882080078125 -0.188873291015625 -0.00898742675781252
0.1361083984375 0.51507568359375 -0.099853515625 -0.135482788085938
-0.11370849609375 0.5751953125 0.0513496398925781 -0.049560546875
-0.396331787109375 0.501556396484375 0.0098915100097656 0.0419120788574219
-0.227996826171875 0.427947998046875 -0.368804931640625 0.35223388671875
-0.012939453125 0.4354248046875 -0.079193115234375 0.33734130859375
0.20587158203125 0.35198974609375 0.0300445556640625 0.116355895996094
0.32464599609375 0.103485107421875 -0.0608978271484375 0.0530815124511719
0.294281005859375 -0.064666748046875 -0.103958129882812 0.132080078125
0.187103271484375 -0.245147705078125 -0.082061767578125 0.1923828125
0.093719482421875 -0.282379150390625 -0.0154266357421875 0.280975341796875
0.111190795898437 -0.260162353515625 -0.001373291015625 0.30474853515625
0.1151123046875 -0.288726806640625 -0.022064208984375 0.31036376953125
0.192703247070313 -0.199569702148438 -0.141616821289063 0.273025512695313
0.290252685546875 -0.0465087890625 -0.211273193359375 0.184112548828125
0.254898071289063 0.142440795898438 -0.207183837890625 0.010345458984375
0.05712890625 0.35040283203125 -0.0935821533203125 -0.0873184204101562
-0.0986328125 0.388397216796875 0.0215530395507812 0.0740432739257813
-0.294647216796875 0.3677978515625 -0.127227783203125 0.190902709960938
-0.079986572265625 0.2437744140625 -0.45025634765625 0.47467041015625
0.027984619140625 0.240020751953125 -0.11376953125 0.429229736328125
0.122772216796875 0.149871826171875 0.0275421142578125 0.142684936523437
0.151931762695313 0.026611328125 -0.0777359008789062 0.0749664306640625
0.124267578125 -0.031494140625 -0.130645751953125 0.140884399414063
0.0924301147460938 -0.106925964355469 -0.109512329101563 0.248291015625
0.0642242431640625 -0.120826721191406 -0.0234375 0.35845947265625
0.0717010498046875 -0.116439819335938 -0.00146484374999998 0.369293212890625
0.0831069946289063 -0.127975463867188 -0.0406494140625 0.376190185546875
0.108787536621094 -0.0688247680664063 -0.163330078125 0.309539794921875
0.135078430175781 0.0158157348632812 -0.223800659179688 0.181747436523437
0.0846633911132813 0.0863494873046875 -0.2064208984375 0.0140533447265625
-0.0126495361328125 0.145156860351563 -0.0812530517578125 -0.0536880493164062
-0.058319091796875 0.1607666015625 -0.00764465332031252 0.150253295898438
-0.145050048828125 0.18548583984375 -0.22528076171875 0.29083251953125
-0.0733489990234375 0.00924682617187499 0.201873779296875 -0.39556884765625
-0.0228347778320313 0.0548286437988281 0.012237548828125 -0.2213134765625
0.0474624633789063 0.0575027465820313 0.0381889343261719 0.0489768981933594
0.0682029724121094 0.00187301635742188 0.199386596679688 0.002655029296875
0.0543212890625 -0.0564384460449219 0.23309326171875 -0.13275146484375
-0.0161972045898438 -0.0710372924804688 0.153350830078125 -0.313140869140625
-0.0507278442382813 -0.0616073608398437 0.011810302734375 -0.4188232421875
-0.0305747985839844 -0.0433082580566406 -0.019195556640625 -0.387847900390625
-0.0364341735839844 -0.0447578430175781 0.026123046875 -0.3702392578125
0.00761032104492188 -0.0466384887695312 0.107421875 -0.2874755859375
0.0401573181152344 -0.0232467651367188 0.105758666992188 -0.1636962890625
0.0377655029296875 0.0373153686523438 0.0601806640625 -0.112663269042969
-0.0204315185546875 0.0504684448242187 0.00224304199218751 -0.217056274414063
-0.0543251037597656 0.019989013671875 0.097900390625 -0.476898193359375
-0.0391082763671875 -0.0534896850585938 0.5277099609375 -0.531646728515625
-0.22412109375 0.226303100585937 0.182281494140625 -0.37420654296875
-0.07220458984375 0.251739501953125 0.0222320556640625 -0.211349487304687
0.10467529296875 0.252227783203125 0.0306816101074219 0.0420379638671875
0.215164184570313 0.0838165283203125 0.17352294921875 0.001708984375
0.211273193359375 -0.07440185546875 0.211166381835937 -0.097137451171875
0.0829925537109375 -0.20184326171875 0.14508056640625 -0.282318115234375
-0.011138916015625 -0.229583740234375 0.015625 -0.37847900390625
0.017852783203125 -0.203704833984375 -0.016632080078125 -0.33795166015625
0.00781250000000002 -0.227752685546875 0.0283203125 -0.326629638671875
0.106185913085937 -0.190872192382813 0.08245849609375 -0.246658325195313
0.212417602539063 -0.087310791015625 0.068115234375 -0.12847900390625
0.219650268554688 0.09613037109375 0.0250396728515625 -0.115882873535156
0.058013916015625 0.268783569335937 -0.01898193359375 -0.242050170898437
-0.0803680419921875 0.272384643554688 0.10638427734375 -0.487884521484375
-0.189422607421875 0.190567016601563 0.43994140625 -0.61083984375
-0.2841796875 0.47015380859375 0.069488525390625 -0.3134765625
-0.039031982421875 0.448577880859375 -0.00503540039062499 -0.159255981445312
0.23406982421875 0.401275634765625 0.0388450622558594 0.0404167175292969
0.378021240234375 0.099151611328125 0.144271850585938 -0.0229644775390625
0.33966064453125 -0.14361572265625 0.162994384765625 -0.0851898193359375
0.1273193359375 -0.34197998046875 0.084014892578125 -0.24346923828125
-0.02484130859375 -0.375732421875 -0.0263671875 -0.293609619140625
0.016143798828125 -0.3480224609375 -0.046417236328125 -0.237396240234375
-0.004669189453125 -0.3883056640625 -0.00567626953125001 -0.236846923828125
0.147186279296875 -0.340606689453125 0.0183868408203125 -0.170639038085938
0.343719482421875 -0.194580078125 0.000663757324218776 -0.070892333984375
0.40472412109375 0.090667724609375 -0.0450439453125 -0.10467529296875
0.20245361328125 0.4439697265625 -0.084320068359375 -0.248519897460937
-0.0272216796875 0.513946533203125 0.043365478515625 -0.4656982421875
-0.275360107421875 0.44189453125 0.374847412109375 -0.522125244140625
-0.33673095703125 0.6019287109375 -0.0160369873046875 -0.1593017578125
-0.03375244140625 0.5784912109375 -0.00223541259765625 -0.0553932189941406
0.30517578125 0.510772705078125 0.0444793701171875 0.0500907897949219
0.4847412109375 0.132965087890625 0.100204467773438 -0.0130767822265625
0.4376220703125 -0.1600341796875 0.106941223144531 -0.024261474609375
0.194000244140625 -0.41326904296875 0.05609130859375 -0.141815185546875
0.016754150390625 -0.459564208984375 -0.0047607421875 -0.156982421875
0.0589599609375 -0.425323486328125 -0.014923095703125 -0.097991943359375
0.039581298828125 -0.47735595703125 0.0143890380859375 -0.0969619750976563
0.20916748046875 -0.403656005859375 -0.0120124816894531 -0.045867919921875
0.441558837890625 -0.21966552734375 -0.0561332702636718 0.0171623229980469
0.505859375 0.121612548828125 -0.102035522460937 -0.0715789794921875
0.25457763671875 0.56536865234375 -0.101806640625 -0.228805541992187
-0.0360717773437499 0.65899658203125 0.058837890625 -0.35845947265625
-0.36029052734375 0.57818603515625 0.28350830078125 -0.3511962890625
-0.373046875 0.6221923828125 -0.125213623046875 0.0192108154296875
-0.0489501953125 0.62353515625 -0.0117568969726563 0.0762710571289063
0.3134765625 0.555389404296875 0.0451889038085938 0.0698318481445313
0.513946533203125 0.163482666015625 0.0445709228515625 0.00588989257812501
0.472015380859375 -0.137298583984375 0.0341644287109375 0.0416679382324219
0.243377685546875 -0.4161376953125 0.0132884979248047 -0.0200138092041016
0.066314697265625 -0.470489501953125 0.00446701049804688 0.00171804428100583
0.10382080078125 -0.432708740234375 0.00384902954101563 0.054962158203125
0.087615966796875 -0.486297607421875 0.018341064453125 0.0582504272460937
0.24755859375 -0.393310546875 -0.0539474487304688 0.0857162475585937
0.47076416015625 -0.188934326171875 -0.118232727050781 0.101081848144531
0.511566162109375 0.155426025390625 -0.152999877929687 -0.035003662109375
0.2308349609375 0.59912109375 -0.106185913085937 -0.1876220703125
-0.0714111328125001 0.68255615234375 0.067657470703125 -0.207977294921875
-0.41290283203125 0.59796142578125 0.159835815429687 -0.145462036132813
-0.32366943359375 0.58038330078125 -0.247421264648438 0.205596923828125
-0.02178955078125 0.583984375 -0.031890869140625 0.21697998046875
0.300384521484375 0.4979248046875 0.04425048828125 0.0932159423828125
0.47021484375 0.138275146484375 -0.0121536254882812 0.0301685333251953
0.423492431640625 -0.120147705078125 -0.0400924682617187 0.0991439819335937
0.229400634765625 -0.368804931640625 -0.037200927734375 0.099212646484375
0.079986572265625 -0.415679931640625 0.0029449462890625 0.157180786132812
0.11114501953125 -0.38226318359375 0.0126190185546875 0.198440551757812
0.10150146484375 -0.424835205078125 0.00990295410156252 0.203826904296875
0.233123779296875 -0.32904052734375 -0.09490966796875 0.203948974609375
0.414215087890625 -0.13958740234375 -0.169387817382812 0.167724609375
0.42523193359375 0.15301513671875 -0.191970825195312 0.00199890136718753
0.171905517578125 0.5198974609375 -0.108108520507812 -0.132843017578125
-0.0805664062499999 0.5909423828125 0.0523414611816406 -0.0543746948242187
-0.37939453125 0.539093017578125 0.0142288208007812 0.0447921752929688
-0.21453857421875 0.45574951171875 -0.355194091796875 0.377838134765625
0.010650634765625 0.44818115234375 -0.0595703125 0.345733642578125
0.235443115234375 0.35076904296875 0.03955078125 0.119369506835938
0.338653564453125 0.086669921875 -0.0554046630859375 0.0578498840332031
0.29962158203125 -0.0860595703125 -0.096099853515625 0.138191223144531
0.173599243164063 -0.263290405273438 -0.077362060546875 0.198135375976562
0.075347900390625 -0.2965087890625 0.000122070312500012 0.2860107421875
0.095458984375 -0.275115966796875 0.017669677734375 0.312103271484375
0.09649658203125 -0.301544189453125 -0.00390624999999999 0.318115234375
0.182357788085938 -0.215316772460938 -0.127685546875 0.28631591796875
0.292755126953125 -0.0667724609375 -0.203353881835937 0.20013427734375
0.27008056640625 0.130889892578125 -0.209854125976562 0.0238037109375
0.080718994140625 0.356719970703125 -0.0985641479492187 -0.0828857421875
-0.0760498046875 0.40179443359375 0.0305023193359375 0.0731277465820313
-0.282379150390625 0.39544677734375 -0.117446899414063 0.20574951171875
-0.0731964111328125 0.25634765625 -0.43035888671875 0.507965087890625
0.042083740234375 0.246368408203125 -0.090118408203125 0.44439697265625
0.137664794921875 0.1494140625 0.0386505126953125 0.146530151367187
0.157867431640625 0.0186767578125 -0.0712203979492187 0.0825653076171875
0.12738037109375 -0.0412139892578125 -0.123550415039063 0.1492919921875
0.0879669189453125 -0.115997314453125 -0.0997314453125 0.25750732421875
0.0567092895507812 -0.129638671875 -0.00366210937499997 0.36614990234375
0.0647354125976563 -0.125617980957031 0.020477294921875 0.3787841796875
0.075225830078125 -0.136886596679688 -0.01947021484375 0.387054443359375
0.104904174804687 -0.0775833129882812 -0.147613525390625 0.3245849609375
0.1392822265625 0.0056610107421875 -0.215118408203125 0.198486328125
0.093505859375 0.0833740234375 -0.208633422851563 0.027923583984375
-0.0037384033203125 0.15203857421875 -0.0846099853515625 -0.0493927001953125
-0.04962158203125 0.16912841796875 0.00532531738281249 0.154754638671875
-0.13995361328125 0.200363159179687 -0.21099853515625 0.31317138671875
-0.0685462951660156 0.012054443359375 0.1749267578125 -0.4063720703125
-0.021331787109375 0.0534591674804688 -0.00566101074218751 -0.221786499023437
0.0486068725585938 0.0534477233886719 0.0402145385742188 0.044952392578125
0.0666732788085938 -0.0022125244140625 0.195205688476562 -0.010894775390625
0.0489578247070313 -0.0593490600585938 0.221343994140625 -0.145721435546875
-0.0214271545410156 -0.0670280456542969 0.132659912109375 -0.319488525390625
-0.0532302856445312 -0.0549736022949219 -0.01641845703125 -0.4163818359375
-0.0323410034179688 -0.0392684936523437 -0.043365478515625 -0.382781982421875
-0.0393600463867188 -0.0402488708496094 0.00173950195312501 -0.370330810546875
0.00469207763671875 -0.0460624694824219 0.08917236328125 -0.292022705078125
0.0361137390136719 -0.0250892639160156 0.0944061279296875 -0.16778564453125
0.038543701171875 0.0340957641601563 0.0519485473632813 -0.115394592285156
-0.0160446166992188 0.0487251281738281 -0.0144195556640625 -0.2147216796875
-0.0494613647460938 0.0208320617675781 0.06103515625 -0.478607177734375
-0.0410919189453125 -0.0510063171386719 0.48846435546875 -0.56048583984375
-0.206039428710937 0.237945556640625 0.156982421875 -0.386016845703125
-0.058319091796875 0.252059936523438 0.00440979003906248 -0.215072631835937
0.119049072265625 0.24334716796875 0.0324058532714844 0.0394706726074219
0.217178344726562 0.06915283203125 0.170135498046875 -0.01116943359375
0.203567504882813 -0.0885772705078125 0.2037353515625 -0.11016845703125
0.06732177734375 -0.203628540039063 0.123870849609375 -0.2890625
-0.027587890625 -0.224472045898438 -0.010833740234375 -0.375579833984375
0.004425048828125 -0.202194213867188 -0.037506103515625 -0.3343505859375
-0.00973510742187502 -0.224349975585938 0.00588989257812497 -0.328460693359375
0.091522216796875 -0.195480346679687 0.0680389404296875 -0.249557495117187
0.201522827148438 -0.101181030273438 0.0601272583007813 -0.129898071289062
0.224365234375 0.081390380859375 0.0175399780273438 -0.117500305175781
0.0775909423828125 0.260818481445312 -0.0351409912109375 -0.239273071289062
-0.0589599609375 0.271728515625 0.070281982421875 -0.489593505859375
-0.17425537109375 0.203399658203125 0.39849853515625 -0.63134765625
-0.25201416015625 0.4837646484375 0.0491943359375 -0.319061279296875
-0.014556884765625 0.4462890625 -0.0198822021484375 -0.162521362304687
0.257904052734375 0.383392333984375 0.0405158996582031 0.0374603271484375
0.37921142578125 0.074127197265625 0.140411376953125 -0.0340194702148437
0.327301025390625 -0.166290283203125 0.158248901367188 -0.09613037109375
0.101287841796875 -0.34490966796875 0.064056396484375 -0.246368408203125
-0.05328369140625 -0.367706298828125 -0.049072265625 -0.288970947265625
-0.00729370117187501 -0.3458251953125 -0.0605316162109375 -0.232177734375
-0.033538818359375 -0.38165283203125 -0.0215301513671875 -0.236404418945313
0.121124267578125 -0.345428466796875 0.00775146484375 -0.170425415039063
0.324737548828125 -0.214996337890625 -0.00193786621093748 -0.0686988830566406
0.4075927734375 0.063262939453125 -0.0504913330078125 -0.101882934570313
0.232635498046875 0.425811767578125 -0.0990753173828125 -0.2421875
0.00775146484374999 0.50665283203125 0.01220703125 -0.464630126953125
-0.246429443359375 0.45867919921875 0.339447021484375 -0.53863525390625
-0.29815673828125 0.6204833984375 -0.025665283203125 -0.16204833984375
-0.00122070312499998 0.575927734375 -0.00973892211914062 -0.0608749389648437
0.337005615234375 0.48760986328125 0.0477027893066406 0.047760009765625
0.486175537109375 0.100616455078125 0.0983123779296875 -0.0212554931640625
0.42279052734375 -0.189971923828125 0.10699462890625 -0.0335159301757813
0.161468505859375 -0.42236328125 0.041412353515625 -0.144500732421875
-0.0201416015625 -0.455841064453125 -0.0186309814453125 -0.15478515625
0.029571533203125 -0.42529296875 -0.0203628540039062 -0.0960464477539063
0.00439453125 -0.472869873046875 0.007049560546875 -0.098602294921875
0.179046630859375 -0.411865234375 -0.0137214660644531 -0.0439376831054688
0.418914794921875 -0.247283935546875 -0.0526161193847656 0.0214309692382812
0.51171875 0.0870361328125 -0.104324340820312 -0.0656356811523438
0.2911376953125 0.544281005859375 -0.114517211914063 -0.2218017578125
0.00793457031250006 0.649169921875 0.035064697265625 -0.360443115234375
-0.32281494140625 0.599853515625 0.260528564453125 -0.363677978515625
-0.333984375 0.64501953125 -0.121971130371094 0.0219192504882813
-0.012451171875 0.623779296875 -0.00962066650390624 0.0697860717773438
0.35040283203125 0.533203125 0.0509071350097656 0.0671577453613282
0.518768310546875 0.12738037109375 0.0467376708984375 0.00173568725585938
0.460968017578125 -0.1697998046875 0.0393486022949219 0.035888671875
0.2099609375 -0.427093505859375 0.00597572326660157 -0.0216941833496094
0.02978515625 -0.470458984375 0.00113046169281006 0.0014083385467529
0.072509765625 -0.436279296875 0.007781982421875 0.0545387268066406
0.050872802734375 -0.485382080078125 0.0209197998046875 0.0549430847167968
0.21624755859375 -0.4051513671875 -0.0472259521484375 0.0889358520507812
0.4522705078125 -0.219024658203125 -0.109222412109375 0.108146667480469
0.516998291015625 0.120697021484375 -0.15264892578125 -0.025146484375
0.2694091796875 0.5789794921875 -0.1163330078125 -0.180709838867187
-0.0267944335937501 0.6766357421875 0.0555267333984375 -0.212615966796875
-0.37432861328125 0.62200927734375 0.151412963867187 -0.152557373046875
-0.28826904296875 0.60296630859375 -0.230941772460938 0.215530395507813
0.0123901367187501 0.582275390625 -0.0190582275390625 0.21234130859375
0.334075927734375 0.477569580078125 0.0523757934570313 0.0910568237304688
0.474273681640625 0.1070556640625 -0.00691223144531247 0.0287742614746094
0.4151611328125 -0.150299072265625 -0.0303878784179687 0.0976715087890625
0.20074462890625 -0.381072998046875 -0.0364151000976562 0.0996246337890625
0.04669189453125 -0.41766357421875 0.00923156738281251 0.15570068359375
0.082977294921875 -0.38812255859375 0.02520751953125 0.19647216796875
0.068878173828125 -0.427276611328125 0.021514892578125 0.200302124023437
0.205718994140625 -0.3397216796875 -0.08062744140625 0.208236694335937
0.40020751953125 -0.165863037109375 -0.1556396484375 0.176620483398438
0.433807373046875 0.12493896484375 -0.188720703125 0.0138397216796875
0.204864501953125 0.50579833984375 -0.113868713378906 -0.126350402832031
-0.04248046875 0.5880126953125 0.0513153076171875 -0.0593338012695312
-0.345977783203125 0.561431884765625 0.0187454223632812 0.0456352233886719
-0.188323974609375 0.469879150390625 -0.32745361328125 0.394775390625
0.038909912109375 0.447113037109375 -0.03631591796875 0.34307861328125
0.26092529296875 0.33740234375 0.0497894287109375 0.117538452148438
0.34307861328125 0.063507080078125 -0.0474891662597656 0.0599288940429688
0.294403076171875 -0.1070556640625 -0.0843429565429688 0.140274047851563
0.152801513671875 -0.273452758789063 -0.069122314453125 0.20001220703125
0.050018310546875 -0.29974365234375 0.015899658203125 0.28387451171875
0.074920654296875 -0.280075073242188 0.03753662109375 0.30877685546875
0.072235107421875 -0.3052978515625 0.015655517578125 0.316131591796875
0.16278076171875 -0.224075317382813 -0.108673095703125 0.292205810546875
0.284820556640625 -0.0867919921875 -0.186386108398437 0.21014404296875
0.277389526367187 0.111984252929687 -0.205108642578125 0.0373382568359375
0.103912353515625 0.350555419921875 -0.100936889648438 -0.0768585205078125
-0.049652099609375 0.4017333984375 0.0381050109863281 0.0694351196289063
-0.258392333984375 0.413482666015625 -0.100875854492188 0.213592529296875
-0.060638427734375 0.262725830078125 -0.39569091796875 0.52850341796875
0.0572967529296875 0.244583129882812 -0.059417724609375 0.4451904296875
0.149154663085938 0.142532348632813 0.050384521484375 0.14471435546875
0.159805297851563 0.0088348388671875 -0.0619430541992187 0.0858993530273438
0.125572204589844 -0.0501861572265625 -0.112655639648438 0.153701782226563
0.0789413452148437 -0.122695922851562 -0.08740234375 0.260330200195313
0.0452117919921875 -0.134239196777344 0.01934814453125 0.363433837890625
0.0546112060546875 -0.130348205566406 0.043975830078125 0.374847412109375
0.0633697509765625 -0.141250610351563 0.00540161132812504 0.385040283203125
0.097381591796875 -0.083953857421875 -0.125823974609375 0.33099365234375
0.138633728027344 -0.00511932373046875 -0.198974609375 0.208663940429688
0.0992965698242188 0.0759963989257813 -0.204299926757813 0.0421600341796875
0.00659179687500001 0.153533935546875 -0.0851898193359375 -0.0426177978515625
-0.037994384765625 0.171218872070313 0.0193023681640625 0.151931762695312
-0.127731323242187 0.209976196289063 -0.187164306640625 0.32623291015625
-0.0643043518066406 0.0119400024414063 0.152740478515625 -0.40557861328125
-0.0206680297851563 0.0514793395996094 -0.0183563232421875 -0.21551513671875
0.0474205017089844 0.0505599975585938 0.0401763916015625 0.0415420532226563
0.063232421875 -0.00373077392578125 0.187088012695313 -0.0196685791015625
0.0437202453613281 -0.0601577758789062 0.209426879882813 -0.151199340820313
-0.0243721008300781 -0.0628128051757813 0.1160888671875 -0.316162109375
-0.0533332824707031 -0.0488014221191406 -0.034698486328125 -0.4029541015625
-0.03265380859375 -0.0350131988525391 -0.058349609375 -0.371978759765625
-0.03961181640625 -0.035675048828125 -0.0135498046875 -0.36376953125
0.00233078002929687 -0.0445747375488281 0.076171875 -0.28814697265625
0.0319995880126953 -0.0249519348144531 0.0855255126953125 -0.166458129882812
0.0387916564941406 0.0321464538574219 0.045074462890625 -0.114517211914062
-0.0129585266113281 0.0451393127441406 -0.0244293212890625 -0.207412719726563
-0.0445404052734375 0.0206794738769531 0.037078857421875 -0.466796875
-0.0411453247070313 -0.0484428405761719 0.45123291015625 -0.56390380859375
-0.188583374023438 0.2393798828125 0.13702392578125 -0.385498046875
-0.0483856201171875 0.246139526367187 -0.00894165039062499 -0.211273193359375
0.12567138671875 0.232192993164063 0.0327186584472656 0.0362548828125
0.212066650390625 0.058929443359375 0.163314819335938 -0.0193328857421875
0.193572998046875 -0.0963897705078125 0.194076538085938 -0.1168212890625
0.0539703369140625 -0.198959350585938 0.1075439453125 -0.285797119140625
-0.0381622314453125 -0.214508056640625 -0.028961181640625 -0.3646240234375
-0.00447082519531252 -0.1959228515625 -0.050811767578125 -0.32476806640625
-0.0213165283203125 -0.215652465820312 -0.00839233398437503 -0.3218994140625
0.07855224609375 -0.193206787109375 0.0565032958984375 -0.245956420898438
0.189620971679688 -0.105987548828125 0.0542068481445313 -0.127693176269531
0.222274780273438 0.0693511962890625 0.0119781494140625 -0.115310668945312
0.0880584716796875 0.24822998046875 -0.0450897216796875 -0.23199462890625
-0.0439300537109375 0.262893676757813 0.044464111328125 -0.479095458984375
-0.15582275390625 0.212188720703125 0.36065673828125 -0.6300048828125
-0.223388671875 0.48175048828125 0.035552978515625 -0.3173828125
0.000640869140625045 0.43353271484375 -0.031494140625 -0.159637451171875
0.26898193359375 0.36328125 0.0410842895507813 0.0347671508789063
0.370208740234375 0.056640625 0.133857727050781 -0.0400543212890625
0.31048583984375 -0.178497314453125 0.150588989257813 -0.103240966796875
0.080169677734375 -0.3360595703125 0.048980712890625 -0.241226196289063
-0.070770263671875 -0.352264404296875 -0.06304931640625 -0.2772216796875
-0.02301025390625 -0.33489990234375 -0.068939208984375 -0.223541259765625
-0.051605224609375 -0.367034912109375 -0.0329742431640625 -0.23101806640625
0.099639892578125 -0.338409423828125 0.00271606445312499 -0.165771484375
0.30474853515625 -0.222564697265625 -0.00398635864257811 -0.0656547546386719
0.4012451171875 0.043609619140625 -0.0532455444335937 -0.0972824096679687
0.245819091796875 0.40289306640625 -0.107559204101563 -0.232345581054687
0.028778076171875 0.48779296875 -0.00933837890625002 -0.451934814453125
-0.221405029296875 0.458984375 0.3089599609375 -0.53692626953125
-0.2640380859375 0.61968994140625 -0.0312347412109375 -0.161697387695312
0.020477294921875 0.56207275390625 -0.0165481567382812 -0.0632171630859375
0.351043701171875 0.461578369140625 0.0502128601074219 0.044342041015625
0.477569580078125 0.078125 0.095123291015625 -0.0274124145507813
0.404296875 -0.2056884765625 0.104240417480469 -0.0407638549804688
0.133880615234375 -0.4154052734375 0.02978515625 -0.141357421875
-0.044464111328125 -0.439453125 -0.0275421142578125 -0.148696899414063
0.00924682617187497 -0.41595458984375 -0.0235824584960938 -0.0919265747070313
-0.02008056640625 -0.45806884765625 0.00151062011718751 -0.0985183715820313
0.152557373046875 -0.40423583984375 -0.0146217346191406 -0.0416679382324219
0.39544677734375 -0.258087158203125 -0.0490570068359375 0.0244636535644531
0.502197265625 0.063232421875 -0.103546142578125 -0.0606613159179687
0.3076171875 0.516845703125 -0.121383666992187 -0.213577270507813
0.03424072265625 0.62823486328125 0.018798828125 -0.353485107421875
-0.29241943359375 0.6005859375 0.240081787109375 -0.36358642578125
-0.2999267578125 0.645751953125 -0.116676330566406 0.0214691162109375
0.0115966796875 0.60980224609375 -0.0090179443359375 0.0639266967773438
0.36676025390625 0.506927490234375 0.0550537109375 0.0643768310546875
0.5107421875 0.102325439453125 0.0473747253417969 -0.00277709960937499
0.44354248046875 -0.189361572265625 0.042022705078125 0.0300064086914062
0.181060791015625 -0.42437744140625 -0.000419616699218741 -0.0208492279052735
0.00155639648437503 -0.45751953125 -0.00197267532348633 0.0026586055755615
0.050628662109375 -0.42938232421875 0.0103225708007813 0.05352783203125
0.024871826171875 -0.472015380859375 0.0215415954589844 0.05224609375
0.189117431640625 -0.400238037109375 -0.0417251586914062 0.089447021484375
0.428253173828125 -0.232818603515625 -0.099700927734375 0.110816955566406
0.512298583984375 0.095916748046875 -0.148757934570312 -0.0196685791015625
0.2882080078125 0.553741455078125 -0.119659423828125 -0.173095703125
0.00152587890624998 0.65545654296875 0.0458831787109375 -0.210952758789063
-0.3416748046875 0.6243896484375 0.14288330078125 -0.152984619140625
-0.25714111328125 0.60247802734375 -0.215042114257813 0.215469360351563
0.03564453125 0.570068359375 -0.0118865966796875 0.203643798828125
0.352142333984375 0.453033447265625 0.0578765869140625 0.0873336791992188
0.46844482421875 0.083160400390625 -0.00295066833496091 0.026397705078125
0.400054931640625 -0.167694091796875 -0.023406982421875 0.09259033203125
0.173828125 -0.378448486328125 -0.0364456176757812 0.099517822265625
0.021392822265625 -0.4073486328125 0.0131378173828125 0.151824951171875
0.062286376953125 -0.38134765625 0.0334014892578125 0.19085693359375
0.044921875 -0.416900634765625 0.028289794921875 0.194229125976562
0.182403564453125 -0.33673095703125 -0.0694580078125 0.206893920898437
0.37994384765625 -0.179595947265625 -0.1419677734375 0.178878784179688
0.429534912109375 0.103363037109375 -0.182388305664062 0.0213470458984375
0.2230224609375 0.486175537109375 -0.1151123046875 -0.12005615234375
-0.01666259765625 0.57061767578125 0.0486488342285156 -0.0625076293945312
-0.3157958984375 0.5648193359375 0.0221405029296875 0.04571533203125
-0.166534423828125 0.471588134765625 -0.302459716796875 0.3936767578125
0.05517578125 0.43670654296875 -0.021331787109375 0.33319091796875
0.27337646484375 0.319793701171875 0.0570526123046875 0.113838195800781
0.33868408203125 0.04736328125 -0.0404396057128906 0.0585289001464844
0.28424072265625 -0.1201171875 -0.0744857788085938 0.137603759765625
0.133590698242188 -0.2734375 -0.0631256103515625 0.198593139648437
0.031341552734375 -0.2939453125 0.0251007080078125 0.276077270507813
0.058746337890625 -0.277389526367188 0.0501708984375 0.2998046875
0.0546875 -0.299407958984375 0.02838134765625 0.307861328125
0.146163940429687 -0.2235107421875 -0.093292236328125 0.288665771484375
0.272735595703125 -0.098175048828125 -0.17144775390625 0.212478637695313
0.276641845703125 0.096923828125 -0.197021484375 0.0452117919921875
0.116973876953125 0.338653564453125 -0.100532531738281 -0.0712203979492188
-0.032318115234375 0.3917236328125 0.0425605773925781 0.0635566711425782
-0.2362060546875 0.416259765625 -0.087646484375 0.213623046875
-0.051239013671875 0.262603759765625 -0.362762451171875 0.528472900390625
0.0666046142578125 0.237869262695312 -0.0367431640625 0.43487548828125
0.15496826171875 0.134613037109375 0.0591506958007812 0.139945983886719
0.157455444335938 0.001953125 -0.052581787109375 0.0851974487304688
0.122108459472656 -0.0553817749023438 -0.1024169921875 0.152923583984375
0.0701675415039063 -0.124053955078125 -0.0780029296875 0.25762939453125
0.0350570678710938 -0.133209228515625 0.03338623046875 0.353668212890625
0.04559326171875 -0.129829406738281 0.058563232421875 0.36370849609375
0.0536880493164063 -0.140266418457031 0.0216064453125 0.376373291015625
0.089324951171875 -0.0855712890625 -0.10821533203125 0.3270263671875
0.134597778320313 -0.0130996704101563 -0.1829833984375 0.210922241210938
0.101600646972656 0.0696945190429688 -0.1959228515625 0.0506744384765625
0.0142669677734375 0.151504516601563 -0.08355712890625 -0.037689208984375
-0.0293731689453125 0.169448852539063 0.0280914306640625 0.145477294921875
-0.117218017578125 0.212417602539063 -0.166534423828125 0.3270263671875
-0.0607261657714844 0.0103530883789063 0.142852783203125 -0.40118408203125
-0.0207023620605469 0.0497970581054688 -0.0241241455078125 -0.210159301757813
0.0451736450195312 0.0483818054199219 0.0395927429199219 0.03997802734375
0.0600242614746094 -0.00360107421875 0.1805419921875 -0.0231475830078125
0.0403861999511719 -0.0592918395996094 0.20147705078125 -0.150970458984375
-0.0252456665039063 -0.0588188171386719 0.107147216796875 -0.3096923828125
-0.0514945983886719 -0.0444221496582031 -0.0433349609375 -0.391845703125
-0.0309009552001953 -0.0328807830810547 -0.064239501953125 -0.364227294921875
-0.0394554138183594 -0.0324592590332031 -0.020599365234375 -0.358306884765625
0.00119400024414063 -0.0427818298339844 0.070770263671875 -0.283355712890625
0.0297622680664063 -0.023651123046875 0.08050537109375 -0.163040161132813
0.0379524230957031 0.0308837890625 0.0414352416992187 -0.113243103027344
-0.0116729736328125 0.0414390563964844 -0.0288238525390625 -0.20147705078125
-0.0409698486328125 0.0176620483398437 0.024566650390625 -0.45294189453125
-0.0393524169921875 -0.0464630126953125 0.4293212890625 -0.55694580078125
-0.178421020507813 0.235824584960937 0.127532958984375 -0.3831787109375
-0.0460052490234375 0.240127563476563 -0.015472412109375 -0.207138061523438
0.12628173828125 0.2254638671875 0.0322380065917969 0.0359535217285156
0.206497192382812 0.0543060302734375 0.158004760742187 -0.022552490234375
0.18634033203125 -0.0984954833984375 0.187301635742188 -0.11865234375
0.0466156005859375 -0.192672729492187 0.098175048828125 -0.280014038085937
-0.042999267578125 -0.205947875976562 -0.03729248046875 -0.354888916015625
-0.00796508789062501 -0.190658569335938 -0.05523681640625 -0.316497802734375
-0.0253143310546875 -0.20782470703125 -0.01513671875 -0.317718505859375
0.0713348388671875 -0.188034057617188 0.052459716796875 -0.240875244140625
0.181289672851563 -0.106491088867188 0.050811767578125 -0.124359130859375
0.21893310546875 0.0634307861328125 0.00927734375000001 -0.114509582519531
0.0924224853515625 0.23773193359375 -0.0497894287109375 -0.226226806640625
-0.03643798828125 0.254379272460938 0.032135009765625 -0.466949462890625
-0.143585205078125 0.214813232421875 0.3406982421875 -0.62030029296875
-0.20849609375 0.47540283203125 0.02801513671875 -0.31561279296875
0.00546264648437501 0.424896240234375 -0.0371246337890625 -0.15802001953125
0.270172119140625 0.349945068359375 0.0420608520507813 0.0339508056640625
0.359954833984375 0.050048828125 0.129074096679688 -0.0431137084960938
0.298736572265625 -0.182159423828125 0.14556884765625 -0.10516357421875
0.06829833984375 -0.3260498046875 0.0408477783203125 -0.23492431640625
-0.079498291015625 -0.33880615234375 -0.068115234375 -0.267868041992188
-0.0291748046875 -0.326629638671875 -0.07049560546875 -0.217315673828125
-0.059417724609375 -0.354248046875 -0.0375823974609375 -0.2275390625
0.089569091796875 -0.32916259765625 0.000991821289062491 -0.161178588867188
0.290802001953125 -0.22259521484375 -0.00258636474609374 -0.0625076293945313
0.3939208984375 0.035888671875 -0.0543975830078125 -0.095855712890625
0.2486572265625 0.385894775390625 -0.109939575195313 -0.225784301757812
0.03765869140625 0.4708251953125 -0.017852783203125 -0.441925048828125
-0.20806884765625 0.45367431640625 0.293701171875 -0.52911376953125
-0.246337890625 0.61322021484375 -0.03363037109375 -0.16278076171875
0.02685546875 0.549468994140625 -0.0215110778808594 -0.0644149780273437
0.35491943359375 0.44561767578125 0.0520973205566406 0.0436668395996094
0.464447021484375 0.0675048828125 0.0929336547851563 -0.0307540893554687
0.390167236328125 -0.212646484375 0.102500915527344 -0.0448760986328125
0.11907958984375 -0.404632568359375 0.02313232421875 -0.135719299316406
-0.05670166015625 -0.424591064453125 -0.0321197509765625 -0.143081665039063
-6.10351562499808E-05 -0.4049072265625 -0.0236053466796875 -0.0894393920898438
-0.03143310546875 -0.442596435546875 -0.00142669677734375 -0.0970001220703125
0.13836669921875 -0.3951416015625 -0.0139579772949219 -0.039520263671875
0.379241943359375 -0.2593994140625 -0.0450439453125 0.0262603759765625
0.494232177734375 0.05206298828125 -0.102088928222656 -0.059112548828125
0.3126220703125 0.498779296875 -0.123443603515625 -0.207748413085937
0.04315185546875 0.60833740234375 0.0108642578125 -0.3458251953125
-0.2755126953125 0.59649658203125 0.22918701171875 -0.35723876953125
-0.28192138671875 0.64208984375 -0.113143920898438 0.0182037353515625
0.01995849609375 0.5980224609375 -0.0110092163085937 0.0595703125
0.372589111328125 0.49127197265625 0.058197021484375 0.0631217956542969
0.501220703125 0.090789794921875 0.0474052429199219 -0.00622177124023437
0.430511474609375 -0.197479248046875 0.0427627563476563 0.0248794555664062
0.16400146484375 -0.415283203125 -0.00458526611328124 -0.0178623199462891
-0.012237548828125 -0.443939208984375 -0.00425028800964355 0.00406885147094724
0.03924560546875 -0.420654296875 0.0121498107910156 0.0530357360839843
0.0125732421875 -0.458587646484375 0.020660400390625 0.0504302978515625
0.17315673828125 -0.391357421875 -0.0381240844726562 0.0888290405273437
0.4117431640625 -0.236053466796875 -0.0932388305664063 0.111228942871094
0.504638671875 0.085479736328125 -0.145034790039062 -0.01800537109375
0.29248046875 0.5367431640625 -0.120590209960938 -0.169036865234375
0.01055908203125 0.637939453125 0.040618896484375 -0.208297729492188
-0.32623291015625 0.61968994140625 0.137832641601562 -0.149978637695312
-0.24212646484375 0.5992431640625 -0.20703125 0.210494995117188
0.043304443359375 0.558746337890625 -0.00979614257812499 0.196273803710938
0.357940673828125 0.438720703125 0.0623245239257813 0.0855484008789063
0.460174560546875 0.072906494140625 0.000394821166992217 0.0233860015869141
0.388702392578125 -0.17523193359375 -0.0200653076171875 0.0876541137695312
0.15838623046875 -0.3721923828125 -0.0382308959960938 0.0997467041015625
0.00708007812500004 -0.396942138671875 0.014251708984375 0.1495361328125
0.051849365234375 -0.375244140625 0.03704833984375 0.18743896484375
0.032501220703125 -0.40594482421875 0.03045654296875 0.190216064453125
0.16925048828125 -0.329437255859375 -0.0639495849609375 0.203857421875
0.366119384765625 -0.183990478515625 -0.134033203125 0.17791748046875
0.423431396484375 0.093505859375 -0.177017211914062 0.0231475830078125
0.22857666015625 0.47186279296875 -0.114738464355469 -0.116851806640625
-0.00933837890624998 0.5548095703125 0.0473899841308594 -0.0640144348144531
-0.3001708984375 0.561981201171875 0.0233268737792969 0.0460472106933594
-0.1583251953125 0.468780517578125 -0.288665771484375 0.38690185546875
0.062042236328125 0.42840576171875 -0.01605224609375 0.324310302734375
0.27825927734375 0.308563232421875 0.0622711181640625 0.110740661621094
0.33367919921875 0.03900146484375 -0.0353622436523437 0.0560646057128906
0.277206420898438 -0.125823974609375 -0.0695724487304687 0.132736206054688
0.121932983398438 -0.269027709960938 -0.0623321533203125 0.196945190429688
0.02032470703125 -0.28668212890625 0.0289306640625 0.2706298828125
0.0501708984375 -0.273345947265625 0.05535888671875 0.293548583984375
0.0445556640625 -0.292083740234375 0.032989501953125 0.302093505859375
0.136306762695313 -0.218917846679687 -0.085693359375 0.284942626953125
0.262802124023438 -0.102569580078125 -0.161407470703125 0.21002197265625
0.273605346679688 0.089874267578125 -0.190567016601562 0.047271728515625
0.1220703125 0.33123779296875 -0.0992584228515625 -0.0688552856445312
-0.024993896484375 0.3817138671875 0.0439300537109375 0.0589523315429688
-0.2252197265625 0.413482666015625 -0.0803375244140625 0.212127685546875
-0.0478668212890625 0.261749267578125 -0.344451904296875 0.520660400390625
0.069488525390625 0.232757568359375 -0.028076171875 0.42449951171875
0.158035278320313 0.130020141601563 0.0648193359375 0.136093139648438
0.156173706054687 -0.00115966796875 -0.046630859375 0.0825958251953125
0.120277404785156 -0.0582733154296875 -0.0967254638671875 0.149200439453125
0.064453125 -0.122352600097656 -0.0738372802734375 0.254135131835938
0.0284576416015625 -0.131141662597656 0.038604736328125 0.34588623046875
0.0406646728515625 -0.128631591796875 0.064697265625 0.354766845703125
0.0478439331054687 -0.137802124023438 0.02947998046875 0.36767578125
0.084716796875 -0.0844650268554688 -0.0992431640625 0.3223876953125
0.130531311035156 -0.0169830322265625 -0.173721313476563 0.20849609375
0.101341247558594 0.0653533935546875 -0.188827514648438 0.0537261962890625
0.0184173583984375 0.1505126953125 -0.0818023681640625 -0.0359649658203125
-0.02587890625 0.1661376953125 0.0319061279296875 0.1395263671875
-0.112747192382813 0.211944580078125 -0.15496826171875 0.3248291015625
-0.05908203125 0.00817489624023438 0.140777587890625 -0.403350830078125
-0.0218391418457031 0.0496559143066406 -0.0261383056640625 -0.208892822265625
0.0436973571777344 0.0491218566894531 0.0393142700195313 0.0396537780761719
0.05902099609375 -0.00230789184570313 0.17791748046875 -0.0243988037109375
0.0381584167480469 -0.0585823059082031 0.19952392578125 -0.151779174804688
-0.025726318359375 -0.0572929382324219 0.105804443359375 -0.309326171875
-0.0502204895019531 -0.0425376892089844 -0.045989990234375 -0.390594482421875
-0.029541015625 -0.0315780639648438 -0.0657958984375 -0.3651123046875
-0.0396614074707031 -0.0311851501464844 -0.023193359375 -0.36029052734375
0.000282287597656252 -0.0417671203613281 0.0703125 -0.28326416015625
0.0285472869873047 -0.0224132537841797 0.0792388916015625 -0.161819458007813
0.0380821228027344 0.0306472778320313 0.039703369140625 -0.113479614257813
-0.0120010375976563 0.0386390686035156 -0.0302886962890625 -0.200393676757812
-0.0393028259277344 0.014892578125 0.021148681640625 -0.450042724609375
-0.03765869140625 -0.0466079711914063 0.42596435546875 -0.55615234375
-0.175262451171875 0.234024047851563 0.12530517578125 -0.38531494140625
-0.0467071533203125 0.239242553710938 -0.018768310546875 -0.206680297851563
0.126983642578125 0.225250244140625 0.0335121154785156 0.0360221862792969
0.204147338867188 0.0545654296875 0.155563354492188 -0.0243988037109375
0.183746337890625 -0.099700927734375 0.186141967773438 -0.120651245117188
0.043792724609375 -0.1898193359375 0.095489501953125 -0.277847290039063
-0.04425048828125 -0.201858520507812 -0.04058837890625 -0.352569580078125
-0.00796508789062502 -0.189437866210938 -0.05682373046875 -0.31744384765625
-0.028228759765625 -0.205047607421875 -0.01751708984375 -0.3203125
0.0690765380859375 -0.1859130859375 0.052703857421875 -0.241073608398437
0.178863525390625 -0.106170654296875 0.0517501831054687 -0.122726440429687
0.219863891601563 0.06201171875 0.00793457031250001 -0.115028381347656
0.09259033203125 0.234954833984375 -0.05157470703125 -0.225250244140625
-0.034637451171875 0.2501220703125 0.028564453125 -0.465240478515625
-0.140625 0.217147827148438 0.3363037109375 -0.61785888671875
-0.203887939453125 0.476318359375 0.02581787109375 -0.319488525390625
0.00503540039062501 0.423736572265625 -0.04132080078125 -0.159164428710937
0.270904541015625 0.346923828125 0.0442848205566406 0.0343475341796875
0.35723876953125 0.048675537109375 0.126968383789063 -0.0450668334960937
0.295928955078125 -0.184906005859375 0.1444091796875 -0.10833740234375
0.063934326171875 -0.3218994140625 0.038848876953125 -0.23187255859375
-0.0828857421875 -0.331817626953125 -0.0710906982421875 -0.266006469726563
-0.030975341796875 -0.324737548828125 -0.0714263916015625 -0.218185424804688
-0.063507080078125 -0.350311279296875 -0.03997802734375 -0.228866577148438
0.086456298828125 -0.325347900390625 0.00207519531250002 -0.161300659179688
0.28759765625 -0.22259521484375 -0.00133895874023436 -0.0611763000488281
0.39495849609375 0.0330810546875 -0.0552291870117187 -0.09661865234375
0.24993896484375 0.38458251953125 -0.112594604492187 -0.225448608398437
0.038818359375 0.464813232421875 -0.0220947265625 -0.438201904296875
-0.206298828125 0.456207275390625 0.290191650390625 -0.526275634765625
-0.243408203125 0.61456298828125 -0.0345611572265625 -0.167770385742187
0.026214599609375 0.549346923828125 -0.024810791015625 -0.066741943359375
0.3607177734375 0.442779541015625 0.0552825927734375 0.0433540344238282
0.463775634765625 0.06475830078125 0.0921173095703125 -0.0335464477539062
0.387542724609375 -0.216552734375 0.102226257324219 -0.0484390258789063
0.113037109375 -0.399505615234375 0.0204010009765625 -0.132705688476563
-0.062652587890625 -0.417724609375 -0.03472900390625 -0.140884399414063
-0.00296020507812498 -0.4052734375 -0.02301025390625 -0.0890655517578125
-0.036285400390625 -0.438568115234375 -0.00306701660156251 -0.0979385375976563
0.134033203125 -0.3917236328125 -0.0117340087890625 -0.0388603210449219
0.375640869140625 -0.26141357421875 -0.0423927307128906 0.02716064453125
0.496368408203125 0.05126953125 -0.102546691894531 -0.0594558715820312
0.31463623046875 0.496368408203125 -0.125457763671875 -0.207962036132812
0.0440063476562499 0.60272216796875 0.00845336914062502 -0.345184326171875
-0.27392578125 0.59710693359375 0.2275390625 -0.35516357421875
-0.27862548828125 0.64532470703125 -0.112541198730469 0.0136795043945313
0.0210571289062501 0.5985107421875 -0.0137901306152344 0.05609130859375
0.379180908203125 0.4862060546875 0.0634346008300782 0.0630912780761719
0.4991455078125 0.08660888671875 0.048736572265625 -0.00928497314453124
0.4281005859375 -0.20330810546875 0.0439949035644532 0.0207901000976562
0.156768798828125 -0.412322998046875 -0.00806236267089843 -0.0153980255126953
-0.0198974609375 -0.43896484375 -0.00574922561645508 0.00552225112915036
0.0350341796875 -0.42071533203125 0.0132598876953125 0.0537757873535156
0.00610351562500005 -0.455841064453125 0.0195960998535156 0.05072021484375
0.16949462890625 -0.3870849609375 -0.0366134643554687 0.0903472900390625
0.407928466796875 -0.23785400390625 -0.0901336669921874 0.112152099609375
0.50494384765625 0.081878662109375 -0.14532470703125 -0.017547607421875
0.296722412109375 0.53521728515625 -0.123077392578125 -0.16973876953125
0.0105590820312501 0.63226318359375 0.0389404296875 -0.208633422851562
-0.32464599609375 0.623291015625 0.137741088867187 -0.148483276367187
-0.2392578125 0.6048583984375 -0.2056884765625 0.207015991210938
0.0438232421875 0.559844970703125 -0.01171875 0.193679809570313
0.364837646484375 0.436309814453125 0.0679779052734375 0.0853118896484375
0.46044921875 0.068603515625 0.00196075439453128 0.0202598571777344
0.38818359375 -0.181121826171875 -0.0183334350585937 0.0842361450195312
0.1522216796875 -0.369354248046875 -0.0403900146484375 0.101760864257812
-0.000610351562499996 -0.392730712890625 0.013153076171875 0.15106201171875
0.047393798828125 -0.37640380859375 0.0388031005859375 0.188400268554687
0.02740478515625 -0.403594970703125 0.030670166015625 0.190841674804687
0.1656494140625 -0.32598876953125 -0.06256103515625 0.205307006835937
0.362274169921875 -0.185638427734375 -0.130538940429687 0.178741455078125
0.423492431640625 0.091522216796875 -0.17669677734375 0.0230865478515625
0.23065185546875 0.47149658203125 -0.116989135742187 -0.117446899414062
-0.00906372070312494 0.551361083984375 0.0467033386230469 -0.065155029296875
-0.3004150390625 0.56451416015625 0.0247688293457031 0.0476760864257813
-0.156036376953125 0.4730224609375 -0.2857666015625 0.384307861328125
0.0623779296875 0.4298095703125 -0.0159912109375 0.321685791015625
0.284271240234375 0.307464599609375 0.0674591064453125 0.110435485839844
0.334747314453125 0.0364990234375 -0.0324592590332031 0.0535392761230469
0.2767333984375 -0.130386352539063 -0.0678558349609375 0.129898071289063
0.117767333984375 -0.267471313476563 -0.064422607421875 0.198410034179687
0.013702392578125 -0.283905029296875 0.0296478271484375 0.271865844726563
0.04644775390625 -0.273269653320313 0.057373046875 0.294708251953125
0.040985107421875 -0.290618896484375 0.0341796875 0.303253173828125
0.1331787109375 -0.21624755859375 -0.083984375 0.2845458984375
0.25994873046875 -0.10467529296875 -0.158447265625 0.209976196289063
0.274627685546875 0.087646484375 -0.189117431640625 0.0475006103515625
0.124359130859375 0.332122802734375 -0.100013732910156 -0.0693893432617188
-0.024993896484375 0.3797607421875 0.04473876953125 0.0571975708007813
-0.226409912109375 0.41607666015625 -0.077972412109375 0.213729858398438
-0.048492431640625 0.264144897460938 -0.34381103515625 0.51849365234375
0.070281982421875 0.23394775390625 -0.02587890625 0.423370361328125
0.161392211914062 0.129379272460938 0.0687255859375 0.134666442871094
0.158004760742188 -0.003021240234375 -0.0436019897460937 0.0803604125976563
0.120475769042969 -0.060272216796875 -0.09619140625 0.147552490234375
0.0623626708984375 -0.122573852539063 -0.075439453125 0.255325317382813
0.0246200561523437 -0.13055419921875 0.0390625 0.3465576171875
0.0383224487304688 -0.129417419433594 0.066741943359375 0.35601806640625
0.0456924438476563 -0.137306213378906 0.031524658203125 0.369415283203125
0.0826644897460938 -0.0837020874023438 -0.097320556640625 0.32177734375
0.129074096679688 -0.01971435546875 -0.171051025390625 0.207733154296875
0.10235595703125 0.0643234252929688 -0.187042236328125 0.0555267333984375
0.02081298828125 0.152587890625 -0.0817031860351563 -0.0353546142578125
-0.0246734619140625 0.1666259765625 0.03460693359375 0.137176513671875
-0.113861083984375 0.21484375 -0.151519775390625 0.326507568359375
-0.059356689453125 0.00653839111328126 0.1375732421875 -0.415496826171875
-0.02288818359375 0.0499916076660156 -0.0301055908203125 -0.212661743164063
0.044464111328125 0.0509796142578125 0.041412353515625 0.0401077270507812
0.0595512390136719 -0.000553131103515625 0.179916381835938 -0.0279083251953125
0.0368919372558594 -0.0599937438964844 0.200897216796875 -0.158447265625
-0.0276451110839844 -0.0563392639160156 0.10498046875 -0.31597900390625
-0.0503005981445313 -0.0417747497558594 -0.053070068359375 -0.3975830078125
-0.0295486450195313 -0.0307903289794922 -0.07305908203125 -0.373748779296875
-0.0414237976074219 -0.0288429260253906 -0.029327392578125 -0.371002197265625
-0.00110626220703125 -0.0421905517578125 0.069976806640625 -0.290863037109375
0.0281238555908203 -0.0217437744140625 0.0792694091796875 -0.164581298828125
0.0392532348632813 0.030792236328125 0.0382156372070312 -0.116958618164062
-0.0128364562988281 0.0372123718261719 -0.03424072265625 -0.2039794921875
-0.0385055541992188 0.0125198364257812 0.013336181640625 -0.45697021484375
-0.0373802185058594 -0.0475654602050781 0.42584228515625 -0.5714111328125
-0.175323486328125 0.239547729492188 0.12213134765625 -0.398651123046875
-0.047149658203125 0.244369506835938 -0.0233154296875 -0.211807250976562
0.13250732421875 0.229095458984375 0.0365562438964844 0.037109375
0.20819091796875 0.0553131103515625 0.15728759765625 -0.028594970703125
0.184494018554688 -0.104812622070312 0.187713623046875 -0.126968383789063
0.04034423828125 -0.191238403320313 0.09368896484375 -0.28326416015625
-0.0483551025390625 -0.202163696289063 -0.0472412109375 -0.358367919921875
-0.010986328125 -0.19293212890625 -0.06201171875 -0.324920654296875
-0.032867431640625 -0.206649780273437 -0.0244140625 -0.329986572265625
0.0668792724609375 -0.188751220703125 0.0523681640625 -0.247589111328125
0.180328369140625 -0.109451293945313 0.051910400390625 -0.124183654785156
0.226181030273438 0.060455322265625 0.00546264648437501 -0.119026184082031
0.0972137451171875 0.237640380859375 -0.057159423828125 -0.230453491210938
-0.0324249267578125 0.251953125 0.0212097167968749 -0.47259521484375
-0.138015747070313 0.224929809570313 0.33526611328125 -0.63250732421875
-0.201873779296875 0.48663330078125 0.02081298828125 -0.331298828125
0.00823974609374997 0.431915283203125 -0.0468597412109375 -0.163009643554688
0.284210205078125 0.352386474609375 0.0493316650390625 0.0347023010253906
0.364227294921875 0.047698974609375 0.128097534179688 -0.0498428344726562
0.297149658203125 -0.1937255859375 0.14501953125 -0.114486694335938
0.057861328125 -0.324981689453125 0.0353546142578125 -0.23431396484375
-0.0914306640625 -0.333465576171875 -0.0778350830078125 -0.268310546875
-0.037567138671875 -0.3309326171875 -0.0754547119140625 -0.222396850585938
-0.071258544921875 -0.353179931640625 -0.0455169677734375 -0.235397338867188
0.0821533203125 -0.33001708984375 0.00154113769531251 -0.16497802734375
0.2882080078125 -0.22979736328125 0.000896453857421891 -0.0607528686523438
0.404815673828125 0.02838134765625 -0.05938720703125 -0.0993194580078125
0.260650634765625 0.38848876953125 -0.11981201171875 -0.229019165039062
0.0428466796875 0.472015380859375 -0.0306396484375 -0.44525146484375
-0.203887939453125 0.470062255859375 0.289459228515625 -0.537841796875
-0.23834228515625 0.63214111328125 -0.0390167236328125 -0.176422119140625
0.033172607421875 0.561492919921875 -0.0299491882324219 -0.0696525573730469
0.3763427734375 0.447479248046875 0.0623512268066406 0.0432052612304688
0.473785400390625 0.06182861328125 0.0931396484375 -0.0380935668945312
0.390777587890625 -0.22906494140625 0.103340148925781 -0.0542373657226563
0.10687255859375 -0.4053955078125 0.0165252685546875 -0.13336181640625
-0.0716552734375 -0.41998291015625 -0.0384979248046875 -0.14178466796875
-0.011016845703125 -0.41387939453125 -0.0233383178710938 -0.091064453125
-0.045623779296875 -0.44537353515625 -0.00588226318359375 -0.10101318359375
0.12957763671875 -0.397705078125 -0.0112228393554687 -0.0388984680175782
0.37890625 -0.2694091796875 -0.0402870178222656 0.0295524597167969
0.5103759765625 0.04400634765625 -0.106521606445312 -0.0614242553710938
0.3277587890625 0.50360107421875 -0.13323974609375 -0.211395263671875
0.0491943359375 0.612060546875 0.00338745117187501 -0.351470947265625
-0.2730712890625 0.61663818359375 0.228057861328125 -0.36279296875
-0.27728271484375 0.66595458984375 -0.115676879882813 0.0097885131835938
0.02716064453125 0.613525390625 -0.0166397094726562 0.0553245544433594
0.399444580078125 0.49346923828125 0.0710678100585938 0.062591552734375
0.5118408203125 0.082489013671875 0.0503578186035157 -0.01324462890625
0.434051513671875 -0.216552734375 0.0455131530761719 0.0175209045410156
0.152069091796875 -0.419464111328125 -0.0107564926147461 -0.0130281448364258
-0.03106689453125 -0.4420166015625 -0.00760746002197266 0.00713443756103513
0.027923583984375 -0.43145751953125 0.0156288146972656 0.0551986694335937
-0.00314331054687504 -0.462432861328125 0.0197181701660156 0.0521812438964843
0.1668701171875 -0.393829345703125 -0.0353012084960937 0.0934600830078125
0.411407470703125 -0.24749755859375 -0.0879135131835937 0.115928649902344
0.520782470703125 0.078460693359375 -0.149429321289062 -0.0172882080078125
0.310546875 0.544464111328125 -0.130569458007813 -0.172332763671875
0.01580810546875 0.64324951171875 0.036285400390625 -0.213775634765625
-0.32550048828125 0.64544677734375 0.13958740234375 -0.150054931640625
-0.2379150390625 0.6243896484375 -0.208221435546875 0.209304809570313
0.0509033203125001 0.573974609375 -0.01220703125 0.196395874023438
0.383544921875 0.44061279296875 0.0756912231445313 0.0856781005859375
0.47174072265625 0.0634765625 0.00395298004150393 0.0174446105957031
0.3941650390625 -0.194671630859375 -0.0170211791992187 0.0829925537109375
0.147491455078125 -0.376953125 -0.043060302734375 0.107437133789062
-0.010040283203125 -0.395660400390625 0.0142059326171875 0.155258178710937
0.0411376953125 -0.385467529296875 0.0442047119140625 0.193130493164062
0.019561767578125 -0.41064453125 0.0338134765625 0.197036743164063
0.162811279296875 -0.331298828125 -0.0604705810546875 0.212326049804687
0.365570068359375 -0.194854736328125 -0.128646850585937 0.184066772460938
0.436737060546875 0.087921142578125 -0.180526733398438 0.0258636474609375
0.242279052734375 0.48114013671875 -0.123527526855469 -0.118698120117187
-0.0037841796875 0.561370849609375 0.0469551086425781 -0.0679931640625
-0.30230712890625 0.58416748046875 0.0266685485839844 0.0507698059082032
-0.15472412109375 0.489227294921875 -0.288909912109375 0.39373779296875
0.069122314453125 0.439971923828125 -0.013519287109375 0.327880859375
0.299346923828125 0.30999755859375 0.0755844116210938 0.110015869140625
0.343048095703125 0.0308837890625 -0.0307731628417969 0.0523948669433594
0.2816162109375 -0.140655517578125 -0.06744384765625 0.131149291992188
0.114501953125 -0.2734375 -0.06536865234375 0.2056884765625
0.00659179687500003 -0.286773681640625 0.0326690673828125 0.2781982421875
0.04205322265625 -0.280517578125 0.063690185546875 0.302642822265625
0.035430908203125 -0.296539306640625 0.0400390625 0.311492919921875
0.132492065429688 -0.220626831054687 -0.08233642578125 0.293731689453125
0.262130737304688 -0.110992431640625 -0.15740966796875 0.216903686523437
0.2825927734375 0.0859375 -0.191986083984375 0.05145263671875
0.13336181640625 0.3394775390625 -0.105262756347656 -0.0693588256835937
-0.02239990234375 0.3868408203125 0.0469703674316406 0.0564079284667969
-0.228607177734375 0.43194580078125 -0.075592041015625 0.221725463867188
-0.0484161376953125 0.274368286132813 -0.345001220703125 0.53277587890625
0.0745849609375 0.239273071289063 -0.02178955078125 0.43194580078125
0.169601440429688 0.129257202148438 0.0756149291992188 0.134307861328125
0.161972045898438 -0.006866455078125 -0.0416107177734375 0.0802993774414063
0.123336791992187 -0.0651626586914062 -0.0956573486328125 0.1510009765625
0.0611572265625 -0.1258544921875 -0.074951171875 0.26251220703125
0.020904541015625 -0.132400512695312 0.044464111328125 0.35406494140625
0.0353164672851562 -0.132972717285156 0.073760986328125 0.365020751953125
0.0438232421875 -0.141067504882813 0.03778076171875 0.381195068359375
0.0824813842773438 -0.0857925415039063 -0.095458984375 0.330810546875
0.130043029785156 -0.023834228515625 -0.170761108398438 0.212738037109375
0.106559753417969 0.0636138916015625 -0.189010620117188 0.0595245361328125
0.02520751953125 0.157485961914063 -0.0843276977539062 -0.0348434448242188
-0.0233001708984375 0.171340942382812 0.0382537841796875 0.138397216796875
-0.115310668945313 0.223724365234375 -0.14813232421875 0.337005615234375
-0.0608024597167969 0.00649642944335938 0.124908447265625 -0.434356689453125
-0.0228309631347656 0.05230712890625 -0.0393218994140625 -0.217391967773438
0.04705810546875 0.0522041320800781 0.0454216003417969 0.0400047302246094
0.0614089965820313 -0.00045013427734375 0.182525634765625 -0.036163330078125
0.0345306396484375 -0.0613746643066406 0.198150634765625 -0.17071533203125
-0.0307502746582031 -0.0548934936523438 0.095672607421875 -0.327850341796875
-0.0518684387207031 -0.0395622253417969 -0.07098388671875 -0.40545654296875
-0.030731201171875 -0.0300750732421875 -0.092193603515625 -0.383544921875
-0.0431785583496094 -0.0262298583984375 -0.04730224609375 -0.38409423828125
-0.00289535522460937 -0.04241943359375 0.062255859375 -0.303741455078125
0.0278167724609375 -0.0221710205078125 0.0756072998046875 -0.170150756835937
0.0421791076660156 0.0304412841796875 0.0331573486328125 -0.121612548828125
-0.0131568908691406 0.036407470703125 -0.044891357421875 -0.208770751953125
-0.0387039184570313 0.0115699768066406 -0.00646972656250005 -0.466796875
-0.0387992858886719 -0.0479583740234375 0.41357421875 -0.6002197265625
-0.169937133789062 0.251983642578125 0.1087646484375 -0.4180908203125
-0.0410308837890625 0.252700805664063 -0.0341033935546875 -0.218063354492188
0.146087646484375 0.231292724609375 0.0417289733886719 0.0365715026855469
0.215087890625 0.0516204833984375 0.15869140625 -0.0360260009765625
0.184295654296875 -0.114959716796875 0.1864013671875 -0.13885498046875
0.0328521728515625 -0.194778442382813 0.085723876953125 -0.29296875
-0.0578155517578125 -0.202590942382812 -0.06439208984375 -0.364990234375
-0.018341064453125 -0.197402954101563 -0.077972412109375 -0.33349609375
-0.042724609375 -0.208389282226563 -0.04034423828125 -0.3411865234375
0.06048583984375 -0.19464111328125 0.0460968017578125 -0.257232666015625
0.18011474609375 -0.118255615234375 0.0498886108398438 -0.128105163574219
0.23583984375 0.052764892578125 -0.000389099121093734 -0.123123168945313
0.107833862304687 0.239105224609375 -0.0697784423828125 -0.234146118164062
-0.024688720703125 0.257858276367188 0.003631591796875 -0.48291015625
-0.132354736328125 0.23748779296875 0.32061767578125 -0.6588134765625
-0.185791015625 0.50689697265625 0.00616455078124997 -0.34564208984375
0.0225830078125 0.443206787109375 -0.057891845703125 -0.166641235351563
0.307891845703125 0.350921630859375 0.0564231872558594 0.0320014953613281
0.37554931640625 0.03704833984375 0.127662658691406 -0.0583724975585937
0.29534912109375 -0.211822509765625 0.14306640625 -0.125045776367188
0.04571533203125 -0.33154296875 0.026702880859375 -0.23974609375
-0.106903076171875 -0.332977294921875 -0.09228515625 -0.271682739257813
-0.052154541015625 -0.33917236328125 -0.0860748291015625 -0.227462768554688
-0.088470458984375 -0.356903076171875 -0.0589599609375 -0.2412109375
0.07171630859375 -0.3397216796875 -0.00320434570312498 -0.170181274414063
0.2867431640625 -0.246337890625 -0.000110626220703105 -0.0613975524902344
0.419158935546875 0.0128173828125 -0.0669937133789062 -0.100227355957031
0.28240966796875 0.38916015625 -0.134368896484375 -0.230255126953125
0.058197021484375 0.480010986328125 -0.049468994140625 -0.455047607421875
-0.1923828125 0.49365234375 0.2779541015625 -0.560882568359375
-0.21893310546875 0.65960693359375 -0.0494537353515625 -0.18475341796875
0.0546874999999999 0.5770263671875 -0.0370254516601563 -0.07275390625
0.408416748046875 0.443817138671875 0.0709915161132813 0.0399856567382813
0.48724365234375 0.04632568359375 0.0933303833007813 -0.0454177856445313
0.391632080078125 -0.254364013671875 0.102630615234375 -0.0627212524414063
0.092529296875 -0.41436767578125 0.01123046875 -0.1351318359375
-0.0919189453125 -0.42254638671875 -0.046234130859375 -0.142684936523438
-0.028045654296875 -0.42535400390625 -0.0268325805664063 -0.0936431884765625
-0.068084716796875 -0.453338623046875 -0.0121841430664063 -0.103019714355469
0.119415283203125 -0.40972900390625 -0.0107955932617187 -0.0393333435058594
0.37701416015625 -0.2911376953125 -0.0380783081054687 0.0325279235839844
0.528076171875 0.025054931640625 -0.114212036132813 -0.059112548828125
0.356903076171875 0.505950927734375 -0.14801025390625 -0.210479736328125
0.07025146484375 0.62469482421875 -0.01104736328125 -0.35955810546875
-0.2578125 0.647705078125 0.22259521484375 -0.37896728515625
-0.25750732421875 0.698486328125 -0.120864868164063 0.00933837890625006
0.0491943359375001 0.6312255859375 -0.0179672241210937 0.0561027526855469
0.435211181640625 0.490478515625 0.0815200805664063 0.0593490600585938
0.527862548828125 0.064300537109375 0.0506706237792969 -0.0185203552246094
0.436431884765625 -0.24542236328125 0.0467109680175782 0.0127639770507812
0.13702392578125 -0.43182373046875 -0.0133752822875976 -0.0104646682739258
-0.05267333984375 -0.44732666015625 -0.00894451141357422 0.0092048645019531
0.00997924804687496 -0.4449462890625 0.0204696655273437 0.0561790466308593
-0.023590087890625 -0.473907470703125 0.0221099853515625 0.0534324645996093
0.156585693359375 -0.408294677734375 -0.0309600830078125 0.09930419921875
0.411285400390625 -0.27215576171875 -0.0841598510742187 0.123779296875
0.5416259765625 0.059722900390625 -0.155075073242187 -0.012847900390625
0.340850830078125 0.55023193359375 -0.144378662109375 -0.171279907226562
0.036376953125 0.65985107421875 0.0289459228515625 -0.220062255859375
-0.31329345703125 0.6798095703125 0.138336181640625 -0.157424926757812
-0.22027587890625 0.65496826171875 -0.208114624023437 0.218719482421875
0.072509765625 0.590576171875 -0.0072021484375 0.200729370117188
0.416473388671875 0.437530517578125 0.0872268676757813 0.0817337036132813
0.487701416015625 0.04608154296875 0.00566101074218753 0.014984130859375
0.395599365234375 -0.220550537109375 -0.0142669677734375 0.0824432373046875
0.134033203125 -0.389739990234375 -0.04217529296875 0.114471435546875
-0.0296630859375 -0.400970458984375 0.0197296142578125 0.160964965820313
0.024749755859375 -0.397552490234375 0.0552825927734375 0.197769165039062
0.00180053710937495 -0.421142578125 0.0434722900390625 0.203521728515625
0.154205322265625 -0.3447265625 -0.052642822265625 0.221588134765625
0.366180419921875 -0.215087890625 -0.122817993164062 0.19476318359375
0.45428466796875 0.073455810546875 -0.184921264648437 0.0330352783203125
0.26922607421875 0.487213134765625 -0.134223937988281 -0.116233825683594
0.01422119140625 0.57574462890625 0.0455322265625 -0.0713348388671875
-0.29071044921875 0.61688232421875 0.0308761596679687 0.0541496276855469
-0.140350341796875 0.5126953125 -0.2835693359375 0.41156005859375
0.0867919921875001 0.452972412109375 -0.00286865234374999 0.336456298828125
0.32342529296875 0.305572509765625 0.0864410400390625 0.107940673828125
0.3548583984375 0.017669677734375 -0.0282440185546875 0.0516891479492188
0.28314208984375 -0.159637451171875 -0.0641860961914062 0.13494873046875
0.1053466796875 -0.28369140625 -0.0617218017578125 0.215713500976562
-0.00753784179687498 -0.291259765625 0.044158935546875 0.286468505859375
0.029510498046875 -0.290771484375 0.080352783203125 0.30963134765625
0.022491455078125 -0.305145263671875 0.05438232421875 0.321868896484375
0.126434326171875 -0.230194091796875 -0.0722351074218749 0.307037353515625
0.263412475585938 -0.126144409179688 -0.15234375 0.227325439453125
0.2955322265625 0.07635498046875 -0.195907592773437 0.0604705810546875
0.151947021484375 0.346466064453125 -0.112831115722656 -0.0668487548828125
-0.010040283203125 0.39837646484375 0.0506553649902344 0.0553321838378907
-0.2191162109375 0.455352783203125 -0.0660858154296875 0.232940673828125
-0.039947509765625 0.287078857421875 -0.33477783203125 0.557830810546875
0.08544921875 0.244369506835938 -0.00625610351562499 0.445892333984375
0.181930541992188 0.125091552734375 0.086090087890625 0.132736206054688
0.166580200195312 -0.0145111083984375 -0.0380859375 0.0820388793945313
0.1243896484375 -0.074310302734375 -0.09185791015625 0.156997680664062
0.0572967529296875 -0.130386352539063 -0.069915771484375 0.274078369140625
0.0146484375 -0.134757995605469 0.05926513671875 0.36383056640625
0.0292434692382812 -0.138763427734375 0.091888427734375 0.375152587890625
0.03717041015625 -0.146743774414063 0.056854248046875 0.39208984375
0.0800857543945313 -0.09051513671875 -0.0850830078125 0.3448486328125
0.130500793457031 -0.0310211181640625 -0.166107177734375 0.224166870117188
0.112678527832031 0.0601043701171875 -0.191146850585937 0.069122314453125
0.0345306396484375 0.162277221679688 -0.0888900756835937 -0.03167724609375
-0.017578125 0.1773681640625 0.0453262329101562 0.139427185058594
-0.111099243164063 0.237548828125 -0.136932373046875 0.353912353515625
-0.0613136291503906 0.00828170776367188 0.0987854003906251 -0.448760986328125
-0.0204582214355469 0.0537757873535156 -0.052825927734375 -0.21875
0.0516128540039063 0.05133056640625 0.0504875183105469 0.0367164611816406
0.0636940002441406 -0.00220108032226563 0.180694580078125 -0.048980712890625
0.0307807922363281 -0.0630760192871094 0.188522338867188 -0.18438720703125
-0.0346870422363281 -0.051605224609375 0.078399658203125 -0.33709716796875
-0.0537261962890625 -0.0361404418945313 -0.0980224609375 -0.40533447265625
-0.03131103515625 -0.0280914306640625 -0.119232177734375 -0.384735107421875
-0.0445175170898438 -0.021392822265625 -0.075927734375 -0.38897705078125
-0.0061492919921875 -0.04180908203125 0.045196533203125 -0.313446044921875
0.0270061492919922 -0.0228614807128906 0.06744384765625 -0.175613403320313
0.0447502136230469 0.0278701782226563 0.02410888671875 -0.125175476074219
-0.0132865905761719 0.0363235473632812 -0.0594329833984375 -0.20867919921875
-0.0388450622558594 0.0116004943847656 -0.03558349609375 -0.470306396484375
-0.0404319763183594 -0.0462570190429688 0.3807373046875 -0.63104248046875
-0.15643310546875 0.263717651367188 0.082855224609375 -0.432220458984375
-0.0268402099609375 0.258224487304688 -0.04931640625 -0.219558715820312
0.1634521484375 0.225540161132813 0.04827880859375 0.0329780578613281
0.221786499023438 0.041107177734375 0.155975341796875 -0.0481109619140625
0.177566528320313 -0.126846313476563 0.17816162109375 -0.152206420898438
0.020904541015625 -0.196319580078125 0.069183349609375 -0.301025390625
-0.07049560546875 -0.198516845703125 -0.088653564453125 -0.36541748046875
-0.0306243896484375 -0.198684692382812 -0.101409912109375 -0.334808349609375
-0.056884765625 -0.20526123046875 -0.06591796875 -0.34521484375
0.0489501953125 -0.199081420898437 0.032501220703125 -0.265594482421875
0.175155639648437 -0.13018798828125 0.0441741943359375 -0.131439208984375
0.243911743164062 0.0392608642578125 -0.0107192993164062 -0.124946594238281
0.12335205078125 0.235458374023438 -0.0867156982421875 -0.233001708984375
-0.0106658935546875 0.260177612304688 -0.02764892578125 -0.4871826171875
-0.117828369140625 0.249130249023438 0.283447265625 -0.68206787109375
-0.157501220703125 0.524749755859375 -0.01898193359375 -0.35260009765625
0.04864501953125 0.44757080078125 -0.0716705322265625 -0.166549682617187
0.33642578125 0.33514404296875 0.0633277893066406 0.0258598327636719
0.382843017578125 0.0166015625 0.123344421386719 -0.0679931640625
0.283782958984375 -0.232818603515625 0.135025024414063 -0.136566162109375
0.025115966796875 -0.333404541015625 0.0125579833984375 -0.241943359375
-0.12811279296875 -0.32513427734375 -0.110992431640625 -0.267181396484375
-0.074249267578125 -0.339019775390625 -0.10174560546875 -0.226654052734375
-0.113067626953125 -0.35205078125 -0.0776824951171875 -0.241455078125
0.05194091796875 -0.344818115234375 -0.0116729736328125 -0.17242431640625
0.274688720703125 -0.265792846679688 -0.000919342041015605 -0.0613327026367188
0.428558349609375 -0.013702392578125 -0.0757522583007812 -0.09759521484375
0.309173583984375 0.37603759765625 -0.152557373046875 -0.223587036132812
0.086212158203125 0.48101806640625 -0.077239990234375 -0.454498291015625
-0.163360595703125 0.51275634765625 0.24755859375 -0.58026123046875
-0.18182373046875 0.68212890625 -0.066192626953125 -0.187835693359375
0.0872802734375 0.5826416015625 -0.0461578369140625 -0.0719528198242187
0.443756103515625 0.424163818359375 0.0793838500976563 0.0314865112304688
0.4964599609375 0.017669677734375 0.0900497436523438 -0.0541915893554688
0.37750244140625 -0.28125 0.0981903076171875 -0.0717697143554688
0.06591796875 -0.422393798828125 0.00203704833984375 -0.134140014648438
-0.11962890625 -0.415740966796875 -0.0573348999023438 -0.140350341796875
-0.056793212890625 -0.4300537109375 -0.0323638916015625 -0.0949859619140625
-0.0992431640625 -0.4500732421875 -0.019561767578125 -0.103660583496094
0.09600830078125 -0.419708251953125 -0.0118141174316406 -0.0387344360351563
0.361968994140625 -0.31768798828125 -0.0338172912597656 0.0358238220214844
0.5390625 -0.007415771484375 -0.121780395507812 -0.0528182983398438
0.393707275390625 0.4925537109375 -0.16583251953125 -0.20208740234375
0.10479736328125 0.62799072265625 -0.033233642578125 -0.3616943359375
-0.221923828125 0.6746826171875 0.2030029296875 -0.393463134765625
-0.2188720703125 0.726318359375 -0.125579833984375 0.0130996704101563
0.0875854492187499 0.63922119140625 -0.0191993713378906 0.0572166442871094
0.47515869140625 0.468505859375 0.0912933349609375 0.0507278442382813
0.539276123046875 0.0322265625 0.049560546875 -0.0249862670898438
0.42401123046875 -0.277496337890625 0.0475044250488282 0.00730895996093748
0.11053466796875 -0.4434814453125 -0.015721321105957 -0.00678253173828127
-0.0809326171875 -0.442352294921875 -0.0100116729736328 0.0110979080200195
-0.02001953125 -0.450958251953125 0.0254402160644531 0.0544509887695312
-0.0556640624999999 -0.47564697265625 0.0263900756835937 0.0541038513183593
0.1326904296875 -0.41949462890625 -0.0228195190429687 0.103813171386719
0.398895263671875 -0.299560546875 -0.07489013671875 0.130683898925781
0.553863525390625 0.026031494140625 -0.160629272460937 -0.00367736816406248
0.38018798828125 0.538299560546875 -0.15966796875 -0.161651611328125
0.07470703125 0.6641845703125 0.015380859375 -0.223556518554687
-0.27783203125 0.7119140625 0.133056640625 -0.164474487304687
-0.18231201171875 0.68035888671875 -0.199813842773438 0.23095703125
0.10943603515625 0.5970458984375 0.00108337402343751 0.203643798828125
0.45281982421875 0.416656494140625 0.0980606079101563 0.0726776123046875
0.49652099609375 0.01495361328125 0.00661563873291019 0.0117826461791992
0.385498046875 -0.25018310546875 -0.00962066650390623 0.0817794799804687
0.110931396484375 -0.401123046875 -0.037872314453125 0.121139526367187
-0.055694580078125 -0.39874267578125 0.02899169921875 0.163360595703125
-0.00231933593750001 -0.40521240234375 0.07073974609375 0.197052001953125
-0.0272216796875 -0.425201416015625 0.0579986572265625 0.205718994140625
0.13482666015625 -0.35589599609375 -0.0383758544921875 0.229339599609375
0.35565185546875 -0.240325927734375 -0.111190795898437 0.203933715820312
0.466705322265625 0.044769287109375 -0.18701171875 0.0450897216796875
0.305694580078125 0.48016357421875 -0.14508056640625 -0.106887817382812
0.04559326171875 0.5816650390625 0.0424575805664063 -0.0749893188476562
-0.25811767578125 0.646240234375 0.0370864868164062 0.0551261901855469
-0.110748291015625 0.53173828125 -0.263580322265625 0.431304931640625
0.114715576171875 0.45526123046875 0.014862060546875 0.3427734375
0.34954833984375 0.28851318359375 0.0970230102539063 0.0993881225585938
0.360260009765625 -0.005767822265625 -0.0244636535644531 0.0521087646484375
0.276229858398438 -0.181808471679688 -0.056671142578125 0.137977600097656
0.0877685546875 -0.291961669921875 -0.0515594482421875 0.225082397460937
-0.026947021484375 -0.29058837890625 0.0616455078125 0.289031982421875
0.01007080078125 -0.296356201171875 0.1026611328125 0.310028076171875
0.00158691406250001 -0.309417724609375 0.079193115234375 0.324981689453125
0.113861083984375 -0.238479614257812 -0.053375244140625 0.31683349609375
0.256332397460938 -0.14422607421875 -0.138809204101562 0.239227294921875
0.305206298828125 0.057830810546875 -0.194793701171875 0.0736846923828125
0.17742919921875 0.34356689453125 -0.119850158691406 -0.0582733154296875
0.012603759765625 0.4039306640625 0.0557594299316406 0.0521583557128907
-0.19482421875 0.477691650390625 -0.0501556396484375 0.242019653320313
-0.024505615234375 0.295654296875 -0.30657958984375 0.58380126953125
0.101654052734375 0.2440185546875 0.02008056640625 0.45172119140625
0.191787719726563 0.11474609375 0.09613037109375 0.126022338867188
0.16766357421875 -0.026092529296875 -0.03204345703125 0.0831222534179688
0.121284484863281 -0.0845565795898437 -0.0837249755859375 0.162460327148438
0.0499038696289063 -0.136528015136719 -0.05645751953125 0.283538818359375
0.00537872314453124 -0.135612487792969 0.081939697265625 0.366729736328125
0.0201416015625 -0.1422119140625 0.119171142578125 0.37554931640625
0.0277862548828125 -0.150833129882813 0.085784912109375 0.396759033203125
0.0753631591796875 -0.0955047607421875 -0.063934326171875 0.355804443359375
0.127708435058594 -0.0402374267578125 -0.15399169921875 0.236785888671875
0.118499755859375 0.0525054931640625 -0.189163208007813 0.0826263427734375
0.0483856201171875 0.1629638671875 -0.0923538208007813 -0.0252838134765625
-0.00714111328125001 0.181381225585938 0.0552139282226562 0.136886596679688
-0.0985565185546875 0.250457763671875 -0.11297607421875 0.367431640625
-0.0598793029785156 0.0107917785644531 0.0672607421875 -0.448822021484375
-0.0173759460449219 0.0537910461425781 -0.0657806396484375 -0.213165283203125
0.0545425415039063 0.0471878051757813 0.0534324645996094 0.0310440063476563
0.064239501953125 -0.00464630126953125 0.172103881835938 -0.0598602294921875
0.0258522033691406 -0.06231689453125 0.172744750976563 -0.191818237304688
-0.0364913940429687 -0.0468978881835938 0.05694580078125 -0.336029052734375
-0.05389404296875 -0.031646728515625 -0.123687744140625 -0.39208984375
-0.0316562652587891 -0.025634765625 -0.1439208984375 -0.371246337890625
-0.0440521240234375 -0.0163383483886719 -0.103790283203125 -0.37884521484375
-0.0089874267578125 -0.0397453308105469 0.025238037109375 -0.312744140625
0.0253734588623047 -0.0230922698974609 0.0559539794921875 -0.17449951171875
0.0466232299804688 0.0248565673828125 0.0140304565429688 -0.124198913574219
-0.0130043029785156 0.0360069274902344 -0.0743255615234375 -0.201385498046875
-0.0376319885253906 0.0123786926269531 -0.0648193359375 -0.45599365234375
-0.0412368774414063 -0.0434303283691406 0.3338623046875 -0.64019775390625
-0.136764526367188 0.26812744140625 0.05169677734375 -0.43170166015625
-0.011444091796875 0.256027221679688 -0.0637969970703125 -0.214004516601562
0.176834106445312 0.211578369140625 0.0525474548339844 0.0260009765625
0.2220458984375 0.0279541015625 0.148300170898438 -0.0579376220703125
0.165191650390625 -0.134658813476563 0.163787841796875 -0.160354614257813
0.00813293457031251 -0.1905517578125 0.050048828125 -0.29827880859375
-0.080596923828125 -0.187484741210938 -0.112060546875 -0.35284423828125
-0.0418853759765625 -0.193023681640625 -0.122833251953125 -0.324310302734375
-0.0689544677734375 -0.19525146484375 -0.090179443359375 -0.335662841796875
0.03546142578125 -0.196853637695313 0.015472412109375 -0.264419555664063
0.163543701171875 -0.138092041015625 0.0372161865234375 -0.130790710449219
0.243194580078125 0.021759033203125 -0.0208053588867187 -0.121635437011719
0.134521484375 0.22418212890625 -0.102920532226563 -0.2225341796875
0.00396728515624999 0.255462646484375 -0.05926513671875 -0.473388671875
-0.09906005859375 0.253341674804688 0.2347412109375 -0.68206787109375
-0.12176513671875 0.5240478515625 -0.04461669921875 -0.347015380859375
0.074676513671875 0.438262939453125 -0.0836944580078125 -0.159286499023437
0.353363037109375 0.306488037109375 0.0669708251953125 0.0164031982421875
0.377288818359375 -0.0067138671875 0.114341735839844 -0.0761032104492188
0.261398315429688 -0.24609375 0.122314453125 -0.14263916015625
0.00424194335937503 -0.3251953125 -0.003021240234375 -0.236526489257813
-0.144683837890625 -0.30712890625 -0.127685546875 -0.25469970703125
-0.094696044921875 -0.32904052734375 -0.116043090820312 -0.217376708984375
-0.133819580078125 -0.33599853515625 -0.0941009521484375 -0.232040405273438
0.029754638671875 -0.340789794921875 -0.021026611328125 -0.1697998046875
0.252670288085938 -0.277450561523438 -0.00251007080078123 -0.0596656799316406
0.420989990234375 -0.041717529296875 -0.0837249755859375 -0.0905609130859375
0.329254150390625 0.351959228515625 -0.165908813476562 -0.206985473632813
0.1112060546875 0.46685791015625 -0.10394287109375 -0.4375
-0.127105712890625 0.517181396484375 0.2078857421875 -0.58209228515625
-0.13409423828125 0.68341064453125 -0.0812225341796875 -0.182830810546875
0.12115478515625 0.56817626953125 -0.05389404296875 -0.0680007934570312
0.466064453125 0.386016845703125 0.0834121704101563 0.0203857421875
0.490203857421875 -0.012786865234375 0.082275390625 -0.0605926513671875
0.3489990234375 -0.301666259765625 0.0909423828125 -0.0782089233398438
0.038330078125 -0.414154052734375 -0.00669097900390625 -0.129493713378906
-0.143310546875 -0.396087646484375 -0.0669479370117187 -0.133102416992188
-0.08404541015625 -0.417724609375 -0.0383453369140625 -0.0925445556640625
-0.125518798828125 -0.43243408203125 -0.0265731811523438 -0.100364685058594
0.068511962890625 -0.4158935546875 -0.0120048522949219 -0.0377655029296875
0.334320068359375 -0.334808349609375 -0.0289192199707031 0.0372543334960937
0.531646728515625 -0.04376220703125 -0.125450134277344 -0.0438461303710938
0.419097900390625 0.462310791015625 -0.177444458007813 -0.185043334960938
0.1402587890625 0.60968017578125 -0.0546875 -0.3504638671875
-0.17584228515625 0.68121337890625 0.175506591796875 -0.396392822265625
-0.1654052734375 0.72882080078125 -0.126754760742188 0.0176849365234375
0.12518310546875 0.62347412109375 -0.0188713073730469 0.0574798583984375
0.5003662109375 0.42742919921875 0.0965576171875 0.0379409790039063
0.5323486328125 -0.000335693359375 0.0456733703613282 -0.0297813415527344
0.396209716796875 -0.302154541015625 0.0454864501953125 0.00149917602539061
0.078887939453125 -0.43890380859375 -0.0169153213500977 -0.00280475616455081
-0.10748291015625 -0.425384521484375 -0.0102739334106445 0.0136079788208008
-0.049285888671875 -0.442840576171875 0.0298309326171875 0.0508232116699218
-0.087493896484375 -0.4609375 0.030059814453125 0.0525398254394531
0.104736328125 -0.418060302734375 -0.0145721435546875 0.104080200195312
0.371368408203125 -0.318603515625 -0.0639877319335937 0.133247375488281
0.5469970703125 -0.010345458984375 -0.160232543945312 0.007476806640625
0.4105224609375 0.5086669921875 -0.168914794921875 -0.145858764648437
0.111328125 0.64910888671875 0.00254821777343752 -0.218765258789063
-0.227294921875 0.72021484375 0.122421264648437 -0.166839599609375
-0.13616943359375 0.68414306640625 -0.185699462890625 0.236221313476563
0.14422607421875 0.5828857421875 0.011260986328125 0.201187133789063
0.476165771484375 0.37969970703125 0.104240417480469 0.0604171752929688
0.488983154296875 -0.01751708984375 0.00687456130981448 0.00840950012207031
0.360687255859375 -0.273651123046875 -0.00486755371093748 0.0776824951171875
0.08203125 -0.3984375 -0.03070068359375 0.124290466308594
-0.08038330078125 -0.384368896484375 0.0381011962890625 0.160324096679687
-0.029388427734375 -0.398712158203125 0.0834503173828125 0.188629150390625
-0.057098388671875 -0.413543701171875 0.0736083984375 0.199493408203125
0.1102294921875 -0.35601806640625 -0.0211944580078125 0.229400634765625
0.332000732421875 -0.25823974609375 -0.0952301025390625 0.206756591796875
0.463226318359375 0.013427734375 -0.1820068359375 0.056976318359375
0.332977294921875 0.45458984375 -0.15106201171875 -0.0933990478515625
0.0791625976562499 0.5687255859375 0.0376434326171875 -0.0758132934570312
-0.21466064453125 0.65545654296875 0.04229736328125 0.0531196594238282
-0.07684326171875 0.5323486328125 -0.23443603515625 0.4388427734375
0.14093017578125 0.4423828125 0.03424072265625 0.33685302734375
0.363800048828125 0.26019287109375 0.10400390625 0.0881118774414063
0.353485107421875 -0.029449462890625 -0.0200309753417969 0.0497665405273438
0.258132934570313 -0.198699951171875 -0.0467376708984375 0.136016845703125
0.06658935546875 -0.292022705078125 -0.0387725830078125 0.22637939453125
-0.0450897216796875 -0.280227661132813 0.0782470703125 0.28204345703125
-0.01031494140625 -0.292205810546875 0.123443603515625 0.2984619140625
-0.0205078125 -0.3026123046875 0.102264404296875 0.31561279296875
0.09649658203125 -0.2396240234375 -0.03070068359375 0.316497802734375
0.240036010742188 -0.157882690429688 -0.120819091796875 0.242446899414063
0.303985595703125 0.036224365234375 -0.186813354492187 0.086181640625
0.19891357421875 0.326812744140625 -0.121849060058594 -0.047576904296875
0.036529541015625 0.395965576171875 0.0590934753417969 0.0470428466796875
-0.16265869140625 0.48541259765625 -0.0308685302734375 0.23992919921875
-0.00592041015624998 0.29522705078125 -0.2650146484375 0.590576171875
0.114761352539063 0.234710693359375 0.047454833984375 0.444122314453125
0.196395874023438 0.100616455078125 0.102668762207031 0.115158081054688
0.161895751953125 -0.037628173828125 -0.0245590209960937 0.08135986328125
0.112861633300781 -0.0924453735351562 -0.0720977783203125 0.162109375
0.0398101806640625 -0.137115478515625 -0.03955078125 0.283905029296875
-0.0037841796875 -0.131919860839844 0.104034423828125 0.357177734375
0.00955200195312499 -0.140670776367188 0.1435546875 0.362152099609375
0.0161590576171875 -0.149581909179688 0.1143798828125 0.384063720703125
0.0673294067382813 -0.0980606079101563 -0.039337158203125 0.355499267578125
0.121070861816406 -0.04827880859375 -0.1358642578125 0.240692138671875
0.119178771972656 0.0427703857421875 -0.178985595703125 0.094268798828125
0.0610198974609375 0.157424926757813 -0.0920486450195313 -0.0169754028320312
0.00483703613281251 0.179061889648438 0.0641403198242188 0.129241943359375
-0.0812835693359375 0.25518798828125 -0.084991455078125 0.366912841796875
-0.0575981140136719 0.011474609375 0.046966552734375 -0.4361572265625
-0.0147743225097656 0.0519905090332031 -0.07275390625 -0.204437255859375
0.0555229187011719 0.0432357788085938 0.0534553527832031 0.0257377624511719
0.0631904602050781 -0.00653076171875 0.162399291992188 -0.06475830078125
0.0226860046386719 -0.0602264404296875 0.15838623046875 -0.190277099609375
-0.0365486145019531 -0.0417251586914063 0.04290771484375 -0.3272705078125
-0.052001953125 -0.0279998779296875 -0.137115478515625 -0.3740234375
-0.0306625366210937 -0.0231132507324219 -0.157623291015625 -0.35308837890625
-0.0424842834472656 -0.0114326477050781 -0.119720458984375 -0.362152099609375
-0.0104866027832031 -0.0364913940429688 0.012420654296875 -0.3052978515625
0.0244693756103516 -0.0222148895263672 0.0488433837890625 -0.169540405273438
0.0459060668945312 0.0218162536621094 0.00636291503906251 -0.119705200195313
-0.0134925842285156 0.0354499816894531 -0.0823822021484375 -0.191482543945313
-0.036102294921875 0.01226806640625 -0.08148193359375 -0.43389892578125
-0.0401458740234375 -0.0410194396972656 0.2955322265625 -0.6236572265625
-0.121292114257812 0.263427734375 0.030364990234375 -0.419281005859375
-0.00230407714843752 0.248123168945313 -0.0722198486328125 -0.204833984375
0.180282592773438 0.196014404296875 0.0532569885253906 0.0194816589355469
0.21630859375 0.01904296875 0.138465881347656 -0.0623550415039062
0.15386962890625 -0.136138916015625 0.150665283203125 -0.16021728515625
0.000366210937500016 -0.181915283203125 0.0374755859375 -0.289947509765625
-0.084197998046875 -0.176254272460938 -0.123565673828125 -0.336212158203125
-0.0481719970703125 -0.185089111328125 -0.134429931640625 -0.309600830078125
-0.0745391845703125 -0.182907104492188 -0.103515625 -0.3209228515625
0.0260009765625 -0.190109252929688 0.00531005859375 -0.257110595703125
0.152511596679688 -0.139175415039063 0.0328216552734375 -0.126235961914063
0.236892700195313 0.010833740234375 -0.0272293090820312 -0.116127014160156
0.138839721679688 0.212615966796875 -0.110458374023437 -0.208587646484375
0.01263427734375 0.24566650390625 -0.07537841796875 -0.451629638671875
-0.084930419921875 0.249160766601563 0.2030029296875 -0.6619873046875
-0.0961914062500001 0.5093994140625 -0.060760498046875 -0.333740234375
0.08770751953125 0.420501708984375 -0.090789794921875 -0.150115966796875
0.354522705078125 0.27886962890625 0.0671920776367188 0.00759506225585939
0.364959716796875 -0.019989013671875 0.104782104492188 -0.0784988403320313
0.240386962890625 -0.247207641601563 0.110519409179688 -0.142623901367188
-0.00891113281249999 -0.310516357421875 -0.01025390625 -0.226272583007813
-0.14971923828125 -0.2874755859375 -0.135147094726563 -0.240142822265625
-0.105255126953125 -0.31414794921875 -0.122833251953125 -0.206344604492188
-0.14263916015625 -0.314849853515625 -0.102188110351563 -0.220046997070313
0.014892578125 -0.327362060546875 -0.02606201171875 -0.164398193359375
0.232131958007813 -0.27667236328125 -0.00257873535156249 -0.0566024780273438
0.406341552734375 -0.058929443359375 -0.0865631103515625 -0.0831069946289063
0.332977294921875 0.330047607421875 -0.169677734375 -0.190948486328125
0.122314453125 0.447174072265625 -0.116485595703125 -0.41595458984375
-0.1015625 0.504913330078125 0.1798095703125 -0.56451416015625
-0.1015625 0.66375732421875 -0.089691162109375 -0.17401123046875
0.13812255859375 0.54644775390625 -0.0580482482910156 -0.0627937316894531
0.467376708984375 0.35076904296875 0.0827865600585938 0.010162353515625
0.47308349609375 -0.031463623046875 0.0750579833984375 -0.0632553100585937
0.323394775390625 -0.30560302734375 0.0829849243164063 -0.0805282592773438
0.020843505859375 -0.397247314453125 -0.0105819702148437 -0.122413635253906
-0.15228271484375 -0.37164306640625 -0.0715179443359375 -0.123977661132813
-0.098785400390625 -0.4005126953125 -0.042083740234375 -0.0889816284179688
-0.141204833984375 -0.409515380859375 -0.0300827026367188 -0.095916748046875
0.049072265625 -0.40216064453125 -0.0118560791015625 -0.0367622375488281
0.3092041015625 -0.336334228515625 -0.0240898132324219 0.0382843017578125
0.512786865234375 -0.06341552734375 -0.124397277832031 -0.03619384765625
0.4259033203125 0.432159423828125 -0.18011474609375 -0.167999267578125
0.1558837890625 0.58380126953125 -0.0648193359375 -0.3341064453125
-0.14288330078125 0.6673583984375 0.157012939453125 -0.383697509765625
-0.13031005859375 0.7122802734375 -0.125999450683594 0.0207443237304688
0.14459228515625 0.60064697265625 -0.0187644958496094 0.0575790405273438
0.5020751953125 0.391754150390625 0.0972900390625 0.0264053344726563
0.514892578125 -0.021636962890625 0.042083740234375 -0.0333480834960938
0.367645263671875 -0.3072509765625 0.0434112548828125 -0.00315475463867189
0.057464599609375 -0.42413330078125 -0.0167131423950195 0.000795364379882783
-0.120452880859375 -0.4022216796875 -0.0108261108398438 0.0147991180419922
-0.067138671875 -0.427520751953125 0.0303459167480469 0.0467033386230469
-0.105255126953125 -0.4385986328125 0.0334129333496094 0.0492172241210937
0.0841064453125 -0.406219482421875 -0.0076904296875 0.100570678710937
0.3427734375 -0.322601318359375 -0.0549392700195312 0.131195068359375
0.530059814453125 -0.03411865234375 -0.156097412109375 0.014678955078125
0.418914794921875 0.477142333984375 -0.169647216796875 -0.1304931640625
0.1300048828125 0.62322998046875 -0.0050201416015625 -0.21075439453125
-0.1910400390625 0.70611572265625 0.113800048828125 -0.163726806640625
-0.1024169921875 0.668212890625 -0.173095703125 0.2340087890625
0.162078857421875 0.559478759765625 0.0167694091796875 0.19610595703125
0.476898193359375 0.3450927734375 0.105331420898438 0.0490570068359375
0.47161865234375 -0.03662109375 0.00647687911987308 0.00516653060913086
0.3345947265625 -0.28125 -0.00262451171874998 0.0718231201171875
0.062530517578125 -0.3856201171875 -0.0254898071289063 0.123924255371094
-0.093048095703125 -0.3638916015625 0.04229736328125 0.155807495117187
-0.046295166015625 -0.384674072265625 0.089935302734375 0.178253173828125
-0.073394775390625 -0.395263671875 0.081817626953125 0.189727783203125
0.09173583984375 -0.34600830078125 -0.009552001953125 0.22271728515625
0.30828857421875 -0.26226806640625 -0.08251953125 0.20330810546875
0.44805908203125 -0.006134033203125 -0.174453735351562 0.0633697509765625
0.34246826171875 0.428009033203125 -0.150100708007812 -0.080810546875
0.096435546875 0.547515869140625 0.03466796875 -0.0755691528320312
-0.18048095703125 0.6436767578125 0.0459098815917969 0.0500030517578125
-0.0508117675781249 0.51904296875 -0.211029052734375 0.431396484375
0.15283203125 0.4244384765625 0.045989990234375 0.32623291015625
0.363433837890625 0.236175537109375 0.105232238769531 0.0770416259765625
0.3392333984375 -0.042388916015625 -0.0169143676757812 0.0465278625488281
0.239974975585938 -0.204116821289063 -0.0400924682617187 0.130096435546875
0.05224609375 -0.282989501953125 -0.0297088623046875 0.222854614257812
-0.055389404296875 -0.266204833984375 0.087127685546875 0.271652221679688
-0.022979736328125 -0.2823486328125 0.13336181640625 0.283111572265625
-0.03399658203125 -0.29052734375 0.115936279296875 0.300537109375
0.08331298828125 -0.234054565429687 -0.014862060546875 0.308380126953125
0.222946166992188 -0.161331176757813 -0.106185913085937 0.239013671875
0.294891357421875 0.021514892578125 -0.176986694335937 0.091522216796875
0.208465576171875 0.308837890625 -0.119384765625 -0.038299560546875
0.0491943359375 0.380950927734375 0.0599746704101563 0.0415229797363282
-0.137908935546875 0.478302001953125 -0.01751708984375 0.231842041015625
0.00579833984374998 0.286865234375 -0.23468017578125 0.57861328125
0.119659423828125 0.223419189453125 0.064483642578125 0.430206298828125
0.193618774414063 0.089385986328125 0.104301452636719 0.106620788574219
0.154006958007813 -0.042938232421875 -0.019500732421875 0.0781478881835938
0.104965209960938 -0.0949020385742188 -0.0630645751953125 0.156509399414063
0.0329818725585937 -0.134666442871094 -0.0292510986328125 0.27777099609375
-0.00937652587890626 -0.126083374023438 0.115509033203125 0.342803955078125
0.00254058837890625 -0.136856079101563 0.15673828125 0.34539794921875
0.008056640625 -0.14508056640625 0.13043212890625 0.3663330078125
0.06048583984375 -0.0964889526367187 -0.0228271484375 0.345489501953125
0.112884521484375 -0.0515213012695313 -0.12188720703125 0.237289428710937
0.116874694824219 0.03533935546875 -0.168594360351562 0.0992431640625
0.0676116943359375 0.149215698242188 -0.0891647338867188 -0.011199951171875
0.0115203857421875 0.172515869140625 0.0684127807617188 0.120323181152344
-0.0686492919921875 0.2515869140625 -0.06427001953125 0.3546142578125
-0.0561180114746094 0.0108528137207031 0.037933349609375 -0.423919677734375
-0.0142097473144531 0.0502433776855469 -0.076019287109375 -0.199005126953125
0.0545616149902344 0.0403785705566406 0.0524482727050781 0.021575927734375
0.0626068115234375 -0.00689697265625 0.154312133789063 -0.0657806396484375
0.0218925476074219 -0.0578041076660156 0.15008544921875 -0.185516357421875
-0.0358772277832031 -0.0389022827148438 0.03790283203125 -0.31915283203125
-0.0505561828613281 -0.0264511108398438 -0.139373779296875 -0.3604736328125
-0.0291252136230469 -0.0219135284423828 -0.16156005859375 -0.34112548828125
-0.0401611328125 -0.00897216796875001 -0.125091552734375 -0.348419189453125
-0.0105724334716797 -0.0346221923828125 0.00677490234375001 -0.29815673828125
0.0237693786621094 -0.0217323303222656 0.0462646484375 -0.163955688476563
0.045318603515625 0.0202293395996094 0.00223541259765626 -0.115242004394531
-0.0143795013427734 0.035064697265625 -0.0852813720703125 -0.182754516601562
-0.0348606109619141 0.0112342834472656 -0.08526611328125 -0.416351318359375
-0.0377426147460938 -0.0401229858398437 0.2786865234375 -0.60382080078125
-0.113616943359375 0.256011962890625 0.021484375 -0.40704345703125
0.000732421874999984 0.240325927734375 -0.075469970703125 -0.198593139648438
0.178802490234375 0.185714721679688 0.052642822265625 0.014495849609375
0.211700439453125 0.015655517578125 0.131172180175781 -0.06280517578125
0.146209716796875 -0.13397216796875 0.142745971679688 -0.156890869140625
-0.00225830078124999 -0.174026489257813 0.03314208984375 -0.28125
-0.083221435546875 -0.168380737304688 -0.127197265625 -0.323944091796875
-0.0493927001953125 -0.17913818359375 -0.138153076171875 -0.29925537109375
-0.07464599609375 -0.174118041992188 -0.10833740234375 -0.310028076171875
0.022247314453125 -0.183578491210937 0.00202941894531253 -0.251480102539063
0.146255493164063 -0.13677978515625 0.0317153930664063 -0.122276306152344
0.231796264648438 0.0062713623046875 -0.0306777954101562 -0.111625671386719
0.13671875 0.205657958984375 -0.112380981445312 -0.1993408203125
0.01416015625 0.237625122070313 -0.079254150390625 -0.434112548828125
-0.077392578125 0.242889404296875 0.1895751953125 -0.6390380859375
-0.085693359375 0.49444580078125 -0.067169189453125 -0.32171630859375
0.089508056640625 0.408416748046875 -0.092681884765625 -0.144439697265625
0.3480224609375 0.26287841796875 0.0647010803222657 0.00135421752929689
0.35357666015625 -0.025177001953125 0.09796142578125 -0.0776901245117188
0.228500366210938 -0.24224853515625 0.104728698730469 -0.140281677246094
-0.0128173828125 -0.297576904296875 -0.01171875 -0.218780517578125
-0.147552490234375 -0.274703979492187 -0.136459350585938 -0.229232788085938
-0.106231689453125 -0.303985595703125 -0.124481201171875 -0.19879150390625
-0.14288330078125 -0.300933837890625 -0.103515625 -0.212295532226563
0.00967407226562502 -0.31622314453125 -0.0268402099609375 -0.16058349609375
0.221588134765625 -0.271438598632813 -0.000900268554687484 -0.054718017578125
0.394378662109375 -0.063629150390625 -0.08770751953125 -0.0780410766601562
0.328765869140625 0.315826416015625 -0.168258666992187 -0.179855346679687
0.12176513671875 0.4324951171875 -0.117919921875 -0.39892578125
-0.0924377441406249 0.49273681640625 0.169708251953125 -0.543792724609375
-0.0869750976562499 0.645263671875 -0.093536376953125 -0.167739868164063
0.1414794921875 0.52978515625 -0.0597305297851562 -0.0587730407714843
0.459075927734375 0.331512451171875 0.08062744140625 0.00228881835937502
0.459197998046875 -0.03741455078125 0.0704269409179688 -0.0634841918945313
0.3060302734375 -0.301300048828125 0.0782928466796875 -0.080230712890625
0.01385498046875 -0.38226318359375 -0.0120468139648438 -0.117141723632813
-0.15228271484375 -0.35650634765625 -0.0732116699218751 -0.118408203125
-0.102020263671875 -0.388763427734375 -0.0437698364257813 -0.08642578125
-0.143707275390625 -0.393463134765625 -0.0310287475585938 -0.0934677124023438
0.041748046875 -0.38897705078125 -0.0106124877929688 -0.03619384765625
0.294647216796875 -0.328521728515625 -0.0206413269042969 0.0372657775878906
0.49774169921875 -0.07110595703125 -0.12310791015625 -0.0331573486328125
0.422210693359375 0.41412353515625 -0.1771240234375 -0.157669067382812
0.1556396484375 0.56390380859375 -0.065643310546875 -0.32159423828125
-0.1290283203125 0.65283203125 0.150604248046875 -0.371612548828125
-0.11468505859375 0.693359375 -0.125686645507813 0.0213546752929688
0.149169921875 0.5843505859375 -0.0198287963867187 0.0577392578125
0.4959716796875 0.36956787109375 0.095489501953125 0.0185317993164063
0.50091552734375 -0.029083251953125 0.0393218994140625 -0.0349617004394531
0.350433349609375 -0.305084228515625 0.0409622192382813 -0.00605773925781252
0.0482177734375 -0.40972900390625 -0.0158672332763672 0.0028572082519531
-0.12188720703125 -0.38531494140625 -0.0118045806884766 0.0165863037109375
-0.072509765625 -0.4151611328125 0.0301971435546875 0.0440406799316406
-0.110748291015625 -0.42120361328125 0.03436279296875 0.0463104248046875
0.076995849609375 -0.393402099609375 -0.00464630126953126 0.0977401733398437
0.3275146484375 -0.318023681640625 -0.049407958984375 0.128303527832031
0.515228271484375 -0.041778564453125 -0.152664184570312 0.0169525146484375
0.418121337890625 0.45843505859375 -0.165618896484375 -0.121505737304687
0.1314697265625 0.6033935546875 -0.00617980957031249 -0.204620361328125
-0.17474365234375 0.69232177734375 0.110061645507812 -0.159317016601562
-0.09027099609375 0.65032958984375 -0.167831420898438 0.228729248046875
0.1649169921875 0.5450439453125 0.01873779296875 0.191986083984375
0.4700927734375 0.325927734375 0.103790283203125 0.0405197143554688
0.457000732421875 -0.041168212890625 0.00672388076782229 0.00228786468505859
0.319000244140625 -0.278594970703125 -0.00248718261718749 0.0665283203125
0.054290771484375 -0.3739013671875 -0.0234603881835938 0.123115539550781
-0.09539794921875 -0.34930419921875 0.042633056640625 0.15240478515625
-0.052032470703125 -0.373779296875 0.0904083251953125 0.171356201171875
-0.0791015625 -0.379638671875 0.0850372314453125 0.18170166015625
0.083953857421875 -0.33526611328125 -0.004241943359375 0.217010498046875
0.293426513671875 -0.2587890625 -0.076263427734375 0.198532104492188
0.435882568359375 -0.01458740234375 -0.16876220703125 0.0643157958984375
0.342681884765625 0.411285400390625 -0.1455078125 -0.0733795166015625
0.099090576171875 0.530731201171875 0.034271240234375 -0.0744781494140625
-0.166748046875 0.6290283203125 0.0471839904785156 0.0475196838378907
-0.042724609375 0.50665283203125 -0.20074462890625 0.420562744140625
0.155181884765625 0.41229248046875 0.0498046875 0.318389892578125
0.357635498046875 0.22357177734375 0.104270935058594 0.0695266723632813
0.328826904296875 -0.0467529296875 -0.0149269104003906 0.0427970886230469
0.228195190429688 -0.202865600585938 -0.0389022827148438 0.123336791992188
0.04571533203125 -0.275177001953125 -0.0265045166015625 0.219375610351562
-0.0570068359375 -0.255462646484375 0.0886993408203125 0.264541625976563
-0.0284423828125 -0.274581909179688 0.136123657226563 0.272872924804688
-0.038848876953125 -0.279464721679688 0.1201171875 0.288238525390625
0.0767822265625 -0.227157592773438 -0.00869750976562501 0.29974365234375
0.211990356445313 -0.159622192382813 -0.09918212890625 0.232421875
0.286895751953125 0.015899658203125 -0.170791625976562 0.0920562744140625
0.21002197265625 0.29669189453125 -0.115547180175781 -0.0335159301757812
0.05230712890625 0.368927001953125 0.0600318908691406 0.0376548767089844
-0.1275634765625 0.468414306640625 -0.0117950439453125 0.222824096679688
0.00877380371093752 0.280059814453125 -0.220458984375 0.56396484375
0.11871337890625 0.216445922851562 0.06982421875 0.417694091796875
0.188919067382813 0.0845489501953125 0.102943420410156 0.100204467773438
0.148223876953125 -0.0434722900390625 -0.016815185546875 0.0732192993164063
0.100196838378906 -0.0950927734375 -0.06085205078125 0.149276733398438
0.0294113159179687 -0.131195068359375 -0.0260772705078125 0.271957397460938
-0.0107955932617187 -0.121498107910156 0.117950439453125 0.333526611328125
-0.001251220703125 -0.133193969726563 0.1585693359375 0.3333740234375
0.004669189453125 -0.140464782714844 0.13720703125 0.35125732421875
0.0570526123046875 -0.0940399169921875 -0.01556396484375 0.3372802734375
0.106330871582031 -0.051300048828125 -0.11431884765625 0.231399536132813
0.113235473632813 0.031982421875 -0.160690307617187 0.09942626953125
0.07012939453125 0.14306640625 -0.0857620239257813 -0.00839233398437499
0.013336181640625 0.167312622070313 0.068939208984375 0.113265991210938
-0.06298828125 0.246688842773438 -0.055877685546875 0.341949462890625
-0.0563735961914063 0.0102310180664062 0.036102294921875 -0.42047119140625
-0.0150260925292969 0.0489234924316406 -0.077850341796875 -0.197509765625
0.0538368225097656 0.0387191772460937 0.05194091796875 0.0191001892089844
0.0629463195800781 -0.00730133056640625 0.150680541992187 -0.065185546875
0.0218429565429688 -0.0563278198242187 0.148452758789063 -0.1829833984375
-0.0347442626953125 -0.0372467041015625 0.037384033203125 -0.317047119140625
-0.049560546875 -0.0252571105957031 -0.140533447265625 -0.357147216796875
-0.0282974243164063 -0.0222415924072266 -0.164031982421875 -0.337921142578125
-0.0379142761230469 -0.00789642333984375 -0.12725830078125 -0.34576416015625
-0.0105819702148438 -0.0334091186523438 0.00634765624999999 -0.29766845703125
0.0240669250488281 -0.0214004516601563 0.046905517578125 -0.160934448242188
0.0457344055175781 0.01971435546875 0.000404357910156253 -0.113014221191406
-0.0159797668457031 0.0354995727539062 -0.086700439453125 -0.180130004882813
-0.0348567962646484 0.00986099243164062 -0.084747314453125 -0.410247802734375
-0.0361175537109375 -0.0406913757324219 0.27777099609375 -0.5924072265625
-0.112380981445312 0.252365112304688 0.018951416015625 -0.40277099609375
0.00010681152343748 0.238037109375 -0.07781982421875 -0.196685791015625
0.177154541015625 0.181427001953125 0.0521392822265625 0.00990295410156251
0.210296630859375 0.014862060546875 0.127578735351563 -0.0628280639648438
0.144302368164063 -0.131759643554688 0.141372680664063 -0.1551513671875
-0.00169372558593749 -0.170089721679688 0.033447265625 -0.279647827148438
-0.0818328857421875 -0.165557861328125 -0.128875732421875 -0.320465087890625
-0.0487213134765625 -0.17919921875 -0.140472412109375 -0.296234130859375
-0.0730133056640625 -0.170623779296875 -0.110321044921875 -0.3074951171875
0.022186279296875 -0.1802978515625 0.00190734863281252 -0.251434326171875
0.145294189453125 -0.135848999023438 0.0329437255859375 -0.120002746582031
0.23040771484375 0.0047760009765625 -0.0330276489257812 -0.109512329101563
0.136383056640625 0.205062866210937 -0.112396240234375 -0.19549560546875
0.0125732421875 0.235107421875 -0.077728271484375 -0.426910400390625
-0.0758514404296875 0.240432739257812 0.1915283203125 -0.62835693359375
-0.08349609375 0.488525390625 -0.06890869140625 -0.318206787109375
0.08843994140625 0.404998779296875 -0.0950469970703125 -0.141464233398437
0.34521484375 0.257720947265625 0.0633773803710938 -0.00458526611328123
0.351043701171875 -0.024505615234375 0.0951309204101563 -0.0779647827148438
0.225540161132813 -0.240585327148437 0.10211181640625 -0.13848876953125
-0.01153564453125 -0.291900634765625 -0.0117950439453125 -0.21710205078125
-0.14556884765625 -0.269989013671875 -0.137359619140625 -0.22589111328125
-0.106109619140625 -0.3017578125 -0.126113891601562 -0.197494506835938
-0.141082763671875 -0.2950439453125 -0.104385375976562 -0.210540771484375
0.01007080078125 -0.312469482421875 -0.0271759033203125 -0.160720825195313
0.21868896484375 -0.268692016601563 0.00114440917968752 -0.0536422729492188
0.3914794921875 -0.065185546875 -0.088958740234375 -0.0764846801757812
0.327728271484375 0.314971923828125 -0.167312622070312 -0.175384521484375
0.11920166015625 0.428863525390625 -0.114593505859375 -0.39300537109375
-0.09039306640625 0.48846435546875 0.170623779296875 -0.534912109375
-0.08599853515625 0.63629150390625 -0.0955810546875 -0.164718627929687
0.139801025390625 0.52545166015625 -0.0618438720703125 -0.0573387145996093
0.45611572265625 0.32440185546875 0.0794830322265625 -0.00377655029296873
0.453704833984375 -0.037109375 0.0677261352539063 -0.0649337768554687
0.30108642578125 -0.299041748046875 0.075927734375 -0.0810470581054688
0.013763427734375 -0.375518798828125 -0.0110397338867188 -0.115280151367188
-0.14923095703125 -0.35107421875 -0.0748138427734375 -0.11517333984375
-0.10394287109375 -0.387542724609375 -0.0450820922851563 -0.0866546630859375
-0.142425537109375 -0.386138916015625 -0.0313339233398438 -0.0937271118164063
0.04119873046875 -0.38421630859375 -0.0100135803222656 -0.0372238159179688
0.290557861328125 -0.32562255859375 -0.0184593200683594 0.0370368957519531
0.49407958984375 -0.07244873046875 -0.124290466308594 -0.0314559936523438
0.42083740234375 0.411834716796875 -0.174301147460937 -0.1531982421875
0.15130615234375 0.56170654296875 -0.063812255859375 -0.318115234375
-0.1273193359375 0.64678955078125 0.15185546875 -0.36578369140625
-0.11248779296875 0.6873779296875 -0.127449035644531 0.0210647583007813
0.14849853515625 0.5799560546875 -0.0207977294921875 0.0583572387695313
0.4923095703125 0.364227294921875 0.0942153930664063 0.0118255615234375
0.496002197265625 -0.03179931640625 0.0376129150390625 -0.0371208190917969
0.345123291015625 -0.3048095703125 0.0384902954101563 -0.00845336914062502
0.047454833984375 -0.4033203125 -0.0150461196899414 0.00420379638671873
-0.120391845703125 -0.380157470703125 -0.0131034851074219 0.017730712890625
-0.075164794921875 -0.4124755859375 0.0297279357910156 0.0433502197265625
-0.11114501953125 -0.4151611328125 0.0351333618164062 0.0442276000976562
0.075042724609375 -0.3887939453125 -0.00372314453124999 0.096435546875
0.322113037109375 -0.313934326171875 -0.0471115112304687 0.126998901367187
0.511138916015625 -0.042724609375 -0.152694702148437 0.017486572265625
0.41796875 0.454376220703125 -0.163467407226562 -0.118118286132812
0.1280517578125 0.59814453125 -0.00440979003906249 -0.202850341796875
-0.1749267578125 0.68841552734375 0.111434936523437 -0.156326293945312
-0.08734130859375 0.6453857421875 -0.167922973632813 0.226882934570312
0.1644287109375 0.5428466796875 0.01849365234375 0.191513061523438
0.467315673828125 0.3204345703125 0.102874755859375 0.0351791381835938
0.454010009765625 -0.0445556640625 0.00587654113769534 2.33650207519504E-05
0.31475830078125 -0.278167724609375 -0.00473785400390622 0.0631904602050781
0.05224609375 -0.36834716796875 -0.023681640625 0.123863220214844
-0.093536376953125 -0.34417724609375 0.0424652099609375 0.15313720703125
-0.054840087890625 -0.372406005859375 0.09161376953125 0.168991088867187
-0.07977294921875 -0.374176025390625 0.0872650146484375 0.177780151367187
0.082977294921875 -0.330963134765625 -0.00257873535156248 0.215286254882812
0.288360595703125 -0.255096435546875 -0.07391357421875 0.196975708007813
0.431671142578125 -0.016876220703125 -0.167724609375 0.06488037109375
0.342529296875 0.406097412109375 -0.1434326171875 -0.07080078125
0.0959167480468751 0.52508544921875 0.034881591796875 -0.0756759643554687
-0.163818359375 0.62677001953125 0.048095703125 0.0469779968261719
-0.041107177734375 0.503173828125 -0.200164794921875 0.416046142578125
0.15435791015625 0.41156005859375 0.05108642578125 0.316986083984375
0.355804443359375 0.220489501953125 0.103370666503906 0.065643310546875
0.32568359375 -0.046112060546875 -0.0139656066894531 0.0397834777832031
0.22491455078125 -0.202835083007813 -0.0403213500976562 0.11932373046875
0.0448455810546875 -0.271759033203125 -0.0266265869140625 0.219589233398437
-0.056365966796875 -0.25201416015625 0.0884246826171875 0.263961791992188
-0.0296630859375 -0.272735595703125 0.136764526367188 0.269943237304688
-0.0391693115234375 -0.275665283203125 0.12286376953125 0.28387451171875
0.0758056640625 -0.223968505859375 -0.00631713867187497 0.2978515625
0.207794189453125 -0.157394409179688 -0.097259521484375 0.23004150390625
0.2833251953125 0.014434814453125 -0.168075561523437 0.09173583984375
0.210906982421875 0.2928466796875 -0.11309814453125 -0.0318527221679687
0.049774169921875 0.36444091796875 0.0603599548339844 0.0346908569335938
-0.126708984375 0.46649169921875 -0.0110321044921875 0.218734741210938
0.00827026367187503 0.2796630859375 -0.218353271484375 0.55682373046875
0.117935180664063 0.216033935546875 0.071044921875 0.415618896484375
0.1876220703125 0.0846710205078125 0.102874755859375 0.0982894897460938
0.1461181640625 -0.0428314208984375 -0.01556396484375 0.0702552795410156
0.0992965698242188 -0.0948562622070313 -0.0615234375 0.145538330078125
0.0288162231445312 -0.130577087402344 -0.027069091796875 0.272109985351563
-0.0109100341796875 -0.1197509765625 0.1185302734375 0.331756591796875
-0.00237274169921876 -0.13238525390625 0.16094970703125 0.330169677734375
0.00308227539062499 -0.139022827148438 0.13970947265625 0.346649169921875
0.05615234375 -0.092681884765625 -0.0128173828125 0.33428955078125
0.103248596191406 -0.0502395629882812 -0.113632202148438 0.228500366210938
0.11126708984375 0.0305862426757813 -0.157684326171875 0.0992279052734375
0.0717849731445313 0.139976501464844 -0.08355712890625 -0.00758361816406251
0.014007568359375 0.165481567382813 0.0689239501953125 0.108726501464844
-0.062255859375 0.246337890625 -0.05474853515625 0.33575439453125
-0.057373046875 0.0101661682128906 0.0321044921875 -0.42755126953125
-0.0161781311035156 0.0492095947265625 -0.0825958251953125 -0.199981689453125
0.0533905029296875 0.0377693176269531 0.0523414611816406 0.0166549682617188
0.0643463134765625 -0.00839614868164063 0.150222778320313 -0.0682525634765625
0.0213203430175781 -0.0574951171875 0.149948120117188 -0.18658447265625
-0.0357437133789063 -0.0363998413085937 0.035400390625 -0.324310302734375
-0.0501785278320312 -0.0250396728515625 -0.147979736328125 -0.361541748046875
-0.0283756256103516 -0.0224876403808594 -0.172821044921875 -0.341033935546875
-0.0374488830566406 -0.00652694702148438 -0.1357421875 -0.349578857421875
-0.0110435485839844 -0.0332813262939453 0.003692626953125 -0.3048095703125
0.0252037048339844 -0.0220069885253906 0.04815673828125 -0.162689208984375
0.0470161437988281 0.0190925598144531 -0.00273132324218751 -0.113410949707031
-0.0170555114746094 0.0378608703613281 -0.09222412109375 -0.180404663085937
-0.0350742340087891 0.00972557067871094 -0.0889892578125 -0.411895751953125
-0.0366172790527344 -0.0425033569335937 0.2811279296875 -0.59820556640625
-0.113067626953125 0.254791259765625 0.01324462890625 -0.408203125
0.000427246093750026 0.241653442382813 -0.0841064453125 -0.198394775390625
0.181289672851563 0.180831909179688 0.0521430969238281 0.00619125366210939
0.214324951171875 0.013458251953125 0.127296447753906 -0.0659027099609375
0.144790649414063 -0.135543823242188 0.142105102539063 -0.158432006835937
-0.00335693359375002 -0.170822143554688 0.0318603515625 -0.285614013671875
-0.0839080810546875 -0.166183471679688 -0.136138916015625 -0.323272705078125
-0.0514068603515625 -0.18218994140625 -0.14910888671875 -0.30010986328125
-0.074554443359375 -0.171920776367188 -0.11724853515625 -0.311981201171875
0.020416259765625 -0.18267822265625 -0.000930786132812496 -0.25732421875
0.146224975585938 -0.139236450195313 0.0348587036132813 -0.121665954589844
0.234466552734375 0.0015869140625 -0.0371170043945312 -0.110244750976562
0.140823364257812 0.208877563476563 -0.117218017578125 -0.1956787109375
0.013671875 0.238174438476563 -0.080657958984375 -0.430877685546875
-0.0747528076171875 0.244338989257813 0.1923828125 -0.633544921875
-0.081207275390625 0.494476318359375 -0.075164794921875 -0.320709228515625
0.091156005859375 0.4093017578125 -0.100753784179688 -0.14178466796875
0.351165771484375 0.256317138671875 0.0616950988769531 -0.00977325439453123
0.3546142578125 -0.02801513671875 0.0930862426757813 -0.0805587768554688
0.224822998046875 -0.244873046875 0.101654052734375 -0.141571044921875
-0.013153076171875 -0.293914794921875 -0.012725830078125 -0.22015380859375
-0.148590087890625 -0.271530151367188 -0.144210815429688 -0.226089477539063
-0.112335205078125 -0.3079833984375 -0.132965087890625 -0.199020385742188
-0.14501953125 -0.296539306640625 -0.110076904296875 -0.213836669921875
0.00845336914062499 -0.315399169921875 -0.028533935546875 -0.164810180664063
0.22015380859375 -0.274261474609375 0.00308227539062502 -0.0550537109375
0.398345947265625 -0.071044921875 -0.0940170288085937 -0.0757064819335937
0.337066650390625 0.317108154296875 -0.170455932617187 -0.174636840820312
0.12152099609375 0.434234619140625 -0.1165771484375 -0.39739990234375
-0.088043212890625 0.496856689453125 0.174407958984375 -0.539703369140625
-0.0810546874999999 0.64654541015625 -0.100875854492187 -0.165878295898437
0.14569091796875 0.532318115234375 -0.0654296875 -0.0562477111816406
0.466827392578125 0.32391357421875 0.0785598754882813 -0.00994110107421873
0.45965576171875 -0.042388916015625 0.0658683776855469 -0.06768798828125
0.3028564453125 -0.3062744140625 0.0743637084960938 -0.0841522216796875
0.010955810546875 -0.379974365234375 -0.0118408203125 -0.116851806640625
-0.153564453125 -0.352386474609375 -0.0794906616210938 -0.114952087402344
-0.111602783203125 -0.3939208984375 -0.0477523803710938 -0.0882492065429688
-0.14892578125 -0.390594482421875 -0.0334854125976563 -0.0968246459960938
0.0390625 -0.389190673828125 -0.0107421875 -0.038360595703125
0.291534423828125 -0.33306884765625 -0.0162582397460937 0.0374298095703125
0.50189208984375 -0.07940673828125 -0.129524230957031 -0.0303955078125
0.4354248046875 0.415557861328125 -0.177459716796875 -0.152496337890625
0.15606689453125 0.568603515625 -0.0646057128906249 -0.32232666015625
-0.12420654296875 0.660400390625 0.15521240234375 -0.369964599609375
-0.10809326171875 0.69793701171875 -0.130844116210938 0.02313232421875
0.15716552734375 0.5902099609375 -0.0215835571289062 0.0606613159179688
0.503173828125 0.36285400390625 0.0949020385742188 0.00630950927734377
0.50262451171875 -0.036712646484375 0.0369224548339844 -0.0400314331054688
0.346527099609375 -0.313232421875 0.0378761291503906 -0.0111160278320313
0.0457763671875 -0.407470703125 -0.0155963897705078 0.00524330139160154
-0.12481689453125 -0.382568359375 -0.0150661468505859 0.0201549530029297
-0.08203125 -0.420745849609375 0.0305442810058594 0.0427284240722656
-0.116241455078125 -0.41876220703125 0.0366859436035156 0.0420074462890625
0.072479248046875 -0.393951416015625 -0.00202178955078125 0.0976638793945312
0.32421875 -0.319976806640625 -0.0450820922851562 0.128570556640625
0.518951416015625 -0.050994873046875 -0.157089233398437 0.0193939208984375
0.432159423828125 0.459136962890625 -0.165939331054687 -0.115997314453125
0.13165283203125 0.60675048828125 -0.00469970703124997 -0.2066650390625
-0.1719970703125 0.70233154296875 0.114395141601563 -0.158706665039062
-0.0823364257812501 0.6568603515625 -0.170135498046875 0.23077392578125
0.172943115234375 0.551605224609375 0.0207672119140625 0.195877075195313
0.479736328125 0.32073974609375 0.104598999023438 0.0302352905273438
0.4605712890625 -0.0472412109375 0.00629091262817386 -0.00287008285522461
0.316070556640625 -0.287445068359375 -0.00656890869140624 0.0613059997558593
0.05029296875 -0.373870849609375 -0.022918701171875 0.12762451171875
-0.09710693359375 -0.3470458984375 0.0438690185546875 0.15618896484375
-0.0615234375 -0.379730224609375 0.0958709716796875 0.1697998046875
-0.085052490234375 -0.378265380859375 0.0924072265625 0.17706298828125
0.08123779296875 -0.33563232421875 0.000793457031250002 0.219131469726562
0.2879638671875 -0.26043701171875 -0.0718536376953125 0.199935913085938
0.438507080078125 -0.0218505859375 -0.170989990234375 0.0675811767578125
0.35504150390625 0.410369873046875 -0.144332885742187 -0.0688018798828125
0.0998229980468751 0.53265380859375 0.03631591796875 -0.0789260864257812
-0.16217041015625 0.6396484375 0.0508193969726562 0.0464096069335938
-0.0383300781249999 0.511749267578125 -0.2010498046875 0.422271728515625
0.160980224609375 0.41790771484375 0.05609130859375 0.321990966796875
0.364288330078125 0.2210693359375 0.10565185546875 0.0625686645507813
0.330291748046875 -0.049774169921875 -0.0131721496582031 0.0376014709472656
0.226181030273438 -0.20904541015625 -0.0421295166015625 0.118583679199219
0.042877197265625 -0.275787353515625 -0.0261688232421875 0.2255859375
-0.0590362548828125 -0.253982543945313 0.0936431884765625 0.269287109375
-0.03521728515625 -0.278533935546875 0.14349365234375 0.272369384765625
-0.044219970703125 -0.279327392578125 0.131256103515625 0.284912109375
0.0748291015625 -0.22607421875 -0.00280761718749998 0.30322265625
0.207534790039063 -0.160400390625 -0.0965576171875 0.234222412109375
0.287445068359375 0.0111083984375 -0.170150756835938 0.095062255859375
0.219451904296875 0.293701171875 -0.113395690917969 -0.0305862426757812
0.052642822265625 0.369842529296875 0.0623283386230469 0.0317039489746094
-0.125030517578125 0.4765625 -0.009429931640625 0.219757080078125
0.010040283203125 0.28509521484375 -0.2176513671875 0.56475830078125
0.12176513671875 0.219711303710938 0.077301025390625 0.42218017578125
0.192230224609375 0.0852508544921875 0.104995727539063 0.097808837890625
0.14801025390625 -0.044158935546875 -0.0135345458984375 0.0690689086914063
0.09954833984375 -0.0985946655273438 -0.0634307861328125 0.14605712890625
0.0276565551757813 -0.132987976074219 -0.026824951171875 0.279373168945313
-0.0117874145507813 -0.120635986328125 0.12481689453125 0.337432861328125
-0.00476837158203124 -0.134796142578125 0.170440673828125 0.333526611328125
0.00119018554687501 -0.140899658203125 0.147979736328125 0.349212646484375
0.0562362670898438 -0.0936203002929687 -0.00891113281249998 0.3404541015625
0.102737426757813 -0.0514068603515625 -0.113037109375 0.232421875
0.1121826171875 0.0290756225585938 -0.1580810546875 0.102767944335938
0.0768661499023437 0.139701843261719 -0.0829620361328125 -0.00697326660156249
0.0152587890625 0.166900634765625 0.0709304809570313 0.106689453125
-0.061737060546875 0.252838134765625 -0.053955078125 0.33843994140625
-0.0590553283691406 0.0116119384765625 0.018524169921875 -0.436553955078125
-0.0166168212890625 0.0509872436523438 -0.093536376953125 -0.20074462890625
0.0542144775390625 0.0361328125 0.0534248352050781 0.0133438110351563
0.0657730102539063 -0.0102958679199219 0.149139404296875 -0.074554443359375
0.0194892883300781 -0.0587310791015625 0.147491455078125 -0.195220947265625
-0.0369758605957031 -0.0345611572265625 0.027008056640625 -0.333648681640625
-0.0518150329589844 -0.0239334106445312 -0.165557861328125 -0.364227294921875
-0.0294513702392578 -0.0224533081054688 -0.1910400390625 -0.342803955078125
-0.0368766784667969 -0.0048675537109375 -0.153228759765625 -0.352783203125
-0.0126571655273438 -0.0332736968994141 -0.00717163085937499 -0.314300537109375
0.0255508422851563 -0.0241947174072266 0.045654296875 -0.16717529296875
0.0488853454589844 0.0169906616210938 -0.00885009765624999 -0.114028930664063
-0.0171737670898438 0.0403366088867188 -0.103424072265625 -0.179885864257813
-0.035614013671875 0.00968551635742188 -0.102569580078125 -0.415069580078125
-0.0377998352050781 -0.0438766479492187 0.27349853515625 -0.61456298828125
-0.108367919921875 0.263092041015625 -0.000335693359375037 -0.416351318359375
0.00730895996093751 0.245986938476563 -0.09466552734375 -0.198944091796875
0.189743041992188 0.177871704101563 0.052276611328125 0.00122833251953126
0.2188720703125 0.0064697265625 0.124977111816406 -0.071685791015625
0.143112182617188 -0.142730712890625 0.13970947265625 -0.166610717773438
-0.00794982910156249 -0.1727294921875 0.024322509765625 -0.294097900390625
-0.0901031494140625 -0.166351318359375 -0.15252685546875 -0.325042724609375
-0.0586090087890625 -0.186630249023438 -0.165191650390625 -0.30145263671875
-0.0803375244140625 -0.171600341796875 -0.133026123046875 -0.3154296875
0.01544189453125 -0.186920166015625 -0.0096435546875 -0.265289306640625
0.146041870117188 -0.14776611328125 0.0338134765625 -0.125274658203125
0.240478515625 -0.00653076171875 -0.0441741943359375 -0.110107421875
0.151168823242187 0.210250854492188 -0.127395629882813 -0.194503784179687
0.020538330078125 0.242462158203125 -0.094512939453125 -0.435150146484375
-0.068328857421875 0.251358032226563 0.18328857421875 -0.65057373046875
-0.0675048828125 0.50567626953125 -0.087158203125 -0.32354736328125
0.10516357421875 0.416229248046875 -0.109428405761719 -0.139984130859375
0.36572265625 0.248321533203125 0.0609855651855469 -0.0163917541503906
0.361846923828125 -0.040069580078125 0.0902481079101563 -0.086151123046875
0.221481323242187 -0.257598876953125 0.09832763671875 -0.1483154296875
-0.0223388671875 -0.297393798828125 -0.0191802978515625 -0.226272583007813
-0.159469604492187 -0.271957397460938 -0.15673828125 -0.2247314453125
-0.125335693359375 -0.3138427734375 -0.144744873046875 -0.199417114257813
-0.157379150390625 -0.298736572265625 -0.121826171875 -0.216094970703125
-0.00164794921874997 -0.321380615234375 -0.03509521484375 -0.16864013671875
0.2156982421875 -0.2877197265625 0.00363540649414063 -0.0563278198242188
0.40509033203125 -0.08673095703125 -0.10101318359375 -0.0725936889648437
0.356964111328125 0.31585693359375 -0.1793212890625 -0.1719970703125
0.136322021484375 0.44110107421875 -0.129150390625 -0.401641845703125
-0.073699951171875 0.510498046875 0.166534423828125 -0.55645751953125
-0.06304931640625 0.6607666015625 -0.110397338867187 -0.164749145507813
0.165985107421875 0.54083251953125 -0.0703659057617187 -0.0541000366210937
0.485931396484375 0.312225341796875 0.0776290893554688 -0.01751708984375
0.467926025390625 -0.0576171875 0.063751220703125 -0.0727157592773438
0.296905517578125 -0.322601318359375 0.0720977783203125 -0.0898208618164063
0.000976562499999988 -0.385589599609375 -0.01544189453125 -0.119316101074219
-0.16693115234375 -0.353912353515625 -0.0868453979492188 -0.11187744140625
-0.12872314453125 -0.401031494140625 -0.0538558959960938 -0.0888519287109375
-0.16461181640625 -0.392364501953125 -0.0384140014648438 -0.100296020507813
0.027740478515625 -0.398040771484375 -0.0116767883300781 -0.0397682189941407
0.287933349609375 -0.349212646484375 -0.0131263732910156 0.038055419921875
0.5115966796875 -0.09906005859375 -0.136459350585938 -0.0261154174804687
0.4605712890625 0.4107666015625 -0.184844970703125 -0.149520874023437
0.17352294921875 0.57781982421875 -0.07330322265625 -0.32757568359375
-0.10626220703125 0.67974853515625 0.150360107421875 -0.381591796875
-0.0892944335937501 0.7178955078125 -0.134490966796875 0.0281448364257813
0.17919921875 0.5989990234375 -0.0214729309082031 0.0638084411621094
0.529327392578125 0.3525390625 0.0960006713867188 -0.00180816650390623
0.512786865234375 -0.053497314453125 0.0348091125488282 -0.04473876953125
0.342803955078125 -0.3338623046875 0.0355644226074219 -0.0148391723632813
0.034149169921875 -0.41656494140625 -0.0159740447998047 0.00673103332519529
-0.138885498046875 -0.385650634765625 -0.0163116455078125 0.0245819091796875
-0.100250244140625 -0.429656982421875 0.0321159362792969 0.0414276123046875
-0.132781982421875 -0.42437744140625 0.0382347106933594 0.0386734008789062
0.0634765625 -0.403167724609375 0.0018463134765625 0.100021362304687
0.320770263671875 -0.3365478515625 -0.039947509765625 0.132575988769531
0.530853271484375 -0.068511962890625 -0.162017822265625 0.02545166015625
0.458831787109375 0.4552001953125 -0.170547485351562 -0.112869262695313
0.150634765625 0.61724853515625 -0.00909423828124999 -0.213409423828125
-0.1533203125 0.72430419921875 0.114990234375 -0.165756225585937
-0.06414794921875 0.67474365234375 -0.167617797851563 0.240936279296875
0.19500732421875 0.5584716796875 0.027496337890625 0.200225830078125
0.50323486328125 0.31201171875 0.106842041015625 0.0232086181640625
0.46905517578125 -0.063873291015625 0.00652837753295901 -0.00638198852539063
0.312713623046875 -0.305023193359375 -0.0064735412597656 0.0601997375488281
0.039459228515625 -0.382171630859375 -0.0198135375976563 0.132644653320312
-0.1087646484375 -0.350616455078125 0.0487518310546875 0.16156005859375
-0.077362060546875 -0.38812255859375 0.103866577148438 0.169525146484375
-0.100830078125 -0.383270263671875 0.100906372070313 0.174530029296875
0.0733642578125 -0.344329833984375 0.00892639160156253 0.224319458007812
0.28546142578125 -0.273956298828125 -0.06634521484375 0.205825805664062
0.447418212890625 -0.0362548828125 -0.174026489257812 0.07470703125
0.378326416015625 0.408203125 -0.147323608398437 -0.06591796875
0.1148681640625 0.54168701171875 0.0353927612304688 -0.0844802856445312
-0.14691162109375 0.65972900390625 0.0540618896484375 0.0445632934570313
-0.0225830078125001 0.52557373046875 -0.192657470703125 0.43682861328125
0.17901611328125 0.423858642578125 0.068206787109375 0.328338623046875
0.38214111328125 0.213958740234375 0.110031127929688 0.0574951171875
0.336456298828125 -0.06158447265625 -0.0116462707519531 0.0353927612304687
0.224395751953125 -0.223052978515625 -0.0416793823242188 0.120376586914063
0.03509521484375 -0.283294677734375 -0.02093505859375 0.233489990234375
-0.066864013671875 -0.257049560546875 0.10479736328125 0.27435302734375
-0.047637939453125 -0.28436279296875 0.15814208984375 0.273040771484375
-0.055328369140625 -0.28411865234375 0.145538330078125 0.283172607421875
0.0701751708984375 -0.23321533203125 0.00802612304687503 0.311676025390625
0.205734252929688 -0.168685913085938 -0.091033935546875 0.241348266601562
0.293304443359375 0.001800537109375 -0.1707763671875 0.102935791015625
0.235443115234375 0.29156494140625 -0.114158630371094 -0.027099609375
0.063262939453125 0.376312255859375 0.0648612976074219 0.027008056640625
-0.113250732421875 0.492584228515625 -0.00335693359374999 0.223373413085938
0.018890380859375 0.2923583984375 -0.2052001953125 0.58087158203125
0.13201904296875 0.220916748046875 0.0947265625 0.4296875
0.201248168945313 0.082427978515625 0.111770629882813 0.095794677734375
0.1512451171875 -0.049560546875 -0.0102577209472656 0.0680694580078125
0.0990829467773438 -0.105209350585938 -0.0624237060546875 0.14898681640625
0.0237884521484375 -0.137786865234375 -0.019744873046875 0.288665771484375
-0.0154876708984375 -0.122634887695313 0.140716552734375 0.343475341796875
-0.0106124877929687 -0.137664794921875 0.18780517578125 0.334869384765625
-0.00476074218750001 -0.144454956054688 0.165740966796875 0.349639892578125
0.0546112060546875 -0.0964431762695313 0.00366210937499999 0.349945068359375
0.1015625 -0.0544967651367188 -0.109130859375 0.240509033203125
0.114891052246094 0.0257110595703125 -0.156997680664063 0.109970092773437
0.0840072631835938 0.138763427734375 -0.0832901000976563 -0.00419616699218748
0.0211181640625 0.169891357421875 0.0757675170898437 0.1033935546875
-0.054931640625 0.262298583984375 -0.0452880859375 0.343963623046875
-0.0594024658203125 0.0150947570800781 -0.00390625000000002 -0.44036865234375
-0.0157051086425781 0.0522727966308594 -0.106201171875 -0.196395874023438
0.0541915893554687 0.0338821411132813 0.0533180236816406 0.00870132446289063
0.065826416015625 -0.0138931274414063 0.14434814453125 -0.0827178955078125
0.0168647766113281 -0.0601043701171875 0.1392822265625 -0.204925537109375
-0.0383529663085938 -0.0318183898925781 0.00970458984374997 -0.340423583984375
-0.0533294677734375 -0.0211982727050781 -0.187164306640625 -0.35931396484375
-0.0305309295654297 -0.0223503112792969 -0.214080810546875 -0.334259033203125
-0.0353775024414063 -0.00241470336914063 -0.17523193359375 -0.346923828125
-0.0142784118652344 -0.0327053070068359 -0.023468017578125 -0.318695068359375
0.0245246887207031 -0.0264415740966797 0.0402984619140625 -0.1700439453125
0.05010986328125 0.0138206481933594 -0.0166702270507812 -0.112220764160156
-0.0154457092285156 0.0429916381835937 -0.115676879882812 -0.173568725585938
-0.0351219177246094 0.0100383758544922 -0.123291015625 -0.410247802734375
-0.0395584106445313 -0.0440177917480469 0.2479248046875 -0.6290283203125
-0.095611572265625 0.270355224609375 -0.022491455078125 -0.417938232421875
0.01861572265625 0.247467041015625 -0.107681274414063 -0.194580078125
0.198028564453125 0.168289184570313 0.0510406494140625 -0.00518417358398436
0.220489501953125 -0.004608154296875 0.120002746582031 -0.0795440673828125
0.135986328125 -0.150787353515625 0.132064819335938 -0.175338745117188
-0.01605224609375 -0.1715087890625 0.00888061523437502 -0.299560546875
-0.0989227294921875 -0.162918090820312 -0.173065185546875 -0.31854248046875
-0.069915771484375 -0.187652587890625 -0.186065673828125 -0.2950439453125
-0.0892486572265625 -0.169052124023438 -0.153411865234375 -0.3115234375
0.0063323974609375 -0.188812255859375 -0.0245819091796875 -0.26959228515625
0.13995361328125 -0.1566162109375 0.0305938720703125 -0.127983093261719
0.24346923828125 -0.0203704833984375 -0.0530319213867187 -0.106964111328125
0.165069580078125 0.205078125 -0.139938354492188 -0.187576293945313
0.032440185546875 0.24298095703125 -0.115814208984375 -0.432861328125
-0.0560760498046875 0.256881713867188 0.158447265625 -0.66156005859375
-0.044952392578125 0.5115966796875 -0.10504150390625 -0.319488525390625
0.126800537109375 0.41302490234375 -0.119407653808594 -0.134185791015625
0.379364013671875 0.23052978515625 0.0574226379394531 -0.0231819152832031
0.362060546875 -0.058929443359375 0.0838470458984375 -0.0921783447265625
0.2086181640625 -0.270797729492188 0.091156005859375 -0.155929565429688
-0.037353515625 -0.296539306640625 -0.0317535400390625 -0.227691650390625
-0.173263549804688 -0.264968872070313 -0.171279907226563 -0.216354370117188
-0.145172119140625 -0.312408447265625 -0.159439086914062 -0.19281005859375
-0.173614501953125 -0.292694091796875 -0.137542724609375 -0.213211059570313
-0.017120361328125 -0.32391357421875 -0.044525146484375 -0.170196533203125
0.2039794921875 -0.301605224609375 0.00301742553710939 -0.0578384399414063
0.405059814453125 -0.10894775390625 -0.108856201171875 -0.0666732788085937
0.37921142578125 0.3006591796875 -0.188674926757812 -0.162734985351563
0.156890869140625 0.43798828125 -0.146484375 -0.39801025390625
-0.048736572265625 0.51910400390625 0.14605712890625 -0.56634521484375
-0.03192138671875 0.66900634765625 -0.120391845703125 -0.159194946289062
0.19451904296875 0.535675048828125 -0.0751266479492188 -0.0493927001953125
0.505340576171875 0.28875732421875 0.0746612548828125 -0.0264358520507812
0.467437744140625 -0.08184814453125 0.0581436157226563 -0.079071044921875
0.281646728515625 -0.342041015625 0.0669784545898438 -0.09527587890625
-0.019378662109375 -0.387481689453125 -0.0218429565429687 -0.119049072265625
-0.18463134765625 -0.34832763671875 -0.0941162109375 -0.105186462402344
-0.15350341796875 -0.401580810546875 -0.060943603515625 -0.087005615234375
-0.18609619140625 -0.387451171875 -0.0479736328125 -0.101127624511719
0.00799560546874998 -0.401763916015625 -0.0134506225585937 -0.0404891967773438
0.2735595703125 -0.3651123046875 -0.00947952270507811 0.0378837585449219
0.511688232421875 -0.1270751953125 -0.141525268554687 -0.017578125
0.4871826171875 0.391326904296875 -0.191940307617188 -0.140609741210938
0.20123291015625 0.57464599609375 -0.08843994140625 -0.327545166015625
-0.072509765625 0.69036865234375 0.13641357421875 -0.39178466796875
-0.0526123046875 0.72650146484375 -0.135208129882813 0.03515625
0.2119140625 0.59417724609375 -0.0188446044921875 0.0668373107910157
0.551666259765625 0.326812744140625 0.094085693359375 -0.0110397338867187
0.514678955078125 -0.079315185546875 0.0325241088867188 -0.0507125854492188
0.326873779296875 -0.354522705078125 0.0333271026611328 -0.0189170837402344
0.012969970703125 -0.4195556640625 -0.0157737731933594 0.00789356231689451
-0.159088134765625 -0.38250732421875 -0.0152816772460938 0.0284175872802734
-0.12615966796875 -0.430938720703125 0.0336341857910156 0.0393524169921875
-0.158233642578125 -0.420562744140625 0.0390586853027344 0.0338783264160156
0.043212890625 -0.40869140625 0.0081634521484375 0.100814819335937
0.30535888671875 -0.35589599609375 -0.0325546264648437 0.134490966796875
0.532379150390625 -0.0975341796875 -0.16497802734375 0.0343017578125
0.488677978515625 0.4351806640625 -0.1759033203125 -0.105209350585938
0.179931640625 0.61456298828125 -0.0186920166015625 -0.2164306640625
-0.11566162109375 0.73974609375 0.108978271484375 -0.173309326171875
-0.02935791015625 0.68267822265625 -0.158035278320313 0.25079345703125
0.226409912109375 0.553863525390625 0.037933349609375 0.201553344726563
0.525604248046875 0.28656005859375 0.107925415039063 0.0146102905273438
0.469757080078125 -0.089019775390625 0.00558376312255862 -0.0109224319458008
0.298004150390625 -0.325897216796875 -0.0059852600097656 0.0590591430664062
0.019134521484375 -0.386810302734375 -0.0139389038085937 0.136451721191406
-0.127166748046875 -0.34735107421875 0.0589141845703125 0.163955688476562
-0.10076904296875 -0.388427734375 0.114501953125 0.164688110351562
-0.123016357421875 -0.3818359375 0.110519409179687 0.166854858398437
0.056610107421875 -0.350372314453125 0.0220489501953125 0.226715087890625
0.274444580078125 -0.289794921875 -0.0558013916015625 0.210464477539062
0.449188232421875 -0.060699462890625 -0.173309326171875 0.0849609375
0.404296875 0.389251708984375 -0.14984130859375 -0.0591125488281249
0.1414794921875 0.540557861328125 0.0320510864257813 -0.090057373046875
-0.11383056640625 0.675537109375 0.0570297241210937 0.0414543151855469
0.00363159179687501 0.53173828125 -0.172943115234375 0.447967529296875
0.203338623046875 0.418670654296875 0.086212158203125 0.32794189453125
0.398712158203125 0.197265625 0.114059448242188 0.0507965087890625
0.336761474609375 -0.077972412109375 -0.00972938537597654 0.0327472686767578
0.213836669921875 -0.238327026367188 -0.0382614135742187 0.121894836425781
0.02044677734375 -0.287353515625 -0.00962829589843748 0.239227294921875
-0.079437255859375 -0.255889892578125 0.121368408203125 0.275131225585938
-0.0643310546875 -0.285125732421875 0.175674438476563 0.265792846679688
-0.071533203125 -0.283538818359375 0.16241455078125 0.275009155273438
0.0592041015625 -0.237396240234375 0.026336669921875 0.31439208984375
0.198028564453125 -0.179183959960938 -0.0796051025390625 0.247772216796875
0.295013427734375 -0.0135498046875 -0.16693115234375 0.112899780273437
0.2542724609375 0.279998779296875 -0.114654541015625 -0.0227508544921875
0.08074951171875 0.37567138671875 0.0667495727539062 0.0201301574707031
-0.088226318359375 0.504638671875 0.00733947753906247 0.223007202148438
0.033843994140625 0.295074462890625 -0.17840576171875 0.593994140625
0.144607543945313 0.217178344726563 0.11859130859375 0.428009033203125
0.209579467773438 0.073822021484375 0.118431091308594 0.0902328491210938
0.1507568359375 -0.057586669921875 -0.00579071044921874 0.0652580261230469
0.0939407348632813 -0.1121826171875 -0.0579376220703125 0.151596069335938
0.0164642333984375 -0.140449523925781 -0.005889892578125 0.29583740234375
-0.0209426879882813 -0.122894287109375 0.16180419921875 0.341827392578125
-0.0190277099609375 -0.138099670410156 0.2100830078125 0.326934814453125
-0.0138397216796875 -0.144943237304688 0.188140869140625 0.341094970703125
0.0503997802734375 -0.100059509277344 0.022918701171875 0.353485107421875
0.0984725952148438 -0.058685302734375 -0.098297119140625 0.248016357421875
0.116058349609375 0.0203857421875 -0.1513671875 0.118896484375
0.0931015014648438 0.133049011230469 -0.0820999145507812 -0.00092315673828123
0.0289306640625 0.169586181640625 0.0805282592773437 0.0966262817382813
-0.0416717529296875 0.26898193359375 -0.030181884765625 0.34722900390625
-0.0573196411132812 0.0177383422851563 -0.02545166015625 -0.432830810546875
-0.013702392578125 0.0525703430175781 -0.116500854492187 -0.187744140625
0.0533409118652344 0.032012939453125 0.0512428283691406 0.00450897216796875
0.0641288757324219 -0.0169029235839844 0.136177062988281 -0.0881118774414063
0.0137596130371094 -0.0597152709960938 0.127227783203125 -0.209060668945313
-0.0381660461425781 -0.0279617309570312 -0.00772094726562504 -0.338409423828125
-0.0533180236816406 -0.0179634094238281 -0.205596923828125 -0.3438720703125
-0.03155517578125 -0.0216770172119141 -0.23126220703125 -0.31695556640625
-0.0332603454589844 -0.00101852416992187 -0.192840576171875 -0.33209228515625
-0.0159721374511719 -0.0308170318603516 -0.042083740234375 -0.3153076171875
0.0224075317382813 -0.0284309387207031 0.033599853515625 -0.169204711914062
0.0501213073730469 0.01007080078125 -0.023193359375 -0.107109069824219
-0.0127906799316406 0.0442695617675781 -0.124481201171875 -0.162384033203125
-0.0340652465820313 0.00957107543945313 -0.139678955078125 -0.396942138671875
-0.0412445068359375 -0.0426521301269531 0.218505859375 -0.6285400390625
-0.0808563232421875 0.270263671875 -0.04327392578125 -0.408172607421875
0.0296783447265625 0.242233276367188 -0.117828369140625 -0.184768676757812
0.201858520507812 0.156097412109375 0.0479049682617188 -0.0102806091308594
0.216888427734375 -0.014862060546875 0.111778259277344 -0.0840835571289063
0.12646484375 -0.155059814453125 0.121551513671875 -0.180313110351563
-0.023773193359375 -0.166641235351563 -0.00628662109375002 -0.297760009765625
-0.105255126953125 -0.155349731445313 -0.188873291015625 -0.3043212890625
-0.0795440673828125 -0.182846069335938 -0.201797485351563 -0.27984619140625
-0.095733642578125 -0.162384033203125 -0.17071533203125 -0.299530029296875
-0.00280761718749999 -0.186187744140625 -0.038909912109375 -0.266326904296875
0.130203247070313 -0.16253662109375 0.0259628295898438 -0.128166198730469
0.238677978515625 -0.0332489013671875 -0.0595626831054687 -0.100296020507813
0.173736572265625 0.1944580078125 -0.147674560546875 -0.176712036132813
0.0424957275390625 0.237335205078125 -0.1319580078125 -0.41937255859375
-0.042724609375 0.255233764648438 0.1295166015625 -0.65679931640625
-0.020477294921875 0.504791259765625 -0.119415283203125 -0.30804443359375
0.143768310546875 0.400054931640625 -0.125328063964844 -0.12335205078125
0.384765625 0.207733154296875 0.0536270141601563 -0.0288352966308594
0.352813720703125 -0.074676513671875 0.07611083984375 -0.096160888671875
0.191390991210938 -0.276626586914063 0.08148193359375 -0.1585693359375
-0.049560546875 -0.288726806640625 -0.0426483154296875 -0.223373413085938
-0.183258056640625 -0.252700805664062 -0.180892944335938 -0.202072143554688
-0.16162109375 -0.303009033203125 -0.169723510742188 -0.180709838867188
-0.185943603515625 -0.280136108398438 -0.150283813476563 -0.203704833984375
-0.032958984375 -0.317718505859375 -0.05303955078125 -0.166717529296875
0.186798095703125 -0.308074951171875 0.00236892700195314 -0.05853271484375
0.39398193359375 -0.1290283203125 -0.113243103027344 -0.057891845703125
0.389251708984375 0.27728271484375 -0.193496704101562 -0.149810791015625
0.17401123046875 0.425506591796875 -0.162109375 -0.385833740234375
-0.02203369140625 0.513763427734375 0.120361328125 -0.56439208984375
0.00286865234375003 0.6588134765625 -0.126235961914063 -0.149887084960937
0.217742919921875 0.5159912109375 -0.077423095703125 -0.0424957275390625
0.51129150390625 0.257354736328125 0.0693359375 -0.0328178405761719
0.457550048828125 -0.10302734375 0.0508270263671875 -0.0827407836914063
0.259429931640625 -0.35107421875 0.0593948364257813 -0.0990142822265625
-0.037750244140625 -0.3787841796875 -0.02789306640625 -0.116989135742188
-0.198577880859375 -0.334228515625 -0.0984039306640625 -0.0956344604492188
-0.17431640625 -0.39044189453125 -0.06695556640625 -0.0825729370117188
-0.204864501953125 -0.37225341796875 -0.0554046630859375 -0.0991668701171875
-0.01080322265625 -0.39508056640625 -0.015533447265625 -0.0396270751953125
0.251678466796875 -0.3756103515625 -0.00561904907226561 0.0366172790527344
0.49920654296875 -0.152069091796875 -0.143997192382812 -0.00837707519531254
0.502838134765625 0.359283447265625 -0.195388793945312 -0.128875732421875
0.224761962890625 0.557952880859375 -0.10186767578125 -0.321136474609375
-0.0379638671875001 0.68359375 0.1182861328125 -0.392059326171875
-0.0149536132812501 0.71710205078125 -0.132072448730469 0.0412139892578125
0.23785400390625 0.57452392578125 -0.0155677795410156 0.0679855346679688
0.561248779296875 0.291595458984375 0.09014892578125 -0.0189743041992187
0.5020751953125 -0.10528564453125 0.027069091796875 -0.0551528930664063
0.3021240234375 -0.3670654296875 0.0303192138671875 -0.0216827392578125
-0.00808715820312504 -0.413848876953125 -0.0156488418579102 0.0098304748535156
-0.17401123046875 -0.36737060546875 -0.0124454498291016 0.0321254730224609
-0.150390625 -0.42022705078125 0.0338592529296875 0.0367660522460937
-0.1783447265625 -0.40679931640625 0.0380973815917969 0.0287666320800781
0.021728515625 -0.40435791015625 0.0136871337890625 0.0987930297851562
0.28448486328125 -0.365081787109375 -0.0236587524414062 0.133766174316406
0.519378662109375 -0.1248779296875 -0.163406372070312 0.0445556640625
0.504791259765625 0.4024658203125 -0.176849365234375 -0.095458984375
0.2049560546875 0.60076904296875 -0.0281524658203125 -0.215286254882812
-0.078125 0.73516845703125 0.10040283203125 -0.176300048828125
0.00457763671875007 0.67376708984375 -0.143600463867188 0.252914428710938
0.250244140625 0.53460693359375 0.0486297607421875 0.1976318359375
0.533416748046875 0.25537109375 0.106025695800781 0.00564575195312501
0.4583740234375 -0.1109619140625 0.00394153594970706 -0.0156011581420899
0.276397705078125 -0.337860107421875 -0.00482940673828123 0.0564079284667969
-0.000579833984374967 -0.380828857421875 -0.00647735595703126 0.137763977050781
-0.1416015625 -0.336456298828125 0.0681304931640625 0.16162109375
-0.122100830078125 -0.37939453125 0.1214599609375 0.155059814453125
-0.142181396484375 -0.369415283203125 0.116714477539062 0.156356811523437
0.0386962890625 -0.34613037109375 0.034759521484375 0.222763061523437
0.256103515625 -0.298614501953125 -0.043914794921875 0.209182739257812
0.439697265625 -0.082733154296875 -0.168121337890625 0.093170166015625
0.42010498046875 0.361846923828125 -0.148483276367187 -0.05230712890625
0.163909912109375 0.526123046875 0.027069091796875 -0.09417724609375
-0.0775146484375 0.67156982421875 0.0579071044921875 0.0362548828125
0.0298461914062501 0.5252685546875 -0.149200439453125 0.448028564453125
0.220062255859375 0.40203857421875 0.103668212890625 0.31976318359375
0.40545654296875 0.1729736328125 0.115653991699219 0.0417098999023438
0.32977294921875 -0.095245361328125 -0.00841522216796873 0.0279903411865234
0.19873046875 -0.24774169921875 -0.0338821411132812 0.119438171386719
0.00500488281249998 -0.283843994140625 0.0025634765625 0.2388916015625
-0.0897674560546875 -0.248550415039063 0.137008666992187 0.267120361328125
-0.0796356201171875 -0.278488159179688 0.188247680664062 0.251739501953125
-0.0865325927734375 -0.274948120117188 0.174407958984375 0.259109497070313
0.04681396484375 -0.235916137695313 0.0445556640625 0.309173583984375
0.185882568359375 -0.185440063476563 -0.0658721923828125 0.247894287109375
0.289947509765625 -0.0283203125 -0.15911865234375 0.119384765625
0.265426635742187 0.260650634765625 -0.112648010253906 -0.0183639526367187
0.0970458984375 0.3668212890625 0.0659370422363281 0.0126571655273438
-0.062042236328125 0.502716064453125 0.0167236328125 0.217636108398438
0.047454833984375 0.290802001953125 -0.14727783203125 0.5908203125
0.15362548828125 0.207138061523438 0.140899658203125 0.415740966796875
0.211837768554688 0.06134033203125 0.122749328613281 0.0819931030273438
0.146774291992188 -0.0642852783203125 -0.00178909301757812 0.0603485107421875
0.0867080688476563 -0.11676025390625 -0.0524444580078125 0.1514892578125
0.00842285156249999 -0.139877319335938 0.00897216796874998 0.295135498046875
-0.0256423950195313 -0.12030029296875 0.179931640625 0.330780029296875
-0.0265350341796875 -0.134651184082031 0.22686767578125 0.3095703125
-0.022308349609375 -0.1414794921875 0.2030029296875 0.324432373046875
0.0453109741210938 -0.100494384765625 0.044158935546875 0.34808349609375
0.0939559936523438 -0.0614547729492188 -0.0846405029296875 0.249725341796875
0.115211486816406 0.0145111083984375 -0.141799926757812 0.124404907226563
0.0990219116210938 0.123878479003906 -0.0798797607421875 0.00174713134765627
0.0367279052734375 0.16510009765625 0.0822982788085938 0.087554931640625
-0.02703857421875 0.268341064453125 -0.014678955078125 0.341094970703125
-0.0547981262207031 0.018096923828125 -0.039031982421875 -0.4180908203125
-0.0129318237304687 0.0519218444824219 -0.12054443359375 -0.177093505859375
0.0515365600585938 0.0309944152832031 0.0488967895507813 0.00157546997070313
0.0618209838867188 -0.0173301696777344 0.127861022949219 -0.0893478393554688
0.0116119384765625 -0.0574264526367188 0.117889404296875 -0.208160400390625
-0.0366096496582031 -0.0252456665039063 -0.019378662109375 -0.331756591796875
-0.0523185729980469 -0.0150527954101562 -0.21435546875 -0.327178955078125
-0.0316219329833984 -0.0212345123291016 -0.23809814453125 -0.29986572265625
-0.0308971405029297 -0.000635147094726556 -0.200103759765625 -0.31719970703125
-0.0164318084716797 -0.0296630859375 -0.05267333984375 -0.30792236328125
0.0208339691162109 -0.029266357421875 0.0294342041015625 -0.166275024414063
0.0489044189453125 0.00796127319335938 -0.0271835327148437 -0.10107421875
-0.0108985900878906 0.0440864562988281 -0.127685546875 -0.151290893554688
-0.0340557098388672 0.00865554809570313 -0.1470947265625 -0.378997802734375
-0.0412788391113281 -0.0411567687988281 0.1995849609375 -0.615966796875
-0.0702056884765625 0.263748168945313 -0.0545654296875 -0.394256591796875
0.0348663330078125 0.234817504882812 -0.121856689453125 -0.173416137695312
0.200668334960938 0.146759033203125 0.0441017150878906 -0.0133895874023437
0.21087646484375 -0.0203094482421875 0.104072570800781 -0.0855712890625
0.11810302734375 -0.154373168945313 0.112686157226563 -0.180374145507813
-0.026123046875 -0.159942626953125 -0.01629638671875 -0.291717529296875
-0.106857299804687 -0.147918701171875 -0.195281982421875 -0.289093017578125
-0.0857391357421875 -0.176956176757812 -0.208282470703125 -0.264633178710937
-0.0974884033203125 -0.1558837890625 -0.17901611328125 -0.28570556640625
-0.00863647460937501 -0.180633544921875 -0.047698974609375 -0.260345458984375
0.121734619140625 -0.16339111328125 0.0235519409179688 -0.12628173828125
0.2320556640625 -0.040863037109375 -0.0634536743164062 -0.0931396484375
0.17694091796875 0.183990478515625 -0.1492919921875 -0.165435791015625
0.047760009765625 0.229354858398438 -0.138824462890625 -0.403106689453125
-0.0341949462890625 0.249191284179688 0.1136474609375 -0.6429443359375
-0.00375366210937501 0.49053955078125 -0.12518310546875 -0.293914794921875
0.151763916015625 0.3843994140625 -0.12628173828125 -0.114242553710938
0.379730224609375 0.1904296875 0.0479202270507813 -0.0315093994140625
0.34185791015625 -0.0823974609375 0.06793212890625 -0.0973587036132813
0.177154541015625 -0.275344848632813 0.073822021484375 -0.158416748046875
-0.05596923828125 -0.27734375 -0.0488128662109375 -0.217697143554688
-0.185958862304688 -0.24029541015625 -0.182907104492187 -0.188995361328125
-0.170379638671875 -0.29144287109375 -0.173416137695313 -0.169097900390625
-0.189727783203125 -0.266937255859375 -0.15643310546875 -0.193405151367188
-0.0411376953125 -0.308319091796875 -0.0582733154296875 -0.1627197265625
0.172760009765625 -0.306640625 0.00279998779296875 -0.05902099609375
0.38116455078125 -0.139068603515625 -0.114433288574219 -0.04937744140625
0.390594482421875 0.25604248046875 -0.192291259765625 -0.140380859375
0.181396484375 0.410491943359375 -0.167938232421875 -0.37237548828125
-0.00714111328124999 0.501861572265625 0.10546875 -0.5523681640625
0.0223388671874999 0.6400146484375 -0.12823486328125 -0.140609741210937
0.22509765625 0.49688720703125 -0.0769577026367187 -0.037261962890625
0.505584716796875 0.23443603515625 0.0640106201171875 -0.03704833984375
0.441162109375 -0.11505126953125 0.0432510375976563 -0.0842132568359375
0.24114990234375 -0.349822998046875 0.053924560546875 -0.0995025634765625
-0.047943115234375 -0.364776611328125 -0.0313339233398438 -0.112968444824219
-0.203887939453125 -0.31915283203125 -0.0987701416015625 -0.0876007080078125
-0.18585205078125 -0.377288818359375 -0.069732666015625 -0.0771102905273438
-0.211181640625 -0.35650634765625 -0.0612106323242187 -0.0955429077148438
-0.021881103515625 -0.3843994140625 -0.0157508850097656 -0.0392684936523438
0.23443603515625 -0.37530517578125 -0.00262069702148436 0.0346202850341797
0.482818603515625 -0.164764404296875 -0.142929077148437 -0.000518798828125041
0.50384521484375 0.334716796875 -0.193313598632812 -0.120010375976562
0.23382568359375 0.5374755859375 -0.107452392578125 -0.311248779296875
-0.0165405273437499 0.66680908203125 0.1070556640625 -0.38525390625
0.00604248046875008 0.69873046875 -0.127449035644531 0.044158935546875
0.248992919921875 0.551788330078125 -0.0121803283691406 0.0681304931640625
0.55584716796875 0.26568603515625 0.0858154296875 -0.0246047973632812
0.48577880859375 -0.117645263671875 0.0218429565429688 -0.0574684143066406
0.281463623046875 -0.367828369140625 0.0269756317138672 -0.0238170623779297
-0.0218505859375 -0.3997802734375 -0.0141763687133789 0.0107984542846679
-0.18109130859375 -0.353485107421875 -0.00904083251953126 0.0339775085449219
-0.16259765625 -0.4061279296875 0.0334968566894531 0.0348968505859375
-0.188690185546875 -0.390045166015625 0.0343399047851562 0.0255966186523437
0.00988769531250002 -0.394378662109375 0.0183563232421875 0.095672607421875
0.266845703125 -0.3648681640625 -0.0179595947265625 0.129585266113281
0.503814697265625 -0.1380615234375 -0.160781860351563 0.05023193359375
0.507781982421875 0.374664306640625 -0.174530029296875 -0.0890655517578125
0.2171630859375 0.57806396484375 -0.033447265625 -0.212127685546875
-0.05419921875 0.7197265625 0.0936431884765625 -0.175308227539062
0.02484130859375 0.65655517578125 -0.132675170898438 0.2498779296875
0.259368896484375 0.512481689453125 0.055206298828125 0.191940307617188
0.52996826171875 0.230499267578125 0.102897644042969 -0.000785827636718736
0.444793701171875 -0.122650146484375 0.000949859619140654 -0.0191249847412109
0.25787353515625 -0.3404541015625 -0.00542449951171874 0.0537300109863281
-0.0118408203125 -0.369873046875 -0.00154876708984376 0.136528015136719
-0.1470947265625 -0.324462890625 0.07470703125 0.1580810546875
-0.134063720703125 -0.36761474609375 0.123489379882812 0.14666748046875
-0.152618408203125 -0.354400634765625 0.116058349609375 0.145965576171875
0.02874755859375 -0.3380126953125 0.0433502197265625 0.216201782226562
0.241241455078125 -0.298187255859375 -0.0349884033203125 0.205825805664063
0.426422119140625 -0.094146728515625 -0.162796020507812 0.0980377197265625
0.422088623046875 0.336944580078125 -0.14556884765625 -0.04833984375
0.172515869140625 0.5086669921875 0.0227203369140625 -0.0961532592773437
-0.056396484375 0.6572265625 0.0573005676269531 0.0330581665039063
0.044952392578125 0.510894775390625 -0.131866455078125 0.438568115234375
0.226715087890625 0.38531494140625 0.11297607421875 0.3087158203125
0.4024658203125 0.154296875 0.113754272460938 0.0349044799804688
0.318756103515625 -0.103912353515625 -0.00933456420898436 0.0230998992919922
0.184951782226563 -0.248733520507812 -0.0320281982421875 0.116676330566406
-0.0036163330078125 -0.276260375976563 0.0108184814453125 0.235382080078125
-0.094573974609375 -0.240692138671875 0.145858764648438 0.257965087890625
-0.0884552001953125 -0.269577026367187 0.193618774414062 0.238433837890625
-0.0949249267578125 -0.26397705078125 0.17730712890625 0.244415283203125
0.0395965576171875 -0.230606079101562 0.0562744140625 0.300750732421875
0.176223754882812 -0.184844970703125 -0.0560302734375 0.244354248046875
0.281463623046875 -0.03607177734375 -0.152023315429687 0.12261962890625
0.267578125 0.244064331054688 -0.109603881835938 -0.016815185546875
0.103607177734375 0.354156494140625 0.0629463195800781 0.00637054443359377
-0.04498291015625 0.492431640625 0.0208282470703125 0.210113525390625
0.054534912109375 0.28302001953125 -0.1279296875 0.57757568359375
0.155349731445313 0.197525024414063 0.15179443359375 0.4005126953125
0.210189819335938 0.0530853271484375 0.123115539550781 0.0749969482421875
0.1414794921875 -0.067901611328125 -0.00114440917968749 0.0551300048828125
0.0809707641601563 -0.118270874023438 -0.04888916015625 0.148117065429688
0.00347900390624999 -0.136444091796875 0.018280029296875 0.290252685546875
-0.027923583984375 -0.117698669433594 0.190887451171875 0.318572998046875
-0.0308456420898437 -0.130424499511719 0.23162841796875 0.2935791015625
-0.02764892578125 -0.136024475097656 0.209930419921875 0.30560302734375
0.0417022705078125 -0.0988388061523438 0.05633544921875 0.337158203125
0.0896072387695313 -0.061492919921875 -0.07501220703125 0.246566772460938
0.111335754394531 0.0107498168945313 -0.133583068847656 0.125473022460938
0.100608825683594 0.116165161132813 -0.0766677856445313 0.0015106201171875
0.0406951904296875 0.159835815429688 0.0812225341796875 0.0790786743164063
-0.016387939453125 0.263580322265625 -0.00753784179687498 0.330810546875
-0.0534934997558594 0.0176887512207031 -0.04241943359375 -0.407806396484375
-0.0132637023925781 0.0519485473632812 -0.1212158203125 -0.170196533203125
0.0505790710449219 0.0311927795410156 0.0466537475585938 0.000400543212890627
0.0613937377929687 -0.0173721313476562 0.123748779296875 -0.0891647338867187
0.0109939575195313 -0.05560302734375 0.114227294921875 -0.207672119140625
-0.0347137451171875 -0.0237236022949219 -0.02496337890625 -0.328887939453125
-0.0507583618164063 -0.0140113830566406 -0.217620849609375 -0.318603515625
-0.0327377319335938 -0.0208835601806641 -0.24005126953125 -0.289703369140625
-0.0294456481933594 -0.00156211853027343 -0.203216552734375 -0.309173583984375
-0.0169239044189453 -0.0287322998046875 -0.057861328125 -0.30364990234375
0.0196361541748047 -0.029541015625 0.0290679931640625 -0.164520263671875
0.048370361328125 0.0064239501953125 -0.0288009643554687 -0.0961456298828125
-0.00927734375 0.0436172485351563 -0.128585815429688 -0.144058227539063
-0.0341510772705078 0.00697517395019531 -0.14508056640625 -0.368743896484375
-0.0409049987792969 -0.0409431457519531 0.19732666015625 -0.6041259765625
-0.0665130615234375 0.259109497070313 -0.05682373046875 -0.38427734375
0.035888671875 0.230361938476562 -0.121551513671875 -0.1658935546875
0.197830200195313 0.141799926757813 0.0415000915527344 -0.014892578125
0.207382202148438 -0.0216217041015625 0.0994720458984375 -0.08526611328125
0.113906860351563 -0.153091430664063 0.1085205078125 -0.180252075195313
-0.0261993408203125 -0.155990600585938 -0.020477294921875 -0.287811279296875
-0.106353759765625 -0.143875122070312 -0.198089599609375 -0.280303955078125
-0.0885772705078125 -0.173995971679688 -0.210891723632813 -0.255111694335938
-0.097320556640625 -0.152694702148437 -0.183212280273438 -0.2779541015625
-0.0108795166015625 -0.176971435546875 -0.051666259765625 -0.256546020507813
0.117965698242188 -0.163528442382813 0.0237350463867188 -0.126396179199219
0.227752685546875 -0.0434112548828125 -0.0654678344726562 -0.088134765625
0.177658081054688 0.178314208984375 -0.14959716796875 -0.159042358398438
0.04840087890625 0.2244873046875 -0.13818359375 -0.394378662109375
-0.0312347412109375 0.244796752929688 0.11114501953125 -0.63238525390625
0.00122070312500003 0.48187255859375 -0.12481689453125 -0.28521728515625
0.1507568359375 0.37548828125 -0.124969482421875 -0.107994079589844
0.37603759765625 0.18194580078125 0.0444679260253906 -0.033782958984375
0.335174560546875 -0.08465576171875 0.06341552734375 -0.0958786010742188
0.170440673828125 -0.272811889648438 0.0695037841796875 -0.15777587890625
-0.0567474365234375 -0.27093505859375 -0.05181884765625 -0.2138671875
-0.184906005859375 -0.234039306640625 -0.182830810546875 -0.181182861328125
-0.1749267578125 -0.28570556640625 -0.175064086914063 -0.161422729492188
-0.19097900390625 -0.260025024414063 -0.16064453125 -0.18658447265625
-0.043212890625 -0.301605224609375 -0.0600738525390625 -0.15972900390625
0.16656494140625 -0.30535888671875 0.00347137451171876 -0.0597152709960938
0.37347412109375 -0.14215087890625 -0.115089416503906 -0.0439910888671875
0.388427734375 0.248138427734375 -0.19073486328125 -0.13519287109375
0.181884765625 0.40069580078125 -0.167266845703125 -0.36474609375
-0.002166748046875 0.49169921875 0.104248046875 -0.543548583984375
0.029541015625 0.6273193359375 -0.125999450683594 -0.136024475097656
0.2266845703125 0.484588623046875 -0.0746917724609375 -0.0334854125976562
0.4989013671875 0.222808837890625 0.0600509643554688 -0.0392990112304687
0.43341064453125 -0.1170654296875 0.038818359375 -0.0849380493164063
0.23162841796875 -0.3492431640625 0.0504531860351563 -0.0995941162109375
-0.048736572265625 -0.355712890625 -0.0320587158203125 -0.111091613769531
-0.20367431640625 -0.312255859375 -0.0962982177734375 -0.0835037231445313
-0.192291259765625 -0.37030029296875 -0.0710296630859375 -0.0733718872070313
-0.212738037109375 -0.346710205078125 -0.0659027099609375 -0.0920867919921875
-0.024078369140625 -0.376983642578125 -0.0157394409179687 -0.03900146484375
0.226104736328125 -0.3724365234375 -0.000627517700195298 0.03240966796875
0.47314453125 -0.16845703125 -0.142822265625 0.00465393066406246
0.500579833984375 0.323760986328125 -0.190582275390625 -0.11663818359375
0.2349853515625 0.5279541015625 -0.108001708984375 -0.307159423828125
-0.00952148437499993 0.6563720703125 0.104766845703125 -0.37982177734375
0.013916015625 0.68365478515625 -0.124671936035156 0.0446014404296876
0.250640869140625 0.538482666015625 -0.00939178466796873 0.0685615539550781
0.55035400390625 0.2529296875 0.0828170776367188 -0.0286712646484375
0.475860595703125 -0.12042236328125 0.0180473327636719 -0.0594367980957031
0.271453857421875 -0.36688232421875 0.0247364044189453 -0.0251541137695313
-0.0233154296875 -0.391021728515625 -0.0135488510131836 0.0115575790405273
-0.181854248046875 -0.345489501953125 -0.00593185424804688 0.0349483489990234
-0.17041015625 -0.399139404296875 0.0326519012451172 0.0343208312988281
-0.191375732421875 -0.37994384765625 0.0303382873535156 0.0240612030029297
0.00720214843749997 -0.38690185546875 0.0205307006835938 0.0933914184570312
0.25909423828125 -0.3629150390625 -0.0146713256835937 0.126861572265625
0.49395751953125 -0.142120361328125 -0.159469604492187 0.054412841796875
0.504791259765625 0.36102294921875 -0.171524047851562 -0.0871429443359374
0.21759033203125 0.5655517578125 -0.0354766845703125 -0.211181640625
-0.04449462890625 0.70733642578125 0.09185791015625 -0.17315673828125
0.0316772460937501 0.64501953125 -0.128067016601563 0.244583129882813
0.260009765625 0.502899169921875 0.0587005615234375 0.188339233398438
0.524688720703125 0.217315673828125 0.101226806640625 -0.00527191162109374
0.43560791015625 -0.127044677734375 -0.00228309631347654 -0.0222072601318359
0.24847412109375 -0.3397216796875 -0.00650024414062498 0.0518798828125
-0.014739990234375 -0.3621826171875 0.00145721435546875 0.135162353515625
-0.148529052734375 -0.317718505859375 0.0796356201171875 0.155197143554688
-0.139617919921875 -0.360443115234375 0.124252319335937 0.142623901367187
-0.1552734375 -0.3446044921875 0.11383056640625 0.14202880859375
0.024871826171875 -0.33160400390625 0.047454833984375 0.211868286132812
0.23358154296875 -0.295074462890625 -0.0312347412109375 0.201766967773437
0.418670654296875 -0.0977783203125 -0.16058349609375 0.100204467773438
0.419677734375 0.3248291015625 -0.142623901367188 -0.0476226806640625
0.1754150390625 0.49853515625 0.0201568603515625 -0.098785400390625
-0.04864501953125 0.64727783203125 0.0552253723144531 0.0313377380371094
0.048065185546875 0.502410888671875 -0.12603759765625 0.428985595703125
0.22784423828125 0.37689208984375 0.117095947265625 0.300933837890625
0.399749755859375 0.145538330078125 0.113502502441406 0.0306243896484375
0.312347412109375 -0.106201171875 -0.00995445251464842 0.0197696685791016
0.178375244140625 -0.249069213867188 -0.0324020385742187 0.11431884765625
-0.006439208984375 -0.271087646484375 0.014495849609375 0.2340087890625
-0.09503173828125 -0.236328125 0.15057373046875 0.252777099609375
-0.0915985107421875 -0.2646484375 0.1951904296875 0.230850219726562
-0.097686767578125 -0.256317138671875 0.176513671875 0.23736572265625
0.037689208984375 -0.225616455078125 0.0616455078125 0.29534912109375
0.171524047851562 -0.182937622070313 -0.0516510009765625 0.240982055664063
0.276458740234375 -0.038330078125 -0.14825439453125 0.122909545898438
0.266571044921875 0.23492431640625 -0.106651306152344 -0.0175628662109375
0.10662841796875 0.3472900390625 0.0598983764648438 0.00160980224609377
-0.0372314453125 0.4857177734375 0.020263671875 0.20513916015625
0.056365966796875 0.278564453125 -0.12115478515625 0.56329345703125
0.155120849609375 0.193252563476563 0.156005859375 0.390472412109375
0.208847045898438 0.04888916015625 0.123695373535156 0.0703887939453125
0.137992858886719 -0.0694122314453125 -0.00102996826171875 0.0513992309570313
0.0776138305664063 -0.118453979492188 -0.048583984375 0.146011352539063
0.00164031982421876 -0.133926391601563 0.02276611328125 0.288116455078125
-0.0280532836914063 -0.116233825683594 0.196563720703125 0.311004638671875
-0.0317916870117187 -0.127708435058594 0.235931396484375 0.2855224609375
-0.0295562744140625 -0.132026672363281 0.210235595703125 0.296630859375
0.040771484375 -0.0965118408203125 0.062744140625 0.33160400390625
0.0875244140625 -0.0599899291992188 -0.07080078125 0.244384765625
0.109855651855469 0.009796142578125 -0.128929138183594 0.124961853027344
0.100326538085938 0.111045837402344 -0.0756759643554687 0.000183105468749996
0.04168701171875 0.156753540039062 0.0777359008789063 0.0735626220703125
-0.0130462646484375 0.260574340820313 -0.00711059570312497 0.32501220703125
-0.0536537170410156 0.0171585083007812 -0.042022705078125 -0.406097412109375
-0.0136642456054688 0.0529441833496094 -0.12176513671875 -0.166793823242188
0.0502510070800781 0.0325660705566406 0.0461959838867188 -0.000755310058593748
0.0623397827148437 -0.0173377990722656 0.122146606445312 -0.0898895263671875
0.0117034912109375 -0.0552482604980469 0.11212158203125 -0.210647583007813
-0.033538818359375 -0.0237140655517578 -0.02960205078125 -0.331451416015625
-0.0504417419433594 -0.0137290954589844 -0.22308349609375 -0.31768798828125
-0.0326728820800781 -0.0209636688232422 -0.244842529296875 -0.2869873046875
-0.0291271209716797 -0.00256729125976563 -0.20733642578125 -0.307830810546875
-0.0170249938964844 -0.0278606414794922 -0.0621337890625 -0.304931640625
0.0186805725097656 -0.0300579071044922 0.0301666259765625 -0.165756225585938
0.0483474731445313 0.00546646118164063 -0.0301132202148437 -0.0936737060546875
-0.00941085815429687 0.0440139770507813 -0.130416870117187 -0.140609741210938
-0.0356483459472656 0.00587844848632812 -0.146575927734375 -0.36846923828125
-0.0406951904296875 -0.0417861938476563 0.20159912109375 -0.60711669921875
-0.0651092529296875 0.258377075195313 -0.0572509765625 -0.381683349609375
0.0360870361328125 0.23016357421875 -0.12237548828125 -0.162460327148437
0.199661254882812 0.141571044921875 0.0401496887207031 -0.0165443420410156
0.208572387695312 -0.02215576171875 0.0971527099609375 -0.0861358642578125
0.114288330078125 -0.153335571289063 0.107620239257813 -0.18310546875
-0.025115966796875 -0.155258178710938 -0.0242919921875 -0.290557861328125
-0.106857299804688 -0.143173217773438 -0.20257568359375 -0.278121948242188
-0.0926361083984375 -0.17523193359375 -0.21563720703125 -0.252059936523438
-0.0986480712890625 -0.15374755859375 -0.187850952148438 -0.276382446289063
-0.0114593505859375 -0.177032470703125 -0.055755615234375 -0.257720947265625
0.116973876953125 -0.166015625 0.0248641967773438 -0.128036499023438
0.22918701171875 -0.0459136962890625 -0.0674514770507813 -0.0843887329101563
0.179763793945312 0.178421020507812 -0.150039672851562 -0.15655517578125
0.048065185546875 0.224777221679688 -0.138580322265625 -0.39471435546875
-0.0301055908203125 0.244979858398438 0.11383056640625 -0.634033203125
0.00271606445312496 0.479248046875 -0.124603271484375 -0.2833251953125
0.15264892578125 0.374725341796875 -0.12432861328125 -0.103927612304687
0.377288818359375 0.179168701171875 0.0422706604003906 -0.0359840393066406
0.33648681640625 -0.085357666015625 0.060089111328125 -0.0965728759765625
0.16943359375 -0.27484130859375 0.0682373046875 -0.159805297851563
-0.0552978515625 -0.270248413085938 -0.0547027587890625 -0.215652465820313
-0.185882568359375 -0.23431396484375 -0.185028076171875 -0.178390502929688
-0.180572509765625 -0.285888671875 -0.177642822265625 -0.158447265625
-0.1929931640625 -0.2603759765625 -0.165451049804688 -0.18524169921875
-0.04425048828125 -0.302001953125 -0.06243896484375 -0.160552978515625
0.165008544921875 -0.30841064453125 0.00461578369140626 -0.06170654296875
0.37469482421875 -0.1453857421875 -0.11737060546875 -0.0394439697265625
0.390869140625 0.245574951171875 -0.191207885742187 -0.134002685546875
0.18231201171875 0.401458740234375 -0.16802978515625 -0.3665771484375
-9.15527343750421E-05 0.494049072265625 0.106689453125 -0.545196533203125
0.0311279296875001 0.62689208984375 -0.125663757324219 -0.135238647460937
0.229461669921875 0.48248291015625 -0.0736541748046875 -0.0313034057617187
0.503021240234375 0.21820068359375 0.05841064453125 -0.042327880859375
0.434661865234375 -0.118988037109375 0.035186767578125 -0.0863265991210938
0.228729248046875 -0.351226806640625 0.0490341186523438 -0.102149963378906
-0.048431396484375 -0.35626220703125 -0.033050537109375 -0.111991882324219
-0.20465087890625 -0.312347412109375 -0.0959854125976563 -0.0819778442382813
-0.19903564453125 -0.369354248046875 -0.0726852416992188 -0.0714263916015625
-0.216766357421875 -0.3470458984375 -0.0697402954101563 -0.0900421142578125
-0.024993896484375 -0.3763427734375 -0.0161399841308594 -0.0400199890136719
0.22515869140625 -0.37646484375 0.000822067260742204 0.0303249359130859
0.475494384765625 -0.172210693359375 -0.144805908203125 0.00973510742187497
0.5045166015625 0.31878662109375 -0.190994262695313 -0.116714477539062
0.235198974609375 0.529083251953125 -0.109161376953125 -0.309844970703125
-0.00811767578125004 0.66009521484375 0.106109619140625 -0.3812255859375
0.0153808593749999 0.68365478515625 -0.123733520507812 0.0441207885742188
0.254791259765625 0.538330078125 -0.00724411010742185 0.0698699951171875
0.55535888671875 0.24676513671875 0.0813217163085938 -0.0317611694335937
0.478057861328125 -0.12298583984375 0.0137901306152344 -0.0613174438476563
0.26910400390625 -0.371551513671875 0.0230522155761719 -0.0272254943847656
-0.025238037109375 -0.391021728515625 -0.0129861831665039 0.0117416381835937
-0.18365478515625 -0.345977783203125 -0.00305557250976563 0.0359001159667969
-0.176422119140625 -0.399932861328125 0.0325927734375 0.0347766876220703
-0.195709228515625 -0.3780517578125 0.0278472900390625 0.0257606506347656
0.00677490234374999 -0.38720703125 0.022430419921875 0.0931167602539062
0.258087158203125 -0.36651611328125 -0.0128555297851562 0.125923156738281
0.496673583984375 -0.145172119140625 -0.161407470703125 0.0590972900390625
0.5089111328125 0.359039306640625 -0.172027587890625 -0.087799072265625
0.22003173828125 0.5673828125 -0.037506103515625 -0.214553833007812
-0.044677734375 0.71063232421875 0.0916595458984375 -0.173873901367187
0.0326538085937499 0.64642333984375 -0.127487182617187 0.242752075195313
0.26458740234375 0.501678466796875 0.0618743896484375 0.188644409179688
0.528533935546875 0.21295166015625 0.10113525390625 -0.00834655761718749
0.436767578125 -0.129913330078125 -0.00482749938964841 -0.0247287750244141
0.245513916015625 -0.34356689453125 -0.00746536254882811 0.0504722595214844
-0.016357421875 -0.36187744140625 0.00350189208984376 0.136268615722656
-0.150848388671875 -0.319183349609375 0.0842437744140625 0.15545654296875
-0.145477294921875 -0.361541748046875 0.126388549804688 0.14178466796875
-0.159576416015625 -0.3436279296875 0.112625122070312 0.1419677734375
0.025360107421875 -0.3319091796875 0.0514373779296875 0.211990356445312
0.234161376953125 -0.298004150390625 -0.02935791015625 0.2020263671875
0.420867919921875 -0.100341796875 -0.161773681640625 0.104537963867188
0.423004150390625 0.322235107421875 -0.14361572265625 -0.0496673583984375
0.177093505859375 0.499908447265625 0.0170974731445313 -0.102897644042969
-0.04541015625 0.65087890625 0.0544967651367188 0.031463623046875
0.05145263671875 0.502838134765625 -0.126922607421875 0.4271240234375
0.230133056640625 0.377288818359375 0.121185302734375 0.300140380859375
0.40283203125 0.14251708984375 0.114547729492188 0.0276641845703125
0.312744140625 -0.1077880859375 -0.0117578506469726 0.0171232223510742
0.176406860351563 -0.252685546875 -0.03326416015625 0.11456298828125
-0.00761413574218748 -0.2713623046875 0.01788330078125 0.235748291015625
-0.0963897705078125 -0.237747192382813 0.157516479492188 0.2515869140625
-0.0959930419921875 -0.265151977539063 0.19915771484375 0.229156494140625
-0.100509643554688 -0.255294799804688 0.177902221679688 0.236343383789062
0.0384979248046875 -0.226547241210938 0.066558837890625 0.295379638671875
0.1717529296875 -0.183914184570312 -0.0501861572265625 0.242507934570313
0.277755737304688 -0.040069580078125 -0.14837646484375 0.126205444335938
0.268844604492188 0.232437133789063 -0.107925415039062 -0.0196304321289062
0.107177734375 0.34759521484375 0.05657958984375 -0.00190734863281248
-0.036407470703125 0.487518310546875 0.01812744140625 0.205795288085938
0.05743408203125 0.280609130859375 -0.122039794921875 0.560302734375
0.156707763671875 0.193008422851563 0.15972900390625 0.3890380859375
0.210968017578125 0.0477294921875 0.126022338867188 0.0683212280273438
0.138023376464844 -0.0701065063476563 -0.00161743164062499 0.0488204956054688
0.0768051147460938 -0.121330261230469 -0.0498046875 0.14715576171875
0.00102233886718751 -0.134811401367188 0.026092529296875 0.291656494140625
-0.0285873413085937 -0.117538452148437 0.2032470703125 0.30950927734375
-0.032989501953125 -0.127647399902344 0.24224853515625 0.282745361328125
-0.0306396484375 -0.130691528320312 0.21307373046875 0.29541015625
0.0415725708007813 -0.09649658203125 0.0675048828125 0.33258056640625
0.0880966186523438 -0.0596771240234375 -0.06890869140625 0.246963500976562
0.110031127929688 0.0090179443359375 -0.1278076171875 0.126518249511719
0.101455688476563 0.109169006347656 -0.076202392578125 -0.00186157226562498
0.0426025390625 0.155776977539063 0.0751495361328125 0.070159912109375
-0.0113067626953125 0.2623291015625 -0.00909423828124997 0.32611083984375
-0.05474853515625 0.0178413391113281 -0.04815673828125 -0.411346435546875
-0.0132942199707031 0.0550613403320312 -0.126510620117188 -0.165206909179687
0.0517425537109375 0.033172607421875 0.0465965270996094 -0.001953125
0.0644111633300781 -0.018310546875 0.121925354003906 -0.0938644409179688
0.0123519897460938 -0.0558204650878906 0.10943603515625 -0.219436645507813
-0.0334148406982422 -0.0235671997070313 -0.038909912109375 -0.338958740234375
-0.0509910583496094 -0.0127944946289063 -0.236419677734375 -0.315948486328125
-0.0351390838623047 -0.0212554931640625 -0.258880615234375 -0.285125732421875
-0.02978515625 -0.00345420837402344 -0.2205810546875 -0.309600830078125
-0.0190010070800781 -0.0274314880371094 -0.07220458984375 -0.31097412109375
0.0178146362304688 -0.0314750671386719 0.02984619140625 -0.17120361328125
0.0492324829101563 0.003753662109375 -0.0331497192382812 -0.0922470092773438
-0.0088043212890625 0.0447463989257813 -0.136146545410156 -0.13775634765625
-0.0372047424316406 0.00595855712890625 -0.152374267578125 -0.371795654296875
-0.0420036315917969 -0.0429496765136719 0.20184326171875 -0.62420654296875
-0.06298828125 0.263519287109375 -0.062347412109375 -0.3857421875
0.040191650390625 0.234542846679688 -0.126266479492188 -0.160446166992187
0.205520629882812 0.1409912109375 0.0387687683105469 -0.0190925598144531
0.21337890625 -0.0255889892578125 0.0956268310546875 -0.0895156860351563
0.113616943359375 -0.158523559570313 0.105300903320313 -0.190521240234375
-0.025970458984375 -0.15789794921875 -0.032501220703125 -0.29730224609375
-0.110626220703125 -0.144271850585938 -0.214096069335937 -0.27764892578125
-0.10009765625 -0.177978515625 -0.226486206054687 -0.25006103515625
-0.104263305664062 -0.155975341796875 -0.200103759765625 -0.277679443359375
-0.0146636962890625 -0.179840087890625 -0.0641632080078125 -0.262863159179688
0.115097045898438 -0.172027587890625 0.0241546630859375 -0.132843017578125
0.233901977539063 -0.0524139404296875 -0.0724105834960937 -0.0811004638671875
0.187255859375 0.178131103515625 -0.156387329101562 -0.154525756835938
0.0511016845703125 0.228317260742188 -0.14654541015625 -0.40081787109375
-0.0272216796875 0.250518798828125 0.11090087890625 -0.651123046875
0.00970458984375 0.4879150390625 -0.12908935546875 -0.285614013671875
0.160675048828125 0.379302978515625 -0.127006530761719 -0.102020263671875
0.38726806640625 0.174591064453125 0.0405006408691406 -0.0393028259277344
0.342437744140625 -0.093963623046875 0.0561599731445313 -0.0995101928710938
0.167755126953125 -0.2841796875 0.065155029296875 -0.166824340820313
-0.05877685546875 -0.27435302734375 -0.0614776611328125 -0.219253540039063
-0.193557739257813 -0.235015869140625 -0.192535400390625 -0.176849365234375
-0.194610595703125 -0.287811279296875 -0.186492919921875 -0.155364990234375
-0.203460693359375 -0.263015747070313 -0.175155639648437 -0.182144165039063
-0.04998779296875 -0.306915283203125 -0.0679168701171875 -0.16326904296875
0.161529541015625 -0.319610595703125 0.00427627563476563 -0.0652732849121094
0.381805419921875 -0.157135009765625 -0.1214599609375 -0.033233642578125
0.405792236328125 0.242584228515625 -0.196792602539063 -0.13287353515625
0.191009521484375 0.40704345703125 -0.176666259765625 -0.37225341796875
0.00860595703125003 0.50469970703125 0.102935791015625 -0.56005859375
0.0416259765625 0.63531494140625 -0.128799438476563 -0.135566711425781
0.239898681640625 0.487762451171875 -0.0731582641601562 -0.0285415649414062
0.51605224609375 0.2115478515625 0.0570259094238282 -0.0463180541992187
0.441497802734375 -0.128509521484375 0.0313644409179688 -0.0888671875
0.225830078125 -0.362548828125 0.0464859008789063 -0.106758117675781
-0.0533447265625 -0.3607177734375 -0.036346435546875 -0.1138916015625
-0.21429443359375 -0.31427001953125 -0.0991287231445313 -0.0810012817382813
-0.214111328125 -0.374847412109375 -0.0762863159179688 -0.069854736328125
-0.228485107421875 -0.349395751953125 -0.076080322265625 -0.0879745483398438
-0.03094482421875 -0.3846435546875 -0.0174217224121094 -0.0407562255859375
0.2232666015625 -0.389068603515625 0.00209426879882814 0.0295867919921875
0.482757568359375 -0.18511962890625 -0.148605346679687 0.0171966552734375
0.522064208984375 0.316162109375 -0.197174072265625 -0.116058349609375
0.248321533203125 0.535552978515625 -0.1175537109375 -0.316162109375
0.00195312499999998 0.6737060546875 0.104339599609375 -0.391387939453125
0.0299072265625001 0.69580078125 -0.125175476074219 0.0457992553710938
0.26702880859375 0.543212890625 -0.00315856933593748 0.0719146728515625
0.57061767578125 0.240966796875 0.08160400390625 -0.037078857421875
0.485382080078125 -0.1341552734375 0.0105171203613282 -0.0644035339355469
0.2664794921875 -0.38519287109375 0.0218849182128906 -0.030181884765625
-0.030914306640625 -0.397979736328125 -0.0124711990356445 0.0123090744018554
-0.193695068359375 -0.351531982421875 -0.000606536865234385 0.0362548828125
-0.192535400390625 -0.404815673828125 0.034912109375 0.0357475280761718
-0.2073974609375 -0.38153076171875 0.0264892578125 0.0280075073242187
0.00204467773437504 -0.394378662109375 0.0259017944335937 0.094024658203125
0.25567626953125 -0.379730224609375 -0.00995635986328123 0.12744140625
0.505645751953125 -0.15679931640625 -0.164627075195312 0.068328857421875
0.526092529296875 0.35601806640625 -0.177398681640625 -0.0882568359374999
0.23193359375 0.5753173828125 -0.0439605712890625 -0.221572875976562
-0.033447265625 0.72650146484375 0.0915069580078125 -0.178802490234375
0.0462646484375 0.65777587890625 -0.125900268554688 0.246826171875
0.27862548828125 0.507171630859375 0.068756103515625 0.19024658203125
0.54541015625 0.20574951171875 0.102523803710938 -0.0133895874023437
0.444244384765625 -0.13970947265625 -0.00788879394531248 -0.0270824432373047
0.24151611328125 -0.35797119140625 -0.00870513916015623 0.050262451171875
-0.02117919921875 -0.369232177734375 0.00701904296875001 0.139152526855469
-0.158935546875 -0.32366943359375 0.09234619140625 0.154922485351562
-0.15838623046875 -0.36663818359375 0.13311767578125 0.141525268554687
-0.1697998046875 -0.346343994140625 0.1171875 0.143768310546875
0.022186279296875 -0.338531494140625 0.05816650390625 0.215423583984375
0.233673095703125 -0.309234619140625 -0.0254669189453125 0.206222534179688
0.42877197265625 -0.110076904296875 -0.163284301757812 0.112747192382813
0.437774658203125 0.319000244140625 -0.148117065429688 -0.050140380859375
0.18798828125 0.50665283203125 0.0129547119140625 -0.108566284179688
-0.0366210937499999 0.66644287109375 0.0552864074707031 0.0315895080566407
0.0609130859375 0.514190673828125 -0.12335205078125 0.433319091796875
0.240997314453125 0.38043212890625 0.13067626953125 0.303070068359375
0.415557861328125 0.137176513671875 0.118255615234375 0.0233078002929688
0.318206787109375 -0.11602783203125 -0.0132274627685547 0.0147294998168945
0.17315673828125 -0.263778686523438 -0.03350830078125 0.116600036621094
-0.0116424560546875 -0.277114868164063 0.024505615234375 0.24127197265625
-0.1025390625 -0.24267578125 0.168899536132813 0.251815795898438
-0.104766845703125 -0.268783569335938 0.209732055664062 0.228118896484375
-0.107162475585938 -0.256851196289063 0.185760498046875 0.238250732421875
0.0367431640625 -0.23126220703125 0.0762939453125 0.298553466796875
0.172271728515625 -0.19073486328125 -0.0463104248046875 0.248825073242188
0.283599853515625 -0.045196533203125 -0.148666381835937 0.133285522460938
0.279098510742188 0.23004150390625 -0.111412048339844 -0.0206680297851562
0.1151123046875 0.3525390625 0.0541343688964844 -0.00624847412109373
-0.028076171875 0.50067138671875 0.0196533203125 0.210891723632813
0.06414794921875 0.286468505859375 -0.118896484375 0.5701904296875
0.162918090820313 0.194091796875 0.171783447265625 0.392181396484375
0.216934204101563 0.044647216796875 0.131301879882813 0.0653915405273438
0.139518737792969 -0.0743331909179688 -0.000682830810546865 0.0473785400390625
0.0747528076171875 -0.126670837402344 -0.049072265625 0.150497436523438
-0.00165557861328125 -0.137870788574219 0.033599853515625 0.297637939453125
-0.03131103515625 -0.121055603027344 0.21746826171875 0.310028076171875
-0.0362930297851562 -0.130210876464844 0.254959106445313 0.279556274414063
-0.0334014892578125 -0.131179809570313 0.225555419921875 0.296417236328125
0.0419540405273437 -0.0996475219726562 0.078338623046875 0.337371826171875
0.0889511108398438 -0.0618896484375 -0.0651092529296875 0.2542724609375
0.112686157226563 0.00836944580078125 -0.126792907714844 0.131561279296875
0.10552978515625 0.1075439453125 -0.0793075561523438 -0.00303649902343748
0.046875 0.157684326171875 0.0742111206054688 0.0673294067382813
-0.00619506835937501 0.26885986328125 -0.00643920898437503 0.333526611328125
0.0559122568660115 0.0820122974387791 0.330781700578671 -0.281172404829681
0.0706023910099914 -0.0125911442332857 0.0848484251253287 -0.208817116551519
-0.00565078956735803 -0.0625806733938235 0.0137318768544837 0.0500674196804914
-0.0708472270041512 -0.0338310182742848 0.143572360835931 0.0815224076813332
-0.0585624847490416 0.055424762047339 0.274954402960817 -0.0213141621910478
0.00145602091415789 0.0752941546440651 0.294283664180816 -0.194479927675341
0.0300558267540579 0.0708741048572908 0.220594082024327 -0.342920678140258
0.0276779955512445 0.057051168525108 0.152175903225112 -0.392831710739961
0.0220246755509013 0.0541786067688051 0.199277897465756 -0.34136624342305
7.02621235399593E-05 0.0491902341387545 0.235886185650711 -0.211099648426217
-0.0376775005125603 0.0171846701187669 0.178099785734527 -0.05124908505678
-0.0261207828154499 -0.0392894029767882 0.0595508832606162 -0.071392866025115
0.0442515450456649 -0.0147655117546068 0.0318166670107429 -0.191095766678629
0.033814517087759 0.0461957749203394 0.251518408395834 -0.317150639000663
-0.0185308697069823 0.0862689730549772 0.607905005182715 -0.210335609679812
0.260617209769785 -0.0444314173378974 0.270254591867912 -0.301657700936466
0.183647926271188 -0.171273843212029 0.0451490997690053 -0.221755402415053
-0.00640229270308536 -0.253765083350841 -0.0165245029042827 0.0567889195223342
-0.181897301789256 -0.158638229834708 0.109340315157935 0.0995118399273186
-0.208871111365233 0.054058677998996 0.258743232963326 0.00992601110481342
-0.106687037173471 0.150540688930595 0.277538225271935 -0.159796059396851
-0.0580592702098449 0.193075882402818 0.214770821944969 -0.296961606660595
-0.0466427023982441 0.204567543885628 0.150299931358833 -0.343876736061832
-0.0668801677071102 0.206513159550563 0.195712498131736 -0.301973270350602
-0.12446956435987 0.142039181391685 0.212034509235755 -0.163823371080757
-0.209041931627699 0.0398040701685448 0.14312261681708 -0.0133599016839411
-0.188914274812475 -0.165465865538622 0.0114792776807812 -0.0747351045423499
-0.00754577351079561 -0.242769745819012 0.0133411691298898 -0.213244284832297
0.149351900789705 -0.152705602055017 0.261258512938865 -0.346648388891087
0.207804119622681 -0.07092209845743 0.573253940495072 -0.328881661278085
0.409061783431787 -0.235767896927707 0.110747727366669 -0.313362599766726
0.22341567000255 -0.368631442043701 -0.0491461206189936 -0.192594117539734
-0.086298786783515 -0.423872471484838 -0.0243722161479765 0.084417015693644
-0.329036106043117 -0.221252503704851 0.100428954912175 0.100019648866334
-0.335825329637586 0.106332264515098 0.23172482532202 -0.00241357309754815
-0.172261107159914 0.242277360999593 0.213301765254974 -0.147378257368025
-0.096842285937439 0.310044163888008 0.147623211154783 -0.23596606744042
-0.0690463422414773 0.339112986527359 0.0919987698275457 -0.260850720803283
-0.0999360962245886 0.348292998592217 0.133912901615913 -0.236987703244321
-0.204613030182863 0.246329885471977 0.139458416345698 -0.106786623870436
-0.349228776959991 0.103013169565551 0.0788516752774551 0.0207386952806385
-0.368303946385306 -0.229917131807079 -0.0662078616779098 -0.0668851795116327
-0.120631313454891 -0.436368922963442 -0.0479810963930984 -0.222821738533146
0.20364010540646 -0.368004546189743 0.198481182840764 -0.372082573100008
0.389365967164464 -0.228670442266926 0.493356200523122 -0.306176353732709
0.512664539098229 -0.357226048684905 -0.0397847969206147 -0.238490106945596
0.254299178076357 -0.508212369856644 -0.117538277154014 -0.107288702705353
-0.13426936659831 -0.553372224855501 -0.0313090047023362 0.121897581035912
-0.427755471718377 -0.282280426884786 0.0751188276231436 0.112386541715059
-0.435634080313977 0.116721515707028 0.176023813860432 0.0248181088006723
-0.243860910786682 0.282244803166642 0.141853584847361 -0.0692909110195587
-0.162117578661303 0.366484326223765 0.101513142375108 -0.103295051156086
-0.125683653786903 0.40557280774199 0.0723028172132811 -0.110693979311157
-0.164816590261359 0.411772575451327 0.0970815259325244 -0.0967360818555079
-0.283683527099895 0.275587762708278 0.0650741363461505 0.00716817206978352
-0.441358567171988 0.102382074931594 -0.0106132759334778 0.0790293743020129
-0.454730581003215 -0.304941337190791 -0.137451034622746 -0.0527887993437747
-0.156325227865574 -0.567342790886651 -0.0744530517575177 -0.210843135824906
0.263311539461436 -0.489113034638446 0.168059634366731 -0.304677832750094
0.523375220255951 -0.317197161507352 0.363461875487854 -0.222722935974128
0.563371371563867 -0.39938012853004 -0.200363850870164 -0.141528980272455
0.273414788109999 -0.57636333607043 -0.189695759502169 0.00526245845945242
-0.146269765779787 -0.61650827923445 -0.0374418276746164 0.159869618500355
-0.463492172223132 -0.318781777296971 0.0396084155492392 0.118706836729722
-0.480967996834583 0.0957852069369579 0.0931490007031636 0.0527926053769107
-0.286489446530163 0.273830127601929 0.0432674809546621 0.0148250732784606
-0.213175992375006 0.359282726764824 0.0269400559656224 0.0397523216328534
-0.172106387685463 0.403100897882438 0.0270986663369526 0.0514765303036252
-0.210389669959963 0.403185983990548 0.0330610129821686 0.0528522835785864
-0.317510819731328 0.250008759359477 -0.0322502664807982 0.113834798799816
-0.457383222508997 0.0647043943885221 -0.113355905926141 0.118666656774922
-0.443303015289878 -0.344153589021946 -0.19749789881584 -0.0434188122784343
-0.134190615381832 -0.602605596007208 -0.0891381028593143 -0.182694204836218
0.300014432465546 -0.506355131260553 0.120734648242629 -0.200264437070479
0.580329598228607 -0.327202582434987 0.194086877186211 -0.111342663590163
0.519930542936434 -0.416440491130843 -0.372524832861156 -0.0234692554241116
0.224968155786004 -0.569992306668039 -0.260721974034535 0.139403563661729
-0.162485508208347 -0.578335088574466 -0.0375749871274251 0.191369436892619
-0.438344041718508 -0.283085982143522 0.00411635585058354 0.110873398722648
-0.441670090681991 0.0843587538278171 -0.00274627018648974 0.0665458042548892
-0.270629742890553 0.236248417251787 -0.0675526086727389 0.0906793452641854
-0.212975988166411 0.307950607802525 -0.0594950007412993 0.171370953136751
-0.174755315986083 0.3466099723955 -0.0316380868436857 0.201023808988225
-0.204629163490255 0.337918326592567 -0.0435827486971787 0.187286659121853
-0.291173101466169 0.191274448317508 -0.127010808533991 0.195888443564552
-0.387641311585863 0.0299151290430682 -0.200470129381859 0.134503577895629
-0.353684248411124 -0.310263900474221 -0.233343133729182 -0.0342534628235734
-0.095238504671266 -0.519629337006905 -0.0949590471403542 -0.142069519936643
0.269774500389529 -0.438735955557066 0.0582422406187501 -0.0903473429249239
0.535265621704837 -0.305126741772406 0.00936846719810467 -0.0078648910166206
0.393354357099602 -0.374743686425341 -0.515559275972508 0.0977478489782694
0.138522519899145 -0.469804985443222 -0.311867895789603 0.263564272269383
-0.145906618385784 -0.430190353692856 -0.0328923735096207 0.205066813382919
-0.327730136554223 -0.193758589995841 -0.0271689672377959 0.0915567604761707
-0.320441433485326 0.0589684793378448 -0.0912258753691462 0.06806153909954
-0.206144385971582 0.160014665190939 -0.166365128638418 0.148608362864253
-0.174948141575882 0.207916302710942 -0.138796947987178 0.274914258388916
-0.144831757310258 0.238197320981776 -0.0875369084249379 0.31809569629211
-0.167028548815921 0.223736941791261 -0.114294741428093 0.290199719648192
-0.217484534794352 0.10474031740892 -0.202199883722519 0.241224375845353
-0.255886644267257 -0.00912101291122921 -0.256058299565477 0.118865180854876
-0.207200523999221 -0.225545944080582 -0.231871427610855 -0.0349380745730491
-0.0402544720659138 -0.350403293767239 -0.081170337376491 -0.101591089420356
0.195064180425548 -0.296405688762842 0.00428773083283513 0.00845817413564181
0.402146312737897 -0.238641407982913 -0.150732472690533 0.0889235268462324
0.204754678416551 -0.27144890973766 -0.602263593172837 0.199054753681984
0.0288173245426713 -0.293539549896514 -0.336150436516527 0.357936231274553
-0.10745522301104 -0.211745465616991 -0.0225396140520668 0.205626167580234
-0.165381791984402 -0.0719879110692195 -0.0389588100809868 0.067586283125483
-0.145889429862694 0.0249255256791035 -0.150814261513203 0.0540100273274215
-0.104393538572118 0.0577198434298145 -0.235479983715107 0.175829341006187
-0.106233745189722 0.0747613559820463 -0.198782026354634 0.332927009674287
-0.091987931020169 0.093806426943013 -0.133445881526727 0.387720836099462
-0.102803591001769 0.0806207716452584 -0.168514778129472 0.345688734404966
-0.116627053421619 0.013376932673332 -0.245192910890385 0.246990666302409
-0.101593843226835 -0.0358247465166939 -0.275080556875108 0.0821964942871147
-0.0558039169024737 -0.110100373427291 -0.201564624873461 -0.0404280738896789
0.000386609904064029 -0.146130763390936 -0.0566240025529542 -0.0697422108473589
0.0872525291500343 -0.132536590737358 -0.0346658708923561 0.0802444706289838
0.211212103389204 -0.146506554161615 -0.263799014327432 0.165796743143749
0.0604316764295482 0.0798773108689728 0.318342175297231 -0.29728375326348
0.070085758496765 -0.0175350718068445 0.0719758066937456 -0.211539159398098
-0.00778538974571725 -0.0629668835268362 0.0159006023330806 0.0489872472336149
-0.073751122902023 -0.0311964358017143 0.148998919894242 0.0733797564305173
-0.0561967748618209 0.0584076306800258 0.275396113225649 -0.0392983465390657
0.00496275029830951 0.0753939916044752 0.2837715004471 -0.214777726615364
0.0341334394435543 0.0688926350499966 0.200139081029145 -0.359360288086338
0.0319032092993363 0.0558096670665396 0.126738146757969 -0.404019021182973
0.0252245480229278 0.0544343288462437 0.179431418925517 -0.357025993729802
0.00387511858345125 0.0489691972109123 0.223450172071015 -0.228661743889109
-0.0365541623022587 0.0197475181232636 0.177175321499647 -0.0612610643222397
-0.0293609694261684 -0.0371688195325161 0.0527265080971965 -0.0729808208528883
0.0442470313184073 -0.0181985023194593 0.0190649269840468 -0.191611919781496
0.0368436883680784 0.0454283539192247 0.237902821844668 -0.331054220306604
-0.0148460143178494 0.0887264703198777 0.603985147313032 -0.243007325358478
0.259229128124729 -0.057856673291031 0.257647895488157 -0.314768111877504
0.175104534781432 -0.181841073352034 0.0329256514293429 -0.22178354535274
-0.0197548113979564 -0.254710139821043 -0.0136140370358069 0.0565175798715584
-0.192087688243619 -0.150902132106727 0.114339163304364 0.0918599937465747
-0.207058872748947 0.0663031322499275 0.260950920159955 -0.00762494216925128
-0.1003663900392 0.15670227028713 0.270000423021029 -0.178054836082076
-0.0482456631951692 0.197098629976892 0.195998146287298 -0.311190218528015
-0.0333443189583273 0.209822664792455 0.12685046901631 -0.354235648177421
-0.054572245690866 0.213138091276464 0.177681090300137 -0.317181021049722
-0.117622222270565 0.148722133613671 0.20147222518462 -0.178532358208125
-0.207361515425771 0.0531135856506025 0.145201044119004 -0.0224656060593407
-0.200346216781224 -0.155774334492949 0.00343643527588911 -0.0736681308822344
-0.0217456344614418 -0.244216066784469 -0.00013920145088154 -0.213014623474897
0.142542312333826 -0.160759338415381 0.245822418037864 -0.360472133374454
0.205290855723763 -0.0825835232461235 0.561638523608496 -0.359947993287256
0.397948591494432 -0.256846839032573 0.0961113393826113 -0.318875649403084
0.204765215997385 -0.37988512818015 -0.0574557780932264 -0.187077226237599
-0.110709132681356 -0.419302495900163 -0.0185827524387288 0.0842094912085412
-0.342933491032568 -0.20609354171777 0.104788984587759 0.0928223569545297
-0.330245704562265 0.126387870489672 0.23243179051043 -0.0189800880610896
-0.160574817743115 0.252567508219553 0.204950932536286 -0.162224305472983
-0.0800944512547372 0.317095848964002 0.131894719320219 -0.245981942628322
-0.0472046195002345 0.346358697943918 0.0745341829974338 -0.266593792796658
-0.0791596036501696 0.356923906407984 0.117610422727585 -0.246859566297795
-0.1922934274157 0.258422145223303 0.1327855428555 -0.115673818423802
-0.34445075433837 0.125492571015585 0.0821214250451857 0.0155955747931281
-0.385987175854064 -0.211258441115454 -0.0744877910976743 -0.0598544966513498
-0.145542404166166 -0.432276590402969 -0.0607527736929949 -0.220816248636053
0.186157203962322 -0.379855089375067 0.180907636863992 -0.385678621177075
0.378347970061046 -0.253636668319712 0.481579185984243 -0.333211667598918
0.493668179974398 -0.38407403543133 -0.0505156765181028 -0.237140162432808
0.227492114077097 -0.522705920944787 -0.122243970137869 -0.0988478196412456
-0.165669774754983 -0.547007645042037 -0.0221556039436294 0.121253392852051
-0.447000250107976 -0.260909155360519 0.0806766752490986 0.106395639285278
-0.431163062114229 0.143318668589793 0.179025708013887 0.0112022412281694
-0.230476132480126 0.296949765062196 0.138632194715707 -0.0790252671338144
-0.1424192364237 0.377748589584042 0.0948206572274945 -0.10986437637495
-0.102502718405504 0.418434258978166 0.0646624469292649 -0.11466678798898
-0.140435173885041 0.425447737377889 0.0889661237053903 -0.103030583681898
-0.27106650962279 0.292018158365538 0.0648649727399396 0.00334940766083613
-0.438178264338163 0.128626553509268 -0.00589318880546239 0.0792484998061632
-0.477947336372247 -0.281459677127585 -0.144902864533943 -0.0412169611451805
-0.188262058229678 -0.564416128092754 -0.0863386309366747 -0.209080189801362
0.240311812934823 -0.505200452594107 0.153662332383835 -0.318304230398253
0.508908845883451 -0.348973009877538 0.353979184789488 -0.242038407366133
0.545829152090271 -0.430692759110507 -0.207937905945268 -0.133149002271333
0.243689991062183 -0.591145052705874 -0.188026418218166 0.0175783839905304
-0.183578808523211 -0.60994218497923 -0.0260690932320902 0.160081382862213
-0.484866318298135 -0.29748149356018 0.0455191135267491 0.113866752898015
-0.47705991148511 0.126436621041876 0.0978401714175726 0.043435159105838
-0.273799788045523 0.290991563710755 0.0438184481155213 0.0117297440240806
-0.195459634188875 0.375175868040389 0.0297959433357685 0.0388587171156033
-0.147777889511974 0.417836988164701 0.0300503178803556 0.0511351499351686
-0.186590925563152 0.418554924081626 0.03385973333236 0.0514080075109342
-0.307815023412446 0.267184016191523 -0.0265629217958672 0.11757065030238
-0.456485881628802 0.0910677838291205 -0.108151750807061 0.126041084217702
-0.467596616394389 -0.324664509693653 -0.205935168959516 -0.0283997114354372
-0.168956993603266 -0.600053339280893 -0.0994726859467191 -0.180929186377282
0.276204726282269 -0.52386947224658 0.111482426542518 -0.211607035753053
0.568035925713688 -0.36161983415208 0.188894403397732 -0.121537922765596
0.501442846462905 -0.446582841888814 -0.375126847425887 -0.00807081756535878
0.197412254623345 -0.585225864546469 -0.251561442171273 0.155626073010464
-0.196877635058046 -0.572065985933046 -0.0235000453161689 0.192408143431543
-0.45591253172219 -0.26221821895326 0.0102328438316112 0.107715952810556
-0.43860994424718 0.113071168061663 0.00238261862850997 0.0628652727112556
-0.26010204852496 0.252897972876355 -0.0630594507028154 0.0947721917004396
-0.198431553224474 0.323026615623855 -0.047751134804776 0.175663646044311
-0.154243457976839 0.360920365970194 -0.0184332917108106 0.204099935411137
-0.185572590920231 0.352547287824579 -0.033654111185363 0.191812403005645
-0.284141940787965 0.207553628252052 -0.115976098032226 0.206585439525426
-0.388471541136373 0.0514128684304588 -0.194449904115541 0.147065092790924
-0.374454676009022 -0.294075293397559 -0.239360774729916 -0.0188128966876173
-0.12450485562007 -0.516755583584151 -0.103707547868557 -0.141050807078496
0.248583810345973 -0.453406101326912 0.0528439255640382 -0.0991929312301798
0.522570442550749 -0.337710816045117 0.00719327755433592 -0.00730447804122297
0.375703363333808 -0.398446845782216 -0.513348856641751 0.121123887863948
0.115138796105508 -0.479013408053207 -0.296650286098112 0.281941652037032
-0.172521660133814 -0.425358168801542 -0.0184559956280759 0.206888356918631
-0.341007221476388 -0.177532276804228 -0.0208764175325238 0.0905810636163579
-0.318499876697695 0.0799714418596291 -0.0872708981746349 0.0703508389387316
-0.199098827502063 0.172258104577881 -0.159890101579237 0.159444257014846
-0.165923141468912 0.221081525924646 -0.120934027197081 0.285390868677798
-0.13204184375691 0.24877061114986 -0.0670368230635366 0.325199973957844
-0.15470469788794 0.233820419089549 -0.0975101368255388 0.299674898207076
-0.215144700299283 0.116393413250515 -0.18842332655899 0.257493172689307
-0.257077577266564 0.00528909629021528 -0.252008407326024 0.134945604160559
-0.221724277916488 -0.216799322351554 -0.236886320051194 -0.0196957600634239
-0.0615462123274857 -0.349840349643296 -0.0879154071443296 -0.102045547655324
0.180090789488549 -0.306829824020606 0.00365288491291101 0.00258649708313995
0.392392488490183 -0.263358160845004 -0.149184646612976 0.0982413815794417
0.192229328619238 -0.284923692331406 -0.595061622431469 0.226735055694388
0.0144219440545249 -0.29604727862799 -0.315932713774954 0.377112067557624
-0.120959445526101 -0.208089703748397 -0.00734515481792292 0.207793513451052
-0.169485497613438 -0.0626196278219833 -0.033400765285188 0.0669219670887735
-0.144398427975342 0.0359069980026843 -0.149050507824221 0.0608829583917859
-0.102183590530994 0.064401994270184 -0.228115436512841 0.190426931331136
-0.104191377717089 0.0822333863213706 -0.177027043510862 0.347556358199166
-0.0879048595993406 0.100615467911181 -0.106838471550314 0.397834848515063
-0.0991199065671863 0.0852981165247242 -0.147804168184246 0.360655610230337
-0.117973274055594 0.0196860115999452 -0.231120196228778 0.265243435181618
-0.104108847797757 -0.0306876059346571 -0.27340609416266 0.0997893308746891
-0.0619383624106509 -0.10824919087621 -0.205035598047791 -0.0282583747322286
-0.00837157531152693 -0.146217493148253 -0.0615620155285027 -0.0708845461256668
0.0798236516235343 -0.137796595766659 -0.0322230740072813 0.0774976046165555
0.204553892812069 -0.161494442021845 -0.258867131664351 0.181372671613471
0.0637174209215478 0.0763246819205993 0.301139949087316 -0.305835801290088
0.0681543653603029 -0.0209849801388961 0.0603971711885813 -0.208634834481236
-0.00925307361683583 -0.0623530877441671 0.0182520718222084 0.0472107595307429
-0.0752165201919447 -0.0284909866757166 0.150093036331617 0.063644471892313
-0.0536845031912881 0.0600369336688118 0.268658442309381 -0.0558315774976491
0.00798206483488504 0.0738858019132265 0.26773499262184 -0.228323770964602
0.0366910390201677 0.0656126469559063 0.174554287681087 -0.364368678264829
0.0348504319618725 0.0532604617736116 0.098618892748819 -0.402618752962813
0.02863731529542 0.0527803368376787 0.154795353091468 -0.363587615886557
0.00668675106637808 0.0471833450627025 0.206931066102118 -0.238988016977057
-0.0341784038673847 0.0215740140806936 0.173150681704843 -0.0695113356293769
-0.0311276100348205 -0.0341853376724863 0.045756656813479 -0.0732295543111703
0.0431927666511725 -0.0207149866208672 0.00713804571847821 -0.186302563853223
0.0389236253590139 0.0435157713975644 0.219551041407506 -0.336183901947156
-0.010965466401422 0.0885725835491847 0.584943014196337 -0.268405794799561
0.252320639939439 -0.0689753036840787 0.239442224050297 -0.320466165760236
0.163123202840582 -0.186320009941144 0.022006668103932 -0.216319434903845
-0.0312963263274175 -0.249067401383551 -0.00936618187611477 0.0551139817794788
-0.196902446266866 -0.139891391369218 0.116210148174066 0.0829022468440248
-0.200840117128959 0.0762411045455815 0.255929854479265 -0.0238857297097179
-0.0915002978630011 0.159217463712153 0.255983861069952 -0.19199109158824
-0.0379072885676848 0.196946312747441 0.173603272518393 -0.316537870115948
-0.0202299266085054 0.209386418599751 0.102676054608046 -0.353960584996577
-0.0410998460079122 0.213816571872181 0.153933469862181 -0.322634406488844
-0.108485091376318 0.152287370024086 0.188365650649473 -0.187247736602178
-0.201655155658078 0.0633206261923613 0.142581735318368 -0.0303217067866864
-0.206721031544982 -0.142624857002135 -0.00336864000548279 -0.0701746376173587
-0.0336391810865797 -0.240303703631685 -0.0115288866993479 -0.207820552570426
0.133658430447011 -0.165782942914041 0.225076192585333 -0.366775721496576
0.19760014426411 -0.0915121589108139 0.537973177956885 -0.381129998334674
0.378118337452854 -0.270823483042971 0.0814880852246898 -0.317005657857558
0.183326127485239 -0.381427247956883 -0.0642042690909272 -0.178012846467775
-0.129324380356353 -0.406989115288369 -0.0133444568388494 0.0811896722036107
-0.348282541206328 -0.186085421538285 0.105909693627292 0.083464029852412
-0.317171799496156 0.141711191480805 0.226133425452569 -0.0342563604233409
-0.146450285409272 0.255548328911886 0.192559559119922 -0.170978718216486
-0.0637922672644111 0.316440766579664 0.11468616992793 -0.248121184705716
-0.0251406976223677 0.345603845841749 0.0558498588687504 -0.264594578531239
-0.0570901014203852 0.356883761109991 0.0991804104900351 -0.248444439607198
-0.177619848662849 0.263779484888302 0.123701317008209 -0.121211517289516
-0.331661917524474 0.141392142959558 0.0819923280816033 0.00995277395047398
-0.392977160631531 -0.188467142901129 -0.078712258062941 -0.0516449932719556
-0.166715117196211 -0.419891844777677 -0.0711974331431622 -0.213605533588194
0.165311871736748 -0.382904441531273 0.160720163605423 -0.389671582717233
0.360173882297317 -0.269064489561438 0.458933944296407 -0.351749958369293
0.465808011760432 -0.400055464519004 -0.0600792951221437 -0.230853518003431
0.199758870779323 -0.523220978503815 -0.122354761032866 -0.0891319114164063
-0.194181392934391 -0.527092176269877 -0.0130855546097553 0.117812933503966
-0.453176916592605 -0.235585627588539 0.0832842946687846 0.0976882377196757
-0.413616350701354 0.164251655538154 0.175879001439638 -0.00294048365532802
-0.212460833526584 0.303124164949359 0.131040934035411 -0.0863582086715822
-0.121895631398741 0.380584302809275 0.0862600451695705 -0.113498600976995
-0.0754209434763197 0.417719101428418 0.0555162972369177 -0.115069397024572
-0.114252166602583 0.426765723981147 0.0792228142556071 -0.106136554090729
-0.253932573128279 0.300671150451174 0.0629867120163142 0.000818316330507362
-0.425160204475927 0.150050074189963 -0.00158038418051037 0.0776098325910078
-0.486712950677856 -0.253228013114079 -0.147731824994446 -0.0297677924027142
-0.214363899042344 -0.54514916135269 -0.0953988708748635 -0.201512949689309
0.211520739906579 -0.509090177012465 0.134850367249005 -0.323103793368704
0.483721248035605 -0.369709133047409 0.337825376722126 -0.254161440661737
0.51536111843088 -0.449722595079805 -0.210122553264237 -0.123510572457786
0.213030181972376 -0.590746099918354 -0.180506014152635 0.0272700131883332
-0.21228331454148 -0.591201915776594 -0.014809183968393 0.156545285773715
-0.492017729001108 -0.269235672184034 0.0499353394214191 0.106363504911868
-0.460188001008902 0.150464245306142 0.0980799941003763 0.0333884406936314
-0.256944745599105 0.301345750164083 0.0430382385993419 0.00842363542346998
-0.174669960706946 0.38193617270614 0.0319167135526217 0.0358059831133504
-0.120786258827698 0.421797018844011 0.0321737321410224 0.0482825753441918
-0.159990636495466 0.423488845847031 0.0343042333043143 0.0494855724446589
-0.291250274519518 0.278098042051438 -0.0198224172271954 0.118376774762561
-0.444587062763365 0.114350477971688 -0.0999643609727331 0.129535183511664
-0.479968968770269 -0.296306245299575 -0.206591368804756 -0.0145036957712177
-0.197102266719369 -0.581242531236346 -0.10785222076261 -0.174953842451606
0.247295431077477 -0.528523671233448 0.0981623595574179 -0.217996044928461
0.541733594593741 -0.386829215759061 0.179607563870418 -0.127977809901316
0.47155166815176 -0.463687121534435 -0.369778209360316 0.00656347679787642
0.16792158095776 -0.584716935506979 -0.237399011549748 0.165213043708678
-0.224538997210815 -0.551750763746223 -0.00942725551559265 0.187561033242778
-0.463247324237261 -0.236091377843759 0.0149727382295244 0.102178115157911
-0.422624904543682 0.136299188198005 0.00533287403987438 0.0575945809788116
-0.24406919920011 0.262644180893636 -0.0581521860270057 0.0958611375884738
-0.179393955148447 0.331253692723341 -0.0358487368006923 0.175219813426662
-0.130553194712812 0.366287278770407 -0.00564762284893922 0.201490125438076
-0.163145763517156 0.356880557144143 -0.0234916358317145 0.191996291563647
-0.271373416111918 0.217727162137328 -0.103018577421083 0.211483712017533
-0.378441484645255 0.0711748079846336 -0.184829542349786 0.155272980945053
-0.386606775816334 -0.271939616400502 -0.23888492430726 -0.00246161277707255
-0.150814868927014 -0.503324765672232 -0.110094705666104 -0.136637138547197
0.22437719648853 -0.458024762676143 0.0453762512479222 -0.10477568674356
0.498320275089332 -0.36088693952202 0.00598676469950788 -0.00626222281672936
0.351586699659819 -0.409626883388206 -0.501223499865438 0.137770704215553
0.0908840483804128 -0.477081564201728 -0.275015225402261 0.291891920355721
-0.193493433901375 -0.409531420454517 -0.00398647254287478 0.202170594623342
-0.344179428810164 -0.158543998324159 -0.0162498334300527 0.0870073237381895
-0.306910451031236 0.0973539845386281 -0.0825436711702906 0.0705531721701626
-0.187718715566677 0.180479146473775 -0.150247254796478 0.164667711296193
-0.152985063275389 0.228236047351189 -0.100708162552843 0.286966701438224
-0.115466311872041 0.254685140757024 -0.0452203370763194 0.323011227650634
-0.139884784746093 0.238323451207504 -0.0791518277822982 0.301225667244474
-0.207175458465131 0.125778779454411 -0.170618730244978 0.265566377836167
-0.253118693338233 0.0186405085140398 -0.241858303607517 0.14747545679171
-0.2307943645483 -0.203930483720747 -0.235030174542442 -0.00541590179696517
-0.079213821090487 -0.339865181884293 -0.0929961928269278 -0.0993378987974639
0.163156784292125 -0.309417641746129 0.00104408243140022 -0.00262938797234411
0.372160006681318 -0.280647686979647 -0.144242774931653 0.105635959280116
0.17637582410867 -0.290231599952858 -0.57707805288937 0.245736571674553
0.00136531536406069 -0.291865227940194 -0.289862937590825 0.38570439216071
-0.13112384769711 -0.199083259015729 0.00538000025160056 0.203857994520488
-0.169946326213456 -0.0533514896792423 -0.0283889009429996 0.0653311838372574
-0.138554093130256 0.0443931734270951 -0.143646375909448 0.0648580975538873
-0.0973138389295016 0.0693526411333368 -0.215750064399449 0.199785102537925
-0.0989929787294965 0.0881462732035822 -0.152869721647343 0.351625081532481
-0.0807023956911112 0.103903822447505 -0.0802137286286735 0.396382202063228
-0.0935858503891871 0.0886418896062171 -0.124251190093561 0.363213386084165
-0.115835985443871 0.0257500179522169 -0.211346209544034 0.275397003266622
-0.103447613573392 -0.0252629463803713 -0.264426930520592 0.11465516681037
-0.0667587972605534 -0.104261498810768 -0.203393751427223 -0.0156722823481888
-0.0168331867485263 -0.141599097226039 -0.0661141483661287 -0.0697433814417184
0.071671654797331 -0.137847624818613 -0.0302398971471452 0.0734807979371446
0.193183006775668 -0.170585279949013 -0.24784728950642 0.193388434064942
0.0854149648065037 0.04519751420233 0.177070409419899 -0.379854083908271
0.0543158278038459 -0.0458052359113711 -0.0112013580137427 -0.206535516270194
-0.0290364263245485 -0.0560610385462188 0.0367588556090748 0.0383539250440043
-0.0790204577581607 0.000268374657852018 0.162535310010851 0.00431324270547283
-0.02720735971588 0.0712178843013776 0.226682847137758 -0.143804005375249
0.0347909817309996 0.0615243061514463 0.165230395690823 -0.30258396455539
0.0569650298051845 0.0454427510950051 0.0287686527889814 -0.394587417812102
0.0491435297490417 0.0349000206989722 -0.0512991678898634 -0.39793179974949
0.0445508243468728 0.0386875307679272 0.0186717843221942 -0.384036827474486
0.0206743469357607 0.0405820501143128 0.11014712394993 -0.286828504595027
-0.0234071971250547 0.0314788783404237 0.136136580958776 -0.121479822563071
-0.039484397417031 -0.0203267525812333 0.0176497439301959 -0.07867352273223
0.0327305975573916 -0.0337450423177376 -0.054523919008743 -0.170850327657355
0.0483959960136457 0.0303606766574537 0.0983216276367291 -0.379311291721373
0.0148468724926509 0.0900347203014069 0.458686729785849 -0.424048401245881
0.211609989227567 -0.156096656019247 0.116343800630406 -0.364175167148587
0.0852677464362655 -0.232693282067245 -0.045014289006393 -0.192823971007339
-0.11513239984497 -0.219576636502138 0.0252093168840354 0.0557475026924822
-0.230629571048834 -0.0578346343578044 0.145559615794663 0.0283508254840682
-0.155678033004482 0.136352747165663 0.227492331047434 -0.117814149443077
-0.0282988501284015 0.172505499866007 0.164295857763258 -0.269527101345973
0.0320839271512019 0.194388882545622 0.0456533782012463 -0.356005728665914
0.0510650180370481 0.195316349968013 -0.0338223616080368 -0.357205243096138
0.0351599726434848 0.208382711337629 0.0286341019100848 -0.347242473794181
-0.0509237656511423 0.174627715207294 0.110853786992973 -0.236674461084329
-0.162590936415212 0.125133448237783 0.123090969690181 -0.0795525276820038
-0.238375799659216 -0.0627604795743606 -0.0228051331662222 -0.0585319610375824
-0.109621682247914 -0.210435405112723 -0.078917659222759 -0.181007896076346
0.0665416213913154 -0.193285303875331 0.0908419126124266 -0.409661912358485
0.152312761752618 -0.143898029525926 0.371635908650888 -0.514017148329204
0.258245699145716 -0.388473423646749 -0.0265436005154091 -0.301274184109652
0.0344363320552519 -0.419749890399332 -0.103446785364534 -0.124040222429487
-0.260417680925977 -0.329704500967149 0.0414851452326895 0.0772564129241717
-0.38446660063351 -0.0448745304157238 0.140468202570799 0.0246120629071631
-0.23943573335128 0.234590722457708 0.194407587385694 -0.123980947094628
-0.0477258808637908 0.278907413365466 0.110470908949556 -0.231606072375834
0.0476794434649908 0.316207199698196 0.0157065912651752 -0.276601766165482
0.0900906415430715 0.321033724061618 -0.0480475751192662 -0.260541108140994
0.0679365784765519 0.343850635990962 0.00166969768643078 -0.260215548707697
-0.0786549652055485 0.29980584468687 0.0726738946126992 -0.157517352029573
-0.255768896784227 0.239321318452249 0.0813116592370523 -0.026262820209133
-0.42456304163153 -0.0439969791361477 -0.0809814557014494 -0.0162666144718044
-0.289656018271768 -0.331978072486388 -0.133907371316631 -0.163706525067924
0.0259769350307251 -0.403715349186541 0.0191932924142133 -0.407877026649284
0.251028230671822 -0.360888832842638 0.300828592273922 -0.463296098643749
0.294960217167412 -0.538249573572384 -0.128668654405577 -0.17164901624874
0.00026635021765654 -0.555600957853546 -0.122446651896735 -0.0193086111672889
-0.361640600406172 -0.416947638335152 0.0622748184445071 0.108120347550457
-0.498011452037242 -0.0512922844689282 0.128790327046126 0.0397857322486056
-0.320650004784897 0.288697023956537 0.158445380997729 -0.082420175796237
-0.0932525617193745 0.344332225622682 0.080748610371714 -0.13560135214325
0.0153040691591177 0.396437281863263 0.0378036244271118 -0.146917820128161
0.0701559373530035 0.40359805079242 0.0018924798586149 -0.127356706952579
0.0393350348768906 0.425619216430785 0.0302933742576429 -0.124474037664271
-0.136448841999639 0.359397761206406 0.0592036447088833 -0.027486710351439
-0.337336202793246 0.277678116380776 0.0291596592713578 0.0609913675434673
-0.533922197125943 -0.0739144937881525 -0.134708277901291 0.0263621771416931
-0.375093794197377 -0.431058641842014 -0.154296897433536 -0.142592023049766
0.0292588431434489 -0.536190428353131 0.0123722619166951 -0.340012977053326
0.333508044866776 -0.494494263325691 0.214981615153288 -0.338156515134848
0.324778094347952 -0.601448384645723 -0.233087759687089 -0.0206560471668657
-0.0097224718170124 -0.624945179620979 -0.136966493557381 0.109655698700621
-0.401763489961415 -0.468322108374735 0.0774336491049189 0.14383420709554
-0.547167380499175 -0.0678650491727848 0.103347901746811 0.0567801679860105
-0.367190590811777 0.293374047783885 0.0997472335991937 -0.0266333122431184
-0.135212124486673 0.358127947737681 0.0325360962485213 -0.0200208030810386
-0.0330297556515074 0.415457639604204 0.0416782444461261 0.00769881428064672
0.0293641047227075 0.423895240559382 0.0377687217913964 0.0271104825732433
-0.00320559715167346 0.438257179271212 0.0419128156935583 0.0318320938078099
-0.178309079591508 0.351361989440578 0.0224225825216112 0.108043137892606
-0.368412436261649 0.251332481064486 -0.0423614877040488 0.141551451444381
-0.541616319752443 -0.116373197070783 -0.183532791003942 0.0597111093046518
-0.370703562528877 -0.469786245160235 -0.15901072811666 -0.114261926189115
0.0540491220435656 -0.567183980271357 0.00900397622623058 -0.232411042666625
0.382461649773157 -0.530788964909732 0.106948907127282 -0.175746069914029
0.280019147111268 -0.597121667309489 -0.338441537800085 0.149866584301442
-0.0506477209520701 -0.601966669946506 -0.143984839690179 0.2531119471211
-0.401032733394343 -0.42863364086899 0.0912794071868386 0.170014268604226
-0.508855021095643 -0.0480315260443301 0.0681805840075429 0.0649547203744149
-0.338410167883625 0.26898735359267 0.0225096266023602 0.0282565405063353
-0.137759647569062 0.321632662547487 -0.0296401140393992 0.0964106344196966
-0.0562212774070206 0.373847381648027 0.0299594455031024 0.159598258330694
0.00274300690877088 0.377257172989304 0.0574242872472494 0.178358553214382
-0.0294324534658735 0.379850918451634 0.0376545206773527 0.180376574585905
-0.178748739182499 0.289055003488782 -0.0221297828633524 0.221919734766959
-0.322467362995523 0.189265142993972 -0.111279788168339 0.196110473572282
-0.448036480561221 -0.123866508302242 -0.211331288329179 0.0803667295627633
-0.302633378946767 -0.412838345502816 -0.149584793968465 -0.0803986412324737
0.0568911330006461 -0.493029399565468 -0.00361532039032447 -0.112510659428569
0.349759239678766 -0.495359907659494 -0.0146759984656238 -0.0113348078602858
0.186528318457071 -0.504049679920428 -0.417107913664975 0.307801522700176
-0.0826321095660965 -0.473106627311664 -0.140686415667594 0.376159159056424
-0.323193240730598 -0.309198970092682 0.092431849901963 0.181832097037047
-0.372317258825337 -0.0205803183616499 0.0282762222113164 0.0664528248026068
-0.246902901008822 0.194492107726789 -0.0545067647937781 0.0751574492750399
-0.113192770054151 0.229528657858771 -0.0884790351837147 0.194579513550354
-0.066354134862974 0.269943957065007 0.00991598995775879 0.288527642677161
-0.0209431601290544 0.271251104118562 0.0667014674218948 0.303720408875064
-0.0484885296657069 0.263324391914023 0.0261343031491309 0.299907054542899
-0.149225799489956 0.183799148727005 -0.0657325981438403 0.295404840865947
-0.225050890593747 0.0995247436615642 -0.167497722476348 0.211679841490398
-0.280964296256498 -0.111775747164097 -0.211095038876481 0.0755990074376346
-0.183794883733407 -0.285362212569874 -0.122851141619762 -0.0561246044438108
0.0486759817688582 -0.337916937735535 -0.010492893451435 -0.00473529017649661
0.258213834278681 -0.38198394889336 -0.113726007429789 0.137897289797002
0.0642893376614773 -0.32929919698228 -0.45227233762905 0.424952496062366
-0.100033222171972 -0.268120959007409 -0.129685312180147 0.458590179027006
-0.191128613561473 -0.137002276890198 0.0875893830952224 0.180860698118306
-0.174560147723275 0.0129779697828521 0.0015681021537711 0.0590943407099099
-0.111124148820658 0.0893088006026123 -0.112767515421253 0.0989271813538219
-0.067998822035247 0.0983060231471052 -0.134499202295562 0.25499158886845
-0.063272375562902 0.119869344100535 -0.0141907307535107 0.370646605749157
-0.0391080252876891 0.123726604561066 0.0640917921682969 0.382375512411287
-0.0563561631198201 0.111461271143339 0.0079885699873804 0.37199377791884
-0.097729160071679 0.0617410518412691 -0.100875935986774 0.32022638931163
-0.1027683896045 0.0100051160536988 -0.200523190043613 0.193121895632682
-0.096649039550967 -0.074404589744661 -0.189355216087905 0.0541390278746159
-0.0614698996057852 -0.122528127843857 -0.0880674573248025 -0.0419657022615678
0.0212975734990028 -0.149710495333773 -0.0116804545296161 0.0754291097298152
0.126084132343724 -0.223662098059889 -0.176057357247546 0.252160471981659
0.0848176565688449 0.0422545303658287 0.168756871103964 -0.376860328250502
0.0528113995231048 -0.0458550338600412 -0.0134209850900202 -0.201581976366167
-0.0293412682955073 -0.0567045510367181 0.0383054713466242 0.0370693028870483
-0.079201420687532 0.0015999010115057 0.159468453224305 -0.000877108861863103
-0.0264170675000825 0.0713856988644816 0.218551314120574 -0.149312036314383
0.0349198396369573 0.0599260054336925 0.154130339071641 -0.305253016035216
0.0565621278799048 0.0435469114301427 0.0177620129369526 -0.388543236074689
0.0496298621940455 0.0330331626360884 -0.0614246162549011 -0.38734693538325
0.0460004304105699 0.0369878366673294 0.00584319640483978 -0.378607310184299
0.0210885314821357 0.0391913534980527 0.0994497850696525 -0.285847899276072
-0.0220858090386119 0.0307405864089077 0.131902277754001 -0.122783284831843
-0.0387374583222506 -0.0188821105026371 0.0140156426540104 -0.0752809694691815
0.0318317068027572 -0.0351358459507638 -0.0574101532388375 -0.164658500914634
0.0477845218782016 0.0294459135261351 0.0918702924608335 -0.37450862641577
0.0158765270291414 0.0894133441558609 0.445482013192532 -0.425965375139732
0.204122354670202 -0.157783834863984 0.108647207359947 -0.359970705321318
0.0796517283150926 -0.231315750950437 -0.046288123172752 -0.187605954394467
-0.117751710553876 -0.214184207840556 0.0273617533983929 0.0533115307142043
-0.230261062692916 -0.052634597788338 0.142572230527482 0.0230374441262158
-0.150371121841061 0.137309523199414 0.218628700722715 -0.1238364835292
-0.025084338969798 0.170139612614098 0.153517207051204 -0.271459307983229
0.0356751969706942 0.19212823778065 0.034410971224674 -0.350344933926111
0.0562603994258532 0.191768151162911 -0.0439049119303978 -0.347648455315905
0.0411314089234832 0.204683839121785 0.0170235380046715 -0.342509869762388
-0.0470362789567597 0.173715409257664 0.10157014130974 -0.235815261279754
-0.156961749842536 0.126704377037292 0.119156448765719 -0.0814123791454196
-0.23770152021464 -0.0560269750760148 -0.0245128582720349 -0.0542336899033936
-0.113469520311479 -0.205503426651132 -0.0809603875996267 -0.17493025219128
0.0615808204468406 -0.191833779559891 0.0827102852842262 -0.405547850844168
0.14656667806536 -0.145018732038734 0.35840799010858 -0.512688782803492
0.246108176845647 -0.386024040860333 -0.0318559441753958 -0.296246986927743
0.0281861932831241 -0.414416409888625 -0.101723344912152 -0.119254282539083
-0.261576115827073 -0.317716054012139 0.0433642838740073 0.0715025265114497
-0.380463777733532 -0.0374383904195207 0.135727837238605 0.0199396794225141
-0.229907763667822 0.236203101759831 0.18573007556 -0.129014055989246
-0.0418133454413047 0.274661222972604 0.100004501995025 -0.231131982292159
0.0539502894542847 0.311410991110994 0.007033008836614 -0.270630952551106
0.0990107588766907 0.314263578409446 -0.0546813025108656 -0.251821584145911
0.0763104225696831 0.336187662436975 -0.00761595924411912 -0.254107735356808
-0.072209404572975 0.296909709108894 0.0667542581865286 -0.1554601382594
-0.245608149186702 0.240705602867898 0.0791882270448617 -0.027653643553167
-0.420861876122346 -0.0333894079428135 -0.0809424741162185 -0.0108980625372842
-0.292696716524463 -0.320707434939656 -0.1349952534911 -0.157849958678255
0.0178079550056468 -0.398364334199303 0.0120338630570827 -0.403573541091567
0.237979917210942 -0.359760643185136 0.289565654398386 -0.459866836357705
0.280728869395283 -0.534147261460496 -0.130025811484849 -0.166660875688239
-0.00819645787114368 -0.548017598046329 -0.118502838630511 -0.0160987947742477
-0.364648023082904 -0.402097058426622 0.0641351107411365 0.100861325045036
-0.493084688443267 -0.0428159416083243 0.124611896431607 0.0345876488068827
-0.306764972147457 0.290160096791279 0.150603462349674 -0.0877087558196781
-0.0850970319315396 0.340686766569241 0.0745301882421451 -0.1351707930332
0.0247508470555649 0.39168667134922 0.0321371486002365 -0.144495860853433
0.0817895662153466 0.396904098839581 -0.00235966538141474 -0.123627170009471
0.050555997840662 0.418720511183604 0.0246618084968641 -0.121752643854167
-0.128857879913674 0.35623289764262 0.0572101765222558 -0.0267942064386039
-0.325990207494431 0.28077184941906 0.0294865273435349 0.0601324971564186
-0.530733231131329 -0.0622482558868018 -0.132881330974013 0.0328839760458891
-0.379707490636413 -0.417054475709682 -0.155342167967656 -0.137777099024082
0.0213828750156738 -0.528316954756251 0.00432683989197032 -0.336033286281689
0.317831612008437 -0.496658401562477 0.205647238456692 -0.335048913746259
0.30640976851726 -0.597506937988786 -0.231837372854654 -0.0163907198878824
-0.0213575017332339 -0.614734369127161 -0.130784837664585 0.110121298393811
-0.406147124556484 -0.449972643969716 0.0816041452214778 0.135130401187219
-0.539616621663598 -0.0574171244364476 0.101020782875507 0.0512996146743816
-0.352607683164962 0.296110589020376 0.0954673889879258 -0.0321427789421139
-0.125679499634657 0.355552462586507 0.0290943906060528 -0.0203634293049757
-0.0227990814947213 0.412861687553478 0.0404085865573515 0.00657517119378543
0.0423861001082285 0.41784159296616 0.0371864512850604 0.0266613484876985
0.00849850323762143 0.431005835450588 0.040905654522279 0.0311060362777648
-0.170443029830682 0.350162296531741 0.0255609817097515 0.107314668746331
-0.357044190055515 0.254775922245746 -0.0391155308561674 0.142514200341459
-0.540285830935895 -0.102297940204252 -0.180323698997708 0.0670612841161295
-0.377572240567535 -0.454867831843852 -0.160571448585257 -0.110033650002723
0.045390791969539 -0.558507447829246 0.00157818045282667 -0.23071717110172
0.36589403949449 -0.531846668991358 0.1025371723292 -0.173591945354061
0.262960970100516 -0.593293149592659 -0.333741393932588 0.152550419697379
-0.0606503397501691 -0.591664680395866 -0.134611827642507 0.251494419244194
-0.405794819618164 -0.411891730745987 0.0949514393970473 0.161265525024763
-0.502449053931033 -0.0371961093550956 0.0668900458376234 0.0600340542499374
-0.325229657981563 0.272646071536905 0.0206391915515267 0.0237255101206987
-0.12835885322258 0.319478586606457 -0.0291424590529884 0.0963902137072711
-0.0460289234423644 0.371751399922712 0.0323481589187275 0.155653189415496
0.0148064150748862 0.372993027664742 0.061669667273379 0.173309434104739
-0.0190594174484048 0.374006971609477 0.0415578385307451 0.177939158857253
-0.171869658478283 0.289698318273042 -0.0148108955261741 0.2202850609418
-0.31328659298882 0.193273885415875 -0.105783126434002 0.197262613245677
-0.447256874229788 -0.112106861832721 -0.206591588932608 0.087153482985084
-0.307938166992349 -0.398447632658372 -0.152922098036545 -0.0773842098983984
0.0496516360725758 -0.485794174929675 -0.0101055263966045 -0.112832513157623
0.335743616719746 -0.497458907833344 -0.0140704529524796 -0.00967116430700886
0.173246229546948 -0.50121239770307 -0.409647038630602 0.309500034597445
-0.0898332017777712 -0.466047446507348 -0.130525997295816 0.372019064259506
-0.326328486158125 -0.29635049426136 0.0964882895394629 0.173439482367435
-0.368146676482152 -0.0129011865522194 0.0288181776621528 0.0630595183015935
-0.23629955995 0.197986817513897 -0.0534734355265981 0.0723198734903292
-0.106437488569702 0.228540276112638 -0.0846586503414904 0.195877975841863
-0.0583439261083417 0.269955804071566 0.0172608783567058 0.281903643883063
-0.0123472053157244 0.269508419478674 0.0737932706846879 0.29426211676513
-0.0409955212514157 0.260840300366457 0.0346237657278663 0.29539397198711
-0.144840067525925 0.185217316796935 -0.0554478908418945 0.293337628295004
-0.218996306412329 0.102438575855907 -0.159898556458504 0.214580549627644
-0.281355650303684 -0.10381131379619 -0.206701945821622 0.0817442397263037
-0.187691033150346 -0.274917893685061 -0.126224823453758 -0.0538405639237686
0.042747416594532 -0.332138423595429 -0.0150056267780766 -0.00596523582873849
0.245885107333894 -0.3838315471474 -0.109371645397343 0.139569385610039
0.0575359147989247 -0.326754052977711 -0.442797179454675 0.42460575878936
-0.103571836799587 -0.263300503853585 -0.120001672148171 0.45228959195762
-0.193173672994953 -0.129773685897719 0.0920816153720472 0.174158559578241
-0.171644357779352 0.0160513908650182 0.00368949608907407 0.0567666810850612
-0.105427546818732 0.0908264883997262 -0.109982560090506 0.097789841268812
-0.0647753019772866 0.0980063940185483 -0.127972716883413 0.255998273351322
-0.0593923911831791 0.121713970627839 -0.00415004650074506 0.363505072637118
-0.034943133580258 0.124123355760652 0.0740367776873856 0.372679566968506
-0.0540134077171765 0.110880306053644 0.0200401934369759 0.365842225972865
-0.0955828574472436 0.0632418068142992 -0.0882207019007195 0.318813540247668
-0.100420017104106 0.0114803546091884 -0.191647187568366 0.197880943409712
-0.0972985313106095 -0.0706260573626688 -0.18438524115795 0.0587090678652827
-0.0636934768754248 -0.117627970593519 -0.091960945841439 -0.0401264456910236
0.0187719809743517 -0.147120109464833 -0.0138731134237001 0.0727077453733102
0.118851478874097 -0.224949690552973 -0.168115950559807 0.252056808507319
0.0848884967077518 0.0403437677148996 0.16370245248585 -0.380053467880433
0.0515750904693576 -0.0477403181691058 -0.0143495035497215 -0.199688953989118
-0.0303068976246233 -0.0584386929988046 0.0409578049558143 0.035884709693182
-0.0813510792438855 0.00279452662222343 0.158873315479105 -0.006112344489265
-0.026072682121643 0.0726032269194617 0.212954528568246 -0.156154454388672
0.0357749357565439 0.0586469571506699 0.145043320755284 -0.311395628403636
0.0562829546930962 0.0426404483231622 0.00679792104842265 -0.387630913503409
0.0497507934384995 0.0316895181748014 -0.0712466680321798 -0.382831123156535
0.04767760397518 0.0352829947787758 -0.00592826877077944 -0.378386469557062
0.0218096822773645 0.0381142137069388 0.0908525814113257 -0.287653612573687
-0.021659648505198 0.0311247774613179 0.128875536194274 -0.125887731761773
-0.0390762051581337 -0.0179702730751856 0.0110720220258171 -0.0723060192710425
0.0313252992646225 -0.0367350211606958 -0.0597715862670125 -0.161230931541079
0.0479033914153284 0.0300236970569244 0.0874555514451675 -0.377071881557482
0.0177081751631154 0.0907820950723717 0.43955100191988 -0.434752364340054
0.200770713002421 -0.161307771424124 0.103859473929085 -0.361844298345438
0.075225757850439 -0.232906568214787 -0.0473724836090116 -0.184622947093354
-0.121821549527009 -0.213020518993511 0.0300555990195496 0.0506136707620909
-0.232321377081282 -0.0490394654191805 0.140815764772622 0.0184137545745213
-0.148196099546405 0.141430549587339 0.213632523330097 -0.130863249913583
-0.0218704812227616 0.170662965153001 0.144955163430294 -0.277330211400426
0.0394276241634235 0.191865703321113 0.0246231940614205 -0.349583498852295
0.062220056088271 0.191158387142612 -0.0526997363250821 -0.342687370995405
0.0473861158936348 0.203143763938475 0.00556897121732125 -0.341956380613364
-0.0443686895429469 0.175083654455801 0.0937717647866038 -0.237444640497811
-0.153817086406884 0.130182613382466 0.117170614972669 -0.0834621719107772
-0.239428410262635 -0.0502123256855684 -0.0269592225839204 -0.0510166897017687
-0.118961793532288 -0.204647150580243 -0.0840463963574046 -0.173276924637129
0.0583112159874218 -0.19237220867446 0.0769375983120441 -0.408788610360079
0.143277715418024 -0.147184953348754 0.350558945494658 -0.518367970260501
0.238554993138917 -0.389520895877159 -0.0358751908156681 -0.294909752464816
0.0203161515841895 -0.414785327883889 -0.101617326850177 -0.115931839283901
-0.26901538124279 -0.311608314733972 0.0452465991290386 0.0677267614153671
-0.382410506401847 -0.0306146208714489 0.133357071172013 0.0154572259240933
-0.223709436545781 0.240132663328487 0.179047290882221 -0.135116002120221
-0.0365007831565344 0.275303387456622 0.0926015585059323 -0.234168002364551
0.0614341525086717 0.311662519724527 -0.000982070800635972 -0.268298359249903
0.108619353656971 0.312367211713881 -0.0604523081178779 -0.247007719223789
0.0862063072243372 0.332970846447332 -0.0160846782626939 -0.252154066285313
-0.0673532016462777 0.299886087841617 0.0628546914911144 -0.155268052981639
-0.240516427588888 0.245674884717589 0.0780814342204637 -0.0281081408175933
-0.424514443894175 -0.0239305281491706 -0.0822553623805866 -0.00511989946980386
-0.301881026274671 -0.314605011138008 -0.138580842731102 -0.155226532365825
0.0116484762143012 -0.398565198375233 0.00467989866861257 -0.405162408192731
0.230729873033467 -0.36591092619606 0.283190545535963 -0.465431740510705
0.268620709511869 -0.538675479784026 -0.133195497079165 -0.163639850105983
-0.0179284896390987 -0.548550680349848 -0.11686128469026 -0.014153542075973
-0.372313818751205 -0.394190880205544 0.0659903137925059 0.0953321582150431
-0.493552160469596 -0.0338408674682876 0.122157734479984 0.0299791979409205
-0.299601784790405 0.297257375371456 0.145988489367738 -0.0943374840366674
-0.0791982349166134 0.341667962627622 0.0687794827516813 -0.137161304408483
0.0321904108253616 0.394410817740402 0.0277100429136839 -0.143698276600002
0.0941481405395221 0.395571482146763 -0.00583471181220417 -0.121169928118468
0.0621608217729614 0.41608695870132 0.0196084556675156 -0.120022424643424
-0.122869059952956 0.3613446991198 0.0564236812921792 -0.0267468060465
-0.318569252081988 0.286307505102807 0.0304044029243038 0.0611311703998743
-0.535555266542586 -0.047794591463496 -0.132575512034274 0.0392570779950868
-0.390769154028565 -0.409577586996386 -0.159770203624205 -0.135491400642423
0.0120524902360734 -0.528299701832623 -0.00298220153543005 -0.336989303386839
0.308416506984148 -0.504720931454066 0.201041643177966 -0.338498711067935
0.295177142276924 -0.6020837092988 -0.23419291162377 -0.012961095976955
-0.0323023494274185 -0.617174702889978 -0.127485855212042 0.112444152783663
-0.417179933483784 -0.441128586976286 0.0845623588746081 0.128392287692673
-0.543287393873416 -0.0487030876668722 0.0990803295140132 0.0474208715601095
-0.343551336999656 0.304541740330927 0.0914854412317499 -0.0375793925964741
-0.119234594614274 0.357465920958941 0.0264317746981964 -0.0198059681521943
-0.0119999094452541 0.417140573248952 0.0389904380980247 0.00565827156653559
0.0560857953750995 0.417546056771175 0.0366519838038309 0.0264984654536805
0.0205419568527601 0.429746625693562 0.040293710709508 0.0315772109120648
-0.16450584383757 0.356203225683016 0.0291235661742979 0.10825902909972
-0.350755191131802 0.262050876678006 -0.0359157776121453 0.14505446272087
-0.545203927919164 -0.0894220731646335 -0.179053597393098 0.0739719018970185
-0.389461780514014 -0.447802707076996 -0.165620903206272 -0.107617416486064
0.035322816689205 -0.560071239268125 -0.00611232286971534 -0.232064138716184
0.354766098946726 -0.54104671808028 0.100484643305181 -0.17482973344083
0.251993199929586 -0.598608368801437 -0.334042908665659 0.157740659742058
-0.0725504983353562 -0.591538589636269 -0.128984063246469 0.253646442883101
-0.416622329346615 -0.402366192582413 0.0995069318326447 0.154112090476304
-0.504724203163135 -0.0284732835567073 0.0661393171296356 0.0563925596493031
-0.316579387988537 0.280457779248162 0.0189849561618603 0.0200609058143953
-0.12157158576138 0.322972923925775 -0.0291512523097258 0.0988473434862937
-0.036488980266998 0.375562790071118 0.0350596046902147 0.15487971461038
0.0265541527483423 0.374353021977648 0.0642958133808633 0.171243750182998
-0.00932373177769732 0.374072705545496 0.0465445200447978 0.177546215378355
-0.167097473308416 0.294347751539515 -0.00781198748433817 0.221941551409089
-0.308743856129667 0.199686190544143 -0.101159478844486 0.202212178364946
-0.452607348857465 -0.101271985641205 -0.204835368291926 0.0948475935000159
-0.319039363582397 -0.390674224788157 -0.157951492504762 -0.0750600996698096
0.0422826908068337 -0.487982616670256 -0.0165918900722296 -0.113580438444799
0.324599411783862 -0.506917744217772 -0.013752603132482 -0.00809712167948963
0.164009060110583 -0.504074567196345 -0.407849780661844 0.317053743835445
-0.0989861702312564 -0.467140853378132 -0.122942239046256 0.373898758574538
-0.334682068498152 -0.288675971951201 0.10086126088281 0.167393767975546
-0.369537675504223 -0.0054126686038704 0.0298496984563949 0.0605640112165595
-0.229020774211092 0.203590288639644 -0.0537529247331431 0.0704623759627018
-0.102115443624997 0.230850142929398 -0.082040460236261 0.201223787161152
-0.0514401416867822 0.273473481726081 0.0234957946813898 0.280569869595864
-0.00335723253047884 0.271296911932499 0.0802921556693216 0.290693178413982
-0.0346631532007407 0.260886777041592 0.0439924851665214 0.294515841896315
-0.142141843010353 0.188740571592131 -0.0455505949350009 0.295553254605022
-0.216289681505907 0.106498122186407 -0.153896235298839 0.220585423546374
-0.286389341835652 -0.0965595994327437 -0.204905981014917 0.0888030513154865
-0.195278137730814 -0.269768188703361 -0.132265349120727 -0.0513659546218859
0.0383651235622383 -0.333524997171717 -0.019608965751033 -0.00685303033290539
0.236681033246908 -0.391681534226908 -0.106047070578122 0.142551431789879
0.0516032652328777 -0.328308399959525 -0.43878426544154 0.431861733409045
-0.107933148600282 -0.263630839824309 -0.111515797683982 0.454398040796577
-0.19730208491437 -0.125101451124942 0.0962136697835424 0.170226148592614
-0.171723306840467 0.0184846396654189 0.0051518342987132 0.0544610904210679
-0.101391077673555 0.0931511978839939 -0.109240344899705 0.0987747185983427
-0.0627712618177069 0.100240799335462 -0.12338340431434 0.262543993932376
-0.0554703441729242 0.124904617025256 0.00473430681047235 0.362441145935187
-0.0308465661866841 0.125642994974898 0.0831901097466442 0.366483550467378
-0.0522403784248572 0.112665226202687 0.0330914227839615 0.364522493897911
-0.09504504354914 0.0652330711438833 -0.077565690665618 0.321396495017162
-0.0997483813040711 0.012727638224532 -0.185612365584769 0.204098565871234
-0.100060320102922 -0.0674341976134728 -0.182890972466593 0.0648284331531904
-0.0666407940672827 -0.114530072193154 -0.0977002571305932 -0.038084861791883
0.0175543123259926 -0.14738983313804 -0.0164781146841015 0.0725897286002763
0.113295091997617 -0.229557517271369 -0.162271018225906 0.256848906858171
0.0864043544179196 0.0375385346540102 0.152194658994619 -0.388253968437832
0.0500334559868471 -0.0504533392947503 -0.0193501624334818 -0.198543045101845
-0.0332652811084848 -0.0599536891850891 0.0447801572019444 0.0341976239208796
-0.0833160892821794 0.00600019811716804 0.158570132044766 -0.014219599642173
-0.0244834468141179 0.0743139851223154 0.205024250759648 -0.167720727819584
0.0374125378940728 0.0579917993862679 0.13040210257582 -0.321641572136086
0.0582115707795597 0.0409487054550252 -0.00981657027383625 -0.389111159020988
0.0511625360589568 0.0301211147234993 -0.0868681054837356 -0.378538541842407
0.049903591119818 0.0328738170046561 -0.0243025038013648 -0.379348392760245
0.0238934897975846 0.0373384087630584 0.0783151756528562 -0.292447073512521
-0.0211199172804728 0.0320828556150444 0.124936759403417 -0.131116713201533
-0.0393673865970252 -0.0166129517194713 0.00735246017065285 -0.0700821286221908
0.0298925470595775 -0.0387869244595054 -0.0652071033123952 -0.158510785873696
0.0492423577854202 0.030649852106521 0.0760689633925586 -0.38318100676232
0.0210207354731053 0.092545831169064 0.428118537581318 -0.452974429304886
0.194525538647246 -0.168636187930295 0.0918902810748944 -0.367610580694965
0.0673244468901714 -0.236644861028833 -0.0512629090678959 -0.182772488903176
-0.131639407728308 -0.210697655955076 0.0336456760593066 0.0477232603916666
-0.236799995263725 -0.0406948226619499 0.139853494802031 0.0112556261544782
-0.143390345444919 0.148355015735305 0.206381832331205 -0.14280508660509
-0.0169907539410487 0.172276602238399 0.131766119756126 -0.286531279557837
0.0474596355828255 0.192924747179804 0.0094816844172394 -0.351140557102913
0.0713173482563476 0.189878700333497 -0.0672144951477228 -0.33944805184447
0.056921437919715 0.201352747401205 -0.0114553860509792 -0.341846796280857
-0.038510429293894 0.178439857700832 0.083819814400126 -0.241442632509505
-0.150261438091902 0.13715157872252 0.114712030607547 -0.0877496698072841
-0.2443856383124 -0.0409857764363207 -0.0308562569257783 -0.046439876673395
-0.129447354310964 -0.201313245511062 -0.09028987956084 -0.17121402002639
0.0524425815592078 -0.194218869458405 0.0645670630471451 -0.415819046766459
0.138557897217711 -0.153187374873835 0.336124176675875 -0.53314809287705
0.225032616395332 -0.398026014806066 -0.0455592053694594 -0.294642171516397
0.00638566492315597 -0.417227591082338 -0.102951829947482 -0.112405043454592
-0.281644890794605 -0.304188910851221 0.0479141837655062 0.0624794191345097
-0.386234516032923 -0.0189386506034388 0.130497375603227 0.00976289214676944
-0.215687104939878 0.249702314749937 0.171106930471808 -0.1446188275688
-0.029038109331222 0.278007762278497 0.0810264208025311 -0.238621158241188
0.074609698384374 0.313083464016706 -0.0123116394067323 -0.269050681187868
0.12443544238398 0.310295983391733 -0.0703494040094741 -0.242868271359992
0.101484052784558 0.330859762480288 -0.0279168817053933 -0.250271537604887
-0.058109876836903 0.305711785007123 0.0560230846045004 -0.156750077045103
-0.233529321751676 0.25610836624116 0.0773206292329711 -0.0293763518106536
-0.429362929477991 -0.00647836054221976 -0.0836626820406639 0.000508976197396482
-0.31666304219354 -0.305709294943846 -0.14538973013802 -0.151970644713846
-0.000549056388037343 -0.400835090400605 -0.0102076782146264 -0.408459384450978
0.219640605606562 -0.376848226371411 0.270899582565112 -0.477177321835
0.250636385970309 -0.548560032167094 -0.14059154668558 -0.159918158213136
-0.0366430597280227 -0.549802547701574 -0.114731616695284 -0.010104920960435
-0.388360755350724 -0.380843228910671 0.0695835810945247 0.087930904907342
-0.499616463879065 -0.0183796326511724 0.119984408443458 0.0247473566728856
-0.288313633234579 0.30900764748789 0.139174663285639 -0.10304774293751
-0.068334100635551 0.346276944806583 0.0605336366400605 -0.139176026051484
0.0491051699548864 0.397206353352921 0.0207563661461346 -0.144341039273038
0.114202379147177 0.395159589336264 -0.0108883516874761 -0.118703871233142
0.0799747249950003 0.415699684279976 0.0131447853757651 -0.119013879946883
-0.112292868020471 0.369866815775192 0.0557576479639818 -0.0267117077846899
-0.310979059449057 0.300183782630054 0.0326421852357875 0.0622782839613586
-0.544064311932618 -0.0276815586750903 -0.132887618149067 0.0483065615924276
-0.41106955151085 -0.397696935298363 -0.167045575863146 -0.131144476080559
-0.00588107941638702 -0.533142309419678 -0.0165888355288008 -0.340017686493391
0.290766885904177 -0.519515376220101 0.192254513586524 -0.346402447045422
0.274577644642192 -0.614707651312428 -0.237410275806875 -0.0046832675057948
-0.0558385034006398 -0.619629208847561 -0.121837780662083 0.117891370041285
-0.437132483029273 -0.427251658922691 0.0891878675693587 0.121063635981442
-0.54851182889761 -0.0307542844205258 0.0978401242461722 0.0417938326288836
-0.331821694003627 0.31865305606513 0.0868326773204993 -0.0451344187784983
-0.107528597560256 0.364692131025228 0.0231804961397672 -0.0188663732304479
0.00463845425465338 0.421540187453906 0.037459812590244 0.00512615673180482
0.0767911131898456 0.418554119637224 0.0371689226845896 0.026582154301604
0.0385459334908249 0.431868566962488 0.0402194758439628 0.0323627520905112
-0.153294963865201 0.366553387151477 0.034098721221911 0.109282577198028
-0.34332537525377 0.276796748777697 -0.0306582445843765 0.14928643752902
-0.556669692642735 -0.0681321897555526 -0.178489730547614 0.0847493085381244
-0.40992161465856 -0.435192714566527 -0.174275549732249 -0.102982337994974
0.0187521433053786 -0.566159421026441 -0.0170892231419186 -0.234408312443974
0.335552599552342 -0.559750835838625 0.0961589292648562 -0.178180068464757
0.229862825988849 -0.610884557508091 -0.333459704204627 0.171383067247073
-0.0938668459324705 -0.595531998269783 -0.119927010902593 0.259428553242927
-0.434244755107712 -0.387037880648158 0.10474440491698 0.14665694543547
-0.510453711767592 -0.0123715326616948 0.0661148312882319 0.0531361005887003
-0.304377025553531 0.293802342247477 0.0165613681467603 0.0157951579598901
-0.111515369064827 0.329494452965696 -0.0268890698548236 0.104402339694088
-0.0202834761441569 0.38221166449085 0.0399712241813401 0.154072639269292
0.0448976811782487 0.376248888401988 0.0711310430823519 0.169397740829459
0.00651641327099173 0.376190358658546 0.0541920250695203 0.177414924130666
-0.159021228165912 0.304940576899246 0.00291764361214282 0.224714476688277
-0.302696890891218 0.21162439715877 -0.0925320206439389 0.209897399083939
-0.462392072667021 -0.0829620696671161 -0.203329456524947 0.106070234392536
-0.337153793161647 -0.379750325627803 -0.165828060258999 -0.069296520672906
0.026873924922104 -0.493546856773668 -0.0252816216429075 -0.114406256578957
0.304558423093229 -0.523221430888469 -0.0125181133809105 -0.00689887085440935
0.146737978317769 -0.513643606072265 -0.402247781960552 0.333008543282318
-0.116141898048325 -0.467861471559898 -0.110660211635435 0.380172013398943
-0.348812227231537 -0.276724530442156 0.107567539716944 0.161302550267159
-0.373203677929956 0.00551871144381254 0.0314777117104843 0.0574627047088962
-0.219868231455113 0.214342506174556 -0.0537414504675656 0.070640928391695
-0.0937858387043124 0.237055408067661 -0.0748847599135802 0.209107432212868
-0.039421345370596 0.27925054043238 0.0336119760410323 0.281362105788084
0.0102947526267118 0.272633081708443 0.0919564715090073 0.2875122603917
-0.0240134084463087 0.264552025191796 0.0577479590826882 0.293754170949997
-0.137502238983337 0.196657221594673 -0.0309032521161078 0.300631205697737
-0.21339397769079 0.113978367792199 -0.144405991369073 0.230645804839391
-0.293693652157559 -0.0856532797299146 -0.203224103558017 0.0998772941921334
-0.207230588304118 -0.261928706624274 -0.139421045441163 -0.0458976816984957
0.0287487649009316 -0.337605140562086 -0.0241665983817687 -0.00615569700178096
0.222112107306784 -0.405127690408267 -0.100297606248091 0.147557075776569
0.0409027204369207 -0.332958140256737 -0.429947905449848 0.449366100993728
-0.118843618549328 -0.261941374757173 -0.0955260290002484 0.461822004597746
-0.204234677260442 -0.117290684635815 0.103476278577291 0.165673335376794
-0.172849579540023 0.0238256418960175 0.00833643062108296 0.0529693595761074
-0.0954577951133791 0.0978826192926572 -0.107814940877195 0.101671455585716
-0.0589744328646819 0.102988314377242 -0.114074755248891 0.273289058968215
-0.0504630568058123 0.128734173276356 0.0184411956980509 0.364394291933861
-0.0257526984243209 0.128288907515577 0.0983892512464428 0.363184722321869
-0.0483469451583104 0.116355783787722 0.0496783780217049 0.364022258215522
-0.094050411957104 0.0697809834089874 -0.0619255929735503 0.326142482980144
-0.0990704631550916 0.0155139069174202 -0.176661672882747 0.215226465981268
-0.10439084905792 -0.0628757354693502 -0.180774537422278 0.0741120487543551
-0.071291646986633 -0.110723649965821 -0.104980720005448 -0.0336913730195017
0.0131317024383904 -0.149995587826779 -0.0179298726799068 0.0739586009492175
0.103740806617151 -0.237127409384104 -0.153190773806713 0.264034909364129
0.0870718463335174 0.0333583647138648 0.132875869315346 -0.393200958422232
0.0463815155795141 -0.0526538282355277 -0.0265718476436861 -0.195684977386113
-0.0373094808270317 -0.0600109661847212 0.0489819144640056 0.029566044314925
-0.0840662786743838 0.0106269914325605 0.155476733254048 -0.0236705882071828
-0.0214109230791896 0.0764760142400903 0.191566648754801 -0.179230855596075
0.0390251445183134 0.0558798992831038 0.108439255012278 -0.329393506586838
0.0597982854751639 0.0387602618985139 -0.0319164181910489 -0.385826254335891
0.0522474857254215 0.0279277421605999 -0.106466188878451 -0.369302732963326
0.0514979700159944 0.0293188636124873 -0.0474423928937433 -0.373896671023592
0.0256662770187755 0.0355136696240274 0.0604037955381075 -0.294583515030894
-0.0195039258309187 0.0331308103207813 0.117416132220458 -0.135694904526819
-0.0400203444901357 -0.0145787782024756 0.00263550561410046 -0.0668428922527556
0.0272292514041115 -0.0413833813626505 -0.0718024398146513 -0.153489463348176
0.0514380182377068 0.0303239128886739 0.058555468578743 -0.386538657158684
0.0262259573713201 0.092175275461073 0.402801957961084 -0.472407307307083
0.184190537519215 -0.175861900873481 0.0738054855171976 -0.369436467396771
0.0548639824946036 -0.239148941872498 -0.0572827030022274 -0.178125748337409
-0.141917515490128 -0.203717529767326 0.0369078913670448 0.0426367268181841
-0.239294159414122 -0.029440605078791 0.136529499036603 0.00279487897265209
-0.135380761154747 0.155238962515414 0.192709579797658 -0.154691856556854
-0.00919730668355755 0.17247814751574 0.111636069267536 -0.292238120784884
0.058401455843012 0.190414269627868 -0.0125223884923263 -0.34798313361524
0.0828729392758685 0.185510501479381 -0.0847090541065607 -0.329896094199574
0.0691580757171581 0.196733533756744 -0.0328812298526598 -0.336582899409252
-0.0290032670802179 0.179906232296207 0.0689830886468295 -0.243204151047229
-0.142530496235827 0.144158833068867 0.10920268936317 -0.092722382761085
-0.24615969124069 -0.0266740025572742 -0.0343921022649142 -0.0414982001363825
-0.139874786824848 -0.193801411490803 -0.0989185638188728 -0.165929773589881
0.0433431383384238 -0.194895466580665 0.0432192666618079 -0.417956714182569
0.129071740680008 -0.158499636248836 0.310215341229423 -0.545567890373093
0.202061031210901 -0.404828674858793 -0.058860526834647 -0.289317599120124
-0.0134885483899601 -0.414677635401477 -0.104512051857979 -0.106984644946972
-0.294586411432825 -0.287729049666307 0.0505910098264635 0.054983128289392
-0.387073093314092 -0.000868828964636637 0.126806922220774 0.00250058178319555
-0.200981601595596 0.259515965277286 0.157441002245347 -0.154708865418186
-0.016755936031458 0.278379079222234 0.0648814494735885 -0.240482093982177
0.0925977890564827 0.308815306804562 -0.0293739982862515 -0.264699113824344
0.142779482737923 0.301107926155563 -0.082609155893864 -0.234621638544636
0.120249126913201 0.322402600611304 -0.0438839987528997 -0.244123027741448
-0.0426762860628136 0.309043281028232 0.0476239545001975 -0.156691172240697
-0.219306587065926 0.267352556035347 0.0757526599878191 -0.0317323495772044
-0.430343985077715 0.0165377440927974 -0.0837252385684302 0.00890749036179166
-0.331314376888834 -0.286323403037177 -0.15352778315106 -0.144708972684388
-0.0194886741815589 -0.398347154883607 -0.0295587958774038 -0.406847572162753
0.196587946819863 -0.385381037556646 0.247229299753096 -0.486642609541738
0.221384793807787 -0.556081630032662 -0.147511338087164 -0.150547245099398
-0.0629755094406185 -0.54603698205228 -0.112048237077562 -0.00447957632630747
-0.406000021505249 -0.357668486611803 0.0726181225997733 0.0794461882693504
-0.498948407592511 0.00437254966499895 0.116632873693068 0.0179898655777204
-0.268153152991726 0.320031700842134 0.127680091292672 -0.113020305382041
-0.0525936953233224 0.348528275912253 0.0503808438214233 -0.140519748485836
0.0707598813181333 0.392644369054676 0.0102119409369729 -0.142937472133308
0.138286951905506 0.386357669010902 -0.0172849387436591 -0.114360128666679
0.104824728654174 0.407091865113737 0.00486495104589524 -0.116137103125309
-0.0928682367634875 0.375868057737294 0.0546879487644764 -0.0278658787074269
-0.294437984850403 0.31416319701967 0.0363009071622568 0.0625210992538703
-0.545207894541168 0.00230598654090531 -0.130918714700751 0.0583508553856116
-0.43047724042975 -0.371669169652583 -0.175561690373845 -0.121869403683074
-0.0296855840327763 -0.530562679180519 -0.0349438143055186 -0.338660002377904
0.261536917872083 -0.531421699163484 0.175958544725469 -0.355542783515149
0.241468677479863 -0.622148627242568 -0.237462366404115 0.00876800027387189
-0.0862863448553309 -0.614056373005749 -0.113388701867415 0.123284990945859
-0.454828355978498 -0.399836022770189 0.0935205143414701 0.11059774367792
-0.550607925006517 -0.00410465375725377 0.0970074919035326 0.0358624349974023
-0.310191583710462 0.332792883277834 0.0793409682615997 -0.0528798270107986
-0.0885192447692742 0.369711478461443 0.0202708380509177 -0.0173534451241702
0.0304407633929559 0.420745206335429 0.0354313509123696 0.00380572754650771
0.101890498577511 0.412383799013427 0.0376752330711134 0.0264804237668217
0.0644386505330734 0.425396798628296 0.0409985308448964 0.0317131925465536
-0.135531837743391 0.374365040283977 0.041044686330906 0.109165355869136
-0.327223101840882 0.292639816510163 -0.0213402440717081 0.152753849599266
-0.559031937527166 -0.0358035047428483 -0.173790443400036 0.0966361577519817
-0.431077576578103 -0.408984192864484 -0.181973920915731 -0.0929613820964998
-0.0091485516488155 -0.564777762392962 -0.0317745371640631 -0.231741086538203
0.302445828905098 -0.576159763356442 0.0877525833050146 -0.18213284662359
0.199406065506073 -0.617308232422168 -0.325512930524277 0.18660249599675
-0.124528123969051 -0.588241146565448 -0.105298047637566 0.264339461858012
-0.454046247130346 -0.359711891105826 0.110698378145774 0.136949717650324
-0.512047633287139 0.0121471652620147 0.0673909212288242 0.0482893164745983
-0.2842098096296 0.30785355398532 0.0134009651728222 0.0115531418507791
-0.0938238538769283 0.334186688926379 -0.0222250126330699 0.108491111782472
0.00291750370170954 0.383024289025281 0.046034756815275 0.151678722633102
0.069074495517783 0.371442897370932 0.0788629452260875 0.164581529434426
0.028476127005699 0.373762506865701 0.0636871759321753 0.174050641057797
-0.143130694426435 0.313553277200352 0.0170964867561635 0.224138072863296
-0.28993457617114 0.225975751359618 -0.0798740698517455 0.216025355981156
-0.467606255618083 -0.0567075257057314 -0.197009424672103 0.119506089379252
-0.35510054398515 -0.358071896319863 -0.173629394177462 -0.0588860751656598
0.00351010795203452 -0.49316147594224 -0.0342118788337687 -0.11185886153994
0.273008806055794 -0.538041119475602 -0.0122874138552087 -0.00667854244606178
0.120254415076579 -0.516995300678507 -0.38517221065475 0.352461757769448
-0.140185016799089 -0.460115156551668 -0.0899921662218353 0.384145958878271
-0.363643261367315 -0.254067866097794 0.114322105313567 0.15247514026458
-0.373107863853842 0.0236608753255737 0.0333916983432656 0.0541546190840806
-0.204343608804388 0.223196576353346 -0.0521507738434161 0.0706459355687565
-0.0810815571902332 0.241414452954372 -0.0639772820876397 0.215576857687695
-0.0218887838126247 0.281786117658342 0.0471381647885572 0.277629731654319
0.0273597609516548 0.271784788635314 0.106231485869759 0.279104533616813
-0.00908725761707178 0.264793742607273 0.075161247312634 0.288123468326428
-0.12701200575496 0.204586021587231 -0.0117152373397306 0.300660270043055
-0.205949910834742 0.123201467711842 -0.129648169027874 0.239184790015965
-0.298103569900919 -0.0667941209517605 -0.19597922144364 0.11176370809082
-0.220085637079618 -0.246755431357145 -0.14623605486857 -0.0370117550478838
0.0119200468420467 -0.338293536080424 -0.0279145850914815 -0.00414768686384989
0.197820647372056 -0.416290383758546 -0.0917083658252486 0.151566112587169
0.0246315079239365 -0.333769812020201 -0.40995701205731 0.467275836741349
-0.131208988501883 -0.256207221088325 -0.0731021638144863 0.463661377046201
-0.210769231916811 -0.104578515668549 0.111496801116651 0.157912436736671
-0.171641617886516 0.0316598493080687 0.0115799246392284 0.0498777668051781
-0.0876285348471429 0.100930416584816 -0.103342806591168 0.104899811112985
-0.0526162089486751 0.105902897164146 -0.0976697740955565 0.281995733325252
-0.0424641680988419 0.13183412156069 0.0374573762909032 0.360833802491864
-0.0171133338055877 0.129093917264646 0.116722470485011 0.352989214821073
-0.0420699131481472 0.118820879462753 0.0721323206496181 0.357289837428152
-0.0908541740686992 0.0752377720483344 -0.0402775108374048 0.327142193720197
-0.0974550033139112 0.0190482346178749 -0.161374664914132 0.225757958831799
-0.107293059964322 -0.0559009422904526 -0.175189809656178 0.0850048691163978
-0.0764649351993264 -0.104691721254426 -0.110402184684808 -0.0246804973613858
0.00538344887489401 -0.150612562528943 -0.0173696633046838 0.0750655542318377
0.0879828172366227 -0.242823999307643 -0.13874669162658 0.269728600908665
0.086659732416777 0.00939022254405161 0.0638837607366104 -0.391188163784593
0.031398940046486 -0.0609624898643739 -0.0504181259155692 -0.180944167489538
-0.0469322008564435 -0.0531917813161948 0.0570988249322403 0.0169749464686703
-0.0765067814533531 0.0234939570045827 0.144487076232298 -0.0530902126602642
-0.00665952784078916 0.0726567933026387 0.14922472195113 -0.204239503667966
0.0425520041900287 0.0390615734974545 0.0453749520683836 -0.329135423583911
0.0604114056691111 0.0239615067133471 -0.0956460477591465 -0.362920597156428
0.0491052060497547 0.0166484012509782 -0.155101253641555 -0.332713144043172
0.050291104819758 0.0171384627400143 -0.0975161686166866 -0.35163087020583
0.0268458885207182 0.0292320845710034 0.0181303073932959 -0.292037001649818
-0.0152433002838745 0.0336051624421679 0.0964959698086575 -0.14564306520451
-0.0414228805302202 -0.00804362226682294 -0.00512089567826893 -0.0615485090928301
0.0180555897622489 -0.0423271838367509 -0.0904475502496735 -0.138726697859833
0.0521297989335703 0.0260081007445761 0.0065777082761655 -0.386683197126414
0.0338761230583746 0.0845061981421518 0.335819132019451 -0.501219226052619
0.142559602714724 -0.205928553545231 0.017182137731082 -0.350858498505602
0.00617879948005744 -0.238477610861452 -0.0693390057255452 -0.15525150634497
-0.171710280263336 -0.171146716789539 0.0561873254273529 0.0281959807520866
-0.233270538199385 0.012967393402678 0.136843337208035 -0.0299511821052933
-0.101076982576345 0.165628490064015 0.151583410536722 -0.187013574999158
0.0148727854788319 0.158694529774676 0.0516434730674377 -0.29662449058124
0.0873320104092425 0.172656285810571 -0.0725481246297203 -0.336427601839371
0.103155218709229 0.162839671364142 -0.131495225301282 -0.298866299412095
0.0954417941063177 0.176237112242148 -0.0796058185386537 -0.317208572737189
-0.00256772319770001 0.178952798591059 0.0340590150147752 -0.245438282227334
-0.11486100196424 0.159783661572442 0.0941675440088358 -0.1049748936131
-0.243998880052054 0.014279508158646 -0.0330714595500204 -0.032543486477048
-0.165423852613662 -0.162242191315432 -0.114894236601597 -0.142514608326331
0.0115569568475967 -0.189142689672079 -0.0171680285959854 -0.412023722164118
0.0974285356558982 -0.172234457144114 0.231017916769441 -0.561184716407413
0.12093281253277 -0.424088410016998 -0.0888495966393138 -0.248937870057422
-0.0894739264926593 -0.391955658440724 -0.0950469260928773 -0.0804555608287789
-0.331949502636434 -0.223746350773676 0.0765980915192899 0.0327803777920389
-0.371042515190055 0.0655211471316792 0.129446076456413 -0.0350889612246936
-0.14813504186202 0.274002614185664 0.113743869609949 -0.185185678367285
0.0243303676696832 0.262576682830655 0.0126342068244688 -0.240744815747112
0.142384480080818 0.283595694297737 -0.0774598139846895 -0.257256614653258
0.178668059897236 0.264599361749759 -0.11673445751337 -0.206943341895609
0.166000133769886 0.290846260296231 -0.0773367406100373 -0.225839851416962
0.00554605425056755 0.305951765139543 0.0243255830228143 -0.161062145925268
-0.16919827144684 0.288669797639929 0.0702963377569827 -0.0445880857801535
-0.414775536218121 0.086866205448293 -0.0699161898911274 0.0213512778425087
-0.363092137197639 -0.223150773842132 -0.162537077442195 -0.110448776358868
-0.0773500713555572 -0.377297054437685 -0.0917371435935009 -0.389384280694431
0.133250106090848 -0.401332963880149 0.172152816510078 -0.496834753992781
0.11356074493458 -0.569080215256763 -0.147414687644173 -0.0993420023274546
-0.157350633551642 -0.506415929339179 -0.080073006501102 0.0189543625254286
-0.448541334942945 -0.272469962278179 0.10680159605815 0.0484022266686585
-0.478543804918826 0.0904292918361451 0.124954929738847 -0.0244611744614798
-0.202404158420765 0.343638174254275 0.0889893998473655 -0.144140037133521
0.00209785052636629 0.338017121841932 0.0144855457924267 -0.143893436938565
0.138548437909039 0.371313710772724 -0.0217509777770874 -0.150454073163856
0.187619361318242 0.346187022999564 -0.0383320053616806 -0.102914350329763
0.16618511699832 0.376212236788967 -0.0137839911211046 -0.109926531046461
-0.0314544374253621 0.380060093040315 0.0488906206308398 -0.0379111290615504
-0.232408774804309 0.34690836797012 0.0454601470135382 0.0504521139527154
-0.530141545211607 0.0920350033018806 -0.105456437596703 0.0756754894171875
-0.468541345565991 -0.289144528234091 -0.17994233882368 -0.0827338679348891
-0.106001316821952 -0.505095238492531 -0.0910802183182953 -0.31937756001134
0.176191866145163 -0.552944914294863 0.113136176719139 -0.36121074175131
0.121751360643335 -0.633852673299718 -0.208034209682514 0.0683432518439285
-0.189638482674217 -0.56577507149639 -0.0595126885581657 0.142691698090245
-0.503744657062073 -0.302296714056771 0.134685241740838 0.0733598669742217
-0.528750071224606 0.0917767997067166 0.111242228087883 -0.00671062662140695
-0.239461867150528 0.364192172164952 0.0518096790536321 -0.0821819485139246
-0.0301040887727222 0.365565996605405 0.00524216227866434 -0.023797557834158
0.105320938118101 0.407627075244428 0.0262943552666791 -0.0151703436833736
0.161222687910142 0.377182685910133 0.0328758987363749 0.0216769502744305
0.132153886305559 0.401109774953535 0.0406563586092507 0.0268674207996794
-0.0706877017734017 0.385876042471149 0.0556508418104462 0.0949420527644657
-0.267055538538103 0.330676820053208 0.00216480766034867 0.14447893224302
-0.548429853837943 0.0582366379319513 -0.141847112903302 0.119044033836736
-0.476805227307499 -0.324095265589316 -0.183986542773259 -0.0511708465599191
-0.0891764523250236 -0.542076919347126 -0.0762465999921858 -0.216118292059658
0.210602466386457 -0.600708731887589 0.0463184969911953 -0.185101886113248
0.082026055117351 -0.617320937036571 -0.264983773491912 0.249231200541975
-0.220011926516414 -0.533033759742375 -0.0312943681761615 0.274307762989663
-0.494419454426627 -0.263617082763454 0.153351905890533 0.0954091362273369
-0.488449954844718 0.101048241678912 0.0831958827081827 0.0101451198106837
-0.219301436487562 0.336944851574749 -0.000388297060129425 -0.00895836915272624
-0.0366260060582085 0.336481084591484 -0.0141599387770897 0.10254050839937
0.0732141384007691 0.376536992839864 0.0615568365991271 0.125855802496475
0.12496690316821 0.344532299519737 0.0923867375908269 0.146320104316902
0.0913699850712646 0.35674825845174 0.0825155923978056 0.159486722488574
-0.0868579901654736 0.327373793333001 0.0484335114250368 0.21064103406504
-0.240506820005002 0.261239636278225 -0.0450634628774443 0.214598895113561
-0.460540628540421 0.0241089754179923 -0.163218854547623 0.143399269472185
-0.394144375113015 -0.28600618813268 -0.173339802014422 -0.0196665082852173
-0.0680775980452183 -0.475703504614181 -0.0631942354795893 -0.0987755080395146
0.187664858989919 -0.559257036661399 -0.0286206280707121 -0.00513693467550562
0.0226362151736803 -0.506768091650577 -0.300097447330047 0.409923919070671
-0.21135354638072 -0.406731440534154 -0.0043559707453118 0.385454329380045
-0.388374914854051 -0.177063392950569 0.152641892705577 0.11314163278985
-0.355024963638586 0.0890533993451251 0.0491643620325532 0.0268904643273358
-0.157034444713515 0.245562559124061 -0.049726372361969 0.0621815467445942
-0.0380690052380674 0.248450375990555 -0.0336328129511759 0.212775832714737
0.0324647641741349 0.2825595193062 0.0850883807832838 0.248877774153668
0.071650590407409 0.256119160807643 0.137653975267827 0.249961034105163
0.0390722220520099 0.258371018860894 0.110076063141716 0.265852562911494
-0.0869440549340751 0.219071961989349 0.0307895758149443 0.28860574913326
-0.175210072456104 0.150381322611389 -0.0897420444627102 0.246003062071043
-0.29856751228888 -0.0134051977526164 -0.166843430755138 0.136685092437862
-0.246818442834886 -0.199817847319487 -0.146151151134616 -0.00513315024681279
-0.0368039639656158 -0.32812377319884 -0.0397501535418097 0.00311437198767845
0.132352925491735 -0.43124580962444 -0.0825937648335893 0.155983565086825
-0.0360110333025265 -0.312490155140907 -0.309393779573362 0.516730345300528
-0.165159021695231 -0.211566474481295 0.0145137825914033 0.455897822913603
-0.216742522286279 -0.0604458926713229 0.140711113412235 0.125148752833452
-0.159973856964738 0.0616242619115196 0.0230697746513603 0.03454357236084
-0.0670701106602711 0.11156199244114 -0.0883571424477163 0.110420856754743
-0.0316062008757863 0.116053677729967 -0.0507570676170067 0.282569144936072
-0.0140247573374352 0.140824110624508 0.0930090530149713 0.33511421614604
0.00760778487895469 0.127901924081976 0.160466662832434 0.317627336587849
-0.0167902636248567 0.123619022967882 0.118847581710487 0.331090652671843
-0.0718469961470194 0.0880733267456922 0.00762897690578593 0.319601449608767
-0.0879316023638725 0.0342264173027669 -0.122105467772696 0.23848444528111
-0.111095717501145 -0.0339867382838696 -0.154436803323365 0.107511988656331
-0.0877323400245014 -0.0851197790854997 -0.112358737601881 -0.00256524024561904
-0.0163646249616885 -0.14684146039394 -0.013487622993761 0.077490236314298
0.051901069681792 -0.248597718613267 -0.108141972377654 0.276350132707318
0.0828425952448271 0.00741389853850931 0.0501894242487186 -0.375342414734873
0.0282832731965797 -0.0583081824803949 -0.0515002571589519 -0.172865397149219
-0.0485107559346382 -0.0506612394498082 0.0562937172168475 0.0113123732852806
-0.07331076357395 0.024778763336806 0.134696554048593 -0.0567820237839235
-0.0043696899606935 0.0711749046104415 0.132562581463283 -0.199834483527603
0.0407800230119702 0.0369696394759417 0.0276074757545135 -0.315387654760854
0.0590403174023244 0.0213201847250569 -0.105295364349977 -0.342846883750642
0.0476760587655293 0.0147699137245718 -0.158920890579288 -0.311166284907834
0.047748362587857 0.0144932189426396 -0.10616856935831 -0.329587345845311
0.0265887061245234 0.0265937453363617 0.0068552647293008 -0.277687831717776
-0.0136336693628537 0.0333860748625798 0.0881134047580043 -0.141447604333283
-0.03969619402772 -0.00699213268615609 -0.00752665719590951 -0.0557263456763194
0.0160704574476605 -0.0413208480205318 -0.0917283826533358 -0.129571839412957
0.0529149845204776 0.0239668811866802 -0.00607254315412802 -0.370295790239135
0.0361492921353863 0.0806653087706591 0.308766009411466 -0.487313220981796
0.12955245252602 -0.198667052127557 0.0069269208799405 -0.334289908748327
-0.000997830648772652 -0.227515798168665 -0.0686126906623227 -0.147626486191883
-0.170171298207093 -0.157897305617659 0.0541905156878758 0.0217164699347222
-0.224848092025841 0.0193113915414948 0.12683595188515 -0.0331851288593906
-0.0912260456737203 0.161775718343009 0.134126149953076 -0.183405040123554
0.0183896659955206 0.152272971317205 0.0353210692737283 -0.284277755473356
0.0904258020024221 0.163037320564593 -0.0834213456437103 -0.317019353616235
0.105604566304941 0.152294964782092 -0.13344046053499 -0.27915005001524
0.0977239725048276 0.164171984604575 -0.0872917868946555 -0.297048400735455
0.00343348597842267 0.171448390120608 0.0237488049329245 -0.233970246474529
-0.105812951545681 0.156958363677365 0.0871542139048061 -0.102058840018343
-0.23409761777629 0.0224179662691159 -0.0326773288783486 -0.0264658706826045
-0.163527811217205 -0.149483311614586 -0.116419975584538 -0.133328478431487
0.00715659809236815 -0.181285144125759 -0.0279020883997459 -0.395702291182196
0.087519815798671 -0.166381463314576 0.207961183064392 -0.543222899197403
0.10319089048455 -0.405789438244521 -0.0904428602985617 -0.233969740140248
-0.0969316078830935 -0.370898453522745 -0.0903516469862512 -0.0757142674012704
-0.323334132583648 -0.202955560001975 0.0721334453693712 0.0249428909134678
-0.355890145116805 0.0738041842790389 0.119365093180094 -0.0375698637425563
-0.13228365424196 0.266417177287592 0.0977119003852795 -0.180025908251505
0.0307554042619816 0.251939258709575 0.00192488423535091 -0.228059029885222
0.147327978193579 0.266902293917647 -0.0852994218424651 -0.240470176016493
0.181746898461523 0.247280601571934 -0.116159969038205 -0.191966800896685
0.168803608827106 0.270585922811669 -0.0817216914220931 -0.209947173155188
0.0157862707869919 0.29419194075109 0.0195444123837417 -0.15256258616064
-0.153265201787242 0.282453177915506 0.0666045564224778 -0.0430265284242911
-0.395798538446669 0.0979334420000605 -0.0654994354844184 0.0262412944666962
-0.353787663276561 -0.200673983062467 -0.160570630245997 -0.100646654669211
-0.0832314847289917 -0.359280790511161 -0.0980517491629574 -0.370784272915766
0.113957468647807 -0.385936166038552 0.152408247634885 -0.479940129174897
0.0937945781449019 -0.54407721918525 -0.143020480055474 -0.0892503116667654
-0.165546101143186 -0.478876902230005 -0.0730683047339601 0.0198407883211385
-0.434347618092167 -0.243912530640264 0.100391744495248 0.0390973005991627
-0.458346177960315 0.100823821553077 0.115845229261281 -0.0266999229712686
-0.182132595317319 0.332351390407547 0.0748282485492372 -0.140939484102424
0.0118769934321627 0.324091651661378 0.00763641330584723 -0.135149249899336
0.148038810831711 0.351099200459613 -0.0284441534585442 -0.139617515256872
0.195322189209837 0.324434495711447 -0.0389652754224313 -0.0948266272068303
0.173163387225757 0.352728166877016 -0.0171437008689384 -0.101274114730766
-0.0176993398011133 0.366254555824826 0.047665846438897 -0.0360816300143462
-0.211519037499389 0.339438387561076 0.0464166465512924 0.0482988277826992
-0.504936973690959 0.107763515511215 -0.0985630145277769 0.0793422664314774
-0.457578492153274 -0.261205495401211 -0.178029432315041 -0.072486547080368
-0.115225442432762 -0.481253932168198 -0.0967456178443197 -0.303816879808457
0.148230580959199 -0.530446859471864 0.0991933170117112 -0.348866522778972
0.0973962406788471 -0.60753022985203 -0.196370552314207 0.0730655144070706
-0.197527970021531 -0.535343054641579 -0.0500438966219526 0.137438217604704
-0.488612824279976 -0.270663844713173 0.128291980573388 0.0632716057725213
-0.507808088844264 0.102879252944832 0.104169413626474 -0.00972758366015938
-0.217596073506922 0.353334286732824 0.0411880435280533 -0.0809614631263418
-0.0161517140044306 0.351359494263719 0.0037139831366108 -0.0194141496118127
0.115810535725245 0.386711316550173 0.0222212521111894 -0.0123577891282918
0.169979468264745 0.35513971198759 0.0332270464627363 0.022187351256758
0.141440762579396 0.375137248337332 0.0395068510644698 0.0266227403165068
-0.0551101328204874 0.372765519813611 0.0586830555401333 0.0909407351049861
-0.245330744004289 0.325063592182803 0.00755843031828908 0.140177012265245
-0.52516531199289 0.0751401016991533 -0.132260293461938 0.121931668398937
-0.465269372031777 -0.293296686104311 -0.180702760003591 -0.0406867167433013
-0.100698987522121 -0.517405179545624 -0.0804090986538235 -0.204311893584505
0.180308568858261 -0.579356659268462 0.0391799504488573 -0.179036021837124
0.059880807028447 -0.590823320873363 -0.24579042081368 0.247445362581678
-0.225786107654332 -0.503669947024178 -0.0195101719697143 0.263863196667057
-0.479157381548925 -0.232967635486695 0.147500005309676 0.0843175789496717
-0.469203495458706 0.11304348200146 0.0787932504010084 0.00654268751087422
-0.197097607584945 0.326386197474176 -0.00528785252489947 -0.00989878376731192
-0.0246924263808094 0.323566487910086 -0.00898036717686263 0.101768428408079
0.0858925999377099 0.357592733895082 0.0609556215795998 0.120386693228165
0.133336938623092 0.32423474043008 0.0934801221842133 0.137933307112643
0.10065489491604 0.335490642293717 0.0839497093767375 0.150313057660912
-0.0715547057678047 0.317255937106083 0.0561059113081243 0.200615663065021
-0.22304263240012 0.257000158934897 -0.0340828822103369 0.208380906045321
-0.441170664399757 0.0405373579287909 -0.151232988648309 0.14612087069357
-0.384941247594806 -0.259060814028418 -0.16898167504412 -0.0104486254765364
-0.0786255009321012 -0.453136239861871 -0.0646765604809531 -0.0918456871636116
0.159179061536861 -0.539842017115541 -0.0273899773595049 -0.0047158174877007
0.0072184127795044 -0.48400058744155 -0.275854455621854 0.401298392418704
-0.21438350153283 -0.382677540247402 0.00862687324506586 0.369845082073533
-0.376754621940152 -0.154637867850213 0.148638824250028 0.10310796448965
-0.340702147841086 0.0971064312129969 0.0476427619086575 0.0225114073146371
-0.140594449653095 0.236956402069955 -0.0498095794640291 0.0596126097071932
-0.0279714015170403 0.239357103814064 -0.0225560469848876 0.207056753826895
0.0431469174234514 0.27005709119999 0.0888188346209228 0.236744894155422
0.0786870332526603 0.241978354702847 0.13823288762971 0.23513445550778
0.0470741062173393 0.244573717722982 0.114262440051909 0.249070268144727
-0.0759863726098161 0.213551192668385 0.0426413185912589 0.274551075845281
-0.163075924579403 0.147977083125269 -0.0755492153213408 0.239455741954712
-0.285307770690217 -0.000606859524444265 -0.154345098519957 0.138353277130333
-0.241149429096143 -0.180869880849019 -0.14306144448818 0.00421897603175557
-0.0455206495439664 -0.312269081153903 -0.0399474459439218 0.00595602147257054
0.109997859953924 -0.415877273301134 -0.0746869573217287 0.150249319626988
-0.0437373677355768 -0.299344023106458 -0.28438742138829 0.502753085925168
-0.163948729357925 -0.198515071543353 0.0278787767648653 0.437204167344792
-0.20830104789988 -0.049021226151005 0.139387702542824 0.115645123619995
-0.153682487284261 0.0646145001834902 0.0233073470531174 0.0300635679640008
-0.0588829271078054 0.106223028190712 -0.0836219969112629 0.10664051228466
-0.0254461822657587 0.111478852229505 -0.0372045471528238 0.273579158721822
-0.00749249956675119 0.135738721787495 0.100377836430308 0.317491348965538
0.0125022727435437 0.121768916040206 0.16244415364062 0.297384716233341
-0.0110325845502843 0.118548844216331 0.125912694708485 0.30974413380326
-0.0657294141522177 0.0870277334248496 0.0216818164691683 0.303326845515144
-0.0835034065889158 0.0335567155082119 -0.106371074075812 0.233070115424686
-0.106618578758682 -0.0269780693825522 -0.143037713280498 0.108379830073254
-0.0848328089070757 -0.0772179747458397 -0.109433611969496 0.00529108021846895
-0.0211455309002914 -0.139685261751379 -0.0126446107134679 0.0759188293462772
0.0387587363705362 -0.239218512624189 -0.0955182154268041 0.26495493728726
0.0798538922038502 0.0078372957739653 0.0475007787713992 -0.360188144520787
0.0271326264850404 -0.0552501781076579 -0.0482953251779417 -0.168079607831436
-0.0492001992066632 -0.0493258199990195 0.0547190248994355 0.00687260006306313
-0.072392327114377 0.0240528083375568 0.12717361713559 -0.0571998102156976
-0.00324885910946831 0.0696525445194163 0.123054018700026 -0.191952789883192
0.0387689744181365 0.0370907326076068 0.020029542108703 -0.30264447287702
0.0576306318403125 0.0204398094348786 -0.106857680502536 -0.326492510416394
0.0467225058247301 0.0146936614128284 -0.153882419008058 -0.297127196828584
0.0456381681978669 0.0135262886969684 -0.104663783241665 -0.313912554275345
0.0256988892308544 0.0252130141046047 0.00358612445532001 -0.265705285802361
-0.0126027027268459 0.0328414535207778 0.0852744991190818 -0.135745040729096
-0.0384065856320715 -0.00703103442828746 -0.00752270224895808 -0.0505636896247832
0.0157073702478816 -0.0403118745306191 -0.0900462595907954 -0.124442129355266
0.0537712354835857 0.0234851362613011 -0.00800344021135452 -0.357819376578584
0.0362473891750733 0.0781195472758328 0.298420676544088 -0.469888083690389
0.124690631215695 -0.188993628567738 0.0067571186017533 -0.320099006076839
-0.00182489681620598 -0.217017093918445 -0.0634936566607639 -0.143035240386857
-0.165518541939606 -0.150870059286862 0.0516514210317396 0.0168747556151315
-0.218887402010159 0.019798192642071 0.119691198961414 -0.033391767373721
-0.0867734888731209 0.156569032617284 0.123479705304257 -0.176209162015071
0.018007765761447 0.148439471022799 0.0288801790964401 -0.271864237192905
0.090280258061615 0.156525998200374 -0.085872376607058 -0.301221592298533
0.104785109022847 0.146425694554317 -0.129763020871173 -0.265872603609646
0.0952015046108466 0.15672133028792 -0.0868324982654168 -0.282329628435823
0.00517561458657284 0.165187400029915 0.021665027712834 -0.223003343985858
-0.10003148219732 0.152465037540522 0.0845040774614201 -0.0971389245760572
-0.226339904632136 0.0237663033927192 -0.0318925735230262 -0.0217791195827409
-0.157663517247632 -0.143011910040139 -0.114273978507351 -0.127724209587514
0.00783077317679146 -0.174193486878261 -0.0285367257973793 -0.382177085155292
0.0843088654984605 -0.159224200694627 0.199816166221442 -0.523512685840158
0.0986904646077553 -0.388921954187719 -0.0867811477953417 -0.222838885545021
-0.0925391759211648 -0.35491248109397 -0.0841306053630742 -0.0747924077724871
-0.311329135229572 -0.192367696809829 0.0670722300830383 0.0207519208843467
-0.345582785709311 0.0732687081202434 0.112269768225901 -0.0364356865699329
-0.125743668059163 0.256294715187235 0.087816517989671 -0.172352833674387
0.030684228641269 0.244625200162326 -0.00117656977988717 -0.216878445562207
0.145934558903191 0.256281694004436 -0.086509969725522 -0.22593322365588
0.180540190639764 0.236091440749693 -0.111435892862063 -0.182236400219527
0.164874590813488 0.257847918744912 -0.0797994750084093 -0.198449371774422
0.0175547331809059 0.283819880200837 0.0192380695897395 -0.144570943055784
-0.145494908847248 0.27293956479785 0.0645492931127197 -0.0397927914427962
-0.381036917912834 0.0989236285629568 -0.0631135320685219 0.029577977274888
-0.341538700395742 -0.190426527370939 -0.157409124698471 -0.0951677153731693
-0.0801493999426959 -0.345869617149655 -0.0954114627872432 -0.359208907138144
0.108199013620833 -0.370204581286566 0.147495151894557 -0.462852563977904
0.0885239108091328 -0.520579882497029 -0.13595080560634 -0.0840540129909911
-0.160099966208674 -0.459149720789465 -0.0672757652538012 0.0171278803722957
-0.419791412437026 -0.233018428451709 0.0943752940518458 0.0353611643162788
-0.446610691604873 0.100479765461626 0.109485975399357 -0.0253461547881786
-0.173944036477369 0.318815022985832 0.064490134468879 -0.134706288912535
0.0132879673798058 0.313527731235083 0.0058137209566119 -0.127824510723502
0.14871344228166 0.336821779065742 -0.0311421149896549 -0.130272839089797
0.193404749362757 0.310553599008157 -0.0364011064200191 -0.0889694467735474
0.170016249648128 0.334745710043015 -0.0169919032205818 -0.09439804436815
-0.0140820573796437 0.35329991053259 0.0477812401243929 -0.0333901969153878
-0.202382884188376 0.328520749198954 0.045528805235957 0.048002843056987
-0.487922587277813 0.109890559698332 -0.0943828219291475 0.0813495033983521
-0.441844708387841 -0.248620886137568 -0.17381028693328 -0.0666792358670195
-0.11071345077247 -0.463611229556437 -0.0951890105771109 -0.293259965888974
0.139513608151599 -0.509205722508004 0.0957369434380124 -0.336657823537886
0.0929294347104304 -0.581119250735659 -0.187718485133228 0.0711067232118088
-0.191587663437525 -0.513415023456016 -0.0440293206211843 0.131473058576904
-0.471863818328126 -0.25687248642054 0.12215023931687 0.0593548358488972
-0.492649349077225 0.103736513287779 0.0982113264450028 -0.0100989833991366
-0.206538092477341 0.338281765134825 0.0329730074494476 -0.0779269648634294
-0.0131103178139822 0.33946867787529 0.00414164894478282 -0.0174214704045176
0.118024875424312 0.371504940233472 0.0186360691112822 -0.00835048281499592
0.169011963086701 0.340017049878205 0.0333570496319751 0.0227623865395352
0.140206170489116 0.358951889507966 0.0386920917751263 0.0276817754878515
-0.0503697320120383 0.361046063741029 0.0598422443443924 0.0880946958703657
-0.235006021099631 0.313360770988281 0.00987166734520099 0.136959522834753
-0.504683525956357 0.0794195065273967 -0.126074232479989 0.122620615775035
-0.44775495152578 -0.278464868043888 -0.176559428948575 -0.0350382658926182
-0.0979144470743866 -0.497892620357789 -0.0797335775292471 -0.196737687546515
0.168913699451352 -0.554980075890155 0.0377734422114306 -0.17286121621432
0.0554270175120628 -0.56780763280833 -0.235907577188063 0.239683878109093
-0.219922268142333 -0.484218850854468 -0.0147042532476479 0.254150654150061
-0.460251363201091 -0.219486744541702 0.140843750357148 0.0793755237984528
-0.455528913622243 0.113819045121727 0.0753598301028027 0.00462973764673772
-0.187469805270879 0.312056787738832 -0.0113255900367151 -0.0102015757832884
-0.0214941911840495 0.31201051362318 -0.00629895336402303 0.099795244563522
0.0883437478682534 0.344424669739316 0.0581973159019369 0.118053080540393
0.133688369865102 0.310749676328996 0.0912917495722591 0.134113832444648
0.100460105392629 0.320393625568785 0.0826737357245251 0.144949982994588
-0.0670877151289778 0.307099794944274 0.0586401919201998 0.192963622152171
-0.212934060770392 0.247556755870458 -0.0301549954570102 0.202954137086592
-0.424711614024065 0.0441570639075909 -0.14474274962482 0.145267733180114
-0.370427367451561 -0.245839656439421 -0.165451497200608 -0.00532187348993428
-0.0778179842955121 -0.434844937932338 -0.063838279220988 -0.0877602492501566
0.148468422319577 -0.517456084410719 -0.0267299447936147 -0.00544957271781487
0.00604871871923411 -0.466341962113903 -0.264849211751799 0.387871949202788
-0.206762456872252 -0.368247133346634 0.0124092356647755 0.356637660738428
-0.360723030590457 -0.145578010967012 0.143132826837931 0.0980452009511032
-0.329694659279395 0.0978345501778807 0.0460728718603413 0.0200416759555295
-0.133570371259425 0.226537658778725 -0.0521069200656272 0.055858135839974
-0.0242722926294947 0.230076600911698 -0.0177020679458572 0.200584973955032
0.0457165537260483 0.260190931160787 0.0872451002587253 0.228432885803323
0.0799462407519084 0.231952131513348 0.134955448686684 0.225870908392105
0.0475067689799115 0.233268202786503 0.112767527965791 0.238422465298614
-0.0718238867125368 0.206381309995386 0.0459278344372883 0.262812859518186
-0.156005820212298 0.142895187356131 -0.068829575248567 0.232414602527594
-0.27372883960101 0.0032698090433227 -0.14718873725311 0.136709190429284
-0.231083245239694 -0.170534619281599 -0.13984887735447 0.00938967982804061
-0.0458271304352772 -0.300124355475992 -0.0393526001745423 0.00654444372039303
0.100342692972134 -0.399238766910444 -0.0726401298128431 0.143649095043356
-0.043214610112777 -0.288608023342002 -0.27354627264926 0.483666139671135
-0.158924258414151 -0.19222151636995 0.0298978975438104 0.422986770781066
-0.199634919905375 -0.0450683070729017 0.135760793712815 0.111152880794883
-0.148981133986898 0.0649246834106003 0.0240025550286571 0.0258333356654243
-0.0559225017620532 0.100730529273193 -0.082564400877981 0.101201471955203
-0.0237214011551766 0.107015572700862 -0.0317250171479371 0.264527744709886
-0.00430237158677846 0.130863593580144 0.0991560691120327 0.305588604926398
0.013745859798686 0.117141393356679 0.157835488214232 0.284376875230587
-0.00934743020286265 0.113449946290776 0.12345183108792 0.294547334134409
-0.0626703142025499 0.0843925742146783 0.0254675522659273 0.28999078245051
-0.0806613884247141 0.031680001837954 -0.0978681343581262 0.226181537670316
-0.101711265091337 -0.0234181955176444 -0.135856367467565 0.107586281659945
-0.0805563072669623 -0.0721693224852244 -0.107112391795439 0.0107466005981302
-0.0223339178877866 -0.133780681257282 -0.0132731146553508 0.0742597902011877
0.0331058240464811 -0.229696598529087 -0.0917923213911214 0.254173453933855
0.0788156145604055 0.00946237991313315 0.051372852575522 -0.351770046493499
0.0280453713957704 -0.0531384741886188 -0.0447516524555166 -0.166781473941847
-0.0489927522244341 -0.0490202583652408 0.0537386535379569 0.00305349764311456
-0.0731224111912099 0.0228424457445253 0.122686118161618 -0.0568179092478108
-0.00319140336630401 0.069809221019956 0.119151287886692 -0.187667554744039
0.0374929635210481 0.0388126402375777 0.0178880358283866 -0.295691891214644
0.0566007864900352 0.0207504054190813 -0.10507394044398 -0.319162689528519
0.0473155010885949 0.0155539870726308 -0.148686135487546 -0.292326277196261
0.0445758573464211 0.0143315431164435 -0.101016311963683 -0.307024236954333
0.0254667723291343 0.0246625331887458 0.00479712870759276 -0.25909047979828
-0.0124533414694881 0.0329439243783577 0.0858865730228284 -0.131464829347748
-0.0380348506274893 -0.00780300273521683 -0.0067869037393037 -0.0468807765016567
0.0161110728684143 -0.0398241484756414 -0.0890393523348486 -0.122697457957093
0.0548653181318686 0.023702643147176 -0.00512228503574173 -0.353714918798512
0.0360558288674794 0.0772000889635976 0.299384929580613 -0.459205845574536
0.125107323058238 -0.183172782924751 0.0116246467191776 -0.312831553058959
0.00251251786447554 -0.211843214959955 -0.0599529229501333 -0.142926376298625
-0.161565848913562 -0.149278086726725 0.0489804566539728 0.014166908332207
-0.218016676950781 0.0181876069507739 0.114744103340806 -0.0332358829303326
-0.0858481740443693 0.153536892569963 0.118361035265544 -0.171171521833526
0.0168066686875657 0.147894847917644 0.026833924257834 -0.264429742603004
0.0891452349431944 0.154166419327758 -0.0848056364961639 -0.292271905045499
0.104996542059678 0.144396872462186 -0.123949216048333 -0.260771417695772
0.0926716758608862 0.154299391993302 -0.0828429866823515 -0.274924113803917
0.00387490319992265 0.163027931681465 0.023235206289222 -0.21694270481288
-0.0995767093142729 0.149843853454365 0.0845308658260497 -0.0933255058634036
-0.222584904186186 0.0218019963056523 -0.0318748790990138 -0.0181212198581742
-0.153568559331191 -0.141889172642277 -0.113599859419577 -0.126801646123254
0.012173207901637 -0.171200250074102 -0.0256316041334135 -0.378039090907036
0.0845347832333295 -0.155559232007628 0.205004820358533 -0.512486243871203
0.104000566103007 -0.377334511845914 -0.0800181820573741 -0.219651487569469
-0.086379350746972 -0.347684982277069 -0.0799470722151797 -0.0767979116038812
-0.302696584535412 -0.191182653156719 0.0632929704214416 0.0175771485955245
-0.343893950119872 0.0705267956125999 0.107718052668027 -0.0346655139126519
-0.126048092237881 0.249268710736558 0.0820154544366768 -0.166447916675508
0.0283012862657986 0.242479346585952 -0.00165936953903083 -0.210413326066199
0.144742848682038 0.251704365444312 -0.0847673050732038 -0.218236160457747
0.178839819307522 0.233408485873616 -0.105884713779176 -0.178674019327675
0.160678896620167 0.253319057458059 -0.0763668593153055 -0.192207134348114
0.0156964787313273 0.280346325471831 0.0214868688853048 -0.140903316445305
-0.144829596091482 0.26862321684831 0.0654712092194498 -0.0372119286762239
-0.376814328795733 0.0960999153484918 -0.0622648378537275 0.0328920701900982
-0.333224317710383 -0.190159840706645 -0.156453060916989 -0.0946572171476229
-0.0731461318812055 -0.341172821223178 -0.0920300449846721 -0.355986766281512
0.110351646531625 -0.361360821260853 0.152577545271795 -0.453519319787352
0.0942134402392467 -0.508382186612343 -0.131138324930348 -0.0827654486963051
-0.150493077724805 -0.451082098599927 -0.063400962377367 0.0139465006160003
-0.407112330960324 -0.23192247807418 0.0896860255282244 0.0329098026056212
-0.444647945839248 0.0956239571672356 0.10509530378264 -0.0243999658613759
-0.173960796823227 0.310573184409354 0.0591614049515173 -0.130117554997301
0.00981378363128848 0.309884875216382 0.00652616631279106 -0.123237043681789
0.14609924381146 0.33145869011674 -0.031064296872794 -0.12275944524004
0.191839142848667 0.306662777041407 -0.0329077553860131 -0.0863065682938173
0.163577729658366 0.329420765043924 -0.0154261189434249 -0.0897283821445758
-0.0154719770660429 0.34827449263101 0.0493276436626659 -0.0314973620027269
-0.201663305781283 0.321381454179444 0.045990852878556 0.0501866421667116
-0.479900494857171 0.104860602389184 -0.0936535942620188 0.0838019120489361
-0.430242435394322 -0.247203498290946 -0.172499947127733 -0.0650309060604001
-0.103043273405242 -0.456254305137573 -0.0915165244393879 -0.291286834357369
0.142407027479724 -0.498090301318455 0.0981043692856239 -0.330575468796071
0.098296987851339 -0.56753524062539 -0.184233569783485 0.0690952570390955
-0.182103353652469 -0.505889327319723 -0.0415246930337038 0.127097331334398
-0.458329795847653 -0.25620138467024 0.117421973240562 0.0567003883111756
-0.490199907469079 0.100355878528015 0.0954011062553154 -0.00976777849907599
-0.206322790397707 0.328929624713573 0.026626881235077 -0.0761694714369732
-0.0155767379516842 0.334598677396415 0.00467135961419384 -0.0150463360732618
0.118345853597559 0.366076742169898 0.0170078515164496 -0.00377994776915871
0.167268533551804 0.335582568894056 0.0343357105751737 0.0241303747189417
0.135505982884712 0.35218381755134 0.0384439198835067 0.0296117844542823
-0.0519405049417669 0.35524648099123 0.0608653834689621 0.0880755374649317
-0.233586268713056 0.306148953130098 0.00964410176261187 0.137559773302898
-0.49851651640476 0.0757652929699334 -0.12549849116345 0.124285955202267
-0.436684652115536 -0.277673789983231 -0.175688218466075 -0.0330543112842929
-0.0911371822009857 -0.489267994129631 -0.0771404155659139 -0.194507983962597
0.171209848121753 -0.542905399750014 0.0390505243057817 -0.170726599538961
0.0622574700604749 -0.55575147759237 -0.234114923044042 0.232680749692016
-0.211482769485447 -0.477549611867073 -0.0131192430930335 0.249275438555634
-0.44818521029918 -0.21992824212601 0.137257898245283 0.0788851323093955
-0.451878579346124 0.111208729360739 0.0730867302354498 0.00382048407320372
-0.187638092152945 0.30268366489042 -0.0168207836601873 -0.0102461170943884
-0.0228035727121012 0.307061898268977 -0.00606960941921991 0.0992897482409552
0.0884155345483177 0.338344119358077 0.0550104722854563 0.119903620612921
0.132156179888366 0.305700960323518 0.0901245415581783 0.133746281369841
0.0970317986755383 0.313331881259303 0.080578576950885 0.143906373263774
-0.0677487569649483 0.302302331714433 0.0591769308573264 0.189830496213652
-0.211542936190995 0.240187219714575 -0.0294978681580728 0.201863609645726
-0.417569649052252 0.0427880711379814 -0.14297098120297 0.145616354450771
-0.360247008757389 -0.242894616496549 -0.164601891115711 -0.00270752739731653
-0.0715920588152267 -0.428258802024857 -0.0633322894366094 -0.0866219586949027
0.14780603905255 -0.505623849733356 -0.0273881114635557 -0.00682779947917257
0.0106576032197894 -0.457849077647068 -0.265186262854466 0.376920072575683
-0.2011217018439 -0.364341196188379 0.0116318938310509 0.350754815056702
-0.352045034376858 -0.144802077497562 0.140716538261881 0.0977840977598756
-0.327454251697826 0.096600799404062 0.0453453302210127 0.0172456993716084
-0.133440972803332 0.218722105413502 -0.0560588616423171 0.0540674310881735
-0.0254894874101948 0.225603004937181 -0.0172632254082161 0.198212607012724
0.0458664147306973 0.256367006516637 0.0836533094992995 0.227604457586333
0.0787710039946642 0.228185663856859 0.131307835404255 0.222871093217618
0.0455625018092791 0.227738159609524 0.109490110340577 0.234538317136646
-0.0717734744233384 0.203307379767636 0.0463907962172513 0.257532182641266
-0.155390838368518 0.137528919902994 -0.0673754954059475 0.229488623251688
-0.268328717698498 0.00336277528868733 -0.144931628459604 0.136539620857413
-0.224067555007961 -0.167977973592419 -0.138792291000956 0.0123800501520086
-0.0432030876125269 -0.294022215109456 -0.0404203292367286 0.00700807948474497
0.0993702204628694 -0.387721838910991 -0.0735637720600039 0.1392813202441
-0.0400423918166629 -0.285551434317653 -0.276233562717282 0.472503992508565
-0.15595166825881 -0.19151498528035 0.026944063460114 0.417387875545444
-0.194533514329864 -0.0453631942940544 0.134427391048947 0.111250096387892
-0.147733219147896 0.0645093200806367 0.0240247785644224 0.0229390602972447
-0.0554430635861198 0.0963538663670657 -0.0853146092202065 0.0978223215666658
-0.0235087346948659 0.104147917848127 -0.0301421720128512 0.26065028872467
-0.00407705241012603 0.129846408512603 0.0959294226351518 0.300846235172958
0.013638412342523 0.115089096958896 0.152772862050653 0.281078352656163
-0.00973522124621005 0.111381706066665 0.120686660805297 0.28791118898016
-0.0626828917406709 0.0822458018093088 0.0250310361873682 0.282873307485418
-0.0799505768741232 0.0288659655620146 -0.0951177840451568 0.221848264592258
-0.0982637689536964 -0.023188129766651 -0.133019681942315 0.106590172072668
-0.0776088569225035 -0.070613051794523 -0.106320752268027 0.0142869153081446
-0.0219853474698594 -0.131072251620436 -0.0142938227862992 0.0738867695754522
0.0316230917000564 -0.224506554714126 -0.0935887404178752 0.246835802973501
0.0798884368742494 0.0111197440642155 0.055172240279642 -0.352887916873452
0.0299683813836906 -0.0528867644548824 -0.0440288301903775 -0.169720378575478
-0.0512422337616313 -0.049456553563545 0.0532074043753502 -0.000207853544605708
-0.0759178877496352 0.0230928586910794 0.121105189375997 -0.0589020742061615
-0.00274762717100245 0.0716551999629056 0.117713169435719 -0.188399701778584
0.0379991100580733 0.0410113127024347 0.0154010826231584 -0.295982079839274
0.0572212521393499 0.0212070525114902 -0.1072339326375 -0.318038212429395
0.048901994549235 0.0162409174524439 -0.14832901717289 -0.295184162032534
0.0453180262342754 0.0148721035084983 -0.101691476306335 -0.309144748537793
0.0252199682997338 0.0250161577360845 0.00597491667115434 -0.258974737498108
-0.0129622069009205 0.0333844813838681 0.0886674717504406 -0.131170295823151
-0.03874921707907 -0.00841211452502171 -0.00664053177288692 -0.0442087289088443
0.0166405380151618 -0.0418347444416696 -0.0916526008233683 -0.123331740555817
0.0575981291262341 0.0232063835917452 -0.00499750401473302 -0.357559277849285
0.0369515881414396 0.0784494122535462 0.308985092836058 -0.460375426287406
0.128673907942151 -0.181619835453407 0.0149363776627963 -0.314112986578426
0.00492382677432204 -0.212701697124951 -0.0583673686214307 -0.146400794147975
-0.16235728239702 -0.151090082918197 0.0473512324622673 0.0108691523216794
-0.223504324759884 0.0180081683005283 0.11264176979797 -0.0333934306758102
-0.0871403867445725 0.155494062646803 0.11604962186536 -0.171348663639556
0.0163601705704543 0.151785559807321 0.0255557820715454 -0.264250710987073
0.0907504643698472 0.155791409586914 -0.0860567145370125 -0.290282257029056
0.108326983348156 0.146163110785788 -0.122982712810207 -0.262237271527688
0.093181928354881 0.155465132147998 -0.0833094534743294 -0.275259528167815
0.00371803514391664 0.165146349987699 0.0246504484562272 -0.217163400438364
-0.100312483648893 0.151392734582377 0.0866153621245974 -0.0919803832609542
-0.225713297576687 0.0223281872894999 -0.032375892180823 -0.0149334011974679
-0.153439569418633 -0.144155659976333 -0.116308026307191 -0.127924762549626
0.0150835192999469 -0.173687256156834 -0.0249104864296872 -0.38327275586692
0.0873885629629294 -0.155856719003265 0.212205873850229 -0.516789138501131
0.10779990833733 -0.377119374834298 -0.0770535001772752 -0.220676984102226
-0.0832745057049797 -0.350154749600689 -0.0783698168058215 -0.0805252145567184
-0.303811554591447 -0.194697346817104 0.0615722379073346 0.0157810299916689
-0.350412672626334 0.0720492575823942 0.105505830518332 -0.0347069082203733
-0.128337712921408 0.250967658875964 0.0777574517404933 -0.165471713197473
0.0281870061173837 0.246327814699314 -0.00207580671420525 -0.209780681912287
0.147689899583798 0.253602447523735 -0.0863282108036854 -0.214264792133494
0.183603476286776 0.235387514390191 -0.104291324604043 -0.179162542367516
0.161654529885414 0.25569284171879 -0.0749130366610647 -0.191113011225738
0.015316821286402 0.283921277858748 0.0234949443774247 -0.140854555878628
-0.14691684278425 0.270417230817095 0.0674097499887669 -0.0350707643552415
-0.380865501291099 0.0968377043379881 -0.0627740914474277 0.0370281128508096
-0.335867330965798 -0.194124398139021 -0.160020589279731 -0.0947286867198642
-0.0700096883675728 -0.345003036924747 -0.0940496652884416 -0.361543822914399
0.114501593854178 -0.363695215381631 0.157797531248022 -0.457330312986084
0.101153346891686 -0.509840417033303 -0.129607952609643 -0.0841020906619512
-0.149083527300136 -0.454269465825805 -0.0607192435666206 0.0108152829382951
-0.408321703530846 -0.235227153035233 0.0889996759772294 0.0313766600048667
-0.451368289376273 0.0980943852481206 0.103569398773706 -0.0249120268402489
-0.177057272575444 0.312489034075191 0.0538048223381359 -0.129195691188845
0.0100287644557909 0.313998947960017 0.00623791465001546 -0.122354954411315
0.149986563448779 0.333643847189767 -0.0319418571862385 -0.11820120591837
0.197317383286134 0.308826824600875 -0.0304886464146479 -0.0860877803430501
0.16526559383833 0.331378812219941 -0.0139074929259998 -0.0882935235256182
-0.0165393235784652 0.353566432482567 0.0527699934090062 -0.0304621268990162
-0.204443409815117 0.323825630340366 0.0480693934468168 0.0535571028618596
-0.485762911384525 0.108084777281485 -0.0942029194509669 0.0891962349437862
-0.433291534892022 -0.251185882939405 -0.175862481875346 -0.0645779579996561
-0.100611898426336 -0.461984793759655 -0.0921716387692074 -0.295886493627087
0.146550295445112 -0.501684364517579 0.101760639665341 -0.333847019567003
0.105039342219942 -0.570899173495066 -0.185059982802165 0.0683639255932837
-0.181069540265544 -0.510613880437775 -0.0386346945350571 0.125901745806385
-0.458893727504594 -0.260605145890647 0.117432151798928 0.0566926021617531
-0.498890029341344 0.102124527683635 0.0943778331892843 -0.0111299499559997
-0.209881766369337 0.328972605930154 0.0205386103704944 -0.0748332479945974
-0.0170217812077597 0.338916598247874 0.00576929249466945 -0.0139032982733376
0.121985756677431 0.368333970993596 0.0165547249913686 0.00174400856056377
0.172464981663176 0.337827572607226 0.0363357549465316 0.0256699058233292
0.135706922095784 0.354452507555169 0.0401403223479334 0.0321017414967162
-0.0530002411755326 0.360045197953955 0.064164953124508 0.0888199222682891
-0.238020575226745 0.309761752541308 0.0115681127686556 0.14194539030232
-0.504345714326106 0.0787746271972807 -0.126141221871402 0.130224167211528
-0.437996434893609 -0.281563536464532 -0.178741018420041 -0.0314669149001864
-0.0877841995597097 -0.495085109178877 -0.0785213209627003 -0.198355444392049
0.175163339501496 -0.54460039491993 0.0395160703320379 -0.172811809519071
0.0669315992955719 -0.558785199962546 -0.237533521596682 0.232704593705341
-0.210458210716725 -0.482858429642953 -0.0109591652393049 0.249544819034767
-0.450202517089382 -0.223575900025168 0.139185915924792 0.0788738088811829
-0.460441627358648 0.113517205065526 0.0733661691979347 0.00180314220665688
-0.190625915804025 0.30334635584265 -0.022844129812034 -0.0097271760331635
-0.0236832775352146 0.310492514597889 -0.00453378471408209 0.101185734544849
0.0918301007046141 0.341646467898728 0.0550223917383313 0.125710493789942
0.136711361073462 0.308617071966868 0.0917777781561645 0.135643645654432
0.0968772823275963 0.315388136327292 0.0821467233260079 0.146284844374226
-0.0691988050338561 0.306575983647255 0.0624722027516124 0.19100213477558
-0.215772544397985 0.241736707767576 -0.0280598328023901 0.206178625528201
-0.421381284387094 0.0444985425459395 -0.143548468197972 0.150550895406979
-0.360871787307609 -0.247120639392188 -0.166890421776741 0.000787658989797128
-0.0691563084078489 -0.43209172600522 -0.0651027635969544 -0.0887124796217536
0.150901979876218 -0.506924256170913 -0.0291248872940329 -0.00776460274817152
0.013515099859061 -0.461123870721727 -0.272250924151277 0.377845262198975
-0.201443597657171 -0.369527277782094 0.0137556487743239 0.35357955842182
-0.353182317335164 -0.147275253975575 0.143855208763608 0.0984567340004597
-0.333619624728034 0.0994331059232184 0.0460592036955243 0.0146845016416696
-0.136118568477512 0.218736114971088 -0.0619763593740947 0.054399958020971
-0.0261987864627499 0.227338614689979 -0.0161296075471121 0.200094814845582
0.0493474069927805 0.258976973331946 0.0836799898456216 0.231775529754283
0.0817839482494972 0.229725959709321 0.132511126753985 0.226210922543846
0.0452734923357254 0.229226056994344 0.111458925439963 0.235948666488969
-0.0728919640466815 0.205585479765085 0.0492878587772699 0.258460758509445
-0.158383514040844 0.137323947643257 -0.0653501202680331 0.233618982671737
-0.269648778096664 0.00394955300914413 -0.145275849797068 0.141107997645906
-0.22358247956041 -0.169066002544695 -0.14056504486702 0.0164445514941062
-0.0421996898626641 -0.295563037773818 -0.0419041593702053 0.00643650616951838
0.100668140967187 -0.390018966223935 -0.0770184551964454 0.138505544773588
-0.0397224977911532 -0.289093059556919 -0.283265040297828 0.473191687619116
-0.157420282620114 -0.194631942798011 0.0284502009847549 0.42148661337869
-0.194903316891168 -0.0463092460855772 0.138893225002403 0.112220923609129
-0.149339509385399 0.0677049471035405 0.0249374358331915 0.0189610532288152
-0.0565895616799303 0.0952348661810497 -0.0896253014631046 0.0972478720117169
-0.0234976756744092 0.10418627072377 -0.0296258665187149 0.262981078024504
-0.0023860565484782 0.131351649736023 0.0968641690340319 0.303987075927284
0.013951524446281 0.116530165266657 0.153102355657093 0.283599391428334
-0.0107314293561846 0.111665636143493 0.121507865381136 0.288743162415821
-0.0634005423559496 0.0832718141330484 0.0275937183887028 0.283321589700521
-0.0816300626782983 0.0274919289726139 -0.093198328655322 0.224911695872219
-0.0977400643472415 -0.022367897444516 -0.132672574875558 0.109433551910204
-0.0768670684290644 -0.0696786866918233 -0.107428881215223 0.0185888403927135
-0.0227549998847781 -0.130340364857706 -0.0158582875055022 0.0747747510142173
0.0304294169859968 -0.224821972260835 -0.0974616950420455 0.247582876262754
0.0771923224212897 0.000899865157003068 0.038344940198841 -0.354711159747021
0.022683105487753 -0.0570883738551229 -0.0519650506356818 -0.167796446417448
-0.0575636359177083 -0.0445738411873809 0.0573799545439658 -0.0106302714168718
-0.0748720212719336 0.0312702537762505 0.114231800390755 -0.0759578749291875
0.00404223259531884 0.0682712590600191 0.0972397409068288 -0.198965092933241
0.0388785626402822 0.0365625776879767 -0.0111975754418493 -0.296251397259635
0.0585612882330201 0.013634935956431 -0.140030070825158 -0.308600637163951
0.0496587167942875 0.0123013123211071 -0.174546481142163 -0.285778277084241
0.0475349169958577 0.0104047316066499 -0.128378399341058 -0.310414509331344
0.030397343355524 0.0234220915761745 -0.0140161060102738 -0.269067516633025
-0.00797551884532738 0.0371800033303374 0.083950907703182 -0.143513901955849
-0.0401024110711085 -0.00463865717720069 -0.00829251933179769 -0.0427131110441751
0.0159328395942021 -0.0463626628726964 -0.107471697100695 -0.117944011410653
0.0703736136708788 0.0209797088602517 -0.0351875091165539 -0.378036879912735
0.0510394078628479 0.0839582376937794 0.298769521352923 -0.499216521154791
0.105428476143458 -0.194116298227129 0.0137679238330629 -0.307838149083975
-0.0177197062966093 -0.212493060969781 -0.0546798144499113 -0.144840927587024
-0.179985144416236 -0.133569154437899 0.0611948905719961 -0.00726928768000049
-0.223645307194638 0.0439011932190444 0.111270681067607 -0.0606821356899582
-0.0729851708596852 0.160379847563688 0.0904444755188686 -0.186143720434598
0.0267196676801711 0.150346283936013 -0.00315342665770737 -0.266066844239206
0.110006261074069 0.146035339182581 -0.124704063742471 -0.28510595487021
0.12054396325764 0.13753080479884 -0.147061565612094 -0.253690375595405
0.110734061644494 0.14650093921493 -0.107053125188617 -0.277090294628164
0.0214525502024889 0.167739233527425 0.00931528264807278 -0.229471817178465
-0.0849999183263656 0.163159045371093 0.084802331797556 -0.105111933229955
-0.226754265662347 0.0463444576692965 -0.0275304499057507 -0.014020518567636
-0.166593165097076 -0.135090123811347 -0.125536389260408 -0.11861145219944
0.0104970999357823 -0.179054085923807 -0.0628545624203502 -0.394433476015695
0.0870515066699716 -0.16464260456404 0.184045936823299 -0.541833006509652
0.0660656219753394 -0.384487379495316 -0.0605071891872125 -0.209324970265753
-0.119276894606323 -0.339038636809982 -0.0617859297675386 -0.0828757976865767
-0.324740856303378 -0.16145204382536 0.0807682339128474 -0.0148289964525265
-0.34548417234104 0.114803935677858 0.103162943107386 -0.0725464528943748
-0.105488349976104 0.26001135572936 0.0446601550064738 -0.178099045618111
0.0469931841515165 0.244631497789236 -0.0305777487210966 -0.209219064918462
0.179874263022678 0.239083554835715 -0.125273281304786 -0.210060180820471
0.204453710095373 0.220905963961559 -0.120350742076651 -0.168341645789183
0.189493914757053 0.239790071556895 -0.0915161938661982 -0.191105504326761
0.0450033733539074 0.287341701341515 0.0131786473410229 -0.152099093398209
-0.121362538218342 0.287072455491371 0.0688406373226235 -0.0461692200080098
-0.377819799096956 0.138110994421505 -0.0512356333924108 0.0385336543422309
-0.355979877999016 -0.169128346282714 -0.158489605254873 -0.0801527774472702
-0.0931187886321479 -0.350588883815923 -0.132845733334265 -0.353270030719455
0.100207896411743 -0.383177790161619 0.120314875596612 -0.469758344424994
0.0457154907433478 -0.514171828186573 -0.0980872408168535 -0.0683804151245272
-0.1928506218881 -0.434353327692931 -0.0310136865315709 0.00422103836316823
-0.433211408858561 -0.190575665045292 0.115002398236627 -0.00953400549742625
-0.443407110991616 0.152431657920823 0.101798317340726 -0.0712700234775389
-0.14918848311864 0.326168614834808 0.0173495552111858 -0.142974160274512
0.0352252548327566 0.31478712580979 -0.0183157281681518 -0.123592853476596
0.192986929448762 0.32077851476995 -0.0664531720332506 -0.120594891911071
0.224543996293209 0.293916636983735 -0.0386907242292827 -0.0786017106298634
0.201262270156646 0.316232482733439 -0.01973871447772 -0.0890735986612709
0.0184587292212514 0.361732312562999 0.0524015767846915 -0.0422655181945299
-0.176036473579163 0.345060150419204 0.0550780742703413 0.0457562245060232
-0.482531473296646 0.158874478447212 -0.0770024213899115 0.0922260253150157
-0.461467257027717 -0.219509129647635 -0.167909091239766 -0.0450584829906672
-0.13448220944194 -0.469532352174914 -0.130345186187808 -0.278019899050055
0.121437608509447 -0.529990303532121 0.0607899935966172 -0.331476104583391
0.0463066522913025 -0.573898165482496 -0.143514543330119 0.0900269687616884
-0.230087626571131 -0.489327542652407 0.00331871876975394 0.118765205505161
-0.486666302603992 -0.210425474644759 0.150690164876419 0.00934164364173188
-0.48979231189565 0.163462274222966 0.0946644861685961 -0.0619992136100316
-0.180733522633719 0.347796358519315 -0.013415737900719 -0.0883438539627897
0.0121128694885794 0.342606149763359 -0.0119157459546352 -0.0150581908225844
0.169468864550295 0.360044996423045 -0.00809616795590616 -0.00713739508476063
0.202853012442447 0.325581526950591 0.0383541937650662 0.0299731671996183
0.172031223661465 0.342344513685397 0.0453307297648613 0.0316339265393594
-0.0189198415072792 0.371426876383762 0.0741562883971837 0.080660936271175
-0.21307509591819 0.332861507789282 0.0253956888834023 0.141310292379476
-0.504737077380907 0.130043979144756 -0.105512081769891 0.138392896274685
-0.469893188797622 -0.248937712407484 -0.166884277319761 -0.00831188147206286
-0.126312527541623 -0.504963904922317 -0.110668024617628 -0.175066078690737
0.144011367069312 -0.578561022333484 0.000416730729650658 -0.159943176170352
0.00942667158137329 -0.557748559488578 -0.189494440635287 0.25696261899103
-0.256102778988167 -0.456549495916965 0.0388863604363684 0.240767672536531
-0.473687660496399 -0.176420718082483 0.171663170516215 0.0316647525006241
-0.448877544460584 0.170817613697922 0.0728306261088288 -0.0458932815080969
-0.163238183014885 0.320328041514345 -0.0508486641477563 -0.0183272731598633
0.0041008903583094 0.315378896617378 -0.0119708142855001 0.100757631731601
0.136720145013369 0.337050826538311 0.0440113415144231 0.113970949402422
0.164712525174088 0.298932905841338 0.103666991227289 0.13600960674297
0.128560440697989 0.307097660806538 0.0978693953994446 0.146288737774757
-0.0415971815069586 0.317489730823558 0.0803948536553658 0.187592299509693
-0.196663309538008 0.261589220483379 -0.0106295314805934 0.211637509481614
-0.424099986150811 0.0862553265989547 -0.124914570941859 0.16414865684513
-0.387922360317266 -0.219854064346642 -0.155503270479323 0.0247306421955916
-0.105163958993239 -0.4400772630374 -0.0873130561306461 -0.0644354245567763
0.119835954410952 -0.538687815946659 -0.0594177289414509 0.0133588475418261
-0.0340269831398625 -0.454461219656566 -0.224862414262448 0.401280068777499
-0.234230650468584 -0.344823073428716 0.0632415039245088 0.346216115980079
-0.366595165966478 -0.109451516781985 0.171605313236549 0.0581810796434365
-0.321405907733494 0.1420411622247 0.0454563781032673 -0.0208487725835965
-0.115591923811719 0.231978303808645 -0.0791226567071049 0.0518455819175335
-0.0043113199310065 0.232508995976367 -0.0118779226070897 0.201791428863017
0.0844183404639834 0.25773840731279 0.08829437789611 0.219966552338385
0.102785028320706 0.225020389269399 0.152235860763779 0.223329358894555
0.068411044368333 0.225098772706771 0.134489203933353 0.235932018666295
-0.056124423235758 0.214916753180872 0.0724703042449004 0.259339371746965
-0.149781372971574 0.150156320283507 -0.0467002273214244 0.245370933685084
-0.272356450685014 0.0300418831598119 -0.131245640539786 0.156465656726914
-0.240775937641445 -0.153102199381392 -0.133363236013432 0.0374918572030368
-0.0676865549687173 -0.301061163923879 -0.0527476262069065 0.0264431047638242
0.0728167585195164 -0.412386069603744 -0.0945504124518263 0.163925356528451
-0.0659460679179145 -0.277158765215643 -0.245727224909004 0.493452391857952
-0.17185068344823 -0.175007850199564 0.0715241435068858 0.418074061539206
-0.1972860705033 -0.0252750018630994 0.15882827679163 0.0858161353402747
-0.14064864087707 0.0870087920961552 0.0239451727993512 -0.000289216345301377
-0.0475191209927442 0.102127336873234 -0.0940997324195574 0.10158140929063
-0.0120861775922643 0.108402104010571 -0.014890524835791 0.266841019312275
0.0164421755070449 0.135206703764957 0.116934828862791 0.293965707486052
0.0260268536419483 0.116179858344598 0.178124260890598 0.276899868519083
-0.000247142023458644 0.113172862918184 0.149122173881615 0.288070875176287
-0.0589781990567938 0.0896694221336108 0.0527258636285537 0.289322194549386
-0.0833619728520094 0.0320745429550349 -0.0756135362984171 0.240215026567951
-0.0998161137123943 -0.0148985376245534 -0.124947545319778 0.126007658694897
-0.0825572382985134 -0.0643133634412549 -0.105525374229785 0.0343623712351441
-0.0364831318653225 -0.131566352282476 -0.015229253058611 0.0869679510702208
0.00970164546201107 -0.236441165412652 -0.0999398194417842 0.271499657831944
0.0796849975591106 -0.00251186756760534 0.0243690987860369 -0.359016010095151
0.0218115974934992 -0.0593832745410838 -0.0594322403824518 -0.166298630425722
-0.0618403542969458 -0.0426109441695229 0.0556699585614899 -0.015923750800571
-0.0770498333176631 0.0367452191365662 0.109225016258899 -0.0827011747486125
0.00754085864482753 0.069905422843094 0.0859737517421221 -0.203961353491977
0.0420382704450811 0.0366827718820446 -0.0281354396437663 -0.295775177550264
0.0600101818265635 0.0116202305670198 -0.156595210398106 -0.301036757061582
0.0520786382078731 0.00979561351757098 -0.189577075713793 -0.279612758540517
0.0490865422170539 0.00824767487697411 -0.145595696640749 -0.305996273709538
0.0311670623668792 0.0219127293864788 -0.0255790000365983 -0.268608228297638
-0.00596357510136716 0.0379315028460429 0.0798908461106379 -0.148003013386098
-0.0410744793684746 -0.00350351671495434 -0.0104006881775168 -0.039010452424058
0.0136819799613989 -0.0494924549886707 -0.116339593339224 -0.111799329400288
0.0737072689835448 0.0172541967262351 -0.0550588322574193 -0.38066718074599
0.0565763328385554 0.0825442840041303 0.282763482742514 -0.519255608298392
0.100175719658204 -0.199598486613793 0.00224349945457521 -0.310658804716728
-0.0256511417172052 -0.21365690606844 -0.0601675182584574 -0.145041874040844
-0.188536769954725 -0.126621712025842 0.0598912563648725 -0.0124091502791472
-0.226935441372683 0.0586955816621272 0.106276284368878 -0.0667116130330226
-0.0666116074144946 0.165884805405025 0.0783308185194874 -0.188897581309894
0.035703076009454 0.151622144660955 -0.0172295880504925 -0.265766881731713
0.11923051882968 0.141459421290799 -0.139174613442119 -0.277029818701737
0.130981828281325 0.132062565600482 -0.15862557858317 -0.24800262058446
0.120037020575732 0.142777464434337 -0.120185534985919 -0.272490842371869
0.0303520833743945 0.168910664854537 -9.77367993885164E-05 -0.229554990246678
-0.07824267424563 0.169633814903075 0.0832295474891607 -0.108503337461119
-0.228366543436872 0.0585093189413915 -0.0283335260237435 -0.00846937344982075
-0.175092806124047 -0.129793574795272 -0.134667745262351 -0.111933141550483
0.00386903016388203 -0.182732313117895 -0.0836421887899724 -0.395629973498849
0.0810949149142772 -0.169723636924708 0.163363632720153 -0.558372177503557
0.0522918769973299 -0.391315037958402 -0.0687500991262661 -0.208806098584075
-0.132817974516186 -0.337028455187663 -0.0640594444465625 -0.083852528688599
-0.335258703472234 -0.148493925151517 0.0779551046051581 -0.021136192118105
-0.34561118133434 0.135567703310909 0.0966030659344311 -0.0772173936250361
-0.0960317679694528 0.267882844427179 0.0329326330845395 -0.177161176318907
0.0610701252293729 0.246177914355974 -0.0406959944848251 -0.206754323904722
0.195422372273276 0.230292719451835 -0.134058434013418 -0.199273866822464
0.220854227183155 0.210580950907063 -0.127717692349023 -0.163917222990221
0.203755581261277 0.232505042602094 -0.100114918639554 -0.18600093476128
0.0601129643421075 0.289055074861655 0.00906698862517842 -0.153219438837576
-0.109608110175151 0.296497330666606 0.0704212263020702 -0.0480125658062081
-0.375563870123061 0.159397911991646 -0.0481913555666832 0.0457081707692427
-0.368008992584174 -0.1557673711988 -0.166453506602009 -0.0714305974187796
-0.108837353629255 -0.352315729427134 -0.154502839493208 -0.352048616277388
0.0829486634656509 -0.390384682903237 0.100849347726803 -0.480417328704904
0.0248668211457901 -0.519663338505088 -0.100212104044238 -0.0654490714120673
-0.212504546937958 -0.430757916536067 -0.0294596783293806 0.00178140367500489
-0.446728062183383 -0.174065030234699 0.114755273173591 -0.0173604602525551
-0.441768057407863 0.180136657325595 0.0955308088726593 -0.0769406693399636
-0.137302327666718 0.336710650765119 0.00642726697377363 -0.139995364170801
0.0512706917949534 0.318439021578244 -0.0238876774387695 -0.122037037827926
0.212763004959037 0.312091728912862 -0.0703321600608297 -0.111952813998484
0.245086681604779 0.283982356123431 -0.0408574232150683 -0.0772553971472364
0.218692634573614 0.309704629293889 -0.0220371239494654 -0.0865099328258057
0.0370326059326941 0.365598587616929 0.0532682048155089 -0.044475500141924
-0.162444819700185 0.359540769833527 0.0626527965739982 0.0468009348239155
-0.481390876987338 0.186232251307157 -0.071507726894606 0.102291224892782
-0.475660412558713 -0.199802805679294 -0.173425982015364 -0.0361935428800921
-0.154957724201876 -0.469126488314977 -0.147205972470818 -0.277518205110244
0.0993960667266405 -0.540140338453632 0.0462543818979203 -0.338809070737659
0.0211128054208727 -0.580796447657626 -0.140292524414524 0.0968825139854442
-0.254053675736928 -0.484396860958702 0.0119257815614676 0.114844260618954
-0.500364508383461 -0.190860061576794 0.152826315465563 -0.00035324200945999
-0.487969729226222 0.192939155409965 0.0889711472942643 -0.0680325888823107
-0.168171633499235 0.359557133962504 -0.0236917080098897 -0.0839060680826374
0.0287490173108093 0.3466567720943 -0.0119230002248192 -0.0143108585155574
0.19156372074122 0.352567856446375 -0.00604554691004298 -0.000500992136285051
0.224659478502935 0.316635492541856 0.0422804265485424 0.0284112986304211
0.190519751597278 0.336870293263706 0.0500273336122685 0.0311734053762345
3.64844220295864E-05 0.378248070913421 0.0813953646716877 0.077715996919259
-0.200440961063906 0.346087385879398 0.036576125640993 0.144648073066496
-0.505151519629957 0.159423788375831 -0.0979709554943335 0.149762417785944
-0.485691629336397 -0.230173562246671 -0.170209723144812 0.00299264763937172
-0.149108327050864 -0.504371447378541 -0.12322892906399 -0.173295276688321
0.120159967976979 -0.590015889063305 -0.00746662902063015 -0.162089318143424
-0.0148500296925838 -0.562552309935517 -0.181238661467857 0.267805240233749
-0.278461716637112 -0.450043131735102 0.0528864876566182 0.237337735619454
-0.485610355055651 -0.155744278887715 0.177015203438715 0.0208645245243371
-0.446181204132601 0.197566026316461 0.0685984556097568 -0.0523923383169242
-0.151249919622828 0.330300823282488 -0.0576723590120331 -0.01196326688892
0.0193356836492633 0.318870819725835 -0.00572510295190611 0.102346529926911
0.157866814482815 0.331292134106541 0.0523013135759028 0.118742440386801
0.184920335690886 0.292289257040158 0.1128341774497 0.132663369659615
0.145398479627098 0.304023270633534 0.107899724739612 0.14317870450713
-0.0264912142705325 0.32399784481394 0.0932452937296962 0.184031620133947
-0.188647550130384 0.27342215783199 0.00421934357384182 0.217242123883529
-0.423610657327244 0.110378016435621 -0.115327096777369 0.175919948839338
-0.401112357682968 -0.204524830356189 -0.156171511404189 0.0353884452971866
-0.126755525585944 -0.43909206468683 -0.093520356838174 -0.0612142514817153
0.0953577440113396 -0.546476150184142 -0.0613919290203656 0.0162883751913961
-0.0532895373602536 -0.456832053554106 -0.212080454671714 0.415933834235035
-0.253387658717727 -0.337196352022905 0.0826850248200778 0.344102115189298
-0.374924526151515 -0.0938561443278512 0.17948975513554 0.0477060553724404
-0.317998123661878 0.16198007901836 0.0433049376639776 -0.0270366808928144
-0.106720188683396 0.238475949661165 -0.0821540196966962 0.0586569868404027
0.00677004476741828 0.235249505410225 -0.000656102658364698 0.203453209288335
0.0999674288219601 0.254717989464797 0.10177328422741 0.220921699554038
0.117471153584823 0.220926672989877 0.165468438861893 0.217681481088064
0.079285555631766 0.2241137825592 0.148743226921215 0.230147497726327
-0.0460419944546791 0.220581398775861 0.0876388250362016 0.25661138580822
-0.145987980488863 0.157810608840424 -0.0312658157634419 0.251481704848461
-0.272814543416893 0.0451520394235712 -0.122305133127937 0.16788721593337
-0.248845725569164 -0.141822394058709 -0.132188909913077 0.0481026243633367
-0.0811381371090419 -0.299673420121248 -0.0536989962005607 0.0287440928334589
0.0517015770350726 -0.417911931608591 -0.0909714768525108 0.169816592469448
-0.0818925830969211 -0.277023010886777 -0.229241539149168 0.51026545244431
-0.18280636440539 -0.168663911241361 0.0951536872292998 0.416863047050962
-0.20004030711945 -0.0166393938483229 0.168582266828052 0.0753218265422198
-0.136212625961675 0.0967919041967198 0.0228555202900925 -0.00601627377150271
-0.0437010792626838 0.103756854823523 -0.0942778809032664 0.107462975393793
-0.0073919696847701 0.109303739096754 -0.00120743207042844 0.269261026715864
0.0249663386279766 0.134885755920184 0.133422603645933 0.292111684208287
0.0321480615227024 0.115546385760335 0.193730515673511 0.270934752003216
0.00485457656265157 0.114455024908111 0.164983525865607 0.28093600712942
-0.0555446502441515 0.0936515127154605 0.0683479988941223 0.286071155556391
-0.0839402814749546 0.0355531997924058 -0.0611657700102164 0.246454395074719
-0.0993329308814743 -0.00937135235933921 -0.11695371324222 0.135517834239139
-0.0849158326296119 -0.0599741094307578 -0.103542309645906 0.0438635643867481
-0.0427431517125512 -0.129444122754255 -0.0127602697901285 0.0884105203845083
-0.00356589004268808 -0.237351295541357 -0.0906866654944835 0.27832570425446
0.0799971800773894 -0.00602400581255681 0.00806213337841614 -0.352456617863319
0.0195964478230121 -0.0606749975231503 -0.0657837241392041 -0.160007958096916
-0.0645544540193049 -0.0382213028150775 0.0530794241688079 -0.019830124086309
-0.0754023284192478 0.0424676489745234 0.0991425485059859 -0.0879621008005512
0.0114377362938368 0.0689964664825901 0.0703612576474038 -0.203508330200578
0.0447885179200254 0.0347317999859209 -0.0456453273910298 -0.285532346398591
0.0598153289372288 0.00922002208306161 -0.169261070878804 -0.283056785720584
0.052487083581673 0.00637364879211765 -0.200936745443777 -0.264166345384233
0.0490450389997796 0.0056211613949517 -0.159381037991425 -0.292009107956633
0.0313546633236885 0.0196201489664079 -0.0372466304292957 -0.260764997816802
-0.00363667011375228 0.0382887315807485 0.0724776968787349 -0.148828024259961
-0.0424055071721274 -0.00163903586505232 -0.0110880675154795 -0.033736560575795
0.00976524669449798 -0.0513274244436928 -0.121766208619883 -0.100574008793332
0.0746772839725797 0.0112772256141549 -0.0758126576644096 -0.36973991942987
0.0608804067507964 0.07747034959344 0.254008643163993 -0.526173275673588
0.0907735296251092 -0.201205916553011 -0.0107742359435382 -0.304945606731055
-0.0343005569218808 -0.209353201852295 -0.0662402434076971 -0.140894741569813
-0.193100971051578 -0.114540415564889 0.05731285809365 -0.0173865243329663
-0.221839261468785 0.0728808171197609 0.0972851823628366 -0.0710686548310715
-0.0571059572802321 0.167012285069273 0.0637975285762617 -0.186552063834266
0.0447087750513548 0.148888284040089 -0.0322300528812303 -0.257088790662869
0.125661956235282 0.132730821908198 -0.1496163657638 -0.259501850382966
0.1386243887271 0.120929381266181 -0.168209535032062 -0.235167942515955
0.126308035207993 0.133602978961972 -0.132107929119784 -0.259530184300401
0.039276144762568 0.164482396474649 -0.0100298606158965 -0.224501256724012
-0.0679255648811771 0.171872702274934 0.0788941972987897 -0.1096997388383
-0.221478755063807 0.0706340688704936 -0.0269286171455424 -0.00295457941394138
-0.17930879038894 -0.120210958770742 -0.140625074141715 -0.100712308465777
-0.00382617319139315 -0.180815554786529 -0.105180138680867 -0.384852738523283
0.0717244743880784 -0.171078972956855 0.133864222150262 -0.557774489306009
0.0342319141525899 -0.386771366625861 -0.075640939002768 -0.201913237373979
-0.14505225461285 -0.324846224356614 -0.0672081341228247 -0.0817192922298453
-0.33828515884309 -0.128330966039917 0.0750459341704661 -0.0268673919063314
-0.332992191336262 0.156387439340043 0.0882317789454786 -0.0794519502714629
-0.0810874353998004 0.268518464339778 0.0204071965378399 -0.170491274235578
0.0741478290387639 0.239908995178006 -0.0517514619332844 -0.199095303477981
0.205897280514839 0.214729611565034 -0.138071257474463 -0.183248761561975
0.231385767661449 0.192016295079366 -0.131998444439379 -0.153948817159382
0.214506117856261 0.21751965428713 -0.106313505335135 -0.175742347568453
0.07590239915339 0.281497372426888 0.00386568506702652 -0.150588629490095
-0.0921718846298899 0.298955438561164 0.0709226992489817 -0.0495316062318828
-0.361121216163056 0.180561250097391 -0.0430195504372695 0.0520611543058844
-0.369910340535783 -0.13404310145883 -0.168836726360281 -0.0590883754050192
-0.123739605178995 -0.341562560115262 -0.172809262181524 -0.338231660243568
0.0616754732353804 -0.387132108681637 0.0763578929945829 -0.478463590062205
0.00226179563689864 -0.512441080261647 -0.100539741453778 -0.0592070889139779
-0.227146088551623 -0.41270691472787 -0.0277492278675411 -0.00146287566084003
-0.448459817489077 -0.148333720327322 0.110520920289331 -0.0263535791479758
-0.425267100680939 0.205442949221563 0.0869402797621015 -0.080474111983317
-0.119713988424336 0.337570102198492 -0.00421479903831049 -0.131170896614585
0.0685840335562252 0.31109645552284 -0.0298653401885951 -0.117327963420699
0.227798991512516 0.292739890104983 -0.0702379936129281 -0.10094207985105
0.260371287388538 0.261838662476062 -0.0417323953967396 -0.0734635515169955
0.233222896259539 0.292793837550935 -0.0238280741243011 -0.0823908662568479
0.0569184318297552 0.358666373043148 0.0534194445813943 -0.0463836434048923
-0.142156282983834 0.361869284025378 0.0688244211137484 0.0446802649117445
-0.463045142847727 0.213111804910481 -0.0616021838841183 0.109337354417781
-0.480071196956496 -0.173643690150193 -0.173360746781357 -0.0230165576800787
-0.175043871659502 -0.455893038020632 -0.163093492985328 -0.265379611063503
0.0692632794520229 -0.534075943286627 0.0285342412604765 -0.335529874844206
-0.00637491720345256 -0.570701073927701 -0.132467494788993 0.101109347950057
-0.270880980296127 -0.461234721468707 0.0185440555382339 0.106584721576599
-0.50275978620311 -0.162616549391568 0.150257183829721 -0.0124287737991524
-0.470882009000772 0.220970056755968 0.0813798615675546 -0.0726698481632406
-0.148676247596456 0.362039571239045 -0.0310146212204746 -0.0749064564453071
0.0471041331175349 0.34064846746786 -0.0117029257577753 -0.0128154053230586
0.209270150018035 0.334699038170705 -0.00102791147384369 0.00506848406102162
0.242283280805114 0.295778167921008 0.0451815286457792 0.0257603230645927
0.207303557966022 0.321658195224577 0.0531048294429171 0.028988297246393
0.0211359958631167 0.372591039618836 0.0872578197884575 0.0709725257694444
-0.179703337494925 0.352205982790595 0.0491605934735488 0.141521237476602
-0.487562306876462 0.185633873007813 -0.0850907704427621 0.157446105387643
-0.489229444073321 -0.201031949196829 -0.167281429547902 0.0145546170188799
-0.171304691451253 -0.489085834551207 -0.133545392208208 -0.16490744132759
0.0863014323281224 -0.584048321662564 -0.0172177269864639 -0.158596387042649
-0.0414093663148928 -0.551393437974182 -0.165553658664275 0.27176359513603
-0.295713086885429 -0.426687073261242 0.0666315382798565 0.225230985144292
-0.483909957421057 -0.128889548552022 0.17601221748348 0.00657665193207399
-0.427448513761402 0.22147166119192 0.062232433427001 -0.0564260350185055
-0.133892579600048 0.332574472132991 -0.0607334448295702 -0.00340592603401171
0.0362282186626779 0.312994665062717 0.00101012646223079 0.100496364551727
0.175455184571267 0.314339130217316 0.0617793320871844 0.117563359518455
0.200289949954271 0.274967101757679 0.120217890928838 0.124113155279207
0.159916938521057 0.291106365823768 0.116123262101499 0.13463297124181
-0.00687946800728152 0.320809383215876 0.103552439850011 0.174395224084237
-0.172559956663351 0.279457969029112 0.021356545270164 0.21478873386789
-0.409100260442157 0.133301680808009 -0.100261614157809 0.183271719935671
-0.403384518185765 -0.177829430579097 -0.151400544079609 0.0467072117125073
-0.144171390954726 -0.424162987247563 -0.0979989971202695 -0.0566424008365064
0.0642169616707704 -0.538899018050577 -0.0617461389873834 0.0194942643654372
-0.0774566673687547 -0.446601388345611 -0.188182238224156 0.419154025490362
-0.26681810611017 -0.317824474343435 0.10167774470005 0.329138208086259
-0.373878903749236 -0.0732288935867874 0.181332265008487 0.0323257512856188
-0.302528779110791 0.17817160531144 0.0387173976640095 -0.0315913375626774
-0.0942475128912758 0.238974442375411 -0.0807091590026862 0.0657943710636219
0.0193292006665567 0.230639483642784 0.0112828554329014 0.199230501805859
0.114066274078873 0.242836003546776 0.114695258577314 0.214108869958523
0.129415889630037 0.209088052161456 0.174959502546746 0.205177816703203
0.0907643418224484 0.21730002947345 0.1596200651116 0.216477157318234
-0.03274586273182 0.219729520556361 0.101729035470415 0.244997616485243
-0.137026758443778 0.163255291955962 -0.0118124791689325 0.248934876821605
-0.263656046855308 0.0600746819518195 -0.107351019981244 0.174915766847523
-0.250361867174639 -0.125390452202195 -0.126044145943277 0.0573095281221316
-0.0949208630404787 -0.289080061673323 -0.0541897211490429 0.0307119483468826
0.0277889737124639 -0.410434592862353 -0.0838719654957965 0.171998835965861
-0.0959570963972512 -0.267768615741297 -0.202550130385839 0.51264862479328
-0.18967947699066 -0.155103997840934 0.117519071550424 0.401252058732613
-0.197147788818501 -0.00622014659684238 0.172511765670518 0.0605987527276085
-0.126862314657883 0.103378409408189 0.0204897665400939 -0.0107898644677971
-0.0381462008822693 0.102780233230817 -0.0897424255962471 0.112533268118587
-0.00222074921100682 0.106662654880848 0.0146160062425979 0.263525520338555
0.0325706852130915 0.13000594965233 0.14881139058891 0.28069953785291
0.0385984753098416 0.111520275472346 0.205250695357209 0.255729909447735
0.0105651502776752 0.113055399371566 0.178174124080979 0.264545740322725
-0.049565325752122 0.0956440066280532 0.0839641951805445 0.275379445723774
-0.0821759799847475 0.0392335080910594 -0.0420117898857939 0.244888733495422
-0.0962744350238078 -0.00422347243638197 -0.105052063212563 0.141441090808257
-0.0840505975363705 -0.0530798412501051 -0.0978167695384984 0.0525673865779271
-0.0480927900876472 -0.122682550508352 -0.00970660859740351 0.0869590016123061
-0.0184512633115473 -0.230297532531717 -0.078005378116311 0.278886935654931
0.0790059993638692 -0.00922788799927727 -0.000922315712043987 -0.339099167799995
0.0181229024592014 -0.0606716025000139 -0.0662104831692864 -0.151790253371197
-0.0649490064791971 -0.0346927781550818 0.0500717227884489 -0.0237283981468281
-0.0731128281824746 0.0464549751691792 0.0895939885023166 -0.0884518751673242
0.0133753447253703 0.066909877808394 0.0579661229977853 -0.197000771443732
0.0458082447072841 0.0326833959033691 -0.0546400678765393 -0.270642320537338
0.0589102162230836 0.00761752434129508 -0.171716311825739 -0.264272639580105
0.0515419003361692 0.00445148874430095 -0.201691137573348 -0.247173788666762
0.0478888897359226 0.00349664131689626 -0.163110637196531 -0.273710369525222
0.0306965120956832 0.0177326591299515 -0.0422645435361349 -0.249090791941042
-0.0021117898680551 0.0380623364815738 0.0682184541865115 -0.145742460075412
-0.0419640473498336 -0.000280926475684688 -0.00990246551703333 -0.028793789977445
0.00647793456536441 -0.0514217962754029 -0.122003337747464 -0.0896698560441949
0.073366786427837 0.00736641055095763 -0.0860616392178117 -0.352605765883345
0.0620760084600342 0.0722539595483581 0.231733548286401 -0.516305926875739
0.0839510472292505 -0.196721953276734 -0.0177470602808773 -0.292971144939327
-0.0374139181504794 -0.20169447910749 -0.0666170705235066 -0.133798400034533
-0.190938052543305 -0.104061598472372 0.0533053865305375 -0.0209712465066317
-0.212842230842716 0.0815172732248632 0.0887408133168295 -0.0711381185720987
-0.0505734950992607 0.164144777739473 0.0533495106289251 -0.177767758607113
0.0490842203314421 0.142955481886768 -0.0400218894730501 -0.243924042912329
0.126434081507028 0.122507985010897 -0.149648848159257 -0.24090246543651
0.139694644709717 0.110278096352132 -0.168507569577332 -0.219970684037352
0.127416559636636 0.124301448463296 -0.134792639411187 -0.24375438199469
0.0436011395260531 0.157507044098568 -0.0143200348205167 -0.214740657024384
-0.0596551852650157 0.168587978377005 0.0758789374989316 -0.107707324261087
-0.212327114918919 0.0773573967880024 -0.0242474560680249 0.00242581013107392
-0.177925153037353 -0.11094794913102 -0.140791506797551 -0.090058350569825
-0.00825966107338534 -0.175250019487651 -0.117121463824351 -0.366672273708027
0.0638748702073055 -0.166083197914383 0.114338799080398 -0.543208463753132
0.023318262146259 -0.373914314528096 -0.0775713978549892 -0.193011948625846
-0.147650823953105 -0.309102631584074 -0.0667099570527493 -0.0799181216371362
-0.330450961381265 -0.113211457873929 0.0689218606681062 -0.0308069608475814
-0.316608601409197 0.165734363056423 0.0790510231088684 -0.0788453440894421
-0.0708778840840435 0.262402730202061 0.0129103055159555 -0.159115009531909
0.0812420091629703 0.22960850198917 -0.0561025664928178 -0.18749022319513
0.206350898113877 0.197870820824148 -0.133656225715778 -0.168501828767586
0.23244290744239 0.173986239768375 -0.129945523877824 -0.144180642627909
0.215760211651485 0.201615752202831 -0.106193178086368 -0.164603566778684
0.0831565554538986 0.268862693928257 0.00175092692018618 -0.144511699127351
-0.0797275798598611 0.291651701516951 0.0718050094436036 -0.0493732426022326
-0.34165749289256 0.189012268957274 -0.0360634516586731 0.0550814449323823
-0.361080236395178 -0.118362805723895 -0.166831772132869 -0.0486303652185748
-0.127514710724908 -0.325988364984289 -0.179284405317712 -0.321368274014109
0.0482259964429188 -0.373008209609943 0.059047083403917 -0.463838110264316
-0.0118009240292458 -0.492109237983089 -0.0972664047616315 -0.055048206283267
-0.230074074638 -0.391173525990301 -0.0269028971649321 -0.00463601335296166
-0.43655524701373 -0.128311117977774 0.10398710557623 -0.0325259627652458
-0.404346079823786 0.21530307263558 0.0783601724213369 -0.0796147324300792
-0.105976689895302 0.330724607549429 -0.00847544504156202 -0.119930427200638
0.0779905146617498 0.297971468829494 -0.0319252894357116 -0.110496416199862
0.230904266604202 0.27128479125985 -0.0649921930295237 -0.0907962792552346
0.263145748164678 0.241020927648659 -0.040360947703208 -0.0697964799259438
0.23616608086218 0.274120594841338 -0.0229321101287199 -0.0777844575660152
0.0679591234378378 0.344220400711164 0.0530669605815616 -0.0467301996569779
-0.125450236566528 0.356494504601605 0.0734365787600523 0.0413712962059872
-0.438764605215981 0.224084607740446 -0.0520565017592371 0.111457992894235
-0.467324782497152 -0.151592875081634 -0.169446033660896 -0.0142577816294834
-0.181442022862611 -0.432967433431443 -0.16854652120687 -0.250816837977654
0.0490460029439486 -0.514200365592623 0.0177580717290382 -0.324137398532477
-0.0208145974736828 -0.549836013701345 -0.125010263766128 0.101557710144534
-0.274204292293931 -0.435411521145336 0.0214703481027819 0.0970138617231533
-0.490518380167315 -0.140491318101839 0.143327038437859 -0.0212037006541223
-0.446693689544241 0.231388418448579 0.07301845248539 -0.0723166795472632
-0.133982357963132 0.354374046931354 -0.0332134011177744 -0.065108976884803
0.0580685899788017 0.327087184440392 -0.0112952554374285 -0.0111518120611252
0.215466368254735 0.311026940952605 0.00497110857882755 0.00877835238930432
0.247268858035549 0.273295462899201 0.0467840272860364 0.0228980693166114
0.211742538572273 0.302875494078573 0.0548611400957023 0.0268732493248281
0.0331555487784613 0.359049914349528 0.0896979202214986 0.0655399462884103
-0.162816559391133 0.347299082782402 0.0580441878712414 0.136327261900072
-0.462182183323627 0.198644039402744 -0.0723630405115468 0.159040164144137
-0.478124233817217 -0.178544793202275 -0.161043842789437 0.022256504771139
-0.180228058628948 -0.465925946379889 -0.137401468082665 -0.154769039331422
0.0623375200404637 -0.561700900883052 -0.0222629579329299 -0.152197750267686
-0.0574482410701457 -0.529110575590806 -0.15175615908583 0.266328618588981
-0.298043104712087 -0.401975220687167 0.0717652876185007 0.209285425073221
-0.472622541615117 -0.108946642240164 0.170261996628414 -0.00498424150715958
-0.405234195427401 0.232754889045885 0.0559627381259365 -0.0582058944575239
-0.120228522044019 0.325424792092741 -0.0603754810906274 0.00377980436207603
0.0458012969040926 0.300391684935904 0.00413301934244786 0.0964436853672978
0.181584625331106 0.294097858535306 0.0687000285956554 0.114031391226736
0.205054483020635 0.255154701793682 0.121415220543987 0.115159466103065
0.165029751388977 0.275165913319272 0.118454890989911 0.125681407874696
0.00458821170749977 0.309964226556041 0.108511459381801 0.163558632510181
-0.159043194843788 0.276224764748711 0.0334314348595321 0.207193244031024
-0.387899930754889 0.145059250343247 -0.0858873436440461 0.18374590636652
-0.393387652158958 -0.159604362577569 -0.143938526727979 0.0523278076728292
-0.15081175545271 -0.403711536779511 -0.100241862236788 -0.0515611248785169
0.0427727183581727 -0.518601048508158 -0.0610990171086582 0.0218862954826041
-0.0882809123756003 -0.426658016730756 -0.170709486049583 0.409710008172586
-0.267252148115251 -0.297421072145515 0.109314961660968 0.309445605400814
-0.362175616594645 -0.0580260269050798 0.176772999728597 0.0193876604483298
-0.285070299479529 0.184583918981955 0.0341672212284182 -0.0345797389640441
-0.0842168830188837 0.233072831492937 -0.0774035646925407 0.0694507517357334
0.0257163433687392 0.2212007695682 0.0178732653526726 0.190622209530692
0.119903661281073 0.227857033480065 0.121129609387554 0.203981238511056
0.133994687156944 0.195886615543095 0.176777261541909 0.191424949622133
0.0951383168097661 0.20603435845413 0.162117300364175 0.202418393974035
-0.0244890100945826 0.212731943067739 0.108011468229316 0.230894333615095
-0.128140458716757 0.16231304158486 0.00244464456576049 0.24060705372486
-0.250159432598162 0.0681673715170222 -0.0935325393444648 0.175270845066266
-0.243325320233027 -0.112245344324309 -0.11846705913091 0.062743292009629
-0.0997361261698592 -0.273483657007508 -0.0534798359877616 0.030878259156368
0.0122722626391858 -0.393885042069214 -0.0778329946438643 0.168647503263201
-0.102989664395426 -0.254172746409678 -0.182393524094532 0.502418620192655
-0.188666499103844 -0.142778706250556 0.127760035517827 0.380647582258104
-0.189790306115913 0.000167265720374163 0.169567869533401 0.0476948212070181
-0.116585848082504 0.104039630778207 0.0168871559856614 -0.0147351000175907
-0.034187977369969 0.0992827722680701 -0.0852686544328864 0.113043532454164
0.000397664488023305 0.102561829366031 0.0230561051917545 0.253059527185087
0.0367445605469182 0.12254531827746 0.154435835478019 0.265823179514071
0.0420853878726321 0.105195784782243 0.206576764059046 0.239228684607161
0.0139634768832552 0.10896445481494 0.180578360670478 0.246270798372488
-0.0447166842124985 0.0933687121513653 0.0909557321867698 0.259162642087376
-0.0793903042521648 0.0399116051841078 -0.0275942386171478 0.237205651668088
-0.0902290309101592 -0.00116430065493127 -0.092490257031189 0.141481346391326
-0.0807715249793144 -0.0478574034329596 -0.0905712156911047 0.0569358639637355
-0.0499533301096577 -0.114003099974829 -0.00873287204653676 0.0838555961236932
-0.0267467438950802 -0.218258678530867 -0.0689935978535889 0.271035123118986
0.0785969977126463 -0.0107018027891911 -0.000920264625480946 -0.327891416212957
0.0181230976772114 -0.0607640213610205 -0.062772186559581 -0.146306223618653
-0.0643901229556389 -0.0327447445947467 0.0473704217198205 -0.0258546978324178
-0.0713081171162277 0.0486897028504383 0.0824429724949605 -0.0872377867551245
0.0129388574066054 0.0656958709220393 0.0521282027295346 -0.188948073645197
0.0462447071070733 0.0317264964772852 -0.0562554188603664 -0.258479985228367
0.0584761116500115 0.00722513325339933 -0.166980305011373 -0.252378323867012
0.0508285704868286 0.00271549363168947 -0.19640684084029 -0.236743284614485
0.0468236120275776 0.00280145251020848 -0.159605122851469 -0.26206747558742
0.029490004490626 0.0170470060831109 -0.0406191688501076 -0.24000573061413
-0.00143572300035753 0.0370963115125495 0.0672928581131962 -0.141637254863669
-0.0421620653129916 0.000106910837780553 -0.0080574364114907 -0.0237127328870498
0.0043711052578802 -0.0509799739657738 -0.119171211488579 -0.082036173408805
0.0720910002873112 0.00511089169929844 -0.0873428839673725 -0.339643543043853
0.0612191057005566 0.0692258203020188 0.22370417353188 -0.502225629114095
0.0830358175558682 -0.191789890004644 -0.0160724801766217 -0.28355614556251
-0.0355165751359982 -0.196507248313204 -0.0635775853746865 -0.130388430827773
-0.186479477171776 -0.0987558100403259 0.0505086285145899 -0.023590812148294
-0.206346291115646 0.0839771460290502 0.0821234289873993 -0.0693624159607626
-0.0479714682979012 0.1607932000143 0.0486956912069028 -0.169297585054113
0.0507703980576459 0.138444355152222 -0.0422743384947513 -0.233449399508385
0.125589534470051 0.117375855200311 -0.144042310668091 -0.229331604687377
0.13795503028931 0.103862558264063 -0.163993583478111 -0.210929612078836
0.126140704923481 0.11883984892091 -0.131080804962535 -0.233606675588203
0.0436822148172223 0.152818990847103 -0.0125107799348012 -0.207248593702122
-0.0566450197700439 0.164636020766151 0.076107788370249 -0.104054452320663
-0.205401781638419 0.0779985309859912 -0.0211672073388529 0.00646688330885985
-0.17441735832126 -0.107179066619548 -0.138658576609574 -0.0832027963044286
-0.00817947959835449 -0.170459722069178 -0.117616725385672 -0.353860254729251
0.0616900774175755 -0.160643167302135 0.11001810447714 -0.527628403005106
0.0225409458535371 -0.362120492270512 -0.0739742621037856 -0.186287303619466
-0.142907435096682 -0.298796276588247 -0.0640970603810983 -0.0797313359219345
-0.321088165522448 -0.105865548231477 0.0648388362672052 -0.0336715807636696
-0.305424051831363 0.166849111391048 0.0731624241685887 -0.0754014770743246
-0.068217798570859 0.256586918369377 0.0112447765472574 -0.149842833148558
0.08218716677649 0.222160696454102 -0.0552421736356796 -0.17939270835199
0.202870037954794 0.188435575056982 -0.125975523502371 -0.159707631624404
0.228465957039005 0.163403562741357 -0.125044470218658 -0.138408003300624
0.211687409329168 0.192549184230341 -0.101493369981147 -0.156936436268056
0.0831453903397581 0.260010301585095 0.00375847611621783 -0.140427943211734
-0.0745257835337126 0.284902686411922 0.0737883597362589 -0.0487693997074526
-0.329845306092494 0.186875629695359 -0.031151107325078 0.0576999551608855
-0.352584441609395 -0.112701375886544 -0.163314118897217 -0.0430600553875345
-0.124525334281779 -0.316423431579172 -0.179357308637334 -0.309089187407848
0.0453480328486134 -0.360461568928777 0.0562190547119917 -0.45111011838337
-0.0116882276965799 -0.476511616060123 -0.093625737154598 -0.0535639357594191
-0.223785963140339 -0.377141826313455 -0.0264977435812774 -0.00837907429750184
-0.423612926825016 -0.120441127129092 0.0980208016706668 -0.0367832464678786
-0.388857006723872 0.216632466798741 0.0727062667328833 -0.0774850420971363
-0.102359406250993 0.323647894553039 -0.00888344591023997 -0.111017022661168
0.0789537993521587 0.288612126825702 -0.031849986303626 -0.105784656405548
0.227009881684889 0.258703860443329 -0.0575367909952676 -0.0849310042396385
0.260514856970412 0.226652889855758 -0.0371769188475909 -0.0676152639212054
0.233178846562701 0.262295107923341 -0.0200134066534911 -0.0738255099971287
0.069770405173732 0.33395597345723 0.0541540202888014 -0.0458349593232469
-0.118869428535078 0.346369034214084 0.0770628170397995 0.0392630705391217
-0.423131786408084 0.223543147658051 -0.0447036203473509 0.1119876947104
-0.45526059549451 -0.145036460081904 -0.165522091736566 -0.0092291022195329
-0.176493327124151 -0.418267164071188 -0.16847228234629 -0.242587193445774
0.0453480656527307 -0.495987356199947 0.0149032599345318 -0.31378111730262
-0.0212644862321404 -0.530838028641426 -0.120128461303301 0.0986094380730096
-0.26669448482906 -0.420970041553102 0.0205350907890021 0.0888676216262381
-0.475106038077163 -0.133492384830902 0.136940826694146 -0.0268676077847553
-0.431749272610825 0.231263553667014 0.0679529285054952 -0.0714686986751834
-0.128753549090352 0.345686495333738 -0.0325544876066225 -0.057323620940693
0.0594723659304622 0.316494586560316 -0.0107692788420579 -0.0107930140771286
0.211649156703437 0.296948279258005 0.0105730146668765 0.0109325397225038
0.244713941314878 0.259330714214001 0.048052517805329 0.0216976487482308
0.209417241795943 0.292196356870347 0.0558653029176502 0.0257925768412388
0.0366630696173754 0.34866614868107 0.0906421330873559 0.062022700221114
-0.156783553689568 0.33860080485065 0.0629560272839577 0.131269903718225
-0.446796839317325 0.198875127766279 -0.0635093628574891 0.158508366520004
-0.463109522436033 -0.170144903506286 -0.157107805557897 0.0257585784550887
-0.173844712381769 -0.448772174809381 -0.137487299890778 -0.149670418232496
0.0589519844706465 -0.541843681536002 -0.0234103671589122 -0.146049582027091
-0.0578894983747856 -0.510617016336747 -0.146126562269233 0.259223332145088
-0.290604600411012 -0.386250026232391 0.0698147473983606 0.197410541445921
-0.459169315237148 -0.101897789773574 0.163920209460186 -0.0120449458050741
-0.388471204005162 0.230275864587593 0.0513584253152729 -0.0585229378618131
-0.116115727089888 0.316839361799779 -0.0585146924773992 0.00865347527148858
0.0468763830549009 0.290699058831599 0.00541597456546194 0.0933591839723377
0.179663281322328 0.280245138455265 0.0728519054920612 0.111459059384747
0.203730524976067 0.242305022448287 0.120644885969955 0.110180101005391
0.163749555077099 0.265356231977051 0.11788576140715 0.119888769472216
0.00742527469042579 0.300950872361424 0.108725916533157 0.15573438627533
-0.152740269734759 0.269866942732337 0.0403366996235308 0.20006586950626
-0.373550545294326 0.145540046298613 -0.0765184677833958 0.181685695145647
-0.380221823285523 -0.151565903982818 -0.138550684281325 0.0554956630611301
-0.148241974357437 -0.387988027956064 -0.100235064912421 -0.0487742212285446
0.0382655054837839 -0.499285387774423 -0.0612314164121335 0.022173568799271
-0.0887696373648584 -0.410335985674329 -0.164103083979847 0.398235353567982
-0.261072370579669 -0.285271533825793 0.107786827069709 0.295138798864286
-0.352201640032305 -0.054226943544836 0.171462858057482 0.0122976725803308
-0.273371387214059 0.182288399764 0.0305646677370644 -0.036087663244468
-0.0818065492232476 0.227178319961914 -0.0758807519055292 0.0710906635607227
0.0262477144578639 0.213548260415907 0.0189283881941562 0.183878403717796
0.118712878358745 0.216894159645095 0.123155348216142 0.198036870418488
0.132923147027844 0.185966475851283 0.17454494492582 0.18374523616322
0.094563376639518 0.198615647297601 0.160033058023205 0.192848090556921
-0.0214733135591548 0.207036288379912 0.108501602324283 0.221009606196251
-0.124493203158136 0.158813934817091 0.00947263416855602 0.231797874882593
-0.239689593386953 0.068175255022875 -0.0841054229837858 0.172565939069909
-0.234619034512805 -0.10703705728522 -0.11283431077515 0.0651498963145312
-0.0971302819027489 -0.26232463856019 -0.0545293161263879 0.0305108220840749
0.00759697111728375 -0.376609847050943 -0.0768336914053143 0.165163512106122
-0.102330924347994 -0.244349617442705 -0.176563531761101 0.487774985319661
-0.184455351470208 -0.136056651558566 0.127387478026383 0.364342480426786
-0.183754865745998 0.00102147750174109 0.165894062302536 0.0389260774113121
-0.110961345576583 0.10189615446802 0.0141151055297073 -0.0176338745520431
-0.0334764851937353 0.095536343148152 -0.0836207323685077 0.111515100321169
0.000445117368947368 0.0986091200782309 0.0236180676908603 0.244159199322778
0.0368325737650098 0.116874489041695 0.152610285708653 0.256535500261815
0.0424381172558199 0.100816543597547 0.202697860644239 0.230287088853712
0.0145943831129252 0.10587311943681 0.176654632074324 0.234541887313264
-0.0426727488739572 0.0905646404827769 0.0910219849116985 0.247692349676845
-0.0780109918554712 0.0396496315202083 -0.0203352092926049 0.228064427848982
-0.0855024033996103 -0.00144354929765135 -0.083674794071987 0.139095685412043
-0.0762322761642235 -0.045417190016783 -0.0848782711008754 0.0591708490833444
-0.0485432756272498 -0.108336813611898 -0.0104132919259444 0.0814308606052912
-0.0286148368904941 -0.20812124300346 -0.0680760871058594 0.263573586337787
0.0732385632040504 -0.0265398002623315 -0.0554470330332718 -0.327752001621617
0.00418212867865546 -0.0630217503527137 -0.083827078658113 -0.138885111585776
-0.0679345445668502 -0.018415479524963 0.0399555538149299 -0.0435229450697498
-0.0574496759197017 0.060695920604359 0.0562265665514605 -0.104338528151237
0.0230117660943404 0.0593491650569042 0.0115408945191772 -0.189898552719691
0.0475214604612884 0.023107452825387 -0.101983201213801 -0.239001937985465
0.0561174960075413 -0.00505616105630679 -0.2051653932331 -0.211740018309988
0.0486344717154038 -0.00671191295905437 -0.234004760247493 -0.195497185083208
0.0437974016223966 -0.00752869800559858 -0.206147399985777 -0.230556226673361
0.0311736063821595 0.00885937130750703 -0.0845976237545328 -0.23301984352794
0.00655834329077994 0.0341254578129074 0.0417670937798551 -0.154769165553283
-0.0417717607198301 0.00790957686881089 -0.00893756923265637 -0.0198456018311482
-0.00688612310514872 -0.0519383032362239 -0.132621268016587 -0.0544101929324254
0.0746799834019204 -0.0150955797204251 -0.161515776874106 -0.316719931619119
0.0792759761524571 0.0507949802617408 0.129122303234719 -0.546576783476027
0.0471159250407543 -0.195924005217354 -0.0549663507373831 -0.288353730720794
-0.0712659654931656 -0.180488276179386 -0.0787257285346374 -0.129464491203455
-0.194935533537239 -0.0580222098704802 0.0411010457856068 -0.052031562571254
-0.176565511111383 0.122156497451239 0.052676819691677 -0.0953445650933269
-0.0179389753298958 0.161554308524286 0.00599754490361848 -0.167419645249303
0.0710766785945077 0.123950975169537 -0.0873055343881121 -0.213198491434165
0.140769023468442 0.0848630697596263 -0.183207998582594 -0.186767077465448
0.149484511550969 0.0745284019730712 -0.196736874322087 -0.176151729796789
0.139458161626619 0.088670073517374 -0.172874832618427 -0.208710585723349
0.06920559388083 0.137068911064874 -0.0526498189881493 -0.208130587144967
-0.0236869593149297 0.16431975634454 0.0566508394978411 -0.120915840750194
-0.183232729167176 0.111108045750542 -0.0163840072792667 0.00860381433250299
-0.185805547682864 -0.0735252322880971 -0.149248427176705 -0.0589348239685862
-0.0354592493529484 -0.169574278409004 -0.185049561857006 -0.320473038223837
0.0364782312051683 -0.173590083252964 0.017390161274987 -0.539640857430862
-0.0382334583240772 -0.344235362788137 -0.0903903736816104 -0.189333446609501
-0.19031295953427 -0.257269998203637 -0.0716067152277469 -0.0857741482155009
-0.322098022175291 -0.0394735740037618 0.0464457342440334 -0.074309048595005
-0.25327311657306 0.219687189920183 0.0334820991469371 -0.104756805374095
-0.0192029657390727 0.257807905564982 -0.0317077390396942 -0.137441949123439
0.115941481734214 0.198792686543818 -0.0932952881262299 -0.153710433438829
0.227612008103032 0.136392090435981 -0.1561452795955 -0.114840763724972
0.24629001082268 0.115840703514249 -0.145741045873509 -0.112268324751417
0.234529248488508 0.144661544378323 -0.12975934523558 -0.140044778616836
0.125679700861629 0.233619468098375 -0.0260366049867533 -0.146069983786206
-0.0217029460366627 0.281063613258325 0.0636933750144376 -0.0663612330185521
-0.281615169241655 0.238904248830922 -0.0158686937315649 0.0569196826890015
-0.354819682340762 -0.0464540579827129 -0.163233935103862 -0.0218934589000058
-0.176665461304718 -0.287440777167617 -0.229685101620357 -0.260725854726118
-0.0167001786084214 -0.363839775327908 -0.0159386581015888 -0.443507217199623
-0.0902496904309906 -0.446085315612176 -0.0819424205093328 -0.0579179260290441
-0.281105012370943 -0.316846451064432 -0.0208715202037249 -0.0273931879690878
-0.422364403210156 -0.0347650624334723 0.0743588985766261 -0.0907870536249074
-0.322406386037875 0.2831912826506 0.0272600748094985 -0.110933222613181
-0.0402496433001063 0.327790126373775 -0.0493549653242702 -0.09402352051246
0.125647816693611 0.262867288974168 -0.0602443177167647 -0.0837205723028969
0.264821789584226 0.197385554951205 -0.0807566365791814 -0.0506659325043533
0.286890712811447 0.171047806559371 -0.0469655591506792 -0.0580847358921148
0.268431106859618 0.207959344259241 -0.0338552239526896 -0.0747774896534514
0.126067652640329 0.307876116893711 0.0419164580727467 -0.0637522317166985
-0.0541527065206999 0.347626617277235 0.0842535888504458 0.0197279593155928
-0.365535600717852 0.289798580197396 -0.0180790360947463 0.111395760774797
-0.458142557731123 -0.0578183077685223 -0.15559444019162 0.00794484484153267
-0.247403358341211 -0.376094212728218 -0.199822606896016 -0.192101309369035
-0.0422216593087327 -0.492534303896933 -0.0282741268663867 -0.29140886724775
-0.11032050482012 -0.494231702193437 -0.0797523624887303 0.0983041524199085
-0.328772384766788 -0.348342760097012 0.044534114163126 0.0586688729444051
-0.473122411666542 -0.0368081455429849 0.113411121175687 -0.0934254611085644
-0.357972577642724 0.305222124400826 0.0203849475193524 -0.108064151680447
-0.0610758751090531 0.355203456002666 -0.0656476504186486 -0.0371186247936007
0.112631338609848 0.292884002550204 -0.0248269530392224 0.00564676514139205
0.258881728756107 0.237284610118456 -0.000216706631000417 0.0311599353555129
0.279587606999157 0.204735807510069 0.0520835821746587 0.0133479412595693
0.250516349004048 0.239614155153521 0.060050583422519 0.0100754902474728
0.0966883673012765 0.329239934086044 0.098660881538975 0.0366278027237309
-0.0911369621441432 0.34926607260721 0.0898262811077682 0.113732926668778
-0.391282232520467 0.269979119195971 -0.0269416117094468 0.160727860849594
-0.471415210138426 -0.0788431408411265 -0.138301245167249 0.0419693651109481
-0.252235192160053 -0.405091603106954 -0.150005959783097 -0.104190517416591
-0.0411476412813607 -0.537569445179476 -0.0366148154302221 -0.113457515498616
-0.140945385923 -0.468882386679707 -0.0796343618811878 0.26519595966962
-0.344684665707155 -0.313095734962656 0.111481392699782 0.15898704917904
-0.450631589684591 -0.0112388971911195 0.142404787373267 -0.081605831194684
-0.319136401549221 0.295506974142871 0.00788601315615172 -0.0899179403615483
-0.0532671628977475 0.325268048598916 -0.0775323171516143 0.0320978466860494
0.0964128323785374 0.270693866756897 0.010286606708359 0.103025459638521
0.225740213527136 0.228140553697369 0.0778153755536282 0.115985394680034
0.237264445780358 0.196021232691256 0.138645600028799 0.0874243358040021
0.202918571804787 0.224541127239012 0.138519455224492 0.0927684159291117
0.0599711765616245 0.289350494326508 0.135547671306736 0.127946517596906
-0.100250494642383 0.28406749121992 0.0804537143578609 0.186380117294294
-0.332012943542321 0.20579609264146 -0.0342993231167187 0.187939119135012
-0.389028948798309 -0.0761690432724311 -0.114907167785419 0.0713071604842699
-0.215407334993114 -0.349655563358715 -0.0950881245022508 -0.0132222150421935
-0.0558605318582515 -0.489220423362646 -0.0445022229787233 0.0607558359705892
-0.15467953287931 -0.368059038710155 -0.0802205960984974 0.413523538312157
-0.297698877858903 -0.221187435528788 0.164293052130567 0.254822000681673
-0.341412810621738 0.0138446964950121 0.157074610463028 -0.0503189260791766
-0.219353066099825 0.226551401105648 -0.00182314038285044 -0.0582832234389224
-0.0367576471096819 0.232679669898855 -0.0775176556164791 0.0938058115682125
0.0641832028565126 0.19971563942603 0.0420121962110902 0.187168610103771
0.156652579790975 0.180322312092301 0.143796705760133 0.186130926702624
0.160763561752321 0.154874181704955 0.203985944972297 0.148594532572197
0.126236619265674 0.174143678468139 0.193547801230534 0.157452032049711
0.0149390129642752 0.204761800652751 0.149053207894137 0.193935232602635
-0.0927060495554527 0.173891371441026 0.0573211609832003 0.224719963369052
-0.216729411528764 0.107507397243316 -0.0437521439200812 0.183097981378393
-0.240587415079553 -0.0603730914789676 -0.0904894935144603 0.0811929874150577
-0.142625952178109 -0.234096615651879 -0.0391155891256977 0.0521635864900361
-0.0631699005497668 -0.362828841177605 -0.0376620877427842 0.198935383177104
-0.139091652149706 -0.207771095319875 -0.0831382055119673 0.512400197992749
-0.196693911010991 -0.0935581194243277 0.193290970577498 0.328722945974545
-0.172057603320592 0.0343099666991618 0.162090763362637 -0.00793053865035686
-0.0826752673455707 0.117573095072866 -0.00284744343353814 -0.0279411389535051
-0.0150035846159332 0.0985060123455294 -0.0704544111241463 0.130164574621224
0.0192124493620366 0.0938034895994355 0.062269434350903 0.241027563399801
0.0603119102182872 0.10292335600059 0.187247405011169 0.229737568946085
0.0586277798025893 0.0891313761564645 0.24060173047937 0.188401341947025
0.0337493212505695 0.100034757829167 0.218199556206644 0.197257312165022
-0.0257404777800574 0.0968508814719514 0.138463461163105 0.226048472128132
-0.0693812639230023 0.0533655360781891 0.0275341296582824 0.226740281400862
-0.082254345748373 0.0128273785410165 -0.0503301973588539 0.153206944717157
-0.0796386714805987 -0.0294088693799311 -0.0677144733854701 0.075545328346359
-0.0675157825786575 -0.0923448603410358 0.00963923199771724 0.0874797759435989
-0.0696310623434747 -0.19131104676812 -0.0147288785089458 0.285752861730761
0.0751882605276899 -0.0300324378478251 -0.055551976819487 -0.331145796847956
0.00263186253148585 -0.065730134702309 -0.0832013619506219 -0.142154331084397
-0.0697873828142581 -0.0176915792108016 0.0378929151716293 -0.0472643691424536
-0.0578790714694305 0.0643742546609681 0.0516526677511679 -0.105282425994894
0.0246560169114561 0.0606799801543591 0.00811917150591562 -0.189249402048625
0.0503389337151759 0.0227716027986449 -0.105918264584078 -0.237211340582077
0.0582025904641348 -0.00572799799107616 -0.208517608635125 -0.210830440610366
0.0502480784806497 -0.00808669940699809 -0.237969913316218 -0.196710983225014
0.0449121522605884 -0.00900816666728036 -0.209730958997819 -0.231788016145418
0.0318412630786653 0.00889556485712874 -0.085831014581243 -0.235892787225634
0.00742804928745164 0.0347900852451274 0.0434918607599956 -0.157948303839279
-0.0435757746824875 0.00896399557314889 -0.00655689651986614 -0.0169761248196355
-0.00934592205641629 -0.0533319802723095 -0.134683073601872 -0.050422248851573
0.0763822225877039 -0.0180174473729353 -0.166078553036575 -0.317611407121546
0.0812920955423586 0.05102579666112 0.13083333034831 -0.557377946259196
0.047734972272917 -0.201167137263606 -0.053391324141304 -0.291215011553147
-0.0731965818120064 -0.184029053322376 -0.0796657347084078 -0.133119821894973
-0.198389564854526 -0.0562150148275717 0.0383086086634202 -0.0558198109323294
-0.177116792056023 0.127763990900062 0.0487434916403204 -0.0957084836134033
-0.0161907418732933 0.165954413186211 0.00341419789188015 -0.166867558664803
0.0748184181827503 0.124822351698326 -0.0908527062706364 -0.212340078274339
0.144340216077263 0.0835409273522439 -0.18352561033428 -0.186308593022443
0.152747142685756 0.0720834721209608 -0.198933465918691 -0.177453100560443
0.143276476636355 0.0874719991824948 -0.174561644252336 -0.210172902013088
0.0712482745170921 0.138435107734956 -0.0520330982573812 -0.211711620765395
-0.0226160929871085 0.167850815569907 0.0598303708332979 -0.124372081281324
-0.185462709801548 0.115542101560464 -0.0130436698165041 0.0117831515479063
-0.190344776470318 -0.0733687089430237 -0.15218408201184 -0.0548691842343411
-0.0357512983077988 -0.173550766774112 -0.193259183217348 -0.321721596609011
0.0371675478069787 -0.175165567395974 0.0156335322986396 -0.550127340721207
-0.0384838321505653 -0.35012895325615 -0.0897995033354683 -0.192391357641531
-0.193019079479231 -0.260223992557581 -0.0728059267008887 -0.0893944840791207
-0.326866538453449 -0.0367898722303145 0.0421469294313473 -0.0775001419268156
-0.252581603398279 0.227189877350034 0.0301229300489482 -0.104671182691225
-0.0164507167624252 0.263329508203696 -0.0327020729848142 -0.135450529705852
0.120187288718545 0.200238256772802 -0.0955471094371126 -0.152735297818961
0.232036981533745 0.133747012006859 -0.154157124736675 -0.115658754374396
0.252009062331112 0.111895557644425 -0.146401909902121 -0.113209815656628
0.239892523054481 0.143163587834831 -0.129827066673244 -0.14158066973469
0.130024664432573 0.236002697112982 -0.0243447142464411 -0.149919213178721
-0.0188583706882508 0.285679546602585 0.0682811067982139 -0.0702728622335937
-0.282397856305334 0.2462763908537 -0.0110378280856357 0.0599668523792066
-0.361455327262575 -0.0443060447363984 -0.165948928765337 -0.0170612196256767
-0.178369007557888 -0.290976468589771 -0.236888649278341 -0.260881014555402
-0.0190023297716774 -0.366244698282107 -0.0179441827001612 -0.450308396761757
-0.0919148528572588 -0.450777774679606 -0.0814551365642492 -0.0586332026154004
-0.284383209580357 -0.318108917142451 -0.0229954588136824 -0.0314548222427299
-0.42849695980136 -0.0304980510686501 0.0702614122998435 -0.0965060214326034
-0.322907984169873 0.292603725291557 0.023136560920335 -0.111664297291342
-0.0377797803115431 0.335119130856648 -0.0493227917059274 -0.0917595149896984
0.130122211552463 0.265180328005415 -0.0617160934695974 -0.0835246168230121
0.270192600835488 0.19548584223119 -0.0766714541643181 -0.0522772708071124
0.294224341636687 0.166357256552846 -0.0454102110540345 -0.0609251564348607
0.274618649291599 0.206642542088857 -0.0319204553745963 -0.0762391597690824
0.131328125128872 0.31157336288202 0.0456376953762145 -0.0669409302940242
-0.0511629236217595 0.35557287758476 0.0909760899527273 0.0161716674921646
-0.367088937315875 0.298244038374631 -0.0120274445853751 0.114394958787516
-0.465535420748112 -0.0551159754309757 -0.157555630540384 0.0132586197360269
-0.249924190604268 -0.379065863815467 -0.20783653621883 -0.192753031566853
-0.0453102464466721 -0.496710929985845 -0.0308528314395427 -0.295228878108176
-0.112279136874215 -0.499059273482745 -0.078822588443741 0.0998777210037322
-0.332735715582255 -0.350091204641559 0.043357233302097 0.0550029984543273
-0.479432275585065 -0.0317515750242229 0.10993008499295 -0.100594541621273
-0.359074371577679 0.31509874649952 0.0167054796434947 -0.110168633331227
-0.0588154611849191 0.363609398403326 -0.0656491956213505 -0.0340058820333219
0.116441960745784 0.296535206768334 -0.0256909679993351 0.00659975095077797
0.264066485870194 0.235286140606595 0.0061035455048824 0.0302968600821476
0.286554240499182 0.201150004619663 0.0557772712732216 0.0115341637021287
0.258105554148773 0.239825691348312 0.0635846476824535 0.0084324221274704
0.101726845497579 0.333189856086921 0.103812103706902 0.0342688196171198
-0.0892145690499199 0.355635536825273 0.0971323670254269 0.111211771812397
-0.391763072717768 0.280169821477971 -0.0199381861873553 0.163075675060078
-0.477574985269557 -0.076381044382033 -0.139224242655995 0.0473182595499183
-0.255851201861241 -0.408741269807217 -0.156138761146908 -0.102684394393804
-0.0441847649220625 -0.541860784521728 -0.0387468576529212 -0.113597584571179
-0.144723115857992 -0.471637000230023 -0.0791844517155591 0.269096019683866
-0.349689291287656 -0.313410614103295 0.111685037128393 0.15675265956039
-0.457472706266739 -0.00606653013017729 0.13958235805021 -0.0893538949720954
-0.319155875395196 0.3039447409085 0.00360554108929948 -0.092415086392702
-0.0518341520987983 0.332238251866047 -0.0776484150522969 0.034930413547803
0.0994426495533673 0.273581485875153 0.0100070176420875 0.104989212446512
0.229187433870379 0.225700929983748 0.0851962267532061 0.115792217157389
0.243531614426494 0.193002793883981 0.144246146311455 0.0857828447528588
0.209076887361795 0.224956502441724 0.143182767892523 0.091386465063016
0.0635330780536211 0.293351374133929 0.141855051819456 0.12608805581688
-0.0989093909904233 0.29042126560451 0.0887432290147322 0.184484574358497
-0.332183464944615 0.211836948375951 -0.027098115740011 0.191322138685075
-0.394350119197284 -0.0740851872652173 -0.113875736796965 0.076714439664573
-0.217630714961331 -0.351727700357819 -0.100588424561797 -0.010842036489787
-0.0579566871780763 -0.491838053974977 -0.0466763975744709 0.0637232895089663
-0.157101429422096 -0.368876300058816 -0.0787399813369975 0.419586848057606
-0.301425042987308 -0.219766738141214 0.16624728264337 0.254032476652925
-0.346430914848993 0.0171739570142326 0.15613213505025 -0.0569409762578486
-0.218066816929068 0.232541436484604 -0.00535741194070734 -0.0613360902768204
-0.0362547130905602 0.237528424553327 -0.0782075720055734 0.0971206573996863
0.0658409173198601 0.202334290734704 0.0432121126881316 0.189083459333557
0.159110741746897 0.179411102438858 0.150955585817599 0.186086998479106
0.164515272927889 0.152613189630076 0.210462369631569 0.148376466163566
0.129396711114624 0.174646984998302 0.198182696733648 0.156517602416151
0.0169487808416888 0.207706123339502 0.154808501637023 0.192517050500697
-0.0930046980105166 0.177711214214789 0.0654031486303623 0.22361028794054
-0.216531086698793 0.11003556979897 -0.0367860740705612 0.18542565311058
-0.243366687864221 -0.0591332227637548 -0.088234576959844 0.0865610149638828
-0.143523586945203 -0.234577117915489 -0.0430567884073556 0.0544888257047017
-0.0656497597286715 -0.36418684219451 -0.0386805164423127 0.204888947501907
-0.141643501040659 -0.207167031544903 -0.0828090070520476 0.520902952939863
-0.199819242986601 -0.0913529917249128 0.197167411298842 0.330112360075804
-0.174806584349181 0.0366724867675193 0.162426657701701 -0.014561755354973
-0.0813646383442307 0.119389066116859 -0.00613837017042365 -0.0313269532697434
-0.0155914543617409 0.0994611147161676 -0.0716304529090094 0.13403427157754
0.0184585261397435 0.0947986064274531 0.0640676812691178 0.243063273442692
0.0608949260871966 0.102115021782353 0.194411455272053 0.230989828619124
0.0602276292360322 0.0890813456384818 0.245788539130955 0.188907383806318
0.0353253936923721 0.100947381019914 0.221893155738729 0.196139120964518
-0.0262590128735969 0.098861751801899 0.14248943827871 0.225945349478892
-0.0709253156162572 0.0551279177341899 0.0338273814290769 0.225913864291379
-0.0815149936872133 0.0117456030175221 -0.0445553815148723 0.155119276155502
-0.0787720552671181 -0.0292913888856733 -0.0643395367451709 0.0797124528665642
-0.0675128572291943 -0.0911197281506171 0.00723440036618022 0.0899239599863241
-0.0719019815531015 -0.189895282272567 -0.0149496508637809 0.291832378579164
0.0751665374492353 -0.036575107759151 -0.0648205371258037 -0.334319954206065
-0.000911060094464775 -0.0690534136335382 -0.0875680219080821 -0.144502686056423
-0.0727375312126508 -0.0149662871893303 0.0330769287822701 -0.0523130883882772
-0.0561821239332476 0.069886464611433 0.0437759770214998 -0.107048350102486
0.0285541872428861 0.0619428190600902 -0.0013846701235028 -0.189905098188937
0.0533579490967315 0.0209554009131583 -0.116742228417914 -0.233342962406432
0.0608250188158721 -0.00930820269321797 -0.218603751262302 -0.204442443404398
0.051145410884048 -0.0105846125831911 -0.248593374782142 -0.190836077664909
0.0456483643913479 -0.0115403756384263 -0.221481738850792 -0.227001446440915
0.0323508115535672 0.00822696489908259 -0.0936631437168494 -0.237766620051789
0.00940363270017975 0.0354418603497992 0.0402255788450657 -0.163276622124938
-0.0452253775484427 0.0122827864280375 -0.00363820465853444 -0.0142901610683751
-0.013352930565605 -0.0545701871924699 -0.13806544748796 -0.0418249199543485
0.0770427846020587 -0.0232336393069685 -0.181331870937585 -0.314586390510161
0.0854116305445569 0.048293726569523 0.11356079957605 -0.576424039369998
0.0424861651674066 -0.208044449998692 -0.0622192659783581 -0.294511020960553
-0.0801580931955021 -0.185081156967291 -0.0845112391234408 -0.135113487313667
-0.204346461764308 -0.0485713839181421 0.0326909378843401 -0.0612860340954369
-0.174669040021608 0.139970495138827 0.0419391790903723 -0.0973832115273992
-0.0086740876379 0.171132257936734 -0.0034501448913398 -0.166603448578539
0.0826527795205147 0.124333887649675 -0.0999362964861878 -0.209119509593526
0.150963977963316 0.0774867403473034 -0.19130880487976 -0.181367179654591
0.159765142449639 0.0648369932397233 -0.207581594860978 -0.174334092993481
0.150102160366216 0.0824032865173116 -0.183972253214271 -0.206687471947566
0.0780721706762622 0.138020616755065 -0.0578546481937285 -0.215095599799494
-0.0155890509818998 0.172156654287795 0.0591866210430011 -0.13046776795051
-0.184208601776538 0.126668656117012 -0.0088648708886065 0.0150727028234701
-0.198143283422629 -0.0680152984226224 -0.157115405350014 -0.0458680911519976
-0.0411702107614081 -0.176415129466993 -0.210365378279641 -0.318756311088495
0.0322419408044377 -0.178644762826296 -0.00521598202528498 -0.562084874294729
-0.0501276975626037 -0.356199486964123 -0.0946451545446241 -0.193649399375796
-0.203338465087865 -0.258564691452802 -0.0784627804333101 -0.0914952847352523
-0.333380459600097 -0.0243322567460506 0.0348051733915492 -0.0831981769453609
-0.246580663825693 0.242944781646168 0.0231803115628499 -0.105361246421893
-0.00471746641435555 0.270751648286626 -0.0373697098112882 -0.132786934965991
0.131573539408551 0.199346274103098 -0.102158955471314 -0.148978925885257
0.24101000752146 0.124414168341383 -0.156630017081179 -0.112878911036326
0.260579028401016 0.100409501726335 -0.151202110350098 -0.112180055477315
0.25063644450548 0.133722622489301 -0.135057127797411 -0.139929523479715
0.142761809227165 0.235699711161958 -0.0269028446643154 -0.15455059821766
-0.00767483626499397 0.293178090287678 0.0709844806811198 -0.0768229197929335
-0.276333889510488 0.263210141669596 -0.00489421547301007 0.0620298458541543
-0.369979268575127 -0.0317659159489982 -0.169143810092259 -0.00632005054004559
-0.191477200576457 -0.292095113926405 -0.253724894972376 -0.254190881317605
-0.0296179623680608 -0.370249594106113 -0.0356618994347169 -0.459019444727239
-0.107461519602417 -0.455468320800813 -0.082511763378554 -0.0582850469405284
-0.298561614642835 -0.313280032329702 -0.0263010484178377 -0.034177731870265
-0.436474890077167 -0.0138893302249374 0.0622403223831964 -0.104033674129201
-0.314806849348918 0.310307204278194 0.0153273780303137 -0.112841695633206
-0.0237352681671564 0.345337725788959 -0.0532581920810497 -0.0877053698005152
0.143045501853024 0.265671132965021 -0.0655745216546195 -0.0796373830731338
0.28127924060099 0.186456729525524 -0.074572330841065 -0.051866507722259
0.305690288225999 0.154330607698126 -0.0459081590976023 -0.0618864304674836
0.288235839671831 0.19671224531429 -0.0328272243941629 -0.0774278804595189
0.147267768016799 0.312173078783151 0.047066020528219 -0.0727102432845722
-0.037911096698475 0.365336950030542 0.097442035998295 0.00893633289210193
-0.359287012854979 0.318954339774628 -0.00337837730989839 0.117298076896777
-0.478145644296566 -0.0378786554653088 -0.158781282928454 0.023968641030701
-0.267765650448261 -0.379056676238226 -0.222104537145933 -0.184680484652241
-0.0619189825131272 -0.500497915106172 -0.0427007999842158 -0.299062055443858
-0.12890598674789 -0.502773625391133 -0.0757074936956316 0.102530461905412
-0.347482094859852 -0.34400469692991 0.0437638692322307 0.0510352623850757
-0.490307440708722 -0.0138503569000707 0.102983451206506 -0.11035617034871
-0.351857120378422 0.336372135042773 0.00880155245171992 -0.112707393642976
-0.0455595550912118 0.375488518421751 -0.0677419735388113 -0.0303243897642383
0.129330845008478 0.297973535301934 -0.0258631667049484 0.00927258602096828
0.276482256183927 0.226918363987439 0.0126220422676403 0.0282212443704571
0.299893685706256 0.189179707871565 0.0599216577868787 0.00754521454150936
0.273043176326479 0.230930173547868 0.0679863247866154 0.0045348088044399
0.117452969531952 0.33611537482323 0.110035332572484 0.0278593430926205
-0.0772915209245012 0.367313563112576 0.108335885310868 0.105066067159975
-0.385526938033928 0.300829667642268 -0.00804112333298452 0.166435222133626
-0.490862747406445 -0.0589800609387483 -0.137059654525081 0.0569831741088215
-0.273389170835505 -0.406111595917302 -0.166603612594464 -0.0963208062884682
-0.063943157551066 -0.545981289439863 -0.0444850906346196 -0.111902537833332
-0.16175940782106 -0.473096779214246 -0.0716239687818514 0.276210947626218
-0.364274429078102 -0.303275005946868 0.116692513451549 0.152189104042639
-0.466721988198494 0.0122035153452972 0.133898649416495 -0.10075878990509
-0.311307093407761 0.323749095683924 -0.0041302690701378 -0.0953759384231917
-0.0399921518829932 0.342492724780481 -0.0776337799682597 0.040518519110846
0.111238276360072 0.274822245098829 0.0140737368382901 0.107435246416254
0.240667158018883 0.219370555000088 0.0962327948359881 0.111918845887497
0.255242994997887 0.183394290674594 0.152556339458062 0.0803328326564643
0.222392107325569 0.218566440489361 0.151543959514009 0.0857632031037927
0.0766573021405521 0.296891078200993 0.152394351114575 0.11990336300338
-0.0895969417937213 0.300930897640417 0.103541383606963 0.179960744138778
-0.327668691494452 0.228619919010001 -0.0140517972474163 0.194150706902322
-0.402474718913232 -0.0605909770082411 -0.110604763303274 0.0853824320381769
-0.230725987575836 -0.348655471271651 -0.1063008166564 -0.00532175278380457
-0.0755939180132287 -0.494055336221341 -0.0458833518774143 0.0693526987732161
-0.171137534265 -0.367956683286651 -0.0663332483514505 0.42958407669967
-0.312685264149027 -0.209475728612516 0.176522988374041 0.248573451847549
-0.351759812567133 0.0318888379003569 0.153004135118712 -0.0695913182229592
-0.21144669669625 0.244294325963688 -0.0114057648956669 -0.0639582073093653
-0.0282394084566982 0.243828107180004 -0.0764612222671733 0.103120521556014
0.0731061888791817 0.20349519015635 0.050442264537832 0.19123057305265
0.167905945355162 0.174483247956578 0.164572483154023 0.181600533398508
0.173702198392914 0.146387923811436 0.221827692508745 0.141985888117124
0.139284734252707 0.171720018051433 0.207735741305425 0.150007192145647
0.0252066360404987 0.211273219967739 0.166544760235982 0.187408268534743
-0.088161989867488 0.185684717759143 0.0796665938313561 0.220267037262809
-0.214176029819635 0.1193693351404 -0.0244386980175602 0.188676542592282
-0.248797742400801 -0.0508561549637763 -0.0824767018590499 0.0939746430578886
-0.152364923648603 -0.231259153074879 -0.0446951776651148 0.0598990683676327
-0.0798160607088334 -0.362950689453622 -0.0332702259620616 0.213132347034276
-0.149935405110285 -0.203028587446055 -0.0684403246287739 0.532657921998669
-0.204633568075818 -0.083363701406393 0.211001059152008 0.325864961196017
-0.176411937415134 0.044128359805857 0.162503100267449 -0.0258773621946653
-0.076535628667829 0.123787538605944 -0.011407742234953 -0.0345164678348665
-0.0129006026377796 0.101252194420183 -0.0696019196162274 0.139744845179199
0.0207296707441117 0.0958767111480729 0.0730772866256613 0.245175806370459
0.0654838254958383 0.100462880746306 0.207897861498021 0.226271019880535
0.0646866580827758 0.0871860868053465 0.257793371734717 0.181701563642717
0.0396367869071652 0.1018307508809 0.232387362072847 0.189696091521888
-0.0235159038312212 0.102160743803523 0.154422285947892 0.220792258075997
-0.070884913010318 0.0586710081492445 0.0464480242045296 0.223937207967689
-0.0813483978916952 0.0128666751990102 -0.0340601540750383 0.157694003786516
-0.0803305793276734 -0.0268705527461485 -0.0580149110332546 0.0858021595648635
-0.0697785335426144 -0.0883420129935186 0.00785836702695514 0.0934221393841091
-0.0794213993165361 -0.187016943492519 -0.0064052197776742 0.300152191915753
0.0713329780614912 -0.043226802896101 -0.0798528754507988 -0.327357189218744
-0.00635987993540297 -0.0697373165288695 -0.09404120330796 -0.141072364785974
-0.0740797208889447 -0.0104527353952794 0.0257902114548489 -0.0552662035617366
-0.0505743877604057 0.0749037009475077 0.0325941175317053 -0.106231688033408
0.0331232098567387 0.0609578405522641 -0.0147675810513816 -0.183866096319051
0.0558382935622254 0.0168957759083623 -0.12869044073978 -0.220369428767262
0.0609865173601108 -0.014109717477905 -0.227258342415269 -0.187467031648733
0.0507408724210976 -0.0143800723968237 -0.257300243851314 -0.175205339344063
0.0445621138844011 -0.0149384678505391 -0.2317918829311 -0.211404123104693
0.0320862095737514 0.00606284379724733 -0.105173309874267 -0.231906930751379
0.0124290444177852 0.0350376390219135 0.0323359259810963 -0.16604752701131
-0.0453899075085306 0.0163658647866176 3.98541390467537E-05 -0.0112673859592129
-0.0189466594213769 -0.0539024361623634 -0.137710958823601 -0.0290214800627961
0.0745692326159937 -0.0295554864732729 -0.197754853216436 -0.298412514386822
0.0885605821014842 0.0422597055098566 0.0782095234978499 -0.581146074315671
0.0297664345315653 -0.210456281403294 -0.0752579855786588 -0.288726776272147
-0.0899387297855067 -0.180018468771161 -0.091920897691846 -0.132347294078394
-0.205660531284896 -0.0351198830571993 0.0240560298021829 -0.0643676292753571
-0.163326662663977 0.151041076004918 0.0313979809117847 -0.0959825402664219
0.00318677225376593 0.171805653044352 -0.0143005429842957 -0.16051721846716
0.0906851888069964 0.117720243350996 -0.110189251750935 -0.197415122683351
0.154989238977224 0.0662735194266925 -0.197488915974142 -0.168032207643389
0.162497584644729 0.0528443811192231 -0.21427174364553 -0.161906658505078
0.15397610474146 0.0704106505613749 -0.192775225220213 -0.193907908203293
0.0859596109131844 0.132505665482737 -0.0675325968891458 -0.211704482814273
-0.00464320364374902 0.172518359593969 0.053829085193741 -0.134753804405484
-0.174744791728426 0.138442528158547 -0.00423733290264755 0.0173302900381569
-0.201925403072543 -0.055187479390925 -0.157270966363053 -0.0311983543341905
-0.0509502082160707 -0.174210557590872 -0.227848325444363 -0.300178786384137
0.0236745854349731 -0.178510684884066 -0.0376261537327222 -0.557969166101607
-0.0686869375220049 -0.350628835280144 -0.102002483572249 -0.188103380918449
-0.214316691744286 -0.245055301350616 -0.084361704600554 -0.0888028654169531
-0.331288670097843 -0.00309099996634842 0.0237765177980233 -0.0858257321706904
-0.227873166802666 0.257016866212681 0.0125819010744194 -0.102407115202793
0.0128719443124791 0.270470653175979 -0.0442532457505655 -0.125895843456159
0.14306144884075 0.189284704972866 -0.108422880024393 -0.138125634517133
0.245843225044289 0.107878261171698 -0.158100160943212 -0.103874834236128
0.263726195331513 0.0801609578183529 -0.154490068656088 -0.104241377290358
0.256196648537567 0.114722172198345 -0.140203764588713 -0.13168194438527
0.154760086615709 0.224676103312501 -0.0330108740333026 -0.15456078107558
0.0111576917565969 0.29175942183618 0.0689153836164719 -0.0843580659269843
-0.256662153267696 0.278214156254284 0.00284928418246955 0.0625486215914082
-0.369384583078718 -0.00889766323328261 -0.166021502004087 0.00775211671186478
-0.204834483902847 -0.279573344261139 -0.268034930357404 -0.233646574137605
-0.0491565207615667 -0.362298981245498 -0.0613327448387936 -0.451736388882099
-0.129806842525925 -0.445415065077404 -0.0833669041409789 -0.0551594152987343
-0.309130250803824 -0.293771265726198 -0.0308418554530736 -0.0350873182672157
-0.431365915916305 0.013528141632963 0.048552658438638 -0.108926204434424
-0.291866923216167 0.328564674108075 0.00440118478444095 -0.110301940682468
-0.000321991664899524 0.3456415112617 -0.057007115864897 -0.0814724500860148
0.15820379156896 0.254892653538878 -0.0692204774045158 -0.0731923052739902
0.288685007239537 0.166700768583584 -0.0723609735078154 -0.0496497110893083
0.312756944176829 0.130505108977392 -0.0470836525350313 -0.0616559808125279
0.297979839654099 0.174776500717299 -0.0348587921978387 -0.0764376582347176
0.164888651388122 0.300919224552396 0.0454401162416705 -0.0786698653874601
-0.0149505769540241 0.365997921046258 0.101520391443681 -0.00152549950182555
-0.334342694867634 0.339329589453214 0.00860925919356845 0.115905020095976
-0.47590737069211 -0.0104466093791469 -0.153796291147297 0.037178810334024
-0.284072776908199 -0.360667540608355 -0.233615600021159 -0.167354294749411
-0.0883849648005665 -0.489400640611594 -0.0595335509059528 -0.29252034631546
-0.154911752632646 -0.489953850886408 -0.0682251573018243 0.104312498599074
-0.360192801142524 -0.320103095073127 0.0428718775717963 0.0447482730526641
-0.48513608404377 0.0174967471815306 0.0888337319946289 -0.11931666781165
-0.325588890795548 0.355728077857466 -0.00237010932210887 -0.110883242330392
-0.0214056373651714 0.375889444322644 -0.0681866461659069 -0.0227039317689704
0.147392347563552 0.288531376272213 -0.0247647494904785 0.0126618825588368
0.286484920394494 0.207304723229081 0.0190092848256031 0.0237520462829861
0.307738525449817 0.16554394848616 0.0621330119182098 0.00101089375238658
0.284912426749604 0.210275076427663 0.0698326160347571 -0.00144998642583037
0.137428747844903 0.325994984860175 0.113803987627262 0.0171578988258546
-0.0532723980937259 0.371225581922347 0.118482825628431 0.0924841226216196
-0.36303421480299 0.322583799847664 0.00697639920980687 0.16468598097948
-0.489490944689485 -0.0293688591778413 -0.130047937580086 0.0681453624180614
-0.291108648850958 -0.387482301043052 -0.17425149997737 -0.0821265332609906
-0.0930989140256255 -0.532472538006328 -0.0502711008731419 -0.106327675183314
-0.184423321308969 -0.45651777045221 -0.0543445524297381 0.275917534930431
-0.373894276895883 -0.279093326202664 0.121392807503566 0.140677028608944
-0.460047165364325 0.0427450965005097 0.12072257638537 -0.112795798234011
-0.28705086611297 0.338677571156087 -0.014246526070695 -0.0945592581369579
-0.0177000817842428 0.343064106932882 -0.0744884131261018 0.0465676339508802
0.126225891443121 0.266700959544209 0.019950970359919 0.107191925801631
0.250503973629986 0.201466962940104 0.105619130567389 0.101959410226645
0.263855487777098 0.16273987789739 0.157852330047892 0.0672609365699009
0.234180182593861 0.201547268232698 0.156341397413877 0.0737911836709233
0.0945129401140413 0.289651600579594 0.16019666380833 0.105416487566706
-0.0707450729049371 0.305188519896135 0.117569711543008 0.166605163078488
-0.308015212062464 0.246365065198035 0.00294412337067883 0.191182862639401
-0.402901554702006 -0.0344046018815141 -0.0999944233361608 0.0940218705115506
-0.246928030157351 -0.331793074401586 -0.108618559987666 0.00468936309066979
-0.102590969627344 -0.481674003098624 -0.041649051720061 0.0745939182990866
-0.187415470298667 -0.352244694080798 -0.042924254549366 0.428299843441552
-0.318191423915037 -0.188659731974176 0.186565277601989 0.233701819182586
-0.346241492504152 0.0535736012796474 0.142455605135065 -0.0828840166090861
-0.192501578285194 0.255056870764275 -0.0201782822686093 -0.0644576781845544
-0.0127265407399121 0.243468643105502 -0.0706432421534954 0.108400180313289
0.083323642155151 0.19848846610014 0.0608803544904493 0.187839536866767
0.175365340544178 0.161696365983335 0.176971356243323 0.167491562734924
0.180220810296756 0.132185820031468 0.229769570869467 0.124786415338769
0.148825785319192 0.161115851369085 0.215304462877739 0.134234319030393
0.0378235340478098 0.208545631203885 0.177880028143399 0.171893428452546
-0.0764616647169921 0.190283189140262 0.0959946829743263 0.208077346368709
-0.203318762543981 0.129941352378795 -0.00783118979495564 0.185675054935344
-0.24815404439204 -0.0352170669173234 -0.0725131129038992 0.0999017452584395
-0.161373422917336 -0.219212841041063 -0.0441149170574708 0.0652989268423399
-0.0985083804079254 -0.351988413773744 -0.0208011987469477 0.216265792079366
-0.158122957084632 -0.190182752068896 -0.0402539485800517 0.532395609131352
-0.205597861639479 -0.0691195055751402 0.226178550455816 0.308742993995268
-0.172067451065296 0.0553001682489441 0.155842405892906 -0.0402162293701725
-0.0666872810753624 0.1258000817413 -0.0173155125304437 -0.0358143220988239
-0.0077011015565891 0.100817927217926 -0.0620330806606916 0.144682502236209
0.024863727870327 0.0953160606151027 0.086798604999132 0.239512865566702
0.0694905274145277 0.0953385794112028 0.22100257785749 0.210506775686825
0.0686567361886119 0.0815956453904308 0.267887169520589 0.163388852088752
0.045262986892255 0.0982836328922225 0.240460204126167 0.172766075622957
-0.0177566736955494 0.103062227941936 0.166950252405069 0.206969466064624
-0.0672550573325417 0.0628499135882976 0.0629340938099077 0.21418484327702
-0.0787807405013001 0.0154531528928468 -0.0191375935976722 0.156205219116969
-0.0790163843496344 -0.0218084732856255 -0.0478238668162965 0.08989129492227
-0.0715388251356304 -0.0818462623415188 0.0111280525167302 0.0948217490980296
-0.0888502462596798 -0.176814852551115 0.0104633888946871 0.300545542153854
0.0640569552766683 -0.0470284362135879 -0.0886899025437853 -0.309470774935555
-0.0114027012061335 -0.0671867944197801 -0.0959039097701354 -0.132186758792769
-0.0721699270870643 -0.00561658008974432 0.0180254774066954 -0.0554971203843121
-0.0438352946854406 0.0764822287765725 0.0220022629832482 -0.0998188511937509
0.0356109636659101 0.0570719263649983 -0.0241792806453183 -0.170094131448578
0.0552794712883285 0.0126606384816388 -0.132054828439836 -0.200301527253855
0.0582976723622586 -0.0183623764620403 -0.224057072366055 -0.164978334448156
0.0488079973837744 -0.0174557599448081 -0.253635024978702 -0.153937680634058
0.0417259584680889 -0.0170750960916228 -0.23056497867668 -0.189513464891491
0.0309898668294841 0.00469031001599457 -0.110536661797535 -0.217662263681277
0.0142016030330958 0.032708972811113 0.024693113211175 -0.161504238369776
-0.0431878424488384 0.0197232660532244 0.00376139662741303 -0.00899510839143216
-0.0225754733495351 -0.0502533603496438 -0.131059274096055 -0.0161297580404036
0.0690749383738276 -0.0336615363523438 -0.202505781643813 -0.271577143684048
0.087449616613021 0.0347253764084308 0.0459341257382931 -0.558969604122997
0.0176653145843235 -0.203495966630219 -0.0820219185085268 -0.27311551042421
-0.0941635603934751 -0.169060355086129 -0.0939232230331611 -0.123612317937077
-0.197974030841886 -0.0226050877794078 0.0151442786875362 -0.0641300632952973
-0.146569327373236 0.155344125265228 0.0216753527987659 -0.0905894459977224
0.0135002074386067 0.165134308647287 -0.0222706431751368 -0.148612496526094
0.0937775705396131 0.107444569810903 -0.113270492863776 -0.17985829523167
0.151638728057854 0.053679188638475 -0.193614210213678 -0.149988390389521
0.158017596567812 0.0398526165851413 -0.211930102222652 -0.144785323315957
0.149913839244428 0.0579772204914887 -0.191952658788413 -0.176176464223948
0.0881380613217096 0.122377272716369 -0.0727875401305993 -0.20157684021303
0.00540815574874046 0.165014474036996 0.0471853789701751 -0.133591595469653
-0.159057742723739 0.142020568096668 0.000262753762765207 0.0184394851954087
-0.19687831074507 -0.0423293843916911 -0.150012896986412 -0.0175787008564475
-0.0561334397795922 -0.165358493660143 -0.232883719358282 -0.271996902809248
0.016493408676561 -0.170836880828706 -0.0631465535626709 -0.530880281493212
-0.0814766724111334 -0.331857710534675 -0.103780812965811 -0.177253084137675
-0.214354912296289 -0.225076787930204 -0.0863380572096825 -0.0826999628029293
-0.315197954546799 0.0142351704391063 0.0127460970911841 -0.0833900140409774
-0.202362446500872 0.258469965692461 0.00392128168368176 -0.0947765874697942
0.0274416288795949 0.258181615102998 -0.0476939365193056 -0.114188051025226
0.146545889198103 0.173277923657637 -0.108628007708867 -0.124070700168289
0.239026870259306 0.0892658442982759 -0.152272178221851 -0.0925212892551781
0.25495873541986 0.0602584980027566 -0.15118979641919 -0.0949298990228039
0.24968586946948 0.0948840647969757 -0.137471280466646 -0.119983550435475
0.159471269809184 0.206770840704367 -0.0372279694971968 -0.149113350124732
0.026957276881756 0.278227892431014 0.0639746279743856 -0.0869644728881492
-0.229353870804052 0.279024247845409 0.00983204028761506 0.0605724036004517
-0.35438140098865 0.00998533679012675 -0.155686555266131 0.019723868379593
-0.205785790263576 -0.25779183957124 -0.268066093901202 -0.206673503017044
-0.0609602881037778 -0.342057349720088 -0.0803150576534482 -0.430021483008217
-0.144330291443805 -0.417385196356971 -0.0810772407971291 -0.0513386008321413
-0.306143091649384 -0.267584811696604 -0.0334612896004018 -0.0341694825498171
-0.41024045887352 0.0344516589391934 0.0344634828554297 -0.106828110435141
-0.260178872324898 0.330149217440857 -0.00446702841095161 -0.10241880934567
0.0182500994718054 0.330216377249257 -0.0568340151885787 -0.0713478112777889
0.164118602583461 0.235992842275105 -0.0677810552478087 -0.0639291924058369
0.282909954568662 0.143390285233716 -0.0679787714510146 -0.0461525140421532
0.303106801958693 0.1051210954498 -0.0469541745567385 -0.0592258851552777
0.292404926073909 0.148597593188358 -0.0352833008971029 -0.0725481547884162
0.172778863065387 0.278438704497456 0.0419012568514564 -0.0811508128179411
0.00524652628976962 0.351133422329613 0.0995779943721314 -0.0114530763510949
-0.299833573861725 0.34073762448604 0.0177654426876765 0.109698837184609
-0.45435843053757 0.017278603679923 -0.141608909257928 0.0458007436642133
-0.285992640419737 -0.331073242516762 -0.232933338321265 -0.144220802264373
-0.105351616942585 -0.459377245746604 -0.0711099831217707 -0.275114231325341
-0.169263551051737 -0.458355743048132 -0.0601037842661045 0.100158322332496
-0.354529337848552 -0.288943023803941 0.0398667466933196 0.0380960664563247
-0.46039031975607 0.0405340512417853 0.0710062610684672 -0.120099532996559
-0.290196551228738 0.356449229862448 -0.0124468921595861 -0.103594111093486
9.28801305760652E-05 0.3603804583489 -0.0652555891501958 -0.0151768326472175
0.154482636264983 0.268280701173353 -0.0223459913265005 0.0151299445764033
0.281683494231705 0.181383351615776 0.0230450150476573 0.0187627432452212
0.300976508818028 0.138250880594217 0.060455749538886 -0.00547991224494833
0.282975208162707 0.183628836368453 0.0680050250238201 -0.00703991889050663
0.148389199049482 0.303994537088361 0.111506925766372 0.00628553750945491
-0.031491539485593 0.358933270456602 0.121273445167373 0.0759975687442897
-0.327537669897431 0.325770954528831 0.0186515516529196 0.15546114544911
-0.468998565239941 -0.00240713664407868 -0.116341094113813 0.0744505031538247
-0.292571862646326 -0.356123021777745 -0.173074783135017 -0.0661082217856108
-0.112338588268189 -0.500345581239884 -0.0529597966737076 -0.0969053862695569
-0.195022740000507 -0.42544694611905 -0.0402441511795432 0.264265270070464
-0.36605868191669 -0.249065408018514 0.119667024461618 0.126103560006711
-0.434923543644407 0.0631664777657801 0.102686153243393 -0.116145049378913
-0.25483491123267 0.33882460531312 -0.0229642119760682 -0.0884100628802191
0.0011779684422484 0.328445151776799 -0.0684428725713195 0.0506704382179103
0.133349295058857 0.250576744109234 0.0245801090401656 0.102109271674936
0.247888542566549 0.179375473374339 0.109059586866316 0.0888362268276347
0.258121061464798 0.138516970503266 0.1550689142512 0.0533488781648483
0.232972684709365 0.178088746733737 0.153959890956244 0.0605118723853572
0.105004432325792 0.271957044467193 0.16007546510351 0.0889434153838247
-0.0521398353251418 0.295730184492841 0.124200708219013 0.146824229714656
-0.279125286364008 0.249767282333405 0.0161018131886327 0.180061651458091
-0.384802583599052 -0.0130770124176614 -0.0864611795072156 0.0966298676497692
-0.247954396847863 -0.303834774094933 -0.10565138160059 0.0143156495800046
-0.118061327439376 -0.449555262079405 -0.0351149250665517 0.0759417281075966
-0.19209775877339 -0.325454105658036 -0.0228750578315157 0.409727646647346
-0.309134245230968 -0.164493745300098 0.18631604741426 0.211441569981483
-0.325699500473471 0.0701696792815351 0.125698785728122 -0.0896599042577921
-0.169209777989795 0.251755299286684 -0.0272326961998397 -0.0608282553890592
0.000310424575614577 0.232928057254229 -0.0625827041829704 0.109408446411162
0.0884293902381167 0.186571695010704 0.0674841810597196 0.177399545174209
0.173848906867472 0.145183987031266 0.179755716542227 0.148444669864137
0.177300209519962 0.115342807319692 0.226256596475826 0.105296222672669
0.149907238660287 0.145275972386746 0.21270298780252 0.115554691899221
0.0469073863109057 0.196765435197644 0.178991735434231 0.15120521241578
-0.0638077442056431 0.186322841413625 0.105221222247967 0.18755495086928
-0.185926902590302 0.132608712092242 0.0062643965782316 0.17478464971988
-0.236258112855949 -0.020388401665679 -0.0593625049154536 0.0995777351158392
-0.160792765774653 -0.200437423150712 -0.0407028386616852 0.0679758464766635
-0.108829406096729 -0.325245466615776 -0.00842965871466304 0.20941879547546
-0.15748665921936 -0.173096819583622 -0.0146576359073586 0.511041204101882
-0.196589096697963 -0.0547045334829855 0.229170125802693 0.280207228101457
-0.16067626586649 0.0626130493786778 0.142529440530227 -0.0502199785778892
-0.0561480208490331 0.121820908228404 -0.0238128155223229 -0.034802523043513
-0.0024283267018748 0.0958615689399101 -0.0530701662427889 0.14259602258494
0.0267458866106078 0.0910546809951491 0.0943104053813112 0.224343495375182
0.0697588445764082 0.0879487527199032 0.22280083505558 0.187519318137099
0.068698631496173 0.0742839465288631 0.263964904729674 0.141830250126973
0.0487653934370471 0.0916441101056595 0.237408928603785 0.151394042919963
-0.0117740579045209 0.0995247952289351 0.169087608951023 0.185923950222633
-0.0619425134572498 0.0639924842587373 0.0725370848372849 0.195164537508163
-0.0742295746769409 0.0162364639938119 -0.00665223840675565 0.14599131914314
-0.0744859673490827 -0.0176800730405852 -0.0361987463633178 0.0888619005365952
-0.0692296067105789 -0.0731873399194623 0.0139857555720148 0.0926491255820797
-0.0924908547377999 -0.161178033545628 0.0242594355560622 0.287967054840627
0.0463005757384101 -0.0542073726840994 -0.12319511798452 -0.275121927728389
-0.0232279783788654 -0.0594356555256745 -0.110107651318106 -0.114168817975011
-0.0683531241588034 0.00397378750572403 0.00036776139814223 -0.0570431577386383
-0.0301262271183104 0.076214844946801 -0.00252449744061012 -0.0907069611262919
0.0376801222050444 0.048345631210618 -0.0467970808310281 -0.147727656264019
0.051322591125807 0.00571515939233803 -0.148264058682004 -0.166615933298443
0.0493432222827936 -0.0239324977471698 -0.230176904155482 -0.12576811247685
0.0422885190610764 -0.0217396631635293 -0.258494015739375 -0.11014291438671
0.0349524536225589 -0.0200829569063432 -0.245055809333638 -0.144295267040632
0.0281193237155169 0.000105550146228197 -0.136378254676349 -0.189831425039371
0.0167441432387632 0.027281727063118 -0.000245182871689718 -0.156933035353951
-0.0379256638571557 0.0255087129145423 0.0074902969446576 -0.00973080419130185
-0.0292081298117611 -0.0434481454981294 -0.120383967662984 0.00742224538587318
0.0572576169029477 -0.0455115117457043 -0.228414516734055 -0.216103788125002
0.0847276929217779 0.0139613014637941 -0.032460794659848 -0.524703446611415
-0.0111740075913683 -0.192277085094293 -0.114120520950754 -0.25088591959126
-0.109592008382576 -0.142794356441597 -0.109761631395853 -0.110336955913577
-0.184033210290016 0.00354037169929547 -0.0120904153815488 -0.0664544260676051
-0.112550389618948 0.160903870785035 -0.0101769596188688 -0.0803797581970401
0.0314234149937557 0.149387648665959 -0.0429494505240142 -0.120875641153266
0.0980204743216209 0.0894455896353457 -0.126200182783002 -0.146401590611874
0.14430883786366 0.0302766986557252 -0.196101721491813 -0.11142895851986
0.149074879596002 0.018283003212471 -0.217922515014019 -0.107120396580577
0.144805852887217 0.0356542814716617 -0.2090884565095 -0.138796223582818
0.0966055069982209 0.102451850596158 -0.10200282130805 -0.180160358059457
0.0220417223125485 0.150936203184701 0.0248592431369207 -0.13528167842872
-0.131423282250886 0.153709325080096 0.00930783439029978 0.0144523736829069
-0.188194779088156 -0.0180812210413952 -0.141294205139084 0.00773731319471854
-0.0732424807166448 -0.152608980703629 -0.253880986527913 -0.212469219420787
-0.00455839181984691 -0.169214949537418 -0.126430356231305 -0.483748357119581
-0.1135060198771 -0.29676531497731 -0.124483738046654 -0.164530722144464
-0.223476879735076 -0.179945667944596 -0.101878890754231 -0.0760040746139105
-0.284538202891307 0.0509429373198876 -0.0267650113249471 -0.0829536815964787
-0.148186428647015 0.261463959310337 -0.0338733489368786 -0.0773998806399574
0.0556174650045426 0.233153742244612 -0.0599799211485531 -0.079621888199079
0.15513905433287 0.144328189783554 -0.110929489838617 -0.0921105496279322
0.230060372822937 0.0514282657428164 -0.146766463464055 -0.0604789462766354
0.240163551838428 0.0260404364437401 -0.154254491968549 -0.0676054212547363
0.241465582690339 0.0567621877577473 -0.151474034723697 -0.0935903958088203
0.174008950412599 0.172416978666725 -0.0631807615171349 -0.136674829752998
0.0527963542182265 0.25415142523501 0.0473823973845576 -0.0963111502611154
-0.17952449907238 0.289386535539688 0.024591073279862 0.0480119070853546
-0.326324853114814 0.046304819248468 -0.143122018012303 0.0405171805643785
-0.222246248126423 -0.219438577426155 -0.273162916841648 -0.146326929615617
-0.0928854838825674 -0.318361082209173 -0.12898969639831 -0.386779052094639
-0.17759605521524 -0.367433411925198 -0.0875680919063482 -0.0562746713104826
-0.310985426890848 -0.20837188581941 -0.0492486956885235 -0.0408106811539781
-0.367698162568584 0.0791272092542487 -0.018109509538556 -0.108619821238294
-0.190627101327813 0.333119516819841 -0.0503983173328063 -0.0819333356977886
0.0565793417062301 0.30084306323543 -0.0639135247412442 -0.0336883845718584
0.179950333604073 0.200007466023552 -0.0645670237259122 -0.0388821862895924
0.276628606120686 0.0960271242307116 -0.0600513250061211 -0.0255919508448487
0.289870695628157 0.0610559654348071 -0.0510566803724155 -0.0489287929167977
0.289149840768301 0.102086783922675 -0.0493602726462171 -0.0648168050501265
0.196378125858901 0.237600437972766 0.0195678006686855 -0.084990549181893
0.0419535422993939 0.324662784074721 0.0922718017111498 -0.0321478000752179
-0.237994131573194 0.355957138841284 0.0399033409186713 0.0907106740968966
-0.416848878986595 0.0639806699204151 -0.127221895662876 0.0609342334943849
-0.305012647245032 -0.275351740522155 -0.229111238732589 -0.0940819643158473
-0.145826380438646 -0.420866696683469 -0.0966646318909786 -0.244431528657436
-0.201659009812166 -0.399281501889174 -0.0466070239216805 0.0792668556277602
-0.356005830340748 -0.223928198290227 0.0286810485635148 0.0149318758896237
-0.411821891300443 0.0923549576392415 0.00996828650668444 -0.128122742167685
-0.21505892653351 0.361614611820273 -0.0616007651849184 -0.0819813487083837
0.045319259131412 0.329956639398069 -0.0653513255110294 0.0211654620440252
0.175954289136287 0.231814779572268 -0.011503249124892 0.0307215031883295
0.282279516938016 0.130786736882274 0.033868850408876 0.0255766360426365
0.292633261597578 0.0919794825417188 0.0567835759841877 -0.0130581744197391
0.285021327303086 0.134604493847477 0.0574224896188474 -0.0178025894801365
0.176299288573532 0.265072504391442 0.0987357294777051 -0.0141703072916727
0.00939833285166915 0.334863387558135 0.125820938155793 0.0451361514005805
-0.264859744404615 0.345355779015699 0.0477343410547264 0.131873768357846
-0.430306741279333 0.0497661115087077 -0.0987318207696628 0.0816707933345599
-0.314388923940676 -0.295330697843424 -0.160806615381362 -0.0310482439746016
-0.157493298068516 -0.454185589695834 -0.056285705540736 -0.0808412312678395
-0.218862936238915 -0.365078612728063 -0.00499011012233412 0.230585654162721
-0.357936481459816 -0.18435476078332 0.115494367457214 0.086675824713518
-0.386835331483987 0.109124239898136 0.0410914535406254 -0.127567407053089
-0.186080149251735 0.339873846726363 -0.0669105953177475 -0.0672732466309833
0.0424251391236804 0.301192789155699 -0.0586818481170435 0.0812805763264097
0.154318846094947 0.216645058724378 0.0438299508696465 0.105298345010101
0.250043086549022 0.132257051691713 0.123760868821962 0.079703143336562
0.254213421212474 0.0968900688586836 0.15332132468724 0.0293290868181365
0.239154258364021 0.134901431004972 0.148308809805005 0.0327950527031338
0.132711273768388 0.240393698079971 0.157068456509246 0.0551041866377615
-0.0158558191025985 0.280259211080475 0.139584099069158 0.110863620209823
-0.22920789408178 0.267792926605153 0.048791749404541 0.155823199779128
-0.354459461455535 0.0298179479131419 -0.0654816405103989 0.0983311094445416
-0.264967510085784 -0.251123217597315 -0.0881561680586836 0.0330249773129078
-0.156205853223808 -0.403220567206435 -0.0174397023724076 0.077163409743475
-0.203717363576864 -0.27167677121815 0.0336496531267558 0.367832536834508
-0.294473527681665 -0.114822621461457 0.193673257933181 0.159585899501273
-0.286098112645816 0.101407796482806 0.0744589396579524 -0.104965722694771
-0.119787533006364 0.249136768699249 -0.0591311674555139 -0.0432738388607695
0.0303891712803897 0.213417141829876 -0.0442391148753761 0.12797292352936
0.106119081366943 0.162745977414628 0.091697432092469 0.166503619754796
0.178659159480369 0.110734810778494 0.195193274349001 0.125348459888535
0.17682379559567 0.0850729523699021 0.226843538991151 0.0681345536318996
0.158257274995606 0.115212566334591 0.212778913320255 0.0759091058841716
0.0695501819205425 0.178584969333462 0.187098259256721 0.110589409147864
-0.0387389568562442 0.180281995661297 0.128290668341062 0.152458702617294
-0.157146408219714 0.145907937061006 0.0372816138362033 0.154795009640647
-0.217912328047643 0.00633111577903649 -0.0380646117653307 0.0982815680529217
-0.171053545636719 -0.164872812256484 -0.0221301165018555 0.072603450929285
-0.134335004408403 -0.28751936958998 0.0230731543784261 0.197184323272525
-0.154444588116691 -0.133913656500145 0.0572410675087322 0.467291326952194
-0.177942034512848 -0.0282852870259217 0.249106497423331 0.22301727914835
-0.136991602423867 0.0744123126528396 0.10875483435866 -0.0693646129667917
-0.0347822473982737 0.115788607980076 -0.0402338591404428 -0.0237351280739934
0.0114888159020052 0.0888336213024169 -0.030804902090656 0.149430855764433
0.0379042357176148 0.0809051747189752 0.121702861567111 0.203677322526379
0.0764747907796796 0.0707704531869884 0.238732226079914 0.152914095586589
0.0726082968792888 0.0597386316705196 0.266821618937661 0.0960322652242549
0.0581197736050546 0.0778863931430845 0.242443578334811 0.107003518843916
0.00266342601916236 0.0950759208508265 0.184612604541978 0.145180936284928
-0.0505049374584629 0.0668787721659851 0.0982389876000112 0.165948910554225
-0.0674534629417239 0.0233989407764207 0.0201220353647551 0.131929400659205
-0.0691504000718226 -0.00794437291272066 -0.0165043924597572 0.0865450506561096
-0.0709639549333655 -0.057260684595161 0.0284382973630663 0.0864800271169077
-0.100443480134668 -0.133963131872451 0.0626790892111186 0.26502839320068
0.0434207332147107 -0.0515812685546142 -0.106114278339024 -0.267266202859063
-0.022650312641353 -0.0570899386668236 -0.10087088799448 -0.114073625572069
-0.0668178834193247 0.00331448750738998 -0.00136774991349987 -0.0549838438538703
-0.0293298228923484 0.0736282526327915 -0.00327536464482091 -0.0829008072588793
0.0364114831417635 0.0477442485346225 -0.0411470567090811 -0.136544579629293
0.0496432719889149 0.00647255515192742 -0.134635481377055 -0.159571769302281
0.047752805802544 -0.0230525923867393 -0.213574013349656 -0.124464131580084
0.0413958912447781 -0.0207973616386309 -0.24374814153822 -0.111968161248168
0.0334758063050974 -0.0181676346082801 -0.229120400069026 -0.144426612531797
0.0265597101961499 0.00102368582666637 -0.124502747135338 -0.185514857262574
0.0159026435208301 0.0263267626874143 0.0048101356132104 -0.150551618309719
-0.0367361803505974 0.0249389119377114 0.0112214445432185 -0.00845702612735861
-0.0286255770773375 -0.0416072265429818 -0.110690658538868 0.00749245599546813
0.0554328434271602 -0.043536559650239 -0.21063798826542 -0.208328853640296
0.0805357246125077 0.0139713531627443 -0.018011647836477 -0.501959483473099
-0.00684602914128752 -0.18408442268312 -0.099248412660126 -0.243515893327202
-0.101041985893815 -0.139871900354655 -0.102108190545918 -0.110360621727372
-0.175520518405946 0.000209293949775964 -0.0143989318735971 -0.0636432956363577
-0.108966404901908 0.152206853657367 -0.0103476798606721 -0.0724961626612585
0.0278883430371654 0.143738912110486 -0.0366925487216051 -0.111710015450632
0.0926312916315825 0.0869643683824757 -0.113909918846941 -0.140003962051508
0.136405907040905 0.0311838393527432 -0.181624978060387 -0.111846187720124
0.141516311359701 0.0193082403959405 -0.205103055208642 -0.108407795284174
0.136607914797735 0.0364964934677975 -0.194245404906306 -0.137952696023323
0.0894576816577336 0.100269274039137 -0.091524129483596 -0.176731631892041
0.018442566059833 0.144427422138623 0.0286760003964663 -0.130627052101387
-0.128151599692764 0.144115036010056 0.0124453392876333 0.0147506631817478
-0.179466608045402 -0.0212299116231225 -0.131326237154472 0.00685895883188851
-0.0650273953870731 -0.14903037753362 -0.236321895511407 -0.20542228166671
0.00202454073555677 -0.162123106638671 -0.107137414638326 -0.464145008876417
-0.0999548332872913 -0.285158135263132 -0.112808472949846 -0.16271752371724
-0.207703646566965 -0.18010942061581 -0.0964736900847593 -0.0767801965956485
-0.271885595538974 0.0414611451832039 -0.0282164120527975 -0.0779931055760064
-0.145966290091725 0.246940672734672 -0.0318389168249459 -0.0699268007999144
0.0494810228551508 0.22387394090159 -0.0526523249447321 -0.0736728503825906
0.145332532193212 0.14104243227433 -0.100647288722698 -0.0889602369280703
0.216337914886273 0.0540997131751036 -0.135785917083968 -0.0644156563515714
0.227210784083268 0.0285024159605497 -0.144982353046744 -0.0706690410730182
0.227850587724163 0.0590017448915024 -0.14038838837266 -0.0949397950398941
0.160535079790631 0.168625552537158 -0.0560480628301756 -0.135186546898943
0.0457902082288013 0.242528956955102 0.0481661954818494 -0.0942458986334859
-0.176961955223317 0.271200834048307 0.0263592084482485 0.0471182126901017
-0.311473843801289 0.0367947491862128 -0.134163120988674 0.0373315064793351
-0.203916599661227 -0.216880191828717 -0.256341056395758 -0.143201922760337
-0.077394833578969 -0.305638528920897 -0.111873450265438 -0.371768596996643
-0.157416610935592 -0.354110904387089 -0.0816314585769907 -0.0577702344804178
-0.288664192099703 -0.21054627132786 -0.0483985578494811 -0.0404628480812331
-0.350732083166459 0.0663521483183286 -0.0204638098541586 -0.101873902448471
-0.187907327431349 0.313173230616177 -0.0470112411278678 -0.0742723628382607
0.0480331123734874 0.28837010081478 -0.0572018936642583 -0.030489368095568
0.167616760920564 0.195475193588099 -0.0576607441191056 -0.0371079342897396
0.260090075036385 0.0965323475162288 -0.0538473797155619 -0.0285419503895194
0.272973840614533 0.0629529277044008 -0.047429613855763 -0.0502154050856523
0.271529196486741 0.10246296543271 -0.0441402903583416 -0.0645426112110871
0.180655069127627 0.230706816229204 0.0208473451319225 -0.0847243664708025
0.0329076403704305 0.309265251641101 0.0896078200652048 -0.03284203902398
-0.234952337378602 0.332723365265482 0.03994753640593 0.087331717111827
-0.398742190108288 0.0512476159481013 -0.118887120326836 0.0560755467392357
-0.280195126120651 -0.272144002522491 -0.216597059107754 -0.0919863819549602
-0.123616587884353 -0.403298757131728 -0.0853985844341119 -0.235312021439275
-0.179169205624951 -0.386177705511155 -0.0471029108179638 0.0735398319932771
-0.330601540331334 -0.224350388348129 0.0236586167021675 0.014120046319961
-0.394189010812677 0.0776723667992472 0.00609879829851565 -0.119473428481356
-0.212817181204572 0.338507453723733 -0.0586425909502097 -0.0756919623891852
0.035196693659301 0.31623058948756 -0.0606336969407144 0.0209741849881254
0.162250694353744 0.225701459148243 -0.00994148385836069 0.0305631005617031
0.264459053133381 0.130908804692773 0.0338829949402754 0.0218396316863829
0.274916473402706 0.0925856221641029 0.0543560410399514 -0.0137305284102888
0.266646520801556 0.132913622105008 0.0558662793963174 -0.017158665045114
0.161911822286826 0.256192559781272 0.0947000802365431 -0.0153560295784704
0.00270200463791786 0.319793167628428 0.119881750967131 0.0409840488758805
-0.259378255866395 0.320828803349633 0.0461481617220182 0.125783605407644
-0.409869259310899 0.0368650566248756 -0.0927695706259613 0.0757892376988669
-0.287937552865497 -0.290286765433078 -0.153425962763947 -0.0290332259856278
-0.131887279316805 -0.434241317022081 -0.0499795607809272 -0.0776186741855443
-0.19526169456019 -0.353397133572171 -0.012766179409374 0.219048382672579
-0.333328095516572 -0.187054241362285 0.104496911235938 0.0846579192092304
-0.368997612253118 0.0942643454773593 0.0352100719430798 -0.119487164959854
-0.184263241807257 0.318301970147893 -0.0650760803424407 -0.0622241012646631
0.0333795803709539 0.287363599571312 -0.0569371245444102 0.0782428733972005
0.142211711805551 0.211408461699141 0.0401331783909822 0.102788233725861
0.234047977767822 0.131987969044373 0.117158879227772 0.0762204983680087
0.238712803654683 0.0964832936140077 0.145826540767949 0.0288109601628681
0.223585729001572 0.133163695914403 0.141029135211783 0.0327770106540821
0.121194343906467 0.232225400219361 0.14907101745035 0.0522165648039345
-0.0211699764331318 0.266953971951858 0.130695075166404 0.103241081582029
-0.223976386006015 0.248484879875957 0.0460678318250977 0.147713764898531
-0.33596355563172 0.0207208612171467 -0.0610856526953132 0.0908479790344934
-0.242561708880646 -0.246354573285068 -0.085099071655396 0.03312276445455
-0.13410068927724 -0.385121736697146 -0.01762315319139 0.0742072095361225
-0.184214106243916 -0.26447806104963 0.0186681706730971 0.351286290430168
-0.273832735714772 -0.119390135391459 0.177073520543271 0.15679843581407
-0.27316338463752 0.0893355991184031 0.067534165643174 -0.0981101602163294
-0.118911762438803 0.233518266060781 -0.0587227625798667 -0.0410261343038401
0.0234110418515292 0.203384964247484 -0.0450997457979554 0.122702045943484
0.0975157396758208 0.158900200078461 0.0837878727463977 0.162185804555901
0.166930781512417 0.109927044307004 0.184273532565111 0.121472149100916
0.165627632264972 0.0846455086130876 0.214530104713993 0.0684283919396911
0.147917449135198 0.112117369446542 0.201130602404034 0.0765335142029545
0.0614057005072802 0.171896984626765 0.174897716771745 0.106541253762132
-0.0407998814985194 0.171328551610366 0.118609951172336 0.142365643721978
-0.153030189573667 0.13288022412062 0.035087003229696 0.145363143855467
-0.205878988736711 0.000795487075822232 -0.0342953178342513 0.0918946474801721
-0.155388833563339 -0.160730196199264 -0.0231511442325449 0.0718923442637935
-0.116312277127113 -0.27344363946052 0.0177280360353479 0.190286019288123
-0.142009123661019 -0.131438639137764 0.0399108328597986 0.449015136642165
-0.165881351885353 -0.0319556028448897 0.227938538362095 0.218146902355514
-0.130670690412204 0.0673047324154349 0.100006824644897 -0.0646264151202134
-0.0357107598840444 0.10766295197038 -0.04154408902413 -0.0234124974330142
0.00730918054522679 0.0836351814341791 -0.0336692114380924 0.142774402909548
0.0339612260017665 0.0795739922684789 0.110290473269709 0.198168514795919
0.0706298186489725 0.0696579799024957 0.223400907719749 0.14996414167921
0.0672037125599964 0.0592075159956355 0.251620494806152 0.0972021623283864
0.0533822479221997 0.0758384401243287 0.227405607216394 0.107036369455227
-4.46637117522061E-06 0.0914184216230646 0.171784541720702 0.13936593062641
-0.049637020729541 0.0632771722401109 0.0890683005803356 0.154539726441193
-0.0655635783998388 0.0186456007988515 0.0188468989871007 0.122542542075255
-0.0636463774214958 -0.0102119797704105 -0.0140081962273232 0.080750103968434
-0.0636938882463802 -0.0556400396902333 0.0249417131051177 0.0855939684678439
-0.0891106922233464 -0.12748933745431 0.0524516055486236 0.254291522394071
0.0433171164759253 -0.048804747140345 -0.0900163195784104 -0.270489125152177
-0.021435032759864 -0.0571523722611542 -0.094203120974015 -0.120327799588374
-0.067676430802592 0.00225460313478318 -0.0029983971802288 -0.0546986972221632
-0.0305306296369491 0.073671965549733 -0.00327924711110906 -0.0773868778925848
0.0361338215140767 0.0502204040360388 -0.0344674040407874 -0.132078457181967
0.0494385758561691 0.007584617326762 -0.123949586252581 -0.161435271613677
0.0476559649657716 -0.0218969974906472 -0.203222480491574 -0.131823394943285
0.0421387827977985 -0.0199045104568263 -0.236639093329115 -0.121677574255771
0.0335600781885285 -0.0168725398817141 -0.218971124294992 -0.153233843821487
0.0266255686167616 0.00291805331389766 -0.114768837517381 -0.191248095455992
0.0149440327987878 0.0267963892909502 0.0132892472754218 -0.149909213724753
-0.0372926895019064 0.0249925349510197 0.0154530964671196 -0.00800221314044955
-0.0285878745098662 -0.0422115321441089 -0.10509141930176 0.00555653279109256
0.0559711404177547 -0.0418599218610131 -0.196431992163996 -0.212276602090739
0.0793127435940255 0.0156088186048392 0.00476240437067719 -0.496927416987067
0.00111426077289267 -0.182129442477573 -0.0850653978599223 -0.247816906739782
-0.0944119868566346 -0.142959677026164 -0.0960543923329817 -0.115915171304954
-0.174243202075733 -0.00629102954492909 -0.0155049354358456 -0.0625999227206707
-0.112283126938508 0.147805819986134 -0.0091793358335232 -0.0679836991252935
0.0238583844654726 0.143827387182723 -0.0294615770010568 -0.107364941668465
0.0887928808108867 0.0890505711973473 -0.103490934601414 -0.14148253939216
0.133307932496503 0.035161335053897 -0.17189980560854 -0.119307831777944
0.139106974325291 0.0229232883600826 -0.19852516036688 -0.117533760768819
0.132856211529371 0.0407175092701982 -0.184707418662388 -0.145634616108252
0.0842770697332541 0.103645301433872 -0.0818819462411157 -0.181951530876729
0.0124441477051617 0.143165129753061 0.035667255354777 -0.129665430668383
-0.131971758395074 0.137940515434021 0.0158847396876151 0.0164077723834698
-0.177613120188016 -0.0276331050689107 -0.126565025125591 0.00360166063740936
-0.0568288916954761 -0.151881482436105 -0.223562742590331 -0.209561622206328
0.0115079972300743 -0.16125349862895 -0.0853707029459104 -0.464825895958572
-0.084595205109818 -0.286383912253671 -0.10307127585377 -0.167687760428419
-0.196263176986654 -0.188402796826214 -0.0932133488558195 -0.0810043000922516
-0.269994112549251 0.0302132935407416 -0.0297809669969354 -0.0756209796555523
-0.152952026658413 0.237887449718482 -0.0294565038433964 -0.066032105107099
0.0407403022554508 0.223726713645799 -0.0459219670750405 -0.0719366213874266
0.138795392989532 0.145459862199439 -0.0919579382843163 -0.0910596331588234
0.210789791016146 0.0620048775717864 -0.128190449011977 -0.0711231714670262
0.222859428208435 0.0355964014142694 -0.140743362942479 -0.0779273717531236
0.221567668316452 0.0671116689454349 -0.13358447594373 -0.101024216125183
0.151943994164876 0.174105942432766 -0.0492453016279416 -0.139854420374547
0.0354359678317332 0.2411576963655 0.0532812374823107 -0.0939530512864759
-0.186314106440135 0.260321458130562 0.0284505474708095 0.0482177618922814
-0.309879711974157 0.0248137583131891 -0.129801508933768 0.0324158275723999
-0.190130293473138 -0.225678500542495 -0.246106416571476 -0.148874793811795
-0.0589305184789522 -0.306476515047914 -0.0920467457414826 -0.370898451173181
-0.137482809601426 -0.356931736240617 -0.0784273531939771 -0.0623629431093307
-0.27387114395447 -0.223666811099624 -0.0481841260339154 -0.043411842565187
-0.348000758859201 0.0501636327557772 -0.0213588617668078 -0.0985539786166025
-0.198129406682861 0.30169646678027 -0.0445677846636555 -0.071435074076124
0.0356430860407337 0.287039453044579 -0.052104382630618 -0.0298287635992532
0.158213384205723 0.200859570534507 -0.0527085773401336 -0.0374452928674007
0.252339921123698 0.105868791040856 -0.0499364864935554 -0.0337947516538079
0.266399092040918 0.0712314787354345 -0.04484585198989 -0.0545848810502015
0.262735102973975 0.111069115341794 -0.0393995528499373 -0.0672934492088445
0.167875568552786 0.236588883688159 0.0252467669791505 -0.0866722113820186
0.0203558496869576 0.306992156603853 0.0911199615266157 -0.0330514998141284
-0.244484812068079 0.317048918851146 0.0395329572200908 0.0879931734086608
-0.39544051538472 0.0340339996838694 -0.116673248439609 0.0513923487077737
-0.261643536680938 -0.285116014420171 -0.210039600294658 -0.0957458886327603
-0.0996870655038684 -0.403890567931901 -0.072302855845537 -0.235379579052888
-0.156916064143523 -0.388548146676098 -0.0515457467060231 0.0699570051866931
-0.314426263765574 -0.239779043695725 0.0197581559215199 0.015076184547435
-0.390633862383682 0.058940980652589 0.00537279630570805 -0.115414422572412
-0.22395962736759 0.326432508559685 -0.0558932715715009 -0.0738183087707786
0.0210921377664574 0.314246606049421 -0.0583941139925776 0.0206405125423342
0.151351275093666 0.231188419683754 -0.00938323042023737 0.0312635578515446
0.255002808040182 0.139792234082131 0.034717508462076 0.0203812891501456
0.267250146484238 0.100646647163606 0.0542914877733894 -0.0141506741400049
0.25638572562058 0.141380199843534 0.0570396355230372 -0.0166223897245621
0.148976430754593 0.260300328249925 0.0948498202505338 -0.0150526622165861
-0.0104934390901229 0.316310055497656 0.117438690259148 0.0407234738319075
-0.269003389356164 0.304644558790896 0.0440517569502119 0.12611739928535
-0.405998090692919 0.0199639078060529 -0.0913219355722525 0.0703023436631222
-0.267108395928234 -0.30221432685889 -0.151306674811566 -0.0310237434453382
-0.107186314542675 -0.433824648186965 -0.0456452225233051 -0.0774703729396396
-0.17511280252584 -0.357204528492099 -0.0245947414096531 0.216127996104949
-0.319122230340756 -0.20444164035698 0.0960534178487712 0.0892154601538409
-0.366706652310277 0.0762230069593322 0.0342341462430573 -0.114772812334925
-0.193449168723209 0.306022058636915 -0.0640745423523731 -0.0622232476945588
0.019794551783524 0.284963432812266 -0.0580403230826237 0.0765923018774787
0.131531638193823 0.215567149284031 0.0365411818552602 0.104758491342975
0.225378709882837 0.140148421998346 0.113607501322151 0.0776793906315156
0.230176071076872 0.104358175601665 0.142408395124287 0.0327152064622107
0.214278007614594 0.13988524500758 0.138801194542266 0.0368785799195695
0.109173462610221 0.234118564724018 0.144756782587449 0.0540903391818544
-0.0313745687973577 0.263362516803758 0.124697742839138 0.101605805718413
-0.230957641760331 0.233718772262976 0.0425485817711603 0.146524351564065
-0.331411299715882 0.00633957133623483 -0.0610815437267612 0.0861542330599282
-0.224100876280787 -0.255017719117232 -0.086243726917163 0.0329332000286782
-0.110871428127127 -0.384354176774193 -0.0202599521734816 0.0742272083020484
-0.168073682006838 -0.26771133234983 0.000522439959221108 0.349925539610128
-0.263179924989511 -0.131609872502686 0.164802959411133 0.1630028157713
-0.272352982297618 0.0765282176767131 0.0652098724769676 -0.0932755564052798
-0.127276535958436 0.223080273078816 -0.0598236902321736 -0.0415111817674503
0.0127002688332935 0.200947223242243 -0.0499908749049584 0.120607715541896
0.0894430292110031 0.162501675395985 0.0764649787940229 0.165370771879029
0.159763608703386 0.115903426789505 0.1772682490414 0.125639026667535
0.159296844161922 0.089161561124458 0.209374254305797 0.0752994695493328
0.140996296449895 0.116846324112227 0.194899276044455 0.0826481127035153
0.0532304467423987 0.172073736325059 0.16774933049984 0.108562327270259
-0.047484357669868 0.167881093407908 0.110548669378467 0.139754734725194
-0.156818152704939 0.122976618544122 0.031163310503458 0.141425284184699
-0.20094052198804 -0.00823156866486054 -0.0345835220976386 0.0874190138131077
-0.142885887954466 -0.165468074910703 -0.0264901815751004 0.0730931830634729
-0.0985288492232186 -0.272596691252877 0.00887397777497845 0.189864515332398
-0.132640519674364 -0.136371167592694 0.0175529835688246 0.448035172302324
-0.161054571802297 -0.0400151773400056 0.213328768281558 0.22590412729766
-0.130715646950653 0.0610490584378426 0.0968797610703763 -0.0604287977300746
-0.0400609584098762 0.102831585869735 -0.0442731674150302 -0.0241470901904945
0.00172439706853753 0.0818879789564401 -0.0408011175236895 0.141300026180363
0.0299258760577923 0.081184310506994 0.100542394879682 0.201795168877748
0.0664808564513666 0.0724607036099479 0.214330533064726 0.156814692792454
0.063720866843946 0.0614745799862478 0.245268141261195 0.105622157791433
0.049533738165752 0.0767437415643141 0.219013438047753 0.114371498645033
-0.00443200279232174 0.0906502748671797 0.162213032713503 0.142397542782636
-0.0522359406725509 0.0605105504890333 0.0804135911680001 0.151485332966085
-0.0658736360795266 0.0138181575677221 0.0154839293793688 0.11772632038435
-0.0605315763303463 -0.0134684406102766 -0.013761669525156 0.0775428767962852
-0.0576091755700028 -0.0571489554384015 0.0210628937720152 0.0879537496273858
-0.0800153492700273 -0.127128456953294 0.0395644151492409 0.255492017237799
0.0446801064218834 -0.0490618149989991 -0.0792215873292172 -0.284431262693915
-0.021335349036955 -0.0588057164228031 -0.0924206286271263 -0.131037903288687
-0.0707340383311455 0.00158378254346779 -0.00569428211820908 -0.0560009874709227
-0.0315524286416753 0.0764129225478656 -0.00289686929732411 -0.0746334605306939
0.0377367067617828 0.0533452741294289 -0.0292995569953882 -0.131473553041564
0.0517737119378771 0.00866040351580507 -0.118916668123936 -0.168292802463279
0.0496482423096453 -0.0218056200867541 -0.201739566083975 -0.142554347166306
0.0442948860436148 -0.0205978502183781 -0.239065893425346 -0.132940648872822
0.0350696687129507 -0.0164298110235262 -0.219454946652415 -0.16570373110315
0.027326446565987 0.00439712025619727 -0.11051616695876 -0.202922486462614
0.0147438279838947 0.0279862292025141 0.0202343462065709 -0.155267406096534
-0.0391548456785775 0.0263197804859126 0.0211849269612844 -0.00746179303829653
-0.0299785145469761 -0.0428506970456667 -0.102863195722198 0.00440182082331496
0.0581138333230336 -0.0432427492035866 -0.191738786145668 -0.221610489762726
0.0811280921584007 0.0169355334822135 0.022748417476433 -0.511791598186206
0.00749159543749139 -0.186513443346354 -0.0757002547963424 -0.259993902954146
-0.0929040854606831 -0.150830824253258 -0.0945108551490727 -0.124635790257652
-0.178841840693197 -0.0103962675480401 -0.0180832327610856 -0.063115886165872
-0.118062798257955 0.149727961705718 -0.00889480323404346 -0.0649068833451272
0.0214789094041563 0.14949718541462 -0.024629579626766 -0.107399118390898
0.0894672377243368 0.0941835504351024 -0.0982614676741924 -0.147246075595061
0.135509079967854 0.0395488173024422 -0.169264511717672 -0.129435552508309
0.142217506681809 0.0262493193234289 -0.200328434048395 -0.128500004004338
0.134709114760441 0.0458975429241788 -0.183777516775275 -0.157634296738396
0.0832413128337136 0.109738691951502 -0.0777175776061945 -0.192681904601701
0.00877572070718541 0.147302341661097 0.0432350559738418 -0.134283356233692
-0.14048883690712 0.138132444431819 0.020499309307976 0.0181427656019579
-0.182495454464352 -0.0336162438198858 -0.125940454049365 0.00165312898446566
-0.0520679048065262 -0.160745014139891 -0.220970801752859 -0.219120124144349
0.0190570318796523 -0.167566307760619 -0.0711251248783973 -0.4802102025358
-0.0751427914001282 -0.297018140580359 -0.0984182475832481 -0.178606748250394
-0.194940144313064 -0.202582778108576 -0.0946572966209136 -0.0885367758158932
-0.27857240888542 0.0223808018894508 -0.0313926707470484 -0.0758730530489612
-0.163653858262112 0.241330126865729 -0.0285117966080151 -0.0638080610699543
0.0355088921801813 0.231927120354389 -0.0412712657473355 -0.0725730085837089
0.139155395294845 0.154037661654041 -0.0882680212414937 -0.0955352685269071
0.214036114405559 0.0699822632332998 -0.126800555745337 -0.0803188129377648
0.226807202144195 0.0419325810233765 -0.142966864224219 -0.0868920009752541
0.224576276998739 0.0753922027235786 -0.13257673192739 -0.110888093261255
0.150325226578664 0.18469612250248 -0.0455242143594844 -0.149343072605309
0.0286174169629336 0.249029352911585 0.0596859753848523 -0.0980524676405775
-0.200095233798246 0.261884662283972 0.0328054837696472 0.0509443637728486
-0.318985584412562 0.014705351423078 -0.131666801772996 0.0303030178970587
-0.185418902491303 -0.242341252630927 -0.247711173885992 -0.157218595737793
-0.0462909974366665 -0.318524258124561 -0.0817928727437547 -0.384910935607863
-0.126677054772036 -0.373294750608196 -0.0782939787786179 -0.0673912152096431
-0.271816780750994 -0.242456720281877 -0.0500220879809702 -0.0465268446081379
-0.360039606384665 0.0398936422525506 -0.0228396055362049 -0.0983772847305122
-0.212556556430724 0.304401224071606 -0.0438510252324012 -0.0699230366388932
0.0280508081649644 0.297036009882278 -0.0493350064005425 -0.0299771946779731
0.156553858026605 0.211646474824315 -0.0498323454139942 -0.0389866586619188
0.2553191962228 0.117630899963817 -0.0474678013562443 -0.039236115039113
0.270141561733799 0.0799248711462664 -0.0449482855008425 -0.0595181305994802
0.265681532566467 0.122585877081888 -0.0366256884759942 -0.0727370428924375
0.165008168944756 0.249167799327438 0.0290038385589524 -0.0929612597391111
0.011341993639254 0.316044068903439 0.0962567081569526 -0.0348554104697484
-0.262729426881748 0.318693912108775 0.042343472398275 0.0919319316290798
-0.405468965450716 0.0218591130158901 -0.119198815085809 0.0487454414989597
-0.255213486426252 -0.30521929848099 -0.212381043372881 -0.100747285331843
-0.0842196311474342 -0.41857246502655 -0.065667561904763 -0.244147659953533
-0.14582749881487 -0.404079738817033 -0.0560107940890818 0.0698542606196195
-0.313280214243012 -0.261124036274333 0.0169654573386841 0.0163725771867493
-0.402953661745573 0.0468836391427055 0.00396217606939803 -0.115207717801591
-0.239665292456913 0.327863784504601 -0.0566589409935171 -0.0738782411119029
0.0110909799883292 0.323709837958213 -0.0578829120005525 0.0208199420297761
0.148914950188112 0.242914998663999 -0.00779150873976306 0.033479537922982
0.256958890798862 0.151719110355424 0.0369993854236976 0.0187884405481919
0.269895892090401 0.110776285985967 0.0564538716344889 -0.0146706338332125
0.258060075997738 0.152914596185132 0.0605382002757304 -0.0173146156970132
0.143669037433046 0.273007237132378 0.0979732749999362 -0.016959346867169
-0.0198514238038412 0.324210177704058 0.120295805566714 0.0409194426389116
-0.28686054642301 0.303374619827318 0.0452076753533976 0.129702123950767
-0.416008723105041 0.00656572638382443 -0.0936238898293836 0.0692349002467026
-0.260811253526256 -0.322505067476541 -0.154410984200977 -0.0322300468630013
-0.0890718800261139 -0.449118016391283 -0.0432110134232941 -0.0799564034577004
-0.165233370823343 -0.373349005263084 -0.0345988908037782 0.222816930000986
-0.31758223409775 -0.222750527628203 0.0929414466134752 0.0956131399342608
-0.379083554102738 0.0661883553153204 0.0340743077158481 -0.114510191510865
-0.210008932880125 0.306872476371449 -0.0660116147027522 -0.0632461067244823
0.00961480554570175 0.293623878772668 -0.0609328978052777 0.0779993273790175
0.128936054377752 0.227181879311792 0.0351967627371833 0.110688738977821
0.226730569033497 0.151508090844168 0.115987359488935 0.0809522409231591
0.232162658519583 0.11320922662548 0.145461140994878 0.0363363949374386
0.214398311833392 0.149609945292042 0.142082454338946 0.0409478002980418
0.103684118002846 0.245001882248854 0.146357842960227 0.0561007712018015
-0.0406343366907311 0.269239427603579 0.12488925415275 0.103494550532288
-0.245763814899134 0.23062733248811 0.0426617109158565 0.149748201850756
-0.337900699590003 -0.00473088632379081 -0.063084294834079 0.085071898442548
-0.217212655882651 -0.271886747024723 -0.0898806018007788 0.0353732514347619
-0.0948852164073049 -0.397439464772167 -0.0227345146639097 0.077083959807821
-0.160863826456766 -0.281789375358582 -0.0139849982587273 0.361300540895078
-0.263600507279455 -0.147240334769313 0.160700994191149 0.174058505632746
-0.280751123983319 0.0688298845329669 0.065287805820968 -0.0932832465438625
-0.138668862972632 0.223395263247881 -0.0628783317640209 -0.0429013459773597
0.00449614950718767 0.206816831773626 -0.055368730269437 0.123232070674886
0.0866769719346928 0.170452206087538 0.0736095561956041 0.173926149387227
0.160445607207241 0.124629897304858 0.178771766687947 0.133247553771433
0.159826136216723 0.096525281041185 0.21256225682186 0.0821574525805211
0.140222074842859 0.123605331617307 0.197750005975906 0.0904491725379771
0.0483105572458015 0.179180911329238 0.167445955030968 0.114065808164147
-0.0543460268214547 0.170486112955002 0.108215559375147 0.142290038487883
-0.165416684359985 0.11902774346484 0.0302566320201245 0.14371679660233
-0.20378685811704 -0.0155844474295211 -0.0355749935848545 0.0870027460132113
-0.136504422509777 -0.175544453807963 -0.0297750828632366 0.0772183304557948
-0.0876615553036755 -0.281659347052419 0.00254559689278889 0.196910647942907
-0.130346423328591 -0.144954006830817 -0.000614668469689124 0.463589734147462
-0.162006131802356 -0.0485145874327446 0.209943149294116 0.239890485266785
-0.13483605795191 0.0580632638849098 0.0970583736941003 -0.0593904199588121
-0.0451442642350533 0.101496523852579 -0.0484437799784017 -0.02593076752793
-0.00327069346164667 0.0836637983245125 -0.0477846306269333 0.144574541682792
0.0276068542294305 0.0850687461961943 0.0959687299879043 0.212604802813275
0.0656886082547674 0.077335053903869 0.21503779728099 0.167854499738553
0.0627673288512011 0.0653492121456416 0.248233791899863 0.115892326670727
0.0482765198997342 0.0803245677707215 0.220748490852921 0.124887202341007
-0.00836472325865066 0.0935370891907568 0.160562127465828 0.148631810975929
-0.056478018058088 0.0605196684589343 0.0757553698502101 0.153349668419646
-0.0689061827175186 0.00937310167986654 0.0140437630751129 0.117631833909916
-0.0597557723672788 -0.0168411164706668 -0.0133014856084197 0.0770745692847993
-0.0535065590043757 -0.059792652294155 0.0183288590754075 0.0930736799441654
-0.0748216889092792 -0.132137188279699 0.0308357275583174 0.265230269583458
0.0456983904304859 -0.0516178567730014 -0.08052076035828 -0.302280133709251
-0.0235575259470899 -0.0613636169594816 -0.0977971605573631 -0.141388106828261
-0.0752637007374017 0.00425117942685308 -0.0100322582144633 -0.0576733528993282
-0.0312262551678475 0.0815750675839551 -0.00562333063083412 -0.0724320472171886
0.042319533881222 0.0557261301459914 -0.0286652478627332 -0.133298020808748
0.0557049939668593 0.0081792638111347 -0.122127357900045 -0.175054205081107
0.051753117722801 -0.0232687711358632 -0.21010049667637 -0.149179280575238
0.0467957996046889 -0.0230166609156072 -0.252431033287124 -0.13889816776702
0.0373230738044864 -0.0173744393307601 -0.231251470102461 -0.174630933869341
0.0292609906188765 0.0048712889641486 -0.116037718730654 -0.215007251456988
0.0157661389302713 0.029065588095018 0.022812854681153 -0.1650845547381
-0.0403824440057576 0.0293732595742553 0.0265461747032808 -0.00844184453990064
-0.0333568605178997 -0.0437111223607167 -0.10322090122936 0.00598544492542663
0.0598906870000242 -0.0474777972576602 -0.199340131679555 -0.229961896047777
0.0848674459066677 0.0157061576530627 0.0207958405017939 -0.537304696499589
0.007220504846466 -0.195824601789781 -0.0777301450910207 -0.275945251931853
-0.0972501498164307 -0.158990929852829 -0.100268314780622 -0.133587182154326
-0.188616455360741 -0.00890980423950515 -0.0229850575441992 -0.0642463711426979
-0.121549963170651 0.15940518998846 -0.0101098555650514 -0.0623218090937796
0.0258853365770914 0.157694122201659 -0.0224151342104661 -0.10858946576445
0.0959833399700508 0.0979153188943356 -0.100360329734616 -0.153493663009049
0.142062719374549 0.0402473017175693 -0.175260319109182 -0.13774464323125
0.149367731508711 0.0251488004674449 -0.211875704260211 -0.135611511638492
0.141219142580365 0.0474719270618998 -0.192644427633604 -0.167091882488064
0.088340335250874 0.115594311114415 -0.0813960754238353 -0.205370219861552
0.0096412763980573 0.154360833106759 0.0472809116945946 -0.143995448523218
-0.146597534932505 0.147014295174066 0.0270965832800631 0.0197295215627957
-0.192384304583722 -0.0345262889991721 -0.128916349358551 0.00383280790864262
-0.0546669344200384 -0.171649420740028 -0.230534245601971 -0.226552607813941
0.0210929066902607 -0.17822814227603 -0.0743257362360649 -0.50611652395851
-0.0783585496304465 -0.312081894288514 -0.103123890658482 -0.188927398226109
-0.204811667429531 -0.215088068223718 -0.100781400227121 -0.0941954565598266
-0.292253560270134 0.0251091071320833 -0.0370487821522184 -0.0761130621302506
-0.169303615089155 0.255137210152328 -0.0307081489038323 -0.0612946440037801
0.0397335939966016 0.243401228294014 -0.0392350715750783 -0.0733799808383335
0.147942319928604 0.160665181154088 -0.0887402128510709 -0.100014870134895
0.224569162410452 0.0718245267322641 -0.131466121007215 -0.0874466597108871
0.237765726022353 0.0409809438756664 -0.151397729822583 -0.0930734591691109
0.235429215031171 0.0779580386633703 -0.138838646949517 -0.118844486112714
0.158316787371101 0.194437123975503 -0.0488294159239907 -0.160864613998279
0.0311105239858953 0.261536320487171 0.0646514657692233 -0.106810417275545
-0.21012195875535 0.27608400351904 0.0401515357648447 0.0535789332232511
-0.334554201360224 0.0174526750221538 -0.135362886508446 0.0332843800594353
-0.193516668293839 -0.259022998789356 -0.258980962753606 -0.160815216959031
-0.04663423410193 -0.336280907090232 -0.0858927490977202 -0.405423366244192
-0.130756227100807 -0.390763702346164 -0.0825789455491201 -0.0715871247513063
-0.285503362886685 -0.257245378919298 -0.0544073284090488 -0.0495029760234294
-0.377939001883439 0.0444055456032589 -0.0282212302209963 -0.0991018800543169
-0.221736396107695 0.321229497355951 -0.0469362086613419 -0.0692542811929774
0.0308234714027267 0.312757092758849 -0.0482364946059971 -0.0296935752818041
0.166411641035417 0.221829233149467 -0.0486910484473463 -0.0402340907980527
0.268186994513174 0.12206590146132 -0.0480644923381674 -0.0450262123234886
0.283493827181012 0.0808313697412563 -0.0485484709223446 -0.0647750650853547
0.278172529054068 0.127409333006609 -0.0368775798853618 -0.0788166232682067
0.173267870438488 0.262775534694807 0.0299907307051453 -0.101976644923324
0.0127287679699684 0.331882413776619 0.101939471162114 -0.041156065404174
-0.276152288051506 0.336634001288324 0.0508972138928084 0.0957929572854896
-0.426402135506955 0.0233623508686437 -0.122445745484209 0.0523393291388843
-0.266234715009625 -0.324654092947372 -0.222734759089244 -0.100904949163962
-0.0854994289447695 -0.442515651068392 -0.0681327385836875 -0.255578209503305
-0.149324607740236 -0.425129674722355 -0.0592073502179509 0.0745714326190976
-0.327743234977697 -0.277206395976101 0.0159479995016933 0.0180485756298042
-0.422462548908752 0.0505939328646624 -0.000843728640688822 -0.118055684534264
-0.25137271655499 0.347039803627456 -0.0615856798709968 -0.0741946163705684
0.0131666075747656 0.341021286741731 -0.0581186666112872 0.024076164556269
0.15833898449557 0.255019195515592 -0.00543636008489529 0.0364472636216941
0.270074280425569 0.159385737922041 0.0408911759874779 0.0163070077959879
0.282924217467739 0.112810133280845 0.0585760643005229 -0.0177242432048045
0.270210772503066 0.15952757742096 0.0657741750107392 -0.0204537874690158
0.150887945291104 0.287378151293384 0.102211385316519 -0.0229625591720035
-0.0207232543262864 0.340517618150777 0.126963488535939 0.0375726799988386
-0.301294716326545 0.319706070722616 0.053158628248375 0.135029271198622
-0.436043027831927 0.00721286898140875 -0.0959832887946185 0.072356198432441
-0.269151393648253 -0.343849330826387 -0.161922099147228 -0.028467243367708
-0.0907263414111543 -0.472120665989621 -0.0445662335960577 -0.0821812423547305
-0.169454601156753 -0.39198087191635 -0.0379662740119054 0.23573943905245
-0.333148036727703 -0.238764938923988 0.0954229614319684 0.101628894819018
-0.396375322029644 0.0694222409698436 0.0301407123308092 -0.117888524846548
-0.219943956123072 0.323484276295608 -0.0716330156803425 -0.0635383585906163
0.00999204807168431 0.308918487710346 -0.0623246620906638 0.0840163406752007
0.136642041216699 0.238824712567855 0.0391569335500077 0.117803989470369
0.237734741507897 0.158774612721353 0.123594103028374 0.0815043244478558
0.243243704810399 0.116595061496687 0.153017881166499 0.0359239573855513
0.224908501452477 0.156220101435172 0.151178359196466 0.0407827282223971
0.108661401567817 0.257976588404273 0.152896571225964 0.0546936027403566
-0.0417985528016378 0.282787227711214 0.13146072733185 0.103306634676142
-0.25878010535914 0.242244682885046 0.0495114821400009 0.154109670592991
-0.352209555182402 -0.00470002956929169 -0.063907127347697 0.0889169625470883
-0.224339465225903 -0.288193975078723 -0.0945192951649459 0.0418797327304853
-0.0960983283698087 -0.415496229467603 -0.0231373052426247 0.0833312209752252
-0.166998085239995 -0.296077303834004 -0.0158925476821146 0.382183806987974
-0.275382186432318 -0.157060773695783 0.167568479793326 0.183990262832125
-0.293925437025259 0.0713974839476851 0.0634011340906138 -0.096959927005569
-0.145917471358748 0.233910145712295 -0.0692650145769064 -0.0430815708368008
0.00291602598747408 0.217048944229666 -0.0584818040550988 0.131481417044148
0.0918904256047837 0.180140067852137 0.0782656583426895 0.185054490439707
0.167959177643211 0.130304558867158 0.189086034537397 0.138533170687175
0.168042346945615 0.100472494682345 0.223985191796121 0.0846773277367345
0.146613715372448 0.129286802996919 0.208621212450613 0.0936770197924504
0.0506905382740653 0.189292415491472 0.174872555796915 0.11510213429353
-0.0574907885655623 0.179847670802424 0.11282340549007 0.14407791455168
-0.174349634431963 0.123952475169344 0.0354465998910823 0.147274991356987
-0.211311514375631 -0.0169484176205389 -0.0350016163753924 0.0896925212314126
-0.140014937591755 -0.185664418213433 -0.0309416874600877 0.0852319330432505
-0.0894125108620773 -0.294698775461177 0.00314954776483941 0.209717782374299
-0.13601588571542 -0.152797754610639 -0.00237224899059814 0.489302988641669
-0.169698353626553 -0.0520116426593343 0.219515637809542 0.252077478170365
-0.140503780793944 0.0602157107605622 0.0970217911673468 -0.0637478467162432
-0.0483405439301505 0.104962248276849 -0.0547014680713411 -0.0256242722123612
-0.00599002257382684 0.0874658460319066 -0.0516454782458909 0.153745506376316
0.0291214192923771 0.0903439405125451 0.101653302463839 0.224965013041538
0.0692750303086277 0.0809856219762573 0.227165495609762 0.175530483302324
0.0657538070549271 0.0682913127481467 0.261669410917136 0.120063334987501
0.0506292301363055 0.0840972871859203 0.231700042498549 0.129743406646056
-0.00905053525993811 0.0987628127624225 0.166636061093737 0.153446405940346
-0.0596524074086912 0.063895302520443 0.078355365402916 0.156712245597718
-0.0739703360685535 0.00856535438480474 0.0171671492299218 0.119100531873208
-0.0601153951945253 -0.0190408510936478 -0.0112490807822074 0.0790331306311034
-0.0526103808505455 -0.0623620107892964 0.0196630337322379 0.100410078641632
-0.0758544035594237 -0.137639205919518 0.0320905183915562 0.280907109133065
0.0484272170091975 -0.0462541430738519 -0.0209430109302805 -0.324424442002814
-0.015475089716894 -0.0652194075209153 -0.0772091873140126 -0.167980196553603
-0.0775483035621994 -0.00874136760971142 -0.00844561305395022 -0.0601126355209975
-0.0453670651574476 0.0773444137039623 0.000991933981842666 -0.0655018721135551
0.0320201973550738 0.0645043827484126 -0.00191761652239498 -0.134867429510544
0.0539560132003029 0.0182919701203988 -0.0917299542448834 -0.199974092681173
0.0562403048364549 -0.0152722313109313 -0.187162697542043 -0.192523348011668
0.0510178240568102 -0.0148008883885702 -0.236372960879154 -0.18916835328503
0.0418863739333939 -0.0113931797940754 -0.209837350790195 -0.221837477153934
0.0289734757310804 0.0101828695997761 -0.0837654979492542 -0.244389690879442
0.011024020945507 0.0320959047005145 0.0536756084843513 -0.168638295915269
-0.0462429586853064 0.0244884165395826 0.0353736007323624 -0.00635346747298038
-0.0279546882066197 -0.0516496414832213 -0.101000162356657 -0.00859255658345684
0.0692524680179671 -0.0434317080391472 -0.161689153349345 -0.265033480107432
0.0851943356004927 0.0266245846161531 0.125258626910894 -0.552475644250336
0.0413019155965918 -0.199019710464143 -0.023762674755267 -0.302801675702553
-0.0702533798400907 -0.177515784665989 -0.0825674925013826 -0.162498301223145
-0.188386230357581 -0.0438654959228636 -0.0270036515129361 -0.0685697348131281
-0.149242984513681 0.139191219777786 -0.0126886183729896 -0.0542134852649874
-0.00404945186162209 0.163500258668841 0.000693548294620595 -0.103292511336461
0.0781789965992539 0.117790777307211 -0.0718282343920627 -0.171872604547602
0.135455695176337 0.0658516217597667 -0.153274002492349 -0.171066018938371
0.145255844606098 0.0556299921427725 -0.194880247606342 -0.178709072459258
0.134876596922066 0.0756994604375216 -0.173525985541076 -0.207730308022557
0.0672556345786541 0.13611860587239 -0.0525807663428077 -0.230397891979441
-0.0228627988871538 0.160287805781775 0.0762164128485409 -0.14753326634438
-0.178504429411371 0.125672696183232 0.0353641716170176 0.0143006714494783
-0.1927249469808 -0.0788283554005857 -0.123682669442959 -0.0137768819918967
-0.0207914003467495 -0.197453966236598 -0.191078049218725 -0.260004857538689
0.0603841443976988 -0.19150901700745 0.016911073811442 -0.527941861456858
-0.0204306415764517 -0.331092189714684 -0.0685837373027947 -0.22480641205277
-0.165693032134681 -0.255054708903033 -0.0935983522616268 -0.122020943988701
-0.298652616410097 -0.0302225041812499 -0.0456708795862439 -0.0802206541673857
-0.213577802975938 0.226814575423321 -0.0375098561816462 -0.0517348162870346
-0.00600145827553147 0.254145547319529 -0.0200918548266246 -0.0665345971352636
0.119123362816214 0.192307383152185 -0.0678402104695354 -0.113310622573235
0.213949151824249 0.114078372455506 -0.114947690735942 -0.109379824494073
0.232436269031749 0.0912514305238892 -0.139900021912994 -0.124508711060089
0.224081594066299 0.125649579801131 -0.127881874133921 -0.148342265787901
0.123849810195908 0.231295221474202 -0.0282876186364791 -0.179366651743067
-0.025229475882775 0.276059845308312 0.0857552978195577 -0.111926930192795
-0.267816892766109 0.246672053797554 0.0434775831623503 0.041399518497522
-0.349908253965738 -0.0578988453853482 -0.132651538848677 0.0136951446678961
-0.146888664152499 -0.315862469305398 -0.224946140170313 -0.19253800878716
0.0257327143674711 -0.372140572740085 -0.0140545552153239 -0.415144521391104
-0.0550183687251812 -0.42020113543916 -0.070554674979684 -0.104533701671859
-0.237096643996039 -0.314400402290507 -0.0562769223833189 -0.0687271639812902
-0.388213826231963 -0.0300160097720518 -0.0383228445096974 -0.101159812531722
-0.279603440434832 0.283430451163078 -0.0585176868687806 -0.0606132056211559
-0.0288035163777109 0.322796367657507 -0.0364395458783598 -0.0195082498517471
0.127428109696834 0.259161877989682 -0.0365864009017121 -0.0431432902577058
0.248838564851671 0.172791174430584 -0.0363494881557258 -0.0484493212389431
0.270346827331279 0.142131093800283 -0.0384197721330968 -0.0770773274221245
0.258224205892194 0.184244012910773 -0.0295493959669055 -0.0901240397445068
0.126356839574219 0.304683705455633 0.0401427772269954 -0.106566412847471
-0.0592283195904877 0.344784608626569 0.114104641435697 -0.0416612213905801
-0.348166369909468 0.296231041521207 0.0495270328024136 0.0818636636332681
-0.443736369210247 -0.0720190555393925 -0.121278007474567 0.0366247532291215
-0.205790584070217 -0.397798239466134 -0.196677395501448 -0.121885202368546
0.00931736791555674 -0.489326748050052 -0.0265880097159057 -0.251238110933831
-0.0620844315242635 -0.456309177611299 -0.0756881287888926 0.0474060429415581
-0.274009675143621 -0.34246030998486 0.00242183421486095 0.0125747028356207
-0.434834562999715 -0.0338909511445468 -0.0103448415276385 -0.115424293998542
-0.314067363538364 0.302113404193346 -0.0764031463794408 -0.0680661591451865
-0.0532506392394219 0.34771961502676 -0.0584647935917935 0.0353248113764977
0.113056156226951 0.292025228177583 -0.00612570011211713 0.0450497787255261
0.244492969899639 0.211101975724201 0.0442055716452031 0.031687800233384
0.264148020173595 0.174458452258964 0.0636616823033699 -0.00898468837822793
0.244144291785606 0.215773201200743 0.0668978716524216 -0.0123131169563861
0.0982665804578025 0.32580788871397 0.10139863094958 -0.0133323763848967
-0.0956413876484668 0.347428388786191 0.126620579439204 0.042644025128888
-0.370661864753756 0.273822225364262 0.0461223770865635 0.122047562445188
-0.448311194059916 -0.0901622455283176 -0.0985766979866689 0.0609870608278721
-0.204357582829628 -0.413763932691921 -0.148474217543069 -0.036661629064089
0.011094509766818 -0.519342362621092 -0.0359187506814417 -0.0658880126344841
-0.0859858476312462 -0.423339129628714 -0.085567121768316 0.21606734892336
-0.284312589497546 -0.304980942311311 0.0689596290353017 0.113977444352425
-0.412190458360732 -0.010754858984654 0.0220301707082994 -0.109755291931509
-0.278696975915436 0.283736131291295 -0.0881457564495671 -0.0611992379671601
-0.0493717555628468 0.315656099594618 -0.0746573027523222 0.0945976236258169
0.0951575982498927 0.272135071875347 0.0243663081469511 0.136372753070711
0.212697763440788 0.204419413407717 0.118144487698631 0.114626018484848
0.224516600543168 0.17057745478618 0.151581806875498 0.0631700034053058
0.19803005130434 0.203531638302406 0.145337946083808 0.0668060204529216
0.0610997637685851 0.287747570805431 0.142306945185782 0.0750589079439159
-0.104808100464678 0.28335948462471 0.119461663906774 0.112625033692949
-0.313775403912092 0.202183688161086 0.0371200301131297 0.145909231905269
-0.359859439450689 -0.0841720922949791 -0.0700296113946572 0.082064224248765
-0.167980506086815 -0.345819478882137 -0.0943585612778126 0.0445452809656915
-0.00596396359852486 -0.459692068598956 -0.0451162635726688 0.105782774308826
-0.100488727532227 -0.324687482700327 -0.0911049063322004 0.373000225641229
-0.240718971037397 -0.212538461424993 0.129796066912718 0.213935897342296
-0.307850849639872 0.0119364182019461 0.0589118683609233 -0.0832895287627644
-0.189467588136434 0.207219252960238 -0.0826794730843091 -0.0444548936264055
-0.0384784834145996 0.221388450515813 -0.0816620808649666 0.138555505652782
0.0609830785268319 0.202605731018444 0.051433287792612 0.211522384237416
0.147527210169646 0.163985909400439 0.174566756704234 0.183354663100122
0.15093685127406 0.137697196624639 0.216226250974373 0.126594131109918
0.122920753643619 0.160696063899979 0.19689831908763 0.131099975613457
0.0146960108621909 0.205437387751569 0.155512209644066 0.143045856214071
-0.0983629384089831 0.173839677290578 0.0932121530443513 0.15550528419093
-0.204565955663211 0.0953740280591795 0.0208406148019321 0.143507617065558
-0.211410796529932 -0.065309629717923 -0.0440488366793451 0.0863944564413845
-0.101744578342953 -0.220212313706417 -0.0418189269428719 0.0940573242733656
-0.0252465135848427 -0.327705356179628 -0.0411590314115694 0.235326228021917
-0.097244232375118 -0.173758902519991 -0.0964119257273902 0.489078208600936
-0.153644148147527 -0.0867086795684708 0.173185950749693 0.294905529217275
-0.151473036016652 0.0309952272575481 0.0962528607569837 -0.0450845847880802
-0.0680398344066942 0.0949441608189385 -0.0624124104997586 -0.0303829574079423
-0.0226256543579423 0.0886159596797359 -0.0815499407634547 0.156186541616566
0.0142980555625713 0.0994254946323168 0.0661164460656845 0.254374877392821
0.0563311580752439 0.0961820451175185 0.205050160326076 0.226419892538594
0.0541492382739375 0.0843423808785564 0.248814904015214 0.171139432471107
0.0346659689665782 0.0959207118185377 0.215597323472995 0.174040195126293
-0.0281041779449492 0.101493202569092 0.14265363680196 0.181887944083942
-0.0766630167000193 0.0541486033294442 0.0544330957992012 0.167432335553019
-0.0794841312037286 -0.00522947976259673 0.00286717486435082 0.118945615721919
-0.0564745215120641 -0.0335968348901755 -0.0207153675439457 0.0788795357880181
-0.037393362238576 -0.0734044295862061 0.00376945101528246 0.110785710126734
-0.0464607527987411 -0.156859176450642 -0.0224997338784157 0.30601757017769
0.0445213774687658 -0.0492460664047146 -0.0391578678527583 -0.326029895587565
-0.0206582341245023 -0.0639248134892847 -0.0891283571256319 -0.166892483324001
-0.0786638127975269 -0.00183457473209921 -0.0159434364568146 -0.0578810628754615
-0.0385803983141268 0.0813415401641165 -0.00373407223315881 -0.0600606616456458
0.0387995305431938 0.0623344705903252 -0.00801076566991591 -0.130246421357447
0.0565081368421486 0.0138547365724739 -0.101473668084264 -0.192886488108665
0.0550994622080879 -0.0198179849820013 -0.197468612183356 -0.181025894927069
0.0502798408582748 -0.0200333069479513 -0.248630098564437 -0.173551484602186
0.0409403215486913 -0.0141655782119365 -0.224155011847657 -0.209512555548474
0.0303906194896193 0.00878400535044848 -0.0992120345230191 -0.242222168421103
0.0133396495550311 0.0314803714423931 0.0462665492015925 -0.174454555273563
-0.0446096142511688 0.0289261309789213 0.0397365882366007 -0.00961379936024956
-0.0324210077849128 -0.0483284248477087 -0.0968868891321718 -0.0017208316502485
0.0644389642188738 -0.0495863052158628 -0.174454297293269 -0.252819261298418
0.0858718302329212 0.0196159680476905 0.0897540566862088 -0.56012065810016
0.0291936808907672 -0.201771367107286 -0.040280278915907 -0.30334248443031
-0.0812619570121307 -0.174632536587619 -0.0941509203453707 -0.159844071282772
-0.190854366168719 -0.0295012683235122 -0.0346271115119566 -0.0644395422538995
-0.138328199743371 0.150323041358396 -0.0166246313006045 -0.0476334507279059
0.00913166938470899 0.163695384661665 -0.00195453593560374 -0.0999837387095714
0.0875583263279212 0.111157522422919 -0.0788398449529818 -0.166882409101679
0.139836103925663 0.0562581796965531 -0.162058169012006 -0.163707359479585
0.148451791041062 0.0443125061151358 -0.206453045004513 -0.166331467896396
0.139214767203479 0.0666193467772149 -0.186484685469496 -0.198400121391719
0.0759415537591222 0.132279234892868 -0.0669089685990985 -0.230549835776002
-0.0130092443409543 0.16129127949288 0.0692414741693059 -0.155098918790341
-0.170423580374681 0.138070244431787 0.041508910730842 0.0119307533292342
-0.197700302194888 -0.0655355207193361 -0.121713272297323 -0.00406427924276346
-0.0337186768113886 -0.199371542818418 -0.20417028093799 -0.243702104905243
0.0488524045881263 -0.196789411607519 -0.0158260263175797 -0.527266677312012
-0.0393658245351537 -0.330452874215804 -0.0808515059278053 -0.220888147900596
-0.181611522043111 -0.246098644554476 -0.102581033795805 -0.117782881764475
-0.299445211734393 -0.0098711418439738 -0.0537684868798014 -0.0735571055782248
-0.197616003423586 0.241603454131874 -0.0405941545779501 -0.0435533364972376
0.012582905590114 0.254923843335813 -0.0192363878150565 -0.0631641596770233
0.133224878906839 0.183211522429141 -0.0710867314246047 -0.109521695751686
0.221539633895055 0.0994615710120499 -0.120307089922007 -0.105886170283891
0.237435845390618 0.0732759919468777 -0.148592399363177 -0.115761926847406
0.232098783503261 0.110489778191582 -0.136744027782453 -0.142507906718083
0.139187878401946 0.224750291011146 -0.0414989472097827 -0.181588927998554
-0.00767738333725603 0.277198788264869 0.081149950609806 -0.121615750648082
-0.251945769479553 0.265210608553776 0.0526561904686338 0.0374023011931547
-0.352894888846664 -0.0357314144338843 -0.128679813534971 0.0249787708881523
-0.164865327964703 -0.310756186274638 -0.235466771057368 -0.173413737791452
0.00426499987849611 -0.375073377921762 -0.0402750149705192 -0.41391179621734
-0.0775315552857337 -0.416619340033307 -0.0763353459717078 -0.0997248838685384
-0.255622644754521 -0.301766518469974 -0.0622052236913172 -0.0653079156956538
-0.388058359850296 -0.00511696945863691 -0.0481302158174919 -0.0944471746210517
-0.259704184175184 0.302595928128293 -0.0639078886486902 -0.0513786350446916
-0.0068449127433483 0.324958739158062 -0.033761029845994 -0.0159288063442956
0.145342517074721 0.249667909003338 -0.0352505016862022 -0.0411993596016552
0.260038612996959 0.156335630212533 -0.0374457733965477 -0.0501537461621206
0.278560759391546 0.121725810707194 -0.0439700140378061 -0.0764244618275826
0.269719547963306 0.166827320719364 -0.0347466209128168 -0.0913854441949543
0.14607915297144 0.297811977568984 0.0326198890625335 -0.113171243224536
-0.0371443845204767 0.347617779842621 0.112018959177802 -0.054297393868374
-0.328706754868161 0.319506890767084 0.0606554964222197 0.0768105961733382
-0.445677346968134 -0.0437837409000126 -0.117182299339009 0.045213639242704
-0.22971383454364 -0.389913433115741 -0.202697805921256 -0.102499488119008
-0.0177210311848313 -0.490525105088681 -0.0413220207233666 -0.247433605173586
-0.0863548581329231 -0.452360495995764 -0.0725193794577571 0.0530193170793941
-0.293651888649684 -0.3291323677109 0.00214313303934489 0.0124888790428242
-0.435598464320917 -0.00537377645308501 -0.0220314806915064 -0.111136903543767
-0.294666042666275 0.323634895282278 -0.0827779504205063 -0.0584468078866098
-0.0304090223902905 0.352214304869974 -0.0528821179715122 0.0410034374190745
0.132713740982304 0.284789512797272 0.000155812998625435 0.0451842970975702
0.258117646187605 0.195426814612314 0.0482655734141126 0.025135985806821
0.27401958989025 0.154733109124916 0.0629118608340596 -0.0154297430670122
0.257206265877004 0.199761876442886 0.0669836589078249 -0.0199370401385684
0.119287687111718 0.320852828196493 0.0993122999115394 -0.0239491416616665
-0.0737477442129505 0.352785022425831 0.129691104088836 0.0285845088096005
-0.353489063596538 0.298505133901326 0.0593006583373984 0.116744924326082
-0.450323736307734 -0.0623644375071231 -0.0924580684293998 0.0680715747179248
-0.228447239986686 -0.40731159959986 -0.149578564571035 -0.0201142637189609
-0.0183307179432885 -0.520440210889226 -0.0393376004455566 -0.0611762964249267
-0.108678950137213 -0.418656367962438 -0.0719005704176625 0.223480336663327
-0.301756916928513 -0.289661949545995 0.0749941782147855 0.110035112031605
-0.410394198188255 0.0154983025847528 0.0104235869603208 -0.10848007426474
-0.261579708797215 0.301467977829678 -0.0943506611955611 -0.052100922031796
-0.030460465512954 0.319344217108532 -0.0677443167295886 0.100433612614625
0.11306136601596 0.26590574999883 0.0354354522950412 0.135794567874538
0.225559487551633 0.191411006941978 0.126892790094877 0.103584242007859
0.234199322592893 0.153774570680556 0.155182690776459 0.051139487184614
0.210585985278216 0.190899975335586 0.150076826482027 0.0536516536853434
0.0788695443074982 0.285282145968682 0.145002779830938 0.0621808147539631
-0.0879171045804119 0.290562187691481 0.126405364599615 0.0994468036797548
-0.300502336365729 0.222006851009614 0.0509606132287382 0.140580640380022
-0.361904023355092 -0.0628875289404085 -0.0635578668324382 0.0865062731543514
-0.185603046185556 -0.339606910600319 -0.091450406339238 0.0559344167004863
-0.0308121132794 -0.456845890943902 -0.0377094012908515 0.111291203258619
-0.117591107745848 -0.318131996084232 -0.0688883750970251 0.380513033791232
-0.252222752000737 -0.19953913442958 0.141458006312081 0.206209078153426
-0.305646352751848 0.0308078761700401 0.0484456629609746 -0.0851320949297507
-0.176962446452216 0.218442025553361 -0.0892522888172045 -0.0369148904108855
-0.0263039201794752 0.224429996994724 -0.0734394346362865 0.145602570185111
0.074165989180159 0.1992804709557 0.0663966046381228 0.209415452796406
0.157703751176371 0.154578858247498 0.187746555663664 0.170289912054099
0.158904635697413 0.127232080662091 0.224262513779567 0.111329122073288
0.132971625676439 0.152396454701608 0.205890196420003 0.115902655931602
0.026811086949476 0.205399407492592 0.16239594488468 0.130085256467549
-0.0883511738048792 0.179887257494759 0.101409254295682 0.144519447979843
-0.199104216726218 0.107486499301289 0.0328223574146995 0.138254869665452
-0.212998518958141 -0.0535867368189151 -0.036353253095844 0.0884461137560276
-0.109985518630853 -0.216552737016003 -0.0362466123707169 0.100363168934478
-0.0418455267608576 -0.324614602925836 -0.0260410262308338 0.240219008687795
-0.106642199755142 -0.166723881901203 -0.0674080073949603 0.496181110557691
-0.157429664089313 -0.0779812625233502 0.190107997644968 0.283164821533009
-0.148242740732321 0.0402356440007997 0.0881459209245279 -0.0513328540448309
-0.0630139294886503 0.0977197571641697 -0.068949984422345 -0.0252318337479212
-0.0197491872239515 0.0905963584359701 -0.0740288986427114 0.162964133462261
0.0202952888746718 0.0991791900752063 0.0820708093461863 0.251799375982806
0.0621189764688344 0.0929599486614284 0.2201857758503 0.212925367751123
0.0597775902278462 0.0807463868676772 0.259836564483533 0.153993970318262
0.0408691014006539 0.093698868148027 0.225741354061202 0.159145327856905
-0.0222951896370688 0.104203334054993 0.15169971259572 0.170895446268839
-0.0740310283461404 0.0590892206550463 0.0628777471810792 0.159550069438424
-0.0805647096947556 -0.0019409545365918 0.0120068882082038 0.114336824296558
-0.056690440872922 -0.0316346785397143 -0.0128255599928046 0.07742556814737
-0.0376125023980782 -0.0724175936688897 0.00967115271222507 0.113434812384267
-0.0532989327983343 -0.152877573779857 -0.00381157954119246 0.308926772091918
0.0393347096283219 -0.0497492428443169 -0.0496646138334179 -0.315793569135783
-0.022957640637961 -0.0608042962196658 -0.0949989300338451 -0.160700044750189
-0.0760438372627035 0.00356806470205543 -0.021074488341183 -0.0540840251117445
-0.0321294435086046 0.0818380118199772 -0.00606563986065734 -0.052415814911853
0.0424995151998101 0.0575202913526193 -0.00989543250535089 -0.121318283561485
0.0565796815266795 0.00923487589689205 -0.103387410882832 -0.181915865051281
0.053209437568537 -0.0221470014603779 -0.196708832404704 -0.168611081925295
0.0473816705847289 -0.0227564471756096 -0.247141584885577 -0.157188801896449
0.0391601741196208 -0.0154754683196484 -0.225806227964242 -0.194072661494315
0.0306391617250865 0.00721435248203604 -0.106443940525346 -0.232461492038162
0.0147444917331869 0.0299937718740707 0.0388173329279406 -0.173326803360064
-0.0407475981363623 0.0315030394852804 0.0418895995354894 -0.0127206895041703
-0.0345202243595794 -0.043575650505631 -0.0891131039996561 0.00269280557404855
0.0582759635236398 -0.0519415504444667 -0.175248216559609 -0.2347573098717
0.0825286532935742 0.0136433282469209 0.0642024119359624 -0.545154026484124
0.0197754044641407 -0.196237981547972 -0.04983651710954 -0.292527545168989
-0.0858132527483337 -0.16648996378052 -0.0992796843376593 -0.152807878643822
-0.184703486191332 -0.0188679728253396 -0.0391436114156142 -0.0581592565724824
-0.125162799910193 0.152535373837122 -0.0178229305110693 -0.0401106185081497
0.0185005952188574 0.157110383660304 -0.00238512375453909 -0.0937369057582898
0.0899971739145475 0.101874183930293 -0.0797657458084921 -0.158146605521052
0.13799660882296 0.0473297728212762 -0.162082921291419 -0.153943545847626
0.145186702399431 0.0339158372302663 -0.206907057411881 -0.152721550149428
0.137469666816758 0.0580322151254757 -0.1887056344631 -0.18551321184409
0.0803781469992784 0.124839651509204 -0.075188780851926 -0.222775928909546
-0.00575739600432001 0.156103549215923 0.0623300227206671 -0.156239178822655
-0.158155247936825 0.141530952885718 0.0457340518485857 0.00851912730961609
-0.193907829786245 -0.0540484077128007 -0.113926661832183 0.00237218278319092
-0.0414934331554338 -0.194095729360226 -0.204358364435988 -0.223897153545152
0.0392500966385113 -0.194016067254022 -0.0363892780835655 -0.508239886049015
-0.0500547527181682 -0.317354773039225 -0.0863645305046696 -0.211642791217869
-0.184886983302923 -0.233137461373872 -0.105590022867785 -0.110957253093083
-0.287981005763831 0.00474641865110861 -0.0573023959053926 -0.0644451488305865
-0.178760931714523 0.243438848187521 -0.0410473163135821 -0.0358207158943393
0.0248864661897582 0.244814735072216 -0.0177656801797962 -0.0588372507703253
0.137780619132217 0.169315313322692 -0.0701832626549605 -0.104051804181875
0.218765758275165 0.0850421024343327 -0.12015198970928 -0.100995321173526
0.231503804983573 0.0581679628742583 -0.14929997291963 -0.106228465787587
0.228632303603093 0.0964549370379602 -0.138217824522197 -0.135043255836764
0.144423373046318 0.211471683549793 -0.0490229520536185 -0.177150560215513
0.00457784028773339 0.267742620854949 0.0734140838329869 -0.125430715652978
-0.231359959512341 0.267001738461285 0.0571964465050806 0.0321826118616867
-0.340670532884778 -0.0198917130608044 -0.120214410840024 0.0311221252654374
-0.171797691500801 -0.297664451506503 -0.231121462978849 -0.153176722937084
-0.0095298274731446 -0.363025827794954 -0.0548991197370044 -0.395983170786285
-0.0905808240178934 -0.399893266609494 -0.076558918701369 -0.0932524988113603
-0.258175339460075 -0.284578097536848 -0.0635078288185777 -0.0618050011931549
-0.373755922899834 0.0126071788494648 -0.0535105893643219 -0.0850117152721835
-0.236070943159268 0.305067474947601 -0.0633059855391682 -0.0421016295348545
0.0092459692346813 0.314271802483318 -0.0297724305814562 -0.0124914382347896
0.151741618977808 0.233861445134407 -0.0328895018856755 -0.0392752376484375
0.257864189003241 0.138753409997417 -0.0377274593697423 -0.0517342628955212
0.273564521348143 0.10287034828631 -0.0463799712478074 -0.0729159222312537
0.267256802325554 0.149155781302559 -0.0378093700023511 -0.0899399023058635
0.153970725340478 0.28247517412193 0.0250353152411552 -0.113968966682347
-0.02158098991132 0.337879164341633 0.10579229207204 -0.0623684010472609
-0.303798160051163 0.32196295652315 0.0674149777639369 0.0698882615813086
-0.430139887200422 -0.0248718533476114 -0.109030125627448 0.0502003843102607
-0.235044985255484 -0.372014232457689 -0.197203665312698 -0.08593692885398
-0.0351418015408626 -0.472776112593002 -0.0494890224453829 -0.23548368936115
-0.098925510014688 -0.433805658044837 -0.0668604933798795 0.0551212231580551
-0.295173417391879 -0.309905475351509 0.00129016423683742 0.0115775952402045
-0.41816496715527 0.0126956546975443 -0.0300261094877886 -0.102297446585635
-0.268783191310039 0.325641523825282 -0.0830252184039109 -0.0489224125815894
-0.0142438462680984 0.342979049344192 -0.0473755814299938 0.0423716542891355
0.140505950832631 0.268553459292819 0.00401988862419665 0.0436247228502777
0.257640735452538 0.177155647311101 0.0478951211773939 0.0177742218986711
0.270896294580128 0.136587527232403 0.0589315057365089 -0.0189227476835556
0.25632710932948 0.180478145738747 0.0635627887798212 -0.0256448643979318
0.128664390087967 0.306055880894824 0.0927303922085605 -0.0302411708742616
-0.0563693838685155 0.34347823895105 0.125219426635282 0.0165270198681949
-0.329185176408091 0.302324335759294 0.0664374538042051 0.108313610360444
-0.434879538575365 -0.0432623677710682 -0.0848821608299802 0.0703667391862336
-0.234899739019526 -0.387627435266891 -0.142779053997092 -0.00825923344553669
-0.0343993765810639 -0.500282069458354 -0.0395346372665283 -0.0559480071302466
-0.119349860894136 -0.399829067700608 -0.05996148514978 0.220753478117003
-0.30052881499796 -0.270845094331851 0.0756861591472566 0.103276645072767
-0.394011949638289 0.0312828933492649 0.00125221155283059 -0.101904410293733
-0.239418762169305 0.30227341954234 -0.0957208668590007 -0.0423294966737894
-0.0167879204455598 0.310609891527856 -0.0598219663774679 0.100791831601109
0.120651597272954 0.25206571584253 0.0419588804528624 0.130017335717434
0.226087418115715 0.17521085066559 0.127315704271692 0.0919287232507723
0.232077759090803 0.136932203324745 0.151142675656552 0.0414576616776863
0.210490019604166 0.174393220451806 0.14695552703083 0.0420885886828125
0.0874649876687273 0.273081471928167 0.140299785425975 0.0511814290343129
-0.0728427940272202 0.283894384922197 0.124259660984848 0.0851760008344396
-0.281205342222991 0.225695824644567 0.0581849228906084 0.129834847709778
-0.349094844162442 -0.0474594141910249 -0.0556434944461816 0.0860396371771345
-0.189297919425052 -0.324409260664666 -0.0845164814220444 0.0627042454540589
-0.0447700700211953 -0.440208892688301 -0.0312203514113861 0.111060826961661
-0.123809241383296 -0.302685613810133 -0.0507477794843941 0.37199341491272
-0.249747726690898 -0.184733050539973 0.144653578817525 0.193146665587497
-0.292319097543859 0.0417663063722449 0.0381049188760872 -0.0821461318893876
-0.162393180955037 0.217894171837139 -0.0911715606613796 -0.0291032493223278
-0.0180167439831636 0.218566887967421 -0.0652977443827399 0.145176960805626
0.0796605624046102 0.189838417351845 0.0737379190191309 0.200471195429514
0.158548755636203 0.142923330746783 0.188795344777342 0.154494134040304
0.158189946166272 0.114953045834722 0.220596719555449 0.0968536980263293
0.134591042605435 0.14123068009352 0.20303952227532 0.10134632162077
0.0347861778964564 0.198642505550447 0.159830641269118 0.116056402680642
-0.0782947591553896 0.177448090242129 0.101856458973588 0.130420931852839
-0.188007762772876 0.110591229364512 0.039951229378443 0.128130510538508
-0.204488497186535 -0.0447468812395161 -0.0289510994083197 0.0860801600538839
-0.111580192129633 -0.207149446627167 -0.0301882642649099 0.102536377197579
-0.0500593441147822 -0.310269133270858 -0.0144460255353983 0.235028833225061
-0.108413021717406 -0.156144900726262 -0.0447209263243782 0.483947945717991
-0.153619884288481 -0.069564122646309 0.193871783969543 0.266086415859415
-0.140179932341466 0.0443712509162155 0.0779337109697054 -0.0521571186381114
-0.0575052433670549 0.0950917190911647 -0.0713947729545945 -0.0202040879824648
-0.017521694934118 0.0887472420887356 -0.0662545909961426 0.162609939548959
0.0232871493795111 0.0957139601072146 0.0899778609862043 0.242227618522662
0.0636828885102005 0.0872783548024484 0.222048542192232 0.195437508554502
0.0608647973516098 0.0757942970281155 0.256970251654502 0.137305243500936
0.0429798364791331 0.0889349740396076 0.224231728461513 0.142453900827169
-0.0178448798522356 0.10245161205603 0.150894693169964 0.157294123549067
-0.0699245848650629 0.0606951769332363 0.064623720073499 0.147424931742323
-0.079325241370322 7.85056809315303E-05 0.0182902387659991 0.105612983879955
-0.0543097131243033 -0.0302146767799595 -0.00666627616707294 0.0733139234181296
-0.0354930541135836 -0.0698259551415886 0.0138606964804315 0.112014048371973
-0.0552465530843213 -0.144352829261144 0.00934119340776378 0.30139497523082
0.0364695846035218 -0.048332193326443 -0.0486132550836389 -0.306171734715378
-0.0232358840836629 -0.0584857232082516 -0.0944563962111516 -0.157187073751354
-0.0725870033779 0.00527679832189513 -0.0232909392937927 -0.0501514186549345
-0.0282281377093285 0.0798310188797977 -0.00632791052299363 -0.0450297481695013
0.0435783050238776 0.054063710037125 -0.00680841663247394 -0.113816396094556
0.0550541168510537 0.00693245262446359 -0.098213883925386 -0.174670836413102
0.0513208206794467 -0.0225187838761928 -0.189810341676239 -0.162768130322977
0.0454953515990901 -0.0237042253642759 -0.238627470742574 -0.149185714349811
0.0375771619903052 -0.015110536815899 -0.218837787373725 -0.185228907854469
0.0302593806804573 0.00665545290335139 -0.10447837095039 -0.225476621267784
0.0147374619557471 0.0288682042794077 0.0382660583299602 -0.169819845670919
-0.0384786853144245 0.0325468578059257 0.0439817560679381 -0.0141017815024057
-0.0340983869071632 -0.0401004777901804 -0.0816857199832043 0.00354329075397527
0.0538075733801143 -0.0516882594230719 -0.166185965352129 -0.223439936490123
0.0780570113830195 0.011492570332366 0.0579659084567379 -0.523516391987246
0.0179581649455102 -0.189156826180603 -0.0483104206093254 -0.28353522567918
-0.0834283596847326 -0.160893980880135 -0.098112072111652 -0.149431368526281
-0.177062547746133 -0.0157386378888076 -0.0396368785745763 -0.0532148768711798
-0.11710181165222 0.149004956587992 -0.0168461571202777 -0.0333940159049078
0.0207144783514137 0.150516529302707 0.000926190545820535 -0.0882899083356824
0.0883272579956977 0.0959689865769577 -0.0750111650950132 -0.152485830735189
0.133700750348726 0.0438555946448891 -0.156501576963618 -0.150156681494317
0.139589069052059 0.0298066908982182 -0.200509466236674 -0.145978455562358
0.132924219615395 0.0551148897331088 -0.183097508584139 -0.179510229944118
0.0787705407314771 0.12036429142735 -0.0745295882164565 -0.217166148784549
-0.00396547920534766 0.150186220716949 0.0607231013699185 -0.155053581986046
-0.150028990918155 0.138226908406156 0.0483427062289747 0.006458305417449
-0.186512402689256 -0.0507743207040121 -0.106022528140248 0.00437630119329094
-0.0415203359407449 -0.189511103263587 -0.194380029798382 -0.211079313759044
0.0373120765208687 -0.188301281174776 -0.0394804427949781 -0.487009973306118
-0.0481560413815161 -0.305425712901204 -0.0826125338511999 -0.204435473993213
-0.179746081761972 -0.225102326101562 -0.103069099704342 -0.108015020479677
-0.274674163787201 0.00699605915871481 -0.0575692432282382 -0.0589377137153858
-0.166436438782059 0.23587432874159 -0.0379813720621546 -0.0288901239004154
0.0275845296845306 0.233985896761014 -0.013253778087113 -0.055809242937551
0.133619745386886 0.160397302819963 -0.0656690178703743 -0.101411836212698
0.210657792740398 0.0792663859842315 -0.116332536401484 -0.100728783613707
0.221783327008265 0.0524374047794967 -0.145177909636014 -0.102709192216246
0.220746053022903 0.091302531573989 -0.135156328381682 -0.130748172678916
0.141065782751349 0.203250460189781 -0.0500419215746354 -0.172847179382475
0.005758236814187 0.256894953124505 0.0704648401421245 -0.126121253328039
-0.220217771448241 0.259641602617592 0.0602032556883261 0.0283319732361346
-0.326990064663536 -0.0175737001041995 -0.111983153606784 0.0317994873056754
-0.167695729080821 -0.289751706357928 -0.219377438334339 -0.142682018034558
-0.00942264332726999 -0.349595664016046 -0.054441026407208 -0.379569711231891
-0.087356613467816 -0.384850073518431 -0.0729582104960528 -0.0899324909829692
-0.249415106324586 -0.275564948613412 -0.0630370780053075 -0.0599153437757778
-0.357360263303726 0.0146272065978232 -0.0541019671282584 -0.0771154575855748
-0.22262095354918 0.295963409357026 -0.0604809730685303 -0.0350642640305927
0.0120484708013825 0.302506383957252 -0.0250165882017416 -0.0121718660448997
0.147614194627714 0.222682513371915 -0.0299454604664572 -0.0395805788355993
0.250111883321594 0.130729309866917 -0.0369231943861434 -0.0531041934719601
0.262949917314376 0.0954363102551488 -0.0464103855508464 -0.0711858033230492
0.258639464742637 0.141803824315246 -0.0379847196079156 -0.0892609242087536
0.150581029188885 0.27207150852142 0.0209578615479664 -0.113062629692213
-0.0188481632043139 0.324885175636005 0.100771890654224 -0.0655573625268607
-0.289333156728267 0.312036154862662 0.0691604378696505 0.0638094360324772
-0.413631602503513 -0.0228963068109041 -0.101297931780315 0.0504699690700798
-0.22777312423586 -0.361746312920838 -0.187071140298352 -0.0766908407995529
-0.0325817715258957 -0.455767106684155 -0.0476406269700435 -0.224397202561215
-0.093576909944655 -0.417689833386543 -0.0627019602811162 0.0538896781332113
-0.283875081690176 -0.300171417901865 7.50778152881969E-05 0.0108627082302712
-0.401581744598448 0.0146033634961355 -0.0321151393871734 -0.0940997734406255
-0.255949593937575 0.316431636908195 -0.0813451807670302 -0.0416459543686953
-0.0107816215589614 0.330243685550868 -0.0423781564792007 0.0414967640825272
0.137652095873176 0.257389505592002 0.00643892369189953 0.0413925668220711
0.249254318806747 0.168219226887542 0.0463630923804932 0.0135103488834821
0.260564332135831 0.126740889102887 0.0560227670317384 -0.0194945682781025
0.248169829724493 0.172085128617516 0.0600307534807602 -0.0287096372415737
0.125539887124109 0.295529430362034 0.0871533185974289 -0.0331720723124829
-0.0523922209914107 0.331715223467338 0.119031773565872 0.00990200041813061
-0.314554778197692 0.294029462967642 0.0685569939139951 0.100284519003047
-0.417185368913452 -0.041312508410107 -0.0788044792241041 0.0688490609251125
-0.2244983454433 -0.376769004463996 -0.134724132401985 -0.00232647148107321
-0.0317115602793872 -0.480166629844045 -0.0371324436881546 -0.0515576912064053
-0.112977611849103 -0.385281569269841 -0.0558803441061631 0.21334873634293
-0.290000862728717 -0.262267470153958 0.072182238782175 0.0992911256544873
-0.378228976999278 0.0320017608371506 -0.00346920895657675 -0.0943356147457067
-0.228025380144278 0.292540365004573 -0.0942904203423378 -0.0365254280838902
-0.0148351958534266 0.300320055600324 -0.0556019000553498 0.0980722739800161
0.117291032387883 0.242115256156927 0.0425869769809313 0.125180363220371
0.218559787466134 0.166771926437492 0.122994636153222 0.0847191242236783
0.223498310551032 0.128803819291248 0.145260198473204 0.0373391450324269
0.204470890683568 0.166587511672806 0.140702145861545 0.0366395337432043
0.0859696503525648 0.263828154833275 0.133061395139256 0.0452977154328694
-0.0688443651777805 0.273318371591332 0.117698825946023 0.0766641714862419
-0.269311499985639 0.218805102590127 0.0596007152388265 0.121019961782778
-0.33416566137573 -0.0460228309578355 -0.0510545364508902 0.082249310884174
-0.180516687734099 -0.315084463813899 -0.0789549690454062 0.0652672319690637
-0.0419065202375366 -0.422668913326521 -0.0279942644024709 0.109558415020461
-0.117269634708679 -0.291452535317502 -0.0473696498123232 0.359415468026161
-0.239405602719121 -0.178909611227991 0.138735887058589 0.186062866293645
-0.279326094867958 0.0415552721027394 0.0319734444360295 -0.076869117176712
-0.155314445736603 0.210108509376869 -0.0902851524777144 -0.0248475754611243
-0.0171930250133017 0.212097590515036 -0.0619473059090833 0.141640877208591
0.0773192110130064 0.182941781673393 0.0726360669765253 0.194440265400764
0.153890220406799 0.136804273001065 0.18245662307328 0.145849190780029
0.152963520423297 0.108880446875359 0.211925440053102 0.0902042098476539
0.130345262537238 0.135440685868648 0.194448005179523 0.0936205491327536
0.03434877479617 0.192560708843667 0.152110787494928 0.109104592145303
-0.0747508876887384 0.171911582024349 0.0962142800797938 0.120806746234109
-0.181737555493858 0.107204108488326 0.0408889371583205 0.118677845097678
-0.195488159870322 -0.0445615907609692 -0.0260943093325247 0.0809595686670688
-0.104787892371899 -0.201604389888048 -0.0270816237679434 0.102483660535021
-0.0466621824610387 -0.297721153017135 -0.0117920208153326 0.22892629723013
-0.103116681702531 -0.149602475836431 -0.0418932688876348 0.466958479423018
-0.1462843548242 -0.0667757402303137 0.186648903805341 0.255231822510049
-0.133282087653605 0.0429580181131372 0.0700256170549062 -0.0493026774136244
-0.0566638304757197 0.0908696170373301 -0.0724483165764789 -0.0171709639928775
-0.0179448850062599 0.086897503979906 -0.0638039843274102 0.159223112396057
0.0224541521469875 0.0929779691944089 0.0880246605920353 0.234529522694591
0.061925284889853 0.0840648388675919 0.215632950898049 0.186950044222288
0.0586607970565998 0.0726894520607944 0.247669360642691 0.129985751188138
0.0420638440442358 0.0853421871943701 0.215923883126807 0.13483661408593
-0.0167358899889598 0.100269319044381 0.143768832006261 0.14963542122879
-0.0677400767854101 0.0593566091805508 0.0601119503918069 0.1385682004479
-0.0770759873146726 -0.000558877781316751 0.0183202103290307 0.0968781601101193
-0.051123681672199 -0.0306807002328375 -0.00426829183157469 0.0683554146090429
-0.0313612929857203 -0.0690360544873206 0.0141107891927502 0.110796409899846
-0.0510567330287429 -0.137880509213638 0.0105910410806748 0.291399519827516
0.0357525154719752 -0.046564937136811 -0.041211270924683 -0.304641123298998
-0.0227429385047329 -0.0579495899934482 -0.0933160696401806 -0.158641832009689
-0.071630502146191 0.00538437717876855 -0.0246546449737853 -0.04789282999108
-0.0275791169890192 0.0793384900586059 -0.00473292542858246 -0.0401798147087671
0.044183285749356 0.0530267290385436 -0.00174822986352271 -0.109559782213065
0.0552013659658741 0.00612017290335335 -0.0920853403991365 -0.174677839504114
0.0515402034282129 -0.0222407637293762 -0.183290110102858 -0.165661454827459
0.0450346378185988 -0.0238852502247655 -0.23312615820505 -0.152107231179853
0.0375094145154115 -0.0143786630121813 -0.213093868066524 -0.187323742396019
0.0303201423394171 0.00719369933009012 -0.100292342447376 -0.226395297034732
0.0142442899344101 0.0285696614688327 0.0420154980166476 -0.170051631268418
-0.0376701089777743 0.0323777201434422 0.0467662695206781 -0.0154923522256639
-0.0333364617249056 -0.0383148773629804 -0.0761852066726053 0.00178378715332365
0.0516108159747701 -0.0505617711102964 -0.156415285437318 -0.222075828376075
0.0750964123773299 0.0121921439972581 0.0657230492961927 -0.515389059083739
0.0216325034954709 -0.186350790595828 -0.041058638381372 -0.281522219035548
-0.0800121600863486 -0.161063185449888 -0.0958799031823881 -0.150546344653531
-0.173102629133984 -0.0176433975608855 -0.0405454089013055 -0.0508779249860816
-0.115124860872104 0.145720518902402 -0.0153731891909882 -0.0282665274220713
0.0204870597424269 0.147602398412339 0.00609052323832099 -0.0851043754899262
0.0860091811650956 0.0942665218289949 -0.0693035579552302 -0.152794096057802
0.131377775799052 0.0443010811827634 -0.151872113028097 -0.153423898795758
0.136498471468642 0.0297024939408336 -0.195577680175412 -0.147838706463163
0.130325012205013 0.0561801019670555 -0.178856623026889 -0.181936230656397
0.0761706111714461 0.120631072676519 -0.0706411000345468 -0.218100207068684
-0.00683929339736857 0.147710095472244 0.0637487561972819 -0.154854221886601
-0.149549006362337 0.134893021122433 0.0512175356186179 0.0056810543936726
-0.182813873732236 -0.0527851722121725 -0.10103066379536 0.00341937278022159
-0.0388390208288442 -0.19012809062756 -0.184378502646219 -0.210070799113678
0.0400999729006645 -0.184641353557216 -0.029287341321462 -0.479545541353247
-0.0408344148033959 -0.302673273737989 -0.0759106775966615 -0.203415659928409
-0.172571355118914 -0.227181934018334 -0.102361898582772 -0.109490013501035
-0.26975141993778 0.00258209283353109 -0.0566732758178918 -0.0549008665955088
-0.165226980382597 0.230459560575817 -0.0351585896897196 -0.0243880600801301
0.0252982797320554 0.230733097064186 -0.00801882073075138 -0.05491992087291
0.129328304341844 0.158911732533885 -0.0612977257438219 -0.102394266214956
0.207046608008916 0.0812873045849514 -0.113983874178853 -0.104275070261965
0.216743179583536 0.0528591213170313 -0.141723640491206 -0.104020656642578
0.216174551783694 0.0927830700261138 -0.132782219816323 -0.133473234689367
0.135933898187464 0.203716035092644 -0.0480547600554969 -0.173261468356519
0.00111116142730682 0.252911119408302 0.0711880150673126 -0.127407895606206
-0.221078362788349 0.25231801505612 0.0626059462827576 0.0267005230349083
-0.320640632607044 -0.0240416124740896 -0.108304710426589 0.0304811427023128
-0.160200214799539 -0.291797277635394 -0.209843472086679 -0.141482561045082
-0.00106239719904147 -0.345624226006627 -0.0464195114776963 -0.372816973480205
-0.075823051195216 -0.38124784443488 -0.0681542339865182 -0.0897179564886618
-0.240715606071 -0.278917382543138 -0.0633419236302962 -0.0611001119741061
-0.351013798244095 0.00942214801656851 -0.0536970424529581 -0.0728085352648498
-0.222034106207764 0.288372113313234 -0.0578987643631961 -0.0311133922916407
0.0083690019037205 0.29825225155063 -0.0208401836653101 -0.0121164688038008
0.141476052739334 0.220951305583905 -0.0273955125244304 -0.0401815973905758
0.244461216351795 0.132498430220513 -0.036701829389455 -0.0566474581736304
0.255793583191516 0.0955474309393183 -0.0448531889984072 -0.0722849894759246
0.252791131794502 0.143079203458024 -0.037617651519162 -0.0913226381716945
0.144399055085956 0.271734009531396 0.0210731259837427 -0.113783371461076
-0.0244677157298099 0.3201144760303 0.0988996089948018 -0.0678411399184063
-0.289794001890016 0.30252196027786 0.0712994539937339 0.0617447645142523
-0.405982031772876 -0.0313866394451801 -0.0979238417892813 0.0482588320743156
-0.217526654855551 -0.364632477429038 -0.178623376575594 -0.0753999678074789
-0.0200259817815192 -0.448647171573178 -0.0424034249540702 -0.220321323715486
-0.0821832684650062 -0.415314513841376 -0.0617467266477484 0.0529315589198702
-0.273411439083729 -0.304021410440288 -0.00171631452344114 0.0101307977978
-0.394586700237669 0.00700670001026234 -0.0324192227149908 -0.0889252959691615
-0.254171157046062 0.308175788363791 -0.0792694242047448 -0.0378440948505594
-0.0149917709344287 0.326228571249199 -0.0401196664615404 0.0406589127872142
0.130963793145052 0.25570358461053 0.00720608705581432 0.0402036607752498
0.243334558918591 0.169655335250647 0.0450264054790564 0.010801110146921
0.253680026280289 0.127510190369801 0.0545620829361558 -0.0199081082537824
0.242652136588151 0.17326710756812 0.0576130107543912 -0.0300801519943907
0.120236477665809 0.294829127232526 0.0843411994589974 -0.0337270382395064
-0.0571461429842608 0.3257263300171 0.115143521173684 0.00746968824247371
-0.31542322245382 0.285133401902074 0.0695363886453024 0.096651495970131
-0.409574874633652 -0.0490403671289873 -0.0769649117517754 0.066533333834818
-0.213668119754309 -0.379669371566602 -0.130000173378023 -0.000821080441406894
-0.0177106494941918 -0.474483459739464 -0.0345805976945978 -0.0494597784175918
-0.100661251164343 -0.38301341837715 -0.0579804594401057 0.210359551143077
-0.278922781486881 -0.266702229526451 0.0681882360605838 0.099067463112054
-0.371619904084954 0.0242019081234292 -0.00474343257891302 -0.0894297678858622
-0.229621554722008 0.285095766573011 -0.093302006936096 -0.0338881590377419
-0.0195366094144637 0.296786950523847 -0.0556531873689712 0.0971997296868004
0.111471461794769 0.240652285931465 0.0407165105872756 0.124814203236665
0.213141251572887 0.167977437943271 0.119184806722135 0.0829598343007576
0.216798602180329 0.129417186168603 0.14161891782696 0.0385272161008762
0.198577344271322 0.167315949043623 0.13644507690781 0.0357851175475163
0.0807254915906259 0.263248736739523 0.128142552441701 0.0453620795063373
-0.0731435047587655 0.267871098998484 0.111999571997733 0.0732134417096044
-0.270319507886045 0.211505007323784 0.0599873794772354 0.116667191558861
-0.326784427403991 -0.0531678962015099 -0.0504204955796908 0.0798615596490073
-0.170373017301742 -0.318300335608098 -0.0765868687862813 0.0669617260904923
-0.0288503642474832 -0.416931346750608 -0.0284281903233228 0.109658285881027
-0.107720654646836 -0.289476714515622 -0.0522543816705993 0.354275053225081
-0.230109833544166 -0.18313694131742 0.131717794742346 0.186341016268864
-0.274525623414483 0.0350187446543715 0.028913043112966 -0.0713416317456712
-0.15704579725324 0.203818610814678 -0.0917310188841981 -0.0233975372372775
-0.021685229136885 0.209543654911667 -0.0641095175173197 0.14006617013525
0.0727235362291889 0.182489961165604 0.0688842497503403 0.194513546530239
0.148617905592498 0.137555292421349 0.17765560436437 0.146160893701726
0.147811109585122 0.110108709556912 0.207836718539724 0.0919668753572796
0.126495920230874 0.135573973730834 0.189070141993504 0.0935775337302116
0.0306995188808942 0.191594739905136 0.145486368953644 0.108482823377802
-0.077451131513985 0.16824860486281 0.0894339951347988 0.116952230336346
-0.181353042620806 0.101905714242946 0.0402628896661783 0.113514900202936
-0.190378517229667 -0.0492035463242049 -0.0253640145928045 0.0777907492615988
-0.0966572986171313 -0.204351629901023 -0.0272716550745436 0.103664843025279
-0.036976195667276 -0.293012843340518 -0.0141955947294093 0.226787276873244
-0.097110191571583 -0.148335684858203 -0.0490587245959721 0.460185867415647
-0.141223213839509 -0.0693733929103072 0.178231619578576 0.254426846275772
-0.130205037790854 0.0394312761987968 0.0660259510885511 -0.0451883210988225
-0.0578914708507908 0.0873272342500653 -0.0746546729228517 -0.0158317925984819
-0.0207484991395535 0.0863660705891345 -0.0676320240508331 0.157677112497668
0.020383797963593 0.0932578106024396 0.0835208641082714 0.235488028874782
0.0597711130876747 0.0848121099672798 0.209707018872199 0.187530479534285
0.0564803369447637 0.0730807787884119 0.242050828973277 0.131570876693829
0.0396146231702887 0.085060127348486 0.20918656021443 0.135845133290672
-0.0180853031291974 0.0997184604513143 0.136862397095106 0.148222090324729
-0.0687166585871811 0.0583389245611616 0.0541561331252576 0.134879694553877
-0.0772907446533741 -0.00273280562566848 0.0171477653877215 0.0917578149138507
-0.0487527473940308 -0.0328343078084771 -0.00378287114977238 0.0642875472162147
-0.0268233476399268 -0.0709577151638018 0.0123527737525886 0.111760676576516
-0.0457652775382561 -0.135969217117429 0.00621476461572181 0.289372914794004
0.0111829032306396 -0.0520502005979352 -0.161993040198284 -0.272328461643111
-0.0446449097432213 -0.0410364952228214 -0.158521228308133 -0.109322893476404
-0.0636918487186288 0.0347148952395547 -0.0450738270025732 -0.0279077826039352
0.00850920590257308 0.083167996248264 -0.0159492015795318 -0.0276392292179745
0.0619056299734583 0.0305418338632352 -0.0406207415590144 -0.101004576605998
0.0526382083945078 -0.0170360778314379 -0.155823197434751 -0.12476705538553
0.0382824847115248 -0.0427486932123069 -0.240552268697905 -0.0798846619493302
0.0334936147747976 -0.0402696361728263 -0.280230100303718 -0.0421991370968503
0.0295604202229731 -0.0299254513822879 -0.278002414707209 -0.0833632348286738
0.0311998806859927 -0.00639247394371142 -0.190023562161174 -0.167880262662193
0.0254106471075355 0.0203916654575686 -0.0341903622883026 -0.176570527124658
-0.0190441420282033 0.0456781479994826 0.0355464632367686 -0.0378275800874874
-0.0479371350028509 -0.0218767070068978 -0.0640216024403348 0.0299657402625505
0.0237902976601512 -0.0715163762248507 -0.229121552579877 -0.140425713838221
0.0753152027844857 -0.0267683626571594 -0.149921648614743 -0.50217493699109
-0.054125037605443 -0.177988808763692 -0.157816550247939 -0.252583002434511
-0.1369720482889 -0.114472129243578 -0.160219379319948 -0.0987627588882729
-0.165869969976127 0.0530421243719778 -0.0625553715617364 -0.0193199196490706
-0.0438946978281377 0.177951961347986 -0.0213848460697979 -0.00742912453727615
0.077507207880244 0.126284382189734 -0.020415023004765 -0.0807516101193824
0.116685873383426 0.0523342212205418 -0.124427175761794 -0.114047826538997
0.138838147494545 -0.0130775274038803 -0.202753079263244 -0.0820595452247609
0.141393850788072 -0.0255301471365151 -0.244377482302385 -0.0533969687210319
0.145750597865615 -0.00110905582174067 -0.245427541515849 -0.0908562953457211
0.120844441325089 0.0821816758941259 -0.161558655977019 -0.17004482556148
0.054128807306963 0.142461660205598 -0.0139012688533529 -0.172755536269286
-0.0800714007784531 0.187275634139438 0.038479359851196 -0.0245227998738602
-0.195582184849325 0.0247088444109246 -0.0866506238835318 0.0368323341827186
-0.119985455317412 -0.166376374962016 -0.242094655570176 -0.120929094930763
-0.0451106235187404 -0.198835592303101 -0.210895442981126 -0.429640996039952
-0.153962722916198 -0.264427967640283 -0.164159731000683 -0.166009655959257
-0.246783672189954 -0.140349219044539 -0.150137098320524 -0.0553042237648691
-0.246460835790019 0.108750699271974 -0.0789443775159354 -0.0111225660128633
-0.0560060380685277 0.274843217042196 -0.0361947925432419 0.00901510340787186
0.115512645869148 0.201319059857714 -0.0175992009679862 -0.0461300288204325
0.182813012951561 0.0952476383900973 -0.0936933613593803 -0.0711099378774663
0.222662212491104 -0.00964842128710179 -0.14398801600671 -0.0514971433239932
0.226235276292148 -0.0357012090871543 -0.175807446681836 -0.0356867854358926
0.24158055113208 -0.00152080157039671 -0.182110460131493 -0.0646884411409029
0.212264078701376 0.136043427054479 -0.123113361201624 -0.135242689000821
0.104415040129823 0.23929322145959 -0.00165178262019487 -0.14886462981638
-0.0968024258106025 0.325329087345144 0.0475423531599393 -0.0115876461209311
-0.314812455444002 0.106408095298409 -0.0847088817758523 0.0587764596889365
-0.276749435435262 -0.211744859438672 -0.232327036546889 -0.0534233545196829
-0.153967828091544 -0.333580771884073 -0.174093738206288 -0.32313993557719
-0.214731588423464 -0.327091314390292 -0.114318960236168 -0.0631930681427981
-0.329702950119856 -0.163388651814335 -0.094712565816926 -0.0251249219505802
-0.32009545096447 0.144562084008672 -0.0835760970251704 -0.0238532761705941
-0.08377954995596 0.349699900021763 -0.0601713776879194 0.0166104181629883
0.127198931197513 0.270432621097688 -0.0100146327583778 0.000294782143941969
0.220565233999472 0.148538105723241 -0.0336052194391439 -0.0267193450304062
0.27836789658674 0.0233406062286783 -0.0498272730637838 -0.0395751142194012
0.279755341803757 -0.0109021005681598 -0.0726912710799834 -0.0461531571306758
0.295653013672588 0.0310391990473853 -0.0773891285700894 -0.0653797433814179
0.247875234465708 0.197616692710956 -0.035523366195058 -0.107892777588986
0.107945042736015 0.313001618691527 0.0454377861690791 -0.106248802491787
-0.141439803246717 0.402732674169478 0.0640627637072743 0.0140887517767556
-0.398590143635504 0.133883279208579 -0.0696608332985111 0.0679272168575868
-0.360083172005623 -0.257266083544424 -0.173254028002895 -0.00716018200911854
-0.21753262676635 -0.421453181898434 -0.10073138469411 -0.182784433490917
-0.231028835486725 -0.35732115914211 -0.0514008560909783 0.0666874743202776
-0.369948640415622 -0.17628279641316 -0.00830905019318576 0.0163295267433235
-0.360699795938171 0.158881320210013 -0.0729775221073306 -0.0454776692239144
-0.108483030716431 0.382968276622301 -0.0845791474815846 0.0215983691325272
0.117041293175243 0.306224804201449 -0.00458175941819113 0.059251838672221
0.224992327962536 0.184573013064252 0.032991226779392 0.0345471508595755
0.292780944989744 0.0579325320028099 0.0553090842993814 -0.00953093476113918
0.289623296655073 0.0197745516019565 0.0422203918026735 -0.0400966315000723
0.298901768911417 0.0639438102795648 0.0370667450124131 -0.0493568073273553
0.23462422144162 0.229537258309563 0.0564693200137056 -0.0609316912223167
0.0790979253195726 0.333184424942359 0.0906634755033193 -0.0449750095203257
-0.172441143297615 0.395920073187231 0.0770424336536159 0.0444052495775
-0.409151401893269 0.118476157794167 -0.0424226020601703 0.0752166556395023
-0.362327096834363 -0.272866932637101 -0.0960968926451039 0.0426778471132491
-0.224804308195042 -0.44503679488026 -0.0229275294470989 -0.0260373776870279
-0.233302705549685 -0.322546010904596 0.0165445206328868 0.215105280214688
-0.359087140231034 -0.142937480404437 0.0951939922848504 0.0705485479625002
-0.334117663055164 0.166628024976384 -0.0463357650211742 -0.0576319274228137
-0.0951925512777195 0.350523075804951 -0.0973264440729954 0.0299030093293621
0.102000154440692 0.281023032296326 0.00259594476043178 0.119041380576319
0.201449612797857 0.179014372031709 0.0992867481194399 0.0999018907281397
0.264236739709283 0.0700275951806423 0.155085796483608 0.0270587311607887
0.25524212239051 0.0357631566207265 0.147684965712537 -0.0232853167602099
0.255184146094508 0.0766580341279468 0.137689770681137 -0.0220362032138826
0.184884566639613 0.215475241696657 0.130013558596327 -0.00752857624220447
0.0414167471289811 0.28566030456327 0.1173436599772 0.016337027108043
-0.159947633831598 0.309333308678321 0.0811125718390688 0.0676513718165622
-0.331507877295681 0.0813256159945274 -0.0124236011719706 0.0790383527382887
-0.294070253589349 -0.230583263927129 -0.0229818656642874 0.0859261218946992
-0.209702389089782 -0.384876326447667 0.0446614719192957 0.118934083923253
-0.203168830322413 -0.234336091926116 0.082097635138101 0.349397948504567
-0.282200985454268 -0.0863616568019571 0.193199340293147 0.123224699927199
-0.240580896044001 0.136806035403255 -0.00735871626000875 -0.0605818966468953
-0.062255019997591 0.247733319794885 -0.0936730348446047 0.0338000964114969
0.0654514107773472 0.202360798359655 0.00888443976023503 0.162511869000618
0.142446954664729 0.140198233066874 0.152965914712139 0.152975523291067
0.193266428235431 0.0682513233945276 0.233854085200027 0.0618825811173636
0.182272656402832 0.0443557183886253 0.231297393731125 -0.00151385535612742
0.174271813236793 0.0771416025993458 0.211245778603033 0.00815397560762913
0.109010514030958 0.168722412434035 0.174428259437324 0.0419534312360454
-0.0038088481078344 0.192807922746023 0.118959944882184 0.0663057917184467
-0.125615512405689 0.17104960326411 0.0708566611360124 0.0754926931673197
-0.200634515963416 0.029997227150262 0.00944465006575398 0.0717294069125463
-0.176213236977327 -0.153584601129445 0.0310601179896981 0.104186099294997
-0.162879081850204 -0.26253634031728 0.0983716417963484 0.220749486647288
-0.138613115516434 -0.10769453033129 0.131549166708868 0.450024569825611
-0.155587230949328 -0.0164436169913658 0.268314720923481 0.166045673878049
-0.105555964761772 0.0851041479820926 0.0390309694087616 -0.0582759126010923
-0.0192899038361339 0.103092121658605 -0.0764769441151301 0.0252709272612342
0.016377983689069 0.088516180826659 0.0078198642195003 0.179783808379013
0.0577356132959444 0.0778269482679892 0.181012582886005 0.185105330197922
0.0895387028045148 0.0553025960458629 0.279066546405543 0.087744429521439
0.0814221263062764 0.0462283242221912 0.28110435010118 0.0193859974847563
0.0718340127805103 0.0653954863834117 0.249309457377094 0.037901746894319
0.0254325620718853 0.102048062521689 0.18488708692954 0.0804543722298302
-0.0406286016315069 0.0852503598571557 0.100087477686247 0.0979539424995522
-0.0736081614228268 0.0309804057699489 0.050111573978834 0.0679003413820846
-0.0596262860132676 -0.0121547665171405 0.0240236197330295 0.0554893155657796
-0.0541699971600058 -0.0562909160447604 0.0627918126508626 0.0988406266450592
-0.101519760595486 -0.107493467625957 0.132729680806423 0.268249734078974
0.0102133947771944 -0.0537114526895242 -0.170125360772264 -0.282252661949907
-0.0475820820096062 -0.0417958940250951 -0.168796027657844 -0.111149375137103
-0.064523192268525 0.0376894771931746 -0.0478058666555792 -0.0259351572041964
0.01194454125413 0.0855420708454738 -0.0138557662487354 -0.0263196536931565
0.065282303085665 0.0285381512580797 -0.0397376102948803 -0.104874599141857
0.0534513781613491 -0.0197211285204944 -0.161708315837271 -0.129110725603188
0.0391787340735936 -0.0460486607677386 -0.250925817727019 -0.081010404248166
0.0337704732205883 -0.0430633969300592 -0.291571058112547 -0.0405902162433429
0.0309759109575675 -0.0314932641219564 -0.290520734155342 -0.0832045092281707
0.0321726971497945 -0.00751067158939747 -0.200460714141325 -0.173437347115261
0.0269196096175217 0.0205839124203627 -0.0374731917379838 -0.186018369934196
-0.0174119156962473 0.0481172097850061 0.037646150190095 -0.0427020968417935
-0.0497919020124003 -0.0211358420469313 -0.0621476408200288 0.0297632361039362
0.021870115651159 -0.0732959984864174 -0.2346921110018 -0.144136029462818
0.0763007290318735 -0.0279238445460418 -0.159819488819678 -0.517751072590158
-0.0582800098067312 -0.18394699899254 -0.165093530771718 -0.261461246019298
-0.143917828155871 -0.117282423526138 -0.1700027547635 -0.100611889651553
-0.169110094931574 0.0581055071062803 -0.0641908567216703 -0.0169028578829142
-0.0406519437964703 0.184154242385121 -0.0184549718498877 -0.00474410361601813
0.0829318793382739 0.127670920758147 -0.0184432915414093 -0.0851460750331406
0.12016596211825 0.0517893434293699 -0.129252320529649 -0.118364322876574
0.143858090033562 -0.0167138409383214 -0.212787074354272 -0.0837593356690931
0.144613759978333 -0.0294541720292632 -0.254915974440963 -0.0533249322983008
0.151076777594474 -0.0033242050294614 -0.257029858092381 -0.0921150484896308
0.126742982505615 0.0835069856254184 -0.171494785155112 -0.175571541265672
0.0572815098486563 0.146781471372361 -0.0178572941060095 -0.182459886669071
-0.079596810139316 0.195591137848825 0.0424451755289989 -0.0293185041561588
-0.201868086969158 0.0266805569482341 -0.085508495162896 0.038333562983138
-0.127289591048996 -0.171744345305086 -0.247916741270874 -0.122888096758006
-0.0485237383124338 -0.205572575245435 -0.222161882512556 -0.441299701499637
-0.162118313755789 -0.272599975578103 -0.170112750701495 -0.171956011420457
-0.258247803569484 -0.144529995869613 -0.157757860382015 -0.0550699808717324
-0.252022095667157 0.115414383173663 -0.0799372063153286 -0.00744983356246779
-0.0518456068397016 0.283193721648513 -0.0329864966518749 0.0117414974944422
0.122574615127658 0.204117337253896 -0.0164084610926541 -0.0512815723481325
0.189141676662532 0.0964776518934932 -0.0967640782739257 -0.074395026598006
0.230106946565129 -0.0139408703933717 -0.152423383371106 -0.0531206137054825
0.231506514417778 -0.0402275817700063 -0.183625459259532 -0.0351791927283495
0.249929609093655 -0.00515362896699852 -0.191821311507742 -0.0654679587379841
0.222025519763837 0.139245635639608 -0.131645924965046 -0.140894741415281
0.110288059810321 0.246984269588848 -0.00649628912861296 -0.157551118905378
-0.0954373873051829 0.337894065978299 0.0509480139065399 -0.0165303884556613
-0.32480864478038 0.111757195812788 -0.0835499411786845 0.0613513192828095
-0.290577862916879 -0.218758194584816 -0.235501916632319 -0.0532735630326391
-0.161093005004824 -0.34407988371646 -0.18131949880548 -0.332458852558138
-0.223853544115991 -0.337028156406533 -0.11725580857196 -0.0659308667675996
-0.343105774171555 -0.169237506783028 -0.10024555273472 -0.0246177392666217
-0.328371789854169 0.153635153084597 -0.0854600138566127 -0.0208438714304536
-0.0807121363716342 0.361876428545215 -0.0583666516207918 0.02053954013538
0.135743704416479 0.276384749695137 -0.00788922862089081 -0.00273449546301538
0.22939769922649 0.151869354873696 -0.0344738000666431 -0.0291001436842484
0.287981142303278 0.0204344991840116 -0.054984574926835 -0.0415408799348224
0.287494118059158 -0.0155883216541103 -0.0765974087034334 -0.0478329220488869
0.306838048408047 0.0271545283972625 -0.0839991236785338 -0.0670764385733694
0.260603615315602 0.201928255116252 -0.0411005141352011 -0.1129086275493
0.114253337952108 0.323470865269723 0.0417630831338031 -0.113046963601463
-0.13940366365567 0.418060941895845 0.0676353208329762 0.00861769301642533
-0.41047866186097 0.140395745062836 -0.0687429888395421 0.0707332696196894
-0.377196229061095 -0.26498031173972 -0.174294975228501 -0.005850644237299
-0.226215295151549 -0.435953940153065 -0.103516519918221 -0.18752098725771
-0.240776801754592 -0.3697929291703 -0.0507899200801552 0.0678319558270411
-0.385368500088245 -0.183133126072395 -0.00970887430310162 0.0176017523942098
-0.369757895162739 0.167938519180798 -0.0747231135893375 -0.0421986455060465
-0.106671514472634 0.396102308606589 -0.0846051559942952 0.0262856253706097
0.125469950363523 0.3156486919038 -0.00195879901745832 0.0590265769887985
0.234866735080968 0.189818687022557 0.0354167937805225 0.0345008463120671
0.303900732182376 0.0565746592184351 0.0549984000349916 -0.0120527303380216
0.297875469915872 0.0164050107104147 0.0415188017386186 -0.0430458499526385
0.309480341636182 0.061611918062346 0.0345388041644745 -0.0514939402218918
0.246872697403259 0.23550955602689 0.0549057527304749 -0.0651109557631774
0.0848691263486602 0.344215691260716 0.0887046986563128 -0.049813116204313
-0.172044363993841 0.411659480036531 0.0811050095212548 0.0399986877145237
-0.421025459628812 0.124279394604156 -0.0420697241019117 0.077485320483223
-0.378012818191744 -0.282033226753392 -0.0948318629327091 0.0460509257320112
-0.23413599898568 -0.459117788195357 -0.0206329201821803 -0.0256619366363109
-0.243415140870782 -0.333517233439487 0.0202915707406685 0.220880560097183
-0.373918146380625 -0.149356450595919 0.0986638318532918 0.0719274630363972
-0.342797917878411 0.173609352603811 -0.0479786455718778 -0.0551929767277548
-0.0940656407095564 0.363574834717407 -0.0991104486546468 0.0363998688717914
0.108481663763362 0.290944653024035 0.00550466906991567 0.122660275552315
0.210857439612632 0.184756030845344 0.105638869170535 0.101958451790153
0.274414066454959 0.0693147411616788 0.159512867995196 0.0250861410059217
0.263236314882131 0.0338689678157695 0.151401756758918 -0.0261507916874028
0.264835361244648 0.0758093833222446 0.138905963899744 -0.0247069532925393
0.196139268686485 0.221543538463576 0.1317269302105 -0.0104661702032044
0.0454022597688059 0.29556413757415 0.116521239059737 0.013680219625867
-0.162636057781938 0.321909701630452 0.0843197307689251 0.0635644568577003
-0.341732491078856 0.0855011982392239 -0.0114209129451195 0.0804401893290851
-0.306701511140996 -0.23965705182186 -0.0190000882939447 0.0903185994023021
-0.218305036772153 -0.396179398125868 0.0503761596608583 0.122774686529357
-0.210452584185767 -0.241424646745645 0.0886030258286406 0.3605197939913
-0.292202097730087 -0.0895220568443646 0.200927401613191 0.125824628798774
-0.245804633249229 0.142327073616452 -0.00826783610445097 -0.0583720193871151
-0.0625468700887606 0.257566265000083 -0.0967486257987178 0.0399901450514275
0.0688061003616017 0.210074778707126 0.0120514009228945 0.168995334447657
0.149308805755784 0.145173991364844 0.162460507445249 0.157405881200543
0.201705116929813 0.0688066853409442 0.242407467002145 0.0606771863716846
0.187964619387993 0.0442185748712144 0.238915756602809 -0.00541153415061805
0.181248930366835 0.0776199678114105 0.217023868789923 0.00613738136987099
0.115853739746821 0.174482392980455 0.178401260992602 0.0408809040916412
-0.00230596843083216 0.20041823235987 0.119974798409758 0.0661281366942265
-0.127914872495755 0.178594740636012 0.0733344975920649 0.0720191042374328
-0.207403153421471 0.0308129467638389 0.0106383894194117 0.0721107168699246
-0.184099482035596 -0.160589590086702 0.03594500761607 0.109074725931937
-0.168159707142367 -0.270460023060525 0.106367553109796 0.227212467221802
-0.142388686546794 -0.11034394903337 0.140736786113998 0.462605033578022
-0.160199763644239 -0.0173587864473605 0.279148137663342 0.169603362576683
-0.106982466225079 0.0868986795358445 0.038056607869402 -0.057374092759287
-0.0200693094895052 0.10734946653007 -0.0807062796718817 0.0313377736416488
0.0172997628390225 0.0932756819021154 0.0110894255352893 0.188579362801677
0.0613355658097935 0.0814170768881284 0.191675476200586 0.191710614692165
0.0931658463493783 0.0570284262025843 0.290498682706014 0.0871071282754475
0.0847247138981245 0.0472453383859811 0.290880028216455 0.016498696363367
0.0755116477066456 0.0670125662840829 0.257111885028478 0.036237268325167
0.0281906181235848 0.106358834582856 0.190021581030253 0.0816523265217316
-0.0408460737005001 0.0892184354536102 0.100459270103799 0.0991278018702873
-0.076919838735642 0.032684480826226 0.0502872775721121 0.0654061100950582
-0.0619190366999996 -0.0133196429031412 0.0247586947992868 0.0540204032540075
-0.0557830179106158 -0.0603509964847991 0.0679862204694332 0.102823923522519
-0.104276068148782 -0.110207120643444 0.143171250843039 0.276327916521619
0.00715711415843018 -0.0543940738060106 -0.18500839489721 -0.283176943812933
-0.0508323224016167 -0.0399477427260614 -0.1809427389689 -0.105832776668325
-0.0636234379266872 0.0428169293497441 -0.0502835791077914 -0.022054826599954
0.0178309930001974 0.0858299696411794 -0.0118516381928878 -0.0235789917032711
0.0687574659888126 0.024435818701885 -0.0416924431603524 -0.106552108689467
0.0531444494155192 -0.0239776905703559 -0.171310510047679 -0.126954344932977
0.0377007403760978 -0.0504192978151062 -0.261738576216242 -0.0725545929637829
0.0321035135061061 -0.0467588880607252 -0.301115510311276 -0.0294086585545944
0.0310370607906472 -0.0340146633323241 -0.301872816294345 -0.0740716071326429
0.0324154289655249 -0.00933742833535493 -0.214756467079053 -0.171452893297186
0.0288287691350766 0.0197377388677972 -0.0478190361576218 -0.192949014754313
-0.0142340622146075 0.04994579880009 0.0378664421854677 -0.0482080514564551
-0.0513291376914353 -0.0184074894659252 -0.0585571532644899 0.0298075678904621
0.0178292639892851 -0.0752729584312434 -0.242505488590505 -0.139842237858678
0.0764521898117555 -0.0313867203401261 -0.183006099465019 -0.521734986250034
-0.0675442515704229 -0.185782176048289 -0.178333189123718 -0.263083770932568
-0.152847261335919 -0.114791304007912 -0.180367655419172 -0.0953918897710465
-0.168844463771917 0.0667087924582993 -0.0664493612725013 -0.0125407854265331
-0.0312577796135528 0.188447413500139 -0.0156330593872747 -0.00227749314368751
0.0909804568153314 0.124386317075658 -0.0200734325679514 -0.0888685041203924
0.124670510662722 0.0476093168767715 -0.136789621301133 -0.118761347761758
0.145599837160856 -0.024793793210083 -0.22342600087758 -0.0779342855514193
0.14577230906229 -0.0370026155393756 -0.263990845180074 -0.0444853532625001
0.155134733724835 -0.0111389671536179 -0.268893073128131 -0.0834222250381053
0.134530627369387 0.0800476077357028 -0.185624961637563 -0.175269196918066
0.0646698451938122 0.148399999002787 -0.0271523289985127 -0.189624795422703
-0.0714746730344061 0.203333615650214 0.0436579104451279 -0.0351760063664637
-0.205508517448929 0.03473511968614 -0.0822435439924546 0.0413867918398928
-0.138613428417141 -0.17097386921573 -0.25454129496461 -0.117492427910349
-0.0568754098775121 -0.208594321724462 -0.242426682375179 -0.4418092746834
-0.176116440987269 -0.27276726727794 -0.179876788896317 -0.171355076373191
-0.270677941287555 -0.138838674837058 -0.165435213825096 -0.0497427207429209
-0.250575823907425 0.127912799290787 -0.0802795276590924 -0.0027426440286155
-0.0387894580513079 0.290436104437738 -0.0293662027908338 0.014496581991813
0.134051724210954 0.202261477295763 -0.0171132826335411 -0.0555901895586564
0.197598914228148 0.0912074476276209 -0.102325939200307 -0.0746772482906849
0.23447753483421 -0.0248310762042952 -0.161005895419931 -0.0490004728436209
0.234136374628471 -0.0514511232126042 -0.191114383035832 -0.0290984132048767
0.255567545279886 -0.0170202568129805 -0.201472566371256 -0.0582860852779892
0.234564735305526 0.133842665568846 -0.143630995195893 -0.140906510376406
0.122003042051061 0.248507372559036 -0.0160525730017093 -0.163513886204157
-0.0830533995238514 0.348506616328222 0.0530179126826749 -0.0240208450336849
-0.327681988181434 0.125166866167148 -0.0796961007310222 0.0655538854966024
-0.306902359491986 -0.213443182199643 -0.2389901333333 -0.0467942175022596
-0.176570158233498 -0.346676121214928 -0.195755205718518 -0.331768314826396
-0.241549622871037 -0.337044525279024 -0.120963649321004 -0.0654881800721869
-0.359622691799614 -0.162185486889756 -0.104466663906315 -0.0208360135148021
-0.32725454699037 0.168432410870724 -0.0859420904329833 -0.015228350989656
-0.0651934365426367 0.372692624902905 -0.0552227817264308 0.0245246193363213
0.150306961588659 0.27645149888481 -0.00665842950617486 -0.00670406735886936
0.241681499869974 0.146881023358322 -0.0360373230440374 -0.0305585025615563
0.295519129829062 0.00794385383043487 -0.0597041898597104 -0.0409822932286509
0.291527207981604 -0.0279530075517929 -0.0820868604341517 -0.0462225711875269
0.314499103056034 0.0142389295515992 -0.0914994455004521 -0.0650088203990347
0.276282743572179 0.196988436812294 -0.0495211605707524 -0.115920597208696
0.129142123756293 0.326879938822268 0.0342192972985796 -0.119859800617494
-0.124264128254504 0.43308695147574 0.0704281629039391 0.000785435719728651
-0.414487990895694 0.157808193450789 -0.06455886573823 0.074585327535055
-0.397025997526656 -0.258751952420311 -0.173791712403019 0.000141289276397156
-0.245287487191898 -0.439209610860343 -0.110740130139497 -0.187177010723982
-0.259333507745416 -0.369874119147409 -0.0482019510311984 0.0699445499651737
-0.402482149642293 -0.175516589777074 -0.00948820495735929 0.0177842821647298
-0.369845709756279 0.185055728530116 -0.0757781281498149 -0.0369580456273888
-0.0908817612638327 0.408984454057444 -0.0826106060296139 0.0327514238855175
0.141633288375196 0.318028848677958 0.00151692050202741 0.0573705499534617
0.248857186222249 0.186123414757854 0.0391028089322132 0.0321594863996529
0.313737521354724 0.0445390478797949 0.0538992644322235 -0.0158389485654519
0.304297668432243 0.00441360828562798 0.0395516748312586 -0.0467538499775337
0.319464316008137 0.0493701612037939 0.0305781844855598 -0.0542159506510293
0.264613762009474 0.232142695658624 0.0501280590032001 -0.0704085858317755
0.100146101776039 0.349429796171806 0.0841202920133312 -0.0563201710051039
-0.159270749251046 0.428519348642686 0.0854022932441487 0.0319401508305899
-0.426681559570782 0.140180321463377 -0.0377098574156885 0.0811138763753262
-0.400089366892754 -0.276067434715185 -0.0906893844519496 0.0507593050362756
-0.255019845536276 -0.462072764487864 -0.0193526116875677 -0.0253086791470576
-0.260574701998691 -0.334245086871175 0.0305516143760046 0.222915044055261
-0.38938757945836 -0.141603662536205 0.103694894499116 0.0695439391903397
-0.341715899713962 0.1895859026085 -0.0498760358543892 -0.0507907666701793
-0.0802740262599861 0.376038736268178 -0.0976599747291354 0.0436930679999069
0.123042273567023 0.294699724663565 0.0114590449249326 0.123289965097952
0.224244224296997 0.182746591073024 0.114331159146344 0.0994528879642301
0.284415486998747 0.0600883404499307 0.163167269943738 0.0181410132157845
0.269475313898884 0.0240652250974656 0.15321969484118 -0.0341695557040007
0.27392401869559 0.0653135005230217 0.138820993244427 -0.0304843773126273
0.211549939005379 0.220127634799068 0.13167406933515 -0.0172426574742771
0.058257959128306 0.3020086544325 0.11506223554612 0.00847826696692208
-0.152035501519517 0.335867090001902 0.0880329287717296 0.0558840678612475
-0.346945236234488 0.0982620110514491 -0.00841829959827361 0.082364044321811
-0.323486441601788 -0.235765165131569 -0.011907108409441 0.0934547739570312
-0.235535159142761 -0.39712486218164 0.059242918752598 0.123054179345345
-0.223214519088803 -0.240911107088928 0.105876007853519 0.363388086282311
-0.302939797771743 -0.0835034881715566 0.210234900759708 0.120522115670087
-0.245179977283341 0.153160086271097 -0.0102498727269976 -0.0562479607814894
-0.0543009279052195 0.265741912874614 -0.0967015584418811 0.0479294574740383
0.079269958642752 0.214116519739887 0.0201255062268402 0.173037505503494
0.160121721228682 0.144909869376316 0.175402059803408 0.155053590523746
0.209379030079624 0.0630550241962834 0.251474162091695 0.0514487230493842
0.19379503493179 0.0378086798525461 0.243694981469999 -0.0153961853291745
0.188516732432682 0.0713019378122109 0.219746475261314 -0.002455590976871
0.127338975729718 0.174273248283887 0.181617893341211 0.0347799603862066
0.00554371229356103 0.206244795609986 0.121141878832172 0.061754657977208
-0.124030159649429 0.187868553420948 0.0754791177171255 0.0658526280324271
-0.210078904134298 0.0380945030109771 0.0130718642552253 0.071688644076615
-0.194237078928767 -0.159940788393354 0.0442718555638017 0.110899006504389
-0.180300433537937 -0.269996030495288 0.12045417016978 0.227721759001186
-0.149150192026821 -0.107816090489227 0.161384726097122 0.468247268582601
-0.163759526364583 -0.0138628408411343 0.29131382767139 0.161579128004562
-0.105956728652459 0.091490090615575 0.0358227022695349 -0.056828745166129
-0.0179513585536508 0.110780335865461 -0.0818833625873592 0.0387183220703654
0.020601197424666 0.0969959761823281 0.019613356805472 0.195478103277004
0.0667469879071234 0.0826409389916661 0.20704970881124 0.189730459418949
0.0985951498224692 0.0553166663882496 0.30238872031222 0.0765339013948326
0.0887452508369476 0.0461044966769534 0.299129029936032 0.00426304060105692
0.0798545691258616 0.0656891930087208 0.264086731092141 0.0269033024002371
0.0344672737155171 0.108151295058308 0.19641475986487 0.0768996836106317
-0.0386983271636782 0.0943678487670001 0.10334668634957 0.0973590923410993
-0.0783981032687167 0.0369990047685935 0.0516220094391534 0.0606607147342384
-0.0639690322638959 -0.0125152953450527 0.0261247680242332 0.051974627380079
-0.0585933976741866 -0.0626620953509812 0.0757301576603771 0.103948772189791
-0.109153600524832 -0.109164411344981 0.158298271506874 0.276688256090756
0.00393686343954923 -0.0533719861312073 -0.196807442452785 -0.275032155848307
-0.0532646362209894 -0.0364850069888364 -0.188060077889089 -0.0948630061485503
-0.059472101186701 0.0464532691263776 -0.0518279427856237 -0.0175140470204236
0.0237386322141281 0.0835307822780827 -0.0100329843193365 -0.0212385311971404
0.069623359521217 0.0181089809208172 -0.0442192554851491 -0.105124501827317
0.050419187863447 -0.0274381409614213 -0.175698870516117 -0.119829793970363
0.0338553755791829 -0.0533284468170861 -0.265812079595629 -0.0602072293421375
0.0291431237338465 -0.0490870085817582 -0.302289485329518 -0.0148069943657133
0.0298799086636409 -0.0360530809135074 -0.305415949221497 -0.0590060860056039
0.0324947415123031 -0.0112009829931867 -0.22468480110879 -0.161785769430305
0.0298086691562506 0.017881872763748 -0.0580218753419091 -0.192440945064229
-0.0106070464094461 0.0507752956868546 0.0370215555636377 -0.0524302501427444
-0.0517868181985857 -0.0151958668374073 -0.0536222789784053 0.028985839905548
0.0128989085714246 -0.0741652983511132 -0.244748062216065 -0.1299464796032
0.0734701967729064 -0.0346153792819833 -0.207197492340273 -0.508466536127559
-0.0760233079572035 -0.180726931781201 -0.188697264269568 -0.255331170396762
-0.158073659977485 -0.10705639736381 -0.186548048958466 -0.0851011635576026
-0.16233841117084 0.075293956956421 -0.0656001316061243 -0.007840171098707
-0.0198735912356763 0.187559654047028 -0.0119439330759522 -0.000621533862235866
0.0964637757785685 0.117292397749891 -0.022865477306801 -0.0897897821353869
0.125845943660761 0.0404326238735851 -0.142096810177943 -0.113334445009778
0.142575074245048 -0.033161144260313 -0.228804501502654 -0.0671284995091346
0.141941813049056 -0.044754001663818 -0.266633070802591 -0.0316720500579531
0.15434625977585 -0.0194600696398859 -0.273430128330301 -0.0701492966750524
0.13839016308573 0.0737836539401793 -0.195844776179599 -0.167396557670582
0.0712193221865211 0.144940007791635 -0.0387462401567831 -0.190372694982757
-0.0603673972679811 0.205624985739203 0.0440351748722693 -0.0407828738205477
-0.202826553990963 0.0436807917259833 -0.0760861381019648 0.0432278098396116
-0.147522176095674 -0.164018002258403 -0.25485145223083 -0.106267745862674
-0.0660760707518214 -0.205299618179327 -0.259253915547991 -0.425170759985356
-0.18804641827031 -0.262752117413888 -0.185877131697187 -0.164820353669716
-0.276790700448161 -0.126736063172041 -0.168521960601309 -0.0415372804142863
-0.241104582017647 0.138608202723909 -0.0785673999851624 0.00233921410301985
-0.0230591890954482 0.289248136848278 -0.0250568457380369 0.0163543607914435
0.142657399637666 0.192885914330357 -0.0193172837327052 -0.0578737641178108
0.20142813258808 0.0816928213324583 -0.106021221114405 -0.0714918115886111
0.230876688136085 -0.0365438143141711 -0.164937935995562 -0.0412526329543118
0.22833531653178 -0.0632105026082301 -0.192726507826129 -0.0197714722286002
0.25308369038327 -0.0302108013315046 -0.205495851938518 -0.047554053351114
0.241127667288985 0.121980453734105 -0.152815586616886 -0.134074227708418
0.132359094001537 0.242294958075199 -0.0271613797139134 -0.164134952074591
-0.0644483153900265 0.350961946391184 0.0523584967465951 -0.0310993065880657
-0.321369078837464 0.13901946394007 -0.0728421564242597 0.0673790637971332
-0.316178019533001 -0.199669283321346 -0.236033115849697 -0.0370101945738489
-0.189597559509191 -0.337126351442311 -0.206552665646191 -0.320644273224992
-0.2548870637208 -0.324841647263028 -0.122479883030401 -0.0622350572761413
-0.36679798083061 -0.146667291510933 -0.106359228753884 -0.0164740659759541
-0.313641976244196 0.182348396629696 -0.0841216779383655 -0.010522420233793
-0.0452983854409962 0.372233871085972 -0.0499684044880325 0.0279466881986017
0.162985226181874 0.267811127878796 -0.0079210536529035 -0.0101203202164896
0.247697193870551 0.135760315539548 -0.0377442386482149 -0.0310697047882607
0.294985350787118 -0.00722126811981468 -0.0641180157670537 -0.0389480064032724
0.287117929077481 -0.0421730771938791 -0.0849077918606647 -0.0430369650537578
0.313543230168768 -0.00257602370900758 -0.09615301069469 -0.0593362020832245
0.286242836562581 0.18286000359465 -0.0581241259587944 -0.114261515739206
0.143585157771902 0.319845776811664 0.0238751604161442 -0.122229166352723
-0.101240358408619 0.43633196936404 0.0703068304040478 -0.0076690405764767
-0.405532744501546 0.173458475674718 -0.0577890774027346 0.0769881764995039
-0.408687745534091 -0.241549256482164 -0.168289873014383 0.00740352330410472
-0.262201269714077 -0.424870043682692 -0.115590749711907 -0.181453409556649
-0.274673172445565 -0.356647531122139 -0.0438199336366345 0.0682554355277332
-0.40996332367934 -0.15915892979447 -0.00940265933332885 0.0172697108596693
-0.357459930328721 0.200083798031728 -0.0751901829836759 -0.0316467192760917
-0.0692384578134947 0.410357839330254 -0.0769847242241757 0.038443042897163
0.156746676777429 0.309827276238968 0.00380437464316716 0.0537958416111735
0.257885127148715 0.175171719215831 0.0410777318483439 0.0281048948908705
0.314058392903861 0.029383199768319 0.0510765483325584 -0.0189416862223272
0.30148841480278 -0.0101602908178064 0.0358062599983295 -0.0491968514587622
0.319434151531411 0.0317074156242052 0.0253152478452188 -0.0544461934171671
0.276176234256225 0.218313163132812 0.0434077210594676 -0.0736457108289427
0.115461272744025 0.343381500926811 0.0765138740321398 -0.0617177385280179
-0.136214039180834 0.433532531980528 0.0851094520695913 0.0224593186462854
-0.418669669263839 0.157387111851629 -0.0321430414209425 0.082049139599204
-0.410200594017484 -0.258800441988212 -0.0843403925928984 0.054231253290576
-0.271130430245016 -0.448509625993676 -0.0184524646415808 -0.0256947454136509
-0.273625473232506 -0.321024847726975 0.0409000079641781 0.217911408337748
-0.394592142560684 -0.126766230932249 0.105390325250848 0.062371638508829
-0.329833162877412 0.202213696447848 -0.0504045969688852 -0.0466638457476956
-0.0619037825172445 0.377413704409211 -0.0927061339138507 0.0507005858055484
0.136392542831506 0.288631348438391 0.0173985948533696 0.120082025549494
0.233183730923891 0.172711287517685 0.120099462378089 0.0924669301799111
0.286368138450885 0.0462241057946458 0.162532918639911 0.0098325582644755
0.268144156495049 0.0122639653154502 0.150137986762966 -0.0422259913746299
0.274860124318008 0.0511915422902998 0.135044141602078 -0.0363556869507109
0.222094547244508 0.209269085115697 0.12742290436834 -0.0241767267000619
0.0723163272331631 0.298396850342063 0.110457881231971 0.00180123343543065
-0.135343878884606 0.341071596097242 0.0888471682376102 0.0464214204741098
-0.339935656838515 0.111133020728907 -0.00415308028624074 0.0812418670073168
-0.33296886501334 -0.222633527048906 -0.00398595364815206 0.0935272347755772
-0.249619675082241 -0.385063818078662 0.0670019159518368 0.118650806412128
-0.231169001347465 -0.230425743129989 0.121071726769425 0.354421351826345
-0.305587939772655 -0.072683006886612 0.21456435280252 0.108600919714773
-0.236211149213973 0.161855929581332 -0.0119558294682887 -0.0530295575925694
-0.0417228750346958 0.267592610959445 -0.09202915168542 0.0558164574991783
0.0886438419830543 0.211206926928357 0.0290489177769753 0.170570490501045
0.166881393201694 0.138434006765741 0.18465695161459 0.145582544186319
0.212173140250652 0.052957363573455 0.252359683322304 0.0379768635943803
0.19413271677815 0.0295934767521153 0.242015003596311 -0.0279242511624314
0.190174609167682 0.0611303367467558 0.217688951715881 -0.0124010855117212
0.136500716764453 0.167928410825804 0.180225240628634 0.0257472597063533
0.015645986229517 0.206036886951583 0.118787551597902 0.0556335469464756
-0.113953325152123 0.193223582074387 0.0758734477180923 0.0570499679398682
-0.207127970856419 0.0452180183114514 0.0156383937123251 0.0694788827214995
-0.199701513891371 -0.152758929031183 0.0521806946212834 0.108712119125701
-0.189052896927205 -0.260231246614042 0.132546033302537 0.220015638160048
-0.151961115665312 -0.101007096281469 0.181487280223834 0.455875905885253
-0.163296506216288 -0.00898779450135963 0.296593672003139 0.145828123000162
-0.100929987170668 0.0934194379150665 0.0326643627028609 -0.0555977509572891
-0.013821092406794 0.1115569393134 -0.0798022915854875 0.0462926696627324
0.0249111913010812 0.0982195899243363 0.0300770656032795 0.194711166489187
0.0711584718499494 0.0801891097366251 0.218937047834568 0.179621220863571
0.101743093129505 0.0509324449324629 0.30549171229167 0.0610945577102249
0.0905065420001084 0.0428353719429118 0.298016728058918 -0.0110119267596728
0.0824397720861449 0.0614517814808641 0.263355611067949 0.0142887396956472
0.0405587766433331 0.106289854292788 0.197406453133195 0.0675244991325122
-0.0331168124776149 0.0965874417673479 0.10360368692871 0.0920026574711254
-0.0770807161421914 0.0412469412688994 0.0508743723093343 0.0536221955224432
-0.0640857258806424 -0.0106549172433301 0.0270472374598671 0.0485306581314121
-0.0609979499058463 -0.0614835360738952 0.0826838322370844 0.100446714867293
-0.111604927562274 -0.103114073154589 0.17172770949503 0.267203677999387
0.00177027724143411 -0.0508648091666434 -0.19858254772214 -0.26332349225568
-0.0531803345604177 -0.0329113056681314 -0.188280589629726 -0.0845566162479403
-0.0552479981553156 0.047801580920111 -0.0515140871417899 -0.0134538972696288
0.0269298332280955 0.0799834915759899 -0.00746601963683803 -0.019057962949201
0.0680199359197186 0.0136312291244756 -0.0449670646447481 -0.101862288385436
0.0475092405270117 -0.0292378053039602 -0.175196840871991 -0.112158414405572
0.0302124268127204 -0.0543426323304201 -0.262414534651482 -0.0515329832391157
0.0258160215541953 -0.0497700498035233 -0.29578396183462 -0.00544919915758806
0.0284082271556876 -0.036691659766234 -0.300195481502614 -0.0479766950852948
0.031434912379825 -0.0113923270908305 -0.225858689076636 -0.151863766013363
0.0298669020038232 0.0168600083640581 -0.0641175226785882 -0.188606351332959
-0.00727611608649359 0.0499415703596699 0.0352195851642236 -0.0551561122211338
-0.0509359195627934 -0.0122742345365115 -0.0483087826432783 0.0264364526978464
0.0093695248096215 -0.0708531305143404 -0.239813331034711 -0.121251937366066
0.0701202263749406 -0.0357323810493287 -0.214640741264534 -0.48709740502787
-0.0795703223167647 -0.172503778510135 -0.189816019902822 -0.244864312148249
-0.158255439895502 -0.0999947635276955 -0.186126991370441 -0.0761901829070634
-0.153601751999347 0.0778706946454954 -0.0637986636286648 -0.00405163097395448
-0.0118178505768533 0.18177867497132 -0.00855389538406854 0.00112654967188158
0.0974640539361127 0.109764177909466 -0.0243064984813975 -0.0885518500211246
0.123479284561064 0.0358254877386117 -0.142742771282649 -0.107114882137006
0.136451586862356 -0.0377183124681471 -0.226543123783989 -0.0586092000590202
0.135801957405748 -0.0489881621802955 -0.261101998343355 -0.0222043943207659
0.149851888939691 -0.0248343015511668 -0.26927612462454 -0.0596688445814706
0.137918150724067 0.0678429751347832 -0.199236088529126 -0.159219175080398
0.0735125809574809 0.139253785615744 -0.0461865952618271 -0.187137610038624
-0.0516772693386565 0.201741010313983 0.0427350531870259 -0.0450804298821219
-0.197125616671878 0.0484191365275052 -0.0691507705182505 0.0416296208364018
-0.148839679856159 -0.155501975335036 -0.248138090689615 -0.0980824884698723
-0.0692137406911343 -0.19855297884928 -0.262980935809096 -0.406950022557066
-0.189326670831959 -0.249513005773209 -0.184911575804311 -0.158113773469407
-0.274826393876095 -0.115722196365946 -0.16696951593327 -0.0346027132096369
-0.227118922278922 0.140974271521514 -0.0750781337732766 0.00478631631030198
-0.0120547333278794 0.280385286703791 -0.0204638059362988 0.0165451653874775
0.144276314855883 0.182493084018717 -0.0218888991225332 -0.0587171485174018
0.198141408670578 0.0738260784066541 -0.106058818788728 -0.0681658110676787
0.222989961614295 -0.0430829214486125 -0.163515833664694 -0.0353013348186155
0.219234681473891 -0.068869062227795 -0.188905402504625 -0.0136995159000903
0.244865280325263 -0.038426399009237 -0.202771842530914 -0.0397979561874338
0.239601022954163 0.111170304017522 -0.156926928488559 -0.127750768286918
0.136174571384 0.232854296946797 -0.0344320927001711 -0.161251627285788
-0.0514916545842678 0.343558002718524 0.0501355508283467 -0.0362415212473578
-0.309391888220845 0.142665024025982 -0.0658418617265396 0.0651805385355807
-0.314070372461551 -0.187512399655534 -0.228026011592777 -0.0314297396119191
-0.192165640214809 -0.324219657860247 -0.208674911940844 -0.306262711514499
-0.257237881224763 -0.308313883552272 -0.121235434987684 -0.0607288694095671
-0.362707525733922 -0.134025847205411 -0.105742833306735 -0.0138497071290934
-0.298099753321143 0.184740158082149 -0.0806669594517119 -0.00745457433733615
-0.0315793025789499 0.362749690024266 -0.0438992218461447 0.0291103476881077
0.16679986783604 0.255597183768538 -0.00941240909296597 -0.0129920344870613
0.246570783145892 0.12535356420548 -0.0380378363774211 -0.0308808368215497
0.285829488967654 -0.0162928103140487 -0.0652896147121596 -0.0359576772382885
0.277133581509331 -0.0493453617346194 -0.0854124182651816 -0.0398058040947508
0.303667404816896 -0.0131456753572043 -0.0963795082592439 -0.0543278361984201
0.286097648069961 0.169630324830991 -0.0636484257756188 -0.110703849144229
0.14859991142399 0.308478816339584 0.0156838234183131 -0.1211236060328
-0.0850415541881836 0.426368745513597 0.0673662273871391 -0.014701943775167
-0.391208835248794 0.178365187863052 -0.0518227445649246 0.0753349420536916
-0.403645063665879 -0.227688185952072 -0.160933902454851 0.0101171475760894
-0.263890864998721 -0.406436753778638 -0.114862131563625 -0.174245023952177
-0.275369912963406 -0.33946053805427 -0.0412995303502808 0.0645526275124674
-0.404995545539595 -0.145297357446649 -0.0105426700479793 0.0153862807923398
-0.340339100668412 0.203667717271651 -0.072735030141354 -0.0282483393020127
-0.0552103804422164 0.401377142782816 -0.0708583205902976 0.0403269000894169
0.161455884346276 0.29823734506887 0.00329971101047849 0.0493468226726537
0.258186369829078 0.164198672415224 0.0409933786212656 0.0249233327326829
0.307071856847025 0.0190755750241574 0.0481820294551581 -0.020783520406182
0.292261473526577 -0.0179102942862197 0.0330172217951512 -0.0501927798699208
0.310275557770961 0.0204784619919937 0.0216455720519409 -0.0534315796893775
0.277316207436572 0.20494262200093 0.0368973893630064 -0.0740412607258844
0.123150992749395 0.33228254787282 0.068251987853592 -0.0624046529159013
-0.119896054491216 0.426023411698949 0.0820187164978448 0.0137721654501121
-0.403023993449519 0.163223551371158 -0.0276607534290843 0.0797946625548637
-0.406405020634206 -0.243810235927766 -0.0767153480872728 0.0542343557304488
-0.273440621830679 -0.428608365999965 -0.0156998069085191 -0.0258294496558309
-0.27319845852655 -0.304882256753962 0.044530904838116 0.207838705005391
-0.389625910649902 -0.115764797364411 0.102986526826621 0.0566065104849008
-0.314203289036934 0.203821116531845 -0.049265569201078 -0.0426020577298766
-0.0495086032477163 0.3689690755326 -0.0863669551140715 0.0534701457789839
0.141099265468928 0.279137706256077 0.0189500663102536 0.11446706775568
0.234436523680255 0.163140216997348 0.121085816561251 0.0853369123228701
0.280796061711291 0.0367831357339907 0.157923437456536 0.00334044234332652
0.261174016465783 0.0041888403973931 0.144696650188072 -0.0469705615856404
0.267657533521633 0.0411465806120284 0.128864939622434 -0.0385101845902717
0.223900303066798 0.197526586101683 0.120357601700204 -0.0274103395401027
0.0788233334517736 0.28975249100928 0.103472208320134 -0.00123652016295011
-0.120382059217592 0.336513432143439 0.0850762003199321 0.0377949732889446
-0.327782502214622 0.11635720156958 -0.00163980733781012 0.0788450873917193
-0.329899020658452 -0.210924040211823 0.00215025117350556 0.0907358801779893
-0.248816434359424 -0.367499902957756 0.0701947506708934 0.111963057431687
-0.230728509867419 -0.218774117783682 0.126152263210143 0.340264429195248
-0.300756541907006 -0.0654380812731375 0.210640575560281 0.0978170129685397
-0.225223274843461 0.161678881326926 -0.0127734384187235 -0.0495850663391706
-0.033961916026135 0.261827366200619 -0.086909778225238 0.0596289136125967
0.09225120033749 0.205748689131157 0.0326772171226482 0.164945201184354
0.168397540087781 0.131678107739364 0.185885719125151 0.136527983381823
0.208895250611019 0.0451936462586525 0.248271524007324 0.0285861613073863
0.189958598574055 0.0245347603293635 0.235014483172334 -0.0360408417087022
0.185806825272107 0.0540254164448816 0.21086938782374 -0.017772638344191
0.138588447388388 0.159398253595737 0.174051953807846 0.0194232940660491
0.0210015714312416 0.201243844732755 0.114302545589648 0.0509137134085848
-0.105807344450304 0.1913913437032 0.0722333418121684 0.0495380204692051
-0.200056440797967 0.047747658423545 0.0163074678916101 0.066630737622909
-0.198744344505432 -0.146416049444869 0.0567625770200766 0.104358475974273
-0.187688339950944 -0.248031849406699 0.136035657433164 0.209174520682306
-0.149200403972838 -0.0948786522680704 0.185895470298008 0.438467272379076
-0.159882824741013 -0.00641212926238139 0.290947955725764 0.132442535813633
-0.0961279733837618 0.091834466679546 0.0302401705804838 -0.052361961399059
-0.0112917290853865 0.109293947093948 -0.0756469019205381 0.0503705251686704
0.02703424973959 0.0969796410314085 0.036349432389581 0.190186094084109
0.0725059449809924 0.0772971827637783 0.221205733895074 0.168802271735988
0.101549106224207 0.0473927645065682 0.300934804090887 0.0494358349944227
0.0899349852393927 0.0402722278746759 0.290747488461777 -0.0206678206019045
0.0815334582714715 0.0582963348468092 0.256494825621789 0.0070031235828092
0.0431276486418065 0.102597909772857 0.192774963209846 0.060785597888915
-0.0291650954426296 0.0959348977831251 0.101209124995434 0.0867959625554499
-0.0745791294810347 0.0428581077119271 0.0476465378115346 0.0477318280334336
-0.0623667336924746 -0.00972489112205199 0.0260956656903134 0.0449414330999998
-0.0612722819017783 -0.0608122783705926 0.0859807375222721 0.0957336084057663
-0.109521083188671 -0.0970271742368881 0.175646605470018 0.254123117143009
0.00344251693724375 -0.045434352683967 -0.179907171165038 -0.270509891744885
-0.0499154280122976 -0.0328945921865993 -0.1808554665929 -0.0877425626273417
-0.0564670014902698 0.0446993834549003 -0.0468774001142476 -0.0113256001592718
0.0227250705642409 0.0770805268258293 -0.000798500232793934 -0.0163123392151897
0.0642925184204978 0.0161852350833999 -0.0342277777211497 -0.102480940699505
0.0467113009284174 -0.0250537689526882 -0.163686677269096 -0.117670340232178
0.0290240143926708 -0.0529592127974018 -0.255611504730102 -0.0614431433124049
0.0264583608200881 -0.049748960607803 -0.287771320582719 -0.0149969896697062
0.0278163076848418 -0.0364716335674091 -0.292509774516132 -0.0566544017226819
0.0307619065044759 -0.0105092248189103 -0.217204197270306 -0.155689055058302
0.0285125069053735 0.0165844386769605 -0.0567699233464249 -0.186478839284254
-0.00754693371033378 0.0469630584988355 0.0359509604075407 -0.0530094600416972
-0.0501856083884117 -0.0134446099470831 -0.0460752109934041 0.0181927927641788
0.00770503069285393 -0.0706063584112446 -0.220982029725784 -0.132534950857729
0.0640983488828587 -0.0361480490912162 -0.172301617185776 -0.480666640884664
-0.0675226621176225 -0.172100757918724 -0.178445285312248 -0.250739629125097
-0.148109959738068 -0.105986185128617 -0.181109519531459 -0.0768683173789197
-0.153914815963845 0.0677015069148155 -0.0582686481438494 -0.000265342932393309
-0.0199575405244121 0.173218159258241 -4.67058329480898E-05 0.00639875618412443
0.0869817234725401 0.111272765853988 -0.0127211463935542 -0.0887792853791509
0.117950733243864 0.0421914163085496 -0.130339751578434 -0.112890870103948
0.132833835304017 -0.031022558777182 -0.217875678099329 -0.0692037458264611
0.135909820415549 -0.042033724037111 -0.25247592844779 -0.0309627825499334
0.147055539166209 -0.0197282822059638 -0.262320611631725 -0.0649785409621239
0.133403533748274 0.0724926923179145 -0.191990772412481 -0.15904372786228
0.0661961363248548 0.141016866696599 -0.043356437937533 -0.18138382166154
-0.0571334880367716 0.192991727896158 0.0362710078673113 -0.0393495339905704
-0.197529735072931 0.0388438187177166 -0.0705734288081602 0.0294934445532677
-0.143511655204721 -0.161468897257006 -0.227987058056243 -0.114705172236375
-0.0666522666273844 -0.198586217785275 -0.220155672278621 -0.411777926933335
-0.169504981238219 -0.257122538189845 -0.183538722069765 -0.162763063273934
-0.26166239690833 -0.130479456816099 -0.165588596169083 -0.0331941096405627
-0.23001589762815 0.12297662470684 -0.0668382196846193 0.0112582111788956
-0.0252219801896154 0.268393195968755 -0.00886986411044799 0.0233826848906063
0.128803739361647 0.185677072384595 -0.00875887473506897 -0.0597722560914209
0.189756832135834 0.0831666284668619 -0.0956512059012194 -0.075106391584786
0.217881374656916 -0.0314062394053034 -0.15618936712646 -0.0458340922007338
0.220579760119926 -0.0561507896275445 -0.182250662545831 -0.020681735941533
0.241429463493304 -0.0292131470897728 -0.196085018320943 -0.0419769991656001
0.233560529929222 0.119091950152741 -0.151670546586276 -0.124668723739766
0.12496733278135 0.237513913016577 -0.0363110086103393 -0.1519773773906
-0.0634369367509081 0.330167232176753 0.0379501780246905 -0.0268047358809421
-0.312971285779217 0.12581748472396 -0.0732145994660325 0.051455691162514
-0.304575493220222 -0.19970640486808 -0.21145210539254 -0.053660023399764
-0.180388661328817 -0.324305224969902 -0.172870580484376 -0.315402606609787
-0.230012598046464 -0.322428507216545 -0.130429773486963 -0.0626048324491452
-0.347791036961176 -0.155164795406271 -0.106821309367386 -0.00739296024689203
-0.303483981127411 0.161198422291355 -0.0696149503560037 0.00176171794654459
-0.0493184542671701 0.34675318639173 -0.0303411815952045 0.0372219526725217
0.146196955942827 0.257948375985514 0.00358913099563246 -0.0138110816981338
0.235252440885516 0.136541915358187 -0.029086061842069 -0.036848726419891
0.279578840069476 -0.00125295315484619 -0.0582457670470588 -0.0439609497895185
0.27701570705287 -0.0339457575973957 -0.0794351767336096 -0.0427215116640787
0.299157767966944 -0.00120373512662841 -0.0920916898760559 -0.0517340070908436
0.277712371151806 0.178379168609272 -0.0619097287861386 -0.104052681841532
0.134721158484756 0.312891810776597 0.00880169820365668 -0.109258104574753
-0.0990577826486424 0.411461117904292 0.0487444617385848 -0.00337320973082062
-0.394410307440792 0.156334359705919 -0.0628893149259154 0.0604637241422916
-0.389019873337797 -0.241364779751904 -0.147975351042736 -0.011740892966815
-0.245163285240029 -0.407478109840385 -0.0879193628043347 -0.185565408828936
-0.246192126907574 -0.35660753279288 -0.0613519717642276 0.06381001367941
-0.390451664389302 -0.172041387754695 -0.0166024007949086 0.0266081977357747
-0.346595144671584 0.176054648821594 -0.059870724100503 -0.015897398328188
-0.0734576348695959 0.384309942966243 -0.0565566234754493 0.0490368793705182
0.140150803067281 0.299302056790838 0.0146818560576373 0.0479082674260698
0.244599684197432 0.175015588705553 0.0460806931254568 0.0210547631350171
0.299354765237458 0.0348999927315357 0.0533688957141685 -0.0250383097805238
0.290987979687025 -0.00119438695921711 0.0364858591909299 -0.0486826232823902
0.304715596708407 0.0328489441152825 0.0228766058319177 -0.0470766087171904
0.268193519544804 0.212929328871559 0.0339515778322027 -0.0652828150150348
0.108178776353801 0.336336935729585 0.056052573459762 -0.0504400370554337
-0.132624416062088 0.408793173906279 0.0594381876821284 0.0243033559199441
-0.404680152058684 0.140610296292885 -0.040923316004199 0.066236996495772
-0.389498204488895 -0.258198060308553 -0.0683623143580424 0.0347971692629104
-0.252499078660398 -0.428240666952061 -0.000856711080908854 -0.036844076205468
-0.244898991874055 -0.32415684266714 0.0145614596752377 0.209785645008484
-0.37714267389727 -0.143018415421672 0.0927748261734593 0.0710706801673204
-0.322975238558304 0.177391280920308 -0.0367113098033241 -0.0290296204232787
-0.0676422537330286 0.35447096627401 -0.0734941964989098 0.0611264738041124
0.122167445065492 0.27937900964745 0.0265575297783678 0.112743012308192
0.222106458383547 0.172220292198732 0.121378705926431 0.083755835558831
0.274506676135017 0.0514169536755625 0.15998890213055 0.00375957112908066
0.259564554776484 0.0192970827178003 0.144892412041153 -0.0418317371640773
0.263191082037689 0.0521499429694573 0.127187043624841 -0.0295122195319894
0.216995020733367 0.203711341508496 0.114212735402005 -0.0178451605058629
0.0664430049957286 0.291450948674086 0.0884083280459491 0.00891412368950767
-0.129234823253458 0.322421154204329 0.0632317919191642 0.0441105546821233
-0.327621952468397 0.0975319473399791 -0.014209813131386 0.067746517493741
-0.314234169867505 -0.221877805092904 0.00510401212778862 0.0772086484050712
-0.228787328127519 -0.365791714730296 0.0713009538908811 0.101189563415585
-0.207741124585246 -0.237056794592828 0.0894385653747821 0.343418235930467
-0.292787327242355 -0.0896268370789168 0.196392034065475 0.114042081153277
-0.232846943831487 0.141224824030343 -0.00299594914458539 -0.0375418312581157
-0.0474750775900748 0.251443514812232 -0.0778563295428541 0.063897119769306
0.0788643699310478 0.205828442875781 0.0340609847189025 0.163058834974214
0.159776260285037 0.136813443538427 0.180697326345547 0.136543192930898
0.204730075733351 0.0567785967137248 0.245691924092592 0.0329908342750322
0.188205505624891 0.0357611337913438 0.231368785325855 -0.0287579573805583
0.182640052990908 0.0620221102336278 0.205934503545698 -0.00708354443631876
0.133712066096244 0.163493963736841 0.165629942815768 0.0286354944734925
0.0136939001222476 0.201003320611824 0.0989590371936895 0.0568870743043884
-0.109145331743494 0.18283951366459 0.0546574062227613 0.0503742963067602
-0.198555315563717 0.0375486653585361 0.00683889075663544 0.0591914932913417
-0.188331701598732 -0.152200061075002 0.0561376004415658 0.0977388456008144
-0.171863217774413 -0.246613396612358 0.125597408197777 0.20209711909317
-0.136390869941414 -0.110088932452761 0.14722884259826 0.441732431417157
-0.157659536956039 -0.0225044395711702 0.273723138252308 0.147529370648052
-0.102169252954656 0.0817354483482701 0.0351232993790047 -0.0429783466971414
-0.0173937147827613 0.106014022230648 -0.0719793770516987 0.0513231156478761
0.0220352515757529 0.095967489404195 0.0315089080140962 0.188073713856833
0.0686667234663407 0.0789770908462712 0.211404578647614 0.171408426601602
0.100128490000773 0.0533238614686417 0.294967174033571 0.0578334168482807
0.0887379449776289 0.0460794652431481 0.284785119836118 -0.0114366090925328
0.0801216200216558 0.0617809706671654 0.249356977873863 0.0168214970912735
0.0405913550798085 0.103446280897142 0.184087156370183 0.0674576459792381
-0.0318501393281116 0.0950163244162825 0.0890511385899639 0.0885223730496962
-0.0739454979673191 0.0397129145860756 0.0367623151891145 0.0447494777128474
-0.060768366660026 -0.012799207816248 0.0209905402724843 0.0420029051169873
-0.0566014113048115 -0.0623084639483936 0.0819944148033268 0.0956281169481744
-0.0998150107828789 -0.0962850799374657 0.156533350853498 0.251424413522847
0.00416834763608135 -0.0447266305291986 -0.173941654471225 -0.274159408794602
-0.0494076538851893 -0.0333071384799611 -0.180575064666349 -0.088086514939869
-0.055212800874534 0.0442239547986469 -0.0469562437915184 -0.0100794530019258
0.0224598731285128 0.0763667611297363 0.00184061200035928 -0.0150334184784389
0.0633874834081745 0.015024015674094 -0.03070428353123 -0.102913632462343
0.0461556603832433 -0.0248335732452777 -0.162864826527671 -0.119975753755076
0.0282444331370735 -0.0531922772728866 -0.255927653876112 -0.0640090604462868
0.0257847041051914 -0.0503958126866998 -0.288488330226433 -0.0174933715367345
0.0286173282248866 -0.037353557323371 -0.292504865562763 -0.0594833236313621
0.0315318451201155 -0.00991416589082655 -0.217815043198684 -0.158742456617749
0.0287035070889711 0.0170577036406041 -0.0554534561247005 -0.189564279568214
-0.00694791156688402 0.046999889470584 0.0370614435334001 -0.0551172663435961
-0.0497978557569848 -0.0130644672794438 -0.043565625613673 0.0133119020589837
0.00844449371217771 -0.0692244858142487 -0.216625521571808 -0.137560375242157
0.0636629632752092 -0.0352834922772187 -0.163036570426078 -0.480495273729476
-0.0640464194587453 -0.171417389729561 -0.172718473324706 -0.255252154047236
-0.147374914149514 -0.107328245882723 -0.180693313869261 -0.0781642484168185
-0.152086195600279 0.0645166576575672 -0.0583228410628425 -0.000341655511788215
-0.0209070722427256 0.171678312946135 0.00215502946560607 0.00661964674960157
0.084989824828721 0.111140124518097 -0.0108731100985075 -0.089416751901546
0.117202329364054 0.0432348389580973 -0.129648865643343 -0.115025479790376
0.131851539492385 -0.0297609753375798 -0.218910033253063 -0.0714629138684542
0.134636479267239 -0.0413821594962057 -0.253460869639246 -0.0337298038557106
0.146945544952242 -0.0189985288300347 -0.261588775604173 -0.0685639768636362
0.13383963562816 0.0741682349671529 -0.192524406987881 -0.162439094374072
0.063914298799553 0.142587841402205 -0.0425261913349115 -0.183909704489448
-0.0583325769929743 0.192333209225629 0.0376943931772467 -0.0425414509868997
-0.19806969417449 0.0360822500095189 -0.0675978091614544 0.02531153204036
-0.142025505226147 -0.163379012694116 -0.223832422128819 -0.119377015829335
-0.0625506162332074 -0.200008933152861 -0.211100580521727 -0.41299441824382
-0.163521254025879 -0.257255367550858 -0.18046187573041 -0.167982944692909
-0.259724986007393 -0.134027681444519 -0.16588940978346 -0.0346195495876816
-0.228939969190833 0.117749967643996 -0.0667455498834973 0.00989561320270262
-0.0272011161771643 0.265730062652139 -0.00649525986029392 0.0236749560787839
0.125813538672081 0.18574128254131 -0.00908264802073018 -0.0604833553177571
0.189319290476606 0.0857390778824834 -0.0953205770592845 -0.0767790351426927
0.216905666962628 -0.0286129612627088 -0.156838084794148 -0.0476505446802462
0.219299590651967 -0.0540966607132683 -0.182902003936734 -0.0232849279972113
0.240834733351192 -0.0264154789737753 -0.196097133751881 -0.0441725260410222
0.233024348160049 0.122596075172478 -0.152790480147236 -0.126741507077869
0.120623290614302 0.240433000576895 -0.0364314713031734 -0.153319762447978
-0.0675369359397506 0.328883279891518 0.0380134430251901 -0.0305165166573793
-0.315317398289056 0.120219838555191 -0.0704073069680383 0.0476524154189817
-0.301013231353363 -0.205551556938405 -0.208002881895893 -0.0589700415698396
-0.172320374163466 -0.327800850644595 -0.164273670320641 -0.318109317032745
-0.223250233036538 -0.323482499728904 -0.12955752367129 -0.0676277575866958
-0.34562565777721 -0.160664863078188 -0.108851735100389 -0.0088125535399577
-0.301896044185716 0.154652961121988 -0.0692679088127381 0.000550902575142914
-0.0520782944499675 0.344368097546689 -0.0281432416963845 0.0368419451944205
0.143380245444024 0.259816009756383 0.00216334017345141 -0.0145720466125188
0.234440425842323 0.14031636209914 -0.02935372760731 -0.0376900462863634
0.278928840718897 0.00224557940983948 -0.0588319700066625 -0.0451759550484592
0.276510211040696 -0.0302164277051776 -0.0800590981380395 -0.0446415028490888
0.297265618747928 0.00260853551680049 -0.0921961292344468 -0.0528022673928173
0.276363366525076 0.182050943045994 -0.0643228477335325 -0.105380307834085
0.129234114521396 0.316498474045919 0.00720427397521147 -0.109538395216037
-0.105104961373002 0.40959960724624 0.0476267411614849 -0.00728663882729682
-0.396340329664577 0.149079543927427 -0.0609241557838947 0.0579122969103196
-0.384852444774127 -0.249648320894852 -0.144111809590555 -0.0163274781384463
-0.233847726334005 -0.411047042038241 -0.0826449437054186 -0.187429113259418
-0.237509705343631 -0.358781476700938 -0.0636534330817029 0.0598011746626321
-0.387022691820979 -0.178954135480388 -0.0197819615740341 0.0255165297613517
-0.347216168916582 0.168553994596403 -0.0600772340283355 -0.0165947893371346
-0.0780325173881261 0.381558655414916 -0.0544015974830643 0.0487811589093092
0.136145387044702 0.302210737809474 0.0119442292585539 0.0476140317074907
0.244685070300728 0.17925633797816 0.0462121813404917 0.0207178030160944
0.298959416185901 0.0392528448974707 0.0528706019397486 -0.0251523205997339
0.290111039220115 0.00237869484962068 0.0359349243255552 -0.049974086420899
0.302505785804464 0.0369923102733933 0.0229121650148183 -0.0461221411177281
0.265887301128192 0.217375142027237 0.0316161022704265 -0.065098656914523
0.102622025598524 0.338513251628533 0.0531656059497859 -0.0498531790523027
-0.136490315490971 0.405467489747309 0.0569766188647039 0.0205819812498033
-0.406962549276986 0.132459181325066 -0.0393733454083144 0.0652159255552455
-0.384739000348344 -0.26799483414354 -0.0658956176336815 0.0326814876102284
-0.240467987081229 -0.431700526381263 0.00159182237888721 -0.0380325167912632
-0.238814713989008 -0.328158235734873 0.00907642701668033 0.207248491698867
-0.375152664088299 -0.151381166746172 0.0887127310170036 0.0712616282271224
-0.323969430540231 0.170305067048901 -0.0367023346077158 -0.0295776252217695
-0.0719308846706171 0.352696078583966 -0.0721656241504415 0.0611985166566399
0.119058659232979 0.28348557759172 0.023034899861421 0.112801968044851
0.22195837959441 0.176452913698198 0.121152845425313 0.0844340355572234
0.27459510752929 0.0555458365356383 0.159983617203175 0.00451914323823748
0.259192728224639 0.0239372741229782 0.144199603812236 -0.0419988909554516
0.260556788590631 0.0554387117220071 0.126973984214965 -0.0274774221594645
0.214963301475865 0.206916349331839 0.111338860117728 -0.0163572406677652
0.0620554778873147 0.292985816810871 0.0847054559857675 0.010198836334388
-0.133308182288476 0.319716860016472 0.0596343701016561 0.0408615417628733
-0.32878357763879 0.0903774372288766 -0.014049869751044 0.0677878203313653
-0.310530721873446 -0.229604549303265 0.00686279597706841 0.0762500086446009
-0.218323030871563 -0.37026192120068 0.0710372236034316 0.100806097315917
-0.202274849498834 -0.240486901083531 0.0807763027824499 0.342228958257622
-0.291580183153528 -0.0961753535826436 0.19098087023888 0.115859280124069
-0.234580310323422 0.135842063866571 -0.0029598073284349 -0.036663460403012
-0.0504865960806287 0.250317685024512 -0.0772536754938051 0.0647592500024612
0.0764187624944079 0.208577788378592 0.0308051106302216 0.164277135842648
0.159470562289704 0.140812322236018 0.181212305103324 0.138690304533526
0.205040445478719 0.0596716527995579 0.245867382679751 0.0345143093764364
0.188681896419527 0.0387062959319134 0.231266827807257 -0.0268458472191817
0.180773466760832 0.0648221039232438 0.205129434857193 -0.00368057185572882
0.131559750077124 0.165720856395455 0.16290314365894 0.0312379964478658
0.0108869097593878 0.20195682934804 0.095073409300145 0.0590978755817221
-0.111322321567444 0.180671922209247 0.0509166943671889 0.0484619639820007
-0.198781564296686 0.0322886866119027 0.00595025583676817 0.0594547390095014
-0.185652196455043 -0.157415425947782 0.0571573495795382 0.0980586193512916
-0.163489967143771 -0.249242515594083 0.123109220664557 0.201897302721296
-0.133646015934216 -0.112248387910933 0.137339907347469 0.442660467572507
-0.158054938104086 -0.0258092373678461 0.268298204257732 0.15035609300357
-0.103793699149243 0.0784693819362836 0.0346818347617875 -0.0404365544841684
-0.0193654092203662 0.105676128247137 -0.0717652009801542 0.0526855691482164
0.0211786126981084 0.0982462904705186 0.028987486678446 0.190024970805636
0.0686134444813017 0.0808130684758795 0.21181483496408 0.174152557612446
0.100544363588192 0.0548210204094482 0.296185117757589 0.0608439467445491
0.089078356154925 0.0478238834342939 0.283986455562429 -0.00943957371717161
0.0788116696926212 0.0636065441142258 0.248723999424483 0.0198957273539273
0.0390237573525193 0.104123200723135 0.1817512942098 0.0703438481110542
-0.0333256802389706 0.0948633815862849 0.0846880483837757 0.0902119864338259
-0.0745860279447803 0.0390115765925396 0.0324938010184476 0.0429079111785219
-0.0601583691903554 -0.0151920965157654 0.0193634518935469 0.0419283107254283
-0.0556342952319977 -0.0647453814814878 0.0824430166259825 0.0969777655561161
-0.095777374895601 -0.097565004218072 0.15318704559723 0.252120100800962
0.00539478594723768 -0.0447549668773946 -0.173871129336498 -0.284503305514852
-0.0503613297170161 -0.0341743507688291 -0.184689991531169 -0.0898212885750827
-0.0555217640206931 0.0446806797149784 -0.0478248742345206 -0.00911229759771593
0.0232070568657813 0.0777162104504908 0.00397528585110312 -0.0142511478285055
0.0639139624406597 0.0143569527299064 -0.0286259002732332 -0.106621183898274
0.0466375838592524 -0.0256213113214653 -0.165443999558351 -0.1242923901916
0.027949636871563 -0.0546475489630135 -0.263572257379145 -0.0664954421303771
0.0254569192107522 -0.0518100811852771 -0.295808637535463 -0.0200523186929042
0.030132718360401 -0.0397533891677248 -0.300103461023185 -0.0633862032787404
0.0331399706540141 -0.0105221099180282 -0.224099750618155 -0.165150581288563
0.0291148438650561 0.0181242822061589 -0.0565428686570061 -0.196878674172255
-0.00643915815936052 0.0480016753761863 0.0396264107107611 -0.0589216860597247
-0.0509661930630954 -0.0126216277395272 -0.0434108718887685 0.0100651219188439
0.00826053984685063 -0.0701940598692958 -0.218618760688003 -0.14522628208989
0.0641141201627119 -0.0356974481145386 -0.159175342518594 -0.492637877907708
-0.0626690132307702 -0.175064696142868 -0.173533567486209 -0.265496410536656
-0.149836756984281 -0.111620250770581 -0.185124146180429 -0.0799103313538845
-0.154304613286062 0.0641286399272232 -0.0596404478853097 -0.000274837074878381
-0.0216564091876454 0.174235989535364 0.00404872670086174 0.00749236921958806
0.0855594670029892 0.113152022199629 -0.0100224074256758 -0.0919793688101432
0.11973056794493 0.0455941726614784 -0.131947764900422 -0.119263215522301
0.134169772821397 -0.0297420192899796 -0.225101757521631 -0.0745399983158764
0.137576852685949 -0.0416701027913826 -0.260452791370097 -0.0362933699079775
0.150745918059143 -0.0194305756775942 -0.268416911805121 -0.0713494484730059
0.138123537947867 0.0774406501078037 -0.19949603617507 -0.169078925400936
0.064390395276714 0.147860339362313 -0.0436464074461916 -0.191339946510914
-0.0610061286350533 0.196785199738248 0.0397897759639375 -0.0473044713353663
-0.204094478254876 0.0348178407816263 -0.0664099079936188 0.0227787662977819
-0.144387292088698 -0.171044833365255 -0.225509426228575 -0.126021263591392
-0.0613560147874923 -0.206575862239422 -0.209751876127826 -0.423726900704196
-0.162888270554465 -0.264758241579543 -0.182239753178432 -0.176245938987608
-0.265453109072874 -0.140234006359241 -0.171084382828494 -0.0361608351636952
-0.232875011475369 0.116320066438012 -0.06920881980215 0.00919644278620999
-0.0285501154368963 0.270176581317356 -0.00452577904748931 0.02355379593004
0.127600237743189 0.191127191778215 -0.00851556607356274 -0.0629545207991392
0.193894692820732 0.0899141051854078 -0.0971756715993218 -0.0803214600762903
0.221807398875173 -0.0277907832062617 -0.161401448303265 -0.0503060695433221
0.223896512819639 -0.0532269207931732 -0.188618157966845 -0.0253895473679084
0.246134419853866 -0.0256160588075726 -0.201268089137848 -0.0463864878674047
0.239431754281492 0.127388288979513 -0.159446060245441 -0.132027832878554
0.12033765192873 0.248792007048096 -0.0384038163196976 -0.159314901788533
-0.0712329657779276 0.336191973200006 0.0383251547419902 -0.0348433022810176
-0.324746540412421 0.118922430960788 -0.0692600346092828 0.0457270240947057
-0.307008434475716 -0.216842008571619 -0.209101223686155 -0.0644335635751226
-0.170512447013989 -0.338983120943213 -0.161718654645919 -0.328200897009993
-0.221434841209435 -0.332631328867135 -0.132410133885593 -0.0728088380446
-0.353947811248662 -0.169687949621998 -0.1141354512526 -0.0098637427386991
-0.308617238441735 0.153111653423182 -0.0717788005613331 -5.80963963564891E-05
-0.0556208582732432 0.351067861017431 -0.0268381463851899 0.0374898110351747
0.144689221824794 0.267678395503308 0.000762467100874751 -0.0153020438711178
0.240439834370187 0.145765581987928 -0.0295676564908026 -0.0398346343094612
0.285738318904867 0.00514301964186584 -0.0610465769500729 -0.0476586210584281
0.282521406801949 -0.0285507698634146 -0.0828253411876914 -0.0473061715928405
0.303919537501715 0.00517319262944214 -0.0947840861653388 -0.0551116329053073
0.282825070175037 0.190144452978623 -0.0684991105521604 -0.109308342644962
0.128509088288754 0.326883848457343 0.00576860011430788 -0.113155819361902
-0.110194044683439 0.418099182852102 0.0479685279390304 -0.0114067169805473
-0.40990236316875 0.14712849757316 -0.059778410071259 0.0570769423129514
-0.392090484639484 -0.264647176192905 -0.144794052871843 -0.0197076627528442
-0.231475065927118 -0.425019248890745 -0.0802632441556456 -0.193801662738768
-0.236192311025508 -0.369217422683572 -0.0667917274535828 0.0586251978357491
-0.396708014547905 -0.189247079918363 -0.0235832003791148 0.0259774088716113
-0.356508629770258 0.166297076876192 -0.061510983623993 -0.0177942514607468
-0.0827234638524241 0.390114423241149 -0.0538406704238193 0.0500239475187332
0.137289086335759 0.311880540223608 0.0100196307619952 0.0486955959546636
0.251011686993913 0.186640927211837 0.0474775920475023 0.020630821617153
0.307167089446409 0.0428051782289857 0.0541788996463794 -0.0267118487665245
0.297417852324974 0.00592882227283207 0.0351791422385597 -0.0522519462186472
0.308786805204272 0.040720412156861 0.0231656467735158 -0.0466110734119835
0.272367493380604 0.226021238597405 0.0290432275339013 -0.0669455488523241
0.101057537562431 0.349478517989323 0.0521336973263806 -0.05112290313548
-0.144543427362347 0.414707292064285 0.0566910926273579 0.0171086384946219
-0.418934111583573 0.129536277880976 -0.0394588976260598 0.0651784803617615
-0.390990513495612 -0.282330564980134 -0.0648564587098957 0.0313998905636579
-0.237073950258886 -0.44650836472746 0.00373865569964435 -0.0399484135981161
-0.237662461838151 -0.338559373306531 0.00482935868541411 0.210807408924309
-0.383920019435661 -0.160663306249347 0.0864695403710345 0.0740751805773885
-0.334757214572231 0.168158560214185 -0.0381432993640996 -0.0301658555298266
-0.0768496230432826 0.36048822165089 -0.072900899376112 0.0631052016664879
0.119852123424304 0.292895622936794 0.0208515007453835 0.11693215878759
0.228052771014338 0.183604076609798 0.124767448010338 0.0870250151319261
0.281443638771457 0.0596386016077435 0.164340329314226 0.00385868882080887
0.265678829003553 0.0268201140511535 0.146669460325177 -0.0438799689466051
0.266206244605341 0.0605604312233857 0.130102381044389 -0.0267951582638381
0.219028447627 0.215119401222213 0.111322668393036 -0.015739626428283
0.0604025868787803 0.301906398832068 0.0838412591030666 0.0118495193131705
-0.139478785817045 0.32656014429712 0.0581864013399586 0.0387711462819476
-0.339100215961736 0.087046473510817 -0.0141395116627483 0.0688490028054673
-0.31571594546844 -0.242000204596247 0.00896293381938711 0.0773992875608903
-0.213169020592086 -0.38240389933862 0.0727665282159333 0.102426101232816
-0.202330419852688 -0.248856012458615 0.0758285074379508 0.350844670055793
-0.299422989558001 -0.103889102181571 0.191147531970011 0.120637164984563
-0.242587009783077 0.134149138885918 -0.00419085542912356 -0.0366048634652461
-0.0552450196835814 0.256051451078592 -0.0781466643143492 0.0673552991014383
0.076902246678472 0.216759164995341 0.0292166898748597 0.170086888172417
0.164244494569412 0.146417896164608 0.186037659327204 0.143552223608813
0.211104925562588 0.0635493589184874 0.253483291036113 0.0357488051855936
0.193635222274779 0.0420109477052032 0.236340946739145 -0.0271614014510398
0.184261288175851 0.0690734298116285 0.210043577148354 -0.00195986276943422
0.133703258598831 0.171475237262468 0.16488300451563 0.0337650362387998
0.00838453574119077 0.208356653664085 0.0937770547565891 0.0618306331141761
-0.115845743377656 0.184241555435448 0.0477234280984749 0.0471666917478231
-0.204552039641187 0.0293559741248649 0.00556569893721469 0.0605466995365481
-0.188364194557547 -0.165733710933098 0.0597417668627193 0.100513726283588
-0.16113941141987 -0.256432755225163 0.125200862336511 0.206876731975713
-0.134114028070262 -0.117396503932679 0.13171667487849 0.45511352228464
-0.1621264900155 -0.0298298257910193 0.269662211780209 0.15712027900526
-0.108510850668413 0.0783069993161438 0.035020811706927 -0.0397120231677462
-0.0216019743368438 0.108367115529737 -0.0732540139740904 0.0551319304614534
0.0210438217747356 0.103392387282922 0.0279684185504025 0.19680291458362
0.0712341302110592 0.0840038987164392 0.217950439124687 0.17999714045597
0.103836597495778 0.05697043028769 0.305140960332605 0.0628310775571779
0.0920585698149359 0.0503706097459225 0.29108849488769 -0.00857077117097037
0.0802869440832408 0.0672099974428971 0.254701122367248 0.0230551973442676
0.039102484527772 0.107404230725705 0.184709058785457 0.074774073122425
-0.0353866039697446 0.0973506165388548 0.0833128536988082 0.0937885280838526
-0.0774976064971886 0.0397623484057959 0.0297661580946398 0.042369503890676
-0.061694766640641 -0.017507475977284 0.0180992740174507 0.0427903656476693
-0.0567007863857274 -0.0686431791592102 0.0857063649934865 0.0994917374087044
-0.0949116234318627 -0.100806813023998 0.155064190423581 0.25976630542962
0.00531643733160831 -0.0460251302933617 -0.183269658613449 -0.296002438679982
-0.0530651094035834 -0.0344590514898086 -0.193194816610489 -0.0891087041166039
-0.0556646651932722 0.0470322792359623 -0.0495202104360976 -0.00685334793926598
0.0260224900562272 0.0799235660516286 0.00652580831843338 -0.0138569814533195
0.065915297690725 0.0128089627907383 -0.0289048762437511 -0.110627211583892
0.0472655817012657 -0.0275144174722628 -0.17413930440277 -0.127149065315718
0.026514338766962 -0.0571561071430719 -0.276475908314967 -0.0637729442055018
0.0243736116071802 -0.0549615250848171 -0.309033877293182 -0.0157219734272272
0.0305653823312096 -0.0436249766969123 -0.314144089631953 -0.0613105201493712
0.0355546443430514 -0.0121611602255126 -0.238714148372989 -0.169615143558403
0.0312590360578712 0.0183762361797326 -0.0635680486352224 -0.206994663213847
-0.00459490878501489 0.0499438141761871 0.0410257781131148 -0.0649260972983953
-0.0527018981557735 -0.0114341296040814 -0.0426168647028155 0.00644957905836331
0.00691812398161179 -0.0723079565915471 -0.227865469032957 -0.150239059988375
0.0650738119073471 -0.037872776204189 -0.170707531313189 -0.508920838278641
-0.0656760430998575 -0.180471538654293 -0.18292650224952 -0.276103227087146
-0.158230217383304 -0.114341935320133 -0.194616188866829 -0.07953629959156
-0.157450880530986 0.067543279141814 -0.0625044515101162 0.00136517831957231
-0.0185065989964074 0.180830757311346 0.00723192971785092 0.00847751352515211
0.0904125972321417 0.115702814419825 -0.01038606859749 -0.0960731936084892
0.125080933775365 0.0452886692602567 -0.139327228235245 -0.122390323319097
0.138134664548285 -0.0330886179527213 -0.23663856533187 -0.0732534007191428
0.141211216536804 -0.046095137736536 -0.272823874690174 -0.0336686631283409
0.156014206295337 -0.0239777774735779 -0.281489867232808 -0.0700576056562331
0.14593055575491 0.0782586936439953 -0.21321876726667 -0.1737994277149
0.0690562864438601 0.153999540944537 -0.0502945072900874 -0.200957977540048
-0.0592129825026216 0.205411190869889 0.0413234058009854 -0.0531638186931334
-0.212392652493238 0.0390522533445689 -0.0659287795846722 0.0206962581539122
-0.153386524607731 -0.17687068473066 -0.233976649677536 -0.130726497020262
-0.0657078198473956 -0.215260238683191 -0.220958846154644 -0.438923953565349
-0.169445886956198 -0.272532264008493 -0.192126059259098 -0.183199174296758
-0.278682895250457 -0.142711958050441 -0.179110772649968 -0.0342087730758575
-0.23908730157163 0.122277208088979 -0.071615482989102 0.0109912949243707
-0.0248523057481105 0.279607544245507 -0.00180269453796246 0.0244162452644398
0.135068926393352 0.196758247083118 -0.0105784362023228 -0.0654396531701393
0.20386319363921 0.090246531934406 -0.102473902791445 -0.0827342477025151
0.230404194937787 -0.0326559900387749 -0.170217842541987 -0.0496202098514869
0.230798688520727 -0.0593679168613135 -0.197373189409523 -0.0237467760180354
0.255617313153696 -0.0310989714423088 -0.210219567483466 -0.0449312160646902
0.252248864260843 0.12960777298373 -0.171183804476516 -0.135217274167196
0.12908834914469 0.259066269629797 -0.0445439413878902 -0.166476730040581
-0.068158666629088 0.350437096743215 0.0389310909497487 -0.04153278376232
-0.337777614141211 0.127437460729892 -0.0687839471239141 0.0455841482632222
-0.323275897083562 -0.224635555126154 -0.215755336046408 -0.0666767363360028
-0.178934900698722 -0.352563116187261 -0.169061255676875 -0.339661443958886
-0.230805753105934 -0.343486857563236 -0.139354401598898 -0.0768790289734539
-0.370799039910739 -0.173470541841116 -0.120830175363727 -0.00787073030955772
-0.31847407215698 0.161006794340683 -0.0755386552775292 0.000841459242547856
-0.0519527204968694 0.364232189149762 -0.0244542123918379 0.0385697271247182
0.15494005979302 0.277615442232464 -0.000328354051424339 -0.015777953717159
0.253856371008785 0.14853102957132 -0.0315713714772479 -0.0419149700291401
0.297217031313105 0.000636784133263393 -0.0649701114104086 -0.0496140999815954
0.29309125377764 -0.0340669513875701 -0.0889869203310505 -0.0487235845206348
0.315679613615912 0.000772557514404589 -0.10002016075939 -0.0553390872207473
0.298961953330323 0.194088652537385 -0.0767943229676097 -0.112308501251035
0.137888301428304 0.341585338436622 0.00153804905823995 -0.119237706490596
-0.108721689371396 0.436619042287072 0.0477351459310193 -0.0173684225653709
-0.425327497683138 0.156480508048533 -0.0593291908820919 0.0579259436662594
-0.412586155526381 -0.274321803436801 -0.148310347019167 -0.0207994448024874
-0.241242837531952 -0.443384720421569 -0.0837989364305444 -0.202083500318168
-0.246864210168077 -0.381443590831628 -0.0706958049683374 0.0597209955994501
-0.416078321656679 -0.19347897172377 -0.0276413284090015 0.0281338742946004
-0.368801551173813 0.174390753891646 -0.0655468683881006 -0.0172404364364857
-0.0800691313762382 0.406651586388946 -0.0528473176684789 0.0527085862400389
0.148967098594764 0.324169712943225 0.00958805257617656 0.0510318820108303
0.266264099523139 0.190471300636279 0.0505470752233189 0.0196251045313264
0.321064783168634 0.0393159768659582 0.0547746000909142 -0.0307633891068696
0.309782063451839 0.0010390878514931 0.0344069284624319 -0.0560883494299691
0.321257683822529 0.0383425793928706 0.0232931581145181 -0.0486831517140781
0.287677320495812 0.231935996115046 0.0259842519464344 -0.0696343518979323
0.109610351813645 0.364844028846172 0.0504831262329479 -0.0539665647654283
-0.142530442947035 0.433768859869543 0.0560412041353683 0.0129625928460156
-0.434759339561344 0.137293652053389 -0.0380329156098813 0.066885857332354
-0.411401539404354 -0.292617981136104 -0.0644728116213892 0.0317820573527689
-0.246260177760194 -0.463940473294789 0.00524109855858537 -0.0431117814311378
-0.248643867980723 -0.349436518980709 0.00530976400993168 0.218147506869906
-0.404210727297996 -0.164380434100119 0.0876624111420421 0.0764704157088103
-0.346638112071835 0.177492230932487 -0.0410627557031335 -0.0300061306235541
-0.0752221425110163 0.375681777988392 -0.0728412446486781 0.0670834116575057
0.129599417479913 0.305419946090383 0.0224213080280152 0.122688432881905
0.242527203543175 0.188507300845552 0.132225405228316 0.0878947629533492
0.295667378159329 0.057847081585882 0.17114004848335 -0.000673546048133186
0.277518386698187 0.0242630338843392 0.150696275261323 -0.0487317245966427
0.276771641519 0.0599551086023497 0.134354427807835 -0.0294220621540999
0.231918967632455 0.221706996227429 0.112603597842696 -0.0175339110733937
0.0665874712983872 0.3162142539002 0.0847056375781934 0.0113101300417667
-0.139949166532626 0.341506280393141 0.0577472064745434 0.0360982521934436
-0.352812443140306 0.0929781472527559 -0.0125495657079486 0.0714571359757493
-0.331427478284167 -0.25273602666014 0.0124332452543966 0.0794379582646904
-0.223791278310619 -0.396554036794146 0.0785823856149148 0.104729074170574
-0.211259670330944 -0.2569784106159 0.0797594177717343 0.363828076828201
-0.313861283237642 -0.106177856645525 0.196710161912557 0.123942668200694
-0.251868768520866 0.141001668711659 -0.0058962297529667 -0.0368277411494147
-0.0541676908420552 0.267395750283484 -0.0795514365841443 0.0720485130034905
0.0844549209042609 0.226609948067332 0.0317461855384958 0.178230578347918
0.174865634587824 0.15129818844057 0.198087089588536 0.146112092254937
0.221756313895022 0.0624663799429095 0.26562843083322 0.0309489921227575
0.203462367693066 0.0407576015117538 0.244458986695489 -0.0330472509050967
0.192481358786297 0.0704998284797202 0.219059844669853 -0.00480214506747006
0.142004856747985 0.177442846388207 0.170152145642022 0.0338127377941857
0.0121481393984341 0.218225734652756 0.0960655337311691 0.0637286927266468
-0.118473526451876 0.193618821072912 0.0474396998103835 0.0458898104990626
-0.213413965349531 0.0313980878832918 0.00676812982794978 0.0629104708068341
-0.198306393575531 -0.17414014895058 0.0657871471883825 0.103376951295719
-0.167517274015262 -0.266829758705976 0.133374827779624 0.21277707087996
-0.139799669738171 -0.12061396223217 0.138500489763435 0.471730466409398
-0.169830945562116 -0.0302451142290423 0.279143561878903 0.161038751648866
-0.113057537447178 0.0821907768737314 0.0345165284389357 -0.0393657196936689
-0.0223402358362434 0.113142197871979 -0.0753970568823809 0.0608418489777031
0.0239726338744853 0.108686446277925 0.0324968585298121 0.205902367651565
0.0763024847966924 0.0870088183257651 0.232206056403681 0.184173047350202
0.109851699532386 0.0577089867341172 0.320392096497052 0.0582423664685553
0.0975099278100416 0.0507776043335979 0.302392353654009 -0.01429910911999
0.0845595319664839 0.0698619598384001 0.265678298413723 0.0206610441955611
0.0421145463603161 0.112308038408112 0.192839195300183 0.0760098157126004
-0.0351162684929918 0.102615815811901 0.0860151361853469 0.0976271938412566
-0.0807642625431282 0.042492645748319 0.0279738517140384 0.0419834769306911
-0.0650192801189685 -0.0187646276173079 0.0190142258890565 0.0442603356544948
-0.0595335905804956 -0.0724466234162374 0.0925760204414843 0.102761409865046
-0.0974171542570317 -0.104503113888177 0.164549327749091 0.267528507275318
0.0036715427014566 -0.0479091387088677 -0.20121170306425 -0.300741978567465
-0.0575462327546769 -0.0335527677395953 -0.203584418465309 -0.0818580452396918
-0.0542790590123102 0.0507156532311915 -0.051051437042903 -0.00348512389907646
0.0313199031664763 0.0809476175098757 0.00781202544265126 -0.0137157695559451
0.0679148844172596 0.00966907601582562 -0.0330490538391903 -0.113971093965578
0.0471274481767966 -0.0307358495824887 -0.185036349337517 -0.123212151701261
0.0238937512782107 -0.0606124719661184 -0.289524077823418 -0.0502878042749654
0.0210927955697856 -0.0581172039812945 -0.320387992298042 -0.00104021360042371
0.0287402466250085 -0.048108252441267 -0.329176802290031 -0.0489658875326308
0.0367515444548234 -0.014692783370325 -0.25651970292452 -0.164584158574952
0.033969240465673 0.0177969574129291 -0.0769612290516892 -0.214069861176697
-0.00130452218069118 0.0516804408308825 0.0402994043178136 -0.0712703510914607
-0.0546138733615802 -0.0090506817256525 -0.0428540900799044 0.00422665334100598
0.00286927655769489 -0.0736807233904088 -0.240155903921321 -0.147171701524917
0.0643887388572612 -0.0416503365425906 -0.195755539732471 -0.517286613983455
-0.0738277759030665 -0.183397111159685 -0.200436305125233 -0.280446016361676
-0.169439002677219 -0.111256527508626 -0.204532583704444 -0.0722917974533599
-0.158605872810875 0.0756431940833833 -0.0646083005597988 0.00490944106824719
-0.00962953314383097 0.187351304796931 0.00976273703184251 0.00837851405351274
0.0983744696871726 0.114946048940437 -0.0139900145032977 -0.0993363418870494
0.131787910254756 0.0412982753286315 -0.14990985426815 -0.120770931721144
0.140180778787816 -0.0403898684570621 -0.249266117380467 -0.0632111065395137
0.142280149463699 -0.0546396485709139 -0.283996200563152 -0.0218912628624466
0.159732438228152 -0.0334483095303601 -0.295146447093186 -0.0594304908765714
0.155821146166277 0.0738725168397179 -0.23155299757742 -0.170245164320283
0.0788484256717069 0.158011055079828 -0.063297519272848 -0.208228355873415
-0.0510333252168701 0.215065938089162 0.0401074995971824 -0.0606065597108879
-0.218221632399886 0.049626895632654 -0.0647593634336327 0.0205589707610984
-0.167772949490192 -0.177047752385771 -0.245050033968949 -0.126535581788318
-0.0767238258000051 -0.220025742469621 -0.244258139607462 -0.443553716217919
-0.183244731331141 -0.273863039712745 -0.205523075137054 -0.183725604930875
-0.295267270867399 -0.135741433396251 -0.188150392630532 -0.0263287033505564
-0.240415517765709 0.134715904063076 -0.0747493258265513 0.0147142655631006
-0.0122550928236085 0.28978022995897 0.00126636007246053 0.0243488140321013
0.148583619308726 0.196805194638925 -0.0139879283589146 -0.0671778164400232
0.215464482227984 0.0840801245086344 -0.109935845640329 -0.0813814689242789
0.235970467996673 -0.0440504628275889 -0.179213077959495 -0.0432877175358478
0.234946096399445 -0.0720609850402012 -0.206673113600523 -0.0154481242525207
0.261709472259647 -0.0447356439192722 -0.220609757892392 -0.0370712047701402
0.268218384752037 0.122694487207922 -0.186781649236813 -0.131345675314574
0.145166046968824 0.264193045053007 -0.0560246289655456 -0.172357749804984
-0.0545093123312261 0.365040447899441 0.0364337121268394 -0.0486090774186318
-0.345274247043669 0.145764484560619 -0.0665974355066528 0.046354972355351
-0.34524589713245 -0.221505860407361 -0.224862584926059 -0.0611683990453329
-0.19770502281823 -0.359114320749793 -0.186516490450312 -0.343862504277354
-0.248435785964865 -0.3450266439772 -0.148324143504256 -0.0751861705858894
-0.393001746458703 -0.163158926576796 -0.127032348125478 -0.00180606042026868
-0.320619862539677 0.177023504788505 -0.0788409046120794 0.00501938748248162
-0.0366284822048247 0.378081338526803 -0.0212659889061354 0.041054368724148
0.173209439515285 0.279578034738242 -0.00174990235856671 -0.0160177821524141
0.271180018922391 0.142431524477763 -0.0343208672711047 -0.0424810793340071
0.307224812783228 -0.0130979259917276 -0.0708359985800279 -0.0489658255379459
0.301027412850327 -0.0492568281351778 -0.0963505809343301 -0.0465838421498728
0.325805704001931 -0.0132058594599032 -0.105942914597528 -0.0528147914812647
0.319073111233501 0.187816449161242 -0.0881252725606733 -0.111911112445608
0.15811040011649 0.34985647920855 -0.00662488075312233 -0.124389988018479
-0.0917835494286888 0.456239858221556 0.0456362398219523 -0.0240147206097321
-0.436084405105218 0.17946173056706 -0.0562653487210283 0.0598860443493767
-0.440471693597093 -0.269496566430287 -0.152497193419702 -0.0166714750685476
-0.265416519157667 -0.450130703463586 -0.0930216091141677 -0.205993550422106
-0.267105581822525 -0.384102998424921 -0.0720560151608572 0.063112969524669
-0.44133384264596 -0.183824062000299 -0.0301288605212094 0.0311276659988697
-0.37257439647126 0.194424186295536 -0.0703273428278282 -0.0138567128865135
-0.0641858462482585 0.423166722519174 -0.0504079337215861 0.0571764524405495
0.16939326304752 0.329059066561284 0.0111652952891615 0.05262203093339
0.286178398574241 0.185761521777318 0.0534214840666687 0.0172560515145945
0.334264651631335 0.0265280567773745 0.0546494850762967 -0.0363355896609019
0.320346055106027 -0.0133864422508675 0.030699513917576 -0.0601877214348336
0.334134329015058 0.0257750680308747 0.0214149850332402 -0.0516139064564045
0.310722800268622 0.227669571698439 0.0205977979682463 -0.0726473293581709
0.130294964829882 0.376099687094227 0.047303929622759 -0.0586539087609437
-0.127449062152672 0.454898080331409 0.0550579732521508 0.00677515161482031
-0.445882608951518 0.161011695104185 -0.0341222333119943 0.0698684507837605
-0.439807922689305 -0.289982318233622 -0.0635610266084923 0.0345390465462852
-0.270768949778903 -0.471963822959702 0.00527144690290652 -0.0464869735318727
-0.267079226120399 -0.351718218040784 0.0127033449499748 0.224481891881967
-0.426514954913536 -0.153915695225224 0.0903612516676804 0.0767904629702764
-0.350230852266825 0.197026985564163 -0.0459380356583316 -0.0276289738205507
-0.0614251384490583 0.392332272170285 -0.0703777095190186 0.0734098707752354
0.148929198751859 0.311397250456657 0.0275574343256355 0.126868030287321
0.261248368887086 0.184490487367838 0.142072471306495 0.0840969367885492
0.309813765871603 0.0452204156385273 0.176500077941394 -0.0111050543582431
0.288990162745214 0.0119356907523943 0.151507869709671 -0.0575718069576339
0.289414329078155 0.0508253477944963 0.137844374802997 -0.0366031324423935
0.251220688822881 0.220131074777021 0.112902150386152 -0.0218193759595857
0.0829440879324303 0.327040783987059 0.0856909269605409 0.0081456491383428
-0.12937880176624 0.359887277083911 0.0578023699503504 0.031050445878907
-0.361873246958091 0.110234135639167 -0.0086405288810338 0.0736499182320956
-0.354891204697395 -0.25112595504 0.0186175487006152 0.0807599974909805
-0.243615808794897 -0.403195021529965 0.0871215464204176 0.103004340563906
-0.226479307823798 -0.256935988999731 0.0951727948638637 0.373575938898368
-0.330676380340541 -0.0975397709548188 0.204849507484588 0.121129012086317
-0.255335772221316 0.155384300677775 -0.00924481417495007 -0.0349535399261617
-0.0457663078041785 0.279359768504442 -0.0775367580603938 0.0793849585354752
0.0981793287213598 0.232212389642222 0.0404532104601797 0.184556334948618
0.189100629355639 0.148223943779794 0.213564511826676 0.141447809094912
0.233646551066944 0.0536424250639632 0.276307366890632 0.0172475764886483
0.212807471327576 0.0328202021199653 0.250773031530086 -0.0466561047106002
0.202839261335217 0.0653501744718061 0.22646795734766 -0.0145507382697423
0.155663703007792 0.178794352332913 0.17634929129938 0.0282188200455589
0.0218566436801449 0.226984455770435 0.100223668842114 0.0629296514610689
-0.113244884686248 0.205472164777176 0.0468879703539355 0.0426116948846066
-0.219966116800918 0.040622053592745 0.00992084089418699 0.0650018472328814
-0.212685853112647 -0.173993832327604 0.0747127487603347 0.103354394795818
-0.181382245902743 -0.270526983890606 0.148259077860219 0.212857855655644
-0.148801901457892 -0.118251741562592 0.159993105919779 0.483290677928481
-0.176956175552562 -0.0247703465220868 0.292763530122642 0.155651656590395
-0.113674439379167 0.0891830254098458 0.0328210394916552 -0.0393020012067358
-0.0188088947085659 0.117529647344125 -0.0741180670776375 0.0683309943287585
0.029812115123986 0.112611109825593 0.0435066647585908 0.213412755050539
0.0835037253743208 0.086837054379966 0.251572286585522 0.180016207701762
0.117132168612827 0.0537912421831704 0.335222430576231 0.0432417354778283
0.104014332599405 0.0481987248278588 0.312016207617798 -0.0296085072892122
0.0911468471687079 0.0693236643778275 0.276396339515188 0.00975510279097724
0.0490070561804711 0.114954423593437 0.202313848494483 0.0707412991068318
-0.0317102112164347 0.108290163685927 0.090936066824848 0.0984363737777817
-0.0819663212990021 0.0476389703692463 0.027415584640544 0.0407033340385172
-0.0686419576673637 -0.0177339683979368 0.0211642159726332 0.0448693839756506
-0.0651337446237064 -0.0742598930161426 0.102415043237625 0.101931055942142
-0.102780694783199 -0.104885863399876 0.182710524788648 0.268026417703181
0.0234665397213313 -0.0372884451713866 -0.0491223610924497 -0.368872992533674
-0.0371508374064358 -0.0535317505378129 -0.148806968949858 -0.161746334304289
-0.0716711503447431 0.02272330643122 -0.0425528953959731 -0.0242497353238941
-0.00600538954835804 0.0869744184056991 0.0173809923091271 -0.00825693569254584
0.0550897644645537 0.0388980690934101 0.0236865668859101 -0.120828100844676
0.0554909100974863 -0.00572164197282386 -0.113079375280301 -0.196694838316966
0.0446802157595403 -0.0448448346676712 -0.24021795472011 -0.172986273754094
0.0431113277152492 -0.0445651987423893 -0.289040692291282 -0.13849490618714
0.0454055896952537 -0.0314983052413905 -0.277860982544922 -0.185651144654919
0.0385742719932417 0.00196205620439734 -0.162783187488559 -0.259454011841468
0.0227079560749288 0.0305437496338876 0.022679226653901 -0.228705213570772
-0.0220581928778717 0.0447476815033983 0.0686931981865066 -0.0475487265234808
-0.0465930552890292 -0.0315918192092842 -0.0377237570047228 -0.0204002430030058
0.0307625384109784 -0.0668701442571664 -0.147559244746102 -0.245567662356182
0.0735430474746323 -0.0100760729225468 0.0730831804176642 -0.559664843424302
0.0150364405658725 -0.195919755991211 -0.0613273345435972 -0.346261122679306
-0.105493160979345 -0.174365591910464 -0.153277664341183 -0.150387575860418
-0.17642700031822 -0.00122358789574902 -0.0559315041811088 -0.0212962294063846
-0.0886216331560443 0.164416116710537 0.0121196732686702 0.013880361988135
0.0363161910490498 0.148014671590647 0.0387465813384247 -0.100911120253117
0.101365076524093 0.0970255024738655 -0.0807013617158039 -0.180196072086657
0.14401001979076 0.0245623041780283 -0.198142641582784 -0.168682111996985
0.153939578893782 0.013060845128759 -0.247546441580964 -0.142900028797777
0.157854890356413 0.0392952429058626 -0.242390604450063 -0.179374333043042
0.110214776314283 0.134455932256197 -0.138784309473649 -0.251630657834854
0.00238627047898233 0.17932698630002 0.0287705162895094 -0.215188578359921
-0.138248593049589 0.170133290568789 0.0583756720510333 -0.036288677251745
-0.221444143404995 -0.0530268032221738 -0.0681801071571036 -0.0181432384254996
-0.0788087995865632 -0.237499856286789 -0.157366741210811 -0.23179577113628
0.0263221028073237 -0.233912382883 -0.00122772680351308 -0.516585918497212
-0.0414778212324048 -0.327739431866167 -0.112273425753462 -0.257995035685993
-0.20884277217588 -0.253765735205653 -0.156064534564474 -0.0977639927258946
-0.277180849433821 0.0149772284808193 -0.0668794350104121 -0.0161077073738195
-0.13492645516367 0.254575050998762 0.000820177550662236 0.0244028743262652
0.0455695080610158 0.244723328626254 0.0286263740002534 -0.0730089336794694
0.159384571023177 0.172837229646777 -0.061646917703567 -0.130043798469382
0.233426447773772 0.0632488109450074 -0.143962777075035 -0.121337098954179
0.247309745626169 0.0387832428152833 -0.179743435844752 -0.105231185171435
0.255519825337478 0.0737943100510531 -0.183767342809792 -0.126954598261393
0.192171764684151 0.227599360939362 -0.115167034657451 -0.195353375511651
0.0168587939004592 0.307336228482045 0.016858544076596 -0.175321696901369
-0.206757366425365 0.30327702434836 0.0455380392591513 -0.0250038066235328
-0.37914438679248 -0.0236419895605713 -0.0851026577664769 0.00212430678622969
-0.219950604432685 -0.356237518657048 -0.164412545815091 -0.166259149125906
-0.0212247313422746 -0.413117946321217 0.00385343733268573 -0.399148469857377
-0.0677326834862804 -0.423398608411637 -0.111053622331562 -0.130982648729503
-0.285511229809925 -0.323878081110667 -0.11064882532064 -0.046226798838293
-0.370557527907109 0.0188499341482463 -0.0642086173763751 -0.02494446908397
-0.196617995021447 0.325022491619743 -0.0245980829923635 0.0300141089430033
0.0324375736968898 0.330492333907906 0.020560728981176 -0.0220519170274542
0.185575534737638 0.249613816303615 -0.00918191169810157 -0.0632876370524254
0.286556499021012 0.122698522887508 -0.0427379714234698 -0.0803597359799074
0.298177524063715 0.088941390025354 -0.0662096006791583 -0.0863251189521578
0.301035399144099 0.12875853736279 -0.0732158913735907 -0.0913465047850679
0.211473428838692 0.309305686919796 -0.0358294450556808 -0.134126879792158
-0.00881499483757758 0.391604636420157 0.0384139961861531 -0.108755471355194
-0.280000090958363 0.370447692407526 0.0390605015393135 0.00120534977092677
-0.475731494235846 -0.033897368108638 -0.0832868791053056 0.0185919423306
-0.283263022832602 -0.442925784279335 -0.117457962417684 -0.0936528835221566
-0.0415974994443285 -0.525765843301128 0.0258860359049917 -0.230120980063934
-0.0651017602852248 -0.469517929098157 -0.104980783351158 0.0302303656829448
-0.321856017233279 -0.364939664600867 -0.0361118110726733 0.0281543841419676
-0.426973833331668 0.00985123623145668 -0.0469340344728814 -0.0364579699913261
-0.241250689906016 0.35301416335753 -0.0565952913316088 0.033729907293173
0.00740624637481059 0.374171276247917 0.00338711276383443 0.0479288698645404
0.180512484408329 0.295789934427554 0.0454260302079297 0.0300262359882749
0.295821895011195 0.170182052653088 0.0658949121155318 -0.0137188762834356
0.300808787535479 0.13108619416405 0.0544080327943939 -0.0441846599506911
0.292077450883077 0.167676280143994 0.0409440443322751 -0.0355438777069371
0.187523514069386 0.341985624021827 0.0438041792028841 -0.0519709880297583
-0.0450347621071771 0.40309012332898 0.0568878155009142 -0.0259038074057611
-0.311303545592779 0.354033514518145 0.0326994284149815 0.0323510467869939
-0.477515851059178 -0.0574825686475375 -0.0685461036171885 0.0382136494178199
-0.270827333626469 -0.460835417322322 -0.0597938759042966 -0.00510387730081113
-0.0347625241431127 -0.548220767211442 0.0380592853521932 -0.0391943619732512
-0.0806638261273658 -0.442294766161741 -0.100664288674915 0.216827610060415
-0.322812898291271 -0.33407405659609 0.0534591617146568 0.121936251386847
-0.407316684216632 0.021934637541575 -0.0189766753331878 -0.0375159660207969
-0.225423105910547 0.326640823332674 -0.0838853294879403 0.0400829365803485
-0.00290220273546176 0.349057473343011 -0.0152842368491502 0.123575770166254
0.158959143261989 0.283149548327368 0.096065622300846 0.131291352393191
0.265957116780932 0.177078088737666 0.166273053876922 0.0628842765902181
0.261965487051882 0.139665721653102 0.163154303387602 0.00997948132674258
0.241718870995393 0.171951088347615 0.140210356230349 0.027727924451485
0.136993189095691 0.309978494696617 0.106511763887044 0.0327921008707611
-0.0658236120973932 0.337139879246717 0.0629987990583372 0.0504745531596044
-0.270616071581801 0.26795223715742 0.0248528217322204 0.0541851133902993
-0.377635165630764 -0.0642454950212718 -0.0461126820985939 0.0558844374709336
-0.211284752526499 -0.386871742008665 -0.00827573982976691 0.0772885271790336
-0.0399083498438987 -0.473110278161342 0.0386244909272224 0.135091005246126
-0.0856513218914873 -0.34017598469996 -0.0898140782068189 0.390191701181158
-0.260143114396532 -0.241286670457767 0.136562613438226 0.210551503505542
-0.30368804692898 0.0275158070431625 0.0145028106774509 -0.0299929710500229
-0.162275057752839 0.231462074245079 -0.0973241552225445 0.042128628819978
-0.0135582864560424 0.254260403651213 -0.0333160934935534 0.184774862997973
0.109566304542935 0.217584463972335 0.135148951998743 0.217684211494597
0.193777048913228 0.151708836772377 0.244573399938834 0.133719577527622
0.183363706226879 0.124529779407988 0.247430753954585 0.0636204078158242
0.156703737729346 0.147484472968161 0.211027333927502 0.0850635471124207
0.0677539928683395 0.230490442556435 0.142482882631867 0.103726397445624
-0.0778408145641427 0.218823510221272 0.0543729698395415 0.10298858601383
-0.190085658012845 0.136071953026831 0.013348751814766 0.0573867382484516
-0.217834173009497 -0.0630087420784601 -0.0230678862668702 0.0589782035240813
-0.115566372704836 -0.253276715216171 0.0293844475507283 0.126803015482724
-0.042234368047115 -0.325191219649239 0.0388258424020867 0.262884412182733
-0.0770850899639161 -0.180214813607823 -0.0772489923670565 0.518400744830229
-0.152398542166711 -0.10690620592081 0.197809073988634 0.276674967601179
-0.144856492670034 0.0299965437535399 0.0497742916487274 -0.0168211151815069
-0.0685697538395397 0.0969484689043396 -0.0944124239116948 0.0328480462717743
-0.0208094942162973 0.115173639328053 -0.0490341498802117 0.215189979943212
0.0397179291407943 0.114268962634351 0.151815552033344 0.27254165802327
0.0879302525001282 0.100699098999632 0.286708209331696 0.184899117090403
0.0762222629133572 0.0903012328962813 0.294976377319176 0.10626781816954
0.0538213003236428 0.102665029166003 0.246266516357301 0.127423345981132
-0.00261481654771527 0.12679069114593 0.149209180442875 0.152424555048249
-0.0751677134720296 0.0865889788792573 0.033927904184869 0.129726336705357
-0.0940029945007203 0.00810650219883307 0.000650614561579816 0.0455485794324402
-0.0543017308520338 -0.0474982752527057 -0.00210402213860025 0.0489650238326667
-0.0243065427259312 -0.0964687255733558 0.0516345981249868 0.140662463956323
-0.0440800002462537 -0.139941980251905 0.0408411136886244 0.330123407245669
0.0213595143820386 -0.0380823196049066 -0.0656227185632166 -0.362265227335613
-0.0407833958024367 -0.0505888724382055 -0.154517816394835 -0.150892580260642
-0.0693091904630065 0.0253748513703339 -0.0431902922774921 -0.0213063444711644
-0.000782533407425695 0.0860618872912475 0.017964067050986 -0.00761371525794188
0.0561620839172512 0.0345006740286802 0.0197039389987856 -0.120763476494572
0.0541911573967248 -0.00851788333167242 -0.120975159588845 -0.187690529073276
0.0412853022013248 -0.0466867917942714 -0.246133310076034 -0.156267576967225
0.039116340130948 -0.0463572514855019 -0.292252102760167 -0.120631443529567
0.0421729391707584 -0.0352574940292813 -0.283647813097294 -0.167918940940329
0.0389382510427967 -0.000918530877464021 -0.175770467465571 -0.249282296447278
0.0241848771703613 0.0293426940526222 0.00969247219199314 -0.229482045393992
-0.018583459198196 0.0450354219816383 0.0663719705254882 -0.0530233297292905
-0.0474963272067797 -0.0282716983242471 -0.0363232814956371 -0.0221017124625835
0.0257312854727045 -0.066538890124132 -0.155314976317184 -0.235580717363968
0.0713201526250525 -0.0133714861096957 0.0467945853968619 -0.552565676242358
0.00739600179533394 -0.193050878530999 -0.0758598692926941 -0.340454888336896
-0.113761197221105 -0.166736121266096 -0.159166318405107 -0.13923711003983
-0.173082639433184 0.00629154312089158 -0.0572624425060184 -0.0178795030807898
-0.0769111104843061 0.166096994400256 0.0140223267196446 0.013501284489889
0.0432559961543559 0.143406309984708 0.0341719777619193 -0.101598450921911
0.10510971687176 0.0899242981667472 -0.088691124074211 -0.174253326956644
0.142520955702135 0.01653405242772 -0.204744605873859 -0.15401838073107
0.151407207942663 0.00402011623335654 -0.251788205572617 -0.127819255972001
0.157148625156708 0.0287182908546702 -0.247975762030985 -0.164504629955668
0.116374646642289 0.126762520002322 -0.152783897912691 -0.242096906489772
0.011839754752113 0.178132718614539 0.0166821139081921 -0.216792771414376
-0.126784246663719 0.174329868142139 0.056798279147902 -0.0422299187244912
-0.221421635022816 -0.0415956944246984 -0.0647284638483582 -0.0175018192514181
-0.0899942735647142 -0.231336002561712 -0.163611298930344 -0.221267339223298
0.0148370485287007 -0.232165918091618 -0.0230307408025595 -0.50837193253868
-0.052891240876321 -0.321116485981501 -0.122445288970205 -0.250634327149231
-0.21939351445029 -0.239715181133393 -0.159812890770883 -0.0878026845560819
-0.270872692914646 0.0270266496304086 -0.0674818564933522 -0.0118465176290582
-0.118296954916803 0.25728493918647 0.00361503108093624 0.0241918762904344
0.0578436625726076 0.238911895322974 0.0245573389743358 -0.0741112747128863
0.16699443510644 0.162002821107073 -0.0669653214872738 -0.125450197870542
0.232947186814773 0.0497840355745103 -0.148169419060482 -0.111362947901191
0.244953265999942 0.0240411086115927 -0.183498966866687 -0.0940601823030146
0.254755471902903 0.0581158079691724 -0.187488409856094 -0.115451270776645
0.202124782384693 0.214602129404011 -0.127289942335767 -0.187575491736304
0.0319208706711369 0.304415011701964 0.00590786219363106 -0.177214370986779
-0.187430533682581 0.309575808850556 0.0428756187780597 -0.0305587907576073
-0.37546723425844 -0.00609287356948401 -0.0804497035742004 0.00397194943273508
-0.234944709169718 -0.343495540149812 -0.16779052553514 -0.156188972540969
-0.0378642329453032 -0.407212980577945 -0.0116212054024483 -0.393208057557387
-0.0816227652459658 -0.413098183117356 -0.11569808351385 -0.126178856779847
-0.298668142001249 -0.305448808984287 -0.113620175855774 -0.0390959804797347
-0.362891878185275 0.0338663585429974 -0.0657323850493174 -0.020899093536033
-0.175558377674008 0.329058880654763 -0.0206481159670126 0.0312835889228832
0.0491472745466755 0.324871686605306 0.0187000820553545 -0.0230040525202746
0.197572093316629 0.23627981851493 -0.011466073407781 -0.0622139434481332
0.289275803124257 0.10585005058273 -0.0468813224272621 -0.077114418733971
0.298012894407801 0.0711516502217093 -0.0709512757714675 -0.0819016279609183
0.302588827116979 0.111679959207223 -0.0770996804065865 -0.0863496582095356
0.226365296911623 0.29526716881359 -0.0461160995457302 -0.131245027602989
0.0114212750377981 0.38855097869858 0.0300522124083059 -0.111712544472309
-0.255971773229781 0.378027868442343 0.0368911151446059 -0.00437698354219253
-0.471336817890878 -0.0119256708130621 -0.0781490128001408 0.0208165239483009
-0.302025404466583 -0.427103992992765 -0.117829871639243 -0.0863343974337774
-0.0614775751400396 -0.518000230893821 0.0169261063729851 -0.228707665970048
-0.0824630596894707 -0.457966258715119 -0.103142687420397 0.0332338392731988
-0.337130701334344 -0.346115038938399 -0.0377401014880338 0.0307301814475346
-0.420102969290303 0.0286574550504448 -0.0498862760645847 -0.0321743433555285
-0.218807339065705 0.359098616015108 -0.0523556446582263 0.036927321222339
0.026334295624731 0.370064235996555 0.00474730160392673 0.0474605376644895
0.195375357229902 0.282743035448351 0.0470844434945988 0.0268893532089596
0.301805602696904 0.151806547359093 0.0638530218135496 -0.0183544298167755
0.303556932509881 0.112018867478149 0.0494747386704823 -0.0466125629478894
0.296520582750149 0.151055578497877 0.0387172070558278 -0.0374980755539204
0.202538296295946 0.328452756951344 0.0375297738200049 -0.0533735722148531
-0.0247515342495131 0.402833879292918 0.0523007724746425 -0.0299496694276878
-0.286172271949205 0.365420349945281 0.0308587817166762 0.0260465597272322
-0.474607696344218 -0.0340626684408136 -0.0631031113775667 0.0406908829624998
-0.290632430308285 -0.44646556411689 -0.0568647003776525 -0.00144389217875226
-0.0553426720552295 -0.539980743084902 0.0371080072614095 -0.0419020209490479
-0.096114153186403 -0.431603261237414 -0.090625973357412 0.217602486549945
-0.33408929758941 -0.315597711793535 0.0547295253049179 0.118797630203663
-0.401221222600258 0.0385772492755598 -0.0223335297644223 -0.0344807274041879
-0.205788738072999 0.333518337202945 -0.0788522630783975 0.0451140506077106
0.0159247638430476 0.345946338904762 -0.0102868361860079 0.123682394483485
0.17337241692307 0.271378051896161 0.102736639117526 0.124150072608259
0.272549427830856 0.160019208518519 0.167321532217011 0.0513769166094121
0.265446164953825 0.123191049243551 0.15938795524401 0.000870034405879043
0.246658049185935 0.157039190878073 0.139862954386298 0.0202634205626836
0.151607880108823 0.300130727734584 0.103974603778343 0.0270246053488665
-0.0485201824943726 0.33864966859158 0.0618396889220063 0.0458436266317165
-0.252140284846697 0.277959428785461 0.0238062424905422 0.0485319716455393
-0.376074272777743 -0.0451108927559183 -0.041276550082242 0.0574306181281096
-0.22705371074195 -0.374850608780262 -0.00143237894113356 0.0767605041423514
-0.0586416717307258 -0.465138603182883 0.0460780279708591 0.129594085891607
-0.0969226987119886 -0.330147463064268 -0.072057451714045 0.388283243096957
-0.268822021383569 -0.226649126495711 0.14105451275188 0.201765048312482
-0.297336925163206 0.0399621619684408 0.0109026313637892 -0.0277248215924077
-0.149079992886177 0.235822161057639 -0.0922765959383698 0.0482692142074652
-0.000247541614322085 0.252900451336054 -0.0238138469874551 0.185462748676747
0.120065353920804 0.209861937802851 0.146258736790757 0.208385963791612
0.199609104152338 0.138578667892787 0.248519659648006 0.116896179378776
0.187351415585112 0.113014084683133 0.24592516815823 0.0490763333876841
0.162502585755759 0.137971783500004 0.212482263885122 0.0730998931661346
0.0791484648142033 0.225783427407966 0.144326310992567 0.0951578539714804
-0.0661006793635094 0.221810875111147 0.05639107570657 0.0992599971968076
-0.179703033797944 0.143882179948918 0.0131619979701468 0.0530536965384918
-0.217572787174652 -0.0525949294453952 -0.0194284520695433 0.0603665404822204
-0.126731078177515 -0.248016195294395 0.0378314751344006 0.124287018529819
-0.0543404350295169 -0.318757390924717 0.052485079636276 0.255883730704168
-0.0825715359249977 -0.172729588903856 -0.0532522626914706 0.514645950868434
-0.155121927683231 -0.0986348640158674 0.205326363470816 0.263396189195904
-0.140569267833593 0.0361209677766167 0.0466657225140692 -0.0162490749514853
-0.0641360766827439 0.0986933553153668 -0.0908752638370099 0.0390464496002329
-0.0145160728916186 0.115713401959143 -0.0382226017545328 0.216790651306035
0.0454039381041132 0.111551785649288 0.165574468384932 0.261902267650798
0.091980957888466 0.0940021312415591 0.293337607560761 0.165500154046674
0.0804678056726677 0.085172641054194 0.296308191020144 0.0885870064446323
0.0590092858884369 0.0997993736217884 0.249674431588534 0.113156514991684
0.0038411733866102 0.125877945360665 0.154480709266337 0.14302735565603
-0.0700163072126883 0.0899417845733549 0.0377893352717001 0.126471262128823
-0.0927064330831066 0.0129201963569453 1.58513688763325E-05 0.0427828867153454
-0.0556399482575893 -0.0444801281460904 -2.67557699727537E-05 0.0489362201619037
-0.028758858486219 -0.0961930197161745 0.0598811820004587 0.1360886441956
-0.0488947795117027 -0.136195340217912 0.0566555496075124 0.321701097042737
0.0195201497935821 -0.0388907399351655 -0.0747119808924737 -0.352877388435558
-0.0430120251274696 -0.0477483779513657 -0.155532109176927 -0.141269466208528
-0.0668580261639077 0.027112413962135 -0.0433063847310672 -0.0186995520993032
0.0033788235552272 0.0836775031274753 0.018056189825937 -0.00644996797409379
0.0555896488878333 0.0313587847481155 0.0168123732944791 -0.11891325912337
0.0528763186869128 -0.0107299414102942 -0.123737686777813 -0.179412501893326
0.0380303295948782 -0.0469482523097247 -0.245026351069413 -0.142374215110199
0.0358989810480285 -0.0471232838648445 -0.289630680438621 -0.10770044413319
0.039109542545478 -0.0370158463129202 -0.283283527441939 -0.154511684078398
0.0385062352920564 -0.00293325111510705 -0.183074181874411 -0.238342577986144
0.0252448356320879 0.0279462159170315 0.00044870359508887 -0.227239818681006
-0.0158654400613246 0.0438804846620377 0.064845948506616 -0.0564403936252516
-0.0474553453999842 -0.0254263911794302 -0.0344531961665735 -0.0246402010002938
0.022227676940217 -0.0644438325420685 -0.156747717838095 -0.225985711012841
0.0681973794470043 -0.0150116171699616 0.0310619613452138 -0.539833879265911
0.00260341593392155 -0.188713411518534 -0.0841589712217849 -0.331965746509177
-0.117703085000275 -0.158733913263341 -0.159617056754405 -0.13007165773116
-0.167911519190067 0.011047135166173 -0.0571333431251819 -0.0152987384622215
-0.0675298912967868 0.163941725284911 0.0151310822276313 0.0141699622583972
0.0468908041904186 0.138103179730632 0.0311203646544269 -0.10052637858034
0.106508320788969 0.0841903806780931 -0.0923386303578104 -0.1675679102508
0.139220598680613 0.0105128587701412 -0.204405700807903 -0.142839450141985
0.146698282465116 -0.00199110766760859 -0.250153487191189 -0.11589826759146
0.15379557639116 0.0217229388349896 -0.248359782734978 -0.152043743506775
0.118717735744465 0.119970508971888 -0.160016416665123 -0.232075565682602
0.0172911188039898 0.175428774569285 0.00717928936377162 -0.215319739651806
-0.117117272078217 0.17362652622267 0.0549132495217949 -0.045948351467001
-0.217990243395933 -0.0338698539340796 -0.0611449226533471 -0.0183712013881789
-0.0963306298319867 -0.224591166303526 -0.164928452701796 -0.211374095764741
0.00837958032621712 -0.228116094267026 -0.0350165614254924 -0.494698425072994
-0.0580926648276971 -0.311843240845113 -0.127016676736309 -0.24290762114556
-0.222388740752499 -0.226967331275987 -0.159349764685008 -0.0798409537243986
-0.261973077734504 0.0328681421521434 -0.0675585205886725 -0.00902088688914811
-0.105207158968374 0.253810793490448 0.00558920255357193 0.0240892894339423
0.0649195054927065 0.231574778232739 0.0220442968270419 -0.0732848864497675
0.169716130752556 0.15266150671147 -0.0694308288895127 -0.120607995942167
0.228514384564385 0.0400714996024475 -0.148484798079236 -0.103532387040466
0.238374831318891 0.0147014897158841 -0.183235173379265 -0.0859658375269087
0.25001650553332 0.0480642405106646 -0.187287715029487 -0.107644079315421
0.205163896871869 0.204319291649619 -0.133697002118406 -0.178495353885202
0.0412536731651723 0.298496584856746 -0.00281880411043203 -0.175325804535816
-0.173061001458811 0.30750974139085 0.0400442358013731 -0.0347385212500081
-0.368406000630411 0.00422546665664393 -0.0755866525687101 0.00361604639705457
-0.240656812147975 -0.330991350070589 -0.166105102003707 -0.148658315850627
-0.046939880776649 -0.398008648055559 -0.0199055053757624 -0.384458637790965
-0.0879548257907686 -0.402043904821242 -0.117276054287565 -0.121510726913199
-0.301938044669653 -0.289807090467018 -0.113886830430637 -0.0329191561069483
-0.351642852913245 0.0414324595139517 -0.066447599261396 -0.0175128947737735
-0.158521364464277 0.32587812250571 -0.0176741982101665 0.0318645760200399
0.0593333129276184 0.316239113235684 0.0170885817582645 -0.0232046505216489
0.201926518962842 0.224053464879047 -0.0129813716069566 -0.0606385756544802
0.286373338711927 0.0926043614751528 -0.0485227586290852 -0.0745306428872675
0.292379581637568 0.0585220887014651 -0.073528435796092 -0.0777544780737872
0.298995011994452 0.0982058141662039 -0.0778885921793642 -0.0823883378766526
0.231621079897229 0.282210999103876 -0.052613965777547 -0.126641440236591
0.023996795782136 0.382721125863479 0.0224808593304625 -0.111844296510205
-0.23754501285084 0.377186190981294 0.0337994072691245 -0.00925319421326768
-0.46275813014906 0.00156167094597794 -0.0727147984234443 0.0206829584592808
-0.308275879363356 -0.412166715780603 -0.11554913567836 -0.081648896349121
-0.0720849505394004 -0.504474444057231 0.0124135728662591 -0.225380274848161
-0.0896807854249511 -0.445607322512909 -0.101076399732839 0.0345412450848685
-0.33997141747185 -0.329363634419346 -0.0387252432468012 0.0329936707981399
-0.407581118802409 0.0380231804628331 -0.0509234657438143 -0.0286412749402045
-0.200178278416078 0.357664735045251 -0.0476207865059625 0.038582619739682
0.0384912283439298 0.362538318214943 0.00511477976248442 0.0466073029272285
0.201578678401844 0.270116740477868 0.0475535904686054 0.0247008368218254
0.299879658619337 0.137046786306405 0.0616400755148439 -0.0210687546349263
0.298637301305028 0.0981558790852733 0.0452336851757158 -0.0477767079891532
0.294591311690357 0.137873335599155 0.0367465094390861 -0.0387372049674005
0.210274612893337 0.316406013229529 0.0314704457904119 -0.0533544784983246
-0.0100797374383918 0.39710609291786 0.0465851201121725 -0.0325094999161384
-0.267366835870881 0.364670525543689 0.0278544200372377 0.0212992919725985
-0.46441213587578 -0.0202253874976531 -0.0583773376790208 0.0412288596465364
-0.298648874336986 -0.43279535728339 -0.053362841795857 -0.000197880620866799
-0.0683816778423444 -0.526191827717285 0.0374422475495716 -0.0436748687252547
-0.101848125719087 -0.416869773698543 -0.0836906748810253 0.214059341235748
-0.337767487025519 -0.299847718591781 0.053791690943525 0.116488680428309
-0.389240273580839 0.048327768358734 -0.0244837088059266 -0.0310853469167569
-0.190021006680546 0.332755461484931 -0.0736969595013748 0.0470470524017442
0.0268313715558915 0.340041338471245 -0.00693645886404325 0.122701145766727
0.179191069641474 0.260206749931189 0.10621411501949 0.118165165591513
0.272380533039636 0.145979190190941 0.165058921613336 0.0430422161052988
0.263388852405241 0.110868097105039 0.154204210138768 -0.00542791843654367
0.247331141056351 0.145670719613644 0.136789376718338 0.0147245002310837
0.159530360379146 0.289897786816436 0.100013710579136 0.0235277557357646
-0.0357421648282398 0.334826159442155 0.0595293170036291 0.0418069328325948
-0.236861363784382 0.279578887011637 0.0211063475631368 0.0436233837507279
-0.368476197834826 -0.0344482938675475 -0.0370676004315844 0.0578417424276829
-0.234199626563237 -0.363949800027751 0.00323556830488364 0.0750725864842002
-0.0687595074707942 -0.45305613120397 0.0504508776881591 0.12312905397725
-0.10034963980672 -0.319408694952246 -0.0617812806006103 0.381191871860956
-0.269065557165439 -0.215217987227387 0.14048952557309 0.194231345163926
-0.288295565687178 0.0461677921211588 0.00843772853435708 -0.0250131048896096
-0.139435296098707 0.235596475683725 -0.0876316585266677 0.05130852084978
0.00865627286366287 0.24941389394234 -0.0185069443450874 0.183656161053863
0.125144372346751 0.201747482577221 0.151887677382968 0.198574498732541
0.200857588597041 0.127773699264467 0.246499584776416 0.10361711365682
0.187590584153794 0.103148481802425 0.240070228631554 0.039215106930539
0.164128399432174 0.130654205315302 0.210608403107996 0.0639894046236314
0.0862966490086446 0.219267106711107 0.14254283236662 0.0890253587133648
-0.0561269974905593 0.220543200016317 0.0558858754723452 0.0948646946482874
-0.170965940141165 0.146451801779388 0.0109212900695161 0.0492104793074012
-0.214033662666177 -0.0452452637165707 -0.0165184108862729 0.0601601223847286
-0.131539550809096 -0.241246705275828 0.0433029739266157 0.119983774730012
-0.0598497140924631 -0.309953920128009 0.0591288536189949 0.246271433824863
-0.0830938055443862 -0.165462475231944 -0.0402349216581368 0.504634013162997
-0.152899693147538 -0.0928591471126749 0.204951829533289 0.251796259882649
-0.13563493397887 0.0380755641867209 0.0433776204244535 -0.0144964805284614
-0.060683004552493 0.0980858740296583 -0.0868022892798261 0.0424003675598304
-0.0105239786722597 0.114746602450291 -0.0303449493691709 0.214565821227566
0.0482535757340543 0.10792421494516 0.171969107367119 0.250349613102864
0.0934759874994965 0.0877654237753033 0.292976160788859 0.149470063834596
0.0820040986052803 0.0803009336783671 0.290777996134006 0.0753327433286095
0.062196770761497 0.0967696536366035 0.247353860034956 0.102076854183597
0.0086090505093558 0.124267093102296 0.155026927868892 0.135439783948152
-0.0651574022076242 0.0904704436071282 0.0398001824167001 0.123089681333377
-0.0900741728546304 0.0157755429594398 -0.00180788919225757 0.0400560376844802
-0.055072172987012 -0.042559590261824 0.00117613171756918 0.0485687987307005
-0.0314304006612426 -0.0950041943591916 0.065380673342701 0.131437540810736
-0.0497373056511012 -0.131489812443616 0.0656750254951567 0.31132924735589
0.017779693746461 -0.0389427733392894 -0.0784224731003043 -0.346260489391567
-0.0446939350759059 -0.0453721805054308 -0.154994924861507 -0.135703342524089
-0.0653064998791565 0.0280462137471108 -0.0435574331275533 -0.016471640033486
0.00577895194791617 0.0815137097991886 0.018751099358015 -0.00512361169058967
0.0549398810414141 0.0290462801880022 0.0166759112642021 -0.117563045349135
0.0520416010036537 -0.0117783125813454 -0.124355960590676 -0.174066268397741
0.035871160382384 -0.0468702782964563 -0.242954651834142 -0.134219627434126
0.0328981178733437 -0.0475055059958623 -0.286446005870961 -0.0990631289114836
0.0365015220588447 -0.0381938838914896 -0.282268829067399 -0.146244660683338
0.0379161723620253 -0.00426622174381471 -0.186861335238017 -0.231054486129135
0.0260970846793461 0.0271013132553379 -0.00542407865860164 -0.225916460301877
-0.0144076306072189 0.0438410765932977 0.0635322237434309 -0.0591115614519749
-0.0472356494250806 -0.0231258204275314 -0.0331067773717405 -0.0273226161073586
0.0200113541123013 -0.0622978685658402 -0.155712664452954 -0.220097908903436
0.0653523328800539 -0.0156349969363414 0.0242490541393886 -0.52950376223901
0.000629308531338105 -0.18607508371135 -0.0868963367643948 -0.324802554902474
-0.119186043237297 -0.153343771746407 -0.159619647212137 -0.123129147970344
-0.164363897216768 0.0134505100640056 -0.0577304159493404 -0.0137062118595682
-0.0616778427018983 0.161854455726759 0.015982737012936 0.0152553536274997
0.0487782511256868 0.13472242397448 0.0295873864000382 -0.100084840926915
0.106945412346421 0.0803456842400754 -0.093305640822239 -0.163043684423947
0.136304402987132 0.0069509990389069 -0.203606541742289 -0.135633195730557
0.14272911429751 -0.00568289695163655 -0.248561280747229 -0.108532205703997
0.15027361072319 0.017352731255406 -0.247336591862105 -0.145329052715754
0.120063490193762 0.115619136946476 -0.165095782570768 -0.225173027963188
0.0214873566588402 0.173065315118493 0.000792016690375113 -0.21411254195735
-0.111966981798766 0.173001289205897 0.0529020887928896 -0.0493900630706902
-0.215316303852587 -0.0294590490392057 -0.0582952603215941 -0.0201820951502178
-0.0993964665343822 -0.219585454464719 -0.163068733958383 -0.205605883765463
0.00521651425597493 -0.224275860579779 -0.0386771789214038 -0.485508125901991
-0.0590436709490039 -0.306530401320718 -0.128712801545904 -0.237817426446369
-0.222861167623794 -0.218750523300239 -0.158836568328845 -0.0739353862645422
-0.255715250791408 0.0359582271418135 -0.0681402234787695 -0.00712476142017982
-0.0967486117047059 0.249679313250867 0.00740039145784031 0.0248313296397283
0.0688104426074932 0.226299374024276 0.020192769033741 -0.0727099165186148
0.170242390665074 0.146635559349763 -0.0700456858529143 -0.11777491011696
0.225124902650434 0.0345639651717597 -0.147266232600191 -0.0991860478761422
0.233357627016809 0.00934459781575661 -0.182514784837394 -0.0808439285318112
0.245861449592357 0.0418942032309868 -0.185936261998314 -0.102770431248456
0.207718624983944 0.196559493507007 -0.13889024131276 -0.173186786443341
0.0469590366542232 0.294546659359077 -0.00945968799385877 -0.174443260396879
-0.163592845147078 0.304813931956446 0.0372500755131048 -0.0378968757046543
-0.362561923314749 0.00973807262499047 -0.0717454119266952 0.00184523193633518
-0.243892323790561 -0.324113952172473 -0.163536024071638 -0.14328271351258
-0.0507309292651734 -0.39071481575592 -0.0225653136480372 -0.378314722888613
-0.0885631160993213 -0.393919986058483 -0.11799423459551 -0.119259115787111
-0.30123098107374 -0.279694808577594 -0.114414627176582 -0.0293588609274006
-0.343329613904726 0.0445337680497638 -0.0670107551523352 -0.0152562468431383
-0.147684725649527 0.322647204859354 -0.0146470180263395 0.0319813068267544
0.0646151775641515 0.310464129152728 0.0154348617533528 -0.0223202173676763
0.204102051020087 0.216725468546814 -0.013570067450177 -0.0601740493515071
0.282627153957187 0.0850270098577944 -0.0487928975307177 -0.0730655669522648
0.287521777529916 0.0512141441639579 -0.0744649737752254 -0.0747873977908676
0.295527592900905 0.0906588443061813 -0.0782976714959488 -0.0808021499242391
0.235143866381409 0.274799513434644 -0.0577677071624663 -0.122900490031334
0.0318820695262805 0.3784364075847 0.0166173427993424 -0.112202118605824
-0.225559174370779 0.375273973682709 0.0300534939247435 -0.0122648568048165
-0.45449323595388 0.00770429117501239 -0.0691090918116195 0.0200651066490555
-0.312935890561897 -0.403848808241566 -0.112186063838591 -0.0785741883261679
-0.0762115334405909 -0.49424639325089 0.0101707726318472 -0.224091114497969
-0.0893230336452163 -0.437215234308535 -0.100305593893606 0.0338700046097741
-0.340784565503778 -0.319898984872765 -0.0396978010118673 0.0349566345639341
-0.398311886679589 0.0432969989371539 -0.0515291574233936 -0.0258718734525431
-0.189085683209017 0.355621813336299 -0.0444692660969722 0.0390175252892569
0.0463633692509062 0.357283112221585 0.00539014144013405 0.0460834508936165
0.204496052365966 0.262520013815425 0.0480406426242399 0.0229064882510183
0.297630914460602 0.128308411986596 0.0604828413513639 -0.0234729783199024
0.295505454961566 0.0898081778533097 0.0420624764329557 -0.0481089467441167
0.29247998568056 0.129711262506658 0.0353683763822357 -0.0391887747297057
0.214437204857798 0.308787787107473 0.0265734873095793 -0.0524440864078531
-0.00153286190040679 0.393470146109987 0.0420386411474347 -0.0339502731509529
-0.256237105103717 0.362953664508908 0.0245908628589407 0.0178199380877742
-0.457783762409999 -0.0133404070761152 -0.0544886122728628 0.0407517207352056
-0.301220204359688 -0.423180500511188 -0.0500506279453327 0.000587491761825517
-0.0712317319618036 -0.516734343938418 0.0369164730204266 -0.0457733251743165
-0.100617858074842 -0.410066985737263 -0.0811496670633765 0.210750966790608
-0.3363754151377 -0.290881712706142 0.0513170557976465 0.11523701631224
-0.381579089120692 0.0515149853848934 -0.0259059346053756 -0.0285294703720533
-0.180686297019724 0.330272479495892 -0.0701594520511619 0.0484585555246073
0.0337332708860941 0.335114572678638 -0.0055217094550754 0.121334122034988
0.182386988277285 0.253458419756672 0.10764633690645 0.113408508400656
0.270976967185717 0.137120726060708 0.163136846432843 0.0368529401303641
0.260792870475998 0.103227494324973 0.149931064188701 -0.00815910346848215
0.246496173130258 0.138884592700023 0.135417824857425 0.0108039272396456
0.164130475244422 0.283937530817097 0.0959737914202555 0.0220728775116928
-0.0278124387695465 0.331746514206818 0.0558872640873988 0.0398025496868426
-0.226382640076291 0.27817346680651 0.0172986366299543 0.0400761761947951
-0.362685828075528 -0.0292598032152028 -0.0340832795699321 0.0577685042239436
-0.2380051912879 -0.35729238177554 0.00694419664424935 0.0733805378208687
-0.0706510295176316 -0.444033427924901 0.0520279415850727 0.11803635331705
-0.100445236457551 -0.311975276326932 -0.0571412568197986 0.375058268897562
-0.267665478119425 -0.209408459299744 0.138092879097659 0.190694436556135
-0.282163652164634 0.0480208509797806 0.0066787071921815 -0.0229372792704666
-0.132774036716136 0.234213125946321 -0.0838829916734814 0.052352456857945
0.0136149779625733 0.247116857231106 -0.0154277103995696 0.182675764425152
0.127271994198796 0.19716533686661 0.15443337364617 0.192246673845677
0.200131723028819 0.121001267737476 0.245477498149445 0.0953305524205627
0.18601939795308 0.0974627347224893 0.235823428139945 0.0332116556375272
0.165272537522508 0.125213140469123 0.208226163824506 0.0579094872826551
0.0901524520203396 0.215288816576026 0.13983838907391 0.0855128124978208
-0.0506306591094058 0.218643623092197 0.0545355998593441 0.0927013104787176
-0.163603826467902 0.146613604426621 0.00767494997501415 0.0463628113593776
-0.210472298693577 -0.0414252409594588 -0.014257321823915 0.060194469043645
-0.134021256448388 -0.237429659452613 0.0470143323186494 0.116739218975405
-0.0620766729509344 -0.30353783401852 0.0633247777938985 0.23949022688654
-0.0816538638631965 -0.160664040574621 -0.0349117903222597 0.495909753019357
-0.150690967629416 -0.0904718884263581 0.202245766852835 0.245392021135228
-0.131330224672106 0.0385973723359299 0.0413891990878164 -0.0127778160720333
-0.0589611305444903 0.0977662281367292 -0.0838093220623137 0.0440013966153878
-0.00805294048677944 0.114731591378 -0.0262368009046395 0.213865856947524
0.0499275077411916 0.10585049385403 0.176440972176057 0.243153366973717
0.09437689755979 0.0845707647028813 0.290579327172557 0.139247127573283
0.0828128386950391 0.0770225028962321 0.286827085679865 0.0672748995912169
0.0642302574563653 0.0944494645691143 0.245222940631957 0.0955633702404461
0.011304721867899 0.123365539447543 0.15443750913824 0.129924179877755
-0.061559534658517 0.09064283821495 0.0394794409355067 0.121236641761521
-0.0876439287895174 0.0169819154725572 -0.0046839239016841 0.0382056495850787
-0.0543418088722297 -0.0415866686529649 0.0020613194338769 0.0487767243786491
-0.0331531870787691 -0.0949055173118326 0.0685475021382125 0.127299265430835
-0.0491013371708442 -0.128585959544252 0.0694265127175455 0.303346432736475
0.0166027657596958 -0.0396481254613659 -0.0808167041664365 -0.342512795886148
-0.0455476378777591 -0.0430613074018004 -0.155560782911434 -0.131775707323698
-0.0641304463833423 0.0294291364221899 -0.0437739680797908 -0.0153522030365649
0.00792799622891856 0.0807358229880616 0.0197637574614453 -0.00297324035839409
0.0544607664174579 0.0274703569517727 0.0163301797150926 -0.117590240116312
0.0518061961576321 -0.0126896948743825 -0.125419684311435 -0.170509759584426
0.034663193890984 -0.0465926868690077 -0.241811281037024 -0.127407704516718
0.0309153138026236 -0.0481166333861931 -0.284853895138458 -0.0943458302460573
0.0345081129027921 -0.0394873569028345 -0.283664917329492 -0.141405272943972
0.0380865518756887 -0.00491937792541643 -0.191707159847653 -0.226953715713086
0.026737909934391 0.0265902801756885 -0.0110672047338255 -0.225865432621255
-0.0130436292412211 0.0441394881177684 0.0628231036477499 -0.0623395360181079
-0.0480939192889371 -0.0213167719956085 -0.0324599028624407 -0.0299124327669229
0.0179491344620639 -0.0614282645935962 -0.155998566216438 -0.216427873262687
0.0633357617125924 -0.0165307969735088 0.0190429542232684 -0.523937148936319
-0.000667409764803797 -0.18523052827812 -0.0900356667084629 -0.321546672573366
-0.121223673119001 -0.14925785960944 -0.159433059372011 -0.119053018948522
-0.161752642280386 0.0150404470593157 -0.0580378774967253 -0.0128408946167174
-0.0571249686183778 0.160199144318006 0.0176566967580929 0.0161192459301357
0.0510631349688734 0.132323873127476 0.0286440975284051 -0.0997593008499187
0.107661910416689 0.077461014776341 -0.0950123392072715 -0.160646118820993
0.135309662942785 0.00456516413639088 -0.203072882235867 -0.130748127842029
0.140410751266243 -0.0085251643797932 -0.247738906560099 -0.103693385645835
0.148418262866424 0.0141158445480135 -0.248041279198888 -0.141395778844131
0.12213671712866 0.113001086791892 -0.170777385064569 -0.221244502614622
0.0246159332809679 0.172686985960955 -0.00498977861607167 -0.214691948973379
-0.107725213139308 0.173163053182463 0.0520320299870458 -0.0521587587805078
-0.215263897967057 -0.025975709716335 -0.0562859485309789 -0.0228165266819582
-0.103027516155209 -0.217225988335667 -0.162802153057361 -0.202127287168094
0.00210722024764071 -0.221983292940584 -0.0420857567413468 -0.48090355983637
-0.0595089708670823 -0.303659609322184 -0.131270356131295 -0.23441552156687
-0.224031703510659 -0.213784901605622 -0.15881858817647 -0.0692721234237873
-0.252473588332692 0.0369690163807559 -0.0688403201831935 -0.00537313170099523
-0.0902776999997698 0.247868980903736 0.00982694120085826 0.0250596533787652
0.0726552979452227 0.222925280337273 0.0188936114313779 -0.0727009907807245
0.172514377997705 0.142103273275637 -0.0714006450772881 -0.115877247409135
0.223397334443327 0.0300280799276787 -0.147168465128412 -0.0967289288590849
0.230158517195617 0.00480183295336963 -0.182437240507877 -0.0770606953015347
0.244403107551533 0.036052780397278 -0.186544402207531 -0.0992322406019274
0.210480899740751 0.192774731679719 -0.143348621509096 -0.168745175901666
0.052803392274006 0.293726382047126 -0.0149065502036801 -0.174630496377089
-0.157373707521992 0.304750569056874 0.034510720598317 -0.0407124255757412
-0.360595747994523 0.0146256459027233 -0.0695483109408372 4.48789969632819E-05
-0.247395268505778 -0.320616684710364 -0.162432268500205 -0.140393287160269
-0.0530564834941371 -0.387498011974448 -0.02604941499784 -0.376194096993076
-0.0890022988740121 -0.391035808159386 -0.119539531474882 -0.117161574042231
-0.30410748920844 -0.27496293437337 -0.115076781821485 -0.0246826201371677
-0.339939165710914 0.0472026967626813 -0.0681666491289553 -0.0131167432961253
-0.140030139259518 0.320143839804751 -0.0125431634321724 0.0321592502098284
0.0708699655469121 0.30767153070936 0.0146022293184515 -0.0225492615805638
0.206751438461918 0.211743509855975 -0.0145022032351623 -0.0599491548899141
0.28189958333118 0.0789072123252149 -0.0493961796871872 -0.0730993314522052
0.284484094588032 0.0465199210528637 -0.0767370994074272 -0.0733805509342198
0.29453258124211 0.0840809310699898 -0.0791533122764967 -0.080220604883746
0.240417266741173 0.268794769687977 -0.063922571871458 -0.120160896606847
0.0381425980647115 0.377699327346547 0.0113520874067869 -0.112532151393826
-0.217932362172026 0.374264100235905 0.0266464754921804 -0.015029123900916
-0.451350433761146 0.0127825420295414 -0.0655936455179132 0.0188363539289653
-0.315193433071685 -0.399594580569686 -0.110547939799166 -0.0769331638372536
-0.078407264195878 -0.491354139082647 0.00860183542668681 -0.223563406784376
-0.0895334533231486 -0.434428978190148 -0.101003077557728 0.0343204004092844
-0.342448177497824 -0.313194536774717 -0.0413994923817694 0.0379360102749241
-0.39422466521029 0.0457267195436177 -0.053371323819943 -0.0241690385207576
-0.180983667938681 0.354310813260575 -0.0417969488781281 0.0396116016226507
0.0530792559869584 0.355377864108743 0.00444787665895592 0.0464917540624859
0.208005126129088 0.257048623067797 0.04859807164827 0.0214804629846077
0.296994967257265 0.121759432563485 0.0590454246833345 -0.0264268457003979
0.293509243347248 0.0841633107790915 0.0396340808205134 -0.0478410413932077
0.292699310630395 0.123400126424452 0.034145026040139 -0.0406994705413288
0.220223846746212 0.304187292315006 0.0222544682867394 -0.0512608999511184
0.00632359196482615 0.392366650855793 0.0376305907639331 -0.0348168582251136
-0.2477170070209 0.364285436435431 0.0206366894919906 0.0145566006401141
-0.454991965126587 -0.00884866174265167 -0.0515580444344113 0.0404390879634747
-0.306165853639719 -0.41913763678435 -0.0474980725723208 0.000975305172038256
-0.0740795009218748 -0.512117642701547 0.0362800980416245 -0.0481565927898759
-0.100535393642939 -0.405907250413426 -0.0807370372700029 0.209440993043033
-0.336543398482514 -0.287139063483645 0.0493893764346398 0.117003900000059
-0.376390983544809 0.0525130143868902 -0.0273041406054154 -0.0265289205606549
-0.172973507117767 0.328910100701318 -0.0678960676797962 0.0489899697192268
0.0396502282846179 0.334180591560898 -0.0052673835070407 0.121601482618988
0.186735027941924 0.248893867897388 0.10973322691104 0.110576417896516
0.271880723523403 0.130599775415278 0.162630043365821 0.0317612882655299
0.259504272419201 0.0971572048386285 0.146908424917821 -0.0101794190716766
0.248194792324636 0.133334916856842 0.133871381305537 0.00753215510955175
0.170271949081496 0.280143588794199 0.0926910466672261 0.0214154163730353
-0.0209526797610554 0.331879360470531 0.0526753259006338 0.0384179672138417
-0.219148262073057 0.27920415104063 0.0135574239286012 0.0381146240189825
-0.360706555396674 -0.0253771384785053 -0.0313679150724342 0.0584569237816834
-0.242138139769048 -0.355391380550623 0.00966404780587828 0.0721148176365024
-0.0736952658468565 -0.440091605136643 0.0532370854322458 0.114267337242368
-0.0995764577146541 -0.31002226914462 -0.0561581269444076 0.372566311209058
-0.267955405867855 -0.206203514116953 0.137109608917872 0.189766378475477
-0.278339537677438 0.0487494648871064 0.00509966744596334 -0.0207946485020587
-0.129018622692245 0.233312121135688 -0.0824424923022874 0.0538358477752753
0.0187401162411332 0.246578258159865 -0.0137479753614206 0.183266956670602
0.130877750874643 0.19421239094442 0.157553521986435 0.188194125770013
0.201129000084609 0.115597945605482 0.245235152831435 0.0876619629732235
0.186365720419385 0.0935438149545672 0.232646897767979 0.0281492015163439
0.167112600911215 0.121853707594965 0.207447088688136 0.0535439398327141
0.0943263648866788 0.213682811775064 0.138733441438022 0.0835532193702853
-0.046325462374605 0.219223768733303 0.053245169867211 0.09143750135396
-0.159221965188101 0.147664652458476 0.00407605173537213 0.044825689811228
-0.209153648261002 -0.0397402079633407 -0.0123077383248415 0.0611212018691448
-0.137725244167011 -0.236005849091858 0.0505292940264598 0.114013234141111
-0.0626336695844458 -0.300266624604374 0.0653820693085215 0.234164662055992
-0.0801379163841949 -0.158354659162952 -0.0329457237385869 0.491840330060593
-0.15006961309259 -0.0895944355627077 0.200046491595841 0.243149110181789
-0.128824021089239 0.0383714370968374 0.0401943921238728 -0.0115651948213061
-0.0573755266674312 0.0975772520564531 -0.0825760789547667 0.045414136918711
-0.005441055668477 0.115629162665894 -0.0232711784232484 0.214100735671091
0.051612126430746 0.104834696272803 0.180486777140191 0.238299807006194
0.0946011827866184 0.0815808063697463 0.291915590016043 0.130659088676157
0.083298231751824 0.0747958010430904 0.284247661187527 0.0620638042537901
0.0667216614455059 0.0928193811709601 0.244775949255785 0.0894855240208897
0.0146871505142043 0.12277358683713 0.154951622669235 0.12721181987847
-0.0589572718186199 0.0916334835841676 0.0392187926891667 0.120226879662672
-0.0865050437891925 0.0177673511790229 -0.00698169233435819 0.0367931949113574
-0.0532132083013658 -0.0416298082065089 0.00284946862171567 0.0489576841622135
-0.0343959285696643 -0.0947838373478318 0.0717954187587044 0.124395981212397
-0.0486091981757519 -0.126509080587783 0.073200514730252 0.298439342824121
0.0269233707401729 -0.0325445038538988 -0.0129731021401758 -0.351144232942944
-0.0342434854806121 -0.0488741930541116 -0.124797798674852 -0.158652129324007
-0.0663354413882941 0.0161924552420306 -0.0401963094835149 -0.0247504111316725
-0.00723056451708797 0.0777921179521581 0.0204968110828 0.00322353223179763
0.0473029719349737 0.0382046529633235 0.0395633413245272 -0.11202024863998
0.0536653922217797 -0.00174792724885364 -0.089014271682199 -0.191226321550099
0.0412843246156719 -0.0382691054572472 -0.211112830795868 -0.173939243192717
0.0396564077950727 -0.0409834714048198 -0.256876190601158 -0.147767679714104
0.0410921607095379 -0.0308789039859745 -0.246840444011221 -0.194603502728431
0.0377217031304324 0.00305875013326712 -0.139964850255785 -0.258367536445141
0.020627084277422 0.0323147583330548 0.0343297976907417 -0.223626088831182
-0.0217711953002996 0.0387230747032006 0.0750285941363418 -0.0488286514502975
-0.0426707378364939 -0.030667824367591 -0.026135150293073 -0.0403429137066524
0.0279642883678616 -0.0544383330300335 -0.107362544585085 -0.248089725030354
0.0638487418309479 -0.00139385539494626 0.138633504835088 -0.519851614812987
0.0409804519339481 -0.175674521970716 -0.0249942391917856 -0.335265701162809
-0.0866890992501276 -0.164491890829106 -0.127781137331171 -0.148955598917825
-0.156093898334761 -0.01652476671559 -0.0545583453123809 -0.0282068847670863
-0.0826473823455987 0.140306527242993 0.0127229296601946 0.0194362162273569
0.0240610871492674 0.13848051419624 0.0469075388934311 -0.0944740714630528
0.0903467771579667 0.0967382982431472 -0.0640697641190617 -0.175289439104766
0.129314486158494 0.0306738933747595 -0.172074778726309 -0.168971433721632
0.139014233407766 0.0198878445577254 -0.219485869909812 -0.150051222564174
0.140611795393003 0.0441454635310344 -0.213284982102458 -0.186841155660432
0.0957373900298152 0.1345823848319 -0.121588713858851 -0.246076853971726
-0.0122693099196308 0.173588498611355 0.0370419978183508 -0.206468723806264
-0.140568289453495 0.141902943986008 0.0586444660255989 -0.0369372153926294
-0.205263340378765 -0.0744688637878592 -0.0560570515158453 -0.0373221519214071
-0.0561182828371539 -0.233577427732392 -0.115605517823947 -0.237453617673618
0.0511293725516974 -0.215529010410164 0.0658911527252631 -0.493377493408247
0.00927679620363663 -0.302110956409385 -0.0822830436126191 -0.259441140893906
-0.172843152371193 -0.24564363530113 -0.133185867389602 -0.102709480963314
-0.24717417456169 -0.0134717065418156 -0.0664616065951213 -0.0262538836070707
-0.129430460207836 0.215669086730788 0.00124443412040623 0.0248743985596799
0.027848308953656 0.229609269126234 0.0309284002608358 -0.071455360662784
0.140150891822711 0.172120592000122 -0.0516632823678798 -0.12744308399655
0.210338046607486 0.071634988172106 -0.124723683677227 -0.124069319247102
0.223987961466736 0.0508557482091039 -0.161843992513829 -0.111825046287284
0.229454429272547 0.0850793859259608 -0.162250650055417 -0.13333314213953
0.165913819997882 0.228610241936314 -0.105779047732678 -0.187605582484774
-0.0102320397184612 0.297527497241572 0.0183834156532388 -0.164552818741608
-0.216074539406059 0.256370034588029 0.0370900870525434 -0.0248370828054411
-0.356275401530903 -0.0689082233792735 -0.0777286951377229 -0.016015089090298
-0.174784263483529 -0.366262522084983 -0.128645336627785 -0.179916991962384
0.0342915807990046 -0.389599438499154 0.0590318530645225 -0.385190031487098
-0.000567573324006871 -0.39142687577369 -0.0936107624530351 -0.143287900140396
-0.239002240182405 -0.31917610442622 -0.09649514952164 -0.0523767394645493
-0.331291035354819 -0.0222627333397913 -0.0644605980106651 -0.0358906303245903
-0.189823046387761 0.274660747691289 -0.0231988246630771 0.0262394655173226
0.0091007649278416 0.31008194232202 0.016841918974276 -0.0245724672779313
0.15920642314853 0.245883904573808 -0.00848303611589574 -0.0616058428743632
0.257966055537523 0.128923553621911 -0.0336817128782746 -0.0803978517637262
0.269842555655532 0.101366129509966 -0.0605771884324861 -0.0870340363726505
0.267945502189762 0.142875836821822 -0.0613514297319851 -0.0921993009048417
0.178355338316098 0.310479250409011 -0.0375293214690524 -0.122676484261094
-0.0419451220396544 0.37675106113862 0.0308588096523212 -0.0958586952959367
-0.289147014059569 0.30865150890988 0.0209795672538487 0.00128194849197557
-0.444763540237422 -0.0925454758458842 -0.0810578489321957 0.00495593671267902
-0.222679912549242 -0.458752410441367 -0.0899218697389245 -0.108072015133176
0.031015798428024 -0.494301178550912 0.057355799361067 -0.225602754030488
0.00629606663563598 -0.433799635638309 -0.104858956086074 0.00783603293320479
-0.269817592592887 -0.363321480005274 -0.0354769521557535 0.0215847472484897
-0.38572546055446 -0.0339661532019991 -0.0477595777837916 -0.0444657247400295
-0.235741748990346 0.29804655516421 -0.0540014496935044 0.0266583801228644
-0.0176035665381828 0.350905077871862 -0.0065659351921334 0.0406479352254458
0.152201799858242 0.290625953497432 0.0361885913858994 0.0299911916573585
0.265445633878232 0.172585588498898 0.0638387279118373 -0.0123206921690853
0.270971242844817 0.140672392377812 0.046016318605099 -0.0396017945307026
0.257950484223111 0.18016627512704 0.0408396501846052 -0.0310544936724775
0.153845239851997 0.339519619073524 0.0293612676445848 -0.0375496493199258
-0.0762083194590651 0.384737322441907 0.0394219215161905 -0.0145965325550029
-0.313961435341248 0.292813085765085 0.00703665837727904 0.0283296270241578
-0.442840982850887 -0.115206454748232 -0.0706190500835281 0.0298557200475235
-0.208917634687046 -0.476883126127035 -0.0429234497584308 -0.0175007973751476
0.0415897213825953 -0.514680463940368 0.0457474849106738 -0.0436272470035715
-0.0111129979417928 -0.412390476296467 -0.11975012792356 0.184116499096294
-0.271104956459989 -0.338012352115641 0.0375446949646824 0.116230044278532
-0.369622844736595 -0.0230539356783784 -0.0228700282564601 -0.0408410907766456
-0.22590333128578 0.276462451721479 -0.080805330847436 0.0310986800514644
-0.0255231615954498 0.32802761108876 -0.0304275362322308 0.112598350139674
0.132411855303561 0.277037232360535 0.0788810760762791 0.129472167085285
0.239712415185201 0.177029470404029 0.152929339303352 0.0657574972693866
0.234862500558005 0.147451991564629 0.142467245612158 0.0181928492056652
0.212622476722302 0.180581450773796 0.127715557947215 0.0352347011700655
0.11011331397043 0.306078467144121 0.0829681986473504 0.0464000112748736
-0.0890280516430368 0.318542470133443 0.0398174886290557 0.0586948141914309
-0.26831713144788 0.217941898637275 -0.00429039578377859 0.0476782650485716
-0.345913494176414 -0.107857203402876 -0.0517601846492114 0.0513774656684903
-0.159972807511463 -0.399594408634925 -0.000314689209875029 0.0664011085310119
0.0270418487489748 -0.443602783941351 0.0266827584212554 0.122404821320787
-0.0316289523073971 -0.319579653249406 -0.127577144896262 0.349962389836111
-0.221784480397305 -0.249101064159717 0.104814392590222 0.204980100571822
-0.275456275920868 -0.00812237721241792 0.00732618222080006 -0.0264730372665057
-0.1648613036481 0.193621404872777 -0.0945825070218052 0.0340283793146071
-0.0297428824480568 0.239354937890017 -0.0496156148068277 0.172575253581068
0.0878339648835112 0.212844829779495 0.112697651221446 0.214285689433823
0.173868109041311 0.148675779880142 0.223045023897756 0.136371381489496
0.163619666095832 0.128142697055861 0.218459972923656 0.0743484997094037
0.136855156473551 0.152747426423607 0.18959836352431 0.0946689321630493
0.050087593523844 0.226097165011637 0.114892963326424 0.113388140734129
-0.0898609631190737 0.20330174328785 0.0289542992420048 0.106690053374287
-0.182727600330267 0.105386716275307 -0.0136811725397105 0.0480290793031938
-0.193581846808026 -0.087051473297101 -0.0298027466791631 0.0575254693189688
-0.0829822401409766 -0.260947441035925 0.0311580788722634 0.118742643102331
0.0062703126512249 -0.30555661617168 0.013164855100567 0.247000365847169
-0.0474105020915759 -0.171571419357697 -0.129786659332481 0.473475583200055
-0.130715203511933 -0.114832100236326 0.151639182591872 0.271245054088562
-0.131198401691624 0.0111419525655951 0.0390510660995533 -0.00501835482757259
-0.0730543573477506 0.079346908746738 -0.090994716169369 0.027635006935701
-0.0282832789103814 0.107843461154101 -0.0638597436213632 0.203950300905341
0.0282392362373143 0.110315382842527 0.12861658844252 0.268745735829589
0.0773516747559882 0.0959215560543957 0.260170825543627 0.187700437598553
0.066782051149188 0.0899796806628797 0.261926964356667 0.116646472316941
0.0456691677840098 0.103736679596051 0.218973896966589 0.136984668739178
-0.00953387897091601 0.121755155332422 0.122546880989851 0.156472345018669
-0.0758524058369383 0.0767354755758752 0.01063939838055 0.128350737601591
-0.0863512352639134 -0.00237927142572866 -0.0201208938932073 0.0340613597083653
-0.0418723191724786 -0.0532745031480184 -0.00861505019531956 0.0489891510119187
-0.0125075997493461 -0.100393170057801 0.0494737412876918 0.13574052941699
-0.0181588394609048 -0.133857888908744 0.00696314788806692 0.313392843379711
0.0253295183363098 -0.0327964895836757 -0.0158420654072275 -0.347942032742903
-0.0357013120608414 -0.04678327061411 -0.125270884439647 -0.154462482007601
-0.0648626300128902 0.0178924217052364 -0.0401772738171174 -0.0231164264335863
-0.00473654184464344 0.0774055316290079 0.021949593425648 0.00384502001260914
0.0472078048167257 0.0367538242741097 0.0383104476911268 -0.111770564639952
0.0533578570947362 -0.00314999467845251 -0.0903649636261464 -0.187464879096888
0.0399516675390165 -0.0380335137462382 -0.210520777255693 -0.166717687849105
0.0377662412545515 -0.0408618891964373 -0.255485559245135 -0.141562969646486
0.0398192792356058 -0.0315935426786397 -0.247736250809741 -0.188257832508285
0.0377421933783578 0.0020484024226752 -0.144396817695564 -0.25302883754275
0.0219339724338549 0.0320846497784665 0.0281124294049616 -0.22361709188121
-0.0204521259514254 0.0391867665008244 0.0739442559626246 -0.0512236972809632
-0.042895868565735 -0.0287801317206619 -0.0254414638526518 -0.0428577481220275
0.0266047695911173 -0.0534149921566917 -0.108128602129978 -0.242857463690712
0.0622600442778364 -0.00121379933195626 0.131558327003359 -0.514619190859185
0.0390135177471341 -0.174179303981378 -0.0275693200198217 -0.3306572251345
-0.0886872329831032 -0.159825771306891 -0.128253959459236 -0.143909076857409
-0.153722831692872 -0.0139121726480046 -0.0553312572225295 -0.0264286734697387
-0.0776624221609551 0.139171526593681 0.0142997795150091 0.0203727467362046
0.0263976598698733 0.136360847857981 0.0452675927082757 -0.0946044357531523
0.0914729000935295 0.0937654458042517 -0.0652595850815419 -0.172633295867805
0.127896154782548 0.027981400904364 -0.172151522642265 -0.163774249932987
0.136995346832704 0.0171913125165911 -0.219139969153885 -0.144777366999952
0.138871076483883 0.0408162207066433 -0.213961871621641 -0.181655366613595
0.0982120195589053 0.131499597616074 -0.12732347251766 -0.240963476134168
-0.0087232724099518 0.173330859462612 0.0305740279872761 -0.206834530231771
-0.135554102149329 0.141991270512709 0.0567929174779873 -0.0400003458993297
-0.204213489897454 -0.0707052856241684 -0.0538301186550661 -0.0387260681256704
-0.0597817040480894 -0.230568586179763 -0.115686476539114 -0.232851607587953
0.0475876672829215 -0.212138099393208 0.0596079168021292 -0.486479677781504
0.00827703500752846 -0.298706380102431 -0.0838867971549729 -0.255018984036475
-0.175401540589721 -0.239544576551308 -0.133606011145152 -0.0973875749676628
-0.242644451745569 -0.0111083668225032 -0.0675281207784938 -0.0239149676626849
-0.12295561559303 0.213283289881166 0.00304491936856445 0.0255556682309271
0.0311846863321303 0.225870075339206 0.0292074507991972 -0.0706617783875237
0.142304354417211 0.167037629806682 -0.0523331186212304 -0.125371810286518
0.208526540976284 0.0669258300199771 -0.125256738211891 -0.121057482223927
0.22209288234133 0.0470723053132134 -0.162601196987854 -0.107657503654379
0.226410349941801 0.0804983577644898 -0.16236950783599 -0.129976852131384
0.169312239918848 0.223679395930987 -0.110622800860168 -0.182149938348355
-0.00426609146653441 0.295460885488667 0.0127263808122301 -0.16495683070056
-0.209045171123935 0.256185407749558 0.034521356379553 -0.027334852593171
-0.352990447981002 -0.0646093847862497 -0.0751858202759927 -0.0162367564717224
-0.178277825369237 -0.361285397724819 -0.127157004256806 -0.175739188181495
0.0306971369871852 -0.383335143843162 0.0541829182649956 -0.381303765245917
-0.00172811963463306 -0.388549084451047 -0.0949063233946624 -0.139960933032303
-0.24083773719158 -0.312393813648785 -0.0970369252228969 -0.0484859277029363
-0.32637086121962 -0.0187303660976769 -0.0666794686930998 -0.0335763233254242
-0.182829596646243 0.271928150208597 -0.0212064766988287 0.0269270809191192
0.0160517610720784 0.305191922607749 0.01455801267336 -0.0243119725397588
0.162881176081617 0.240874448898539 -0.00935505048964766 -0.0608955464605125
0.256203751681261 0.122838210414325 -0.0353394629274816 -0.0806122037408111
0.2680703149081 0.095303672698621 -0.062389026861588 -0.0849092616523632
0.26604603005877 0.136140077077421 -0.0625503105729262 -0.0913538706847776
0.184664004500135 0.303914654602018 -0.0436822191690519 -0.118666829817038
-0.0339205577931636 0.374632809408414 0.0260533472756709 -0.0968763800180423
-0.280402328163075 0.309598256723429 0.0184946625877393 -0.00110481329493397
-0.441302120917058 -0.0867698360654402 -0.0771463484033513 0.00450418785298512
-0.227976385201246 -0.452305130943549 -0.0887651543045638 -0.105277576534575
0.0295425450464448 -0.488743366599899 0.0543282225468619 -0.225037546608562
0.00543839200855729 -0.430747487064566 -0.105815626683644 0.00981211896363057
-0.271230713693653 -0.357383634789788 -0.0363051911554327 0.0247447849936525
-0.379789928374867 -0.0312327281214079 -0.0501282260892028 -0.042279718996215
-0.228272265360132 0.29758385486566 -0.0517523014427016 0.0273692103502417
-0.00965275015739828 0.347816593124496 -0.00727320778524047 0.0406403368625282
0.156164333984058 0.285765685274835 0.0367957587737477 0.0292783542499437
0.265517345790601 0.165818454892401 0.0619231650794148 -0.0156196745433509
0.269365438881314 0.135222165766418 0.0441834772023698 -0.0396660994759141
0.257703393621952 0.173625738855956 0.0393094115623627 -0.0325436543785355
0.159865109117895 0.333868090528047 0.025002110053323 -0.0364095645736478
-0.0678633732279446 0.382757759845668 0.0358509630356324 -0.0158275087133434
-0.304796916824503 0.293892868431378 0.00349917273492757 0.0263206173410186
-0.437395817243456 -0.109189567256808 -0.0681672123775864 0.0292462537017148
-0.214597254201256 -0.469703583869264 -0.0410412738659881 -0.0170642540358032
0.0400413413399427 -0.506356879062899 0.0449623497981359 -0.0463817513911892
-0.0107558913894465 -0.40748885438341 -0.118734975687907 0.183383299838848
-0.273847337303026 -0.333039729486128 0.0366453835003572 0.117033600673885
-0.364188767741896 -0.0199894918973633 -0.0253084031436174 -0.0391766923722776
-0.217918086186405 0.274429609597508 -0.0788507571299376 0.0328058790045161
-0.0179318734095625 0.325438148100154 -0.0298063483399346 0.113570732764949
0.136292762814619 0.273483538534678 0.0810681608829774 0.127241669396574
0.239683873920019 0.169993566011653 0.152417445494497 0.0591666070598024
0.234324120737843 0.141304772091283 0.139875231006867 0.0159833387793616
0.213271358241666 0.173917936763282 0.125942868530701 0.0325221367251577
0.115829268451271 0.301936557195578 0.079890029585799 0.0460757101528248
-0.0814367239081996 0.317759280619505 0.0371261169214175 0.0571717509654185
-0.260770787219313 0.218503361674557 -0.00773804879209482 0.0456162194464212
-0.342524270258863 -0.102745056731167 -0.0489463975540691 0.0513261074672736
-0.16545525471319 -0.394590412305309 0.00198996600502787 0.0649278923492797
0.0238842892491389 -0.437464276490937 0.0280807796317943 0.118350786786862
-0.0316372933908878 -0.31480069405104 -0.125813064459617 0.346983633325817
-0.222124047104283 -0.245081482570822 0.104411064762025 0.204331695848561
-0.271915946439808 -0.00676831245402965 0.00500069845961669 -0.0244157794481092
-0.160649631446706 0.193376817127374 -0.0934316716920156 0.0357951694256345
-0.0252241792261295 0.238163522593511 -0.0480704480301458 0.173744790219531
0.0911479402584167 0.209978014359653 0.116571487980655 0.210552547580508
0.17446761912005 0.143493345466477 0.222666807607751 0.128301137822419
0.164003609033275 0.124208068821536 0.216355298482961 0.0692891316267263
0.138365000043475 0.148449859945465 0.188897367144408 0.0898426954527718
0.0552490364071337 0.222961579436862 0.113239954176775 0.111801560319388
-0.0848564140382347 0.203367191822292 0.0278542870576221 0.10538812719099
-0.177946420838576 0.106251482200995 -0.0164746431503603 0.0466510102729884
-0.191164416919135 -0.0846863558422378 -0.0277859338253122 0.0583341289127627
-0.0866059561117656 -0.257963621940388 0.0341556792555607 0.115606019604534
0.00508686132488447 -0.30075605405854 0.0157318548386274 0.241173829815672
-0.0458545031009585 -0.168469542917047 -0.125191404268681 0.46934382682522
-0.130401529390937 -0.11370191373855 0.150731799172227 0.268360207550293
-0.128478255054224 0.0105608788621883 0.0365713018720178 -0.00340704947837225
-0.0720157486246234 0.0788656371530504 -0.0907497446998274 0.0295127957538573
-0.0258424759001817 0.1081323711561 -0.0612646955985006 0.204724855131807
0.0299565368783912 0.110015606832162 0.132725872825198 0.263769391215572
0.0784968005183896 0.0930007551048459 0.260085297708277 0.178812645480488
0.0679391092185405 0.0879348188331121 0.260115225904759 0.110847925415047
0.0472171893483771 0.101631610910131 0.219037898577511 0.131001913516788
-0.00672661163320932 0.120939703052118 0.122874284459485 0.153142208205505
-0.0735903683852769 0.0770211728013137 0.0118256108163011 0.127177759375102
-0.0844790060225574 -0.00141185420574479 -0.0223456781936501 0.0330337341653703
-0.0410848146187984 -0.0529333590107358 -0.00755961707143723 0.0490775842082281
-0.0144625132021459 -0.100307041411595 0.0521785757322458 0.132008663694543
-0.0186104104827049 -0.131397941247817 0.0115449902780612 0.307399301024559
0.0233713054847549 -0.0324251328211867 -0.0144363064127836 -0.343555779523851
-0.0353567221305598 -0.0446176629339922 -0.124769031917989 -0.152030385134372
-0.0634945403869383 0.0184848591673354 -0.0402522148172487 -0.0224107574261271
-0.00316966710121232 0.0764951648064727 0.0234149110066583 0.00492123666172585
0.0467021761643003 0.0355713121005383 0.0390952941659128 -0.11145873462294
0.0526917064616672 -0.00407868930751148 -0.0890998962301985 -0.185800839633106
0.0388659378165332 -0.0382582993721109 -0.208035537925765 -0.162967068771624
0.0361504797822712 -0.0410916195813332 -0.253586537965593 -0.139039716014748
0.0385361476233861 -0.0317399084285134 -0.246716231948554 -0.185667995341535
0.0372802726794131 0.00112067834088729 -0.146924895621699 -0.249179699220792
0.0226134887545683 0.031959127901774 0.0257305683738204 -0.223588680777589
-0.0189209699233215 0.0396351204653298 0.0732805146190425 -0.0527405765145283
-0.0429323954606901 -0.0268090449379497 -0.0243841790909313 -0.0454580054586516
0.0254823050001107 -0.0515142512545643 -0.105494867258659 -0.239781253482211
0.0606962632267451 -0.00045383554671149 0.1318045692471 -0.507360961345262
0.0386129314001596 -0.172354175294231 -0.0261401204482011 -0.326119244647782
-0.0881253410050412 -0.157126507599481 -0.127788777053378 -0.140760797485441
-0.150616723184518 -0.0135408504072339 -0.0562463918501907 -0.0255176920076684
-0.0740911299297463 0.137294799359403 0.0158168333796079 0.0208895020701332
0.0274083545433098 0.132973978284251 0.0451163221040991 -0.0940617458020139
0.0923001490044721 0.0916168120398846 -0.0650534713946765 -0.170895526238185
0.126223740717945 0.0265662877112963 -0.171286552559152 -0.161263509819495
0.134788919602933 0.01611736479386 -0.218103369729049 -0.142174469999744
0.137746506866003 0.0392706875687684 -0.21368188240219 -0.179262232886137
0.0984596139560874 0.128826962357952 -0.129708700282761 -0.236361735019602
-0.00647090859520858 0.17276306992649 0.0272814432386243 -0.206482869744296
-0.132487131832915 0.14103849232072 0.0556906410661567 -0.0409678331131989
-0.202216632608279 -0.0689991107522675 -0.052103308255371 -0.0410062152022652
-0.059783799891655 -0.227352971671758 -0.113010898930253 -0.229388641239228
0.0481659211011862 -0.208771785237848 0.0604313252754803 -0.47967370898751
0.00968491174312528 -0.295959504242005 -0.0822115731289929 -0.252003653939204
-0.173827360336121 -0.23573835802828 -0.132103852784534 -0.0937772733552526
-0.239116129179589 -0.0114476450575055 -0.068716406914256 -0.0230848966168416
-0.119488253817868 0.209160891415568 0.00476754807023479 0.0259109097831975
0.0332444648149531 0.222559460366745 0.0277338457992368 -0.0697295337108503
0.142598898644999 0.164217162615638 -0.052617952341179 -0.123769084746702
0.206241361000472 0.0649849289950132 -0.125121794516669 -0.120231380684878
0.2188266559818 0.0447844452298147 -0.161441589517853 -0.105686393135895
0.223805678213071 0.0779665127799323 -0.162032741980996 -0.128464653422262
0.1700236156519 0.220588216849941 -0.113384234529708 -0.177662542327891
-0.00187419444224249 0.293887495563589 0.00909592501102074 -0.1642283025183
-0.204874839854696 0.25358886381745 0.0320294336901393 -0.0277933505296379
-0.349664713671908 -0.0635489247801652 -0.0724949114041753 -0.0190285802891633
-0.176981741710283 -0.357847743461472 -0.124153778710429 -0.172796532783369
0.0321791390443409 -0.377187559324251 0.053358434274092 -0.375459919022172
0.00262493809281426 -0.385013537452097 -0.0933297546084099 -0.137741161689425
-0.23932906141208 -0.307644259880061 -0.0959915640600379 -0.0444771113716919
-0.321656255993717 -0.0206423840420411 -0.0675990770187762 -0.0323333482812348
-0.177984536910205 0.267760090081145 -0.0191711289007034 0.0270479803975325
0.019066656919467 0.302144876214483 0.0133124461793023 -0.0232851278333106
0.163473966842644 0.23780064443845 -0.00917398883939494 -0.0603429219821204
0.254648864589743 0.120127407800596 -0.0358002905994832 -0.0814113909349675
0.264621566721044 0.0926380529103976 -0.0631654496654421 -0.0835365746443685
0.264122676379478 0.132760449487496 -0.0639052908787825 -0.0915139817877233
0.184887466718366 0.299557881813655 -0.0467571687673798 -0.114705319704968
-0.0311820988351054 0.372886164504134 0.0218195075328098 -0.0963785930971259
-0.273972408958894 0.305253820247103 0.014845858936504 -0.00234147472249975
-0.436504789762839 -0.0862622374590747 -0.0747300029315471 0.00282105877592046
-0.226461345307961 -0.449309491963981 -0.0860937061927597 -0.104059697103599
0.0325401689684602 -0.481148333050136 0.0536406970487409 -0.223530315021371
0.00865527212306129 -0.425189299392263 -0.104978677800896 0.0108587290487979
-0.270251684166866 -0.354484776010946 -0.0364141651088896 0.0278892922562914
-0.374926922209921 -0.0315767390790682 -0.0522558355109809 -0.0400877073953145
-0.223350509456879 0.292196698186915 -0.0504382164405456 0.0283836581491794
-0.00634457381718175 0.344289544964212 -0.00906289703057034 0.0417291759129907
0.157506862847351 0.282553824755922 0.0365891937682689 0.0283041002653235
0.263995619750814 0.161771204454206 0.0603150741739952 -0.0182459442773381
0.26670035952832 0.13243274349084 0.0416486376465394 -0.0393743404026462
0.255741420987278 0.169993472511228 0.0375334681975756 -0.033510029230166
0.161629948102119 0.330761407905883 0.0213451790916558 -0.0337289452776386
-0.0648374238097749 0.381994214296962 0.0323257953259736 -0.0158982642794083
-0.298202344769845 0.289844372637354 -0.000267372633599377 0.0257029794452603
-0.434229314272637 -0.108568021877761 -0.0648446302697711 0.0285077315069278
-0.213766339923164 -0.467258764651574 -0.0394012818706397 -0.0171950874062704
0.0424492633305543 -0.499937869884972 0.0436072062044928 -0.0470206662331503
-0.00763023501646125 -0.40326684730466 -0.11902384161001 0.183016498259403
-0.272304271893363 -0.330342088488433 0.0354881263399195 0.11919097346873
-0.358898528828922 -0.0216565785529382 -0.0277366724809124 -0.0364516211486624
-0.213277979709498 0.270470822734068 -0.0775320893399772 0.0334737700256352
-0.0163051865898942 0.323014788756564 -0.031469747882216 0.114738726006542
0.137636557222596 0.270776578619474 0.0815975736174735 0.125438349532337
0.238354738095923 0.16636976107319 0.149281528197792 0.0549547446004548
0.232633162385965 0.138706358302797 0.138074523868459 0.0152568121419357
0.211947866412042 0.170357560704789 0.123717832212366 0.0308627614944948
0.117798706318129 0.29783392054617 0.0771532765553849 0.0466864466972535
-0.0786107715031956 0.316227925895496 0.0337519598401241 0.0556126044331661
-0.255149918498872 0.216295384932182 -0.0113644736814756 0.0447032009407871
-0.339076480435246 -0.102874162308726 -0.0463721706406803 0.051460878713175
-0.164518722218077 -0.391676751676872 0.00355433913910468 0.0635011197317755
0.0271274099497873 -0.430813411569493 0.0271238723437938 0.114479627854312
-0.0269325893747235 -0.311839398291158 -0.126315491732986 0.345305252469637
-0.220829044616748 -0.244076572793227 0.101965127967614 0.203925809907796
-0.268040189248112 -0.00870869612038187 0.00251586936054703 -0.0221517734936595
-0.159272819572484 0.190693635627556 -0.0919914032363382 0.0360870228731559
-0.0226020772931628 0.236283731432596 -0.0485635971218477 0.174494305406205
0.0925707337987048 0.208197012465111 0.117118556140922 0.208744604454287
0.173535771783586 0.140349935190914 0.219910481401401 0.122734797321634
0.163192199517176 0.122179359658451 0.213143397386563 0.0666814017256772
0.137898799910643 0.145502522084577 0.186011810614185 0.0875640802467323
0.057294395814824 0.220956944485227 0.111618812776501 0.110633442176024
-0.0816074333980131 0.202290233486551 0.0268107880297328 0.104381727888789
-0.173855906892761 0.105281586520201 -0.0196218828914051 0.045470583532654
-0.188438397952616 -0.0849600190313513 -0.0257682989034749 0.0583375487745953
-0.087205518115769 -0.256018373948856 0.0353998263740174 0.112979983380517
0.00694253987859197 -0.29578607242324 0.0164970476688367 0.235405263971037
-0.0423404062036065 -0.166319359040364 -0.125594360033331 0.464953278691953
-0.12908907179879 -0.113739845840719 0.146952322284946 0.266529696386884
-0.126666545606227 0.00881218231801711 0.0347051755000456 -0.00111759622925962
-0.0719314920128377 0.0770428257608426 -0.0901401962123318 0.0308135670782477
-0.024741440621765 0.107613049800848 -0.0604253614191899 0.204752854606913
0.030462576903333 0.109091007766743 0.133596980727388 0.260743860210357
0.077724935999218 0.0908983263799412 0.257340341881337 0.173072068834509
0.0679700640292371 0.0869495673647974 0.256669988815548 0.107979025880387
0.0477576507035639 0.100369679211886 0.216045540706705 0.128311703642712
-0.00442394586781015 0.120732287370807 0.122310937495658 0.150848823041227
-0.0721721967280822 0.0764366882533269 0.0109034646663256 0.125684282084802
-0.0836082292804943 -0.00130812533109251 -0.0247963985036951 0.0318059478661703
-0.039879199633587 -0.0536285670807576 -0.00603392148268108 0.0496669335646084
-0.0147956607439836 -0.100079022449112 0.0534948780291926 0.129246724819063
-0.0166466103541173 -0.129362960011787 0.0120046620014638 0.301216306735435
0.0227996794574559 -0.0323843311929716 -0.0096438793495415 -0.344499269409743
-0.0356912751820809 -0.0439929903850156 -0.123210232257287 -0.151473009784598
-0.063188730371495 0.0182485112631746 -0.0403952009900696 -0.0223196274627265
-0.00225431941392574 0.0759990106149674 0.0252434639212883 0.00624706849273611
0.0468403436521942 0.0351559413739589 0.0406256538581943 -0.111980251872292
0.0528144729401415 -0.00463200288389051 -0.0880747824552105 -0.1869261922169
0.039107927060871 -0.0380766315327873 -0.20597284550354 -0.163099509384338
0.0359438558340646 -0.0411704684238376 -0.252533099714039 -0.139554002188691
0.0383108193777643 -0.0315972738681467 -0.246640171747857 -0.186589585908746
0.0376305891146798 0.000659447396972357 -0.146849986305966 -0.249530185532507
0.0231313383841832 0.0321068732817627 0.0256853196426258 -0.224680365651712
-0.0190405258204047 0.0391782492028741 0.0738200819604241 -0.05363066464496
-0.0425315975851774 -0.0255946639145959 -0.0237622732500202 -0.0488927022488546
0.025719464428209 -0.0499414702881412 -0.101437937734254 -0.239723274792975
0.0602261231556317 0.000775999635848377 0.137398345239077 -0.503628068202532
0.0408482539601421 -0.172424785040713 -0.022311155050355 -0.326717194182012
-0.087611819996686 -0.156910502711707 -0.126257284014717 -0.14004607650106
-0.149185852874854 -0.0153114421216936 -0.0567086842481735 -0.0253273548566721
-0.0732577612283054 0.135463925192107 0.0174612717429554 0.0219628495009774
0.02712554951654 0.133125997257869 0.0451947256028291 -0.0939091049242757
0.0921038283708409 0.0913169002244514 -0.0635034659927456 -0.171581477100599
0.126454495396366 0.026276537489198 -0.17024566725034 -0.162142310873631
0.133966209374938 0.0164724196219202 -0.216928520732 -0.143239525375396
0.137012519535941 0.0397554016822085 -0.213687756414978 -0.1813939721452
0.0983459358420514 0.129166749957628 -0.130640787335161 -0.236036254322019
-0.00669421130899744 0.173699655997967 0.0261631045388259 -0.208041779891243
-0.132676589132646 0.139974100140988 0.0554023663227108 -0.0420346829644101
-0.201881719066576 -0.0712520121714656 -0.0506440171657441 -0.0443012845492222
-0.0582647241394244 -0.227875866815746 -0.108807905611705 -0.230650929992052
0.0521302402345421 -0.20737085347812 0.0665328772383563 -0.477482393397432
0.0141167700391821 -0.296659578734538 -0.0783130843890997 -0.251026014740733
-0.172632994209685 -0.236042154191492 -0.131016643065222 -0.0931918799487585
-0.236762429153691 -0.0149436840780551 -0.070009222945855 -0.0224337876769092
-0.119185781729636 0.206977565399786 0.00595640169174733 0.0263657496388399
0.0325276357535228 0.221784203975243 0.0279101281859513 -0.0694977306687218
0.14269256761985 0.164656811826788 -0.050963919914496 -0.124856713574213
0.205834733932865 0.0650184023558401 -0.12437861548613 -0.121281788956962
0.218014336841574 0.0460987525674458 -0.16067622688474 -0.106472968181597
0.22285713527456 0.079164747217997 -0.161733755261604 -0.130528982317468
0.169227595618838 0.220604379350511 -0.114901442864787 -0.175667776693541
-0.00239081294624405 0.295009769821206 0.00695636747044598 -0.16492590775351
-0.205051622453692 0.249809043809436 0.030536331535243 -0.0284451409099442
-0.349498301230858 -0.0683502516154502 -0.0711860669234607 -0.0220793695205196
-0.174994785601175 -0.358874393919951 -0.120308648270588 -0.173477182011772
0.041226452362113 -0.376428967378762 0.0571368568628953 -0.376418891244907
0.00828513508122958 -0.384915231184972 -0.0918901586563401 -0.137176353599276
-0.237341297758595 -0.310727005296114 -0.095636858332071 -0.0428581083078309
-0.320634085024131 -0.024709983155741 -0.0691563978714995 -0.0313864672261456
-0.17839802254656 0.264507713944979 -0.0176757591602233 0.0277393256378764
0.0175341308569908 0.301193640169601 0.0126265394072737 -0.0219845087425559
0.164069476982846 0.238987956134967 -0.00801229950604133 -0.0603159470591603
0.25378571947604 0.120437209992412 -0.0363155555164704 -0.0832203527665714
0.264241577158132 0.0943040042395513 -0.0632764710503437 -0.0841653571813206
0.262537028550507 0.134243382781043 -0.0644922146230911 -0.0924592211063697
0.184863010305633 0.300190849705164 -0.0488004536173385 -0.112485942028799
-0.0319242531885241 0.3740612574034 0.0188607481696614 -0.0973117299143419
-0.276116386720446 0.301906567716227 0.0122285016928977 -0.00275971019426371
-0.435540154489328 -0.0919903929821945 -0.0726441394660648 0.000475803359816447
-0.223634140462883 -0.452094666448813 -0.0833025191117285 -0.104562737263815
0.042541871179411 -0.479429730848084 0.0556945548771819 -0.223310095888257
0.017265891759427 -0.427598952901135 -0.105850821605646 0.0114000021899805
-0.267371897632937 -0.356483753400276 -0.0369531237490737 0.0306822541074281
-0.373177446226428 -0.0376936081658753 -0.0538988122101702 -0.0393917801058587
-0.224007419139582 0.289148666208071 -0.0488292048168169 0.0283666146404819
-0.00794692756375305 0.344890353816987 -0.00999050840620493 0.0440681054287444
0.15827133423846 0.283874335875404 0.0371140914659629 0.0291161537114978
0.26312611389493 0.162602852480444 0.0593013909214011 -0.0205551278162434
0.266192477217641 0.13340042288818 0.0413829302935027 -0.0390622225185233
0.254142675875796 0.170556530456925 0.0364342508520707 -0.0337813402006232
0.161167618131979 0.330523263555031 0.0191686087005092 -0.0308780977815245
-0.0659824956708788 0.381802115500343 0.0289747877935942 -0.0167948001671413
-0.298483127140646 0.287333888736502 -0.00404509980418858 0.0248619691860437
-0.432303890177313 -0.114483042373035 -0.0631507488317799 0.0271648639125436
-0.210731381780333 -0.470441794831318 -0.0378182091426924 -0.0173231620728604
0.0521489465796287 -0.497398982305365 0.0433249866512687 -0.0485633432388076
0.0010447677424304 -0.404413765097609 -0.121923643267914 0.183647577121723
-0.269170988522468 -0.334511256564939 0.0333377211943109 0.122054168226234
-0.359664065292466 -0.0292358726487307 -0.0296238101096881 -0.0349612750541073
-0.216735510502048 0.267924109410376 -0.0770482471410864 0.0333165009860822
-0.0172585635040019 0.323133038834962 -0.033017715695583 0.117177088110214
0.138102316583912 0.272476036650223 0.081061067862089 0.126522391944405
0.237797820063191 0.166997759713329 0.14816377345623 0.0525933677195613
0.231953670333728 0.139952258702851 0.137017194738886 0.0159591510578305
0.211422699757922 0.170996084627462 0.123139705636842 0.0305311980937051
0.118884391920856 0.298442014071773 0.0745374941299266 0.0494447281037629
-0.0788994446324808 0.316891801194527 0.0307652585869094 0.0557003589399054
-0.255315324213399 0.212771950549563 -0.0159340185109447 0.0437459774068444
-0.337326985356897 -0.106840333819343 -0.0453272966883946 0.0510854345729547
-0.162806766784694 -0.394168263803725 0.00424825268845059 0.0626374380211515
0.0356063451505057 -0.428302819425696 0.0249366262580994 0.112514762370063
-0.0199896691941893 -0.312817392705914 -0.131262393588222 0.344658370380304
-0.218448658197151 -0.246703788732688 0.0991769815185632 0.207467785830807
-0.267131034772115 -0.0134224261089203 0.000640423782028914 -0.0196900286079892
-0.161339446944068 0.188192048326043 -0.0922389488523681 0.0368633673063704
-0.0235683470051472 0.2370325369249 -0.0507181701426535 0.177160107267038
0.092883234919397 0.209977754087201 0.117355797460402 0.209783335696657
0.172426580278231 0.140558533306512 0.218331415385694 0.120555954197165
0.162643577951281 0.122780347848457 0.21199728757768 0.0681325868315144
0.137279440384142 0.146016433914343 0.185185753479139 0.0877569170896539
0.0575181232029982 0.221161072069368 0.10945907007087 0.11244877113566
-0.0822064902351388 0.20206526754526 0.0242358874061735 0.104253151439844
-0.173660672259371 0.102687210004889 -0.0234687519564324 0.0452229535942302
-0.186907618545883 -0.0875328702069121 -0.025023825445801 0.0588474919488901
-0.0857725995280869 -0.257220792127735 0.0355036580492675 0.111421268732897
0.0129432054513932 -0.294142040900459 0.012940778703742 0.232780731395829
-0.0376917411648787 -0.166377999216805 -0.133217277851785 0.462996489462546
-0.12783099716655 -0.115769507590532 0.143523452639034 0.269189931559679
-0.125934174512726 0.00623739131567656 0.0329191082042959 0.0013163604339958
-0.07368939054894 0.0764089556080036 -0.0907529647856627 0.0312701158976632
-0.0251609086253201 0.108664650604655 -0.0623872203412233 0.207029074172393
0.030334475435653 0.110656773275934 0.133428911872466 0.262591368664503
0.0775701645862047 0.0909361404732309 0.256999401236813 0.172572826291081
0.0675889031400105 0.0874037043786093 0.255747433727791 0.108722803259811
0.0478034533483448 0.100665204052227 0.215565604612755 0.128802343775351
-0.00464241352687498 0.120711688896169 0.120446772679564 0.151841042636247
-0.0721147568992815 0.0761531373375375 0.00914876780013864 0.125930031944737
-0.0831744508992266 -0.00231374679688222 -0.0277136113670938 0.0312142675914231
-0.0386447318120264 -0.0550200185640529 -0.00579160930637767 0.050883907665271
-0.0148580813371637 -0.101439602742684 0.0534163587869591 0.127333119822683
-0.0143369668657004 -0.128612706169395 0.00949385432748612 0.298223898659362
0.0225434514283736 -0.032484551759167 -0.00404821201900822 -0.351568628147674
-0.0361932477626347 -0.0446782718779148 -0.124046725023804 -0.155547768709277
-0.0644796522042995 0.0180769101792255 -0.0411044906956451 -0.0230242206162705
-0.00169176991693616 0.0770534187888102 0.0270542326233669 0.00744381989095055
0.0471850248528179 0.0359335070037236 0.0428017122332936 -0.114757743275193
0.05406753593622 -0.00552043958365262 -0.0879918356573967 -0.19232790970932
0.0403522016222543 -0.03913403626901 -0.208424560364228 -0.167168901087512
0.0364551820074949 -0.0420734581702075 -0.255676096623758 -0.144520826437206
0.0390007526590913 -0.0321862059117972 -0.251337946466256 -0.192372326048634
0.0383589006830306 0.000817149395298405 -0.150575339525323 -0.255095947123823
0.0243047518087728 0.0337916007756108 0.0258249583953805 -0.23063802103285
-0.018786610232614 0.0398343075223173 0.0757872971713197 -0.0556979763610699
-0.0431656354817596 -0.0258076045921444 -0.023478911449304 -0.0534348558403903
0.026886896023236 -0.0495474943414845 -0.0982503610221212 -0.244960158413648
0.0614465078551251 0.00192926959214214 0.147709181756416 -0.507988441358193
0.0439095866382217 -0.175779030841829 -0.0166261055160835 -0.333471302712198
-0.087988969814997 -0.159467002968794 -0.126586943885274 -0.142416140659358
-0.150902005940377 -0.0170455328682987 -0.0583543442281607 -0.0260575583137585
-0.07433395683099 0.136675206407185 0.0190018822373057 0.0232091111448807
0.0273866058465645 0.135246094567604 0.0465135262734858 -0.095104298437849
0.0942786966662085 0.0930987182602273 -0.0634490777188832 -0.176353833030554
0.128890129173981 0.0276654963112713 -0.172151274426965 -0.16605476855856
0.136052821749401 0.0170622025354135 -0.220591298620047 -0.146949339224541
0.139344082259499 0.0406084727292797 -0.218101369469622 -0.186978704639573
0.100146561289278 0.132282532327569 -0.133992888733508 -0.240401141201249
-0.00718220585913496 0.17805099786682 0.0256864328955499 -0.21340522277192
-0.135669404936426 0.140618287082967 0.0563378430485219 -0.043350899343575
-0.205448962311185 -0.0742463846645954 -0.0502622736278529 -0.0483193929362813
-0.0573752384070637 -0.232523029522965 -0.106693697743393 -0.234784409493326
0.0584210023760503 -0.210377516140437 0.074482383283977 -0.484187196852504
0.0204441259489242 -0.303688729153339 -0.0756507945606575 -0.256967384550571
-0.173675906257532 -0.242005085984007 -0.131205497214641 -0.0941940103223294
-0.240119063346743 -0.0186873588085067 -0.0721532994957038 -0.0225173081688748
-0.121687451861557 0.208046410960975 0.00740074287222619 0.027237140036183
0.0325313079084811 0.225426791580489 0.0288474565752599 -0.0696669368298912
0.145852182963129 0.169027158882457 -0.0509791662253657 -0.128152906141348
0.209387291586574 0.0667123247613822 -0.126400295309698 -0.125510656587995
0.221735727421716 0.0482625683999826 -0.163753812909479 -0.109892015794308
0.227464127881197 0.0819841730648858 -0.166060247665856 -0.135414597066856
0.172066014650605 0.22635545726616 -0.116943556869661 -0.178051769040848
-0.00371134794591878 0.30283376920726 0.00482847082224957 -0.169451104296346
-0.210591669308237 0.252145911630927 0.0302187575603361 -0.0295996662609944
-0.355716926478309 -0.0739742756733719 -0.0709556777917097 -0.0258661027196752
-0.174648117953296 -0.370706632363056 -0.118980636078572 -0.17780888767707
0.0511410968093024 -0.382119682594281 0.0638003163347618 -0.382310191674959
0.0173503277213055 -0.395145871795057 -0.0903776774509707 -0.140068951845341
-0.239841308012721 -0.31802794276458 -0.0961311142649616 -0.0421424920155875
-0.324992129314096 -0.0309259298227908 -0.0723248234104977 -0.0311215621931688
-0.183349361887786 0.266186855473042 -0.0166243090132301 0.0283885067323117
0.0169492716866148 0.307884782402728 0.0128830859449645 -0.0205382622076613
0.16771159945379 0.244478756865631 -0.0072847461878765 -0.0620457162941533
0.25819706341851 0.123810337159231 -0.037519850776474 -0.0870611208781991
0.26837138958678 0.0977425896284998 -0.0643233994428966 -0.0861319929469333
0.266823170552028 0.137841711203291 -0.0664172300006295 -0.0952562895525661
0.186796398237577 0.307330230881812 -0.0504399231241945 -0.111782964729168
-0.0334865555946928 0.383175910636891 0.0163786058927865 -0.100098005436517
-0.283045487311314 0.304563226645962 0.00986753108200328 -0.00248201775672598
-0.444013480165373 -0.100676008250674 -0.0726732216929118 -0.00255412966450804
-0.223010825495468 -0.464580402631043 -0.0822381663064476 -0.107567261334794
0.055080485695893 -0.486753449970314 0.0582028750873027 -0.228093014558848
0.0270137767631325 -0.437872833139464 -0.107434645448141 0.011515512249037
-0.269575829562414 -0.366492161490985 -0.0374889716351804 0.0336372264098234
-0.379164882269627 -0.0453271988085368 -0.0567779529821043 -0.0381728122666324
-0.232768903547831 0.29244179682567 -0.0487872816257509 0.0290482533199669
-0.00881068645060463 0.351113139459129 -0.0114826960397161 0.0468240132978526
0.161950144005372 0.29137041040216 0.0392147831367191 0.0299116708979783
0.267252501261469 0.167275687230909 0.0590207347744532 -0.0233573361997102
0.271030272617301 0.137671046884933 0.0420478572711916 -0.0396996099147099
0.258346040834599 0.175658942160933 0.0360529811204909 -0.0350538478290564
0.164966905822016 0.339663348003416 0.0176061381285413 -0.0280400954997774
-0.0683435699416632 0.390059526291599 0.0254500332794287 -0.0172165470248703
-0.306777957160493 0.288527840792244 -0.00764742519968355 0.0257925174112017
-0.439392882165188 -0.122356417908036 -0.0629644698035168 0.0258498699540909
-0.210259557684337 -0.484248352476848 -0.0374564782434053 -0.01815803926328
0.064627846770422 -0.504989912891238 0.0435307613986026 -0.0502017910072271
0.0098900464739002 -0.413859645285048 -0.127845819233886 0.18751287804101
-0.271154202511935 -0.34446741499564 0.0329511537545676 0.128165379839355
-0.366838282926097 -0.0360944951853235 -0.0324689522946969 -0.0334092301225356
-0.224137004730516 0.270846971491143 -0.077281950500701 0.0342230968891966
-0.0189082306775426 0.329788189311429 -0.0349537859554221 0.12213798382456
0.140771977913177 0.280274576672862 0.0838430250903047 0.130759444919887
0.241427218927821 0.171019196641638 0.149301645928943 0.0520986098918101
0.235681166435161 0.143746581674951 0.139078261215279 0.0165823367136943
0.214463929941172 0.175463361821035 0.124289209441037 0.0311384790392859
0.119965475785014 0.305398231664865 0.0744720419979492 0.0538507100695333
-0.0812124693198649 0.323388250677782 0.0277425984895492 0.0569169687249431
-0.260845815724307 0.213427552202637 -0.0197414645324188 0.0452444739326436
-0.342434266758503 -0.113911976714159 -0.0446623964013518 0.051172925182181
-0.162228337130798 -0.405670927274233 0.00456977340286509 0.0631296987240331
0.0465235514134146 -0.433777287134199 0.0231722945984344 0.112733611209198
-0.0125235560993246 -0.319956156422749 -0.141175207628107 0.351155908064324
-0.220526895143548 -0.254781163199681 0.0982041231476417 0.214966544156532
-0.272700594737063 -0.0197451564360875 -0.00088409105915093 -0.0172671524863435
-0.167176094141606 0.190348214704945 -0.0936714290417887 0.0374486711548128
-0.02431271418325 0.242418014768728 -0.0533763679768462 0.183033769977479
0.0944094500165636 0.216864815847406 0.119277089015039 0.216052071577798
0.175629794376501 0.144608872451962 0.220196686062554 0.122436102417458
0.165488185444054 0.126512376121933 0.215222748331029 0.0700219039609148
0.138869943246372 0.149730887576405 0.187573928821049 0.0903976607322881
0.0585811409842208 0.226600122236594 0.109836623377638 0.117184300725391
-0.0843324917753146 0.205979502421882 0.0214270997333127 0.106628539012485
-0.176798594934013 0.102063627103678 -0.0277125876381414 0.0460931667159054
-0.189353150512261 -0.092413343242949 -0.0240256314774655 0.0600717963176129
-0.0856175491457755 -0.263814148451262 0.0352399219666627 0.112712155098321
0.0196493637269121 -0.297786305849815 0.0103220616085242 0.23430882888155
-0.0332748214514524 -0.170819117454716 -0.144463218274918 0.471541323556013
-0.129285292941998 -0.120112839602178 0.142048695233975 0.277716208412384
-0.128507569684959 0.00281615232496652 0.032293182862083 0.00444958544991385
-0.0772116409128173 0.077064223553161 -0.0927380563285668 0.0320155390831388
-0.0258032029695177 0.111564338640212 -0.0649539316056961 0.213885205615875
0.0308625514889901 0.114475389701215 0.136228654378962 0.269452264404705
0.0787200357516893 0.0932038904550644 0.259514500869473 0.175574463976613
0.0685639590375395 0.0897472683181225 0.259408952945123 0.11219699749243
0.0484039438314989 0.103290026269469 0.218412996938452 0.132652305895521
-0.00387769408502391 0.12378360687348 0.121548067933387 0.15605574955641
-0.0741745711698516 0.07695986992078 0.00746140183234012 0.128563358955271
-0.0845077416447106 -0.00344815348175776 -0.0317266305984018 0.0313089580509967
-0.0390047837582134 -0.0575867358781793 -0.00488257849870749 0.0527101269538613
-0.0151346755292491 -0.103274973161097 0.0545164418556102 0.128542460311144
-0.0112178744748032 -0.130260348502559 0.00583510260902944 0.301109070565393
-0.00138276130334188 -0.0413128627950402 -0.222242232931873 -0.289704983878091
-0.056065291057429 -0.0136743030178068 -0.200241639721317 -0.0499558743823993
-0.0422607236412077 0.0532510779873809 -0.0492706133457946 0.00904448677400714
0.0440400543644158 0.0625225637964564 0.0318456079130129 -0.0085465458467695
0.0589796005945838 0.0014334062525051 -0.0345080290050388 -0.121307705118882
0.0404877700890082 -0.0369853794850276 -0.191859684565085 -0.104523644980472
0.00880135204845183 -0.0552336591685362 -0.277724960533713 -0.00903603225115981
0.00211242618326476 -0.0574735260884671 -0.299985352764848 0.0402214168651212
0.00943236447050641 -0.0519172724775676 -0.329195054205489 0.00110555670505037
0.0308689271936929 -0.0235982854364487 -0.284743875678095 -0.117205857265405
0.0415709496948914 0.0113254630796382 -0.125553595107099 -0.206309872947769
0.00929374984570855 0.0446080365151261 0.027693320205907 -0.0960504260320603
-0.0539715190747587 0.00598976136517877 -0.0547752303108573 -0.0314594743047837
-0.0123033262338628 -0.060235948839266 -0.236649181282974 -0.139191343564598
0.055038966314496 -0.0450229788213569 -0.204563563676516 -0.519813136957785
-0.0650951914677042 -0.176224052713827 -0.231003041496449 -0.265607734342292
-0.164825877835822 -0.0775454744552081 -0.19856946945548 -0.0398981702322759
-0.135675262145689 0.0740711950281247 -0.0691683930564302 0.0205272065633414
0.0189646371990021 0.152885622012681 0.0351981046258352 0.0138714090698461
0.102189379868363 0.094297741358073 -0.0169414874782863 -0.106292894139261
0.13381429580699 0.0194525148875616 -0.159142932529675 -0.104279337274343
0.121715975902866 -0.0556985366541693 -0.246175273935028 -0.0318468831678337
0.122269326859192 -0.0711344331134066 -0.272965282054789 0.0162984786594636
0.139619487273818 -0.0541716067296576 -0.299587651974787 -0.0149178127758691
0.166695055869773 0.0467040710854872 -0.263113087401125 -0.114664864023072
0.107725401598656 0.153235466301895 -0.113738400085654 -0.19250744441564
-0.0270469227591824 0.203088377318449 0.019992784398383 -0.0736035379777237
-0.22675161811646 0.0686723943170006 -0.0708037737230965 -0.0109250848874509
-0.20257721398801 -0.161738369570839 -0.231410994065685 -0.128452555651878
-0.085199647983323 -0.226380975405452 -0.240982475060525 -0.447389562242462
-0.158085176394491 -0.271656101936149 -0.240249851408842 -0.164786037653782
-0.281800044477629 -0.0963697037689961 -0.176972534329517 0.00284321556225682
-0.211323317043081 0.124806169303781 -0.0804040877095922 0.0357844556725802
0.0216977710860897 0.23787027933605 0.0295938319401656 0.0275430643706747
0.160241807502345 0.165510741860291 -0.0145423827818027 -0.0722894663817986
0.221824106150104 0.0494225413866023 -0.115611691899317 -0.0711539816959832
0.212074498409509 -0.0727713129471261 -0.182100706006027 -0.027215049281602
0.212721017503483 -0.098943336117691 -0.204157801640109 0.0122578159278657
0.239697844405394 -0.0751864775478278 -0.225129435644013 -0.00377580234152609
0.286638815383793 0.0807197820189363 -0.210455982551664 -0.0718488278805347
0.188603705069129 0.256575464414092 -0.10263987062754 -0.143822778368596
-0.0230612493179781 0.344493802367126 0.00758667114570001 -0.0457085777840409
-0.358346537298388 0.167247396715077 -0.0720318800505794 0.0202607976160981
-0.389622368569632 -0.201851958734513 -0.201528802264877 -0.0788283014655216
-0.20182310323629 -0.370433372809909 -0.177789454220837 -0.349321416467905
-0.212430282198035 -0.348905070247794 -0.187159298277286 -0.0566418849376748
-0.380424840712859 -0.121110960796719 -0.119282873445056 0.0245769626422336
-0.28958551928358 0.164190110479882 -0.0880461063959395 0.0329418775082951
0.00377800673868429 0.322521539695193 0.0110432129999415 0.047280635780404
0.197232368286256 0.24149383487762 0.00382698612232335 -0.0211277387950837
0.28690350557364 0.0982920545502888 -0.0365432036357881 -0.042194088738486
0.285747894561504 -0.0568860456648491 -0.0837569553472375 -0.0515085494796411
0.283177410421398 -0.0859487790912513 -0.107789381085361 -0.029892439219202
0.309853507179673 -0.0531441663190143 -0.119097149689511 -0.0332617436966212
0.351557225524083 0.138026108948569 -0.113262796179786 -0.0584694762183509
0.214653908735368 0.345567615687716 -0.0485932606548431 -0.0942914441535194
-0.0521194696812064 0.434060849908022 0.00807342910717539 -0.0100997965244915
-0.451629427770971 0.199255886147713 -0.0562317667107642 0.0409245696640682
-0.493886370707734 -0.252646762174645 -0.122960849223646 -0.0450251033051863
-0.264898245599673 -0.460364482781643 -0.0797632992553146 -0.214420165280764
-0.226234270131227 -0.39107827445512 -0.110533013704556 0.0791134833794431
-0.433079032996548 -0.144028457614035 -0.0269235632776715 0.0507301025658038
-0.343486073535855 0.184557334307513 -0.0813101173807519 0.0198715099270604
-0.0208483647687274 0.372613881023451 -0.0153717924443704 0.0705895138126584
0.201927354630043 0.292838560633014 0.026993626732717 0.0510161057165174
0.310986698944868 0.14037951325278 0.0595959415813817 0.00573807545411037
0.319881617650316 -0.0285400669543521 0.0374460043283784 -0.0595192872082943
0.310890387641856 -0.0554923352507838 0.00825259604750513 -0.0582501807062959
0.327199818676724 -0.0168021886656011 0.00371351670145458 -0.0481494462480167
0.353469215197547 0.179190697150207 -0.00332007137202309 -0.0318262228568639
0.191267687454812 0.373583149692672 0.0110676237771933 -0.0308354217941056
-0.0808138554986243 0.433779129440045 0.0110179028112074 0.0255967809054943
-0.461088278558773 0.177272067651715 -0.0288461025995166 0.0589331627555272
-0.494163708064278 -0.275467243618102 -0.027794753736392 0.000267443064063757
-0.266747124555566 -0.479313014198707 0.0219705881553904 -0.0551739955702166
-0.226302871345356 -0.360103613386257 -0.0169997011760514 0.238172762501741
-0.420913348499614 -0.125083368261842 0.090345089999626 0.0857469999369142
-0.327456723501586 0.183530300297193 -0.0566734521305267 0.00831173378953473
-0.0271796954739608 0.351902298626014 -0.0366695345669942 0.0920076878080726
0.182491035523924 0.28232727785989 0.0539619785891794 0.127481005318243
0.287928976783327 0.143682344319429 0.158968608840056 0.0602994676767981
0.301399127878183 -0.00981009204959865 0.159645643556254 -0.0534196220481746
0.285642050979405 -0.02840649557007 0.122921907340367 -0.0715218368493328
0.290745243238726 0.0113284696680687 0.118114096666591 -0.0499029004527546
0.295160368855292 0.178912846646327 0.0949920414681751 -5.00138319121235E-05
0.138275648451688 0.32442091339573 0.0597228956957227 0.029411479646685
-0.0879827687755936 0.342961095654153 0.0121067560074057 0.049891687160011
-0.370797229744099 0.122038192570718 0.0011389554630902 0.0692853334854848
-0.399771557506447 -0.238909187278545 0.0568363574619574 0.0415101223919176
-0.238424196582626 -0.402770125828183 0.107619650764346 0.0919713363927203
-0.191751226411471 -0.266215130278568 0.0792623856288695 0.382205202313448
-0.326975854054733 -0.0820034457890234 0.201104627851233 0.118547736461599
-0.239211875998814 0.142324652979573 -0.0179700909617656 0.000266721368092691
-0.0281159766265542 0.25338162720244 -0.0511489124301727 0.10093675227138
0.125261833231996 0.213980110348043 0.0758501174780535 0.188190110964835
0.211565700535777 0.119461426898272 0.240504244175324 0.10707461728449
0.230926387733757 0.0092074241129029 0.261935626972808 -0.0392795056468141
0.216541089187898 0.000662901569895486 0.21928682290872 -0.07602730307622
0.21212551145737 0.0377365189658279 0.208848763447449 -0.0426237183309322
0.19394276643991 0.15076031875161 0.16516025197982 0.0293096573758361
0.0610029405021407 0.227547139347242 0.0853803676313396 0.0741470939172024
-0.0869210844439123 0.196625407551909 0.00569293113375257 0.056420687683466
-0.223445115413558 0.0419457166296409 0.0225753183716123 0.0642842921717819
-0.242670784148561 -0.167320428697896 0.109962009380899 0.0644068041742179
-0.17266518855474 -0.265881975363914 0.169852555793973 0.1973341345376
-0.123082290449301 -0.124940254245574 0.160139511720638 0.484336531300388
-0.173721528975662 -0.0250071556471485 0.280726759560179 0.143532013245021
-0.105657166359383 0.0761344682654344 0.0278551012425369 -0.00799038313329035
-0.0201119982488619 0.109222695979126 -0.0560558765664851 0.0900818667641954
0.0468880004665914 0.106876198402623 0.0812900868792764 0.218768959964352
0.0969516153029338 0.0743439786828181 0.283905166682496 0.139321279839268
0.120834169089974 0.026528252967492 0.327454751925689 -0.0190218613506845
0.114115810321837 0.0310565268948434 0.281840878090762 -0.069483892248996
0.10775402669616 0.0556038520165859 0.2618188711699 -0.0281735452358056
0.0764252089624359 0.104886209040093 0.198510803192042 0.0537920455073745
-0.0127984660504325 0.112293997415889 0.0876555731708325 0.101510722033029
-0.0740990370626772 0.049754727625908 -0.00731995795114337 0.0479402027924186
-0.0698129015245892 -0.0248832939032287 0.0317265268128519 0.0467304797824846
-0.0780638075942025 -0.0766003290422852 0.130765441322023 0.0681654950125812
-0.0920851938151291 -0.100389098257116 0.203469831668127 0.250427580509176
-0.00345105962424613 -0.0424454844167839 -0.240737487171869 -0.296173974296752
-0.0585469617926013 -0.0113604235264439 -0.21039355625581 -0.045192481582726
-0.0416124957435609 0.0567791403854219 -0.0513919131409389 0.0116418098376952
0.0484659294017627 0.0627619850016935 0.0348570790227467 -0.0102789582844459
0.0608249237991609 -0.000681850603512961 -0.0396643774900496 -0.126447322683882
0.0392567061660764 -0.0406714786777224 -0.204506605879478 -0.102338523086103
0.00663600255755497 -0.0584481811723547 -0.289332130636855 0.000484526302353061
-0.000599802108769551 -0.0600305620393688 -0.310889511066848 0.0529854815230227
0.00670900453819704 -0.0545372913214551 -0.344261061750232 0.0143079352119927
0.0311142785686191 -0.0260006527136969 -0.303551857642899 -0.110300547869583
0.0447291483669964 0.00941766429308903 -0.141022787448257 -0.209911782532712
0.0120645606725444 0.0454476093465424 0.0247256646179237 -0.102581613280503
-0.0555967078474648 0.00864286877047514 -0.0606268396286501 -0.033326574599417
-0.0142849390587813 -0.0621519876149589 -0.249177536199127 -0.138882001699738
0.0560916536729114 -0.0489338829305288 -0.226191125590064 -0.534754947393646
-0.0732165157185739 -0.182778391052761 -0.248528228283976 -0.270933184437375
-0.174373076812416 -0.0742025053050703 -0.207290992248538 -0.034568834246717
-0.138706084271214 0.0808536747857299 -0.0721203328359491 0.0245568791926696
0.0255487818554143 0.156951011436723 0.0394556059317003 0.0128111270478955
0.109765559045185 0.0940906464166942 -0.0213291989960245 -0.109601676593866
0.13960778722183 0.0138120382460684 -0.170522679324813 -0.103379742905243
0.123980481243998 -0.0632569938405087 -0.258291823643272 -0.0245885883868348
0.123992682694001 -0.0788082320128978 -0.284315428482452 0.0266950023824032
0.142607750855119 -0.0620384330707274 -0.314583035486778 -0.00283012566728258
0.175888099381019 0.041984375350055 -0.279350748477878 -0.107871403310867
0.119356690784703 0.155535684632275 -0.128961298881627 -0.196209324427446
-0.0213564309430543 0.212015555379906 0.0177712316799007 -0.0781416755058269
-0.235159059705892 0.0798556932520551 -0.0762553935004957 -0.0116017466748005
-0.217251420010132 -0.162927820849783 -0.243117802106749 -0.128008622959419
-0.094164425758979 -0.235784787114181 -0.263861946378227 -0.458700382738949
-0.173074504433968 -0.281606828933666 -0.25493105020915 -0.164964067022772
-0.297106393887703 -0.089634693461313 -0.18180497884169 0.00856286765630413
-0.216447390046196 0.136002774501629 -0.0836441091018595 0.0426572097584502
0.0306881924338182 0.246576105693341 0.033845729994254 0.0265735442395143
0.173235999911726 0.165644262090765 -0.0174832911910344 -0.0743056631772511
0.233829826079594 0.0421039473095938 -0.12406491521048 -0.0707996150171549
0.217694370686147 -0.0847115312956073 -0.192660947323582 -0.0224787338105737
0.217387025452954 -0.110878487254384 -0.213386257499884 0.0202928649586357
0.246035468297538 -0.0873111629448451 -0.236221155362011 0.00528787556715075
0.304048602379898 0.0725016951163283 -0.221503307737126 -0.0650622273029394
0.208937426414985 0.261074462078214 -0.115035312460913 -0.14460878903813
-0.0133434787438865 0.359248663262222 0.00571249913051182 -0.0466515545842397
-0.369714810452318 0.185397229716412 -0.0753940358290339 0.0212916501923166
-0.41692272353414 -0.199980585547609 -0.210101791123941 -0.076179764672459
-0.21955339351726 -0.382760179410429 -0.195618411552545 -0.360223205738104
-0.232750333762224 -0.361988224982385 -0.195708869439431 -0.0543143697846688
-0.401425023012255 -0.112590933505655 -0.120840740120605 0.0299522270753794
-0.297598455145846 0.179809198220072 -0.0911636342410535 0.0399392500236293
0.0155111417951882 0.334909991977561 0.0147514920652797 0.0479625782333857
0.214800883785565 0.244207344943798 0.00427229453756123 -0.0211328839333085
0.30411280009559 0.0903529148928277 -0.0392054747631303 -0.0440699531265199
0.295953912469282 -0.0708341704240109 -0.0920389923776938 -0.051447340730956
0.291373387725817 -0.100842281793205 -0.114646904221948 -0.0269613318981141
0.319009157543679 -0.0670277069766567 -0.126470622489022 -0.0289965077135986
0.373982547835939 0.13117555297333 -0.119441081403349 -0.0542849852688492
0.238519640345851 0.352098887796697 -0.0579526061780004 -0.0938550011843682
-0.0397017328959865 0.453193714620883 0.00681811015912829 -0.00912478893314189
-0.466788436932217 0.222720046351034 -0.0571612595583709 0.0421919711506371
-0.524610023686471 -0.249513216130961 -0.127990411538054 -0.0430952821772157
-0.286077214072376 -0.477862086639937 -0.0902971180525232 -0.219937292161924
-0.247216699943773 -0.405051631112645 -0.1111840406971 0.0859052828546145
-0.457684111944234 -0.137156115240815 -0.0230166464264971 0.0549779688127488
-0.354523622170537 0.201385875238384 -0.0845732835586058 0.0265901689610518
-0.009374326950329 0.388357549500164 -0.0128789274545395 0.0727638695760416
0.222825204771536 0.298777028681272 0.0309735426594108 0.0538593096394947
0.332060610363567 0.133182726216605 0.0640277561875967 0.00263928709408664
0.332556879090144 -0.0423630956301364 0.0339696037323393 -0.0635939919167094
0.321883701049796 -0.0700258125292874 0.0053736772353155 -0.0608192235208041
0.339150617106123 -0.0305630931377787 0.000731343784515434 -0.0493612967773337
0.377599194902222 0.174905474059009 -0.0033276336414076 -0.0306854957497425
0.216059582306448 0.38229572620739 0.00736820029645373 -0.0305271861079996
-0.0700547310060784 0.454805398866354 0.0105966231418161 0.0286280424010664
-0.478196861824974 0.199779380796922 -0.0274638571230082 0.0603192724765078
-0.526078547206778 -0.27239094599987 -0.0279244873025332 0.000644647349371069
-0.29010023699062 -0.49557226648644 0.0199515397178794 -0.0575625489667163
-0.246241567722667 -0.373721473534581 -0.00912334727531859 0.250001129325173
-0.445751287183318 -0.116761835983498 0.0997362807730486 0.0873831413032588
-0.336706594428868 0.200192645686515 -0.0586467330033551 0.0146387938218858
-0.017472090363648 0.367929171270993 -0.0346379664493831 0.0965493365619017
0.201344476198284 0.287931457270974 0.0622358693519581 0.13337778864904
0.309016836829745 0.138277522565262 0.170521766702976 0.0553713022568416
0.313605455693914 -0.022073154929833 0.16126108999488 -0.0623453291404105
0.296796640206421 -0.0406186002564841 0.124997561824488 -0.0793178615237589
0.303090180009996 0.000559091617504026 0.120574413012839 -0.0552046568183306
0.316938832431511 0.17449562670304 0.100661109257723 -0.000951959106677573
0.157074149810979 0.333977852680782 0.0608187946837481 0.0306338476464639
-0.0812740459492613 0.358997061062006 0.0129046873349688 0.0546118015991688
-0.384717291993373 0.138301449685061 0.00575777961217972 0.0706568797134862
-0.424848179873754 -0.236427053789249 0.0606965021466484 0.040505745483565
-0.255732078894585 -0.417297096955417 0.11224381932347 0.092963512700998
-0.206705858064354 -0.275352323128169 0.0952474233179904 0.397506760415599
-0.346146346677094 -0.0758256016720894 0.215452668865474 0.117933388855837
-0.247349516018932 0.155096502712342 -0.017496396932808 0.00376715730101678
-0.0213189150247659 0.266295032862487 -0.0485950790090813 0.107145060213499
0.139357513070871 0.218389108998934 0.0874301398925629 0.195943143654915
0.227445591263102 0.116407853194611 0.257196763151555 0.101593519578865
0.240498945668949 0.000352273873283888 0.269221862514581 -0.0510861722043955
0.226662133047847 -0.0069361171053854 0.225269690946036 -0.0871617878482756
0.222882598989641 0.0303858736494912 0.215705905218051 -0.0518619206337321
0.209217761260761 0.149912884581715 0.173903930041623 0.0258079045663667
0.0722865087225624 0.235066913436622 0.0902229058682307 0.0762893125565775
-0.0842754606333304 0.20639310544654 0.00617606417938969 0.0619012200507276
-0.232781630744365 0.0502494726901443 0.0281174474075758 0.0657769747928802
-0.259714572239777 -0.166695253810977 0.116410221775849 0.0625938325849625
-0.185183277895291 -0.274353207690126 0.180320647217478 0.200006406777388
-0.130943775570724 -0.128804955007688 0.182430646990706 0.50153770911908
-0.182677704007665 -0.0205103767098915 0.298309684611498 0.142295811385991
-0.109421781239304 0.0817544970631584 0.03001483789311 -0.00611839111453023
-0.0179095027960766 0.115010536041856 -0.0551474081503027 0.096660754827408
0.0531946290317828 0.109726044799953 0.0951044336190879 0.227662504901197
0.105648353394475 0.0738431229044957 0.304759808691603 0.134061092776179
0.127022460394346 0.0237929552048871 0.338909594819327 -0.0331101091198879
0.120924000576723 0.0288280494278255 0.290787636421591 -0.0820996793251481
0.114387545350667 0.0536950090022367 0.272045069691282 -0.0386524588970672
0.0846965012872349 0.10666270284224 0.208971026145082 0.0486411160390053
-0.00980926497829896 0.118008559393098 0.094426518502697 0.103338910715709
-0.0760309902822996 0.0537385404451008 -0.00782439173123124 0.0520324285413239
-0.0742793808752504 -0.0246955836673713 0.037067415515979 0.0474767215204499
-0.0843022460041897 -0.0769014470542287 0.137640124165091 0.064694533826495
-0.0974284103862966 -0.10220451067543 0.216839809000064 0.252878672252466
-0.00639844318383483 -0.0431961076733393 -0.263077817160048 -0.291554063480835
-0.0602788128618313 -0.00754759970751062 -0.217369021188894 -0.0334075328617525
-0.038976970144331 0.0602778567749068 -0.0526597034164869 0.01492285105085
0.0539031186047377 0.0605614997652261 0.0371253371699521 -0.0130877344215615
0.0620254562339795 -0.00387834019962851 -0.0481152301677673 -0.12756658608206
0.037144076231357 -0.0445459614032915 -0.21727123120575 -0.0920565805891553
0.00201168057090143 -0.0610222893353706 -0.295789517716917 0.0175949271665716
-0.00563822617503727 -0.0615595319822667 -0.314759201954639 0.0718818157839995
0.00298218710087183 -0.056721808687788 -0.353092127386565 0.0370489227709397
0.0298124760049888 -0.0287971212777803 -0.318934792025555 -0.0936137202251943
0.0470999424357692 0.00553606823158955 -0.159293534074997 -0.20604788138609
0.0152561390566166 0.0459680332589113 0.0195393783120182 -0.107644836015083
-0.0557530699044781 0.0125774548150455 -0.0664301856935266 -0.0318216518089104
-0.0182654818988214 -0.0619685070942241 -0.260277911264375 -0.129197008119651
0.0549335796842118 -0.0532324389222173 -0.259972641705014 -0.536926918039895
-0.0860395932212272 -0.184053376845759 -0.268291563686598 -0.266029977322743
-0.182163438888495 -0.0648800780250716 -0.211652150050218 -0.0232327582125915
-0.136800873439581 0.0904723102693976 -0.0731506582037211 0.0306277758413746
0.0358446926323736 0.15756439010807 0.0429138360128803 0.00912309073507543
0.11759967204204 0.089495871658863 -0.0275250218935052 -0.111468466714776
0.143496508255712 0.00491481265876643 -0.182314377395054 -0.0960301010522532
0.121875783391872 -0.0733837830044693 -0.266792643066964 -0.0103464329913447
0.12098262209751 -0.0882597429010057 -0.289181254336327 0.043630185255119
0.140347658264024 -0.0725600159811707 -0.322511428345066 0.017184964147668
0.183139039331934 0.0323156293273959 -0.292753393834673 -0.0922894573697908
0.132857235904881 0.151657946291723 -0.146381961739052 -0.191725020173696
-0.00955903786489412 0.218120721052136 0.0139434396292197 -0.0812873685940873
-0.237413722094898 0.0951111802454599 -0.0802121234191427 -0.00940988149768067
-0.232097790291012 -0.1548693404101 -0.253803553054024 -0.118165157347513
-0.108308461466332 -0.238808202267938 -0.292550002754441 -0.456514588649397
-0.193663605752013 -0.281562478682884 -0.268198257702999 -0.156686645078812
-0.30897984189115 -0.0742043510510659 -0.183755870831835 0.0192998792570258
-0.214843502501591 0.150404241083629 -0.0837843318615488 0.0501869430086097
0.0458288645057886 0.248334045891755 0.0379655668483065 0.0233546646647992
0.187504351373318 0.158537658435081 -0.0216654226506122 -0.0745851928104023
0.242047232593255 0.0269642938156024 -0.132365590062212 -0.0660562506082842
0.216369031125808 -0.101496074673914 -0.201075889504356 -0.0113865174354975
0.215160064798904 -0.127238534265716 -0.217275131825346 0.0336085929991509
0.244633176411506 -0.104924209016585 -0.243111236609206 0.0223401380180599
0.316192090354097 0.0554077724154933 -0.230215106473248 -0.0514188953994526
0.231227925746627 0.255666788201951 -0.129113130276222 -0.139193248297247
0.00683735746243476 0.368437866832593 0.00276176135540713 -0.0475976951390823
-0.368573865872478 0.210989673990927 -0.077045229272883 0.0241207082818364
-0.440254949737743 -0.181765207118777 -0.216248134605127 -0.0664672468443146
-0.243531039946973 -0.386713796116131 -0.220190496616043 -0.356998380805377
-0.258806695570426 -0.361609253166062 -0.201097081157425 -0.0464530802676374
-0.417689526477584 -0.0922045556414985 -0.118427360618421 0.0367695737732882
-0.296118220961543 0.199303984544066 -0.0917296665383942 0.0483884948585377
0.0355644602968945 0.340936335355427 0.019108012351844 0.0464563027684177
0.234701030866461 0.23667638881953 0.0036006091588188 -0.0209516527204218
0.318893146530201 0.0719707452822622 -0.0434795946656803 -0.0441933817744676
0.297331219876687 -0.0924287185835182 -0.100752202919917 -0.0470838526931094
0.29261072972931 -0.120942724797857 -0.118588467164761 -0.0211478044679047
0.32144744603361 -0.0888723573863984 -0.131930294109345 -0.0202473621121596
0.392839259190709 0.11150413804725 -0.123699553376562 -0.0464971444108426
0.266445462554842 0.34835959511766 -0.0676252521746011 -0.0899047691833852
-0.0159659646770724 0.466260597515191 0.00655725265703596 -0.00771823236259147
-0.46791195134391 0.254145967815241 -0.0559129791165254 0.044453765367388
-0.553770064875371 -0.225523628662621 -0.131749748856999 -0.037369285792836
-0.31566385593074 -0.479628200053814 -0.104472327615532 -0.220031206696965
-0.278015586992782 -0.40736182691116 -0.10735925583075 0.0940410960751152
-0.477360299824259 -0.112839707362428 -0.0163193826880238 0.0568121056032175
-0.355318423409595 0.22386432460432 -0.0852017715519093 0.0352370365826082
0.0119454266958785 0.397810755372452 -0.00716984137142477 0.0738642015492041
0.246528056819341 0.29125827350068 0.0358486624244223 0.0546669870288237
0.350463821288085 0.114349238133127 0.0665365642751981 -0.00300576901312281
0.337223660850264 -0.0644581787381419 0.0270016739966979 -0.0675381329351362
0.325191904740439 -0.0913234353162812 0.00192299714531208 -0.0623518099156897
0.344209776598491 -0.0523983373915512 -0.00324390679850567 -0.0490800438074446
0.398357831966995 0.154368630505258 -0.00295247570906497 -0.0294090150697865
0.245194273476663 0.380919706533771 0.00330817543465662 -0.0276026706737261
-0.0455145886802957 0.469203387283858 0.0120682479175491 0.0317112842802911
-0.480810573418212 0.232294493953664 -0.0237033817833153 0.0615972247083466
-0.556237968474979 -0.25068714606737 -0.0271404648120354 0.0021576959463783
-0.319332490682411 -0.498151189132055 0.0157871765147379 -0.0587501960449502
-0.273715812404843 -0.375330172126381 0.00551078009031072 0.256524608186533
-0.463931115045072 -0.0951730119414089 0.110702263749931 0.083674250839863
-0.336776257090786 0.222784397784178 -0.0581947569368547 0.0217253772095399
0.00313547089181771 0.378613295937772 -0.0287593689347125 0.100095801676446
0.22518579101333 0.282143517248684 0.0733974930972984 0.134120353080235
0.327108491659004 0.121328604325084 0.179844748035398 0.0446907571271908
0.319454308166887 -0.042394544589118 0.157926195262528 -0.0734547593619563
0.3016186823659 -0.0599941564507164 0.122198622353853 -0.0881559994943772
0.309120121384539 -0.0183721461214438 0.119436786329857 -0.0632242242536664
0.336594985021101 0.159097404956181 0.105351255568393 -0.00574916542363865
0.182332851649348 0.333218008181072 0.0623217841910422 0.0310515455285991
-0.0625766363229321 0.37082916144976 0.0154110986170747 0.0587895355745785
-0.386734746756368 0.163124089094246 0.0115384054980247 0.0704830431215662
-0.451707785806628 -0.218053710059558 0.065203740117888 0.0382474308509777
-0.281724934348197 -0.418299599638734 0.117871949189216 0.0898661898950831
-0.226607176488134 -0.274838583573015 0.12127003506378 0.404341660314062
-0.359118209137323 -0.0582977314249761 0.229928119600667 0.109530186860246
-0.247405881684023 0.171313037657341 -0.0169156442714816 0.00853811761814127
-0.00728166322800219 0.275302151768935 -0.043459894664634 0.112468601491486
0.15660647077843 0.215507050015045 0.10322643522721 0.19744443199237
0.242463196809774 0.104283922618078 0.271840633307397 0.0868578906149322
0.246445299383983 -0.0145398867046699 0.269951592402598 -0.0692822706531629
0.231906725601157 -0.0205060744741584 0.223933050821128 -0.101902665737147
0.229417033551405 0.0173135779984082 0.216922660590518 -0.0658721801815555
0.224769162469921 0.139644660958769 0.181379937998694 0.0164377583969118
0.0889377295153902 0.237244636559774 0.0957632269296237 0.0741204549671463
-0.0742526670865415 0.214954779791057 0.00885680602251696 0.0655906137900473
-0.23570363291631 0.063627869786184 0.0351224005604584 0.0643425409132999
-0.275743165264457 -0.154796770146291 0.122718930714248 0.0557008555081974
-0.200948199542784 -0.273440618843433 0.193064971289422 0.195326067318564
-0.140281244923251 -0.127513175310655 0.211624014566676 0.508853547015219
-0.189344670448526 -0.0116454064231817 0.314395012627555 0.131324659419979
-0.109054804787067 0.0889798334412747 0.0321794343559729 -0.00506694195864076
-0.0124500692623834 0.120501323717453 -0.0503906681718656 0.102622580315334
0.061473650629591 0.109144614399715 0.113031130298779 0.228578240868894
0.114169295462833 0.0688942525803071 0.322585998245223 0.116753475381808
0.131666982558005 0.0168201004890841 0.343639516982398 -0.054522904442427
0.126404540709201 0.022219097055953 0.291798814402179 -0.101681004788422
0.121062536857297 0.0485242081382731 0.275736694181246 -0.0563797031044432
0.0939440877283933 0.103253146164067 0.217866557989563 0.036899003716917
-0.00290775512749015 0.1223861839474 0.101660412101457 0.101089134794232
-0.0751317449047155 0.0589441746464986 -0.00609572333688848 0.0557037778954996
-0.0785515402025358 -0.0221894651041446 0.043042571856947 0.0455737637394822
-0.0913585875153884 -0.0731521653730104 0.143986269638204 0.0566557620076277
-0.102996404309683 -0.0999557112474565 0.233728943906131 0.246635586928172
-0.00967427242543649 -0.0420541018600926 -0.278786741452566 -0.276950963226278
-0.0602858172407784 -0.00281015524004366 -0.217770499217649 -0.0200335354111786
-0.0350253302674478 0.0625870318412028 -0.0530800774481562 0.0192112460503206
0.0577425009337084 0.0556370926072228 0.0376883203969794 -0.0166606707220161
0.0617040716293486 -0.00763678938189994 -0.0551069232718032 -0.124736512168707
0.033163355508922 -0.0469088192582755 -0.223162583237245 -0.0776785581359528
-0.00280796066246356 -0.0608751294892281 -0.293324609772684 0.035827045287227
-0.0105328389709492 -0.0607707042923963 -0.308667687502592 0.0906253945947428
-0.00182683143163958 -0.0569010115460433 -0.349367913311962 0.060383807638358
0.0286947581905596 -0.0306671379600314 -0.324398303532375 -0.0717352573334289
0.0480575078614258 0.00156150205802129 -0.173342730349191 -0.195745191345125
0.0187759850832132 0.0439024870680578 0.0122851609640509 -0.110252605903975
-0.0542977625896243 0.0160116689759383 -0.071392309843454 -0.0289596972644696
-0.0217847818000145 -0.0609874787023888 -0.265282159462941 -0.115547404192381
0.0513944451936948 -0.0564271205665271 -0.286099809864763 -0.519886942775309
-0.0974812665303133 -0.179663429402554 -0.281796678727191 -0.250639032233088
-0.184875135450641 -0.0530251693918867 -0.211125373147156 -0.0105971603792853
-0.131230765015451 0.0973557414847049 -0.0722343397742928 0.036374795003213
0.0454513286434437 0.153268961344666 0.044703594569175 0.0051920302666525
0.12295731734444 0.0812601890128691 -0.0336604771400875 -0.109190211354078
0.142528973383455 -0.00489528570162662 -0.188491378655021 -0.0836124693798242
0.11538119686136 -0.0809294497023047 -0.268261238570878 0.00711074106618653
0.113739740265507 -0.095666257425704 -0.286086781144835 0.0611963483235393
0.13395768126802 -0.081227777350295 -0.320467660966711 0.0389084426532157
0.185180814950557 0.0203082450678151 -0.297241522765063 -0.0715372549146112
0.142744787003833 0.142592761609918 -0.160143386849519 -0.180948867083966
0.00336072348889542 0.217628135378985 0.00912286179040566 -0.0826820032880926
-0.231328019602871 0.109437380093216 -0.0823258942415445 -0.00653663864494619
-0.24166404904398 -0.141345374682507 -0.256077950185368 -0.104037795782916
-0.1210278767208 -0.234871583693176 -0.316125966994107 -0.439261769542668
-0.211465524862431 -0.27180759014299 -0.275327722698752 -0.142971294722764
-0.312720639247492 -0.054275439590238 -0.17936121494728 0.0295254122183118
-0.206111111006657 0.161593410007957 -0.0808321980841615 0.0572671255184504
0.0610396601688933 0.243053482065026 0.0401740846748398 0.0192081604232782
0.19658401539966 0.14549175809301 -0.0253087564950174 -0.0729983025854568
0.243072290919503 0.00977694674854661 -0.13688687979624 -0.057444627507592
0.207350237009287 -0.11489764862102 -0.203444959668266 0.0023208271306106
0.204891647111046 -0.139758152447912 -0.214209508041902 0.0462493925010195
0.235500213631089 -0.119678818818685 -0.240405371854296 0.0388936151626137
0.32016265372706 0.034806021297305 -0.231333682242651 -0.0363193868663419
0.247957908435748 0.240438685502083 -0.140742456512798 -0.127352657436788
0.0290738165935111 0.365896784128978 0.000642706436423338 -0.0471757262026225
-0.35762335012655 0.232724469967662 -0.076516705901 0.0264900861485544
-0.45063234009626 -0.155018671870051 -0.217629439015681 -0.0549051051685567
-0.264124424048007 -0.374760341066491 -0.23817213412585 -0.342985064789542
-0.280979029744116 -0.349658278707784 -0.200889744115655 -0.0369642098639137
-0.421805083523094 -0.0663519265777027 -0.112834008229308 0.0421992425051635
-0.286021702493513 0.215660598284579 -0.0877028699862879 0.05739818240257
0.0559503586408879 0.336666518019692 0.0227379033750529 0.0427730314030941
0.249485807655326 0.220971102350423 0.00330921270184112 -0.0194096284081807
0.322786974871126 0.0501768545551984 -0.0464067329279061 -0.0424247233197896
0.289414543945653 -0.110931299131144 -0.106527693628842 -0.0393609092793707
0.284061830133213 -0.139507457861173 -0.120924361177765 -0.0135105746592076
0.31295066921087 -0.109021154487591 -0.133033577924722 -0.0100350044949256
0.400012128097907 0.0851768182072053 -0.124313099530428 -0.0373240236070137
0.290309646736304 0.331601647291116 -0.0753466971482606 -0.0811810587327387
0.0113944718117157 0.465858595128964 0.00663153334959423 -0.00639020384876791
-0.453133011290863 0.281534835689398 -0.0534974872432513 0.0458283294155337
-0.5697203360554 -0.192731596360138 -0.130243634788458 -0.0305286998379425
-0.341058377369024 -0.467582337660605 -0.116997428793663 -0.21170279581904
-0.300052046439478 -0.395160254970738 -0.0991189341092326 0.0984225739022918
-0.483850010571815 -0.084509638374344 -0.00975650833424129 0.0562423571444909
-0.34247374405606 0.243718836472286 -0.0817760558021161 0.0441298229048223
0.0367768538096069 0.39622225566791 -0.00165786372413946 0.0726995709687774
0.265123531900957 0.275793682035183 0.0401566357857251 0.0542154055391017
0.358438302346275 0.0896622247152473 0.0663037008896708 -0.00897964171361856
0.331749355426887 -0.0859785827247336 0.0193767494999354 -0.067845742903656
0.3175913669688 -0.111434230355463 -0.00298539873569957 -0.0622749768915632
0.337617696785536 -0.0734562509684934 -0.00614321888890243 -0.0468564954221197
0.408994140434528 0.127794064664905 -0.00265132437762021 -0.0282535090975219
0.270305733172981 0.364518742986201 -0.000810500803602035 -0.0241114789716127
-0.018846847801764 0.470931900472958 0.0146284024950581 0.0339634449334475
-0.469449508930438 0.259212227193431 -0.0188474836659537 0.061473960023347
-0.571698930424445 -0.217028206880708 -0.0241177127065475 0.00284871797856685
-0.345879262468742 -0.485845148843694 0.0114700155818828 -0.0579100274708746
-0.294920831081871 -0.362902243520176 0.0226274675659069 0.255651957740831
-0.46955743677687 -0.0674303081938886 0.11813142353695 0.0757788162151878
-0.325831652200972 0.241542046730091 -0.0555266092645573 0.0286774663070154
0.0266846869824155 0.377683427188457 -0.0218706314800494 0.10069432197231
0.242648259792494 0.267403411244935 0.0827342367783824 0.131025180027162
0.336026106751336 0.097214717284856 0.183268774260062 0.031009432771126
0.315333969177163 -0.0626257094842532 0.149548167794695 -0.0826207598469087
0.297372565635518 -0.0789612337623244 0.115512611209111 -0.0956154698500128
0.305313590796657 -0.0374609209804723 0.115239034635021 -0.0694571150608418
0.346938022112834 0.136357741568119 0.106755500235215 -0.0123933190471021
0.20430825904015 0.321690302688197 0.0621416227636665 0.0303482059918592
-0.040711851320866 0.373082303142146 0.0191036651195462 0.0606090118732243
-0.378319725156748 0.185479336744592 0.0190442954548125 0.0676993922850926
-0.463845698511818 -0.190632021269752 0.0682188881018744 0.0335159150325279
-0.301559668515195 -0.406010005966251 0.120689763505622 0.08363092025542
-0.24186134532464 -0.264251008223324 0.143945855945818 0.396381806226439
-0.362527557723896 -0.0377066088490087 0.237658626394609 0.0946474280252451
-0.238876714618887 0.184634290821394 -0.0141643503003571 0.0122983268182415
0.00916618913416041 0.276206013302834 -0.0356447254544475 0.114716019203796
0.170060878477943 0.205354490664188 0.116766566495145 0.192157095751258
0.250275694557828 0.0867563458530867 0.278230356978137 0.0670224126414675
0.244496261274829 -0.0297662778823093 0.262386179850748 -0.0858467120683668
0.229589215661301 -0.0351855068423435 0.216322821221966 -0.11468501785318
0.228928867189785 0.00274748521019699 0.211693326424541 -0.0787521050302413
0.234346294921099 0.124322314766025 0.183269468451046 0.00456758068345627
0.104150678648234 0.231962904888785 0.0991136909644905 0.0705664414992832
-0.0620081518470823 0.218234445391279 0.0126312868089494 0.0679237684104684
-0.232121558469886 0.0770364182515644 0.0418548339757016 0.0604536660452611
-0.28452976760626 -0.137269190096196 0.125465627633367 0.0477784498478287
-0.213427291562348 -0.264622201027479 0.201104082989246 0.183455518406877
-0.146394949904319 -0.121303259405711 0.240530468465222 0.495829659157365
-0.189794989385664 -0.00136443308955047 0.320962015010793 0.111414011299315
-0.105288561997945 0.094270139766122 0.0338722427447184 -0.00475216545845035
-0.00580991821675176 0.12193374538284 -0.0435981374754177 0.106265401357847
0.0684488557320496 0.105498402796184 0.128273548154345 0.221898330843608
0.119602622736095 0.0606360123918534 0.330989855939955 0.0940877484755218
0.132615651092259 0.00895799011125135 0.337692052307984 -0.0764940330380909
0.128208316785949 0.0147830957211881 0.284050407431765 -0.118211196976821
0.124021197347998 0.0403441176931848 0.270772561768498 -0.0740696787902595
0.100993388234576 0.096800516393674 0.219785606051681 0.0228580276521076
0.00466721841762139 0.122838256681225 0.107479570717141 0.0955302187871233
-0.0721454807559276 0.0627846168005806 -0.00373237988229877 0.0575166205015724
-0.0798133948293916 -0.0184747292637243 0.0484907088537394 0.0409110954659817
-0.0950612261645418 -0.0664806734555535 0.14548922751852 0.0466183157554643
-0.106416249289553 -0.0950920762623851 0.244411301785972 0.231817567594379
-0.0121206679596974 -0.0398678402305981 -0.283447920899672 -0.261854775240663
-0.0584079833177214 0.000503118103561296 -0.213315827388899 -0.0093289631578631
-0.0309569580638791 0.0626267556790295 -0.0517406681887356 0.0219483178997555
0.0587447969266321 0.0514454085199562 0.0373223818404221 -0.0188547452682015
0.0600381085510642 -0.0106620661892188 -0.0592722931539215 -0.120331991063238
0.0298107667785741 -0.0469571430098294 -0.222610423268283 -0.0655075855872708
-0.00687506901946123 -0.0595114364939801 -0.285507062906055 0.048758709610249
-0.0142371287045238 -0.0586907094665173 -0.298502538879705 0.101705510659238
-0.00581265985763995 -0.0551986576863057 -0.339126659299286 0.0768387425950598
0.0265465229332351 -0.0316763939402517 -0.322238219330476 -0.0539121674286697
0.0477997370289369 -0.00158385930755771 -0.180535695381152 -0.183333784774087
0.021370940266923 0.042263341449985 0.00693200820894066 -0.109846497667842
-0.0515596391015669 0.0182674589579548 -0.0736164665722892 -0.0260880723737217
-0.0232867666747182 -0.0583119703474552 -0.261987563999033 -0.103924721934427
0.0476584088576574 -0.0581557324638893 -0.299665054356297 -0.498783190629992
-0.104396441027391 -0.172451905147125 -0.284630466456422 -0.236552541517748
-0.182599699816196 -0.0430936846930255 -0.204735693943141 -0.0015965513053726
-0.124485573007471 0.0994849929228464 -0.0698339485317685 0.0402015162920415
0.0510112833880993 0.146237483458505 0.0446539289975064 0.00173565483539181
0.124339133818443 0.0736804778112559 -0.0372098408019362 -0.105354490702083
0.138826138647846 -0.0119080309495402 -0.188873901043225 -0.0731349989087235
0.107770021786547 -0.0852915226769561 -0.262740658476152 0.0205840979430176
0.10575330375084 -0.0992091196963079 -0.276526185051017 0.0722830773162497
0.124919628332782 -0.085898825673686 -0.312330929366056 0.055350189948163
0.182520188347562 0.0110103218272204 -0.294552009039731 -0.0554996297230667
0.146498089248722 0.133147707855935 -0.166891457158634 -0.168193674013451
0.013486612836921 0.21284446467637 0.00557122275779913 -0.0822173399845353
-0.222684368632222 0.117642872409965 -0.0825886504574292 -0.00394872748087957
-0.243335230600619 -0.128598685837038 -0.25335263251529 -0.0927550616607083
-0.128390152749408 -0.228357549702199 -0.325231419820247 -0.417299047676419
-0.219800650366278 -0.258770626688178 -0.273226964819229 -0.131853968626834
-0.307892655794044 -0.0384037416308705 -0.171474953850816 0.0345993972802794
-0.196174042614781 0.165763412619971 -0.0761281486704017 0.0621087388945714
0.0706712773661765 0.232897099318467 0.0407518759613528 0.0148666000380026
0.199674794741196 0.133386314728778 -0.0273546062528842 -0.0690556595817821
0.237728167684585 -0.00312518309723401 -0.1370072573663 -0.0501061942037147
0.195989554006951 -0.122072681704602 -0.200254036001375 0.0135024563434689
0.192722780627757 -0.146339804811932 -0.208350146652513 0.0546795996973233
0.222326902856129 -0.127487188282719 -0.233065685614254 0.0508969905586851
0.315603918042106 0.0188609738744003 -0.2265293450427 -0.0230386678155002
0.255370989025489 0.224083872203329 -0.145053205076083 -0.115200815179253
0.043571790264934 0.357170826411791 -0.000272906021027351 -0.0466417535825366
-0.34280819443068 0.24420752499939 -0.0738884728882463 0.0279734184168984
-0.4496514350491 -0.133736816660809 -0.212755219174503 -0.0464779313371209
-0.274261216762123 -0.363162265811716 -0.244641750857227 -0.326795191611555
-0.291414867687111 -0.334082613178993 -0.195995221453785 -0.0302643335705923
-0.415874184216333 -0.045637719240222 -0.105906969318077 0.0438561959153673
-0.271974334275493 0.222218419485831 -0.0821369163279892 0.0629552776603234
0.0693240788231657 0.325086758648445 0.0245959001145244 0.038438251639057
0.254440850056503 0.204466309040867 0.00335075834762975 -0.0183278211976588
0.31858836873542 0.0313163420744954 -0.0475216032107256 -0.039779228399737
0.276218862512704 -0.122303524535332 -0.108198446596824 -0.0309367401614676
0.269776892030455 -0.149091304299222 -0.1188507037863 -0.00833184892767345
0.2992555378223 -0.120494636619475 -0.130450153036075 -0.00212555258117223
0.397666147159673 0.0636626058639714 -0.122005970210509 -0.030202708793145
0.301048459476286 0.311585294248248 -0.079244918603629 -0.0721798528835069
0.03190389546953 0.454899750208205 0.00753134093751304 -0.00509078457351266
-0.4360174976235 0.296044186187169 -0.0501747030625666 0.0449806006365035
-0.567329550229184 -0.166052522692838 -0.126268516173471 -0.0253984865182238
-0.352790412983269 -0.450859686311042 -0.121682763700839 -0.202001666697719
-0.312546711158201 -0.377899041874943 -0.0908923792321225 0.0985843940601607
-0.476755217808836 -0.061439109464006 -0.00468916404164236 0.0528646091752763
-0.327301567729998 0.252643076143845 -0.0770926776770905 0.0504189034073412
0.0534264353160638 0.384842794109835 0.00211938404620158 0.0692909857651511
0.272907534027071 0.256989111406659 0.0430981383412726 0.052685069514254
0.356234361873325 0.0684640767997382 0.0644326583731158 -0.0135064499677423
0.319373948482023 -0.100771443288247 0.0126695491132941 -0.065524469379175
0.305192171441586 -0.123830932232553 -0.00603960041205511 -0.0604996549752195
0.325240685393753 -0.086601556889138 -0.00783800459380536 -0.0448914922750437
0.407512976444494 0.105706472762958 -0.00228764319642015 -0.026828177848566
0.282072197522807 0.346160821598279 -0.0032128262982357 -0.0194136778461983
0.000707023764623664 0.46105398610843 0.0173610626109634 0.0346455041163662
-0.450205021690508 0.274327767993181 -0.0140973213224984 0.0585362694399426
-0.569943077686869 -0.188025059648713 -0.0222288060395219 0.00232682873538
-0.354605797141188 -0.468504087763305 0.00801739063821852 -0.0558360348849827
-0.305494192712661 -0.346540565538312 0.034443940582184 0.248483818558676
-0.464657875115342 -0.0458281038731629 0.121179599390933 0.0672371268307053
-0.312375409981435 0.249883785339436 -0.0507526006552796 0.0341164179199771
0.0420790434475233 0.369892352480191 -0.0165132012702512 0.0978557748089235
0.250997567672603 0.250444020351568 0.0887519040363265 0.126280666135163
0.334680962331309 0.0775341661593255 0.181812836257501 0.0203174351100125
0.304713173944298 -0.0761069114305595 0.139635084632963 -0.0858785893895239
0.287541608856718 -0.0909135067562199 0.108408306465626 -0.0976616920831167
0.29603050812552 -0.0502708054173126 0.110187937372942 -0.0720183097764033
0.34792251290518 0.116301071555582 0.105408167977645 -0.0169788856846358
0.215704668048733 0.306147786056433 0.0611572752841599 0.0302842438014127
-0.0246293065768787 0.365908218338598 0.0225192234952968 0.0612694008615754
-0.365000400075658 0.19754163568244 0.0234400391389997 0.0631908722251377
-0.463910963777276 -0.165589326341277 0.069669963632513 0.0289993480070164
-0.310062697383531 -0.390836166114564 0.120780850003457 0.0785303119789915
-0.248871748570002 -0.253017695651505 0.158638872842116 0.383913925048583
-0.357544028627302 -0.0222947984302361 0.237778027059525 0.0815349717289534
-0.229539870110783 0.190236340875657 -0.0108525737858442 0.0158110897716395
0.0198211879285669 0.270721131399816 -0.0295673820847878 0.114040004847179
0.176254107016674 0.193290785753662 0.124975784353579 0.183568460124104
0.250073860564203 0.0710844836238536 0.277143203794107 0.04991159165142
0.237641312393967 -0.0403319956410619 0.25026848605233 -0.0950418449516277
0.223965674752671 -0.0453571272842723 0.205774874306238 -0.121682846326368
0.223893388154176 -0.00780948025568559 0.203483821175533 -0.0862043329538642
0.235497630244541 0.109917883747915 0.180447162345955 -0.0043973082549438
0.112999717490333 0.222679930131688 0.0991786185548413 0.0666892645209076
-0.0524538035684075 0.215269341321267 0.0153878087760644 0.0682515463266004
-0.225260739599855 0.0849785406350544 0.0455995057494845 0.0543786722788534
-0.284152321697096 -0.122073008181649 0.124461678456141 0.0404628173157104
-0.217842600260317 -0.253600278354716 0.201883102251918 0.172107700196577
-0.148046437162269 -0.114933389513132 0.256819617428331 0.478004559617191
-0.18619782394054 0.00630257853787521 0.319736372409494 0.0958725629291263
-0.101365275697478 0.0958880503842815 0.0355844438169571 -0.00394699657561623
-0.000224029949648253 0.120920617240135 -0.037434443288637 0.106517800597828
0.0717933223300752 0.10021062427531 0.137231424145947 0.212584261481119
0.120766433317205 0.0526502793450413 0.329872118819789 0.0746726354655776
0.130454863280624 0.00264389407203331 0.325602799750915 -0.0908100137375655
0.127107816124905 0.00784294024808771 0.271604847116565 -0.127371696666428
0.123326339326574 0.0342183066545394 0.261251651487278 -0.0848835139433324
0.103517305349231 0.0889649460223792 0.216091858443757 0.01160272484719
0.0103980771644993 0.121052210455308 0.109051449736217 0.0892734231280077
-0.0683085864664839 0.0645519416036535 -0.00138387326095219 0.0589367685945497
-0.0799787571975176 -0.0148036976014329 0.0514049126654939 0.0363887403194972
-0.095225594354652 -0.0608851023449979 0.143545802013721 0.038398947645563
-0.106552539702191 -0.0894932653480337 0.246578423854657 0.216753747497261
0.00556750074453647 -0.0414089080555839 -0.152684161924331 -0.350333627217892
-0.0511731968690215 -0.023164011149233 -0.188299207308111 -0.0910285009902634
-0.0537113600248664 0.042869803227908 -0.0531112111904106 0.0012506741863904
0.0303321840885726 0.0685761952621065 0.046687450848953 -0.00566212234665043
0.0580499794002308 0.0169138228077204 -0.0032879487068827 -0.135871749011552
0.0454579189933491 -0.0291399893989847 -0.175076845783543 -0.149183573970232
0.0170069236151669 -0.056198385666014 -0.276786474279481 -0.071480724867579
0.00854515581756587 -0.0584266840679848 -0.307004936067509 -0.0274787755869106
0.0139513016911155 -0.0507244122767911 -0.332576489967987 -0.0644941439144246
0.0350690443483257 -0.0162524398924401 -0.268823821140162 -0.175980655212322
0.0411283093976164 0.0163090229076172 -0.0889137179732874 -0.234947332644304
0.00274056363841173 0.0455039117938217 0.0502879254415587 -0.0966966162821924
-0.0551310004176001 -0.000763842163304099 -0.0572962516874244 -0.0543732282594046
-0.00423974612536013 -0.0596251544816346 -0.190597741532377 -0.198965730234108
0.0583706992766826 -0.042626244844221 -0.0648058008479572 -0.568053178097485
-0.019941362505635 -0.204123773364904 -0.175081650732602 -0.315405036000062
-0.141731648608255 -0.114232928479832 -0.185694673241149 -0.0744688542816783
-0.153131675474359 0.0368872799212404 -0.0750072267381507 0.017934325315134
-0.0159379595635779 0.148159721156378 0.0511199610327957 0.0180488132146726
0.0795098727769796 0.117713135528433 0.0153943122436231 -0.114632419351626
0.128349584074763 0.0450917546635031 -0.137644537146811 -0.145660398977962
0.127931398127559 -0.0333711684963846 -0.244897887249291 -0.0885555984994736
0.132787594042015 -0.0475978928537877 -0.277038521141733 -0.0457745378648491
0.143326476125661 -0.0271941619297773 -0.298993674956299 -0.0717991119152823
0.160102940063261 0.0810822224337598 -0.243248264465218 -0.16328805894762
0.0810987816287724 0.176626930418459 -0.0837319301235424 -0.2141942511702
-0.0708139050726087 0.196503648251843 0.0362799234792981 -0.0702579734970168
-0.250260223255547 0.026495169112244 -0.0773153293137934 -0.0412565750802099
-0.178662098035601 -0.204317906188406 -0.185215274656024 -0.196134559347659
-0.0415844686373805 -0.264821802858864 -0.108625853002238 -0.50728880194814
-0.0872870201028576 -0.336454812563309 -0.213561669847237 -0.202130366821309
-0.253407097446208 -0.164687414651658 -0.170613936598143 -0.0224486268461486
-0.244944041671874 0.0660397321863249 -0.0854305355382812 0.0417238570612899
-0.0360336075193704 0.231570435074402 0.0471261201950286 0.028613844063874
0.12189602427757 0.200509079305344 0.0134259109286173 -0.0809451421238701
0.212178536400149 0.0924424365258783 -0.0969964523507225 -0.107415362158913
0.22015662401342 -0.0305198026115515 -0.185416178222435 -0.0702588857673932
0.230393277004679 -0.0565948499000655 -0.208991491597511 -0.0341836882661865
0.246188570694977 -0.0265482414585532 -0.225194200408354 -0.0419727316480973
0.277154425196677 0.136885909366063 -0.192997337153956 -0.105214045347766
0.145214238710528 0.30075649510003 -0.084198362685144 -0.155466254154996
-0.0982140588950637 0.338364633213787 0.0141571685458015 -0.0378363280388839
-0.408489102185042 0.0976419816914286 -0.0843875493095096 -0.0108401837988959
-0.363198068645159 -0.284797647056048 -0.16850771021548 -0.148576725192506
-0.124714988588719 -0.442225017883431 -0.064536515195815 -0.397415587751829
-0.119090455730363 -0.437762521510943 -0.192649805449261 -0.0698127589685303
-0.34620300055625 -0.217163176781285 -0.115788502850626 0.0177733618528276
-0.337457801901389 0.0838153131352648 -0.0872777383059685 0.045614697318863
-0.0758191139104852 0.312731895179495 0.0288662352656516 0.0458022864327185
0.140772937011385 0.286040387732623 0.0252256014249962 -0.0233428231623697
0.269299994905951 0.15487071858304 -0.0174572136621342 -0.0647455410692572
0.291649236525375 0.00104900771856153 -0.0843391173320998 -0.0748364344646808
0.301201237874227 -0.0286657909310216 -0.104739686017846 -0.0553454029160135
0.313202361233299 0.00854361915613055 -0.11226601005744 -0.046491104828616
0.334116149234662 0.20756073101083 -0.0955258443389801 -0.068083165628729
0.154508330899807 0.396068409138597 -0.0425903861796818 -0.0890679555084103
-0.146336437847826 0.420991318167742 0.00359088324920559 0.0038385543776479
-0.513825576355907 0.109628645322046 -0.0711879501498503 0.0122430190555824
-0.456741035927933 -0.357433685481519 -0.100283985902255 -0.101748113695483
-0.162278633396695 -0.551479591433802 -9.44705846163576E-05 -0.238195468500942
-0.117281620888353 -0.489785849080897 -0.154704693182778 0.0929956677746517
-0.395095506822076 -0.259203710362439 -0.028921321348471 0.0705187174899745
-0.40033041556548 0.087374558318753 -0.074912104482233 0.04095094252862
-0.115180637179792 0.359738678714543 -0.00100908754546956 0.0660618607014002
0.133911232777351 0.340594872537725 0.0351878817159471 0.0569739785955312
0.287991229951071 0.202942549077016 0.075858831445749 0.0037483976609432
0.320936631191024 0.0373765761653784 0.03884853900948 -0.0572628867472842
0.323710768255933 0.00731413954039071 0.0172502139901908 -0.0564467373568204
0.324774555150907 0.0487680739888125 0.0137067559597195 -0.0360419695516304
0.327694091905895 0.248238365118288 0.0107503079712988 -0.0170401911477768
0.126481832098128 0.420820977542027 0.00372061317477738 -0.0113991883135765
-0.17591692059343 0.415889660632882 -0.00468252501778989 0.0443284834254572
-0.518171915608104 0.0855395196917657 -0.0426033071002918 0.0383368410848837
-0.450318521962276 -0.381060428379521 -0.0168987308017065 -0.0349072694296011
-0.155565518674981 -0.565436416333992 0.0585589239334881 -0.0543636033895625
-0.124208879122376 -0.456845813647862 -0.0998560078069634 0.278593151641711
-0.390551070172686 -0.240186764005097 0.0787116757739551 0.1334579781446
-0.387225866694337 0.0918071108196039 -0.0446046825993662 0.0359567568982299
-0.119104637563622 0.341298390576068 -0.0308697324361887 0.0861919614497292
0.11680524273225 0.324879652745891 0.0457967708190267 0.143171362117708
0.265125635001246 0.202216148614933 0.167196065780841 0.0802607529424091
0.298936343176955 0.0534815699193218 0.161980837476731 -0.0248196416416754
0.295428691422914 0.0302034272136656 0.134716305909338 -0.0447549239688376
0.28467652124693 0.0690915437477684 0.128770660237139 -0.0150255017196169
0.270031582592356 0.23419468917358 0.103294758387815 0.0332869051969421
0.0810529564010109 0.3596244785256 0.0413832888062825 0.0581410717994992
-0.162832339515762 0.319802406365605 -0.0099240004680108 0.0693535269158086
-0.409955637978591 0.0465129882576476 -0.00856519990762762 0.0583764283631157
-0.359223202750351 -0.320662990660704 0.0545244728096012 0.028722863794148
-0.138400981231209 -0.475867841329471 0.09989578828974 0.112666272996807
-0.112549660447357 -0.344875274167116 -0.0346372814256601 0.443177521163708
-0.307396645667943 -0.173415081663859 0.179426482926126 0.1892353818543
-0.286683595156489 0.071973019108423 -0.0041827337963478 0.0292744856049659
-0.0962269538062089 0.246552566604294 -0.0548679621625187 0.0960600863503495
0.0747332715546239 0.242936371142342 0.0507952482129273 0.212301048535953
0.192541686122855 0.163132343195183 0.23856835522288 0.148791700684424
0.226215104988653 0.0589513924049701 0.265023784210969 0.0117372083395024
0.220508018541492 0.0468906884252982 0.230953282949276 -0.027647072104701
0.204080670958483 0.0793601544041141 0.216935364226072 0.00695260712382847
0.171595159818401 0.18591172618369 0.164511570348559 0.0723826038606296
0.0201436013520249 0.243837792654345 0.0603787001304836 0.103304566431592
-0.129285038577691 0.173544346354512 -0.0173838171272329 0.070878788214657
-0.238221531794807 -0.00700394358373447 0.0179697901582483 0.0619823881398374
-0.210714088861462 -0.214781435620088 0.0988589012753041 0.0693951400938643
-0.102655221853237 -0.313263488688004 0.127037481767999 0.231380054461458
-0.081501003476663 -0.171283077742785 0.0265863348319148 0.555215824780507
-0.167572761405675 -0.0755040098914632 0.247972387220137 0.22738887969952
-0.132136060995568 0.0423792730734633 0.0409682299816557 0.0205754276454254
-0.0520031827966604 0.106643617173824 -0.0693547544098615 0.0855155538308436
0.0209701685388929 0.116939104782294 0.0442560726550632 0.2465700276203
0.0849114278647502 0.0940909143659001 0.272859852911605 0.195311427027437
0.114453565116283 0.0546747057935044 0.330275302188736 0.0473038435403468
0.112655267748692 0.0569765017838768 0.293037300594082 -0.00593486242314098
0.0992264302518694 0.0773134084587526 0.266404627154534 0.0293250833050749
0.0605206145544573 0.117325315612579 0.189780381933572 0.0977168642108784
-0.0342122598614934 0.113197757380003 0.0606232872643762 0.124884803129842
-0.0870425629690665 0.0320122973041615 -0.0271210882957651 0.053675971569199
-0.0671675086650682 -0.0444171029275438 0.0338658177878615 0.049572413507945
-0.062083565139815 -0.0905637118958391 0.115427637444266 0.0835208976154751
-0.0590561258979466 -0.119571111973118 0.138873987460842 0.291165028187246
0.003831830172382 -0.0407713434002168 -0.157197584616395 -0.347591717686551
-0.0508900974972911 -0.0217165451462133 -0.188622041301376 -0.0862349089320342
-0.0526128203509602 0.0440725795913864 -0.054316265863758 0.0034617899804709
0.0319741998594 0.0670235090842767 0.0469273717407904 -0.00679285548089758
0.0584586191636378 0.015704274167169 -0.00573786954415808 -0.135764132015058
0.0447531803882381 -0.0302670372127821 -0.178682737077979 -0.143874160838365
0.0145252586826827 -0.0563879623350095 -0.277430084769254 -0.0646399733568306
0.0059633133686329 -0.0582492747658522 -0.306898685949701 -0.0213942832361606
0.0117930533943861 -0.0512948297903643 -0.332971129901667 -0.0555556048326869
0.0348367778115731 -0.0172892571646762 -0.272695461797416 -0.168109806918287
0.0416465491737482 0.0145823424897753 -0.0960849597566162 -0.232338244821033
0.00464775138541153 0.0449435822482099 0.0479545175759166 -0.0999594025404195
-0.0549655952632333 0.000782442132402124 -0.0602366553420046 -0.0539566686013821
-0.00554739466499111 -0.0592276726268728 -0.191159146009579 -0.195170999375515
0.0569161754307355 -0.0444583451344146 -0.0696810739977127 -0.566408432912592
-0.0248964289025132 -0.203896588338391 -0.177677056215119 -0.314102246190792
-0.143015561018934 -0.110540657764423 -0.185388452989332 -0.0713351727199934
-0.152243313061358 0.039706727448342 -0.0754673823739939 0.0214782221818758
-0.0124069602393789 0.14681405070832 0.0513564104630241 0.016414634303737
0.0827819454058132 0.114840164988298 0.0131092590466728 -0.114569454208883
0.128487648166039 0.0411740689499183 -0.140649300798554 -0.141624109162441
0.125240120406719 -0.0361409375124841 -0.246101524587313 -0.0819123444781651
0.129473707052734 -0.0508540645198869 -0.276957289555345 -0.0405744324031437
0.140249850685492 -0.0297939820285228 -0.299423713522757 -0.0635077213701076
0.161781890862325 0.0770326097649972 -0.24628613642579 -0.155718155462292
0.0859606046907826 0.174134416190373 -0.0899460819272463 -0.210724434396792
-0.0659364507928445 0.196630569600248 0.0356037729829872 -0.071805012622698
-0.249863072882915 0.0316355879239402 -0.0786993936370833 -0.0411071006083148
-0.182536803929507 -0.20113429611346 -0.185376907389202 -0.19293830777928
-0.046496878697733 -0.266440247113433 -0.114821477673317 -0.505491137138558
-0.0956268392084284 -0.33510803849993 -0.214144585786822 -0.199609942059322
-0.2548683066018 -0.157125363921693 -0.167607819947119 -0.020752561770919
-0.243481152847087 0.070164436403931 -0.083985993608376 0.0456360968620044
-0.0308645523033295 0.229948673977275 0.0481698155743298 0.0257761535174705
0.126153854995279 0.19618975282437 0.0128300961467295 -0.0791670793014213
0.213093746006652 0.085409717678685 -0.0993864252106844 -0.103776644169058
0.216971297780225 -0.0357166940446121 -0.187915850757037 -0.064174909521588
0.226156198851811 -0.0612912303659087 -0.208885478626835 -0.030586301017007
0.243100214625705 -0.0317556351066455 -0.223882092403681 -0.0353390594625088
0.280897275028052 0.130668455032997 -0.193777923327963 -0.0989633872320036
0.152820393618992 0.296917097337481 -0.0889860974540921 -0.150448804414196
-0.0918577077332561 0.338781302113495 0.015330765646929 -0.0384658464349307
-0.405725108394199 0.106625941733695 -0.0844668647294289 -0.0115892170293675
-0.36914517565435 -0.278613072520809 -0.167744330162923 -0.144882518145145
-0.131084599919214 -0.443962955826971 -0.0681584000920063 -0.396069471144235
-0.128909441838157 -0.436623886976771 -0.189817652521307 -0.068592744108169
-0.348471866746955 -0.208656132042263 -0.112497084731654 0.0177174826436364
-0.336563227582924 0.0892360575078096 -0.0851772560492173 0.0507936000907561
-0.0684218445911886 0.31150215772909 0.0300595248799659 0.0425411808384847
0.146971587593444 0.281725441508663 0.0253643538983496 -0.0217627613165503
0.272277552809358 0.146466335820809 -0.0189252113650257 -0.064335954436886
0.288792434481916 -0.005748705270348 -0.0873514824960464 -0.0707705054600383
0.298145661802302 -0.0364218302827136 -0.106126966261212 -0.0527236217700462
0.310042130848857 0.0029250754754806 -0.112259855126045 -0.0435462973197304
0.338695439672421 0.199740811076691 -0.0955854572123654 -0.0647554541052586
0.163834292711749 0.392010356087226 -0.0461106095149916 -0.0844000869739169
-0.13800963577493 0.422385015955877 0.00506801815329271 0.00495410891073264
-0.511598790866962 0.120207608694248 -0.0690980013601969 0.0108902923090707
-0.463282920745964 -0.351061472346354 -0.0986742519704071 -0.0993724821891174
-0.169056654812109 -0.55396050524083 -0.00243721914955914 -0.237098335620273
-0.127104671614837 -0.488844913138202 -0.149233589111991 0.0935971946752398
-0.399256137849283 -0.249448871359991 -0.0258468473559477 0.0685187315725151
-0.401370164804219 0.0937745746873196 -0.0725978151389461 0.046204481241652
-0.108012773671248 0.360684612744101 0.000832129411405099 0.0643949254813904
0.142173726113046 0.336452973377916 0.0376039266748925 0.0583682296327322
0.29190865589162 0.193111718242885 0.0763523982921478 0.000806932012076879
0.319523842353845 0.0301634187310758 0.0349540634650762 -0.0566154436903409
0.322778073461794 0.000567474549904951 0.0150823176889275 -0.0571218039943107
0.322698546196852 0.0429090101491218 0.0138281241832817 -0.0356726525443313
0.334558641221168 0.240006016802207 0.011608983970254 -0.0166205381537876
0.136664825025784 0.417648588478449 0.0014479217938599 -0.00754148425339609
-0.168089279746887 0.416624120724377 -0.00213860849041305 0.0459871723603776
-0.516630337742455 0.0949392694848167 -0.0394543529685968 0.0357700960089379
-0.457669203021304 -0.371851133923898 -0.0145378413663067 -0.0351998962287558
-0.164069975654968 -0.569481938281751 0.0582133252119778 -0.0535228838297377
-0.132203942680475 -0.456480346107598 -0.0926029409186338 0.278797602841885
-0.394141137717296 -0.231466297902108 0.0831480229013163 0.130075824694834
-0.387126931556147 0.0973793262170074 -0.0419133439323868 0.0410427972166619
-0.11216201663989 0.341803371702594 -0.0284961147491524 0.0849545455060712
0.125264405007402 0.321576988339662 0.0501233643559378 0.143923578938746
0.269355665461949 0.193689599699052 0.170021190684207 0.0753385908043027
0.298764108903462 0.0467189181259195 0.158255228896403 -0.027341330160647
0.293857282963099 0.0229596975203662 0.132908871063056 -0.0471801329182277
0.284019850789075 0.0639965990530085 0.128872763108603 -0.0177437026430571
0.277103504397588 0.22759479323421 0.104503514300953 0.0310571570655775
0.0904055365706631 0.356759598242076 0.0410031704753542 0.0600482720891384
-0.157148199141241 0.32113912060225 -0.00723588373812228 0.0721573589570433
-0.408527519181283 0.0532459644154499 -0.0041797583783222 0.0554527699649151
-0.364408465783036 -0.314270053431419 0.0569003935467622 0.0270615899077312
-0.144113507121206 -0.476955685870356 0.100847881889106 0.112193537463287
-0.118199727766143 -0.344911911873295 -0.0264841600858899 0.442345434356091
-0.30989298333921 -0.167553274883773 0.182892252222667 0.184450964205439
-0.288104771181441 0.0759516182622164 -0.00148388895107491 0.0331275813045365
-0.0922943477384835 0.248635716223283 -0.0524806196184631 0.0959254451325135
0.0798020167195659 0.240970425623897 0.0568186140788912 0.213600263307464
0.195416121961735 0.156072986524951 0.243086399963143 0.141072658621298
0.226484071927139 0.0539390568093607 0.262982275423699 0.00615853841768068
0.220861555928474 0.0407966275860514 0.229552280924459 -0.03099818071267
0.204554458401001 0.0756355268090608 0.216788787560432 0.00300053460358119
0.176059166264728 0.181035529411477 0.166157497513737 0.0674193551913085
0.0268263580003235 0.242977382977095 0.0622083739816147 0.103739563744416
-0.126760891569791 0.174761645480505 -0.0152135133023492 0.0731842922371913
-0.239117836385236 -0.00211022335796411 0.0229593052073272 0.0587953260277878
-0.215245984134111 -0.210732349191662 0.100652800314426 0.0664085638934282
-0.105401977210732 -0.313231704692315 0.128676723928266 0.229396424308839
-0.0835131408155176 -0.17211418558559 0.0349179574816434 0.555709847893342
-0.168893305739523 -0.0725352246131812 0.250539876938113 0.221965165248166
-0.133288067649377 0.0436988928044286 0.0439635887451063 0.022562810079346
-0.0498858704921137 0.107580441733137 -0.067213872400049 0.08670018238698
0.0234814602223573 0.11653553539675 0.0511344276536569 0.247181285812355
0.0864971611472341 0.0912339983220131 0.278888750160959 0.186913478272337
0.115141961636156 0.0526734793416814 0.329592972396983 0.0386376099085683
0.114256363431876 0.0538353076677428 0.291346772090788 -0.0117580036535669
0.100891725963484 0.0752131241538203 0.266058621801686 0.0227187748383159
0.0637595395743968 0.115385091177277 0.191065477451557 0.0924552273330967
-0.0317775925559164 0.114057161699177 0.0629537853619153 0.123647956402216
-0.0867937267424991 0.0335657438396959 -0.026477830826603 0.0555709326446896
-0.068111618699404 -0.0434384438584304 0.0373889670896617 0.0468808222251803
-0.0628807427408011 -0.0891549421640303 0.115427439711046 0.0801486716616038
-0.0593731536275442 -0.119040128381663 0.140656985829056 0.2875305649735
0.00184323970097766 -0.0401329853908496 -0.167450795940545 -0.34761746631988
-0.0515886203839724 -0.0194505989355362 -0.191432138484563 -0.0799369535107397
-0.0517796177993101 0.0458443767954187 -0.0562123446079631 0.00591511367541489
0.0348120084640091 0.0657945574556466 0.0481352119949506 -0.008514313565315
0.0598102350492275 0.0129433624598541 -0.0100329768969702 -0.136658440024659
0.0441183977952071 -0.0322206344935536 -0.18479536213995 -0.136703575535353
0.0117681317751033 -0.05740027538944 -0.280636983969692 -0.0537914941467502
0.0030554138689839 -0.0580509296008544 -0.30986189895961 -0.0125293136754584
0.00895390448468238 -0.0511566563554999 -0.335777462937899 -0.0438004032853425
0.0345959170117441 -0.0185515300576349 -0.280685116459143 -0.15805055158615
0.0432087826888521 0.0120272230638534 -0.106168343722595 -0.229576402983102
0.00701817079484431 0.0442378302325077 0.0447223525381458 -0.103816791100698
-0.0553693698098696 0.00306094233807945 -0.0639740496418486 -0.0532936086848407
-0.0075321880104461 -0.0594329088331882 -0.196088387103159 -0.191810548703269
0.054977694985732 -0.0471046771713716 -0.0849862981583548 -0.568094776175772
-0.0326396353437215 -0.204736889520939 -0.186426121668829 -0.313528396919568
-0.146873470245256 -0.105304363504596 -0.187292016105971 -0.0663282938230914
-0.152706232092625 0.044473753966999 -0.0758000325517904 0.0257190463337676
-0.00752811849940002 0.146471701629766 0.0529765793480184 0.0136023164206872
0.0872963898475515 0.112221848185026 0.00986841161927338 -0.114889203763373
0.130651999208484 0.0355693857752288 -0.147101675536734 -0.135839562371968
0.122877270878487 -0.0411094187871094 -0.249583748588737 -0.0715299756993117
0.127066725856766 -0.0552098294930276 -0.281125661967652 -0.0321689317690418
0.137975577127352 -0.0341335559664095 -0.303116661134582 -0.0516243611194868
0.166584063272801 0.0714779315828717 -0.2527163616328 -0.147499056931257
0.0937808709616027 0.171396728700915 -0.0994895946324313 -0.207106076011525
-0.0600148513427591 0.19868574360242 0.034230352709006 -0.0748020213169348
-0.250980352244289 0.0403914901806156 -0.0808493494059793 -0.0405934840278379
-0.190486062974506 -0.197908844878009 -0.189369738038316 -0.188721246515933
-0.0554813691617133 -0.269626102176346 -0.128264730310181 -0.506410822888529
-0.106955521169549 -0.334603198536081 -0.219442253839185 -0.198011228227385
-0.259640341795786 -0.14939455393509 -0.167677677298337 -0.0170356167693271
-0.243515548629262 0.0780832393727608 -0.0820426731067459 0.0505372515610152
-0.0234083122245716 0.230624326014767 0.0490667213722567 0.0226638746916992
0.13439034055626 0.192358236438519 0.0116740452770045 -0.0786103875824515
0.217124281253865 0.0769690278064064 -0.103791453863604 -0.0997393560073321
0.215246219354313 -0.0431611990671423 -0.190699514785643 -0.0559225846929918
0.224740280849535 -0.0694727101022649 -0.21173290635979 -0.0238820894310179
0.241416019357508 -0.0386661593166069 -0.226040082948406 -0.0265922021811211
0.28779031971759 0.120762630564919 -0.197950160781318 -0.0926420988721026
0.166120393815161 0.293153153333862 -0.0964579244374511 -0.145126653909603
-0.0811262698045502 0.342338579330642 0.0153145945778521 -0.0394023612317909
-0.406746010096968 0.119434088285053 -0.0854056980368178 -0.0114525310601241
-0.381192290165915 -0.270626905455435 -0.169737631064099 -0.142189605989466
-0.145447384164554 -0.447967276817166 -0.0788516428392267 -0.396213176041205
-0.144354969443301 -0.437090287171018 -0.190876239555141 -0.0664764635962289
-0.356717290168291 -0.198817675636094 -0.110989056368014 0.0188650671991707
-0.338280241277231 0.100553754106723 -0.0820718382571645 0.0568448799003771
-0.0590284882341754 0.313894109343972 0.0306342748909715 0.0398367214793122
0.158249319459446 0.277492883219623 0.0259724147990727 -0.0211604450485108
0.278639708896185 0.13544717712522 -0.0206962798716308 -0.0634066909893021
0.289570665644728 -0.0155637235395875 -0.0911466569527893 -0.0654401496086516
0.297915470661742 -0.0475772657760382 -0.108930128086577 -0.0497054496356628
0.309780478902341 -0.00638141671853365 -0.113206098864861 -0.0389958790874926
0.349912365849289 0.18925173945917 -0.0972154820460655 -0.061109877952924
0.182490198263705 0.390023058893123 -0.0507099305541844 -0.0800035426344569
-0.127163180146012 0.428567656061249 0.00743956679823537 0.00488228239755851
-0.513127278238063 0.138114536226954 -0.0677289942932915 0.0103234980921862
-0.479232037833379 -0.338630857591068 -0.0985658181410274 -0.0981259143145707
-0.187230785757195 -0.559310527337782 -0.00750609236958242 -0.237426723331627
-0.145568168534455 -0.491741355388721 -0.145233513979473 0.0971172371385305
-0.409664811912933 -0.238991193179277 -0.0219825425057972 0.0677424508076048
-0.404471494740211 0.106348986559816 -0.0689960633359649 0.0525169566669613
-0.0969079885267057 0.366391309532742 0.00262805932562072 0.0627416153193221
0.156205462296398 0.333975149106563 0.0416832778192717 0.0600809715809112
0.300362479036955 0.182401801796738 0.07788624295792 -0.00236420453473869
0.321381844933405 0.0191455356450892 0.0316843969970234 -0.0552840703065198
0.322863427619108 -0.0122320630512735 0.0128963749210233 -0.0578714724061878
0.324046692510199 0.0323420296871724 0.0133376899655293 -0.0354398133320069
0.346819704149444 0.229372630681752 0.0122068530849086 -0.0165787101713701
0.154320858938575 0.416253680678439 0.000235452039080624 -0.00355496400363625
-0.156728948992106 0.424340897886825 0.00121835892942223 0.0480888299940785
-0.519969804350239 0.113482080508539 -0.0366309449502773 0.034606691566712
-0.473428254550507 -0.362340945781376 -0.0136036795690816 -0.0359423316547394
-0.179003409613674 -0.574530405136035 0.0569621923383759 -0.0540308556085278
-0.148923467287659 -0.458343451797167 -0.0831580027276124 0.282355216550726
-0.40441712439296 -0.221038098516178 0.0890507679496307 0.126393879139548
-0.390642591678002 0.108651938743184 -0.0381431660788899 0.0463410315956329
-0.101797157621708 0.348401678257057 -0.0263854970516042 0.0847652382567852
0.137986274064433 0.320473375109966 0.0576959454584611 0.145928047487727
0.277580029329256 0.183677409229567 0.17559636921475 0.0683305845555422
0.301528712839965 0.0366683379382443 0.156907078766734 -0.031337954503685
0.29631515782014 0.0117466769337939 0.131704397220399 -0.0512138339089017
0.286772938947852 0.0561774318875993 0.12927354419378 -0.0216770249308093
0.286867261931099 0.217811385674566 0.107440678030515 0.0277155018828753
0.104666510017605 0.356784077568459 0.0425412287430178 0.0627418354608217
-0.148116591103371 0.326999383729632 -0.00320544568058983 0.0745336435574326
-0.411172792243236 0.0672484464415402 0.000154138157603414 0.0533016527414619
-0.378764690545496 -0.305812358909969 0.0595167253967968 0.02443435123245
-0.157432919525234 -0.481962216829722 0.103837522980358 0.111825206560657
-0.129397067184209 -0.346097528184824 -0.0120486149049921 0.447161219175207
-0.31627192323238 -0.160395253132007 0.189452106532435 0.178370696115789
-0.290829782541313 0.0853183234674335 0.00215410610021415 0.03665982189323
-0.0851219452184994 0.253567371214943 -0.0499336039415304 0.0967153166086908
0.0894978835595097 0.240721825755903 0.066703947700176 0.214886060108339
0.202013906407392 0.149081934109485 0.251651184072862 0.131652829442271
0.229882493233698 0.0467577135913449 0.26351474151672 -0.00235430986260305
0.22399061598721 0.0329392276361921 0.229315358015259 -0.0389366795453909
0.207638824410879 0.0700071007416234 0.21781746894656 -0.00463913553900517
0.184288122470205 0.175056424803086 0.169778855393607 0.0619570450378009
0.0364610216501583 0.244017293696529 0.0650469881950606 0.104314789336922
-0.122641697435506 0.179365382493057 -0.0120817975407887 0.0764117895954686
-0.24079400734876 0.00521815700987172 0.027606253411195 0.0556021860292842
-0.222705056944665 -0.205777326383464 0.103199363670162 0.0620258271137807
-0.113315898416778 -0.316040251972309 0.134591994166236 0.227634576811925
-0.0885911885188773 -0.172281108505675 0.0499855185789677 0.559585977794555
-0.171587460628634 -0.0688780464842726 0.258132152198765 0.215568083744472
-0.133999682146867 0.0476086889420992 0.0468714793224632 0.0236433933020771
-0.0475165603540618 0.110351246773748 -0.0641413832173755 0.0897103788946462
0.027110911962381 0.117098317875426 0.0623399060226608 0.248527320256271
0.0899346996845186 0.0881405232984082 0.28880411731652 0.17582409557836
0.117771008594103 0.0494300426812056 0.331342923218225 0.0275793100432294
0.117115574753609 0.049843602998469 0.29246672392883 -0.0207062953404332
0.104532932625886 0.0728224800575124 0.267694730123619 0.0134989047977804
0.0680022522677524 0.11304954736846 0.193874634511296 0.0858542542831117
-0.0278165989390298 0.11629610909264 0.0675778958238102 0.122526471853181
-0.0873767710600194 0.0362244954567038 -0.0246835115195017 0.0582407934898232
-0.0702501929240061 -0.0419839199062632 0.0416144430884304 0.0429805267642389
-0.0659376193472203 -0.0870676776901047 0.118378150695398 0.0752389809256482
-0.0616579755959079 -0.119134245605328 0.147710640146423 0.285680928488708
-0.000660899256513027 -0.0393379260583162 -0.182974445761607 -0.340287313112798
-0.0518485887366679 -0.0162143009866106 -0.193820695354991 -0.0693512893252873
-0.0486743084498106 0.0487622271733026 -0.0568334718892349 0.0109743522142281
0.0379240340660535 0.0625111790926688 0.0481471487158399 -0.0107876914358007
0.0604243185436231 0.00901560362005568 -0.017052383151022 -0.135635824875894
0.0419263921075655 -0.034929488382179 -0.191105251125295 -0.124627745860547
0.00738457207279153 -0.0575232803676143 -0.280314642411043 -0.0385335443987901
-0.00100418125876718 -0.057263099647176 -0.308862148514903 0.00323814800588026
0.00483003439240707 -0.0513050464702112 -0.335731310843473 -0.0241142126526224
0.033743505867248 -0.0209084854836469 -0.288466639912164 -0.140404472127132
0.044209033140022 0.00949786313631726 -0.118989114405248 -0.222740102660007
0.0098861689983947 0.0426048237176246 0.0390053680240897 -0.107376875593144
-0.0541896182821776 0.00666627253222705 -0.0678490674743367 -0.0499211706505978
-0.0104680428069944 -0.0583363671351657 -0.201378446841582 -0.181437585983068
0.05126675137673 -0.0500514497546335 -0.109674410525089 -0.562019540270142
-0.0435339984955016 -0.201444445017894 -0.199434265131325 -0.305136142584381
-0.150945576950253 -0.097086701835562 -0.187842678493052 -0.0565624630476358
-0.150115495124368 0.0524520164057481 -0.0742298309420401 0.0309322585470406
0.000545908819003702 0.145028893460037 0.0533392092315731 0.0100855175966347
0.0935591293190967 0.105731085260098 0.0046005108485965 -0.113918076092941
0.131821154064402 0.0274675214097115 -0.153119600925689 -0.1256008099136
0.118711880948613 -0.0472050879074896 -0.252283675155069 -0.0570603399871929
0.122554323714202 -0.0610837624667364 -0.281766774239709 -0.0173974313882551
0.134092333609253 -0.0400339377861703 -0.303150003884524 -0.0351161082923026
0.170484423324814 0.0612225166682862 -0.259518045921657 -0.130998314040549
0.103378887195494 0.165187865651523 -0.111721940918832 -0.199043682663131
-0.0489986368764655 0.200141426914038 0.0304510895859192 -0.0777055380287093
-0.248463504181823 0.0535890434309114 -0.0831293205668302 -0.0379036375184013
-0.200810933572523 -0.187244589327442 -0.193858519841802 -0.180032490330347
-0.0692902128157863 -0.268371857453637 -0.147355671294022 -0.49946742222529
-0.124337710721154 -0.327495298675504 -0.2259630839857 -0.190178011110953
-0.265286795085272 -0.135461847864067 -0.165914927293868 -0.00941810833493762
-0.239890527189163 0.0903489151750367 -0.078857444094294 0.0563920770458882
-0.0117133948254263 0.228536422911201 0.0485952794381439 0.0189057138852606
0.143806928879239 0.182674442414131 0.00856872206366226 -0.0785739677686865
0.218736876818013 0.0638767344082138 -0.106854588559177 -0.0930364944640335
0.211098134636738 -0.0544110584789639 -0.192630231892814 -0.0435325883541096
0.2175492603668 -0.0811190211738005 -0.212642039075686 -0.0133712064852235
0.235983804442398 -0.0495976481735285 -0.224598054798007 -0.0146802741671412
0.293183378217702 0.103276740770532 -0.201036486773643 -0.0803831148007507
0.181633969543777 0.282160500569319 -0.104562603674168 -0.136828376910288
-0.0641408280647199 0.343920175790259 0.0143047458632321 -0.0411789397595606
-0.399695824104 0.14047913018613 -0.0856885176486157 -0.00960174437248618
-0.39387461783798 -0.250285183914885 -0.171764446395432 -0.134828030196842
-0.168191899484664 -0.444230336109453 -0.094434070691506 -0.390837046113295
-0.165817415175732 -0.429456629779434 -0.191231130269143 -0.0605068458227396
-0.363695500850241 -0.180288425869374 -0.108029637801635 0.0228379920286992
-0.333069373081073 0.118036108224489 -0.0769820553673562 0.0630040812370753
-0.0428675708973105 0.313841376770376 0.0322154096287359 0.0364423370225515
0.172763241496266 0.267184004185891 0.0276826064458541 -0.0204336021493437
0.283157841424749 0.11842759835364 -0.023287232498601 -0.0618709101324057
0.285815205495335 -0.0307329807053099 -0.0949254701715422 -0.0583034275018923
0.291599288807092 -0.0624912813995347 -0.111832008191585 -0.044199696947014
0.306082326860666 -0.0207218135603028 -0.113146924985233 -0.0329152193192872
0.358714819009797 0.168330784675519 -0.0994296955369326 -0.0549322290656015
0.202804415661558 0.377676440015865 -0.0557448736842617 -0.0730422128259664
-0.106672552403248 0.43372281783583 0.00922740035494137 0.00415844668996878
-0.505367180662059 0.16378971081951 -0.066170495651764 0.0104741694890378
-0.495397775563835 -0.315078913827861 -0.100180594180978 -0.0936940167106879
-0.215647315432738 -0.553975994984442 -0.0171008637089339 -0.235515090988552
-0.171092163741863 -0.484081694111205 -0.137582951062482 0.099880269645496
-0.419384536060495 -0.217151672491418 -0.0168041836735402 0.0657746304106257
-0.399223135171498 0.126721709368578 -0.0631017828606094 0.0586408477211197
-0.0784890003549056 0.368202854336497 0.00459275648801155 0.0600567512122729
0.17355776484035 0.323448005091796 0.0475114717564025 0.0600491540857519
0.309019503029202 0.163398524470329 0.0784300300239307 -0.00756255750869796
0.32032086801198 0.00150410876242106 0.0280350076675732 -0.0558298515162488
0.319167550124464 -0.0298553061304564 0.00896915844087984 -0.0578981743576442
0.322547720162504 0.0169616551768003 0.0121104982172332 -0.0357775433622191
0.358397696002465 0.207725379611942 0.0123365313185951 -0.0170649615692438
0.177682313414047 0.406353057482829 -0.000452664048922697 4.77036593664386E-06
-0.134267732642655 0.428636365628966 0.00555821804249231 0.0481133059385969
-0.512717269179631 0.139282855744049 -0.0333728509967718 0.0330430591638846
-0.492412501802984 -0.337466747870208 -0.0123084130391553 -0.0358941921304888
-0.208507234462817 -0.569506692186721 0.0556087017096841 -0.0552140624080778
-0.171320132890131 -0.45193641566857 -0.0672257406562313 0.282938978953429
-0.412454878204065 -0.200782108938523 0.095106657911943 0.119707920685614
-0.385432881363146 0.128731098549076 -0.0318757128108554 0.0504974292782347
-0.0832206060857422 0.352050487956703 -0.0218783835824456 0.0843535618208671
0.153386092821292 0.311928519447783 0.067267108083304 0.14445405552101
0.285669993849537 0.166485598792405 0.179276582833068 0.0569566519622324
0.301306799202105 0.0201982892251551 0.153164692038147 -0.0386272063960265
0.293740999151158 -0.00394767416153417 0.12725565668829 -0.0571870084426225
0.287682508723087 0.0419326635369336 0.127810497676523 -0.0286762708105496
0.298303283266862 0.199589683934439 0.108777785737698 0.0219901347730782
0.125473441625198 0.348896660861508 0.0455630414458918 0.0632842044080473
-0.131382367824254 0.332342653484167 0.00216325172994126 0.0751391132591552
-0.406694187419388 0.0867783078762847 0.00483486508376914 0.0489663789258325
-0.392922981979787 -0.285371485215056 0.0613678413370297 0.020070483241189
-0.183311935042227 -0.476657036083881 0.109303904943092 0.107843086858832
-0.145699761993845 -0.339708369107182 0.0104305340447908 0.445751147304779
-0.322916331619882 -0.143961582310204 0.197806318155816 0.167192790559267
-0.287821020583964 0.0997028721619594 0.00785639516227086 0.0384745646680938
-0.0719836124278472 0.257140759390271 -0.0450029227660913 0.0982041929486803
0.101442505054734 0.235953937884509 0.079897094058846 0.212201306415333
0.207884833894352 0.136420089353009 0.258170085447998 0.11514595829815
0.230778330066817 0.0341971824289986 0.26039152982902 -0.0163420979833735
0.223326885402783 0.0205323198441637 0.225754557822329 -0.0495807448807212
0.21027460721995 0.0593183569570854 0.215892161443066 -0.0168562798189368
0.193438457111367 0.163278558018208 0.172096150988682 0.0518898856371352
0.0497816322889255 0.241516624934482 0.0710079207280784 0.102699054862735
-0.113338209947542 0.184214343033664 -0.00732572835564558 0.0775195763590301
-0.239633846047552 0.0174243632300465 0.0323865569502946 0.0500192978678878
-0.23233909558966 -0.193434741244567 0.105531796461612 0.0555051531540597
-0.127775515169474 -0.311973240131066 0.144533092966718 0.222037906184488
-0.0953095057166688 -0.16866849611999 0.0767944273965581 0.555256762503
-0.174135138222193 -0.0604393015466304 0.266477716261275 0.201995038440217
-0.132822359398192 0.0536381432601342 0.0510041731402091 0.0231700756355258
-0.0420358242417863 0.113277945141089 -0.0595265872937907 0.0921670356201473
0.0328776124270961 0.115908461442984 0.0765780018132334 0.245567171105032
0.0936438720721131 0.0828586803729107 0.29793047194601 0.157668872372783
0.119800798671347 0.042945888611916 0.330358890717515 0.00869472468565379
0.119020841463427 0.0428760878597866 0.290251360592391 -0.034839919649116
0.108818029262802 0.0663470378943571 0.265539983556414 -0.000330930787578937
0.0743228166805399 0.108264082057153 0.197255218853032 0.0741385222516625
-0.0212334818126385 0.117745277000809 0.0734370549600567 0.119240215290122
-0.0857807188555066 0.0410258342997505 -0.0214173212830339 0.0608202645525401
-0.072891998587871 -0.0383192697022249 0.045525627825184 0.0378186652966336
-0.0703221244304514 -0.0835670587622532 0.119776038055606 0.0680020882809734
-0.0654389591540379 -0.116873767534051 0.159431324555248 0.277486257098025
-0.00269521982662676 -0.0370777335614301 -0.192518478369688 -0.322436681631906
-0.0506814430125346 -0.012703604839819 -0.189205642809257 -0.0571098733405468
-0.0442047938496393 0.0494770600403 -0.0552888861600695 0.014273180298887
0.0404060163741172 0.0579065517427972 0.0469313450807995 -0.0135444105467414
0.059225473451625 0.00515314480102072 -0.0226374682962062 -0.130194286164642
0.0387460671559642 -0.0365510856674185 -0.19056839662145 -0.108815431140129
0.00336115954716883 -0.0556565458503425 -0.271594438235456 -0.0227363531172601
-0.00445528201144438 -0.0544955037661044 -0.298392759173267 0.0179893042043087
0.000869489606022616 -0.0491417994662988 -0.324789546910845 -0.00547712295390956
0.0321003645810156 -0.0223025398184025 -0.285686069011181 -0.119608715849163
0.0432220546781759 0.00567672569767614 -0.127961806030427 -0.208401533720774
0.0122703266931234 0.0398871067285254 0.0317362594186531 -0.107034002289646
-0.0515029685929265 0.00968646125117717 -0.0695920280342904 -0.0457098681986992
-0.0135863063186383 -0.0554934221399586 -0.201027902328062 -0.167275534072297
0.0458524127224542 -0.0512445744611426 -0.130050541461785 -0.540320809913308
-0.0525693950957748 -0.192368654550837 -0.206659113708482 -0.288846254363176
-0.149753586902256 -0.0861815222033077 -0.182786259891452 -0.0455562465146122
-0.141890461857685 0.0587990240995553 -0.0705933669413837 0.0355955171349569
0.00834649740549468 0.138450901880993 0.0518767377749722 0.00623414893511551
0.0954953084997858 0.0962449280325755 0.000139994673193133 -0.110064142917635
0.128068536808139 0.0185775233693309 -0.153255900150345 -0.112108829927605
0.111302291175197 -0.0517742435890443 -0.245202628158574 -0.0404736320353267
0.113652923984912 -0.0651896736431311 -0.273530741122348 -0.00350004125052302
0.126166569354207 -0.0446553372500594 -0.292960532153359 -0.0175893526840518
0.168472966617131 0.0491666920406485 -0.257447048420173 -0.112390726477265
0.109332485456087 0.153679377930731 -0.119048437086883 -0.18468095092261
-0.0374702571167037 0.194487012215837 0.0257835683283732 -0.0778104565518873
-0.236940729251999 0.0650556772984062 -0.0830454893153966 -0.0334228828715779
-0.203931875581427 -0.171946889961602 -0.192779608825591 -0.165713650362398
-0.0821037911748478 -0.258134940891248 -0.164558378326278 -0.476493682831994
-0.136630614144858 -0.310750501667537 -0.226187688482599 -0.177636648322843
-0.261811079144298 -0.117748788572754 -0.159063104288573 -0.00280667544792686
-0.22693168485057 0.099327061104871 -0.0720266328187092 0.0597316580210273
-0.000225865830395957 0.219866511189079 0.0469623775764264 0.0149886788870225
0.148030286209952 0.168373296423732 0.00649728653604874 -0.0753417766834364
0.21385547913017 0.0492436667564632 -0.107380575494856 -0.0840913485048184
0.199076234306352 -0.0627151644751774 -0.187343556010226 -0.0305735235790774
0.204382392935845 -0.0885712701390145 -0.207176310289727 -0.00212662360393685
0.224754410189375 -0.0580908306057409 -0.215914843177988 -0.00242091592642866
0.289451757828953 0.0842667008005842 -0.197343363583174 -0.0665430731461584
0.191281116456367 0.262263187800248 -0.10840222461814 -0.123816940042747
-0.0460709531823068 0.334607471491263 0.0128432944003935 -0.0412003562178873
-0.380313279747089 0.155366745560209 -0.0837706716537958 -0.00718953661153641
-0.394146277104509 -0.223582691889023 -0.168488728166111 -0.12342311669515
-0.187302620351447 -0.425545769815293 -0.107865641621924 -0.373625895979075
-0.182365915802919 -0.407817037871482 -0.186631789246968 -0.0543269083219165
-0.359429070312356 -0.156881916611003 -0.101702441030558 0.0249103084302178
-0.317204136834862 0.13173219342576 -0.0694401925913837 0.0661640125387393
-0.0257441394545556 0.304514474542231 0.0303237841022342 0.0323423376607504
0.181016130443468 0.248528052395961 0.0281938876886134 -0.0202308379600822
0.279164627081154 0.0986352014614136 -0.0245133883325991 -0.0592346634496841
0.273314624950033 -0.0445653543466454 -0.0942617443660258 -0.0500662950797974
0.277365681969123 -0.0749567501514063 -0.111014197258472 -0.0363124848025847
0.293757035719077 -0.0333948833758964 -0.109716160001506 -0.0255807060020832
0.356496482230276 0.142909315338185 -0.097933841361733 -0.046957040044477
0.218358410793098 0.354390377838046 -0.0576979309996255 -0.0638673870858349
-0.0811031799114806 0.423003810837869 0.0107396788368175 0.00326016087136176
-0.48033793557529 0.184104617124652 -0.0641333538320133 0.010429456529644
-0.496260233220053 -0.280581851853093 -0.0980829354858638 -0.0875776560776938
-0.236659714771444 -0.529460519978975 -0.025642836842266 -0.227409767539328
-0.188845378106614 -0.461327778609617 -0.127266033287101 0.0993755020379307
-0.415535213253831 -0.190138185580612 -0.0123920079963262 0.0625639144433306
-0.3825029629154 0.143864872867355 -0.0548738655328174 0.0615599051242108
-0.0571090149859133 0.358162917340286 0.00609706678257864 0.0563708370337726
0.185987139213389 0.30231798249688 0.0517792591295187 0.0569576562316015
0.305906517868535 0.14096528964688 0.0763360171049464 -0.0124592168275282
0.308368484909135 -0.0148244731613605 0.0233170215632723 -0.0531146287149735
0.305602735247017 -0.0455548488611751 0.00532007479321617 -0.055705013452277
0.312117866839314 0.00205011762829606 0.0104164293856634 -0.0351225169763837
0.35890251039741 0.179510716695913 0.011840598962654 -0.0164127362571947
0.196369208885876 0.384108429070479 -0.000308941381676262 0.00425377069960662
-0.110785529972331 0.420677966416541 0.00987941733285627 0.0459482991132336
-0.487589895650472 0.160454861606801 -0.0294196505463798 0.0295917013195452
-0.493053888777719 -0.30246200834724 -0.0110917317677638 -0.0355678008012527
-0.231039962394465 -0.547276327178893 0.0526029476054642 -0.0549245609268113
-0.187542079969188 -0.430482210742092 -0.0504240309248429 0.274702076741193
-0.408665275901496 -0.174608255109119 0.0984788122812582 0.109107532407977
-0.368943457767103 0.144970843888509 -0.0242104943341063 0.0524906947921203
-0.0639837077238637 0.344318710993515 -0.0190444738388013 0.0815189823268432
0.164888275559422 0.293428357813664 0.0758784121060984 0.138539485017955
0.284033835902804 0.144995891772227 0.177812446324174 0.0433956261234739
0.291972992617963 0.003514532079608 0.144466799215383 -0.0442413744662755
0.282793629045594 -0.0196807913721647 0.119721480912263 -0.0618360696711287
0.279947636615876 0.0271821275516038 0.122939021280599 -0.0341752755058554
0.298925929316141 0.176279731820944 0.106692553408817 0.0156722481200836
0.141264140967435 0.33073535752771 0.0479474861295193 0.0621941268856616
-0.111016505711379 0.32765515356713 0.00747100240590522 0.0733170189594459
-0.388995635080271 0.104820759661166 0.00833139894695582 0.0435437071943471
-0.395236798098056 -0.257607223700496 0.0618369154738638 0.0158453412450104
-0.200413518146932 -0.455371343245537 0.111535535513984 0.0997159740243777
-0.156874882797954 -0.323065272748728 0.0318291064855151 0.429696479007593
-0.318843721285201 -0.124421849108875 0.19946233275938 0.150964794617905
-0.275579341128461 0.111434315242847 0.0136665294754653 0.03870247426248
-0.0579322152595136 0.252199936141573 -0.0400551081096583 0.0972551441574944
0.110467557703634 0.222671452922912 0.0909121824070376 0.202841825286255
0.207663991528397 0.121151235771498 0.257614819439969 0.0950939309628193
0.224345165449612 0.0213077951413472 0.24907817982508 -0.0288087534845804
0.215726902831444 0.0080329653624929 0.215765158066188 -0.0586787980768941
0.206258545694536 0.0461026916058001 0.207186879934748 -0.0271317253511414
0.195643657434724 0.145881842707689 0.169088338157 0.040912828917707
0.061946318304989 0.230714401874667 0.0738490404159077 0.0976506673512135
-0.100898359596461 0.182924061108044 -0.00157937636518348 0.0761869714044607
-0.230936074940112 0.0282910440455524 0.0355764348459449 0.0435690501633688
-0.234456333916643 -0.175144590514817 0.104536148102639 0.0477955185148778
-0.139067414439205 -0.297780946700434 0.14975296473252 0.208217656888852
-0.0994389412086271 -0.159562898947428 0.100538882032171 0.534268759010319
-0.171185497902547 -0.050739246474199 0.266633747962634 0.182220003455575
-0.127577729735795 0.0587057494751361 0.0529780935930541 0.0209326336740549
-0.0355641359714174 0.111867873368536 -0.053512171486103 0.0928209485561753
0.0380561169584304 0.110966564417196 0.0880975970676027 0.234259755809018
0.0940405933380616 0.0756604712184483 0.296423437342876 0.133481070227904
0.117833782465787 0.0354976502330499 0.317955419156498 -0.00903175135601077
0.117030342355756 0.0349649611443751 0.278746041839947 -0.0479796605456757
0.109243110467413 0.0587196525301366 0.256182948532601 -0.0143631960413626
0.0767406839709119 0.099534430460875 0.193891662070634 0.0605761991030068
-0.0141693917432373 0.114953977067543 0.0771935295370803 0.111565474338187
-0.0813888032582096 0.0438583463520146 -0.0170723943026254 0.060966075122768
-0.0723496985679896 -0.0337535420861885 0.047172647042852 0.0313287698181516
-0.0709997115995216 -0.0770334374537513 0.117797456373051 0.0587658873456042
-0.068004239118007 -0.111128416659426 0.165936542214949 0.261648822815177
-0.0103550374956886 -0.0359703934186607 -0.21869516034794 -0.27994288236817
-0.0498486418457428 -0.00584954622555108 -0.18221068496924 -0.0305273132736633
-0.0357517519123424 0.051629028978951 -0.0490239807173735 0.0203574606123869
0.0439433439463805 0.0489773977288432 0.0427500598604247 -0.0217582422510475
0.0562301292236528 -0.00236616943255476 -0.039664242674502 -0.122149712503341
0.0314920979920946 -0.0384962386690995 -0.193384529961049 -0.0799547324955184
-0.00465775913686491 -0.0512776612013806 -0.262375180828791 0.00993035213637602
-0.0109388381933216 -0.0499436823441711 -0.278007906788792 0.0511625341740584
-0.00467301585773387 -0.0440167178904161 -0.305705396909328 0.0314808016507156
0.0285159718098577 -0.0237716785528747 -0.282706599489961 -0.0770830401801
0.0416272100948387 0.00127233521664038 -0.143976239605922 -0.181873978307641
0.0152406389473265 0.0357066542157734 0.018220410615411 -0.106267333847209
-0.0464113225369556 0.0167964930491255 -0.0728751633802124 -0.0333797868745543
-0.0199510886244293 -0.0459296478879054 -0.208397339831296 -0.136222181813839
0.0277015081795609 -0.0514683178817939 -0.184741266088697 -0.499374850603167
-0.0787751779375487 -0.178604942442886 -0.220737500095324 -0.235176507085635
-0.150253577823533 -0.0644832297818821 -0.171393895979492 -0.0190096175107977
-0.126890031811477 0.0718509150718606 -0.0553043782640559 0.0422514159722195
0.0214096234678948 0.127473655377486 0.0519836268680764 -0.00577846835752093
0.100701791943659 0.0790229359902697 -0.0140602093737393 -0.11015314630865
0.120796338290618 0.00325123196791962 -0.158981665540428 -0.0913149218437438
0.0957456365287118 -0.0591447638644998 -0.238989619507237 -0.0134131095908109
0.0983662970288679 -0.0733444953434391 -0.257061141483017 0.0281139123115782
0.1130805939953 -0.0540877232494181 -0.275317271107933 0.014927090461893
0.163041176328725 0.0267949496403485 -0.251335922605667 -0.0751263650544042
0.121227983203191 0.131366387822666 -0.128719173048128 -0.160313126015723
-0.014620314333869 0.184333416373444 0.0199852374978272 -0.075128830523528
-0.212597326217373 0.0911567473736527 -0.0867949960999439 -0.0157863003402577
-0.20847293713597 -0.131227085173773 -0.209977303997765 -0.136324036955662
-0.114709321095334 -0.226559210536533 -0.210432927640062 -0.443351374190205
-0.175002656714881 -0.282592104702298 -0.217481112584045 -0.120062010102969
-0.259056969989038 -0.0834632305297532 -0.140973914977975 0.0180993686042676
-0.202936944718474 0.120692813269955 -0.0491842822461338 0.0639116190875715
0.0222001529159353 0.204045243156458 0.0494044870160764 0.0011158459706199
0.157417578408189 0.140872951508334 -0.00329906887041103 -0.0805463380790811
0.204387230039576 0.0233732997500311 -0.113287130079874 -0.0739628421314879
0.177075692686928 -0.0789747601230847 -0.182328470144454 -0.0134398974280461
0.180649422318402 -0.106296085997487 -0.194600935738208 0.0211186972954312
0.203829451759844 -0.0779122799819297 -0.200693616643942 0.0180771528152728
0.279064482387393 0.0442805197405612 -0.186644729136791 -0.0411122388449442
0.210753053953677 0.222493494455118 -0.107104095187905 -0.105417724126157
-0.00839435793784668 0.315816092063277 0.0157832022276857 -0.0371369029403673
-0.334755072143308 0.193201685074636 -0.0845428879416845 0.0143950665891598
-0.389549297204122 -0.158538031598623 -0.192121108824937 -0.0968251196197273
-0.231391267338021 -0.367964221052347 -0.148021477923931 -0.357041176768955
-0.23242993187809 -0.3706650733583 -0.160969388382307 -0.00118315435360748
-0.355633229899515 -0.110375267337831 -0.0807327987982361 0.0382303047305123
-0.284849569018068 0.160224579227483 -0.0407070426754659 0.0683548305953984
0.00628492344751548 0.286497905179049 0.0384564997002624 0.0178541439268765
0.196458670436155 0.211959926469392 0.0255754030433953 -0.034643688984466
0.271499183579055 0.0620778341664972 -0.0326650134673191 -0.0644117255775613
0.248452220743686 -0.0702840066101941 -0.0954047303893344 -0.0435431062592898
0.249943488917126 -0.101906944359179 -0.108398900282349 -0.0221381150000633
0.271778428229956 -0.0635180086686559 -0.101911996446901 -0.0162571903767533
0.348223483576653 0.0902783520506357 -0.0885203456037128 -0.0359550438413362
0.246015388285014 0.304336904075493 -0.0499571803719665 -0.0544550719622234
-0.0318088425484639 0.400684909193376 0.0213339258692241 0.00814283420973198
-0.425584095574713 0.23230776397094 -0.0647553539494968 0.0315769006548864
-0.490065701187038 -0.200982870856925 -0.126967776702888 -0.0709959080653267
-0.289286093265415 -0.460684620647579 -0.0551034067022918 -0.229649959711882
-0.243134393943835 -0.421955181985403 -0.0851457497753882 0.142010210858602
-0.41055756762955 -0.136551597955824 0.0100566698131064 0.0639612236770729
-0.345351502855183 0.180953434598499 -0.023781179740619 0.0619250395232604
-0.017305530548813 0.340688433456833 0.0200552078929029 0.042503862754327
0.207170184001298 0.262689009248521 0.0590661132225376 0.0335136938474698
0.301124999272526 0.0988888400203845 0.0692625130478513 -0.0345277876424871
0.28432661226957 -0.0469675743064751 0.0168853559648715 -0.0616995881534405
0.280670084457422 -0.0778663000432836 -0.00113875130470558 -0.0545284097792683
0.292522332910791 -0.0334166471147217 0.0115207995680026 -0.0383619848871177
0.355182470640164 0.124544782857341 0.0188910778818505 -0.019720181286477
0.229410015191623 0.333858777094529 0.0121805058873005 0.00418409284362494
-0.0559222110597658 0.401947801495821 0.0251556742990369 0.0507990437030928
-0.434229334030746 0.21071786768781 -0.0302593008405166 0.0447724209803265
-0.49058200002642 -0.220568374543255 -0.0405270573027973 -0.0330019295902515
-0.28375150154666 -0.477104824810057 0.0389942963129815 -0.0753990640761275
-0.237056503663446 -0.393225681626643 0.00645435009886366 0.297666704586695
-0.404266010237098 -0.124234865024915 0.118736643440163 0.095434974216867
-0.33290714399731 0.179765408964112 0.00381580023189736 0.0490839918963445
-0.0258413269091495 0.329217431541877 -1.97759958285389E-05 0.0700606881984207
0.1871468099715 0.256961914207092 0.0925154374963899 0.108389809468742
0.281889086683644 0.104838311736895 0.171145567627717 0.00696068803055168
0.272634673156288 -0.0276421670330155 0.133798490446705 -0.0670047984909899
0.261800099407774 -0.0515663070533263 0.105670734604701 -0.0729569740215936
0.265564812228378 -0.00669488128520462 0.115528446845791 -0.0496924213914405
0.298093681979329 0.127396542463025 0.110800717916622 -0.000915249974021132
0.171253380921787 0.28969087669924 0.0616801955502021 0.0540044074096449
-0.0672257036840981 0.314889460709996 0.0238967376776772 0.0753674504135461
-0.348162825370035 0.145460687756285 0.00797976340022376 0.0499192982931464
-0.393176031821205 -0.192242031660759 0.0386159534460909 0.00615161286993093
-0.240958374464928 -0.40013530648413 0.113116013729557 0.0687270352219748
-0.190928713667595 -0.292073798665141 0.0976512939498358 0.425524546375185
-0.312674484083634 -0.0852161221438595 0.215378371785968 0.122128623763868
-0.248506439733356 0.135734179537452 0.0335514260993118 0.0322613450891048
-0.0295474766023316 0.242693808621282 -0.0189191784145469 0.0905844614444186
0.127139769391687 0.198004369297681 0.115052002511869 0.170583211645176
0.207889385526894 0.0909421602576218 0.252940755684996 0.0482984699769906
0.211874795364949 -0.00484888815891108 0.234381729454682 -0.0627757990666355
0.202847638702417 -0.0181686377302937 0.196213331714568 -0.0809853168965288
0.198408451335708 0.0192809052481301 0.195211511281293 -0.0513019129621706
0.197413240923185 0.111157710634892 0.168841259471657 0.0169034521985645
0.0857027111677204 0.205339909644142 0.0873733172146969 0.0848196667150528
-0.0734390200557555 0.180481340349685 0.0113078729514448 0.0779269326177133
-0.210760582119195 0.054397038445811 0.0345860785927519 0.0407119572544455
-0.235042636889271 -0.135637150331258 0.0901296588235704 0.0306836997414483
-0.162790426196472 -0.259930128466901 0.162550529043752 0.172659536556075
-0.112925643251121 -0.140842686397556 0.165652777002631 0.506850004734321
-0.164444092587686 -0.0312985208794542 0.276998697610615 0.142566120666935
-0.114210246845679 0.0691027372129043 0.0612922251430561 0.0119006078076945
-0.0224221331327441 0.109201717676612 -0.0347920551691588 0.0918921052747838
0.046338270667152 0.100954137693404 0.115806743503922 0.205918594850468
0.0968151831011905 0.0608041397888679 0.296278572430531 0.0851455431446464
0.115875639287986 0.0195945056122606 0.302787523802412 -0.0488833638949033
0.113507926231764 0.0183888784869672 0.255954343456876 -0.0778101180946373
0.109112052914659 0.0412401827842984 0.240158246178928 -0.0432460883079797
0.0818304089903112 0.0823619860918757 0.191486847815907 0.0329743150752306
0.000672914491032191 0.107815784208638 0.0881320540087734 0.0977724488842408
-0.0697818393293874 0.0497407172020829 -0.0088119907630528 0.0630800615120305
-0.0717384885745982 -0.0232138835913412 0.046089454140914 0.0230706301258402
-0.0745354873318276 -0.0644985913106862 0.112079352796501 0.0393797109409047
-0.072423496509812 -0.0961312531459678 0.185593576017959 0.226513040487411
-0.0092751773496586 -0.0334136060741029 -0.203784956487111 -0.271702158166058
-0.046612083392314 -0.00531126185889664 -0.171381849201748 -0.031747563033864
-0.0347929399689171 0.048795153784294 -0.0470148710479802 0.020469092959896
0.0408986272550269 0.046149876186778 0.0412026899203172 -0.0207499328033683
0.0535958696199299 -0.00190567685776425 -0.0355802537545509 -0.116724560396791
0.0298045756988547 -0.036758517381663 -0.182261375318696 -0.0775290958927854
-0.00420301100140877 -0.0485260727981562 -0.248500792690008 0.00705161377390912
-0.0100039724275931 -0.0465909799806228 -0.265733491871909 0.0448586449456365
-0.00456384642034963 -0.0409657107853611 -0.290601009177361 0.026134376279112
0.0278581980762967 -0.0228846290139097 -0.267162227545882 -0.0757443953426622
0.0396350950354658 0.000969427631003393 -0.135316014249649 -0.173962453437486
0.0136508588061097 0.0333903367912489 0.0177675892231242 -0.102036672906235
-0.0433196399742484 0.0157344437157972 -0.0699915868734533 -0.0328068287498053
-0.0182684266088285 -0.0432280469459573 -0.193512453103095 -0.134438875606827
0.026074997709894 -0.0478721288644173 -0.166755300005486 -0.478640132628966
-0.0727992062664495 -0.170645589608024 -0.206676937198887 -0.230430356858356
-0.141243719349908 -0.0629359743020473 -0.161009941784313 -0.0218008457495632
-0.120950391497866 0.0669680798367427 -0.0535253237385757 0.0410436338482673
0.0193213193539775 0.11983947680467 0.0491607473902104 -0.0047801000781106
0.0944917787570947 0.0757322830123487 -0.0111266417632802 -0.104756901794503
0.114141141072948 0.00384746724965526 -0.149044120871879 -0.0888261186411421
0.0909490362218576 -0.0543234732392946 -0.225876333342716 -0.0150084286898408
0.0938751540739135 -0.0673850811574089 -0.245476827594578 0.0230229630574265
0.107749327463603 -0.0488869364316588 -0.261659141237588 0.0107546302143449
0.15550102166217 0.0267108983803279 -0.23714083211654 -0.0740258046849401
0.11402883718509 0.124926037217258 -0.120803804716781 -0.1528638799323
-0.0164780535055312 0.174529059575119 0.0198172114313318 -0.0722813588728389
-0.202999485244059 0.0844919596380433 -0.0832629708026852 -0.0167655406338863
-0.197347977667566 -0.12739004682595 -0.194613190491022 -0.134627874740626
-0.10803423396416 -0.217442290608339 -0.193582688790219 -0.426554251410459
-0.16373400905468 -0.271249567211043 -0.205934777742907 -0.120810896020352
-0.244462906976295 -0.0828180038513705 -0.132801064523114 0.0131218614799164
-0.194601867139099 0.111783972404674 -0.0463365166607815 0.0609743510722064
0.0182931168172528 0.192645801663073 0.0459380725736007 0.00177587026727685
0.147134591509778 0.134681567618293 -4.0046305294618E-06 -0.077342483969497
0.193547422657618 0.0238696164798126 -0.10593076424618 -0.0724786862266009
0.16847917839112 -0.0720632061538665 -0.172417475315326 -0.0144050196147007
0.172549735386675 -0.0977295542929659 -0.186025243785785 0.0175982898530859
0.19415391233657 -0.0703285400818175 -0.189720703135518 0.0140961910308705
0.266079061134033 0.0445976287627835 -0.1759404801544 -0.0409807990190957
0.198542380876625 0.213223907318936 -0.100423045350501 -0.0989791167477053
-0.0122942262842172 0.300073020730707 0.0157425527362186 -0.0363897150744632
-0.320518701094068 0.178713570903238 -0.0820110054329705 0.0106420529046357
-0.368770155903544 -0.156756117905418 -0.178368225610861 -0.0975725951606123
-0.21660429332637 -0.355049841759584 -0.135165137955743 -0.343619314539904
-0.215633506583191 -0.356704434024829 -0.153559241650773 -0.00737776846546922
-0.337258551583149 -0.109971566831974 -0.0770160118637062 0.0328443116201659
-0.272375600270191 0.149972717443465 -0.0378027396035221 0.0648248966084732
0.00249985652850044 0.270641763048596 0.034921518033766 0.0178871986532345
0.184259840976502 0.203278123034239 0.0270282823795688 -0.0328163801825565
0.256491825544641 0.0624758718246732 -0.0298027941733172 -0.0623472509246356
0.235862460653203 -0.0633310568723856 -0.0903546385822826 -0.0413870211103026
0.237834127205561 -0.0939642708775883 -0.103780923658773 -0.0219871703342854
0.258888253793648 -0.0549528820800516 -0.0958646472561054 -0.0167865938857692
0.330716230381203 0.0890150706706052 -0.0830221676233081 -0.0346797474827084
0.2321192434883 0.293046849941865 -0.0465875490657651 -0.0489783861232083
-0.0346503383977175 0.380131286198164 0.0208332349401676 0.00685376297771864
-0.407686531832335 0.214688798070442 -0.0627553315313539 0.0269009350343692
-0.465063527624152 -0.197976733173505 -0.116749587847721 -0.0714976050301267
-0.271118261767533 -0.445481552018646 -0.0476515120174959 -0.220327609983793
-0.226940374977257 -0.405371569608568 -0.0835962079939518 0.130931010732011
-0.390337643511741 -0.135034235616536 0.00911332828896002 0.0585728327262372
-0.330967065680322 0.167823474801375 -0.021425130565075 0.058627149257822
-0.0214073006302544 0.323266440029933 0.0170052237293665 0.0413881768959467
0.19456830104892 0.252134179923736 0.059180179054683 0.0327200499085303
0.284527997238366 0.0968213738382166 0.0661242321557155 -0.0338129243790647
0.270961892860512 -0.0408754186036494 0.0157427446639676 -0.0575010882756953
0.26682795882803 -0.0706593168149192 -0.000762898184586241 -0.0512874490510684
0.279309909196449 -0.0266126374955547 0.0119932429920589 -0.0369239460928702
0.336232585922058 0.12030575797318 0.0194828382069121 -0.0186461781738851
0.21609084229602 0.318596506680399 0.0119485052472812 0.00694407795776751
-0.060834990129209 0.381764303636475 0.0244285337791636 0.0475009747766831
-0.417033224552658 0.193769072391216 -0.0302763205399934 0.0390397949368792
-0.464594751382896 -0.219478066679415 -0.0365037474880061 -0.0335338763270515
-0.265298455433707 -0.459557457808645 0.0392435276476386 -0.0718884090584028
-0.220803722268884 -0.377850059803747 0.00146834641221226 0.281056451029688
-0.382221486286839 -0.124068580096431 0.112096114191815 0.0899624676859944
-0.320632460728472 0.168569375898302 0.00625725159756284 0.0464502652946063
-0.027975264048824 0.313338084822381 -0.00195848840484862 0.0678575950489698
0.174950468098547 0.245794765086251 0.0902645814431649 0.104695315281228
0.265757387057037 0.103512040012557 0.162736846548719 0.00592798326057421
0.258325327176073 -0.0228311717476036 0.126249743754666 -0.06080096355604
0.248905117224746 -0.0458019794174507 0.101385559893844 -0.0670006574283207
0.252062347760765 -0.00292814017837972 0.111084255347149 -0.045738650535064
0.28183062355163 0.123651621463041 0.105748611656804 0.000490834407176575
0.160940506992435 0.276994654863254 0.0591387898029598 0.0545626568577332
-0.0685938969256719 0.298017610685805 0.0226268134660038 0.0722552600257007
-0.333600009192971 0.134085946042508 0.00649477648255065 0.0439309755929089
-0.372517900272003 -0.188401324467945 0.0374181050904068 0.00517926870427843
-0.223264977048783 -0.384204813361943 0.107073230390941 0.0666523809074252
-0.177652919601431 -0.282103651267043 0.0863741839172902 0.406535228534516
-0.296352034374768 -0.086467451960397 0.202219254733917 0.118652709428189
-0.239469256968763 0.126694306784655 0.0342917542852143 0.0307478698036933
-0.0308571288502126 0.230284072444054 -0.0200673300037939 0.0866765407820054
0.118976452955947 0.189745891094546 0.109987779774983 0.164265414353272
0.195929416849241 0.0894959120208724 0.239996008771948 0.047136715134193
0.201212528338412 -0.00222453640656168 0.222300714527804 -0.0561630894887817
0.192364802946928 -0.0145880838450475 0.18737297289377 -0.0738314110261895
0.188934487901558 0.0211534311504916 0.186112978118028 -0.0461326918721388
0.186073239114635 0.107205281141414 0.160306933800112 0.0176959247779198
0.0800976848751781 0.196131369814709 0.0820615738549317 0.0827033198512683
-0.0725153966530316 0.170299330520786 0.0106018018997414 0.0741143158090971
-0.200653154196231 0.0487415513492752 0.0328829478869994 0.0358728001943584
-0.222130689442197 -0.132967491305231 0.0848042942234563 0.02932978078101
-0.150300283102007 -0.250863202993318 0.152061538143398 0.166914750715255
-0.105268031801276 -0.137544139790609 0.150209154284957 0.485409000415931
-0.156181631329727 -0.0332355375836744 0.259892389505361 0.140229625480247
-0.110613081434546 0.0641752719485569 0.0607288567395404 0.011598165664245
-0.0234809336084115 0.10360271688491 -0.0343979043097034 0.0883774323571895
0.0435214703694563 0.0968533437500954 0.109795783298568 0.198221511220293
0.090738406819024 0.0596323238305302 0.279378208819069 0.0827244036558795
0.109584530181679 0.0205047632292927 0.286672758001253 -0.0427522228892919
0.107402315716987 0.0185432834882079 0.244317300667924 -0.0704843874838994
0.103728993352985 0.039875757402173 0.228502395230741 -0.0376589564561731
0.076484347993932 0.0788518309455628 0.181251798454072 0.0339341771357936
-0.000227834346745299 0.102862595088025 0.0824361966224958 0.0939805942449293
-0.0679495588855454 0.0463920252136565 -0.00864790783418938 0.0605150684329564
-0.0677029433432347 -0.0233307555225526 0.0438699384641226 0.0193837164981519
-0.0691559398681185 -0.062287729978601 0.104611268058721 0.0386297165426971
-0.0667040736276162 -0.0932635669851442 0.172119414304436 0.218995161362747
-0.00834000654967082 -0.0324861701252786 -0.189014038154602 -0.276268085694007
-0.0446249695403305 -0.00679114758443662 -0.16589669486845 -0.0383981886866298
-0.0353284750886236 0.0459728928512377 -0.0470521993934789 0.0202132843683953
0.0384525710076793 0.0461671183966683 0.0417185179718633 -0.0195713704813462
0.0526355763471537 -0.000169342425147238 -0.0306355737403832 -0.116509680147384
0.0303669550757475 -0.0357089196340054 -0.174551018760657 -0.0824300596874809
-0.0028913305356613 -0.0474152032277958 -0.241183351773571 -0.00361836870337844
-0.00825533714870316 -0.0455742664075353 -0.262618547493264 0.0330530402770729
-0.00258531755753536 -0.0387456516711017 -0.28463039417457 0.0140793395377589
0.0283092235469947 -0.0218498508791901 -0.258867850450477 -0.0840263860642852
0.0388069827103427 0.00187343149796039 -0.126983632236367 -0.174653328412285
0.0127931144753122 0.0325198656608865 0.0208812476500979 -0.100092963241709
-0.0431231165520297 0.0139154689951128 -0.0683176709019257 -0.0345646558867853
-0.016441640900355 -0.0428121138459183 -0.181833984688076 -0.14126505851612
0.0261840978668786 -0.0452720153726107 -0.142016657130714 -0.476668446050243
-0.0655668842761233 -0.169531051770794 -0.193638876150471 -0.236706998867028
-0.134937707075013 -0.0660552211954039 -0.155480096203673 -0.0293735959071559
-0.120644389007068 0.0609805217398132 -0.0534610038748335 0.0390243339546432
0.014240010065734 0.117040537396385 0.0477025079701646 -0.00296464393077544
0.0898850950183777 0.0773075306578521 -0.0061103136291288 -0.103709010215653
0.111797507974597 0.00755717652797565 -0.142209618433248 -0.0924886965847258
0.0904793268902654 -0.0496294261866924 -0.218613232296501 -0.0234863958732827
0.0935671082742866 -0.0625804557110293 -0.241840929913992 0.0129145794169009
0.107129647553992 -0.0424532328636609 -0.255751182314772 7.02521517598328E-05
0.15147157507046 0.0316447532436354 -0.229239436043379 -0.0804205767479737
0.107784197353194 0.126177223907232 -0.113028943943771 -0.152284778571323
-0.0231737073155895 0.169964731338278 0.0220258800704412 -0.0712640218171744
-0.202150693284704 0.0742669280827142 -0.0823610389268371 -0.0205970336020955
-0.188341606672869 -0.132863138548565 -0.182541821752739 -0.142340819210456
-0.0983102000089119 -0.217149506679332 -0.168947216805312 -0.427848642881591
-0.150578408530331 -0.271702925925745 -0.197805657083667 -0.130356453216688
-0.235206048553277 -0.0899093034757181 -0.130745388226204 0.00487763693489991
-0.193471156481716 0.102586025791196 -0.0473887114860691 0.059456248934223
0.00988875288584726 0.188034695302527 0.0444381323375267 0.00440173850957841
0.139050021831923 0.136856878309273 0.00461285360674123 -0.0763626130286382
0.187849560529991 0.0305161218891732 -0.10072119923716 -0.0758542561874923
0.166987132892634 -0.0639737276637586 -0.167648818243152 -0.0198279680672584
0.171355372369466 -0.0889964177391612 -0.183398084796788 0.0107035715762846
0.193759194488789 -0.059180693438331 -0.185950005965878 0.00572270794168465
0.259582532631485 0.0528775925223339 -0.170411674869038 -0.046437316783321
0.187710684289839 0.214987796938938 -0.0946545349424117 -0.0982396392104624
-0.0243457741293868 0.291865187031679 0.0163116183288114 -0.03652489956023
-0.321987233766098 0.162631591914177 -0.081734500144656 0.00584805532304466
-0.355196496881493 -0.169278033681263 -0.168231017982149 -0.106089651341711
-0.199524422426432 -0.357934200425689 -0.115801832096626 -0.343985577952894
-0.199833492926897 -0.35737847873284 -0.151020208074267 -0.016870571058673
-0.325133941782645 -0.120160494398874 -0.0757469380005112 0.0259067228945374
-0.272375069402043 0.136567255358488 -0.0383898943854802 0.06317696446139
-0.00822461467512339 0.263980004778259 0.0323904151554846 0.0198116239834581
0.172909222608544 0.205321624722794 0.0299378577119116 -0.03185684520286
0.248449043811981 0.0700907333362678 -0.0268915639074122 -0.0638362234852579
0.232454493827298 -0.0526612178560297 -0.086680770840371 -0.0426328250400378
0.235689400912855 -0.0827971957537494 -0.101132795070304 -0.0249266782030517
0.25638579478002 -0.0432833542186315 -0.0927289527118467 -0.0210455405747917
0.321741231749252 0.0988044086030483 -0.079156683704736 -0.0364407511197669
0.217961991198522 0.293743476681647 -0.0428219822699692 -0.0470227375419876
-0.0500426353377139 0.369788026755461 0.0207244995859562 0.00648415884829969
-0.407864950157833 0.193861877422611 -0.0639217798827106 0.0213602609460145
-0.44891783611584 -0.213649262139379 -0.109484840433057 -0.0773816837500086
-0.248217922234033 -0.448424540554639 -0.0371998962352515 -0.218795488953416
-0.207037473549075 -0.407257799815802 -0.08783737207521 0.121915694444075
-0.376329283036644 -0.148930318162333 0.00657204041635873 0.0550070745480501
-0.330889843112671 0.153288735755702 -0.0207749604115674 0.0567180207633311
-0.0327413978516146 0.31497298050338 0.0136340756276525 0.042625678583263
0.180434410749082 0.25474965790934 0.0596478801694587 0.0344350025542514
0.275010320436217 0.106004290837179 0.0663214159966492 -0.0327687374137409
0.265915868804678 -0.0295048209500794 0.0167494184358476 -0.054102371872246
0.26217434155191 -0.0592472145229854 0.000454297808852603 -0.0489639182965837
0.275326364817725 -0.0146939359017905 0.0128948713937654 -0.0362745110990477
0.325499225834901 0.130308571950504 0.0200543610295148 -0.0170663701877924
0.201173922543759 0.319276536249507 0.012673069659701 0.010496763095891
-0.073518003046948 0.370217851123326 0.0224729810073189 0.0469103751440084
-0.415232288198228 0.175166421333922 -0.0317057512544133 0.0341577872276089
-0.448177979399333 -0.233078372985382 -0.0324273167889006 -0.0365777103625337
-0.241556635171719 -0.463298349456879 0.0414204965484782 -0.0695529163761731
-0.20140028437523 -0.381083914244201 -0.0105340656433568 0.273624209818068
-0.370563454130242 -0.137697557422677 0.10574175464186 0.0908765231071843
-0.32076135555585 0.152869432422634 0.0061933689050185 0.0455080464578387
-0.0405100224049268 0.304858162170315 -0.00554681322113344 0.0679089625907864
0.161724784278223 0.248143644811279 0.0874335437542731 0.105837818884664
0.256719389186597 0.112121445408785 0.159394006489572 0.00969808534492413
0.253945168452921 -0.0121005585621899 0.124880233551097 -0.0530535892945631
0.244110238496029 -0.0351451092449877 0.101918855239304 -0.061316534546036
0.247435955264622 0.00790325525368231 0.111163658348424 -0.0407224763151493
0.271938981356351 0.130389956153488 0.103509808514505 0.00441282607205113
0.14914830542201 0.276384567206747 0.0561228486986592 0.0583525505905464
-0.0795684684874889 0.288472452703902 0.02002303443505 0.0710141457962642
-0.330969677824548 0.116759700415976 0.00470066555588376 0.0399971214475488
-0.35846584084435 -0.20018522951263 0.0367935132517671 0.00483888558903084
-0.203824938768849 -0.386827483157176 0.102351611796006 0.0694719512993577
-0.161599319069143 -0.285042700276879 0.0678077959126428 0.401351315674921
-0.287411269488661 -0.0978172336867713 0.192863367322395 0.123203234811266
-0.239916599762119 0.115033466632991 0.0345306233832214 0.030776951983746
-0.039503147786823 0.225218093166416 -0.0235959097627415 0.0854536243351464
0.109604096564415 0.190238267868164 0.104242191449887 0.165412799038071
0.188603766033067 0.0957930908766653 0.232914756337108 0.0528248056814116
0.197289056372908 0.00582773262254818 0.217711680059438 -0.0451099250386679
0.18817644583034 -0.00750873360936881 0.186188282190743 -0.0642990529971265
0.184626856624242 0.0278850954657356 0.183935224480512 -0.0378822444071448
0.178440714342647 0.111772362052721 0.156212596368454 0.02347023045755
0.0718067102406872 0.194401252017699 0.077719478160957 0.0857813248479586
-0.0782190800407707 0.163281801131357 0.00794288057288749 0.0734543821770073
-0.198027787518835 0.0388562655462605 0.0305020544162666 0.0334954863052182
-0.212786226205591 -0.138246167668781 0.0819076295575465 0.0311943487036053
-0.136804556804403 -0.253267363033892 0.141693578603648 0.16993144535758
-0.096096710680496 -0.14015811729856 0.126917536536648 0.483016361078906
-0.151640439106589 -0.0396615513851656 0.247658765133615 0.14879792335894
-0.111324983824021 0.0591059777720809 0.060709321469215 0.0137633947496072
-0.0272647939285795 0.101140637482414 -0.0372377920043211 0.0856437711640104
0.038909814351427 0.0968225848013643 0.101859460354971 0.198725323478405
0.0867214924769442 0.0630668753864789 0.271121915966587 0.0898610163066033
0.10661628106416 0.0241597197650841 0.280062107256859 -0.030056764536304
0.104830037939127 0.0223706062929651 0.242467602802039 -0.0586321813035953
0.0998885900299702 0.0422344392131734 0.224227086877886 -0.0274381435154327
0.0722378530618769 0.0797191137441544 0.175332417417223 0.0397273797649646
-0.00383675105222642 0.100979862681337 0.0765019877362635 0.0956244123693984
-0.0683097081061259 0.043057165361168 -0.0103671600922113 0.0594842528219869
-0.0651994477443105 -0.0260126861187893 0.0425786786954821 0.0183625726633856
-0.0652622001152356 -0.0638240084969779 0.099597395511881 0.0417597063840099
-0.0607611103539526 -0.0945059607323115 0.158948781480164 0.222059582232814
-0.00764538707222343 -0.0327198364664364 -0.181452927558109 -0.292436921983674
-0.0448136902836153 -0.00825724831072668 -0.166248366058657 -0.0466970782505548
-0.0374947986280568 0.0457233241551668 -0.0484796631418392 0.0203883506565755
0.0368724789402565 0.0482268517529034 0.0433492419970105 -0.0186421594727295
0.0540392276863171 0.00175462420848483 -0.0265252045815652 -0.120667545960464
0.0316512215806847 -0.0357591543521201 -0.174412780991833 -0.0907941174281551
-0.00154201477085046 -0.0484824674846781 -0.244728253645792 -0.0135841684854985
-0.00635146512454324 -0.0464041233133365 -0.269942725471216 0.0230659616889641
-0.00129131441705617 -0.0394389195919326 -0.290022401410279 0.00331832617846636
0.0300168090416485 -0.0213808962633442 -0.260298948691273 -0.0947594699720733
0.0396208038926735 0.00194761645173663 -0.123500798739978 -0.182510040159025
0.0120228931103988 0.0327909068422122 0.0244402438824936 -0.102679493726924
-0.0433545977744343 0.0128355555504965 -0.0689631525136555 -0.0377966513601184
-0.0145197816132469 -0.0434776065640451 -0.176356355138203 -0.154438880861114
0.0277803114681944 -0.0443385367583176 -0.122166435464644 -0.493071812099486
-0.059907828123327 -0.174399099713888 -0.187543614191824 -0.252595217071894
-0.133693762978339 -0.0724452923377665 -0.156604737372909 -0.0383574111216417
-0.124548507257901 0.0574979084233979 -0.055975807661185 0.0397280267646936
0.00967741818885455 0.118904465097358 0.0489622356010116 -0.00101438735127832
0.0885183630732648 0.0819921853819722 -0.00174116845072816 -0.106410582990655
0.113157072359079 0.0119223103668869 -0.140952336833909 -0.100127419798303
0.0937118668858404 -0.0461923200495014 -0.221469001898276 -0.0328193950813376
0.0976492533441324 -0.0593965029633089 -0.247557399775406 0.00342235161857005
0.111199537062311 -0.0376863592490517 -0.259909283732115 -0.0114208824610923
0.154145658859116 0.0375956875916631 -0.229900243966295 -0.0902558614270833
0.105724074592055 0.13179888526519 -0.109114208690747 -0.158419590601765
-0.0310733300886312 0.171704032972244 0.0247143186388931 -0.0735333521148699
-0.20910152807003 0.0673518779283851 -0.0830414432073549 -0.0249481968879577
-0.187056685803456 -0.143461458996359 -0.177007875967399 -0.155742568616886
-0.0916900369888444 -0.226162827881871 -0.153821647434146 -0.444856902597215
-0.142578984457364 -0.282512029274832 -0.197206875647714 -0.144204983558164
-0.235270938055523 -0.100897513916379 -0.132505791710479 -0.00360468666042455
-0.200315410500724 0.0965405361156074 -0.0498618171288394 0.0590468216693515
0.00291736820647335 0.19034814952815 0.0442624998471292 0.00676464443068792
0.13650770213374 0.144836612594629 0.0081920753372681 -0.0788513161105473
0.190364724284204 0.0387404221430605 -0.0995825941554349 -0.0821764452894986
0.172058718579833 -0.0576314074790341 -0.169318798549696 -0.0269884648123214
0.178050691217276 -0.0833944530393084 -0.188398837976413 0.00387041940041271
0.20034578403355 -0.0517967583565185 -0.190126089650625 -0.0016259807857057
0.26288633405852 0.0642020632899316 -0.170763743418774 -0.0537149553156527
0.1828906875519 0.226141216918912 -0.0915005496055715 -0.101701148758315
-0.0379379589316123 0.296495579369028 0.019050471338744 -0.0384590509518049
-0.334655804055624 0.151248811928476 -0.0847163479656946 0.000846313781252572
-0.356945958170272 -0.187530900476725 -0.164707852866573 -0.118170896057492
-0.190056263581346 -0.375631519144037 -0.103671266917207 -0.358535007586173
-0.190575156034996 -0.372246389601714 -0.153984900912255 -0.0259443377913948
-0.325577429971968 -0.135227295037676 -0.0787132996049765 0.0195681210852506
-0.28225131564428 0.128550863025546 -0.0403614174209351 0.0631103616662557
-0.0188103450720862 0.267982814395264 0.0317726857344359 0.0223435070401144
0.168412423646629 0.216067498067699 0.0341669560143545 -0.032286691338443
0.250671995634187 0.0817119961553356 -0.0241523761059401 -0.0676795972947249
0.238871878289704 -0.0439831372018308 -0.0862357354266342 -0.0460132435802258
0.242270289268426 -0.0744749130521542 -0.102502462913754 -0.0288475514194172
0.264189219617074 -0.0321975424145516 -0.092896657417289 -0.0258879275178345
0.325791767481458 0.112694208015414 -0.0783612214194286 -0.0399720886290625
0.212712800552838 0.307068544833914 -0.0409734501990968 -0.0469503972850646
-0.0670815202273833 0.375127087553888 0.0209819272331275 0.00576101959153222
-0.42449834366511 0.181285953419828 -0.0667794463834663 0.0165921224348743
-0.451971718328921 -0.2364065582603 -0.106226141788753 -0.0865347992830609
-0.236894293478865 -0.468414927994735 -0.0280979542122354 -0.227088079620246
-0.195866985150858 -0.423847054391599 -0.0950619922465242 0.117503430874547
-0.377879278963623 -0.166666843236449 0.00454055698997771 0.0527236476051936
-0.343156674884091 0.142825371044003 -0.0218369592523704 0.0575601715733583
-0.0465272147819545 0.318367964589859 0.0123926495180876 0.0449334135879818
0.174136732343123 0.266594013791698 0.0623404454580069 0.0360409195011352
0.276644027623977 0.118977890226283 0.0683155073092595 -0.0327193639408074
0.272902597309541 -0.0187852968665078 0.0193882966863371 -0.052706099786607
0.268744116376592 -0.0499946636595275 0.00198164457134612 -0.0493095015667802
0.281406800292553 -0.00301738017594184 0.0158101321474554 -0.0367890249012465
0.327790778111752 0.145391109228607 0.0219771869387936 -0.0165817106707383
0.194834827760177 0.332264982630757 0.0132711551355136 0.0141123390622804
-0.0911355965219115 0.375483110517765 0.021978527049967 0.0473128798110305
-0.431924942801967 0.159892338758438 -0.034989171796893 0.030553138285435
-0.448723853399953 -0.256057878499396 -0.0302350800429401 -0.0407517248032415
-0.228011906066173 -0.483619281187618 0.0458410713585393 -0.0702777537289316
-0.189958588741607 -0.398631876364534 -0.0222659464967638 0.276518490625471
-0.37266570053039 -0.155410055648194 0.10404732270776 0.0949589042786966
-0.334096828091185 0.142174098078498 0.00704824385468034 0.0466429174407112
-0.0534108335230875 0.308649825980695 -0.00895244667182966 0.0700226393853822
0.155733651966866 0.260011561344853 0.088247526345959 0.11116364928575
0.257467267337328 0.124699412114726 0.161668324195773 0.0139516808909192
0.258888330506563 -0.00219514567093197 0.128329826499047 -0.0476710599003629
0.249762787637421 -0.0264139639085476 0.106359807647231 -0.0581673837764134
0.252966661348442 0.0180799157470276 0.11480148537894 -0.0372264196010354
0.273317785721983 0.14246853243782 0.106174990769879 0.00873381578915501
0.142737185308927 0.286449579560837 0.0563768548113214 0.0639998440963588
-0.0935247421097528 0.29061439176484 0.0186350401949731 0.0725372807039458
-0.341792274895184 0.10512962752788 0.00244699977470402 0.0374907598327974
-0.357368514946261 -0.218223152266322 0.0377824158601986 0.00472846327350204
-0.192744240011077 -0.404385460207685 0.101486409686836 0.0750001780438269
-0.153730512879059 -0.298736902791175 0.0516444267236532 0.412090968525115
-0.289419120594423 -0.113030561599541 0.190341141024145 0.133176181440444
-0.250175357271822 0.107901389266548 0.0360213349550746 0.0325282825808431
-0.0503919163261217 0.227527143106058 -0.0277185683302932 0.0874680353585757
0.103910519336405 0.199590528764405 0.102502816717575 0.173015303949442
0.188683778433503 0.106460007061228 0.235601155417284 0.0612739254513946
0.201131671739619 0.0146833413394669 0.222563015004547 -0.0357968500467668
0.191653957105421 0.00035198637605942 0.192571108962519 -0.0578326183758801
0.187489180711576 0.0357459397677552 0.188883205795741 -0.0311317370243316
0.178718574485854 0.120416120244527 0.158600946509028 0.0291783151376668
0.0662627016571532 0.200551117732274 0.0760039097941496 0.0920884126573298
-0.0871551025325674 0.162578957095125 0.00547707038454043 0.0756827110525032
-0.203201240327103 0.0310041857916767 0.0295834731344939 0.0317750555106212
-0.211650156767087 -0.150339430338796 0.0812040233034292 0.0341325492559794
-0.128633245504765 -0.264947544424684 0.136738652662003 0.179509005560179
-0.0914533237846045 -0.148078454209852 0.109923556245535 0.498719317508602
-0.153349070871527 -0.0483331115677241 0.244853756923062 0.163144060571831
-0.116366879739533 0.0550491718799825 0.062988075130792 0.015560780156644
-0.0323424187122038 0.101831613806606 -0.0418628429709886 0.0865232177502864
0.0355158653558763 0.100966286906261 0.0976050672916132 0.206945560173455
0.0859624077039463 0.0686253477141067 0.272200429411062 0.100818971373423
0.108633190121521 0.029805117660165 0.284908415107305 -0.0181443514877728
0.105183138910883 0.0270229426594026 0.249077785868334 -0.0499501230077938
0.100055561246937 0.0465000225890084 0.22929035749356 -0.0187049772105006
0.0698595008374495 0.0842243039885748 0.176373971243892 0.0472531420438856
-0.00745120761884894 0.10322533744253 0.0740772317148636 0.100918413440225
-0.0720222559595585 0.0412293140327484 -0.0127552155811146 0.0605221800534973
-0.0649939916706298 -0.0299946601315714 0.0427470705407721 0.0179639408592558
-0.0637960563301945 -0.0674185824424668 0.0982315391886417 0.0463658645697384
-0.0565032468972024 -0.099578985898509 0.1514401839888 0.234154504164412
-0.00743788744070562 -0.0337664402108179 -0.18789187619907 -0.31320503674935
-0.0461524353295599 -0.00895927337413395 -0.173271664448736 -0.0527702925868916
-0.0402668531459616 0.047557644877889 -0.0515833714552044 0.0219852411331288
0.0385684894017321 0.0508623552819952 0.0454835127450126 -0.0192609052674637
0.0574741593958057 0.00244140981223892 -0.0258531141531542 -0.128480138085237
0.0334069450332038 -0.0379855990279899 -0.182249003726633 -0.0979534892930319
-0.00151927063619034 -0.0510735083765058 -0.257322956497423 -0.0196645158349453
-0.00647827045068352 -0.0487803414426813 -0.285601692559149 0.0201792628752352
-0.00045692904295041 -0.0402004045344046 -0.305735010303497 -0.00176902576574693
0.0320144269955048 -0.0225686662703566 -0.273078829928881 -0.102928718831041
0.0422664460968341 0.00180414588644063 -0.127891942702434 -0.193936589696553
0.0118187496154625 0.0345925144552006 0.0263542337219496 -0.109443821734576
-0.0463354310303186 0.0131963219927223 -0.0729462845058047 -0.0416593496403526
-0.0147629921237336 -0.0456672781026895 -0.181311214954141 -0.168454910961381
0.028710539464072 -0.0457323920574834 -0.119410189140462 -0.524933600508742
-0.0614517310157146 -0.183322245757329 -0.195408981403753 -0.27246856264757
-0.13894417626397 -0.0781970614157444 -0.163345686846164 -0.0449625622693482
-0.131534598681159 0.0585112257590899 -0.0592288748673316 0.0418135573279128
0.00802657796321014 0.124377062665253 0.0510416324402259 0.000275711070211769
0.0922645136753346 0.0876753758597615 0.00069162047469547 -0.113663749467422
0.118625404722294 0.0134150596009696 -0.147154001778699 -0.108330458886093
0.0988804211820616 -0.0471596817962837 -0.231954284820175 -0.0388570098798916
0.103311774781697 -0.060876273069707 -0.26267308632306 0.000112520042238818
0.118865890153941 -0.036552333773626 -0.274001017305839 -0.0167121952747363
0.162048837622712 0.0414580664068951 -0.240220415099586 -0.0985827182291104
0.109962890980478 0.139950414853141 -0.112625290897145 -0.167346043649728
-0.0357297810763508 0.17990332718273 0.0268366831598422 -0.079193349497248
-0.221792840456128 0.0677095088534782 -0.0886185511238618 -0.0291156656506035
-0.196083113892308 -0.154007800807421 -0.180535822690469 -0.170723236597071
-0.0947504584117121 -0.240472769349286 -0.152741408319271 -0.474373611636261
-0.147366518278876 -0.297933527088967 -0.206790370296778 -0.158420663527445
-0.245148445693587 -0.109508801601639 -0.139042039123674 -0.00887362277842842
-0.211937093734255 0.0995099313683214 -0.0519988649883098 0.0623135835515402
-0.000862602767625965 0.199742429764371 0.0471824934668893 0.00817325434054253
0.142560473285636 0.154953752290637 0.0109970303075071 -0.0843089362627683
0.199646887496912 0.0434689158005513 -0.104077179243673 -0.0888862928718188
0.182327529447799 -0.0580042299504108 -0.177768740145903 -0.0305762627273297
0.18770947622875 -0.0845689987597158 -0.199161959474343 0.00114773879721222
0.213402461531139 -0.0503269327351047 -0.200013113915789 -0.00619605751292675
0.278004548207666 0.0706814999906555 -0.178165951763065 -0.0589248882975152
0.19073053896933 0.240153663085765 -0.0940900889747159 -0.106535305723702
-0.045729867362241 0.312283740706985 0.019761253921185 -0.0420472042505147
-0.355770159898753 0.154599779529412 -0.0907002319826379 -0.00244090394830037
-0.376080407539989 -0.203046662683301 -0.169482652600339 -0.131410411249103
-0.194808529457465 -0.398859295737822 -0.10148729615235 -0.380811884428266
-0.19568594158385 -0.396026338481247 -0.163752620316728 -0.0336073228007624
-0.340657224267688 -0.148135953873386 -0.0833525499953569 0.0157043491372336
-0.299459908446602 0.13190952571132 -0.0420651727340638 0.0659780764254957
-0.0246908876195969 0.28036577942003 0.032817799834548 0.025111132340863
0.175092069733278 0.231057125979185 0.0381701656478767 -0.0348021601981489
0.264493358734454 0.0898487183543986 -0.0252177857353991 -0.0733491225458059
0.252438509641234 -0.0419148145669993 -0.0897663582901595 -0.0490034881323372
0.255873613555084 -0.074273863890688 -0.107818261491659 -0.0315868433181264
0.28046880939087 -0.029134062703857 -0.0971802951431364 -0.0300916894501488
0.343420191297428 0.122424340475421 -0.0805611800613225 -0.0436077945193575
0.221611471716464 0.326356307315425 -0.0407890108592568 -0.0470647730985708
-0.078289586141423 0.394508917364142 0.0225071431288192 0.00458456606763044
-0.451269443499476 0.182629546016928 -0.0721893754664416 0.0143052524815248
-0.474031695241781 -0.256836268464456 -0.109369806478733 -0.0965297707542524
-0.241938741715446 -0.49936005204407 -0.0255039492097513 -0.241859068636848
-0.20123882489696 -0.450882024859743 -0.102853627190397 0.120047391435004
-0.396539062433231 -0.182357734844289 0.00329384954892619 0.0521939590830044
-0.364169362617926 0.14568249630023 -0.0223081961559181 0.0595063351493548
-0.0534892782912658 0.334795419268932 0.011388836037213 0.0491878846721898
0.180503883702148 0.28436897646355 0.0677623885873182 0.038289859774813
0.291385066944514 0.130358226264185 0.0726084611913738 -0.0357534657639902
0.28792182208289 -0.0150064846085517 0.0211049267325948 -0.0539200833231907
0.28301136776923 -0.0479804040901322 0.00338945561065617 -0.0516960032574674
0.298057524159301 0.00202846981695179 0.0177258392601113 -0.0393275794688476
0.344869638282473 0.157067506320896 0.0246609688618683 -0.0171820980634755
0.202577862131624 0.35272838016599 0.0153387992738868 0.0182252096893675
-0.102222509494414 0.393690051838966 0.0230452321808012 0.0489966192111392
-0.4586865776302 0.160968908456861 -0.0380553322760606 0.0288322065388435
-0.471539325382784 -0.275749401114862 -0.0300944897654371 -0.0466473941991207
-0.233120540122992 -0.516323664919096 0.0492914731464496 -0.0741024402926197
-0.194901377683618 -0.423203503486151 -0.0287282852515602 0.289906229728184
-0.390751248385753 -0.170014783686537 0.107281193137396 0.0988706428529556
-0.35471653554008 0.145921713263781 0.00867726412273717 0.0486093116646314
-0.0623683092885401 0.325091399581729 -0.0106254390737566 0.0755353903209032
0.159932775344689 0.277217996452534 0.0945418725844778 0.117633310949609
0.271449867675911 0.13561191094367 0.17062888373793 0.0142735122963382
0.273772383402466 0.00189083897612046 0.1358530888923 -0.0468716675909527
0.262632270823551 -0.0235955144358374 0.112928280882392 -0.0589643109894022
0.267625509751834 0.0235862940030429 0.122424936010531 -0.0377880567149739
0.286712805999234 0.153925173408157 0.112725295095269 0.010608339819174
0.147635967037708 0.303881222098946 0.0598727593078442 0.0704499551184691
-0.104534830592957 0.304597812537677 0.0187999960998209 0.0771439370882473
-0.362116905755965 0.104760072112246 0.00110712075205096 0.036099252976804
-0.37513049850229 -0.235471487154684 0.0401781579433884 0.00407057620403948
-0.196229232213833 -0.431259406675188 0.105637848184216 0.0805063572071343
-0.156869491741311 -0.319931471156028 0.0466147917069035 0.435879878435047
-0.303774934843382 -0.124474666461354 0.198261014246706 0.143138456372471
-0.266176550004291 0.109968243971691 0.0392184368838551 0.0337385066060318
-0.057158843431425 0.239419775663367 -0.0304659699971555 0.093308698821401
0.106538967333774 0.213417776351715 0.108297533501299 0.183809933216344
0.198742931287584 0.116061025775014 0.247269107980816 0.0662620327561952
0.212560948173203 0.018652955731727 0.23556005555534 -0.0326789543928783
0.201050249709799 0.00328405675498829 0.20432737405244 -0.0573813301215051
0.197612889060454 0.0403859723666941 0.200038320795064 -0.0299744327772003
0.186850028686198 0.129646104436459 0.166094903428839 0.0336478086540449
0.067920886870308 0.21230135798124 0.0794589949838282 0.0998149081183766
-0.0949059582481539 0.170111174970375 0.00539822342951537 0.0799976625059379
-0.214437761491705 0.0284516903800319 0.0301300683808478 0.031125758308524
-0.220841838312115 -0.161211649588663 0.0845811335841484 0.036574712079905
-0.130160381454421 -0.282447103240492 0.141299991602199 0.191752933909282
-0.0941047988245162 -0.159652959537568 0.105048905136657 0.530692568482489
-0.161078065724334 -0.0539949717011063 0.253565489852346 0.17677869943026
-0.123982146641311 0.056550533560155 0.0674179359088763 0.0167159288986275
-0.0364217767368326 0.10751339430454 -0.0451591059334691 0.09193142327501
0.0357929648260963 0.10788585809528 0.102221124291746 0.22021494545802
0.0907447509182286 0.0752389324558419 0.28590948780506 0.10826256250277
0.114623595488391 0.0331082937342279 0.300330703721265 -0.0136793335259131
0.110733868977778 0.0305498815313512 0.264178699742573 -0.0486403445185757
0.105624749221224 0.0503474282218535 0.242079055656963 -0.0157431560484075
0.0727141667389471 0.0894768253031707 0.18426391359239 0.0521843991852982
-0.00909152410455557 0.108650403756572 0.0765381217399931 0.107765839325482
-0.0764976768623443 0.0423801236275526 -0.0137293116958905 0.0639798246630795
-0.0676944519057737 -0.0329411492661537 0.0443131965914478 0.0169726903816339
-0.0663565638647 -0.0716512675506808 0.101446552979948 0.0506091845007894
-0.0564290590260654 -0.107198247196366 0.155045251149585 0.249554337670545
-0.00953408027776877 -0.0330498155779389 -0.25031738113566 -0.303006695181687
-0.0481152762946254 -0.00443720113310029 -0.189376840789389 -0.0303003036266794
-0.0353897649231942 0.0554144579303875 -0.0499034737658114 0.0294362643117662
0.047903814909441 0.0480746614289411 0.0422908308316538 -0.0303574894888426
0.0621087879297097 -0.00568461544455253 -0.0525860127842819 -0.131286518864102
0.0303972235286586 -0.0454890964261141 -0.209286292119848 -0.0732368679738822
-0.00848627321873664 -0.0539066777932803 -0.278776408254563 0.0217704337837318
-0.0133510686377711 -0.0521960526907895 -0.297443650789024 0.0634881601381072
-0.00605480071931083 -0.0435869615348409 -0.325007522898552 0.0435689137761511
0.0317975220408167 -0.0306804345605094 -0.303921263213207 -0.0683342847055618
0.0470456796713442 -0.00553267068777034 -0.165199444916819 -0.186835440987299
0.0171792947335068 0.0347609909507885 0.0112997971984093 -0.121937089886321
-0.0453268743739189 0.0210532260686521 -0.0836027602356483 -0.0321661039352529
-0.0204456964570779 -0.0434274510793124 -0.214207375177434 -0.153389005234247
0.0206598308979171 -0.0475653867416972 -0.199845574762225 -0.540371983933203
-0.0920232183579417 -0.184441719099007 -0.23811360991042 -0.252969691642138
-0.156297181419696 -0.06440625982111 -0.173354159659542 -0.0251719938419772
-0.1300659413505 0.0798501801373575 -0.0492272439086613 0.048488510785765
0.0248233153829766 0.12911893353899 0.0524705255948439 -0.0144519374871554
0.110640443033205 0.0790648513759182 -0.0240462261485349 -0.124362713166423
0.127531508779979 -0.00261936402031658 -0.178500964614379 -0.0919619301498514
0.0972067375451054 -0.0630623438880548 -0.257291872049677 -0.00322662573057344
0.100176293318579 -0.0803329740743064 -0.275905462573728 0.0387368232466644
0.119865038332855 -0.0571437911438303 -0.292954526450176 0.0224544251479939
0.176955777507607 0.0174636721562231 -0.268148689398439 -0.0693165299809682
0.137570397538769 0.127727814865577 -0.144332089243809 -0.1620263861937
-0.0134477915578669 0.193653112902047 0.01865216913314 -0.0924409702033273
-0.220647002039237 0.104695425287095 -0.0952059086987905 -0.0151112398994061
-0.224352200264951 -0.130031426937838 -0.217718818821638 -0.15203763240091
-0.13468033923137 -0.231849174889335 -0.230588473582799 -0.482573238974244
-0.204401308224456 -0.294327599407919 -0.220250959240652 -0.1284598190383
-0.274326930904214 -0.0834313867593929 -0.138110268815939 0.00730655823947207
-0.209496800299118 0.135062172963077 -0.0358888608174871 0.0631458471551661
0.0251363653234916 0.209389830253612 0.0500142822704501 -0.00823711501347067
0.172205582390974 0.143195862090613 -0.0102156196222596 -0.0988405125056995
0.218241142110446 0.0177804563821134 -0.134445566372074 -0.0795649867493748
0.184318061906565 -0.0851408435593905 -0.200593955132198 -0.00475422587513152
0.185219440124199 -0.116322428362187 -0.209390199645603 0.0322953520349916
0.216975333485361 -0.0848548582612058 -0.213281851395977 0.0215881118602003
0.301464697356759 0.0315050788559122 -0.195829420147358 -0.0391052965208402
0.236568672764299 0.221064644744143 -0.115405308588601 -0.10218069006451
-0.00655198951181973 0.333465149049034 0.0186449438037478 -0.0537887261042322
-0.347476031413586 0.215235812772581 -0.0913287399071219 0.0142971361524902
-0.417927806462837 -0.156025341730358 -0.201064651480928 -0.107979117176916
-0.261790044608297 -0.38297927261817 -0.164368043525996 -0.393577215686298
-0.274532150453332 -0.389944154568559 -0.143263736731628 0.00100506016471587
-0.381347492223711 -0.109750164240853 -0.0702091849347956 0.0233911007122489
-0.297514957860495 0.183120702386534 -0.020158237825531 0.0609656455447919
0.0104896150164747 0.298031049554198 0.0388204086188344 0.00811580559126486
0.216274689662087 0.218639964858725 0.0246084814070115 -0.0555958179097091
0.293076202132588 0.0571061944529155 -0.0530798954767408 -0.0782136601546615
0.261461228490852 -0.077892404536512 -0.111436253332935 -0.0397211864303774
0.258701459656591 -0.114279945358319 -0.119161243241731 -0.0155904710282963
0.290147085724642 -0.0726109961003805 -0.108416849319085 -0.0188655857262574
0.376881946961851 0.0761899762271709 -0.0897638074094358 -0.0371167719664054
0.280142861652403 0.305774728905674 -0.0503784355728763 -0.0478032582976915
-0.0289637257763771 0.42466824345844 0.0297841458042661 -0.00533989846180907
-0.443665504508766 0.260094120360547 -0.0679902768757025 0.0287025776651418
-0.529146967218985 -0.196872984036532 -0.133731710877572 -0.0767985537361063
-0.326607246497863 -0.481945784654513 -0.0632573469106122 -0.256253097549865
-0.292246690734323 -0.45082021626736 -0.0495722087641941 0.158314988540245
-0.448166061423433 -0.137861275622582 0.0306767799726803 0.0492111248509997
-0.364201476971401 0.207942458968556 0.00331347087952965 0.0476186154561283
-0.0134227465929967 0.359244881442887 0.0224185999156425 0.0336644670469778
0.228503571586416 0.274679680137387 0.0684697303829476 0.0136547457820968
0.326950640652037 0.0970511267956915 0.0551525750682929 -0.0561302233217919
0.301447475959271 -0.0543944799524941 0.00626985470206429 -0.0643325430309311
0.290424129503598 -0.0899475011096296 -0.00558220921160781 -0.0535103083176839
0.313786479681946 -0.0419627391257539 0.0120830954375495 -0.0463414581756958
0.383960739961624 0.112035512429989 0.0254101333864164 -0.0259178233454115
0.263166126836516 0.336279033444751 0.0197946747999475 0.0136503815712953
-0.0551739758959717 0.425537130705764 0.0376774804247518 0.0423786448047777
-0.453146919150334 0.237168708966487 -0.0301083630952744 0.038874158782455
-0.530397261914054 -0.217727092108457 -0.0437357881280465 -0.035244563229948
-0.319136974883953 -0.501908962954735 0.0399200498428487 -0.0888994783839999
-0.282551917878885 -0.424764878170767 0.0556433226860575 0.327310444101201
-0.441353350171283 -0.126638565435371 0.147897766094156 0.0835185756449452
-0.355826537191586 0.206279014427237 0.0334345778868233 0.0308078631029489
-0.0238065766638543 0.350020955667136 0.00414153691559599 0.0656798028019776
0.206104642899298 0.271269546876135 0.111368536764727 0.0937161222623853
0.306084295745986 0.10650583103723 0.167733068281819 -0.0188303052644878
0.289702184777015 -0.0343355889961305 0.130916448355093 -0.0757666783819497
0.272015868129436 -0.0608136774141827 0.10874177832015 -0.0777058533700192
0.284525227178044 -0.0139279980649872 0.123265998345175 -0.0602518862714325
0.322568866144784 0.118632736793415 0.121711644966861 -0.00928515452206557
0.199162729936645 0.294466986794759 0.0747093465846046 0.0633974659956534
-0.0682893693011438 0.332433629459268 0.0365736839719391 0.0743133113470814
-0.361111347775884 0.163917438452875 0.010787843687347 0.0403581762718482
-0.423756870776804 -0.188909229354882 0.0377248540838786 0.00561216662639162
-0.268025775311431 -0.419812922506979 0.121394364325206 0.0684443845208856
-0.225889449229549 -0.320767219271488 0.150974511859979 0.467164428748168
-0.344266216016921 -0.0902578306538451 0.246671189263589 0.117275241255777
-0.267344787953755 0.155796465652262 0.0604273354368477 0.0146722374380733
-0.0298175397112744 0.260160067005113 -0.0140393627103049 0.0921170318624769
0.138455242929539 0.211683714616637 0.140579192784031 0.16476865686857
0.22660478200707 0.096419096425184 0.261552033089302 0.024494019169583
0.226720474109988 -0.00764479137803954 0.240154996073282 -0.0768301057070777
0.21193049805082 -0.0229627440580807 0.205277831852898 -0.0903749444880134
0.213579634506915 0.0139313476614146 0.206824803227231 -0.0622453540103834
0.213520070195081 0.107959818902289 0.181050010019993 0.00819867265224386
0.101560148912049 0.211570922293564 0.100094695912922 0.0924650872417497
-0.0766122069811242 0.190667352438838 0.0212651204189064 0.0813394274270637
-0.218804271152829 0.0618932087546877 0.0381158824949205 0.0285113927068956
-0.252637501639343 -0.135343286797194 0.0897630207817298 0.0305240677491133
-0.174985753558135 -0.275720718335191 0.175186802507909 0.182075010649731
-0.132173712620938 -0.160614198295518 0.214583977283746 0.553244899573793
-0.182547367644515 -0.0349385956079084 0.305208591187671 0.148062314355992
-0.124384676800368 0.0785362031380729 0.08039592037952 -0.00101683056835986
-0.0259355230405245 0.118149110665814 -0.0299583015965688 0.0998706639432225
0.0490910180485625 0.110173212600168 0.143298614996354 0.209876273675882
0.105430268127278 0.0687235459206129 0.314300993735642 0.0658941133192941
0.125711740193034 0.0206479600564556 0.31574859753467 -0.0664200473952011
0.120678043148563 0.018377832802457 0.269105068968648 -0.0899347639521732
0.117575487027515 0.0381992670918525 0.253917115166339 -0.0522625123925703
0.0882667144335652 0.0841362785294171 0.20275748680321 0.0269991771239464
0.00551521940575984 0.115153966608037 0.0973620810658142 0.102574499378287
-0.0749602550601941 0.0550683924456563 -0.00320387123356576 0.07023262076435
-0.0758153047422261 -0.0249548541248397 0.0485856054915566 0.0100463011098829
-0.0793518925543094 -0.0655144348310972 0.111630880018811 0.0401904969194938
-0.0727098434221964 -0.104319251016415 0.19942359049127 0.242858529060832
-0.0115157498307805 -0.0323860477930589 -0.282039001248187 -0.293235929005989
-0.0488286874126991 -0.00114315814814985 -0.19696236055983 -0.0184234949531016
-0.0321073286800878 0.0590914519528148 -0.0474014725831562 0.03532641183617
0.0524055001327713 0.0452126522180391 0.0409724567082336 -0.0347083634549624
0.0637699226001769 -0.0117251343913072 -0.065392387343223 -0.130395328312965
0.0262602572406749 -0.0490350211448173 -0.220500178150256 -0.0580957308855301
-0.013914124658135 -0.0542551525637783 -0.285320612193208 0.0432646891429641
-0.0177732166671424 -0.0522957667835578 -0.301740388797498 0.087278904596945
-0.00929062521753059 -0.0438030581201692 -0.330896986149123 0.0686108557521782
0.0305302103874175 -0.0348518249477399 -0.317017461867265 -0.0455772732425163
0.046889388267241 -0.0101585527612708 -0.184039814039998 -0.178831803673021
0.0201074564428037 0.0339465303759469 0.000349108879764878 -0.126892912700149
-0.0444164841617287 0.0261673396995238 -0.0892275557950304 -0.0260537056180049
-0.0241174162269503 -0.0423399816802134 -0.229779560269389 -0.14492841840083
0.0164407849764434 -0.0491190923963935 -0.246834007331187 -0.542206874331312
-0.108646374909271 -0.181229737865673 -0.266163759087252 -0.243676408555174
-0.163955640411511 -0.0541542910201716 -0.180366374755825 -0.0151390625013904
-0.12617637724361 0.0923178585302363 -0.0455163191877745 0.0541123269159255
0.0346562884111173 0.129333974479985 0.0528475558055716 -0.0184866143613241
0.120655609735056 0.0719338482153211 -0.0347582695650242 -0.126485448620207
0.130324284611255 -0.0126529709619566 -0.190912030851129 -0.080430637333443
0.0942497575441642 -0.0719471853080309 -0.264335414275906 0.0159175588792859
0.0963053553550018 -0.0888670301888813 -0.280658209978863 0.0605689810794435
0.119508994059583 -0.0673424819392305 -0.29999281586828 0.0445708341587925
0.183401713096529 0.00300444519806718 -0.279162441512774 -0.050405018216663
0.151481121899105 0.120438445781923 -0.1601014838669 -0.154323238694188
-0.00053776363058362 0.200192255604837 0.0107866355194116 -0.0981005782890611
-0.218376845087708 0.124891618483875 -0.10117346175044 -0.00862779143890388
-0.240326163231894 -0.116096879835137 -0.233212133605482 -0.143895123131429
-0.156666958705747 -0.227614567670686 -0.274408420302282 -0.480949722015057
-0.231286165415719 -0.284920235062886 -0.238077681512022 -0.117763146971307
-0.286582450424439 -0.064248839664732 -0.143131742066881 0.0137722921143291
-0.202738881430756 0.153974839215111 -0.0302820070784145 0.0682946425189108
0.0410277968532199 0.211886432789686 0.0509372494666111 -0.0119560504355238
0.188628339701733 0.133411635014896 -0.0188397169914294 -0.101678353030414
0.225532708565778 0.000172113224794486 -0.145399785116255 -0.0721988030327087
0.182020439942434 -0.10164435598716 -0.205171633534035 0.0107221777722953
0.180797893295645 -0.132254072500481 -0.213275890916774 0.0484916858340027
0.216906849987116 -0.103264494204998 -0.217632135856904 0.0372881311311519
0.312691380190796 0.00741291076720638 -0.203169616213476 -0.0246951184673056
0.260260125053945 0.207249016328746 -0.124271817325326 -0.0934711540039567
0.0175635290367192 0.34317980350729 0.0135447598131099 -0.0589486934099023
-0.340310512453602 0.247066175312948 -0.0946768848172819 0.0201266035922287
-0.441640411206821 -0.126872065557902 -0.213425823874948 -0.100455042544413
-0.298538134120302 -0.3744881660034 -0.199034211980771 -0.393210405835583
-0.313286515770476 -0.37738425665168 -0.148889310033086 0.00893783520454736
-0.398316721779454 -0.0827809717045513 -0.0733778876782032 0.0256564306947295
-0.28908237583401 0.210638225560638 -0.0151296607027299 0.0635689133625978
0.0333565771787889 0.304119212283827 0.0415295784719112 0.00525801670699974
0.239853102689684 0.207260754697545 0.0213855063492413 -0.0610850134093439
0.306386186543812 0.0355616870888403 -0.0615737728364132 -0.077184532745474
0.261784563737469 -0.100208427133862 -0.116552431200936 -0.031281182530245
0.25522199033477 -0.135641836261239 -0.123422174407051 -0.00724526195378591
0.293189018229259 -0.0966556982795105 -0.112827429345519 -0.0122464376457091
0.394231986393776 0.0475112522778298 -0.0939847105114991 -0.0324001528795584
0.312061539866249 0.290991271575114 -0.0521745711864012 -0.042674058332882
0.00165257201335107 0.437810930994353 0.0288145128915731 -0.0101615793116394
-0.435421507616871 0.299801830605962 -0.0697002822606901 0.0325736501559594
-0.558769107939031 -0.160502967368113 -0.142573818524828 -0.0732508653344067
-0.373405198538707 -0.469665189424291 -0.0858156893227365 -0.259624623693306
-0.33612263021913 -0.438360540980611 -0.0399801865133369 0.162639983555086
-0.469168468702555 -0.106807134133693 0.0322442944678293 0.0443272996362908
-0.356919658987415 0.241329115234899 0.00879919351133684 0.0480760865102771
0.0134830005663091 0.369211899437068 0.0260384927042826 0.0333045845355618
0.257536668840306 0.26498300879082 0.0723589235955821 0.00569205121054598
0.345151990318014 0.0734111084016557 0.050797030939458 -0.0632673342877201
0.305309861639428 -0.0797929657200801 0.00229629651019982 -0.0653091023433918
0.290070696849361 -0.113316750627322 -0.00973676319954702 -0.0549447545140739
0.319970542970069 -0.0676591879191541 0.00942920961126949 -0.050015879899812
0.403684842315089 0.0838083793890638 0.0255388674077996 -0.0291596408531877
0.298094131961278 0.323062246393679 0.0243958686394733 0.0148502200235868
-0.0250876565615494 0.441424549614274 0.0419361174162473 0.0385082855096518
-0.447299321714809 0.278240111772683 -0.0300871325631245 0.0392529652511988
-0.560386946624204 -0.181751714992572 -0.0482707133895231 -0.0363885816515825
-0.363920635152623 -0.492285825873721 0.032854508036796 -0.0951236659072825
-0.323922983745075 -0.412702027184213 0.081906693823681 0.329160429661448
-0.461498754088888 -0.0963945045600246 0.154966785002403 0.071146679547017
-0.348472248577618 0.239478046385963 0.0381348638928998 0.0276377788478471
0.00236978253700461 0.362278734551071 0.0099320383801447 0.0671117048182983
0.233927394956535 0.263773895047945 0.12414176548551 0.0850056258041442
0.325073034448641 0.085096195221854 0.169359766239739 -0.0338798357235114
0.294744118196297 -0.0573564538844286 0.129003592306107 -0.0866757128465565
0.274178586981131 -0.0819333890449873 0.10532415417339 -0.088399048398909
0.291394267841439 -0.0371144442174066 0.121887107452766 -0.0729545950048994
0.341228405906105 0.0955351601146419 0.124718854936733 -0.0201251826707382
0.229007978237866 0.285355134628411 0.0842253158743608 0.0614953883494081
-0.0452238736334799 0.346838361479446 0.0440037745547819 0.0720735571722879
-0.3580391101856 0.195690676565561 0.0118617224801565 0.0370481396085968
-0.450869988125643 -0.160412977088073 0.0381813032456945 0.00028902500323964
-0.305503247190114 -0.412097282581938 0.128692693087954 0.0605075862751065
-0.257512343283759 -0.312837301795963 0.190971490410067 0.467206325273737
-0.360141073828338 -0.0668277662725613 0.26026971665214 0.100844595579746
-0.262993870443055 0.180058083504614 0.0638534941726307 0.00915017856485614
-0.0118743371382338 0.270186580663317 -0.00595440809605034 0.0962147206553754
0.159943184762111 0.208159154626503 0.159264338016735 0.156498912822269
0.241726514957202 0.0819209732013901 0.269493438346464 0.00257251731342098
0.233481621677801 -0.0254318963075523 0.241280179056348 -0.0962802663800234
0.214987499956484 -0.0384583831401614 0.204271800418997 -0.108099477083194
0.220547704037853 -0.00189620146184645 0.207011630838132 -0.0803903488195209
0.228163145428972 0.0935890422108442 0.186760427725171 -0.00649036379453135
0.121984503477887 0.208402617460198 0.111216549990026 0.0888721258162792
-0.0646650445448821 0.202036089611341 0.0290507496402979 0.0810465421896527
-0.21979541408768 0.0784352605381529 0.0393031890334772 0.0234157134821822
-0.269632690780767 -0.119024857726828 0.0929301192353748 0.0230282391667713
-0.199204302109902 -0.27059818871824 0.193098543571089 0.174396983321759
-0.148314910861504 -0.155923535079386 0.264221872721765 0.552896368707854
-0.190713548712136 -0.0227788526578964 0.32279760346451 0.130465696905083
-0.121869007407215 0.0902177832916992 0.083215610424067 -0.00797025190199947
-0.017968833024474 0.124159733719752 -0.0225201658955855 0.105639406718745
0.0593088252711392 0.111051627763335 0.165513684412027 0.203358034694241
0.115963362579877 0.0630502928505871 0.327841385263297 0.0419834177453524
0.13180811600991 0.0120139791007951 0.319562793115585 -0.0922576284858071
0.125075190674916 0.0100891941150802 0.270248921795465 -0.112814792209963
0.123305023946081 0.0298517367264854 0.257272184892448 -0.0735346549280138
0.097422540690121 0.0789997077692877 0.2090439964721 0.0119446084428009
0.0159967777533289 0.118280382759614 0.108343914737227 0.0986407696268588
-0.0725200855064438 0.0630852625074736 0.00293545909727997 0.0720331103759376
-0.0799389332347089 -0.0211034601255852 0.0500069757660977 0.00362649998331605
-0.0862677614379746 -0.0609882775975619 0.115944701299311 0.0328470624243931
-0.0812573947143275 -0.102945275125891 0.221790346080255 0.234735490487399
-0.0125421890811292 -0.0305595729442083 -0.298260062092164 -0.267850230506156
-0.0466366648484273 0.00215385606391337 -0.19423238865147 -0.00549343063801901
-0.0277583075028183 0.0602668805198378 -0.041820858507476 0.0388803248503376
0.0537188382801532 0.039657907772671 0.0379177400576469 -0.0365050334693788
0.0613924436366731 -0.0166159120288398 -0.073605690799982 -0.122937172941321
0.0206121922550486 -0.0494493673442669 -0.219785049845936 -0.0405377025932665
-0.0181701575989162 -0.0510587200016326 -0.275835963362862 0.0613148899388246
-0.0213699549408719 -0.0497179511055618 -0.289696767316177 0.106057548347985
-0.0114495529747129 -0.0423936886754642 -0.318937301490799 0.0907344146354271
0.0274007480017737 -0.0367179268996211 -0.313357939384038 -0.0224148595387255
0.044525570659478 -0.0142996391462435 -0.192772756543946 -0.161193355049089
0.021414793799165 0.0310155347762113 -0.00972124160920197 -0.124997524977205
-0.0405864249504522 0.029239654292434 -0.0892692362096543 -0.0189857255997608
-0.0254223773507126 -0.0388010384411941 -0.232945612300105 -0.129056535395507
0.011572709957533 -0.047721661850449 -0.277868154681855 -0.513596457446793
-0.117671827913948 -0.168080437628945 -0.27991749017701 -0.220737845622033
-0.163169173826859 -0.0414867946425666 -0.178367466824804 -0.00568259579510584
-0.116935777269533 0.0980613988143876 -0.0387443748426349 0.0565910504519678
0.0423886933791173 0.12284984016075 0.0505812539065197 -0.0217454929110142
0.123316121740379 0.0612955109908121 -0.0437133950804892 -0.121079637923197
0.126149733819488 -0.0220174096896345 -0.192647697952791 -0.0646831945222639
0.086009790875073 -0.076206582870446 -0.257940123083383 0.0335985284037989
0.0874312442711603 -0.0928499199733053 -0.27154040973225 0.0786121437469413
0.113034126587289 -0.0738816169397345 -0.290144792169507 0.0633419948638759
0.180437252374074 -0.0106338862099255 -0.27667901713707 -0.0297969408080808
0.156358849185028 0.105794852484779 -0.1665584817692 -0.138891897377352
0.0123991232498484 0.195814529133945 0.00221995393219432 -0.0977749233865399
-0.204314068882434 0.137529745765946 -0.100040255129942 -0.00220535652114473
-0.241891973484648 -0.0963288899398295 -0.236989178005053 -0.1282024545498
-0.169341015756899 -0.210404836860429 -0.302555821918254 -0.451376803250829
-0.245716011969647 -0.259458861212755 -0.243823791450097 -0.100805534038875
-0.282081862455451 -0.0421862118413852 -0.14218321849927 0.0206937991666735
-0.186164535756659 0.163644327735901 -0.023480501407297 0.0687056079835812
0.053787744445659 0.2033779881272 0.0489740104812155 -0.0147423501437495
0.19513280752284 0.116107460356006 -0.0254646929841594 -0.09890458161225
0.221449162419038 -0.0162540167319007 -0.147686370277827 -0.0605614589614627
0.170536211566193 -0.110909708817365 -0.199485848500237 0.024595081955054
0.167130082245894 -0.140820782176087 -0.205638082006069 0.0618242479877111
0.206322839912405 -0.11592299237573 -0.210918651753159 0.0503192060704095
0.30669919270044 -0.0155609296330825 -0.199688507201886 -0.0109677484107067
0.269755269672784 0.183454111701764 -0.125808622179019 -0.081430095793971
0.0398823605136761 0.334660668245045 0.00748936885509506 -0.0595939909354616
-0.315873020785223 0.2652939166626 -0.0927963105452722 0.0250985887784312
-0.439316709738081 -0.0931390026601547 -0.215774326500524 -0.0874954852559879
-0.317534912285029 -0.34443169906621 -0.224681658420818 -0.372073820338197
-0.331193015333996 -0.343107661841121 -0.147949230111332 0.0151680702573968
-0.392841712715937 -0.0528440551047184 -0.0738436250606476 0.0268958287014152
-0.26621198319679 0.22479537461301 -0.00780276122172175 0.0627134446114522
0.053008041020971 0.293657695161418 0.0420343599028183 0.00296267257105598
0.251458485593917 0.185254742920611 0.0167803965051425 -0.0627663177833833
0.303160543358929 0.0119509631791086 -0.066551250620919 -0.0722656106296546
0.24806353393445 -0.115900986421157 -0.115580942607341 -0.0222421790418583
0.239834903495387 -0.149419119758753 -0.121542743338233 0.000818187995478244
0.280706363860132 -0.114934264728673 -0.111371287021787 -0.00539734740556321
0.389576222782885 0.0169295463763267 -0.0930903559690903 -0.0257272969014436
0.326998704814514 0.261731712764329 -0.0509710626092297 -0.0359236627867676
0.0309846908568384 0.428542849993777 0.0270497191165266 -0.0141303337585094
-0.405381365707807 0.322756286391008 -0.0681141565372419 0.034685504459518
-0.55602188719971 -0.116579797501511 -0.144790031696852 -0.0656493211638785
-0.395425147996759 -0.435436948085896 -0.104714140025509 -0.248391987732104
-0.359198346541586 -0.402199933199874 -0.0297128922825713 0.157705139476491
-0.464473248383473 -0.0714857892394173 0.0300807342857244 0.0379537750943812
-0.330121775919042 0.260726146450246 0.0133569335889058 0.0457520187550591
0.0374886173217467 0.359913121314211 0.0289558116721584 0.0307016032162815
0.272544112186343 0.240542313119453 0.0716264116196858 -0.00114765461909997
0.34475352666188 0.0461811464484971 0.0440254921023797 -0.0673671096824244
0.29307098939014 -0.099539771724302 -0.00161246316845578 -0.0636625553329078
0.275409729411653 -0.130706845370368 -0.0132257182269076 -0.0534419641752907
0.308206309196425 -0.0884849097069325 0.00593185399034932 -0.0511523812146428
0.401869627406299 0.0514288379920142 0.0229344801480887 -0.0312860586835504
0.315254808532239 0.294562831183781 0.0290207167545641 0.0147633868655692
0.00556015881720486 0.433619798921921 0.04305385461101 0.0329072429698135
-0.417762523040975 0.302191455856656 -0.0288577696177838 0.0375305585846096
-0.559517122547576 -0.137179501322517 -0.050746033730093 -0.0353681067706388
-0.390236575554434 -0.455231461315994 0.0236061472231254 -0.0957385296449256
-0.344506954537148 -0.380361075435935 0.101546985872183 0.312158943494402
-0.458943111445553 -0.0622722358475275 0.153372026407246 0.056848693115958
-0.322691306645263 0.258082954795626 0.0402217702839338 0.0230572380994874
0.026870693743451 0.354096664390139 0.0156838909427225 0.0656039078134907
0.248632625211749 0.241842401261217 0.127457861910135 0.0713147311540897
0.32616070338168 0.0602132288620167 0.16220792563041 -0.0472165739734241
0.284600721829698 -0.0768883377812889 0.120546812894121 -0.0928715417831256
0.261948612468166 -0.0976416078509877 0.0974779321948592 -0.0944567926857449
0.282596358944979 -0.0574070395060784 0.114479894539773 -0.0812644204332112
0.340358319108357 0.0674197824638373 0.121286768410636 -0.028773572102569
0.245128619805246 0.260419402612738 0.090163329142141 0.0559015507271902
-0.019752242001375 0.342129538407006 0.0476879549217058 0.0648723947493642
-0.336694477442001 0.215207670218294 0.011961201630278 0.0315522222634881
-0.449768154769983 -0.123386243851774 0.0358523458095483 -0.00455512897052771
-0.326919439319318 -0.382568518751629 0.128918242963222 0.0492874276779487
-0.273593520941026 -0.288441922105663 0.218651233619232 0.44150689552577
-0.355495180439021 -0.0413803284049118 0.258796456440235 0.0800289752914519
-0.243679178529452 0.194337252683842 0.0629597472549169 0.00366266595253626
0.00648200686151273 0.265614637200473 0.00119701247832771 0.0947574930169362
0.172441348147526 0.193144753369562 0.168337497818392 0.138989991180518
0.244632294523819 0.0622537216331174 0.262736288439401 -0.0183186803275702
0.226844090904109 -0.0416436548749287 0.229129808445571 -0.110496332933747
0.207791872127295 -0.0518413451249496 0.191984672616619 -0.120152596536438
0.215514935737295 -0.017821656218131 0.19810355187221 -0.0945997958798091
0.229709430103371 0.0745245586780259 0.181876062597483 -0.0190680899453199
0.135516962108293 0.194562354364014 0.116929376767359 0.0795690148332872
-0.0495311372555943 0.202093205224857 0.0342130960282693 0.0762195784239167
-0.209237699432669 0.0909125235915734 0.0380811674036961 0.0163229453758854
-0.2711706804627 -0.0953873061868085 0.0905486822842573 0.0153849690261589
-0.212064421776519 -0.252219121660522 0.199855609385697 0.156368444169684
-0.156466724023715 -0.142681608808958 0.295809646999588 0.522296808635997
-0.187727060642658 -0.00970286833010962 0.323415171248551 0.106171406503584
-0.112395749430388 0.0961865420571994 0.0807597790363803 -0.0139163365823447
-0.00931755768455972 0.123364575882161 -0.0137492228461452 0.104778757384379
0.0663615157193395 0.1055845980926 0.177927445101709 0.186178297530147
0.119688023278005 0.0535730073257755 0.323215937628499 0.0159031202891845
0.130161508539091 0.00207946880862535 0.30553330884664 -0.111593487177449
0.123687243496186 0.00153740318221654 0.257322904823701 -0.128835895999513
0.122394693434522 0.0197790106852511 0.246598093660367 -0.0900307259211289
0.101145600447814 0.0705998152041901 0.205163150010971 -0.00260644337444739
0.0252666054144328 0.114854374663474 0.113017157471796 0.0893425922123255
-0.0663899335707297 0.06700314835273 0.00840665800976606 0.0704402204950302
-0.079729130532023 -0.0162656532301962 0.0473336283286396 -0.00250144517347865
-0.0880394447660307 -0.0531549184781206 0.113996708040201 0.0242012870971322
-0.0847336018558461 -0.0971202026898784 0.23343212786637 0.21431876755493
-0.0125695992445938 -0.0287741212993736 -0.294103683086667 -0.246118571395551
-0.0440836044068898 0.00270339334810167 -0.186603749622103 -0.000178968250839429
-0.0247455291929594 0.0584855379158259 -0.0375552153523834 0.0379246566270568
0.0525704691343287 0.0357026362068908 0.0347741977102315 -0.0359126506847719
0.057747511466465 -0.0183923462033034 -0.0745494510570221 -0.113398893988956
0.0175195163882484 -0.0472549880078194 -0.210928577214768 -0.0305052435247172
-0.0200055544080271 -0.0475813002881166 -0.261946697603759 0.0673493737177311
-0.0221619187273412 -0.0469711990273695 -0.274720552642023 0.110037715586823
-0.0117843346992826 -0.0400367527937576 -0.302304089331814 0.0965940795908889
0.025212749945221 -0.036429009677673 -0.299342576813002 -0.0104781239569159
0.0412959112520692 -0.0157247352943375 -0.18991207410264 -0.147372413808786
0.0213372160681063 0.0288664612461591 -0.0148305662027513 -0.119234196011249
-0.0365833162167591 0.0297801529481848 -0.0858749529425124 -0.0144159808180727
-0.0251720186677653 -0.0361773533369495 -0.224996470342597 -0.120109127315328
0.00911429963955213 -0.0445217173449417 -0.280726252781148 -0.481448892276979
-0.116537261624001 -0.155133845039203 -0.275624548991658 -0.203305117805249
-0.155056249356516 -0.0351431430437028 -0.173350115231412 -0.00126131983702199
-0.107872350515975 0.0968030114840488 -0.0337418960317186 0.0549660774987828
0.043705003868397 0.115647074462957 0.0480124603484162 -0.0227078449782354
0.120693849475881 0.0535323293419063 -0.045927078750581 -0.11402629176021
0.119269494983927 -0.0251665327439925 -0.186384151825818 -0.0550942279240838
0.0794543415155387 -0.0748534749590255 -0.245130389763163 0.0399777805024249
0.0799393147961164 -0.0908403355862447 -0.257806099784027 0.0828006521034839
0.106018136119576 -0.0738340346526563 -0.276237234993516 0.0693976914999544
0.17227114220693 -0.0162403076651744 -0.264773433698486 -0.0201454681267604
0.151854843978593 0.0954179859346906 -0.162159396686323 -0.126051254953146
0.017504577149293 0.187006875275401 -0.00227538882919514 -0.0942864840859204
-0.189662058120183 0.137245837252629 -0.0964450304076067 0.000937619979155427
-0.232984926760387 -0.0840508707125946 -0.229023036239448 -0.12019439253189
-0.168552615798319 -0.195857962546521 -0.303654255581103 -0.42256754462076
-0.241069622541352 -0.237722903965079 -0.238324098213373 -0.0901702819285125
-0.269284665654102 -0.0322553607530474 -0.138530180254738 0.0225962034534761
-0.171680460923044 0.160869458550678 -0.0180412930052176 0.0657608354567261
0.056362637384698 0.191494842061302 0.0469722685638009 -0.0154365037582458
0.191194714057212 0.103378846655121 -0.0280679063907219 -0.0937402574203213
0.211102909446116 -0.023678119100906 -0.143677850000301 -0.0528313517706963
0.159191096665726 -0.110906227745726 -0.189572128407034 0.0293963071693775
0.155141852322462 -0.138575802770106 -0.195498533210249 0.0648099219904027
0.194438997385614 -0.116963857212641 -0.200628088740386 0.053493243816424
0.293052090255289 -0.0258094697313938 -0.190388380841975 -0.0047812308896889
0.263260632950557 0.165046811336918 -0.120907972595437 -0.0727831121942567
0.0477018046518846 0.318602650818885 0.00329326700272721 -0.058557619288979
-0.29318195377866 0.262028785361616 -0.0900690099212703 0.0256887195345372
-0.420619305841718 -0.0744404385084605 -0.20867038037198 -0.0815170963464149
-0.313457888735403 -0.319377195433263 -0.227580194249597 -0.347459390959828
-0.325197772226331 -0.314676093523187 -0.144065810932587 0.0163774949496874
-0.37520445211911 -0.0380718369164049 -0.0739732769427303 0.0254788797278276
-0.245689751956686 0.221336113795963 -0.00428689770800833 0.0591809901490909
0.0597504954822718 0.27809074578758 0.0401039683809506 0.000736474260474913
0.247443707155863 0.168579817818059 0.0133945406381779 -0.0615803016078717
0.291208370619338 -0.000405356723878097 -0.0670889811666885 -0.0672095985238575
0.233420568022474 -0.118137774482975 -0.110653165271951 -0.0177968687358633
0.224116339178386 -0.149412037431702 -0.11650941218114 0.00375464244522485
0.265642145720963 -0.118676956122638 -0.107387264808711 -0.00353924523171898
0.373267872685027 0.00233661930631886 -0.0894875831122905 -0.0223932130039124
0.320780721758571 0.237911329916633 -0.0460226968208055 -0.0318423956192913
0.0412892220892634 0.408934876305737 0.0233125069892364 -0.0154358422884
-0.375702327623411 0.320556995295106 -0.0660504950686741 0.0331807730884459
-0.53266482741761 -0.0941369973968764 -0.141646478092717 -0.0618967760638147
-0.390396040295927 -0.404164552484629 -0.109604936876205 -0.233473977205396
-0.353383134539273 -0.369730305919303 -0.026080293340722 0.148314761903775
-0.442962345110102 -0.0538227656196542 0.0253634398230943 0.0325030311019832
-0.305636103145058 0.257785830700543 0.0149207766534833 0.0421460569577745
0.04747335141648 0.341842833776091 0.0288171772362376 0.0281524114321685
0.269817052812309 0.22111810120995 0.068072444475724 -0.00589574710256986
0.332549166534787 0.0317195196915398 0.0382789591385693 -0.0670888904065509
0.276149034084551 -0.104484557963292 -0.00329058768009729 -0.0608204173382139
0.258019005783725 -0.131410122349617 -0.0151687601672815 -0.0508687601768422
0.292514346856593 -0.0943617861243048 0.00293281749016335 -0.0503347202895783
0.386361094282297 0.0349753365912244 0.021408789456341 -0.0317808253199663
0.312336822218209 0.268356873342175 0.0317647326233932 0.0141091479944539
0.0180813377596388 0.414782942738514 0.0403521412631181 0.0289032727221022
-0.389207187919898 0.300970476695107 -0.0294022592987235 0.0338693009061229
-0.535505648313424 -0.112413686587039 -0.051639149966306 -0.0351851127953089
-0.385722894184342 -0.422549359755306 0.0174958947177599 -0.0925900594163546
-0.340942663346719 -0.351044279561974 0.104549912649161 0.292221385320329
-0.437781920908391 -0.045441724594691 0.14370668172463 0.0480048671897873
-0.299274690347206 0.255181143882555 0.0394685583363012 0.0207094645350092
0.0357746557006255 0.33750945246178 0.0169874949503283 0.0615876262809801
0.247201378947776 0.223547010272074 0.124688512550999 0.0615549470892619
0.315412825906668 0.0450325067952997 0.151326236966815 -0.0527933480712878
0.269725620099451 -0.082334513817686 0.112614734024893 -0.0925934207860568
0.246946769533265 -0.100547869119886 0.0899256227312746 -0.0934001456737687
0.268157785606427 -0.0629887321390211 0.106352420058715 -0.0828604414704019
0.327912441786565 0.0522588918877072 0.115274688570767 -0.0323290527288094
0.243427106004022 0.239876599359831 0.0911664189592783 0.0509676031207785
-0.00901972242791826 0.328044743268173 0.0470580097278014 0.0596727948951336
-0.314390371372031 0.214059043582834 0.00937039200936397 0.0271765472206185
-0.430351241256091 -0.103209419604855 0.0317647599498542 -0.00681829686342767
-0.321984733965619 -0.356588066460067 0.122862636958012 0.0428945151862281
-0.269378484832898 -0.265571569753664 0.221522025989584 0.412435443581308
-0.340680547775539 -0.0293007038603723 0.246597215080106 0.0682865779231445
-0.226363478442423 0.192055293236992 0.059728978131761 0.00118859777611525
0.0146261780259827 0.253940109644446 0.0044652161503282 0.0900892306178212
0.172561373360717 0.180061222306501 0.16594302103242 0.125429798976239
0.238240855542952 0.0503584848039714 0.249331923590439 -0.0282117487167493
0.216732505182606 -0.04674873468374 0.21646125031549 -0.112280395778051
0.197492034240303 -0.0552118230128452 0.179909031823379 -0.120793277406755
0.205271352373694 -0.0235528293829451 0.18573538161919 -0.0972237538121685
0.221951792582309 0.0633455766875375 0.173051393856745 -0.02500831393095
0.136909042875842 0.180193016137964 0.117032145531094 0.0730301031353656
-0.0414234062952499 0.194677406967876 0.0351668138359231 0.0708245644685668
-0.196700018832734 0.0924978104663633 0.0345689057072426 0.0117812520699203
-0.259309388674157 -0.0828291781667359 0.0845284340450912 0.0117635071911885
-0.208949838765629 -0.236005944547849 0.194409202330886 0.142979335544073
-0.153712274544113 -0.131467052069274 0.298573605395143 0.487184296008963
-0.179765952192126 -0.00443481856467844 0.310695582291584 0.0938576083730189
-0.104123110418559 0.0941041944878863 0.0759728843713649 -0.0155946972198139
-0.00563533867208622 0.118836598477236 -0.00976574654418643 0.0998073906921153
0.0673735534204748 0.0992649370290006 0.176297414388333 0.170298809173092
0.118007428953558 0.047088836139518 0.308735128190821 0.00321169605933082
0.125491101420792 -0.00255574559541713 0.288226024412731 -0.115356123501895
0.118738554313631 -0.00179412000635783 0.242403465446291 -0.130113480113225
0.117615785238606 0.0152828101674735 0.233612217391794 -0.0939181474209831
0.0988643820637994 0.0639035511138253 0.195869735199068 -0.00897735168951694
0.0290895197539279 0.108445657851922 0.111567302143088 0.0818184894920856
-0.0609901678730581 0.0667385383784065 0.0108218518748481 0.0661833140492508
-0.07748080921061 -0.0136744515564374 0.043696435983185 -0.00614695386891257
-0.0845920528574732 -0.0472614136523787 0.107538087574244 0.0200046922385388
-0.0824515514166369 -0.0916057787533944 0.228781590685563 0.197492426051922
-0.0112493745227939 -0.0277726382431899 -0.284532500773935 -0.240222321283023
-0.042461328746901 0.00140859544162443 -0.182176325593999 -0.00177323256300754
-0.0248148004410483 0.0569256905289319 -0.0354080920438652 0.0362428529080512
0.050503753192295 0.0343690354232514 0.034189430024049 -0.0348297106639782
0.0561185746562154 -0.018708231472163 -0.0711630461401998 -0.110385779401363
0.0169130208644231 -0.045143816820783 -0.203787406918293 -0.0295132607003568
-0.0199102277294958 -0.0454875402090532 -0.255543001521614 0.0632644619337726
-0.0217468896034563 -0.0451387947347423 -0.269336781766735 0.104785679184673
-0.0106818813690822 -0.0386603458935247 -0.29454455989713 0.0916741729219892
0.0248307967649371 -0.0357173948976 -0.290864432564078 -0.0121985905451733
0.0396481006742613 -0.0154363221071499 -0.183871722849113 -0.144073316494853
0.0201050031436259 0.0278282877474241 -0.0144151210267229 -0.115722561358608
-0.0346860575420088 0.0284282947471622 -0.082907968023595 -0.013927779623219
-0.0238719162995059 -0.0351411201951423 -0.216552954507869 -0.122228207911872
0.00855977203890281 -0.0411914662029511 -0.269456437078926 -0.469565567276447
-0.111348878609624 -0.150452193604303 -0.267983697104651 -0.199385358752776
-0.149305305961856 -0.0358199313264989 -0.170248889407515 -0.00412219644376344
-0.105355670350354 0.0923163965695927 -0.032030651494296 0.0514344424929998
0.0413777540623156 0.111694404620028 0.0466926431326856 -0.0213819915337456
0.117580183794093 0.0513629607253508 -0.0437256831704189 -0.110465063333899
0.115888265839175 -0.0239606775477933 -0.180776646222823 -0.0541069343278801
0.0772382327970518 -0.071278527046234 -0.238597389841353 0.0373080549686688
0.0783525916737295 -0.086625652183402 -0.252747248756429 0.0784596662809849
0.104592154788767 -0.0706660652083665 -0.269219382043248 0.0650531913143958
0.16833578782431 -0.0160290586487573 -0.257119056625111 -0.0209766922422597
0.146860677124769 0.0927802676926717 -0.155928778708428 -0.122837647363541
0.0151210850374425 0.181662397357513 -0.00311395155260949 -0.0924000114222616
-0.184340286875557 0.131440843393438 -0.0943388188747049 -0.000189077390383345
-0.224745293409882 -0.0846542279152883 -0.220630891116351 -0.122173723246469
-0.162227954287543 -0.190465172658845 -0.292410911534282 -0.41209528208304
-0.230560057662761 -0.229632234629468 -0.233180473899412 -0.0904942622825726
-0.259785501070953 -0.0341213022500844 -0.138240034806922 0.0193306987577181
-0.167150332428291 0.153180332226283 -0.0173652332639629 0.0618623599013445
0.0532654117049478 0.185852450371547 0.0452377744138865 -0.0147392754599273
0.186488351117168 0.099903513831721 -0.0269172750459351 -0.0909642493450648
0.205500937798562 -0.0225077489655317 -0.140194843170979 -0.0521967837022292
0.154644494891332 -0.105535323220763 -0.184727525855671 0.0278788596683464
0.151627937459352 -0.13236539346365 -0.191608972363572 0.0610712547300861
0.189267166335176 -0.112780074974412 -0.195958501552783 0.050088269970144
0.284891116577246 -0.0244856682590953 -0.185125799853369 -0.00626968668008677
0.253866735594076 0.161353752587215 -0.113936035914197 -0.0715468249526511
0.0433135330689412 0.310371615222785 0.00201445586175429 -0.0577859987722729
-0.286533815305127 0.251180432580266 -0.0894650360762409 0.0233874934481585
-0.406432435313185 -0.077533342267048 -0.20348880640404 -0.0843100870209162
-0.302417091448084 -0.312567017594226 -0.218746411830524 -0.33911915015112
-0.311442420158515 -0.30431268447887 -0.142388628812654 0.0127340050354904
-0.363391982035145 -0.0412350373670749 -0.0764376030206557 0.0230906694391787
-0.239300123067612 0.211035287394043 -0.00379864018331334 0.0562657498576323
0.0560090911124411 0.269577860848926 0.0384732649041757 0.000852870986160783
0.241243263808317 0.163012572597079 0.0129319505428164 -0.0603214222823082
0.283181271321894 -4.95401113018268E-05 -0.0663374866259923 -0.0657763524262063
0.226985113609129 -0.112627039614521 -0.106701863079978 -0.018301027086198
0.218490620492725 -0.142369611538366 -0.114527220248261 0.00266940632436509
0.258925136990576 -0.113230359907992 -0.10536989444453 -0.00467623590217723
0.362728138647716 0.00402615137299984 -0.0862954276838881 -0.0232254022258336
0.309717713217801 0.231736943673997 -0.0407774423044132 -0.0306154409608996
0.0376988740104059 0.398041807380634 0.0208296578126945 -0.0158034448987431
-0.36776027004193 0.306517703539215 -0.0677036789373861 0.0300314699051273
-0.514129602562929 -0.0968887526121309 -0.139252221942798 -0.063815171642996
-0.37670106827481 -0.395703769557588 -0.106246403782483 -0.226525565946995
-0.33853788375628 -0.358560606910394 -0.0294128657141378 0.140989398258799
-0.427751493409455 -0.0563791095209822 0.0193252222530438 0.0305863444143294
-0.297586568708269 0.24593639123606 0.0151366599311869 0.040101775648937
0.0430484681223839 0.331967811777583 0.0282875315138674 0.0271312155791198
0.263144181601711 0.215446578088324 0.0652852779662785 -0.0059590192599709
0.323696910512154 0.0293694160079817 0.0360600044915769 -0.0662459286287565
0.2689974499911 -0.0995445136237086 -0.00237097008775833 -0.0587094537989417
0.251918227027519 -0.124535108601208 -0.0144608866426574 -0.0498122439278611
0.28458046770989 -0.0895654333250637 0.00227200720026175 -0.0507045609247128
0.374839131163585 0.0343859456812048 0.0211777250026803 -0.0318056909449642
0.301398831805332 0.260913999712116 0.0347484185527901 0.0141696188838223
0.0156709230860086 0.40228330151002 0.0377907405794014 0.0269111358263721
-0.380254734110273 0.28690652812161 -0.0325393800990181 0.0300586999721695
-0.516840522611062 -0.112698121039825 -0.0517994390661921 -0.0358480046270001
-0.369918806684054 -0.415763519441864 0.0153492594723066 -0.0890151391715122
-0.325762610442917 -0.340044748416191 0.097513865165047 0.280513655718317
-0.424711553870776 -0.0487961327648055 0.135082121840016 0.0469444820997482
-0.291399174166761 0.243082072777429 0.0388307574514392 0.0193063256305744
0.0322600790754957 0.328028497755388 0.0162118368756773 0.0595802479173942
0.241375725010486 0.218326276543045 0.12014656833031 0.0591483633879324
0.307772719827111 0.0439336781356132 0.145903362672977 -0.0520991698379906
0.262452402349285 -0.078190015570603 0.110363691415501 -0.0891702300919816
0.240510216052308 -0.0941813802380991 0.0883178014311096 -0.0902954684029419
0.261113184096069 -0.0589568419350071 0.103143386410452 -0.0809298951069593
0.318718586011105 0.0510432345607936 0.11137747614763 -0.0320067892800912
0.235829202549216 0.232337281605495 0.091658663913429 0.0505851207831267
-0.0112880522294145 0.318849050121695 0.0441001050323491 0.0571837566948114
-0.30718892383367 0.20401199610078 0.00523307902787276 0.0234722294014225
-0.415182072174752 -0.103373354580939 0.0278592548489854 -0.00712686844930848
-0.307941974860315 -0.349115840523543 0.1163166876969 0.0424204652628796
-0.258673627821085 -0.258635929387001 0.209834104510524 0.39846743947429
-0.330864116436761 -0.031127696744034 0.235827291765349 0.0685137658381154
-0.221179860620084 0.182345420924673 0.0588012525242107 0.00159482383055022
0.0118501211619391 0.247778291302668 0.00368933746164478 0.0871027607136543
0.168404555009758 0.176537789522378 0.159536391523742 0.121286306544133
0.232849599760851 0.0495669994951384 0.240597822997734 -0.0277267509548845
0.211103429244446 -0.0441340921853799 0.210625532353224 -0.107239934696837
0.192629138016748 -0.0511015141559369 0.176149937777439 -0.11597660631249
0.199480104176303 -0.0214691886317889 0.18109562617596 -0.0944378556069113
0.215811881288409 0.0617083294800581 0.167610199301088 -0.0239074678928244
0.132435442884568 0.174582084852732 0.114871064551889 0.0719465272502664
-0.0406474805799751 0.189304263068755 0.0330174243777459 0.0687206134241596
-0.192088001914884 0.0863571045842005 0.030335630080644 0.00881965197592912
-0.249490018529666 -0.0809861875818037 0.0796141297062645 0.0125934844963204
-0.199842680775404 -0.232600029785516 0.186763587813828 0.139521247554246
-0.147104939530656 -0.129045110550015 0.284683074501039 0.474312323467557
-0.174681217817762 -0.00624562892272637 0.300055420581556 0.0947798409547129
-0.102051550351221 0.0889615593273438 0.0739716910353376 -0.0135697158826856
-0.00638051720816522 0.115837629438136 -0.00979656439009767 0.0971562292373933
0.0659682962370854 0.0985485531586409 0.170647704089971 0.165444515487541
0.115890875671709 0.0453715067315081 0.299304873781134 0.00334230059263046
0.122853111267928 -0.00182883803649224 0.280916764457078 -0.11004530633523
0.115871165181618 -0.000547045338743746 0.236662516603507 -0.124413006552559
0.114189192118766 0.0154111990177575 0.226822434240601 -0.0901860312724923
0.0959409270041648 0.0625072446731491 0.189326819148494 -0.00865787463135445
0.0288049967585491 0.105194847495231 0.109284282036098 0.0804017448421642
-0.0590825588155111 0.0648006535717988 0.010157668173037 0.0637773992072286
-0.0755193597375282 -0.0147284253261858 0.0398114690087839 -0.00823584922410795
-0.0809827276084698 -0.0467672027062394 0.102648701924435 0.0220925853180169
-0.0780045328464486 -0.0918985328881846 0.220994621458981 0.193020162981544
-0.0061743589931885 -0.0286132018604167 -0.249073517371326 -0.278709438111434
-0.0411022923727585 -0.00625604206039258 -0.182122083295347 -0.0312788343593156
-0.0337833541174969 0.052394747414299 -0.042382877241428 0.0268352341513671
0.0436829766419769 0.0419600127059867 0.035959784298588 -0.0294993956781629
0.0583998563842513 -0.00971140936365144 -0.0565862542951647 -0.116885726332194
0.023838396598291 -0.0401368538592563 -0.197701423402056 -0.0579424700852274
-0.0138848663673316 -0.0469143070793106 -0.264434671520979 0.0287352504799002
-0.0153354708554894 -0.0474145510084096 -0.285001595605194 0.0589686153345786
-0.00503967541192597 -0.0366312007870123 -0.309484490698067 0.0440509407540031
0.0283033815495847 -0.030065552096969 -0.287759852133892 -0.0588253479229792
0.0376272827784835 -0.00833268101144372 -0.159907849335394 -0.175007626262548
0.0130740962772763 0.0305640336770394 0.00405289290874286 -0.119422890224618
-0.0384677874667299 0.0239840296762995 -0.0786900366213554 -0.0266760827328894
-0.0196209449349918 -0.0359082146118663 -0.193554254069121 -0.161104650682512
0.00777116978692761 -0.0355791636575612 -0.187429151278194 -0.518800375915862
-0.0864953493496858 -0.162857796729471 -0.227013971569995 -0.238346030000774
-0.140721140334999 -0.0602528226820377 -0.166317894267212 -0.0347588422735926
-0.117639287063967 0.0743473511809132 -0.0394198143024247 0.0371396215959067
0.021342196759602 0.116470827374617 0.0447476663627816 -0.017900339941313
0.106703004999625 0.0687106030649675 -0.0332086556468747 -0.114908678290533
0.118809442376705 -0.00379549013408266 -0.176162238434871 -0.0762171899229055
0.0876569995834416 -0.056550520530342 -0.246720039296901 0.00440888496790857
0.0907823459919766 -0.0715972185245001 -0.264050842765844 0.0353434673715601
0.11306598180929 -0.0496874194530835 -0.280394385410624 0.0189060672382422
0.166413203290073 0.0126559679882293 -0.251789448257094 -0.0662139437427156
0.125052468965053 0.114663696506484 -0.132394841025778 -0.151290937098257
-0.0186265065111236 0.182002821959906 0.0130082180738495 -0.0961287820495713
-0.20314817851021 0.0995752245616087 -0.0909197022910928 -0.0138448929211865
-0.20821632872932 -0.119302495401735 -0.198445812351434 -0.156471720528881
-0.133397493780326 -0.21307683142015 -0.221672648217144 -0.461101245113064
-0.192809075791796 -0.258418925504109 -0.198968780485508 -0.130320890775873
-0.248783989428901 -0.0757450949306537 -0.135813902485402 -0.0119909611696281
-0.188239541659011 0.124344014931925 -0.0274942728339983 0.0440708990914615
0.0205967311022673 0.190327059704693 0.0406734956546947 -0.0150985648752899
0.165758467038961 0.128495766334971 -0.0233618503428889 -0.0959888113213431
0.207170799927468 0.011035078259278 -0.13950022436299 -0.066332011010955
0.17102690777375 -0.0783853359498263 -0.192750026113534 0.00326951974461501
0.17194372509161 -0.104121424826002 -0.200382865310734 0.0288185562743166
0.203892839513692 -0.0766123289603492 -0.205318302485738 0.0151575678861129
0.28358251444168 0.0223036776830891 -0.182635133984254 -0.0419838372488097
0.219985177688353 0.200270988501595 -0.0976880880328971 -0.0944855970495008
-0.0125299989721112 0.315202337254273 0.0126787329671593 -0.0628187501325028
-0.322614361979941 0.199828657750602 -0.0881502850395815 0.0103779464790243
-0.386682470476008 -0.143634678065699 -0.186006290130013 -0.109532410193813
-0.248248176837724 -0.359102525799756 -0.161635724717958 -0.373100463955882
-0.262169222346244 -0.342730224276553 -0.114958484188296 -0.0183109825195648
-0.349784577314363 -0.0979773322335378 -0.0718510635186223 -0.00331408524730637
-0.268168748108977 0.16862574045167 -0.0135654025739835 0.0347645729361748
0.00784266601318689 0.273129997076415 0.0299691616322982 -0.00372666720981918
0.209249140339287 0.200366674157181 0.00846720423117153 -0.0614770489894173
0.280809518041159 0.0451000751370458 -0.0678877730094821 -0.0686507276795586
0.245153823110143 -0.0743115677156135 -0.110161572702598 -0.0314804471937435
0.239924917450969 -0.10291559821594 -0.11359805792695 -0.0162469747707399
0.271840294307663 -0.06726392919654 -0.105631214124217 -0.0256696458517669
0.355832871007584 0.0615621219753301 -0.0810818105122593 -0.0449936063257853
0.264477951372795 0.275922572068201 -0.0299105395848886 -0.0433694488795098
-0.0325315188618553 0.399775026918079 0.0251815364249708 -0.0189993380140754
-0.411669528346619 0.240807415358666 -0.0672957283297864 0.0207729681296752
-0.487690547887515 -0.180538196485249 -0.125964470083289 -0.0750075032812276
-0.305046834792345 -0.456025482851238 -0.0684926003308304 -0.237999745444971
-0.282032929650094 -0.400181510737786 -0.0151482390292857 0.124904480617532
-0.413441563274935 -0.124154747748192 0.0262542094472469 0.0168038441423154
-0.332262622448822 0.19312182325823 0.00828019090012042 0.0177091827759651
-0.0149208597779058 0.332689548360385 0.014452345070815 0.0181404604641817
0.222228367643911 0.25505671244786 0.0508393519385991 -0.00356716698752885
0.315666511034657 0.0801110171561104 0.0318361344450999 -0.0537599545312396
0.284707914654751 -0.0541893982538238 -0.000540674116604686 -0.0582721165916779
0.271049378249408 -0.0801236361386999 -0.00548941013064714 -0.0519572619623367
0.293287877778355 -0.0409867661632147 0.00951884565966993 -0.0543625551420505
0.362931185057603 0.0932350904874269 0.0278912151313387 -0.0365352880602303
0.251952701925157 0.3026522579296 0.0391038252474949 0.0136586001980367
-0.0546063245513367 0.400168825979551 0.0358019541991464 0.0264638919283045
-0.420590974451897 0.21853639973462 -0.0331049148576273 0.0272408216572739
-0.486460518675506 -0.198321030399146 -0.0446450997332694 -0.0311860779571889
-0.293988187437099 -0.474801968591134 0.0284519980345228 -0.0788636142399227
-0.274203256379541 -0.381759926183964 0.0891834006309813 0.282473461904912
-0.41031870373862 -0.115890049218121 0.139138132219238 0.0500205130902097
-0.32622305435255 0.191973497830308 0.0346599457730667 0.00128092762944775
-0.0248514319930145 0.326904862649952 -0.00145247344543939 0.0477697148738161
0.199920878279785 0.25583807968819 0.0965688010930304 0.0685282636189193
0.297260587851519 0.0913353755998596 0.139034031922974 -0.0244925110690969
0.276076254567609 -0.0349761114293669 0.116899190664595 -0.073485739577181
0.255408264825389 -0.0525471431258305 0.102796249043377 -0.074270770561483
0.265703192883149 -0.016027271160225 0.115074874234945 -0.0672342912945639
0.304801845273582 0.100630875001863 0.117253359466553 -0.0210810360570754
0.194017018571317 0.263903981580999 0.0884535082828649 0.0603929384516104
-0.0648949734834914 0.311534200813709 0.0369362679991899 0.0594474427030364
-0.334218299905299 0.14892737568773 0.00334112071847961 0.0255739650300787
-0.388210569935615 -0.171175646715234 0.0281894908853337 0.00930711585208504
-0.242858064591546 -0.401249800718348 0.107607385242835 0.0696178952148179
-0.218632491811597 -0.293430894998449 0.177463551232077 0.418204646114455
-0.321504258952717 -0.0838070321957893 0.235468403698595 0.0917965814431928
-0.247649810767098 0.143480782851478 0.058213617921535 -0.00742188964181845
-0.0312433000370237 0.245147978738394 -0.0146035203112967 0.0767785184115604
0.134431072463589 0.204143505726346 0.130686404192435 0.136741919280438
0.222657196936443 0.0845748359807325 0.233341782674676 0.0122001723329596
0.21974455953709 -0.0103363086125746 0.221603962930955 -0.0781445489097786
0.201204013049626 -0.0184157359722721 0.194450336671915 -0.0846936549076821
0.199086355366559 0.0103252279923503 0.195616996534171 -0.0672538845372886
0.202563736012284 0.0942949249997248 0.171699790831563 -0.00137895299064288
0.10286386241407 0.190905162080802 0.107281357125331 0.087830002248569
-0.071410670777091 0.179784308921907 0.0237692991839739 0.070821155583153
-0.203142353539497 0.052167655074713 0.0277940968758303 0.0138468855254669
-0.228886652669986 -0.123185398879523 0.0757204945527404 0.0341539102173746
-0.153723778280703 -0.267171803683937 0.161757727065902 0.176883726658234
-0.12820875267892 -0.15018979763731 0.229529285571062 0.507905838742997
-0.17263819572897 -0.0340749156991925 0.291606005624918 0.134133822414505
-0.115349424007401 0.0707915316124138 0.0750481274642924 -0.0102203669115051
-0.0269571188338677 0.113227923371016 -0.0258571956275449 0.0902232360980241
0.0478996673132234 0.110168229968683 0.140965205152449 0.185045174166018
0.106974239772853 0.0615330138134225 0.292523115757486 0.0483451101027578
0.124580884752905 0.0166374657544982 0.294993757171634 -0.0709790307172074
0.116953893063579 0.0187275332183133 0.257337977373216 -0.082903495907211
0.109421661481152 0.0317907536317715 0.241365374706128 -0.0538316549227798
0.0846388327016433 0.0757689072995225 0.190745371571259 0.0211314295750115
0.0130617869310945 0.106714994432039 0.0979019451672427 0.0976197475414695
-0.0684551623978995 0.0537223332630989 0.000809552595311499 0.0648342013580964
-0.0724490466296368 -0.028138281498855 0.0388646094608466 -0.00290394269591278
-0.0698048241632803 -0.0605649194889522 0.0966421264689156 0.0432102706585356
-0.0570350231006744 -0.108009802946893 0.187335323917297 0.233931092734384
-0.00640054236420307 -0.0300949315259154 -0.258566150033674 -0.286459744778725
-0.042776367094247 -0.00727598711543938 -0.189818626210734 -0.0321822589196814
-0.0350468779386909 0.055350948866635 -0.0441960519561961 0.0271358134818132
0.0447716692795002 0.0425350936134171 0.0372630795880236 -0.0302223126157871
0.0601536358023276 -0.0109258186641945 -0.0571948558846144 -0.120314507882032
0.0245549641203984 -0.0407261672347069 -0.203945959952619 -0.0578729818462364
-0.015338085329376 -0.0470344101437314 -0.274170447903631 0.0299153743450728
-0.0164453763597081 -0.049602649132942 -0.297402955862125 0.0606459461201687
-0.00455230497744414 -0.0382434862784513 -0.322224442034854 0.0453873603152907
0.0295936621948665 -0.0322855349364086 -0.298604828631505 -0.0609857440929008
0.0387233898553352 -0.00909444150283278 -0.166584940919255 -0.181046602189146
0.0130042136478617 0.0319119858122782 0.00333822263287114 -0.123527372719372
-0.0382603603490019 0.0240008724714757 -0.0807579659146851 -0.0280868303866804
-0.0201048408608973 -0.0370682965155756 -0.198783075529447 -0.17071268798154
0.00832538555230681 -0.0353569243989627 -0.190673758074324 -0.535466346364686
-0.0885644637300111 -0.167784845372524 -0.23600000337401 -0.246398094402143
-0.14507096157488 -0.0624708032806863 -0.174904291987924 -0.0371367900137641
-0.121524633912216 0.0774974003217567 -0.0418736688836022 0.0366724778918411
0.0218291584549929 0.118979315332445 0.0455151409110415 -0.0182908829910868
0.111083496518531 0.0697916678199299 -0.0331987393411576 -0.117982239275566
0.123329144508976 -0.0042568520680468 -0.182142744773069 -0.0776994901402251
0.090146930861633 -0.0573786194996928 -0.255174053837235 0.00493782119506333
0.0937050147794493 -0.0737124366953071 -0.275986067268034 0.0365472957892381
0.117912625405804 -0.0512401080857479 -0.291536775876547 0.0191432783738921
0.17275095035931 0.0117103543968206 -0.261291062763751 -0.0688325663970834
0.12933915189936 0.118748021001447 -0.136063302132774 -0.156717513516369
-0.0198026185976856 0.188633257991871 0.0121070389889791 -0.0996342579252333
-0.209988454373755 0.101302137007248 -0.0953586823604206 -0.0149961003634308
-0.214778178077484 -0.124371197333941 -0.204598408610324 -0.165658212168343
-0.137704363357412 -0.220522003629962 -0.230312777055606 -0.476066744047194
-0.196765805939539 -0.264483301720439 -0.207702824468016 -0.135603007884103
-0.256309503780016 -0.0790255368393546 -0.144382362993903 -0.0122852681536635
-0.193798545232231 0.126403452942937 -0.028269346774317 0.0442155890330262
0.0209866678170548 0.19621192680963 0.041798525094573 -0.0146987266727646
0.172705839942243 0.130186196214667 -0.0235015521374755 -0.0979229577615746
0.214793627115319 0.00927025980180103 -0.145161071373042 -0.0680230070253428
0.176762283835262 -0.0813218950795236 -0.200000609022794 0.00367320136745445
0.177568109525183 -0.107237926198554 -0.209025498376865 0.0298275983838192
0.211875945864724 -0.0796347283063433 -0.214091956206533 0.0149875474555928
0.294370218849454 0.021821441241879 -0.18901362436608 -0.0441048477175347
0.228461407240014 0.206300254074447 -0.0989073588317429 -0.0990202466724793
-0.0131543126441164 0.326020414020799 0.0116042396618106 -0.0650355018647952
-0.335115117326835 0.204993766109548 -0.0936590019450114 0.0102495554886913
-0.398909687783473 -0.150104953048039 -0.194521260590127 -0.116340428514231
-0.257919675471739 -0.373209007956941 -0.167873604810974 -0.382358224270752
-0.26713694039199 -0.352446290000629 -0.121682049925523 -0.0202265942769327
-0.360632034617071 -0.103672906120568 -0.0790269170355166 -0.00325217942649462
-0.27675566659956 0.172813808156282 -0.0137674329124173 0.0341026127198053
0.00748777806622298 0.282183052419896 0.03025376691373 -0.00332979818459788
0.21847795583783 0.204483282060163 0.0084032324643837 -0.0636099488605382
0.291057233383258 0.0434564844608348 -0.0716753721220626 -0.0706474982801411
0.253526548942729 -0.0772845800495829 -0.114162475866644 -0.032634955771675
0.248012682344224 -0.105223653978835 -0.118853587327726 -0.0174669346211769
0.281700361655892 -0.0685430416722298 -0.110179417808043 -0.0274338556064734
0.368908142733989 0.0614483366439737 -0.0836616618229574 -0.0474613892100867
0.273909767915954 0.284781751614474 -0.0275753516993829 -0.0455822936371326
-0.035088704220406 0.413895487920655 0.0244441588044699 -0.0201650230967525
-0.426437137188056 0.245912549997493 -0.0736640555851191 0.0209623925155321
-0.503632989034372 -0.189986322051382 -0.131949868446039 -0.0793402702657448
-0.315488193982464 -0.472196368437135 -0.0731559967973264 -0.243609921425147
-0.28844965402366 -0.412210430397855 -0.0194221926318752 0.126367725297642
-0.425310062940902 -0.129535564713793 0.0219026797164896 0.0171593292328714
-0.344858237381089 0.197707779021964 0.0101825720376408 0.0170117576359375
-0.0164101149059042 0.343426359978512 0.0140926463466177 0.019063145403475
0.231541013106227 0.26277269354653 0.0526896861795993 -0.00376902830072401
0.328185009170201 0.0800352961710933 0.0302914533474168 -0.0560554973793765
0.295161968935825 -0.0567778919841858 -0.00064194997585256 -0.059988930505619
0.280783885949366 -0.0812139936660504 -0.00624014884981963 -0.0537709765436487
0.303957766472008 -0.0411620165601002 0.00885054491478962 -0.0574175337003778
0.376272000630927 0.0947817198632484 0.0285608007891498 -0.0387018221867314
0.260806444136733 0.311319713634172 0.0441558957763468 0.0141333458917984
-0.0567664140940886 0.41334997009927 0.035317971814325 0.0271058387344995
-0.435568535222084 0.223222594704042 -0.0391935961107785 0.0265943157905655
-0.500845949266241 -0.206611714748928 -0.0489248142441881 -0.0332552447025212
-0.30427751022101 -0.493142522667787 0.0265387270214343 -0.0792861161917632
-0.279218719489391 -0.393119915004589 0.0884600234976564 0.28898485019143
-0.423009694097311 -0.121517071265077 0.140195822101796 0.0532225295709548
-0.338401048884153 0.196197003466138 0.036969143836584 0.000460814952298038
-0.0266725375361497 0.339299458836864 -0.00102517558446539 0.0497098457445505
0.209241960888963 0.264151086962869 0.0989782542831512 0.0700204029396921
0.309472340174909 0.0919412862868121 0.142286662383746 -0.0264964905635482
0.285869191612476 -0.037475707109659 0.120527591169513 -0.0753452482049364
0.265320461535935 -0.0528795832873696 0.106554754108419 -0.0769781769369064
0.274869694777799 -0.0162834471899151 0.118249125957616 -0.0708251897195397
0.317061975622662 0.10247088793723 0.121370602951339 -0.0225073000429092
0.201383185511999 0.271868458585275 0.0961053039222386 0.0623493121165352
-0.067570839706896 0.32215612111415 0.0375501908320784 0.0609817338560662
-0.345531521836718 0.151708044061869 -0.00185303499553088 0.0248909721372698
-0.398636198704626 -0.179633010813886 0.0261808700394464 0.0103790452202026
-0.249775592103822 -0.416717670810427 0.1086016993186 0.0731348401249738
-0.223183169153918 -0.301666019241544 0.180116728187933 0.429837663117495
-0.332312811789359 -0.0881703399647485 0.241041446902193 0.0961749662282906
-0.257476345832259 0.145362584919577 0.0619745104025985 -0.00788600955224876
-0.0330366260979045 0.254952394457237 -0.0152499199379492 0.0793136325581828
0.14193382356813 0.21137371070029 0.134778541471637 0.141368819563801
0.231451196242489 0.0854241248601443 0.239921048264676 0.0106079175953528
0.228402164493302 -0.0118835241210187 0.229470518166681 -0.0804725574078405
0.209463213457508 -0.0171829643222577 0.202271228051896 -0.088277870106431
0.205791567834724 0.0106992790064167 0.201501072002745 -0.0703406210576657
0.210840496774729 0.0963798949922932 0.17707583173925 -0.00221667840400372
0.107429254477688 0.196577211468317 0.113318126027565 0.0901822303658612
-0.0740253129186301 0.185764233584653 0.0243248269422257 0.0726627582437972
-0.210958074077595 0.0528637847230526 0.0247005039403988 0.0126358317811831
-0.235561901252788 -0.127332850720327 0.075435320112427 0.0366050060102839
-0.158404053976004 -0.278556500914232 0.165273250486058 0.182869338777896
-0.130396728293492 -0.155355344978089 0.234320508727339 0.523915321248021
-0.178103648682622 -0.0367849896762599 0.301159104444503 0.14072559708468
-0.120307409231671 0.0711458021507007 0.0797257279077391 -0.00886111414681868
-0.0284096500920972 0.118381685088114 -0.0266491529152397 0.0932252944917874
0.0509034632349727 0.114514037990031 0.145637746658473 0.190664244371813
0.111606164389976 0.062810340878608 0.302340128109699 0.0489163816110417
0.130338228425477 0.0165638226215941 0.304885203280105 -0.0737145491780431
0.1219103909057 0.0203300107268225 0.267019768222421 -0.0860375107395023
0.113161255377203 0.0330500034823661 0.25022640510384 -0.0565179912901539
0.0884369765661633 0.0778229638510596 0.196924184617831 0.0213159813512788
0.014023243601889 0.10960157594551 0.102055433178717 0.10022626615075
-0.070219068263624 0.0565381821607968 0.000529602283200581 0.0664166607692202
-0.0755690285859862 -0.0289363363217595 0.0371630122307555 -0.00442048593562606
-0.0711004211641298 -0.0626522494351166 0.0984179579681489 0.0466338762495617
-0.0588492178901082 -0.113543964582889 0.193387780842397 0.241326414901412
-0.00785952214512964 -0.0308444152236564 -0.278558731947176 -0.286115117802511
-0.0447597078466672 -0.00657216937389078 -0.199795810611786 -0.0253753306034369
-0.0330293755056426 0.0593607806111634 -0.0461955437183227 0.0292244464237128
0.0476409305188191 0.0413073033644515 0.0373857294372994 -0.0326358235125013
0.0609098548636759 -0.0153598327824825 -0.0632056919283342 -0.122787425596803
0.0237097502444748 -0.0431795207758524 -0.213641607927418 -0.050461173030969
-0.0184401378192442 -0.0473397174766627 -0.283814661770234 0.0421998528672176
-0.0199718929920993 -0.0504699988566905 -0.30937467984881 0.0755628972260304
-0.00477907395644026 -0.0402800496813606 -0.333464430200516 0.0604449243228591
0.0291608962571459 -0.0353801965284756 -0.312446523267331 -0.049978914971674
0.0394455016176611 -0.0118507864478394 -0.181514856345494 -0.180793723433567
0.0149283550861111 0.0326786437430264 -0.00242319963506719 -0.128356428430087
-0.0372773936920546 0.0258074376651146 -0.0839949577089053 -0.0261833141671576
-0.0218849002258871 -0.0375886077330701 -0.212729936478052 -0.173521569006309
0.00749588155652535 -0.0356361101437414 -0.219100582701653 -0.546790531398971
-0.0964079801376313 -0.169860711925097 -0.256020528667498 -0.245706304961907
-0.152005879872006 -0.0600115756665988 -0.185707843002565 -0.0303802644260514
-0.122936026432574 0.0845923375284861 -0.0430642406389233 0.0388724510913801
0.0268966656297552 0.12150920432445 0.0470419023672765 -0.0204802558912801
0.118643980497054 0.0664008405776165 -0.0388533661641003 -0.120881192510127
0.128432980806263 -0.00984322405608127 -0.191984017735925 -0.0723070631185156
0.0909484296499105 -0.0625385836925615 -0.265185964827228 0.0157898004184984
0.0944914879551579 -0.0802209494022349 -0.288479055625013 0.049317836662671
0.121780973730306 -0.0585310577834311 -0.303842286329674 0.0317584733336607
0.180646078405107 0.00382000142486876 -0.274217157784168 -0.060982217699937
0.139162566606073 0.117827656865399 -0.147440898595941 -0.15775500626962
-0.0132907462782167 0.196771833464921 0.00716074131343314 -0.103852863352346
-0.213818223204666 0.112110256812909 -0.100512189660343 -0.011806337222382
-0.227208213637876 -0.121978574570326 -0.219577132531923 -0.16718101604345
-0.151512112530434 -0.222568516412594 -0.256057485851077 -0.481468852691499
-0.210855404213266 -0.265909026812265 -0.223683099675157 -0.132535950694787
-0.268185607150184 -0.0725035802509659 -0.153722382715351 -0.00623988869994308
-0.196407957988964 0.138285208280223 -0.0283812280566047 0.04517518989931
0.0291100113231988 0.201610314204179 0.0428314293463042 -0.0163967556823946
0.185364114408663 0.125887296688939 -0.0277357693462771 -0.100102845365095
0.223686222989964 -0.00122257969743819 -0.153998145467515 -0.063119661085396
0.180170960652861 -0.0907895961059992 -0.206942262202447 0.0129051098476072
0.180406499921294 -0.117643076926904 -0.219038364271309 0.0392480391464916
0.218773318361129 -0.091612058851571 -0.223568367660754 0.0242100181511148
0.307288113394515 0.00828903904322587 -0.198190261687143 -0.0388402738786526
0.244734494309664 0.204864987964252 -0.103820321542094 -0.0991580808631644
-0.00179050359682628 0.33931553566765 0.00814348718423855 -0.067921555944956
-0.339933808356347 0.223377985071665 -0.100295863472744 0.0142700175205454
-0.41992936631472 -0.14182871978542 -0.206994542675514 -0.115156889117066
-0.28295305371821 -0.376307880602932 -0.192141879385633 -0.387371600948197
-0.286819031221443 -0.353645789608506 -0.130750281534797 -0.0171197163339332
-0.37606838267746 -0.0932580514768164 -0.0870409109013189 0.00139413676561448
-0.281141752720822 0.187194633176614 -0.0130179181104458 0.0343931887774311
0.0189235215905349 0.292160041431488 0.0316332089191779 -0.00394021760582987
0.236516250613312 0.201646427017056 0.00661025897382745 -0.0655231467362838
0.304131702459968 0.0309400317122508 -0.0785211691858479 -0.0702117592403674
0.259830739912132 -0.0913176517688223 -0.119642834796413 -0.0286838626319111
0.25523095240229 -0.118143935020725 -0.125990570642756 -0.01361114536431
0.291045825698562 -0.0826281520301894 -0.11767949136847 -0.0250941927880715
0.386581082460527 0.0462951158985991 -0.0893372902184553 -0.0471348425267369
0.295455151808435 0.28457260740695 -0.0267837198584732 -0.0472446500094911
-0.0197038549539798 0.431457320985867 0.023660452641016 -0.0215877892199099
-0.434754112625568 0.268375726961856 -0.0806964866385524 0.024511984538055
-0.528834495434308 -0.179980151254786 -0.142068939207822 -0.0774075393765803
-0.345991617738481 -0.477668218051396 -0.0872088052713124 -0.245722942770345
-0.308622158716243 -0.415351498246319 -0.0202114902611181 0.129141449526192
-0.445609793928987 -0.120234156739408 0.0187901611979264 0.0182713317035014
-0.349166267282768 0.214804283024418 0.0108180703237584 0.0153455645165824
-0.00309421832034346 0.357127696501092 0.0159807818322408 0.0190053168923984
0.253389790424794 0.261895640035468 0.0540687992257284 -0.00551977602073903
0.343845150212233 0.0669608353320833 0.0274276073772392 -0.0597638593143972
0.304776043256588 -0.0714257699470276 -0.00286831058455394 -0.0617065073474792
0.28925127602164 -0.0941100805374825 -0.00950138174377237 -0.056169707058964
0.314449346068061 -0.054888613447221 0.00532239121393374 -0.0607270342859405
0.395968570705779 0.0803756700577651 0.0283807396312194 -0.0427118373140956
0.285141011457847 0.312171925498336 0.0506692071342729 0.0117829657642694
-0.0432907701004115 0.431586105896326 0.0366105014692252 0.0266747223485447
-0.444989160426519 0.245981647808117 -0.0454205033135307 0.0292094394530927
-0.525995550221075 -0.198833556065992 -0.054845507522686 -0.0311143138161469
-0.334043181949255 -0.502091792125157 0.0216424419022306 -0.0795965918699061
-0.299958481889783 -0.396064240967872 0.0981922886072787 0.293443732872704
-0.443530107499664 -0.111102675500889 0.143635059961809 0.0504160340629609
-0.344751392045532 0.214033273809793 0.0399307565614764 -0.00192590464975766
-0.0144876139023916 0.353591138669032 0.000133958104043061 0.0519485920733611
0.230236143016757 0.265138160138895 0.105570396191893 0.0699052448666931
0.325957678851532 0.0799427309758702 0.14394714700818 -0.0342734804441897
0.296924412229823 -0.0523799118617541 0.122071799916906 -0.0829255350158014
0.275322936028138 -0.0636208230265296 0.107834403886113 -0.0850706287878124
0.284851539030086 -0.0267018019801271 0.11840162026401 -0.0794680738007921
0.333978765411933 0.091396994703748 0.125159495544783 -0.0294389383702156
0.220861667887679 0.273216379172382 0.10558675680275 0.0594992282442096
-0.056558719354126 0.337202423902864 0.040109085694874 0.0610304955536182
-0.354662528766665 0.169277410814627 -0.00653089424668532 0.0250704797520143
-0.419044167395948 -0.171736095256294 0.0255123388615404 0.011740082395717
-0.276402562784404 -0.423599922908136 0.113048604275184 0.0738697707621168
-0.239714951544752 -0.305562983590566 0.199588770731855 0.436700701888535
-0.347996872935336 -0.0805520891818272 0.252036430211379 0.0921545684760587
-0.263693839651852 0.158974181546275 0.0655127148044336 -0.0103798435867305
-0.0244688402532101 0.267323590707793 -0.0128227447189104 0.0833116962631037
0.158297734996266 0.21454813978709 0.145158642182528 0.141877050315806
0.244905035913849 0.0774477159246841 0.247508769486569 0.000440866248792805
0.237336364475251 -0.0227493461955045 0.235233882411849 -0.0923669704302613
0.218466717785449 -0.0247702415170789 0.207993756147092 -0.0995083203816486
0.214331202173789 0.00349272236317551 0.20551202444316 -0.0820170272478699
0.223329315407503 0.0905269138606979 0.183382370627644 -0.0102819265671519
0.12066427202312 0.199070198716894 0.124204230557402 0.087556252696976
-0.0686054957573594 0.196101264053583 0.0267754640307792 0.0741557881200055
-0.217458746963615 0.0615849482729667 0.0210705115750736 0.0110376064876182
-0.247820839922107 -0.124003899271582 0.0784955280996559 0.037621245242134
-0.174798439646172 -0.28380562602445 0.176476848894847 0.184614640833876
-0.139449352138472 -0.156643671040883 0.260896106957898 0.532478170591913
-0.186575906015692 -0.0315743187705394 0.318183346557889 0.135959387704785
-0.123662288089344 0.0769457264622165 0.0837153143690489 -0.0124566902030857
-0.024760144358128 0.125620286241707 -0.024877651319167 0.0977911737067694
0.0588150659549874 0.117965478912012 0.158530528306376 0.193121101474988
0.119937768205066 0.0597149030581705 0.313627118438444 0.0367091156224993
0.13734399604398 0.01076818603531 0.313818674392857 -0.0883216058915879
0.129052534998589 0.0170309693444486 0.276622135535448 -0.100341546983901
0.118079371501033 0.0303150590223984 0.258076623357879 -0.0692168248566517
0.0953469498614577 0.0772060729135758 0.205079623962808 0.0135959447191997
0.0205473672306015 0.113005734746037 0.111822703661904 0.0988942653377059
-0.0699733622473231 0.0616016529010149 0.00356874292867771 0.0679273607632299
-0.0808675402118639 -0.0270403553074657 0.035342191573351 -0.00721754972299598
-0.0756463070143726 -0.0620996674923167 0.103404288906049 0.0463129526392774
-0.0652954476582512 -0.117647543721667 0.2081866612236 0.242168377632448
-0.0101213883141455 -0.0302698241308723 -0.298789776063069 -0.268966178211753
-0.0455867272611407 -0.00383383989536253 -0.204109639110019 -0.0111145312068938
-0.0292138826368787 0.0620473641819907 -0.0464073030803734 0.0334700888202019
0.049430601311778 0.0379551605153179 0.0360527511531947 -0.0345762944752351
0.0592113461479863 -0.020586597922103 -0.0709615728554446 -0.119482610984419
0.0214383650046471 -0.0447020628854945 -0.217324594601593 -0.0357120809610407
-0.0215216598368737 -0.0448132244460843 -0.28407665445098 0.0615840077345287
-0.0245920201463267 -0.0495781194151341 -0.310430274764532 0.0980914050168079
-0.00735352248846412 -0.0414248146175834 -0.333546978007527 0.0831500667436425
0.026968296786009 -0.0384881390939764 -0.31897209287377 -0.0287812267872091
0.0379188434578876 -0.0146623749085117 -0.195819099277369 -0.170441631697898
0.0172516591792258 0.0316307549734235 -0.0107421378999256 -0.129583525667463
-0.0353991579556742 0.0273870915316462 -0.0851205411231138 -0.0214914595812484
-0.0244059713778117 -0.0367241621487181 -0.225456840427143 -0.165064877365485
0.00558935719114561 -0.0344285796683179 -0.254629084937178 -0.534825895005183
-0.106753151960234 -0.16475810031506 -0.274363020714747 -0.230198563429239
-0.157019022204708 -0.0511570675123471 -0.191140848747112 -0.0174099607222223
-0.117910035774723 0.0923395919415066 -0.0421949796454841 0.0417439889457897
0.0347891445207716 0.119621888283399 0.0460864435776514 -0.0230521736290188
0.123096972867837 0.0568157500430766 -0.0459836498184966 -0.119317546693804
0.128940415544447 -0.0198433813334785 -0.198132225248486 -0.058655947364797
0.0869994734869185 -0.068022078912674 -0.266707793141861 0.0340944092552651
0.0894956485236579 -0.0868662454550068 -0.290763696054394 0.0701301567267867
0.119791145348912 -0.0680180393299964 -0.306104052561621 0.0520345414589415
0.183035448869818 -0.00950397355985294 -0.281023720720173 -0.0426803906419823
0.148067097302325 0.109053233013301 -0.159081389518043 -0.149505603202859
-0.000643612915274201 0.199404237160092 -0.000454916250775886 -0.105098387591959
-0.209442931905492 0.124981999085774 -0.102513717761621 -0.00515675713747848
-0.23696188070011 -0.109455492949944 -0.232208049866037 -0.157647620388456
-0.167186273028788 -0.213236069045516 -0.288498315391762 -0.464822967814131
-0.226619174807231 -0.253984997774635 -0.23550349770632 -0.117534597171482
-0.274100577470483 -0.0560345382254162 -0.158132493963613 0.00541630443027406
-0.188867789413408 0.15087279053137 -0.0276889889739416 0.046510395704509
0.0425609580496594 0.199753409103863 0.0418138092678811 -0.018872809871279
0.19474958702383 0.111773360294937 -0.034088797273288 -0.0981558405989156
0.225366771476262 -0.0182472361161136 -0.159459983319878 -0.0520324782340203
0.174771026430172 -0.10362741299748 -0.207908960608849 0.026673557866028
0.175144056014454 -0.129879150379743 -0.220268590101081 0.0549376670506965
0.21477271020246 -0.106940083257283 -0.225151931703953 0.0392362723729982
0.310747762604411 -0.0142129739868083 -0.202952198355156 -0.0259097444275716
0.260623329798254 0.189372961316105 -0.10995819697834 -0.0945826407125577
0.0202857054789749 0.341978741416821 0.00248338413119914 -0.0679839166680729
-0.329900283000374 0.245049072139022 -0.102422894640678 0.0223686133430505
-0.431721983488966 -0.119552777440056 -0.217103845535565 -0.103722259082597
-0.307482886262043 -0.360518618642487 -0.216870559911001 -0.37148906800709
-0.306611836559995 -0.337492037444905 -0.137452738376077 -0.00931442454395124
-0.383301633501329 -0.0711266643190869 -0.0906675220592222 0.00823612630918251
-0.271481731756552 0.205500479525218 -0.0118179184499229 0.0339233997515612
0.0374130293139671 0.291408562873598 0.031192676975686 -0.0054640457789235
0.251786056356827 0.184586656261594 0.00357816589867277 -0.0648700736850764
0.307639763011742 0.00821215855957133 -0.0847691030067461 -0.0647207019150382
0.254726344022636 -0.108738780482714 -0.122467816562168 -0.0204874383070315
0.249426226076284 -0.134815623112259 -0.129666048320688 -0.00516555591549243
0.288316527928403 -0.101771792035326 -0.121956009765838 -0.0176397224739736
0.393294411492549 0.0190706934829487 -0.0930937399547697 -0.0421354474480889
0.317899572150457 0.266310171004741 -0.0272541954940347 -0.0479863973115382
0.0085965249994448 0.435439140050955 0.0208430320967224 -0.0226769751711877
-0.423158054571154 0.296960718864209 -0.0839364890699593 0.0320446237004438
-0.542426684224563 -0.150535946035985 -0.14964508358898 -0.0688298495724617
-0.380291265466382 -0.45917333791021 -0.103745921286267 -0.236569236826274
-0.332298410648712 -0.398260132535805 -0.0165476665058226 0.129701939415953
-0.455602198557601 -0.0930147117920867 0.0163233986773126 0.0188368367371137
-0.338863546163743 0.236597078366835 0.0117094445644915 0.0139356267107097
0.0202317391156624 0.360055620033594 0.0169647043568195 0.0191665005603409
0.274603885308392 0.244703722166464 0.0545847861173669 -0.00804021756586983
0.351190055869641 0.0419971751492212 0.021830613051897 -0.0613571884029095
0.301200490124016 -0.0933715353737676 -0.00672448625440257 -0.0613606823048036
0.287690429564948 -0.112065007733251 -0.0144206565285454 -0.0562195694216855
0.313416976626706 -0.0753416772715658 -0.000335018654396999 -0.0617763007974533
0.404931407119052 0.0524981016108163 0.0248364940316355 -0.0461086492419098
0.30803600597871 0.294976009572533 0.0550553407252255 0.00552450885918557
-0.0163977638169039 0.435875693586261 0.0367256546454583 0.0248849518858435
-0.435252746940315 0.27452595368175 -0.049110601079956 0.0343100334222424
-0.542127159381648 -0.16800695058448 -0.0584584459604146 -0.0261277785469472
-0.36893516853985 -0.482323781231248 0.0156284418604744 -0.0766372536463506
-0.322581786076946 -0.380608726400356 0.112409597364096 0.287162919999965
-0.453748075150136 -0.0846339223498954 0.1452206317292 0.0436905011495121
-0.33579901878165 0.236311228433725 0.0411446748912094 -0.00616926609628306
0.00847031202975339 0.357586772073975 0.00370159385144231 0.053061861072425
0.252353811850621 0.251158571219655 0.111148734836168 0.0643745514227688
0.33332139932604 0.056554967009987 0.141107479034976 -0.0437490245235861
0.295228255779993 -0.0737081398597497 0.118014490785594 -0.0909154727053187
0.274935981603463 -0.0815568742954989 0.103160546081668 -0.09262442043384
0.28584464122283 -0.0453906008191463 0.112794217583463 -0.0881251738245212
0.343488917540909 0.06775464366097 0.122750719119012 -0.0391325451153917
0.241638037784789 0.259751826954842 0.11301133245994 0.0503704136750241
-0.0352067713610002 0.342694862813145 0.042683571507224 0.0596803953779592
-0.349420962100996 0.191268085309867 -0.0107199691167698 0.0278351045333889
-0.431456832770828 -0.146921561423307 0.0247160623522127 0.013115391609373
-0.304854494689341 -0.409383642898847 0.11677215642376 0.0706338890514199
-0.257186954246279 -0.293103367883608 0.223264381758858 0.425577935307243
-0.355747248307452 -0.0596925621221539 0.257917267038321 0.0780805112973368
-0.257761086013045 0.176242251568148 0.0667967400124917 -0.0158128848866164
-0.00668635431848002 0.272277617000788 -0.00757624633686289 0.0851603483523878
0.176078852286293 0.205843123192862 0.156185227769683 0.134913514133945
0.252385543003424 0.060097325728443 0.247444388832805 -0.0170513703237382
0.238198374719029 -0.0398661686233242 0.230974934678131 -0.108218035636231
0.2206707838812 -0.0387817314539208 0.204297840432365 -0.114721838284047
0.216215304598377 -0.0085962944433077 0.20139669747077 -0.0965298669382512
0.231814835963795 0.0746456242262227 0.184017224103362 -0.0234605523521313
0.135973284340063 0.191388934967371 0.133162974353748 0.0788013958103093
-0.0563947290261395 0.20155705076059 0.0312734386019201 0.0725375488052435
-0.216878731303993 0.0752974448692668 0.0171949712372475 0.0111180716712063
-0.256098921664974 -0.109657065174277 0.0800493964121247 0.0361781100554596
-0.195058591226343 -0.275173103597188 0.187420338020848 0.175963024792154
-0.148649185067217 -0.150044097836036 0.293807630161634 0.518719819411551
-0.189887736356256 -0.0203302959670826 0.329040525220172 0.117604009727303
-0.121507793567639 0.0842062341958777 0.0859923430093928 -0.0183312668417606
-0.0156095994421634 0.129093020192732 -0.0185094935611592 0.1014603456835
0.0693235224521768 0.115471591559107 0.172414892981111 0.18499261580834
0.124799038871582 0.0513421390338175 0.317729301600717 0.0155672437193803
0.139778238134773 0.000342767577699312 0.312169190595133 -0.109575845841012
0.133006494939779 0.00896678806288156 0.273867520473796 -0.11948338908244
0.120792888081193 0.0237729609529577 0.255659878610796 -0.087228621271304
0.101761342067434 0.0708656844223084 0.207509199249133 -0.000596290435923356
0.0295131335975911 0.111634771683876 0.120760656431787 0.0920499045226667
-0.0659056142435877 0.0665038342674321 0.00714277898005693 0.0676903940908189
-0.0842398858542301 -0.0224023427806136 0.0315640923111105 -0.0096471245064078
-0.0792590317241235 -0.0579090254579185 0.106476248514831 0.0427736852005712
-0.0738451153636297 -0.115402946599655 0.225169498743348 0.230247336098304
-0.0122234065456568 -0.0290051212293297 -0.303064623179383 -0.241857625691732
-0.0448253574127648 -0.00279718306627647 -0.198246858838892 0.00214509858474754
-0.0247102852256803 0.0616818061052525 -0.044693515470824 0.0357701346454714
0.0488359577629077 0.0337235357283477 0.0333655113002342 -0.0355468853457597
0.0551223564554393 -0.0229826036705556 -0.0756315259851979 -0.112233195540537
0.0182517883664992 -0.0444765071693038 -0.210835779871056 -0.021024325799038
-0.0235803917250335 -0.0403622313576281 -0.27193084716649 0.0763811139029648
-0.027672505796924 -0.0459843126401726 -0.298122719922466 0.114567890957529
-0.00929798506389088 -0.0406938781497097 -0.318122693627477 0.100260534007346
0.0235066945572535 -0.0392340228013654 -0.310184317801704 -0.00879588783180921
0.0352385497445172 -0.0168484243367333 -0.200706266101495 -0.152380155139926
0.0183894421828141 0.0296292834082152 -0.0183849796534423 -0.124942005642807
-0.0323449219984876 0.0275666008612013 -0.083089090579677 -0.0165214024559468
-0.0252218311955796 -0.0334532175261604 -0.227985573422403 -0.151138938635957
0.00414151186767478 -0.0324016656556388 -0.274802397293267 -0.500889785102945
-0.111757354378138 -0.153071757261934 -0.27833430412934 -0.206111886838284
-0.154631417969169 -0.0406019963922427 -0.187414502023682 -0.00320476341715311
-0.10835275085519 0.0959826336091378 -0.0408457995916337 0.042964279158337
0.0394774647032674 0.113402443816522 0.0435940465117362 -0.0243930347407334
0.121573165791897 0.046420811544763 -0.0512649647174754 -0.113246228948528
0.123313188018834 -0.0276729960598132 -0.194476856181833 -0.0443230356516596
0.0804261006161484 -0.0697077227541927 -0.256567200095127 0.0487543888112652
0.0814315790731332 -0.0880055370832427 -0.280844516229031 0.0855652080472878
0.112755824547802 -0.0737841416371608 -0.294290261376737 0.0685865954076139
0.17707741691847 -0.0214747648869263 -0.275072598650365 -0.0249910405480604
0.149281111170964 0.0975534627345459 -0.161812896640073 -0.136475925769903
0.0102215360937207 0.193290014910006 -0.00660133826314873 -0.102274084210091
-0.196781126993938 0.131157204031005 -0.100241619331588 0.000867694997579856
-0.235881075626118 -0.0944934228250128 -0.234291906193411 -0.14208703233177
-0.172242286915626 -0.195850375868844 -0.299938895176474 -0.430084286695028
-0.230994089621382 -0.233961506343831 -0.235547286928666 -0.100527930176468
-0.266598236459198 -0.0395946930440374 -0.154884063193154 0.0168265538062193
-0.174126261160876 0.155017806872231 -0.026646733992621 0.0466143962850876
0.0518970792223989 0.189744636761947 0.0397177623928461 -0.0200420367134082
0.194370674788132 0.0946753127211605 -0.0373915903931911 -0.0934779963752037
0.215643832292093 -0.0320001442711987 -0.156850109618933 -0.0403794585849815
0.16320442259809 -0.109475950935519 -0.198993787481328 0.0386787454315312
0.162508932199022 -0.135018222934545 -0.212334477579253 0.0674347120563114
0.202217878926459 -0.116381615083245 -0.216814515215123 0.0510853941695736
0.299760508319841 -0.0338196789457864 -0.197710860884948 -0.0137695647073165
0.26317783669417 0.168322407475552 -0.111009825320539 -0.0876684996748308
0.038423327115303 0.329811016145789 -0.00229014300568738 -0.0659480817275521
-0.308588381042515 0.254153015503941 -0.0998879958982618 0.0289373539604432
-0.425011055352792 -0.0924399566054748 -0.21592207552327 -0.0902383057247849
-0.318477639438348 -0.330683464449607 -0.227352728466149 -0.342925651275364
-0.310702617234677 -0.310625655176803 -0.136219434707656 -0.00129555642915741
-0.373690941779102 -0.0470719973091288 -0.0903591515849179 0.014587987172794
-0.252575045341081 0.212202483587477 -0.0113359047251046 0.0330489531864007
0.0524758026500306 0.278215563904112 0.0306220306651809 -0.00670398423719639
0.254899083605642 0.160686395615301 0.000820250748564237 -0.0633202986032227
0.29743913185261 -0.0129068353146158 -0.0862405245122086 -0.0566164686029242
0.240543191045874 -0.119572739795416 -0.118793135496271 -0.012284096644387
0.235206907219672 -0.143425191728421 -0.128059369811353 0.00364703745994255
0.274653490002856 -0.114750878920136 -0.120701600857563 -0.00981627561408853
0.382558254966915 -0.00696078491050072 -0.0934524651223666 -0.0365673266159199
0.323242937051893 0.23879721049165 -0.0272153454831599 -0.0476466114623293
0.0319452594528852 0.420847587562664 0.017417094291386 -0.0227444347101859
-0.398281811883423 0.308207367544328 -0.0822701555623399 0.038653929879475
-0.533703583932011 -0.118347833085549 -0.148854664310587 -0.0572100968886549
-0.390991901003892 -0.421714807710246 -0.111836438429525 -0.218326769797424
-0.338911752730629 -0.369311781891137 -0.013604541214999 0.126349049458678
-0.444359271513356 -0.0657305962056316 0.0136883763046483 0.0183015226799486
-0.315985315353083 0.248075676164786 0.0112681041555491 0.0110819947242923
0.0395601400529792 0.346394621575709 0.018486561743502 0.0185445828732319
0.280636935379469 0.218756671349721 0.0541225455538973 -0.00945004729228759
0.341945311545079 0.018297468596864 0.0163706647810676 -0.0603765089357027
0.286011993086878 -0.10794832947351 -0.00929353925421086 -0.0585233693499451
0.273145646810825 -0.124067834582243 -0.01840925578477 -0.0532685087789043
0.300795920863988 -0.0899628859977363 -0.00579600780965769 -0.0597583552208001
0.39515167853451 0.0252323805846825 0.0206631527689807 -0.0474437289633117
0.316693709124467 0.267000097334353 0.0556390738885467 -0.000971517666603372
0.00906334013186351 0.422881208347302 0.0357123851393608 0.0229500914468796
-0.407894869182642 0.287922391531823 -0.0498482982887209 0.0391408871894349
-0.532352949033228 -0.134620901157335 -0.0582939276581974 -0.0200137037704223
-0.383861980963253 -0.446662324243917 0.0116900772292137 -0.0705493114287611
-0.327853514735013 -0.352694790161699 0.119348672743016 0.271157859808281
-0.442690650507238 -0.0574611236840714 0.140172856339381 0.0351280830590529
-0.314505156460385 0.246267287263461 0.0390587650229106 -0.00999052038233086
0.0288474290294579 0.345640813050555 0.00721858563351864 0.0523467898020121
0.26058321828836 0.226888066686925 0.112770984479951 0.057529142816279
0.325677297180921 0.0334675130013238 0.132000386105081 -0.0504558134503946
0.281205122094126 -0.0879007491117593 0.110171591665528 -0.0939786044055636
0.26360743573095 -0.0939918961755009 0.0947400156168333 -0.0961615633147284
0.27527592894796 -0.0588392549684983 0.10297679260457 -0.0916155553758798
0.336636068100843 0.0437297934720019 0.115274314955154 -0.0458080595306612
0.250074827080225 0.2360492296365 0.114918116981184 0.0392285152665005
-0.0143472447487725 0.333458230293028 0.0436108111924256 0.0561118912469611
-0.329165370294216 0.203564791146125 -0.0129745510965433 0.0306584907008809
-0.424940003463181 -0.121323815910635 0.0246756316933609 0.0149905160534232
-0.31803058603653 -0.379073455233592 0.116650466152586 0.0655018505217398
-0.261750454764851 -0.271657233611273 0.235832051264306 0.398920900988882
-0.347305013790552 -0.0395420829749834 0.251957939255168 0.061864886926464
-0.241106719633169 0.183484026935606 0.0644857333375483 -0.0201311776936406
0.00992809058382941 0.263276125077097 -0.00208027028652948 0.0840342514900735
0.184463606851357 0.187630793404085 0.160076648939576 0.122548266478867
0.247517804599366 0.0422567218104419 0.237416023704615 -0.0305647487558063
0.228515387741444 -0.0538085447422561 0.218728826127116 -0.117176213044929
0.213352257748764 -0.0500279707817213 0.192780721373908 -0.123276304770763
0.209951248312933 -0.0205465246000179 0.18892285030869 -0.105178255050371
0.228434027660598 0.0572524888591582 0.175564682601166 -0.0337437420527131
0.143889473335129 0.176687629348372 0.1352643538156 0.0657304189871628
-0.0425740429639408 0.198046181567832 0.0333070453028448 0.0691624833177977
-0.206846006700429 0.0849184364577454 0.0137600079898235 0.011450736172397
-0.252729097937359 -0.0930643285136515 0.0797292605527309 0.0334307916423284
-0.204527811147363 -0.25697567072547 0.191060442331199 0.161644655817992
-0.150001517232565 -0.137955359190354 0.308130944169031 0.485464528461338
-0.185054612774285 -0.00961478755235293 0.323720160807481 0.095863923530388
-0.113987171045092 0.0878249602391281 0.0839767240543359 -0.023683560547441
-0.0068920804534331 0.12614021992595 -0.0114150880883516 0.0997338127397733
0.0755102267389649 0.107230563441791 0.179292273189983 0.170854050158447
0.124353031823566 0.0418532732648852 0.307847170883346 -0.00412789276308537
0.135148836095724 -0.00878382456771011 0.296380733951411 -0.123804731184683
0.130622680324325 0.000438856186657612 0.261390343391249 -0.1326087648463
0.119036695864735 0.017475078935695 0.242471605151428 -0.0999885180635121
0.102118518494253 0.0620540438239324 0.199741058733233 -0.0132256971206426
0.0357257207574581 0.105856627995178 0.122764116272537 0.0801398366403656
-0.0592552196525544 0.0679883978174371 0.0109582154667846 0.0657311135806527
-0.0834544599329005 -0.0159744109619474 0.0270526135959525 -0.0101503270347751
-0.0789177019240809 -0.0519792419835357 0.105942209047499 0.0378274480950363
-0.0785604873811126 -0.108575506439767 0.23022598185388 0.210167112472629
-0.00821729774465811 -0.0274192668884948 -0.254019335896339 -0.255956098581811
-0.0419628924242979 -0.00838410338294773 -0.187613529397549 -0.018448009516065
-0.0304004683338114 0.0544211201095958 -0.0502021156442426 0.0298282996891334
0.0403235815408361 0.0384224565372757 0.0323716940790805 -0.0268346862306353
0.0541256816926546 -0.0142609722708963 -0.058425238490051 -0.110572358405715
0.0243943795955315 -0.0399490989062413 -0.192430893765689 -0.0411091858113624
-0.0165499422828632 -0.038862270253374 -0.263544930448655 0.0440055166783223
-0.0221539860836693 -0.0451596821048167 -0.298379640284131 0.0759497972998933
-0.0026855565882968 -0.0394053676629631 -0.316811796309883 0.0604995162779403
0.0282475162533853 -0.0344560397147721 -0.29603191593203 -0.0419344440853943
0.0358155530219902 -0.00945354822290766 -0.17719949579165 -0.168314634748894
0.013266736391656 0.0321039047447932 -0.00436191858436702 -0.124286127257161
-0.0324918674251266 0.0228667263136295 -0.0761464873700985 -0.0277230952076898
-0.0194946896627385 -0.0323975398144408 -0.201968013891761 -0.17312524543075
0.00777198752633864 -0.0258699505764328 -0.206902797314275 -0.51515550403907
-0.0843068291094705 -0.154470111419581 -0.230728273916501 -0.229867038884882
-0.137075226091305 -0.0572405971992479 -0.179251969626077 -0.0285803463900744
-0.112404569726889 0.0752168586830423 -0.0519304447325416 0.0333581003709961
0.0208102304509312 0.1110622532813 0.0385403072664169 -0.0163553855069328
0.106871141499568 0.0603547974214537 -0.038877853859231 -0.106391284560867
0.120725079875792 -0.0118174641685637 -0.175111764429466 -0.0558117213535043
0.0848462194426051 -0.0554563727704328 -0.247713063222844 0.0210506982583141
0.0880813985137591 -0.0731506449829896 -0.279165111345458 0.0501880190810135
0.117956157063031 -0.055743986213959 -0.292741323645131 0.0325000752486097
0.17178673012032 -1.52311405113639E-06 -0.264099838995125 -0.0569391291887261
0.130199886233216 0.112365218281627 -0.144390315911313 -0.155644496248483
-0.0143011848588783 0.188504780215854 0.00372812640945051 -0.105664358189185
-0.202126683726842 0.103678739752181 -0.0894515293976783 -0.0125808846555083
-0.213820666321866 -0.114992370720229 -0.199506592859206 -0.162071147034904
-0.143018447025563 -0.202426201043595 -0.23084952210335 -0.445011693640977
-0.183066058269493 -0.243328280705708 -0.200880882846179 -0.136237279894387
-0.240241539297171 -0.0695313752153082 -0.15454056343967 -0.0108052042847911
-0.180477088326497 0.121263848473579 -0.0429797683216597 0.0357183158192363
0.0210241303403331 0.182867858090097 0.0312450817553764 -0.0122890250110256
0.168103594112411 0.115666716500994 -0.0304835036737431 -0.0845209364474892
0.206190287757293 -0.00501942367523136 -0.139868828079887 -0.0449855956525753
0.167088789755463 -0.083148638290401 -0.192189638590936 0.0177381222217788
0.170928996185023 -0.108645000190979 -0.211435774839272 0.0392421482533978
0.207430436916174 -0.085183274246533 -0.217771600909397 0.0231030824627558
0.289006713916252 0.00203020707412723 -0.195798134437997 -0.0392635903589027
0.23016207742579 0.193026061817394 -0.102474010763364 -0.107228864747592
-0.00314687789863561 0.321411758748941 0.00241683160986077 -0.0736664111718543
-0.322809471167562 0.208413113529102 -0.0880136339866272 0.0127774366918243
-0.394468493388271 -0.137247996516004 -0.17915772508255 -0.10837845948291
-0.268182307667473 -0.349963131932935 -0.160422963367988 -0.349468952628625
-0.247170387056063 -0.325237234748162 -0.117739918245773 -0.0419737640548488
-0.3378807294315 -0.0908396341275773 -0.0971054418146476 -0.0104309435005197
-0.260794248214857 0.163041298001479 -0.0323006948123261 0.0212749358788859
0.00950566490274867 0.265183797371091 0.0181229461836809 -0.00155434168604645
0.21592835611514 0.185726376358858 -0.00206579218869433 -0.0511728700714972
0.278947555787063 0.0247639930664665 -0.0723159960661037 -0.0498540274442809
0.240779802250079 -0.0851984820154427 -0.112838655872861 -0.0211659909878139
0.243352346860656 -0.108291661637553 -0.123383529463109 -0.0127035046252454
0.275805362114823 -0.0756207623492324 -0.1200851656314 -0.0246947847095449
0.363598111141672 0.0373495986980393 -0.0956119998299 -0.0520998317369983
0.277650868645095 0.266646755255021 -0.0277928962357108 -0.064140452271157
-0.0200937304748157 0.406325271920916 0.0166208134333225 -0.0315226787155474
-0.414318056113949 0.251163781976417 -0.069936976874984 0.0239907174939486
-0.496195994578902 -0.173659039060405 -0.113036027522573 -0.0673724032768454
-0.329189356631596 -0.448548447370301 -0.0576139289840411 -0.213128462969658
-0.265585226983196 -0.38139133651096 -0.0150054222391286 0.0849514188841616
-0.401057132743019 -0.117282931483097 -0.00192921558512387 -0.000374903135531374
-0.326915123301757 0.186774746558554 -0.0112541458689379 -0.000765580335771523
-0.0111870322028069 0.327265236058681 0.00133917886685563 0.0190553604212355
0.232256198544043 0.243371140410726 0.0393771186467749 0.0041865396466977
0.316172310280569 0.0589049036486366 0.0224847831761104 -0.0409094802658047
0.283460022164021 -0.068821574612664 -0.00467626295165199 -0.053344968090648
0.27846978897929 -0.0859327349065113 -0.0124368805086831 -0.0549214359095936
0.298035599063556 -0.0480994336363753 -0.00500697950265121 -0.0605386020869092
0.370507356654463 0.0686760169328877 0.0140095784170304 -0.0503670061098153
0.268904618437239 0.2906422437625 0.0479762041182016 -0.0106529157612714
-0.0434510784072059 0.405412969921314 0.0303125086988651 0.0143862987621803
-0.423644813552987 0.230066253533964 -0.0393907760002801 0.0289964715132541
-0.493406024674068 -0.190459384859144 -0.0298154087985661 -0.0196480904795442
-0.318518619070865 -0.471004455968699 0.0440890065668025 -0.0547029980263015
-0.259421365953881 -0.365449608688474 0.092985307611806 0.233671104689443
-0.401246286351034 -0.109638987781375 0.114597916206247 0.0283146649619219
-0.324536075444184 0.186744232536015 0.0176633231602752 -0.0171142629298475
-0.0212808824078913 0.32543646453335 -0.0123374411249707 0.0482438251966014
0.212435965468746 0.249035095328398 0.0867405316733093 0.0716686914100107
0.299033483882437 0.0715843279329645 0.129172893978488 -0.0202874924329363
0.275808633626272 -0.0517788753570969 0.111566982986736 -0.0738624216220376
0.265501499736933 -0.0582367941792146 0.101002493942298 -0.0828073067786138
0.268843023668069 -0.0219980785227525 0.103553089298052 -0.0784929617964998
0.31296794761357 0.07881817510873 0.106235719698363 -0.0380571962212173
0.208967403067384 0.252836769126698 0.100976952211451 0.0363562909543656
-0.054400741921198 0.31591981273677 0.0349474295891979 0.049801459982481
-0.337756441692966 0.158155848599315 -0.00623937270145065 0.0268852965614303
-0.391853199084288 -0.163069763563362 0.0420532956497474 0.0233219666318511
-0.264555060405883 -0.400121874412088 0.126707985546915 0.0869929842820025
-0.207122371000303 -0.283646679499 0.183469858047828 0.370972988423704
-0.315385687420415 -0.0807867803267894 0.219576193654628 0.0687717283141284
-0.249143611565729 0.137996706440209 0.0480662151266964 -0.0218596518965571
-0.0285665726287231 0.24646896183342 -0.0212658973487013 0.076549294946475
0.146695232907728 0.202272750489351 0.126215452182995 0.135443633218103
0.224365025875782 0.0705904823593827 0.225180076593477 0.00544576446074484
0.221719618311644 -0.0261145167771126 0.216209355803586 -0.0854098697715134
0.212558054100957 -0.023398492543615 0.19791422419883 -0.0978023656258082
0.201492891643881 0.0064950545429273 0.189231828150274 -0.0810446305388919
0.208890254973873 0.0791904422992659 0.165084011206947 -0.0186112996653906
0.1159289098658 0.182980059264464 0.120323205121527 0.0679175643556554
-0.0637032637664928 0.183294188474876 0.0249718924958777 0.064936864654068
-0.20799615914881 0.0591278628258143 0.0168610716317763 0.0136827063407549
-0.230637461413027 -0.118571539818914 0.0856576246959882 0.0471363265682497
-0.169619203089324 -0.271073229311353 0.180960727679703 0.1849130271422
-0.120633009901058 -0.147122220703327 0.238416189770855 0.469252714252544
-0.169045919465244 -0.0325939339691675 0.288294728137338 0.115534079258719
-0.11842668441587 0.0661600457153503 0.0748317941653294 -0.01803778018906
-0.0241358597436913 0.116317728992503 -0.0267845911170394 0.0896839202638016
0.0560820432621911 0.111682756810137 0.143265564204384 0.179873114218686
0.108178218400583 0.0551433090192499 0.288088199195225 0.0333311141891636
0.127995957482608 0.0051187538271331 0.291071115144282 -0.0842673718613701
0.126979139996071 0.0143269773896222 0.264614638442454 -0.0980095099737796
0.10954306914143 0.0305945066848825 0.242281753298551 -0.06967005776194
0.0882602322483488 0.0700221064733152 0.189870076074639 0.00593207551662571
0.0218645731757651 0.102969563680603 0.109119795535671 0.0851932242744331
-0.0640159503908323 0.0567665101118126 0.00457989961604361 0.0627107349618765
-0.0784335424548007 -0.0239516145340803 0.0276141684010427 -0.00441619333044393
-0.0696191462411298 -0.0600535723755125 0.10304664059745 0.0517608755334061
-0.064977192976664 -0.115547801339486 0.205635551886447 0.231390116180361
-0.00789868069580942 -0.0265308888354899 -0.241456782059235 -0.252489843347073
-0.0415927088442783 -0.00905303144748672 -0.180836225419367 -0.0195992597601366
-0.0293785464857962 0.0529254517191895 -0.050020667160657 0.029560327822051
0.0377613572720229 0.0384806547554449 0.0323795545066047 -0.0253624959517581
0.0521366456044286 -0.0121475549817391 -0.0555823344226041 -0.108089578402122
0.0246045025895037 -0.0382549323133779 -0.184464851652928 -0.0414739983680145
-0.0147596538742161 -0.0371163402385835 -0.257019932228052 0.0399256449385888
-0.0212287238365503 -0.043252843262362 -0.292520384621116 0.0720766660690262
-0.00260946695809306 -0.039152233105577 -0.308317103005787 0.0553973779501411
0.0281097415376964 -0.0336958865209551 -0.286284080717922 -0.0435638949832988
0.0338734585853805 -0.00849160876439204 -0.170626759008345 -0.164910919226393
0.0124133721197674 0.0317793048667665 -0.00342878969178335 -0.121462357176194
-0.0319075976192893 0.020802075260909 -0.0732887436215336 -0.0291543206977132
-0.0183149739370441 -0.0316536392872019 -0.194120317623913 -0.174400372227556
0.00865396695380017 -0.0245464503527203 -0.189942369598013 -0.500670918931366
-0.078722819391071 -0.150858331670542 -0.220486310409631 -0.226125741530264
-0.132157226293019 -0.0576386218788058 -0.174495661070596 -0.0292250411707881
-0.109837304073384 0.0713443060628657 -0.0521973502201115 0.0324924165993966
0.0179564787254922 0.107145784600342 0.037388236697121 -0.0151825847964672
0.102544438884996 0.059043811403004 -0.0359298065892802 -0.104293607540008
0.117023494920353 -0.0107756257593011 -0.167925152498289 -0.0555291287812942
0.0835888141623184 -0.0508814921059906 -0.240705866773318 0.0173498527416494
0.0868764166163535 -0.0689791854817697 -0.273779224068857 0.0465537125711155
0.114594015645869 -0.0530324915931915 -0.285246074742786 0.0274913948687559
0.166863920533233 0.00098796110821165 -0.256183992045482 -0.0586516417965949
0.125399258100181 0.111138146954918 -0.137893500620809 -0.153148795335729
-0.0163515590055321 0.181989202683803 0.00444930964396804 -0.102132536810434
-0.198668748188563 0.0964838485214488 -0.0864000414100475 -0.0134623669030034
-0.20664360644017 -0.11555928556212 -0.190702409895132 -0.162368697584154
-0.134100331562012 -0.198389845467621 -0.211989235582545 -0.432702578718523
-0.171181935924249 -0.238716349174599 -0.193759476264566 -0.135422137982457
-0.230230703588713 -0.0719621076853188 -0.151180559354489 -0.0120659823528967
-0.177046611188207 0.114076986250721 -0.0440609749093848 0.0345079125291707
0.0171781560245092 0.176544372884252 0.0305066814124125 -0.0119604605209721
0.161243108961137 0.112812493080872 -0.0272062111282177 -0.0829842888644523
0.199150030849772 -0.00287524355564222 -0.134234830378575 -0.0450764478177094
0.164064040235347 -0.0775784214806358 -0.186648633767669 0.014452195956515
0.169087192925164 -0.101296265447384 -0.208715705713648 0.0369609938139874
0.202894058377376 -0.0797814175819516 -0.213244988594596 0.0193668982300192
0.280252805556455 0.00542830937927346 -0.189557291891756 -0.0419514008390438
0.221261172044776 0.189803238326656 -0.0978914435903788 -0.107295744678442
-0.00842241756436441 0.31153732031327 0.00324868759875903 -0.0708693558106078
-0.319165067900809 0.196006213797356 -0.0861465907244509 0.0131898076859172
-0.381266816392373 -0.140945156570716 -0.17146661216554 -0.109447868121758
-0.251532494414994 -0.341992134782471 -0.145523929593512 -0.3381159502737
-0.230521326023728 -0.320170798697509 -0.11609112274577 -0.042418992544223
-0.323927144451428 -0.0949360532657985 -0.0970558228807065 -0.0100750075687962
-0.256009559252902 0.153374839016661 -0.0334499364057504 0.0205540588329895
0.00392727102248215 0.256024933853957 0.0178967350131557 -0.0012563080652527
0.206473974327224 0.181623699298743 0.00104599576161049 -0.0502700680825254
0.269811835930482 0.0262212065670186 -0.0700028770630552 -0.0486840430488059
0.234921859642339 -0.0777856208689607 -0.108106291636166 -0.0218972799826759
0.239162944629533 -0.100246227931179 -0.121297066587127 -0.0125432930017571
0.269653327581825 -0.0693824462144639 -0.117766073022974 -0.026166904568192
0.351680296799717 0.0390429730510532 -0.0933234703589091 -0.0520542049097468
0.267089026108483 0.261849615520364 -0.0259180759950753 -0.0648632387537591
-0.0270201013404401 0.393224771516838 0.0161866608159515 -0.0293492201574645
-0.408006482883436 0.236689071932681 -0.0697713552911249 0.0252839808295557
-0.478827377603308 -0.178216890361929 -0.106745947096392 -0.0667113574054547
-0.31021029120415 -0.438371359064287 -0.0495242836870983 -0.204123358272873
-0.249068074207622 -0.377141117420618 -0.0192998811034365 0.0821822584545278
-0.385638869510499 -0.122258128390514 -0.00514728477548481 0.00119060207631568
-0.32147572330009 0.175819600937166 -0.0123190669384106 -0.000787697267097001
-0.0162491466041486 0.315631078144189 0.00153546040028138 0.0179686538226376
0.22245620162414 0.237536980607677 0.0404694470096652 0.00481840460967788
0.305233205493985 0.0595131365655611 0.0217601465192765 -0.0395636916158344
0.275242123998881 -0.0626751783055884 -0.00391436502239679 -0.0512119299823331
0.273492320546391 -0.0787154494035692 -0.0120887457973732 -0.0528292815060926
0.290801540355564 -0.0416133335681775 -0.00449395313179294 -0.0584585746635675
0.359112003765776 0.0699658230076514 0.0133070824716113 -0.0492934386464163
0.257578847316874 0.284760816204081 0.0470734050911749 -0.0127124490487769
-0.0470965993592471 0.392284052448343 0.0289319363857455 0.0157379184565499
-0.417068359589359 0.21558115870464 -0.0404215590006583 0.0317659420117209
-0.475897315556795 -0.194772789722758 -0.0266541959624638 -0.0169629247053746
-0.301133138098106 -0.460660193812504 0.0465385062992791 -0.0489223559227081
-0.241839414465005 -0.362190522591202 0.0816912896591706 0.22837138979234
-0.38542567326487 -0.114024305437926 0.107683275891139 0.0301342469810683
-0.319729059667704 0.174686790505417 0.0167743105252006 -0.0174090273339217
-0.025718963152046 0.314379043041941 -0.0121924962948773 0.0461905916786888
0.204480713005566 0.243126598011954 0.0855697591884314 0.071598274183162
0.288697588997715 0.0721716380863148 0.12502447231677 -0.0179732656969818
0.268064909788483 -0.0468789787146745 0.109613046097696 -0.0702339216683795
0.260929445954866 -0.0527419995778978 0.0993995997652155 -0.0787267251882294
0.2629184022405 -0.016869114530989 0.100970971475884 -0.0746377579410172
0.302347949654277 0.0785259757095389 0.102728531107135 -0.0360328680498923
0.200870634578968 0.246449039248745 0.0981102676202236 0.0335586186016817
-0.0573824722390741 0.304875526410458 0.0327017942040669 0.0498036469605854
-0.332120914538121 0.148493513565636 -0.00825082722713833 0.0298763455500725
-0.377624147855379 -0.166440083823747 0.0427838708279951 0.0263881381280611
-0.250768045339387 -0.391061795638518 0.123205480181358 0.0884507213016182
-0.194061348046317 -0.280548406263684 0.167891698964796 0.362378465617012
-0.303557977466686 -0.084360123982174 0.209372490245436 0.0719585386493031
-0.245625896616036 0.128447956852758 0.0476842337986412 -0.0219348427566369
-0.0308653843137777 0.23856547867029 -0.0215316652412139 0.0736399653016775
0.14112093312069 0.19665694589664 0.123041190039136 0.13433377696412
0.216408685868046 0.0703815900953832 0.217042786459058 0.00788430327340385
0.214902572634193 -0.0228860769886596 0.212277723688453 -0.0802655985694044
0.208694192395888 -0.0204050942506606 0.194487443051788 -0.0925432014565274
0.196583910242606 0.00995627764628195 0.184337507359826 -0.0766882057173749
0.200549473304449 0.078459209929978 0.15984685153758 -0.0167662833115682
0.111532764754337 0.176850371190431 0.116119556360208 0.0657738062841729
-0.0636944864284707 0.175719079921797 0.0229884024983058 0.0638797399941589
-0.203354695964408 0.0544225616751142 0.0140649400551174 0.0162312313077787
-0.221465555957696 -0.118787869492687 0.0844023916753088 0.0492435861212278
-0.160140323829234 -0.264569734606841 0.172190997020188 0.182848407189224
-0.113287950558848 -0.146317974473912 0.219769075829481 0.45934748241526
-0.162902866354785 -0.0351832312808133 0.276301170965764 0.117564281964368
-0.117296362986321 0.0610769417167641 0.0742564520871912 -0.0172154094673606
-0.0251728182382466 0.111952485931585 -0.026684359628706 0.0873404930285279
0.0541144281634097 0.108268285860718 0.138084276205167 0.177259425998715
0.104104506953579 0.0539333199181212 0.277713097305911 0.0348295783473441
0.123732602760402 0.00588516679322391 0.284546787308971 -0.0787859513296354
0.124092943881403 0.0156881232337121 0.260386587782568 -0.0930560392951658
0.10732072472776 0.0321912661194133 0.23629377794985 -0.0645275204178738
0.0842276963633253 0.067797346646637 0.183466659359397 0.00745441649957415
0.0207167073948617 0.0994052065731666 0.105334756753049 0.081569013316191
-0.0624773122714262 0.0536804906233189 0.00427300891475065 0.0612077469591116
-0.0766631051887779 -0.0235771022680612 0.0254431220653602 -0.0030107557734306
-0.0667684087580972 -0.059278359773736 0.101081444080524 0.0535312867510139
-0.0618152646999389 -0.113445545806408 0.195429869098599 0.225928153098951
-0.00759040754535982 -0.0256536807143396 -0.234122821663457 -0.258895533928675
-0.0421551807715728 -0.00922151388070866 -0.181195150734284 -0.0230374550487699
-0.0308369191793117 0.0535239767598845 -0.0523159486201242 0.0299911750292526
0.03675015586957 0.0395490277573927 0.0330219909389479 -0.0241809769806169
0.0521427788029221 -0.0108626837334454 -0.0533053302002401 -0.110844012604575
0.0260598185890323 -0.0378980206210787 -0.183106541330994 -0.0462556548036792
-0.0136263056048427 -0.0362546974864499 -0.259275810378551 0.0339422911726884
-0.0207315911228641 -0.0430980304816623 -0.297903457338027 0.0669747339805423
-0.00226814055988236 -0.0400772855463801 -0.312562424324888 0.0472903831116897
0.0295536795021052 -0.034340805771685 -0.286870618968185 -0.0506541583213427
0.0342538005030378 -0.00769423858978854 -0.16786555836981 -0.169521264480387
0.0118425659589324 0.0327006591346358 -0.000462281801243648 -0.122506057195392
-0.0329976042213509 0.0195131255083697 -0.0722770894471551 -0.0326446182836878
-0.0169784288647598 -0.0315356704768268 -0.191115713143444 -0.183507811034947
0.0100646099022963 -0.0236793189100668 -0.173643109281078 -0.506598875752306
-0.0739759123639186 -0.152489028411163 -0.214694855633822 -0.232161223498586
-0.130800588835291 -0.0611864322422162 -0.175142967325154 -0.0326087166106583
-0.111493493903171 0.0693130925858641 -0.0547077742408874 0.0323219384885277
0.0146196993406567 0.107884146163279 0.0380686616325586 -0.0140534889763057
0.101658840001237 0.0614568662126215 -0.0330650953794078 -0.106290094667499
0.117231035455839 -0.00816350945656751 -0.166313311800649 -0.059590100380973
0.0859650737974733 -0.0482781759772292 -0.242909643642539 0.0115574437126655
0.0897987627432515 -0.0659597078914594 -0.278185335958891 0.0431503569498708
0.116287810399133 -0.0516425479904161 -0.289283359069264 0.0200839426452456
0.168149002120524 0.00353784788823449 -0.256041169454984 -0.0645434224542083
0.12356953439069 0.115009503384216 -0.135078155229459 -0.157543350696762
-0.0213631615524578 0.183178337175328 0.00687396902751012 -0.102827899874141
-0.203800850373027 0.0906979338745701 -0.0869681828807751 -0.0158152562788966
-0.20463427665357 -0.122513075904281 -0.187039486810599 -0.171308462374414
-0.127929654765563 -0.202221652937395 -0.19639618538973 -0.437643262877274
-0.163636258532391 -0.244938845790581 -0.190963695021761 -0.141239573787935
-0.227633753368692 -0.0782403143302939 -0.153450795485604 -0.0145924139720923
-0.180341031921603 0.109283346146559 -0.0465969993753131 0.0344729252078688
0.0115170975826454 0.176509270833681 0.0310665777802239 -0.011207172769894
0.158850962137717 0.116230272540234 -0.0244460268253771 -0.0845888344876994
0.199400021067342 0.000944557198093486 -0.133187250321285 -0.047843163228608
0.166934540837249 -0.0725034366474119 -0.187641285201056 0.00977303732153277
0.174319077215077 -0.0970554256246018 -0.211016030117267 0.0338771772127201
0.207017589927522 -0.0751900009578445 -0.217071422511896 0.014112186790422
0.281845473386827 0.00957752675342056 -0.189806339120996 -0.046890209412454
0.217612285237267 0.196119148544349 -0.0960441474802577 -0.110878444057443
-0.0183464629507585 0.313231640138512 0.00444207492212324 -0.070715966448307
-0.327698161409788 0.188006221083108 -0.0869213673139199 0.0120504972615165
-0.37912687309853 -0.154023368907053 -0.167987543609882 -0.115935753469294
-0.242980543936182 -0.350824555994845 -0.131584736046398 -0.340914342264813
-0.220784144775812 -0.32919087239117 -0.116997342324167 -0.0462613839353814
-0.321050127322596 -0.104148245223108 -0.0992354467777949 -0.0114478056790278
-0.262498817043837 0.146122026455831 -0.0352079067308813 0.0198738792618716
-0.00337213224068583 0.256286943781114 0.0181633924267518 -0.00176248044706149
0.203106654052837 0.185567929715911 0.00393532413454105 -0.0507653592663262
0.269263101187399 0.0317020934185134 -0.0693144835834113 -0.0501533016357843
0.238917597710529 -0.0715161967941741 -0.108254698357738 -0.0249643297366351
0.244975942641797 -0.0943048135822863 -0.123345259207683 -0.0140534370340546
0.274576898323771 -0.061851103823072 -0.119442482021826 -0.0295338049001506
0.352844293153665 0.0460396783364532 -0.0931820957500796 -0.0544653110087606
0.2632379179277 0.269610856404926 -0.0245846051608744 -0.0675944912693007
-0.038542800312074 0.395306969092099 0.016323488496262 -0.0290238786149522
-0.420303701336794 0.226612480476421 -0.0706405723344435 0.0261262344938346
-0.477241750193074 -0.19540164155473 -0.102600391657008 -0.0701033837894611
-0.298317701189771 -0.44892208349722 -0.039391256546211 -0.20305517732619
-0.237625092466796 -0.388290797427201 -0.0245165912581082 0.0819280505224611
-0.382606523121948 -0.133178169245639 -0.00800166156004258 0.00256051656534264
-0.329604078445496 0.166519536581826 -0.0128210579234245 -0.00151828732184666
-0.0261334385637651 0.315688086685585 0.00126192687064595 0.0170056575787187
0.218166568465048 0.24292169566925 0.0423464523322796 0.00502220219771339
0.304971665280837 0.0664416828093877 0.0220437842603099 -0.0384613085796467
0.278772177518493 -0.055164966202846 -0.0017559421994435 -0.0519887268709003
0.279919392483346 -0.0717774080397622 -0.0113734633893049 -0.0521112370993946
0.294844463834405 -0.0337085633174022 -0.00460961805266933 -0.059274379871647
0.359677130752144 0.076504206603922 0.0135848457893676 -0.0493533341465163
0.253215225241995 0.292228798594997 0.0475259582750714 -0.0133969611275537
-0.0596223796026235 0.39270914410603 0.0280281703330075 0.0174850257160706
-0.428109887431419 0.20613362427135 -0.042152202359555 0.0342755320661615
-0.474645432390282 -0.21110319785847 -0.0228223188054619 -0.0169114597069718
-0.289214732998985 -0.47085568401516 0.0514546764617959 -0.0446888039703617
-0.231338322684758 -0.372281039457568 0.0723186694100734 0.231596100506613
-0.382420220998738 -0.1269568764558 0.104430077830384 0.0350432872562408
-0.329361361069146 0.165873176166665 0.0171869573855486 -0.0176037502621139
-0.0352743488331928 0.31494307152774 -0.0137501915220317 0.045794822172551
0.199942278768774 0.247555114412529 0.0867640939356494 0.0737454233482653
0.288160783280805 0.0789427891805145 0.12411426337641 -0.0147262338142681
0.270611288982331 -0.0401444088742086 0.113270380562294 -0.0678605917740259
0.26585614255013 -0.0468227926425473 0.101798730103337 -0.0766172777428463
0.266224145541701 -0.00906576354894089 0.102331296930843 -0.0725039556910552
0.301353400567732 0.0845018182875095 0.103034872127149 -0.0336642137587785
0.196710206558612 0.25066750995838 0.0972043022878264 0.0342165380362674
-0.0653227368670704 0.303887256411496 0.0317564383219998 0.0515044467839123
-0.338682042637063 0.141435500448994 -0.0101416307619724 0.0328544715360117
-0.375363700319033 -0.178745060081426 0.0452487728077634 0.028854286928513
-0.238818458348606 -0.40069060825898 0.122125910588973 0.0943816815173449
-0.185249644825533 -0.289234116837116 0.154507205873258 0.369453819722937
-0.301471246464247 -0.0954100191028379 0.207070641746854 0.0789598051547784
-0.25316514523158 0.122638047496822 0.0481942210102433 -0.0222328167132904
-0.0378545993684787 0.238405737111856 -0.0236245998071306 0.0733130259179245
0.137458822822764 0.199684299871514 0.122549388973325 0.138228837416664
0.215429282455042 0.0756524822954447 0.216820239955611 0.0135620441398412
0.216289938703694 -0.0175945258019036 0.216179738527113 -0.0758859506190372
0.212247622959838 -0.0153081058830017 0.199230042056803 -0.0892997836888754
0.198176899120216 0.0158250305607193 0.187698645743172 -0.0718916468073953
0.199677852050854 0.0826676463973798 0.159825545776168 -0.0127042856741015
0.108425822225404 0.178574767674748 0.11485166537274 0.0668455301175753
-0.0686637457012328 0.174439369553808 0.0221762445640086 0.0654533713895086
-0.206028446879153 0.0507757759467601 0.0128385252924897 0.019062352610738
-0.219419386435185 -0.125893184910385 0.0859864449089228 0.0530833966801684
-0.153786606654965 -0.269249356797643 0.16894983788653 0.188461583360941
-0.108057138523825 -0.152560160369785 0.205116036274566 0.468527119594252
-0.161737074249104 -0.0409513519733387 0.272958278394832 0.126585481700352
-0.122116227949996 0.0564092441242475 0.0757235937465009 -0.0163356679017919
-0.0283807507849433 0.111055172639029 -0.0297752989492005 0.087169862113574
0.052023968046576 0.109706601382818 0.136326187092542 0.182563601179362
0.102741902320541 0.057078678347398 0.277276210120758 0.0418543858547467
0.123794371739333 0.00787829838149234 0.288856667489336 -0.0722831492900657
0.126238211012822 0.0181046690995673 0.265541789631085 -0.0883383539406422
0.107757679421558 0.0357484257917772 0.23914347097716 -0.0585439441688633
0.0825592354919521 0.071001397613049 0.182415968467833 0.0125268700620218
0.0195537386977342 0.0988419326621793 0.103306708316236 0.0836516386346974
-0.0635266781345078 0.0517746424987651 0.00236601886807636 0.0614442244291493
-0.0762959802882302 -0.0247086877694885 0.0243157878313938 -0.000644784970486254
-0.0653627980176407 -0.0620993107909672 0.101927782311781 0.057603706258417
-0.0588360921166064 -0.115450960699266 0.188708645831373 0.230676685558506
