TRXV5
3
4
4
9
string Extension=J
integer IsArchMeasurement=1
integer IsSpherical=1
string Generator=SPM
string GeneratorVersion=1.3.1 Dev
double ArchRadius=0.449999988079071
integer FrequencyAxisIndex=0
integer AzimuthAxisIndex=1
integer ElevationAxisIndex=2
Frequency
5 136 690000000 960000000 LIN
Azimuth
7 8 0 2.74889357189107 LIN
Elevation
7 15 -2.74889357189107 2.74889357189107 LIN
Polar H Real Part
13
Polar H Imaginary Part
14
Polar V Real Part
13
Polar V Imaginary Part
14
Polar H Magnitude (dB)
12 0xC0000002 0 1
Polar H Phase
7 0xC0000003 0 1
Polar V Magnitude (dB)
12 0xC0000002 2 3
Polar V Phase
7 0xC0000003 2 3
-0.00972366333007812 0.0680122375488281 0.0962371826171875 -0.00862884521484375
0.0504837036132812 0.0450210571289062 0.0534744262695313 0.0236892700195313
0.0496025085449219 -0.0149192810058594 0.0594520568847656 0.0333023071289063
0.0212211608886719 -0.0361595153808594 0.0921554565429687 0.0127792358398437
-0.00138092041015625 -0.0367698669433594 0.0959930419921875 -0.0269012451171875
-0.0229225158691406 -0.0378227233886719 0.07659912109375 -0.0656204223632813
-0.0250873565673828 -0.0300559997558594 0.0559501647949219 -0.0665702819824219
-0.0175971984863281 -0.0307674407958984 0.038604736328125 -0.0439186096191406
-0.00963592529296875 -0.0449714660644531 0.0211601257324219 -0.0164909362792969
0.0201263427734375 -0.0376396179199219 -0.00487327575683594 -0.00473070144653321
0.04315185546875 -0.0106925964355469 -0.0373420715332031 -0.0278205871582031
0.0395851135253906 0.0178108215332031 -0.0289688110351563 -0.0732650756835938
0.00965118408203125 0.04852294921875 0.0377655029296875 -0.121376037597656
-0.0233612060546875 0.0599136352539062 0.0772552490234375 -0.109527587890625
-0.05169677734375 0.0497322082519531 0.0444145202636719 -0.0697364807128906
-0.0370712280273438 0.0819625854492188 0.08721923828125 0.0192337036132813
0.0304718017578125 0.0735321044921875 0.0476799011230469 0.0495414733886719
0.0501708984375 0.0146560668945312 0.0613937377929687 0.0544509887695312
0.0383415222167969 -0.0146026611328125 0.098541259765625 0.0331954956054688
0.0224590301513672 -0.027862548828125 0.105613708496094 -0.00992584228515625
0.00617218017578125 -0.0435829162597656 0.0902633666992188 -0.0535049438476563
-0.00054550170898437 -0.0416183471679687 0.0651779174804688 -0.0558319091796875
0.003997802734375 -0.0385818481445313 0.0440635681152344 -0.0316848754882813
0.014862060546875 -0.0500030517578125 0.0213184356689453 -0.000707626342773441
0.0425262451171875 -0.03485107421875 -0.00965213775634765 0.0112619400024414
0.0583305358886719 0.00173187255859375 -0.0487174987792969 -0.0113410949707031
0.048797607421875 0.0368843078613281 -0.0488014221191406 -0.0589752197265625
0.00484085083007812 0.0694847106933594 0.00790405273437499 -0.115859985351563
-0.0407485961914062 0.0774002075195313 0.0450897216796875 -0.098907470703125
-0.0724105834960938 0.0640716552734375 0.0155143737792969 -0.0541648864746094
-0.0636444091796875 0.0822219848632813 0.0653915405273438 0.0499191284179688
-0.00125122070312501 0.0921554565429688 0.0289840698242187 0.0822372436523438
0.0388908386230469 0.0471992492675781 0.0567779541015625 0.0825958251953125
0.0485305786132813 0.0168190002441406 0.0992507934570313 0.0572586059570313
0.045196533203125 -0.00951004028320312 0.108070373535156 0.0103607177734375
0.0375633239746094 -0.0396041870117188 0.09649658203125 -0.036163330078125
0.0254440307617187 -0.046630859375 0.0667533874511719 -0.0385704040527344
0.0247268676757813 -0.039825439453125 0.0411109924316406 -0.0145339965820313
0.0346260070800781 -0.0489273071289063 0.0158224105834961 0.016932487487793
0.0565147399902344 -0.0316505432128906 -0.0170707702636719 0.0296344757080078
0.06549072265625 0.00652694702148438 -0.0597457885742188 0.00839233398437499
0.0553092956542969 0.0421714782714844 -0.067840576171875 -0.0393409729003906
0.00969696044921876 0.0775833129882813 -0.024017333984375 -0.100517272949219
-0.0417327880859375 0.0865249633789063 0.00984191894531249 -0.0788421630859375
-0.079193115234375 0.0720291137695312 -0.0175876617431641 -0.0335006713867187
-0.08099365234375 0.069091796875 0.0308303833007812 0.0774383544921875
-0.0346755981445313 0.0939254760742188 -0.00223541259765624 0.112274169921875
0.0161209106445312 0.0726852416992187 0.042572021484375 0.110984802246094
0.0472831726074219 0.0489616394042969 0.0898590087890625 0.0817947387695313
0.0591964721679688 0.0144233703613281 0.09918212890625 0.0304794311523438
0.0632171630859375 -0.0260887145996094 0.0909194946289063 -0.0154647827148438
0.0479278564453125 -0.0433464050292969 0.0574073791503906 -0.0181388854980469
0.0405502319335937 -0.0359382629394531 0.0308132171630859 0.00349044799804687
0.04840087890625 -0.0431251525878906 0.00734329223632812 0.0348987579345703
0.063140869140625 -0.02655029296875 -0.0249862670898437 0.0472640991210938
0.0650978088378906 0.00778579711914062 -0.0652389526367188 0.0295257568359375
0.0552253723144531 0.0403861999511719 -0.0780258178710938 -0.0156784057617188
0.01495361328125 0.0740127563476563 -0.0470046997070313 -0.0760574340820312
-0.0353012084960937 0.0834808349609375 -0.0175094604492188 -0.0502357482910156
-0.0767593383789063 0.0683746337890625 -0.0474662780761719 -0.00789642333984375
-0.0821304321289063 0.0431900024414063 -0.00965881347656251 0.0951614379882813
-0.0574417114257813 0.07586669921875 -0.0406112670898438 0.132530212402344
-0.0100784301757812 0.077789306640625 0.0178756713867188 0.131805419921875
0.0319099426269531 0.069183349609375 0.0698471069335938 0.0979690551757813
0.0576171875 0.0359382629394531 0.0804290771484375 0.0438232421875
0.0742721557617188 -0.0065765380859375 0.0737762451171875 0.003143310546875
0.0613059997558594 -0.0316047668457031 0.0397148132324219 0.00155258178710937
0.0495758056640625 -0.0266227722167969 0.0152950286865234 0.0215530395507813
0.0554084777832031 -0.0316085815429687 -0.00403594970703125 0.0504341125488281
0.0637855529785156 -0.0168800354003906 -0.0322837829589844 0.0606422424316406
0.0592575073242188 0.0127372741699219 -0.0671539306640625 0.0453910827636719
0.0466842651367188 0.039337158203125 -0.0793075561523438 0.00260162353515624
0.0102882385253906 0.0642967224121094 -0.0559768676757813 -0.0498504638671875
-0.0330886840820313 0.0672454833984375 -0.0329761505126953 -0.0192680358886719
-0.0708160400390625 0.0512161254882813 -0.0721511840820313 0.015838623046875
-0.0621719360351562 0.0137901306152344 -0.04449462890625 0.101043701171875
-0.0592384338378906 0.0421180725097656 -0.0760650634765625 0.137039184570313
-0.0282363891601563 0.0598182678222656 -0.00846099853515626 0.138145446777344
0.00759124755859376 0.0660476684570313 0.0458831787109375 0.10101318359375
0.038970947265625 0.0461845397949219 0.0575675964355469 0.0472030639648437
0.0664710998535156 0.0133895874023438 0.0484199523925781 0.0139884948730469
0.0622787475585938 -0.0131950378417969 0.016998291015625 0.01739501953125
0.0504989624023438 -0.0138626098632813 -0.00274276733398437 0.03668212890625
0.0558128356933594 -0.0175628662109375 -0.0176963806152344 0.0620002746582031
0.0603675842285156 -0.00323104858398437 -0.0415878295898437 0.069000244140625
0.0505218505859375 0.0215644836425781 -0.0688400268554688 0.0519905090332031
0.0326957702636719 0.04254150390625 -0.0757064819335938 0.01226806640625
-0.004180908203125 0.0537872314453125 -0.0569229125976562 -0.0302963256835937
-0.038238525390625 0.0432052612304688 -0.0412521362304688 0.00257492065429688
-0.0634918212890625 0.0214462280273437 -0.0897750854492188 0.0315322875976563
-0.0282154083251953 -0.0165557861328125 -0.0634078979492187 0.098388671875
-0.0400657653808594 0.00440597534179688 -0.0951690673828125 0.129325866699219
-0.0302276611328125 0.0247364044189453 -0.025665283203125 0.133735656738281
-0.0143051147460938 0.0413703918457031 0.0277023315429688 0.09515380859375
0.0116310119628906 0.0404129028320313 0.0387344360351563 0.0419387817382813
0.0428848266601563 0.0281639099121094 0.0247879028320313 0.0171375274658203
0.0508232116699219 0.006805419921875 -0.00411224365234375 0.0248565673828125
0.0439224243164063 0.00149154663085938 -0.0208091735839844 0.0469818115234375
0.0503082275390625 -0.00168609619140625 -0.0322761535644531 0.0689163208007813
0.0520782470703125 0.0114860534667969 -0.0532684326171875 0.070892333984375
0.0395240783691406 0.0306625366210937 -0.0733871459960938 0.05120849609375
0.0175132751464844 0.0466117858886719 -0.075164794921875 0.0131149291992188
-0.0228805541992187 0.0441741943359375 -0.0562477111816406 -0.0217781066894531
-0.0469551086425781 0.0161895751953125 -0.0477867126464844 0.0107841491699219
-0.0534515380859375 -0.0132484436035156 -0.103408813476563 0.0346908569335938
0.00996780395507813 -0.0405731201171875 -0.0630874633789062 0.087860107421875
-0.00790214538574219 -0.0297336578369141 -0.09375 0.118980407714844
-0.0182895660400391 -0.0138397216796875 -0.027618408203125 0.125312805175781
-0.0269107818603516 0.00577163696289063 0.0239944458007813 0.0852279663085938
-0.0154228210449219 0.0234508514404297 0.0314292907714844 0.0307044982910156
0.0108146667480469 0.0343265533447266 0.00889492034912109 0.0112667083740234
0.0305328369140625 0.0255603790283203 -0.0211162567138672 0.0245780944824219
0.0294094085693359 0.0166397094726562 -0.0354080200195313 0.0494384765625
0.0369873046875 0.01385498046875 -0.0477371215820312 0.0710525512695313
0.0376472473144531 0.0248832702636719 -0.0678634643554688 0.0682411193847656
0.0240020751953125 0.0367813110351562 -0.0826339721679688 0.0455780029296875
9.53674316406274E-05 0.0467796325683594 -0.0794143676757812 0.00633239746093752
-0.0400505065917969 0.0305747985839844 -0.0582313537597656 -0.02447509765625
-0.0504417419433594 -0.0130043029785156 -0.0549888610839844 0.00613021850585938
-0.0389060974121094 -0.0478858947753906 -0.112037658691406 0.0254440307617187
0.00142669677734375 0.0775985717773438 0.110923767089844 -0.0154037475585937
0.06573486328125 0.0421981811523438 0.0650444030761719 0.0184249877929688
0.0545997619628906 -0.0261154174804688 0.0656967163085938 0.0272293090820313
0.017333984375 -0.0458221435546875 0.0969161987304688 0.0057830810546875
-0.009246826171875 -0.0422401428222656 0.0989761352539063 -0.036102294921875
-0.0343742370605469 -0.0385513305664063 0.0766143798828125 -0.0744781494140625
-0.0343036651611328 -0.0284519195556641 0.0572586059570312 -0.0760345458984375
-0.0268344879150391 -0.03057861328125 0.0418167114257813 -0.0505561828613281
-0.0212249755859375 -0.0485267639160156 0.0266780853271484 -0.0185184478759766
0.0145263671875 -0.0472145080566406 0.0003737211227417 -0.00190162658691407
0.046234130859375 -0.0219497680664063 -0.0395088195800781 -0.0207557678222656
0.0492477416992187 0.0114669799804687 -0.0381088256835938 -0.0703125
0.021087646484375 0.0546684265136719 0.0260162353515625 -0.132087707519531
-0.0162887573242188 0.0748062133789062 0.0746994018554687 -0.125373840332031
-0.0498313903808594 0.0674400329589844 0.0476455688476562 -0.0763778686523438
-0.030609130859375 0.093170166015625 0.105133056640625 0.016693115234375
0.0436782836914063 0.0748977661132812 0.0624351501464844 0.0478973388671875
0.0555992126464844 0.00748825073242187 0.0714035034179688 0.05023193359375
0.03680419921875 -0.0224075317382813 0.106956481933594 0.0266647338867187
0.0177726745605469 -0.0331897735595703 0.112785339355469 -0.0189437866210938
-0.00266265869140625 -0.0463523864746094 0.0941009521484375 -0.0638885498046875
-0.00796890258789063 -0.0433006286621094 0.0697250366210938 -0.0654830932617188
-0.00233078002929687 -0.0401802062988281 0.0503273010253906 -0.0387229919433594
0.0063018798828125 -0.0557403564453125 0.0308551788330078 -0.00259017944335938
0.0398025512695313 -0.0439720153808594 -0.00107002258300781 0.0165548324584961
0.0634689331054688 -0.00699615478515625 -0.0487251281738281 -0.00155639648437501
0.0595588684082031 0.0332984924316406 -0.0572509765625 -0.0524978637695313
0.0145111083984375 0.07763671875 -0.00505828857421874 -0.121612548828125
-0.0362930297851562 0.0939865112304688 0.0417633056640625 -0.109817504882813
-0.0735855102539062 0.0831375122070313 0.0178489685058594 -0.0555267333984375
-0.0630111694335937 0.0938491821289063 0.0844802856445313 0.0537872314453125
0.00730895996093751 0.098297119140625 0.0457611083984375 0.0852432250976562
0.0440597534179688 0.0453948974609375 0.0697402954101563 0.0811691284179688
0.0510902404785156 0.0127067565917969 0.111129760742187 0.0530929565429688
0.0450515747070312 -0.0139427185058594 0.118194580078125 0.0029144287109375
0.03369140625 -0.0451431274414062 0.102859497070312 -0.0468063354492188
0.021881103515625 -0.0514640808105469 0.0735626220703125 -0.04833984375
0.0220565795898438 -0.0441246032714844 0.0490036010742188 -0.0215187072753906
0.0312461853027344 -0.0552787780761719 0.0273017883300781 0.0157394409179687
0.0571632385253906 -0.0396194458007813 -0.006622314453125 0.0356636047363281
0.0717620849609375 0.00038909912109375 -0.0568656921386719 0.0204696655273437
0.06488037109375 0.0410652160644531 -0.0737838745117188 -0.0286178588867187
0.0173492431640625 0.0858383178710938 -0.0368804931640625 -0.100799560546875
-0.0404815673828125 0.101417541503906 0.00572967529296874 -0.0831680297851563
-0.0832901000976563 0.0885162353515625 -0.0168743133544922 -0.0287055969238281
-0.0856246948242187 0.0789337158203125 0.0477981567382812 0.087921142578125
-0.0331954956054688 0.102508544921875 0.0154571533203125 0.122642517089844
0.0198440551757813 0.0762939453125 0.05755615234375 0.113487243652344
0.0516777038574219 0.0502586364746094 0.103904724121094 0.0793991088867188
0.0636672973632813 0.0128707885742187 0.111343383789063 0.0241546630859375
0.0653877258300781 -0.0318222045898438 0.099761962890625 -0.02508544921875
0.0489234924316406 -0.0494308471679688 0.06561279296875 -0.0257186889648437
0.0423774719238281 -0.0406303405761719 0.0399322509765625 -0.001312255859375
0.0494422912597656 -0.0489883422851563 0.0191078186035156 0.0351829528808594
0.067047119140625 -0.0325546264648437 -0.0127143859863281 0.0535469055175781
0.0715789794921875 0.00530242919921875 -0.0601959228515625 0.041229248046875
0.0633277893066406 0.041595458984375 -0.0814285278320313 -0.00365447998046876
0.0199356079101563 0.0811004638671875 -0.0571517944335937 -0.071258544921875
-0.0367813110351563 0.0952682495117188 -0.0205650329589844 -0.0483055114746094
-0.0835494995117188 0.0825424194335938 -0.0478477478027344 0.00138473510742187
-0.0909500122070313 0.0482635498046875 0.00326538085937498 0.110565185546875
-0.0629425048828125 0.0836639404296875 -0.026885986328125 0.148391723632812
-0.00988006591796874 0.0856170654296875 0.0339736938476563 0.138420104980469
0.0357666015625 0.07586669921875 0.0845794677734375 0.0980606079101563
0.064453125 0.0383033752441406 0.0919570922851563 0.0394515991210938
0.0813217163085938 -0.0104217529296875 0.0823135375976563 -0.00447845458984375
0.0669097900390625 -0.0384063720703125 0.0470161437988281 -0.00346755981445313
0.0557670593261719 -0.03167724609375 0.0234851837158203 0.0200347900390625
0.0614242553710938 -0.0373916625976563 0.00724029541015625 0.0518608093261719
0.0712814331054688 -0.0212936401367188 -0.020050048828125 0.0674057006835938
0.0667991638183594 0.0129737854003906 -0.0601959228515625 0.0559501647949219
0.0532455444335938 0.0435791015625 -0.0796279907226563 0.0150680541992188
0.0118408203125 0.072479248046875 -0.0626907348632813 -0.0424156188964844
-0.0387344360351563 0.0769195556640625 -0.0350894927978516 -0.0128421783447266
-0.0806427001953125 0.0606002807617188 -0.0738906860351563 0.0280990600585938
-0.07452392578125 0.0119171142578125 -0.03729248046875 0.119667053222656
-0.0697669982910156 0.0454902648925781 -0.06634521484375 0.157989501953125
-0.0331802368164063 0.0670280456542969 0.00628662109374999 0.148513793945313
0.00893402099609375 0.0769424438476563 0.0599594116210937 0.103302001953125
0.0464210510253906 0.0532798767089844 0.0665969848632813 0.0442352294921875
0.0775985717773438 0.0131378173828125 0.0554656982421875 0.0099029541015625
0.0715408325195313 -0.0185012817382813 0.0220527648925781 0.0151157379150391
0.0585174560546875 -0.0177764892578125 0.00379562377929688 0.0382308959960937
0.0652389526367188 -0.0227127075195313 -0.00851821899414062 0.0649795532226563
0.0705032348632812 -0.00576019287109375 -0.0320205688476562 0.0753173828125
0.0595855712890625 0.02349853515625 -0.0630607604980469 0.0617256164550781
0.0393829345703125 0.0498008728027344 -0.0757064819335937 0.0229644775390625
-0.00536346435546874 0.0638313293457031 -0.0609359741210938 -0.0230140686035156
-0.04754638671875 0.0506401062011719 -0.0419502258300781 0.011016845703125
-0.07635498046875 0.0261154174804688 -0.0944061279296875 0.0454025268554688
-0.0389213562011719 -0.0246047973632813 -0.0617752075195312 0.114974975585938
-0.052337646484375 0.000503540039062495 -0.090545654296875 0.150985717773437
-0.0391502380371094 0.0283546447753906 -0.012939453125 0.145263671875
-0.0177040100097656 0.0515327453613281 0.0392074584960938 0.0974960327148438
0.0153312683105469 0.0500717163085938 0.0449256896972656 0.0383338928222656
0.0542449951171875 0.031463623046875 0.0279960632324219 0.0149650573730469
0.0631599426269531 0.00371932983398437 -0.00303268432617187 0.0258197784423828
0.0539016723632813 -0.00190353393554688 -0.0168800354003906 0.0511283874511719
0.0606803894042969 -0.0053253173828125 -0.0263137817382813 0.0739059448242188
0.064117431640625 0.0104217529296875 -0.0466995239257812 0.0778427124023438
0.0489006042480469 0.0344276428222656 -0.0697174072265625 0.0597496032714844
0.0237159729003906 0.0557899475097656 -0.074798583984375 0.0212631225585938
-0.0263900756835938 0.0545463562011719 -0.0596275329589844 -0.0144386291503906
-0.05963134765625 0.0220069885253906 -0.0502891540527344 0.0203361511230469
-0.0687294006347656 -0.0135154724121094 -0.1109619140625 0.047210693359375
0.00286483764648437 -0.0544700622558594 -0.0649871826171875 0.101203918457031
-0.0192146301269531 -0.0391578674316406 -0.09130859375 0.137954711914063
-0.0289154052734375 -0.0152225494384766 -0.0161666870117187 0.135932922363281
-0.0349197387695313 0.013336181640625 0.0339584350585937 0.0850677490234375
-0.01531982421875 0.0340576171875 0.0352439880371094 0.0262489318847656
0.0209770202636719 0.0421867370605469 0.00748729705810547 0.00899028778076172
0.0427742004394531 0.025421142578125 -0.0239219665527344 0.0271816253662109
0.0401725769042969 0.0152206420898438 -0.035980224609375 0.0558662414550781
0.0476303100585938 0.0122184753417969 -0.0455551147460938 0.078460693359375
0.0496940612792969 0.0246315002441406 -0.06524658203125 0.0763397216796875
0.0335426330566406 0.0412330627441406 -0.0818099975585938 0.0539627075195312
0.00637054443359375 0.0567855834960938 -0.0807037353515625 0.0144577026367188
-0.0446205139160156 0.0421600341796875 -0.0623321533203125 -0.0170822143554688
-0.06475830078125 -0.00907516479492188 -0.0609779357910156 0.014862060546875
-0.0547218322753906 -0.0524139404296875 -0.123893737792969 0.0357437133789062
0.0158157348632813 0.081787109375 0.122055053710938 -0.0266799926757813
0.07794189453125 0.0333023071289063 0.0731582641601563 0.0081634521484375
0.0531578063964844 -0.0375938415527344 0.0676689147949219 0.0198020935058594
0.00994491577148437 -0.0535125732421875 0.0977401733398438 -0.0019378662109375
-0.0183372497558594 -0.0439033508300781 0.0992660522460938 -0.0438079833984375
-0.0459671020507812 -0.0346870422363281 0.0738525390625 -0.0817031860351563
-0.0430755615234375 -0.0232162475585938 0.0553054809570313 -0.0835494995117188
-0.0350742340087891 -0.0261554718017578 0.0437355041503906 -0.0577011108398437
-0.0337486267089844 -0.04632568359375 0.0322036743164063 -0.0228672027587891
0.00464248657226563 -0.0534896850585938 0.00731325149536133 -0.00100421905517578
0.0450782775878906 -0.0331878662109375 -0.0376930236816406 -0.0133209228515625
0.0555496215820313 0.00248336791992188 -0.0439910888671875 -0.0630531311035156
0.0341567993164063 0.05670166015625 0.0123214721679688 -0.135246276855469
-0.00350952148437501 0.0861129760742188 0.0675735473632813 -0.137298583984375
-0.0404434204101562 0.0834579467773438 0.0495071411132813 -0.0828399658203125
-0.019989013671875 0.100509643554688 0.121269226074219 0.00825500488281251
0.05517578125 0.0701255798339844 0.0752639770507812 0.0395126342773438
0.0572853088378906 -0.00136566162109375 0.0767059326171875 0.042633056640625
0.0329704284667969 -0.0286788940429688 0.11053466796875 0.0191497802734375
0.0107612609863281 -0.0358848571777344 0.115325927734375 -0.02777099609375
-0.0118560791015625 -0.0453376770019531 0.0938034057617187 -0.0731658935546875
-0.0149726867675781 -0.0415077209472656 0.0707626342773438 -0.0756912231445313
-0.00838851928710938 -0.0390472412109375 0.0541000366210938 -0.0478248596191406
-0.0027313232421875 -0.0563888549804688 0.0392074584960938 -0.00812530517578125
0.0338020324707031 -0.0514678955078125 0.00946998596191407 0.0174093246459961
0.0646171569824219 -0.0170478820800781 -0.0432777404785156 0.00779724121093751
0.0670280456542969 0.0262413024902344 -0.0606117248535156 -0.0416450500488281
0.0265274047851562 0.0814361572265625 -0.017669677734375 -0.120071411132813
-0.0266952514648438 0.107521057128906 0.0354385375976563 -0.116241455078125
-0.0677337646484375 0.100547790527344 0.0215225219726562 -0.0560188293457031
-0.0581512451171875 0.103462219238281 0.102729797363281 0.0501632690429688
0.0161209106445312 0.0992660522460938 0.0630340576171875 0.080718994140625
0.0475654602050781 0.0409698486328125 0.0799636840820313 0.0745468139648437
0.0510215759277344 0.00908279418945313 0.119102478027344 0.0451126098632813
0.0430908203125 -0.0174407958984375 0.123908996582031 -0.0076904296875
0.0280990600585938 -0.0470771789550781 0.105972290039063 -0.0577163696289063
0.0175323486328125 -0.0530929565429687 0.0769500732421875 -0.0585556030273438
0.0187034606933594 -0.0458488464355469 0.0555953979492187 -0.0305252075195313
0.0261497497558594 -0.0579490661621094 0.0379447937011719 0.010345458984375
0.0541496276855469 -0.0461807250976563 0.00634765625 0.0365486145019531
0.07501220703125 -0.0064544677734375 -0.0490608215332031 0.0299568176269531
0.07275390625 0.0367889404296875 -0.073822021484375 -0.0159912109375
0.027099609375 0.089691162109375 -0.0468673706054688 -0.0950164794921875
-0.0337905883789063 0.114463806152344 0.00201416015625 -0.083831787109375
-0.0811767578125 0.105659484863281 -0.01226806640625 -0.0237636566162109
-0.0875320434570313 0.0882034301757812 0.06658935546875 0.0902633666992188
-0.0292816162109375 0.10906982421875 0.0345840454101562 0.1236572265625
0.023345947265625 0.0780258178710938 0.0714111328125 0.109100341796875
0.0562210083007813 0.050201416015625 0.114646911621094 0.0727996826171875
0.0663032531738281 0.0102920532226563 0.119010925292969 0.0146102905273438
0.0648918151855469 -0.0368423461914062 0.104202270507813 -0.0360260009765625
0.0475425720214844 -0.0549850463867188 0.0700721740722656 -0.0353279113769531
0.0427627563476563 -0.0449028015136719 0.0471305847167969 -0.0084228515625
0.0489654541015625 -0.0539741516113281 0.0303535461425781 0.0296230316162109
0.0683708190917969 -0.03875732421875 0.001190185546875 0.0542411804199219
0.0766448974609375 0.00131988525390625 -0.0495033264160156 0.0503692626953125
0.070831298828125 0.0406417846679688 -0.077423095703125 0.00897979736328126
0.026123046875 0.0863800048828125 -0.063262939453125 -0.0628089904785156
-0.0347671508789063 0.107345581054688 -0.0212669372558594 -0.0438919067382812
-0.0853652954101562 0.0964889526367188 -0.0429840087890625 0.0102767944335938
-0.0985336303710937 0.0552215576171875 0.0206451416015625 0.119346618652344
-0.0660400390625 0.0922622680664062 -0.00735473632812501 0.156173706054688
-0.00972747802734374 0.0922012329101562 0.049957275390625 0.136878967285156
0.0417327880859375 0.0805130004882813 0.0971298217773438 0.0929794311523438
0.071563720703125 0.0384979248046875 0.09991455078125 0.0319290161132813
0.0871810913085938 -0.0163497924804688 0.08746337890625 -0.0142059326171875
0.0701980590820313 -0.0461807250976563 0.0520515441894531 -0.00968551635742188
0.0592803955078125 -0.03802490234375 0.0307579040527344 0.0145530700683594
0.064971923828125 -0.0440711975097656 0.0176506042480469 0.0481910705566406
0.07666015625 -0.0266799926757813 -0.00692367553710938 0.0675277709960938
0.0745468139648438 0.0113906860351563 -0.049591064453125 0.0625534057617187
0.061126708984375 0.0463790893554687 -0.0735397338867188 0.0258255004882812
0.0151443481445313 0.0787429809570313 -0.0649185180664062 -0.0331611633300781
-0.0407943725585937 0.08709716796875 -0.0325870513916016 -0.00629043579101562
-0.08721923828125 0.0721817016601563 -0.0696525573730469 0.040435791015625
-0.0860519409179688 0.0137252807617187 -0.02447509765625 0.132438659667969
-0.0803985595703125 0.052276611328125 -0.049713134765625 0.170303344726563
-0.0370330810546875 0.0762557983398438 0.0233306884765625 0.150726318359375
0.012481689453125 0.0858230590820313 0.0713958740234375 0.0996780395507812
0.0544395446777344 0.0566253662109375 0.0722427368164063 0.0381088256835938
0.0873336791992188 0.00957489013671875 0.0594024658203125 0.00309371948242188
0.0787506103515625 -0.027191162109375 0.0260028839111328 0.0123367309570313
0.0659980773925781 -0.0247955322265625 0.00961685180664063 0.0361328125
0.0718154907226563 -0.0293502807617188 0.000438690185546876 0.0642318725585938
0.0794830322265625 -0.0109024047851562 -0.02032470703125 0.0765762329101563
0.06890869140625 0.0232124328613281 -0.0533981323242187 0.0669898986816406
0.0474929809570313 0.0547676086425781 -0.0697097778320313 0.0313491821289063
-0.00421142578124999 0.0727005004882812 -0.0593948364257813 -0.0146751403808594
-0.0544967651367187 0.0602493286132813 -0.0392303466796875 0.0192298889160156
-0.0872650146484375 0.0351486206054687 -0.0929718017578125 0.0587158203125
-0.0529212951660156 -0.0292320251464844 -0.0548171997070313 0.129081726074219
-0.0663642883300781 0.00248718261718749 -0.0779571533203125 0.16668701171875
-0.0478782653808594 0.0351219177246094 0.00236511230468748 0.149154663085938
-0.0176925659179688 0.063079833984375 0.0491256713867188 0.0947494506835937
0.0227699279785156 0.0581245422363281 0.0481376647949219 0.0333747863769531
0.0666923522949219 0.0315093994140625 0.0290336608886719 0.0107746124267578
0.0733261108398438 -0.00354766845703125 -0.00115203857421875 0.0260486602783203
0.0630340576171875 -0.00787734985351563 -0.012664794921875 0.0520401000976562
0.0701522827148438 -0.0125770568847656 -0.0195159912109375 0.0757675170898437
0.07562255859375 0.00556182861328125 -0.0380096435546875 0.0805816650390625
0.0599937438964844 0.0353012084960937 -0.0618209838867188 0.0651817321777344
0.0329551696777344 0.0617141723632813 -0.070526123046875 0.028656005859375
-0.0263290405273438 0.0656509399414063 -0.0577278137207031 -0.00636672973632812
-0.0692329406738281 0.0310897827148437 -0.0488357543945313 0.0299148559570313
-0.0838699340820312 -0.00832366943359376 -0.112968444824219 0.0610885620117188
-0.0101356506347656 -0.0648651123046875 -0.0629653930664063 0.114234924316406
-0.0344047546386719 -0.0438270568847656 -0.0825958251953125 0.153228759765625
-0.0404701232910156 -0.0126152038574219 -0.000976562500000012 0.139862060546875
-0.0397224426269531 0.0238418579101563 0.0424118041992188 0.0806198120117187
-0.0114479064941406 0.0439300537109375 0.0346565246582031 0.0203914642333984
0.0331230163574219 0.0450820922851563 0.00490093231201172 0.00779342651367188
0.0546684265136719 0.0207290649414063 -0.0260086059570312 0.0310840606689453
0.0501899719238281 0.0102500915527344 -0.0340538024902344 0.0615921020507812
0.0580940246582031 0.0067138671875 -0.0409469604492188 0.0836715698242187
0.0617179870605469 0.0205802917480469 -0.0594100952148437 0.0814132690429688
0.0451393127441406 0.0426406860351563 -0.07830810546875 0.0599365234375
0.0151863098144531 0.0640182495117188 -0.0780410766601563 0.0218963623046875
-0.0448150634765625 0.0543098449707031 -0.0627975463867188 -0.00931549072265626
-0.0764999389648438 -0.000236511230468766 -0.0628128051757813 0.0261955261230469
-0.072265625 -0.0510787963867188 -0.130630493164063 0.0485763549804688
0.0289230346679688 0.0807952880859375 0.129142761230469 -0.03851318359375
0.086700439453125 0.022216796875 0.077392578125 -0.0028533935546875
0.0497512817382813 -0.0472946166992188 0.0667037963867188 0.0137176513671875
0.00217819213867187 -0.0574913024902344 0.0964202880859375 -0.00551605224609375
-0.0268592834472656 -0.0427055358886719 0.0978164672851563 -0.0476455688476563
-0.0546150207519531 -0.0275154113769531 0.0721359252929687 -0.0847702026367188
-0.0484542846679688 -0.0160179138183594 0.054290771484375 -0.089202880859375
-0.0407638549804688 -0.0203361511230469 0.0439033508300781 -0.0640754699707031
-0.0434074401855469 -0.0408401489257813 0.0363731384277344 -0.0284385681152344
-0.00538253784179687 -0.0556564331054687 0.0144100189208984 -0.00285625457763672
0.0400848388671875 -0.0422439575195313 -0.0321865081787109 -0.00770759582519532
0.05804443359375 -0.00668716430664063 -0.0451927185058594 -0.0552520751953125
0.0458946228027344 0.0540351867675781 0.00243377685546875 -0.132667541503906
0.0110092163085937 0.0923843383789063 0.0602569580078125 -0.144622802734375
-0.0280227661132813 0.0941085815429688 0.052093505859375 -0.0884552001953125
-0.00985717773437501 0.103485107421875 0.133155822753906 -0.00183868408203124
0.0634803771972656 0.0633926391601563 0.0831756591796875 0.0288772583007813
0.0553054809570312 -0.00949859619140625 0.07855224609375 0.0358123779296875
0.0277538299560547 -0.0319976806640625 0.112106323242188 0.0134506225585937
0.004974365234375 -0.0359878540039063 0.115760803222656 -0.0343551635742188
-0.0188217163085938 -0.0411758422851563 0.0930633544921875 -0.080108642578125
-0.0195426940917969 -0.0371055603027344 0.0711212158203125 -0.0845794677734375
-0.01324462890625 -0.03582763671875 0.0565147399902344 -0.056365966796875
-0.0105628967285156 -0.0541877746582031 0.0463409423828125 -0.0160942077636719
0.0262870788574219 -0.0551643371582031 0.0199851989746094 0.014434814453125
0.0629653930664063 -0.0250740051269531 -0.0349445343017578 0.0134372711181641
0.0713119506835938 0.0184555053710938 -0.0580673217773438 -0.0319938659667969
0.0373687744140625 0.0817718505859375 -0.025909423828125 -0.114639282226562
-0.0152664184570313 0.116188049316406 0.0307159423828125 -0.118988037109375
-0.05877685546875 0.113044738769531 0.026031494140625 -0.0576095581054688
-0.0528640747070312 0.110069274902344 0.119171142578125 0.043060302734375
0.0227279663085937 0.0977325439453125 0.075714111328125 0.0720062255859375
0.0475120544433594 0.0372352600097656 0.0844268798828125 0.0669403076171875
0.0496864318847656 0.00695419311523437 0.122711181640625 0.0385360717773438
0.0398788452148438 -0.0187530517578125 0.126678466796875 -0.0153732299804688
0.0237960815429688 -0.0467796325683594 0.106742858886719 -0.0665130615234375
0.0140838623046875 -0.0529403686523438 0.0782318115234375 -0.0686798095703125
0.0166397094726563 -0.0456008911132813 0.0589561462402344 -0.0400962829589844
0.02191162109375 -0.05926513671875 0.0466232299804688 0.00225448608398437
0.051300048828125 -0.0504226684570312 0.0187129974365234 0.0329265594482422
0.0763626098632813 -0.0120315551757813 -0.0377388000488281 0.0349235534667969
0.0779800415039062 0.0321273803710937 -0.0680809020996094 -0.00603866577148437
0.0353317260742188 0.0921859741210938 -0.051177978515625 -0.0864791870117188
-0.0264511108398437 0.124267578125 0.00103759765625001 -0.0831527709960938
-0.076202392578125 0.118537902832031 -0.00540924072265625 -0.02142333984375
-0.088836669921875 0.0963516235351563 0.0848159790039063 0.0883407592773438
-0.0266342163085937 0.113227844238281 0.0494842529296875 0.118789672851563
0.0244903564453125 0.0788497924804688 0.0796585083007812 0.101806640625
0.0585861206054687 0.0510292053222656 0.120353698730469 0.0653076171875
0.0681304931640625 0.00899505615234375 0.123184204101562 0.0062103271484375
0.0642738342285156 -0.0400466918945312 0.105880737304688 -0.0460052490234375
0.04718017578125 -0.0586624145507813 0.0731201171875 -0.044769287109375
0.0432319641113281 -0.0483932495117188 0.05126953125 -0.0175666809082031
0.0488166809082031 -0.0575828552246094 0.0390586853027344 0.0217247009277344
0.0694618225097656 -0.0438003540039063 0.0137519836425781 0.0496292114257812
0.0804977416992188 -0.00243377685546875 -0.0378761291503906 0.0526351928710938
0.0766830444335937 0.0396499633789062 -0.0695724487304688 0.0177421569824219
0.031005859375 0.0903091430664063 -0.0637550354003906 -0.0540351867675781
-0.0320892333984375 0.117027282714844 -0.0184288024902344 -0.0406379699707031
-0.0849609375 0.108795166015625 -0.0350399017333984 0.0160579681396484
-0.1065673828125 0.0634078979492188 0.0374374389648438 0.122856140136719
-0.0694198608398438 0.1002197265625 0.00994873046875 0.156845092773438
-0.0091094970703125 0.0983810424804688 0.0607757568359375 0.131782531738281
0.0465850830078125 0.0849609375 0.104461669921875 0.0864791870117188
0.0773162841796875 0.0385971069335938 0.104476928710938 0.02447509765625
0.0911331176757813 -0.0212554931640625 0.0897445678710938 -0.0223846435546875
0.0724716186523438 -0.0527801513671875 0.0549354553222656 -0.0174331665039063
0.0618133544921875 -0.0435333251953125 0.0348396301269531 0.00748252868652344
0.0679588317871094 -0.0500564575195313 0.0248870849609375 0.0410995483398438
0.0812606811523437 -0.0327606201171875 0.00372695922851562 0.0627937316894531
0.081024169921875 0.009368896484375 -0.0382804870605469 0.0637283325195313
0.0685882568359375 0.0480422973632812 -0.0650558471679688 0.0317726135253906
0.018524169921875 0.0852813720703125 -0.0613021850585937 -0.0264854431152344
-0.042327880859375 0.0973968505859375 -0.0272960662841797 -0.00208663940429687
-0.0913848876953125 0.0831527709960937 -0.0619087219238281 0.0477180480957031
-0.0988693237304688 0.0180511474609375 -0.011322021484375 0.140411376953125
-0.0885772705078125 0.0604019165039062 -0.0338897705078125 0.175567626953125
-0.0400466918945313 0.084197998046875 0.0345611572265625 0.147506713867188
0.0170745849609375 0.09423828125 0.0783004760742188 0.0953903198242188
0.0629234313964844 0.0600471496582031 0.075836181640625 0.0328216552734375
0.0955581665039063 0.0042877197265625 0.0610160827636719 -0.00335693359375
0.0839996337890625 -0.0358428955078125 0.0285911560058594 0.00823593139648437
0.071136474609375 -0.0319595336914063 0.0139503479003906 0.0323009490966797
0.0775680541992188 -0.0373077392578125 0.00706863403320313 0.0595970153808594
0.0870819091796875 -0.0181961059570313 -0.0113143920898437 0.0728607177734375
0.0779647827148438 0.0222549438476563 -0.0439682006835937 0.067657470703125
0.05694580078125 0.0579948425292969 -0.0621261596679687 0.0353927612304688
-0.00185394287109376 0.0810775756835938 -0.0555877685546875 -0.00827026367187499
-0.0591964721679688 0.071319580078125 -0.0330791473388672 0.0248279571533203
-0.096405029296875 0.0448760986328125 -0.0872573852539063 0.0679244995117188
-0.0675163269042969 -0.0289382934570313 -0.046234130859375 0.139137268066406
-0.079345703125 0.00748443603515627 -0.065673828125 0.175125122070312
-0.0542564392089844 0.0433769226074219 0.014404296875 0.147491455078125
-0.0156478881835938 0.0738754272460938 0.0546035766601562 0.0894851684570313
0.0312423706054687 0.0640449523925781 0.0485916137695313 0.0291099548339844
0.0784530639648438 0.0280609130859375 0.0288181304931641 0.0073699951171875
0.08087158203125 -0.0117263793945313 -0.00041389465332031 0.0266132354736328
0.0690231323242188 -0.0160789489746094 -0.00901412963867187 0.0522651672363281
0.0772018432617188 -0.0209274291992188 -0.01458740234375 0.0749435424804688
0.0842742919921875 -0.00209808349609375 -0.03173828125 0.0788192749023438
0.0700836181640625 0.0337371826171875 -0.0556716918945313 0.0658683776855469
0.0429191589355469 0.0667686462402344 -0.064605712890625 0.0319671630859375
-0.0236740112304687 0.0759124755859375 -0.0534515380859375 -0.00197219848632813
-0.0769500732421875 0.0428924560546875 -0.0441665649414063 0.0370368957519531
-0.0967025756835937 4.577636718748E-05 -0.111198425292969 0.0722579956054688
-0.0241050720214844 -0.0700569152832031 -0.05926513671875 0.122650146484375
-0.0485610961914062 -0.0432929992675781 -0.072784423828125 0.162200927734375
-0.0499076843261719 -0.00772476196289063 0.0095062255859375 0.137916564941406
-0.0414962768554687 0.0348968505859375 0.0453109741210937 0.0745010375976563
-0.00479888916015625 0.0525970458984375 0.0319366455078125 0.0161380767822266
0.0456809997558594 0.0439872741699219 0.000940799713134768 0.00728559494018555
0.0632896423339844 0.0137901306152344 -0.0273590087890625 0.0352745056152344
0.0565567016601563 0.0033111572265625 -0.0320892333984375 0.0652046203613281
0.0655860900878906 -0.00186920166015625 -0.03741455078125 0.085968017578125
0.0709304809570313 0.0134353637695313 -0.0557098388671875 0.082855224609375
0.0549736022949219 0.0414962768554688 -0.0731201171875 0.0624465942382812
0.0254745483398438 0.0679779052734375 -0.0740203857421875 0.0251617431640625
-0.0421676635742188 0.0642013549804687 -0.0589027404785156 -0.00367355346679687
-0.08575439453125 0.0103759765625 -0.0612449645996094 0.0344886779785156
-0.0865402221679688 -0.0446929931640625 -0.1337890625 0.0597686767578125
0.0385360717773438 0.079193115234375 0.135993957519531 -0.0493545532226562
0.0913619995117188 0.0121994018554688 0.0789566040039063 -0.0120620727539063
0.0460624694824219 -0.0544776916503906 0.0656852722167969 0.0109405517578125
-0.00470352172851563 -0.0599708557128906 0.0960235595703125 -0.00710296630859375
-0.034149169921875 -0.0405082702636719 0.0985336303710938 -0.0496139526367188
-0.0606269836425781 -0.0202789306640625 0.0729217529296875 -0.0871734619140625
-0.0523872375488281 -0.00853347778320313 0.0542068481445313 -0.0948333740234375
-0.0446662902832031 -0.0143661499023437 0.0445785522460938 -0.071136474609375
-0.0505180358886719 -0.0345497131347656 0.0412254333496094 -0.0352210998535156
-0.0143508911132813 -0.0562744140625 0.0211658477783203 -0.00669097900390625
0.0349464416503906 -0.0496940612792969 -0.0259151458740234 -0.00541114807128907
0.0591888427734375 -0.0155868530273438 -0.0428466796875 -0.0503501892089844
0.055328369140625 0.0503425598144531 -0.002777099609375 -0.130226135253906
0.0240859985351562 0.095703125 0.0570068359375 -0.149215698242188
-0.0158920288085937 0.100494384765625 0.0556182861328125 -0.0942916870117188
-0.00290679931640624 0.104713439941406 0.143463134765625 -0.012725830078125
0.068450927734375 0.058013916015625 0.0882720947265625 0.018646240234375
0.0524330139160156 -0.014190673828125 0.0786590576171875 0.0309982299804688
0.0230064392089844 -0.0337791442871094 0.11346435546875 0.0115432739257812
0.000104904174804685 -0.0350208282470703 0.118148803710938 -0.0384140014648438
-0.0240898132324219 -0.0364952087402344 0.0947799682617188 -0.0847320556640625
-0.0224056243896484 -0.0329093933105469 0.0722198486328125 -0.092559814453125
-0.0156154632568359 -0.0324726104736328 0.0582313537597656 -0.0653266906738281
-0.0157470703125 -0.0508651733398438 0.0519943237304687 -0.0249977111816406
0.021148681640625 -0.0563240051269531 0.0286178588867188 0.00916671752929687
0.0611763000488281 -0.0317420959472656 -0.026336669921875 0.0152091979980469
0.0739822387695313 0.0124740600585938 -0.0532798767089844 -0.025909423828125
0.0461273193359375 0.0813522338867188 -0.0286026000976563 -0.109710693359375
-0.00432586669921874 0.122825622558594 0.0295181274414063 -0.12225341796875
-0.0503387451171875 0.123039245605469 0.0334587097167969 -0.0605506896972656
-0.0502166748046875 0.115234375 0.132568359375 0.0354766845703125
0.0262069702148438 0.0971145629882813 0.0836334228515625 0.0634918212890625
0.0466499328613281 0.0360603332519531 0.0872116088867188 0.0620651245117188
0.0489425659179688 0.00676727294921875 0.125961303710937 0.0348968505859375
0.0391769409179688 -0.0177078247070313 0.129905700683594 -0.020233154296875
0.0208854675292969 -0.044952392578125 0.108718872070313 -0.0741043090820312
0.0124778747558594 -0.0522499084472656 0.0796432495117188 -0.07757568359375
0.016448974609375 -0.0456886291503906 0.0621910095214844 -0.049652099609375
0.019866943359375 -0.0592308044433594 0.0523605346679688 -0.00731277465820313
0.0498123168945313 -0.0529022216796875 0.0288352966308594 0.0265617370605469
0.07757568359375 -0.01641845703125 -0.0273780822753906 0.035552978515625
0.0822219848632812 0.02886962890625 -0.0610237121582031 -2.28881835937541E-05
0.0417404174804688 0.0945281982421875 -0.0517959594726563 -0.0812149047851562
-0.0198135375976562 0.132850646972656 0.00259399414062501 -0.083709716796875
-0.071929931640625 0.130111694335937 0.00306510925292968 -0.0216827392578125
-0.0914840698242188 0.10418701171875 0.0991134643554688 0.0840072631835938
-0.0263671875 0.118293762207031 0.0605316162109375 0.113304138183594
0.0243072509765625 0.0826187133789063 0.0835800170898438 0.0966796875
0.0614471435546875 0.0537071228027344 0.124488830566406 0.061737060546875
0.0702438354492187 0.00906753540039062 0.126609802246094 0.000801086425781251
0.0651359558105469 -0.041717529296875 0.108238220214844 -0.0536041259765625
0.0478935241699219 -0.0617942810058594 0.0749053955078125 -0.0532608032226563
0.0447578430175781 -0.0515975952148437 0.0540580749511719 -0.0267295837402344
0.0498123168945313 -0.0611495971679688 0.0437240600585938 0.0122451782226562
0.071563720703125 -0.0472030639648438 0.0225028991699219 0.0424690246582031
0.0854110717773438 -0.00479888916015625 -0.0274238586425781 0.0518951416015625
0.0824508666992188 0.0392837524414063 -0.0601081848144531 0.0215606689453125
0.0359878540039062 0.0949935913085938 -0.0616226196289062 -0.0490150451660156
-0.0295028686523438 0.126953125 -0.0139389038085937 -0.0402259826660156
-0.0860977172851562 0.120506286621094 -0.0264377593994141 0.0181808471679688
-0.114242553710937 0.0710372924804688 0.0506362915039063 0.123275756835938
-0.073455810546875 0.10955810546875 0.0207672119140625 0.155807495117188
-0.0103607177734375 0.105445861816406 0.0667343139648437 0.127304077148437
0.0519332885742188 0.0914688110351563 0.108467102050781 0.083404541015625
0.0831146240234375 0.0399398803710938 0.108329772949219 0.0196762084960938
0.0956649780273438 -0.0248489379882813 0.0914535522460938 -0.0300674438476563
0.0745697021484375 -0.0586013793945313 0.0572280883789063 -0.0237159729003906
0.0654563903808594 -0.0491294860839844 0.0382957458496094 0.000934600830078122
0.0721893310546875 -0.0562362670898438 0.0295333862304688 0.0341548919677734
0.0877609252929688 -0.038482666015625 0.0116119384765625 0.0561447143554688
0.0881271362304688 0.0076446533203125 -0.0304107666015625 0.0612411499023438
0.076568603515625 0.0494918823242188 -0.0576515197753906 0.0329322814941406
0.0215988159179687 0.091705322265625 -0.0571174621582031 -0.0224723815917969
-0.0445022583007812 0.108642578125 -0.0212898254394531 -0.000240325927734364
-0.0961074829101562 0.0949172973632813 -0.0548439025878906 0.052459716796875
-0.111968994140625 0.023956298828125 -0.000930786132812496 0.145263671875
-0.0977859497070313 0.0704345703125 -0.0233154296875 0.178665161132813
-0.0433273315429688 0.0940017700195313 0.040985107421875 0.144638061523438
0.0226974487304687 0.103187561035156 0.08154296875 0.0923843383789063
0.0714035034179688 0.0619659423828125 0.0775299072265625 0.0290145874023438
0.103385925292969 -0.00064849853515625 0.0616874694824219 -0.008575439453125
0.0892562866210938 -0.0435562133789063 0.0299263000488281 0.00556373596191406
0.0754928588867188 -0.0395126342773438 0.0153369903564453 0.0284671783447266
0.0832366943359375 -0.04541015625 0.0107994079589844 0.0545158386230469
0.093902587890625 -0.025299072265625 -0.0066070556640625 0.0684471130371094
0.0869979858398438 0.0209274291992188 -0.0382728576660156 0.0647964477539063
0.0654754638671875 0.0615310668945313 -0.0559120178222656 0.0361328125
0.000923156738281255 0.0902557373046875 -0.050567626953125 -0.00642776489257813
-0.0635452270507813 0.0841293334960938 -0.0273380279541016 0.0277786254882813
-0.104782104492187 0.0552978515625 -0.0824508666992188 0.0749359130859375
-0.0822067260742187 -0.0272216796875 -0.0402374267578125 0.147628784179688
-0.0915069580078125 0.0142593383789063 -0.0564422607421875 0.181488037109375
-0.0611991882324219 0.052154541015625 0.0211639404296875 0.145858764648438
-0.0130081176757812 0.0847244262695313 0.0565261840820312 0.0865631103515625
0.0398635864257813 0.0695915222167969 0.0482215881347656 0.0267448425292969
0.0887527465820313 0.0237655639648438 0.0272731781005859 0.00599288940429688
0.0870895385742188 -0.020599365234375 -0.000225067138671868 0.0270328521728516
0.074737548828125 -0.0235061645507813 -0.00775909423828124 0.051605224609375
0.0838623046875 -0.0291976928710938 -0.0125961303710937 0.0735931396484375
0.092132568359375 -0.010162353515625 -0.0290374755859375 0.0771484375
0.079742431640625 0.0319442749023438 -0.0521965026855469 0.0641708374023438
0.0528030395507813 0.0703277587890625 -0.0605430603027344 0.0325584411621094
-0.0209732055664062 0.0859375 -0.0486106872558594 -8.39233398437456E-05
-0.0836181640625 0.0549850463867187 -0.0395545959472656 0.0417022705078125
-0.108024597167969 0.010009765625 -0.110816955566406 0.0807113647460937
-0.039337158203125 -0.0716552734375 -0.0587158203125 0.131500244140625
-0.0619850158691406 -0.0414047241210937 -0.06768798828125 0.168609619140625
-0.058563232421875 -0.000434875488281246 0.0157852172851562 0.135208129882813
-0.0420417785644531 0.0454216003417969 0.0455169677734375 0.0708465576171875
0.00251388549804688 0.0589599609375 0.0278148651123047 0.0149765014648438
0.0563583374023438 0.0419654846191406 -0.00207233428955078 0.00882625579833985
0.0706100463867188 0.00514984130859375 -0.0284309387207031 0.0393638610839844
0.0619049072265625 -0.00406646728515625 -0.031005859375 0.0684471130371094
0.0712890625 -0.00994110107421875 -0.0362777709960937 0.0882644653320313
0.0786895751953125 0.00554656982421875 -0.0549468994140625 0.0834197998046875
0.0638198852539063 0.0390090942382813 -0.0724868774414063 0.0621719360351562
0.0350341796875 0.070465087890625 -0.0714569091796875 0.025146484375
-0.0401611328125 0.073974609375 -0.0550994873046875 -0.0017852783203125
-0.0920333862304688 0.0210723876953125 -0.0586509704589844 0.0426902770996094
-0.0990829467773438 -0.0374679565429688 -0.137458801269531 0.0701370239257813
0.0488510131835938 0.0763168334960938 0.143341064453125 -0.0609283447265625
0.0967330932617188 0.00260162353515625 0.0798568725585938 -0.0210647583007813
0.0418510437011719 -0.0622062683105469 0.0637016296386719 0.00915145874023437
-0.0120315551757812 -0.0626220703125 0.0984344482421875 -0.0074920654296875
-0.0411834716796875 -0.037750244140625 0.102104187011719 -0.052215576171875
-0.0658760070800781 -0.0123291015625 0.0766754150390625 -0.0924530029296875
-0.0543899536132813 -0.00209808349609376 0.0553512573242188 -0.102798461914063
-0.0477714538574219 -0.00847625732421874 0.0460128784179688 -0.0782699584960938
-0.0572433471679687 -0.0280990600585938 0.0439109802246094 -0.0436248779296875
-0.0231475830078125 -0.0552024841308594 0.0276355743408203 -0.0125656127929688
0.0288810729980469 -0.0559158325195313 -0.0192317962646484 -0.00515747070312501
0.0593986511230469 -0.0241432189941406 -0.0393638610839844 -0.0479965209960938
0.0653495788574219 0.04644775390625 -0.00521087646484374 -0.130210876464844
0.0381698608398438 0.0980911254882813 0.05517578125 -0.156341552734375
-0.00395965576171876 0.106849670410156 0.0605010986328125 -0.103744506835938
0.00238037109374999 0.108169555664063 0.155105590820313 -0.0233306884765625
0.0731658935546875 0.0518875122070313 0.0923385620117188 0.00949859619140626
0.0499839782714844 -0.018524169921875 0.078521728515625 0.0284881591796875
0.0193710327148437 -0.0346660614013672 0.117988586425781 0.0105514526367187
-0.0037689208984375 -0.0334701538085938 0.123489379882813 -0.0420989990234375
-0.0275077819824219 -0.0312118530273437 0.098358154296875 -0.0926437377929687
-0.0236358642578125 -0.0296878814697266 0.0740509033203125 -0.103752136230469
-0.0169486999511719 -0.0305213928222656 0.05963134765625 -0.076568603515625
-0.0194282531738281 -0.0478286743164063 0.0559883117675781 -0.0350227355957031
0.0160102844238281 -0.0568771362304688 0.0364761352539063 0.00198745727539062
0.059295654296875 -0.0372047424316406 -0.0172824859619141 0.0147523880004883
0.0776214599609375 0.00732421875 -0.0477447509765625 -0.0225753784179687
0.0542831420898438 0.0809326171875 -0.0302734375 -0.108047485351563
0.0064849853515625 0.129997253417969 0.030120849609375 -0.127822875976563
-0.0422744750976563 0.133346557617188 0.0399055480957031 -0.0668907165527344
-0.0489425659179688 0.122505187988281 0.146438598632813 0.026824951171875
0.0293426513671875 0.099456787109375 0.0907363891601562 0.0554275512695313
0.0460739135742188 0.0361557006835938 0.0891571044921875 0.0589447021484375
0.0492820739746094 0.00713729858398438 0.131057739257812 0.0332107543945312
0.0387344360351563 -0.0179405212402344 0.134834289550781 -0.0260467529296875
0.020111083984375 -0.0441551208496094 0.112190246582031 -0.0825576782226563
0.0125350952148438 -0.0533676147460938 0.0828094482421875 -0.0890731811523438
0.01702880859375 -0.0465087890625 0.0631332397460938 -0.0609397888183594
0.0185966491699219 -0.0604019165039063 0.0574378967285156 -0.0182533264160156
0.0495376586914063 -0.0564079284667969 0.0368690490722656 0.0183258056640625
0.080841064453125 -0.0208282470703125 -0.0182266235351563 0.0335865020751953
0.088104248046875 0.026397705078125 -0.0540122985839844 0.00205230712890626
0.0487213134765625 0.0978317260742188 -0.0508270263671875 -0.0782699584960937
-0.0128936767578125 0.14361572265625 0.00467681884765624 -0.0872802734375
-0.0686187744140625 0.142837524414063 0.0113353729248047 -0.024209976196289
-0.0960845947265625 0.113838195800781 0.114234924316406 0.0801773071289063
-0.0270462036132812 0.126556396484375 0.0700531005859375 0.108207702636719
0.0251388549804687 0.088623046875 0.0874099731445313 0.0946044921875
0.0654449462890625 0.0577430725097656 0.13128662109375 0.060028076171875
0.0758132934570313 0.00962066650390625 0.132377624511719 -0.00400543212890625
0.0675544738769531 -0.044586181640625 0.112564086914062 -0.0630264282226562
0.0496406555175781 -0.0666999816894531 0.0774078369140625 -0.0636215209960938
0.048248291015625 -0.0555877685546875 0.0559654235839844 -0.03643798828125
0.0525054931640625 -0.0658111572265625 0.0491752624511719 0.003173828125
0.0754165649414063 -0.0527801513671875 0.0300178527832031 0.0351123809814453
0.092010498046875 -0.0079193115234375 -0.0194625854492187 0.0492630004882812
0.0905990600585938 0.0398025512695313 -0.0538330078125 0.0228309631347656
0.0412139892578125 0.102127075195312 -0.0583229064941406 -0.0465202331542969
-0.027069091796875 0.138839721679688 -0.0097198486328125 -0.0413055419921875
-0.0869140625 0.134147644042969 -0.0186309814453125 0.0192127227783203
-0.124443054199219 0.0823516845703125 0.0646286010742187 0.125244140625
-0.0788955688476563 0.1207275390625 0.0316314697265625 0.154937744140625
-0.0110015869140625 0.115821838378906 0.07147216796875 0.12652587890625
0.058013916015625 0.097930908203125 0.114433288574219 0.0826950073242188
0.0919952392578125 0.0415191650390625 0.112464904785156 0.0153884887695313
0.102485656738281 -0.0309600830078125 0.093597412109375 -0.0366058349609375
0.0788421630859375 -0.0670394897460938 0.0590095520019531 -0.030426025390625
0.0700645446777344 -0.0562973022460938 0.0394821166992188 -0.00550460815429688
0.07635498046875 -0.0640182495117188 0.0327682495117188 0.0271797180175781
0.0936737060546875 -0.0448837280273438 0.0162582397460938 0.0502433776855469
0.09783935546875 0.005340576171875 -0.0240058898925781 0.0583457946777344
0.086181640625 0.0524139404296875 -0.0513458251953125 0.0343284606933594
0.0261001586914063 0.101264953613281 -0.0539016723632812 -0.0220756530761719
-0.0452880859375 0.122169494628906 -0.0152435302734375 -0.000486373901367179
-0.1014404296875 0.108383178710938 -0.0493011474609375 0.0565109252929688
-0.125213623046875 0.0332107543945313 0.0092010498046875 0.152267456054688
-0.107528686523438 0.0832290649414062 -0.0140533447265625 0.183380126953125
-0.0467376708984375 0.106727600097656 0.046600341796875 0.145339965820313
0.0287628173828125 0.11431884765625 0.0856246948242188 0.0924530029296875
0.0812530517578125 0.06524658203125 0.0799331665039062 0.0271148681640625
0.113616943359375 -0.0073089599609375 0.0631179809570313 -0.0133094787597656
0.0943603515625 -0.0536117553710938 0.0309791564941406 0.00191497802734375
0.0806198120117188 -0.048004150390625 0.0169105529785156 0.0257072448730469
0.089385986328125 -0.0551376342773437 0.0110397338867188 0.0522041320800781
0.102867126464844 -0.033782958984375 -0.0041351318359375 0.0637054443359375
0.0978622436523437 0.0180587768554687 -0.0350570678710937 0.06134033203125
0.0772476196289062 0.064910888671875 -0.0519447326660156 0.0353355407714844
0.00460052490234376 0.101371765136719 -0.0472946166992188 -0.00708770751953124
-0.0680313110351563 0.0988616943359375 -0.0216598510742188 0.0298843383789063
-0.113540649414063 0.0687942504882813 -0.0787429809570313 0.0807571411132813
-0.0972213745117188 -0.0217971801757812 -0.0351715087890625 0.156936645507813
-0.104202270507813 0.024078369140625 -0.0512847900390625 0.189178466796875
-0.0672645568847656 0.063446044921875 0.0260009765625 0.146438598632812
-0.0087890625 0.0969161987304688 0.0591201782226563 0.086883544921875
0.0501937866210938 0.0749740600585938 0.0475730895996094 0.0262451171875
0.100059509277344 0.018218994140625 0.0270328521728516 0.00441741943359375
0.094268798828125 -0.030426025390625 0.000413894653320318 0.0278644561767578
0.0802383422851563 -0.0330429077148438 -0.00759506225585937 0.0526771545410156
0.0895462036132812 -0.0400848388671875 -0.012359619140625 0.0741348266601563
0.101593017578125 -0.01898193359375 -0.0284652709960937 0.075653076171875
0.0905685424804688 0.029510498046875 -0.0513153076171875 0.0636367797851563
0.0639114379882813 0.0730972290039063 -0.0582847595214844 0.0318069458007813
-0.0176239013671875 0.0973587036132813 -0.0452117919921875 -0.00049591064453124
-0.0886383056640625 0.0692672729492187 -0.0346755981445313 0.0460281372070313
-0.118820190429688 0.0211334228515625 -0.110992431640625 0.0900039672851563
-0.0517044067382813 -0.0726318359375 -0.058349609375 0.141830444335938
-0.0755996704101562 -0.036163330078125 -0.064422607421875 0.17645263671875
-0.067413330078125 0.00650787353515626 0.0188446044921875 0.136451721191406
-0.040863037109375 0.0569000244140625 0.0443382263183594 0.0698204040527344
0.0112266540527344 0.0651206970214844 0.0242443084716797 0.0149745941162109
0.0672988891601563 0.0383758544921875 -0.00629234313964843 0.010319709777832
0.0770416259765625 -0.00322723388671875 -0.0296554565429687 0.0450935363769531
0.0664634704589844 -0.0118904113769531 -0.0309371948242188 0.07354736328125
0.076507568359375 -0.0192184448242187 -0.0361557006835938 0.0928192138671875
0.086029052734375 -0.0025482177734375 -0.0555038452148437 0.0855484008789062
0.0738677978515625 0.0368728637695313 -0.0737533569335937 0.06378173828125
0.04510498046875 0.0740509033203125 -0.0715484619140625 0.0253067016601562
-0.036346435546875 0.08349609375 -0.0530776977539063 -0.00162887573242187
-0.09912109375 0.0342636108398437 -0.0556411743164063 0.049346923828125
-0.110565185546875 -0.028564453125 -0.143020629882812 0.0801544189453125
0.0586700439453125 0.0740966796875 0.150848388671875 -0.0764007568359375
0.101173400878906 -0.00923919677734375 0.0801849365234375 -0.030792236328125
0.0369300842285156 -0.069671630859375 0.0643959045410156 0.0074310302734375
-0.0202980041503906 -0.06494140625 0.102897644042969 -0.00896453857421875
-0.0480308532714844 -0.0355148315429688 0.107582092285156 -0.0575637817382813
-0.0713348388671875 -0.003509521484375 0.0801773071289063 -0.100715637207031
-0.0572700500488281 0.00620269775390626 0.0556716918945312 -0.114234924316406
-0.0504837036132813 -0.00216293334960936 0.0457305908203125 -0.089508056640625
-0.0632896423339844 -0.0205955505371094 0.0460739135742187 -0.0542030334472656
-0.0326881408691406 -0.0538520812988281 0.0322360992431641 -0.0197467803955078
0.0219612121582031 -0.0625228881835938 -0.0139093399047852 -0.00706958770751953
0.0582695007324219 -0.0326080322265625 -0.0367584228515625 -0.0473175048828125
0.0751495361328125 0.0409469604492188 -0.00817108154296875 -0.133056640625
0.0538253784179688 0.0988082885742188 0.0523529052734375 -0.16815185546875
0.00891113281250001 0.112663269042969 0.0644073486328125 -0.116874694824219
0.0101394653320312 0.112083435058594 0.166046142578125 -0.0381317138671875
0.078582763671875 0.0482406616210937 0.095977783203125 -0.00116729736328125
0.0478935241699219 -0.0222702026367188 0.0804290771484375 0.0264434814453125
0.0153541564941406 -0.0356369018554688 0.124427795410156 0.0076751708984375
-0.00679397583007812 -0.0309982299804687 0.129463195800781 -0.0490951538085938
-0.0310249328613281 -0.0266971588134766 0.102249145507812 -0.103866577148438
-0.0252552032470703 -0.0258617401123047 0.0748214721679688 -0.116683959960938
-0.0174732208251953 -0.0281944274902344 0.059234619140625 -0.0892868041992188
-0.023590087890625 -0.0450630187988281 0.0583610534667969 -0.0472908020019531
0.0113143920898437 -0.05914306640625 0.0435104370117188 -0.00762557983398438
0.0576858520507812 -0.0428085327148437 -0.00965785980224609 0.0123491287231445
0.0804901123046875 0.00067901611328125 -0.0425453186035156 -0.021697998046875
0.0646820068359375 0.0800628662109375 -0.0321578979492187 -0.108383178710938
0.0188446044921875 0.136734008789063 0.0284576416015625 -0.136329650878906
-0.033355712890625 0.144454956054688 0.046112060546875 -0.0771713256835937
-0.0471115112304688 0.132110595703125 0.161209106445313 0.014678955078125
0.0339584350585938 0.102699279785156 0.0981979370117188 0.0463409423828125
0.0464820861816406 0.0378990173339844 0.0927886962890625 0.056396484375
0.0509300231933594 0.00818634033203125 0.139190673828125 0.0301666259765625
0.0400276184082031 -0.0172882080078125 0.142822265625 -0.0338592529296875
0.019805908203125 -0.0440826416015625 0.116363525390625 -0.0952606201171875
0.0124664306640625 -0.0552558898925781 0.0833053588867188 -0.103668212890625
0.0179443359375 -0.0493927001953125 0.0639801025390625 -0.0743255615234375
0.0182876586914063 -0.0631256103515625 0.0599899291992187 -0.0306777954101562
0.0495414733886719 -0.0610122680664063 0.0435791015625 0.008758544921875
0.0837554931640625 -0.0262451171875 -0.009765625 0.0303821563720703
0.0953521728515625 0.0229263305664063 -0.0476608276367187 0.00321578979492187
0.0584259033203125 0.101203918457031 -0.0511322021484375 -0.0777969360351563
-0.00408935546875001 0.1549072265625 0.00571441650390625 -0.093536376953125
-0.0633697509765625 0.158172607421875 0.0188198089599609 -0.0302696228027344
-0.100303649902344 0.12884521484375 0.131195068359375 0.0735626220703125
-0.0249481201171875 0.137779235839844 0.0794525146484375 0.103759765625
0.0272674560546875 0.0958251953125 0.09320068359375 0.0930404663085937
0.0727615356445313 0.0620803833007813 0.139808654785156 0.05743408203125
0.0821075439453125 0.00876617431640625 0.140579223632813 -0.011322021484375
0.0707855224609375 -0.04937744140625 0.115234375 -0.0747833251953125
0.05133056640625 -0.073577880859375 0.0789871215820313 -0.0760269165039063
0.0504264831542969 -0.062957763671875 0.0562324523925781 -0.0473823547363281
0.0542144775390625 -0.0738296508789063 0.0516166687011719 -0.00769805908203125
0.0790023803710938 -0.0604248046875 0.0355148315429688 0.0259475708007812
0.0998916625976563 -0.0132675170898438 -0.0120353698730469 0.0456619262695313
0.100479125976563 0.0381011962890625 -0.047393798828125 0.0232200622558594
0.0500564575195313 0.109466552734375 -0.057373046875 -0.0464973449707031
-0.0206298828125 0.1544189453125 -0.00677490234375 -0.0457000732421875
-0.0858306884765625 0.15167236328125 -0.0111351013183594 0.0182266235351563
-0.134895324707031 0.0981903076171875 0.0799179077148438 0.125999450683594
-0.08111572265625 0.137924194335937 0.0420379638671875 0.15679931640625
-0.00942993164062499 0.129432678222656 0.0787124633789062 0.126487731933594
0.0684356689453125 0.106414794921875 0.12347412109375 0.0822372436523438
0.103050231933594 0.0419998168945312 0.118515014648438 0.0111083984375
0.10943603515625 -0.0389785766601563 0.096923828125 -0.0465621948242188
0.0819168090820313 -0.0777511596679688 0.06109619140625 -0.0394821166992188
0.074462890625 -0.0668563842773437 0.0397224426269531 -0.0136871337890625
0.0811767578125 -0.0759735107421875 0.0345954895019531 0.0199775695800781
0.0998382568359375 -0.0558242797851563 0.0195465087890625 0.0434837341308594
0.109016418457031 8.392333984375E-05 -0.0191307067871094 0.0556640625
0.098602294921875 0.05279541015625 -0.0463142395019531 0.0329360961914062
0.034271240234375 0.111854553222656 -0.0520782470703125 -0.0219535827636719
-0.0430145263671875 0.140174865722656 -0.0108366012573242 -0.00192260742187499
-0.105133056640625 0.127098083496094 -0.0421943664550781 0.0603866577148438
-0.139190673828125 0.0476760864257812 0.02215576171875 0.159957885742188
-0.115127563476563 0.100570678710937 -0.00529479980468752 0.190948486328125
-0.0480728149414063 0.122825622558594 0.05364990234375 0.146820068359375
0.0390853881835938 0.125679016113281 0.0928497314453125 0.0935516357421875
0.0951919555664063 0.0676727294921875 0.0841064453125 0.0239334106445313
0.123405456542969 -0.01605224609375 0.0648231506347656 -0.01788330078125
0.0984344482421875 -0.0665283203125 0.0327281951904297 -0.00179290771484375
0.0861434936523438 -0.0598678588867188 0.0176029205322266 0.0225753784179687
0.0944290161132813 -0.068267822265625 0.0130996704101563 0.049346923828125
0.110832214355469 -0.0454254150390625 -0.00226974487304686 0.0607109069824219
0.110649108886719 0.0132064819335938 -0.0332794189453125 0.0609474182128906
0.0909805297851563 0.0660934448242188 -0.0491981506347656 0.0341529846191406
0.0116348266601562 0.113006591796875 -0.0446090698242188 -0.00784683227539063
-0.06890869140625 0.116874694824219 -0.0150012969970703 0.0303401947021484
-0.121231079101562 0.0865325927734375 -0.0764007568359375 0.089508056640625
-0.1131591796875 -0.0130767822265625 -0.0273590087890625 0.170059204101563
-0.11614990234375 0.0376739501953125 -0.0438079833984375 0.200271606445313
-0.0726852416992188 0.07891845703125 0.032196044921875 0.149200439453125
-0.00183105468750001 0.110443115234375 0.0629425048828125 0.0880966186523438
0.0634231567382813 0.07830810546875 0.0480728149414063 0.0263595581054688
0.111412048339844 0.009613037109375 0.0256538391113281 0.0035552978515625
0.099334716796875 -0.0438079833984375 0.000568389892578128 0.0301284790039063
0.084991455078125 -0.0432586669921875 -0.00656890869140624 0.05523681640625
0.0950851440429688 -0.0531005859375 -0.0116729736328125 0.0767288208007813
0.109580993652344 -0.0318984985351563 -0.0288772583007812 0.0771331787109375
0.103073120117188 0.024566650390625 -0.0530357360839844 0.0637626647949219
0.0775680541992188 0.0746994018554688 -0.0577926635742188 0.0311851501464844
-0.0108871459960938 0.109542846679687 -0.0442886352539063 -0.00159835815429687
-0.0935897827148437 0.0875244140625 -0.029815673828125 0.0511360168457031
-0.130096435546875 0.0363616943359375 -0.111526489257813 0.10174560546875
-0.0679473876953125 -0.0711593627929688 -0.0557708740234375 0.157073974609375
-0.0899429321289062 -0.0288543701171875 -0.0590667724609375 0.189682006835938
-0.0754470825195313 0.018402099609375 0.0240554809570313 0.138702392578125
-0.0380821228027344 0.0696525573730469 0.0450057983398437 0.0713653564453125
0.0211715698242188 0.0709609985351563 0.0216960906982422 0.0158863067626953
0.0783004760742188 0.0323486328125 -0.00882339477539062 0.0137710571289063
0.0830154418945312 -0.0138168334960937 -0.0299339294433594 0.0515365600585938
0.0710906982421875 -0.0209197998046875 -0.03125 0.0816574096679688
0.0814666748046875 -0.0310440063476563 -0.0358047485351563 0.0991973876953125
0.0934066772460938 -0.0131072998046875 -0.0572052001953125 0.0909271240234375
0.0848464965820312 0.0321502685546875 -0.0765151977539062 0.0659255981445313
0.0570220947265625 0.075469970703125 -0.0734786987304688 0.0258712768554688
-0.030517578125 0.0947189331054688 -0.0526237487792969 -0.00109100341796875
-0.104705810546875 0.0486679077148438 -0.0525321960449219 0.0575103759765625
-0.12371826171875 -0.0182952880859375 -0.148284912109375 0.0958099365234375
0.0686454772949219 0.0691642761230469 0.154083251953125 -0.0970611572265625
0.103546142578125 -0.023590087890625 0.0774154663085938 -0.0423812866210938
0.0296554565429687 -0.0784225463867188 0.0640373229980469 0.00615310668945312
-0.0296058654785156 -0.0649185180664063 0.107673645019531 -0.0140609741210938
-0.0552597045898438 -0.0300636291503906 0.111976623535156 -0.0672988891601563
-0.0747756958007813 0.0076141357421875 0.080657958984375 -0.112922668457031
-0.0569419860839844 0.0147743225097656 0.0524215698242187 -0.127532958984375
-0.0517959594726562 0.00587844848632812 0.0419158935546875 -0.101722717285156
-0.0678176879882813 -0.0111198425292969 0.0443611145019531 -0.0664215087890625
-0.0418014526367187 -0.0502853393554687 0.0357856750488281 -0.0298004150390625
0.0124549865722656 -0.0686416625976563 -0.00887203216552735 -0.0107192993164063
0.0554847717285156 -0.0419387817382813 -0.0350303649902344 -0.0477752685546875
0.0838775634765625 0.0318450927734375 -0.01422119140625 -0.135612487792969
0.0703887939453125 0.0945053100585938 0.0445404052734375 -0.180633544921875
0.0249404907226563 0.116325378417969 0.0640487670898438 -0.132797241210938
0.0195236206054687 0.114540100097656 0.17474365234375 -0.0587158203125
0.0840377807617187 0.041595458984375 0.097808837890625 -0.0143051147460938
0.0449867248535156 -0.0269088745117187 0.0835189819335938 0.0222625732421875
0.0111160278320312 -0.0361175537109375 0.132148742675781 0.000633239746093748
-0.0108814239501953 -0.0297126770019531 0.13494873046875 -0.0611648559570313
-0.0326328277587891 -0.0208930969238281 0.102775573730469 -0.119224548339844
-0.0272960662841797 -0.0232181549072266 0.07025146484375 -0.133628845214844
-0.0186080932617188 -0.0268020629882812 0.0554580688476562 -0.104393005371094
-0.0273284912109375 -0.0415153503417969 0.0577125549316406 -0.0623626708984375
0.00535964965820312 -0.0597572326660156 0.0474853515625 -0.0199775695800781
0.0538825988769531 -0.050323486328125 -0.00260353088378906 0.00693702697753906
0.0828399658203125 -0.00713348388671875 -0.0377998352050781 -0.02197265625
0.0764617919921875 0.0767745971679688 -0.0354690551757813 -0.109237670898438
0.035614013671875 0.141082763671875 0.0226287841796875 -0.147430419921875
-0.018585205078125 0.15521240234375 0.0492401123046875 -0.0895462036132812
-0.0403594970703125 0.14447021484375 0.1741943359375 -0.00228881835937499
0.0417327880859375 0.105018615722656 0.105560302734375 0.034637451171875
0.0493354797363281 0.0388641357421875 0.09698486328125 0.0520172119140625
0.0540657043457031 0.00759506225585938 0.149017333984375 0.0232391357421875
0.0416183471679688 -0.0193252563476563 0.148727416992188 -0.046478271484375
0.018463134765625 -0.0445747375488281 0.11639404296875 -0.111587524414063
0.0108985900878906 -0.0578880310058594 0.0797119140625 -0.121131896972656
0.0177574157714844 -0.0531082153320312 0.0588531494140625 -0.0900650024414063
0.0152359008789062 -0.0667152404785156 0.05938720703125 -0.0461807250976563
0.047607421875 -0.0675621032714844 0.0491142272949219 -0.003997802734375
0.0870437622070312 -0.03485107421875 -0.001922607421875 0.0246696472167969
0.1024169921875 0.0170211791992188 -0.0414886474609375 0.00235366821289063
0.0708160400390625 0.102317810058594 -0.053497314453125 -0.0763473510742187
0.0110015869140625 0.166290283203125 0.004241943359375 -0.100921630859375
-0.0520172119140625 0.174880981445313 0.0246086120605469 -0.0384712219238281
-0.100128173828125 0.147247314453125 0.148651123046875 0.06195068359375
-0.0171966552734375 0.149826049804688 0.0922393798828125 0.0965347290039063
0.0345993041992187 0.104248046875 0.10107421875 0.0892715454101563
0.0831756591796875 0.0632171630859375 0.150161743164063 0.0519561767578125
0.0898284912109375 0.00580596923828125 0.147537231445312 -0.023162841796875
0.0738601684570312 -0.0567550659179687 0.115837097167969 -0.091217041015625
0.0502777099609375 -0.0821075439453125 0.076385498046875 -0.0915908813476563
0.0509033203125 -0.0719985961914063 0.0532112121582031 -0.0595779418945313
0.0542221069335937 -0.0843276977539063 0.0517616271972656 -0.0198173522949219
0.0806961059570313 -0.0718002319335938 0.0397109985351563 0.0151214599609375
0.108016967773438 -0.0211334228515625 -0.00559234619140624 0.0404434204101563
0.112167358398437 0.0326385498046875 -0.0410041809082031 0.0224685668945313
0.0620346069335938 0.115043640136719 -0.0576744079589844 -0.0454368591308594
-0.010345458984375 0.170013427734375 -0.00554656982421876 -0.0504531860351562
-0.079193115234375 0.171585083007812 -0.00337886810302735 0.0163164138793945
-0.139938354492187 0.118598937988281 0.0990829467773437 0.122184753417969
-0.0779266357421875 0.157562255859375 0.056640625 0.154373168945313
-0.00303649902343749 0.14398193359375 0.08807373046875 0.125770568847656
0.0837554931640625 0.111923217773437 0.13525390625 0.0780181884765625
0.115890502929687 0.0378646850585938 0.124092102050781 0.00199127197265625
0.115386962890625 -0.051055908203125 0.0975875854492188 -0.0588607788085938
0.08221435546875 -0.0916519165039063 0.0601997375488281 -0.049560546875
0.0755386352539063 -0.0803375244140625 0.0381011962890625 -0.0214767456054688
0.0823135375976563 -0.09075927734375 0.0346775054931641 0.0131969451904297
0.104278564453125 -0.0701522827148438 0.0233535766601563 0.0365943908691406
0.121284484863281 -0.00910186767578125 -0.0149650573730469 0.0515365600585938
0.113800048828125 0.0492324829101563 -0.0421791076660156 0.0322265625
0.0460052490234375 0.120254516601563 -0.0517387390136719 -0.0226402282714844
-0.03448486328125 0.15789794921875 -0.00652027130126953 -0.00497007369995116
-0.101806640625 0.148513793945313 -0.0336875915527344 0.063446044921875
-0.14862060546875 0.066650390625 0.0386505126953125 0.165771484375
-0.11822509765625 0.123184204101562 0.00978088378906249 0.197174072265625
-0.043365478515625 0.141250610351563 0.0631866455078125 0.147613525390625
0.055419921875 0.135032653808594 0.102149963378906 0.0919418334960938
0.110824584960938 0.06634521484375 0.0872802734375 0.0189437866210938
0.132080078125 -0.0303955078125 0.0635948181152344 -0.0248985290527344
0.101470947265625 -0.0822219848632813 0.0337390899658203 -0.00621986389160157
0.087432861328125 -0.0758285522460938 0.0177383422851563 0.0200881958007812
0.0964584350585938 -0.0858612060546875 0.0142822265625 0.0471534729003906
0.116897583007812 -0.0624847412109375 -0.000705718994140624 0.0586204528808594
0.123428344726563 0.00388336181640625 -0.0313796997070312 0.0597991943359375
0.10736083984375 0.0629730224609375 -0.04608154296875 0.0333442687988281
0.023651123046875 0.125038146972656 -0.0444831848144531 -0.00926971435546875
-0.0646438598632813 0.137496948242187 -0.00900650024414063 0.0308570861816406
-0.124641418457031 0.109405517578125 -0.0697479248046875 0.0991744995117188
-0.127838134765625 0.00118255615234372 -0.014495849609375 0.182449340820313
-0.125495910644531 0.05816650390625 -0.0302734375 0.21124267578125
-0.0736083984375 0.0973587036132813 0.0404052734375 0.15228271484375
0.011932373046875 0.122703552246094 0.0697097778320313 0.0890274047851563
0.0796051025390625 0.0772628784179688 0.0501556396484375 0.0239601135253906
0.123123168945313 -0.0029754638671875 0.0258445739746094 0.00374984741210938
0.101425170898438 -0.0596847534179688 0.00163650512695313 0.0314559936523438
0.086212158203125 -0.05853271484375 -0.00446701049804687 0.0580024719238281
0.0964508056640625 -0.0706024169921875 -0.0095977783203125 0.0795059204101562
0.115737915039062 -0.0479583740234375 -0.0279617309570312 0.080474853515625
0.115653991699219 0.0140838623046875 -0.0526847839355469 0.0677986145019531
0.093292236328125 0.0725479125976563 -0.0584564208984375 0.0317955017089844
0.000389099121093751 0.122589111328125 -0.0435676574707031 -0.00296020507812499
-0.0920028686523437 0.108245849609375 -0.0222625732421875 0.0550537109375
-0.137702941894531 0.0580062866210937 -0.107070922851563 0.116950988769531
-0.0832977294921875 -0.065948486328125 -0.04736328125 0.174072265625
-0.103561401367188 -0.01727294921875 -0.0492401123046875 0.20355224609375
-0.0822296142578125 0.0317459106445313 0.031982421875 0.141326904296875
-0.031005859375 0.0826950073242188 0.0478363037109375 0.0712432861328125
0.0343017578125 0.0733489990234375 0.0193729400634766 0.018951416015625
0.0897598266601562 0.0221176147460937 -0.0112838745117187 0.0177803039550781
0.0865249633789063 -0.0286331176757813 -0.0272064208984375 0.0597724914550781
0.0738067626953125 -0.0340652465820313 -0.026123046875 0.089447021484375
0.0825042724609375 -0.0426788330078125 -0.03265380859375 0.108047485351562
0.099151611328125 -0.0280609130859375 -0.0562973022460938 0.098297119140625
0.0966720581054688 0.0237579345703125 -0.079254150390625 0.0729904174804687
0.07220458984375 0.0738525390625 -0.0757369995117188 0.0291061401367187
-0.0221176147460937 0.106163024902344 -0.0528335571289063 -0.00159835815429686
-0.10699462890625 0.0690231323242188 -0.0463333129882813 0.0651359558105469
-0.135047912597656 -0.00189208984374999 -0.150314331054688 0.1153564453125
0.0770416259765625 0.05902099609375 0.148849487304688 -0.119140625
0.0982208251953125 -0.0396804809570313 0.0700302124023438 -0.05535888671875
0.0195236206054687 -0.0829620361328125 0.0635108947753906 0.00336837768554687
-0.0401649475097656 -0.0622482299804687 0.109603881835938 -0.0209884643554688
-0.0603218078613281 -0.0246429443359375 0.111419677734375 -0.0799179077148438
-0.0740509033203125 0.020111083984375 0.0762481689453125 -0.123634338378906
-0.0541305541992188 0.0242233276367188 0.0423812866210937 -0.13970947265625
-0.0490684509277344 0.0128288269042969 0.0318603515625 -0.112030029296875
-0.0693893432617188 0.00088500976562499 0.037078857421875 -0.0782546997070313
-0.0502166748046875 -0.0435562133789062 0.0334854125976562 -0.0398139953613281
0.000831604003906257 -0.0703353881835938 -0.00514984130859375 -0.0158910751342773
0.0507125854492187 -0.0508041381835937 -0.0327911376953125 -0.0475044250488281
0.091339111328125 0.018310546875 -0.0213470458984375 -0.1346435546875
0.0857391357421875 0.0850143432617188 0.031158447265625 -0.191238403320313
0.0413589477539063 0.113059997558594 0.0554962158203125 -0.147903442382813
0.0300750732421875 0.114692687988281 0.175735473632813 -0.084381103515625
0.0875244140625 0.0312728881835938 0.0925369262695313 -0.026824951171875
0.0402793884277344 -0.031036376953125 0.0840988159179688 0.0180435180664062
0.00751876831054688 -0.0366325378417969 0.133888244628906 -0.0089111328125
-0.0124988555908203 -0.0282821655273438 0.135673522949219 -0.07550048828125
-0.0357017517089844 -0.0143013000488281 0.0979843139648437 -0.132926940917969
-0.0265026092529297 -0.0193557739257813 0.059234619140625 -0.147842407226563
-0.018585205078125 -0.0227985382080078 0.04339599609375 -0.116935729980469
-0.0312042236328125 -0.0375099182128906 0.0513381958007812 -0.0770645141601562
-0.000888824462890622 -0.060577392578125 0.0459175109863281 -0.0324020385742188
0.0502281188964844 -0.0559234619140625 0.00277018547058106 0.000732183456420895
0.0826263427734375 -0.016387939453125 -0.0357246398925781 -0.0221405029296875
0.0873641967773437 0.0681915283203125 -0.0396347045898438 -0.106483459472656
0.052947998046875 0.138557434082031 0.0127410888671875 -0.154495239257813
-1.52587890625176E-05 0.158798217773437 0.047821044921875 -0.102119445800781
-0.0280609130859375 0.155075073242188 0.180313110351563 -0.029144287109375
0.0513916015625 0.104209899902344 0.106178283691406 0.0219039916992188
0.0511894226074219 0.0408706665039063 0.100799560546875 0.0460205078125
0.0558929443359375 0.00534439086914063 0.15423583984375 0.0132904052734375
0.0439453125 -0.0206871032714844 0.149139404296875 -0.060333251953125
0.0175895690917969 -0.0450248718261719 0.1085205078125 -0.126953125
0.00928497314453126 -0.05828857421875 0.0691452026367187 -0.137123107910156
0.0166549682617187 -0.0584297180175781 0.0483627319335937 -0.103172302246094
0.0119895935058594 -0.0689010620117188 0.0547409057617188 -0.0603904724121094
0.0417098999023437 -0.07440185546875 0.0472679138183594 -0.0168228149414063
0.0860366821289063 -0.0443496704101563 0.00382804870605469 0.0168342590332031
0.106880187988281 0.0088348388671875 -0.0362091064453125 0.00186538696289063
0.0834503173828125 0.100227355957031 -0.0550537109375 -0.0741424560546875
0.0307159423828125 0.169845581054688 -0.00152587890624999 -0.105445861816406
-0.0352935791015625 0.185714721679688 0.0288505554199219 -0.0482177734375
-0.091796875 0.165283203125 0.160430908203125 0.0438995361328125
-0.00657653808593749 0.1591796875 0.100074768066406 0.0845870971679688
0.0412139892578125 0.108024597167969 0.106658935546875 0.081298828125
0.0950241088867188 0.06121826171875 0.1590576171875 0.041900634765625
0.096038818359375 -0.00144195556640625 0.149978637695313 -0.038665771484375
0.0718612670898438 -0.0620040893554688 0.108741760253906 -0.105033874511719
0.0436325073242188 -0.0901336669921875 0.0665740966796875 -0.103225708007812
0.047454833984375 -0.0823135375976563 0.047698974609375 -0.0725555419921875
0.0490188598632812 -0.0921249389648438 0.0468215942382812 -0.0313682556152344
0.0783157348632813 -0.0848312377929688 0.0405845642089844 0.00413513183593749
0.110252380371094 -0.0352783203125 -0.00185203552246093 0.0320281982421875
0.120048522949219 0.025634765625 -0.0342578887939453 0.0203914642333984
0.0779266357421875 0.113258361816406 -0.0584716796875 -0.0445594787597656
0.00946044921875001 0.17779541015625 -0.00458526611328125 -0.0564804077148437
-0.06536865234375 0.189437866210938 0.00201320648193359 0.0115900039672852
-0.1357421875 0.143356323242188 0.113517761230469 0.109405517578125
-0.064422607421875 0.172515869140625 0.069610595703125 0.150039672851563
0.0115814208984375 0.152496337890625 0.0953903198242188 0.121192932128906
0.101188659667969 0.110794067382813 0.14276123046875 0.06707763671875
0.126495361328125 0.027862548828125 0.127372741699219 -0.0106124877929687
0.115890502929688 -0.0661163330078125 0.093048095703125 -0.0689468383789063
0.0749130249023438 -0.104804992675781 0.054901123046875 -0.0597267150878906
0.071441650390625 -0.0938949584960938 0.0337886810302734 -0.0292129516601563
0.0749053955078125 -0.104667663574219 0.0319137573242188 0.00407981872558593
0.103736877441406 -0.0868377685546875 0.0256748199462891 0.0286960601806641
0.126518249511719 -0.0252761840820313 -0.0119247436523438 0.0475616455078125
0.12615966796875 0.0376815795898437 -0.0388450622558594 0.0311622619628906
0.0625762939453125 0.125213623046875 -0.04901123046875 -0.0233268737792969
-0.018646240234375 0.1727294921875 -0.00270843505859375 -0.00921249389648437
-0.092681884765625 0.171539306640625 -0.0262870788574219 0.064239501953125
-0.157318115234375 0.089691162109375 0.056854248046875 0.164108276367188
-0.113510131835938 0.145538330078125 0.0282440185546875 0.194381713867187
-0.0333709716796875 0.157089233398438 0.0744171142578125 0.1424560546875
0.0740203857421875 0.137603759765625 0.11016845703125 0.0855484008789063
0.123420715332031 0.0571823120117188 0.0905990600585938 0.0123825073242188
0.134063720703125 -0.0478591918945313 0.061981201171875 -0.0324516296386719
0.0951919555664063 -0.100883483886719 0.0326671600341797 -0.0103302001953125
0.0829086303710938 -0.09222412109375 0.0175361633300781 0.0161838531494141
0.091552734375 -0.106529235839844 0.0159988403320313 0.0444488525390625
0.116668701171875 -0.0824737548828125 0.00109481811523438 0.0559158325195312
0.133171081542969 -0.0130386352539063 -0.0301856994628906 0.0599403381347656
0.122970581054687 0.0559616088867188 -0.0454368591308594 0.0354118347167969
0.03875732421875 0.1300048828125 -0.0421104431152344 -0.0100631713867187
-0.05206298828125 0.154708862304688 0.000825881958007811 0.0298938751220703
-0.118492126464844 0.132431030273438 -0.059051513671875 0.10467529296875
-0.135047912597656 0.0199508666992188 0.00444030761718751 0.187530517578125
-0.124198913574219 0.079315185546875 -0.0104522705078125 0.217971801757812
-0.0665359497070313 0.115219116210938 0.0513916015625 0.147903442382812
0.0310134887695313 0.128959655761719 0.0752944946289063 0.0853118896484375
0.0960540771484375 0.0729904174804688 0.0504112243652344 0.0227394104003906
0.127189636230469 -0.0211944580078125 0.0241165161132813 0.00224685668945312
0.0986328125 -0.0743789672851563 0.00421333312988282 0.0338478088378906
0.081939697265625 -0.075225830078125 -0.000980377197265619 0.0615615844726562
0.0918502807617187 -0.0892486572265625 -0.00494384765625 0.0814285278320313
0.113685607910156 -0.0684127807617188 -0.0264434814453125 0.0826339721679687
0.126113891601562 -0.0030975341796875 -0.0535163879394531 0.0694923400878906
0.108482360839844 0.0643768310546875 -0.0585479736328125 0.0316123962402344
0.0152969360351562 0.129783630371094 -0.0433425903320313 -0.00352096557617187
-0.0818634033203125 0.1292724609375 -0.0133438110351563 0.0571136474609375
-0.135719299316406 0.0799636840820313 -0.0986099243164063 0.130508422851563
-0.097503662109375 -0.0538406372070312 -0.03375244140625 0.183349609375
-0.110824584960937 -0.00292205810546875 -0.0342254638671875 0.2122802734375
-0.0818099975585938 0.0501251220703125 0.040924072265625 0.138168334960938
-0.0180587768554688 0.09307861328125 0.0497894287109375 0.075164794921875
0.0479202270507812 0.072235107421875 0.0182018280029297 0.0185146331787109
0.0975341796875 0.00982666015625 -0.0143642425537109 0.0237617492675781
0.0840835571289063 -0.041534423828125 -0.0234146118164063 0.06719970703125
0.0696487426757813 -0.0454330444335937 -0.0194625854492187 0.09503173828125
0.0802078247070313 -0.058868408203125 -0.0231552124023437 0.115921020507813
0.09918212890625 -0.0439682006835937 -0.0541915893554688 0.107551574707031
0.10516357421875 0.00923919677734375 -0.0770950317382813 0.0800399780273438
0.0836334228515625 0.0686721801757813 -0.0774002075195313 0.033721923828125
-0.0107269287109375 0.1146240234375 -0.052642822265625 0.000850677490234378
-0.101768493652344 0.0878448486328125 -0.0382308959960938 0.0708694458007813
-0.139366149902344 0.0165328979492188 -0.14227294921875 0.134841918945313
0.0828704833984375 0.0497970581054687 0.137763977050781 -0.134040832519531
0.091827392578125 -0.0505828857421875 0.0612220764160156 -0.0603141784667969
0.00778961181640624 -0.0831680297851563 0.06219482421875 0.000793457031249995
-0.0475616455078125 -0.0563735961914062 0.108078002929687 -0.0271224975585938
-0.0636672973632813 -0.01416015625 0.107872009277344 -0.0875930786132813
-0.0694770812988281 0.0302352905273438 0.0682601928710938 -0.1329345703125
-0.0493354797363281 0.0303688049316406 0.029541015625 -0.14599609375
-0.0470809936523437 0.0195503234863281 0.0209732055664062 -0.11859130859375
-0.0666427612304688 0.01141357421875 0.0292282104492187 -0.0856094360351562
-0.0550346374511719 -0.0338478088378906 0.0307426452636719 -0.0487709045410156
-0.00880050659179687 -0.0682601928710938 -0.0035858154296875 -0.0199203491210938
0.0419807434082031 -0.055999755859375 -0.0322456359863281 -0.0477333068847656
0.09197998046875 0.0051116943359375 -0.027587890625 -0.132102966308594
0.0960464477539063 0.0712661743164063 0.0179290771484375 -0.190628051757813
0.0546722412109375 0.105216979980469 0.047576904296875 -0.155502319335938
0.0396728515625 0.111419677734375 0.166275024414062 -0.101959228515625
0.0854644775390625 0.0227813720703125 0.0846481323242188 -0.0377120971679688
0.0352706909179688 -0.0311660766601562 0.08160400390625 0.0137252807617187
0.00309371948242187 -0.03363037109375 0.133918762207031 -0.0169525146484375
-0.0145378112792969 -0.0223731994628906 0.130271911621094 -0.08563232421875
-0.0316410064697266 -0.00795745849609375 0.086700439453125 -0.143600463867188
-0.0245037078857422 -0.0156955718994141 0.0443878173828125 -0.15557861328125
-0.0188446044921875 -0.0218162536621094 0.0317840576171875 -0.124214172363281
-0.0301685333251953 -0.0315456390380859 0.0407028198242187 -0.0855331420898438
-0.00695037841796875 -0.0560989379882813 0.0433158874511719 -0.0442581176757813
0.0418586730957031 -0.058868408203125 0.00520896911621094 -0.00711631774902344
0.0795974731445313 -0.0238037109375 -0.0302886962890625 -0.0247478485107422
0.0912704467773438 0.0586318969726563 -0.0431900024414062 -0.103858947753906
0.0674057006835938 0.129989624023437 0.0037689208984375 -0.155624389648438
0.016448974609375 0.157943725585938 0.041412353515625 -0.11114501953125
-0.0169830322265625 0.15765380859375 0.177444458007812 -0.0471954345703125
0.057342529296875 0.09912109375 0.101730346679687 0.00781250000000001
0.0528373718261719 0.0380401611328125 0.09912109375 0.0388717651367188
0.0574493408203125 0.00319671630859375 0.154312133789063 0.0003204345703125
0.0423240661621094 -0.0225181579589844 0.144622802734375 -0.07366943359375
0.0160369873046875 -0.0448760986328125 0.09808349609375 -0.138130187988281
0.00545883178710938 -0.0609550476074219 0.054595947265625 -0.145034790039063
0.0113677978515625 -0.0598869323730469 0.035980224609375 -0.110038757324219
0.00743865966796876 -0.0707015991210937 0.0436820983886719 -0.0701065063476563
0.0371322631835938 -0.07635498046875 0.0444259643554688 -0.0298423767089844
0.0814437866210938 -0.0521926879882813 0.00519561767578126 0.00865554809570312
0.107475280761719 -0.00244140625 -0.0302352905273437 -0.001678466796875
0.0920486450195312 0.0917816162109375 -0.055877685546875 -0.07208251953125
0.04644775390625 0.166488647460938 -0.00645446777343749 -0.108497619628906
-0.0168914794921875 0.188262939453125 0.0272331237792969 -0.0555839538574219
-0.0785369873046875 0.177490234375 0.16351318359375 0.02386474609375
0.00640869140625001 0.162445068359375 0.102287292480469 0.0711212158203125
0.0521621704101562 0.110198974609375 0.108299255371094 0.0729522705078125
0.100685119628906 0.054473876953125 0.160552978515625 0.0284423828125
0.098419189453125 -0.00971221923828125 0.144363403320313 -0.0496673583984375
0.0680999755859375 -0.0704421997070313 0.098297119140625 -0.116287231445313
0.0382537841796875 -0.0967178344726562 0.0570831298828125 -0.113838195800781
0.0412445068359375 -0.0886993408203125 0.0353317260742188 -0.0784759521484375
0.0408096313476563 -0.100753784179688 0.0389556884765625 -0.0407981872558594
0.0709152221679688 -0.0919265747070313 0.036407470703125 -0.0068817138671875
0.110321044921875 -0.0449447631835937 0.000722885131835945 0.0253448486328125
0.125892639160156 0.0135574340820313 -0.0301952362060547 0.0156784057617188
0.087432861328125 0.111503601074219 -0.0563201904296875 -0.0430107116699219
0.025543212890625 0.181549072265625 -0.00718307495117188 -0.0587310791015625
-0.0473480224609375 0.196792602539062 0.00839185714721679 0.00450468063354493
-0.128707885742187 0.16082763671875 0.124893188476562 0.09722900390625
-0.0514678955078125 0.186050415039062 0.0803146362304688 0.138259887695313
0.024383544921875 0.160308837890625 0.100532531738281 0.110572814941406
0.114601135253906 0.104728698730469 0.145751953125 0.0569000244140625
0.132781982421875 0.0177383422851563 0.124900817871094 -0.018707275390625
0.110649108886719 -0.0771484375 0.083404541015625 -0.0772247314453125
0.0665817260742188 -0.113990783691406 0.0479507446289063 -0.0671463012695313
0.0620193481445313 -0.103569030761719 0.02789306640625 -0.0344638824462891
0.0672225952148438 -0.116287231445313 0.0289249420166016 -0.00214195251464844
0.0963668823242188 -0.099822998046875 0.021514892578125 0.0205535888671875
0.128753662109375 -0.0377578735351563 -0.0107383728027344 0.0415496826171875
0.13360595703125 0.0276260375976563 -0.0325698852539063 0.0254955291748047
0.0759506225585938 0.122245788574219 -0.0499114990234375 -0.0225296020507812
-0.00216674804687499 0.17974853515625 6.19888305664063E-05 -0.013066291809082
-0.0767059326171875 0.181900024414063 -0.0151748657226563 0.0604248046875
-0.148422241210938 0.108596801757812 0.07196044921875 0.156295776367187
-0.0994415283203125 0.1612548828125 0.042266845703125 0.189865112304688
-0.01824951171875 0.166290283203125 0.0814437866210937 0.135673522949219
0.0919570922851563 0.135246276855469 0.115013122558594 0.0764541625976563
0.135047912597656 0.0449066162109375 0.0896224975585938 0.0073394775390625
0.132171630859375 -0.0641708374023438 0.0554695129394531 -0.0364646911621094
0.0861587524414062 -0.110939025878906 0.0297946929931641 -0.0142078399658203
0.0758743286132813 -0.101799011230469 0.0169448852539063 0.0150089263916016
0.0806732177734375 -0.116104125976562 0.0150375366210938 0.0411300659179687
0.108673095703125 -0.096221923828125 -0.000164031982421867 0.0518836975097656
0.134849548339844 -0.0288467407226563 -0.0273895263671875 0.0570259094238281
0.1312255859375 0.0419845581054687 -0.0413818359375 0.0302276611328125
0.0533981323242188 0.130622863769531 -0.04254150390625 -0.0113754272460937
-0.035919189453125 0.167831420898438 0.00328636169433593 0.0261554718017578
-0.1060791015625 0.148361206054688 -0.0455856323242187 0.105888366699219
-0.139251708984375 0.0378875732421875 0.0197906494140625 0.187667846679688
-0.120590209960938 0.0963821411132812 0.00494384765624998 0.216079711914063
-0.0559158325195313 0.12725830078125 0.059051513671875 0.144134521484375
0.0449142456054688 0.130416870117188 0.0787200927734375 0.0811004638671875
0.106475830078125 0.0631942749023437 0.0501365661621094 0.0215225219726563
0.126617431640625 -0.036376953125 0.0208244323730469 0.00207901000976562
0.0904083251953125 -0.0898666381835937 0.00775718688964845 0.0339488983154297
0.0754241943359375 -0.0852508544921875 0.00292587280273438 0.0615348815917969
0.0829238891601563 -0.100860595703125 -0.0011749267578125 0.0826339721679688
0.10760498046875 -0.081634521484375 -0.0234909057617188 0.0821685791015625
0.126976013183594 -0.0149459838867188 -0.0488052368164063 0.0709457397460938
0.119384765625 0.0508804321289063 -0.0559539794921875 0.0342979431152344
0.0294113159179687 0.130332946777344 -0.042572021484375 -0.00539398193359375
-0.0680999755859375 0.141891479492188 -0.00638961791992187 0.0540847778320313
-0.128089904785156 0.0986557006835937 -0.0843887329101563 0.137367248535156
-0.107635498046875 -0.0415420532226562 -0.0194549560546875 0.188323974609375
-0.112983703613281 0.0156631469726563 -0.017791748046875 0.212265014648438
-0.0778350830078125 0.061004638671875 0.0472869873046875 0.133018493652344
-0.005462646484375 0.0974807739257812 0.0527992248535156 0.070068359375
0.05908203125 0.0654945373535156 0.0167255401611328 0.0240154266357422
0.096954345703125 -0.00576019287109375 -0.0113792419433594 0.0284023284912109
0.0787124633789062 -0.0533447265625 -0.0163040161132812 0.0709686279296875
0.0650901794433594 -0.055450439453125 -0.0105743408203125 0.0987091064453125
0.0729751586914063 -0.0708236694335938 -0.0158538818359375 0.117927551269531
0.0926055908203125 -0.0569992065429687 -0.0476608276367187 0.109771728515625
0.105926513671875 -0.00229644775390625 -0.0729904174804688 0.0853347778320313
0.093231201171875 0.0549850463867188 -0.0749359130859375 0.035400390625
0.00466156005859376 0.115913391113281 -0.0526771545410156 -0.001007080078125
-0.0909881591796875 0.1002197265625 -0.027496337890625 0.0712738037109375
-0.136199951171875 0.0356826782226563 -0.12811279296875 0.146713256835938
0.0844802856445313 0.0420761108398438 0.128082275390625 -0.140853881835938
0.0848236083984375 -0.0561065673828125 0.0521011352539063 -0.0623016357421875
0.0012054443359375 -0.081451416015625 0.0592803955078125 0.00057601928710937
-0.0518264770507813 -0.049957275390625 0.106903076171875 -0.029205322265625
-0.0635032653808594 -0.00822830200195313 0.104354858398438 -0.0919342041015625
-0.0639152526855469 0.0367698669433594 0.0634689331054688 -0.136688232421875
-0.0443000793457031 0.0340042114257812 0.0211639404296875 -0.147567749023438
-0.0428504943847656 0.0227813720703125 0.0125961303710937 -0.120269775390625
-0.0622138977050781 0.018218994140625 0.0212020874023438 -0.0888595581054688
-0.0554008483886719 -0.0264549255371094 0.0262374877929688 -0.0557594299316406
-0.0159225463867187 -0.0650558471679688 -0.00222396850585938 -0.0260200500488281
0.0347747802734375 -0.058258056640625 -0.0293846130371094 -0.0495262145996094
0.0901412963867188 -0.0032958984375 -0.028839111328125 -0.127952575683594
0.0990219116210938 0.058685302734375 0.0111846923828125 -0.188674926757813
0.0626678466796875 0.095916748046875 0.039276123046875 -0.16021728515625
0.0446319580078125 0.106483459472656 0.156845092773437 -0.1129150390625
0.0826492309570312 0.0169219970703125 0.0771102905273438 -0.0422210693359375
0.0306606292724609 -0.029876708984375 0.0785675048828125 0.0124435424804688
0.000177383422851565 -0.0309123992919922 0.131103515625 -0.021026611328125
-0.0150928497314453 -0.0194740295410156 0.1258544921875 -0.0916748046875
-0.0287952423095703 -0.00417327880859374 0.0790557861328125 -0.148239135742188
-0.0229110717773438 -0.0140743255615234 0.0330657958984375 -0.158782958984375
-0.0181560516357422 -0.0203113555908203 0.0212631225585938 -0.126716613769531
-0.0295753479003906 -0.027587890625 0.0314483642578125 -0.0909576416015625
-0.009033203125 -0.0526390075683594 0.0384979248046875 -0.0517997741699219
0.0357284545898438 -0.0589752197265625 0.00586700439453125 -0.0141515731811523
0.0753555297851563 -0.0278244018554688 -0.0266494750976563 -0.0278644561767578
0.0926666259765625 0.0511245727539063 -0.0431594848632812 -0.100875854492188
0.0746612548828125 0.121429443359375 -0.00126647949218748 -0.154281616210937
0.0265350341796875 0.151824951171875 0.0384979248046875 -0.117813110351562
-0.00970458984375001 0.1578369140625 0.171173095703125 -0.0598907470703125
0.0591964721679687 0.0956268310546875 0.0961761474609375 -0.000251770019531244
0.0534858703613281 0.0382575988769531 0.096588134765625 0.0355453491210938
0.0579795837402344 0.0026092529296875 0.151229858398437 -0.0052947998046875
0.0424270629882813 -0.0228958129882812 0.139060974121094 -0.0799484252929688
0.0159416198730469 -0.0439567565917969 0.0891571044921875 -0.14239501953125
0.003662109375 -0.0609283447265625 0.0430450439453125 -0.149017333984375
0.009063720703125 -0.0609474182128906 0.0264511108398438 -0.113876342773438
0.00476455688476562 -0.070037841796875 0.034698486328125 -0.0754852294921875
0.0326690673828125 -0.0768890380859375 0.0397109985351562 -0.037872314453125
0.0782928466796875 -0.0549850463867188 0.00633907318115235 0.00107574462890625
0.106285095214844 -0.00772857666015625 -0.0270576477050781 -0.00713157653808594
0.095703125 0.0858230590820313 -0.0538787841796875 -0.0703506469726562
0.0562744140625 0.16162109375 -0.00990295410156249 -0.109298706054687
-0.004974365234375 0.187362670898438 0.0274276733398438 -0.0624771118164062
-0.0691375732421875 0.182327270507813 0.161788940429688 0.00979614257812501
0.0153656005859375 0.161605834960938 0.0997238159179688 0.06060791015625
0.0560531616210938 0.110313415527344 0.105926513671875 0.0685882568359375
0.104652404785156 0.0498275756835938 0.157821655273438 0.02154541015625
0.0992507934570312 -0.0140151977539062 0.139533996582031 -0.0562973022460938
0.06463623046875 -0.073028564453125 0.0887298583984375 -0.119400024414063
0.0334930419921875 -0.0986709594726562 0.0467376708984375 -0.117988586425781
0.036102294921875 -0.09228515625 0.0270614624023438 -0.0818023681640625
0.0357437133789063 -0.103591918945312 0.0312347412109375 -0.0458488464355469
0.0662155151367188 -0.0966873168945313 0.0317668914794922 -0.0147361755371094
0.107978820800781 -0.0523681640625 0.000545501708984381 0.0184230804443359
0.127365112304688 0.00540924072265625 -0.0274562835693359 0.0095672607421875
0.0942459106445313 0.106864929199219 -0.0550155639648438 -0.0429458618164062
0.03692626953125 0.180877685546875 -0.00707244873046875 -0.0613288879394531
-0.0342559814453125 0.19866943359375 0.0114536285400391 -0.00159168243408202
-0.1182861328125 0.169692993164063 0.128547668457031 0.0849380493164063
-0.0402374267578125 0.189590454101562 0.0823440551757813 0.127143859863281
0.0331878662109375 0.161956787109375 0.0996551513671875 0.103652954101563
0.122383117675781 0.0980377197265625 0.14520263671875 0.0504913330078125
0.136245727539062 0.00830841064453125 0.120330810546875 -0.0241622924804688
0.105506896972656 -0.0836410522460938 0.0758438110351563 -0.0815277099609375
0.0595626831054687 -0.119728088378906 0.0413665771484375 -0.0706405639648438
0.05633544921875 -0.109161376953125 0.0233116149902344 -0.0371437072753906
0.0587387084960937 -0.122123718261719 0.0239009857177734 -0.00614929199218751
0.0888137817382813 -0.107315063476563 0.0181236267089844 0.0149574279785156
0.1265869140625 -0.047515869140625 -0.0115890502929687 0.0356712341308594
0.137359619140625 0.018951416015625 -0.0322837829589844 0.0205268859863281
0.0833053588867188 0.119667053222656 -0.0484580993652344 -0.0240211486816406
0.010498046875 0.183425903320313 0.00137901306152344 -0.0165958404541016
-0.064910888671875 0.187713623046875 -0.00865173339843751 0.0565147399902344
-0.142791748046875 0.122543334960937 0.0792694091796875 0.146408081054688
-0.088623046875 0.1688232421875 0.0482025146484375 0.180770874023438
-0.00794982910156251 0.17193603515625 0.0815658569335937 0.129875183105469
0.10260009765625 0.129226684570313 0.115142822265625 0.0708541870117188
0.13922119140625 0.0355377197265625 0.0868072509765625 0.0040130615234375
0.127540588378906 -0.0738067626953125 0.0498695373535156 -0.0374832153320313
0.0767745971679688 -0.117637634277344 0.0273056030273438 -0.0162067413330078
0.0682373046875 -0.108924865722656 0.015559196472168 0.0128059387207031
0.0724334716796875 -0.124114990234375 0.0124969482421875 0.0382118225097656
0.100181579589844 -0.105323791503906 -0.000488281249999994 0.04852294921875
0.133316040039063 -0.0385971069335938 -0.0283737182617187 0.0537872314453125
0.135429382324219 0.0316162109375 -0.0410003662109375 0.0277938842773437
0.0633544921875 0.128494262695313 -0.0419883728027344 -0.0131874084472656
-0.0233306884765625 0.172409057617188 0.00609588623046875 0.0209255218505859
-0.095611572265625 0.155670166015625 -0.036651611328125 0.104232788085938
-0.138885498046875 0.0500259399414063 0.0287017822265625 0.182052612304688
-0.113655090332031 0.107315063476562 0.013671875 0.20947265625
-0.048004150390625 0.135368347167969 0.06048583984375 0.137451171875
0.0581893920898438 0.128089904785156 0.0788803100585937 0.0772171020507813
0.1123046875 0.0539398193359375 0.0479660034179688 0.0219879150390625
0.122367858886719 -0.04736328125 0.0190563201904297 0.00284385681152343
0.0811691284179688 -0.0970993041992188 0.00874900817871094 0.0340843200683594
0.0689163208007813 -0.0921554565429688 0.00589370727539063 0.06048583984375
0.0737762451171875 -0.108940124511719 0.00128173828125 0.08087158203125
0.099945068359375 -0.0916748046875 -0.0219802856445313 0.0811386108398438
0.126541137695313 -0.0265350341796875 -0.0491485595703125 0.0706253051757813
0.123214721679688 0.0425033569335938 -0.0553817749023437 0.0323829650878906
0.0392913818359375 0.128105163574219 -0.0420913696289062 -0.006195068359375
-0.056304931640625 0.148406982421875 -0.00145339965820312 0.0495948791503906
-0.119926452636719 0.108482360839844 -0.0749664306640625 0.137733459472656
-0.109725952148438 -0.0297927856445313 -0.00920104980468753 0.188446044921875
-0.111053466796875 0.0265579223632812 -0.00749206542968752 0.20867919921875
-0.0726089477539062 0.0702590942382813 0.0474472045898437 0.128822326660156
0.00498199462890625 0.0974273681640625 0.0507736206054688 0.0680122375488281
0.0653038024902344 0.0593032836914063 0.0157623291015625 0.0259971618652344
0.0950546264648438 -0.0159988403320313 -0.00962638854980468 0.0325260162353516
0.0716552734375 -0.0612030029296875 -0.00997161865234375 0.0732040405273438
0.0593338012695313 -0.0620498657226563 -0.00414276123046875 0.099578857421875
0.0649337768554688 -0.0769577026367188 -0.0115280151367187 0.117538452148438
0.0858383178710938 -0.0656967163085938 -0.0439453125 0.110809326171875
0.105072021484375 -0.0118026733398437 -0.0712814331054688 0.0859832763671875
0.0974960327148438 0.046875 -0.073272705078125 0.0355758666992188
0.0127792358398438 0.114288330078125 -0.0503921508789062 -0.00164413452148437
-0.0815048217773438 0.109054565429687 -0.01971435546875 0.0704574584960938
-0.129768371582031 0.0474700927734375 -0.117767333984375 0.152435302734375
0.0851974487304687 0.0370559692382812 0.123519897460937 -0.144744873046875
0.0790176391601563 -0.0589752197265625 0.04705810546875 -0.062591552734375
-0.00256347656250001 -0.079559326171875 0.0587692260742187 0.00277328491210937
-0.0538253784179688 -0.0461311340332031 0.107963562011719 -0.0286178588867188
-0.0637283325195313 -0.0044708251953125 0.104331970214844 -0.0953140258789063
-0.0599403381347656 0.0408248901367188 0.062347412109375 -0.141250610351562
-0.0410575866699219 0.0359611511230469 0.016845703125 -0.149490356445313
-0.0403099060058594 0.0243911743164062 0.00829315185546876 -0.122299194335938
-0.0580520629882813 0.0223617553710938 0.0171127319335937 -0.0916976928710938
-0.0556182861328125 -0.02130126953125 0.0230865478515625 -0.0610466003417969
-0.0199699401855469 -0.0625724792480469 -0.00149345397949219 -0.0308246612548828
0.0308647155761719 -0.059478759765625 -0.025909423828125 -0.0523567199707031
0.0884323120117188 -0.00879669189453125 -0.0267105102539062 -0.127525329589844
0.100341796875 0.0515365600585938 0.0098724365234375 -0.188812255859375
0.06640625 0.0906753540039063 0.037567138671875 -0.164794921875
0.0467376708984375 0.105155944824219 0.152725219726563 -0.118179321289062
0.0799331665039063 0.0147552490234375 0.0720672607421875 -0.04400634765625
0.0288677215576172 -0.0278415679931641 0.07672119140625 0.01348876953125
-0.000272750854492187 -0.0280914306640625 0.131332397460938 -0.0224609375
-0.0150747299194336 -0.0171680450439453 0.124237060546875 -0.0943603515625
-0.0259742736816406 -0.0013427734375 0.0765838623046875 -0.151443481445313
-0.0212249755859375 -0.0135593414306641 0.027740478515625 -0.161392211914062
-0.0170841217041016 -0.0202865600585937 0.0149993896484375 -0.128959655761719
-0.0273895263671875 -0.0255069732666016 0.0261764526367188 -0.0945053100585938
-0.00905990600585938 -0.0500946044921875 0.0343780517578125 -0.0583724975585938
0.0329627990722656 -0.0583648681640625 0.00634384155273438 -0.0208110809326172
0.0725631713867188 -0.0290756225585938 -0.0228748321533203 -0.0327186584472656
0.0928421020507813 0.0468215942382813 -0.0403900146484375 -0.100601196289062
0.0778274536132813 0.116264343261719 -0.0014495849609375 -0.155532836914063
0.031890869140625 0.148727416992188 0.0380020141601563 -0.123222351074219
-0.00575256347656249 0.159713745117188 0.167999267578125 -0.0670928955078125
0.0604171752929688 0.0951919555664063 0.090850830078125 -0.00392913818359374
0.0536537170410156 0.0408973693847656 0.0940933227539063 0.03558349609375
0.0587272644042969 0.00334930419921875 0.150543212890625 -0.00665283203125
0.043792724609375 -0.0230751037597656 0.137664794921875 -0.0830307006835938
0.0173377990722656 -0.0435752868652344 0.08551025390625 -0.145736694335938
0.0039520263671875 -0.062042236328125 0.037017822265625 -0.151824951171875
0.00905227661132812 -0.0625648498535156 0.01971435546875 -0.115882873535156
0.00466156005859375 -0.070343017578125 0.0280914306640625 -0.07940673828125
0.031707763671875 -0.0774002075195313 0.0349006652832031 -0.0445060729980469
0.0765380859375 -0.0567474365234375 0.00470447540283204 -0.00580835342407227
0.106468200683594 -0.0105361938476563 -0.0244941711425781 -0.0128650665283203
0.0975265502929688 0.084136962890625 -0.0509262084960937 -0.0716094970703125
0.060882568359375 0.15997314453125 -0.00939178466796875 -0.111709594726562
0.000656127929687489 0.18609619140625 0.028961181640625 -0.0682830810546875
-0.064483642578125 0.188339233398438 0.160781860351563 0.00216674804687501
0.0189208984375 0.162918090820313 0.0958099365234375 0.0556411743164063
0.0599365234375 0.113754272460938 0.103302001953125 0.0679931640625
0.10772705078125 0.0488128662109375 0.157669067382813 0.0196990966796875
0.100433349609375 -0.0171356201171875 0.137260437011719 -0.0580291748046875
0.0642547607421875 -0.0752487182617188 0.0845947265625 -0.121841430664062
0.0308609008789062 -0.101699829101563 0.0405654907226563 -0.120742797851563
0.033660888671875 -0.0954437255859375 0.0213546752929688 -0.083770751953125
0.0328903198242188 -0.106559753417969 0.0250015258789063 -0.0488357543945313
0.0637664794921875 -0.100227355957031 0.0273895263671875 -0.0202617645263672
0.108139038085938 -0.0564804077148437 -0.00154590606689452 0.0117778778076172
0.129722595214844 0.0016326904296875 -0.0265827178955078 0.00319671630859375
0.09814453125 0.105964660644531 -0.0521316528320312 -0.0457267761230469
0.0429229736328125 0.18121337890625 -0.00664138793945313 -0.0649986267089844
-0.0282440185546875 0.2010498046875 0.0139312744140625 -0.00705432891845702
-0.114883422851563 0.178466796875 0.129325866699219 0.0785903930664063
-0.03582763671875 0.19390869140625 0.081695556640625 0.121597290039063
0.03912353515625 0.167388916015625 0.0979690551757813 0.103492736816406
0.12774658203125 0.0960922241210938 0.144515991210938 0.04888916015625
0.138916015625 0.00370025634765625 0.118972778320313 -0.0254135131835938
0.104148864746094 -0.0878982543945312 0.0724334716796875 -0.0819778442382813
0.0563735961914062 -0.123031616210938 0.0364761352539063 -0.0726699829101563
0.0526885986328125 -0.114509582519531 0.0191764831542969 -0.038726806640625
0.0542449951171875 -0.126968383789063 0.0190372467041016 -0.00806808471679688
0.084991455078125 -0.113212585449219 0.013946533203125 0.0111246109008789
0.127792358398438 -0.0545883178710938 -0.01348876953125 0.0313701629638672
0.141067504882813 0.013641357421875 -0.0316677093505859 0.0154304504394531
0.088653564453125 0.121009826660156 -0.047027587890625 -0.0270309448242188
0.017242431640625 0.186431884765625 0.00288009643554688 -0.0211734771728516
-0.058746337890625 0.192459106445313 -0.00542449951171875 0.0519180297851563
-0.140945434570312 0.13165283203125 0.0811309814453125 0.141525268554688
-0.084259033203125 0.175262451171875 0.049896240234375 0.17669677734375
-0.00140380859375001 0.178985595703125 0.0789031982421875 0.128410339355469
0.110244750976563 0.127983093261719 0.113937377929688 0.0704498291015625
0.144210815429688 0.02978515625 0.0853042602539063 0.00507354736328125
0.12506103515625 -0.0786972045898438 0.0476417541503906 -0.0364990234375
0.0728378295898438 -0.123420715332031 0.0264415740966797 -0.0172500610351563
0.0633468627929688 -0.114761352539062 0.0138330459594727 0.0125255584716797
0.0667800903320313 -0.129295349121094 0.0100212097167969 0.0373916625976562
0.0966415405273438 -0.112907409667969 -0.00392913818359374 0.0459365844726563
0.134323120117188 -0.0467758178710938 -0.0296249389648438 0.0517730712890625
0.139976501464844 0.0257415771484375 -0.0417633056640625 0.0236892700195312
0.069580078125 0.129692077636719 -0.04150390625 -0.0161819458007813
-0.0160980224609375 0.177215576171875 0.0084686279296875 0.0161590576171875
-0.089996337890625 0.162811279296875 -0.0334320068359375 0.101722717285156
-0.138435363769531 0.0594329833984375 0.0319061279296875 0.180618286132813
-0.110366821289063 0.114616394042969 0.015472412109375 0.205795288085938
-0.0428009033203125 0.143203735351563 0.0597457885742188 0.13604736328125
0.0652389526367188 0.127548217773437 0.0783462524414063 0.0767745971679688
0.117080688476563 0.0489425659179688 0.0466499328613281 0.0234832763671875
0.121139526367188 -0.0541000366210938 0.0177974700927734 0.00514793395996093
0.0765762329101563 -0.102607727050781 0.00958442687988282 0.0345134735107422
0.0648193359375 -0.09765625 0.00725173950195313 0.0600929260253906
0.0686416625976562 -0.113906860351563 0.000595092773437501 0.0814056396484375
0.0954437255859375 -0.098358154296875 -0.0234375 0.0808486938476563
0.127456665039063 -0.0338973999023437 -0.0506668090820312 0.0703353881835938
0.127143859863281 0.0367507934570313 -0.0564346313476563 0.0296249389648437
0.0455093383789063 0.129226684570313 -0.042755126953125 -0.00871658325195311
-0.049530029296875 0.154434204101562 0.00263214111328124 0.0464248657226563
-0.114952087402344 0.1156005859375 -0.0699615478515625 0.13775634765625
-0.11285400390625 -0.0224380493164063 -0.00599670410156251 0.1884765625
-0.10980224609375 0.0347900390625 -0.00529479980468751 0.207748413085938
-0.0692901611328125 0.0776824951171875 0.0456008911132812 0.127189636230469
0.0124740600585938 0.098236083984375 0.0496063232421875 0.0684089660644531
0.070343017578125 0.0545120239257813 0.0145320892333984 0.0292110443115234
0.0938873291015625 -0.0221939086914063 -0.0089435577392578 0.0349712371826172
0.0674171447753906 -0.0662879943847656 -0.00659179687499999 0.0750579833984375
0.0559577941894531 -0.0672264099121094 -0.000709533691406244 0.0995407104492188
0.0598068237304687 -0.0825881958007813 -0.0105056762695312 0.119194030761719
0.0817947387695313 -0.071868896484375 -0.0434341430664063 0.112754821777344
0.105545043945312 -0.0190505981445312 -0.0724029541015625 0.0872955322265625
0.100608825683594 0.0421142578125 -0.0750198364257813 0.03448486328125
0.0182037353515625 0.1143798828125 -0.0498237609863281 -0.00430679321289061
-0.0756454467773438 0.113746643066406 -0.0149993896484375 0.0676956176757813
-0.1259765625 0.0540084838867187 -0.112823486328125 0.15478515625
0.0877456665039063 0.0340347290039063 0.12432861328125 -0.151290893554687
0.0769729614257813 -0.0621795654296875 0.043853759765625 -0.0630111694335938
-0.00563812255859376 -0.07977294921875 0.0598411560058594 0.00492477416992187
-0.0567703247070312 -0.0442237854003906 0.112220764160156 -0.0286788940429688
-0.065704345703125 -0.000984191894531244 0.107582092285156 -0.100288391113281
-0.0576362609863281 0.0452117919921875 0.062957763671875 -0.149734497070313
-0.039642333984375 0.0385856628417969 0.014495849609375 -0.156387329101562
-0.0399894714355469 0.02667236328125 0.00408935546875 -0.127616882324219
-0.05657958984375 0.026123046875 0.0134735107421875 -0.0970458984375
-0.0565032958984375 -0.0177497863769531 0.020843505859375 -0.0670585632324219
-0.0244560241699219 -0.0609588623046875 -0.00049209594726563 -0.0369148254394531
0.0283966064453125 -0.0608444213867188 -0.0233879089355469 -0.0574722290039063
0.0889816284179687 -0.0132980346679687 -0.0235824584960937 -0.131706237792969
0.103584289550781 0.0470352172851562 0.0108642578125 -0.195083618164063
0.070526123046875 0.0888290405273438 0.03863525390625 -0.1734619140625
0.049407958984375 0.106437683105469 0.154510498046875 -0.125656127929688
0.0802001953125 0.0142669677734375 0.069000244140625 -0.0452728271484375
0.0287876129150391 -0.0263385772705078 0.0779342651367188 0.0157394409179688
-0.000436782836914062 -0.0270576477050781 0.135787963867188 -0.022491455078125
-0.0146217346191406 -0.0151185989379883 0.127548217773438 -0.0997085571289062
-0.0231723785400391 0.000173568725585937 0.0770721435546875 -0.1593017578125
-0.0199947357177734 -0.0131340026855469 0.0235748291015625 -0.168075561523438
-0.0168037414550781 -0.0209331512451172 0.0102081298828125 -0.134750366210938
-0.0262622833251953 -0.0245704650878906 0.0209426879882813 -0.0998153686523438
-0.00922012329101563 -0.050201416015625 0.0314064025878906 -0.0663604736328125
0.0315208435058594 -0.0587387084960937 0.0060272216796875 -0.0271396636962891
0.0731353759765625 -0.030975341796875 -0.02099609375 -0.0385360717773438
0.0953445434570312 0.045928955078125 -0.0378494262695312 -0.104705810546875
0.0821075439453125 0.117256164550781 -0.000778198242187496 -0.161392211914062
0.0345306396484375 0.150741577148438 0.0395660400390625 -0.130882263183594
-0.00375366210937499 0.166534423828125 0.170806884765625 -0.074066162109375
0.0615463256835938 0.0980224609375 0.0882034301757813 -0.00565338134765624
0.0562705993652344 0.0448722839355469 0.0951385498046875 0.0383834838867187
0.0613746643066406 0.00418853759765625 0.154617309570313 -0.006591796875
0.0463829040527344 -0.0241470336914063 0.141082763671875 -0.0869903564453125
0.0199508666992188 -0.0441093444824219 0.0850830078125 -0.15216064453125
0.00416946411132812 -0.0648155212402344 0.03289794921875 -0.158187866210938
0.00854492187499999 -0.0662498474121094 0.0147705078125 -0.120712280273438
0.00521087646484374 -0.0733718872070313 0.0231781005859375 -0.0847625732421875
0.0325775146484375 -0.0800933837890625 0.0313148498535156 -0.0517921447753906
0.0775680541992188 -0.059783935546875 0.00388431549072266 -0.0119428634643555
0.109375 -0.01251220703125 -0.0237808227539062 -0.0191078186035156
0.102485656738281 0.0861129760742188 -0.0483169555664063 -0.07537841796875
0.06585693359375 0.163650512695313 -0.00842285156250001 -0.117202758789063
0.00431823730468749 0.191604614257812 0.0307846069335937 -0.0756149291992188
-0.06451416015625 0.197418212890625 0.16400146484375 -0.00267028808593749
0.02099609375 0.169509887695313 0.0945053100585938 0.0539398193359375
0.06451416015625 0.120567321777344 0.1036376953125 0.0717239379882813
0.114189147949219 0.0487213134765625 0.161270141601562 0.0200347900390625
0.105941772460938 -0.01898193359375 0.139381408691406 -0.060760498046875
0.06732177734375 -0.0785598754882813 0.0839462280273438 -0.125434875488281
0.0304794311523438 -0.106819152832031 0.0373077392578125 -0.126014709472656
0.0321731567382813 -0.101783752441406 0.0169601440429688 -0.0881576538085938
0.032135009765625 -0.111907958984375 0.0203895568847656 -0.0525436401367188
0.0639419555664063 -0.105674743652344 0.022796630859375 -0.0260791778564453
0.110740661621094 -0.0623931884765625 -0.00393199920654296 0.00670862197875976
0.134910583496094 -0.00067138671875 -0.0277309417724609 -0.00199508666992187
0.104476928710938 0.110435485839844 -0.0520286560058594 -0.0498313903808594
0.0491943359375 0.188674926757813 -0.00566101074218749 -0.0703048706054687
-0.0253143310546875 0.207870483398438 0.0166587829589844 -0.0127592086791992
-0.11553955078125 0.190399169921875 0.132209777832031 0.0757598876953125
-0.03265380859375 0.203277587890625 0.0802459716796875 0.12103271484375
0.0443878173828125 0.175857543945312 0.0974273681640625 0.1058349609375
0.135391235351563 0.097503662109375 0.147491455078125 0.04931640625
0.14581298828125 -0.000213623046875 0.121551513671875 -0.0259780883789062
0.1070556640625 -0.0935134887695313 0.0708465576171875 -0.083770751953125
0.054779052734375 -0.130340576171875 0.0344314575195313 -0.075775146484375
0.0512313842773438 -0.121269226074219 0.0167579650878906 -0.0410690307617188
0.0526351928710938 -0.134742736816406 0.0150146484375 -0.0092906951904297
0.0851516723632813 -0.120834350585938 0.00940322875976563 0.00796890258789062
0.131782531738281 -0.0614395141601563 -0.0167770385742187 0.0288753509521484
0.148300170898437 0.0103302001953125 -0.0336875915527344 0.0108127593994141
0.0963211059570313 0.125617980957031 -0.0474357604980469 -0.0305366516113281
0.02392578125 0.195449829101563 0.00392341613769532 -0.0256271362304687
-0.05621337890625 0.201263427734375 -0.00316238403320313 0.0487632751464844
-0.14404296875 0.143661499023437 0.084716796875 0.141891479492188
-0.0834197998046875 0.18603515625 0.0502166748046875 0.177093505859375
0.0027618408203125 0.189712524414063 0.07928466796875 0.131439208984375
0.119461059570313 0.130050659179688 0.116310119628906 0.0716934204101563
0.151885986328125 0.0257720947265625 0.0866622924804688 0.00562286376953125
0.127891540527344 -0.0854110717773438 0.0467491149902344 -0.03607177734375
0.0712203979492187 -0.130485534667969 0.0251274108886719 -0.018768310546875
0.0620193481445313 -0.122077941894531 0.0131015777587891 0.0116720199584961
0.0642852783203125 -0.138015747070312 0.00698089599609375 0.0387535095214844
0.09649658203125 -0.121467590332031 -0.00647735595703125 0.0458564758300781
0.138526916503906 -0.0542449951171875 -0.033721923828125 0.050567626953125
0.1470947265625 0.0218353271484375 -0.0451087951660156 0.0206794738769531
0.0778732299804688 0.135200500488281 -0.0437889099121094 -0.0192337036132812
-0.00968933105468751 0.186782836914063 0.00996017456054688 0.0132789611816406
-0.0888824462890625 0.172012329101563 -0.0310134887695313 0.102447509765625
-0.143218994140625 0.068511962890625 0.033416748046875 0.183929443359375
-0.111038208007812 0.124771118164063 0.0158538818359375 0.209274291992188
-0.0396270751953125 0.152801513671875 0.0584869384765625 0.13946533203125
0.073760986328125 0.130630493164063 0.0790023803710938 0.0792007446289063
0.124496459960938 0.0452804565429688 0.0474472045898438 0.0264244079589844
0.123069763183594 -0.0606842041015625 0.0176506042480469 0.00852584838867187
0.0745391845703125 -0.110206604003906 0.0109977722167969 0.035369873046875
0.0630035400390625 -0.104972839355469 0.00762939453125001 0.0621757507324219
0.0657958984375 -0.122230529785156 -0.000663757324218738 0.0842514038085937
0.0941848754882813 -0.106887817382813 -0.0257949829101562 0.0830535888671875
0.130867004394531 -0.041656494140625 -0.0543441772460938 0.0720291137695313
0.133399963378906 0.03216552734375 -0.059814453125 0.0279045104980469
0.0519332885742187 0.134132385253906 -0.0445785522460938 -0.0111656188964844
-0.0439910888671875 0.163101196289063 0.00530242919921875 0.0452499389648438
-0.114471435546875 0.1241455078125 -0.0689239501953125 0.141082763671875
-0.118499755859375 -0.0164794921875 -0.00469970703124999 0.194931030273437
-0.111503601074219 0.0413436889648437 -0.00552368164062499 0.212631225585937
-0.06793212890625 0.0842437744140625 0.04449462890625 0.130325317382813
0.0185317993164063 0.101547241210938 0.0487899780273437 0.07293701171875
0.07659912109375 0.0520172119140625 0.0148544311523438 0.03424072265625
0.0945205688476563 -0.0290374755859375 -0.00838088989257812 0.0403480529785156
0.06512451171875 -0.07147216796875 -0.00363922119140624 0.0772247314453125
0.0543746948242188 -0.0718917846679688 0.00182342529296876 0.103179931640625
0.0579757690429688 -0.088348388671875 -0.00902557373046876 0.123680114746094
0.0800552368164063 -0.0777435302734375 -0.0450820922851562 0.11676025390625
0.108451843261719 -0.0240936279296875 -0.0761795043945312 0.09002685546875
0.105903625488281 0.0386810302734375 -0.0790634155273438 0.034027099609375
0.0232086181640625 0.117507934570313 -0.0527305603027344 -0.00633239746093749
-0.0722122192382812 0.120872497558594 -0.0125236511230469 0.0673141479492188
-0.126419067382813 0.0605316162109375 -0.1131591796875 0.16015625
0.0927276611328125 0.0307998657226563 0.12628173828125 -0.163726806640625
0.076202392578125 -0.0684738159179688 0.0417747497558594 -0.0655021667480469
-0.00987243652343751 -0.082763671875 0.0625877380371094 0.00666046142578124
-0.0610733032226563 -0.0420913696289062 0.118949890136719 -0.03106689453125
-0.0686378479003906 0.00405502319335939 0.111358642578125 -0.109664916992187
-0.0563812255859375 0.0506515502929687 0.0624847412109375 -0.162887573242188
-0.03826904296875 0.0434074401855469 0.00929260253906249 -0.166427612304688
-0.0392990112304688 0.0304222106933594 -0.00185394287109375 -0.135673522949219
-0.0556068420410156 0.0313835144042969 0.00872039794921876 -0.10455322265625
-0.0587730407714844 -0.0131149291992188 0.0166549682617188 -0.0757675170898438
-0.029510498046875 -0.0602569580078125 -0.00125885009765625 -0.0437583923339844
0.0254287719726563 -0.0643806457519531 -0.0227432250976563 -0.0643272399902344
0.091552734375 -0.019012451171875 -0.0246353149414062 -0.138694763183594
0.109184265136719 0.042755126953125 0.00938415527343751 -0.206085205078125
0.077972412109375 0.087890625 0.0376739501953125 -0.1866455078125
0.0549545288085938 0.110221862792969 0.158493041992187 -0.13787841796875
0.0828399658203125 0.0133895874023438 0.0673370361328125 -0.0489349365234375
0.0292987823486328 -0.0262680053710938 0.08111572265625 0.0182113647460938
-0.000699996948242188 -0.0261859893798828 0.143035888671875 -0.0252227783203125
-0.0150461196899414 -0.0144863128662109 0.131889343261719 -0.109649658203125
-0.0214958190917969 0.001495361328125 0.07574462890625 -0.173049926757813
-0.0200557708740234 -0.0137538909912109 0.017578125 -0.179351806640625
-0.0176219940185547 -0.0218009948730469 0.0032501220703125 -0.142898559570312
-0.0256633758544922 -0.024932861328125 0.0150527954101562 -0.107879638671875
-0.0101661682128906 -0.0501327514648437 0.0275802612304687 -0.0755844116210938
0.0301284790039063 -0.0614242553710938 0.00485420227050782 -0.0343780517578125
0.0747909545898438 -0.0346145629882813 -0.02069091796875 -0.0455131530761719
0.100654602050781 0.044830322265625 -0.0379791259765625 -0.111160278320313
0.08935546875 0.118431091308594 -0.00218200683593749 -0.171554565429687
0.041778564453125 0.156402587890625 0.040557861328125 -0.14453125
0.0009613037109375 0.1759033203125 0.176284790039063 -0.0848541259765625
0.0669937133789063 0.102981567382813 0.088104248046875 -0.00865173339843749
0.0616073608398438 0.0489082336425781 0.0988922119140625 0.0411834716796875
0.0670166015625 0.00400161743164062 0.16314697265625 -0.00927734375
0.0491294860839844 -0.02630615234375 0.14569091796875 -0.095947265625
0.0221405029296875 -0.0470771789550781 0.08428955078125 -0.16363525390625
0.003387451171875 -0.0696563720703125 0.026519775390625 -0.16851806640625
0.00708007812500001 -0.0709304809570313 0.00759124755859374 -0.128692626953125
0.00395965576171875 -0.07830810546875 0.0168914794921875 -0.091064453125
0.0322036743164062 -0.0857009887695312 0.0266189575195313 -0.0602874755859375
0.0800247192382812 -0.0655288696289063 0.00169181823730469 -0.0190086364746094
0.11541748046875 -0.0166168212890625 -0.0244140625 -0.0251960754394531
0.111091613769531 0.0881805419921875 -0.0499420166015625 -0.0810699462890625
0.07513427734375 0.170242309570312 -0.0102767944335937 -0.126144409179688
0.0100555419921875 0.201736450195313 0.0321807861328125 -0.085418701171875
-0.060546875 0.213836669921875 0.170425415039063 -0.01043701171875
0.0279998779296875 0.179931640625 0.0962142944335938 0.0527877807617188
0.0733642578125 0.129241943359375 0.108314514160156 0.0745010375976563
0.12359619140625 0.0495223999023438 0.16876220703125 0.0180511474609375
0.112228393554688 -0.024322509765625 0.14471435546875 -0.0667266845703125
0.0696563720703125 -0.0856857299804688 0.0839309692382813 -0.1341552734375
0.0288925170898438 -0.115028381347656 0.0321578979492188 -0.134658813476562
0.029693603515625 -0.110443115234375 0.0106201171875 -0.09429931640625
0.0297012329101562 -0.121849060058594 0.0148468017578125 -0.0566596984863281
0.06365966796875 -0.115150451660156 0.0185165405273438 -0.0324249267578125
0.115821838378906 -0.070648193359375 -0.00700092315673827 0.00270509719848632
0.144180297851563 -0.0065155029296875 -0.0296096801757812 -0.0072479248046875
0.115951538085937 0.115394592285156 -0.0538444519042969 -0.0543975830078125
0.0593414306640625 0.19866943359375 -0.00621795654296875 -0.0774459838867187
-0.01971435546875 0.221908569335937 0.0189723968505859 -0.019266128540039
-0.115615844726562 0.20831298828125 0.140327453613281 0.0737152099609375
-0.0274200439453125 0.218048095703125 0.0840530395507813 0.123382568359375
0.0552825927734375 0.189285278320313 0.102325439453125 0.110244750976563
0.1500244140625 0.0990753173828125 0.1552734375 0.0494384765625
0.155197143554687 -0.00616455078125 0.126312255859375 -0.0297317504882812
0.110748291015625 -0.103561401367188 0.0713729858398437 -0.08807373046875
0.0524444580078125 -0.141738891601563 0.031951904296875 -0.081939697265625
0.0477218627929687 -0.132980346679688 0.0128326416015625 -0.045135498046875
0.0489501953125 -0.14691162109375 0.0104274749755859 -0.0103263854980469
0.0844268798828125 -0.133552551269531 0.0055079460144043 0.00568008422851562
0.137886047363281 -0.0724105834960938 -0.0205020904541016 0.0268669128417969
0.159103393554688 0.0032501220703125 -0.0376777648925781 0.00778961181640625
0.109260559082031 0.132217407226563 -0.0504798889160156 -0.0347175598144531
0.034576416015625 0.207916259765625 0.0042572021484375 -0.0311164855957031
-0.0521240234375 0.216812133789063 0.000202178955078125 0.0469169616699219
-0.147735595703125 0.160842895507813 0.09173583984375 0.145706176757813
-0.08050537109375 0.202545166015625 0.0538787841796875 0.183822631835938
0.012603759765625 0.204437255859375 0.0834503173828125 0.136436462402344
0.133468627929688 0.133232116699219 0.122444152832031 0.0733261108398438
0.163726806640625 0.0193939208984375 0.0914764404296875 0.00551605224609375
0.131523132324219 -0.0968093872070313 0.0472564697265625 -0.0358085632324219
0.0680389404296875 -0.142807006835938 0.0244846343994141 -0.0206680297851563
0.0587387084960937 -0.134208679199219 0.0124320983886719 0.0111522674560547
0.0604095458984375 -0.151031494140625 0.00638580322265626 0.0407333374023437
0.0941619873046875 -0.134552001953125 -0.00990295410156249 0.0478363037109375
0.145614624023437 -0.0655364990234375 -0.03814697265625 0.0526885986328125
0.158721923828125 0.0156097412109375 -0.0485343933105469 0.0199432373046875
0.089813232421875 0.14178466796875 -0.0465812683105469 -0.02197265625
-0.000976562500000019 0.20098876953125 0.0122165679931641 0.00973129272460939
-0.0863494873046875 0.187423706054688 -0.0284957885742188 0.104843139648438
-0.14996337890625 0.08245849609375 0.0390777587890625 0.193313598632813
-0.112136840820313 0.138946533203125 0.0196380615234375 0.218185424804687
-0.034423828125 0.168212890625 0.061248779296875 0.145492553710938
0.0866165161132812 0.135505676269531 0.0827407836914063 0.082763671875
0.135604858398438 0.04071044921875 0.0499000549316406 0.0299339294433594
0.127052307128906 -0.071136474609375 0.01922607421875 0.0121116638183594
0.07171630859375 -0.121017456054687 0.0127716064453125 0.03656005859375
0.0594329833984375 -0.11578369140625 0.0100898742675781 0.0650367736816406
0.0623626708984375 -0.133689880371094 -0.000129699707031252 0.0900344848632812
0.0929107666015625 -0.119544982910156 -0.027191162109375 0.0889129638671875
0.137313842773438 -0.0521926879882813 -0.0582809448242187 0.076873779296875
0.144241333007813 0.027313232421875 -0.0646286010742187 0.0295982360839844
0.0626983642578125 0.141494750976563 -0.0475082397460937 -0.0139694213867187
-0.037506103515625 0.176803588867188 0.008148193359375 0.0438880920410156
-0.114639282226563 0.137931823730469 -0.0672607421875 0.148040771484375
-0.126182556152344 -0.00928497314453125 -0.00225830078125003 0.20660400390625
-0.115959167480469 0.0511932373046875 -0.00291442871093752 0.222747802734375
-0.0666580200195313 0.0967864990234375 0.0465469360351563 0.136795043945313
0.02685546875 0.10650634765625 0.0506439208984375 0.0777969360351563
0.08428955078125 0.0486602783203125 0.0166206359863281 0.0402412414550781
0.0973892211914062 -0.0357437133789062 -0.00620269775390624 0.046905517578125
0.0632476806640625 -0.0805130004882813 0.000244140624999998 0.081787109375
0.05206298828125 -0.080230712890625 0.00591278076171876 0.108131408691406
0.0549468994140625 -0.0969924926757813 -0.006317138671875 0.131805419921875
0.0791549682617188 -0.08892822265625 -0.0464630126953125 0.124992370605469
0.113121032714844 -0.0327911376953125 -0.0797958374023438 0.0979461669921875
0.114044189453125 0.0343780517578125 -0.0845489501953125 0.0367050170898438
0.030364990234375 0.12408447265625 -0.0559425354003906 -0.00852584838867188
-0.068572998046875 0.132339477539063 -0.00863265991210938 0.0682563781738281
-0.128990173339844 0.070098876953125 -0.113143920898438 0.171920776367188
0.0986785888671875 0.0249252319335937 0.122940063476563 -0.181671142578125
0.0730438232421875 -0.0766448974609375 0.0377464294433594 -0.0696258544921875
-0.016265869140625 -0.0857315063476563 0.0662155151367188 0.00683212280273437
-0.0670356750488281 -0.0383567810058594 0.125572204589844 -0.0375595092773438
-0.0719223022460938 0.0112075805664063 0.111015319824219 -0.123184204101562
-0.0531044006347656 0.0588455200195313 0.054290771484375 -0.178329467773438
-0.0350532531738281 0.0486793518066406 -0.00205993652343752 -0.177474975585938
-0.0382575988769531 0.03485107421875 -0.0126953125 -0.143569946289063
-0.0532302856445313 0.0373420715332031 -0.000602722167968741 -0.112533569335938
-0.0612869262695313 -0.00739669799804688 0.0096893310546875 -0.0837478637695312
-0.0364418029785156 -0.0584754943847656 -0.00435256958007813 -0.0510215759277344
0.0203857421875 -0.0688743591308594 -0.0255508422851563 -0.0710220336914063
0.092926025390625 -0.0276641845703125 -0.0296630859375 -0.146209716796875
0.116317749023438 0.0352859497070313 0.000274658203124987 -0.21942138671875
0.088470458984375 0.0853958129882813 0.030670166015625 -0.203628540039063
0.064483642578125 0.11248779296875 0.158279418945313 -0.157241821289063
0.0860214233398438 0.00963592529296875 0.0642890930175781 -0.0538520812988281
0.0293674468994141 -0.0271091461181641 0.0859375 0.01708984375
-0.00123405456542969 -0.0258235931396484 0.15069580078125 -0.0334625244140625
-0.0158510208129883 -0.0125465393066406 0.132911682128906 -0.123825073242188
-0.0199623107910156 0.00404548645019531 0.069061279296875 -0.189254760742188
-0.0204238891601562 -0.0136680603027344 0.00489807128906248 -0.191543579101563
-0.0187911987304688 -0.0218429565429688 -0.0093994140625 -0.151626586914063
-0.02691650390625 -0.0246086120605469 0.00514984130859376 -0.116561889648438
-0.0129165649414062 -0.0510597229003906 0.019378662109375 -0.0854110717773438
0.0271797180175781 -0.0645294189453125 0.00143051147460938 -0.0424003601074219
0.0761260986328125 -0.0402145385742188 -0.0226516723632812 -0.0519943237304688
0.107696533203125 0.040435791015625 -0.0429000854492187 -0.11688232421875
0.100662231445313 0.118118286132813 -0.0100250244140625 -0.182662963867188
0.053802490234375 0.161331176757812 0.03631591796875 -0.159149169921875
0.011932373046875 0.18701171875 0.179580688476563 -0.101638793945312
0.0765914916992188 0.105949401855469 0.08782958984375 -0.0135269165039062
0.0694808959960938 0.0507049560546875 0.104820251464844 0.0410614013671875
0.0721893310546875 0.001617431640625 0.171310424804688 -0.0174713134765625
0.0517082214355469 -0.0304107666015625 0.14752197265625 -0.1099853515625
0.0228843688964844 -0.0511589050292969 0.078460693359375 -0.178314208984375
-0.000473022460937497 -0.0745849609375 0.0148468017578125 -0.180404663085938
0.00238800048828126 -0.07684326171875 -0.0044708251953125 -0.136444091796875
0.000457763671874996 -0.084075927734375 0.00744628906250001 -0.097808837890625
0.0293045043945313 -0.092437744140625 0.0187530517578125 -0.0692214965820312
0.080596923828125 -0.07373046875 -0.0024585723876953 -0.0253238677978516
0.1214599609375 -0.0248031616210938 -0.0269947052001953 -0.0311527252197266
0.123138427734375 0.0875167846679687 -0.0549774169921875 -0.0855560302734375
0.09027099609375 0.176101684570313 -0.0161666870117187 -0.135223388671875
0.0231781005859375 0.21246337890625 0.0311431884765625 -0.0975799560546875
-0.0498809814453125 0.2315673828125 0.177581787109375 -0.0229644775390625
0.0409088134765625 0.190383911132813 0.0992889404296875 0.0497894287109375
0.0885848999023437 0.135330200195312 0.115730285644531 0.0750503540039063
0.136131286621094 0.0450592041015625 0.17852783203125 0.010894775390625
0.118568420410156 -0.03387451171875 0.1488037109375 -0.0790863037109375
0.0694351196289063 -0.0954742431640625 0.0796966552734375 -0.145645141601563
0.02264404296875 -0.124702453613281 0.02276611328125 -0.144027709960938
0.0227432250976563 -0.12060546875 0.00139617919921875 -0.10028076171875
0.0228042602539062 -0.132171630859375 0.00741195678710938 -0.0610084533691406
0.0596084594726563 -0.127349853515625 0.0117721557617188 -0.038665771484375
0.118362426757813 -0.0834579467773438 -0.0111618041992187 -0.00135803222656251
0.153182983398438 -0.016632080078125 -0.0331382751464844 -0.0106964111328125
0.131614685058594 0.116455078125 -0.0580978393554688 -0.0571174621582031
0.0775299072265625 0.208633422851563 -0.0106124877929688 -0.0844268798828125
-0.00708007812499997 0.237335205078125 0.0204410552978516 -0.0266132354736328
-0.108444213867188 0.232254028320313 0.150588989257813 0.0673370361328125
-0.0142059326171875 0.23455810546875 0.0904464721679688 0.123764038085938
0.0735015869140625 0.201248168945313 0.111114501953125 0.112815856933594
0.167510986328125 0.0954437255859375 0.164947509765625 0.0444793701171875
0.166061401367188 -0.0189208984375 0.13128662109375 -0.037261962890625
0.11065673828125 -0.1177978515625 0.0692596435546875 -0.0949630737304688
0.044219970703125 -0.154434204101562 0.0263748168945313 -0.0882186889648438
0.0390777587890625 -0.1456298828125 0.00709915161132812 -0.048126220703125
0.040374755859375 -0.1614990234375 0.00649166107177735 -0.0108203887939453
0.078887939453125 -0.148590087890625 0.00146579742431641 0.00339889526367187
0.142105102539063 -0.0879364013671875 -0.0241813659667969 0.0269050598144531
0.170272827148438 -0.0085601806640625 -0.04119873046875 0.00659179687500001
0.126754760742187 0.134666442871094 -0.0545921325683594 -0.0375938415527344
0.052459716796875 0.220748901367188 0.00335311889648438 -0.0370368957519531
-0.040496826171875 0.234527587890625 0.00403213500976562 0.0448875427246094
-0.145416259765625 0.184783935546875 0.103912353515625 0.14764404296875
-0.0712738037109375 0.22247314453125 0.063995361328125 0.188674926757813
0.029296875 0.220245361328125 0.0919189453125 0.140899658203125
0.153472900390625 0.131851196289063 0.131324768066406 0.0727081298828125
0.176315307617188 0.0072784423828125 0.096221923828125 0.0027313232421875
0.132400512695313 -0.11297607421875 0.0485801696777344 -0.0375785827636719
0.0602874755859375 -0.157135009765625 0.0233173370361328 -0.0237579345703125
0.049774169921875 -0.14764404296875 0.0113849639892578 0.0110464096069336
0.050994873046875 -0.166824340820312 0.0057525634765625 0.044097900390625
0.0888824462890625 -0.151611328125 -0.0114593505859375 0.0505027770996094
0.149368286132813 -0.082672119140625 -0.0404586791992187 0.0566864013671875
0.17144775390625 0.0034027099609375 -0.0536270141601562 0.0206260681152344
0.107513427734375 0.145889282226563 -0.0508041381835937 -0.0243988037109375
0.015838623046875 0.21514892578125 0.013880729675293 0.00587081909179689
-0.0773162841796875 0.205856323242187 -0.0224761962890625 0.109046936035156
-0.1534423828125 0.102188110351563 0.0511627197265625 0.201797485351563
-0.1080322265625 0.157485961914063 0.03094482421875 0.228378295898438
-0.022430419921875 0.184432983398438 0.06903076171875 0.150482177734375
0.103584289550781 0.137481689453125 0.0895843505859375 0.0846023559570313
0.148086547851562 0.0301971435546875 0.0550346374511719 0.0315704345703125
0.128692626953125 -0.0864486694335938 0.0221824645996094 0.0148906707763672
0.0654373168945313 -0.134086608886719 0.0160484313964844 0.0382194519042969
0.05218505859375 -0.128555297851563 0.01409912109375 0.0673141479492188
0.0540618896484375 -0.147979736328125 0.00434112548828126 0.0967254638671875
0.0874176025390625 -0.135574340820313 -0.0263900756835938 0.0959320068359375
0.141647338867188 -0.067108154296875 -0.0599288940429688 0.0850677490234375
0.155868530273438 0.0159759521484375 -0.0696029663085937 0.0330810546875
0.0786590576171875 0.146453857421875 -0.0523300170898437 -0.0148811340332031
-0.024444580078125 0.191802978515625 0.0129814147949219 0.04193115234375
-0.110458374023438 0.155609130859375 -0.0608367919921875 0.159332275390625
-0.134483337402344 0.00310516357421877 0.00785827636718747 0.219818115234375
-0.117820739746094 0.0652923583984375 0.00746154785156251 0.234939575195313
-0.0615158081054688 0.110755920410156 0.053558349609375 0.142059326171875
0.0390243530273438 0.10992431640625 0.0553512573242188 0.081573486328125
0.0937881469726563 0.042572021484375 0.0203285217285156 0.0450019836425781
0.0993728637695313 -0.0472564697265625 -0.00140380859375 0.0537605285644531
0.0584945678710938 -0.0904388427734375 0.00742340087890625 0.0869293212890625
0.0461044311523437 -0.0904388427734375 0.0141754150390625 0.113288879394531
0.048583984375 -0.107887268066406 0.00105285644531251 0.141510009765625
0.0749435424804688 -0.1004638671875 -0.0421981811523438 0.136764526367188
0.116622924804688 -0.0450897216796875 -0.0814743041992187 0.109123229980469
0.124008178710938 0.02606201171875 -0.0894699096679687 0.0421218872070313
0.0432281494140625 0.129631042480469 -0.0599937438964844 -0.00825881958007813
-0.06024169921875 0.14569091796875 -0.00211715698242187 0.0694503784179688
-0.128837585449219 0.0842132568359375 -0.107772827148438 0.18902587890625
0.102706909179688 0.015838623046875 0.112533569335937 -0.19915771484375
0.0669403076171875 -0.0844192504882813 0.0314865112304688 -0.0725860595703125
-0.024688720703125 -0.0858917236328125 0.0688285827636719 0.00537490844726562
-0.0724029541015625 -0.0321578979492187 0.128013610839844 -0.0470657348632813
-0.0719985961914063 0.0208663940429688 0.105003356933594 -0.135810852050781
-0.0461845397949219 0.0660324096679688 0.04022216796875 -0.19061279296875
-0.0296440124511719 0.0537567138671875 -0.0178985595703125 -0.184051513671875
-0.034637451171875 0.0397491455078125 -0.0276947021484375 -0.146942138671875
-0.0483512878417969 0.0438003540039063 -0.0129318237304688 -0.117637634277344
-0.0620841979980469 -2.67028808593783E-05 -0.00112152099609375 -0.089630126953125
-0.0436210632324219 -0.0539283752441406 -0.00926589965820313 -0.0569305419921875
0.0134124755859375 -0.0714569091796875 -0.030303955078125 -0.07537841796875
0.0916061401367188 -0.037841796875 -0.0388946533203125 -0.149002075195313
0.121391296386719 0.0248947143554687 -0.0142974853515625 -0.227447509765625
0.0979461669921875 0.078643798828125 0.0166015625 -0.215576171875
0.0753555297851563 0.110427856445312 0.150680541992188 -0.1754150390625
0.0878067016601563 0.003662109375 0.0589981079101563 -0.0586357116699219
0.0283985137939453 -0.0285091400146484 0.0888519287109375 0.0146865844726562
-0.00263214111328125 -0.0251903533935547 0.154312133789063 -0.0447845458984375
-0.0160150527954102 -0.00973129272460938 0.126655578613281 -0.138565063476563
-0.0170431137084961 0.00583267211914063 0.053375244140625 -0.201812744140625
-0.0207023620605469 -0.0125160217285156 -0.0131988525390625 -0.198226928710938
-0.0205516815185547 -0.0206756591796875 -0.02618408203125 -0.1551513671875
-0.0274524688720703 -0.0236549377441406 -0.00900268554687499 -0.121086120605469
-0.0158882141113281 -0.0504913330078125 0.00754547119140626 -0.092681884765625
0.0225067138671875 -0.0667762756347656 -0.0041961669921875 -0.0492362976074219
0.0740280151367187 -0.0469284057617188 -0.0268669128417969 -0.0569915771484375
0.113754272460937 0.0330352783203125 -0.0497207641601562 -0.119499206542969
0.113006591796875 0.112991333007813 -0.022674560546875 -0.189743041992188
0.0680084228515625 0.160385131835938 0.0261993408203125 -0.171783447265625
0.0280303955078125 0.1929931640625 0.176223754882813 -0.121536254882812
0.0869369506835937 0.104560852050781 0.0851287841796875 -0.0196151733398437
0.0774917602539063 0.049224853515625 0.109619140625 0.037109375
0.0762405395507813 -0.00344085693359375 0.1756591796875 -0.02972412109375
0.0516853332519531 -0.0346794128417969 0.142593383789063 -0.124420166015625
0.0215682983398438 -0.0548057556152344 0.0647430419921875 -0.19012451171875
-0.006744384765625 -0.077667236328125 -0.00253295898437499 -0.187088012695313
-0.0043182373046875 -0.0799713134765625 -0.0201492309570312 -0.139427185058594
-0.00625610351562499 -0.0876998901367188 -0.00563812255859374 -0.101631164550781
0.0226211547851563 -0.0980224609375 0.00748443603515626 -0.0760345458984375
0.0767593383789063 -0.0826644897460938 -0.00797462463378906 -0.0307979583740234
0.123428344726562 -0.0353622436523437 -0.0306396484375 -0.0352554321289063
0.135055541992188 0.0806655883789063 -0.0600509643554688 -0.0869827270507812
0.108123779296875 0.174835205078125 -0.02557373046875 -0.140792846679688
0.041259765625 0.218002319335938 0.02606201171875 -0.108512878417969
-0.031402587890625 0.246002197265625 0.18023681640625 -0.0395660400390625
0.058563232421875 0.1944580078125 0.101516723632813 0.0437850952148438
0.10540771484375 0.135574340820313 0.122764587402344 0.0708694458007813
0.14617919921875 0.0359954833984375 0.1842041015625 -0.0010528564453125
0.120010375976563 -0.0452346801757813 0.146575927734375 -0.092498779296875
0.0650558471679688 -0.104934692382812 0.069854736328125 -0.156112670898438
0.01141357421875 -0.131721496582031 0.00872802734374999 -0.150344848632813
0.0111618041992187 -0.127410888671875 -0.0116195678710938 -0.102592468261719
0.0111007690429688 -0.139923095703125 -0.0026397705078125 -0.0626220703125
0.0500717163085938 -0.138130187988281 0.00314712524414063 -0.0432167053222656
0.115806579589844 -0.098175048828125 -0.0160741806030273 -0.00395965576171876
0.158309936523437 -0.03118896484375 -0.0367889404296875 -0.0132675170898438
0.1480712890625 0.1107177734375 -0.0635719299316406 -0.0580673217773438
0.0989227294921875 0.209915161132812 -0.0159683227539062 -0.0899734497070312
0.0127410888671875 0.247024536132812 0.0205039978027344 -0.0346527099609375
-0.09100341796875 0.252182006835937 0.159103393554687 0.0555572509765625
0.00604248046875002 0.245559692382813 0.0987548828125 0.120460510253906
0.0968170166015625 0.205520629882813 0.120429992675781 0.109176635742188
0.183700561523438 0.08477783203125 0.171920776367188 0.0356903076171875
0.170181274414063 -0.035552978515625 0.131645202636719 -0.0472259521484375
0.104461669921875 -0.132164001464844 0.0646209716796875 -0.101943969726563
0.0303802490234375 -0.163894653320313 0.0173492431640625 -0.093109130859375
0.024993896484375 -0.154922485351563 -0.000350952148437499 -0.0497779846191406
0.0248565673828125 -0.171920776367188 0.00196456909179688 -0.010472297668457
0.0673370361328125 -0.162307739257813 -0.00363516807556152 0.00211334228515624
0.13934326171875 -0.106269836425781 -0.0270977020263672 0.0280513763427734
0.176681518554687 -0.0252227783203125 -0.0447731018066406 0.00623321533203124
0.145706176757813 0.129898071289063 -0.0593528747558594 -0.0368423461914062
0.0760955810546875 0.225814819335938 0.00116729736328125 -0.0421257019042969
-0.02099609375 0.247222900390625 0.00868606567382812 0.0413551330566406
-0.132675170898437 0.207855224609375 0.117141723632812 0.143539428710938
-0.05255126953125 0.238235473632813 0.076690673828125 0.188369750976563
0.053131103515625 0.228652954101563 0.10272216796875 0.139755249023438
0.173019409179687 0.123336791992187 0.138893127441406 0.066192626953125
0.18292236328125 -0.010650634765625 0.0996627807617188 -0.00238037109375
0.126548767089844 -0.130241394042969 0.0482864379882813 -0.0402717590332031
0.0455780029296875 -0.168838500976563 0.0209560394287109 -0.0261402130126953
0.0352783203125 -0.15838623046875 0.0103988647460938 0.0105142593383789
0.03546142578125 -0.178466796875 0.00760269165039063 0.0468788146972656
0.0759429931640625 -0.166900634765625 -0.0117607116699219 0.0530891418457031
0.147613525390625 -0.101455688476563 -0.0414886474609375 0.0613975524902344
0.178451538085938 -0.0139923095703125 -0.0568084716796875 0.0234527587890625
0.127548217773438 0.14306640625 -0.0549964904785156 -0.0238876342773437
0.03802490234375 0.223617553710938 0.0153741836547852 0.000860214233398451
-0.0608978271484375 0.221023559570313 -0.013458251953125 0.110847473144531
-0.148239135742188 0.123077392578125 0.0672607421875 0.20477294921875
-0.096923828125 0.175338745117188 0.0459442138671875 0.232070922851562
-0.00337219238281248 0.196258544921875 0.0790252685546875 0.150497436523437
0.122177124023438 0.132392883300781 0.0963516235351563 0.082061767578125
0.156036376953125 0.0157012939453125 0.0595016479492188 0.031158447265625
0.123893737792969 -0.102249145507813 0.02587890625 0.0164833068847656
0.053253173828125 -0.145111083984375 0.0198783874511719 0.0382843017578125
0.039794921875 -0.138282775878906 0.0187492370605469 0.068389892578125
0.0389556884765625 -0.159255981445312 0.0116348266601562 0.10089111328125
0.0753173828125 -0.149063110351563 -0.0219192504882813 0.102371215820312
0.139823913574219 -0.085357666015625 -0.0582122802734375 0.0929641723632813
0.162551879882813 0.0005340576171875 -0.0720367431640625 0.0384597778320313
0.096923828125 0.14520263671875 -0.0557785034179687 -0.0131645202636719
-0.00547790527343751 0.201553344726563 0.0171852111816406 0.0391654968261719
-0.098297119140625 0.171463012695312 -0.0482025146484375 0.167922973632813
-0.138008117675781 0.0186080932617187 0.023681640625 0.22833251953125
-0.114883422851563 0.0810699462890625 0.02337646484375 0.241455078125
-0.0508575439453125 0.122428894042969 0.0625152587890625 0.143096923828125
0.053558349609375 0.109725952148438 0.0615615844726562 0.0828781127929688
0.101821899414063 0.0324783325195313 0.0254096984863281 0.0485420227050781
0.0974502563476563 -0.0598678588867188 0.00554275512695313 0.058563232421875
0.0493087768554688 -0.0993118286132813 0.0163192749023437 0.088897705078125
0.0369796752929688 -0.0975341796875 0.0254058837890625 0.11553955078125
0.0377731323242188 -0.116950988769531 0.013397216796875 0.147552490234375
0.0650634765625 -0.111717224121094 -0.03363037109375 0.145477294921875
0.1151123046875 -0.0599746704101563 -0.0766754150390625 0.120719909667969
0.129585266113281 0.0137100219726562 -0.091033935546875 0.0503158569335938
0.0573577880859375 0.130142211914063 -0.0634651184082031 -0.006500244140625
-0.0466156005859375 0.156387329101563 0.00434875488281249 0.0690116882324219
-0.123153686523438 0.0995254516601563 -0.093994140625 0.203170776367188
0.102676391601563 0.00713348388671875 0.0980072021484375 -0.209136962890625
0.058319091796875 -0.0891799926757813 0.02447509765625 -0.0722808837890625
-0.0327911376953125 -0.0827102661132813 0.0702781677246094 0.00344848632812499
-0.0753326416015625 -0.0251922607421875 0.127235412597656 -0.0550765991210938
-0.068756103515625 0.0290870666503906 0.09478759765625 -0.143325805664063
-0.03778076171875 0.0706710815429688 0.0243072509765625 -0.194656372070312
-0.023223876953125 0.0563621520996094 -0.0344696044921875 -0.18328857421875
-0.0299720764160156 0.0436820983886719 -0.0406646728515625 -0.145095825195313
-0.0419883728027344 0.0477142333984375 -0.0252532958984375 -0.116531372070313
-0.0606460571289063 0.00689697265625 -0.011993408203125 -0.0906600952148438
-0.048095703125 -0.0473976135253906 -0.01507568359375 -0.0605697631835938
0.00595855712890625 -0.0716781616210938 -0.0342941284179687 -0.0784530639648438
0.0864791870117188 -0.0458526611328125 -0.0454864501953125 -0.147781372070313
0.122138977050781 0.0137710571289063 -0.028289794921875 -0.228179931640625
0.103370666503906 0.0691604614257813 0.00169372558593753 -0.221420288085937
0.0821685791015625 0.104766845703125 0.137420654296875 -0.18890380859375
0.0873184204101563 -0.0019378662109375 0.0526504516601563 -0.0612335205078125
0.026611328125 -0.0289325714111328 0.09039306640625 0.0116195678710937
-0.00378799438476563 -0.0242652893066406 0.152679443359375 -0.0542144775390625
-0.0151491165161133 -0.00693893432617187 0.116317749023438 -0.147430419921875
-0.0133447647094727 0.00760078430175781 0.036865234375 -0.207077026367188
-0.0203323364257812 -0.0109214782714844 -0.030181884765625 -0.197494506835937
-0.0219097137451172 -0.01953125 -0.040740966796875 -0.152572631835938
-0.0278091430664063 -0.0225315093994141 -0.0223159790039063 -0.1201171875
-0.0189018249511719 -0.0482711791992188 -0.00505828857421874 -0.0950775146484375
0.0171623229980469 -0.0664443969726563 -0.0104217529296875 -0.0533256530761719
0.0700035095214844 -0.0515861511230469 -0.0305709838867187 -0.0601425170898437
0.115676879882813 0.0246124267578125 -0.05560302734375 -0.118064880371094
0.120948791503906 0.103981018066406 -0.0342559814453125 -0.190277099609375
0.0793609619140625 0.155136108398438 0.0148162841796875 -0.179061889648438
0.0424957275390625 0.192779541015625 0.166946411132813 -0.1357421875
0.0947418212890625 0.0988540649414063 0.0810089111328125 -0.0239791870117187
0.08306884765625 0.045501708984375 0.111228942871094 0.0324478149414063
0.0771865844726563 -0.0086212158203125 0.174957275390625 -0.040374755859375
0.0504570007324219 -0.038421630859375 0.133216857910156 -0.133987426757813
0.0197219848632813 -0.0575141906738281 0.049407958984375 -0.195556640625
-0.0120391845703125 -0.0775375366210938 -0.019683837890625 -0.186874389648438
-0.0110321044921875 -0.0799484252929687 -0.0346603393554688 -0.136558532714844
-0.01275634765625 -0.0886306762695313 -0.0180206298828125 -0.100875854492187
0.0156478881835937 -0.100181579589844 -0.00424957275390626 -0.0785064697265625
0.0710906982421875 -0.0885086059570313 -0.0136299133300781 -0.0341796875
0.121124267578125 -0.0445938110351563 -0.0342216491699219 -0.0382537841796875
0.14202880859375 0.0718536376953125 -0.0649642944335937 -0.0856857299804688
0.122344970703125 0.167877197265625 -0.034332275390625 -0.142074584960937
0.0570220947265625 0.215530395507813 0.0185699462890625 -0.116348266601562
-0.012176513671875 0.2518310546875 0.175994873046875 -0.0540924072265625
0.0737152099609375 0.1917724609375 0.100730895996094 0.0373306274414063
0.119110107421875 0.130256652832031 0.1256103515625 0.0656890869140625
0.15167236328125 0.02520751953125 0.1842041015625 -0.01153564453125
0.117546081542969 -0.0551528930664062 0.139419555664063 -0.101631164550781
0.0587158203125 -0.111602783203125 0.058013916015625 -0.160308837890625
0.000633239746093752 -0.133071899414062 -0.00532531738281251 -0.150787353515625
0.00033569335937501 -0.129135131835938 -0.0226593017578125 -0.100845336914063
-0.0010528564453125 -0.142669677734375 -0.0107612609863281 -0.0618324279785156
0.0385284423828125 -0.143478393554688 -0.00623703002929687 -0.0443954467773438
0.108482360839844 -0.109153747558594 -0.0208721160888672 -0.0059795379638672
0.1572265625 -0.0442047119140625 -0.0399551391601562 -0.0148811340332031
0.159317016601563 0.10101318359375 -0.0668754577636719 -0.0574073791503906
0.116851806640625 0.205337524414063 -0.0218048095703125 -0.0918807983398437
0.031494140625 0.248077392578125 0.017974853515625 -0.0419998168945312
-0.0717010498046875 0.262542724609375 0.161941528320312 0.0435791015625
0.02618408203125 0.247161865234375 0.103401184082031 0.113853454589844
0.11663818359375 0.200241088867188 0.12506103515625 0.103614807128906
0.193328857421875 0.0707550048828125 0.173080444335938 0.0255126953125
0.168258666992188 -0.0500640869140625 0.128494262695313 -0.0553512573242188
0.0949249267578125 -0.142501831054688 0.0577774047851563 -0.105178833007813
0.0160064697265625 -0.167831420898438 0.00814819335937499 -0.094146728515625
0.01104736328125 -0.158477783203125 -0.00759506225585937 -0.0492515563964844
0.00924682617187499 -0.176010131835938 -0.00180339813232422 -0.00966644287109376
0.05291748046875 -0.169662475585938 -0.00910282135009765 0.00212001800537108
0.130950927734375 -0.120315551757812 -0.0298347473144531 0.029205322265625
0.176895141601563 -0.041168212890625 -0.047760009765625 0.00730133056640625
0.15948486328125 0.1199951171875 -0.0626716613769531 -0.0363540649414063
0.0961151123046875 0.222442626953125 -0.00172805786132812 -0.0456733703613281
-0.00154113769531252 0.251739501953125 0.0120468139648437 0.0360755920410156
-0.116897583007813 0.223236083984375 0.126548767089844 0.135406494140625
-0.03302001953125 0.2451171875 0.086212158203125 0.183364868164063
0.075347900390625 0.228439331054687 0.109375 0.133514404296875
0.186264038085937 0.109710693359375 0.141586303710938 0.0587005615234375
0.183441162109375 -0.0275115966796875 0.0993804931640625 -0.00730133056640625
0.115936279296875 -0.14215087890625 0.04730224609375 -0.0418663024902344
0.0300445556640625 -0.173202514648438 0.0174751281738281 -0.0275001525878906
0.020233154296875 -0.162368774414063 0.00845050811767578 0.00993251800537108
0.0177001953125 -0.183517456054688 0.00901412963867188 0.0475616455078125
0.060791015625 -0.174636840820313 -0.0117835998535156 0.0540313720703125
0.139007568359375 -0.11651611328125 -0.0409507751464844 0.0645675659179687
0.179428100585938 -0.0304107666015625 -0.0579605102539062 0.0259552001953125
0.141586303710937 0.1343994140625 -0.0579490661621094 -0.0220222473144531
0.0588531494140625 0.222503662109375 0.0156793594360352 -0.00350666046142577
-0.0433197021484375 0.228652954101563 -0.00469207763671875 0.108207702636719
-0.138801574707031 0.138931274414062 0.0806427001953125 0.201583862304688
-0.0812835693359375 0.185882568359375 0.05908203125 0.2288818359375
0.016326904296875 0.200424194335938 0.08599853515625 0.1466064453125
0.136604309082031 0.122833251953125 0.100090026855469 0.078765869140625
0.158340454101563 0.000518798828125 0.0624542236328125 0.029510498046875
0.114845275878906 -0.114845275878906 0.0299625396728516 0.0167999267578125
0.0388641357421875 -0.150299072265625 0.02264404296875 0.0367164611816406
0.0256195068359375 -0.141998291015625 0.0229530334472656 0.0671043395996094
0.0234832763671875 -0.16363525390625 0.0188674926757813 0.101905822753906
0.061004638671875 -0.15667724609375 -0.016510009765625 0.104995727539062
0.132286071777344 -0.0994491577148438 -0.0537643432617187 0.0986785888671875
0.16400146484375 -0.0148468017578125 -0.072296142578125 0.0428695678710937
0.111114501953125 0.13909912109375 -0.0582160949707031 -0.0114059448242187
0.01324462890625 0.204803466796875 0.0206489562988281 0.0343723297119141
-0.08343505859375 0.180648803710937 -0.0354461669921875 0.169174194335938
-0.136215209960938 0.032928466796875 0.0390472412109375 0.23040771484375
-0.106864929199219 0.092620849609375 0.0377960205078125 0.240875244140625
-0.0372314453125 0.129798889160156 0.0680694580078125 0.140571594238281
0.0656280517578125 0.104896545410156 0.0652313232421875 0.082183837890625
0.104301452636719 0.0223770141601563 0.03057861328125 0.0499000549316406
0.0907821655273438 -0.069580078125 0.0132217407226563 0.0599479675292969
0.0387115478515625 -0.103645324707031 0.0243911743164063 0.0873489379882813
0.0265121459960938 -0.100875854492188 0.033935546875 0.113502502441406
0.0253829956054688 -0.120658874511719 0.0254364013671875 0.147445678710938
0.0539321899414063 -0.118156433105469 -0.024139404296875 0.149444580078125
0.109794616699219 -0.0709991455078125 -0.0695266723632812 0.127525329589844
0.130996704101563 0.00159454345703125 -0.08984375 0.0565643310546875
0.0698928833007813 0.126533508300781 -0.0654182434082031 -0.00413513183593749
-0.0317840576171875 0.161239624023438 0.0106124877929688 0.0650520324707032
-0.1134033203125 0.109321594238281 -0.0779571533203125 0.209823608398438
0.101226806640625 0.0016021728515625 0.0869293212890625 -0.21343994140625
0.0519943237304688 -0.090301513671875 0.02001953125 -0.0707550048828125
-0.037689208984375 -0.079559326171875 0.0702171325683594 0.00381088256835937
-0.0753250122070313 -0.01934814453125 0.126060485839844 -0.0591583251953125
-0.0650672912597656 0.03424072265625 0.0883331298828125 -0.146255493164063
-0.0306243896484375 0.0710906982421875 0.0129547119140625 -0.194305419921875
-0.0176162719726562 0.0575294494628906 -0.043792724609375 -0.180572509765625
-0.0264244079589844 0.0445899963378906 -0.0492095947265625 -0.141311645507813
-0.0376052856445313 0.0490226745605469 -0.0337295532226563 -0.114036560058594
-0.0579185485839844 0.011474609375 -0.019989013671875 -0.089385986328125
-0.0506744384765625 -0.0414772033691406 -0.0198707580566406 -0.0636863708496094
0.00136566162109374 -0.0698356628417969 -0.0369110107421875 -0.0808563232421875
0.0818634033203125 -0.0504837036132813 -0.0479583740234375 -0.146652221679688
0.119667053222656 0.00616455078125 -0.0355377197265625 -0.2265625
0.105003356933594 0.062347412109375 -0.00714111328124999 -0.223358154296875
0.0866470336914063 0.0999526977539063 0.127273559570313 -0.195159912109375
0.0854415893554688 -0.0047760009765625 0.0474624633789063 -0.0604896545410156
0.0255680084228516 -0.0289649963378906 0.0900726318359375 0.0110015869140625
-0.00416374206542969 -0.0226554870605469 0.150360107421875 -0.0587921142578125
-0.0138044357299805 -0.00470638275146484 0.108856201171875 -0.150772094726563
-0.010345458984375 0.00720024108886719 0.025146484375 -0.2066650390625
-0.0196628570556641 -0.0100479125976563 -0.04144287109375 -0.194091796875
-0.0221824645996094 -0.0184593200683594 -0.05029296875 -0.147918701171875
-0.0272750854492188 -0.0214519500732422 -0.0316238403320313 -0.117668151855469
-0.0198936462402344 -0.0472335815429688 -0.0149612426757812 -0.0946426391601563
0.0139808654785156 -0.0659751892089844 -0.0162200927734375 -0.0562782287597656
0.0662994384765625 -0.0532455444335938 -0.0326766967773438 -0.0632896423339844
0.115142822265625 0.0190887451171875 -0.056915283203125 -0.1171875
0.123809814453125 0.0973358154296875 -0.0404815673828125 -0.189727783203125
0.0850982666015625 0.15008544921875 0.00717163085937501 -0.183120727539063
0.05126953125 0.190353393554688 0.1578369140625 -0.143539428710938
0.0981292724609375 0.0946273803710938 0.076202392578125 -0.0257568359375
0.0862960815429688 0.042694091796875 0.111129760742188 0.0307998657226563
0.0774154663085938 -0.0116424560546875 0.171585083007812 -0.0455169677734375
0.049468994140625 -0.0398101806640625 0.126480102539063 -0.137283325195313
0.0192031860351563 -0.0590476989746094 0.038726806640625 -0.196044921875
-0.0159454345703125 -0.077423095703125 -0.030670166015625 -0.183212280273438
-0.0155410766601563 -0.0790634155273438 -0.0438995361328125 -0.132347106933594
-0.0177078247070312 -0.0887374877929687 -0.0265579223632813 -0.0980224609375
0.0105438232421875 -0.100662231445313 -0.0144195556640625 -0.0782852172851562
0.0662002563476563 -0.0912857055664063 -0.0195503234863281 -0.0369834899902344
0.118644714355469 -0.0501632690429688 -0.0365715026855469 -0.0406913757324219
0.1453857421875 0.0652618408203125 -0.0657882690429687 -0.0854873657226562
0.1297607421875 0.16162109375 -0.039154052734375 -0.142837524414063
0.0657958984375 0.212066650390625 0.0130157470703125 -0.121597290039062
0.000976562499999991 0.251495361328125 0.171279907226563 -0.0626678466796875
0.08245849609375 0.18798828125 0.0974960327148438 0.0339202880859375
0.126876831054688 0.125396728515625 0.125389099121094 0.0625839233398438
0.153411865234375 0.0179443359375 0.181655883789063 -0.0175323486328125
0.114669799804688 -0.0612640380859375 0.133552551269531 -0.105552673339844
0.053924560546875 -0.114845275878906 0.04986572265625 -0.16180419921875
-0.00714874267578125 -0.132713317871094 -0.014923095703125 -0.147964477539063
-0.00797271728515626 -0.128204345703125 -0.0308685302734375 -0.096893310546875
-0.0096893310546875 -0.143325805664062 -0.0177879333496094 -0.0593147277832031
0.03033447265625 -0.14556884765625 -0.01446533203125 -0.0437431335449219
0.102470397949219 -0.114677429199219 -0.0257129669189453 -0.00694274902343751
0.155654907226563 -0.0527801513671875 -0.04278564453125 -0.0164108276367188
0.165542602539063 0.093414306640625 -0.0678253173828125 -0.0572547912597656
0.128585815429688 0.199432373046875 -0.0254135131835938 -0.0942230224609375
0.0431060791015625 0.246078491210938 0.0154533386230469 -0.0477333068847656
-0.0568389892578125 0.267333984375 0.161331176757812 0.03546142578125
0.0385894775390625 0.246139526367188 0.103286743164063 0.108314514160156
0.12945556640625 0.195541381835937 0.12548828125 0.099639892578125
0.198043823242188 0.0603485107421875 0.171981811523438 0.0196685791015625
0.164596557617188 -0.05865478515625 0.124984741210938 -0.0579605102539063
0.087310791015625 -0.147613525390625 0.0526657104492188 -0.106330871582031
0.0055999755859375 -0.168060302734375 0.0017242431640625 -0.0926589965820313
0.000900268554687515 -0.157913208007812 -0.012542724609375 -0.0460853576660156
-0.00241088867187502 -0.1766357421875 -0.00464391708374024 -0.00790452957153321
0.0423431396484375 -0.172866821289063 -0.0139989852905273 0.00311279296874999
0.124397277832031 -0.127906799316406 -0.0323448181152344 0.0284309387207031
0.17449951171875 -0.0512847900390625 -0.0494537353515625 0.00696182250976561
0.167724609375 0.112945556640625 -0.0634002685546875 -0.0357093811035156
0.1102294921875 0.218475341796875 -0.00355529785156249 -0.04901123046875
0.010833740234375 0.251068115234375 0.0129280090332031 0.0304412841796875
-0.1036376953125 0.229827880859375 0.129776000976563 0.129531860351563
-0.019683837890625 0.247039794921875 0.08978271484375 0.178314208984375
0.0899810791015625 0.224929809570312 0.11029052734375 0.130882263183594
0.192459106445313 0.0995941162109375 0.140960693359375 0.05560302734375
0.180465698242188 -0.0374755859375 0.0992584228515625 -0.0094757080078125
0.10748291015625 -0.148696899414063 0.0462150573730469 -0.0422782897949219
0.0193328857421875 -0.17401123046875 0.0151443481445313 -0.0271797180175781
0.009033203125 -0.162490844726562 0.00697994232177734 0.0106525421142578
0.00482177734375001 -0.1837158203125 0.00994873046875 0.0481452941894531
0.0484771728515625 -0.178207397460938 -0.013458251953125 0.0545768737792969
0.131828308105469 -0.126075744628906 -0.04034423828125 0.0658073425292969
0.176910400390625 -0.0411376953125 -0.0590476989746094 0.0274467468261719
0.15167236328125 0.12701416015625 -0.0589637756347656 -0.0223197937011719
0.0735015869140625 0.22027587890625 0.015380859375 -0.00790786743164061
-0.030853271484375 0.23052978515625 -0.000473022460937498 0.103973388671875
-0.129867553710938 0.148193359375 0.086761474609375 0.198043823242188
-0.07080078125 0.190292358398438 0.065093994140625 0.22491455078125
0.02996826171875 0.200027465820313 0.08746337890625 0.143585205078125
0.143875122070313 0.114471435546875 0.100837707519531 0.0767593383789063
0.1568603515625 -0.0092315673828125 0.0644989013671875 0.0284767150878906
0.106948852539063 -0.120841979980469 0.0328578948974609 0.0159454345703125
0.02777099609375 -0.1507568359375 0.02386474609375 0.0358047485351562
0.0152740478515625 -0.1427001953125 0.0252609252929688 0.0656509399414062
0.0114898681640625 -0.1646728515625 0.0235214233398437 0.101104736328125
0.04962158203125 -0.160079956054688 -0.0139846801757813 0.105339050292969
0.125045776367188 -0.108268737792969 -0.0511322021484375 0.10107421875
0.161972045898437 -0.02484130859375 -0.0721664428710937 0.04534912109375
0.120162963867187 0.132606506347656 -0.0593719482421875 -0.011444091796875
0.026824951171875 0.20367431640625 0.0222148895263672 0.0292739868164063
-0.07244873046875 0.1839599609375 -0.0273590087890625 0.167007446289063
-0.132614135742188 0.0422744750976562 0.047454833984375 0.22906494140625
-0.100372314453125 0.0994033813476563 0.0441436767578125 0.237747192382813
-0.026763916015625 0.131729125976563 0.0694122314453125 0.138069152832031
0.073333740234375 0.0999526977539062 0.0667037963867188 0.0822296142578125
0.104827880859375 0.01446533203125 0.0346870422363281 0.0516891479492187
0.0844879150390625 -0.075653076171875 0.0191993713378906 0.0600662231445312
0.0307388305664063 -0.10455322265625 0.0291519165039063 0.0855636596679688
0.0190277099609375 -0.10198974609375 0.0388717651367187 0.110023498535156
0.016387939453125 -0.120933532714844 0.0331268310546875 0.145553588867188
0.0445785522460937 -0.120094299316406 -0.0174102783203125 0.150161743164063
0.104286193847656 -0.0775833129882813 -0.0642776489257812 0.130599975585938
0.129608154296875 -0.00676727294921875 -0.088714599609375 0.0593643188476563
0.0778045654296875 0.122039794921875 -0.0664901733398438 -0.00308990478515625
-0.020660400390625 0.161911010742188 0.0144081115722656 0.0606460571289063
-0.105125427246094 0.113784790039062 -0.0674285888671875 0.21087646484375
0.1004638671875 -0.00160980224609375 0.082550048828125 -0.218490600585938
0.0489120483398438 -0.091644287109375 0.017669677734375 -0.0703201293945312
-0.0408477783203125 -0.0777053833007812 0.0720748901367188 0.00473022460937499
-0.076995849609375 -0.0162734985351563 0.127326965332031 -0.0616226196289063
-0.0625953674316406 0.0375137329101562 0.085693359375 -0.14813232421875
-0.025970458984375 0.07196044921875 0.00732421874999999 -0.194976806640625
-0.0138969421386719 0.0574722290039063 -0.0498199462890625 -0.180831909179688
-0.0241279602050781 0.0458526611328125 -0.0551681518554688 -0.140174865722656
-0.0349464416503906 0.0500602722167969 -0.0392684936523437 -0.113235473632813
-0.0560188293457031 0.0149574279785156 -0.0251846313476563 -0.089324951171875
-0.0516929626464844 -0.0376129150390625 -0.02301025390625 -0.0672988891601563
-0.00156784057617188 -0.0686149597167969 -0.03839111328125 -0.0846176147460938
0.0789260864257813 -0.053497314453125 -0.04827880859375 -0.14874267578125
0.119377136230469 0.00121307373046875 -0.039398193359375 -0.229293823242187
0.106216430664063 0.0590362548828125 -0.0113677978515625 -0.228164672851563
0.0888290405273438 0.0986328125 0.123138427734375 -0.201339721679688
0.0850296020507812 -0.00662994384765625 0.0454750061035156 -0.0608978271484375
0.0251083374023438 -0.0280647277832031 0.091339111328125 0.0121536254882812
-0.00432777404785157 -0.0213661193847656 0.151458740234375 -0.061737060546875
-0.0118741989135742 -0.00339221954345703 0.106521606445313 -0.15338134765625
-0.00745582580566406 0.00606250762939453 0.0188751220703125 -0.208023071289063
-0.0183868408203125 -0.0107593536376953 -0.048431396484375 -0.193405151367187
-0.0225715637207031 -0.0177936553955078 -0.0561065673828125 -0.145782470703125
-0.0272579193115234 -0.0220241546630859 -0.0385284423828125 -0.116180419921875
-0.0201072692871094 -0.0460662841796875 -0.0216751098632812 -0.0943679809570313
0.0123634338378906 -0.0646438598632813 -0.0208015441894531 -0.0600051879882813
0.0654296875 -0.0548820495605469 -0.0348777770996094 -0.0677528381347656
0.115257263183594 0.0162353515625 -0.05682373046875 -0.119300842285156
0.126594543457031 0.0940933227539062 -0.0429534912109375 -0.192184448242188
0.08868408203125 0.14849853515625 0.00338745117187501 -0.189346313476563
0.056243896484375 0.191192626953125 0.155227661132813 -0.150527954101563
0.1007080078125 0.0936508178710938 0.0739822387695312 -0.0261383056640625
0.0890045166015625 0.0422515869140625 0.111442565917969 0.0319442749023438
0.0794830322265625 -0.0131301879882813 0.1728515625 -0.0483856201171875
0.0500373840332031 -0.0413055419921875 0.123634338378906 -0.140365600585938
0.0192985534667969 -0.0618362426757813 0.0333251953125 -0.197586059570313
-0.0177536010742188 -0.078216552734375 -0.037872314453125 -0.182769775390625
-0.018341064453125 -0.0793609619140625 -0.0497207641601563 -0.129447937011719
-0.0206298828125 -0.0898895263671875 -0.0331344604492188 -0.0963287353515625
0.00797271728515624 -0.10235595703125 -0.0222015380859375 -0.0780029296875
0.0637283325195313 -0.0934982299804688 -0.0254096984863281 -0.0389022827148438
0.119064331054688 -0.0533523559570313 -0.0391426086425781 -0.044830322265625
0.149124145507813 0.0626068115234375 -0.0658721923828125 -0.087432861328125
0.135833740234375 0.159622192382813 -0.0411376953125 -0.145004272460938
0.071319580078125 0.212356567382813 0.0101318359375 -0.127548217773437
0.00746154785156252 0.255325317382813 0.169952392578125 -0.068817138671875
0.088836669921875 0.188369750976563 0.0957794189453125 0.0327377319335938
0.134048461914063 0.1240234375 0.125579833984375 0.06396484375
0.15679931640625 0.0138702392578125 0.181915283203125 -0.019439697265625
0.114677429199219 -0.0649032592773438 0.13201904296875 -0.108009338378906
0.0518035888671875 -0.11883544921875 0.045989990234375 -0.162887573242188
-0.011199951171875 -0.134132385253906 -0.02056884765625 -0.147247314453125
-0.0129623413085937 -0.129196166992188 -0.0353851318359375 -0.0942230224609375
-0.0155029296875 -0.14508056640625 -0.022674560546875 -0.057220458984375
0.024932861328125 -0.14862060546875 -0.0217514038085938 -0.0432815551757813
0.099639892578125 -0.120491027832031 -0.0306396484375 -0.00850296020507813
0.155746459960938 -0.05816650390625 -0.045074462890625 -0.0188446044921875
0.17132568359375 0.0907745361328125 -0.0690498352050781 -0.0589027404785156
0.137222290039063 0.199356079101563 -0.02703857421875 -0.0975418090820313
0.0492706298828125 0.247543334960937 0.0135498046875 -0.0532608032226562
-0.0489654541015625 0.272659301757813 0.16143798828125 0.0311279296875
0.046295166015625 0.247665405273438 0.103172302246094 0.107627868652344
0.140289306640625 0.194488525390625 0.125541687011719 0.1005859375
0.203659057617187 0.0551910400390625 0.172821044921875 0.0190582275390625
0.165374755859375 -0.0647125244140625 0.124214172363281 -0.06011962890625
0.0837860107421875 -0.152969360351562 0.051239013671875 -0.107139587402344
-0.000106811523437482 -0.169998168945313 -0.00215911865234376 -0.0927352905273438
-0.005828857421875 -0.159042358398438 -0.0158157348632813 -0.0446853637695313
-0.00984191894531249 -0.178756713867188 -0.00702619552612305 -0.00638532638549806
0.035186767578125 -0.17718505859375 -0.018951416015625 0.0038928985595703
0.120307922363281 -0.135055541992188 -0.0361862182617187 0.029327392578125
0.175628662109375 -0.05841064453125 -0.0523529052734375 0.005859375
0.17559814453125 0.1094970703125 -0.0652542114257813 -0.0376548767089844
0.119949340820313 0.218307495117188 -0.00458908081054687 -0.0529708862304687
0.0179901123046875 0.254119873046875 0.0127830505371094 0.0252933502197266
-0.096466064453125 0.23760986328125 0.13165283203125 0.126571655273438
-0.0116729736328125 0.250411987304688 0.0908355712890625 0.178268432617188
0.100631713867187 0.22564697265625 0.109786987304688 0.131813049316406
0.200042724609375 0.0940704345703125 0.142303466796875 0.0553131103515625
0.181076049804688 -0.0441741943359375 0.0996627807617188 -0.00966644287109375
0.103469848632812 -0.15423583984375 0.0468177795410156 -0.0429000854492188
0.012054443359375 -0.1754150390625 0.0138092041015625 -0.0274429321289063
0.00230407714843748 -0.16400146484375 0.00583457946777344 0.0116968154907226
-0.00328063964843748 -0.186004638671875 0.0102882385253906 0.0496406555175781
0.0408477783203125 -0.182876586914063 -0.0154533386230469 0.0566864013671875
0.128341674804688 -0.133079528808594 -0.0425071716308594 0.0680465698242187
0.177886962890625 -0.0489044189453125 -0.0616531372070312 0.0278778076171875
0.159591674804688 0.124496459960938 -0.0609970092773437 -0.0231361389160156
0.0836029052734375 0.220718383789063 0.0157766342163086 -0.0125331878662109
-0.023773193359375 0.23406982421875 0.000968933105468739 0.101531982421875
-0.12567138671875 0.1563720703125 0.0910797119140625 0.19921875
-0.0648345947265625 0.195053100585938 0.066680908203125 0.225662231445313
0.03955078125 0.20172119140625 0.0872650146484375 0.1448974609375
0.151260375976563 0.10992431640625 0.101951599121094 0.0781402587890625
0.158065795898438 -0.015472412109375 0.0665092468261719 0.0299301147460937
0.102516174316406 -0.127120971679688 0.0357475280761719 0.0166511535644531
0.0214080810546875 -0.153305053710938 0.0249862670898438 0.0356025695800781
0.0095977783203125 -0.143768310546875 0.0261802673339844 0.0659637451171875
0.00349426269531248 -0.166702270507813 0.025726318359375 0.102066040039062
0.04296875 -0.163650512695312 -0.01318359375 0.107810974121094
0.121910095214844 -0.114845275878906 -0.0513687133789063 0.10382080078125
0.1627197265625 -0.0317840576171875 -0.0735702514648437 0.0470962524414063
0.1282958984375 0.130462646484375 -0.0616073608398437 -0.0123748779296875
0.0365753173828125 0.205352783203125 0.0233802795410156 0.0259170532226563
-0.067169189453125 0.188095092773437 -0.02362060546875 0.166275024414063
-0.131263732910156 0.0494613647460938 0.0523529052734375 0.23260498046875
-0.0963973999023437 0.104728698730469 0.045928955078125 0.240463256835937
-0.0202484130859375 0.134941101074219 0.0687942504882812 0.139869689941406
0.07952880859375 0.0973358154296875 0.0676116943359375 0.0851058959960938
0.105201721191406 0.009552001953125 0.0371360778808594 0.0532493591308594
0.0807952880859375 -0.0799560546875 0.0240478515625 0.0600776672363281
0.025604248046875 -0.106376647949219 0.032562255859375 0.0847625732421875
0.0137557983398438 -0.102867126464844 0.041839599609375 0.109275817871094
0.0099639892578125 -0.122283935546875 0.0377044677734375 0.145751953125
0.0385894775390625 -0.122642517089844 -0.0150604248046875 0.153045654296875
0.101432800292969 -0.0836029052734375 -0.0628814697265625 0.133987426757813
0.1298828125 -0.0125579833984375 -0.0899200439453125 0.0622711181640625
0.0831680297851563 0.120964050292969 -0.0678749084472656 -0.00377655029296873
-0.013580322265625 0.16357421875 0.0161018371582031 0.0567131042480469
-0.101638793945313 0.117424011230469 -0.06170654296875 0.212692260742188
0.103172302246094 -0.00494384765625 0.0796661376953125 -0.22943115234375
0.0473175048828125 -0.0947189331054688 0.016845703125 -0.0715179443359375
-0.0455703735351563 -0.0773773193359375 0.0756607055664063 0.00620269775390625
-0.0795822143554688 -0.0129547119140625 0.132659912109375 -0.0656204223632813
-0.0614089965820312 0.0409164428710938 0.086029052734375 -0.154342651367188
-0.0223007202148437 0.0732040405273437 0.00338745117187499 -0.200851440429688
-0.0102806091308594 0.0586395263671875 -0.056640625 -0.185836791992188
-0.0228157043457031 0.0482978820800781 -0.0611572265625 -0.142608642578125
-0.0322723388671875 0.0520286560058594 -0.0455322265625 -0.115242004394531
-0.0554771423339844 0.0186004638671875 -0.0305099487304688 -0.0915756225585938
-0.0533332824707031 -0.0349502563476563 -0.0282745361328125 -0.07220458984375
-0.00430679321289062 -0.0698928833007813 -0.0406723022460938 -0.0914764404296875
0.078369140625 -0.05731201171875 -0.049102783203125 -0.154998779296875
0.12091064453125 -0.002777099609375 -0.0421600341796875 -0.236984252929688
0.110214233398438 0.057098388671875 -0.0155792236328125 -0.239166259765625
0.093414306640625 0.100578308105469 0.122467041015625 -0.212783813476563
0.0867843627929688 -0.0083160400390625 0.0439186096191406 -0.0627517700195313
0.0254993438720703 -0.0282230377197266 0.09478759765625 0.0139236450195312
-0.00438690185546875 -0.0209732055664063 0.156448364257813 -0.065582275390625
-0.0112924575805664 -0.00289535522460937 0.106735229492188 -0.159393310546875
-0.00519323348999024 0.00525712966918945 0.0146026611328125 -0.214370727539062
-0.0173616409301758 -0.0115022659301758 -0.0567626953125 -0.197647094726563
-0.0233325958251953 -0.0176353454589844 -0.063079833984375 -0.147354125976563
-0.0276527404785156 -0.0224094390869141 -0.0450210571289063 -0.117851257324219
-0.0209693908691406 -0.0464744567871094 -0.0283966064453125 -0.09625244140625
0.0116767883300781 -0.0656394958496094 -0.0262603759765625 -0.0649337768554688
0.0662879943847656 -0.0568466186523438 -0.0370941162109375 -0.0736618041992188
0.118705749511719 0.01434326171875 -0.057769775390625 -0.125144958496094
0.132186889648437 0.0936813354492188 -0.04547119140625 -0.199844360351562
0.0944976806640625 0.151702880859375 0.000732421875000025 -0.19940185546875
0.0620269775390625 0.1966552734375 0.156768798828125 -0.159820556640625
0.105491638183594 0.0946426391601563 0.074249267578125 -0.0268707275390625
0.0944366455078125 0.0428085327148437 0.114990234375 0.0341110229492188
0.082305908203125 -0.0149002075195313 0.178176879882813 -0.0513153076171875
0.0521125793457031 -0.0431251525878906 0.125076293945313 -0.145355224609375
0.0202674865722656 -0.0653305053710938 0.0294189453125 -0.203781127929688
-0.0193328857421875 -0.0804977416992188 -0.0439453125 -0.18707275390625
-0.0211257934570313 -0.0813369750976563 -0.0558547973632812 -0.131103515625
-0.0234756469726563 -0.0933303833007813 -0.0389175415039063 -0.097137451171875
0.00540924072265625 -0.10638427734375 -0.0290756225585937 -0.0797348022460938
0.0646286010742188 -0.0984344482421875 -0.0304183959960937 -0.0428428649902344
0.122001647949219 -0.0578231811523437 -0.041900634765625 -0.0500411987304688
0.156036376953125 0.061920166015625 -0.0674667358398437 -0.0929718017578125
0.144485473632813 0.161697387695313 -0.043304443359375 -0.151779174804688
0.0772857666015625 0.219329833984375 0.00758361816406251 -0.137184143066406
0.0135955810546875 0.264129638671875 0.172882080078125 -0.075164794921875
0.095062255859375 0.191909790039062 0.0970077514648438 0.0338516235351563
0.143814086914062 0.126358032226562 0.129745483398437 0.06671142578125
0.164337158203125 0.0101318359375 0.18817138671875 -0.021148681640625
0.117851257324219 -0.0698699951171875 0.134475708007813 -0.111900329589844
0.05206298828125 -0.12542724609375 0.043853759765625 -0.168045043945313
-0.0147171020507812 -0.1383056640625 -0.0263671875 -0.150711059570313
-0.0170669555664063 -0.133529663085938 -0.0412979125976563 -0.094024658203125
-0.0206298828125 -0.14996337890625 -0.0267868041992188 -0.0573806762695313
0.0211181640625 -0.155746459960937 -0.0288925170898438 -0.043365478515625
0.0997695922851563 -0.128318786621094 -0.0360984802246094 -0.00884246826171875
0.160018920898438 -0.0648345947265625 -0.0489082336425781 -0.022003173828125
0.18182373046875 0.090606689453125 -0.070892333984375 -0.0628433227539062
0.148818969726563 0.202865600585938 -0.02972412109375 -0.103378295898437
0.055999755859375 0.255905151367188 0.0127754211425781 -0.0602455139160156
-0.043487548828125 0.284393310546875 0.166412353515625 0.028411865234375
0.054107666015625 0.255020141601563 0.104698181152344 0.110237121582031
0.152114868164063 0.1986083984375 0.128646850585938 0.104522705078125
0.212921142578125 0.051544189453125 0.177993774414063 0.019622802734375
0.168411254882812 -0.0709381103515625 0.128028869628906 -0.0619430541992188
0.0829925537109375 -0.16143798828125 0.0515594482421875 -0.111335754394531
-0.00564575195312499 -0.175094604492188 -0.00582885742187499 -0.0943603515625
-0.0112457275390625 -0.163558959960938 -0.0191993713378906 -0.0441474914550781
-0.0174102783203125 -0.18499755859375 -0.00902938842773438 -0.00539875030517579
0.029693603515625 -0.185546875 -0.0248165130615234 0.00639724731445312
0.121109008789063 -0.144973754882812 -0.0412864685058594 0.0306434631347656
0.18115234375 -0.066558837890625 -0.055877685546875 0.00479507446289062
0.1875 0.109283447265625 -0.0670928955078125 -0.0412025451660156
0.132598876953125 0.223587036132812 -0.00605392456054687 -0.0580673217773437
0.0234832763671875 0.263259887695313 0.0121726989746094 0.0213794708251953
-0.093231201171875 0.250045776367187 0.137245178222656 0.129150390625
-0.00579833984374997 0.260452270507813 0.09368896484375 0.1820068359375
0.11224365234375 0.231643676757813 0.112129211425781 0.135169982910156
0.210601806640625 0.0914306640625 0.146804809570313 0.0572967529296875
0.185699462890625 -0.051055908203125 0.103591918945313 -0.010650634765625
0.101425170898438 -0.163619995117188 0.048919677734375 -0.045013427734375
0.006256103515625 -0.181793212890625 0.0128536224365234 -0.0278701782226563
-0.0031890869140625 -0.1689453125 0.00535774230957031 0.0128803253173828
-0.0105133056640625 -0.191925048828125 0.0101699829101562 0.0513839721679687
0.0352020263671875 -0.190719604492187 -0.018463134765625 0.0607986450195312
0.128372192382813 -0.144012451171875 -0.0451126098632813 0.0715484619140625
0.183700561523437 -0.0567626953125 -0.0648078918457031 0.0288314819335937
0.171981811523438 0.124465942382813 -0.063934326171875 -0.0256004333496094
0.0953521728515625 0.227249145507813 0.0150365829467773 -0.0171089172363281
-0.019866943359375 0.243316650390625 0.00212860107421875 0.101150512695313
-0.124664306640625 0.166549682617188 0.0967559814453125 0.205154418945313
-0.06097412109375 0.205001831054688 0.0700225830078125 0.23236083984375
0.0496673583984375 0.208328247070313 0.0883026123046875 0.15081787109375
0.162338256835938 0.1075439453125 0.10504150390625 0.0819244384765625
0.162887573242188 -0.0211334228515625 0.0699005126953125 0.0312728881835938
0.100982666015625 -0.135414123535156 0.0390586853027344 0.0165176391601562
0.0162811279296875 -0.15826416015625 0.0270729064941406 0.0362319946289062
0.00379943847656249 -0.14874267578125 0.0270156860351563 0.0673408508300781
-0.00335693359375001 -0.171371459960938 0.0291976928710938 0.105369567871094
0.036865234375 -0.170928955078125 -0.01416015625 0.112724304199219
0.122215270996094 -0.124557495117188 -0.0529708862304688 0.1092529296875
0.16729736328125 -0.038726806640625 -0.0765533447265625 0.0505142211914062
0.139411926269531 0.132583618164063 -0.0646858215332031 -0.0134544372558594
0.0466156005859375 0.211090087890625 0.0247764587402344 0.0218372344970703
-0.064544677734375 0.196182250976562 -0.0216522216796875 0.170913696289063
-0.132644653320313 0.0572357177734375 0.0570220947265625 0.242233276367187
-0.0955352783203125 0.111984252929687 0.049041748046875 0.247695922851563
-0.0148468017578125 0.140884399414062 0.0698089599609375 0.145233154296875
0.0866928100585938 0.0965728759765625 0.0700912475585937 0.0900726318359375
0.108589172363281 0.005035400390625 0.0406761169433594 0.0567207336425781
0.0790023803710937 -0.0855026245117188 0.0281257629394531 0.0624465942382812
0.02105712890625 -0.109214782714844 0.0354080200195312 0.0868377685546875
0.00891876220703124 -0.105667114257813 0.0455856323242188 0.111930847167969
0.00489807128906251 -0.126800537109375 0.0420989990234375 0.149368286132813
0.0338973999023438 -0.128280639648438 -0.0130615234375 0.158798217773437
0.101844787597656 -0.0899124145507813 -0.0629425048828125 0.140792846679688
0.13311767578125 -0.0178985595703125 -0.093536376953125 0.0661087036132812
0.0912017822265625 0.121749877929688 -0.0718307495117188 -0.0052490234375
-0.0071258544921875 0.16851806640625 0.0180816650390625 0.0548095703125
-0.101333618164062 0.123703002929688 -0.059600830078125 0.220138549804688
0.106941223144531 -0.009796142578125 0.0743865966796875 -0.245925903320312
0.043975830078125 -0.102195739746094 0.013519287109375 -0.0751571655273438
-0.0518264770507813 -0.077880859375 0.0806961059570313 0.00543975830078125
-0.0840301513671875 -0.00917816162109374 0.138595581054688 -0.0722885131835938
-0.0614051818847656 0.0469245910644531 0.0862274169921875 -0.164764404296875
-0.0187911987304688 0.0771484375 -0.00459289550781248 -0.210433959960937
-0.00654983520507812 0.0607376098632812 -0.0676422119140625 -0.191726684570312
-0.0204505920410156 0.0520401000976562 -0.0708160400390625 -0.146347045898438
-0.0305252075195312 0.0555343627929688 -0.0543441772460938 -0.117721557617188
-0.0555000305175781 0.0224800109863281 -0.0375213623046875 -0.0943984985351563
-0.0569839477539063 -0.0319175720214844 -0.0354690551757813 -0.07794189453125
-0.00830078125 -0.0722503662109375 -0.046600341796875 -0.0997695922851562
0.07769775390625 -0.0642166137695313 -0.053863525390625 -0.163833618164063
0.125267028808594 -0.009002685546875 -0.0510101318359375 -0.24969482421875
0.117385864257812 0.0553131103515625 -0.0239105224609375 -0.254226684570313
0.101448059082031 0.10174560546875 0.120254516601563 -0.230422973632813
0.0893707275390625 -0.01214599609375 0.0430564880371094 -0.0667304992675781
0.0257911682128906 -0.0297050476074219 0.100173950195313 0.0132598876953125
-0.00457191467285156 -0.0206928253173828 0.163330078125 -0.0738525390625
-0.0095977783203125 -0.00247669219970703 0.106796264648438 -0.170150756835937
-0.00324130058288574 0.00342130661010742 0.00642395019531252 -0.224746704101562
-0.0167236328125 -0.0125894546508789 -0.0678558349609375 -0.204437255859375
-0.0238151550292969 -0.018341064453125 -0.0738067626953125 -0.15045166015625
-0.0302047729492187 -0.0230484008789063 -0.054901123046875 -0.120933532714844
-0.0230789184570312 -0.0483970642089844 -0.0375213623046875 -0.0998916625976563
0.0100860595703125 -0.068023681640625 -0.0333786010742188 -0.0702629089355469
0.0668907165527344 -0.0616645812988281 -0.0428848266601563 -0.081390380859375
0.12445068359375 0.0103683471679688 -0.06243896484375 -0.132064819335937
0.142196655273438 0.09246826171875 -0.0537261962890625 -0.210830688476563
0.104293823242187 0.15679931640625 -0.00682067871093751 -0.21429443359375
0.0738067626953125 0.204849243164063 0.158233642578125 -0.175201416015625
0.115043640136719 0.0953750610351563 0.0750656127929688 -0.030242919921875
0.102676391601563 0.0420074462890625 0.121894836425781 0.0353546142578125
0.0876922607421875 -0.0186920166015625 0.185897827148438 -0.058563232421875
0.0550193786621094 -0.0480117797851563 0.127410888671875 -0.15594482421875
0.0200347900390625 -0.0723114013671875 0.0238494873046875 -0.2139892578125
-0.023101806640625 -0.0849380493164063 -0.0556182861328125 -0.193206787109375
-0.0254974365234375 -0.085052490234375 -0.0656051635742187 -0.133773803710938
-0.0297164916992187 -0.0976409912109375 -0.0473785400390625 -0.0990371704101563
0.0010833740234375 -0.113212585449219 -0.0388259887695312 -0.08099365234375
0.0640106201171875 -0.106002807617188 -0.0387725830078125 -0.0453109741210938
0.12701416015625 -0.06585693359375 -0.0477828979492187 -0.0553092956542969
0.1671142578125 0.059478759765625 -0.0720291137695312 -0.0991897583007813
0.159835815429688 0.164657592773438 -0.0502777099609375 -0.161056518554688
0.0889739990234375 0.228744506835938 0.002166748046875 -0.14971923828125
0.0260009765625 0.278640747070313 0.1781005859375 -0.0872039794921875
0.108612060546875 0.198638916015625 0.100700378417969 0.0327987670898438
0.15887451171875 0.127090454101562 0.136489868164063 0.0690536499023438
0.174346923828125 0.0038604736328125 0.196929931640625 -0.0266876220703125
0.122413635253906 -0.0783462524414063 0.137985229492188 -0.121063232421875
0.0500259399414062 -0.136451721191406 0.0407257080078125 -0.177352905273437
-0.02130126953125 -0.14544677734375 -0.0356597900390625 -0.155990600585937
-0.024322509765625 -0.138580322265625 -0.0489120483398438 -0.0954055786132813
-0.0305328369140625 -0.157928466796875 -0.0336990356445312 -0.0575637817382813
0.0140533447265625 -0.165496826171875 -0.0366554260253906 -0.0432662963867188
0.0999755859375 -0.1400146484375 -0.0430068969726562 -0.00974655151367188
0.167633056640625 -0.0759735107421875 -0.0547904968261719 -0.0248260498046875
0.197799682617188 0.0869598388671875 -0.0758743286132813 -0.0676345825195312
0.166778564453125 0.206771850585938 -0.0338516235351562 -0.111305236816406
0.0681304931640625 0.268569946289063 0.00923156738281251 -0.0687408447265625
-0.033416748046875 0.30267333984375 0.174087524414062 0.0229339599609375
0.0684661865234375 0.266586303710937 0.111122131347656 0.113868713378906
0.170211791992188 0.202865600585938 0.136344909667969 0.109817504882813
0.22894287109375 0.0435943603515625 0.1871337890625 0.0164337158203125
0.175918579101563 -0.0830230712890625 0.133064270019531 -0.0683822631835938
0.0804443359375 -0.175140380859375 0.0508346557617188 -0.117935180664063
-0.013458251953125 -0.183517456054688 -0.0104598999023438 -0.097320556640625
-0.0201416015625 -0.170944213867188 -0.0240287780761719 -0.0437660217285156
-0.0288848876953125 -0.194183349609375 -0.0126409530639648 -0.0036449432373047
0.02081298828125 -0.197113037109375 -0.0299968719482422 0.00957870483398436
0.119338989257813 -0.159286499023438 -0.0450973510742188 0.0337448120117187
0.1885986328125 -0.0797882080078125 -0.0603599548339844 0.00531387329101562
0.205245971679688 0.10650634765625 -0.073211669921875 -0.0442428588867188
0.151458740234375 0.228378295898437 -0.00897216796874998 -0.0642051696777344
0.0355377197265625 0.278213500976563 0.0130138397216797 0.0180702209472656
-0.08636474609375 0.26934814453125 0.1483154296875 0.131317138671875
0.00617980957031248 0.275146484375 0.1019287109375 0.189407348632813
0.131256103515625 0.238906860351562 0.119537353515625 0.14306640625
0.228286743164062 0.0845794677734375 0.15435791015625 0.0579833984375
0.194091796875 -0.06170654296875 0.108894348144531 -0.0118865966796875
0.099853515625 -0.177932739257813 0.0508193969726563 -0.0482711791992188
-0.00260925292968752 -0.190765380859375 0.0124187469482422 -0.0296058654785156
-0.01251220703125 -0.177322387695313 0.00406360626220703 0.014404296875
-0.0222320556640625 -0.20318603515625 0.0113792419433594 0.0552520751953125
0.024658203125 -0.201980590820313 -0.0206680297851562 0.0661430358886719
0.127059936523438 -0.158676147460938 -0.0479660034179687 0.0775375366210938
0.190597534179688 -0.0690765380859375 -0.0673637390136719 0.0311050415039062
0.189712524414062 0.123382568359375 -0.06915283203125 -0.0269546508789062
0.113861083984375 0.234222412109375 0.0144100189208984 -0.021432876586914
-0.01092529296875 0.258163452148438 0.005584716796875 0.1033935546875
-0.123001098632812 0.183578491210938 0.108306884765625 0.213455200195313
-0.0540313720703125 0.218719482421875 0.079010009765625 0.243881225585937
0.0629730224609375 0.21881103515625 0.0948333740234375 0.158309936523437
0.178085327148438 0.10455322265625 0.111915588378906 0.0852508544921875
0.170150756835938 -0.03045654296875 0.0750885009765625 0.0329208374023438
0.098724365234375 -0.148574829101563 0.0437393188476563 0.0168190002441406
0.00897216796875 -0.167343139648438 0.0298843383789063 0.0372810363769531
-0.00387573242187501 -0.155502319335938 0.03076171875 0.07000732421875
-0.0133514404296875 -0.180160522460938 0.0337371826171875 0.109931945800781
0.0285797119140625 -0.181732177734375 -0.0126419067382812 0.120552062988281
0.122154235839844 -0.137802124023437 -0.0525588989257813 0.118576049804688
0.174819946289063 -0.0500335693359375 -0.0797576904296875 0.0543365478515625
0.153900146484375 0.131805419921875 -0.0692024230957031 -0.0149192810058594
0.0608978271484375 0.2188720703125 0.0258769989013672 0.0192584991455078
-0.058837890625 0.209152221679688 -0.0175933837890625 0.177520751953125
-0.135490417480469 0.0676727294921875 0.06805419921875 0.255706787109375
-0.0933837890625 0.123390197753906 0.057952880859375 0.262191772460938
-0.00715637207031251 0.149444580078125 0.074127197265625 0.152969360351562
0.0971145629882813 0.0948486328125 0.0763702392578125 0.0966567993164062
0.114265441894531 -0.0005645751953125 0.0469398498535156 0.05926513671875
0.078369140625 -0.0957489013671875 0.0345687866210938 0.064239501953125
0.015289306640625 -0.115852355957031 0.0417404174804688 0.08880615234375
0.00382232666015626 -0.111213684082031 0.051025390625 0.114509582519531
-0.002899169921875 -0.132453918457031 0.050201416015625 0.15545654296875
0.0277862548828125 -0.135780334472656 -0.00892639160156251 0.167816162109375
0.100868225097656 -0.100784301757813 -0.0613861083984375 0.151168823242187
0.138412475585938 -0.0248336791992188 -0.096893310546875 0.072540283203125
0.102874755859375 0.124137878417969 -0.0757675170898438 -0.00441741943359376
0.00274658203124999 0.177642822265625 0.0210494995117187 0.0540122985839844
-0.101028442382812 0.133331298828125 -0.0544281005859375 0.232666015625
0.110549926757813 -0.0178375244140625 0.060333251953125 -0.264114379882813
0.0382614135742188 -0.109207153320313 0.0072021484375 -0.0793991088867188
-0.0594406127929688 -0.076324462890625 0.0857162475585938 0.00289154052734375
-0.0875473022460938 -0.00160980224609376 0.1427001953125 -0.0841217041015625
-0.0596237182617187 0.0536651611328125 0.081329345703125 -0.177749633789063
-0.0122451782226562 0.0801239013671875 -0.0182342529296875 -0.220733642578125
-0.00107574462890624 0.0622749328613281 -0.0843658447265625 -0.196624755859375
-0.0162925720214844 0.0559883117675781 -0.084747314453125 -0.147537231445313
-0.0267257690429687 0.0595169067382813 -0.0665359497070313 -0.118675231933594
-0.0541877746582031 0.02789306640625 -0.0475616455078125 -0.095611572265625
-0.060455322265625 -0.0274276733398438 -0.0449676513671875 -0.08209228515625
-0.0147323608398438 -0.0735702514648438 -0.0558090209960938 -0.106315612792969
0.0747833251953125 -0.0722122192382813 -0.06365966796875 -0.17059326171875
0.128227233886719 -0.0184249877929688 -0.067291259765625 -0.2606201171875
0.126747131347656 0.0494537353515625 -0.0403900146484375 -0.268783569335938
0.111831665039063 0.0997238159179688 0.109970092773437 -0.251358032226563
0.0927810668945313 -0.0185394287109375 0.0398025512695313 -0.0721282958984375
0.0258197784423828 -0.0314388275146484 0.106521606445313 0.0100173950195313
-0.00473785400390625 -0.0196342468261719 0.168350219726563 -0.0858001708984375
-0.00836801528930664 -0.00150966644287109 0.103286743164062 -0.1844482421875
-0.00221133232116699 0.00152087211608887 -0.00817871093750002 -0.2352294921875
-0.0182304382324219 -0.0133781433105469 -0.0851287841796875 -0.2086181640625
-0.0255966186523438 -0.0169010162353516 -0.0878753662109375 -0.151535034179688
-0.0323581695556641 -0.0228996276855469 -0.0672378540039062 -0.121025085449219
-0.0264053344726563 -0.0485458374023437 -0.0490036010742188 -0.100784301757812
0.00745391845703125 -0.0706253051757812 -0.0436553955078125 -0.0731353759765625
0.0663566589355469 -0.0679550170898438 -0.05145263671875 -0.0878829956054688
0.130020141601563 0.00313568115234375 -0.0709075927734375 -0.138351440429688
0.153823852539063 0.0872802734375 -0.0673828125 -0.220855712890625
0.1192626953125 0.157135009765625 -0.0206298828125 -0.229446411132813
0.090728759765625 0.210296630859375 0.153366088867188 -0.196502685546875
0.12615966796875 0.092742919921875 0.0752029418945313 -0.0358428955078125
0.111549377441406 0.0377731323242188 0.129547119140625 0.0319747924804688
0.0920639038085937 -0.0244827270507812 0.192581176757812 -0.0711669921875
0.0557594299316406 -0.0538139343261719 0.124420166015625 -0.1705322265625
0.0166397094726563 -0.0794219970703125 0.0111846923828125 -0.225112915039063
-0.0289840698242187 -0.088836669921875 -0.07196044921875 -0.196884155273438
-0.032196044921875 -0.0874557495117188 -0.0788955688476562 -0.132919311523438
-0.0380096435546875 -0.100814819335938 -0.0588150024414062 -0.0988540649414063
-0.00688934326171876 -0.118545532226563 -0.0501327514648438 -0.0809783935546875
0.0604019165039062 -0.115653991699219 -0.0477409362792969 -0.0464324951171875
0.129005432128906 -0.0772552490234375 -0.0555992126464844 -0.0603561401367188
0.180130004882813 0.050567626953125 -0.0798873901367187 -0.103279113769531
0.178909301757812 0.161529541015625 -0.0609893798828125 -0.169036865234375
0.108505249023437 0.235214233398438 -0.00769042968749999 -0.161087036132812
0.0460205078125 0.291778564453125 0.179931640625 -0.104736328125
0.12786865234375 0.200729370117188 0.105155944824219 0.029296875
0.176422119140625 0.122772216796875 0.14630126953125 0.0673675537109375
0.184951782226563 -0.0081787109375 0.204818725585937 -0.0376129150390625
0.124610900878906 -0.0908050537109375 0.137985229492188 -0.1336669921875
0.043060302734375 -0.149002075195313 0.031646728515625 -0.187774658203125
-0.0322723388671875 -0.151763916015625 -0.0483551025390625 -0.15936279296875
-0.035400390625 -0.143829345703125 -0.0591278076171875 -0.0945816040039063
-0.043975830078125 -0.163604736328125 -0.0410804748535156 -0.0562324523925781
0.00152587890625001 -0.17474365234375 -0.045562744140625 -0.0405197143554688
0.0946044921875 -0.15472412109375 -0.0502891540527344 -0.00682449340820313
0.17138671875 -0.0926971435546875 -0.0604400634765625 -0.0269660949707031
0.215011596679688 0.0774993896484375 -0.083343505859375 -0.0701675415039062
0.190383911132813 0.204818725585938 -0.0423736572265625 -0.1177978515625
0.089111328125 0.2789306640625 0.00414276123046875 -0.0763320922851562
-0.0133056640625 0.320953369140625 0.184417724609375 0.011993408203125
0.09002685546875 0.27532958984375 0.12152099609375 0.111946105957031
0.195037841796875 0.201416015625 0.148193359375 0.109756469726563
0.244171142578125 0.029296875 0.1971435546875 0.0078582763671875
0.17889404296875 -0.0995025634765625 0.135536193847656 -0.0782394409179688
0.0711517333984375 -0.19091796875 0.04693603515625 -0.125785827636719
-0.0277252197265625 -0.192413330078125 -0.018707275390625 -0.100845336914063
-0.0337066650390625 -0.17822265625 -0.0291252136230469 -0.042633056640625
-0.045501708984375 -0.20135498046875 -0.0141811370849609 -0.00138854980468751
0.00515747070312501 -0.207977294921875 -0.034271240234375 0.0136852264404297
0.113906860351563 -0.177902221679688 -0.0487403869628906 0.0390892028808593
0.193130493164063 -0.0984039306640625 -0.0650215148925781 0.00530624389648438
0.22564697265625 0.096466064453125 -0.0797805786132812 -0.04498291015625
0.17791748046875 0.229217529296875 -0.0145378112792969 -0.0702362060546875
0.0555419921875 0.29095458984375 0.0132598876953125 0.0147895812988281
-0.071533203125 0.290191650390625 0.164306640625 0.127838134765625
0.026885986328125 0.287841796875 0.116119384765625 0.193328857421875
0.156570434570312 0.241348266601562 0.13232421875 0.145965576171875
0.247665405273438 0.071136474609375 0.166671752929688 0.054412841796875
0.19879150390625 -0.0805816650390625 0.114471435546875 -0.0187606811523438
0.0899200439453125 -0.195785522460938 0.0521926879882813 -0.0535354614257813
-0.0172882080078125 -0.20001220703125 0.00966072082519531 -0.0301856994628906
-0.0272979736328125 -0.184173583984375 0.00443363189697266 0.0157976150512695
-0.040191650390625 -0.21002197265625 0.0152206420898438 0.0572967529296875
0.009552001953125 -0.21441650390625 -0.0199203491210938 0.0721664428710937
0.120925903320313 -0.177566528320313 -0.0474624633789062 0.086029052734375
0.196624755859375 -0.08905029296875 -0.071258544921875 0.0357666015625
0.209869384765625 0.114715576171875 -0.0747299194335937 -0.0272140502929688
0.138565063476562 0.236862182617188 0.0127925872802734 -0.0267887115478515
0.00781250000000001 0.272445678710938 0.0115432739257813 0.105842590332031
-0.113784790039062 0.202972412109375 0.127334594726562 0.21893310546875
-0.04010009765625 0.234527587890625 0.0955352783203125 0.2518310546875
0.083740234375 0.2242431640625 0.106796264648438 0.163497924804688
0.194793701171875 0.0953826904296875 0.1221923828125 0.0862960815429687
0.17681884765625 -0.0456695556640625 0.082672119140625 0.0316085815429688
0.0912017822265625 -0.163909912109375 0.0488624572753906 0.0148353576660156
-0.00437927246093748 -0.174697875976563 0.0326576232910156 0.0373992919921875
-0.0168304443359375 -0.162979125976563 0.035491943359375 0.0718765258789062
-0.0291748046875 -0.187957763671875 0.0416412353515625 0.113388061523438
0.0139923095703125 -0.19158935546875 -0.00694274902343751 0.128776550292969
0.1160888671875 -0.154495239257813 -0.04913330078125 0.128440856933594
0.180084228515625 -0.0660400390625 -0.0817489624023437 0.06158447265625
0.173858642578125 0.125503540039062 -0.0745849609375 -0.0133209228515625
0.081878662109375 0.223480224609375 0.0282173156738281 0.0150337219238281
-0.0473480224609375 0.223709106445312 -0.00634765625000002 0.185775756835938
-0.135833740234375 0.0823822021484375 0.0874481201171875 0.266952514648438
-0.088043212890625 0.136642456054688 0.07403564453125 0.2733154296875
0.00559997558593752 0.156570434570313 0.0847930908203125 0.160629272460938
0.110633850097656 0.0896835327148438 0.0855026245117188 0.099609375
0.119903564453125 -0.0106658935546875 0.054962158203125 0.0618400573730469
0.0731124877929688 -0.106185913085938 0.0428619384765625 0.0647392272949219
0.00617218017578124 -0.121368408203125 0.0502090454101563 0.0907135009765625
-0.00545501708984376 -0.115707397460937 0.0612030029296875 0.116188049316406
-0.0137557983398438 -0.138595581054688 0.06268310546875 0.159713745117188
0.0170440673828125 -0.144454956054688 0.000595092773437503 0.17767333984375
0.0970840454101563 -0.113754272460937 -0.0558013916015625 0.163375854492187
0.14349365234375 -0.0374755859375 -0.0974349975585937 0.0813446044921875
0.11883544921875 0.121620178222656 -0.0808486938476562 -0.00176239013671873
0.0174102783203125 0.183135986328125 0.0248565673828125 0.0514259338378906
-0.0956573486328125 0.146087646484375 -0.041107177734375 0.247039794921875
0.111030578613281 -0.0281448364257813 0.0386505126953125 -0.278549194335937
0.0282821655273437 -0.114471435546875 -0.000114440917968746 -0.0807647705078125
-0.0668563842773438 -0.071441650390625 0.0888595581054688 -0.000747680664062504
-0.0883102416992188 0.00787353515625 0.141494750976563 -0.0968475341796875
-0.0537223815917969 0.0602149963378906 0.070281982421875 -0.18951416015625
-0.00431823730468751 0.0812225341796875 -0.036102294921875 -0.224502563476563
0.00447082519531249 0.0617179870605469 -0.1024169921875 -0.1944580078125
-0.0111656188964844 0.05859375 -0.0991668701171875 -0.143447875976563
-0.0214614868164063 0.0634880065917969 -0.0791702270507812 -0.115196228027344
-0.0508575439453125 0.0335426330566406 -0.0575408935546875 -0.093963623046875
-0.0627632141113281 -0.0211143493652344 -0.0556411743164063 -0.0823135375976563
-0.0222015380859375 -0.072967529296875 -0.0669326782226563 -0.108970642089844
0.0685958862304688 -0.081146240234375 -0.0748291015625 -0.172775268554688
0.127098083496094 -0.0297012329101563 -0.086029052734375 -0.263504028320313
0.132904052734375 0.0398483276367188 -0.0619354248046875 -0.276473999023438
0.121604919433594 0.0924453735351563 0.0906982421875 -0.267654418945313
0.0924758911132812 -0.0257415771484375 0.0331344604492188 -0.0767898559570313
0.0248489379882812 -0.0328788757324219 0.111656188964844 0.00592041015625
-0.00597572326660156 -0.0188407897949219 0.167526245117188 -0.0997161865234375
-0.00701904296875 -0.000885486602783203 0.092315673828125 -0.197067260742188
-0.0006294846534729 -0.000578999519348145 -0.0255126953125 -0.240249633789063
-0.0185451507568359 -0.0144939422607422 -0.10528564453125 -0.206573486328125
-0.0268917083740234 -0.0160694122314453 -0.103836059570313 -0.146484375
-0.0342216491699219 -0.0212860107421875 -0.0798492431640625 -0.117507934570312
-0.0305557250976563 -0.0474090576171875 -0.0615997314453125 -0.09832763671875
0.00286102294921876 -0.0719985961914063 -0.0544815063476562 -0.0726776123046875
0.0629043579101563 -0.0737457275390625 -0.0612640380859375 -0.0918121337890625
0.132514953613281 -0.0079803466796875 -0.0814361572265625 -0.140594482421875
0.1630859375 0.076873779296875 -0.083221435546875 -0.223388671875
0.135040283203125 0.151962280273438 -0.0390472412109375 -0.237197875976562
0.10858154296875 0.208892822265625 0.140609741210938 -0.216262817382813
0.136360168457031 0.0838699340820313 0.0720672607421875 -0.0413742065429688
0.118568420410156 0.0308685302734375 0.136558532714844 0.0264205932617188
0.0936203002929687 -0.0327835083007813 0.192779541015625 -0.086578369140625
0.0549583435058594 -0.0592308044433594 0.116241455078125 -0.183074951171875
0.011474609375 -0.0854263305664063 -0.00553894042968751 -0.231369018554687
-0.03558349609375 -0.089447021484375 -0.0903778076171875 -0.1944580078125
-0.0388565063476562 -0.0866317749023438 -0.0932159423828125 -0.128410339355469
-0.0475921630859375 -0.100608825683594 -0.06976318359375 -0.09478759765625
-0.01678466796875 -0.120918273925781 -0.06195068359375 -0.0778274536132813
0.05316162109375 -0.12353515625 -0.056488037109375 -0.0448799133300781
0.127418518066406 -0.0902938842773438 -0.0635643005371093 -0.0628318786621094
0.189743041992188 0.03692626953125 -0.0881423950195312 -0.103935241699219
0.196273803710938 0.150344848632813 -0.074066162109375 -0.171615600585937
0.129638671875 0.23406982421875 -0.0219879150390625 -0.1695556640625
0.070404052734375 0.295623779296875 0.175277709960938 -0.122344970703125
0.147842407226563 0.194717407226563 0.107795715332031 0.0211029052734375
0.191970825195313 0.112213134765625 0.15338134765625 0.06109619140625
0.189743041992188 -0.0238037109375 0.20758056640625 -0.05279541015625
0.121742248535156 -0.104072570800781 0.132949829101563 -0.146209716796875
0.031707763671875 -0.158035278320313 0.0184783935546875 -0.195098876953125
-0.0454559326171875 -0.153671264648438 -0.06243896484375 -0.158233642578125
-0.0484466552734375 -0.145416259765625 -0.0687942504882813 -0.0914077758789063
-0.059661865234375 -0.163787841796875 -0.0480232238769531 -0.0521583557128906
-0.014434814453125 -0.1796875 -0.053955078125 -0.0355224609375
0.0837554931640625 -0.167495727539062 -0.0562324523925781 -0.00221633911132813
0.168746948242187 -0.1112060546875 -0.0670051574707031 -0.0274505615234375
0.230026245117188 0.0612030029296875 -0.0898895263671875 -0.0703582763671875
0.213592529296875 0.194580078125 -0.052215576171875 -0.120216369628906
0.114700317382813 0.281036376953125 -0.00312042236328123 -0.0829010009765625
0.013092041015625 0.33154296875 0.188613891601562 -0.00286865234374998
0.114944458007813 0.273941040039063 0.130661010742188 0.106956481933594
0.216903686523438 0.19110107421875 0.158493041992188 0.105361938476563
0.25360107421875 0.009185791015625 0.20361328125 -0.0040283203125
0.176925659179688 -0.1175537109375 0.134384155273438 -0.0886077880859375
0.0576171875 -0.204086303710938 0.0387954711914063 -0.133895874023438
-0.0441131591796875 -0.194305419921875 -0.02801513671875 -0.10076904296875
-0.0500640869140625 -0.179916381835938 -0.0349807739257812 -0.0397377014160157
-0.065643310546875 -0.202011108398438 -0.0157976150512695 0.00201702117919921
-0.014007568359375 -0.213653564453125 -0.0369529724121094 0.0197563171386719
0.101119995117188 -0.193496704101562 -0.0495758056640625 0.0458564758300781
0.18994140625 -0.1190185546875 -0.0688934326171875 0.00679779052734375
0.242095947265625 0.0786895751953125 -0.085479736328125 -0.0440902709960938
0.20330810546875 0.21917724609375 -0.0199127197265625 -0.0743637084960937
0.080352783203125 0.295013427734375 0.0130758285522461 0.010793685913086
-0.048583984375 0.303741455078125 0.177383422851563 0.117568969726563
0.05303955078125 0.293304443359375 0.13262939453125 0.191452026367188
0.182754516601563 0.234695434570313 0.14398193359375 0.14312744140625
0.259231567382812 0.0511474609375 0.175537109375 0.048126220703125
0.1973876953125 -0.100845336914062 0.117469787597656 -0.026153564453125
0.074676513671875 -0.208145141601563 0.0513992309570313 -0.0603408813476563
-0.03399658203125 -0.20513916015625 0.00680160522460937 -0.0314769744873047
-0.043426513671875 -0.18560791015625 0.00484085083007812 0.0178165435791015
-0.060943603515625 -0.212905883789063 0.0193405151367188 0.0580101013183594
-0.011566162109375 -0.22125244140625 -0.0178146362304687 0.0791854858398437
0.108444213867187 -0.193191528320313 -0.0447769165039062 0.0919570922851562
0.194595336914063 -0.109848022460937 -0.072723388671875 0.0406341552734375
0.225967407226562 0.0981903076171875 -0.080230712890625 -0.0248641967773437
0.16302490234375 0.229736328125 0.0105094909667969 -0.0323715209960937
0.0290985107421875 0.278961181640625 0.0181732177734375 0.104866027832031
-0.0989227294921875 0.219772338867187 0.14678955078125 0.214797973632813
-0.02032470703125 0.243026733398438 0.11480712890625 0.252410888671875
0.1063232421875 0.222091674804688 0.118972778320312 0.163619995117188
0.210159301757812 0.078277587890625 0.130630493164063 0.0817794799804688
0.1771240234375 -0.0631103515625 0.08770751953125 0.0281448364257812
0.0785675048828125 -0.177337646484375 0.0530281066894531 0.0109596252441406
-0.0193328857421875 -0.179428100585937 0.0367317199707031 0.03570556640625
-0.0309295654296875 -0.165008544921875 0.0408096313476563 0.0720977783203125
-0.0475311279296875 -0.1890869140625 0.0497283935546875 0.113418579101562
-0.00439453124999999 -0.197280883789063 0.00154113769531251 0.1348876953125
0.104644775390625 -0.1700439453125 -0.0406112670898438 0.1376953125
0.180206298828125 -0.083953857421875 -0.0801467895507812 0.0681076049804687
0.190521240234375 0.112823486328125 -0.0792922973632813 -0.0100631713867187
0.104583740234375 0.221145629882812 0.0281448364257813 0.00909805297851564
-0.03155517578125 0.23431396484375 0.00671386718750001 0.190521240234375
-0.129493713378906 0.0980682373046875 0.109817504882812 0.268646240234375
-0.0774688720703125 0.147125244140625 0.0947723388671875 0.278030395507813
0.0196685791015625 0.160751342773437 0.096527099609375 0.161102294921875
0.121475219726562 0.0822372436523437 0.0939559936523438 0.0993881225585937
0.121955871582031 -0.0223464965820313 0.062774658203125 0.0603103637695313
0.0644149780273438 -0.116264343261719 0.0513648986816406 0.0621986389160156
-0.0051422119140625 -0.124015808105469 0.05963134765625 0.0887069702148437
-0.0149307250976563 -0.1187744140625 0.0697784423828125 0.114967346191406
-0.0275115966796875 -0.140609741210937 0.076385498046875 0.158004760742188
0.004791259765625 -0.148483276367188 0.0142059326171875 0.182708740234375
0.0893478393554688 -0.124900817871094 -0.0456390380859375 0.172256469726563
0.144485473632813 -0.0524749755859375 -0.0931625366210938 0.090911865234375
0.134323120117188 0.113624572753906 -0.0846633911132812 0.00170135498046875
0.0352020263671875 0.185958862304687 0.0299949645996094 0.0482254028320313
-0.0860595703125 0.158096313476563 -0.02105712890625 0.256332397460938
0.106857299804688 -0.0365982055664063 0.016937255859375 -0.28240966796875
0.018096923828125 -0.116470336914062 -0.0089569091796875 -0.0794677734375
-0.0710601806640625 -0.0649642944335938 0.0910186767578125 -0.00444793701171876
-0.0849990844726563 0.0137786865234375 0.136497497558594 -0.106338500976563
-0.0468902587890625 0.0649986267089844 0.0599365234375 -0.1939697265625
0.0016937255859375 0.0814208984375 -0.0507049560546875 -0.222885131835938
0.00993728637695312 0.060943603515625 -0.116302490234375 -0.18560791015625
-0.00426864624023438 0.0586433410644531 -0.109626770019531 -0.13385009765625
-0.0138282775878906 0.0648040771484375 -0.08837890625 -0.109062194824219
-0.0460662841796875 0.0378532409667969 -0.06597900390625 -0.0914382934570312
-0.0647964477539063 -0.0146560668945312 -0.0639114379882813 -0.0802154541015625
-0.0274581909179688 -0.0683059692382813 -0.0751190185546875 -0.109954833984375
0.060089111328125 -0.0834503173828125 -0.08526611328125 -0.171218872070313
0.123268127441406 -0.0397491455078125 -0.101547241210937 -0.258834838867188
0.135597229003906 0.031036376953125 -0.0785369873046875 -0.27679443359375
0.128684997558594 0.0866165161132812 0.0711517333984375 -0.276519775390625
0.0897903442382813 -0.0316925048828125 0.0251998901367188 -0.0764694213867187
0.0226593017578125 -0.0329265594482422 0.11163330078125 -0.000267028808593752
-0.00383663177490235 -0.0173015594482422 0.162445068359375 -0.11016845703125
-0.00442934036254883 0.000394344329833984 0.082550048828125 -0.201416015625
-0.00194752216339111 -0.00190317630767822 -0.0409393310546875 -0.23809814453125
-0.0186328887939453 -0.0142879486083984 -0.118270874023437 -0.197830200195312
-0.0259132385253906 -0.0143604278564453 -0.115005493164063 -0.136802673339844
-0.0357093811035156 -0.0194931030273437 -0.0880355834960937 -0.109939575195312
-0.0298652648925781 -0.0463371276855469 -0.0714645385742188 -0.0919876098632813
0.000549316406249997 -0.0702590942382813 -0.0633926391601563 -0.071319580078125
0.0567169189453125 -0.0778274536132812 -0.0690765380859375 -0.0902252197265625
0.130584716796875 -0.0161666870117188 -0.08856201171875 -0.140327453613281
0.169158935546875 0.0651702880859375 -0.0958099365234375 -0.2216796875
0.145675659179688 0.145217895507812 -0.0545196533203125 -0.239944458007812
0.123367309570312 0.200714111328125 0.123992919921875 -0.226165771484375
0.1405029296875 0.07550048828125 0.065948486328125 -0.0472488403320313
0.12225341796875 0.0218353271484375 0.137252807617188 0.0201263427734375
0.0936737060546875 -0.0397491455078125 0.18798828125 -0.097381591796875
0.0529937744140625 -0.0633926391601563 0.103179931640625 -0.191207885742187
0.00376892089843749 -0.0879592895507813 -0.0216522216796875 -0.231887817382813
-0.04241943359375 -0.0903167724609375 -0.103240966796875 -0.186553955078125
-0.046112060546875 -0.0843353271484375 -0.102775573730469 -0.120536804199219
-0.0539703369140625 -0.0978622436523438 -0.0785293579101563 -0.0871810913085938
-0.027008056640625 -0.120864868164063 -0.0702018737792969 -0.0700531005859375
0.045989990234375 -0.127616882324219 -0.0642585754394531 -0.041595458984375
0.121864318847656 -0.0992584228515625 -0.071319580078125 -0.0639801025390625
0.193023681640625 0.0251312255859375 -0.093536376953125 -0.104820251464844
0.20599365234375 0.136077880859375 -0.084625244140625 -0.171646118164062
0.145477294921875 0.226303100585938 -0.0347900390625 -0.171539306640625
0.093170166015625 0.2891845703125 0.165191650390625 -0.137710571289063
0.15948486328125 0.182388305664063 0.107887268066406 0.0147705078125
0.201065063476562 0.100982666015625 0.159820556640625 0.0541534423828125
0.1922607421875 -0.0390777587890625 0.2060546875 -0.064361572265625
0.116539001464844 -0.114913940429688 0.124923706054688 -0.153945922851563
0.0191192626953125 -0.16204833984375 0.00704956054687498 -0.194961547851563
-0.0558929443359375 -0.154464721679687 -0.07550048828125 -0.152633666992188
-0.057159423828125 -0.1422119140625 -0.078125 -0.0826950073242188
-0.0719146728515625 -0.160202026367188 -0.0540809631347656 -0.0465087890625
-0.02691650390625 -0.178741455078125 -0.0595245361328125 -0.0284652709960938
0.0709686279296875 -0.173507690429688 -0.0571823120117187 0.000236511230468736
0.161529541015625 -0.124420166015625 -0.0707626342773437 -0.0276718139648438
0.232772827148438 0.0435791015625 -0.0967864990234375 -0.0692062377929687
0.227691650390625 0.180587768554688 -0.0577926635742188 -0.122543334960937
0.133834838867188 0.27679443359375 -0.0112457275390625 -0.0871734619140625
0.037384033203125 0.330108642578125 0.187393188476563 -0.0188446044921875
0.133132934570313 0.265640258789063 0.134941101074219 0.0958480834960938
0.232421875 0.177978515625 0.16192626953125 0.09735107421875
0.25830078125 -0.009918212890625 0.202377319335938 -0.01434326171875
0.166152954101563 -0.131622314453125 0.128059387207031 -0.0964279174804688
0.040618896484375 -0.210052490234375 0.0325469970703125 -0.135780334472656
-0.0606231689453125 -0.190933227539062 -0.0365676879882813 -0.0992965698242188
-0.0640106201171875 -0.177444458007813 -0.0390815734863281 -0.0352210998535156
-0.0816802978515625 -0.197158813476563 -0.0185489654541016 0.00385284423828124
-0.030914306640625 -0.213760375976563 -0.039306640625 0.0255203247070312
0.086700439453125 -0.200973510742188 -0.0494461059570313 0.0488662719726562
0.181838989257813 -0.133132934570313 -0.0703201293945312 0.00743865966796876
0.24981689453125 0.0610198974609375 -0.0874252319335937 -0.042266845703125
0.217697143554688 0.201522827148438 -0.0259780883789062 -0.07781982421875
0.100128173828125 0.2926025390625 0.0137090682983398 0.0069713592529297
-0.025390625 0.308349609375 0.186172485351563 0.1063232421875
0.070953369140625 0.289276123046875 0.141693115234375 0.182144165039063
0.198623657226563 0.223556518554688 0.151199340820313 0.137435913085938
0.263168334960938 0.0282745361328125 0.176651000976563 0.0389404296875
0.189712524414063 -0.114730834960938 0.116798400878906 -0.0338821411132813
0.057830810546875 -0.216552734375 0.0466117858886719 -0.0617332458496094
-0.0502471923828125 -0.198150634765625 0.00759315490722656 -0.0317535400390625
-0.059783935546875 -0.184494018554688 0.00379753112792969 0.0190582275390625
-0.0777587890625 -0.207687377929688 0.0224761962890625 0.0602684020996094
-0.0301971435546875 -0.219467163085937 -0.0119705200195312 0.0817337036132813
0.0931549072265625 -0.202972412109375 -0.0413818359375 0.095184326171875
0.187835693359375 -0.126434326171875 -0.071990966796875 0.0431671142578125
0.236236572265625 0.0839385986328125 -0.0836563110351562 -0.0241851806640625
0.184967041015625 0.217422485351562 0.00826454162597657 -0.0337562561035156
0.04864501953125 0.280624389648438 0.0223464965820313 0.101036071777344
-0.0794677734375 0.228286743164063 0.1622314453125 0.2042236328125
-0.000305175781249983 0.245346069335938 0.13134765625 0.245986938476563
0.124359130859375 0.217010498046875 0.126007080078125 0.159103393554688
0.217803955078125 0.0627899169921875 0.13714599609375 0.0773162841796875
0.174087524414062 -0.0764617919921875 0.0899810791015625 0.0226211547851563
0.0638580322265625 -0.181427001953125 0.0548934936523438 0.00790023803710936
-0.0348052978515625 -0.179092407226563 0.0372047424316406 0.0339508056640625
-0.046234130859375 -0.162109375 0.0462646484375 0.0703964233398437
-0.062408447265625 -0.1859130859375 0.0587692260742187 0.110313415527344
-0.0218505859375 -0.197158813476562 0.00915527343750001 0.135360717773437
0.091949462890625 -0.178115844726563 -0.0337066650390625 0.141357421875
0.173110961914063 -0.098876953125 -0.0774688720703125 0.0717849731445313
0.200607299804688 0.09759521484375 -0.0802459716796875 -0.00766754150390624
0.121932983398438 0.210006713867188 0.027923583984375 0.00591659545898439
-0.0118255615234375 0.236068725585938 0.0197906494140625 0.18621826171875
-0.117652893066406 0.106605529785156 0.1295166015625 0.263931274414063
-0.0635223388671875 0.153167724609375 0.109329223632813 0.2724609375
0.034027099609375 0.158111572265625 0.1055908203125 0.1585693359375
0.130340576171875 0.0686187744140625 0.103446960449219 0.0952301025390625
0.121208190917969 -0.0351486206054687 0.0667495727539063 0.0588035583496094
0.0530929565429687 -0.121124267578125 0.0570106506347656 0.0568199157714844
-0.0160980224609375 -0.122756958007812 0.0653533935546875 0.0839462280273437
-0.0281219482421875 -0.116065979003906 0.08087158203125 0.110404968261719
-0.0390853881835938 -0.136711120605469 0.0899658203125 0.15423583984375
-0.0076141357421875 -0.146499633789062 0.02392578125 0.181472778320313
0.0788955688476563 -0.132827758789063 -0.033203125 0.177154541015625
0.138053894042969 -0.0627822875976562 -0.0911102294921875 0.097991943359375
0.139122009277344 0.101387023925781 -0.0869674682617187 0.00441741943359378
0.0506744384765625 0.178955078125 0.0290489196777344 0.0424156188964844
-0.0764617919921875 0.160614013671875 -0.0028533935546875 0.257171630859375
0.102951049804688 -0.0404586791992188 0.00335693359374998 -0.280654907226563
0.0121383666992188 -0.115150451660156 -0.014617919921875 -0.076904296875
-0.0736083984375 -0.0603408813476563 0.0914154052734375 -0.00563812255859375
-0.08465576171875 0.0198822021484375 0.135177612304688 -0.110710144042969
-0.0423774719238281 0.0664863586425781 0.05303955078125 -0.194992065429688
0.00624084472656251 0.0790557861328125 -0.05908203125 -0.217254638671875
0.0143089294433594 0.0581436157226563 -0.123748779296875 -0.1805419921875
-0.000785827636718755 0.0585899353027344 -0.113616943359375 -0.129013061523437
-0.0101089477539062 0.0633392333984375 -0.0919876098632812 -0.104148864746094
-0.0428657531738281 0.0390968322753906 -0.0694580078125 -0.0860061645507813
-0.0611419677734375 -0.0100669860839844 -0.0704193115234375 -0.079437255859375
-0.0303268432617188 -0.0659523010253906 -0.0826644897460938 -0.107498168945313
0.0557022094726563 -0.0848464965820313 -0.0877685546875 -0.170455932617188
0.119964599609375 -0.042327880859375 -0.108413696289063 -0.257247924804688
0.136253356933594 0.0236740112304688 -0.0899810791015625 -0.274993896484375
0.129653930664063 0.0793380737304688 0.0567626953125 -0.27947998046875
0.0854034423828125 -0.0349655151367188 0.0190811157226563 -0.0774459838867188
0.0228099822998047 -0.0338859558105469 0.112380981445313 -0.000297546386718752
-0.00353431701660156 -0.0175495147705078 0.159713745117188 -0.115036010742188
-0.00318455696105957 -0.000504016876220703 0.0745391845703125 -0.204559326171875
-0.000693559646606445 -0.00401520729064941 -0.0508575439453125 -0.235107421875
-0.0189495086669922 -0.015106201171875 -0.127120971679687 -0.191986083984375
-0.0262584686279297 -0.013946533203125 -0.118522644042969 -0.130332946777344
-0.0353927612304688 -0.0179786682128906 -0.0947036743164062 -0.10467529296875
-0.0330696105957031 -0.0429229736328125 -0.0762100219726562 -0.0868988037109375
-0.00321197509765625 -0.0701942443847656 -0.0689239501953125 -0.0690994262695313
0.0534820556640625 -0.07952880859375 -0.0756301879882812 -0.0917892456054688
0.128746032714844 -0.0201187133789062 -0.0914764404296875 -0.139106750488281
0.169662475585938 0.0577239990234375 -0.101593017578125 -0.21966552734375
0.149642944335938 0.136795043945313 -0.0661773681640625 -0.241302490234375
0.1298828125 0.196792602539063 0.111114501953125 -0.234115600585938
0.14190673828125 0.0689849853515625 0.0618476867675781 -0.0473442077636719
0.124053955078125 0.01971435546875 0.138046264648438 0.0189590454101563
0.0931320190429688 -0.0437164306640625 0.184982299804688 -0.102691650390625
0.0503883361816406 -0.0681648254394531 0.098114013671875 -0.193145751953125
0.000457763671874991 -0.0905990600585937 -0.0296630859375 -0.228759765625
-0.0466461181640625 -0.0879669189453125 -0.111328125 -0.180984497070312
-0.0487594604492187 -0.08282470703125 -0.107948303222656 -0.112800598144531
-0.0603256225585938 -0.0947265625 -0.0826034545898438 -0.0830459594726563
-0.03173828125 -0.118026733398438 -0.0749359130859375 -0.0647735595703125
0.039794921875 -0.129783630371094 -0.0685691833496094 -0.0382156372070313
0.116622924804688 -0.105270385742188 -0.0766525268554687 -0.06353759765625
0.1922607421875 0.0165863037109375 -0.09661865234375 -0.1033935546875
0.211868286132813 0.127166748046875 -0.0894927978515625 -0.170089721679687
0.155319213867188 0.220779418945312 -0.0425872802734375 -0.17352294921875
0.103271484375 0.287017822265625 0.156524658203125 -0.143707275390625
0.16619873046875 0.1761474609375 0.105010986328125 0.0118789672851563
0.20513916015625 0.091522216796875 0.1600341796875 0.05328369140625
0.189071655273438 -0.0464324951171875 0.202957153320313 -0.06951904296875
0.111259460449219 -0.119453430175781 0.118133544921875 -0.156784057617188
0.0104217529296875 -0.164108276367187 -0.00219726562500001 -0.194747924804688
-0.0635986328125 -0.150344848632813 -0.081695556640625 -0.1458740234375
-0.0652084350585937 -0.138748168945313 -0.0810165405273438 -0.0774688720703125
-0.0803985595703125 -0.156036376953125 -0.0565147399902344 -0.0434646606445313
-0.0379180908203125 -0.176910400390625 -0.0626335144042969 -0.0224838256835938
0.06256103515625 -0.179214477539063 -0.0622978210449219 0.00476837158203124
0.15570068359375 -0.130645751953125 -0.0772628784179687 -0.0265655517578125
0.236038208007813 0.0339202880859375 -0.098358154296875 -0.0686187744140625
0.235015869140625 0.1669921875 -0.0647506713867187 -0.122367858886719
0.144882202148438 0.269973754882813 -0.016265869140625 -0.0891189575195313
0.052581787109375 0.329315185546875 0.184402465820312 -0.0285186767578125
0.1451416015625 0.257766723632813 0.136764526367188 0.093170166015625
0.240219116210938 0.16552734375 0.1658935546875 0.0961456298828125
0.256393432617188 -0.023895263671875 0.202178955078125 -0.019775390625
0.16229248046875 -0.140396118164063 0.125617980957031 -0.0995635986328125
0.02838134765625 -0.211959838867188 0.0268630981445312 -0.135986328125
-0.068267822265625 -0.190093994140625 -0.0400466918945313 -0.094451904296875
-0.0721435546875 -0.173324584960938 -0.042510986328125 -0.0320091247558594
-0.092437744140625 -0.192779541015625 -0.0191783905029297 0.0061206817626953
-0.0440673828125 -0.209503173828125 -0.0388412475585938 0.029693603515625
0.0748291015625 -0.208831787109375 -0.0503921508789063 0.0538063049316406
0.175689697265625 -0.145065307617188 -0.0732269287109375 0.00966644287109374
0.252349853515625 0.0487213134765625 -0.0932083129882813 -0.042144775390625
0.229263305664063 0.192184448242188 -0.0286102294921875 -0.0794601440429688
0.112945556640625 0.28778076171875 0.00985527038574219 0.0026979446411133
-0.00952148437499999 0.310455322265625 0.186996459960938 0.0977630615234375
0.08612060546875 0.284210205078125 0.145721435546875 0.175796508789063
0.21112060546875 0.2135009765625 0.156280517578125 0.1339111328125
0.267990112304688 0.018707275390625 0.178207397460938 0.032867431640625
0.184600830078125 -0.125442504882813 0.115577697753906 -0.03564453125
0.0444488525390625 -0.219345092773438 0.0455207824707031 -0.0660667419433594
-0.0613250732421875 -0.1993408203125 0.00187683105468749 -0.0305881500244141
-0.0684967041015625 -0.180709838867187 0.00333213806152343 0.0184040069580078
-0.090179443359375 -0.202499389648438 0.0237464904785156 0.0589370727539062
-0.0424346923828125 -0.215652465820313 -0.013580322265625 0.0858840942382812
0.0810699462890625 -0.209716796875 -0.0362091064453125 0.0995712280273437
0.178314208984375 -0.136383056640625 -0.0729827880859375 0.0432815551757813
0.241226196289063 0.06817626953125 -0.0866851806640625 -0.0220947265625
0.191680908203125 0.20599365234375 0.00436019897460939 -0.0393486022949219
0.0619049072265625 0.27764892578125 0.0276870727539063 0.0978317260742188
-0.0681304931640625 0.231460571289062 0.1702880859375 0.198440551757813
0.01123046875 0.24456787109375 0.137802124023438 0.239105224609375
0.134567260742187 0.208984375 0.132461547851563 0.157119750976563
0.218826293945313 0.04949951171875 0.139877319335938 0.0754928588867188
0.167724609375 -0.085693359375 0.0935287475585938 0.0213623046875
0.05157470703125 -0.1871337890625 0.0565376281738281 0.00284194946289061
-0.0447235107421875 -0.175674438476562 0.040618896484375 0.0317153930664062
-0.0535430908203125 -0.159698486328125 0.0472984313964844 0.0679168701171875
-0.074798583984375 -0.182174682617188 0.0627517700195312 0.108505249023437
-0.0322418212890625 -0.193695068359375 0.0140151977539062 0.13671875
0.081573486328125 -0.184707641601563 -0.0263519287109375 0.142318725585938
0.167434692382813 -0.110504150390625 -0.0770111083984375 0.0738143920898438
0.206100463867188 0.08648681640625 -0.08343505859375 -0.00687408447265625
0.13177490234375 0.204788208007813 0.0263156890869141 0.0012798309326172
-0.00224304199218748 0.238143920898438 0.025848388671875 0.184524536132813
-0.110107421875 0.113357543945312 0.140945434570313 0.259552001953125
-0.0563507080078125 0.15576171875 0.120101928710937 0.268402099609375
0.04364013671875 0.15631103515625 0.109329223632813 0.157791137695313
0.131332397460938 0.0619125366210938 0.106193542480469 0.0975494384765625
0.117454528808594 -0.03955078125 0.07159423828125 0.0564498901367187
0.0442428588867187 -0.123916625976563 0.0595779418945313 0.0546646118164062
-0.0231399536132813 -0.121795654296875 0.0689315795898438 0.0807113647460937
-0.0328903198242188 -0.114570617675781 0.0818023681640625 0.106719970703125
-0.04766845703125 -0.134483337402344 0.0945281982421875 0.149185180664063
-0.0168304443359375 -0.146163940429688 0.0329437255859375 0.181686401367188
0.0706100463867188 -0.13665771484375 -0.025970458984375 0.178329467773437
0.136375427246094 -0.0699996948242188 -0.0875167846679688 0.09832763671875
0.147445678710938 0.093902587890625 -0.0883102416992187 0.00615692138671875
0.05743408203125 0.175369262695312 0.0304985046386719 0.0392913818359375
-0.065826416015625 0.167800903320313 0.00675964355468752 0.254501342773438
0.10076904296875 -0.0433502197265625 -0.00616455078124999 -0.2835693359375
0.00812530517578125 -0.116226196289063 -0.0181961059570313 -0.075103759765625
-0.0745010375976563 -0.0579071044921875 0.0935821533203125 -0.00440216064453125
-0.0830841064453125 0.0239181518554688 0.135871887207031 -0.116165161132813
-0.0391502380371094 0.0680618286132812 0.050750732421875 -0.199783325195313
0.00957489013671875 0.0789337158203125 -0.0647430419921875 -0.218490600585937
0.0165672302246094 0.0572547912597656 -0.130096435546875 -0.179458618164063
0.00374221801757813 0.0598716735839844 -0.118072509765625 -0.127227783203125
-0.00707626342773437 0.0645599365234375 -0.0968780517578125 -0.101280212402344
-0.039581298828125 0.0408935546875 -0.0730514526367188 -0.0849990844726563
-0.0605735778808594 -0.00720214843750001 -0.0755844116210937 -0.0786285400390625
-0.0320014953613281 -0.0637130737304688 -0.0872726440429687 -0.109786987304687
0.0522308349609375 -0.08575439453125 -0.0894012451171875 -0.173995971679688
0.118324279785156 -0.0462722778320313 -0.11279296875 -0.261337280273438
0.138473510742188 0.020294189453125 -0.09765625 -0.280120849609375
0.131591796875 0.0788497924804688 0.0472412109375 -0.284393310546875
0.0844039916992188 -0.0370254516601563 0.0157012939453125 -0.0768051147460938
0.023529052734375 -0.032379150390625 0.115562438964844 0.000610351562499998
-0.00307941436767578 -0.0171670913696289 0.161056518554688 -0.119674682617188
-0.00139451026916504 -0.00207352638244629 0.07177734375 -0.207809448242188
-0.00186300277709961 -0.00575351715087891 -0.057037353515625 -0.235549926757813
-0.0201492309570313 -0.0162754058837891 -0.13385009765625 -0.189254760742188
-0.0257034301757812 -0.0131111145019531 -0.12384033203125 -0.127731323242188
-0.0353660583496094 -0.017791748046875 -0.0990447998046875 -0.101676940917969
-0.0336456298828125 -0.0425910949707031 -0.08062744140625 -0.08489990234375
-0.00393295288085938 -0.06988525390625 -0.0748214721679687 -0.0677642822265625
0.052886962890625 -0.080718994140625 -0.0823135375976563 -0.0950546264648437
0.128868103027344 -0.0220947265625 -0.0932769775390625 -0.143646240234375
0.171524047851563 0.0550994873046875 -0.106613159179687 -0.223724365234375
0.155502319335938 0.135940551757813 -0.0730133056640625 -0.246353149414063
0.135421752929688 0.196884155273438 0.104476928710938 -0.240188598632813
0.143264770507813 0.066314697265625 0.0585746765136719 -0.0481796264648437
0.126914978027344 0.0178146362304688 0.14111328125 0.02032470703125
0.0945968627929688 -0.046966552734375 0.187026977539062 -0.107254028320313
0.0507736206054688 -0.0709991455078125 0.0964202880859375 -0.195846557617188
-0.0030975341796875 -0.0921249389648438 -0.0349578857421875 -0.229476928710937
-0.0503005981445312 -0.08990478515625 -0.117996215820312 -0.178390502929687
-0.0517959594726563 -0.0830764770507813 -0.112411499023437 -0.109245300292969
-0.0634307861328125 -0.0946731567382813 -0.0869293212890625 -0.0784988403320312
-0.0358505249023438 -0.118751525878906 -0.0797348022460938 -0.0611801147460938
0.03619384765625 -0.132759094238281 -0.0743408203125 -0.0362472534179688
0.115287780761719 -0.108650207519531 -0.0831298828125 -0.0657119750976562
0.194656372070313 0.0126953125 -0.100120544433594 -0.106414794921875
0.217254638671875 0.123489379882813 -0.0933837890625 -0.17498779296875
0.162216186523438 0.220901489257813 -0.0486907958984375 -0.178985595703125
0.11163330078125 0.28851318359375 0.152252197265625 -0.1517333984375
0.17083740234375 0.17486572265625 0.103462219238281 0.00997161865234376
0.211639404296875 0.0883636474609375 0.162582397460938 0.0539703369140625
0.1917724609375 -0.0532989501953125 0.20501708984375 -0.07293701171875
0.109992980957031 -0.124519348144531 0.117340087890625 -0.160018920898438
0.00480651855468749 -0.168106079101563 -0.0061187744140625 -0.196533203125
-0.069732666015625 -0.151748657226563 -0.0863189697265625 -0.145828247070313
-0.0703125 -0.13916015625 -0.0850906372070312 -0.0737152099609375
-0.0875091552734375 -0.15570068359375 -0.0599517822265625 -0.0399932861328125
-0.0446624755859375 -0.17633056640625 -0.0668678283691406 -0.0183792114257813
0.0580291748046875 -0.184829711914063 -0.0659065246582031 0.00768661499023436
0.153640747070313 -0.139266967773438 -0.082794189453125 -0.0282211303710937
0.240127563476563 0.0280303955078125 -0.101600646972656 -0.0711898803710938
0.242706298828125 0.163543701171875 -0.066802978515625 -0.125961303710938
0.153244018554687 0.271697998046875 -0.0204925537109375 -0.0926361083984375
0.0611572265625 0.331695556640625 0.183914184570313 -0.0327606201171875
0.151763916015625 0.255844116210938 0.136306762695312 0.090789794921875
0.248153686523437 0.162704467773438 0.169815063476563 0.0968017578125
0.2587890625 -0.0319061279296875 0.204071044921875 -0.0216522216796875
0.161453247070313 -0.14654541015625 0.125862121582031 -0.101280212402344
0.020416259765625 -0.216049194335937 0.02386474609375 -0.138397216796875
-0.0769500732421875 -0.191482543945313 -0.0438308715820313 -0.0933380126953125
-0.0785980224609375 -0.173477172851563 -0.0441093444824219 -0.0278892517089844
-0.101730346679688 -0.193206787109375 -0.0201644897460938 0.00856399536132811
-0.0522308349609375 -0.210205078125 -0.0423622131347656 0.0345268249511719
0.0692291259765625 -0.214706420898438 -0.0512275695800781 0.0557670593261719
0.172683715820313 -0.153106689453125 -0.0791397094726562 0.00933074951171874
0.256668090820313 0.041656494140625 -0.0968399047851563 -0.0437698364257812
0.237869262695313 0.186431884765625 -0.0324325561523437 -0.0832748413085938
0.122161865234375 0.29046630859375 0.00784873962402344 0.000848293304443377
-0.000152587890624995 0.31298828125 0.189010620117188 0.09295654296875
0.093719482421875 0.284515380859375 0.149093627929688 0.17401123046875
0.219985961914063 0.210830688476563 0.158157348632813 0.136123657226563
0.27032470703125 0.00958251953125 0.181167602539063 0.03271484375
0.183303833007812 -0.13275146484375 0.116523742675781 -0.0351715087890625
0.0357513427734375 -0.223037719726563 0.0454978942871094 -0.0669212341308594
-0.0691375732421875 -0.199264526367187 0.0011138916015625 -0.0307655334472656
-0.07452392578125 -0.18048095703125 0.00205993652343749 0.0212993621826172
-0.0998687744140625 -0.201904296875 0.0243721008300781 0.0595779418945312
-0.0507965087890625 -0.216079711914063 -0.0123062133789063 0.0892791748046875
0.0743560791015625 -0.216812133789062 -0.0360031127929687 0.103324890136719
0.177230834960938 -0.14544677734375 -0.0768508911132813 0.04400634765625
0.24664306640625 0.061920166015625 -0.0904541015625 -0.0235977172851562
0.201492309570312 0.202423095703125 0.00274276733398439 -0.0420188903808594
0.069732666015625 0.28143310546875 0.027618408203125 0.096588134765625
-0.0601806640625 0.235122680664063 0.174667358398437 0.197418212890625
0.018218994140625 0.2454833984375 0.141830444335938 0.2396240234375
0.142730712890625 0.208908081054688 0.134994506835938 0.158859252929688
0.222396850585938 0.0426177978515625 0.14404296875 0.0762481689453125
0.166854858398438 -0.0934906005859375 0.0952987670898438 0.0212020874023437
0.0435791015625 -0.190109252929688 0.0577201843261719 0.00138092041015624
-0.051483154296875 -0.175216674804688 0.0411949157714844 0.0318412780761719
-0.0593414306640625 -0.15997314453125 0.0480918884277344 0.0694808959960937
-0.0828094482421875 -0.181747436523438 0.0656967163085938 0.108963012695313
-0.0403900146484375 -0.194351196289063 0.0155487060546875 0.141448974609375
0.0740814208984375 -0.190841674804688 -0.0244598388671875 0.14556884765625
0.165878295898438 -0.117019653320313 -0.0787353515625 0.0744552612304687
0.211257934570313 0.0807342529296875 -0.0877609252929687 -0.00691223144531248
0.14019775390625 0.20123291015625 0.0255146026611328 -0.00139617919921874
0.00346374511718752 0.24139404296875 0.03125 0.184967041015625
-0.107292175292969 0.116950988769531 0.14825439453125 0.260009765625
-0.0511932373046875 0.157150268554688 0.1260986328125 0.270355224609375
0.049041748046875 0.15655517578125 0.1129150390625 0.162307739257813
0.135490417480469 0.0564346313476562 0.110191345214844 0.0984573364257813
0.116043090820313 -0.0460891723632813 0.0755615234375 0.0576629638671875
0.0385971069335937 -0.12542724609375 0.0638694763183594 0.0528678894042969
-0.0276870727539063 -0.121330261230469 0.0719528198242188 0.0797195434570312
-0.036895751953125 -0.11383056640625 0.0846328735351563 0.106849670410156
-0.0532608032226563 -0.135696411132813 0.0980072021484375 0.149185180664063
-0.023223876953125 -0.146484375 0.036529541015625 0.185745239257813
0.0657196044921875 -0.142593383789063 -0.0226593017578125 0.180694580078125
0.134292602539063 -0.0761489868164063 -0.088897705078125 0.100379943847656
0.152679443359375 0.08935546875 -0.09161376953125 0.00603485107421877
0.06353759765625 0.173782348632813 0.03106689453125 0.0367393493652344
-0.062255859375 0.17156982421875 0.013641357421875 0.255752563476563
0.101531982421875 -0.045745849609375 -0.015533447265625 -0.29290771484375
0.00397491455078126 -0.11968994140625 -0.0222930908203125 -0.074249267578125
-0.077606201171875 -0.0574264526367188 0.0992202758789063 -0.0029144287109375
-0.0837554931640625 0.0280609130859375 0.139793395996094 -0.122505187988281
-0.0371856689453125 0.0710525512695312 0.0498199462890625 -0.208419799804687
0.0135650634765625 0.0804519653320313 -0.071258544921875 -0.223892211914062
0.0194435119628906 0.0579681396484375 -0.139404296875 -0.182205200195313
0.00724029541015625 0.0612640380859375 -0.124885559082031 -0.127792358398437
-0.00344085693359375 0.0671157836914063 -0.103408813476562 -0.101638793945313
-0.038482666015625 0.0431900024414063 -0.0789794921875 -0.0859451293945313
-0.0613937377929688 -0.00438690185546874 -0.0831375122070312 -0.0804443359375
-0.0340614318847656 -0.0631942749023437 -0.0948257446289063 -0.113624572753906
0.0506210327148437 -0.0885086059570313 -0.0940399169921875 -0.18267822265625
0.1202392578125 -0.0501174926757813 -0.121475219726563 -0.271514892578125
0.143234252929688 0.016571044921875 -0.108428955078125 -0.29119873046875
0.136886596679688 0.0799789428710937 0.038909912109375 -0.29571533203125
0.0847930908203125 -0.0399017333984375 0.0119094848632812 -0.0775146484375
0.0252151489257813 -0.0338764190673828 0.121147155761719 0.001678466796875
-0.001617431640625 -0.016932487487793 0.165237426757813 -0.127059936523437
-0.000743389129638672 -0.00287032127380371 0.0710296630859375 -0.217147827148438
-0.00174379348754883 -0.00625991821289063 -0.0640869140625 -0.241790771484375
-0.0211200714111328 -0.0167865753173828 -0.143661499023438 -0.192123413085937
-0.0263519287109375 -0.0135231018066406 -0.131561279296875 -0.127166748046875
-0.0363082885742188 -0.0177421569824219 -0.106231689453125 -0.100906372070313
-0.0350532531738281 -0.0431938171386719 -0.0868453979492188 -0.0845718383789063
-0.0049285888671875 -0.0718994140625 -0.0826873779296875 -0.0681686401367188
0.0532302856445313 -0.0840682983398438 -0.0902252197265625 -0.099090576171875
0.132041931152344 -0.0247268676757813 -0.0980377197265625 -0.150909423828125
0.178268432617187 0.0528411865234375 -0.113540649414062 -0.2340087890625
0.16424560546875 0.1370849609375 -0.0819549560546875 -0.257568359375
0.144622802734375 0.2022705078125 0.098846435546875 -0.2509765625
0.149032592773438 0.0652923583984375 0.0573081970214844 -0.0497589111328125
0.133735656738281 0.0160140991210938 0.147567749023438 0.0214996337890625
0.09814453125 -0.0518264770507813 0.192108154296875 -0.113754272460938
0.0509796142578125 -0.0758132934570312 0.0973968505859375 -0.204025268554688
-0.00640106201171874 -0.0961151123046875 -0.0417022705078125 -0.23577880859375
-0.055328369140625 -0.0929718017578125 -0.127105712890625 -0.180282592773438
-0.0552139282226563 -0.0844268798828125 -0.118667602539062 -0.108039855957031
-0.0687637329101562 -0.0966110229492188 -0.0935897827148437 -0.0782394409179688
-0.0405807495117188 -0.120742797851563 -0.0864410400390625 -0.0584793090820313
0.0342636108398438 -0.1387939453125 -0.0808486938476563 -0.035003662109375
0.116973876953125 -0.115982055664063 -0.0919342041015625 -0.0687713623046875
0.201873779296875 0.01007080078125 -0.105697631835937 -0.112564086914063
0.228118896484375 0.122100830078125 -0.099334716796875 -0.182754516601563
0.173446655273438 0.226119995117188 -0.05682373046875 -0.187545776367188
0.121490478515625 0.297271728515625 0.150955200195313 -0.16156005859375
0.1793212890625 0.17529296875 0.103347778320313 0.00950622558593751
0.222808837890625 0.085906982421875 0.169174194335938 0.056915283203125
0.197418212890625 -0.0613250732421875 0.211715698242188 -0.0776214599609375
0.110816955566406 -0.132858276367188 0.1197509765625 -0.16571044921875
-0.00190734863281248 -0.174102783203125 -0.01043701171875 -0.202651977539063
-0.0779266357421875 -0.156295776367188 -0.0938262939453125 -0.14642333984375
-0.07757568359375 -0.14208984375 -0.0903396606445313 -0.0716094970703125
-0.0970306396484375 -0.158767700195313 -0.0643157958984375 -0.0382080078125
-0.052764892578125 -0.180938720703125 -0.0719680786132813 -0.014434814453125
0.05352783203125 -0.194229125976563 -0.0711822509765625 0.00981903076171874
0.155242919921875 -0.148818969726563 -0.0913467407226562 -0.0302886962890625
0.249786376953125 0.0232696533203125 -0.108451843261719 -0.0755157470703125
0.256515502929688 0.162643432617188 -0.0725250244140625 -0.133636474609375
0.165573120117187 0.279693603515625 -0.02557373046875 -0.0987319946289062
0.07183837890625 0.342437744140625 0.185867309570313 -0.03912353515625
0.163589477539063 0.260787963867188 0.139839172363281 0.0907211303710938
0.262649536132813 0.163116455078125 0.176727294921875 0.101516723632813
0.26763916015625 -0.041748046875 0.2119140625 -0.023651123046875
0.162551879882813 -0.1572265625 0.129714965820313 -0.105270385742188
0.0124053955078125 -0.22332763671875 0.0210418701171875 -0.143951416015625
-0.0856781005859375 -0.1961669921875 -0.0484771728515625 -0.0938796997070313
-0.087310791015625 -0.176666259765625 -0.0476722717285156 -0.0251083374023438
-0.11334228515625 -0.1959228515625 -0.0222702026367188 0.0111370086669922
-0.0612335205078125 -0.214752197265625 -0.0446014404296875 0.0399703979492187
0.063446044921875 -0.225234985351563 -0.0538825988769531 0.0602302551269531
0.174240112304688 -0.165695190429688 -0.0872039794921875 0.00954437255859376
0.268356323242187 0.03607177734375 -0.1038818359375 -0.0464324951171875
0.251800537109375 0.186691284179687 -0.0362319946289062 -0.0886306762695312
0.133880615234375 0.299407958984375 0.00653266906738282 -0.000628948211669903
0.00753784179687501 0.3248291015625 0.197402954101563 0.0901947021484375
0.1031494140625 0.29095458984375 0.15472412109375 0.177993774414063
0.235076904296875 0.213821411132813 0.164993286132813 0.14178466796875
0.280166625976563 -0.0003509521484375 0.188705444335938 0.033050537109375
0.185745239257813 -0.143936157226563 0.121788024902344 -0.0366744995117188
0.028167724609375 -0.23150634765625 0.0452651977539063 -0.0709075927734375
-0.07879638671875 -0.204696655273438 -8.01086425781275E-05 -0.0299568176269531
-0.083984375 -0.184982299804687 0.00127601623535156 0.0244274139404297
-0.111587524414062 -0.205947875976563 0.0259132385253906 0.06304931640625
-0.0612030029296875 -0.221343994140625 -0.0121307373046875 0.0957489013671875
0.06842041015625 -0.228607177734375 -0.0362625122070312 0.108657836914063
0.178680419921875 -0.157073974609375 -0.08294677734375 0.0456619262695313
0.2579345703125 0.0559844970703125 -0.0974349975585937 -0.0244369506835938
0.214828491210938 0.202896118164063 -0.000209808349609365 -0.0472183227539062
0.0791015625 0.291229248046875 0.03033447265625 0.0974044799804688
-0.0546875 0.245452880859375 0.184646606445313 0.199874877929688
0.02520751953125 0.252426147460938 0.1494140625 0.2462158203125
0.155868530273438 0.212417602539063 0.141311645507813 0.165725708007813
0.232101440429688 0.0355072021484375 0.150894165039063 0.07806396484375
0.167892456054688 -0.1031494140625 0.100868225097656 0.0224838256835937
0.0365753173828125 -0.19677734375 0.0598487854003906 -9.9182128906262E-05
-0.0603179931640625 -0.178756713867188 0.0435600280761719 0.0326576232910156
-0.0679473876953125 -0.16314697265625 0.0506362915039062 0.07257080078125
-0.09375 -0.186019897460938 0.0696182250976563 0.11175537109375
-0.0493927001953125 -0.1993408203125 0.0190887451171875 0.14849853515625
0.0697784423828125 -0.201995849609375 -0.0230560302734375 0.152313232421875
0.1669921875 -0.128387451171875 -0.0834121704101562 0.0784759521484375
0.222152709960938 0.0765228271484375 -0.0941314697265625 -0.00647735595703125
0.151016235351563 0.2027587890625 0.02471923828125 -0.00486755371093749
0.010650634765625 0.251083374023438 0.0367889404296875 0.189224243164063
-0.105506896972656 0.124382019042969 0.158767700195313 0.267013549804688
-0.0477447509765625 0.162734985351563 0.133285522460938 0.278823852539063
0.056549072265625 0.160369873046875 0.118133544921875 0.167922973632813
0.141159057617188 0.0517425537109375 0.1171875 0.102027893066406
0.117256164550781 -0.0519943237304688 0.0803146362304688 0.0595855712890625
0.0333099365234375 -0.130653381347656 0.0675277709960938 0.0522994995117187
-0.0340423583984375 -0.1236572265625 0.076934814453125 0.0810775756835938
-0.0430450439453125 -0.116180419921875 0.0905838012695313 0.110137939453125
-0.0617599487304688 -0.1380615234375 0.104751586914062 0.1539306640625
-0.02978515625 -0.150070190429687 0.0418853759765625 0.19329833984375
0.0616607666015625 -0.150146484375 -0.01971435546875 0.1884765625
0.13653564453125 -0.0839691162109375 -0.0915908813476562 0.10546875
0.16082763671875 0.08660888671875 -0.0970687866210937 0.00738525390625002
0.070892333984375 0.177474975585938 0.0320930480957031 0.0352325439453125
-0.0598297119140625 0.178726196289062 0.0215911865234375 0.263229370117188
0.103607177734375 -0.0506057739257813 -0.0306396484375 -0.306427001953125
-0.002655029296875 -0.124847412109375 -0.0280303955078125 -0.07366943359375
-0.0829849243164062 -0.0565719604492188 0.107490539550781 -0.00388336181640625
-0.084686279296875 0.0348281860351563 0.144332885742188 -0.1336669921875
-0.0338211059570313 0.0759124755859375 0.04449462890625 -0.222244262695313
0.0186080932617188 0.082550048828125 -0.083404541015625 -0.232040405273437
0.0232963562011719 0.0585823059082031 -0.154434204101563 -0.185501098632812
0.0125083923339844 0.0621681213378906 -0.136672973632813 -0.128517150878906
0.00104522705078125 0.0701103210449219 -0.113998413085938 -0.101966857910156
-0.0367507934570313 0.0468406677246094 -0.0873031616210937 -0.0869598388671875
-0.0624656677246094 4.57763671875053E-05 -0.0932388305664063 -0.0811309814453125
-0.0377197265625 -0.0629692077636719 -0.106857299804688 -0.117927551269531
0.0482330322265625 -0.0939483642578125 -0.104110717773438 -0.193222045898438
0.12255859375 -0.05712890625 -0.1363525390625 -0.283966064453125
0.151535034179687 0.0107574462890625 -0.12725830078125 -0.305938720703125
0.146087646484375 0.080169677734375 0.025177001953125 -0.312713623046875
0.0851593017578125 -0.044830322265625 0.00702667236328125 -0.0796356201171875
0.0260963439941406 -0.0357170104980469 0.12982177734375 0.000411987304687498
-0.00161361694335937 -0.0178604125976563 0.169891357421875 -0.139175415039063
0.000314474105834961 -0.00381684303283691 0.0665740966796875 -0.231765747070313
-0.00187444686889648 -0.00709438323974609 -0.076934814453125 -0.25030517578125
-0.0235919952392578 -0.0187854766845703 -0.159713745117188 -0.193954467773437
-0.0266647338867187 -0.0133171081542969 -0.143310546875 -0.12652587890625
-0.0382843017578125 -0.0165901184082031 -0.117240905761719 -0.0998458862304688
-0.0380592346191406 -0.043731689453125 -0.0965957641601563 -0.0839385986328125
-0.00714874267578125 -0.075042724609375 -0.0931320190429688 -0.0687179565429688
0.053192138671875 -0.0887222290039063 -0.102386474609375 -0.102828979492188
0.137298583984375 -0.0296173095703125 -0.1082763671875 -0.159500122070313
0.188766479492188 0.0486907958984375 -0.128143310546875 -0.245651245117187
0.178802490234375 0.137664794921875 -0.099151611328125 -0.271041870117187
0.159759521484375 0.208053588867187 0.090087890625 -0.269088745117188
0.156723022460938 0.0626983642578125 0.0553627014160156 -0.0526771545410156
0.142913818359375 0.0116424560546875 0.157699584960938 0.0209503173828125
0.101318359375 -0.0586318969726563 0.198928833007812 -0.124847412109375
0.0504837036132813 -0.0831146240234375 0.0955657958984375 -0.218536376953125
-0.0127944946289063 -0.101219177246094 -0.0523834228515625 -0.24542236328125
-0.0639419555664063 -0.096343994140625 -0.141815185546875 -0.18365478515625
-0.06146240234375 -0.0870819091796875 -0.130210876464844 -0.10528564453125
-0.0770950317382813 -0.0978012084960937 -0.102714538574219 -0.0752792358398438
-0.0480422973632812 -0.124664306640625 -0.0947952270507813 -0.0552444458007812
0.0290985107421875 -0.147506713867188 -0.0899200439453125 -0.033203125
0.117774963378906 -0.127288818359375 -0.104415893554687 -0.0705795288085938
0.21356201171875 0.002777099609375 -0.115791320800781 -0.118934631347656
0.245040893554688 0.118927001953125 -0.11224365234375 -0.193878173828125
0.192352294921875 0.231246948242188 -0.06964111328125 -0.198883056640625
0.139862060546875 0.308502197265625 0.148483276367188 -0.17657470703125
0.193496704101563 0.177169799804688 0.10614013671875 0.00749206542968751
0.240570068359375 0.0821685791015625 0.180877685546875 0.0574188232421875
0.205276489257813 -0.074737548828125 0.220367431640625 -0.0871429443359375
0.11029052734375 -0.1455078125 0.120834350585938 -0.17755126953125
-0.01214599609375 -0.182754516601563 -0.0188140869140625 -0.2119140625
-0.0911865234375 -0.160858154296875 -0.105484008789063 -0.148483276367188
-0.0877227783203125 -0.145736694335938 -0.0989837646484375 -0.068206787109375
-0.1112060546875 -0.16131591796875 -0.0704116821289063 -0.0352249145507813
-0.0648040771484375 -0.186264038085938 -0.0781402587890625 -0.00852966308593751
0.04571533203125 -0.20733642578125 -0.0776138305664063 0.0144271850585937
0.155349731445313 -0.164398193359375 -0.102745056152344 -0.0286712646484375
0.265289306640625 0.014495849609375 -0.1182861328125 -0.0787124633789063
0.277069091796875 0.1597900390625 -0.0829925537109375 -0.142379760742188
0.1861572265625 0.28875732421875 -0.0330657958984375 -0.105979919433594
0.088836669921875 0.35821533203125 0.190673828125 -0.0500946044921875
0.180374145507813 0.266220092773438 0.147415161132812 0.0912322998046875
0.285186767578125 0.1610107421875 0.18975830078125 0.10369873046875
0.278518676757812 -0.05682373046875 0.222198486328125 -0.0307159423828125
0.162582397460937 -0.173904418945313 0.134727478027344 -0.114334106445313
0.000289916992187505 -0.235122680664062 0.0167083740234375 -0.151840209960938
-0.1019287109375 -0.201889038085938 -0.0564346313476563 -0.0959243774414063
-0.101089477539063 -0.181228637695312 -0.0522117614746094 -0.0208663940429688
-0.1309814453125 -0.199905395507813 -0.0238533020019531 0.0147209167480469
-0.0775146484375 -0.222000122070313 -0.0472373962402344 0.0470199584960937
0.05267333984375 -0.241958618164063 -0.0564765930175781 0.0667800903320312
0.174301147460938 -0.183670043945313 -0.09637451171875 0.0137557983398437
0.285125732421875 0.026092529296875 -0.113555908203125 -0.047088623046875
0.274398803710938 0.1842041015625 -0.0432205200195312 -0.095855712890625
0.154266357421875 0.31195068359375 0.00496149063110353 -0.00444126129150389
0.0234375 0.341400146484375 0.207015991210938 0.0864105224609375
0.1204833984375 0.30047607421875 0.166275024414063 0.18133544921875
0.258331298828125 0.215057373046875 0.179183959960938 0.146713256835938
0.2933349609375 -0.0152587890625 0.199859619140625 0.0313720703125
0.187667846679688 -0.1602783203125 0.127792358398438 -0.0406036376953125
0.016632080078125 -0.24444580078125 0.0449447631835938 -0.0758895874023438
-0.095123291015625 -0.209884643554688 -0.00239562988281251 -0.0305824279785156
-0.0987396240234375 -0.188888549804687 0.00256729125976562 0.0292243957519531
-0.130813598632813 -0.210342407226563 0.0286483764648437 0.0667152404785156
-0.077484130859375 -0.2283935546875 -0.00925445556640626 0.103630065917969
0.057464599609375 -0.245452880859375 -0.0341796875 0.1163330078125
0.17877197265625 -0.175216674804688 -0.0901107788085937 0.0516586303710938
0.274307250976563 0.046478271484375 -0.106689453125 -0.023468017578125
0.234603881835938 0.202163696289062 -0.00405502319335936 -0.0523262023925781
0.096343994140625 0.304656982421875 0.03485107421875 0.099365234375
-0.04608154296875 0.260513305664063 0.200454711914063 0.203399658203125
0.037445068359375 0.263824462890625 0.164031982421875 0.254135131835937
0.174331665039062 0.216690063476562 0.15435791015625 0.172317504882813
0.244583129882813 0.0246429443359375 0.162033081054688 0.0790557861328125
0.170791625976563 -0.117080688476563 0.108695983886719 0.0219879150390625
0.0262298583984375 -0.2073974609375 0.0632858276367188 -0.00234603881835939
-0.0739593505859375 -0.184173583984375 0.0465621948242187 0.0337409973144531
-0.080474853515625 -0.167816162109375 0.055328369140625 0.07623291015625
-0.110580444335938 -0.190170288085938 0.0779266357421875 0.115928649902344
-0.0639190673828125 -0.20587158203125 0.0259246826171875 0.157470703125
0.0601654052734375 -0.216140747070313 -0.0180206298828125 0.1624755859375
0.167800903320313 -0.143356323242188 -0.0883941650390625 0.08599853515625
0.237655639648438 0.0689239501953125 -0.102943420410156 -0.00448608398437498
0.168289184570313 0.204879760742187 0.0250053405761719 -0.00818824768066405
0.022857666015625 0.265289306640625 0.0465087890625 0.195587158203125
-0.104248046875 0.134918212890625 0.177413940429688 0.275009155273438
-0.0421600341796875 0.1728515625 0.150238037109375 0.289215087890625
0.0680999755859375 0.166229248046875 0.130142211914063 0.175628662109375
0.150848388671875 0.0460968017578125 0.128448486328125 0.106658935546875
0.118865966796875 -0.06085205078125 0.08953857421875 0.06134033203125
0.0261688232421875 -0.137771606445313 0.0733489990234375 0.0525741577148437
-0.0436019897460938 -0.126235961914063 0.0837554931640625 0.0820846557617187
-0.051361083984375 -0.119804382324219 0.0989151000976563 0.112068176269531
-0.0745086669921875 -0.140960693359375 0.1173095703125 0.156982421875
-0.041473388671875 -0.154510498046875 0.0530548095703125 0.203598022460937
0.055908203125 -0.161331176757813 -0.012359619140625 0.198745727539063
0.138290405273437 -0.09625244140625 -0.0949172973632813 0.114288330078125
0.17352294921875 0.082489013671875 -0.105209350585937 0.0105819702148438
0.08294677734375 0.181961059570313 0.0352096557617188 0.0338058471679688
-0.0540924072265625 0.191009521484375 0.0348358154296875 0.274169921875
0.103958129882812 -0.057525634765625 -0.055389404296875 -0.316558837890625
-0.0141220092773437 -0.128311157226563 -0.0358505249023438 -0.0715408325195313
-0.089874267578125 -0.0526275634765625 0.1153564453125 -0.00910186767578126
-0.0836029052734375 0.0422821044921875 0.143478393554688 -0.149398803710938
-0.02825927734375 0.0807266235351562 0.031646728515625 -0.235824584960937
0.0264739990234375 0.0837173461914063 -0.102035522460938 -0.237228393554687
0.0287284851074219 0.0581436157226562 -0.173919677734375 -0.18280029296875
0.0194129943847656 0.0627593994140625 -0.150985717773437 -0.124237060546875
0.00859832763671876 0.0720367431640625 -0.126190185546875 -0.097625732421875
-0.0325927734375 0.0512008666992187 -0.0978164672851562 -0.0855712890625
-0.0632781982421875 0.00518798828125001 -0.106292724609375 -0.078155517578125
-0.0425453186035156 -0.0616111755371094 -0.120811462402344 -0.118507385253906
0.0430145263671875 -0.0990982055664062 -0.120223999023438 -0.199539184570313
0.12237548828125 -0.0674514770507812 -0.16021728515625 -0.290863037109375
0.158401489257813 0.00042724609375 -0.1544189453125 -0.314422607421875
0.157424926757813 0.07611083984375 0.00244140625 -0.3280029296875
0.0839614868164063 -0.0511703491210938 0.000228881835937502 -0.0811767578125
0.0262718200683594 -0.0388717651367188 0.138870239257813 -0.00522613525390625
-0.000978469848632815 -0.01861572265625 0.169921875 -0.155624389648438
0.00146865844726563 -0.00456142425537109 0.0560455322265625 -0.2464599609375
-0.00254631042480469 -0.00877809524536133 -0.09637451171875 -0.25653076171875
-0.0269374847412109 -0.0186710357666016 -0.1805419921875 -0.191299438476563
-0.0277423858642578 -0.0130844116210937 -0.157928466796875 -0.1202392578125
-0.0401458740234375 -0.015472412109375 -0.129539489746094 -0.0947418212890625
-0.041900634765625 -0.0424041748046875 -0.107513427734375 -0.0797576904296875
-0.0118789672851562 -0.076690673828125 -0.1046142578125 -0.06451416015625
0.0500564575195312 -0.0953598022460938 -0.117340087890625 -0.102493286132812
0.141372680664063 -0.038116455078125 -0.122390747070312 -0.16473388671875
0.198989868164062 0.038360595703125 -0.150360107421875 -0.252655029296875
0.195510864257812 0.132522583007812 -0.12420654296875 -0.279678344726563
0.180206298828125 0.209396362304687 0.07275390625 -0.2867431640625
0.166061401367187 0.055572509765625 0.0512313842773438 -0.0567741394042969
0.151565551757813 0.002410888671875 0.168670654296875 0.0153350830078125
0.101951599121094 -0.069244384765625 0.201034545898438 -0.142074584960938
0.0476531982421875 -0.0905914306640625 0.08740234375 -0.234237670898438
-0.0218048095703125 -0.104843139648437 -0.071075439453125 -0.251937866210938
-0.0746917724609375 -0.09625244140625 -0.160552978515625 -0.17962646484375
-0.0700759887695313 -0.086395263671875 -0.14300537109375 -0.0975341796875
-0.088287353515625 -0.0965499877929687 -0.113426208496094 -0.0699005126953125
-0.05926513671875 -0.12554931640625 -0.104621887207031 -0.0484542846679688
0.019287109375 -0.155929565429688 -0.09954833984375 -0.0280532836914063
0.114501953125 -0.140701293945313 -0.118255615234375 -0.0681228637695313
0.223800659179688 -0.01031494140625 -0.129486083984375 -0.121269226074219
0.263687133789063 0.107498168945313 -0.131088256835938 -0.199951171875
0.216796875 0.23089599609375 -0.08880615234375 -0.205947875976562
0.166290283203125 0.314666748046875 0.1395263671875 -0.19549560546875
0.211639404296875 0.171722412109375 0.107490539550781 0.00166320800781251
0.258392333984375 0.0703887939453125 0.194305419921875 0.0523681640625
0.208633422851563 -0.092681884765625 0.225982666015625 -0.102920532226562
0.104766845703125 -0.160064697265625 0.117645263671875 -0.192138671875
-0.0263519287109375 -0.189926147460938 -0.0335845947265625 -0.21990966796875
-0.1083984375 -0.161239624023438 -0.12078857421875 -0.14617919921875
-0.102676391601563 -0.145370483398438 -0.107139587402344 -0.0601806640625
-0.129974365234375 -0.159561157226563 -0.0772933959960938 -0.0291213989257813
-0.0820465087890625 -0.18853759765625 -0.0832977294921875 -0.000228881835937505
0.03143310546875 -0.2200927734375 -0.082672119140625 0.0215835571289062
0.151107788085937 -0.182891845703125 -0.11492919921875 -0.0239410400390625
0.278579711914063 -0.002288818359375 -0.13079833984375 -0.0785369873046875
0.30023193359375 0.147003173828125 -0.09765625 -0.147796630859375
0.2138671875 0.291259765625 -0.0447845458984375 -0.110740661621094
0.11676025390625 0.369110107421875 0.191665649414063 -0.0653228759765625
0.203201293945313 0.265838623046875 0.154998779296875 0.0867919921875
0.310821533203125 0.149688720703125 0.20477294921875 0.101318359375
0.285797119140625 -0.080078125 0.231277465820313 -0.04400634765625
0.156890869140625 -0.192291259765625 0.134910583496094 -0.125480651855469
-0.018096923828125 -0.244094848632813 0.00776672363281249 -0.159500122070313
-0.122848510742188 -0.202667236328125 -0.0646896362304688 -0.0935440063476563
-0.11932373046875 -0.181015014648437 -0.0557403564453125 -0.0143928527832031
-0.154205322265625 -0.198089599609375 -0.0251789093017578 0.0191555023193359
-0.098602294921875 -0.224945068359375 -0.0466117858886719 0.056182861328125
0.035064697265625 -0.25677490234375 -0.0562591552734375 0.0743331909179687
0.16766357421875 -0.204437255859375 -0.104789733886719 0.020904541015625
0.299530029296875 0.006927490234375 -0.123939514160156 -0.0442733764648437
0.2987060546875 0.17266845703125 -0.0537796020507812 -0.101295471191406
0.183013916015625 0.317047119140625 0.00216674804687501 -0.00705623626708982
0.047027587890625 0.356903076171875 0.21856689453125 0.0762786865234375
0.14453125 0.304718017578125 0.18218994140625 0.179580688476563
0.287078857421875 0.207489013671875 0.195465087890625 0.146270751953125
0.304412841796875 -0.037811279296875 0.212142944335938 0.021942138671875
0.182449340820312 -0.180465698242187 0.1339111328125 -0.0499954223632813
-0.00300598144531251 -0.253494262695312 0.0425262451171875 -0.0826492309570313
-0.11529541015625 -0.2115478515625 -0.0046367645263672 -0.0300064086914063
-0.117706298828125 -0.189285278320313 0.00396919250488281 0.0340633392333984
-0.15545654296875 -0.208480834960938 0.0340461730957031 0.0695381164550781
-0.0993499755859375 -0.2314453125 -0.00302124023437501 0.112869262695313
0.0388946533203125 -0.260650634765625 -0.029022216796875 0.125068664550781
0.171844482421875 -0.197402954101563 -0.095123291015625 0.0610733032226562
0.290740966796875 0.02825927734375 -0.115432739257812 -0.0185775756835937
0.259841918945313 0.194503784179688 -0.00935745239257811 -0.0578079223632812
0.122406005859375 0.313385009765625 0.041046142578125 0.0986099243164063
-0.0300140380859375 0.274856567382813 0.221054077148437 0.199142456054688
0.0568695068359375 0.271759033203125 0.184494018554688 0.255950927734375
0.199325561523438 0.215560913085938 0.171051025390625 0.173812866210938
0.255035400390625 0.005584716796875 0.175247192382813 0.075164794921875
0.167984008789063 -0.135055541992188 0.1175537109375 0.0176162719726562
0.0101470947265625 -0.2166748046875 0.0664176940917969 -0.00677490234375001
-0.09185791015625 -0.185577392578125 0.0513992309570312 0.0328025817871094
-0.097442626953125 -0.167617797851563 0.0627365112304688 0.0779876708984375
-0.132675170898437 -0.188446044921875 0.0893325805664063 0.116561889648437
-0.0842132568359375 -0.208084106445313 0.038330078125 0.165252685546875
0.0433197021484375 -0.231658935546875 -0.00868225097656248 0.170608520507813
0.163040161132813 -0.163894653320313 -0.0901718139648437 0.0969772338867188
0.252960205078125 0.0543975830078125 -0.109825134277344 0.00150299072265625
0.190582275390625 0.200836181640625 0.0243072509765625 -0.0135574340820312
0.0431671142578125 0.27630615234375 0.061004638671875 0.198699951171875
-0.0981292724609375 0.146865844726562 0.203109741210938 0.275894165039063
-0.0322418212890625 0.181869506835938 0.17364501953125 0.295257568359375
0.083892822265625 0.168899536132813 0.147247314453125 0.178329467773438
0.159042358398438 0.035003662109375 0.141983032226563 0.105239868164063
0.116828918457031 -0.0730056762695313 0.0996932983398438 0.0592422485351562
0.01519775390625 -0.143722534179688 0.0819244384765625 0.0493316650390625
-0.05499267578125 -0.128135681152344 0.09466552734375 0.0799026489257812
-0.0636062622070312 -0.119956970214844 0.11065673828125 0.111030578613281
-0.0903396606445312 -0.139823913574219 0.133636474609375 0.156173706054688
-0.05609130859375 -0.1573486328125 0.069854736328125 0.209976196289063
0.0437469482421875 -0.17352294921875 0.000106811523437506 0.208633422851563
0.1358642578125 -0.111083984375 -0.09454345703125 0.12701416015625
0.186111450195313 0.0727996826171875 -0.1114501953125 0.01727294921875
0.098480224609375 0.182098388671875 0.0377464294433594 0.0304908752441406
-0.043060302734375 0.202682495117188 0.0550537109375 0.281158447265625
0.102317810058594 -0.0641708374023438 -0.08184814453125 -0.317626953125
-0.0255966186523438 -0.127548217773438 -0.0426902770996094 -0.0677108764648438
-0.0950927734375 -0.0468673706054688 0.120689392089844 -0.0163345336914063
-0.07928466796875 0.049041748046875 0.137893676757813 -0.16314697265625
-0.0215301513671875 0.0834503173828125 0.015106201171875 -0.244186401367188
0.033966064453125 0.0814895629882813 -0.1214599609375 -0.234481811523437
0.03399658203125 0.055877685546875 -0.192352294921875 -0.173995971679688
0.0261154174804688 0.0609359741210938 -0.163604736328125 -0.115402221679687
0.0169143676757813 0.0712509155273438 -0.136550903320313 -0.0894927978515625
-0.0284957885742188 0.0546875 -0.108039855957031 -0.0800247192382813
-0.0617103576660156 0.0111045837402344 -0.116157531738281 -0.0714645385742187
-0.0465431213378906 -0.0588302612304687 -0.13409423828125 -0.114738464355469
0.0356903076171875 -0.10260009765625 -0.13751220703125 -0.199371337890625
0.118408203125 -0.0773544311523438 -0.1844482421875 -0.2886962890625
0.161026000976563 -0.0119476318359375 -0.181976318359375 -0.311767578125
0.167312622070313 0.0684051513671875 -0.025177001953125 -0.3349609375
0.07952880859375 -0.0566787719726563 -0.00788116455078124 -0.080108642578125
0.0247573852539063 -0.0415878295898438 0.144577026367188 -0.0135498046875
-0.0015716552734375 -0.0197257995605469 0.165176391601563 -0.171096801757813
0.00175619125366211 -0.00568056106567383 0.039764404296875 -0.256500244140625
-0.00376605987548828 -0.00904178619384766 -0.11614990234375 -0.254928588867188
-0.0294189453125 -0.0176448822021484 -0.198715209960938 -0.181182861328125
-0.0282249450683594 -0.0125961303710938 -0.169448852539063 -0.109695434570313
-0.0412673950195313 -0.0134315490722656 -0.140670776367188 -0.08502197265625
-0.045501708984375 -0.0394935607910156 -0.117652893066406 -0.0722503662109375
-0.01678466796875 -0.077301025390625 -0.114891052246094 -0.0571517944335938
0.0447235107421875 -0.100425720214844 -0.130813598632813 -0.0980224609375
0.141845703125 -0.0480804443359375 -0.137664794921875 -0.164718627929688
0.205963134765625 0.0242462158203125 -0.172271728515625 -0.2510986328125
0.208984375 0.120681762695312 -0.14971923828125 -0.278976440429688
0.200057983398438 0.202789306640625 0.04852294921875 -0.298553466796875
0.170791625976563 0.0458526611328125 0.0455856323242188 -0.0601463317871094
0.15679931640625 -0.0083160400390625 0.176025390625 0.0068206787109375
0.0995330810546875 -0.0791854858398437 0.197128295898437 -0.158203125
0.0423583984375 -0.0970306396484375 0.0734710693359375 -0.245269775390625
-0.0313034057617187 -0.1058349609375 -0.090362548828125 -0.252334594726563
-0.0854339599609375 -0.0925216674804688 -0.177947998046875 -0.170211791992188
-0.0779953002929688 -0.08349609375 -0.151748657226562 -0.086212158203125
-0.0979385375976563 -0.09173583984375 -0.122093200683594 -0.0602035522460938
-0.0705795288085938 -0.123092651367187 -0.111358642578125 -0.0391769409179688
0.00738525390625001 -0.16064453125 -0.106697082519531 -0.0199432373046875
0.106826782226563 -0.152191162109375 -0.130378723144531 -0.0619659423828125
0.228713989257813 -0.025634765625 -0.142379760742187 -0.119384765625
0.27752685546875 0.0900726318359375 -0.149917602539063 -0.19940185546875
0.237808227539063 0.2208251953125 -0.108551025390625 -0.205581665039062
0.192657470703125 0.311920166015625 0.124374389648438 -0.209579467773437
0.225845336914063 0.160781860351563 0.106269836425781 -0.00418853759765624
0.270736694335938 0.0526275634765625 0.204421997070313 0.04339599609375
0.205551147460938 -0.110382080078125 0.225006103515625 -0.119171142578125
0.09466552734375 -0.1712646484375 0.107986450195313 -0.204483032226563
-0.04339599609375 -0.190765380859375 -0.0499420166015625 -0.2220458984375
-0.124862670898438 -0.156112670898438 -0.134452819824219 -0.13824462890625
-0.116401672363281 -0.140266418457031 -0.112327575683594 -0.050384521484375
-0.1461181640625 -0.151397705078125 -0.0816116333007813 -0.0213623046875
-0.0995635986328125 -0.185287475585937 -0.0861892700195313 0.0100326538085937
0.0127410888671875 -0.226943969726563 -0.0860824584960937 0.0294952392578125
0.139633178710937 -0.198272705078125 -0.123573303222656 -0.016204833984375
0.285858154296875 -0.0223388671875 -0.141586303710937 -0.074615478515625
0.318115234375 0.127227783203125 -0.113128662109375 -0.14862060546875
0.24072265625 0.283721923828125 -0.057098388671875 -0.112106323242187
0.146881103515625 0.370361328125 0.187759399414063 -0.08148193359375
0.2252197265625 0.256698608398438 0.160812377929688 0.07891845703125
0.330047607421875 0.129669189453125 0.217620849609375 0.0924835205078125
0.2857666015625 -0.10394287109375 0.234512329101563 -0.059112548828125
0.145263671875 -0.208419799804688 0.131500244140625 -0.137580871582031
-0.0391082763671875 -0.245849609375 -0.00360107421875002 -0.163284301757813
-0.142868041992188 -0.19677734375 -0.0733489990234375 -0.0888290405273438
-0.136322021484375 -0.175140380859375 -0.0571098327636719 -0.00717544555664062
-0.175094604492188 -0.187774658203125 -0.0251903533935547 0.0231361389160156
-0.119888305664062 -0.219802856445313 -0.043792724609375 0.064208984375
0.0123443603515625 -0.264892578125 -0.054412841796875 0.08154296875
0.153167724609375 -0.222427368164062 -0.110023498535156 0.0303955078125
0.308563232421875 -0.01568603515625 -0.132896423339844 -0.0386734008789063
0.318572998046875 0.153228759765625 -0.064697265625 -0.103652954101563
0.211151123046875 0.312652587890625 -0.00117015838623046 -0.00883293151855467
0.075469970703125 0.3612060546875 0.226806640625 0.061248779296875
0.168853759765625 0.299957275390625 0.195037841796875 0.17181396484375
0.310577392578125 0.191619873046875 0.209060668945313 0.138259887695313
0.306793212890625 -0.06341552734375 0.21875 0.0102691650390625
0.172317504882813 -0.198013305664063 0.135383605957031 -0.0593414306640625
-0.0243988037109375 -0.256683349609375 0.0375137329101563 -0.0872116088867188
-0.136550903320313 -0.205184936523437 -0.00654220581054688 -0.0285186767578125
-0.135116577148437 -0.182708740234375 0.00743865966796874 0.0379409790039062
-0.178131103515625 -0.197830200195313 0.0388069152832031 0.0695304870605469
-0.122238159179688 -0.225830078125 0.00554656982421875 0.117691040039063
0.0160369873046875 -0.268951416015625 -0.0218887329101563 0.130912780761719
0.158462524414062 -0.215896606445313 -0.09637451171875 0.0713729858398438
0.30023193359375 0.0059814453125 -0.122108459472656 -0.0116424560546875
0.280197143554688 0.17694091796875 -0.0157814025878906 -0.0621223449707031
0.148529052734375 0.312347412109375 0.0469131469726563 0.0959701538085938
-0.00851440429687499 0.28338623046875 0.23785400390625 0.187698364257813
0.07757568359375 0.273025512695313 0.204193115234375 0.2501220703125
0.221954345703125 0.205169677734375 0.186843872070312 0.168960571289063
0.259841918945312 -0.0148162841796875 0.185333251953125 0.0669708251953125
0.159637451171875 -0.1507568359375 0.12384033203125 0.010589599609375
-0.00866699218749999 -0.220046997070312 0.06793212890625 -0.0118675231933594
-0.109695434570312 -0.181121826171875 0.0550765991210938 0.0304298400878906
-0.113327026367188 -0.162322998046875 0.0708465576171875 0.0777435302734375
-0.153610229492188 -0.178390502929687 0.0998001098632812 0.112594604492187
-0.104019165039063 -0.20428466796875 0.0515289306640625 0.16778564453125
0.023162841796875 -0.239852905273438 0.00331115722656251 0.175567626953125
0.151321411132813 -0.180496215820313 -0.0877685546875 0.107612609863281
0.262680053710938 0.0349578857421875 -0.115303039550781 0.00899505615234374
0.209671020507813 0.189254760742188 0.0221576690673828 -0.0184593200683594
0.0648345947265625 0.279953002929688 0.0763397216796875 0.19659423828125
-0.0883636474609375 0.157058715820312 0.22674560546875 0.268402099609375
-0.0191802978515625 0.187469482421875 0.197235107421875 0.291168212890625
0.100387573242187 0.16546630859375 0.162200927734375 0.175247192382813
0.163330078125 0.0215606689453125 0.1541748046875 0.0997772216796875
0.112541198730469 -0.0836944580078125 0.108467102050781 0.0540618896484375
0.00267028808593749 -0.146255493164063 0.0877227783203125 0.044219970703125
-0.0668106079101563 -0.125167846679688 0.103317260742187 0.0749053955078125
-0.074920654296875 -0.115814208984375 0.122261047363281 0.106071472167969
-0.105758666992188 -0.133377075195312 0.148300170898438 0.149948120117188
-0.0711517333984375 -0.154205322265625 0.08642578125 0.21063232421875
0.0281829833984375 -0.180084228515625 0.0157470703125 0.213851928710938
0.128067016601563 -0.124732971191406 -0.08966064453125 0.138320922851563
0.195785522460938 0.05877685546875 -0.115196228027344 0.0255126953125
0.114654541015625 0.1773681640625 0.0399055480957031 0.0254669189453125
-0.0283050537109375 0.210159301757813 0.0775909423828125 0.28106689453125
0.100425720214844 -0.0697860717773438 -0.103546142578125 -0.312774658203125
-0.0343017578125 -0.124130249023438 -0.0482368469238281 -0.062774658203125
-0.0988540649414063 -0.041259765625 0.124702453613281 -0.022796630859375
-0.074951171875 0.0534591674804688 0.131088256835938 -0.173248291015625
-0.015472412109375 0.0837173461914063 0.00120544433593748 -0.246749877929688
0.0391464233398438 0.0781936645507813 -0.1343994140625 -0.228927612304687
0.0378952026367188 0.0529708862304688 -0.20477294921875 -0.162841796875
0.0311012268066406 0.0574302673339844 -0.170867919921875 -0.10662841796875
0.0235519409179688 0.0683937072753906 -0.142913818359375 -0.080352783203125
-0.0230636596679688 0.0558242797851563 -0.114753723144531 -0.0738601684570313
-0.0592994689941406 0.0149459838867187 -0.122833251953125 -0.0643768310546875
-0.0491180419921875 -0.0564422607421875 -0.143341064453125 -0.109466552734375
0.0294036865234375 -0.103797912597656 -0.150131225585937 -0.1976318359375
0.113693237304688 -0.0840911865234375 -0.2020263671875 -0.28265380859375
0.160186767578125 -0.0211334228515625 -0.2021484375 -0.304595947265625
0.173095703125 0.0604095458984375 -0.048187255859375 -0.334442138671875
0.0746688842773438 -0.059295654296875 -0.0153732299804688 -0.07794189453125
0.0227890014648438 -0.0429840087890625 0.148330688476563 -0.0204315185546875
-0.00118446350097656 -0.0200614929199219 0.157455444335938 -0.181259155273438
0.00236129760742187 -0.00656270980834961 0.0258331298828125 -0.260162353515625
-0.00479984283447265 -0.00972080230712891 -0.13140869140625 -0.249298095703125
-0.0322303771972656 -0.0166397094726562 -0.211334228515625 -0.169448852539062
-0.0286445617675781 -0.0124435424804687 -0.17626953125 -0.0991668701171875
-0.041229248046875 -0.0120582580566406 -0.147048950195313 -0.07537841796875
-0.0468101501464844 -0.0365943908691406 -0.124015808105469 -0.0632858276367188
-0.0206069946289063 -0.0763702392578125 -0.121353149414063 -0.0496292114257813
0.039825439453125 -0.103691101074219 -0.140411376953125 -0.0925750732421875
0.141082763671875 -0.0548858642578125 -0.149627685546875 -0.162750244140625
0.207244873046875 0.0125274658203125 -0.188446044921875 -0.246978759765625
0.217086791992188 0.109603881835938 -0.167861938476563 -0.2730712890625
0.213836669921875 0.194107055664063 0.0274658203125 -0.302337646484375
0.172149658203125 0.0379638671875 0.0391273498535156 -0.0606765747070313
0.158920288085938 -0.018310546875 0.180328369140625 -0.0014190673828125
0.0955276489257813 -0.0859298706054687 0.1910400390625 -0.169235229492188
0.03692626953125 -0.100456237792969 0.061676025390625 -0.251419067382813
-0.0393142700195313 -0.103981018066406 -0.105438232421875 -0.248504638671875
-0.0937957763671875 -0.0882949829101563 -0.18951416015625 -0.159255981445313
-0.0829696655273437 -0.0801544189453125 -0.15643310546875 -0.0760650634765625
-0.104301452636719 -0.086090087890625 -0.126495361328125 -0.05047607421875
-0.0786666870117188 -0.117881774902344 -0.115478515625 -0.0296783447265625
-0.00279235839843751 -0.16156005859375 -0.1112060546875 -0.012054443359375
0.0986480712890625 -0.159439086914063 -0.138702392578125 -0.0553359985351562
0.23040771484375 -0.0381622314453125 -0.152297973632812 -0.116622924804687
0.283447265625 0.0743408203125 -0.164230346679687 -0.196243286132813
0.25311279296875 0.20965576171875 -0.123199462890625 -0.20208740234375
0.213165283203125 0.303955078125 0.10888671875 -0.217437744140625
0.233383178710938 0.149856567382813 0.102943420410156 -0.00845336914062499
0.2777099609375 0.036773681640625 0.210342407226563 0.035552978515625
0.200241088867188 -0.124557495117187 0.221237182617188 -0.131332397460938
0.085296630859375 -0.17779541015625 0.099273681640625 -0.212066650390625
-0.056793212890625 -0.1878662109375 -0.0629425048828125 -0.220443725585938
-0.13763427734375 -0.148834228515625 -0.143386840820312 -0.129470825195313
-0.12506103515625 -0.134124755859375 -0.1143798828125 -0.0409317016601562
-0.157638549804688 -0.141815185546875 -0.0838699340820313 -0.0141830444335937
-0.112457275390625 -0.178436279296875 -0.086456298828125 0.017791748046875
-0.00314331054687502 -0.228363037109375 -0.0870285034179688 0.0363845825195312
0.127593994140625 -0.208419799804688 -0.128852844238281 -0.00833892822265629
0.2872314453125 -0.03955078125 -0.148834228515625 -0.0706634521484375
0.32733154296875 0.108489990234375 -0.124969482421875 -0.146530151367188
0.26043701171875 0.272994995117188 -0.0659866333007812 -0.110542297363281
0.16998291015625 0.36566162109375 0.17962646484375 -0.09228515625
0.2386474609375 0.245040893554688 0.162200927734375 0.071624755859375
0.34197998046875 0.11151123046875 0.224517822265625 0.083740234375
0.280059814453125 -0.1220703125 0.234161376953125 -0.0703582763671875
0.133010864257812 -0.2177734375 0.127227783203125 -0.145172119140625
-0.0560760498046875 -0.243255615234375 -0.01300048828125 -0.163681030273438
-0.157882690429688 -0.187881469726563 -0.0790863037109375 -0.0837631225585938
-0.147659301757813 -0.168167114257813 -0.0556602478027344 -4.95910644531418E-05
-0.189712524414063 -0.175262451171875 -0.0243206024169922 0.0276298522949219
-0.13543701171875 -0.211334228515625 -0.04010009765625 0.0696983337402344
-0.00695800781250002 -0.26708984375 -0.0518341064453125 0.0867919921875
0.139694213867188 -0.234405517578125 -0.112297058105469 0.0383682250976562
0.31072998046875 -0.0350341796875 -0.138984680175781 -0.0330734252929687
0.3299560546875 0.134033203125 -0.0739974975585938 -0.103836059570313
0.2318115234375 0.304229736328125 -0.00381946563720702 -0.00980377197265623
0.0975341796875 0.359832763671875 0.227813720703125 0.0498046875
0.18536376953125 0.2923583984375 0.202896118164063 0.162368774414063
0.3262939453125 0.173583984375 0.218460083007813 0.13165283203125
0.303497314453125 -0.082305908203125 0.2220458984375 0.000732421874999995
0.159927368164063 -0.209075927734375 0.135482788085938 -0.0660781860351563
-0.042236328125 -0.25408935546875 0.0330963134765625 -0.0898513793945313
-0.151382446289063 -0.197021484375 -0.00803565979003907 -0.0270576477050781
-0.147384643554687 -0.175277709960938 0.0115852355957031 0.0403175354003906
-0.193603515625 -0.18487548828125 0.0428314208984375 0.0693473815917969
-0.13909912109375 -0.217910766601563 0.0135269165039062 0.120635986328125
-0.00372314453124999 -0.27105712890625 -0.0158615112304687 0.133941650390625
0.143661499023438 -0.227340698242188 -0.0951690673828125 0.0786361694335937
0.303436279296875 -0.013092041015625 -0.126106262207031 -0.00651550292968747
0.29296875 0.15985107421875 -0.0222015380859375 -0.0644874572753906
0.170166015625 0.306793212890625 0.0512771606445313 0.0927734375
0.00885009765624998 0.2864990234375 0.2476806640625 0.175689697265625
0.0928497314453125 0.269927978515625 0.218215942382813 0.241058349609375
0.238296508789062 0.19293212890625 0.196548461914063 0.162704467773438
0.258743286132813 -0.0315704345703125 0.191253662109375 0.059722900390625
0.149627685546875 -0.160552978515625 0.127525329589844 0.00393676757812499
-0.0242462158203125 -0.218460083007813 0.068267822265625 -0.0160789489746094
-0.123062133789063 -0.173660278320313 0.0577735900878906 0.0278663635253906
-0.124420166015625 -0.155258178710938 0.0770111083984375 0.0761566162109375
-0.16741943359375 -0.167327880859375 0.107124328613281 0.108551025390625
-0.119461059570312 -0.196640014648438 0.063385009765625 0.167449951171875
0.00459289550781248 -0.24224853515625 0.012908935546875 0.177047729492187
0.13970947265625 -0.191482543945312 -0.0843276977539062 0.114784240722656
0.266647338867188 0.0179443359375 -0.117843627929687 0.015380859375
0.222381591796875 0.1761474609375 0.0191440582275391 -0.022857666015625
0.0839385986328125 0.278579711914063 0.0875396728515625 0.191665649414063
-0.0780792236328125 0.162506103515625 0.241867065429688 0.257431030273438
-0.00787353515624999 0.189300537109375 0.21514892578125 0.284271240234375
0.11322021484375 0.160476684570313 0.173110961914063 0.170181274414063
0.163925170898438 0.0100555419921875 0.161834716796875 0.094085693359375
0.105728149414063 -0.0902328491210938 0.114570617675781 0.0494003295898438
-0.00801086425781249 -0.144775390625 0.0923919677734375 0.0396347045898437
-0.0755386352539063 -0.120582580566406 0.109657287597656 0.069549560546875
-0.082611083984375 -0.110618591308594 0.129844665527344 0.101089477539063
-0.116157531738281 -0.124916076660156 0.157516479492187 0.141571044921875
-0.083343505859375 -0.148696899414063 0.100540161132812 0.207489013671875
0.0144195556640625 -0.182601928710937 0.0275726318359375 0.213485717773438
0.119056701660156 -0.133583068847656 -0.083282470703125 0.145370483398438
0.19952392578125 0.0465850830078125 -0.116645812988281 0.0320587158203125
0.125259399414063 0.169677734375 0.0411949157714844 0.0203819274902344
-0.0146942138671875 0.213165283203125 0.0943450927734375 0.275588989257812
0.0998458862304687 -0.07342529296875 -0.1177978515625 -0.30950927734375
-0.0400924682617187 -0.121124267578125 -0.0521507263183594 -0.0580635070800781
-0.101097106933594 -0.0369338989257813 0.128005981445313 -0.0270767211914063
-0.0720062255859375 0.0557861328125 0.127899169921875 -0.180831909179688
-0.01202392578125 0.083831787109375 -0.00801086425781248 -0.249191284179688
0.04302978515625 0.07623291015625 -0.143783569335938 -0.226455688476563
0.0399169921875 0.0503005981445313 -0.212356567382812 -0.1558837890625
0.0349159240722656 0.0550994873046875 -0.176910400390625 -0.100906372070312
0.0281791687011719 0.0655593872070313 -0.147369384765625 -0.0749359130859375
-0.01934814453125 0.0564727783203125 -0.120025634765625 -0.069488525390625
-0.0568084716796875 0.0176162719726563 -0.127944946289063 -0.0600814819335938
-0.0510368347167969 -0.0546684265136719 -0.15130615234375 -0.107757568359375
0.0254364013671875 -0.104263305664063 -0.1591796875 -0.198455810546875
0.109588623046875 -0.0880661010742188 -0.21392822265625 -0.28118896484375
0.160369873046875 -0.028076171875 -0.215576171875 -0.302276611328125
0.17926025390625 0.0555419921875 -0.064483642578125 -0.332977294921875
0.0710830688476563 -0.0600662231445313 -0.020843505859375 -0.0754013061523437
0.0217704772949219 -0.0446281433105469 0.151763916015625 -0.02490234375
-0.00160598754882812 -0.0214214324951172 0.1534423828125 -0.1885986328125
0.00307893753051758 -0.00791788101196289 0.0166778564453125 -0.26348876953125
-0.00615215301513672 -0.0100288391113281 -0.141769409179687 -0.246383666992188
-0.0341262817382813 -0.0159168243408203 -0.220321655273437 -0.16143798828125
-0.0288410186767578 -0.0131244659423828 -0.180679321289063 -0.09234619140625
-0.0414619445800781 -0.0111351013183594 -0.151168823242188 -0.068939208984375
-0.0472908020019531 -0.034912109375 -0.128166198730469 -0.0580368041992188
-0.0223617553710938 -0.075775146484375 -0.126167297363281 -0.0445327758789062
0.0367965698242187 -0.105979919433594 -0.148406982421875 -0.0897216796875
0.140426635742188 -0.0598220825195313 -0.157623291015625 -0.164031982421875
0.209030151367188 0.005462646484375 -0.201004028320313 -0.2457275390625
0.22271728515625 0.103408813476562 -0.1810302734375 -0.272018432617188
0.22467041015625 0.189178466796875 0.012481689453125 -0.303985595703125
0.172348022460938 0.0343017578125 0.0330696105957031 -0.0600814819335938
0.160415649414063 -0.0242767333984375 0.184478759765625 -0.0059661865234375
0.0934677124023437 -0.09112548828125 0.188491821289063 -0.178451538085938
0.034271240234375 -0.103317260742188 0.0539093017578125 -0.255874633789063
-0.044586181640625 -0.102737426757813 -0.11602783203125 -0.246963500976562
-0.0994186401367188 -0.0846481323242188 -0.19769287109375 -0.151763916015625
-0.0867538452148438 -0.0788955688476562 -0.15911865234375 -0.0683135986328125
-0.108894348144531 -0.0815582275390625 -0.129875183105469 -0.0439300537109375
-0.08349609375 -0.115089416503906 -0.118194580078125 -0.0233535766601562
-0.00949096679687499 -0.162567138671875 -0.115188598632812 -0.00637817382812502
0.093353271484375 -0.164993286132813 -0.146224975585938 -0.0512847900390625
0.232330322265625 -0.0468292236328125 -0.159896850585938 -0.116943359375
0.288665771484375 0.06378173828125 -0.174575805664062 -0.196456909179687
0.2635498046875 0.203048706054688 -0.133529663085937 -0.20159912109375
0.227508544921875 0.30010986328125 0.096771240234375 -0.22198486328125
0.238845825195313 0.14447021484375 0.0996932983398438 -0.0102005004882812
0.2835693359375 0.026458740234375 0.21527099609375 0.03057861328125
0.196426391601563 -0.1331787109375 0.220504760742188 -0.139190673828125
0.0801544189453125 -0.182861328125 0.0950164794921875 -0.217117309570313
-0.0659332275390625 -0.1859130859375 -0.072021484375 -0.22015380859375
-0.146087646484375 -0.143020629882812 -0.149703979492188 -0.123275756835938
-0.131660461425781 -0.131317138671875 -0.114921569824219 -0.0342025756835938
-0.165664672851563 -0.1348876953125 -0.0853118896484375 -0.00807952880859374
-0.121810913085938 -0.173568725585937 -0.0868988037109375 0.0241928100585938
-0.0137786865234375 -0.22998046875 -0.0890426635742188 0.0424423217773437
0.11993408203125 -0.215774536132813 -0.134170532226563 -0.00322723388671874
0.290924072265625 -0.050750732421875 -0.156204223632812 -0.0696563720703125
0.335174560546875 0.09576416015625 -0.134033203125 -0.147918701171875
0.273971557617188 0.267791748046875 -0.0729598999023437 -0.110809326171875
0.18634033203125 0.363525390625 0.173934936523438 -0.0986328125
0.247634887695312 0.240097045898437 0.162643432617188 0.0683441162109375
0.3526611328125 0.09869384765625 0.231109619140625 0.08038330078125
0.276885986328125 -0.134033203125 0.234725952148438 -0.07733154296875
0.126998901367187 -0.224456787109375 0.12567138671875 -0.1510009765625
-0.0674896240234375 -0.241485595703125 -0.01922607421875 -0.165054321289063
-0.168655395507812 -0.18145751953125 -0.083038330078125 -0.07904052734375
-0.156234741210937 -0.162979125976563 -0.0538825988769531 0.00475692749023436
-0.199981689453125 -0.166427612304687 -0.0239353179931641 0.0307445526123047
-0.147369384765625 -0.20538330078125 -0.0377120971679688 0.074462890625
-0.020538330078125 -0.26812744140625 -0.0516586303710937 0.091705322265625
0.130813598632813 -0.242156982421875 -0.115509033203125 0.0439071655273437
0.314422607421875 -0.04803466796875 -0.144210815429687 -0.0308074951171875
0.3394775390625 0.1212158203125 -0.0819015502929687 -0.105323791503906
0.247222900390625 0.3006591796875 -0.0060749053955078 -0.0112123489379883
0.113494873046875 0.359954833984375 0.2275390625 0.042236328125
0.1962890625 0.289306640625 0.207351684570313 0.158477783203125
0.3388671875 0.16259765625 0.225509643554688 0.128265380859375
0.30218505859375 -0.09619140625 0.22509765625 -0.00492858886718751
0.15325927734375 -0.216552734375 0.13720703125 -0.0712356567382813
-0.053863525390625 -0.253311157226563 0.030364990234375 -0.0920867919921875
-0.16259765625 -0.190963745117188 -0.00849533081054688 -0.0254096984863281
-0.156570434570313 -0.170440673828125 0.0156288146972656 0.0428047180175781
-0.204574584960938 -0.174606323242188 0.0463027954101562 0.0699882507324219
-0.150924682617188 -0.210784912109375 0.0180740356445312 0.122978210449219
-0.019073486328125 -0.272109985351563 -0.0115890502929688 0.136566162109375
0.134918212890625 -0.235641479492188 -0.095428466796875 0.0845947265625
0.307403564453125 -0.02593994140625 -0.130416870117188 -0.00246429443359375
0.302215576171875 0.1488037109375 -0.0270805358886719 -0.0663299560546875
0.183837890625 0.305755615234375 0.0535888671875 0.09033203125
0.02117919921875 0.28814697265625 0.254165649414063 0.169021606445313
0.10321044921875 0.26947021484375 0.226486206054687 0.236892700195313
0.25030517578125 0.18438720703125 0.204238891601563 0.160781860351562
0.258880615234375 -0.0433349609375 0.196807861328125 0.05615234375
0.144760131835938 -0.16815185546875 0.13201904296875 0.00055694580078124
-0.0333709716796875 -0.217361450195312 0.0690994262695313 -0.0192756652832031
-0.131988525390625 -0.168533325195312 0.060760498046875 0.0267562866210937
-0.132293701171875 -0.151336669921875 0.0830001831054687 0.0755691528320312
-0.177322387695313 -0.158721923828125 0.112335205078125 0.106071472167969
-0.130630493164062 -0.19036865234375 0.0699920654296875 0.167938232421875
-0.00794982910156251 -0.24346923828125 0.0198211669921875 0.178054809570313
0.131439208984375 -0.199432373046875 -0.0819854736328125 0.120285034179688
0.270706176757813 0.0062713623046875 -0.120269775390625 0.0194320678710937
0.231124877929688 0.167572021484375 0.0167598724365235 -0.0259132385253906
0.096221923828125 0.279373168945312 0.094390869140625 0.188720703125
-0.072235107421875 0.166259765625 0.252670288085938 0.251358032226563
-0.000137329101562494 0.1912841796875 0.22723388671875 0.280853271484375
0.123199462890625 0.156387329101563 0.180877685546875 0.169143676757813
0.165206909179687 0.00299072265625 0.1689453125 0.0914459228515625
0.102317810058594 -0.09490966796875 0.120109558105469 0.0454559326171875
-0.014862060546875 -0.1439208984375 0.096038818359375 0.0355377197265625
-0.08270263671875 -0.11767578125 0.113975524902344 0.0655441284179687
-0.0879058837890625 -0.107780456542969 0.136161804199219 0.0977325439453125
-0.122879028320313 -0.118431091308594 0.164993286132812 0.136611938476563
-0.0906982421875 -0.1444091796875 0.109710693359375 0.205612182617188
0.00547790527343751 -0.184234619140625 0.03631591796875 0.214019775390625
0.114021301269531 -0.14019775390625 -0.0802764892578125 0.150421142578125
0.203582763671875 0.03851318359375 -0.118392944335937 0.0359878540039063
0.13214111328125 0.165512084960938 0.0416374206542969 0.016204833984375
-0.00599670410156252 0.215911865234375 0.105361938476562 0.272262573242188
0.1024169921875 -0.0785675048828125 -0.132110595703125 -0.31329345703125
-0.0455703735351563 -0.121368408203125 -0.0565872192382813 -0.0545310974121094
-0.1058349609375 -0.0347747802734375 0.134384155273438 -0.0309829711914063
-0.0712966918945313 0.05914306640625 0.128173828125 -0.189865112304687
-0.00843811035156249 0.0857467651367187 -0.0147705078125 -0.257186889648437
0.0467681884765625 0.0766754150390625 -0.153976440429687 -0.229507446289063
0.0425529479980469 0.0500221252441406 -0.2244873046875 -0.1539306640625
0.0377120971679688 0.0532608032226563 -0.185165405273437 -0.0992889404296875
0.0327644348144531 0.0636367797851563 -0.154373168945313 -0.0725250244140625
-0.0161247253417969 0.0585403442382813 -0.126243591308594 -0.0675735473632812
-0.0566940307617188 0.0192527770996094 -0.134429931640625 -0.0579833984375
-0.0539588928222656 -0.054779052734375 -0.161346435546875 -0.108901977539063
0.0228042602539063 -0.107215881347656 -0.1705322265625 -0.204452514648437
0.108963012695313 -0.0929489135742188 -0.228515625 -0.286529541015625
0.163986206054688 -0.0333251953125 -0.230712890625 -0.308929443359375
0.187652587890625 0.0528411865234375 -0.07818603515625 -0.338653564453125
0.0708084106445312 -0.061187744140625 -0.0261001586914063 -0.0731964111328125
0.0216217041015625 -0.0464630126953125 0.158477783203125 -0.02886962890625
-0.00123405456542969 -0.0221805572509766 0.155349731445313 -0.199371337890625
0.00360870361328125 -0.00899887084960938 0.0106048583984375 -0.272918701171875
-0.00666046142578125 -0.0104036331176758 -0.152694702148438 -0.250747680664062
-0.0363044738769531 -0.0151519775390625 -0.231964111328125 -0.158798217773438
-0.0298309326171875 -0.0142669677734375 -0.187591552734375 -0.08929443359375
-0.0419731140136719 -0.01226806640625 -0.157394409179688 -0.065032958984375
-0.0488014221191406 -0.0345382690429687 -0.134414672851563 -0.0543060302734375
-0.024871826171875 -0.0773391723632813 -0.133224487304688 -0.041290283203125
0.035430908203125 -0.110328674316406 -0.158523559570313 -0.090179443359375
0.144073486328125 -0.0642852783203125 -0.168502807617187 -0.169876098632813
0.21417236328125 -0.000518798828125 -0.21539306640625 -0.252410888671875
0.231948852539063 0.100814819335938 -0.19525146484375 -0.277984619140625
0.238235473632813 0.189849853515625 0.00057983398437498 -0.311920166015625
0.176956176757813 0.0334625244140625 0.0293006896972656 -0.0598678588867188
0.165618896484375 -0.0298614501953125 0.19232177734375 -0.00885009765625
0.0938873291015625 -0.0968246459960938 0.191375732421875 -0.18768310546875
0.03350830078125 -0.107620239257812 0.050201416015625 -0.266220092773438
-0.0494613647460938 -0.104156494140625 -0.125946044921875 -0.2510986328125
-0.106002807617187 -0.0835723876953125 -0.208145141601562 -0.14910888671875
-0.0921249389648438 -0.0799484252929687 -0.163818359375 -0.0649871826171875
-0.114883422851563 -0.0807723999023437 -0.134803771972656 -0.0396957397460938
-0.0890731811523438 -0.114982604980469 -0.123359680175781 -0.0180435180664063
-0.0151214599609375 -0.166763305664063 -0.120903015136719 -0.00147247314453125
0.0920867919921875 -0.172683715820313 -0.15576171875 -0.049652099609375
0.24017333984375 -0.0544281005859375 -0.170455932617187 -0.121322631835938
0.29913330078125 0.057647705078125 -0.188888549804687 -0.202056884765625
0.277740478515625 0.203964233398438 -0.144927978515625 -0.206787109375
0.24346923828125 0.3052978515625 0.090576171875 -0.229995727539062
0.247909545898438 0.145309448242188 0.0983505249023438 -0.0105133056640625
0.2952880859375 0.019287109375 0.224868774414062 0.0292816162109375
0.19873046875 -0.143447875976563 0.225051879882813 -0.147979736328125
0.0781097412109375 -0.191375732421875 0.09478759765625 -0.227813720703125
-0.0741119384765625 -0.188690185546875 -0.080047607421875 -0.224777221679688
-0.15716552734375 -0.142532348632812 -0.157745361328125 -0.1209716796875
-0.140449523925781 -0.132331848144531 -0.116981506347656 -0.0301284790039063
-0.175445556640625 -0.132736206054688 -0.088165283203125 -0.00452423095703126
-0.130630493164063 -0.173233032226562 -0.0890655517578125 0.0298995971679687
-0.02264404296875 -0.235260009765625 -0.0924911499023437 0.0479278564453125
0.1177978515625 -0.226760864257813 -0.14202880859375 0.000549316406249958
0.3009033203125 -0.06121826171875 -0.16583251953125 -0.071441650390625
0.34857177734375 0.08917236328125 -0.145965576171875 -0.15234375
0.29071044921875 0.270721435546875 -0.07952880859375 -0.113418579101562
0.2030029296875 0.371307373046875 0.17254638671875 -0.10504150390625
0.259368896484375 0.243255615234375 0.1649169921875 0.06854248046875
0.36871337890625 0.09136962890625 0.240982055664063 0.080810546875
0.280838012695313 -0.146469116210938 0.242568969726563 -0.082855224609375
0.125259399414063 -0.234878540039062 0.128952026367188 -0.159332275390625
-0.0773162841796875 -0.245208740234375 -0.0247650146484375 -0.1700439453125
-0.181259155273438 -0.181045532226563 -0.0873184204101563 -0.0777435302734375
-0.166549682617188 -0.164398193359375 -0.0528564453125 0.00838851928710935
-0.212371826171875 -0.162521362304688 -0.0237579345703125 0.0352210998535156
-0.1588134765625 -0.204940795898437 -0.03692626953125 0.080657958984375
-0.0318450927734375 -0.274459838867188 -0.0516204833984375 0.0971221923828125
0.126861572265625 -0.254104614257813 -0.120338439941406 0.0491104125976563
0.325164794921875 -0.05889892578125 -0.152984619140625 -0.03070068359375
0.35357666015625 0.114715576171875 -0.0902328491210937 -0.109466552734375
0.26446533203125 0.305084228515625 -0.00818634033203123 -0.0125093460083008
0.12725830078125 0.36932373046875 0.2327880859375 0.038909912109375
0.2086181640625 0.29376220703125 0.214019775390625 0.159805297851563
0.357635498046875 0.157440185546875 0.236160278320313 0.130752563476563
0.307891845703125 -0.107391357421875 0.23382568359375 -0.00781250000000001
0.152618408203125 -0.226974487304687 0.142852783203125 -0.0771331787109375
-0.0635223388671875 -0.256866455078125 0.029510498046875 -0.0965576171875
-0.174240112304688 -0.189910888671875 -0.0092296600341797 -0.0247745513916016
-0.167510986328125 -0.171340942382813 0.0202102661132812 0.0460166931152344
-0.216995239257813 -0.170608520507813 0.0492401123046875 0.0733489990234375
-0.16259765625 -0.210281372070312 0.022552490234375 0.128143310546875
-0.0308074951171875 -0.27838134765625 -0.00987243652343749 0.142379760742188
0.130783081054688 -0.24835205078125 -0.0982437133789063 0.0910110473632812
0.31719970703125 -0.037445068359375 -0.136276245117187 -0.000106811523437488
0.316162109375 0.142791748046875 -0.0324249267578125 -0.0705413818359375
0.199798583984375 0.31182861328125 0.0568695068359375 0.0906753540039063
0.03045654296875 0.296112060546875 0.264022827148438 0.168624877929688
0.113555908203125 0.275222778320313 0.237533569335938 0.239578247070313
0.266342163085938 0.1822509765625 0.214157104492188 0.16375732421875
0.264617919921875 -0.0529937744140625 0.2059326171875 0.056121826171875
0.14459228515625 -0.176437377929688 0.13916015625 -0.00238800048828126
-0.042205810546875 -0.22088623046875 0.0716781616210938 -0.0225677490234375
-0.142974853515625 -0.1680908203125 0.0639419555664062 0.0263595581054687
-0.141632080078125 -0.1512451171875 0.0892410278320313 0.0767669677734375
-0.187881469726563 -0.1539306640625 0.118484497070313 0.107490539550781
-0.141754150390625 -0.189300537109375 0.077880859375 0.172271728515625
-0.01849365234375 -0.249237060546875 0.0248260498046875 0.183517456054688
0.127670288085937 -0.210311889648438 -0.082427978515625 0.127029418945312
0.28045654296875 -0.0019073486328125 -0.125045776367188 0.0226593017578125
0.243240356445312 0.164886474609375 0.0155353546142578 -0.0299243927001953
0.108551025390625 0.285858154296875 0.102325439453125 0.19036865234375
-0.068603515625 0.172882080078125 0.266220092773438 0.253738403320313
0.00492858886718751 0.197418212890625 0.24017333984375 0.28460693359375
0.133132934570313 0.156158447265625 0.189987182617187 0.17303466796875
0.169845581054688 -0.003082275390625 0.178253173828125 0.0936737060546875
0.102043151855469 -0.100852966308594 0.128471374511719 0.0450897216796875
-0.0199432373046875 -0.1466064453125 0.101203918457031 0.0329132080078125
-0.0890960693359375 -0.117202758789063 0.120414733886719 0.06365966796875
-0.0941848754882812 -0.108169555664063 0.14447021484375 0.0975189208984375
-0.130821228027344 -0.115440368652344 0.173431396484375 0.136703491210938
-0.099822998046875 -0.14385986328125 0.119171142578125 0.208908081054687
-0.00245666503906251 -0.188720703125 0.0429840087890625 0.219650268554688
0.112258911132813 -0.148651123046875 -0.07891845703125 0.15802001953125
0.211563110351562 0.0325927734375 -0.122879028320312 0.040496826171875
0.140853881835938 0.166046142578125 0.0425834655761719 0.0129623413085938
0.00120544433593752 0.223007202148438 0.116302490234375 0.2763671875
0.105827331542969 -0.087738037109375 -0.15228271484375 -0.322509765625
-0.0526962280273438 -0.123619079589844 -0.0631523132324219 -0.0504226684570313
-0.113067626953125 -0.031585693359375 0.143295288085938 -0.0380859375
-0.0719833374023438 0.064178466796875 0.128128051757812 -0.206497192382812
-0.00505828857421875 0.0895156860351563 -0.0265045166015625 -0.26971435546875
0.053955078125 0.0782852172851563 -0.170822143554688 -0.236236572265625
0.0476455688476563 0.0502395629882813 -0.242919921875 -0.152313232421875
0.0423507690429687 0.0523452758789062 -0.198806762695313 -0.097198486328125
0.0374412536621094 0.0635719299316406 -0.165771484375 -0.069427490234375
-0.0121917724609375 0.0613822937011719 -0.136634826660156 -0.0658721923828125
-0.0569267272949219 0.0228195190429688 -0.145278930664063 -0.0560760498046875
-0.0587577819824219 -0.0550727844238281 -0.176925659179687 -0.110260009765625
0.0195083618164062 -0.112312316894531 -0.190170288085937 -0.21343994140625
0.109573364257813 -0.101402282714844 -0.253387451171875 -0.296112060546875
0.171310424804688 -0.0414276123046875 -0.25567626953125 -0.319366455078125
0.201751708984375 0.048004150390625 -0.0983886718749999 -0.351226806640625
0.071563720703125 -0.064361572265625 -0.0327911376953125 -0.0718612670898437
0.0215110778808594 -0.0498466491699219 0.168502807617188 -0.0362396240234375
-0.00203132629394531 -0.0247821807861328 0.156036376953125 -0.216461181640625
0.00417900085449219 -0.0112104415893555 0.00064086914062502 -0.288238525390625
-0.00773143768310547 -0.0102596282958984 -0.17059326171875 -0.25775146484375
-0.0398406982421875 -0.0144805908203125 -0.250762939453125 -0.156646728515625
-0.0323715209960938 -0.0158309936523438 -0.200851440429688 -0.0860443115234375
-0.0447196960449219 -0.0122337341308594 -0.168869018554688 -0.06085205078125
-0.0513038635253906 -0.0341873168945313 -0.143707275390625 -0.0503692626953125
-0.028076171875 -0.0800399780273438 -0.143325805664063 -0.0369873046875
0.0334625244140625 -0.117385864257813 -0.174270629882813 -0.089996337890625
0.149993896484375 -0.0728912353515625 -0.187911987304688 -0.177658081054688
0.225051879882813 -0.0084991455078125 -0.239212036132812 -0.2606201171875
0.248367309570312 0.097900390625 -0.218109130859375 -0.2880859375
0.260345458984375 0.190948486328125 -0.0140380859375 -0.325958251953125
0.18609619140625 0.0314178466796875 0.025421142578125 -0.0603904724121094
0.174545288085938 -0.0389404296875 0.204910278320312 -0.0152587890625
0.0950546264648437 -0.106544494628906 0.195663452148437 -0.205123901367187
0.031463623046875 -0.116806030273437 0.043792724609375 -0.28271484375
-0.0574798583984375 -0.106658935546875 -0.142364501953125 -0.259017944335938
-0.116828918457031 -0.0829315185546875 -0.225433349609375 -0.146728515625
-0.101020812988281 -0.0821151733398438 -0.174026489257813 -0.0606689453125
-0.124488830566406 -0.0804443359375 -0.143402099609375 -0.0344696044921875
-0.098236083984375 -0.1165771484375 -0.130592346191406 -0.0118637084960937
-0.0230865478515625 -0.174118041992188 -0.129493713378906 0.00499725341796872
0.089813232421875 -0.185958862304688 -0.1695556640625 -0.0467681884765625
0.25311279296875 -0.067535400390625 -0.188140869140625 -0.125946044921875
0.317138671875 0.04791259765625 -0.210128784179688 -0.208984375
0.30157470703125 0.20489501953125 -0.162322998046875 -0.214431762695313
0.271209716796875 0.313262939453125 0.082489013671875 -0.243408203125
0.264999389648438 0.146133422851563 0.0992279052734375 -0.0115280151367187
0.313507080078125 0.00787353515625 0.240280151367188 0.024261474609375
0.203399658203125 -0.160079956054688 0.233657836914063 -0.163482666015625
0.076171875 -0.20611572265625 0.0930633544921875 -0.244232177734375
-0.086395263671875 -0.194412231445313 -0.093475341796875 -0.233444213867187
-0.17266845703125 -0.14215087890625 -0.170989990234375 -0.118988037109375
-0.154342651367188 -0.134170532226563 -0.121376037597656 -0.02532958984375
-0.191116333007812 -0.130722045898438 -0.0925445556640625 0.00164031982421873
-0.145248413085938 -0.174896240234375 -0.0928192138671875 0.03802490234375
-0.035430908203125 -0.246109008789063 -0.0974807739257813 0.0559234619140625
0.114166259765625 -0.243911743164063 -0.153457641601563 0.00614929199218751
0.31756591796875 -0.078460693359375 -0.181182861328125 -0.0722808837890625
0.370758056640625 0.07867431640625 -0.163375854492188 -0.157974243164063
0.317840576171875 0.275970458984375 -0.0900039672851562 -0.118331909179688
0.2296142578125 0.38470458984375 0.173126220703125 -0.115280151367187
0.28076171875 0.248153686523438 0.172836303710938 0.0687255859375
0.394744873046875 0.0804443359375 0.259033203125 0.0793609619140625
0.2900390625 -0.166778564453125 0.254623413085938 -0.094451904296875
0.124191284179688 -0.253402709960938 0.13214111328125 -0.174148559570313
-0.092437744140625 -0.253173828125 -0.0331573486328125 -0.178665161132813
-0.199935913085938 -0.180633544921875 -0.094512939453125 -0.0759811401367188
-0.183853149414063 -0.166427612304687 -0.0519523620605469 0.0130157470703125
-0.231887817382812 -0.1595458984375 -0.0227546691894531 0.0401840209960938
-0.176498413085937 -0.206283569335937 -0.0354843139648438 0.0889511108398437
-0.0474853515625 -0.28692626953125 -0.0519180297851562 0.106376647949219
0.121414184570312 -0.274581909179688 -0.127716064453125 0.0569839477539062
0.34259033203125 -0.07806396484375 -0.164505004882812 -0.0278472900390625
0.377777099609375 0.104278564453125 -0.102684020996094 -0.115242004394531
0.2926025390625 0.313262939453125 -0.00997638702392577 -0.0138521194458008
0.148895263671875 0.38525390625 0.242782592773438 0.0331268310546875
0.229736328125 0.30401611328125 0.228317260742188 0.162002563476563
0.385894775390625 0.14990234375 0.254623413085938 0.13330078125
0.319183349609375 -0.1265869140625 0.248489379882813 -0.0145416259765625
0.153289794921875 -0.246719360351563 0.151580810546875 -0.08721923828125
-0.0782318115234375 -0.265716552734375 0.026519775390625 -0.103652954101563
-0.19378662109375 -0.191177368164062 -0.00995635986328126 -0.0246047973632813
-0.184661865234375 -0.173171997070313 0.0254135131835937 0.0493545532226562
-0.236526489257813 -0.166732788085938 0.0553665161132812 0.0767822265625
-0.18194580078125 -0.211273193359375 0.0290985107421875 0.136260986328125
-0.04705810546875 -0.290618896484375 -0.0048065185546875 0.151580810546875
0.1256103515625 -0.266876220703125 -0.101669311523437 0.100341796875
0.335235595703125 -0.05401611328125 -0.14642333984375 0.00413513183593748
0.339996337890625 0.13580322265625 -0.0395431518554687 -0.0762405395507812
0.225616455078125 0.32208251953125 0.06292724609375 0.0922698974609375
0.044158935546875 0.312347412109375 0.281982421875 0.16827392578125
0.13018798828125 0.28643798828125 0.257293701171875 0.244140625
0.29095458984375 0.180023193359375 0.23272705078125 0.169403076171875
0.276443481445312 -0.0673370361328125 0.221954345703125 0.05426025390625
0.1455078125 -0.192230224609375 0.150070190429688 -0.00849914550781251
-0.0543212890625 -0.229721069335938 0.074615478515625 -0.027557373046875
-0.159225463867187 -0.168807983398438 0.069488525390625 0.0256309509277344
-0.156524658203125 -0.153640747070313 0.0995254516601562 0.07916259765625
-0.205963134765625 -0.151351928710937 0.129730224609375 0.109664916992187
-0.158660888671875 -0.189971923828125 0.08929443359375 0.179580688476563
-0.0329437255859375 -0.26025390625 0.0324859619140625 0.192718505859375
0.124679565429688 -0.227340698242188 -0.0834274291992188 0.137794494628906
0.296875 -0.016082763671875 -0.132904052734375 0.028594970703125
0.263687133789063 0.162307739257812 0.0134811401367188 -0.0353927612304687
0.127655029296875 0.2979736328125 0.115066528320313 0.195083618164063
-0.0644989013671875 0.18536376953125 0.288421630859375 0.2591552734375
0.014129638671875 0.20794677734375 0.264129638671875 0.291717529296875
0.148910522460938 0.158233642578125 0.207427978515625 0.179367065429688
0.177963256835938 -0.0114593505859375 0.195114135742188 0.0950164794921875
0.10345458984375 -0.109710693359375 0.139572143554687 0.0422439575195312
-0.028106689453125 -0.151641845703125 0.108413696289062 0.0291290283203125
-0.100532531738281 -0.118415832519531 0.13067626953125 0.0619888305664062
-0.105400085449219 -0.109718322753906 0.15869140625 0.09765625
-0.142303466796875 -0.113693237304687 0.188461303710938 0.13720703125
-0.111785888671875 -0.145156860351563 0.135299682617188 0.216552734375
-0.012176513671875 -0.19769287109375 0.0538787841796875 0.2288818359375
0.110458374023438 -0.161911010742188 -0.0777435302734375 0.169921875
0.224655151367188 0.0247955322265625 -0.128707885742188 0.046722412109375
0.155364990234375 0.168701171875 0.04498291015625 0.00819396972656251
0.0123443603515625 0.235946655273438 0.133697509765625 0.28369140625
0.107231140136719 -0.10198974609375 -0.18359375 -0.328948974609375
-0.0643768310546875 -0.124885559082031 -0.0700798034667969 -0.0444755554199219
-0.12274169921875 -0.0239181518554688 0.152023315429688 -0.051116943359375
-0.0714492797851563 0.0718841552734375 0.122024536132813 -0.22802734375
0.00115966796875001 0.0942840576171875 -0.0467529296875 -0.283203125
0.0633926391601563 0.0780410766601563 -0.195846557617187 -0.239349365234375
0.0542526245117188 0.0494155883789063 -0.269210815429688 -0.144073486328125
0.0487480163574219 0.04998779296875 -0.218841552734375 -0.0892791748046875
0.0450668334960937 0.0614547729492187 -0.181350708007813 -0.0620574951171875
-0.00685882568359375 0.064422607421875 -0.150054931640625 -0.060272216796875
-0.0571250915527344 0.0279197692871094 -0.159103393554687 -0.0493316650390625
-0.0656661987304688 -0.0532722473144531 -0.197845458984375 -0.10595703125
0.0126495361328125 -0.119171142578125 -0.21905517578125 -0.216720581054687
0.107749938964844 -0.113327026367188 -0.289794921875 -0.298736572265625
0.178878784179688 -0.05609130859375 -0.29443359375 -0.32415771484375
0.217803955078125 0.036590576171875 -0.130157470703125 -0.363372802734375
0.0711517333984375 -0.070037841796875 -0.0418281555175781 -0.0692100524902344
0.0189094543457031 -0.053558349609375 0.17877197265625 -0.0490570068359375
-0.00408363342285156 -0.0266914367675781 0.151458740234375 -0.239837646484375
0.00361442565917969 -0.0136842727661133 -0.018524169921875 -0.305206298828125
-0.0080728530883789 -0.0106134414672852 -0.197479248046875 -0.261520385742187
-0.0433692932128906 -0.0117988586425781 -0.277633666992188 -0.146728515625
-0.0353355407714844 -0.01617431640625 -0.218124389648438 -0.0771484375
-0.0476493835449219 -0.0117530822753906 -0.182830810546875 -0.05181884765625
-0.0548744201660156 -0.0330657958984375 -0.156707763671875 -0.042236328125
-0.03485107421875 -0.0822677612304688 -0.155990600585938 -0.0287322998046875
0.0272979736328125 -0.126579284667969 -0.19488525390625 -0.0844879150390625
0.155364990234375 -0.0874786376953125 -0.214889526367188 -0.179595947265625
0.236007690429688 -0.02301025390625 -0.274490356445313 -0.2628173828125
0.271469116210937 0.0872650146484375 -0.252655029296875 -0.294036865234375
0.291046142578125 0.185272216796875 -0.040283203125 -0.342254638671875
0.19952392578125 0.023834228515625 0.0195159912109375 -0.0614089965820312
0.183670043945313 -0.053985595703125 0.219070434570313 -0.0290374755859375
0.0929183959960938 -0.120475769042969 0.195526123046875 -0.23004150390625
0.0258865356445313 -0.127883911132813 0.027923583984375 -0.303985595703125
-0.0681838989257813 -0.1085205078125 -0.168899536132812 -0.264892578125
-0.130744934082031 -0.0783462524414062 -0.2484130859375 -0.137588500976563
-0.113807678222656 -0.0806655883789063 -0.186355590820313 -0.0516204833984375
-0.137748718261719 -0.0761489868164062 -0.154006958007813 -0.0250091552734375
-0.111106872558594 -0.116348266601563 -0.139640808105469 -0.0017852783203125
-0.03692626953125 -0.182876586914063 -0.138153076171875 0.015533447265625
0.0830230712890625 -0.203689575195313 -0.187362670898438 -0.0387725830078125
0.26556396484375 -0.0897979736328125 -0.212844848632812 -0.124771118164063
0.338409423828125 0.028564453125 -0.240676879882813 -0.210174560546875
0.335235595703125 0.199188232421875 -0.187774658203125 -0.218673706054688
0.31036376953125 0.3153076171875 0.067413330078125 -0.261749267578125
0.28997802734375 0.140655517578125 0.100967407226563 -0.0150909423828125
0.33544921875 -0.01483154296875 0.259063720703125 0.0130767822265625
0.204330444335938 -0.184112548828125 0.239242553710938 -0.18756103515625
0.067718505859375 -0.225173950195313 0.083831787109375 -0.266403198242188
-0.105682373046875 -0.1990966796875 -0.115753173828125 -0.240890502929687
-0.195022583007813 -0.136474609375 -0.1884765625 -0.112136840820312
-0.174774169921875 -0.132400512695312 -0.127853393554687 -0.0174331665039063
-0.212814331054687 -0.123489379882812 -0.0971221923828125 0.0107955932617188
-0.166427612304688 -0.173721313476563 -0.094940185546875 0.0494613647460938
-0.0560760498046875 -0.257232666015625 -0.100509643554688 0.0684051513671875
0.103683471679688 -0.267333984375 -0.166397094726563 0.0173187255859375
0.3333740234375 -0.107086181640625 -0.201583862304687 -0.0675201416015625
0.398101806640625 0.056610107421875 -0.188400268554688 -0.159637451171875
0.359100341796875 0.2728271484375 -0.105361938476562 -0.121818542480469
0.272552490234375 0.393463134765625 0.173492431640625 -0.131881713867187
0.31365966796875 0.24749755859375 0.18408203125 0.0637054443359375
0.4266357421875 0.0572509765625 0.28253173828125 0.071258544921875
0.295745849609375 -0.196746826171875 0.266571044921875 -0.11566162109375
0.114883422851562 -0.278976440429687 0.131332397460937 -0.195144653320313
-0.116043090820313 -0.2606201171875 -0.0476837158203125 -0.186279296875
-0.2266845703125 -0.175506591796875 -0.104621887207031 -0.0717544555664063
-0.208023071289062 -0.16351318359375 -0.0504417419433594 0.0190048217773437
-0.2567138671875 -0.150390625 -0.0206336975097656 0.0461883544921875
-0.2025146484375 -0.203384399414062 -0.0305862426757813 0.099761962890625
-0.072906494140625 -0.298828125 -0.0485458374023438 0.118721008300781
0.108856201171875 -0.299285888671875 -0.135063171386719 0.0698318481445312
0.35986328125 -0.109771728515625 -0.18048095703125 -0.0208892822265625
0.40765380859375 0.0823974609375 -0.120353698730469 -0.117973327636719
0.33441162109375 0.314208984375 -0.0127601623535156 -0.0160932540893554
0.18603515625 0.4000244140625 0.257064819335938 0.0209503173828125
0.264007568359375 0.30792236328125 0.249053955078125 0.158599853515625
0.422515869140625 0.1314697265625 0.2808837890625 0.129302978515625
0.32916259765625 -0.1572265625 0.26617431640625 -0.029876708984375
0.14666748046875 -0.273330688476563 0.157012939453125 -0.104812622070313
-0.102249145507813 -0.274749755859375 0.0199127197265625 -0.111427307128906
-0.220672607421875 -0.186386108398437 -0.011505126953125 -0.0237483978271485
-0.209014892578125 -0.1700439453125 0.0342254638671875 0.0521507263183594
-0.263534545898437 -0.156661987304688 0.0648040771484375 0.0798797607421875
-0.209030151367188 -0.206756591796875 0.0413970947265625 0.145401000976562
-0.073394775390625 -0.30255126953125 0.00413513183593751 0.162445068359375
0.11322021484375 -0.292449951171875 -0.103507995605469 0.114105224609375
0.353057861328125 -0.084228515625 -0.157989501953125 0.01287841796875
0.369903564453125 0.1175537109375 -0.0506515502929687 -0.0809707641601562
0.264434814453125 0.327484130859375 0.072296142578125 0.0919876098632813
0.0699462890625 0.329132080078125 0.307281494140625 0.1612548828125
0.158172607421875 0.29608154296875 0.2864990234375 0.24261474609375
0.3236083984375 0.1688232421875 0.259506225585938 0.168487548828125
0.2874755859375 -0.091461181640625 0.242843627929688 0.04473876953125
0.141891479492187 -0.2144775390625 0.1617431640625 -0.0203399658203125
-0.074554443359375 -0.237716674804688 0.0767288208007813 -0.03472900390625
-0.182846069335937 -0.166091918945313 0.0761260986328125 0.0224609375
-0.178268432617188 -0.151016235351562 0.114303588867187 0.077880859375
-0.228561401367188 -0.141937255859375 0.14544677734375 0.108871459960937
-0.182693481445313 -0.186660766601563 0.107894897460938 0.18621826171875
-0.055694580078125 -0.271011352539063 0.0471343994140625 0.202651977539062
0.113983154296875 -0.25030517578125 -0.0803375244140625 0.152877807617187
0.314697265625 -0.039398193359375 -0.140899658203125 0.0383758544921875
0.290740966796875 0.1510009765625 0.00994110107421877 -0.0417251586914062
0.15850830078125 0.307830810546875 0.134841918945313 0.19683837890625
-0.054473876953125 0.2005615234375 0.321563720703125 0.256988525390625
0.0306854248046875 0.219528198242187 0.298583984375 0.292205810546875
0.171096801757813 0.155014038085938 0.23333740234375 0.179885864257812
0.187332153320313 -0.0261993408203125 0.216659545898438 0.089569091796875
0.102592468261719 -0.123771667480469 0.153350830078125 0.0343017578125
-0.0416107177734375 -0.157623291015625 0.116676330566406 0.0227813720703125
-0.116172790527344 -0.116493225097656 0.143814086914063 0.0561981201171875
-0.119834899902344 -0.108009338378906 0.177047729492188 0.09332275390625
-0.158782958984375 -0.107772827148438 0.210250854492188 0.133575439453125
-0.13043212890625 -0.141876220703125 0.15887451171875 0.22222900390625
-0.02911376953125 -0.206619262695313 0.0726318359375 0.2392578125
0.104339599609375 -0.17901611328125 -0.071990966796875 0.185882568359375
0.240447998046875 0.0103607177734375 -0.135009765625 0.0577468872070312
0.176910400390625 0.167343139648438 0.047088623046875 0.00188064575195314
0.0305938720703125 0.248092651367187 0.1611328125 0.28948974609375
0.101203918457031 -0.11895751953125 -0.22381591796875 -0.323333740234375
-0.078765869140625 -0.121726989746094 -0.0767059326171875 -0.0343093872070312
-0.130577087402344 -0.0111541748046875 0.155441284179688 -0.068084716796875
-0.0681381225585937 0.0808944702148438 0.106277465820312 -0.24932861328125
0.01025390625 0.097259521484375 -0.074432373046875 -0.289337158203125
0.074859619140625 0.0728225708007813 -0.226547241210937 -0.231430053710938
0.0621910095214844 0.0448875427246094 -0.294708251953125 -0.123748779296875
0.0556678771972656 0.0447998046875 -0.23681640625 -0.0723724365234375
0.0534439086914062 0.055908203125 -0.195556640625 -0.047271728515625
0.00209426879882813 0.0663070678710938 -0.162887573242188 -0.0486907958984375
-0.055328369140625 0.0345191955566406 -0.171218872070313 -0.0368499755859375
-0.07330322265625 -0.0488662719726563 -0.219879150390625 -0.0925445556640625
0.000900268554687487 -0.1243896484375 -0.25262451171875 -0.206924438476563
0.100662231445313 -0.1259765625 -0.33154296875 -0.28424072265625
0.181243896484375 -0.0765533447265625 -0.339263916015625 -0.31256103515625
0.231903076171875 0.014984130859375 -0.172454833984375 -0.363800048828125
0.066680908203125 -0.0771713256835938 -0.0518951416015625 -0.0624122619628906
0.0146980285644531 -0.057098388671875 0.183914184570312 -0.06805419921875
-0.00726890563964844 -0.0280799865722656 0.136856079101563 -0.264129638671875
0.00254344940185547 -0.0158119201660156 -0.048095703125 -0.315887451171875
-0.00899410247802734 -0.0107784271240234 -0.230453491210938 -0.253509521484375
-0.0463294982910156 -0.00784301757812499 -0.3031005859375 -0.125335693359375
-0.0394935607910156 -0.0153007507324219 -0.234222412109375 -0.059967041015625
-0.05078125 -0.0089263916015625 -0.195541381835938 -0.0357208251953125
-0.0587539672851563 -0.0297203063964844 -0.168182373046875 -0.0279083251953125
-0.0432205200195312 -0.08233642578125 -0.166854858398438 -0.0140380859375
0.0171356201171875 -0.134574890136719 -0.21527099609375 -0.0703582763671875
0.153167724609375 -0.106094360351562 -0.245620727539062 -0.169052124023437
0.2421875 -0.046630859375 -0.313140869140625 -0.248870849609375
0.29168701171875 0.065032958984375 -0.293853759765625 -0.2847900390625
0.32330322265625 0.164276123046875 -0.0765380859375 -0.3505859375
0.209701538085938 0.0087432861328125 0.0121917724609375 -0.0609855651855469
0.187088012695313 -0.073974609375 0.228240966796875 -0.0493316650390625
0.0851669311523437 -0.135017395019531 0.183837890625 -0.257858276367188
0.014739990234375 -0.137893676757813 0.000579833984374988 -0.319793701171875
-0.0812530517578125 -0.105659484863281 -0.201004028320313 -0.259719848632812
-0.144317626953125 -0.066864013671875 -0.27203369140625 -0.118179321289062
-0.127532958984375 -0.0740280151367188 -0.197433471679688 -0.03558349609375
-0.151748657226563 -0.0659942626953125 -0.162429809570313 -0.00973510742187502
-0.126083374023438 -0.108383178710938 -0.14520263671875 0.01373291015625
-0.055755615234375 -0.185623168945313 -0.14422607421875 0.031524658203125
0.0669708251953125 -0.220687866210938 -0.203414916992188 -0.0225677490234375
0.26885986328125 -0.12054443359375 -0.2393798828125 -0.112289428710937
0.353515625 -0.00341796875 -0.274749755859375 -0.197921752929687
0.37054443359375 0.1761474609375 -0.21978759765625 -0.212738037109375
0.356353759765625 0.29888916015625 0.0430755615234375 -0.27685546875
0.31591796875 0.122039794921875 0.100357055664063 -0.0211334228515625
0.350433349609375 -0.048919677734375 0.274826049804688 -0.00869750976562501
0.195037841796875 -0.212127685546875 0.23492431640625 -0.217514038085937
0.0491180419921875 -0.244659423828125 0.06329345703125 -0.28765869140625
-0.129409790039063 -0.195663452148437 -0.143875122070313 -0.239364624023437
-0.217208862304688 -0.120529174804687 -0.206024169921875 -0.0960845947265625
-0.19683837890625 -0.120742797851563 -0.131675720214844 -0.00524139404296877
-0.234115600585938 -0.106201171875 -0.0996170043945313 0.0227890014648438
-0.189559936523437 -0.162322998046875 -0.0934524536132813 0.0632705688476562
-0.0843658447265625 -0.261001586914063 -0.0993881225585938 0.0832366943359375
0.08209228515625 -0.289947509765625 -0.176239013671875 0.03460693359375
0.338531494140625 -0.146087646484375 -0.22186279296875 -0.0538482666015625
0.419342041015625 0.018798828125 -0.215789794921875 -0.149627685546875
0.402740478515625 0.25189208984375 -0.123085021972656 -0.119384765625
0.324462890625 0.38671875 0.16497802734375 -0.151504516601562
0.35162353515625 0.2320556640625 0.1937255859375 0.051910400390625
0.452728271484375 0.017120361328125 0.30474853515625 0.050628662109375
0.288970947265625 -0.2342529296875 0.270492553710938 -0.144760131835938
0.09429931640625 -0.3045654296875 0.119659423828125 -0.2176513671875
-0.14691162109375 -0.258636474609375 -0.068450927734375 -0.189239501953125
-0.254501342773438 -0.15771484375 -0.114677429199219 -0.0630111694335938
-0.234649658203125 -0.149703979492188 -0.0471572875976563 0.0249214172363281
-0.28326416015625 -0.128173828125 -0.0157623291015625 0.0534934997558594
-0.231277465820313 -0.188674926757812 -0.02142333984375 0.110557556152344
-0.10748291015625 -0.302093505859375 -0.0401992797851563 0.130455017089844
0.083648681640625 -0.32379150390625 -0.1375732421875 0.0864486694335937
0.366058349609375 -0.152191162109375 -0.19500732421875 -0.00663757324218752
0.4326171875 0.0450439453125 -0.14117431640625 -0.112625122070312
0.382049560546875 0.29681396484375 -0.0167922973632812 -0.0177783966064453
0.23565673828125 0.400177001953125 0.267288208007813 -0.000137329101562475
0.3038330078125 0.29791259765625 0.270828247070313 0.144256591796875
0.4556884765625 0.095001220703125 0.307830810546875 0.1116943359375
0.327606201171875 -0.196441650390625 0.278366088867187 -0.054229736328125
0.126373291015625 -0.301422119140625 0.156143188476563 -0.12591552734375
-0.133651733398437 -0.27471923828125 0.00901031494140623 -0.117263793945313
-0.249923706054688 -0.169113159179687 -0.0128707885742188 -0.0221614837646484
-0.236038208007812 -0.155487060546875 0.0445938110351562 0.0510330200195313
-0.289947509765625 -0.1337890625 0.0762710571289062 0.0793914794921875
-0.23797607421875 -0.191085815429687 0.0584259033203125 0.150604248046875
-0.10791015625 -0.3057861328125 0.019683837890625 0.170364379882812
0.08740234375 -0.31671142578125 -0.098419189453125 0.129676818847656
0.360809326171875 -0.12457275390625 -0.16656494140625 0.02679443359375
0.3961181640625 0.085235595703125 -0.0633468627929687 -0.0827560424804688
0.310272216796875 0.316986083984375 0.0829849243164063 0.086639404296875
0.106536865234375 0.337127685546875 0.333282470703125 0.14202880859375
0.193359375 0.29510498046875 0.319183349609375 0.22808837890625
0.356658935546875 0.143157958984375 0.288543701171875 0.15478515625
0.28973388671875 -0.12420654296875 0.261383056640625 0.0254058837890625
0.1275634765625 -0.23956298828125 0.168914794921875 -0.037353515625
-0.101577758789062 -0.238265991210937 0.0752639770507813 -0.0431289672851563
-0.207748413085938 -0.15106201171875 0.08294677734375 0.0172042846679687
-0.201614379882812 -0.138351440429688 0.130256652832031 0.0702362060546875
-0.252456665039062 -0.122039794921875 0.163314819335937 0.101333618164062
-0.209060668945312 -0.172286987304688 0.132232666015625 0.185897827148438
-0.0868682861328125 -0.274871826171875 0.068023681640625 0.207748413085937
0.0927734375 -0.271392822265625 -0.0704803466796875 0.167327880859375
0.324432373046875 -0.074310302734375 -0.144790649414062 0.0519561767578125
0.316864013671875 0.1278076171875 0.00292587280273439 -0.0481452941894531
0.197174072265625 0.30657958984375 0.159423828125 0.190017700195313
-0.0357666015625 0.214019775390625 0.3575439453125 0.239776611328125
0.0541534423828125 0.226547241210938 0.337554931640625 0.27691650390625
0.195968627929687 0.143905639648438 0.262405395507813 0.168975830078125
0.190750122070313 -0.0460205078125 0.23828125 0.073333740234375
0.0944290161132813 -0.140083312988281 0.166671752929688 0.0201263427734375
-0.0593414306640625 -0.157867431640625 0.123970031738281 0.0124969482421875
-0.133399963378906 -0.107208251953125 0.156051635742187 0.0445404052734375
-0.137214660644531 -0.0998992919921875 0.195816040039063 0.080322265625
-0.176483154296875 -0.0946197509765625 0.233200073242187 0.12017822265625
-0.14959716796875 -0.132110595703125 0.18792724609375 0.217315673828125
-0.052398681640625 -0.211318969726562 0.097503662109375 0.243148803710938
0.0897369384765625 -0.19696044921875 -0.0585174560546875 0.201339721679688
0.25225830078125 -0.014404296875 -0.137008666992187 0.0719528198242188
0.200241088867187 0.156112670898438 0.0474700927734375 -0.00727844238281249
0.0580596923828125 0.255355834960938 0.1954345703125 0.2838134765625
0.0896530151367188 -0.131416320800781 -0.2589111328125 -0.3009033203125
-0.0904922485351563 -0.112586975097656 -0.0796356201171875 -0.0223236083984375
-0.132583618164063 0.00325775146484377 0.152008056640625 -0.0847625732421875
-0.0604400634765625 0.0878982543945313 0.08367919921875 -0.261123657226563
0.0201187133789063 0.096038818359375 -0.101837158203125 -0.28375244140625
0.0835800170898438 0.063201904296875 -0.250381469726563 -0.212158203125
0.0676651000976563 0.0372543334960938 -0.30987548828125 -0.094268798828125
0.0594711303710938 0.036956787109375 -0.247177124023438 -0.0493927001953125
0.0588035583496094 0.0469894409179688 -0.2030029296875 -0.027740478515625
0.0109786987304688 0.06402587890625 -0.170883178710938 -0.0329132080078125
-0.0500755310058594 0.0401611328125 -0.177642822265625 -0.02099609375
-0.0777130126953125 -0.040924072265625 -0.23431396484375 -0.071929931640625
-0.0117950439453125 -0.123916625976562 -0.277542114257813 -0.184127807617187
0.0882186889648438 -0.134963989257812 -0.36273193359375 -0.2552490234375
0.17431640625 -0.0965728759765625 -0.37481689453125 -0.283721923828125
0.235794067382813 -0.0092926025390625 -0.212158203125 -0.346832275390625
0.0610580444335938 -0.0815200805664063 -0.0585212707519531 -0.0526847839355469
0.00954437255859375 -0.0584373474121094 0.180831909179688 -0.08642578125
-0.0104751586914063 -0.0281639099121094 0.113265991210938 -0.279525756835938
0.000328063964843751 -0.0177268981933594 -0.078338623046875 -0.31341552734375
-0.00974845886230469 -0.0107250213623047 -0.257186889648437 -0.23333740234375
-0.0466651916503906 -0.00315093994140625 -0.31756591796875 -0.094757080078125
-0.0421180725097656 -0.0133781433105469 -0.24114990234375 -0.0367431640625
-0.0522003173828125 -0.00578689575195312 -0.201202392578125 -0.01544189453125
-0.0601119995117188 -0.0253486633300781 -0.172561645507813 -0.0105133056640625
-0.0507049560546875 -0.0782241821289063 -0.170700073242187 0.00231933593750002
0.00410461425781251 -0.137603759765625 -0.228302001953125 -0.0489807128906251
0.143997192382813 -0.121917724609375 -0.26849365234375 -0.1475830078125
0.237655639648438 -0.069915771484375 -0.342926025390625 -0.221038818359375
0.301177978515625 0.0362548828125 -0.32672119140625 -0.2607421875
0.34375 0.133026123046875 -0.115081787109375 -0.3441162109375
0.213546752929688 -0.0090484619140625 0.00407409667968752 -0.0579833984375
0.181991577148438 -0.0932464599609375 0.228378295898437 -0.0709075927734375
0.07220458984375 -0.144607543945313 0.162109375 -0.277130126953125
0.00077819824218749 -0.14251708984375 -0.03009033203125 -0.322509765625
-0.0927810668945312 -0.0984954833984375 -0.228042602539063 -0.240798950195312
-0.152755737304688 -0.0511932373046875 -0.28460693359375 -0.089691162109375
-0.137672424316406 -0.062835693359375 -0.20050048828125 -0.0171051025390625
-0.160171508789062 -0.0514984130859375 -0.163803100585938 0.007659912109375
-0.13714599609375 -0.0966873168945313 -0.144119262695313 0.0304412841796875
-0.0744781494140625 -0.180679321289062 -0.143081665039063 0.0473785400390625
0.0453338623046875 -0.23004150390625 -0.211959838867188 -0.00193786621093755
0.259979248046875 -0.150009155273438 -0.257919311523438 -0.090911865234375
0.35479736328125 -0.038238525390625 -0.301116943359375 -0.17340087890625
0.39288330078125 0.140350341796875 -0.244979858398437 -0.19573974609375
0.390106201171875 0.265594482421875 0.012481689453125 -0.281768798828125
0.3309326171875 0.0953369140625 0.095489501953125 -0.0271072387695312
0.35015869140625 -0.0849609375 0.280364990234375 -0.0338897705078125
0.17559814453125 -0.233642578125 0.218338012695312 -0.242385864257813
0.0256195068359375 -0.254135131835937 0.036102294921875 -0.29718017578125
-0.150802612304688 -0.183578491210938 -0.169021606445312 -0.2255859375
-0.2320556640625 -0.0976715087890624 -0.216049194335938 -0.0751953125
-0.21142578125 -0.102081298828125 -0.129722595214844 0.00732421874999997
-0.247024536132813 -0.081298828125 -0.0969314575195313 0.0344772338867188
-0.207061767578125 -0.142364501953125 -0.0863494873046875 0.0759124755859375
-0.111724853515625 -0.2532958984375 -0.0924758911132813 0.0959930419921875
0.052642822265625 -0.300689697265625 -0.178573608398438 0.0529937744140625
0.32763671875 -0.18377685546875 -0.2347412109375 -0.0328826904296875
0.422607421875 -0.02374267578125 -0.237091064453125 -0.131423950195313
0.434234619140625 0.214599609375 -0.137992858886719 -0.11090087890625
0.367645263671875 0.3577880859375 0.147567749023438 -0.167144775390625
0.37750244140625 0.201751708984375 0.196426391601563 0.03790283203125
0.46173095703125 -0.0291748046875 0.316375732421875 0.0242919921875
0.26824951171875 -0.264999389648438 0.26141357421875 -0.1717529296875
0.0648193359375 -0.31976318359375 0.100540161132813 -0.233123779296875
-0.174972534179688 -0.243988037109375 -0.08807373046875 -0.182296752929688
-0.272430419921875 -0.130020141601563 -0.119865417480469 -0.0502700805664062
-0.253097534179688 -0.126144409179687 -0.0411529541015625 0.0300140380859375
-0.299102783203125 -0.0984191894531251 -0.00895690917968752 0.05743408203125
-0.251312255859375 -0.16265869140625 -0.00846099853515626 0.115875244140625
-0.139404296875 -0.29144287109375 -0.0271530151367188 0.137588500976562
0.050445556640625 -0.335235595703125 -0.133758544921875 0.101890563964844
0.353912353515625 -0.1923828125 -0.202011108398438 0.0122985839843749
0.438720703125 0.000213623046875 -0.157608032226563 -0.101455688476562
0.418304443359375 0.263092041015625 -0.0203380584716797 -0.0185260772705078
0.279510498046875 0.380859375 0.266403198242188 -0.0237274169921875
0.33740234375 0.272216796875 0.283538818359375 0.121337890625
0.471527099609375 0.04840087890625 0.325775146484375 0.085113525390625
0.310089111328125 -0.231658935546875 0.279037475585938 -0.0824432373046875
0.09820556640625 -0.31866455078125 0.146591186523438 -0.14337158203125
-0.163467407226563 -0.260910034179688 -0.00292205810546875 -0.11712646484375
-0.2698974609375 -0.141159057617187 -0.0130271911621094 -0.0196456909179688
-0.25482177734375 -0.132217407226563 0.0544891357421875 0.0473670959472656
-0.30560302734375 -0.102386474609375 0.086517333984375 0.0745925903320313
-0.259109497070313 -0.1640625 0.0758209228515625 0.14837646484375
-0.141357421875 -0.295196533203125 0.036163330078125 0.171768188476562
0.054229736328125 -0.3280029296875 -0.0893402099609375 0.142105102539062
0.350799560546875 -0.164947509765625 -0.169403076171875 0.0428009033203125
0.406524658203125 0.04486083984375 -0.07623291015625 -0.0790328979492188
0.34771728515625 0.28924560546875 0.0912551879882813 0.0766525268554688
0.143096923828125 0.329986572265625 0.348236083984375 0.113128662109375
0.225845336914063 0.279876708984375 0.341064453125 0.200531005859375
0.37677001953125 0.10675048828125 0.30938720703125 0.1307373046875
0.278778076171875 -0.154647827148437 0.269378662109375 -9.46913558654006E-18
0.103790283203125 -0.256103515625 0.1680908203125 -0.0556793212890625
-0.12762451171875 -0.227081298828125 0.0714187622070312 -0.0497970581054688
-0.226425170898437 -0.12713623046875 0.0868911743164062 0.00981903076171874
-0.218841552734375 -0.11761474609375 0.141708374023438 0.0578765869140625
-0.26727294921875 -0.0945281982421875 0.175979614257813 0.08709716796875
-0.227737426757812 -0.148193359375 0.153228759765625 0.17633056640625
-0.1175537109375 -0.266143798828125 0.0888214111328125 0.203353881835937
0.064178466796875 -0.28399658203125 -0.0559539794921875 0.176895141601562
0.320037841796875 -0.1099853515625 -0.144912719726562 0.066070556640625
0.33160400390625 0.095458984375 -0.0047645568847656 -0.0516395568847656
0.232421875 0.289642333984375 0.178359985351563 0.173019409179688
-0.0138397216796875 0.218902587890625 0.383026123046875 0.2095947265625
0.0788726806640625 0.222824096679688 0.365936279296875 0.248931884765625
0.21429443359375 0.123214721679688 0.28375244140625 0.146514892578125
0.186538696289063 -0.0665435791015625 0.25091552734375 0.0506591796875
0.08074951171875 -0.152236938476563 0.172149658203125 0.00329589843749999
-0.0764007568359375 -0.151214599609375 0.126014709472656 0.000259399414062491
-0.147476196289063 -0.091522216796875 0.163436889648437 0.0294189453125
-0.149246215820313 -0.085205078125 0.208404541015625 0.06109619140625
-0.1875 -0.0748291015625 0.248367309570313 0.0991058349609375
-0.1640625 -0.114273071289062 0.21270751953125 0.201766967773438
-0.0757293701171875 -0.206375122070313 0.121444702148438 0.235061645507813
0.0689849853515625 -0.207733154296875 -0.0403289794921875 0.21038818359375
0.252532958984375 -0.0414886474609375 -0.134033203125 0.0839462280273438
0.216949462890625 0.136032104492187 0.0434799194335938 -0.0155563354492187
0.0858917236328125 0.251724243164062 0.224411010742187 0.2645263671875
0.0754241943359375 -0.13812255859375 -0.28021240234375 -0.275970458984375
-0.0975189208984375 -0.102699279785156 -0.0782852172851563 -0.0110855102539063
-0.129928588867188 0.0160140991210938 0.145172119140625 -0.095855712890625
-0.0540008544921875 0.0922698974609375 0.0648040771484375 -0.264724731445312
0.0272903442382813 0.092803955078125 -0.120529174804688 -0.27178955078125
0.0876693725585938 0.053558349609375 -0.263229370117187 -0.192489624023438
0.0707473754882813 0.0296554565429688 -0.31451416015625 -0.0694580078125
0.0607643127441406 0.0300216674804688 -0.249038696289063 -0.0303192138671875
0.0604629516601562 0.0386772155761719 -0.202774047851563 -0.0117950439453125
0.0170707702636719 0.0592460632324219 -0.173416137695313 -0.019775390625
-0.04443359375 0.0431671142578125 -0.179916381835938 -0.00848388671875003
-0.080535888671875 -0.034576416015625 -0.240402221679688 -0.0528564453125
-0.0213394165039062 -0.119972229003906 -0.289794921875 -0.160888671875
0.0766677856445313 -0.138519287109375 -0.377838134765625 -0.2257080078125
0.163253784179688 -0.110870361328125 -0.393707275390625 -0.2535400390625
0.230422973632812 -0.0284881591796875 -0.237762451171875 -0.324188232421875
0.0550918579101563 -0.08349609375 -0.06158447265625 -0.0424079895019531
0.0055694580078125 -0.0570297241210938 0.1751708984375 -0.098846435546875
-0.0132637023925781 -0.0263023376464844 0.093170166015625 -0.2845458984375
-0.00186538696289063 -0.0191020965576172 -0.099456787109375 -0.303619384765625
-0.0103464126586914 -0.0109062194824219 -0.270843505859375 -0.210540771484375
-0.0459518432617188 0.000526428222656247 -0.32098388671875 -0.06842041015625
-0.0441246032714844 -0.0113258361816406 -0.240997314453125 -0.019195556640625
-0.0535087585449219 -0.00351715087890625 -0.199462890625 -0.000228881835937509
-0.0596923828125 -0.0221481323242187 -0.172348022460938 0.0030059814453125
-0.0545120239257813 -0.0734634399414062 -0.1697998046875 0.0154266357421875
-0.00623321533203126 -0.136001586914063 -0.23358154296875 -0.03106689453125
0.13287353515625 -0.131202697753906 -0.279754638671875 -0.126312255859375
0.228164672851563 -0.08575439453125 -0.35748291015625 -0.193023681640625
0.300323486328125 0.011749267578125 -0.344970703125 -0.235137939453125
0.350616455078125 0.104278564453125 -0.14422607421875 -0.328460693359375
0.211074829101563 -0.0223541259765625 -0.00219726562499998 -0.0512733459472656
0.173721313476563 -0.106491088867188 0.223907470703125 -0.0867462158203125
0.059722900390625 -0.148208618164063 0.14227294921875 -0.286163330078125
-0.0111236572265625 -0.143096923828125 -0.052734375 -0.31787109375
-0.0993118286132813 -0.089569091796875 -0.243911743164063 -0.219985961914063
-0.154312133789063 -0.0374755859375 -0.2869873046875 -0.06585693359375
-0.142196655273438 -0.0520782470703125 -0.197860717773437 -0.00265502929687499
-0.162628173828125 -0.038787841796875 -0.160110473632813 0.0213623046875
-0.141265869140625 -0.08489990234375 -0.139579772949219 0.0420455932617187
-0.0869140625 -0.172134399414063 -0.139076232910156 0.05865478515625
0.0276336669921875 -0.231369018554688 -0.214218139648437 0.0151214599609375
0.245437622070313 -0.16864013671875 -0.266754150390625 -0.07025146484375
0.346466064453125 -0.06463623046875 -0.31341552734375 -0.149139404296875
0.4000244140625 0.1082763671875 -0.260223388671875 -0.17730712890625
0.40869140625 0.232208251953125 -0.012939453125 -0.277145385742188
0.33544921875 0.07183837890625 0.089813232421875 -0.0286331176757812
0.3411865234375 -0.112091064453125 0.278396606445312 -0.0526580810546875
0.155197143554688 -0.244277954101562 0.200424194335937 -0.256195068359375
0.00486755371093751 -0.256195068359375 0.013641357421875 -0.297760009765625
-0.163009643554688 -0.167800903320313 -0.18414306640625 -0.209060668945312
-0.236526489257812 -0.07476806640625 -0.21734619140625 -0.05596923828125
-0.218978881835938 -0.084228515625 -0.125556945800781 0.0159530639648438
-0.25091552734375 -0.059539794921875 -0.09088134765625 0.04339599609375
-0.214157104492188 -0.122756958007812 -0.0782318115234375 0.083740234375
-0.130355834960938 -0.240921020507812 -0.0841522216796875 0.1031494140625
0.028411865234375 -0.302032470703125 -0.176467895507813 0.067901611328125
0.309783935546875 -0.208770751953125 -0.239959716796875 -0.0155487060546875
0.414337158203125 -0.05572509765625 -0.24822998046875 -0.112335205078125
0.44781494140625 0.1778564453125 -0.147872924804688 -0.10137939453125
0.39288330078125 0.325714111328125 0.1298828125 -0.173553466796875
0.38916015625 0.173797607421875 0.193756103515625 0.0266265869140625
0.457000732421875 -0.066192626953125 0.319091796875 0.00164794921875
0.244903564453125 -0.28265380859375 0.248641967773438 -0.19049072265625
0.038299560546875 -0.324493408203125 0.0827789306640625 -0.238983154296875
-0.191329956054687 -0.225357055664063 -0.101150512695313 -0.171554565429688
-0.2806396484375 -0.102783203125 -0.120140075683594 -0.03900146484375
-0.262115478515625 -0.104507446289063 -0.0347537994384766 0.0314579010009766
-0.302886962890625 -0.07012939453125 -0.00214385986328127 0.0600852966308594
-0.260299682617188 -0.138015747070313 0.00308227539062498 0.117408752441406
-0.161392211914063 -0.275375366210938 -0.0164031982421875 0.139251708984375
0.02252197265625 -0.335693359375 -0.127693176269531 0.113182067871094
0.334930419921875 -0.220703125 -0.204299926757812 0.0272979736328124
0.43206787109375 -0.034027099609375 -0.168441772460937 -0.0895538330078125
0.43792724609375 0.228057861328125 -0.0236091613769531 -0.0191555023193359
0.3076171875 0.3555908203125 0.2579345703125 -0.0414886474609375
0.354705810546875 0.24554443359375 0.285400390625 0.102783203125
0.47296142578125 0.00897216796875 0.332366943359375 0.0616455078125
0.2880859375 -0.25360107421875 0.271530151367188 -0.102127075195313
0.0712890625 -0.326416015625 0.1351318359375 -0.15435791015625
-0.182052612304688 -0.242385864257813 -0.0120773315429688 -0.113990783691406
-0.278610229492188 -0.113906860351563 -0.0124702453613281 -0.0171976089477539
-0.263809204101563 -0.108795166015625 0.0607643127441406 0.0414619445800781
-0.309722900390625 -0.073089599609375 0.0938491821289062 0.0689544677734375
-0.267974853515625 -0.137161254882812 0.0887603759765625 0.142852783203125
-0.164505004882812 -0.279006958007813 0.04937744140625 0.16864013671875
0.027008056640625 -0.328369140625 -0.0806121826171875 0.147994995117187
0.334014892578125 -0.192840576171875 -0.168167114257813 0.0554656982421875
0.403961181640625 0.012176513671875 -0.0852584838867187 -0.0733642578125
0.36944580078125 0.259857177734375 0.0939407348632813 0.0670394897460938
0.168426513671875 0.3150634765625 0.35028076171875 0.08831787109375
0.245162963867187 0.259796142578125 0.348907470703125 0.17572021484375
0.384033203125 0.0745849609375 0.318389892578125 0.107757568359375
0.262527465820313 -0.175811767578125 0.268722534179687 -0.0208892822265625
0.0818634033203125 -0.263595581054688 0.162872314453125 -0.0690765380859375
-0.143539428710938 -0.211578369140625 0.0671348571777344 -0.0524635314941406
-0.234054565429688 -0.103958129882812 0.0886764526367188 0.00388336181640624
-0.227554321289063 -0.097259521484375 0.148590087890625 0.0450592041015625
-0.271316528320313 -0.06793212890625 0.18377685546875 0.074615478515625
-0.235748291015625 -0.124618530273437 0.167022705078125 0.164352416992188
-0.138580322265625 -0.251846313476562 0.103363037109375 0.195114135742187
0.039581298828125 -0.285064697265625 -0.043670654296875 0.18115234375
0.30755615234375 -0.13568115234375 -0.141571044921875 0.0760498046875
0.3338623046875 0.068359375 -0.0133132934570312 -0.0527572631835937
0.254684448242188 0.267227172851563 0.188034057617188 0.155685424804688
0.00431823730468751 0.21722412109375 0.3936767578125 0.181427001953125
0.0955047607421875 0.214340209960938 0.378021240234375 0.219268798828125
0.22314453125 0.103271484375 0.29339599609375 0.125244140625
0.177871704101563 -0.081573486328125 0.254135131835938 0.0301361083984375
0.0674285888671875 -0.15771484375 0.171310424804688 -0.0103607177734375
-0.0873565673828125 -0.141403198242188 0.12445068359375 -0.00826263427734376
-0.153457641601563 -0.0746307373046875 0.165451049804688 0.0155487060546875
-0.155410766601562 -0.070556640625 0.213912963867188 0.0431365966796875
-0.191513061523437 -0.0564117431640625 0.255050659179688 0.08013916015625
-0.170120239257813 -0.09686279296875 0.227310180664063 0.184600830078125
-0.093048095703125 -0.195816040039063 0.137741088867188 0.2232666015625
0.05047607421875 -0.209823608398438 -0.02520751953125 0.21112060546875
0.246566772460938 -0.0620574951171875 -0.128997802734375 0.0933914184570313
0.224624633789063 0.117019653320313 0.037811279296875 -0.0222282409667969
0.106094360351563 0.240646362304688 0.240859985351563 0.241180419921875
0.06585693359375 -0.141738891601563 -0.292633056640625 -0.256317138671875
-0.100440979003906 -0.0955734252929688 -0.075927734375 -0.00305938720703125
-0.126701354980469 0.0242691040039062 0.140655517578125 -0.102935791015625
-0.0482025146484375 0.0951614379882812 0.0532073974609375 -0.267501831054687
0.0319747924804688 0.0905303955078125 -0.130859375 -0.2640380859375
0.0898895263671875 0.045806884765625 -0.270416259765625 -0.178741455078125
0.072479248046875 0.0226974487304688 -0.316741943359375 -0.0517578125
0.0604629516601563 0.0245704650878906 -0.2503662109375 -0.0178680419921875
0.0603065490722656 0.0319633483886719 -0.203140258789063 -0.00181579589843752
0.0217628479003906 0.0544548034667969 -0.174484252929688 -0.0108184814453125
-0.0390167236328125 0.0440521240234375 -0.181549072265625 0.000289916992187509
-0.0811538696289063 -0.0294418334960938 -0.2435302734375 -0.0403594970703125
-0.0273513793945313 -0.116058349609375 -0.29547119140625 -0.14501953125
0.069305419921875 -0.140106201171875 -0.38494873046875 -0.206207275390625
0.154281616210938 -0.119338989257812 -0.40484619140625 -0.233917236328125
0.226333618164063 -0.041473388671875 -0.25518798828125 -0.305877685546875
0.0509719848632813 -0.0836029052734375 -0.0622901916503906 -0.0333900451660156
0.00429153442382813 -0.0562400817871094 0.171371459960937 -0.1068115234375
-0.0144309997558594 -0.0244865417480469 0.07977294921875 -0.28765869140625
-0.00336074829101563 -0.019683837890625 -0.113433837890625 -0.296142578125
-0.01055908203125 -0.0112409591674805 -0.27850341796875 -0.195571899414062
-0.0449714660644531 0.00241088867187501 -0.32135009765625 -0.05059814453125
-0.0453338623046875 -0.0102729797363281 -0.240676879882813 -0.00793457031250001
-0.0544319152832031 -0.00260543823242189 -0.198562622070313 0.0101470947265625
-0.0584907531738281 -0.0208358764648437 -0.17144775390625 0.01214599609375
-0.0554885864257812 -0.0705718994140625 -0.170074462890625 0.02398681640625
-0.0124664306640625 -0.134597778320313 -0.236373901367188 -0.018157958984375
0.125701904296875 -0.136260986328125 -0.286468505859375 -0.11041259765625
0.221176147460938 -0.0953216552734375 -0.365020751953125 -0.17413330078125
0.297760009765625 -0.003753662109375 -0.356781005859375 -0.2177734375
0.35296630859375 0.083953857421875 -0.162139892578125 -0.31549072265625
0.209243774414063 -0.0305633544921875 -0.00583267211914061 -0.0451316833496094
0.1683349609375 -0.115066528320312 0.221771240234375 -0.0969085693359375
0.051239013671875 -0.149749755859375 0.1279296875 -0.292236328125
-0.02001953125 -0.143096923828125 -0.067962646484375 -0.312652587890625
-0.102851867675781 -0.0829544067382812 -0.251861572265625 -0.205215454101562
-0.154312133789063 -0.02740478515625 -0.28668212890625 -0.049835205078125
-0.145782470703125 -0.0449066162109375 -0.194992065429688 0.00665283203124998
-0.163986206054688 -0.029510498046875 -0.156692504882813 0.029632568359375
-0.142791748046875 -0.0771026611328125 -0.135597229003906 0.0498123168945312
-0.0940399169921875 -0.16595458984375 -0.135780334472656 0.065521240234375
0.01593017578125 -0.231414794921875 -0.215850830078125 0.027313232421875
0.235092163085938 -0.18011474609375 -0.271728515625 -0.0558013916015625
0.338348388671875 -0.079559326171875 -0.3209228515625 -0.133056640625
0.403228759765625 0.0877685546875 -0.270187377929688 -0.164337158203125
0.41845703125 0.208648681640625 -0.030792236328125 -0.270645141601563
0.337615966796875 0.05694580078125 0.0851516723632813 -0.0270767211914062
0.335601806640625 -0.13037109375 0.278030395507813 -0.066253662109375
0.141220092773438 -0.250762939453125 0.188613891601563 -0.26513671875
-0.010467529296875 -0.256546020507813 -0.00131225585937502 -0.297454833984375
-0.170013427734375 -0.1566162109375 -0.192138671875 -0.196517944335937
-0.237594604492188 -0.058624267578125 -0.216766357421875 -0.043060302734375
-0.223251342773437 -0.072021484375 -0.120880126953125 0.0211944580078125
-0.252059936523438 -0.0447235107421875 -0.0861663818359375 0.048614501953125
-0.217453002929687 -0.10888671875 -0.0714111328125 0.0884780883789063
-0.142410278320313 -0.230117797851563 -0.0787200927734375 0.107978820800781
0.012237548828125 -0.302276611328125 -0.175247192382813 0.0782470703125
0.296905517578125 -0.224273681640625 -0.243011474609375 -0.00198364257812503
0.4063720703125 -0.07611083984375 -0.255218505859375 -0.0994415283203125
0.45587158203125 0.154754638671875 -0.155227661132813 -0.095428466796875
0.408660888671875 0.30181884765625 0.116455078125 -0.175445556640625
0.3958740234375 0.155487060546875 0.190048217773438 0.0224151611328125
0.452972412109375 -0.091796875 0.321746826171875 -0.014129638671875
0.227630615234375 -0.29315185546875 0.239852905273438 -0.201797485351563
0.019866943359375 -0.326629638671875 0.0704345703125 -0.242584228515625
-0.200302124023438 -0.211273193359375 -0.1080322265625 -0.162490844726563
-0.282745361328125 -0.0833740234375 -0.119361877441406 -0.0314712524414063
-0.266693115234375 -0.0887298583984375 -0.0298290252685547 0.0313644409179687
-0.303436279296875 -0.0505981445312501 0.00342941284179686 0.0603675842285156
-0.263458251953125 -0.11981201171875 0.01153564453125 0.118309020996094
-0.176483154296875 -0.26226806640625 -0.00881195068359377 0.140396118164062
0.003753662109375 -0.33447265625 -0.123970031738281 0.120712280273437
0.32135009765625 -0.23828125 -0.204986572265625 0.0384368896484375
0.425018310546875 -0.0552978515625 -0.17523193359375 -0.0806427001953125
0.448944091796875 0.20379638671875 -0.027191162109375 -0.0190467834472656
0.325531005859375 0.336883544921875 0.251007080078125 -0.0504608154296875
0.36614990234375 0.228363037109375 0.284759521484375 0.0911865234375
0.47296142578125 -0.018829345703125 0.337493896484375 0.045684814453125
0.272781372070313 -0.266647338867188 0.2659912109375 -0.115951538085938
0.05126953125 -0.330230712890625 0.126266479492188 -0.160797119140625
-0.192520141601563 -0.227508544921875 -0.0168609619140625 -0.109207153320313
-0.2813720703125 -0.093505859375 -0.0112085342407227 -0.0159645080566406
-0.2696533203125 -0.09197998046875 0.0660934448242187 0.0359458923339844
-0.310302734375 -0.0522460937499999 0.0992431640625 0.0648956298828125
-0.270965576171875 -0.118850708007812 0.0984573364257813 0.138916015625
-0.180084228515625 -0.264541625976563 0.058074951171875 0.165435791015625
0.00772094726562501 -0.32696533203125 -0.0744781494140625 0.1534423828125
0.321197509765625 -0.210906982421875 -0.16845703125 0.0651397705078125
0.39984130859375 -0.009033203125 -0.0927963256835938 -0.0690841674804687
0.38250732421875 0.237945556640625 0.0939102172851563 0.0604705810546875
0.185211181640625 0.304412841796875 0.350341796875 0.07427978515625
0.2576904296875 0.24609375 0.351470947265625 0.1595458984375
0.3868408203125 0.050628662109375 0.32379150390625 0.091522216796875
0.250244140625 -0.188385009765625 0.266860961914063 -0.03466796875
0.06561279296875 -0.267974853515625 0.1593017578125 -0.07757568359375
-0.153167724609375 -0.199493408203125 0.0638847351074219 -0.0532989501953125
-0.23712158203125 -0.0856781005859375 0.0900497436523437 -0.00103759765625001
-0.231643676757813 -0.081787109375 0.152847290039062 0.035614013671875
-0.2716064453125 -0.0497589111328125 0.188430786132812 0.0657806396484375
-0.238800048828125 -0.107070922851562 0.176971435546875 0.155197143554688
-0.153594970703125 -0.2393798828125 0.11297607421875 0.188674926757812
0.02294921875 -0.2838134765625 -0.0358428955078125 0.183334350585937
0.29827880859375 -0.152069091796875 -0.140373229980469 0.0833816528320312
0.333526611328125 0.04974365234375 -0.0197868347167969 -0.0533103942871094
0.268707275390625 0.25115966796875 0.192245483398438 0.143264770507813
0.016845703125 0.215972900390625 0.39892578125 0.163238525390625
0.10693359375 0.206390380859375 0.3843994140625 0.200103759765625
0.22833251953125 0.088470458984375 0.298736572265625 0.11029052734375
0.170547485351563 -0.091217041015625 0.25518798828125 0.01666259765625
0.05645751953125 -0.16070556640625 0.171340942382813 -0.01959228515625
-0.0938796997070313 -0.132575988769531 0.123359680175781 -0.014007568359375
-0.155807495117188 -0.0620269775390625 0.165725708007812 0.0065155029296875
-0.158660888671875 -0.0592498779296875 0.216445922851562 0.030426025390625
-0.192611694335938 -0.0429229736328125 0.259689331054687 0.0661773681640625
-0.172500610351563 -0.0844268798828125 0.236892700195312 0.17144775390625
-0.10479736328125 -0.187103271484375 0.147476196289063 0.2149658203125
0.0379180908203125 -0.209945678710937 -0.0149688720703125 0.212646484375
0.241806030273438 -0.075714111328125 -0.12713623046875 0.0999526977539063
0.22772216796875 0.104339599609375 0.0323905944824219 -0.0259456634521484
0.119094848632813 0.232345581054687 0.250213623046875 0.225326538085938
0.0589599609375 -0.146041870117187 -0.30743408203125 -0.245452880859375
-0.104911804199219 -0.090972900390625 -0.0740280151367188 0.00301361083984376
-0.125007629394531 0.03106689453125 0.1407470703125 -0.109344482421875
-0.0444488525390625 0.0992050170898438 0.045379638671875 -0.27398681640625
0.0360870361328125 0.0901336669921875 -0.140594482421875 -0.263320922851563
0.0918350219726563 0.0404739379882813 -0.281219482421875 -0.17242431640625
0.0742263793945313 0.0171279907226563 -0.322509765625 -0.039764404296875
0.0607223510742188 0.0209007263183594 -0.2564697265625 -0.00845336914062499
0.0598297119140625 0.0277366638183594 -0.20751953125 0.00512695312499996
0.0246505737304688 0.0505409240722656 -0.17840576171875 -0.00466918945312497
-0.0360870361328125 0.0447807312011719 -0.187088012695312 0.00692749023437499
-0.0824508666992188 -0.0261001586914062 -0.25054931640625 -0.031585693359375
-0.0316314697265625 -0.114982604980469 -0.303558349609375 -0.137237548828125
0.0644378662109375 -0.142501831054688 -0.397064208984375 -0.19586181640625
0.149856567382813 -0.126556396484375 -0.42022705078125 -0.22320556640625
0.226425170898438 -0.05059814453125 -0.270782470703125 -0.297210693359375
0.0490951538085938 -0.084381103515625 -0.0631599426269531 -0.0266075134277344
0.00374603271484375 -0.05615234375 0.171844482421875 -0.11456298828125
-0.0150146484375 -0.0231227874755859 0.071685791015625 -0.295074462890625
-0.00470542907714844 -0.0200233459472656 -0.12359619140625 -0.29656982421875
-0.010645866394043 -0.0117654800415039 -0.28912353515625 -0.18865966796875
-0.04437255859375 0.00310897827148437 -0.32745361328125 -0.0384521484374999
-0.04791259765625 -0.00956344604492188 -0.24517822265625 0.000915527343750034
-0.0568809509277344 -0.00178146362304687 -0.2012939453125 0.0180206298828125
-0.0589103698730469 -0.0210533142089844 -0.173675537109375 0.0194244384765625
-0.0570869445800781 -0.0701332092285156 -0.173477172851562 0.0310821533203125
-0.0168609619140625 -0.135917663574219 -0.2440185546875 -0.008880615234375
0.122222900390625 -0.141189575195313 -0.294708251953125 -0.101898193359375
0.219802856445313 -0.102706909179688 -0.376556396484375 -0.16448974609375
0.300445556640625 -0.014495849609375 -0.372100830078125 -0.208770751953125
0.360443115234375 0.070709228515625 -0.179168701171875 -0.30950927734375
0.21160888671875 -0.0362396240234375 -0.00733947753906249 -0.0393600463867188
0.168212890625 -0.122787475585938 0.224868774414063 -0.107177734375
0.0468292236328125 -0.152801513671875 0.12127685546875 -0.301025390625
-0.026885986328125 -0.145462036132812 -0.078857421875 -0.314788818359375
-0.106498718261719 -0.0795822143554688 -0.261795043945313 -0.197952270507813
-0.155685424804688 -0.0210418701171875 -0.29144287109375 -0.038665771484375
-0.150405883789062 -0.039703369140625 -0.196701049804688 0.01239013671875
-0.168045043945312 -0.023590087890625 -0.157913208007813 0.03619384765625
-0.1458740234375 -0.0730133056640625 -0.134963989257813 0.05657958984375
-0.10064697265625 -0.164520263671875 -0.136268615722656 0.0727462768554688
0.00756835937500002 -0.235504150390625 -0.220962524414063 0.0376434326171875
0.23175048828125 -0.191116333007813 -0.279617309570313 -0.0464324951171875
0.3380126953125 -0.092193603515625 -0.33251953125 -0.1231689453125
0.412322998046875 0.07403564453125 -0.283447265625 -0.158050537109375
0.432525634765625 0.194793701171875 -0.0446014404296875 -0.269012451171875
0.345672607421875 0.047515869140625 0.083740234375 -0.02398681640625
0.337005615234375 -0.146270751953125 0.2843017578125 -0.078582763671875
0.13348388671875 -0.259124755859375 0.18267822265625 -0.275787353515625
-0.0222625732421875 -0.261489868164063 -0.01141357421875 -0.30206298828125
-0.177154541015625 -0.150787353515625 -0.200881958007812 -0.189727783203125
-0.241531372070313 -0.047393798828125 -0.219009399414063 -0.03448486328125
-0.230560302734375 -0.064117431640625 -0.1199951171875 0.0236968994140625
-0.256607055664062 -0.033599853515625 -0.0837249755859375 0.0527725219726563
-0.222259521484375 -0.100845336914063 -0.0663528442382813 0.0934295654296875
-0.152618408203125 -0.226577758789063 -0.076080322265625 0.113288879394531
0.00128173828125001 -0.306854248046875 -0.17828369140625 0.087982177734375
0.292755126953125 -0.23919677734375 -0.24981689453125 0.00834655761718748
0.40673828125 -0.0908203125 -0.265457153320312 -0.0904541015625
0.470001220703125 0.13934326171875 -0.164352416992187 -0.091033935546875
0.426361083984375 0.291107177734375 0.108062744140625 -0.17791748046875
0.40789794921875 0.145538330078125 0.190582275390625 0.021728515625
0.45703125 -0.112060546875 0.3299560546875 -0.026123046875
0.219329833984375 -0.30596923828125 0.237152099609375 -0.214309692382813
0.00515747070312497 -0.33447265625 0.063385009765625 -0.248992919921875
-0.210662841796875 -0.204086303710937 -0.114471435546875 -0.157989501953125
-0.28759765625 -0.069183349609375 -0.119400024414063 -0.0262374877929688
-0.2747802734375 -0.07763671875 -0.0260734558105469 0.0306739807128906
-0.30828857421875 -0.0366210937500001 0.00861740112304685 0.0615997314453125
-0.268600463867188 -0.108871459960937 0.0191574096679687 0.120536804199219
-0.189712524414062 -0.256332397460938 -0.0036773681640625 0.143173217773437
-0.00918579101562501 -0.33831787109375 -0.124000549316406 0.128982543945312
0.316192626953125 -0.25494384765625 -0.210433959960938 0.0487213134765625
0.42730712890625 -0.0712890625 -0.18426513671875 -0.074371337890625
0.464630126953125 0.189056396484375 -0.0315380096435547 -0.0181522369384766
0.3443603515625 0.32965087890625 0.249359130859375 -0.0568695068359375
0.380523681640625 0.219085693359375 0.288421630859375 0.086517333984375
0.480743408203125 -0.041107177734375 0.3470458984375 0.033905029296875
0.264068603515625 -0.281219482421875 0.267105102539063 -0.127273559570313
0.03680419921875 -0.337646484375 0.1226806640625 -0.167938232421875
-0.20233154296875 -0.220367431640625 -0.0207138061523438 -0.108016967773438
-0.28643798828125 -0.079193115234375 -0.00960350036621095 -0.0149679183959961
-0.277435302734375 -0.0804290771484375 0.0718460083007812 0.032135009765625
-0.315399169921875 -0.037872314453125 0.106086730957031 0.062744140625
-0.276443481445313 -0.106201171875 0.108261108398437 0.137710571289063
-0.1944580078125 -0.25775146484375 0.0653076171875 0.1658935546875
-0.00619506835937503 -0.33111572265625 -0.0718536376953125 0.160629272460937
0.31622314453125 -0.22698974609375 -0.171722412109375 0.0742034912109375
0.402923583984375 -0.023773193359375 -0.100425720214844 -0.0670394897460938
0.39892578125 0.226776123046875 0.0957183837890625 0.057159423828125
0.20050048828125 0.301239013671875 0.355743408203125 0.064910888671875
0.271240234375 0.240142822265625 0.35809326171875 0.151519775390625
0.39581298828125 0.033538818359375 0.334228515625 0.0809326171875
0.24371337890625 -0.201004028320313 0.270156860351562 -0.04522705078125
0.0537872314453125 -0.275497436523438 0.158950805664063 -0.084716796875
-0.161972045898438 -0.1932373046875 0.063934326171875 -0.05462646484375
-0.24139404296875 -0.0725860595703125 0.0931167602539062 -0.00467681884765625
-0.238128662109375 -0.0709381103515625 0.158294677734375 0.028076171875
-0.275619506835938 -0.0363769531250001 0.196563720703125 0.06005859375
-0.243148803710938 -0.095550537109375 0.187789916992187 0.151702880859375
-0.16595458984375 -0.233901977539063 0.121200561523437 0.18701171875
0.010528564453125 -0.287994384765625 -0.0307464599609375 0.188873291015625
0.295166015625 -0.16656494140625 -0.142730712890625 0.092193603515625
0.33905029296875 0.0379638671875 -0.0261955261230468 -0.0535774230957031
0.283111572265625 0.244110107421875 0.19891357421875 0.136520385742188
0.0272979736328125 0.21734619140625 0.409637451171875 0.153411865234375
0.117813110351562 0.2042236328125 0.39398193359375 0.190093994140625
0.236068725585938 0.0770721435546875 0.30670166015625 0.10107421875
0.167236328125 -0.099517822265625 0.26007080078125 0.00730895996093749
0.048858642578125 -0.165969848632813 0.174331665039062 -0.02691650390625
-0.0995254516601562 -0.128173828125 0.12542724609375 -0.0175094604492188
-0.158355712890625 -0.0521392822265625 0.169403076171875 1.52587890624968E-05
-0.163650512695313 -0.0511932373046875 0.223098754882813 0.0204620361328125
-0.196014404296875 -0.032958984375 0.268478393554688 0.0579376220703125
-0.17608642578125 -0.075439453125 0.248672485351563 0.165267944335937
-0.114944458007812 -0.18353271484375 0.1568603515625 0.212295532226563
0.028717041015625 -0.212997436523438 -0.00833129882812499 0.216812133789063
0.241867065429688 -0.086822509765625 -0.127891540527344 0.107452392578125
0.234375 0.0964508056640625 0.027496337890625 -0.0292263031005859
0.129776000976563 0.229888916015625 0.259994506835938 0.216720581054688
0.052215576171875 -0.153579711914063 -0.33001708984375 -0.236480712890625
-0.111846923828125 -0.0884857177734375 -0.0734939575195313 0.0101699829101562
-0.125144958496094 0.03912353515625 0.142715454101563 -0.120498657226563
-0.0395584106445313 0.105278015136719 0.035308837890625 -0.28765869140625
0.0418167114257813 0.0913619995117188 -0.156158447265625 -0.267684936523437
0.0970230102539063 0.0353927612304688 -0.299530029296875 -0.166656494140625
0.0772933959960938 0.0108261108398438 -0.337554931640625 -0.0254516601562501
0.0629081726074219 0.0168991088867188 -0.268539428710938 0.00399780273437497
0.0611495971679687 0.0240631103515625 -0.217666625976562 0.0155487060546875
0.0278663635253906 0.0471992492675781 -0.187347412109375 0.00320434570312499
-0.0326385498046875 0.0460128784179687 -0.195343017578125 0.0166778564453125
-0.0860214233398438 -0.0221786499023437 -0.262924194335938 -0.0203704833984375
-0.0381317138671875 -0.115859985351563 -0.319976806640625 -0.1297607421875
0.0608367919921875 -0.14935302734375 -0.418975830078125 -0.188018798828125
0.146759033203125 -0.137710571289063 -0.447357177734375 -0.213226318359375
0.230316162109375 -0.063507080078125 -0.2962646484375 -0.2906494140625
0.0484237670898437 -0.0880355834960938 -0.0644721984863281 -0.0191993713378906
0.0036468505859375 -0.0575408935546875 0.175811767578125 -0.128143310546875
-0.0148735046386719 -0.0223789215087891 0.063079833984375 -0.30999755859375
-0.00649833679199219 -0.0205497741699219 -0.14013671875 -0.302490234375
-0.0111598968505859 -0.0122795104980469 -0.307525634765625 -0.18243408203125
-0.0451774597167969 0.00360107421875 -0.340179443359375 -0.0232543945312501
-0.0515556335449219 -0.00896072387695313 -0.255172729492188 0.0114593505859375
-0.0602874755859375 -7.6293945312396E-06 -0.2099609375 0.027984619140625
-0.0614662170410156 -0.0215873718261719 -0.179611206054687 0.0284423828125
-0.0605316162109375 -0.0708770751953125 -0.179977416992188 0.041259765625
-0.023468017578125 -0.139816284179688 -0.256103515625 0.00334167480468749
0.12091064453125 -0.151275634765625 -0.310302734375 -0.0922546386718751
0.221939086914062 -0.114944458007812 -0.39910888671875 -0.153594970703125
0.3096923828125 -0.029144287109375 -0.397857666015625 -0.2001953125
0.37603759765625 0.055419921875 -0.2017822265625 -0.306915283203125
0.218917846679688 -0.044586181640625 -0.0086536407470703 -0.0341815948486328
0.170806884765625 -0.13629150390625 0.231369018554688 -0.12261962890625
0.041717529296875 -0.15966796875 0.113372802734375 -0.318878173828125
-0.036376953125 -0.150009155273438 -0.094940185546875 -0.323089599609375
-0.113166809082031 -0.077117919921875 -0.279037475585938 -0.192306518554688
-0.160781860351563 -0.0139312744140625 -0.3017578125 -0.02569580078125
-0.159072875976562 -0.034576416015625 -0.203216552734375 0.0207366943359375
-0.176010131835938 -0.01605224609375 -0.161911010742188 0.0450286865234375
-0.153106689453125 -0.0696563720703125 -0.135765075683594 0.065826416015625
-0.110214233398438 -0.165512084960937 -0.1392822265625 0.0827178955078125
-0.00263977050781249 -0.245040893554688 -0.23114013671875 0.05157470703125
0.232177734375 -0.209213256835938 -0.293914794921875 -0.035064697265625
0.346099853515625 -0.109039306640625 -0.352294921875 -0.11279296875
0.43157958984375 0.058258056640625 -0.304046630859375 -0.151397705078125
0.459014892578125 0.1806640625 -0.0618896484375 -0.271636962890625
0.361358642578125 0.036712646484375 0.0849151611328125 -0.0225372314453125
0.34490966796875 -0.169891357421875 0.2947998046875 -0.097015380859375
0.1268310546875 -0.27447509765625 0.17803955078125 -0.29510498046875
-0.0381317138671875 -0.271148681640625 -0.025482177734375 -0.31292724609375
-0.189132690429688 -0.146560668945313 -0.215438842773438 -0.185623168945313
-0.250503540039063 -0.036285400390625 -0.226516723632813 -0.024749755859375
-0.242904663085938 -0.0541534423828126 -0.122184753417969 0.0279769897460937
-0.2674560546875 -0.02081298828125 -0.0831222534179688 0.0594558715820313
-0.232879638671875 -0.092681884765625 -0.0631103515625 0.100944519042969
-0.168914794921875 -0.22625732421875 -0.0740585327148437 0.122299194335937
-0.0135498046875 -0.31842041015625 -0.18377685546875 0.102493286132813
0.2923583984375 -0.26287841796875 -0.261276245117187 0.021575927734375
0.417144775390625 -0.11163330078125 -0.282257080078125 -0.081939697265625
0.49456787109375 0.12396240234375 -0.178009033203125 -0.08673095703125
0.456329345703125 0.280303955078125 0.100418090820313 -0.184738159179688
0.43109130859375 0.134185791015625 0.196441650390625 0.0197296142578125
0.47088623046875 -0.142120361328125 0.34515380859375 -0.04443359375
0.2125244140625 -0.3275146484375 0.236846923828125 -0.233230590820313
-0.013885498046875 -0.34759521484375 0.05419921875 -0.2613525390625
-0.226119995117188 -0.198898315429687 -0.123489379882812 -0.156570434570313
-0.29852294921875 -0.053924560546875 -0.122840881347656 -0.0215530395507812
-0.2891845703125 -0.065643310546875 -0.0234088897705078 0.0304965972900391
-0.32000732421875 -0.020843505859375 0.014251708984375 0.0640487670898437
-0.28125 -0.097320556640625 0.027679443359375 0.124862670898437
-0.209091186523438 -0.253616333007813 0.00291442871093749 0.14971923828125
-0.026763916015625 -0.3511962890625 -0.126220703125 0.143081665039063
0.315673828125 -0.2799072265625 -0.21807861328125 0.0627593994140624
0.438446044921875 -0.09246826171875 -0.197341918945312 -0.0684967041015625
0.493072509765625 0.17462158203125 -0.0367012023925781 -0.0181541442871094
0.37445068359375 0.3238525390625 0.25384521484375 -0.06610107421875
0.405975341796875 0.211639404296875 0.29937744140625 0.082000732421875
0.4970703125 -0.068603515625 0.363433837890625 0.016998291015625
0.25927734375 -0.3033447265625 0.2713623046875 -0.143875122070313
0.018890380859375 -0.353271484375 0.12005615234375 -0.180007934570313
-0.218612670898437 -0.216156005859375 -0.024322509765625 -0.108352661132813
-0.296783447265625 -0.063720703125 -0.00863742828369143 -0.0151443481445313
-0.2916259765625 -0.06842041015625 0.0782546997070312 0.0269241333007812
-0.32696533203125 -0.02001953125 0.11614990234375 0.0611572265625
-0.28814697265625 -0.09375 0.120780944824219 0.138229370117188
-0.2147216796875 -0.254226684570313 0.0751953125 0.168899536132812
-0.0225830078125 -0.3431396484375 -0.069091796875 0.172088623046875
0.31866455078125 -0.25146484375 -0.17730712890625 0.087677001953125
0.41583251953125 -0.043182373046875 -0.110671997070312 -0.0643234252929688
0.42657470703125 0.21502685546875 0.0993423461914063 0.0541458129882813
0.22393798828125 0.301788330078125 0.36883544921875 0.054718017578125
0.293853759765625 0.23651123046875 0.375274658203125 0.14453125
0.412841796875 0.01080322265625 0.351104736328125 0.068389892578125
0.241928100585938 -0.219985961914063 0.277725219726562 -0.058624267578125
0.039398193359375 -0.287628173828125 0.161605834960938 -0.095611572265625
-0.17559814453125 -0.19024658203125 0.064605712890625 -0.057220458984375
-0.250335693359375 -0.0592498779296875 0.0979385375976562 -0.00910186767578125
-0.250289916992188 -0.058990478515625 0.168548583984375 0.0185546875
-0.2857666015625 -0.02105712890625 0.209716796875 0.05352783203125
-0.253982543945313 -0.084686279296875 0.204544067382812 0.148162841796875
-0.185317993164062 -0.2303466796875 0.134536743164063 0.188827514648437
-0.004486083984375 -0.29779052734375 -0.0251617431640625 0.1983642578125
0.29754638671875 -0.187744140625 -0.146148681640625 0.1048583984375
0.351715087890625 0.02410888671875 -0.0335617065429687 -0.0554466247558594
0.307281494140625 0.238739013671875 0.210494995117188 0.131622314453125
0.040435791015625 0.2235107421875 0.43170166015625 0.142974853515625
0.132415771484375 0.205459594726562 0.414276123046875 0.18170166015625
0.248672485351562 0.0650177001953125 0.3231201171875 0.090576171875
0.16571044921875 -0.1112060546875 0.269943237304688 -0.00427246093750001
0.04034423828125 -0.174331665039063 0.180831909179688 -0.0359649658203125
-0.108406066894531 -0.126167297363281 0.129600524902344 -0.0217361450195313
-0.16400146484375 -0.04278564453125 0.177459716796875 -0.0090484619140625
-0.171554565429688 -0.0421600341796875 0.23480224609375 0.00830078125
-0.203506469726563 -0.0213775634765625 0.28436279296875 0.046356201171875
-0.184036254882813 -0.0666656494140625 0.267990112304688 0.15960693359375
-0.130477905273438 -0.18096923828125 0.171188354492188 0.213348388671875
0.01824951171875 -0.221725463867187 -3.05175781250026E-05 0.226577758789063
0.246124267578125 -0.102767944335938 -0.130157470703125 0.119590759277344
0.247726440429687 0.0888519287109375 0.0234813690185547 -0.0330238342285156
0.145965576171875 0.230880737304687 0.278594970703125 0.210494995117188
0.0412139892578125 -0.162307739257813 -0.361358642578125 -0.21710205078125
-0.121711730957031 -0.0821151733398437 -0.0720291137695313 0.0194549560546875
-0.124397277832031 0.0500717163085938 0.14141845703125 -0.136749267578125
-0.03094482421875 0.113052368164062 0.016357421875 -0.303436279296875
0.0518341064453125 0.0928573608398438 -0.180999755859375 -0.269088745117188
0.103485107421875 0.027618408203125 -0.324249267578125 -0.153594970703125
0.0798110961914063 0.0019683837890625 -0.353973388671875 0.000213623046874991
0.0652999877929688 0.0109481811523437 -0.28253173828125 0.025482177734375
0.0634613037109375 0.0190963745117187 -0.228622436523438 0.0335693359375
0.0314140319824219 0.0438385009765625 -0.196685791015625 0.01763916015625
-0.0280952453613281 0.0482978820800781 -0.204833984375 0.03302001953125
-0.0905075073242188 -0.0163726806640625 -0.277603149414063 -0.00143432617187495
-0.0469741821289062 -0.116172790527344 -0.341796875 -0.1148681640625
0.0525360107421875 -0.158935546875 -0.4505615234375 -0.16644287109375
0.141571044921875 -0.153488159179688 -0.482513427734375 -0.19036865234375
0.2347412109375 -0.0829315185546875 -0.330413818359375 -0.274993896484375
0.0462722778320312 -0.0926589965820313 -0.0650787353515625 -0.0106735229492187
0.002166748046875 -0.0612525939941406 0.176422119140625 -0.147735595703125
-0.0160007476806641 -0.0217151641845703 0.043365478515625 -0.32879638671875
-0.0081024169921875 -0.0205230712890625 -0.16748046875 -0.305877685546875
-0.0117073059082031 -0.0130949020385742 -0.332061767578125 -0.16815185546875
-0.046722412109375 0.00488281250000001 -0.35638427734375 0.00228881835937508
-0.0554580688476563 -0.00649261474609375 -0.2669677734375 0.031890869140625
-0.0642890930175781 0.00407028198242187 -0.21820068359375 0.045684814453125
-0.0653610229492188 -0.0209197998046875 -0.185897827148438 0.043212890625
-0.0663986206054688 -0.07098388671875 -0.186203002929688 0.0576629638671875
-0.033843994140625 -0.144302368164063 -0.269058227539063 0.0243377685546875
0.11541748046875 -0.1649169921875 -0.33038330078125 -0.0748901367187501
0.222579956054687 -0.133560180664062 -0.427581787109375 -0.13128662109375
0.319488525390625 -0.0518798828125 -0.433013916015625 -0.17974853515625
0.39599609375 0.02978515625 -0.235443115234375 -0.2982177734375
0.22723388671875 -0.060546875 -0.00937461853027342 -0.0291767120361328
0.170074462890625 -0.156265258789063 0.235092163085937 -0.1475830078125
0.033843994140625 -0.16937255859375 0.095550537109375 -0.340911865234375
-0.0498199462890625 -0.1531982421875 -0.122039794921875 -0.329742431640625
-0.1219482421875 -0.0716552734375 -0.302398681640625 -0.1798095703125
-0.167251586914063 -0.00256347656249999 -0.3150634765625 -0.00286865234375002
-0.169464111328125 -0.0237274169921875 -0.21148681640625 0.0355072021484375
-0.184646606445312 -0.0020599365234375 -0.166046142578125 0.0600128173828125
-0.163116455078125 -0.062469482421875 -0.136848449707031 0.0791702270507812
-0.126144409179687 -0.164321899414063 -0.139335632324219 0.0985336303710937
-0.0201416015625 -0.256332397460937 -0.240692138671875 0.073699951171875
0.2279052734375 -0.234466552734375 -0.31060791015625 -0.014617919921875
0.35113525390625 -0.135833740234375 -0.377471923828125 -0.091217041015625
0.455810546875 0.030364990234375 -0.331146240234375 -0.13470458984375
0.492431640625 0.152618408203125 -0.0871429443359375 -0.272247314453125
0.381195068359375 0.013671875 0.0870819091796875 -0.02276611328125
0.349090576171875 -0.205841064453125 0.30242919921875 -0.125701904296875
0.11248779296875 -0.295074462890625 0.16461181640625 -0.321014404296875
-0.0616607666015625 -0.2799072265625 -0.048309326171875 -0.323883056640625
-0.206436157226563 -0.1373291015625 -0.235488891601562 -0.176101684570313
-0.260452270507812 -0.017303466796875 -0.236434936523438 -0.00845336914062502
-0.257904052734375 -0.037109375 -0.124664306640625 0.0364532470703125
-0.27984619140625 0.000656127929687482 -0.0807647705078125 0.0688934326171875
-0.246810913085937 -0.079132080078125 -0.0567398071289063 0.110267639160156
-0.192459106445312 -0.22186279296875 -0.0688018798828125 0.134590148925781
-0.037933349609375 -0.332366943359375 -0.187774658203125 0.123092651367188
0.287567138671875 -0.296478271484375 -0.272476196289063 0.0437774658203124
0.426483154296875 -0.14373779296875 -0.30242919921875 -0.064544677734375
0.528778076171875 0.09320068359375 -0.194381713867188 -0.0767822265625
0.498992919921875 0.258209228515625 0.088348388671875 -0.194412231445313
0.461761474609375 0.110870361328125 0.205154418945313 0.0128021240234375
0.483062744140625 -0.187530517578125 0.35791015625 -0.075897216796875
0.1964111328125 -0.35699462890625 0.230743408203125 -0.259963989257813
-0.04266357421875 -0.362030029296875 0.0373077392578125 -0.276443481445312
-0.248199462890625 -0.188919067382813 -0.138580322265625 -0.151840209960938
-0.311248779296875 -0.03204345703125 -0.127433776855469 -0.0128707885742187
-0.3067626953125 -0.044830322265625 -0.0205268859863281 0.0302104949951172
-0.33380126953125 0.00622558593750003 0.0224723815917969 0.0663261413574219
-0.297210693359375 -0.078704833984375 0.0409698486328125 0.1285400390625
-0.237136840820312 -0.245620727539063 0.0133056640625 0.156997680664062
-0.054779052734375 -0.365203857421875 -0.123153686523438 0.161270141601562
0.30889892578125 -0.316925048828125 -0.22442626953125 0.0846405029296875
0.44927978515625 -0.128021240234375 -0.21392822265625 -0.056304931640625
0.530670166015625 0.14642333984375 -0.0417137145996093 -0.0153312683105469
0.416259765625 0.309112548828125 0.256072998046875 -0.08197021484375
0.440887451171875 0.19195556640625 0.316436767578125 0.0692138671875
0.51397705078125 -0.11273193359375 0.3807373046875 -0.01251220703125
0.247222900390625 -0.33502197265625 0.272842407226563 -0.169357299804688
-0.00942993164062501 -0.3704833984375 0.11285400390625 -0.196380615234375
-0.242156982421875 -0.207305908203125 -0.0311508178710938 -0.108757019042969
-0.3101806640625 -0.0418395996093751 -0.00767993927001955 -0.015411376953125
-0.309051513671875 -0.04656982421875 0.0852737426757812 0.0193710327148437
-0.34100341796875 0.00775146484375002 0.128959655761719 0.0540313720703125
-0.304412841796875 -0.07305908203125 0.139778137207031 0.135711669921875
-0.243057250976562 -0.24444580078125 0.0900726318359375 0.171127319335937
-0.05145263671875 -0.355072021484375 -0.060760498046875 0.187820434570312
0.31304931640625 -0.286773681640625 -0.1793212890625 0.107269287109375
0.43017578125 -0.0751953125 -0.123023986816406 -0.0580596923828125
0.463104248046875 0.1925048828125 0.10552978515625 0.0488357543945313
0.258209228515625 0.296844482421875 0.38653564453125 0.0338134765625
0.3253173828125 0.22479248046875 0.399169921875 0.1275634765625
0.4312744140625 -0.023193359375 0.369720458984375 0.0439453125
0.233108520507813 -0.247528076171875 0.2850341796875 -0.0814208984375
0.0159912109375 -0.30364990234375 0.162216186523438 -0.111785888671875
-0.196060180664063 -0.18292236328125 0.0651473999023437 -0.06195068359375
-0.261474609375 -0.0396728515625 0.103042602539062 -0.0172348022460938
-0.265274047851563 -0.039886474609375 0.178634643554687 0.003204345703125
-0.29791259765625 0.00286865234374995 0.226470947265625 0.037933349609375
-0.267959594726562 -0.066253662109375 0.227325439453125 0.139450073242188
-0.21124267578125 -0.221588134765625 0.152587890625 0.186843872070313
-0.027862548828125 -0.30999755859375 -0.013427734375 0.210525512695312
0.295745849609375 -0.219512939453125 -0.145736694335937 0.123077392578125
0.367919921875 -0.00103759765625 -0.0425949096679687 -0.0552291870117188
0.339599609375 0.22509765625 0.227706909179688 0.120147705078125
0.0602264404296875 0.228195190429687 0.458404541015625 0.119781494140625
0.154739379882813 0.202423095703125 0.441986083984375 0.161590576171875
0.264572143554687 0.0458221435546875 0.34210205078125 0.0718994140625
0.16192626953125 -0.127487182617188 0.280899047851563 -0.0234222412109375
0.02618408203125 -0.184127807617188 0.18603515625 -0.05194091796875
-0.121978759765625 -0.122016906738281 0.135086059570313 -0.0311355590820313
-0.172012329101563 -0.0296478271484375 0.185882568359375 -0.0228271484375
-0.181198120117188 -0.0278472900390625 0.246063232421875 -0.01214599609375
-0.212905883789062 -0.00453186035156245 0.30328369140625 0.025299072265625
-0.19512939453125 -0.0536041259765625 0.29345703125 0.146728515625
-0.15087890625 -0.174896240234375 0.1934814453125 0.21002197265625
0.000762939453125024 -0.231918334960937 0.0165863037109375 0.237625122070312
0.248794555664062 -0.127105712890625 -0.128517150878906 0.136970520019531
0.26409912109375 0.0738677978515625 0.0177192687988281 -0.0367698669433594
0.170333862304688 0.22894287109375 0.304473876953125 0.196533203125
0.0248870849609375 -0.169387817382813 -0.3902587890625 -0.183746337890625
-0.130928039550781 -0.0709075927734375 -0.0673027038574219 0.0295677185058594
-0.119888305664063 0.0634078979492187 0.133377075195313 -0.1544189453125
-0.0188674926757813 0.118698120117188 -0.011688232421875 -0.31353759765625
0.064544677734375 0.0901947021484375 -0.210662841796875 -0.260238647460938
0.108589172363281 0.0156173706054688 -0.348175048828125 -0.127838134765625
0.0799026489257813 -0.0088043212890625 -0.362152099609375 0.03680419921875
0.0664329528808594 0.00339126586914062 -0.2889404296875 0.0562133789062499
0.0646896362304687 0.0118179321289062 -0.2337646484375 0.0594940185546875
0.0354995727539063 0.0389480590820313 -0.201736450195313 0.03826904296875
-0.0224189758300781 0.0496063232421875 -0.208480834960938 0.05572509765625
-0.0930938720703125 -0.00722503662109377 -0.2864990234375 0.026824951171875
-0.0588150024414062 -0.112770080566406 -0.36175537109375 -0.0870971679687499
0.03900146484375 -0.166763305664063 -0.477142333984375 -0.127838134765625
0.129440307617188 -0.170867919921875 -0.515777587890625 -0.149658203125
0.230789184570313 -0.107391357421875 -0.364532470703125 -0.243316650390625
0.04052734375 -0.097686767578125 -0.0639877319335938 2.67028808593707E-05
-0.00108718872070312 -0.0642204284667969 0.168411254882813 -0.170516967773438
-0.0157909393310547 -0.0210514068603516 0.01409912109375 -0.3416748046875
-0.0092315673828125 -0.0197029113769531 -0.199615478515625 -0.297698974609375
-0.0124406814575195 -0.0140142440795898 -0.356719970703125 -0.141876220703125
-0.0474472045898438 0.00759887695312501 -0.364013671875 0.0374755859375
-0.0591011047363281 -0.00217819213867186 -0.272109985351562 0.0601654052734375
-0.0666275024414063 0.0104179382324219 -0.221237182617188 0.07086181640625
-0.0688362121582031 -0.0174942016601563 -0.18719482421875 0.06341552734375
-0.0728836059570313 -0.0685882568359375 -0.186416625976563 0.078582763671875
-0.047821044921875 -0.145553588867188 -0.276199340820313 0.0531158447265625
0.104293823242188 -0.1793212890625 -0.346771240234375 -0.04547119140625
0.21600341796875 -0.1563720703125 -0.451934814453125 -0.093902587890625
0.324951171875 -0.08319091796875 -0.463043212890625 -0.14111328125
0.408905029296875 -0.00848388671875 -0.2706298828125 -0.276458740234375
0.229782104492188 -0.0814971923828125 -0.0100879669189453 -0.0233249664306641
0.160888671875 -0.17919921875 0.2275390625 -0.176498413085938
0.019012451171875 -0.176956176757813 0.066162109375 -0.35772705078125
-0.0672760009765625 -0.151412963867187 -0.155914306640625 -0.326873779296875
-0.130653381347656 -0.0621261596679688 -0.326019287109375 -0.15509033203125
-0.170013427734375 0.0127105712890625 -0.322540283203125 0.0281982421875
-0.177322387695313 -0.00767517089843748 -0.214126586914062 0.0572662353515625
-0.18963623046875 0.0174102783203125 -0.164718627929688 0.079437255859375
-0.172775268554688 -0.0493927001953125 -0.132156372070312 0.0951614379882813
-0.144073486328125 -0.157135009765625 -0.134208679199219 0.115882873535156
-0.045806884765625 -0.262130737304688 -0.242385864257813 0.102066040039063
0.212982177734375 -0.262786865234375 -0.32000732421875 0.015594482421875
0.34759521484375 -0.171234130859375 -0.397308349609375 -0.0574035644531251
0.4716796875 -0.01251220703125 -0.355621337890625 -0.105010986328125
0.521026611328125 0.108917236328125 -0.117416381835937 -0.263626098632813
0.3958740234375 -0.0205078125 0.088226318359375 -0.0253982543945313
0.338897705078125 -0.24835205078125 0.29827880859375 -0.161712646484375
0.08734130859375 -0.31390380859375 0.138702392578125 -0.344390869140625
-0.0933837890625 -0.280776977539063 -0.07977294921875 -0.32733154296875
-0.222808837890625 -0.120101928710938 -0.256500244140625 -0.157272338867187
-0.266448974609375 0.00874328613281252 -0.240447998046875 0.0153350830078125
-0.269607543945312 -0.0115203857421875 -0.124214172363281 0.0485382080078125
-0.286376953125 0.0308532714843751 -0.0746688842773438 0.0790557861328125
-0.259506225585938 -0.05657958984375 -0.045196533203125 0.119216918945313
-0.217803955078125 -0.207199096679688 -0.057861328125 0.146209716796875
-0.0728759765625 -0.338287353515625 -0.1832275390625 0.1494140625
0.266632080078125 -0.332611083984375 -0.2757568359375 0.0730285644531249
0.424224853515625 -0.1885986328125 -0.318572998046875 -0.03631591796875
0.555328369140625 0.045013427734375 -0.209442138671875 -0.05816650390625
0.5379638671875 0.21343994140625 0.069366455078125 -0.200912475585937
0.487762451171875 0.0709228515625 0.210861206054688 -0.000106811523437496
0.47802734375 -0.243560791015625 0.358856201171875 -0.116790771484375
0.166595458984375 -0.3857421875 0.212158203125 -0.288116455078125
-0.082427978515625 -0.367034912109375 0.0128173828125 -0.28717041015625
-0.272018432617188 -0.167678833007812 -0.153900146484375 -0.140411376953125
-0.318572998046875 -0.000885009765624941 -0.130447387695313 3.81469726562346E-05
-0.320220947265625 -0.0144653320312501 -0.0179481506347656 0.0309906005859375
-0.34088134765625 0.042449951171875 0.03240966796875 0.0650177001953125
-0.31005859375 -0.05023193359375 0.0568313598632812 0.127662658691406
-0.26666259765625 -0.225830078125 0.028656005859375 0.16107177734375
-0.094329833984375 -0.36883544921875 -0.112594604492188 0.180984497070312
0.287384033203125 -0.357330322265625 -0.22247314453125 0.110076904296875
0.44879150390625 -0.174346923828125 -0.227157592773437 -0.0363464355468751
0.561187744140625 0.097412109375 -0.045501708984375 -0.010986328125
0.45849609375 0.274200439453125 0.252120971679688 -0.103424072265625
0.473175048828125 0.154541015625 0.329010009765625 0.0472412109375
0.517242431640625 -0.17230224609375 0.38787841796875 -0.05169677734375
0.21929931640625 -0.3681640625 0.263946533203125 -0.19921875
-0.04949951171875 -0.377899169921875 0.097381591796875 -0.21234130859375
-0.268051147460938 -0.18707275390625 -0.0396347045898438 -0.10626220703125
-0.31878662109375 -0.00973510742187503 -0.00746822357177736 -0.0144214630126953
-0.3221435546875 -0.014678955078125 0.0897979736328125 0.00798797607421875
-0.3468017578125 0.0440673828125 0.14178466796875 0.040924072265625
-0.316925048828125 -0.043182373046875 0.159637451171875 0.124893188476563
-0.2738037109375 -0.22296142578125 0.108917236328125 0.168319702148437
-0.089752197265625 -0.3592529296875 -0.0462799072265625 0.20111083984375
0.29217529296875 -0.3272705078125 -0.174148559570312 0.130874633789062
0.432769775390625 -0.118011474609375 -0.135337829589844 -0.0478057861328125
0.49688720703125 0.152679443359375 0.111869812011719 0.0399856567382813
0.296051025390625 0.2772216796875 0.397552490234375 0.00198364257812502
0.356536865234375 0.198089599609375 0.41888427734375 0.09710693359375
0.440155029296875 -0.07110595703125 0.381622314453125 0.00817871093749999
0.21307373046875 -0.275634765625 0.28521728515625 -0.11016845703125
-0.015899658203125 -0.3111572265625 0.15673828125 -0.130859375
-0.218276977539063 -0.16644287109375 0.0634613037109375 -0.0676460266113281
-0.267669677734375 -0.01300048828125 0.105842590332031 -0.0281448364257813
-0.27557373046875 -0.0124206542968749 0.184463500976562 -0.0177154541015625
-0.304351806640625 0.036285400390625 0.24017333984375 0.0135498046875
-0.278671264648438 -0.0385589599609375 0.24981689453125 0.11956787109375
-0.239181518554688 -0.201980590820312 0.174468994140625 0.177597045898438
-0.062042236328125 -0.314788818359375 0.00607299804687501 0.219650268554687
0.28192138671875 -0.256317138671875 -0.1376953125 0.143264770507812
0.37744140625 -0.036956787109375 -0.0522956848144531 -0.0532379150390625
0.372833251953125 0.19671630859375 0.243865966796875 0.0989837646484375
0.085235595703125 0.226394653320313 0.481048583984375 0.081390380859375
0.17852783203125 0.190353393554688 0.466461181640625 0.12713623046875
0.274444580078125 0.0166015625 0.35516357421875 0.041748046875
0.151123046875 -0.145767211914062 0.286590576171875 -0.05035400390625
0.00619506835937498 -0.1903076171875 0.187637329101563 -0.0728912353515625
-0.136367797851563 -0.111892700195313 0.136917114257813 -0.0434722900390625
-0.175765991210938 -0.0112152099609375 0.18865966796875 -0.0427703857421875
-0.187347412109375 -0.00848388671874998 0.25238037109375 -0.0404510498046875
-0.217605590820313 0.0199127197265625 0.317138671875 -0.00738525390625
-0.20361328125 -0.0332794189453125 0.31756591796875 0.121124267578125
-0.172012329101563 -0.16009521484375 0.217910766601563 0.196914672851563
-0.0241546630859375 -0.237030029296875 0.03924560546875 0.243057250976563
0.241790771484375 -0.156845092773438 -0.118209838867187 0.155120849609375
0.278060913085938 0.0502166748046875 0.0110092163085938 -0.0412788391113281
0.198593139648438 0.217132568359375 0.3297119140625 0.169586181640625
0.00579833984375 -0.169403076171875 -0.403411865234375 -0.139190673828125
-0.134628295898438 -0.0566177368164063 -0.05914306640625 0.0370559692382813
-0.110137939453125 0.0741806030273437 0.119064331054687 -0.167587280273438
-0.00485992431640625 0.119209289550781 -0.04205322265625 -0.31170654296875
0.076202392578125 0.08203125 -0.233917236328125 -0.23895263671875
0.109001159667969 0.00136566162109375 -0.360595703125 -0.0939636230468751
0.0752944946289063 -0.0194931030273437 -0.35650634765625 0.073974609375
0.0647239685058594 -0.005126953125 -0.282958984375 0.0889892578125001
0.0640792846679687 0.00484466552734375 -0.22894287109375 0.0860595703125
0.0378913879394531 0.0320549011230469 -0.19915771484375 0.0591888427734375
-0.0161514282226563 0.0486488342285156 -0.20281982421875 0.077117919921875
-0.0917587280273438 0.00280761718750001 -0.28265380859375 0.0565185546875
-0.0683746337890625 -0.10479736328125 -0.368682861328125 -0.053680419921875
0.02325439453125 -0.16796875 -0.487823486328125 -0.080810546875
0.110321044921875 -0.181671142578125 -0.525787353515625 -0.0978088378906249
0.217636108398438 -0.12835693359375 -0.384552001953125 -0.19989013671875
0.0330963134765625 -0.0998687744140625 -0.0590248107910156 0.00897598266601563
-0.00579833984375 -0.0648307800292969 0.151153564453125 -0.187637329101563
-0.0154094696044922 -0.0197353363037109 -0.018218994140625 -0.341339111328125
-0.009307861328125 -0.0184059143066406 -0.225906372070313 -0.276870727539062
-0.0130300521850586 -0.0145025253295898 -0.36749267578125 -0.107452392578125
-0.0478553771972656 0.0106544494628906 -0.357269287109375 0.0751037597656249
-0.0604782104492187 0.00343704223632812 -0.265228271484375 0.0888519287109375
-0.0656890869140625 0.0168876647949219 -0.213455200195313 0.0959014892578125
-0.0707015991210938 -0.0127410888671875 -0.18060302734375 0.0828704833984375
-0.0780181884765625 -0.0629196166992188 -0.178359985351562 0.09893798828125
-0.061126708984375 -0.139778137207031 -0.271163940429688 0.0831756591796875
0.0877532958984375 -0.1876220703125 -0.35009765625 -0.011871337890625
0.200241088867188 -0.174652099609375 -0.459320068359375 -0.048065185546875
0.314422607421875 -0.114532470703125 -0.475128173828125 -0.0935363769531251
0.404693603515625 -0.04913330078125 -0.29541015625 -0.240509033203125
0.223678588867188 -0.102142333984375 -0.00918483734130858 -0.0170078277587891
0.14306640625 -0.19720458984375 0.208236694335938 -0.20086669921875
0.00285339355468752 -0.178054809570313 0.032073974609375 -0.363037109375
-0.08184814453125 -0.143417358398438 -0.18609619140625 -0.308685302734375
-0.134468078613281 -0.0494384765625 -0.337860107421875 -0.12249755859375
-0.167129516601563 0.02923583984375 -0.316680908203125 0.06121826171875
-0.1787109375 0.0104522705078125 -0.207626342773438 0.0792694091796875
-0.186431884765625 0.0377960205078125 -0.15545654296875 0.0977935791015625
-0.17620849609375 -0.03253173828125 -0.121910095214844 0.108833312988281
-0.157958984375 -0.141860961914063 -0.122528076171875 0.130714416503906
-0.072052001953125 -0.255859375 -0.233230590820313 0.129638671875
0.187286376953125 -0.2830810546875 -0.3182373046875 0.0472412109375
0.32977294921875 -0.20269775390625 -0.40277099609375 -0.016143798828125
0.4705810546875 -0.0595703125 -0.365631103515625 -0.066986083984375
0.527435302734375 0.054901123046875 -0.143295288085938 -0.242141723632813
0.394439697265625 -0.05889892578125 0.0866317749023438 -0.0278091430664063
0.311737060546875 -0.28460693359375 0.2781982421875 -0.193099975585938
0.056488037109375 -0.3211669921875 0.10589599609375 -0.355621337890625
-0.12200927734375 -0.268585205078125 -0.110595703125 -0.316864013671875
-0.232559204101563 -0.0965576171875 -0.267745971679688 -0.130630493164063
-0.26177978515625 0.0349273681640625 -0.236526489257813 0.0396728515625
-0.270217895507813 0.0161895751953125 -0.119369506835938 0.0597610473632813
-0.280181884765625 0.0622711181640625 -0.0647430419921875 0.08673095703125
-0.262176513671875 -0.0305023193359375 -0.032196044921875 0.123382568359375
-0.236770629882813 -0.183914184570313 -0.0430450439453125 0.152908325195312
-0.107635498046875 -0.33013916015625 -0.169479370117188 0.171096801757812
0.233734130859375 -0.35943603515625 -0.267898559570313 0.100677490234375
0.40325927734375 -0.227508544921875 -0.322784423828125 -0.00231933593750002
0.559295654296875 -0.01153564453125 -0.215377807617187 -0.0354766845703125
0.55572509765625 0.157073974609375 0.0479583740234375 -0.199783325195313
0.49554443359375 0.02252197265625 0.209915161132813 -0.0145263671875
0.44879150390625 -0.295318603515625 0.341552734375 -0.152374267578125
0.1263427734375 -0.400299072265625 0.18304443359375 -0.30633544921875
-0.121673583984375 -0.355133056640625 -0.014373779296875 -0.286224365234375
-0.285247802734375 -0.139190673828125 -0.163818359375 -0.123153686523438
-0.31390380859375 0.032012939453125 -0.127601623535156 0.013580322265625
-0.3201904296875 0.020050048828125 -0.0148239135742188 0.0308151245117187
-0.331878662109375 0.07958984375 0.0409927368164062 0.0608329772949219
-0.310546875 -0.01776123046875 0.071929931640625 0.121253967285156
-0.287567138671875 -0.19482421875 0.044525146484375 0.1583251953125
-0.13299560546875 -0.3570556640625 -0.0957183837890625 0.195693969726563
0.25067138671875 -0.386138916015625 -0.210098266601563 0.133651733398437
0.4293212890625 -0.21734619140625 -0.232620239257812 -0.0123138427734375
0.572021484375 0.04010009765625 -0.0479278564453125 -0.00554656982421875
0.483367919921875 0.22540283203125 0.238372802734375 -0.121047973632812
0.488128662109375 0.1070556640625 0.33001708984375 0.0203857421875
0.496551513671875 -0.2261962890625 0.376129150390625 -0.09130859375
0.180145263671875 -0.386962890625 0.243179321289063 -0.223526000976563
-0.09039306640625 -0.369140625 0.0765380859375 -0.220657348632813
-0.28350830078125 -0.157684326171875 -0.04644775390625 -0.0997848510742188
-0.313629150390625 0.0234069824218751 -0.00661468505859377 -0.0132455825805664
-0.321807861328125 0.019561767578125 0.0904541015625 -0.00408172607421875
-0.337432861328125 0.0833740234374999 0.147262573242187 0.0241546630859375
-0.3165283203125 -0.00927734374999993 0.1737060546875 0.107437133789063
-0.293914794921875 -0.189727783203125 0.1239013671875 0.156951904296875
-0.12738037109375 -0.347076416015625 -0.0274658203125 0.207794189453125
0.258331298828125 -0.357391357421875 -0.159423828125 0.148513793945313
0.418914794921875 -0.16058349609375 -0.14215087890625 -0.033294677734375
0.51312255859375 0.099212646484375 0.113883972167969 0.02764892578125
0.321868896484375 0.244049072265625 0.39349365234375 -0.03253173828125
0.375396728515625 0.1605224609375 0.42340087890625 0.061126708984375
0.428619384765625 -0.11993408203125 0.376861572265625 -0.028350830078125
0.18218994140625 -0.293792724609375 0.272872924804688 -0.135955810546875
-0.050384521484375 -0.306610107421875 0.14306640625 -0.145828247070313
-0.232528686523438 -0.142471313476562 0.0595626831054687 -0.0718994140625
-0.264480590820313 0.0151977539062501 0.104347229003906 -0.038665771484375
-0.2745361328125 0.01708984375 0.181365966796875 -0.040130615234375
-0.296417236328125 0.0707092285156249 0.242141723632812 -0.0140533447265625
-0.278900146484375 -0.00891113281249998 0.2626953125 0.092803955078125
-0.258163452148438 -0.171371459960938 0.19012451171875 0.159896850585938
-0.09600830078125 -0.305450439453125 0.0269622802734375 0.2200927734375
0.25335693359375 -0.285614013671875 -0.121810913085937 0.157455444335937
0.371856689453125 -0.075103759765625 -0.0613975524902344 -0.0472793579101563
0.393096923828125 0.156463623046875 0.250335693359375 0.0723876953125
0.1080322265625 0.214324951171875 0.48529052734375 0.036956787109375
0.196182250976563 0.169479370117188 0.473968505859375 0.084320068359375
0.273269653320313 -0.0142974853515625 0.3546142578125 0.009552001953125
0.13323974609375 -0.158401489257813 0.27972412109375 -0.0771484375
-0.0155487060546875 -0.188400268554688 0.17901611328125 -0.0914154052734375
-0.146804809570312 -0.0958709716796875 0.134361267089844 -0.0553741455078125
-0.172836303710938 0.00869750976562497 0.185882568359375 -0.0627593994140625
-0.186264038085938 0.01287841796875 0.246963500976563 -0.0687408447265625
-0.212356567382813 0.044281005859375 0.3162841796875 -0.043701171875
-0.203826904296875 -0.010223388671875 0.33111572265625 0.0858154296875
-0.1875 -0.137298583984375 0.2354736328125 0.175308227539062
-0.05047607421875 -0.231964111328125 0.0619659423828125 0.2386474609375
0.22418212890625 -0.182571411132813 -0.102294921875 0.167648315429688
0.281829833984375 0.02099609375 0.0023918151855469 -0.0426445007324219
0.2208251953125 0.193832397460937 0.341827392578125 0.13262939453125
-0.00891113281250001 -0.163482666015625 -0.399566650390625 -0.100921630859375
-0.134391784667969 -0.0448532104492188 -0.0517768859863281 0.0413818359375
-0.100021362304688 0.0799713134765625 0.103927612304688 -0.173049926757813
0.00666809082031251 0.116111755371094 -0.064239501953125 -0.301910400390625
0.0829391479492188 0.0721664428710938 -0.245941162109375 -0.21600341796875
0.105400085449219 -0.0107498168945313 -0.36163330078125 -0.06475830078125
0.0682487487792969 -0.0266647338867188 -0.34295654296875 0.102203369140625
0.0602912902832031 -0.0107994079589844 -0.26953125 0.111770629882813
0.0609550476074219 -0.00112533569335938 -0.216705322265625 0.105911254882813
0.0379600524902344 0.02606201171875 -0.191497802734375 0.074798583984375
-0.0116043090820313 0.0454826354980469 -0.192596435546875 0.09234619140625
-0.0879440307617188 0.0111083984375 -0.27239990234375 0.0783538818359375
-0.0726776123046875 -0.0947647094726562 -0.364410400390625 -0.0269775390625
0.01092529296875 -0.164657592773438 -0.4803466796875 -0.0421752929687499
0.092864990234375 -0.1856689453125 -0.520538330078125 -0.0540161132812501
0.2010498046875 -0.141754150390625 -0.3870849609375 -0.160247802734375
0.0270004272460937 -0.0994949340820313 -0.0530319213867188 0.0160064697265625
-0.00918197631835938 -0.0644111633300781 0.133041381835938 -0.195404052734375
-0.015045166015625 -0.0188198089599609 -0.04248046875 -0.332366943359375
-0.00933647155761719 -0.0188713073730469 -0.240264892578125 -0.25299072265625
-0.0139617919921875 -0.0158405303955078 -0.3681640625 -0.077423095703125
-0.0476303100585938 0.0126724243164063 -0.342620849609375 0.102264404296875
-0.0611572265625 0.00732421874999999 -0.253097534179687 0.110198974609375
-0.0632286071777344 0.0218505859375 -0.201370239257813 0.113693237304688
-0.0705718994140625 -0.00838470458984374 -0.170562744140625 0.096038818359375
-0.0801239013671875 -0.0576400756835938 -0.166976928710938 0.111434936523438
-0.0700607299804688 -0.131439208984375 -0.259475708007813 0.105209350585938
0.0732574462890625 -0.189056396484375 -0.34375 0.0140075683593749
0.183395385742188 -0.18359375 -0.45220947265625 -0.0116882324218749
0.2984619140625 -0.13568115234375 -0.471160888671875 -0.0534973144531249
0.390106201171875 -0.078857421875 -0.30413818359375 -0.205352783203125
0.213272094726563 -0.116790771484375 -0.0070056915283203 -0.0117969512939453
0.124130249023438 -0.205795288085938 0.186294555664063 -0.212493896484375
-0.0106048583984375 -0.17462158203125 0.00433349609375003 -0.356658935546875
-0.0908889770507812 -0.133636474609375 -0.203338623046875 -0.287322998046875
-0.134056091308594 -0.0391998291015625 -0.338409423828125 -0.0940246582031249
-0.161575317382813 0.04132080078125 -0.3028564453125 0.08563232421875
-0.175888061523438 0.02459716796875 -0.197372436523438 0.094818115234375
-0.178237915039063 0.05242919921875 -0.14312744140625 0.109817504882812
-0.173873901367187 -0.019317626953125 -0.110321044921875 0.1165771484375
-0.164505004882812 -0.127471923828125 -0.109489440917969 0.138839721679688
-0.09051513671875 -0.244766235351563 -0.21881103515625 0.148040771484375
0.1630859375 -0.291778564453125 -0.307464599609375 0.0707092285156249
0.3077392578125 -0.220703125 -0.394927978515625 0.016326904296875
0.456634521484375 -0.09454345703125 -0.361785888671875 -0.035858154296875
0.519256591796875 0.01251220703125 -0.158157348632813 -0.218185424804688
0.383697509765625 -0.086578369140625 0.0844573974609375 -0.0279312133789063
0.281341552734375 -0.3055419921875 0.253555297851563 -0.210479736328125
0.0299072265625 -0.318115234375 0.07684326171875 -0.3544921875
-0.140701293945313 -0.252120971679687 -0.130126953125 -0.301055908203125
-0.233200073242188 -0.0761566162109375 -0.269027709960938 -0.107070922851563
-0.25201416015625 0.05487060546875 -0.226287841796875 0.0582733154296875
-0.264572143554688 0.039520263671875 -0.112190246582031 0.0673446655273438
-0.26605224609375 0.08477783203125 -0.0550994873046875 0.0897674560546875
-0.257278442382813 -0.00886535644531251 -0.02032470703125 0.123527526855469
-0.244247436523437 -0.159393310546875 -0.0306243896484375 0.154159545898438
-0.13201904296875 -0.313446044921875 -0.153732299804688 0.184890747070312
0.200958251953125 -0.37103271484375 -0.254425048828125 0.119308471679688
0.377166748046875 -0.252716064453125 -0.3172607421875 0.02374267578125
0.54754638671875 -0.056915283203125 -0.213516235351562 -0.017059326171875
0.554046630859375 0.1083984375 0.0306243896484375 -0.190597534179688
0.486541748046875 -0.01629638671875 0.20440673828125 -0.0230560302734375
0.41326904296875 -0.32720947265625 0.317596435546875 -0.17572021484375
0.091064453125 -0.400634765625 0.156158447265625 -0.3125
-0.148193359375 -0.335662841796875 -0.0351409912109375 -0.27777099609375
-0.288543701171875 -0.11224365234375 -0.165847778320313 -0.107040405273438
-0.30181884765625 0.055816650390625 -0.121162414550781 0.0239486694335937
-0.312347412109375 0.046875 -0.0124340057373047 0.0294666290283203
-0.31536865234375 0.10699462890625 0.0466270446777344 0.0539779663085938
-0.302459716796875 0.00836181640624995 0.0815963745117188 0.111907958984375
-0.294464111328125 -0.16461181640625 0.0552215576171875 0.152801513671875
-0.160430908203125 -0.336700439453125 -0.079254150390625 0.201995849609375
0.214447021484375 -0.39996337890625 -0.195571899414063 0.146575927734375
0.403594970703125 -0.243255615234375 -0.230560302734375 0.00756835937499994
0.56378173828125 -0.006591796875 -0.048309326171875 -0.00107574462890626
0.4901123046875 0.1793212890625 0.222763061523438 -0.1300048828125
0.486602783203125 0.06549072265625 0.32440185546875 0.001739501953125
0.46392822265625 -0.264251708984375 0.35638427734375 -0.116058349609375
0.14410400390625 -0.391387939453125 0.220245361328125 -0.234603881835938
-0.11907958984375 -0.35113525390625 0.0583038330078125 -0.221054077148438
-0.28802490234375 -0.130706787109375 -0.04937744140625 -0.092742919921875
-0.30242919921875 0.0473937988281251 -0.00547313690185549 -0.0129537582397461
-0.31292724609375 0.046142578125 0.0867843627929687 -0.0135498046875
-0.320465087890625 0.110809326171875 0.146942138671875 0.00889587402343751
-0.305877685546875 0.017791748046875 0.18035888671875 0.0897064208984375
-0.3001708984375 -0.15777587890625 0.132980346679687 0.144805908203125
-0.154632568359375 -0.326934814453125 -0.0118408203125 0.20843505859375
0.2230224609375 -0.37225341796875 -0.143951416015625 0.157546997070312
0.3961181640625 -0.18914794921875 -0.144729614257812 -0.0206146240234375
0.51220703125 0.054443359375 0.111381530761719 0.0179901123046875
0.33349609375 0.21099853515625 0.380615234375 -0.05615234375
0.37969970703125 0.1265869140625 0.416748046875 0.032958984375
0.405975341796875 -0.15325927734375 0.361358642578125 -0.053741455078125
0.153106689453125 -0.299835205078125 0.2559814453125 -0.151870727539063
-0.074981689453125 -0.293243408203125 0.128509521484375 -0.1531982421875
-0.238113403320312 -0.119110107421875 0.0563201904296875 -0.0736770629882813
-0.254684448242188 0.0361480712890625 0.100830078125 -0.0475540161132812
-0.266677856445313 0.0399169921875 0.173583984375 -0.0559539794921875
-0.280731201171875 0.09515380859375 0.236648559570313 -0.0364837646484375
-0.269454956054688 0.0159149169921874 0.266403198242188 0.068389892578125
-0.2637939453125 -0.143386840820313 0.19677734375 0.141921997070313
-0.120269775390625 -0.287994384765625 0.042755126953125 0.214859008789063
0.22412109375 -0.30047607421875 -0.106597900390625 0.16326904296875
0.357177734375 -0.1019287109375 -0.0674209594726562 -0.0411186218261719
0.398101806640625 0.120086669921875 0.24688720703125 0.0500335693359375
0.121932983398438 0.19879150390625 0.474517822265625 0.00238037109375001
0.203857421875 0.149169921875 0.468994140625 0.05059814453125
0.262527465820313 -0.0394439697265625 0.344573974609375 -0.01416015625
0.11590576171875 -0.162933349609375 0.267532348632813 -0.0951385498046875
-0.030609130859375 -0.180007934570313 0.168243408203125 -0.103134155273438
-0.15020751953125 -0.0802459716796875 0.129890441894531 -0.063568115234375
-0.165557861328125 0.022369384765625 0.177947998046875 -0.07769775390625
-0.179794311523437 0.0281829833984375 0.234634399414062 -0.090606689453125
-0.2012939453125 0.062744140625 0.305389404296875 -0.07183837890625
-0.197433471679688 0.00778198242187496 0.33087158203125 0.056732177734375
-0.1925048828125 -0.115631103515625 0.2423095703125 0.152908325195313
-0.0699615478515625 -0.21990966796875 0.078033447265625 0.228775024414063
0.202651977539062 -0.197509765625 -0.0869903564453125 0.171783447265625
0.277542114257813 -0.002105712890625 -0.00514221191406248 -0.0417861938476563
0.23126220703125 0.169845581054688 0.340484619140625 0.100341796875
-0.0193328857421875 -0.156234741210938 -0.39410400390625 -0.074859619140625
-0.132965087890625 -0.0366363525390625 -0.0450515747070313 0.0432548522949219
-0.0915603637695313 0.082275390625 0.09326171875 -0.175064086914063
0.0151443481445313 0.111846923828125 -0.07861328125 -0.29254150390625
0.0862350463867188 0.06341552734375 -0.250518798828125 -0.19964599609375
0.099395751953125 -0.018829345703125 -0.360443115234375 -0.0440979003906249
0.0620307922363281 -0.0302810668945312 -0.33111572265625 0.120880126953125
0.0559577941894531 -0.0139350891113281 -0.258132934570313 0.127838134765625
0.0574264526367188 -0.0053558349609375 -0.206314086914063 0.119293212890625
0.0374259948730469 0.0214080810546875 -0.184967041015625 0.085418701171875
-0.00885391235351563 0.0424919128417969 -0.184478759765625 0.102447509765625
-0.0838470458984375 0.01611328125 -0.263076782226563 0.0931701660156251
-0.0745391845703125 -0.0870590209960938 -0.3583984375 -0.00833129882812506
0.0025482177734375 -0.160629272460938 -0.470916748046875 -0.015960693359375
0.0791473388671875 -0.18621826171875 -0.511871337890625 -0.0260009765625
0.187332153320312 -0.147415161132812 -0.384735107421875 -0.131011962890625
0.0233383178710938 -0.0987701416015625 -0.0481948852539063 0.0208244323730469
-0.0112380981445313 -0.0643730163574219 0.119247436523438 -0.19818115234375
-0.0144977569580078 -0.0184345245361328 -0.058258056640625 -0.3243408203125
-0.00915145874023437 -0.01934814453125 -0.246902465820313 -0.236770629882813
-0.0154848098754883 -0.0175151824951172 -0.365936279296875 -0.0557861328125
-0.0485153198242188 0.0144805908203125 -0.33013916015625 0.12091064453125
-0.0618515014648438 0.0113067626953125 -0.241897583007813 0.12457275390625
-0.0619049072265625 0.0246124267578125 -0.19024658203125 0.125869750976562
-0.0701484680175781 -0.00568771362304688 -0.163299560546875 0.105377197265625
-0.0814971923828125 -0.054412841796875 -0.15826416015625 0.119720458984375
-0.0742874145507813 -0.12432861328125 -0.249588012695313 0.119949340820313
0.063446044921875 -0.189193725585938 -0.336181640625 0.031524658203125
0.171279907226563 -0.1883544921875 -0.442596435546875 0.0137939453124999
0.2850341796875 -0.14849853515625 -0.462799072265625 -0.02734375
0.375701904296875 -0.09765625 -0.30657958984375 -0.178558349609375
0.205245971679688 -0.125732421875 -0.00462198257446288 -0.00696706771850587
0.110870361328125 -0.21075439453125 0.169357299804688 -0.217498779296875
-0.01861572265625 -0.170684814453125 -0.01300048828125 -0.3492431640625
-0.0963516235351563 -0.126075744628906 -0.212356567382813 -0.271621704101563
-0.133384704589844 -0.032196044921875 -0.335662841796875 -0.074798583984375
-0.155685424804687 0.0489349365234375 -0.2911376953125 0.10211181640625
-0.172988891601563 0.035125732421875 -0.18853759765625 0.10479736328125
-0.171127319335937 0.061676025390625 -0.133590698242188 0.117355346679688
-0.17132568359375 -0.0104522705078125 -0.101615905761719 0.121208190917969
-0.16766357421875 -0.117019653320313 -0.100341796875 0.143081665039062
-0.102584838867187 -0.234634399414063 -0.207962036132813 0.161376953125
0.145477294921875 -0.29541015625 -0.298736572265625 0.0848693847656249
0.291351318359375 -0.232269287109375 -0.38616943359375 0.03887939453125
0.443023681640625 -0.117767333984375 -0.35595703125 -0.0148620605468749
0.50634765625 -0.01434326171875 -0.163909912109375 -0.197921752929688
0.374176025390625 -0.10638427734375 0.0834579467773438 -0.0264663696289063
0.25750732421875 -0.316925048828125 0.23443603515625 -0.21832275390625
0.012115478515625 -0.313385009765625 0.0576171875 -0.350830078125
-0.152557373046875 -0.2381591796875 -0.141937255859375 -0.2880859375
-0.230819702148438 -0.0630035400390625 -0.266830444335938 -0.0909881591796875
-0.2431640625 0.06768798828125 -0.216598510742188 0.0701751708984375
-0.25909423828125 0.0540771484375 -0.106864929199219 0.0718765258789063
-0.25494384765625 0.100067138671875 -0.0484237670898438 0.0911407470703125
-0.250961303710938 0.0057220458984375 -0.0119781494140625 0.122299194335937
-0.246963500976563 -0.141983032226562 -0.021697998046875 0.153778076171875
-0.14727783203125 -0.29913330078125 -0.141815185546875 0.193008422851562
0.177215576171875 -0.376953125 -0.243820190429687 0.130203247070313
0.35699462890625 -0.2659912109375 -0.3106689453125 0.0419921875
0.535186767578125 -0.085296630859375 -0.2103271484375 -0.00431823730468752
0.547760009765625 0.07659912109375 0.0206451416015625 -0.180679321289063
0.478363037109375 -0.041717529296875 0.200286865234375 -0.0275115966796875
0.383758544921875 -0.34527587890625 0.29766845703125 -0.186614990234375
0.067626953125 -0.39599609375 0.136810302734375 -0.31317138671875
-0.164642333984375 -0.31878662109375 -0.0477752685546875 -0.269729614257813
-0.286590576171875 -0.094573974609375 -0.164947509765625 -0.0958099365234375
-0.290679931640625 0.072052001953125 -0.115608215332031 0.0298080444335938
-0.30499267578125 0.065277099609375 -0.0118827819824219 0.0289707183837891
-0.300384521484375 0.124847412109375 0.0495529174804687 0.048980712890625
-0.29327392578125 0.025299072265625 0.0877304077148437 0.104583740234375
-0.296478271484375 -0.143310546875 0.062042236328125 0.148162841796875
-0.17645263671875 -0.3201904296875 -0.0677642822265625 0.206756591796875
0.187469482421875 -0.405426025390625 -0.184051513671875 0.153656005859375
0.382415771484375 -0.26190185546875 -0.22705078125 0.0214538574218749
0.554290771484375 -0.0394287109375 -0.0484809875488281 0.00123977661132813
0.488006591796875 0.1488037109375 0.210601806640625 -0.132644653320313
0.48095703125 0.038238525390625 0.317718505859375 -0.00994873046875
0.436431884765625 -0.28765869140625 0.338348388671875 -0.12969970703125
0.11822509765625 -0.38934326171875 0.203460693359375 -0.240982055664063
-0.136932373046875 -0.336334228515625 0.04583740234375 -0.219024658203125
-0.28790283203125 -0.111053466796875 -0.0495223999023438 -0.0879898071289063
-0.2906494140625 0.064239501953125 -0.00378608703613283 -0.0124311447143555
-0.30474853515625 0.064361572265625 0.0835113525390625 -0.0201492309570312
-0.30450439453125 0.128936767578125 0.14508056640625 -0.00218200683593749
-0.29620361328125 0.0350341796874999 0.182754516601562 0.0765838623046875
-0.300872802734375 -0.1348876953125 0.137641906738281 0.135665893554688
-0.171142578125 -0.3092041015625 -0.0018463134765625 0.20806884765625
0.19677734375 -0.37994384765625 -0.133132934570313 0.161651611328125
0.378936767578125 -0.206512451171875 -0.145767211914062 -0.011260986328125
0.505126953125 0.021759033203125 0.107749938964844 0.0107650756835938
0.3369140625 0.18609619140625 0.369659423828125 -0.070098876953125
0.378875732421875 0.102874755859375 0.409942626953125 0.015167236328125
0.385223388671875 -0.174774169921875 0.348968505859375 -0.068206787109375
0.1319580078125 -0.300018310546875 0.2435302734375 -0.16009521484375
-0.090850830078125 -0.280593872070312 0.117904663085937 -0.156661987304688
-0.238327026367188 -0.1015625 0.0549850463867187 -0.074676513671875
-0.24468994140625 0.05072021484375 0.09832763671875 -0.0531387329101563
-0.25946044921875 0.0561065673828125 0.166061401367187 -0.0672149658203125
-0.266448974609375 0.111709594726562 0.228927612304687 -0.0524139404296875
-0.260009765625 0.0312347412109375 0.266098022460938 0.04974365234375
-0.264312744140625 -0.122116088867188 0.199264526367187 0.129043579101563
-0.135894775390625 -0.272872924804688 0.0520172119140625 0.209747314453125
0.200897216796875 -0.310302734375 -0.0959930419921875 0.16510009765625
0.34429931640625 -0.120330810546875 -0.0714645385742187 -0.0358657836914063
0.396759033203125 0.092132568359375 0.240997314453125 0.033782958984375
0.128860473632813 0.186477661132813 0.464385986328125 -0.01837158203125
0.206741333007813 0.1334228515625 0.460845947265625 0.028289794921875
0.252227783203125 -0.0542144775390625 0.33636474609375 -0.026947021484375
0.103240966796875 -0.1640625 0.257553100585938 -0.105224609375
-0.04107666015625 -0.172897338867187 0.158843994140625 -0.109344482421875
-0.151412963867188 -0.069183349609375 0.126876831054688 -0.069000244140625
-0.159347534179688 0.03216552734375 0.170669555664063 -0.087982177734375
-0.174407958984375 0.0391082763671875 0.223480224609375 -0.104263305664063
-0.191085815429688 0.07550048828125 0.2940673828125 -0.09124755859375
-0.190139770507812 0.019775390625 0.329132080078125 0.034027099609375
-0.193145751953125 -0.0993804931640625 0.244781494140625 0.136611938476563
-0.082672119140625 -0.208419799804688 0.0872039794921875 0.221038818359375
0.186065673828125 -0.20709228515625 -0.076171875 0.17279052734375
0.271102905273438 -0.0185699462890625 -0.0117149353027344 -0.0406341552734375
0.236770629882813 0.150848388671875 0.33416748046875 0.078369140625
-0.026580810546875 -0.150482177734375 -0.392425537109375 -0.055511474609375
-0.132972717285156 -0.0301132202148437 -0.0411758422851563 0.0460319519042969
-0.0868148803710938 0.084381103515625 0.0870513916015625 -0.178421020507813
0.0220489501953125 0.110015869140625 -0.09014892578125 -0.289764404296875
0.089447021484375 0.0566482543945313 -0.2579345703125 -0.19036865234375
0.0948028564453125 -0.025543212890625 -0.3634033203125 -0.027435302734375
0.0569725036621094 -0.031982421875 -0.324737548828125 0.137603759765625
0.0534782409667969 -0.0160675048828125 -0.252197265625 0.142807006835937
0.0548515319824219 -0.00820159912109375 -0.199356079101563 0.131393432617188
0.0358963012695313 0.018157958984375 -0.181869506835938 0.0946197509765625
-0.007232666015625 0.0401649475097656 -0.180908203125 0.110488891601562
-0.0804519653320312 0.01934814453125 -0.257949829101563 0.105072021484375
-0.07568359375 -0.0818634033203125 -0.35809326171875 0.00534057617187493
-0.00366210937500001 -0.160491943359375 -0.467742919921875 0.0038757324218749
0.069366455078125 -0.18804931640625 -0.51031494140625 -0.00549316406250006
0.180145263671875 -0.151412963867188 -0.38543701171875 -0.110260009765625
0.0210800170898437 -0.0985336303710938 -0.0437774658203125 0.0244827270507813
-0.0139198303222656 -0.0655708312988281 0.110214233398437 -0.201950073242188
-0.0129623413085938 -0.0187149047851562 -0.070556640625 -0.320709228515625
-0.00991249084472656 -0.0205364227294922 -0.2550048828125 -0.227279663085937
-0.0182037353515625 -0.0184268951416016 -0.36810302734375 -0.0399169921875001
-0.0494918823242188 0.0174980163574219 -0.323486328125 0.137237548828125
-0.0638504028320313 0.0151748657226562 -0.2369384765625 0.137710571289063
-0.0620460510253906 0.0273170471191406 -0.183074951171875 0.1363525390625
-0.071624755859375 -0.00469207763671873 -0.159103393554687 0.113540649414063
-0.0833892822265625 -0.0530242919921875 -0.152969360351563 0.127395629882813
-0.0789871215820313 -0.12176513671875 -0.243545532226563 0.132888793945313
0.057769775390625 -0.190902709960938 -0.3348388671875 0.0450439453125
0.16461181640625 -0.194229125976563 -0.438629150390625 0.033599853515625
0.278106689453125 -0.160049438476563 -0.46148681640625 -0.00827026367187502
0.36944580078125 -0.11102294921875 -0.3089599609375 -0.159393310546875
0.20147705078125 -0.133331298828125 -0.00201249122619628 -0.00281786918640138
0.100006103515625 -0.216278076171875 0.158035278320313 -0.222122192382813
-0.024566650390625 -0.169586181640625 -0.026214599609375 -0.34869384765625
-0.101394653320313 -0.122344970703125 -0.221328735351562 -0.263107299804688
-0.134544372558594 -0.0283432006835938 -0.337371826171875 -0.06036376953125
-0.154129028320313 0.0563507080078125 -0.28509521484375 0.116119384765625
-0.17327880859375 0.0445098876953125 -0.184310913085938 0.11474609375
-0.168136596679688 0.06988525390625 -0.127525329589844 0.123939514160156
-0.17144775390625 -0.00364685058593751 -0.0957489013671875 0.126480102539062
-0.17181396484375 -0.110809326171875 -0.094024658203125 0.14825439453125
-0.112442016601563 -0.229217529296875 -0.201141357421875 0.173385620117188
0.133697509765625 -0.302490234375 -0.2950439453125 0.0967102050781249
0.2821044921875 -0.24267578125 -0.3824462890625 0.0560913085937501
0.437347412109375 -0.138153076171875 -0.35516357421875 0.00067138671874993
0.502655029296875 -0.03582763671875 -0.169326782226562 -0.183486938476563
0.370635986328125 -0.12152099609375 0.0843124389648438 -0.0245285034179688
0.241119384765625 -0.32952880859375 0.221755981445313 -0.224960327148438
-0.00164794921875003 -0.312713623046875 0.043243408203125 -0.35162353515625
-0.163314819335938 -0.230499267578125 -0.152313232421875 -0.281951904296875
-0.232650756835938 -0.0525970458984375 -0.26806640625 -0.07958984375
-0.238510131835938 0.0785980224609375 -0.211044311523438 0.08087158203125
-0.25848388671875 0.067901611328125 -0.104881286621094 0.0770950317382813
-0.247756958007813 0.111663818359375 -0.0441970825195313 0.0929946899414063
-0.24786376953125 0.0160369873046875 -0.00618743896484377 0.122734069824219
-0.25201416015625 -0.130630493164063 -0.0154876708984375 0.15594482421875
-0.160675048828125 -0.290802001953125 -0.134017944335938 0.203140258789062
0.159912109375 -0.385589599609375 -0.239532470703125 0.140121459960937
0.34588623046875 -0.280426025390625 -0.3077392578125 0.057037353515625
0.531951904296875 -0.110504150390625 -0.210662841796875 0.00477600097656245
0.546905517578125 0.053253173828125 0.0145263671875 -0.173904418945312
0.476409912109375 -0.06195068359375 0.199813842773438 -0.030059814453125
0.364715576171875 -0.36376953125 0.28546142578125 -0.1951904296875
0.049957275390625 -0.397979736328125 0.1240234375 -0.317138671875
-0.179595947265625 -0.310150146484375 -0.057586669921875 -0.267318725585938
-0.288726806640625 -0.081573486328125 -0.16485595703125 -0.0890960693359375
-0.28607177734375 0.084686279296875 -0.111824035644531 0.0355072021484375
-0.302642822265625 0.081268310546875 -0.0110549926757813 0.0277729034423828
-0.291015625 0.139068603515625 0.0514640808105469 0.0448188781738281
-0.288726806640625 0.03875732421875 0.0926895141601562 0.0993804931640625
-0.299835205078125 -0.127166748046875 0.067626953125 0.14630126953125
-0.19122314453125 -0.3089599609375 -0.0597381591796875 0.213241577148437
0.167633056640625 -0.4154052734375 -0.178741455078125 0.161331176757812
0.371246337890625 -0.27642822265625 -0.22747802734375 0.0327911376953125
0.5526123046875 -0.0673828125 -0.0496711730957031 0.00334930419921875
0.4892578125 0.1270751953125 0.205947875976563 -0.133636474609375
0.482147216796875 0.0169677734375 0.31719970703125 -0.017425537109375
0.419708251953125 -0.30670166015625 0.328857421875 -0.1392822265625
0.1009521484375 -0.391815185546875 0.19354248046875 -0.247116088867188
-0.15240478515625 -0.32794189453125 0.03729248046875 -0.219894409179688
-0.291290283203125 -0.09783935546875 -0.049102783203125 -0.0856399536132813
-0.285736083984375 0.0768127441406251 -0.00309848785400392 -0.0130758285522461
-0.30218505859375 0.0804748535156251 0.0813369750976563 -0.0260772705078125
-0.294677734375 0.144073486328125 0.144241333007812 -0.011962890625
-0.290863037109375 0.049163818359375 0.187210083007812 0.066375732421875
-0.304901123046875 -0.118499755859375 0.141891479492188 0.130783081054688
-0.185577392578125 -0.298370361328125 0.00613403320312499 0.2113037109375
0.17791748046875 -0.390289306640625 -0.12689208984375 0.166107177734375
0.36859130859375 -0.223388671875 -0.148880004882812 -0.00363159179687501
0.506317138671875 -0.00311279296875 0.105453491210938 0.004730224609375
0.342071533203125 0.1708984375 0.36517333984375 -0.0802001953125
0.382171630859375 0.085723876953125 0.4088134765625 0.00277709960937501
0.3734130859375 -0.193572998046875 0.3427734375 -0.0787353515625
0.117340087890625 -0.303253173828125 0.236007690429687 -0.1688232421875
-0.103500366210938 -0.27508544921875 0.11138916015625 -0.160415649414063
-0.241226196289063 -0.09027099609375 0.0553359985351562 -0.0777130126953125
-0.23980712890625 0.061676025390625 0.0969009399414062 -0.0592498779296875
-0.256271362304688 0.0693511962890625 0.160491943359375 -0.0774383544921875
-0.257278442382813 0.124908447265625 0.224960327148437 -0.0661773681640625
-0.255386352539062 0.04351806640625 0.26873779296875 0.035552978515625
-0.26654052734375 -0.106399536132813 0.203018188476562 0.121002197265625
-0.148681640625 -0.2626953125 0.0596466064453125 0.209609985351563
0.184051513671875 -0.3199462890625 -0.089263916015625 0.168121337890625
0.337921142578125 -0.13653564453125 -0.0764617919921875 -0.0320053100585937
0.399810791015625 0.072021484375 0.238677978515625 0.0225982666015625
0.135391235351563 0.178695678710938 0.461944580078125 -0.03515625
0.2113037109375 0.123275756835938 0.459197998046875 0.012451171875
0.246307373046875 -0.06622314453125 0.333770751953125 -0.03704833984375
0.0950927734375 -0.166458129882813 0.2530517578125 -0.11468505859375
-0.0493316650390625 -0.169143676757813 0.154098510742188 -0.115036010742188
-0.15386962890625 -0.060516357421875 0.127609252929688 -0.0749740600585938
-0.155441284179687 0.0395355224609375 0.166885375976563 -0.098358154296875
-0.171585083007813 0.0482177734375 0.216262817382813 -0.1175537109375
-0.184951782226563 0.0856170654296875 0.287994384765625 -0.107574462890625
-0.185592651367188 0.0288238525390625 0.32977294921875 0.0164794921875
-0.19512939453125 -0.0871734619140625 0.247665405273438 0.127059936523438
-0.093017578125 -0.2020263671875 0.0948028564453125 0.21875
0.173370361328125 -0.216567993164063 -0.06951904296875 0.175140380859375
0.26898193359375 -0.0331268310546875 -0.0181655883789062 -0.0391120910644531
0.24078369140625 0.137603759765625 0.332427978515625 0.062591552734375
-0.0330047607421875 -0.148101806640625 -0.398223876953125 -0.0341796875
-0.135887145996094 -0.022705078125 -0.0368461608886719 0.0504226684570312
-0.08380126953125 0.090057373046875 0.0801544189453125 -0.185272216796875
0.0305938720703125 0.108177185058594 -0.10675048828125 -0.28985595703125
0.0935287475585937 0.0501632690429687 -0.272125244140625 -0.181991577148438
0.0911712646484375 -0.03167724609375 -0.372100830078125 -0.007965087890625
0.0528678894042969 -0.0351066589355469 -0.32281494140625 0.160308837890625
0.0514183044433594 -0.0182723999023438 -0.247955322265625 0.162307739257813
0.0537605285644531 -0.0110359191894531 -0.19500732421875 0.147430419921875
0.0356483459472656 0.01470947265625 -0.1822509765625 0.1070556640625
-0.00672531127929688 0.0391616821289063 -0.179428100585938 0.123001098632813
-0.0788116455078125 0.0239715576171875 -0.256179809570313 0.1214599609375
-0.0781936645507812 -0.0788497924804688 -0.3634033203125 0.023040771484375
-0.0110626220703125 -0.162277221679687 -0.4730224609375 0.0266418457031249
0.059112548828125 -0.192642211914063 -0.51708984375 0.0195922851562501
0.176010131835938 -0.159347534179688 -0.392364501953125 -0.0888366699218749
0.0171966552734375 -0.101242065429688 -0.0407829284667969 0.0306892395019531
-0.0172767639160156 -0.0670166015625 0.102294921875 -0.209579467773438
-0.012420654296875 -0.0192241668701172 -0.087799072265625 -0.3231201171875
-0.0114955902099609 -0.0217971801757813 -0.269973754882813 -0.220046997070312
-0.0219993591308594 -0.0187931060791016 -0.37713623046875 -0.0213623046875001
-0.0510139465332031 0.021484375 -0.320404052734375 0.15911865234375
-0.0665702819824219 0.0205039978027344 -0.233352661132813 0.156784057617187
-0.0625953674316406 0.0314178466796875 -0.17840576171875 0.1513671875
-0.0745162963867187 -0.0022735595703125 -0.156448364257813 0.125885009765625
-0.0883255004882812 -0.0514450073242188 -0.149993896484375 0.138107299804688
-0.0858612060546875 -0.119964599609375 -0.240219116210938 0.150665283203125
0.0510406494140625 -0.1973876953125 -0.338409423828125 0.062469482421875
0.158203125 -0.20477294921875 -0.4420166015625 0.056121826171875
0.27264404296875 -0.176467895507813 -0.46917724609375 0.0152587890625
0.369659423828125 -0.12921142578125 -0.318603515625 -0.14117431640625
0.19940185546875 -0.14605712890625 0.000532388687133801 0.00174927711486815
0.08966064453125 -0.226593017578125 0.147979736328125 -0.231536865234375
-0.03338623046875 -0.17120361328125 -0.043853759765625 -0.352325439453125
-0.110206604003906 -0.119285583496094 -0.237640380859375 -0.258270263671875
-0.139907836914063 -0.022064208984375 -0.34613037109375 -0.045013427734375
-0.154037475585938 0.0662994384765625 -0.281402587890625 0.134979248046875
-0.176467895507812 0.057373046875 -0.182083129882813 0.12908935546875
-0.167083740234375 0.0805206298828125 -0.123016357421875 0.134757995605469
-0.175048828125 0.00430297851562499 -0.0911865234375 0.134712219238281
-0.181259155273438 -0.104934692382812 -0.0887298583984375 0.157333374023438
-0.126358032226563 -0.227874755859375 -0.195281982421875 0.190887451171875
0.121429443359375 -0.315765380859375 -0.296844482421875 0.113128662109375
0.275360107421875 -0.259963989257813 -0.3853759765625 0.0774230957031251
0.43768310546875 -0.1632080078125 -0.361358642578125 0.018798828125
0.508331298828125 -0.059844970703125 -0.178070068359375 -0.1717529296875
0.372894287109375 -0.143585205078125 0.0870895385742188 -0.0240097045898438
0.225982666015625 -0.350128173828125 0.211807250976563 -0.235427856445313
-0.01763916015625 -0.31719970703125 0.02667236328125 -0.359710693359375
-0.179000854492187 -0.22576904296875 -0.167282104492188 -0.280044555664063
-0.239288330078125 -0.042633056640625 -0.2752685546875 -0.0677185058593751
-0.23779296875 0.093475341796875 -0.208251953125 0.093963623046875
-0.261367797851563 0.0861968994140625 -0.102973937988281 0.0846786499023438
-0.245254516601563 0.127960205078125 -0.040130615234375 0.096954345703125
-0.2508544921875 0.0290374755859375 0.000762939453124999 0.125556945800781
-0.262359619140625 -0.119400024414062 -0.00807189941406251 0.160812377929688
-0.1790771484375 -0.2869873046875 -0.125885009765625 0.21881103515625
0.14215087890625 -0.403656005859375 -0.237533569335938 0.15472412109375
0.339080810546875 -0.3017578125 -0.310455322265625 0.07525634765625
0.5372314453125 -0.142578125 -0.2142333984375 0.015350341796875
0.557464599609375 0.02764892578125 0.00895690917968754 -0.170562744140625
0.48309326171875 -0.088653564453125 0.203323364257813 -0.03485107421875
0.34967041015625 -0.391082763671875 0.277435302734375 -0.209121704101563
0.0299072265625 -0.40625 0.109588623046875 -0.32666015625
-0.20037841796875 -0.305572509765625 -0.070831298828125 -0.269180297851562
-0.297119140625 -0.0677795410156249 -0.170013427734375 -0.0829925537109375
-0.284454345703125 0.10211181640625 -0.109420776367188 0.0413818359375
-0.305145263671875 0.10247802734375 -0.0111865997314453 0.0285587310791016
-0.286712646484375 0.158294677734375 0.0537376403808594 0.042083740234375
-0.28985595703125 0.0545654296875 0.100227355957031 0.094970703125
-0.310760498046875 -0.11248779296875 0.0750579833984375 0.146957397460938
-0.21148681640625 -0.3035888671875 -0.0505218505859375 0.224807739257812
0.147216796875 -0.434906005859375 -0.1756591796875 0.173202514648437
0.364013671875 -0.3018798828125 -0.231033325195312 0.0459289550781249
0.5594482421875 -0.101043701171875 -0.0521659851074218 0.00568771362304686
0.5045166015625 0.104583740234375 0.203399658203125 -0.140121459960938
0.49285888671875 -0.0098876953125 0.32220458984375 -0.028167724609375
0.40704345703125 -0.33795166015625 0.325042724609375 -0.1541748046875
0.081573486328125 -0.40252685546875 0.185028076171875 -0.259811401367188
-0.174530029296875 -0.324798583984375 0.02825927734375 -0.22540283203125
-0.299713134765625 -0.08416748046875 -0.050445556640625 -0.0858612060546875
-0.284515380859375 0.09375 -0.00160884857177736 -0.0141315460205078
-0.30438232421875 0.10205078125 0.0799026489257812 -0.0324859619140625
-0.289886474609375 0.163177490234375 0.144683837890625 -0.0219268798828125
-0.290374755859375 0.0654296874999999 0.194183349609375 0.0548095703125
-0.31378173828125 -0.102203369140625 0.1494140625 0.126800537109375
-0.205718994140625 -0.2908935546875 0.016265869140625 0.218307495117188
0.156768798828125 -0.408355712890625 -0.123077392578125 0.17547607421875
0.36236572265625 -0.247222900390625 -0.154129028320312 0.00531005859374997
0.51513671875 -0.03228759765625 0.105003356933594 -0.000465393066406252
0.355743408203125 0.155914306640625 0.366851806640625 -0.09429931640625
0.392608642578125 0.065277099609375 0.415771484375 -0.01318359375
0.366607666015625 -0.21807861328125 0.3436279296875 -0.092620849609375
0.103302001953125 -0.313018798828125 0.23260498046875 -0.18212890625
-0.12200927734375 -0.273590087890625 0.106536865234375 -0.1680908203125
-0.249603271484375 -0.07830810546875 0.0565643310546875 -0.0829315185546875
-0.238372802734375 0.0757141113281251 0.096221923828125 -0.0674667358398438
-0.257858276367188 0.0868682861328126 0.157684326171875 -0.0894012451171875
-0.252578735351562 0.141357421875 0.223892211914063 -0.0827484130859375
-0.253738403320312 0.0577239990234375 0.275070190429688 0.01861572265625
-0.274169921875 -0.0916290283203124 0.2110595703125 0.113845825195313
-0.165267944335937 -0.255859375 0.069671630859375 0.21282958984375
0.16632080078125 -0.337188720703125 -0.08416748046875 0.174972534179688
0.334747314453125 -0.15789794921875 -0.082916259765625 -0.0275115966796875
0.40966796875 0.0478515625 0.2396240234375 0.0099334716796875
0.145767211914062 0.174423217773437 0.468505859375 -0.055267333984375
0.219894409179688 0.11297607421875 0.4658203125 -0.00796508789062499
0.243988037109375 -0.0821685791015625 0.33837890625 -0.0509033203125
0.0873565673828125 -0.172073364257813 0.252609252929688 -0.128616333007813
-0.0608978271484375 -0.168426513671875 0.151321411132813 -0.124221801757813
-0.158248901367188 -0.052215576171875 0.129226684570313 -0.083770751953125
-0.153961181640625 0.0495147705078125 0.1650390625 -0.111923217773438
-0.171417236328125 0.0603179931640625 0.211166381835937 -0.133377075195313
-0.1806640625 0.09820556640625 0.283599853515625 -0.128387451171875
-0.185653686523437 0.039703369140625 0.335968017578125 -0.00372314453125
-0.201644897460938 -0.07562255859375 0.257522583007813 0.11810302734375
-0.105316162109375 -0.197189331054688 0.106216430664062 0.218719482421875
0.160903930664063 -0.229766845703125 -0.063323974609375 0.180160522460937
0.2706298828125 -0.0504913330078125 -0.0244903564453125 -0.0393753051757813
0.250747680664062 0.124588012695312 0.33624267578125 0.04571533203125
-0.041748046875 -0.145172119140625 -0.40411376953125 -0.00433349609374999
-0.138717651367188 -0.0124282836914062 -0.0314140319824219 0.05584716796875
-0.0781936645507813 0.0969924926757813 0.0697021484375 -0.194229125976563
0.0406036376953125 0.105857849121094 -0.128936767578125 -0.286956787109375
0.0987548828125 0.0414810180664063 -0.290069580078125 -0.16748046875
0.0872421264648438 -0.03875732421875 -0.38079833984375 0.020538330078125
0.0491104125976563 -0.0379638671875 -0.31512451171875 0.190887451171875
0.0491561889648438 -0.0215682983398438 -0.239181518554688 0.188385009765625
0.0521926879882812 -0.0152130126953125 -0.1859130859375 0.167633056640625
0.0347938537597656 0.0111560821533203 -0.178909301757813 0.124740600585937
-0.00456619262695312 0.0382270812988281 -0.174606323242188 0.139801025390625
-0.076873779296875 0.029693603515625 -0.25067138671875 0.143447875976562
-0.0823135375976562 -0.0738143920898438 -0.36749267578125 0.049041748046875
-0.02301025390625 -0.164047241210938 -0.475677490234375 0.059844970703125
0.04443359375 -0.198135375976563 -0.524932861328125 0.0548400878906249
0.1689453125 -0.172500610351563 -0.401702880859375 -0.0587158203124999
0.0120010375976563 -0.104385375976562 -0.0355339050292969 0.0371589660644531
-0.0230522155761719 -0.0685768127441406 0.08966064453125 -0.2186279296875
-0.01318359375 -0.0204105377197266 -0.1123046875 -0.322113037109375
-0.0142402648925781 -0.0231704711914063 -0.29046630859375 -0.206329345703125
-0.0263004302978516 -0.0175800323486328 -0.385650634765625 0.00653076171874998
-0.0515861511230469 0.0265388488769531 -0.312835693359375 0.1883544921875
-0.0679893493652344 0.0278167724609375 -0.224609375 0.180938720703125
-0.0624923706054687 0.037353515625 -0.16900634765625 0.1707763671875
-0.0773086547851563 0.00154876708984375 -0.151031494140625 0.141128540039063
-0.095123291015625 -0.0482711791992187 -0.143997192382813 0.153289794921875
-0.0951080322265625 -0.116294860839844 -0.232833862304687 0.173797607421875
0.0398712158203125 -0.205734252929688 -0.33990478515625 0.08746337890625
0.147018432617188 -0.2191162109375 -0.443878173828125 0.0882873535156249
0.2645263671875 -0.198989868164063 -0.475494384765625 0.04925537109375
0.36798095703125 -0.15618896484375 -0.329681396484375 -0.115447998046875
0.194366455078125 -0.16412353515625 0.00423097610473634 0.00608253479003905
0.072723388671875 -0.238494873046875 0.133575439453125 -0.2430419921875
-0.045318603515625 -0.172988891601563 -0.06915283203125 -0.356048583984375
-0.122138977050781 -0.11346435546875 -0.260604858398437 -0.248046875
-0.144851684570312 -0.0125274658203125 -0.355316162109375 -0.0206909179687499
-0.152557373046875 0.08001708984375 -0.27471923828125 0.1600341796875
-0.177291870117188 0.0743255615234375 -0.17547607421875 0.148193359375
-0.164947509765625 0.0960540771484375 -0.114471435546875 0.149032592773438
-0.1783447265625 0.016448974609375 -0.082794189453125 0.145477294921875
-0.192398071289063 -0.094024658203125 -0.080230712890625 0.1680908203125
-0.145904541015625 -0.2235107421875 -0.183547973632812 0.213882446289063
0.100677490234375 -0.33306884765625 -0.29425048828125 0.137359619140625
0.2630615234375 -0.284454345703125 -0.38494873046875 0.106781005859375
0.43359375 -0.198944091796875 -0.3662109375 0.045806884765625
0.5150146484375 -0.09613037109375 -0.189422607421875 -0.155776977539063
0.37054443359375 -0.174102783203125 0.0900039672851563 -0.0252304077148438
0.201080322265625 -0.374298095703125 0.197341918945313 -0.250900268554688
-0.0411376953125 -0.321197509765625 0.00167846679687501 -0.367431640625
-0.20098876953125 -0.216354370117188 -0.190078735351563 -0.274642944335937
-0.246597290039062 -0.02532958984375 -0.283721923828125 -0.0508422851562499
-0.234268188476562 0.113662719726562 -0.202316284179688 0.112197875976563
-0.260574340820313 0.111709594726563 -0.0990447998046875 0.0951995849609375
-0.239501953125 0.149215698242187 -0.0335769653320313 0.102867126464844
-0.252792358398438 0.0474853515625 0.0104751586914062 0.1280517578125
-0.275924682617188 -0.101806640625 0.00248718261718748 0.165756225585938
-0.204727172851563 -0.278366088867187 -0.112060546875 0.237472534179687
0.114013671875 -0.42449951171875 -0.231903076171875 0.175369262695312
0.32281494140625 -0.332000732421875 -0.31103515625 0.1002197265625
0.53424072265625 -0.18743896484375 -0.218231201171875 0.0317840576171875
0.57037353515625 -0.01251220703125 -0.000381469726562448 -0.168441772460938
0.487152099609375 -0.128662109375 0.206573486328125 -0.044586181640625
0.323455810546875 -0.42529296875 0.266525268554687 -0.227462768554688
-0.000396728515625046 -0.4150390625 0.0888671875 -0.340179443359375
-0.2286376953125 -0.29541015625 -0.0909271240234375 -0.270248413085938
-0.307647705078125 -0.0472412109375 -0.176071166992188 -0.0740966796875
-0.280517578125 0.125411987304687 -0.105911254882813 0.050201416015625
-0.304931640625 0.13128662109375 -0.0106792449951172 0.0292167663574219
-0.279098510742188 0.183547973632813 0.056549072265625 0.0378227233886719
-0.28985595703125 0.076324462890625 0.109573364257812 0.08868408203125
-0.323760986328125 -0.090118408203125 0.08648681640625 0.145614624023438
-0.238739013671875 -0.291046142578125 -0.0348052978515625 0.238265991210938
0.115020751953125 -0.45587158203125 -0.167999267578125 0.189468383789062
0.346221923828125 -0.33355712890625 -0.232162475585937 0.0645294189453125
0.56085205078125 -0.147369384765625 -0.0549468994140625 0.00989913940429688
0.520538330078125 0.070343017578125 0.198867797851563 -0.151641845703125
0.50042724609375 -0.046112060546875 0.327239990234375 -0.0469970703125
0.386688232421875 -0.37542724609375 0.318634033203125 -0.17529296875
0.052703857421875 -0.41473388671875 0.169815063476563 -0.276153564453125
-0.2041015625 -0.31610107421875 0.0137176513671875 -0.232070922851563
-0.3111572265625 -0.062347412109375 -0.0544052124023438 -0.0860748291015625
-0.280075073242188 0.117279052734375 -0.000437736511230486 -0.0155744552612305
-0.303131103515625 0.1309814453125 0.0767822265625 -0.0404739379882812
-0.280258178710938 0.188888549804688 0.144180297851563 -0.035491943359375
-0.2879638671875 0.08734130859375 0.202102661132812 0.0398101806640625
-0.325042724609375 -0.0785827636718749 0.16082763671875 0.1197509765625
-0.231582641601563 -0.278152465820312 0.032623291015625 0.22552490234375
0.12591552734375 -0.430023193359375 -0.113510131835937 0.187332153320313
0.349365234375 -0.279998779296875 -0.158294677734375 0.01739501953125
0.52044677734375 -0.075408935546875 0.103622436523438 -0.00776672363281251
0.373046875 0.1329345703125 0.367340087890625 -0.117279052734375
0.404022216796875 0.036773681640625 0.4215087890625 -0.038818359375
0.353851318359375 -0.251220703125 0.342193603515625 -0.114654541015625
0.0823974609375 -0.32525634765625 0.223953247070312 -0.201431274414063
-0.146270751953125 -0.267288208007813 0.097869873046875 -0.179443359375
-0.259490966796875 -0.0596160888671875 0.0553207397460937 -0.0900802612304688
-0.234710693359375 0.095916748046875 0.0938034057617187 -0.0780105590820313
-0.25469970703125 0.111862182617187 0.150924682617188 -0.105804443359375
-0.243392944335938 0.16534423828125 0.219894409179687 -0.104278564453125
-0.25152587890625 0.0775299072265625 0.28106689453125 -0.00469970703125
-0.283843994140625 -0.0708007812500001 0.222183227539062 0.102188110351562
-0.1878662109375 -0.24566650390625 0.08636474609375 0.214492797851563
0.139495849609375 -0.356842041015625 -0.07427978515625 0.183975219726562
0.327178955078125 -0.18804931640625 -0.0903854370117188 -0.0212326049804688
0.418487548828125 0.01715087890625 0.2408447265625 -0.0074310302734375
0.16046142578125 0.167007446289062 0.471954345703125 -0.084564208984375
0.230453491210938 0.09759521484375 0.47381591796875 -0.037445068359375
0.239990234375 -0.103378295898437 0.340850830078125 -0.07318115234375
0.076904296875 -0.181137084960938 0.248886108398438 -0.14923095703125
-0.0760040283203125 -0.165481567382812 0.146942138671875 -0.137741088867188
-0.1658935546875 -0.0399932861328125 0.129302978515625 -0.0969085693359375
-0.1507568359375 0.0625762939453125 0.159042358398438 -0.128433227539063
-0.169296264648438 0.07672119140625 0.201873779296875 -0.155288696289063
-0.174774169921875 0.114654541015625 0.277252197265625 -0.155990600585938
-0.182968139648438 0.054046630859375 0.34100341796875 -0.032470703125
-0.208343505859375 -0.0602264404296875 0.269073486328125 0.1025390625
-0.121551513671875 -0.1895751953125 0.123580932617187 0.216354370117188
0.142990112304688 -0.246841430664063 -0.05279541015625 0.187911987304688
0.269805908203125 -0.0731048583984375 -0.0326004028320312 -0.0377006530761719
0.261871337890625 0.105987548828125 0.3416748046875 0.022979736328125
-0.0522994995117187 -0.139564514160156 -0.400787353515625 0.0326232910156249
-0.138778686523438 0.00125122070312501 -0.0232162475585938 0.0594825744628906
-0.06878662109375 0.103836059570313 0.0536346435546875 -0.199111938476563
0.0506134033203125 0.09906005859375 -0.154098510742188 -0.27581787109375
0.10150146484375 0.0299911499023438 -0.305633544921875 -0.142913818359375
0.0805816650390625 -0.0459823608398437 -0.3797607421875 0.0566101074218749
0.0435676574707031 -0.0405960083007813 -0.295562744140625 0.222442626953125
0.0455131530761719 -0.0250473022460938 -0.21844482421875 0.215072631835937
0.0492591857910156 -0.0194320678710938 -0.16845703125 0.18756103515625
0.0335674285888672 0.00670051574707031 -0.169677734375 0.143234252929687
-0.00270843505859375 0.0372962951660156 -0.162979125976563 0.156631469726562
-0.0724029541015625 0.0358200073242188 -0.236709594726563 0.165374755859375
-0.0860977172851563 -0.067291259765625 -0.361846923828125 0.0799560546875
-0.0379486083984375 -0.16180419921875 -0.46868896484375 0.100494384765625
0.0256500244140625 -0.199066162109375 -0.519195556640625 0.100341796875
0.155258178710938 -0.186111450195313 -0.4017333984375 -0.02008056640625
0.00379943847656249 -0.105201721191406 -0.0281829833984375 0.0424728393554687
-0.0298004150390625 -0.0659980773925781 0.07147216796875 -0.224014282226563
-0.0143108367919922 -0.0207786560058594 -0.140960693359375 -0.31182861328125
-0.0167655944824219 -0.0229015350341797 -0.31005859375 -0.182098388671875
-0.0295886993408203 -0.015228271484375 -0.385955810546875 0.0411376953124999
-0.0500068664550781 0.0323638916015625 -0.292999267578125 0.21917724609375
-0.0669822692871094 0.0364036560058594 -0.206207275390625 0.20513916015625
-0.0600547790527344 0.0440788269042969 -0.151565551757813 0.189193725585938
-0.0790786743164062 0.00760650634765624 -0.138900756835937 0.156997680664062
-0.101005554199219 -0.041046142578125 -0.130630493164063 0.167953491210938
-0.105155944824219 -0.108428955078125 -0.215469360351563 0.195938110351562
0.022613525390625 -0.211959838867188 -0.330902099609375 0.116546630859375
0.128128051757813 -0.2315673828125 -0.4344482421875 0.1268310546875
0.2459716796875 -0.220962524414062 -0.469879150390625 0.0904235839843749
0.3558349609375 -0.18829345703125 -0.334564208984375 -0.0821533203125001
0.1810302734375 -0.18243408203125 0.00915718078613282 0.0095539093017578
0.0498504638671875 -0.2457275390625 0.113372802734375 -0.250762939453125
-0.0605926513671875 -0.16943359375 -0.100433349609375 -0.348663330078125
-0.133674621582031 -0.102668762207031 -0.28204345703125 -0.22637939453125
-0.14678955078125 0.00122070312500002 -0.357025146484375 0.010986328125
-0.14483642578125 0.0950164794921875 -0.257308959960938 0.186447143554688
-0.17120361328125 0.0939788818359375 -0.160308837890625 0.167236328125
-0.156631469726563 0.111968994140625 -0.100051879882813 0.1617431640625
-0.177398681640625 0.031829833984375 -0.0694427490234375 0.153839111328125
-0.202377319335938 -0.0774993896484375 -0.0658111572265625 0.177108764648438
-0.1663818359375 -0.210693359375 -0.163070678710938 0.23358154296875
0.070709228515625 -0.34442138671875 -0.282440185546875 0.16302490234375
0.237945556640625 -0.308074951171875 -0.37396240234375 0.1407470703125
0.414764404296875 -0.238311767578125 -0.362030029296875 0.078826904296875
0.507171630859375 -0.141876220703125 -0.198272705078125 -0.133499145507812
0.355377197265625 -0.20892333984375 0.0913467407226563 -0.028350830078125
0.16461181640625 -0.393218994140625 0.174591064453125 -0.263336181640625
-0.069427490234375 -0.317718505859375 -0.03009033203125 -0.366485595703125
-0.222671508789062 -0.197097778320313 -0.214126586914063 -0.259567260742188
-0.249404907226563 -0.00302124023437505 -0.28741455078125 -0.02606201171875
-0.222702026367188 0.135986328125 -0.1895751953125 0.1309814453125
-0.251052856445313 0.139724731445313 -0.0904312133789063 0.106002807617188
-0.225418090820313 0.173370361328125 -0.0241546630859375 0.107040405273438
-0.247634887695313 0.07012939453125 0.0228729248046875 0.127243041992187
-0.284820556640625 -0.076690673828125 0.0169525146484375 0.167816162109375
-0.230453491210937 -0.259109497070313 -0.0885772705078125 0.25177001953125
0.07415771484375 -0.436248779296875 -0.218307495117188 0.195755004882812
0.293243408203125 -0.361236572265625 -0.301849365234375 0.12701416015625
0.51690673828125 -0.237030029296875 -0.216415405273438 0.0520782470703125
0.5704345703125 -0.06317138671875 -0.0113067626953125 -0.162429809570313
0.475189208984375 -0.17340087890625 0.205337524414063 -0.05780029296875
0.28192138671875 -0.45599365234375 0.244400024414063 -0.245407104492188
-0.0369873046875 -0.413543701171875 0.058685302734375 -0.34674072265625
-0.25689697265625 -0.273422241210938 -0.113327026367187 -0.263290405273438
-0.311553955078125 -0.01861572265625 -0.180892944335938 -0.0604095458984375
-0.267410278320313 0.1514892578125 -0.098785400390625 0.0593338012695313
-0.29241943359375 0.16375732421875 -0.00868988037109377 0.0308399200439453
-0.259979248046875 0.211654663085938 0.0586395263671875 0.0328903198242188
-0.281036376953125 0.101654052734375 0.118576049804688 0.0773849487304688
-0.3304443359375 -0.059722900390625 0.0994186401367187 0.139877319335938
-0.265457153320313 -0.2679443359375 -0.011322021484375 0.246185302734375
0.0701599121093749 -0.468658447265625 -0.152420043945313 0.204147338867187
0.315887451171875 -0.364898681640625 -0.228439331054687 0.0859680175781249
0.546875 -0.200439453125 -0.0553359985351562 0.0156059265136719
0.527099609375 0.024139404296875 0.188369750976563 -0.163543701171875
0.49639892578125 -0.0926513671875 0.3248291015625 -0.07073974609375
0.348846435546875 -0.410736083984375 0.301971435546875 -0.198211669921875
0.015655517578125 -0.418670654296875 0.145263671875 -0.2900390625
-0.235321044921875 -0.295928955078125 -0.00541687011718753 -0.234664916992188
-0.31524658203125 -0.03369140625 -0.0593109130859375 -0.08367919921875
-0.267623901367187 0.142654418945313 4.38690185546697E-05 -0.017176628112793
-0.289825439453125 0.162750244140625 0.0713729858398437 -0.048492431640625
-0.260055541992188 0.216903686523437 0.138320922851562 -0.0497207641601562
-0.277908325195313 0.112716674804687 0.20562744140625 0.0189666748046875
-0.329742431640625 -0.047576904296875 0.170913696289062 0.107513427734375
-0.256759643554687 -0.255096435546875 0.05413818359375 0.226119995117188
0.082275390625 -0.442474365234375 -0.0986785888671875 0.19744873046875
0.32275390625 -0.31207275390625 -0.159103393554687 0.0324249267578125
0.5126953125 -0.12451171875 0.100410461425781 -0.01629638671875
0.385406494140625 0.099365234375 0.35809326171875 -0.145294189453125
0.4058837890625 -0.001556396484375 0.418609619140625 -0.071929931640625
0.327362060546875 -0.284912109375 0.331756591796875 -0.140625
0.052703857421875 -0.3316650390625 0.206130981445313 -0.22027587890625
-0.1729736328125 -0.25244140625 0.0827178955078125 -0.188201904296875
-0.264175415039063 -0.034881591796875 0.0503463745117187 -0.0985946655273438
-0.222900390625 0.116500854492187 0.08807373046875 -0.0887527465820312
-0.244140625 0.138931274414063 0.138076782226562 -0.121360778808594
-0.225967407226562 0.188446044921875 0.20648193359375 -0.125717163085938
-0.241897583007813 0.0995330810546875 0.279586791992188 -0.0332489013671875
-0.288238525390625 -0.042755126953125 0.231033325195312 0.0840606689453125
-0.209396362304687 -0.225662231445312 0.105865478515625 0.20947265625
0.103973388671875 -0.370330810546875 -0.0600738525390625 0.189743041992187
0.3077392578125 -0.2178955078125 -0.0954971313476562 -0.0123672485351563
0.417449951171875 -0.02392578125 0.236251831054688 -0.0283660888671875
0.175582885742187 0.151840209960938 0.464324951171875 -0.121673583984375
0.237869262695313 0.0750579833984375 0.4700927734375 -0.076812744140625
0.22686767578125 -0.126296997070313 0.335205078125 -0.100341796875
0.0597076416015625 -0.18756103515625 0.236038208007813 -0.171401977539063
-0.091796875 -0.157302856445313 0.1363525390625 -0.151519775390625
-0.168472290039063 -0.023712158203125 0.122894287109375 -0.112190246582031
-0.141876220703125 0.076385498046875 0.146926879882813 -0.146041870117188
-0.160781860351562 0.0943756103515625 0.183929443359375 -0.17626953125
-0.161483764648438 0.131866455078125 0.259307861328125 -0.1842041015625
-0.17645263671875 0.069580078125 0.3365478515625 -0.06689453125
-0.211090087890625 -0.03961181640625 0.277206420898438 0.0805816650390625
-0.138229370117188 -0.175872802734375 0.142578125 0.206787109375
0.116851806640625 -0.259719848632812 -0.037322998046875 0.191360473632812
0.260055541992188 -0.098876953125 -0.0402641296386719 -0.033294677734375
0.269424438476563 0.081329345703125 0.3389892578125 -0.007476806640625
-0.0603256225585938 -0.130859375 -0.38232421875 0.0661621093750001
-0.133491516113281 0.0135421752929688 -0.0137977600097656 0.0607414245605469
-0.0572891235351563 0.107101440429688 0.03814697265625 -0.198165893554688
0.0582122802734375 0.0888290405273438 -0.171951293945313 -0.255386352539062
0.0998153686523438 0.0187454223632812 -0.31005859375 -0.1146240234375
0.0723114013671875 -0.0510787963867188 -0.3651123046875 0.088470458984375
0.0375556945800781 -0.0424957275390625 -0.2669677734375 0.243881225585938
0.0419349670410156 -0.0275917053222656 -0.189727783203125 0.230926513671875
0.0440101623535156 -0.0234146118164062 -0.145462036132813 0.19940185546875
0.0305385589599609 0.00284004211425781 -0.1539306640625 0.157012939453125
-0.00114059448242187 0.0350437164306641 -0.14617919921875 0.167861938476562
-0.0660552978515625 0.0407257080078125 -0.215499877929688 0.18011474609375
-0.0879058837890625 -0.059112548828125 -0.34344482421875 0.105560302734375
-0.0512847900390625 -0.15283203125 -0.445465087890625 0.1337890625
0.00781249999999998 -0.1929931640625 -0.49530029296875 0.13824462890625
0.137527465820313 -0.194046020507813 -0.387298583984375 0.0150756835937499
-0.00461578369140625 -0.102523803710938 -0.0189056396484375 0.0454139709472656
-0.0348663330078125 -0.0624237060546875 0.0533294677734375 -0.22344970703125
-0.0153713226318359 -0.0218734741210937 -0.1624755859375 -0.291717529296875
-0.0195484161376953 -0.0215587615966797 -0.317840576171875 -0.1529541015625
-0.0318622589111328 -0.0115375518798828 -0.37274169921875 0.073822021484375
-0.04742431640625 0.0368080139160156 -0.2642822265625 0.240554809570312
-0.0627593994140625 0.0430221557617188 -0.179306030273438 0.22100830078125
-0.0562019348144531 0.0482635498046875 -0.128997802734375 0.199859619140625
-0.0788192749023437 0.0137100219726562 -0.122177124023438 0.167190551757813
-0.103973388671875 -0.0318679809570312 -0.1138916015625 0.175933837890625
-0.110862731933594 -0.0972061157226563 -0.19189453125 0.210464477539062
0.00509643554687501 -0.209579467773438 -0.31280517578125 0.13983154296875
0.1048583984375 -0.235687255859375 -0.4097900390625 0.1578369140625
0.220367431640625 -0.234237670898437 -0.448638916015625 0.126068115234375
0.331085205078125 -0.213134765625 -0.326873779296875 -0.048583984375
0.160476684570313 -0.193817138671875 0.0150241851806641 0.0115957260131836
0.0267333984375 -0.24420166015625 0.0911102294921875 -0.250747680664063
-0.0729827880859375 -0.161422729492187 -0.1265869140625 -0.329833984375
-0.139945983886719 -0.0883255004882813 -0.294281005859375 -0.198272705078125
-0.144058227539063 0.013702392578125 -0.346923828125 0.0404052734375
-0.132804870605469 0.104812622070312 -0.231948852539063 0.203948974609375
-0.158447265625 0.110031127929688 -0.139694213867187 0.178665161132812
-0.142532348632812 0.12310791015625 -0.08111572265625 0.168563842773438
-0.171524047851563 0.045989990234375 -0.0547332763671875 0.157379150390625
-0.204864501953125 -0.0594482421875 -0.0502777099609375 0.18060302734375
-0.18048095703125 -0.190628051757812 -0.136795043945312 0.24334716796875
0.038543701171875 -0.34356689453125 -0.261627197265625 0.181243896484375
0.206207275390625 -0.31903076171875 -0.352142333984375 0.167877197265625
0.38232421875 -0.26708984375 -0.34429931640625 0.1068115234375
0.481170654296875 -0.181488037109375 -0.198394775390625 -0.109771728515625
0.3287353515625 -0.234039306640625 0.09185791015625 -0.0307083129882813
0.12481689453125 -0.39825439453125 0.149765014648438 -0.266632080078125
-0.094940185546875 -0.303741455078125 -0.05975341796875 -0.3531494140625
-0.23455810546875 -0.171844482421875 -0.23040771484375 -0.23687744140625
-0.24371337890625 0.0184326171875 -0.280975341796875 -0.00207519531249999
-0.205062866210937 0.15142822265625 -0.170562744140625 0.143081665039063
-0.2313232421875 0.162063598632813 -0.0779571533203125 0.112709045410156
-0.203109741210938 0.189407348632813 -0.0135574340820313 0.108154296875
-0.234893798828125 0.088836669921875 0.0328140258789062 0.121574401855469
-0.284332275390625 -0.050994873046875 0.030029296875 0.163986206054688
-0.247787475585938 -0.232437133789063 -0.062255859375 0.256820678710938
0.03173828125 -0.433197021484375 -0.19757080078125 0.20892333984375
0.254302978515625 -0.37652587890625 -0.2833251953125 0.149261474609375
0.482696533203125 -0.275177001953125 -0.205673217773438 0.0691070556640625
0.55145263671875 -0.109222412109375 -0.01910400390625 -0.1524658203125
0.44854736328125 -0.211273193359375 0.199386596679688 -0.068634033203125
0.23187255859375 -0.469329833984375 0.219314575195313 -0.254180908203125
-0.07110595703125 -0.40032958984375 0.028228759765625 -0.340484619140625
-0.27545166015625 -0.24224853515625 -0.132553100585938 -0.248580932617188
-0.304290771484375 0.00900268554687505 -0.180435180664063 -0.045745849609375
-0.245651245117188 0.1693115234375 -0.0884017944335938 0.0640640258789063
-0.269149780273438 0.189422607421875 -0.00689697265625002 0.0314044952392578
-0.233169555664063 0.22967529296875 0.058990478515625 0.0276947021484375
-0.26318359375 0.122756958007812 0.121841430664063 0.0642013549804688
-0.325408935546875 -0.0296936035156251 0.108551025390625 0.129714965820313
-0.282196044921875 -0.237274169921875 0.012054443359375 0.244400024414063
0.0244750976562501 -0.463531494140625 -0.133102416992187 0.211990356445312
0.274993896484375 -0.3828125 -0.216537475585937 0.10321044921875
0.5130615234375 -0.2421875 -0.0535697937011718 0.0202217102050781
0.515533447265625 -0.021148681640625 0.17376708984375 -0.170150756835938
0.473114013671875 -0.1339111328125 0.3128662109375 -0.091217041015625
0.300079345703125 -0.43109130859375 0.27752685546875 -0.212509155273438
-0.02069091796875 -0.408416748046875 0.1168212890625 -0.292877197265625
-0.254913330078125 -0.266143798828125 -0.024139404296875 -0.229141235351563
-0.309295654296875 -0.00494384765625004 -0.0626296997070313 -0.0797195434570312
-0.245986938476563 0.160751342773437 0.000770568847656236 -0.0197086334228515
-0.267059326171875 0.187759399414063 0.0634841918945312 -0.0540008544921875
-0.231887817382812 0.235458374023438 0.128097534179688 -0.0610504150390625
-0.2591552734375 0.132492065429687 0.20037841796875 -0.00123596191406249
-0.3232421875 -0.016571044921875 0.175186157226562 0.092254638671875
-0.271270751953125 -0.224197387695313 0.073394775390625 0.219024658203125
0.0379638671875 -0.4375 -0.082275390625 0.200759887695312
0.28509521484375 -0.331512451171875 -0.154937744140625 0.0455322265625
0.485107421875 -0.166595458984375 0.0938339233398438 -0.0235977172851563
0.38446044921875 0.06365966796875 0.340087890625 -0.166778564453125
0.39337158203125 -0.037933349609375 0.40277099609375 -0.101043701171875
0.289947509765625 -0.306488037109375 0.31146240234375 -0.160858154296875
0.02203369140625 -0.32708740234375 0.18157958984375 -0.230392456054688
-0.190399169921875 -0.228622436523438 0.0662689208984375 -0.191726684570313
-0.259170532226563 -0.01025390625 0.0425643920898437 -0.103935241699219
-0.204299926757812 0.132034301757813 0.0790863037109375 -0.096954345703125
-0.223785400390625 0.159011840820313 0.120658874511719 -0.131332397460938
-0.200332641601563 0.204376220703125 0.1865234375 -0.142227172851563
-0.224822998046875 0.117279052734375 0.268264770507813 -0.0588226318359375
-0.28155517578125 -0.01605224609375 0.231704711914063 0.0648651123046875
-0.222152709960938 -0.199203491210937 0.1219482421875 0.19805908203125
0.06597900390625 -0.368804931640625 -0.044769287109375 0.189376831054687
0.278854370117188 -0.23907470703125 -0.09783935546875 -0.00267791748046878
0.40289306640625 -0.060577392578125 0.224334716796875 -0.046142578125
0.185104370117188 0.132476806640625 0.443572998046875 -0.153778076171875
0.236160278320313 0.05133056640625 0.450592041015625 -0.11138916015625
0.205841064453125 -0.14410400390625 0.318634033203125 -0.12298583984375
0.041290283203125 -0.186767578125 0.215576171875 -0.185455322265625
-0.10430908203125 -0.14288330078125 0.120803833007813 -0.159652709960938
-0.16534423828125 -0.00680541992187502 0.112396240234375 -0.123504638671875
-0.129127502441406 0.08563232421875 0.130355834960938 -0.157806396484375
-0.14617919921875 0.107666015625 0.1595458984375 -0.1881103515625
-0.14263916015625 0.14300537109375 0.23223876953125 -0.204071044921875
-0.163436889648438 0.0825653076171875 0.320343017578125 -0.097412109375
-0.206390380859375 -0.020538330078125 0.277420043945313 0.055816650390625
-0.148361206054688 -0.157302856445313 0.1561279296875 0.191421508789063
0.088165283203125 -0.262481689453125 -0.0222930908203125 0.18914794921875
0.241928100585938 -0.119110107421875 -0.0459976196289062 -0.0276603698730469
0.267669677734375 0.0556640625 0.32537841796875 -0.034820556640625
-0.0643692016601562 -0.121841430664063 -0.36053466796875 0.0869445800781249
-0.125625610351563 0.0226364135742187 -0.0063934326171875 0.0594024658203125
-0.0468978881835937 0.106071472167969 0.027099609375 -0.192764282226563
0.0611419677734375 0.07891845703125 -0.179855346679688 -0.235336303710938
0.095947265625 0.010589599609375 -0.30621337890625 -0.092315673828125
0.0641670227050781 -0.0523872375488281 -0.34576416015625 0.109161376953125
0.0320549011230469 -0.0413551330566406 -0.238449096679687 0.25433349609375
0.0373077392578125 -0.0281486511230469 -0.163894653320313 0.236846923828125
0.0393562316894531 -0.0247955322265625 -0.124664306640625 0.201812744140625
0.0266876220703125 0.000604629516601562 -0.13934326171875 0.163558959960938
-0.000337600708007815 0.0330181121826172 -0.130828857421875 0.171875
-0.0593643188476562 0.0425071716308594 -0.1954345703125 0.184829711914062
-0.0866241455078125 -0.0524063110351563 -0.323577880859375 0.119415283203125
-0.0594482421875 -0.142684936523438 -0.41851806640625 0.1544189453125
-0.00396728515625002 -0.183334350585938 -0.464080810546875 0.15966796875
0.12109375 -0.194747924804688 -0.366607666015625 0.0379028320312499
-0.00936126708984375 -0.0983657836914063 -0.0108489990234375 0.04583740234375
-0.0373573303222656 -0.0584449768066406 0.040283203125 -0.216445922851563
-0.01605224609375 -0.0220909118652344 -0.172637939453125 -0.270370483398437
-0.0215473175048828 -0.0198898315429687 -0.315826416015625 -0.128448486328125
-0.0326175689697266 -0.00879478454589844 -0.354339599609375 0.094696044921875
-0.0436363220214844 0.0397529602050781 -0.236770629882813 0.2490234375
-0.0578384399414062 0.0478134155273438 -0.15570068359375 0.225906372070313
-0.0521736145019531 0.05096435546875 -0.10882568359375 0.2012939453125
-0.077239990234375 0.0178375244140625 -0.107437133789062 0.170669555664063
-0.103080749511719 -0.0252838134765625 -0.0995941162109375 0.178756713867188
-0.112159729003906 -0.086883544921875 -0.169937133789063 0.214202880859375
-0.00776672363281248 -0.203460693359375 -0.29180908203125 0.150543212890625
0.086578369140625 -0.231903076171875 -0.38262939453125 0.17498779296875
0.196807861328125 -0.236190795898437 -0.422607421875 0.146697998046875
0.3056640625 -0.2249755859375 -0.311798095703125 -0.0263977050781251
0.142837524414063 -0.196731567382812 0.0206508636474609 0.0123577117919922
0.00941467285156247 -0.23699951171875 0.075592041015625 -0.244491577148438
-0.079498291015625 -0.1524658203125 -0.139923095703125 -0.30853271484375
-0.14166259765625 -0.0755157470703125 -0.2962646484375 -0.174652099609375
-0.138130187988281 0.0221099853515625 -0.331298828125 0.0599365234374999
-0.12109375 0.110092163085937 -0.207595825195312 0.210983276367188
-0.145462036132813 0.119308471679688 -0.1207275390625 0.183135986328125
-0.12933349609375 0.128982543945313 -0.0654296875 0.168624877929688
-0.163177490234375 0.05389404296875 -0.0425872802734375 0.155624389648438
-0.202926635742188 -0.0445709228515625 -0.0374298095703125 0.178115844726563
-0.185699462890625 -0.172210693359375 -0.114715576171875 0.244918823242188
0.014251708984375 -0.334381103515625 -0.241607666015625 0.188705444335938
0.178314208984375 -0.31903076171875 -0.326446533203125 0.180999755859375
0.350616455078125 -0.279296875 -0.323974609375 0.121917724609375
0.452911376953125 -0.20416259765625 -0.191650390625 -0.091400146484375
0.3009033203125 -0.2464599609375 0.0919265747070313 -0.0322036743164063
0.09283447265625 -0.39056396484375 0.130233764648438 -0.260986328125
-0.109100341796875 -0.2874755859375 -0.0777587890625 -0.3341064453125
-0.237136840820313 -0.148880004882813 -0.236358642578125 -0.215194702148437
-0.2327880859375 0.033233642578125 -0.270706176757812 0.014068603515625
-0.186691284179687 0.158294677734375 -0.152359008789063 0.147140502929687
-0.210906982421875 0.174392700195312 -0.0668716430664063 0.114875793457031
-0.181930541992188 0.196426391601563 -0.00562286376953126 0.106681823730469
-0.220382690429687 0.0993499755859375 0.0393447875976562 0.114410400390625
-0.277679443359375 -0.0315704345703125 0.039459228515625 0.157882690429688
-0.253341674804688 -0.207763671875 -0.0419769287109375 0.253097534179688
0.000915527343750047 -0.42095947265625 -0.179351806640625 0.212310791015625
0.2215576171875 -0.37786865234375 -0.26324462890625 0.161056518554688
0.444183349609375 -0.294952392578125 -0.193603515625 0.07891845703125
0.52301025390625 -0.140380859375 -0.0228424072265625 -0.1427001953125
0.417144775390625 -0.23089599609375 0.1925048828125 -0.0742645263671875
0.19085693359375 -0.46588134765625 0.196578979492188 -0.25250244140625
-0.093017578125 -0.380126953125 0.00689697265624998 -0.32666015625
-0.280746459960937 -0.2137451171875 -0.142288208007813 -0.2327880859375
-0.291229248046875 0.027801513671875 -0.175033569335938 -0.03515625
-0.2242431640625 0.178054809570312 -0.0787506103515625 0.06439208984375
-0.244781494140625 0.20306396484375 -0.00456428527832032 0.030416488647461
-0.2069091796875 0.236968994140625 0.0585708618164062 0.0236892700195313
-0.24395751953125 0.1341552734375 0.120086669921875 0.0528182983398438
-0.314361572265625 -0.00823974609374998 0.112319946289062 0.120307922363281
-0.28564453125 -0.209197998046875 0.02960205078125 0.236648559570312
-0.00842285156249995 -0.44708251953125 -0.117279052734375 0.212249755859375
0.23931884765625 -0.384246826171875 -0.203048706054687 0.1131591796875
0.4764404296875 -0.266357421875 -0.051055908203125 0.0232772827148437
0.496307373046875 -0.0528564453125 0.160568237304688 -0.169692993164063
0.4466552734375 -0.1588134765625 0.298248291015625 -0.103363037109375
0.25701904296875 -0.4332275390625 0.255599975585938 -0.216659545898438
-0.04510498046875 -0.390533447265625 0.0946044921875 -0.286102294921875
-0.2635498046875 -0.2379150390625 -0.0368194580078125 -0.220565795898438
-0.296905517578125 0.0154418945312501 -0.0635910034179688 -0.0761566162109375
-0.224029541015625 0.16998291015625 0.000928878784179676 -0.0221328735351562
-0.242111206054688 0.201202392578125 0.0555915832519531 -0.0555648803710937
-0.204788208007812 0.241851806640625 0.117942810058594 -0.0660552978515625
-0.238357543945313 0.143081665039062 0.1920166015625 -0.01666259765625
-0.3095703125 0.00482177734375007 0.175094604492187 0.079864501953125
-0.2740478515625 -0.1966552734375 0.086761474609375 0.208541870117188
0.00567626953125003 -0.42205810546875 -0.0681304931640625 0.1983642578125
0.252197265625 -0.336334228515625 -0.148452758789063 0.05474853515625
0.452239990234375 -0.19134521484375 0.0870361328125 -0.0274124145507813
0.3741455078125 0.03570556640625 0.31964111328125 -0.17755126953125
0.374237060546875 -0.061065673828125 0.3824462890625 -0.117706298828125
0.254730224609375 -0.31280517578125 0.2906494140625 -0.169342041015625
0.00119018554687499 -0.31463623046875 0.161453247070312 -0.229965209960938
-0.197952270507813 -0.205978393554688 0.0530853271484375 -0.1890869140625
-0.248367309570313 0.00660705566406248 0.0365219116210937 -0.10626220703125
-0.186248779296875 0.138641357421875 0.069915771484375 -0.101058959960937
-0.20257568359375 0.169326782226563 0.105690002441406 -0.133628845214844
-0.175918579101562 0.21038818359375 0.168167114257813 -0.149032592773438
-0.206039428710937 0.125961303710938 0.251861572265625 -0.075775146484375
-0.268829345703125 0.00210571289062494 0.227615356445312 0.050262451171875
-0.225112915039063 -0.175750732421875 0.13055419921875 0.185226440429688
0.036224365234375 -0.357391357421875 -0.0337066650390625 0.184600830078125
0.2509765625 -0.247482299804688 -0.0976638793945312 0.00551605224609373
0.380950927734375 -0.08416748046875 0.210800170898438 -0.0561981201171875
0.186553955078125 0.113906860351563 0.418609619140625 -0.170684814453125
0.2275390625 0.034149169921875 0.4263916015625 -0.131988525390625
0.184677124023438 -0.151901245117188 0.30010986328125 -0.134857177734375
0.0274810791015625 -0.181716918945313 0.19610595703125 -0.189437866210938
-0.109275817871094 -0.129096984863281 0.107696533203125 -0.162200927734375
-0.157730102539063 0.00482177734375003 0.101821899414062 -0.129615783691406
-0.116355895996094 0.0887908935546875 0.114776611328125 -0.162994384765625
-0.131370544433594 0.113731384277344 0.138671875 -0.191543579101563
-0.124740600585938 0.146942138671875 0.206268310546875 -0.21173095703125
-0.150054931640625 0.0886383056640625 0.299102783203125 -0.1156005859375
-0.197189331054688 -0.00541687011718751 0.269775390625 0.0387115478515625
-0.150802612304688 -0.140274047851562 0.161911010742188 0.17633056640625
0.065521240234375 -0.256500244140625 -0.012542724609375 0.182708740234375
0.222564697265625 -0.1300048828125 -0.0502700805664062 -0.0216064453125
0.259078979492188 0.035369873046875 0.30810546875 -0.05169677734375
-0.06610107421875 -0.115760803222656 -0.3426513671875 0.09771728515625
-0.119491577148438 0.0273895263671875 -0.000686645507812509 0.0583419799804688
-0.0404586791992187 0.103904724121094 0.0212249755859375 -0.188308715820313
0.0610809326171875 0.0711212158203125 -0.182159423828125 -0.221206665039063
0.09210205078125 0.00537872314453125 -0.301788330078125 -0.0781249999999999
0.0580062866210938 -0.0523147583007812 -0.3319091796875 0.120086669921875
0.0283393859863281 -0.0396080017089844 -0.217727661132812 0.25811767578125
0.034271240234375 -0.0275650024414063 -0.144943237304688 0.237686157226563
0.0347003936767578 -0.0249729156494141 -0.110488891601563 0.20135498046875
0.0225830078125 -7.2479248046875E-05 -0.128799438476562 0.16748046875
-0.000476837158203126 0.031524658203125 -0.12091064453125 0.173965454101562
-0.0543289184570313 0.0425567626953125 -0.182510375976562 0.186248779296875
-0.0850372314453125 -0.0483322143554688 -0.309051513671875 0.125274658203125
-0.0630874633789062 -0.134086608886719 -0.395599365234375 0.1624755859375
-0.010528564453125 -0.174575805664063 -0.44342041015625 0.169097900390625
0.109954833984375 -0.193283081054688 -0.34918212890625 0.0506896972656251
-0.011932373046875 -0.0948562622070312 -0.00428390502929688 0.0455703735351562
-0.0387115478515625 -0.0555648803710938 0.033172607421875 -0.2110595703125
-0.0167388916015625 -0.0231399536132813 -0.176605224609375 -0.255615234375
-0.0225505828857422 -0.0185260772705078 -0.312530517578125 -0.1136474609375
-0.0330390930175781 -0.00612258911132813 -0.340423583984375 0.10589599609375
-0.0414009094238281 0.0413093566894531 -0.216049194335937 0.25213623046875
-0.0542945861816406 0.0513687133789063 -0.137527465820313 0.227005004882812
-0.0494194030761719 0.0526084899902344 -0.095306396484375 0.201187133789063
-0.076141357421875 0.0204315185546875 -0.0982666015625 0.1719970703125
-0.103126525878906 -0.020538330078125 -0.0899658203125 0.178619384765625
-0.1114501953125 -0.0804977416992188 -0.156158447265625 0.214157104492187
-0.016387939453125 -0.19818115234375 -0.278167724609375 0.154739379882812
0.074798583984375 -0.226531982421875 -0.361663818359375 0.181793212890625
0.182144165039062 -0.23480224609375 -0.40350341796875 0.154541015625
0.28802490234375 -0.22998046875 -0.297576904296875 -0.012664794921875
0.130950927734375 -0.195968627929688 0.0256843566894531 0.012186050415039
-0.00209045410156251 -0.23089599609375 0.066864013671875 -0.237777709960938
-0.0833740234375 -0.146041870117187 -0.14654541015625 -0.293212890625
-0.141403198242188 -0.0666046142578125 -0.29541015625 -0.158843994140625
-0.132881164550781 0.0271453857421875 -0.318603515625 0.0717468261718749
-0.112678527832031 0.112403869628906 -0.190689086914062 0.21270751953125
-0.135543823242188 0.124687194824219 -0.10601806640625 0.184371948242188
-0.120124816894531 0.131629943847656 -0.0543365478515625 0.167495727539062
-0.157379150390625 0.0589447021484375 -0.03515625 0.153732299804688
-0.199508666992188 -0.035186767578125 -0.029449462890625 0.17657470703125
-0.186721801757813 -0.159988403320313 -0.099365234375 0.242813110351563
-0.000885009765625015 -0.32611083984375 -0.2283935546875 0.19140625
0.15997314453125 -0.31610107421875 -0.308929443359375 0.18707275390625
0.328582763671875 -0.28277587890625 -0.30926513671875 0.129241943359375
0.43096923828125 -0.216217041015625 -0.183456420898437 -0.0792083740234375
0.28167724609375 -0.2510986328125 0.09326171875 -0.0328369140625
0.07098388671875 -0.38372802734375 0.118988037109375 -0.255218505859375
-0.116531372070312 -0.274688720703125 -0.086944580078125 -0.318878173828125
-0.236862182617187 -0.134078979492187 -0.238922119140625 -0.201690673828125
-0.222946166992188 0.04150390625 -0.2618408203125 0.02294921875
-0.174057006835937 0.161102294921875 -0.140090942382813 0.146957397460937
-0.195968627929687 0.181015014648438 -0.058502197265625 0.114860534667969
-0.16717529296875 0.19921875 0.000640869140625001 0.104454040527344
-0.209487915039062 0.1046142578125 0.0423507690429687 0.109626770019531
-0.27105712890625 -0.018951416015625 0.0439605712890625 0.15380859375
-0.253875732421875 -0.19097900390625 -0.027679443359375 0.24859619140625
-0.01922607421875 -0.408355712890625 -0.16632080078125 0.21270751953125
0.199554443359375 -0.375 -0.2493896484375 0.165313720703125
0.4185791015625 -0.301971435546875 -0.184814453125 0.0824432373046875
0.50146484375 -0.156768798828125 -0.0225982666015625 -0.135078430175781
0.395416259765625 -0.24078369140625 0.1876220703125 -0.0771942138671875
0.1619873046875 -0.45953369140625 0.183792114257813 -0.248123168945313
-0.10516357421875 -0.364288330078125 -0.00396728515624998 -0.31488037109375
-0.28204345703125 -0.19488525390625 -0.1480712890625 -0.221694946289063
-0.279830932617188 0.0385894775390625 -0.170623779296875 -0.029541015625
-0.20928955078125 0.181503295898438 -0.0726852416992188 0.0632247924804688
-0.226669311523438 0.209915161132813 -0.00329208374023439 0.0307750701904297
-0.187896728515625 0.239044189453125 0.0583839416503906 0.0210762023925781
-0.230056762695313 0.139022827148437 0.117630004882812 0.0450515747070313
-0.304718017578125 0.00543212890625003 0.113929748535156 0.114151000976563
-0.286102294921875 -0.190643310546875 0.04095458984375 0.230361938476562
-0.02935791015625 -0.43212890625 -0.10784912109375 0.209945678710937
0.216400146484375 -0.3824462890625 -0.1937255859375 0.117752075195312
0.4498291015625 -0.277557373046875 -0.0493392944335937 0.0244941711425781
0.47894287109375 -0.07171630859375 0.153549194335938 -0.168380737304687
0.42376708984375 -0.1715087890625 0.28814697265625 -0.108306884765625
0.227996826171875 -0.43133544921875 0.241470336914063 -0.215225219726563
-0.05938720703125 -0.37640380859375 0.082794189453125 -0.277877807617188
-0.265411376953125 -0.21856689453125 -0.0446014404296875 -0.213546752929688
-0.285736083984375 0.026763916015625 -0.0638046264648438 -0.0742568969726563
-0.210037231445312 0.172271728515625 0.000482559204101551 -0.0250415802001953
-0.223785400390625 0.206649780273438 0.0510826110839844 -0.0559921264648437
-0.184814453125 0.243759155273438 0.110679626464844 -0.0681304931640625
-0.223602294921875 0.14764404296875 0.18389892578125 -0.0247344970703125
-0.2984619140625 0.01666259765625 0.173248291015625 0.0723876953125
-0.273025512695312 -0.17877197265625 0.0950927734375 0.201644897460938
-0.01507568359375 -0.40875244140625 -0.06109619140625 0.194549560546875
0.2296142578125 -0.335357666015625 -0.14447021484375 0.060150146484375
0.430572509765625 -0.203125 0.082305908203125 -0.0287017822265625
0.364288330078125 0.0179443359375 0.30560302734375 -0.180999755859375
0.3577880859375 -0.074554443359375 0.367523193359375 -0.126220703125
0.22998046875 -0.31341552734375 0.276763916015625 -0.171096801757813
-0.01123046875 -0.303192138671875 0.1483154296875 -0.226272583007813
-0.201141357421875 -0.189346313476562 0.045074462890625 -0.186782836914063
-0.238265991210938 0.0173492431640625 0.0322723388671875 -0.108169555664063
-0.173202514648438 0.140029907226562 0.0634841918945313 -0.104850769042969
-0.18609619140625 0.173721313476563 0.094573974609375 -0.133934020996094
-0.15826416015625 0.210830688476562 0.154251098632813 -0.151260375976563
-0.193328857421875 0.128280639648438 0.239044189453125 -0.0855560302734375
-0.257888793945313 0.0137481689453125 0.222991943359375 0.0406951904296875
-0.223388671875 -0.15960693359375 0.135574340820313 0.175949096679688
0.017730712890625 -0.346435546875 -0.027862548828125 0.180404663085937
0.231643676757813 -0.2493896484375 -0.097503662109375 0.011138916015625
0.36376953125 -0.09674072265625 0.1998291015625 -0.061065673828125
0.186492919921875 0.101165771484375 0.400360107421875 -0.179595947265625
0.220657348632813 0.0230255126953125 0.408416748046875 -0.140289306640625
0.16925048828125 -0.153366088867188 0.286468505859375 -0.139251708984375
0.019256591796875 -0.175643920898438 0.18353271484375 -0.189346313476563
-0.110763549804688 -0.11883544921875 0.099700927734375 -0.162216186523438
-0.15185546875 0.0121307373046875 0.094757080078125 -0.13330078125
-0.107490539550781 0.089141845703125 0.10302734375 -0.165420532226563
-0.120643615722656 0.116416931152344 0.12347412109375 -0.191940307617187
-0.111343383789063 0.147216796875 0.187881469726563 -0.2137451171875
-0.140357971191406 0.09112548828125 0.281585693359375 -0.125946044921875
-0.189468383789063 0.00289916992187504 0.264663696289063 0.0280609130859375
-0.150146484375 -0.12835693359375 0.164337158203125 0.165740966796875
0.050262451171875 -0.24957275390625 -0.00808715820312498 0.177627563476562
0.208297729492188 -0.135482788085938 -0.0533866882324219 -0.0164375305175781
0.251266479492188 0.0235137939453125 0.294281005859375 -0.059295654296875
-0.0683517456054688 -0.11212158203125 -0.333221435546875 0.106048583984375
-0.115165710449219 0.0312728881835938 0.00346374511718749 0.0576438903808594
-0.035675048828125 0.103256225585938 0.01739501953125 -0.18804931640625
0.060760498046875 0.0670318603515625 -0.185577392578125 -0.213607788085937
0.0907211303710938 0.00185394287109375 -0.302337646484375 -0.0690612792968749
0.0542182922363281 -0.0526809692382813 -0.324920654296875 0.130950927734375
0.0256462097167969 -0.0387382507324219 -0.20404052734375 0.264373779296875
0.0319595336914063 -0.0275402069091797 -0.131179809570313 0.240036010742188
0.0311355590820313 -0.0243320465087891 -0.1019287109375 0.203140258789063
0.0197601318359375 0.000379562377929687 -0.123153686523438 0.172271728515625
-0.000677108764648435 0.0306549072265625 -0.114303588867188 0.176651000976562
-0.0507888793945313 0.042266845703125 -0.176254272460938 0.188644409179687
-0.084625244140625 -0.0463943481445313 -0.30230712890625 0.1298828125
-0.0662765502929688 -0.127792358398438 -0.385467529296875 0.168701171875
-0.0141754150390625 -0.170135498046875 -0.433624267578125 0.1749267578125
0.103378295898437 -0.194137573242188 -0.340179443359375 0.0605468749999999
-0.0135574340820313 -0.0928192138671875 0.00107955932617188 0.0446815490722656
-0.0399551391601562 -0.0547409057617188 0.029449462890625 -0.209686279296875
-0.0181541442871094 -0.0240097045898438 -0.18109130859375 -0.246688842773437
-0.0230064392089844 -0.0175189971923828 -0.31365966796875 -0.10418701171875
-0.0340595245361328 -0.00482749938964843 -0.33404541015625 0.116058349609375
-0.0401191711425781 0.043792724609375 -0.202728271484375 0.257644653320313
-0.0520477294921875 0.0543174743652344 -0.124923706054688 0.229934692382813
-0.0486717224121094 0.0548858642578125 -0.085601806640625 0.202606201171875
-0.0769729614257812 0.0228271484375 -0.0918731689453125 0.175765991210938
-0.1046142578125 -0.0174713134765625 -0.0842132568359375 0.18182373046875
-0.11163330078125 -0.0769729614257812 -0.147109985351563 0.217483520507813
-0.022613525390625 -0.196258544921875 -0.271133422851562 0.15887451171875
0.067626953125 -0.223968505859375 -0.35076904296875 0.1881103515625
0.173904418945313 -0.235183715820313 -0.39361572265625 0.160858154296875
0.27728271484375 -0.236175537109375 -0.289154052734375 -0.00357055664062504
0.123886108398437 -0.197235107421875 0.0309677124023438 0.0114002227783203
-0.01068115234375 -0.228469848632812 0.0621185302734375 -0.2357177734375
-0.0870513916015625 -0.142745971679688 -0.151275634765625 -0.285369873046875
-0.141754150390625 -0.06097412109375 -0.29827880859375 -0.1497802734375
-0.131019592285156 0.030426025390625 -0.313323974609375 0.0803833007812501
-0.108055114746094 0.114845275878906 -0.179214477539063 0.215652465820312
-0.128662109375 0.1300048828125 -0.0960693359375 0.186782836914062
-0.114295959472656 0.13543701171875 -0.0464630126953125 0.16864013671875
-0.154800415039063 0.0628204345703125 -0.030364990234375 0.154815673828125
-0.200027465820313 -0.0290069580078125 -0.02374267578125 0.1776123046875
-0.189529418945312 -0.15289306640625 -0.08935546875 0.244094848632813
-0.01263427734375 -0.323760986328125 -0.221572875976563 0.194015502929688
0.14971923828125 -0.315399169921875 -0.299285888671875 0.192047119140625
0.317230224609375 -0.288421630859375 -0.302215576171875 0.133514404296875
0.41790771484375 -0.228271484375 -0.178619384765625 -0.072479248046875
0.270523071289063 -0.256576538085938 0.0959320068359375 -0.0343475341796875
0.055816650390625 -0.380523681640625 0.11383056640625 -0.252975463867188
-0.124221801757812 -0.268600463867188 -0.092926025390625 -0.310882568359375
-0.23931884765625 -0.123748779296875 -0.243423461914063 -0.192459106445313
-0.219497680664063 0.046844482421875 -0.257659912109375 0.030303955078125
-0.166152954101563 0.164474487304687 -0.132659912109375 0.14801025390625
-0.185760498046875 0.1881103515625 -0.05279541015625 0.116302490234375
-0.157638549804687 0.203414916992188 0.00534057617187498 0.103965759277344
-0.204376220703125 0.109817504882813 0.0446014404296875 0.107170104980469
-0.269577026367188 -0.00973510742187499 0.0481719970703125 0.1527099609375
-0.257293701171875 -0.18157958984375 -0.01708984375 0.24859619140625
-0.032989501953125 -0.40362548828125 -0.160781860351562 0.214431762695312
0.185821533203125 -0.375885009765625 -0.242233276367187 0.170562744140625
0.4039306640625 -0.31048583984375 -0.180862426757812 0.085723876953125
0.490875244140625 -0.171722412109375 -0.0212554931640625 -0.130950927734375
0.381927490234375 -0.24957275390625 0.188140869140625 -0.080322265625
0.14324951171875 -0.459014892578125 0.177642822265625 -0.246688842773438
-0.114501953125 -0.357421875 -0.01092529296875 -0.308502197265625
-0.285400390625 -0.18182373046875 -0.153976440429688 -0.216384887695313
-0.275527954101563 0.0453033447265625 -0.16925048828125 -0.02593994140625
-0.200454711914063 0.185409545898437 -0.0687370300292969 0.06201171875
-0.214859008789062 0.218521118164063 -0.0015544891357422 0.0308094024658203
-0.176101684570312 0.24322509765625 0.0595626831054687 0.0195236206054688
-0.22259521484375 0.143356323242187 0.116775512695312 0.0401763916015625
-0.300750732421875 0.015045166015625 0.1170654296875 0.111442565917969
-0.288177490234375 -0.180450439453125 0.05078125 0.228240966796875
-0.04583740234375 -0.4259033203125 -0.103042602539063 0.211410522460938
0.20123291015625 -0.384246826171875 -0.189422607421875 0.123138427734375
0.43603515625 -0.287017822265625 -0.0490188598632812 0.0256462097167969
0.470794677734375 -0.087615966796875 0.151107788085938 -0.168655395507813
0.41204833984375 -0.182464599609375 0.28460693359375 -0.113800048828125
0.207427978515625 -0.43072509765625 0.234603881835938 -0.21533203125
-0.069061279296875 -0.369049072265625 0.075592041015625 -0.274627685546875
-0.269088745117188 -0.20574951171875 -0.0496826171875 -0.211273193359375
-0.28057861328125 0.03515625 -0.064788818359375 -0.0745162963867187
-0.201187133789063 0.176223754882812 -0.000690460205078138 -0.0276565551757812
-0.2115478515625 0.213363647460938 0.0477294921875 -0.0574111938476562
-0.171646118164063 0.246490478515625 0.106903076171875 -0.0707473754882812
-0.214736938476563 0.150802612304688 0.179412841796875 -0.0313720703125
-0.29296875 0.0267333984375 0.174240112304687 0.06787109375
-0.27410888671875 -0.167694091796875 0.102951049804688 0.197021484375
-0.02947998046875 -0.4024658203125 -0.0574798583984375 0.194900512695312
0.216156005859375 -0.338043212890625 -0.14312744140625 0.065826416015625
0.418853759765625 -0.213775634765625 0.0790939331054688 -0.0299301147460938
0.360748291015625 0.00433349609375 0.299560546875 -0.184234619140625
0.348602294921875 -0.084747314453125 0.361846923828125 -0.1322021484375
0.213897705078125 -0.315460205078125 0.270523071289063 -0.173828125
-0.020416259765625 -0.299041748046875 0.141510009765625 -0.225418090820313
-0.204864501953125 -0.17926025390625 0.0395355224609375 -0.187026977539062
-0.234725952148437 0.025482177734375 0.029052734375 -0.111213684082031
-0.166305541992188 0.142578125 0.0584487915039062 -0.10888671875
-0.175582885742188 0.1795654296875 0.0878448486328125 -0.135818481445313
-0.14654541015625 0.212966918945313 0.14654541015625 -0.154098510742187
-0.185333251953125 0.132186889648438 0.230545043945312 -0.0927886962890625
-0.253219604492188 0.0221405029296875 0.22320556640625 0.03497314453125
-0.224197387695312 -0.1505126953125 0.141616821289063 0.170700073242187
0.00448608398437496 -0.341278076171875 -0.02520751953125 0.179794311523438
0.219284057617188 -0.253692626953125 -0.0987319946289062 0.0161285400390625
0.355499267578125 -0.107208251953125 0.194305419921875 -0.0637054443359375
0.186569213867187 0.0916900634765625 0.393402099609375 -0.1849365234375
0.215499877929688 0.0159454345703125 0.39990234375 -0.147125244140625
0.158645629882813 -0.15570068359375 0.281036376953125 -0.14300537109375
0.0140838623046875 -0.173080444335938 0.177932739257812 -0.191131591796875
-0.113204956054687 -0.112503051757813 0.094390869140625 -0.164596557617188
-0.148666381835938 0.0173797607421875 0.0890274047851562 -0.138694763183594
-0.102813720703125 0.0906448364257813 0.0947113037109375 -0.169906616210938
-0.112533569335938 0.119239807128906 0.11334228515625 -0.193344116210937
-0.102401733398438 0.14825439453125 0.175811767578125 -0.217437744140625
-0.134811401367188 0.093017578125 0.271743774414063 -0.134017944335938
-0.185150146484375 0.00846862792968753 0.262939453125 0.0212860107421875
-0.150070190429688 -0.121490478515625 0.168533325195313 0.15972900390625
0.039276123046875 -0.246566772460938 -0.00537109375000001 0.176422119140625
0.199050903320313 -0.139984130859375 -0.0558013916015625 -0.011993408203125
0.2479248046875 0.0156402587890625 0.287750244140625 -0.06475830078125
-0.0726852416992188 -0.109230041503906 -0.329254150390625 0.118621826171875
-0.111846923828125 0.0363693237304688 0.00912857055664062 0.0579071044921875
-0.03070068359375 0.104148864746094 0.011932373046875 -0.190139770507813
0.0623817443847656 0.0638542175292969 -0.193740844726562 -0.20794677734375
0.0905380249023438 -0.0031280517578125 -0.308197021484375 -0.057525634765625
0.0505905151367188 -0.0542945861816406 -0.322296142578125 0.146514892578125
0.0232315063476563 -0.0378875732421875 -0.189483642578125 0.274703979492188
0.0306110382080078 -0.0275363922119141 -0.118209838867187 0.247543334960938
0.0289783477783203 -0.0238742828369141 -0.0926666259765625 0.209671020507813
0.0178585052490234 0.0008697509765625 -0.116531372070313 0.18231201171875
-0.00105476379394531 0.0301742553710938 -0.10797119140625 0.1846923828125
-0.048431396484375 0.042755126953125 -0.169906616210938 0.196075439453125
-0.0866546630859375 -0.043487548828125 -0.2998046875 0.138671875
-0.071044921875 -0.123298645019531 -0.37823486328125 0.18109130859375
-0.019775390625 -0.16864013671875 -0.431640625 0.187713623046875
0.0970458984375 -0.199020385742187 -0.33642578125 0.07330322265625
-0.015777587890625 -0.0922622680664063 0.00653076171875 0.0443763732910156
-0.0429153442382812 -0.053741455078125 0.023284912109375 -0.212677001953125
-0.0206527709960938 -0.0246009826660156 -0.190017700195312 -0.241714477539063
-0.0244503021240234 -0.0175571441650391 -0.322296142578125 -0.0920104980468749
-0.0356178283691406 -0.00331878662109375 -0.33172607421875 0.13201904296875
-0.0388717651367187 0.0466804504394531 -0.19049072265625 0.267501831054688
-0.0502777099609375 0.0590744018554688 -0.11151123046875 0.237518310546875
-0.0477447509765625 0.0587959289550781 -0.075958251953125 0.208343505859375
-0.0782546997070313 0.0269622802734375 -0.08526611328125 0.183074951171875
-0.107582092285156 -0.0129852294921875 -0.0779266357421875 0.188766479492188
-0.115318298339844 -0.0748748779296875 -0.138763427734375 0.22393798828125
-0.030548095703125 -0.197067260742188 -0.269378662109375 0.167861938476562
0.0601806640625 -0.2257080078125 -0.343994140625 0.200225830078125
0.167617797851563 -0.242263793945313 -0.39178466796875 0.173828125
0.269805908203125 -0.247772216796875 -0.2877197265625 0.00729370117187501
0.116607666015625 -0.203018188476563 0.0358543395996094 0.00970077514648436
-0.0218505859375 -0.229339599609375 0.0560760498046875 -0.2391357421875
-0.09356689453125 -0.141647338867188 -0.162307739257812 -0.280105590820313
-0.144866943359375 -0.0551605224609375 -0.30816650390625 -0.1390380859375
-0.13104248046875 0.0357742309570313 -0.3128662109375 0.09368896484375
-0.104156494140625 0.120773315429688 -0.16943359375 0.225265502929688
-0.123130798339844 0.138916015625 -0.08587646484375 0.192108154296875
-0.1090087890625 0.142807006835938 -0.0376129150390625 0.172653198242188
-0.154586791992188 0.0697174072265625 -0.0247039794921875 0.159149169921875
-0.204208374023437 -0.0200653076171875 -0.0169677734375 0.182510375976563
-0.197235107421875 -0.147476196289063 -0.0784149169921875 0.24981689453125
-0.026336669921875 -0.326019287109375 -0.218551635742187 0.203720092773437
0.13800048828125 -0.32159423828125 -0.293121337890625 0.20367431640625
0.30902099609375 -0.3013916015625 -0.30047607421875 0.143798828125
0.4139404296875 -0.245513916015625 -0.17779541015625 -0.0653228759765625
0.261199951171875 -0.269729614257813 0.0997467041015625 -0.0379638671875
0.037017822265625 -0.384368896484375 0.10711669921875 -0.25701904296875
-0.135604858398438 -0.265869140625 -0.10321044921875 -0.308135986328125
-0.24578857421875 -0.113510131835938 -0.254898071289063 -0.184539794921875
-0.2191162109375 0.0557098388671875 -0.258773803710938 0.0403594970703125
-0.160263061523437 0.173095703125 -0.125823974609375 0.1536865234375
-0.1771240234375 0.199951171875 -0.045135498046875 0.119705200195313
-0.14794921875 0.212326049804688 0.0118179321289062 0.105445861816406
-0.201126098632812 0.118438720703125 0.0489349365234375 0.107437133789063
-0.272308349609375 0.00213623046875001 0.0550537109375 0.153961181640625
-0.2667236328125 -0.1727294921875 -0.00485229492187501 0.251724243164063
-0.052490234375 -0.404266357421875 -0.156143188476563 0.221939086914062
0.172698974609375 -0.383941650390625 -0.237228393554688 0.1806640625
0.39495849609375 -0.329315185546875 -0.180374145507812 0.0921630859375
0.488250732421875 -0.19232177734375 -0.02203369140625 -0.130722045898438
0.372222900390625 -0.2666015625 0.189727783203125 -0.0872650146484375
0.121124267578125 -0.466156005859375 0.171524047851562 -0.252609252929688
-0.1287841796875 -0.355224609375 -0.020233154296875 -0.308349609375
-0.2955322265625 -0.169708251953125 -0.164840698242188 -0.21240234375
-0.2752685546875 0.0565032958984375 -0.171051025390625 -0.0212860107421875
-0.193801879882813 0.194107055664062 -0.0668869018554688 0.0631332397460938
-0.203948974609375 0.230453491210938 0.000152587890624985 0.0312957763671875
-0.164794921875 0.252365112304688 0.0610885620117187 0.0175590515136719
-0.217529296875 0.152328491210937 0.118125915527344 0.0355682373046875
-0.300811767578125 0.0283203125 0.122795104980469 0.109329223632813
-0.29766845703125 -0.1693115234375 0.062835693359375 0.228790283203125
-0.065704345703125 -0.425933837890625 -0.098236083984375 0.216644287109375
0.18798828125 -0.39398193359375 -0.187362670898438 0.132369995117188
0.427154541015625 -0.3050537109375 -0.0486526489257812 0.0282363891601562
0.47039794921875 -0.10894775390625 0.149124145507813 -0.174087524414062
0.404449462890625 -0.200775146484375 0.28631591796875 -0.123046875
0.18707275390625 -0.441497802734375 0.23016357421875 -0.221755981445313
-0.08349609375 -0.368438720703125 0.0685577392578125 -0.276565551757813
-0.27960205078125 -0.194290161132812 -0.0596771240234375 -0.211593627929688
-0.280670166015625 0.0469207763671875 -0.0681686401367188 -0.0749359130859375
-0.194046020507813 0.184234619140625 -0.00217247009277345 -0.0308742523193359
-0.200637817382812 0.226058959960938 0.0452766418457031 -0.0594902038574219
-0.1593017578125 0.254608154296875 0.104759216308594 -0.0760726928710937
-0.209121704101563 0.159393310546875 0.177047729492188 -0.0395050048828125
-0.292236328125 0.03912353515625 0.1796875 0.0624847412109375
-0.282257080078125 -0.156707763671875 0.114303588867187 0.194869995117188
-0.048736572265625 -0.40240478515625 -0.053253173828125 0.1995849609375
0.202789306640625 -0.348785400390625 -0.144195556640625 0.073822021484375
0.41351318359375 -0.23211669921875 0.0780715942382813 -0.0318374633789063
0.36236572265625 -0.0113525390625 0.297760009765625 -0.19451904296875
0.34515380859375 -0.09912109375 0.360137939453125 -0.14422607421875
0.198455810546875 -0.323638916015625 0.267349243164063 -0.181549072265625
-0.032257080078125 -0.299407958984375 0.136123657226563 -0.230300903320313
-0.213775634765625 -0.170150756835937 0.031951904296875 -0.19134521484375
-0.233566284179688 0.0355224609375 0.0246658325195312 -0.116523742675781
-0.15997314453125 0.149459838867188 0.0524139404296875 -0.115257263183594
-0.166183471679687 0.188751220703125 0.080902099609375 -0.140350341796875
-0.135391235351562 0.21929931640625 0.139251708984375 -0.161911010742188
-0.180068969726562 0.139297485351563 0.226486206054688 -0.10369873046875
-0.251266479492188 0.0326080322265625 0.227096557617187 0.0276031494140625
-0.2301025390625 -0.142257690429688 0.150527954101562 0.167388916015625
-0.01123046875 -0.34173583984375 -0.021240234375 0.182785034179687
0.208572387695312 -0.263092041015625 -0.101127624511719 0.0233993530273437
0.353973388671875 -0.122314453125 0.19293212890625 -0.069915771484375
0.19171142578125 0.0821380615234375 0.38897705078125 -0.198272705078125
0.214935302734375 0.007232666015625 0.3956298828125 -0.160369873046875
0.150009155273437 -0.161758422851563 0.278457641601563 -0.152420043945313
0.00692749023437501 -0.174102783203125 0.17327880859375 -0.197418212890625
-0.118621826171875 -0.1068115234375 0.0891265869140625 -0.171035766601563
-0.147018432617188 0.0244903564453125 0.084625244140625 -0.146087646484375
-0.0991668701171875 0.0944595336914063 0.08612060546875 -0.177886962890625
-0.106094360351562 0.124053955078125 0.103164672851563 -0.19879150390625
-0.0936126708984375 0.152191162109375 0.16534423828125 -0.225601196289063
-0.130905151367188 0.0987701416015625 0.26580810546875 -0.146377563476562
-0.183868408203125 0.016204833984375 0.266738891601562 0.0113525390625
-0.154037475585937 -0.115524291992188 0.175323486328125 0.153671264648438
0.028045654296875 -0.246978759765625 -0.00154113769531249 0.178558349609375
0.193115234375 -0.14837646484375 -0.0596237182617187 -0.00670623779296875
0.24908447265625 0.005035400390625 0.28631591796875 -0.074951171875
-0.0127608742672148 0.0964479592329401 -0.269029310088569 -0.206169164000037
0.0976149243583884 0.0592256470055903 -0.0391217724617103 0.0177725777595893
0.10757960241611 -0.0197788658011655 0.164387332299546 -0.11115519519084
0.0284496940570502 -0.081100562806575 0.0627801508237305 -0.272005410470162
-0.0387404162604537 -0.0604000688276738 -0.128995273269731 -0.300563636994346
-0.0363875219777683 -0.0139711174489626 -0.27612533972506 -0.206332114620618
-0.0335387596587029 -0.01713024373669 -0.326256446521425 -0.0649251872339639
-0.0334028490914249 -0.0218995646130764 -0.291362729562711 0.0183709076645831
-0.0249958718106686 -0.0220426849983276 -0.234471982401522 0.0103547331599191
-0.00536788396229407 -0.0255297290258939 -0.214785378636763 -0.00504980814037852
0.0298345859219428 -0.0277103928386959 -0.228199461779054 -0.00766263932879972
0.074625577458126 0.00334144256531102 -0.263328528876171 -0.0652207140958617
0.0573791194840686 0.083899984091423 -0.271454245799616 -0.169905501384101
-0.0267773914971651 0.11589573762515 -0.329371525011776 -0.22210496171058
-0.0987901353354765 0.0860027387748726 -0.397217607265376 -0.197091804836896
-0.173454187943162 0.0158134798779936 -0.236245676850985 -0.208533395538588
-0.066563435111299 0.068018815692577 -0.0185292406640683 0.04072431157764
-0.014225868862016 0.0887922371616202 0.228582622985208 -0.0984411599157993
0.0133094556339306 0.0550237122904522 0.127167122242523 -0.295906033256739
0.0389305853498097 0.0345166319460393 -0.0996144967661676 -0.350032077669476
0.056868313385101 0.0199214365500974 -0.268284889465546 -0.237330750950176
0.0741474557289895 -0.00793682445511756 -0.31993018546592 -0.0854142470699094
0.0804027145912547 -0.0215516914884149 -0.283192889002541 0.00888184597804249
0.0892880845759901 -0.00792316605898766 -0.225999390881712 0.0132396442297563
0.0763954963002015 0.0316930026472027 -0.191612865967397 0.00934907418181062
0.0712229709224085 0.0792112264298877 -0.201659992315946 0.016311549763629
0.0164194656596227 0.133037619250861 -0.252081110734855 -0.0138228912363403
-0.0846740452382146 0.15832983331462 -0.270385304596937 -0.113933750167589
-0.183250275163343 0.0802674763510685 -0.336744327501481 -0.166376532295663
-0.251095249866504 -0.0172386198134107 -0.381407922281006 -0.16586932203427
-0.310266852818527 -0.0869748552389327 -0.160724786947533 -0.17949373083732
-0.243254946301687 0.0389238770252103 0.0298365776938758 0.086289834197905
-0.171752529014963 0.18145160863491 0.308845576100538 -0.0586386388345311
-0.0344034859510542 0.20396819219715 0.215499894568989 -0.296212344169596
0.101910184558612 0.15268502674053 -0.0400764811743639 -0.38322636845996
0.14457223702767 0.0702076826936256 -0.225359967553495 -0.253765942075676
0.173006401195415 0.0113165083514472 -0.270882272772316 -0.0995206561250779
0.183279809614808 -0.0197588235761373 -0.231960670478101 0.000825187501311892
0.192771688351843 -0.00469232675314104 -0.177627066294042 0.0209950539006768
0.154970885455336 0.0640715564763752 -0.135925217408273 0.0358814387696838
0.129933356036725 0.152919500740356 -0.154831521352471 0.0603485917016504
0.0048601434287231 0.246498005475731 -0.226674104124927 0.0547752840821163
-0.173387420069026 0.245846114425374 -0.261586584144786 -0.044535357208567
-0.304473956820008 0.0811590186623685 -0.319059755319606 -0.107260065601374
-0.372310584600688 -0.0921122314247001 -0.318918993508111 -0.107723599343563
-0.397138794065099 -0.190441149731714 -0.0487838348613903 -0.110780630401652
-0.394015101897138 -0.0269066789213549 0.0989641493070164 0.152484092240121
-0.338360963778729 0.230183898409201 0.382766901390012 0.0107519569538604
-0.114571897403525 0.332084958991676 0.309008984050972 -0.253559352517488
0.131811841409859 0.27362308307383 0.0443621106727145 -0.374942911432727
0.209430791980552 0.128285218422587 -0.149155289926352 -0.24550250707644
0.245823510394943 0.0365702468589916 -0.185476154230546 -0.0991565149508278
0.258993882441747 -0.0161398906277815 -0.146794448714089 -0.00587244705815697
0.269602908616036 -0.0106337027737153 -0.0966631172702805 0.027894436093286
0.218913493682644 0.0721481196895685 -0.0557899084614254 0.0615108053063108
0.189472042366066 0.186425781410456 -0.087884892851594 0.103784443985078
0.0242132434232157 0.320385826837997 -0.179076189539098 0.119438072831512
-0.209472782308074 0.318038847871017 -0.235157530095608 0.0205540333217973
-0.373795852500614 0.0952918408504631 -0.273119384508772 -0.06387904266391
-0.442777194228159 -0.1415001103559 -0.217521974856833 -0.0449406041701929
-0.412004983550556 -0.268706014481259 0.0824019929432537 -0.0112848101012468
-0.471002775566973 -0.110740458814824 0.174207308069015 0.22784169422354
-0.461607820195572 0.212275083818391 0.422619988179333 0.101710387863169
-0.201003801291538 0.391250373280578 0.373208518748845 -0.166188367417495
0.120353732120229 0.354241441565666 0.132391769937213 -0.315256378210282
0.236169490428677 0.174474639543066 -0.0505387409288125 -0.204701504174138
0.279787195135393 0.0599561972982822 -0.0768624743509263 -0.0845466667439154
0.295982726671791 -0.010885847952577 -0.0413326606279758 -0.0111207276268835
0.308175167269493 -0.0159763199457322 0.00366743140600431 0.0291425031096684
0.252344676396201 0.066864675975158 0.0372738558261482 0.0789479866555186
0.224428836560932 0.190087125015016 -0.0118421083023719 0.137565989723344
0.0423395216571881 0.343816435801056 -0.119975260793991 0.165436184885179
-0.217400666059688 0.341394082305545 -0.196635706666019 0.0654059101606203
-0.392905184906909 0.0945201446040451 -0.208440086600771 -0.0437929298729438
-0.447202026489848 -0.171707892935722 -0.0933020364901725 0.0129449101820517
-0.35556232358012 -0.290749109772425 0.208589117732589 0.0988791441993137
-0.445406862937213 -0.173304353657403 0.240586738455699 0.294323447119298
-0.485516907525518 0.141574311984463 0.413359416849722 0.184308236058968
-0.252906683060728 0.36194955613316 0.389164625959167 -0.0576878807036599
0.0818019740222727 0.36350973148173 0.195995009982895 -0.215230463255778
0.221298263133431 0.188513154042594 0.0474740998940405 -0.139019100523175
0.267556183681186 0.0713900838656534 0.0359534354006772 -0.0589600714290766
0.288208541071669 -0.00311780521612821 0.0672543987712551 -0.0144827587496113
0.301389318209004 -0.0159541538841372 0.10737477712975 0.027968499246149
0.250459027345916 0.0608074778509085 0.127503372368326 0.0909872039954897
0.221960236688238 0.177765158544525 0.0581183387995292 0.16631996171488
0.039275504668169 0.325360340360957 -0.0670874470659225 0.195180964850551
-0.216451194866399 0.312528878112868 -0.160288318628616 0.0909604338777932
-0.370580451144543 0.0590213578978739 -0.14169704459311 -0.0405203125786955
-0.389161834469993 -0.192821112435649 0.0288460522385265 0.064739947679338
-0.237029570344572 -0.252704344819251 0.306815893902805 0.189837029469778
-0.332836647906672 -0.188195333763051 0.288099128009157 0.329487017600033
-0.402053307359115 0.0587548581975665 0.368310177809571 0.230436599256761
-0.237589684694775 0.26418201041894 0.358422829227511 0.0321890594810458
0.0394620923024659 0.296687910950066 0.225380215810568 -0.109654086722434
0.172534352843424 0.163189120725881 0.12640244800816 -0.069477549213417
0.215150091595506 0.0662268040670908 0.134211866253878 -0.0312956288081648
0.236809908597132 0.00343731761956129 0.163800632184584 -0.0171250865208202
0.252348786796507 -0.00975852072286279 0.201432182367347 0.0258268163236935
0.213454827468094 0.0567187684209922 0.204708917165666 0.105282353393688
0.185381841049372 0.154153854860236 0.112576183087562 0.196083718024259
0.0164661644780171 0.272360944871084 -0.0315447894049913 0.216934228692412
-0.207057213014574 0.243729787055542 -0.136098191971612 0.106685389065799
-0.312949048837742 0.00559767237631898 -0.0830070647917114 -0.0379368237814037
-0.280435086694701 -0.200826533397565 0.132268288787851 0.115931346680792
-0.0794380907203938 -0.164163513712809 0.364219018516176 0.235264372057389
-0.165912318775236 -0.15055599960133 0.3211811332651 0.319774570428983
-0.241462455053388 -0.00253176944056564 0.31464855389456 0.228109130916068
-0.163101382418499 0.138003128216164 0.309878526709431 0.0766051440121598
0.00740063483811277 0.18125923266781 0.228360169407115 -0.033359037724782
0.102644889069639 0.106634144075923 0.17636530289865 -0.0177514904333814
0.130883543748105 0.0454485350793159 0.202784106858558 -0.0106732468817016
0.15072510817373 0.00757157170340832 0.232879087152579 -0.0178061597524455
0.167191383229919 -0.000392826493774538 0.273655854106983 0.0298667002959727
0.149329827518798 0.0480470006577774 0.257715041035667 0.126162579399147
0.124858931799209 0.117369193237827 0.142321424403808 0.232356144151445
-0.0114319780142406 0.192344308051526 -0.0202162186308586 0.236488807688792
-0.175512409748021 0.149090218238846 -0.130959642832627 0.117389131946535
-0.2204901585245 -0.0505556412255097 -0.0407935497664434 -0.0303423336672399
-0.13549532301462 -0.185440931280642 0.202506226890107 0.169959201113461
-0.00544737419118711 0.095653623625776 -0.280562304401769 -0.184699796301884
0.0986563915825801 0.0506943354856804 -0.0361365708752682 0.0235716458884803
0.104744310712211 -0.0267848464127564 0.157102096268652 -0.121071820413876
0.0227722424775699 -0.0814643081855368 0.0450242700312364 -0.274578240126227
-0.0432025855019973 -0.0545273815333145 -0.150348268183824 -0.290582845337216
-0.0354291601719408 -0.0113802248623124 -0.290977752071938 -0.185234228554849
-0.0331486458414675 -0.0150537878217346 -0.327907710168729 -0.0377110102988729
-0.0342186876598565 -0.0194298767046434 -0.285487029152671 0.0428227402697094
-0.0246981571253579 -0.0208115371171323 -0.233802890677086 0.0295084418747169
-0.00519812089238991 -0.0254563473328513 -0.215967484812882 0.012377748662428
0.028258110423501 -0.0281205256391777 -0.227755362939852 0.0100746712747802
0.0722638086904718 -0.000269395202751703 -0.2657164303653 -0.0468359227701782
0.0626321529040385 0.0798263282743198 -0.280327841344213 -0.152596050472797
-0.0185723497959798 0.114444294408405 -0.337618794415145 -0.198230896815085
-0.091591467526694 0.0913310936175968 -0.408795629951856 -0.171709666231814
-0.171460898535482 0.0269891250663668 -0.247785597136757 -0.189198537167826
-0.0629727966114078 0.0718760499169297 -0.012958497656607 0.0447606486774103
-0.00754861447959893 0.0900744079195667 0.222082571337641 -0.111683887455761
0.016540426589374 0.0553198007236316 0.107747214069142 -0.302722901382538
0.0410645657653249 0.0328957472919516 -0.125241621962335 -0.3421769549682
0.0591884391830617 0.0162414031076888 -0.285742394404499 -0.21596511783472
0.0744461992270488 -0.0134905561938912 -0.323329531704165 -0.0587585588306456
0.0790928839312905 -0.0287127534464035 -0.278141591557768 0.0332998214525104
0.0904181941652139 -0.0158256698655739 -0.224324739911481 0.0318885111356796
0.0797014194872934 0.0261367895171996 -0.191883994485334 0.0246619869885765
0.0780387636429221 0.0740430104596964 -0.201487301216612 0.0318671850751118
0.0251354143194127 0.132414798381059 -0.250289499828106 0.00459344500839685
-0.0729657578551035 0.16396016008325 -0.276320596111271 -0.096803030449724
-0.176775661971872 0.0903407900065974 -0.343345864988422 -0.143115900433297
-0.251241677488258 -0.000438961211246649 -0.391712542522044 -0.142132523430853
-0.31518612696745 -0.0643930886601827 -0.169476719264685 -0.163961308417569
-0.239858157132977 0.0556687141912715 0.0385425415634927 0.0859687627495201
-0.156232768561708 0.193588946451205 0.304395753347408 -0.0777164014519413
-0.0205528414606865 0.206892778649922 0.195057280568776 -0.307875629377937
0.112721563646079 0.14493478576787 -0.0687840897389534 -0.378569474959956
0.149468543439695 0.0603308377776815 -0.242883650106592 -0.236174622144985
0.172732248522607 -0.00178669799254584 -0.275293623403149 -0.0767155349077722
0.180737722377605 -0.0351901781727625 -0.228754160119903 0.0215289340823031
0.192401784131735 -0.0210062240491078 -0.175099670437451 0.0358659660537316
0.159972388247292 0.0528500172570621 -0.134332832316016 0.0471122128569152
0.142109595358646 0.142564710853115 -0.151765269683768 0.0727657703108916
0.0224291883414144 0.246287176623956 -0.220228681027523 0.0723410908575499
-0.153453352052645 0.258219100492519 -0.264390179752753 -0.0281343826533579
-0.297203432300204 0.100265630710825 -0.323133363035965 -0.0849931383202846
-0.377646036434051 -0.0654183269469936 -0.325467360285132 -0.086821219371166
-0.409418150360972 -0.161196182321285 -0.0541443091686134 -0.103683021752231
-0.392880227752678 0.00108746984283333 0.111417704861497 0.146535732126877
-0.317431713587823 0.254658891054101 0.382029083491565 -0.0137032298677444
-0.0913561669964258 0.339343310901995 0.290376025957502 -0.271313169776016
0.151497089352106 0.261691944397178 0.0151888900933858 -0.377487105189872
0.218002651515195 0.11348385319472 -0.16520135902926 -0.233532311702818
0.247346225529956 0.0179440135312302 -0.190603772834283 -0.0843500564556022
0.256305579445283 -0.0383344620676054 -0.144916553203552 0.00696653725682158
0.267761230627151 -0.0327646053906209 -0.0936002641228563 0.0364260875404143
0.223036676411063 0.0565639897949542 -0.0519119391002437 0.0664925365802351
0.202482687355638 0.171259229933043 -0.0817222516366532 0.111605243251302
0.0481526254796393 0.318273754588246 -0.167479972646981 0.133278582363783
-0.183363682814259 0.331572248471624 -0.234396199381615 0.0346520840424983
-0.365409572976012 0.120846398861184 -0.276318515198648 -0.0443246688449872
-0.450216975626525 -0.108205776916526 -0.219740577279328 -0.0301346981465722
-0.430204503061437 -0.237024490754317 0.0825040540340455 -0.0141402716332144
-0.474231845833782 -0.076126390589114 0.190353424212253 0.215964571255019
-0.440286257351285 0.245158250996018 0.427675102728144 0.0741620343338185
-0.173738643859204 0.404139149550903 0.360307518213904 -0.188083665572093
0.146867520188675 0.342703960370236 0.106778650066004 -0.323906626629281
0.247906986455371 0.156924350988623 -0.0635122662793594 -0.200845987842701
0.28201957800335 0.0384282182422345 -0.0817620313657216 -0.0792339306332657
0.293434862421312 -0.0356718614542248 -0.0410006263469728 -0.00774194164462052
0.303953804602506 -0.0411305981151086 0.00608275540452196 0.029406126930395
0.255425206012798 0.0491206996981225 0.0421029235779156 0.0760163732096746
0.237005302283523 0.172473292524567 -0.0026263998201527 0.140623516035619
0.0665676901802164 0.340190375509124 -0.105949053370886 0.17516583264986
-0.189381023350972 0.355527965341654 -0.193668917100119 0.0774668841614994
-0.383270285317904 0.120769437704245 -0.212237416506474 -0.0286818409784095
-0.45752903431947 -0.138278257051884 -0.0923815067668086 0.0189145384445394
-0.375594690259179 -0.263415536223657 0.214139811367622 0.0854738260969843
-0.453483320289051 -0.14152613344648 0.259711943871278 0.276661783323367
-0.470598278212144 0.177369368102295 0.422805716527445 0.157516680332086
-0.226865072736276 0.377040691004456 0.381972192328478 -0.081006986724853
0.109470506454109 0.353853451781235 0.178115263755037 -0.228843119929664
0.233271699391591 0.171770078468787 0.0390341520068269 -0.142786706139972
0.271199846126185 0.0521229463072396 0.03277287615931 -0.0632296172416139
0.285529778438454 -0.0267848299460386 0.0659200790248963 -0.0202096478073917
0.296992046421267 -0.0406098361948373 0.109032667397303 0.0191460076064995
0.252693197798412 0.0431195732497197 0.133051686502238 0.0810088491533206
0.233342231080343 0.159136677880253 0.0688675570334387 0.163441575518004
0.0619497590323852 0.320867194413099 -0.0518230845122128 0.200501599261495
-0.190983543100315 0.326576531690464 -0.155821800849751 0.100712400238357
-0.362780462344675 0.0854531394176823 -0.14677831652004 -0.0294575344601978
-0.402523331089917 -0.163968899036674 0.0326885967331546 0.0625020970353946
-0.254411714179979 -0.232900119387522 0.317661800458175 0.169673678056315
-0.341549178042726 -0.163461379446628 0.308925619224941 0.307694559504801
-0.39127040991391 0.0886931733952442 0.380185801471511 0.205784596894722
-0.218272560832751 0.278790570360116 0.357934712198054 0.0101987204541477
0.0626191215762218 0.290972702818156 0.215642201705617 -0.126037917135797
0.183369421224184 0.149104892936363 0.122563720079412 -0.0796680631520558
0.218148485305103 0.0492006744408216 0.13216229074302 -0.0439873453848971
0.23525921300797 -0.0162955258387385 0.160319696762277 -0.0306679765794
0.248266381300341 -0.0306901340457782 0.201424268915908 0.00936020825308916
0.216038784825586 0.0408263060097743 0.210290434551616 0.0887114968576303
0.195075854946767 0.138640789078014 0.125986579114481 0.188420612250986
0.0347885410407337 0.269399023480227 -0.0156119341387098 0.218938707815085
-0.185799627151415 0.256503402255538 -0.130886395638402 0.114804843951075
-0.308587806723808 0.0283974680573899 -0.0885104809157148 -0.0313083885757526
-0.293711972368326 -0.17915302783482 0.139638171589911 0.106836520734176
-0.0919252468146087 -0.155505923870301 0.37859924921591 0.210594296859937
-0.17402431282543 -0.137972930088205 0.33772042496249 0.294612991457876
-0.236673545355982 0.0156336169324853 0.326711969921037 0.20587442284004
-0.151952881039878 0.148415672635544 0.313582397051964 0.0569916374758472
0.0216348348982359 0.178106173048765 0.224693046280989 -0.0498573124407961
0.110141579345743 0.0970903701731896 0.17602768278057 -0.0324005511662094
0.132948034793561 0.0361116701960181 0.20091419190981 -0.0290148776517473
0.149558474379553 -0.00418736535756445 0.228632886605823 -0.0372450129504216
0.164387257668113 -0.0137060708284367 0.27241663076642 0.00744996920653691
0.151405025612698 0.0371726363131146 0.264413856749498 0.104482915066298
0.131910296074076 0.106775938071021 0.158736567429795 0.222068193751634
0.00144403935445054 0.191678327608834 -0.0040978902998221 0.237923352347319
-0.1615030959405 0.159143488843157 -0.124927493848229 0.125528701463611
-0.220940895035574 -0.0331576083024355 -0.0464056232540176 -0.0265360191871064
-0.147877330852816 -0.174136177822841 0.213623574285433 0.155277951371781
0.000685973482437586 0.0929056935522977 -0.283266902862088 -0.160265250093133
0.0971298897890818 0.0429291842941071 -0.0317258986806422 0.0277727024000983
0.0990363167328673 -0.0328084003281963 0.147984801643793 -0.126677992916158
0.0170524920590197 -0.0790955468765924 0.028083610886143 -0.271543306242762
-0.0460124931530196 -0.0474656014203766 -0.16578076348044 -0.274484492331178
-0.034095541336412 -0.00869292599526341 -0.298005120182456 -0.160094693358469
-0.0329030564205381 -0.0134876922474689 -0.319385377523496 -0.0118503646714992
-0.0344574198886523 -0.0171808947304728 -0.271544782916531 0.0635054192690133
-0.024163882168259 -0.0194443629902078 -0.226995343411338 0.0470840218114793
-0.00498191946371129 -0.0241608806724485 -0.212023262539444 0.0290051969368175
0.0267670215075654 -0.0283655895252555 -0.222405580025603 0.0254180748454208
0.0692998051798332 -0.00347390728186481 -0.26135280397306 -0.029134291601902
0.0657604796060022 0.0740341917447482 -0.281564940928093 -0.133510610380934
-0.0115709231494673 0.109996360424229 -0.337375387710557 -0.174380653046204
-0.0830110476835563 0.0942228281545632 -0.408113636403267 -0.146443487226749
-0.165330157400062 0.036466028724761 -0.250974143310078 -0.167200323494338
-0.0582883821275271 0.0736642119972426 -0.00714811778478767 0.0464815578056539
-0.00133403703345364 0.0884134957426749 0.211457363074261 -0.12209755776072
0.0196242094899504 0.0551087243086094 0.0878156579695756 -0.301715879387111
0.0420025161882274 0.0309132471673405 -0.144952281169783 -0.326003612125763
0.0598846744547274 0.0122455839617468 -0.294024935397507 -0.191116704650971
0.0716549872735553 -0.0193722262118624 -0.316560343920926 -0.0330641245470341
0.0752730706591841 -0.0352094916252303 -0.265364839544697 0.0543304194030158
0.0880110863582315 -0.0230564206041659 -0.217038189185083 0.0482502761316822
0.080552713184699 0.0204009674940743 -0.187515169050955 0.0400784128862219
0.0826223910275265 0.0676891039197864 -0.194889220324229 0.0462249105941663
0.0326694967955099 0.129713750434312 -0.242661530985952 0.0202136411304836
-0.0595015295832026 0.165582249404799 -0.275594661147352 -0.079716892923504
-0.167620335048358 0.0975392407704452 -0.339771059819987 -0.119529343334243
-0.244775655010048 0.0153051173000972 -0.390783543014661 -0.115717358435731
-0.311017595039642 -0.0428680974135061 -0.173563170984209 -0.146771972408763
-0.230233169953296 0.0689022944720776 0.0455153037773878 0.0828249970447218
-0.138047067048277 0.199220486439537 0.293443936268153 -0.0931116375978301
-0.00750595190510824 0.204937209437526 0.172513183103701 -0.31111263921471
0.119315138459635 0.134674723290718 -0.0932264837294964 -0.36479457486877
0.150211189858187 0.0495558781489083 -0.252882192536569 -0.214233968481491
0.168445077539485 -0.0138478000367241 -0.271224139697206 -0.0542597843632732
0.173898607463923 -0.0488804780103122 -0.218486860473311 0.0388011992216412
0.186561738943872 -0.0358464387575419 -0.167808854841156 0.0489715288638543
0.160093949144814 0.041265485392002 -0.129319989202368 0.0573416872578372
0.149354047089141 0.129324708724688 -0.143952373878761 0.0836109562238658
0.0380199170945305 0.240575123378426 -0.207992780929373 0.0854334532102773
-0.132157298703496 0.262879768567101 -0.260983070588741 -0.0122537448748678
-0.284320954098241 0.115910420372313 -0.317860228601498 -0.0633093949196457
-0.372717941693557 -0.040137248638083 -0.322776313088581 -0.0656892597910472
-0.409469808845315 -0.130468103256088 -0.0576281159197121 -0.0951283411161422
-0.382437013140769 0.0256170047414078 0.119597742663632 0.137023563773547
-0.289682378262994 0.269490826507544 0.37319676347998 -0.0357711632516424
-0.0680038640662743 0.338299199150264 0.266810255852198 -0.280157544205227
0.164876651254656 0.245297145121825 -0.0117074044647634 -0.368804740171576
0.220653459650135 0.0972170072717294 -0.176022460878907 -0.217520426174569
0.242144458295953 0.000451685565895511 -0.190426527514996 -0.0680651755625659
0.247273752977339 -0.057918991126559 -0.138718066386061 0.0185794212158247
0.258527207718644 -0.0535272884806913 -0.0881530206101382 0.0434846985014518
0.221775150411739 0.0401939542342878 -0.0473551612004553 0.0699690515596228
0.209485749251186 0.152961367074011 -0.0731292870429189 0.117344627825325
0.067972804388132 0.3090479009097 -0.153023575430849 0.141358351609347
-0.155679719671552 0.336854573090961 -0.228739632099454 0.0478229180060781
-0.349324676893292 0.141249334689653 -0.271726641532321 -0.0251083127783965
-0.448373445026863 -0.0759360863377799 -0.216682209590627 -0.0161155063101261
-0.43549539331708 -0.200490165058598 0.0806175656906989 -0.0164756792063296
-0.465988740767897 -0.0440089326034455 0.201083439373396 0.199563835237341
-0.409488768985879 0.268209250218908 0.420511663206961 0.047614212391705
-0.145063463916612 0.406737696681848 0.340908445579971 -0.20266460575932
0.167215969544653 0.322963660187982 0.0808653935254949 -0.32243287174211
0.252223402419197 0.13758323359838 -0.0740095514465175 -0.19207222564592
0.277453244042662 0.0183009610041566 -0.0839992934254539 -0.0715841407104666
0.282475937738956 -0.0577132861285756 -0.0397661187531071 -0.00397112703333407
0.29230563411928 -0.0641479100598511 0.0084563982717255 0.0291952832153018
0.251733900141476 0.0308736839662785 0.0451509610165276 0.0721080486265154
0.242744078525775 0.150610290916911 0.00587043147346467 0.140024353956288
0.0889056081841178 0.329168252435644 -0.0899772768421128 0.178808172146036
-0.159564255712713 0.359787321206645 -0.186575091169448 0.0868149390716557
-0.365918623767035 0.142265287978923 -0.210710245600101 -0.0139426457387877
-0.456487111917974 -0.10492642667915 -0.0891765812891297 0.0240812663500105
-0.383796601430022 -0.230710367252986 0.214695268464328 0.0732915078066826
-0.449597379525942 -0.110142783243381 0.269942340490983 0.254184983698047
-0.443671779913706 0.203280467211131 0.421801878006058 0.129710119550009
-0.198071014882436 0.384183702421177 0.3690931665407 -0.100018659472095
0.13124888096073 0.336141668337044 0.157340377860037 -0.234836726919354
0.239667075940028 0.15116751528477 0.0296823588180042 -0.142963421953706
0.268001399275276 0.0317562347816221 0.0280985658143572 -0.0655337111044311
0.275833337258711 -0.0483473555601524 0.0630896021288418 -0.0249856143487101
0.285357056634878 -0.0628809595258022 0.107871894154053 0.0104700998946572
0.248569838897673 0.0249486447413488 0.135116909524132 0.0697554800170117
0.237137967443416 0.138294799420008 0.0785249311559544 0.157344666504515
0.0811521021795824 0.309109870642183 -0.0360172907091455 0.199953945504023
-0.162809407130779 0.331168098041002 -0.149150476935199 0.107906542551236
-0.347601881307467 0.106905160897136 -0.147383244558504 -0.0182858518284874
-0.403565417552404 -0.133304318872258 0.0357577627354285 0.0584684294823768
-0.264512339534392 -0.207674362458747 0.320807030360792 0.148182363113838
-0.341306341206667 -0.137465827353309 0.318583311223277 0.281271385846441
-0.372069597368478 0.111340474173456 0.382237430632129 0.178792784639948
-0.195389859897804 0.285996192391024 0.350468032805989 -0.00887503023257651
0.0807779944225853 0.277716935241286 0.20186715919042 -0.136607081208058
0.189060710772523 0.132409116609922 0.11600303346683 -0.0870764664995504
0.215969940957748 0.0337267363458663 0.126005387270274 -0.0546481095980896
0.226804648754462 -0.0330780577353868 0.152489283105299 -0.0421768688905169
0.238079103354411 -0.0484264958907398 0.19588580072994 -0.00604892864631957
0.212419060242548 0.0256505293217548 0.210483701111277 0.0719592724546662
0.197941441798414 0.121032162484235 0.135552937707152 0.177600235439299
0.0511600934331478 0.260439548137958 -0.00103353702335457 0.215357374439686
-0.162573390844991 0.262833587984569 -0.123781071225474 0.11941287217366
-0.297169787404556 0.0483792199424032 -0.0913374774332065 -0.0232289345459604
-0.298672843796894 -0.155013609213518 0.143061821500363 0.0952280879753295
-0.101013863045136 -0.143589964253121 0.381327314642636 0.184585257809627
-0.176616837053165 -0.123331198128701 0.346462331772102 0.267145654813117
-0.226955603907798 0.0299912833187285 0.32999150780176 0.182492981290746
-0.13868181897951 0.154269867691865 0.309780775449664 0.0381487351603178
0.0336816417669729 0.171005000193424 0.2165107949296 -0.0636505741532549
0.113420894102183 0.0858356569511353 0.170393487353158 -0.0450401366484361
0.13110047979728 0.0253655152579334 0.193518162091967 -0.0441313863928201
0.143879806136588 -0.0148158482456293 0.218329182146201 -0.0537198197545727
0.157868588576875 -0.0254659319639478 0.264755870049713 -0.0136233978160394
0.149619926851192 0.0262997389943878 0.264469553655027 0.0834303574917557
0.134026177060087 0.0948018687234825 0.170080406974763 0.207231256262241
0.0130479538815724 0.186856178706687 0.01092243253937 0.23264633463469
-0.145080336167597 0.165836595902578 -0.116900948000374 0.129894624408836
-0.215066050378676 -0.0173936629078324 -0.0498251570146285 -0.0215404157553415
-0.156033212453326 -0.158835460991383 0.217988038938655 0.138331988477647
0.0307780430203614 0.0863600627366791 -0.313797125048205 -0.0516190038789513
0.102917787996537 0.00446402135404411 -0.0211707952617193 0.0400704109798527
0.0761343442507952 -0.0665438206204 0.0950538836308794 -0.159341344592945
-0.0132970602261624 -0.0777449349303568 -0.060582679205667 -0.257897908512981
-0.0584347728446869 -0.0267419101474711 -0.241605718985399 -0.196823433791368
-0.0363482653374189 0.000984347442896532 -0.326634899104753 -0.0414867954265
-0.0367220351131748 -0.00183152102019006 -0.289528871693309 0.103525684998223
-0.0379262651017576 -0.00336031325220652 -0.217800583677899 0.15329286415271
-0.0276885441708177 -0.0102322514070863 -0.188925508398509 0.12150267045074
-0.0112340867432367 -0.0205372752097976 -0.183424126011338 0.0999391129369652
0.0153461272742409 -0.0350719397852184 -0.191695931181176 0.099736106566785
0.0620253740444359 -0.0251277844162738 -0.246729471216016 0.0593817932073572
0.0835921340026357 0.0460219708451494 -0.300709034916449 -0.0334213641298785
0.0286832717378297 0.104359269223469 -0.359290159360022 -0.0542755849367069
-0.0430683716123044 0.112703763251488 -0.411948745448465 -0.00606803394161243
-0.144429536076695 0.0949328168057655 -0.280246157134008 -0.0723115706456243
-0.0279022829666153 0.0892441678191515 0.00995683964178591 0.0413224151908085
0.0300775223294358 0.0793871086037546 0.149605651328078 -0.184159646114834
0.0383968925144856 0.0418863844651727 -0.0232329021534455 -0.307322610972328
0.0473387406639657 0.0123678556101565 -0.24464233205291 -0.247965950381387
0.0555553928638807 -0.0120734732064703 -0.335738802457743 -0.0682390054109174
0.0576247306298747 -0.0439803238059916 -0.298356421660762 0.085227101148568
0.0539753575714408 -0.0571273348894941 -0.2155696511396 0.145584735688544
0.0709080876168042 -0.0527464604149761 -0.179403228104267 0.121479878258374
0.0818291785635782 -0.00868562464418066 -0.158699492663374 0.102353810592826
0.0984720176207384 0.0318285117470639 -0.162754924647914 0.109962532380044
0.0735582934700794 0.107851950231586 -0.213344476246782 0.0954675778314443
0.0015700517901711 0.171112059599057 -0.275476851719202 0.0140542762541572
-0.118372002511996 0.145914819915474 -0.342907747615339 0.000685774403671518
-0.218741943067275 0.0932904089295837 -0.385365417652074 0.0209846106090674
-0.307380208029509 0.0743475419594771 -0.196896659767708 -0.0834846610593543
-0.186411241454724 0.147456310945286 0.0756689449577316 0.0489744171843537
-0.0532180119066181 0.228775306017455 0.230213714152861 -0.194746272400324
0.0697365857841542 0.187681977908654 0.0441003405393255 -0.347903925804541
0.153286256679868 0.0776853934538426 -0.216093039137478 -0.298421848151109
0.150132444002242 -0.00915879654636096 -0.307697577177816 -0.10184715288121
0.148596470955044 -0.0724313948805868 -0.268337501088148 0.0510739517431836
0.137399500449751 -0.103972101034521 -0.180294716204703 0.117003947834539
0.154639278282758 -0.098758346808961 -0.134078876644664 0.106292015738025
0.160488797941353 -0.016854767713814 -0.101844836118129 0.0991182133574883
0.179879574535906 0.0645328818494885 -0.106558756953127 0.126874383212992
0.117319587960977 0.206528408081304 -0.161601077052963 0.141515294810645
-0.030071888419323 0.283284671115275 -0.238324958049631 0.0693692572789344
-0.217909825701731 0.202522612347663 -0.304388781916978 0.0475603504447962
-0.356059366024611 0.0840959705764917 -0.306951424405763 0.0512905879331316
-0.429475609063219 0.0284164473421526 -0.0686328639350924 -0.0752475536126277
-0.340132348095166 0.163089226858007 0.167900846198915 0.0680094860256176
-0.164974081099465 0.346646336724361 0.320175832455821 -0.177746003609231
0.0651519549275649 0.330763527754548 0.135062734246273 -0.356196825589619
0.234319504486115 0.159996030805671 -0.148448361211078 -0.329388753339203
0.230028521249409 0.00995333381333848 -0.241270296688027 -0.129902867752408
0.221668844764385 -0.0849559169161951 -0.202860801107648 0.00916297073970698
0.199708368971295 -0.136801284443085 -0.117063360159302 0.0723106242552957
0.21260928771799 -0.138760183571523 -0.0641626030097569 0.073618814311895
0.21510047307378 -0.0383553026680463 -0.0241003245756813 0.0832150089827172
0.241189940180265 0.0647762003069981 -0.0319330781604099 0.133994104835144
0.167507404933489 0.258482453850515 -0.0936087709683204 0.173948147810063
-0.0259411795211204 0.357816671768768 -0.188456724700045 0.113801288829984
-0.267786521937032 0.247411991742592 -0.249308588485156 0.0691190469990932
-0.437874930777965 0.0772233884003175 -0.193827086042768 0.0656129302970323
-0.476414909469611 -0.0284024344309018 0.086603617626933 -0.0494023395308679
-0.441967252707012 0.129325002185593 0.267098991977687 0.0971863916152049
-0.271968119446219 0.389645769299177 0.394479412633037 -0.124322164183876
0.0225770232791779 0.420461730873752 0.226759907256784 -0.314569273446866
0.263927889947248 0.229707028205775 -0.0517229104070157 -0.318970232920828
0.273770615289397 0.0346620732818034 -0.141332389198182 -0.14235123182236
0.261621681314805 -0.0807686800147161 -0.110119692785426 -0.033677514095
0.232854644534991 -0.148900882095419 -0.0373319492676763 0.0171858298480694
0.238847086268572 -0.159575714537903 0.0183451982459365 0.02756209840589
0.238834300699507 -0.0575533705508848 0.0600433677337711 0.053630543305386
0.268916327233455 0.0518348476913685 0.0470818797125614 0.127880882385886
0.192230729886251 0.268219422096482 -0.0255700173939062 0.186265900132314
-0.0213374085320669 0.380013026633828 -0.137601895929189 0.135973221979681
-0.281701778704038 0.25464626309946 -0.190736963149818 0.0608116627533489
-0.455140970575552 0.0541146926434727 -0.0665405178762583 0.0629568050609181
-0.438499526285377 -0.0744363857391685 0.238257109352605 -0.00945870303492786
-0.449115860713913 0.0619034766532462 0.349972862437438 0.126555202933541
-0.325244215817371 0.341385495229964 0.425846555008841 -0.0506186235611694
-0.0345884634595435 0.41942160375678 0.289153200443306 -0.23170450180118
0.237053256186161 0.253483569861255 0.0481136686195043 -0.266485905265233
0.267925422962898 0.0524692641772564 -0.0295842196355338 -0.134453416825322
0.258348553978744 -0.0651882077286144 -0.00680019120617504 -0.0689519881469908
0.229636646843644 -0.137679585538293 0.0459813949531701 -0.0384564637460886
0.232914263382494 -0.155364348218074 0.100189396140003 -0.0240683977276281
0.2329027460316 -0.0614042030892721 0.140780761514368 0.0210501181740931
0.259500202266765 0.0428006360954218 0.118450932899839 0.118530399276622
0.179198424630897 0.253412933834335 0.0298791093579036 0.187520977267509
-0.0340907360972428 0.354110380597475 -0.096871189051921 0.143879893744452
-0.276538714046962 0.216482332660655 -0.135869734302703 0.0372931955866959
-0.415374895406711 0.0106195951492243 0.0557583730109343 0.0536860690996276
-0.317380071588058 -0.0973282390882147 0.356755186259806 0.026968699166767
-0.359425909324479 -0.00377443165463019 0.399726260503872 0.141829056310839
-0.294148764629233 0.233335980818509 0.410649661093705 0.0137592922903791
-0.0672955981731044 0.330337041537542 0.307894157346498 -0.140689267959833
0.17236353745144 0.219287357542996 0.125491451663468 -0.192901871297242
0.216554571826059 0.05185031129676 0.0686072568801551 -0.11555032873094
0.211536464665083 -0.0455453199371106 0.0865926342612479 -0.0953073858068961
0.191926961399326 -0.10796336131981 0.119633444841736 -0.0880280977380862
0.196054148035251 -0.125461465667199 0.173746439859271 -0.0701376650022656
0.200781026243218 -0.0499988553297971 0.209950864707857 -0.00344897395286176
0.218008752353479 0.0412267000564964 0.177936096789238 0.116185540861942
0.134511597922041 0.219254075392308 0.0673318269401304 0.191017150853777
-0.057006833540474 0.290965201106272 -0.0703071476614496 0.147325400348813
-0.251191754589993 0.145567331230728 -0.0885026168654716 0.014720848584182
-0.326898017177384 -0.0433274177769102 0.16131699967734 0.0503873902889651
-0.141612113225535 -0.0969406039073315 0.418899050770247 0.0439406634433732
-0.202000502880182 -0.0512151662198319 0.414705942351998 0.127130023044942
-0.19151543702882 0.107387335782258 0.365555832759945 0.0443276105636008
-0.0657307710829933 0.190163162145401 0.293793179628325 -0.0786690845921287
0.0923036624727112 0.139952795490999 0.16934192596532 -0.131992394031751
0.132937508115019 0.036093113693008 0.135784565581707 -0.0989443899114073
0.130483981568732 -0.0225974036289793 0.154091793167003 -0.111559695746092
0.124523849347645 -0.0626773805723213 0.174063608447405 -0.123728448300341
0.131302018656425 -0.0766804427136016 0.231446718544104 -0.101575576522761
0.143167382646728 -0.0282244649657166 0.263170697556823 -0.0126134912127145
0.151515270572068 0.0390453770225158 0.220250173672446 0.129472888483882
0.0743906640235711 0.165070548626652 0.0844399645269522 0.204113283246042
-0.0738652134205261 0.197510808426096 -0.0622329176589771 0.155334778308228
-0.198883159516574 0.0580357399751669 -0.051871440455931 0.0015852151945101
-0.197436664765684 -0.0938000975574316 0.238894809835986 0.0617768168331641
0.0318931039564761 0.082685059482557 -0.306342662755536 -0.039422475893145
0.0991718889025966 0.00184740153274611 -0.0163676241908989 0.0413318192248486
0.070979723633107 -0.066912889208773 0.0909587946660877 -0.15911385594848
-0.0154290164420839 -0.0751802014129212 -0.0677485825833262 -0.251210473969095
-0.056244341092561 -0.0221239286547508 -0.244087975466403 -0.184446015937392
-0.0351087500996703 0.00146003792512032 -0.321893462028846 -0.0275047110539804
-0.036268443105616 -0.0011710674146176 -0.275900943227683 0.113387735712926
-0.0373005018190934 -0.00179410030447157 -0.202842405358082 0.157741046298865
-0.0274582215248739 -0.0102604335339413 -0.179324182576408 0.129466896850279
-0.0104252535481782 -0.020592694405596 -0.175887292746717 0.107747658550961
0.0146946542572311 -0.0345512768071583 -0.184333063050707 0.105077709725273
0.0595368297239532 -0.0257743718441446 -0.239464946547874 0.0662240724153938
0.0830033296817165 0.0423169033226376 -0.295909874821783 -0.0250807210490024
0.0295387790874407 0.1007133720928 -0.350876102843157 -0.044723177185666
-0.0379569587243204 0.110889050194681 -0.404782595318109 0.00462718731731816
-0.13903682340343 0.0976559546244182 -0.273937685164291 -0.0612108734601536
-0.0257089057671771 0.0888268731076059 0.0140169072167649 0.0405875100780851
0.0314878497164894 0.076812984946308 0.142583432628379 -0.185008178466711
0.0396862882913643 0.0415364430356629 -0.0318948988497159 -0.300616396893894
0.0479487856506958 0.0116091406030031 -0.249972719481416 -0.23440453140557
0.054375855341167 -0.0142270215014041 -0.331103643662398 -0.0530514716514641
0.0544101438802402 -0.0460029619316587 -0.285413680852276 0.09569371621736
0.0497868941515284 -0.0593614320024907 -0.201616314659744 0.150674792460169
0.0671746734037828 -0.0560462809758503 -0.169784030141881 0.128588059133225
0.081075621334558 -0.0123138907244453 -0.151641579341118 0.10907827400227
0.0984308996657763 0.027643361648206 -0.155131747686275 0.114696523026123
0.0763755380114469 0.104074500320655 -0.205505207301308 0.100415015412175
0.00745332134574489 0.167471295726867 -0.270339005000284 0.0209433223938306
-0.112528353682398 0.145899391966625 -0.333497867490265 0.00973443508087919
-0.211203714836472 0.0982644328653964 -0.377171431177061 0.0315126015137289
-0.2990686062467 0.0837818040692544 -0.19235457451025 -0.0737192583820461
-0.178130702032049 0.150756988966075 0.0781383254739014 0.0456597804508066
-0.043468507488796 0.2253823927109 0.220880930746403 -0.19753743323813
0.0754404941315684 0.183053938432911 0.0330675537943699 -0.341749268720755
0.153885896293685 0.0711419127060612 -0.223420126694164 -0.284143582620439
0.147258067426458 -0.0140246027382942 -0.304463304660569 -0.0879830066123722
0.143195981103824 -0.07688794175454 -0.258393084478312 0.0603450624577839
0.128945849661478 -0.108919667737319 -0.167676603293998 0.122568723471666
0.146424302660683 -0.104579485627533 -0.125624443859229 0.111209302184427
0.157652367561468 -0.0227560512098038 -0.0956317849834835 0.103305634121895
0.179255541970254 0.055728674686675 -0.0989131578351742 0.130345215478702
0.123183246420719 0.199243673029831 -0.152234774659121 0.14352828567589
-0.0187156852764466 0.279352530320916 -0.2325639424342 0.075276145868453
-0.208091776969242 0.205512075993328 -0.294646068470492 0.0558972533292876
-0.346555995958581 0.095176380977646 -0.29988783618084 0.0595448151295226
-0.418384432138915 0.0438534446824636 -0.0669420033048957 -0.0698704015196257
-0.328504047554192 0.170680070351992 0.167415186165714 0.0623844479965704
-0.147135401110709 0.344553471481821 0.309610320908004 -0.183563124278498
0.0757227672012817 0.323363191306211 0.122686309578258 -0.352232462328511
0.235996442479641 0.147610253461156 -0.157960036382191 -0.316287685468594
0.22648604129442 0.0011207128414182 -0.240201797272482 -0.118308141302653
0.214092531816611 -0.0912840247933998 -0.196106583296835 0.0163761925000636
0.188274873748699 -0.144000754323349 -0.109310633872827 0.0762326066421406
0.19985206918804 -0.146301720933284 -0.0589045731079978 0.076193214524077
0.209555407575305 -0.0457043215892399 -0.0204685543681666 0.08394085740399
0.239039517111059 0.0535663759682261 -0.0255431159047953 0.134714093784689
0.174919853967178 0.247436487470764 -0.0849537858801225 0.172694744464768
-0.0111455656581983 0.351689702805072 -0.182862030873311 0.118355230560613
-0.253945466724071 0.252544678300551 -0.241085720272048 0.0757777405587879
-0.42640650469179 0.0917374742204992 -0.187994093733614 0.0698070607905636
-0.467243001864138 -0.00878371508463135 0.0857767404004975 -0.0479906151587836
-0.427474816342018 0.140523969942928 0.265368983963751 0.0871962326112711
-0.249887076957828 0.389187841772812 0.382562344693732 -0.133782751284885
0.0364388200457508 0.412675482211633 0.214606751426198 -0.313839979071755
0.267175660592265 0.214122944748443 -0.0630559363190933 -0.308960109294577
0.269851433264116 0.0234669849301811 -0.142642445325836 -0.134449522111389
0.253700055746994 -0.0897337318480449 -0.107880048919256 -0.029335385509963
0.219274883408847 -0.157346017040472 -0.0347899153931555 0.018681461695113
0.224787559302108 -0.168349653649484 0.0187702902056653 0.0267542277540609
0.231594843545462 -0.064967571273741 0.061437233517651 0.0510196285849386
0.264566347085248 0.0392806776481481 0.0523076258884659 0.125867983944457
0.199796474724614 0.256067614846815 -0.0175954056835466 0.18389898846943
-0.00515917344477211 0.372961808103816 -0.132905052609323 0.138377929949198
-0.267363365599472 0.260377193803611 -0.184187596530321 0.0675105477022155
-0.44487205830061 0.0705551612089143 -0.0638295139773414 0.0634659593446332
-0.431930162429996 -0.0549770695450237 0.235151108887703 -0.0135828775764895
-0.438886687663707 0.0739321831005135 0.34611800495212 0.115441179311675
-0.303109426701703 0.344265592572988 0.415453918921873 -0.0612070164347671
-0.0189837152892634 0.413364507154488 0.279321372215801 -0.234398491910107
0.242042489378045 0.237685414115078 0.0377974369947944 -0.261837168881778
0.264596137676131 0.0397686433935908 -0.0330704722962829 -0.131563404829457
0.249806389016276 -0.0744101260330177 -0.00928385288729982 -0.0682516670480765
0.217163158754934 -0.146186958813588 0.0429118621220025 -0.0395521164435982
0.219308390791331 -0.163030763447193 0.0964087461927231 -0.0276066517994269
0.225815186402669 -0.0694948283170286 0.138393024573307 0.0151577500047124
0.254399975100083 0.0311769027879316 0.121488397438274 0.112658680675905
0.184842037459302 0.242132530155133 0.0362499400244234 0.18342806290971
-0.0188610035752648 0.347007465372904 -0.0927909704619696 0.145491970437989
-0.262792399139027 0.221565240601268 -0.132171518566626 0.0427543073590051
-0.408667392959381 0.0276358216831845 0.0563709637589882 0.0501979151468481
-0.313070058042061 -0.0820831122184579 0.351551202094942 0.0180990603733346
-0.352105099315904 0.00663236777834488 0.394756007669162 0.128449249815623
-0.276939522687203 0.236957634494519 0.402643835854638 0.00262141576383198
-0.0540383758331193 0.327170471303389 0.300262973574964 -0.147064311847968
0.176771898533089 0.206938429157129 0.116427646734343 -0.193747701843264
0.213440014487202 0.0415543945349336 0.0643000748258638 -0.116841895970003
0.20528060762927 -0.0523734333325149 0.0807915150655264 -0.0979777381614572
0.182459963652657 -0.114675294015907 0.111776726547295 -0.0912538384679257
0.184532701376626 -0.131521375658931 0.165090192854232 -0.0760706399701954
0.194099757642601 -0.0563671733445791 0.205209616740133 -0.0123683855418728
0.214032217584474 0.0315641185291286 0.180034266934568 0.107533086330694
0.139090728105917 0.209854296765441 0.0728981976271498 0.185405990700877
-0.0433035791246891 0.285980903635357 -0.0665380525313906 0.148636395240858
-0.239205112845703 0.151223362601511 -0.0869391770440196 0.0189029567575325
-0.32260954231369 -0.0290519692449806 0.158979206620493 0.0437218353440361
-0.141116316985158 -0.0881740880423853 0.411241377615051 0.0331941481682483
-0.199347103634196 -0.0439028418895366 0.408191520207983 0.113896542986448
-0.181313342499625 0.110427357424096 0.359437547702185 0.0330624845556039
-0.0575137680006088 0.187597496852245 0.286767711618963 -0.085334717317258
0.0949456562904227 0.131811347591595 0.162034036192018 -0.13547548040772
0.129610219204328 0.0286396397988282 0.130359183286259 -0.103291507326935
0.126602783519916 -0.0275383935913527 0.144443537053606 -0.117073638825599
0.118467993163007 -0.0672667922717041 0.162248149489656 -0.128298978308804
0.124179828538805 -0.0802230261782599 0.219890635713052 -0.109827214491968
0.13857604149617 -0.0335223984651288 0.256070294203216 -0.0232536311083626
0.149044106323016 0.032188923326166 0.221421626850711 0.119410560496202
0.0789043327817277 0.159666666535875 0.0891119628114527 0.197939493787813
-0.0641222983198911 0.1942580833711 -0.0574453529433861 0.156109460697313
-0.190982063311893 0.0631271476558994 -0.0517003828357099 0.00493722192063401
-0.196510549992379 -0.0831903518219377 0.236755460733098 0.0513144509956848
0.0341359486993969 0.0801332873100128 -0.304919290153142 -0.0299197877999945
0.0968475462421876 -0.00125137418788008 -0.0117446099194794 0.0423213112310973
0.0664906138890423 -0.0679483480191298 0.0881402812434213 -0.162205551537779
-0.0182179935381278 -0.0724091658334656 -0.074765275559191 -0.248156244582251
-0.0545766014359833 -0.0190534281697353 -0.251208659805 -0.174687647489883
-0.0344693155416229 0.00215552661910407 -0.32227309205455 -0.0134363769120286
-0.0366089014497603 -0.000641988862895872 -0.267985266638075 0.123799262863897
-0.0370643562555577 3.62881197479153E-06 -0.191970712919376 0.164178144855432
-0.0279119504112636 -0.00958807675756941 -0.172349863757392 0.138655181671756
-0.0105061932993748 -0.0210302562516607 -0.171012486168071 0.116768378645039
0.0142806912417244 -0.0349940307147533 -0.179723855883587 0.112132872705195
0.057765053816884 -0.0265455814415418 -0.235599196157839 0.0732674719224196
0.0832752192122612 0.0391052772355778 -0.295590531485459 -0.0172373806110886
0.0315479583531601 0.0989834099319827 -0.348685269587493 -0.0369362155294148
-0.0337911065222634 0.110456811471159 -0.404456224933331 0.0167096661053708
-0.13524926578961 0.102051759964768 -0.27204780699904 -0.0513986605740043
-0.0240954070157505 0.0895793082573959 0.0183303699314644 0.0403069632289948
0.0331092767546001 0.0757057012871399 0.1381260993342 -0.189317162578991
0.0415186093221904 0.0411945789316501 -0.0411211077194229 -0.298199387351935
0.0498541246875615 0.0104114585244498 -0.25815280788146 -0.222975983676829
0.054097145778201 -0.0165018512133926 -0.332415867137497 -0.0399645463826798
0.053007041686462 -0.0486132318109806 -0.277955544727674 0.1061525439485
0.0463224091890226 -0.0618183722482084 -0.190236161422263 0.158047173321242
0.0634081972302893 -0.0600751291849912 -0.162473935435365 0.137711307665103
0.0813806363108462 -0.015766976714047 -0.145988587588265 0.117069285471957
0.100143537536834 0.0231570774114679 -0.149854672350475 0.12123392537083
0.0803787957824531 0.102436953085897 -0.19984484468866 0.106699445552068
0.0138103403931316 0.166650219793921 -0.269803109465052 0.0284548362819776
-0.108634385348679 0.149480760592493 -0.329618635243157 0.0176840813648308
-0.207213851727411 0.104902126635208 -0.376392515576904 0.0448637843601693
-0.295776142544021 0.094810707036535 -0.19027167494871 -0.0661963987861613
-0.174013459496747 0.156199754582038 0.0808645813577146 0.0439296802032829
-0.0350653285723311 0.225799717956472 0.215075789642886 -0.204308495213113
0.082609719700066 0.181194540412467 0.0235203331295027 -0.341692718742576
0.156967810023569 0.065156233576014 -0.233254835787209 -0.273594687611323
0.146693762659899 -0.0199610256802981 -0.307117167635528 -0.0761791811061942
0.139569708645189 -0.0828406468751401 -0.252335127739709 0.0699918928288874
0.122379338474394 -0.11513990540705 -0.158113863865204 0.128116081624148
0.139524813997044 -0.111820667333621 -0.119101045385175 0.118128728145511
0.157049040836541 -0.0284505156609852 -0.0905459125839812 0.108836287858514
0.180679059464962 0.0476618968111652 -0.0926805691884204 0.136082160370375
0.130791814736547 0.194883817559289 -0.145677075351819 0.148953334592658
-0.00696278020194431 0.278596935602496 -0.230923637935971 0.0828460062545738
-0.201176963121604 0.212573731735872 -0.290340432264154 0.064294630752277
-0.342434274012888 0.108194352539112 -0.296666364376392 0.0681939379562928
-0.416085262987804 0.0600200722732528 -0.0648734440387524 -0.0649433095804384
-0.322326655708948 0.18011150026865 0.170256132097371 0.0569717479157891
-0.132454743603581 0.347440056075061 0.303487878748886 -0.192077704012891
0.0882681522468656 0.321778399559823 0.113511516904401 -0.354368829278301
0.241153525450994 0.137505147908169 -0.170164969886575 -0.307604315960764
0.225862311735527 -0.00851162753335639 -0.243700264687065 -0.108891611871546
0.209932452249213 -0.100409125966608 -0.192636906288691 0.0243407635642067
0.179635744993031 -0.152699980958541 -0.102361499331869 0.0795768411660774
0.190539538132552 -0.1553157131435 -0.0542380490383778 0.0798591542162083
0.207629147750721 -0.0538717322706219 -0.0163413113638712 0.08572121316009
0.239241887506634 0.0431237111528274 -0.0190552296380276 0.137475380991237
0.183997863172864 0.240285855125077 -0.0778300032327344 0.176526752873512
0.00397943984092078 0.351354712774172 -0.180596369091259 0.124593242855491
-0.245207825995618 0.260423506458291 -0.235894051567155 0.0834261013337637
-0.42210493151941 0.10795523974505 -0.185838645599103 0.0750969974633281
-0.465404471240671 0.00905767049574659 0.0867365558447667 -0.0479779396059806
-0.423237806138491 0.153583399211279 0.266826395904711 0.0793490369172025
-0.233847653072237 0.395362607414809 0.377249264832106 -0.144383191711243
0.0520940708049329 0.411412269649145 0.206217587381955 -0.319108231935819
0.275536170791239 0.201204363228024 -0.0744093680498153 -0.30445678265965
0.270363286918424 0.0125357411348602 -0.146471346578232 -0.129199159781752
0.249180078159432 -0.0990050710480915 -0.106890489535499 -0.0249026354336318
0.210166891565286 -0.167829612153165 -0.0319735726920111 0.0203696583773327
0.214161874718298 -0.178053349769413 0.02003552148386 0.0269690296843357
0.228384654520878 -0.0730299433742098 0.0636438116119798 0.0490900240637142
0.264210160006508 0.0277784829965092 0.0586743759543303 0.125312152854861
0.209639830584632 0.248091178488042 -0.010396085799119 0.184032688444762
0.0109167366899129 0.371305867805856 -0.129805347588413 0.14466713656613
-0.256667969158281 0.268847281518517 -0.180300073113847 0.0740362647668495
-0.442356229246271 0.0886000781533787 -0.0608687502588498 0.0652045980394036
-0.430409574289288 -0.0381024948458019 0.236715980995396 -0.0187353740234671
-0.43433247805215 0.0883342701465812 0.347984451811076 0.10537802923865
-0.287477863169527 0.351135942286258 0.411580468474267 -0.073448527622439
-0.00391753198337588 0.413756249278384 0.273345326952406 -0.242132293851325
0.250431414191444 0.226681542550442 0.028167980379968 -0.260190745614426
0.264211480560122 0.0290355881971437 -0.0364754670515821 -0.130449464163945
0.246732144323351 -0.0840779755773842 -0.0119011126606128 -0.0680634947792373
0.209597917027459 -0.156511932806359 0.0410743141491627 -0.0404158179881807
0.2084013877867 -0.172986646075154 0.0940938141247123 -0.0309267719974926
0.22228997265013 -0.077083050622711 0.138014800114206 0.00911834449870235
0.252641614519863 0.0209625702389556 0.127061825282804 0.109290715312603
0.193548703776139 0.233665099093224 0.0427153832738232 0.182293609758472
-0.00383031255681942 0.347125591155602 -0.0892380387702683 0.150136802577092
-0.253651562698294 0.230055133093877 -0.12973865389001 0.0487019968071443
-0.406506147390471 0.0438844349857998 0.0572512012753698 0.0482882083330027
-0.314188350085654 -0.0683724265837232 0.352894774195435 0.010137755791288
-0.351015938106147 0.0172423664038689 0.39777001926745 0.117304252715575
-0.264954322417258 0.243510657463527 0.400012251413026 -0.00910868709240388
-0.0425961532690525 0.327648450470207 0.296943225869346 -0.156182701189763
0.184099709243586 0.197840492725807 0.109014158995532 -0.196036890575747
0.21319230173309 0.0312841158416929 0.0607702464816119 -0.119869533174508
0.202350683647492 -0.0609516608588632 0.0757299857615199 -0.101507638633071
0.175327429966996 -0.123255111870884 0.105662085954019 -0.0944453796173234
0.175436350666124 -0.138795327451679 0.159872831396599 -0.0821792518335364
0.1908098479618 -0.0636364533670157 0.203040744942861 -0.0210494753917994
0.212299173839457 0.022829676187682 0.184107693627963 0.10130804602869
0.146379832045642 0.204588824688542 0.0792249326328423 0.183109941039522
-0.0311439261809932 0.285605244813751 -0.0629540373960937 0.151992455671613
-0.230935758956223 0.158700566919044 -0.0861131348983438 0.0236539890837151
-0.322727445073696 -0.0148039034592384 0.159777527491335 0.0376127839919938
-0.141672425075906 -0.0806951225725225 0.41250102971551 0.0214699974175559
-0.19975266410413 -0.0383085784433932 0.409360396574351 0.10220376192553
-0.175050711241529 0.114883771967407 0.358660632332778 0.0223753506753134
-0.0497026118583246 0.188371312620862 0.284248786194156 -0.0955428503136564
0.0990408221345699 0.125982230419916 0.157173586277321 -0.140427768348869
0.128429287157896 0.0226246340035144 0.127144174026228 -0.109189927882879
0.123888736607938 -0.0324972553792525 0.137463966789047 -0.122878638236664
0.114286994153115 -0.0723271514221639 0.153870448564886 -0.133937729856912
0.118117417435601 -0.0850647826575745 0.212051156826138 -0.118021581832009
0.136326271698339 -0.0387228488523836 0.253234336546612 -0.034337990977566
0.148399909583326 0.0264223174300775 0.225362307191774 0.109916672845086
0.0833212197181326 0.155695023368898 0.0950323570538505 0.1949946782338
-0.0552639005424012 0.194631137281762 -0.0539514609543191 0.159373166417467
-0.186417388427825 0.0690695717600937 -0.052208471210153 0.00809878565535074
-0.199044993102481 -0.0741549742345382 0.237405126261362 0.0422320182941685
0.0368917782227607 0.0776264042264063 -0.305791641085857 -0.0132502145506382
0.0953692619123086 -0.00545201442568719 -0.00667204964526719 0.0431394242631125
0.0611565760051681 -0.0698392979676171 0.0830624163866454 -0.168312952450467
-0.0209688918636317 -0.070282977093734 -0.0881402750549416 -0.246165885748092
-0.0541244238743283 -0.0147601587225108 -0.261864776186841 -0.160902303119238
-0.0345213109083052 0.00363383493998039 -0.325172206721707 0.00600033921338153
-0.0362100345633254 0.000906105576745374 -0.259539672376583 0.138647984505431
-0.0370318791424929 0.00240280460163914 -0.180300656604855 0.17426032222309
-0.0288985461212603 -0.00914703055695529 -0.163342856682079 0.151222038512009
-0.0112321446648085 -0.0208814842107845 -0.164335295593756 0.129074082256202
0.0132891856755748 -0.0365365083503437 -0.174189233971971 0.123427102994605
0.0562516619192846 -0.0284642787402118 -0.230994992388054 0.0855152502816931
0.0846738440437416 0.0352463298345072 -0.297968178132511 -0.00416120347798807
0.0359510296131529 0.0967010905862573 -0.349785916631714 -0.0226508234610276
-0.0276428519244295 0.11102930710572 -0.40615952000835 0.0349992468771253
-0.131112129558527 0.108817366012725 -0.273285805938612 -0.038038598268197
-0.0210041645781873 0.0918439240762271 0.0226999961467145 0.0398774743450672
0.036271525722251 0.0755292852508219 0.13163407619245 -0.196905328094705
0.0450903281342728 0.0401984255835637 -0.0555622693196916 -0.296698009642354
0.0521601000500129 0.00804297206267139 -0.271616625695744 -0.208517162591777
0.0536950924655805 -0.0198418509212974 -0.335490678414664 -0.0208772458441024
0.0501831041748664 -0.0523818413776477 -0.26975168306281 0.121738980882817
0.0419629029164493 -0.0649112383064045 -0.177401837255361 0.167706398947136
0.0592050710317664 -0.065036741104066 -0.152462993761747 0.149525023654438
0.0814272705836574 -0.0207689864820033 -0.138249760239705 0.128244548521311
0.102501807916107 0.0169751692618946 -0.143328897495516 0.131344363040613
0.0863153485199997 0.100078704391987 -0.193456648196972 0.117279259490509
0.0230239934586986 0.166540860887033 -0.269717527632141 0.0401858556260837
-0.101907586294233 0.155992747157555 -0.32813035572 0.0318646151359457
-0.202021863565427 0.116050994858733 -0.375627494556231 0.0624769928113249
-0.291039732370289 0.111019174859696 -0.190680546824856 -0.0559100283096724
-0.167281431529507 0.166288771215914 0.0856000447862948 0.0398546654318263
-0.0231201781130325 0.227851857093669 0.206799189218893 -0.214381758796983
0.0928720801148846 0.179173124982231 0.00860920508687925 -0.343046465252282
0.161745356256502 0.0565427493077475 -0.250217171665887 -0.260670524878167
0.146301254861168 -0.0280925942645346 -0.311364211242212 -0.0584963736497994
0.135380638682413 -0.0919257550655494 -0.246546503732772 0.0840015014694356
0.114198771716278 -0.123328578487198 -0.1476702706219 0.136549719549132
0.131040962338214 -0.121057488919706 -0.110502966741664 0.127372283840722
0.156747655900032 -0.0380618944622636 -0.08363801042189 0.116635610625402
0.184107006690743 0.0372730183965519 -0.084633350031513 0.142125058149277
0.14312588545178 0.189273878313019 -0.137087581876902 0.156765163107205
0.00887280938917988 0.27996319688878 -0.228851588034987 0.0944496560332969
-0.190755306425835 0.223998083267076 -0.285655931491751 0.0771476907834876
-0.337812716215619 0.127569658766705 -0.294339021596511 0.0832433020906048
-0.412792950107574 0.0832763819402258 -0.0646382241128677 -0.0614184809815182
-0.314707755433277 0.198523755681136 0.174991587669235 0.0492232784886058
-0.114067537675169 0.353528319486104 0.29474287834381 -0.206457578870407
0.105737969684634 0.319309571001533 0.0990681858694588 -0.360988124019027
0.249994858002786 0.123636873214049 -0.18777642038396 -0.297813761262031
0.226539284849031 -0.0212427178635337 -0.249434713075296 -0.0952357360977648
0.204946189661577 -0.113687799710988 -0.189687980393039 0.0347451088281512
0.168789451495954 -0.165718937764462 -0.0950139056820115 0.0853755963060133
0.179099996779602 -0.168200086437772 -0.0476793900435948 0.0843970918491294
0.20608333541357 -0.0652450173663483 -0.0103569612626276 0.0885532788358485
0.241673673073984 0.0283817791985641 -0.0100852166405706 0.140434035251422
0.199298800009653 0.231605237245105 -0.0677047270302013 0.180863294792024
0.0243712182234995 0.351417532892361 -0.176450621000355 0.135232232707272
-0.231604465954366 0.274661827757148 -0.230992466101681 0.0954880212067762
-0.418662941650795 0.133476111266782 -0.181923183619328 0.085674868415024
-0.464380513184535 0.03602769547176 0.0887529336228719 -0.0509461661689493
-0.416605385141892 0.175076696880926 0.27260486304447 0.0676823474827809
-0.211670317440222 0.406373708909283 0.371369020269024 -0.161541044918641
0.0752468953031908 0.411351436170809 0.19364017555799 -0.330322729344035
0.287514749024884 0.184859942273868 -0.0915382906633786 -0.299289794053928
0.271341572342518 -0.00374154199117191 -0.153048551249097 -0.122396154335564
0.244306498709067 -0.114801224737212 -0.107774703442058 -0.0189085329973706
0.198170865907957 -0.181882561786226 -0.029725908003172 0.0224419567524202
0.199800971739956 -0.191860903375977 0.0225258633894053 0.0262874957767117
0.224960582333122 -0.0866826868038268 0.0666835503826832 0.0466372830741582
0.265066500471435 0.0128038622846625 0.0671548671395496 0.123728189474586
0.224967432613858 0.237538274209712 1.32209476988442E-05 0.186451966403839
0.0327328779806388 0.371179126396561 -0.124208678649584 0.153594784670499
-0.242310412200527 0.283171702804063 -0.176191223087585 0.0835510285035176
-0.439595137875296 0.115761130769178 -0.0576439485277181 0.0684892424417444
-0.431478010491569 -0.0134430075454491 0.239660207527277 -0.0279917357654989
-0.431485628119784 0.1106612804788 0.35505234488162 0.0893067842155669
-0.268037210263005 0.36596604024755 0.408816243431673 -0.0919447829867587
0.018381303670898 0.415103865711001 0.264310622865451 -0.256364005989804
0.263895432727207 0.211205147524456 0.0126495835955783 -0.261641429608114
0.265855381090043 0.0126371492603895 -0.0426569900029998 -0.130358535400324
0.24258727238998 -0.0988900517681012 -0.0154565360702985 -0.0678222963720435
0.197642215973454 -0.170441363665988 0.0390349234833954 -0.0426585491948237
0.195563407536916 -0.185134357032798 0.0917614870788359 -0.0357192593933449
0.218158023979876 -0.0905498267480331 0.138305100413434 0.00170202528437495
0.252918957937383 0.00638015073950687 0.134318311441579 0.103235156810285
0.208186589815949 0.224442870653441 0.0528227880067756 0.181074177182594
0.0172625680363135 0.345995097895712 -0.0839972265983267 0.157318222795388
-0.24067076806054 0.24402389515934 -0.126780816552698 0.0569005543255123
-0.404586797210641 0.0681780188490072 0.0601141215591157 0.0447446500985652
-0.316525268587795 -0.0504628599341877 0.357206149014672 -0.00507572753967892
-0.351293737152652 0.0350813227218153 0.404011367728002 0.100523340340141
-0.250735583638989 0.256272413220402 0.399558824645266 -0.0277167909412039
-0.0248038365856521 0.33105964984267 0.291474162334953 -0.171120269630531
0.195025369392178 0.185659735035514 0.0992877756713752 -0.202376581672897
0.213179623095015 0.0187123113737436 0.0560093970200049 -0.12464725660267
0.199272602594759 -0.0733778722228199 0.0691276678710338 -0.107033017665231
0.166917902504069 -0.134885224590217 0.098805340213814 -0.0998242573634412
0.165546083188391 -0.149764861665621 0.153468551732875 -0.0915696881990123
0.187556664147284 -0.0748102033314191 0.201085577871936 -0.0341222981135556
0.211828857903653 0.0107451813844967 0.190845083618445 0.0915124514168021
0.159301751748548 0.197503937715286 0.0889420186168863 0.1807278309687
-0.0137494590196683 0.286521057717114 -0.0567868053851729 0.158473954269346
-0.222211730536403 0.171353180181135 -0.0846450575171038 0.0290629713030768
-0.324511735410261 0.00474078706492597 0.16181085054917 0.0286587265110822
-0.145133343199286 -0.0722108808738064 0.417885599556497 0.00472778480525438
-0.202195998259236 -0.0281474104881721 0.41500470790582 0.0839487614252304
-0.167330254605329 0.121818847210268 0.358612913474171 0.00638381431348729
-0.0406281499470462 0.191959528118088 0.282231158928797 -0.110220177330283
0.105848806691636 0.118754885803743 0.150417079962356 -0.150471302807085
0.128378381599865 0.0141992480698003 0.122556681107961 -0.117241310844004
0.121620395852467 -0.0400636858615866 0.128791378734301 -0.131982289930234
0.108741889838896 -0.0797758988246807 0.143394665983205 -0.141241542616104
0.111811988601577 -0.0917288456184507 0.202191195824746 -0.130637078662633
0.134125936884799 -0.0470468380690529 0.249865272263349 -0.0494819563774602
0.148696675089674 0.0176814069160283 0.23224096594538 0.0974971794194256
0.0921606587490456 0.15278355154056 0.105765124624764 0.19143127587013
-0.0435209901473043 0.196259892776284 -0.0470198973430443 0.164542789590243
-0.181228271779859 0.0782479196479428 -0.0514553276999487 0.0120138468142117
-0.202986680335044 -0.0620682080431658 0.239068152126006 0.0277885007483998
0.0398934347271966 0.0737997296159287 -0.301807184553708 0.00810473901582469
0.0928006127798785 -0.0108337638425346 -0.00184494571243268 0.0425170648063795
0.0545276162388 -0.0712737429766935 0.0728423121675217 -0.173353872449112
-0.0247619757100744 -0.0672574008224299 -0.102964109156909 -0.237718326652822
-0.0526622320428651 -0.0107547720314959 -0.271148089367527 -0.139625839638716
-0.0334800693450893 0.0060064952846385 -0.321545376626742 0.0308079526269168
-0.0363489862343849 0.00310016034624595 -0.244842620129253 0.154916871606807
-0.036307385494802 0.00490941483769563 -0.162824703147251 0.183033919978898
-0.0293810624290603 -0.00727396625442872 -0.147954975084674 0.163803729575876
-0.0123878905897686 -0.0210751312414933 -0.152979061613061 0.14238563085563
0.0109296778086123 -0.037757371573321 -0.163390841378411 0.134535272089846
0.0538169168636765 -0.030886592135551 -0.222043367959916 0.0984885086044721
0.0852657793564728 0.0293619858639726 -0.296521603557194 0.013259241049593
0.041579764093286 0.0926416614753169 -0.347112104570021 -0.00224768891719921
-0.0197285136641742 0.109734194691662 -0.401069987824583 0.0602073297001088
-0.12359886797651 0.117004180746463 -0.269667740088351 -0.0185943440556472
-0.0163703619246507 0.0929534480434596 0.0274899193243334 0.0379795671258758
0.0407423617970733 0.072852128661002 0.118721973586704 -0.204413212699993
0.047637780849758 0.0380448022647427 -0.0736144178112135 -0.290878726714831
0.0533416443705946 0.00445682899150698 -0.284381053073825 -0.186337893600754
0.051967054471925 -0.0231396347278252 -0.333808452270784 0.00482793816045403
0.0458927601653054 -0.0569510033356754 -0.256754631852927 0.139884303119262
0.0360068869130794 -0.0680214521352938 -0.15971110853364 0.176504206177146
0.0520630616208253 -0.0690289301800218 -0.136971750432141 0.160732275657285
0.0798237752469802 -0.0277894943557113 -0.126860186140028 0.138954057838161
0.103693920902475 0.00898085322769397 -0.132069365226926 0.140405565505005
0.0935517674242178 0.0941030164169143 -0.182908624724826 0.12876483880961
0.0341153269699036 0.163644222610219 -0.265273156429529 0.0573076408096476
-0.0903980810302471 0.160144231654518 -0.321674399438346 0.0508925161206673
-0.191954155471283 0.127516774475015 -0.367826427565625 0.0854101536417375
-0.280568243484403 0.13071611366499 -0.189063511131159 -0.0425768825145394
-0.155994362706038 0.176186586346279 0.0893627786492072 0.0345500648105021
-0.00682763588451686 0.227382009516132 0.191823424420274 -0.226370351391883
0.105469591648059 0.17226674900407 -0.0123890126738127 -0.341187449408099
0.164427531307485 0.0437217661737589 -0.265848324839718 -0.23825593297076
0.143275232153484 -0.038816319715154 -0.31317079290396 -0.0347992726109506
0.127642398489407 -0.102341383256476 -0.236137555027164 0.101034901737698
0.102535652443299 -0.131717235203409 -0.132603208402697 0.143662640020608
0.118114688244921 -0.13049201154293 -0.0968640279132641 0.135862198938484
0.153286561895944 -0.049661993158913 -0.0731434404913287 0.123561302383218
0.185258096351474 0.0222124800386122 -0.0724794172742713 0.147790215158516
0.156665517083989 0.178533543158052 -0.124044930905589 0.164900174033662
0.0295895579717817 0.276277614774276 -0.221204011946906 0.108756558260293
-0.173619219688651 0.235174108069552 -0.276052176124715 0.0931506141077041
-0.324808463455129 0.149603632180782 -0.286277456631039 0.101927380559331
-0.403077079996465 0.111221834376969 -0.0641648352388863 -0.055911748335963
-0.299705246099069 0.217358844969595 0.177230258954999 0.0384073704421352
-0.0881034123139726 0.356270789273549 0.279269589286993 -0.222113720953279
0.12749516462792 0.310530833104488 0.077082417995378 -0.363645883826376
0.255938217384285 0.103238411616323 -0.206275507498087 -0.278952738580652
0.222784920742662 -0.0371264223267975 -0.252728833765592 -0.0766413714890695
0.195347575467648 -0.129068914813251 -0.184051204660254 0.0479774807291514
0.152515991154304 -0.176567035577163 -0.0852765119946182 0.0900738846115058
0.161255885880496 -0.180292141698229 -0.0389559842721491 0.0880250350055069
0.199757899521699 -0.0804917522502593 -0.00277460856757988 0.0900341174078423
0.240501673686893 0.0100558548457545 0.00158840194309051 0.140773187670514
0.214741461742514 0.215282096204257 -0.0537211249506768 0.185328776220525
0.0508959984103275 0.345364663419422 -0.166367991015578 0.146891001852048
-0.210015489535523 0.288631868188412 -0.221197039710694 0.108347241439883
-0.40347535442789 0.162283798208088 -0.17415111185406 0.0965060823653933
-0.456245705577809 0.0683557024796933 0.0884380000678092 -0.0556541958173165
-0.402601161252124 0.201637349712221 0.275143179629743 0.0500139857018774
-0.179564584557295 0.413439998807149 0.356911583819218 -0.182214937595993
0.102690338864784 0.403816652439945 0.172756523411817 -0.340279333441251
0.297250720794987 0.161220367824491 -0.111815321128215 -0.287500222250768
0.268177409208822 -0.0234400204031139 -0.158952843850828 -0.111275415681626
0.233575957633371 -0.133187894091614 -0.107539172302348 -0.0119312676170894
0.179949333787066 -0.195434440521284 -0.0259315216688875 0.0239794587373463
0.179402814625227 -0.204443467962561 0.0257940835325174 0.0255358303050443
0.217218203276428 -0.102291327596637 0.0699194918093669 0.0414812148649354
0.261670434177746 -0.00724913559633012 0.0762629400760209 0.117985826030291
0.240197292534787 0.219583799089871 0.0134163731337048 0.185577679622359
0.0613386864299048 0.363823646800888 -0.113565158965765 0.162804974882278
-0.220098401702779 0.297641100432704 -0.167496059911823 0.0940365137167511
-0.42472266141802 0.148777986596859 -0.0522446271279402 0.0713866874198864
-0.426241332969867 0.0184787077159432 0.239250719360775 -0.0427515073482068
-0.421946944954969 0.138418698811253 0.358077769777868 0.0672407048387639
-0.237557608496895 0.377159373879155 0.397741105350492 -0.115771490568003
0.0476968533609988 0.410719555598832 0.247145921085234 -0.271597530472573
0.27558390503254 0.187373263928324 -0.00609706978298182 -0.258357304769969
0.263192246643271 -0.00779221952631136 -0.04980605040937 -0.126860619064221
0.233249975769914 -0.11727657881199 -0.0203421536117634 -0.0668824202364211
0.180280771817946 -0.184097317622683 0.0355455900830085 -0.0444825194977757
0.176203920366385 -0.19802590288186 0.0872592916113167 -0.0413254986275072
0.209304274220129 -0.105782868594081 0.136521155537091 -0.00878878135538966
0.248560430897918 -0.012144149184943 0.14077088097344 0.0927526928105743
0.222875344941953 0.208091545170643 0.0657486598199635 0.177050678761252
0.0436531781113488 0.339771149667912 -0.0730880832743778 0.163480668031238
-0.219853377776096 0.258259166653483 -0.120533418656515 0.064674576614638
-0.395445432085539 0.0992465248321196 0.062365761624271 0.0402748675205634
-0.314941214159303 -0.0274738996936235 0.35647947038603 -0.0271686233534644
-0.346266480147486 0.0582563499963013 0.406465289160041 0.0738280635055879
-0.229543104170986 0.267954990753541 0.392672435491155 -0.0508641737909808
-0.00181781872979561 0.330168718925859 0.279084973926078 -0.188685465970874
0.205545972313184 0.167276556858617 0.0838345946315612 -0.206273179119529
0.210828798427773 0.00224982404186779 0.0483965409752065 -0.129262179501258
0.190433746715154 -0.0882412196034761 0.0599513958335357 -0.111028189342777
0.15239394898668 -0.146776636077968 0.0903773191380594 -0.105019494041695
0.14980916761405 -0.160382644943791 0.143007801642821 -0.100720293470196
0.179599366542692 -0.0877481807815216 0.195092985132901 -0.0492884266988548
0.209432643498565 -0.00462522624837821 0.19618317827835 0.0773748646682874
0.172339732368385 0.184122773569985 0.101012164435663 0.173973685341154
0.00840488488311858 0.282324494172522 -0.0470598013072069 0.162851994614974
-0.206721289406418 0.184639440774462 -0.0812505798355536 0.03460063512961
-0.319113854380145 0.0299414158000522 0.162084080963903 0.0168099249827801
-0.14748906954542 -0.0610751990296925 0.415159291432028 -0.020706522952471
-0.202714657009073 -0.0146584725185914 0.416379301340883 0.0582365015468047
-0.156845038465822 0.130412626428332 0.355151772325945 -0.0152482919093289
-0.0269504968407813 0.191774646038958 0.272092554175904 -0.128755253496487
0.112008383968695 0.108650856211631 0.138416743019123 -0.159592445134184
0.125713836222776 0.00417263629683225 0.114107643425042 -0.126875816758023
0.116632849441262 -0.0489283658648267 0.117066303345317 -0.140553252075783
0.100698055794379 -0.0865529077592161 0.129186649265741 -0.148126321753056
0.10240517558047 -0.0981808715699735 0.187508625252183 -0.142949275360635
0.128409973267862 -0.0561488855500466 0.24069809155322 -0.0683475493443485
0.146763177955089 0.00722096588162064 0.236535637963922 0.0807155888707393
0.103237062390583 0.14475887220141 0.118105283831366 0.183370642067608
-0.0288716530663374 0.195282246888238 -0.036440645510796 0.167754706457111
-0.17219204654676 0.0891317926339299 -0.0512055054914343 0.0153872925610338
-0.20355622181835 -0.0459754745429448 0.238649009948074 0.0106639690199578
0.0455690992932733 0.0660523886966514 -0.285872312572492 0.058311535320205
0.084555561597357 -0.0265872857303927 0.006525590771565 0.0442967180392741
0.037545774000713 -0.0795837413547288 0.0434622269567565 -0.174822034385155
-0.0393679968629756 -0.0618778025842377 -0.134101048670965 -0.207782254002608
-0.0565103145372149 -0.00093615441639194 -0.281860727964016 -0.0876077242764428
-0.0370519847533675 0.0166707760839402 -0.29747869921681 0.0855968090318877
-0.0362821151555134 0.0138488315224247 -0.203053091038503 0.188778472968357
-0.0326222502043614 0.0139015259652148 -0.121469002515235 0.197090166742799
-0.0286833501749378 0.00108847745656944 -0.114238363970868 0.180276094786773
-0.0136400901808881 -0.0168326108124732 -0.124738303972259 0.161190030306601
0.00594754066949726 -0.0366265249666993 -0.135569010055037 0.153650506523422
0.0485379855921292 -0.0358574684322724 -0.200337474927125 0.125343698616612
0.088064865099852 0.0185391490664216 -0.28643685186203 0.0520752347672601
0.0565093002026987 0.0837234665311639 -0.333233794692407 0.0427281922894581
-0.000908941668856097 0.110562138601754 -0.373160270746722 0.110320185839414
-0.100755075897489 0.137625094877905 -0.257377798737655 0.0199342281495765
0.00275756584938641 0.093051313133653 0.0296465793811263 0.0284057574915635
0.0519738208134958 0.0587146111497837 0.0747929711387766 -0.214787982447603
0.0503433456155438 0.0233891715293035 -0.1205838820339 -0.263063351677773
0.0448182167287415 -0.00625829516948447 -0.30270025001745 -0.125107199293979
0.0382874093793293 -0.0262562625306527 -0.314632666942348 0.0657259310029504
0.0312205083987797 -0.0601203398517075 -0.217854031471364 0.179762958307125
0.0224646953140872 -0.06704205636525 -0.118620727883957 0.190956505278683
0.037620618931054 -0.0731519462561603 -0.103199747326501 0.176560593364158
0.0739313713034245 -0.0401947278565475 -0.101121261329367 0.155836421729407
0.100861047402629 -0.00891681369188661 -0.105573203343062 0.1557874524203
0.110047426367094 0.076803005292098 -0.159743491475889 0.145599179649771
0.0625557096652313 0.153398691270112 -0.247540739512113 0.0880813820495553
-0.0582817359790929 0.169198514795731 -0.297216108647179 0.0928617613288391
-0.163023157122214 0.154980497100493 -0.33450201947648 0.132448554978067
-0.245240907041482 0.179080096582607 -0.181902023297878 -0.0227499488608916
-0.11229364496745 0.19697532490158 0.0862332353580261 0.00693958091167019
0.0357437708623378 0.212233453768061 0.133552623491036 -0.251596415480945
0.130837002148702 0.138427825182138 -0.0785793223218864 -0.322216765737863
0.156141902883733 0.00924670048317776 -0.297240153674511 -0.172782887435289
0.121907075050811 -0.0576867120912958 -0.300681508114457 0.0269944786160124
0.101504156322696 -0.121815787701365 -0.20908008395817 0.141786738426863
0.073596915607271 -0.138401600832125 -0.0969442390488428 0.157428061097075
0.0891895979185778 -0.143988657500794 -0.0682052524271017 0.146419713761358
0.140880386939264 -0.0752562195219144 -0.0522680705149697 0.132435760331813
0.181242278324825 -0.0107868592426408 -0.0494531263345069 0.154449278821964
0.186091927851345 0.145126611377511 -0.0997790473763231 0.171173048675846
0.0781789025826255 0.260360888724853 -0.196357092421557 0.129302169918615
-0.125097467936767 0.253340018833034 -0.245968479890152 0.129635035662481
-0.287291230006146 0.196824501481045 -0.251201337323128 0.140149879319224
-0.361700005222308 0.18252123392355 -0.0621160036367264 -0.0609078615917562
-0.238761159304145 0.261469993638294 0.171539737769812 -0.0105461250445132
-0.0147430664433106 0.347703726576769 0.212088029702809 -0.2688098958531
0.180759264858196 0.262872285026773 -0.00479187960205841 -0.362285827887451
0.253063496015441 0.0469788434993076 -0.25195346007059 -0.217710002579479
0.197486090359626 -0.0727770205367282 -0.252747995787086 -0.0217818680712435
0.1624241020616 -0.161388372729489 -0.171237602377607 0.0843021192362962
0.113255901637824 -0.190883343382664 -0.0611207818479409 0.100848894825479
0.120413346725254 -0.200373528359416 -0.0210563649443991 0.092537452120844
0.179553221777627 -0.113192462328056 0.00919359751820928 0.0900252253738793
0.231222091975367 -0.0326633672620288 0.0200711605657004 0.137732891082914
0.249492217542369 0.169688850062522 -0.0306418262387927 0.180256723388839
0.109940331394887 0.320752589139297 -0.138331037178672 0.15737547518309
-0.150273313879184 0.310669206918548 -0.187997085685172 0.137869289194569
-0.360708186168029 0.221316383451417 -0.143439933431017 0.122590933275684
-0.417485910362119 0.150255958404469 0.0850211396490802 -0.0865779311568181
-0.335704154759603 0.263866847398807 0.268645857139274 -0.0190783008624385
-0.0897203637358346 0.41950947435468 0.291342539551763 -0.24943131520263
0.176568823882887 0.356474036234012 0.0871498712591764 -0.359372685257363
0.303860001806491 0.0921684694384158 -0.165668719579186 -0.241642003890826
0.243329051463713 -0.068786829912024 -0.169570482935754 -0.0692611032760023
0.199221828518175 -0.174179834194832 -0.110800449982403 0.0147890043641254
0.135978922373188 -0.213329298984521 -0.0162917603014916 0.0288411171463722
0.133366416162878 -0.228028948265099 0.0304062356166863 0.0225159333877034
0.190997532435581 -0.138323143734947 0.0712439650729354 0.0331737405356917
0.247690292622972 -0.0527190921962626 0.0880728915497795 0.104980434912563
0.274522453797156 0.167230618530068 0.0329512167918964 0.171762173517035
0.123672616549974 0.336025218107462 -0.0855422535037313 0.164068512552241
-0.156902701514861 0.320918424545341 -0.137877711218664 0.116867052724714
-0.384108709670341 0.210545173642118 -0.0305488496668602 0.0827143326068909
-0.395274099219756 0.0952136501978187 0.230029536590717 -0.0967426138210446
-0.364514851851117 0.207460324053234 0.353233503410816 -0.0167534742662679
-0.150832370245224 0.396509611757015 0.343694981179155 -0.194510193872932
0.127639586529988 0.374899453015885 0.16994795362321 -0.309353084896643
0.290370549633329 0.121510123998544 -0.0604321202728497 -0.233403982774767
0.243240488943853 -0.0552242580928913 -0.0698846460757439 -0.104781647013149
0.200821208290695 -0.16037520022924 -0.0381327536260812 -0.0531868274021097
0.137740173796514 -0.204600005020797 0.0289388499882689 -0.0443788477485954
0.130089429167715 -0.221684455481816 0.0786790164617134 -0.0508326712000855
0.181272922523479 -0.140763375359314 0.126959515874774 -0.0256530661930246
0.234723911110476 -0.0562438785018079 0.146750961598035 0.070993471676352
0.25382540331685 0.158417706590038 0.0821545026088463 0.156591228107042
0.102698988468237 0.314223408959214 -0.0458510172410128 0.160816491089731
-0.164052046998648 0.282920710494106 -0.0986071889724648 0.082697984572178
-0.362673995165378 0.159369316489793 0.0728488451024659 0.0375716101275408
-0.296490663637637 0.0294068030523499 0.342262623742232 -0.0959451955870898
-0.308758418474506 0.116536980814226 0.403408849875419 -0.0124093954679112
-0.162967297303688 0.291829091981122 0.355783484882938 -0.128975140747691
0.0660210114377715 0.308415912808349 0.218653972093811 -0.236291109654401
0.222806682326222 0.114997903632997 0.0347556815287611 -0.203116574581962
0.196773237049612 -0.037862269487449 0.0224897021174392 -0.125336311108593
0.166219155124111 -0.12456246737034 0.0311082432237796 -0.110537455499481
0.118545355774679 -0.165255001556893 0.0685606830894671 -0.110575226332413
0.111963362830276 -0.181886561146051 0.120960409955214 -0.116037422072662
0.155597333959462 -0.118649636973056 0.176672483826084 -0.0734112668383498
0.197173230053645 -0.0428927644643993 0.195581724302794 0.0465420108601372
0.200738475000297 0.144697746866364 0.116427799625487 0.148897315909085
0.0586791713547902 0.265043015142849 -0.0200472820880786 0.157529830426384
-0.164752030148412 0.20924045899103 -0.0674467566892801 0.0490375560842779
-0.301283799359407 0.0788664052601803 0.161667067432218 0.000796698867876725
-0.143165359354219 -0.0350748829778614 0.397707801046425 -0.0925812040349843
-0.186301358957177 0.0201405631566383 0.409269223253097 -0.022120619904611
-0.119283169896788 0.147441737066011 0.330972573179027 -0.0818983158477786
0.0146123343800901 0.183289123203185 0.229829742330196 -0.175359250193151
0.125560129740649 0.0766660815927859 0.0986662695089157 -0.172534035242897
0.11730270465159 -0.0221742238555142 0.0855063581668664 -0.138000384496372
0.102465795756636 -0.0718964256661516 0.0821441629330385 -0.150473765649847
0.0796344526605442 -0.101705895188204 0.097533768370055 -0.157314989038444
0.0788453398968836 -0.115547191720337 0.155195345077365 -0.163005957074716
0.111421559697773 -0.080149055593239 0.217647211956557 -0.0996845384649693
0.140980521063396 -0.021092505988887 0.235191264890572 0.0423402441877433
0.126919744753347 0.118523545361425 0.13568352005718 0.156676986350459
0.00781355065848903 0.187967741286552 -0.00864773784690827 0.16348296940621
-0.148117463253165 0.112893165242982 -0.0437862746811683 0.0258736510333396
-0.202642589697238 -0.0134100530252962 0.229237656548379 -0.0170377605190473
0.0450342422288973 0.0601055543498872 -0.266917460738897 0.0688031597523037
0.0783744903314708 -0.0279867437581229 0.00818548883261391 0.0412000972073603
0.0317562472702791 -0.0751812047175823 0.03436318268106 -0.169579460691125
-0.0399416730812911 -0.0562311254331259 -0.136275760365529 -0.191286250077915
-0.0520907333238761 0.00243548224186419 -0.27044550386702 -0.0685342321436836
-0.0337110818019145 0.017769786316317 -0.277084176274632 0.0992739582475726
-0.034142565207871 0.0148348527143522 -0.180846355941009 0.189092680691036
-0.0297523058029026 0.0143519117947569 -0.104415660500893 0.191256055490688
-0.0273354146212396 0.00233018104634366 -0.0955657249602699 0.177665499075059
-0.0136309069993123 -0.0159486037156154 -0.108436463504095 0.161853947111131
0.00375973861817052 -0.0355367197501599 -0.120687263590208 0.152660940621172
0.044541140273221 -0.0355788149398092 -0.184221934174031 0.126329902446953
0.0840273177168715 0.0138193091624698 -0.27038687268548 0.0620052343758479
0.0558782632459939 0.0751852735341349 -0.313600182488471 0.0536764968237595
0.00304192882908917 0.102582079525165 -0.350312713713893 0.119734443668064
-0.0894361516480734 0.135930640067519 -0.24213200590414 0.0303710252279484
0.00632460021238031 0.0886448911481845 0.0300469279278434 0.0250317721381954
0.0523714152035118 0.0545797938093879 0.062098542152597 -0.207692700000211
0.0494873872973051 0.0204703656963898 -0.12555777924458 -0.244881488481872
0.0427903185132747 -0.00846609701203065 -0.292487827139149 -0.101969411664981
0.035671939609802 -0.0266799715410159 -0.293943687490697 0.0800883320717477
0.0252883119974122 -0.0600880641732618 -0.196477315376517 0.181057432767453
0.0171318228773467 -0.0653958646990716 -0.100808973169263 0.185426797231314
0.0311666958411088 -0.0713820941640358 -0.0852507390698911 0.173002735781631
0.0686506293850269 -0.0428613728030933 -0.0864520559947648 0.154428215195215
0.0953863250865826 -0.0145536589747409 -0.0921212687731138 0.153669362353629
0.109197666256799 0.0676255686822141 -0.144123627089193 0.144383967793962
0.0669684746793623 0.141957829873194 -0.232703578771114 0.0945887878564309
-0.048444086309938 0.162128851995944 -0.278754074550215 0.0995587908065592
-0.147863451073878 0.153307560126652 -0.312069435143072 0.140066186441456
-0.223618260970475 0.182194710248989 -0.171321810090659 -0.0147056530535227
-0.0975081302349425 0.192935244158622 0.0829302914607766 0.00273965875777887
0.044224215105377 0.199881502256649 0.116662190929077 -0.245175892537182
0.132488480244458 0.126104886150297 -0.0885006924712809 -0.302764602109881
0.148706200197789 0.000616021036719452 -0.289211341693795 -0.147271379748236
0.113002094968916 -0.0606792306512313 -0.283411675113306 0.041438559503298
0.0893073834542171 -0.122041226162208 -0.1891115568095 0.145463130056731
0.0615621890887814 -0.135885298218007 -0.0821073654264981 0.151549709734763
0.0748126632775889 -0.140577843636636 -0.0543297507345908 0.142831716582212
0.1297793291061 -0.0797289128533325 -0.0410244087242825 0.129593537911147
0.171425109230519 -0.0205611510914181 -0.0374097525703069 0.149782376878122
0.185940706625316 0.128479523512911 -0.0861446236052216 0.166655766256119
0.0873600762735591 0.242066736937704 -0.181843328539801 0.132184616597841
-0.106098725470707 0.245987697381124 -0.226814494911018 0.132404879399577
-0.261939129736572 0.20042575796189 -0.232090199309909 0.14433376693035
-0.333052537393291 0.189716923271924 -0.059070379473296 -0.0564393993368809
-0.214034830575719 0.261180349758528 0.162845957626119 -0.0177760676843654
0.00188701127197772 0.329969120998187 0.190371009639047 -0.263909777610245
0.185347347591866 0.243173093486692 -0.01965678098232 -0.345102464966788
0.242709183994079 0.0312082760148213 -0.247533701343377 -0.192222349391668
0.184573931312784 -0.0787294715423186 -0.240163643729037 -0.00785139585742908
0.144691718989415 -0.162963617564895 -0.156348659467545 0.0886816301800555
0.09571317165293 -0.186910495027656 -0.0512060905819597 0.0957919771484558
0.100664154242974 -0.19493822978745 -0.0117538798505225 0.0887761591188962
0.163990598668213 -0.118187838789041 0.0140924825963943 0.0853024641400526
0.217701920913721 -0.0437640671751067 0.0270939767218985 0.130420788331453
0.248097522335649 0.147553454005449 -0.0194702217492853 0.172755068453361
0.12225798753749 0.297947047955961 -0.124342529715025 0.156412240370203
-0.126878419368752 0.301236425723193 -0.172539718673174 0.137698927100556
-0.33041624632375 0.229093106461911 -0.129826428358933 0.122242546379548
-0.386423867854128 0.163112052350087 0.0788763285405567 -0.0878848168986181
-0.307189017122389 0.267965684551097 0.254369630768779 -0.0301100009826839
-0.0644563729649944 0.400102751385097 0.266550666216803 -0.247247509526219
0.186380022496451 0.331742673986201 0.0680635163717703 -0.347192907832554
0.292044278372487 0.0717332434172457 -0.167175848006248 -0.218285360277376
0.226663019273477 -0.0777714136634153 -0.164330938783702 -0.0579426068626159
0.178836524195095 -0.177832173782445 -0.103098076507286 0.0200054129606773
0.11474902359098 -0.2104190195434 -0.0135465293280285 0.0268153815768364
0.111366695134205 -0.22208657932093 0.031083958998623 0.0200708348737808
0.173011541385318 -0.142949028224105 0.0688334442483808 0.0279367390980991
0.231425154311012 -0.0632602081498014 0.0896576102500147 0.095551131556417
0.27059912353424 0.144714508440948 0.0416119050167544 0.162233757697127
0.134832931236812 0.310212708476127 -0.0733992965501162 0.161814054581828
-0.13303542210435 0.311084199579955 -0.125722779020164 0.116334271839061
-0.351365489419625 0.219351526931719 -0.0253295451155335 0.0790869090528526
-0.368889300310461 0.108530007641127 0.216917999824097 -0.102734705082297
-0.337604975543791 0.214209252694913 0.334367948551101 -0.0312025822994175
-0.125143742829769 0.380432686304684 0.319116947591034 -0.197625523710699
0.140770312140676 0.351448613873015 0.149334819004303 -0.302968281697488
0.280390255104139 0.098585863851104 -0.0674528070420648 -0.215812709968398
0.226161031266639 -0.0645812394719142 -0.0715210131333 -0.0972595159365741
0.181843063443107 -0.164315207958729 -0.0386069191216757 -0.0488242175116341
0.117968926590826 -0.201948152282239 0.0258693731012012 -0.0441568395786982
0.108273097426055 -0.215662115475941 0.0719503361993569 -0.0517278725427207
0.164280686336257 -0.143538123278395 0.118374338322617 -0.0313606924270337
0.217813682338493 -0.0650399732216582 0.143164668530992 0.0606266692635298
0.251013700665262 0.136427769368508 0.0862857566767763 0.146463443523403
0.113984953601808 0.290533924655873 -0.0358773458438206 0.156592975422256
-0.140292396518589 0.275538744083563 -0.0905428664535025 0.0823055100683691
-0.334194198541307 0.169105033527954 0.0710508342674628 0.0315684091347147
-0.27878574172098 0.0424572496076646 0.322723148460443 -0.106285069959044
-0.287481382061283 0.125936647771895 0.381595791670375 -0.0299740416877149
-0.140580385991399 0.282852109750683 0.332618807470624 -0.136304700543485
0.0786925687532499 0.290081718540043 0.197645855534891 -0.23562283186202
0.216215752946368 0.0965466417463225 0.0239516316278689 -0.193182181899874
0.182393742981307 -0.0466049419796891 0.0151122674999096 -0.122582832963848
0.150576781522674 -0.127748323030933 0.0230989028913712 -0.107206012813232
0.101909652474749 -0.163170389634834 0.0589459558415694 -0.107341592376409
0.0942447979777796 -0.177182104212157 0.107135527131821 -0.115221712271008
0.140446586900696 -0.121675931910677 0.161757355493777 -0.0787734797771661
0.183964035369688 -0.0499727162066296 0.187859683858795 0.0346087470678131
0.199709222247941 0.126507866361146 0.118569850238206 0.137181670852488
0.069020863923741 0.246005168546997 -0.0114338131723882 0.15242902745334
-0.144246400740115 0.205724287328322 -0.0623189918688877 0.0494200992339936
-0.280456003265154 0.0904202845300099 0.15294223635433 -0.00720897798636826
-0.136707528627085 -0.0265190560671512 0.374767420583841 -0.105934142796208
-0.175614104070136 0.0282797827601835 0.388156645562962 -0.0377183440175568
-0.105968625843881 0.145054222204369 0.311149149637923 -0.0904184395968646
0.0244141706870952 0.173656850137161 0.210359358085916 -0.177957382965903
0.121926717708595 0.0653604487855073 0.0855632216819803 -0.168840532056022
0.107814267820117 -0.0265444389800445 0.0745739338362598 -0.137444671602865
0.0927010354504165 -0.0738549793076472 0.0687331464432811 -0.147495199696018
0.0693783515935482 -0.100583852939103 0.0835478659584781 -0.153360520200366
0.0667377934104234 -0.112525993965169 0.137488868932637 -0.160639942302567
0.100611619180467 -0.0817425206052012 0.199189477770508 -0.106333360408875
0.131549725365598 -0.027067189938724 0.224723987796329 0.028517134663917
0.127389112888109 0.105494921168906 0.136773013853451 0.143170689313777
0.0166141458846219 0.17621107335975 -0.000642602694033204 0.156654475372899
-0.133075204043408 0.11372936662005 -0.0416639646198442 0.0268012054994423
-0.191226825349722 -0.00124193071039584 0.215696951588372 -0.0276780074699288
0.0427400883136779 0.0567103552508438 -0.251823984520942 0.0712454708152962
0.0733827858257311 -0.0274707134626172 0.00902434437901497 0.0393887070827299
0.0299448522740482 -0.0702690366873681 0.0290136638609091 -0.164099202420095
-0.0386018604730704 -0.0524494490313782 -0.133372464536534 -0.180267969923067
-0.0478926578594969 0.00288352424128581 -0.258816216450697 -0.0585659054644655
-0.0309308105581431 0.0182925137420399 -0.260682921855494 0.103821242573054
-0.0325484030168462 0.0149991837424899 -0.166593230328761 0.185127464623181
-0.0275818034657251 0.0142765613840481 -0.0945593928572677 0.182777429397282
-0.0249984210298405 0.00275886004528437 -0.0850161678061111 0.171568681225181
-0.0135145503444098 -0.015662661627846 -0.0982393643763136 0.158254274540262
0.00227704580231828 -0.0349420301959283 -0.111239763983825 0.148555040456027
0.0416299703261108 -0.0345251429633963 -0.173614748233275 0.122528209696726
0.0805081556162224 0.0110853904387584 -0.259064616369812 0.0635822402614598
0.0527158899196303 0.0691513586884869 -0.298285919395193 0.0555443642449662
0.00356445312560981 0.0970608845690227 -0.332957586826454 0.119484343457064
-0.0826748750296844 0.13163459695308 -0.228685484096806 0.0336941214654234
0.00811349838595258 0.0850827413171109 0.0290682893158643 0.0234555173059979
0.0515707125020023 0.0523963244571912 0.0561867147214076 -0.200374637848811
0.0492655148554441 0.019091728402433 -0.124278672469066 -0.231375281843863
0.0414508842861127 -0.0092730216589058 -0.280329259913778 -0.0893432862500806
0.0345099767262206 -0.0265246065061751 -0.277559417071814 0.0864326419998004
0.0218792046002217 -0.0587172792429835 -0.180244384222702 0.178340142632146
0.0146043506290507 -0.0633328107821659 -0.0907425898339441 0.176971856747491
0.0269006103784781 -0.0686026415760437 -0.0742518401886623 0.167495155710246
0.0646466206739212 -0.0434517714950887 -0.0771258528330191 0.150865552865074
0.0906153748041806 -0.0174123785712104 -0.0835395410629768 0.149388110010863
0.106780556293706 0.0621410336925521 -0.134601054522466 0.139546594668577
0.0668523486108874 0.133711550868278 -0.22109140624157 0.0945457023849578
-0.0440573240195535 0.155018385135363 -0.263549421099994 0.0993512207372668
-0.13833375950882 0.148417884426147 -0.296818031725469 0.139794263535814
-0.208478948834701 0.177776169728919 -0.162272301481167 -0.0119651291125235
-0.0890877676509148 0.186521815302296 0.0788575674184706 0.0011046816907554
0.0468707468902437 0.190538908498605 0.108035205307832 -0.236007709280111
0.131265844701886 0.11891565242697 -0.088697912648327 -0.289282540731764
0.142730555931136 -0.00348401552590145 -0.277275401606901 -0.1317269389011
0.107758426290764 -0.0610337897781998 -0.269582554048659 0.0482176265156161
0.0805373403168116 -0.120502691605926 -0.174687614631539 0.143663678228776
0.0537175157387503 -0.132214486034466 -0.0735684584605449 0.144073757347196
0.066322182812157 -0.13577235934779 -0.0451742351181246 0.137279662549397
0.122255692650307 -0.0803935498737496 -0.0350094787838082 0.125456822722305
0.162125429579404 -0.0248500168107506 -0.0318849657730358 0.144820083564484
0.181713285514432 0.117821830263806 -0.0780806741109175 0.159834724509501
0.0893947948768301 0.228211709961017 -0.171302108643714 0.129730911119075
-0.0968564495346472 0.235763296590151 -0.214278038083484 0.129283688277934
-0.246212404035046 0.196014682151204 -0.218767948492656 0.142025176561178
-0.311236156922046 0.188026484759853 -0.0558560432013933 -0.0544074329093575
-0.198443288796804 0.25338669927113 0.154829630640419 -0.0199466897410743
0.00895397527624271 0.313772000689853 0.178269767562537 -0.254010850333492
0.185052853054771 0.229616729143485 -0.0240810154978089 -0.33075367026152
0.231996907081241 0.0236361930489567 -0.238393555356266 -0.175374806809557
0.174138642240986 -0.0795753523522094 -0.229192500874392 -0.00160353421720948
0.131287122736739 -0.161194243381726 -0.145287788551177 0.0892074214814518
0.0850340684409217 -0.1819690725165 -0.045482116392409 0.090687098578371
0.088603761004967 -0.187612125343912 -0.00671342496868081 0.0848093983335124
0.153390425966799 -0.117753268161152 0.0162101627840736 0.0812140933560126
0.20568253477665 -0.0475282030358309 0.0307628808361489 0.124645206160281
0.241420187418437 0.134246599428598 -0.0140314097683428 0.165249304166507
0.123433136045673 0.280014755804207 -0.116232087204696 0.152631704343389
-0.113317715811989 0.288822962017087 -0.162252299538403 0.133455231185556
-0.309272637934626 0.224709808397508 -0.121102062281639 0.118968640912266
-0.362274661574679 0.161357450806844 0.0751927439018704 -0.0864833035513201
-0.288304174786039 0.260996892374177 0.241988739282637 -0.0330871158077514
-0.0542074153284599 0.383942279082223 0.251796080056359 -0.239577630417816
0.188188661356131 0.313988326447596 0.0594543103056116 -0.334311945628176
0.279761874383124 0.0599495161861329 -0.162025816921342 -0.202768353118139
0.214144905044226 -0.0801888718078992 -0.157833290975114 -0.0523171942754496
0.163993184125979 -0.175496239708965 -0.0970029490728766 0.0217001119445249
0.102341853287193 -0.204468059623237 -0.0116595122702456 0.0241281181297324
0.0974744722350498 -0.213209002106968 0.0316736963869623 0.0184999815957239
0.160790076207182 -0.14058494142698 0.0665728635383773 0.0248269752556419
0.217889615091045 -0.0663960980147852 0.0895106347775865 0.0902265061311506
0.263497994995478 0.130326595842275 0.0438373994741945 0.153909857876343
0.136655893399445 0.290985850756549 -0.0677979642799143 0.156501871121614
-0.117958027868254 0.299515943860882 -0.117815994087822 0.112225264014285
-0.328924286046027 0.217163143754805 -0.0216885518418106 0.0754333702221785
-0.347960218515674 0.11004341638637 0.205654870912166 -0.103739272577731
-0.316809434319279 0.211857685366358 0.317846367146984 -0.0361438975179591
-0.111527479958403 0.366081171874066 0.302650276782626 -0.192231025057831
0.144762765457188 0.333280355319625 0.137187171087147 -0.294225456886785
0.269045563149851 0.0867053009868492 -0.0680073833397907 -0.202833967457619
0.213018477673383 -0.0665657440414254 -0.0705396243287926 -0.0929399236845036
0.166775224272652 -0.162116158167645 -0.0375708029973813 -0.0452991636451293
0.105350849972195 -0.196095221809208 0.0230751084816405 -0.0438126382860594
0.0949395318339456 -0.207119125330888 0.0676051622110135 -0.0507843634066083
0.151915762669959 -0.141292685409181 0.110902173475178 -0.0328229354103639
0.205036709723725 -0.0677269750866832 0.138946482200166 0.0546789507664837
0.244427535800536 0.123422298148887 0.0873718102573487 0.137893220673549
0.116331971978487 0.27249801492076 -0.0305748953676187 0.151031492256183
-0.125579276984851 0.264437706547281 -0.0851274554837086 0.0797521459368609
-0.31297450947015 0.1698398354825 0.0684852666142795 0.0280977003574621
-0.263564587785651 0.0455224785197009 0.306634306133948 -0.107657748036607
-0.272189564306576 0.126450179647666 0.363684558201014 -0.035602971392772
-0.128447892182314 0.271653013614541 0.315635618814452 -0.133316886354868
0.083537523566372 0.27611350665974 0.184557258661873 -0.229338561288751
0.207390158421137 0.0858179954358925 0.0191561364946791 -0.182916998731557
0.171401389122065 -0.0477029011821834 0.011245099692778 -0.119678637971066
0.13912146913174 -0.126207364438047 0.0185735143053338 -0.102651994083892
0.0919408205784945 -0.158964276547029 0.0534115265175381 -0.10374920794319
0.0826264528683417 -0.169759235324494 0.0986041728232062 -0.110969357287652
0.13003531800665 -0.119541462389746 0.149919367264599 -0.0797499249076864
0.1726406181356 -0.0525131145144225 0.180080686827049 0.0293521728187502
0.194057829631125 0.115011715596147 0.11662438346109 0.128467809952912
0.0719654950067999 0.23134666701038 -0.00792722054344642 0.146347481153435
-0.131119017942171 0.197565241721002 -0.059280479469602 0.0485268156471104
-0.263186918384635 0.0933236444105811 0.145479048053374 -0.0106358461403379
-0.129765364823054 -0.0232473716133313 0.355461943550723 -0.107865164927478
-0.167259693396363 0.0305369824723962 0.36958571113978 -0.0431353399863315
-0.0981754539626955 0.139636899316728 0.296303148987331 -0.089976400736755
0.0280284740952657 0.164786519455747 0.197185635202158 -0.174032784758746
0.116512012345721 0.0581018219108339 0.0781950023205121 -0.162063969321419
0.100058468146156 -0.027307451305965 0.0672304660125977 -0.135019911179911
0.0859270967617687 -0.0728508120031345 0.0603352023369232 -0.142989124568455
0.0627553955685098 -0.0980299316047762 0.074934218820761 -0.146162363153554
0.0595901467176757 -0.108004320975148 0.12512388563074 -0.15450798781694
0.0931266853538491 -0.080314136356105 0.184406803700113 -0.105539685755468
0.124419681357669 -0.0288254881700744 0.214434775533576 0.0225936418246625
0.1250751447328 0.0975968729756977 0.133864173798195 0.133886549207263
0.0202353769099705 0.165947197416117 0.00233549008783536 0.150184651625182
-0.122451097833155 0.109173462916697 -0.0401810179870723 0.0260572514881964
-0.181285391571076 0.00382614067667993 0.205297277254667 -0.0309340816561655
0.040606748394099 0.0557512381561816 -0.24301571965888 0.0708115411674658
0.0704096001708679 -0.0267596911332786 0.00904349249940098 0.0393879046707671
0.0298838388109716 -0.0674184627620704 0.0275130774794098 -0.160756927494544
-0.0370147168752717 -0.0506204406793503 -0.130129532657631 -0.175294888727411
-0.0449666530561035 0.00248595994985727 -0.251957719708732 -0.0546146979278089
-0.0283609018338037 0.0181302614288398 -0.251283347000322 0.10549056624071
-0.0316154292231537 0.0150757942513515 -0.158831758031014 0.181604522077227
-0.0263940271918789 0.0136399767366499 -0.0900952253990253 0.177626021623108
-0.0241546854206911 0.00276352265040301 -0.0785961136996942 0.168598166879111
-0.0127978908258351 -0.0154667032027748 -0.0926414382615132 0.157029551639206
0.00185063466708894 -0.0339431970822548 -0.107041966878205 0.145510019647749
0.0406646345676008 -0.033126788667364 -0.169024313945989 0.118424310225428
0.0781418648728421 0.0101424617207333 -0.252752390755318 0.0630669932986165
0.0490749073176866 0.0659759327305761 -0.288741379117918 0.0544130698771511
0.00282286619591644 0.0935000943794353 -0.325529744007344 0.116927589432311
-0.0798171543894449 0.128653574673492 -0.220707577670068 0.0329385910298892
0.00799666077051856 0.0837983461220321 0.0286282703260498 0.023267660253161
0.0520168160151245 0.0520927209646659 0.054612805641647 -0.196201464537586
0.0500442918559512 0.0192730820695611 -0.121188745943018 -0.226304877656074
0.0414250167841036 -0.0100377997355686 -0.27176604965287 -0.0840877714923934
0.0343921177486882 -0.0257589255061648 -0.267633576161104 0.0881113573483888
0.019846748299215 -0.0575746857689112 -0.1718347782578 0.175145585482516
0.0127614645435544 -0.062876865903003 -0.0859377820991514 0.171133411430398
0.0256370264163996 -0.0669686666346495 -0.067915582833529 0.162704048481692
0.0627382701733244 -0.0435444468267876 -0.0721272112868454 0.148678384744612
0.0874386891422182 -0.0183178233178496 -0.0798171814998139 0.146107873494651
0.105435123894442 0.059935341212178 -0.130465598786781 0.13568647220491
0.0662246713907136 0.129340477897767 -0.216009136783995 0.0927586499505678
-0.0436050040542963 0.149830661401747 -0.255620793346762 0.0961918111763583
-0.13504406496862 0.144835941388125 -0.288031924480749 0.135445184939912
-0.201482431847049 0.173823442632041 -0.156887908131733 -0.0122806704626584
-0.0856632732712822 0.182676725870305 0.0766963518735691 0.00217878204234082
0.047364584133148 0.185385327364313 0.105433634636416 -0.23064374546557
0.131086787107483 0.116182345323817 -0.0868699554213534 -0.282788332036621
0.139076818756986 -0.0049058412853451 -0.269163216444311 -0.125546607385694
0.104952746245034 -0.0608511102515152 -0.260177568391963 0.0505375538578804
0.0752130610712284 -0.118190562927715 -0.165295894379294 0.141845648907796
0.0501411365163224 -0.12979741530617 -0.0699392009277673 0.138823338425999
0.0620611720755277 -0.132030769667483 -0.0399251496732717 0.13327244406596
0.117978020500373 -0.0804796367228737 -0.0321618115006801 0.123455553226404
0.157386111892821 -0.0261570698766728 -0.0287176316391187 0.141679598946341
0.179362705026564 0.113211016460577 -0.0741610178239199 0.155468980472556
0.0891826609108879 0.221450778591962 -0.168016734089562 0.12673480697955
-0.0931978801083619 0.229143131961404 -0.208039802802996 0.125745925456163
-0.238432345009059 0.19188912856978 -0.212216210616606 0.13799160030806
-0.301148444098898 0.183714636007503 -0.0538510094014547 -0.0535478548293824
-0.191764531974426 0.248320449120491 0.149976848851259 -0.0193817720487315
0.011130866684252 0.306352918112026 0.174391584330864 -0.247535471444511
0.184480621479952 0.223520912267085 -0.0237297990829827 -0.324307207553653
0.225812678816416 0.0199614071185134 -0.230943359872736 -0.167534866370867
0.169026493563602 -0.0789829532644541 -0.222162768343532 0.00109691262897068
0.12493432992584 -0.159494338492685 -0.138414178453125 0.088236353811473
0.078719305203306 -0.178429943249178 -0.0431320461132557 0.0860059675095108
0.0823065072361442 -0.182006800812199 -0.0038584043523456 0.0821940477742645
0.147350905278166 -0.117614234887128 0.0171331748358788 0.0798600445191883
0.19939449228158 -0.048612791689813 0.0313914017404557 0.120946032373876
0.238495643897621 0.128227845938848 -0.0119460934660747 0.160559423900553
0.123160540418264 0.270723906744791 -0.113329077554922 0.148824678800457
-0.108663106230303 0.281301892709521 -0.157651779066042 0.12910087798605
-0.298546154248619 0.22038756015531 -0.116937268120885 0.115217682077487
-0.351757770643216 0.159049591341518 0.0736261412474687 -0.0856655414114605
-0.278231694196283 0.257226335316797 0.23469689792233 -0.0333831216336307
-0.050642163816267 0.373560138076115 0.246358711215109 -0.232793297151196
0.188743264210579 0.304833082415594 0.0569945577736945 -0.327724605328812
0.272299649424434 0.0557255074439596 -0.156837238094273 -0.194677588254624
0.208014920924586 -0.0792629448883185 -0.153666082832296 -0.050431873989528
0.155863657713263 -0.173924526022611 -0.0923492555064902 0.0224395018127257
0.0955000315108038 -0.200751158298939 -0.0111135384478197 0.0220390193832295
0.0903116012560445 -0.206531040151719 0.0321385130991299 0.0169759952367669
0.154918066103965 -0.139843007653074 0.0642519326479441 0.0238245271433471
0.210736130656211 -0.066765307915076 0.0885357715814275 0.0872205509536337
0.258655851913311 0.123361214929019 0.0446389809448006 0.150044967573884
0.135065872221907 0.28097150572873 -0.0653388916394262 0.153801799351338
-0.111854006727615 0.29008435157013 -0.115484986566251 0.109424101047633
-0.318210005522296 0.213774791605971 -0.0204093205370902 0.0723330177541529
-0.33715076285664 0.10941832258907 0.200613015304654 -0.102779933200536
-0.307696712729244 0.2091444277903 0.309097101417746 -0.0363378437733081
-0.105118740687195 0.355760583690005 0.295065287964822 -0.187340182113288
0.145884528154102 0.323482370366648 0.132414562168788 -0.288469069560648
0.261886313854794 0.0815752677456512 -0.0655519852658415 -0.195693979133812
0.205815650172684 -0.0664035277937035 -0.0688941852715932 -0.0914062615596588
0.158695744391446 -0.160906703201556 -0.0363964932106365 -0.0435854659488833
0.0983559418840479 -0.192463668474715 0.0221179550350447 -0.0439701264469371
0.0877178922885111 -0.200538974310607 0.0654109650774909 -0.0496246115967251
0.14541479857219 -0.140029731741959 0.10572092499929 -0.0325143157692534
0.197395612961407 -0.0675832398681245 0.136357815600298 0.0527488677331433
0.240019825684482 0.116528636655764 0.0864816556296608 0.134133038331606
0.114646511654066 0.262630854379149 -0.0296752298518391 0.148290777550011
-0.118773917372146 0.25636080428181 -0.0833020219097159 0.0777622020501392
-0.302531163885113 0.167526039225382 0.0667065168061656 0.0258261953749783
-0.25482226555473 0.0445538349728714 0.299080908743922 -0.107052726829985
-0.263963040752385 0.124438852690877 0.353659369565277 -0.0356965886293942
-0.123256869391829 0.265079402207155 0.308118950454065 -0.129651903452917
0.085795046060572 0.268782431596349 0.179051159273786 -0.226750784060067
0.201257157139583 0.0805263983163545 0.0185461973434014 -0.177774216525874
0.164934810354934 -0.047021299451595 0.00933126265530925 -0.118364019844576
0.131732366079651 -0.124954367542949 0.0165451415565666 -0.100269303906287
0.0860638437621028 -0.156218865528174 0.0504528963537629 -0.101172624856104
0.0770577482493744 -0.164850827620206 0.0940423569303061 -0.108563979684655
0.123746601631332 -0.117492589009091 0.143023611573435 -0.0777760422447068
0.167197405599598 -0.0522130004559304 0.175478582417321 0.0271469516997772
0.190876571253678 0.109114038158139 0.115126575898923 0.124860164631044
0.071578442810464 0.223045708295878 -0.0072481260132827 0.143007331073399
-0.123972615349467 0.191812922172479 -0.0583139815488152 0.0470958526131183
-0.253687230617735 0.0932679904873361 0.141192116347457 -0.0125405532322132
-0.125992430992856 -0.0220075814973717 0.347612890047805 -0.104688478557257
-0.16228376657792 0.031268971929843 0.35799221183153 -0.0427116356711633
-0.0944521230879879 0.135761310982133 0.28817336729276 -0.0870942200369996
0.0297733951731427 0.159869855980295 0.190957964172606 -0.171906714793376
0.1128682241887 0.0548765032754837 0.0745822708376241 -0.158293513332807
0.0954489381220287 -0.0258242727237827 0.0638820498335939 -0.13436045634659
0.0818799844350203 -0.0714235659586609 0.0554634228039212 -0.139641493159941
0.0592384593648226 -0.0955490980637763 0.0709553708668301 -0.141469591728731
0.0560611828415753 -0.104662045823275 0.118862975976592 -0.150017749599707
0.0894345972302349 -0.0789523970992345 0.17606194732767 -0.103304558437963
0.119634580885381 -0.0289239518661229 0.207893262608766 0.0203243129888093
0.123208864095833 0.0929236990127978 0.131044849888962 0.130042556406041
0.0209345108540601 0.160367122684461 0.00315700629590459 0.14629179883435
-0.117220730749854 0.105439615647665 -0.0403534383687345 0.0258562337822924
-0.175687710529949 0.00597411056052072 0.198670195517466 -0.0324422258303514
0.0399565217959661 0.0558578295130385 -0.240023735041276 0.0725755394758643
0.0689166494620427 -0.0262556380637454 0.0103487450181572 0.0412546403766877
0.0303540464200381 -0.0668497263914875 0.0273510356298985 -0.161372593281741
-0.0367860377698635 -0.049291664090475 -0.130719622518175 -0.174845612073493
-0.0434456739551557 0.00281921471543389 -0.250516228855297 -0.051092180442251
-0.0268367243667414 0.0182432611679215 -0.246342811443536 0.110918188902755
-0.0306239522370106 0.0158081993566874 -0.154391515195713 0.183558415826238
-0.0263184983880416 0.0133996370792256 -0.0873456212834977 0.176793001711481
-0.0232436909297322 0.00240270504641603 -0.0746585777185606 0.168402675102931
-0.0125562117554037 -0.0154312698176281 -0.0882343834629714 0.159185358479651
0.00115863751525155 -0.0342723618136075 -0.105271246463945 0.145995692605568
0.0404907008408393 -0.0325165173116993 -0.168514992709596 0.118345839431381
0.077653743565762 0.00954239876534165 -0.253132407506621 0.0648341177593381
0.046706484373561 0.0648505128674514 -0.28706846026286 0.0539362701825371
0.00222763588657815 0.0931271102759069 -0.326118638725778 0.117617224146851
-0.0793845214139513 0.129112155569051 -0.218946842302382 0.0335183502019777
0.00831900415737558 0.0836912307396704 0.0290034209248813 0.024589866737703
0.0536127083937398 0.0519992555542755 0.0539636987305724 -0.196546108061844
0.0512854648053184 0.0195176989959658 -0.121722011049263 -0.226352465903038
0.042369324011242 -0.0109968185496269 -0.270407025530819 -0.0803320348927193
0.0355743803420104 -0.0267985976005507 -0.263682961211573 0.0932793287729588
0.018142001204299 -0.0580227743563931 -0.166969415205852 0.176595792246311
0.0108466279249635 -0.0638217257044564 -0.0833457091052216 0.170019419843917
0.0245568714923187 -0.0672541733791256 -0.0632656963709322 0.163108905157205
0.0625229210890396 -0.0452054281692331 -0.0684079823506693 0.150803248455992
0.0867012440345007 -0.0194053304620107 -0.0772261019272938 0.147006395516833
0.106919749918862 0.058927004274236 -0.129991121901196 0.135099599982852
0.0678918554565893 0.128428397460619 -0.217304051500392 0.0943773043364555
-0.04510895982152 0.149537902337101 -0.253911950597897 0.0965851235064236
-0.134328096252178 0.145977324888181 -0.28751049103505 0.136026493654093
-0.199094554569982 0.175016926885162 -0.155496348989188 -0.0117243959922549
-0.0841136346004565 0.183363773864701 0.0765016614286631 0.00226741252683066
0.0501199493822713 0.185219037299804 0.105000187936026 -0.231099069594507
0.1342807213332 0.114957568114994 -0.0885702594273302 -0.283580763869566
0.139290573567495 -0.0066373329276752 -0.267392665254794 -0.121558597057111
0.105697886666777 -0.0623576801648158 -0.257948982510531 0.0544500897169467
0.0723243029438113 -0.119732587850589 -0.160588682942488 0.142859300108264
0.0467364883092183 -0.131411311484615 -0.06775911402853 0.137214966970895
0.0595397615069489 -0.132122228414897 -0.0358662919618466 0.132595046645299
0.116948013646636 -0.0828479318405066 -0.0284953495391112 0.124433963035657
0.15661701993995 -0.0288740725884935 -0.0260446912635785 0.142063096529577
0.182630747575602 0.110431347139845 -0.072682549567501 0.154578020274695
0.0915636107805333 0.219278505410426 -0.168506283160749 0.128980095757386
-0.0925313728736409 0.229153187705411 -0.206291804256802 0.125674364125083
-0.236811770577127 0.193947064448995 -0.210986550649115 0.137740785547512
-0.298997294329679 0.186360910925041 -0.0537518414851478 -0.0544436391529855
-0.18956076650237 0.249396136041907 0.148738963766289 -0.0194350030430755
0.0143035777460548 0.30611890385883 0.174160771224317 -0.248790957905017
0.189754612461158 0.221974209129813 -0.0261536576950862 -0.325543049432467
0.22565233233386 0.0167115707707573 -0.229221354666759 -0.164262421575154
0.169068298947772 -0.081220024794989 -0.221166448912344 0.00397552104796827
0.120333742666187 -0.161836861609656 -0.133639454101786 0.089986352503903
0.0737003095170785 -0.180261761003217 -0.0422546334111644 0.0848103128600572
0.078023306125634 -0.18164712306749 -0.000819080266095977 0.0803892151432389
0.145152592983984 -0.11981430829222 0.0187796631263164 0.0800836674784097
0.197132929260082 -0.0512984910051965 0.0341318535594356 0.121180897491959
0.241443982547658 0.123664274398285 -0.00967446184289854 0.159719182577666
0.127015011503806 0.268317089498358 -0.113049645116767 0.150386300604771
-0.105803183676719 0.280617736341068 -0.156761465985777 0.129752478606296
-0.29574824607739 0.224367792137538 -0.115718697320954 0.114558961753744
-0.349273598062044 0.160528919029851 0.0725114502050995 -0.0871901083248751
-0.275611303588228 0.259262420300596 0.232467647420637 -0.0342073504047551
-0.0470686796868593 0.373104635044559 0.246002128878536 -0.233521013312561
0.194147139126922 0.30298812780938 0.0548533823148902 -0.330340357823699
0.272473273156651 0.0510321020610424 -0.156863764149073 -0.191777427546953
0.206758139949594 -0.0821638103709843 -0.154201451305135 -0.0492525639222591
0.151188339417807 -0.176822952936147 -0.0891994981000584 0.0232421397509994
0.0902895703272411 -0.202987157221829 -0.0109176627038769 0.0203900728972774
0.0854776398200182 -0.205752171197191 0.0335597110487586 0.0156096335578313
0.15156080787991 -0.141796092246187 0.0642620577859428 0.0235501142359717
0.208347478341021 -0.069753881629355 0.090691067532567 0.0862058406754867
0.262439459982629 0.118893778805584 0.0471316880185202 0.148980544490149
0.139402240051446 0.278135701004236 -0.0648994396510249 0.154385078926331
-0.108887453881618 0.288739354196391 -0.11462512975328 0.109751363325261
-0.314828659682825 0.217366235291063 -0.0196949938419838 0.0716328747737642
-0.334928305519797 0.110321693664325 0.199424488062406 -0.104416212980152
-0.30503342403428 0.210354858142913 0.306660762814853 -0.0382373453627106
-0.102993282829482 0.356105830832754 0.295837125503826 -0.187594022316202
0.15260147565608 0.322649773410169 0.12959917908388 -0.291221405580202
0.261476684403314 0.0768523677473665 -0.0655663580508272 -0.194280042356739
0.204641591108448 -0.0678872710017938 -0.0700754887576503 -0.0921173638745955
0.154238948194112 -0.163777826187794 -0.0357941427920473 -0.0435070787637862
0.0937178700350205 -0.194784002539557 0.021027573209882 -0.0443201355513403
0.0835453822019846 -0.19903617303373 0.0650307862068722 -0.0503751898447941
0.142568160215311 -0.141297006199502 0.103994549273236 -0.0329283881717082
0.19537180480196 -0.0691257406771943 0.137996875865527 0.0509999648966975
0.241985133704405 0.112405837306613 0.0882837763423576 0.133075147454543
0.117854094630722 0.259604750608826 -0.0291611036556842 0.148777490574926
-0.115873892144164 0.254873065954641 -0.0835758507604295 0.0783179353530492
-0.298889795320669 0.171243765648254 0.0673008312008801 0.0238817303456047
-0.253032542762035 0.0461866541525043 0.297950395056436 -0.109017725062565
-0.261704125285457 0.12706614559036 0.351541299724006 -0.0379965635752581
-0.120029809283131 0.265589642380461 0.307996078893105 -0.129934376695941
0.0901346712028225 0.266473461025038 0.175431989216608 -0.228339917315761
0.201110882574142 0.077061052218267 0.0177534896555489 -0.177062943408232
0.163191356803144 -0.0479197583208849 0.00795133101239375 -0.120526662362083
0.12867153541302 -0.127664403583974 0.0153941073853583 -0.100271544083358
0.0818376296091466 -0.157633277727347 0.0484398376530018 -0.101612496929871
0.0737161455454415 -0.164068785916478 0.092467685646364 -0.108663168068361
0.12136406533764 -0.119881349608434 0.139403401438815 -0.0782515353877152
0.164934979159273 -0.0536776227381459 0.17597447253761 0.0253690215977811
0.192654450112715 0.106395602500458 0.116828932487768 0.123563535869817
0.0744879158498991 0.220378850537283 -0.00663661699980158 0.143087724723999
-0.121259881562056 0.190276399636243 -0.0590201409209758 0.047558722258364
-0.25152636108963 0.0965375658199812 0.140728405037111 -0.0146900362322977
-0.126407137746155 -0.0205877304486014 0.345658149938378 -0.105839758779956
-0.161755969536527 0.0326121148530188 0.356053420388799 -0.0448361545087027
-0.0927747360956893 0.136076572485546 0.287491148237454 -0.0872084486207779
0.0321120254846584 0.159005266612983 0.188140061093445 -0.173547933996447
0.11283087180846 0.053189573837863 0.0730395996899337 -0.158993887556017
0.0938385575715763 -0.0257167467708669 0.0608950376551264 -0.137144613619878
0.0802524707730809 -0.0722734955781393 0.0527099841339766 -0.14018835615988
0.0571497012235492 -0.0965962748230699 0.0682156199247108 -0.142326698007033
0.0534635576990318 -0.104125436683803 0.115603808274303 -0.149879685680818
0.0874617020641171 -0.0800764475085009 0.170970308258133 -0.104277270653965
0.118008631371914 -0.0297186711989075 0.208442953965878 0.0184965690986749
0.124609765147839 0.0907188388750626 0.132448289055958 0.128983825871278
0.0223899335732641 0.158265258624289 0.00337563061540511 0.146253264210047
-0.114989590925742 0.105055907790313 -0.0410872790500119 0.0253053655845756
-0.173585378846884 0.00877811802007642 0.197590663539779 -0.0354908150938702
0.0448318683791228 0.0545575194018469 -0.24018218772701 0.0906213533487387
0.0652477632461606 -0.0325138587342267 0.0163363297363927 0.0464006500999289
0.0211124317741126 -0.0710926021943253 0.0209335418065478 -0.161121528554382
-0.0454389905612455 -0.0446717232364007 -0.139271404710771 -0.16797149904384
-0.0455448741115853 0.00927869078801602 -0.255274874579368 -0.0332976483763251
-0.0243162421846601 0.0239989777475259 -0.235146503082623 0.131043693505047
-0.0291283153256986 0.0219012332658865 -0.134457265650623 0.195585993349508
-0.0247340594148983 0.0167433292325558 -0.0709816566048757 0.185237216903931
-0.0231572187985887 0.00480746971484703 -0.059060654848801 0.178827701139086
-0.0154581726833928 -0.0156565491384818 -0.0748567941145811 0.173491723809564
-0.00434443820169334 -0.0356089681491086 -0.0951583330879344 0.159622525629708
0.0369797627054176 -0.0401304804780416 -0.167176613833459 0.137398092393995
0.0789806999344653 -0.00326992182461954 -0.260194151648558 0.0883090304341975
0.0521157948729861 0.0573204875212881 -0.291854003764841 0.0723410019758061
0.00797806787754173 0.0909622198383191 -0.324454872360597 0.136222696013466
-0.0632641031756555 0.140573971122159 -0.226078686411731 0.0405469727818061
0.0175637399366377 0.0819284834937188 0.0271725853318961 0.0244663013144987
0.0583636740978664 0.0437797543275173 0.0349721140134679 -0.197506706906097
0.0510881740555183 0.0108550368633782 -0.142369592095886 -0.214688125313972
0.0369341253545039 -0.0129668895035758 -0.275937791437178 -0.0547860713368327
0.0325718304613903 -0.0267075464497818 -0.253039335888555 0.118419347664299
0.00944920806710078 -0.0580605846533934 -0.144921810831771 0.195456583155063
0.00477593469056895 -0.0630692016570609 -0.0659849839325296 0.177292330672455
0.0159611349196488 -0.0698563639995905 -0.0481716788455185 0.171475791154602
0.0565765606796518 -0.0542933961655082 -0.0561215350515485 0.163697337991947
0.0819752822388099 -0.0299578984583181 -0.0675297017376173 0.159633705099034
0.114229525351422 0.0438954613888193 -0.128919244276485 0.149461042104476
0.0805704902513381 0.117377619297872 -0.221871074634011 0.111350579014652
-0.0345333197248904 0.152123083666289 -0.247239396614397 0.113021068428491
-0.129031711947358 0.157839863991313 -0.274284780919549 0.15475235254396
-0.175995219135312 0.197301524249991 -0.168592910875588 -0.0179483609574964
-0.0617086494747361 0.1897116099614 0.0671138495425147 -0.00723331814713174
0.0707103043706856 0.175416107772811 0.072400221058745 -0.237161924517512
0.146385060941733 0.0945282857153235 -0.122376200037524 -0.270090171771829
0.132763492291859 -0.02047159114569 -0.276348219246057 -0.0905849835997674
0.097680126480423 -0.0686711569977917 -0.248269392385666 0.0822057646534515
0.0555679841075091 -0.127670169415348 -0.141230661149109 0.167048459617432
0.0326998835309588 -0.134195509566127 -0.0533413845407216 0.142676618024274
0.0429517181736122 -0.13774624481606 -0.0221076402945675 0.137548902128614
0.106785510445535 -0.097503976583791 -0.0186627084235822 0.134433947354136
0.149335624693203 -0.0462286253167223 -0.0153321392179656 0.151351537103342
0.193930599088081 0.0873791673545371 -0.070755343591713 0.165176510151045
0.113130218863723 0.20685199472432 -0.170832794055783 0.138792331174438
-0.0758309600290712 0.238722491953167 -0.191713671375987 0.136547623513662
-0.230029525511078 0.217890928575869 -0.187556859357588 0.152650463480337
-0.270441751685276 0.217182428636079 -0.0695387891713202 -0.0747217333143741
-0.157555232123062 0.265533086354437 0.133215731468933 -0.0415285009031306
0.0504366445544448 0.298089026508271 0.130717078207488 -0.263667740552304
0.215693630227197 0.191449386175067 -0.0733366859322458 -0.315030046025924
0.220176516389177 -0.00809421318540425 -0.242807841020838 -0.129792452823069
0.158860421550925 -0.0949507358805821 -0.216287708426631 0.0308712869182248
0.0981619923699677 -0.176329016328046 -0.120020315078228 0.115793584789834
0.055455138346137 -0.186336382143234 -0.0317581280730864 0.0871087384907026
0.0559450937251167 -0.188476048068488 0.00762229021191232 0.0812712674345578
0.130764509119835 -0.136304390003631 0.0260788369133203 0.0852215638922893
0.187624267170986 -0.0722546684191551 0.0448730074622765 0.126114104247157
0.254293487785834 0.0939342362176487 -0.00625831228100438 0.165777792267018
0.153330016673651 0.252839239887492 -0.114667723365173 0.155020638536549
-0.0839193957751969 0.292029651696276 -0.137303720278393 0.135082259858071
-0.288182963888949 0.254756968943967 -0.087792445682335 0.122979605788175
-0.322748763053526 0.196380201187946 0.0576199051346173 -0.118235801597921
-0.241327003758543 0.283313829808523 0.216189483446741 -0.0671323956586317
-0.00124789454086654 0.370156386639811 0.197621314924071 -0.259471501127985
0.231934949467117 0.269929579606239 -0.000418257348740413 -0.325622786512308
0.270013530867186 0.0197405688019901 -0.174040382391044 -0.160430591325716
0.195891886724619 -0.0999580365761833 -0.153998251453229 -0.0269527703860184
0.12643871210806 -0.196166739277478 -0.0829647036983355 0.0472380774986683
0.0689741703945734 -0.209827064974914 -0.00601148206688061 0.0200271179060543
0.0597926228242542 -0.212185307998448 0.0363944243971907 0.0120856745292419
0.133710990291247 -0.158400429171063 0.0671000034866244 0.0240223356992991
0.197156277925909 -0.0894258114775657 0.0998541918250974 0.0856859019064157
0.274620854822669 0.0869899104447373 0.051881267510172 0.151074682055505
0.166981404994718 0.261249413613716 -0.06453289834807 0.155129930769421
-0.0848446828583594 0.301090290023538 -0.0951788938678257 0.111020502204132
-0.305845974395621 0.251044862420198 0.00909453252961003 0.0726672175839854
-0.314494896193093 0.144548761400706 0.1880358470499 -0.142362659288016
-0.275201529960965 0.236513570986746 0.292629541341332 -0.0785532236668979
-0.0581265885469994 0.359988902549956 0.252913402063429 -0.221067624318079
0.192541732106938 0.29346373990295 0.0764137719403372 -0.295645184806184
0.262814485628662 0.0449366642660065 -0.0846227728291729 -0.171064920503951
0.194608979965205 -0.0870536469613538 -0.0759930691936537 -0.0778630688038611
0.132270133218961 -0.184842856250939 -0.0377738281938741 -0.0241832308701156
0.0730962546671787 -0.201898992454581 0.0194484298227146 -0.0478636055771239
0.0591605090297785 -0.206875397014951 0.0619551535137215 -0.0579532997598529
0.125553660056462 -0.156213487132183 0.102530133942345 -0.0383309559423168
0.18450540874847 -0.0876404412587817 0.14521561920966 0.0442001692016006
0.253489159137251 0.0829993589716247 0.0946175929808186 0.130455450988528
0.143729965161728 0.246342895263363 -0.0271514820204078 0.146759161135051
-0.0949125107432438 0.268165290792289 -0.0663546076850142 0.0790157681201425
-0.291821979819803 0.202959475514046 0.0917427608380277 0.0208451713863114
-0.243165436704307 0.0705585556284429 0.290736598617632 -0.145350383622101
-0.242004266064952 0.14897687141666 0.341334442025636 -0.0785852792704428
-0.0850285939580756 0.272520896994151 0.277328449261218 -0.165700975394274
0.124702332498873 0.246847470906037 0.134103482350471 -0.240480826933674
0.203483818126922 0.0506870366302642 -0.000818289924982658 -0.165059755932981
0.155152059819845 -0.0628481727213613 -0.00134375766421459 -0.114936692302762
0.110994405700404 -0.144839893862085 0.00680641297689781 -0.0887675188929989
0.0649460994733623 -0.164823791294738 0.0416897359742816 -0.107315878962361
0.0534219612549275 -0.170327424605296 0.0842082761148638 -0.118427233177832
0.107282072977909 -0.130363632049764 0.134978337123606 -0.0878571534368682
0.155710635812461 -0.0681674373598647 0.182349754330854 0.0147193878626803
0.202294613638563 0.0841617846867869 0.123777037520924 0.118126673616023
0.096080273577909 0.211490725025559 -0.00163587759291513 0.139924807945052
-0.105835417400618 0.202332729350598 -0.0467242172013814 0.0483977653942831
-0.249103626209655 0.124136006432015 0.159179481592924 -0.0213666897768553
-0.125735110581922 -0.0104837794381444 0.344490762170837 -0.135732496686405
-0.153453033030584 0.0441719335618865 0.352078501782065 -0.0789867756901558
-0.0737234503033814 0.141540058868396 0.271210432431808 -0.1175683282608
0.0535026846784816 0.148836209237024 0.160336131832867 -0.188358969605564
0.114403344375851 0.0367782949503193 0.0565706957793533 -0.157812142912183
0.0889669649225434 -0.0352786670757322 0.0486962898798313 -0.139483852887668
0.0700388325892783 -0.0840924896687669 0.0382864420695247 -0.13662144770669
0.0463647645906516 -0.102238351477371 0.0571574875713355 -0.147686522242746
0.0412105550296815 -0.107658808541138 0.103076065968924 -0.162772291769554
0.077366708120723 -0.0878511115395986 0.164772746274946 -0.118512336041647
0.112375001511355 -0.0397096478804551 0.214420242142285 0.0034778634034301
0.131770133699176 0.0773258760112331 0.142435907945231 0.121693606456251
0.0366063671651112 0.155314189051354 0.011784332832201 0.144439951204435
-0.107510499414054 0.115242159983752 -0.0328001750881104 0.0285461685513035
-0.176441042530414 0.0271000947127454 0.208173678635198 -0.044426961494288
0.0472214622804814 0.0534807796107871 -0.234690376407915 0.102459669351316
0.0621792208242026 -0.0348419718632899 0.021226901163869 0.046786469778135
0.0177212583132231 -0.0721319193333835 0.0134231327837939 -0.163583059639918
-0.0466962820985081 -0.0416271123385109 -0.148400427291053 -0.162066570477815
-0.0436548769411699 0.0109485122324281 -0.256079088343278 -0.0189971256271865
-0.0221134566747351 0.0248437347942961 -0.224137288735147 0.145570051655189
-0.0280196414400182 0.0239787753284788 -0.120872510545275 0.202192887979395
-0.0240963273503864 0.0177261009846403 -0.0593682130388629 0.188074864544972
-0.0226399814574079 0.00550375651607267 -0.0466421086207488 0.18206786085113
-0.0165893449524153 -0.0155887945294164 -0.0620850739976686 0.178428105873193
-0.00669036041943531 -0.0356788624331485 -0.0865232036719624 0.165044581816552
0.0352942094163767 -0.0414409549594871 -0.160600192677314 0.145994931920419
0.0777316904644892 -0.00771605646096436 -0.25565426446574 0.102851146869281
0.0521311840115159 0.0567512857463138 -0.286937561517796 0.0850050633112111
0.0119796545506234 0.0908480563399179 -0.319071552248278 0.154022245563442
-0.0559499330032682 0.145049883963613 -0.223460040583197 0.0513119711277707
0.0213977438031217 0.0817882487630602 0.0301795147093209 0.0241029997544333
0.0619443691436618 0.0405070091066469 0.0255891192374594 -0.200880089683821
0.0539073523425804 0.00835713249339181 -0.153213128674482 -0.208534022715325
0.0373899703367369 -0.0160604244951615 -0.277577868766246 -0.0395357863562584
0.0313973374631724 -0.0298006265017909 -0.243093388561041 0.133411709679626
0.00520155145915613 -0.0587271458579839 -0.130557063601452 0.202172403061356
-0.000784429418927497 -0.0639379091703921 -0.0559167355208877 0.179340252495127
0.0118418447373715 -0.0713288423721578 -0.0354101913795375 0.173550305415709
0.0532161623394947 -0.0579011211589071 -0.043510188829164 0.167345470552003
0.0800997601574749 -0.0351047773735802 -0.0580301492504164 0.163430094466365
0.118142197568785 0.0373109331389768 -0.12202327300618 0.155886259593496
0.086437377009247 0.112621719980997 -0.21653408320993 0.124173267771323
-0.0278954909221475 0.155331699199551 -0.239930640047837 0.1224899245427
-0.120778464889548 0.165896203300717 -0.266801103642399 0.168883209305083
-0.165396639246089 0.207643695887185 -0.169611936065108 -0.00997508405400645
-0.0522730491251362 0.193061794877503 0.0669592228780861 -0.00906716387872204
0.082133633131665 0.172035051391416 0.0609428050850754 -0.242152357608715
0.154959610455849 0.085044171377199 -0.137641363227265 -0.264488415982763
0.131354631277372 -0.0285485496708463 -0.278170563545324 -0.0752478034309698
0.0948912997617593 -0.0755509125943286 -0.241824403356852 0.0969113135695433
0.0464957619885978 -0.130958636991406 -0.12817361296509 0.173938885149817
0.0227175483028343 -0.136669899321231 -0.0443092699687335 0.143699160524398
0.0342136199531643 -0.139685081752723 -0.0123241605392651 0.137154252350774
0.100497910247559 -0.104413481611262 -0.0081794700702304 0.136240096518916
0.146950026169205 -0.0549478351234452 -0.00564265004763755 0.152092815467335
0.201790163102147 0.0745447717718135 -0.0625571306855267 0.168396732570247
0.12546979047548 0.200329632554722 -0.165026146391697 0.149195594456134
-0.064780111560598 0.243524764070229 -0.183169771019174 0.145222405262389
-0.218115522451964 0.2314538337015 -0.179869321677227 0.161733384783975
-0.259237141439579 0.2318515127211 -0.0736803615576142 -0.0716951932626636
-0.143703408410506 0.274008564407037 0.131530241608852 -0.046253936766042
0.0680671600106982 0.295004515565107 0.118067393008876 -0.271438690013732
0.229556814756087 0.178190530425063 -0.0906935554989449 -0.311907163391841
0.218984272531956 -0.0206985195411556 -0.246684792091572 -0.116757390381041
0.15360575907373 -0.105216495416953 -0.21305941451418 0.0423086445864558
0.0854993306392055 -0.182458157592609 -0.110197158582849 0.120464491262724
0.0412410122836961 -0.189373272386843 -0.0266557888601918 0.087336423023082
0.0435222820373029 -0.191087187830632 0.0137158917203582 0.0788931744283113
0.122101435277821 -0.144811906218212 0.032652948205599 0.0845283613436961
0.183141475676135 -0.0836515775317277 0.0535867778684159 0.122998860969296
0.261751592638517 0.0775262261479037 0.00314360165248965 0.165556105458453
0.167830272478628 0.24289682173103 -0.107307890585 0.163725238375874
-0.069056894392272 0.296777487016621 -0.129837829273578 0.141933844257215
-0.272517585756235 0.271897524875339 -0.0802331840491465 0.126129959086024
-0.312105498844537 0.214347267822195 0.051249788547635 -0.121243898919621
-0.226670393103972 0.295994446700523 0.211814644200027 -0.0765698004495614
0.0198234572149015 0.370694532850756 0.185980585703908 -0.270616978797483
0.250274863101545 0.255962890134386 -0.0190624011845956 -0.327632823081379
0.270090692466957 0.00358207734393787 -0.179739526605473 -0.151006879916825
0.190233352748899 -0.111885265016491 -0.155865731035451 -0.0193074238534795
0.112501716676704 -0.203780294200175 -0.0780693909447675 0.0503087696779079
0.0534491558835429 -0.214216076896378 -0.00569136878937569 0.0193412171896051
0.0463283406439736 -0.214717832017455 0.0374656738170256 0.00893187561507403
0.123441360127982 -0.166852825512772 0.0691284610572044 0.0205826748535588
0.191156600525924 -0.101075874036865 0.106431142354317 0.078927411190939
0.280975383106184 0.0693675442725614 0.0605788708955371 0.14734186203741
0.182128849092626 0.250878664520588 -0.0578905703387878 0.160776141162471
-0.069375813310739 0.305246578110541 -0.0898869737272532 0.1162954806854
-0.289658154818124 0.269009143899748 0.0122984011988264 0.0706942059514404
-0.306607870965355 0.160494804615688 0.180308427896932 -0.15166096092966
-0.262668094194101 0.25215090835991 0.287840884290775 -0.092432862563792
-0.0376018694731869 0.363311730867386 0.242897696344598 -0.234339812125681
0.212439119721635 0.281382730587413 0.0601613046895322 -0.300539893441581
0.263757976051048 0.0292261857257858 -0.0918229647442465 -0.166749129089902
0.190050048116071 -0.097941489022726 -0.0812837353845553 -0.0747949052673261
0.117946965881859 -0.192081585539667 -0.0373152378181796 -0.0233550641658787
0.0577974497138705 -0.206823804574783 0.0160567576055867 -0.04934498846552
0.0463789907030415 -0.208256635556549 0.0580072809175709 -0.0621226191994026
0.114872468570613 -0.163138750997167 0.100066327504537 -0.0422515730662006
0.178969650719807 -0.0977584037731598 0.148961420170944 0.0360431240008435
0.259827994400495 0.0676135564886717 0.102110423201793 0.125115394906191
0.15835761111873 0.236539791851144 -0.0204202260502245 0.149834022151777
-0.0799522386840277 0.271121848350256 -0.0635628989176084 0.0823203542122714
-0.277683544593277 0.221085824253075 0.0926888074342676 0.0137492799600649
-0.239316989388145 0.0844502505280874 0.284645682761697 -0.160103823352147
-0.233904993085707 0.162225744181197 0.336733627216814 -0.094938621844214
-0.0700505803938541 0.276784150002718 0.269584519198462 -0.17895497118551
0.139835712293051 0.238338429150841 0.120094670233386 -0.247175375207967
0.206050439920132 0.038670740850584 -0.00868574707132055 -0.164674089282617
0.152015354639981 -0.0714371653807626 -0.00951812197329996 -0.116524623297032
0.100554586052719 -0.15089200623169 0.0014153550375618 -0.0898185452797467
0.0526596064505934 -0.168840666915798 0.0348479087160929 -0.108651143327963
0.0428993886806282 -0.171606575145084 0.0758613013750526 -0.123465592643792
0.0979146528068299 -0.136853406650151 0.128203698994083 -0.0947236091008366
0.150981232574901 -0.0764669929166739 0.183866114863874 0.00415138856099268
0.208724864265095 0.070259423159042 0.130783742901534 0.111211750438856
0.107755054099632 0.205364217264636 0.00461077569294288 0.141770618610473
-0.0947702041940714 0.206810908759442 -0.0449988860874156 0.0518336243887775
-0.239945632563298 0.139794927689624 0.157881364438001 -0.0317909862372399
-0.126299989259349 -0.0038639049746755 0.338885047847309 -0.153327067871951
-0.151190499062238 0.0530072458440753 0.34643683066882 -0.096140377404809
-0.0655974128007276 0.144822309646032 0.265566741083945 -0.13042078707961
0.0623097092324942 0.14474456459273 0.148823587433038 -0.196868502538088
0.115365517263392 0.029181250273173 0.0480524571622729 -0.160558181991286
0.0868151589416175 -0.038961756720723 0.0391805685203089 -0.144463129010417
0.063759735405573 -0.087621877261881 0.0297214695345658 -0.138851918340206
0.0393723375627281 -0.105297904567558 0.0478953786711821 -0.150709171698153
0.0344173779025462 -0.109986389154448 0.0928692846510032 -0.167394180428216
0.0716448222992149 -0.0920639041096631 0.155824694909914 -0.125481160222024
0.110118953864518 -0.0453334185292658 0.214823847335143 -0.00934236336367727
0.136628073078236 0.0683784825553881 0.149765462697288 0.114621225921832
0.0456464061261026 0.151754631393503 0.0184644026036678 0.145228454625108
-0.100490392853592 0.119538815457482 -0.0334690492930282 0.0304772805698952
-0.173226225226874 0.0384161744441067 0.204583515265341 -0.0571981132675129
0.048805653314423 0.050710427114586 -0.22202167271259 0.112477987978075
0.0581804337400283 -0.0358940402923845 0.0258398962385652 0.0450609407782429
0.0135605895795187 -0.0714472238647122 0.00336816082820395 -0.162133661345879
-0.0469418020272301 -0.038074987561775 -0.153924446771339 -0.150078269973906
-0.0404957275406073 0.0124150384216884 -0.248777309982946 -0.00335217279295935
-0.0195346536371719 0.0239378789611915 -0.205570426364829 0.154967275238561
-0.0258903165909403 0.0247423507307781 -0.103235381347868 0.203768120566766
-0.0225010172758201 0.0189250128521487 -0.0456519150581849 0.186014375568121
-0.0218769744495043 0.00687454348071719 -0.0321896928397441 0.17916508569115
-0.0170965190558139 -0.014485077507223 -0.0473114521041339 0.176930265310731
-0.00910484256339872 -0.0338914886886865 -0.0745951301310152 0.165926345660591
0.0327323213212638 -0.0424616507654249 -0.150169198058051 0.151078145798678
0.0744901484889925 -0.0121328207366423 -0.242969601045994 0.115848598101855
0.0530582706542169 0.0544667833964932 -0.27349231749232 0.095825608935086
0.0163984861494042 0.0879611260827227 -0.304098103248894 0.166636897787055
-0.0463193403800689 0.144746077304586 -0.214808256874963 0.0620304893117439
0.0251216970885671 0.0799313689407343 0.0330593612422679 0.0233619725805634
0.0635253556869595 0.0358247353203009 0.0140771467115013 -0.199118853835163
0.0546977481931667 0.00362993631064128 -0.162029826230632 -0.195284868315775
0.0360834055264381 -0.0183422188696916 -0.269993592084285 -0.0223825492609869
0.0292549029320527 -0.0317042294880167 -0.224675144222939 0.144589393085776
0.000907953739056118 -0.0569260568180435 -0.112339683200297 0.203086337459806
-0.00581905264599387 -0.0621960496499464 -0.0428310075065595 0.177092407308543
0.00627416057421414 -0.0697444426498638 -0.0216600163303063 0.169577629092537
0.0477174529426257 -0.060362930888517 -0.0299356383979723 0.166073414877702
0.075271769300141 -0.0391455012387699 -0.0460593047322206 0.162471573707976
0.118459332386941 0.0283796308585923 -0.110697036919729 0.158387250738245
0.0905903608752519 0.104111302859827 -0.203491223273656 0.134742678028865
-0.0199154373025001 0.155247952875744 -0.226434914077094 0.130875265976649
-0.107887561825453 0.169018678390678 -0.25159940045621 0.17837472431194
-0.148984599780302 0.212686364475811 -0.165791054866173 -0.000719147779114458
-0.0396690516224992 0.192378239558412 0.0661386670107237 -0.011240138992824
0.0914190769999426 0.162703684834624 0.0469469656343734 -0.241154126845708
0.157985968436778 0.073117053684926 -0.149372056276151 -0.251246763053542
0.126783407251999 -0.0358738799106946 -0.273166890644559 -0.0576772795495196
0.0883890789801283 -0.0808063096725752 -0.227104173817037 0.109216398946533
0.0352404470030365 -0.129617511017754 -0.111641897288067 0.174153783979189
0.0110930632175106 -0.13393529389478 -0.0346015799556555 0.141396738400757
0.0236565956453338 -0.13824253801972 -0.00160707972786768 0.132735605012574
0.0908603030694747 -0.108670343435828 0.00272553878844857 0.132702191558786
0.139030717967486 -0.0627701574444869 0.00434576901956274 0.148521604622061
0.201968650682938 0.0587672054136617 -0.0518884850175939 0.166751863301556
0.133699466291071 0.186302054671856 -0.15248724871598 0.156978827411862
-0.0500656246339416 0.241827697761466 -0.17023924174135 0.150792154057432
-0.198756839745273 0.239247207601075 -0.166413532577618 0.166771417450192
-0.240281549711678 0.240198074457532 -0.0757789671866436 -0.0656534966737992
-0.125198045159005 0.27572858660843 0.126048748648682 -0.0508723546288055
0.0850893648865875 0.283953966803137 0.100912160169198 -0.272364012956768
0.237434580937865 0.157720587051614 -0.107310110136167 -0.299100307926593
0.211792260893272 -0.0336751749998398 -0.244871433438238 -0.100792574641923
0.143727841911459 -0.113539027927944 -0.204141536065847 0.054469032390728
0.0691059655973417 -0.182610911149752 -0.0970877215887846 0.12105345311401
0.0245163611107291 -0.186522360538925 -0.0210801119232595 0.0859940997664397
0.0291103163400499 -0.187761372273928 0.0196535408128509 0.0749104525324471
0.108711009256071 -0.148831211364556 0.0386138958369663 0.0803801071446031
0.17290655211951 -0.0924658673453881 0.0607724190670429 0.115651719606355
0.260614395348437 0.0568350081824318 0.0124149857053362 0.160863594159854
0.179276547193312 0.225405723840065 -0.0956995889701801 0.167314195945617
-0.050576298314787 0.293370868329482 -0.118578275549499 0.14443663784938
-0.248575109010457 0.282458195970069 -0.0716996911833838 0.125639266674438
-0.292781319836049 0.226213214627568 0.0436612842721406 -0.120921777619762
-0.203788884079728 0.301349916010593 0.201684376040007 -0.0846666133897072
0.0425034196055958 0.35923377861789 0.167322615673885 -0.274632550006331
0.261674831306868 0.232667915770226 -0.0378827251811596 -0.317922889948463
0.262919882357259 -0.0124878989180202 -0.18139762420298 -0.138034986375718
0.178688172873375 -0.121922786310721 -0.15296824948264 -0.00980107139281475
0.0944517230125865 -0.204947807342079 -0.0707701603289531 0.0514787684654422
0.0346420460794145 -0.211972389484427 -0.00517755734742118 0.0185201519361565
0.030283342718811 -0.211228780183487 0.0375589821284191 0.00504253299970758
0.108909399093152 -0.169778468105633 0.0691502873226073 0.0160257709136782
0.179268192832991 -0.11021291412581 0.109111634868481 0.0698068030333215
0.278850578365265 0.0476327596051179 0.067712579171062 0.139713229947807
0.19330579024732 0.231008844557104 -0.047266671814836 0.161801756553319
-0.0502657656996878 0.30111932983882 -0.0809855829995288 0.118286869585282
-0.26467172554313 0.280882626437294 0.0158330305093065 0.0664888005365544
-0.290260214678511 0.173787400324332 0.16748488900505 -0.156919389446385
-0.241346052371077 0.260955684244581 0.273753228993077 -0.103670310942941
-0.0141110293522477 0.355515505796833 0.224017810856227 -0.241262385064223
0.225838183192699 0.259764860296786 0.0408523147496181 -0.295721524640977
0.25723850791063 0.0123712969406178 -0.0970996770685978 -0.157309940024402
0.178724552204518 -0.107763148920969 -0.0847909444627599 -0.0687136613191309
0.100659243853069 -0.194302415342763 -0.0362339629064842 -0.022182070181985
0.0399252255474236 -0.204977282586052 0.011565487135565 -0.0485905638821409
0.0307981429605535 -0.204832264925593 0.0520842322841737 -0.0641828114341732
0.10036103571413 -0.165755321575494 0.0946406800874919 -0.0471293882680022
0.167157344557855 -0.105630878378409 0.147525365045611 0.0243531431519134
0.257444792517008 0.0468912722331031 0.106716733644449 0.115595629308091
0.169483269100333 0.218980889745111 -0.0112287333001726 0.149232439835102
-0.0628028885049347 0.267912211539132 -0.0578287585455398 0.0842582823479418
-0.255858279559634 0.232917435063161 0.0899021791734493 0.00634118137094803
-0.229092262159857 0.0959877461142967 0.269157624108082 -0.171276458782546
-0.218718949047852 0.172059114942821 0.321229930420278 -0.109781659110375
-0.0509693207968172 0.272969853619819 0.253544799460338 -0.188980351377473
0.152050697550553 0.222235149650133 0.101632844197838 -0.246932723852469
0.200793366035316 0.0250660840782427 -0.0161331460116585 -0.160112785443308
0.14332235954699 -0.0782318778139904 -0.0178977062081022 -0.114053638578367
0.0859798846713893 -0.153610735863636 -0.0034193672478359 -0.0880964378627553
0.0380797749651675 -0.167551224741998 0.0267107958313351 -0.107330007376202
0.0296648604754256 -0.169044038482154 0.0649248774734183 -0.123704562506935
0.0861505585557414 -0.139357136412419 0.118152381322135 -0.0980313614058894
0.142121055867038 -0.0836614698184917 0.179383664832382 -0.00837091579136159
0.207436161537963 0.0546039055123731 0.134117802712847 0.100216293444491
0.117417589902951 0.1909089828704 0.012291635125762 0.139811960508545
-0.0808945019192143 0.205457483720632 -0.0422520764207681 0.0538137755950787
-0.222746766822857 0.150838877131132 0.150295982593137 -0.0414355032614116
-0.123590880275627 0.00383266964292012 0.322971856993766 -0.167744394822425
-0.144107847966397 0.0606450779011776 0.331709372171513 -0.111664423972925
-0.0552389408654567 0.144513987176597 0.252617108609511 -0.14090437681137
0.0699316360086294 0.135481988697203 0.132995971942953 -0.198921175114513
0.112403660385176 0.0216635164119273 0.038300194620394 -0.158681122194909
0.0818963179748963 -0.0423965939799652 0.0277644136258812 -0.144008438812551
0.0554619123126304 -0.0884694718776538 0.0198611304198325 -0.136486800331916
0.0299130294726002 -0.105155726499446 0.0369809256626778 -0.148285493984761
0.0263880009675231 -0.10868317266733 0.0785701707650074 -0.16805836703049
0.0623010482681231 -0.0941649094770817 0.143122921867405 -0.129691766631364
0.103551466311151 -0.0505030294721743 0.208196859591736 -0.0219998711355419
0.139119325836061 0.0575973174023272 0.151573871494661 0.102181384031946
0.0536168176313469 0.143393535978887 0.0259706378416148 0.14164123539996
-0.091244861721655 0.121480546752054 -0.0321747162707674 0.0332056490770835
-0.163783779026811 0.0483656714525799 0.19452993277397 -0.0689281083349098
0.0481902056773719 0.048348559882501 -0.207267566467854 0.116313591737306
0.0540231727391586 -0.034701088009995 0.029143438466012 0.0419817706258091
0.0113635548722393 -0.0683059099723647 -0.0026899306421875 -0.157561250357944
-0.045940188667851 -0.0349414585547147 -0.15285037761166 -0.138725335054295
-0.0376129752066829 0.0121407151900911 -0.237655122388428 0.00586780815909245
-0.0173142134372738 0.0228645813048929 -0.187373732710833 0.15566645546134
-0.0228562026818923 0.0252012283869222 -0.0890579620167111 0.197284743482415
-0.0207153895456159 0.0192758984177466 -0.0361640126961887 0.178825290680619
-0.0205956835792468 0.00663775667279735 -0.0222851392710515 0.171472534313367
-0.0170273427262491 -0.0131800185436991 -0.0365714015391227 0.170882580792885
-0.0103852045299447 -0.0317741465359188 -0.0655225489774544 0.161783201545729
0.0301060490253238 -0.0425698109613917 -0.139587297851324 0.150981703653702
0.0696209836308782 -0.0144963742933315 -0.226877605586225 0.11963164343993
0.0510716597320771 0.0526202499682941 -0.257869597739299 0.0975787272894201
0.0186844407254087 0.083594260621702 -0.286465627471302 0.170595895850973
-0.0390118287395107 0.141448176712567 -0.203057845977591 0.0668748560279653
0.0268171556349494 0.0761767390314326 0.0343074639203008 0.0216885557570185
0.0632812423958381 0.031640958025589 0.00627151491340652 -0.19265656004285
0.0537132975481 0.000637913808867184 -0.162827525082643 -0.182127630790895
0.0344063006658762 -0.0198940704541327 -0.257828555621589 -0.0124020846417648
0.0271290147524128 -0.0334146777482952 -0.206988414381052 0.146599235799182
-0.00222987900388203 -0.0539826009552882 -0.0972890924167202 0.19592159229249
-0.00936259489395452 -0.059215221377865 -0.0336206072726985 0.169714007605613
0.00237270657129701 -0.0672385844732626 -0.012048809386674 0.161271634992802
0.0427414872690174 -0.0604368336354493 -0.0199954249132375 0.1591134903484
0.0703640787739146 -0.0406063158017896 -0.0376036119307193 0.156875685385287
0.115257554826753 0.0217296243935803 -0.101209935858847 0.156320519786027
0.0897006232855669 0.0960459653619247 -0.189294086711116 0.136899770980709
-0.014795983502896 0.151037927996007 -0.211024063831649 0.130639594322322
-0.0976145390561264 0.166141515399294 -0.234927792502781 0.17853569535353
-0.134596909707459 0.209376997536694 -0.158531423196598 0.00524358945014229
-0.0313858839750941 0.186208101427755 0.0644994753473442 -0.0119351422960861
0.0949985306946986 0.151727806823498 0.0363104024321003 -0.234219461097626
0.156542829801463 0.0615829490924864 -0.153441637313511 -0.236261721146518
0.120370003590221 -0.0396352717720141 -0.261671118270805 -0.0470713639975785
0.0810099453661575 -0.0826678439725056 -0.211442079400482 0.112550367263212
0.0266041159905032 -0.124718732990541 -0.097710751755943 0.16795210190387
0.00238717884392366 -0.128287114049964 -0.027395936025488 0.135319042398659
0.0158210123813071 -0.13279569058278 0.00469979955395117 0.125112793132072
0.081341226998813 -0.108150585157265 0.0097077705556643 0.125841326062034
0.130213361786124 -0.0661859335490193 0.0104708269063661 0.141025944276181
0.196737356795386 0.046212285208929 -0.0443940405880637 0.161838613166341
0.135651948785992 0.172195759852906 -0.139814543980382 0.156972237094199
-0.0397050191275502 0.234522290352923 -0.156729830807388 0.147610549035472
-0.179695267032107 0.237313453587828 -0.154192486293233 0.163382511003698
-0.220904215243707 0.23893117402007 -0.0747502971302258 -0.0599188035603126
-0.109937487192553 0.268540530531418 0.11950734685792 -0.0514498336516722
0.0934036593646172 0.268369717768749 0.0866944367914618 -0.266014251533057
0.235464078890432 0.140051892665056 -0.114504128625449 -0.283658498670571
0.201438842480126 -0.0408645326394267 -0.236446087404792 -0.0885785711092371
0.133104070876661 -0.116063348822982 -0.192502483269125 0.0593872361693703
0.056655396090631 -0.176251284368577 -0.085834180375038 0.116494207972432
0.0126404648051763 -0.179323054896326 -0.0169576527131319 0.0820212663611273
0.0185888638575943 -0.18061761556564 0.0226151322068946 0.0691421128016228
0.0965251240630419 -0.147055501706065 0.0420498488369064 0.0749283245528465
0.161200817708824 -0.0959792033273408 0.0629309037739519 0.107445569428287
0.253420038401233 0.0418490834989534 0.0177120392497127 0.152992226994968
0.180150817794843 0.207211290879756 -0.085399611055962 0.165763245992624
-0.037476666923575 0.283445537146729 -0.107619326543468 0.140600911232849
-0.225164782718458 0.279679944478824 -0.065010550901869 0.121562510148679
-0.271041507883502 0.227082541597605 0.037075880463459 -0.116746885226882
-0.184473817143976 0.296120986212257 0.190288157530484 -0.0863621183779593
0.0552269227163174 0.34231952762972 0.150984707357741 -0.269390472353516
0.262647230913882 0.209843163373228 -0.048711375867134 -0.302945521939432
0.250179173328219 -0.0224669483423141 -0.176469485792498 -0.12648998120476
0.166344828163415 -0.125255330686632 -0.147608911870559 -0.0039630404234918
0.0793653208003705 -0.199207257350927 -0.0641179675051943 0.0497738821220779
0.0211366183356087 -0.203385667995416 -0.00494120428658161 0.0178791095997996
0.0187720167711076 -0.202185761362331 0.0362717893220424 0.00231863049445294
0.0955606871134825 -0.166800159592 0.0678369336939613 0.0131296909377172
0.166500930259706 -0.112967134817128 0.107474463777722 0.0616740775396762
0.26902663621265 0.0319592519358556 0.070074506284338 0.130539320132462
0.194418034986385 0.212426184653575 -0.0391666081140903 0.158932150757544
-0.0371397288970956 0.288933406667936 -0.0734438267520318 0.115862337850203
-0.239793974230096 0.279816555705397 0.0170183475494991 0.0613472635410021
-0.271125713060707 0.177057696767986 0.15623342782531 -0.155368933652401
-0.222312294683141 0.258691184885406 0.257526530089563 -0.10733169364161
0.000988099219023011 0.339463183173413 0.207059386601848 -0.23920633512443
0.228026446706032 0.237855090641377 0.0264554629776451 -0.284552467972681
0.246422630724612 0.00146791427111458 -0.0968709750718873 -0.148103496531609
0.166471697809266 -0.110648072200611 -0.0853302392951158 -0.0624716791810351
0.0861320438277022 -0.189157925539686 -0.0356297912462267 -0.0216681406266382
0.0269567725844839 -0.196929294676981 0.00873867148465213 -0.0466813146746055
0.0196180700903814 -0.195801347118485 0.0467538897491994 -0.0636316193131703
0.0877384158563814 -0.162555260415618 0.0888609117506759 -0.0480626711516638
0.155473152591838 -0.107988988234632 0.141870548008674 0.0172050837476384
0.248118885080474 0.0321226762515056 0.106082508894881 0.105883946871813
0.170756699414406 0.200852462227515 -0.00571357956602027 0.145836090358227
-0.0497214321869846 0.257434377121301 -0.05247353315524 0.0825718813142311
-0.232884378065655 0.233701294680368 0.0854199029608727 0.00153493764334913
-0.214783347674957 0.100346365610211 0.252979017468446 -0.172845844680199
-0.203286705760573 0.173221719546807 0.302975248423105 -0.114254426294917
-0.0377909735526967 0.262499689068378 0.237621232683893 -0.189021930458053
0.155200705709165 0.205222014173455 0.0874810143369627 -0.239264254978866
0.19217534602261 0.0156811224246209 -0.020201363865885 -0.153067608518406
0.133598810292047 -0.0809226829149241 -0.0230907472152022 -0.108545628040255
0.0741962214053479 -0.14928708921448 -0.00728917428462919 -0.0856888898152311
0.0267700011946161 -0.161613186498682 0.0209430550689157 -0.102854919737274
0.0207897130046767 -0.161633809287024 0.0565897778948897 -0.120200223918251
0.0746525906467767 -0.135788216134335 0.108768349267586 -0.0971970936106913
0.131534878220077 -0.0857038415358618 0.170621102765897 -0.0153321324249531
0.20116868980764 0.0419173774175462 0.131913388229154 0.0907817513682977
0.120274832197869 0.176416809383369 0.0162322451160024 0.135743116388306
-0.0692456840382969 0.198578157666929 -0.0391619571747147 0.0528493931285634
-0.204367073139894 0.153416355243238 0.141269769517625 -0.045569878698916
-0.11780750464302 0.00966991485603023 0.305281051259058 -0.171581004549721
-0.135795928130608 0.0637681273450193 0.311990649040773 -0.11703165662241
-0.0473530381837845 0.139287232270019 0.238278170769998 -0.142695777514852
0.0718640285168889 0.126487109601986 0.119617351111339 -0.193909346050388
0.106827533693739 0.01670469620062 0.0315025735812347 -0.153406755154719
0.0763089505584981 -0.0423434359475942 0.0188621826810832 -0.139225713072315
0.0479512304837288 -0.0864822042303805 0.0127258513095558 -0.131364020403266
0.0225738859961711 -0.101382655891172 0.0288057529326424 -0.142539627324747
0.0200479001970753 -0.104997352505403 0.0673496912902004 -0.161425168360647
0.0548981780067878 -0.0927083434883718 0.130091732425668 -0.127631590658399
0.0965776845884783 -0.0515999165608009 0.197936765251629 -0.0298494135710983
0.135043976828868 0.0470668662880626 0.14891277419662 0.0918651420458907
0.0569484579466297 0.133860343548124 0.029673419002164 0.1359336694193
-0.0824277035484593 0.11847065052455 -0.0308041973859002 0.0331530504349549
-0.152056347054436 0.0532934931851114 0.181706515328746 -0.0741244446446766
0.0475704877339006 0.0471291737438113 -0.198304834683865 0.113723333330472
0.0520805673435545 -0.0326654420421587 0.0305803241165132 0.0396423549922085
0.0104262671868299 -0.065648795610252 -0.00540482363476955 -0.153238563067745
-0.0440607508738621 -0.0331656671269352 -0.149692696373778 -0.132814245835154
-0.035411836962037 0.0106749067262824 -0.228186106885406 0.00852987453298234
-0.0158184287489916 0.021004377261719 -0.175781134331329 0.151430919907537
-0.021254273826195 0.0249491662684786 -0.0814676441972995 0.189764566620876
-0.0197348937452655 0.0188229290373773 -0.0316116715707153 0.17183587027503
-0.0197229607858739 0.00634389068721608 -0.0176026169471052 0.164402644038038
-0.0163246681976569 -0.0126308977025663 -0.0316237987046303 0.165042492752918
-0.0110533355142299 -0.0296683514134097 -0.0610536015653665 0.156727269088258
0.0283195552226535 -0.0413992826357574 -0.133927960259844 0.147441319517619
0.0657138136546182 -0.0148672453079218 -0.216031953849068 0.117365819905762
0.0493013794446741 0.0518583660955681 -0.2472273177171 0.0943341811091846
0.0185308384915977 0.0801056896943604 -0.276924800511013 0.166549605031429
-0.0355580881175102 0.137805250266356 -0.194807262394271 0.0666193203793961
0.0269205371392445 0.0746168426149089 0.0354636732051035 0.0197709762617554
0.0628799230280516 0.0295771430842314 0.00231593978100835 -0.187429649291965
0.0527765552225733 -0.00126965686117211 -0.160029107019861 -0.173987093916002
0.0336751066880298 -0.0206455636507202 -0.248565558469304 -0.00976997061405136
0.0260615964504561 -0.0336258219820712 -0.194740450699497 0.143221034238982
-0.00294427193442001 -0.0514631546566513 -0.089408739244521 0.188209399915415
-0.0114610434174813 -0.0561844058216706 -0.0292997419343573 0.163137498662359
0.00120720571378534 -0.064971471247235 -0.0079135155472618 0.154182364041769
0.0399228731226004 -0.0593409165171483 -0.0156421262577962 0.152394815481687
0.0667215841133105 -0.0404419495718868 -0.0347894050140587 0.151812077192213
0.11205503761359 0.017936596441047 -0.0972493998512365 0.151651425889936
0.0869970660870497 0.0915361480730507 -0.180538240894644 0.13423031414056
-0.0130458219569248 0.147606591123888 -0.202263528023332 0.124945133520544
-0.0917491138710507 0.161635795249035 -0.226396368338743 0.174054519676779
-0.127059328637113 0.203584103736936 -0.153158429311094 0.00627425262377823
-0.0279475753697209 0.180409955281105 0.0635603427355892 -0.0116890619252665
0.0949779771311535 0.144865361383619 0.031599606644547 -0.227313762542598
0.1527476167931 0.0551921153762224 -0.151295028308474 -0.22659663610169
0.115726155065371 -0.0408673748764338 -0.252175128028204 -0.0438005622223817
0.0768359181595617 -0.0821082619464838 -0.201100935896566 0.110896656921036
0.022951288080129 -0.119916516003328 -0.0903101716024594 0.160537646766426
-0.00215892506028381 -0.123055911828957 -0.0246524521419933 0.130194884727474
0.0118415685510154 -0.128004637179439 0.00721917533974045 0.118485850217762
0.0762314055927998 -0.105992039162716 0.0125717376028633 0.121044151180355
0.124025239527853 -0.0656693155366233 0.0121956623437555 0.135332908258033
0.191144317657785 0.0399596570477576 -0.0419420113130546 0.156842541760104
0.13226355507291 0.16437457715877 -0.132689280608222 0.153917003234377
-0.0363324434684224 0.227351408342028 -0.150079924128758 0.141451573603312
-0.169892918356631 0.231731205875553 -0.147433952074033 0.158364509127187
-0.208931568138846 0.233501865067366 -0.0727513507042837 -0.0564545505596422
-0.10294618178619 0.261181056971199 0.115441462529447 -0.0490027938790539
0.0947580767259784 0.25746488100373 0.0811601437285195 -0.258237942055306
0.230923613029735 0.129528551755718 -0.114875977518459 -0.272389589989051
0.194103977279262 -0.042611441602977 -0.228107713975576 -0.0849844852204254
0.125522955892255 -0.115111114260638 -0.184145626671608 0.0596393030536953
0.0500618039188696 -0.16975257728624 -0.0804593206444349 0.109777940468088
0.0063284620786656 -0.1721338712626 -0.0155820485986679 0.0791277914495405
0.0138898308769175 -0.173399164413673 0.0225714763545701 0.0648581013880112
0.0905249540238125 -0.143513762282179 0.0425984093818326 0.0709023533893108
0.15317929121392 -0.0948544187082942 0.0623558883778302 0.102201376203542
0.245283188276155 0.0337288688925348 0.0179766178892219 0.147220124349452
0.176050371821332 0.196666972941365 -0.079999642616608 0.162127724617775
-0.0330564089005806 0.273852384983914 -0.103039658162913 0.13580315582064
-0.211055008250352 0.272891812098131 -0.0622114446050209 0.11564642300989
-0.258649458271593 0.221408025807826 0.0352399275008106 -0.11230856936484
-0.175677363102793 0.288024504786281 0.182530599168562 -0.0830949691784316
0.0590607353371818 0.328812170486303 0.142959779175906 -0.262002256202123
0.256585572458201 0.195682406773868 -0.0513216073187358 -0.290906149022312
0.240731897822802 -0.0260603666849911 -0.170971579819365 -0.121633540039676
0.15733320125853 -0.123875929607852 -0.14263381806101 -0.00171998203524863
0.0715038850443621 -0.191886616942756 -0.0605659025952547 0.046227313949778
0.0136426234348168 -0.195630094804368 -0.0044210518985855 0.0176028314395845
0.0136723656435858 -0.19401251214306 0.0342200024742972 0.00113440366739954
0.0885196071745334 -0.161287814856685 0.066000801758962 0.0114530103531065
0.158247204117183 -0.110987781421725 0.104304402967704 0.0571497129550422
0.260460332659147 0.0237379640386982 0.0675640573629396 0.124657116208369
0.190763722402169 0.20027958645775 -0.0356213439718814 0.155804949976202
-0.0321007101578056 0.278282871570419 -0.0702738798026519 0.112182123940574
-0.22544093570323 0.272512294627637 0.0160784504452832 0.0578161147203569
-0.258334921444146 0.174153453948347 0.149291647215006 -0.150979996842496
-0.211989613574203 0.253050709921657 0.247574587777418 -0.103874208825777
0.00604718108213873 0.327880229751168 0.197946641115593 -0.23342800185372
0.223931315499152 0.224163289685248 0.0222280563436301 -0.27343993600632
0.236215681913819 -0.00188232442573075 -0.0947826285923746 -0.1421711944281
0.158225423312755 -0.109409325644995 -0.0840526832018319 -0.0591262675032573
0.077920800425921 -0.182076185603561 -0.0344060952181186 -0.0226734208643124
0.0188930415618589 -0.189647275570891 0.00715196727830836 -0.044962370903431
0.0144475523645757 -0.187830718404618 0.0433005461983717 -0.0616133218071647
0.08057722922374 -0.156480272547119 0.0853816097868253 -0.0461174825505843
0.14757102837213 -0.10593347798874 0.137795638350596 0.0140380255805622
0.240105719915507 0.025166542026277 0.10348746452757 0.10112028966329
0.167424696043509 0.189643113912938 -0.00367551020968533 0.142629946329492
-0.045086822747586 0.247986951463683 -0.0506313290291755 0.0801518136888951
-0.219419355484994 0.227215765681731 0.0809604435797829 -7.86111583662568E-05
-0.206483850511631 0.100075510144477 0.243135543636851 -0.168747965061682
-0.193963504275095 0.169535811010797 0.290724697594754 -0.111223757203946
-0.0327280249217371 0.252766752608208 0.227539567193485 -0.184506064555934
0.152827733183283 0.193855885016885 0.080956962381901 -0.230188365618615
0.183836804009946 0.0130345732838903 -0.0207912445213536 -0.147383370993291
0.127313367845889 -0.0798471283097427 -0.0257598851671244 -0.104567106718815
0.0678974162280917 -0.143991744501399 -0.00794262207622394 -0.0829606527584884
0.0203700019252636 -0.155615289781755 0.0180747107850789 -0.0986876704705808
0.0163060988244143 -0.155904706420686 0.0518124703274169 -0.115627951380697
0.0690405817669197 -0.131741710804866 0.102697152931475 -0.0933174397898744
0.125391110162939 -0.0834137856376876 0.164379678790824 -0.0174175553705853
0.193994140822044 0.0349257498007821 0.127529474149153 0.086099290495167
0.117844202496824 0.16661779179514 0.0173998217500341 0.131780007870347
-0.064612899669795 0.191520305115411 -0.0373907332578041 0.0523738127425385
-0.193089913967245 0.150328063555403 0.13443097250924 -0.0459883277194033
-0.113231957560147 0.0119337769144205 0.294506331569384 -0.169462893949053
-0.129968319499157 0.0644899734970206 0.300478801765303 -0.114409113681879
-0.0439615259378771 0.133940676344194 0.228687879145555 -0.139085491494848
0.0706783736281938 0.120006905742672 0.112954522864488 -0.185933438512032
0.102332945270235 0.015456950711955 0.0290334260602042 -0.147381720166538
0.0726489477316992 -0.0421883044493827 0.0150320095046608 -0.134592743649484
0.0440863331115601 -0.0833064269386877 0.0105142319595936 -0.126413414802796
0.0183367556462283 -0.0978784856130931 0.0261310096268204 -0.135797995997414
0.0170435384512994 -0.101301500283307 0.0611206250895487 -0.15484036527372
0.0500173362165031 -0.0893010935100892 0.123470781722858 -0.123395285982034
0.0917797650823887 -0.0515949366620877 0.190003191753841 -0.0303927891626638
0.130566462206989 0.0422948830161042 0.144259907502979 0.0876630147499178
0.0565886098409321 0.12649503122278 0.0296377778669292 0.132057853189473
-0.0779886535770946 0.11414966777525 -0.0306232487342216 0.0332401348731143
-0.14401409209135 0.0525321145831594 0.173530635010737 -0.0730294530589846
0.0528547248881972 0.0372387006879142 -0.178629424056661 0.156164708228982
0.0438598331056779 -0.0397658991568458 0.0418424001414149 0.0337987637161574
-0.00327824834369598 -0.0650530381394186 -0.0300741286058896 -0.154019902377568
-0.0505465347040944 -0.0222958302580189 -0.172100830611924 -0.108775502825215
-0.033753340296301 0.018260947055769 -0.225466316824412 0.0497316321752659
-0.00948972614641531 0.0242783828164924 -0.145054156323935 0.179184257793158
-0.0142011883362997 0.0294592175017344 -0.0467655844809052 0.196809655512712
-0.0150773633063928 0.0226940950890555 0.000909249351328934 0.172493807639428
-0.0171048818974263 0.0107396172346667 0.0144347894751909 0.164482290139493
-0.0190971350551222 -0.00796852123062748 0.00269081438906007 0.170185588898435
-0.0165238971091952 -0.0244146500307476 -0.029664191040826 0.168534574568396
0.0160684514438497 -0.0445308000059836 -0.104183939283105 0.175429366845834
0.0549976371366772 -0.0255530143172552 -0.191328975747779 0.162026737603209
0.0542036962266752 0.0400226337416381 -0.231895367879589 0.140636323442289
0.0281878816705418 0.0753803231650539 -0.247898616678873 0.214188575675706
-0.00830200575107068 0.135702590101249 -0.191506690982133 0.108399712912212
0.0403031269166419 0.065839155601694 0.0383599048602319 0.0172389305582633
0.0645591058216368 0.0138291954055503 -0.0320536855482654 -0.181398103664774
0.0466833447169357 -0.0134046544520924 -0.189546702500847 -0.140261224885244
0.0261335687368239 -0.0241646499960955 -0.244218950083155 0.0359935787691983
0.019648482775261 -0.0353512785224855 -0.161620375959575 0.174993961107631
-0.0127649343558845 -0.0457755833396311 -0.0492515702915245 0.195519216824781
-0.0211933991516909 -0.049584136064977 0.00134266168815921 0.162875770283298
-0.0113288717241769 -0.0606014719471487 0.0218720350685748 0.15295959931677
0.026762227063371 -0.0626655197557351 0.0164085446291389 0.156191002856775
0.0545121244646784 -0.0470339365592402 -0.00393546766117507 0.158744552127601
0.107149112063342 -0.00380654568444207 -0.0689042577198235 0.173047423797061
0.0953943369036287 0.070142346130844 -0.157248491231041 0.171799134270133
0.012249542859924 0.144600928053635 -0.180487327110087 0.156860026490265
-0.0624932462818771 0.175524862910092 -0.194750976184235 0.204201354952478
-0.0828871663700191 0.213322567792808 -0.167101497020761 0.0390029313357891
0.007907235339358 0.175914494724707 0.0548302239767249 -0.0189333765526645
0.116606950598092 0.115294774370351 -0.0159832745927888 -0.218647955179275
0.151512826296143 0.0185252639301754 -0.191287316228397 -0.183765969332533
0.0997591244597242 -0.0587551373808404 -0.249890973556643 0.00660767896402332
0.0588024366393994 -0.0909284424130009 -0.170319643563898 0.145810519856479
-0.00328194446879241 -0.115345697799475 -0.0499658109396888 0.168849561961986
-0.0249086793160349 -0.115036001239407 0.001403211407271 0.129871367916967
-0.0119133294964895 -0.122021373917942 0.0297908240059948 0.115864950439575
0.052999245442113 -0.113648083503221 0.0379962340677258 0.120304502762075
0.104392520529673 -0.0812929762118439 0.0397283643831683 0.133856756073038
0.186860377420863 0.00268125636683686 -0.0145156190511783 0.168657145990544
0.150938307114587 0.131200317789282 -0.108424028103831 0.184478849365276
0.00585520435804487 0.226482623347731 -0.126125359276996 0.158733013829194
-0.123222084064819 0.257040250024466 -0.118690638625193 0.1677625017291
-0.154727932186942 0.254947805022669 -0.103023299320328 -0.0419991623219028
-0.0478098181744199 0.265541039961223 0.0940830303416262 -0.0660811913737765
0.13827238695454 0.220527220988386 0.0199664543576389 -0.25262899374061
0.239576133353638 0.0711407435079345 -0.166102753953962 -0.227902031467659
0.172768469284867 -0.0757462558103101 -0.229335897330946 -0.0350173605054294
0.0985676132895963 -0.131443384073115 -0.160658146427797 0.0943161096109888
0.0126403750208163 -0.168117201593566 -0.045085846119142 0.119732248754867
-0.0254307956670586 -0.163304328893284 0.000197255103805036 0.0791299525177876
-0.0184416694396002 -0.165758929547129 0.033814846631819 0.0609367245441687
0.0600281387518571 -0.152289970670324 0.0576473795677059 0.0660540582727863
0.12721137460869 -0.114051405633299 0.083679814751666 0.0912584515483516
0.236716263311583 -0.0128111347304399 0.0437212124636649 0.14763443177636
0.199691081309504 0.152918396581502 -0.0573265950972303 0.183572072405613
0.0181051916821241 0.270302904423702 -0.0821994758901016 0.141585442340989
-0.154186099493769 0.305204253446779 -0.0404924869640007 0.106020171299285
-0.202568965712797 0.253030296303877 -0.00576515332042462 -0.121062867911868
-0.111827247482073 0.304338257952906 0.152261162035076 -0.114153844348267
0.118130044120387 0.294617544574317 0.0739583995321915 -0.266963440888259
0.277673225332653 0.127560159481519 -0.110391472904636 -0.253686901807585
0.219867101884117 -0.0688806571962963 -0.179148083385696 -0.0783712012153227
0.126708647016845 -0.145034523671318 -0.129915450979215 0.0279827178159565
0.0270499858570902 -0.19335468209436 -0.0352747043694958 0.054117072103082
-0.0231072428238541 -0.187237086284557 -0.000585708984720675 0.0174077660674344
-0.022229457665479 -0.185130284491641 0.032872188464351 -0.00279636550964712
0.0556835633346096 -0.169120365517063 0.0695844739959235 0.00320082404398642
0.130115956038196 -0.130084144437276 0.116623044523994 0.0379454381736441
0.250064091853991 -0.0244399850170598 0.0886914858001855 0.116038965091938
0.213845756909791 0.153832912237413 -0.0144094688171328 0.169578854199594
0.0208307286241448 0.274706110389142 -0.0547710943403468 0.111829176885958
-0.16557058777596 0.306890555746603 0.0269664298785978 0.0334519751636322
-0.210247389654153 0.207994991920796 0.103960763016788 -0.18423958519226
-0.152515091189777 0.277918522462072 0.213117030506354 -0.150496021820858
0.0688998465441948 0.303023116773108 0.131843833831425 -0.250569149218412
0.25327296415334 0.159778105405084 -0.0377239959554499 -0.250108049445757
0.220770233719222 -0.0464662059021894 -0.108563356289763 -0.112263649742994
0.128962816517638 -0.132449286955736 -0.0841560182660795 -0.0390666620456864
0.0346060900321994 -0.185837578079766 -0.0226989121841231 -0.0154638033577851
-0.0171448620990455 -0.182094724114417 -0.000179812856105562 -0.0450107269129456
-0.0208533808693496 -0.180199567904229 0.030307334069854 -0.0655109227393335
0.04929252818273 -0.163677115282712 0.0766642118714224 -0.0578240057824209
0.121238601678013 -0.123816567375755 0.139560817843716 -0.0105860000235951
0.231940989257442 -0.0187764119692072 0.119518934484031 0.0839495117872281
0.190334307166641 0.147889463312517 0.014959544716136 0.149110559731694
0.00297358736214311 0.247041376819427 -0.0400250177140522 0.0783569810424115
-0.166094440258766 0.262169854890469 0.0828428216641934 -0.0333125336940418
-0.173450519247891 0.129540687369518 0.200987322571165 -0.220827288035839
-0.151692575487662 0.195576049859597 0.258575709390389 -0.166957844127845
0.0184574379359905 0.240619035522658 0.173768015423996 -0.213419611780597
0.181147189024074 0.146541109469714 0.0299432651243774 -0.223321851887362
0.174490307114984 -0.0224771227854654 -0.0393392605043855 -0.132772730648503
0.104761766491022 -0.0984563483963355 -0.037231122720913 -0.0942016676193588
0.0328568315762501 -0.148241767755115 -0.0106186490207833 -0.0783744712166262
-0.00924403393828101 -0.150745182819398 0.00015182045982769 -0.0988831360790486
-0.0127149869488711 -0.150390900292217 0.0287578902291647 -0.120587982719168
0.0429328737376386 -0.137811388113393 0.0854206550540546 -0.108229148021253
0.104596370059918 -0.0997226646170568 0.159992640971967 -0.0476827111458594
0.190459292197926 -0.000728593468533087 0.140566612918918 0.0635467292757451
0.139997131106396 0.135186395589175 0.0358310308045291 0.132645959987926
-0.0260725097117529 0.1957779244826 -0.0306985379323519 0.0500980958039191
-0.154245407106985 0.181384146947913 0.128128894261156 -0.0850275840829742
-0.101595618428323 0.0312560899277424 0.259647924798039 -0.230311047584003
-0.110532590958742 0.0827741339489947 0.273402001401301 -0.172694453843154
-0.0153989150249634 0.132534894287615 0.191214402794106 -0.175456963791047
0.0892921108733311 0.0945850223577431 0.0722191451403459 -0.194726881814759
0.0970598312743348 -0.00559236837166223 0.00588930365699048 -0.145644807267986
0.0599072481794212 -0.0523529337806831 -0.00673559182124452 -0.132603008341653
0.0234376723047374 -0.0868093305620354 -0.00541422467321805 -0.123434157561735
-0.000745839786817288 -0.0965079528387205 0.00132441824117627 -0.136345806328669
-0.00198852317545216 -0.0995410146456421 0.0310405617753201 -0.161771930425131
0.0337016159977026 -0.0948876446565058 0.0985826431332199 -0.14282786738325
0.0789000391526795 -0.0633257038876882 0.181963866608269 -0.0666193316969219
0.131155610593986 0.0178453470994232 0.157995332045193 0.0612813013169291
0.0747130256085001 0.10908415970589 0.0494100378272565 0.128715063056167
-0.0535580409934813 0.123953396982386 -0.0243324530956715 0.0330830447145035
-0.125993616104423 0.0776269657943013 0.163142450977332 -0.11218780383465
0.0549337736541422 0.0375268128113261 -0.178722465085869 0.160407214235287
0.0446808900810772 -0.0397868997486606 0.0438332438336605 0.0336517551190151
-0.00377042340470789 -0.0663800140660052 -0.0337002881702013 -0.154440526520472
-0.0508937957084031 -0.0225037338002746 -0.175795468165514 -0.107864531552667
-0.0339687426832841 0.0181229455974303 -0.227268153806404 0.0529604975156756
-0.00904652879680888 0.0233940069476039 -0.142481689214577 0.181698648215616
-0.012485826248054 0.029782679530326 -0.0441981859288225 0.198757371410563
-0.0145111981641271 0.0232052134165608 0.00413853039931868 0.173892656219975
-0.0173527340030709 0.0105507553211819 0.0169111571157837 0.16516563132781
-0.0191655196197689 -0.00796898404159148 0.00624879659106135 0.171540204755345
-0.016821834806467 -0.0238184879125193 -0.0285664610553012 0.171013735962939
0.0155280057279127 -0.0455325555904452 -0.103373112598279 0.179956926038053
0.0545872020660571 -0.0257206423943317 -0.191526002592588 0.164938831579533
0.0554794623273268 0.0420651475436725 -0.234075329666185 0.14157171294032
0.0293298735463273 0.0757475152029223 -0.25117593779805 0.219888515518639
-0.0058355155211 0.13828631232327 -0.192680430386785 0.111854963836883
0.0419987444273051 0.0670872832266259 0.0401779473027513 0.0167276887786138
0.0663901316429058 0.0118867620480103 -0.0358258427747099 -0.182379829173806
0.0476306907056865 -0.0150687191190842 -0.193820785049949 -0.139126564599449
0.0254832634040621 -0.025873984147985 -0.246678800586172 0.0385427372955682
0.018840894474248 -0.0375621263269296 -0.159897557133396 0.178263232048481
-0.0138263411681918 -0.0453484583030906 -0.0473835592364973 0.196787480928776
-0.0230794648515151 -0.0490804123570178 0.00429367723523712 0.164163733070399
-0.0128480610852249 -0.0613008611334096 0.0242471374874837 0.152531317286179
0.0262718455013778 -0.0645300939551303 0.0198156984088173 0.157267204240253
0.0545111834158113 -0.0482709460900111 -0.00166563301619095 0.161053175732941
0.108235831625222 -0.00666869165182249 -0.0685761459618835 0.177544687651938
0.096910547111665 0.0699310767570649 -0.156865938972346 0.175741545066428
0.0145074738569055 0.148066539994294 -0.181931542000875 0.157665840853626
-0.0601038181859837 0.178477633590444 -0.196715962174314 0.208362679561325
-0.0802170647574886 0.217005153846755 -0.169113338421405 0.041268320361807
0.0105093360881143 0.178251385735566 0.0559811713281161 -0.0187180411578292
0.120722611567229 0.114065438009635 -0.0204693887667278 -0.220419325519289
0.153958308172694 0.0146874350820482 -0.196498362858901 -0.183203466263573
0.0998641740706496 -0.0622552265459464 -0.253319652619574 0.00921601398585965
0.0572798662602532 -0.0939425289700091 -0.168703372321886 0.149057498812916
-0.00522728246160588 -0.11569542310937 -0.0485447234861074 0.168860928267216
-0.0284517191865858 -0.114772022130336 0.00269755161274287 0.130596044214808
-0.0157002063057741 -0.123103517579442 0.0313264867813666 0.115210996945438
0.0515848841558115 -0.116245701764735 0.0408787740402333 0.12040109138296
0.103781229292712 -0.0839295310615355 0.0424015691655682 0.13488681280258
0.188840217174317 -0.00212525099007761 -0.0131871400469999 0.172174273264298
0.154973880868546 0.12943729669025 -0.107864350398229 0.188283748189441
0.00911154403881333 0.230178846235379 -0.12723161081081 0.16001572244275
-0.120166889059392 0.262475855125647 -0.119688142348901 0.170443938353942
-0.152050820777604 0.259690944921405 -0.105233471176396 -0.041314015233023
-0.0450177390198153 0.270051930073276 0.0948678671714384 -0.0672900119353606
0.144033779428564 0.220627718479322 0.0158970258903491 -0.255047749468409
0.243743949066 0.0664323878224707 -0.171649915197166 -0.227091193899118
0.174020826207145 -0.0800920239190501 -0.233655335793121 -0.0331290999812178
0.0972861739721685 -0.134775979890918 -0.160756824917452 0.097599130749903
0.00867499700241647 -0.169120363337275 -0.0446493182131042 0.119012776189717
-0.0305432282983452 -0.162629414308988 0.00128874831632626 0.0792236894943954
-0.022619893420435 -0.166334304407743 0.0345817022256504 0.0595688677582016
0.0579500709434692 -0.154253535920823 0.0601671951581561 0.0652254138842664
0.126881103912905 -0.117125334333378 0.0856123297159866 0.0907158053193476
0.239631746009953 -0.0192287275393569 0.044426286849208 0.151001365126085
0.203953264367076 0.150920751843578 -0.0552616962833017 0.18795561874673
0.0218567317812495 0.274633951509237 -0.0825219946636681 0.143194665973757
-0.150397956052966 0.311577095801376 -0.0414992886756269 0.106885018350286
-0.201725432647788 0.258298422281141 -0.00738804343275186 -0.122788316151656
-0.108312240597291 0.310210217138043 0.152328876113763 -0.116308660900342
0.125775145394375 0.2964137008751 0.071580949973025 -0.269943209960699
0.28359993882461 0.12301269625179 -0.115283889477139 -0.253738285874769
0.221307804485275 -0.0738756269816765 -0.182810456154169 -0.0784507695650457
0.124936106861381 -0.149529616251184 -0.131239246832449 0.0306699450608082
0.0227983594632225 -0.194508503775241 -0.0356162396320454 0.053337542697626
-0.0283857350622805 -0.186163677929832 -0.000443027270131592 0.0175199255822127
-0.0271353018759553 -0.185624958196244 0.0331481024178065 -0.00346756432057364
0.0533696287659796 -0.171967818591593 0.0708062765226928 0.00196943794524922
0.128884662145346 -0.133470127293615 0.118643042825768 0.0363827085404186
0.251975150886366 -0.0310457675053564 0.0906435212344693 0.117533320754636
0.218205488112881 0.151046235853861 -0.0111616942688513 0.173102113151345
0.0242529719051969 0.277260628093073 -0.0543333533684523 0.113609146805431
-0.160647871675791 0.31293509030873 0.0266784011485715 0.032169645112172
-0.2096874235465 0.214064314789953 0.104452930101937 -0.187452368540161
-0.150621011316451 0.284154553019617 0.213675068175266 -0.152772937699636
0.0751855910875631 0.304864575732461 0.130343900992171 -0.254555102539475
0.25836401553016 0.156655296616327 -0.041005212051183 -0.250686063147099
0.222225578080146 -0.050053622679241 -0.11099330693717 -0.112962268091623
0.128653455017466 -0.135557098137559 -0.0854578647465458 -0.0370108073069392
0.0310175086426898 -0.186858476170872 -0.0240679673540004 -0.0169414173681136
-0.0222128908367308 -0.181636018701929 -0.00111658315815807 -0.0453105866308523
-0.0256568158138618 -0.18112247123405 0.0291798697083688 -0.0665943722374201
0.0464400486954891 -0.166301002195413 0.076841843844533 -0.0588041170780422
0.120002073312098 -0.127270922484704 0.140961602657779 -0.0128890835438766
0.232672749666722 -0.0248186429519908 0.122080677423374 0.0848021308905623
0.194449606988688 0.145394585439466 0.0178856939569402 0.152306073750878
0.00598992405809711 0.249760982402186 -0.0401240095959707 0.0805591157910616
-0.163060319390854 0.26703792874135 0.0822401504679231 -0.0357244665374599
-0.172773206861086 0.134254031873577 0.201713236557233 -0.226236472979143
-0.149627705204029 0.200722874871042 0.259722585759811 -0.170868652932904
0.0224631194051609 0.24293210715371 0.172962464181091 -0.217087759295769
0.185842002374561 0.144760564846961 0.0281117000580687 -0.224683839201756
0.175719906326982 -0.0251732096286995 -0.0408960392797691 -0.134203954304795
0.104545692599037 -0.100749937210376 -0.0398483145199843 -0.0939205784159639
0.0300038472309194 -0.149289474875585 -0.0128015662320468 -0.0798094720403224
-0.0137860645230705 -0.150776123604162 -0.00112032354709259 -0.0999191790723806
-0.0165724345897693 -0.150738061677725 0.0265099055655468 -0.121209336556
0.0404003183524318 -0.138896550692796 0.0840821061677309 -0.109588627142921
0.103780450602672 -0.10196830460321 0.160512207670374 -0.0507080432038232
0.191370434836096 -0.00576281375429687 0.142951942360833 0.0637465076444006
0.142986083403235 0.133054806857667 0.0377219186076822 0.135901709382665
-0.0242129300560123 0.19689785372131 -0.0316331692891607 0.0524625786345685
-0.15211302361318 0.184661926862532 0.127648471270135 -0.0877791671864714
-0.101091819320993 0.0339341228868546 0.261830739158914 -0.235976544460479
-0.109495023336825 0.0862612616171421 0.273986287896324 -0.176079116620348
-0.0131544205797005 0.133630768065009 0.192015270504952 -0.178497809568025
0.0917204946888263 0.0942199107259062 0.0711011396014524 -0.195490377487272
0.0981253422555943 -0.00622275150461217 0.00417596564393566 -0.147120436862534
0.0601064717736479 -0.0532857041243243 -0.00958536993944345 -0.133332948043189
0.0219255145052013 -0.0880978204506266 -0.0076893851083095 -0.12533923083038
-0.00422201488628326 -0.0960570704030262 -0.000446530820947104 -0.137948408167125
-0.00468292561113228 -0.0996252973598879 0.0289082404560029 -0.162364173676067
0.0313543196808837 -0.095748963641733 0.0977896678142883 -0.143915185493168
0.0793346047332151 -0.0652217605056149 0.182903975812945 -0.0699994103059119
0.131864455468263 0.0148294527162985 0.159977333296009 0.0604144313697054
0.07623262340377 0.107649324928905 0.0523353295832452 0.130175468855854
-0.0529815863460872 0.125300803713508 -0.0244037671466329 0.0354387818088992
-0.124130105917756 0.0798470638128836 0.16279734847755 -0.116408023279238
0.0590294350090289 0.0360633732266205 -0.174702075785292 0.171659531443886
0.044578993425237 -0.0413949353770003 0.046928104996907 0.0327305810525218
-0.00687071977432241 -0.0679066501149228 -0.0418823564679225 -0.154764233465098
-0.052694786768431 -0.0207309228281787 -0.183446011659391 -0.102170020726759
-0.0341908119166148 0.0195451657218715 -0.228392154777018 0.0625566619784501
-0.00843354836559188 0.0231563991080221 -0.135710571698575 0.189846603719728
-0.0108793581611712 0.0303079545168084 -0.0346514806404409 0.202818014497113
-0.0130338876092371 0.0243901206314105 0.0124893166510602 0.176110744897743
-0.0172120253416318 0.0107369379369778 0.0248832791105137 0.166556645785873
-0.0200427531404076 -0.00765004517417298 0.0156095269781267 0.173021728659521
-0.0179531389692901 -0.0232950370503706 -0.0210154152223417 0.176290203691709
0.0132831513766842 -0.0469186673961765 -0.0970953005957067 0.188473880888863
0.0536097855581869 -0.0274517825042749 -0.187314895524179 0.175036705051477
0.0590881464479816 0.0415847157343669 -0.233176620248465 0.150772470797847
0.033310733666496 0.0752527809863831 -0.247534387065694 0.23522239489132
0.00150445135878294 0.140571049894795 -0.191782953779571 0.122697162586293
0.046711540599428 0.0667125481869301 0.0421798968836828 0.0156335683542366
0.0688315814753795 0.00748581656363226 -0.0457131590514423 -0.183080033162546
0.0479338399660396 -0.0185551654024955 -0.203736349864378 -0.132661533797047
0.0245955171598104 -0.0283225139901458 -0.249863358116737 0.0502753193317107
0.0166100994757712 -0.0401891404765875 -0.15350837596714 0.187481191777545
-0.0162817769058439 -0.0454266903957988 -0.0388603179022888 0.200476349003775
-0.0263424886958258 -0.047901464637728 0.0116151015373028 0.165845255983151
-0.0165860533731751 -0.0617902041645934 0.0319901389336354 0.153163828593676
0.0229938939331794 -0.0673885861663271 0.0283211132932635 0.1582427367388
0.0531376939400478 -0.0523333734993912 0.00510632812278518 0.164003803719248
0.109366201875778 -0.0127723458601838 -0.0617193635392119 0.185118204587562
0.10142421499407 0.0679344806899208 -0.151357950924724 0.184310293800659
0.022342923974752 0.151179824422955 -0.17940088453655 0.165564355054222
-0.0526357772683875 0.183945978452651 -0.193210260795073 0.221217231497762
-0.0708767143231384 0.224491372243222 -0.171418030359357 0.0489409414497243
0.0194492297554738 0.181478111502111 0.0562917993170927 -0.0209583132314151
0.129244251580597 0.108961156815746 -0.0318517339082934 -0.221946453562674
0.158020757772403 0.00605670458043151 -0.207829254536781 -0.176820245732415
0.0989686505889854 -0.0692015225784898 -0.258084500478837 0.0203721497787885
0.0527607197384173 -0.0993476610111026 -0.163645518258884 0.158991314119749
-0.0109732253230463 -0.116655421736827 -0.0422414766406827 0.172032908487472
-0.0356517594350285 -0.113556306433149 0.00833404849249546 0.132226848599014
-0.022500197726766 -0.123945083273347 0.0373075573547992 0.113986026060933
0.047059888298841 -0.121857498666883 0.0477633807194002 0.119648641891316
0.101836767186531 -0.0902392331489875 0.0487761635006231 0.135344063423179
0.191545295840829 -0.0132415499581347 -0.00600286415901764 0.177524887605806
0.163781818427123 0.124961632671259 -0.101023845667689 0.195337704970869
0.0199869055929728 0.235274977717277 -0.124412355184902 0.166083309222093
-0.109801050337949 0.2722264811699 -0.116303289824063 0.178069751733287
-0.142749020105684 0.271755465990662 -0.109196340557384 -0.0379613970473105
-0.0335616385563178 0.277433076987502 0.0938674283326629 -0.0711276050204386
0.158556819743872 0.216060927205711 0.00399039486518137 -0.25871864410729
0.251575442197513 0.0543789228697856 -0.184510708422058 -0.22246612786276
0.173132639992557 -0.0907301690092068 -0.239789202058165 -0.0243134295433169
0.0912298260209293 -0.142733541091191 -0.157488839418954 0.107186862947838
0.000344861788070057 -0.171230577817531 -0.0413084487872354 0.120834831438772
-0.0408093383613441 -0.161663251129393 0.00427527478093117 0.0798202781897453
-0.0321996753037488 -0.167121099198125 0.0375667736114525 0.0581459055819433
0.0512522479935238 -0.160369722888866 0.0644385974875329 0.0632071187561823
0.123249765028955 -0.125495919822431 0.0907298613838517 0.0880385820942897
0.240715627427311 -0.0329040488387173 0.0522770546871308 0.153045545667008
0.214492153965797 0.143917649143647 -0.0474784481461167 0.193715693296017
0.0344538592493169 0.278166415737804 -0.0791325186867744 0.148446131781138
-0.137632469016261 0.323452123861187 -0.0391233011504332 0.110066045831411
-0.192098053861982 0.271326794086936 -0.0132246083405081 -0.124154165918856
-0.0967162320788884 0.321708898379812 0.150080127385698 -0.123182580898228
0.142235447668833 0.294336491814826 0.0601961908688663 -0.276068756888876
0.294354003703802 0.110000250913623 -0.128364661353922 -0.25089019439997
0.222049817244901 -0.0859262593877907 -0.190221562706301 -0.0713294457665875
0.119082116780131 -0.158862900904282 -0.13088641836299 0.0380710915796968
0.0127819009740924 -0.197888796679977 -0.0354145385444143 0.0538850606080304
-0.0398568381344458 -0.185266964883007 9.60196843368895E-05 0.0173614111937394
-0.0384976584210437 -0.186029219130952 0.0326229851486113 -0.00544599724326557
0.0455444213148828 -0.176745160119748 0.0719842123378118 -0.00136167138559429
0.123928592073134 -0.142244298606028 0.121737054942893 0.031949848969761
0.253510372744949 -0.0451670040109633 0.0972026728661672 0.116902486872487
0.229452617445765 0.143065893179797 -0.00346933251921465 0.177450066004847
0.0377151761475042 0.281212266893133 -0.0518574497764375 0.117621069583878
-0.147631225878898 0.324356225045459 0.0265293370164726 0.0312367318161772
-0.202451416067753 0.226443593482065 0.0974721400251466 -0.194956632252213
-0.139626906255583 0.295656619678968 0.210158497673476 -0.162513933951899
0.091690200603693 0.305639675342571 0.120677292730794 -0.262539372424467
0.270709887644948 0.145252584767086 -0.0521576163402433 -0.250330489402015
0.223625525409467 -0.0620403496626962 -0.117900403114007 -0.110042531314087
0.124087636941119 -0.144395419924047 -0.0881962950122902 -0.0329765806604907
0.0224419006543526 -0.189621364900234 -0.0264034849579836 -0.0175274479334333
-0.0332561172532966 -0.181435850718159 -0.00334692558017805 -0.0460804189864812
-0.0358152886905363 -0.180544770308515 0.0261155391845496 -0.0685786865017563
0.0396189607791366 -0.170338741169747 0.0746509736688953 -0.0630686610105621
0.116113938100404 -0.134746497838274 0.141739859012164 -0.0190955677719747
0.234597143701771 -0.0377019887318072 0.127158412679574 0.0821493252667082
0.20350943785183 0.137433613704968 0.0260210146436106 0.155767102975499
0.0170904702574877 0.252507347376206 -0.0381537984901113 0.0840284126680006
-0.150879568027262 0.277795998481337 0.0808732966502207 -0.0411466422733979
-0.168192949816975 0.144562307636388 0.195987880102196 -0.239038104642985
-0.141532617149489 0.21067567707449 0.254870070867775 -0.183230259517799
0.0355449467568115 0.244980832246295 0.166364087734235 -0.226248210961361
0.195318237842817 0.137240671576276 0.0190549904607751 -0.227052958844475
0.177410922998844 -0.0335802963971853 -0.047639180004605 -0.134502530421208
0.101686463952705 -0.10672085821317 -0.0447304797787868 -0.0930780893260647
0.0229710591474302 -0.151490151611975 -0.0178349378093718 -0.081621922347805
-0.0228270148742907 -0.150601932011983 -0.00535581182232993 -0.101414671937799
-0.0253593645870842 -0.150973712834325 0.0213927974315842 -0.123249103496856
0.0342188347955337 -0.143012947957653 0.0807749508613451 -0.114077202648914
0.100533250792391 -0.108164585076426 0.160119700550755 -0.0582832152839847
0.192658023773264 -0.0157536747565129 0.147828847646387 0.0600198345835831
0.150479104962968 0.127680159822325 0.0455580200658899 0.137776709604147
-0.0162268597600887 0.200645199016784 -0.0300289863643121 0.0559766747408213
-0.144210507789829 0.194307505538458 0.125738904762928 -0.0961853328012136
-0.100284360176785 0.0384442394943346 0.257418960644188 -0.250788525091819
-0.106507513607927 0.0924160116308156 0.270338080525619 -0.189238775833595
-0.00629464152868089 0.136532246899091 0.187727626580052 -0.188142223380584
0.0972881389030714 0.0904535553543117 0.0650805774845279 -0.200737097300548
0.0994707762022252 -0.0103381033624961 -0.00123876829039768 -0.149745846709682
0.0595370423142311 -0.0556344288248757 -0.0159755556497575 -0.13504013982357
0.0177783294975069 -0.0894180924628742 -0.0135394248356713 -0.12694649563198
-0.00984023619874503 -0.0961922531224212 -0.00635478435064561 -0.140000308475447
-0.00976339439710812 -0.100054856236504 0.0219223094409127 -0.165076153695881
0.0264499188007117 -0.0980621437122244 0.0929221532726859 -0.149295842278901
0.0769138084654093 -0.0700040285289303 0.182020501383671 -0.079104002344713
0.134345975010352 0.00859530998276368 0.165571954131192 0.0549993515889159
0.0819725313026158 0.10531647747973 0.0588917173465964 0.131813238480148
-0.0488348063179522 0.128469781454476 -0.0244227495290831 0.0384395120673746
-0.12196871985369 0.086269493011923 0.16004522874753 -0.126916810964653
0.0626354583347165 0.0314794232600015 -0.162090600770387 0.182178973079028
0.0424148656536865 -0.0435074712786529 0.0500001949765655 0.029560335810134
-0.0120405368910031 -0.0678331686987398 -0.0512029157191986 -0.14961868158229
-0.0533733815570881 -0.0179594223662971 -0.188611206232576 -0.0891634175896792
-0.0328700812903166 0.0213339343309453 -0.221422535610054 0.07663858180645
-0.00731662375625401 0.0224387465578369 -0.120518446332081 0.19574078168872
-0.00802870857407675 0.0298834634781437 -0.0198862227639563 0.202368302623883
-0.0109034317446571 0.0250748677930563 0.0248332342756728 0.173077740665884
-0.0161059972066229 0.0119025317290246 0.036940941071196 0.162287163125651
-0.020167337475527 -0.00649407024853121 0.0282158542072573 0.170318953184554
-0.0188685022076682 -0.0220671477269298 -0.00871847591027197 0.176684115973976
0.0101769628244519 -0.0474539438032276 -0.0823333632751096 0.19354678206033
0.0505017202223972 -0.0300002510523623 -0.173357208289773 0.1849197139118
0.0618079622188376 0.0384934341561398 -0.223619079661186 0.162619576704044
0.0385075964013968 0.0722520169010555 -0.23150582200947 0.251325251423706
0.0124341527180063 0.139630601569053 -0.18272672686905 0.134596300602777
0.0512046967791194 0.0628032096944956 0.0434146793579019 0.0129463240548802
0.0684717268864119 0.00138688837691373 -0.0576242523833689 -0.176791194524591
0.0466712712209087 -0.02324102268024 -0.210946583805721 -0.117703578019744
0.0223359353622284 -0.0304992751156188 -0.244383317922834 0.0663020955994254
0.0132166285165536 -0.0416590962278838 -0.138036380351808 0.195407844218366
-0.0188376803207791 -0.0440372981422972 -0.0244957362703487 0.200153779245708
-0.0297499977392726 -0.044644079202475 0.0231858582179379 0.162428116704644
-0.0215544922210588 -0.0599146594216577 0.0419841277199128 0.148399175722891
0.017709219437004 -0.0692507977396064 0.0395670634062255 0.153866995010165
0.049336138009992 -0.0558209656973253 0.0161591351217244 0.162598488470327
0.10706514591861 -0.0212102179912457 -0.0482623414764217 0.189243116432274
0.105342767319226 0.0612711085292906 -0.137720114388509 0.191939208394211
0.0323531808964229 0.149278240390993 -0.168722997319833 0.17477014966881
-0.0382754497695671 0.185701081259248 -0.178394138926508 0.232751905085762
-0.0538246952661659 0.226764863845622 -0.167804850268888 0.0607351570808865
0.0317571246544258 0.178990561887165 0.0555198779581921 -0.023194475285992
0.136682410847251 0.0975869075491318 -0.0464328453674151 -0.216397052050261
0.157574694962811 -0.00630611707317705 -0.218351574946338 -0.160984423246562
0.0928557371142001 -0.0758944023067059 -0.254792542497195 0.037827511409118
0.0448259774948993 -0.102981746456326 -0.14990354173502 0.168274185750725
-0.0192983893983605 -0.114814956954683 -0.0306427395015282 0.171977040603722
-0.0439484312547158 -0.107938110971311 0.0166282207474209 0.129220706030406
-0.0317699239548434 -0.120333498514441 0.0440145353936681 0.109862135808686
0.037219080163771 -0.124218916319884 0.0560072052518622 0.114392592084667
0.0944690081769123 -0.0974270159008018 0.0572457361865777 0.130691166831274
0.188348000465368 -0.027974887375332 0.00658404649571868 0.177768387859073
0.171105951457595 0.112798611809534 -0.0861896310898362 0.200505724637356
0.0362320777008966 0.232430402383416 -0.1139011176982 0.171368728854496
-0.08802949187859 0.277365807730725 -0.105209791773225 0.184384248260446
-0.122515003099786 0.278010676769723 -0.111697811139069 -0.0294304296562227
-0.0139825161977657 0.277269565716451 0.0882290632739611 -0.0745644037660965
0.172934032227908 0.201441121145333 -0.0139744750512889 -0.254456400180681
0.253221488122295 0.0346025699926256 -0.197682273051509 -0.206634956825456
0.16489064641503 -0.102824302627846 -0.239690078610779 -0.00712035709925495
0.0795769913601174 -0.148551804549948 -0.148513546288313 0.11665547007442
-0.0117057882137651 -0.169232013471996 -0.0336378101457938 0.120740568918631
-0.0530456721092756 -0.154933975558001 0.00912509755451435 0.0783199074845316
-0.0454824185278836 -0.161968883083444 0.0404591736036465 0.0546529550427483
0.0385716983088873 -0.163282431070606 0.068279594825737 0.0571089548022142
0.112899212527059 -0.133480164184445 0.0955942932195082 0.0811795748085874
0.23563468456115 -0.0517373023548516 0.0628090032339363 0.150141628694747
0.22292145217536 0.127124181339899 -0.0336077159105387 0.195798880199844
0.0530538167243382 0.273117079680739 -0.0699452282603536 0.152117824300794
-0.111490980918881 0.3287828032246 -0.033260806765549 0.111267425732358
-0.171638130086227 0.281890173250257 -0.0215893018108413 -0.122256578778688
-0.0729004556238975 0.325266614890258 0.139785509668794 -0.129923030869269
0.163168808445307 0.279156257810718 0.0404005138459441 -0.274540839675587
0.299935412380828 0.086832443134867 -0.143696258127414 -0.23883057129232
0.213704146059045 -0.101737641186856 -0.193220772162122 -0.0578064526477509
0.106861833045542 -0.165414047077269 -0.125985009615419 0.0471297061963903
-0.00111761863898523 -0.19571450223925 -0.0333665731115499 0.0541268832888103
-0.0539003798403415 -0.177968505945354 0.00063160337083008 0.0169754545304459
-0.0521050169415931 -0.180147805281861 0.0318567691710206 -0.00761266830068427
0.0326741561834462 -0.179003970215569 0.0711670777925915 -0.00644451429680919
0.113197846531789 -0.149926841676065 0.121825790926131 0.0236874954573166
0.246868758463339 -0.0642404464233608 0.105521605318064 0.110913661062681
0.237224130684227 0.124522006991625 0.00848785589065008 0.177066727510471
0.056307238278864 0.276007847906548 -0.0445624621298452 0.120240556025021
-0.121208515252424 0.331121148121418 0.0268658490141501 0.0276708352383944
-0.185137956295124 0.237797321067592 0.0838331028828548 -0.199914428338914
-0.117601191748898 0.302536195252087 0.196443469308961 -0.17336112519848
0.113320876424964 0.295008363246149 0.102431479919488 -0.26672060976637
0.277969227747538 0.124693640502002 -0.0668256394724633 -0.243887174284309
0.217695584246083 -0.0774282794374029 -0.123841379499293 -0.100658458296219
0.113346391496298 -0.151141699566573 -0.0889360081526816 -0.0265250660445216
0.00830084419846863 -0.188630970900163 -0.0292021845262739 -0.0168742217342376
-0.0469404316178569 -0.175032283888212 -0.00696207807727617 -0.0459363359337596
-0.0496280855280501 -0.175096309518955 0.0203493608072981 -0.0685085483941154
0.0272130061017156 -0.171097609578201 0.0700972003934865 -0.0672454229214825
0.105034805148811 -0.141714610623069 0.138570211327504 -0.0292501579198117
0.228270521902117 -0.0551559352579654 0.131698565328214 0.0746260462222682
0.211265616715182 0.120639078824809 0.0366703178383983 0.153894517148541
0.0339112994050671 0.248345160631923 -0.0327979253817506 0.0865491322291736
-0.128671491600308 0.284812546251222 0.0760674334285086 -0.047368136443353
-0.156279303691849 0.154630657650375 0.179550042683442 -0.249497984002611
-0.12539401323396 0.218658148099842 0.239772756581851 -0.196267665203401
0.053356599453626 0.239292085533867 0.150740293042813 -0.2336453822221
0.20364854654697 0.121945910239589 0.00498792855722318 -0.225488100715865
0.173757335316103 -0.0455416339390251 -0.0555970488609402 -0.130376287549529
0.0940679810405061 -0.11252525395386 -0.0500923460478311 -0.0890974155325653
0.012214306928026 -0.150754408732839 -0.0240672519518095 -0.0805696714439744
-0.0343852742285109 -0.145288813774006 -0.0127611330862932 -0.100617068833596
-0.0367979662368219 -0.146679227678628 0.0126536505270272 -0.12291275961114
0.0238354743850379 -0.143125086512055 0.0720711545701965 -0.11800773749879
0.0920405391932561 -0.114077676212217 0.153984363849431 -0.0688481183593468
0.189053093043895 -0.0299753254610712 0.151311225658054 0.0502330775916825
0.157364787685288 0.114762427538513 0.0546245378432777 0.134955190863698
-0.00308896237868434 0.199608110617335 -0.0258707465780867 0.0587152051789048
-0.127489981208547 0.201370769086627 0.116535287775312 -0.105287672944581
-0.0955718579907432 0.0452280687327385 0.239745222802081 -0.266612511968722
-0.0969667278935254 0.098408651163774 0.254113251295082 -0.203514298403428
0.0040346493084715 0.135245314398502 0.175013194294294 -0.197322848283333
0.104026295062271 0.0841114778479048 0.0523899074416877 -0.202454876311463
0.0978554091413927 -0.0162201359460847 -0.010225383899214 -0.149324750610931
0.0554861292441627 -0.0590734713075401 -0.0252650406976688 -0.131931080651244
0.0119623115026175 -0.089244663899212 -0.0233345374487513 -0.125248030199086
-0.0171782717388376 -0.0933300461632464 -0.0163993536903398 -0.13872561369563
-0.0174213330004888 -0.0975676890057641 0.0103670193016569 -0.163347749421987
0.0191095830678771 -0.0986115782684912 0.0819477200353692 -0.152951085704207
0.0711372511463059 -0.0739053381316466 0.174638405882902 -0.0909861284840907
0.132834592097834 -0.00207339731433201 0.168105157680206 0.0448941255467126
0.0874000560524118 0.0977173784240739 0.067073690430869 0.127673070562564
-0.0399241405770466 0.129998962441095 -0.0219376362440638 0.04133704568583
-0.112456575354127 0.0930091564939352 0.149027686789982 -0.137264244899131
0.0632779273992542 0.0254953988461275 -0.144491361181922 0.18444367847234
0.0393859549285932 -0.0444036259599825 0.0505276872640457 0.0261057951504044
-0.0157913884739809 -0.0644777590622958 -0.0576199013038709 -0.138803086913812
-0.0518882002958466 -0.0135735188383242 -0.18521224862963 -0.0746913934219814
-0.0299046022546928 0.0224076988016318 -0.207384340900043 0.0856727951562015
-0.00614612772592017 0.0213778473674328 -0.102313601257145 0.192973369175423
-0.00602187249913824 0.0283040954055093 -0.0053544556045405 0.193789022807579
-0.00852394418276511 0.0247022409413178 0.0341857088819414 0.162634480870132
-0.0148397103339328 0.0125096416866374 0.0452975502326061 0.152100871224376
-0.0193633735327355 -0.00505188982146267 0.0375394406641015 0.159895570425818
-0.0194408437038579 -0.0195414972057728 0.00266309815802902 0.169352064652792
0.00653010786024724 -0.0449974315479652 -0.0662182050378189 0.189524156252584
0.0464056182738329 -0.030109219927724 -0.154899526785234 0.185069239828632
0.0621440365244639 0.0340807103349534 -0.205899672768479 0.165390824550999
0.0407247013981215 0.0660004486277957 -0.208203422930595 0.253839066954468
0.0211827352931202 0.131384322055026 -0.16690293156792 0.140593146754949
0.0534160754614899 0.0572464429004183 0.0438629248190128 0.0106522865321486
0.065268643054739 -0.00327055268361445 -0.0642422615117207 -0.164620206385571
0.0432097054002922 -0.025994611711169 -0.207975990384902 -0.0999064980985549
0.0189903156537159 -0.03068412970951 -0.229075482042136 0.0777309905234229
0.00932418941752902 -0.0413670120679 -0.119215468166882 0.193733541520137
-0.0209480937536279 -0.0411942288651585 -0.0111351997195034 0.191782406092527
-0.0311538597740761 -0.0398232501122286 0.0311558617537724 0.152816967921672
-0.0249392953930203 -0.0553525738647804 0.0489963393311642 0.137999924377365
0.0126084129762184 -0.0674785390446434 0.0469276646638269 0.143378592393179
0.0436553282665143 -0.056164572502182 0.0254844155923334 0.154675366647123
0.10084552678528 -0.0277170059805156 -0.0338820672452747 0.184339431472715
0.104228774955504 0.0528477493848884 -0.120135234776305 0.191247568986972
0.0411246834805357 0.141357012981392 -0.15367771806282 0.173915707843775
-0.0245076258458864 0.178531719385122 -0.158934673001954 0.232786177906237
-0.0367148792821251 0.219575335462288 -0.157866124601781 0.0694030419774756
0.0412670786043772 0.169130581705866 0.052125019364997 -0.0242139678900545
0.136691279254127 0.0833489205229104 -0.0565051884039674 -0.202009709348652
0.150126688591366 -0.0176069723015865 -0.217416238314002 -0.140452342312277
0.0840776847527753 -0.0789088732925256 -0.240465833258098 0.0511459232430402
0.0355516903406157 -0.102116229740061 -0.132055932508225 0.169188469644119
-0.0261228247251668 -0.108396479624874 -0.0193472564776198 0.164818650719436
-0.0494075246805932 -0.0981263369441226 0.0236946379274662 0.121945611459117
-0.0391420804298328 -0.112029433783126 0.0484982777309973 0.101192790197679
0.027331763421602 -0.121373801970317 0.0608068549482668 0.104590122306377
0.0840811496783655 -0.0995861265410565 0.0621327953141544 0.121524366855081
0.177100584517402 -0.0400172806519495 0.0178879878683685 0.17013416539046
0.170756586460471 0.0969215070914409 -0.0716443285343889 0.196205605256062
0.0490383037256591 0.219779610737039 -0.100883431287453 0.169346007260373
-0.0658273745133491 0.268357278302384 -0.0923007703514653 0.182283112981191
-0.099551005964985 0.271943195526917 -0.109269103308421 -0.0208194669895325
0.00285763212846017 0.265737097850285 0.0804485206992074 -0.0749474537077864
0.177914191500282 0.179989645662891 -0.0274461692094987 -0.240284529795232
0.244494669878184 0.0155290390594027 -0.200107827450268 -0.184997460215398
0.151232375272685 -0.108822378849106 -0.228935473599444 0.00819574965176085
0.0668854170016203 -0.147142969548975 -0.132933327985424 0.120044409943601
-0.0221915342984842 -0.159941270902198 -0.0262502283141325 0.115937632035803
-0.0609107616659254 -0.142086559301899 0.0131323128459738 0.0737915301446028
-0.0540327504836217 -0.149590352147771 0.0418490230227763 0.0489201895303516
0.0269571435629967 -0.158401126760196 0.068408794420669 0.0501950590246121
0.0992746848366045 -0.134539782507937 0.0963884402448647 0.0720389866514293
0.22086304191904 -0.0653772159336117 0.0698683086596029 0.140007287058072
0.220892748134419 0.106816682873762 -0.0205420757924769 0.18977100120893
0.0679821013574318 0.25773100906771 -0.0598912740362842 0.148583524872463
-0.0840736004440591 0.3186794895488 -0.0273968355016542 0.107196946481082
-0.146629516743039 0.27912352710904 -0.0288916332880062 -0.114831090512059
-0.0501073865720222 0.314846423824244 0.125656969917611 -0.129887976371051
0.173594213769725 0.25488255670307 0.0232127783092782 -0.263188957102954
0.292193952194639 0.0629231683991796 -0.149993893767098 -0.218507394882247
0.197708852779597 -0.110794516311172 -0.187241616611325 -0.0440879257418201
0.0919334927169879 -0.165466546173822 -0.116440281738875 0.0521256763678822
-0.0134889395192131 -0.185445771384801 -0.0297379474118325 0.0526494822360626
-0.0635857290463843 -0.16362611305756 0.000711420255014246 0.0155116102697043
-0.0622229068120838 -0.16669870211483 0.0293753269655785 -0.0090785697212591
0.019770035974125 -0.172363714203681 0.0676941460142531 -0.0104322400217006
0.098349702022452 -0.149877844896409 0.118316988546271 0.0153365332259202
0.230115521671934 -0.0784769627190608 0.108603101695272 0.100198878935186
0.234477839814809 0.103175845318484 0.0190309844877496 0.169488139388844
0.0698750233758739 0.259428917391221 -0.0364241666365364 0.117283166752167
-0.093676056939669 0.322040170602341 0.0255177917759199 0.023839143602904
-0.160908600512076 0.237912610211587 0.068220728511574 -0.195080559124069
-0.0933284884601784 0.295875982613804 0.176708839794983 -0.174188854340407
0.127498202825526 0.273352080760558 0.0820965004165913 -0.257556572389518
0.274417330606137 0.100070203200513 -0.0764659723515591 -0.227935250010821
0.203610286804712 -0.0873328657349007 -0.124515420360017 -0.0891836924994754
0.0991949104838388 -0.151960915363041 -0.0858958505513364 -0.0200197873491458
-0.00366471124193487 -0.180002494314196 -0.0299578823398841 -0.0150055419357286
-0.0564590117698182 -0.162153875314043 -0.00988643911995015 -0.0437572954319977
-0.0590758719108005 -0.161720123528401 0.0153283040801556 -0.0660217922578676
0.0144268326185118 -0.164375275132782 0.0627540460862593 -0.0678696871937412
0.0915032812621662 -0.141756616651575 0.13024936814996 -0.035978502129283
0.213169041249074 -0.0682743412669719 0.132094556288265 0.0642628434177927
0.208314953027443 0.101622921934923 0.0447404426487797 0.145022568486647
0.0473410046873774 0.234639248851649 -0.0268458243534617 0.0845326327007613
-0.103279466940038 0.277950799389889 0.0678268500244077 -0.0507203755127388
-0.138676506672743 0.156525269116652 0.157010002161645 -0.248786275646323
-0.105619129750738 0.215801251906505 0.216688621761915 -0.199042451549554
0.0665162005872973 0.223571306491973 0.131036452820579 -0.230320350766799
0.201972638528422 0.102631297491846 -0.00689804932740888 -0.214002628754778
0.163434405887212 -0.0542200394807211 -0.0601744308762226 -0.121794399491434
0.083203842802757 -0.112923828611895 -0.0525183481630463 -0.0821346171240232
0.00183877140312492 -0.143890164293065 -0.0290350639588533 -0.0759132962819759
-0.0426951922494777 -0.134573783349398 -0.0187074008056197 -0.0951991111993932
-0.044735250697016 -0.135743335964681 0.00460124484855089 -0.117051080781747
0.0132362295192036 -0.137371378632321 0.0618151488514872 -0.116028323398846
0.0807428562831715 -0.114027661451479 0.14289271688612 -0.0748861140420503
0.177290568603579 -0.0408633198936798 0.1474540607074 0.0402068854067098
0.156433123010567 0.0988620128365003 0.0611282933915789 0.126429333860978
0.00864731707344124 0.189755528120742 -0.0222386515242953 0.0580369044158244
-0.107020248505946 0.198764640913191 0.102941554623225 -0.108769729704167
-0.0869244858115044 0.0486673511778726 0.215037603088136 -0.269190900721397
-0.085305774294705 0.0995789264205722 0.230382064438033 -0.206692136785347
0.0135076189229325 0.127052397249619 0.15624621373214 -0.197901000421687
0.104687149651594 0.073281307301225 0.0401536069884387 -0.195739601880535
0.0928320794575965 -0.0215193618210462 -0.0180134276179509 -0.141951920597294
0.0495474506905343 -0.0595544459246829 -0.0317819077974763 -0.125288784354028
0.00594804274254838 -0.0845470600151693 -0.030387208886076 -0.118796672446334
-0.0231535663363711 -0.0870047301933471 -0.0230998601540974 -0.132287025451009
-0.02320882286197 -0.0915420635061812 -3.6748111443366E-05 -0.155393147037092
0.0118482794932459 -0.0944129269877771 0.0690782210435306 -0.149528223584724
0.0632570114713584 -0.07496710061709 0.160160638757937 -0.0970039519178059
0.125371628865096 -0.0103476310463567 0.163155804798569 0.0336633358169629
0.0884503722338935 0.0873138207554371 0.0728197582621772 0.118564017033387
-0.0308625735219873 0.126286948516988 -0.0183960802730273 0.0409145165261849
-0.100254142564357 0.0951886544349673 0.132890544113149 -0.141211874528408
0.0623814047522851 0.0196531112557474 -0.0988235343474381 0.197400335726935
0.0314874082641481 -0.0459870039214072 0.0552010796051822 0.01406121334175
-0.0257624266543707 -0.0562164687008927 -0.0753398875115208 -0.124827186814279
-0.0518593077116209 -0.00190615045507038 -0.188929864901008 -0.0441528313754178
-0.0237813270651913 0.028220322827906 -0.182997777878644 0.114598170228601
-0.000745274232759992 0.0209434150699146 -0.066634032361856 0.196841139968644
0.000432581470802504 0.0265051764783969 0.0225041414674547 0.184634430311028
-0.00347477157950268 0.0240533922463399 0.0561838845534603 0.146824806921345
-0.0109267485034205 0.0129339810282534 0.0671445821880092 0.135709740674238
-0.0180957473439222 -0.00104764587547427 0.0624978976203829 0.143207648392494
-0.0192006558822141 -0.01467637768787 0.0304303649109683 0.158430519787094
-0.000469158456417044 -0.0402820973108192 -0.0309937672516913 0.187064387361454
0.037480531564881 -0.0306764203394426 -0.113871442782126 0.196473961834443
0.058929917836222 0.0248733029852266 -0.16644805046239 0.186316714592787
0.0445761940841911 0.0605095878274753 -0.158729010874146 0.266611992782127
0.03579349479329 0.121245742681655 -0.130900269470644 0.165399400113216
0.0577955333632885 0.0442902660068542 0.0455806982824702 0.00575837790148637
0.0549930072252336 -0.0130865176881746 -0.0809719216719072 -0.141829197014868
0.0314884751364758 -0.0274924339634495 -0.20782673894843 -0.0614429252893738
0.0136635268020465 -0.0263425012439856 -0.200840982653293 0.107341489733252
0.00535259437437843 -0.0385800396362736 -0.0811932250207189 0.197982469203051
-0.0228135355277121 -0.0341782653460659 0.0175234965025798 0.180079286139536
-0.0326784589045298 -0.0321257325116517 0.0515572410616442 0.138025253515233
-0.0297324118688526 -0.0475866056289991 0.0690780029464307 0.122115300038282
0.0026947413944527 -0.0644745983068569 0.0699094115075358 0.127265790303811
0.0348343013172946 -0.0564683641556663 0.0492067398472909 0.140762595832992
0.0894463835223861 -0.037333735173368 -0.00296770330596808 0.177170746450847
0.100776039876876 0.0379611660948204 -0.0810680034016799 0.198572543285893
0.0539067868153963 0.1274837951265 -0.11842809686297 0.184424985709972
-0.0016556371914509 0.173461953951462 -0.11679380223417 0.239059329108742
-0.00796050121490012 0.207956122550024 -0.136882478292172 0.101360128638948
0.060947214354068 0.147812865288877 0.0465309826772576 -0.02349731073417
0.131122365977167 0.0555535782384124 -0.0760597493446869 -0.170345137777041
0.129038440436439 -0.0360763891307928 -0.216217332382748 -0.0927036881574236
0.0652460026176957 -0.0791978850600792 -0.211760795405113 0.0818623078217595
0.0213142592055071 -0.0978116135997138 -0.0962441504948167 0.174339780861412
-0.037436369926551 -0.0949236671176422 0.0063096406347316 0.15359540096476
-0.0571905557120751 -0.0828869745341303 0.0403223946739208 0.109384292178653
-0.051293318090328 -0.0973992487661362 0.0631341423601201 0.0884936403477577
0.00906334964325546 -0.116556016982315 0.0769736696772839 0.0894287597889697
0.0670973490716149 -0.101020168192776 0.0783962898861977 0.103737610624461
0.159448912100685 -0.0599840693563104 0.0411442498743117 0.157789341710979
0.167461945435746 0.0705683872230414 -0.034233569805558 0.197870895040608
0.0732834850755646 0.198662272697337 -0.0718299766312939 0.170632510645677
-0.0277224492063611 0.260892333595642 -0.0627039134343899 0.180682300066313
-0.0587996030518589 0.26274682560747 -0.110586911343363 0.0127807337364205
0.0386444913043084 0.240558175321292 0.0623864696690046 -0.071325370596257
0.181462102932789 0.136829901978279 -0.0538163145672929 -0.203119496024436
0.217884781855121 -0.0203744653385988 -0.202387587146769 -0.132254528944963
0.122118175739559 -0.116047957305503 -0.202795424838067 0.0378501483574708
0.0437518430109568 -0.14344331423024 -0.103026775174522 0.126725999749766
-0.0420423410189594 -0.142855115058571 -0.00607085970996639 0.106025525155636
-0.0736355946417551 -0.121466804859582 0.0234969021160265 0.0650318159012242
-0.0706052548612237 -0.130822789914139 0.0494201061607659 0.0407757762366513
0.00328156781934844 -0.151399252197536 0.0762300217909827 0.0371207580944162
0.0773353002547829 -0.136126926357048 0.1014594997811 0.0522136530140212
0.197163671230659 -0.0898064020621959 0.084994246628771 0.123148880688163
0.215799843992472 0.0731366809185823 0.0132338741653927 0.184213162243395
0.0964776850223205 0.231501247976886 -0.037076391049164 0.145101823503851
-0.0378403571579961 0.309067451428634 -0.0147442261098559 0.101654369922987
-0.100895855712979 0.27193336403502 -0.0539280321427607 -0.0880498215678221
-0.00391965953269298 0.2914643549937 0.0927449085523982 -0.128675041047459
0.188107157453699 0.203732650488036 -0.0116572487823597 -0.226918605820811
0.268416814077213 0.0134734187195625 -0.158557340901467 -0.166663963760427
0.16354124826619 -0.125234319652325 -0.168781991742138 -0.0163200737190203
0.0633986831980218 -0.163920355279565 -0.0974443650425396 0.0595059568064029
-0.0379076524660697 -0.167446674319681 -0.0182991750401765 0.0451907508650937
-0.0788464393163553 -0.141805852470993 0.00366007228919297 0.0125592601944164
-0.0805474109132552 -0.145163658122026 0.028904351779301 -0.0119434027292908
-0.00530551550365952 -0.163580536166349 0.0655717800068394 -0.0190813111847594
0.0747753320717113 -0.150617229414401 0.112688405440007 -0.00392972949992294
0.204253494286931 -0.103085277822669 0.114417512661248 0.0794701776044039
0.226620221514189 0.0674172461704834 0.0471612276457638 0.15941112153212
0.0989734065931444 0.231111863197527 -0.0210585887277484 0.11246767756861
-0.0468583741344712 0.310689392057105 0.0225772296917341 0.0166117573321746
-0.119516152928826 0.233459529663968 0.0224406867645232 -0.181170193523473
-0.0469220453777526 0.278927204107843 0.131832354778156 -0.179367490221038
0.148429121155322 0.224740161571959 0.0407441932487111 -0.231353318193701
0.257743884279825 0.0482164025204639 -0.0937129044762647 -0.185192701720468
0.171272813303615 -0.105876853220515 -0.116218723871314 -0.0677608678675201
0.0715116460685691 -0.152895388427351 -0.0790461274109617 -0.0132452084826119
-0.0286663759222388 -0.163517966280994 -0.0278033972178372 -0.0192387985704299
-0.0726665632057758 -0.14042509910582 -0.0156067259707663 -0.0410411190372599
-0.0772638861544242 -0.140771606145543 0.00725745649963835 -0.0635069259074866
-0.00911098593116415 -0.155601172983807 0.051384475869979 -0.0726456698578413
0.0693030694874537 -0.141968777781178 0.115702553973162 -0.0540387043636054
0.190099611325889 -0.0916841481742681 0.131129528877806 0.0421988729818173
0.202287397747482 0.0685632044197178 0.0672624655636556 0.132869209866006
0.0742379256320828 0.211320150423013 -0.0160123833053496 0.0811558731290904
-0.0597412600598937 0.270443607024167 0.0513623783518943 -0.0589255604946048
-0.107507049669546 0.154126502432446 0.0973441667658607 -0.249674950080512
-0.0684138417266578 0.206073915237681 0.165459767429176 -0.211863104853849
0.0877083254019821 0.187604793607168 0.0878336218805278 -0.218170707302668
0.194260060681586 0.0610582485950507 -0.0299646015520544 -0.186587742887314
0.139503326626829 -0.0714029118487119 -0.0643596866032101 -0.107367315474296
0.0615171913152106 -0.115474501519154 -0.0586196736205967 -0.074965638841157
-0.0187533028143388 -0.130967091389429 -0.0360948496767403 -0.074762064963818
-0.0566902817480699 -0.117740470529929 -0.0313829757522789 -0.0889197433265463
-0.0609460809073486 -0.119002546809478 -0.0114003116983285 -0.109382928411979
-0.00657254552659131 -0.129931187303318 0.0417522454217303 -0.117383148046063
0.0622636441291023 -0.116148286887467 0.120298757210361 -0.0925556500858326
0.161622912121344 -0.0615447951180018 0.142025031626403 0.0165921836772338
0.154942993632655 0.0730819590269272 0.0786020867215435 0.111724667700082
0.033161267338313 0.174594956267838 -0.0139056319862824 0.0552903541617932
-0.0736668696735257 0.195598559742841 0.0769293992399718 -0.117391353073843
-0.0730899817368381 0.0481154895228235 0.150116077399851 -0.283431272280615
-0.0652954401142532 0.0968083039325886 0.178208327134555 -0.225223100671097
0.0274280518754911 0.108063242300418 0.114449385058343 -0.199449317578486
0.10252825497996 0.0477350162755834 0.0122978928140166 -0.181239811650847
0.0789017301118295 -0.0328499203331536 -0.0331809457267432 -0.131502922950673
0.0371205821288936 -0.0613751959511262 -0.0471075990390523 -0.116563629565009
-0.00731844794010464 -0.0782622112741286 -0.0449700326088912 -0.112944517890643
-0.033354500195308 -0.0765463381976217 -0.0413479992092356 -0.12190953209162
-0.0351769151102217 -0.0811085953008724 -0.0227939076729285 -0.144330715740541
-0.00244454703641238 -0.0901739644780268 0.0430047138693455 -0.150304650322767
0.050771098405942 -0.0777292787862519 0.133268137214107 -0.116507487026051
0.116905656268295 -0.0260159008459956 0.155693351233301 0.00688553869777592
0.0910091589799413 0.0703131587332024 0.0869223302905046 0.101952528875846
-0.0117194140097266 0.121205425856392 -0.0118670656744964 0.0392401813448107
-0.0798081413991025 0.0977255868324579 0.0997822967051433 -0.152314520577127
0.0596078782834854 0.0179671661188199 -0.0964967258250729 0.187852369006953
0.0314088688456754 -0.0438106633702327 0.0537794142088569 0.0141113604599827
-0.0247174146835145 -0.0533725795354624 -0.069146231023977 -0.119570008833551
-0.0493612378800759 -0.0028286084633121 -0.179910076658746 -0.0439024777922778
-0.0225407259866385 0.0267906825114908 -0.175942995858689 0.107183490796666
-0.00185575117113738 0.0194796111057241 -0.0648107717709231 0.185911540239615
0.000291577316622911 0.0247692025826332 0.0213557118062427 0.175264034466055
-0.00328157914978402 0.0229323648616428 0.0523522635318526 0.140332204754599
-0.010587770893482 0.012360378788488 0.0628380852579473 0.129496108486684
-0.0173206537315529 -0.00166516510722252 0.0584621019335467 0.136182366869336
-0.0178669588429441 -0.0137583087958821 0.0275075465185194 0.151309256808738
0.000491269709792836 -0.0382248738361102 -0.031681796067756 0.176822250200298
0.036506637791795 -0.0276291049272016 -0.110657505629377 0.184642365184935
0.0560542683369395 0.0251621510540288 -0.163135889984989 0.17426523273614
0.0414624105648026 0.0578621762886065 -0.154927188453997 0.252814012231588
0.0338003223441005 0.114970486258496 -0.126650805552811 0.157610336967835
0.0546553460971914 0.0431631149994152 0.0446444342519235 0.00644256337791185
0.0523238174145228 -0.0123807497842924 -0.0745712410804624 -0.134947643917411
0.030179973931823 -0.026617128075861 -0.196981703837772 -0.0608221593455418
0.0138137600389531 -0.0254049802463298 -0.192575700922174 0.100305691807369
0.0046769877100262 -0.037289629243437 -0.078246566061919 0.186456628681592
-0.0217630769676616 -0.0331170073948992 0.014947473795287 0.170829013387212
-0.0308314750831743 -0.029743640703805 0.0480328529676911 0.131844774077547
-0.0279239668695873 -0.0454153589340413 0.0645094393885832 0.116861124022016
0.00295427222748549 -0.0613282793895252 0.0655920839942333 0.121186688720461
0.0331468733484189 -0.0534989014734276 0.0455899463171316 0.135054232125298
0.0849454041165647 -0.0347726130575506 -0.0042039181253734 0.168226470410754
0.0961002401114428 0.0375826478569182 -0.0798013089596351 0.187636804795974
0.0501224279562894 0.122606656619078 -0.116891765338582 0.173492715319681
-0.00354924600119352 0.164180825428474 -0.115335812363128 0.227164376254933
-0.00858960107789476 0.196947636475422 -0.132188357668289 0.0970800830172947
0.0567177388789212 0.142103221647571 0.046174214831979 -0.0204940467510685
0.124026837090995 0.0531344277692981 -0.069143241302962 -0.162610058254857
0.123019768411074 -0.0347632362630331 -0.20527812761457 -0.0908179210019388
0.0633714035845912 -0.0755810417705645 -0.202487445161358 0.0756618572546421
0.0204957528036938 -0.0932716643916834 -0.0923239782762599 0.16430019839017
-0.0358286017359625 -0.0903143405260031 0.00425201303493421 0.145455507971964
-0.0536771085038394 -0.0783452399431208 0.0369984750425327 0.104145058368494
-0.0482096379599507 -0.0922445049948734 0.0587910051406679 0.0837851719450971
0.0087226769226599 -0.111281875124579 0.0720428352509949 0.0854118484437227
0.0645348150855884 -0.0962652278047905 0.0734878954929003 0.100076033681042
0.151824306587215 -0.0563636506899356 0.0387054725673517 0.150307579574295
0.16008839508723 0.0683713317098103 -0.0350675369519812 0.187703711350943
0.0676619103661293 0.190577136044303 -0.0711563601697091 0.161094805766895
-0.0290795898381809 0.247355388574047 -0.0640866728110082 0.171948506925076
-0.0583526784290231 0.2482835063453 -0.105904374827623 0.0126264550682084
0.033906528749906 0.230317857601952 0.0610969381459285 -0.0649686777228903
0.171612857514175 0.130371844997877 -0.0470015264314842 -0.192595396403831
0.208901355712878 -0.0199853157454279 -0.190402917370783 -0.1282645445248
0.117319856062417 -0.110391494426124 -0.193595815667931 0.0328584668086763
0.0423962202127752 -0.136832664143366 -0.0984781629826034 0.118535092766721
-0.0393925993501959 -0.135209927895956 -0.00778729846569443 0.100151145271857
-0.0687290734953205 -0.114649693294124 0.0210240248174478 0.0622201912915668
-0.066335114889316 -0.123037800696748 0.0464556002605311 0.0389775891948657
0.00367347038104507 -0.144386772743448 0.0720964952418684 0.0352007443565593
0.0745431524427144 -0.129717014766325 0.0968147109757296 0.050739989049191
0.187952124866397 -0.085158361981026 0.0804590392249368 0.117265345159524
0.204770985722598 0.0706889034331467 0.0107826134920421 0.176131230903157
0.0895040329156504 0.220732570139985 -0.0382761123711956 0.137992652850492
-0.0389654377227137 0.292348819910695 -0.0169483418647029 0.0964665929289665
-0.0985397806093378 0.257829982914575 -0.0499449802343809 -0.0829037051106919
-0.00644688995968737 0.278544577086809 0.0910073714144989 -0.118841089064808
0.177115042801266 0.19457189919078 -0.00696383585140166 -0.214563080815319
0.256213927187289 0.01356575686349 -0.14807685251931 -0.160810412318363
0.157027606260896 -0.118465389084732 -0.160111604327891 -0.0181910663146576
0.061839577038833 -0.156085039744104 -0.0925358167569754 0.0542980165486692
-0.03522108216189 -0.159386411245671 -0.019463903802992 0.0417962927796413
-0.0742294674647207 -0.133630997620481 0.00259640052593113 0.0116661303702991
-0.0754381847204901 -0.136506734095907 0.0273645082866829 -0.0114662123643201
-0.00385508358449235 -0.155652563935012 0.0621405072884373 -0.0181588909075915
0.0724590789627573 -0.14340454077325 0.107430936538217 -0.00302586399308037
0.194535202238139 -0.0971095350017615 0.109864958320383 0.0769822281887219
0.215730589529462 0.0655382625230565 0.0433160521691303 0.152938256165084
0.0917654883809876 0.221046810418399 -0.0216113452822817 0.10736233354699
-0.0459776824722882 0.294006005406854 0.0183226475741151 0.0156787748659372
-0.116089982535571 0.221011984997097 0.0239438507175912 -0.171492207777913
-0.0468189689476437 0.265163860532598 0.128034084637389 -0.166181455218111
0.139827123247356 0.213937487653986 0.0426405280385553 -0.219094078816714
0.246024232105114 0.046675389148794 -0.0856524790189847 -0.177425444779739
0.163712470428113 -0.0997427603136577 -0.109375291468126 -0.0666095978208378
0.0696652874230257 -0.145476742658078 -0.0756977277862255 -0.013865321793455
-0.0256938868155538 -0.155070009224149 -0.0281231094727756 -0.0190977801556682
-0.06846114898567 -0.132342266820574 -0.0153270844989197 -0.0397614801796461
-0.0727492005184889 -0.132592130782787 0.00755952486641304 -0.0603310602470354
-0.00735629222332055 -0.148105013873849 0.0493988927057325 -0.0683972915436091
0.0669248762681995 -0.13464117389967 0.110341417698258 -0.0500667566366306
0.180623251166178 -0.0859290491040862 0.124995996903046 0.0410954704231831
0.192201494471632 0.0657257732654415 0.0630286997245762 0.127955974952237
0.0686211361102831 0.201722914145059 -0.0165628210547043 0.0771317028658758
-0.0589224950239809 0.254180414314827 0.0478017150833308 -0.0560790815013772
-0.103627561695351 0.144954597613456 0.0965146607211268 -0.236339050361459
-0.0672240094021713 0.19495906507242 0.161223319453116 -0.196885743158177
0.0813051111377495 0.178398526239556 0.0876654161746242 -0.205265484520484
0.185100166824792 0.0585976696030522 -0.0246114231036522 -0.178019995714404
0.133268254046025 -0.0670774207863811 -0.0599716577140299 -0.103390947512271
0.0594388929969418 -0.109624011475459 -0.0556835696699817 -0.0730686323587957
-0.0167281881857361 -0.125126678313976 -0.0351799143454602 -0.0723951188202826
-0.0533501380071058 -0.111171463536921 -0.0296170094579605 -0.0852261469064886
-0.0575542909636513 -0.11228675421332 -0.00945286378753731 -0.103926299198544
-0.00548844591223563 -0.123510675483907 0.0415190021315667 -0.110751691653828
0.0604331152231682 -0.109989404830114 0.115442826789173 -0.0866130226690846
0.153162015831788 -0.0573833047514792 0.136243422560337 0.0171072508864651
0.145817455331701 0.0701223875519767 0.0747505067094167 0.108097157954777
0.0297070759456171 0.166393008485677 -0.0141200672020137 0.0527992862751811
-0.0705782277245656 0.183760162102608 0.0724486465408602 -0.111719133440405
-0.0688003749540076 0.0444198509742078 0.147657658354529 -0.269101836041886
-0.06270498738195 0.0903469449484741 0.173271895665145 -0.210592195596103
0.0244458089480258 0.101760198219599 0.112999258456577 -0.187819970368522
0.0972451454035608 0.0452334509464378 0.0148917351016759 -0.172387969337758
0.0758238735803259 -0.0303510055218843 -0.0300444590666645 -0.126363088209773
0.0363618364466398 -0.0584894145170347 -0.0443187531078607 -0.111744777070836
-0.0066118557548018 -0.0743651854602639 -0.0427597446735087 -0.107999880489276
-0.031024915156838 -0.0725745248000852 -0.0393891473873615 -0.117331196257524
-0.0335719656729928 -0.0763959791155486 -0.0197231600058865 -0.137028073278336
-0.00195449204960192 -0.0856134649938524 0.0425974855369756 -0.142151251016542
0.0493161247707275 -0.0739178941211162 0.127779930125324 -0.10834733369617
0.111046115966189 -0.0236069799619518 0.149054168530225 0.00833932465068608
0.0847869217260821 0.0673218743616645 0.0827661215781809 0.0985296412075987
-0.0121898572007315 0.114878394731949 -0.0125013768316 0.0379502273073703
-0.0754207682316595 0.0911104844532812 0.094875617392928 -0.144277120678009
0.0591003804644724 0.0178395207828 -0.100013936288631 0.184040487055153
0.032544535666062 -0.0429138086802048 0.0549029428872923 0.0149869294675387
-0.0233402446799702 -0.0532275175195702 -0.063828241788108 -0.12036340635501
-0.0490200747582785 -0.00372718307586151 -0.176760143596069 -0.0477599407933009
-0.0227844437473128 0.02480076995648 -0.176371303385123 0.100652464399915
-0.00291869229238434 0.0186618505040187 -0.068407971752058 0.180134551411616
-0.000332896390492722 0.023825376215683 0.0168692904371594 0.171712865267675
-0.00279220694467295 0.0223061340919409 0.0480956623053914 0.139406396620004
-0.0102263577081614 0.0117759245931076 0.058884710212475 0.128790846671852
-0.0165842302620854 -0.00204467772103261 0.0541731530304542 0.135928332585303
-0.0170749021727283 -0.0136430413269613 0.0229905382990242 0.15014543599469
0.00137127537849355 -0.037510606514866 -0.0369090017536617 0.17237202451622
0.0369567188686131 -0.0249646519998595 -0.114506444894699 0.177536811896508
0.0551548450329127 0.0274960930516494 -0.166631270600522 0.165801344010338
0.0389243001941207 0.0577770193102092 -0.161088451476761 0.246035392760313
0.0314145746102521 0.113068205383858 -0.129640775261463 0.154492808272049
0.0533219237432414 0.0440343147320304 0.0455249651213168 0.008521063341615
0.0516688392095844 -0.0111593043353039 -0.0690514274526189 -0.135262046295934
0.0305078434715359 -0.0263415304063085 -0.192556543080937 -0.0652778509255978
0.0138192704279048 -0.0248874806815739 -0.19281685279167 0.0934420997127814
0.00463929861313158 -0.0370841009217566 -0.0817681113416451 0.180099719890958
-0.0209112734492509 -0.0331138330544292 0.0105009642919509 0.167731852587043
-0.0292169503812799 -0.0295931952008533 0.0433734638281423 0.131053587441903
-0.0265161138671421 -0.0448181615223862 0.0603343283161495 0.116364555247722
0.0042843769617135 -0.0604027944914798 0.0611959413429833 0.120817079180351
0.0340290544203411 -0.0515618019337803 0.0414173103009539 0.134305655217321
0.0849997479890098 -0.032727901417231 -0.00910142636090591 0.165607111059691
0.0947403645038174 0.0401320972197162 -0.0839908175760841 0.181773410807869
0.0464967134110921 0.123198873245778 -0.121618993642642 0.166798701680501
-0.00782882863355244 0.160713755165217 -0.121426608778025 0.221525655764981
-0.0130507715297397 0.193245450365928 -0.133201769650676 0.0941056562833333
0.0525074743957481 0.142367451083759 0.0467158017323271 -0.0177637909120074
0.121253419710584 0.0548204141812331 -0.062241792301816 -0.161251721009547
0.122840735047545 -0.0326463372573875 -0.199713354082489 -0.0956560938250998
0.0641439118831437 -0.0736383130504214 -0.202391435136479 0.0683203417701558
0.0217627844784465 -0.0924239436792128 -0.0946318675336854 0.158193141263569
-0.0331545174092802 -0.0892969033275539 -0.000156994284078822 0.141978554031543
-0.0510723011861725 -0.0772654808089563 0.0326355321142552 0.10405650534256
-0.0453206425547657 -0.0910381818893411 0.05530051639808 0.0842775231603509
0.0108375681187442 -0.109849402543581 0.0692299586779288 0.0854985722898226
0.0655057555351966 -0.0934957179984205 0.0696655569191131 0.100407144199808
0.150557484799244 -0.0524674757491052 0.0345890405275627 0.149108269313161
0.156611627262598 0.0709826860699058 -0.0397873866322439 0.184066812886211
0.0613638358834353 0.19014070619884 -0.0759006531893374 0.156651340413924
-0.0349715783745154 0.242064124168826 -0.069709333272511 0.16864037032408
-0.0632754856847437 0.243146772995656 -0.104759593540367 0.011420128015932
0.0282411062578926 0.229293790915894 0.0641337354186095 -0.0609674205856717
0.166028090185479 0.131696938139972 -0.0401858127660692 -0.190955462578442
0.206679534047865 -0.0159873631130754 -0.183618202736489 -0.132605060483192
0.118469705038738 -0.106843017234757 -0.191699642312749 0.0267642912785583
0.044624992566122 -0.135300229958021 -0.099896689349401 0.113315420616316
-0.0359497313674555 -0.134577284125732 -0.0118710223570838 0.0977970160958276
-0.0653942468209781 -0.11328531762921 0.018146570497539 0.0614657024326704
-0.0623189240643446 -0.121814635060265 0.0438875571841149 0.0392334774774676
0.00672634644947175 -0.142180814730686 0.0699454448435054 0.0361032067711991
0.075905044407392 -0.126067822044371 0.0940209747954459 0.0521493257171421
0.186355967692203 -0.0798179417478795 0.0774449630232477 0.117586829523749
0.200881389705486 0.0739622289330488 0.00597102584488943 0.174240831814594
0.0818799834250003 0.220722084192134 -0.0425011111553001 0.134204386144117
-0.0455086098893278 0.286173275620899 -0.021846187994384 0.0952146809693538
-0.103120848904117 0.251286123578298 -0.0468500556217094 -0.0823079694496304
-0.0139921060531561 0.275128963749062 0.0945381761541424 -0.112073989900097
0.169555055459481 0.194903177206465 0.000818528586823027 -0.211242901810625
0.252624284014209 0.0184454764307097 -0.14111660188958 -0.162815774298162
0.158157696994979 -0.114138875050528 -0.157470830414937 -0.0230174440304739
0.0647862887501111 -0.152904934952063 -0.0922086020743787 0.0505427563872465
-0.0310707205514225 -0.157466009187383 -0.0214792259700987 0.0401056576146239
-0.0706992377792626 -0.132100431461093 0.00110391796255593 0.0113580574751882
-0.0712548209961174 -0.134535846154551 0.027023458413363 -0.0112849118690453
-0.000939159021967694 -0.153576367221203 0.0617520503995125 -0.0166477397064703
0.0743062570758678 -0.139689144997703 0.105583690837214 -0.00026410239653591
0.19373277920685 -0.0919471725798222 0.107063381488222 0.0777962173788713
0.210736796474336 0.0685724145687447 0.0401441490412525 0.153553844905697
0.0842861497181009 0.220611760957232 -0.0248000408543567 0.105423985284496
-0.0530333014097139 0.286953922106044 0.0163134467430886 0.0167703505726179
-0.118787383758869 0.214582331209638 0.0289086446358526 -0.167887532907061
-0.0534046547728385 0.260814557549203 0.132640840074393 -0.157560656179615
0.131946318003909 0.213490201018167 0.049623951398709 -0.213930853012298
0.24252556773477 0.0515573786076998 -0.0795561554527577 -0.177927480277078
0.164527112174498 -0.0948685183125323 -0.106013507228343 -0.0696076000481671
0.0722134457417694 -0.142040159370974 -0.073486250310187 -0.016951682183026
-0.0224102126730832 -0.153141486344123 -0.0283958497872802 -0.0201717829581271
-0.0646776302880813 -0.130909306648897 -0.0149221618844465 -0.0402828678566781
-0.0683650562479423 -0.1308078189697 0.00930969620108118 -0.0599278706003736
-0.0042641027117625 -0.145560917205281 0.0510037391659677 -0.0659868386935378
0.0688712244941004 -0.131870957960004 0.110486984374694 -0.0465445342904682
0.180579321024626 -0.0800238386889518 0.124020579821289 0.0434234700379665
0.187829071128323 0.0689854330987295 0.0598709058397442 0.128546344744725
0.0615103631215835 0.200387217611147 -0.0187733155893498 0.0763621740553383
-0.0637650595478864 0.247402748027389 0.0468444062100822 -0.0543201579837853
-0.105245368997822 0.140043634001897 0.103127877063092 -0.230630205735254
-0.0713779444903398 0.190913866746446 0.165948535358886 -0.187374926814814
0.0751458334561986 0.176478095157449 0.093630741007985 -0.199516574955348
0.182185756787081 0.0609981743096997 -0.019510886734516 -0.176306885280828
0.133539217359145 -0.0628086662964608 -0.0561071331802153 -0.103787861758069
0.0618689871598123 -0.106997808117114 -0.0526249337812737 -0.0742123088407309
-0.0138601878369249 -0.122852908249484 -0.0345455621799968 -0.0731224226251348
-0.0503628544850315 -0.109503219212134 -0.0282076667905159 -0.0855457911388678
-0.0539796432131613 -0.110881474988388 -0.00675791588421526 -0.1029855772809
-0.00283297518681211 -0.121532364499227 0.0442890186849359 -0.107367148077738
0.0621518907284995 -0.107173939701812 0.115996334260667 -0.0823236486872281
0.151836545438903 -0.0531994412041672 0.134800224711353 0.0199405762744478
0.141436519725434 0.0716461776691731 0.0710733758575318 0.109254735767871
0.0244294858184123 0.164674188171883 -0.0156021216414073 0.0523320663694847
-0.0735526046130527 0.178120199024949 0.0729108337407272 -0.108623538207505
-0.0686409983000151 0.0419731406411031 0.15423247936004 -0.26253883127704
-0.0641846163482982 0.0870049621332372 0.178313702706318 -0.200705851356707
0.0208434641062191 0.0998551217491579 0.118428008233214 -0.182087835494342
0.0958095341961189 0.0460134396048197 0.0196081534907113 -0.169849751414834
0.0755015425863577 -0.0281346575853718 -0.0252843525405767 -0.125720459791411
0.0376251632311894 -0.0561476735309113 -0.0418392577901686 -0.112300524279382
-0.00497967259153312 -0.0726991129396923 -0.0407576363301237 -0.108059863198768
-0.029534001008072 -0.0709556347413896 -0.0364989383893311 -0.117977716215895
-0.0312631301302955 -0.0753715263768701 -0.0157185330197651 -0.135522591247109
-3.28011271978294E-05 -0.0832087681922559 0.0467225547703588 -0.138023139556792
0.0502210831396921 -0.0719409200832588 0.128196408521004 -0.103764713600562
0.109581288021058 -0.0206384597245345 0.147110246207064 0.0128728157739519
0.0814008431925506 0.0683371468074625 0.0794651076035081 0.100256905193414
-0.0156525019104917 0.112819866393763 -0.0131033368610599 0.0374879981981437
-0.0755714190189009 0.0867848391699763 0.0960637059573908 -0.140850534996954
0.0605698404678165 0.0173222004555219 -0.10453203650455 0.188598716577449
0.0338573289784402 -0.0434616288027616 0.0573991659916424 0.0162413976235003
-0.023102734040079 -0.0543781795162177 -0.0627505324650957 -0.12453285722785
-0.0492636698012498 -0.00468069125089618 -0.179199870029381 -0.0515670683052953
-0.0240389407244117 0.0245054804676563 -0.182413978838509 0.100338122802326
-0.00375276363764318 0.0186860205009743 -0.0732953009839317 0.182406749837079
-0.000791930792257038 0.0241598342392554 0.0160123876286843 0.17444279152804
-0.00284331764622901 0.0227283213182218 0.0473856733235957 0.143253001650739
-0.0104504615468741 0.0114929625087244 0.0582209009808004 0.132772581942396
-0.0168288142769315 -0.0021190672000623 0.0540043861005026 0.14002203950883
-0.0168646818556421 -0.0141731389736564 0.0205538703966704 0.154154386863441
0.00249768060670678 -0.0380041088736229 -0.0415161911477241 0.175236507313303
0.0390488797830198 -0.0242791108091124 -0.120771290634147 0.177433257553854
0.0564859359766133 0.0299728469378661 -0.175443533402534 0.164940719225088
0.0382839643227581 0.0594068066655442 -0.169896435961165 0.250539633773878
0.0307080825351787 0.114834196115939 -0.134470659551452 0.157793126933527
0.0546911784150849 0.0463136615352606 0.0482638955519975 0.00946531638641162
0.0528909320350639 -0.0108242352072202 -0.0667059336623114 -0.139280045394003
0.0319685277297534 -0.0267725285076538 -0.19649057960734 -0.0698677625519409
0.0146024678780486 -0.026577704454423 -0.198765913418525 0.0916264361104787
0.00451274091991721 -0.0383998262117405 -0.0863674859528007 0.18200384722345
-0.0213548117896614 -0.0341540398414176 0.00882523518546299 0.170017438506083
-0.0291098469008417 -0.029763242179173 0.0427905769537597 0.134769381680822
-0.0259900175398315 -0.0460879461765189 0.0592046125885111 0.119859073084347
0.0048409150295394 -0.0618657094714848 0.0612775393628801 0.124183301415794
0.0352145863967449 -0.0521859058143741 0.0397960993886122 0.137922653763245
0.0871777643520517 -0.032636597828989 -0.0123950766941099 0.168821524482775
0.0970074919895108 0.0425740182079472 -0.0899349169415907 0.184465614132475
0.0457397374827991 0.127744124603217 -0.128859627435382 0.167005099146999
-0.0107299924818287 0.164149752020867 -0.129214057668021 0.226071302896847
-0.0159984663158207 0.196599834775144 -0.13758224738127 0.0963986557240604
0.052458545245715 0.147198973799689 0.0508655720746304 -0.0165669597454055
0.123127231677001 0.0569213874591047 -0.059424974584895 -0.165778515859748
0.125897113435707 -0.0329578195279838 -0.20268766510563 -0.10108123628372
0.0669879586565588 -0.0755299768601185 -0.208254259822624 0.0666443721268822
0.0229621652574234 -0.0951220511834007 -0.0985641652836702 0.158655797582719
-0.0327998783797209 -0.0921167500401217 -0.00312629625627555 0.144560327757425
-0.0510079450154106 -0.0786239753060242 0.0314136259823805 0.106719015945544
-0.0446395063817439 -0.0931443669623452 0.0551236150105402 0.0863523801260559
0.0118878098456403 -0.112228619218327 0.0692294159639361 0.0888698320159105
0.068306928348021 -0.0948994998160238 0.0696073746725067 0.103711302046926
0.154660680140588 -0.0521054081840616 0.0336345871816674 0.152096104383492
0.15992697738762 0.074431907242633 -0.0443072022013065 0.188054435863665
0.0600590670823871 0.196712831297478 -0.0814003591874847 0.158627984438147
-0.0389908160462141 0.246740752479025 -0.0755733838801564 0.172134894051934
-0.0678124538026646 0.246868292231351 -0.107161056026094 0.011973064989859
0.0257275712811914 0.235666473746132 0.0679794690949911 -0.059314429072023
0.167751914712482 0.135873322399527 -0.036291573151131 -0.19588365896918
0.212086176042618 -0.0156292496291577 -0.185860016257607 -0.138355015526603
0.12346659002226 -0.10843502807989 -0.19691526068531 0.0239357321974154
0.0467020534603694 -0.138526542937794 -0.103460925439339 0.112855237982177
-0.0347810135185037 -0.137224578333573 -0.014670197752465 0.0987669879121132
-0.0655357179563091 -0.114756527392147 0.0168458756395212 0.0629818437683301
-0.06165965312565 -0.123650614973179 0.0437085836595759 0.0396453845352993
0.00805285510342982 -0.145469605349115 0.0705731421478207 0.0387021859797428
0.0790588509668032 -0.128232125796706 0.0953392658185162 0.054935118602128
0.191451364627965 -0.0796879866738937 0.0781215926876423 0.120555203145161
0.205201038976978 0.0775570054877085 0.00323307290556936 0.179281982501248
0.0806123833940105 0.227830189810237 -0.0463515579967424 0.13642854297067
-0.0503734858473032 0.291557071326856 -0.0256005695157413 0.0975315155852337
-0.108968703249405 0.254378697452097 -0.0450930559043686 -0.0834241927608588
-0.0185885160609435 0.282008894719344 0.100861524245949 -0.111206641452377
0.170351722045177 0.200784958014206 0.00633312815500316 -0.215492524357715
0.258873137291103 0.0202050829776114 -0.141306968682969 -0.168843119608469
0.163788068118074 -0.115384747404655 -0.160873628654921 -0.027184781991524
0.0680905948656481 -0.156872485645799 -0.0948396659119338 0.04863629863208
-0.03021416083443 -0.160550951675153 -0.0245266561817156 0.0398325019950213
-0.07058598206016 -0.134519899391925 0.00045913789641326 0.0111748637645028
-0.0706358068739338 -0.137057125357543 0.0270565818132576 -0.0116670370833926
0.00101187618919337 -0.156550671738306 0.0632803062510591 -0.015661969267815
0.0773634763550704 -0.141718783097954 0.107501957271522 0.000966424390724779
0.199208322725699 -0.0920768583805417 0.109110271070047 0.0805186634055781
0.214572812366384 0.0722149152434861 0.0387353871712915 0.158239307983935
0.0830282750612884 0.227270661214077 -0.0279709098913481 0.10724757514885
-0.0578634267321977 0.291515909465159 0.0146040338591298 0.0172253423428127
-0.123893740550056 0.216782548123726 0.033748284409985 -0.170870346476149
-0.0586669824780199 0.266009428158008 0.140706707451509 -0.156484842995352
0.131295184199827 0.218613256796145 0.056842580788447 -0.216713474998008
0.247652038274381 0.0539011389009378 -0.0772681206638256 -0.183504005060116
0.169986121544128 -0.0959379871075279 -0.108009250560121 -0.0738310449443959
0.0759371115056551 -0.145568462371234 -0.0754132493750523 -0.0199530249514246
-0.0211228646131098 -0.156195660165062 -0.0307984767419738 -0.0218651003543221
-0.0649860206133205 -0.133288142633644 -0.0158639318690228 -0.0413395170076455
-0.0677103132754178 -0.132858131428358 0.00925459821560982 -0.0618211969100889
-0.00236765216039629 -0.148958152296685 0.0530867025127457 -0.0657679531331615
0.0718438044632282 -0.133571632217067 0.114071826574942 -0.0460296295160968
0.185674673556441 -0.0797805820141428 0.126347186520441 0.0454960419902817
0.190180833772561 0.0723888912904697 0.0602935403288 0.134129515487287
0.0598968437288414 0.206345591104175 -0.0203658814958868 0.0783035139776285
-0.0685291252937292 0.251101639510481 0.0472431848876652 -0.0552455725375325
-0.109152842328827 0.141134342867333 0.110429280837802 -0.23459365012068
-0.0760212599647924 0.193635857058383 0.174835506991737 -0.18652543311191
0.0737948814539619 0.180133786738699 0.10009624018395 -0.201977073582971
0.185083027512108 0.0631601359080432 -0.0163408917606293 -0.180769879087785
0.137446567762858 -0.0627282125547757 -0.0553375360650647 -0.108340767284563
0.0649920554514062 -0.109421693157587 -0.0532257928848574 -0.0776507226925705
-0.0129031360835192 -0.125245024299356 -0.0355987047266801 -0.0757624145432033
-0.0508426479156762 -0.11107740661509 -0.0291556644384794 -0.0887380018191154
-0.0539137296237153 -0.112455509580881 -0.00541699618921333 -0.105690105836928
-0.00153081226792629 -0.123788786446427 0.0477274181472134 -0.108914893470888
0.0642556955010345 -0.108919895188655 0.119838291449917 -0.0815240146458168
0.156045993397295 -0.0519444780178111 0.138566840226631 0.0223481472124578
0.143110751400717 0.0751417324693078 0.0723586621336361 0.114042970811005
0.0220732880680793 0.168656571875394 -0.0173818731702111 0.0539759881855466
-0.077196260353582 0.179136469359724 0.074821072968874 -0.110228927541309
-0.0704969906075182 0.0415775510742913 0.163871615221301 -0.266709577114905
-0.066799708375031 0.0874775150333968 0.187492844244566 -0.201675889937639
0.019912983704045 0.101664746670138 0.125137971020093 -0.183892041534944
0.097081278620137 0.0479568633767815 0.0240070388241739 -0.173346363112351
0.0780758555773124 -0.027272144041954 -0.0237831875712048 -0.129735810167449
0.0398696664351486 -0.0568577884924885 -0.0412069328150507 -0.115934126917576
-0.00416418802063083 -0.0738563045991024 -0.0413035698438007 -0.11174041973423
-0.0299119766774611 -0.0721795301930634 -0.0373214071441209 -0.121778428718718
-0.0310990284508946 -0.0763616612712019 -0.0140701557065171 -0.139345082885462
0.000588786119192024 -0.084834412747099 0.0505757897924872 -0.140357657735625
0.0520799650214524 -0.0727426512471199 0.133310899835235 -0.103315792616899
0.111966227828024 -0.0190884968985805 0.150543572965687 0.0155313736365779
0.0810262082418473 0.0703890600807712 0.0797133815591916 0.104775475835652
-0.0169566577729959 0.114784571711595 -0.0149912049892684 0.0384164403517619
-0.0775162632839554 0.0859624682916736 0.0984047846347133 -0.143381186804481
0.0629459184607369 0.0154609022986523 -0.103852570488689 0.201057222074318
0.0351088092922026 -0.0464240592644036 0.0625261260229715 0.0151850591405947
-0.0254897371029152 -0.0557548809864174 -0.066920329960178 -0.129061311448755
-0.0518098750666848 -0.00415605051993192 -0.187942350632864 -0.0500487824954372
-0.0243528982619034 0.0256878933399156 -0.188685161445889 0.107861035552459
-0.00440050014490658 0.0193583088782852 -0.0724740668108764 0.19082355037569
-0.000173856408574206 0.0250210925634929 0.0205497637308866 0.180185789331173
-0.00181116223291697 0.023726765643805 0.0527870953068904 0.148844200143674
-0.010692138707756 0.0117530060242702 0.0646029850679952 0.137562289122264
-0.0174205060574526 -0.00265415745527669 0.0597552103749266 0.144482541381612
-0.0175423223055825 -0.0136095343616934 0.0249846192373967 0.160780663911294
0.00206561029628839 -0.0399747082164637 -0.0409075900383129 0.182976484383669
0.0407039059771655 -0.0254445430719391 -0.123073596831205 0.18541313924008
0.0609640337449662 0.0312139193900805 -0.182121934146898 0.173229911227306
0.0411700760558747 0.0607450043748287 -0.17360263219097 0.266407787631611
0.0344464779327975 0.117247480220576 -0.135854648442786 0.1699536619492
0.0586060102658012 0.0470470235384366 0.0528909830653195 0.009337716983324
0.0549183981878577 -0.0128036759424759 -0.0710778489415328 -0.144195379123461
0.0327339698655034 -0.0300618180630592 -0.206402610967261 -0.0689166152779925
0.0149748056344708 -0.0288864343523825 -0.20620459280561 0.0995616272599178
0.00306821166179312 -0.0408924752135958 -0.0861993497072318 0.189944876018374
-0.0229150011549266 -0.0349275405335853 0.0127330051073436 0.176348188422818
-0.0309925760166905 -0.0298598553212551 0.0480761368890937 0.140193633810073
-0.0283862912815499 -0.0474339950878792 0.0650924347987414 0.123319676161223
0.00394629650423766 -0.0646851583459636 0.0669625556914975 0.128033298658774
0.0363400513652023 -0.0555168887360133 0.0436536342206423 0.143493464272118
0.0908351819718301 -0.0363553337218328 -0.0103170302841905 0.175659286724471
0.102746207946769 0.0422425549947411 -0.0901145117884715 0.193477600021238
0.0510199049221718 0.133808214354006 -0.132541881834541 0.175754505262212
-0.00775794667434666 0.170999787522264 -0.132033951758825 0.239722666126625
-0.0118274993623401 0.204789832050223 -0.14055272381359 0.106055145198547
0.0584841669918584 0.153154784696017 0.0546544969525981 -0.0172392298408429
0.129527065953339 0.0555323660053344 -0.0641640664294948 -0.17200814291217
0.131226713041252 -0.039029517848607 -0.213883676127825 -0.100636749008202
0.068042519535328 -0.0812879738365747 -0.216698468185393 0.0730044957335829
0.0206024933104362 -0.100291905229711 -0.0994178900193641 0.166620821952308
-0.03664482127649 -0.0947979705817058 -0.00101105359955046 0.149793507678909
-0.0550070529712304 -0.079518130296203 0.0352280118451076 0.110595060327747
-0.0486268491304435 -0.0954281471233294 0.0588774849172619 0.0886822490725695
0.00992001142564387 -0.117863449552164 0.0742655303627756 0.0904258168795918
0.0682581419009715 -0.100285384394435 0.0743839802250183 0.106900884742599
0.159936587506223 -0.0588990082627195 0.0383795894545831 0.157595597247479
0.16934365289126 0.0739155534454203 -0.0420318534708255 0.197306719961883
0.0671495255401371 0.205448693767707 -0.0831332095960005 0.165960786930579
-0.0355694925938045 0.257627635611604 -0.076776896364148 0.182440200486534
-0.0648023512656065 0.258801133017846 -0.110255636031467 0.0164368689787516
0.0324918265172553 0.246837616910676 0.0723408164465707 -0.0621409049819882
0.178115809678409 0.137069022015185 -0.0398522705816135 -0.202598994825998
0.221629875433898 -0.0232322390058771 -0.196936880120902 -0.140155401484722
0.126742649587389 -0.117477010344199 -0.206382141030375 0.0288601721312977
0.0450622815948572 -0.147030032750754 -0.105664254380741 0.119095104776943
-0.0401693880609273 -0.141700751645603 -0.0141593076365313 0.102677036518807
-0.0711576612770796 -0.116540083868292 0.018396414209538 0.065412225878156
-0.0677110697660565 -0.12653312998707 0.0455810627831769 0.0404187981667113
0.00480177523037461 -0.152101148764736 0.0743220274935282 0.0386971349757581
0.0785739603871895 -0.135555749043416 0.0999260039128186 0.0556525969644562
0.19791261859948 -0.0884807384599698 0.0838935256509335 0.123458085325748
0.215619281802005 0.0751370900400192 0.00764528998486635 0.187192179912283
0.0884381017537269 0.23722090499548 -0.0463072188995588 0.143257136867258
-0.0454852677745113 0.304148068243614 -0.0259913090446297 0.102948205745634
-0.108175421641215 0.266996691330008 -0.0478781484060747 -0.0852408050771813
-0.012196654152378 0.295794306915209 0.105612709018802 -0.116884996253927
0.182054121957594 0.204495245406316 0.00363247979989346 -0.224359747569452
0.270845885660884 0.0124723939095751 -0.150536595703399 -0.173132056901349
0.168729079998258 -0.125462551736763 -0.169310247755832 -0.0257850618907805
0.0663969710402431 -0.166472972719078 -0.0982898492871886 0.0517853038838447
-0.0353988067963025 -0.166375100749726 -0.0262792639864601 0.0418563852874692
-0.0774650595600749 -0.136989020499131 -0.000994815144604892 0.0118727466943494
-0.0767771841744305 -0.139745736112814 0.0268076829958108 -0.0128596563022508
-0.00306412650816484 -0.163822463260267 0.0659426716199463 -0.0175732542679187
0.076691730919919 -0.149603693703095 0.112647483257428 -0.00112927863212764
0.205416351800034 -0.10128575124249 0.115899078472577 0.0805749221606667
0.225811038410622 0.0691670667735034 0.0447895325075682 0.165155070896587
0.0909617937585304 0.236306422576906 -0.0270015687260689 0.112196405212744
-0.0531395988263601 0.304157037851359 0.0143440467614646 0.01742799818067
-0.123985982219546 0.227174410845223 0.0324394030360804 -0.178528122646151
-0.0553633352431009 0.279623519050354 0.145967040474539 -0.165217256455884
0.140998718542288 0.224835061569535 0.0562984626623037 -0.226552210133573
0.25926490590572 0.0484331367877601 -0.0838018995128409 -0.188976555899187
0.175526229070385 -0.105078164866057 -0.113944724835967 -0.0757761528974067
0.0747136348927806 -0.154589290865169 -0.0790071132491151 -0.020197884273631
-0.0255065583325849 -0.161364657012058 -0.0343611798762838 -0.0231433794721734
-0.071793410723155 -0.135707247647117 -0.0189578258044072 -0.0436702563386894
-0.0735521935311561 -0.135618880653751 0.00733530148114975 -0.0648524332659601
-0.00652668617656276 -0.154484758261007 0.0545380013753257 -0.0698609139677215
0.07156323973866 -0.140949308221239 0.117507421609891 -0.0505503840303051
0.191743526575679 -0.0886431381284109 0.132964878121841 0.0440051602539001
0.199821038697239 0.0702092777605699 0.0674417560769687 0.13976570651927
0.0656814291144243 0.214221880603885 -0.0195649576917708 0.0828139723753004
-0.0650104475936715 0.261764410194713 0.0462091952748074 -0.0588569909070749
-0.10951139727031 0.147876554207081 0.111899316025005 -0.247874873798768
-0.0752325066769144 0.203123114179599 0.180506630030461 -0.197709665155031
0.0802245472960747 0.185170951919632 0.101886715536989 -0.211407200874568
0.195277345569258 0.0602065254776072 -0.0199972912831015 -0.187337694383441
0.14270358678323 -0.0697639683068598 -0.0599044515692757 -0.112291003312957
0.0654653245075842 -0.116272227030281 -0.0576657435840154 -0.0808220302791706
-0.01622748951874 -0.129594674595221 -0.0406100922250902 -0.0785194552884088
-0.0563937465335409 -0.113397507657994 -0.0339897012992346 -0.0917278271655312
-0.0585019706579124 -0.115202271330033 -0.00859522158591622 -0.110546777836547
-0.00512688420643286 -0.128139016412928 0.0474835265581768 -0.11400960333083
0.0642560624963297 -0.114686456633971 0.122950868971832 -0.0874800572904778
0.162282415188034 -0.0585226052116258 0.144949779751559 0.020331010411009
0.149889282287293 0.0746651185896942 0.0789453698258042 0.118515057946694
0.0261456921660598 0.174952065705778 -0.0172826047854563 0.056840729509141
-0.0760785658742202 0.187131569358488 0.0741214236825174 -0.11812097836859
-0.0712055137309645 0.0430970503546343 0.166858547257321 -0.283086013654575
-0.0674423573889462 0.0918143395819807 0.194024534392248 -0.212812756194982
0.0223517408689227 0.104361668253094 0.128141308785811 -0.192648638876879
0.102878076214886 0.0456247690755822 0.0225463415029146 -0.181142091487995
0.0812942472416569 -0.030975217195182 -0.0266489142995534 -0.135087141864258
0.0410989541312474 -0.0608686813894211 -0.0456294826656636 -0.120752962290827
-0.006305090276358 -0.07693172991303 -0.0466292597462112 -0.116237379803919
-0.0332884199101032 -0.0733175399368617 -0.0435233881241154 -0.125569901067637
-0.0344721011923867 -0.078600683145987 -0.0185155288347247 -0.145226049342549
-0.00157240516336737 -0.0878100564727758 0.050277548406327 -0.147287148919788
0.051762885780464 -0.0770082449020771 0.136508714920529 -0.109080523030292
0.11663677573981 -0.0233232154086172 0.158260374097562 0.0135476312667343
0.0855242244853632 0.0714210581405038 0.0863615566782912 0.108380311848442
-0.0154037916107045 0.119319260586121 -0.0152039003960101 0.0414000783109232
-0.0780402216740655 0.0897711965751994 0.0985884219699556 -0.152010574176597
0.0614688290409826 0.0294634364622838 -0.133666815007699 0.187790734830856
0.0434034402098328 -0.0412801837630663 0.0644281890663701 0.0232088138593292
-0.0178896634293715 -0.0597159753763044 -0.0476947306592123 -0.145844384708602
-0.0522620618562996 -0.00920060724794616 -0.187271641943069 -0.0829226709003812
-0.0279125181972488 0.0253568410140619 -0.210915439768625 0.0832269307294431
-0.00719401526239345 0.0204762193821891 -0.103751967221101 0.183145314181699
-0.00385116845055693 0.0250757769190162 -0.00712734309100213 0.188400461697478
-0.0052715628966946 0.0239657011894874 0.0313924610203156 0.161735691867045
-0.0124331441890607 0.00961041851635838 0.045727426421542 0.151384791667093
-0.0164246482645659 -0.0050528454516308 0.0396640843792715 0.156430364788633
-0.0145587167385276 -0.0162999271855846 0.00124463763456693 0.168740885882959
0.00722764255390868 -0.0387334411575337 -0.0712687922000495 0.182203197239475
0.0448844101732144 -0.0159885224798679 -0.15580265896881 0.168886817199988
0.0535671597255613 0.0452954932297629 -0.217164834220113 0.143554865918807
0.0295608364250338 0.074985196982452 -0.225925949342164 0.238468206977852
0.0144125041333594 0.126999142687261 -0.162634738312967 0.155496131444876
0.0513247873294145 0.0559936840422368 0.0558990928392748 0.0196586587117423
0.0546383413315414 -0.00295344883882432 -0.0450445882611785 -0.1585784229803
0.0351767899052059 -0.0228655205225419 -0.197389990623739 -0.104489685097778
0.0206425556169862 -0.0225681047390314 -0.226157328362749 0.0681590892681357
0.010522203067279 -0.0390971523266225 -0.117264220102608 0.179010125400571
-0.0171601680370452 -0.0383654075272555 -0.0141615120918304 0.181562959254208
-0.0238273781100535 -0.0352679993573222 0.0263017281607113 0.151224719585288
-0.0208095668321834 -0.0529729526282138 0.0489422887321153 0.13754984437469
0.015410174910474 -0.0654722253143299 0.0503008461611374 0.142516992877846
0.0487027241049822 -0.0484596240944093 0.021195617741842 0.1554108364324
0.0974335589329564 -0.0206105462351785 -0.0427616863308223 0.180253605265058
0.0945011542682886 0.0654987100666266 -0.123942547763618 0.180323088234669
0.0249851087818697 0.148910180628842 -0.16637567035329 0.148560716408732
-0.0428908950459373 0.180549175574757 -0.17406805188962 0.214142989430454
-0.0482461480548435 0.204690840671126 -0.159257074779601 0.0936428999810836
0.0333242571342115 0.161666492025555 0.0618574882939557 -0.00269846220212409
0.116691460660516 0.0769747841671494 -0.0287954159860585 -0.181359962316195
0.133711850560619 -0.0167526665013584 -0.193634741833861 -0.137199547116016
0.083038745674105 -0.0666190490606992 -0.230485183693009 0.0363386980454024
0.0384627259864603 -0.0966163571300687 -0.127058581516375 0.151731997012776
-0.0215547269545063 -0.0997956943643541 -0.0229734724981867 0.150489750562662
-0.0399212310777327 -0.0896354969689918 0.018366582546 0.119575838254752
-0.0322755194715326 -0.104810607636496 0.048071618661295 0.101045083807433
0.0307367769089727 -0.118046053101874 0.0644287275365014 0.106403213976866
0.0903449127998937 -0.0881782864441109 0.0566728954161463 0.123741512894361
0.173084912343588 -0.0318838296257917 0.00520069010426201 0.172484246854477
0.156244467698888 0.110249145815234 -0.0770605196819666 0.191730244269056
0.028072470096877 0.225780368849911 -0.11450235409009 0.144034115261223
-0.0877287449876464 0.265743769685521 -0.104322231046937 0.160832203129987
-0.112067205893257 0.24821211228407 -0.117394647079046 0.0100193991609404
-0.0087552730078295 0.250457949817141 0.0857609952786339 -0.0430239488287415
0.151193641067557 0.165343882257127 0.00322829421150656 -0.202914461990776
0.220122029450759 0.0125515377812762 -0.165141287341701 -0.171435349974063
0.146654305682533 -0.0935668010645792 -0.209656824492373 -0.010762253500585
0.0705150110131239 -0.1402082951392 -0.124912565003412 0.101249788483739
-0.0174065441734156 -0.14874659763144 -0.0301636450354593 0.0990700510103062
-0.0494583738225169 -0.130680898403417 0.00773405511798639 0.0706455555190693
-0.0458914237553136 -0.139342467773405 0.0426844292687526 0.049261944665369
0.0316104720691221 -0.153533966004294 0.073676370300839 0.0532270953111544
0.108619449512328 -0.122853046580544 0.0894206817635895 0.0757897112241781
0.217329498333985 -0.0564534891685022 0.0573746914083127 0.147622343080629
0.204354961620537 0.120609577746903 -0.0248612808080083 0.1901586583345
0.0447482064024157 0.262081290322682 -0.0741673482387827 0.126115157371003
-0.107229009815414 0.311031236845739 -0.037594044564993 0.086097979974436
-0.156882384217742 0.246250371147266 -0.0391263111636057 -0.0825850375656076
-0.0631557330422414 0.291272116396124 0.126162374306872 -0.0921604000815235
0.142061880169448 0.232783576976545 0.0512376135661587 -0.213172907095683
0.263152345626809 0.054722321683875 -0.10910802919189 -0.194052613880404
0.189519866870482 -0.0949574791305137 -0.161270625816174 -0.0616072564213728
0.0956779554193539 -0.15744006847972 -0.106691613833007 0.0325351168664202
-0.00877130588810518 -0.172740089181577 -0.0318991158017793 0.0336451386101149
-0.0520911948491504 -0.151909250770088 -0.00395530821263806 0.0115168240158813
-0.052375655176541 -0.15402126065509 0.0310069587278169 -0.00863937881565193
0.0257711381025732 -0.167327652911357 0.0732142075804536 -0.00560552249826483
0.109298905345502 -0.137876077366699 0.111518903620941 0.0206341969267434
0.228112329891121 -0.0683535312437294 0.0961068980172588 0.10984760316808
0.215103068184408 0.116576255268409 0.0162440112366533 0.173072582402259
0.0474596399820376 0.260762370063935 -0.0497195411747171 0.0982041286790377
-0.114689912771049 0.308606000482106 0.0186815107681019 0.00578917163493928
-0.166618454174715 0.20146764798352 0.0568423887752778 -0.165697767835235
-0.10373631932556 0.266156340688387 0.173224488761336 -0.135649569414162
0.0982612194554934 0.244996195851487 0.101598848303933 -0.205890395376972
0.246571402474554 0.0862645356934134 -0.0397297585999619 -0.196574567434976
0.192795536531681 -0.0751543570763635 -0.095261007412651 -0.102447751905889
0.101614960674503 -0.144185305163212 -0.0756689228973557 -0.0372544602260662
0.000270468087484145 -0.166558202885072 -0.0303253103961426 -0.0337462596262266
-0.0471693091016273 -0.150186815347705 -0.013989489503893 -0.0479522991972207
-0.0506258080602481 -0.149630006685439 0.0192634822875379 -0.0651507941673955
0.0201396202365919 -0.159296185319586 0.0697980859994839 -0.0607317626932187
0.102663472576541 -0.130387502382166 0.124137924199355 -0.0292208424932556
0.212847736180888 -0.058696678814466 0.120253140264865 0.0735761459630905
0.188597143495658 0.112594183415557 0.0439136731873791 0.150409344915195
0.0262950596523186 0.233076098477643 -0.0361220423679187 0.0699254555249427
-0.118493858509973 0.26090533200858 0.0648567991559166 -0.0644888855162185
-0.138338303062607 0.122473698170996 0.149069621622933 -0.225563373643362
-0.110607123906946 0.186103378097678 0.213651098245427 -0.165609019003303
0.0445967975233333 0.194760469623515 0.142204482657784 -0.186518445279067
0.180730654901065 0.0874300769842776 0.022473854904054 -0.185352649617186
0.152480453378618 -0.0455667840675709 -0.0355474819077284 -0.129481873938398
0.0855886405792576 -0.107561637089795 -0.0446403085464874 -0.0957789279516153
0.00481958621451324 -0.13258910963909 -0.0284905089727095 -0.0920579907497886
-0.0367521884074895 -0.12523493098757 -0.0220311953880818 -0.100433392929376
-0.0389072219304326 -0.125849803295884 0.00899864200352472 -0.114759093281221
0.0174251185667403 -0.132561286921082 0.0690697713099751 -0.107546352174843
0.0894507732346026 -0.105038005619611 0.135464045444116 -0.0659372314639132
0.177459813862331 -0.0324768471782761 0.137108976103504 0.0495277315728574
0.136849740803066 0.107178352989367 0.0604438356676657 0.131099696179473
-0.00703111745832216 0.185270811358141 -0.0273871690203379 0.0473578802291095
-0.11463690583233 0.179524048881077 0.102362087971467 -0.116374611200864
-0.0810924212803856 0.0237435439155277 0.211015364846855 -0.2570129419218
-0.0852650120803488 0.0757460602742322 0.228555200217264 -0.182719001459394
0.00165086792682504 0.103790123299855 0.162589629749936 -0.167590736047306
0.0918790417682822 0.0587058585479929 0.0578038807900141 -0.175277748496926
0.0843395412680245 -0.01751336018473 -0.00147402059208815 -0.145502315187267
0.0507235079875183 -0.0557577179295403 -0.0273558978229445 -0.133503448635043
0.00597034491674506 -0.0777748239701791 -0.0296798151811461 -0.129863665573767
-0.0208817508989405 -0.0803209477414691 -0.0266893848725861 -0.136431797347619
-0.0216639557250613 -0.0847530645700647 0.00531082642836394 -0.151159867563079
0.0140270384944844 -0.0895228998292706 0.0760252211402633 -0.141846895602037
0.0698204379813017 -0.0699855952416378 0.15344097164471 -0.0882462583983186
0.125098730703009 -0.0032450655726368 0.153701541770159 0.0430354854809296
0.0708899847137074 0.0920437119813988 0.0712662535864644 0.122728406257407
-0.0384663808482035 0.118763989902401 -0.02122980302345 0.0342590887288196
-0.097609104106919 0.0762396330866871 0.130753270935924 -0.142880236449962
0.0621043872559153 0.0228085470255574 -0.114690810761349 0.197475396309881
0.0395098190221167 -0.0446475227473889 0.0667720572024527 0.0176672747874983
-0.0222808626985762 -0.0567757296217411 -0.0578970074159529 -0.140856229271657
-0.0523080532950728 -0.00534552874558895 -0.19074447248082 -0.0673755068622193
-0.0255977595619957 0.0266202890800951 -0.201456081857767 0.0980039168468602
-0.00574317048268499 0.0207753549915047 -0.0884363827754499 0.188427284834112
-0.00212105262902574 0.0246073692706109 0.00820508462496317 0.184427057417567
-0.00216329898509384 0.0235425214198293 0.0445603531483546 0.156692015346627
-0.0122037930324757 0.0100371770357339 0.0581345207226023 0.146501861207979
-0.0164649744818603 -0.00427485772382327 0.0517506574174056 0.150840795580824
-0.0158996783512241 -0.0145890958176542 0.0147696845636435 0.166785165880135
0.00409116561564897 -0.038803814147267 -0.0574966407875264 0.185193414957644
0.0437516227215188 -0.0184583824313096 -0.141708868507654 0.176654745449393
0.0576443226194733 0.0409946306611826 -0.204567578479283 0.156363803006995
0.0350599096730013 0.0703972396299345 -0.204827704326449 0.254592809154828
0.0237975666775865 0.122772042163069 -0.146536076779608 0.168381108398142
0.0551326624491431 0.0512439887092528 0.0583745310552345 0.0153549826680241
0.053625804065622 -0.00777739509377576 -0.0559710247635086 -0.153598911957022
0.0330865704591771 -0.0260891398748978 -0.201937057946794 -0.0872985803631784
0.0182339526410773 -0.0245968351694431 -0.218580701238675 0.0849358664782596
0.00659110434231001 -0.0396290704399325 -0.10184014645507 0.184938244482049
-0.0203273022345919 -0.0366843003363726 0.000688636278012277 0.179167584894339
-0.0258548900768188 -0.0321087506417134 0.0387458232176591 0.147187923991235
-0.0249390632433185 -0.0507147685595878 0.0597076404803008 0.131692620803352
0.010091787500485 -0.0662479397946166 0.0607667799964354 0.136217537074625
0.0444148388738867 -0.0514574866665265 0.0328339613722464 0.151727359150161
0.0942376079294806 -0.0292039322947199 -0.0292785108836526 0.181989270280312
0.0989638778617913 0.0568088433536958 -0.108689462493152 0.186340046658538
0.0372720085545428 0.146070690576118 -0.15389381323274 0.157990566960083
-0.0273231694789328 0.180870966029773 -0.155169184823753 0.226905142991603
-0.0316618720114624 0.204654543279667 -0.148005863916205 0.106920292988145
0.046240248007452 0.157124852830286 0.0628794248309061 -0.00712865751081473
0.121138890736528 0.0657524596154521 -0.040738981223738 -0.176148409359577
0.130785095923735 -0.0290329703992195 -0.201042087573914 -0.11928741684492
0.0759773671724592 -0.0732130461545459 -0.224755058664994 0.0537814122906879
0.0288341301369648 -0.0987391732147361 -0.113100620258677 0.159045319182847
-0.0299496841303038 -0.0968373015661613 -0.0115947201332676 0.150147994791691
-0.0463971758048761 -0.0837731339631434 0.0271429989166441 0.116501159637845
-0.0409112185841526 -0.10041701003477 0.0551454452855315 0.0962406845847031
0.0208532505978529 -0.119603430735391 0.0715684542939316 0.0991715798245933
0.0822016819392882 -0.0946837140489378 0.064741167425634 0.118693311664053
0.167830428547977 -0.0465325879880687 0.0190422014033875 0.169651383854221
0.163076007047137 0.0956538561582127 -0.060573299501124 0.194680353836565
0.0464425305262789 0.221496207193235 -0.102413221328743 0.15017175596794
-0.0641910145432973 0.267183469701104 -0.0920150564749115 0.167736410165541
-0.0904214242851791 0.252289296354984 -0.112751498066549 0.0203812728864501
0.0122006276946656 0.248405129097442 0.082844762269143 -0.0476533325302796
0.16205835603277 0.149919463882169 -0.0106858928185282 -0.199326723206555
0.21851207690195 -0.00753368654741464 -0.175092175708927 -0.155603113469676
0.136808827793376 -0.105877772950818 -0.207697241038024 0.00552553171003636
0.056713607849181 -0.144523279090458 -0.115165038696805 0.108179252370649
-0.0301200899645777 -0.144871209885624 -0.0227602668182902 0.0997360520973939
-0.0600897304585669 -0.122932517960382 0.0122989738471043 0.0694487904635131
-0.0566542056275391 -0.132822873034891 0.0447715663526806 0.0456285974818243
0.0177995845419894 -0.154714453909014 0.0764983293804774 0.0467720538227695
0.0966190463123686 -0.129994658865686 0.093894063032954 0.0683021461393508
0.209463219350935 -0.0749375304060859 0.0672876409257269 0.140130330026206
0.210464283852543 0.101440012978893 -0.00909474040917344 0.18939615999394
0.0651686988806597 0.255653128294059 -0.0640379265014919 0.128787369146941
-0.0796369009421109 0.314025409082209 -0.0319714936979453 0.0882448178870948
-0.135295165705944 0.254398903903802 -0.0443795590500637 -0.0778497315120385
-0.0380815534014274 0.293127399448359 0.118356493495035 -0.0990881203456479
0.158771301549369 0.216647537066527 0.0351752261632578 -0.213119102956435
0.264536115289131 0.0303541404194149 -0.121797385484078 -0.182374532134147
0.178847296131738 -0.110880264031412 -0.163714864001259 -0.0487923604604855
0.0800215597955283 -0.163821778555724 -0.102947143873497 0.0393214333317659
-0.0227490229705058 -0.169400960331491 -0.0304015806144859 0.0355026216036488
-0.0644739033354965 -0.143590930943866 -0.00443832783025569 0.0126754397595759
-0.0647009324955463 -0.146552649049475 0.0293625593462027 -0.0105479446944296
0.0108934198488786 -0.167235117888913 0.0719067319461853 -0.011272396217008
0.0965527480457756 -0.145094907807349 0.110394706267232 0.0122208001626835
0.219742302847667 -0.0878721316756323 0.103152296612133 0.0999392522651762
0.220975484624419 0.0964630844170631 0.0315211070982645 0.169685429806377
0.0675233292034352 0.25498634698448 -0.0418387779692185 0.0998841127256641
-0.0874267771188903 0.312174672462433 0.0171332190448957 0.00391105855111894
-0.148759410918433 0.210915537489578 0.0443869977187321 -0.168011150571344
-0.0799775832551374 0.271577219522743 0.161226006907532 -0.145985849114999
0.115919923093996 0.231941814591118 0.0869659227774236 -0.209161706359863
0.249631643572582 0.0629296383598255 -0.0531557060671558 -0.190544790343896
0.183173711639275 -0.0902160957160498 -0.102137505818001 -0.0946970728377205
0.0883190649733737 -0.151745350720981 -0.0779879750944281 -0.0324797125325344
-0.013981428332989 -0.164557258948876 -0.0345800105538677 -0.0311758966814453
-0.0594965354241416 -0.142282575481252 -0.019492250771557 -0.0456735316797062
-0.062481048412276 -0.142583405474983 0.0125633247946377 -0.065002625256071
0.00705482824559643 -0.158565433321594 0.0640987063742357 -0.0654340711169368
0.0902114912867215 -0.136684957751318 0.119579135847829 -0.038316560356488
0.205256735465363 -0.0762842074062975 0.124427737080191 0.0627401119659015
0.193689773879576 0.0950003455970987 0.0572873250974162 0.145666783319469
0.0443003267176061 0.227950040361721 -0.0304924613893827 0.0715306422627962
-0.0942170650404542 0.265213738879902 0.0566291638091501 -0.0695592286210443
-0.126043894802545 0.130583308186741 0.128969096093936 -0.235854353632218
-0.094054418633919 0.192413601851654 0.197749423079744 -0.179083550222461
0.0590865208619462 0.187072455532672 0.128222110766144 -0.192933800869907
0.184941460388564 0.0688403920038744 0.00868305424451828 -0.183396708159289
0.146199081413114 -0.0588137907832982 -0.0443714508815622 -0.125553962115991
0.075055358637347 -0.113473688827436 -0.0517715605413773 -0.0917842837519501
-0.00667941782629456 -0.131383635937889 -0.0371017269206038 -0.0887996732218175
-0.046857384019739 -0.118867246828112 -0.0317557676255251 -0.0966299416289407
-0.0495380665655765 -0.120784518751798 -0.000780178320909492 -0.112836246002711
0.00611579709188006 -0.131038017399839 0.0602406810069297 -0.112393288658044
0.0796983522634493 -0.110702207077072 0.128821299059678 -0.0757035291381874
0.172207262616106 -0.0473813146187744 0.139285768530362 0.0379980530927868
0.141760809592266 0.0944450596931935 0.0719757910532792 0.125070652754007
0.00767836482048615 0.182378179758347 -0.0233465549261419 0.048655420303494
-0.0970836413991479 0.183948307112176 0.0893209066464165 -0.123912914577365
-0.0772765669154945 0.0285875521541845 0.188893620269267 -0.272101587969394
-0.0769565887763921 0.0808817431648799 0.21198968306807 -0.197158412991923
0.00947832336707555 0.10181851602665 0.149429553932503 -0.17662659363291
0.0952462648237186 0.0485415585919485 0.0457786383727142 -0.177449689905833
0.0815135392722651 -0.0243883135078002 -0.0114283441036526 -0.144308598436667
0.0452603502701666 -0.059635452590238 -0.0380891524571264 -0.130245922513694
-0.000592626681483027 -0.0770402509336897 -0.0410699266380892 -0.126021617008408
-0.0281601485028646 -0.0764487292729643 -0.0391755579354085 -0.132556240407697
-0.0285293165498133 -0.0816931086416718 -0.00871691186366017 -0.149280979167359
0.00625578895251361 -0.0889414709136215 0.0638628612955801 -0.14620522541868
0.0627741679567611 -0.0744624786632934 0.144219118224271 -0.0979388948347397
0.122466370242955 -0.0141794477411162 0.155653755866111 0.029849000973078
0.0762566342545058 0.0848065571066398 0.0804042011806422 0.115515903823554
-0.0290952542866275 0.119812328544399 -0.0184424729059634 0.0361832364556249
-0.0892327883041997 0.0810284730862086 0.11474921922065 -0.151371359711378
0.0598217251497584 0.0172424827331442 -0.0958702361162656 0.195006092275198
0.0355345923742629 -0.0443472253441051 0.066454906068748 0.0121807300335048
-0.0241821656657853 -0.0520513290297965 -0.0618966387941818 -0.131592562333471
-0.049617745796013 -0.00271346461934326 -0.183997080396903 -0.0542573479389597
-0.0228046797732598 0.0263876570575344 -0.186665309102584 0.104089699811257
-0.0049426881754941 0.0197252198288657 -0.0741618784133481 0.182698419584724
-0.000753486656448971 0.0229297002228284 0.0186804099892621 0.173911348082306
-0.000226502150893881 0.0222336123112687 0.0523008988780763 0.146567551024177
-0.0107502650608016 0.00991056765789429 0.0644673276412464 0.136474858081051
-0.01562292401085 -0.00322928321093063 0.0578406809386889 0.14086911620702
-0.0151141297100787 -0.0134763153269113 0.0230084513193993 0.158351563544323
0.00174695085904081 -0.037186086944797 -0.044806871735187 0.178770293239773
0.0416865578428749 -0.0196059950820269 -0.126404200685578 0.173631468388326
0.0584933072492499 0.0366812656400145 -0.187440601053824 0.158462976682637
0.0368666197852427 0.0640991331471151 -0.181371823179964 0.25442586913457
0.0288245450201862 0.114405294148338 -0.127460544875677 0.169475472725957
0.0560260679493337 0.0461454545939786 0.0582904728353181 0.0111389595353288
0.0507541456028381 -0.0108801386309219 -0.0601425616571573 -0.143473193781131
0.0297407277194744 -0.0278369306057788 -0.195777005776662 -0.0724003744427791
0.0158861938419171 -0.0254859432339979 -0.20325624047188 0.0923763056113605
0.00268291460335896 -0.0381327530546171 -0.0862194775994553 0.181104825142186
-0.021730405791626 -0.0336275105321242 0.0108117839896728 0.168939953639138
-0.0262043054255281 -0.0290079587085975 0.0453680225307171 0.138412964391588
-0.026754816403779 -0.0469002428992979 0.06441976065377 0.122834705069117
0.00579651737971868 -0.0638439111427961 0.0655762823719162 0.126655560923271
0.0394739915810865 -0.0514061565437495 0.0393695280264069 0.143561218013233
0.0875885401930023 -0.0330894426447968 -0.0178002229171929 0.173736206514112
0.0981926814016673 0.048090429116461 -0.093747395817745 0.181919470237493
0.0446157273987794 0.137686706734314 -0.139721067187075 0.157345435388605
-0.0162507403952078 0.171962422381531 -0.13637513074474 0.224452695076154
-0.0186196178592824 0.195541936115356 -0.132583126393567 0.111375631455807
0.0540968604138202 0.147383559652442 0.0610194563835593 -0.00946475485365328
0.119191968390839 0.055011182751617 -0.0469825168591079 -0.165537642322171
0.121692192431405 -0.0371314625578934 -0.19681171595237 -0.102859811857929
0.0676423212742891 -0.0754503996231215 -0.211309147843344 0.0631580378806912
0.0205660578409783 -0.0961406071207028 -0.0993277973418982 0.15617714139262
-0.0344952401696243 -0.0900284643130492 -0.0026909567926503 0.143184809219336
-0.0485393007736469 -0.0758249638725439 0.0328510162568191 0.109829650065632
-0.04483092929592 -0.0927261388740442 0.0583550946569083 0.0889603756602924
0.0125397921308116 -0.114835247742501 0.0738033770186602 0.0904349519603812
0.073086370594561 -0.094411552218103 0.0679797885783045 0.110495346097817
0.155661562736457 -0.0552606294944295 0.0276040454855417 0.159900980291625
0.160461211413465 0.0807550005296047 -0.0470883344721047 0.188078967909638
0.0572699235403472 0.208984609570278 -0.0911084795354903 0.146214291779601
-0.0463706562374258 0.25596446166226 -0.0793499537245073 0.165111386654514
-0.0726853014164972 0.243930076347373 -0.104762781584711 0.0268131501609871
0.0260557035063244 0.23632214179167 0.0782425698676832 -0.0484568387794087
0.162510802170651 0.132510802820531 -0.01862703216336 -0.188383489828356
0.206577472959711 -0.0225685276461423 -0.173622082441486 -0.138150779874865
0.12323929901764 -0.110098493749246 -0.198164201341707 0.0165113461155728
0.0442622698888711 -0.141209113946891 -0.104078497141319 0.108431640750273
-0.0376835355592791 -0.135834676405608 -0.0171683736563072 0.0964523662097955
-0.0644025699058301 -0.112074809858258 0.0154677204388098 0.0654782439880606
-0.0617327573759263 -0.122269471275435 0.0446543254448571 0.0418455149774576
0.00782437244758999 -0.148764018338938 0.075794735638439 0.0399855827955032
0.084301065437547 -0.128946276789146 0.0926085708260761 0.0604146622926838
0.194493580510724 -0.084420419590451 0.0718603328873993 0.128620740913046
0.205033754027127 0.0839643076252758 0.00285532693376152 0.180453067508484
0.0761706608607662 0.240313134739876 -0.0550008545176685 0.125320190779323
-0.0578304904766099 0.300847934736219 -0.0272084864257214 0.0858700804936612
-0.114810831544478 0.248793023042551 -0.0452454717631506 -0.0711275659388512
-0.019018898847396 0.281074512025246 0.108783060827937 -0.0987490583761032
0.163261997126204 0.195651407958285 0.0250481300262619 -0.203585666433035
0.252352334803937 0.0106017097987652 -0.123540348129632 -0.16629174216789
0.163202886646901 -0.11738343640322 -0.158522610215921 -0.0380742964203799
0.0658224445591797 -0.161297208305995 -0.0961858502310993 0.0421117900190262
-0.0323437935509296 -0.159958361045899 -0.0288698366493646 0.0354800467296401
-0.0702983235834955 -0.131068750542673 -0.00384400038655078 0.0127673478732943
-0.070523141794334 -0.135244730703915 0.0261532772936979 -0.0105567177125853
0.000715178113451016 -0.159845282427301 0.0682495166492022 -0.0147401614193152
0.0830924646390492 -0.143296642114993 0.105862902288623 0.00584041028903204
0.203133296031416 -0.0974632161349899 0.10404355498938 0.0879862275291289
0.214132899939441 0.0788913987408188 0.0408341249003173 0.159251131306686
0.0786080779623883 0.239289320079239 -0.0344043963259632 0.0964975776823621
-0.0650956164542195 0.299414326493611 0.0145176728952376 0.0030510285165395
-0.129787014059289 0.207751744223401 0.0337455653584664 -0.162600450009635
-0.0610326484161815 0.262122498608352 0.146692120477432 -0.145114673450559
0.123580163603876 0.213229511006334 0.0730541239003608 -0.202508355186543
0.240635836135488 0.0431230922026007 -0.0584215140757195 -0.177879882833521
0.168573942518198 -0.0977415851264359 -0.101516779202642 -0.0854016072368185
0.0739383478304665 -0.149728708706436 -0.0763354941064479 -0.0271444993539265
-0.0239389183319431 -0.155301027496364 -0.0357353451330726 -0.0275347032517011
-0.065799142978969 -0.130316518631945 -0.0224634106096255 -0.0414521150774533
-0.0674903094151275 -0.130836575256427 0.00717227785806635 -0.0618792497824557
-0.00288275324146429 -0.150581501413459 0.0572907844512831 -0.0660895353130521
0.0776361876664641 -0.135219507791707 0.110900369222131 -0.0417805276993866
0.190744129450726 -0.0855496770472623 0.122349737935212 0.0519593186600842
0.188751183280608 0.0791792961616676 0.0639051058966821 0.134903250913704
0.0548163648609027 0.214848650475703 -0.0251849967845242 0.0690381988856627
-0.0740629945877168 0.254515254404203 0.047911893131733 -0.0698064872261689
-0.112706133339934 0.130777297470446 0.110146643563573 -0.231450280034809
-0.0780910237549197 0.187452447451515 0.17965552889483 -0.179758303699183
0.0667014399632598 0.173673003306871 0.113575916294427 -0.189650085832785
0.178734159876455 0.0531228857021911 0.00027157951750359 -0.175191405670773
0.135080360063202 -0.0643983448205818 -0.0486310433219417 -0.118567155149199
0.064470371323211 -0.113255038227474 -0.0551270380069239 -0.0860241027161238
-0.0144107001330384 -0.124545189612675 -0.0413062678959738 -0.0823014743364099
-0.0519066031345403 -0.10879619464973 -0.0366709211210312 -0.0893601831857135
-0.054482691414611 -0.110526533212985 -0.00792531628059807 -0.107288742546963
-0.00149324921117647 -0.124477871506085 0.050946847147304 -0.110236573757767
0.0692772895660328 -0.109958331864029 0.117753330399643 -0.0783003487812438
0.160326456089538 -0.0563623443515439 0.134976598650016 0.0277093106690597
0.138725110248589 0.0818521635024548 0.0771557953158637 0.11460498539766
0.0174626569267695 0.173433315353291 -0.0199707027208595 0.0469867555645569
-0.0815215262621868 0.178078782342869 0.0755943017606936 -0.122826343661691
-0.0720860159790002 0.0305929017592184 0.164137612760045 -0.269571097921437
-0.0685519277161477 0.080424213819584 0.191818983652254 -0.198253941248387
0.0143449870535376 0.0949775220635324 0.134590871305723 -0.175360831637567
0.0921377794245694 0.038780559562087 0.0351560062833828 -0.170361625057496
0.0758120952272695 -0.0285397778626391 -0.0186485743670421 -0.137376751151108
0.0397996933573846 -0.0595376061145001 -0.0444765613410033 -0.12330561036472
-0.00476745089328825 -0.0728482386015449 -0.0475352754046544 -0.118563872887589
-0.031444509035779 -0.0694568002947095 -0.0464890327776163 -0.122735698489078
-0.0326904451345538 -0.0750754374646925 -0.0173439172482048 -0.140285917639507
0.000455658802436403 -0.0843251472895365 0.0528956753727438 -0.143125255103746
0.0547644703528547 -0.0745487812569945 0.132645145997284 -0.100320948634294
0.115560957368648 -0.0213192331111107 0.149582941948601 0.0204197603178724
0.0760506970602416 0.0767907724899869 0.0844257386779154 0.104995005626107
-0.0213203448172612 0.11477593858012 -0.0160175177629478 0.0353775547173623
-0.0796670992465201 0.0801781566894254 0.0986176816139681 -0.151175702098649
0.0557185503526586 0.0148020688076034 -0.0847951429903331 0.186890894633858
0.0329171035424619 -0.0429424613701008 0.0646142344961684 0.0100213157220291
-0.0239277718452137 -0.048534656321299 -0.0605144342946861 -0.124186269100952
-0.0475549248269953 -0.00176293801826869 -0.174310818826371 -0.0492677517397929
-0.0211836368643748 0.0253277449831602 -0.174421939061801 0.101075776762999
-0.00430234013421733 0.0191889100525328 -0.0672325057966509 0.173753898085931
-0.000383331191063152 0.0216478884712328 0.0212466146491848 0.162739746834415
0.0006947969805333 0.020443938316188 0.0528582581750117 0.137504438070278
-0.0104669290140085 0.00952101285783776 0.0641842161558234 0.127882506521138
-0.0145509825046394 -0.00330482366652472 0.0571872172661711 0.13263939211528
-0.0142980572567989 -0.0120325428994117 0.0246894859299484 0.14973890789718
0.00100270292272461 -0.0349890870459566 -0.0402249565324358 0.169816805859615
0.0396806569280943 -0.0190983794352891 -0.117871983155499 0.164318922041978
0.0573388170676897 0.0336029552146109 -0.177221672766473 0.151859597588327
0.0350737408060177 0.0597758649903775 -0.167964384365942 0.244505202033745
0.0286912064374417 0.107283133621519 -0.115066243139137 0.163368041495517
0.0540185395303648 0.0426827694406515 0.0578007958098811 0.00960768009370776
0.0474091601118744 -0.011391595117789 -0.057934355803569 -0.135657346903164
0.0267189545376086 -0.0279587927602782 -0.185969175078276 -0.0657041357533984
0.0139674256498506 -0.0248844454189673 -0.191080871509286 0.0910189189012301
0.00165348195830847 -0.0358170485911549 -0.0787193724407885 0.171893969684813
-0.0220882282108625 -0.0309077287616193 0.0134183759670347 0.159306456628208
-0.0253354927740702 -0.0263490238479567 0.0462237499374332 0.130432224048477
-0.0262573539415289 -0.0437861254488861 0.0642867405250857 0.115293319505647
0.00427617931725395 -0.0610672409154935 0.0641310936136463 0.118722053987717
0.0362158236248471 -0.049855483478074 0.039773482631735 0.136137959506824
0.0821332728496895 -0.0330882715283543 -0.0143966198543217 0.165015042628306
0.094004030080846 0.0435319522641049 -0.0860995643394573 0.172281309717543
0.0452421801328692 0.129645358991323 -0.131092422297407 0.15006713614597
-0.0127452539320566 0.161906993424172 -0.12581679746511 0.215796452224923
-0.0147232983783047 0.18495055800988 -0.121833323125515 0.108002239366004
0.0539909278042839 0.138316190016954 0.0601835777205063 -0.00931107181123172
0.113463636646228 0.0487274754060216 -0.0446312045362524 -0.155914553939006
0.113678461551636 -0.0392617742826723 -0.186618507665762 -0.094400293227298
0.0618207151350468 -0.0738816538668016 -0.199584587142772 0.0633778184476089
0.0169297440187887 -0.0910416705176168 -0.0910871738713912 0.149081717482973
-0.0351239619253769 -0.0843803825776016 -0.00031063110632882 0.135400287938366
-0.0475786986900731 -0.0699376842037621 0.0335969712618776 0.103612703652193
-0.0448317386569314 -0.0865370968351799 0.0570405833277415 0.0838590421581494
0.00943666317859585 -0.109292441881957 0.0719336418670808 0.0839298630480248
0.0671921102524519 -0.0912403402112419 0.0663265946151664 0.104254626225634
0.14583081615492 -0.0556063503064496 0.0282365569496569 0.150178862917506
0.153647843669822 0.0731090472189724 -0.0410896799976621 0.177752210115073
0.0587576269884051 0.197344446352136 -0.0854020300686479 0.1389269828431
-0.0392903243977197 0.242417662222361 -0.0735084348403541 0.158679401751921
-0.0650494894725397 0.231892425374567 -0.0970161242125381 0.0274830696574339
0.0298026642344912 0.223307557075045 0.0756458755134325 -0.0457580563914723
0.155924123151591 0.121095625520472 -0.0179102419338189 -0.178228060155812
0.194275207775786 -0.0283150416854224 -0.165021030581117 -0.128397122611611
0.113579471207739 -0.107968334379357 -0.188562336237956 0.0180401837242577
0.0382775116159593 -0.134107081599534 -0.0970729300913776 0.103608901261444
-0.0389352157672979 -0.127687470921945 -0.0144310431771025 0.0915073731268531
-0.0632685689872911 -0.103314001643144 0.0161501627888046 0.0626338283910296
-0.0613438172814819 -0.11388080635734 0.0432663199365955 0.0396650648792541
0.00433189319063605 -0.140604954447521 0.0721534614845988 0.036675047319145
0.0769098200344051 -0.124227663736773 0.088771505345896 0.0567868570263642
0.181572679532152 -0.0855577282815872 0.0700402880864374 0.120330357255676
0.195368700796362 0.0745017481539699 0.00690670360613713 0.170306156231361
0.0774130487171589 0.226929292343001 -0.0510066893200597 0.117925503695605
-0.0483163540257663 0.284215766050082 -0.0255481566600038 0.0824891552414642
-0.105028507270656 0.236909396536033 -0.0423112049117575 -0.0658154605256892
-0.0122926162912999 0.266609046049069 0.103847486582426 -0.0942958816962194
0.157464959825788 0.180283981621062 0.0226670379890584 -0.192770065559277
0.237729166018826 0.00247137407253813 -0.118439379785861 -0.155720678584212
0.151163980923346 -0.11606111117842 -0.151084221907207 -0.0346156296570706
0.0581197163237885 -0.154144235414353 -0.0910888206805152 0.0408806749429793
-0.0347769588647673 -0.150406663139312 -0.0270879026313413 0.0348456354878474
-0.0692707144798759 -0.121508292490467 -0.00357553157493376 0.0127176084864257
-0.0697914310124819 -0.125020271623366 0.0246408185250788 -0.0091951276393077
-0.00280003886973491 -0.150950881782653 0.0643195594230364 -0.0157418879994006
0.0753446252705268 -0.137472545126348 0.0996435817215136 0.0045572615122381
0.189739692564292 -0.0979947428618068 0.0994675420340192 0.0816302726015001
0.203447307081901 0.0696878020231657 0.0429062034098905 0.149586204488434
0.0790159312410563 0.225740293783781 -0.0318766826356572 0.0912658274598906
-0.0556401535810635 0.282573685463802 0.0117842858583654 0.00240751296390082
-0.120157700885343 0.198809130895459 0.02956879636478 -0.154518223803582
-0.0535016761503354 0.249441972941233 0.13817699962666 -0.139344398643867
0.119996232454369 0.197943745139454 0.0685126020028936 -0.193025080215579
0.227473999066221 0.0341240986914655 -0.0566824338415771 -0.16801950760247
0.156890838494057 -0.0968692666443595 -0.0978680014146394 -0.0801599956291912
0.0664783706428753 -0.143904838904079 -0.074128268102169 -0.0252230783627739
-0.0258549435933354 -0.14657409561893 -0.0354368899971483 -0.0254307548186934
-0.0649678108812833 -0.12016138964392 -0.0220754701208914 -0.0380873969221315
-0.0675432754893903 -0.122002257420752 0.00570469363796098 -0.057811227900231
-0.00554372397841665 -0.142563121447179 0.0531693600796326 -0.0643733952529707
0.0708424841143633 -0.12925678287711 0.105061858497595 -0.0411350104654147
0.177743789460909 -0.086131936108101 0.116258494155368 0.04682287895399
0.178954900285204 0.0712682773948162 0.0649202295186104 0.126261635328681
0.0560033135554672 0.202596038566793 -0.0234509857135752 0.0652203732142716
-0.0652181131028924 0.240484016747049 0.0421134228712034 -0.0672448087039493
-0.104620344864338 0.124606106800486 0.100828819991133 -0.221349256745004
-0.0704357189913298 0.178548185436149 0.16764087651842 -0.172436299824346
0.0651114602478145 0.161992496618109 0.105755272022351 -0.18036526871509
0.169275206902668 0.044538526528275 -0.00126906232660149 -0.166061299000039
0.126565737074748 -0.065257791337997 -0.0482108567605819 -0.1122943491764
0.0579931992569694 -0.108495536509257 -0.0546725933387688 -0.0813558201772682
-0.0163560784748373 -0.117416027269791 -0.0418940792681608 -0.0774396386193842
-0.0518180866581784 -0.0999102513836092 -0.0373006054403695 -0.0829342747886918
-0.0540915277699783 -0.102842705649569 -0.00997926592766761 -0.100393770564767
-0.00432389970159563 -0.117219139951534 0.0456216169913762 -0.105640073019287
0.0628164328967537 -0.105501673817971 0.11026862273741 -0.075575824284031
0.150466828203364 -0.0578226499013806 0.127956132969048 0.0240835887410404
0.132053447222163 0.0749678559693429 0.0756397097309668 0.106853876087314
0.0192922759776188 0.164046133091865 -0.0182845989132407 0.04459032085709
-0.0732306984042888 0.167676164968712 0.0671425189546399 -0.118365393322403
-0.0672612223423094 0.0296776393076347 0.150369270933066 -0.25844401336118
-0.0630195178072828 0.0762697202074096 0.178177287689342 -0.189703722287565
0.0144934963953533 0.0890614092863717 0.125648469112675 -0.168152149823008
0.0862012091928065 0.0337785169387179 0.0319096397450522 -0.161623782374877
0.0713233175234693 -0.0286173337497375 -0.0194015675737659 -0.130670862334335
0.0365516572813181 -0.0570594733679276 -0.0452009279143962 -0.11649768692905
-0.00631553847070896 -0.0687885955904803 -0.0480977511158833 -0.112196036338663
-0.0315226071838612 -0.0638189619922441 -0.0473614532439184 -0.114281663681742
-0.0330555164777191 -0.0692898107541338 -0.0190528272602549 -0.132021504062774
-0.00112550788055849 -0.0786527412826905 0.0471466690519108 -0.136979068958687
0.0502043681478487 -0.0717459467578171 0.123116252958786 -0.0973002765212841
0.108112129151704 -0.0230468062067851 0.142143487896616 0.0165192341296958
0.0722906835519067 0.0723284583064631 0.0821019083714508 0.097699851572772
-0.0180732774433613 0.108562475363103 -0.0151524356906152 0.0339799434716708
-0.0730938234255124 0.0754724406065055 0.087915301872766 -0.144770244686013
0.0528029263185623 0.0139115758560115 -0.0812207192118905 0.18043565956471
0.0322361151598819 -0.0408637913881897 0.0637205499367289 0.00975054678976207
-0.0222512007769003 -0.047008449375263 -0.056828386305304 -0.121144068557772
-0.0459678347229992 -0.00240255779646254 -0.167950435328045 -0.0503345909001611
-0.020551660713413 0.0242281106247921 -0.170883438974061 0.0962682977630908
-0.00458572398513011 0.018830688462091 -0.0667590424604263 0.166856180939817
-0.000725248856296165 0.020912038848946 0.0194780510247231 0.15610203845624
0.000618656063154578 0.0189968066704447 0.0513133417732333 0.133258841574842
-0.0100952961290751 0.00898652909350145 0.0625180708451418 0.12432984916174
-0.014244296361938 -0.00430970922159482 0.0545191147087794 0.129804566665532
-0.0135007985424604 -0.0113388267855835 0.022790028244661 0.145494743566904
0.000980360676183255 -0.0340767785659352 -0.0409450194878894 0.164258914433202
0.0391625791534071 -0.0182946300572066 -0.116699727472157 0.156945447300722
0.0562617775705032 0.0328296139814581 -0.174707856940986 0.144551679190409
0.0328618553174981 0.0577345001828109 -0.164596384691152 0.236735290194972
0.0267642308057679 0.103723102164974 -0.110476614950484 0.158482147443671
0.0526387868340242 0.0417340820433843 0.0578445311749465 0.00992967367553068
0.0461256349048533 -0.0108789062522021 -0.0540118317739949 -0.132332063558602
0.0254182481644444 -0.0280606674656884 -0.178464151037998 -0.0665059465548851
0.0133002556300155 -0.0246381246597089 -0.186595741975973 0.0862597333651346
0.000872166555513545 -0.0344048738430001 -0.0777527950522683 0.165652671303049
-0.0212075185817928 -0.0297774872398023 0.0120078997530537 0.153407751352865
-0.0240126983288429 -0.0256503160218604 0.0448066602582148 0.126329574789546
-0.025876187032875 -0.0427639175804008 0.0621947637550062 0.112295291145466
0.0041579908963112 -0.0598899039978339 0.0618129975811652 0.116387916908715
0.0357942357122692 -0.047684052110514 0.0375436745393752 0.132497105229259
0.0794293939458788 -0.0323103429418939 -0.0157115855117233 0.159750321908961
0.0908890983210106 0.0429133816757902 -0.0853237874811794 0.165013204999653
0.0437226003017473 0.126935333330123 -0.130016404427083 0.142833121282299
-0.0143787819232814 0.155868272915062 -0.124264229560854 0.208662199120067
-0.0161235625496748 0.178618546191185 -0.116618416253405 0.104679240906065
0.0519892750436447 0.135023187724245 0.0608381373261179 -0.00824456349145909
0.109189230982884 0.047290556967661 -0.0407945017565341 -0.152158679675649
0.109411778457008 -0.0392529961048882 -0.178743617847329 -0.0936116804018613
0.0595502662895617 -0.0722176746525694 -0.19431546183784 0.0589883938272299
0.0157008933454237 -0.087628133307028 -0.0895827953980797 0.142928234134617
-0.0342527286196358 -0.0812088373662451 -0.000601614094958428 0.130658258534441
-0.045855873096854 -0.0673580543654256 0.0325790756295692 0.10069159105282
-0.0433507038953724 -0.0834306222671615 0.0550067066339178 0.0819664500408028
0.00951156511483131 -0.106608759608109 0.0693828544659538 0.0825434791813739
0.0655527885965476 -0.0879783497275957 0.0634864978969079 0.101789209744791
0.141140789893612 -0.0542065859896349 0.0252805041389582 0.145769974313954
0.147483232704402 0.0710852241864295 -0.0408915857528655 0.171306879789651
0.0559664807717741 0.192548865970849 -0.0855388761942279 0.132863351132091
-0.0399787745824846 0.232447330068527 -0.0731706515939169 0.153319654308933
-0.0644654788747271 0.224176722887808 -0.0923245707362752 0.0262635410657694
0.0279568127884194 0.216368435503671 0.0758375657649653 -0.0434452546689631
0.150061571778948 0.116738109136564 -0.0144498999836806 -0.173318600476718
0.18661925984904 -0.0282360723101008 -0.157497620460057 -0.126244036247509
0.109754064443571 -0.10507950805858 -0.183358109775699 0.0153965000090656
0.0368299218149746 -0.129668196149388 -0.0952523716948365 0.0991053698766659
-0.0380783521666873 -0.123022148850943 -0.0153620122637038 0.0885578979590918
-0.06059760194171 -0.0991020837859451 0.0153810175531772 0.0609417523134011
-0.0598619685108888 -0.110065959996047 0.0418824196317257 0.039619608268436
0.00456108415085974 -0.136591700388416 0.0704012208331634 0.0357800260938485
0.074748851409757 -0.11991176607981 0.0861698154929917 0.0569253713148795
0.175550101723977 -0.083132188254074 0.0662901919323578 0.116893584999242
0.187736282892236 0.0729766107623029 0.00627344471385049 0.16440376461686
0.0739303978078673 0.221615584822018 -0.0519430200620738 0.11277135073385
-0.0487090727397923 0.272853529582678 -0.0271678633877613 0.0796035452737238
-0.103504220006 0.22847981316429 -0.0397146129795283 -0.0642579674195982
-0.013812741287576 0.258642303547911 0.102801963879693 -0.0892248471094275
0.150885386508659 0.174565089894591 0.025017383030591 -0.186610987780154
0.229558491328637 0.00148734256139517 -0.111923660553205 -0.152621464049593
0.146442338857846 -0.112243741275386 -0.147263538950389 -0.035012338922799
0.0565365475872669 -0.149093120911162 -0.0890433342041649 0.0387370074725414
-0.0337083400793391 -0.144988166644946 -0.0269897810266835 0.0333414201781697
-0.0669342091808441 -0.115258245931682 -0.00412189751899034 0.0128911153646097
-0.0676868912063936 -0.121108866483775 0.0238854768999008 -0.00794139493828917
-0.00215475938992569 -0.146267316688768 0.0621039293735722 -0.0148410480884445
0.0735974064303274 -0.133019243729141 0.0972172690281568 0.00639878895229505
0.183466688495676 -0.0952640760746016 0.0960521192299265 0.0794041759971877
0.196234011216308 0.068769088537739 0.041012045574925 0.145156063791594
0.0748597151605918 0.219257707287646 -0.0330922776981454 0.0877381388553391
-0.0559100766074755 0.270905931297609 0.00960219134591216 0.00249134624033901
-0.117805554253366 0.191817644493327 0.0303945118630762 -0.149286279194975
-0.0528787335048949 0.241312978446683 0.136128939983749 -0.132908305096959
0.113846767257992 0.191217171851343 0.0692685421806563 -0.185548492796938
0.218390011820436 0.032265788630413 -0.052155844723707 -0.163502607047704
0.152301517821368 -0.0942618340115476 -0.0951533304679521 -0.0795494341739171
0.0647050645975489 -0.139059129281794 -0.0720735400341223 -0.0256386771209334
-0.0254309397928292 -0.142087972566421 -0.0352164064999834 -0.0247898820722309
-0.0628411678958361 -0.114672776655129 -0.0214716513054485 -0.0368940881796354
-0.0654379962694323 -0.117209088990802 0.005876352789522 -0.0551788687620088
-0.00520667266654162 -0.13754445996341 0.0518668593638157 -0.0621053072059292
0.0687520189085484 -0.124811828606292 0.101780778735366 -0.037754441412199
0.171803482460806 -0.0845023123060943 0.11206050069559 0.046160470817397
0.172141738538794 0.0699202047194894 0.0623222353903645 0.121858806552124
0.052505064336101 0.197326314410659 -0.023637839549129 0.0627037833999255
-0.0649808659839088 0.230521960800618 0.038908145690919 -0.0646063677872162
-0.102121770157456 0.120013507739486 0.0992423154246864 -0.213992536024935
-0.0702050392843055 0.172536208089932 0.16480228194864 -0.164705284164329
0.06165392949004 0.156086661269635 0.105222129125064 -0.173450044417204
0.162038696595217 0.0428125865889341 0.00139167414525452 -0.160710255014948
0.122502662673897 -0.0630819493735467 -0.0459649148873517 -0.110551609375139
0.056365122886819 -0.105206246722549 -0.0533348335329893 -0.0797016207614905
-0.0156137817106927 -0.113612014451133 -0.0417843810855095 -0.0759722074666494
-0.0500522664554915 -0.0952963444435784 -0.0366438326259626 -0.0799874697686438
-0.0530593765643078 -0.098717080688 -0.00930268872565882 -0.0967420572696951
-0.0033835374470137 -0.113173378690264 0.0452303949009258 -0.102552488339701
0.0614778129815914 -0.102116199092174 0.107933378024613 -0.0712587307839446
0.145546942597245 -0.0560566357415175 0.123273227221986 0.0243487511058128
0.126904813332513 0.074104982127141 0.0737964178481681 0.103617089206899
0.0174934976582991 0.158360038335394 -0.0187992057427853 0.0429859450829553
-0.0719215035491937 0.159772379384857 0.0638404710169113 -0.114195828680628
-0.0655964754983627 0.027958729716815 0.147529723295806 -0.249938740005504
-0.0616172306407209 0.0731539745735987 0.174550710491327 -0.182237835842839
0.0127578513084863 0.0855035106215069 0.123354636676613 -0.160687040747494
0.0827744949261293 0.031884755310425 0.033063715551659 -0.156057384966222
0.0693631598715239 -0.0277369044879201 -0.0173316000727771 -0.128053961606237
0.0355895074530064 -0.0556852423866785 -0.0442117597743689 -0.113568517335256
-0.00587019122008654 -0.0665830010900441 -0.0477015822628505 -0.108560071985039
-0.0299104771256958 -0.0609466899838636 -0.0458569768646785 -0.111102618955554
-0.0321150241467314 -0.0663376686950078 -0.0178020177667065 -0.128516832610519
-0.000921236014893106 -0.0764040978900177 0.0464677265366845 -0.132334480336736
0.0485434790594373 -0.069152071115636 0.120522676647474 -0.0922141117451215
0.104339788452022 -0.0218092083748556 0.137978301079731 0.0166959624817085
0.0692159170398893 0.0707705764744632 0.079393583375175 0.0954557735836989
-0.0180569551916565 0.104540134018297 -0.0159301365895395 0.0328639010661959
-0.0717654259464254 0.0703267187905398 0.0839530044726023 -0.139837526314706
0.0562280028987726 -0.00826326764299606 0.00161498068426341 0.195555698576666
0.0128114318180038 -0.0503021383089585 0.0628177413838732 -0.0203973366267571
-0.0384675299814395 -0.0313147944059924 -0.104040315397892 -0.0877569797979163
-0.0409554578454212 0.0183460398215656 -0.175638920467617 0.024726553764111
-0.0060475396910102 0.0304024931094066 -0.113821250384962 0.160386214077829
0.00467707241286472 0.0180836383574137 0.00987898335358708 0.179710529908738
0.00752202502586533 0.0199254002029588 0.083695559678717 0.133810496144239
0.00818995740160058 0.016259067948499 0.103448904917175 0.0989456819648754
-0.0058674697750995 0.0129004926144729 0.110784067765733 0.085448130180337
-0.0145633164017979 0.00186700848007863 0.105443891268358 0.0944547686426756
-0.0163581363922957 -0.00456380861175916 0.0815855676727057 0.121201621983018
-0.0128034534111345 -0.0281582144176132 0.032691140550876 0.16451602043709
0.0277528591881712 -0.0318858135045634 -0.0406385141434317 0.189835689748086
0.0638158417770422 0.00749754025130733 -0.102892375688743 0.205218153139555
0.0539314120500912 0.0416850456975156 -0.0573572375231299 0.284841219520635
0.0661322957196226 0.0840048449557566 -0.0311373975283366 0.189293769808321
0.0635248047586287 0.016659786357731 0.0595494216190833 -0.0180327944053316
0.0369050310712709 -0.025600659184725 -0.103419479594597 -0.100818329105444
0.0117276616224534 -0.032526263025083 -0.190427082799487 0.0114742611571111
0.00454120940464691 -0.0267615374338271 -0.134050150733353 0.155696440601093
-0.011490309510358 -0.0316510119066158 -0.00149843727526805 0.181448599975182
-0.0312205255718593 -0.0181119676787679 0.0744262166464336 0.133369488758447
-0.0319750125563806 -0.0149257046059905 0.0950755052825403 0.0946030331172645
-0.0410276944605072 -0.0280778349836308 0.105962081559567 0.0746103795327053
-0.0204848321739363 -0.057019472240725 0.107059797114536 0.0779163625437325
0.0144593750635012 -0.0586693750378609 0.0919861691450286 0.105786886251567
0.058379565921378 -0.059713544564446 0.0560102570380174 0.154527503033061
0.100257257715352 0.00378420079579515 -0.00982126777588265 0.186895468800639
0.0922384998480081 0.0993393545196028 -0.0679123982080045 0.185113636057317
0.0547118442641475 0.153198463666046 -0.0371882516987033 0.239661845585889
0.05554887934386 0.169413344898649 -0.0565237564539808 0.146495357103699
0.099121556588314 0.100803001149904 0.0574183666026541 -0.0342019969072386
0.115544381344591 0.0016041153393197 -0.09557015575106 -0.126201327571978
0.080793753169996 -0.0756454781883137 -0.200259077073091 -0.0167502215975616
0.0269853477652945 -0.0874483658134703 -0.153678207946438 0.132634517608681
-0.019814148756439 -0.0863164535870692 -0.0226710125803709 0.165128490526304
-0.0637757496002628 -0.0583595375359629 0.051732939304126 0.116657491426957
-0.0685918575291951 -0.0437303328529137 0.0729710854426348 0.0762288149265859
-0.0739186995202082 -0.0582610882748659 0.0871286975662859 0.0494756495527185
-0.0350748158054423 -0.102293666889351 0.100497772440038 0.0440141632168998
0.0246666495583912 -0.108785432350251 0.105259596828608 0.0682577102590079
0.104634927526806 -0.105948225984242 0.0914317979279233 0.12861931635008
0.164741106242021 0.00713524109060847 0.0322726923326902 0.176510073444211
0.131481864984252 0.154832553566391 -0.0349751464601389 0.158446973834433
0.0653445438508555 0.234703921126521 -0.017633811822086 0.166052785740683
0.0276044455124893 0.230009677822807 -0.0660849247685045 0.0680336412753309
0.109206493562913 0.183920384796244 0.0589308239912247 -0.0708661332081525
0.178797623892612 0.0488237351649082 -0.0757340851079557 -0.156848653333413
0.152635587290089 -0.0969113172163717 -0.191308852980231 -0.0579667449402488
0.0580093948138938 -0.136859495737498 -0.162668704084776 0.0867271151557861
-0.0183865508568852 -0.132446847105705 -0.0469388107674653 0.126486535546645
-0.084480936227058 -0.0949378749387755 0.020450154624281 0.083101346714904
-0.0955053865115023 -0.0667057660104294 0.0406781774627685 0.0473883726401083
-0.0994279091201724 -0.0757181857759087 0.0570554234613094 0.0164074843453272
-0.0521942653389083 -0.127737079533615 0.0819386770312991 0.000494943643228224
0.0204408640515703 -0.142498795833158 0.107740721711162 0.0184851054959503
0.123947117248089 -0.146893246783203 0.119426635751493 0.0863586614755594
0.203549422377138 -0.00728294359946608 0.0724010495407397 0.152448218864543
0.160866168993315 0.17416216991695 -0.0139296149232251 0.127420144078295
0.0747466358705819 0.276144687920431 -0.00743128466217585 0.0783883294715384
-0.0076989152919265 0.249567467296884 -0.0558098929361208 -0.0350771185172611
0.0859410310621389 0.238112091316308 0.0643977646419599 -0.122862449106962
0.200868812962471 0.100354646823135 -0.0426390099446436 -0.18395659609115
0.201318786535834 -0.0873782496914609 -0.15774778274553 -0.101536960789418
0.0869018179009811 -0.158089966718431 -0.151726960368349 0.0234227460285413
-0.00909148346488861 -0.157798976459523 -0.0669724757880804 0.0687529773482881
-0.0893345116014142 -0.11694642259075 -0.0146584546505188 0.0372908593942064
-0.108016873261541 -0.0793171547222103 0.0026753688172375 0.0119021634752872
-0.111282509212266 -0.0826221863829952 0.0203925925863332 -0.019163161964376
-0.0620391575975501 -0.13382692854533 0.0528638348424473 -0.0419529100424618
0.0134639033525767 -0.154034951344164 0.0975677492434984 -0.0320172440251232
0.125911539362467 -0.162552381573486 0.130558307825434 0.040673858702012
0.209130518593626 -0.0149251464158972 0.0967525493872827 0.120593295851355
0.160661782866188 0.17147540003237 -0.00701689022418984 0.09722380863462
0.0675425613191785 0.275848591054841 -0.00610342547684927 -0.00763705665002673
-0.0370528950344274 0.220668270273804 -0.0277247551657259 -0.140853475735422
0.0433503275015319 0.238457138220122 0.0753673651013005 -0.174571339419222
0.173582852849558 0.129767415828069 -0.00209739941023448 -0.19940242531875
0.203462620874842 -0.0565667003100934 -0.107088219185295 -0.134800204027424
0.0985223082103364 -0.143782034499569 -0.122550754617676 -0.0391206187391587
0.0017478183811975 -0.152268403666116 -0.0791395167170018 0.0028890176245519
-0.0802964638857224 -0.117289136595067 -0.0468921810935612 -0.0120283194096568
-0.103585517183913 -0.0797608599701883 -0.0354745536001299 -0.0245612431488471
-0.107767389483034 -0.079746100752284 -0.0162713022554193 -0.0533621836024873
-0.0615494104769337 -0.124666595183566 0.0232399064084689 -0.0801693586671229
0.0121394390714653 -0.145354689639062 0.0821933617164984 -0.0735956899650186
0.120141269163316 -0.148376597939123 0.130799120026375 0.00347182028432596
0.188439919474148 -0.00344628970825077 0.106463067674937 0.0899936497049
0.130415516835965 0.160298936368384 -0.00739715153645341 0.0696974027318569
0.0411798694213582 0.241328633976332 -0.00419218266141922 -0.0813185321576122
-0.0519695244458996 0.149700266676498 0.00660275669176648 -0.229794049410942
0.000272543207942087 0.182948695253515 0.0855337027883544 -0.214606684644273
0.112206109145036 0.117832013142742 0.0328787219449102 -0.200652653834936
0.157096707938709 -0.0249912431101505 -0.0584138397338081 -0.152190641319339
0.083918052910859 -0.104197267337722 -0.0894860967718757 -0.087525791863167
0.00773996170929031 -0.11856686108828 -0.084172399276874 -0.0534891272785317
-0.0599782707027806 -0.0957518589184164 -0.0736482650531959 -0.0547867418587619
-0.083475627290172 -0.0664397093310519 -0.0682820318937369 -0.0581270295864952
-0.0879492660633136 -0.0682712931269034 -0.048826106301576 -0.0845601723793892
-0.0501229651580244 -0.102879778017268 -0.000443506395046548 -0.113343529276969
0.0147732966178012 -0.120648297887073 0.072436336889864 -0.106767760371732
0.108495472728463 -0.111550825932164 0.130586593666117 -0.0216472178395627
0.148432232589923 0.0183975900372415 0.106987216815856 0.0677682767463169
0.0824892957051803 0.138762972127177 -0.00913981399427985 0.0476958524756293
0.00338460217526057 0.178579981829365 0.00121009389634181 -0.135773078193984
-0.0538100725558646 0.0511473684666564 0.0326077539037598 -0.284779921589627
-0.0316176460542714 0.0897912881302636 0.0839307256666738 -0.235007622636815
0.0411482860974769 0.0726312552645462 0.0499534763547144 -0.195375860169366
0.0820761811363168 -0.0033968759660118 -0.0308240770136997 -0.158819180791656
0.0497993513147997 -0.0507677759699928 -0.0706344950791818 -0.112574860450337
0.00885941100586953 -0.0642153748356052 -0.0894893832349226 -0.0866282982784702
-0.0320993790774203 -0.0575184231926408 -0.0929415635648129 -0.0812071085654128
-0.0510304471706295 -0.0425578080491887 -0.0903223278605682 -0.0808295778437906
-0.0562185741230411 -0.0468022935944662 -0.0703667841325567 -0.109303411092587
-0.0314055160547116 -0.0700162761932678 -0.0131528720261666 -0.140756251412012
0.0164835128870925 -0.0849213957457244 0.0738642489852562 -0.131976803500304
0.0865095715410146 -0.0639724069782256 0.13654689026053 -0.0358121635958582
0.0941815513624223 0.0392556213160897 0.10813451609347 0.0559634955510568
0.0260839353492581 0.10377378168928 -0.00651164431305555 0.0356088946477398
-0.0360350823495635 0.0952700997368173 0.0148183501310522 -0.166099419435755
0.0559740345331009 -0.00890069968382027 0.00702918845007901 0.197553003601557
0.0124027010014327 -0.0507690737459218 0.0636865346164166 -0.0230815749246858
-0.0392281239332553 -0.0314907289954641 -0.107238284060199 -0.0880378499444931
-0.0417988583359892 0.0196889764912189 -0.178612879986662 0.0266117042676909
-0.00617936346176893 0.0310429935870315 -0.114719181230772 0.16512572014071
0.00458040928512394 0.0188377555268254 0.0117502209258589 0.182675489872982
0.00780909827969065 0.0202907543895275 0.0866191001768171 0.133438063603325
0.00843674808070029 0.0156911300251841 0.108230538622172 0.0978651415696279
-0.00628564686530334 0.0130883684110824 0.115145334464061 0.0844784608621708
-0.015423422031405 0.0014056906694138 0.109737146176368 0.0945516794105223
-0.0159707098635692 -0.00447129381425212 0.0843609085971564 0.122063968578164
-0.0132786955564036 -0.0282741861544672 0.0348723498130646 0.167215774065416
0.0277923282984059 -0.0329853345461138 -0.0404486729286963 0.193038172797467
0.0650873262167404 0.00648037051204113 -0.103818488286839 0.209834301042699
0.0550302748848697 0.0416544168198712 -0.0531379036435652 0.291617372110221
0.068157410228747 0.0841523728345386 -0.0268052436223206 0.192189490752239
0.0650503045194021 0.0156029544910898 0.061671452829723 -0.0203869773031938
0.0371648764823835 -0.027020712716202 -0.105887730053727 -0.102133653118795
0.00989842607693171 -0.0336473697811577 -0.194263715031142 0.0130972886633508
0.00326334236083411 -0.0274580713770699 -0.135066762821058 0.161201198961846
-0.0126337309718695 -0.031908604970604 4.11029040248056E-05 0.184522231655483
-0.032215954449797 -0.0169968320848024 0.0773842853291114 0.133233175651393
-0.0327865706868557 -0.0143440802629475 0.0993169308093666 0.0936935622456956
-0.0425383553885304 -0.0275406225703208 0.10996110020046 0.0733888309028507
-0.0224742939874176 -0.0583359513829254 0.111114608954664 0.0780694473157104
0.0135953840952121 -0.0599215504084948 0.0956827618095278 0.106476286645896
0.057898139475671 -0.0616786388470098 0.0583083047637773 0.156696201823122
0.101844710149602 0.00191639403884179 -0.00847467717815366 0.189280571490733
0.0953755885609029 0.0994830664654512 -0.068220052944189 0.188896511508447
0.0567841243449197 0.154145830253309 -0.0337539352583068 0.244960445213461
0.0591849104112967 0.171355779942978 -0.0536848290696042 0.149169616168925
0.102717778025166 0.100327152728173 0.0598400659525231 -0.03682601855451
0.117240953715577 -0.000848362935596036 -0.0979843627952151 -0.128353161840952
0.0789980740773723 -0.0790718848549244 -0.203735108721187 -0.0155290085769804
0.0245118211092444 -0.0897601706728762 -0.155901978305707 0.138350042830867
-0.0223876867252805 -0.0870658692103745 -0.0213391077128818 0.168103843478102
-0.0661052213993783 -0.0578890402280967 0.05435343806662 0.117175187036811
-0.0701192488478122 -0.0431089861581344 0.0756364878539951 0.0761418764652825
-0.0767139028058033 -0.0570433869326501 0.090446702247348 0.0483453781938173
-0.0381172617012335 -0.104082376676831 0.103374526348172 0.0431471594346471
0.0232526612560036 -0.110744733143696 0.108934468411916 0.0683785810984192
0.103432779458723 -0.109700686296262 0.0945027940226225 0.129012395670879
0.167101378307191 0.00434847485962463 0.0344785910775281 0.177571777660467
0.136748028089778 0.155790927499327 -0.0352264462269634 0.161347768429514
0.0689425800737554 0.237173556884553 -0.0159119114205742 0.169838577776713
0.0320893974890336 0.233551115558507 -0.0650129118536188 0.0699514187991572
0.113840203265409 0.185091800207082 0.0608249822758341 -0.0736535170484168
0.181310030205459 0.0460819631867862 -0.0781689914975943 -0.159942276729967
0.151014996194794 -0.101035728324369 -0.195306686480539 -0.056960625565383
0.0554630026216045 -0.140856933703191 -0.165017682280553 0.0911742205157578
-0.0219967751855 -0.135243739122679 -0.0463232154036758 0.129669246348991
-0.0876131961537388 -0.0939795946832001 0.0220585158327511 0.0842530820645429
-0.0975223423854532 -0.0645021388161635 0.0423398772204633 0.0471462519820594
-0.10291853288301 -0.0741057042275302 0.0595830062765992 0.0157984017506932
-0.0560481965297697 -0.12931926045715 0.083903075622202 -0.00086315258684993
0.0182963312487312 -0.145198940315897 0.110749223342625 0.0171224867166544
0.122526512907526 -0.152335816212565 0.122089084996902 0.0860809587869834
0.206086025455528 -0.0109941302716719 0.0756583348497464 0.152361776696595
0.16650497647214 0.174361695547439 -0.0139454597842004 0.130425595164795
0.0791358715466684 0.278639666109812 -0.00770304124773421 0.0803835729827063
-0.00343889830157058 0.253369336232848 -0.0563684455047754 -0.0340688199654777
0.0916172365005222 0.240453615394401 0.0649560484781724 -0.125368615812379
0.205148488429569 0.0983725752369447 -0.0444001850110381 -0.187136133531668
0.200813791852571 -0.0931224910821156 -0.16116961817707 -0.101986510796203
0.0843800942175018 -0.162685119750549 -0.155266888481156 0.0269979164882026
-0.0128933396459867 -0.160659053180049 -0.0674204368621407 0.0708776783513469
-0.0938729879784556 -0.116587131880978 -0.0145356743481656 0.0382104545402868
-0.110451542696563 -0.0770055116955902 0.00254072084643381 0.0123997687127197
-0.114732403258437 -0.0801597208506588 0.0214796415423435 -0.0197233558963654
-0.0663761875918598 -0.135570127933781 0.0534949138570012 -0.0431357963087966
0.0109822845759508 -0.156699119234861 0.0997980495586713 -0.0339808620123416
0.123526828732603 -0.167944231538852 0.133385603379526 0.0398678312182123
0.212717435342368 -0.0185903321168468 0.10053002709309 0.120107402975116
0.166717407947141 0.171873592359719 -0.00718578625405718 0.0987763455749158
0.0723221116939986 0.278119596001991 -0.00770478976246632 -0.00703797817532518
-0.0331824254312485 0.224774802148929 -0.0301597402191286 -0.1424379634726
0.0478005805025541 0.242246185522004 0.074954170504878 -0.178385130977207
0.17758428719801 0.128519657936909 -0.00389075576750263 -0.202663342225727
0.203365698745395 -0.0613059470248243 -0.110312600302364 -0.136488569049099
0.0968247286745551 -0.148459728787568 -0.126079331587388 -0.0376854258538724
-0.00189940637618655 -0.155310318894524 -0.080836007727632 0.00379320773696093
-0.0840189425230891 -0.117655502969196 -0.0487190619615684 -0.0115897521314316
-0.105639800569167 -0.0774349462572371 -0.0370067735363684 -0.0242283943266947
-0.110990964837198 -0.0777733929435771 -0.0171308853823019 -0.0536314326499847
-0.0653401621554831 -0.126002932332655 0.0220897199491692 -0.0815165718374181
0.00983485703666944 -0.147996389026922 0.0833891936171485 -0.0759233015603082
0.118251945637968 -0.153407709163028 0.132732665080267 0.00186206857654969
0.191121886518815 -0.00675897095319371 0.109745220208469 0.0884563578060722
0.135605023219767 0.159903571272056 -0.00770948962176837 0.0716738495268944
0.0446413727109595 0.242960396092025 -0.00816770518090384 -0.0817857942694434
-0.0498412748477953 0.152157595309817 0.00245399374132206 -0.233348631415488
0.00272527157008248 0.185631909627832 0.0843422209067191 -0.218542335698816
0.114908490256841 0.117737577552707 0.0317977380444332 -0.204236984414566
0.157851874562563 -0.0286544484503442 -0.0606225856874046 -0.154507759092718
0.0829781560614654 -0.107868125635361 -0.0929524704126199 -0.0877973066194783
0.00529732096444941 -0.120787715810858 -0.0876494096187645 -0.0529629774378073
-0.0632908430185874 -0.0958586773629011 -0.0772857906912919 -0.0541127948011004
-0.0855853222869007 -0.0646108219599934 -0.0709695323079854 -0.0565998916694473
-0.0907041353481657 -0.066025812015798 -0.0509174241154647 -0.0849454624522032
-0.0528623865577493 -0.104129418147263 -0.00260734174616083 -0.115127053201217
0.0124376006470873 -0.122443208333161 0.0730757837607272 -0.1095247255961
0.107158345394124 -0.115786670443001 0.131943349761659 -0.0236548970749815
0.151288940766254 0.0165319926237176 0.110684374446484 0.0661734422718395
0.085171949214452 0.13936096654576 -0.00870937974878585 0.0499636193672724
0.00459960968970295 0.180564155804935 -0.0028295548547268 -0.137793083354267
-0.0533418932240741 0.051985779227388 0.0288436434244465 -0.289462503695537
-0.0310121848417016 0.0913467403834242 0.0815092083209129 -0.238620077398285
0.0424464542612844 0.072711953049774 0.0502146752196833 -0.199225471493089
0.0824704042160108 -0.00463318806095384 -0.0326349339066092 -0.160843749977337
0.0499985973582651 -0.0529015238528552 -0.074327050788593 -0.113604106251312
0.00811354042768203 -0.0661205601704359 -0.0939529421615442 -0.0872308417796023
-0.0334404228386189 -0.0574625325713393 -0.0977254628469083 -0.0806546553309088
-0.0522005828941579 -0.0411226471119432 -0.0942360571472695 -0.079891069601007
-0.0579761986798502 -0.045615546462656 -0.0738577816251064 -0.109589411552176
-0.0335371634786737 -0.070565958196001 -0.0160786320228626 -0.142289552903196
0.0147691950830872 -0.0865739028135625 0.073730121030394 -0.134929556908229
0.0858517335883099 -0.0666328990077145 0.138410369167912 -0.0378701746691175
0.097063095622555 0.0386259287943422 0.110834536389504 0.0550378838164381
0.0278660327691049 0.104388106951692 -0.00689389138637715 0.037538679757731
-0.0359229426436315 0.0965469509733959 0.00968129453397454 -0.168771423031357
0.0545577876164506 -0.0111845449904656 0.0167362691809111 0.197171266295341
0.0108248744250159 -0.0520134534456726 0.0642436721785144 -0.027277963108061
-0.0401600335690695 -0.0300929650620299 -0.111789315229862 -0.0856670190701574
-0.0414415851163478 0.0225160310194444 -0.17993431944106 0.0328653531696089
-0.00553940935854739 0.0313199156179728 -0.108750017763966 0.171530985824247
0.00458005552833598 0.018803025178886 0.0191440085154581 0.183955508674427
0.00896561038361889 0.0202525525383872 0.0919322882845501 0.129899762028501
0.00909268186464746 0.015145093034692 0.113378423732394 0.0929120439464915
-0.00593735381444425 0.0134338470877823 0.121024628549816 0.0793030946684271
-0.0160023715807255 0.00228181376445994 0.115247348673608 0.0909208753635947
-0.0158376181154295 -0.00364394829143528 0.0904733533107668 0.119604750509244
-0.0144203770535152 -0.0282510305079118 0.041168625789149 0.166685848682612
0.0268732395234357 -0.0346867325042853 -0.0348021174504773 0.19489272733021
0.0666231327928346 0.00382522228362264 -0.0977799092425741 0.215389497975788
0.0559976302813307 0.0400122206626 -0.0406789554686097 0.296352451668643
0.0713950287295839 0.0817854421645402 -0.0170013328666869 0.193025446434266
0.0668000721705855 0.012942040659531 0.0625188932498399 -0.0242606682488613
0.0361014610256098 -0.0295038012333029 -0.111085645987388 -0.100149249912164
0.00737035012167411 -0.0337960142902436 -0.195415729811883 0.0201208860803152
0.00148003146903627 -0.0281640899050708 -0.129361320556222 0.169088003426794
-0.0147159154869562 -0.0318610225301466 0.00754361386196569 0.186283733585087
-0.033455154178236 -0.014850518195549 0.0833830692178093 0.130331098721623
-0.0335574310316405 -0.0130134611150867 0.104764644274046 0.0894695486381796
-0.0449181369816009 -0.0248969342343979 0.115396632008548 0.0680014721884475
-0.0264037497100671 -0.0584327071081667 0.116035240812743 0.0738417598674116
0.0114310217263268 -0.0609327401128746 0.101487071862876 0.103738106922435
0.0554259210793221 -0.064654817017525 0.0650232305647531 0.155069803088514
0.102779418036549 -0.0024467673394256 -0.00232534310405319 0.189633838878598
0.101543861039573 0.0957368644135214 -0.0633387906767165 0.19346341374832
0.0625152143250643 0.152958605915246 -0.0237608585792741 0.248425283120959
0.0670020367389117 0.169197507055452 -0.0463681546596005 0.151891228219142
0.108392207298308 0.096317627566223 0.0606770318066994 -0.0406673040859636
0.11759787612033 -0.00639133807126534 -0.103695360179162 -0.126231229351077
0.0739925549458535 -0.0826186642664995 -0.20591249823456 -0.00822082344764251
0.019398015260002 -0.0918227765334226 -0.151753997430736 0.14705741889761
-0.0269329236773095 -0.0870973231384131 -0.0146041391044352 0.170015083904258
-0.0693071811281518 -0.054360544079156 0.0593132061485991 0.114720968601377
-0.0719698176450902 -0.03969718514561 0.0802742242318314 0.0730710846601984
-0.0801135923175308 -0.0531392946547984 0.0938887049456258 0.0439676636965662
-0.0447906932617176 -0.103507184685378 0.106995934586318 0.0393945412510466
0.0185724475311524 -0.112799489541397 0.113518378416087 0.064909247322225
0.0988474621698731 -0.115233686461844 0.0998521632584399 0.12637960353488
0.168524599960258 -0.00315408916618773 0.0419334834625965 0.176613650751167
0.144995727502142 0.150396858375626 -0.0303957488507857 0.164396736446235
0.0781889896090354 0.235632901177148 -0.0085301608003275 0.172401255723446
0.0421707974701421 0.232754587973064 -0.060779842430106 0.0728532167291337
0.122825784006049 0.18143580545677 0.0596718347638423 -0.0773212979860194
0.183841094373875 0.0377359008220601 -0.0846280393705847 -0.158566997249873
0.145119157141245 -0.108815045999228 -0.19903749986782 -0.0505876126446083
0.0480382411999641 -0.144550687009012 -0.164059011895293 0.10066944725053
-0.0287262575548182 -0.135136438292348 -0.0415314388936979 0.13250134594364
-0.0931474915744014 -0.0898987933020072 0.0256102563494948 0.0834990003376806
-0.100493912138278 -0.0597823305016771 0.0443848003967567 0.0456402695136456
-0.106889566243256 -0.0688379109312279 0.0612807002380608 0.0124515308407018
-0.0636407222340428 -0.127998269317965 0.0851830925349295 -0.00348857411481226
0.0118331745626408 -0.147177571855309 0.113640514581494 0.0138758890916385
0.114559993451649 -0.159578530363688 0.126064245451252 0.082422113848848
0.206888572487125 -0.0202379827568432 0.082823328321549 0.149320710895783
0.175132536007867 0.168375386156305 -0.00997183748702592 0.132261264398653
0.0901585475614947 0.275187664765903 -0.0053139226974643 0.0826055537728781
0.00769508073578223 0.254901314749252 -0.0570742047558946 -0.0322070346097798
0.103072298427669 0.238554496285159 0.0614861408901051 -0.128406843261255
0.209990107897508 0.0893922935132511 -0.0514286067738022 -0.187461312836925
0.195290143555097 -0.102720511687161 -0.166914750891151 -0.096735146202663
0.0766186424747384 -0.168156976872727 -0.156297409828022 0.0347605370331577
-0.0210881989971476 -0.161867557126685 -0.0654099510002457 0.074056539403973
-0.100481523002076 -0.111910756240731 -0.0133697267097067 0.039325378799751
-0.11355077805734 -0.0717615370370396 0.00250976360515003 0.0127716283868998
-0.11902885863453 -0.0744534261401864 0.0212150761186155 -0.0205275497813342
-0.0745147688321485 -0.133362699464082 0.0528393789563268 -0.0449854084156861
0.00399176334282977 -0.158152696238122 0.100308382017667 -0.0380653938968053
0.115368866989898 -0.175123200270978 0.135594194380726 0.0347673483456937
0.212646336444146 -0.0274486900332725 0.106652335679091 0.114544321721922
0.1754758590537 0.166200044565457 -0.00397611126034901 0.10089949847716
0.0835003390161344 0.275512842652657 -0.00967469457681707 -0.00562991507820921
-0.0242068063048524 0.227029965065508 -0.0363891906291945 -0.141665640478578
0.0587572195549307 0.242106553313843 0.0690810032805449 -0.181596254954169
0.183096620224693 0.121471144495543 -0.0105524447697933 -0.204008295757759
0.200460522510239 -0.0707787589604822 -0.116021368455369 -0.13301930207813
0.0895099066764136 -0.154600771008097 -0.130210586912568 -0.0320584600209347
-0.00936875623363111 -0.157336649279085 -0.0825617917762061 0.00737762661887251
-0.0906745967964248 -0.114352835600569 -0.0511665821242513 -0.00901211422028575
-0.108908300289484 -0.0725886065637567 -0.039367578372306 -0.0217799071992526
-0.114883554639978 -0.0718536008183396 -0.0196553430236237 -0.053019920288245
-0.0719830893043451 -0.124002061915234 0.0191853570690021 -0.0822975443852879
0.00259121230916725 -0.148888178520256 0.0825816863769822 -0.0800157349625718
0.110745591779443 -0.160268755556203 0.133742804738866 -0.00258096916119128
0.191909288129487 -0.014735287522518 0.114171275412121 0.0837244075897945
0.143173358274909 0.15543597681487 -0.00531680082660064 0.0730097096369361
0.0539742954330813 0.241346174883927 -0.013473213010199 -0.080849218660528
-0.0431918741342325 0.154805180677628 -0.00627901973535467 -0.234401999681103
0.0105428873701851 0.186691713430725 0.0762849932087645 -0.222040509859384
0.119811842309419 0.113236366467952 0.0255103350131897 -0.206120104298265
0.155654893910573 -0.0354804050207528 -0.0674776538632597 -0.152855493180196
0.0780365626851972 -0.112486239665771 -0.0983764374092322 -0.0842105859625964
-0.000389314299838395 -0.122336802931547 -0.0919626340827644 -0.0501921539935598
-0.0680604662026116 -0.0936873805615541 -0.0825093078421653 -0.0511758714793758
-0.0875172091404013 -0.0604102461754383 -0.0752570719536994 -0.0531304425609509
-0.0939529508188126 -0.0608547659676622 -0.0552111555877679 -0.082593515015341
-0.0581589275393229 -0.102025888781871 -0.00798771162879763 -0.114702696271185
0.0065981230328313 -0.123672473619725 0.0697711129989851 -0.113321582679103
0.101446919759187 -0.122166830116769 0.131720342983659 -0.0284425093629088
0.153430295056302 0.0105103693245645 0.114060554766508 0.0614167625951222
0.0915896828148429 0.136596452145482 -0.00717589577486808 0.0513578345658844
0.0115469412318981 0.180695442523135 -0.0113638145438678 -0.137181061544203
-0.051508231664606 0.0543849545124302 0.0162094658263669 -0.291953536320285
-0.0271567873834818 0.0931970686834548 0.0728756641916298 -0.242041210254856
0.0449428136668225 0.0717922203711393 0.0433261435075453 -0.201983512552999
0.0813869899052873 -0.00756386344742783 -0.0391546935890736 -0.161456342884752
0.0480296859274572 -0.0557610418265572 -0.0800893036025129 -0.112282713260786
0.00451606322137698 -0.0669084934841233 -0.0994146497505812 -0.0841819448758416
-0.0361305767918354 -0.0563632194266546 -0.103985288913634 -0.0766628780871888
-0.053450399362222 -0.0384003974124649 -0.0995711463280626 -0.0747979240552237
-0.0592115193797969 -0.0418839592484301 -0.0795184051005744 -0.106017354479011
-0.0370441218566888 -0.0693834234038527 -0.0220354447013067 -0.142883062347515
0.0107940627409269 -0.0868688139493834 0.0695942533761336 -0.138737966686259
0.0827093779177335 -0.0711800105288458 0.137845426958858 -0.0429455601898328
0.0991576406934799 0.0345782337655909 0.114034649225416 0.050807518243008
0.0315960299340309 0.103426129390186 -0.00596125804610544 0.0387629463262576
-0.0331582606364497 0.0978760788084564 0.000365832893848285 -0.168575277184074
0.0515647714995425 -0.0129503260391996 0.0268809888062537 0.190496243539559
0.00814255454247886 -0.0516477087936739 0.0623010083437421 -0.0307197028789872
-0.04072629116129 -0.0278403610283164 -0.113504366588808 -0.079767786554317
-0.0396479660729565 0.024688510198046 -0.175950836428342 0.0390078061432517
-0.00454159022773153 0.0311403240451156 -0.0991185817462394 0.173994170764043
0.00510721141175943 0.0180635266775273 0.0278070608945607 0.180845242232721
0.00937230788351022 0.0194350313453148 0.0960141524873191 0.122829673575844
0.00950808185432575 0.0140155863206872 0.116861719265224 0.0847695590758978
-0.00548604475500335 0.0135425600308286 0.123798455397812 0.0711519179304179
-0.0161268889848197 0.00307007466367302 0.118266691783389 0.0835447145853688
-0.0153806389303379 -0.00252759174241348 0.094165503061947 0.113449222508007
-0.0148603117288287 -0.026556577068175 0.0478709534688406 0.16140289808808
0.0244845781111521 -0.0349691334156219 -0.0267758637675686 0.191527588182095
0.066075625249501 3.06314652089943E-05 -0.0880596493290247 0.215507265077061
0.0553836570584588 0.036618132201497 -0.0254010803424049 0.29257530903631
0.0730605648659599 0.0763415920711113 -0.00687584858146961 0.188535907766843
0.0662698664998856 0.00946525652983806 0.0610455751978789 -0.0275979960433615
0.0336430222300735 -0.0310822642618357 -0.113200014718821 -0.0934501908133851
0.00513789884403527 -0.0328157364426887 -0.191073456361364 0.027841820794436
-0.00114617581811163 -0.0274428471984637 -0.119036719935466 0.172988014912556
-0.016922514873349 -0.0306351194057557 0.0158659331064769 0.182556273559449
-0.0336023572022812 -0.0127288043341182 0.0875814048008533 0.122939732121264
-0.0334408850035886 -0.0111672194719724 0.107540377886802 0.0820004976226127
-0.0455802313537431 -0.0217383827476351 0.117441437130867 0.0602360635266855
-0.0299689701155905 -0.0559981290732895 0.118274269473104 0.0665678317923896
0.00842534166715759 -0.0605377723510609 0.104493204029079 0.0972977283510677
0.0507246066367286 -0.066243702064272 0.0699282818431471 0.148697072338185
0.100468648508581 -0.00729636903616799 0.00522938459668218 0.184657132179292
0.104430687187794 0.08931203164574 -0.0544348796756406 0.192717218332098
0.0673286713696404 0.146333339637141 -0.0107636413115322 0.245224626755531
0.0737486765605257 0.162082953996004 -0.036653408410787 0.15000630224983
0.110774594787278 0.0892393852198638 0.0585682038752619 -0.0433879167557725
0.114314430400992 -0.0127474967242698 -0.106997440115758 -0.120158307749474
0.0666678961341542 -0.0843193212337019 -0.202813372587306 0.000863000089172661
0.0128989266465347 -0.0908306427064713 -0.142132188536334 0.153285864035464
-0.0317841688976688 -0.0844480997475085 -0.00649277575660887 0.16777679539393
-0.0711307899935981 -0.049421068726003 0.0634314191741561 0.109377596879615
-0.0719186435413237 -0.0346687100256421 0.0825027742365121 0.0675455234902485
-0.0815281780407674 -0.0470072267484912 0.095463721219288 0.037855070587613
-0.0501023769409885 -0.0995503283725591 0.108007679708251 0.0334487780275341
0.0129971513654372 -0.111338360117767 0.115629742466944 0.0582298403633676
0.0902090750399863 -0.118157418467657 0.103255029690872 0.119486104207199
0.164836650197678 -0.0108036823557841 0.048869644265816 0.169456590943948
0.14922479679447 0.140657557751177 -0.0232204806620783 0.163592789118419
0.0864785835148617 0.225485034376168 -0.000674418825310502 0.169915091017367
0.0527562783705999 0.224652758017824 -0.0554512665208653 0.0741061521160476
0.129266131823228 0.172193385044218 0.0562103556735498 -0.0780938959114289
0.180964008244071 0.0273386817354864 -0.0894254783656321 -0.152508905613269
0.134959542829925 -0.113892988500235 -0.19761019154855 -0.0407767587066715
0.0381346215832276 -0.144404531197087 -0.156244014562669 0.108785960246935
-0.0359817780891479 -0.131653022798873 -0.0348843241818586 0.132160456910416
-0.0961213965791893 -0.0828018909563463 0.0282317743928692 0.081035265617856
-0.100721112926059 -0.0531126540172685 0.0455000145968385 0.0427186209838169
-0.107946243152057 -0.0604216676257524 0.0614282108280841 0.00871326649407113
-0.0696512033204472 -0.122672499453051 0.0839315949791239 -0.00755112993066707
0.0043444430175981 -0.144386433543287 0.113557102897645 0.00778196855616324
0.102632923293339 -0.161690479087633 0.12720172224322 0.0750533523585233
0.20144043935765 -0.0299361916156792 0.0879836588133701 0.140770242493015
0.179883272982515 0.156438654316396 -0.00467466796297977 0.130886689669759
0.0998829965554855 0.263409367861686 -0.00222234570324359 0.0823518765108393
0.0203405602075355 0.247847966265008 -0.0565764358871073 -0.02851986760249
0.112305776289996 0.228918112085453 0.0555746662503467 -0.128027887099649
0.208472164465714 0.0767354172491137 -0.0579669356432071 -0.181677073339648
0.184106303378419 -0.109680136473474 -0.168293550457217 -0.0868981620801367
0.0645902125791266 -0.169069951823893 -0.151918111659106 0.0439647135118206
-0.0299245040684005 -0.158229616560365 -0.0614324003215475 0.0761380071063736
-0.104454137550545 -0.104450707607493 -0.0123902903900964 0.0395297106603786
-0.113776229610738 -0.0635945342994917 0.00294087553514065 0.0127030068635629
-0.120130190263961 -0.0653777381380925 0.0205703997677818 -0.0213120046105411
-0.080271457091843 -0.126898923294089 0.0498432419629014 -0.0464951665383966
-0.0043574558581523 -0.155209006153527 0.0975922083338313 -0.0414653997475475
0.10238102234045 -0.178147107474827 0.133979182499394 0.029165838931156
0.206703037529512 -0.0377461535492805 0.109198723227611 0.106354313374477
0.179533809667918 0.15378022800457 0.000343846652712978 0.0998945875574363
0.0931164795936741 0.264309255267636 -0.0113200117828864 -0.00319488048781986
-0.0122857684082239 0.222456265853041 -0.0416218374731206 -0.136761041747173
0.068903504050865 0.234590202887377 0.059706394046919 -0.179784113398141
0.184319766286273 0.10972587396377 -0.0185623616529004 -0.199092356498666
0.190778109129178 -0.0786649332480215 -0.11943181392236 -0.125488280380865
0.0792005004314643 -0.156588770649126 -0.129045308554183 -0.0236227549301061
-0.0178143226094774 -0.154295477804994 -0.0808796855489042 0.0118735285379742
-0.0955934363284009 -0.106690773133788 -0.0522497923891615 -0.00605107497610084
-0.109241624456098 -0.0642824674547547 -0.0396423292737476 -0.0189182197435483
-0.115504977066218 -0.062954496979586 -0.0215395872733381 -0.0507593306182157
-0.077593320755546 -0.117655737003748 0.0148712975089906 -0.0810103755509121
-0.00490535725735031 -0.146098297792173 0.0784393500947999 -0.0823265043227416
0.0980800127331022 -0.163178454613958 0.130885738396463 -0.00757038434205673
0.187837631254467 -0.0244548871945437 0.115687470746842 0.0756894524622243
0.147186311293465 0.145885356947075 -0.00184097642655373 0.0730724006281639
0.063373301975681 0.232759082608672 -0.019148080490569 -0.0765721288707137
-0.0347252313646403 0.152432692425539 -0.0174966677292483 -0.228329816719143
0.0192885864297191 0.182362306507684 0.0643472949711357 -0.218592423688381
0.121741371524326 0.105013006190586 0.0165273714194282 -0.203159136235373
0.148890559210737 -0.0420791781217107 -0.0723600029361009 -0.146731689734493
0.0700522122691575 -0.1146143947252 -0.101686730025869 -0.0774791888982884
-0.00717766703098252 -0.120407312221337 -0.0936159700014672 -0.0444091713998204
-0.0720059478022114 -0.0880302456456138 -0.084779937595052 -0.0448584726504873
-0.0881494287062082 -0.0542927784943984 -0.0767287143485454 -0.0471675231652565
-0.0942614513881912 -0.0533854515480537 -0.0583382500380051 -0.0779053312867154
-0.0627433180550702 -0.0967451812576172 -0.0133371128892679 -0.111761432658705
0.000631344444895082 -0.121389500646746 0.0644347645652667 -0.114962554602392
0.0917957074625114 -0.124542712635259 0.128113364044294 -0.0327813171970183
0.150956173929045 0.00225278767690614 0.114474370666174 0.0539349889900922
0.0958405380833396 0.128937575243548 -0.00498440922172454 0.0515165577925186
0.018957490919298 0.17551386926916 -0.0191718121904198 -0.131980977018705
-0.0481401695388797 0.0548813562474392 0.00207262358514866 -0.286164886136688
-0.0226210686867008 0.0918566010342081 0.0605116493239764 -0.238461127493648
0.0467977808119165 0.068185325006909 0.0352907681655763 -0.198708678245363
0.0782031581964978 -0.0113590618967079 -0.0447389724184534 -0.156076696685421
0.0438460194098223 -0.0578672234343137 -0.0840661397625837 -0.106927775919348
0.00047436031583522 -0.0663520887632884 -0.102716290082489 -0.0780467189178718
-0.0379724376408917 -0.0533651977886232 -0.107349267073129 -0.0687475178449562
-0.0531492251824065 -0.0347190423261084 -0.102225664690169 -0.0669739012378107
-0.0600297206809501 -0.0368720779789851 -0.0835804423332573 -0.0990772459964572
-0.0397856194529239 -0.0652643976466203 -0.0285209961438363 -0.137777314821629
0.00557208916439581 -0.0852510589598 0.0621962537947125 -0.13975653849256
0.0768088978257729 -0.0740279238089642 0.133099369010166 -0.0477854696564647
0.0993572198318086 0.0292035015594167 0.114082225796097 0.0443802299232706
0.0350600469071604 0.100301699762254 -0.00390182226855679 0.038476853467394
-0.027517033009688 0.0972628229264048 -0.0100008214244724 -0.164277649764157
0.0484712880627699 -0.0133328599253684 0.0318923696811857 0.180198287391209
0.0061480551220697 -0.0497879052838755 0.0596936488208775 -0.0321496734301043
-0.0393812141653136 -0.0258194723462867 -0.111220843955026 -0.0735254005820413
-0.0372537506691861 0.0254759293182107 -0.168699108446555 0.0417458814395281
-0.00409047443552627 0.0307272651262815 -0.0899132304752611 0.171127008075549
0.004710331644845 0.0181028313691777 0.0319256053554447 0.173217113761493
0.00975236818191855 0.0186864477176452 0.095075420308393 0.114750816836054
0.00908654881475354 0.0131355748366281 0.115477785068144 0.0770343793660198
-0.00530378622716202 0.0132249370089482 0.122255587320098 0.0640205641813722
-0.0159102636498053 0.00330447934612311 0.11748296639945 0.0769685405849732
-0.014388957964851 -0.00214737716520889 0.0932408354136496 0.106628700749672
-0.0155065027568083 -0.025368210141917 0.0501065381442854 0.153979376510401
0.0225943282953891 -0.0341961614693219 -0.023041474304524 0.184061331288939
0.0637184841749729 -0.00263148342532858 -0.0796285537187626 0.209989929652173
0.0531535544124291 0.034273810280059 -0.0147705589134981 0.281194732731422
0.0717783604291906 0.0714408850013286 0.000730712412667659 0.180276232209506
0.0638525600659747 0.00687121139277401 0.0585144520373111 -0.0290270071819018
0.0315688961220984 -0.0315924802655934 -0.111228460987315 -0.0876549288829018
0.00321062070785908 -0.0312385505261792 -0.183417472748937 0.0315438396891213
-0.00275411087307394 -0.0260411562598726 -0.109707934126381 0.170751630466057
-0.0180568824071008 -0.0286468006282763 0.020999707746075 0.175608131053504
-0.0329986051230227 -0.0104867341147955 0.0870374134061722 0.115467215391268
-0.0328493075116786 -0.00985117688327714 0.10625234953233 0.0750924115946708
-0.045101682165356 -0.0189451659990169 0.115436485785081 0.0541177592370184
-0.0314875770416586 -0.0531261498083239 0.116893858936009 0.0611859876256446
0.00635729602183576 -0.0589103740083576 0.10325353067086 0.0909876089791762
0.0462826694194975 -0.0652513412872864 0.0710025063628323 0.141917912935885
0.0958052785816201 -0.00969363874423038 0.00834978917580681 0.176367823241379
0.103120071893544 0.0822416465284103 -0.0488377288496895 0.186969600977734
0.0672472865801648 0.138492410277365 -0.00349923620494823 0.236223117119668
0.0752355028473647 0.152869103413576 -0.0299693948582557 0.144484050095845
0.109477573136933 0.0821119884782234 0.0563878368933631 -0.0436700020216714
0.10841679892136 -0.0160754361127509 -0.105680982772846 -0.112771902041488
0.0603092240304228 -0.082659766446034 -0.194725475939603 0.00629116762860448
0.00852924970486638 -0.0876655116589025 -0.131064583093131 0.153246898287995
-0.0342443226294113 -0.0801010127778579 -0.00189521288021631 0.162070510512047
-0.0697547752637366 -0.0444547894410297 0.063915843031774 0.103015372499719
-0.0701518607427041 -0.0310610495946504 0.0812172695715281 0.0620157732713924
-0.0796875191327096 -0.0420301028649828 0.0937471843614448 0.0330473124470028
-0.0521707879662209 -0.0940408690865353 0.105444531201856 0.0291472318014787
0.00876357469395434 -0.107697140950065 0.11350151095579 0.0527514028915341
0.0818315401982956 -0.116476552717155 0.102091556614424 0.112255755851266
0.15756013576523 -0.0154351677126112 0.0500520336559219 0.160291668993138
0.147569101203759 0.130910007739682 -0.0196080189669093 0.158026498145032
0.0880372772650959 0.21382669589273 0.00377645564708687 0.164332396563288
0.0574313913246246 0.213496349793963 -0.0502842564538053 0.0728569010480069
0.129081045999445 0.160502933137556 0.0530005888453047 -0.0764208445329397
0.173015848976752 0.0203361222122821 -0.0891974624207579 -0.144156728240816
0.124538489666337 -0.113265889253231 -0.190835425297723 -0.0343024091696018
0.0307392491459625 -0.140161174618955 -0.146099058624926 0.11078882901787
-0.039639372174228 -0.125628223920324 -0.0295028312708369 0.12865514745128
-0.0952212313154528 -0.075672152807639 0.0288733872675491 0.0761990095011184
-0.0975306555667992 -0.0475619006177496 0.0449088401372239 0.0401891275783432
-0.105422826821764 -0.0537092387329465 0.0595948762915043 0.0065123756973748
-0.0723724307343072 -0.11566700303851 0.0807830439653492 -0.00918497252288798
-0.000493316093515927 -0.139295839101311 0.110764416892192 0.00434560203255194
0.0924153938975377 -0.158933501377862 0.124170127068818 0.0693073129618314
0.192521906567205 -0.0341517814704752 0.0870193260158659 0.131506747297284
0.177359917408122 0.14516880593148 -0.00224450361218238 0.126925058571034
0.101738907617504 0.250061482509834 -0.000681144531165957 0.0806427166548539
0.0265436028769002 0.236316877475354 -0.0548177220353145 -0.0257402295524184
0.114512072057117 0.216404209353511 0.0514443864728408 -0.123660116796754
0.200893082521788 0.0673012230671435 -0.0599255992052796 -0.172972310385714
0.172076714675665 -0.111091903873833 -0.163115938647652 -0.0788665362634493
0.0559291127842969 -0.16480053488353 -0.144505166811142 0.048717991051664
-0.0346551374202742 -0.15226398370868 -0.057065963632689 0.0755407592305597
-0.104156319806148 -0.096349089656857 -0.0116260475156205 0.0390357123028477
-0.110490776989623 -0.0572839501938093 0.00269635773684996 0.0130939663378069
-0.116777601206051 -0.0576707328133481 0.0191721790953764 -0.0212183310722279
-0.0819013188095764 -0.119690924029418 0.0474221203094559 -0.0452484329703303
-0.00882031587860117 -0.149488264546688 0.0940995302603242 -0.0429936657402334
0.0909274394864051 -0.174478222542234 0.129939278849047 0.0248825145335781
0.197440828578286 -0.0425982781836922 0.107400547734902 0.097762303475551
0.176939564390707 0.143023462126984 0.00247355431055622 0.0965559823939566
0.0959793300132735 0.250329376050636 -0.0122083660078388 -0.0015836385219912
-0.00513702109550947 0.212736792639901 -0.0425843147706249 -0.129767180132867
0.0726654797481372 0.223291438844602 0.0529537923376246 -0.173026318213947
0.178509396585683 0.0999164111720753 -0.0220563316898011 -0.190194230275074
0.179159392150168 -0.0809148957661599 -0.117666514948026 -0.117568149115264
0.0696123048847101 -0.153620485344979 -0.124469001934514 -0.0173876770942572
-0.0234504477020156 -0.148569091196943 -0.0781753759240093 0.0137380235066571
-0.0952422648667315 -0.0993125063174827 -0.0510492351932032 -0.00350706723704335
-0.105893691634453 -0.0580510472431778 -0.0398813284844178 -0.0160828808358109
-0.112546703805385 -0.0552754855714209 -0.0224317692289348 -0.0481338061433833
-0.0791448314201232 -0.110331384148897 0.0124339407973208 -0.0774459535988299
-0.00940953739930727 -0.140074864586898 0.0741307848194945 -0.0818676849832679
0.0876823963462783 -0.159498312328762 0.126292320499417 -0.00983582335826378
0.179616341359079 -0.0288966928397114 0.112788237867086 0.0677443528022589
0.145306434920819 0.135673260697661 -0.000436383300575856 0.0710924593522643
0.0670466129404376 0.220874870102723 -0.0223166782446515 -0.0716337523716296
-0.0291652314380823 0.146752131675087 -0.0220405550348329 -0.218713967254825
0.0233329387254813 0.174429483332313 0.0566330969052819 -0.209809101186302
0.11929775328837 0.0973900078830949 0.0120887962487586 -0.195312877011987
0.140621236600261 -0.0444284716994229 -0.0719306339038127 -0.139606654153729
0.0630107480445085 -0.113743837003022 -0.099825844072237 -0.0704899078964575
-0.0118747451798667 -0.116030006132387 -0.0922891851385622 -0.0398738488607162
-0.0721696106265651 -0.0818448418309545 -0.0845310900290795 -0.0398247912588555
-0.0857551172962602 -0.0488663565343752 -0.0763614906985145 -0.0413968731888453
-0.0914255130013688 -0.0468313991696543 -0.0588602862054794 -0.0724279255977391
-0.063484224562385 -0.0904884858025342 -0.0155964685742505 -0.106214601434397
-0.00359215538804289 -0.116931130998581 0.0593115173624944 -0.112412864606069
0.0833951356594585 -0.122951849141845 0.122367077756101 -0.0342897046986568
0.144858772683851 -0.00266780627932512 0.111855362456429 0.0481716964810761
0.0948596452051365 0.121922051901264 -0.00381068819815634 0.0502989461540383
0.022841875668267 0.167044305415822 -0.024775773273519 -0.124565073381771
-0.0439822959198625 0.0531814524073067 -0.00534671754698577 -0.274058400865607
-0.0190569745337024 0.0883546084773125 0.0524740145728854 -0.228271050363011
0.0463627402352775 0.0642609561186166 0.0302748122335242 -0.19158316119317
0.0733826139325995 -0.0129280268571206 -0.0462727640564346 -0.14925884995023
0.0393986740154041 -0.0581020739697208 -0.0847900131261591 -0.100575753298254
-0.00175755404881303 -0.0638208709328929 -0.102324705739999 -0.0725295746931602
-0.0383006409804913 -0.050127685894426 -0.107858127386469 -0.0620159360626612
-0.0509549384966239 -0.0310695066966092 -0.100833715983574 -0.0601530699788964
-0.0573676095780213 -0.0328710334404116 -0.0839645762820579 -0.0917315020640595
-0.0408858923297577 -0.061068780054356 -0.0312401087661741 -0.130672754059626
0.00241362385499386 -0.0817396142262018 0.0561665646804799 -0.136342410988003
0.0707890285891008 -0.073350008117479 0.127792207814986 -0.0489874151147486
0.0962573732509472 0.0246279211962549 0.111097768879309 0.0395671450054864
0.0359482127544497 0.0950383783635144 -0.0034538547805382 0.0379992665641702
-0.0245574085125596 0.0932521171435673 -0.016405040601477 -0.155489704427008
0.0492722599632301 -0.0101913332756284 0.0210086998067462 0.172910138829367
0.0089124267961655 -0.0483492339998007 0.0587804362796092 -0.0286726987584717
-0.0372241927324959 -0.026486019599433 -0.103209837577894 -0.0755478824704581
-0.0358810439952929 0.0237289846225768 -0.165388390444322 0.0331355277128895
-0.00357583988386086 0.0295363578660898 -0.0921319031298851 0.160706193178085
0.00405496951676763 0.0179180046676802 0.0240643571316216 0.167470506044107
0.00896410858884012 0.0198093442263062 0.087732128131736 0.114185107994509
0.00849153057701311 0.0132318271171706 0.109709354725656 0.0770095131913663
-0.004539082264847 0.0132647928825076 0.11627281796309 0.0652343136035511
-0.0151879310678518 0.0025012104031097 0.111143228289766 0.077658611055348
-0.012760629068934 -0.00275121745162354 0.084751603544084 0.106491053471041
-0.0117049315801973 -0.0222208928690315 0.04045905730233 0.14833614799149
0.0226090707389517 -0.0292449869256309 -0.0320946539598507 0.173108175349912
0.0598277400561723 0.00241003353060898 -0.0889460268951721 0.198820740319016
0.050752761260875 0.0377365914470063 -0.0317629234676381 0.268583308463664
0.0666889697290152 0.0739854816161588 -0.00566604335252133 0.171536272500159
0.0610241870927466 0.0102191089211307 0.0593337828325505 -0.0274596159690539
0.0313083845720833 -0.0280662812591749 -0.102366071111002 -0.0915736233835824
0.00485887544453613 -0.0280319920909805 -0.179373768483721 0.0188032910370808
0.000424824611555623 -0.0246516475139588 -0.111911882244292 0.158836888319188
-0.0157201081671309 -0.0285547366482013 0.0117277579179961 0.168525790723963
-0.0301512304655909 -0.0104083348322204 0.0785549698035381 0.114681399593869
-0.0311604185113642 -0.0106709480602629 0.100209865201284 0.0751939117081074
-0.0421814493431102 -0.0196996423943621 0.110657445145173 0.0546401449296958
-0.0288782279548927 -0.0531501115028621 0.112179319614835 0.0613883036325426
0.0101249082944224 -0.0576996087935528 0.0983918334312931 0.0911539136619413
0.0488935645790395 -0.0586201474166503 0.064694042003484 0.138434412598875
0.0935852331910583 -0.00225101175914261 -0.00119897469449802 0.170170915509279
0.0955768925472983 0.0863162779414671 -0.0595270599127723 0.179950932359543
0.0616211713848718 0.138222630430571 -0.0207870592117771 0.227328310968431
0.0641628466314053 0.153316109911597 -0.0293175572369069 0.136790977135304
0.0999324256272973 0.0866416446180176 0.0602638135412305 -0.0429858363600376
0.104408975196123 -0.00809665258235139 -0.094308680299288 -0.118359805301171
0.0615780608161304 -0.0735238499059039 -0.188568524069548 -0.00844859580207049
0.0143630109293843 -0.0830753759692077 -0.133801217943271 0.139605452729974
-0.0291337575223814 -0.0790442155277673 -0.010729751120108 0.153702293994992
-0.0647077183990052 -0.0450411473095974 0.0546082220882639 0.101730362866644
-0.0667074949421319 -0.0334954165639509 0.0760357767296601 0.0619937277795597
-0.0754423912028766 -0.0429233843430759 0.0901071953739671 0.0329539191645626
-0.0480045052763951 -0.094481688509294 0.102463834730053 0.0296824564047799
0.0142707279277916 -0.105735245025542 0.111372748194265 0.0538547092853578
0.0845965413143939 -0.107234572883581 0.0989240497722443 0.111401796088548
0.15391727437745 -0.00528363420476631 0.0410546130645341 0.158717106372191
0.137065468198506 0.13494409121888 -0.0316768987806857 0.155407622223591
0.0788511714726523 0.21018360316368 -0.0120253950521966 0.160745263204341
0.0419728604072804 0.211900626660705 -0.0431166334957166 0.0677065416500249
0.114022853625507 0.163964585331912 0.0607941585577763 -0.0747699389938989
0.164466931415759 0.0319137034014618 -0.075007526134358 -0.150061972422969
0.123575970280469 -0.0987366961998872 -0.181688213424358 -0.0496133619583806
0.0379548693658287 -0.131914022175359 -0.147274367736093 0.0969039243228258
-0.0327613781788251 -0.12377291960782 -0.0366881291051432 0.119956899742772
-0.0876978468843136 -0.0768186855571812 0.0208777970756281 0.075482710436937
-0.0931602999813576 -0.0512237335958691 0.0411136515022682 0.0400152786444125
-0.0995759092303594 -0.0557961744114798 0.0584211228098118 0.00598855502748282
-0.0672804945998932 -0.11606333292331 0.0803904364974231 -0.00839090634385027
0.00543324372949514 -0.137137230281877 0.111138483912381 0.0064330569472806
0.095710406996839 -0.148281581772257 0.123674980214738 0.0705258461338852
0.188958090200642 -0.0234702384392151 0.0793953929430172 0.134262719391553
0.165752840145999 0.149857365273992 -0.0131567434044648 0.127905854605711
0.0911796536696107 0.244541311961997 -0.0125392873239839 0.0820812820621306
0.00921271045585848 0.233230704944404 -0.0408880244082034 -0.0251653383335927
0.09561936348563 0.21777281593622 0.0638490431207671 -0.119108116243484
0.187925169561134 0.0793222615267007 -0.0425885297260377 -0.176023079930856
0.168311579139834 -0.0941749219389817 -0.151018910995697 -0.0930159112096774
0.0628902862834818 -0.153961489669808 -0.143028539175936 0.0354658207926699
-0.0272301708184804 -0.148465228781087 -0.0617508647983641 0.067872300356652
-0.0958406839932155 -0.0981006847321885 -0.0176131084283804 0.0375053730901706
-0.105010570351253 -0.0617346516320722 0.000266015951440224 0.0129725959329099
-0.110412329576668 -0.0598944638621843 0.0194781754624961 -0.0220491463046081
-0.0774211447438497 -0.120205592821296 0.0485815969639545 -0.0448522074650305
-0.00291949198500063 -0.147882990739383 0.0976588928133496 -0.0404190152543484
0.0945808952467052 -0.164291623590408 0.131929173271089 0.0276006027762289
0.194885599464599 -0.0311392014422039 0.101698524943499 0.102732875635336
0.165910876823843 0.147023688572096 -0.00705600423251323 0.0989331868209904
0.0845097999720163 0.243472232859807 -0.0194026211290135 0.00370175381914707
-0.0214313480226864 0.208092674516517 -0.0250171828760284 -0.123982532803662
0.0542667877318058 0.22151244783654 0.0679581199164575 -0.165050154804467
0.163921617132179 0.109307146611605 -0.00385692351930556 -0.189668541130182
0.173382731527702 -0.0656294579615415 -0.104031061728152 -0.12654264639392
0.074727848091303 -0.142188503632086 -0.121436629216203 -0.0274087551626779
-0.0165510222650546 -0.144421101597791 -0.0792294538671768 0.00773042086399716
-0.0877201045344805 -0.100809871424683 -0.0541092390193239 -0.00467466991682022
-0.100603612101038 -0.0622522369024244 -0.0396165597561515 -0.0158418468812005
-0.106427415497173 -0.0578604794912836 -0.0198138552748206 -0.0486477384127338
-0.0748685979605987 -0.111101517329616 0.0161809219103228 -0.0762776292883385
-0.00410250484799353 -0.139441955321131 0.079623470401478 -0.0775714180770132
0.0915444489080928 -0.150945984986422 0.129672447973858 -0.00597975964888218
0.177027343024181 -0.0196254804498661 0.107629715147883 0.0748123511191645
0.135989289388558 0.138690706301922 -0.00799146401686611 0.0728165002326205
0.0569307593865782 0.213809402611304 -0.0243135087986265 -0.0652900206071559
-0.040903955398504 0.141844617287628 -0.00277827177260152 -0.208289452527302
0.00879476435397007 0.171527602938592 0.0720284579329713 -0.198528609559767
0.105986103812861 0.103206200200796 0.0285557805623833 -0.189192906484574
0.134024667992614 -0.0330811070002655 -0.0588405289721918 -0.143453419891734
0.0657700660645039 -0.104040832194004 -0.0946475675039537 -0.0766683732067247
-0.00676064011792757 -0.112312658270039 -0.0896596574715958 -0.0441611140913575
-0.0668151326702917 -0.0827584264567729 -0.0846007565755849 -0.0405843231254555
-0.0807736984623317 -0.0527488496574902 -0.0738490836003959 -0.0415695461789896
-0.0870341698161984 -0.0491860183202841 -0.0543573743202902 -0.0725535068508072
-0.060171584351595 -0.0915184977890112 -0.0106049404435677 -0.104205763506452
0.000513000306566549 -0.115803586173538 0.0659169452316309 -0.106927952798673
0.0852625398196624 -0.116096924290163 0.127306990466107 -0.0282401175163915
0.142545658185905 0.00434028664987521 0.106355091139113 0.0552927005461871
0.0874400403655097 0.12213801598654 -0.00946295021055067 0.0516585838732051
0.01633353397434 0.160586524293904 -0.0222362588202623 -0.117739930895273
-0.0500827171080966 0.0496900042638956 0.0126712384827499 -0.261795421448969
-0.0272170318021862 0.0850611053248488 0.066054282504118 -0.214772140327688
0.0382884334498976 0.0655420131238579 0.0439104003876857 -0.183188116677305
0.0687095165617851 -0.0066996194513048 -0.0344190618707114 -0.148197568043227
0.0400492995582352 -0.0527071211436655 -0.0781244030033698 -0.102903023601981
0.000415063441290703 -0.0611549902450149 -0.097291175168942 -0.074475544260311
-0.0357598641033029 -0.0504164323891039 -0.104278168929318 -0.0627819044854104
-0.0478882963214064 -0.0333445743260341 -0.0966598727194747 -0.0593718551334967
-0.0543863472969511 -0.0343145409968087 -0.0781043249063862 -0.0908276793663448
-0.0378989491667602 -0.0614963823337879 -0.0255927769043089 -0.127634000821854
0.0054871017830874 -0.0812474224549111 0.0625075572415391 -0.129845896082663
0.0723488164803855 -0.0689163843636965 0.130203440507796 -0.0410355811909852
0.094292029541956 0.0285090916590037 0.104538689616278 0.0466938112524076
0.0306382774262385 0.0941803093879971 -0.00848618608242129 0.0376524495575718
-0.0269885729871684 0.0875897288337495 -0.0108283532461371 -0.148204437035997
0.0483946275501715 -0.00814426883613607 0.0189048933317093 0.169696491128441
0.00974126170931766 -0.0475237824122648 0.059577550711802 -0.0285529648657594
-0.0363894935186417 -0.0275154840494202 -0.100312722181405 -0.0771004830045777
-0.0352577047418088 0.0232033556898482 -0.165530672032941 0.0295908076036886
-0.00440539939331528 0.0298752342789096 -0.0932097853802037 0.15795858725345
0.00375770128865219 0.0185495223927538 0.0219836621139349 0.166555742761087
0.00884757410960799 0.019962336586847 0.0854695139975087 0.114108709678677
0.00766188723758756 0.0128388970951873 0.108367557268307 0.0770062398029215
-0.00513127612150681 0.013208559674131 0.115668241806246 0.0654361479879571
-0.0153302905787826 0.00257504922368953 0.109380536943885 0.0783339390114951
-0.0115647488045424 -0.00344161902844018 0.0827917049336454 0.107537853249726
-0.0115031520374603 -0.022001364925023 0.0374364851847659 0.146621076000067
0.0229654052431331 -0.0279183164124623 -0.0372681166543951 0.170550974657745
0.0595144706699959 0.00298989971349507 -0.091715823479883 0.195201310450176
0.0492414087331642 0.0388364491526276 -0.0348142028895774 0.264562835196505
0.0645148792378379 0.0741771840949816 -0.00758188649814226 0.168732057196218
0.0606109948213759 0.0110439365449687 0.0605738941126404 -0.0272802856091922
0.0309504733204222 -0.0278826757074611 -0.0996550621126303 -0.0927307974705842
0.00509316835233635 -0.0275827341042188 -0.178282248480048 0.0156706050441767
0.000241746248046558 -0.0238500905956697 -0.112409471947829 0.155661383518034
-0.0161845917991277 -0.0276572892956271 0.00912849808444947 0.167967830088059
-0.0296766733224514 -0.0105904765621684 0.076041819454327 0.11453602299772
-0.0306339563855692 -0.0110848082060093 0.0992121537620542 0.0747223809626951
-0.0413581518453348 -0.0194221023013006 0.109574762231146 0.0543200296737163
-0.0288410587462982 -0.0528091791185292 0.110846108570971 0.0620821209979131
0.0111732717179627 -0.0576635676322014 0.0964534157282917 0.0921166960407501
0.0485700513436752 -0.0576499867305197 0.0616598370984117 0.138140466364115
0.0922189837748994 -0.000687960305376142 -0.00568013545065813 0.167227483078632
0.0931318234142588 0.0864525785806525 -0.0628001260721618 0.177460102564266
0.0575551743960416 0.137950962517485 -0.0235994888324228 0.224478074456566
0.0602752309685824 0.151584542973267 -0.029924698041845 0.134266692265417
0.0981793782676489 0.0866735705163587 0.0616815948987843 -0.0420183405494743
0.102234415888952 -0.00762177273778634 -0.090882622869064 -0.118691670078643
0.0610731428542459 -0.0716620923997548 -0.186354209380137 -0.0123227042295249
0.0141977782536289 -0.0814315516529399 -0.133357496544262 0.136438887458018
-0.0294264766566521 -0.0784631839059694 -0.0125043995340172 0.15277890878786
-0.063556786214795 -0.0449828140942908 0.052814165650628 0.101742125773897
-0.0656527561656704 -0.033567451827725 0.0752993095320085 0.0618930332969109
-0.0744373898083094 -0.0430206667887732 0.0889539706137126 0.0335335956270178
-0.0479352880715073 -0.0940701141302637 0.101573777192765 0.0312434311111281
0.0152267191320817 -0.104946222005959 0.109942495202104 0.0554450217551673
0.0844325530781672 -0.104961200791312 0.0955415441640694 0.112126921259406
0.152022667698204 -0.00329297524537766 0.0362166704213525 0.157311220438027
0.13409667880196 0.135798987137281 -0.0343720593015354 0.153182030960917
0.0734855955166961 0.208745983348665 -0.0143796301058369 0.159527253957855
0.0379322146246821 0.208882862091081 -0.042070704011764 0.0664795262891658
0.110587276086829 0.164074865962728 0.0633045821267543 -0.0725802802825225
0.16115941034266 0.0330420254015029 -0.0708574287280579 -0.149027325675783
0.122389673306513 -0.0956295375024388 -0.178502450897398 -0.0521441323954441
0.037816852616032 -0.12936569393921 -0.146194652447254 0.0946803895260494
-0.0326277635482467 -0.122918546797951 -0.0379486652387812 0.11870223155005
-0.086268487838996 -0.0770187975386443 0.0194745112929053 0.0752197737209752
-0.0906319403453175 -0.0516925156304757 0.0402613701871058 0.0409680230453038
-0.0975661881409078 -0.0552160818720201 0.0578596422734936 0.00661917175622402
-0.0666467584495353 -0.115660386339787 0.0802542966555417 -0.00687697787248193
0.00747287056313175 -0.136265974614888 0.110818366738944 0.00775853757290376
0.0958422186721875 -0.145665334992238 0.121056905322208 0.0726436020174094
0.187266979907798 -0.0207164709568 0.0751882031101951 0.132843326349566
0.161967979152873 0.150502581926762 -0.0155587099772706 0.126659804552972
0.0849331754314131 0.242703792169498 -0.0144031522614088 0.08181182807009
0.00505836921172182 0.228568524025033 -0.038860213824288 -0.0245825204253029
0.0914393322362779 0.2167812523248 0.0660238622706922 -0.115738124161837
0.183725949485849 0.0806425834344514 -0.0373387610225316 -0.174034313739433
0.166568911576917 -0.0906220114553581 -0.147013284547795 -0.0948193788036275
0.0622332207435812 -0.151607654703528 -0.141405931840926 0.0342532599044192
-0.0268068159459018 -0.147856020154705 -0.0626975106961752 0.0662626632636629
-0.0942642313878404 -0.0974511793642102 -0.0185754620153928 0.0377021701266586
-0.102669946636687 -0.0614890704831538 0.000719811260180383 0.0142055041696849
-0.107825174680499 -0.0599495999483474 0.0193267132283779 -0.021480933937883
-0.0763171281836637 -0.119193275941565 0.0495514540710141 -0.0431953660246034
-0.000646030009405186 -0.146409376946882 0.0980768589051276 -0.038532922257632
0.0942834905447376 -0.161930220424594 0.130796975408527 0.0303380140826876
0.192592911365814 -0.0291819888772945 0.0981761257067989 0.102050202167109
0.1615405388073 0.148130206632678 -0.00871800852308268 0.0983718279179822
0.0790699664979527 0.241557657325229 -0.0202271046799065 0.00438156133204028
-0.0243604737206441 0.203992093556359 -0.0216363058541187 -0.122244106868959
0.0504713241102398 0.219934509054228 0.0716538354594904 -0.159824630002867
0.159446388188652 0.110363766546163 0.00122344130179609 -0.186649605305644
0.170820683466934 -0.062226435355707 -0.099475830946556 -0.127169809016498
0.0740621235820813 -0.140124836338496 -0.119324973470667 -0.0281915269747
-0.0161812386295471 -0.143205782831716 -0.0794019520886318 0.0067419549852604
-0.0867970308145901 -0.100052797656538 -0.0550070102066899 -0.00430680625914869
-0.0983138609493624 -0.0624691213225046 -0.0392722594831953 -0.0145263282564835
-0.103798545165179 -0.0577971450696035 -0.0195146103551872 -0.0479099819480604
-0.0734224157817974 -0.110568874079395 0.0175426187895881 -0.0751458630344189
-0.00206017127835604 -0.137505067694908 0.0805524236194509 -0.076298107096338
0.0907196522183421 -0.148672928353133 0.129093278712692 -0.00327380898120827
0.175202589182466 -0.0176394053850783 0.104529406636967 0.0748291316292295
0.132327400052277 0.138970183822319 -0.00937716761881 0.0726896499044081
0.0522934445767571 0.210995772882672 -0.0244789585802012 -0.0633697740279417
-0.0432053919005388 0.138664983832901 0.00119573830893052 -0.20430091763774
0.00616244488926271 0.169265364099143 0.075546405164187 -0.193640257311817
0.102499023542781 0.103132865740122 0.0331890819971445 -0.186143909575205
0.131631160584489 -0.0300676164571021 -0.0545509031163675 -0.142666275782203
0.0646677818638589 -0.102465523838314 -0.0922907914796185 -0.0766607455528335
-0.00699405369029686 -0.111571652837434 -0.0895548492799676 -0.0447429236247386
-0.0656382528703969 -0.0828508992317726 -0.0844539259206509 -0.0401382671437772
-0.0789683611829279 -0.0522091899137412 -0.0726596983637953 -0.0396722726426915
-0.0842320419669508 -0.0486710081137132 -0.0533439501539506 -0.0712393815751509
-0.0585517880450018 -0.09046492386769 -0.00856460141440414 -0.102793745689298
0.00193727594623156 -0.114136144919933 0.0670506604618519 -0.105867177708801
0.0844401305238173 -0.113660362075713 0.126777257221696 -0.0251471940180882
0.140553897126439 0.00600951674357871 0.103863936303329 0.0558709802996889
0.0838658021200541 0.122110041458886 -0.0108107083760299 0.0513863245671658
0.0139137111070381 0.157516754324261 -0.0224131139847625 -0.114774571332206
-0.0509157563276519 0.0477896968710467 0.0175839078313832 -0.257027429958548
-0.0281472118079977 0.0831620173442069 0.0696710352667152 -0.209123075864535
0.0363341078833256 0.0652855149138102 0.0482252173801387 -0.180078409523585
0.067653005929061 -0.00495640817721948 -0.0306464325740805 -0.14679886145666
0.0390157822004535 -0.0511777733913461 -0.0759812516107848 -0.102741509048597
0.00077142296183008 -0.0602758913021799 -0.0968530081805697 -0.0749577489799801
-0.0349284873895075 -0.0505808825364862 -0.104456687098716 -0.0617748663974309
-0.0465196930515554 -0.0337807525020051 -0.0956285580193809 -0.0579285690675828
-0.0522296304184558 -0.0343998817640753 -0.0765858511819866 -0.0899228307739476
-0.0365005373572289 -0.0609932564004537 -0.0228187303108874 -0.126524718804109
0.00656671257045583 -0.0799005215456601 0.0640103467543553 -0.1277625685125
0.071743409993539 -0.0674596242559006 0.130118809215388 -0.0381251967609975
0.0926745026579791 0.0296884578188002 0.102455099874465 0.0471555525940956
0.0282626777051619 0.0932551842025408 -0.00989601291774579 0.037755996328138
-0.0281654914973086 0.0847507890858312 -0.0108495164661817 -0.145371998426907
0.0486406992935888 -0.00754337832421732 0.0181063313911006 0.171876537277099
0.0109799235975842 -0.0484696958459606 0.0612277571748189 -0.0295725350336049
-0.0369270434210537 -0.0281515480506624 -0.101883977261705 -0.0808142356735392
-0.0358618275013426 0.0232615827556849 -0.169685584902406 0.0277473527415381
-0.00409609710300603 0.0306436973662558 -0.096318775921335 0.160229612766478
0.00372020190342355 0.0199098513352385 0.0212711406811708 0.17021352326879
0.0094109290203153 0.0203252183659938 0.0861442603074471 0.11646169253497
0.00771029232088823 0.0133022349729738 0.110461934272555 0.0772508301061019
-0.00552439990156006 0.0133076116391953 0.11849672376734 0.0661531770300662
-0.0162665459752991 0.002978704623223 0.111863469000291 0.0809064925583064
-0.0113875120901416 -0.00461582078580918 0.0824667295054708 0.11113897251592
-0.0115286854395338 -0.0225248703437356 0.0353650819294797 0.149597214987922
0.0236877174852259 -0.0284970554992151 -0.0419739497478539 0.172656692386377
0.0604358700813007 0.00320219402649361 -0.0967866257540796 0.197210566126012
0.0484772479135384 0.0410703376255586 -0.037412156679989 0.26805214817933
0.0635656275880623 0.0755016570907325 -0.00795236112116092 0.17002213665365
0.0618783835772354 0.0115560074381224 0.0628068542737719 -0.0278125371981802
0.0307046541690671 -0.0283774126094241 -0.0998685784593889 -0.0958495342327425
0.00492068604049962 -0.02772283011979 -0.182332326450945 0.0131975626728839
0.000300745685120013 -0.0236486270434322 -0.115087420926324 0.158135383040391
-0.0166504382288271 -0.0274342215129204 0.00836882724227121 0.170755303290814
-0.0301523595590937 -0.0108712735335152 0.0762952435692113 0.116526489992971
-0.0312417736002644 -0.0112844733278554 0.101325815677771 0.0759439880250089
-0.0420482127381205 -0.0197264257239485 0.111947588665103 0.0551086788804313
-0.0301071863032411 -0.0540811066423051 0.113492172882475 0.0648408473609516
0.0118857563747443 -0.0590741033814685 0.0971804789049779 0.0953483221707406
0.049601924386959 -0.0580816706666039 0.0603933546560099 0.141076761148272
0.0936937865525975 0.000188970685473766 -0.0102423716015691 0.169421142798269
0.0938937900913013 0.0889558916377064 -0.0670318485691481 0.17953801955015
0.0562777482210199 0.141126731427757 -0.0263767579227494 0.227944696141916
0.0594135956866171 0.15282596878205 -0.0305764603900966 0.135651138043303
0.0992478237201084 0.0889131575457973 0.0646789692767199 -0.0420476034635006
0.102570865200498 -0.00720588572268622 -0.0901992267866776 -0.122086016850669
0.0618031064329072 -0.072517037718984 -0.189975800607125 -0.0154226579844678
0.0138739683956064 -0.08231092308152 -0.135756066572413 0.138415729212004
-0.0304716695415016 -0.079263983325897 -0.0137141511046048 0.155787767045748
-0.0642691929284021 -0.0454790018918818 0.0526593302763126 0.103863806010294
-0.0661677089538133 -0.03438634590185 0.0765662000649395 0.0636460855286891
-0.0747491815044464 -0.0430780033881902 0.0910004830482737 0.0339793376061093
-0.0491837848992613 -0.0955422274491439 0.104272348081024 0.0328684363366511
0.01665549183457 -0.107319764753439 0.111413731742593 0.0577714822175915
0.0861689301403405 -0.10662011692685 0.0956169874385231 0.116756397213015
0.154457965982578 -0.00190046574530099 0.0334386027967166 0.159602118012708
0.134951508261059 0.138935303021814 -0.0379858003139435 0.156113277983417
0.0712381233977235 0.212991004167747 -0.0170249221880914 0.162297192675434
0.0354531500250397 0.210054430935634 -0.0426186301899467 0.0672585889924737
0.111404887510072 0.16780171729648 0.0667262218108508 -0.0729587331695684
0.161712569761136 0.0343177713033806 -0.0689077252216013 -0.152563930688453
0.123818429085956 -0.0964541040497304 -0.180221569563535 -0.0557788139427857
0.0375619328566516 -0.130797873675067 -0.148146317188666 0.0960353770078751
-0.033763345712582 -0.124967610307801 -0.0399634724720905 0.12109427516434
-0.0880617164667747 -0.0781236942002295 0.0191083738244815 0.0767758248997319
-0.091847748514735 -0.052336614186976 0.0417670310475764 0.0422922731156968
-0.0986249413665763 -0.0563521355104954 0.0586456519561734 0.00695131213585606
-0.0679607893956181 -0.117790429953391 0.0829503422281096 -0.00632384579074403
0.00802531413154801 -0.138917929272452 0.113675781753771 0.00903576962378074
0.0975987120260029 -0.148076932315752 0.122347430949942 0.0760600577711666
0.189941858860178 -0.0197513894348691 0.073162247167243 0.135487402238913
0.163232153586462 0.154768136188552 -0.0181500896650224 0.128758632678965
0.0821986355769357 0.24706226427044 -0.0163531703096825 0.0837472507834456
0.001367587978563 0.230289340828669 -0.0381194648207297 -0.025047666474819
0.0916888297728575 0.221726524875175 0.0705962542415734 -0.115915911609371
0.184197161654636 0.0835469284228885 -0.0344240656389438 -0.177603519679038
0.168892506464034 -0.090482708391898 -0.147379048555417 -0.0982451534469805
0.063180134916704 -0.153547665545216 -0.143408391540378 0.0345586410778764
-0.0283133692744982 -0.149971660192375 -0.0640511890347662 0.0674070094722341
-0.0962135225521738 -0.0996158787025215 -0.0198238639054061 0.0383854325209597
-0.103336414427899 -0.0634053549878867 0.000853897851969309 0.0156769932588224
-0.108447700009876 -0.0607992662726116 0.0201336209469454 -0.0213469236854056
-0.0775948741767896 -0.121591648444786 0.0515335417623141 -0.0432681560432015
-0.000234970123678133 -0.149218921034695 0.100853179913075 -0.0387703717352696
0.0962931394407799 -0.163835995559765 0.133194998867388 0.0332875184050099
0.195865819101698 -0.0278669383441948 0.0964755962828237 0.104373282582488
0.163022462294082 0.152492859880179 -0.0104265047589259 0.0995077927632862
0.0762066451409698 0.245237495744749 -0.0218664497493074 0.0056114194326261
-0.0276147927469291 0.204902403277862 -0.0192671659462142 -0.123003605851331
0.0495845914321923 0.224440690095584 0.0762133213582326 -0.160299436137767
0.159842492669413 0.112710820353304 0.0048768600106628 -0.189282134415831
0.172948495262849 -0.061139432955928 -0.0990304878898696 -0.130121327668181
0.0749435246463912 -0.141973645433765 -0.119871190219284 -0.0287672284915127
-0.017238543242122 -0.146386945719678 -0.0819938573681604 0.00584983954652152
-0.0883458517839539 -0.102168201743365 -0.0570810864099112 -0.00402906999601665
-0.0990763468535892 -0.0640067718986835 -0.0398282095104091 -0.0135405348090044
-0.103947041493374 -0.0585532486969381 -0.0198446338032361 -0.0478800605732935
-0.0743402049142259 -0.111888808963089 0.019141653658285 -0.0758329399331485
-0.0011788724505433 -0.140345944483111 0.0832788522984688 -0.0772923298680057
0.0922183915082184 -0.150159366900048 0.132202743555357 -0.00051047634352308
0.17778049627408 -0.0169456058667467 0.104520778775543 0.0766397013999524
0.133131203216539 0.142418242970033 -0.011037470002086 0.0738732370474762
0.050002934000993 0.214428581414501 -0.0262226853230083 -0.0630243174418647
-0.0453104194661498 0.138832076861952 0.00457489409722148 -0.207061516741618
0.00395242183928937 0.172265178776045 0.0800178609116432 -0.19384303618496
0.102605017417845 0.10568602633949 0.0373211429971794 -0.18887139744448
0.133445318575773 -0.0285670757739358 -0.0536452703924997 -0.145895878645478
0.0655772278325249 -0.103657301169266 -0.0928697864727803 -0.0776754671903843
-0.00755197644314294 -0.113372414304492 -0.0919194099882014 -0.04653848584369
-0.0672010642723144 -0.084269743276003 -0.0876471276748079 -0.0402338318394822
-0.0787221510102 -0.0535968520184973 -0.0734977413614069 -0.039275779737964
-0.0841922340866105 -0.0496700781898042 -0.053321762585783 -0.0718739592678743
-0.0596650394067388 -0.0916428637160209 -0.00752041562618407 -0.1040702289684
0.00267199595171929 -0.115813825213896 0.0699366468507632 -0.106807884366834
0.0855776088687849 -0.115123243856023 0.12966921772264 -0.0234124161777993
0.142340669493832 0.0067547641882577 0.104397070189575 0.0577178826076066
0.0843540551047137 0.12532137878909 -0.0123320115611721 0.0521256389559653
0.0114085916255656 0.159170073265893 -0.0235434464905917 -0.1155151963971
-0.0521206006052953 0.0472252075745224 0.021175390327044 -0.259174445458369
-0.0301809382157157 0.0844125872865651 0.0742257516299659 -0.210592363649178
0.0359749434667246 0.0664356609709488 0.0525879267987436 -0.182848548437858
0.0683747973113312 -0.00407286146313905 -0.0285699515416787 -0.150057929030739
0.0394068733534094 -0.0517801315159483 -0.0770724082586094 -0.104655649322443
0.000419626774516391 -0.0613349212180212 -0.0991166448588556 -0.0770652582641526
-0.0356779499174084 -0.0511471174155851 -0.10774859447642 -0.0623746202205223
-0.0459722485756635 -0.0344757608334792 -0.0969343666920838 -0.0578936172998101
-0.0515557770013782 -0.0349350326036315 -0.0771331822173566 -0.090346513645104
-0.0370376970509563 -0.0618433593655512 -0.0229371898924462 -0.128101496033971
0.00690572153403097 -0.080945100698625 0.0669538570991059 -0.129655598682742
0.0720533645590234 -0.0678732635613577 0.133954289388163 -0.036687170439896
0.0934472894213707 0.0306154241537277 0.103644663774444 0.04936984350741
0.0277918455684861 0.0946235498272719 -0.0107345816911781 0.0389252107725318
-0.0300303871025012 0.0851141270369482 -0.0117170087451616 -0.145641885645299
0.0490741885456122 -0.00738053550489771 0.0210288339404778 0.175890237029181
0.0107655482944426 -0.049946296071693 0.0636592475253726 -0.0321959718343846
-0.0387880548968811 -0.0284648610634295 -0.106641699939405 -0.0827816695841166
-0.0364533551584677 0.0245793517591901 -0.176316640344274 0.0309526808713488
-0.00328856526369021 0.032148310796778 -0.0966149123070469 0.167226324673005
0.00454012567197983 0.0213573790529299 0.025641535426344 0.176100992445089
0.0103328067206432 0.0213090519916427 0.0912193661108667 0.118252453212923
0.00799653824619798 0.0135211549280705 0.116332489207441 0.0765997656948519
-0.00545136374344737 0.013869521729956 0.125022052488783 0.0651951625307981
-0.0173420470402901 0.00341281207994895 0.118145445470194 0.0824390588638681
-0.011736468974482 -0.00495893914804413 0.0870788385176242 0.114550946132262
-0.0119490848095494 -0.0232069064496981 0.0374538007710908 0.153695886494932
0.0249018529950108 -0.0292520494631472 -0.0432490146119817 0.178713184672032
0.06248125368099 0.00223215242855912 -0.0980810089545318 0.204584165940103
0.0502831433605882 0.0427623750704248 -0.035148230401591 0.277529778914696
0.0654854962505177 0.0770222746301539 -0.00569730127442276 0.174857497216991
0.0646360600424939 0.0108447394241806 0.0655171896179693 -0.0305724335973448
0.0301340341791205 -0.0301232203730096 -0.104359817475431 -0.0986471144933131
0.00458787530071694 -0.0287721888105181 -0.189009362212016 0.0161184275245025
-0.000365498484695605 -0.0239815277101173 -0.116487029645025 0.16513958150823
-0.0180133099830755 -0.0276172471286351 0.0119528186962187 0.177179825208201
-0.0310414488061648 -0.0101883644608371 0.0814346848124039 0.119277012121784
-0.0322366672083484 -0.0113658709190706 0.106517878822995 0.0753392080849642
-0.0441996849714034 -0.0191409043025913 0.117306071517497 0.054244977350813
-0.0330115767477302 -0.0551041423393909 0.119152500745859 0.065335359499439
0.0113976263478464 -0.0622362578466877 0.101805662732607 0.097697933417576
0.0503964285063029 -0.0608123706163039 0.0639892474227284 0.145034400302798
0.0972189069123124 -0.00131332674142788 -0.0107979864292446 0.175779839162979
0.0983834423932122 0.0902099210266886 -0.0679827238652791 0.186614548785501
0.0595416004950715 0.145425525106122 -0.0248532806909311 0.235797660388532
0.0617424066181701 0.156394353080431 -0.0289338625101241 0.139663233735369
0.104035322949534 0.0901694682190683 0.0676537922858024 -0.0445141824326365
0.104556649871563 -0.00965110440415332 -0.0942717990876142 -0.125957951639954
0.0620347649916697 -0.0755399068209099 -0.196906374394607 -0.0137394463410422
0.0126428551731076 -0.0845113127754897 -0.137279704757316 0.14549031443006
-0.0338326302180344 -0.0811077508991899 -0.0114075043827037 0.161366356513738
-0.0677690145487386 -0.0458778522901457 0.0561651547936833 0.106392709506911
-0.0685152333028076 -0.0342341962176086 0.0811957370680982 0.0642094886876598
-0.0780031586150818 -0.0428408404600154 0.0949950693169111 0.0331264819399053
-0.0535677071189638 -0.0975665463303882 0.109452576536598 0.0323811134287456
0.0154598042594382 -0.112242243518528 0.116453143261215 0.0583825254620833
0.086204998477122 -0.111443162818234 0.100248881985731 0.119561622216112
0.159885370765147 -0.00410411154945732 0.0344816948790203 0.16402680453049
0.141563548464829 0.141892337789176 -0.0383151422164412 0.162375115687034
0.0753932679093044 0.219178039938777 -0.0162832259644265 0.167909055633049
0.0382962981470904 0.214897349954021 -0.0412368609120513 0.0696730284252672
0.117778764777165 0.171717190331307 0.0703584041279419 -0.0762479862313295
0.165966615958139 0.032877520975366 -0.0714185016609991 -0.156930448176403
0.125567905021132 -0.101240383202996 -0.187307811603372 -0.0554937083081318
0.0359424184819449 -0.135555946030224 -0.150503942007666 0.101686015650107
-0.0387231691058473 -0.128006363500709 -0.0394432428514372 0.125953712007966
-0.0925984016948269 -0.0785371163292372 0.0205219449645736 0.0792400111778766
-0.0955701703143785 -0.0521709424529766 0.0447271735819583 0.0433751149732107
-0.102542022426837 -0.055825741402219 0.0608670730259208 0.00581923867511228
-0.0736327438803086 -0.119800603610093 0.0867667952074919 -0.00766449156379261
0.00612515347252292 -0.14454654436475 0.117578165727778 0.00744628385082684
0.0965776491924163 -0.154313248868032 0.128127637402778 0.0781992753051334
0.195866264746683 -0.0236447006556418 0.0759597366898364 0.138289926040566
0.17178361194348 0.157971322185982 -0.0176761423251158 0.133933628502699
0.0872740165966724 0.25386231817643 -0.0164525541815749 0.0880647772130404
0.00406080508157016 0.235798659297939 -0.0384561223311948 -0.0249455184016552
0.0983127415287446 0.227418258051294 0.0734068548607204 -0.119486266072591
0.19025352957679 0.0830136047044678 -0.0363092038558149 -0.183332926733186
0.171587053816417 -0.0957327661994917 -0.153090634620874 -0.100914442462533
0.0608656346305575 -0.159117811800207 -0.145553569481194 0.0393868840589735
-0.033689349709277 -0.154635520395471 -0.0655781124985863 0.0713421614597109
-0.102107778513066 -0.100637146825602 -0.0208082307687838 0.0407591249417053
-0.107934173772713 -0.0630747765678628 0.00202839130317352 0.0168555341622681
-0.112428814026083 -0.0603868874776652 0.0204706370150215 -0.0221519818425779
-0.0834232787462243 -0.123834384356524 0.053549163902349 -0.0451554555197869
-0.0025789601946356 -0.155569709127164 0.104138768461644 -0.0425256996800627
0.0943955187503452 -0.171282393151761 0.138448367814523 0.0335809467829363
0.201619445770392 -0.0324980860045608 0.100443108650832 0.106835816136311
0.170930245911226 0.155725187784914 -0.010401771812709 0.104035613991826
0.080838189927409 0.252614486852289 -0.0239741217510453 0.0071890813614478
-0.027102094578336 0.210906330689004 -0.020442681417977 -0.127344496373872
0.0541523386354672 0.231202209882285 0.0782761340688341 -0.164765215675379
0.165413557476969 0.114600032274025 0.00462811232838656 -0.195965582692979
0.176952966020538 -0.0659662399520738 -0.102900431478313 -0.134353209223539
0.074106917374613 -0.147429285537155 -0.123162353350788 -0.0264163461027419
-0.0219524088534969 -0.150165145499425 -0.0847939557170819 0.00802055521829691
-0.0940064636517116 -0.103145547105141 -0.0599974499258139 -0.0020339957311069
-0.103578929657386 -0.063216003413955 -0.0409470547734278 -0.0115796094231319
-0.107766599596195 -0.0577824869597026 -0.0208827574907931 -0.0488194252576921
-0.0793993218636435 -0.113287274483638 0.0195702830364762 -0.0784447743944083
-0.00397703474705005 -0.144985546367752 0.0854412313571788 -0.0816012884644673
0.0905376991231824 -0.156873911713385 0.137354739340296 -0.00194008071131327
0.182927013741543 -0.0208036038924217 0.108414913227099 0.0778149649725142
0.14018973220388 0.145366330030351 -0.0114323163984005 0.0770464936628354
0.0537519700448205 0.220060990936609 -0.029341987796207 -0.0630147413078354
-0.0463480294866693 0.142552807492294 0.00292838105936672 -0.213628250106689
0.00669469687117467 0.177977236501867 0.0810830352311933 -0.199052591027932
0.107013622499441 0.107588412689932 0.0384277293356347 -0.195196769528922
0.13713249933431 -0.031428216996228 -0.0559221742104582 -0.150397947920095
0.0653083220979704 -0.108391825481677 -0.096148778060163 -0.0779983424486113
-0.0109538163679579 -0.116356784569492 -0.0968855666888633 -0.0460037667200439
-0.0718692026101267 -0.0850427456952618 -0.0928850935316089 -0.0385248838170789
-0.0826454105316485 -0.0537205492258256 -0.0773779753360557 -0.0373161854566751
-0.087146808892973 -0.0498577570312987 -0.0565377061835197 -0.0726796436318408
-0.0634391450176712 -0.0928453675902117 -0.00915689843112603 -0.107239449780173
0.00072129488562758 -0.119875261760848 0.0703657588332654 -0.112224299554716
0.0848450956463031 -0.120435519165182 0.134506227699968 -0.0258100298301177
0.146826507478786 0.00480338308575026 0.108763223692355 0.0580688158793492
0.0890637065439977 0.127928274051764 -0.0126790309387298 0.055160257615226
0.0134892810193037 0.163035344137241 -0.0288799713179821 -0.116954931237715
-0.0538143054854876 0.0485917948786889 0.0195222696919309 -0.26795165174361
-0.0302635245056736 0.0874787200144635 0.074454558430326 -0.215950734975629
0.0377599897832721 0.0679022099331097 0.0533354079560773 -0.189877821402003
0.0700086792768124 -0.00458281323303196 -0.0301567336274317 -0.154241105355324
0.0392610439172673 -0.0541715423820882 -0.0809760911215851 -0.106332079174663
-0.00112210642510632 -0.0635308897238226 -0.105867139866553 -0.0777395114023373
-0.0380846541515274 -0.051865058037364 -0.113780256769375 -0.0604987047880896
-0.0483099165150644 -0.0350546694277798 -0.101265558127429 -0.05631715139537
-0.0536226850125532 -0.0350263322206249 -0.0812978688199484 -0.090603324473124
-0.0388846765295767 -0.0624286112764179 -0.0253972589950538 -0.131593164598496
0.00593486674927977 -0.0827548618337835 0.0670926826943066 -0.135543081542596
0.0731755822172949 -0.0715810935715857 0.138260217178639 -0.0402044523438345
0.0975133299441009 0.0303128710664888 0.107881687870373 0.0495523604214541
0.0299656946460309 0.0976957510846781 -0.0113784828936715 0.0409670968103313
-0.0305387197971065 0.0874280867348524 -0.0167105728595222 -0.1481316756793
0.0494029484902193 -0.00842121267032407 0.0295698782667219 0.1787196992718
0.00869462598985665 -0.0519599604426869 0.0643757524092718 -0.0368237908992894
-0.0414277454373035 -0.0273251566848095 -0.114229636002245 -0.0809984694482752
-0.03559632814592 0.0266689441848354 -0.180872970988913 0.0404168540798465
-0.0015876883808852 0.0336179076235543 -0.0914360707151092 0.176330856543765
0.00630747379819371 0.0219329932318441 0.0359009147038351 0.179162295433343
0.0123272862955018 0.0211116862303575 0.0998912606215224 0.116791630330968
0.00905731991301055 0.0131449023814023 0.123078869590461 0.0709592970755431
-0.00537094248304945 0.0150591386151225 0.132124301769865 0.0597763539615424
-0.0178343671155217 0.00481752114439633 0.127249203763474 0.0785367908169577
-0.0125375753332908 -0.00492171340564597 0.0948721448495322 0.114578763677582
-0.0129873630118908 -0.0228909353641861 0.0447690534472049 0.156084245895068
0.0244726705968778 -0.0307345075652017 -0.0392115091408856 0.18593665990315
0.0643413831155327 -0.000700881887607676 -0.0926812019115515 0.214595975411828
0.053385317643615 0.0426493604025354 -0.0229520701830062 0.285950425863156
0.069376553168818 0.0760796263984556 0.00282640513816259 0.178772340225025
0.0672205709339024 0.00759803353025109 0.0665935783255944 -0.0352075426517822
0.0287504804059282 -0.0323431067624387 -0.112485945300991 -0.0972012798479958
0.00301868838509134 -0.0300545295055128 -0.195385295204536 0.0245831972478349
-0.0016926536412445 -0.0246671290600425 -0.111044937024418 0.175337328806567
-0.019601629379618 -0.0267909454725999 0.0215331547086249 0.181681160694438
-0.0322759737459682 -0.00860448981241679 0.0892467726966883 0.117455498178898
-0.0336948209914961 -0.00980736921636897 0.113164730247412 0.0705794787590075
-0.0462182015936348 -0.016488372730484 0.123963566824198 0.0494316154644099
-0.0369166742184366 -0.0544469988653108 0.127547641746531 0.0616043776120707
0.00862564366452052 -0.0647678610725307 0.109739724244077 0.0966502175199994
0.0482028290304508 -0.0650728124246307 0.0711200404455357 0.146499431777138
0.100071415713274 -0.00552110249015069 -0.0054359297246256 0.180264344513511
0.105615014057052 0.0886057747924687 -0.0623140959291396 0.194723664885499
0.0670632009922206 0.147355639053553 -0.0145016757051149 0.243091754047974
0.0687267128497282 0.15728913828955 -0.0223565103729909 0.144087256508463
0.111646502682883 0.08736482589918 0.0687365983981258 -0.0493705797832448
0.105608891867878 -0.0149009690294107 -0.102486583719442 -0.125466661343045
0.0592079303939942 -0.0806664389108809 -0.203501481041473 -0.00571338132422857
0.00854245859428639 -0.0869064417613626 -0.132944886103356 0.156312199042168
-0.0390452097111229 -0.0803664666511086 -0.00371433261480233 0.166853578826774
-0.0716537832264139 -0.0430680638780163 0.062878830395021 0.106286744809973
-0.0715711127277286 -0.0312953192419788 0.0869518555312394 0.0609847399846501
-0.0819115515573922 -0.0394753392777953 0.0998209727042853 0.028394717134632
-0.0615066774979836 -0.0967724065123796 0.115601083211113 0.027701044269856
0.0097236765340146 -0.116490135639913 0.123087064222252 0.0549200781854063
0.0822997300939066 -0.118494300384724 0.108875593332136 0.118751781842473
0.164016663040874 -0.0118053789677156 0.0409881847471265 0.166646768718408
0.152726949105451 0.139052255928072 -0.032649023748572 0.16925551144123
0.0869179862807099 0.221220323943796 -0.00962116996819928 0.173995105586801
0.0473041496405881 0.217702120581877 -0.038072869579055 0.073530595097253
0.129328749326796 0.170710040714147 0.0698510434171193 -0.0803662252451917
0.170737017179744 0.025803633261528 -0.079435934131735 -0.15899322890939
0.123092915521625 -0.110144205771291 -0.194682771575582 -0.0495980316592988
0.0294897723304485 -0.140259088398647 -0.148165762046817 0.111947070929794
-0.0479030570519163 -0.12868085852982 -0.0342028800688677 0.131463988327677
-0.100086737520038 -0.0750021811283185 0.0249317325499872 0.0807281411943974
-0.100153378363302 -0.0483397065733722 0.0493179780827716 0.0423701641731161
-0.107543400597278 -0.0510645716742863 0.0633022623776301 0.0023199233885761
-0.0830196565615155 -0.11882134363048 0.0901046583856584 -0.0121100883452352
-0.0013108966319001 -0.14954911868656 0.121955125394096 0.00187759506869479
0.0903653467452175 -0.163003367575755 0.136085501860236 0.075152003868731
0.199889297898931 -0.0337672382500662 0.0832722472347536 0.13853140996903
0.184081403708877 0.154925384449908 -0.0131448183971548 0.138618946494772
0.100254266087851 0.256476737688017 -0.0139773336823668 0.092197538630537
0.0128162537109134 0.240912434889929 -0.0390079979790414 -0.0241747115011108
0.111963198519198 0.229375131209296 0.0716508553211591 -0.125028850971996
0.198041013071388 0.0766341692356844 -0.0432747123717158 -0.186582495560115
0.171126050083659 -0.106217658000615 -0.161284665057944 -0.0965586141010467
0.0537563167916288 -0.166020809444813 -0.146115462611818 0.0477484042461246
-0.0440556905115312 -0.1564286786589 -0.0641703507680767 0.0759593781157869
-0.11132343236347 -0.0965632150044846 -0.0197051335930235 0.0436100275950693
-0.113990611836806 -0.0587514034974049 0.00355583267951204 0.0178612518717554
-0.118089568830364 -0.0551669612422395 0.0199187313864654 -0.0235979993401147
-0.0927520406225916 -0.122360018809313 0.0541365504634653 -0.0494010414370863
-0.0107314791714474 -0.159722307752635 0.105002337501808 -0.0480462287060185
0.0862763278869464 -0.180154167429011 0.145218211012376 0.0288559838499071
0.205426582728412 -0.0435532164703429 0.106834838517429 0.104573061300225
0.18383974838607 0.151323754215373 -0.0070463164242621 0.107738583404979
0.0935620520443013 0.254765407440644 -0.0256498708229181 0.0103415084420787
-0.0196067807113888 0.216448295368279 -0.0251790564614977 -0.128766459863921
0.0672885384670985 0.23560930346384 0.0746200670639298 -0.171353488485715
0.17379988985867 0.109868793800295 -0.00210481712358718 -0.201571651580021
0.178250872754333 -0.0756444778817169 -0.11082606739664 -0.133217471818368
0.0674455636989795 -0.154638978319294 -0.12597331953029 -0.0202767732373918
-0.032021783414985 -0.152659126405537 -0.0875446468720678 0.0124190251045329
-0.103413964309613 -0.0997482517443043 -0.062950363720128 0.00182790831813359
-0.109042081354562 -0.0598828005909388 -0.0419734986917321 -0.00896817335957718
-0.112617672565374 -0.0530470823350242 -0.0237648665714346 -0.0490548766432369
-0.0880371324028523 -0.111275150006101 0.0170105965251548 -0.0819042579479316
-0.0111965456545909 -0.149053085765727 0.0844879219005325 -0.088237331127412
0.0832879491144097 -0.165802440848927 0.141852743800613 -0.00799447136689633
0.186370793736432 -0.0307249876487247 0.114187494844137 0.0749589454225361
0.151076964830021 0.143379277950961 -0.00885613850920624 0.0798152036258882
0.0645982425099604 0.223009148499449 -0.034879821471531 -0.0617687994349152
-0.0421738233393282 0.148105659704912 -0.00492235540996796 -0.219112710360908
0.015462961149557 0.182636654385784 0.0762661191219473 -0.206313891016309
0.113755619624849 0.10535882116747 0.0324479841956053 -0.202015965270669
0.138580448774317 -0.0389291553747912 -0.0628389588093848 -0.151703562036484
0.0602452101248399 -0.113760147007357 -0.101165573745303 -0.0746542757695543
-0.0184045072886206 -0.118296738072461 -0.102888412905773 -0.0425361950432414
-0.0787767756288585 -0.0830411363478976 -0.0981552293053778 -0.033395596621898
-0.0872422957024494 -0.0506852617915379 -0.0808190493607328 -0.0328182064423984
-0.091240892505993 -0.0459076942371477 -0.0611601547305467 -0.0704930770139553
-0.0693491427239331 -0.0914088802854007 -0.0139219849384413 -0.10984241760029
-0.00579232054023839 -0.123243586873608 0.0677477233774737 -0.119243627764657
0.0797426669700915 -0.127376341556003 0.138530458966689 -0.0323402572465471
0.150392902920527 -0.00266532321535095 0.113550057342282 0.0547072639963335
0.0973450131761546 0.127215013997525 -0.0115761912748518 0.0577301617978035
0.0202896311497548 0.166061486829176 -0.0367250052263255 -0.116253097648274
-0.0535640896787625 0.0524227641323519 0.00885295657776159 -0.275810041472021
-0.0276362779791437 0.0914441676049266 0.0687944957657737 -0.223115480665229
0.041549096802948 0.0680991546059854 0.0479864664346158 -0.196796815543058
0.0716633262179981 -0.0074691201343176 -0.0366204158826993 -0.157019080313013
0.0368747185855875 -0.0573470934504467 -0.0866329286810503 -0.105336405640121
-0.00492592433976004 -0.0644499418252279 -0.1133856460592 -0.0743119845029573
-0.0421543169996077 -0.0505586994001705 -0.121349338094681 -0.0547949576180296
-0.0510090208027739 -0.0337573283945876 -0.106290659034204 -0.050139682602161
-0.0561056776520627 -0.0333224238369959 -0.0870111770418822 -0.08754089425266
-0.0426884750896253 -0.0618124278112688 -0.0325142653976955 -0.133499554863402
0.00142804464538632 -0.0855139239736829 0.0628510747608885 -0.142552685817643
0.0704650751695117 -0.0767499642679529 0.141474957416092 -0.0468261487547899
0.101038464959349 0.0264394835662408 0.113297625303227 0.0458608675462211
0.0351166531989192 0.0994317410967933 -0.0110621010242314 0.0432346904700205
-0.0278487620150506 0.0899223174543625 -0.0252287769925908 -0.148787883901381
0.0494881327593098 0.0134629822524996 -0.0520886386971458 0.174112528649559
0.030063910294846 -0.0440896023261047 0.0742532106247982 -0.00441685811343243
-0.0255849141807845 -0.041028280179219 -0.0675179812507924 -0.121331493565322
-0.0413126324736289 0.00978136995174709 -0.182322947185632 -0.0415521067409688
-0.0132070926525084 0.0292348861258594 -0.157481744890188 0.120035454087269
-0.00156664954480811 0.0234054748548149 -0.0457447706622833 0.17779774580136
0.00378475982791981 0.025842488574162 0.0393208431985932 0.147798890670211
0.00306308535667705 0.0164685597599344 0.0810611973153453 0.114554607811048
-0.0106109682842611 0.0113200853054148 0.0952459983684335 0.108319446576617
-0.0172529406098309 -0.0032604829698498 0.0815047280842121 0.124163594343645
-0.00845271006102697 -0.0102613110417931 0.0351747897870239 0.144874927361341
-0.000592040643379799 -0.0241095641514387 -0.0296043454282885 0.158013806475867
0.0356755178835204 -0.0145595868698628 -0.119858132933243 0.149609738316124
0.0578216802714455 0.0297132296775168 -0.183457028934991 0.153357019937827
0.0304955525999496 0.0625004579184093 -0.157096513916663 0.246116103694639
0.0301975545148565 0.0987381547266873 -0.0738609416026136 0.161554428076531
0.057428979613777 0.0361996691394058 0.0759243840066898 -0.00395063195270463
0.0397962502646784 -0.0147801147489017 -0.0603068586107223 -0.137410920061573
0.0173875522496026 -0.0244494031755088 -0.189833145337378 -0.0629812208999493
0.0120359094026242 -0.0219752955744373 -0.176963920601095 0.110459502766892
-0.00518711598907476 -0.0322412945204174 -0.0608143458619798 0.173760360258724
-0.0240157484143768 -0.0201500360938599 0.029329682228026 0.144569845248198
-0.025660298996862 -0.0238447211797696 0.0721842682400604 0.111021203890569
-0.0342914128480013 -0.0348534499030298 0.0922648478730107 0.0957918493179508
-0.0107992628700099 -0.065553535974893 0.0900287224742809 0.108401586675563
0.0366488215231472 -0.0565389760702841 0.0591218226202961 0.134758001173574
0.0723914826852843 -0.0364016257055029 0.000863680737164092 0.162096193176342
0.0927229259660194 0.0415663838112855 -0.0869366882422195 0.161720713972683
0.0570971397975984 0.128300447204529 -0.150006922808408 0.149277328552831
-0.00281748787928327 0.162484454088215 -0.130128130974161 0.211289839495668
-0.0066427748196432 0.171939876772783 -0.0785293753013127 0.119651190846545
0.0629369785274528 0.12808997247781 0.0839885884414654 -0.0180900137037978
0.101223619227532 0.035250065957674 -0.0386217860081065 -0.161119563681289
0.0884065246539887 -0.0453829836282905 -0.185362911720597 -0.0960108322599992
0.0479907414694509 -0.0739133693874704 -0.191386203104923 0.0827982425504918
-0.000719864791532402 -0.0893956420535409 -0.0781912209733686 0.150707761519166
-0.0464693671530285 -0.0686650419424349 0.00905892511874402 0.12340723489343
-0.0513952214055055 -0.0597297580744104 0.0529099319183049 0.0910821212735811
-0.057076058810013 -0.0704860630348663 0.0793034877235862 0.0667612570138022
-0.0158989676587833 -0.114274976179587 0.0943602480938481 0.0730799261728743
0.0596811623476328 -0.103004516144832 0.0908458907795756 0.102137591786939
0.125343743403454 -0.0702416624895294 0.0489217357366822 0.154331982572798
0.152918673010297 0.0636536354611841 -0.0379318032857476 0.171626170746159
0.0768571274762621 0.194769536247931 -0.112773905346767 0.140437666185416
-0.0171910720446437 0.237015391651339 -0.0948792918099166 0.151679108400932
-0.0547009781186641 0.217513182021217 -0.0601519760177354 0.0494839816732734
0.0428056140333611 0.21246064807128 0.100608549115473 -0.0480287294603297
0.142047504460053 0.100677422223529 -0.00268890595401403 -0.183648009386945
0.157615540056541 -0.0440218272823293 -0.157861794618009 -0.134003941003149
0.0894299533737977 -0.112418675660473 -0.187997412754913 0.0362000853233594
0.0116227446976956 -0.136476436649685 -0.0915401331380291 0.105884883198599
-0.0593886099093092 -0.110419252300764 -0.0143650884996946 0.0839259857906211
-0.0705792790402837 -0.0871092321451215 0.0256231033981427 0.0587569814170876
-0.0750583349270093 -0.0917440995404489 0.0568709490095035 0.0281569532937164
-0.0261919664986388 -0.143119251178577 0.0879377016355041 0.0257800766731534
0.0632743448247228 -0.137962897557596 0.113015995244534 0.052354924611827
0.151011675999599 -0.107682936908639 0.0947182568686318 0.126138533679238
0.195783295680838 0.0588312966051514 0.0141809995015349 0.166220160470216
0.0998002309295729 0.221508592696928 -0.0823894008946724 0.121908894415273
-0.0200040044429453 0.274844397536913 -0.0615125375535164 0.0756008256663801
-0.0961144204860046 0.224894663774411 -0.0172762255440265 -0.0394607329128455
0.000114501207494942 0.258830881939922 0.122156509033448 -0.0879943858510277
0.143450562998662 0.158699083316001 0.0435115458948897 -0.19331867644012
0.198266042941512 -0.0201895107599516 -0.106687279918729 -0.164367671342642
0.121755199138689 -0.124432554255132 -0.158378946492161 -0.0223048678112017
0.0266270983238756 -0.159909425351571 -0.0954472056172483 0.0429468246319603
-0.060942127329627 -0.134554493009247 -0.0389699482815427 0.0316387066313343
-0.0791122817856331 -0.102555102097753 -0.00458180828995812 0.0182300343101921
-0.0833063364646604 -0.0997474403321548 0.0287877113869658 -0.0132697150060871
-0.0341236412456625 -0.150243546744892 0.0712991578367566 -0.022861425279637
0.058416771180454 -0.151426522123479 0.119751852950396 -0.000624533828805894
0.154682041358064 -0.125165362510923 0.124191155078728 0.0886347025030509
0.204942850746267 0.0517925080395635 0.0515510793750531 0.146141833199955
0.10019753363189 0.218721973162624 -0.0620749564871506 0.0967907327678542
-0.0253033896241193 0.270374370959249 -0.0333275733838181 -0.00356891006370006
-0.115782295488581 0.188181959782057 0.0413026954515099 -0.127707733072056
-0.0434434581099212 0.245484369382267 0.14647754272911 -0.127493711370559
0.107198230116478 0.178421009086318 0.0889173046823594 -0.188453542025327
0.191035658216116 0.0105468189373409 -0.0429488032204983 -0.174865875406561
0.128232176069861 -0.10824049004714 -0.109800357252491 -0.0766508349631133
0.0354417768739424 -0.150842968086135 -0.088447552619913 -0.0253218825509773
-0.0533819680042931 -0.134228448162303 -0.0604697707085209 -0.0242948599381125
-0.0744687082435434 -0.101522147378139 -0.0345290755021911 -0.0236784412169239
-0.0800042810789146 -0.0945346680386981 0.000132874242505953 -0.0536596682469974
-0.0337676677838006 -0.138269559306741 0.0508719487013756 -0.067585007041546
0.0530546414959465 -0.141993284991087 0.117560936248579 -0.0461810049418565
0.145704582621361 -0.113784366126893 0.137592229749087 0.0545483439735414
0.182224159300137 0.0548740682976776 0.0715593125924826 0.121788191430722
0.0741009914275099 0.195288898306704 -0.0500173035337496 0.070405074053161
-0.0383321105035034 0.228370706967589 -0.0076859476195049 -0.0722097530973375
-0.106587902984165 0.116960092688198 0.0971569951570131 -0.201137685273348
-0.0675028675642083 0.175117646698096 0.162995426827471 -0.156722569196982
0.0541045186275586 0.147470836810605 0.120580894092033 -0.171882600405623
0.139190521507496 0.0271745058803103 0.0100324925657598 -0.168448889379935
0.102650154224741 -0.0747809661330156 -0.0620796406539023 -0.114853459773884
0.0330174826436269 -0.113844441874584 -0.0778921616067245 -0.0830543615281729
-0.0385473915589187 -0.108031708938159 -0.0767715861848976 -0.0717781755113865
-0.058428937123336 -0.0840219869622409 -0.059547178928187 -0.0613313023820046
-0.0632051331607289 -0.0794939640921511 -0.0250412700716011 -0.0890016433685406
-0.0264072876049344 -0.112106272037087 0.0349448063565076 -0.104750333037689
0.0470847921476447 -0.115744110524787 0.116168590374524 -0.0799784443444213
0.126291279566184 -0.0821737830466343 0.143751707522707 0.0318780862247598
0.137765662442052 0.0642554910007975 0.0796493270849061 0.103171301579749
0.0327434854002611 0.157832313093436 -0.0415383815298134 0.0481225553238781
-0.0538071113715071 0.157602316490655 0.0170876247969208 -0.121339770580153
-0.0748975053616188 0.0256534345570541 0.132807868774632 -0.246255826997559
-0.0669114234546826 0.0731180871525198 0.162281855654447 -0.171805287919112
0.00522125582185893 0.0820269455696523 0.132733008928552 -0.158124356761052
0.0657769786131517 0.0260357227496966 0.0362283639206101 -0.160076861752163
0.0570101902605481 -0.0336028961904489 -0.0336105960776359 -0.134638287499209
0.0222510726890551 -0.0593638357710527 -0.0727741040302087 -0.117671853789595
-0.0184969597670993 -0.0639255598341088 -0.0876873810828674 -0.100646537900954
-0.0324564689402735 -0.0529559289406164 -0.0755674747912305 -0.0886458825430508
-0.0368799556092181 -0.0541487016863343 -0.0409443603085832 -0.114295933642466
-0.0138994486449356 -0.0739490356003773 0.028398601377324 -0.133302126138793
0.0373657776413079 -0.0777669827446878 0.120693240633305 -0.10204925507463
0.0970106655867485 -0.0403661106555598 0.151166208721063 0.0204224163208178
0.0804313989195204 0.0684974411274305 0.0816826558794723 0.094198487607722
-0.0117341748272165 0.104641586066652 -0.0337828232263856 0.034208165226995
-0.0648593315657752 0.0679252918714637 0.0437373067606945 -0.146115681474152
0.0483990186295482 0.0121001433877971 -0.0409572926948044 0.172836265356828
0.027245071751299 -0.0445272488532944 0.0731897432049027 -0.00833285868028423
-0.0268565354165237 -0.0381712191656715 -0.0734400815667769 -0.114827236235027
-0.0397642742822564 0.0116185442136243 -0.181296218788297 -0.0306108894962129
-0.0107710225419633 0.0300065913308634 -0.146945663829519 0.126286954432668
0.000280669598360146 0.0231908843800556 -0.0328837867509346 0.176628467573083
0.00571470109226419 0.0246238535399575 0.0472685410137904 0.1413619116989
0.00458428631808134 0.0155997761608965 0.0858669722109396 0.105775629426292
-0.00976316310299904 0.0117321364556964 0.100190244572663 0.0997512835173539
-0.0170867153785326 -0.00193627404352809 0.0882215196871782 0.117325762576609
-0.00860159171473843 -0.00963333464710686 0.0430621201642253 0.140376370786673
-0.00171621816677411 -0.0234064660911406 -0.021687455848711 0.155527948413151
0.0343097239083409 -0.0158904441676484 -0.11150994737997 0.15166027890279
0.0581002902818897 0.0256466994379192 -0.171591969819684 0.159266736649025
0.0326956981139385 0.0597194161253539 -0.139251814176816 0.248275373343428
0.033514281320603 0.0957468513211476 -0.0626529215332426 0.161857242516299
0.0579670956103515 0.0318084986801685 0.0748533393367662 -0.00789457678211858
0.0373819079198135 -0.0163009702695038 -0.0656733467087029 -0.13040440145373
0.0146510023718462 -0.0253495655085043 -0.189273788348974 -0.0517940672095607
0.0106527077052157 -0.0220286006435752 -0.166976564181514 0.117949473866884
-0.00677708589646321 -0.0304150620455593 -0.0485286940587089 0.173879139853024
-0.0246267497594831 -0.0180176891924321 0.0364779986957931 0.138763774331139
-0.0261206525469042 -0.0212411888560074 0.0774036395937831 0.103096666678869
-0.0358339878018634 -0.0312951706726082 0.0964032095644475 0.0872339606059497
-0.0152470719962492 -0.0629715289062183 0.0953648798349415 0.101175687967737
0.0327848806470006 -0.0576250527262821 0.0653620713773117 0.129052214045058
0.068633904882683 -0.0392710216680453 0.00887966488989104 0.158862682576573
0.0925445086090902 0.0359083529654873 -0.0791248841193996 0.162160192137398
0.0625269765437466 0.122428860028627 -0.139458537054796 0.153649982585163
0.0057034269412129 0.158969873092314 -0.116391422151959 0.212837945897303
0.00116420357810835 0.167996209135526 -0.0692246387158012 0.120525966999749
0.06888897220307 0.121686255210838 0.0828930780479676 -0.0216819660890132
0.0998092938847385 0.0285707254186802 -0.0455274662898485 -0.155375541513429
0.082658101926769 -0.0501753264241508 -0.186076010163646 -0.0839894893600744
0.042382507895354 -0.0745886069759983 -0.181424908407229 0.0921150574942011
-0.00650780799614975 -0.0864620180155983 -0.0675189984833868 0.152143137847179
-0.0494879527867508 -0.0635830107562984 0.0158685040938742 0.119387737767856
-0.053611714833168 -0.0548170974655913 0.0572133569271656 0.0851099481756566
-0.0598653780539122 -0.0644305763608306 0.0814430951678762 0.059899702088536
-0.0227925703204493 -0.110863956835157 0.0977180527536844 0.0661215364022852
0.0521451065995228 -0.105133721070642 0.0946477128195686 0.0954271416022351
0.117848408776964 -0.0762519423846341 0.0564666813077657 0.148382032836835
0.153018039345978 0.053919804435159 -0.0298429936757466 0.168766899113063
0.0862907087498064 0.186231160268556 -0.103575794149702 0.1426895841347
-0.00486864180125463 0.232632452448819 -0.085219876471992 0.153223627006314
-0.0428115457066429 0.21477017131851 -0.0547591989290674 0.0512148876196069
0.0535642861179302 0.204993729347768 0.0976376433078913 -0.0505986945330861
0.142687861663985 0.0900573832994512 -0.0118507744350283 -0.17844218761451
0.150435732425255 -0.0524750201964245 -0.161729413477506 -0.122782537733443
0.0795814475696059 -0.114578912535756 -0.179480475276099 0.0456670468638975
0.00222861592278215 -0.133318510576731 -0.0830019329928979 0.109123451376929
-0.0650962115359197 -0.102899631627332 -0.0101430503528334 0.0827604871273676
-0.0738232263936227 -0.080395748665408 0.029150203136474 0.0555094012529631
-0.0786266551874776 -0.084251359335459 0.0577006220070585 0.0241965247606313
-0.0351558858783493 -0.137554573068503 0.089001669339102 0.0209495573653594
0.0539118187500044 -0.139256530082761 0.113918574641733 0.0455079231888209
0.140117542538408 -0.114264160880631 0.100155891146391 0.119236805962547
0.194326112510562 0.0465442066868721 0.0206232368184984 0.160373734718345
0.109656580574497 0.211687106258752 -0.0741906958832702 0.123607126442411
-0.00614382220981114 0.26903115465009 -0.0574031044846274 0.0779855273318905
-0.0836478531802186 0.223029085084292 -0.017798459987502 -0.0374181082240218
0.0151954481412621 0.252873722166452 0.116915320889661 -0.0906061206976452
0.147816162366313 0.14743486078722 0.0335290409069122 -0.191219675982799
0.191362402827988 -0.0308007990004617 -0.112050171955174 -0.15475447364462
0.11036898383082 -0.12867113767514 -0.153717367399321 -0.0129340756182208
0.0151643155218408 -0.15701307820182 -0.0905577758347061 0.0468387532675693
-0.0687841669797835 -0.126232926326084 -0.037093769508573 0.0334959756483346
-0.0827027438461107 -0.0946409175429693 -0.00298101651731245 0.0187806415932488
-0.0874240533896883 -0.0911764626439234 0.027923387437052 -0.0146510149660625
-0.0431876081578 -0.143929605493459 0.0695096912391598 -0.0256423443510048
0.0478361683493996 -0.151905143207773 0.117804667008299 -0.00742813862746921
0.14259978398339 -0.131182498161864 0.127093141300101 0.0809849604826235
0.202984471133853 0.0393750150848755 0.0572574546902618 0.13915992932557
0.110365184418046 0.208159025921908 -0.0561882346190864 0.0983838125889171
-0.0111048703088385 0.264690052822798 -0.0347440838834977 -0.000553490565690357
-0.104000464405052 0.188756160244491 0.0347515294763884 -0.127454417185609
-0.0290165694652499 0.2419700079567 0.137521894424399 -0.130231937173009
0.112915096899751 0.168629404849561 0.0784725685382698 -0.187563750756812
0.18550548859485 -0.000179327792218142 -0.050014950251447 -0.168978946353194
0.117772336152121 -0.112821739265423 -0.10919558200871 -0.0681346843906597
0.0239275071602847 -0.149087828893691 -0.088010940583802 -0.0204935939130211
-0.0612276170833661 -0.12619821268709 -0.0614156598910859 -0.0198554722006742
-0.0786343539340111 -0.09393707700185 -0.0347816416915612 -0.0205612047832327
-0.0831798316844661 -0.0871562364253726 -0.00267308396626049 -0.0519458004797462
-0.0421748466112885 -0.132528964941482 0.0473896844403636 -0.0680331191298537
0.0431218588954466 -0.142685137359924 0.113127981467714 -0.0511474425162957
0.133214346989889 -0.12020035291345 0.138771036464012 0.047485196781
0.180823254766067 0.0432657275731915 0.0763728822060016 0.114185067201147
0.0836597267155222 0.187206586858107 -0.0467673384499012 0.0716686501326597
-0.0258564108764124 0.224418533155294 -0.013557761812832 -0.0687158229768163
-0.0986139558677148 0.119412816917946 0.0858351186074782 -0.200945874875352
-0.0566625102822026 0.175202075069179 0.152091209364391 -0.158834050108279
0.0598732255765519 0.140963925657301 0.110682710318898 -0.172994617243792
0.136781792788639 0.0187128081588145 0.00230653325151766 -0.165544992685569
0.0952809238044215 -0.0784394602582864 -0.0643876567515342 -0.108102357626541
0.0244620478090699 -0.113163667472902 -0.0811648684486425 -0.0765044368863445
-0.0447602935626866 -0.102372522678033 -0.0805877967184608 -0.0643959582847124
-0.0615220823527545 -0.0778464652502532 -0.0612547840904149 -0.0551697776571457
-0.065704734305489 -0.0737208113973485 -0.0293411232181007 -0.0843492811195274
-0.031760741433988 -0.106870767170927 0.0287008395270543 -0.103964950878262
0.0390276442956396 -0.115666739115395 0.109037058659124 -0.084341206631462
0.117379573894861 -0.087516540457529 0.144327601479252 0.0237215918412664
0.138129572594214 0.0546691099943367 0.0830679271507167 0.0957625412978837
0.0404661777371604 0.151934361466901 -0.039668444985496 0.0498576648833923
-0.0446134797366068 0.156036115917452 0.00790560207483108 -0.118128918238796
-0.0719370299714589 0.0289005305694504 0.117112956278034 -0.246550965047777
-0.0621128677386748 0.074687962670002 0.15023277099 -0.173606442163255
0.00874792129764074 0.0795246107636637 0.123360921944296 -0.160147630725225
0.0652955445381554 0.022324975535654 0.0291753228755171 -0.158340663347983
0.0528461793118491 -0.0364292635719569 -0.0389077732428604 -0.129407509055396
0.0175640407158996 -0.0587522499746704 -0.0782775220616831 -0.110531828338551
-0.0221136575073234 -0.0601660247351382 -0.0927685024717861 -0.091602508433815
-0.0349258035564028 -0.0497625591867458 -0.0784476267785571 -0.0797471909769816
-0.0390844916809549 -0.0500630517561949 -0.0461330571363923 -0.108728510017885
-0.0171660574411168 -0.0712558463459859 0.0203123978251795 -0.131248248074334
0.03159623828523 -0.0777653354737648 0.112632089320399 -0.106834628687069
0.0913125186088685 -0.0446698392393496 0.150502138630663 0.0122514491129621
0.0819602038847026 0.0628453143415006 0.0849196064606764 0.0876584009249918
-0.00589233260022042 0.102709108059063 -0.0323986567841711 0.0363709451950945
-0.06025858594845 0.0692972203609572 0.0326531034180833 -0.143050881209112
0.0471754801338958 0.0118421844456833 -0.0333042365619012 0.167862476079902
0.0250940090607868 -0.0441161317206209 0.0719209185429554 -0.0102130995845023
-0.0274720050215308 -0.0359423851346108 -0.0743173746475929 -0.108249060294699
-0.0382985322924618 0.0124609630858893 -0.176929439741555 -0.0227734218372227
-0.00915857026099921 0.0292263334625135 -0.137563640845375 0.12687542554077
0.0019842013777257 0.0227404816088576 -0.0241759364356208 0.171594073988816
0.00738125294520213 0.0236983273277123 0.0512005885923947 0.134084476121765
0.00548245948696376 0.0147800706667646 0.0874860140954158 0.0976743976819383
-0.00862801290618115 0.0123874258320581 0.101759401101049 0.0912598911131747
-0.0174842038098227 -0.000948277432255471 0.0908753074447521 0.110171630767769
-0.00842309029262994 -0.00939356790042751 0.0469791457621319 0.13585630522587
-0.00217670282278534 -0.0223741171095857 -0.0169123662670351 0.150324168769339
0.0335517314253436 -0.0166760661632514 -0.104549139246924 0.149991825632831
0.0573808425510968 0.022563052231584 -0.161247565886713 0.159141798770248
0.033409822141488 0.0567159296337609 -0.125130341743872 0.244175300735256
0.0354224451860181 0.0919565548931723 -0.0542329012238534 0.15809377105139
0.058080764607654 0.0288434493342214 0.0736498068498526 -0.010039282585725
0.0356084226197362 -0.0170825442084299 -0.0683597381051317 -0.123567707388191
0.0125411154723755 -0.0254709537337297 -0.185504163240994 -0.0426457547697122
0.00919539097914057 -0.0215081346749109 -0.156231063893569 0.119864493969299
-0.00771071699010607 -0.0284563775237724 -0.0394193925143098 0.169757946952882
-0.0244859823573254 -0.0163538954054238 0.0404575085938438 0.132948972057272
-0.0256694970767727 -0.0190837679870202 0.0794044021707202 0.0952588893046607
-0.0354519062666148 -0.0283199962844988 0.0967307144950478 0.0798949558229674
-0.0180914489887684 -0.0600255476992517 0.0980017051600953 0.0943272280366897
0.0294238649271488 -0.0581423457962263 0.0683373547818808 0.123652088230469
0.0648648309123065 -0.0403556991177539 0.0137587896466691 0.153198751693352
0.0913582751043322 0.0309641846022957 -0.0727303667697461 0.158730453911736
0.0654652317488141 0.115959811174109 -0.129888597249785 0.153374523227446
0.0106050456816756 0.153312281935761 -0.104770969723923 0.210429417232174
0.00594846018337043 0.162360681439303 -0.0620715607431778 0.118884992802623
0.0715539296847827 0.114696522973868 0.0812802407767463 -0.0233739679206468
0.0965739059217423 0.0242113621861487 -0.0489845286251868 -0.147502016935269
0.0767363280202746 -0.0519166052286805 -0.183698817970024 -0.0752200121226793
0.03767569362528 -0.0734317397482227 -0.171000049290418 0.0951954316038913
-0.0100067112275769 -0.0826252697004418 -0.0580868929170881 0.149624214900311
-0.0505777614677426 -0.0587017135282962 0.0196677721830056 0.114328791646054
-0.0534880158678825 -0.0502423222213797 0.0587713095453985 0.07889655277584
-0.0601228946202851 -0.0591121468470515 0.081543494663649 0.0542369024628056
-0.0273522670385582 -0.105432417787182 0.0984990428135323 0.0603018117883638
0.0462770367676923 -0.104664425413061 0.0957186026746412 0.089674166965321
0.110516997155544 -0.0780149842820748 0.0596101338086867 0.141823267553859
0.150104952816107 0.046529228143896 -0.025171336175862 0.163542188503051
0.0907328635448827 0.17733500147316 -0.0961509089217357 0.141818054874224
0.003498291938214 0.224680824460081 -0.077932474139728 0.151830241997176
-0.035140402680404 0.208706776382407 -0.049777292354154 0.0513795334629157
0.0604109564481464 0.196315414889656 0.0950301306799247 -0.0514864665034806
0.140412439479772 0.0821322838625904 -0.0160938922418618 -0.171241916626323
0.141841076486353 -0.0566931644455411 -0.159917124624929 -0.113603061958948
0.072039496318955 -0.113596100514559 -0.170059181867998 0.0510730281141832
-0.00384222165520768 -0.128148775530339 -0.0752562092805422 0.107898804054194
-0.0676072914458008 -0.0951496052400255 -0.0067351835038978 0.0807164256912813
-0.073795489561675 -0.0741214104163758 0.0306155111045605 0.0520972658338821
-0.0793352864413664 -0.0772033374396131 0.0566604860059983 0.0206929290375946
-0.040398127101946 -0.131433003389767 0.0882300709823058 0.0165156211841482
0.0458628183446607 -0.137996461071947 0.112621437601175 0.0402480100639898
0.130280803763926 -0.115905858469773 0.101464303522787 0.112028514348358
0.189796639620716 0.0378624842477657 0.0242440499488207 0.15328925370859
0.114335750071943 0.201374889962931 -0.0685726326154957 0.12228133612434
0.00381948956617869 0.259976018786069 -0.0535053513924762 0.078571421371929
-0.0744366118269932 0.218292206242871 -0.0166915607989522 -0.0353231842735449
0.02472205313121 0.24398357336058 0.111942484802163 -0.0903585046951026
0.147469610306762 0.136828794512046 0.0277232557865684 -0.185521942374475
0.18301652236438 -0.0375558012975295 -0.112866906351651 -0.146172478088577
0.100785356141693 -0.128430288029621 -0.146356507131214 -0.00665074521131523
0.00680462475550455 -0.151361364103957 -0.0849194166073454 0.048643077007516
-0.0722687221852834 -0.117961132289749 -0.0357218199307456 0.0340126262793156
-0.0836324310006149 -0.0870377395942508 -0.00154005772615382 0.0182494908057617
-0.0873942344060805 -0.0833606190115887 0.0266683686382003 -0.0155658408850807
-0.0483123760100702 -0.13651133221677 0.0676161039674946 -0.0277802067947414
0.0399512385101638 -0.149793034978268 0.114645846127584 -0.0109318239065719
0.130748144222745 -0.132547839326936 0.127515908317434 0.0735836074469656
0.197722493744865 0.0298058258850033 0.0590379071343631 0.131261808336116
0.114983210993822 0.197639369969077 -0.0514645898358147 0.0971011285522529
-0.00158298327418486 0.256350821037373 -0.034697977408327 0.00239965873627542
-0.0958241326667805 0.185804587781366 0.0297223521391671 -0.124096810757208
-0.0182684870160415 0.23547294829822 0.130188389620241 -0.128791394534676
0.113939536975389 0.158750054126165 0.0714116412888641 -0.183670867405045
0.178706184709878 -0.00767684781655311 -0.0528856066517211 -0.161642549016065
0.10854013872331 -0.113690305799739 -0.105229689131021 -0.0613935796376434
0.0156888326541765 -0.144568970533228 -0.0853927995882674 -0.0166044342554434
-0.0649881889713448 -0.117783546967138 -0.0612122730332912 -0.0155602172097532
-0.0795070766904619 -0.0868083179602786 -0.0337433007253918 -0.0174263471441904
-0.0833170079120201 -0.0799325848998906 -0.00415306676429201 -0.050159861355803
-0.0463321267643087 -0.125529503444251 0.0439746208136994 -0.067681028402455
0.0352793233213662 -0.139642830999239 0.107996442251971 -0.0537475850328252
0.122546129833909 -0.121357299855403 0.137338433100609 0.0406027568980946
0.175646492631814 0.0347917736669947 0.0770524516007609 0.107149185412669
0.0879810049405694 0.178081650906071 -0.0433594410681104 0.071522369653435
-0.0166517200670417 0.217150437870677 -0.0178948033602481 -0.0646038662393351
-0.0921121654144752 0.118282291008607 0.0762847859164512 -0.197084323108738
-0.0484011940036129 0.171204091177081 0.142448394063519 -0.156378680706122
0.0620208348802761 0.134349096145739 0.102745607927405 -0.170418373557735
0.132346077657949 0.0128423511275393 -0.00156834071809936 -0.160272430768807
0.0883259792224958 -0.0798447151738854 -0.0641548360929425 -0.102433798580141
0.0183159006728589 -0.109922741597481 -0.0819617821567312 -0.0714493848094206
-0.048049876644569 -0.095289828591032 -0.0816951823385467 -0.0575891264718407
-0.0628105927800475 -0.0720113979233075 -0.0609099556862779 -0.049541945782375
-0.0663641996767492 -0.0676814181566205 -0.0306492887807198 -0.0798342346100724
-0.0350993821951374 -0.10168959808219 0.0243577005235775 -0.101500643053324
0.0325162835714051 -0.113352956370063 0.102956546666083 -0.085399276996097
0.108298822380736 -0.0892237982779556 0.142110951866226 0.0179999720227351
0.135226239548251 0.0473067023633422 0.0834847694400728 0.0890706095963565
0.0447228247267057 0.145066477579701 -0.0371673899362636 0.050497502195894
-0.0383252630036934 0.151511399343044 0.00173499803463773 -0.11259303592616
-0.0691344232219873 0.0298705189049277 0.105228817338634 -0.24162673086914
-0.0576086244666949 0.0747164844274541 0.14045467074001 -0.170123040320037
0.0108483889412822 0.0760845974163978 0.115628731472954 -0.15865374809903
0.0638722043341081 0.0187914117837431 0.0234669549129855 -0.154207078773651
0.0488416787342048 -0.0367927449038468 -0.0405715079855762 -0.124262500246588
0.0142194929326979 -0.0572182230680796 -0.0808833100120753 -0.103984172248993
-0.0237939889007872 -0.0567389788242071 -0.094682435978185 -0.0833997744464005
-0.0356179826673228 -0.0462819914049086 -0.0782347725580827 -0.0721873302097015
-0.0393688859828732 -0.0464717754165116 -0.0479485339967388 -0.101673876086739
-0.0193546906667882 -0.0678079743119994 0.0142203349624726 -0.127226641546652
0.0274501654624787 -0.0761674385162478 0.10544819462661 -0.107371396156893
0.0856190523329533 -0.0471092523744249 0.146901557124464 0.00623543020022993
0.0815659311539049 0.0566860265350205 0.0847920395981636 0.0808578848487829
-0.00272888291508498 0.0992463090598721 -0.0306308152719234 0.0370818820413371
-0.0565355035951946 0.0680809806364463 0.0250398580025538 -0.137411665319576
0.0464707120311024 0.0117946590449344 -0.0280035569984675 0.163519485572697
0.0241070371106216 -0.0435893907280728 0.0712119343478952 -0.0118252519173421
-0.026663649470095 -0.0342248779914637 -0.073971207823198 -0.103679846795405
-0.0371021688302678 0.0128539938511831 -0.172718099008931 -0.0183684139110042
-0.00742395031459699 0.028574630799255 -0.131358833508259 0.125179710799554
0.00312671486237613 0.0219414952522349 -0.0183418218000845 0.166841838484929
0.00844827188393789 0.022400955049506 0.0535646132514143 0.128699502965526
0.00604624744532143 0.0135545196528709 0.0873946627734568 0.0916871892485374
-0.00804738413578246 0.0125942051079814 0.101817803633788 0.0855821893434273
-0.0170368345707608 -0.000403784338015528 0.0926809604199525 0.104819444048143
-0.00861390002328292 -0.00939430597652358 0.0485249269324028 0.131445035544601
-0.00206429234721771 -0.0217352212289099 -0.0144921064694927 0.146167865423525
0.0324234581620034 -0.0166182816228409 -0.100585463898333 0.148040132061736
0.0566477918582968 0.0200182994774388 -0.153593868860848 0.156868000282255
0.0336616228636989 0.0549873694062528 -0.115940269085562 0.238564579988645
0.0360929597691744 0.0895145880438731 -0.0482479622680422 0.154060944080089
0.0578643141770291 0.0260459780950173 0.0732491471665889 -0.0109924480772671
0.0336295282234464 -0.0174250457562153 -0.0678496427299774 -0.118203466699354
0.0106180589252537 -0.024954242540689 -0.18102158211286 -0.0378679695306711
0.00858394686924477 -0.0214330345775027 -0.148554251409729 0.119367509229776
-0.00798338193871809 -0.0272565532076328 -0.0333472480423899 0.165705573063864
-0.0233772263802605 -0.0149816814528457 0.0426180542102381 0.127948415107243
-0.0248477624362246 -0.0177756069197502 0.0791382827853411 0.0891947734614088
-0.0352189363571307 -0.0258666514525688 0.0969357832305321 0.0741900066064411
-0.0194325677286482 -0.057841539024438 0.0990190524101189 0.0894284563051977
0.0269058472589891 -0.0577352869464554 0.0699026240495886 0.119563521778211
0.0618696282183763 -0.0409982476821312 0.015827038857255 0.147979461009279
0.090382321752136 0.0281822233766938 -0.0696323256560019 0.155625096103007
0.0663385135193789 0.110995642805616 -0.123463536666923 0.151062703603552
0.0131981192488714 0.148284352660914 -0.096783686699907 0.205941108074606
0.00818095837358407 0.157728777916103 -0.0562404378251154 0.116103601978087
0.0731743298035337 0.109560843752621 0.0808027391417185 -0.023859369661831
0.0935536706592708 0.0212717971645303 -0.0490466990011313 -0.141830692219971
0.0717968258206059 -0.0520077609298405 -0.179971194019953 -0.0688649994804738
0.0343747327778602 -0.072275867588862 -0.16214089826137 0.0965614996305623
-0.0122782456895079 -0.079307426658487 -0.0519566972791477 0.145901324527572
-0.0505919316927763 -0.054869978049223 0.0218720837973635 0.11072907029891
-0.0523932014580695 -0.0471641916842119 0.0592738939567359 0.0746808905565563
-0.0596397928817125 -0.0549682434118734 0.0807849734071862 0.0502297836001561
-0.0300838880144771 -0.101564345294013 0.0987859974549145 0.0561705798855554
0.0422567625435659 -0.103461921988093 0.0957952184230645 0.0855061012137013
0.104810828435931 -0.0782344675885162 0.0609544227821818 0.136732844855132
0.147512380725483 0.0410723493274179 -0.0230931646034022 0.158918118613891
0.0925435886827649 0.170380674910229 -0.090849090779037 0.139113736668858
0.00784325214309892 0.217589366368726 -0.0724324898210732 0.149600410813439
-0.0311564352949178 0.203283748987054 -0.0460078812608403 0.0509923388653719
0.0636557256128776 0.189063576763825 0.0930764460508397 -0.0512901042205502
0.137029690704838 0.077017870574453 -0.0170713630820758 -0.165886909782307
0.134646140767803 -0.0583866461623266 -0.157606695633525 -0.107479352684693
0.0664291016324749 -0.11193347576432 -0.161904923293997 0.0527006228897728
-0.00777491416866012 -0.123452303822004 -0.0695760780839584 0.105851809603958
-0.0684554539100117 -0.089614224253047 -0.00537216950421166 0.0785676785143181
-0.0734800864119877 -0.0692961315927688 0.0314412641414162 0.0497893766947683
-0.0787630390631113 -0.0713938383684194 0.0556468626737886 0.0182502648123387
-0.0434225812082628 -0.12596426658784 0.0874404938875014 0.0141010420162325
0.0406521602363321 -0.135443072159605 0.111436275796414 0.0369222743017769
0.122003614781893 -0.115683149446794 0.101968772014454 0.106856698896308
0.184905757881796 0.031582141715793 0.0245809637911903 0.148590663052985
0.116004320802844 0.192880289228892 -0.0641777199651506 0.119885190431032
0.00860529661633155 0.25156419141671 -0.0515293000026996 0.078268261538696
-0.069294041301661 0.213288010882435 -0.0161095382031983 -0.0337308899798483
0.0301290917687051 0.236172613858237 0.109402034788258 -0.0883548773361701
0.145004908930392 0.129722000939728 0.0247252655260006 -0.180051764424929
0.174884361340126 -0.0406911105926163 -0.11198030299505 -0.140303267439147
0.0938692191231376 -0.12700244099289 -0.139854718847156 -0.00365303278831673
0.00168774608008799 -0.146405845831894 -0.0807660959443221 0.0480369951816691
-0.0738701874361888 -0.110496204244953 -0.0346827094784366 0.0344468523789429
-0.0828110719466974 -0.0810848157961169 -0.000262742459331074 0.0175803861060994
-0.0867680729042681 -0.0779260863488572 0.0258151463827538 -0.0162362860871249
-0.0511030201433361 -0.130662561827637 0.0664314762439944 -0.0286792463334349
0.0343407001720853 -0.146946945667673 0.111889104708812 -0.0133922707225473
0.122369793697993 -0.131760078454494 0.126309016968914 0.0691448927852436
0.19245280988179 0.0239760574472988 0.0589520771357969 0.1259534303921
0.116877393479632 0.18968606076928 -0.0485558736059958 0.0952718633764998
0.00385223088613809 0.248788786397545 -0.0349612775378185 0.00450993466608051
-0.089715078391398 0.182034392513036 0.0275035428612847 -0.120712302819891
-0.0117699958466017 0.229186639591422 0.125532794760742 -0.125671662498749
0.113567563801164 0.152180852475913 0.0671281864706463 -0.179161415330378
0.172051107037981 -0.0118281030675489 -0.053692078072792 -0.156058084246813
0.101500517049229 -0.112834754761697 -0.101151175709293 -0.0584043146871336
0.0109695248283914 -0.139608333080921 -0.0835659433678066 -0.0151494022881865
-0.0665203634841266 -0.110788609778795 -0.0614897907549818 -0.0126407049958285
-0.0794361887566181 -0.0809223964884344 -0.0322431955992098 -0.0154857341481758
-0.0825186396577282 -0.0749322770272821 -0.00565524223036892 -0.0480711540465434
-0.0486409219333439 -0.120104599922922 0.0420498496640736 -0.0662552688857327
0.0308056135992469 -0.136602714394964 0.104713781419718 -0.0548901378795508
0.114370869730141 -0.120527294897517 0.136019876283146 0.0366410114885704
0.171562778305632 0.0290222122048402 0.0760418170699466 0.101830531556774
0.0900844281814768 0.171111299182735 -0.0410910365721626 0.0706447109883784
-0.0119878551676213 0.210535173033098 -0.0198037905637628 -0.0603099451659408
-0.0877423395495005 0.116319831419485 0.070693437665686 -0.192582135604267
-0.0424885644721632 0.167400256563182 0.137243555526379 -0.152588216970647
0.0622746121971083 0.129015667381939 0.0982540223092221 -0.167680235793759
0.128187856285797 0.00970884890436978 -0.00441982119267096 -0.155421599850987
0.0826162840161049 -0.0793059110667684 -0.0621923806783098 -0.0985275831293041
0.0141781032275833 -0.106047276793987 -0.0818852359248097 -0.0684133235898163
-0.0493344176449592 -0.0901387646836102 -0.0820063516814558 -0.0527108939955471
-0.0627484194274791 -0.0677285646020411 -0.05969826167371 -0.0455845883463621
-0.0661965305135203 -0.0630487764620779 -0.0317597265916708 -0.0762117403006288
-0.0370591616704764 -0.0968660778111291 0.0222289511702108 -0.0980295457428134
0.0282569700487438 -0.110965341353766 0.0983328433421466 -0.0857115007707966
0.10124400827876 -0.0891017031075164 0.139502574058203 0.0139257074118417
0.131711532988405 0.0422858214558709 0.0821413376216724 0.0840439162278899
0.0467774570207523 0.140008297046925 -0.0353980672484426 0.05015232959397
-0.0339180807995934 0.147392722934107 -0.00274721607819884 -0.107204690224109
-0.0663675963200472 0.0302781129518493 0.0974698548698644 -0.236023133527217
-0.0541193714493821 0.0733517198319959 0.134195506003621 -0.165949921623736
0.0112586705371435 0.0738006780848657 0.109977098775407 -0.156487782190058
0.0623278981757769 0.0171039572664706 0.0210207542441527 -0.149951940693032
0.0461216529315718 -0.0369306135462282 -0.0405800951280988 -0.120076502032938
0.012096585952061 -0.0553065754992239 -0.0818265366714241 -0.0994475210652531
-0.0242879011520562 -0.0535287477230108 -0.0951845370388072 -0.077738567332697
-0.0355779629892967 -0.0437059658823613 -0.0773394876638077 -0.066732492948903
-0.039549394854701 -0.0436470235147827 -0.048137679869307 -0.0966140706517663
-0.0200982686878262 -0.0651841192749791 0.0118153322940288 -0.123276235292047
0.024146372374351 -0.0746382259825484 0.100644159702691 -0.107262179421937
0.0812212486929857 -0.0481617747158142 0.144210897074863 0.00288871899331933
0.0801179068957165 0.0530379859154385 0.0838064552563726 0.0763174634886157
-0.000924300344487371 0.0961536002654421 -0.0297940757388984 0.0377981687278765
-0.0539645475093322 0.0669624355450976 0.0192906768104723 -0.13210748558409
0.0458890292423446 0.0115912026743619 -0.0239793884287722 0.160101719716529
0.0232782670955774 -0.0437262619567952 0.0707660601139204 -0.0130190325256724
-0.0262702553427459 -0.033203997444485 -0.0733697192475617 -0.0996103017879961
-0.036735216172021 0.0135622625740911 -0.169500995507531 -0.0143276473443275
-0.00678473587126559 0.0277132881452443 -0.126959077609285 0.123890686598611
0.00438647678390171 0.0211754723489193 -0.0136112891084115 0.162644854967796
0.00911077436085232 0.021455044740107 0.0554183129729956 0.124538559906401
0.0065156555505984 0.0127304608613266 0.0870476069248697 0.0865151387398706
-0.00705560202761045 0.0127504220828879 0.10270325649458 0.0804190447176744
-0.016961425927501 4.69307974297921E-05 0.094528797910505 0.100528747251244
-0.00827467564698999 -0.00913042446505682 0.0499901739959701 0.128870185113409
-0.00247996218187581 -0.0216267376927656 -0.0127351240443926 0.143255184324095
0.032237387761828 -0.0171894024528109 -0.0970424752798629 0.145798998553661
0.0558659939906409 0.0180240343480204 -0.147126096617309 0.155299848350759
0.0334785735491352 0.0531660637404764 -0.108541734328779 0.234473012507311
0.0368784283730344 0.0875399235321292 -0.044049871523456 0.151639972574587
0.0578951138726471 0.0243982616026911 0.0730674506136166 -0.0118902525405037
0.0326353932355296 -0.0178588412974322 -0.0666681832141972 -0.114484563310423
0.00892574207723624 -0.0245959256602213 -0.178264804166713 -0.0330643489232315
0.00797316507478176 -0.0211257048709047 -0.143407991210084 0.119081697770501
-0.00829352847994791 -0.0267372847299828 -0.0278488236890782 0.161785202353323
-0.0226312251769324 -0.0140338917053869 0.0448901555550826 0.123955179794005
-0.0241852212391592 -0.0174280068616314 0.0791379141092494 0.084872664038421
-0.0347028962379249 -0.0238417612343149 0.0975552851762546 0.0703190330353787
-0.021221908492677 -0.0556017174322767 0.100185930863381 0.0850374567153718
0.0249372914707034 -0.0577569881012292 0.0717207319359749 0.116165055926668
0.0597098083664101 -0.0414283217750022 0.0176054921461087 0.144892441868518
0.0895969458661513 0.0254894832617936 -0.0670405909329899 0.153368656948094
0.0673394454090205 0.107401487987452 -0.11853260718905 0.149116037470866
0.0153129678562427 0.144116872120795 -0.091070607107441 0.202829124914014
0.00960856243520721 0.154219995638413 -0.0524465076029039 0.113703525994152
0.0740990836494905 0.105242824421736 0.0809133757628321 -0.0247003708201404
0.0912598113142355 0.0190361418416088 -0.049425924108055 -0.137499632607705
0.0675663007019214 -0.0522723498271097 -0.176928333129726 -0.0648081151799534
0.0315899306520023 -0.0710404078128418 -0.155751697074824 0.0967188807251358
-0.0137534699575821 -0.0769042591368519 -0.0471646017956862 0.143222354397371
-0.0506267467924444 -0.0518930904382192 0.0231699719481695 0.107722754507146
-0.0516187388048634 -0.0447222464513678 0.0595802487413235 0.0714186738629575
-0.0592618043490096 -0.0511446986410995 0.0807441564258776 0.0474173033573302
-0.032491790076416 -0.0977090078137929 0.0996636777988297 0.0526102298713549
0.0387058108860563 -0.103173714529283 0.0961245147018368 0.0824394101582015
0.100453127061173 -0.0785280925151274 0.0623501236916476 0.132770845104823
0.145531330252254 0.0372460683019131 -0.0218651900398562 0.155613545968639
0.0939408195838895 0.164759881006579 -0.0866866134143851 0.137437069697718
0.0112419326228628 0.212203249248442 -0.0685977278567557 0.147928638666962
-0.0281033625192373 0.199055818461207 -0.0433848247482159 0.0496735774203033
0.0671373546477216 0.183395471124381 0.0932696688832562 -0.0513312337992241
0.134589407521454 0.0725538635545601 -0.018435422472838 -0.161079898428185
0.129411831731809 -0.0596182745296446 -0.155800150069746 -0.102904163502082
0.0618450208426332 -0.110999093332541 -0.155538218046027 0.0542679417896148
-0.0110547433217176 -0.120383926601884 -0.0649947171954138 0.104399583943923
-0.0686410307232541 -0.0847408592051292 -0.00437268289637874 0.0772432494156659
-0.0725703365511115 -0.0652731849725224 0.0323600756093181 0.0473803654947738
-0.0778577865331615 -0.0674145555429106 0.0554585736123176 0.0165684415541384
-0.0461600023257402 -0.121235832488919 0.0884141530925553 0.0111582540011071
0.0365760301079738 -0.134750199839388 0.110383812096255 0.0342876270727299
0.11609341473184 -0.115799707497999 0.102493489065903 0.103016675084907
0.182573413182426 0.0277387815473824 0.0250755796735401 0.144694313572229
0.117664999530184 0.18759016174657 -0.0610354033416604 0.118114848612135
0.0123544713042621 0.246077653702355 -0.0495945792097178 0.0786221912201306
-0.0647784606943695 0.209227033695543 -0.0150620747880224 -0.0332560439483936
0.0349497029461743 0.230575375641887 0.107859819360631 -0.0868291267718241
0.142862869659995 0.124864966519381 0.0236650319867199 -0.175784235507403
0.169488691263635 -0.0427077663716918 -0.110826588338545 -0.135588976233036
0.0879699794469074 -0.125521297244613 -0.134444085829987 -0.00150226458749794
-0.00265492315786716 -0.142749993372407 -0.0774271901677969 0.0476047305621502
-0.0746687512494447 -0.105368034817778 -0.0340669299553599 0.0351705836291659
-0.0826656237408163 -0.0770914957120164 0.000566099592158402 0.0171765817726329
-0.0859892878737325 -0.0730363373410902 0.0249292166656732 -0.0160907569345738
-0.0539254251148673 -0.125975266780067 0.0661159087653568 -0.0295465722249046
0.0297081307851979 -0.145080404460904 0.110730207323713 -0.0149340850719698
0.115047988990012 -0.132121724323478 0.125959222715162 0.0648831989783762
0.18891969497276 0.0195475975822742 0.0585938909389781 0.121368051898121
0.118167845756641 0.183286712911925 -0.0463358842362506 0.0938367076669254
0.00815026984155898 0.242095975779928 -0.0356452225189984 0.006573657028814
-0.0860697241949789 0.179339676974322 0.0252733436135185 -0.118639076194859
-0.00690318486673651 0.223815516131747 0.122777813744736 -0.123481081586354
0.112834109191839 0.147104119438414 0.0657360706372298 -0.176052607040223
0.166705659768356 -0.0141787030588198 -0.0544217760687049 -0.151995344307189
0.0961798411522914 -0.112639344148308 -0.0978027715297538 -0.0556082184310137
0.00701339795490992 -0.135921762119752 -0.0819329982364675 -0.0142356879278429
-0.0681608738737962 -0.105764707264258 -0.0610847009127555 -0.00976309975130337
-0.0788915234847988 -0.0763656409844726 -0.0310531410540342 -0.0139696754577191
-0.0819759820875617 -0.0701105541181811 -0.00614102955229196 -0.0465788524322346
-0.0506441177878739 -0.115592914732823 0.0410641387216565 -0.0660239454396232
0.0263043700774165 -0.134453923409246 0.102106985956385 -0.0560799894555076
0.107700697263031 -0.120519402839018 0.134824504175822 0.0330607679069912
0.167866126836093 0.0246525628984959 0.0747831813225164 0.0979954312240744
0.0913131609711771 0.165229724986137 -0.0393690526543936 0.0704224405160217
-0.00825643151318056 0.205084871946653 -0.022058873137433 -0.0566433737740567
-0.0840121309989531 0.114744244134893 0.0663724667009519 -0.188714824721607
-0.0385023516119172 0.163814001265044 0.133300573152327 -0.15016802193399
0.062311753874771 0.125236925649821 0.094805574941995 -0.165204267181811
0.124695442272288 0.0070437289876871 -0.00565812338504507 -0.15260009231675
0.0788156674466938 -0.0794428450219625 -0.060392137995875 -0.096073346339953
0.0110274851891434 -0.103369073819456 -0.082296694035211 -0.0661695502410361
-0.0500739105185727 -0.0852771939019936 -0.0824421509710885 -0.048515297190886
-0.0620611635541609 -0.0642428013464897 -0.0584137101512055 -0.0422672820819561
-0.0657154737001272 -0.0592189482418327 -0.0316454436461784 -0.0732452610577284
-0.0380510732982056 -0.0939273876615939 0.0206902988516815 -0.0965414972919469
0.0246452502004163 -0.108655759807347 0.0949986450808106 -0.0858924013718813
0.0959455460337209 -0.0887909579137822 0.13801842086246 0.011180720263718
0.12960553933326 0.0383151493841528 0.0807645093331334 0.0804598783652281
0.0476833613028989 0.135781870937248 -0.0348163880263157 0.0502865118643067
-0.0312941682450756 0.142869406781631 -0.00596863329452771 -0.103194325939277
-0.0644710759288546 0.0300817149016697 0.0910273842418076 -0.231564068466647
-0.0517393625878187 0.0728927933637086 0.130014307903252 -0.163536362038596
0.0117131039648251 0.072224942191218 0.106196927305792 -0.154743868392986
0.0608626881824096 0.0158034358073707 0.0193073312552996 -0.146487652629589
0.043954659562693 -0.0371382263963278 -0.0406414793525753 -0.118350949761417
0.0106596364797692 -0.0536602559619589 -0.0833195228897036 -0.0961537905419845
-0.0248951992740857 -0.0512064406524261 -0.095401987542492 -0.0721989944776099
-0.0354678874098419 -0.0414488375363753 -0.0759441939603253 -0.0623772188925901
-0.0394017004570406 -0.0412016133390931 -0.0483712576061076 -0.0930620217011937
-0.0211620878118196 -0.06310157721953 0.00964155272794563 -0.120320191870468
0.0221200003623319 -0.0732185600746167 0.0964198291684075 -0.106621897609469
0.0773386291987125 -0.0487128165217148 0.142258004959536 0.000218260516521892
0.0792787567579391 0.0500461988593612 0.0833056082134882 0.0733422994105188
0.000418531513304757 0.0939342957952012 -0.0291368801599635 0.0382782432805297
-0.0522682450365904 0.065353767964298 0.0154505449583246 -0.127746258402343
0.0403389219235647 0.0193102962176277 -0.0519269601860328 0.150827292622682
0.0294257736353737 -0.0365834757914824 0.0744332292384325 0.00168667765979593
-0.0165864046910323 -0.0366382197870516 -0.0488207582275293 -0.10959305843632
-0.0344553905758272 0.00495625252453179 -0.16034069931634 -0.0465805112262915
-0.0102572166673014 0.0225746383103836 -0.145210359314778 0.095247145276481
0.000650059351670326 0.0192994045403496 -0.0435548320358989 0.153430055779986
0.00602868040495566 0.0207435308758523 0.0291332735000925 0.131753821676932
0.00428938662253806 0.0126855166823133 0.0658763964633371 0.0985707961735836
-0.00907531250065223 0.0107993103107324 0.0837165842610993 0.0958418515016339
-0.0161928938260515 -0.0034840751526869 0.0700481704186351 0.114211655700485
-0.00626162787980829 -0.0112784626969892 0.0229080867561691 0.133590651072796
0.00325186526189077 -0.0207255169628599 -0.0432873749717745 0.134068596555877
0.0353601996918125 -0.00847499333178345 -0.124940750768554 0.121339082405666
0.05056634724155 0.0302524250523745 -0.175338727834704 0.122593669587649
0.0206807294711334 0.0575014812388774 -0.157094363692975 0.207539245071661
0.0163721910386841 0.0880877543314781 -0.0699157657328938 0.139325471506367
0.0501240921097471 0.0332000685151919 0.0739111654548148 0.00355172805948612
0.035645882899863 -0.0107358784085 -0.040610662683246 -0.120596109216008
0.0143180330816796 -0.0221820797830638 -0.164431314754012 -0.0653937992746498
0.0127630880118783 -0.021408818776989 -0.159529171600257 0.087742884223947
-0.00205312771668598 -0.0276649524825858 -0.056274327379087 0.150223903907166
-0.0183929809204478 -0.0179811411347966 0.0187626347961873 0.128109823013053
-0.0198568192669571 -0.0222995416761592 0.0588730351275365 0.0958042492467684
-0.0279467377506295 -0.0296377940962948 0.0811619625852315 0.0851316896402605
-0.00977268372570465 -0.0571385642964204 0.0801291021999778 0.0996649898142604
0.035371099270388 -0.0513213444493404 0.0470064160578553 0.124254289287563
0.0657494774683323 -0.0267710673703034 -0.0119547748282876 0.141417831276962
0.0808966273486691 0.0456107158272994 -0.0947945323971522 0.135912535770273
0.0427708577019613 0.117834577514695 -0.147202953203278 0.124131815932247
-0.016329449158805 0.141445421217507 -0.133449435623118 0.181237270256134
-0.0221872284574414 0.14593260215061 -0.0717240556227404 0.101503472583653
0.0513047571126763 0.112740623798462 0.0803470529491375 -0.00702399583348136
0.0840417878176981 0.0351056978965469 -0.02076875953211 -0.137375202219518
0.0740279038118799 -0.0367486098904288 -0.156697187266194 -0.0937232783889787
0.0445737736047079 -0.0634970841511699 -0.166679557811792 0.0648220698984844
0.00153624941890968 -0.0766134142748825 -0.0707532440176184 0.12876623623921
-0.0381677894769885 -0.0579986838643145 0.00149982152094111 0.108828325871094
-0.0412026214138904 -0.0535294316599831 0.0433800174437387 0.0791506309277067
-0.046118769441038 -0.0609148416565634 0.0686723363437398 0.0599454832797486
-0.0125743642905498 -0.10005402082111 0.0861500023308461 0.0680968230206348
0.0574637864505872 -0.0917435463644412 0.0780768593452245 0.095133619556424
0.111810370135296 -0.0535718037189012 0.0354469802159167 0.138028667937676
0.132674066742122 0.0683219986983538 -0.049580282209603 0.148105624356483
0.0572952244409154 0.178542722228871 -0.114502161165831 0.119506629890043
-0.0340991694620712 0.205147214230765 -0.099749900958753 0.132101552987005
-0.0659108182943451 0.181156752025057 -0.0517878949953964 0.0422126331130981
0.0312623151298382 0.185339600745935 0.0943379915519542 -0.0306805437095674
0.114813529898641 0.0948255427604822 0.0125146765212375 -0.153223867408644
0.132239992407313 -0.0316504424344188 -0.128926032153815 -0.125200974091614
0.0801932088347538 -0.0946601291381316 -0.158678890017791 0.0247908207977769
0.0121792210136916 -0.116338356172254 -0.0801952356481847 0.0887427306317377
-0.0499405718701286 -0.0923179625525992 -0.0190297132056963 0.0729720070699168
-0.0570676866770351 -0.0773208058380818 0.0222226935787179 0.0516901683126364
-0.0604310285490307 -0.0788409261047917 0.0503100030647602 0.0259734926862817
-0.0214920314075198 -0.12434927390772 0.0830300719678479 0.0258975745281719
0.0619879085005833 -0.122227541645921 0.100925131067731 0.0498343810012306
0.134282641743685 -0.085523734548097 0.0813748381791648 0.116036868644258
0.170226795245807 0.0664073862629908 -0.000251907635169097 0.145629653425837
0.0752084687270122 0.20469017362143 -0.0859489411433623 0.10629312194379
-0.039010891383715 0.237849877876413 -0.0659715154216467 0.0687391542405392
-0.102056339439486 0.184430266240654 -0.00954465419707282 -0.0324447550337566
-0.00685283236474768 0.225067778936733 0.113491532182336 -0.0641825629050301
0.113127877963762 0.146871889866557 0.0534026455058579 -0.159683225567085
0.166249295769122 -0.00843483997407283 -0.0796635421577517 -0.14793077068834
0.107801599825533 -0.10347677691018 -0.128559767030592 -0.0247486761338387
0.0243832376221234 -0.135705573219026 -0.0814721649296513 0.0323078528239676
-0.0523844973941875 -0.112740579302362 -0.0398944966868963 0.0264010456043295
-0.0645541354243146 -0.089741744818055 -0.00239755645227024 0.0172380832325893
-0.0670674182496514 -0.0857976886479375 0.0269077319791348 -0.0110282763733806
-0.0276148958661671 -0.130294035158043 0.070278441929317 -0.017717551419873
0.0571986736856882 -0.133043486048255 0.110485214085317 0.00216977467193101
0.135913348736069 -0.100921304528523 0.112051672870965 0.0838591955312702
0.177761056620546 0.0601610862167893 0.0371523970921743 0.129297756454653
0.0765990589658801 0.201199407996023 -0.0664570742578184 0.0860699429111845
-0.0428693666799937 0.23273444298662 -0.0368074820812927 0.00104213790584471
-0.115489231342952 0.153121314291379 0.0445598808390749 -0.107782324487614
-0.0454581917877986 0.212144228921638 0.135503666845937 -0.0971353071485684
0.0800480964495493 0.162766033355988 0.0921722386170529 -0.152613559084768
0.158736486399915 0.0187139951297158 -0.0224981420606169 -0.153122391041769
0.112259734102806 -0.0880816375270211 -0.0831854925588353 -0.0710522693698444
0.0316532284247846 -0.127797244230972 -0.0746983649823292 -0.028464244298515
-0.0459954410685712 -0.111402911964985 -0.0575731915803405 -0.0220761149637095
-0.0615315899872659 -0.0887836926872749 -0.0264172934549088 -0.0185031868735534
-0.0635622826894481 -0.0817832465237873 0.0034974517210377 -0.0465768358811783
-0.026257643630369 -0.119340349838205 0.0534043715203605 -0.0565956740065859
0.0522653432388345 -0.124169533919766 0.110378711801208 -0.0381977988352483
0.125968791254316 -0.0918246297260794 0.12660461354212 0.055034334215805
0.156862470989112 0.0602697966583244 0.0576761319541099 0.109493015550938
0.053951175134891 0.1774371902353 -0.0546228002426057 0.0640010267137958
-0.0513796074277677 0.193738060610847 -0.0106986594564449 -0.0585777928812375
-0.101051403534869 0.0939426675095089 0.0976009655280889 -0.16844888882676
-0.0641892775954089 0.150116779469492 0.151743012886584 -0.120385391294017
0.0366042662316009 0.133599045356773 0.119759465092612 -0.137655977029445
0.115573814748215 0.0308723777900172 0.0243787207665249 -0.144103668121392
0.090057314922851 -0.059274984121052 -0.0401143871071155 -0.102857723253586
0.0299711308536552 -0.0952202618523824 -0.0660818706146515 -0.0786310445172746
-0.0329107098827206 -0.0896651666951783 -0.0710340546805495 -0.0636231490900264
-0.0481598714194663 -0.0737681377999927 -0.0470140639957224 -0.0505073722346993
-0.0499871784789489 -0.0684074090954497 -0.0159106312068973 -0.0761122688230494
-0.0186710351544394 -0.0963620997333236 0.0398419793387265 -0.0887846126423484
0.044608892543758 -0.0990963509378286 0.109643243505498 -0.0674609035771615
0.108149680038241 -0.0649422307634788 0.134094448648946 0.0359118546966703
0.116396067366483 0.0650835055895806 0.0663322676747228 0.0941883713599737
0.0178135611737649 0.140547529639209 -0.0464186669695787 0.0451896643920671
-0.0604371953903589 0.130387915219116 0.0151220189642917 -0.100742586228317
-0.0655120869629202 0.0187457723933124 0.131179958726407 -0.20582065963166
-0.0609785830770562 0.0620656785429071 0.153536082801743 -0.133669661855107
-0.00157239783536771 0.0732727995152605 0.129963888145559 -0.126994409178564
0.0546939333960766 0.0274847076340241 0.0472890021210009 -0.13523988462254
0.0491833045037806 -0.0254407790583456 -0.0165598798669004 -0.120819650119315
0.02041611034758 -0.0481350954245707 -0.0626967524816374 -0.108527944513966
-0.0143627281624548 -0.0529261886450491 -0.0789175115462169 -0.088615127635078
-0.0264145595644662 -0.0468298404357919 -0.059502603668795 -0.0726342427471132
-0.0290363204839487 -0.0468316501262551 -0.0278304944766731 -0.098350712482498
-0.00798212492555469 -0.0643453397416382 0.033341676350416 -0.112849694368278
0.0351778383324638 -0.065460356749059 0.114058421240827 -0.0858210314958402
0.0823604603210741 -0.030851409608978 0.139846728569437 0.0267708725648958
0.0661743144902883 0.0658125236457855 0.0680999137219322 0.088117836101905
-0.0196096335053705 0.090336347705444 -0.0386156826417854 0.0334165178865202
-0.0643411348896996 0.0518532513188052 0.0413390131653066 -0.121046513063619
0.0403270660416524 0.0187784718057593 -0.0479962144636981 0.147906487517813
0.028215822750595 -0.0369824056491831 0.07421279278857 0.000233832934356603
-0.0166638735429448 -0.0353535209341279 -0.0479441948540325 -0.106138253038285
-0.0335113332004427 0.00505709536811853 -0.157291405773173 -0.0429300745571679
-0.00909903456685521 0.0220276161875149 -0.140410739107805 0.0939480299797091
0.00172229791732599 0.0181055367652739 -0.0395527319711297 0.149318547101303
0.00644404218289711 0.0195276316694895 0.0319150920563642 0.126917585118548
0.00438661645231967 0.0115429584175313 0.0661594289307321 0.0939200030562442
-0.00768388094772073 0.0104457010986427 0.084389645214728 0.0911559875455317
-0.0159364302655773 -0.00275015606118098 0.0716202048064142 0.109469725053191
-0.00591926952502936 -0.0109212842787608 0.0240524988371582 0.130039722088077
0.0030328898554097 -0.0202249197137439 -0.0414934626230437 0.130560735222659
0.0349211250492566 -0.00841966366240654 -0.120997509664988 0.11932704071654
0.0494317684109179 0.0279291330192494 -0.168826451417991 0.120553566937261
0.0206382986204237 0.0555416425915227 -0.149111292058532 0.202456604735019
0.0169383181317418 0.0861351181662351 -0.0660681991866214 0.13574583702002
0.0492557223574782 0.0305538081204392 0.0738055041847371 0.00276209406952588
0.0343283165984677 -0.0116823248923158 -0.039813983596072 -0.116882136194668
0.0129780517706551 -0.0216279183518957 -0.160875213076876 -0.0614800661896344
0.0117722454036209 -0.0209236088641817 -0.153523674472349 0.0870855658206838
-0.00272994711139082 -0.0273197058449969 -0.0517206347270953 0.14637126319205
-0.0179378663581672 -0.0174013335245276 0.0211167653910577 0.124346971200617
-0.01937746753753 -0.0214898027908321 0.0592508690568778 0.091269124588749
-0.0272734557714951 -0.0280263692095607 0.0808912687998186 0.0805882816798878
-0.0109094358499633 -0.0554470760215674 0.0810157656134911 0.0955725637491453
0.0337379206231205 -0.0509541453166439 0.0474218089563171 0.121085547404082
0.0632411824694574 -0.0275241241824558 -0.0102052838518808 0.137616759776719
0.0798692381391055 0.0430182191480471 -0.0924784496233102 0.133312149262511
0.0443522250339709 0.113494629033626 -0.141066777489579 0.12101075634904
-0.0143457256449539 0.136495707131794 -0.127307933906809 0.177076083598166
-0.0201940023969479 0.14266734283025 -0.0679011754356917 0.0994727867807712
0.0519590979976214 0.108062800044151 0.0805340636340019 -0.00762488717472536
0.0820458682812465 0.0328830358456464 -0.0203437709863052 -0.133185827006815
0.0704714335245744 -0.0365030703152598 -0.153466827802404 -0.0894267316818403
0.0418370277739243 -0.0629422184671319 -0.160485620629763 0.0643849090898282
-0.000464318418462211 -0.0745509449675378 -0.0658352604184003 0.1259020015583
-0.0378410845328283 -0.0553100526002323 0.00395693250570498 0.105231050238433
-0.0406047285209743 -0.0514125701472233 0.0431340140521643 0.0761271431315377
-0.045512898927721 -0.057430314643496 0.0685830555404401 0.0569552120151112
-0.0149966345244739 -0.0962766872360071 0.0863713721496367 0.0635519561923845
0.0538613412484053 -0.0912031725901259 0.0779056976715077 0.0917649984524931
0.107079210705765 -0.0544022667967236 0.0365020633065062 0.133322704010224
0.130289251792482 0.0645417926800813 -0.0476396608200864 0.144273076873838
0.0586263633808763 0.173546176921692 -0.110214094877071 0.117148214243414
-0.0309699988222466 0.198769897569271 -0.0951561744569566 0.130640925666204
-0.0626987843142509 0.1771058464447 -0.0487088360413368 0.0410430320420912
0.0338242220093407 0.179762223088214 0.0935126379890875 -0.0308241011894963
0.112298856396001 0.0908242964280633 0.0116918237305231 -0.149318804886261
0.127368228610015 -0.03282840974018 -0.12648485315859 -0.120335633130199
0.0760930360541026 -0.0933874805193902 -0.152270787160411 0.0253918979332671
0.00909600433952259 -0.113114191826061 -0.0763820579032223 0.0860378186504842
-0.0500801057081579 -0.087729150674056 -0.0172695170347307 0.0717357987810211
-0.0564501345475514 -0.0737165961347559 0.0225384741090502 0.049448833886019
-0.0596279451827825 -0.0751752951674174 0.0499253102919233 0.0244774580852513
-0.0244990702776075 -0.119489493632439 0.0826284362362949 0.0227863679617986
0.0575656214577956 -0.12090697960688 0.0998672697991641 0.0478550658707046
0.127645768153328 -0.0860432903970578 0.0816406621775998 0.111521369657333
0.16676696287438 0.0620269877077478 0.000742153472773014 0.14116672037872
0.076192694902196 0.197950086426446 -0.0824823886381848 0.103762151356873
-0.035075991217476 0.229174001199564 -0.0639558002970947 0.0691100336977194
-0.0977806117674271 0.180793796621794 -0.00881632053934494 -0.0321015357093084
-0.00321538696114416 0.218501386316385 0.111765352782707 -0.0626596041565991
0.11133824078242 0.141342731363935 0.0514510822667079 -0.155376314529578
0.160559447076872 -0.010557388378204 -0.0787562748407764 -0.143143255467205
0.102467644110823 -0.10195848547674 -0.123535081269635 -0.0235285625102086
0.0201439877580413 -0.131880449950747 -0.0788719375728762 0.0308799871716679
-0.0532429027653086 -0.107434033816225 -0.0387052896491238 0.0268210640373864
-0.0642804672873541 -0.0857615979534683 -0.0015552152899533 0.0162600239396889
-0.066355228842417 -0.081047943513037 0.0264845994545423 -0.0108745206491753
-0.0296836315089474 -0.125080373218684 0.0696185140098409 -0.0191220767858878
0.0528674565291323 -0.131377861110465 0.10838660195066 0.000398589190874998
0.128986623024274 -0.101007147788747 0.111438334635239 0.0801216099492547
0.174357065035286 0.0550031743487285 0.0363154450565597 0.124364167321543
0.0778970287391304 0.194306418537429 -0.064081502515625 0.0839211006804443
-0.0392890642209247 0.225594783241999 -0.036513595614278 0.00303901187553338
-0.110926462905373 0.150005251004082 0.0432660008907357 -0.105042402136521
-0.0404135759806817 0.206613831347712 0.131374965248093 -0.095198627610737
0.0796695549801475 0.157784453968392 0.0887965085087153 -0.148459548549387
0.15404835387638 0.0156817626933996 -0.022948142988651 -0.14780970250702
0.107094663191507 -0.0874890104457594 -0.079525607066829 -0.0688493094487297
0.0280523312026213 -0.124103301283014 -0.0739138147382688 -0.0275085968428623
-0.0465426729494948 -0.106493331228242 -0.057173380641698 -0.0198801743006222
-0.0612665524161271 -0.0848332057671646 -0.0256091864671524 -0.0175808523127058
-0.0629493723817566 -0.0776356261625581 0.00274810928372763 -0.044533690513672
-0.0288668416603219 -0.11472618882048 0.0523372800973433 -0.0563119659367783
0.0471587544742473 -0.122050244425948 0.107389852822981 -0.0389547374609486
0.118444133302255 -0.0915324015458591 0.125269501446136 0.0511501184120608
0.152902950844261 0.0557754727614784 0.0562956773911982 0.104978576391441
0.0554870761114868 0.171757254933983 -0.0530499808119416 0.0628524846578143
-0.0481135046625333 0.187930275767342 -0.0119880392676321 -0.0551185058920079
-0.0978501167822171 0.0915039840369461 0.0937996975776058 -0.164377050093942
-0.0598944516891931 0.147098160242755 0.147268695671716 -0.117902722367045
0.0374521001403082 0.129872305814769 0.115305895210751 -0.134846868128052
0.112475851212143 0.0286117552274457 0.0229682283509936 -0.13944326129305
0.0859791194322503 -0.059188241180382 -0.0383926978437888 -0.100271257800629
0.0267002161922971 -0.0931193584935104 -0.0664063500161421 -0.0764091796662957
-0.0333314916816314 -0.0849312421439566 -0.0709365322621274 -0.0593596319254582
-0.04814030624354 -0.0705414426926068 -0.0455986152675915 -0.0476578117551614
-0.0493836091647236 -0.0650342341287885 -0.01645458638732 -0.0734317187819236
-0.0200006527136655 -0.0931642999648754 0.0379771812343657 -0.0871779211918715
0.0414343106886599 -0.0976106961485912 0.105261724726545 -0.0675819576596302
0.102720873968833 -0.0647059669913657 0.132113522850843 0.0327094943048015
0.113838781313121 0.0608244131000274 0.0651111908855109 0.0901340032096225
0.019156757407955 0.136117603398626 -0.044413828520524 0.0449626106378932
-0.057133591512452 0.126001705449681 0.0119368601871812 -0.0962856975083214
-0.0635072514140754 0.0183659799604168 0.124821099652535 -0.201029886301519
-0.058356098866541 0.061251273679043 0.148391588665778 -0.131102004176442
-0.000902949375745091 0.0720687361816612 0.125414217458006 -0.124073794922678
0.0537791864178389 0.0256181043657849 0.0454867468563467 -0.131491480027627
0.0469191787097689 -0.025426367347222 -0.0163917650855306 -0.118021017314715
0.0193708074077549 -0.0471914221747495 -0.0645906837161232 -0.105160563916746
-0.0147839534290574 -0.0500859210213053 -0.0795934415462733 -0.0835481247698818
-0.0268079494539124 -0.0454312527028316 -0.0583096544279095 -0.0690078485624672
-0.028423014563161 -0.0446770775157093 -0.0287306388632947 -0.0946376548780063
-0.00877185612029532 -0.0619924603417651 0.0306916433516449 -0.110315729151287
0.0327150056302268 -0.0643399040462215 0.109257691462866 -0.085689738975653
0.0782637333359581 -0.0311010785068823 0.137182304528963 0.0239511059806516
0.0650136007013373 0.0622719718205486 0.0663828178753934 0.0842738667079076
-0.0180312583451927 0.0877250481946439 -0.0369637638694382 0.0340999228788019
-0.0626021700758277 0.0510668922267916 0.0368491909327531 -0.116783039552607
0.0396507470654782 0.0186489953174417 -0.0464272198662511 0.143540811591582
0.0267003068256774 -0.0366477139801619 0.0742107727267582 -0.000195464017349875
-0.0164425045338123 -0.0351247559096536 -0.0458223993018464 -0.103449729646013
-0.0325526014758421 0.00541175840613149 -0.153081043692091 -0.0417956177305085
-0.00896586254303116 0.0207686635023757 -0.137121500302851 0.0914653590074243
0.00161500650714896 0.0171756339209994 -0.0377356233903779 0.144071684054045
0.00662194675265412 0.0181192777492916 0.0323664249871373 0.122583573058159
0.00457585887576529 0.01019261652967 0.0645571874168741 0.0910205773143604
-0.00723789815010499 0.0101337789748938 0.083410016140623 0.0874136315594196
-0.0150775310678216 -0.00183173329333492 0.0714473029878883 0.106068173953911
-0.00566131444260173 -0.0106717737031104 0.0241242020336817 0.127429330748137
0.00221423008488941 -0.0196320109030546 -0.0414157822091647 0.126252576934897
0.0344416854305853 -0.00842072776139071 -0.119572619307095 0.115476279006373
0.0480713338571475 0.0265763620116433 -0.16431934307209 0.115369175569724
0.0191622508698784 0.0544255344246104 -0.144359495271326 0.195404132003067
0.0165120256764504 0.0837176567490704 -0.0637754143807897 0.132234531232632
0.0483972786484016 0.0288971356369771 0.0736624892968799 0.00205313551699575
0.0330751917318004 -0.011749256632583 -0.0376816231045069 -0.113606704049833
0.0118453026036145 -0.0211073477408033 -0.157262230035661 -0.0597059595970857
0.0112634789593721 -0.0207883187936785 -0.149261062090277 0.0841515217748644
-0.00252363433710578 -0.0267177640473186 -0.049683115637929 0.141756317551839
-0.0172435202202046 -0.0162133932415613 0.0221044017379266 0.119936651731968
-0.0190904488675337 -0.0214786999671473 0.0579038399104838 0.0885743130570774
-0.0260243272804736 -0.0266095971882542 0.0800208886744848 0.0777363062954461
-0.0111873429306578 -0.0529154517134934 0.0803465762368908 0.0922693021107545
0.0320075171173593 -0.0505643884128681 0.0471639048778593 0.118569609061619
0.0610608709061851 -0.0272774747038946 -0.0103216983442593 0.1335313709514
0.0782695364226693 0.0414493779049281 -0.0912907051602594 0.129511657498048
0.0433777871023021 0.110117212969628 -0.137969098616698 0.116644096606364
-0.0146173978904709 0.131928876870089 -0.122986769532411 0.171844001232227
-0.0198672457774716 0.13811794348234 -0.0656971226547574 0.0965162766279093
0.051472082479332 0.104820051360345 0.0803094064539743 -0.0077880541335547
0.0788325900398285 0.0316535320016587 -0.0182609033954531 -0.129253799204459
0.0674853007592319 -0.0360777191368782 -0.149599376367633 -0.0873208242834641
0.0401964106322237 -0.0609861738544951 -0.155275115504074 0.0615630672237785
-0.000812958930771541 -0.0723592829980271 -0.0632157786174761 0.121694892556788
-0.0370313800815189 -0.0526411393176877 0.00412367120032746 0.102765034061592
-0.0400480654644601 -0.0501979579624416 0.0429288719831831 0.0736553764402188
-0.0434101450588123 -0.0553107326589951 0.0676017542984676 0.0543133267486451
-0.0154943864006607 -0.0928932496104221 0.0857424811692405 0.0611222098288393
0.0517224800338747 -0.0901572660599164 0.0770493454081251 0.0896754744061081
0.10287161447183 -0.0535783187382457 0.035314531674257 0.129799878700392
0.127235565932949 0.0621772602537603 -0.0477757256952229 0.139762830265228
0.0569662362027226 0.168101356671336 -0.107519197755115 0.113200608028489
-0.0310739519187304 0.191558648422242 -0.092243632601209 0.127203594223695
-0.0621858341050526 0.172591758377303 -0.046721556867717 0.0397001096590844
0.0336585030202843 0.173961793109933 0.0931120795133549 -0.0299285102717057
0.109024553618169 0.088335274454434 0.0129879226351178 -0.144567710147163
0.122214663870348 -0.0322951670646928 -0.122780531897614 -0.117886746271388
0.0731268130217386 -0.0908715178023726 -0.147026373787245 0.023679490816559
0.00744665708649845 -0.109712236519577 -0.0740810277287575 0.0827713566745305
-0.049437263645555 -0.084334770144369 -0.0169376672979409 0.0700261558275154
-0.0557975387369389 -0.0719228657870338 0.0230099233970991 0.0478816542683186
-0.0577191260427703 -0.0720127716010152 0.0490991031980338 0.0234716028858026
-0.0249417972466175 -0.115613328901322 0.0817055275141105 0.0210949873192597
0.0551606328410232 -0.118839129820347 0.0976575523178908 0.0463896299027632
0.122392510912939 -0.0843771358991933 0.0797803304249603 0.108827483919437
0.162118764939413 0.0593582933772317 -0.00132945243119715 0.13691822126591
0.0751076414394715 0.1928294442808 -0.0812886342548712 0.100836434968494
-0.035050141631659 0.222108751906473 -0.0621825405356129 0.0674365194001403
-0.0961146406806027 0.175024422970182 -0.00771471515453675 -0.0311031246674662
-0.00149873946747086 0.212102316982855 0.110430776981126 -0.0610405063022227
0.108011497520031 0.138096193323877 0.051733039266988 -0.150224888456952
0.155345258174861 -0.0102723506810284 -0.0753134030103727 -0.138600359065181
0.0984850650652251 -0.0997473823525305 -0.11836218322669 -0.0235402112324019
0.0186945637983715 -0.12756702783938 -0.0768090952715292 0.0294562389887902
-0.0523804280269466 -0.102645653699436 -0.038336658704058 0.0270430755354438
-0.0631850598388603 -0.0828553052870829 -0.000684978665507921 0.015861102106451
-0.0638600532330286 -0.0777903360896032 0.0260015562859109 -0.00997778446559632
-0.0301755843650418 -0.120582325194617 0.0688814574083424 -0.019872003679811
0.0499276740892396 -0.128535203228341 0.105484533965957 0.000305523852512944
0.122916706017524 -0.0983879315100806 0.109391058028456 0.0772176255709884
0.169035693283551 0.0527209228781851 0.0344342982682679 0.120808462748172
0.0760685446714931 0.189023097604141 -0.0628292625648285 0.0816728995509535
-0.0386899530362438 0.217407556779364 -0.0361610371209397 0.00446693990049957
-0.108622059948625 0.145567192322319 0.0433043619927422 -0.101928644907407
-0.0382883802806538 0.201040528176975 0.129478243327109 -0.0915283316696989
0.0772329605913557 0.153599792344889 0.0883919850394247 -0.143564671337242
0.149192590536098 0.0151185638193315 -0.0207803343624688 -0.144138108578399
0.103180044359694 -0.0853855836687669 -0.0757999317905569 -0.0677206164900741
0.0261387694568297 -0.120286015244751 -0.0735522431649181 -0.0276498118707086
-0.0460810736984494 -0.102101366564522 -0.0569044244164258 -0.0182061684444818
-0.0602558976772577 -0.0814350212744045 -0.0248346437734963 -0.017216737129556
-0.0612307971594985 -0.0741410445587271 0.00292286000014162 -0.0429285187947194
-0.0282795497554209 -0.110916200666478 0.0514418776928763 -0.0553819389832246
0.0445522836052059 -0.118949368625336 0.103826510502215 -0.0383189489207579
0.113631216215608 -0.089209457979096 0.123275989085702 0.0501907718451874
0.148616325971276 0.053306461522233 0.0533633104714233 0.10163017376148
0.0538918102591862 0.166895568572662 -0.0518770444543679 0.0609476495482186
-0.0471876373242332 0.18163507979659 -0.0127232625841312 -0.0515985503477273
-0.0957278796422974 0.0887061625883313 0.0917295665810007 -0.158697512094616
-0.0579977430047337 0.1422890157517 0.143550299708297 -0.112833962263259
0.0362308550685744 0.126451135997339 0.113303654137562 -0.129591644291625
0.109398138439085 0.0277418402486189 0.0236411077387452 -0.135307571617065
0.0827795101553486 -0.0575165348801082 -0.0360084461696619 -0.0990045960203333
0.0259121449988287 -0.0896517733459988 -0.0667324264662273 -0.0743625035447569
-0.0322534793495101 -0.0821518521425967 -0.0706377491374811 -0.0564050535076612
-0.0480192936187239 -0.0676660959849026 -0.0440480465565184 -0.0458992813422578
-0.0481935970277743 -0.0620135994438084 -0.0164150404814169 -0.0706521917357708
-0.0200285305832396 -0.0897671095520196 0.0371725120674563 -0.0852836259369381
0.0395466241462607 -0.0950504439057979 0.102773459235246 -0.0661633646705848
0.0986086851208049 -0.0633015587982228 0.129301840181031 0.0307563808926042
0.110684555421265 0.0587970345096009 0.0622380662213243 0.0867909080553946
0.018697324605946 0.132303913855336 -0.0435948646673749 0.0442182366195824
-0.0565277771531579 0.122225027190197 0.0103493655272377 -0.0921047797900536
-0.0621868205047167 0.0175336790036453 0.12272091112294 -0.195029371210046
-0.0560878805816577 0.0595611472471779 0.144829694623471 -0.12478484201302
9.5689510936579E-05 0.0703167105967634 0.122669526175998 -0.119991240229038
0.052124783948127 0.0248176386875117 0.0456870795608418 -0.127206966211355
0.0451208156242875 -0.0251837984881517 -0.0150038333328997 -0.115431082403423
0.0186531720255571 -0.0450537341573814 -0.064506281106034 -0.102829834829242
-0.0146194910610296 -0.0484329612908321 -0.0788413730108374 -0.0797262067019185
-0.0265686019636168 -0.0438722912567018 -0.056663887418649 -0.066137326195066
-0.0278809694334854 -0.0424955342922733 -0.0273046324730258 -0.0912038021318408
-0.00902983824218128 -0.0603905142405779 0.0297213619637 -0.106885962559137
0.031087732728127 -0.062135620649325 0.105786758816156 -0.0836320563290689
0.0754120406092788 -0.0303335979174891 0.133992609037692 0.0222683634553226
0.0632663499631952 0.0602522338369863 0.0638416737538897 0.0811860189917321
-0.0181488895301951 0.0851745786254488 -0.0368223644324125 0.0337418347505567
-0.0611925356889537 0.049091795790975 0.0344169968298855 -0.111631685668335
0.0394949850299333 0.0192859421443585 -0.0467653542659484 0.141144509657437
0.0268841629085501 -0.0359855200476331 0.0748224640235221 -3.98091488144363E-05
-0.0158706930461429 -0.0351700644206904 -0.043134307476705 -0.103148646668832
-0.032471235918755 0.00515556046421072 -0.150409068989616 -0.0431337965873115
-0.00903967311144141 0.0200568477404454 -0.137265934213688 0.0882623151660041
0.00126881800855214 0.0165656575165941 -0.0379559079392896 0.140784439315456
0.00660286721705977 0.0176606652269314 0.031622757143556 0.118960188759063
0.0034331849956818 0.0101184963403718 0.0632510323155297 0.088739800759684
-0.0065900209695908 0.0096908300746076 0.0819010057991869 0.0854837658589266
-0.0148508384039559 -0.00151047053680117 0.069823391933014 0.10457369308244
-0.00598480099562355 -0.010736229722501 0.0222299755509457 0.126329226572355
0.00221867896077583 -0.0190837294597213 -0.0435689629119902 0.123054966494893
0.0342947879345465 -0.00795430445254675 -0.120864051466487 0.111303641578273
0.0469067958935049 0.0264106632231336 -0.163412850527147 0.110379315880252
0.0171191209368496 0.0528919475822876 -0.144623599825479 0.188461159290347
0.0149976055306752 0.0834496390559803 -0.063825667454605 0.129177118799077
0.0469790425809309 0.0283546883374606 0.0741279181604344 0.00194813060570857
0.0317721233241798 -0.0113205905267283 -0.0347115420465127 -0.111779730364465
0.0112192945536522 -0.0206089218755435 -0.153244932539852 -0.0605019072599174
0.0109717785790305 -0.0204229079717885 -0.147996951244023 0.081022192360853
-0.00282529708741158 -0.026669590041004 -0.0498349520396551 0.138168893975903
-0.0169326149491812 -0.0162537692838725 0.0213211844251928 0.11780246603553
-0.0190026775164237 -0.0217733005048707 0.0569048936759295 0.086845093918985
-0.0253591513265105 -0.0265808902185194 0.0788030719319397 0.0763836173865917
-0.0106061951517823 -0.0521330928836348 0.0793270352909629 0.0903372526992175
0.0319713078400279 -0.0499157180347774 0.0458389522396714 0.117823509255562
0.0593404348449658 -0.0261891545325775 -0.0129005964189017 0.13034345477665
0.0763776289733323 0.0412152335849653 -0.0932446322432633 0.125504333036152
0.0414652291254011 0.108318118176742 -0.136989611855507 0.111840361020648
-0.0174932092339689 0.128928879864033 -0.122623317144315 0.166381658305225
-0.0217232894396691 0.136551606701145 -0.0652856968027732 0.0938188275887663
0.0494981626714175 0.102862771267559 0.0808031180234589 -0.00718897812011639
0.0764691806768504 0.0322683327983926 -0.0146280063838419 -0.127141958755158
0.0653213605363302 -0.0346225847044832 -0.14534456314198 -0.0880541223537535
0.0394047351883494 -0.0602223362565337 -0.153317681203644 0.0584312193472516
-0.000617329897587184 -0.0712692314142356 -0.0638911990084683 0.118246250031656
-0.0356052358318983 -0.0520039625194315 0.0037802484755124 0.100545924051822
-0.0387748705651713 -0.049791580917632 0.0424166340022706 0.0723213696847577
-0.0428685816455139 -0.0541852793735673 0.0673555972114701 0.0542911552194717
-0.0151974827066824 -0.0908054267114205 0.0852154776172096 0.0599093743362952
0.0512640768134305 -0.0885826474395921 0.0750615296558621 0.0897679881333695
0.100485193951676 -0.0520580453721739 0.0331865082096118 0.127605211352799
0.124062243812653 0.0619705257719315 -0.0507959177903654 0.136701241785805
0.0550288606554789 0.16530658701085 -0.107640286057323 0.108707770814482
-0.0343098566916285 0.18690683358776 -0.092017411175985 0.123663179112254
-0.0639725845176911 0.168330801989147 -0.0462247549472466 0.0379858625552879
0.0317120058603461 0.170995467147288 0.0938313813790784 -0.0282765908270153
0.104666145355616 0.088103713723837 0.0166276418620279 -0.141326841039619
0.11981323768711 -0.0300408638302654 -0.11864456505573 -0.117591928876826
0.072062117625462 -0.0886695309983548 -0.143529587995353 0.0203255664375506
0.00815524406833189 -0.107675989358359 -0.0739690029414178 0.0801355195429221
-0.0476892832397122 -0.0824528294450057 -0.0171471955526761 0.0690273885804338
-0.0542119382434792 -0.0706597600662216 0.0226415624615576 0.047217594938148
-0.0560241205242812 -0.0702766506664155 0.0484385918818632 0.0240860283478872
-0.0233831982036765 -0.11267152323037 0.0810489718104533 0.0204055299447982
0.054009554226289 -0.117112584361564 0.0967434663582788 0.0467576369944286
0.119465669785938 -0.0812735548461721 0.0775333181603596 0.107427149091889
0.158614400451308 0.0599809317795891 -0.00470354152298357 0.133777828888143
0.0716457407089748 0.19040344982856 -0.0811105619311473 0.0976363644920639
-0.0393417073999078 0.216197085322031 -0.0619320615730898 0.0667397207743283
-0.097962682539888 0.171144342374124 -0.00711494219256367 -0.0310374249006438
-0.00304926189127455 0.208205259830632 0.111204954981917 -0.0572190939772077
0.10400743556826 0.137145638849516 0.0545142885589052 -0.146319661040698
0.151787952582938 -0.00841346659126199 -0.0717626969318875 -0.138478880347635
0.0976799514529042 -0.0966380506713958 -0.114507320548936 -0.0266819017933739
0.0186734638489399 -0.125090136598448 -0.0765253277756197 0.0272272818567482
-0.0506189337242867 -0.100250445098705 -0.0390672303645747 0.0267850536156916
-0.0616735761283665 -0.0812523512933078 -0.000622981646144451 0.0157731476293419
-0.0620127133482796 -0.0760854478575676 0.0260547766280349 -0.0100261283617298
-0.028942217148507 -0.11798012883522 0.0688056607522773 -0.0196670611232495
0.0495717589658675 -0.127226123277766 0.1042760954978 0.00201465136440668
0.119981694694172 -0.0954023392163586 0.107650176243647 0.0775368427913577
0.165694971847305 0.0528947688666939 0.0303271001583802 0.119015616998846
0.0730814139509699 0.186863490907763 -0.0634008664323006 0.0785281199073398
-0.0413702539751881 0.211826403065665 -0.0357299774073879 0.00499307124722118
-0.110126442299729 0.140959754043823 0.0446001962348888 -0.0997962828260971
-0.0390921455783438 0.197301648931293 0.130326928231703 -0.0872372245817499
0.0742047360653343 0.15178447551768 0.0907650466520547 -0.138897038582543
0.146069311991967 0.0164711080090874 -0.0175550148385183 -0.141639130771872
0.102042739373069 -0.0827982204517438 -0.071697857592402 -0.0693680146130944
0.0267951548176892 -0.117504194714844 -0.0730197075974712 -0.0286720407411791
-0.0441474069273624 -0.099468930025534 -0.0569384291710673 -0.0175485198806697
-0.0590501619781677 -0.0799466549625415 -0.023112074118204 -0.017025092591146
-0.0585311138545831 -0.0727279784179378 0.00324703139722786 -0.0415499276034332
-0.0272044986109073 -0.108288602555737 0.0524126301956503 -0.0546894286624226
0.0445602014925798 -0.117239027072722 0.102947401529413 -0.0367730022692104
0.111118473921544 -0.0859421507635234 0.121085909735322 0.0494862729162245
0.145142209466368 0.0538130923718296 0.0507660056632176 0.100077614196337
0.0517210136207743 0.164147750002284 -0.0525172825917352 0.0591498998315219
-0.0491130918363184 0.176141189002252 -0.0123834281707505 -0.0493537908565134
-0.0960270567861377 0.086141408802844 0.0930602908961827 -0.15474944219099
-0.058122591332763 0.139156601245751 0.144640932613812 -0.108151006149076
0.0349286049758328 0.124763603273998 0.115046463020557 -0.12475498825394
0.106654407292934 0.0282116286398218 0.026786740626479 -0.132607595107367
0.0816678946153198 -0.0557036696048652 -0.0324638014246109 -0.0987467588979305
0.0260782923442713 -0.0875385063616516 -0.0659683209418818 -0.0742818106193748
-0.0312101802959906 -0.0798909108266094 -0.0705704059757757 -0.0551288817239953
-0.0465769654217695 -0.0664661212696572 -0.0427041753378413 -0.0454021644924828
-0.0460644123889343 -0.0609235836468483 -0.0152065024552405 -0.0689312682838185
-0.0189501753714158 -0.0878430964939038 0.0378642052599481 -0.0833568600063627
0.0388320948157949 -0.093032547273493 0.101625536047822 -0.0641624432938237
0.0953963119212647 -0.0606335709255429 0.127441038683568 0.031300328339912
0.107981957552841 0.0585243897032847 0.0586542364591932 0.0858875060395949
0.0167547630285189 0.129819246770995 -0.0443177450298103 0.0429733797310359
-0.0580786390489567 0.118929815592429 0.0102195256597126 -0.0886497173600514
-0.0617058837316176 0.0163215207354848 0.12362660115526 -0.188708879769186
-0.0556047904782166 0.0581032428266468 0.145020351891915 -0.11932813448447
-0.000279392595843042 0.069272454249953 0.123359033936675 -0.115264939628913
0.0509356225588289 0.0251555991307023 0.0484173517394323 -0.123792036220545
0.0446476301205945 -0.0240079620045265 -0.0127963944502647 -0.115334508372919
0.0190858049164916 -0.0439744809599026 -0.0640476863420676 -0.101202858799078
-0.0136930657139956 -0.047389401967058 -0.0780701229062565 -0.0781711094542712
-0.0261551837246002 -0.0429322641999582 -0.0546686400380497 -0.0656375823899256
-0.0266017889741389 -0.0425522504795631 -0.0259164363412959 -0.0892027256064696
-0.00863665479976818 -0.0590300244980079 0.0305042433451772 -0.104624204196018
0.0310492343109903 -0.0602528641473199 0.104979018274787 -0.0808407923375963
0.0735434899357818 -0.0289975868461079 0.132085870379171 0.0235877835033164
0.0609024540218106 0.0597452885434276 0.0611063025807273 0.0803815310977807
-0.018689052665456 0.0832807441228672 -0.0375282633500652 0.0331176508769319
-0.0613098974485579 0.0472459438914733 0.0333879512880605 -0.108029573614646
0.0396227457592414 0.0203057847853947 -0.0494164355703426 0.141493893012418
0.0274280593133719 -0.0359632703293969 0.0769891121653553 0.000489069285726374
-0.0155292712333723 -0.0353166232375641 -0.0407742287791702 -0.10494311851803
-0.032775524265533 0.00468529578140539 -0.150478948057354 -0.0452354963396616
-0.00992597219785195 0.0198881201287092 -0.139858540480591 0.0867705565547252
0.00102748142171132 0.016430326987939 -0.0399068365012995 0.140032648309559
0.00633040379089848 0.0172466877858288 0.0311068674640301 0.118483204149567
0.00345341692293179 0.00961558572423682 0.0630433629920835 0.0895995442301812
-0.00645638213659818 0.00951456304201077 0.0817181701833616 0.085731904357896
-0.0146953143453295 -0.00181146903607951 0.0699985443602313 0.105649524905779
-0.00591378986742644 -0.0109701853826994 0.0205511902323352 0.128327050924573
0.00255391413834353 -0.0188389360450825 -0.0473357568379219 0.122597573438268
0.0348170665838219 -0.0079635818052925 -0.125155846896912 0.109612483916995
0.0467551530886391 0.0259840880675285 -0.166148303932682 0.106150149474688
0.0148352512905429 0.0540969860553269 -0.147731105002739 0.185217635933333
0.0139627255809598 0.0840199996597016 -0.0661273897936956 0.129318148339403
0.0466131200322224 0.0287479705240927 0.0765165640872795 0.00308297556763446
0.0318070736833927 -0.011112006457837 -0.0312066762616115 -0.113930039915855
0.0107085415169421 -0.0199485861623804 -0.153501903723491 -0.0634506345183833
0.0110960302828511 -0.0205865940100808 -0.150458150229871 0.078278929355886
-0.00281368689310577 -0.0264893794725501 -0.0521591579519141 0.137546540010628
-0.0162555470383287 -0.0166290714437784 0.0204206103870635 0.117422221253306
-0.0186942598159096 -0.0217466067863368 0.0565546478792167 0.0875397408017063
-0.0250734672737755 -0.0272992648191248 0.0793558820302728 0.0769795702461301
-0.0103900092046474 -0.0520601290249616 0.0793496374222821 0.0910320530055305
0.0317706485114842 -0.0498436680387117 0.0446468639769637 0.119928991912517
0.0597638339654374 -0.0256568502413189 -0.015685379888482 0.130410784899938
0.0764437872563679 0.0421634668276886 -0.0977113800112432 0.123424596224738
0.0397831889917044 0.109139499929488 -0.139950641190496 0.108630645819743
-0.0215178855683747 0.128177758012359 -0.12643866649429 0.164797500732117
-0.0251012830872055 0.136846082037344 -0.0669305416394755 0.0929654864537689
0.0485835387053977 0.103590073518296 0.0838583623272041 -0.00656002080389435
0.0756427816209101 0.0339169917254242 -0.0110120154755321 -0.128523288081116
0.0653270082463664 -0.0335513864485903 -0.144485626389836 -0.0907769268958108
0.0398386350164436 -0.0593235963832205 -0.154815905746837 0.0553683534975468
-0.0006884135082372 -0.0714852360056701 -0.065966268568898 0.11645607229026
-0.0353635165006587 -0.0521333574132417 0.00273704773600526 0.10066360051947
-0.0391477388723712 -0.0506123894698445 0.0419415730069916 0.0729043031129528
-0.0424060241325778 -0.0549167689294006 0.0684033151789466 0.0552233319343158
-0.0144629736095763 -0.0912455263531828 0.0855234037059392 0.0606538491709783
0.0519568585264413 -0.089554746819995 0.0752906063388583 0.0916307679734109
0.100897874511473 -0.051021941386311 0.0316366372259227 0.128084234729906
0.123827023223937 0.0636769429045044 -0.0553091729312966 0.136121157046055
0.0526515106993226 0.166809316779829 -0.110733697872853 0.10668459036385
-0.0391620887501659 0.186024744881913 -0.0945460153556498 0.122720633865552
-0.0679695585322951 0.168503105961419 -0.0466934835864278 0.0373019190849631
0.0293527384723073 0.171690045827061 0.097117214561363 -0.0270246813289815
0.103423103534956 0.0906764321378779 0.0211150759728294 -0.141340018798199
0.119444268155481 -0.0279496372358051 -0.116721820254355 -0.120557046574079
0.0730563948622053 -0.0880735334333521 -0.144292931442528 0.0167338352514614
0.00867611980930773 -0.107702722281066 -0.0759786090308343 0.0783072598410293
-0.0466863671112928 -0.0823294718348145 -0.0186669873343278 0.0690537823024304
-0.0538956559168657 -0.071437862234965 0.0221061542799159 0.0470981111516182
-0.0551754426334509 -0.0708549920546676 0.049843391773164 0.0245965560339467
-0.0228929825282099 -0.113601904398745 0.083215176947393 0.0209858324899076
0.0548759456323363 -0.117680862779525 0.096903189531292 0.0492442149843315
0.120096081314911 -0.0804899595800824 0.0772501749163133 0.108461379963392
0.15888289988876 0.0621924723164337 -0.00864892585554132 0.134381398258664
0.0698839622835239 0.19255313564932 -0.083898027072618 0.0956640409125675
-0.0442433653399722 0.215450010779126 -0.0635492554583812 0.0660450992102596
-0.102597918058058 0.170072024034697 -0.00584179882751002 -0.0317681684958686
-0.00600649006608225 0.208751996330118 0.114678047623329 -0.0560933835580597
0.101636764797621 0.13909863032249 0.0593564597054648 -0.145241334214097
0.152089016907333 -0.00589743295253327 -0.0686338214554648 -0.140036960662097
0.0983476271181154 -0.0959109921182251 -0.113947307227813 -0.0302524158983736
0.0201792993359936 -0.125434018511832 -0.0785469084865185 0.0257235898950564
-0.0493408223811932 -0.100531478431346 -0.0401123071644579 0.0265941833502613
-0.0608417561957754 -0.0821132878225329 -0.000535039960803067 0.014973090848792
-0.0613420404781702 -0.077035987592407 0.027438320223084 -0.00830324004879547
-0.0278835375500306 -0.118214583971542 0.0697962985142348 -0.0199826491063845
0.0502496209275039 -0.126992109178592 0.105386693213322 0.00332560125376377
0.120359424048468 -0.0939318692070502 0.107719526336161 0.0779574610621628
0.165674110236391 0.0555576425011393 0.0271564990767652 0.120023742601076
0.0706641588841709 0.189003273319618 -0.065905558371333 0.0774812783112722
-0.0470657687986646 0.210503477674806 -0.0364257182885126 0.00552793528276277
-0.114236519606835 0.139866782941179 0.0471097966012778 -0.0988108857792019
-0.0419732244397629 0.196584427833363 0.13418183462306 -0.0851116252048291
0.0723369662242185 0.153688831181469 0.0952963202901636 -0.137830825032868
0.145688051830007 0.0192637366030123 -0.0143312191746527 -0.143324358553106
0.102812883475924 -0.0817788644130051 -0.0699229750947068 -0.0724467339202017
0.0278600503838181 -0.117411675624362 -0.073912006974366 -0.0305719384495353
-0.0435813549795507 -0.0995371074422365 -0.0577329606306953 -0.0167520167459536
-0.0584874347281238 -0.0799395273787724 -0.0235420686939015 -0.0169007466335734
-0.057615158289702 -0.0729126223148105 0.00468662496518521 -0.0406854819839483
-0.0262979720516401 -0.10840073646558 0.0536614858751382 -0.055090874890564
0.0450351141666334 -0.116764880628165 0.105050902384662 -0.034869787316063
0.111063765339085 -0.0844555184471699 0.121945761940931 0.0512649755662447
0.144674573146248 0.0552648960755355 0.0468703361099318 0.101575740801408
0.0487248166603514 0.165600147821689 -0.0540580951496234 0.0586196654970464
-0.0540022076756802 0.175236787427402 -0.0124185383224972 -0.0485530050300553
-0.0990349391168686 0.0844412761316211 0.0969483657424071 -0.153768933361479
-0.0604152273920247 0.138733450249823 0.147740919440026 -0.105321297700226
0.0324340411487438 0.125881506439261 0.119021519052069 -0.122563961592391
0.106435962810015 0.0299071449277055 0.030949309356666 -0.132448133142067
0.082466330348891 -0.05511560897091 -0.0301611365623941 -0.10163560678985
0.0268811523769515 -0.0874604064015727 -0.0668354334214736 -0.0758880469137365
-0.0306252177955221 -0.0803307079233685 -0.0713732972623735 -0.0544847917525961
-0.0462066858187907 -0.0663849334603872 -0.042138809275814 -0.0456178866088432
-0.0453470636918398 -0.0615609954558878 -0.0136708615813899 -0.0685307958904676
-0.018177855835601 -0.0877697601893048 0.0394752132595109 -0.0837040662595143
0.0398874365367345 -0.0925266199832304 0.103109987250762 -0.0620844209072484
0.0955172730790492 -0.0588610709411558 0.127756127593648 0.0332324189972479
0.107305087180703 0.0600798063356969 0.0559867069053575 0.0867442256102609
0.0137403531448454 0.130600103041992 -0.0453528999625518 0.0427643210270892
-0.0606790571641615 0.116945958495955 0.0107934751959218 -0.0870441637292745
-0.0630731390758763 0.0152777125400543 0.128832643559224 -0.186671637952041
-0.0568367816699605 0.0568542013485753 0.148126001941666 -0.116333949010948
-0.0011046026483797 0.0694152610899824 0.128001955493347 -0.113041946028353
0.0509864389916743 0.0255097402088954 0.0532430681062203 -0.123213734359154
0.0445412084347443 -0.0234705995113449 -0.00952659151645986 -0.117076352366956
0.0203475103405789 -0.0441150259209457 -0.064618761669539 -0.102320274655815
-0.01346700150248 -0.0474330702395764 -0.0791045499762822 -0.0782840101888627
-0.0259560874728231 -0.0433384564029559 -0.0543481393325447 -0.0663494070638068
-0.0258680051045033 -0.0423827643216522 -0.0242210523888942 -0.0892158879896572
-0.00785177945749045 -0.0594137587317778 0.0329971986505854 -0.104323823847206
0.0316589088972944 -0.0598514271672883 0.106605421824581 -0.0796712976087035
0.0731770155058328 -0.0278155553266665 0.132114109363391 0.0250699038515086
0.0603109907721088 0.0610909279051299 0.0587531448023647 0.0812639233149366
-0.0214724931191591 0.0833554078745032 -0.0387921719550458 0.0337302323262851
-0.0620960047792762 0.0463082969850442 0.0347609883915568 -0.106838131459904
0.045810586400772 -0.00433895412593881 0.0475284808404105 0.142266501167413
0.00134820512055711 -0.0447523097340949 0.0637232482759632 -0.0494122736627846
-0.0344569472378952 -0.0200846206821834 -0.0974638358323366 -0.0631383398718235
-0.0246184911149948 0.0239727424862097 -0.152874672987635 0.0548053885878765
0.0040482643585951 0.0227179043258663 -0.0623264319777016 0.156346244773975
0.0105136560330636 0.012468164256936 0.0521416006647269 0.138339477088703
0.0158546473104861 0.00899804376165578 0.0981474232397048 0.0773232567387482
0.00876305931864474 0.00548695491393101 0.105886999301179 0.0345485683579628
0.000969333392240782 0.0114431491834482 0.120403628369076 0.01823613918476
-0.0126979931868724 0.00736328312732744 0.12307557041043 0.0442229660595047
-0.0103816220205247 -0.00551344610461326 0.0957826614620877 0.0925690775342169
-0.00885910057541081 -0.0162007699190468 0.0344594432630889 0.131182479987337
0.025279120275316 -0.0267789614758647 -0.0357141636353878 0.168035863723317
0.054506740720487 -0.00516161318439955 -0.0710587665355155 0.193250243306771
0.0451118053918064 0.0401333416224421 -0.00988586572230131 0.246018553218208
0.0591248525436507 0.0643642430426894 0.0298897952005109 0.143318104366202
0.053959585848744 -0.0035248867662891 0.0676025909915559 -0.0463098963637556
0.0187525562880699 -0.0275017250151226 -0.0923728429425904 -0.0777424162839461
-0.00340235845466233 -0.0208272633277733 -0.166318165290974 0.0389557854294773
-0.00278092262090957 -0.0223672008270984 -0.0764142378433644 0.155032613817279
-0.0177333786760061 -0.0201854933048045 0.0401705233995506 0.142613534648886
-0.0228314855407695 -0.0042396896295349 0.0886904839203669 0.0831957597063746
-0.0288283884528438 -0.00684491250472453 0.0997660240043353 0.0360839647957297
-0.0367413080689394 -0.0072367788821734 0.112851366084884 0.0127658402610179
-0.0406754630375707 -0.0366696814107538 0.122359640432898 0.0262122350220842
-0.00427461467657255 -0.0610753527238608 0.110281273030087 0.070840723343092
0.0356899172631493 -0.0568338176211379 0.0653910381143038 0.117508217161023
0.0931244998003296 -0.00984429119822368 -0.00506407750984253 0.162462433930236
0.101534058741736 0.0686846471645674 -0.0503911150942824 0.179467176930293
0.0605156225655555 0.126475064384416 -0.00590288649899976 0.211887530381102
0.0551865898850986 0.13050855459209 0.0112786304594673 0.116718400403466
0.0975136118787191 0.0555762160278481 0.0702810603698318 -0.0553667638651511
0.0806157880983245 -0.0163237795857022 -0.080790708011398 -0.1025017960844
0.0332879428999132 -0.0621259633973119 -0.174649636184983 0.00803640522077092
-0.00186568594823127 -0.0711069018028079 -0.093983876370968 0.136727191771734
-0.0421727891611684 -0.0577111215196999 0.0161426388173706 0.133494360779237
-0.0588018954683985 -0.0210009796711263 0.06317288519613 0.0814783947776987
-0.0628602450762468 -0.0176674819369684 0.0792635088509741 0.0331130085839508
-0.0681464314540263 -0.01948982479125 0.0912086621972688 0.00220764698615339
-0.0681395536893052 -0.0664249750087223 0.10876849491091 -0.00304942585383741
-0.0120390804579997 -0.10665158109599 0.11742735664511 0.0294910735444638
0.0547626931509692 -0.103513759591609 0.102998756441388 0.0869966970803436
0.147817714644628 -0.0218948423144854 0.0357915262480738 0.146295316253933
0.14971074664698 0.109477370065294 -0.0289870106103739 0.159277202910354
0.0818152694378884 0.185896167258111 -0.00771223181842194 0.155833688803597
0.036571534372114 0.181241852176653 -0.00328858082167282 0.0613063442233261
0.121379604935948 0.121522521123816 0.0703734371875551 -0.0777845904915802
0.136317666309394 0.0148603974507782 -0.0587636533806018 -0.132419266189624
0.0803491041849837 -0.0891343871473672 -0.167235301206822 -0.0350088747227775
0.00872833060203887 -0.11340834778328 -0.108704007819424 0.0966226233188535
-0.0566369296514488 -0.0927740168554659 -0.0159652329299713 0.107226670434163
-0.0863357507087077 -0.0381486491639807 0.0254752412282294 0.0685018049793946
-0.0876437440929554 -0.0251938023999566 0.0476078415826705 0.0246114013631765
-0.0893994737213504 -0.0249094614296621 0.0577021089508128 -0.0117287920113567
-0.0888860307155584 -0.0797970345093871 0.0819720345595081 -0.0344790747818598
-0.0275824297080202 -0.132922474444063 0.109049936739159 -0.0188430685530314
0.0524726868817287 -0.140803522523181 0.128699785778553 0.0423491646458811
0.17682116741658 -0.0465254017014673 0.0727915616165715 0.116157671332505
0.180165872686875 0.119764487864361 -0.0152604461367251 0.134391228890312
0.0968582555688593 0.212289938168152 -0.0188206757393853 0.0885040901062622
0.00870758432399599 0.201435607309463 -0.0107816134511175 -0.0176608836063695
0.112537661433204 0.171643455773959 0.0675177929882079 -0.110009569503806
0.16370299172499 0.0554625426053621 -0.0274223644475011 -0.157771975665285
0.118807998891508 -0.0894368861247562 -0.137580706300581 -0.0815114419683174
0.0248209804814658 -0.134516462530457 -0.112023678493563 0.0396912058067985
-0.0575696394351138 -0.113542769418649 -0.0503118271277904 0.0651695643640831
-0.0993681563965303 -0.0507341121601287 -0.018500646874887 0.0478668956675925
-0.100220147000415 -0.0292663376168856 0.00942589438157707 0.0125027696683807
-0.0975465152195742 -0.0262844930588722 0.0185821082048933 -0.0249093431693819
-0.0955949607496676 -0.080549680378274 0.0467315156534109 -0.0606649566613964
-0.0376464602878912 -0.138145036235185 0.0875156957305916 -0.0612512441325745
0.0443843356203271 -0.152403381624647 0.13539349546772 -0.000930574165173938
0.178253235126384 -0.0571065807021968 0.0931287916772049 0.0822526964360233
0.178872557218711 0.115416258631549 -0.0112549447343628 0.108450935590024
0.0918884407641618 0.209186413375784 -0.0341154602795501 0.0213524576115802
-0.0188743081388721 0.181829473961785 -0.0102082168010983 -0.104321446313727
0.0758879270323971 0.181882796807063 0.0644537909477665 -0.143828827986382
0.147840897177286 0.0842386768040502 0.00673096196428877 -0.169968572508078
0.12843809528117 -0.066957896361565 -0.09223159794443 -0.115850280734455
0.0364312904112712 -0.125420692657407 -0.10122369098423 -0.0216910990320647
-0.0465386929888945 -0.112018592580024 -0.0799357821164593 0.0173447725991159
-0.093743819630731 -0.0534562724226735 -0.06050897922288 0.02253015275394
-0.0969092029588471 -0.0291906921881205 -0.0289491945554618 3.63059075504652E-06
-0.0922098203690902 -0.0251225077960434 -0.0200143991798948 -0.0371643739975119
-0.0882814651822874 -0.0737090614411074 0.0114603399125895 -0.0794732339599541
-0.0352940341400503 -0.12643681654115 0.0628943805572912 -0.0920682861241069
0.0424044696120759 -0.138521072337798 0.130687317848585 -0.032717646687469
0.160785630203696 -0.0439018795026759 0.098718518803024 0.0539354407010511
0.146263899479798 0.109642661053583 -0.014016325419489 0.0845694452621885
0.0643087976999705 0.182142152469498 -0.0466176988161541 -0.0375369167146432
-0.0364939146729782 0.12626112264154 -0.00520578466314684 -0.179302171347469
0.0289328780668557 0.145049448656658 0.0614108343314631 -0.169284531922869
0.0985906152600343 0.0830273434414006 0.0328461314821894 -0.171016537301324
0.10270392933756 -0.0361363469673812 -0.0488072986554018 -0.132475028759523
0.0345387164589186 -0.0919862479244061 -0.0856655707599148 -0.0683935631115178
-0.029732208243179 -0.0872380558596652 -0.101924467211365 -0.0232275646019235
-0.0719845622498762 -0.0460794013305846 -0.0934998378157563 0.000172924685096864
-0.0788849719580985 -0.0256904690405204 -0.061755778773384 -0.0114116236957728
-0.0749888368402068 -0.0236514185448434 -0.0518764477859823 -0.04819092715373
-0.0692590436132958 -0.0617509986044193 -0.0174373238972891 -0.0932499652539709
-0.0248110663977853 -0.10250233070392 0.046094696455644 -0.113218851487308
0.0449362815386526 -0.107859156713376 0.125587389162223 -0.0515080116304125
0.131355068968453 -0.0166076221833226 0.0974832368899001 0.0370971273495071
0.0946082235925199 0.101931542465013 -0.0147465179033278 0.0656142045991746
0.0219332366620864 0.1371637102669 -0.0493018376878834 -0.0836476911652147
-0.0452474771222242 0.0473709611203574 -0.00478924006584081 -0.226253877004526
-0.0145331746761976 0.0765610928376164 0.05279674151372 -0.180613142343996
0.039492715076602 0.0557483280099658 0.0420627555650565 -0.167927803606638
0.0548534603480781 -0.00891958672703801 -0.026192170240479 -0.135993438423864
0.0222501715947733 -0.0451700231837507 -0.078719445492977 -0.0925235581263364
-0.00943939304878623 -0.0472461198665071 -0.115361151267497 -0.0441537786901043
-0.0389259304464134 -0.0294034541373095 -0.114593165821953 -0.0138740359492293
-0.047743279500897 -0.0191275728046965 -0.0842522458541971 -0.0203365406984687
-0.0477531863225026 -0.0193418956632548 -0.0739477965150505 -0.0584733912795031
-0.0428488909465213 -0.0445422711006961 -0.0356362106067028 -0.105975571600736
-0.011094276130859 -0.0703773929619903 0.0379936002007337 -0.129320706618824
0.0454325149457606 -0.0685041102893911 0.123500458015008 -0.0611708436940171
0.0919899109455085 0.0135301055221439 0.0969892764867029 0.0305997981128668
0.0341221249287803 0.0850164106869197 -0.0136200188023689 0.0522347423789449
-0.023794252677067 0.0771685612085868 -0.0391981044487122 -0.112656092421746
0.0473390297723926 -0.00618993605942699 0.0529327495448073 0.144934136331207
-0.000184836220922682 -0.0460443763113882 0.0657830486257593 -0.0550440180255423
-0.0359181618332881 -0.0200866782889719 -0.101782578537664 -0.0641335595591893
-0.0246674678514009 0.0255170523569476 -0.156179682105463 0.0603112607598394
0.00450361249277495 0.0231590963504128 -0.0607615808469992 0.164302558828451
0.0109318092474857 0.0128926258019629 0.0570875722482174 0.141146476940133
0.0162738738619256 0.00862956527128953 0.103109024121234 0.0755451752354054
0.00845877511557508 0.00498837686689121 0.109702607521146 0.0320702401558494
0.00142760856366368 0.0113423817981929 0.124754203802668 0.0142526007114141
-0.0129220079815457 0.00839907514762526 0.129118063818983 0.0421248016786753
-0.0110349154206448 -0.00488908528187957 0.10221107010114 0.0936348892826041
-0.0089964103209074 -0.016515946515792 0.036544149852334 0.135177243983798
0.025235171536037 -0.0289914880416044 -0.035319914842844 0.175840234890721
0.0555306302080862 -0.00674741821660408 -0.0703993551889731 0.199842910263675
0.0473298786133792 0.0420786793012799 -0.00602044694107908 0.252146466763848
0.0628179059570269 0.0648833427461842 0.0350445845097725 0.147541239984572
0.0553895637074738 -0.00549193358755764 0.0698972870913566 -0.0516037137587532
0.0182523567610899 -0.0282078445581921 -0.0961058996893714 -0.0790261829025425
-0.00442699261414673 -0.0207611538452 -0.170480565624558 0.0437911039537951
-0.00395945681356322 -0.0226591614789531 -0.0757092700290084 0.16200654177988
-0.0197367207478808 -0.0196063726338995 0.0448581659944928 0.145396271920605
-0.0233333962863952 -0.00349745098598587 0.0933933544191856 0.0822511408013394
-0.0307041755517591 -0.00609216250806328 0.103748639796819 0.0340865343627595
-0.037882339265841 -0.00637763758594532 0.117181835866251 0.00804475376303794
-0.0432575145975766 -0.0364409078937863 0.127838438634104 0.0229908530821471
-0.00654859902027269 -0.0637449267350223 0.116583550098889 0.0708419021780308
0.0346392061528484 -0.0591178205190521 0.0689218046163552 0.120440204693042
0.095437150361334 -0.0129684012913588 -0.00356470023182794 0.169235494360683
0.105284169375807 0.0687558502909628 -0.0491217399668731 0.184942484766693
0.0643731535191289 0.130140084234449 -0.00253795289013291 0.217017152644173
0.0598660290569586 0.134097380365454 0.0151480412393064 0.119850111675475
0.101513290717621 0.0546414825825866 0.0727086446247635 -0.061057729148555
0.082529916710029 -0.0181150698187218 -0.0842701882100416 -0.10518277000228
0.0325778299462628 -0.0644912824732058 -0.180448422751391 0.0119154394021766
-0.00409922442182596 -0.0734290180811619 -0.0947395208344963 0.143324986429601
-0.0453126916048088 -0.0580583015716833 0.0192980679039756 0.137039076363613
-0.0606375306697361 -0.0199932253706056 0.0672108448986384 0.0817060584009912
-0.0651032550308844 -0.0160540097211187 0.082522352552239 0.0312724586224656
-0.0700301386827315 -0.0176708582987968 0.0943804042050663 -0.00218290405413177
-0.0725640555108613 -0.0662814637424735 0.11255896929349 -0.00775493466462583
-0.0163845084083489 -0.110045667450967 0.123664947813251 0.0274105602435911
0.0534811232036883 -0.107717836214248 0.107166413691287 0.0866462662862146
0.151505751886164 -0.0265177195108975 0.0389382051881442 0.151660404394928
0.157504179588275 0.108786931856135 -0.0278274045611729 0.165269728052582
0.0864301282378182 0.191148717416246 -0.00480587741175306 0.160480494667222
0.0412810305685878 0.187311285894203 -0.00208820655588846 0.0627969825839047
0.127127563898903 0.122051417905013 0.0717131438449759 -0.0834268469476857
0.140893591830385 0.012813642011089 -0.0616667774489135 -0.136603475730539
0.0800026477132343 -0.0934356805274299 -0.174059637190726 -0.0325956122068544
0.00549700474463844 -0.117010900669792 -0.111041043683083 0.102385473942876
-0.0612295264830443 -0.0934113976997066 -0.0143871794938436 0.111015542176497
-0.0896551534385835 -0.0362258954280969 0.0284082658488547 0.0708097412578562
-0.0908351021774863 -0.0227872175342178 0.0497047841465863 0.0230542609950063
-0.0923651344741032 -0.0227463467800938 0.0601969977552261 -0.0148051228345202
-0.0938679861056889 -0.079448547263269 0.0832984030028859 -0.039147380160934
-0.0334289363102639 -0.135903954825499 0.113417492182051 -0.0221931186411201
0.0501172754353464 -0.145328595821504 0.133266865649063 0.0401070533575483
0.181405529223913 -0.0523404491902436 0.0767431836418745 0.120015379593038
0.189458595810069 0.119098554846828 -0.0135090107473932 0.139069363356347
0.10159299248312 0.218625159976774 -0.0162734387790614 0.0922275030402839
0.0121615479878351 0.208991180036309 -0.0116718401434688 -0.0186540939896238
0.120284770985857 0.173969058510654 0.0681464753609628 -0.115912083804958
0.170555369861844 0.0536171111169278 -0.0291978833898936 -0.162731673797447
0.12068375817591 -0.0949722824844233 -0.143443912878458 -0.0819549597063657
0.0217725943179563 -0.139569292434541 -0.115154195871583 0.0413613579605329
-0.0627306628475247 -0.115753824460083 -0.0513850174713387 0.0693508680028021
-0.1028870100736 -0.0485249654608865 -0.0172495853990587 0.0511144097514107
-0.104073995477665 -0.0268954422124802 0.00963924382062097 0.0119289017933343
-0.100224455768924 -0.0238976727060652 0.0198781009994189 -0.0271485098161316
-0.100994064734294 -0.0800482294230658 0.0463889177255486 -0.0652072651148313
-0.0433045358475701 -0.140728990626606 0.0899576309634916 -0.0653420333879405
0.0413721577080725 -0.156936836649525 0.13927384958425 -0.0055667499735014
0.182501508746889 -0.062837071345239 0.0971921784824804 0.0837869119494196
0.187771631295909 0.115017757834708 -0.0105605087445901 0.112178360382003
0.0970810566937469 0.213969116319898 -0.0344242420796548 0.0234639768299604
-0.0156405439758621 0.188954065733064 -0.0121704216147945 -0.107732226693034
0.0826502935076563 0.185551092744391 0.0643065320547884 -0.150740467474822
0.154210838723327 0.0838475371754708 0.00538635224823451 -0.176385136982542
0.130614350508579 -0.0719516191668246 -0.0966420926803508 -0.118845403506416
0.0339389768144189 -0.130653639814977 -0.105427602380422 -0.0217181178533779
-0.0517486855564089 -0.114236197385069 -0.0836134431640812 0.0207144568144873
-0.0974451051244365 -0.0521719926640054 -0.0614820319503868 0.0267453765081359
-0.0999781739206073 -0.0271697644667234 -0.0296405307803611 0.000499725655224414
-0.0951738797438592 -0.0233759760849163 -0.0202811409472908 -0.0380078376329184
-0.0934807809423739 -0.0733118880773557 0.00940980374632296 -0.0832984771552264
-0.0400325057292283 -0.128424890530383 0.0643190315531313 -0.0964793178629694
0.0396562674020497 -0.143062038643981 0.134234921775522 -0.0377396361054321
0.164215571476864 -0.0495920034308703 0.101524688306016 0.0545884051900117
0.153128767714694 0.110158629239842 -0.0128700320388575 0.0883248059811911
0.0682327025319158 0.186697499818661 -0.0484954342504604 -0.0363740015356461
-0.0356768342408479 0.132068282477723 -0.00923558998375283 -0.184415425113074
0.0329684887568498 0.148574331134636 0.0603121994157111 -0.175261006734601
0.104107306061213 0.0838288788582848 0.0318210652937968 -0.17792760829634
0.105129802309218 -0.0395983278510878 -0.0521840775440969 -0.1368870046249
0.0326330669237974 -0.096160250519518 -0.0902386183357625 -0.0705965444260291
-0.0335036557693217 -0.0897812364882644 -0.105843504734227 -0.0204098629509084
-0.0752591345675255 -0.0448308381183064 -0.0966979785845144 0.0051214659481109
-0.0811930520644538 -0.0240350217445232 -0.0644462502466834 -0.0100760262812728
-0.0775827259892837 -0.0213596013239361 -0.0539102668662523 -0.0490862339336804
-0.0725231759670072 -0.0616932183182927 -0.0203437002622008 -0.0968573088802062
-0.0287113769699346 -0.104533765727917 0.0448074681074305 -0.117851598170037
0.0431459295319646 -0.111434827546272 0.127874456083351 -0.0573776188727774
0.13481604318606 -0.0201266018306298 0.100580853088178 0.0363942002765168
0.0995964042926226 0.103149347456406 -0.0145449379592711 0.0682541759785011
0.0244298320099788 0.140973790611368 -0.0524407602784887 -0.0833582273501021
-0.0457569846717026 0.0501982491543479 -0.00921012128658117 -0.233997375827088
-0.0134350998420834 0.0797877623030182 0.0518413872763847 -0.186113495405433
0.0413402147178853 0.0559569141415581 0.0407224729201631 -0.174311537814407
0.0564574743204296 -0.0108442455643531 -0.0286476661299721 -0.141266586206724
0.0215746923498263 -0.0471755165873762 -0.0822114832743474 -0.0952829347271479
-0.0113133439954578 -0.0491875546983241 -0.121006504216798 -0.0417726951142002
-0.0407374125465923 -0.0293241902634983 -0.117701012730097 -0.00922537200947141
-0.049889922313415 -0.0180581613120456 -0.0872386573128958 -0.0186071754853968
-0.0494331319722716 -0.0185440992577512 -0.0769310828974862 -0.0581198681646738
-0.0458632824147858 -0.0445413258226801 -0.0394495727476343 -0.10852932548135
-0.0130257070342004 -0.0714721661996874 0.0366466035480472 -0.133958342022575
0.0443824605690315 -0.0709480920667406 0.126589780792341 -0.0653839917879826
0.094609471780882 0.011955013491871 0.0995573882701835 0.0301321865006028
0.037187200995299 0.0868912376775738 -0.0132153372770847 0.0547185872024286
-0.0237041624581598 0.0804838613914828 -0.0423053789709295 -0.114002956472049
0.0484602140560185 -0.00837096632315145 0.0625895641465217 0.144508111918893
-0.00252662071639427 -0.0468546574073642 0.0646520673717243 -0.0618574857878553
-0.037736342550428 -0.0183703470369757 -0.105758255803292 -0.0616415519007628
-0.0237679113064283 0.0275234258793166 -0.155994276153903 0.0686743585583318
0.0058875389876223 0.0239086447936392 -0.0536705705178195 0.171317367261307
0.0119632680086611 0.0124570510087844 0.0648017879904376 0.140088866711133
0.0173158695098921 0.00757417327122452 0.107713304240707 0.0703905070117966
0.00851783598100329 0.00458973618755227 0.11262981717621 0.0257718735695315
0.00165651181688898 0.0114514855276893 0.126864932916977 0.00658613359245996
-0.012267010622099 0.00894198453933823 0.133915691729386 0.0353239612998369
-0.0118670002097903 -0.00462175055623312 0.108821202781854 0.0899728936408383
-0.00959787379771378 -0.0164918032210737 0.0417816688638324 0.13690310258701
0.0242571858273806 -0.0308166073001967 -0.0295767347477866 0.181585465807126
0.0552301401525144 -0.00922350498156102 -0.0635434004785404 0.205105276145217
0.0500358797383563 0.0419300012523812 0.00304335320023875 0.25545710451602
0.0669628897265949 0.0634714796019582 0.043096184295887 0.147565863823212
0.0552087007934861 -0.0081287047518987 0.0693958954595497 -0.057895632009677
0.0171366860159349 -0.0291668773572177 -0.100502146252252 -0.0770443632826255
-0.00584316062838181 -0.0202479112909249 -0.170919371932835 0.0524808474243026
-0.00530938806329479 -0.0224497133996926 -0.0696404693144635 0.169131322881741
-0.0206606934158772 -0.0188967244014936 0.0520172619716735 0.145867589372603
-0.023628631707562 -0.0028295735711476 0.0990388139688089 0.0784580136685379
-0.0317660915913493 -0.00444633258747409 0.107039802491124 0.0277509607866796
-0.0386880762318749 -0.00416092435362122 0.119520535546392 0.000476379382197654
-0.0459768371579975 -0.0349046811321047 0.131113284732063 0.0155409707214334
-0.0101401500743703 -0.064216498601595 0.123527352657419 0.0656493338567383
0.0326426638682396 -0.0614655324608006 0.0743213668014523 0.119624864625394
0.0959655172806704 -0.0179083219369142 0.00271851464084305 0.174100005189795
0.110076421344886 0.0647695304648167 -0.0427604067432224 0.189402434506257
0.0700824706906736 0.131270412535855 0.00646950175287217 0.220623104606862
0.0669887272740013 0.134980752749759 0.0211519050223057 0.120912592945891
0.105586759008849 0.0505247445368222 0.0714256859391652 -0.0674286513290212
0.0833082443471957 -0.0215011894188616 -0.0889695847325882 -0.104915007055898
0.0300584983011742 -0.0660692831897079 -0.182698527929094 0.0202980935505586
-0.00837024950135232 -0.0738329984001448 -0.0899072206154942 0.150664429295342
-0.0491507276232581 -0.0562015249866374 0.0259680879285014 0.138704676174297
-0.061989326721179 -0.0164863873788383 0.0724904522707337 0.0796202781917387
-0.0671610688051734 -0.0125653071775542 0.085311451692324 0.0261991227941406
-0.0725392626532981 -0.0141347364130474 0.09598547865934 -0.00891707028496089
-0.0771600725526881 -0.063384645144456 0.114021046144409 -0.0144974545746412
-0.0230966472127041 -0.110505977147 0.128716287235568 0.0213435317871435
0.0488934280159517 -0.111338073641809 0.112042750007583 0.0834007391433036
0.152968017747381 -0.0349055390817315 0.0458433046359293 0.154103008550063
0.165055922983586 0.103329189244625 -0.0211279232216874 0.168113068299067
0.0951964660462802 0.19254406583803 0.00248123761276023 0.162938402434425
0.050390064426407 0.19012099427952 0.00139100192746391 0.0632665962033184
0.135032732841601 0.117652867356326 0.0704197535109902 -0.0898766677284326
0.14463091809613 0.00659691943797195 -0.0671684977090974 -0.137166344887669
0.0771006280757339 -0.0979084672125128 -0.178207980117342 -0.0257348926627007
-0.000571357687053295 -0.118757833096661 -0.10895554961408 0.108397679386608
-0.0673744398435117 -0.0913281238705891 -0.0096628238431595 0.11411129834659
-0.0920470642408467 -0.0316891446181811 0.0327019210365757 0.0707463136882199
-0.0935066000998401 -0.0178075133419637 0.0518205159627798 0.0204407585608322
-0.0934729481561166 -0.0176526371534046 0.0612478853621231 -0.0202006076765337
-0.0998497801138781 -0.0758411238724807 0.0826794570942221 -0.0449880442049561
-0.0409812611690261 -0.135894731124643 0.115378903904304 -0.0288145180662243
0.0435782484568899 -0.149020604097377 0.136534547417199 0.0340922884452249
0.181463723511127 -0.0622134210361233 0.0821047824645226 0.120385946286886
0.198667792628063 0.111920593625704 -0.00922649825673091 0.142237300689696
0.111559802031002 0.219321039269988 -0.0128236475980294 0.0940238892845041
0.0216809729227997 0.213101781074259 -0.0121527719507515 -0.0188944847805343
0.130647776610101 0.17098647058237 0.0650916452085787 -0.12180265649583
0.175890934161154 0.047675102271215 -0.0353345412921626 -0.165541890636525
0.117584725813711 -0.102209167860102 -0.149339127870016 -0.0777397142573563
0.0146083368297255 -0.142999400188065 -0.116053333964214 0.0468430406971917
-0.0706719917909873 -0.113998842342986 -0.049604565245877 0.0735492358198919
-0.106191779517396 -0.0433851772128817 -0.0145520484259301 0.0539538855723228
-0.107133896643301 -0.0208378868856935 0.010896725121524 0.0116984506279032
-0.102111639762183 -0.0186516859492516 0.0193840854529028 -0.029815389067318
-0.106753132335519 -0.0755255842426509 0.0433442411880244 -0.0693532750210029
-0.0513943245978922 -0.140713021015179 0.0894683464404883 -0.0712026903158943
0.0333628819769013 -0.160432295526275 0.141776067229396 -0.012754696937284
0.181715003139423 -0.0736005352704088 0.101011933309967 0.0820755240813762
0.196452075557217 0.107332055183535 -0.00660365376676406 0.114847397493222
0.106673264312284 0.214828456399521 -0.0334120584132309 0.0258946376910276
-0.0078190856053981 0.194554650934891 -0.0174843941633631 -0.109447299224587
0.092947614822785 0.184545170614246 0.0584282863019284 -0.15565579278978
0.160611169379665 0.0778744130159179 -0.000551492080701219 -0.180298252398479
0.128870692851756 -0.0793288850820829 -0.103014612605082 -0.117629500783873
0.0268291470508721 -0.134328704996645 -0.108862930426923 -0.0187888749518155
-0.0588603379330559 -0.113518744549703 -0.0846093172195212 0.0257980240374638
-0.101174394943637 -0.0466745049991314 -0.0602502644474821 0.0320071483761863
-0.102770735310979 -0.0211983310955974 -0.030479627010012 0.00230465644299043
-0.0967079380812433 -0.0179635131396248 -0.0219256866803858 -0.0392745217966718
-0.0978560264977571 -0.0694706365342528 0.00490302626430027 -0.0858723604959146
-0.0475576361782499 -0.128350434630809 0.061918082379035 -0.101370177955386
0.0326463218767609 -0.146425451685741 0.134461392581954 -0.0455629227861417
0.164352734443883 -0.0584119411526892 0.105275049131496 0.0521368878157375
0.160933718530658 0.104697799552171 -0.0101690828840127 0.0910546111247373
0.0762814311884405 0.187692531557891 -0.0506624493226149 -0.0341129989991135
-0.0301507309855458 0.136093495161307 -0.0172308244834668 -0.187780209120569
0.0404516178464494 0.149847529874526 0.0542445281571821 -0.180322201504341
0.109571394370443 0.0802502842908685 0.0261662821339891 -0.182812654861892
0.103851745771831 -0.0455579788418165 -0.0579191184016562 -0.13804702834941
0.0279978878849047 -0.0991243490762826 -0.0956158580794822 -0.0690712275860874
-0.0387836471913055 -0.0894844165425397 -0.109694050928319 -0.0148743438049963
-0.0783565919701837 -0.0408121522213848 -0.0965643286866256 0.0117336506733209
-0.0836302885458927 -0.0194142517691175 -0.0650994604814158 -0.00674433238152099
-0.0791007330449821 -0.0179143480999692 -0.05665847821787 -0.0471899401522015
-0.0771307813307873 -0.0584205745393757 -0.0256844320063082 -0.0978015039646903
-0.0338388648252419 -0.104232315020918 0.0410446057262017 -0.122100364346771
0.0379733452477684 -0.114467389412745 0.127420466948405 -0.0645407915207625
0.135555514073728 -0.0273931624507245 0.102701454549981 0.0337200683636164
0.105933463576225 0.100376959548551 -0.0124832512737835 0.0708888898322557
0.0299988941436271 0.142825889282863 -0.0561194965777015 -0.0808178184432087
-0.0442249375907973 0.0532287342207675 -0.0190819594583275 -0.238243419554869
-0.00957905569780867 0.0817269021040006 0.0447802084916699 -0.19032262768982
0.0447480767506406 0.0551708530877839 0.035777550465217 -0.179507360165534
0.0563252718942229 -0.0139199298647843 -0.034270555317349 -0.144187412370372
0.0186122638118866 -0.0486195405469434 -0.0890541107859382 -0.0944696990744067
-0.0143591195286464 -0.0497533817421428 -0.12532969336442 -0.0361227162310747
-0.0425679952424501 -0.0273420727157075 -0.119115660122478 -0.00144541563611005
-0.0509432725736567 -0.0153369142672136 -0.0889095498255926 -0.0145045687285041
-0.0512577029255332 -0.0161520813212684 -0.0804842433378602 -0.0559389846136304
-0.0489522312922864 -0.0426534742855957 -0.0450808196127449 -0.108870343075373
-0.0167062163069926 -0.072108777920684 0.0319279941875689 -0.138366375435186
0.0422046828865074 -0.0734628704255849 0.126093897924175 -0.0732627146532962
0.0963830274452603 0.00749146071448857 0.101666223866916 0.0268540332434541
0.041618352802476 0.0874279612534607 -0.0110108752631167 0.0569453198247917
-0.0206327047290294 0.0828774706403387 -0.0480169735596643 -0.112431991471474
0.0480760012055361 -0.0113356991791414 0.0696235822275927 0.139716259604286
-0.00510940987308511 -0.0463039944511129 0.0614228800620283 -0.0668985437326642
-0.0382761458495156 -0.016622786006325 -0.107876739518665 -0.0568869379282248
-0.0213894818084224 0.0287273023955454 -0.151473245485257 0.0749970935912047
0.00724532491805338 0.023766288932429 -0.044066636247566 0.1734787509694
0.0128320994071096 0.0120613019239729 0.0713641977784052 0.13574501482116
0.0171869999074107 0.006374503272721 0.108922468277745 0.0631505988428472
0.00819096390284791 0.00388971588947964 0.112496831530951 0.0189799877399965
0.00251684213614616 0.0109074231040066 0.125327055563203 -0.00166377387473833
-0.0119226514237999 0.00955174958627302 0.135607998597396 0.0271247152686616
-0.0118008188771968 -0.00439063452450779 0.113526912008226 0.0845185401454961
-0.010079343382056 -0.0154017817465832 0.0461703267348562 0.135427364286511
0.0219199998456549 -0.0321763266450612 -0.0208151565168767 0.183913038074869
0.0530038194808896 -0.0116153161740297 -0.0546798490808198 0.204976553468612
0.0519408304502769 0.0407170536567964 0.0138924061187882 0.252773507282183
0.0696006362132958 0.0603976275434019 0.0508698884134691 0.14429393872692
0.0541615108522202 -0.01080917216941 0.0663626543268946 -0.0639291474137019
0.0159148694920705 -0.0293500804000898 -0.102480541951269 -0.0730811521054758
-0.00648018666140263 -0.019369997183355 -0.166988232820446 0.0611177988526018
-0.00633357484771674 -0.0217565311471879 -0.0605091749554887 0.171800379678714
-0.0217197286717671 -0.0174197808370943 0.0591721779385422 0.141800757499535
-0.0232945733414109 -0.00172348222208634 0.101639874297899 0.0712989050623227
-0.0314970441487605 -0.00235173387227855 0.106924923142742 0.021061392606991
-0.0383859770675774 -0.00213110249290005 0.118120959694322 -0.00694177595034213
-0.0476539608302672 -0.0321986508555208 0.132048814563124 0.00832906967456255
-0.0139187840428076 -0.0633783306202351 0.126285548074231 0.0592701226572372
0.0291758551573957 -0.0619673733594793 0.0777377668948939 0.116214822406637
0.0944117023640938 -0.0231691342844414 0.0103098776655514 0.174274395741443
0.111900530794304 0.0587653693224422 -0.0343848741909972 0.189016031302123
0.0758869631757983 0.129024844407833 0.0157077931007099 0.217759679376972
0.0736516342009516 0.131464761487191 0.0270348509782903 0.118412405906583
0.107051880455602 0.0447399414727096 0.0677070327272209 -0.0720920040816417
0.0817610149757883 -0.0254769414724125 -0.091849513809533 -0.101589373432636
0.0259833820011101 -0.0667497729367251 -0.180390325635929 0.0297777925195682
-0.012858262043166 -0.0724276368162135 -0.081878856523364 0.154540678405023
-0.0521792838142679 -0.0524152929929997 0.0324153600275451 0.136207074967952
-0.0619444118780685 -0.0131339051728779 0.0761645386752769 0.0746412666958464
-0.0670884227003154 -0.00851437066840048 0.0850294601552808 0.0206598076552497
-0.0715453052110452 -0.010053735629535 0.0948514305854861 -0.0158227873562718
-0.0804081053230226 -0.0581492393763248 0.112568388854832 -0.0215893265010099
-0.0295846063988684 -0.108278253653965 0.12985808821858 0.0144345475886939
0.0422744789643594 -0.112154386009851 0.114186959326626 0.0783546157692469
0.150239486598912 -0.0425191094507913 0.0514961142040795 0.152675782249956
0.168576712928657 0.0943202424962791 -0.0151994017455082 0.167135676528009
0.102537672283544 0.188402914653442 0.00965421095314759 0.160863069625475
0.0594339044092332 0.187323398215732 0.00403829165050942 0.0622906936591521
0.13999445838429 0.109926241966123 0.0655569140414513 -0.093593790577524
0.143793074374195 -0.000247485640249822 -0.0712284343259367 -0.135206904113432
0.071223192608069 -0.10045709782312 -0.178069488421624 -0.0175633442656203
-0.00717233708848761 -0.118286449258085 -0.102978783477161 0.113262702298993
-0.072360312770978 -0.0867092443887366 -0.00442757931037064 0.114174447299394
-0.0920943787688966 -0.0263727396125395 0.0369031731934133 0.0690257187942189
-0.0927854702225415 -0.0121604903064179 0.0518410168438793 0.0168111988235307
-0.0930436069346495 -0.0121753593091241 0.0592435826541665 -0.0247661281614259
-0.102898994927327 -0.0690183591452177 0.079131223186361 -0.0503199723332185
-0.0489109501893831 -0.132772955856312 0.114941560307685 -0.0349962049438876
0.035020437407836 -0.149268450465358 0.136439094299604 0.0263092854089023
0.176566429710654 -0.0716282426848707 0.086461097395624 0.116682845602605
0.202802793104384 0.101068594328751 -0.00334236422019776 0.14120254005187
0.120166031103289 0.21385339840214 -0.00830962632675221 0.0943096500346123
0.0319705193818025 0.212420748493421 -0.0139823897464526 -0.0184714674469683
0.138282543385461 0.162816318573244 0.0586630193831237 -0.124445955644381
0.177071984533207 0.0387142914077949 -0.0403380999107361 -0.16437920023758
0.111473756794266 -0.106836658445701 -0.151583205389794 -0.0706738604913704
0.00592587111517593 -0.142039546170118 -0.113593091767488 0.0514430355559611
-0.0766347175016459 -0.108847530986362 -0.0462827626542637 0.0761211200166854
-0.106464995860387 -0.0371029370942216 -0.00991541955430248 0.0553423094162762
-0.106416746880688 -0.0146496518657769 0.0108699895876651 0.0107102393016792
-0.100993762529459 -0.0128068540504557 0.0177849622682226 -0.0323572000583912
-0.110014130363491 -0.0688146518958091 0.0386935702984376 -0.0722844857162411
-0.05907704986392 -0.136347855922397 0.0863375340978191 -0.0764175166206782
0.0250063251500364 -0.159306875996364 0.139208174696609 -0.0205022024460099
0.176333292652167 -0.0822965242970912 0.103212589678456 0.0779555841752294
0.200238909788211 0.0967236324895821 -0.00249297077438224 0.115091696470954
0.114674531437923 0.209918559901754 -0.031389985976153 0.0283615704045505
0.0019035383126322 0.194596976667689 -0.0229752938609346 -0.108079700291537
0.10149185089347 0.178309109878135 0.0511208256201627 -0.156730612103145
0.16384546992 0.0698305902167784 -0.00664650785025582 -0.180413840793862
0.123837017020164 -0.0848097106633642 -0.107517991365431 -0.112537987253457
0.0192859724919486 -0.134589698465697 -0.109388923566996 -0.0147536656799456
-0.0654870265889566 -0.109402273040339 -0.0834393898796322 0.0305624609695064
-0.101743141902142 -0.0407911376158026 -0.0565641324183684 0.0361932333640847
-0.102397848752178 -0.0147795993307566 -0.030183827360853 0.0033749264472285
-0.0961908998912521 -0.012567843878559 -0.0236807460809157 -0.03892198381505
-0.100617394704614 -0.0632556158207277 8.87977652361598E-05 -0.085708101650148
-0.0544002791628527 -0.12483653245002 0.0576113183740769 -0.104825464657075
0.0246022183847061 -0.145004085479095 0.130416801924826 -0.0526478204607709
0.15964142639316 -0.0668436802107666 0.105253928025635 0.0475620777773557
0.164992506042275 0.0959090884662154 -0.00671012031005751 0.0912066294505961
0.0833024549424841 0.183433088708744 -0.0510244920187828 -0.030729477423921
-0.0233092034268151 0.138148510203133 -0.0261407716240397 -0.186004848274068
0.0474531571661243 0.14596262981217 0.0463838238933415 -0.180924889079486
0.11283267680172 0.0738614309555997 0.0190737953227632 -0.183006590623067
0.100321861673893 -0.050856242964903 -0.0629695424832457 -0.135851386587369
0.0218974037603171 -0.0998220347506031 -0.0986055161428102 -0.0660931200880832
-0.0443400861834523 -0.0867094259158016 -0.110328699749817 -0.0079910518986736
-0.0790562613628121 -0.0357267903268667 -0.0941323133601757 0.0182852229071801
-0.0833881970416632 -0.0144474318515912 -0.0647044807757499 -0.00316722080820301
-0.0785786129296992 -0.0130504110668135 -0.0586180813317829 -0.0445737240070162
-0.0793682447308834 -0.0539012447177116 -0.030875579778694 -0.0960816829841024
-0.0394758660396665 -0.10135386019826 0.0355859698992753 -0.123372541696526
0.0322474409751491 -0.114591932479577 0.122800265866985 -0.0709667109229918
0.132416154400638 -0.0342586479132726 0.102720795200481 0.0288474525416562
0.110114633740106 0.0942386980887348 -0.00942667757951332 0.0715640031033876
0.0357898590778723 0.14083379758167 -0.059004132975377 -0.0767636927650745
-0.041783475239615 0.0556709713159932 -0.0299726869740042 -0.235026139281189
-0.00555055141924408 0.0812738768213574 0.0368090646096254 -0.189221342329428
0.0469949024984438 0.0519757729549086 0.028275075875525 -0.179962693602021
0.0542331596679752 -0.0168452961443162 -0.0394180020991287 -0.143159680267148
0.0148901880699121 -0.0493035752501155 -0.0935954353577826 -0.0919408626061066
-0.0178625654561184 -0.0491398382643823 -0.12672431069583 -0.0284760776840233
-0.0430300706825351 -0.0246539660177093 -0.117275492182441 0.00637386416669567
-0.0515525867389535 -0.0121763259102053 -0.0886635601919249 -0.00869271042636952
-0.0515303186179803 -0.0132378689490719 -0.0829463045309583 -0.0511501822185524
-0.0503962328128607 -0.0395291843140814 -0.0503390780753957 -0.10537142034946
-0.019839164113162 -0.0704239534871843 0.0257942461399055 -0.139540703321629
0.0379727190345683 -0.0749124686685794 0.121347361109428 -0.079512934571552
0.0962579114607299 0.00230579835865843 0.101287085843087 0.0224411910235296
0.0456304018907947 0.0842790477320621 -0.00855609446778365 0.0584537525660872
-0.0171784044919748 0.0834518791224064 -0.0523647216277657 -0.107778332564096
0.0460401944376356 -0.0125388013650337 0.0734469535502543 0.133156802910191
-0.0064758889885906 -0.0448218127669353 0.0566152739383225 -0.0698694315129794
-0.0380691285743232 -0.014953342935841 -0.107325287394759 -0.0534197909836078
-0.01964295955548 0.0286981516443857 -0.144779765840612 0.0781805893549747
0.00827110647414725 0.0232933217937765 -0.0365821623278495 0.172069228504352
0.0128532968281272 0.0107943871942346 0.0748140906207712 0.129637145146236
0.0161327646453155 0.00495694091117007 0.107205556836435 0.0566555268706667
0.00819591759592907 0.0037479455238922 0.110223615820069 0.0138901002664307
0.00302939551275223 0.010280988352569 0.121972312262759 -0.00764955914915827
-0.0107917897492764 0.00971731124433198 0.134448499364866 0.0206562594689828
-0.0121584203768646 -0.00393580340777184 0.114402025442984 0.0788888768046737
-0.0105037043455534 -0.0140797150811362 0.0478878724032516 0.132685064841568
0.0199870115674669 -0.0327231349361118 -0.0144354301652537 0.181142559688215
0.0513007607243357 -0.0125031208928069 -0.0477389938128252 0.200926147505839
0.05328874673344 0.0389784069936788 0.0197131428381498 0.246364565085366
0.0703935702451175 0.0566089485906632 0.0545711434626909 0.137546838585593
0.0525468977780564 -0.0126973976801496 0.0621235725125958 -0.0665404177929765
0.0145302049916965 -0.0296794042259377 -0.101530739414343 -0.0702192870474063
-0.00713300825388474 -0.0180562813335205 -0.160640463005041 0.0646632432337254
-0.00732859180839133 -0.0207680381086334 -0.0526278081164076 0.171103606853517
-0.0217302799335622 -0.0159743404921148 0.0630713616451122 0.136154466068652
-0.0224593067288746 -0.00111979488344958 0.101592118667667 0.0651430315923676
-0.0309549072542937 -0.000944049643848108 0.104678031677692 0.0159225265203386
-0.037256706494213 -0.000402304700748862 0.114179599739418 -0.0128422158770599
-0.0480174977548043 -0.0289397704930583 0.129563034180257 0.00156888506568293
-0.0160884506287169 -0.0611151039460052 0.126700395656843 0.0525319391034113
0.0259987955960758 -0.0612148590851784 0.0785871462900796 0.112466064048089
0.0908123215404124 -0.0262359361398117 0.0149010171437847 0.171421225388263
0.110837654216037 0.0540363645598417 -0.0285808559237145 0.184680971497127
0.0784886947867031 0.125403967596527 0.0206598593453624 0.211517802156422
0.0763707267575376 0.126553884677812 0.0303081359198546 0.114178102398077
0.105712956413605 0.0396772942275251 0.0641812380822964 -0.0743953361344263
0.0789962363461142 -0.027114537662141 -0.0919513633439908 -0.0986645875631052
0.0228892520323749 -0.0650436828578023 -0.174900280064951 0.0349334733797998
-0.0148333400025643 -0.0698457769908821 -0.0744786666946725 0.153950396721646
-0.0536010663112681 -0.0486204731255349 0.0365245560906591 0.131926248974751
-0.0602307871481997 -0.0108507835910892 0.0771680869539551 0.0689190620100727
-0.065477943910896 -0.00483729311670763 0.0836820774787956 0.0164740973055401
-0.069267994495839 -0.00660318867031607 0.0915966380365323 -0.0210105996444944
-0.0806125603419774 -0.0533658535693124 0.109297762454297 -0.0260030297746818
-0.0333714351951782 -0.104567856444456 0.128219573974886 0.0085169679924756
0.0369918660082439 -0.110501122411374 0.112425090643108 0.0731277932986646
0.14448466017402 -0.0469206129597553 0.0544977865389265 0.148947437798107
0.167860791060632 0.0862713553423877 -0.0102306969558012 0.163684117522697
0.106329173734491 0.183074815867938 0.0138434285040338 0.156801819516627
0.0646051770118239 0.182059991023185 0.00573938666462911 0.0607392598105582
0.140493107271283 0.101355583016181 0.0610658078519619 -0.0948320463562613
0.140793858454701 -0.00499449551431977 -0.0725097105227502 -0.131886875315073
0.0658832747432661 -0.100237907091044 -0.174184533855919 -0.0115818587821646
-0.0122208487779259 -0.114392553185725 -0.0968018697135007 0.113799000610304
-0.0741325137085606 -0.0815370172797615 -0.000398495705861509 0.111942500915961
-0.0896480146692552 -0.0220640415971345 0.0397987998741835 0.0657869657398977
-0.0914167259964587 -0.00791579577527247 0.0510138121061032 0.0139511523028837
-0.0901849411731483 -0.00808949341303491 0.0564421583012425 -0.0285627705983049
-0.103336702624225 -0.0627682179504185 0.0749856565416082 -0.0534758210931978
-0.0534868470905719 -0.127646578571018 0.111903367200568 -0.0396367273863427
0.0287650519448076 -0.14603151532514 0.133157692389493 0.0211107853746203
0.169467754021932 -0.0763402889424621 0.0872670798127831 0.112705171871039
0.201734391676208 0.0917608923101094 -0.00016765858075426 0.13830452744726
0.123748742092307 0.207479778389288 -0.00512408902249364 0.0923481723564856
0.0389034512719733 0.207367206924059 -0.0141426339827618 -0.0177870739060075
0.140344039199417 0.153518724086274 0.0537506515982759 -0.123851920819708
0.174603508375197 0.0318175687701821 -0.0430752670630532 -0.161072087779683
0.104845091061904 -0.107815203461586 -0.150169663958128 -0.0645636249048374
-0.000155646055467127 -0.13900724742688 -0.108979428139826 0.0531379051171651
-0.0799622421756751 -0.103294581032524 -0.042676174174451 0.0763004903304287
-0.104003150592636 -0.0316598600928047 -0.0070275866989313 0.0542386949324084
-0.103526059624246 -0.00913411161508918 0.0110134735132535 0.0103340043401872
-0.0977370243838884 -0.00817633243861724 0.0158375943519767 -0.0336488345522961
-0.109848522242087 -0.0630686321954998 0.034493664938724 -0.072089129817391
-0.0636404637373747 -0.130749939269111 0.0832656044817455 -0.0789366911707077
0.0182926198127643 -0.155512251232111 0.134024299795097 -0.0253603430419288
0.169159041142448 -0.0875960199474447 0.102536378740935 0.0741834177858505
0.199523155125135 0.0873567636659867 -0.000556650919568623 0.112910589131271
0.118044676128117 0.20268435831646 -0.0300286362642333 0.0286512638061983
0.00816790797490828 0.190526554549732 -0.0267569559814475 -0.104827548923542
0.105181569858142 0.16998281185027 0.0457455455493758 -0.154356945261616
0.162414398621772 0.0628265783288652 -0.0106502123315676 -0.176898033953451
0.11714617536296 -0.0870744292760011 -0.108041865540605 -0.107350100448969
0.0131078702786058 -0.131699162336534 -0.108338513787068 -0.0116921193069341
-0.0692683655028452 -0.103836830870284 -0.0811047892601097 0.0334757788704295
-0.0997612488310943 -0.0358563341706314 -0.0526039788836168 0.0387134561261978
-0.0997599256092709 -0.00986644945937929 -0.0289752039019471 0.00482431033287359
-0.0927002857693871 -0.00842953674557161 -0.0245733811665966 -0.0377383854752597
-0.100134416380249 -0.0577871285063634 -0.00388326883669694 -0.0841624432740059
-0.057997689510855 -0.118826902966521 0.0534105857217887 -0.105153544529721
0.0186350445630313 -0.142068617596817 0.125350573695626 -0.0566294992597574
0.15304749877511 -0.0709543992084909 0.102980590025939 0.0440153449465062
0.164861194481333 0.0872995435853239 -0.00493007265073042 0.0905929572171269
0.0863705951829736 0.178155574081094 -0.0504745409318871 -0.0273304210550614
-0.0182211560054398 0.136081413237819 -0.0314420705672049 -0.181084173535759
0.0511257326326391 0.140384281283258 0.0398611648402532 -0.176551198174002
0.112333487700614 0.0683298679584473 0.0147637292645728 -0.180628938950796
0.0958735013650808 -0.0532698933604504 -0.0652277820076501 -0.131274268884362
0.0169963508988274 -0.0974990267828476 -0.0991362763187387 -0.0631338856923191
-0.0476058230003272 -0.0829340776011333 -0.108716223449961 -0.0031903561297368
-0.0775919325687349 -0.0320676438008088 -0.0900766689654777 0.0222394572039158
-0.081125027010661 -0.00981158274921099 -0.0631396182616606 -0.000206389552822365
-0.0765476217534671 -0.00992158844638973 -0.0590961076432684 -0.0424447075313593
-0.0793235932838703 -0.0495552413519869 -0.0336122450000484 -0.0926843200559966
-0.0417539551366025 -0.0976337453107289 0.0317427035106346 -0.12304403348719
0.0272767208215451 -0.11181596163273 0.117267015287537 -0.0745213666647074
0.127985880547455 -0.0380076697061145 0.10013148265064 0.0269992947961907
0.1107394541335 0.0890613176581267 -0.00764807871879706 0.0710216362153165
0.0388198034799462 0.137414863885498 -0.059289898130837 -0.0713979778220889
-0.0386141319426333 0.0565201312086025 -0.0365656040155614 -0.229405656000979
-0.00261062028397366 0.0792171907470009 0.0313676610094844 -0.184889076432709
0.046409958956734 0.0487724931095378 0.0227613816471197 -0.17709570630062
0.0515216766802891 -0.0185145604878893 -0.0424119764370628 -0.139928140556533
0.0125622988159045 -0.0482515220611063 -0.0953635896595324 -0.0878437105604931
-0.0198260895619156 -0.0471439818117017 -0.125443682961808 -0.022390203347255
-0.0431083242099664 -0.0228062164609372 -0.11320235490168 0.0115798451168267
-0.0502921532817845 -0.00879690278397962 -0.0859770259340452 -0.00531151528255424
-0.050178205468681 -0.0106465090623 -0.0820410273072701 -0.0468337060916359
-0.0505607475401228 -0.0366763007945678 -0.0526001297512634 -0.101393306354702
-0.022126432336822 -0.0681407859596997 0.0210845894329758 -0.137205708815625
0.0343962940278794 -0.073901427858198 0.115602392072527 -0.0816382583445612
0.0933353531091879 -0.000904712746987612 0.099475584801765 0.0199121568761097
0.0475369973241299 0.0817264551425835 -0.00690572747661131 0.0581235066350673
-0.0138433643710338 0.0820979833212452 -0.0543796440585002 -0.1019342393953
0.0482002081852521 0.00978046696522957 0.00981586725399356 0.143665103630117
0.0130836684950519 -0.0417460269251742 0.0769444161327589 -0.0412634479795293
-0.0276397672705612 -0.029695606201537 -0.0755600667274853 -0.0916531188249213
-0.0287002124152655 0.0175640523578358 -0.162051397206289 0.0131153964079031
-0.00126362901945889 0.022505316297012 -0.102226920514983 0.139146181567172
0.0066367937115748 0.0144931840361525 0.0135642000317891 0.145171988101778
0.0122932864430354 0.0103683181041797 0.0720609826751202 0.0927621541868553
0.0061118855985795 0.00665316419918265 0.0920815413281888 0.0558213743242325
-0.00131825589494684 0.00944509909814742 0.111794664109156 0.0409845483671778
-0.0131045330180512 0.0034118208591417 0.112724027248017 0.0722642941412752
-0.00734064295645455 -0.00849105841762581 0.0693294447891323 0.116184942228692
-0.00175255275624415 -0.0163488162919822 -0.0136512538203559 0.138778725651166
0.0323885334338074 -0.0207291950364871 -0.0868473559013117 0.155519418241437
0.0511806969335379 0.0110620151165232 -0.12240377905466 0.161533612051664
0.0362909957097953 0.0594388794325598 -0.0873953592080958 0.230573640020743
0.0386325764091595 0.0841781715744415 -0.00204904801009078 0.137079709488467
0.0516081079043351 0.0114901323233767 0.0828497186347487 -0.0396464959891141
0.0247529940712247 -0.0201466544477889 -0.0630339430165682 -0.108322654711937
0.00230529696440821 -0.0179460001304316 -0.173749387339685 -0.00677742651188672
0.00334910634418447 -0.0220715786125954 -0.118135824598515 0.131934492359533
-0.0127711949717021 -0.0229502954941348 -0.00133705152359416 0.147249454940229
-0.0193955578903401 -0.0106689587359621 0.0636316092071551 0.098539914302793
-0.0272780542755672 -0.012824714039888 0.0869174446649334 0.0553031440523705
-0.0320067072704871 -0.0158588691961077 0.10692404576074 0.0323352131378446
-0.0315831668003986 -0.0447617402360627 0.116869722912522 0.052095348735649
0.00984013895405638 -0.0623520958716176 0.0914050241171236 0.09786702717662
0.0492492200193948 -0.0446430226571327 0.0230224196266539 0.132719217603626
0.0952895434411554 0.0117494844048214 -0.0564875725026619 0.160348802534667
0.0813087746177223 0.0924157053235758 -0.101009524476665 0.158109675843604
0.0264499585094015 0.148553798780515 -0.0757607338524568 0.199836542099978
0.0125742961953134 0.151297062008586 -0.00702356734813452 0.103718467955177
0.075782762050018 0.0801918020397879 0.0910942942508747 -0.0475849644360105
0.0817514040650084 0.00928424566457061 -0.0413205198105761 -0.134224851233394
0.0482565283981406 -0.0465039347567419 -0.175284279691999 -0.0424820839923505
0.0169643037610529 -0.0683801542527646 -0.133361756149555 0.10656330089471
-0.0271075325983816 -0.0644897000404428 -0.0245354936132618 0.132875346829549
-0.0481743859213041 -0.0339942243994212 0.040500359338652 0.0933144184724464
-0.0565855726427041 -0.0306849371708212 0.067628808511388 0.0479788437787056
-0.0584591661966802 -0.0336000950047385 0.0892566465009175 0.0150333005280068
-0.0518960236856128 -0.0793936270122495 0.109436653328892 0.0185368363509185
0.0107858890586365 -0.108497092585056 0.11163026674146 0.0584474637980525
0.0773576105384386 -0.0849616996064095 0.0707313999879487 0.111036207003569
0.15273499915644 0.0117003450052389 -0.0118886645293473 0.157272332742081
0.121087901250616 0.142399832308573 -0.0782175594153332 0.150183112298841
0.0305238586737937 0.210256099343825 -0.0625622773494778 0.147504341908077
-0.0233712656490381 0.196515534497361 -0.00167081188138359 0.0460965605011382
0.0790768804395746 0.149757350917685 0.100823578035913 -0.0679135504387181
0.12779265937097 0.055079149422337 -0.00715049051238771 -0.159976702363306
0.100225979023248 -0.058366559272059 -0.157438432017419 -0.0876153039123036
0.0379214632395034 -0.106250546544674 -0.139448316773769 0.0608256442594835
-0.032884244942203 -0.101988735727631 -0.0508078602916985 0.0998568135023676
-0.0691475308851241 -0.0555731445195479 0.00749047880147381 0.0758536795652686
-0.0782707177410535 -0.0426354362391072 0.039213531162377 0.0321355130608556
-0.0757458113395734 -0.0430465973338667 0.0613082765554696 -0.00582974938948481
-0.0692062386759269 -0.096274160609237 0.0894641617398373 -0.0201006408463317
0.000717673258835373 -0.136699371227301 0.117007199783502 0.00873385211998641
0.0828296353388882 -0.120394424660172 0.110703534866336 0.0722143641175502
0.187062955240423 -0.00688381967413572 0.0328422159291798 0.139097078964615
0.149894341397293 0.158919112232981 -0.0582602063133444 0.133417956317018
0.0360231752181301 0.237955206875017 -0.0546019013620716 0.0824153432475898
-0.0582914081043915 0.207053334198125 0.0164128482409778 -0.0305753163516393
0.0566384832752245 0.195911083302682 0.109180499238769 -0.0955919070722449
0.1414125409335 0.102071975933884 0.0341885662399602 -0.175058068616615
0.137354915358032 -0.0489943228744862 -0.113978392679259 -0.128211509207798
0.0587309649652588 -0.122010982393795 -0.126399817136618 -0.000249160608669263
-0.0286128435691917 -0.123087272913895 -0.0753489687944306 0.0510591622790377
-0.078316439931453 -0.0697845512872957 -0.0292553567847039 0.0474045514323081
-0.0886166307410949 -0.0485262475067298 0.00553295035890466 0.0136558224648936
-0.0834619983963614 -0.0456992846870413 0.0270561182256886 -0.0268476826536817
-0.0748546309497371 -0.0984600969926869 0.0609917396476144 -0.0534154883385306
-0.00855531949605821 -0.143271244235261 0.107028409330696 -0.0377718057858484
0.0766431229277663 -0.133189102305228 0.131814531479399 0.031305723327726
0.189843349620409 -0.0178130311013273 0.0614743530546968 0.111253683316015
0.149032705323178 0.15403482749931 -0.0483370647735097 0.111449419669526
0.0319033842147898 0.230589789371077 -0.050434314671051 0.0157588245331642
-0.0787703726018556 0.178066015575104 0.0399903850307058 -0.109604410444353
0.0181794128876555 0.193865234435894 0.115275706168879 -0.123149343056502
0.11719793158039 0.124197586524139 0.0718917706744524 -0.174721702255256
0.139101457170993 -0.0253569147625821 -0.0562513634866862 -0.151295284466068
0.0671029903862831 -0.11010919584517 -0.0983156963698352 -0.0590277787587343
-0.0188162991891581 -0.119927434147981 -0.0913826674440122 -0.00339173550755876
-0.0733471012780314 -0.071058903207432 -0.0638617553872647 0.0143215057964024
-0.0852766829186817 -0.0481204088889265 -0.0283276209619581 -0.00697038903526476
-0.0788802213320543 -0.0444202904553235 -0.00680260620402718 -0.0458474418739565
-0.0686818162188783 -0.0901603328672337 0.0308439194804284 -0.0791137394192498
-0.00783603001273597 -0.130516847780672 0.0913393022159651 -0.0732259779744624
0.0710088430363309 -0.120530769689505 0.137509505502589 -0.000608079445298451
0.1686178544423 -0.00868992017674852 0.0742054013351609 0.0848854385776693
0.116979326726784 0.141288682049921 -0.0437127689677386 0.0881764923620298
0.012311653134497 0.195743656621133 -0.0439738414161092 -0.0440259027450469
-0.0780526193633548 0.115573355680849 0.0619022450727833 -0.17607058765271
-0.0161588246988804 0.145744913976042 0.117682527038334 -0.14234023122974
0.0704503959387956 0.108061961713665 0.0954269643208251 -0.163523339719855
0.105523148237374 -0.00449915558404394 -0.0046526846697345 -0.153865349890964
0.0561982363525326 -0.0772830965705441 -0.0670898525311733 -0.101320241791178
-0.00799297222485637 -0.0925610060954507 -0.100021102597004 -0.0478885894107458
-0.0550439901345135 -0.0597105356233943 -0.090405155367995 -0.0150135256248598
-0.0687014978485798 -0.0403077095869835 -0.055719122770589 -0.0247124781856877
-0.0644309900557597 -0.0384234957961509 -0.0355486946986866 -0.0632394164560506
-0.0528828151090944 -0.0745129030681513 0.00838939159087441 -0.0978343287109892
-0.00177567759525517 -0.104502178517336 0.0792477820486812 -0.0976572092831729
0.067322785493566 -0.0912103667586567 0.13702711612986 -0.0193326467769182
0.132508436378596 0.0116895846982904 0.0781256860818994 0.0668876733248773
0.067342543100591 0.122053603505761 -0.0390091824583395 0.0683838809962876
-0.0167603001249131 0.139654586283077 -0.0311219629787418 -0.0886898398145245
-0.0606886407063115 0.0337169382786662 0.0688200571471586 -0.216605900481355
-0.0372471735127972 0.0687364476383163 0.109965311817007 -0.150598075237223
0.0202206671751858 0.0624387592179843 0.0993987054078052 -0.152481230958775
0.0524533995363247 0.00639904549349282 0.0200003316612766 -0.148957998910901
0.0313184981838076 -0.0354653414712161 -0.0508092943090809 -0.120841011626312
0.00161980783595545 -0.0496663775377204 -0.105242054781376 -0.0712277796677568
-0.0284265132412944 -0.0371355034218815 -0.106517996091253 -0.0344304809938892
-0.0417644755479464 -0.0272522837634841 -0.0742104302537622 -0.0384022762858688
-0.0414515035509066 -0.0289851938289528 -0.054484968089103 -0.0751274586442371
-0.0325706450816745 -0.0523474711198106 -0.00517593833778991 -0.112684515359442
0.00512391644018762 -0.0703393448123731 0.0751962164792587 -0.11388656134413
0.0587940131790159 -0.0540711683788295 0.137783147200552 -0.0258865822376137
0.0867554497981493 0.0329572909850328 0.079669841553055 0.061491848433391
0.0130634216389739 0.0929627394799686 -0.0338465645053666 0.0534333478266041
-0.0452854426448807 0.069100505407609 -0.0109745935737249 -0.114979376268135
0.0485944663046398 0.00899831249355665 0.0122205887821747 0.142701398633362
0.0126085746073871 -0.0415468362007328 0.0754267141292439 -0.044317835600842
-0.0282287376492303 -0.0293662835723113 -0.0764223606787564 -0.0915758890111173
-0.0281277771660684 0.0176994874919422 -0.160738623921111 0.0147875890003736
-0.000441879860044915 0.0229173586147232 -0.0991435681456481 0.140846054277649
0.00686688772677965 0.0140851616379944 0.0158342689555416 0.144139077780911
0.0120427995044391 0.00954246132329739 0.072294625443867 0.0897555975823828
0.00578010387422652 0.0056777986446497 0.0923020886315016 0.0530845896407584
-0.000904036981036236 0.00901541454004627 0.111520252957461 0.0375353862903111
-0.0123274236130744 0.00369597654313329 0.114673648127843 0.0690161561834494
-0.00792522084348791 -0.00865878848987089 0.0707388706990173 0.115670831145959
-0.00182969479439542 -0.0157712798427571 -0.0137872965995618 0.140577245165233
0.0318292284641697 -0.0214130186765123 -0.0850714900971121 0.156665691659131
0.0511965184834351 0.010654867589195 -0.121458098534548 0.161002432252789
0.0374563633742284 0.0595440725264081 -0.0852777561377013 0.230210513365915
0.0401565821874347 0.0839642147726838 -0.000155029320032548 0.136044045358013
0.0515112562234376 0.0106259540790511 0.0814764366295011 -0.0424898919874412
0.0247275423709684 -0.0205806162022994 -0.0639132724492307 -0.108615908373729
0.00202969636314339 -0.0176867073419292 -0.172544842594169 -0.00510014002645652
0.00294224996059738 -0.0222520453554939 -0.115094520977654 0.133686860028677
-0.0133207212819449 -0.0225328668650096 0.00175939523965913 0.146573803001064
-0.0192830802164139 -0.0102725828944685 0.0642267207422972 0.095629053539888
-0.027149945967203 -0.0122947432494257 0.0869826930205087 0.0527688089093298
-0.0320786951542481 -0.0150806943364271 0.107187125481196 0.0287468702910722
-0.032144457093989 -0.044235503112556 0.11813842546814 0.048946931788716
0.00839423817735512 -0.0626575906993591 0.0933878833082424 0.0958253309303907
0.0481160506374406 -0.044654803006701 0.0223383655401351 0.13351992989065
0.0947282569115268 0.00994507291885638 -0.0550012618777268 0.161807520197977
0.0822707925845459 0.0913994562068201 -0.100515478798349 0.157496254865809
0.0283750271723445 0.148902164342194 -0.0740360413511126 0.199748720835677
0.0148434108998167 0.150701158097393 -0.00636403477618969 0.10364193099754
0.076794639761297 0.0785834839108118 0.0895453866339182 -0.0500554517300808
0.081835539707893 0.00762558466081413 -0.0419112514457819 -0.135340416052525
0.04721013450593 -0.0464914881630305 -0.175267474665625 -0.0406405089969524
0.0153229629829976 -0.0690446110823275 -0.131478980483682 0.108731425463146
-0.0284806038589409 -0.0635870505193225 -0.0222360508508961 0.133268728827591
-0.0482901560818711 -0.0331081927018569 0.0420350702449875 0.0912578472946748
-0.0568122363174968 -0.0289625453076198 0.0683617655014097 0.0456140685907997
-0.057955059855156 -0.0321990946578159 0.0889541990194597 0.0119243667459375
-0.0534025751530591 -0.0777974307343816 0.109820146643469 0.0153554672265848
0.00782586618515359 -0.108896191464213 0.113150017265682 0.0563835309158335
0.0757044901523765 -0.0852582193593422 0.0704019810544638 0.110551163441166
0.151833468531396 0.00892090747067035 -0.0103945336581439 0.158015624419372
0.122827661527123 0.140361931573065 -0.0773551072030287 0.149841428313785
0.0322525241196627 0.21120476492634 -0.0614287782745709 0.147480956224981
-0.0202280460652959 0.196739252742439 -0.00145008043910486 0.0457835505869904
0.0811152179332175 0.147454200823265 0.0994300809948316 -0.0692592635545298
0.128453827827916 0.0532624661563366 -0.00760335815237227 -0.161175245493151
0.0989049483754395 -0.0595767183870793 -0.157740147489619 -0.0860642833965155
0.0356065311027348 -0.106355559145615 -0.137023581828838 0.0617077684551723
-0.035152270069927 -0.100574347050065 -0.0490991576438894 0.100857028055208
-0.0695830560932327 -0.0540998113949527 0.00956759312240358 0.0745906981395104
-0.0782806460911142 -0.0403010426390596 0.039865793741719 0.0314365241139914
-0.0758605786652174 -0.0414183266217801 0.0609031451239322 -0.00825618261005853
-0.0708866892612333 -0.0941861621200538 0.0892485906332418 -0.0225855029983085
-0.00227885576029692 -0.136666190652723 0.117804979106821 0.00597621793027078
0.0804123753308371 -0.120683727709924 0.109762957892714 0.0707410096554462
0.185677730553584 -0.00984195843594819 0.0330932669417979 0.139138931568007
0.151912334470824 0.156443255100348 -0.0589076430668224 0.134043819568882
0.0382854075524294 0.239100606780957 -0.053969138753925 0.0834124353178369
-0.0554975504071446 0.208182357345053 0.015169296871172 -0.0305671180927339
0.059500226853011 0.193806310366949 0.107711940021583 -0.0961945976413074
0.143295844599984 0.0996385825900454 0.0340642580364647 -0.177252274348258
0.136077233712692 -0.0504043017065951 -0.11407645885127 -0.127451165197856
0.0563031752443616 -0.122901564991593 -0.126017407380579 0.00071112455614055
-0.032397024212915 -0.121869892881755 -0.0744825109039986 0.0522990847809341
-0.0782268979945523 -0.0684118568253795 -0.0277923535469814 0.047795219493176
-0.0885008135354315 -0.0463297317072763 0.00525668064182888 0.0138070585728853
-0.0824088314804145 -0.0443649687258729 0.0262000517363191 -0.0284487853905464
-0.0766794521845137 -0.0964600402557941 0.0590525479016977 -0.0547085399406569
-0.0113786072396514 -0.143048554204583 0.107323107637561 -0.0406212413075547
0.0744061917709831 -0.133743693093077 0.130486266304287 0.0287272818831566
0.188391353412812 -0.0207902133311639 0.0613427778971124 0.111083773572696
0.150966904371482 0.151968748896483 -0.048502773943315 0.111996316628035
0.0344712028076937 0.231675600527361 -0.050056164042371 0.0165366120581819
-0.0764712609968427 0.179404953257876 0.0383890217527023 -0.109916113964883
0.0204407434623723 0.192643679517388 0.114155515813128 -0.123502800231673
0.119270405343021 0.122469249342632 0.071819568620958 -0.17637483198565
0.138044451573541 -0.027277237160628 -0.0562452465857809 -0.150296146554531
0.0646659059720263 -0.110219717352038 -0.0984917098231343 -0.0592349840616272
-0.0214858166737186 -0.118873507507213 -0.0917013227645876 -0.00169553711637819
-0.0736110130674215 -0.0706011842925779 -0.0624631067662805 0.0158274755806648
-0.0853995016092491 -0.0450273995436943 -0.0281603958548855 -0.0056373392158537
-0.0788034747457494 -0.0425059173163623 -0.00829380062285292 -0.0463449652670154
-0.0699986631067015 -0.0880043953438683 0.0295287474976964 -0.0798036156051273
-0.0102601246067609 -0.129348068711538 0.0916712973770303 -0.0754641595307525
0.0692817340326873 -0.12009643144359 0.135405748717455 -0.00283299403399306
0.167398846332446 -0.0119471223254143 0.0738432698807806 0.0849290477196235
0.118969362114619 0.139343298409164 -0.0444099203187245 0.0892015038620929
0.0133584158793589 0.196209226891815 -0.0443522678855095 -0.0424885914236669
-0.0763099592408282 0.11720818945971 0.0594651406866986 -0.176035743260955
-0.01395704396248 0.144074197927366 0.115565115989193 -0.141621212179884
0.0715062453807132 0.106460641159874 0.0948801662471983 -0.164522023728819
0.104440590521976 -0.00628618584001269 -0.0061806778681033 -0.154717156291128
0.0541628122687594 -0.0775330407470431 -0.0683771863432059 -0.101734124824809
-0.0104878127218914 -0.0916179636117258 -0.100864276664501 -0.0457092175472833
-0.0558116639525913 -0.0587423476129635 -0.0894750960053202 -0.012381434555231
-0.0686284467331367 -0.0382934517606398 -0.0558795370758398 -0.023568169364902
-0.0642086665152183 -0.0367526356508205 -0.0363265521770383 -0.0625761367408444
-0.0543464628086715 -0.0732115794345851 0.00678940219747268 -0.0980124533649156
-0.00362988315812872 -0.103521858466826 0.0788168252286302 -0.0995014595152819
0.0648701411930706 -0.0907856892230567 0.135582589691648 -0.0216932718186858
0.132111544812759 0.00918838190536741 0.0770017824236272 0.0675609274081511
0.0688692910282184 0.121585789291772 -0.0390491047016821 0.0692341177246291
-0.0153280768740939 0.140038050310272 -0.0322145784309632 -0.0871897727133849
-0.0598100996746397 0.0349981685252678 0.0666433045461491 -0.217151936354327
-0.0363389409645285 0.0689095264796979 0.108553444760477 -0.149161341189002
0.0208603579892166 0.061615426247599 0.098749067459632 -0.153323461350522
0.0511479502268617 0.00557092947785775 0.0200173455816743 -0.149657765670597
0.0303790437759009 -0.0352771313495625 -0.0525892357064853 -0.12194764472613
0.000473404255178159 -0.0492496732244763 -0.106607617757865 -0.0689333333337247
-0.0282706331998818 -0.0367691714081833 -0.106549478645988 -0.0309142247467276
-0.0416316017093134 -0.0257979209594573 -0.0745887233649378 -0.0368303471137649
-0.0415861788361089 -0.0284091464225345 -0.0554915034508631 -0.0747066190565839
-0.033985874039795 -0.0512483926758888 -0.0063816648954614 -0.112350898246049
0.00372962017481869 -0.0700268646888857 0.0739154769996442 -0.115454212279148
0.0584168407108691 -0.054054934512342 0.136896966082598 -0.0282210721361057
0.0868601273273282 0.0316046412154841 0.0790467236143219 0.0608629720953066
0.0145530733413631 0.0928228459688693 -0.0328121420777787 0.0551337144642345
-0.0440694658840702 0.0696866716295325 -0.0121936728881456 -0.113367627472866
0.0494164131009607 0.00803620536574558 0.01631402893074 0.142489607053788
0.0112286680852486 -0.0423426511604801 0.0743099177694468 -0.0479987162333231
-0.0294183724941576 -0.0289144579998038 -0.0789754006613491 -0.0911199382459501
-0.0276772493247289 0.0187833444947334 -0.161362855768248 0.0183560381049642
0.000676616914596178 0.0229623023028888 -0.0954753556942284 0.145854191916385
0.00750631098181389 0.0140446689714772 0.0207878255533641 0.144276827688293
0.011599814619901 0.00914701712852651 0.0743189821204106 0.087317059506993
0.00607887552718607 0.00610219768012509 0.0942521445098347 0.0497764251470411
-0.000538123888384321 0.00904958228837463 0.113271330691297 0.0332093724235212
-0.0123582986061666 0.00437270916881412 0.118315518248943 0.0646079203716074
-0.0080639203862769 -0.0087416504183748 0.0750298791243292 0.114727181774221
-0.0021021413476606 -0.0154829631768804 -0.0117306282316252 0.143645051671511
0.0310205519663618 -0.0227463059887407 -0.0821161283836827 0.160842423849732
0.0516902019849275 0.00954873722653374 -0.11997306814314 0.163169594271735
0.0397102966816683 0.0601825531810473 -0.0806426515161199 0.233287310337462
0.0430766340142576 0.0838469052040581 0.00322539936640848 0.13622971914853
0.0520173150588751 0.00895434573091686 0.0797349400593582 -0.0455647371194652
0.0241487071471886 -0.0217397503893391 -0.067204270707517 -0.109183994352374
0.00146092321462256 -0.0175643837587139 -0.173215429930403 -0.00109932146698122
0.00234729871285539 -0.0220589513173168 -0.111719065692528 0.138031173756582
-0.0142940073584386 -0.0218932262666806 0.00671641562716815 0.146775012597242
-0.0202133911656414 -0.00990175721650502 0.0671749838036259 0.0927692925222429
-0.0276892622676681 -0.0114023663633179 0.0887484012135474 0.0498124398753255
-0.0320917630658297 -0.013771888611697 0.108040543810984 0.023981244439543
-0.0340504363209728 -0.0427542170321728 0.120683291686612 0.0439568515810976
0.00588198366827042 -0.063162461701281 0.0979224791110771 0.094874008856591
0.0473644746351075 -0.0457022564611405 0.0247155867481889 0.135073338365087
0.0955517745715198 0.007181654787244 -0.0525725051495078 0.165688988845105
0.0849727503138889 0.0903662451334115 -0.0984726451513994 0.160112455546728
0.0329484722300894 0.150486063778533 -0.0698687826214599 0.202875470516559
0.0197764554406432 0.152819335967326 -0.00398172669619464 0.103861113179759
0.0799643403300482 0.0766302574399293 0.0887877356011674 -0.0536070529680199
0.0828699763034582 0.00517694067404374 -0.0448118499914098 -0.137123757638315
0.045787390195172 -0.0478805339020198 -0.176964688925738 -0.0364277586741105
0.0125890830993285 -0.0690092171833574 -0.128441955581698 0.112424576587735
-0.031129801763787 -0.0625898764652684 -0.017828548394878 0.134432334649682
-0.0497949163491479 -0.0317234252622889 0.0449472575457335 0.0893870200811024
-0.0581883746345017 -0.0269336228472653 0.0697123848650894 0.0432562896046821
-0.0588265768432027 -0.0305357569298944 0.0892313991255214 0.00759122853258865
-0.0567108775019171 -0.0762463047479327 0.111826050873898 0.00992242839834079
0.00392643809794432 -0.109600332461943 0.11606781615122 0.0521160932632094
0.0739773204867022 -0.0876024043782378 0.0722988175264244 0.109982220965536
0.153124940497801 0.00440930485165757 -0.00772742309402254 0.160781171672263
0.127258772150197 0.138731617584695 -0.0752017546328421 0.151967608550204
0.0379213358901466 0.214597492024795 -0.0583271847701945 0.150327259683066
-0.0138434822520442 0.200075758329637 -0.00110274573794649 0.0457990475629676
0.0860552127854265 0.145600976153158 0.0980060968032718 -0.0725341640674609
0.131470383019554 0.0500511308931534 -0.0104389733427207 -0.164482326787632
0.0977181055061002 -0.0626336096681698 -0.16027046091651 -0.0821820859642401
0.031949543442162 -0.108431939627875 -0.136320125703071 0.0655601423083373
-0.0394993149880472 -0.0994526208468176 -0.0458897420404555 0.103278201623446
-0.0714270731615958 -0.0525656986041094 0.0121711479558363 0.0743356561236316
-0.0796095048984406 -0.0375989479119903 0.0406439644012493 0.030135772016669
-0.0762300686875848 -0.0394431830727431 0.0601875827301145 -0.0117285844279915
-0.0743313865327821 -0.0924244437774978 0.0893421771168241 -0.0267555087731964
-0.00802575336379824 -0.137759993343688 0.120042361708939 0.00120506060264394
0.0770502847609614 -0.123469657366589 0.111478830522748 0.0689588125641613
0.186487368725486 -0.0160658107718978 0.0354795918363057 0.140965635018496
0.157626471109044 0.153761244349018 -0.0574433938378535 0.136277564808033
0.044653508246169 0.241719883116774 -0.0522775832345186 0.0849088473049189
-0.049576308769646 0.212203321386713 0.0131571062939859 -0.0306386660454388
0.0652406542459393 0.192142861034521 0.10572506976991 -0.0996350764392963
0.147857090594324 0.0968427155028588 0.0310163908788407 -0.181096261023315
0.13521128705368 -0.0546156066964049 -0.116974494838024 -0.125331821870864
0.0525459037013786 -0.125297348626875 -0.126346972233388 0.00286532550581165
-0.0369802500645957 -0.121024912609991 -0.0736256017226006 0.0549080505550856
-0.0812184280940336 -0.0660874869361252 -0.0261351203735819 0.0486247809631931
-0.0903065774460655 -0.0429609793888716 0.00619428262591966 0.0132798255878793
-0.0836241587476051 -0.0419528034991013 0.024701919178799 -0.0305068068703123
-0.080665892115897 -0.0942555841619591 0.0581384703797641 -0.0580332864054598
-0.016036223763089 -0.143309500883483 0.108424656672535 -0.0448198584230519
0.0700528517199061 -0.136119436524533 0.130987864096952 0.0251608063436462
0.188962098422328 -0.0269855381683199 0.0635658343053416 0.111897989586729
0.156954379196638 0.149014158342031 -0.0479418953605196 0.114919036537129
0.0396378517660801 0.234438905896489 -0.0503886563670819 0.0183169403214221
-0.0712359040592667 0.183235864920001 0.0353775681227579 -0.111427997322766
0.0262639607411087 0.193314068431095 0.112227270768708 -0.126472565342902
0.123373697597474 0.120028835209621 0.0692107514668716 -0.181021141941119
0.138152540419042 -0.031071394505556 -0.0595801557228111 -0.150350067073367
0.0614998228775389 -0.113145691607762 -0.100871415689174 -0.0583502929580106
-0.0268143229892422 -0.117944383306159 -0.0925108749536462 0.00126727824976083
-0.0758979655556178 -0.068346321804741 -0.0617686083866487 0.0182936781093673
-0.0867250687725426 -0.0420967605123449 -0.0281256409897844 -0.00475922139155492
-0.079039527551783 -0.0402097750353332 -0.0101782499159487 -0.0469184318153826
-0.0728356374068292 -0.0863265941536673 0.0276207285412287 -0.0820079995700366
-0.0150190505813643 -0.130211326938541 0.0906616879173697 -0.0799776982540337
0.0657805063566278 -0.122680221448541 0.135533652477192 -0.0077822760479578
0.167880155749128 -0.017737591912301 0.075005699169623 0.0855476985856053
0.124868869306685 0.137951816201413 -0.0437290739118435 0.0921522814241482
0.018372159304208 0.198760906885737 -0.0461532900706519 -0.0416284868838393
-0.0733840338133921 0.120826877006867 0.0553656550829317 -0.178134931987453
-0.0106718071940935 0.14622719110737 0.114358877363579 -0.144421548053974
0.0751879396287843 0.105549536566684 0.0926957087508666 -0.169077056965857
0.104459723742108 -0.00925549370606938 -0.00847285702955576 -0.155830323567945
0.0520767914442807 -0.0800403577632264 -0.0718037439568728 -0.102604248088645
-0.0143426007638414 -0.0914483279212175 -0.103880073760971 -0.0423421309784006
-0.0578664004230086 -0.0574368089541392 -0.0901951948060461 -0.0091097098704718
-0.0699897990266097 -0.0352527540332607 -0.0568232302916493 -0.0211808317864244
-0.0652212429524662 -0.0350854397822937 -0.0391317504246189 -0.0614264530914521
-0.0570152446866372 -0.0717792462097572 0.00402742396670133 -0.0994928850159131
-0.00680386797403978 -0.104080456388541 0.077201594463827 -0.103678659031579
0.0634111598304816 -0.0927629431620692 0.135586370930917 -0.0256868657577226
0.133217169229889 0.00516608940000539 0.0789875253900165 0.067316665202073
0.0731632722634663 0.121164303294972 -0.0384145295622851 0.0718593884702183
-0.0122937206352261 0.14238143754622 -0.0348940028874649 -0.0864766818868886
-0.0588723530063768 0.0371234557318762 0.0622173459276976 -0.22026662589028
-0.0347144423360625 0.0706633920919884 0.107269476569904 -0.151748939928491
0.0226072543758389 0.0622006494463116 0.0966734078508672 -0.157050144823491
0.0509357406913849 0.00432877178822313 0.0179477864937051 -0.152116639362573
0.0294208734129918 -0.0366568104255746 -0.0566580129972929 -0.122839349536877
-0.00146898175313374 -0.0493145465886152 -0.110040969022131 -0.0656980616441715
-0.0308312315116722 -0.0360904190193424 -0.107257143810029 -0.0266423735756537
-0.0424235104512139 -0.0240387229887669 -0.0754238153490785 -0.0340563799945353
-0.0422827181391385 -0.0265999088292661 -0.0578925811589004 -0.0733903170400911
-0.036144514278373 -0.0501430026484007 -0.00920381018863427 -0.112630864065262
0.00137458215199134 -0.070532835994786 0.0718922476198001 -0.118972492037325
0.056676367767104 -0.0561481690436465 0.136491287652015 -0.0319213286094536
0.0883465946037255 0.028516159087156 0.0799923598752414 0.0605072950172145
0.017541574106891 0.0940295146917051 -0.0323467819509133 0.0572616620809793
-0.0429015704797889 0.0715664108885006 -0.0157650232762253 -0.112878422189904
0.0496765688749525 0.00579629310403286 0.0234009265322981 0.140753367848069
0.00912912621462701 -0.0423473335754086 0.0703617532893169 -0.052023643797252
-0.0313219077015205 -0.0275436456013305 -0.08310075386098 -0.0874848005231056
-0.0262672230751537 0.020411463743125 -0.15945005238424 0.0252158732861737
0.00183451482959672 0.0225743961188639 -0.087153281787083 0.149397627746926
0.00828695741728574 0.0134380074162842 0.028089817316167 0.14180891766272
0.011999911952407 0.0085428747263272 0.0767168868421867 0.0821690546834551
0.00584442462179466 0.00533575159738984 0.0963262515391706 0.0434137838130361
0.000193811766556427 0.00864156775253771 0.113595014901068 0.025370365716108
-0.0114127221460089 0.00439767129000931 0.12159566328571 0.0566026852505006
-0.00854658043976404 -0.00806179220122149 0.0808863325070427 0.110743869472649
-0.00274324393112088 -0.0151043010308472 -0.0058603069836169 0.145317390951379
0.0289398514510559 -0.0244030643144942 -0.0738477006173534 0.164673599793304
0.0517588488381138 0.00750795011741271 -0.113254689119171 0.166489505232292
0.0435449692556607 0.057882018178064 -0.0708953064310359 0.235593576372896
0.04745681997963 0.0818887709779609 0.00995776727927282 0.1356437020198
0.0520635497116691 0.00645641778794886 0.076478427240291 -0.0502704257983258
0.0227639291236373 -0.0231879447873588 -0.0721241043494515 -0.10724745919993
0.000474423936220446 -0.0172906327314654 -0.17173657248995 0.00620121667162111
0.00107369006904112 -0.0219819917274896 -0.103541741004307 0.143568853509615
-0.0155525648469962 -0.0209612484572003 0.0142447276452922 0.145451603839324
-0.0211076015108116 -0.00900352283879285 0.0707873445173413 0.0877487370924665
-0.0282201492550018 -0.00964458977590776 0.090630398242784 0.043639074986627
-0.0325638822291738 -0.0124763996315277 0.10769517239584 0.0158782924421684
-0.0362563179095646 -0.0411185909418678 0.122944390279768 0.0359361759294734
0.00190219713428277 -0.0634835388846685 0.102909114294414 0.0887738121510894
0.0449213638326258 -0.0472521751532657 0.0297782026663331 0.135019721339094
0.0947967264764701 0.00197723031057592 -0.0442380190999031 0.16762584556344
0.0886981089919949 0.0862586782951075 -0.0922103511127705 0.16267653298197
0.0407896048498238 0.149429755818536 -0.0611051327908843 0.20486810929457
0.0277194893843006 0.151517429475698 0.000506624037732351 0.104392411700816
0.0827940065414362 0.0714494268859861 0.085275598784563 -0.0582400024484489
0.082507072336821 0.000769386607144249 -0.0507814607440652 -0.136498346392211
0.043221695089787 -0.0498275836775183 -0.177171537119909 -0.0284545027578555
0.00869788290794776 -0.0696529581713339 -0.122175613809058 0.118233558710829
-0.0349021021106077 -0.0601481127388883 -0.0102876541365655 0.134117573306432
-0.0513645194287017 -0.028947216793726 0.0494183688738913 0.0855623920133345
-0.0586618875099277 -0.023539778504378 0.0716918019208041 0.0385090202951355
-0.059445960543412 -0.0277105648332458 0.0882582308534309 0.00132448340434328
-0.0609152486165289 -0.0722580290998243 0.111608046914282 0.00309790854568116
-0.00297828660331472 -0.109305167424341 0.119847794582636 0.0454390406096307
0.0683988610567182 -0.0906056020788127 0.0762370087711149 0.107125580160274
0.152565297929936 -0.0035117337398112 -0.00118423530847763 0.161388278160912
0.133599968819322 0.131426191100143 -0.069427841978226 0.154444097026969
0.0483823932176406 0.212917609890612 -0.0518503047688161 0.152006531040117
-0.0036042788167778 0.199759524267232 0.000548380698683147 0.0464505484043346
0.0925254697980894 0.14027127646564 0.0938986234607921 -0.0778527634247279
0.133557156496976 0.0424438312127575 -0.0172690941334931 -0.165434200886773
0.0937227118131231 -0.0669596288981615 -0.162599788975646 -0.0750598900320354
0.0257883801368806 -0.109671752088926 -0.132240443794359 0.0709184365175894
-0.0447524637591335 -0.0961867662259206 -0.0406605714977932 0.104816683338893
-0.0740924382658133 -0.0483358891120053 0.0159204948066796 0.0724693752957047
-0.0807972337853415 -0.032810610911554 0.04216290981552 0.0277018354619416
-0.0773236717203658 -0.035269435305004 0.0582162175609483 -0.0158644859269026
-0.0790895827328456 -0.0869511210377231 0.087367288796734 -0.0320928490763927
-0.0158464537568739 -0.136463628720149 0.120932216053461 -0.00589504237410829
0.0701515980681156 -0.126331211874385 0.113116307825958 0.0639626018501431
0.184301163092975 -0.0258054532700072 0.0410558692888463 0.140099395298781
0.165352258467381 0.145360281376051 -0.0520996587207251 0.138589425756651
0.0563747307876564 0.240576868661493 -0.0488355810607966 0.0873247789419629
-0.0379623735696176 0.214076778585515 0.0112710968935574 -0.0309333894094715
0.0741720786889248 0.187219402698552 0.100583809831337 -0.10358626250839
0.15207867774173 0.0884766658996886 0.0234542450137123 -0.183373535527894
0.131224787521908 -0.0611162822162224 -0.121469137712283 -0.119726094759317
0.0449120744280714 -0.127292603229838 -0.125788220875966 0.00797567219883108
-0.0439384743873102 -0.117515809531996 -0.0703293628913397 0.0586030783951262
-0.0843312809689619 -0.0613614786037026 -0.0225364332152037 0.049858289883501
-0.0908419548818951 -0.0374591058993223 0.00669340273915502 0.0128388314295774
-0.0841741401662222 -0.0376328738154809 0.0224419047811807 -0.0321703434227463
-0.0851851368843078 -0.0886365715859719 0.0548638535088913 -0.0616050520953285
-0.0245105410787969 -0.14171260819408 0.106425048957753 -0.0517568515399661
0.0629771539438631 -0.137780517351529 0.130510196272007 0.0187365053744499
0.186244433383211 -0.0375651774090765 0.067305312850446 0.10968823688612
0.164128663963576 0.14029138005531 -0.0439834003425949 0.117446876725476
0.0505685344142168 0.233904177908393 -0.0494903098950537 0.0206602605527675
-0.0613838566036821 0.186574905569923 0.0292377361710405 -0.111944647034338
0.0352595640173049 0.190447613378783 0.106035154609403 -0.13015041330514
0.129315639568915 0.113383101923852 0.0618098362553786 -0.184749862442466
0.135341406279925 -0.0377258525469673 -0.0652935637999334 -0.147369246437203
0.055006663933255 -0.115772722989217 -0.103645712188131 -0.0547667169944392
-0.0336138921532283 -0.115354382690247 -0.0931562910999528 0.00649483231409326
-0.0790883412281514 -0.0637066668893492 -0.0597936913976491 0.022119745513309
-0.0879596436578804 -0.036519491017448 -0.0279979204735644 -0.00249372704451219
-0.0800942124839352 -0.0362325452647049 -0.0137056870667514 -0.0463559252745143
-0.0778237895330551 -0.0809457519740775 0.0231675467819174 -0.083175696156363
-0.0222960546424819 -0.128603927913602 0.0875400867244534 -0.0859261135239409
0.0588894515883569 -0.124758187425195 0.133275984869397 -0.0140350470976274
0.165453279063961 -0.0266134958628081 0.0778185078755784 0.0828921853000626
0.130990099915075 0.131040123057175 -0.0401434785672385 0.0953480621734856
0.0274626859855764 0.198200449420789 -0.0476860224713143 -0.0379251373356344
-0.0665963629158557 0.124131483748028 0.0471257753528611 -0.180009211798607
-0.00386899087909084 0.14524962084557 0.108083651800774 -0.14789866254102
0.0803147650002682 0.101140942320188 0.0853583328299642 -0.173319837215471
0.10349773924721 -0.0141515752966114 -0.0142884952370994 -0.155024267881492
0.0469305503520308 -0.0822005345334652 -0.0770710179446582 -0.100588745516217
-0.0193186590024877 -0.0897507444994902 -0.106163158583533 -0.0365235196379554
-0.0606487525583576 -0.0533032222056534 -0.0896302297944169 -0.00357856630874772
-0.070362929206507 -0.0305293875220463 -0.0568496528117136 -0.0174036423023585
-0.0661402048392311 -0.0315761561041612 -0.0424328067882508 -0.0587728064494017
-0.0608105849295345 -0.0674677756049623 -0.000554346694109445 -0.0993688782109141
-0.0125931704249126 -0.103290863308949 0.0715637113390247 -0.10801246714631
0.0574881843434411 -0.0953350455575167 0.132722605154135 -0.0329292052711381
0.131787678845914 -0.00206553587291868 0.0805065833685153 0.0647343610978712
0.0793584980342456 0.116778711870967 -0.0353298117727374 0.0747368418707101
-0.00556820915069936 0.143259073668416 -0.0388819859349722 -0.083671454223705
-0.0569438090110965 0.0398256435098349 0.0522285275496614 -0.221654368407003
-0.0311981701223841 0.0719370668885187 0.101345247846042 -0.154203427243004
0.02562676626 0.0602101911661758 0.0901883685624827 -0.161165068479924
0.050468572709893 0.00185965705903981 0.0115922321568159 -0.153463673456845
0.0271648427045279 -0.037968786617013 -0.0635199958380184 -0.121611142286748
-0.00411431113991688 -0.0489128598719105 -0.113390091992122 -0.059064739659252
-0.0324464399772279 -0.0342295169122451 -0.107940468411328 -0.0203182347083613
-0.0430975472449076 -0.0208711285021316 -0.076108302740353 -0.0296846302797264
-0.0438336276108723 -0.0237954090350742 -0.0612660359124065 -0.0694035383106008
-0.038561333713389 -0.0475815891131736 -0.0137611415357302 -0.112062688443137
-0.00190669734745662 -0.0699759575889978 0.0658085847295302 -0.123156251667212
0.0533613958033314 -0.0590416724303998 0.13476094789328 -0.0390971623835104
0.0885269483116302 0.0238333510884642 0.0818825830356704 0.0573980670650821
0.02262487707988 0.0931168282690206 -0.0297633906085939 0.0599207771793501
-0.0395532541458093 0.0739426708565804 -0.0209923018590289 -0.111012262142508
0.0488902352779201 0.00307940829241471 0.029929553305986 0.134557321739613
0.00663868510141794 -0.0416205343462451 0.0641169283446395 -0.0545405369329085
-0.0322327535898752 -0.0251833285498759 -0.0849127468001369 -0.0807725651045439
-0.0240817547628876 0.0211066588462681 -0.15240553360524 0.0305842162102173
0.00314995610569985 0.0218119709623734 -0.0758736005915687 0.14912138503189
0.00850131675162172 0.0124041127285353 0.0338832266836732 0.134683378884728
0.0119027277448723 0.00764475667137794 0.0764541317430384 0.0747309728672473
0.00636759242681929 0.00428960378044652 0.094198695948445 0.0365077579680398
0.000410718543688035 0.00772891645300635 0.110621978174982 0.0173905849531529
-0.0104551717684622 0.00481469971977669 0.120777526957248 0.0474179767742375
-0.00856101906958935 -0.00782546085743907 0.0847669146798299 0.103684050455245
-0.00277394398905206 -0.0139543766241184 0.000786166519080206 0.143386981219307
0.0264246897014333 -0.0249052344087835 -0.0631079284285549 0.163034162272394
0.0500539772415427 0.00469416546232944 -0.102736375090524 0.16536147536135
0.0455376761492499 0.0541833294299428 -0.0576598451223648 0.231233294348438
0.0507894995934537 0.0765837769367739 0.0161101310415753 0.130473498596294
0.0501765976172282 0.0032082505021922 0.0704623831184581 -0.0531870372571058
0.0204060499021168 -0.024151231853557 -0.0744495742414153 -0.101225759505265
-0.000814201280022687 -0.0162191563065409 -0.165382348852193 0.0139457243083279
-0.000222283143507981 -0.0212287005160076 -0.0924933562458992 0.143037896003893
-0.0158693586953631 -0.0192556778608864 0.0210992145265597 0.138364315213057
-0.0204478539057791 -0.00739735052928855 0.0719839775257116 0.0797243611741112
-0.0279427447286 -0.00804709510412521 0.0894901383194942 0.0367316077415962
-0.0316955744673655 -0.0103968975205684 0.104408959713372 0.00873109461655185
-0.0369045786929937 -0.0371947371958556 0.120920968080045 0.0269326277850654
-0.00194211567903089 -0.0617314382580496 0.104665333306107 0.0798777127199896
0.0410148011247867 -0.0476956452564347 0.0348829649119513 0.131318420789779
0.0913329579690443 -0.00285625600242538 -0.0352481715613446 0.165264848671518
0.0902157805277248 0.0788547697591563 -0.0829722359008773 0.160407043512992
0.0473965694804914 0.143192620139673 -0.0498048723097725 0.200717733391473
0.0348958158021935 0.145184294407105 0.00545916711379885 0.101197406519398
0.0835295793508942 0.0644104057500757 0.0786689584343799 -0.0606727906931088
0.079814224417707 -0.00422292286561475 -0.0551877723200309 -0.130572292318925
0.0384801811377982 -0.0499043511022772 -0.171700029598679 -0.0190397266537794
0.004514793713942 -0.0677220436160351 -0.110933174061046 0.119766049511731
-0.036866981906383 -0.0555231560168199 -0.0034117769661061 0.129598793983937
-0.0509043129287905 -0.0250398210097101 0.0514721523269104 0.0790075716555884
-0.0573516601584541 -0.0190466289921732 0.0710326724184041 0.0329644994916552
-0.0583470190790769 -0.0239202571365822 0.0841143260297492 -0.00455092855133036
-0.0629030539876856 -0.0660593675524127 0.108115979843215 -0.00434455343318709
-0.00946664620022464 -0.105430839334417 0.119216665786293 0.0372114521792454
0.0618207212166018 -0.0907340042095154 0.0779978258696277 0.101331735543193
0.146348649661398 -0.0117461397394681 0.00660247384628366 0.157627031263933
0.136224566551752 0.120745296692779 -0.0617666115680064 0.152294572528862
0.0577640271867487 0.204672047580471 -0.0433018561508733 0.149251508902192
0.00689696861170558 0.194083568725276 0.00214665991115741 0.0456441352813409
0.0962688614254846 0.129833004993633 0.0865020101856325 -0.0791816188084216
0.131458772200118 0.0337741640044978 -0.02430829002439 -0.161290396160657
0.086930190470038 -0.0692920986820365 -0.159450576080227 -0.0649451088822188
0.0185195689013376 -0.107260021312284 -0.123925784851367 0.074713150469471
-0.0491791116713432 -0.0895915601314329 -0.0336690725610699 0.102567683905773
-0.073847031759129 -0.0421446685065533 0.0195608845950557 0.068688016486311
-0.0796134720550591 -0.0266569251204213 0.0418717905349537 0.0241202880035285
-0.0759646860202574 -0.0300948325614606 0.0543121258627052 -0.0192924902360008
-0.0817521135319363 -0.0796296391566336 0.082314549068017 -0.0373248994602313
-0.0237627841689832 -0.130702971583721 0.116940859674411 -0.0134298235373406
0.0609134968541403 -0.125172286990728 0.111068973629566 0.0566105736155335
0.176435790526875 -0.0351453348111299 0.0460837895645801 0.13481194994845
0.167119801844616 0.131622243403136 -0.0456010701552136 0.136888327153203
0.0667638469988279 0.231330737678502 -0.0433211217805842 0.0872284787095163
-0.0251626815228893 0.209000106247198 0.00887543034361527 -0.0295370552886703
0.0808566479369813 0.176768751355778 0.0924746371892084 -0.104204663627781
0.152133464201123 0.0770695581591235 0.0145070730522062 -0.180297606774658
0.123909802374503 -0.0653397130068711 -0.121902005015438 -0.110101425114979
0.036186459130479 -0.125418993259242 -0.120875807698621 0.0124890214548827
-0.0493398915182819 -0.110381729777039 -0.0651377583669975 0.0599069576998182
-0.0845474660849711 -0.0547086723361761 -0.0189736217806005 0.0494634633311331
-0.0894902089499958 -0.0305102803889177 0.00756265478451051 0.0121248561362786
-0.0827400235013896 -0.0325299868639128 0.0184823291755984 -0.0326201412700155
-0.0869248966329029 -0.0809979915477818 0.0497184292547516 -0.0631637327274342
-0.0322369053131261 -0.135197973006061 0.100472097232356 -0.0572273014983414
0.0531653268237903 -0.136346889669714 0.125973156993119 0.0115741867722851
0.177323649967188 -0.0468537586511399 0.0698590939597301 0.10492513402278
0.166069163878738 0.12762952584181 -0.0380917861960843 0.116634499015563
0.060892868316455 0.224557441955904 -0.0468315799520543 0.0230424226509571
-0.0494474512976772 0.18363590082858 0.0226519550662912 -0.108866360881127
0.0433897987395337 0.181970768090609 0.0967162050793396 -0.129937188302842
0.130685006099434 0.102327547825903 0.0514915183318284 -0.183064006251518
0.128988505581371 -0.043363099113095 -0.0688016015873039 -0.139700865779081
0.0459667042916643 -0.114926345622871 -0.102769991207305 -0.0498092992741937
-0.0389937850478758 -0.108822357098344 -0.0897784099819351 0.011181155579993
-0.0800424096268473 -0.0572432742770087 -0.0561034503904649 0.0246626768894826
-0.0857200045700079 -0.029690621053307 -0.0263151574768041 -0.00117780335063061
-0.0786811125894088 -0.0307712524468547 -0.0155272717319623 -0.0443740626517195
-0.0794489464867297 -0.073812227998381 0.0182447521506251 -0.0818677534183087
-0.0281202543766677 -0.12340277212782 0.0801901690261341 -0.089262943656516
0.0502047482432462 -0.122958999074376 0.127529792706883 -0.019852386246754
0.157592497982798 -0.0349588032874648 0.0785609120437426 0.0781766420971538
0.133407679631695 0.120346163808466 -0.03510971676001 0.0947961095539179
0.0362096820328795 0.191885935551575 -0.0479088784380438 -0.0342071971276961
-0.058159265956176 0.122907712797119 0.036137206787 -0.175592368275119
0.00343255856048944 0.140989630687344 0.0986012420072928 -0.146997227138777
0.0824810866902975 0.0932996246255257 0.0759065908718649 -0.172412012555037
0.098948890208734 -0.0184639677536728 -0.0197576821370683 -0.150403853820531
0.0403736270610122 -0.0820098863486591 -0.0799295748528642 -0.0947569014855912
-0.0236956444815822 -0.0849748125786101 -0.104558330951926 -0.0293564468326986
-0.0613297471214078 -0.0481737218957748 -0.0863581283137166 0.00176580995392147
-0.0689684260084987 -0.0250121976469987 -0.055141094787721 -0.0144281140482908
-0.0648514252756877 -0.0269863702757783 -0.0439635836248852 -0.0545088707927697
-0.0622325211246222 -0.0612974178014285 -0.00612736181407363 -0.0958980568284726
-0.0176240175402525 -0.0991780362019441 0.0645354139649552 -0.109102446427208
0.0507405115560192 -0.0948826911271309 0.126669578039385 -0.0385055473776612
0.126790368695798 -0.00908285546530266 0.0805893650461196 0.0598736565507951
0.0831585127547223 0.108849975657769 -0.0309207189562662 0.0753072088429311
0.00159426216468683 0.139714607248675 -0.0415028253760777 -0.0783604377208468
-0.0520403147958689 0.0410920597656821 0.0404789241641532 -0.216786625484969
-0.0263245485320988 0.0706665265741244 0.0922321257564114 -0.153247208946339
0.0278968061355988 0.056688558270314 0.0801623278309553 -0.160613078087382
0.0484845309216995 -0.000425452757749427 0.00508530623824728 -0.149925789285298
0.0241753374127492 -0.0376714171577175 -0.0684565504344585 -0.115747448333656
-0.0073046728551764 -0.0466351159555917 -0.11271284804395 -0.0507024963867738
-0.0332848478888804 -0.0311477254545566 -0.104931050246682 -0.0128166655523278
-0.0424670964971029 -0.0172034513831602 -0.0748319467697449 -0.0239359822974427
-0.0427524266600342 -0.0200565430258099 -0.0627139853940646 -0.0632683342438908
-0.0400583047569286 -0.0429702233403 -0.0188735832791403 -0.107685953004031
-0.0054249304684701 -0.0672045183404465 0.057093778912581 -0.122698026923666
0.0482717328651142 -0.0592932906138831 0.12791202228436 -0.0439572042286127
0.0861888309554726 0.0180007761369451 0.0810660246525458 0.0531036762287891
0.0270737159052389 0.0889421191199067 -0.0257071460714948 0.060448110826479
-0.0340642771042381 0.0744716896834606 -0.025723024412526 -0.105909818509634
0.0484474229544502 -0.00248578728998774 0.040026593546633 0.123963611742132
0.00196973889225875 -0.0399364029750319 0.0533365598033095 -0.0573184381376141
-0.034088451742398 -0.0194398315822778 -0.0885639394241446 -0.0652831440014971
-0.0207513633551766 0.0223376696507328 -0.138738087388576 0.0481795402223457
0.00512727225191464 0.0197877824422024 -0.0520652587249656 0.149225428630818
0.0100852987331312 0.0104901984024192 0.0474151164906544 0.122369592681227
0.0124612706989946 0.005723075505056 0.0808526432451742 0.0614494437550129
0.00583887306277122 0.00326938838086257 0.091845725281274 0.0220245503949154
0.00144562227516579 0.00682254414775828 0.104920109097063 0.00250604719027325
-0.00988632988618213 0.00510546821300226 0.118974298805841 0.0284126899507327
-0.00888933234320686 -0.00708806390297124 0.0916682837358992 0.0880541454910792
-0.00286221367042489 -0.0137036050304721 0.0168561403599842 0.137357851165633
0.022106589015269 -0.0271161738158652 -0.0415192221997341 0.159415708812707
0.0491570275338886 -0.000504683748707279 -0.0758394979627427 0.165019173689713
0.0519299101906402 0.0444013955517145 -0.0265429373912998 0.227854006272027
0.0597545212419488 0.0684547968776881 0.0250559732866174 0.115857587551618
0.0478864273382153 -0.00318241133601198 0.0579548931959033 -0.057587054712567
0.0149127183387171 -0.0247584120055275 -0.0837069534993116 -0.0864545697206121
-0.0029979556274027 -0.0149051670190499 -0.154281013679441 0.0350632178491808
-0.00321600516288603 -0.0198433593557723 -0.0691394856614996 0.147163564084325
-0.016641348691218 -0.0155654080223649 0.0360139463705374 0.128659220347315
-0.0195596211591098 -0.00411574688614287 0.076321626092039 0.0678440850815326
-0.0267857421541757 -0.00404954286200593 0.0871867145072705 0.0227157628845754
-0.0309116387702918 -0.0067030061745358 0.0967355535612097 -0.00485090424366726
-0.0395563083270084 -0.0301360392405158 0.115341208274194 0.0090289360253727
-0.00997618661279689 -0.058133673815536 0.106516475607151 0.0626720659594412
0.0335920854512589 -0.050060930734444 0.0462164162377367 0.120107885317561
0.0854707581584554 -0.0153720019217304 -0.0125575046931589 0.157220992433185
0.0941597842216716 0.0623957498614903 -0.0541627005958382 0.161109216802082
0.0645727818659699 0.12613432791217 -0.0235396243141361 0.199685686701293
0.0538103978250907 0.136047092924041 0.0120101925043446 0.0832085014417459
0.0853470035170717 0.0507496985692676 0.0639475145701086 -0.0683404832115
0.0730427111528671 -0.0137025284497295 -0.0711587656598425 -0.118523074762287
0.0301518744932586 -0.0502326770504387 -0.166571092950132 0.00430673619853977
-0.004643070733886 -0.0638214117306558 -0.0909571844604611 0.128650165438264
-0.0404594687801056 -0.0473876523061971 0.0112972604606142 0.124630211064096
-0.049596299928019 -0.0173422749977219 0.0564832151246074 0.069951805610807
-0.055837055468268 -0.0112860233341689 0.069546788767365 0.0219219793495977
-0.0574357472413244 -0.0157516555128848 0.0766623609032729 -0.0143483611927309
-0.0667452518132811 -0.0536772581293071 0.098563058464736 -0.019229615897448
-0.0228536129886652 -0.0975578700927748 0.113792342306004 0.0199756196161961
0.0472261225535265 -0.0920985573982556 0.0838687886752543 0.085593018555367
0.135078992473038 -0.0308616818353194 0.026506381702168 0.144661836696718
0.140825520618297 0.0946181617680975 -0.0322291724333895 0.151088924722189
0.0814080533287726 0.181824041299973 -0.0224248944569032 0.1528056956931
0.0326985436007651 0.186272991599857 0.00386693904581696 0.0275028073620639
0.103801564925224 0.111079487559245 0.0687731321872462 -0.0884579968721722
0.126317475602987 0.016004775782399 -0.047131694856986 -0.152532109483607
0.07320402887735 -0.0737222753019448 -0.162044990949076 -0.0398901751803466
0.00415535690458977 -0.102359110900972 -0.110462127988138 0.0880356323921164
-0.0557167594295899 -0.0773454228995627 -0.0212609714524066 0.104278554749282
-0.0729285179881976 -0.0308033854384455 0.0251213892527974 0.0642403353492503
-0.07679299249503 -0.0155168195407082 0.0417399883850404 0.0170399767418225
-0.0746854982357888 -0.0197418049947579 0.0462651249714042 -0.0240644811099614
-0.0857954276115663 -0.0637323353033523 0.0694857470357448 -0.0454347948551408
-0.039786178452023 -0.118843042070637 0.105085033241874 -0.0274772163859786
0.0421099690503072 -0.123351048915364 0.109136894904786 0.0392002961593665
0.159235699428444 -0.0568048605278232 0.0604287940228963 0.118133786650013
0.170810327314011 0.10142556384067 -0.0167486583745398 0.135442213449567
0.0916094396092645 0.204875144475369 -0.0292463979882656 0.0944687000556736
0.00266437247458401 0.205113867550393 0.00368631590388871 -0.0462521656923639
0.0945100468308222 0.157183137436967 0.072035824902536 -0.114405501341602
0.15058259380949 0.0538329508110357 -0.0139043554796106 -0.177444516960226
0.108804942045881 -0.0746199653985735 -0.133878766168044 -0.0886368016872399
0.0188744139519777 -0.121530175320599 -0.116865909958352 0.0296478680178884
-0.0586414426873043 -0.096978044589215 -0.0567047300012794 0.06812086904875
-0.0844884814183613 -0.0408681640203375 -0.013899982171711 0.0510992539040893
-0.0867137993134941 -0.0173532173484088 0.00822912786879148 0.0107789235241201
-0.080793863671262 -0.0200855127721854 0.0117468261695442 -0.0323747694382509
-0.0905791837409948 -0.0638839514986524 0.0354781827840781 -0.065841738796488
-0.0479169072221036 -0.121837715347082 0.0845193760342383 -0.0667250714501773
0.0331128599467376 -0.132384753278829 0.117338332370017 -0.00527145269397137
0.158727837278146 -0.0677546844739643 0.079888435722984 0.0865717312193287
0.16923837874668 0.0971219653731204 -0.0121579245542442 0.115626312705498
0.085251820835818 0.200006843837157 -0.0408212718927396 0.034424661887519
-0.0236423129859393 0.182510401076072 0.00966051844144204 -0.121306038677795
0.0603463304762075 0.165436512884724 0.0745434264174542 -0.138348284474545
0.134312530190251 0.0800726126673597 0.0220683188512575 -0.185270893754387
0.115630264336111 -0.054325805571902 -0.0865728785050135 -0.125082324826812
0.0301256236013475 -0.112950610770151 -0.107770455734398 -0.0318941661722181
-0.0488782402900884 -0.0968333018054966 -0.0861580328047002 0.0248965122294111
-0.0806974800827447 -0.0437735631779953 -0.0525631809760539 0.0325306852656346
-0.0828969412155005 -0.017123030440366 -0.0255329733378671 0.00203951880174513
-0.0771023963902386 -0.018990096609813 -0.0220980345288155 -0.0387798670380375
-0.0822920134429908 -0.0581642656901377 0.00397453575378146 -0.0797340231883665
-0.0436127367408806 -0.110097750798873 0.0617272062533261 -0.0938528813255826
0.0309385926088716 -0.119960439900294 0.115696009342195 -0.0363260355627806
0.141430836303448 -0.0544781885705767 0.0847698122048067 0.0612800804842113
0.138572029257592 0.0940844122042477 -0.013261522029143 0.0951726681512779
0.0580064503303587 0.172226814151985 -0.0488003438055293 -0.0206952071702887
-0.0404940506718221 0.12470267478793 0.0175223545656054 -0.180562086693147
0.0177045956780974 0.13099212497587 0.0758469253135786 -0.153858257098007
0.0871751655050702 0.0771391487869034 0.0480106524200233 -0.177118938711805
0.0899481801780744 -0.0279909422026838 -0.0407273982500752 -0.141278089115124
0.0287460324471829 -0.0816023376185899 -0.0913784083219441 -0.0790529321268438
-0.0322701713788861 -0.0763629257479799 -0.104733394269701 -0.0124373828440504
-0.0626161484652839 -0.0371575933911955 -0.0830178083169478 0.0141664655282704
-0.0669354051061582 -0.0145241733063331 -0.0534157024492994 -0.00640290425986273
-0.0637123754226582 -0.0170254407685156 -0.0488642860287974 -0.04544476430613
-0.0650845836018194 -0.0486890065734938 -0.019023872700559 -0.0900395688836411
-0.0294133191469749 -0.0889316881316665 0.0457649368746015 -0.111502060612313
0.034607867413188 -0.093704951257743 0.113179465535778 -0.0524656275968175
0.114911664811813 -0.0256195636069424 0.0852759086805445 0.0452582106785846
0.0903176756823338 0.0904793756002455 -0.0136312016779058 0.0774043643250597
0.0187294153163348 0.128763179893854 -0.0485489955851766 -0.064629125612012
-0.0455555536689589 0.0448328062462082 0.0174813860624524 -0.213426139230153
-0.017325838028899 0.0685920277833807 0.0705960220574895 -0.156649550989972
0.0316803638708033 0.0491595604004624 0.0567107385474094 -0.163543389883865
0.0450001884881254 -0.00545118128562782 -0.0155900706992253 -0.144399515121543
0.0181714463493253 -0.0382538006429771 -0.0812891573256837 -0.100875877375132
-0.012425468320097 -0.04308464858481 -0.113927548399496 -0.0325597057492401
-0.035121161242495 -0.0242981124854336 -0.101575732950157 0.00179659864211128
-0.040912367701174 -0.00986106502929694 -0.0722800620257146 -0.0135191652203388
-0.0422864113845685 -0.0136743501976151 -0.0667103146129701 -0.0515793118625499
-0.0420576442714823 -0.0338650463619084 -0.0321034539602964 -0.0990795473606094
-0.0138799892588287 -0.0611696808680643 0.0383286990872007 -0.123149953549419
0.0363745141650673 -0.0615826875835279 0.114464582749129 -0.0584230069396205
0.0823724907390669 0.00478817278715625 0.0847652534348916 0.0400572312450408
0.0365325122168844 0.0782936893933212 -0.0127409791717469 0.0633288606862332
-0.023042148077415 0.0725245818879224 -0.0378798618375115 -0.0945403654275769
0.0466393811892782 -0.00186171434086215 0.0370527571369229 0.117478929490668
0.00246892355520206 -0.0373583648850753 0.0503015078740356 -0.0530032439942473
-0.0326988472591265 -0.0186367025237488 -0.0828919434419345 -0.0631571126249775
-0.0200325742353476 0.0214137107369806 -0.132705565948449 0.0428014533912776
0.00513422839231246 0.0181682788416314 -0.0509579786613601 0.140758976837198
0.00898124609999436 0.00967494900747126 0.0433988964661661 0.116149685341004
0.0113518148557143 0.00542920585294829 0.0738601574497398 0.0587230054231312
0.00545281603216961 0.00275420092715357 0.0858517630010834 0.0207178847854669
0.00101251074658793 0.00543305551580256 0.0983588382530844 0.0025709839902318
-0.00977601311956379 0.00433970338297893 0.112091050000965 0.0264903456093964
-0.00836573137707671 -0.00707246601368126 0.0860622775697425 0.084351981951038
-0.00202118868809464 -0.0130618895989217 0.0145681228151562 0.132016187685665
0.0206539560861679 -0.0253350559458497 -0.0414412824796717 0.150183607553079
0.0467232305877427 -0.000497305252088253 -0.0756300135513071 0.155068534419701
0.0489160245910314 0.0429479718331258 -0.0279905121843814 0.214802017138337
0.0567960346810914 0.0652691089488043 0.0232709629318725 0.1111745342987
0.0449739697854109 -0.00262271449432027 0.0545289290671782 -0.0534671460810482
0.0139910774450011 -0.0236109781214088 -0.0780336234288216 -0.083121825501411
-0.00286036005749898 -0.0134696028071864 -0.146286843992752 0.0301169570431363
-0.0030488137659441 -0.0182700006934628 -0.0668285441946584 0.138566462951587
-0.0155439482804356 -0.0148517934509041 0.0325235744510397 0.121718517238728
-0.018164127964538 -0.00404387779973767 0.0700907464631386 0.0637184951570394
-0.0256152743686743 -0.00440115423381656 0.0814150283883333 0.0218286791814957
-0.0293419861892904 -0.00683576303252002 0.0906544598072978 -0.0046194661356577
-0.0372335163263476 -0.0288994436517668 0.108816135282237 0.00794935273587754
-0.00971055781856545 -0.054790074451096 0.100793860784785 0.0601280609022327
0.0327387398082739 -0.0466648147884403 0.0433746884719048 0.115747148412053
0.0803931737530088 -0.0131431283379458 -0.0140434656515563 0.148915588523996
0.088457733406132 0.0599028915668629 -0.0551738158183567 0.151237887634594
0.0596589532665032 0.120515533366454 -0.025116536479663 0.1895171860753
0.0501514221457042 0.129572006838298 0.0106952160705233 0.08041529425197
0.0799910734289476 0.0484294350119593 0.0606256928426902 -0.0631374421072634
0.0688861209161395 -0.0123341053699096 -0.0664780663862755 -0.113987018190481
0.0283391980877241 -0.0467768475466849 -0.156781413758949 0.00162234485577035
-0.00383412159151675 -0.059990336657695 -0.0875466426293954 0.12009982304217
-0.0379251963248662 -0.0444539262121872 0.00951840901279713 0.117764677620971
-0.0473055142153067 -0.0165591355670358 0.0523905373917231 0.066387724581344
-0.0525070942270117 -0.0106618694633685 0.0654192085488119 0.0202754395336947
-0.0540979916417429 -0.0157217664147271 0.0713818932474451 -0.0134936360931535
-0.0629811779795595 -0.0509141460826383 0.0925179485845643 -0.0180204425478477
-0.0219337312382532 -0.09254914171572 0.107830357477442 0.018897450826014
0.0456148995649696 -0.0866535362666182 0.0777213088416177 0.083413841210977
0.12762616716443 -0.0281432515541666 0.0228406125106252 0.138249312672693
0.132532488192414 0.091485500183254 -0.0336235924162414 0.142549002265402
0.0755115834513694 0.173566170916421 -0.0233673501953947 0.144358861438792
0.0297701576233929 0.176585311689291 0.00367093795505958 0.027203751929829
0.097464570261662 0.105743966306408 0.0657033306405534 -0.0815145373838542
0.119185962086397 0.015575351295612 -0.043009650265873 -0.146521223320122
0.0691780825060511 -0.0693002426194114 -0.152299575048679 -0.0406611348332555
0.00423813685325257 -0.0963575249211529 -0.105412212640925 0.0815055321723806
-0.0522973042910867 -0.0732773768774115 -0.021492696641961 0.0987699749275114
-0.0693156254286291 -0.0295764993859925 0.0230988369021022 0.0610415495163294
-0.0719449251395306 -0.0151624760091634 0.0391689701326597 0.0159228599460539
-0.0701152866799376 -0.0195774157989068 0.0430375669779498 -0.0229800671949784
-0.0805977612610507 -0.0601324980235627 0.0659093056768079 -0.0436324395503659
-0.0378518017982082 -0.113312965142934 0.100425587839829 -0.0263660751139682
0.0404583791762408 -0.116308035866294 0.102532144042079 0.03933260377415
0.150769684939941 -0.0526136049749921 0.0553289939887347 0.11395149528853
0.161348986573093 0.0975418513130776 -0.0191621009191593 0.12873106324916
0.085512044556641 0.195819331125275 -0.0291260113753044 0.0896347284816695
0.00104282959639494 0.193435412080414 0.00395653887734419 -0.0422889592397134
0.0878372189800996 0.148982635642529 0.0695275150607267 -0.106234380209536
0.141836379798743 0.0516693828911303 -0.0110792469904498 -0.169836917984711
0.102952946214852 -0.0694523336106269 -0.124235788475575 -0.0870308076583292
0.0182066044059886 -0.115107581537418 -0.11135515297946 0.025668936845263
-0.0549220951551606 -0.0912613678537605 -0.054801855138225 0.0644536333692164
-0.0798731469701525 -0.0386841696088412 -0.0138828235451144 0.0485955458985788
-0.0813910390627067 -0.017012185528302 0.0078489054829988 0.00960503976604076
-0.076196490569024 -0.0204373546904066 0.0104526794655138 -0.0306331540329523
-0.0855733290016266 -0.0605878621686317 0.0335928472926371 -0.0627540195730572
-0.0458287776532582 -0.11510939500736 0.0809322456155947 -0.0639639008227707
0.0317975246544395 -0.124869443803401 0.110838144170027 -0.00236541429334704
0.149318051454267 -0.063110691068733 0.0739805342728771 0.0842452633785465
0.160011580372263 0.0938657490015617 -0.0134678207506946 0.110253677487763
0.0791476487156552 0.191049366729518 -0.039016703696022 0.0323773341461823
-0.0247194857557681 0.172532561335197 0.0110829491975264 -0.11388012528587
0.0549888668047211 0.157126941030609 0.0723394605312081 -0.129361637686774
0.125625513641131 0.0769877806495169 0.0232823270908377 -0.176260142235481
0.10976192984105 -0.0502539676739249 -0.0791672419002885 -0.120821244071842
0.0280810969784762 -0.106664078974223 -0.102491182110191 -0.0330376950413221
-0.0462097152128567 -0.0914459174725306 -0.0818576751672704 0.0233995946141671
-0.0764531411980372 -0.0409284963062931 -0.0494733750353564 0.030688864034593
-0.077472627090089 -0.0164078187431298 -0.0236592887251059 0.00181291099537457
-0.0726806627515833 -0.0188137456352428 -0.0208995960087941 -0.0369231668386729
-0.0776555875683189 -0.0550585321635624 0.0043647742773358 -0.0757709264639045
-0.0402651473322212 -0.105149467805909 0.0589296847011136 -0.0897115700723421
0.0304179536283612 -0.112719999796723 0.109239833246007 -0.03256206497117
0.133553340707352 -0.0499725379050049 0.0793471067852835 0.0610716190539309
0.130444352290775 0.0905010843971647 -0.0139318311609599 0.091778165984577
0.054204833890303 0.165060110636453 -0.0460123394148095 -0.0201106454074692
-0.0396307327370302 0.117742435306277 0.0186058324030868 -0.170381189834964
0.0152206150787153 0.124682122923704 0.0740571551808984 -0.143793770818701
0.0813418294730277 0.0737859363259052 0.0481786897836572 -0.167793876328328
0.0851206956800207 -0.0255687657510368 -0.0356873789589922 -0.135534908651212
0.0275236916445665 -0.0764969336280975 -0.086687415726027 -0.0766556780862044
-0.0300254394029924 -0.0721793099790084 -0.0996645227285809 -0.0121700654316784
-0.0592585293576264 -0.0351976303365368 -0.0780450148068201 0.0137333326051829
-0.0625778387217439 -0.0140988577568652 -0.0504439791408355 -0.00636874776866793
-0.0599047165714643 -0.0162909874080121 -0.0465776587283302 -0.0434133122441121
-0.0609336848132431 -0.0460676669196526 -0.0174095530120539 -0.085465940667364
-0.0273389919326171 -0.0845089686505021 0.0439283774782945 -0.10650274530655
0.0333395619498597 -0.0878995809808007 0.107398416293803 -0.0483392235356507
0.108601386327666 -0.0236241905829594 0.0797159843546535 0.0457698358730113
0.0851633908693735 0.0861337508639122 -0.0134851990614225 0.0741311938581788
0.017128057662772 0.122785800885796 -0.0456749180465253 -0.061357445775358
-0.0438194538738977 0.0417989929557332 0.0191033569560081 -0.201372637724666
-0.0170287279260199 0.0647097619518151 0.0697672778878315 -0.146974204897452
0.0292445924674591 0.0464363115492121 0.056331423574154 -0.155281486540753
0.0424145502918871 -0.00445134940483885 -0.012474740387374 -0.138346967680682
0.0173062459949918 -0.0361069817797114 -0.0779778999154601 -0.0980495740608223
-0.0112205966350201 -0.0405828325663555 -0.10811060074058 -0.0315498571338411
-0.0332009780019417 -0.0230217850477824 -0.0958412770448896 0.000996865605769529
-0.0378791693047838 -0.00969271592269483 -0.0679082866535851 -0.0131365344240758
-0.0399553559911393 -0.0126243851660972 -0.062395534425915 -0.0491096760410152
-0.0391754029349525 -0.0323854257437523 -0.0295591261781443 -0.0938892700035693
-0.0129275809056973 -0.0584221815397981 0.0372784752072593 -0.116206772167932
0.0347452517756107 -0.0572420772775377 0.10894732133487 -0.0541365673878064
0.0769093167871178 0.00523224889428056 0.0795743728914947 0.0398457617677368
0.0341993906512187 0.0742780571517001 -0.0129935035739598 0.0603341256582979
-0.0223534965765135 0.068368434184188 -0.0348356860528835 -0.0893416075378429
0.0460040646732291 -0.000612652657547637 0.0316915234801079 0.115604056877116
0.00393175223553238 -0.0364023749975769 0.0510938572120151 -0.0495509205592683
-0.0312288232522408 -0.0191801597437439 -0.0782309456200515 -0.0648723338615493
-0.0201581835265053 0.0202321612135919 -0.131799568056943 0.0364167013991261
0.00489814628493384 0.0176157244650404 -0.0540623994451166 0.135048690051369
0.00869700246683264 0.0097897152186811 0.0378730525395568 0.113819673367447
0.0108036038931616 0.00569113645841653 0.0684625314554072 0.0604860596812799
0.00469293599831348 0.0030353370721459 0.082316859515572 0.0229024199685037
0.000645996019439023 0.00548441337154038 0.0945328505505855 0.00543769503896188
-0.00920099997145874 0.00361460322849707 0.107761343996624 0.0286486094376586
-0.00841387879689211 -0.00689246509482687 0.0814820502509954 0.0855783927779898
-0.00063791562952733 -0.0127674196122526 0.00927142401820088 0.129998509956774
0.020717688069184 -0.0230988168255244 -0.0462190194549755 0.144345187827031
0.0450161872749256 0.00123225886226605 -0.0814169854623842 0.14707509534111
0.0465088283875826 0.0434845643926061 -0.0362104521089174 0.207246875367383
0.053595839921788 0.0653388339722679 0.0188500013184028 0.108825873833722
0.0436835588481039 -0.000978473049252439 0.0553377053872659 -0.0488219062060012
0.013848132880755 -0.0221234159609046 -0.0725491203815231 -0.0842330400588426
-0.00248612527781476 -0.0127277112633096 -0.143338850272303 0.0231549610600063
-0.00229173355096431 -0.0182581538789296 -0.0690713330964446 0.131887028492106
-0.0145347625450686 -0.0151154663039967 0.0268170616788592 0.11930887165397
-0.0177887815568601 -0.00453076072173161 0.0653021228608636 0.0647154442972938
-0.0243164696515953 -0.00488626581679666 0.078072336470873 0.0234042565870021
-0.0282056602242779 -0.00845303161312919 0.0872550270632334 -0.00180533661058582
-0.0351644958000276 -0.0291281026021355 0.105066861317858 0.0101681432386826
-0.00816517653200301 -0.0535672145148053 0.0964090614153777 0.0614707479439293
0.0334243929897698 -0.044753261786519 0.0374521394052127 0.115452737209417
0.0779316467742123 -0.0100488204943339 -0.0196130228981408 0.144975293595046
0.0837694173314082 0.0614612062309197 -0.061018929549348 0.144833335575513
0.0542449163834435 0.119502778280424 -0.0320766555816682 0.182770109458117
0.0452096043177682 0.127356902855669 0.00798124302254574 0.0795731590689281
0.0757898201569979 0.050219298375206 0.0614799473532103 -0.0582442513605594
0.0663237965078228 -0.00997729828008047 -0.0602813015548817 -0.114219183704023
0.0290668590446725 -0.0443269514086966 -0.152450115329215 -0.00548739838190336
-0.00192572193226324 -0.0585169202191336 -0.0894690020057311 0.113809478331794
-0.0358637755116634 -0.0438762132084728 0.0053104403873021 0.114685858033753
-0.0450582565909447 -0.0171965365020751 0.0482201012368775 0.0656423903545081
-0.0504505483179413 -0.0124072480377142 0.0622976809447665 0.0217449109749773
-0.0519217950930379 -0.0176662356340701 0.0688464946227249 -0.0113729342639895
-0.0598839348020899 -0.0513444567401277 0.0902627321585041 -0.015968667783536
-0.019412764716009 -0.0903382088674947 0.104741990181234 0.0212634757055677
0.0472774650232559 -0.0823507185751071 0.0726611040133218 0.0855002520124597
0.124843965613359 -0.0226689994171707 0.0163088820002565 0.1362382876359
0.126322830160435 0.0935073750800163 -0.0399770591844378 0.138097613961844
0.0675637593506196 0.171995372323047 -0.0282820936285571 0.13997448985229
0.0232151662933321 0.173219858534884 0.00255531759202777 0.0277333651793371
0.0908801627422249 0.106511954407631 0.0670563800708379 -0.0762764619137729
0.114549119242634 0.0186762585504154 -0.0366049146964803 -0.145078277550181
0.0696547783859943 -0.0641167820310445 -0.146199013948105 -0.046518176689137
0.00691546674735957 -0.0933467509782697 -0.105646117146606 0.0751237383890085
-0.0488725765580736 -0.0724433449734684 -0.0243790737313103 0.0952086054777158
-0.0662462516441665 -0.0306851389656684 0.0202716466819651 0.0598989072759897
-0.0696136638715863 -0.016733134326211 0.03780586497294 0.0164027102945942
-0.067271393638313 -0.0217082974984213 0.0418866515974199 -0.0208199636359603
-0.0768423538908795 -0.0610067726708107 0.0649465527222647 -0.0409742504381857
-0.0346590839222384 -0.110533824608651 0.0986227258600045 -0.0229899791672174
0.0431893618566773 -0.111337113970149 0.0981954085187552 0.0430293715062476
0.147480488827737 -0.0457233421269051 0.0498197763995442 0.114069666428711
0.153986357411867 0.100609293706746 -0.0245456691524202 0.1255877475702
0.0765142552413661 0.194662565552647 -0.0317959364391159 0.0866666047598735
-0.00570278159099454 0.188670038194951 0.00580696024076054 -0.0399379981599372
0.0798539968402228 0.14835925272687 0.0710227651644875 -0.0996434444212757
0.135460246603269 0.0553762401006208 -0.00367139317707745 -0.166691772347903
0.102188504641576 -0.0639674680877188 -0.116753858451546 -0.0909758695995579
0.0206969176544095 -0.11119014606874 -0.110194953802943 0.0195650784465232
-0.0509353178137549 -0.0904467095797536 -0.0555078228526339 0.0613140060201238
-0.0762998862242603 -0.0402485467332569 -0.0147372889151209 0.0465468732748159
-0.0777420450056684 -0.0188972402211143 0.00738621737479501 0.00905992271470854
-0.073254107514331 -0.0225595598078204 0.010618114805299 -0.0292479117560463
-0.0810230486787422 -0.0614981290187477 0.0342925572235289 -0.0605345236534117
-0.0412913859295013 -0.113578416229566 0.0808031133730111 -0.0610618877930317
0.0347634111824991 -0.120460133894422 0.107715131416928 0.00222757065649536
0.146865715371946 -0.0564563956869164 0.0684758409719332 0.0870773298403205
0.153273028061724 0.0964278731919109 -0.0183525600595995 0.108104622111505
0.0711523998281701 0.189801797387643 -0.0392785713444454 0.0303295640398288
-0.0303048896532697 0.166913934819596 0.015138206719328 -0.109672873079364
0.047448983910638 0.155311645550317 0.075446786202738 -0.121951011733816
0.118898287090082 0.0786479017801054 0.0303537203557588 -0.171583032377848
0.108267021501743 -0.0452358379437139 -0.0719808056792226 -0.121980651660287
0.0303911312383406 -0.102392198593192 -0.0999095893817887 -0.0371159401626036
-0.0424578836195014 -0.0901504096954249 -0.0810046278596624 0.0205880367012972
-0.0730161716255578 -0.0422267847460057 -0.0483356129597478 0.0286211651855926
-0.0745439700929619 -0.0183749850780253 -0.0233123486971084 0.000603921231128749
-0.0692852213556219 -0.0208884194112913 -0.0191799417778334 -0.0364701099683204
-0.0734838856872391 -0.0561714885569685 0.00665469813527909 -0.0739685148915958
-0.0364574988650093 -0.102701298955125 0.0610812022595474 -0.0866709217820877
0.0324226542290344 -0.108260638922106 0.107566572005791 -0.0272780665734792
0.130165466603852 -0.0444538123051546 0.0750640273036219 0.0638319857339238
0.124260215752559 0.0923226335954906 -0.0176762849516809 0.0895814754100645
0.046425340149537 0.163034541274973 -0.0442182777825097 -0.020222614905711
-0.0427489946821186 0.112704985748668 0.0247435838058711 -0.164936642775217
0.0102781957698934 0.121561271705833 0.0779661543668784 -0.135861478138432
0.0762114221656974 0.0742884772647758 0.0538825187918446 -0.16209497157911
0.0836320478509756 -0.0214922836155946 -0.028845742492534 -0.135469866364077
0.0286084190434898 -0.0736205465380818 -0.0828876366639214 -0.0794901372737413
-0.0271410543839558 -0.0713270770987071 -0.0967156414213141 -0.0143938626963757
-0.0564238564453655 -0.0361000282693155 -0.0761210732948253 0.0108380169167628
-0.0594259196777342 -0.0151205286263635 -0.0482379935459964 -0.00832883491544366
-0.057622087594681 -0.0180657426484534 -0.0434195612179135 -0.04312478674674
-0.0576373913388386 -0.0461199500929024 -0.0140256252999113 -0.0842328777880133
-0.0240417515413447 -0.0833517489899918 0.0463693186749281 -0.102950263654083
0.0348226560203543 -0.0838049450804485 0.106133049531699 -0.0431434163272714
0.10473249284429 -0.0188456676841246 0.0755770018520244 0.0490161259610055
0.0805767981394074 0.0863139535698738 -0.0165279119998577 0.0725570254874705
0.0129307282957253 0.120236830238672 -0.0424402169596721 -0.0609487989081186
-0.0444481647610899 0.0391391969017534 0.0259486544038049 -0.195490089252377
-0.0186371159068068 0.0625647563414271 0.0742979740042815 -0.139221519492157
0.0261003703269467 0.0460180032146426 0.0614088891517669 -0.148985306778727
0.0416736459417123 -0.00323122761381845 -0.00606630425390809 -0.136558914812428
0.0173930869795836 -0.0338678713175668 -0.0726364462811536 -0.0989219678213961
-0.00970376607729857 -0.0400471949302557 -0.103947632759396 -0.0340160288650205
-0.0313698727863372 -0.0232136462852639 -0.0925456773035744 -0.000835164689636928
-0.0362630357556324 -0.0110757524833901 -0.0657149349557441 -0.0154321918181867
-0.0386374163811579 -0.012747839817623 -0.0585011153350441 -0.0496364525515912
-0.0370189819675152 -0.0318022190895882 -0.0256149518190637 -0.0927761002323122
-0.0104507171025743 -0.0570954387060396 0.0401641875689999 -0.112314377729706
0.0355568581763079 -0.0541499213364048 0.108278027006563 -0.048383042111654
0.0738144343055042 0.00773724699323739 0.0759123617000212 0.0437730448042819
0.0311997089729324 0.073415963781252 -0.0143259307646482 0.0589958698143576
-0.0238229868529773 0.0655558476732643 -0.0312850360074609 -0.0875301259292404
0.0467201282252823 0.000738497879003474 0.0278288142494576 0.118396346155591
0.00553289392609665 -0.0365135124481171 0.0539996233435542 -0.0470611680241412
-0.0312086588237412 -0.0198043197914668 -0.0759738437033963 -0.0687857233581949
-0.0207264860670409 0.0200555365597276 -0.134805847950249 0.0311676949492443
0.0039903697310005 0.0180784505237678 -0.0595678546976927 0.134385208534799
0.00785997031657661 0.0100470912398379 0.0335479067940893 0.117002189854944
0.0109324810910334 0.00577272704878213 0.0655755644645548 0.0637086459506158
0.00454055414068254 0.00291690089899513 0.0812834182893932 0.0260764124559636
1.66740196920989E-05 0.00482716693377548 0.0945495656207796 0.00871478664548564
-0.00962829251788851 0.00246391375232696 0.107641033852255 0.0323783064446899
-0.00804241112665168 -0.00785401275994546 0.0792181081857207 0.0893067132529698
-0.000401041551387313 -0.0127469043362532 0.00425252892620987 0.132659042858038
0.0217286542173534 -0.0220750068669985 -0.0525946193903992 0.143428127926442
0.0450339464698575 0.00273903165850199 -0.0894211845232862 0.144797680150653
0.0456188692298153 0.0456758100276388 -0.0457201309352486 0.207799797968502
0.0522774706237207 0.0678154730149226 0.0146004981685623 0.111554182055224
0.0441083470613593 0.000688867566856806 0.0583460996477574 -0.0471289048414149
0.0142563840439792 -0.0218663281881224 -0.0703672216402854 -0.0884561886052842
-0.00205299014087623 -0.0116372990832586 -0.146248231864925 0.0163136936706079
-0.0013687397542273 -0.0186328389860346 -0.0751197082567349 0.130398701590101
-0.0143707285220072 -0.0155927051033322 0.0229338110960622 0.121498099219901
-0.017209279623266 -0.00497767055551329 0.0619186388609745 0.0673839878068137
-0.0239084018568355 -0.00597819927391705 0.0769016869499409 0.0256329642259499
-0.0281303760215047 -0.0101983746672203 0.0877814785967035 0.000812937883030873
-0.0349007791599069 -0.0306438681506177 0.105032087203616 0.0131305548833006
-0.00659511043340325 -0.0544737376445516 0.095391084049749 0.0656930957403125
0.0353564003787939 -0.0436816207396428 0.0334763931886279 0.119551491266578
0.0788045665813044 -0.00712602041741216 -0.0263685437394691 0.146287190189337
0.0824412944255977 0.0652869461445311 -0.0689411548674032 0.143068334879509
0.0506476777247314 0.123413078595646 -0.0401830090742863 0.183857003910294
0.0413907459860289 0.13032582613274 0.00539539155111578 0.0814959982161766
0.0742412229388498 0.052976483969196 0.0646778581546289 -0.0551704433201893
0.0670011691319532 -0.00760142881653873 -0.0561916546534469 -0.118114400929292
0.0306766632117025 -0.0430223505739264 -0.153856652277188 -0.0125102386957976
-0.000222956178341004 -0.0591131122425067 -0.0947410526820194 0.111084101072986
-0.0343338846882746 -0.0458879142620076 0.000586537281877653 0.115758319744111
-0.0445594523828098 -0.0191099485147282 0.045264039612674 0.0680444435522032
-0.0505773261196874 -0.0137286091103612 0.061516088776382 0.0235697304251642
-0.0516784462502089 -0.0200966011340609 0.0686888854920902 -0.00922727595039789
-0.0591588213205899 -0.0541143477361191 0.0911748042980877 -0.0135857371219296
-0.0172595027704348 -0.0918165958942631 0.105059416907709 0.024408562117502
0.0507156101804956 -0.0817908193656698 0.0698467444187059 0.0904961620152735
0.126088900185807 -0.0184677366695089 0.0111820726705785 0.139225842243827
0.124367970456538 0.0991840660433558 -0.0470109790307536 0.137751171748121
0.0619834317099816 0.176916109056953 -0.0347091705426972 0.140979745178397
0.0173103236258086 0.175515939949165 0.00198748468874306 0.0292367880404642
0.0875473120868396 0.110744323129852 0.0710519138015348 -0.0727706791746491
0.114316064768264 0.0235780292728736 -0.0306254943537699 -0.149228868475972
0.0719892063959904 -0.0622130646861857 -0.145254884269552 -0.0540854744778877
0.00976079618316611 -0.0940994884555222 -0.110255721213429 0.0707331880130796
-0.0473251576800112 -0.0747665969773048 -0.0281583283817442 0.0957288758804788
-0.0658348470178249 -0.0329748441133021 0.0179318446614756 0.0605881261834034
-0.068740475506457 -0.0186936769250825 0.0363842072802984 0.0173076836560978
-0.0674186688731589 -0.0243493267654638 0.0423262925202587 -0.0201203886249853
-0.0757606242395398 -0.0639949165773429 0.0664554537937424 -0.0401350985904606
-0.0315538531958054 -0.112788516517355 0.100558082261561 -0.0212602112719663
0.0474309556982758 -0.111580275751958 0.0972312230721229 0.0485032708933254
0.150392522068567 -0.0413977844980433 0.0448717381424984 0.11891180880583
0.152358820596236 0.107456496184761 -0.0307549179236285 0.126498526929111
0.069935409553489 0.200190091381201 -0.0356443467674371 0.0867433702334194
-0.0124264035779296 0.190235425987854 0.00801245176069737 -0.0392481871389785
0.0747713872518708 0.152392853971368 0.0764329736859003 -0.095612185489983
0.134347746878066 0.0606677712171128 0.00305387023765761 -0.169741075710935
0.105313916838204 -0.0606640152012188 -0.114186526282527 -0.0978693443139492
0.0245604594439247 -0.111234358435655 -0.112584517828349 0.0145202379554357
-0.0493813180616154 -0.0927196140277672 -0.0581984761531392 0.0602257398291729
-0.075641609205045 -0.0424469479380553 -0.0156051951555054 0.0464518229902051
-0.0775251018944141 -0.0211068560962764 0.00646004972863897 0.00894494667941168
-0.0735702803184491 -0.0254545098398865 0.0113256727398763 -0.0291205737166376
-0.0802822611540336 -0.0648398644814104 0.0363182993272368 -0.0604660248455695
-0.0387606277611558 -0.116101746878399 0.0833433587585513 -0.0598843012732808
0.0389938573193093 -0.119609016864157 0.108286066376332 0.00688657902892126
0.149517674529503 -0.0518868173401032 0.0661683851438723 0.0921909456879515
0.151707225099521 0.102621020939733 -0.0236634017974856 0.109463513015836
0.0651068919663188 0.194741954846006 -0.041017748865215 0.0302096582920164
-0.0370059929404746 0.167924532069885 0.0196554401604512 -0.109079940131899
0.0416651422906119 0.158721129471811 0.081757121276715 -0.118047385445639
0.116643973865488 0.083947839985844 0.0376424188952774 -0.172600800351135
0.110673941544132 -0.0411868626227418 -0.0672508709463446 -0.127855710769036
0.0342404835823472 -0.10193472023363 -0.100363915127701 -0.0427671276583598
-0.0401352191010556 -0.0922344164716785 -0.0825060867835345 0.0181886740002004
-0.0720274352836361 -0.0448987101483657 -0.0493476102593931 0.0271772144362133
-0.073041715011801 -0.0206482747268291 -0.0234071979528594 -0.000580977375144418
-0.0693456483850255 -0.0239080331719614 -0.0180155886830535 -0.0374042935332368
-0.0720312684017813 -0.0587719361919303 0.0089827804061106 -0.0745907232750122
-0.0339181806081834 -0.105110701002552 0.0642898253872624 -0.0863283699827757
0.0368975193199859 -0.107723628642302 0.109306349285936 -0.0231291864984177
0.132734765164302 -0.0401987670336458 0.0731438175546159 0.0689235708184819
0.122811266443169 0.0974254350516869 -0.0211323161235513 0.0908699690382227
0.0415856666944021 0.1665378616146 -0.0439131670386347 -0.0213373827099006
-0.0480464764374353 0.112109991873933 0.0322750137937697 -0.165030067180758
0.00634667789619337 0.123520566953331 0.0850805790984311 -0.132357973791012
0.0738502749883513 0.0775056697256383 0.0613485256546727 -0.162066798949619
0.0847426951633398 -0.0184642784059086 -0.0228346258028486 -0.139718504723845
0.0315037188335385 -0.0729044454617769 -0.0819007769034958 -0.0847094290293486
-0.0258649568847681 -0.0730562813917497 -0.0972959965448065 -0.0175238106221431
-0.0557931360949179 -0.037892512701957 -0.076556861138621 0.00853476637893884
-0.0586956129337419 -0.0170769651197404 -0.0486475709509766 -0.0101734113288171
-0.0570243948922545 -0.0198965616363166 -0.0422735754577044 -0.0453876805280898
-0.0563786251157499 -0.0482531600376183 -0.0109881862953158 -0.0856914589374167
-0.0216013551926465 -0.0844795282959605 0.0508038460104556 -0.102490001242507
0.0383387094717235 -0.0832475137051697 0.108743303364332 -0.0389907906170229
0.106490898476262 -0.0152859781140703 0.0745497370881669 0.0539596791044129
0.0783821273834697 0.0902880730115583 -0.0198218902539007 0.0733153962975344
0.00813619811899194 0.122154994267007 -0.0401497150716898 -0.0627677440532069
-0.0458590788474664 0.0379606684863057 0.0352449050295698 -0.196809760445983
-0.0205612333932909 0.0624309060466126 0.0818152761149747 -0.136733576829221
0.0250441043644835 0.0476667248247137 0.0679242613588416 -0.148104721533686
0.0410496118868209 -0.00131060506127427 0.000578833080134381 -0.140017345455547
0.0186935791792658 -0.0338305138299187 -0.0704267379484473 -0.103699201484463
-0.00887499943879364 -0.0406748647250802 -0.1043878022969 -0.0376170163998877
-0.0304367699601945 -0.0243364079065396 -0.0928469536800353 -0.00384597431930546
-0.0350754612466708 -0.0118340759073865 -0.0649409878693935 -0.0177872703290952
-0.0381900856990489 -0.0141458986913892 -0.0572241313880148 -0.0522918718129934
-0.0360821713816714 -0.0334069193215022 -0.0225143646713559 -0.0946794206469152
-0.00888401400664267 -0.0584474391455255 0.0447961796136545 -0.112998008665294
0.037664231350218 -0.0528365057476884 0.111142047076043 -0.0444903959221547
0.0740416727589894 0.0104660264361578 0.0750823819563754 0.0486012993583651
0.0286289082913273 0.0747821139099678 -0.0170545259896446 0.0598223794025786
-0.0264087250690737 0.0652914572138614 -0.0282205807525685 -0.0895060219364871
0.0493152813959173 0.00172754677695709 0.02816705662671 0.124510120820019
0.00650829900429961 -0.0380526036600375 0.0579174864995029 -0.0473228601642006
-0.0321160075376672 -0.0211346820451882 -0.0779377565949401 -0.0732387439651936
-0.0214420991463035 0.0212302109042553 -0.142546969302437 0.0292983836341769
0.00403313475758641 0.0183692673574757 -0.0629770550614355 0.139418160433348
0.00781732785603759 0.0107191053809275 0.0335962370448059 0.122485503056808
0.0114695202171745 0.00615123840694294 0.0665023370006139 0.0687455592815489
0.00470216657287633 0.00279443640457581 0.0833718178891616 0.0279740542901402
-0.000715582286471254 0.00463917951911554 0.0977170431663017 0.0100151658529072
-0.00989531142011057 0.00294688178824569 0.111500336082952 0.0346356020229847
-0.00863324529194989 -0.0079860547633178 0.081821930732869 0.0945452526892063
0.000446456157782336 -0.0135699722382248 0.00246997408696396 0.139961785061717
0.0228258977382941 -0.0227447041343164 -0.0583139036442529 0.148816246985102
0.0464662603677345 0.00327973447469432 -0.0971143133401062 0.149438559160439
0.0474417166762521 0.0479571470144984 -0.0516890345232811 0.215815351132555
0.0539641933965027 0.0711804452604577 0.014221572503656 0.11757350575771
0.0462906467112533 0.000962521269699392 0.0623214852738248 -0.0466480625845807
0.014864309039911 -0.022126579860565 -0.0712644478342119 -0.0949217673050768
-0.00210283270358597 -0.0122462437954653 -0.154270496513656 0.0141084738393456
-0.00127304023791936 -0.0195207451333902 -0.0799392740818649 0.134636212852767
-0.0152642588653753 -0.0163453660484626 0.0215550928977443 0.127225640224164
-0.0181041766332121 -0.00536133446483892 0.0625698841311794 0.0715533166419625
-0.0252751447794849 -0.00647570245436962 0.078968944591763 0.027534935206488
-0.0297735620145806 -0.0117330602328083 0.0899183142280611 0.0019873872352923
-0.0368168594688036 -0.0325084177053169 0.109221868745021 0.0141570693585317
-0.0070300945065449 -0.0567780395912153 0.0987983571828146 0.0690433567903157
0.0379361683008718 -0.0448495412395533 0.0326986079214446 0.126667033118939
0.0820839565614686 -0.00596946807989965 -0.0305337429224315 0.151978143612189
0.0848959934457446 0.0688147798536116 -0.0765679959075662 0.148164160523021
0.0509787095500736 0.130035929935003 -0.0452342712791324 0.190666200394252
0.0416080656492114 0.136607939587448 0.00451773718953666 0.0864541561358206
0.0771058035588755 0.0564341751368649 0.0685905805487409 -0.0548942043672081
0.0695510714296167 -0.00703376938341894 -0.0565103060081979 -0.124864650241894
0.0324178751134909 -0.0435666231034546 -0.160762474819965 -0.0168136126503256
0.000399568582454457 -0.0614838598831716 -0.0999848049332518 0.114167808539957
-0.0356592429738357 -0.0479752460121448 -0.00073695584657401 0.120711980564748
-0.0461386015863905 -0.02039590710578 0.0458195622769148 0.0710162560301916
-0.0522117733347642 -0.0145188786757292 0.0629006133082838 0.0248092599297371
-0.0543877918440118 -0.0219383314030369 0.0704700537066511 -0.00903228429801106
-0.061563444116613 -0.0563996680142953 0.0944433964564504 -0.0136164737246167
-0.0175417612784234 -0.0957854838602658 0.109674196953646 0.0256544504320218
0.0538980207006474 -0.0843551706460028 0.0712906135374596 0.09700208554275
0.131614639354695 -0.0175811505878177 0.00816466730391854 0.146438736689395
0.128958611800137 0.104673802664007 -0.0528247328368169 0.143475102076202
0.0626678724084773 0.186428721617534 -0.0393164116389794 0.146219032086331
0.0162026048947953 0.183925094168934 0.0025191883837747 0.0319858346869656
0.089908042740918 0.116335055674773 0.0757598817372954 -0.0726182349095259
0.11850548018172 0.0255783460270656 -0.0292676264657187 -0.156790615528111
0.0756071093405823 -0.0631863236302139 -0.151228349830473 -0.0607996707000285
0.010685918284933 -0.0975929467156841 -0.116307289837151 0.0714672636785845
-0.0485824032267761 -0.0777976379253719 -0.0307226612223663 0.0992747894288576
-0.0677126978708836 -0.0344808670879538 0.0181815307639806 0.063609342209337
-0.0713672154131477 -0.0202908711065857 0.0376257915484583 0.0180388570281493
-0.0697467060684076 -0.0270816082985789 0.0430751181945568 -0.0210329719209019
-0.0787740026322401 -0.0673912308070271 0.0689733469970113 -0.0415318182566617
-0.0329766164425274 -0.118026497289325 0.104662654476017 -0.0222380094340029
0.0505319797835498 -0.115363688368081 0.100505021052019 0.053236655256973
0.156590708739361 -0.0415661746367997 0.0449083527660852 0.126459453249871
0.158467703062587 0.113695375758457 -0.0354483319628474 0.132578937975739
0.0713308808764463 0.211064548239148 -0.0390129397354628 0.0904677535415479
-0.0157299008548893 0.198744402236126 0.00851031990826522 -0.0396505845179529
0.0763546675274095 0.160444502598429 0.0820094425006812 -0.0965008374339139
0.138875713803032 0.0648854826305615 0.00640778423923387 -0.177467989351109
0.110338541890619 -0.0617888975180815 -0.117085806013292 -0.106053045480204
0.0257248691381504 -0.115589719853309 -0.118322617134943 0.0125825567573657
-0.0504530938493723 -0.0971977394710746 -0.0619866866817485 0.062004254897241
-0.0782970210529182 -0.0452114240036534 -0.0165326800039568 0.0482313900183356
-0.0797661633251629 -0.0229692751009096 0.00610316914089327 0.00952382822701335
-0.0760709185748221 -0.0274781406429748 0.0114802574951946 -0.0307615214022621
-0.0831696546913899 -0.0682144317460734 0.0378048946877205 -0.0632228200035184
-0.0403941811215928 -0.12118484405711 0.0876682048966815 -0.0627883009247691
0.0419332695385953 -0.123457341458376 0.113003659425497 0.00980922798183435
0.155720174623916 -0.0524227530630965 0.0669003049971149 0.0990071177151413
0.157506493654393 0.108823457401555 -0.0264412871221907 0.114567421196139
0.065959915454977 0.204969868462908 -0.0434261379705247 0.0310544044797134
-0.0413943183661686 0.174278528213671 0.0231235242234234 -0.112803995649726
0.041490356753146 0.16591481914824 0.0884052978205474 -0.120321937610074
0.120099447645807 0.0891457840333627 0.0426068155968065 -0.180395576069233
0.115661433318065 -0.0414281039966593 -0.06737970589224 -0.136648378936215
0.0361263970287204 -0.106305972193243 -0.104717235835407 -0.0470612466404581
-0.04151195310549 -0.0969061435293118 -0.0866851262185782 0.0182517843307288
-0.0742751517555543 -0.0474138917616942 -0.0519482306213973 0.0277324485616415
-0.0754164828800411 -0.0219330787190861 -0.0243856622134429 -0.000815697361713489
-0.0718731387708181 -0.0253107341808188 -0.019214915748681 -0.0390385078016833
-0.0744175731289209 -0.0617495486145993 0.00960669568052681 -0.0783915124476172
-0.0351069593069851 -0.110008836824475 0.0681417806207533 -0.0905173146309714
0.0392217733582349 -0.111281914511077 0.114874568151625 -0.0215606486789335
0.137800200648655 -0.0404515487558039 0.0752611011354712 0.0752757680294156
0.12795795383106 0.103159486484149 -0.0242685807110103 0.0958240095913507
0.0419869791357884 0.174698364011829 -0.0458315814002289 -0.0226989195131537
-0.0515222419448521 0.117027217500609 0.036413377815274 -0.171605236630208
0.00514147253000295 0.128909045625464 0.0920107121750133 -0.135237441892226
0.0753485520228083 0.0821990648760413 0.0668943134810146 -0.168067054808562
0.088719863066193 -0.0182579798448502 -0.0208761156749706 -0.14747517262657
0.0329971508317915 -0.0754384199081825 -0.0851520088829173 -0.0903979422800486
-0.0268616493162949 -0.076410747431414 -0.101921535570822 -0.0198413786349313
-0.0575380672051838 -0.0400976881186565 -0.0796348618266691 0.00832629870079525
-0.0602130305301514 -0.0185390114941422 -0.0505731351053011 -0.0113587799087657
-0.0588480292041644 -0.0210689442197108 -0.0438926157146846 -0.0470595095891848
-0.0580100911215517 -0.0512358947228565 -0.0109464745672188 -0.0899041992913249
-0.0219374294498697 -0.0891576686377048 0.0535987610077766 -0.107639608826747
0.0406378871505709 -0.0854516380030688 0.11431479914793 -0.0388856658847481
0.110027749463156 -0.0152277423061413 0.0773765324933365 0.0591002621885447
0.0807005804415218 0.0948184138331415 -0.021407646014947 0.0769342196435762
0.00764943245125951 0.12727550291144 -0.0416511977699233 -0.065442914334392
-0.0487673367746334 0.0389511153210465 0.040429117198695 -0.204202411348777
-0.022423020999153 0.064819079616929 0.08943966826593 -0.140573979236339
0.0249046770626534 0.0496499358345025 0.0743173731192767 -0.153625970470286
0.0431287002258704 6.88925619164056E-05 0.00286166953775307 -0.147352005990999
0.0198621188558628 -0.0342615769913702 -0.0732416280059982 -0.110021306121528
-0.00931952986404686 -0.0430849290430978 -0.108599665072197 -0.040335039770046
-0.0317035882590657 -0.0253936302074903 -0.0964418862235673 -0.00489921626970376
-0.0359252945794215 -0.0125507174699005 -0.068077540368179 -0.0190769044261776
-0.0392662662178664 -0.0146518727808766 -0.0594726675941967 -0.0549535870535594
-0.037276056583225 -0.0350490765637571 -0.0220462666823531 -0.0995325822408753
-0.00850108242547886 -0.0608972469162805 0.0481156916227617 -0.117549691302878
0.0398533517886279 -0.0545036756115729 0.116665600117263 -0.0441081326010335
0.0758600882271207 0.0126728676891189 0.0773648813836103 0.053258449478987
0.0287821998232312 0.0782285396995386 -0.0188752466164414 0.0626304621479889
-0.0283412815941424 0.0672636319118738 -0.0283991340068644 -0.0931617552341301
0.0517189746369753 -0.00782350644509081 0.0463030106451664 0.129920535250708
0.00201940124535049 -0.040525737782194 0.0559074397799251 -0.0566154874401314
-0.0355554877358019 -0.0167976159472132 -0.090209957628612 -0.0654503364947252
-0.0188441199868962 0.0228381172703396 -0.143634106334713 0.0526802813648689
0.00502929517705593 0.0166538689059594 -0.0438078158425498 0.154694687475204
0.0087815459988593 0.00977417057495566 0.053295261378683 0.122626734766107
0.012470273683947 0.00475909990677065 0.080181970014793 0.0624228524111404
0.00464446558523214 0.00280731713945668 0.0894752679820756 0.0167831902045818
-0.000323912291185086 0.00507091952463222 0.102393739638456 -0.00394904971449346
-0.0105314385467562 0.00486859241009899 0.120587788654186 0.0190107831010193
-0.0115007459599187 -0.00684609906806171 0.0990526335406589 0.0879631307797279
-0.000991334413167987 -0.0152726333689011 0.0221587035172935 0.148567225532915
0.0192920139549605 -0.0268751416656614 -0.0409134743256915 0.163690227092263
0.0485467759588915 -0.00413615877120402 -0.0818286209771597 0.16744077007758
0.0565377728292515 0.041526097558684 -0.0249540737732892 0.233830703053051
0.0684741793190801 0.0653528215191225 0.0268387090148596 0.120708622458371
0.0487651683143714 -0.00448367231823929 0.0573406679112905 -0.0565679267540149
0.0134016478243513 -0.0248202662195068 -0.0895511578914064 -0.0869578657149513
-0.00268142846924761 -0.0134666711031582 -0.158141624509245 0.0405526131431303
-0.00577292305908771 -0.0216926058992016 -0.061385181884976 0.154401500344763
-0.0189505635934484 -0.0150518418580064 0.0432388753857733 0.130411868647883
-0.0195424085214616 -0.00317123042360588 0.0768467940440529 0.065882621599481
-0.0277068609650488 -0.00259269069752092 0.0846838597980793 0.016797931578119
-0.0331817544120983 -0.00751063565502761 0.0932783940209311 -0.0109190439116747
-0.0432902224702761 -0.0276545075108176 0.114370616772828 -0.00150783023742929
-0.0170435127174226 -0.0562724545582239 0.112970196695362 0.0582341478880861
0.0333032558772121 -0.0525095784031402 0.0511647090157923 0.130616087495229
0.0837202599513008 -0.0185520315948238 -0.0112901156559773 0.162753124544801
0.0973600535542013 0.0580052345084094 -0.0581648896871674 0.163176355768741
0.0721124878051942 0.124949815532421 -0.0213338746651004 0.206974073220912
0.066376225663553 0.137188024975815 0.00797895359459063 0.0846808979215381
0.0892391701266657 0.0491177767888792 0.0604362376563557 -0.067773723036061
0.0728381392408188 -0.0161647794174456 -0.0816366111495185 -0.121324606115236
0.0292376235468415 -0.0508357645237413 -0.171429624034951 0.010087787200396
-0.00913517384175979 -0.0652513797680495 -0.0859528707787013 0.13763466944851
-0.0448759564178552 -0.0452980149810478 0.0198635674475802 0.128479273872572
-0.0508353243352732 -0.0146771240877245 0.0601661399490344 0.0688466669184487
-0.0560824800165855 -0.00759165183181871 0.0681929935178956 0.0159342745100248
-0.0588149438021114 -0.0146863119122671 0.0709853708194019 -0.0199159594753288
-0.0719230188572941 -0.0485664297331412 0.0949559853524345 -0.0284588863248979
-0.0337305986865841 -0.0946353330636642 0.117882109512016 0.0122821632480465
0.0435680199464228 -0.0946027635606212 0.0871445006784762 0.0937577061735103
0.132361011683991 -0.0382792027864612 0.0280666657394925 0.151381863666307
0.147109544447611 0.0887362365369751 -0.0337025892143299 0.154920413700037
0.0916974513267702 0.182026831518998 -0.0205430591551572 0.159988164254226
0.0472598821933709 0.192076430857614 -0.00409354349879911 0.0232047031176676
0.110389114838123 0.110835262761088 0.0636877411014167 -0.0885557904740245
0.128270193671501 0.0112813488563829 -0.0615644038716709 -0.158655363207972
0.0723254100245786 -0.0769756441226458 -0.17047726347322 -0.0360764472665154
-0.0031175287004676 -0.104015922962559 -0.110406647354132 0.0980588113920025
-0.0625620209675471 -0.0743437949341168 -0.0134907395800355 0.111920315772441
-0.0753312578754014 -0.0268390072982312 0.0303298601624303 0.0657991309087475
-0.0762956307069414 -0.0103150590572116 0.0416189035785975 0.0129282471922013
-0.0762777107511087 -0.0176951111866135 0.0406507131965239 -0.0277769682814267
-0.0910895189268843 -0.0571352439360912 0.0639975616439477 -0.0535863088727214
-0.0524656819554783 -0.11452211498203 0.106341070040645 -0.0383675867575305
0.0356557779986782 -0.125675780160581 0.110753071383428 0.0441005366955146
0.154345780053427 -0.0663191795350062 0.0626222769584742 0.125391552711872
0.179274695604599 0.0928242912421813 -0.0161368003923568 0.140354006279067
0.104554355060665 0.205352187139371 -0.0278524203498809 0.101318986299359
0.0164599597624827 0.213882881997077 -0.00757200770979145 -0.0553080895052607
0.102604991625437 0.159767163136638 0.0661062112301844 -0.117239958606943
0.155861548397762 0.0497901504342558 -0.0293973980118074 -0.188019870723427
0.108211369178945 -0.0796359965835075 -0.144932401824985 -0.0887524707216708
0.0104307688493713 -0.124776138166569 -0.12320747118823 0.0376668866336814
-0.0671800176112445 -0.0940625671760254 -0.0520202177341738 0.0792024855528807
-0.0877434233245504 -0.0366415592151833 -0.00826906109321989 0.0556014064205715
-0.0858244656528532 -0.0117002168805074 0.00760753350772431 0.00842863380406647
-0.0822210059487143 -0.0176077921660046 0.00653340101473729 -0.0333039628198354
-0.0952231090870471 -0.0577401743521655 0.0290227726895034 -0.0707241554573551
-0.0596389698646463 -0.117260004475809 0.0822503342209494 -0.078113880683512
0.0261506898543691 -0.133283957977631 0.117557700144335 -0.00345585050701781
0.151349407466104 -0.0768863039947726 0.0822860915237029 0.0940969236376381
0.17817280524002 0.0880489748646057 -0.0096137409535975 0.121124563915181
0.0975563914498817 0.200741949043371 -0.0407424260328537 0.0399999343285499
-0.0135840052581362 0.192773151329198 -0.00153177961443072 -0.13566643389264
0.0676607029163047 0.170076985946753 0.0698139021726774 -0.143781811125348
0.138290729465711 0.0781821717994746 0.00821799406923133 -0.197396762333777
0.116852759728569 -0.0584483982988679 -0.0980426745469998 -0.130542977558178
0.0237298265522772 -0.115963924920981 -0.119946821016532 -0.0271477457052238
-0.0575461455520166 -0.0949177004894398 -0.086111581967984 0.037586167117957
-0.0834046573178738 -0.0390203888997327 -0.0483408241296713 0.040348338219807
-0.0810806580539697 -0.0121235001521221 -0.0251945430634087 0.00227198056216786
-0.0773669591582394 -0.0156615781772668 -0.0261636883897245 -0.0373895957451446
-0.085007092940142 -0.0524892257443018 -0.00245102086153417 -0.082598824524569
-0.0520117047863496 -0.10721017146055 0.0576989484204432 -0.10428876137615
0.0249215754547204 -0.11963191830518 0.115080167591145 -0.0371170173641917
0.13451699652277 -0.062159844351298 0.0876040014589895 0.067279741152599
0.146050062563342 0.0867385446755579 -0.00904312742256664 0.101151630394314
0.0683584958037564 0.173216240864004 -0.050856794834157 -0.0162768186325419
-0.0343988550235266 0.134160289232155 0.00716102839026197 -0.196767818385919
0.0235538934636334 0.136980656447857 0.0740974091005965 -0.160161010548364
0.0911202456012895 0.0775570455988066 0.0385021782339451 -0.190306829381382
0.0918826297522833 -0.0292436447623037 -0.0500314434421841 -0.150719696672436
0.0252933429086195 -0.0831338592438544 -0.106368705412452 -0.0774717987772403
-0.038747273145711 -0.0759117189230313 -0.10815191974349 -0.000815272661000586
-0.0650902721337691 -0.033954264818199 -0.0809372511045042 0.0240635715744527
-0.0639171292988552 -0.0110012688236122 -0.053336722228128 -0.00422917794696231
-0.0632456674791406 -0.0129748945124989 -0.0525264787593756 -0.0427262432652882
-0.0661578202030609 -0.0439724439309245 -0.0257771851898878 -0.0916226993414523
-0.0355302393078515 -0.0871315016872539 0.0408409380593522 -0.120363280825487
0.0295679151655949 -0.0927464364200895 0.112689976930662 -0.0553727676895518
0.110099489752716 -0.0312246699850542 0.0880955246170888 0.0508057059716454
0.096716157741465 0.0854428959080033 -0.00909732391093484 0.0816612739729271
0.0257743462948403 0.12985664920645 -0.0521288803686172 -0.0619405383966227
-0.0430120185532221 0.0516584879123339 0.0108794637424948 -0.226888909016539
-0.0137355528724869 0.0724153837266023 0.072851776119391 -0.163934690398883
0.0333314176212063 0.050428804426416 0.0516320775780888 -0.174710633708215
0.0468465586126621 -0.00461091774532048 -0.023679262956681 -0.154720309944916
0.0172916503658209 -0.0387044153144153 -0.0969894396758422 -0.101298620377575
-0.0158189679438703 -0.0439683185176245 -0.119959887950306 -0.0237294854192143
-0.0358770652164576 -0.0226098095290278 -0.101496675724257 0.0121221772005933
-0.0384272567549337 -0.00850137650243166 -0.0729383119348478 -0.00952126908064578
-0.0417191161785897 -0.00925299613453927 -0.070312603641069 -0.0485795209058511
-0.041968961594348 -0.0307375941374247 -0.0382887585926405 -0.100466366389714
-0.0171312678267996 -0.060675147581692 0.0335144075421085 -0.130009268084512
0.033209204452549 -0.0610157131021557 0.114654848634174 -0.0622672168974408
0.0793654276210091 0.00120912340708752 0.0881350428019492 0.0440161014464339
0.0407686927754875 0.0759270909110188 -0.00875811076006459 0.0679437389748437
-0.0196261172821418 0.0725583021012607 -0.0428402900454496 -0.092683494842558
0.0522105565830219 -0.0122898012247142 0.0571590012778144 0.12917680096145
-0.000692979294650186 -0.0419212440962937 0.0536994528860056 -0.0614110417602458
-0.0369584587054586 -0.0144297695097245 -0.0955384723009747 -0.0609728759455799
-0.016528310592284 0.0246944775122113 -0.143258470504015 0.0632400374251364
0.00636042035833322 0.0162889626047199 -0.0329099395594896 0.159071951554227
0.00982935444789716 0.00942946226262657 0.0630707385022745 0.120575648703643
0.0130067170188827 0.00368095176977862 0.0856508016477722 0.0584459520782512
0.00468786473956885 0.00221408551417339 0.0914976110049263 0.0110700708700421
-0.000365830406270542 0.0053027976637628 0.102937209140361 -0.0114921175240206
-0.0110235418437978 0.00561933556193589 0.122586791901429 0.00951714890788275
-0.0119557512510554 -0.00530564834078166 0.107037367058507 0.0821124956158456
-0.00212489622841816 -0.0154122981592781 0.0329036738669497 0.150195084148729
0.018017562346758 -0.0284626167269172 -0.0300791118293658 0.168447520869204
0.0480259863824121 -0.00745458921256806 -0.0727661152987436 0.175235100364804
0.0605491421703311 0.0380239408351227 -0.00972392423491896 0.238927999700152
0.075116390399325 0.0607885142934809 0.0362802873472091 0.121580909296594
0.0486798274135385 -0.00875270237175704 0.055550932296279 -0.0611245248476213
0.011585899127194 -0.0261231647420658 -0.0963031090499423 -0.0832860020128729
-0.00283751122411724 -0.0132615059076352 -0.158771935117756 0.0514514787400464
-0.00778599924074049 -0.0220194413308404 -0.0513020467007523 0.16052269704598
-0.0205336218656407 -0.0136444673762032 0.0530986916457734 0.128666948000651
-0.0198754533975492 -0.00212423990289326 0.0820042687469223 0.062490493493138
-0.0280182561167175 -0.000812215493904345 0.08650301609177 0.0114972022171393
-0.0337938920197262 -0.00457118290126482 0.0927873930712888 -0.0177876340880825
-0.0457718600552923 -0.0244716922776443 0.115022616166052 -0.0102397053946796
-0.0213820130183375 -0.0553008840856907 0.118756269673697 0.0504051671844093
0.0305493743939488 -0.0559291022536835 0.0614749997317901 0.130092476331296
0.0828260737662381 -0.0248035704484349 -0.000752680479744606 0.166701086379162
0.101899648892377 0.0508194642095766 -0.0494473199230356 0.169506643681741
0.0827271713057631 0.121989370667861 -0.00750576454427475 0.212015718852678
0.0780620746902345 0.133142487361363 0.0150020791659351 0.0868564437779271
0.0936322475627964 0.0427029136338712 0.0586801279182371 -0.0715327982598533
0.0722239805944927 -0.0215328501761376 -0.0905173154487424 -0.118579578223023
0.026182176568011 -0.0530714971547605 -0.174083235318726 0.0218327264782016
-0.0145606014387186 -0.0652450425984074 -0.0773375053120796 0.145275806689633
-0.0489480890340321 -0.04205756273475 0.0295923322944256 0.128970706604155
-0.0518916500021342 -0.0112188379636773 0.0650493894982276 0.0651790908131477
-0.0569907070447665 -0.00359414131664059 0.0693906593136151 0.0114384009204138
-0.0615932535396486 -0.0103498851423754 0.0696914577041498 -0.0248513548827571
-0.0768823955175024 -0.0435214322314469 0.092884677969877 -0.0360335331711358
-0.0419472586380928 -0.092401736193608 0.119926327109919 0.00204552120187755
0.0377750287297727 -0.0989402971771103 0.0949806105922109 0.0905259359634494
0.130836341594919 -0.048286211622127 0.0388849302092333 0.15262416221652
0.155899138459179 0.0781010321943469 -0.0249699471753384 0.159648093365637
0.106703350319396 0.17760812120534 -0.00962122169933541 0.164388056819315
0.0627348355201885 0.190192180492937 -0.00212802908068708 0.02517999806218
0.120437020203065 0.103867176096055 0.0601654089741507 -0.0929285591346623
0.130666729573707 0.00193533892897818 -0.0734284224257749 -0.158154057429128
0.0678796832141537 -0.0826727309231559 -0.1758937087454 -0.0261463850255439
-0.0115472813299916 -0.105372495629074 -0.105330219839436 0.106908684984711
-0.0695718871612531 -0.0702429973054237 -0.00612577245681058 0.114182605372276
-0.0774992707578356 -0.021152805862657 0.0352791894892356 0.0639289056377943
-0.0774078297948882 -0.0051580350726256 0.0419928201007918 0.0102570476108773
-0.0790020845547529 -0.0120073215103439 0.0385169023776338 -0.0309127395581668
-0.0971128571291754 -0.0509509720645901 0.0601090398288308 -0.058695849980357
-0.0627386905542669 -0.111806270245551 0.103932714752432 -0.04746901665112
0.0268148237395522 -0.129265421394569 0.116016538777111 0.0380516275662992
0.150793164597398 -0.0787901165245769 0.0724130011254489 0.124716899504432
0.188723210135062 0.0804450339892667 -0.00724721911420732 0.143594800672452
0.121423005668194 0.201807233959926 -0.0210491460827108 0.105260430622244
0.03283797297693 0.215531192496909 -0.0105780379068812 -0.0552161090944637
0.11570377754927 0.15414649238415 0.0604279617631603 -0.121630717069458
0.160714438753499 0.0391344808894922 -0.0431389650704512 -0.189280337492734
0.104516686408071 -0.0876004478786947 -0.153938456776702 -0.0812039287298221
0.00099345195294647 -0.126323270518597 -0.12319773705273 0.0467695199383389
-0.0756982957625896 -0.0895732909291033 -0.0471377555858926 0.0842213854961278
-0.0909220963819625 -0.0297226757983451 -0.00441144740249379 0.0561258022334704
-0.0865861087093544 -0.00582905143707797 0.00824463293484503 0.0080431353789167
-0.0845754182793289 -0.0114515941619857 0.00348027866735427 -0.0339055183624963
-0.101272442489702 -0.0509067655784366 0.0230856903091724 -0.0738436201816801
-0.0704004452794983 -0.113369236321397 0.0765634015478587 -0.0866159489372623
0.0164225880465922 -0.136095326161694 0.119306385263413 -0.0112066657058236
0.146802154187215 -0.0894268361460957 0.0901965501131185 0.0912858986239339
0.187024110746581 0.0754305241231038 -0.00163585195387523 0.124677615223912
0.11400357527661 0.196853679564818 -0.0376905951391383 0.0440301648507221
0.000717757759864486 0.195953574346069 -0.0117531029968196 -0.136307866230806
0.080555476714756 0.167397978756083 0.062577905672839 -0.148625612896616
0.146422035321536 0.069623134787221 -0.00534442208537364 -0.202135481210726
0.11467733137402 -0.066943072554638 -0.109380783249428 -0.126451406022586
0.0145816098147062 -0.119154745634114 -0.12528027399091 -0.019775652475323
-0.0660259852767842 -0.0916366932504377 -0.0843367030968572 0.0441724991436785
-0.0874747855716049 -0.032242944098089 -0.0457867724241711 0.0443468462964328
-0.0821240683892774 -0.00645204551918534 -0.0262803746153844 0.00458617995999591
-0.0796919852816763 -0.0101522911649851 -0.0297880178311385 -0.0358179566564152
-0.0907200479788361 -0.0468494362301008 -0.00944754633694723 -0.0834923454384463
-0.0616511558202642 -0.103932102066173 0.0497179471574711 -0.111210641883605
0.0169246952824752 -0.12230881640266 0.113962702052637 -0.0452514774267977
0.130743698579327 -0.0729869372427697 0.0945697643601203 0.0639765490150139
0.154705432147367 0.0763374751041416 -0.00257341360564767 0.104389424284608
0.082233445832117 0.170473607121312 -0.0524408321347821 -0.0121997729047172
-0.0243118882539901 0.138105914311709 -0.00651896171351928 -0.199717917624437
0.0339960733288895 0.136361886084304 0.0654523069430621 -0.165921714873247
0.0967527148789135 0.0722584354116503 0.026061976043737 -0.195288659785197
0.0912191649870954 -0.036212808562389 -0.0623383956704175 -0.150959212869445
0.019235111959162 -0.0858365626636593 -0.114801097368835 -0.0713711846905219
-0.0457320068989817 -0.0739524996853228 -0.110200877563235 0.0071516491219317
-0.0683215334846421 -0.0292461695721376 -0.0803895272821488 0.0306562055832023
-0.0650724565538312 -0.0067961148514551 -0.0554165601115698 -0.000215464844512874
-0.0642639777321087 -0.00852081320038258 -0.0572265766420101 -0.0391048567986566
-0.0703258884139381 -0.0396443676197561 -0.0325517724214376 -0.0911419664891845
-0.0424381804256402 -0.0854776608378003 0.0312194284475832 -0.125843577868827
0.0235262354060805 -0.0955144011000408 0.109592740144795 -0.0639250828281413
0.108427834326571 -0.0390865215883783 0.0935203257623814 0.0460666787793354
0.103877046434139 0.0787867638347772 -0.00373345423143521 0.0851519470747979
0.0357022992742051 0.129117555460127 -0.0575490359405553 -0.0586917123196966
-0.0393907101633528 0.0553704808367359 -0.00484765827746745 -0.230844822573337
-0.00821486022708254 0.0742985910318627 0.0637521322767152 -0.170573241683199
0.0370824244029977 0.0484762985920004 0.0413983541434292 -0.18117479027513
0.0467702766679788 -0.00799704477692007 -0.0345698431525237 -0.156987010060905
0.0147728493081708 -0.0403775467041118 -0.1065775449446 -0.0971475659740605
-0.0198286657629422 -0.0429099481742685 -0.124094701229464 -0.0153938143397908
-0.0378487328414145 -0.0202299886655274 -0.101837340292281 0.0200281128134093
-0.0384423223318349 -0.00516723031057502 -0.0747280520215465 -0.00478300860222157
-0.0422881340303204 -0.00567566686361577 -0.0741214437125007 -0.0441131232299317
-0.0442097931259001 -0.0275032668522506 -0.0460283995819746 -0.0994951772182072
-0.0219214032623686 -0.0603930040715991 0.0235672646746178 -0.135408416246472
0.0295996980515375 -0.0636786287648071 0.111442192566398 -0.0711416782331688
0.0806450375822994 -0.00403061015753305 0.0930750961283686 0.0395789007282752
0.0474362669584804 0.0733019887429536 -0.00426352913909813 0.0698690084326403
-0.0145855195199004 0.0746475567604329 -0.0506751096725543 -0.0904828983020095
0.0500055393178891 -0.0161299725611405 0.0645240852591259 0.12154822231842
-0.00357251851271505 -0.0402645680617333 0.0494518679618322 -0.063557835480082
-0.0356395969505044 -0.0112330338675682 -0.0958413949498425 -0.0544613915423073
-0.0136804475048578 0.0246669174908059 -0.135471240848794 0.0704214172567904
0.00659926341068851 0.0153855392478622 -0.021801638464613 0.155893934811117
0.0103583156475164 0.00883007124819337 0.0687943462800563 0.111946231913063
0.0130741749832551 0.00176045924868657 0.0857980237746758 0.0520927617755209
0.00453487085533337 0.00206867067011915 0.0886804242474659 0.0054916465398953
-0.000973551144514031 0.00486844351724113 0.0983000229177326 -0.0173337654338489
-0.0103381273698407 0.00612834319656275 0.118246516682118 0.00170131499202727
-0.0116222677284135 -0.00431084532285922 0.108995172552199 0.0731484883287732
-0.00234396708523466 -0.0153174063780706 0.0416408111812014 0.143532128564802
0.0154603685221379 -0.0281154257836752 -0.0196489826934266 0.163955895892932
0.0453418576620971 -0.00968515979442324 -0.0618324594471014 0.173458066096695
0.0607569145144592 0.0326282367334569 0.00585928692286974 0.231373398604851
0.0766417592676357 0.053021277302121 0.0444311114782562 0.115819207751541
0.0469771189644182 -0.0122599885322808 0.051706729759029 -0.0622643808811382
0.00925537333511711 -0.0255234269886394 -0.0976428860879358 -0.0754102162729739
-0.00339217363755874 -0.0123691410421929 -0.151153347731271 0.0590411007299111
-0.00839598473203531 -0.0204154781781841 -0.0397425156142345 0.157322719623378
-0.0202992796953669 -0.011317268419989 0.0596874747208572 0.12036199144167
-0.0189881831329228 -0.00120962422336421 0.0830341351330893 0.0554536190602338
-0.0270403340349245 0.000849740023021048 0.0828543655753082 0.00597714655529777
-0.0344019464959105 -0.00261947253395036 0.0874427363835669 -0.0227537303236389
-0.0463422038188479 -0.0202239280900131 0.109081320569103 -0.0174576739258219
-0.0242448153051485 -0.0520498258596682 0.117371553185765 0.0408217630050825
0.0260612907930685 -0.0558328146442512 0.0678636347992376 0.123321766210007
0.0782315703433225 -0.0291654157602139 0.00936061138221513 0.160808291647238
0.101349895441357 0.0433656552237168 -0.0393532057575451 0.167296791164073
0.0869613655548297 0.112475737509035 0.00583696607165994 0.205125033993429
0.0842479126894303 0.12339233801576 0.0217514376851401 0.0839694541998371
0.0926136310050315 0.0346617680038965 0.0543395529687376 -0.0718174063740291
0.0680345823877018 -0.0255260639209257 -0.094347269095625 -0.109974170357051
0.0225512643252745 -0.0528345764398952 -0.16800764656944 0.0307174996513826
-0.018707615371024 -0.0621164103065605 -0.0663533279881649 0.14488835309786
-0.04979206082642 -0.0365403068263302 0.0366065433942292 0.12227226739823
-0.0504536959081474 -0.00737736662662018 0.0664253624812901 0.0590524107797182
-0.0548291855308854 -0.000491574393091224 0.066757102642466 0.0070763455520756
-0.0606536699048842 -0.00640521044839863 0.0648438240621406 -0.0277194881433618
-0.077267306867748 -0.036255967103928 0.0863475951211242 -0.0414445187820859
-0.0464804170831208 -0.0857714163930324 0.11550984455415 -0.00650233544728361
0.030206670712891 -0.0975756774546891 0.0977718906015019 0.0825938156192017
0.123367150948523 -0.054630813196029 0.0469340991571771 0.145900996114588
0.155021042910571 0.0652620492950726 -0.0151725107460813 0.156323174308559
0.114003713529486 0.165367561184932 0.00157167403913142 0.159630854088947
0.0728729420900299 0.179349401746939 0.000910309832767479 0.025773062975584
0.121905556381238 0.092294676587058 0.0543402266978811 -0.0920608642680511
0.125233855061645 -0.00621265914616035 -0.0801613461065905 -0.149348173057094
0.0603346558145168 -0.0832986980991474 -0.172716479774932 -0.0151751080903519
-0.0182698513355762 -0.100789900372672 -0.0959066382609164 0.109010454503862
-0.0719970803724607 -0.0623723549517149 0.00111869992427941 0.110253429405302
-0.0758008673659792 -0.0152674096351401 0.037809172402791 0.059232762180254
-0.0741382957701223 -0.000194703750720453 0.0405514177530048 0.00730988103563329
-0.076822610794363 -0.00688227446418625 0.0338837439338151 -0.0317575731047929
-0.0967922167095745 -0.0422445979087971 0.0529704663194365 -0.0611302997610506
-0.0679458487276495 -0.102619797194608 0.0960387918476946 -0.0538908403181712
0.0174743408190601 -0.126264771822324 0.1145345021095 0.0308770495366326
0.139267586215548 -0.0857623360397824 0.0783145744821084 0.116873142641054
0.187137362088473 0.0647231262280123 0.00103490259925609 0.140761473069821
0.129900768371436 0.187229467019103 -0.0130608353464479 0.103338792672428
0.0460222990677971 0.204645935880129 -0.01302669110217 -0.050953739356643
0.12101274761507 0.140890774614487 0.0528027900539406 -0.119305306333304
0.157199656777718 0.0281943387097611 -0.0526362093142129 -0.181095150203791
0.0949074238430159 -0.0914582916171809 -0.154084412053092 -0.0711438286644768
-0.00728517364796597 -0.121989710194902 -0.117587739907575 0.0525334708900005
-0.0801636883363636 -0.0806185419768284 -0.0400775123328301 0.0840253846757314
-0.0897178967071424 -0.0220533421332483 -0.000659483195240817 0.0544945870827008
-0.0828644519582031 7.66220710798179E-05 0.00795253250868404 0.00741372741161863
-0.0823645341500169 -0.00552596200028316 1.22571989443489E-05 -0.0323005417252486
-0.101072299869416 -0.0416853519097633 0.0164029945712845 -0.0730479054966083
-0.0764543417780116 -0.104808713636563 0.0671559732949507 -0.0895420912388531
0.00728128749652797 -0.13168790104717 0.114859429012227 -0.0172010273303607
0.134646517152544 -0.0951069987876324 0.0937973121961822 0.0836246946488893
0.185347329502437 0.0599460445954792 0.00610823011227273 0.12160371429262
0.122764592053406 0.182800506690204 -0.0331237081110184 0.0452551087806041
0.013446847943089 0.188786719587981 -0.0188022710480924 -0.129741785566539
0.0888845445834378 0.156374506758165 0.0522591794843261 -0.145973256462541
0.144939541759192 0.0583357885479284 -0.0170822215970302 -0.194772316814939
0.106365527407013 -0.071771333136594 -0.113457972931384 -0.11736442994145
0.00627444515163309 -0.115279420292906 -0.123157941346547 -0.0108644463946748
-0.0707866669780484 -0.0830272524697136 -0.0788647361372787 0.0481220255538075
-0.086665498887216 -0.025333848739335 -0.0412758934542508 0.0458761081650742
-0.0786791470838846 -0.000517877813920771 -0.0255646233161057 0.00627599657544378
-0.0767362379890224 -0.0045327411434763 -0.0319765960317071 -0.0315998280794965
-0.0903310057946433 -0.0390977516966182 -0.014430700300298 -0.0796909936418824
-0.0670007767556649 -0.0957064394504696 0.039746584022688 -0.111427621815715
0.00810560178855294 -0.118671920585542 0.10757137035388 -0.0490394296579553
0.120813017318062 -0.0774939250159563 0.0956607451038867 0.0576104649611658
0.154128704874919 0.0632731474993245 0.00418199133510154 0.101750754844512
0.0903303264651572 0.159519877091014 -0.0510353537673665 -0.00839318650101574
-0.0140198532664229 0.134509997358368 -0.0181577776347618 -0.191379213424637
0.0417462568365603 0.129080027904227 0.0538636097729415 -0.163349804945588
0.098141295552378 0.0644171695854525 0.0135132651611495 -0.19030862274005
0.0861083714533323 -0.0407206947670245 -0.0694564319189016 -0.14312994141803
0.0127790457770212 -0.0841348361320754 -0.116503053156517 -0.0616163257607787
-0.0497499679482257 -0.067656438586041 -0.106913003810772 0.014705721287706
-0.0678389181162768 -0.023452616975604 -0.0758646376092471 0.0344794044961713
-0.0622404115206773 -0.00200942391763753 -0.0529905793142459 0.00359516886977806
-0.0623630182061064 -0.00371121869887156 -0.0572699078429227 -0.0339957866622775
-0.0698671250792806 -0.0336228637941701 -0.037633464916568 -0.0863229845007683
-0.047568446376539 -0.0796068081764745 0.0210170558474675 -0.124116233204036
0.0171040692305643 -0.0933545267003033 0.102705649996274 -0.0679983541337682
0.101357007248397 -0.0443539685228912 0.0936827835647364 0.04097371004572
0.104960762942578 0.0689056754452969 0.00190984221147653 0.0834549102888883
0.0422872880401401 0.121747102599527 -0.0591877467591376 -0.0518940351451649
-0.0340869008674395 0.0553199613413363 -0.0184265430505986 -0.222645499421484
-0.00308513935089605 0.0718371882152015 0.0521816911380715 -0.16808783906141
0.0382171119925847 0.0446729734821264 0.029117111572849 -0.177540155129544
0.0451774471520379 -0.0106337584208174 -0.0432695747310832 -0.150433415024273
0.011869259615331 -0.039248971306503 -0.110660749122647 -0.0865267590579069
-0.0229311857733683 -0.0395350160763053 -0.121311231440627 -0.00641728472416069
-0.0377636966768992 -0.0165331106381918 -0.0967767374888899 0.0256143929430202
-0.0372841731531319 -0.00334194179133244 -0.0726195167979267 0.000733825871364045
-0.0404898136286446 -0.00259986373600426 -0.0749514614387075 -0.0374885524133908
-0.0445556191085002 -0.0232470614525079 -0.0501598598424722 -0.0929492977396112
-0.0254149541672243 -0.0565263080957269 0.0137812566950351 -0.132427037441177
0.0244821850976399 -0.0633885542588088 0.103979905185955 -0.0755083904467296
0.0766625186233898 -0.00824555120434854 0.0923191547019061 0.0332753831897711
0.0504225553488654 0.0673154064136749 0.000528629013544802 0.0687250597877432
-0.0104301667914716 0.0728099491947843 -0.0544862894593282 -0.0841166735336098
0.0465007143932556 -0.0164887327872141 0.0652477069792126 0.113965340484563
-0.00449315533853686 -0.0389271510740436 0.0466976822911942 -0.0619151741147156
-0.0342869236722918 -0.00983423408882129 -0.0916868995039288 -0.0506080587779824
-0.0117382294249812 0.0231944938053 -0.12710695801366 0.0697791923397048
0.00693530603328731 0.0136532855745744 -0.0167887538090677 0.146793477464523
0.0100911857644586 0.00792885630782052 0.0673477773359338 0.10423394141322
0.0121599152976953 0.0014576687355655 0.082791295130966 0.0477539826958377
0.0040188288957836 0.00140841721663354 0.0837528325360309 0.00323638361204779
-0.00121913883183509 0.00499379642731937 0.0917235569985678 -0.0184138448582086
-0.00969234055030131 0.00614334529912576 0.111461928206322 -0.00164187751045015
-0.0104626581037382 -0.00430947928519682 0.10451392498695 0.0665750670700401
-0.00224510708593165 -0.0146604219272476 0.0424714617059141 0.136104967788997
0.013948138655565 -0.0265836134053927 -0.0165301112162124 0.155073564060379
0.0417500444856391 -0.00990426138925844 -0.0566674479997896 0.165331749914345
0.0583066312936397 0.029451902908816 0.00953044816885155 0.217313678189827
0.0735518557589711 0.0476491415551465 0.0459358750162578 0.108566629641393
0.043489092655555 -0.0128403933015256 0.0492433660567244 -0.0600136117758459
0.00797555061259605 -0.0241923872649591 -0.0935515446367822 -0.0702347885466526
-0.00221173727633897 -0.0118007103739344 -0.14219633546013 0.0582700133540585
-0.00885007753548777 -0.0193368651535613 -0.0335776489396974 0.148865126129728
-0.0191321960311801 -0.0101433252505765 0.0591801294670534 0.112081348811797
-0.0180948837251824 -0.000749741308294948 0.0797152543341228 0.0511720075889553
-0.0256328564595549 0.00115782564093105 0.0787286545581012 0.00422987999482692
-0.0320288941277818 -0.00137380214837215 0.0810701555268082 -0.0232262735193568
-0.0440398076986408 -0.0179183186397827 0.101660011078518 -0.0191658527745052
-0.0242381198524241 -0.0479334159904871 0.111437491795103 0.0358115506534506
0.0232776923396536 -0.0535094296359605 0.0669372561737067 0.11603997543783
0.0729209163409431 -0.0286605121023923 0.0114346294473464 0.151858013020225
0.0957324492832746 0.0385282300347167 -0.0354634731644808 0.158919559925645
0.0848830052257241 0.104073632216941 0.0102152542730676 0.193342167318977
0.0826255869366999 0.113459952235751 0.0242379587186098 0.0795525373479598
0.0879412810714638 0.0303082059391932 0.0520759115102154 -0.0686399915318871
0.0632228612587377 -0.0252058404499894 -0.091692425709553 -0.102864839695302
0.0202669593750158 -0.0499481897606005 -0.158019802733497 0.0314478986192086
-0.0192899408892883 -0.0579578771237893 -0.0594763576975361 0.13753522048963
-0.0481253091296027 -0.0328955517695946 0.0372657328374213 0.113979770318387
-0.0472995805074462 -0.00590189392199124 0.0641027468382473 0.0548460865995071
-0.0517191214074175 0.00128770380761841 0.0624997422307036 0.00485486778864162
-0.0574512830189244 -0.00427774786674382 0.0596867542664115 -0.0269333828212207
-0.0742910475512301 -0.0318429991769677 0.079333551944901 -0.0408239480407088
-0.0466665192767479 -0.0796459296710559 0.107511134988446 -0.00896881949016283
0.0269316385349784 -0.0934662278080967 0.0945401525720825 0.0770592687930134
0.113930984961928 -0.0542875104624344 0.0468790704659139 0.137455504046137
0.147111026050666 0.0582545131134808 -0.0119778745784159 0.149046163499185
0.112114769203245 0.153588986607707 0.00479006885650948 0.150574750440513
0.0736197106849462 0.166482998274227 0.00275217594523744 0.0250639254939346
0.117088788911586 0.083470560212557 0.0520407762156144 -0.0872724097159875
0.118067062315826 -0.00830065669858667 -0.0792435443224589 -0.140264200679276
0.0552610207209143 -0.0801110722609148 -0.16442359899966 -0.0120818254950539
-0.0200252004474318 -0.0940828075125779 -0.0887247175305699 0.104718706376467
-0.069891588909639 -0.0564180079062938 0.00373584785067355 0.104324287160816
-0.0717481833051621 -0.0122792952123052 0.0366964245432329 0.055166410517213
-0.0700110063832292 0.00188184675367708 0.0377970498142489 0.00632161153116442
-0.0732110190307249 -0.00372244983870199 0.0300081427786686 -0.0297526201377132
-0.0928281514409227 -0.036495036594726 0.0477211880153147 -0.0588168131444428
-0.0673845938654445 -0.094009872363926 0.0882471414793915 -0.05402589561479
0.013889283019095 -0.119088145677084 0.109826745670572 0.0276215337302912
0.129285593826422 -0.0836962143223717 0.0768674764133323 0.110360601698466
0.177355025099055 0.056011324059187 0.00394843774942916 0.134023418289407
0.127428459230008 0.173519621629134 -0.0095138682710038 0.0978704654201991
0.0485624947852995 0.191048979920717 -0.0127510934011834 -0.0462608357055578
0.117416173344322 0.129502119474122 0.0494242362865411 -0.112498741499767
0.148510747218814 0.0237032498238096 -0.0535285226570172 -0.170070010069108
0.087749716027321 -0.0883136267275812 -0.147045044397678 -0.0649068256231508
-0.0107485526985451 -0.114838486096783 -0.110590565189573 0.0525974257130408
-0.0777314215629135 -0.0729317185297219 -0.0363922980127072 0.0805416390107463
-0.0845941495853463 -0.0183926095150358 0.000246570783298045 0.0517776536125614
-0.0774757215016956 0.00192458845425905 0.00742499788018107 0.00682107483834912
-0.0775023771546017 -0.00292187182596906 -0.00147918733161701 -0.0293263702326137
-0.0968110481421411 -0.036802942986813 0.0127460084314979 -0.0688711834662682
-0.0753384693319187 -0.0950157667130084 0.0598018390468476 -0.0868708689573064
0.00357556135855498 -0.124471830450099 0.108116967241582 -0.0173251765461166
0.124398413559163 -0.0926200752189443 0.0907795671409315 0.0788622460105948
0.175847564223509 0.0512074263228533 0.00833703281779337 0.116125783042082
0.120374518200456 0.169747536468196 -0.0298491868042133 0.0432916737174586
0.0172049003146555 0.177175181338754 -0.0199716231710994 -0.120785951777254
0.0868062276630862 0.145671349982925 0.0480815270749759 -0.137523467977275
0.137407388704599 0.0521942422966178 -0.0199370540591355 -0.183566825158196
0.0988393524813246 -0.0706424039467916 -0.110183999433136 -0.109465998168953
0.0030117538135322 -0.108388037000037 -0.117974825056819 -0.00795601945664307
-0.0695306918486042 -0.0755803695798565 -0.0735642382172801 0.048048939043336
-0.081929829104143 -0.0218287382187024 -0.0377619319807033 0.0438993049394017
-0.073330208069971 0.000859409218263151 -0.0233731164815615 0.00661317507463891
-0.0718615114317141 -0.00177839104316603 -0.0309657337180505 -0.0289650013908642
-0.086836509202436 -0.0343433909995883 -0.0162947564744236 -0.0750886378289402
-0.0660739772368648 -0.0881412995111035 0.0334416714946222 -0.10706053934943
0.00542925763539299 -0.111808498947005 0.100757562513948 -0.048640195880418
0.111863056067414 -0.0750860393673826 0.0926043509462082 0.0538992952260191
0.146367087381557 0.055206662141104 0.00668373160495808 0.0974604316787242
0.0886195050787227 0.148212670089269 -0.0478193290883951 -0.00618147104609783
-0.0100742942002426 0.12668817932766 -0.0209693594456951 -0.179301168594644
0.041882207372458 0.120912453146169 0.0489876164357448 -0.154224530300428
0.0936068731817235 0.0585958576196698 0.00949990450116132 -0.179560362473605
0.0805149437131972 -0.0405520524171281 -0.0680265965257718 -0.13469520369511
0.00989716540530164 -0.0796757861717148 -0.113153672415614 -0.0557429291890977
-0.0495133148046445 -0.0614966574965141 -0.101073354328548 0.0164097369670933
-0.0643608553219667 -0.0202021789756187 -0.069864968572606 0.0342074120353796
-0.0582107294094668 -0.000841195514623231 -0.0500976338064921 0.00484330043194271
-0.0580923836033936 -0.00169673964708429 -0.0555384876577089 -0.0299713300522541
-0.0671099369062013 -0.0298165073610246 -0.0382168147317824 -0.0804077039397512
-0.0478296994523073 -0.0734476828826462 0.0160932010829119 -0.11836713365537
0.0139544276970309 -0.0883003908248525 0.0955006953117949 -0.0664854047933179
0.0942550571053365 -0.0429010708798965 0.0897192162530666 0.0376105604076779
0.100915733987998 0.0619899208375824 0.00392859644172402 0.0798052647506444
0.0419622753289486 0.114073713619712 -0.0567350670143793 -0.0482890739752498
-0.0305030198402147 0.0526471094330099 -0.0221872063211138 -0.2090476827212
-0.000940876043515279 0.0677234868825519 0.0462872386319734 -0.159079543115954
0.0365810084669679 0.0418026312609744 0.0239486740514199 -0.167692875755032
0.0424942980504464 -0.0111024917826397 -0.0442717613519179 -0.142509000470704
0.00998160220888327 -0.0375702269964516 -0.107027694956773 -0.0790150750313589
-0.0231965895380429 -0.0363077237013217 -0.115968386744001 -0.00222290586832351
-0.0366210155604092 -0.0144276453391984 -0.0906434194735231 0.0269094986599074
-0.0339714327850427 -0.00211774313243503 -0.0680820028031392 0.00222411944048953
-0.0376215614340785 -0.00172574633756595 -0.0714546630510822 -0.0335346073067744
-0.042316409560615 -0.0207743300907138 -0.0504787874984907 -0.0870380975526013
-0.0258629406066582 -0.0523775830648032 0.00924964726778306 -0.125767354741256
0.0219345017986531 -0.059864094195594 0.0965194396906707 -0.0728803967158534
0.0723079706717455 -0.00905219442008413 0.088219433629405 0.0311893455728299
0.0485602622441285 0.0623516768789787 0.00220716794951985 0.0648755300883655
-0.00840551120538192 0.0690216000038407 -0.0542583553506142 -0.0779944715270392
0.0444694256366483 -0.0159479408287112 0.0622942303444431 0.110507038481444
-0.00431674509817771 -0.0375643326491569 0.0478385305286162 -0.059128057056916
-0.0323804122553373 -0.0102464471762746 -0.0867699416276883 -0.0514113915390539
-0.0112994496835181 0.0215072775262947 -0.124931718124628 0.0645116220801807
0.00620817311777556 0.0133423336314581 -0.0191427861466954 0.140458339117499
0.00982197062199636 0.00833207337628607 0.0632485856257367 0.100941245263031
0.0112022690897263 0.000934300083939527 0.0792614172468982 0.047620800757335
0.00386665089451665 0.00151789701640781 0.080162903305052 0.00514666800276683
-0.0018103704940757 0.00434357582407393 0.0885063610597798 -0.0161531872826654
-0.00955765832116316 0.00575228416336063 0.106742681016698 0.000587129661767027
-0.0099912465368706 -0.0044710040732443 0.0991152356984511 0.0665224080187974
-0.00213698334622873 -0.01462292608242 0.0383744049600047 0.132234313956009
0.0134875695389726 -0.0250224250567567 -0.0195109184106433 0.14772364258442
0.0399360777111128 -0.00783355091030014 -0.0592868694681526 0.157318639119072
0.0553522028909512 0.0289986094492691 0.00411017364720589 0.20796681148427
0.0690711211254686 0.0461402507387126 0.0443485978943132 0.105509018188057
0.0409944859776291 -0.0119032336307788 0.0507001142274163 -0.0567607995981655
0.00846316625963975 -0.0230032608783513 -0.0886571252671182 -0.0707589353664883
-0.0020958343486864 -0.0114916450361789 -0.138979646662596 0.0536006928373277
-0.00860788919092846 -0.0189141754719508 -0.0351570299254281 0.142340230855567
-0.0181067252962992 -0.00952736495190692 0.0546971536283043 0.108341344428993
-0.0167714831384747 -0.00151842056127382 0.0757577216752016 0.051165331676351
-0.0246101739584014 0.000617459771695093 0.0754309183121496 0.00580822182737573
-0.0312135477139479 -0.00139051259378848 0.0782248414239373 -0.0202796381419692
-0.0426662788818718 -0.0175915704218047 0.0976398085758762 -0.0168979798150708
-0.0223764341066582 -0.0459696234968486 0.105548446653792 0.0359548246442659
0.0237341662581367 -0.0513544629674289 0.062867977430716 0.113428873723979
0.0702222043626843 -0.0260443723833064 0.00763541441055781 0.146532552947301
0.0905155511117167 0.0389148890152002 -0.0381722915005373 0.152194688794619
0.0792378423325482 0.101849761418003 0.00574302603878929 0.184952882191349
0.0774821375567844 0.109139198907721 0.0235123951283678 0.0773633372011278
0.0836313825306147 0.0305220161200953 0.052973415895838 -0.0645459402461948
0.0607338778540241 -0.0227783907592766 -0.0860781788433962 -0.101762766326038
0.020650366090126 -0.047407700658248 -0.153298147129097 0.0270585651996638
-0.0180976681101174 -0.0556754990642559 -0.0601256879458461 0.130592881068699
-0.0459054633610392 -0.0319307118835344 0.0341700676419608 0.110441938098514
-0.045700887818062 -0.0065497527107658 0.0602262567642444 0.0535130320039607
-0.0489534371211288 -2.71253581128335E-06 0.0597467302746313 0.00675935123463434
-0.0554337053584508 -0.00497202998071182 0.0570909427657617 -0.0242704529537736
-0.071273915438335 -0.0314822438470472 0.0764011979815228 -0.0381792901548642
-0.0435389074784969 -0.0760146212335021 0.102496405071869 -0.00745463605548373
0.0270175618968091 -0.0887573602231225 0.0902096987289118 0.0772974116274893
0.110076103431168 -0.0500151415350222 0.0425324879414162 0.13396128011941
0.139502213984363 0.0586774312415274 -0.0152961873169041 0.143369428377253
0.104747464738777 0.14990614392576 0.0022625638148478 0.143972095852632
0.0673448920431525 0.15994970468867 0.00431399856991336 0.0259019894054719
0.110096456329762 0.0813544523722053 0.0536081470608735 -0.0822507424338338
0.112921849990129 -0.00536594703296184 -0.0724266128614336 -0.137576471351106
0.0544377516327216 -0.0757922827907781 -0.157900211265435 -0.015155726695012
-0.0183098387929757 -0.0903548273481829 -0.0873420595118973 0.0990950193340613
-0.0666421602112137 -0.054041442986376 0.00184732288123229 0.100611892599996
-0.0684554842136462 -0.0127294507960762 0.0343942710281298 0.0529381490637206
-0.0661712213769415 0.000418192910742837 0.0359551732593488 0.0069935591542377
-0.0695655389229428 -0.00525204654528597 0.0289610070805548 -0.027119342791377
-0.0889095406711485 -0.0365650298370277 0.0457028872166349 -0.0553147902130291
-0.0637130591610255 -0.0905807189105357 0.0841850785467172 -0.0506436997965269
0.0150890727277382 -0.114198531022036 0.105337908305557 0.0299056136927694
0.12468698396155 -0.0775926527754732 0.0720672133119495 0.108373274818055
0.169157080866768 0.0566039439536781 0.000648043621365573 0.129783593111677
0.11953424221787 0.169704680420021 -0.0103252524994447 0.0935877964963104
0.0434817739452997 0.183264067856046 -0.0101756334762389 -0.0438250503391634
0.109902464222779 0.126029709195126 0.0518629322235203 -0.105854164672973
0.141805779409686 0.0256869944721895 -0.0475232499036869 -0.165372873569125
0.0855484415718108 -0.0830363096945912 -0.141092661989645 -0.0655320063708858
-0.00911502766805072 -0.11012899015337 -0.108124605931809 0.0480169878127929
-0.0738098423231679 -0.0700837109820494 -0.0362653209042983 0.0769636854376275
-0.0807295223389131 -0.0186710548991515 -0.000674036210395983 0.0492826839509946
-0.0736141895945353 0.000321713365647875 0.00679250104416638 0.0072741169699394
-0.0741348525002696 -0.0037806054486262 -0.00124494246441542 -0.0272909480944399
-0.0925190403276925 -0.0363594496661369 0.0134911702488805 -0.0657195074940498
-0.0709449309757342 -0.0918428361116124 0.0574288599726466 -0.0830093927952233
0.00494731522099454 -0.118906874396231 0.104926049464148 -0.0142749712783408
0.119770225804384 -0.0864837628485556 0.0860661750097641 0.0785944763644831
0.16738025449842 0.051983725969304 0.00652589725994116 0.112639991717212
0.112190665637069 0.165375818500728 -0.0282436189659167 0.0406314994446798
0.0137012870380234 0.169656654115985 -0.0158644240002352 -0.115526697932097
0.0804305484321701 0.140374552264917 0.0502584717236086 -0.129441370776068
0.131140798270812 0.0532343371439359 -0.0150741369496707 -0.177092693483063
0.0958639191394945 -0.0657277181711386 -0.103840233741738 -0.107759407251741
0.00416731585053549 -0.10406381228092 -0.113963204166647 -0.00956060185917726
-0.0665408868009639 -0.072371298031272 -0.0721157998587082 0.0458477188280986
-0.0784859828163823 -0.0216983902059474 -0.037182436511714 0.0414214961563938
-0.06949280569023 -0.000326810486338345 -0.0230024371268246 0.00665129432168602
-0.0688174477444228 -0.00280096885068714 -0.0290106190508744 -0.027319726884206
-0.0825389043177399 -0.0338212722571599 -0.0148007383593351 -0.0720058638564913
-0.0625316604644644 -0.0844086269333033 0.0320443367584461 -0.103144175929654
0.00620857618172398 -0.106981743714242 0.0981929551156064 -0.0447534103699047
0.10748121834756 -0.069674238052044 0.0881232971086229 0.0546546569081363
0.139191384718561 0.0548432537924687 0.00533601815916339 0.0943646282657083
0.0822659547230212 0.143995208026624 -0.0457632296414068 -0.00769326251084558
-0.0116345247920323 0.120645351010006 -0.0155246784177964 -0.171638712676502
0.0383822361860232 0.11617139731589 0.051494967070814 -0.146166311122881
0.0889390629475576 0.0586284435380398 0.0130539003048669 -0.172217469903402
0.0780326868121314 -0.0374822603818329 -0.0630150708314319 -0.131544260260355
0.0109243969476513 -0.0763401916501062 -0.108174547574364 -0.055286615523812
-0.0473434212736815 -0.0586990295293436 -0.0974255789012682 0.0151649838802182
-0.0613886318599692 -0.0202857614129538 -0.0681212517855654 0.0327353995466373
-0.0548596433076784 -0.0022475339425346 -0.0481367361607668 0.0038906002310493
-0.0554146322308187 -0.00215748630760369 -0.0521822947647168 -0.0294039903851917
-0.0643121732112776 -0.0292944462302493 -0.0350845750484032 -0.0779657212913532
-0.0450015112230778 -0.0705089851762812 0.0161912611408092 -0.113775547569863
0.0148387191616454 -0.0848946676893917 0.0934462003555591 -0.0614184806338016
0.0909471042404798 -0.0389372748146957 0.0863046728840108 0.0389861935516387
0.0955799981530898 0.0610036358993439 0.00274271215523804 0.0768523231720866
0.0382261268282952 0.110692850941873 -0.0539898220366311 -0.0475575006535137
-0.0298152387379402 0.0496935587332371 -0.01751186119555 -0.200872238909152
-0.00151331182679471 0.0644686755406575 0.0482248389169576 -0.151250233439563
0.0347498782464722 0.0412321653384827 0.0269836998071739 -0.160749508361258
0.0410904397727264 -0.010086011822601 -0.0398398188961571 -0.137772818344113
0.0099056681736112 -0.0359698313943679 -0.102115261114065 -0.077691598272954
-0.0221962736372695 -0.033921598758713 -0.111227709665824 -0.00372488016171575
-0.0349746837194093 -0.0147444483056311 -0.0873027507433177 0.025031298244047
-0.0326431394259574 -0.00310258597017046 -0.0658112308498089 0.000722039680191172
-0.0350125489535005 -0.00155392382162651 -0.0678962966151963 -0.0329993024517756
-0.0399433468894227 -0.0205588657740674 -0.0469011291085205 -0.0843322235580983
-0.0241233984551029 -0.0506600793962032 0.0101543760750163 -0.120717979836977
0.0219204969405245 -0.0576827463423829 0.0945140768502332 -0.0681573201087979
0.069321328808032 -0.0067322373404693 0.0847910132961858 0.0324507418826524
0.0454774285087639 0.0601352432865239 0.00121126602020228 0.062559461826739
-0.00989220932608375 0.0659760853043427 -0.0508489650097262 -0.0753490052036963
0.0454460823853664 -0.00909427535491734 0.0457699681928573 0.122012492972696
0.00178510423388077 -0.0370562648318055 0.0601108361969941 -0.0511080158982863
-0.0295171343848553 -0.0152042698995118 -0.0761992862339563 -0.0666619045557328
-0.0148461410188573 0.0179523449730383 -0.132221275850453 0.0430132378345209
0.00273115599722486 0.0139870092954422 -0.0416794051892452 0.133754577859092
0.00887316348196458 0.00935657971335615 0.0453332292066328 0.110016323634028
0.0108722681924176 0.00266915497539297 0.0708977062588589 0.0598476160769215
0.00384399249168054 0.00152352939289472 0.078097020630556 0.0191928914588625
-0.00151633549291758 0.00358711750251172 0.0902158482226923 -8.07839037947795E-06
-0.0102051659816099 0.00353092047621919 0.104519830187081 0.0190002433973602
-0.00745985643215334 -0.00670830094223661 0.0857848474463818 0.083488717206249
0.00287661663860936 -0.0149735868297576 0.0142652354667811 0.138810666631517
0.0199501859101273 -0.019361830391634 -0.0472309213788442 0.141116266903449
0.0416679551980679 0.00196352820582064 -0.0890455589590682 0.142749239662116
0.0509888715574047 0.0392410286565943 -0.0356952451267101 0.206925422174912
0.0605393069575683 0.0549787496983944 0.0236749153030718 0.113445641867391
0.0418157520032548 -0.00421231960806226 0.0608409864447624 -0.0467227751878676
0.0122110081958099 -0.0208492041679104 -0.0752800051965106 -0.0839536625632378
0.000254983950263598 -0.0125230471395946 -0.144135146660145 0.0316043785443682
-0.00591797851978359 -0.0194383812404987 -0.0562721593097178 0.134394178291746
-0.0159915935754536 -0.0127955264839599 0.0371457156675832 0.115660932613793
-0.0163160594476533 -0.00467185522477685 0.0672914275883504 0.0624076536629026
-0.0238989945935943 -0.00435413479191454 0.0728643672604393 0.0192761376772965
-0.0298265883450456 -0.00760867654694874 0.0805301665626883 -0.00536859023197547
-0.0377689530948184 -0.0247518377319171 0.0981650360637276 0.00142167685500904
-0.0125449457298353 -0.049175935526446 0.0968745943020744 0.0556999924134248
0.0345666092768796 -0.046632549720086 0.0407767702101472 0.125216650959703
0.0748881044718973 -0.0110132120373258 -0.0206899890410988 0.143879880115792
0.0819650151402261 0.0564704842215311 -0.0663967410569379 0.140468648102041
0.0610856483440453 0.114772903926268 -0.0294449169522897 0.183735904377669
0.0589219454057546 0.117476542619755 0.00310661796548871 0.0808633758830064
0.0757527259191508 0.0435469278359775 0.0619255647327773 -0.0534564661543088
0.0637163928718578 -0.0114888571939944 -0.0695198759078444 -0.111618483731732
0.0294375994252063 -0.0429680683883004 -0.154253102335801 0.00505455760758171
-0.00824298779135746 -0.0574055993428882 -0.0783365170749556 0.120698434332225
-0.0390213728950137 -0.0388924440837 0.017735418465291 0.113807675952536
-0.0433434237911475 -0.0148167387201769 0.0518966528580362 0.0627847698109099
-0.0482640656465671 -0.0088694564162871 0.0572424038049967 0.0174580079433909
-0.0525927766006732 -0.0145996184718575 0.0600348215924257 -0.0128513597334543
-0.0636253501911824 -0.0431555658546708 0.0798702928383061 -0.0221539780771759
-0.0282673307867701 -0.0826148914742538 0.100360437558198 0.0118785935746123
0.0441979369256882 -0.0831709633176747 0.0745532503123283 0.0942933776467533
0.117290171516878 -0.0282343629731843 0.0160511931706069 0.138470282561959
0.126165351756896 0.0829435711349998 -0.042242833454212 0.134633546494775
0.0764806319501333 0.166726001969833 -0.0240715332362383 0.14140711225465
0.0422123218827709 0.166128236919973 -0.0112845580115609 0.0246443534162518
0.093812133774126 0.0985411930478262 0.0620864473912572 -0.0699271204002404
0.110737731928639 0.0140340157887256 -0.0531958384258029 -0.142376734111635
0.0668333391328583 -0.0642300559956905 -0.152957669193808 -0.0358885151366838
-0.00230035021404489 -0.0905331440386396 -0.100054792951928 0.086997596819519
-0.0557842711026246 -0.0639934383770653 -0.0107766346032888 0.0993971030567059
-0.0648000573344116 -0.0244570558244711 0.026383170388762 0.0582298223294529
-0.0646336954746303 -0.0116269148712748 0.0335286228155228 0.0129463552278962
-0.0668416175344748 -0.0172083163534365 0.0328957613561889 -0.0202427063196557
-0.0802980232311619 -0.0506299889227616 0.0533865302754674 -0.0442574532852998
-0.0464731412884282 -0.0990991355946348 0.0889916679588487 -0.034148697671494
0.0365414106215202 -0.110379019314156 0.0981132755614732 0.0506022488375561
0.136358989738427 -0.0535703864273388 0.04909313616175 0.119210863781831
0.154786864149768 0.0858685484148128 -0.0233384667076299 0.123806082457884
0.0865784433589746 0.188323884990815 -0.0267669217080923 0.0879963341932025
0.0141679842789932 0.185343649104547 -0.0145845703733201 -0.0482360401152235
0.0863211614493081 0.141716107202373 0.0615888438487411 -0.0944667468510951
0.13418888662826 0.049887402976087 -0.0267413055505328 -0.165248295057709
0.0990572354735844 -0.0656014899089394 -0.129329569645029 -0.0813097136745523
0.0106510801886066 -0.10787260728975 -0.112802939371852 0.0350536778772223
-0.0604483696901182 -0.0797831313656421 -0.0442614244199534 0.0714408445093645
-0.0762792618890493 -0.0323886530403481 -0.00632800700155176 0.0489391555424378
-0.0717805141186472 -0.0131395608121867 0.00463021249946806 0.00800651280693475
-0.0713474360947533 -0.0168411056809871 0.00368184094761357 -0.0258474885766233
-0.084170147650974 -0.0512014904971308 0.0231038218575547 -0.0605219414870864
-0.053576099398838 -0.101348382617185 0.0681715566226971 -0.0709922994822323
0.026796940505686 -0.116819774250029 0.106046586340168 0.00755895125787287
0.132945529742969 -0.0634906010618595 0.0691001224626906 0.0926499012786522
0.154864107046178 0.0807441272132773 -0.01444696119689 0.10758846188674
0.0799389842578892 0.182266782966951 -0.0359244959394236 0.0324258649929672
-0.0127671910777112 0.167787258168738 -0.00862493569408069 -0.121054013432393
0.0553781350942925 0.151537425898964 0.0649514851876719 -0.11969415009066
0.119201813504986 0.0751382373860486 0.00675729684190196 -0.172570646293057
0.105789732354109 -0.0469137197474431 -0.0876689744934862 -0.117441666199844
0.0224119951862523 -0.100848100193713 -0.109475101878413 -0.0222831344377195
-0.0523220130726967 -0.0809389543893206 -0.0743185819420215 0.0345164365834166
-0.0736544652136563 -0.0347965446274591 -0.041414037929694 0.0363080679917713
-0.0676403260896086 -0.0135850681400392 -0.0238313568805323 0.00214424766735572
-0.0657200509998978 -0.0145688378968038 -0.0244354830446938 -0.0305792788824546
-0.0755173917010384 -0.0472140690994995 -0.00342243471322146 -0.0715371866315112
-0.0470860274865512 -0.0934165442123665 0.0471716707489263 -0.0945452315938744
0.0257632894910831 -0.104772371314031 0.104623380355881 -0.0243150520178929
0.117327102583926 -0.0491281553034255 0.0759023521398977 0.0699255449541285
0.125993022615193 0.0787499763322098 -0.0112786603483123 0.0906457164991584
0.053661742314929 0.156782377541958 -0.0434221201691282 -0.0180973910192538
-0.0296709839805397 0.116336686453155 0.00413828603220922 -0.176750017288783
0.0183239584945383 0.120524231744965 0.0696492813494046 -0.136995734361741
0.0771146804535788 0.0734175605575623 0.0353141832461605 -0.165544367690868
0.0833282867159664 -0.0222875663883787 -0.044151070277383 -0.135249229304218
0.0241949178936127 -0.072105978081154 -0.09724335838973 -0.0675527274750122
-0.0362496015119064 -0.064154956970057 -0.0961245081934984 0.000778462351232271
-0.0574411439842399 -0.0301496285683574 -0.0707163120173642 0.0229993340214987
-0.0535599356403547 -0.0121031332797419 -0.0482680327303065 -0.00496560346237516
-0.0524899418944233 -0.0117104745492832 -0.0470797509916757 -0.0369062146275931
-0.0577891637008794 -0.0392938414495734 -0.0221307861518383 -0.0817893503878554
-0.0324852174370248 -0.0768489063330776 0.0343391558019104 -0.108690892811864
0.0294710360498352 -0.0816585012869568 0.10226691316979 -0.0424549461369372
0.0969188678710379 -0.0225409754086208 0.0769559123506252 0.0536094504826102
0.0830014137178229 0.0762930027113284 -0.00973633387874061 0.0734093122314582
0.0161256638272233 0.115299472547646 -0.0445456357294754 -0.0583622556299705
-0.036458078387836 0.0441298833008091 0.0128110004491699 -0.204456462381072
-0.0116786928445042 0.062597289453953 0.0701742981737815 -0.142960092040351
0.0271382376560012 0.0466792236235165 0.0497999052396679 -0.15403608853934
0.0424175109874625 -0.00240361903565848 -0.01861751060522 -0.14088909477835
0.01668700731593 -0.0338582556335945 -0.0888294519612437 -0.0908356534045424
-0.0163499778947248 -0.0356709110077892 -0.10839842906205 -0.0205049578731641
-0.0323042202922897 -0.0196302558877508 -0.0898054926731932 0.0123524984021203
-0.0312739481910796 -0.00889189059341353 -0.0646329646987257 -0.0110330590846864
-0.0338882866197487 -0.00764015736134541 -0.0613840756676354 -0.0435538395206632
-0.0356413701760755 -0.0270899163916816 -0.0321433909850954 -0.0906328201714536
-0.0165734559736403 -0.0533823870812821 0.0303056733687126 -0.117024513091536
0.0312908417691335 -0.0541421176759495 0.105636865591473 -0.0498349552745
0.0695649376192978 0.0048395883650589 0.0769180960219427 0.0477022079131269
0.0337743153250346 0.0670757763038974 -0.00872303302120238 0.060738626935453
-0.0231688128525387 0.0632158917967433 -0.0364892475701546 -0.0847881748833892
0.0465859553198974 -0.00940352175034275 0.0473453788799538 0.12580631729841
0.00222330080065962 -0.0375359400407014 0.0645897825292603 -0.0527174049507602
-0.0301569411047758 -0.0160440960747772 -0.0763833236923222 -0.0704703618909788
-0.0158523923306928 0.0176775451465279 -0.138162886432512 0.0424891898881531
0.00233955322456206 0.0140403569877824 -0.0455839618091938 0.137554561158419
0.00939018368354747 0.00939503749733589 0.0458165765924361 0.113443149359605
0.0114128358304149 0.00305849179492802 0.0726633358776206 0.0633682804737521
0.00331850272625367 0.00170449808429294 0.0807005402338506 0.0217218615661441
-0.00236896276162346 0.00376680302021001 0.0932207232146888 0.00130719816652823
-0.0105219308554273 0.00354050673380376 0.107446193494725 0.0212216862758754
-0.00747526442589408 -0.00704436332657345 0.0873753494533486 0.0880049874899065
0.00322980097992488 -0.0150208964875019 0.0127481477976713 0.143747563389144
0.0204120709094463 -0.0192362044410656 -0.0520884141884727 0.143593927921045
0.0428759288211843 0.00319484909671889 -0.095632743499663 0.145296178918103
0.0518465476043433 0.0410943923379129 -0.0406415491204526 0.211434136959557
0.0615681011304709 0.0565378668876756 0.0247283865238019 0.11753367962213
0.0425982574908696 -0.00393153334471233 0.0652998834755014 -0.0477761021909428
0.012716003749895 -0.0207527497562651 -0.0758747764578746 -0.0888194971024514
0.000623393989917224 -0.0131311563157211 -0.149513821913016 0.0296967975882101
-0.00607564086285637 -0.0204315570196364 -0.0609912281993582 0.137267795704825
-0.015686519279558 -0.0132413438211799 0.0370478271507771 0.119522629489224
-0.0166545425762682 -0.00509280181492627 0.0683251358761916 0.0654243117043637
-0.0245679695780628 -0.00481803042539807 0.074741137672183 0.0209842148038152
-0.0310224166367854 -0.00828909702061291 0.0831040791314375 -0.00393040551873905
-0.0393347227273784 -0.025593222282636 0.100940386759178 0.0026453099460626
-0.0121915946339881 -0.0514115222235794 0.0984384685366292 0.0588596127385369
0.0359277393893731 -0.0475432572924377 0.0404588035938867 0.12996916749385
0.0768521875804782 -0.00946156573788067 -0.0243704121037497 0.14793213863573
0.0833427137037032 0.0599680112453847 -0.0720932494895193 0.143156445268058
0.0611065127239135 0.119466366472115 -0.0322764579266906 0.188317973103828
0.0589938979576342 0.12119595365503 0.00368409163073771 0.0845461558240584
0.0768288644629183 0.0462668208661571 0.066782021893372 -0.0536345184417795
0.0649471850806409 -0.0102266058050245 -0.0691422023699511 -0.11696651789871
0.0303546619779033 -0.0437432815682397 -0.159901742230166 0.00245750075206161
-0.00843157093975754 -0.0590899676158724 -0.0829149291500028 0.123022579872008
-0.0397137037600066 -0.0398429290925368 0.0167973528399941 0.11747150765345
-0.0441373091723239 -0.0154029694427548 0.0526664769289096 0.0652090476353018
-0.0491784395529099 -0.010251483810657 0.0585080324892686 0.018791415745181
-0.0544865994362196 -0.0161193263888392 0.0620157221453368 -0.0116240698250941
-0.0657042490811427 -0.0445107975535153 0.0829966761847107 -0.0217319150849979
-0.0282800210208946 -0.0846932154987075 0.102151484582322 0.0133105185501821
0.0466393975644616 -0.0850604097971995 0.0754749962193304 0.0996775869687084
0.120891919364712 -0.0261781649555228 0.0135094909161231 0.143508016561188
0.128193985043513 0.0876262650188638 -0.0463518686614617 0.138603176021731
0.0766935583562542 0.173317276651129 -0.0262973986404958 0.1445753098732
0.0400933225425458 0.170089186284667 -0.00983794522544693 0.0262203805747861
0.0945557014288956 0.102892746198232 0.06800440965189 -0.0699385868007025
0.113587563095875 0.0168150433040038 -0.0516887932017853 -0.148378284705598
0.0701045625186142 -0.0655190901081954 -0.157399530119496 -0.0397542176198457
-0.00157727631797687 -0.093197406249038 -0.104712992864798 0.0877772784690805
-0.056643921273019 -0.0656096264339042 -0.0122620220729957 0.102302226813655
-0.0663164895062857 -0.0256295895701292 0.0266025377419249 0.0602451209194861
-0.066568095378396 -0.013056481585548 0.0343507274735932 0.0148630557241615
-0.0685903714133549 -0.0186409398314235 0.0342740860444456 -0.0194576541231217
-0.0828803421504266 -0.0524607801547324 0.0551505946328877 -0.0449214418921751
-0.0469579110934045 -0.102445230243702 0.0907521271273671 -0.0338680332618614
0.038552311841333 -0.112895726429871 0.100541523404527 0.0547568932595911
0.140522859915441 -0.052529389535994 0.0488309505755363 0.124765943616866
0.157678484494867 0.0908599496370562 -0.0260178377519357 0.127265472570656
0.0871755036148638 0.195818851458405 -0.0281184811009104 0.0896030606684034
0.0120500853121664 0.19026806378086 -0.0134550658689567 -0.0482608790731733
0.0863064424764526 0.146581244513731 0.068303899568813 -0.0944697534038962
0.137769175653771 0.053891047057609 -0.0235873023372641 -0.170495087463699
0.102482810032311 -0.0665514027418361 -0.132456643241001 -0.08648232615166
0.0118270434580979 -0.110819860864789 -0.11673527560087 0.0338545468454874
-0.061855548751598 -0.0817081523078137 -0.0461914518330674 0.0726082287125331
-0.0777472553453186 -0.0338032790654734 -0.00731925013683029 0.0504810153820643
-0.0731754518514652 -0.0147031565965668 0.00496565825079351 0.00887660531850926
-0.0726802800478263 -0.0182762618054641 0.00391244329501604 -0.0250035104729399
-0.0870278847451572 -0.0530651295439884 0.0243089345980202 -0.0617685317189121
-0.0546931357701092 -0.10453222246621 0.0699740571020167 -0.0719951950353205
0.0289122626757595 -0.119983404298208 0.109437873236361 0.00966649432319657
0.137387583640276 -0.0621398699461085 0.0701497926384306 0.0980229749626285
0.157653832619865 0.0857488114435832 -0.0160316960846041 0.110908519954582
0.0801865326465129 0.189899066523511 -0.0366696636589154 0.0321041817559833
-0.0158851770334126 0.17128285023907 -0.0056860654333288 -0.122750511233373
0.054586237716321 0.155983481228193 0.0716070178853089 -0.120683296457465
0.121329304671271 0.0798929330683022 0.0107469164560287 -0.176898681069954
0.110011829352503 -0.0475372094591412 -0.0881922783574256 -0.123255485321819
0.0238854815350191 -0.103077277447909 -0.112929421661437 -0.024973671776217
-0.0535150043665489 -0.0825877824776123 -0.0768604005099208 0.0348214452923068
-0.0754571631874597 -0.0357487274737194 -0.0428306851372354 0.0369870943576623
-0.0694500339652343 -0.0148088428153966 -0.0247784600743048 0.00188789138829323
-0.0670436010450083 -0.0160505856025334 -0.0246172716072769 -0.0315004522877476
-0.0773855797045092 -0.0492725245861649 -0.00297141928405996 -0.0738967288375307
-0.0482227390641227 -0.0961198131018409 0.0486695120085433 -0.096913749866636
0.0275730075721287 -0.107327079935 0.108694504123069 -0.022904432510252
0.121778388002522 -0.04838222353321 0.0780547147842262 0.0746046126073725
0.128762105273768 0.0830049288211538 -0.012243886996738 0.0931657225808303
0.0526652575437449 0.162429222755355 -0.0440712552774097 -0.0195851399720931
-0.0326984819992548 0.118430593891027 0.00791095079019305 -0.180640394686252
0.0170468484129625 0.123177315956342 0.0760451503735162 -0.137781768385441
0.0786446955245712 0.077366698543668 0.040356549834854 -0.169237284483734
0.0858946703367288 -0.0225438132343538 -0.0428325318784167 -0.141254180385212
0.025487699233228 -0.0742999541265661 -0.0997784186106241 -0.0709133375466171
-0.0373268217430107 -0.0655014785896808 -0.0987564626422956 0.000264309833870489
-0.0590562218799778 -0.0310031368866134 -0.0732149148308328 0.0226316442707216
-0.0542501042385874 -0.0131196457421516 -0.0500751244483034 -0.0054129072844029
-0.0533383181347096 -0.0127931634058702 -0.0477535365997556 -0.0379222416469781
-0.0593522700899508 -0.0407754998585963 -0.0218869479939499 -0.0843014562288972
-0.0330054457457786 -0.0792935859315735 0.0354586610075369 -0.11123867524516
0.0310891180683457 -0.0839869866572982 0.106748662717067 -0.041410840646126
0.0997627171114717 -0.020833265156183 0.0787881754075163 0.0581076807201245
0.0833281248346075 0.0797402382944414 -0.0107771652292747 0.0753712134881897
0.0149052915316428 0.119940511629813 -0.0453993971568271 -0.0613148539129231
-0.0380329797748093 0.0439932401927484 0.017410660686041 -0.209695823304602
-0.0125170975497917 0.0638587600325174 0.0756583390219903 -0.14465823922633
0.0270437935231837 0.0483935535561279 0.0552577433132405 -0.157190691055445
0.0438913707691133 -0.00198413108278128 -0.016120703540573 -0.145791029888159
0.0173705389127338 -0.0347710494953166 -0.0899010911973376 -0.0950768223207144
-0.0164845339618091 -0.0359988822836099 -0.112094741138808 -0.0215907006668684
-0.0332011219809316 -0.0201355608664356 -0.0926215864385451 0.0117397654935229
-0.0319039291220524 -0.00967642461319992 -0.0670127037207073 -0.0115929332225893
-0.0339534359931563 -0.00850982406440549 -0.0633289874650976 -0.0452123199535115
-0.0368375940964967 -0.0281887511116073 -0.0321822582540272 -0.0934118977777675
-0.0163605988765777 -0.0559047012523922 0.0318673930298978 -0.120356484604242
0.0324582623825064 -0.0552507198242613 0.109441797538394 -0.0494821900156033
0.0722109029077445 0.00638880689542249 0.079222695687505 0.0516342543581163
0.0337809712392603 0.0690215482636766 -0.00990346702377925 0.0623617130289991
-0.0245323300138159 0.0652961089252522 -0.0370496558253326 -0.0876200018620127
0.048050616776696 -0.0107252269606109 0.053969047693367 0.128542193694583
0.00110493380783726 -0.0393838215175084 0.067284909003606 -0.0580520713887754
-0.0312803393483442 -0.0162131425770318 -0.0809951828478501 -0.0728502011484233
-0.0157145991487462 0.018869768222349 -0.142964266472311 0.0481615209286676
0.00256576570153671 0.0144473202390637 -0.0440286686212911 0.143536353198586
0.0105817622165332 0.00960788147167732 0.0501205528636294 0.115842507058098
0.0118736645185215 0.00226265941437482 0.0770493717468422 0.0640247923469363
0.0032445101321984 0.00124481241025723 0.0849052214039524 0.02042419961222
-0.00240063354183203 0.00398485709995724 0.0973264698332103 -0.000883898189263715
-0.0106795859751793 0.00423507158200123 0.112051697553173 0.0194402567289283
-0.00748009748648607 -0.00697679149779339 0.0932271162473031 0.0898817889669253
0.00264555394581977 -0.016206792376498 0.0163710650760882 0.149771750316473
0.0208871999138089 -0.0197356991315025 -0.0525159155185968 0.150122618576033
0.043867812573019 0.00312992777616308 -0.0981943214941869 0.153006749984045
0.0545920542342513 0.0414722108200942 -0.037518682703743 0.219437409301732
0.0647329427358855 0.0566677334553232 0.0307114123145319 0.120471890866277
0.0437313758885585 -0.00509637077382844 0.0684511462699672 -0.052074726346762
0.0126357450788478 -0.0218459066410151 -0.0806565251759266 -0.0912610273609621
0.000456417585335222 -0.0131270647190922 -0.155281744184781 0.0344293347505745
-0.00768338732050532 -0.0209587658823501 -0.0597504281294245 0.143687586402119
-0.0168766736627907 -0.0128601941990387 0.0418656910702156 0.122920109595143
-0.0179257580105285 -0.00502223517716419 0.0726731253925176 0.0664169950333121
-0.0258574979215586 -0.00476166579648394 0.0784704564792864 0.0205026353785105
-0.032484474951106 -0.00779308173387086 0.0868175131756579 -0.00646739817436459
-0.0417707115419434 -0.0251329111888999 0.103982320997829 0.000472553643092026
-0.013822733171296 -0.0528582817813809 0.103003117174516 0.0589586473254267
0.0366634203417403 -0.0506587522257863 0.0452846547294328 0.13504452596443
0.0794983272621481 -0.0108511581241741 -0.022460512259313 0.153840128111433
0.087372223200765 0.0606254012413124 -0.0725421339151539 0.150257614102044
0.0666595901558543 0.123034687219123 -0.0287113977969246 0.19500054247253
0.0629319029758756 0.123092748846089 0.00854181942677281 0.0873466719532436
0.079719448552666 0.0454593654945772 0.0717859249339592 -0.0572402703085492
0.0671823099275802 -0.0122211821695123 -0.0741071057392465 -0.12056989542582
0.0303681742725522 -0.0464377356306344 -0.166202983331312 0.00552633833616213
-0.0109980266333526 -0.06060624815289 -0.0829854034195066 0.129529187540671
-0.0428535962699553 -0.0395494789717864 0.0207684955753425 0.121473612348714
-0.0465599856249573 -0.0144019861723665 0.0564657232846538 0.0662988147341318
-0.0517317431624825 -0.00949212163423971 0.0612720330479685 0.0182387443112825
-0.0571686758641502 -0.0154084809627802 0.0643598082990394 -0.0132984995446214
-0.0703249830218175 -0.0438432280656157 0.0848741098290771 -0.0246757217957619
-0.032231655201967 -0.0869240789046639 0.105288631757187 0.0121449713813241
0.0454672655273921 -0.0900884895911885 0.081419239681282 0.102122457674393
0.124733140658347 -0.0298302757712613 0.0179984354431867 0.148798420352586
0.134467136658222 0.0882916623764801 -0.0447887929698844 0.144531895902894
0.0843286151637172 0.178394560275622 -0.0237879882783453 0.149744716267097
0.0451474899146047 0.174297762578821 -0.0077961250747704 0.027818112624454
0.100023896547039 0.103492521523263 0.0726544880475694 -0.0735291459845222
0.118038387189078 0.0151132075562012 -0.0570243135190705 -0.153522268379632
0.0708626185946857 -0.0699254845184934 -0.164700543722357 -0.0384965576912136
-0.00493947608033317 -0.0963631213435778 -0.10644947219109 0.0938018523525436
-0.0608321885003498 -0.065233404882676 -0.00968755439109867 0.106424869688021
-0.0698885004341674 -0.0247406786891074 0.0290491060618801 0.0618058884519135
-0.0690158315480913 -0.0124484357386747 0.0363297683655483 0.0143860302116279
-0.0715912492470296 -0.0170909087804958 0.0354435463568082 -0.0199479253774454
-0.0884097893899807 -0.051228894899445 0.055339199829595 -0.0479921234964173
-0.0515336302020399 -0.104377386710282 0.0922552522228091 -0.0372915295965195
0.0364926041923335 -0.117907697625082 0.106354827001242 0.0551748347044574
0.144304601895825 -0.0572606865133204 0.0545528036377157 0.128959719146489
0.16581102127271 0.0902298644404945 -0.0240433114232051 0.132382830113963
0.0959662205483628 0.201734767411398 -0.0273132926791988 0.0926689006069537
0.0158803977020012 0.195602355192923 -0.013112805102452 -0.0493360372292918
0.0926864501061599 0.149188396506114 0.0718003418177705 -0.0983368198178702
0.143855609720635 0.0531109302082728 -0.0277088214139374 -0.177195362217119
0.104590583728528 -0.0716819533989977 -0.139577986843492 -0.0875222456357222
0.00849206464237178 -0.115200880843417 -0.120391095457195 0.0382059152703003
-0.0660950138562801 -0.0815865597106193 -0.0461667512048218 0.0769265316802881
-0.0820152391656792 -0.0319859479024027 -0.00659909480041685 0.0526975775616393
-0.0762426129226503 -0.0135762329669747 0.00550499446468538 0.00926544938040291
-0.0756442934270225 -0.0169224708745424 0.00352525208414266 -0.0256303624897479
-0.0921069829129547 -0.0518570540934218 0.023113477998482 -0.0644959497530975
-0.0600988216176772 -0.106592933507168 0.0691044491333369 -0.0761669968364759
0.026281430547489 -0.125065034092533 0.1146258063687 0.00847729676267901
0.140531999024159 -0.0670568625914002 0.0762499097864894 0.101229637365193
0.164947289083457 0.0839792727634034 -0.0140168890271943 0.115868361635488
0.0885275214516686 0.195055236726068 -0.0369514750898684 0.0335962593491493
-0.013225121032636 0.177132213258534 -0.0071384523481169 -0.127094032298013
0.0605944403423159 0.159528430258418 0.0734372811126957 -0.125079855489059
0.128587045379329 0.080269402989409 0.00737677972793563 -0.184384994334366
0.112768356845755 -0.0523375895103671 -0.0941059715675251 -0.126464261679218
0.0216391180005665 -0.107567413801042 -0.117678117257575 -0.0229300395748184
-0.057797606970497 -0.0828764272653061 -0.0790891978893025 0.0391455857349469
-0.0795332846161733 -0.0345034741966747 -0.0437603840158447 0.0399552368557332
-0.0715339814412994 -0.013911604320827 -0.0259055716106409 0.00267225346158044
-0.0688988683638474 -0.0147893040355443 -0.026847442685064 -0.0309165625024384
-0.0826096207496984 -0.0484257163259603 -0.00468877462647983 -0.0756331009880215
-0.0530899517564435 -0.0977266331103364 0.0461672923856778 -0.101825322067459
0.0250589682797554 -0.11153445050262 0.112495025912981 -0.0258821877329015
0.124640535118986 -0.0522827391825288 0.0842491301513433 0.0771761176075259
0.135104335895662 0.0821163148410612 -0.0101830180899395 0.0965744378082045
0.0595482410109915 0.167749208212747 -0.0460887279117245 -0.0198591143123925
-0.0314515065902232 0.122725480159279 0.0051077600577733 -0.1860007376766
0.0205227914963444 0.126649402996344 0.0775669087576542 -0.142870436357524
0.0835126937056732 0.0782417398318092 0.0380667027827861 -0.176036910748435
0.0886250278122471 -0.0253046211701866 -0.0467181187257863 -0.145691543194928
0.0239090990570487 -0.0779763530673405 -0.105497960496587 -0.0719082880487001
-0.0404375233947793 -0.065912747112047 -0.102384425615118 0.00325654394025604
-0.06243559746045 -0.0294769150587514 -0.075481125385152 0.0258771460631104
-0.0561298624949715 -0.0130134688007756 -0.0525370655660937 -0.00426737062709321
-0.0545415920089272 -0.0121914740394206 -0.0502816982963333 -0.0378437770432987
-0.0630385444163452 -0.0406641144719222 -0.0255136033169382 -0.0865842775641039
-0.0371033331114021 -0.0811672792998202 0.0326456282798526 -0.116450452450409
0.0296805860771407 -0.0879713964795384 0.110378150735769 -0.0457120259008344
0.102940495074972 -0.023650123297426 0.0845078628634667 0.0599079574580646
0.0883253747681406 0.0805826671773599 -0.00952493421838854 0.0783566130284731
0.0186045591193027 0.123859301706348 -0.0486474850756856 -0.0619362403754102
-0.038124357146407 0.0455712389751276 0.0131313202345524 -0.216493804284423
-0.0116964816655972 0.0654154470107513 0.0767568819266928 -0.150652273775884
0.0297736732517581 0.0501515458324527 0.0544859997065791 -0.164148219965974
0.0452459799493089 -0.00331326914475627 -0.0194643292636721 -0.151744531189493
0.0169886988477346 -0.0365446487895124 -0.0955694504268684 -0.0962674861019165
-0.0185646206862937 -0.036047814311875 -0.116394878189175 -0.0188405381187897
-0.0347304070246983 -0.0193091081476844 -0.0965455493085164 0.0155214282793981
-0.0327214323872148 -0.00980527167515584 -0.0707238961912001 -0.0105620175409232
-0.0346831955013188 -0.00793820696979422 -0.066390271206705 -0.0445842733400345
-0.0390361657676472 -0.0281797798612968 -0.0363715036574318 -0.0964294705549121
-0.0189945911657501 -0.0572626101219798 0.0291316885402923 -0.124914075277327
0.0318759403447747 -0.0582362605628169 0.11284926428791 -0.0537409168119712
0.0754273230027508 0.00508771815019425 0.0841903129648042 0.0524099523208239
0.0364121702043415 0.0706955890512999 -0.00900311718576364 0.0645313709646124
-0.024051958827751 0.0683215806682279 -0.0415669867592982 -0.0893398753191472
0.0474975403811108 -0.0143193771703069 0.0628605227995008 0.125607943695101
-0.000773172753990547 -0.0393637642558632 0.0657343648384526 -0.0634905415578044
-0.0327918430788644 -0.0151313082095993 -0.0849768152266116 -0.0706047596037383
-0.0152066056161376 0.0201649466360889 -0.142083549003118 0.0563613151939265
0.0030895801723695 0.0146195000328228 -0.0376708149117271 0.148107939582987
0.0112272035448776 0.00823511196873842 0.0565604807532279 0.11346743955459
0.0120233315510049 0.00193074826840823 0.081943172560973 0.0610497501684878
0.00270379475431204 0.000818972957186316 0.0875299450897649 0.0162057591303893
-0.00275400919098579 0.00404342579857003 0.0982746571946423 -0.00653363457650922
-0.0107918291449774 0.00494509680026222 0.11365521493293 0.013378581343589
-0.00786652480714651 -0.00737281243329988 0.0992325260309957 0.0868309095160141
0.00154971404535725 -0.0159071770396882 0.0242811383400539 0.150950064391869
0.0202484644484865 -0.0206979125972378 -0.0466580887145523 0.153026930123885
0.0441023884877285 0.00198768127855328 -0.0921985374708994 0.158926596822721
0.057109616042068 0.0390979066086781 -0.027345883839942 0.222335260061652
0.0674311003028163 0.0534633829373047 0.0396921753850323 0.119747395436869
0.0432315307830239 -0.00742369596673951 0.0688290715451982 -0.057575061874732
0.0114861488051111 -0.0225853881357012 -0.0856922976380224 -0.088531372694544
-0.000556124239512519 -0.0133269882308634 -0.155994949385754 0.0424914637975021
-0.00937020406286854 -0.0203308269251845 -0.053508487250814 0.149129333827136
-0.0174634386791017 -0.01229732823323 0.0487819736410411 0.121108312606381
-0.0181027052509299 -0.00409055075357722 0.0770905762549018 0.0628314288432159
-0.0268865692934745 -0.00327449579467989 0.081002697991796 0.0170541222756606
-0.0340508200417831 -0.00568098416920807 0.0873778717625555 -0.0105642066041889
-0.0438982759871216 -0.0225966501066977 0.105049319178037 -0.00484191872864059
-0.0170350477769149 -0.0525099849930258 0.107411780333447 0.0550064910706735
0.0337895377087246 -0.0527534899220717 0.0527974114766197 0.1349768429206
0.080006668344474 -0.0140661044517737 -0.0156371146551566 0.156212779709138
0.0911517635859788 0.0576878218576558 -0.0663986049018241 0.155546925090208
0.0735416617519325 0.120543167229368 -0.0192367752672012 0.196970669230575
0.0697992921013488 0.120183388201976 0.0149204327668947 0.087280094840942
0.0827091913550763 0.041980435016147 0.0722140605264891 -0.0627200245435276
0.0668562196808943 -0.0158437908392277 -0.0806027282850766 -0.119127317016766
0.0280848306669645 -0.0483235138870186 -0.168321937035027 0.0137324566329566
-0.0153138782604283 -0.0604334974877337 -0.07773066833192 0.135417688506086
-0.0446305164204118 -0.0371645822961468 0.027583869307239 0.120787939102843
-0.047603742163632 -0.0122389162096276 0.0600833542744554 0.0638119183005612
-0.0527023444637527 -0.00709100877454121 0.0632750890186548 0.0156868122934101
-0.0582985971457625 -0.0116950262437118 0.0651031602140532 -0.0163128388098669
-0.0736833656332792 -0.0395165145802532 0.0841595418577484 -0.0294192581052045
-0.037628871111771 -0.0859630807181097 0.105880898415713 0.0074170552111434
0.040722527975349 -0.0926393232276787 0.087983427900754 0.0998298435242791
0.124366774043997 -0.0357171844678377 0.0255044017458851 0.1502154619088
0.140650187639955 0.082981630692356 -0.0388135846777317 0.148140980564236
0.0946776020090797 0.175497142239318 -0.0158039977339188 0.151408711831272
0.053938747197166 0.172887800931896 -0.00412934918658651 0.0292163081845821
0.105642648967984 0.0989514250490993 0.0721491556897983 -0.0783059718434075
0.120227254173566 0.00948843147296938 -0.0644243187803378 -0.152506001381152
0.0670298885748093 -0.0743216238863223 -0.168456612478525 -0.0312121687726826
-0.0111519075167998 -0.0967304222364675 -0.102961914681214 0.0998354529298771
-0.064786045537324 -0.0615333302049443 -0.0040273185063261 0.107918815574397
-0.0712724774360705 -0.0206835944697246 0.0321221985641846 0.060754692465661
-0.0704401434604951 -0.00930185353414895 0.0371080652438445 0.0130567858774327
-0.0732756958440722 -0.0136361672319973 0.0350370475453939 -0.0213466212867807
-0.0929683840501656 -0.0461691136873954 0.0532359613239597 -0.0505078279044653
-0.0583697969013446 -0.102654910044478 0.0897763709457416 -0.0415359249525387
0.0297412128081504 -0.121248027281756 0.111222444721682 0.0506555894696835
0.142805203574185 -0.0643065638465157 0.0628613964664886 0.128232837131608
0.172199498997888 0.0828079258387111 -0.0176227039169755 0.134612360515031
0.108071455224842 0.198404841546681 -0.021686086162867 0.0932680439487464
0.0247846690792838 0.195719518498993 -0.0137981700161967 -0.0479718309509203
0.10039730307289 0.145633833719798 0.0707792479174772 -0.102244569590365
0.14796506407174 0.0464502071775832 -0.036623827134854 -0.177887262609254
0.101341602330232 -0.0780754794388164 -0.145239069292159 -0.0826450426152597
0.00142469986021444 -0.116779991178913 -0.11956265217454 0.0446101636993731
-0.0716145657737865 -0.0776716959287113 -0.041697646823881 0.0802747322427315
-0.0841122588839546 -0.0272686098911301 -0.00398602304473356 0.0536123472430766
-0.0774798091849649 -0.0109320141721375 0.00547737294997141 0.0093633736016424
-0.0771741967493827 -0.0130774888060165 0.00286860956619491 -0.0252857748253282
-0.0959312438892364 -0.046771886325252 0.0199457838614617 -0.0657736741832792
-0.0671305196322872 -0.103622234641554 0.064109045872814 -0.080201554325293
0.0191454604389889 -0.127021127169654 0.1168204495735 0.00261644407929354
0.138750440561179 -0.0741022695666911 0.0838372527276412 0.0993711338023398
0.170871441860186 0.0762989818934254 -0.00761457833274185 0.11702364148547
0.100703118334418 0.192822531396707 -0.0354921708015976 0.0342640943660456
-0.00415678030802729 0.178529537995656 -0.0119669651648598 -0.126681683298334
0.068774509742783 0.157094111352933 0.0714087922048291 -0.128746311754778
0.134404191543128 0.0751157754830207 -0.000613997976123769 -0.186592753159915
0.11036324927737 -0.0590364290217512 -0.10102171060905 -0.124160009997992
0.0153171230778369 -0.110319380322566 -0.120689863981837 -0.0173973563138279
-0.0631141692055086 -0.0788851644942063 -0.0773046713668134 0.0435379267165216
-0.0818432801147121 -0.0295577025701861 -0.042381893400456 0.0426065996731029
-0.0731129549485644 -0.0110598169777927 -0.0259676624359108 0.00454004344698272
-0.070060870091028 -0.0116451726993534 -0.0275528110641087 -0.0294250607423454
-0.0861615544618622 -0.0434815726147204 -0.00931053061016246 -0.0762158858553427
-0.0598662444847536 -0.0952966584733723 0.0399858066639771 -0.103944395511288
0.0184359421108435 -0.113888425214559 0.11245630387221 -0.0311594928389427
0.123317446535677 -0.0591004608579098 0.0902826806822477 0.0736194031971074
0.140735269636203 0.0758267103775454 -0.00487376999204929 0.0976467339377839
0.0695604050170407 0.165623088201853 -0.0482354028694556 -0.0184202091050758
-0.0260639010888509 0.124641297065562 -0.00309340227938564 -0.18704270737209
0.0278202890731266 0.125972415480631 0.0733609077903528 -0.147309717859806
0.0885644520641563 0.0751789165410555 0.0302404180002201 -0.179574815764453
0.0879343321387488 -0.0311045048476708 -0.054310601708201 -0.146095688176902
0.019418367082616 -0.0803109331271625 -0.11041829824398 -0.067034383086867
-0.0448490348459696 -0.0626741386129465 -0.103347368142746 0.00941556669584966
-0.064405134523388 -0.0258722407101672 -0.0745409462747666 0.0303455967274813
-0.0575236507556904 -0.0102825144821263 -0.0535573562913409 -0.00108859572388833
-0.0559150967665036 -0.0095417926262235 -0.0522893240563547 -0.0347157826614531
-0.0663610216500585 -0.0371752882223672 -0.0303177367433586 -0.0855581700858762
-0.0422602787948027 -0.0792482792233905 0.0255651733622794 -0.119075477303585
0.0249188551655006 -0.0896311195023093 0.109646669462959 -0.0508205809059799
0.103072846102805 -0.0282927557127163 0.0903182653529933 0.0566055764587751
0.0936681713029351 0.0763596240312045 -0.00498834247537857 0.0794622726799905
0.0252473006649019 0.124088103951725 -0.0527819052373766 -0.0598863357200867
-0.0363869726114415 0.0473637510276583 0.00324579095551697 -0.21843628352746
-0.0083737807773616 0.0656509830891141 0.0711103230665091 -0.153701193548916
0.0330027981683696 0.0488998412195002 0.0475598540548111 -0.167990425983068
0.0455283250875005 -0.00645289092585611 -0.0265476346243232 -0.153731284054565
0.0146984119507492 -0.0378522044626984 -0.102067524605774 -0.0931577479506926
-0.0203553331122669 -0.03457956579686 -0.118941767345606 -0.0114019264583264
-0.036111424473192 -0.0168371200853914 -0.0962376343371122 0.0216778334352593
-0.0333303400921279 -0.00868886812998004 -0.0727099107773066 -0.00629334888526141
-0.0341981535959917 -0.00639210212203632 -0.0692438812446961 -0.0410363504052964
-0.0408140545875327 -0.0255315803706881 -0.0423555013760031 -0.0954579437746788
-0.0222548074598326 -0.0557707458640529 0.0217301968073832 -0.1280621155557
0.0284102146724144 -0.0608758190548229 0.111415386314096 -0.0596549592152846
0.0762151382467615 0.00196632284060969 0.0889905190343512 0.0501758113477615
0.0405515984909548 0.0695281939230105 -0.00601839860226505 0.065701837633166
-0.0205633523706108 0.0699178432867129 -0.0465680200483899 -0.0870515307654666
0.0450283882860526 -0.0157564203137157 0.0679211625330707 0.117568674927779
-0.00327145224578432 -0.0381449298603876 0.0621604837750986 -0.066563690180405
-0.0328076702446094 -0.0132750115047677 -0.0853441467070094 -0.0656765011631655
-0.0139883597412266 0.0200433474917422 -0.136503736805858 0.0616561055729728
0.00338225212799847 0.0140356940733412 -0.0295992099571001 0.146376590201122
0.0117662656636991 0.00718541062781017 0.06002953628147 0.107341340579928
0.011668390131613 0.000485774840613957 0.082965000195285 0.0554196927412209
0.00231493349503245 0.000630063773163363 0.0866999514222383 0.0113976043333875
-0.0024121546338936 0.00470488890362018 0.0960806299698183 -0.0119127782317251
-0.0102978988071102 0.00564494626139098 0.11175063889647 0.00769377434847597
-0.00829320664482729 -0.00724217716369225 0.100509008770325 0.0805424736505733
0.000907367494501876 -0.0163342411392271 0.030003289041236 0.146150600004719
0.0186661174861409 -0.0205470703664775 -0.0401617181965442 0.150520605691347
0.0432315323430662 0.000564748734759857 -0.0837634193963847 0.15884671169695
0.0573324764603322 0.0354435453978815 -0.017344206870944 0.216826950510315
0.0672033860893788 0.0481475453477256 0.0452673276887786 0.113044524424277
0.0417155313369513 -0.00861129806901056 0.0661142903705004 -0.0610093805275316
0.0100742756783576 -0.0225330386974869 -0.0863110102978418 -0.0835762960327149
-0.000896536265100049 -0.0128598146583089 -0.149521744026069 0.0484525207956874
-0.0106143935451577 -0.0193986056544146 -0.0455985623005551 0.14719045024302
-0.0175141361223422 -0.0114102175854812 0.0525855763392547 0.115067329122722
-0.0177085688476602 -0.00360558440737739 0.077933626125427 0.0578087500264447
-0.0266677451334599 -0.0020928229609524 0.0802502671905614 0.0121440505389757
-0.0336030152305572 -0.00359854002653621 0.0851262910573471 -0.014849945907032
-0.0442949933407185 -0.0193740248592849 0.102181085058352 -0.0100767780702571
-0.0200937954982766 -0.0501576909958658 0.106460852997708 0.0491246065591812
0.0298181545457565 -0.0531482234180213 0.0576454525937146 0.129733186887611
0.0772061919529752 -0.0166186977170086 -0.00955150841860138 0.152874275071216
0.0909933468909849 0.0533264675883447 -0.0588861514853959 0.154191722858934
0.0773403881376261 0.113665977701757 -0.0104008823367249 0.19117956277039
0.072389498860888 0.113172023902715 0.0208255949160549 0.0835588867594468
0.0815379784785965 0.0366797976929233 0.0694415713367485 -0.0650314924820321
0.0638562378564245 -0.0177085939111012 -0.0827132128235216 -0.113431894315641
0.0249711929013613 -0.0480526899501191 -0.163685520465083 0.0204686550413739
-0.0182211791170249 -0.0577764318357759 -0.0692233990197852 0.135304937797012
-0.0455500304315564 -0.033228633374954 0.0329356500348497 0.115852849526136
-0.0460750397922695 -0.00935335975451017 0.0613329707011315 0.059421348343355
-0.0518670495444222 -0.0045040196395088 0.0633073027705719 0.0124922174856761
-0.0578790138147457 -0.00834122754835889 0.0632497095626842 -0.0180936056323278
-0.0739836010245003 -0.0341461704283077 0.0803020013105693 -0.0317262828063561
-0.0415805143007797 -0.0818794409809515 0.102738468583908 0.00297440658076231
0.0349344606089027 -0.0923168370180518 0.0903298634829418 0.0943104892061702
0.119627382696188 -0.0393335695098744 0.0317322270715407 0.144551825848558
0.140022477796314 0.0746446655848274 -0.0316702860232334 0.144948002381038
0.10082729405296 0.166364640997932 -0.00890810632504145 0.145683562235887
0.0592682435098379 0.164867589506169 -0.000974409407098895 0.0281427790336537
0.106393275925636 0.0907926538078269 0.0696603860125777 -0.0797821460158513
0.117305839530705 0.0039326529476023 -0.0685783527513992 -0.14608307551902
0.0616098545332864 -0.0752392824402787 -0.165140168890961 -0.0235202255265136
-0.0161951785311285 -0.0932616812611648 -0.0957131475758498 0.101874224662796
-0.0662471248522711 -0.0555107509955369 0.000737510356046127 0.104632136608973
-0.0701839685739654 -0.0159556180759994 0.0337060745331514 0.0577874533876005
-0.0687697317840065 -0.00575834270527985 0.0375681701378614 0.0109201310374071
-0.0722670261213967 -0.0101885269738016 0.0337916913779359 -0.0224401234191403
-0.0925480150900548 -0.0392456643474748 0.0495257448994748 -0.0515605452481702
-0.0628479318047149 -0.0960882198033909 0.0846859252394958 -0.0433266542002763
0.0231255046844915 -0.118741190408126 0.111090198835435 0.0447507690249317
0.136199268723917 -0.0684419448163685 0.0675134537304544 0.122021562155788
0.170344613849082 0.0727763578171966 -0.0111552191881704 0.131421623655977
0.115011339128249 0.187893565670535 -0.0170904262215802 0.0905239016465306
0.0321507836684039 0.188550592061397 -0.0136236712339595 -0.0456757562626936
0.103505539303063 0.136114507713377 0.067721411895057 -0.102592187695214
0.146225900058992 0.0388973820639636 -0.0427609579868802 -0.17178411386018
0.0945336143759771 -0.0804250880879577 -0.144689190488746 -0.0747736832224557
-0.00469798363706776 -0.11330238259493 -0.114237663980218 0.0480561693649781
-0.0733902398920535 -0.0707008013909393 -0.0365377194889518 0.0799115124567966
-0.082714590007451 -0.0221682394186076 -0.00177989483317293 0.052232985725413
-0.0757421443106096 -0.00717711111098913 0.00627042623794967 0.00937761781611851
-0.0751180997279795 -0.00927589770913436 0.00240313525925203 -0.0241511158111913
-0.0967315967805914 -0.0396084548717405 0.0160663397060723 -0.064568602049186
-0.0711293939643173 -0.0971907595905606 0.0568077597062426 -0.0796373415777218
0.0116235292916233 -0.123504910761272 0.11401282728852 -0.00159579659444707
0.131321545631699 -0.0785753116540153 0.0865993481579021 0.0930320979155255
0.169499896556099 0.0668370818996466 -0.00212700071207531 0.113487014617291
0.107302356613833 0.181774391456379 -0.0332674545602104 0.0338500370327864
0.00271396193121409 0.173033272330184 -0.0155799900858078 -0.121576499516638
0.0734482682134189 0.148565921347519 0.0660687878147279 -0.127398608338796
0.134532216735776 0.0669959786565754 -0.00846519236526037 -0.1813220410279
0.104241886480421 -0.0627675751153899 -0.102843892006354 -0.116751018612981
0.00807746076152959 -0.107340966328919 -0.117744311803171 -0.0120824941125878
-0.0652181864469563 -0.072463250096196 -0.0731413927003556 0.0461168620729697
-0.0807242246160735 -0.0240415974130752 -0.0393817423893937 0.0433743500947141
-0.0715495624146527 -0.0079287226375356 -0.0251969400119795 0.00601512530378788
-0.068434787315232 -0.00834983121677849 -0.0279736628981431 -0.026627531100244
-0.0864025941834458 -0.0376231234926075 -0.0127769007282284 -0.0731022141013246
-0.0635044696249343 -0.0894646789483565 0.0328107714383523 -0.101960908900099
0.0122893238340724 -0.110884821323936 0.108916657234864 -0.0351018191607553
0.117904866283863 -0.0623328190157759 0.0920676180313445 0.0680738801745909
0.140249239463899 0.0672316120634056 -0.000225599450097236 0.0949354290970859
0.0758028348501129 0.157688821541093 -0.0484105175350504 -0.0168145947571213
-0.0206324795468932 0.121349232576691 -0.00969404184419608 -0.181323043509378
0.0320089522930857 0.120406938530581 0.066766179313357 -0.145709274066155
0.0900903658121313 0.0690491908442514 0.0223355665281703 -0.175658809996061
0.0835103614223938 -0.0343961947006974 -0.0581498574780455 -0.140477851299308
0.0138056322871057 -0.0788911246561095 -0.109805482232678 -0.0610411420657436
-0.0461671261168581 -0.0576657417068462 -0.0997833773191013 0.0142976921910713
-0.0632442264430799 -0.0210457676778359 -0.0715216013848005 0.0336524808641889
-0.0564471886857039 -0.00841385793312595 -0.0526015046616436 0.00208502240236533
-0.0537965013871451 -0.00764276661076299 -0.0520262316548027 -0.030334588392665
-0.0665633283239169 -0.0324791377730867 -0.0339920477973524 -0.0812180093035939
-0.0459631887297126 -0.0746541500719662 0.0185612049235481 -0.116083403130347
0.0192111855984282 -0.0880190751415901 0.104673985922259 -0.0544543642263986
0.0992871853512744 -0.0325902921977084 0.0917114387334748 0.0523542839417703
0.0943618764122692 0.0696590054209346 -0.00191888921369668 0.0772972692515177
0.031105459677506 0.119021688086613 -0.0543157555237118 -0.0558449781684506
-0.0340996474171174 0.0466817549421445 -0.00561743704845827 -0.21151042729696
-0.00504590013692833 0.0630704117332207 0.0641267236684923 -0.152234421202921
0.0344339143580753 0.0462947117565698 0.039169594478641 -0.164728022067155
0.042958895069407 -0.00830931982718485 -0.0323936339959572 -0.149225257478319
0.0114900607055463 -0.0374069536537824 -0.103428151049334 -0.0859675744573546
-0.0210863100527223 -0.0318663878281941 -0.115939133920599 -0.00504742710888488
-0.0363156645339226 -0.0147441643002283 -0.0925612198484787 0.0268251757290034
-0.0328045080006412 -0.00740536141435417 -0.0712190179626277 -0.00177403266908069
-0.0330708988403957 -0.00471434959948993 -0.0686500027840146 -0.0361865202270509
-0.0406979357883663 -0.0227495749020915 -0.0456406282195069 -0.0899726414236259
-0.0249946403152343 -0.0533359601644834 0.0150066372797337 -0.124215176470988
0.0243944742306259 -0.0597781518543142 0.105204646398263 -0.0636775124568416
0.0743817686164096 -0.00140020053363824 0.0896144890286905 0.0450972401081174
0.0429062214260758 0.0655270262279854 -0.00316461192041944 0.0635751925128892
-0.0169087100365875 0.0691552751638052 -0.0501706302203257 -0.0820256618678329
0.0431396249509093 -0.00874661015178239 0.0539182116526024 0.118611839077415
0.00182106826097542 -0.035393078467075 0.0683934373568979 -0.0581548689845983
-0.0286824114836714 -0.0169164832357382 -0.0720668780206782 -0.0750197188526394
-0.0160778064336553 0.0162727505841487 -0.133995348434117 0.0403401910023039
0.000140486059253421 0.0134730721828691 -0.045018521696407 0.133391048033361
0.00915738857311545 0.00719490739305453 0.0440617566536212 0.108360948025188
0.0111301972963471 0.00118190189288057 0.0726291388968705 0.0618260072546858
0.00196378491999237 0.00109026592232738 0.0814615872638912 0.0212561207556905
-0.00385212401501795 0.00359141503697372 0.0939685463625146 6.56158947685638E-05
-0.0108843884593303 0.00344602335954487 0.106930857463644 0.0208383964808125
-0.00753199545029844 -0.00890723962576499 0.0877851601195729 0.0910483054827982
0.00382785310305718 -0.0177124587371193 0.0111557133677646 0.146802195835849
0.0230924941225802 -0.0184970920629978 -0.0600015773333198 0.140450883705369
0.0428872705626244 0.00545547526728317 -0.103967304229964 0.143678998571616
0.0519305044986731 0.0399710364035782 -0.0467423959589227 0.208325769529246
0.0557828504152853 0.053206593081264 0.0303154573896218 0.11488001960856
0.039113137594452 -0.00259288875987794 0.0721156477404541 -0.0496856092318263
0.0117582590617594 -0.0190136963004986 -0.0689515461470282 -0.0897451212334863
0.000207704943820933 -0.0126665534802853 -0.144241857361635 0.0267916206617251
-0.0077732101066525 -0.0196458959684555 -0.0580329495823713 0.132177535214517
-0.0157478976056524 -0.0134658423668171 0.0370583876420043 0.113137702671881
-0.0159590298844708 -0.00636539172119542 0.0678991466726122 0.0638063235758963
-0.0254771210731142 -0.00584859506992364 0.0753906601518797 0.0215949295592019
-0.0323320126297994 -0.00809362487038439 0.0841988339410069 -0.00360206946279796
-0.0402683402648801 -0.0238943296678315 0.0997940293890555 0.00463202488370625
-0.0134903746103139 -0.0511716191214715 0.0966772502681088 0.062811285386591
0.0354596800260161 -0.0491506302512072 0.03950409997424 0.134910248248587
0.0784590402225604 -0.00834363001011094 -0.0316652220072889 0.145791604670813
0.0817321446684624 0.0617768479131357 -0.0804425404483287 0.139744832478599
0.0614573130946018 0.118025505649081 -0.0395154024302653 0.181711702534721
0.0521004119824105 0.113633003478556 0.00687799178281705 0.0871981335518051
0.0698898609712009 0.0450908960863591 0.0753815244901171 -0.0497174486279918
0.0620060219137868 -0.00767609917856924 -0.0612431001529933 -0.113493434949167
0.0299628135859086 -0.041774118027115 -0.151888871367421 -0.00020674524866972
-0.00949733768108871 -0.0566108638405667 -0.0777294747409722 0.117754610363861
-0.0389006503066984 -0.0378750782980833 0.0187808858009905 0.110335765642838
-0.0426301552658634 -0.0153644271092881 0.0518812862451806 0.0626059033143093
-0.0495672757462865 -0.0110922854768282 0.0582405383008849 0.0197858843594253
-0.0542158731265537 -0.0159502934625493 0.0635339523426901 -0.00994187881298432
-0.0668432698244258 -0.0409031588036444 0.0824312309853829 -0.018448025686319
-0.0305484461386728 -0.0831043876345365 0.0985960584310989 0.0199105373317298
0.04463883361029 -0.0856625660329547 0.0759371455376388 0.105412651770316
0.121224303958914 -0.0253808512781568 0.00808345275264772 0.144478463604759
0.125999245696878 0.0880351466755461 -0.0550583089533577 0.134107383439334
0.0785651666100693 0.171235147144896 -0.0338852988195159 0.13640920078048
0.0332001073001451 0.159992378410373 -0.0110873383329546 0.0346935452303776
0.0860674623915309 0.0986917349060438 0.0758882990019861 -0.0612089314330489
0.10879189484816 0.0200920316524757 -0.0442811192783232 -0.139620260978338
0.0685976219429446 -0.0617722177289019 -0.147679810916807 -0.0394256898609366
-0.00202002648530278 -0.0897610686123256 -0.0968542852449655 0.0843184656558978
-0.0550906391447875 -0.0613304639160235 -0.00898116481454342 0.0956958986924389
-0.0639207550093634 -0.0239758136310971 0.0263959318438031 0.0579244835552147
-0.0651134706878585 -0.0147390174276674 0.0338367296975845 0.0156365316476345
-0.0678188316316064 -0.0185433112404347 0.0363128897786037 -0.0162137978983673
-0.0841738548887012 -0.0480665777254685 0.0555246421206724 -0.0402886368420943
-0.0493809953619706 -0.099485868590248 0.0866589098923231 -0.0263527154560332
0.0353878432546015 -0.11194473973307 0.102242382986805 0.0607866939597347
0.139379145937212 -0.0517325195782544 0.0449297889261105 0.127344909844864
0.155631553666144 0.0896418723619025 -0.0353448244850296 0.122769061837725
0.0897680540474285 0.193830188565624 -0.0364073877742925 0.0801281593741239
0.00496436087533747 0.178777182902662 -0.017201238461698 -0.036304108721611
0.0765824376240453 0.139476321211219 0.0748565229131156 -0.0812166790874551
0.131680094806898 0.0567370816643357 -0.0176724545115019 -0.157430823730032
0.100072531210104 -0.0624956770502015 -0.121962826986324 -0.0825489096189659
0.0117086358955374 -0.107462483695318 -0.107185027947238 0.0332141832248366
-0.0593196253278588 -0.0763243234474493 -0.0416451365414227 0.0672893262934326
-0.0754862297331259 -0.0308790620240122 -0.00732367897981022 0.0487838384110011
-0.0718237258898234 -0.0168830039833022 0.00413994794233626 0.0105083042831447
-0.0707513485700688 -0.0184586349250276 0.00638816612439063 -0.021611447372772
-0.0879269658132743 -0.0488525829468589 0.0251151346684347 -0.0571302862781609
-0.0573194140901353 -0.101487748785533 0.064805292883866 -0.0639951988690191
0.0247501155944806 -0.117979168491373 0.111496570043678 0.015988956251123
0.135698403699408 -0.0613334951767452 0.068357830091584 0.102191410429084
0.155533913246117 0.0831187620418786 -0.0235891173362378 0.106715481542751
0.0828165663944349 0.187932109861607 -0.0449580718154068 0.0236769475625668
-0.0203957745734204 0.160499196832304 -0.0103812971737745 -0.109423097151446
0.0471267348231562 0.147004842267153 0.0737901474114802 -0.105500174120355
0.116193211688317 0.0805913375291242 0.013372919130836 -0.161844927846602
0.107164742959876 -0.0440497892622027 -0.079005520147629 -0.116884661769798
0.0234218972088531 -0.100137426394712 -0.104596892174868 -0.0233114036128923
-0.0511575887406327 -0.0767112882017783 -0.0715366483628429 0.0321507152959974
-0.0731036828256925 -0.0322276263341529 -0.0412729408713963 0.036910624495833
-0.0676811849527278 -0.0172664631935095 -0.0256422623431403 0.00380164987728819
-0.0640765871265092 -0.0173229467852368 -0.0225427824413214 -0.0271005987317324
-0.0779179205221547 -0.0452496063171327 -0.00168764345060956 -0.0694292088673676
-0.0507327801659796 -0.092441341309229 0.0440567148538807 -0.0894537093491878
0.0233545506502775 -0.105241009864753 0.110014458022044 -0.0174897455262549
0.120169072607946 -0.0479823017007233 0.0773437507648096 0.0784754589785679
0.126908367740041 0.0802363867395459 -0.0190642646258918 0.0888017924735446
0.055894220658381 0.160772067250743 -0.051783747893248 -0.0269731703157791
-0.0355099420849581 0.110020640882831 0.00354157261209601 -0.167098174056764
0.0125468723023921 0.114932942533202 0.0768698762824135 -0.123702579337811
0.0751033255522606 0.0765112489663082 0.0406477348124951 -0.155022248463525
0.0835594005485341 -0.0202627492527344 -0.0354606517946715 -0.134581037150568
0.0251115939729322 -0.0724013737778842 -0.0929722640601054 -0.0681713689281443
-0.0345089521214821 -0.0600073448225475 -0.0939824483870854 0.000516935151521531
-0.0572678061482802 -0.0270445418254312 -0.070904830225588 0.0249504881777886
-0.05353093212882 -0.015538223171623 -0.0509747854445402 -0.00322475948473922
-0.0497938069380574 -0.0136957174460021 -0.0455870296886714 -0.0341370631408716
-0.059201248155876 -0.0376108448675807 -0.0211365626858081 -0.0793404397034015
-0.0353617198737578 -0.0761582877335516 0.0322704579590119 -0.105600685084935
0.0273985738419014 -0.0819403872979869 0.108372029447561 -0.0371334751075477
0.0985711286268574 -0.0212226693669681 0.0788847794971244 0.0619740259799415
0.0826267905595785 0.0775191722537542 -0.0157226653307591 0.0710045010017048
0.0162743842133599 0.119014200270287 -0.0510688476079242 -0.0653127571515961
-0.0379291020957459 0.0387891978271632 0.014937596380852 -0.197834580146089
-0.0134872690324416 0.0573092148593526 0.0750312341190725 -0.133715956931996
0.0263928932335742 0.0475296989798323 0.0552919766446598 -0.146316815147681
0.0418114879755889 -0.00153947008407076 -0.0108881858875425 -0.1409002149351
0.016447934393011 -0.0339304453145918 -0.0855784238790178 -0.0918393236984094
-0.0144497942340114 -0.0324826579989741 -0.107863855065814 -0.0187021728992783
-0.0316612203844308 -0.0172788889747775 -0.0904395757255699 0.0152601544537849
-0.031134630689368 -0.011465800192348 -0.0686369100384463 -0.0102567697114346
-0.0304933340864023 -0.00898344723815388 -0.0614508040442457 -0.0420336781590737
-0.0353833359276093 -0.0257750037742827 -0.0323242774086938 -0.0899961771521049
-0.0178488486948797 -0.0525913070881073 0.0293364782450234 -0.115800745696594
0.0286370248607625 -0.053949343503842 0.11011272606308 -0.0464724585867512
0.0719826734211415 0.00523048283438038 0.0790217384363997 0.0549598917183751
0.0330072406376294 0.067595064230127 -0.0138326922379455 0.0591213979356775
-0.023867143578145 0.0648145349908597 -0.0406303078048181 -0.0883202220498445
0.0421195645028795 -0.00733384324321705 0.0513475993305329 0.115711391505564
0.0023746632354404 -0.0339839450673694 0.0689384454971659 -0.0566611171751565
-0.0283067046087847 -0.0166186711350134 -0.0676561336816903 -0.0761996110990032
-0.0157988527539168 0.0157306186713297 -0.132421636556626 0.0368561264222118
-0.000463883253206969 0.0131829344691366 -0.0471861141443954 0.129387091827667
0.00871588075740614 0.00718359528424722 0.0408907021429688 0.106544363188907
0.0105367485866217 0.000393505565888793 0.0700508349767081 0.0617953147921862
0.00151101012155897 0.000858772403866686 0.079945603627283 0.0218837983785994
-0.00411033666946497 0.00368823272532067 0.0919735050818201 0.00138618989701925
-0.0106717665702439 0.003266991166069 0.104113156464331 0.0223402950929202
-0.00761779086917941 -0.00900083939310906 0.08411614987526 0.0911138952701284
0.00391831846505933 -0.0170829617417899 0.00780177896033814 0.14392245717391
0.0230339020350799 -0.0171697504082451 -0.0635764999293769 0.135276138195062
0.042331134841915 0.00729686711573427 -0.105504041033652 0.137705195876946
0.0497686018831905 0.0402204334803106 -0.0513348350713577 0.201163999932031
0.0524611890016639 0.0533312831805552 0.0279603681469062 0.111287900484771
0.0376131492858916 -0.00157404581229823 0.0727233768681474 -0.0480129892737042
0.0121415453380183 -0.0181378070752321 -0.0647239629619659 -0.0898846539097327
0.000721776838108233 -0.0120698196577605 -0.14176071031202 0.0229081989214184
-0.00761006366085954 -0.0191167721022237 -0.0598877421838589 0.127561838510983
-0.0152078311310062 -0.0133808793224459 0.0337375479928945 0.110603345337107
-0.01567670856627 -0.00681470899978556 0.064892092283291 0.0638414653441815
-0.0252240107314764 -0.00635091053554566 0.0736608974811707 0.0223005642026118
-0.0316619845832582 -0.00840632988315567 0.0831533037868414 -0.00181726482204964
-0.0393797300605359 -0.0236400787290212 0.0975581805620277 0.006244347564781
-0.012493439884713 -0.0502951773391537 0.0935356311799107 0.0648714536753726
0.0355253123723906 -0.0473517997277283 0.0355565551577368 0.13323846296827
0.0769352079528375 -0.0063263099711607 -0.0348763276711587 0.141476141206303
0.0787388991772633 0.0631218336476789 -0.08282828691999 0.133930522840689
0.0580509155261738 0.116360126542866 -0.0430672520794599 0.175089000256493
0.0478786633339084 0.111626716005974 0.00603684905204439 0.0846287855531379
0.0665552852254238 0.0452571206852126 0.0768261756651738 -0.0482204088706563
0.0602446454251241 -0.00572148890744432 -0.0567311680062927 -0.112649118730323
0.0299802713928391 -0.0401886264573095 -0.148832131424158 -0.00377756052196927
-0.00894306919058972 -0.0551065931469378 -0.0781213338016909 0.112880218489048
-0.0368831763013203 -0.0373851431303738 0.015857406639045 0.107831656447274
-0.0410031931987344 -0.0162544686613942 0.0492741992736489 0.0628138425016507
-0.047977047418889 -0.0120033364931539 0.0579042743953615 0.0199156036502862
-0.0536686022868551 -0.0161513240884921 0.0630396659804353 -0.00839574646303456
-0.0654308177138922 -0.040828888530561 0.0809484305099012 -0.0164439083774985
-0.0291586667673266 -0.0817757811085752 0.0960301862022177 0.0220452819823073
0.0446251693800211 -0.0826234379266879 0.07224383130941 0.105306802361071
0.119196878781149 -0.021781056423666 0.00381555722245672 0.140644029351771
0.121427017399746 0.0891762636284613 -0.0578865940016327 0.12879024210378
0.0736828150873165 0.16912122540815 -0.036370199313318 0.130765116344739
0.0279174299154301 0.156613862638112 -0.00996666653728714 0.0330371742825176
0.0804978086864743 0.0982337079665508 0.0775654073962479 -0.0578740144786654
0.105990447461733 0.0220556845655953 -0.0393898816002905 -0.137691223025157
0.0677593358550723 -0.0586644445237681 -0.143775790841108 -0.0421026579558552
-0.00131278806388845 -0.0878194124917226 -0.0967441047259262 0.0799520021994785
-0.052603551397217 -0.060429080078643 -0.0104052412625608 0.0927496300999473
-0.061891440129607 -0.0247367665551452 0.0242983739501827 0.0572529629961251
-0.0642376723864868 -0.015926337084078 0.0330568403736819 0.0159694899065582
-0.0663572949704855 -0.0199044726277484 0.0362178710139876 -0.014207688585263
-0.0818084488526818 -0.0478083372609414 0.0552677216419646 -0.0380936403069427
-0.0474182125036743 -0.0983413866525232 0.084731271100247 -0.0230256574990526
0.0365520554173659 -0.108436362049692 0.099208705345683 0.0624353109565535
0.137236947084292 -0.0475627865417291 0.0410781914904268 0.124970745354819
0.150078526824449 0.0915177873839831 -0.0377145818263678 0.118099167297066
0.0841700869995444 0.190854032745788 -0.0386129455044872 0.0761597267386881
0.000852511789407478 0.173644080391665 -0.0140896188766728 -0.0361221125946756
0.0710698541277302 0.137842706211067 0.0769126588317922 -0.077040139879701
0.12776670425038 0.0581983004113349 -0.0126757747470944 -0.154084668377493
0.0987081305159742 -0.0587499347534188 -0.11760692532726 -0.0846329372830743
0.0127141478624137 -0.104344481307623 -0.106169046240017 0.0295753634403661
-0.0563926708761885 -0.0746430490277172 -0.0413563212397498 0.0647296789810697
-0.0724307989565563 -0.0311577070664189 -0.00820875457856066 0.0481848362964719
-0.0705103558988269 -0.0183599970427127 0.00411395408865914 0.0106090127757646
-0.0687456428388956 -0.0197278795444277 0.00669819547900303 -0.0197473669918661
-0.0847101501730192 -0.0483339374930962 0.0260442213391359 -0.0551003146928075
-0.0551481887063456 -0.0993909862749657 0.0637736668525613 -0.0597534212777164
0.0258298187013474 -0.114191265274875 0.109146611127039 0.0186018856833414
0.134139458443044 -0.057324376884534 0.0653418639329489 0.100782267508875
0.150741773533733 0.0845814076446892 -0.0266013863891328 0.103115709129763
0.0779668291386414 0.184051064585019 -0.0458852022520439 0.0209343057405406
-0.0243119967362748 0.155912148607828 -0.00633114810148424 -0.106549182648833
0.0415961525523641 0.144532712192683 0.0763983444462265 -0.100212476112897
0.112433389123885 0.0817499385451793 0.0179641389927959 -0.157118661263033
0.104872778051098 -0.0405831779751993 -0.0745916269175216 -0.116597538761404
0.0239777176046854 -0.097066820254642 -0.102452923380392 -0.0256365160295778
-0.0483999478594579 -0.0745500753852236 -0.0701832393550657 0.0299165671988362
-0.0705234531039046 -0.0323360348611103 -0.0408047030476275 0.035540996508032
-0.0659791701384172 -0.0181169866146432 -0.0253911769238241 0.00291702528170306
-0.0620702099909965 -0.018288062518331 -0.0208185865423435 -0.0265331650677145
-0.0753374175170831 -0.044796426864353 -0.000627696844457463 -0.0673719526570779
-0.049078003690413 -0.0904049074639955 0.0444798868274412 -0.0858581255938756
0.0238367425939101 -0.101436436489696 0.108166108596046 -0.0147296850125359
0.11839981927566 -0.0441483131792355 0.0738105090555835 0.0783593532950319
0.122172432831564 0.0811271843924472 -0.0214418669547121 0.0853160346832481
0.0514812803511228 0.157110537456009 -0.051262877645134 -0.0277785742380972
-0.0375225279028486 0.106048716758024 0.00878560767375365 -0.16259721376263
0.00886573754715336 0.111957012323678 0.0786158092648969 -0.117978133301922
0.0718201576331643 0.07624268977306 0.0443118882373962 -0.149657917118806
0.0813245926888594 -0.0179114368876335 -0.0312032222169414 -0.133334421527477
0.024431700069955 -0.0696754646058804 -0.089388958241596 -0.0695802731366364
-0.0323155568946665 -0.0583055563530417 -0.0917926565507085 -0.00082593630571663
-0.0551939771400197 -0.0267997566598243 -0.069596573988419 0.0233974196705495
-0.0520777917189719 -0.0163616765637854 -0.0501863717049085 -0.00349888692516486
-0.0481533654526254 -0.0153077306999285 -0.0434513799509611 -0.033997905874509
-0.0569559454750912 -0.0372005952903798 -0.0190391428202423 -0.078124924217947
-0.0338367072942073 -0.0741776467834125 0.0326653461747892 -0.10137362560921
0.0277915160694253 -0.0789440638953199 0.106218290333052 -0.0342267660645675
0.0971358008603569 -0.0188959861320485 0.0766762025273581 0.0628531794046375
0.0789253809929308 0.0773991383916169 -0.0179055953938893 0.0685872655039693
0.013891897557072 0.115449786856658 -0.0495182517886163 -0.0647623876530415
-0.0381552124950984 0.0364397542209926 0.0200523962456965 -0.192644653303681
-0.015024156455316 0.0549237950135067 0.0771214148454268 -0.127461633616663
0.0247255789432687 0.0472299947635889 0.0576256559535342 -0.140284416677879
0.0409542101553442 -0.000960370010206655 -0.00702578354218612 -0.138682556556801
0.0159475131284013 -0.0323347952716629 -0.0821491063882433 -0.0925658937730541
-0.0128546945244791 -0.0314886090091433 -0.105216133274082 -0.0195320151559765
-0.0302181308220059 -0.0170155887024711 -0.088388250187053 0.0143808031005931
-0.0302342045045965 -0.012487010735461 -0.0674174174457945 -0.00955743792444249
-0.0291172095649734 -0.0097786306726366 -0.0591902446659912 -0.041677580600769
-0.0341901802944245 -0.0256605854474199 -0.0298878855221582 -0.088089461839535
-0.0171193934250576 -0.0512709595962202 0.0308916625982411 -0.111870585603962
0.0287717981135687 -0.051612715509467 0.108803979436681 -0.0433913028295194
0.0700969046939797 0.00626080001614528 0.0763057875688448 0.0555774506820315
0.0312908652252763 0.0664777292219202 -0.0156657832961168 0.0569744983293932
-0.0246568760161246 0.0625856794996855 -0.0380957632785948 -0.0860238566240153
0.0420960977417527 -0.00633651094710375 0.0485299035964937 0.117206809885489
0.00352871149737155 -0.0337648981346723 0.0723914832921052 -0.0567783116727983
-0.0278916367507523 -0.0174464710368233 -0.0656171952336183 -0.0806844984647157
-0.0163233064446151 0.0158689205926267 -0.134621775263726 0.0331796453840035
-0.000672405111122739 0.0134379793004296 -0.0509915167024952 0.130229283586387
0.00849531390313543 0.00649583477208993 0.038164949409232 0.108440806701438
0.0102458797336454 0.000387268846321111 0.0694106818970837 0.0641776400618486
0.00103751474025121 0.00113005284163778 0.0806622881811359 0.0236745208208015
-0.00406821947471952 0.00364503686795291 0.0933995001746313 0.00368476521416529
-0.0112030594830223 0.00303560592057084 0.104681789970089 0.0250164979013137
-0.007282343938309 -0.00903490229876558 0.0831339157863468 0.0954747366739087
0.0049339981911622 -0.0165645688614949 0.00307485254517 0.147011424991642
0.023687724545177 -0.0159442995749282 -0.0704507599932883 0.134468569124307
0.042538660232603 0.00881276976045946 -0.112712172216028 0.135822727320691
0.0490176549347482 0.0421707399920624 -0.0583023584494083 0.201242116292335
0.051290599356068 0.0547509158202081 0.0266817853739654 0.112345470211248
0.0380404061037152 0.000263254103792632 0.0763333046608203 -0.0479317653799453
0.0127560651597081 -0.0180831494965801 -0.0621666202776849 -0.0942586746189762
0.00134449027165998 -0.0118686259688005 -0.14362422064271 0.0185157828727487
-0.00762899536938012 -0.0189828789021597 -0.0642080547582774 0.128248497335358
-0.0150113477081737 -0.0141885481179022 0.0307226261574016 0.112471665071493
-0.0156975175035553 -0.00821614971710737 0.0640783236992373 0.0658943839575765
-0.0257337842961821 -0.00675651802033253 0.0748057447033008 0.0240100661053479
-0.0323028250652503 -0.00934483859100132 0.0846803148798511 -0.000499361990565681
-0.0393347967012031 -0.024264020656469 0.0986347808272219 0.00873716785671165
-0.0121539046253188 -0.0510349433503533 0.0932000394550726 0.0688794135031628
0.0374648018601163 -0.0468060257288975 0.0323498591719892 0.136809670563333
0.0783009413362254 -0.00338899679527344 -0.0409634658278243 0.141211341686525
0.0786404127323902 0.0668386601522822 -0.0895872615656401 0.13256120503518
0.0553825253238394 0.11922128505627 -0.0489107420361691 0.174165812798028
0.0442645223089155 0.114022207875807 0.00522405633300159 0.084803282408622
0.0658069975429519 0.0484970018247766 0.0814785076060037 -0.0467941932209741
0.0614082202790414 -0.00376333387239305 -0.0525084902542958 -0.117242502153914
0.0316299070599968 -0.0389356805130114 -0.150663889795802 -0.00930878408487627
-0.00810563764614993 -0.0558578804283298 -0.0831980344136496 0.112243715412847
-0.0367102318615594 -0.0384018342369071 0.0129255507409152 0.109338945896982
-0.0406676741045615 -0.0175997083170273 0.0483751450972206 0.0645343726148265
-0.0490382512588102 -0.0133373466122274 0.058067544815151 0.0218627641621261
-0.0538911397974481 -0.0176673250436888 0.064518561328393 -0.00615613243558932
-0.0651590634093056 -0.042117633873604 0.0828089612173071 -0.0147978757795474
-0.0278706946079329 -0.0829879808751913 0.0960715141048519 0.0265092794503258
0.0474149429541464 -0.0821777203501325 0.0700424962018341 0.109506154864315
0.121670087012593 -0.0185124287729955 -0.00108061301954658 0.141693382360088
0.120502333773105 0.094417098652434 -0.0642231188652817 0.128370455694558
0.0695467583996774 0.172824315316001 -0.0415029683093523 0.13002676943019
0.0234936313986109 0.159205771199809 -0.00904774595303531 0.03278177169722
0.0777471720705283 0.101620933771063 0.0832836770193202 -0.0566038844416913
0.106695382575711 0.0261469239883666 -0.0343041290590023 -0.140555367741996
0.0697620445360237 -0.0571878166449348 -0.143855448784193 -0.0481921089709255
0.000860813702395294 -0.0882546343644171 -0.100307363860434 0.0774597480492053
-0.0517537518011422 -0.061319401665945 -0.0132783594321032 0.093162302485872
-0.0613627781126639 -0.0268635613317461 0.0227703435142872 0.0588591370416485
-0.0647960375759555 -0.0181593158515459 0.0333894932620821 0.0172599977766338
-0.0666963469214782 -0.0212790574744158 0.0372734045004982 -0.0135070995484602
-0.0818278891023262 -0.0490733558589874 0.0570287723601493 -0.03763044147369
-0.0467357595603756 -0.0994831892171546 0.0859862109784734 -0.0194527264909036
0.0393246442994826 -0.107931680252408 0.0984869941764484 0.0665981999619794
0.140935195548978 -0.0440294016035078 0.037778197643808 0.127898870915363
0.150619127950765 0.096887621982936 -0.0437903395394853 0.117895456629487
0.0796465782619817 0.194672135579774 -0.0420456121713253 0.0749971348571773
-0.00553595611677782 0.175522591842578 -0.0116024812060484 -0.0366425899262113
0.0669190657307346 0.141563315447598 0.0820362956358888 -0.0746498274464265
0.12727518224401 0.0627337129057585 -0.00688402929827191 -0.156204119402238
0.101135887579024 -0.0563819813477558 -0.116255609901067 -0.0899205005766959
0.0145709545885052 -0.105043372903863 -0.108322827341794 0.0257723557028102
-0.0550619876579641 -0.0763069598311894 -0.0437932377653372 0.0644980423889144
-0.0723889836743373 -0.0329606646317396 -0.00954210986484378 0.0486495351019728
-0.0708530618269468 -0.0207726701227542 0.00374247761205426 0.0105099706946038
-0.0686829583850029 -0.0221305583078723 0.00801850063482313 -0.0204742240049248
-0.0854320601241823 -0.0500516271442226 0.027628267536175 -0.054848483764682
-0.0547491672835872 -0.100759120734087 0.0662887236752536 -0.0577151154557426
0.0288666894134662 -0.113917311195828 0.109941377994033 0.0223258325044589
0.137599458515459 -0.0548213129009691 0.0620174836783442 0.103993843789417
0.150296223559258 0.0894690965343467 -0.0316230082974836 0.10299078246824
0.0739669153416165 0.18766200641023 -0.0475777385850291 0.0186743933806521
-0.0300436559027741 0.157355102741229 -0.00156067280762003 -0.107717244857687
0.0366847579610247 0.147401317251583 0.0820192414736756 -0.09793904445474
0.111666732945418 0.0858650472538192 0.0242069150126378 -0.157182653595391
0.107065191147238 -0.0382519804807991 -0.0708627125786759 -0.121657261995204
0.0263095023137135 -0.0970368087050512 -0.102491746257699 -0.0304656850387595
-0.0466007440706486 -0.0760545104013586 -0.0722642916329316 0.0289411378259224
-0.0701926790009515 -0.033969248119842 -0.0426651442361976 0.0358886697503248
-0.0662995493229921 -0.0208525184235543 -0.02609421017225 0.00324838244366987
-0.0622486074259932 -0.0203093124109843 -0.0196609620702647 -0.0270607287841412
-0.075472765317425 -0.0460943276844532 0.0019300845479874 -0.0677681546014971
-0.0478011981274201 -0.0919601326113544 0.0469415928072318 -0.0844226360544107
0.0262008430284644 -0.100859335718061 0.110399798329933 -0.0109754093435476
0.121593748384881 -0.041670243512947 0.0728550413828322 0.0815057954929275
0.12190466137058 0.0851520337775069 -0.0259138488955662 0.0856458917458198
0.0479770008149514 0.159655693587226 -0.0523467884807665 -0.0300617952608441
-0.0414970341389156 0.106318224875774 0.0150146204482351 -0.163094911499664
0.00496031349852524 0.113366327152492 0.0843822258284958 -0.116027303799357
0.0706428460684638 0.078993568583107 0.0503596118088658 -0.149368786175921
0.0824293952417227 -0.0158913452712886 -0.026885182010626 -0.137228520541724
0.0261628059608448 -0.0693861852721766 -0.0888475055969118 -0.0741169729918109
-0.0309027430700397 -0.0591643100730456 -0.0919983634783489 -0.00373099346899887
-0.0548146975640908 -0.0283130549592931 -0.0709045748747004 0.0231746975448398
-0.0522866981084973 -0.0183430135684678 -0.051313054118781 -0.00502541387428671
-0.047701657931923 -0.0174231546194599 -0.0424062123050151 -0.0345552970198707
-0.0567680135361195 -0.0385563178873278 -0.0171122102543311 -0.0790570494895212
-0.0326048643712249 -0.075317745056434 0.0356466285112599 -0.101276700250558
0.0298797188781825 -0.0785230005224471 0.108853737354507 -0.0318918824782544
0.099063941938982 -0.0167852095841007 0.0761142252774328 0.0652714806863006
0.0782037266576965 0.0802941670978148 -0.0221432353729451 0.0683786886692551
0.0108315434121772 0.116244501476048 -0.0492660803131388 -0.0662131637506662
-0.0401479869441537 0.0355269478464243 0.027867968304389 -0.193431946131665
-0.0173663107097712 0.054425251640441 0.0832542909501489 -0.125011856454244
0.0231598379177513 0.0478146430406948 0.0640350521008139 -0.139444829376566
0.0409371118586224 0.000333366404619749 -0.00235855377740858 -0.142277793036925
0.0168793835069264 -0.0319900122263217 -0.0806464291183982 -0.0971836964818798
-0.0121249413399635 -0.0313262464515139 -0.105637360800097 -0.0225151253477511
-0.0300811153406895 -0.0180691342474268 -0.0896613916189974 0.0131633866600855
-0.0308793256527469 -0.0134383192151529 -0.0683122583933259 -0.0107780177583349
-0.028718867078501 -0.0112230743515073 -0.0577529541684657 -0.0439433208671409
-0.0339977878246414 -0.0262170707156405 -0.0280291698281169 -0.0899896478791383
-0.0159249746409087 -0.0522578610498387 0.0337875030124417 -0.111905326494425
0.0306320013164378 -0.0511024617839844 0.111165874322786 -0.0397333670453577
0.0710071635299844 0.00837628491547058 0.075799364526008 0.0590087825930355
0.0297503421756944 0.0685211645564448 -0.0185370434412178 0.0572097037557577
-0.0270058023890951 0.0623407485974492 -0.0372188938116709 -0.0877057497947185
