TRXV5
3
4
4
9
string Extension=J
integer IsArchMeasurement=1
integer IsSpherical=1
string Generator=SPM
string GeneratorVersion=1.3.1 Dev
double ArchRadius=0.449999988079071
integer FrequencyAxisIndex=0
integer AzimuthAxisIndex=1
integer ElevationAxisIndex=2
Frequency
5 136 690000000 960000000 LIN
Azimuth
7 8 0 2.74889357189107 LIN
Elevation
7 15 -2.74889357189107 2.74889357189107 LIN
Polar H Real Part
13
Polar H Imaginary Part
14
Polar V Real Part
13
Polar V Imaginary Part
14
Polar H Magnitude (dB)
12 0xC0000002 0 1
Polar H Phase
7 0xC0000003 0 1
Polar V Magnitude (dB)
12 0xC0000002 2 3
Polar V Phase
7 0xC0000003 2 3
0.135261535644531 -0.0736465454101563 0.388153076171875 -0.049835205078125
0.063079833984375 -0.14654541015625 0.188461303710938 -0.123016357421875
-0.0841598510742187 -0.0879287719726563 -0.0887527465820312 -0.0277252197265625
-0.1025390625 0.00405120849609373 -0.076446533203125 0.181686401367188
-0.0672035217285156 0.0370559692382812 0.0888824462890625 0.239898681640625
-0.0451202392578125 0.0657768249511719 0.266586303710938 0.202392578125
-0.01483154296875 0.0669975280761719 0.375640869140625 0.08551025390625
-0.0343170166015625 0.0591354370117187 0.389404296875 0.018341064453125
-0.0608749389648437 0.0559005737304688 0.35595703125 0.04571533203125
-0.08001708984375 0.0228042602539063 0.277084350585938 0.127853393554688
-0.0683059692382813 -0.0346717834472656 0.167129516601563 0.1468505859375
-0.0328292846679688 -0.0770187377929688 0.0633926391601563 0.111785888671875
0.0650405883789063 -0.0866241455078125 0.0998764038085938 0.0370941162109375
0.161758422851563 -0.02435302734375 0.361785888671875 0.0633544921875
0.182586669921875 0.0570526123046875 0.4642333984375 0.36309814453125
-0.0859832763671875 -0.165435791015625 0.395233154296875 -0.064697265625
-0.147384643554687 -0.16119384765625 0.192733764648438 -0.133529663085938
-0.228195190429688 -0.01953125 -0.0557937622070313 -0.043060302734375
-0.176849365234375 0.133941650390625 -0.0479583740234375 0.146377563476563
-0.0550537109375 0.172561645507813 0.0939483642578125 0.18951416015625
0.0604095458984375 0.180328369140625 0.26080322265625 0.160552978515625
0.122390747070313 0.124153137207031 0.351043701171875 0.045806884765625
0.088714599609375 0.110527038574219 0.362152099609375 -0.017181396484375
0.0779495239257813 0.122230529785156 0.3414306640625 0.01226806640625
0.0378036499023438 0.130241394042969 0.279983520507813 0.10211181640625
-0.0210952758789063 0.105613708496094 0.17620849609375 0.12078857421875
-0.0598526000976562 0.0783920288085938 0.0920486450195312 0.097625732421875
-0.0770111083984375 0.0199737548828125 0.15740966796875 0.0412139892578125
-0.0556373596191406 -0.0156402587890625 0.400909423828125 0.0888671875
-0.0532493591308594 -0.00747299194335936 0.493133544921875 0.39398193359375
-0.29718017578125 -0.221527099609375 0.34320068359375 -0.10333251953125
-0.33819580078125 -0.13555908203125 0.159957885742187 -0.145172119140625
-0.336029052734375 0.0661010742187499 -0.0281982421875 -0.0525779724121094
-0.217330932617187 0.251007080078125 -0.0140380859375 0.0972137451171875
-0.0272216796875 0.28125 0.0897598266601563 0.11639404296875
0.159896850585938 0.264511108398438 0.221420288085938 0.0940704345703125
0.241043090820313 0.160797119140625 0.273330688476563 0.00128173828125001
0.199432373046875 0.146469116210938 0.279266357421875 -0.0507965087890625
0.207809448242187 0.173171997070312 0.27191162109375 -0.02520751953125
0.150039672851563 0.22723388671875 0.239456176757813 0.05810546875
0.02435302734375 0.241195678710938 0.162094116210938 0.0698699951171875
-0.0915679931640625 0.2320556640625 0.116020202636719 0.0635604858398438
-0.22454833984375 0.118072509765625 0.206573486328125 0.043792724609375
-0.273895263671875 -0.01861572265625 0.393310546875 0.11676025390625
-0.28265380859375 -0.080322265625 0.450958251953125 0.3885498046875
-0.47216796875 -0.230560302734375 0.235595703125 -0.1448974609375
-0.4849853515625 -0.065948486328125 0.09710693359375 -0.142196655273438
-0.3897705078125 0.16741943359375 -0.00315856933593752 -0.0531539916992187
-0.208984375 0.346466064453125 0.0177497863769531 0.0368156433105469
0.018402099609375 0.350677490234375 0.0702629089355469 0.0285453796386719
0.242950439453125 0.303863525390625 0.1483154296875 0.0169677734375
0.32476806640625 0.1702880859375 0.15496826171875 -0.042327880859375
0.278121948242188 0.160232543945313 0.152984619140625 -0.077056884765625
0.306243896484375 0.200408935546875 0.159454345703125 -0.0609893798828125
0.236358642578125 0.2935791015625 0.158889770507813 -0.00167846679687498
0.0594482421875 0.3470458984375 0.121932983398438 -0.00216674804687498
-0.1195068359375 0.355865478515625 0.12738037109375 0.0125198364257813
-0.349517822265625 0.19464111328125 0.235549926757812 0.0384979248046875
-0.453399658203125 -0.0281982421875001 0.33349609375 0.134429931640625
-0.467559814453125 -0.1441650390625 0.3408203125 0.34539794921875
-0.5828857421875 -0.2008056640625 0.0843963623046874 -0.177108764648438
-0.566162109375 0.0213623046874999 0.0121688842773437 -0.117706298828125
-0.386383056640625 0.25927734375 0.0139427185058593 -0.0457954406738281
-0.16278076171875 0.400360107421875 0.0370216369628906 -0.0279502868652344
0.07342529296875 0.36895751953125 0.0313301086425781 -0.0573463439941406
0.29852294921875 0.29388427734375 0.0507164001464844 -0.0551872253417969
0.360687255859375 0.15093994140625 0.0139312744140625 -0.0748138427734375
0.314483642578125 0.14935302734375 0.00301361083984376 -0.0914993286132813
0.352813720703125 0.19781494140625 0.0186538696289063 -0.0932235717773437
0.281707763671875 0.3134765625 0.0497894287109375 -0.0709457397460937
0.0826416015625 0.393035888671875 0.0623855590820313 -0.0863037109375
-0.127044677734375 0.417724609375 0.123374938964844 -0.0522842407226562
-0.41461181640625 0.23321533203125 0.235733032226563 0.02337646484375
-0.55517578125 -0.0359802246093749 0.225509643554687 0.136138916015625
-0.5767822265625 -0.183349609375 0.18023681640625 0.265701293945312
-0.60797119140625 -0.14971923828125 -0.089813232421875 -0.195831298828125
-0.56793212890625 0.0930786132812501 -0.0837478637695313 -0.0784072875976563
-0.3360595703125 0.301910400390625 0.0188007354736328 -0.0319271087646484
-0.097808837890625 0.396331787109375 0.0379257202148438 -0.0859603881835937
0.114227294921875 0.336669921875 -0.0232467651367187 -0.125167846679687
0.310394287109375 0.243377685546875 -0.0588150024414062 -0.106552124023438
0.345062255859375 0.109100341796875 -0.128929138183594 -0.0890731811523438
0.302490234375 0.117034912109375 -0.146499633789062 -0.0916290283203125
0.341064453125 0.165374755859375 -0.125709533691406 -0.115447998046875
0.277999877929688 0.275054931640625 -0.0651931762695312 -0.137100219726563
0.08953857421875 0.36328125 -0.00386047363281251 -0.164260864257812
-0.111236572265625 0.395751953125 0.106033325195313 -0.112648010253906
-0.396240234375 0.228546142578125 0.207260131835937 0.00613403320312501
-0.55096435546875 -0.0327758789062499 0.0907058715820312 0.124862670898438
-0.59259033203125 -0.181640625 -0.00146484375000003 0.166763305664063
-0.536376953125 -0.094970703125 -0.2606201171875 -0.210556030273438
-0.483551025390625 0.11810302734375 -0.179443359375 -0.04034423828125
-0.253799438476563 0.280715942382812 0.00475883483886717 -0.0142068862915039
-0.038604736328125 0.329833984375 0.0198898315429688 -0.125228881835937
0.126907348632812 0.258758544921875 -0.0821380615234375 -0.166900634765625
0.269851684570313 0.1640625 -0.162918090820313 -0.132247924804688
0.27685546875 0.056640625 -0.253021240234375 -0.084228515625
0.24249267578125 0.066650390625 -0.272720336914062 -0.0791168212890625
0.272003173828125 0.103912353515625 -0.247421264648438 -0.123428344726562
0.226181030273438 0.184051513671875 -0.162933349609375 -0.186172485351563
0.08538818359375 0.260971069335938 -0.058135986328125 -0.21728515625
-0.06439208984375 0.2977294921875 0.084136962890625 -0.153701782226562
-0.2919921875 0.187347412109375 0.161209106445312 -0.00552368164062499
-0.443572998046875 -0.0101318359375 -0.0419464111328125 0.105934143066406
-0.513153076171875 -0.138153076171875 -0.171920776367188 0.0683441162109375
-0.38018798828125 -0.0404052734375 -0.40057373046875 -0.22991943359375
-0.33160400390625 0.103363037109375 -0.262191772460938 -0.0236358642578125
-0.150527954101562 0.202316284179688 -0.0257606506347656 0.0002880096435547
0.00616455078124998 0.214797973632813 -0.010223388671875 -0.142684936523438
0.109024047851563 0.151153564453125 -0.13226318359375 -0.180191040039063
0.184432983398438 0.0717620849609375 -0.243972778320312 -0.133880615234375
0.167007446289063 -0.00030517578125 -0.338470458984375 -0.0662231445312501
0.1451416015625 0.006988525390625 -0.356719970703125 -0.053253173828125
0.160125732421875 0.024627685546875 -0.326080322265625 -0.115325927734375
0.144989013671875 0.06121826171875 -0.223464965820313 -0.207275390625
0.0790863037109375 0.116249084472656 -0.0893402099609375 -0.236724853515625
0.00630187988281251 0.158187866210938 0.06597900390625 -0.167739868164063
-0.134719848632813 0.136619567871094 0.110130310058594 -0.00665283203124999
-0.270599365234375 0.03564453125 -0.1435546875 0.090484619140625
-0.363739013671875 -0.0571899414062501 -0.303375244140625 -0.00634765625
0.139190673828125 -0.100288391113281 0.381744384765625 -0.097991943359375
0.0460205078125 -0.172683715820313 0.173049926757813 -0.1514892578125
-0.105445861816406 -0.0861663818359375 -0.0967483520507813 -0.0229568481445313
-0.1143798828125 0.0193634033203125 -0.06463623046875 0.189010620117188
-0.07025146484375 0.053863525390625 0.107940673828125 0.234878540039063
-0.0376129150390625 0.0842132568359375 0.28643798828125 0.18206787109375
-0.00257110595703124 0.0821075439453125 0.38525390625 0.0494384765625
-0.0257797241210938 0.0750808715820313 0.392608642578125 -0.022247314453125
-0.0548477172851563 0.0770950317382812 0.363311767578125 0.00808715820312501
-0.0842208862304688 0.0429153442382813 0.292388916015625 0.100616455078125
-0.0832138061523438 -0.0256576538085937 0.186309814453125 0.132949829101563
-0.0511016845703125 -0.0801620483398437 0.0799636840820313 0.111595153808594
0.0571746826171875 -0.106773376464844 0.103729248046875 0.0398712158203125
0.173446655273438 -0.0538177490234375 0.3624267578125 0.036865234375
0.206680297851563 0.031280517578125 0.48828125 0.3289794921875
-0.091552734375 -0.17041015625 0.391204833984375 -0.1163330078125
-0.16546630859375 -0.166046142578125 0.178298950195313 -0.164840698242188
-0.242843627929688 -0.00593566894531251 -0.0648422241210938 -0.0440902709960937
-0.176498413085938 0.1553955078125 -0.038482666015625 0.1488037109375
-0.045074462890625 0.187332153320313 0.108718872070313 0.179367065429687
0.0788116455078125 0.186111450195313 0.27471923828125 0.134597778320313
0.139518737792969 0.123664855957031 0.354278564453125 0.00897216796875001
0.103546142578125 0.113319396972656 0.3592529296875 -0.05865478515625
0.0914077758789063 0.127235412597656 0.342987060546875 -0.028076171875
0.0451431274414062 0.1365966796875 0.294708251953125 0.070159912109375
-0.0210952758789062 0.1094970703125 0.196304321289063 0.102340698242188
-0.0612564086914063 0.0781784057617188 0.111602783203125 0.09271240234375
-0.0727920532226563 0.0136489868164062 0.165847778320312 0.0362396240234375
-0.0439872741699219 -0.0233879089355469 0.40802001953125 0.057830810546875
-0.0362968444824219 -0.00914382934570312 0.526123046875 0.355865478515625
-0.308746337890625 -0.20355224609375 0.338653564453125 -0.153076171875
-0.353729248046875 -0.119476318359375 0.146682739257812 -0.175857543945313
-0.3394775390625 0.0895690917968751 -0.0378341674804688 -0.0588836669921875
-0.202194213867188 0.275375366210938 -0.00886535644531251 0.094512939453125
-0.00650024414062502 0.29180908203125 0.09808349609375 0.101837158203125
0.185638427734375 0.257125854492188 0.227828979492187 0.0667877197265625
0.26116943359375 0.145782470703125 0.26885986328125 -0.0323638916015625
0.217498779296875 0.135467529296875 0.27099609375 -0.088165283203125
0.22705078125 0.161788940429688 0.27105712890625 -0.063201904296875
0.1693115234375 0.219589233398437 0.251113891601562 0.0251007080078125
0.0397186279296875 0.241302490234375 0.17864990234375 0.0487823486328125
-0.0755462646484375 0.235885620117188 0.136070251464844 0.0548934936523438
-0.21063232421875 0.127593994140625 0.219940185546875 0.0320587158203125
-0.265701293945313 -0.00364685058593747 0.40802001953125 0.085784912109375
-0.276412963867188 -0.0591278076171875 0.48992919921875 0.355682373046875
-0.486358642578125 -0.192657470703125 0.23187255859375 -0.187530517578125
-0.491363525390625 -0.0306091308593749 0.0863037109375 -0.168701171875
-0.37872314453125 0.195709228515625 -0.012176513671875 -0.0638809204101562
-0.18212890625 0.36712646484375 0.0183906555175781 0.0294380187988281
0.048187255859375 0.352447509765625 0.0699882507324219 0.0132713317871094
0.27215576171875 0.28173828125 0.146087646484375 -0.00793457031249998
0.343048095703125 0.14202880859375 0.144668579101563 -0.06640625
0.296630859375 0.1380615234375 0.139907836914063 -0.103416442871094
0.32830810546875 0.175445556640625 0.1519775390625 -0.09136962890625
0.265106201171875 0.275375366210938 0.16558837890625 -0.029571533203125
0.08831787109375 0.34271240234375 0.133590698242188 -0.0228118896484375
-0.08837890625 0.3646240234375 0.144180297851563 -0.00149536132812498
-0.328460693359375 0.218841552734375 0.2515869140625 0.0198974609375
-0.450927734375 0.00875854492187491 0.353546142578125 0.108428955078125
-0.47442626953125 -0.10284423828125 0.380523681640625 0.323089599609375
-0.60052490234375 -0.14599609375 0.083221435546875 -0.205047607421875
-0.56298828125 0.0736694335937501 0.00747680664062497 -0.136528015136719
-0.36492919921875 0.2890625 0.00632095336914061 -0.0604095458984375
-0.12603759765625 0.415283203125 0.0320892333984375 -0.0383567810058593
0.107177734375 0.361358642578125 0.0244522094726563 -0.0708999633789062
0.325531005859375 0.261383056640625 0.0402679443359375 -0.0731658935546875
0.37664794921875 0.113006591796875 -0.000137329101562476 -0.086151123046875
0.33203125 0.117706298828125 -0.0120468139648437 -0.102912902832031
0.37481689453125 0.16064453125 0.00547790527343751 -0.109184265136719
0.31524658203125 0.28411865234375 0.0494918823242188 -0.0906219482421875
0.120941162109375 0.3856201171875 0.0640029907226563 -0.104476928710937
-0.086395263671875 0.428802490234375 0.133163452148438 -0.0685043334960937
-0.39013671875 0.268096923828125 0.252426147460938 0.000991821289062516
-0.558807373046875 0.0137939453125 0.248825073242188 0.119247436523438
-0.5927734375 -0.1290283203125 0.21453857421875 0.258270263671875
-0.62347412109375 -0.0876464843749999 -0.0897216796875001 -0.205535888671875
-0.55767822265625 0.1533203125 -0.0817031860351563 -0.08599853515625
-0.3052978515625 0.333709716796875 0.0141258239746094 -0.0469322204589844
-0.05462646484375 0.40625 0.0273971557617187 -0.0972900390625
0.150634765625 0.321319580078125 -0.03662109375 -0.133377075195312
0.332550048828125 0.2042236328125 -0.0738372802734375 -0.113433837890625
0.352691650390625 0.0682373046875 -0.144088745117187 -0.0843658447265625
0.3150634765625 0.0821533203125 -0.161956787109375 -0.0868682861328125
0.360504150390625 0.12445068359375 -0.141372680664062 -0.115371704101563
0.307373046875 0.24200439453125 -0.07366943359375 -0.145187377929687
0.127838134765625 0.35333251953125 -0.010955810546875 -0.176040649414062
-0.067779541015625 0.40728759765625 0.10772705078125 -0.129798889160156
-0.37054443359375 0.264892578125 0.22149658203125 -0.0165863037109375
-0.556732177734375 0.02392578125 0.113479614257812 0.119560241699219
-0.6131591796875 -0.1204833984375 0.02447509765625 0.176528930664063
-0.55316162109375 -0.035247802734375 -0.261520385742188 -0.201797485351563
-0.475555419921875 0.17755126953125 -0.172576904296875 -0.0370941162109375
-0.222412109375 0.31170654296875 0.00299072265624998 -0.0278968811035156
0.00225830078124997 0.335418701171875 0.00595855712890626 -0.134376525878906
0.15997314453125 0.241134643554687 -0.098785400390625 -0.166366577148438
0.2872314453125 0.125762939453125 -0.17889404296875 -0.126296997070313
0.279266357421875 0.01751708984375 -0.266189575195313 -0.065582275390625
0.248886108398438 0.03369140625 -0.285888671875 -0.057281494140625
0.281768798828125 0.065887451171875 -0.263519287109375 -0.107955932617188
0.247482299804688 0.150802612304688 -0.177597045898438 -0.18310546875
0.117156982421875 0.247940063476563 -0.0726776123046875 -0.224090576171875
-0.0260009765625 0.302734375 0.078826904296875 -0.168533325195313
-0.2659912109375 0.217971801757813 0.171524047851563 -0.02532958984375
-0.447296142578125 0.039825439453125 -0.0218658447265625 0.114662170410156
-0.535186767578125 -0.0787353515624999 -0.156204223632813 0.095458984375
-0.39813232421875 0.00491333007812495 -0.40545654296875 -0.20611572265625
-0.327728271484375 0.15032958984375 -0.253768920898438 -0.00926208496093748
-0.129043579101562 0.229217529296875 -0.0262622833251953 -0.00843048095703123
0.0371856689453125 0.219589233398438 -0.0272064208984375 -0.147171020507813
0.134246826171875 0.135932922363281 -0.151596069335938 -0.170989990234375
0.195449829101563 0.04132080078125 -0.259445190429688 -0.116012573242187
0.163864135742188 -0.029632568359375 -0.34814453125 -0.034088134765625
0.144577026367188 -0.0185546875 -0.364776611328125 -0.0197753906250001
0.160354614257813 -0.004058837890625 -0.33953857421875 -0.0879821777343749
0.152542114257813 0.0324554443359375 -0.241241455078125 -0.194900512695313
0.0965347290039063 0.100807189941406 -0.107513427734375 -0.23651123046875
0.0340423583984375 0.154739379882813 0.0570068359375 -0.17901611328125
-0.1104736328125 0.154693603515625 0.117958068847656 -0.0189437866210937
-0.269195556640625 0.07464599609375 -0.127769470214844 0.111465454101563
-0.379669189453125 -0.00738525390624992 -0.297332763671875 0.034454345703125
0.132293701171875 -0.125045776367188 0.35015869140625 -0.13665771484375
0.019775390625 -0.189315795898438 0.14544677734375 -0.17120361328125
-0.124557495117188 -0.0769882202148437 -0.102531433105469 -0.01611328125
-0.120559692382812 0.0374755859375 -0.05157470703125 0.189117431640625
-0.0669937133789063 0.0711746215820313 0.120834350585938 0.220535278320313
-0.0231857299804687 0.0985336303710937 0.29229736328125 0.155914306640625
0.0143280029296875 0.0914688110351563 0.3759765625 0.015838623046875
-0.0107650756835938 0.0880661010742188 0.37359619140625 -0.05828857421875
-0.0402603149414063 0.0948638916015625 0.352020263671875 -0.026397705078125
-0.0812225341796875 0.06390380859375 0.291351318359375 0.07073974609375
-0.0944976806640625 -0.010894775390625 0.19659423828125 0.111572265625
-0.0689926147460938 -0.0760421752929687 0.0949630737304688 0.105079650878906
0.0430145263671875 -0.122230529785156 0.106849670410156 0.0417633056640625
0.1728515625 -0.0854339599609375 0.3458251953125 0.01611328125
0.217864990234375 -0.0018463134765625 0.48736572265625 0.28765869140625
-0.0948944091796875 -0.1724853515625 0.36029052734375 -0.160888671875
-0.18121337890625 -0.165130615234375 0.150115966796875 -0.186309814453125
-0.249526977539062 0.01007080078125 -0.0737228393554688 -0.0415878295898438
-0.167343139648438 0.172286987304688 -0.0299530029296875 0.145339965820313
-0.031158447265625 0.196945190429688 0.11566162109375 0.162399291992188
0.09564208984375 0.185348510742188 0.274093627929688 0.105728149414063
0.153717041015625 0.117324829101563 0.336334228515625 -0.0240478515625
0.116012573242188 0.111473083496094 0.33514404296875 -0.09521484375
0.103752136230469 0.128463745117188 0.32635498046875 -0.06549072265625
0.0520248413085937 0.140525817871094 0.292083740234375 0.03546142578125
-0.0220260620117187 0.112358093261719 0.205596923828125 0.076416015625
-0.0630569458007813 0.07586669921875 0.126983642578125 0.0810394287109375
-0.0693550109863281 0.00391006469726562 0.169891357421875 0.0294952392578125
-0.0329246520996094 -0.0361747741699219 0.3975830078125 0.03021240234375
-0.0183868408203125 -0.0179576873779297 0.53277587890625 0.30841064453125
-0.307830810546875 -0.1832275390625 0.3116455078125 -0.19573974609375
-0.354522705078125 -0.10113525390625 0.120880126953125 -0.196304321289062
-0.332366943359375 0.10809326171875 -0.0491600036621094 -0.0604171752929687
-0.181793212890625 0.2872314453125 -0.00555419921875002 0.0885086059570313
0.014617919921875 0.290191650390625 0.0975341796875 0.0850601196289063
0.2030029296875 0.241134643554688 0.21929931640625 0.039947509765625
0.268951416015625 0.124862670898438 0.247955322265625 -0.059539794921875
0.22613525390625 0.11981201171875 0.243896484375 -0.11749267578125
0.2369384765625 0.1455078125 0.25018310546875 -0.0970001220703125
0.17999267578125 0.205429077148438 0.24713134765625 -0.00920104980468749
0.0500640869140625 0.233184814453125 0.185989379882813 0.022796630859375
-0.0610809326171875 0.229568481445313 0.14959716796875 0.0390777587890625
-0.192520141601563 0.126007080078125 0.224822998046875 0.01727294921875
-0.247314453125 0.00454711914062499 0.40521240234375 0.05487060546875
-0.257095336914063 -0.042633056640625 0.504852294921875 0.310150146484375
-0.4791259765625 -0.151336669921875 0.2108154296875 -0.22271728515625
-0.475830078125 -0.000122070312500085 0.0665740966796875 -0.187637329101563
-0.35626220703125 0.213653564453125 -0.02496337890625 -0.07000732421875
-0.151031494140625 0.370025634765625 0.0148181915283203 0.0207195281982422
0.0723876953125 0.339569091796875 0.06317138671875 -0.00133895874023435
0.28485107421875 0.252532958984375 0.131149291992188 -0.0289764404296875
0.3436279296875 0.110260009765625 0.123756408691406 -0.0838470458984375
0.299560546875 0.111419677734375 0.115348815917969 -0.12158203125
0.333831787109375 0.143341064453125 0.131874084472656 -0.115165710449219
0.279525756835938 0.243804931640625 0.159088134765625 -0.05841064453125
0.111175537109375 0.32427978515625 0.135345458984375 -0.046142578125
-0.057891845703125 0.356292724609375 0.153732299804688 -0.01971435546875
-0.297882080078125 0.226470947265625 0.257431030273438 -0.00154113769531249
-0.428985595703125 0.03472900390625 0.36065673828125 0.078094482421875
-0.454833984375 -0.0636291503906249 0.401580810546875 0.287506103515625
-0.58489990234375 -0.0900878906249999 0.0713500976562499 -0.229293823242188
-0.53265380859375 0.114105224609375 -0.00375366210937503 -0.150985717773438
-0.327880859375 0.30389404296875 -0.00571823120117189 -0.0697402954101562
-0.086639404296875 0.408172607421875 0.0234718322753906 -0.046356201171875
0.131378173828125 0.338409423828125 0.01226806640625 -0.0797882080078125
0.332366943359375 0.2208251953125 0.0236587524414063 -0.0845947265625
0.368682861328125 0.074676513671875 -0.0179901123046875 -0.0896530151367188
0.32928466796875 0.084197998046875 -0.0313339233398437 -0.107330322265625
0.375 0.12091064453125 -0.0125579833984375 -0.119308471679687
0.32989501953125 0.243804931640625 0.0408477783203125 -0.107864379882813
0.148468017578125 0.3621826171875 0.0601730346679688 -0.1212158203125
-0.0460205078125 0.41900634765625 0.136360168457031 -0.0867080688476562
-0.35150146484375 0.284423828125 0.256668090820313 -0.02362060546875
-0.5340576171875 0.05523681640625 0.26116943359375 0.095123291015625
-0.57623291015625 -0.0728759765625 0.241058349609375 0.236801147460938
-0.60772705078125 -0.0262451171875 -0.089752197265625 -0.215377807617187
-0.51837158203125 0.19830322265625 -0.080352783203125 -0.0953826904296875
-0.261993408203125 0.345947265625 0.00429534912109373 -0.0589027404785156
-0.012786865234375 0.3917236328125 0.0141983032226562 -0.103317260742187
0.172698974609375 0.29107666015625 -0.049896240234375 -0.134544372558594
0.33392333984375 0.159881591796875 -0.0883407592773437 -0.114395141601563
0.340789794921875 0.028106689453125 -0.15399169921875 -0.0753936767578125
0.307159423828125 0.0469970703125 -0.172958374023438 -0.07684326171875
0.35400390625 0.0814208984375 -0.154541015625 -0.11016845703125
0.31793212890625 0.19805908203125 -0.0834503173828125 -0.149826049804688
0.15606689453125 0.32537841796875 -0.021087646484375 -0.184036254882812
-0.025665283203125 0.395111083984375 0.103530883789063 -0.144287109375
-0.328460693359375 0.2833251953125 0.2242431640625 -0.0414276123046875
-0.532745361328125 0.0711975097656251 0.131637573242188 0.1060791015625
-0.5999755859375 -0.0568237304687501 0.0528564453125 0.173431396484375
-0.541473388671875 0.0227966308593749 -0.253265380859375 -0.19464111328125
-0.438751220703125 0.223907470703125 -0.159835815429688 -0.0382080078125
-0.181976318359375 0.324554443359375 -0.00223159790039064 -0.039764404296875
0.040496826171875 0.321441650390625 -0.00905609130859375 -0.136444091796875
0.18017578125 0.21038818359375 -0.112335205078125 -0.158935546875
0.28424072265625 0.083587646484375 -0.18927001953125 -0.115768432617187
0.26287841796875 -0.0178985595703125 -0.267059326171875 -0.043670654296875
0.23699951171875 0.002227783203125 -0.286376953125 -0.035614013671875
0.271942138671875 0.02874755859375 -0.270004272460937 -0.0886383056640625
0.25006103515625 0.111740112304688 -0.1866455078125 -0.174209594726562
0.138351440429688 0.220932006835938 -0.0868377685546875 -0.220901489257813
0.010772705078125 0.288116455078125 0.0697174072265625 -0.178314208984375
-0.227828979492188 0.231918334960938 0.172653198242187 -0.0453948974609375
-0.426361083984375 0.086212158203125 -1.91400800814859E-17 0.11376953125
-0.523468017578125 -0.0158081054687501 -0.128684997558594 0.112625122070312
-0.39263916015625 0.0515441894531251 -0.392303466796875 -0.182159423828125
-0.30474853515625 0.1893310546875 -0.236480712890625 -0.00210571289062496
-0.099151611328125 0.242263793945313 -0.0283851623535156 -0.017852783203125
0.066925048828125 0.209396362304688 -0.0431976318359375 -0.14447021484375
0.150604248046875 0.110916137695313 -0.164382934570313 -0.154495239257813
0.1922607421875 0.0081024169921875 -0.263320922851563 -0.0931396484375
0.147994995117188 -0.056610107421875 -0.340545654296875 -0.00314331054687504
0.131431579589844 -0.0405654907226563 -0.356658935546875 0.011627197265625
0.147064208984375 -0.029449462890625 -0.337982177734375 -0.058197021484375
0.1466064453125 0.0029296875 -0.24822998046875 -0.176528930664062
0.106353759765625 0.0774917602539062 -0.12109375 -0.226898193359375
0.0568618774414063 0.138969421386719 0.045379638671875 -0.183441162109375
-0.08074951171875 0.160476684570312 0.119422912597656 -0.0327835083007812
-0.249984741210938 0.109954833984375 -0.102149963378906 0.123283386230469
-0.3704833984375 0.0442504882812499 -0.271026611328125 0.068511962890625
0.120742797851563 -0.143569946289063 0.310211181640625 -0.155609130859375
-0.00576782226562499 -0.197616577148438 0.115859985351563 -0.175994873046875
-0.137924194335938 -0.064056396484375 -0.105743408203125 -0.00914764404296877
-0.120986938476562 0.0539779663085937 -0.0443115234375 0.185379028320313
-0.06085205078125 0.0850753784179688 0.123367309570313 0.206710815429688
-0.00787353515625 0.10748291015625 0.286895751953125 0.1365966796875
0.0320281982421875 0.0949859619140625 0.355316162109375 -0.00274658203124999
0.00582122802734374 0.0931625366210938 0.348236083984375 -0.077301025390625
-0.0222930908203125 0.106231689453125 0.329498291015625 -0.0477294921875
-0.0725173950195313 0.0814285278320313 0.280227661132813 0.0496978759765625
-0.10040283203125 0.00491333007812501 0.196945190429687 0.093353271484375
-0.0834197998046875 -0.0680313110351563 0.10455322265625 0.0959243774414063
0.0266647338867187 -0.132095336914063 0.109901428222656 0.0450897216796875
0.163543701171875 -0.112838745117188 0.325653076171875 0.00952148437499999
0.2183837890625 -0.03179931640625 0.46746826171875 0.26239013671875
-0.094146728515625 -0.176895141601562 0.321502685546875 -0.182952880859375
-0.192520141601562 -0.16326904296875 0.12017822265625 -0.19342041015625
-0.251632690429688 0.0213775634765625 -0.08099365234375 -0.0373382568359375
-0.159225463867187 0.182830810546875 -0.0261459350585938 0.139854431152344
-0.0213623046875 0.2012939453125 0.113204956054688 0.148361206054688
0.107467651367187 0.182220458984375 0.261825561523438 0.086578369140625
0.161972045898438 0.111846923828125 0.311370849609375 -0.0406494140625
0.125274658203125 0.10906982421875 0.30462646484375 -0.11151123046875
0.113670349121094 0.129165649414063 0.29949951171875 -0.087371826171875
0.0565948486328125 0.143890380859375 0.277877807617188 0.010467529296875
-0.0252609252929687 0.115432739257813 0.204345703125 0.0549163818359375
-0.0684890747070313 0.0729904174804688 0.135734558105469 0.0681991577148438
-0.0703201293945313 -0.00937652587890624 0.171768188476563 0.0272979736328125
-0.0262451171875 -0.0547981262207031 0.37841796875 0.01751708984375
-0.00360107421875 -0.0334300994873047 0.51800537109375 0.275421142578125
-0.29449462890625 -0.1727294921875 0.275726318359375 -0.219009399414063
-0.349212646484375 -0.092315673828125 0.0926055908203125 -0.20550537109375
-0.322723388671875 0.115814208984375 -0.0584030151367188 -0.0597648620605469
-0.165863037109375 0.28814697265625 -0.00741577148437502 0.082000732421875
0.025726318359375 0.2843017578125 0.0899276733398438 0.0719680786132813
0.2086181640625 0.226882934570313 0.20123291015625 0.0227203369140625
0.267990112304688 0.110580444335938 0.221588134765625 -0.071990966796875
0.226760864257813 0.108795166015625 0.21343994140625 -0.13043212890625
0.237136840820312 0.134658813476563 0.221969604492188 -0.115478515625
0.180618286132813 0.193710327148438 0.232376098632812 -0.0342864990234375
0.0519866943359375 0.223617553710938 0.183212280273438 6.10351562500137E-05
-0.0556182861328125 0.21734619140625 0.1563720703125 0.0224761962890625
-0.178558349609375 0.113571166992188 0.225830078125 0.00788879394531251
-0.227325439453125 -0.00157165527343751 0.391754150390625 0.036651611328125
-0.231307983398437 -0.0413360595703125 0.49688720703125 0.274322509765625
-0.451812744140625 -0.12811279296875 0.182861328125 -0.244430541992188
-0.451690673828125 0.0133666992187501 0.0444488525390625 -0.197158813476563
-0.334930419921875 0.214202880859375 -0.0368881225585938 -0.0725784301757812
-0.129730224609375 0.359283447265625 0.00846481323242187 0.0148849487304688
0.081634521484375 0.32281494140625 0.0512809753417969 -0.0110969543457031
0.281982421875 0.22955322265625 0.110847473144531 -0.04058837890625
0.333251953125 0.0889892578125 0.0999984741210938 -0.0896682739257813
0.293212890625 0.092864990234375 0.0884323120117188 -0.12823486328125
0.32513427734375 0.122467041015625 0.106643676757813 -0.127090454101563
0.276229858398438 0.2200927734375 0.14520263671875 -0.0799560546875
0.116607666015625 0.305084228515625 0.1309814453125 -0.066009521484375
-0.0416259765625 0.337066650390625 0.1580810546875 -0.03662109375
-0.272140502929688 0.218475341796875 0.25665283203125 -0.015960693359375
-0.400054931640625 0.042083740234375 0.353515625 0.057708740234375
-0.421661376953125 -0.0447387695312499 0.403167724609375 0.253387451171875
-0.549560546875 -0.0581970214843749 0.0570831298828125 -0.246780395507812
-0.492279052734375 0.129913330078125 -0.01580810546875 -0.162521362304688
-0.29736328125 0.296539306640625 -0.0182266235351563 -0.0754013061523437
-0.06304931640625 0.38739013671875 0.0127983093261719 -0.051116943359375
0.13836669921875 0.311370849609375 -0.00053405761718749 -0.0844039916992187
0.3211669921875 0.19122314453125 0.00561523437500002 -0.08892822265625
0.348907470703125 0.0504150390625 -0.0335769653320312 -0.0886611938476563
0.31561279296875 0.063323974609375 -0.0494613647460937 -0.105941772460938
0.359283447265625 0.09283447265625 -0.0306549072265625 -0.123023986816406
0.322113037109375 0.2105712890625 0.0290374755859375 -0.122093200683594
0.158050537109375 0.334320068359375 0.05328369140625 -0.134567260742187
-0.022674560546875 0.39599609375 0.135353088378906 -0.101905822753906
-0.3175048828125 0.277130126953125 0.253860473632813 -0.0428924560546875
-0.499298095703125 0.075439453125 0.26385498046875 0.0751495361328125
-0.538970947265625 -0.0398864746093749 0.253707885742187 0.213058471679688
-0.56988525390625 0.0115966796875 -0.088775634765625 -0.2266845703125
-0.47125244140625 0.2166748046875 -0.0808639526367188 -0.107254028320313
-0.226043701171875 0.337799072265625 -0.00711441040039064 -0.0680618286132812
0.010223388671875 0.365203857421875 0.00269317626953125 -0.1044921875
0.1778564453125 0.258056640625 -0.0608901977539062 -0.133132934570312
0.31591796875 0.127593994140625 -0.100608825683594 -0.112045288085937
0.31427001953125 0.00439453125 -0.160446166992187 -0.0676727294921875
0.287841796875 0.024810791015625 -0.179031372070312 -0.0677642822265625
0.33404541015625 0.0526123046875 -0.16326904296875 -0.104751586914063
0.30828857421875 0.16253662109375 -0.0915374755859375 -0.153350830078125
0.165557861328125 0.294708251953125 -0.02911376953125 -0.188796997070313
0.00204467773437501 0.368499755859375 0.09869384765625 -0.1552734375
-0.290557861328125 0.2799072265625 0.219436645507812 -0.0600128173828125
-0.4976806640625 0.096435546875 0.1419677734375 0.0900115966796875
-0.56378173828125 -0.01617431640625 0.0743865966796875 0.162750244140625
-0.509246826171875 0.061431884765625 -0.237136840820313 -0.195419311523438
-0.394744873046875 0.243988037109375 -0.148330688476563 -0.0490570068359375
-0.146453857421875 0.317596435546875 -0.0106048583984375 -0.0499343872070312
0.064361572265625 0.295074462890625 -0.0207901000976562 -0.133750915527344
0.184051513671875 0.178497314453125 -0.119140625 -0.150558471679688
0.265655517578125 0.0531005859375 -0.192184448242187 -0.10601806640625
0.236038208007813 -0.0386199951171875 -0.261077880859375 -0.03057861328125
0.21612548828125 -0.01654052734375 -0.280548095703125 -0.02099609375
0.249374389648438 0.0037841796875 -0.267852783203125 -0.0755157470703125
0.236648559570313 0.07958984375 -0.19000244140625 -0.1688232421875
0.143402099609375 0.1915283203125 -0.0942535400390625 -0.21734619140625
0.033203125 0.263092041015625 0.0624542236328125 -0.183639526367187
-0.192840576171875 0.227981567382813 0.168655395507813 -0.061370849609375
-0.392669677734375 0.113250732421875 0.0183486938476562 0.105941772460938
-0.491058349609375 0.0283813476562499 -0.0991134643554688 0.115882873535156
-0.37451171875 0.0860595703125 -0.368377685546875 -0.17340087890625
-0.273330688476562 0.213088989257813 -0.217193603515625 -0.0081329345703125
-0.07244873046875 0.242446899414062 -0.0337715148925781 -0.0271568298339844
0.087249755859375 0.191970825195313 -0.0542755126953125 -0.137596130371094
0.154876708984375 0.08599853515625 -0.166290283203125 -0.138870239257813
0.177963256835938 -0.016815185546875 -0.257492065429688 -0.0767364501953124
0.124565124511719 -0.0722274780273438 -0.323944091796875 0.0142211914062499
0.112594604492188 -0.0541534423828125 -0.3389892578125 0.0285949707031249
0.126731872558594 -0.0460128784179688 -0.3271484375 -0.039764404296875
0.131202697753906 -0.019805908203125 -0.245773315429688 -0.163925170898438
0.106201171875 0.05377197265625 -0.126251220703125 -0.217544555664063
0.0707626342773438 0.116920471191406 0.037353515625 -0.183334350585938
-0.0534820556640625 0.154327392578125 0.117691040039062 -0.0437774658203125
-0.222015380859375 0.13116455078125 -0.0780105590820313 0.123634338378906
-0.344482421875 0.08319091796875 -0.235992431640625 0.0855560302734375
0.111175537109375 -0.15911865234375 0.2762451171875 -0.157241821289063
-0.0286712646484375 -0.201950073242188 0.092529296875 -0.1719970703125
-0.149215698242188 -0.053192138671875 -0.108665466308594 -0.00335693359374999
-0.121429443359375 0.0689239501953125 -0.0425872802734375 0.182968139648438
-0.0544204711914062 0.09783935546875 0.119766235351563 0.2000732421875
0.00659942626953125 0.114669799804688 0.278640747070313 0.128677368164063
0.047760009765625 0.096343994140625 0.33953857421875 -0.00744628906249999
0.0207901000976563 0.0964431762695313 0.327056884765625 -0.080047607421875
-0.0047760009765625 0.114334106445313 0.31072998046875 -0.0543212890625
-0.0624542236328125 0.0963668823242187 0.267852783203125 0.0394744873046875
-0.104042053222656 0.02056884765625 0.193374633789063 0.081787109375
-0.0950775146484375 -0.0592880249023438 0.109764099121094 0.0899505615234375
0.0112228393554687 -0.140220642089844 0.115280151367188 0.0519180297851563
0.152816772460937 -0.13525390625 0.3094482421875 0.018310546875
0.216354370117188 -0.0561370849609375 0.442901611328125 0.2586669921875
-0.0926513671875 -0.187149047851562 0.2869873046875 -0.188690185546875
-0.202896118164062 -0.167816162109375 0.0960693359375 -0.192642211914063
-0.256851196289063 0.0276489257812499 -0.0864639282226563 -0.0339279174804688
-0.155960083007813 0.19140625 -0.02813720703125 0.1363525390625
-0.0159454345703125 0.206573486328125 0.105491638183594 0.140487670898437
0.11669921875 0.183609008789063 0.248031616210938 0.0791168212890625
0.170181274414063 0.1104736328125 0.289886474609375 -0.04339599609375
0.133544921875 0.109710693359375 0.278823852539063 -0.113525390625
0.123420715332031 0.132072448730469 0.274856567382813 -0.0941925048828125
0.059844970703125 0.1517333984375 0.262374877929688 -0.00347900390624999
-0.0311737060546875 0.122360229492188 0.199386596679688 0.03973388671875
-0.0787582397460938 0.0713043212890625 0.142013549804688 0.0571136474609375
-0.0762252807617188 -0.0243606567382812 0.17510986328125 0.0294342041015625
-0.024627685546875 -0.0770416259765625 0.3646240234375 0.019775390625
0.0070953369140625 -0.0532646179199219 0.497039794921875 0.2674560546875
-0.279266357421875 -0.176971435546875 0.244903564453125 -0.228958129882813
-0.345245361328125 -0.097381591796875 0.0698089599609375 -0.207061767578125
-0.320404052734375 0.11480712890625 -0.0671615600585938 -0.05841064453125
-0.16058349609375 0.28778076171875 -0.0125885009765625 0.0774993896484375
0.028472900390625 0.28228759765625 0.07879638671875 0.0649566650390625
0.208221435546875 0.22320556640625 0.182968139648438 0.0179290771484375
0.266189575195313 0.10565185546875 0.198944091796875 -0.072479248046875
0.22698974609375 0.10595703125 0.186935424804688 -0.130538940429688
0.237106323242187 0.132537841796875 0.196762084960938 -0.12176513671875
0.17742919921875 0.192535400390625 0.215835571289062 -0.050018310546875
0.0452423095703125 0.2205810546875 0.177627563476563 -0.0171356201171875
-0.060760498046875 0.207839965820313 0.161239624023438 0.00924682617187501
-0.175369262695312 0.0955963134765625 0.229202270507813 0.00473022460937501
-0.215072631835938 -0.0193328857421875 0.38140869140625 0.032806396484375
-0.2095947265625 -0.0525665283203125 0.484405517578125 0.259429931640625
-0.425811767578125 -0.1259765625 0.158920288085938 -0.257858276367188
-0.433807373046875 0.00732421874999994 0.0254669189453125 -0.2034912109375
-0.3275146484375 0.205535888671875 -0.0483016967773438 -0.0740737915039062
-0.124786376953125 0.34869384765625 -7.05718994140702E-05 0.0109653472900391
0.080078125 0.312164306640625 0.0384140014648438 -0.0156211853027344
0.274017333984375 0.220016479492188 0.0922088623046875 -0.0424270629882812
0.321563720703125 0.08282470703125 0.080352783203125 -0.0880508422851563
0.283935546875 0.08831787109375 0.06573486328125 -0.126556396484375
0.31549072265625 0.11639404296875 0.0835189819335938 -0.131057739257813
0.267684936523437 0.209304809570313 0.129295349121094 -0.0944442749023437
0.1119384765625 0.29412841796875 0.125411987304688 -0.0824432373046875
-0.0416259765625 0.320343017578125 0.160079956054687 -0.0514984130859375
-0.26055908203125 0.199127197265625 0.258331298828125 -0.0242156982421875
-0.380523681640625 0.0308837890625001 0.3489990234375 0.0499267578125
-0.391387939453125 -0.0496826171874999 0.399322509765625 0.237396240234375
-0.51531982421875 -0.0509033203125 0.0440521240234375 -0.263015747070313
-0.46337890625 0.1246337890625 -0.0284576416015625 -0.173736572265625
-0.28173828125 0.28033447265625 -0.0306930541992188 -0.0797119140625
-0.059051513671875 0.367462158203125 0.00369644165039062 -0.0534515380859375
0.1331787109375 0.29473876953125 -0.0128860473632812 -0.0858535766601562
0.3048095703125 0.1800537109375 -0.01068115234375 -0.0895843505859375
0.3289794921875 0.0447998046875 -0.0478439331054687 -0.0851516723632813
0.299560546875 0.056121826171875 -0.0646743774414062 -0.1024169921875
0.3424072265625 0.08319091796875 -0.0474166870117187 -0.124008178710937
0.30877685546875 0.1951904296875 0.0162506103515625 -0.132713317871094
0.154144287109375 0.316619873046875 0.0477294921875 -0.146774291992187
-0.01702880859375 0.37335205078125 0.135940551757813 -0.115188598632812
-0.299591064453125 0.26043701171875 0.253021240234375 -0.0550689697265625
-0.47503662109375 0.0726928710937501 0.264877319335937 0.0619964599609375
-0.5054931640625 -0.0329589843750001 0.258819580078125 0.197113037109375
-0.535400390625 0.024261474609375 -0.087860107421875 -0.244232177734375
-0.436279296875 0.2142333984375 -0.0845642089843751 -0.123222351074219
-0.205657958984375 0.319580078125 -0.018585205078125 -0.075164794921875
0.01788330078125 0.341094970703125 -0.00722503662109375 -0.105606079101562
0.169662475585938 0.237472534179688 -0.0694198608398437 -0.131515502929688
0.29547119140625 0.112457275390625 -0.11175537109375 -0.1094970703125
0.289581298828125 -0.001800537109375 -0.165023803710937 -0.0628204345703125
0.268157958984375 0.0183258056640625 -0.185317993164062 -0.0635528564453125
0.31256103515625 0.04156494140625 -0.172164916992188 -0.103485107421875
0.28997802734375 0.14202880859375 -0.0997161865234375 -0.159439086914063
0.161376953125 0.272201538085938 -0.0341796875 -0.19573974609375
0.01019287109375 0.34442138671875 0.096221923828125 -0.164642333984375
-0.268508911132813 0.265289306640625 0.217315673828125 -0.073211669921875
-0.467681884765625 0.10186767578125 0.1490478515625 0.0766448974609375
-0.526214599609375 -0.000244140625000114 0.0900726318359375 0.151138305664063
-0.479278564453125 0.0786437988281251 -0.222564697265625 -0.2120361328125
-0.36163330078125 0.24920654296875 -0.143951416015625 -0.067413330078125
-0.12554931640625 0.305755615234375 -0.0202178955078125 -0.059112548828125
0.073883056640625 0.272323608398438 -0.0290985107421875 -0.132125854492187
0.1776123046875 0.156021118164062 -0.122451782226562 -0.1455078125
0.2445068359375 0.0368194580078125 -0.194580078125 -0.102447509765625
0.209487915039063 -0.044708251953125 -0.256622314453125 -0.0251770019531249
0.195404052734375 -0.02349853515625 -0.275741577148437 -0.0147552490234375
0.22625732421875 -0.0066680908203125 -0.26690673828125 -0.0714874267578125
0.216964721679688 0.0613861083984375 -0.19219970703125 -0.1695556640625
0.137985229492188 0.16937255859375 -0.0964202880859375 -0.21905517578125
0.041015625 0.239166259765625 0.058746337890625 -0.1884765625
-0.1707763671875 0.215240478515625 0.165435791015625 -0.07232666015625
-0.36383056640625 0.12213134765625 0.0310516357421875 0.094696044921875
-0.456329345703125 0.048736572265625 -0.0745773315429688 0.111373901367188
-0.35626220703125 0.10467529296875 -0.345428466796875 -0.184051513671875
-0.247802734375 0.222946166992187 -0.20556640625 -0.0251464843749999
-0.0526123046875 0.239822387695313 -0.0412979125976563 -0.0360908508300781
0.0990753173828125 0.17584228515625 -0.0604629516601563 -0.132728576660156
0.15301513671875 0.0656280517578125 -0.165481567382812 -0.129562377929688
0.161056518554687 -0.0326995849609375 -0.250473022460938 -0.071044921875
0.102867126464844 -0.078369140625 -0.31024169921875 0.019775390625
0.0933456420898437 -0.0588760375976562 -0.324615478515625 0.034332275390625
0.106178283691406 -0.0526123046875 -0.3162841796875 -0.0361328125
0.111724853515625 -0.0335464477539063 -0.24200439453125 -0.160980224609375
0.09954833984375 0.0347442626953125 -0.1253662109375 -0.213775634765625
0.0763092041015625 0.096038818359375 0.0352935791015625 -0.184402465820313
-0.033447265625 0.143661499023438 0.116668701171875 -0.0520248413085937
-0.196395874023437 0.141799926757813 -0.0587844848632813 0.116912841796875
-0.316680908203125 0.10498046875 -0.203628540039063 0.0885009765625
0.101577758789063 -0.176498413085938 0.249130249023438 -0.153244018554688
-0.0527191162109375 -0.2073974609375 0.074615478515625 -0.16583251953125
-0.162704467773437 -0.041015625 -0.11376953125 0.00234985351562499
-0.122474670410156 0.0872039794921875 -0.045013427734375 0.185791015625
-0.0464630126953125 0.112129211425781 0.116775512695312 0.201309204101563
0.0228118896484375 0.121932983398438 0.275955200195313 0.131561279296875
0.0651321411132813 0.0970611572265625 0.332794189453125 -0.00421142578124999
0.0371017456054688 0.0985336303710938 0.31646728515625 -0.078094482421875
0.0135040283203125 0.120208740234375 0.299713134765625 -0.05609130859375
-0.0501022338867188 0.111091613769531 0.261489868164063 0.037200927734375
-0.107246398925781 0.0369033813476563 0.191970825195313 0.0756988525390625
-0.108230590820313 -0.0496749877929688 0.116462707519531 0.0849990844726563
-0.00450134277343748 -0.148162841796875 0.124900817871094 0.05938720703125
0.141738891601563 -0.15875244140625 0.307647705078125 0.0330810546875
0.21307373046875 -0.08056640625 0.43084716796875 0.27215576171875
-0.0945587158203125 -0.204483032226562 0.259017944335938 -0.190597534179687
-0.22174072265625 -0.175033569335938 0.0759124755859375 -0.189010620117188
-0.267837524414063 0.035430908203125 -0.0938491821289063 -0.0302810668945312
-0.156692504882812 0.203750610351563 -0.0328369140625 0.137001037597656
-0.011260986328125 0.217483520507813 0.097869873046875 0.140090942382813
0.128753662109375 0.189666748046875 0.238861083984375 0.0805816650390625
0.182479858398438 0.110992431640625 0.277587890625 -0.039276123046875
0.144882202148438 0.112579345703125 0.26226806640625 -0.110610961914063
0.136878967285156 0.138175964355469 0.259231567382813 -0.0953369140625
0.0655059814453125 0.163848876953125 0.250686645507813 -0.01055908203125
-0.0373916625976562 0.134819030761719 0.196945190429688 0.02783203125
-0.0918426513671875 0.07550048828125 0.147415161132813 0.0484161376953125
-0.0889968872070312 -0.0391998291015625 0.18505859375 0.032318115234375
-0.0282135009765625 -0.101577758789062 0.36346435546875 0.02825927734375
0.0133514404296875 -0.0772933959960938 0.487030029296875 0.27349853515625
-0.273468017578125 -0.193862915039062 0.218063354492188 -0.23638916015625
-0.354583740234375 -0.10736083984375 0.0489959716796875 -0.2078857421875
-0.3297119140625 0.1160888671875 -0.077850341796875 -0.0565719604492187
-0.1629638671875 0.293487548828125 -0.0204315185546875 0.077423095703125
0.030242919921875 0.289337158203125 0.0675239562988281 0.0644683837890625
0.21588134765625 0.227020263671875 0.170135498046875 0.019439697265625
0.271438598632813 0.107391357421875 0.182723999023438 -0.0678558349609375
0.23260498046875 0.108612060546875 0.166213989257813 -0.126571655273438
0.2427978515625 0.136856079101563 0.176712036132813 -0.12384033203125
0.179046630859375 0.199722290039063 0.202301025390625 -0.0605010986328125
0.037933349609375 0.227340698242188 0.173171997070313 -0.0313720703125
-0.0716094970703125 0.206146240234375 0.1676025390625 -0.00358581542968749
-0.183517456054687 0.0783843994140625 0.238800048828125 0.0020904541015625
-0.214279174804687 -0.0415496826171875 0.3837890625 0.0350341796875
-0.19610595703125 -0.0734710693359375 0.4796142578125 0.25994873046875
-0.41107177734375 -0.1405029296875 0.137741088867187 -0.271224975585937
-0.4339599609375 -0.00381469726562509 0.00540161132812496 -0.209671020507813
-0.333038330078125 0.19830322265625 -0.0612869262695313 -0.0746841430664062
-0.130035400390625 0.347991943359375 -0.00873470306396485 0.00964260101318361
0.075653076171875 0.313873291015625 0.0257415771484375 -0.0174236297607422
0.273239135742188 0.224990844726563 0.076751708984375 -0.04119873046875
0.31866455078125 0.085113525390625 0.0625991821289063 -0.0821914672851563
0.283966064453125 0.09033203125 0.04547119140625 -0.121986389160156
0.31561279296875 0.118316650390625 0.0625839233398438 -0.133758544921875
0.26251220703125 0.210800170898438 0.114112854003906 -0.106819152832031
0.10498046875 0.293731689453125 0.118423461914062 -0.0984039306640625
-0.050079345703125 0.313232421875 0.164413452148438 -0.0665283203125
-0.264801025390625 0.180618286132813 0.26690673828125 -0.0322113037109375
-0.374847412109375 0.0145263671874999 0.351837158203125 0.044921875
-0.374420166015625 -0.062957763671875 0.4010009765625 0.2320556640625
-0.49517822265625 -0.0581665039062501 0.0291748046875 -0.28363037109375
-0.45172119140625 0.110687255859375 -0.0450897216796875 -0.186447143554688
-0.2821044921875 0.267303466796875 -0.0451431274414063 -0.0830154418945312
-0.062835693359375 0.35888671875 -0.00748062133789063 -0.0556716918945312
0.12457275390625 0.2911376953125 -0.0249862670898437 -0.087982177734375
0.295013427734375 0.181060791015625 -0.0262908935546875 -0.0875015258789062
0.319061279296875 0.047119140625 -0.0624771118164062 -0.08099365234375
0.292083740234375 0.058319091796875 -0.08154296875 -0.0984268188476563
0.3336181640625 0.082550048828125 -0.0659713745117188 -0.124290466308594
0.300262451171875 0.190155029296875 0.00172424316406252 -0.144760131835938
0.147247314453125 0.309539794921875 0.040069580078125 -0.161834716796875
-0.0218505859375 0.3636474609375 0.136459350585938 -0.132537841796875
-0.29730224609375 0.245269775390625 0.258651733398437 -0.0661468505859375
-0.462554931640625 0.0626220703125001 0.269485473632812 0.0542449951171875
-0.483642578125 -0.040496826171875 0.266265869140625 0.187393188476563
-0.51251220703125 0.0247802734375 -0.093536376953125 -0.26910400390625
-0.417572021484375 0.206451416015625 -0.095123291015625 -0.141921997070313
-0.2015380859375 0.305694580078125 -0.032379150390625 -0.0817413330078125
0.015472412109375 0.326904296875 -0.0165786743164062 -0.107460021972656
0.159210205078125 0.227981567382813 -0.0788955688476562 -0.13421630859375
0.279449462890625 0.109893798828125 -0.123344421386719 -0.109413146972656
0.273529052734375 0.0003509521484375 -0.175018310546875 -0.060943603515625
0.25640869140625 0.0189056396484375 -0.195327758789062 -0.060028076171875
0.295867919921875 0.039794921875 -0.184219360351563 -0.103363037109375
0.275344848632813 0.135086059570313 -0.112457275390625 -0.169631958007813
0.155181884765625 0.260574340820313 -0.0415496826171875 -0.207809448242188
0.010040283203125 0.328948974609375 0.0947113037109375 -0.178466796875
-0.260162353515625 0.250839233398437 0.219161987304687 -0.0857696533203125
-0.45263671875 0.0989074707031249 0.155593872070312 0.0661773681640625
-0.5030517578125 0.00152587890625009 0.104522705078125 0.140182495117188
-0.460723876953125 0.087890625 -0.219802856445313 -0.237960815429687
-0.33966064453125 0.249420166015625 -0.147720336914063 -0.0897369384765625
-0.1136474609375 0.29473876953125 -0.0330543518066406 -0.0672683715820312
0.0779571533203125 0.255569458007813 -0.03717041015625 -0.132705688476562
0.170486450195313 0.141403198242188 -0.128067016601563 -0.145721435546875
0.226730346679687 0.0299224853515625 -0.201278686523437 -0.10162353515625
0.190170288085938 -0.0443878173828125 -0.259353637695313 -0.02496337890625
0.180435180664063 -0.0233154296875 -0.280120849609375 -0.0136718749999999
0.207290649414063 -0.0081787109375 -0.273117065429688 -0.07159423828125
0.199005126953125 0.0514373779296875 -0.200393676757813 -0.17657470703125
0.130874633789063 0.154052734375 -0.102569580078125 -0.226898193359375
0.0421600341796875 0.220993041992188 0.0574188232421875 -0.199462890625
-0.15802001953125 0.201934814453125 0.165176391601563 -0.083343505859375
-0.34356689453125 0.12615966796875 0.0417327880859375 0.0840606689453125
-0.43280029296875 0.0581359863281249 -0.0533218383789063 0.101860046386719
-0.345794677734375 0.122161865234375 -0.3348388671875 -0.208251953125
-0.228439331054688 0.233291625976562 -0.204971313476563 -0.047454833984375
-0.037261962890625 0.238250732421875 -0.0524520874023437 -0.0447006225585937
0.109298706054687 0.16156005859375 -0.0675888061523438 -0.131095886230469
0.150787353515625 0.0502166748046875 -0.165176391601562 -0.126785278320313
0.14581298828125 -0.04388427734375 -0.250045776367188 -0.069915771484375
0.0824508666992188 -0.079437255859375 -0.30615234375 0.0189208984375
0.0778274536132813 -0.060333251953125 -0.320526123046875 0.0336303710937501
0.0879974365234375 -0.0542831420898438 -0.314605712890625 -0.037017822265625
0.0917129516601563 -0.042205810546875 -0.24462890625 -0.165695190429687
0.0903549194335938 0.0191879272460938 -0.127212524414063 -0.218414306640625
0.0778656005859375 0.0768661499023437 0.0344696044921875 -0.19085693359375
-0.0190277099609375 0.131828308105469 0.116828918457031 -0.0602493286132812
-0.174240112304687 0.150177001953125 -0.0437240600585938 0.108909606933594
-0.2935791015625 0.1204833984375 -0.177810668945313 0.0827484130859375
0.0873565673828125 -0.197097778320313 0.227493286132812 -0.148040771484375
-0.082611083984375 -0.211135864257812 0.057373046875 -0.159622192382813
-0.176528930664063 -0.0252532958984375 -0.119636535644531 0.0112762451171875
-0.120445251464844 0.108779907226562 -0.0456390380859375 0.195343017578125
-0.036224365234375 0.127716064453125 0.119873046875 0.207717895507813
0.0444869995117187 0.12774658203125 0.283294677734375 0.133575439453125
0.0863113403320313 0.0939254760742188 0.3359375 -0.00338745117187499
0.0558853149414063 0.099395751953125 0.31475830078125 -0.078826904296875
0.0364456176757813 0.124580383300781 0.29620361328125 -0.0576171875
-0.0345687866210938 0.124900817871094 0.2598876953125 0.034942626953125
-0.107742309570312 0.0569915771484375 0.194564819335938 0.0689544677734375
-0.121559143066406 -0.0367965698242188 0.125411987304688 0.079071044921875
-0.0253143310546875 -0.155426025390625 0.140823364257812 0.0649261474609375
0.124862670898438 -0.183944702148438 0.318389892578125 0.046722412109375
0.208648681640625 -0.1077880859375 0.435455322265625 0.29168701171875
-0.106048583984375 -0.227294921875 0.234344482421875 -0.191207885742188
-0.249954223632813 -0.180511474609375 0.0563201904296875 -0.185516357421875
-0.28466796875 0.048370361328125 -0.103599548339844 -0.0243072509765625
-0.157028198242187 0.224639892578125 -0.0367889404296875 0.143585205078125
-0.00146484375000001 0.2337646484375 0.09490966796875 0.144622802734375
0.148117065429688 0.196624755859375 0.23809814453125 0.0839080810546875
0.201095581054688 0.10980224609375 0.273834228515625 -0.0348663330078125
0.162628173828125 0.1134033203125 0.252822875976563 -0.108139038085937
0.157516479492188 0.143707275390625 0.248092651367188 -0.0968780517578125
0.0787353515625 0.176727294921875 0.243927001953125 -0.017425537109375
-0.040252685546875 0.153121948242187 0.19525146484375 0.0159759521484375
-0.106437683105469 0.084686279296875 0.155166625976563 0.0364532470703125
-0.108932495117187 -0.0502548217773437 0.201416015625 0.031494140625
-0.0415115356445312 -0.129150390625 0.374053955078125 0.035125732421875
0.012481689453125 -0.106239318847656 0.495086669921875 0.28326416015625
-0.281219482421875 -0.214813232421875 0.192169189453125 -0.243331909179688
-0.37713623046875 -0.114715576171875 0.0261993408203125 -0.208892822265625
-0.3450927734375 0.123504638671875 -0.090545654296875 -0.0528335571289063
-0.16522216796875 0.310516357421875 -0.02789306640625 0.0812225341796875
0.03668212890625 0.3038330078125 0.0587081909179688 0.0674247741699219
0.230987548828125 0.233963012695312 0.16204833984375 0.0239410400390625
0.285980224609375 0.108184814453125 0.172698974609375 -0.06109619140625
0.246307373046875 0.111160278320312 0.151901245117188 -0.121749877929688
0.259078979492188 0.141799926757813 0.159759521484375 -0.123489379882813
0.187484741210938 0.209945678710937 0.188095092773438 -0.0702362060546875
0.03533935546875 0.241836547851563 0.168350219726562 -0.0479583740234375
-0.08514404296875 0.212890625 0.173629760742187 -0.0204925537109375
-0.2010498046875 0.0664520263671875 0.254074096679687 -0.00534057617187499
-0.224899291992188 -0.0659332275390625 0.3953857421875 0.035186767578125
-0.194076538085938 -0.099090576171875 0.4892578125 0.26220703125
-0.412994384765625 -0.1578369140625 0.111907958984375 -0.28692626953125
-0.446990966796875 -0.0141601562500001 -0.0189056396484375 -0.215469360351563
-0.34661865234375 0.19854736328125 -0.0768203735351563 -0.0738449096679688
-0.13421630859375 0.3572998046875 -0.0209808349609375 0.0118255615234375
0.07672119140625 0.32501220703125 0.0119476318359375 -0.0162830352783203
0.28125 0.2313232421875 0.0635643005371094 -0.0363616943359375
0.32708740234375 0.08905029296875 0.0485382080078125 -0.0747909545898438
0.292022705078125 0.09332275390625 0.0271377563476563 -0.115196228027344
0.3226318359375 0.12030029296875 0.0420303344726563 -0.132659912109375
0.268524169921875 0.2166748046875 0.0963363647460938 -0.117706298828125
0.102752685546875 0.302337646484375 0.109718322753906 -0.117164611816406
-0.058135986328125 0.317718505859375 0.167465209960937 -0.0877838134765625
-0.278030395507813 0.171463012695313 0.27899169921875 -0.0457916259765625
-0.38104248046875 -0.00357055664062506 0.36468505859375 0.038970947265625
-0.369384765625 -0.0814514160156249 0.414459228515625 0.2259521484375
-0.489990234375 -0.068328857421875 0.00689697265624999 -0.30731201171875
-0.455352783203125 0.102874755859375 -0.068267822265625 -0.1995849609375
-0.2908935546875 0.2635498046875 -0.0619277954101563 -0.08587646484375
-0.068115234375 0.360382080078125 -0.0198593139648438 -0.0562744140625
0.120269775390625 0.29541015625 -0.0400924682617187 -0.0885467529296875
0.29473876953125 0.1865234375 -0.0421066284179687 -0.0840911865234375
0.317779541015625 0.051971435546875 -0.0789871215820312 -0.0737762451171875
0.2933349609375 0.061737060546875 -0.100143432617187 -0.0911407470703125
0.333648681640625 0.08502197265625 -0.0870437622070312 -0.123008728027344
0.298004150390625 0.19140625 -0.01898193359375 -0.155838012695313
0.145111083984375 0.312774658203125 0.027587890625 -0.179443359375
-0.0263671875 0.362213134765625 0.134765625 -0.15289306640625
-0.304595947265625 0.236846923828125 0.266387939453125 -0.0841217041015625
-0.465545654296875 0.0537109375 0.279617309570312 0.0419769287109375
-0.476287841796875 -0.047760009765625 0.280792236328125 0.177322387695313
-0.502593994140625 0.0244750976562499 -0.11077880859375 -0.2978515625
-0.40911865234375 0.201263427734375 -0.115692138671875 -0.161224365234375
-0.20074462890625 0.297607421875 -0.0507278442382813 -0.0866622924804688
0.012786865234375 0.318267822265625 -0.028900146484375 -0.109611511230469
0.15283203125 0.225494384765625 -0.092803955078125 -0.134971618652344
0.271377563476563 0.11163330078125 -0.13983154296875 -0.107109069824219
0.264724731445313 0.0054779052734375 -0.188934326171875 -0.0552520751953125
0.249954223632813 0.0218505859375 -0.212265014648437 -0.0536651611328125
0.288787841796875 0.041748046875 -0.204025268554687 -0.101150512695313
0.2679443359375 0.13262939453125 -0.131988525390625 -0.177978515625
0.150848388671875 0.255386352539062 -0.0554962158203125 -0.222564697265625
0.00875854492187497 0.321868896484375 0.090728759765625 -0.198471069335937
-0.259765625 0.242431640625 0.221817016601562 -0.103912353515625
-0.446868896484375 0.0992126464843749 0.164474487304688 0.052642822265625
-0.490753173828125 0.00164794921874995 0.120170593261719 0.127372741699219
-0.449310302734375 0.098724365234375 -0.230819702148437 -0.269638061523438
-0.323455810546875 0.252716064453125 -0.163406372070313 -0.11260986328125
-0.103179931640625 0.289581298828125 -0.0509796142578125 -0.0736236572265625
0.0808563232421875 0.242523193359375 -0.0489425659179688 -0.135002136230469
0.163970947265625 0.13116455078125 -0.138092041015625 -0.146835327148438
0.213409423828125 0.025726318359375 -0.21343994140625 -0.100997924804687
0.175628662109375 -0.0401763916015625 -0.268844604492187 -0.021026611328125
0.16888427734375 -0.0200653076171875 -0.2911376953125 -0.00805664062500003
0.194168090820313 -0.006439208984375 -0.287994384765625 -0.069091796875
0.184127807617188 0.0477752685546875 -0.2176513671875 -0.183425903320313
0.122772216796875 0.143447875976563 -0.1146240234375 -0.23785400390625
0.04193115234375 0.206695556640625 0.051849365234375 -0.214950561523438
-0.1500244140625 0.19207763671875 0.165878295898438 -0.0993194580078125
-0.328948974609375 0.129547119140625 0.0501785278320312 0.0715866088867188
-0.41424560546875 0.0667724609375 -0.0351104736328125 0.0901947021484375
-0.33660888671875 0.142730712890625 -0.342193603515625 -0.23663330078125
-0.21014404296875 0.245254516601563 -0.216705322265625 -0.0697174072265624
-0.02020263671875 0.238723754882813 -0.0694198608398438 -0.0506248474121094
0.119842529296875 0.147506713867188 -0.0769805908203125 -0.130455017089844
0.146728515625 0.03436279296875 -0.170852661132813 -0.125411987304687
0.130592346191406 -0.0529632568359375 -0.25653076171875 -0.06964111328125
0.063140869140625 -0.0779495239257813 -0.308807373046875 0.0204772949218749
0.0628280639648438 -0.0576324462890625 -0.32562255859375 0.03619384765625
0.0691909790039062 -0.0534858703613281 -0.32440185546875 -0.0360412597656251
0.071807861328125 -0.0477294921875 -0.256805419921875 -0.171676635742188
0.0787124633789063 0.00439453125 -0.135787963867187 -0.2271728515625
0.0771102905273438 0.0587844848632812 0.0308685302734375 -0.2017822265625
-0.00585937499999999 0.119873046875 0.1180419921875 -0.0720901489257813
-0.15142822265625 0.1558837890625 -0.0325241088867188 0.0985031127929688
-0.272613525390625 0.137420654296875 -0.155914306640625 0.0749359130859375
0.061614990234375 -0.218048095703125 0.205307006835938 -0.141494750976563
-0.119476318359375 -0.20611572265625 0.041351318359375 -0.149063110351563
-0.1890869140625 -0.00141906738281249 -0.123817443847656 0.0234603881835938
-0.110748291015625 0.133834838867188 -0.0384368896484375 0.207870483398438
-0.0166473388671875 0.142333984375 0.130203247070312 0.213714599609375
0.071502685546875 0.127067565917969 0.298553466796875 0.13018798828125
0.109992980957031 0.084442138671875 0.345733642578125 -0.010284423828125
0.077117919921875 0.0933837890625 0.315887451171875 -0.085662841796875
0.064178466796875 0.122001647949219 0.295135498046875 -0.06353759765625
-0.012237548828125 0.136947631835938 0.26214599609375 0.027069091796875
-0.101371765136719 0.0808639526367188 0.198318481445313 0.0597991943359375
-0.133155822753906 -0.0163040161132812 0.135658264160156 0.0693283081054688
-0.0528564453125 -0.15728759765625 0.16070556640625 0.0628509521484375
0.0960693359375 -0.2083740234375 0.33837890625 0.05029296875
0.195999145507813 -0.1400146484375 0.457305908203125 0.304473876953125
-0.132232666015625 -0.246139526367188 0.207916259765625 -0.190170288085938
-0.28631591796875 -0.173797607421875 0.03533935546875 -0.1793212890625
-0.29913330078125 0.0747375488281251 -0.112678527832031 -0.0144424438476563
-0.14715576171875 0.251678466796875 -0.03558349609375 0.154891967773438
0.0175933837890625 0.250320434570312 0.097015380859375 0.1495361328125
0.178146362304688 0.19659423828125 0.245391845703125 0.084136962890625
0.224029541015625 0.0987396240234375 0.275375366210938 -0.0354461669921875
0.185348510742188 0.108612060546875 0.24560546875 -0.10845947265625
0.184890747070313 0.1402587890625 0.238357543945313 -0.099761962890625
0.100357055664062 0.187973022460938 0.235641479492188 -0.0263671875
-0.0348663330078125 0.175384521484375 0.1915283203125 0.00106811523437501
-0.118354797363281 0.102218627929687 0.16143798828125 0.02093505859375
-0.135543823242187 -0.0538330078125 0.219970703125 0.022247314453125
-0.0681304931640625 -0.152801513671875 0.392974853515625 0.02984619140625
0.00128936767578124 -0.136329650878906 0.516876220703125 0.2833251953125
-0.30389404296875 -0.231353759765625 0.1588134765625 -0.248184204101563
-0.408599853515625 -0.10931396484375 -0.00132751464843752 -0.204727172851563
-0.360107421875 0.146453857421875 -0.104156494140625 -0.04449462890625
-0.15740966796875 0.33526611328125 -0.03216552734375 0.08837890625
0.052703857421875 0.32012939453125 0.0515899658203125 0.073974609375
0.255706787109375 0.23468017578125 0.158370971679688 0.027374267578125
0.305999755859375 0.099029541015625 0.166900634765625 -0.0542144775390625
0.267364501953125 0.105438232421875 0.13677978515625 -0.115959167480469
0.2822265625 0.138763427734375 0.141204833984375 -0.121871948242188
0.207687377929687 0.217575073242187 0.171539306640625 -0.080596923828125
0.042694091796875 0.261184692382813 0.159072875976562 -0.06744384765625
-0.0932464599609375 0.229385375976563 0.175262451171875 -0.04339599609375
-0.222869873046875 0.063079833984375 0.271133422851562 -0.024566650390625
-0.247177124023438 -0.0814971923828125 0.414337158203125 0.02154541015625
-0.203887939453125 -0.122451782226562 0.51171875 0.25421142578125
-0.42718505859375 -0.167449951171875 0.0753173828125 -0.300262451171875
-0.468719482421875 -0.00976562500000002 -0.0510101318359375 -0.215621948242188
-0.360809326171875 0.2137451171875 -0.0951309204101563 -0.0666732788085937
-0.1302490234375 0.37457275390625 -0.03131103515625 0.018545150756836
0.089630126953125 0.33843994140625 0.000174522399902349 -0.00951957702636717
0.3001708984375 0.232421875 0.0538597106933594 -0.0291099548339844
0.34124755859375 0.083160400390625 0.0348129272460938 -0.0638465881347656
0.306640625 0.089447021484375 0.00872802734375002 -0.10235595703125
0.33984375 0.117584228515625 0.0185775756835938 -0.126480102539063
0.282135009765625 0.2198486328125 0.072174072265625 -0.127632141113281
0.109405517578125 0.31512451171875 0.0936355590820312 -0.135345458984375
-0.060699462890625 0.329132080078125 0.164077758789062 -0.113693237304687
-0.295379638671875 0.171630859375 0.290283203125 -0.070892333984375
-0.398773193359375 -0.010284423828125 0.37890625 0.018585205078125
-0.37640380859375 -0.0957336425781249 0.433990478515625 0.210205078125
-0.49420166015625 -0.0715942382812499 -0.030242919921875 -0.32635498046875
-0.463134765625 0.1051025390625 -0.101165771484375 -0.204498291015625
-0.29931640625 0.270050048828125 -0.0836410522460938 -0.0812759399414063
-0.06787109375 0.368896484375 -0.0352630615234375 -0.0522308349609375
0.124603271484375 0.30224609375 -0.0567245483398437 -0.0835723876953125
0.3052978515625 0.187713623046875 -0.059326171875 -0.0748672485351562
0.323272705078125 0.049835205078125 -0.0946884155273437 -0.060089111328125
0.300506591796875 0.059661865234375 -0.120010375976562 -0.0753555297851563
0.341796875 0.081878662109375 -0.112190246582031 -0.1142578125
0.3055419921875 0.189453125 -0.04656982421875 -0.160675048828125
0.150726318359375 0.31793212890625 0.00511169433593751 -0.196121215820312
-0.02294921875 0.367584228515625 0.123886108398438 -0.1781005859375
-0.312255859375 0.239654541015625 0.270065307617188 -0.112564086914062
-0.474029541015625 0.0573425292968751 0.291107177734375 0.021636962890625
-0.477325439453125 -0.051361083984375 0.299560546875 0.157989501953125
-0.497772216796875 0.0296630859375 -0.145660400390625 -0.321624755859375
-0.402435302734375 0.204742431640625 -0.147613525390625 -0.172927856445312
-0.19921875 0.29754638671875 -0.07415771484375 -0.0858840942382812
0.013397216796875 0.316162109375 -0.0448989868164062 -0.108367919921875
0.15185546875 0.224884033203125 -0.11175537109375 -0.133560180664063
0.271286010742188 0.112030029296875 -0.15826416015625 -0.0980987548828125
0.261032104492188 0.008331298828125 -0.205963134765625 -0.04180908203125
0.25 0.0231170654296875 -0.22998046875 -0.0370941162109375
0.28704833984375 0.04168701171875 -0.227554321289062 -0.089202880859375
0.264739990234375 0.129257202148438 -0.160934448242187 -0.178848266601562
0.151641845703125 0.253646850585938 -0.080230712890625 -0.234710693359375
0.01068115234375 0.31903076171875 0.0763092041015625 -0.220993041992188
-0.259796142578125 0.243240356445313 0.219894409179687 -0.130279541015625
-0.4443359375 0.1048583984375 0.171371459960937 0.0337677001953125
-0.483795166015625 0.00775146484375005 0.136802673339844 0.108375549316406
-0.43841552734375 0.116424560546875 -0.260101318359375 -0.295440673828125
-0.304107666015625 0.26055908203125 -0.191986083984375 -0.128250122070312
-0.0904541015625 0.285369873046875 -0.0729522705078125 -0.0742950439453125
0.086151123046875 0.229339599609375 -0.0637054443359375 -0.133964538574219
0.157821655273438 0.121002197265625 -0.153335571289063 -0.14263916015625
0.202056884765625 0.022857666015625 -0.23016357421875 -0.0935211181640626
0.16326904296875 -0.0348968505859375 -0.283050537109375 -0.00927734374999998
0.160507202148438 -0.0172271728515625 -0.304656982421875 0.00735473632812502
0.18365478515625 -0.003662109375 -0.30718994140625 -0.0576171875
0.171218872070313 0.04559326171875 -0.244171142578125 -0.182373046875
0.115211486816406 0.134712219238281 -0.137191772460937 -0.245193481445313
0.0409393310546875 0.195053100585937 0.0374603271484375 -0.231826782226563
-0.142929077148437 0.18426513671875 0.162277221679688 -0.120361328125
-0.312957763671875 0.136138916015625 0.0571365356445312 0.0559234619140625
-0.39837646484375 0.0779724121093751 -0.0185928344726563 0.0742034912109375
-0.32269287109375 0.16998291015625 -0.365264892578125 -0.257659912109375
-0.183944702148438 0.258056640625 -0.240951538085938 -0.084503173828125
0.00196838378906247 0.235855102539062 -0.0898971557617188 -0.0500411987304687
0.129020690917969 0.128265380859375 -0.09075927734375 -0.128318786621094
0.140594482421875 0.0159454345703125 -0.181167602539063 -0.119400024414063
0.112533569335938 -0.0604248046875 -0.267166137695313 -0.0628204345703125
0.043853759765625 -0.0717315673828125 -0.31610107421875 0.030029296875
0.0485763549804687 -0.0526771545410156 -0.333831787109375 0.0476684570312501
0.0534286499023438 -0.0470657348632813 -0.337493896484375 -0.027496337890625
0.0490188598632813 -0.0479927062988281 -0.27825927734375 -0.171096801757813
0.0630111694335938 -0.0076904296875 -0.1552734375 -0.233062744140625
0.0721511840820313 0.0387725830078125 0.0200042724609375 -0.216033935546875
0.00632476806640624 0.104690551757813 0.114753723144531 -0.0870742797851562
-0.124847412109375 0.158798217773438 -0.0224380493164063 0.0861282348632813
-0.246978759765625 0.152923583984375 -0.136947631835938 0.0632171630859375
0.0271453857421875 -0.229110717773438 0.181640625 -0.129745483398438
-0.154891967773438 -0.182113647460938 0.0247802734375 -0.134361267089844
-0.193084716796875 0.0278472900390625 -0.121452331542969 0.0426025390625
-0.0890960693359375 0.156143188476562 -0.023712158203125 0.217086791992188
0.00961303710937501 0.148941040039063 0.144332885742188 0.2103271484375
0.097900390625 0.115386962890625 0.3114013671875 0.11602783203125
0.128715515136719 0.0661163330078125 0.347625732421875 -0.025970458984375
0.0988693237304688 0.078582763671875 0.310302734375 -0.097869873046875
0.0885162353515625 0.108207702636719 0.2900390625 -0.073577880859375
0.0157470703125 0.140792846679688 0.260101318359375 0.0153045654296875
-0.0842437744140625 0.101829528808594 0.197906494140625 0.04571533203125
-0.1356201171875 0.00823974609375 0.141891479492187 0.05316162109375
-0.08203125 -0.147140502929688 0.180328369140625 0.0517730712890625
0.0574951171875 -0.219635009765625 0.355316162109375 0.0408935546875
0.170028686523437 -0.167709350585937 0.481201171875 0.29937744140625
-0.165451049804688 -0.2525634765625 0.176742553710938 -0.178665161132813
-0.31890869140625 -0.14947509765625 0.01226806640625 -0.162445068359375
-0.302337646484375 0.105133056640625 -0.115852355957031 0.00467681884765628
-0.124786376953125 0.275802612304688 -0.02880859375 0.163436889648438
0.0467071533203125 0.257247924804688 0.101348876953125 0.151657104492188
0.209121704101562 0.181365966796875 0.249862670898438 0.075469970703125
0.24298095703125 0.0772552490234375 0.27490234375 -0.040863037109375
0.205062866210938 0.0894012451171875 0.236648559570313 -0.109725952148438
0.209335327148438 0.1251220703125 0.225692749023438 -0.102676391601562
0.126388549804688 0.188262939453125 0.221908569335937 -0.03533935546875
-0.018890380859375 0.193649291992188 0.180877685546875 -0.0157318115234375
-0.121070861816406 0.124168395996094 0.1611328125 -0.00227355957031249
-0.163406372070313 -0.046173095703125 0.233551025390625 0.000900268554687497
-0.104141235351562 -0.164947509765625 0.403717041015625 0.012969970703125
-0.0198822021484375 -0.159622192382812 0.5367431640625 0.269073486328125
-0.33197021484375 -0.235443115234375 0.121246337890625 -0.244003295898438
-0.43701171875 -0.082733154296875 -0.029449462890625 -0.189300537109375
-0.363983154296875 0.176025390625 -0.114326477050781 -0.0257339477539062
-0.1357421875 0.354522705078125 -0.031585693359375 0.100669860839844
0.080230712890625 0.326446533203125 0.0479583740234375 0.0780029296875
0.287384033203125 0.219696044921875 0.156448364257813 0.0290374755859375
0.32635498046875 0.079071044921875 0.159835815429688 -0.047149658203125
0.283935546875 0.08807373046875 0.12457275390625 -0.107772827148438
0.3040771484375 0.121673583984375 0.120857238769531 -0.118896484375
0.232864379882813 0.211959838867188 0.151199340820313 -0.0860748291015625
0.057769775390625 0.274246215820313 0.139144897460938 -0.0841064453125
-0.0919189453125 0.245468139648438 0.1683349609375 -0.066741943359375
-0.24627685546875 0.0734710693359374 0.2767333984375 -0.0500640869140625
-0.273590087890625 -0.088226318359375 0.42364501953125 -0.00347900390625001
-0.222763061523438 -0.136581420898438 0.52801513671875 0.228363037109375
-0.444366455078125 -0.16558837890625 0.031463623046875 -0.298614501953125
-0.4859619140625 0.00750732421875002 -0.0858001708984375 -0.202285766601563
-0.362762451171875 0.23687744140625 -0.111717224121094 -0.0498886108398437
-0.116241455078125 0.3924560546875 -0.0383796691894531 0.0300865173339844
0.10675048828125 0.345184326171875 -0.0121059417724609 -0.00401687622070311
0.32110595703125 0.220733642578125 0.0425491333007813 -0.0202980041503906
0.352294921875 0.0677490234375 0.0240707397460938 -0.0499038696289062
0.318939208984375 0.073883056640625 -0.00488281249999998 -0.0836257934570313
0.352447509765625 0.1024169921875 -0.00257873535156247 -0.112991333007813
0.296783447265625 0.211151123046875 0.0445556640625 -0.123565673828125
0.126434326171875 0.32147216796875 0.0700225830078125 -0.1497802734375
-0.05560302734375 0.34234619140625 0.149703979492188 -0.140670776367187
-0.303924560546875 0.179840087890625 0.28900146484375 -0.104949951171875
-0.41607666015625 -0.00555419921874997 0.3863525390625 -0.0126953125
-0.385498046875 -0.097198486328125 0.44635009765625 0.178863525390625
-0.499359130859375 -0.0686950683593749 -0.075439453125 -0.329193115234375
-0.46795654296875 0.11505126953125 -0.138931274414062 -0.19647216796875
-0.3006591796875 0.27978515625 -0.104118347167969 -0.0664291381835938
-0.059478759765625 0.377471923828125 -0.0477561950683594 -0.043731689453125
0.135894775390625 0.305572509765625 -0.0736465454101563 -0.0724258422851562
0.3165283203125 0.18096923828125 -0.0732345581054688 -0.0624542236328125
0.33013916015625 0.044677734375 -0.10565185546875 -0.039581298828125
0.306884765625 0.053375244140625 -0.132072448730469 -0.0524139404296875
0.349212646484375 0.072174072265625 -0.132453918457031 -0.0941314697265625
0.316436767578125 0.181854248046875 -0.0770263671875 -0.154998779296875
0.160308837890625 0.313629150390625 -0.02435302734375 -0.204498291015625
-0.018310546875 0.37158203125 0.103988647460937 -0.20086669921875
-0.314117431640625 0.244293212890625 0.261795043945312 -0.14385986328125
-0.47802734375 0.0661315917968749 0.291229248046875 -0.008087158203125
-0.47833251953125 -0.0476989746093751 0.31011962890625 0.1297607421875
-0.48980712890625 0.042144775390625 -0.188690185546875 -0.32965087890625
-0.389556884765625 0.2110595703125 -0.186614990234375 -0.169403076171875
-0.193023681640625 0.297027587890625 -0.0971908569335938 -0.0754852294921875
0.017578125 0.3111572265625 -0.0603179931640625 -0.0991363525390625
0.151321411132813 0.221023559570313 -0.128974914550781 -0.120475769042969
0.268844604492188 0.10595703125 -0.1739501953125 -0.0811309814453125
0.259521484375 0.00823974609375 -0.217361450195312 -0.017333984375
0.24859619140625 0.0191650390625 -0.241043090820312 -0.00981140136718751
0.284942626953125 0.037628173828125 -0.245559692382813 -0.0658416748046875
0.26165771484375 0.125106811523438 -0.192672729492188 -0.165969848632813
0.152572631835938 0.245376586914063 -0.110931396484375 -0.236236572265625
0.014801025390625 0.313323974609375 0.0504302978515625 -0.23876953125
-0.253128051757813 0.240875244140625 0.20574951171875 -0.157470703125
-0.43280029296875 0.1143798828125 0.171722412109375 0.00862121582031251
-0.4691162109375 0.0195312499999999 0.146942138671875 0.080230712890625
-0.41522216796875 0.1336669921875 -0.300201416015625 -0.30230712890625
-0.277786254882812 0.264358520507813 -0.225311279296875 -0.12847900390625
-0.075653076171875 0.274566650390625 -0.0965957641601563 -0.0647659301757812
0.087677001953125 0.214126586914063 -0.0814361572265625 -0.127616882324219
0.150405883789063 0.112380981445312 -0.169784545898438 -0.132217407226563
0.189132690429687 0.020965576171875 -0.2445068359375 -0.076446533203125
0.15313720703125 -0.0283660888671875 -0.290313720703125 0.0110778808593749
0.153427124023438 -0.0152435302734375 -0.312713623046875 0.030670166015625
0.171585083007812 0.00140380859375 -0.320159912109375 -0.03509521484375
0.156784057617188 0.0465850830078125 -0.272018432617188 -0.167449951171875
0.104698181152344 0.125457763671875 -0.165390014648437 -0.241836547851563
0.037506103515625 0.183425903320313 0.01275634765625 -0.24493408203125
-0.13299560546875 0.175125122070312 0.14739990234375 -0.142120361328125
-0.292755126953125 0.140411376953125 0.0589866638183594 0.0371627807617188
-0.374481201171875 0.088592529296875 -0.00758361816406252 0.0507926940917969
-0.294830322265625 0.190093994140625 -0.3958740234375 -0.2647705078125
-0.1478271484375 0.261474609375 -0.26934814453125 -0.085540771484375
0.0254058837890625 0.224395751953125 -0.109100341796875 -0.040618896484375
0.131874084472656 0.106132507324219 -0.103553771972656 -0.117691040039063
0.126846313476563 -0.00215911865234375 -0.191726684570312 -0.107620239257813
0.0899581909179688 -0.0624771118164063 -0.276626586914063 -0.0482330322265625
0.029052734375 -0.0613250732421875 -0.31976318359375 0.046234130859375
0.0359878540039063 -0.043060302734375 -0.335113525390625 0.06964111328125
0.0370750427246094 -0.0360145568847656 -0.346893310546875 -0.00946044921874996
0.02642822265625 -0.0413665771484375 -0.2991943359375 -0.1563720703125
0.0421714782714844 -0.0166130065917969 -0.175704956054688 -0.229293823242187
0.0585517883300781 0.0208053588867188 0.0028076171875 -0.22406005859375
0.0154495239257813 0.0832061767578125 0.106071472167969 -0.102577209472656
-0.09661865234375 0.152923583984375 -0.0163726806640625 0.0708770751953125
-0.214004516601563 0.160049438476563 -0.118515014648438 0.0445404052734375
-0.00798034667968749 -0.222808837890625 0.16552734375 -0.108489990234375
-0.1767578125 -0.153091430664063 0.0164108276367187 -0.113815307617188
-0.183135986328125 0.05755615234375 -0.11480712890625 0.0544281005859375
-0.062957763671875 0.1658935546875 -0.00602722167968753 0.217758178710938
0.03369140625 0.144500732421875 0.156036376953125 0.201324462890625
0.117111206054687 0.0929718017578125 0.314910888671875 0.097625732421875
0.136329650878906 0.0408706665039063 0.34552001953125 -0.040069580078125
0.108131408691406 0.0597152709960938 0.3009033203125 -0.104888916015625
0.107284545898437 0.0864105224609375 0.279815673828125 -0.07989501953125
0.0407333374023438 0.13006591796875 0.252044677734375 0.00950622558593751
-0.0628280639648438 0.114303588867188 0.190338134765625 0.032257080078125
-0.129440307617188 0.0308837890625 0.139724731445313 0.038330078125
-0.104278564453125 -0.125633239746094 0.191146850585938 0.0341644287109375
0.019256591796875 -0.218994140625 0.36627197265625 0.02569580078125
0.1353759765625 -0.181564331054688 0.49664306640625 0.283660888671875
-0.198562622070313 -0.24468994140625 0.149505615234375 -0.160537719726563
-0.33856201171875 -0.114715576171875 -0.00163269042968751 -0.140396118164062
-0.29132080078125 0.136016845703125 -0.114814758300781 0.0191574096679688
-0.09368896484375 0.283660888671875 -0.01910400390625 0.166427612304688
0.0750274658203125 0.250350952148438 0.106033325195313 0.149154663085938
0.227645874023438 0.155731201171875 0.250152587890625 0.0678253173828125
0.251174926757813 0.0531768798828125 0.269546508789062 -0.0438232421875
0.215621948242188 0.0693817138671875 0.225830078125 -0.107437133789063
0.227142333984375 0.10211181640625 0.21014404296875 -0.098052978515625
0.151321411132813 0.176864624023438 0.20855712890625 -0.03656005859375
0.00282287597656248 0.204605102539063 0.166549682617188 -0.02398681640625
-0.113922119140625 0.143890380859375 0.151885986328125 -0.01861572265625
-0.183395385742188 -0.0316619873046875 0.235275268554688 -0.0196685791015625
-0.137130737304687 -0.162246704101563 0.409515380859375 -0.00668334960937501
-0.0489349365234375 -0.174575805664063 0.541351318359375 0.245330810546875
-0.353729248046875 -0.224700927734375 0.0862274169921875 -0.221694946289063
-0.4490966796875 -0.0537109374999999 -0.0483245849609375 -0.163406372070313
-0.35357666015625 0.200836181640625 -0.116950988769531 -0.0101699829101562
-0.109375 0.364501953125 -0.029266357421875 0.107856750488281
0.106353759765625 0.31976318359375 0.04669189453125 0.0841751098632813
0.302032470703125 0.19293212890625 0.153533935546875 0.0299224853515625
0.32861328125 0.056549072265625 0.154739379882813 -0.0415802001953125
0.290740966796875 0.06884765625 0.114128112792969 -0.0943832397460938
0.315643310546875 0.09906005859375 0.107109069824219 -0.103836059570313
0.248458862304688 0.200057983398438 0.1287841796875 -0.080657958984375
0.07586669921875 0.277389526367188 0.117088317871094 -0.0892791748046875
-0.0845794677734375 0.2587890625 0.149765014648438 -0.086517333984375
-0.256988525390625 0.0841369628906251 0.27203369140625 -0.0774993896484375
-0.298675537109375 -0.0836181640625 0.4193115234375 -0.029632568359375
-0.238388061523438 -0.1456298828125 0.528167724609375 0.200408935546875
-0.455810546875 -0.15911865234375 -0.00827026367187505 -0.276641845703125
-0.49066162109375 0.0299072265625 -0.108627319335937 -0.176437377929688
-0.356719970703125 0.254730224609375 -0.118881225585938 -0.031494140625
-0.09490966796875 0.398834228515625 -0.0407295227050781 0.0393486022949219
0.127532958984375 0.33935546875 -0.02032470703125 0.0103759765625
0.335784912109375 0.201019287109375 0.0364036560058594 -0.00939559936523436
0.35528564453125 0.05133056640625 0.0222511291503906 -0.0320358276367188
0.3232421875 0.059478759765625 -0.0132560729980468 -0.0648422241210938
0.36077880859375 0.08587646484375 -0.0169906616210937 -0.0925521850585937
0.3096923828125 0.198333740234375 0.0212173461914063 -0.113975524902344
0.136688232421875 0.31878662109375 0.0409088134765625 -0.149566650390625
-0.045257568359375 0.34539794921875 0.12359619140625 -0.154464721679687
-0.3094482421875 0.190460205078125 0.274093627929688 -0.131484985351563
-0.426513671875 0.000671386718750024 0.37493896484375 -0.0382080078125
-0.390289306640625 -0.102783203125 0.444610595703125 0.146514892578125
-0.495452880859375 -0.0619812011718749 -0.11834716796875 -0.3111572265625
-0.46142578125 0.12646484375 -0.167678833007812 -0.17181396484375
-0.295745849609375 0.286956787109375 -0.11688232421875 -0.0485458374023438
-0.048858642578125 0.376861572265625 -0.0563430786132812 -0.0299224853515625
0.143798828125 0.3021240234375 -0.0848617553710937 -0.0560226440429687
0.3201904296875 0.166900634765625 -0.0802536010742187 -0.043060302734375
0.33013916015625 0.034423828125 -0.109390258789062 -0.0168838500976562
0.307769775390625 0.0433349609375 -0.138534545898438 -0.027679443359375
0.34747314453125 0.061676025390625 -0.14495849609375 -0.0695953369140625
0.31427001953125 0.173065185546875 -0.100563049316406 -0.136192321777344
0.166778564453125 0.308563232421875 -0.053497314453125 -0.198318481445313
-0.00851440429687503 0.36688232421875 0.073486328125 -0.211166381835937
-0.310516357421875 0.250091552734375 0.2388916015625 -0.167495727539062
-0.475494384765625 0.07391357421875 0.278060913085937 -0.0338134765625
-0.47088623046875 -0.0454101562499999 0.3057861328125 0.09503173828125
-0.46868896484375 0.0450439453124999 -0.230255126953125 -0.31597900390625
-0.372283935546875 0.208251953125 -0.214019775390625 -0.150497436523437
-0.18896484375 0.288848876953125 -0.111961364746094 -0.0573959350585937
0.017303466796875 0.30242919921875 -0.0736923217773438 -0.0853271484375
0.148513793945313 0.216766357421875 -0.14190673828125 -0.10272216796875
0.264877319335937 0.104202270507812 -0.18096923828125 -0.0594635009765625
0.255096435546875 0.0100250244140625 -0.216262817382812 0.00463867187499996
0.244155883789063 0.019500732421875 -0.240310668945312 0.015380859375
0.280441284179688 0.03594970703125 -0.254257202148437 -0.03826904296875
0.255081176757813 0.120315551757813 -0.210433959960937 -0.144744873046875
0.149017333984375 0.2392578125 -0.136795043945312 -0.223663330078125
0.01641845703125 0.302520751953125 0.0225067138671875 -0.241729736328125
-0.244903564453125 0.236587524414063 0.182281494140625 -0.175277709960937
-0.419708251953125 0.116790771484375 0.158493041992187 -0.0119781494140625
-0.451812744140625 0.01959228515625 0.143280029296875 0.0525360107421875
-0.38616943359375 0.136444091796875 -0.331085205078125 -0.294189453125
-0.249771118164063 0.253768920898438 -0.253158569335938 -0.116806030273438
-0.0656585693359375 0.2584228515625 -0.110893249511719 -0.051666259765625
0.08123779296875 0.194900512695313 -0.0922775268554687 -0.112167358398438
0.136772155761719 0.104774475097656 -0.178848266601563 -0.11541748046875
0.175811767578125 0.023590087890625 -0.248764038085938 -0.0566253662109374
0.144241333007813 -0.0182342529296875 -0.286468505859375 0.030975341796875
0.146041870117188 -0.006103515625 -0.306793212890625 0.05340576171875
0.16656494140625 0.0081939697265625 -0.32373046875 -0.00982666015624996
0.14404296875 0.0503997802734375 -0.2850341796875 -0.1434326171875
0.0919876098632813 0.123085021972656 -0.185226440429688 -0.22772216796875
0.03155517578125 0.168746948242187 -0.011627197265625 -0.242645263671875
-0.127151489257813 0.159942626953125 0.1268310546875 -0.1534423828125
-0.271774291992188 0.13128662109375 0.0518760681152344 0.0212020874023438
-0.343841552734375 0.0878906250000001 -0.00288772583007815 0.0250110626220703
-0.258209228515625 0.19793701171875 -0.421173095703125 -0.257232666015625
-0.117477416992187 0.25128173828125 -0.29248046875 -0.078125
0.0407867431640625 0.202041625976563 -0.121688842773437 -0.0251998901367187
0.125480651855469 0.0810546875 -0.112892150878906 -0.103050231933594
0.107826232910156 -0.0104217529296875 -0.192886352539062 -0.0928955078125
0.0694656372070313 -0.0566329956054688 -0.274612426757812 -0.031646728515625
0.0160331726074219 -0.0437736511230469 -0.311859130859375 0.0608215332031249
0.0263557434082031 -0.0308303833007813 -0.327362060546875 0.084503173828125
0.0271739959716797 -0.0194168090820313 -0.346832275390625 0.011077880859375
0.0100727081298828 -0.0255165100097656 -0.3106689453125 -0.13726806640625
0.0205841064453125 -0.013427734375 -0.190032958984375 -0.216629028320312
0.0423851013183594 0.00779342651367188 -0.01702880859375 -0.222900390625
0.0157928466796875 0.0624351501464844 0.0904006958007812 -0.112335205078125
-0.0712738037109375 0.134849548339844 -0.0148429870605469 0.056793212890625
-0.176849365234375 0.154953002929688 -0.108108520507813 0.0224685668945313
-0.033233642578125 -0.209442138671875 0.155426025390625 -0.08154296875
-0.185791015625 -0.120849609375 0.0158843994140625 -0.0928497314453125
-0.1678466796875 0.0761566162109375 -0.104690551757813 0.062408447265625
-0.03900146484375 0.166397094726563 0.00415039062500001 0.2130126953125
0.051727294921875 0.134208679199219 0.158905029296875 0.192184448242188
0.125686645507813 0.071075439453125 0.31121826171875 0.085479736328125
0.13714599609375 0.0208511352539062 0.339202880859375 -0.045989990234375
0.111961364746094 0.0402450561523438 0.29205322265625 -0.105010986328125
0.1138916015625 0.06365966796875 0.271453857421875 -0.0774383544921875
0.0578994750976563 0.116828918457031 0.243331909179688 0.00878906250000001
-0.0421981811523438 0.115829467773438 0.180267333984375 0.0277862548828125
-0.117782592773437 0.0459747314453125 0.132789611816406 0.0275192260742188
-0.114952087402344 -0.104232788085937 0.194076538085937 0.01934814453125
-0.00859069824218752 -0.203323364257813 0.36846923828125 0.0162353515625
0.105972290039063 -0.181777954101563 0.498626708984375 0.2757568359375
-0.217453002929688 -0.231536865234375 0.133674621582031 -0.131568908691406
-0.342529296875 -0.0854797363281251 -0.00463104248046878 -0.116043090820313
-0.276016235351563 0.151504516601563 -0.108413696289063 0.0293655395507813
-0.070709228515625 0.282440185546875 -0.010986328125 0.166763305664063
0.0918121337890625 0.237686157226562 0.106048583984375 0.148040771484375
0.232269287109375 0.130966186523438 0.245193481445313 0.0632476806640625
0.250030517578125 0.033050537109375 0.264480590820313 -0.0414276123046875
0.217178344726563 0.051788330078125 0.218994140625 -0.0988616943359375
0.232177734375 0.0807037353515625 0.202178955078125 -0.0892486572265625
0.164703369140625 0.163604736328125 0.19476318359375 -0.02960205078125
0.0190277099609375 0.206832885742188 0.151275634765625 -0.0260162353515625
-0.105255126953125 0.15631103515625 0.138916015625 -0.0282745361328125
-0.194595336914063 -0.014892578125 0.231109619140625 -0.0354766845703125
-0.160781860351563 -0.1534423828125 0.405120849609375 -0.01922607421875
-0.07220458984375 -0.178680419921875 0.536376953125 0.23358154296875
-0.366790771484375 -0.216156005859375 0.0665740966796875 -0.190887451171875
-0.44879150390625 -0.0313720703124999 -0.0540695190429688 -0.137054443359375
-0.342254638671875 0.2130126953125 -0.115859985351563 0.00473785400390627
-0.090667724609375 0.36309814453125 -0.025970458984375 0.1131591796875
0.119415283203125 0.308380126953125 0.0452346801757813 0.0897445678710938
0.30670166015625 0.1724853515625 0.149948120117188 0.0337371826171875
0.326202392578125 0.039794921875 0.154556274414063 -0.0314788818359375
0.2921142578125 0.05426025390625 0.111663818359375 -0.0783233642578125
0.319061279296875 0.081512451171875 0.0994873046875 -0.0874710083007813
0.255905151367188 0.188583374023438 0.113983154296875 -0.0678939819335938
0.0872650146484375 0.2779541015625 0.0977935791015625 -0.0866928100585937
-0.0786895751953125 0.265167236328125 0.131095886230469 -0.0932464599609375
-0.2666015625 0.0923919677734375 0.258026123046875 -0.09381103515625
-0.3145751953125 -0.0787353515625 0.40765380859375 -0.043304443359375
-0.252899169921875 -0.152969360351562 0.516021728515625 0.18109130859375
-0.4613037109375 -0.158203125 -0.0319976806640625 -0.246429443359375
-0.48712158203125 0.040435791015625 -0.118759155273438 -0.148284912109375
-0.3494873046875 0.25946044921875 -0.120498657226563 -0.0144424438476562
-0.083953857421875 0.395599365234375 -0.0405540466308594 0.0491905212402344
0.1365966796875 0.33221435546875 -0.0227413177490234 0.0225601196289063
0.33587646484375 0.184173583984375 0.035430908203125 0.00155639648437501
0.352996826171875 0.04119873046875 0.0248851776123047 -0.0166473388671875
0.32208251953125 0.051361083984375 -0.0115585327148437 -0.0444450378417969
0.361175537109375 0.07379150390625 -0.02276611328125 -0.0723648071289062
0.31072998046875 0.189483642578125 0.00640869140625001 -0.096954345703125
0.14251708984375 0.31622314453125 0.0190887451171875 -0.14239501953125
-0.04229736328125 0.345489501953125 0.099884033203125 -0.1585693359375
-0.3133544921875 0.1925048828125 0.254806518554688 -0.146041870117188
-0.432861328125 0.0038757324218749 0.3603515625 -0.053558349609375
-0.39385986328125 -0.109619140625 0.42901611328125 0.12872314453125
-0.48846435546875 -0.06744384765625 -0.14373779296875 -0.2845458984375
-0.4554443359375 0.123687744140625 -0.181350708007813 -0.145660400390625
-0.29449462890625 0.284820556640625 -0.1217041015625 -0.0298233032226562
-0.046905517578125 0.372711181640625 -0.0579185485839844 -0.0162429809570312
0.144866943359375 0.299468994140625 -0.0891494750976563 -0.04095458984375
0.318023681640625 0.161407470703125 -0.08172607421875 -0.0274581909179687
0.326507568359375 0.031890869140625 -0.103561401367187 0.000862121582031231
0.304779052734375 0.039825439453125 -0.1322021484375 -0.00539398193359377
0.344268798828125 0.0576171875 -0.146774291992187 -0.046142578125
0.31024169921875 0.166229248046875 -0.113044738769531 -0.11505126953125
0.1649169921875 0.305450439453125 -0.0724639892578125 -0.185150146484375
-0.0093994140625 0.361053466796875 0.0503997802734375 -0.209732055664062
-0.30963134765625 0.24517822265625 0.216552734375 -0.178253173828125
-0.472808837890625 0.0708312988281251 0.262191772460937 -0.0469818115234375
-0.459442138671875 -0.052764892578125 0.290313720703125 0.074005126953125
-0.453460693359375 0.034942626953125 -0.254486083984375 -0.29705810546875
-0.362335205078125 0.19500732421875 -0.231857299804688 -0.129486083984375
-0.190032958984375 0.277694702148437 -0.119796752929688 -0.0384292602539062
0.00958251953124999 0.295074462890625 -0.0782546997070313 -0.070953369140625
0.139892578125 0.217010498046875 -0.145767211914063 -0.0856781005859375
0.257781982421875 0.105697631835938 -0.180755615234375 -0.0432891845703125
0.25164794921875 0.0161590576171875 -0.209228515625 0.02154541015625
0.241912841796875 0.02288818359375 -0.232345581054687 0.0344696044921875
0.275375366210938 0.039581298828125 -0.251617431640625 -0.018096923828125
0.24749755859375 0.122238159179687 -0.219985961914063 -0.12322998046875
0.14019775390625 0.236892700195313 -0.151901245117188 -0.208938598632812
0.010772705078125 0.29400634765625 0.001861572265625 -0.235946655273437
-0.24444580078125 0.22491455078125 0.159133911132812 -0.179733276367188
-0.407501220703125 0.108917236328125 0.143997192382812 -0.0236053466796875
-0.4332275390625 0.0104675292968749 0.132957458496094 0.0301437377929688
-0.361663818359375 0.12652587890625 -0.352691650390625 -0.282623291015625
-0.233901977539062 0.233474731445312 -0.270706176757812 -0.102462768554688
-0.0660247802734375 0.238739013671875 -0.118705749511719 -0.0332717895507812
0.0682220458984375 0.183441162109375 -0.0967864990234375 -0.0973663330078125
0.121513366699219 0.103721618652344 -0.178817749023438 -0.100982666015625
0.163726806640625 0.0320892333984375 -0.245681762695313 -0.041900634765625
0.14068603515625 -0.005462646484375 -0.278564453125 0.0445709228515626
0.14312744140625 0.002777099609375 -0.297088623046875 0.068328857421875
0.162078857421875 0.018890380859375 -0.32012939453125 0.00775146484374997
0.134170532226562 0.06170654296875 -0.290557861328125 -0.124603271484375
0.07733154296875 0.125625610351563 -0.195907592773437 -0.212814331054688
0.017425537109375 0.160964965820312 -0.0280303955078125 -0.236541748046875
-0.129714965820313 0.142745971679688 0.106796264648438 -0.1552734375
-0.2562255859375 0.115875244140625 0.0414009094238281 0.00983428955078126
-0.319793701171875 0.0738525390625 -0.00789976119995119 0.00280332565307618
-0.229019165039063 0.19024658203125 -0.433441162109375 -0.249603271484375
-0.0965576171875 0.230239868164063 -0.30615234375 -0.068634033203125
0.045623779296875 0.179290771484375 -0.126716613769531 -0.0108566284179688
0.111404418945313 0.0643463134765625 -0.112464904785156 -0.089996337890625
0.09033203125 -0.011627197265625 -0.18804931640625 -0.0829925537109375
0.0541877746582031 -0.0434455871582031 -0.269577026367188 -0.021942138671875
0.0126018524169922 -0.0257606506347656 -0.303192138671875 0.06640625
0.0250682830810547 -0.0175762176513672 -0.317718505859375 0.0918884277343749
0.0249309539794922 -0.00296783447265625 -0.3416748046875 0.0221252441406249
-0.000545024871826172 -0.00818109512329102 -0.311859130859375 -0.1229248046875
0.00235176086425781 -0.00525522232055664 -0.196868896484375 -0.204498291015625
0.0236263275146484 0.00366401672363281 -0.0298614501953125 -0.217056274414063
0.00967788696289063 0.0428009033203125 0.07623291015625 -0.114410400390625
-0.057952880859375 0.112190246582031 -0.0197410583496094 0.0425567626953125
-0.151840209960937 0.136398315429688 -0.10595703125 -0.00241851806640623
-0.049041748046875 -0.19500732421875 0.156524658203125 -0.0548553466796875
-0.187179565429688 -0.0978240966796875 0.0223464965820312 -0.0760879516601563
-0.155609130859375 0.0873565673828125 -0.0966339111328125 0.0656204223632813
-0.021636962890625 0.163131713867188 0.00868225097656248 0.209579467773438
0.0631256103515625 0.124046325683594 0.15863037109375 0.189987182617188
0.12811279296875 0.0526657104492188 0.309539794921875 0.08233642578125
0.135360717773437 0.00539398193359375 0.337646484375 -0.04400634765625
0.11199951171875 0.0260009765625 0.290252685546875 -0.10028076171875
0.116188049316406 0.0472793579101562 0.270309448242188 -0.0712432861328125
0.0681076049804688 0.1043701171875 0.2401123046875 0.0157623291015625
-0.0266342163085938 0.114540100097656 0.17236328125 0.0296478271484375
-0.106964111328125 0.05523681640625 0.126174926757813 0.023529052734375
-0.118011474609375 -0.086456298828125 0.196685791015625 0.0108184814453125
-0.0253753662109375 -0.18853759765625 0.3739013671875 0.013427734375
0.0853118896484375 -0.177017211914062 0.49871826171875 0.280670166015625
-0.23114013671875 -0.223220825195313 0.130653381347656 -0.102279663085938
-0.34228515625 -0.06671142578125 -0.00132751464843751 -0.0962677001953125
-0.266036987304688 0.160247802734375 -0.103103637695313 0.0359573364257812
-0.0565948486328125 0.2784423828125 -0.00816345214843751 0.167449951171875
0.100326538085938 0.228546142578125 0.104415893554687 0.150527954101563
0.233367919921875 0.114776611328125 0.243484497070313 0.065338134765625
0.248123168945313 0.020416259765625 0.267013549804688 -0.035858154296875
0.218246459960938 0.040435791015625 0.220382690429688 -0.088714599609375
0.234573364257812 0.066162109375 0.20184326171875 -0.0768585205078125
0.173080444335938 0.15521240234375 0.190139770507813 -0.0185089111328125
0.0310516357421875 0.208633422851563 0.140510559082031 -0.0218124389648437
-0.101089477539063 0.165725708007813 0.127761840820313 -0.0305252075195312
-0.203521728515625 -0.00288391113281249 0.228378295898437 -0.04412841796875
-0.180343627929688 -0.145919799804688 0.403594970703125 -0.020599365234375
-0.09100341796875 -0.181716918945313 0.53082275390625 0.237457275390625
-0.37744140625 -0.21539306640625 0.059661865234375 -0.161407470703125
-0.449951171875 -0.0198669433593751 -0.0525360107421875 -0.1146240234375
-0.33880615234375 0.216766357421875 -0.111679077148438 0.0146408081054688
-0.081451416015625 0.35943603515625 -0.02337646484375 0.117256164550781
0.1243896484375 0.30224609375 0.0433197021484375 0.0974655151367188
0.306396484375 0.160858154296875 0.148788452148438 0.039947509765625
0.325439453125 0.032501220703125 0.159698486328125 -0.0215301513671875
0.29364013671875 0.047332763671875 0.116302490234375 -0.06396484375
0.32159423828125 0.073516845703125 0.099578857421875 -0.0725021362304688
0.26202392578125 0.183822631835938 0.108169555664063 -0.0526580810546875
0.094207763671875 0.281402587890625 0.0849075317382812 -0.0801773071289062
-0.0786590576171875 0.272079467773438 0.116401672363281 -0.0954132080078125
-0.278030395507813 0.0989227294921875 0.250015258789063 -0.10150146484375
-0.33172607421875 -0.07733154296875 0.401580810546875 -0.0465087890625
-0.2664794921875 -0.162429809570313 0.5052490234375 0.180908203125
-0.4656982421875 -0.16619873046875 -0.042083740234375 -0.220199584960938
-0.490631103515625 0.042083740234375 -0.120124816894531 -0.125923156738281
-0.353424072265625 0.261474609375 -0.118629455566406 -0.00154876708984371
-0.081817626953125 0.395050048828125 -0.0401344299316406 0.0576324462890625
0.139068603515625 0.332061767578125 -0.0230426788330078 0.033966064453125
0.334686279296875 0.179840087890625 0.0365524291992188 0.011260986328125
0.35333251953125 0.03912353515625 0.0319442749023438 -0.00438117980957031
0.324615478515625 0.049285888671875 -0.00517845153808592 -0.0302066802978516
0.36248779296875 0.069732666015625 -0.0216751098632812 -0.0553932189941406
0.312652587890625 0.1900634765625 -6.86645507812346E-05 -0.0807571411132812
0.143402099609375 0.3214111328125 0.0055999755859375 -0.1336669921875
-0.046630859375 0.349761962890625 0.0845184326171875 -0.157211303710937
-0.325836181640625 0.19195556640625 0.241073608398437 -0.151473999023437
-0.445098876953125 -0.00140380859374995 0.349639892578125 -0.058685302734375
-0.400604248046875 -0.12469482421875 0.41595458984375 0.122467041015625
-0.490631103515625 -0.0806884765625001 -0.15631103515625 -0.26336669921875
-0.45977783203125 0.114715576171875 -0.187026977539063 -0.12530517578125
-0.303985595703125 0.281524658203125 -0.121864318847656 -0.014984130859375
-0.052978515625 0.37249755859375 -0.0577011108398438 -0.00588989257812497
0.141204833984375 0.303253173828125 -0.089263916015625 -0.0283050537109375
0.316864013671875 0.16363525390625 -0.079681396484375 -0.0162277221679688
0.32855224609375 0.03656005859375 -0.096099853515625 0.01318359375
0.307281494140625 0.04278564453125 -0.1248779296875 0.00924682617187499
0.345672607421875 0.061431884765625 -0.145553588867187 -0.03021240234375
0.30908203125 0.17108154296875 -0.119064331054688 -0.0983428955078125
0.159576416015625 0.3104248046875 -0.0839691162109375 -0.174880981445312
-0.018157958984375 0.362213134765625 0.035400390625 -0.205825805664062
-0.3211669921875 0.239288330078125 0.201187133789062 -0.181015014648437
-0.477264404296875 0.060699462890625 0.248779296875 -0.0511322021484375
-0.458221435546875 -0.07080078125 0.27587890625 0.0646514892578125
-0.44921875 0.015869140625 -0.267974853515625 -0.283203125
-0.36602783203125 0.1771240234375 -0.242019653320313 -0.113555908203125
-0.2022705078125 0.268600463867188 -0.121345520019531 -0.0230484008789062
-0.00256347656249998 0.294677734375 -0.07806396484375 -0.0595245361328125
0.132156372070313 0.224685668945313 -0.145233154296875 -0.0746307373046875
0.254501342773437 0.115081787109375 -0.178482055664062 -0.03369140625
0.254959106445313 0.025970458984375 -0.20294189453125 0.0309906005859375
0.244857788085938 0.0306396484375 -0.224655151367188 0.0449981689453125
0.276626586914063 0.049041748046875 -0.2496337890625 -0.00411987304687499
0.242904663085938 0.132308959960938 -0.22296142578125 -0.108673095703125
0.129669189453125 0.244125366210937 -0.1600341796875 -0.198471069335937
-0.00161743164062498 0.29302978515625 -0.011993408203125 -0.230667114257812
-0.25518798828125 0.211959838867188 0.144027709960937 -0.180694580078125
-0.408172607421875 0.0917358398437499 0.131454467773437 -0.0282058715820312
-0.426513671875 -0.0110473632812499 0.120491027832031 0.0161361694335938
-0.350494384765625 0.10791015625 -0.365478515625 -0.278228759765625
-0.232315063476563 0.210906982421875 -0.2840576171875 -0.092437744140625
-0.0757598876953125 0.22418212890625 -0.122604370117188 -0.0197219848632812
0.0522308349609375 0.179183959960938 -0.0962677001953125 -0.0874481201171875
0.109634399414062 0.111335754394531 -0.17669677734375 -0.0929718017578125
0.157684326171875 0.0454254150390625 -0.2437744140625 -0.0345458984375
0.143310546875 0.0086822509765625 -0.274612426757813 0.0492401123046874
0.144943237304688 0.0129852294921875 -0.290679931640625 0.0745544433593749
0.16351318359375 0.0321502685546875 -0.316864013671875 0.015838623046875
0.129295349121094 0.0764236450195313 -0.29241943359375 -0.11383056640625
0.0648880004882813 0.134063720703125 -0.201263427734375 -0.204345703125
0.00224304199218752 0.159652709960938 -0.0377349853515625 -0.23052978515625
-0.139610290527344 0.128204345703125 0.0945587158203125 -0.154067993164063
-0.252960205078125 0.095245361328125 0.0312042236328125 0.00291824340820313
-0.30731201171875 0.051788330078125 -0.016840934753418 -0.0159826278686523
-0.211654663085937 0.176040649414063 -0.443450927734375 -0.252716064453125
-0.0883026123046875 0.209503173828125 -0.3192138671875 -0.0637207031249999
0.0412445068359375 0.162063598632813 -0.129547119140625 0.000991821289062492
0.0963287353515625 0.0560531616210938 -0.110725402832031 -0.0815582275390625
0.0760879516601562 -0.00699615478515625 -0.181991577148437 -0.07904052734375
0.0452537536621094 -0.0295677185058594 -0.264907836914062 -0.01959228515625
0.0133523941040039 -0.010406494140625 -0.300262451171875 0.0655517578125
0.0251293182373047 -0.00535392761230469 -0.3135986328125 0.0916442871093751
0.0270557403564453 0.011199951171875 -0.34088134765625 0.0253906249999999
-0.00463199615478516 0.00933265686035156 -0.312530517578125 -0.117584228515625
-0.0111360549926758 0.00508213043212891 -0.199691772460937 -0.199234008789063
0.00768661499023438 0.00417423248291016 -0.0366668701171875 -0.2135009765625
-0.000345230102539061 0.0282096862792969 0.0671005249023438 -0.114036560058594
-0.05426025390625 0.089691162109375 -0.0273685455322266 0.0322246551513672
-0.138221740722656 0.115394592285156 -0.109634399414063 -0.0264205932617188
-0.06005859375 -0.184707641601562 0.165802001953125 -0.030487060546875
-0.188796997070312 -0.0807037353515625 0.0316009521484375 -0.0639801025390625
-0.145645141601563 0.0970916748046875 -0.0916824340820313 0.0689697265625
-0.0081634521484375 0.161453247070313 0.0116119384765625 0.21142578125
0.0727920532226562 0.117027282714844 0.161483764648438 0.193939208984375
0.1298828125 0.03863525390625 0.3143310546875 0.08367919921875
0.134391784667969 -0.0075531005859375 0.3460693359375 -0.044097900390625
0.11346435546875 0.0145416259765625 0.298675537109375 -0.096771240234375
0.118637084960938 0.033203125 0.27752685546875 -0.0666046142578125
0.076873779296875 0.0940399169921875 0.246368408203125 0.0230255126953125
-0.0144805908203125 0.11376953125 0.170913696289062 0.0346527099609375
-0.09942626953125 0.0619354248046875 0.122596740722656 0.0222625732421875
-0.120506286621094 -0.0731964111328125 0.2022705078125 0.0035552978515625
-0.0373077392578125 -0.177734375 0.3861083984375 0.013031005859375
0.0708160400390625 -0.173965454101563 0.513214111328125 0.294830322265625
-0.24658203125 -0.219863891601562 0.136398315429687 -0.0771102905273438
-0.348846435546875 -0.053924560546875 0.00717163085937498 -0.0820236206054688
-0.263153076171875 0.168746948242188 -0.0992507934570313 0.0430679321289062
-0.046722412109375 0.279205322265625 -0.00659179687500001 0.171920776367188
0.108367919921875 0.226089477539063 0.106430053710938 0.158172607421875
0.237503051757813 0.104400634765625 0.248001098632813 0.0706634521484375
0.251983642578125 0.0109710693359375 0.27703857421875 -0.030364990234375
0.223556518554687 0.0317840576171875 0.230331420898437 -0.082763671875
0.24151611328125 0.056365966796875 0.208877563476563 -0.0684814453125
0.18408203125 0.150390625 0.194259643554687 -0.00662231445312499
0.041778564453125 0.213836669921875 0.136428833007812 -0.0153732299804687
-0.0984954833984375 0.177276611328125 0.121513366699219 -0.0310821533203125
-0.2154541015625 0.008636474609375 0.230148315429688 -0.050384521484375
-0.199676513671875 -0.141494750976563 0.41229248046875 -0.021026611328125
-0.110183715820312 -0.186660766601563 0.53948974609375 0.2493896484375
-0.395751953125 -0.218780517578125 0.06072998046875 -0.137725830078125
-0.461181640625 -0.0137634277343749 -0.0473098754882813 -0.0991592407226563
-0.343536376953125 0.225494384765625 -0.10870361328125 0.0235061645507812
-0.07806396484375 0.364166259765625 -0.0219497680664062 0.124198913574219
0.13128662109375 0.30535888671875 0.0451278686523438 0.107505798339844
0.311279296875 0.15594482421875 0.153106689453125 0.0485382080078125
0.332977294921875 0.027679443359375 0.170455932617188 -0.0137939453125
0.3021240234375 0.043060302734375 0.126441955566406 -0.0543441772460937
0.33135986328125 0.06787109375 0.104850769042969 -0.061248779296875
0.273178100585938 0.18487548828125 0.109375 -0.0399246215820312
0.101776123046875 0.29150390625 0.0772781372070313 -0.0728759765625
-0.08111572265625 0.285736083984375 0.10772705078125 -0.09527587890625
-0.295928955078125 0.107757568359375 0.247604370117187 -0.109161376953125
-0.3544921875 -0.0782775878906251 0.4041748046875 -0.048187255859375
-0.28643798828125 -0.174560546875 0.5086669921875 0.190399169921875
-0.485107421875 -0.17620849609375 -0.0461273193359375 -0.20050048828125
-0.5078125 0.0427246093750001 -0.119560241699219 -0.10968017578125
-0.3656005859375 0.26824951171875 -0.116561889648438 0.00914764404296879
-0.084686279296875 0.403106689453125 -0.0377998352050781 0.0658798217773438
0.142303466796875 0.340789794921875 -0.0225639343261719 0.0455970764160156
0.34112548828125 0.182281494140625 0.0389938354492188 0.0203895568847656
0.3636474609375 0.038330078125 0.04144287109375 0.00528717041015625
0.33526611328125 0.04925537109375 0.00395965576171877 -0.0180568695068359
0.373626708984375 0.0716552734375 -0.0186042785644531 -0.0422515869140625
0.32257080078125 0.195098876953125 -0.00229263305664061 -0.0667915344238281
0.14739990234375 0.3338623046875 -0.00339508056640623 -0.126930236816406
-0.05401611328125 0.362579345703125 0.0736846923828125 -0.15765380859375
-0.34613037109375 0.19671630859375 0.236007690429687 -0.157806396484375
-0.46710205078125 -0.0069885253906251 0.347869873046875 -0.060577392578125
-0.41943359375 -0.1417236328125 0.411712646484375 0.125518798828125
-0.505889892578125 -0.099578857421875 -0.166122436523438 -0.25
-0.47845458984375 0.10943603515625 -0.192291259765625 -0.109970092773437
-0.3226318359375 0.28570556640625 -0.122100830078125 -0.00273132324218746
-0.0618896484375 0.384735107421875 -0.0560302734375 0.00261306762695315
0.142822265625 0.31756591796875 -0.0896148681640625 -0.0184860229492187
0.32403564453125 0.17254638671875 -0.0784988403320312 -0.00714111328125
0.3406982421875 0.041961669921875 -0.0892257690429687 0.0218658447265625
0.31817626953125 0.047393798828125 -0.118049621582031 0.0192184448242187
0.35870361328125 0.068145751953125 -0.144744873046875 -0.0182647705078125
0.315826416015625 0.18157958984375 -0.122550964355469 -0.0859298706054688
0.158782958984375 0.325286865234375 -0.0938873291015625 -0.16912841796875
-0.027587890625 0.37359619140625 0.0245208740234375 -0.205596923828125
-0.34088134765625 0.239349365234375 0.19305419921875 -0.184127807617187
-0.49688720703125 0.0504760742187501 0.243087768554687 -0.05419921875
-0.4735107421875 -0.0918273925781251 0.268829345703125 0.0612640380859375
-0.45916748046875 -0.00366210937500003 -0.283721923828125 -0.278228759765625
-0.3814697265625 0.165618896484375 -0.254104614257813 -0.101455688476562
-0.222320556640625 0.2686767578125 -0.123794555664063 -0.0108871459960937
-0.016571044921875 0.304290771484375 -0.0774688720703125 -0.0521392822265625
0.12835693359375 0.23956298828125 -0.14569091796875 -0.067626953125
0.2587890625 0.128448486328125 -0.180023193359375 -0.0259857177734375
0.266494750976563 0.0360870361328125 -0.200927734375 0.0381011962890625
0.254653930664062 0.0388641357421875 -0.222427368164062 0.053436279296875
0.287872314453125 0.058563232421875 -0.251541137695313 0.00566101074218746
0.24725341796875 0.145782470703125 -0.228744506835937 -0.0992431640625
0.125411987304688 0.258590698242187 -0.168792724609375 -0.1937255859375
-0.014312744140625 0.302001953125 -0.0208282470703125 -0.229354858398437
-0.27398681640625 0.207778930664062 0.135101318359375 -0.181228637695313
-0.424163818359375 0.077484130859375 0.122734069824219 -0.030426025390625
-0.43438720703125 -0.0322570800781249 0.109786987304687 0.00678253173828125
-0.353302001953125 0.0905151367187501 -0.384246826171875 -0.28167724609375
-0.241592407226562 0.196029663085938 -0.300628662109375 -0.0847167968749999
-0.0920562744140625 0.2181396484375 -0.125778198242188 -0.00875091552734376
0.0366058349609375 0.184036254882813 -0.0955657958984375 -0.0812606811523437
0.102096557617188 0.123924255371094 -0.177978515625 -0.088836669921875
0.159072875976562 0.0614776611328125 -0.246383666992188 -0.0310211181640625
0.15216064453125 0.021392822265625 -0.276748657226563 0.0524444580078124
0.1527099609375 0.0232086181640625 -0.29229736328125 0.0791015625
0.171920776367188 0.0440521240234375 -0.3228759765625 0.02301025390625
0.130882263183594 0.0927734375 -0.299713134765625 -0.107940673828125
0.0559539794921875 0.14837646484375 -0.207687377929687 -0.203109741210938
-0.0118408203125 0.165664672851562 -0.04510498046875 -0.230010986328125
-0.154922485351563 0.119140625 0.08697509765625 -0.154754638671875
-0.261856079101563 0.078369140625 0.0224514007568359 -0.0010528564453125
-0.309417724609375 0.0299377441406249 -0.0283737182617188 -0.0326461791992188
-0.205215454101562 0.165267944335938 -0.462005615234375 -0.263824462890625
-0.0883026123046875 0.194808959960938 -0.337982177734375 -0.0594482421874999
0.0349273681640625 0.152008056640625 -0.132705688476563 0.0102005004882813
0.0827560424804688 0.0537872314453125 -0.10888671875 -0.07757568359375
0.0654983520507813 -0.00030517578125 -0.181640625 -0.0802764892578125
0.0424346923828125 -0.0142822265625 -0.268753051757813 -0.020233154296875
0.0175762176513672 0.00264167785644531 -0.306121826171875 0.0650024414062501
0.0286617279052734 0.0044708251953125 -0.31915283203125 0.09307861328125
0.0326213836669922 0.0239276885986328 -0.348541259765625 0.02813720703125
-0.00485992431640625 0.0263347625732422 -0.3218994140625 -0.116943359375
-0.0213603973388672 0.0181350708007813 -0.205490112304687 -0.200820922851563
-0.00637912750244141 0.0070343017578125 -0.0413970947265625 -0.215530395507813
-0.0122871398925781 0.0179519653320313 0.06103515625 -0.115219116210938
-0.0567169189453125 0.0725479125976562 -0.0358390808105469 0.025604248046875
-0.133430480957031 0.0970535278320312 -0.119659423828125 -0.0491409301757812
-0.0724639892578125 -0.175827026367188 0.182037353515625 -0.0120086669921875
-0.1925048828125 -0.0633697509765625 0.0419044494628906 -0.0558967590332031
-0.137130737304688 0.108482360839844 -0.0877761840820313 0.0746994018554688
0.00682067871093749 0.160797119140625 0.0177001953125 0.217361450195312
0.0833587646484375 0.110076904296875 0.171859741210938 0.199844360351563
0.132102966308594 0.0245361328125 0.32861328125 0.0823974609375
0.134132385253906 -0.0218582153320313 0.361968994140625 -0.051727294921875
0.114669799804688 0.00165557861328125 0.31243896484375 -0.10296630859375
0.121238708496094 0.0189590454101562 0.291717529296875 -0.068939208984375
0.08599853515625 0.0848617553710938 0.260604858398438 0.0255126953125
-0.00219726562500001 0.113632202148438 0.176055908203125 0.0378570556640625
-0.0926437377929687 0.0703125 0.122993469238281 0.0213165283203125
-0.124488830566406 -0.0606536865234375 0.211669921875 -0.0067138671875
-0.049957275390625 -0.170684814453125 0.407196044921875 0.00473022460937499
0.0570068359375 -0.17401123046875 0.54443359375 0.306121826171875
-0.269790649414063 -0.21630859375 0.147842407226562 -0.0566864013671875
-0.3619384765625 -0.0369873046875 0.0157012939453125 -0.0712432861328125
-0.263290405273438 0.184616088867187 -0.0956039428710938 0.049957275390625
-0.035888671875 0.28546142578125 -0.00128173828125 0.179916381835938
0.121810913085937 0.226058959960938 0.114822387695313 0.167694091796875
0.245162963867187 0.0940399169921875 0.260101318359375 0.0732879638671875
0.259765625 -0.00152587890625 0.2940673828125 -0.0341796875
0.232376098632812 0.0196533203125 0.24493408203125 -0.08343505859375
0.253463745117188 0.0438079833984375 0.221267700195313 -0.066558837890625
0.200546264648438 0.145477294921875 0.20526123046875 -0.000411987304687491
0.0570068359375 0.221939086914063 0.137176513671875 -0.0114593505859375
-0.094146728515625 0.192947387695312 0.117935180664063 -0.032745361328125
-0.229354858398438 0.024139404296875 0.236770629882813 -0.06256103515625
-0.223007202148438 -0.134262084960938 0.428863525390625 -0.031036376953125
-0.132904052734375 -0.192550659179687 0.56427001953125 0.25982666015625
-0.424774169921875 -0.219970703125 0.065673828125 -0.119613647460938
-0.48236083984375 0.00210571289062505 -0.0424118041992188 -0.0866775512695312
-0.352020263671875 0.2451171875 -0.106483459472656 0.033294677734375
-0.07080078125 0.377593994140625 -0.0173187255859375 0.132804870605469
0.145782470703125 0.313262939453125 0.0507278442382813 0.118110656738281
0.32470703125 0.151275634765625 0.162384033203125 0.0543670654296875
0.34783935546875 0.016693115234375 0.185928344726563 -0.012481689453125
0.3170166015625 0.03338623046875 0.139846801757813 -0.0516204833984375
0.349639892578125 0.058502197265625 0.113639831542969 -0.0545578002929687
0.2926025390625 0.184326171875 0.11468505859375 -0.0305557250976562
0.117034912109375 0.30548095703125 0.0735092163085938 -0.0688629150390625
-0.07867431640625 0.307098388671875 0.100807189941406 -0.097900390625
-0.316070556640625 0.1251220703125 0.249725341796875 -0.121200561523438
-0.38629150390625 -0.072418212890625 0.417144775390625 -0.058074951171875
-0.31597900390625 -0.1834716796875 0.526702880859375 0.19683837890625
-0.518280029296875 -0.18206787109375 -0.050567626953125 -0.184799194335938
-0.53192138671875 0.05352783203125 -0.120384216308594 -0.095306396484375
-0.383544921875 0.289337158203125 -0.116004943847656 0.0213851928710938
-0.081573486328125 0.423095703125 -0.034332275390625 0.0740585327148438
0.15667724609375 0.354888916015625 -0.019927978515625 0.0559730529785157
0.359283447265625 0.181793212890625 0.0437240600585938 0.0290069580078125
0.383544921875 0.03265380859375 0.0532913208007813 0.0107498168945313
0.3536376953125 0.04364013671875 0.0138835906982422 -0.0111417770385742
0.3956298828125 0.06671142578125 -0.015045166015625 -0.0322036743164062
0.343658447265625 0.1993408203125 -0.00142669677734373 -0.0562629699707031
0.161834716796875 0.3526611328125 -0.0122528076171875 -0.122299194335937
-0.05328369140625 0.38690185546875 0.063720703125 -0.160568237304688
-0.369476318359375 0.21429443359375 0.233642578125 -0.169525146484375
-0.502899169921875 -0.00247192382812497 0.353546142578125 -0.067962646484375
-0.450469970703125 -0.1519775390625 0.421142578125 0.126739501953125
-0.537445068359375 -0.106903076171875 -0.180633544921875 -0.23968505859375
-0.504241943359375 0.1171875 -0.200286865234375 -0.0949554443359375
-0.342529296875 0.304962158203125 -0.122970581054688 0.00995635986328127
-0.06488037109375 0.406829833984375 -0.0546722412109375 0.0104141235351563
0.155426025390625 0.336151123046875 -0.0902328491210938 -0.00878906249999997
0.342315673828125 0.1788330078125 -0.0789566040039062 0.00247955322265627
0.363128662109375 0.04083251953125 -0.0837783813476562 0.0304946899414063
0.3377685546875 0.04571533203125 -0.112907409667969 0.0297927856445313
0.380279541015625 0.06719970703125 -0.146408081054687 -0.00482177734375
0.33563232421875 0.190673828125 -0.128265380859375 -0.0752334594726562
0.170562744140625 0.34503173828125 -0.106826782226562 -0.164764404296875
-0.029693603515625 0.396881103515625 0.0125732421875 -0.208663940429687
-0.36627197265625 0.25164794921875 0.186233520507812 -0.193893432617187
-0.52825927734375 0.0522766113281249 0.242050170898437 -0.05908203125
-0.50299072265625 -0.1036376953125 0.268447875976563 0.05792236328125
-0.4822998046875 -0.012481689453125 -0.3076171875 -0.27447509765625
-0.405517578125 0.167572021484375 -0.269851684570313 -0.087677001953125
-0.24200439453125 0.282867431640625 -0.12628173828125 0.0018463134765625
-0.023529052734375 0.324005126953125 -0.078155517578125 -0.0456924438476562
0.135711669921875 0.258453369140625 -0.149765014648438 -0.06036376953125
0.274429321289063 0.140380859375 -0.185165405273437 -0.017578125
0.2861328125 0.039306640625 -0.201644897460938 0.0472564697265625
0.272476196289063 0.0413970947265625 -0.22265625 0.065277099609375
0.307891845703125 0.062744140625 -0.258697509765625 0.0198059082031251
0.2628173828125 0.157928466796875 -0.23980712890625 -0.0891571044921875
0.13037109375 0.278533935546875 -0.183837890625 -0.190994262695312
-0.02069091796875 0.320220947265625 -0.0334320068359375 -0.232666015625
-0.295684814453125 0.215362548828125 0.12738037109375 -0.188278198242187
-0.448455810546875 0.075653076171875 0.116806030273437 -0.0335922241210938
-0.455291748046875 -0.0474853515625001 0.101783752441406 -0.00266265869140625
-0.364776611328125 0.0809631347656251 -0.414581298828125 -0.285308837890625
-0.254776000976563 0.19207763671875 -0.322998046875 -0.0729980468750001
-0.1063232421875 0.222335815429688 -0.1287841796875 0.00347900390625004
0.0263214111328125 0.194488525390625 -0.0976409912109375 -0.0775680541992187
0.102302551269531 0.137519836425781 -0.183746337890625 -0.085906982421875
0.16802978515625 0.07464599609375 -0.255111694335937 -0.0247039794921875
0.166641235351563 0.029296875 -0.2843017578125 0.06146240234375
0.16558837890625 0.0293426513671875 -0.29901123046875 0.091156005859375
0.187149047851562 0.0525054931640625 -0.334320068359375 0.03521728515625
0.140327453613281 0.107879638671875 -0.3148193359375 -0.100616455078125
0.0546722412109375 0.166168212890625 -0.222747802734375 -0.202423095703125
-0.0217742919921875 0.178024291992188 -0.055511474609375 -0.234664916992188
-0.173385620117188 0.118820190429688 0.07940673828125 -0.158950805664063
-0.277053833007813 0.0703125 0.012913703918457 -0.00345993041992187
-0.321075439453125 0.0162963867187499 -0.0421066284179688 -0.0474891662597656
-0.203582763671875 0.160018920898437 -0.494537353515625 -0.2703857421875
-0.090484619140625 0.188323974609375 -0.362213134765625 -0.05120849609375
0.029815673828125 0.146774291992188 -0.136207580566406 0.0206375122070313
0.07305908203125 0.05474853515625 -0.110794067382813 -0.0757598876953125
0.0596847534179687 0.0067596435546875 -0.186660766601563 -0.0806579589843749
0.0432548522949219 -0.00112533569335937 -0.278244018554688 -0.017822265625
0.0249786376953125 0.0142631530761719 -0.318023681640625 0.070953369140625
0.0347785949707031 0.0133724212646484 -0.32916259765625 0.103057861328125
0.0403518676757813 0.0346527099609375 -0.362823486328125 0.03790283203125
-0.00185394287109375 0.0420570373535156 -0.3404541015625 -0.1124267578125
-0.0286407470703125 0.0321426391601562 -0.220001220703125 -0.203704833984375
-0.018524169921875 0.0130615234375 -0.05035400390625 -0.221176147460938
-0.02520751953125 0.0105113983154297 0.054779052734375 -0.118766784667969
-0.0625038146972656 0.059112548828125 -0.045379638671875 0.0215721130371094
-0.133934020996094 0.0841522216796875 -0.136184692382813 -0.0682144165039063
-0.087066650390625 -0.1650390625 0.201828002929688 -0.00015258789062501
-0.196044921875 -0.04217529296875 0.0530624389648437 -0.0512847900390625
-0.125831604003906 0.121414184570313 -0.0810165405273438 0.0807571411132813
0.023651123046875 0.158432006835938 0.0301361083984375 0.223709106445313
0.0948028564453125 0.100662231445312 0.189056396484375 0.200180053710938
0.132713317871094 0.0085601806640625 0.34564208984375 0.06982421875
0.13201904296875 -0.03863525390625 0.37646484375 -0.071014404296875
0.1146240234375 -0.0129547119140625 0.323516845703125 -0.119598388671875
0.122734069824219 0.0018768310546875 0.305328369140625 -0.082794189453125
0.09576416015625 0.072723388671875 0.277297973632812 0.0175018310546875
0.012176513671875 0.111671447753906 0.183639526367188 0.0355377197265625
-0.0838394165039063 0.0797271728515625 0.125045776367188 0.017791748046875
-0.128097534179688 -0.0453033447265625 0.219253540039062 -0.024078369140625
-0.0653839111328125 -0.1607666015625 0.42852783203125 -0.01678466796875
0.0404510498046875 -0.174835205078125 0.5858154296875 0.3004150390625
-0.296630859375 -0.203216552734375 0.162033081054687 -0.042724609375
-0.37396240234375 -0.00939941406249994 0.0245285034179687 -0.0646629333496094
-0.257675170898438 0.206802368164062 -0.0904541015625 0.0584716796875
-0.017303466796875 0.2918701171875 0.00953674316406249 0.188003540039063
0.141204833984375 0.22186279296875 0.129608154296875 0.172515869140625
0.254531860351563 0.077392578125 0.276168823242188 0.067291259765625
0.266891479492188 -0.0230560302734375 0.310302734375 -0.047882080078125
0.240432739257812 0.0009918212890625 0.257278442382813 -0.0953216552734375
0.26458740234375 0.023345947265625 0.233139038085938 -0.07281494140625
0.21923828125 0.134185791015625 0.219146728515625 -0.00312805175781249
0.07830810546875 0.225997924804688 0.139259338378906 -0.0114898681640625
-0.0835418701171875 0.210906982421875 0.115226745605469 -0.036865234375
-0.240951538085938 0.046966552734375 0.2398681640625 -0.0805206298828125
-0.25006103515625 -0.11981201171875 0.44635009765625 -0.05194091796875
-0.161972045898438 -0.19085693359375 0.60076904296875 0.253173828125
-0.461883544921875 -0.20623779296875 0.0710220336914062 -0.104377746582031
-0.50146484375 0.0317993164062499 -0.0378570556640625 -0.0754241943359375
-0.354156494140625 0.275299072265625 -0.101951599121094 0.0437164306640625
-0.052581787109375 0.392974853515625 -0.00906372070312499 0.141860961914063
0.170501708984375 0.314849853515625 0.0621414184570313 0.126785278320313
0.342620849609375 0.137664794921875 0.174880981445313 0.05487060546875
0.362762451171875 -0.005340576171875 0.201400756835938 -0.0192413330078125
0.332183837890625 0.013580322265625 0.152236938476563 -0.05609130859375
0.3685302734375 0.037109375 0.122634887695313 -0.0529556274414063
0.318878173828125 0.17437744140625 0.123451232910156 -0.027496337890625
0.1436767578125 0.315887451171875 0.0695915222167969 -0.0664787292480469
-0.065826416015625 0.331085205078125 0.092620849609375 -0.102462768554687
-0.332275390625 0.153717041015625 0.248153686523438 -0.140228271484375
-0.4197998046875 -0.0521545410156251 0.4287109375 -0.078125
-0.35260009765625 -0.18017578125 0.553680419921875 0.187408447265625
-0.55877685546875 -0.16864013671875 -0.0561676025390625 -0.1693115234375
-0.557281494140625 0.0845031738281251 -0.120925903320313 -0.0798187255859375
-0.389251708984375 0.322967529296875 -0.112052917480469 0.0339889526367188
-0.067230224609375 0.446258544921875 -0.02777099609375 0.0831756591796875
0.183135986328125 0.36395263671875 -0.0134124755859375 0.0658721923828125
0.382354736328125 0.172607421875 0.0516090393066406 0.0349273681640625
0.40472412109375 0.01324462890625 0.0655784606933594 0.011566162109375
0.3734130859375 0.024871826171875 0.02471923828125 -0.00696754455566406
0.419281005859375 0.04705810546875 -0.0102424621582031 -0.0222930908203125
0.37188720703125 0.191497802734375 0.000236511230468775 -0.0474967956542969
0.18902587890625 0.36566162109375 -0.0223846435546875 -0.118453979492187
-0.039642333984375 0.41265869140625 0.050445556640625 -0.164825439453125
-0.387969970703125 0.24462890625 0.226211547851563 -0.186920166015625
-0.536956787109375 0.0214843749999999 0.358428955078125 -0.08685302734375
-0.488922119140625 -0.14752197265625 0.437835693359375 0.11553955078125
-0.57366943359375 -0.09661865234375 -0.19866943359375 -0.224716186523437
-0.529052734375 0.141693115234375 -0.208663940429688 -0.07666015625
-0.354583740234375 0.337860107421875 -0.121002197265625 0.0238571166992188
-0.054046630859375 0.432220458984375 -0.0527839660644531 0.018310546875
0.179656982421875 0.349273681640625 -0.0900726318359375 0.00284576416015626
0.368316650390625 0.175537109375 -0.0777206420898437 0.013275146484375
0.386016845703125 0.025054931640625 -0.076568603515625 0.0390625
0.359619140625 0.032073974609375 -0.106254577636719 0.0408096313476563
0.4071044921875 0.052825927734375 -0.147018432617187 0.0118408203125
0.362518310546875 0.187835693359375 -0.134048461914062 -0.061492919921875
0.19451904296875 0.3599853515625 -0.122634887695312 -0.157699584960938
-0.0179443359375 0.420928955078125 -0.00404357910156252 -0.21099853515625
-0.3831787109375 0.28143310546875 0.175704956054688 -0.20794677734375
-0.561004638671875 0.0750427246093749 0.240478515625 -0.0702056884765625
-0.536773681640625 -0.10009765625 0.270858764648438 0.04766845703125
-0.51068115234375 -0.00595092773437495 -0.337432861328125 -0.2601318359375
-0.42449951171875 0.18316650390625 -0.285400390625 -0.0661621093750001
-0.253173828125 0.3065185546875 -0.126930236816406 0.0164108276367188
-0.020050048828125 0.34698486328125 -0.079437255859375 -0.038665771484375
0.15435791015625 0.273056030273438 -0.155548095703125 -0.0499267578125
0.297607421875 0.142730712890625 -0.19073486328125 -0.0037994384765625
0.308319091796875 0.03173828125 -0.202438354492187 0.0613250732421875
0.2919921875 0.032928466796875 -0.220962524414062 0.0820465087890625
0.331756591796875 0.055328369140625 -0.2640380859375 0.0411224365234375
0.2860107421875 0.16033935546875 -0.251998901367188 -0.07159423828125
0.14666748046875 0.29510498046875 -0.203369140625 -0.1829833984375
-0.015380859375 0.341278076171875 -0.0516815185546875 -0.234771728515625
-0.31329345703125 0.235504150390625 0.114547729492187 -0.197067260742188
-0.47418212890625 0.088714599609375 0.1104736328125 -0.0387420654296875
-0.482452392578125 -0.04534912109375 0.0924758911132812 -0.0125350952148438
-0.3778076171875 0.085113525390625 -0.45404052734375 -0.272979736328125
-0.26483154296875 0.19842529296875 -0.344329833984375 -0.05126953125
-0.1156005859375 0.233795166015625 -0.131683349609375 0.0171279907226563
0.0237274169921875 0.208694458007813 -0.101577758789063 -0.0723190307617187
0.109771728515625 0.149978637695312 -0.192153930664063 -0.07806396484375
0.183349609375 0.082855224609375 -0.26519775390625 -0.0115966796875001
0.18402099609375 0.030670166015625 -0.2901611328125 0.077667236328125
0.18011474609375 0.0287017822265625 -0.301727294921875 0.11083984375
0.205520629882813 0.0525970458984375 -0.34442138671875 0.05902099609375
0.156600952148437 0.11676025390625 -0.3321533203125 -0.082183837890625
0.060821533203125 0.1839599609375 -0.244171142578125 -0.194473266601563
-0.02520751953125 0.192489624023438 -0.073150634765625 -0.236648559570312
-0.19000244140625 0.126953125 0.0680084228515625 -0.163604736328125
-0.294891357421875 0.072113037109375 0.00439643859863279 -0.00484466552734375
-0.33587646484375 0.01263427734375 -0.0599708557128906 -0.0577735900878906
-0.200332641601562 0.160186767578125 -0.53656005859375 -0.2615966796875
-0.0895538330078125 0.18548583984375 -0.387115478515625 -0.0299377441406249
0.027191162109375 0.143142700195313 -0.139816284179688 0.03411865234375
0.0653228759765625 0.0563316345214844 -0.115745544433594 -0.0707015991210938
0.0564460754394531 0.0137786865234375 -0.195693969726563 -0.0759735107421875
0.0478248596191406 0.00996017456054688 -0.290008544921875 -0.00637817382812501
0.0345344543457031 0.0230636596679688 -0.329193115234375 0.0877685546875001
0.0426406860351563 0.0198287963867188 -0.33642578125 0.1221923828125
0.0512924194335938 0.0422744750976563 -0.376922607421875 0.059600830078125
0.00493621826171875 0.0563888549804688 -0.36224365234375 -0.0957336425781249
-0.0316505432128906 0.04913330078125 -0.241287231445312 -0.199264526367188
-0.0287456512451172 0.0214023590087891 -0.065704345703125 -0.2249755859375
-0.0391616821289063 0.00617218017578125 0.0464859008789063 -0.122901916503906
-0.0696029663085937 0.0500869750976563 -0.0547370910644531 0.0212059020996094
-0.135093688964844 0.075958251953125 -0.15850830078125 -0.080902099609375
-0.099578857421875 -0.148574829101563 0.2205810546875 0.00308227539062499
-0.192886352539063 -0.0173492431640625 0.0624656677246094 -0.0498619079589844
-0.107521057128906 0.132102966308594 -0.0710906982421875 0.0858230590820313
0.0413818359375 0.149459838867187 0.0466766357421875 0.22357177734375
0.104103088378906 0.0858230590820313 0.206451416015625 0.1900634765625
0.128280639648438 -0.00865936279296875 0.35650634765625 0.047576904296875
0.123733520507813 -0.0548477172851563 0.380035400390625 -0.097686767578125
0.10968017578125 -0.028717041015625 0.322784423828125 -0.142669677734375
0.118667602539063 -0.01580810546875 0.30859375 -0.103729248046875
0.102653503417969 0.0569076538085938 0.288116455078125 0.001373291015625
0.0262680053710938 0.105461120605469 0.18927001953125 0.027679443359375
-0.07110595703125 0.0863800048828125 0.125068664550781 0.0118408203125
-0.126724243164063 -0.0282974243164062 0.2197265625 -0.0444793701171875
-0.078521728515625 -0.146331787109375 0.43707275390625 -0.048248291015625
0.021209716796875 -0.16998291015625 0.62152099609375 0.272705078125
-0.3179931640625 -0.17681884765625 0.175704956054687 -0.0355682373046875
-0.3740234375 0.02520751953125 0.0331268310546875 -0.0597610473632812
-0.240768432617187 0.228500366210938 -0.0808792114257813 0.06536865234375
0.00659179687499998 0.29010009765625 0.0240478515625 0.189712524414063
0.159255981445313 0.2081298828125 0.146194458007813 0.169326782226563
0.25872802734375 0.055389404296875 0.28790283203125 0.0531005859375
0.264205932617188 -0.047454833984375 0.317474365234375 -0.06964111328125
0.240875244140625 -0.022369384765625 0.26104736328125 -0.112579345703125
0.267852783203125 -0.0032196044921875 0.23919677734375 -0.0857696533203125
0.235015869140625 0.113510131835938 0.228515625 -0.0132598876953125
0.102005004882813 0.22186279296875 0.139595031738281 -0.01513671875
-0.0648193359375 0.223312377929688 0.109771728515625 -0.0411148071289062
-0.2423095703125 0.073883056640625 0.234588623046875 -0.1011962890625
-0.270614624023437 -0.094573974609375 0.449981689453125 -0.08197021484375
-0.189849853515625 -0.179534912109375 0.63116455078125 0.224365234375
-0.488189697265625 -0.174072265625 0.0769500732421875 -0.091522216796875
-0.504241943359375 0.0720825195312501 -0.0312957763671875 -0.0652618408203125
-0.34002685546875 0.3060302734375 -0.092254638671875 0.0530624389648438
-0.025543212890625 0.39947509765625 0.00358581542968748 0.145660400390625
0.196136474609375 0.3045654296875 0.075927734375 0.129051208496094
0.35498046875 0.112701416015625 0.18609619140625 0.0491943359375
0.3662109375 -0.03424072265625 0.21087646484375 -0.032562255859375
0.3375244140625 -0.014312744140625 0.159332275390625 -0.064697265625
0.37872314453125 0.006011962890625 0.129135131835938 -0.0551986694335938
0.33929443359375 0.15191650390625 0.130264282226563 -0.02996826171875
0.173583984375 0.312530517578125 0.0647315979003906 -0.0643043518066406
-0.042999267578125 0.346649169921875 0.080902099609375 -0.10467529296875
-0.333984375 0.1868896484375 0.235626220703125 -0.16015625
-0.441619873046875 -0.0184326171875 0.425506591796875 -0.106414794921875
-0.38336181640625 -0.161773681640625 0.57403564453125 0.160400390625
-0.5858154296875 -0.13671875 -0.06085205078125 -0.149993896484375
-0.5650634765625 0.12615966796875 -0.118843078613281 -0.0633773803710937
-0.379180908203125 0.360595703125 -0.104034423828125 0.0457000732421875
-0.039581298828125 0.45989990234375 -0.0197982788085938 0.0888748168945313
0.214080810546875 0.3580322265625 -0.00395202636718749 0.07391357421875
0.401824951171875 0.1512451171875 0.0604019165039063 0.0389022827148438
0.414306640625 -0.016876220703125 0.0758819580078125 0.00783538818359375
0.38348388671875 -0.002471923828125 0.0341148376464844 -0.00700187683105469
0.434722900390625 0.01519775390625 -0.00434589385986325 -0.0138969421386719
0.396026611328125 0.16998291015625 0.00331115722656252 -0.0395965576171875
0.22137451171875 0.3641357421875 -0.0329360961914062 -0.109893798828125
-0.013336181640625 0.429046630859375 0.033599853515625 -0.163711547851562
-0.387542724609375 0.28131103515625 0.209548950195312 -0.203475952148437
-0.558441162109375 0.0594482421875001 0.350341796875 -0.10821533203125
-0.517669677734375 -0.12567138671875 0.445465087890625 0.0943603515625
-0.59881591796875 -0.0689697265624999 -0.214035034179688 -0.200851440429687
-0.536956787109375 0.179046630859375 -0.210891723632813 -0.053253173828125
-0.347930908203125 0.372711181640625 -0.114891052246094 0.0381927490234375
-0.031707763671875 0.451019287109375 -0.048065185546875 0.0261383056640625
0.20904541015625 0.34783935546875 -0.0869293212890625 0.013763427734375
0.390960693359375 0.157989501953125 -0.0722427368164062 0.0252838134765625
0.400238037109375 -0.000701904296875 -0.0674095153808593 0.0457305908203125
0.372314453125 0.00787353515625 -0.096282958984375 0.0505828857421875
0.424072265625 0.025970458984375 -0.141098022460937 0.03057861328125
0.387359619140625 0.1689453125 -0.134994506835937 -0.0444259643554687
0.224212646484375 0.361968994140625 -0.137466430664062 -0.14398193359375
0.00482177734374997 0.43914794921875 -0.0242462158203125 -0.207061767578125
-0.383270263671875 0.313690185546875 0.156356811523438 -0.219009399414063
-0.57843017578125 0.1102294921875 0.231491088867188 -0.083343505859375
-0.562164306640625 -0.078460693359375 0.268142700195312 0.0327911376953125
-0.527374267578125 0.015167236328125 -0.362457275390625 -0.2322998046875
-0.42987060546875 0.208526611328125 -0.293487548828125 -0.03826904296875
-0.252349853515625 0.3319091796875 -0.12286376953125 0.0312652587890625
-0.00567626953125002 0.363800048828125 -0.0803604125976563 -0.0300674438476562
0.175872802734375 0.275634765625 -0.157257080078125 -0.03582763671875
0.318634033203125 0.132720947265625 -0.189422607421875 0.014312744140625
0.324066162109375 0.013580322265625 -0.19598388671875 0.0765838623046875
0.305755615234375 0.01654052734375 -0.211654663085937 0.09954833984375
0.349395751953125 0.036376953125 -0.260574340820313 0.066253662109375
0.308074951171875 0.151397705078125 -0.257644653320313 -0.0474243164062501
0.169769287109375 0.300933837890625 -0.220550537109375 -0.164810180664062
-0.000152587890625005 0.355682373046875 -0.07281494140625 -0.228530883789063
-0.317291259765625 0.259490966796875 0.0964202880859375 -0.202850341796875
-0.48846435546875 0.115325927734375 0.101097106933594 -0.0441436767578125
-0.50091552734375 -0.02935791015625 0.079864501953125 -0.0213165283203125
-0.3831787109375 0.0966796875 -0.4864501953125 -0.244476318359375
-0.2669677734375 0.208236694335938 -0.355682373046875 -0.0205993652343749
-0.116470336914062 0.245086669921875 -0.129165649414063 0.0321197509765625
0.026092529296875 0.219345092773438 -0.105117797851562 -0.0638351440429688
0.120681762695312 0.15533447265625 -0.197952270507813 -0.06427001953125
0.19854736328125 0.0819244384765625 -0.267623901367188 0.00917053222656251
0.198776245117188 0.0237274169921875 -0.2879638671875 0.098663330078125
0.192245483398438 0.021575927734375 -0.294830322265625 0.133392333984375
0.22149658203125 0.0442047119140625 -0.343475341796875 0.088653564453125
0.173828125 0.11761474609375 -0.34234619140625 -0.0546569824218749
0.0745086669921875 0.1951904296875 -0.262222290039062 -0.17626953125
-0.0209503173828125 0.2052001953125 -0.09320068359375 -0.230682373046875
-0.198989868164063 0.139144897460937 0.053375244140625 -0.165603637695313
-0.305328369140625 0.0829162597656249 -0.00352692604064943 -0.00425100326538085
-0.345245361328125 0.0189208984375 -0.0792236328125 -0.06243896484375
-0.191757202148438 0.16180419921875 -0.57012939453125 -0.23394775390625
-0.084442138671875 0.181198120117188 -0.400909423828125 0.00100708007812496
0.025665283203125 0.139312744140625 -0.137054443359375 0.0484237670898438
0.058441162109375 0.0584259033203125 -0.119155883789063 -0.0630569458007812
0.0548019409179687 0.0192375183105469 -0.202163696289063 -0.0653533935546875
0.0540428161621094 0.0182723999023438 -0.295196533203125 0.011474609375
0.0453567504882812 0.0282020568847656 -0.32952880859375 0.110015869140625
0.0506477355957031 0.0231475830078125 -0.3328857421875 0.147369384765625
0.0633277893066406 0.0450248718261719 -0.3795166015625 0.08953857421875
0.0157012939453125 0.067657470703125 -0.376373291015625 -0.06689453125
-0.0296249389648437 0.0649871826171875 -0.260162353515625 -0.182601928710937
-0.0360107421875 0.0309829711914063 -0.0850830078125 -0.221511840820313
-0.0518684387207031 0.00652694702148436 0.0347213745117187 -0.12347412109375
-0.0768280029296875 0.044219970703125 -0.06195068359375 0.0227813720703125
-0.134292602539063 0.07037353515625 -0.181488037109375 -0.0840911865234375
-0.104972839355469 -0.129203796386719 0.23486328125 0.00257873535156249
-0.181304931640625 0.00267028808593751 0.0696945190429687 -0.0499458312988281
-0.088409423828125 0.133987426757813 -0.0605392456054688 0.086273193359375
0.0542755126953125 0.136260986328125 0.0600128173828125 0.216110229492188
0.106956481933594 0.0709381103515625 0.215911865234375 0.17535400390625
0.118743896484375 -0.021759033203125 0.355255126953125 0.0255126953125
0.110679626464844 -0.0665740966796875 0.370819091796875 -0.119842529296875
0.100044250488281 -0.04071044921875 0.31280517578125 -0.160003662109375
0.109634399414063 -0.0301589965820313 0.30126953125 -0.11962890625
0.102256774902344 0.0409011840820313 0.288604736328125 -0.015594482421875
0.0367813110351562 0.0948028564453125 0.189102172851562 0.018951416015625
-0.0581207275390625 0.0878219604492187 0.121833801269531 0.00721740722656251
-0.119880676269531 -0.0136260986328125 0.212020874023437 -0.0610504150390625
-0.0859298706054688 -0.1290283203125 0.431182861328125 -0.07513427734375
0.00445556640625002 -0.159347534179687 0.63427734375 0.23876953125
-0.324981689453125 -0.147857666015625 0.186325073242187 -0.030059814453125
-0.359466552734375 0.0533752441406249 0.0403785705566406 -0.0558319091796875
-0.217742919921875 0.238861083984375 -0.0702896118164063 0.0684165954589844
0.0256500244140625 0.279281616210938 0.0371856689453125 0.185775756835938
0.168563842773438 0.189224243164063 0.156784057617188 0.159286499023438
0.2537841796875 0.0352630615234375 0.290313720703125 0.03717041015625
0.25262451171875 -0.0672149658203125 0.31317138671875 -0.08795166015625
0.232330322265625 -0.04150390625 0.256195068359375 -0.126251220703125
0.261428833007813 -0.026611328125 0.236907958984375 -0.0966796875
0.240142822265625 0.09136962890625 0.231002807617188 -0.02410888671875
0.119522094726563 0.209808349609375 0.137832641601563 -0.0177536010742187
-0.0455474853515625 0.227066040039063 0.1026611328125 -0.0423355102539062
-0.23504638671875 0.0952911376953125 0.2218017578125 -0.1158447265625
-0.278793334960938 -0.068115234375 0.4404296875 -0.10638427734375
-0.207656860351563 -0.161041259765625 0.638916015625 0.19207763671875
-0.494903564453125 -0.14056396484375 0.0832748413085937 -0.078643798828125
-0.489471435546875 0.1055908203125 -0.0235939025878907 -0.0569496154785156
-0.31591796875 0.323516845703125 -0.0821609497070313 0.0577392578125
-0.00317382812499999 0.39312744140625 0.0152587890625 0.14471435546875
0.211395263671875 0.285430908203125 0.08709716796875 0.126052856445313
0.355377197265625 0.088043212890625 0.192062377929688 0.0408935546875
0.357940673828125 -0.059967041015625 0.21319580078125 -0.04461669921875
0.33087158203125 -0.03790283203125 0.160263061523438 -0.073211669921875
0.373443603515625 -0.022674560546875 0.132133483886719 -0.0580596923828125
0.34771728515625 0.124847412109375 0.134040832519531 -0.0321121215820312
0.195526123046875 0.299346923828125 0.0588912963867188 -0.0609855651855468
-0.01947021484375 0.350494384765625 0.0699234008789063 -0.102203369140625
-0.32427978515625 0.212158203125 0.21771240234375 -0.171478271484375
-0.447235107421875 0.0135803222656249 0.411712646484375 -0.127227783203125
-0.3997802734375 -0.13726806640625 0.5736083984375 0.13238525390625
-0.59429931640625 -0.10321044921875 -0.05908203125 -0.129234313964844
-0.551025390625 0.158843994140625 -0.111030578613281 -0.0491867065429687
-0.35595703125 0.381744384765625 -0.0930023193359376 0.0529098510742188
-0.01470947265625 0.459014892578125 -0.0102310180664063 0.0917816162109375
0.23394775390625 0.340545654296875 0.00546264648437502 0.0768203735351563
0.408355712890625 0.12518310546875 0.0681686401367188 0.0385360717773438
0.4097900390625 -0.044952392578125 0.0820999145507813 0.00283050537109375
0.3795166015625 -0.027984619140625 0.0411872863769531 -0.00883102416992188
0.43182373046875 -0.013885498046875 0.00335979461669925 -0.00808095932006836
0.4061279296875 0.144317626953125 0.0076866149902344 -0.0343303680419922
0.24554443359375 0.351226806640625 -0.0393295288085937 -0.0995635986328125
0.012176513671875 0.431671142578125 0.018707275390625 -0.157241821289062
-0.375213623046875 0.30865478515625 0.1876220703125 -0.21075439453125
-0.55914306640625 0.093414306640625 0.335418701171875 -0.122650146484375
-0.531585693359375 -0.0975341796875 0.43914794921875 0.07373046875
-0.60546875 -0.03863525390625 -0.218414306640625 -0.173110961914062
-0.52716064453125 0.206298828125 -0.205230712890625 -0.0322723388671875
-0.32940673828125 0.394805908203125 -0.104644775390625 0.0483474731445313
-0.00967407226562505 0.453765869140625 -0.0413322448730469 0.0312156677246094
0.229248046875 0.33551025390625 -0.079254150390625 0.0231781005859375
0.400665283203125 0.135223388671875 -0.0640335083007812 0.0333404541015625
0.400848388671875 -0.02606201171875 -0.0575942993164062 0.0487861633300781
0.37158203125 -0.015289306640625 -0.0850601196289062 0.0554122924804688
0.425811767578125 -0.00274658203125 -0.129951477050781 0.0442428588867187
0.39874267578125 0.1458740234375 -0.130157470703125 -0.0298919677734375
0.246368408203125 0.352020263671875 -0.145355224609375 -0.126632690429687
0.027252197265625 0.438934326171875 -0.040435791015625 -0.196151733398437
-0.37152099609375 0.337066650390625 0.135665893554687 -0.220108032226563
-0.57861328125 0.14166259765625 0.2178955078125 -0.091888427734375
-0.57000732421875 -0.0538940429687499 0.258209228515625 0.0197296142578125
-0.528076171875 0.0341186523437501 -0.3720703125 -0.199554443359375
-0.4228515625 0.22564697265625 -0.289886474609375 -0.0126953125
-0.24212646484375 0.34771728515625 -0.114707946777344 0.0420608520507813
0.00909423828124998 0.369384765625 -0.0771484375 -0.0222930908203125
0.19189453125 0.269134521484375 -0.152816772460938 -0.0227813720703125
0.3299560546875 0.118377685546875 -0.182144165039062 0.02899169921875
0.329254150390625 -0.005340576171875 -0.184799194335938 0.0868377685546875
0.30828857421875 -0.000762939453125 -0.197341918945313 0.110733032226563
0.354736328125 0.016387939453125 -0.247604370117187 0.0861968994140625
0.3197021484375 0.136474609375 -0.252899169921875 -0.0252227783203125
0.187591552734375 0.297393798828125 -0.227706909179687 -0.143325805664063
0.016387939453125 0.35943603515625 -0.0880584716796875 -0.214996337890625
-0.31024169921875 0.276611328125 0.0788116455078125 -0.19927978515625
-0.48675537109375 0.1375732421875 0.0912322998046875 -0.0449066162109375
-0.5037841796875 -0.012451171875 0.0656700134277344 -0.0262107849121094
-0.377227783203125 0.104400634765625 -0.499481201171875 -0.2088623046875
-0.261642456054688 0.213241577148438 -0.35595703125 0.00756835937500009
-0.113815307617188 0.251220703125 -0.122825622558594 0.0439910888671875
0.0302276611328125 0.224853515625 -0.10498046875 -0.05438232421875
0.128326416015625 0.15570068359375 -0.196395874023437 -0.050048828125
0.209075927734375 0.0772247314453125 -0.262039184570313 0.0273284912109375
0.207183837890625 0.0146942138671875 -0.277099609375 0.114120483398437
0.197677612304688 0.013092041015625 -0.279708862304688 0.148712158203125
0.23016357421875 0.033203125 -0.3306884765625 0.111328125
0.186447143554688 0.11285400390625 -0.339324951171875 -0.027740478515625
0.08660888671875 0.199493408203125 -0.270034790039063 -0.153778076171875
-0.0142059326171875 0.212387084960938 -0.108535766601563 -0.217132568359375
-0.2012939453125 0.149261474609375 0.0387115478515625 -0.160858154296875
-0.30780029296875 0.091522216796875 -0.0106973648071289 -0.00196456909179687
-0.345001220703125 0.024444580078125 -0.095703125 -0.0621261596679687
-0.180908203125 0.158004760742188 -0.58514404296875 -0.19720458984375
-0.0801239013671875 0.173370361328125 -0.400238037109375 0.0302124023437499
0.0227890014648438 0.132949829101563 -0.129936218261719 0.0597991943359375
0.0518341064453125 0.0609931945800781 -0.118919372558594 -0.0538101196289062
0.0533828735351563 0.0242424011230469 -0.201766967773438 -0.053558349609375
0.0607757568359375 0.023468017578125 -0.290679931640625 0.0286560058593749
0.05548095703125 0.0298385620117187 -0.3214111328125 0.1273193359375
0.0577507019042969 0.0242729187011719 -0.319305419921875 0.16412353515625
0.0734481811523437 0.04473876953125 -0.3685302734375 0.11480712890625
0.0272750854492187 0.0730133056640625 -0.3759765625 -0.0389709472656251
-0.0236892700195313 0.076416015625 -0.268814086914062 -0.1622314453125
-0.0393600463867188 0.040771484375 -0.098846435546875 -0.2100830078125
-0.06268310546875 0.00893402099609374 0.0245437622070313 -0.119728088378906
-0.0833282470703125 0.0395889282226563 -0.0676498413085937 0.0250625610351563
-0.131721496582031 0.0637969970703125 -0.199600219726562 -0.08209228515625
-0.102989196777344 -0.113433837890625 0.245437622070313 0.00549316406249999
-0.167633056640625 0.014495849609375 0.0766677856445312 -0.0486831665039063
-0.0748291015625 0.130821228027344 -0.052734375 0.084014892578125
0.05938720703125 0.12213134765625 0.066680908203125 0.208694458007813
0.105117797851563 0.058837890625 0.21673583984375 0.16424560546875
0.109046936035156 -0.0280990600585938 0.34918212890625 0.013427734375
0.098724365234375 -0.0716552734375 0.3599853515625 -0.1295166015625
0.0900344848632813 -0.04718017578125 0.302276611328125 -0.164398193359375
0.0997467041015625 -0.03863525390625 0.294525146484375 -0.12640380859375
0.0990219116210938 0.0293045043945313 0.28497314453125 -0.025054931640625
0.041351318359375 0.0847930908203125 0.185791015625 0.0151519775390625
-0.048583984375 0.0854034423828125 0.118377685546875 0.0057220458984375
-0.110984802246094 -0.00448608398437502 0.20330810546875 -0.0692291259765625
-0.0871505737304687 -0.114532470703125 0.419464111328125 -0.0870361328125
-0.00535583496093749 -0.145462036132813 0.63275146484375 0.2191162109375
-0.32122802734375 -0.128509521484375 0.197036743164062 -0.0224609375
-0.3428955078125 0.068206787109375 0.0480270385742187 -0.0527839660644531
-0.200790405273437 0.238662719726562 -0.062042236328125 0.0665664672851563
0.0336761474609375 0.266021728515625 0.0441131591796875 0.179611206054688
0.169387817382813 0.174896240234375 0.160568237304688 0.151611328125
0.244369506835938 0.0247955322265625 0.288360595703125 0.02838134765625
0.240188598632813 -0.07757568359375 0.30712890625 -0.09710693359375
0.221435546875 -0.051788330078125 0.250473022460938 -0.129837036132812
0.25042724609375 -0.0398101806640625 0.2335205078125 -0.0997314453125
0.238204956054688 0.0757293701171875 0.23004150390625 -0.0301055908203125
0.128326416015625 0.197784423828125 0.134613037109375 -0.0175094604492187
-0.034210205078125 0.225860595703125 0.0972671508789062 -0.0399169921875
-0.225296020507813 0.107421875 0.209381103515625 -0.121566772460938
-0.279052734375 -0.0498657226562499 0.426177978515625 -0.11651611328125
-0.216384887695313 -0.145553588867187 0.6326904296875 0.17462158203125
-0.491729736328125 -0.120361328125 0.0924072265625 -0.0663299560546875
-0.47308349609375 0.120880126953125 -0.01593017578125 -0.0510292053222656
-0.297882080078125 0.326019287109375 -0.0730972290039063 0.0583877563476563
0.00903320312499997 0.3822021484375 0.022308349609375 0.141647338867188
0.215011596679688 0.27032470703125 0.0926284790039063 0.122169494628906
0.348846435546875 0.073974609375 0.194168090820313 0.0361785888671875
0.34588623046875 -0.073028564453125 0.212326049804688 -0.0516204833984375
0.32061767578125 -0.05047607421875 0.160476684570313 -0.0762176513671875
0.364501953125 -0.039154052734375 0.134307861328125 -0.0570907592773438
0.346771240234375 0.10760498046875 0.135643005371094 -0.0338058471679687
0.20599365234375 0.287811279296875 0.0563697814941407 -0.0563278198242187
-0.00613403320312498 0.34820556640625 0.0619430541992188 -0.0960617065429687
-0.314605712890625 0.224517822265625 0.203231811523438 -0.17352294921875
-0.44635009765625 0.0341491699218749 0.39703369140625 -0.1337890625
-0.405242919921875 -0.12188720703125 0.56463623046875 0.118896484375
-0.59027099609375 -0.08453369140625 -0.0510330200195313 -0.11248779296875
-0.534637451171875 0.172027587890625 -0.101852416992188 -0.039337158203125
-0.340484619140625 0.387542724609375 -0.0844268798828125 0.0548248291015625
-0.00183105468750002 0.4522705078125 -0.00396728515625 0.0908889770507813
0.24029541015625 0.325836181640625 0.0127029418945313 0.0776138305664063
0.405487060546875 0.11083984375 0.0740280151367188 0.0393142700195313
0.4002685546875 -0.0599365234375 0.0869216918945313 -0.000137329101562504
0.3714599609375 -0.040679931640625 0.0460777282714844 -0.00981903076171875
0.425872802734375 -0.0318603515625 0.0107879638671875 -0.00431060791015625
0.406829833984375 0.125579833984375 0.0126628875732422 -0.0304756164550781
0.255218505859375 0.339691162109375 -0.0419082641601562 -0.0898590087890625
0.02471923828125 0.428131103515625 0.010833740234375 -0.147735595703125
-0.3658447265625 0.318511962890625 0.17266845703125 -0.20806884765625
-0.55523681640625 0.112335205078125 0.31964111328125 -0.126556396484375
-0.53265380859375 -0.0839538574218751 0.42779541015625 0.0650634765625
-0.60064697265625 -0.0268554687500001 -0.213027954101563 -0.151885986328125
-0.515472412109375 0.215057373046875 -0.1956787109375 -0.0195465087890625
-0.318206787109375 0.403594970703125 -0.0958786010742188 0.0519256591796875
0.00213623046875005 0.4522705078125 -0.0360832214355469 0.0345497131347657
0.236419677734375 0.325225830078125 -0.0715103149414062 0.0279922485351563
0.40081787109375 0.121795654296875 -0.055938720703125 0.0379867553710937
0.39581298828125 -0.0396728515625 -0.0495681762695312 0.0488433837890625
0.367431640625 -0.027008056640625 -0.0747528076171875 0.0570449829101563
0.42120361328125 -0.0174560546875 -0.118682861328125 0.0515594482421875
0.400177001953125 0.13116455078125 -0.122360229492187 -0.0206985473632813
0.255615234375 0.343170166015625 -0.144912719726563 -0.113265991210937
0.03826904296875 0.435638427734375 -0.048126220703125 -0.183807373046875
-0.3642578125 0.345672607421875 0.120498657226562 -0.2139892578125
-0.572021484375 0.156005859375 0.20538330078125 -0.0912017822265625
-0.56842041015625 -0.04376220703125 0.244888305664062 0.01507568359375
-0.522918701171875 0.0397338867187499 -0.368927001953125 -0.176025390625
-0.417266845703125 0.22955322265625 -0.2816162109375 0.00262451171874996
-0.23675537109375 0.353851318359375 -0.106475830078125 0.0476913452148438
0.0150146484375 0.371246337890625 -0.0724411010742187 -0.017578125
0.198013305664063 0.26361083984375 -0.145858764648438 -0.0142974853515625
0.3345947265625 0.10919189453125 -0.172897338867188 0.0371246337890625
0.32904052734375 -0.015472412109375 -0.174728393554687 0.0905914306640625
0.307098388671875 -0.0087890625 -0.185455322265625 0.113555908203125
0.354461669921875 0.004058837890625 -0.233169555664063 0.0962066650390625
0.32476806640625 0.126861572265625 -0.243698120117187 -0.012786865234375
0.196533203125 0.293670654296875 -0.226806640625 -0.128326416015625
0.022216796875 0.3582763671875 -0.0948638916015625 -0.202224731445312
-0.307403564453125 0.282196044921875 0.0675048828125 -0.19146728515625
-0.483856201171875 0.146270751953125 0.0826492309570312 -0.0426559448242187
-0.501678466796875 -0.00866699218750007 0.0537223815917969 -0.0272102355957031
-0.372283935546875 0.10211181640625 -0.499298095703125 -0.185150146484375
-0.259780883789063 0.208694458007813 -0.34893798828125 0.023651123046875
-0.11553955078125 0.252883911132813 -0.115684509277344 0.0493621826171875
0.029815673828125 0.230117797851563 -0.101150512695313 -0.0486526489257812
0.130844116210938 0.155548095703125 -0.190872192382813 -0.04254150390625
0.215072631835938 0.0746307373046875 -0.252578735351563 0.0357818603515625
0.211746215820313 0.0095062255859375 -0.267044067382813 0.1201171875
0.19952392578125 0.0091705322265625 -0.2659912109375 0.153152465820313
0.233474731445313 0.0265350341796875 -0.315521240234375 0.1231689453125
0.193359375 0.109100341796875 -0.328857421875 -0.012298583984375
0.0938568115234375 0.201995849609375 -0.268966674804688 -0.138671875
-0.012451171875 0.214950561523438 -0.114181518554687 -0.205429077148437
-0.204498291015625 0.153915405273438 0.03070068359375 -0.152572631835938
-0.30902099609375 0.09381103515625 -0.0156869888305664 0.000250816345214849
-0.343048095703125 0.0212707519531249 -0.108207702636719 -0.0616836547851563
-0.174697875976562 0.148223876953125 -0.5860595703125 -0.1783447265625
-0.080841064453125 0.162750244140625 -0.394866943359375 0.0445556640624999
0.016082763671875 0.129081726074219 -0.122978210449219 0.0646286010742188
0.0450820922851563 0.0649337768554688 -0.115097045898438 -0.0489730834960938
0.0515327453613281 0.0293006896972656 -0.197708129882813 -0.0472869873046875
0.0670242309570313 0.027099609375 -0.284027099609375 0.036773681640625
0.0632438659667969 0.0303459167480469 -0.3123779296875 0.133453369140625
0.0632171630859375 0.0256500244140625 -0.30712890625 0.169036865234375
0.0801849365234375 0.0439605712890625 -0.3555908203125 0.125946044921875
0.037353515625 0.0770187377929687 -0.36810302734375 -0.021728515625
-0.0183563232421875 0.08526611328125 -0.2685546875 -0.14727783203125
-0.0417709350585938 0.0481529235839844 -0.1038818359375 -0.200302124023438
-0.0713043212890625 0.011383056640625 0.0189743041992187 -0.114280700683594
-0.089385986328125 0.0352401733398438 -0.0717926025390625 0.0262069702148437
-0.131271362304688 0.0542373657226563 -0.211837768554688 -0.0819091796875
-0.09906005859375 -0.103378295898437 0.259109497070312 0.01190185546875
-0.15777587890625 0.0210418701171875 0.084686279296875 -0.0472412109375
-0.0660018920898438 0.127189636230469 -0.04803466796875 0.0811920166015625
0.0618133544921875 0.112739562988281 0.0694427490234375 0.20440673828125
0.102935791015625 0.0524673461914063 0.21697998046875 0.159759521484375
0.102546691894531 -0.0315704345703125 0.346649169921875 0.0093994140625
0.0906753540039063 -0.073974609375 0.358154296875 -0.133392333984375
0.0829696655273438 -0.0508041381835938 0.301116943359375 -0.1654052734375
0.0924072265625 -0.0438690185546875 0.293212890625 -0.127899169921875
0.0958251953125 0.0215530395507813 0.28466796875 -0.02838134765625
0.0436859130859375 0.0778427124023438 0.185470581054688 0.0153961181640625
-0.0425338745117187 0.0833053588867188 0.117256164550781 0.0070037841796875
-0.103431701660156 -3.81469726562484E-05 0.199478149414063 -0.0735931396484375
-0.0856399536132813 -0.104522705078125 0.41729736328125 -0.090789794921875
-0.00976562499999999 -0.135299682617188 0.63543701171875 0.21685791015625
-0.318450927734375 -0.120361328125 0.210357666015625 -0.0131072998046875
-0.333282470703125 0.074432373046875 0.05609130859375 -0.0500984191894531
-0.192794799804688 0.236846923828125 -0.0573234558105469 0.0647964477539063
0.035400390625 0.25823974609375 0.047271728515625 0.177764892578125
0.16778564453125 0.168487548828125 0.162750244140625 0.149826049804688
0.239776611328125 0.0199432373046875 0.288818359375 0.0257568359375
0.231887817382813 -0.082061767578125 0.3079833984375 -0.099334716796875
0.215896606445313 -0.05694580078125 0.25152587890625 -0.130599975585938
0.24517822265625 -0.0470733642578125 0.236221313476563 -0.099945068359375
0.236846923828125 0.06640625 0.232711791992188 -0.03179931640625
0.133209228515625 0.191864013671875 0.133926391601563 -0.01519775390625
-0.027984619140625 0.226028442382813 0.0952224731445313 -0.0367431640625
-0.22186279296875 0.11468505859375 0.204254150390625 -0.122772216796875
-0.282379150390625 -0.038848876953125 0.42333984375 -0.117431640625
-0.224044799804688 -0.137237548828125 0.63262939453125 0.1768798828125
-0.490692138671875 -0.114044189453125 0.104301452636719 -0.0546493530273438
-0.465240478515625 0.126220703125 -0.0072746276855469 -0.0457611083984375
-0.291168212890625 0.327362060546875 -0.0675239562988281 0.0575904846191406
0.011749267578125 0.378753662109375 0.0265121459960937 0.140327453613281
0.214828491210938 0.264419555664063 0.0969924926757813 0.121620178222656
0.345794677734375 0.07000732421875 0.197540283203125 0.0351409912109375
0.340118408203125 -0.078460693359375 0.215240478515625 -0.0541534423828125
0.3172607421875 -0.054962158203125 0.163238525390625 -0.076934814453125
0.360626220703125 -0.046966552734375 0.139137268066406 -0.0557327270507813
0.34808349609375 0.099761962890625 0.139106750488281 -0.0337295532226562
0.21209716796875 0.283966064453125 0.0560722351074219 -0.0520591735839844
-0.00115966796875001 0.34954833984375 0.0588455200195313 -0.0904693603515625
-0.31414794921875 0.233245849609375 0.195816040039062 -0.172012329101562
-0.450469970703125 0.0440063476562499 0.391754150390625 -0.133148193359375
-0.41357421875 -0.11737060546875 0.56317138671875 0.12054443359375
-0.591552734375 -0.08074951171875 -0.0420913696289063 -0.0997390747070313
-0.53167724609375 0.177154541015625 -0.0944366455078125 -0.0333023071289063
-0.336578369140625 0.392425537109375 -0.0786514282226563 0.0551681518554688
0.00128173828125002 0.452392578125 0.00141906738281249 0.0907745361328125
0.241973876953125 0.322509765625 0.018218994140625 0.0787429809570313
0.406005859375 0.105682373046875 0.0799026489257813 0.0400619506835938
0.397857666015625 -0.064849853515625 0.091644287109375 -0.00214385986328125
0.3701171875 -0.045684814453125 0.0515022277832031 -0.0102348327636719
0.424285888671875 -0.038787841796875 0.0181808471679688 -0.00094413757324219
0.410247802734375 0.1201171875 0.0174808502197266 -0.0278034210205078
0.2633056640625 0.338165283203125 -0.041900634765625 -0.0834579467773437
0.027069091796875 0.4310302734375 0.00733947753906251 -0.140701293945312
-0.367156982421875 0.32537841796875 0.165023803710937 -0.20465087890625
-0.560791015625 0.12158203125 0.31494140625 -0.12371826171875
-0.538665771484375 -0.08258056640625 0.422515869140625 0.06646728515625
-0.603515625 -0.0272216796874999 -0.2066650390625 -0.139312744140625
-0.51495361328125 0.216522216796875 -0.19000244140625 -0.0120391845703125
-0.318328857421875 0.408477783203125 -0.0907135009765625 0.0534439086914063
0.00463867187500002 0.457061767578125 -0.0314559936523437 0.0354804992675782
0.23992919921875 0.323974609375 -0.0658035278320312 0.0300025939941406
0.40643310546875 0.11883544921875 -0.048980712890625 0.0405082702636719
0.396331787109375 -0.044677734375 -0.0446701049804687 0.0485191345214844
0.367706298828125 -0.029998779296875 -0.0687713623046875 0.0564117431640625
0.423614501953125 -0.024078369140625 -0.110038757324219 0.0550918579101562
0.405670166015625 0.128509521484375 -0.116798400878906 -0.0168609619140625
0.262481689453125 0.3436279296875 -0.14459228515625 -0.10650634765625
0.04010009765625 0.44000244140625 -0.0511627197265625 -0.176422119140625
-0.367919921875 0.35223388671875 0.1143798828125 -0.208831787109375
-0.576904296875 0.16265869140625 0.199111938476562 -0.0874481201171875
-0.57513427734375 -0.0464477539062501 0.237380981445312 0.0174102783203125
-0.527435302734375 0.035430908203125 -0.366851806640625 -0.165252685546875
-0.420623779296875 0.227142333984375 -0.278076171875 0.011444091796875
-0.2410888671875 0.360687255859375 -0.102378845214844 0.0499954223632813
0.015167236328125 0.38043212890625 -0.0687599182128906 -0.0153923034667969
0.201309204101563 0.26611328125 -0.141433715820313 -0.011749267578125
0.340576171875 0.107696533203125 -0.166641235351562 0.0400390625
0.333526611328125 -0.019073486328125 -0.169509887695312 0.0918731689453125
0.310028076171875 -0.01141357421875 -0.178619384765625 0.114349365234375
0.3583984375 -9.1552734375E-05 -0.224655151367187 0.100662231445313
0.331146240234375 0.12457275390625 -0.23773193359375 -0.00704956054687501
0.20263671875 0.29669189453125 -0.226608276367187 -0.120513916015625
0.021820068359375 0.3631591796875 -0.097198486328125 -0.19403076171875
-0.31341552734375 0.28741455078125 0.0621795654296875 -0.185348510742187
-0.490234375 0.148101806640625 0.0770263671875 -0.0394973754882812
-0.50634765625 -0.0151062011718749 0.0430641174316406 -0.0262603759765625
-0.377044677734375 0.093414306640625 -0.50128173828125 -0.17755126953125
-0.266632080078125 0.203140258789062 -0.34698486328125 0.031494140625
-0.123489379882813 0.256988525390625 -0.112480163574219 0.0522613525390625
0.0265655517578125 0.238250732421875 -0.0987548828125 -0.0463943481445312
0.13262939453125 0.160842895507813 -0.187179565429688 -0.039215087890625
0.22235107421875 0.07568359375 -0.248825073242187 0.038909912109375
0.218276977539063 0.0074920654296875 -0.263992309570313 0.122344970703125
0.204330444335937 0.0098419189453125 -0.261215209960938 0.153335571289063
0.239105224609375 0.024749755859375 -0.30810546875 0.127105712890625
0.201065063476563 0.109756469726563 -0.324249267578125 -0.00521850585937503
0.09930419921875 0.208526611328125 -0.268112182617188 -0.131607055664062
-0.014434814453125 0.220565795898438 -0.116455078125 -0.198760986328125
-0.212142944335938 0.15692138671875 0.0276336669921875 -0.14801025390625
-0.316009521484375 0.0928344726562499 -0.0209846496582031 0.00235176086425782
-0.34716796875 0.0118408203125 -0.120262145996094 -0.0623703002929687
-0.175384521484375 0.137222290039063 -0.5902099609375 -0.1724853515625
-0.0866546630859375 0.154586791992188 -0.39520263671875 0.05145263671875
0.00811004638671874 0.128646850585938 -0.120513916015625 0.0672149658203125
0.039520263671875 0.0716705322265625 -0.113204956054687 -0.0470809936523438
0.0508346557617188 0.0347862243652344 -0.196014404296875 -0.0458221435546875
0.0735092163085938 0.031158447265625 -0.28192138671875 0.03802490234375
0.0716323852539063 0.0315322875976563 -0.3101806640625 0.13525390625
0.0690574645996094 0.0275802612304688 -0.30340576171875 0.170501708984375
0.0858612060546875 0.0449142456054688 -0.350311279296875 0.129425048828125
0.045257568359375 0.0797348022460938 -0.3636474609375 -0.014312744140625
-0.0142593383789062 0.09320068359375 -0.268646240234375 -0.141464233398437
-0.0436782836914063 0.0551300048828125 -0.106704711914062 -0.195556640625
-0.0797500610351563 0.0132217407226562 0.0166778564453125 -0.110710144042969
-0.096923828125 0.0317764282226563 -0.077117919921875 0.026458740234375
-0.13446044921875 0.0438919067382812 -0.225372314453125 -0.084442138671875
-0.0966415405273437 -0.0977401733398438 0.279052734375 0.01788330078125
-0.151885986328125 0.0267181396484375 0.0954437255859375 -0.0474090576171875
-0.0610809326171875 0.126396179199219 -0.0455856323242188 0.0802688598632813
0.0630035400390625 0.107101440429687 0.0723419189453125 0.206161499023437
0.103164672851562 0.0480422973632812 0.222381591796875 0.161605834960938
0.0998306274414063 -0.0336456298828125 0.353668212890625 0.006134033203125
0.085968017578125 -0.0764694213867188 0.367034912109375 -0.13751220703125
0.078765869140625 -0.0549850463867187 0.307861328125 -0.169403076171875
0.0880889892578125 -0.0489349365234375 0.299835205078125 -0.1312255859375
0.0952301025390625 0.0150680541992187 0.2921142578125 -0.030670166015625
0.0466079711914063 0.0730361938476563 0.189773559570313 0.0164947509765625
-0.0385513305664062 0.08270263671875 0.120246887207031 0.00836944580078126
-0.0993576049804687 0.00209045410156251 0.20013427734375 -0.078460693359375
-0.0869293212890625 -0.0992355346679687 0.427032470703125 -0.093719482421875
-0.0128173828125 -0.128372192382813 0.65423583984375 0.22491455078125
-0.324005126953125 -0.117156982421875 0.229583740234375 -0.00523376464843751
-0.332550048828125 0.078704833984375 0.0658226013183593 -0.0481834411621094
-0.191680908203125 0.24066162109375 -0.0547599792480469 0.0639495849609375
0.0378265380859375 0.258834838867188 0.0513458251953125 0.179000854492188
0.170364379882812 0.167617797851562 0.168609619140625 0.151412963867188
0.241592407226563 0.01763916015625 0.29681396484375 0.0242919921875
0.232070922851563 -0.08514404296875 0.31671142578125 -0.104034423828125
0.216339111328125 -0.0611724853515625 0.259475708007813 -0.1341552734375
0.247039794921875 -0.054046630859375 0.244415283203125 -0.101394653320313
0.24212646484375 0.06085205078125 0.2396240234375 -0.034271240234375
0.140853881835938 0.192657470703125 0.137245178222656 -0.013580322265625
-0.02349853515625 0.231903076171875 0.0966949462890625 -0.0338287353515625
-0.2242431640625 0.123153686523437 0.204849243164063 -0.125656127929688
-0.2901611328125 -0.03131103515625 0.43121337890625 -0.118927001953125
-0.234756469726563 -0.133865356445313 0.6505126953125 0.18328857421875
-0.503448486328125 -0.114471435546875 0.119560241699219 -0.0453414916992188
-0.47113037109375 0.130340576171875 -0.000423431396484408 -0.0430145263671875
-0.294403076171875 0.33514404296875 -0.0643157958984375 0.0573959350585938
0.011383056640625 0.3858642578125 0.0302886962890625 0.141998291015625
0.219146728515625 0.26800537109375 0.102684020996094 0.124008178710938
0.353607177734375 0.06829833984375 0.206130981445313 0.034912109375
0.34381103515625 -0.082977294921875 0.223541259765625 -0.0577392578125
0.322357177734375 -0.05999755859375 0.170944213867188 -0.0790557861328125
0.3668212890625 -0.053802490234375 0.148223876953125 -0.0559844970703125
0.35748291015625 0.095458984375 0.145965576171875 -0.0341339111328125
0.222930908203125 0.288848876953125 0.057159423828125 -0.0494461059570312
0.001922607421875 0.3614501953125 0.0585098266601563 -0.0868453979492187
-0.3218994140625 0.244476318359375 0.195648193359375 -0.174026489257812
-0.46612548828125 0.053253173828125 0.396820068359375 -0.132476806640625
-0.4295654296875 -0.11712646484375 0.57489013671875 0.1287841796875
-0.60772705078125 -0.0828857421875001 -0.0329208374023438 -0.0913467407226563
-0.54461669921875 0.181640625 -0.0897903442382813 -0.0291290283203125
-0.343841552734375 0.405181884765625 -0.0765228271484375 0.0565109252929688
0.00247192382812498 0.465484619140625 0.00548553466796875 0.0928421020507813
0.248565673828125 0.328765869140625 0.0233917236328125 0.0810699462890625
0.4169921875 0.104705810546875 0.0877227783203125 0.0401763916015625
0.40673828125 -0.070556640625 0.0977630615234375 -0.00376129150390625
0.379364013671875 -0.050048828125 0.0577201843261719 -0.0111579895019531
0.43487548828125 -0.045867919921875 0.0252304077148438 0.00124549865722656
0.423370361328125 0.117401123046875 0.0214767456054688 -0.0281143188476562
0.275482177734375 0.346588134765625 -0.0422439575195312 -0.08013916015625
0.030120849609375 0.446563720703125 0.00482940673828125 -0.137222290039062
-0.378692626953125 0.34039306640625 0.16424560546875 -0.204864501953125
-0.580078125 0.12982177734375 0.317108154296875 -0.123809814453125
-0.560333251953125 -0.0867309570312501 0.42926025390625 0.0723876953125
-0.622802734375 -0.0317993164062499 -0.205078125 -0.1322021484375
-0.5311279296875 0.221160888671875 -0.1884765625 -0.00628662109375001
-0.328155517578125 0.4248046875 -0.08856201171875 0.0557174682617188
0.00527954101562501 0.474761962890625 -0.0286369323730469 0.0371971130371094
0.24755859375 0.3330078125 -0.0623893737792969 0.0323524475097657
0.420684814453125 0.120208740234375 -0.0446205139160156 0.0425033569335938
0.407867431640625 -0.049285888671875 -0.0416069030761718 0.0489234924316406
0.37908935546875 -0.03338623046875 -0.0641937255859375 0.0571937561035156
0.43505859375 -0.02911376953125 -0.104774475097656 0.0594558715820313
0.4202880859375 0.12750244140625 -0.113677978515625 -0.0149993896484375
0.274871826171875 0.353759765625 -0.147109985351562 -0.102569580078125
0.04168701171875 0.4564208984375 -0.054107666015625 -0.173202514648438
-0.38262939453125 0.3663330078125 0.111709594726562 -0.208038330078125
-0.59716796875 0.17083740234375 0.198623657226562 -0.0857696533203125
-0.59478759765625 -0.05242919921875 0.23492431640625 0.020782470703125
-0.54754638671875 0.0285644531249999 -0.373443603515625 -0.1607666015625
-0.438568115234375 0.2298583984375 -0.28271484375 0.017578125
-0.251434326171875 0.375091552734375 -0.101905822753906 0.0540237426757813
0.0147705078125 0.398406982421875 -0.0673904418945312 -0.0150833129882812
0.208694458007813 0.278152465820313 -0.139945983886719 -0.0106582641601562
0.355224609375 0.110382080078125 -0.164581298828125 0.04278564453125
0.34576416015625 -0.022552490234375 -0.169235229492187 0.0936737060546875
0.321502685546875 -0.011962890625 -0.177322387695312 0.116348266601563
0.3717041015625 -0.00299072265625 -0.2235107421875 0.106063842773438
0.3447265625 0.12677001953125 -0.237686157226562 -0.00439453124999996
0.213104248046875 0.30914306640625 -0.2301025390625 -0.118255615234375
0.02081298828125 0.37774658203125 -0.100997924804687 -0.192398071289062
-0.329315185546875 0.299072265625 0.06103515625 -0.18377685546875
-0.508575439453125 0.1534423828125 0.0744552612304687 -0.036529541015625
-0.524627685546875 -0.0232238769531251 0.0343704223632812 -0.0255279541015625
-0.390960693359375 0.085845947265625 -0.513275146484375 -0.1761474609375
-0.281646728515625 0.203521728515625 -0.35614013671875 0.0376586914062501
-0.133438110351563 0.267410278320313 -0.1129150390625 0.05511474609375
0.0248565673828125 0.254074096679688 -0.0988693237304688 -0.046600341796875
0.1368408203125 0.170562744140625 -0.188217163085937 -0.03985595703125
0.234100341796875 0.0789947509765625 -0.250595092773438 0.0426483154296875
0.230453491210938 0.0065155029296875 -0.267913818359375 0.125625610351562
0.214675903320313 0.0101470947265625 -0.263229370117188 0.156570434570313
0.24969482421875 0.023590087890625 -0.309600830078125 0.1329345703125
0.213226318359375 0.113021850585938 -0.3262939453125 -0.00183105468750006
0.10675048828125 0.219024658203125 -0.27398681640625 -0.130096435546875
-0.01690673828125 0.2330322265625 -0.119949340820313 -0.198471069335937
-0.22711181640625 0.1646728515625 0.0266265869140625 -0.145477294921875
-0.331085205078125 0.0943908691406249 -0.0263671875 0.00514793395996095
-0.36004638671875 0.00280761718749996 -0.134613037109375 -0.06390380859375
-0.18255615234375 0.129867553710937 -0.607421875 -0.1756591796875
-0.0967864990234375 0.151824951171875 -0.407196044921875 0.055999755859375
2.28881835937467E-05 0.132255554199219 -0.123245239257813 0.0706100463867188
0.036163330078125 0.0808258056640625 -0.114784240722656 -0.0485763549804687
0.0511360168457031 0.0419654846191406 -0.20001220703125 -0.047943115234375
0.080657958984375 0.0352859497070313 -0.287109375 0.04022216796875
0.0803604125976563 0.03216552734375 -0.318511962890625 0.1396484375
0.0768051147460938 0.0295181274414062 -0.30889892578125 0.172607421875
0.0939788818359375 0.0464248657226563 -0.355194091796875 0.13604736328125
0.0527572631835937 0.0837020874023438 -0.36907958984375 -0.00872802734374994
-0.0098114013671875 0.101814270019531 -0.274398803710938 -0.1405029296875
-0.0470161437988281 0.0625534057617187 -0.11138916015625 -0.19635009765625
-0.0899505615234375 0.017059326171875 0.0153427124023437 -0.110107421875
-0.106887817382813 0.0287322998046875 -0.0842132568359375 0.0276260375976563
-0.14166259765625 0.0339813232421875 -0.244155883789062 -0.0899658203125
-0.0975265502929688 -0.0934219360351563 0.3072509765625 0.017669677734375
-0.148345947265625 0.034149169921875 0.106941223144531 -0.049591064453125
-0.055450439453125 0.128509521484375 -0.0431976318359375 0.0806503295898438
0.0675735473632813 0.102882385253906 0.0819244384765625 0.20989990234375
0.10650634765625 0.0435867309570313 0.234588623046875 0.161590576171875
0.098907470703125 -0.0399017333984375 0.367279052734375 -0.001983642578125
0.0819244384765625 -0.0819473266601563 0.377593994140625 -0.152801513671875
0.0749282836914063 -0.060394287109375 0.318389892578125 -0.18243408203125
0.0842437744140625 -0.0567169189453125 0.311004638671875 -0.142425537109375
0.0965423583984375 0.00771331787109375 0.30426025390625 -0.039520263671875
0.0504837036132813 0.0695419311523438 0.198440551757813 0.014251708984375
-0.0346603393554687 0.0847625732421875 0.126022338867188 0.00733947753906251
-0.0974273681640625 0.00653839111328124 0.203857421875 -0.0879974365234375
-0.0908584594726563 -0.0941238403320312 0.443145751953125 -0.10650634765625
-0.0168914794921875 -0.123115539550781 0.69183349609375 0.2213134765625
-0.33807373046875 -0.112152099609375 0.253890991210938 -0.00207519531250001
-0.33837890625 0.0921630859375 0.0757980346679687 -0.04876708984375
-0.19073486328125 0.251708984375 -0.0525169372558594 0.0658226013183594
0.04388427734375 0.2642822265625 0.05938720703125 0.183303833007813
0.179351806640625 0.168121337890625 0.180252075195313 0.15423583984375
0.249374389648438 0.0117950439453125 0.31182861328125 0.018280029296875
0.235321044921875 -0.0947723388671875 0.330047607421875 -0.117279052734375
0.220199584960938 -0.070465087890625 0.270767211914062 -0.144210815429688
0.25030517578125 -0.0655670166015625 0.256195068359375 -0.109542846679688
0.2530517578125 0.0528411865234375 0.251724243164063 -0.0412445068359375
0.15325927734375 0.194259643554688 0.144317626953125 -0.01434326171875
-0.0157623291015625 0.243881225585938 0.1002197265625 -0.0342941284179687
-0.229522705078125 0.137832641601563 0.207855224609375 -0.135696411132813
-0.304534912109375 -0.017120361328125 0.4464111328125 -0.131072998046875
-0.25152587890625 -0.128280639648437 0.685546875 0.18133544921875
-0.527801513671875 -0.10833740234375 0.137939453125 -0.0406417846679688
-0.484466552734375 0.148345947265625 0.00764083862304685 -0.0404434204101562
-0.29718017578125 0.356658935546875 -0.0627403259277344 0.0604476928710938
0.020599365234375 0.40057373046875 0.0368804931640625 0.146575927734375
0.233612060546875 0.273284912109375 0.112579345703125 0.126716613769531
0.3690185546875 0.062286376953125 0.219253540039063 0.031982421875
0.354217529296875 -0.0960693359375 0.234512329101563 -0.0663909912109375
0.33294677734375 -0.07177734375 0.182159423828125 -0.085479736328125
0.38037109375 -0.068817138671875 0.158447265625 -0.059600830078125
0.37713623046875 0.08642578125 0.15411376953125 -0.03900146484375
0.243438720703125 0.29461669921875 0.0591392517089844 -0.0486717224121094
0.01239013671875 0.381256103515625 0.0593338012695313 -0.0863876342773437
-0.3311767578125 0.268768310546875 0.19622802734375 -0.183364868164062
-0.489105224609375 0.0752258300781249 0.41064453125 -0.1435546875
-0.4578857421875 -0.109527587890625 0.60321044921875 0.1253662109375
-0.64013671875 -0.0750732421874999 -0.0242538452148438 -0.084442138671875
-0.56207275390625 0.202392578125 -0.0866622924804688 -0.0233078002929687
-0.347991943359375 0.430999755859375 -0.0748672485351563 0.060333251953125
0.01348876953125 0.48895263671875 0.0107955932617187 0.0963287353515625
0.267303466796875 0.338592529296875 0.0295944213867188 0.0834121704101563
0.4403076171875 0.09954833984375 0.09600830078125 0.0401840209960938
0.42193603515625 -0.08441162109375 0.107231140136719 -0.00860595703125001
0.39495849609375 -0.062286376953125 0.0659141540527344 -0.0135498046875
0.4534912109375 -0.062042236328125 0.0338935852050782 0.00180816650390625
0.446075439453125 0.108306884765625 0.0267105102539063 -0.0293216705322266
0.299560546875 0.35638427734375 -0.0455322265625 -0.0784759521484375
0.04248046875 0.468994140625 0.00189971923828125 -0.135940551757813
-0.392303466796875 0.370330810546875 0.16217041015625 -0.213531494140625
-0.60723876953125 0.15625 0.324798583984375 -0.129425048828125
-0.59283447265625 -0.0794067382812499 0.44439697265625 0.07110595703125
-0.6558837890625 -0.0236206054687501 -0.208709716796875 -0.123992919921875
-0.553558349609375 0.240386962890625 -0.192520141601563 0.003631591796875
-0.3331298828125 0.455780029296875 -0.0886917114257813 0.061065673828125
0.0182800292968749 0.500823974609375 -0.0257339477539062 0.0394554138183594
0.268280029296875 0.3448486328125 -0.0600318908691406 0.0352668762207031
0.446990966796875 0.11517333984375 -0.0402793884277343 0.0451507568359375
0.4268798828125 -0.063232421875 -0.0375633239746094 0.0502777099609375
0.397918701171875 -0.04522705078125 -0.0599441528320312 0.0599174499511719
0.456451416015625 -0.042816162109375 -0.100662231445312 0.0653839111328125
0.44512939453125 0.1197509765625 -0.115371704101562 -0.01141357421875
0.302276611328125 0.365081787109375 -0.155303955078125 -0.09991455078125
0.0545043945312499 0.48114013671875 -0.060028076171875 -0.172607421875
-0.397735595703125 0.39666748046875 0.110610961914062 -0.21331787109375
-0.62567138671875 0.1944580078125 0.201263427734375 -0.0885162353515625
-0.62939453125 -0.0480957031250001 0.23974609375 0.0203704833984375
-0.57684326171875 0.0339355468749999 -0.389495849609375 -0.1519775390625
-0.45953369140625 0.247222900390625 -0.29107666015625 0.030731201171875
-0.25897216796875 0.403656005859375 -0.10284423828125 0.061279296875
0.0244140625 0.42462158203125 -0.0681610107421875 -0.0122833251953125
0.2261962890625 0.289703369140625 -0.1429443359375 -0.00694274902343748
0.38116455078125 0.106353759765625 -0.165496826171875 0.049346923828125
0.364990234375 -0.0340576171875 -0.171920776367187 0.101104736328125
0.3404541015625 -0.02069091796875 -0.177642822265625 0.123992919921875
0.392333984375 -0.014404296875 -0.224105834960937 0.11669921875
0.36846923828125 0.1217041015625 -0.242935180664063 0.00311279296875005
0.23358154296875 0.321807861328125 -0.241607666015625 -0.113265991210938
0.029876708984375 0.40008544921875 -0.110061645507813 -0.191696166992187
-0.3433837890625 0.32427978515625 0.0575714111328125 -0.186676025390625
-0.534454345703125 0.1724853515625 0.072418212890625 -0.0354843139648437
-0.554107666015625 -0.0225830078125001 0.0260028839111328 -0.0251731872558594
-0.412628173828125 0.0882263183593749 -0.54095458984375 -0.167388916015625
-0.298797607421875 0.214019775390625 -0.371673583984375 0.0528564453125
-0.139862060546875 0.28668212890625 -0.116065979003906 0.063690185546875
0.0301361083984375 0.274993896484375 -0.102432250976563 -0.0449981689453125
0.1488037109375 0.181488037109375 -0.195648193359375 -0.0366058349609375
0.253494262695313 0.0781097412109375 -0.257247924804687 0.0496826171875
0.246856689453125 -0.00091552734375 -0.275741577148438 0.137115478515625
0.230926513671875 0.005523681640625 -0.268264770507813 0.168777465820312
0.267608642578125 0.018096923828125 -0.315338134765625 0.14581298828125
0.23162841796875 0.114227294921875 -0.33551025390625 0.00836181640624998
0.121734619140625 0.231658935546875 -0.28759765625 -0.12506103515625
-0.014312744140625 0.249725341796875 -0.130889892578125 -0.200149536132812
-0.239120483398437 0.1806640625 0.0232086181640625 -0.147598266601563
-0.3502197265625 0.10357666015625 -0.0330352783203125 0.00866889953613282
-0.381561279296875 -0.00106811523437497 -0.15399169921875 -0.0645904541015625
-0.19232177734375 0.12957763671875 -0.6424560546875 -0.16766357421875
-0.105850219726562 0.1541748046875 -0.42559814453125 0.0710754394531249
-0.00315856933593751 0.138786315917969 -0.125839233398438 0.07763671875
0.0360260009765625 0.0912857055664062 -0.119903564453125 -0.0470352172851562
0.0548934936523438 0.0482597351074219 -0.207855224609375 -0.0464630126953125
0.0911178588867188 0.03619384765625 -0.296630859375 0.0481567382812499
0.0915374755859375 0.03076171875 -0.329071044921875 0.1522216796875
0.0868911743164063 0.0298919677734375 -0.316864013671875 0.186187744140625
0.105354309082031 0.0463180541992187 -0.364471435546875 0.149871826171875
0.0644989013671875 0.0871353149414063 -0.382293701171875 0.00146484374999998
-0.00371551513671874 0.112205505371094 -0.289215087890625 -0.13665771484375
-0.0488967895507813 0.0716629028320313 -0.120773315429687 -0.199066162109375
-0.1015625 0.022796630859375 0.0117034912109375 -0.111625671386719
-0.117767333984375 0.0300674438476563 -0.093658447265625 0.031158447265625
-0.152786254882813 0.02801513671875 -0.2703857421875 -0.091827392578125
-0.100334167480469 -0.0875701904296875 0.335906982421875 0.0067138671875
-0.143386840820313 0.0457916259765625 0.11724853515625 -0.0568695068359375
-0.0464935302734375 0.132392883300781 -0.0382614135742188 0.0831985473632813
0.0733413696289063 0.0956039428710938 0.0958404541015625 0.211761474609375
0.11053466796875 0.0358047485351563 0.251296997070313 0.15521240234375
0.0967864990234375 -0.0473403930664063 0.3800048828125 -0.0220947265625
0.0758132934570313 -0.0892868041992188 0.38671875 -0.17999267578125
0.0691909790039063 -0.0669937133789063 0.323699951171875 -0.205535888671875
0.078216552734375 -0.0653839111328125 0.3193359375 -0.162353515625
0.0964584350585938 -0.00148773193359375 0.31439208984375 -0.057403564453125
0.05621337890625 0.065216064453125 0.207870483398438 0.0054168701171875
-0.0283203125 0.0875396728515625 0.132110595703125 0.00202178955078125
-0.0957717895507813 0.0121383666992187 0.204818725585938 -0.103424072265625
-0.0962982177734375 -0.0864105224609375 0.455657958984375 -0.133270263671875
-0.0230941772460937 -0.117019653320313 0.73773193359375 0.19970703125
-0.35430908203125 -0.095611572265625 0.280929565429688 -0.00830078125000001
-0.339447021484375 0.1143798828125 0.085540771484375 -0.0512237548828125
-0.182113647460937 0.268875122070313 -0.048248291015625 0.0687103271484375
0.056976318359375 0.268524169921875 0.072845458984375 0.184616088867188
0.193191528320313 0.163070678710938 0.196426391601563 0.149322509765625
0.257247924804688 -0.0020294189453125 0.325408935546875 0.001312255859375
0.236648559570313 -0.110870361328125 0.339080810546875 -0.13922119140625
0.222381591796875 -0.0859527587890625 0.277908325195313 -0.164627075195313
0.25372314453125 -0.085205078125 0.265594482421875 -0.126251220703125
0.264236450195313 0.0357666015625 0.261154174804688 -0.056854248046875
0.172286987304687 0.190811157226563 0.149200439453125 -0.019866943359375
-0.00112915039062498 0.255355834960938 0.103683471679688 -0.0373153686523437
-0.229415893554688 0.15875244140625 0.205734252929687 -0.150680541992187
-0.31951904296875 0.00564575195312495 0.458465576171875 -0.15570068359375
-0.271759033203125 -0.113021850585937 0.72747802734375 0.15936279296875
-0.554901123046875 -0.0848693847656249 0.156829833984375 -0.0402679443359375
-0.49200439453125 0.17852783203125 0.01470947265625 -0.0383224487304687
-0.287689208984375 0.385711669921875 -0.0594635009765625 0.0651321411132813
0.042266845703125 0.4141845703125 0.04864501953125 0.147979736328125
0.257644653320313 0.271820068359375 0.126029968261719 0.125129699707031
0.38763427734375 0.04290771484375 0.233352661132813 0.020751953125
0.36199951171875 -0.118804931640625 0.244308471679688 -0.0827789306640625
0.341064453125 -0.092620849609375 0.19073486328125 -0.10003662109375
0.390472412109375 -0.09564208984375 0.16802978515625 -0.0692138671875
0.398406982421875 0.064300537109375 0.1617431640625 -0.04901123046875
0.272735595703125 0.29290771484375 0.0597763061523438 -0.04998779296875
0.03558349609375 0.39892578125 0.0582962036132813 -0.0883560180664062
-0.33221435546875 0.30230712890625 0.191909790039062 -0.197265625
-0.508026123046875 0.11175537109375 0.418243408203125 -0.164581298828125
-0.487518310546875 -0.0883178710937499 0.6353759765625 0.10479736328125
-0.67425537109375 -0.0474853515625001 -0.0163650512695313 -0.0774154663085938
-0.575439453125 0.2381591796875 -0.0836715698242188 -0.0147247314453125
-0.339630126953125 0.469970703125 -0.0704498291015625 0.0674209594726563
0.040496826171875 0.5098876953125 0.0186004638671875 0.0986480712890625
0.297088623046875 0.340423583984375 0.0387115478515625 0.0855865478515625
0.466094970703125 0.078369140625 0.108024597167969 0.0372314453125
0.435333251953125 -0.111236572265625 0.114540100097656 -0.0160980224609375
0.4085693359375 -0.0869140625 0.0739517211914063 -0.0190963745117188
0.467681884765625 -0.0919189453125 0.0421257019042969 0.00138854980468749
0.473724365234375 0.084442138671875 0.0297431945800781 -0.0319595336914062
0.33660888671875 0.35601806640625 -0.050323486328125 -0.0752334594726562
0.069976806640625 0.4932861328125 -0.00312042236328124 -0.136024475097656
-0.393310546875 0.412384033203125 0.1556396484375 -0.224472045898437
-0.62835693359375 0.20062255859375 0.328948974609375 -0.145050048828125
-0.62969970703125 -0.0548095703125001 0.4652099609375 0.055877685546875
-0.6923828125 0.00500488281250009 -0.213363647460938 -0.110122680664062
-0.56890869140625 0.279296875 -0.193695068359375 0.0193176269531251
-0.326202392578125 0.496185302734375 -0.0857162475585938 0.0708160400390625
0.0460205078125 0.52862548828125 -0.0221138000488281 0.0424156188964844
0.300323486328125 0.34906005859375 -0.0570259094238281 0.0401039123535157
0.47607421875 0.093902587890625 -0.0338859558105469 0.0496673583984375
0.443511962890625 -0.090423583984375 -0.0321731567382812 0.0531692504882813
0.415130615234375 -0.068634033203125 -0.0535507202148437 0.0634765625
0.476470947265625 -0.072479248046875 -0.0945053100585937 0.0738906860351563
0.473114013671875 0.09796142578125 -0.116340637207031 -0.00608062744140625
0.33819580078125 0.368621826171875 -0.165390014648437 -0.0912322998046875
0.080841064453125 0.504180908203125 -0.0705718994140625 -0.1700439453125
-0.3983154296875 0.4388427734375 0.10235595703125 -0.221466064453125
-0.64599609375 0.2391357421875 0.20306396484375 -0.0964508056640625
-0.664306640625 -0.02398681640625 0.244552612304688 0.0138397216796875
-0.6085205078125 0.0579833984374999 -0.408416748046875 -0.131439208984375
-0.474578857421875 0.277557373046875 -0.298187255859375 0.053131103515625
-0.25360107421875 0.44000244140625 -0.100929260253906 0.0719680786132813
0.04998779296875 0.450958251953125 -0.0685234069824219 -0.00879669189453121
0.254974365234375 0.2962646484375 -0.14508056640625 -0.000274658203125002
0.408477783203125 0.09027099609375 -0.1650390625 0.060333251953125
0.3834228515625 -0.056549072265625 -0.170440673828125 0.114059448242188
0.358245849609375 -0.0406494140625 -0.173721313476562 0.136245727539063
0.412200927734375 -0.03778076171875 -0.220809936523437 0.133529663085938
0.3948974609375 0.10498046875 -0.248489379882812 0.0164794921875
0.266632080078125 0.326141357421875 -0.255935668945313 -0.101974487304688
0.05096435546875 0.421783447265625 -0.123321533203125 -0.187759399414062
-0.346466064453125 0.361053466796875 0.0497589111328125 -0.190902709960938
-0.552001953125 0.209075927734375 0.0702896118164062 -0.0353317260742187
-0.58477783203125 -0.00476074218750008 0.0168228149414062 -0.0239162445068359
-0.434539794921875 0.103424072265625 -0.57147216796875 -0.1446533203125
-0.310028076171875 0.2340087890625 -0.384674072265625 0.0799255371093751
-0.137908935546875 0.31024169921875 -0.115737915039063 0.0760116577148438
0.045623779296875 0.2943115234375 -0.107040405273437 -0.040191650390625
0.166702270507813 0.188186645507813 -0.203109741210937 -0.0283966064453125
0.275222778320313 0.0689544677734375 -0.26190185546875 0.065826416015625
0.263198852539063 -0.015655517578125 -0.278564453125 0.157485961914063
0.246139526367188 -0.0069732666015625 -0.267044067382812 0.186248779296875
0.28497314453125 0.003448486328125 -0.316802978515625 0.16766357421875
0.252899169921875 0.104263305664062 -0.3460693359375 0.0279846191406251
0.144088745117188 0.23876953125 -0.3038330078125 -0.1124267578125
-0.00274658203125 0.266921997070313 -0.145645141601563 -0.195526123046875
-0.247390747070313 0.203964233398438 0.0169830322265625 -0.15081787109375
-0.36590576171875 0.125030517578125 -0.0372428894042969 0.0131568908691406
-0.405303955078125 0.00900268554687502 -0.175323486328125 -0.0582733154296875
-0.1990966796875 0.13604736328125 -0.68316650390625 -0.14178466796875
-0.110809326171875 0.160308837890625 -0.443023681640625 0.099761962890625
-0.0029754638671875 0.1470947265625 -0.12603759765625 0.0915298461914063
0.0410232543945313 0.101303100585938 -0.125656127929688 -0.042510986328125
0.0602493286132813 0.0536880493164063 -0.217132568359375 -0.03839111328125
0.10223388671875 0.0347061157226563 -0.306427001953125 0.06494140625
0.103034973144531 0.024871826171875 -0.337005615234375 0.17645263671875
0.0973739624023438 0.0272369384765625 -0.3197021484375 0.20843505859375
0.1171875 0.0428619384765625 -0.37030029296875 0.17449951171875
0.0784454345703125 0.087921142578125 -0.393585205078125 0.0235900878906251
0.00728607177734375 0.121307373046875 -0.306915283203125 -0.12548828125
-0.0490646362304688 0.083038330078125 -0.136825561523438 -0.1978759765625
-0.11126708984375 0.032684326171875 0.00700378417968749 -0.1141357421875
-0.127769470214844 0.0364303588867187 -0.101264953613281 0.0380935668945313
-0.163238525390625 0.027435302734375 -0.300201416015625 -0.082427978515625
-0.10150146484375 -0.0787506103515625 0.3577880859375 -0.013885498046875
-0.134017944335938 0.0571517944335938 0.123924255371094 -0.0660324096679688
-0.034515380859375 0.132499694824219 -0.0320587158203125 0.0823287963867188
0.0783767700195313 0.0875473022460938 0.111175537109375 0.205169677734375
0.1123046875 0.0244827270507813 0.2647705078125 0.1402587890625
0.0911941528320313 -0.0565414428710937 0.3828125 -0.048736572265625
0.0665817260742188 -0.0955581665039063 0.38104248046875 -0.210205078125
0.0605316162109375 -0.07257080078125 0.317047119140625 -0.2298583984375
0.0681838989257812 -0.0727157592773438 0.31561279296875 -0.186370849609375
0.0941848754882812 -0.0126800537109375 0.315673828125 -0.079620361328125
0.0605926513671875 0.058074951171875 0.211471557617188 -0.00738525390625
-0.019134521484375 0.087310791015625 0.134201049804688 -0.005889892578125
-0.090850830078125 0.0189285278320313 0.198089599609375 -0.120025634765625
-0.100357055664063 -0.0754470825195313 0.457855224609375 -0.16412353515625
-0.0284881591796875 -0.10845947265625 0.77093505859375 0.15472412109375
-0.364776611328125 -0.0716552734375 0.302337646484375 -0.023101806640625
-0.33154296875 0.139678955078125 0.0951461791992187 -0.05718994140625
-0.162841796875 0.282196044921875 -0.0416183471679687 0.07122802734375
0.0741729736328125 0.265304565429688 0.0877685546875 0.179718017578125
0.205947875976563 0.151626586914063 0.211532592773437 0.13787841796875
0.261505126953125 -0.0206451416015625 0.33062744140625 -0.01971435546875
0.23065185546875 -0.128265380859375 0.33673095703125 -0.1669921875
0.217376708984375 -0.103408813476563 0.276123046875 -0.187728881835938
0.247955322265625 -0.108108520507813 0.265640258789063 -0.147140502929688
0.269821166992188 0.0123291015625 0.263717651367188 -0.07537841796875
0.191116333007812 0.180130004882812 0.15234375 -0.027557373046875
0.020904541015625 0.260574340820312 0.103569030761719 -0.0423431396484375
-0.220840454101563 0.180328369140625 0.197280883789062 -0.164825439453125
-0.322509765625 0.0339050292968751 0.457763671875 -0.184326171875
-0.28558349609375 -0.09100341796875 0.7550048828125 0.116943359375
-0.5721435546875 -0.0467529296875 0.174835205078125 -0.0457305908203125
-0.484466552734375 0.21478271484375 0.0220603942871093 -0.0373191833496094
-0.265960693359375 0.409637451171875 -0.053131103515625 0.0676956176757813
0.07110595703125 0.4185791015625 0.0626220703125 0.145233154296875
0.27838134765625 0.259735107421875 0.139152526855469 0.117233276367188
0.397369384765625 0.01556396484375 0.240982055664063 0.005096435546875
0.360565185546875 -0.145751953125 0.245574951171875 -0.103805541992188
0.341094970703125 -0.119537353515625 0.190505981445313 -0.116119384765625
0.3895263671875 -0.12762451171875 0.173355102539063 -0.0822296142578125
0.40966796875 0.032867431640625 0.162506103515625 -0.0618133544921875
0.302032470703125 0.27801513671875 0.0577125549316407 -0.0527305603027344
0.066650390625 0.406890869140625 0.0550994873046875 -0.0889663696289062
-0.318115234375 0.335723876953125 0.180435180664062 -0.209793090820312
-0.51019287109375 0.155487060546875 0.412384033203125 -0.190185546875
-0.50732421875 -0.056182861328125 0.65472412109375 0.06964111328125
-0.6922607421875 -0.00378417968749989 -0.00639343261718754 -0.07110595703125
-0.56884765625 0.28271484375 -0.076385498046875 -0.00518035888671873
-0.314605712890625 0.501129150390625 -0.0652542114257813 0.0734100341796875
0.077178955078125 0.519500732421875 0.0283355712890625 0.0981597900390625
0.32769775390625 0.328155517578125 0.0492477416992188 0.0839157104492188
0.4822998046875 0.045196533203125 0.115242004394531 0.0297470092773438
0.438018798828125 -0.144195556640625 0.119758605957031 -0.025146484375
0.41180419921875 -0.11846923828125 0.079742431640625 -0.027252197265625
0.47149658203125 -0.129791259765625 0.0506553649902344 -0.00202560424804688
0.48974609375 0.049163818359375 0.0296764373779297 -0.0334377288818359
0.372039794921875 0.339874267578125 -0.0545883178710937 -0.0692977905273437
0.109283447265625 0.501953125 -0.0088043212890625 -0.132278442382812
-0.373626708984375 0.4508056640625 0.143280029296875 -0.234100341796875
-0.62884521484375 0.25091552734375 0.32470703125 -0.163421630859375
-0.6500244140625 -0.015380859375 0.47430419921875 0.0289306640625
-0.71044921875 0.0504150390624999 -0.2144775390625 -0.0905609130859375
-0.56256103515625 0.32122802734375 -0.18603515625 0.039794921875
-0.29949951171875 0.53179931640625 -0.0757904052734375 0.0795516967773438
0.08587646484375 0.539276123046875 -0.0171928405761719 0.0443229675292969
0.33233642578125 0.337249755859375 -0.0524711608886719 0.0443992614746094
0.495635986328125 0.059478759765625 -0.0268707275390625 0.0535545349121094
0.449859619140625 -0.12432861328125 -0.0247955322265625 0.0544471740722656
0.421295166015625 -0.0994873046875 -0.0462074279785156 0.0644454956054687
0.481719970703125 -0.109832763671875 -0.0845489501953125 0.08203125
0.49298095703125 0.062469482421875 -0.115394592285156 0.00127410888671876
0.37530517578125 0.353363037109375 -0.173690795898437 -0.0782012939453125
0.1171875 0.515594482421875 -0.081298828125 -0.161590576171875
-0.378997802734375 0.47998046875 0.0887451171875 -0.2249755859375
-0.64593505859375 0.29010009765625 0.19952392578125 -0.104537963867187
-0.684814453125 0.0142211914062501 0.245025634765625 0.001983642578125
-0.6246337890625 0.0976562500000001 -0.418701171875 -0.0997314453125001
-0.4718017578125 0.31396484375 -0.294769287109375 0.0803527832031251
-0.23211669921875 0.469451904296875 -0.0940017700195313 0.0824966430664063
0.084320068359375 0.464630126953125 -0.0680923461914063 -0.00258636474609371
0.2828369140625 0.288116455078125 -0.14422607421875 0.00907897949218751
0.4288330078125 0.06195068359375 -0.159103393554687 0.073760986328125
0.39080810546875 -0.085845947265625 -0.161712646484375 0.12689208984375
0.36737060546875 -0.066680908203125 -0.163528442382812 0.147140502929688
0.42010498046875 -0.0703125 -0.208984375 0.150161743164063
0.414520263671875 0.076568603515625 -0.247894287109375 0.03302001953125
0.29962158203125 0.31646728515625 -0.265823364257813 -0.0819702148437499
0.0802001953125 0.43267822265625 -0.1358642578125 -0.176406860351562
-0.33502197265625 0.3958740234375 0.039398193359375 -0.1917724609375
-0.552947998046875 0.251678466796875 0.0670204162597656 -0.0353546142578125
-0.604248046875 0.0268554687500001 0.00694084167480465 -0.0212554931640625
-0.44427490234375 0.130279541015625 -0.5911865234375 -0.10321044921875
-0.30865478515625 0.257843017578125 -0.383392333984375 0.112091064453125
-0.123687744140625 0.32843017578125 -0.1103515625 0.088165283203125
0.0693359375 0.307220458984375 -0.110176086425781 -0.033416748046875
0.186248779296875 0.186080932617188 -0.207626342773437 -0.0150299072265625
0.29107666015625 0.049530029296875 -0.258575439453125 0.0840606689453125
0.273040771484375 -0.0368499755859375 -0.27130126953125 0.179153442382813
0.2547607421875 -0.0244293212890625 -0.257583618164063 0.204421997070313
0.29644775390625 -0.01849365234375 -0.3057861328125 0.193206787109375
0.269454956054688 0.0883026123046875 -0.345977783203125 0.0522155761718751
0.168472290039063 0.237213134765625 -0.3157958984375 -0.09039306640625
0.01507568359375 0.278213500976563 -0.15948486328125 -0.183868408203125
-0.244216918945313 0.22967529296875 0.00880432128906249 -0.150619506835937
-0.368621826171875 0.152008056640625 -0.0415000915527344 0.0196952819824219
-0.419769287109375 0.027130126953125 -0.192535400390625 -0.0440216064453125
-0.199737548828125 0.145233154296875 -0.708251953125 -0.0972290039062501
-0.111541748046875 0.166778564453125 -0.44677734375 0.135589599609375
0.000183105468749987 0.15216064453125 -0.120956420898438 0.104873657226563
0.0484390258789063 0.109268188476563 -0.128517150878906 -0.0334243774414063
0.067230224609375 0.0568008422851563 -0.222427368164063 -0.02508544921875
0.111709594726563 0.028717041015625 -0.306060791015625 0.086517333984375
0.1109619140625 0.0177001953125 -0.331268310546875 0.202850341796875
0.10626220703125 0.0200653076171875 -0.311431884765625 0.232208251953125
0.127120971679688 0.034881591796875 -0.36328125 0.203155517578125
0.0919723510742188 0.0832443237304688 -0.395233154296875 0.0511169433593751
0.0209732055664063 0.127311706542969 -0.32073974609375 -0.103179931640625
-0.0445938110351562 0.092498779296875 -0.152801513671875 -0.186599731445312
-0.1162109375 0.0444564819335938 0.000846862792968743 -0.113533020019531
-0.134544372558594 0.0435104370117188 -0.106643676757813 0.0468978881835937
-0.172195434570313 0.0315093994140625 -0.324554443359375 -0.062652587890625
-0.099639892578125 -0.070037841796875 0.36578369140625 -0.036590576171875
-0.120491027832031 0.0657501220703125 0.126861572265625 -0.0749130249023438
-0.0240325927734375 0.130195617675781 -0.025909423828125 0.0807647705078125
0.0802154541015625 0.0764083862304688 0.122909545898438 0.194000244140625
0.108200073242188 0.0158462524414063 0.269927978515625 0.119766235351563
0.0828170776367188 -0.06072998046875 0.3768310546875 -0.071990966796875
0.056549072265625 -0.0969390869140625 0.3656005859375 -0.230377197265625
0.0521163940429687 -0.0751876831054688 0.303009033203125 -0.246551513671875
0.0571670532226563 -0.0773239135742188 0.305633544921875 -0.2047119140625
0.08984375 -0.02154541015625 0.308319091796875 -0.09710693359375
0.0633964538574219 0.0498542785644531 0.211029052734375 -0.0198822021484375
-0.0111007690429688 0.0871047973632813 0.134201049804688 -0.0145339965820312
-0.086639404296875 0.0231857299804688 0.185882568359375 -0.13067626953125
-0.100975036621094 -0.0634384155273438 0.446380615234375 -0.19024658203125
-0.0317764282226563 -0.0974960327148438 0.77728271484375 0.1083984375
-0.36224365234375 -0.0474853515625 0.315582275390625 -0.041259765625
-0.313140869140625 0.15692138671875 0.103660583496094 -0.06182861328125
-0.14483642578125 0.286712646484375 -0.0331268310546875 0.0700454711914063
0.0877838134765625 0.259078979492187 0.0990753173828125 0.169235229492188
0.210174560546875 0.134933471679688 0.21771240234375 0.123062133789063
0.2557373046875 -0.037841796875 0.3275146484375 -0.039215087890625
0.217147827148438 -0.139633178710938 0.325592041015625 -0.185821533203125
0.20654296875 -0.115982055664063 0.267501831054688 -0.204132080078125
0.2352294921875 -0.12347412109375 0.26068115234375 -0.160629272460938
0.265655517578125 -0.00958251953125 0.256271362304688 -0.0907440185546875
0.20098876953125 0.166259765625 0.149078369140625 -0.0352630615234375
0.0383148193359375 0.25811767578125 0.101081848144531 -0.0465164184570312
-0.206024169921875 0.193145751953125 0.182647705078125 -0.172149658203125
-0.319915771484375 0.062042236328125 0.44384765625 -0.20733642578125
-0.28863525390625 -0.067352294921875 0.759765625 0.0740966796875
-0.5726318359375 -0.0124511718749999 0.18768310546875 -0.0506439208984375
-0.462860107421875 0.240692138671875 0.0320472717285156 -0.0354728698730469
-0.238372802734375 0.419952392578125 -0.04486083984375 0.0683746337890625
0.09588623046875 0.410980224609375 0.0710601806640625 0.138023376464844
0.292236328125 0.240081787109375 0.144638061523438 0.106735229492188
0.396759033203125 -0.009246826171875 0.240509033203125 -0.0101318359375
0.349639892578125 -0.165618896484375 0.242889404296875 -0.119705200195313
0.330596923828125 -0.14093017578125 0.188369750976563 -0.128936767578125
0.3773193359375 -0.153564453125 0.17242431640625 -0.093658447265625
0.4068603515625 0.00433349609375 0.159957885742188 -0.0732421875
0.32269287109375 0.253509521484375 0.0537910461425782 -0.0504341125488281
0.09393310546875 0.403533935546875 0.0529327392578125 -0.0886993408203125
-0.2960205078125 0.356201171875 0.164993286132812 -0.214324951171875
-0.497314453125 0.192657470703125 0.40142822265625 -0.207244873046875
-0.510772705078125 -0.0228576660156249 0.65606689453125 0.03662109375
-0.690185546875 0.03790283203125 0.00446701049804683 -0.0644493103027344
-0.548980712890625 0.31109619140625 -0.0640029907226563 0.00226593017578127
-0.283294677734375 0.516845703125 -0.0550308227539063 0.0740509033203125
0.111083984375 0.510894775390625 0.0374221801757813 0.0930557250976563
0.3447265625 0.30615234375 0.0552520751953125 0.0791473388671875
0.482757568359375 0.012542724609375 0.12335205078125 0.0214004516601563
0.426727294921875 -0.17156982421875 0.119277954101563 -0.0348434448242188
0.40374755859375 -0.1453857421875 0.0821533203125 -0.03759765625
0.45892333984375 -0.160369873046875 0.0560111999511719 -0.00656890869140626
0.48822021484375 0.013641357421875 0.0289459228515625 -0.0384407043457031
0.39617919921875 0.312591552734375 -0.0570106506347656 -0.0606307983398437
0.142303466796875 0.4964599609375 -0.0127792358398437 -0.125953674316406
-0.3470458984375 0.476409912109375 0.126266479492187 -0.236434936523437
-0.61053466796875 0.2913818359375 0.312896728515625 -0.176849365234375
-0.65020751953125 0.02166748046875 0.472076416015625 0.00714111328125
-0.70660400390625 0.09063720703125 -0.204345703125 -0.07171630859375
-0.545074462890625 0.35333251953125 -0.176361083984375 0.0553131103515626
-0.26849365234375 0.547882080078125 -0.0669708251953125 0.0830459594726563
0.120941162109375 0.533905029296875 -0.00936889648437499 0.0445098876953125
0.35540771484375 0.318572998046875 -0.0454025268554687 0.045654296875
0.5008544921875 0.025421142578125 -0.0154571533203125 0.0537948608398438
0.44256591796875 -0.154266357421875 -0.0179328918457031 0.0548782348632812
0.415435791015625 -0.128936767578125 -0.0346450805664062 0.0628433227539062
0.474853515625 -0.142547607421875 -0.0703201293945312 0.0864791870117187
0.495147705078125 0.027435302734375 -0.110610961914062 0.00750732421875
0.399993896484375 0.328033447265625 -0.175857543945312 -0.06280517578125
0.1514892578125 0.504791259765625 -0.084930419921875 -0.148666381835937
-0.350616455078125 0.505035400390625 0.0773468017578125 -0.223037719726563
-0.625 0.3275146484375 0.1885986328125 -0.11053466796875
-0.6859130859375 0.05047607421875 0.239898681640625 -0.0054931640625
-0.622314453125 0.12823486328125 -0.411712646484375 -0.0713195800781251
-0.4569091796875 0.3394775390625 -0.28265380859375 0.10260009765625
-0.207183837890625 0.4835205078125 -0.083740234375 0.0902099609375
0.115631103515625 0.46337890625 -0.0640411376953125 0.00211715698242191
0.30218505859375 0.27325439453125 -0.140159606933594 0.0168685913085937
0.436248779296875 0.034271240234375 -0.14825439453125 0.0820159912109375
0.387115478515625 -0.11376953125 -0.1505126953125 0.133865356445313
0.365264892578125 -0.0916748046875 -0.151519775390625 0.149490356445312
0.418914794921875 -0.09661865234375 -0.19512939453125 0.162155151367187
0.4190673828125 0.046844482421875 -0.239456176757812 0.0475616455078125
0.321807861328125 0.29925537109375 -0.266510009765625 -0.0627593994140625
0.10736083984375 0.429779052734375 -0.142013549804688 -0.160842895507812
-0.313720703125 0.419464111328125 0.031982421875 -0.188339233398438
-0.537628173828125 0.2843017578125 0.0598030090332031 -0.0346870422363281
-0.6053466796875 0.0545654296875 -0.00120925903320316 -0.0151748657226562
-0.436676025390625 0.14910888671875 -0.58984375 -0.0656127929687499
-0.29986572265625 0.272125244140625 -0.3731689453125 0.139801025390625
-0.1119384765625 0.33856201171875 -0.102142333984375 0.0945205688476563
0.088287353515625 0.305999755859375 -0.109977722167969 -0.0238189697265625
0.199630737304688 0.1785888671875 -0.203338623046875 -0.00430297851562501
0.300079345703125 0.028961181640625 -0.247146606445312 0.097900390625
0.274322509765625 -0.0558624267578125 -0.257034301757813 0.193283081054688
0.25677490234375 -0.0401611328125 -0.240829467773438 0.216217041015625
0.298309326171875 -0.040130615234375 -0.2891845703125 0.208465576171875
0.279144287109375 0.0689239501953125 -0.337188720703125 0.071563720703125
0.187698364257813 0.22882080078125 -0.315155029296875 -0.0676574707031249
0.030517578125 0.2821044921875 -0.164840698242188 -0.167556762695312
-0.23095703125 0.246917724609375 0.002227783203125 -0.14459228515625
-0.36041259765625 0.172821044921875 -0.0405693054199219 0.0253143310546875
-0.424468994140625 0.0432434082031249 -0.205078125 -0.0290985107421875
-0.198211669921875 0.150436401367188 -0.71240234375 -0.0529174804687499
-0.107589721679688 0.169265747070312 -0.43597412109375 0.162353515625
0.00535583496093749 0.15350341796875 -0.111137390136719 0.110824584960938
0.0549392700195313 0.109977722167969 -0.129447937011719 -0.0228805541992188
0.0708694458007813 0.0564193725585938 -0.222763061523438 -0.01483154296875
0.117561340332031 0.0226974487304687 -0.2977294921875 0.102325439453125
0.1158447265625 0.00594329833984375 -0.31707763671875 0.220733642578125
0.114028930664063 0.01165771484375 -0.295196533203125 0.245941162109375
0.134361267089844 0.0268478393554688 -0.346282958984375 0.223297119140625
0.101425170898438 0.0754928588867188 -0.3868408203125 0.07623291015625
0.0327835083007813 0.127616882324219 -0.320068359375 -0.080108642578125
-0.0384140014648438 0.100570678710938 -0.160507202148438 -0.173324584960938
-0.116424560546875 0.0572280883789062 -0.00254821777343751 -0.111259460449219
-0.135154724121094 0.0525360107421875 -0.107742309570313 0.055511474609375
-0.17633056640625 0.0328369140625 -0.33795166015625 -0.04132080078125
-0.09637451171875 -0.0648956298828125 0.373748779296875 -0.05126953125
-0.108627319335937 0.066650390625 0.13177490234375 -0.0806961059570313
-0.0151901245117188 0.125015258789063 -0.0224761962890625 0.0766677856445313
0.0777359008789063 0.0691146850585938 0.12677001953125 0.184432983398438
0.105422973632813 0.00984954833984375 0.268890380859375 0.10882568359375
0.0775985717773438 -0.063690185546875 0.36517333984375 -0.0831298828125
0.0496444702148438 -0.0970458984375 0.352569580078125 -0.242706298828125
0.04351806640625 -0.0757064819335937 0.291595458984375 -0.254669189453125
0.0485763549804687 -0.07977294921875 0.29498291015625 -0.212554931640625
0.0816192626953125 -0.026611328125 0.302581787109375 -0.108184814453125
0.06298828125 0.0419807434082031 0.207244873046875 -0.0259857177734375
-0.0055084228515625 0.0837936401367187 0.132278442382813 -0.01806640625
-0.0797805786132813 0.0249481201171875 0.176742553710937 -0.134262084960938
-0.0978851318359375 -0.0551223754882813 0.435516357421875 -0.201080322265625
-0.0302886962890625 -0.0886993408203125 0.775634765625 0.07958984375
-0.356292724609375 -0.032745361328125 0.3243408203125 -0.051177978515625
-0.294769287109375 0.16455078125 0.107109069824219 -0.065093994140625
-0.13018798828125 0.283111572265625 -0.0304603576660156 0.0672073364257813
0.094451904296875 0.247909545898438 0.101913452148438 0.164230346679688
0.211502075195313 0.12420654296875 0.2193603515625 0.110916137695313
0.249069213867187 -0.04754638671875 0.321319580078125 -0.052154541015625
0.209442138671875 -0.147918701171875 0.316436767578125 -0.198486328125
0.196563720703125 -0.122650146484375 0.25860595703125 -0.213027954101563
0.2242431640625 -0.132171630859375 0.254318237304688 -0.1702880859375
0.258056640625 -0.0215301513671875 0.251434326171875 -0.09967041015625
0.207717895507812 0.151123046875 0.146011352539063 -0.0377044677734375
0.052337646484375 0.252548217773438 0.102333068847656 -0.0478363037109375
-0.194549560546875 0.2021484375 0.173568725585938 -0.17535400390625
-0.309356689453125 0.076446533203125 0.432952880859375 -0.21685791015625
-0.287841796875 -0.0509033203125 0.75494384765625 0.048583984375
-0.560760498046875 0.00918579101562494 0.198455810546875 -0.05853271484375
-0.443878173828125 0.252960205078125 0.0425148010253906 -0.0369300842285156
-0.21923828125 0.42108154296875 -0.0392379760742188 0.0679092407226563
0.109344482421875 0.40167236328125 0.0757827758789062 0.132148742675781
0.29815673828125 0.22491455078125 0.147491455078125 0.0975494384765625
0.38934326171875 -0.027984619140625 0.240371704101563 -0.019775390625
0.337982177734375 -0.179534912109375 0.235519409179688 -0.127456665039063
0.320037841796875 -0.1519775390625 0.183547973632813 -0.13739013671875
0.364013671875 -0.168060302734375 0.171859741210938 -0.0987091064453125
0.39910888671875 -0.01751708984375 0.156051635742188 -0.076873779296875
0.329254150390625 0.240203857421875 0.0540504455566407 -0.050018310546875
0.1131591796875 0.396820068359375 0.053680419921875 -0.0856246948242187
-0.278717041015625 0.366180419921875 0.156234741210937 -0.21478271484375
-0.483612060546875 0.210418701171875 0.391876220703125 -0.214996337890625
-0.50762939453125 -0.00283813476562501 0.6478271484375 0.01300048828125
-0.68182373046875 0.0604248046875 0.0182113647460937 -0.064544677734375
-0.525146484375 0.328216552734375 -0.0517616271972657 0.00730133056640626
-0.2596435546875 0.52105712890625 -0.0468521118164063 0.0745925903320313
0.130157470703125 0.505706787109375 0.0411148071289063 0.0902557373046875
0.3546142578125 0.289520263671875 0.0594635009765625 0.0743637084960938
0.47894287109375 -0.010009765625 0.124725341796875 0.0158920288085938
0.415557861328125 -0.187042236328125 0.120582580566406 -0.0417022705078125
0.393524169921875 -0.159912109375 0.0828018188476563 -0.0428695678710938
0.449188232421875 -0.179840087890625 0.0611724853515625 -0.00815582275390626
0.480926513671875 -0.011260986328125 0.030364990234375 -0.037841796875
0.407806396484375 0.294036865234375 -0.0578575134277343 -0.0547866821289062
0.161285400390625 0.488189697265625 -0.013214111328125 -0.119941711425781
-0.3258056640625 0.487335205078125 0.118972778320313 -0.23126220703125
-0.5906982421875 0.31512451171875 0.30462646484375 -0.176910400390625
-0.6466064453125 0.04315185546875 0.4625244140625 -0.0028076171875
-0.69952392578125 0.11077880859375 -0.192184448242188 -0.063690185546875
-0.526275634765625 0.365264892578125 -0.159347534179688 0.0604400634765625
-0.247100830078125 0.55230712890625 -0.0590286254882812 0.0843353271484375
0.1444091796875 0.528350830078125 -0.00699234008789062 0.0426788330078125
0.36785888671875 0.303375244140625 -0.03985595703125 0.0445823669433594
0.498321533203125 0.002685546875 -0.00984954833984372 0.0517539978027344
0.434906005859375 -0.169677734375 -0.0112533569335937 0.0516395568847656
0.406341552734375 -0.143768310546875 -0.0308074951171875 0.0588150024414063
0.46612548828125 -0.161285400390625 -0.0627365112304687 0.0846328735351562
0.4896240234375 0.004547119140625 -0.1077880859375 0.00983428955078124
0.415313720703125 0.308074951171875 -0.171890258789062 -0.0523834228515625
0.17193603515625 0.5 -0.083770751953125 -0.14215087890625
-0.33050537109375 0.5162353515625 0.0700531005859375 -0.219558715820312
-0.605712890625 0.35028076171875 0.18365478515625 -0.1072998046875
-0.68255615234375 0.0694580078125 0.232528686523437 -0.00843811035156249
-0.614013671875 0.1483154296875 -0.40045166015625 -0.054229736328125
-0.442718505859375 0.351806640625 -0.266677856445313 0.113815307617187
-0.18890380859375 0.487884521484375 -0.0745391845703125 0.0929336547851563
0.13818359375 0.45831298828125 -0.0608558654785156 0.00336837768554689
0.313720703125 0.26104736328125 -0.135223388671875 0.0204010009765625
0.436431884765625 0.009552001953125 -0.138465881347656 0.0836868286132812
0.382720947265625 -0.130218505859375 -0.140838623046875 0.136688232421875
0.361083984375 -0.10693359375 -0.140777587890625 0.149520874023438
0.412353515625 -0.11749267578125 -0.181488037109375 0.16357421875
0.416717529296875 0.027557373046875 -0.233078002929687 0.054443359375
0.337066650390625 0.28326416015625 -0.263427734375 -0.0492706298828124
0.126068115234375 0.42431640625 -0.139984130859375 -0.15216064453125
-0.2972412109375 0.428924560546875 0.0262298583984375 -0.184249877929687
-0.52105712890625 0.29962158203125 0.0589141845703125 -0.0302658081054687
-0.60498046875 0.07073974609375 -0.00808906555175785 -0.00801563262939453
-0.43719482421875 0.16015625 -0.580322265625 -0.0410156250000001
-0.294921875 0.279541015625 -0.3599853515625 0.155303955078125
-0.0992431640625 0.341766357421875 -0.0908050537109375 0.100021362304688
0.103302001953125 0.307220458984375 -0.106048583984375 -0.0198593139648438
0.209121704101563 0.172592163085938 -0.198486328125 0.00163269042968748
0.30078125 0.016326904296875 -0.23699951171875 0.105194091796875
0.271331787109375 -0.0714111328125 -0.244781494140625 0.200347900390625
0.256973266601563 -0.05316162109375 -0.230987548828125 0.21832275390625
0.298431396484375 -0.05267333984375 -0.273757934570312 0.214950561523438
0.280258178710938 0.05389404296875 -0.3270263671875 0.08282470703125
0.199951171875 0.219253540039063 -0.31170654296875 -0.0537109374999999
0.043548583984375 0.280426025390625 -0.165328979492188 -0.157196044921875
-0.223373413085938 0.2564697265625 -0.00224304199218753 -0.141799926757812
-0.3526611328125 0.184844970703125 -0.0442123413085938 0.0300140380859375
-0.424652099609375 0.05023193359375 -0.2113037109375 -0.0144500732421875
-0.193359375 0.150100708007813 -0.705322265625 -0.02587890625
-0.1112060546875 0.170822143554688 -0.42608642578125 0.180206298828125
0.00535583496093752 0.152389526367188 -0.10400390625 0.115608215332031
0.060455322265625 0.112800598144531 -0.126846313476562 -0.0197525024414063
0.0753021240234375 0.0565338134765625 -0.2181396484375 -0.007110595703125
0.121315002441406 0.0157699584960938 -0.287628173828125 0.11029052734375
0.117851257324219 -0.00107574462890625 -0.303985595703125 0.231689453125
0.114822387695313 0.00606536865234375 -0.284393310546875 0.252960205078125
0.139251708984375 0.017913818359375 -0.331756591796875 0.23150634765625
0.106674194335938 0.0702667236328125 -0.374969482421875 0.088287353515625
0.0424957275390625 0.126129150390625 -0.3184814453125 -0.067291259765625
-0.033843994140625 0.10540771484375 -0.163558959960938 -0.162933349609375
-0.115821838378906 0.0637893676757813 -0.007568359375 -0.10809326171875
-0.1351318359375 0.0565948486328125 -0.107513427734375 0.0598373413085938
-0.18060302734375 0.0330047607421875 -0.345947265625 -0.0220947265625001
-0.093719482421875 -0.06103515625 0.383941650390625 -0.06195068359375
-0.0999069213867188 0.0666580200195313 0.137252807617188 -0.08587646484375
-0.0115203857421875 0.120986938476563 -0.0215835571289062 0.0745773315429688
0.0751266479492188 0.06549072265625 0.12841796875 0.179183959960937
0.102859497070313 0.00513458251953125 0.27001953125 0.102798461914062
0.0726394653320313 -0.065399169921875 0.3614501953125 -0.0894775390625
0.0450363159179687 -0.0967559814453125 0.347808837890625 -0.249969482421875
0.0382003784179688 -0.0765457153320313 0.287841796875 -0.2611083984375
0.0412979125976563 -0.078521728515625 0.293060302734375 -0.21893310546875
0.0766448974609375 -0.0305099487304688 0.298370361328125 -0.11273193359375
0.0624656677246094 0.0395011901855469 0.205368041992188 -0.0281219482421875
-0.0023193359375 0.0801162719726563 0.131309509277344 -0.0203475952148437
-0.0774307250976563 0.0259933471679688 0.1727294921875 -0.135818481445313
-0.095947265625 -0.048553466796875 0.432403564453125 -0.21014404296875
-0.0272750854492187 -0.0830154418945312 0.77978515625 0.0638427734375
-0.355010986328125 -0.0249023437499999 0.337005615234375 -0.060089111328125
-0.285797119140625 0.167266845703125 0.114913940429687 -0.0694427490234375
-0.123748779296875 0.28338623046875 -0.0290603637695313 0.0659866333007813
0.0984649658203125 0.244369506835938 0.104721069335938 0.158737182617188
0.213241577148438 0.118972778320313 0.219268798828125 0.1060791015625
0.246124267578125 -0.0546112060546875 0.320526123046875 -0.058563232421875
0.205352783203125 -0.15374755859375 0.313446044921875 -0.2059326171875
0.19140625 -0.127410888671875 0.255462646484375 -0.22052001953125
0.217086791992188 -0.137969970703125 0.254348754882813 -0.175460815429688
0.254608154296875 -0.031036376953125 0.24853515625 -0.105438232421875
0.21221923828125 0.144668579101563 0.14483642578125 -0.037567138671875
0.060699462890625 0.251708984375 0.103797912597656 -0.04876708984375
-0.18817138671875 0.207687377929687 0.169906616210938 -0.176971435546875
-0.30621337890625 0.0877685546875 0.431976318359375 -0.222442626953125
-0.287811279296875 -0.0410461425781251 0.7587890625 0.03411865234375
-0.55975341796875 0.0219421386718749 0.210845947265625 -0.0637664794921875
-0.432952880859375 0.259185791015625 0.0507049560546875 -0.0384483337402344
-0.21148681640625 0.424224853515625 -0.0357437133789063 0.06719970703125
0.117706298828125 0.39935302734375 0.0786056518554688 0.128555297851563
0.302276611328125 0.217681884765625 0.1502685546875 0.094390869140625
0.389678955078125 -0.03961181640625 0.241134643554688 -0.0242919921875
0.334808349609375 -0.189727783203125 0.235702514648438 -0.136276245117188
0.31561279296875 -0.161468505859375 0.183029174804688 -0.145339965820313
0.35882568359375 -0.179718017578125 0.1739501953125 -0.10321044921875
0.39666748046875 -0.029876708984375 0.154891967773438 -0.08038330078125
0.338714599609375 0.22918701171875 0.0538063049316406 -0.0477180480957031
0.125457763671875 0.39532470703125 0.0549087524414063 -0.0865554809570312
-0.271575927734375 0.37628173828125 0.15130615234375 -0.21417236328125
-0.478729248046875 0.224578857421875 0.388824462890625 -0.216888427734375
-0.5101318359375 0.0107727050781251 0.649169921875 0.00555419921875
-0.67950439453125 0.0751342773437499 0.0296974182128906 -0.0653724670410156
-0.516845703125 0.33349609375 -0.0410652160644532 0.0076408386230469
-0.251068115234375 0.525970458984375 -0.0427398681640625 0.0753860473632813
0.144073486328125 0.50250244140625 0.0442733764648438 0.0882110595703125
0.361663818359375 0.28277587890625 0.061309814453125 0.0716018676757813
0.478973388671875 -0.025238037109375 0.128135681152344 0.0121307373046875
0.41424560546875 -0.2000732421875 0.122894287109375 -0.0465164184570313
0.39117431640625 -0.17059326171875 0.0836181640625 -0.0496444702148438
0.44488525390625 -0.194305419921875 0.0660133361816407 -0.0117607116699219
0.48089599609375 -0.025054931640625 0.0304679870605469 -0.0391120910644531
0.421051025390625 0.28289794921875 -0.0575752258300781 -0.050537109375
0.17626953125 0.486663818359375 -0.0110931396484375 -0.118766784667969
-0.3162841796875 0.49737548828125 0.115005493164062 -0.230758666992187
-0.583984375 0.329345703125 0.301544189453125 -0.1767578125
-0.65234375 0.0539550781249999 0.46209716796875 -0.006256103515625
-0.6988525390625 0.1236572265625 -0.182113647460938 -0.06036376953125
-0.5203857421875 0.376922607421875 -0.149871826171875 0.0640716552734375
-0.237152099609375 0.55755615234375 -0.0541610717773438 0.0847625732421875
0.161163330078125 0.52960205078125 -0.00343322753906249 0.0431861877441407
0.37615966796875 0.295501708984375 -0.039337158203125 0.0447883605957031
0.50067138671875 -0.0135498046875 -0.00349044799804684 0.0496444702148437
0.430999755859375 -0.185791015625 -0.00759887695312497 0.0489654541015625
0.40679931640625 -0.155975341796875 -0.0287704467773437 0.0538063049316406
0.46380615234375 -0.1778564453125 -0.0558242797851562 0.0834197998046875
0.4901123046875 -0.010040283203125 -0.1064453125 0.011749267578125
0.427886962890625 0.298828125 -0.17181396484375 -0.045074462890625
0.186004638671875 0.49884033203125 -0.0814743041992188 -0.139228820800781
-0.321044921875 0.52667236328125 0.0681610107421875 -0.218414306640625
-0.59979248046875 0.36334228515625 0.182662963867187 -0.106002807617187
-0.6871337890625 0.078857421875 0.228317260742187 -0.00576782226562499
-0.6151123046875 0.159423828125 -0.394744873046875 -0.0458374023437499
-0.441986083984375 0.360626220703125 -0.25750732421875 0.120697021484375
-0.18255615234375 0.49639892578125 -0.0695877075195313 0.0933609008789063
0.152069091796875 0.461395263671875 -0.0592460632324219 0.0045280456542969
0.324462890625 0.25604248046875 -0.133720397949219 0.0225448608398438
0.438934326171875 -0.003692626953125 -0.131576538085937 0.083892822265625
0.38311767578125 -0.144073486328125 -0.134994506835937 0.137031555175781
0.36199951171875 -0.11773681640625 -0.136856079101563 0.14837646484375
0.41351318359375 -0.131256103515625 -0.172317504882812 0.165298461914063
0.419281005859375 0.015380859375 -0.230255126953125 0.058349609375
0.348388671875 0.27435302734375 -0.261672973632813 -0.0402526855468749
0.136322021484375 0.424896240234375 -0.137527465820313 -0.147857666015625
-0.28948974609375 0.43878173828125 0.0245819091796875 -0.182601928710938
-0.517730712890625 0.3095703125 0.0578651428222656 -0.026702880859375
-0.6114501953125 0.0761108398437501 -0.0126132965087891 -0.00240325927734375
-0.43780517578125 0.165252685546875 -0.5787353515625 -0.0272216796874999
-0.297027587890625 0.2850341796875 -0.35211181640625 0.1639404296875
-0.0980224609375 0.3480224609375 -0.0864105224609375 0.102828979492188
0.11474609375 0.309844970703125 -0.10443115234375 -0.01806640625
0.216827392578125 0.171173095703125 -0.197784423828125 0.00485229492187505
0.305206298828125 0.005279541015625 -0.231292724609375 0.107162475585938
0.27349853515625 -0.0801239013671875 -0.239028930664062 0.203414916992188
0.260360717773438 -0.06219482421875 -0.22552490234375 0.219223022460938
0.3001708984375 -0.063690185546875 -0.266647338867188 0.219146728515625
0.2840576171875 0.045318603515625 -0.32147216796875 0.08856201171875
0.210250854492188 0.214599609375 -0.31024169921875 -0.045135498046875
0.051361083984375 0.283721923828125 -0.165130615234375 -0.152542114257812
-0.220077514648438 0.265960693359375 -0.00227355957031251 -0.141525268554687
-0.352630615234375 0.1910400390625 -0.0456466674804688 0.0340690612792969
-0.432647705078125 0.0549926757812499 -0.217666625976563 -0.00363159179687502
-0.195114135742187 0.149032592773438 -0.70806884765625 -0.0106201171875001
-0.11480712890625 0.17242431640625 -0.4208984375 0.192840576171875
0.00320434570312498 0.15472412109375 -0.09857177734375 0.118309020996094
0.065185546875 0.116912841796875 -0.126556396484375 -0.0166549682617187
0.0794601440429688 0.0595932006835938 -0.217666625976563 -0.00326538085937502
0.125213623046875 0.0116119384765625 -0.282928466796875 0.1151123046875
0.120628356933594 -0.00617218017578125 -0.2996826171875 0.237457275390625
0.119949340820313 0.0011138916015625 -0.279266357421875 0.257232666015625
0.143310546875 0.011688232421875 -0.32562255859375 0.237884521484375
0.112289428710938 0.0659027099609375 -0.37005615234375 0.0960693359375
0.0502853393554688 0.125198364257813 -0.317138671875 -0.059417724609375
-0.0292205810546875 0.110084533691406 -0.164382934570313 -0.15673828125
-0.115768432617188 0.0703964233398437 -0.00920867919921876 -0.107757568359375
-0.138160705566406 0.0579910278320313 -0.111328125 0.06475830078125
-0.187591552734375 0.0309906005859375 -0.354339599609375 -0.00955200195312506
-0.0940475463867187 -0.059326171875 0.399169921875 -0.07452392578125
-0.0936508178710938 0.0677566528320312 0.145065307617188 -0.09320068359375
-0.00753021240234375 0.119155883789062 -0.0215377807617187 0.0744400024414063
0.0742568969726562 0.0621719360351562 0.132675170898438 0.177780151367188
0.101493835449219 0.0020904541015625 0.27532958984375 0.0981292724609375
0.0698966979980469 -0.0684356689453125 0.364288330078125 -0.098052978515625
0.0405654907226562 -0.100059509277344 0.350067138671875 -0.263885498046875
0.0332107543945313 -0.0771942138671875 0.289215087890625 -0.27288818359375
0.035919189453125 -0.079254150390625 0.295501708984375 -0.22900390625
0.0727462768554687 -0.0341949462890625 0.301910400390625 -0.12109375
0.0643692016601563 0.0358085632324219 0.20892333984375 -0.0319366455078125
0.000427246093750007 0.079620361328125 0.133499145507813 -0.023681640625
-0.076080322265625 0.02789306640625 0.172042846679688 -0.140670776367188
-0.0953445434570313 -0.04296875 0.441009521484375 -0.222137451171875
-0.024505615234375 -0.0797348022460938 0.7979736328125 0.04925537109375
-0.359283447265625 -0.016632080078125 0.353759765625 -0.07073974609375
-0.2816162109375 0.174346923828125 0.124916076660156 -0.0753173828125
-0.1190185546875 0.2882080078125 -0.0279769897460938 0.0654869079589844
0.103240966796875 0.243759155273438 0.108688354492188 0.158187866210938
0.217315673828125 0.11492919921875 0.224136352539062 0.102462768554688
0.24664306640625 -0.063812255859375 0.325408935546875 -0.06744384765625
0.203445434570313 -0.16259765625 0.316070556640625 -0.218994140625
0.189712524414063 -0.135482788085938 0.256881713867188 -0.231979370117188
0.214935302734375 -0.147171020507813 0.25860595703125 -0.185562133789063
0.254684448242188 -0.0406646728515625 0.251266479492188 -0.11163330078125
0.221832275390625 0.139053344726563 0.147735595703125 -0.03912353515625
0.0703887939453125 0.253570556640625 0.105911254882813 -0.0522537231445312
-0.186553955078125 0.217483520507813 0.168609619140625 -0.1810302734375
-0.307464599609375 0.100860595703125 0.43988037109375 -0.23345947265625
-0.293365478515625 -0.03277587890625 0.77593994140625 0.01934814453125
-0.568603515625 0.03387451171875 0.226150512695312 -0.0724639892578125
-0.431884765625 0.2703857421875 0.0611953735351562 -0.0422096252441406
-0.206298828125 0.4339599609375 -0.0335350036621094 0.0673179626464844
0.130126953125 0.402008056640625 0.0826568603515625 0.127998352050781
0.313323974609375 0.21441650390625 0.154159545898438 0.092498779296875
0.3941650390625 -0.05364990234375 0.247238159179688 -0.03192138671875
0.335906982421875 -0.20355224609375 0.238265991210938 -0.146438598632812
0.317169189453125 -0.173736572265625 0.184432983398438 -0.155502319335938
0.358734130859375 -0.193603515625 0.180068969726563 -0.1109619140625
0.40045166015625 -0.043365478515625 0.15521240234375 -0.0847015380859375
0.3548583984375 0.22186279296875 0.055145263671875 -0.0460624694824219
0.140045166015625 0.39923095703125 0.0567626953125 -0.0893325805664062
-0.268035888671875 0.3919677734375 0.150253295898437 -0.219223022460937
-0.480804443359375 0.243255615234375 0.395721435546875 -0.225921630859375
-0.52215576171875 0.020599365234375 0.66302490234375 -0.0042724609375
-0.6917724609375 0.0867919921875 0.040374755859375 -0.0700531005859375
-0.517852783203125 0.349151611328125 -0.0325775146484375 0.00707054138183596
-0.24713134765625 0.541656494140625 -0.039825439453125 0.07598876953125
0.160308837890625 0.508148193359375 0.0479507446289063 0.0876922607421875
0.376953125 0.279052734375 0.0631103515625 0.0707626342773438
0.488189697265625 -0.041900634765625 0.134422302246094 0.00724029541015625
0.41796875 -0.218109130859375 0.126708984375 -0.053741455078125
0.39385986328125 -0.18634033203125 0.0841751098632813 -0.0570526123046875
0.447998046875 -0.210784912109375 0.0721206665039063 -0.0159988403320313
0.487518310546875 -0.040313720703125 0.0293846130371094 -0.0401802062988281
0.43853759765625 0.27569580078125 -0.0581169128417969 -0.0468254089355469
0.194854736328125 0.491912841796875 -0.00873565673828125 -0.121353149414062
-0.313201904296875 0.51898193359375 0.113510131835938 -0.236236572265625
-0.588134765625 0.3511962890625 0.30548095703125 -0.18109130859375
-0.6671142578125 0.0676269531249999 0.47015380859375 -0.0103759765625
-0.712646484375 0.13751220703125 -0.17681884765625 -0.0589141845703125
-0.523529052734375 0.392242431640625 -0.142288208007813 0.0680999755859376
-0.23321533203125 0.576904296875 -0.0501785278320313 0.087310791015625
0.179901123046875 0.53619384765625 -0.00157928466796874 0.0439987182617188
0.39227294921875 0.293060302734375 -0.0389213562011719 0.0459022521972656
0.509765625 -0.03131103515625 0.00202178955078128 0.0470695495605469
0.4375 -0.204620361328125 -0.0040779113769531 0.0464553833007812
0.412353515625 -0.171356201171875 -0.0277366638183594 0.0503883361816406
0.4697265625 -0.197540283203125 -0.0491790771484375 0.0836105346679687
0.49871826171875 -0.024444580078125 -0.107086181640625 0.0131759643554687
0.447967529296875 0.29052734375 -0.17364501953125 -0.0392761230468749
0.202850341796875 0.504974365234375 -0.0813446044921875 -0.140304565429687
-0.318145751953125 0.546966552734375 0.06610107421875 -0.222488403320312
-0.60467529296875 0.384521484375 0.184829711914062 -0.106643676757812
-0.7061767578125 0.0902099609375001 0.23162841796875 -0.00408935546874999
-0.627197265625 0.17047119140625 -0.395599365234375 -0.0391845703124999
-0.447784423828125 0.377197265625 -0.254226684570313 0.128738403320313
-0.1795654296875 0.513092041015625 -0.0653076171875 0.096405029296875
0.170928955078125 0.46929931640625 -0.0577545166015625 0.00614929199218753
0.34112548828125 0.25628662109375 -0.135444641113281 0.0250167846679688
0.44866943359375 -0.01947021484375 -0.128379821777344 0.0856170654296875
0.3895263671875 -0.1602783203125 -0.132278442382812 0.139968872070313
0.368621826171875 -0.132171630859375 -0.137435913085937 0.1500244140625
0.42120361328125 -0.148590087890625 -0.167617797851562 0.169326782226563
0.4276123046875 0.002685546875 -0.23114013671875 0.0633697509765625
0.36639404296875 0.269134521484375 -0.26446533203125 -0.033477783203125
0.1510009765625 0.43212890625 -0.138931274414063 -0.147811889648437
-0.28741455078125 0.4571533203125 0.02294921875 -0.185623168945312
-0.522064208984375 0.326416015625 0.0585289001464843 -0.0230941772460937
-0.62933349609375 0.0849609375 -0.0158958435058594 0.00523948669433595
-0.44879150390625 0.174163818359375 -0.58734130859375 -0.0153198242187499
-0.3043212890625 0.296905517578125 -0.353118896484375 0.17626953125
-0.09722900390625 0.3602294921875 -0.0825042724609375 0.107231140136719
0.129058837890625 0.31744384765625 -0.10498046875 -0.0150375366210937
0.22943115234375 0.17254638671875 -0.20172119140625 0.00894165039062503
0.314422607421875 -0.0045166015625 -0.22998046875 0.111862182617188
0.279144287109375 -0.0922698974609375 -0.237686157226562 0.212158203125
0.26763916015625 -0.0731048583984375 -0.226211547851562 0.2259521484375
0.30804443359375 -0.076507568359375 -0.263290405273438 0.2279052734375
0.29248046875 0.03656005859375 -0.323883056640625 0.095855712890625
0.223556518554687 0.212310791015625 -0.31475830078125 -0.037445068359375
0.06134033203125 0.29046630859375 -0.16815185546875 -0.152053833007813
-0.220443725585937 0.279006958007813 -0.00306701660156251 -0.14349365234375
-0.358184814453125 0.201416015625 -0.0472869873046875 0.0403480529785156
-0.4483642578125 0.05963134765625 -0.226654052734375 0.00726318359374999
-0.200149536132813 0.150466918945312 -0.7216796875 0.00512695312500016
-0.12164306640625 0.177215576171875 -0.425872802734375 0.20721435546875
0.0019073486328125 0.159820556640625 -0.0960311889648438 0.122917175292969
0.0720672607421875 0.121391296386719 -0.127433776855469 -0.0135574340820313
0.0859222412109375 0.0623092651367188 -0.221237182617187 0.00019836425781254
0.130157470703125 0.00759124755859375 -0.28533935546875 0.121246337890625
0.125541687011719 -0.01171875 -0.300262451171875 0.2486572265625
0.125724792480469 -0.00408935546875 -0.280364990234375 0.267852783203125
0.150497436523438 0.0051422119140625 -0.324737548828125 0.249420166015625
0.119338989257813 0.0623245239257813 -0.372344970703125 0.105224609375
0.0584335327148437 0.126823425292969 -0.32244873046875 -0.051300048828125
-0.0260086059570312 0.115737915039063 -0.168014526367187 -0.15521240234375
-0.116897583007812 0.0772018432617188 -0.0116806030273437 -0.109458923339844
-0.14324951171875 0.0612335205078125 -0.115653991699219 0.0722885131835937
-0.1986083984375 0.031341552734375 -0.367431640625 0.00335693359374994
-0.09649658203125 -0.05615234375 0.418426513671875 -0.095458984375
-0.0875015258789062 0.0708160400390625 0.152603149414063 -0.105148315429688
-0.001983642578125 0.119316101074219 -0.0202484130859375 0.0764236450195313
0.0748367309570313 0.0594635009765625 0.142105102539063 0.177001953125
0.10162353515625 -0.00289154052734375 0.285919189453125 0.090972900390625
0.0670547485351563 -0.0733108520507813 0.369964599609375 -0.114532470703125
0.0346450805664062 -0.104019165039063 0.348602294921875 -0.28668212890625
0.0266952514648437 -0.0789718627929688 0.288116455078125 -0.29296875
0.0291976928710937 -0.081939697265625 0.297332763671875 -0.248565673828125
0.0690422058105469 -0.03924560546875 0.306060791015625 -0.136138916015625
0.0666618347167969 0.0320510864257813 0.214279174804688 -0.03961181640625
0.00444793701171875 0.0789566040039063 0.136764526367188 -0.0292205810546875
-0.0758438110351563 0.031982421875 0.170578002929688 -0.150253295898438
-0.0960464477539063 -0.0365066528320313 0.449432373046875 -0.24810791015625
-0.0231475830078125 -0.0779266357421875 0.82513427734375 0.01702880859375
-0.3690185546875 -0.00369262695312498 0.372406005859375 -0.09039306640625
-0.2769775390625 0.186569213867187 0.134750366210937 -0.0853652954101562
-0.11199951171875 0.29901123046875 -0.0262222290039063 0.067291259765625
0.114166259765625 0.245498657226563 0.118011474609375 0.157180786132813
0.226486206054688 0.109100341796875 0.23345947265625 0.0970611572265625
0.24945068359375 -0.078399658203125 0.333221435546875 -0.0811767578125
0.200576782226562 -0.177505493164062 0.31756591796875 -0.2408447265625
0.186599731445313 -0.146148681640625 0.25592041015625 -0.25250244140625
0.21197509765625 -0.160293579101562 0.262680053710937 -0.20269775390625
0.256866455078125 -0.0539093017578125 0.253738403320313 -0.124282836914063
0.235076904296875 0.130233764648438 0.151748657226563 -0.044097900390625
0.0852508544921875 0.2562255859375 0.108543395996094 -0.0592117309570312
-0.183441162109375 0.2332763671875 0.166702270507813 -0.19158935546875
-0.30987548828125 0.121734619140625 0.4482421875 -0.258148193359375
-0.302001953125 -0.02001953125 0.8026123046875 -0.00823974609375
-0.58319091796875 0.0545654296875 0.241348266601563 -0.08575439453125
-0.4298095703125 0.29052734375 0.0713043212890625 -0.04840087890625
-0.198028564453125 0.45294189453125 -0.0307159423828125 0.0697784423828125
0.150665283203125 0.40704345703125 0.0904312133789063 0.127632141113281
0.33026123046875 0.207000732421875 0.1612548828125 0.089569091796875
0.40185546875 -0.074859619140625 0.255050659179688 -0.04449462890625
0.335906982421875 -0.227264404296875 0.241348266601563 -0.164398193359375
0.31707763671875 -0.192596435546875 0.183197021484375 -0.171905517578125
0.360260009765625 -0.218017578125 0.18499755859375 -0.12408447265625
0.4075927734375 -0.06378173828125 0.156982421875 -0.0930023193359375
0.3775634765625 0.209808349609375 0.0561790466308594 -0.0467948913574219
0.16387939453125 0.40509033203125 0.0572891235351563 -0.0958251953125
-0.261260986328125 0.418304443359375 0.145919799804687 -0.229202270507812
-0.4864501953125 0.274932861328125 0.40191650390625 -0.24444580078125
-0.540496826171875 0.0428771972656251 0.68377685546875 -0.02655029296875
-0.70953369140625 0.11468505859375 0.0500030517578125 -0.0754776000976563
-0.51953125 0.377716064453125 -0.0240554809570313 0.0067405700683594
-0.2364501953125 0.5673828125 -0.0355987548828125 0.0788650512695313
0.1876220703125 0.51568603515625 0.0535125732421875 0.0879364013671875
0.400970458984375 0.271209716796875 0.0682144165039063 0.0710983276367188
0.499603271484375 -0.067840576171875 0.1422119140625 -0.000717163085937504
0.4210205078125 -0.246368408203125 0.130264282226563 -0.0644683837890625
0.397857666015625 -0.2099609375 0.0833740234375 -0.0662612915039063
0.45343017578125 -0.240631103515625 0.0779495239257813 -0.02313232421875
0.49774169921875 -0.064208984375 0.0289497375488282 -0.042694091796875
0.466888427734375 0.26019287109375 -0.059417724609375 -0.0423202514648437
0.22314453125 0.500030517578125 -0.0118865966796875 -0.127067565917969
-0.303924560546875 0.549560546875 0.109100341796875 -0.245559692382812
-0.592529296875 0.3870849609375 0.312835693359375 -0.1944580078125
-0.69024658203125 0.0935058593749999 0.4853515625 -0.024200439453125
-0.73211669921875 0.1663818359375 -0.175384521484375 -0.0561370849609375
-0.525299072265625 0.42376708984375 -0.136680603027344 0.07452392578125
-0.22088623046875 0.606201171875 -0.0454940795898438 0.0905456542968751
0.213531494140625 0.54437255859375 0.00202560424804689 0.0450668334960938
0.418731689453125 0.288116455078125 -0.0377960205078125 0.04998779296875
0.52386474609375 -0.058746337890625 0.00751113891601566 0.0455551147460937
0.442169189453125 -0.234100341796875 -0.000282287597656228 0.0440635681152344
0.419097900390625 -0.19775390625 -0.0288352966308594 0.0488319396972656
0.47613525390625 -0.2275390625 -0.043487548828125 0.0845184326171875
0.511260986328125 -0.051025390625 -0.109138488769531 0.0179672241210937
0.476959228515625 0.2781982421875 -0.17742919921875 -0.030853271484375
0.2318115234375 0.51312255859375 -0.086639404296875 -0.1429443359375
-0.3070068359375 0.580322265625 0.05975341796875 -0.230484008789063
-0.60870361328125 0.42156982421875 0.18878173828125 -0.111419677734375
-0.7303466796875 0.1170654296875 0.238021850585937 -0.00772094726562499
-0.64459228515625 0.194580078125 -0.403045654296875 -0.0266113281250001
-0.451751708984375 0.406768798828125 -0.251358032226563 0.142135620117188
-0.17034912109375 0.539581298828125 -0.06072998046875 0.101913452148438
0.201507568359375 0.476806640625 -0.0570411682128906 0.00904464721679691
0.366302490234375 0.24981689453125 -0.138420104980469 0.0310821533203125
0.4630126953125 -0.043975830078125 -0.125457763671875 0.0893783569335937
0.39544677734375 -0.1861572265625 -0.129043579101562 0.14666748046875
0.376220703125 -0.155487060546875 -0.137863159179688 0.155914306640625
0.429351806640625 -0.1766357421875 -0.162307739257813 0.178009033203125
0.4415283203125 -0.01898193359375 -0.234939575195312 0.0740509033203125
0.39312744140625 0.25970458984375 -0.271133422851563 -0.0218963623046875
0.174774169921875 0.44110107421875 -0.14617919921875 -0.14813232421875
-0.280120849609375 0.485076904296875 0.01800537109375 -0.190719604492187
-0.52740478515625 0.356201171875 0.0602798461914062 -0.0215644836425781
-0.65179443359375 0.1087646484375 -0.0163927078247071 0.0120506286621094
-0.459991455078125 0.191986083984375 -0.602783203125 0.00457763671874992
-0.30908203125 0.319305419921875 -0.354034423828125 0.197418212890625
-0.092010498046875 0.378662109375 -0.0781326293945312 0.113075256347656
0.151092529296875 0.32427978515625 -0.106559753417969 -0.0110931396484375
0.248214721679688 0.17022705078125 -0.206710815429687 0.0171356201171875
0.32574462890625 -0.0218505859375 -0.229583740234375 0.12103271484375
0.28619384765625 -0.1107177734375 -0.234664916992188 0.226760864257812
0.275009155273438 -0.0899658203125 -0.225784301757812 0.239013671875
0.317108154296875 -0.0972900390625 -0.26025390625 0.2430419921875
0.30517578125 0.022552490234375 -0.328338623046875 0.111114501953125
0.24383544921875 0.207656860351563 -0.323822021484375 -0.024200439453125
0.0765380859375 0.299102783203125 -0.176300048828125 -0.150375366210937
-0.217254638671875 0.29840087890625 -0.00869750976562501 -0.147369384765625
-0.36492919921875 0.220428466796875 -0.0489120483398438 0.0478897094726563
-0.467803955078125 0.0751037597656251 -0.236862182617188 0.0230255126953125
-0.205291748046875 0.15869140625 -0.74456787109375 0.0341186523437499
-0.125 0.188995361328125 -0.432464599609375 0.233123779296875
0.0023040771484375 0.167068481445313 -0.091278076171875 0.130912780761719
0.0823898315429688 0.124740600585938 -0.130455017089844 -0.00865936279296876
0.0946807861328125 0.0630874633789063 -0.228271484375 0.00906372070312502
0.137542724609375 0.00160980224609375 -0.28753662109375 0.133880615234375
0.131072998046875 -0.0197830200195313 -0.29852294921875 0.26885986328125
0.131805419921875 -0.0127182006835937 -0.280792236328125 0.2861328125
0.158660888671875 -0.00457763671875 -0.32342529296875 0.269500732421875
0.128860473632813 0.056640625 -0.3770751953125 0.123291015625
0.0691909790039063 0.128036499023438 -0.331939697265625 -0.0385437011718751
-0.0201644897460938 0.123489379882813 -0.178192138671875 -0.15289306640625
-0.118171691894531 0.0863571166992188 -0.01678466796875 -0.112258911132813
-0.148483276367188 0.0688323974609375 -0.119712829589844 0.082672119140625
-0.211227416992188 0.0371551513671875 -0.383636474609375 0.0236206054687501
-0.098388671875 -0.0503921508789062 0.42852783203125 -0.127105712890625
-0.0791015625 0.0733718872070313 0.155441284179688 -0.1214599609375
0.00604248046874999 0.117889404296875 -0.0166015625 0.0780258178710938
0.0757904052734375 0.0561294555664063 0.154281616210938 0.1707763671875
0.100112915039063 -0.00943756103515625 0.29498291015625 0.07440185546875
0.0599746704101563 -0.079559326171875 0.367218017578125 -0.138427734375
0.0247039794921875 -0.107429504394531 0.33697509765625 -0.314544677734375
0.0191421508789062 -0.0800399780273438 0.276153564453125 -0.317474365234375
0.0208206176757813 -0.0830078125 0.2886962890625 -0.271942138671875
0.0631828308105469 -0.0442008972167969 0.303375244140625 -0.157196044921875
0.0690040588378906 0.0254554748535156 0.216171264648437 -0.0528717041015625
0.01055908203125 0.0781326293945313 0.137001037597656 -0.0387802124023437
-0.0736465454101563 0.0371475219726563 0.165084838867188 -0.162704467773438
-0.0954513549804688 -0.0274658203125 0.445037841796875 -0.282379150390625
-0.0241622924804688 -0.0758590698242188 0.8409423828125 -0.033935546875
-0.37371826171875 0.01837158203125 0.382843017578125 -0.119171142578125
-0.265380859375 0.202621459960937 0.140396118164062 -0.100074768066406
-0.09576416015625 0.308441162109375 -0.0219192504882813 0.0695533752441406
0.129302978515625 0.24139404296875 0.129196166992188 0.152191162109375
0.235549926757812 0.096710205078125 0.242218017578125 0.08502197265625
0.245513916015625 -0.0974884033203125 0.333404541015625 -0.104339599609375
0.189407348632812 -0.194854736328125 0.3087158203125 -0.26708984375
0.177658081054688 -0.16033935546875 0.24462890625 -0.27447509765625
0.201690673828125 -0.178359985351563 0.257369995117188 -0.225540161132812
0.253860473632812 -0.0732269287109375 0.25177001953125 -0.141082763671875
0.24847412109375 0.11334228515625 0.15289306640625 -0.0526885986328125
0.104400634765625 0.253982543945313 0.107627868652344 -0.0677719116210937
-0.171539306640625 0.2515869140625 0.15899658203125 -0.203781127929687
-0.30621337890625 0.147003173828125 0.444305419921875 -0.291259765625
-0.308135986328125 -0.000457763671875065 0.818115234375 -0.05670166015625
-0.58978271484375 0.0890502929687499 0.251693725585937 -0.10595703125
-0.416229248046875 0.317535400390625 0.0792770385742187 -0.0575408935546875
-0.175384521484375 0.473968505859375 -0.02581787109375 0.0722427368164063
0.17864990234375 0.403045654296875 0.100669860839844 0.123634338378906
0.348907470703125 0.189666748046875 0.16900634765625 0.082305908203125
0.400665283203125 -0.105010986328125 0.25897216796875 -0.062225341796875
0.3248291015625 -0.25634765625 0.23638916015625 -0.185623168945313
0.30816650390625 -0.217315673828125 0.175460815429688 -0.189315795898438
0.3504638671875 -0.247894287109375 0.184188842773438 -0.141265869140625
0.40826416015625 -0.09332275390625 0.153732299804688 -0.103927612304687
0.3997802734375 0.1849365234375 0.0565452575683594 -0.0496749877929687
0.19378662109375 0.40155029296875 0.0531234741210938 -0.102523803710937
-0.24102783203125 0.4456787109375 0.135726928710937 -0.241317749023437
-0.477294921875 0.312469482421875 0.3990478515625 -0.272430419921875
-0.54888916015625 0.0769042968749999 0.69580078125 -0.0670166015625
-0.7177734375 0.156494140625 0.0559463500976562 -0.08319091796875
-0.50482177734375 0.41253662109375 -0.0151653289794922 0.00540542602539065
-0.20758056640625 0.59466552734375 -0.02972412109375 0.0817489624023438
0.22503662109375 0.51153564453125 0.06103515625 0.0853805541992188
0.427001953125 0.2515869140625 0.0738372802734375 0.0695037841796875
0.501556396484375 -0.104949951171875 0.147628784179688 -0.012725830078125
0.41204833984375 -0.282379150390625 0.130271911621094 -0.0769577026367188
0.390655517578125 -0.240631103515625 0.0791091918945313 -0.0754928588867188
0.44384765625 -0.27978515625 0.0813522338867188 -0.0316314697265625
0.50128173828125 -0.099578857421875 0.0272026062011719 -0.0449600219726563
0.495147705078125 0.232025146484375 -0.0605125427246093 -0.0369873046875
0.260833740234375 0.494659423828125 -0.0189971923828125 -0.12957763671875
-0.27783203125 0.5821533203125 0.096221923828125 -0.254531860351562
-0.580322265625 0.43267822265625 0.308990478515625 -0.2135009765625
-0.70184326171875 0.13525390625 0.494384765625 -0.050537109375
-0.73712158203125 0.20855712890625 -0.173446655273438 -0.0489044189453125
-0.5101318359375 0.461334228515625 -0.126594543457031 0.082427978515625
-0.19207763671875 0.634521484375 -0.0380401611328125 0.09405517578125
0.254669189453125 0.540771484375 0.00694274902343752 0.0451164245605469
0.447509765625 0.26605224609375 -0.0352210998535156 0.0546493530273438
0.527252197265625 -0.09716796875 0.0136451721191407 0.0415725708007812
0.435577392578125 -0.271484375 0.0041313171386719 0.0415267944335937
0.4139404296875 -0.2303466796875 -0.0284194946289062 0.0486183166503906
0.470672607421875 -0.267974853515625 -0.0357284545898437 0.0848846435546875
0.515869140625 -0.08642578125 -0.110183715820312 0.0252227783203125
0.50604248046875 0.24835205078125 -0.180419921875 -0.0186004638671875
0.2696533203125 0.508575439453125 -0.0949096679687499 -0.141876220703125
-0.2811279296875 0.61273193359375 0.0478668212890625 -0.23681640625
-0.59686279296875 0.4669189453125 0.18902587890625 -0.120880126953125
-0.74383544921875 0.16082763671875 0.242752075195312 -0.0175323486328125
-0.64886474609375 0.2313232421875 -0.406341552734375 -0.00411987304687492
-0.4390869140625 0.441375732421875 -0.241592407226563 0.161453247070313
-0.14471435546875 0.56781005859375 -0.0523300170898438 0.106300354003906
0.239349365234375 0.472625732421875 -0.0550689697265625 0.0124168395996094
0.39300537109375 0.232452392578125 -0.138053894042969 0.0416259765625
0.469329833984375 -0.0782470703125 -0.119407653808594 0.0947799682617188
0.392822265625 -0.219696044921875 -0.12060546875 0.154541015625
0.374298095703125 -0.185455322265625 -0.133026123046875 0.164642333984375
0.42718505859375 -0.21319580078125 -0.151718139648437 0.187835693359375
0.448760986328125 -0.049652099609375 -0.234115600585938 0.0893554687500001
0.420135498046875 0.23651123046875 -0.275711059570312 -0.00373840332031252
0.209320068359375 0.439178466796875 -0.156509399414062 -0.14453125
-0.257476806640625 0.513214111328125 0.00683593749999999 -0.19500732421875
-0.5179443359375 0.396270751953125 0.0619697570800781 -0.0208358764648437
-0.66571044921875 0.147216796875 -0.0166950225830079 0.0180740356445313
-0.462921142578125 0.21734619140625 -0.61065673828125 0.0429687500000001
-0.300689697265625 0.345489501953125 -0.346771240234375 0.224151611328125
-0.075439453125 0.397705078125 -0.0698699951171875 0.119224548339844
0.17840576171875 0.32061767578125 -0.106918334960937 -0.00498199462890625
0.268524169921875 0.15838623046875 -0.2088623046875 0.031005859375
0.331329345703125 -0.04644775390625 -0.224594116210937 0.1339111328125
0.28656005859375 -0.135406494140625 -0.224212646484375 0.243621826171875
0.277130126953125 -0.112457275390625 -0.218063354492187 0.256729125976563
0.31903076171875 -0.124725341796875 -0.247329711914063 0.260833740234375
0.3134765625 0 -0.3258056640625 0.1324462890625
0.264602661132813 0.1937255859375 -0.329132080078125 -0.00363159179687504
0.0987548828125 0.30169677734375 -0.18731689453125 -0.143997192382812
-0.20440673828125 0.319610595703125 -0.01824951171875 -0.149246215820312
-0.359832763671875 0.246917724609375 -0.0469322204589844 0.0566787719726563
-0.479278564453125 0.102630615234375 -0.240814208984375 0.04290771484375
-0.203811645507813 0.169464111328125 -0.75543212890625 0.0786743164062502
-0.122268676757813 0.202056884765625 -0.42572021484375 0.264862060546875
0.00753784179687499 0.173812866210937 -0.0832977294921875 0.137908935546875
0.0943069458007812 0.122657775878906 -0.130805969238281 -0.000701904296875011
0.104690551757813 0.0600967407226563 -0.231338500976562 0.023223876953125
0.142440795898438 -0.008636474609375 -0.28424072265625 0.1513671875
0.134719848632812 -0.0300750732421875 -0.288543701171875 0.293212890625
0.136009216308594 -0.02374267578125 -0.2694091796875 0.308563232421875
0.1632080078125 -0.0193939208984375 -0.311737060546875 0.29364013671875
0.137535095214844 0.0469284057617188 -0.374298095703125 0.14788818359375
0.0819168090820313 0.124961853027344 -0.339385986328125 -0.0179443359375
-0.0105819702148438 0.129295349121094 -0.188507080078125 -0.14495849609375
-0.116127014160156 0.0970840454101563 -0.0245513916015625 -0.112876892089844
-0.150909423828125 0.0782470703125 -0.118949890136719 0.0961074829101563
-0.220947265625 0.0484466552734375 -0.39288330078125 0.053497314453125
-0.0980911254882813 -0.042755126953125 0.424591064453125 -0.15911865234375
-0.06915283203125 0.0733108520507813 0.153244018554687 -0.136062622070313
0.0145111083984375 0.112907409667969 -0.0113677978515625 0.0781936645507813
0.0764541625976563 0.051422119140625 0.16387939453125 0.158554077148438
0.0964508056640625 -0.0152359008789063 0.29632568359375 0.055145263671875
0.0517578125 -0.0825576782226563 0.3555908203125 -0.160491943359375
0.0138778686523437 -0.10797119140625 0.3134765625 -0.336273193359375
0.0109329223632813 -0.0779037475585938 0.2542724609375 -0.33477783203125
0.0118255615234375 -0.0820465087890625 0.270721435546875 -0.29058837890625
0.0560340881347656 -0.0477294921875 0.2916259765625 -0.175323486328125
0.0688018798828125 0.01788330078125 0.211563110351563 -0.0666351318359375
0.0156936645507812 0.073822021484375 0.133621215820313 -0.0475616455078125
-0.0682716369628906 0.0417976379394531 0.153457641601563 -0.172088623046875
-0.0924835205078125 -0.0185470581054688 0.425750732421875 -0.312255859375
-0.0247116088867188 -0.0724258422851562 0.833984375 -0.0894775390625
-0.36773681640625 0.0424804687500001 0.38134765625 -0.148468017578125
-0.246002197265625 0.212692260742187 0.140945434570312 -0.114013671875
-0.07568359375 0.31024169921875 -0.0159072875976563 0.0692253112792969
0.14202880859375 0.230804443359375 0.138626098632813 0.141983032226563
0.238418579101563 0.080963134765625 0.24517822265625 0.069061279296875
0.23394775390625 -0.11444091796875 0.325103759765625 -0.125823974609375
0.1715087890625 -0.207427978515625 0.288909912109375 -0.28863525390625
0.1632080078125 -0.169754028320312 0.224395751953125 -0.289764404296875
0.185287475585937 -0.1910400390625 0.242568969726563 -0.242752075195313
0.242691040039063 -0.0906219482421875 0.23980712890625 -0.15606689453125
0.254104614257813 0.0926361083984375 0.150344848632813 -0.0616455078125
0.121871948242187 0.243515014648438 0.101905822753906 -0.0752410888671875
-0.1524658203125 0.263275146484375 0.145492553710937 -0.211944580078125
-0.29119873046875 0.168975830078125 0.42694091796875 -0.319854736328125
-0.304962158203125 0.020599365234375 0.8094482421875 -0.10943603515625
-0.5802001953125 0.123046875 0.252639770507812 -0.126220703125
-0.389373779296875 0.337127685546875 0.08392333984375 -0.0674896240234375
-0.1446533203125 0.481964111328125 -0.0192718505859375 0.0719070434570313
0.202484130859375 0.38629150390625 0.108749389648438 0.115036010742188
0.3583984375 0.16485595703125 0.173126220703125 0.07196044921875
0.387786865234375 -0.133453369140625 0.254257202148438 -0.081024169921875
0.30303955078125 -0.27899169921875 0.223876953125 -0.203140258789063
0.2901611328125 -0.236663818359375 0.160064697265625 -0.200515747070313
0.328765869140625 -0.272705078125 0.176284790039063 -0.156448364257813
0.39569091796875 -0.1221923828125 0.145980834960938 -0.112289428710938
0.41009521484375 0.152435302734375 0.0552864074707032 -0.0515327453613281
0.22052001953125 0.3858642578125 0.0468063354492188 -0.106636047363281
-0.211944580078125 0.462799072265625 0.120147705078125 -0.24639892578125
-0.453369140625 0.344818115234375 0.382843017578125 -0.2958984375
-0.542144775390625 0.11102294921875 0.6883544921875 -0.11053466796875
-0.7059326171875 0.19696044921875 0.0600738525390625 -0.0906906127929687
-0.473297119140625 0.438018798828125 -0.00531101226806643 0.00261449813842776
-0.1697998046875 0.6072998046875 -0.0216598510742188 0.0813522338867188
0.2587890625 0.490753173828125 0.0684661865234375 0.079864501953125
0.442230224609375 0.21990966796875 0.0782623291015625 0.0659408569335938
0.48944091796875 -0.14202880859375 0.148056030273438 -0.0255889892578125
0.3890380859375 -0.31201171875 0.12542724609375 -0.089447021484375
0.3707275390625 -0.266693115234375 0.0716781616210938 -0.082122802734375
0.421417236328125 -0.312744140625 0.081695556640625 -0.0414581298828125
0.48895263671875 -0.134368896484375 0.0242805480957032 -0.0458831787109375
0.5079345703125 0.19195556640625 -0.0601234436035156 -0.0312461853027344
0.29254150390625 0.472686767578125 -0.0268325805664062 -0.128822326660156
-0.2393798828125 0.601318359375 0.0804595947265625 -0.2567138671875
-0.54736328125 0.470947265625 0.29827880859375 -0.2305908203125
-0.693359375 0.1796875 0.4879150390625 -0.0792236328125
-0.72369384765625 0.2491455078125 -0.167694091796875 -0.040985107421875
-0.48150634765625 0.4892578125 -0.113136291503906 0.087738037109375
-0.15350341796875 0.64788818359375 -0.028106689453125 0.0954055786132813
0.290374755859375 0.51922607421875 0.0122146606445313 0.042877197265625
0.46435546875 0.233154296875 -0.0302886962890625 0.0575408935546875
0.5157470703125 -0.135894775390625 0.0185470581054688 0.0367393493652344
0.41558837890625 -0.303558349609375 0.00798034667968753 0.0367240905761718
0.39544677734375 -0.258941650390625 -0.0277976989746094 0.0490188598632812
0.447662353515625 -0.30413818359375 -0.0273895263671875 0.08245849609375
0.504974365234375 -0.1224365234375 -0.1070556640625 0.032470703125
0.520477294921875 0.208892822265625 -0.177993774414063 -0.00459289550781251
0.3017578125 0.48724365234375 -0.104339599609375 -0.137184143066406
-0.24224853515625 0.63067626953125 0.033660888671875 -0.235794067382812
-0.5643310546875 0.50274658203125 0.18377685546875 -0.129241943359375
-0.73687744140625 0.2060546875 0.240432739257812 -0.0301513671875
-0.63592529296875 0.26800537109375 -0.398284912109375 0.0202941894531249
-0.4124755859375 0.466766357421875 -0.224212646484375 0.175048828125
-0.11053466796875 0.57818603515625 -0.0419845581054688 0.108383178710938
0.27294921875 0.45306396484375 -0.0513153076171875 0.0153388977050781
0.40948486328125 0.205291748046875 -0.133064270019531 0.051727294921875
0.46087646484375 -0.112457275390625 -0.110008239746094 0.0976028442382813
0.376373291015625 -0.249908447265625 -0.108795166015625 0.158493041992188
0.36102294921875 -0.21185302734375 -0.123580932617187 0.171600341796875
0.409149169921875 -0.246734619140625 -0.135986328125 0.192703247070312
0.4417724609375 -0.08172607421875 -0.225601196289062 0.103836059570313
0.436279296875 0.20367431640625 -0.271209716796875 0.0156402587890625
0.23577880859375 0.422760009765625 -0.163833618164063 -0.134429931640625
-0.22564697265625 0.528778076171875 -0.00480651855468751 -0.192367553710937
-0.49249267578125 0.42608642578125 0.0627861022949218 -0.0209388732910156
-0.66009521484375 0.18817138671875 -0.0156955718994141 0.0228900909423828
-0.45172119140625 0.241668701171875 -0.602294921875 0.08001708984375
-0.28204345703125 0.365478515625 -0.32781982421875 0.247314453125
-0.05328369140625 0.40667724609375 -0.0591278076171875 0.121978759765625
0.20123291015625 0.3072509765625 -0.104248046875 0.00159454345703129
0.281463623046875 0.140289306640625 -0.204269409179687 0.0453338623046875
0.3277587890625 -0.07098388671875 -0.213104248046875 0.143844604492187
0.27752685546875 -0.157623291015625 -0.205322265625 0.255035400390625
0.268722534179688 -0.132965087890625 -0.201522827148437 0.268524169921875
0.30828857421875 -0.1517333984375 -0.227874755859375 0.273223876953125
0.312042236328125 -0.024139404296875 -0.3135986328125 0.152008056640625
0.278305053710938 0.172805786132813 -0.324554443359375 0.019500732421875
0.119537353515625 0.2940673828125 -0.194244384765625 -0.1309814453125
-0.18511962890625 0.332611083984375 -0.02777099609375 -0.146255493164062
-0.345001220703125 0.2686767578125 -0.0418663024902344 0.0637855529785156
-0.478851318359375 0.130706787109375 -0.238189697265625 0.06195068359375
-0.19677734375 0.176773071289062 -0.74652099609375 0.12841796875
-0.11431884765625 0.21124267578125 -0.405731201171875 0.294403076171875
0.014404296875 0.176864624023438 -0.0722503662109375 0.141555786132813
0.103965759277344 0.1160888671875 -0.129837036132813 0.00720977783203125
0.111518859863281 0.0534286499023438 -0.228134155273438 0.03814697265625
0.14300537109375 -0.0191192626953125 -0.27252197265625 0.166549682617188
0.134262084960938 -0.0414886474609375 -0.26727294921875 0.309478759765625
0.135726928710938 -0.0347518920898438 -0.2486572265625 0.325225830078125
0.162689208984375 -0.0337982177734375 -0.2890625 0.311798095703125
0.141647338867188 0.0345611572265625 -0.360382080078125 0.169952392578125
0.0926666259765625 0.117378234863281 -0.336029052734375 0.00579833984375008
-0.000129699707031254 0.130325317382813 -0.19659423828125 -0.130889892578125
-0.11004638671875 0.105140686035156 -0.0320892333984375 -0.109733581542969
-0.147979736328125 0.0879974365234375 -0.113044738769531 0.108451843261719
-0.2227783203125 0.061492919921875 -0.38916015625 0.0834655761718749
-0.0954055786132813 -0.0362319946289063 0.412139892578125 -0.180206298828125
-0.0601158142089844 0.0695152282714844 0.148651123046875 -0.146697998046875
0.019378662109375 0.105255126953125 -0.00655364990234375 0.0760955810546875
0.0748138427734375 0.0465240478515625 0.167007446289063 0.146041870117188
0.0918807983398438 -0.0188751220703125 0.2901611328125 0.039886474609375
0.0440444946289063 -0.0834732055664063 0.33868408203125 -0.17205810546875
0.00438690185546874 -0.103858947753906 0.287872314453125 -0.344024658203125
0.00469970703125001 -0.0743942260742187 0.233123779296875 -0.339080810546875
0.00553131103515625 -0.0780487060546875 0.25152587890625 -0.296844482421875
0.0487098693847656 -0.0487327575683594 0.275497436523438 -0.18402099609375
0.0662040710449219 0.0115928649902344 0.2034912109375 -0.0745086669921875
0.0190925598144531 0.0685005187988281 0.127967834472656 -0.0526962280273437
-0.0625419616699219 0.0439949035644531 0.1419677734375 -0.174713134765625
-0.086761474609375 -0.0119552612304687 0.40130615234375 -0.3275146484375
-0.0247306823730469 -0.0687065124511719 0.808349609375 -0.12554931640625
-0.3558349609375 0.056976318359375 0.373046875 -0.16766357421875
-0.227081298828125 0.212387084960938 0.139152526855469 -0.124565124511719
-0.059814453125 0.303314208984375 -0.0110549926757812 0.0673370361328125
0.147293090820313 0.217529296875 0.142288208007813 0.130462646484375
0.234893798828125 0.0675811767578125 0.24151611328125 0.0570220947265625
0.2197265625 -0.12408447265625 0.310943603515625 -0.137786865234375
0.15362548828125 -0.210418701171875 0.268218994140625 -0.297271728515625
0.1490478515625 -0.171951293945313 0.205108642578125 -0.293792724609375
0.168716430664063 -0.196044921875 0.22747802734375 -0.251266479492188
0.229568481445313 -0.100479125976563 0.226943969726563 -0.162796020507813
0.251373291015625 0.0736236572265625 0.144439697265625 -0.06658935546875
0.131118774414063 0.230300903320313 0.0954818725585938 -0.0783309936523437
-0.135650634765625 0.266464233398438 0.133056640625 -0.212860107421875
-0.272857666015625 0.181442260742187 0.4031982421875 -0.332183837890625
-0.29644775390625 0.03424072265625 0.78424072265625 -0.14227294921875
-0.560302734375 0.14434814453125 0.249755859375 -0.139694213867188
-0.363555908203125 0.34014892578125 0.0874710083007812 -0.0758285522460937
-0.120849609375 0.477020263671875 -0.0128517150878906 0.0691909790039063
0.21551513671875 0.365936279296875 0.112335205078125 0.105545043945313
0.356781005859375 0.144500732421875 0.173187255859375 0.0626678466796875
0.368621826171875 -0.1513671875 0.245315551757813 -0.0926971435546875
0.2794189453125 -0.288848876953125 0.208831787109375 -0.211761474609375
0.269805908203125 -0.243545532226563 0.145370483398438 -0.204177856445313
0.3035888671875 -0.284820556640625 0.166427612304688 -0.163543701171875
0.377288818359375 -0.139312744140625 0.138252258300781 -0.114761352539063
0.406585693359375 0.12445068359375 0.0529441833496094 -0.051666259765625
0.233856201171875 0.36383056640625 0.0402374267578125 -0.106178283691406
-0.18475341796875 0.46490478515625 0.10748291015625 -0.2440185546875
-0.422943115234375 0.360198974609375 0.363861083984375 -0.3067626953125
-0.526702880859375 0.13214111328125 0.6673583984375 -0.13616943359375
-0.68115234375 0.22015380859375 0.0630111694335937 -0.0956497192382812
-0.44110107421875 0.444305419921875 0.00355577468872068 -0.00244021415710447
-0.1397705078125 0.60272216796875 -0.014312744140625 0.0785903930664063
0.2752685546875 0.4659423828125 0.0715408325195313 0.07275390625
0.4420166015625 0.19488525390625 0.0809783935546875 0.0615921020507813
0.467681884765625 -0.164642333984375 0.1451416015625 -0.0353546142578125
0.363311767578125 -0.326324462890625 0.118682861328125 -0.0971755981445313
0.349761962890625 -0.27813720703125 0.0641632080078125 -0.0836715698242188
0.391876220703125 -0.329864501953125 0.0795516967773438 -0.0483245849609375
0.46661376953125 -0.156951904296875 0.0223503112792969 -0.0444793701171875
0.504669189453125 0.158660888671875 -0.0583343505859375 -0.0265655517578125
0.306854248046875 0.449188232421875 -0.0331344604492187 -0.124809265136719
-0.20733642578125 0.6021728515625 0.0677490234375 -0.25225830078125
-0.51348876953125 0.4871826171875 0.284149169921875 -0.237762451171875
-0.6741943359375 0.20458984375 0.47235107421875 -0.096832275390625
-0.6988525390625 0.27056884765625 -0.158279418945313 -0.03619384765625
-0.4488525390625 0.495391845703125 -0.0985336303710938 0.0873794555664063
-0.12274169921875 0.64532470703125 -0.0210800170898438 0.0917816162109376
0.308074951171875 0.491973876953125 0.015869140625 0.0404891967773438
0.46539306640625 0.20703125 -0.024993896484375 0.0593528747558594
0.495086669921875 -0.15936279296875 0.0219478607177735 0.0304508209228516
0.38873291015625 -0.320892333984375 0.00992012023925784 0.0320873260498047
0.37469482421875 -0.272613525390625 -0.0272712707519531 0.048553466796875
0.41900634765625 -0.323394775390625 -0.0212631225585937 0.0777053833007812
0.48492431640625 -0.145599365234375 -0.102088928222656 0.0373458862304688
0.5191650390625 0.175201416015625 -0.1705322265625 0.00502014160156252
0.317596435546875 0.4625244140625 -0.107894897460937 -0.129440307617188
-0.20977783203125 0.62994384765625 0.0235748291015625 -0.230224609375
-0.527984619140625 0.5169677734375 0.177017211914062 -0.13275146484375
-0.7156982421875 0.23223876953125 0.2332763671875 -0.0368499755859375
-0.6146240234375 0.28460693359375 -0.3826904296875 0.0347900390625
-0.385223388671875 0.474456787109375 -0.204879760742188 0.1796875
-0.08319091796875 0.57684326171875 -0.0334014892578125 0.105918884277344
0.2886962890625 0.42889404296875 -0.0476150512695312 0.01611328125
0.41259765625 0.181060791015625 -0.125267028808594 0.0581893920898437
0.443511962890625 -0.135406494140625 -0.101058959960937 0.0961990356445312
0.3546142578125 -0.267364501953125 -0.0976715087890625 0.156753540039062
0.343048095703125 -0.22576904296875 -0.114715576171875 0.173538208007813
0.385528564453125 -0.265869140625 -0.121810913085937 0.190261840820313
0.425994873046875 -0.10418701171875 -0.214492797851562 0.11260986328125
0.43597412109375 0.17303466796875 -0.261383056640625 0.0290679931640625
0.251129150390625 0.402008056640625 -0.166839599609375 -0.123825073242187
-0.199066162109375 0.5303955078125 -0.012786865234375 -0.186111450195312
-0.4620361328125 0.439300537109375 0.06329345703125 -0.0205230712890625
-0.64306640625 0.20947265625 -0.0147018432617188 0.025686264038086
-0.436248779296875 0.25152587890625 -0.58203125 0.10430908203125
-0.26251220703125 0.370849609375 -0.30462646484375 0.257415771484375
-0.03570556640625 0.406524658203125 -0.0501327514648438 0.120826721191406
0.21331787109375 0.29132080078125 -0.100173950195312 0.00575256347656251
0.28466796875 0.124114990234375 -0.195785522460937 0.0546875
0.316864013671875 -0.087005615234375 -0.199935913085937 0.147430419921875
0.264144897460938 -0.171295166015625 -0.1873779296875 0.256591796875
0.2581787109375 -0.145614624023438 -0.186172485351562 0.271835327148438
0.292633056640625 -0.16668701171875 -0.208160400390625 0.274429321289063
0.30352783203125 -0.041839599609375 -0.297576904296875 0.161773681640625
0.281585693359375 0.15252685546875 -0.3126220703125 0.0346374511718751
0.13153076171875 0.282623291015625 -0.195755004882813 -0.119049072265625
-0.166290283203125 0.334808349609375 -0.032928466796875 -0.140029907226562
-0.327056884765625 0.278228759765625 -0.0366096496582032 0.0674324035644531
-0.4678955078125 0.14666748046875 -0.230133056640625 0.0753631591796875
-0.189712524414063 0.1773681640625 -0.7216796875 0.15814208984375
-0.105926513671875 0.214111328125 -0.382537841796875 0.307952880859375
0.018646240234375 0.176895141601563 -0.063232421875 0.140205383300781
0.107879638671875 0.10919189453125 -0.124900817871094 0.01263427734375
0.114204406738281 0.0479888916015625 -0.219329833984375 0.048126220703125
0.139900207519531 -0.0269088745117187 -0.257781982421875 0.17266845703125
0.13067626953125 -0.050140380859375 -0.244873046875 0.3150634765625
0.133079528808594 -0.0432891845703125 -0.228485107421875 0.329315185546875
0.157455444335938 -0.045013427734375 -0.26611328125 0.31646728515625
0.141250610351563 0.023590087890625 -0.341583251953125 0.18182373046875
0.0984725952148438 0.1094970703125 -0.32470703125 0.0226745605468751
0.007568359375 0.128334045410156 -0.196517944335938 -0.11785888671875
-0.103591918945313 0.1087646484375 -0.0368881225585938 -0.104103088378906
-0.143707275390625 0.0927581787109375 -0.105369567871094 0.115455627441406
-0.221206665039063 0.069915771484375 -0.377532958984375 0.10382080078125
-0.0908126831054688 -0.0326919555664062 0.40399169921875 -0.190460205078125
-0.0543708801269531 0.0636177062988281 0.145828247070313 -0.15386962890625
0.0207061767578125 0.0981979370117188 -0.00374603271484375 0.073272705078125
0.0730361938476562 0.044036865234375 0.16619873046875 0.137283325195313
0.088592529296875 -0.0204315185546875 0.283050537109375 0.03228759765625
0.03826904296875 -0.0826568603515625 0.326416015625 -0.1746826171875
-0.000602722167968747 -0.0996475219726563 0.27423095703125 -0.34393310546875
0.000854492187500003 -0.0704421997070313 0.220977783203125 -0.337493896484375
0.000640869140624993 -0.0749664306640625 0.24102783203125 -0.295654296875
0.043304443359375 -0.0482368469238281 0.266067504882813 -0.185073852539062
0.063262939453125 0.00727462768554688 0.196365356445313 -0.0775604248046875
0.0200424194335938 0.064239501953125 0.123626708984375 -0.0545196533203125
-0.0576324462890625 0.0443077087402344 0.135528564453125 -0.174896240234375
-0.0799026489257813 -0.00848388671875 0.386383056640625 -0.33258056640625
-0.0221443176269531 -0.0658950805664062 0.787109375 -0.13751220703125
-0.34539794921875 0.061614990234375 0.36724853515625 -0.178131103515625
-0.21533203125 0.205108642578125 0.139373779296875 -0.132926940917969
-0.05328369140625 0.2955322265625 -0.00823593139648438 0.0639305114746094
0.147811889648438 0.208786010742188 0.142013549804688 0.1220703125
0.230224609375 0.0615234375 0.237258911132813 0.05078125
0.208389282226562 -0.127426147460938 0.30108642578125 -0.142730712890625
0.142105102539063 -0.209732055664063 0.25439453125 -0.298980712890625
0.141494750976563 -0.169952392578125 0.1947021484375 -0.2923583984375
0.156173706054688 -0.195892333984375 0.218536376953125 -0.251708984375
0.21893310546875 -0.103713989257813 0.219512939453125 -0.162429809570313
0.246871948242188 0.062530517578125 0.139610290527344 -0.067291259765625
0.133560180664062 0.22088623046875 0.0917510986328125 -0.0783004760742187
-0.12542724609375 0.265823364257813 0.126861572265625 -0.210342407226562
-0.25830078125 0.185516357421875 0.388458251953125 -0.336212158203125
-0.288330078125 0.040069580078125 0.763671875 -0.1531982421875
-0.546630859375 0.149993896484375 0.247665405273438 -0.148117065429688
-0.3466796875 0.333251953125 0.091064453125 -0.084136962890625
-0.108001708984375 0.4683837890625 -0.00896453857421876 0.0657157897949219
0.21685791015625 0.352325439453125 0.113204956054688 0.0981979370117188
0.351470947265625 0.134185791015625 0.170700073242188 0.058502197265625
0.35272216796875 -0.158233642578125 0.238525390625 -0.098541259765625
0.2630615234375 -0.29058837890625 0.199508666992188 -0.215179443359375
0.2587890625 -0.244308471679687 0.137481689453125 -0.20330810546875
0.285736083984375 -0.287384033203125 0.16064453125 -0.166748046875
0.362030029296875 -0.14654541015625 0.133308410644531 -0.114402770996094
0.400299072265625 0.10784912109375 0.0514984130859375 -0.0510749816894531
0.236602783203125 0.35137939453125 0.0369949340820313 -0.104644775390625
-0.1708984375 0.462860107421875 0.10162353515625 -0.240005493164062
-0.40374755859375 0.36322021484375 0.353179931640625 -0.308746337890625
-0.51458740234375 0.1405029296875 0.64801025390625 -0.1431884765625
-0.66632080078125 0.2247314453125 0.0666275024414062 -0.100509643554687
-0.421783447265625 0.437225341796875 0.0112361907958984 -0.00948905944824216
-0.12493896484375 0.5963134765625 -0.0114364624023438 0.0746307373046875
0.279296875 0.447662353515625 0.0730667114257813 0.0676956176757813
0.4376220703125 0.18121337890625 0.08172607421875 0.0603256225585938
0.450042724609375 -0.17333984375 0.142196655273438 -0.0419769287109375
0.344696044921875 -0.33154296875 0.113807678222656 -0.1007080078125
0.335968017578125 -0.28045654296875 0.0601043701171875 -0.0832595825195313
0.371307373046875 -0.3341064453125 0.0782546997070313 -0.05267333984375
0.45086669921875 -0.167236328125 0.0215530395507813 -0.0428314208984375
0.497528076171875 0.13983154296875 -0.055633544921875 -0.0242500305175781
0.310150146484375 0.431884765625 -0.0347976684570312 -0.120704650878906
-0.19073486328125 0.59796142578125 0.0635223388671875 -0.247039794921875
-0.491363525390625 0.488433837890625 0.276016235351562 -0.238677978515625
-0.65972900390625 0.21380615234375 0.459197998046875 -0.099822998046875
-0.685546875 0.27471923828125 -0.149017333984375 -0.0370330810546875
-0.42999267578125 0.491302490234375 -0.0870437622070313 0.0826721191406251
-0.108154296875 0.64031982421875 -0.0166854858398438 0.0877914428710938
0.31256103515625 0.4725341796875 0.0180778503417969 0.0371894836425782
0.462677001953125 0.191619873046875 -0.021270751953125 0.0595207214355469
0.478851318359375 -0.171051025390625 0.0237388610839844 0.0248126983642578
0.370361328125 -0.32696533203125 0.0111064910888672 0.0272731781005859
0.36077880859375 -0.276824951171875 -0.0268783569335937 0.0491371154785156
0.39947509765625 -0.329620361328125 -0.018157958984375 0.0725250244140625
0.469451904296875 -0.156341552734375 -0.0978469848632812 0.03955078125
0.511505126953125 0.15576171875 -0.164535522460937 0.00933837890625002
0.320556640625 0.44659423828125 -0.10797119140625 -0.123794555664062
-0.19329833984375 0.6258544921875 0.01959228515625 -0.224212646484375
-0.505584716796875 0.51776123046875 0.173721313476562 -0.132171630859375
-0.70147705078125 0.2386474609375 0.226394653320312 -0.0384063720703125
-0.60162353515625 0.28594970703125 -0.369232177734375 0.0380859375000001
-0.3707275390625 0.472076416015625 -0.190994262695313 0.178070068359375
-0.07073974609375 0.57476806640625 -0.0289230346679688 0.102287292480469
0.2933349609375 0.413543701171875 -0.0448417663574218 0.015472412109375
0.410125732421875 0.168670654296875 -0.118751525878906 0.06097412109375
0.429534912109375 -0.144805908203125 -0.0949325561523437 0.0918731689453125
0.3404541015625 -0.273406982421875 -0.0914459228515625 0.152374267578125
0.332550048828125 -0.23138427734375 -0.11016845703125 0.172698974609375
0.368194580078125 -0.27325439453125 -0.115066528320312 0.185699462890625
0.41259765625 -0.11370849609375 -0.206253051757812 0.114212036132812
0.430023193359375 0.15692138671875 -0.251937866210938 0.03515625
0.25372314453125 0.38983154296875 -0.165313720703125 -0.117080688476562
-0.184844970703125 0.52667236328125 -0.0154876708984375 -0.180130004882812
-0.445343017578125 0.439422607421875 0.0639991760253906 -0.0187644958496093
-0.6322021484375 0.21588134765625 -0.01470947265625 0.0289630889892578
-0.4278564453125 0.250457763671875 -0.5631103515625 0.1124267578125
-0.25347900390625 0.3687744140625 -0.2889404296875 0.258453369140625
-0.02880859375 0.4063720703125 -0.0456695556640625 0.117652893066406
0.216552734375 0.280319213867188 -0.0964431762695313 0.00771331787109375
0.283966064453125 0.115814208984375 -0.187896728515625 0.0584716796875
0.308258056640625 -0.094696044921875 -0.191360473632813 0.14495849609375
0.255050659179688 -0.178024291992187 -0.177169799804688 0.254043579101563
0.25128173828125 -0.150497436523438 -0.1766357421875 0.271041870117188
0.281158447265625 -0.174224853515625 -0.19720458984375 0.270187377929688
0.294830322265625 -0.05029296875 -0.28564453125 0.165252685546875
0.279937744140625 0.141693115234375 -0.30206298828125 0.0418701171875
0.13470458984375 0.274765014648438 -0.193618774414063 -0.111495971679688
-0.158203125 0.333709716796875 -0.0348434448242188 -0.135429382324219
-0.31658935546875 0.279693603515625 -0.0321044921875 0.0702972412109375
-0.460540771484375 0.1524658203125 -0.224227905273438 0.081268310546875
-0.187362670898438 0.173690795898438 -0.700927734375 0.1688232421875
-0.102676391601562 0.2149658203125 -0.36669921875 0.312713623046875
0.0191802978515625 0.178466796875 -0.058868408203125 0.137008666992188
0.1085205078125 0.105239868164062 -0.121223449707031 0.0152206420898438
0.114921569824219 0.044769287109375 -0.211929321289063 0.0523223876953125
0.138229370117188 -0.0300445556640625 -0.247528076171875 0.17291259765625
0.128395080566406 -0.05450439453125 -0.231781005859375 0.31304931640625
0.131332397460938 -0.0471420288085938 -0.21661376953125 0.327667236328125
0.153274536132813 -0.050933837890625 -0.2532958984375 0.31378173828125
0.139350891113281 0.01739501953125 -0.3277587890625 0.184295654296875
0.100807189941406 0.104049682617188 -0.314117431640625 0.03033447265625
0.0118789672851562 0.1270751953125 -0.193862915039063 -0.110488891601562
-0.101097106933594 0.110054016113281 -0.038726806640625 -0.100090026855469
-0.140960693359375 0.094268798828125 -0.0998458862304687 0.119537353515625
-0.220123291015625 0.0727081298828125 -0.368438720703125 0.113067626953125
-0.0886917114257813 -0.0315933227539063 0.404998779296875 -0.197540283203125
-0.0526924133300781 0.058563232421875 0.14703369140625 -0.162399291992188
0.0199432373046875 0.0938186645507812 -0.00260162353515624 0.0712432861328125
0.07196044921875 0.04266357421875 0.166534423828125 0.1339111328125
0.087615966796875 -0.0211410522460938 0.2816162109375 0.031005859375
0.0345306396484375 -0.0828933715820313 0.32305908203125 -0.175750732421875
-0.00422668457031251 -0.0976715087890625 0.26995849609375 -0.34661865234375
-0.000663757324218743 -0.0680122375488281 0.219085693359375 -0.339630126953125
-0.00177764892578126 -0.0732421875 0.241363525390625 -0.2982177734375
0.0404129028320313 -0.0469779968261719 0.264312744140625 -0.185150146484375
0.061187744140625 0.00444412231445313 0.195144653320312 -0.0777130126953125
0.0202980041503906 0.0617141723632813 0.122840881347656 -0.055450439453125
-0.0544395446777344 0.0445213317871094 0.135284423828125 -0.17620849609375
-0.0760116577148438 -0.00709533691406249 0.383056640625 -0.336822509765625
-0.0196189880371094 -0.0653495788574219 0.784912109375 -0.140625
-0.344451904296875 0.063507080078125 0.37066650390625 -0.185455322265625
-0.212921142578125 0.199783325195312 0.14276123046875 -0.142074584960938
-0.052490234375 0.2935791015625 -0.0064544677734375 0.061981201171875
0.147445678710937 0.206787109375 0.142684936523438 0.11883544921875
0.230087280273438 0.0599212646484375 0.236572265625 0.0491943359375
0.203582763671875 -0.129486083984375 0.29974365234375 -0.14520263671875
0.137557983398437 -0.210693359375 0.25244140625 -0.302001953125
0.13885498046875 -0.169845581054688 0.192413330078125 -0.294647216796875
0.151626586914063 -0.196884155273438 0.218887329101563 -0.254684448242188
0.214157104492188 -0.105087280273438 0.218673706054687 -0.161666870117188
0.244384765625 0.0573577880859375 0.139419555664063 -0.0678253173828125
0.135025024414062 0.218719482421875 0.091094970703125 -0.0793533325195312
-0.12164306640625 0.268341064453125 0.126571655273438 -0.211044311523437
-0.2532958984375 0.188323974609375 0.389678955078125 -0.340972900390625
-0.28875732421875 0.04205322265625 0.76171875 -0.1534423828125
-0.548126220703125 0.149871826171875 0.252838134765625 -0.155487060546875
-0.344451904296875 0.32855224609375 0.0963363647460937 -0.09307861328125
-0.106597900390625 0.469573974609375 -0.00808715820312501 0.0632247924804688
0.218475341796875 0.34912109375 0.113716125488281 0.0950546264648438
0.352508544921875 0.132110595703125 0.171798706054688 0.05877685546875
0.34796142578125 -0.16229248046875 0.238418579101563 -0.1025390625
0.257659912109375 -0.2945556640625 0.197555541992188 -0.2193603515625
0.257080078125 -0.246627807617188 0.136016845703125 -0.204193115234375
0.279571533203125 -0.290679931640625 0.160781860351563 -0.16998291015625
0.3575439453125 -0.149993896484375 0.133522033691406 -0.113212585449219
0.39898681640625 0.102203369140625 0.0520896911621094 -0.050323486328125
0.240020751953125 0.349273681640625 0.0366363525390625 -0.104118347167969
-0.1668701171875 0.467803955078125 0.101974487304688 -0.23956298828125
-0.398040771484375 0.367767333984375 0.351806640625 -0.31268310546875
-0.51568603515625 0.14154052734375 0.64825439453125 -0.14324951171875
-0.6690673828125 0.22564697265625 0.07257080078125 -0.105888366699219
-0.4232177734375 0.43280029296875 0.0175333023071289 -0.0168561935424804
-0.12298583984375 0.59954833984375 -0.00955200195312501 0.0725021362304688
0.282012939453125 0.44384765625 0.073455810546875 0.0655517578125
0.439849853515625 0.179351806640625 0.0839309692382813 0.06103515625
0.44573974609375 -0.1793212890625 0.142669677734375 -0.0462188720703125
0.3388671875 -0.337127685546875 0.113128662109375 -0.106208801269531
0.33489990234375 -0.284423828125 0.0590057373046875 -0.0831451416015625
0.36614990234375 -0.339111328125 0.0788192749023438 -0.055816650390625
0.446685791015625 -0.172149658203125 0.0227928161621094 -0.042022705078125
0.49774169921875 0.133575439453125 -0.0544052124023437 -0.0219306945800781
0.312713623046875 0.43115234375 -0.0349884033203125 -0.120094299316406
-0.1881103515625 0.6029052734375 0.06298828125 -0.245925903320312
-0.486083984375 0.4925537109375 0.277557373046875 -0.239486694335937
-0.6629638671875 0.2142333984375 0.458465576171875 -0.09979248046875
-0.69036865234375 0.27288818359375 -0.143768310546875 -0.04071044921875
-0.432281494140625 0.490386962890625 -0.0801162719726563 0.0779647827148438
-0.1053466796875 0.64501953125 -0.01580810546875 0.0859909057617188
0.316192626953125 0.469696044921875 0.0184135437011719 0.0362510681152344
0.4666748046875 0.189697265625 -0.0176315307617187 0.0621223449707031
0.475860595703125 -0.177581787109375 0.0253982543945313 0.0199642181396484
0.36614990234375 -0.333770751953125 0.011617660522461 0.0235233306884765
0.361236572265625 -0.279876708984375 -0.0274314880371094 0.0494346618652344
0.3935546875 -0.3353271484375 -0.0175018310546875 0.0694999694824219
0.465484619140625 -0.16156005859375 -0.096435546875 0.0407257080078125
0.511749267578125 0.149993896484375 -0.1619873046875 0.0117645263671875
0.3226318359375 0.445159912109375 -0.108589172363281 -0.122207641601562
-0.1907958984375 0.62994384765625 0.0200653076171875 -0.2220458984375
-0.501922607421875 0.52166748046875 0.175582885742187 -0.130783081054687
-0.706298828125 0.24066162109375 0.225616455078125 -0.035919189453125
-0.60784912109375 0.2852783203125 -0.36431884765625 0.0374755859375
-0.37017822265625 0.4710693359375 -0.185012817382813 0.17620849609375
-0.06903076171875 0.5828857421875 -0.0279998779296875 0.100830078125
0.298309326171875 0.411376953125 -0.04388427734375 0.0160598754882813
0.41412353515625 0.16607666015625 -0.115554809570312 0.0628890991210938
0.427947998046875 -0.150848388671875 -0.092864990234375 0.08734130859375
0.3372802734375 -0.2801513671875 -0.089996337890625 0.150100708007812
0.33294677734375 -0.236572265625 -0.109481811523438 0.174484252929687
0.36383056640625 -0.279571533203125 -0.113693237304688 0.183059692382812
0.40997314453125 -0.119598388671875 -0.203536987304687 0.115036010742188
0.432342529296875 0.150848388671875 -0.24871826171875 0.0373992919921876
0.2559814453125 0.39044189453125 -0.164810180664062 -0.115264892578125
-0.18377685546875 0.530731201171875 -0.0152130126953125 -0.178695678710937
-0.4427490234375 0.441802978515625 0.0665779113769531 -0.0165672302246093
-0.6353759765625 0.21771240234375 -0.0152740478515625 0.0319080352783203
-0.43377685546875 0.247528076171875 -0.559234619140625 0.1142578125
-0.2550048828125 0.372039794921875 -0.28350830078125 0.26007080078125
-0.0277099609375 0.413726806640625 -0.0455245971679688 0.116806030273438
0.21966552734375 0.280029296875 -0.0959396362304687 0.00801086425781251
0.288116455078125 0.115386962890625 -0.184738159179687 0.0608673095703125
0.308074951171875 -0.0992431640625 -0.188796997070312 0.142257690429688
0.253158569335938 -0.183975219726563 -0.174636840820313 0.253311157226563
0.252487182617188 -0.155563354492188 -0.17535400390625 0.27325439453125
0.278366088867188 -0.179107666015625 -0.19512939453125 0.268997192382813
0.29412841796875 -0.054718017578125 -0.283050537109375 0.165252685546875
0.282623291015625 0.13714599609375 -0.29827880859375 0.043609619140625
0.136734008789063 0.275177001953125 -0.192672729492188 -0.10943603515625
-0.157867431640625 0.336822509765625 -0.0348281860351563 -0.132743835449219
-0.316162109375 0.28118896484375 -0.0303726196289063 0.0735702514648438
-0.465240478515625 0.15423583984375 -0.224456787109375 0.085784912109375
-0.19244384765625 0.17083740234375 -0.6995849609375 0.17352294921875
-0.105072021484375 0.2177734375 -0.363006591796875 0.315948486328125
0.01861572265625 0.184661865234375 -0.0589370727539062 0.137702941894531
0.110244750976562 0.106361389160156 -0.120246887207031 0.0167007446289062
0.117599487304688 0.045166015625 -0.209197998046875 0.0535430908203125
0.140205383300781 -0.0315933227539063 -0.245101928710937 0.171859741210938
0.129692077636719 -0.058349609375 -0.229217529296875 0.314056396484375
0.132774353027344 -0.0509872436523437 -0.2142333984375 0.33038330078125
0.15325927734375 -0.0542755126953125 -0.25067138671875 0.3135986328125
0.139984130859375 0.014190673828125 -0.32513427734375 0.184600830078125
0.103981018066406 0.10205078125 -0.310272216796875 0.0334777832031249
0.0136032104492187 0.128135681152344 -0.193222045898438 -0.10845947265625
-0.101982116699219 0.112411499023438 -0.0399551391601563 -0.0984954833984375
-0.142974853515625 0.0963287353515625 -0.0981063842773438 0.124427795410156
-0.224212646484375 0.0738525390625 -0.368499755859375 0.1180419921875
-0.0883560180664063 -0.0300445556640625 0.4158935546875 -0.211273193359375
-0.0518455505371094 0.055877685546875 0.148956298828125 -0.176010131835938
0.020294189453125 0.0925827026367188 -0.001251220703125 0.0714950561523438
0.0725784301757813 0.0424118041992188 0.1717529296875 0.13250732421875
0.08880615234375 -0.0231475830078125 0.2861328125 0.027862548828125
0.031219482421875 -0.08441162109375 0.326751708984375 -0.18170166015625
-0.00762176513671874 -0.097503662109375 0.269775390625 -0.359466552734375
-0.00263214111328125 -0.0678138732910156 0.220306396484375 -0.3514404296875
-0.005035400390625 -0.0728607177734375 0.245361328125 -0.3092041015625
0.0380973815917969 -0.0474395751953125 0.269317626953125 -0.191680908203125
0.060333251953125 0.00115966796875 0.197952270507813 -0.0808563232421875
0.0208854675292969 0.0610847473144531 0.124755859375 -0.058197021484375
-0.052398681640625 0.0452995300292969 0.1357421875 -0.18328857421875
-0.0732269287109375 -0.005462646484375 0.387908935546875 -0.35418701171875
-0.0181388854980469 -0.0663566589355469 0.80169677734375 -0.1529541015625
-0.351593017578125 0.06915283203125 0.380035400390625 -0.1990966796875
-0.216217041015625 0.200286865234375 0.1468505859375 -0.155899047851563
-0.051116943359375 0.299102783203125 -0.00514221191406251 0.0610923767089844
0.152587890625 0.208084106445313 0.146987915039063 0.117416381835938
0.236968994140625 0.05810546875 0.242630004882813 0.0493011474609375
0.202957153320312 -0.135574340820313 0.303131103515625 -0.15301513671875
0.133743286132813 -0.217056274414063 0.251861572265625 -0.315826416015625
0.139312744140625 -0.175567626953125 0.193878173828125 -0.304107666015625
0.148941040039063 -0.203399658203125 0.222366333007813 -0.26513671875
0.215438842773438 -0.1107177734375 0.223587036132813 -0.16790771484375
0.249221801757813 0.0525360107421875 0.141677856445313 -0.07000732421875
0.14117431640625 0.22113037109375 0.0922698974609375 -0.081451416015625
-0.117813110351563 0.27813720703125 0.127944946289063 -0.21820068359375
-0.251983642578125 0.19781494140625 0.39495849609375 -0.356536865234375
-0.29449462890625 0.04534912109375 0.77838134765625 -0.16558837890625
-0.5615234375 0.158599853515625 0.261276245117187 -0.1671142578125
-0.349761962890625 0.333831787109375 0.101982116699219 -0.104728698730469
-0.102935791015625 0.48162841796875 -0.00640487670898438 0.0625877380371094
0.22760009765625 0.351470947265625 0.11761474609375 0.0946578979492188
0.36383056640625 0.13043212890625 0.17767333984375 0.05975341796875
0.3497314453125 -0.172882080078125 0.241729736328125 -0.111083984375
0.255584716796875 -0.30633544921875 0.197662353515625 -0.231201171875
0.259368896484375 -0.256546020507813 0.137603759765625 -0.210906982421875
0.278350830078125 -0.30303955078125 0.164505004882813 -0.178131103515625
0.3612060546875 -0.159515380859375 0.136833190917969 -0.116767883300781
0.4088134765625 0.09521484375 0.0534515380859375 -0.0510406494140625
0.250396728515625 0.354217529296875 0.0367050170898438 -0.105995178222656
-0.1622314453125 0.484161376953125 0.102874755859375 -0.24609375
-0.398468017578125 0.382720947265625 0.359405517578125 -0.323760986328125
-0.52923583984375 0.15081787109375 0.662353515625 -0.15216064453125
-0.6871337890625 0.23443603515625 0.0779953002929687 -0.11474609375
-0.429901123046875 0.443359375 0.0239620208740234 -0.0249500274658203
-0.11773681640625 0.617431640625 -0.00779724121093751 0.0725860595703125
0.29461669921875 0.448486328125 0.07672119140625 0.0654144287109375
0.45440673828125 0.17724609375 0.0900039672851563 0.0631103515625
0.44952392578125 -0.1927490234375 0.146194458007813 -0.0545501708984375
0.338348388671875 -0.353240966796875 0.1138916015625 -0.11407470703125
0.339141845703125 -0.297882080078125 0.0600204467773438 -0.0862045288085938
0.36456298828125 -0.355712890625 0.0805206298828125 -0.0602493286132813
0.45233154296875 -0.183135986328125 0.024444580078125 -0.0426597595214844
0.510589599609375 0.1256103515625 -0.0543327331542968 -0.0209007263183594
0.32623291015625 0.4383544921875 -0.0362548828125 -0.12152099609375
-0.18463134765625 0.62554931640625 0.064239501953125 -0.250717163085937
-0.4891357421875 0.51202392578125 0.28326416015625 -0.2484130859375
-0.68231201171875 0.22491455078125 0.469085693359375 -0.1044921875
-0.71160888671875 0.284912109375 -0.1427001953125 -0.04400634765625
-0.43927001953125 0.50335693359375 -0.0754013061523438 0.074737548828125
-0.09881591796875 0.66851806640625 -0.014556884765625 0.0869064331054688
0.331298828125 0.475311279296875 0.0207748413085938 0.0371017456054688
0.48138427734375 0.189117431640625 -0.013885498046875 0.0645713806152344
0.4815673828125 -0.19195556640625 0.0269775390625 0.0137729644775391
0.367218017578125 -0.35064697265625 0.0114555358886719 0.0197277069091797
0.3668212890625 -0.29595947265625 -0.0272102355957031 0.0516395568847656
0.3955078125 -0.35308837890625 -0.0161972045898437 0.0681838989257812
0.47137451171875 -0.173797607421875 -0.0962066650390625 0.0429153442382813
0.52508544921875 0.143585205078125 -0.1639404296875 0.014404296875
0.337005615234375 0.454193115234375 -0.111717224121094 -0.121994018554687
-0.18768310546875 0.6517333984375 0.0204010009765625 -0.2265625
-0.506103515625 0.541259765625 0.181854248046875 -0.135116577148437
-0.72735595703125 0.25189208984375 0.23077392578125 -0.03607177734375
-0.62933349609375 0.2960205078125 -0.368133544921875 0.03973388671875
-0.3782958984375 0.487060546875 -0.18194580078125 0.179412841796875
-0.06317138671875 0.60504150390625 -0.02777099609375 0.103424072265625
0.3116455078125 0.416534423828125 -0.0436019897460937 0.0172538757324219
0.430206298828125 0.165985107421875 -0.112632751464844 0.0673828125
0.435577392578125 -0.163177490234375 -0.0928802490234375 0.0850677490234375
0.338653564453125 -0.296356201171875 -0.0898284912109375 0.151153564453125
0.338714599609375 -0.25054931640625 -0.109832763671875 0.180862426757812
0.36492919921875 -0.29486083984375 -0.114044189453125 0.187591552734375
0.416229248046875 -0.13031005859375 -0.205276489257813 0.120285034179688
0.4439697265625 0.14678955078125 -0.251296997070313 0.0418701171875
0.267547607421875 0.397308349609375 -0.169326782226562 -0.11492919921875
-0.181854248046875 0.548980712890625 -0.015869140625 -0.181320190429687
-0.447509765625 0.45989990234375 0.0710220336914062 -0.0150299072265625
-0.65545654296875 0.22918701171875 -0.0158424377441407 0.0358467102050781
-0.449249267578125 0.25653076171875 -0.5684814453125 0.1212158203125
-0.260528564453125 0.384796142578125 -0.2830810546875 0.26873779296875
-0.022430419921875 0.430694580078125 -0.0457687377929687 0.120864868164063
0.23004150390625 0.2845458984375 -0.096832275390625 0.0110321044921875
0.300506591796875 0.115478515625 -0.184371948242187 0.0650634765625
0.31463623046875 -0.107696533203125 -0.190277099609375 0.142593383789063
0.256576538085938 -0.196029663085937 -0.174285888671875 0.259841918945313
0.257339477539063 -0.166671752929688 -0.176025390625 0.282989501953125
0.2813720703125 -0.190673828125 -0.197128295898437 0.276626586914063
0.298736572265625 -0.063232421875 -0.286285400390625 0.17218017578125
0.2919921875 0.13555908203125 -0.301666259765625 0.049713134765625
0.144805908203125 0.281646728515625 -0.197784423828125 -0.108001708984375
-0.159271240234375 0.3492431640625 -0.0364990234375 -0.133583068847656
-0.320068359375 0.29327392578125 -0.0275344848632813 0.08001708984375
-0.48065185546875 0.162689208984375 -0.229598999023438 0.09295654296875
-0.201339721679688 0.174560546875 -0.71209716796875 0.18487548828125
-0.106796264648437 0.226242065429687 -0.36590576171875 0.3304443359375
0.020904541015625 0.194915771484375 -0.0597991943359375 0.142715454101563
0.114906311035156 0.108924865722656 -0.122261047363281 0.0203323364257813
0.123886108398438 0.045562744140625 -0.21087646484375 0.057403564453125
0.14483642578125 -0.035797119140625 -0.24786376953125 0.175888061523437
0.132774353027344 -0.0641708374023438 -0.228546142578125 0.32342529296875
0.136512756347656 -0.0573348999023438 -0.2152099609375 0.341888427734375
0.15679931640625 -0.060760498046875 -0.252716064453125 0.324066162109375
0.144073486328125 0.010101318359375 -0.329193115234375 0.19207763671875
0.110328674316406 0.102798461914063 -0.313568115234375 0.03765869140625
0.0172576904296875 0.132804870605469 -0.198287963867188 -0.106948852539063
-0.10467529296875 0.118278503417969 -0.04168701171875 -0.0977249145507812
-0.147796630859375 0.101760864257813 -0.0970382690429688 0.132255554199219
-0.233444213867188 0.078704833984375 -0.377166748046875 0.12884521484375
-0.0892791748046875 -0.0267791748046875 0.422821044921875 -0.23626708984375
-0.0514640808105469 0.0549278259277344 0.147018432617188 -0.193389892578125
0.0222549438476563 0.0925979614257813 0.00246429443359374 0.0715103149414062
0.0750961303710938 0.0404281616210938 0.181045532226563 0.127944946289063
0.0905914306640625 -0.0282821655273437 0.295379638671875 0.020660400390625
0.0265960693359375 -0.0872726440429688 0.330352783203125 -0.197784423828125
-0.014129638671875 -0.09783935546875 0.263763427734375 -0.381439208984375
-0.00583267211914062 -0.0677146911621094 0.214874267578125 -0.371368408203125
-0.00981140136718749 -0.073577880859375 0.244873046875 -0.33001708984375
0.0360298156738281 -0.0483932495117188 0.272506713867188 -0.206329345703125
0.0600700378417969 -0.00255584716796875 0.201522827148438 -0.0898895263671875
0.0230178833007813 0.0609054565429688 0.126556396484375 -0.0648040771484375
-0.048919677734375 0.0476875305175781 0.132919311523438 -0.195358276367188
-0.0716171264648438 -0.00269317626953124 0.385040283203125 -0.3826904296875
-0.018798828125 -0.0679512023925781 0.8250732421875 -0.18328857421875
-0.35992431640625 0.083740234375 0.38873291015625 -0.223663330078125
-0.217636108398438 0.209426879882812 0.147506713867188 -0.17413330078125
-0.043304443359375 0.309722900390625 -0.00233078002929688 0.0614166259765625
0.163314819335938 0.207748413085938 0.155624389648438 0.11328125
0.247207641601563 0.05120849609375 0.252044677734375 0.04327392578125
0.200485229492188 -0.147628784179688 0.306610107421875 -0.169403076171875
0.1278076171875 -0.228469848632813 0.2469482421875 -0.33721923828125
0.136566162109375 -0.186004638671875 0.189544677734375 -0.322235107421875
0.1436767578125 -0.215133666992187 0.2225341796875 -0.284423828125
0.215728759765625 -0.122314453125 0.226242065429687 -0.179901123046875
0.257293701171875 0.0424041748046875 0.144073486328125 -0.075958251953125
0.154464721679688 0.222732543945313 0.0929794311523438 -0.0875930786132812
-0.10797119140625 0.29376220703125 0.1251220703125 -0.231201171875
-0.248748779296875 0.214508056640625 0.39361572265625 -0.386444091796875
-0.303924560546875 0.0575561523437501 0.79998779296875 -0.197509765625
-0.5782470703125 0.184326171875 0.26763916015625 -0.186355590820312
-0.352386474609375 0.35101318359375 0.104522705078125 -0.121185302734375
-0.0911865234375001 0.501190185546875 -0.00413513183593751 0.0628547668457032
0.246246337890625 0.353546142578125 0.125785827636719 0.0916061401367188
0.38238525390625 0.12060546875 0.187576293945313 0.0565948486328125
0.35125732421875 -0.1922607421875 0.245330810546875 -0.126327514648438
0.248291015625 -0.32745361328125 0.193695068359375 -0.249557495117188
0.257720947265625 -0.2760009765625 0.134109497070313 -0.22296142578125
0.27264404296875 -0.324859619140625 0.165573120117188 -0.192901611328125
0.36419677734375 -0.17913818359375 0.13885498046875 -0.124504089355469
0.423614501953125 0.080291748046875 0.0542564392089844 -0.0531539916992187
0.2723388671875 0.358489990234375 0.0353927612304688 -0.110572814941406
-0.14752197265625 0.510284423828125 0.0994415283203125 -0.25787353515625
-0.393310546875 0.41033935546875 0.360626220703125 -0.3511962890625
-0.546783447265625 0.174896240234375 0.67987060546875 -0.177734375
-0.70849609375 0.26641845703125 0.0811920166015625 -0.125717163085937
-0.4329833984375 0.4686279296875 0.0279197692871093 -0.0350456237792968
-0.09918212890625 0.64459228515625 -0.00576019287109376 0.0738677978515626
0.320220947265625 0.45111083984375 0.0827484130859375 0.0637435913085938
0.478607177734375 0.16619873046875 0.098236083984375 0.063446044921875
0.454559326171875 -0.21734619140625 0.147994995117188 -0.06658935546875
0.332000732421875 -0.380340576171875 0.110786437988281 -0.126152038574219
0.339630126953125 -0.322784423828125 0.0587844848632813 -0.0904388427734375
0.36004638671875 -0.38311767578125 0.0829849243164063 -0.0682373046875
0.45574951171875 -0.20721435546875 0.0251655578613282 -0.0444183349609375
0.529876708984375 0.108856201171875 -0.0553321838378906 -0.0184326171875
0.355133056640625 0.444000244140625 -0.0402145385742187 -0.122566223144531
-0.16534423828125 0.6568603515625 0.0599517822265625 -0.261032104492187
-0.482574462890625 0.546051025390625 0.287506103515625 -0.267425537109375
-0.7022705078125 0.25634765625 0.4815673828125 -0.120849609375
-0.7332763671875 0.3182373046875 -0.144546508789063 -0.044525146484375
-0.441131591796875 0.5333251953125 -0.0698394775390625 0.0725631713867188
-0.0772094726562499 0.699462890625 -0.0120315551757813 0.0906143188476563
0.359588623046875 0.4786376953125 0.0242919921875 0.0378150939941407
0.51019287109375 0.177459716796875 -0.00720977783203122 0.0688285827636719
0.4876708984375 -0.218475341796875 0.0278511047363282 0.00724411010742186
0.36370849609375 -0.380523681640625 0.0115766525268555 0.0162000656127929
0.368896484375 -0.3228759765625 -0.0258636474609375 0.0550498962402343
0.39007568359375 -0.382354736328125 -0.014007568359375 0.0688819885253906
0.4765625 -0.1993408203125 -0.0964584350585937 0.0477676391601563
0.54718017578125 0.1258544921875 -0.166275024414062 0.0218658447265625
0.365753173828125 0.460601806640625 -0.117462158203125 -0.121002197265625
-0.17059326171875 0.68524169921875 0.015716552734375 -0.233291625976562
-0.5006103515625 0.57708740234375 0.186264038085938 -0.1453857421875
-0.74945068359375 0.28515625 0.237258911132812 -0.0416259765625
-0.64849853515625 0.3255615234375 -0.375457763671875 0.0505676269531251
-0.378173828125 0.51580810546875 -0.176483154296875 0.187301635742188
-0.041259765625 0.633544921875 -0.025054931640625 0.109130859375
0.338653564453125 0.419281005859375 -0.0421066284179687 0.0204582214355469
0.455169677734375 0.156585693359375 -0.109748840332031 0.0738601684570313
0.44195556640625 -0.187652587890625 -0.093109130859375 0.0844345092773437
0.336456298828125 -0.32391357421875 -0.088043212890625 0.15582275390625
0.340606689453125 -0.2752685546875 -0.106674194335938 0.1915283203125
0.363311767578125 -0.322265625 -0.111114501953125 0.195816040039062
0.422576904296875 -0.152374267578125 -0.206649780273437 0.130508422851563
0.464080810546875 0.13275146484375 -0.255584716796875 0.052459716796875
0.291534423828125 0.404083251953125 -0.177337646484375 -0.1114501953125
-0.1688232421875 0.57843017578125 -0.02056884765625 -0.184707641601562
-0.443328857421875 0.48992919921875 0.0766448974609375 -0.016510009765625
-0.6759033203125 0.2586669921875 -0.0151405334472657 0.0409164428710938
-0.46630859375 0.2786865234375 -0.5794677734375 0.1427001953125
-0.258880615234375 0.408599853515625 -0.279266357421875 0.2862548828125
-0.00674438476562504 0.453094482421875 -0.0430755615234375 0.128227233886719
0.249969482421875 0.28662109375 -0.098114013671875 0.0168533325195313
0.318634033203125 0.108795166015625 -0.183868408203125 0.073944091796875
0.32183837890625 -0.126007080078125 -0.191421508789062 0.149261474609375
0.256088256835937 -0.216140747070313 -0.170730590820312 0.2718505859375
0.259613037109375 -0.184844970703125 -0.171417236328125 0.29962158203125
0.2813720703125 -0.211212158203125 -0.194610595703125 0.291595458984375
0.3046875 -0.07843017578125 -0.2884521484375 0.187164306640625
0.307525634765625 0.126800537109375 -0.306976318359375 0.0617370605468751
0.16143798828125 0.288421630859375 -0.206497192382812 -0.103927612304688
-0.152679443359375 0.37030029296875 -0.0407867431640625 -0.134773254394531
-0.321075439453125 0.315185546875 -0.0218048095703125 0.0864715576171875
-0.4970703125 0.184783935546875 -0.234878540039063 0.1080322265625
-0.208938598632812 0.185577392578125 -0.7269287109375 0.21417236328125
-0.105300903320313 0.240249633789063 -0.363250732421875 0.355804443359375
0.028717041015625 0.205551147460938 -0.0578155517578125 0.151779174804687
0.123786926269531 0.11016845703125 -0.124481201171875 0.027801513671875
0.132514953613281 0.0440292358398438 -0.213348388671875 0.0653228759765625
0.15045166015625 -0.04388427734375 -0.24993896484375 0.186370849609375
0.135826110839844 -0.0746307373046875 -0.22412109375 0.341827392578125
0.140243530273438 -0.0672073364257813 -0.21002197265625 0.361785888671875
0.159530639648438 -0.0706024169921875 -0.250396728515625 0.3436279296875
0.148101806640625 0.0027618408203125 -0.33154296875 0.2093505859375
0.119377136230469 0.101150512695313 -0.319122314453125 0.049835205078125
0.0242843627929688 0.137886047363281 -0.20733642578125 -0.1026611328125
-0.105567932128906 0.128074645996094 -0.046142578125 -0.0969772338867187
-0.150787353515625 0.112274169921875 -0.092987060546875 0.14459228515625
-0.242828369140625 0.0905303955078125 -0.386505126953125 0.149810791015625
-0.0885467529296875 -0.0212326049804688 0.41876220703125 -0.26806640625
-0.0495223999023437 0.0553054809570313 0.135482788085938 -0.212600708007812
0.0266799926757813 0.0904006958007813 0.0061492919921875 0.0702629089355469
0.0775604248046875 0.0362625122070312 0.190811157226563 0.116256713867188
0.0898666381835938 -0.0354843139648438 0.301544189453125 0.00341796875
0.0191650390625 -0.0893707275390625 0.325836181640625 -0.21978759765625
-0.0219650268554687 -0.0958938598632813 0.24468994140625 -0.40435791015625
-0.0110092163085937 -0.0668678283691406 0.197479248046875 -0.3935546875
-0.016326904296875 -0.07318115234375 0.23175048828125 -0.353668212890625
0.0329780578613281 -0.0508155822753906 0.267135620117188 -0.226333618164063
0.058837890625 -0.00785064697265625 0.200103759765625 -0.102218627929688
0.0268440246582031 0.0594062805175781 0.125419616699219 -0.073760986328125
-0.0441741943359375 0.0503921508789063 0.122100830078125 -0.209060668945313
-0.0691413879394531 0.0013885498046875 0.367401123046875 -0.416717529296875
-0.0216255187988281 -0.0679473876953125 0.82952880859375 -0.23797607421875
-0.361083984375 0.10784912109375 0.386444091796875 -0.254180908203125
-0.210418701171875 0.2225341796875 0.138839721679688 -0.194778442382813
-0.02679443359375 0.31793212890625 0.000633239746093742 0.06085205078125
0.177581787109375 0.201004028320313 0.16461181640625 0.103775024414063
0.255584716796875 0.0355682373046875 0.261001586914062 0.0296478271484375
0.192214965820313 -0.162994384765625 0.302032470703125 -0.19110107421875
0.111907958984375 -0.239181518554688 0.228515625 -0.360260009765625
0.1270751953125 -0.196792602539063 0.1741943359375 -0.3404541015625
0.129653930664063 -0.227996826171875 0.21185302734375 -0.306854248046875
0.21051025390625 -0.137939453125 0.222061157226563 -0.19647216796875
0.262588500976563 0.025054931640625 0.142898559570313 -0.0849456787109375
0.171340942382813 0.2178955078125 0.0911941528320313 -0.0949935913085937
-0.089019775390625 0.306793212890625 0.113418579101563 -0.245025634765625
-0.235748291015625 0.232528686523437 0.377532958984375 -0.419158935546875
-0.307403564453125 0.07781982421875 0.8050537109375 -0.2469482421875
-0.581298828125 0.2242431640625 0.265975952148437 -0.209640502929687
-0.341339111328125 0.37646484375 0.100418090820312 -0.138496398925781
-0.061676025390625 0.51904296875 -0.000865936279296877 0.0630989074707032
0.270751953125 0.344085693359375 0.133651733398438 0.0839920043945313
0.398956298828125 0.099700927734375 0.197799682617188 0.046630859375
0.341888427734375 -0.2191162109375 0.240493774414063 -0.145797729492188
0.2286376953125 -0.35009765625 0.18023681640625 -0.267852783203125
0.2457275390625 -0.298583984375 0.123580932617188 -0.235626220703125
0.253631591796875 -0.34893798828125 0.158599853515625 -0.210098266601563
0.3570556640625 -0.204925537109375 0.135536193847656 -0.134857177734375
0.43463134765625 0.053741455078125 0.0530052185058594 -0.0561256408691406
0.30029296875 0.350250244140625 0.0313949584960938 -0.1148681640625
-0.11627197265625 0.532073974609375 0.0870361328125 -0.269454956054687
-0.37249755859375 0.442169189453125 0.347808837890625 -0.38214111328125
-0.550689697265625 0.211669921875 0.68475341796875 -0.2193603515625
-0.713623046875 0.314697265625 0.0797195434570312 -0.136970520019531
-0.41888427734375 0.502105712890625 0.0289649963378906 -0.0470008850097656
-0.0626220703124999 0.6690673828125 -0.00095367431640625 0.0753173828125
0.35247802734375 0.4405517578125 0.089508056640625 0.0593948364257813
0.502960205078125 0.140380859375 0.1090087890625 0.058349609375
0.44586181640625 -0.25238037109375 0.144378662109375 -0.08160400390625
0.31085205078125 -0.412078857421875 0.10321044921875 -0.139205932617188
0.325958251953125 -0.353271484375 0.0547256469726563 -0.0957412719726563
0.33935546875 -0.41510009765625 0.0813369750976563 -0.0777587890625
0.449310302734375 -0.24102783203125 0.0247421264648438 -0.0463943481445313
0.54534912109375 0.07562255859375 -0.0562973022460937 -0.0142745971679688
0.389984130859375 0.4332275390625 -0.0460205078125 -0.122825622558594
-0.1275634765625 0.684326171875 0.0477142333984375 -0.269546508789062
-0.45587158203125 0.58428955078125 0.279449462890625 -0.29022216796875
-0.70977783203125 0.30389404296875 0.484771728515625 -0.149383544921875
-0.7386474609375 0.369873046875 -0.146286010742188 -0.0402984619140625
-0.42352294921875 0.569580078125 -0.0640411376953125 0.0707778930664063
-0.0354003906250001 0.72314453125 -0.00632476806640626 0.0943222045898438
0.3958740234375 0.465728759765625 0.0290908813476563 0.0374794006347657
0.53570556640625 0.149200439453125 0.00189208984375003 0.0703125
0.48223876953125 -0.254913330078125 0.0259780883789063 0.000101089477539047
0.3427734375 -0.413970947265625 0.00989055633544924 0.0121698379516601
0.35540771484375 -0.3560791015625 -0.0229225158691406 0.0583724975585937
0.370330810546875 -0.415985107421875 -0.00975036621093748 0.0688667297363281
0.469940185546875 -0.23394775390625 -0.0950088500976562 0.0545883178710937
0.565185546875 0.093017578125 -0.167160034179687 0.033416748046875
0.403045654296875 0.448974609375 -0.12518310546875 -0.115699768066406
-0.1307373046875 0.71380615234375 0.00434875488281249 -0.238388061523437
-0.47222900390625 0.61895751953125 0.18499755859375 -0.15948486328125
-0.75579833984375 0.33612060546875 0.239669799804687 -0.05303955078125
-0.65301513671875 0.3729248046875 -0.376983642578125 0.0701293945312499
-0.35986328125 0.550628662109375 -0.166030883789063 0.196273803710938
-0.00347900390624997 0.6551513671875 -0.0187149047851563 0.114776611328125
0.371978759765625 0.407470703125 -0.039642333984375 0.024993896484375
0.47955322265625 0.132781982421875 -0.10308837890625 0.0816192626953125
0.4376220703125 -0.2227783203125 -0.0933685302734375 0.0857009887695313
0.3199462890625 -0.355682373046875 -0.0825347900390625 0.161758422851562
0.330810546875 -0.30548095703125 -0.0965423583984375 0.2034912109375
0.346405029296875 -0.35272216796875 -0.10186767578125 0.204727172851562
0.4180908203125 -0.183013916015625 -0.202041625976563 0.145309448242187
0.481842041015625 0.10626220703125 -0.25567626953125 0.0700988769531249
0.323822021484375 0.39703369140625 -0.1856689453125 -0.102447509765625
-0.1375732421875 0.604248046875 -0.0294952392578125 -0.186126708984375
-0.421142578125 0.5247802734375 0.081451416015625 -0.0201568603515625
-0.68157958984375 0.304443359375 -0.0129776000976563 0.0460052490234375
-0.46820068359375 0.313812255859375 -0.58148193359375 0.1776123046875
-0.244476318359375 0.4349365234375 -0.264678955078125 0.306243896484375
0.02178955078125 0.46978759765625 -0.0358963012695313 0.137214660644531
0.272796630859375 0.278564453125 -0.0962295532226563 0.0255661010742188
0.33587646484375 0.092132568359375 -0.1795654296875 0.085418701171875
0.319854736328125 -0.151123046875 -0.18963623046875 0.157455444335938
0.24688720703125 -0.241073608398437 -0.159393310546875 0.28515625
0.25360107421875 -0.208358764648438 -0.156341552734375 0.31683349609375
0.271499633789063 -0.234420776367188 -0.180999755859375 0.308441162109375
0.30389404296875 -0.10052490234375 -0.282745361328125 0.207275390625
0.32275390625 0.10870361328125 -0.306396484375 0.0814208984375
0.18304443359375 0.286590576171875 -0.2156982421875 -0.0931854248046875
-0.134613037109375 0.390045166015625 -0.0477218627929688 -0.133529663085937
-0.307403564453125 0.340179443359375 -0.0132064819335938 0.0922698974609375
-0.501312255859375 0.218597412109375 -0.23382568359375 0.127197265625
-0.209365844726563 0.201736450195312 -0.7266845703125 0.2613525390625
-0.0954132080078125 0.253585815429688 -0.346649169921875 0.385284423828125
0.0418853759765625 0.21307373046875 -0.0492401123046875 0.161956787109375
0.133987426757813 0.1063232421875 -0.122810363769531 0.0380706787109375
0.141067504882813 0.037872314453125 -0.211944580078125 0.078094482421875
0.152297973632813 -0.0556640625 -0.246322631835937 0.200454711914063
0.134033203125 -0.0880203247070313 -0.20843505859375 0.36151123046875
0.139167785644531 -0.0797348022460938 -0.193115234375 0.382843017578125
0.157257080078125 -0.084503173828125 -0.235260009765625 0.366363525390625
0.150863647460938 -0.0078125 -0.32501220703125 0.23248291015625
0.130195617675781 0.0948715209960937 -0.32000732421875 0.0697326660156249
0.0347442626953125 0.141098022460938 -0.217391967773438 -0.091278076171875
-0.101875305175781 0.139930725097656 -0.0513916015625 -0.0938491821289062
-0.1480712890625 0.12530517578125 -0.0821990966796875 0.15606689453125
-0.24652099609375 0.10797119140625 -0.386260986328125 0.179718017578125
-0.0853271484375 -0.0152816772460938 0.401519775390625 -0.293914794921875
-0.0461692810058594 0.0544013977050781 0.11810302734375 -0.223358154296875
0.0303497314453125 0.0861358642578125 0.00937271118164063 0.0677528381347656
0.0783233642578125 0.0305099487304688 0.194290161132813 0.101303100585938
0.085662841796875 -0.0423202514648438 0.29925537109375 -0.015380859375
0.011199951171875 -0.0880050659179688 0.309234619140625 -0.236785888671875
-0.02923583984375 -0.0906982421875 0.2159423828125 -0.41656494140625
-0.0160331726074219 -0.0633125305175781 0.171600341796875 -0.402587890625
-0.0221672058105469 -0.0691337585449219 0.209259033203125 -0.368011474609375
0.0283737182617188 -0.0520095825195312 0.252304077148438 -0.239700317382813
0.0547027587890625 -0.0121994018554688 0.1912841796875 -0.112899780273438
0.02978515625 0.0560989379882812 0.120063781738281 -0.0811233520507813
-0.0374336242675781 0.0501670837402344 0.106216430664063 -0.215377807617188
-0.0633354187011719 0.00512313842773438 0.3321533203125 -0.43701171875
-0.0246772766113281 -0.0655784606933594 0.80657958984375 -0.28497314453125
-0.349639892578125 0.1312255859375 0.369232177734375 -0.279083251953125
-0.197219848632813 0.22967529296875 0.122802734375 -0.208221435546875
-0.007415771484375 0.316070556640625 0.00397491455078125 0.058502197265625
0.186996459960938 0.1866455078125 0.168563842773438 0.090087890625
0.255966186523438 0.01739501953125 0.262237548828125 0.013092041015625
0.176116943359375 -0.173660278320313 0.28631591796875 -0.208526611328125
0.0926513671875 -0.242462158203125 0.201568603515625 -0.3736572265625
0.112442016601562 -0.202590942382813 0.151214599609375 -0.34844970703125
0.11004638671875 -0.233627319335937 0.19171142578125 -0.32098388671875
0.197021484375 -0.149139404296875 0.208877563476563 -0.2083740234375
0.259124755859375 0.007080078125 0.136550903320313 -0.09100341796875
0.18426513671875 0.204940795898438 0.0856781005859375 -0.100212097167969
-0.065093994140625 0.308929443359375 0.0974884033203125 -0.2501220703125
-0.213607788085938 0.243789672851562 0.3453369140625 -0.441192626953125
-0.300994873046875 0.09765625 0.78338623046875 -0.2945556640625
-0.56292724609375 0.26092529296875 0.255096435546875 -0.22833251953125
-0.3182373046875 0.39093017578125 0.090087890625 -0.151702880859375
-0.0292358398437501 0.5205078125 0.00264739990234375 0.0622062683105469
0.28912353515625 0.322479248046875 0.137947082519531 0.0729446411132813
0.40447998046875 0.070770263671875 0.201736450195313 0.033599853515625
0.3204345703125 -0.239501953125 0.227264404296875 -0.162322998046875
0.199188232421875 -0.361663818359375 0.158599853515625 -0.278976440429688
0.223480224609375 -0.311981201171875 0.108322143554688 -0.241485595703125
0.2242431640625 -0.361541748046875 0.144989013671875 -0.221099853515625
0.33740234375 -0.226837158203125 0.127243041992188 -0.141998291015625
0.43243408203125 0.023162841796875 0.0500946044921875 -0.0569343566894531
0.321624755859375 0.329803466796875 0.0259323120117188 -0.115921020507813
-0.0772705078125 0.53533935546875 0.0709991455078125 -0.273406982421875
-0.3375244140625 0.459320068359375 0.320831298828125 -0.401092529296875
-0.53643798828125 0.24615478515625 0.66558837890625 -0.25860595703125
-0.69122314453125 0.35980224609375 0.0745391845703125 -0.1451416015625
-0.388214111328125 0.522308349609375 0.02679443359375 -0.0562896728515625
-0.02008056640625 0.66973876953125 0.00347900390625 0.0753707885742188
0.37628173828125 0.413360595703125 0.0943603515625 0.0521926879882813
0.510528564453125 0.10595703125 0.115264892578125 0.0508956909179688
0.422454833984375 -0.279998779296875 0.134391784667969 -0.0928268432617188
0.27587890625 -0.429290771484375 0.0896453857421875 -0.145965576171875
0.2998046875 -0.3724365234375 0.0488357543945313 -0.0981597900390625
0.3038330078125 -0.433074951171875 0.0758743286132813 -0.0854873657226563
0.42572021484375 -0.26776123046875 0.0221099853515625 -0.0469017028808594
0.544464111328125 0.038299560546875 -0.0557365417480468 -0.00877380371093749
0.416839599609375 0.408050537109375 -0.0509796142578125 -0.118690490722656
-0.07904052734375 0.6904296875 0.0327911376953125 -0.271331787109375
-0.40966796875 0.60601806640625 0.260711669921875 -0.306182861328125
-0.68994140625 0.3468017578125 0.472503662109375 -0.173828125
-0.71514892578125 0.41802978515625 -0.143585205078125 -0.0350341796875
-0.388671875 0.59136962890625 -0.0580673217773438 0.0664558410644532
0.01275634765625 0.72601318359375 0.000946044921874992 0.0954513549804688
0.422943115234375 0.43792724609375 0.0335369110107422 0.034963607788086
0.545318603515625 0.112518310546875 0.0113792419433594 0.0689315795898438
0.45697021484375 -0.287628173828125 0.020620346069336 -0.00559425354003908
0.306640625 -0.436309814453125 0.00721740722656252 0.00941181182861326
0.32843017578125 -0.37762451171875 -0.0189933776855469 0.0597114562988281
0.336517333984375 -0.437744140625 -0.00557708740234373 0.0666160583496093
0.447174072265625 -0.262176513671875 -0.0903778076171875 0.0603103637695312
0.56622314453125 0.05377197265625 -0.1622314453125 0.044921875
0.42919921875 0.422943115234375 -0.129653930664063 -0.106773376464844
-0.0832519531249999 0.71966552734375 -0.00787353515625 -0.236984252929687
-0.42724609375 0.64013671875 0.175811767578125 -0.169937133789062
-0.73553466796875 0.38262939453125 0.2352294921875 -0.064727783203125
-0.63311767578125 0.415283203125 -0.367401123046875 0.0906372070312501
-0.32763671875 0.56866455078125 -0.15093994140625 0.20001220703125
0.0419921874999999 0.6571044921875 -0.0101165771484375 0.117607116699219
0.394683837890625 0.38201904296875 -0.0342178344726562 0.0280475616455078
0.4884033203125 0.098724365234375 -0.0924530029296875 0.0865631103515625
0.416778564453125 -0.2515869140625 -0.0920944213867187 0.0869674682617188
0.290191650390625 -0.377105712890625 -0.07427978515625 0.163482666015625
0.307647705078125 -0.326873779296875 -0.083282470703125 0.208648681640625
0.317047119140625 -0.37353515625 -0.089080810546875 0.208343505859375
0.398773193359375 -0.208709716796875 -0.191802978515625 0.156875610351563
0.48419189453125 0.07275390625 -0.2471923828125 0.0859527587890625
0.34765625 0.374969482421875 -0.188858032226562 -0.0894470214843749
-0.09796142578125 0.61163330078125 -0.03814697265625 -0.182785034179688
-0.3837890625 0.54510498046875 0.0835113525390625 -0.02508544921875
-0.66436767578125 0.34735107421875 -0.00976181030273442 0.0494194030761719
-0.45196533203125 0.343780517578125 -0.562744140625 0.21136474609375
-0.2197265625 0.4495849609375 -0.242431640625 0.317596435546875
0.053436279296875 0.47113037109375 -0.025299072265625 0.1416015625
0.29010009765625 0.260345458984375 -0.0899734497070312 0.0327377319335938
0.34417724609375 0.069244384765625 -0.169845581054687 0.0946807861328125
0.306427001953125 -0.1728515625 -0.181961059570312 0.164749145507813
0.226226806640625 -0.258468627929688 -0.142852783203125 0.29217529296875
0.237686157226563 -0.225570678710938 -0.1356201171875 0.325714111328125
0.251602172851563 -0.252197265625 -0.161407470703125 0.317840576171875
0.2916259765625 -0.119781494140625 -0.2677001953125 0.223159790039063
0.32733154296875 0.0855712890625 -0.29736328125 0.09967041015625
0.201553344726563 0.274093627929687 -0.218185424804688 -0.077850341796875
-0.109771728515625 0.398681640625 -0.05316162109375 -0.128372192382812
-0.282928466796875 0.356475830078125 -0.00251770019531253 0.0926513671875
-0.488922119140625 0.2496337890625 -0.223464965820313 0.143768310546875
-0.202041625976562 0.214523315429688 -0.7034912109375 0.3021240234375
-0.08050537109375 0.260406494140625 -0.317474365234375 0.4041748046875
0.05609130859375 0.213836669921875 -0.0374755859375 0.166854858398437
0.140396118164063 0.0991592407226562 -0.11572265625 0.047698974609375
0.145706176757813 0.0286865234375 -0.204421997070312 0.08917236328125
0.147354125976563 -0.0673370361328125 -0.235198974609375 0.211288452148438
0.126182556152344 -0.09912109375 -0.185394287109375 0.3702392578125
0.132087707519531 -0.0906829833984375 -0.166351318359375 0.39263916015625
0.149612426757813 -0.0955657958984375 -0.21075439453125 0.37860107421875
0.147613525390625 -0.018463134765625 -0.307220458984375 0.250946044921875
0.136985778808594 0.0839385986328125 -0.310394287109375 0.089141845703125
0.0461273193359375 0.138748168945313 -0.220352172851563 -0.0751190185546875
-0.0929107666015625 0.149093627929688 -0.055267333984375 -0.0886459350585937
-0.139236450195313 0.134902954101563 -0.06756591796875 0.162002563476562
-0.241500854492188 0.123733520507812 -0.371673583984375 0.205810546875
-0.079742431640625 -0.011871337890625 0.38336181640625 -0.305694580078125
-0.0441970825195313 0.0524787902832031 0.103042602539063 -0.224563598632813
0.03155517578125 0.0816650390625 0.0113945007324219 0.0645294189453125
0.0754241943359375 0.0263214111328125 0.191375732421875 0.0891571044921875
0.0803680419921875 -0.0460205078125 0.290435791015625 -0.026336669921875
0.0053558349609375 -0.08502197265625 0.292083740234375 -0.242156982421875
-0.033203125 -0.083709716796875 0.19329833984375 -0.416412353515625
-0.0181846618652344 -0.0586929321289062 0.151824951171875 -0.400726318359375
-0.0260086059570312 -0.0643653869628906 0.190338134765625 -0.369964599609375
0.024688720703125 -0.05096435546875 0.238800048828125 -0.243423461914063
0.050201416015625 -0.0144119262695312 0.182846069335938 -0.116729736328125
0.0306549072265625 0.0529060363769531 0.113838195800781 -0.0846099853515625
-0.0320358276367187 0.0480613708496094 0.0930328369140625 -0.213760375976563
-0.0573310852050781 0.00658798217773437 0.3018798828125 -0.4400634765625
-0.0250701904296875 -0.062286376953125 0.77557373046875 -0.31109619140625
-0.3336181640625 0.142242431640625 0.352325439453125 -0.29010009765625
-0.184432983398438 0.229583740234375 0.108840942382812 -0.212554931640625
0.00473022460937501 0.30792236328125 0.00521469116210938 0.0569725036621094
0.187637329101563 0.173858642578125 0.16656494140625 0.07928466796875
0.250274658203125 0.0044097900390625 0.257095336914063 0.001800537109375
0.160446166992188 -0.174850463867188 0.2689208984375 -0.214996337890625
0.0762481689453125 -0.238739013671875 0.1796875 -0.371551513671875
0.100830078125 -0.201416015625 0.13470458984375 -0.3470458984375
0.0946197509765625 -0.230392456054688 0.175323486328125 -0.323455810546875
0.1839599609375 -0.153854370117188 0.196823120117188 -0.211135864257812
0.250259399414063 -0.0052947998046875 0.129867553710938 -0.0931167602539063
0.188751220703125 0.192718505859375 0.0806121826171875 -0.102218627929687
-0.048065185546875 0.302398681640625 0.0844573974609375 -0.248611450195312
-0.194488525390625 0.244766235351563 0.316253662109375 -0.446258544921875
-0.290283203125 0.10943603515625 0.75262451171875 -0.31640625
-0.537261962890625 0.2794189453125 0.243515014648437 -0.237197875976562
-0.298187255859375 0.39178466796875 0.0798797607421875 -0.1578369140625
-0.00610351562499997 0.509368896484375 0.00510406494140625 0.0610733032226563
0.29278564453125 0.301910400390625 0.137046813964844 0.0635986328125
0.397979736328125 0.04986572265625 0.200912475585938 0.0236968994140625
0.297576904296875 -0.2467041015625 0.211456298828125 -0.167694091796875
0.173828125 -0.36065673828125 0.140899658203125 -0.27960205078125
0.204010009765625 -0.313385009765625 0.0969085693359375 -0.239990234375
0.19915771484375 -0.361114501953125 0.13287353515625 -0.225082397460937
0.31610107421875 -0.234954833984375 0.120086669921875 -0.142562866210938
0.4195556640625 0.00341796875 0.0474472045898438 -0.0556182861328125
0.328704833984375 0.30926513671875 0.0221023559570313 -0.115150451660156
-0.051544189453125 0.525390625 0.058624267578125 -0.270858764648438
-0.30548095703125 0.458984375 0.295166015625 -0.405059814453125
-0.515655517578125 0.264251708984375 0.63909912109375 -0.27734375
-0.6607666015625 0.382568359375 0.0711669921875 -0.148040771484375
-0.362548828125 0.5244140625 0.0225982666015625 -0.0627784729003906
0.010498046875 0.65802001953125 0.00754547119140626 0.0752410888671876
0.384368896484375 0.387969970703125 0.0958099365234375 0.0454254150390625
0.505889892578125 0.078887939453125 0.118690490722656 0.0433349609375
0.3936767578125 -0.291015625 0.1229248046875 -0.09747314453125
0.24444580078125 -0.43206787109375 0.0788421630859375 -0.147109985351563
0.275177001953125 -0.37701416015625 0.0443649291992188 -0.0972976684570313
0.2740478515625 -0.434600830078125 0.0703964233398438 -0.0883865356445313
0.398956298828125 -0.27935791015625 0.0204010009765625 -0.0460014343261719
0.53143310546875 0.0128173828125 -0.0531501770019531 -0.00438308715820311
0.424163818359375 0.381622314453125 -0.05279541015625 -0.114311218261719
-0.04718017578125 0.6767578125 0.022674560546875 -0.26708984375
-0.3736572265625 0.60302734375 0.242462158203125 -0.31231689453125
-0.66436767578125 0.36798095703125 0.454193115234375 -0.186065673828125
-0.6864013671875 0.43896484375 -0.137619018554688 -0.031890869140625
-0.3599853515625 0.594970703125 -0.0541343688964844 0.0616378784179688
0.0430908203125 0.7122802734375 0.00543975830078125 0.0954666137695313
0.430084228515625 0.409210205078125 0.0369529724121094 0.031982421875
0.540985107421875 0.084442138671875 0.0177192687988282 0.0655670166015625
0.429229736328125 -0.29998779296875 0.0148553848266602 -0.00832748413085939
0.27508544921875 -0.44012451171875 0.00431013107299806 0.0078320503234863
0.304168701171875 -0.38433837890625 -0.0158042907714844 0.0604209899902344
0.3043212890625 -0.440704345703125 -0.00355148315429686 0.0635414123535156
0.42047119140625 -0.275848388671875 -0.0853118896484375 0.0632553100585938
0.551605224609375 0.02606201171875 -0.154647827148437 0.05194091796875
0.438873291015625 0.39617919921875 -0.128456115722656 -0.0992355346679687
-0.04998779296875 0.707763671875 -0.015106201171875 -0.231765747070312
-0.39019775390625 0.635986328125 0.16705322265625 -0.174346923828125
-0.707275390625 0.40509033203125 0.22796630859375 -0.06988525390625
-0.60711669921875 0.434326171875 -0.35205078125 0.0997619628906251
-0.30133056640625 0.5714111328125 -0.138580322265625 0.196029663085938
0.0704345703124999 0.64556884765625 -0.00336456298828125 0.118423461914063
0.402587890625 0.356903076171875 -0.0286121368408203 0.028432846069336
0.48431396484375 0.075042724609375 -0.08294677734375 0.0862808227539063
0.393341064453125 -0.26495361328125 -0.0913009643554687 0.08648681640625
0.260833740234375 -0.38330078125 -0.069366455078125 0.162506103515625
0.285614013671875 -0.3330078125 -0.072662353515625 0.207809448242188
0.28961181640625 -0.37872314453125 -0.0796051025390625 0.205581665039062
0.375762939453125 -0.220001220703125 -0.180755615234375 0.160980224609375
0.474700927734375 0.048248291015625 -0.236038208007812 0.09490966796875
0.356475830078125 0.354766845703125 -0.185714721679687 -0.0787200927734375
-0.0714111328124999 0.60394287109375 -0.0422210693359375 -0.17779541015625
-0.352325439453125 0.5440673828125 0.0832290649414062 -0.0286941528320312
-0.63970947265625 0.36456298828125 -0.00731277465820317 0.0514183044433594
-0.434051513671875 0.356292724609375 -0.5386962890625 0.22607421875
-0.199859619140625 0.448486328125 -0.2220458984375 0.316986083984375
0.073394775390625 0.4630126953125 -0.0164947509765625 0.142349243164063
0.295562744140625 0.24407958984375 -0.0823898315429687 0.0363311767578125
0.343048095703125 0.0523681640625 -0.158859252929687 0.0975799560546875
0.289459228515625 -0.1839599609375 -0.176971435546875 0.166061401367188
0.205413818359375 -0.2646484375 -0.1297607421875 0.29052734375
0.22198486328125 -0.232452392578125 -0.119293212890625 0.32403564453125
0.231292724609375 -0.257965087890625 -0.145294189453125 0.316436767578125
0.2764892578125 -0.129302978515625 -0.2520751953125 0.227890014648437
0.323089599609375 0.068603515625 -0.28399658203125 0.11029052734375
0.209991455078125 0.26080322265625 -0.214889526367188 -0.066314697265625
-0.0908203125 0.39752197265625 -0.0548324584960938 -0.122993469238281
-0.261932373046875 0.35711669921875 0.00514984130859373 0.090179443359375
-0.47320556640625 0.2642822265625 -0.211990356445313 0.15234375
-0.194549560546875 0.219284057617188 -0.67388916015625 0.3212890625
-0.0699615478515625 0.25885009765625 -0.29266357421875 0.40606689453125
0.064971923828125 0.210433959960938 -0.027191162109375 0.167861938476563
0.143203735351563 0.09307861328125 -0.107521057128906 0.052276611328125
0.145523071289063 0.022491455078125 -0.193832397460938 0.0942840576171875
0.141571044921875 -0.073089599609375 -0.224777221679688 0.213760375976562
0.117218017578125 -0.104461669921875 -0.16754150390625 0.3695068359375
0.124908447265625 -0.0958786010742188 -0.147430419921875 0.39044189453125
0.140228271484375 -0.101181030273438 -0.190948486328125 0.37982177734375
0.141525268554688 -0.0246124267578125 -0.290069580078125 0.25634765625
0.138671875 0.0741653442382812 -0.29693603515625 0.098724365234375
0.0518875122070313 0.13397216796875 -0.21759033203125 -0.062469482421875
-0.0856170654296875 0.153366088867188 -0.0560760498046875 -0.0824661254882812
-0.130950927734375 0.137763977050781 -0.054931640625 0.161376953125
-0.23406982421875 0.1312255859375 -0.353790283203125 0.21881103515625
-0.075286865234375 -0.0116653442382812 0.372222900390625 -0.30792236328125
-0.0434684753417969 0.0503005981445313 0.0946197509765625 -0.223358154296875
0.0305557250976563 0.0786666870117188 0.0112800598144531 0.0627517700195313
0.0719833374023438 0.0247879028320313 0.186782836914062 0.0829620361328125
0.0759048461914063 -0.0472793579101563 0.284271240234375 -0.030609130859375
0.00228118896484375 -0.0814285278320313 0.282196044921875 -0.24102783203125
-0.0337448120117187 -0.0786666870117188 0.18035888671875 -0.40985107421875
-0.0185585021972656 -0.0553741455078125 0.143524169921875 -0.397857666015625
-0.0276832580566406 -0.0606002807617187 0.1822509765625 -0.368499755859375
0.0224151611328125 -0.0499191284179688 0.231735229492188 -0.242584228515625
0.0469970703125 -0.0146865844726563 0.177017211914062 -0.116455078125
0.0307807922363281 0.0511245727539063 0.11041259765625 -0.0853805541992188
-0.0290718078613281 0.0446853637695313 0.0864410400390625 -0.210906982421875
-0.0522308349609375 0.00619888305664061 0.286529541015625 -0.4349365234375
-0.0235786437988281 -0.0591850280761719 0.751953125 -0.3167724609375
-0.32208251953125 0.144744873046875 0.343719482421875 -0.29327392578125
-0.17926025390625 0.225570678710938 0.101150512695313 -0.212997436523438
0.00885009765625002 0.30157470703125 0.00578308105468751 0.0559272766113282
0.184356689453125 0.166778564453125 0.164016723632813 0.0737457275390625
0.2445068359375 -0.0010986328125 0.25311279296875 -0.00323486328125
0.150924682617188 -0.173126220703125 0.25860595703125 -0.2142333984375
0.068328857421875 -0.233078002929688 0.1683349609375 -0.3682861328125
0.0948638916015625 -0.197784423828125 0.12774658203125 -0.343017578125
0.0859222412109375 -0.2255859375 0.167877197265625 -0.323455810546875
0.174301147460938 -0.153091430664063 0.191558837890625 -0.209014892578125
0.242965698242187 -0.0095977783203125 0.12652587890625 -0.0916213989257813
0.189208984375 0.186141967773437 0.0777664184570313 -0.1025390625
-0.03955078125 0.296630859375 0.0787506103515625 -0.24578857421875
-0.18359375 0.240280151367187 0.300201416015625 -0.441375732421875
-0.28338623046875 0.113433837890625 0.73150634765625 -0.322265625
-0.522430419921875 0.2838134765625 0.238494873046875 -0.240066528320312
-0.288543701171875 0.3873291015625 0.0743865966796875 -0.160568237304687
0.00277709960937501 0.50164794921875 0.00588607788085938 0.0612449645996094
0.290313720703125 0.290313720703125 0.135536193847656 0.0585098266601563
0.391510009765625 0.03961181640625 0.199539184570313 0.018707275390625
0.28228759765625 -0.246673583984375 0.201492309570313 -0.167312622070313
0.158935546875 -0.3544921875 0.130966186523438 -0.277206420898438
0.1942138671875 -0.31109619140625 0.0917816162109375 -0.237457275390625
0.18597412109375 -0.356414794921875 0.126953125 -0.225799560546875
0.300994873046875 -0.23455810546875 0.11669921875 -0.141036987304688
0.409759521484375 -0.003753662109375 0.0464286804199219 -0.0533027648925781
0.328948974609375 0.29913330078125 0.0207748413085938 -0.114395141601562
-0.039154052734375 0.51629638671875 0.053680419921875 -0.26806640625
-0.2906494140625 0.450286865234375 0.28125 -0.40411376953125
-0.504913330078125 0.269927978515625 0.6219482421875 -0.27911376953125
-0.6456298828125 0.38885498046875 0.07171630859375 -0.151351928710937
-0.348907470703125 0.520843505859375 0.0197296142578125 -0.0678329467773437
0.0244140625 0.64947509765625 0.00914001464843749 0.0759811401367188
0.3824462890625 0.3736572265625 0.095489501953125 0.0418548583984375
0.4986572265625 0.06591796875 0.120574951171875 0.039306640625
0.375457763671875 -0.2928466796875 0.115043640136719 -0.0978240966796875
0.225067138671875 -0.426513671875 0.072052001953125 -0.145965576171875
0.263031005859375 -0.375457763671875 0.0427627563476563 -0.095428466796875
0.255615234375 -0.430877685546875 0.0676651000976563 -0.0901336669921875
0.383056640625 -0.279510498046875 0.02008056640625 -0.0443763732910156
0.5186767578125 0.001800537109375 -0.0508193969726562 -0.00103759765625
0.425201416015625 0.3697509765625 -0.0520553588867187 -0.113449096679687
-0.03436279296875 0.66510009765625 0.0192413330078125 -0.264190673828125
-0.35595703125 0.59295654296875 0.232635498046875 -0.309539794921875
-0.64971923828125 0.37542724609375 0.442352294921875 -0.18829345703125
-0.671630859375 0.44537353515625 -0.131843566894531 -0.0333480834960937
-0.34722900390625 0.58978271484375 -0.0530929565429688 0.0558204650878907
0.0581054687500001 0.70355224609375 0.00916290283203124 0.0972442626953126
0.429779052734375 0.395050048828125 0.0392646789550782 0.029632568359375
0.53631591796875 0.072113037109375 0.0224418640136719 0.0615196228027344
0.409637451171875 -0.302734375 0.0100469589233399 -0.00870704650878908
0.255645751953125 -0.437347412109375 0.00142240524291994 0.00770473480224607
0.2908935546875 -0.383514404296875 -0.0140647888183594 0.0607833862304687
0.285980224609375 -0.437103271484375 -0.00360107421874998 0.0611610412597656
0.4029541015625 -0.27471923828125 -0.0827789306640625 0.0644073486328125
0.539337158203125 0.0164794921875 -0.14886474609375 0.055328369140625
0.438140869140625 0.3836669921875 -0.125823974609375 -0.0961761474609375
-0.0382080078125 0.69769287109375 -0.017791748046875 -0.229232788085937
-0.37310791015625 0.62744140625 0.1622314453125 -0.174407958984375
-0.69305419921875 0.4095458984375 0.222061157226562 -0.06951904296875
-0.5933837890625 0.43841552734375 -0.3406982421875 0.10015869140625
-0.29058837890625 0.5667724609375 -0.133316040039063 0.1903076171875
0.08441162109375 0.6392822265625 0.0016632080078125 0.119415283203125
0.4027099609375 0.344696044921875 -0.0243244171142578 0.0276718139648438
0.482177734375 0.061614990234375 -0.07623291015625 0.0843887329101563
0.375823974609375 -0.26654052734375 -0.0935134887695312 0.0859222412109375
0.24359130859375 -0.380340576171875 -0.0675811767578125 0.160598754882812
0.273681640625 -0.33416748046875 -0.0684967041015625 0.206710815429687
0.274444580078125 -0.375732421875 -0.0761260986328125 0.20343017578125
0.3603515625 -0.22027587890625 -0.174789428710938 0.16143798828125
0.46453857421875 0.0384521484375 -0.227874755859375 0.0982208251953125
0.357208251953125 0.34381103515625 -0.181976318359375 -0.0749969482421874
-0.06109619140625 0.5958251953125 -0.0432891845703125 -0.175628662109375
-0.3370361328125 0.53497314453125 0.0831756591796875 -0.0305862426757812
-0.62628173828125 0.370849609375 -0.00696182250976566 0.0529365539550782
-0.426116943359375 0.360382080078125 -0.524017333984375 0.2275390625
-0.189849853515625 0.445770263671875 -0.21234130859375 0.312042236328125
0.08404541015625 0.45855712890625 -0.010772705078125 0.142868041992188
0.29656982421875 0.2352294921875 -0.0767059326171875 0.0365676879882813
0.3408203125 0.043548583984375 -0.151611328125 0.0960845947265625
0.278030395507813 -0.18695068359375 -0.175399780273437 0.164932250976562
0.192031860351563 -0.265350341796875 -0.12384033203125 0.287567138671875
0.212875366210938 -0.233413696289062 -0.1124267578125 0.321197509765625
0.219985961914063 -0.256942749023438 -0.138763427734375 0.31329345703125
0.265777587890625 -0.130355834960938 -0.24432373046875 0.228057861328125
0.317962646484375 0.0599365234375 -0.274948120117188 0.11273193359375
0.211868286132812 0.25225830078125 -0.210037231445313 -0.06085205078125
-0.0829772949218751 0.394256591796875 -0.0543365478515625 -0.121406555175781
-0.2515869140625 0.352081298828125 0.00912475585937498 0.0872268676757813
-0.46343994140625 0.26800537109375 -0.205657958984375 0.155441284179688
-0.193496704101562 0.220169067382813 -0.65594482421875 0.323486328125
-0.0655364990234375 0.257308959960937 -0.2791748046875 0.402923583984375
0.06988525390625 0.209075927734375 -0.0207061767578125 0.167236328125
0.143768310546875 0.0899810791015625 -0.101280212402344 0.0530166625976563
0.146408081054688 0.0187530517578125 -0.18798828125 0.0937957763671875
0.136268615722656 -0.0754013061523438 -0.220352172851563 0.213104248046875
0.110710144042969 -0.107086181640625 -0.1595458984375 0.36614990234375
0.119583129882812 -0.0978164672851563 -0.13958740234375 0.387664794921875
0.134506225585938 -0.1026611328125 -0.18157958984375 0.37664794921875
0.137130737304688 -0.0265884399414063 -0.280593872070313 0.256027221679687
0.138427734375 0.0681381225585938 -0.287994384765625 0.101104736328125
0.0546722412109375 0.131393432617187 -0.212783813476563 -0.0565185546875
-0.0824737548828125 0.155624389648438 -0.0552749633789063 -0.0801467895507812
-0.126686096191406 0.137863159179688 -0.0481109619140625 0.158737182617188
-0.2315673828125 0.133560180664062 -0.343292236328125 0.222076416015625
-0.071990966796875 -0.0125350952148437 0.37445068359375 -0.3121337890625
-0.0439414978027344 0.0493927001953125 0.0933990478515625 -0.22467041015625
0.0289535522460937 0.0783462524414063 0.0111579895019531 0.0630645751953125
0.0704879760742187 0.0253143310546875 0.1865234375 0.08221435546875
0.0738754272460937 -0.0486526489257812 0.284576416015625 -0.031463623046875
0.000404357910156256 -0.0802841186523438 0.28302001953125 -0.241058349609375
-0.0338287353515625 -0.0758895874023438 0.17767333984375 -0.412994384765625
-0.0180931091308594 -0.0535774230957031 0.14459228515625 -0.401092529296875
-0.0289039611816406 -0.0584526062011719 0.18389892578125 -0.37396240234375
0.0209159851074219 -0.0499076843261719 0.234695434570313 -0.244064331054688
0.0451126098632812 -0.0140533447265625 0.17724609375 -0.11541748046875
0.0310440063476563 0.0515327453613281 0.110702514648437 -0.0869522094726562
-0.0273857116699219 0.0416946411132813 0.0854034423828125 -0.211669921875
-0.0486335754394531 0.00457000732421876 0.28192138671875 -0.43548583984375
-0.0218544006347656 -0.0582466125488281 0.753173828125 -0.3177490234375
-0.321136474609375 0.1458740234375 0.34698486328125 -0.29840087890625
-0.181076049804688 0.225082397460937 0.0993804931640624 -0.215621948242187
0.0093994140625 0.30352783203125 0.00645828247070313 0.0573539733886719
0.182525634765625 0.167236328125 0.163467407226563 0.072052001953125
0.243301391601563 -0.00408935546875 0.2545166015625 -0.0049285888671875
0.14727783203125 -0.172164916992188 0.257659912109375 -0.214080810546875
0.0650634765625 -0.231094360351562 0.165771484375 -0.369476318359375
0.094573974609375 -0.197601318359375 0.12823486328125 -0.346649169921875
0.0833282470703125 -0.225021362304687 0.167572021484375 -0.3287353515625
0.171875 -0.153106689453125 0.19354248046875 -0.2105712890625
0.241058349609375 -0.010009765625 0.127983093261719 -0.0902328491210938
0.190841674804688 0.186447143554688 0.0780410766601563 -0.104560852050781
-0.037628173828125 0.294677734375 0.0772857666015625 -0.247344970703125
-0.180572509765625 0.23858642578125 0.2967529296875 -0.442413330078125
-0.283233642578125 0.11651611328125 0.7303466796875 -0.32061767578125
-0.522430419921875 0.288055419921875 0.242813110351562 -0.246170043945312
-0.290252685546875 0.38818359375 0.072235107421875 -0.1651611328125
0.00491333007812504 0.50408935546875 0.0074615478515625 0.0638198852539063
0.289459228515625 0.29107666015625 0.136528015136719 0.0564956665039063
0.39312744140625 0.03515625 0.202072143554688 0.015655517578125
0.277130126953125 -0.246505737304688 0.199310302734375 -0.167572021484375
0.152801513671875 -0.353759765625 0.128219604492188 -0.277786254882813
0.193695068359375 -0.31292724609375 0.0931854248046875 -0.23870849609375
0.180999755859375 -0.356658935546875 0.12774658203125 -0.23016357421875
0.298126220703125 -0.234405517578125 0.11865234375 -0.14080810546875
0.408660888671875 -0.005706787109375 0.0484580993652344 -0.0511932373046875
0.332550048828125 0.2999267578125 0.0216293334960938 -0.116691589355469
-0.03778076171875 0.51837158203125 0.0532073974609375 -0.27056884765625
-0.288238525390625 0.44915771484375 0.279876708984375 -0.40478515625
-0.507781982421875 0.27362060546875 0.62237548828125 -0.27972412109375
-0.648681640625 0.3953857421875 0.0758514404296875 -0.156539916992187
-0.351226806640625 0.5235595703125 0.0182952880859375 -0.07275390625
0.0287475585937499 0.6536865234375 0.0124359130859375 0.07879638671875
0.382720947265625 0.373992919921875 0.0974349975585938 0.039703369140625
0.501922607421875 0.06134033203125 0.123306274414063 0.0363693237304688
0.370025634765625 -0.293060302734375 0.111640930175781 -0.0972518920898438
0.21728515625 -0.427490234375 0.068939208984375 -0.146560668945313
0.260955810546875 -0.3795166015625 0.0436248779296875 -0.09478759765625
0.2510986328125 -0.4332275390625 0.066650390625 -0.0926971435546875
0.379150390625 -0.277984619140625 0.0213546752929688 -0.0433311462402344
0.517852783203125 0.000946044921875 -0.0489578247070312 0.00143051147460937
0.4285888671875 0.371002197265625 -0.0509567260742187 -0.114547729492187
-0.0325927734375001 0.6695556640625 0.0175933837890625 -0.26654052734375
-0.35662841796875 0.59173583984375 0.232757568359375 -0.31103515625
-0.65478515625 0.37921142578125 0.444091796875 -0.18707275390625
-0.675048828125 0.45196533203125 -0.128936767578125 -0.0376739501953125
-0.35125732421875 0.5926513671875 -0.0542831420898438 0.0516357421875
0.06512451171875 0.70947265625 0.0130157470703125 0.0999679565429688
0.43243408203125 0.39520263671875 0.0422096252441407 0.0284385681152344
0.538909912109375 0.065521240234375 0.02569580078125 0.0596694946289063
0.403778076171875 -0.305328369140625 0.00585126876831057 -0.008176326751709
0.246368408203125 -0.438385009765625 -0.00118017196655272 0.00829362869262693
0.290130615234375 -0.387451171875 -0.01300048828125 0.0618629455566406
0.2818603515625 -0.439483642578125 -0.00487518310546873 0.0607337951660156
0.39892578125 -0.274444580078125 -0.082183837890625 0.0663681030273437
0.54010009765625 0.014892578125 -0.147415161132812 0.0582427978515625
0.442962646484375 0.3857421875 -0.125579833984375 -0.09796142578125
-0.0361938476562499 0.700927734375 -0.01800537109375 -0.232650756835937
-0.37298583984375 0.62432861328125 0.16253662109375 -0.175582885742187
-0.699951171875 0.41644287109375 0.22198486328125 -0.067779541015625
-0.59881591796875 0.44732666015625 -0.339202880859375 0.097686767578125
-0.2928466796875 0.57208251953125 -0.134078979492188 0.18804931640625
0.0902099609375 0.644287109375 0.00621032714843749 0.123313903808594
0.4051513671875 0.3446044921875 -0.0204811096191406 0.0262432098388672
0.487335205078125 0.05828857421875 -0.0735549926757812 0.0823211669921875
0.371673583984375 -0.26910400390625 -0.0979232788085937 0.0871963500976562
0.236175537109375 -0.382843017578125 -0.0699005126953125 0.162078857421875
0.272705078125 -0.338775634765625 -0.0675811767578125 0.210250854492187
0.27032470703125 -0.378448486328125 -0.0776824951171875 0.205535888671875
0.357757568359375 -0.220245361328125 -0.175384521484375 0.16424560546875
0.46563720703125 0.03564453125 -0.22625732421875 0.10028076171875
0.3612060546875 0.344818115234375 -0.181503295898437 -0.0759124755859375
-0.0595703125 0.5994873046875 -0.04364013671875 -0.178115844726562
-0.338958740234375 0.53411865234375 0.0847854614257812 -0.0321044921875
-0.63348388671875 0.3743896484375 -0.00662231445312504 0.0559310913085938
-0.431365966796875 0.365478515625 -0.523681640625 0.22552490234375
-0.191925048828125 0.449432373046875 -0.213104248046875 0.311737060546875
0.089385986328125 0.463836669921875 -0.00613403320312498 0.14556884765625
0.300079345703125 0.235382080078125 -0.073577880859375 0.035614013671875
0.34527587890625 0.039947509765625 -0.150222778320312 0.0955352783203125
0.27532958984375 -0.188812255859375 -0.179473876953125 0.166122436523438
0.186447143554688 -0.26751708984375 -0.12567138671875 0.289794921875
0.211181640625 -0.2373046875 -0.11273193359375 0.325714111328125
0.216949462890625 -0.258880615234375 -0.14031982421875 0.317474365234375
0.2630615234375 -0.130081176757812 -0.244354248046875 0.229827880859375
0.318572998046875 0.057342529296875 -0.273361206054688 0.11431884765625
0.214431762695313 0.254486083984375 -0.20977783203125 -0.060821533203125
-0.083221435546875 0.399322509765625 -0.0549392700195313 -0.12261962890625
-0.2529296875 0.352081298828125 0.0112380981445312 0.087799072265625
-0.4693603515625 0.270599365234375 -0.2066650390625 0.158721923828125
-0.197494506835938 0.223861694335938 -0.656005859375 0.32421875
-0.0665435791015625 0.260025024414063 -0.280120849609375 0.40496826171875
0.0734405517578125 0.213241577148438 -0.0161590576171875 0.16949462890625
0.146713256835938 0.0906524658203125 -0.098114013671875 0.052886962890625
0.149063110351563 0.018280029296875 -0.187088012695312 0.093719482421875
0.135772705078125 -0.0770492553710938 -0.224044799804688 0.214385986328125
0.10723876953125 -0.108917236328125 -0.160400390625 0.369049072265625
0.119522094726563 -0.100387573242188 -0.139984130859375 0.391143798828125
0.133560180664063 -0.103935241699219 -0.18243408203125 0.38134765625
0.136734008789063 -0.0275726318359375 -0.281585693359375 0.257659912109375
0.139350891113281 0.0662841796875 -0.286468505859375 0.10211181640625
0.0566787719726563 0.132072448730469 -0.212387084960937 -0.05511474609375
-0.08209228515625 0.160446166992187 -0.05487060546875 -0.0803375244140625
-0.128036499023437 0.13897705078125 -0.0457305908203125 0.159149169921875
-0.235671997070313 0.136215209960938 -0.344085693359375 0.226806640625
-0.0715103149414063 -0.0139007568359375 0.38177490234375 -0.326507568359375
-0.0452194213867187 0.0504417419433594 0.0929718017578125 -0.232223510742188
0.0288009643554688 0.0800552368164063 0.0124282836914063 0.0650100708007812
0.0703353881835938 0.0266647338867188 0.191085815429687 0.0809783935546875
0.0731964111328125 -0.0504531860351563 0.29168701171875 -0.036163330078125
-0.00215911865234375 -0.0807418823242188 0.28802490234375 -0.248931884765625
-0.0348892211914062 -0.0748748779296875 0.177764892578125 -0.4267578125
-0.0186805725097656 -0.0534133911132813 0.143890380859375 -0.4169921875
-0.0314140319824219 -0.058013916015625 0.18499755859375 -0.3917236328125
0.0202293395996094 -0.0509185791015625 0.241348266601563 -0.253616333007813
0.0443763732910156 -0.0141067504882813 0.180938720703125 -0.119735717773438
0.0325851440429688 0.0524864196777344 0.111946105957031 -0.0914535522460938
-0.0272178649902344 0.0399551391601563 0.085113525390625 -0.218673706054688
-0.0473213195800781 0.00311279296874999 0.28118896484375 -0.44830322265625
-0.0211944580078125 -0.0589675903320313 0.7696533203125 -0.33465576171875
-0.325836181640625 0.152862548828125 0.355865478515625 -0.314849853515625
-0.18524169921875 0.231979370117188 0.0980072021484375 -0.225250244140625
0.01251220703125 0.31292724609375 0.00852203369140626 0.0606575012207031
0.187515258789062 0.17144775390625 0.167526245117188 0.0705413818359375
0.248809814453125 -0.0082244873046875 0.261444091796875 -0.0098419189453125
0.145706176757813 -0.175949096679688 0.261825561523438 -0.221115112304688
0.061065673828125 -0.234832763671875 0.16448974609375 -0.382110595703125
0.0949859619140625 -0.203811645507813 0.12921142578125 -0.35980224609375
0.079986572265625 -0.230941772460937 0.169219970703125 -0.34539794921875
0.172225952148437 -0.157455444335938 0.199844360351563 -0.2177734375
0.245590209960937 -0.0126953125 0.130844116210938 -0.0920791625976563
0.199615478515625 0.18994140625 0.0789031982421875 -0.109771728515625
-0.034393310546875 0.30169677734375 0.076263427734375 -0.255767822265625
-0.181427001953125 0.243743896484375 0.297149658203125 -0.45855712890625
-0.290191650390625 0.123870849609375 0.74615478515625 -0.33868408203125
-0.53326416015625 0.302001953125 0.249114990234375 -0.26123046875
-0.29638671875 0.401519775390625 0.07086181640625 -0.174484252929687
0.0126953124999999 0.520233154296875 0.0113143920898437 0.0682945251464844
0.299346923828125 0.296478271484375 0.140884399414063 0.055084228515625
0.403411865234375 0.029510498046875 0.208648681640625 0.0117034912109375
0.27679443359375 -0.25390625 0.201095581054688 -0.173019409179688
0.1470947265625 -0.3621826171875 0.126495361328125 -0.28778076171875
0.19403076171875 -0.324249267578125 0.094024658203125 -0.247283935546875
0.178131103515625 -0.367645263671875 0.127609252929688 -0.241592407226563
0.29998779296875 -0.24176025390625 0.122222900390625 -0.145355224609375
0.41766357421875 -0.010406494140625 0.0505332946777344 -0.0507469177246094
0.348114013671875 0.30584716796875 0.021209716796875 -0.122451782226562
-0.0322875976562499 0.532989501953125 0.04986572265625 -0.279922485351562
-0.29364013671875 0.46124267578125 0.280120849609375 -0.41845703125
-0.519989013671875 0.288482666015625 0.63604736328125 -0.2919921875
-0.66485595703125 0.41595458984375 0.078521728515625 -0.167572021484375
-0.3585205078125 0.542083740234375 0.0161361694335937 -0.0798568725585937
0.0412597656249999 0.67315673828125 0.0173492431640625 0.0837554931640625
0.39642333984375 0.3795166015625 0.101776123046875 0.03753662109375
0.517242431640625 0.051971435546875 0.1297607421875 0.0337142944335938
0.370391845703125 -0.30419921875 0.110671997070313 -0.09930419921875
0.211090087890625 -0.438873291015625 0.067169189453125 -0.151214599609375
0.263641357421875 -0.394561767578125 0.04559326171875 -0.0979766845703125
0.24853515625 -0.447998046875 0.0669174194335938 -0.0984039306640625
0.383087158203125 -0.2877197265625 0.0228919982910157 -0.043304443359375
0.5316162109375 -0.0057373046875 -0.0481834411621093 0.00434494018554688
0.448638916015625 0.37786865234375 -0.05364990234375 -0.119377136230469
-0.02606201171875 0.69049072265625 0.0131072998046875 -0.27630615234375
-0.3603515625 0.607666015625 0.232879638671875 -0.32244873046875
-0.6727294921875 0.4002685546875 0.45343017578125 -0.195465087890625
-0.69329833984375 0.47906494140625 -0.130386352539063 -0.0418167114257812
-0.35845947265625 0.61669921875 -0.0565719604492188 0.049163818359375
0.08154296875 0.73284912109375 0.019622802734375 0.106491088867188
0.450714111328125 0.399993896484375 0.0457496643066407 0.0262870788574219
0.55670166015625 0.056365966796875 0.0298347473144532 0.0583267211914062
0.406280517578125 -0.3154296875 0.00234937667846682 -0.00710296630859377
0.240142822265625 -0.451995849609375 -0.00314140319824217 0.00887775421142575
0.2919921875 -0.40478515625 -0.0113716125488281 0.0657463073730468
0.281097412109375 -0.455413818359375 -0.00514221191406248 0.0622940063476562
0.404022216796875 -0.28350830078125 -0.0830078125 0.070648193359375
0.5557861328125 0.0059814453125 -0.148101806640625 0.0633697509765625
0.46343994140625 0.39422607421875 -0.129837036132812 -0.100227355957031
-0.02862548828125 0.72625732421875 -0.0228729248046875 -0.240646362304687
-0.37921142578125 0.64361572265625 0.16339111328125 -0.183319091796875
-0.71844482421875 0.4376220703125 0.2269287109375 -0.069244384765625
-0.61474609375 0.4708251953125 -0.345855712890625 0.1002197265625
-0.298583984375 0.59295654296875 -0.137619018554688 0.192108154296875
0.105224609375 0.66595458984375 0.0136489868164063 0.128860473632813
0.4228515625 0.349212646484375 -0.0188674926757812 0.0255184173583985
0.50579833984375 0.048858642578125 -0.0723419189453125 0.0829315185546875
0.374847412109375 -0.280609130859375 -0.10321044921875 0.0916976928710937
0.23138427734375 -0.39471435546875 -0.0717315673828125 0.168182373046875
0.2744140625 -0.354339599609375 -0.0662841796875 0.21893310546875
0.27093505859375 -0.39166259765625 -0.0782470703125 0.213775634765625
0.362396240234375 -0.227874755859375 -0.178268432617188 0.172271728515625
0.4783935546875 0.029937744140625 -0.22930908203125 0.107086181640625
0.37774658203125 0.352508544921875 -0.186935424804687 -0.0767364501953125
-0.05450439453125 0.62176513671875 -0.0490570068359375 -0.184188842773438
-0.344085693359375 0.55047607421875 0.086761474609375 -0.0341339111328125
-0.653076171875 0.3946533203125 -0.00722503662109379 0.0602149963378906
-0.44317626953125 0.3861083984375 -0.535400390625 0.23541259765625
-0.194610595703125 0.466796875 -0.216827392578125 0.321258544921875
0.10260009765625 0.479217529296875 0.000961303710937523 0.151870727539063
0.313385009765625 0.23834228515625 -0.0724105834960938 0.0360260009765625
0.358489990234375 0.03387451171875 -0.151748657226562 0.0979461669921875
0.27801513671875 -0.197097778320312 -0.186111450195312 0.173599243164063
0.182937622070312 -0.276336669921875 -0.127410888671875 0.30010986328125
0.213623046875 -0.24945068359375 -0.110870361328125 0.33917236328125
0.21759033203125 -0.270126342773437 -0.141326904296875 0.330810546875
0.266952514648438 -0.135528564453125 -0.249374389648437 0.240142822265625
0.327728271484375 0.052825927734375 -0.277481079101563 0.12103271484375
0.22467041015625 0.25970458984375 -0.215087890625 -0.0600738525390624
-0.080413818359375 0.4149169921875 -0.0588150024414063 -0.126823425292969
-0.25823974609375 0.36358642578125 0.0136795043945312 0.0889129638671875
-0.483642578125 0.285430908203125 -0.210433959960937 0.169036865234375
-0.204498291015625 0.234832763671875 -0.6715087890625 0.3387451171875
-0.0669403076171875 0.26861572265625 -0.28179931640625 0.419281005859375
0.0809326171875 0.21929931640625 -0.0104827880859375 0.17413330078125
0.15386962890625 0.0911712646484375 -0.09759521484375 0.0546646118164063
0.155609130859375 0.0157318115234375 -0.191207885742188 0.09771728515625
0.137519836425781 -0.0810089111328125 -0.230682373046875 0.223007202148438
0.106651306152344 -0.113533020019531 -0.161224365234375 0.381866455078125
0.120643615722656 -0.106369018554688 -0.1396484375 0.407073974609375
0.134742736816406 -0.109779357910156 -0.1832275390625 0.398101806640625
0.138778686523438 -0.0295333862304688 -0.287353515625 0.268951416015625
0.143890380859375 0.06390380859375 -0.2921142578125 0.107177734375
0.0613327026367188 0.135383605957031 -0.218124389648437 -0.053192138671875
-0.0814056396484375 0.16888427734375 -0.0578384399414063 -0.08251953125
-0.13153076171875 0.14453125 -0.043060302734375 0.163436889648438
-0.244735717773438 0.144134521484375 -0.350677490234375 0.239898681640625
-0.0727157592773438 -0.013336181640625 0.3851318359375 -0.3572998046875
-0.04473876953125 0.0528221130371094 0.0867156982421875 -0.244720458984375
0.0324478149414063 0.0828170776367188 0.0164604187011719 0.0675888061523438
0.07318115234375 0.0269317626953125 0.199874877929688 0.0755615234375
0.0714340209960938 -0.0546417236328125 0.299652099609375 -0.049468994140625
-0.00762939453125 -0.081817626953125 0.290130615234375 -0.267913818359375
-0.0384445190429687 -0.0742416381835938 0.165313720703125 -0.448944091796875
-0.0205955505371094 -0.0529861450195312 0.131591796875 -0.441619873046875
-0.0366172790527344 -0.0561561584472656 0.17559814453125 -0.41937255859375
0.017547607421875 -0.052642822265625 0.243057250976562 -0.273788452148438
0.0439453125 -0.0152816772460938 0.182357788085938 -0.129150390625
0.0361099243164063 0.0530204772949219 0.111839294433594 -0.100837707519531
-0.0262832641601562 0.0393295288085938 0.0791473388671875 -0.230804443359375
-0.0463027954101563 0.00262069702148437 0.2708740234375 -0.475128173828125
-0.0225334167480469 -0.0595245361328125 0.78021240234375 -0.37518310546875
-0.329833984375 0.1705322265625 0.357025146484375 -0.34344482421875
-0.183685302734375 0.24627685546875 0.0914764404296875 -0.239273071289063
0.025787353515625 0.325164794921875 0.0138282775878906 0.0643959045410156
0.19854736328125 0.171539306640625 0.175506591796875 0.06451416015625
0.255096435546875 -0.0191802978515625 0.270172119140625 -0.020904541015625
0.139801025390625 -0.185455322265625 0.262435913085938 -0.237060546875
0.052154541015625 -0.241546630859375 0.15374755859375 -0.402252197265625
0.0905609130859375 -0.214691162109375 0.119903564453125 -0.381134033203125
0.0711212158203125 -0.238800048828125 0.160614013671875 -0.368988037109375
0.17071533203125 -0.167892456054688 0.201126098632813 -0.234207153320313
0.252700805664063 -0.0218353271484375 0.132614135742188 -0.0984420776367188
0.216140747070313 0.1890869140625 0.076812744140625 -0.118919372558594
-0.0242919921875 0.312774658203125 0.066741943359375 -0.26904296875
-0.177566528320313 0.256744384765625 0.2874755859375 -0.48297119140625
-0.295989990234375 0.140869140625 0.75970458984375 -0.37762451171875
-0.53839111328125 0.33392333984375 0.248992919921875 -0.286285400390625
-0.2945556640625 0.426025390625 0.0643463134765625 -0.186813354492188
0.03570556640625 0.54071044921875 0.0188446044921875 0.0718154907226563
0.31939697265625 0.297088623046875 0.147689819335938 0.0489501953125
0.417816162109375 0.012115478515625 0.216995239257813 0.0019073486328125
0.271759033203125 -0.271240234375 0.200225830078125 -0.184600830078125
0.133758544921875 -0.377197265625 0.117767333984375 -0.302398681640625
0.187042236328125 -0.343902587890625 0.08953857421875 -0.261825561523438
0.16595458984375 -0.386077880859375 0.121200561523438 -0.25909423828125
0.29937744140625 -0.259307861328125 0.123184204101563 -0.155029296875
0.43206787109375 -0.027130126953125 0.0516929626464844 -0.0526618957519531
0.375335693359375 0.30340576171875 0.0160903930664063 -0.129745483398437
-0.013824462890625 0.553558349609375 0.03802490234375 -0.29296875
-0.285491943359375 0.484771728515625 0.271514892578125 -0.443115234375
-0.530059814453125 0.32220458984375 0.6458740234375 -0.3251953125
-0.67108154296875 0.4591064453125 0.0769042968749999 -0.182876586914062
-0.35345458984375 0.57476806640625 0.0110244750976562 -0.087677001953125
0.07293701171875 0.7003173828125 0.0281829833984375 0.08843994140625
0.424713134765625 0.377960205078125 0.107620239257813 0.0325546264648438
0.53790283203125 0.0302734375 0.136833190917969 0.02642822265625
0.366119384765625 -0.32745361328125 0.107887268066406 -0.105636596679688
0.1956787109375 -0.458099365234375 0.0618896484375 -0.15948486328125
0.255828857421875 -0.41949462890625 0.0447540283203125 -0.103721618652344
0.236419677734375 -0.472747802734375 0.064544677734375 -0.105941772460938
0.38348388671875 -0.3101806640625 0.0236282348632813 -0.0449714660644531
0.549163818359375 -0.02752685546875 -0.0474586486816406 0.00824737548828124
0.482666015625 0.37646484375 -0.061004638671875 -0.123710632324219
6.10351562500045E-05 0.71875 0.000244140624999979 -0.288055419921875
-0.35333251953125 0.6397705078125 0.227447509765625 -0.341400146484375
-0.684814453125 0.44366455078125 0.46014404296875 -0.21783447265625
-0.70001220703125 0.5277099609375 -0.135345458984375 -0.0445632934570312
-0.349609375 0.65362548828125 -0.0595436096191406 0.0494499206542969
0.11737060546875 0.759765625 0.0320205688476563 0.110336303710938
0.481414794921875 0.397552490234375 0.0505142211914063 0.0226058959960938
0.5819091796875 0.0325927734375 0.0350494384765625 0.0557632446289063
0.404327392578125 -0.341033935546875 -0.000590324401855445 -0.00553369522094729
0.225616455078125 -0.472564697265625 -0.00470542907714843 0.00966167449951169
0.284942626953125 -0.4337158203125 -0.0073280334472656 0.0695037841796875
0.267791748046875 -0.482025146484375 -0.00352478027343749 0.0654983520507812
0.405731201171875 -0.307342529296875 -0.0827560424804688 0.0790557861328125
0.5733642578125 -0.01641845703125 -0.148757934570312 0.0732269287109375
0.49810791015625 0.391510009765625 -0.138481140136719 -0.100814819335938
-0.00213623046875003 0.7554931640625 -0.0366363525390625 -0.2496337890625
-0.372314453125 0.6787109375 0.161880493164062 -0.195236206054687
-0.7349853515625 0.483642578125 0.231170654296875 -0.077178955078125
-0.6221923828125 0.51580810546875 -0.353790283203125 0.1121826171875
-0.28973388671875 0.62890625 -0.137664794921875 0.201065063476563
0.14117431640625 0.68865966796875 0.0257415771484375 0.134269714355469
0.452667236328125 0.3453369140625 -0.0162792205810547 0.0250720977783203
0.527618408203125 0.027008056640625 -0.0692214965820312 0.0861053466796875
0.37347412109375 -0.304107666015625 -0.107093811035156 0.100692749023437
0.216827392578125 -0.41546630859375 -0.069549560546875 0.178482055664062
0.269195556640625 -0.379852294921875 -0.0582122802734375 0.231979370117187
0.259735107421875 -0.41796875 -0.073822021484375 0.227279663085937
0.36395263671875 -0.248199462890625 -0.178192138671875 0.1876220703125
0.495330810546875 0.010009765625 -0.231185913085937 0.120712280273438
0.40826416015625 0.351104736328125 -0.197402954101562 -0.0728607177734375
-0.033203125 0.6507568359375 -0.0608062744140625 -0.189346313476562
-0.33984375 0.5811767578125 0.0888137817382813 -0.0386962890625
-0.66619873046875 0.4376220703125 -0.00575637817382816 0.066650390625
-0.446319580078125 0.422088623046875 -0.545257568359375 0.261627197265625
-0.186065673828125 0.492706298828125 -0.213714599609375 0.3394775390625
0.127899169921875 0.494781494140625 0.0126800537109375 0.156570434570313
0.334808349609375 0.233734130859375 -0.0713119506835937 0.0385589599609375
0.37481689453125 0.01800537109375 -0.151702880859375 0.10565185546875
0.278656005859375 -0.2137451171875 -0.189361572265625 0.188583374023438
0.173370361328125 -0.291839599609375 -0.121490478515625 0.3179931640625
0.209991455078125 -0.267990112304688 -0.10040283203125 0.35931396484375
0.213043212890625 -0.28912353515625 -0.13372802734375 0.352783203125
0.269622802734375 -0.149307250976563 -0.24981689453125 0.260971069335938
0.34002685546875 0.0400390625 -0.280593872070313 0.13592529296875
0.245834350585937 0.260513305664063 -0.225875854492187 -0.0540771484375
-0.06756591796875 0.437103271484375 -0.0680618286132813 -0.129318237304687
-0.255706787109375 0.385498046875 0.0189895629882812 0.0908355712890625
-0.494964599609375 0.318145751953125 -0.21112060546875 0.186874389648438
-0.206939697265625 0.252685546875 -0.682373046875 0.3746337890625
-0.06048583984375 0.2816162109375 -0.277099609375 0.444580078125
0.0945281982421875 0.224472045898438 -9.15527343749798E-05 0.179153442382813
0.165023803710938 0.0872650146484375 -0.096527099609375 0.0594406127929688
0.16375732421875 0.009033203125 -0.193145751953125 0.107376098632813
0.139556884765625 -0.0888442993164063 -0.233474731445312 0.240554809570313
0.10302734375 -0.122505187988281 -0.152618408203125 0.40350341796875
0.119621276855469 -0.115737915039063 -0.127197265625 0.43115234375
0.134681701660156 -0.120338439941406 -0.173614501953125 0.424468994140625
0.141845703125 -0.0361328125 -0.288177490234375 0.2906494140625
0.15106201171875 0.057952880859375 -0.29638671875 0.121917724609375
0.0702362060546875 0.137603759765625 -0.227554321289063 -0.045623779296875
-0.076690673828125 0.182388305664062 -0.0641403198242187 -0.0822525024414062
-0.131134033203125 0.1553955078125 -0.0361480712890625 0.170684814453125
-0.250900268554688 0.16131591796875 -0.35260009765625 0.26568603515625
-0.0732192993164062 -0.0109481811523438 0.37176513671875 -0.391204833984375
-0.0430412292480469 0.055938720703125 0.0740509033203125 -0.25677490234375
0.0384674072265625 0.083404541015625 0.0229949951171875 0.0684165954589844
0.0760879516601563 0.0253219604492188 0.207183837890625 0.0628662109375
0.0674285888671875 -0.0596504211425781 0.300750732421875 -0.0697021484375
-0.0141448974609375 -0.0807342529296875 0.28076171875 -0.2906494140625
-0.0436477661132812 -0.0710220336914063 0.140838623046875 -0.4683837890625
-0.0236282348632813 -0.0512809753417969 0.10546875 -0.462432861328125
-0.0418357849121094 -0.0525245666503906 0.1512451171875 -0.444671630859375
0.0133018493652344 -0.0538177490234375 0.232666015625 -0.296478271484375
0.04302978515625 -0.0170745849609375 0.1783447265625 -0.141067504882812
0.0406379699707031 0.0511703491210937 0.106597900390625 -0.110679626464844
-0.0256385803222656 0.0388336181640625 0.06549072265625 -0.241058349609375
-0.0455780029296875 0.00333023071289062 0.24334716796875 -0.498992919921875
-0.0242347717285156 -0.0584449768066406 0.77032470703125 -0.43115234375
-0.324462890625 0.19317626953125 0.343353271484375 -0.378387451171875
-0.173599243164063 0.262649536132813 0.0774993896484375 -0.25250244140625
0.048370361328125 0.331573486328125 0.0218696594238281 0.0649604797363281
0.213577270507813 0.165023803710938 0.181564331054688 0.0529632568359375
0.256790161132813 -0.0367584228515625 0.273696899414063 -0.0401611328125
0.1285400390625 -0.19500732421875 0.25341796875 -0.256576538085937
0.03607177734375 -0.246261596679688 0.130340576171875 -0.421112060546875
0.07867431640625 -0.224334716796875 0.097808837890625 -0.399566650390625
0.0547637939453125 -0.246383666992188 0.13861083984375 -0.391937255859375
0.162002563476563 -0.1807861328125 0.192962646484375 -0.253250122070313
0.2557373046875 -0.0374298095703125 0.130928039550781 -0.106910705566406
0.234634399414063 0.180007934570312 0.0698471069335938 -0.128005981445313
-0.00588989257812497 0.3199462890625 0.0491180419921875 -0.279266357421875
-0.165695190429688 0.269882202148438 0.2611083984375 -0.508880615234375
-0.292816162109375 0.16546630859375 0.74945068359375 -0.43096923828125
-0.529327392578125 0.376495361328125 0.236053466796875 -0.31280517578125
-0.275543212890625 0.453765869140625 0.0517730712890625 -0.198944091796875
0.0737915039062499 0.5513916015625 0.029693603515625 0.0724258422851563
0.34381103515625 0.284332275390625 0.153106689453125 0.03765869140625
0.424957275390625 -0.01641845703125 0.221511840820313 -0.013671875
0.2564697265625 -0.290435791015625 0.191848754882813 -0.199356079101563
0.109832763671875 -0.387908935546875 0.09954833984375 -0.31719970703125
0.169464111328125 -0.36370849609375 0.0752716064453125 -0.275772094726563
0.1409912109375 -0.402923583984375 0.105804443359375 -0.275543212890625
0.2877197265625 -0.2818603515625 0.11865234375 -0.165908813476563
0.43731689453125 -0.054473876953125 0.0519332885742188 -0.0549468994140625
0.405609130859375 0.286712646484375 0.00705718994140628 -0.135536193847656
0.02069091796875 0.56787109375 0.017425537109375 -0.302032470703125
-0.2623291015625 0.509307861328125 0.247802734375 -0.465972900390625
-0.522430419921875 0.36419677734375 0.6373291015625 -0.36895751953125
-0.65625 0.5159912109375 0.0663146972656249 -0.198394775390625
-0.3275146484375 0.61090087890625 0.00262451171874998 -0.0941543579101562
0.1240234375 0.71197509765625 0.0410995483398438 0.0881271362304688
0.4576416015625 0.360687255859375 0.1114501953125 0.023101806640625
0.550689697265625 -0.00689697265625 0.141693115234375 0.0154876708984375
0.349517822265625 -0.3531494140625 0.101409912109375 -0.113006591796875
0.1668701171875 -0.47540283203125 0.0507659912109375 -0.1666259765625
0.233795166015625 -0.44677734375 0.0407943725585938 -0.110397338867188
0.206817626953125 -0.4964599609375 0.0575027465820313 -0.11358642578125
0.370391845703125 -0.338409423828125 0.0231056213378906 -0.0460205078125
0.557861328125 -0.0631103515625 -0.0457077026367187 0.0129165649414062
0.521148681640625 0.3546142578125 -0.0717620849609375 -0.124153137207031
0.04559326171875 0.737548828125 -0.02197265625 -0.293914794921875
-0.3231201171875 0.672119140625 0.209564208984375 -0.36041259765625
-0.67657470703125 0.50189208984375 0.456024169921875 -0.247283935546875
-0.6839599609375 0.586669921875 -0.141708374023438 -0.04266357421875
-0.31927490234375 0.69287109375 -0.0615043640136719 0.051055908203125
0.17510986328125 0.77044677734375 0.0469970703125 0.109718322753906
0.517425537109375 0.376953125 0.0537109375 0.0168952941894531
0.5958251953125 -0.01043701171875 0.0404129028320313 0.0518341064453125
0.387359619140625 -0.372528076171875 -0.00414347648620603 -0.00354933738708498
0.1949462890625 -0.493682861328125 -0.00610160827636718 0.0106000900268554
0.261260986328125 -0.463714599609375 -0.000625610351562486 0.0717315673828125
0.238433837890625 -0.510101318359375 -9.53674316406038E-05 0.0682296752929687
0.392974853515625 -0.3367919921875 -0.078033447265625 0.0869979858398437
0.58306884765625 -0.05364990234375 -0.14483642578125 0.0848846435546875
0.53717041015625 0.370391845703125 -0.149261474609375 -0.0960540771484374
0.0452880859375 0.776611328125 -0.05743408203125 -0.250839233398437
-0.339599609375 0.71307373046875 0.152664184570312 -0.207550048828125
-0.7239990234375 0.54595947265625 0.230911254882812 -0.09002685546875
-0.6060791015625 0.57037353515625 -0.3544921875 0.1322021484375
-0.25946044921875 0.66339111328125 -0.13092041015625 0.212158203125
0.1932373046875 0.69708251953125 0.0416946411132813 0.1336669921875
0.486846923828125 0.323455810546875 -0.0134296417236328 0.0246124267578125
0.5406494140625 -0.011474609375 -0.063751220703125 0.08953857421875
0.358306884765625 -0.33258056640625 -0.106170654296875 0.111183166503906
0.191162109375 -0.434906005859375 -0.060821533203125 0.18756103515625
0.2490234375 -0.40814208984375 -0.042388916015625 0.242477416992188
0.23565673828125 -0.443023681640625 -0.05938720703125 0.23968505859375
0.35491943359375 -0.27392578125 -0.169418334960937 0.204421997070313
0.50567626953125 -0.02349853515625 -0.226287841796875 0.137924194335938
0.441436767578125 0.333770751953125 -0.206756591796875 -0.0632781982421875
0.0103759765625 0.6722412109375 -0.07733154296875 -0.188262939453125
-0.31231689453125 0.6134033203125 0.0885696411132812 -0.0439987182617187
-0.6572265625 0.49322509765625 -0.000854492187500038 0.0722198486328125
-0.433868408203125 0.46112060546875 -0.539947509765625 0.29766845703125
-0.162445068359375 0.518524169921875 -0.199066162109375 0.359649658203125
0.165985107421875 0.497100830078125 0.027496337890625 0.157180786132813
0.3575439453125 0.21636962890625 -0.0678901672363281 0.0421676635742188
0.385528564453125 -0.009552001953125 -0.146575927734375 0.11492919921875
0.268829345703125 -0.235427856445313 -0.184799194335937 0.2056884765625
0.155242919921875 -0.307098388671875 -0.104827880859375 0.334259033203125
0.1951904296875 -0.289337158203125 -0.077667236328125 0.37530517578125
0.1961669921875 -0.309783935546875 -0.1124267578125 0.372955322265625
0.265289306640625 -0.168075561523438 -0.2388916015625 0.284515380859375
0.348358154296875 0.017333984375 -0.27593994140625 0.155960083007812
0.269821166992188 0.25091552734375 -0.23370361328125 -0.0404510498046874
-0.039581298828125 0.45501708984375 -0.0800857543945313 -0.126113891601563
-0.23858642578125 0.40899658203125 0.0266189575195312 0.09197998046875
-0.4884033203125 0.3599853515625 -0.202224731445313 0.207550048828125
-0.198028564453125 0.27362060546875 -0.67291259765625 0.42327880859375
-0.045623779296875 0.29376220703125 -0.257476806640625 0.471038818359375
0.111740112304688 0.223541259765625 0.01373291015625 0.180648803710937
0.174362182617188 0.0772705078125 -0.0929183959960937 0.0659027099609375
0.16937255859375 -0.00347900390625 -0.188858032226563 0.120223999023437
0.136634826660156 -0.100456237792969 -0.226806640625 0.261062622070313
0.095062255859375 -0.130165100097656 -0.132049560546875 0.424285888671875
0.113609313964844 -0.128250122070313 -0.10113525390625 0.451812744140625
0.128448486328125 -0.132606506347656 -0.1480712890625 0.44891357421875
0.141830444335938 -0.0455780029296875 -0.276153564453125 0.3170166015625
0.157516479492188 0.0469970703125 -0.294464111328125 0.141448974609375
0.0823516845703125 0.135711669921875 -0.233963012695313 -0.031646728515625
-0.065399169921875 0.193923950195313 -0.0721588134765625 -0.079132080078125
-0.125747680664062 0.167953491210938 -0.0242767333984375 0.17578125
-0.249069213867188 0.182861328125 -0.341461181640625 0.2958984375
-0.0726470947265625 -0.00691223144531251 0.343353271484375 -0.41363525390625
-0.0383796691894531 0.0579032897949219 0.057037353515625 -0.260726928710938
0.0444869995117188 0.080047607421875 0.029266357421875 0.06494140625
0.07757568359375 0.0217132568359375 0.206863403320313 0.04718017578125
0.0609588623046875 -0.0621223449707031 0.2911376953125 -0.08837890625
-0.0204315185546875 -0.0756454467773437 0.260894775390625 -0.3050537109375
-0.0469474792480469 -0.0655708312988281 0.10699462890625 -0.474090576171875
-0.0258827209472656 -0.0485725402832031 0.071746826171875 -0.46807861328125
-0.045379638671875 -0.0456504821777344 0.115478515625 -0.454833984375
0.00821685791015625 -0.0531883239746094 0.2127685546875 -0.310699462890625
0.0408477783203125 -0.0186614990234375 0.16827392578125 -0.149810791015625
0.0443572998046875 0.0477790832519531 0.0967025756835938 -0.117721557617188
-0.0241203308105469 0.0380744934082031 0.046539306640625 -0.243667602539063
-0.0442581176757813 0.00440597534179688 0.205352783203125 -0.507232666015625
-0.0259513854980469 -0.0553970336914063 0.72930908203125 -0.47528076171875
-0.307708740234375 0.21319580078125 0.314727783203125 -0.4007568359375
-0.155426025390625 0.270355224609375 0.0590362548828125 -0.25750732421875
0.072601318359375 0.32550048828125 0.0305099487304688 0.0620918273925781
0.222091674804688 0.151748657226563 0.181427001953125 0.038604736328125
0.249862670898438 -0.0534515380859375 0.2659912109375 -0.057952880859375
0.112472534179687 -0.1981201171875 0.235015869140625 -0.269729614257813
0.0192108154296875 -0.242782592773438 0.099639892578125 -0.426544189453125
0.0626678466796875 -0.227081298828125 0.068817138671875 -0.406036376953125
0.0357666015625 -0.244461059570313 0.108245849609375 -0.40032958984375
0.14630126953125 -0.187881469726562 0.176742553710938 -0.2650146484375
0.249801635742188 -0.0535888671875 0.124664306640625 -0.112716674804688
0.245834350585937 0.16259765625 0.05859375 -0.132972717285156
0.0137939453125 0.317596435546875 0.027496337890625 -0.2801513671875
-0.147140502929688 0.276718139648438 0.22198486328125 -0.5179443359375
-0.278732299804688 0.184783935546875 0.7095947265625 -0.47137451171875
-0.498138427734375 0.409210205078125 0.211822509765625 -0.330657958984375
-0.243377685546875 0.468017578125 0.0351409912109375 -0.202957153320312
0.114105224609375 0.540924072265625 0.0401115417480469 0.06793212890625
0.359649658203125 0.260009765625 0.152389526367188 0.02545166015625
0.4169921875 -0.0462646484375 0.2171630859375 -0.0297088623046875
0.23162841796875 -0.30035400390625 0.17681884765625 -0.2069091796875
0.08160400390625 -0.38677978515625 0.07513427734375 -0.3211669921875
0.14276123046875 -0.37200927734375 0.055511474609375 -0.281097412109375
0.109222412109375 -0.404998779296875 0.084228515625 -0.282196044921875
0.2640380859375 -0.295928955078125 0.108871459960938 -0.173126220703125
0.428436279296875 -0.082794189453125 0.0499496459960938 -0.0560379028320313
0.42340087890625 0.258087158203125 -0.00411987304687498 -0.135940551757812
0.05755615234375 0.56365966796875 -0.00601196289062501 -0.298797607421875
-0.2296142578125 0.520782470703125 0.214111328125 -0.474853515625
-0.4942626953125 0.399169921875 0.60443115234375 -0.4033203125
-0.61517333984375 0.55755615234375 0.0513153076171875 -0.205764770507812
-0.2867431640625 0.62799072265625 -0.00736236572265627 -0.0961990356445312
0.17474365234375 0.6968994140625 0.0534515380859375 0.0813751220703125
0.477996826171875 0.328460693359375 0.111228942871094 0.013336181640625
0.543121337890625 -0.04638671875 0.141677856445313 0.0039520263671875
0.319488525390625 -0.370147705078125 0.0923233032226563 -0.116065979003906
0.130401611328125 -0.47674560546875 0.037261962890625 -0.168975830078125
0.200714111328125 -0.4591064453125 0.0338973999023438 -0.114616394042969
0.16839599609375 -0.50390625 0.0488128662109375 -0.11749267578125
0.342041015625 -0.35699462890625 0.0223312377929688 -0.0471458435058594
0.546142578125 -0.10003662109375 -0.0418014526367187 0.0174026489257812
0.54327392578125 0.316436767578125 -0.0814208984375 -0.11968994140625
0.0941162109375 0.730712890625 -0.045074462890625 -0.287139892578125
-0.27996826171875 0.686279296875 0.183563232421875 -0.367919921875
-0.638427734375 0.5462646484375 0.434539794921875 -0.2706298828125
-0.63983154296875 0.63067626953125 -0.144668579101563 -0.037933349609375
-0.27288818359375 0.7103271484375 -0.0613517761230469 0.0525894165039063
0.23065185546875 0.75177001953125 0.0605850219726563 0.102516174316406
0.538116455078125 0.33740234375 0.0542106628417969 0.0109214782714844
0.589111328125 -0.05291748046875 0.0444755554199219 0.0458030700683594
0.355865478515625 -0.392486572265625 -0.00626850128173826 -0.000826835632324243
0.156341552734375 -0.4976806640625 -0.00702190399169921 0.0111160278320312
0.22674560546875 -0.47784423828125 0.00631332397460939 0.0700263977050781
0.198272705078125 -0.51971435546875 0.00519943237304689 0.0689544677734375
0.36572265625 -0.358123779296875 -0.0698394775390625 0.092742919921875
0.5714111328125 -0.09271240234375 -0.135429382324219 0.0937271118164063
0.560455322265625 0.329803466796875 -0.155548095703125 -0.08575439453125
0.0972900390624999 0.77056884765625 -0.07672119140625 -0.242630004882812
-0.2943115234375 0.72772216796875 0.13787841796875 -0.21405029296875
-0.6845703125 0.59234619140625 0.222991943359375 -0.100143432617187
-0.5631103515625 0.60870361328125 -0.343719482421875 0.14984130859375
-0.2171630859375 0.676513671875 -0.118667602539063 0.2183837890625
0.2418212890625 0.67822265625 0.056365966796875 0.126426696777344
0.502899169921875 0.288330078125 -0.0104331970214843 0.0229034423828125
0.53472900390625 -0.0518798828125 -0.0551986694335937 0.0901565551757813
0.330902099609375 -0.3519287109375 -0.100540161132812 0.119430541992188
0.157318115234375 -0.4398193359375 -0.0495758056640625 0.19073486328125
0.21734619140625 -0.422271728515625 -0.0227508544921875 0.24371337890625
0.19989013671875 -0.45489501953125 -0.0411224365234375 0.244293212890625
0.33258056640625 -0.293975830078125 -0.152603149414063 0.216110229492187
0.496978759765625 -0.05718994140625 -0.21270751953125 0.151214599609375
0.463531494140625 0.30023193359375 -0.209457397460937 -0.04888916015625
0.0560302734375 0.66973876953125 -0.091796875 -0.178909301757812
-0.27154541015625 0.62738037109375 0.0861358642578125 -0.048187255859375
-0.62054443359375 0.53509521484375 0.00545501708984372 0.0746994018554688
-0.402435302734375 0.489227294921875 -0.51641845703125 0.327911376953125
-0.129852294921875 0.525970458984375 -0.1766357421875 0.369903564453125
0.201263427734375 0.48126220703125 0.0415496826171875 0.151016235351563
0.36944580078125 0.190216064453125 -0.06317138671875 0.0447998046875
0.381744384765625 -0.0377197265625 -0.135734558105469 0.121345520019531
0.249664306640625 -0.25146484375 -0.172607421875 0.2174072265625
0.130706787109375 -0.31146240234375 -0.082733154296875 0.34014892578125
0.173187255859375 -0.30194091796875 -0.048980712890625 0.3798828125
0.17083740234375 -0.319671630859375 -0.08203125 0.38037109375
0.250457763671875 -0.182998657226563 -0.216583251953125 0.3001708984375
0.3441162109375 -0.008056640625 -0.262222290039062 0.172119140625
0.28546142578125 0.229949951171875 -0.234512329101563 -0.024383544921875
-0.00613403320312503 0.4566650390625 -0.0891876220703125 -0.117431640625
-0.211212158203125 0.42041015625 0.0344314575195312 0.0895004272460938
-0.46380615234375 0.39044189453125 -0.183502197265625 0.220703125
-0.17999267578125 0.286163330078125 -0.63824462890625 0.4603271484375
-0.027435302734375 0.294952392578125 -0.224273681640625 0.484893798828125
0.125289916992188 0.213973999023438 0.026123046875 0.175582885742188
0.177230834960937 0.0637054443359375 -0.0854721069335937 0.0699691772460938
0.168548583984375 -0.016265869140625 -0.177154541015625 0.129364013671875
0.129226684570313 -0.109535217285156 -0.210205078125 0.274261474609375
0.0840225219726563 -0.135108947753906 -0.103179931640625 0.431884765625
0.10308837890625 -0.135665893554688 -0.068267822265625 0.456573486328125
0.117523193359375 -0.14141845703125 -0.11273193359375 0.457733154296875
0.137229919433594 -0.0543060302734375 -0.2525634765625 0.333038330078125
0.157272338867188 0.0344696044921875 -0.280380249023438 0.158035278320313
0.091949462890625 0.127616882324219 -0.23297119140625 -0.0146636962890625
-0.048919677734375 0.198974609375 -0.076171875 -0.0718612670898438
-0.11383056640625 0.17510986328125 -0.00959777832031252 0.175048828125
-0.236785888671875 0.200210571289063 -0.313751220703125 0.317108154296875
-0.0701484680175781 -0.0045623779296875 0.315093994140625 -0.418609619140625
-0.0344276428222656 0.0574111938476562 0.0430450439453125 -0.259597778320313
0.0482406616210938 0.0759201049804688 0.0335922241210937 0.0605506896972656
0.0772476196289063 0.0189056396484375 0.201141357421875 0.036224365234375
0.0552406311035156 -0.0617790222167969 0.277725219726563 -0.0970458984375
-0.0236740112304688 -0.070343017578125 0.242584228515625 -0.3087158203125
-0.0477714538574219 -0.0604972839355469 0.08135986328125 -0.467254638671875
-0.0269203186035156 -0.0449333190917969 0.045623779296875 -0.461944580078125
-0.0462303161621094 -0.039520263671875 0.088775634765625 -0.451019287109375
0.00434494018554688 -0.0507659912109375 0.19488525390625 -0.31494140625
0.0390396118164063 -0.0186004638671875 0.158218383789063 -0.1513671875
0.0459136962890625 0.0442619323730469 0.0867462158203125 -0.119674682617188
-0.0236778259277344 0.0366287231445312 0.0322418212890625 -0.239944458007812
-0.0422019958496094 0.00482177734374999 0.175872802734375 -0.499847412109375
-0.0253410339355469 -0.0516128540039063 0.6839599609375 -0.48834228515625
-0.2890625 0.220916748046875 0.28759765625 -0.40484619140625
-0.140228271484375 0.27008056640625 0.044281005859375 -0.256454467773437
0.087554931640625 0.31243896484375 0.0364227294921875 0.0558738708496094
0.223419189453125 0.138671875 0.175689697265625 0.0284881591796875
0.23883056640625 -0.06268310546875 0.2550048828125 -0.067169189453125
0.099090576171875 -0.194320678710938 0.2181396484375 -0.271743774414063
0.0084075927734375 -0.2337646484375 0.07684326171875 -0.4205322265625
0.051513671875 -0.223556518554687 0.04681396484375 -0.40087890625
0.021942138671875 -0.236358642578125 0.08404541015625 -0.3968505859375
0.133224487304688 -0.187667846679688 0.16168212890625 -0.2681884765625
0.240402221679688 -0.0623931884765625 0.117828369140625 -0.113494873046875
0.2484130859375 0.146575927734375 0.0485458374023438 -0.132026672363281
0.026214599609375 0.30841064453125 0.011749267578125 -0.273330688476563
-0.132492065429687 0.2744140625 0.19256591796875 -0.51025390625
-0.2623291015625 0.194183349609375 0.666748046875 -0.4854736328125
-0.464385986328125 0.420013427734375 0.188812255859375 -0.334625244140625
-0.218841552734375 0.46710205078125 0.0222015380859375 -0.201828002929688
0.1376953125 0.519439697265625 0.0471878051757813 0.0602149963378907
0.361358642578125 0.23870849609375 0.147674560546875 0.0160675048828125
0.401153564453125 -0.064453125 0.20855712890625 -0.0391387939453125
0.209625244140625 -0.29876708984375 0.16375732421875 -0.207672119140625
0.061981201171875 -0.375579833984375 0.05694580078125 -0.316741943359375
0.121337890625 -0.369171142578125 0.0401611328125 -0.279754638671875
0.086273193359375 -0.396148681640625 0.0676422119140625 -0.280075073242188
0.242645263671875 -0.298095703125 0.1004638671875 -0.1748046875
0.41265869140625 -0.0997314453125 0.0481986999511719 -0.0554580688476563
0.426361083984375 0.2315673828125 -0.0120391845703125 -0.133331298828125
0.0805053710937501 0.549102783203125 -0.021514892578125 -0.288726806640625
-0.202728271484375 0.515625 0.18658447265625 -0.467529296875
-0.46441650390625 0.412811279296875 0.56866455078125 -0.4129638671875
-0.57281494140625 0.5709228515625 0.0375213623046874 -0.20697021484375
-0.2530517578125 0.62530517578125 -0.0151443481445313 -0.0954055786132812
0.20599365234375 0.6688232421875 0.0610580444335938 0.0728530883789063
0.479522705078125 0.298187255859375 0.107963562011719 0.00591278076171877
0.524139404296875 -0.071380615234375 0.13824462890625 -0.00410461425781251
0.2919921875 -0.370819091796875 0.083740234375 -0.115104675292969
0.1055908203125 -0.46466064453125 0.025848388671875 -0.166412353515625
0.173919677734375 -0.456451416015625 0.0278472900390625 -0.115127563476563
0.135284423828125 -0.4949951171875 0.0417251586914063 -0.116943359375
0.316558837890625 -0.36083984375 0.0214080810546875 -0.0468597412109375
0.525604248046875 -0.12078857421875 -0.0374755859375 0.0197334289550781
0.545074462890625 0.28350830078125 -0.0859375 -0.113861083984375
0.12493896484375 0.71160888671875 -0.0582733154296875 -0.27471923828125
-0.24609375 0.6795654296875 0.161712646484375 -0.362060546875
-0.5977783203125 0.56182861328125 0.41009521484375 -0.277099609375
-0.59405517578125 0.6455078125 -0.145172119140625 -0.034454345703125
-0.2373046875 0.70526123046875 -0.0611381530761719 0.0528831481933594
0.26171875 0.720458984375 0.0693740844726563 0.092498779296875
0.54058837890625 0.306060791015625 0.0532455444335938 0.00595474243164064
0.568115234375 -0.08062744140625 0.0464019775390625 0.0399131774902344
0.32586669921875 -0.395172119140625 -0.00753593444824217 0.00172901153564451
0.129486083984375 -0.485748291015625 -0.00868606567382812 0.011575698852539
0.199432373046875 -0.47637939453125 0.00976943969726564 0.0668144226074218
0.16497802734375 -0.513458251953125 0.0100746154785156 0.0675582885742187
0.339691162109375 -0.3616943359375 -0.062042236328125 0.0939559936523437
0.550201416015625 -0.11785888671875 -0.125495910644531 0.09796142578125
0.56378173828125 0.29522705078125 -0.15667724609375 -0.07720947265625
0.130615234375 0.75115966796875 -0.0874176025390625 -0.228515625
-0.2579345703125 0.72021484375 0.12628173828125 -0.21197509765625
-0.64208984375 0.61016845703125 0.213241577148437 -0.103866577148437
-0.5225830078125 0.6207275390625 -0.329803466796875 0.158447265625
-0.18280029296875 0.672607421875 -0.10931396484375 0.218536376953125
0.26922607421875 0.6500244140625 0.064910888671875 0.116935729980469
0.5028076171875 0.2581787109375 -0.00826263427734372 0.0203647613525391
0.51715087890625 -0.07745361328125 -0.0485458374023437 0.08697509765625
0.3043212890625 -0.355743408203125 -0.0947952270507813 0.123092651367187
0.132080078125 -0.431304931640625 -0.0411834716796875 0.189544677734375
0.19268798828125 -0.423065185546875 -0.00968933105468748 0.23779296875
0.1707763671875 -0.45074462890625 -0.0254974365234375 0.241134643554687
0.30889892578125 -0.29974365234375 -0.13818359375 0.218856811523438
0.477264404296875 -0.079254150390625 -0.199020385742187 0.156570434570313
0.46527099609375 0.27154541015625 -0.207077026367187 -0.0382537841796875
0.0856933593749999 0.65380859375 -0.099090576171875 -0.167007446289062
-0.23980712890625 0.6212158203125 0.0836715698242187 -0.0496597290039062
-0.58331298828125 0.5521240234375 0.0107879638671875 0.074249267578125
-0.370635986328125 0.496490478515625 -0.489013671875 0.339599609375
-0.104766845703125 0.520233154296875 -0.1575927734375 0.369659423828125
0.219390869140625 0.461669921875 0.049957275390625 0.14190673828125
0.36834716796875 0.168212890625 -0.0577888488769531 0.0449638366699219
0.370208740234375 -0.056640625 -0.124984741210937 0.120582580566406
0.230667114257813 -0.25506591796875 -0.160659790039063 0.221481323242188
0.1124267578125 -0.3070068359375 -0.06671142578125 0.33636474609375
0.154327392578125 -0.30322265625 -0.028350830078125 0.37310791015625
0.1484375 -0.31951904296875 -0.05841064453125 0.37640380859375
0.234664916992188 -0.188644409179688 -0.196533203125 0.303192138671875
0.33172607421875 -0.02496337890625 -0.247116088867188 0.178146362304687
0.289337158203125 0.210205078125 -0.228988647460937 -0.012420654296875
0.0159912109375 0.447998046875 -0.0922470092773438 -0.107696533203125
-0.189453125 0.417938232421875 0.0397109985351562 0.08502197265625
-0.436248779296875 0.4036865234375 -0.165939331054688 0.22344970703125
-0.165191650390625 0.2880859375 -0.60205078125 0.47528076171875
-0.015869140625 0.28863525390625 -0.199432373046875 0.485382080078125
0.13092041015625 0.203140258789063 0.0341033935546875 0.168533325195312
0.174331665039063 0.0540618896484375 -0.077880859375 0.0705718994140625
0.16351318359375 -0.0251007080078125 -0.165756225585937 0.131256103515625
0.120887756347656 -0.11279296875 -0.196182250976563 0.276870727539063
0.075347900390625 -0.134162902832031 -0.0814208984375 0.427459716796875
0.093658447265625 -0.137901306152344 -0.043060302734375 0.449798583984375
0.106124877929688 -0.144271850585938 -0.084197998046875 0.4527587890625
0.130691528320313 -0.0592727661132813 -0.2308349609375 0.338043212890625
0.152999877929688 0.0251617431640625 -0.265762329101563 0.165054321289062
0.0957794189453125 0.119392395019531 -0.226516723632813 -0.00248718261718754
-0.035858154296875 0.198501586914063 -0.077545166015625 -0.0645904541015625
-0.103912353515625 0.175674438476563 0.000915527343750003 0.169586181640625
-0.223556518554687 0.207366943359375 -0.28814697265625 0.32098388671875
-0.0678558349609375 -0.004180908203125 0.299224853515625 -0.4158935546875
-0.0321197509765625 0.0554313659667969 0.0357208251953125 -0.257415771484375
0.0493240356445313 0.0716629028320313 0.0351371765136719 0.0557022094726563
0.0773086547851563 0.0174942016601563 0.195449829101563 0.0306243896484375
0.0522842407226563 -0.0603141784667969 0.268646240234375 -0.098602294921875
-0.0251884460449219 -0.0663261413574219 0.232452392578125 -0.306060791015625
-0.0472145080566406 -0.0569496154785156 0.068115234375 -0.458038330078125
-0.0270881652832031 -0.0422286987304688 0.03265380859375 -0.454498291015625
-0.0460357666015625 -0.0349159240722656 0.073455810546875 -0.444549560546875
0.00286483764648437 -0.0482215881347656 0.18487548828125 -0.31390380859375
0.0376434326171875 -0.0180282592773438 0.152557373046875 -0.149642944335938
0.0462608337402344 0.0422630310058594 0.08013916015625 -0.118911743164063
-0.0244827270507812 0.0354957580566406 0.02374267578125 -0.234664916992188
-0.0403213500976563 0.00471115112304688 0.16033935546875 -0.48846435546875
-0.0235557556152344 -0.0496673583984375 0.6583251953125 -0.48333740234375
-0.276351928710937 0.2203369140625 0.27008056640625 -0.403472900390625
-0.132659912109375 0.265853881835937 0.0354766845703125 -0.253875732421875
0.093780517578125 0.30224609375 0.0393180847167969 0.0500946044921875
0.222244262695313 0.131698608398438 0.1707763671875 0.0236968994140625
0.230560302734375 -0.0659027099609375 0.247207641601563 -0.0699920654296875
0.0908660888671875 -0.18853759765625 0.209747314453125 -0.269027709960937
0.003753662109375 -0.227264404296875 0.064300537109375 -0.41357421875
0.045928955078125 -0.219772338867188 0.035247802734375 -0.395416259765625
0.01611328125 -0.228546142578125 0.071136474609375 -0.3924560546875
0.125091552734375 -0.18414306640625 0.15423583984375 -0.267303466796875
0.23297119140625 -0.0650482177734375 0.114471435546875 -0.111312866210938
0.246826171875 0.1380615234375 0.0434799194335938 -0.131065368652344
0.031219482421875 0.302947998046875 0.00355529785156249 -0.265457153320312
-0.124496459960937 0.269561767578125 0.176605224609375 -0.4976806640625
-0.252212524414063 0.196441650390625 0.639892578125 -0.47900390625
-0.444183349609375 0.41876220703125 0.17474365234375 -0.332427978515625
-0.20538330078125 0.46038818359375 0.0139617919921875 -0.20001220703125
0.14910888671875 0.5029296875 0.0506172180175781 0.0529937744140625
0.35772705078125 0.226104736328125 0.142440795898438 0.011383056640625
0.38909912109375 -0.071746826171875 0.202835083007813 -0.0427703857421875
0.196441650390625 -0.292755126953125 0.157180786132813 -0.205245971679688
0.05157470703125 -0.36456298828125 0.047119140625 -0.311126708984375
0.111907958984375 -0.363677978515625 0.0318603515625 -0.276535034179688
0.073974609375 -0.385833740234375 0.0588836669921875 -0.276931762695313
0.23040771484375 -0.294097900390625 0.0963134765625 -0.174758911132813
0.400146484375 -0.105316162109375 0.0482978820800782 -0.0535202026367188
0.424285888671875 0.216522216796875 -0.0164413452148437 -0.130828857421875
0.090362548828125 0.537811279296875 -0.029083251953125 -0.278823852539062
-0.19049072265625 0.50640869140625 0.172088623046875 -0.457305908203125
-0.44671630859375 0.414825439453125 0.547576904296875 -0.40789794921875
-0.54730224609375 0.56939697265625 0.0294647216796875 -0.205673217773437
-0.237548828125 0.6171875 -0.0202407836914063 -0.0942840576171875
0.21826171875 0.64837646484375 0.065032958984375 0.0635910034179688
0.47564697265625 0.282806396484375 0.104270935058594 0.00131988525390627
0.50714111328125 -0.082611083984375 0.134284973144531 -0.00914764404296876
0.274169921875 -0.365936279296875 0.0807647705078125 -0.111785888671875
0.092193603515625 -0.452056884765625 0.0196685791015625 -0.163543701171875
0.15936279296875 -0.451416015625 0.0238723754882813 -0.115081787109375
0.12042236328125 -0.483856201171875 0.0380096435546875 -0.116439819335938
0.30010986328125 -0.35784912109375 0.0218887329101563 -0.0472984313964844
0.509765625 -0.129058837890625 -0.0342159271240234 0.0213260650634766
0.540740966796875 0.264068603515625 -0.0879440307617188 -0.110282897949219
0.1380615234375 0.69683837890625 -0.0643463134765625 -0.263427734375
-0.2301025390625 0.6668701171875 0.152069091796875 -0.354644775390625
-0.57464599609375 0.5618896484375 0.395660400390625 -0.273529052734375
-0.5670166015625 0.64398193359375 -0.145370483398438 -0.0334167480468749
-0.21875 0.69677734375 -0.0622329711914063 0.0530509948730469
0.2742919921875 0.69842529296875 0.0738372802734375 0.0834197998046875
0.535675048828125 0.2879638671875 0.0522918701171875 0.00288009643554689
0.553680419921875 -0.09344482421875 0.0464210510253907 0.0353240966796875
0.30810546875 -0.390167236328125 -0.00793123245239256 0.0039715766906738
0.116485595703125 -0.474853515625 -0.0106477737426758 0.0125789642333984
0.18341064453125 -0.47186279296875 0.0113639831542969 0.06402587890625
0.147003173828125 -0.503692626953125 0.0130767822265625 0.0650978088378906
0.322906494140625 -0.357666015625 -0.057342529296875 0.0927200317382812
0.533721923828125 -0.12554931640625 -0.118507385253906 0.09881591796875
0.558807373046875 0.275909423828125 -0.155715942382813 -0.0725555419921875
0.14532470703125 0.73529052734375 -0.0908203125 -0.217987060546875
-0.2406005859375 0.70831298828125 0.121307373046875 -0.207977294921875
-0.6175537109375 0.6121826171875 0.20721435546875 -0.102554321289062
-0.49664306640625 0.62091064453125 -0.3204345703125 0.1591796875
-0.16943359375 0.6636962890625 -0.104904174804688 0.2174072265625
0.2796630859375 0.62799072265625 0.0694961547851563 0.10821533203125
0.49664306640625 0.2410888671875 -0.00665092468261715 0.0184955596923828
0.503753662109375 -0.088409423828125 -0.0453872680664062 0.082122802734375
0.28765869140625 -0.353271484375 -0.0907516479492187 0.124832153320313
0.118865966796875 -0.420684814453125 -0.037139892578125 0.18731689453125
0.177520751953125 -0.4197998046875 -0.00299072265624998 0.232635498046875
0.154571533203125 -0.443328857421875 -0.01629638671875 0.236618041992188
0.295257568359375 -0.297088623046875 -0.128692626953125 0.2171630859375
0.4625244140625 -0.0885009765625 -0.189590454101563 0.157135009765625
0.46270751953125 0.254913330078125 -0.203598022460937 -0.0332489013671875
0.0999755859375 0.64031982421875 -0.0997467041015625 -0.157150268554687
-0.2255859375 0.61041259765625 0.0834732055664062 -0.0500640869140625
-0.56280517578125 0.55426025390625 0.0133590698242187 0.0734405517578125
-0.352294921875 0.49420166015625 -0.4727783203125 0.338348388671875
-0.0940246582031249 0.51312255859375 -0.147613525390625 0.3668212890625
0.224853515625 0.448089599609375 0.0540924072265625 0.135025024414063
0.363128662109375 0.15667724609375 -0.0535850524902343 0.042999267578125
0.3594970703125 -0.0650634765625 -0.119277954101562 0.116943359375
0.218719482421875 -0.25360107421875 -0.155410766601562 0.221725463867187
0.102752685546875 -0.299591064453125 -0.058441162109375 0.3326416015625
0.14306640625 -0.3016357421875 -0.0179443359375 0.36602783203125
0.136871337890625 -0.315765380859375 -0.04510498046875 0.369598388671875
0.22418212890625 -0.18792724609375 -0.184600830078125 0.30206298828125
0.322265625 -0.03118896484375 -0.23712158203125 0.178359985351563
0.287994384765625 0.197998046875 -0.223861694335938 -0.00729370117187503
0.02734375 0.439849853515625 -0.0919876098632813 -0.100433349609375
-0.178253173828125 0.411041259765625 0.04327392578125 0.081787109375
-0.4207763671875 0.406005859375 -0.155181884765625 0.220611572265625
-0.157501220703125 0.2861328125 -0.57891845703125 0.474365234375
-0.011260986328125 0.2845458984375 -0.183502197265625 0.481536865234375
0.131362915039063 0.197891235351563 0.03717041015625 0.162689208984375
0.170913696289063 0.04949951171875 -0.0730361938476562 0.068817138671875
0.159561157226562 -0.028472900390625 -0.159225463867188 0.127853393554687
0.116043090820312 -0.113189697265625 -0.189056396484375 0.275665283203125
0.07025146484375 -0.132255554199219 -0.0714111328125 0.4219970703125
0.0884017944335937 -0.137779235839844 -0.02960205078125 0.443756103515625
0.099639892578125 -0.143646240234375 -0.0684814453125 0.446044921875
0.12591552734375 -0.0602035522460938 -0.2171630859375 0.336395263671875
0.148239135742187 0.0203399658203125 -0.2559814453125 0.165603637695312
0.09625244140625 0.113243103027344 -0.219924926757813 0.00328063964843753
-0.0283355712890625 0.195526123046875 -0.075775146484375 -0.0593414306640625
-0.0981292724609375 0.174148559570312 0.007232666015625 0.163833618164063
-0.21600341796875 0.208450317382813 -0.27294921875 0.3170166015625
-0.066986083984375 -0.00477600097656249 0.29486083984375 -0.417572021484375
-0.0314102172851563 0.0537071228027344 0.0310821533203125 -0.259017944335938
0.0498695373535156 0.0686454772949219 0.0352401733398437 0.0525970458984375
0.0770797729492188 0.0166397094726563 0.192459106445313 0.0279083251953125
0.0508499145507813 -0.0599708557128906 0.266250610351562 -0.0982818603515625
-0.0261306762695313 -0.0639305114746094 0.231414794921875 -0.307525634765625
-0.0471687316894531 -0.0556869506835937 0.06341552734375 -0.45794677734375
-0.0261764526367188 -0.0416374206542969 0.024261474609375 -0.455322265625
-0.0448989868164063 -0.0318031311035156 0.065704345703125 -0.44549560546875
0.001434326171875 -0.0467147827148438 0.182373046875 -0.31732177734375
0.0378189086914063 -0.017791748046875 0.152252197265625 -0.148025512695313
0.0470809936523438 0.0406990051269531 0.0768051147460938 -0.119194030761719
-0.0262031555175781 0.0354080200195313 0.0194244384765625 -0.234039306640625
-0.0391998291015625 0.00391769409179688 0.154571533203125 -0.483642578125
-0.0213356018066406 -0.0494880676269531 0.65020751953125 -0.47998046875
-0.272018432617188 0.22015380859375 0.263671875 -0.404205322265625
-0.130340576171875 0.26544189453125 0.030242919921875 -0.25531005859375
0.096649169921875 0.297271728515625 0.0405731201171875 0.0458030700683594
0.222869873046875 0.128768920898438 0.168304443359375 0.020416259765625
0.228103637695313 -0.0673065185546875 0.245254516601563 -0.0706787109375
0.088348388671875 -0.18621826171875 0.208328247070313 -0.269622802734375
0.001678466796875 -0.223434448242188 0.0584716796875 -0.413421630859375
0.0453338623046875 -0.220062255859375 0.02935791015625 -0.39813232421875
0.01446533203125 -0.22509765625 0.065704345703125 -0.393829345703125
0.122817993164063 -0.183395385742187 0.15264892578125 -0.27020263671875
0.231597900390625 -0.065826416015625 0.115440368652344 -0.1102294921875
0.248641967773437 0.134292602539062 0.0395660400390625 -0.131843566894531
0.032501220703125 0.303009033203125 -0.000442504882812472 -0.262420654296875
-0.123641967773438 0.26806640625 0.172332763671875 -0.49420166015625
-0.248092651367188 0.198089599609375 0.63494873046875 -0.47589111328125
-0.437835693359375 0.420928955078125 0.169464111328125 -0.332916259765625
-0.20263671875 0.461883544921875 0.0092315673828125 -0.20050048828125
0.1546630859375 0.49664306640625 0.0533294677734375 0.0471076965332031
0.359039306640625 0.22259521484375 0.140609741210938 0.00810241699218751
0.385772705078125 -0.07489013671875 0.201629638671875 -0.0444488525390625
0.19195556640625 -0.290435791015625 0.1563720703125 -0.204559326171875
0.04888916015625 -0.361175537109375 0.0418701171875 -0.311126708984375
0.10906982421875 -0.36444091796875 0.0279693603515625 -0.278594970703125
0.06988525390625 -0.3829345703125 0.054962158203125 -0.27850341796875
0.226837158203125 -0.29296875 0.0954437255859375 -0.176254272460938
0.3974609375 -0.10736083984375 0.049957275390625 -0.0525550842285156
0.425140380859375 0.2115478515625 -0.0195083618164062 -0.131271362304688
0.094573974609375 0.53753662109375 -0.0317840576171875 -0.274948120117187
-0.189727783203125 0.505767822265625 0.169708251953125 -0.453826904296875
-0.44232177734375 0.41864013671875 0.542755126953125 -0.40399169921875
-0.539306640625 0.5723876953125 0.0248870849609375 -0.205902099609375
-0.233154296875 0.61865234375 -0.0243072509765625 -0.0941009521484375
0.225341796875 0.6422119140625 0.0681991577148438 0.0574684143066407
0.475067138671875 0.276336669921875 0.10302734375 -0.00135803222656248
0.503326416015625 -0.08843994140625 0.133697509765625 -0.0119171142578125
0.26885986328125 -0.362945556640625 0.079803466796875 -0.111007690429688
0.08819580078125 -0.448028564453125 0.0155029296875 -0.162353515625
0.155242919921875 -0.455169677734375 0.0219879150390625 -0.11712646484375
0.114532470703125 -0.481689453125 0.0378036499023438 -0.118553161621094
0.295257568359375 -0.356292724609375 0.0230674743652344 -0.0481376647949219
0.50689697265625 -0.13153076171875 -0.0312252044677734 0.0218772888183594
0.54437255859375 0.257476806640625 -0.0900115966796875 -0.11029052734375
0.14520263671875 0.69769287109375 -0.0658721923828125 -0.258026123046875
-0.22882080078125 0.66619873046875 0.15008544921875 -0.352264404296875
-0.571533203125 0.56787109375 0.393585205078125 -0.270263671875
-0.5584716796875 0.646484375 -0.14697265625 -0.0338287353515624
-0.21588134765625 0.69964599609375 -0.0634117126464844 0.0534095764160157
0.28228759765625 0.6937255859375 0.0767898559570313 0.0764923095703125
0.534881591796875 0.28179931640625 0.0517120361328125 0.000389099121093767
0.548980712890625 -0.09930419921875 0.0466079711914063 0.031524658203125
0.30194091796875 -0.389129638671875 -0.00790071487426756 0.00600671768188474
0.111724853515625 -0.470794677734375 -0.0129919052124023 0.0128192901611328
0.177490234375 -0.4761962890625 0.0123977661132813 0.0619163513183593
0.1405029296875 -0.501922607421875 0.015625 0.0628662109375
0.3170166015625 -0.358184814453125 -0.05517578125 0.0926589965820312
0.529022216796875 -0.1279296875 -0.115097045898438 0.09930419921875
0.5604248046875 0.2696533203125 -0.156570434570312 -0.0721893310546875
0.1513671875 0.73614501953125 -0.0908355712890625 -0.21282958984375
-0.23846435546875 0.70538330078125 0.121673583984375 -0.206893920898437
-0.6129150390625 0.6175537109375 0.207107543945313 -0.101165771484375
-0.49139404296875 0.6226806640625 -0.319793701171875 0.15936279296875
-0.16357421875 0.665771484375 -0.104171752929688 0.218658447265625
0.2864990234375 0.62518310546875 0.0721359252929688 0.102561950683594
0.49835205078125 0.23675537109375 -0.005467414855957 0.0162124633789063
0.499908447265625 -0.094512939453125 -0.0445404052734375 0.0784759521484375
0.28173828125 -0.35235595703125 -0.0909652709960937 0.126510620117187
0.1160888671875 -0.4171142578125 -0.0377197265625 0.1881103515625
0.17315673828125 -0.4234619140625 0.000625610351562517 0.23126220703125
0.147369384765625 -0.4427490234375 -0.010894775390625 0.234359741210937
0.2900390625 -0.296875 -0.125503540039063 0.21759033203125
0.458740234375 -0.090118408203125 -0.18609619140625 0.157379150390625
0.4632568359375 0.248809814453125 -0.203109741210938 -0.0321197509765625
0.10845947265625 0.6397705078125 -0.099853515625 -0.152603149414062
-0.22265625 0.6083984375 0.0854568481445312 -0.0506210327148437
-0.55841064453125 0.55828857421875 0.0153274536132812 0.0734481811523438
-0.350372314453125 0.4971923828125 -0.46917724609375 0.340667724609375
-0.092010498046875 0.5147705078125 -0.143707275390625 0.368865966796875
0.22760009765625 0.446563720703125 0.0566177368164063 0.130989074707031
0.362701416015625 0.15411376953125 -0.0519447326660156 0.0415306091308594
0.358001708984375 -0.06866455078125 -0.118034362792969 0.113029479980469
0.215789794921875 -0.254409790039063 -0.154678344726562 0.224441528320313
0.100189208984375 -0.298828125 -0.0560302734375 0.333984375
0.1396484375 -0.304473876953125 -0.012603759765625 0.365936279296875
0.131988525390625 -0.3153076171875 -0.037567138671875 0.368804931640625
0.221572875976563 -0.187835693359375 -0.1815185546875 0.303131103515625
0.317779541015625 -0.034088134765625 -0.232681274414062 0.178009033203125
0.2891845703125 0.19415283203125 -0.221939086914063 -0.00526428222656253
0.034210205078125 0.439666748046875 -0.0908889770507812 -0.0974578857421875
-0.176177978515625 0.4102783203125 0.046630859375 0.0793685913085938
-0.4188232421875 0.40850830078125 -0.15191650390625 0.21868896484375
-0.156951904296875 0.287322998046875 -0.5728759765625 0.47467041015625
-0.01055908203125 0.2847900390625 -0.178558349609375 0.481231689453125
0.131591796875 0.197860717773438 0.03839111328125 0.160659790039063
0.16943359375 0.0490875244140625 -0.0701980590820312 0.0681838989257813
0.159744262695313 -0.03057861328125 -0.1583251953125 0.125228881835938
0.114616394042969 -0.114852905273438 -0.189041137695312 0.278732299804688
0.0691757202148438 -0.132087707519531 -0.06658935546875 0.424102783203125
0.0860748291015625 -0.139961242675781 -0.023956298828125 0.443695068359375
0.0969390869140625 -0.145233154296875 -0.05926513671875 0.444793701171875
0.124420166015625 -0.06036376953125 -0.213134765625 0.33856201171875
0.145584106445313 0.0185394287109375 -0.253662109375 0.16552734375
0.0966415405273438 0.111404418945312 -0.217559814453125 0.00527954101562505
-0.0235443115234375 0.19573974609375 -0.07440185546875 -0.0571060180664062
-0.0977783203125 0.173995971679688 0.0109100341796875 0.161102294921875
-0.216094970703125 0.210586547851562 -0.2677001953125 0.315216064453125
-0.0684356689453125 -0.00445175170898438 0.292236328125 -0.430908203125
-0.0316848754882813 0.0534400939941406 0.024627685546875 -0.266311645507813
0.0517387390136719 0.0665855407714844 0.0373954772949219 0.050994873046875
0.0794906616210938 0.0147705078125 0.194351196289062 0.0250091552734375
0.0499534606933594 -0.0616798400878906 0.270401000976563 -0.10247802734375
-0.0280952453613281 -0.0629348754882813 0.232940673828125 -0.317596435546875
-0.0489616394042969 -0.0547637939453125 0.05535888671875 -0.468963623046875
-0.0268058776855469 -0.0418434143066406 0.014892578125 -0.466644287109375
-0.0453414916992187 -0.0295753479003906 0.056549072265625 -0.457244873046875
0.000396728515624999 -0.0469093322753906 0.182403564453125 -0.328887939453125
0.0387687683105469 -0.018768310546875 0.153976440429688 -0.151443481445313
0.0489768981933594 0.0401229858398438 0.0743255615234375 -0.122833251953125
-0.0277633666992187 0.0367240905761719 0.01287841796875 -0.2381591796875
-0.0387344360351563 0.00329208374023437 0.14892578125 -0.490447998046875
-0.0200614929199219 -0.0506210327148437 0.656005859375 -0.49151611328125
-0.273452758789062 0.2275390625 0.261932373046875 -0.41632080078125
-0.129425048828125 0.271774291992187 0.023956298828125 -0.26220703125
0.10430908203125 0.2984619140625 0.0428619384765625 0.0417251586914063
0.22894287109375 0.127792358398437 0.169586181640625 0.0169525146484375
0.230209350585937 -0.0714111328125 0.248870849609375 -0.0749664306640625
0.086639404296875 -0.18743896484375 0.210662841796875 -0.279098510742188
-0.001129150390625 -0.2261962890625 0.05029296875 -0.423187255859375
0.042236328125 -0.226181030273438 0.020111083984375 -0.40789794921875
0.0110015869140625 -0.227249145507812 0.05706787109375 -0.404632568359375
0.121932983398438 -0.186874389648437 0.15301513671875 -0.280685424804688
0.23565673828125 -0.0706024169921875 0.118499755859375 -0.113380432128906
0.256622314453125 0.132568359375 0.0359878540039063 -0.135604858398438
0.0382080078125 0.310394287109375 -0.00674438476562501 -0.266082763671875
-0.122390747070313 0.274215698242187 0.168548583984375 -0.5020751953125
-0.249069213867188 0.206573486328125 0.6414794921875 -0.486328125
-0.438995361328125 0.433197021484375 0.1646728515625 -0.342559814453125
-0.2001953125 0.473052978515625 0.0022735595703125 -0.206100463867187
0.1666259765625 0.50201416015625 0.055755615234375 0.0414657592773438
0.36920166015625 0.219818115234375 0.141891479492188 0.00547790527343751
0.3902587890625 -0.083038330078125 0.204696655273438 -0.0492401123046875
0.190643310546875 -0.29498291015625 0.157913208007812 -0.211578369140625
0.0440673828125 -0.366729736328125 0.03411865234375 -0.31829833984375
0.104766845703125 -0.37689208984375 0.02105712890625 -0.286773681640625
0.06396484375 -0.389129638671875 0.050445556640625 -0.28826904296875
0.225677490234375 -0.300262451171875 0.0960540771484375 -0.183944702148438
0.403594970703125 -0.115966796875 0.0529289245605469 -0.0539360046386719
0.439056396484375 0.207550048828125 -0.0239105224609375 -0.134788513183594
0.105438232421875 0.548919677734375 -0.0371246337890625 -0.276473999023438
-0.18853759765625 0.517242431640625 0.167022705078125 -0.46063232421875
-0.44464111328125 0.43487548828125 0.549560546875 -0.41412353515625
-0.5391845703125 0.58917236328125 0.0198516845703125 -0.210556030273437
-0.22735595703125 0.63604736328125 -0.0293731689453125 -0.0963058471679687
0.24249267578125 0.64825439453125 0.0720977783203125 0.0510177612304688
0.490203857421875 0.274169921875 0.10430908203125 -0.00447845458984373
0.511962890625 -0.099090576171875 0.13568115234375 -0.0161361694335938
0.2669677734375 -0.371063232421875 0.0809707641601563 -0.113960266113281
0.0815429687500001 -0.455780029296875 0.0102691650390625 -0.165969848632813
0.152313232421875 -0.46929931640625 0.0197677612304688 -0.121871948242188
0.107574462890625 -0.491119384765625 0.0366973876953125 -0.124237060546875
0.295135498046875 -0.365234375 0.0236701965332031 -0.0512008666992188
0.5133056640625 -0.14215087890625 -0.0284156799316406 0.023040771484375
0.560546875 0.253143310546875 -0.0957489013671875 -0.112960815429688
0.1600341796875 0.71209716796875 -0.070770263671875 -0.258987426757812
-0.22491455078125 0.68182373046875 0.15087890625 -0.359649658203125
-0.57537841796875 0.58929443359375 0.39923095703125 -0.278167724609375
-0.5594482421875 0.6668701171875 -0.1519775390625 -0.0326995849609374
-0.20892333984375 0.7183837890625 -0.0657844543457031 0.0560073852539063
0.30126953125 0.700927734375 0.0806884765625 0.0706405639648438
0.550018310546875 0.27862548828125 0.0536575317382813 -0.00242614746093748
0.558074951171875 -0.113677978515625 0.047760009765625 0.0285758972167969
0.300537109375 -0.39892578125 -0.00731992721557615 0.0069317817687988
0.105377197265625 -0.479583740234375 -0.0147991180419922 0.0142383575439453
0.1722412109375 -0.4927978515625 0.0141334533691406 0.0613975524902343
0.13470458984375 -0.51068115234375 0.018951416015625 0.0614700317382812
0.31817626953125 -0.3681640625 -0.053314208984375 0.09478759765625
0.535308837890625 -0.13848876953125 -0.113319396972656 0.102828979492187
0.5765380859375 0.26495361328125 -0.16192626953125 -0.0728759765625
0.17108154296875 0.7491455078125 -0.094970703125 -0.21209716796875
-0.23699951171875 0.72259521484375 0.123062133789062 -0.212554931640625
-0.61688232421875 0.6419677734375 0.2120361328125 -0.1038818359375
-0.490966796875 0.642578125 -0.32470703125 0.1663818359375
-0.15802001953125 0.6851806640625 -0.103134155273438 0.2254638671875
0.30474853515625 0.63250732421875 0.0762786865234375 0.0985183715820313
0.510101318359375 0.234100341796875 -0.00395870208740231 0.0146961212158203
0.509368896484375 -0.106964111328125 -0.0440292358398437 0.077423095703125
0.281341552734375 -0.36285400390625 -0.0914535522460937 0.132049560546875
0.110260009765625 -0.425689697265625 -0.0368804931640625 0.194793701171875
0.168212890625 -0.43804931640625 0.00613403320312503 0.235870361328125
0.142120361328125 -0.452972412109375 -0.00344848632812499 0.23748779296875
0.291534423828125 -0.30523681640625 -0.123977661132812 0.224685668945312
0.464447021484375 -0.098968505859375 -0.18505859375 0.162841796875
0.477874755859375 0.245452880859375 -0.20794677734375 -0.0308685302734375
0.1240234375 0.6524658203125 -0.1019287109375 -0.151473999023437
-0.22161865234375 0.6236572265625 0.0892105102539062 -0.0546646118164062
-0.5643310546875 0.57952880859375 0.017822265625 0.0740814208984376
-0.349212646484375 0.512939453125 -0.47308349609375 0.3519287109375
-0.087371826171875 0.5279541015625 -0.14080810546875 0.379669189453125
0.240142822265625 0.45343017578125 0.0609207153320313 0.129539489746094
0.372344970703125 0.1524658203125 -0.050201416015625 0.041229248046875
0.3653564453125 -0.077484130859375 -0.119850158691406 0.113822937011719
0.215988159179688 -0.261703491210938 -0.156692504882812 0.232864379882812
0.097991943359375 -0.304534912109375 -0.05224609375 0.343780517578125
0.136322021484375 -0.315399169921875 -0.00372314453125002 0.374053955078125
0.127899169921875 -0.323455810546875 -0.028076171875 0.374847412109375
0.22265625 -0.193313598632813 -0.17913818359375 0.31243896484375
0.321533203125 -0.039703369140625 -0.233978271484375 0.184539794921875
0.297607421875 0.19342041015625 -0.22607421875 -0.00227355957031253
0.045867919921875 0.448394775390625 -0.09222412109375 -0.0951080322265625
-0.1751708984375 0.419677734375 0.0513916015625 0.0774993896484375
-0.421966552734375 0.42596435546875 -0.15020751953125 0.223495483398438
-0.15802001953125 0.296539306640625 -0.57611083984375 0.489013671875
-0.00765991210937501 0.29205322265625 -0.174713134765625 0.4957275390625
0.136947631835938 0.202239990234375 0.042083740234375 0.16229248046875
0.173049926757813 0.0484771728515625 -0.0682792663574218 0.0688323974609375
0.164169311523437 -0.0347137451171875 -0.160125732421875 0.1263427734375
0.116157531738281 -0.119346618652344 -0.191253662109375 0.289031982421875
0.0686111450195313 -0.134986877441406 -0.06097412109375 0.436859130859375
0.08447265625 -0.145584106445313 -0.01318359375 0.454315185546875
0.0954437255859375 -0.150588989257813 -0.049285888671875 0.454315185546875
0.126091003417969 -0.0632781982421875 -0.21160888671875 0.350128173828125
0.14697265625 0.0161895751953125 -0.255645751953125 0.171310424804688
0.100395202636719 0.111137390136719 -0.220184326171875 0.00955200195312497
-0.018096923828125 0.2001953125 -0.0749893188476563 -0.0559234619140625
-0.0960693359375 0.178619384765625 0.0162506103515625 0.160552978515625
-0.218505859375 0.219619750976563 -0.26751708984375 0.3223876953125
-0.0697822570800781 -0.00237655639648439 0.28350830078125 -0.452789306640625
-0.0315666198730469 0.0542793273925781 0.0123443603515625 -0.273956298828125
0.0539016723632813 0.0641021728515625 0.039794921875 0.04833984375
0.0820846557617188 0.0116348266601562 0.197601318359375 0.0175018310546875
0.0480804443359375 -0.0642509460449219 0.27410888671875 -0.114364624023438
-0.0320968627929688 -0.061004638671875 0.2286376953125 -0.3360595703125
-0.0519065856933594 -0.0535736083984375 0.0372314453125 -0.484710693359375
-0.0282478332519531 -0.042022705078125 -0.00738525390625001 -0.480499267578125
-0.0467605590820312 -0.0262565612792969 0.03668212890625 -0.472900390625
-0.00213241577148438 -0.04742431640625 0.1748046875 -0.347442626953125
0.039886474609375 -0.0208511352539063 0.154495239257813 -0.160186767578125
0.0527420043945313 0.0373725891113281 0.0687637329101563 -0.127861022949219
-0.0283622741699219 0.0392990112304688 0.00103759765624997 -0.24359130859375
-0.0380973815917969 0.00405883789062501 0.134124755859375 -0.5040283203125
-0.020904541015625 -0.0520591735839844 0.65771484375 -0.5196533203125
-0.271820068359375 0.242416381835938 0.25048828125 -0.436370849609375
-0.12237548828125 0.28131103515625 0.0105438232421875 -0.27001953125
0.11773681640625 0.2989501953125 0.0455474853515625 0.0369453430175781
0.238983154296875 0.120834350585938 0.171875 0.0107421875
0.231246948242188 -0.0827178955078125 0.25250244140625 -0.0861968994140625
0.080322265625 -0.193206787109375 0.20648193359375 -0.29473876953125
-0.00910949707031249 -0.230377197265625 0.032867431640625 -0.43658447265625
0.035125732421875 -0.235000610351562 0.000518798828125038 -0.421417236328125
0.00354003906249998 -0.231201171875 0.0401611328125 -0.420074462890625
0.116867065429687 -0.195220947265625 0.14617919921875 -0.297119140625
0.239273071289062 -0.081634521484375 0.119590759277344 -0.119674682617188
0.269805908203125 0.124725341796875 0.02886962890625 -0.140762329101563
0.050506591796875 0.318145751953125 -0.0176849365234375 -0.270538330078125
-0.115814208984375 0.28533935546875 0.153839111328125 -0.516845703125
-0.246719360351563 0.220687866210938 0.64007568359375 -0.514892578125
-0.432830810546875 0.458709716796875 0.15411376953125 -0.357269287109375
-0.186614990234375 0.49169921875 -0.00901794433593749 -0.211288452148437
0.189239501953125 0.5037841796875 0.0590019226074219 0.0350875854492188
0.386871337890625 0.211090087890625 0.143630981445313 -0.00161743164062499
0.3953857421875 -0.101043701171875 0.208053588867188 -0.0583953857421875
0.182403564453125 -0.306976318359375 0.154190063476563 -0.223388671875
0.03253173828125 -0.375518798828125 0.0189208984375 -0.32763671875
0.09320068359375 -0.393310546875 0.00729370117187499 -0.2969970703125
0.051544189453125 -0.40020751953125 0.0384521484375 -0.3006591796875
0.219696044921875 -0.314788818359375 0.092254638671875 -0.194503784179688
0.4093017578125 -0.13299560546875 0.0558280944824219 -0.0564041137695313
0.459686279296875 0.196258544921875 -0.0327682495117187 -0.138458251953125
0.131378173828125 0.561065673828125 -0.048858642578125 -0.279098510742187
-0.17608642578125 0.53515625 0.156158447265625 -0.475982666015625
-0.439208984375 0.463531494140625 0.550018310546875 -0.4405517578125
-0.5302734375 0.623046875 0.0113372802734375 -0.216690063476562
-0.2081298828125 0.66070556640625 -0.0364990234375 -0.0978775024414062
0.2735595703125 0.65191650390625 0.07562255859375 0.0435714721679688
0.511199951171875 0.25982666015625 0.10601806640625 -0.0103988647460937
0.51849365234375 -0.1229248046875 0.139053344726563 -0.0231857299804688
0.258636474609375 -0.3876953125 0.0796051025390625 -0.119743347167969
0.0672607421875 -0.46795654296875 0.000350952148437509 -0.169540405273438
0.13531494140625 -0.491912841796875 0.0137710571289063 -0.12799072265625
0.0906066894531251 -0.50543212890625 0.032745361328125 -0.133125305175781
0.287200927734375 -0.384765625 0.0228004455566406 -0.0549507141113281
0.51953125 -0.164581298828125 -0.0253677368164062 0.0249538421630859
0.583984375 0.236083984375 -0.105216979980469 -0.113449096679687
0.195068359375 0.724853515625 -0.08026123046875 -0.260040283203125
-0.20880126953125 0.70648193359375 0.14361572265625 -0.372467041015625
-0.568359375 0.62823486328125 0.40057373046875 -0.2958984375
-0.54705810546875 0.70404052734375 -0.157699584960938 -0.0284423828125
-0.18682861328125 0.74462890625 -0.0672607421875 0.0598678588867188
0.337646484375 0.70440673828125 0.0861053466796875 0.0638961791992188
0.574951171875 0.2652587890625 0.0549468994140625 -0.00683212280273436
0.5667724609375 -0.138916015625 0.0502243041992188 0.0243453979492187
0.291473388671875 -0.4178466796875 -0.00737810134887693 0.00820064544677732
0.09063720703125 -0.4932861328125 -0.0176525115966797 0.0167694091796875
0.157379150390625 -0.515411376953125 0.01727294921875 0.0609931945800781
0.116363525390625 -0.52886962890625 0.0227508544921875 0.0580825805664062
0.310821533203125 -0.387115478515625 -0.0508880615234375 0.0990066528320312
0.542266845703125 -0.16217041015625 -0.109649658203125 0.108657836914062
0.602294921875 0.248779296875 -0.17095947265625 -0.0699768066406249
0.20806884765625 0.7640380859375 -0.102767944335937 -0.211532592773437
-0.2193603515625 0.7486572265625 0.121688842773437 -0.22247314453125
-0.609375 0.6820068359375 0.21453857421875 -0.112701416015625
-0.47979736328125 0.6788330078125 -0.32708740234375 0.1817626953125
-0.135009765625 0.70892333984375 -0.09808349609375 0.235824584960938
0.338623046875 0.638427734375 0.083526611328125 0.0932312011718751
0.533935546875 0.220855712890625 -0.00199604034423825 0.0125875473022461
0.518157958984375 -0.131134033203125 -0.0434722900390625 0.0775527954101562
0.274658203125 -0.38201904296875 -0.0897216796875 0.140190124511719
0.0975341796875 -0.43963623046875 -0.0318603515625 0.202880859375
0.154693603515625 -0.459503173828125 0.01727294921875 0.240432739257812
0.125946044921875 -0.4698486328125 0.00851440429687501 0.239913940429687
0.287017822265625 -0.32232666015625 -0.11798095703125 0.235137939453125
0.47119140625 -0.11834716796875 -0.182022094726562 0.172744750976563
0.49981689453125 0.2327880859375 -0.215301513671875 -0.02520751953125
0.15533447265625 0.66534423828125 -0.107162475585938 -0.149429321289062
-0.20587158203125 0.64666748046875 0.0918655395507812 -0.0610122680664062
-0.55657958984375 0.61846923828125 0.02215576171875 0.0749740600585938
-0.3408203125 0.538421630859375 -0.470916748046875 0.3763427734375
-0.068603515625 0.547576904296875 -0.129150390625 0.394561767578125
0.26580810546875 0.457275390625 0.0678329467773437 0.128158569335938
0.387237548828125 0.143310546875 -0.0474395751953125 0.0418510437011719
0.371856689453125 -0.095489501953125 -0.119606018066406 0.118049621582031
0.211013793945313 -0.277786254882813 -0.153076171875 0.247024536132812
0.08905029296875 -0.314727783203125 -0.04071044921875 0.3575439453125
0.12554931640625 -0.331146240234375 0.014129638671875 0.382659912109375
0.117340087890625 -0.337921142578125 -0.00985717773437503 0.3834228515625
0.220565795898437 -0.206298828125 -0.171142578125 0.3287353515625
0.326019287109375 -0.051727294921875 -0.23260498046875 0.196151733398438
0.312164306640625 0.185333251953125 -0.23101806640625 0.00526428222656251
0.066558837890625 0.458251953125 -0.095245361328125 -0.0927047729492187
-0.166107177734375 0.435516357421875 0.0579071044921875 0.07464599609375
-0.418060302734375 0.45440673828125 -0.145492553710938 0.232177734375
-0.152069091796875 0.310333251953125 -0.56939697265625 0.52117919921875
0.00244140625000002 0.30072021484375 -0.1568603515625 0.5150146484375
0.148330688476563 0.205032348632813 0.0500335693359375 0.164306640625
0.179931640625 0.0449371337890625 -0.0645217895507813 0.071685791015625
0.167755126953125 -0.0427093505859375 -0.161331176757812 0.132736206054688
0.114303588867188 -0.128105163574219 -0.18817138671875 0.30499267578125
0.0657806396484375 -0.140670776367188 -0.044708251953125 0.4527587890625
0.080108642578125 -0.153656005859375 0.00817871093749996 0.467132568359375
0.0912628173828125 -0.159255981445313 -0.02899169921875 0.46630859375
0.126800537109375 -0.0692062377929688 -0.202911376953125 0.367889404296875
0.149673461914063 0.0113677978515625 -0.256149291992188 0.18341064453125
0.106636047363281 0.110107421875 -0.223724365234375 0.0186157226562501
-0.0076141357421875 0.20513916015625 -0.0757369995117188 -0.0534439086914062
-0.0925140380859375 0.18603515625 0.0247802734375 0.160919189453125
-0.217315673828125 0.235610961914063 -0.262451171875 0.335540771484375
-0.0704727172851563 0.00107574462890626 0.260406494140625 -0.47235107421875
-0.0292320251464844 0.0553932189941406 -0.0062255859375 -0.277587890625
0.0555076599121094 0.0596427917480469 0.0417709350585938 0.0439720153808594
0.0823822021484375 0.00627899169921875 0.19818115234375 0.0062713623046875
0.043243408203125 -0.0669479370117188 0.271224975585938 -0.1304931640625
-0.0364265441894531 -0.0571479797363281 0.2139892578125 -0.35491943359375
-0.0555343627929688 -0.0504570007324219 0.00637817382812502 -0.492462158203125
-0.0299186706542969 -0.0416946411132813 -0.040252685546875 -0.48419189453125
-0.0471305847167969 -0.0217475891113281 0.00640869140625 -0.479583740234375
-0.00527191162109375 -0.0468215942382813 0.156402587890625 -0.364654541015625
0.0387992858886719 -0.0241546630859375 0.149185180664063 -0.169204711914063
0.0554962158203125 0.0330886840820313 0.05914306640625 -0.132461547851563
-0.0270805358886719 0.0425567626953125 -0.0157928466796875 -0.244186401367188
-0.0370635986328125 0.004974365234375 0.107330322265625 -0.512664794921875
-0.0222816467285156 -0.0521392822265625 0.63531494140625 -0.556640625
-0.260055541992188 0.259506225585938 0.22802734375 -0.453033447265625
-0.108306884765625 0.289703369140625 -0.00849914550781253 -0.272750854492188
0.1341552734375 0.29193115234375 0.0471992492675781 0.0305519104003906
0.246795654296875 0.107635498046875 0.171401977539063 -0.000579833984374993
0.227386474609375 -0.0965118408203125 0.2508544921875 -0.10113525390625
0.069915771484375 -0.197357177734375 0.19378662109375 -0.31207275390625
-0.02227783203125 -0.230575561523438 0.00491333007812501 -0.443267822265625
0.022247314453125 -0.241592407226563 -0.0283203125 -0.4263916015625
-0.00881958007812499 -0.232589721679687 0.0125732421875 -0.4287109375
0.107345581054687 -0.202362060546875 0.131072998046875 -0.311370849609375
0.237319946289063 -0.096343994140625 0.117393493652344 -0.12725830078125
0.280502319335938 0.108856201171875 0.018035888671875 -0.144073486328125
0.070159912109375 0.319976806640625 -0.03424072265625 -0.26983642578125
-0.101470947265625 0.29364013671875 0.128692626953125 -0.527496337890625
-0.23583984375 0.2366943359375 0.618896484375 -0.55059814453125
-0.4105224609375 0.4869384765625 0.133636474609375 -0.36724853515625
-0.1605224609375 0.504791259765625 -0.0245513916015625 -0.212371826171875
0.220306396484375 0.494842529296875 0.0609855651855469 0.0273704528808594
0.40045166015625 0.190338134765625 0.143478393554688 -0.011260986328125
0.391387939453125 -0.1251220703125 0.206878662109375 -0.0719146728515625
0.166290283203125 -0.3172607421875 0.144790649414062 -0.23583984375
0.011871337890625 -0.379638671875 -0.00271606445312497 -0.3306884765625
0.070281982421875 -0.406982421875 -0.01275634765625 -0.302581787109375
0.029296875 -0.40631103515625 0.01824951171875 -0.309967041015625
0.2032470703125 -0.329254150390625 0.081787109375 -0.204132080078125
0.406005859375 -0.15789794921875 0.0561866760253907 -0.0607986450195313
0.4769287109375 0.17022705078125 -0.0444793701171875 -0.138526916503906
0.166748046875 0.5611572265625 -0.0637969970703125 -0.277236938476563
-0.149566650390625 0.550872802734375 0.133514404296875 -0.485809326171875
-0.418365478515625 0.493865966796875 0.532318115234375 -0.46966552734375
-0.4996337890625 0.65716552734375 -0.00241088867187504 -0.218505859375
-0.171630859375 0.6767578125 -0.0455856323242187 -0.0965042114257812
0.31683349609375 0.63812255859375 0.0783615112304688 0.0346450805664063
0.529449462890625 0.233367919921875 0.105888366699219 -0.0192184448242187
0.515228271484375 -0.154754638671875 0.138710021972656 -0.0329742431640625
0.23675537109375 -0.40423583984375 0.0740585327148438 -0.126510620117188
0.04168701171875 -0.474700927734375 -0.0117950439453125 -0.169754028320313
0.107269287109375 -0.50872802734375 0.0045166015625 -0.131996154785156
0.062286376953125 -0.514739990234375 0.0238037109375 -0.140640258789063
0.267913818359375 -0.40313720703125 0.0203285217285156 -0.0583686828613281
0.51605224609375 -0.19439697265625 -0.0212440490722656 0.0251922607421875
0.60546875 0.2054443359375 -0.115432739257812 -0.109306335449219
0.2413330078125 0.72271728515625 -0.09368896484375 -0.256271362304687
-0.1748046875 0.724853515625 0.127685546875 -0.38372802734375
-0.5360107421875 0.66705322265625 0.390472412109375 -0.318695068359375
-0.513427734375 0.7401123046875 -0.161376953125 -0.0199127197265624
-0.144287109375 0.76409912109375 -0.0661888122558594 0.0653114318847657
0.38421630859375 0.6905517578125 0.0905609130859375 0.054718017578125
0.59564208984375 0.2332763671875 0.055389404296875 -0.0130424499511719
0.5654296875 -0.17449951171875 0.0518112182617188 0.0195732116699219
0.26898193359375 -0.43682861328125 -0.00706481933593749 0.00887966156005857
0.064453125 -0.50177001953125 -0.0191860198974609 0.0204353332519531
0.12701416015625 -0.53424072265625 0.0206375122070313 0.0582771301269531
0.08660888671875 -0.541717529296875 0.0264167785644531 0.0524749755859375
0.2926025390625 -0.407623291015625 -0.0448837280273437 0.102310180664062
0.537750244140625 -0.194091796875 -0.102401733398437 0.115707397460937
0.62384033203125 0.2169189453125 -0.179168701171875 -0.062103271484375
0.2564697265625 0.7608642578125 -0.112762451171875 -0.205886840820312
-0.1822509765625 0.7684326171875 0.1129150390625 -0.23248291015625
-0.5767822265625 0.724609375 0.212020874023437 -0.125015258789062
-0.44635009765625 0.71142578125 -0.3189697265625 0.20025634765625
-0.096435546875 0.724609375 -0.085693359375 0.244674682617188
0.38201904296875 0.62359619140625 0.0896224975585938 0.08538818359375
0.5526123046875 0.192718505859375 0.000461578369140659 0.00957489013671876
0.514404296875 -0.166015625 -0.0399627685546875 0.0778961181640625
0.25531005859375 -0.400115966796875 -0.0833740234375 0.147979736328125
0.0743408203125 -0.4490966796875 -0.021636962890625 0.209884643554687
0.127105712890625 -0.476226806640625 0.0329132080078125 0.240371704101563
0.0994873046875 -0.48297119140625 0.0239410400390625 0.237548828125
0.27081298828125 -0.340484619140625 -0.10430908203125 0.24505615234375
0.4674072265625 -0.14373779296875 -0.172821044921875 0.183013916015625
0.5185546875 0.205841064453125 -0.219833374023438 -0.014129638671875
0.197998046875 0.66253662109375 -0.11273193359375 -0.143646240234375
-0.17449951171875 0.66302490234375 0.0925674438476563 -0.0692825317382812
-0.5274658203125 0.6563720703125 0.0270767211914062 0.073974609375
-0.3145751953125 0.56414794921875 -0.452239990234375 0.404693603515625
-0.0393371582031251 0.556854248046875 -0.1068115234375 0.40789794921875
0.2987060546875 0.44805908203125 0.0762710571289063 0.123001098632813
0.40020751953125 0.12396240234375 -0.0428009033203125 0.0417518615722656
0.370697021484375 -0.119903564453125 -0.115165710449219 0.123199462890625
0.19720458984375 -0.292083740234375 -0.142501831054688 0.260391235351563
0.07342529296875 -0.322540283203125 -0.02020263671875 0.36737060546875
0.106658935546875 -0.344970703125 0.0391845703125 0.385894775390625
0.097503662109375 -0.348785400390625 0.015289306640625 0.383514404296875
0.211883544921875 -0.219772338867188 -0.152191162109375 0.343597412109375
0.3248291015625 -0.069244384765625 -0.222564697265625 0.210357666015625
0.32574462890625 0.169525146484375 -0.232574462890625 0.017669677734375
0.098052978515625 0.457855224609375 -0.0973587036132812 -0.0881805419921875
-0.14569091796875 0.448211669921875 0.0652313232421875 0.0682258605957032
-0.398590087890625 0.48486328125 -0.134033203125 0.239761352539063
-0.137542724609375 0.323089599609375 -0.54541015625 0.55560302734375
0.01873779296875 0.30364990234375 -0.127716064453125 0.530059814453125
0.163406372070313 0.201202392578125 0.0601959228515625 0.162185668945313
0.184890747070313 0.036834716796875 -0.0585784912109375 0.0736312866210938
0.1678466796875 -0.0537567138671875 -0.157623291015625 0.140869140625
0.108291625976562 -0.136917114257813 -0.175018310546875 0.3228759765625
0.0597381591796875 -0.1455078125 -0.0166320800781249 0.462860107421875
0.07037353515625 -0.160675048828125 0.039520263671875 0.472198486328125
0.081146240234375 -0.167816162109375 0.00234985351562496 0.470123291015625
0.124351501464844 -0.0766220092773438 -0.18243408203125 0.385009765625
0.150314331054688 0.0038604736328125 -0.248733520507813 0.198974609375
0.113594055175781 0.105033874511719 -0.222549438476563 0.0312042236328125
0.006256103515625 0.206832885742188 -0.0767898559570313 -0.049835205078125
-0.0841064453125 0.192718505859375 0.0358123779296875 0.15625
-0.207046508789063 0.252395629882812 -0.246612548828125 0.350250244140625
-0.06781005859375 0.00543975830078124 0.229949951171875 -0.477630615234375
-0.0270118713378906 0.055206298828125 -0.0240020751953125 -0.27239990234375
0.0554962158203125 0.0543098449707031 0.0421257019042969 0.0391273498535156
0.0803070068359375 0.0018157958984375 0.192657470703125 -0.0042877197265625
0.0380287170410156 -0.0675926208496094 0.260971069335938 -0.1427001953125
-0.0386199951171875 -0.0519638061523437 0.192626953125 -0.36395263671875
-0.0574493408203125 -0.0455780029296875 -0.0220642089843751 -0.486541748046875
-0.0320625305175781 -0.0403327941894531 -0.069671630859375 -0.47552490234375
-0.045013427734375 -0.0177001953125 -0.023712158203125 -0.47332763671875
-0.0083465576171875 -0.0453758239746094 0.1337890625 -0.3724365234375
0.0371932983398438 -0.0271148681640625 0.140518188476563 -0.174285888671875
0.0566177368164063 0.0282936096191406 0.048309326171875 -0.131744384765625
-0.0241546630859375 0.0441970825195312 -0.0318603515625 -0.237319946289063
-0.0343132019042969 0.00481605529785156 0.079620361328125 -0.50634765625
-0.023406982421875 -0.0509109497070313 0.59881591796875 -0.57403564453125
-0.240768432617187 0.268936157226563 0.200286865234375 -0.45660400390625
-0.0919189453125 0.289703369140625 -0.026702880859375 -0.26751708984375
0.146514892578125 0.278961181640625 0.0464973449707031 0.0245170593261719
0.248016357421875 0.0933685302734375 0.166839599609375 -0.01007080078125
0.217620849609375 -0.106689453125 0.242355346679688 -0.1136474609375
0.057952880859375 -0.194686889648438 0.17572021484375 -0.320068359375
-0.0340576171875 -0.225662231445313 -0.021881103515625 -0.437469482421875
0.00794982910156252 -0.242218017578125 -0.055572509765625 -0.420013427734375
-0.0205841064453125 -0.227676391601563 -0.014862060546875 -0.4259033203125
0.0935211181640625 -0.205001831054687 0.11181640625 -0.317596435546875
0.22943115234375 -0.108917236328125 0.112251281738281 -0.131973266601563
0.282989501953125 0.09039306640625 0.00669860839843752 -0.142227172851563
0.087646484375 0.312286376953125 -0.0497283935546875 -0.262100219726563
-0.084442138671875 0.293853759765625 0.099334716796875 -0.52313232421875
-0.219131469726562 0.245864868164063 0.58526611328125 -0.5684814453125
-0.37664794921875 0.501007080078125 0.11114501953125 -0.367401123046875
-0.130584716796875 0.505218505859375 -0.03912353515625 -0.206787109375
0.24456787109375 0.47442626953125 0.0601158142089844 0.0191650390625
0.403656005859375 0.16583251953125 0.138969421386719 -0.0204696655273437
0.376922607421875 -0.144439697265625 0.200912475585938 -0.0828857421875
0.145599365234375 -0.318572998046875 0.130706787109375 -0.241989135742188
-0.00830078125000003 -0.373687744140625 -0.023284912109375 -0.3251953125
0.045166015625 -0.40826416015625 -0.033203125 -0.297943115234375
0.00646972656250003 -0.402008056640625 -0.00256347656249997 -0.309967041015625
0.18194580078125 -0.334381103515625 0.069610595703125 -0.208648681640625
0.392364501953125 -0.1776123046875 0.0558738708496094 -0.0636787414550781
0.480499267578125 0.14056396484375 -0.055328369140625 -0.13421630859375
0.196929931640625 0.54473876953125 -0.0768585205078125 -0.267822265625
-0.1195068359375 0.5499267578125 0.108245849609375 -0.48565673828125
-0.384674072265625 0.509979248046875 0.503814697265625 -0.48724365234375
-0.45611572265625 0.6737060546875 -0.0146636962890625 -0.214813232421875
-0.132568359375 0.674560546875 -0.0526275634765625 -0.0908279418945312
0.346923828125 0.610107421875 0.07806396484375 0.0243759155273438
0.5343017578125 0.200469970703125 0.102523803710938 -0.0275039672851562
0.498077392578125 -0.1834716796875 0.135124206542969 -0.0417709350585938
0.211456298828125 -0.40814208984375 0.0666122436523438 -0.12896728515625
0.015655517578125 -0.469512939453125 -0.02276611328125 -0.163803100585938
0.076324462890625 -0.511077880859375 -0.00516510009765625 -0.131477355957031
0.031768798828125 -0.5115966796875 0.012451171875 -0.144012451171875
0.241912841796875 -0.410980224609375 0.0174789428710938 -0.0598373413085938
0.498687744140625 -0.22052001953125 -0.0165214538574218 0.0246906280517578
0.60882568359375 0.16943359375 -0.123985290527344 -0.102218627929687
0.280517578125 0.6995849609375 -0.1041259765625 -0.245681762695312
-0.13507080078125 0.7254638671875 0.10870361328125 -0.38616943359375
-0.4942626953125 0.688232421875 0.37060546875 -0.331787109375
-0.4644775390625 0.75872802734375 -0.15997314453125 -0.0113983154296875
-0.10284423828125 0.75933837890625 -0.0630874633789063 0.0697135925292969
0.41845703125 0.6590576171875 0.0916213989257813 0.0441055297851563
0.599609375 0.1964111328125 0.0547752380371094 -0.0196533203125
0.546234130859375 -0.205413818359375 0.0516738891601563 0.0140380859375
0.24041748046875 -0.4442138671875 -0.00593662261962889 0.0100412368774414
0.03680419921875 -0.4970703125 -0.0180416107177734 0.0246467590332031
0.0933837890625 -0.53802490234375 0.0228996276855469 0.0550651550292968
0.052825927734375 -0.5386962890625 0.0273971557617188 0.0456314086914062
0.26544189453125 -0.416290283203125 -0.0376739501953125 0.1033935546875
0.519500732421875 -0.218780517578125 -0.0928497314453125 0.117637634277344
0.6282958984375 0.1788330078125 -0.183242797851562 -0.0523834228515625
0.29925537109375 0.73583984375 -0.118499755859375 -0.196563720703125
-0.14154052734375 0.76617431640625 0.102401733398437 -0.237808227539062
-0.5306396484375 0.746337890625 0.20330810546875 -0.133468627929687
-0.40130615234375 0.72552490234375 -0.302642822265625 0.21307373046875
-0.05511474609375 0.718994140625 -0.070892333984375 0.24725341796875
0.41253662109375 0.59381103515625 0.093536376953125 0.076141357421875
0.556549072265625 0.159515380859375 0.00204181671142582 0.00473022460937501
0.499359130859375 -0.19287109375 -0.0359115600585937 0.0767440795898437
0.227996826171875 -0.407470703125 -0.0745697021484375 0.152999877929688
0.05126953125 -0.44671630859375 -0.00894165039062498 0.212127685546875
0.0972900390625 -0.4801025390625 0.04644775390625 0.2335205078125
0.068572998046875 -0.48175048828125 0.0363311767578125 0.227813720703125
0.2484130859375 -0.348419189453125 -0.0881500244140625 0.248779296875
0.45208740234375 -0.166259765625 -0.158981323242188 0.188751220703125
0.5224609375 0.174468994140625 -0.219161987304687 -0.0027008056640625
0.23455810546875 0.64166259765625 -0.115196228027344 -0.136154174804688
-0.13922119140625 0.6624755859375 0.0898513793945312 -0.0766448974609375
-0.48541259765625 0.677490234375 0.03045654296875 0.0700912475585938
-0.28021240234375 0.57196044921875 -0.423614501953125 0.420806884765625
-0.00857543945312497 0.5513916015625 -0.0820007324218749 0.408721923828125
0.3204345703125 0.42694091796875 0.0827713012695313 0.115318298339844
0.40301513671875 0.1007080078125 -0.0382919311523437 0.0395584106445313
0.359832763671875 -0.1402587890625 -0.108230590820312 0.124755859375
0.178466796875 -0.2994384765625 -0.126800537109375 0.267837524414063
0.056304931640625 -0.322967529296875 0.00140380859374999 0.366973876953125
0.084716796875 -0.34735107421875 0.062774658203125 0.37713623046875
0.07440185546875 -0.349822998046875 0.037811279296875 0.37335205078125
0.196853637695313 -0.227340698242188 -0.130218505859375 0.348297119140625
0.31585693359375 -0.084991455078125 -0.209243774414062 0.21807861328125
0.330963134765625 0.1488037109375 -0.228591918945313 0.0296478271484375
0.12286376953125 0.444549560546875 -0.097137451171875 -0.0823287963867187
-0.1220703125 0.449554443359375 0.0698471069335938 0.0592842102050782
-0.36572265625 0.500030517578125 -0.119888305664063 0.241195678710938
-0.120269775390625 0.326202392578125 -0.50567626953125 0.57281494140625
0.03375244140625 0.298828125 -0.09552001953125 0.5302734375
0.174728393554688 0.191360473632813 0.069091796875 0.1563720703125
0.186264038085938 0.02655029296875 -0.0517349243164062 0.0714187622070313
0.164154052734375 -0.0640869140625 -0.149826049804688 0.1455078125
0.09942626953125 -0.141937255859375 -0.15673828125 0.331512451171875
0.05218505859375 -0.147293090820313 0.011199951171875 0.46185302734375
0.0597991943359375 -0.162765502929688 0.0691528320312499 0.46307373046875
0.0684356689453125 -0.170654296875 0.031707763671875 0.461151123046875
0.118476867675781 -0.0819320678710938 -0.156524658203125 0.391754150390625
0.147445678710938 -0.0030975341796875 -0.235366821289063 0.208755493164062
0.117729187011719 0.0970535278320313 -0.216140747070313 0.0422821044921875
0.0193634033203125 0.20245361328125 -0.074981689453125 -0.046600341796875
-0.0732879638671875 0.194747924804687 0.044647216796875 0.147933959960938
-0.190887451171875 0.261611938476563 -0.226165771484375 0.35491943359375
-0.0647468566894531 0.00731658935546876 0.20758056640625 -0.471527099609375
-0.0249671936035156 0.0542182922363281 -0.03570556640625 -0.264205932617187
0.0532608032226563 0.0507240295410156 0.0406227111816406 0.0352401733398438
0.0772705078125 -0.00055694580078125 0.185699462890625 -0.00927734375
0.0334510803222656 -0.0662689208984375 0.25103759765625 -0.148117065429688
-0.0385665893554687 -0.0469856262207031 0.176239013671875 -0.364410400390625
-0.057525634765625 -0.0414848327636719 -0.041046142578125 -0.47454833984375
-0.0329017639160156 -0.0384635925292969 -0.088104248046875 -0.46002197265625
-0.0429496765136719 -0.0151443481445312 -0.0435791015625 -0.4610595703125
-0.00967788696289062 -0.0436058044433594 0.1158447265625 -0.371307373046875
0.0349674224853516 -0.0289268493652344 0.133895874023438 -0.175018310546875
0.0556488037109375 0.0240821838378906 0.0408935546875 -0.128608703613281
-0.021514892578125 0.044219970703125 -0.04119873046875 -0.226974487304688
-0.0321407318115234 0.00356292724609374 0.06158447265625 -0.491729736328125
-0.0230445861816406 -0.0496978759765625 0.569091796875 -0.57342529296875
-0.22479248046875 0.26861572265625 0.1781005859375 -0.449066162109375
-0.079498291015625 0.283599853515625 -0.03790283203125 -0.258026123046875
0.150527954101563 0.265716552734375 0.0443458557128906 0.0194358825683594
0.243179321289063 0.0823516845703125 0.160140991210938 -0.0156707763671875
0.206512451171875 -0.11114501953125 0.233734130859375 -0.11962890625
0.050140380859375 -0.188522338867188 0.161376953125 -0.32037353515625
-0.0401763916015625 -0.216842651367188 -0.03924560546875 -0.4251708984375
-0.00219726562500002 -0.2384033203125 -0.072265625 -0.407318115234375
-0.026947021484375 -0.220703125 -0.03326416015625 -0.415496826171875
0.0840911865234375 -0.20111083984375 0.097381591796875 -0.3165283203125
0.219741821289063 -0.114959716796875 0.108329772949219 -0.132850646972656
0.279205322265625 0.077606201171875 -0.00138854980468749 -0.137161254882813
0.0975341796875 0.30242919921875 -0.0573883056640625 -0.250518798828125
-0.073486328125 0.288055419921875 0.082122802734375 -0.50897216796875
-0.203659057617187 0.246353149414063 0.55548095703125 -0.56793212890625
-0.3494873046875 0.4989013671875 0.096527099609375 -0.359283447265625
-0.109954833984375 0.494171142578125 -0.0474700927734375 -0.198104858398437
0.252960205078125 0.450286865234375 0.05694580078125 0.0131034851074219
0.3978271484375 0.14752197265625 0.132125854492188 -0.0261001586914062
0.36151123046875 -0.154510498046875 0.193450927734375 -0.0885162353515625
0.131866455078125 -0.3114013671875 0.1201171875 -0.242218017578125
-0.020751953125 -0.362884521484375 -0.03546142578125 -0.31494140625
0.0283203125 -0.403106689453125 -0.04644775390625 -0.290496826171875
-0.00787353515625003 -0.3916015625 -0.01776123046875 -0.30426025390625
0.16650390625 -0.330841064453125 0.0603485107421875 -0.208251953125
0.376861572265625 -0.18731689453125 0.0554962158203125 -0.0654983520507813
0.47332763671875 0.118927001953125 -0.0616302490234375 -0.12774658203125
0.212493896484375 0.525787353515625 -0.082366943359375 -0.256362915039062
-0.10015869140625 0.541015625 0.0923156738281249 -0.47528076171875
-0.35760498046875 0.508087158203125 0.478057861328125 -0.4876708984375
-0.420654296875 0.670654296875 -0.020965576171875 -0.206924438476562
-0.10675048828125 0.6602783203125 -0.0567703247070313 -0.0851516723632812
0.3582763671875 0.58135986328125 0.0753707885742188 0.017242431640625
0.526519775390625 0.1781005859375 0.0970382690429688 -0.0327987670898437
0.478271484375 -0.196868896484375 0.1307373046875 -0.0467910766601563
0.191619873046875 -0.402130126953125 0.0610809326171875 -0.128959655761719
0.000946044921874999 -0.457763671875 -0.028350830078125 -0.156463623046875
0.0531005859375001 -0.5052490234375 -0.0123672485351563 -0.128890991210938
0.00979614257812496 -0.4993896484375 0.003204345703125 -0.144485473632813
0.223175048828125 -0.407073974609375 0.0150718688964844 -0.0608062744140625
0.478759765625 -0.232330322265625 -0.0122394561767578 0.0228710174560547
0.60028076171875 0.14447021484375 -0.1279296875 -0.0956039428710937
0.30023193359375 0.67266845703125 -0.106399536132813 -0.235626220703125
-0.1103515625 0.7100830078125 0.095611572265625 -0.379180908203125
-0.4586181640625 0.6842041015625 0.352264404296875 -0.33123779296875
-0.42529296875 0.7532958984375 -0.1552734375 -0.00543212890624998
-0.0747680664062499 0.742431640625 -0.0591888427734375 0.0718994140625
0.432373046875 0.62646484375 0.0902023315429688 0.03668212890625
0.5911865234375 0.17230224609375 0.0515213012695313 -0.0247879028320312
0.52423095703125 -0.220245361328125 0.0502357482910157 0.00959014892578124
0.219329833984375 -0.4373779296875 -0.00504970550537108 0.0112066268920898
0.01971435546875 -0.486785888671875 -0.0157356262207031 0.0279312133789062
0.06976318359375 -0.530975341796875 0.0228157043457031 0.0515365600585937
0.030181884765625 -0.526336669921875 0.024749755859375 0.0388755798339843
0.2457275390625 -0.4129638671875 -0.0318145751953125 0.101936340332031
0.5 -0.230560302734375 -0.0838394165039062 0.11590576171875
0.618896484375 0.15277099609375 -0.183486938476562 -0.044921875
0.31781005859375 0.7047119140625 -0.1187744140625 -0.188674926757812
-0.11578369140625 0.75128173828125 0.09423828125 -0.237045288085937
-0.4906005859375 0.74493408203125 0.1944580078125 -0.136154174804687
-0.36810302734375 0.7181396484375 -0.285797119140625 0.216644287109375
-0.0302124023437499 0.70391845703125 -0.0599212646484375 0.244781494140625
0.4251708984375 0.56494140625 0.0939407348632813 0.06768798828125
0.547454833984375 0.136749267578125 0.00220465660095218 0.000592947006225594
0.48089599609375 -0.20770263671875 -0.03326416015625 0.0738449096679687
0.209197998046875 -0.403656005859375 -0.0669403076171875 0.153549194335938
0.035797119140625 -0.43817138671875 0.000808715820312515 0.210464477539062
0.074951171875 -0.47479248046875 0.0546722412109375 0.2252197265625
0.04791259765625 -0.47113037109375 0.042022705078125 0.216476440429688
0.23052978515625 -0.346466064453125 -0.075042724609375 0.246307373046875
0.435699462890625 -0.175445556640625 -0.1470947265625 0.187835693359375
0.515594482421875 0.152801513671875 -0.215347290039062 0.00427246093749997
0.2520751953125 0.61639404296875 -0.112953186035156 -0.130058288574219
-0.11749267578125 0.64990234375 0.0867385864257812 -0.0818328857421874
-0.45074462890625 0.67572021484375 0.0309944152832031 0.0664291381835938
-0.25439453125 0.56787109375 -0.396148681640625 0.419952392578125
0.00842285156249997 0.538970947265625 -0.06451416015625 0.4022216796875
0.329559326171875 0.40478515625 0.0851821899414063 0.107513427734375
0.397552490234375 0.08441162109375 -0.0356216430664062 0.0353507995605469
0.346893310546875 -0.151275634765625 -0.10321044921875 0.1240234375
0.16278076171875 -0.297149658203125 -0.114669799804687 0.269012451171875
0.04534912109375 -0.317230224609375 0.01800537109375 0.360992431640625
0.06903076171875 -0.343658447265625 0.0760498046875 0.363983154296875
0.05780029296875 -0.343902587890625 0.04974365234375 0.358734130859375
0.184127807617188 -0.22662353515625 -0.1121826171875 0.345458984375
0.304595947265625 -0.091522216796875 -0.195266723632813 0.219009399414062
0.32745361328125 0.134521484375 -0.221343994140625 0.0357513427734375
0.1370849609375 0.428314208984375 -0.0936355590820312 -0.0790863037109375
-0.10498046875 0.441986083984375 0.071075439453125 0.05084228515625
-0.340850830078125 0.50048828125 -0.111602783203125 0.236831665039063
-0.107513427734375 0.3221435546875 -0.4727783203125 0.569580078125
0.04156494140625 0.29083251953125 -0.073028564453125 0.519805908203125
0.177444458007813 0.1810302734375 0.07403564453125 0.149703979492188
0.183303833007813 0.0200653076171875 -0.047576904296875 0.0680007934570313
0.158523559570313 -0.069488525390625 -0.143295288085938 0.145462036132813
0.09173583984375 -0.142822265625 -0.142242431640625 0.333099365234375
0.0475006103515625 -0.14642333984375 0.030059814453125 0.45294189453125
0.052520751953125 -0.161758422851563 0.08642578125 0.447723388671875
0.0591888427734375 -0.168594360351563 0.0481567382812501 0.445098876953125
0.113334655761719 -0.083038330078125 -0.13677978515625 0.38800048828125
0.143386840820313 -0.00653076171875 -0.222869873046875 0.21136474609375
0.117744445800781 0.0910263061523437 -0.207229614257812 0.0482330322265625
0.0277252197265625 0.195114135742188 -0.0716552734375 -0.045013427734375
-0.0661773681640625 0.19268798828125 0.0487213134765625 0.137413024902344
-0.17730712890625 0.2628173828125 -0.21136474609375 0.350433349609375
-0.062225341796875 0.00724411010742187 0.199005126953125 -0.463592529296875
-0.0243873596191406 0.0530471801757813 -0.041534423828125 -0.256256103515625
0.0516586303710938 0.049468994140625 0.0389022827148438 0.0331878662109375
0.0758132934570313 -0.00098419189453125 0.180709838867188 -0.01141357421875
0.0314445495605469 -0.063629150390625 0.24658203125 -0.149703979492187
-0.0371818542480469 -0.0433197021484375 0.1689453125 -0.363861083984375
-0.0561943054199219 -0.0385932922363281 -0.05120849609375 -0.466888427734375
-0.0331153869628906 -0.0380134582519531 -0.097259521484375 -0.4503173828125
-0.0401802062988281 -0.014739990234375 -0.050384521484375 -0.45159912109375
-0.0107154846191406 -0.0420722961425781 0.1072998046875 -0.369476318359375
0.0334110260009766 -0.0297088623046875 0.131820678710938 -0.174224853515625
0.0549468994140625 0.0220832824707031 0.0367889404296875 -0.124794006347656
-0.0201072692871094 0.0432472229003906 -0.0446319580078125 -0.21917724609375
-0.0312786102294922 0.00117683410644532 0.055908203125 -0.48004150390625
-0.0216255187988281 -0.0491790771484375 0.5557861328125 -0.56463623046875
-0.215362548828125 0.265533447265625 0.169403076171875 -0.438629150390625
-0.075164794921875 0.278564453125 -0.0436248779296875 -0.250213623046875
0.151290893554688 0.258010864257813 0.0427398681640625 0.0168075561523438
0.239532470703125 0.079254150390625 0.154937744140625 -0.0181884765625
0.200103759765625 -0.111038208007812 0.228973388671875 -0.1214599609375
0.047576904296875 -0.18280029296875 0.154510498046875 -0.319976806640625
-0.0424957275390625 -0.2120361328125 -0.047760009765625 -0.417510986328125
-0.00711059570312499 -0.236404418945313 -0.081207275390625 -0.3985595703125
-0.028594970703125 -0.217315673828125 -0.04254150390625 -0.4085693359375
0.0807952880859375 -0.198348999023438 0.0899658203125 -0.315277099609375
0.214675903320313 -0.116744995117188 0.107398986816406 -0.133529663085938
0.275802612304688 0.071868896484375 -0.00582885742187497 -0.133026123046875
0.101470947265625 0.295928955078125 -0.05926513671875 -0.243240356445312
-0.069061279296875 0.282684326171875 0.0765380859375 -0.499267578125
-0.19781494140625 0.244491577148438 0.5440673828125 -0.5606689453125
-0.33642578125 0.492828369140625 0.0906982421875 -0.350830078125
-0.10321044921875 0.48480224609375 -0.051544189453125 -0.190933227539062
0.253326416015625 0.43792724609375 0.0547599792480469 0.00949478149414065
0.39154052734375 0.140899658203125 0.127418518066406 -0.0289993286132812
0.352569580078125 -0.15618896484375 0.190521240234375 -0.0907440185546875
0.125091552734375 -0.304718017578125 0.115264892578125 -0.241058349609375
-0.024871826171875 -0.355682373046875 -0.041107177734375 -0.30810546875
0.01959228515625 -0.398773193359375 -0.053375244140625 -0.284576416015625
-0.01361083984375 -0.385009765625 -0.026641845703125 -0.300140380859375
0.159393310546875 -0.325408935546875 0.056243896484375 -0.207962036132813
0.369140625 -0.190460205078125 0.0569419860839844 -0.0669708251953125
0.468597412109375 0.110870361328125 -0.0660324096679687 -0.123512268066406
0.217498779296875 0.51373291015625 -0.0828399658203125 -0.249649047851563
-0.09283447265625 0.53179931640625 0.08660888671875 -0.466644287109375
-0.34625244140625 0.50201416015625 0.46771240234375 -0.48040771484375
-0.4024658203125 0.66156005859375 -0.0224761962890625 -0.201492309570312
-0.09832763671875 0.64935302734375 -0.0574417114257813 -0.0795822143554687
0.36199951171875 0.5648193359375 0.072998046875 0.0134811401367188
0.519439697265625 0.168182373046875 0.0927963256835938 -0.0358047485351562
0.465850830078125 -0.200286865234375 0.128448486328125 -0.0490798950195313
0.18218994140625 -0.394439697265625 0.0595550537109375 -0.127861022949219
-0.00408935546875005 -0.449066162109375 -0.0295867919921875 -0.151702880859375
0.04266357421875 -0.50079345703125 -0.0169601440429687 -0.126815795898438
0.00332641601562497 -0.491455078125 -0.00399780273437501 -0.143997192382813
0.213592529296875 -0.40118408203125 0.0142669677734375 -0.0610771179199219
0.468597412109375 -0.23455810546875 -0.0090827941894531 0.0209999084472656
0.5936279296875 0.13189697265625 -0.130714416503906 -0.090423583984375
0.30596923828125 0.65655517578125 -0.105865478515625 -0.230194091796875
-0.1014404296875 0.69873046875 0.09259033203125 -0.37481689453125
-0.44317626953125 0.678955078125 0.34442138671875 -0.329559326171875
-0.40789794921875 0.74298095703125 -0.151016235351563 -0.00364685058593745
-0.0635986328125001 0.72906494140625 -0.0570602416992187 0.0728836059570313
0.4354248046875 0.60760498046875 0.0885543823242188 0.0311965942382813
0.58331298828125 0.16156005859375 0.048492431640625 -0.0282859802246094
0.5108642578125 -0.22576904296875 0.0504684448242188 0.00708007812499999
0.20916748046875 -0.43048095703125 -0.00386810302734374 0.0114641189575195
0.01312255859375 -0.477813720703125 -0.012908935546875 0.0299243927001953
0.05810546875 -0.52630615234375 0.0219802856445313 0.0503158569335937
0.020904541015625 -0.51715087890625 0.0209274291992188 0.0358734130859375
0.235504150390625 -0.407928466796875 -0.02886962890625 0.100105285644531
0.48980712890625 -0.2337646484375 -0.0784759521484375 0.113609313964844
0.6114501953125 0.14227294921875 -0.184127807617187 -0.0409088134765625
0.323486328125 0.68829345703125 -0.116439819335937 -0.184738159179687
-0.10601806640625 0.74005126953125 0.0917816162109375 -0.237380981445312
-0.47467041015625 0.73870849609375 0.189697265625 -0.135147094726562
-0.35260009765625 0.71136474609375 -0.277175903320313 0.214080810546875
-0.0208740234375 0.6912841796875 -0.0535736083984375 0.242416381835938
0.429656982421875 0.5491943359375 0.0935287475585938 0.0625762939453125
0.5406494140625 0.128387451171875 0.00109004974365238 -0.00336742401123046
0.468994140625 -0.212554931640625 -0.0327606201171875 0.0716476440429687
0.19891357421875 -0.396728515625 -0.062408447265625 0.154434204101562
0.030609130859375 -0.431182861328125 0.007904052734375 0.209808349609375
0.06390380859375 -0.470458984375 0.0573272705078125 0.219802856445312
0.03753662109375 -0.46429443359375 0.0420989990234375 0.209686279296875
0.222869873046875 -0.341827392578125 -0.0686798095703125 0.243240356445312
0.427093505859375 -0.1783447265625 -0.141006469726562 0.185653686523438
0.509613037109375 0.142730712890625 -0.21453857421875 0.00740051269531249
0.25799560546875 0.60107421875 -0.109725952148437 -0.12847900390625
-0.1082763671875 0.64056396484375 0.085418701171875 -0.08544921875
-0.435546875 0.6722412109375 0.0299339294433593 0.0642204284667969
-0.24462890625 0.560882568359375 -0.38336181640625 0.41510009765625
0.013946533203125 0.529022216796875 -0.055389404296875 0.39642333984375
0.330902099609375 0.39398193359375 0.086761474609375 0.102859497070313
0.392974853515625 0.077880859375 -0.0351276397705078 0.0317821502685547
0.340057373046875 -0.155853271484375 -0.10125732421875 0.122306823730469
0.156646728515625 -0.29376220703125 -0.108871459960937 0.269317626953125
0.04132080078125 -0.313720703125 0.02783203125 0.35736083984375
0.061737060546875 -0.3408203125 0.08294677734375 0.35614013671875
0.0498046875 -0.33721923828125 0.0537109375 0.350341796875
0.178787231445313 -0.223526000976563 -0.102935791015625 0.341888427734375
0.2987060546875 -0.093170166015625 -0.188873291015625 0.217376708984375
0.323455810546875 0.128448486328125 -0.217681884765625 0.0380401611328125
0.1414794921875 0.417633056640625 -0.0899581909179687 -0.078857421875
-0.0997314453125 0.436614990234375 0.0710067749023438 0.0438766479492188
-0.329559326171875 0.496734619140625 -0.110076904296875 0.231903076171875
-0.10321044921875 0.319122314453125 -0.45599365234375 0.56011962890625
0.044097900390625 0.286346435546875 -0.06219482421875 0.5111083984375
0.179214477539063 0.176589965820313 0.076171875 0.145401000976562
0.18115234375 0.0173187255859375 -0.04547119140625 0.0647430419921875
0.156356811523438 -0.072174072265625 -0.140869140625 0.144134521484375
0.088348388671875 -0.141510009765625 -0.13494873046875 0.332977294921875
0.0455474853515625 -0.145858764648438 0.040985107421875 0.448272705078125
0.04864501953125 -0.160598754882813 0.094512939453125 0.438934326171875
0.0540771484375 -0.166458129882813 0.055084228515625 0.434722900390625
0.111091613769531 -0.0828933715820313 -0.125946044921875 0.3846435546875
0.140762329101563 -0.0077667236328125 -0.216690063476563 0.21197509765625
0.117424011230469 0.0881729125976563 -0.202590942382813 0.0490570068359375
0.030609130859375 0.1904296875 -0.0685386657714844 -0.0456466674804687
-0.062652587890625 0.191055297851562 0.0494155883789062 0.130020141601563
-0.1719970703125 0.261367797851563 -0.20758056640625 0.344085693359375
-0.0613861083984375 0.00696182250976562 0.1988525390625 -0.461761474609375
-0.0254707336425781 0.0532264709472656 -0.0439910888671875 -0.253692626953125
0.0506858825683594 0.0496940612792969 0.0378341674804688 0.0327262878417969
0.0761032104492188 -0.000396728515625 0.179901123046875 -0.0115509033203125
0.0303268432617188 -0.06219482421875 0.247207641601563 -0.153091430664063
-0.0358734130859375 -0.0413818359375 0.166412353515625 -0.3701171875
-0.0564498901367188 -0.0371818542480469 -0.0580139160156251 -0.469573974609375
-0.034210205078125 -0.0381813049316406 -0.104888916015625 -0.450592041015625
-0.0389328002929688 -0.0154266357421875 -0.056549072265625 -0.453216552734375
-0.0117301940917969 -0.0414199829101563 0.10302734375 -0.374053955078125
0.0321159362792969 -0.0312023162841797 0.133590698242188 -0.175796508789063
0.0549163818359375 0.0205459594726563 0.035064697265625 -0.123481750488281
-0.0198287963867187 0.0432052612304688 -0.0469818115234375 -0.215957641601562
-0.0310478210449219 -0.00101280212402344 0.055389404296875 -0.478363037109375
-0.0207290649414063 -0.0501480102539062 0.56298828125 -0.5654296875
-0.213943481445313 0.265533447265625 0.169281005859375 -0.438812255859375
-0.0748291015625 0.278656005859375 -0.0464630126953125 -0.246551513671875
0.151947021484375 0.25732421875 0.0408477783203125 0.01544189453125
0.240280151367188 0.078277587890625 0.153228759765625 -0.0193634033203125
0.2000732421875 -0.111923217773438 0.231216430664063 -0.124862670898438
0.04864501953125 -0.181396484375 0.1531982421875 -0.324798583984375
-0.0431060791015625 -0.210968017578125 -0.052703857421875 -0.418365478515625
-0.010833740234375 -0.238800048828125 -0.0882568359375 -0.39764404296875
-0.029510498046875 -0.2186279296875 -0.049530029296875 -0.410186767578125
0.0789947509765625 -0.198638916015625 0.086151123046875 -0.319915771484375
0.21441650390625 -0.120147705078125 0.109634399414063 -0.13641357421875
0.277999877929688 0.06988525390625 -0.00922393798828122 -0.131523132324219
0.104644775390625 0.29559326171875 -0.0606689453125 -0.241043090820312
-0.068206787109375 0.282012939453125 0.077392578125 -0.498626708984375
-0.196517944335938 0.246139526367188 0.5499267578125 -0.561370849609375
-0.3331298828125 0.4931640625 0.09124755859375 -0.349517822265625
-0.101104736328125 0.484466552734375 -0.053680419921875 -0.187393188476562
0.258026123046875 0.435791015625 0.0533905029296875 0.00726699829101565
0.393341064453125 0.14007568359375 0.125381469726563 -0.03076171875
0.351043701171875 -0.15875244140625 0.191909790039063 -0.0938568115234375
0.125030517578125 -0.30322265625 0.115203857421875 -0.24493408203125
-0.02593994140625 -0.35546875 -0.044097900390625 -0.30804443359375
0.013702392578125 -0.40386962890625 -0.059112548828125 -0.28363037109375
-0.015899658203125 -0.386474609375 -0.033599853515625 -0.30218505859375
0.158477783203125 -0.32568359375 0.054290771484375 -0.210861206054688
0.36932373046875 -0.19403076171875 0.0594940185546875 -0.069915771484375
0.47137451171875 0.10693359375 -0.0699691772460937 -0.121040344238281
0.223388671875 0.513397216796875 -0.0828857421875 -0.248748779296875
-0.091705322265625 0.53228759765625 0.0885009765625 -0.46783447265625
-0.34539794921875 0.50787353515625 0.47265625 -0.481475830078125
-0.399169921875 0.66400146484375 -0.02099609375 -0.200759887695313
-0.0943603515625001 0.64788818359375 -0.0582504272460938 -0.0767898559570312
0.367828369140625 0.560699462890625 0.072174072265625 0.0105438232421875
0.5216064453125 0.16741943359375 0.0904464721679688 -0.0384140014648437
0.46539306640625 -0.206085205078125 0.129974365234375 -0.0521163940429688
0.183074951171875 -0.392425537109375 0.059661865234375 -0.129386901855469
-0.00680541992187502 -0.450164794921875 -0.03045654296875 -0.151382446289063
0.03558349609375 -0.507354736328125 -0.0196914672851563 -0.126480102539063
-0.00122070312499998 -0.49224853515625 -0.0101470947265625 -0.145111083984375
0.21331787109375 -0.401580810546875 0.0144119262695313 -0.0627326965332032
0.4700927734375 -0.238128662109375 -0.00675010681152341 0.0184669494628906
0.59844970703125 0.13006591796875 -0.135223388671875 -0.0884780883789063
0.311767578125 0.65771484375 -0.104141235351563 -0.230010986328125
-0.1007080078125 0.70220947265625 0.093017578125 -0.378326416015625
-0.44305419921875 0.68316650390625 0.34710693359375 -0.328887939453125
-0.4051513671875 0.74658203125 -0.148757934570313 -0.00390624999999993
-0.059326171875 0.7318115234375 -0.0558395385742187 0.0755233764648438
0.44256591796875 0.60565185546875 0.0884628295898438 0.0282821655273438
0.58441162109375 0.16009521484375 0.0465431213378907 -0.0311851501464844
0.51043701171875 -0.232391357421875 0.0512619018554688 0.00503158569335936
0.208099365234375 -0.42950439453125 -0.00185012817382811 0.0121049880981445
0.0108642578125 -0.479248046875 -0.0101871490478516 0.0312004089355468
0.0501708984375 -0.5328369140625 0.0222320556640625 0.0504417419433593
0.017730712890625 -0.518707275390625 0.0169734954833984 0.0346279144287109
0.236083984375 -0.4071044921875 -0.02655029296875 0.0998001098632812
0.491363525390625 -0.238006591796875 -0.0760116577148437 0.112274169921875
0.6163330078125 0.140380859375 -0.188217163085937 -0.03851318359375
0.33148193359375 0.68804931640625 -0.114425659179688 -0.18597412109375
-0.10479736328125 0.74267578125 0.0922088623046875 -0.241607666015625
-0.47576904296875 0.74298095703125 0.190261840820312 -0.135543823242187
-0.3505859375 0.71478271484375 -0.274734497070313 0.212921142578125
-0.01806640625 0.6932373046875 -0.0510101318359375 0.244338989257813
0.434967041015625 0.548095703125 0.0943603515625 0.0594940185546875
0.543426513671875 0.126129150390625 -0.000520706176757779 -0.00643491744995116
0.469024658203125 -0.220062255859375 -0.0320510864257812 0.0708084106445312
0.198974609375 -0.397705078125 -0.060028076171875 0.156494140625
0.02874755859375 -0.433837890625 0.0133056640625 0.211380004882813
0.059173583984375 -0.4757080078125 0.060333251953125 0.21966552734375
0.033111572265625 -0.46533203125 0.0405731201171875 0.209091186523437
0.223907470703125 -0.341766357421875 -0.06488037109375 0.244293212890625
0.427886962890625 -0.181365966796875 -0.139511108398437 0.184906005859375
0.51312255859375 0.14178466796875 -0.216964721679687 0.0100860595703126
0.26422119140625 0.6024169921875 -0.107894897460937 -0.130996704101562
-0.106689453125 0.64312744140625 0.0861053466796875 -0.0906524658203124
-0.43365478515625 0.6761474609375 0.0284042358398437 0.0643119812011719
-0.244384765625 0.56378173828125 -0.381072998046875 0.41314697265625
0.015533447265625 0.532623291015625 -0.050994873046875 0.3975830078125
0.336517333984375 0.394256591796875 0.0886459350585938 0.100601196289063
0.39398193359375 0.076019287109375 -0.0351715087890625 0.0294570922851563
0.340484619140625 -0.16119384765625 -0.101791381835937 0.122627258300781
0.15643310546875 -0.295135498046875 -0.105209350585938 0.273361206054688
0.04095458984375 -0.3162841796875 0.035125732421875 0.359619140625
0.05804443359375 -0.344818115234375 0.088409423828125 0.356414794921875
0.0462646484375 -0.33843994140625 0.05535888671875 0.34954833984375
0.180099487304687 -0.2235107421875 -0.09783935546875 0.344146728515625
0.299957275390625 -0.094696044921875 -0.188400268554687 0.218475341796875
0.32635498046875 0.12823486328125 -0.2193603515625 0.0394287109375
0.146484375 0.417449951171875 -0.0886154174804688 -0.082611083984375
-0.098297119140625 0.43817138671875 0.0713577270507813 0.0384750366210938
-0.32904052734375 0.501708984375 -0.112274169921875 0.231887817382813
-0.10400390625 0.321258544921875 -0.453948974609375 0.556060791015625
0.044647216796875 0.28717041015625 -0.0577392578125 0.51116943359375
0.181549072265625 0.177154541015625 0.078826904296875 0.144744873046875
0.182342529296875 0.0164947509765625 -0.045013427734375 0.0625
0.156936645507813 -0.0749359130859375 -0.14239501953125 0.145904541015625
0.0879669189453125 -0.143447875976563 -0.132293701171875 0.338714599609375
0.0457916259765625 -0.148757934570313 0.05047607421875 0.450439453125
0.04803466796875 -0.16192626953125 0.102630615234375 0.439178466796875
0.0517730712890625 -0.16595458984375 0.059295654296875 0.435516357421875
0.111770629882812 -0.0832748413085938 -0.1219482421875 0.388427734375
0.141754150390625 -0.00775146484375 -0.216781616210937 0.213516235351563
0.118247985839844 0.0885162353515625 -0.201751708984375 0.049957275390625
0.0335235595703125 0.189895629882813 -0.0672988891601563 -0.0488777160644531
-0.0621185302734375 0.191390991210938 0.0491409301757812 0.125106811523437
-0.171112060546875 0.264816284179687 -0.21099853515625 0.34490966796875
-0.061798095703125 0.00729751586914062 0.19732666015625 -0.47222900390625
-0.0251731872558594 0.0549583435058594 -0.0504608154296875 -0.255126953125
0.0514259338378906 0.0499763488769531 0.0382881164550781 0.0327110290527344
0.0774154663085938 -0.001434326171875 0.182601928710938 -0.0140228271484375
0.0299263000488281 -0.062347412109375 0.249603271484375 -0.162887573242188
-0.0355224609375 -0.0403594970703125 0.1614990234375 -0.384002685546875
-0.0570182800292969 -0.0356025695800781 -0.071441650390625 -0.476715087890625
-0.0365715026855469 -0.0380134582519531 -0.119598388671875 -0.45599365234375
-0.0395317077636719 -0.0155792236328125 -0.069366455078125 -0.46356201171875
-0.0133552551269531 -0.0413322448730469 0.09613037109375 -0.386505126953125
0.0310878753662109 -0.0326442718505859 0.135757446289063 -0.183242797851563
0.0565147399902344 0.0184555053710938 0.032318115234375 -0.124717712402344
-0.0190620422363281 0.0436553955078125 -0.0529937744140625 -0.215560913085938
-0.0321102142333984 -0.00198554992675782 0.050750732421875 -0.48541259765625
-0.0205116271972656 -0.0516204833984375 0.57159423828125 -0.58221435546875
-0.21331787109375 0.273208618164063 0.16900634765625 -0.446685791015625
-0.071746826171875 0.284454345703125 -0.0516357421875 -0.24676513671875
0.158981323242188 0.258544921875 0.0403633117675781 0.0139350891113281
0.246536254882813 0.076690673828125 0.15423583984375 -0.02215576171875
0.202056884765625 -0.117050170898438 0.234222412109375 -0.133819580078125
0.0486907958984375 -0.184066772460938 0.1494140625 -0.337677001953125
-0.0467681884765625 -0.214096069335938 -0.064849853515625 -0.425689697265625
-0.01812744140625 -0.245391845703125 -0.101470947265625 -0.4031982421875
-0.0341339111328125 -0.222915649414063 -0.061920166015625 -0.41937255859375
0.0776214599609375 -0.203033447265625 0.08038330078125 -0.3311767578125
0.216140747070313 -0.127212524414062 0.1121826171875 -0.143753051757813
0.2860107421875 0.06494140625 -0.0136260986328125 -0.13153076171875
0.11297607421875 0.30029296875 -0.0650177001953125 -0.242034912109375
-0.06634521484375 0.287933349609375 0.073486328125 -0.508392333984375
-0.19647216796875 0.254837036132813 0.5574951171875 -0.5789794921875
-0.331878662109375 0.506195068359375 0.0898437499999999 -0.355072021484375
-0.094451904296875 0.495758056640625 -0.0576629638671875 -0.186309814453125
0.271697998046875 0.43896484375 0.0537185668945313 0.00446319580078128
0.403900146484375 0.137420654296875 0.125244140625 -0.0336456298828125
0.355499267578125 -0.169189453125 0.195327758789063 -0.102081298828125
0.1251220703125 -0.309783935546875 0.112884521484375 -0.2547607421875
-0.032073974609375 -0.3624267578125 -0.052642822265625 -0.31329345703125
0.00277709960937498 -0.4151611328125 -0.069061279296875 -0.287017822265625
-0.02392578125 -0.395355224609375 -0.04486083984375 -0.30718994140625
0.157470703125 -0.333953857421875 0.0501556396484375 -0.219009399414063
0.373291015625 -0.20660400390625 0.0613632202148438 -0.0751876831054688
0.48419189453125 0.10198974609375 -0.0763778686523437 -0.119682312011719
0.2381591796875 0.519989013671875 -0.0863037109375 -0.251174926757812
-0.085784912109375 0.5450439453125 0.084136962890625 -0.479705810546875
-0.34490966796875 0.5240478515625 0.4774169921875 -0.496307373046875
-0.39556884765625 0.68145751953125 -0.0217132568359375 -0.202850341796875
-0.08624267578125 0.66192626953125 -0.059478759765625 -0.073638916015625
0.38604736328125 0.564697265625 0.0730972290039063 0.00707244873046878
0.534393310546875 0.162109375 0.08990478515625 -0.0415267944335937
0.470489501953125 -0.218963623046875 0.133346557617188 -0.05865478515625
0.1824951171875 -0.402435302734375 0.0594863891601563 -0.135185241699219
-0.0135498046875 -0.460052490234375 -0.033477783203125 -0.153823852539063
0.022613525390625 -0.521240234375 -0.0247116088867188 -0.128173828125
-0.0115966796875 -0.503936767578125 -0.0177154541015625 -0.147979736328125
0.21282958984375 -0.41162109375 0.0129356384277344 -0.0662727355957032
0.475860595703125 -0.253753662109375 -0.00421905517578122 0.0160551071166992
0.61602783203125 0.1231689453125 -0.14239501953125 -0.0841217041015625
0.331787109375 0.6649169921875 -0.107925415039062 -0.233612060546875
-0.0927734375 0.718017578125 0.09088134765625 -0.389862060546875
-0.441162109375 0.7080078125 0.35113525390625 -0.340057373046875
-0.40057373046875 0.76666259765625 -0.14971923828125 -0.00231933593749992
-0.048828125 0.7459716796875 -0.0537185668945313 0.0799484252929688
0.46441650390625 0.60791015625 0.0908737182617188 0.0250015258789063
0.60076904296875 0.153564453125 0.0455894470214844 -0.0343284606933594
0.51666259765625 -0.248565673828125 0.0535354614257813 0.00164413452148436
0.207427978515625 -0.44195556640625 -0.000310897827148425 0.0112819671630859
0.00317382812499996 -0.49041748046875 -0.00714874267578125 0.0317497253417968
0.03759765625 -0.547698974609375 0.0232582092285156 0.0511360168457031
0.00436401367187504 -0.53057861328125 0.0143394470214844 0.0355377197265625
0.235870361328125 -0.41778564453125 -0.0247039794921875 0.101829528808594
0.497344970703125 -0.25250244140625 -0.0746688842773438 0.113227844238281
0.6334228515625 0.1336669921875 -0.19598388671875 -0.0326995849609375
0.3515625 0.6971435546875 -0.11761474609375 -0.189895629882812
-0.09661865234375 0.759521484375 0.0908660888671875 -0.251220703125
-0.4739990234375 0.77032470703125 0.191635131835938 -0.140106201171875
-0.34649658203125 0.73638916015625 -0.2755126953125 0.217926025390625
-0.00714111328125 0.708251953125 -0.0460205078125 0.251113891601563
0.455780029296875 0.55029296875 0.097564697265625 0.0568313598632813
0.557525634765625 0.12005615234375 -0.00133466720581051 -0.00824880599975585
0.475067138671875 -0.236541748046875 -0.0305862426757812 0.071014404296875
0.19732666015625 -0.40972900390625 -0.0564422607421875 0.161422729492187
0.022064208984375 -0.4456787109375 0.0218963623046875 0.215057373046875
0.04656982421875 -0.490203857421875 0.0679168701171875 0.222900390625
0.02410888671875 -0.474578857421875 0.042938232421875 0.212631225585937
0.224334716796875 -0.351593017578125 -0.060272216796875 0.250274658203125
0.435638427734375 -0.193878173828125 -0.139053344726562 0.189849853515625
0.527923583984375 0.1365966796875 -0.22332763671875 0.0154571533203125
0.28192138671875 0.60888671875 -0.109733581542969 -0.134864807128906
-0.10009765625 0.6572265625 0.08612060546875 -0.0993194580078125
-0.433837890625 0.69891357421875 0.0277061462402344 0.06610107421875
-0.24114990234375 0.58056640625 -0.382293701171875 0.42138671875
0.0247802734375 0.542572021484375 -0.044036865234375 0.40582275390625
0.352020263671875 0.3970947265625 0.09307861328125 0.0990142822265625
0.405364990234375 0.07305908203125 -0.0362930297851562 0.0281257629394531
0.345703125 -0.173065185546875 -0.101104736328125 0.126876831054688
0.1561279296875 -0.303558349609375 -0.100616455078125 0.283447265625
0.036865234375 -0.32568359375 0.04840087890625 0.365997314453125
0.05059814453125 -0.3553466796875 0.10052490234375 0.36138916015625
0.039520263671875 -0.345703125 0.0618896484375 0.355804443359375
0.181976318359375 -0.230270385742187 -0.092376708984375 0.35400390625
0.305084228515625 -0.1021728515625 -0.187911987304688 0.22564697265625
0.336822509765625 0.126373291015625 -0.22357177734375 0.0450439453125
0.158111572265625 0.42236328125 -0.0899124145507812 -0.0863265991210937
-0.093505859375 0.4490966796875 0.0721817016601562 0.0326766967773438
-0.329559326171875 0.519866943359375 -0.115234375 0.238693237304688
-0.101318359375 0.331451416015625 -0.45538330078125 0.56982421875
0.049224853515625 0.292266845703125 -0.04803466796875 0.521026611328125
0.189865112304687 0.179229736328125 0.0838470458984375 0.145339965820313
0.186676025390625 0.0151519775390625 -0.0445709228515625 0.0628089904785156
0.15972900390625 -0.0815582275390625 -0.143630981445313 0.151931762695312
0.0875091552734375 -0.148605346679688 -0.1285400390625 0.351104736328125
0.04498291015625 -0.154617309570313 0.06549072265625 0.4581298828125
0.045928955078125 -0.167510986328125 0.117462158203125 0.44500732421875
0.0490264892578125 -0.169342041015625 0.070465087890625 0.44354248046875
0.114875793457031 -0.0862884521484375 -0.1142578125 0.399871826171875
0.1453857421875 -0.0099029541015625 -0.21783447265625 0.22259521484375
0.123451232910156 0.0894088745117187 -0.203994750976562 0.0546417236328125
0.0388336181640625 0.192642211914063 -0.0684547424316406 -0.0530509948730469
-0.0595855712890625 0.197601318359375 0.0509262084960938 0.121726989746094
-0.17108154296875 0.275039672851563 -0.21490478515625 0.355499267578125
0.0227378455814522 0.103468200118115 0.524687207576568 -0.101109823132165
0.0726970205882882 0.00810316178172911 0.208471956115713 -0.185264782645149
0.00797080236156065 -0.073927759639038 -0.0281215011447908 0.0590309413475
-0.0717740352860449 -0.0626849499208734 0.09533676307138 0.17978940659241
-0.0902468101824832 0.0430818360154462 0.30432120054517 0.14671394537172
-0.0311134377646019 0.0891295681759806 0.430842613593031 -0.0315824946608036
0.00325097941102234 0.0985511666951951 0.439345916217563 -0.242231515030402
0.00849802597019257 0.0820248868887796 0.389641149918331 -0.3421854622442
0.00335418823066777 0.0767112529338105 0.412100072572364 -0.264650237280604
-0.0215044121604357 0.0606370961891627 0.384135653036231 -0.102989815113017
-0.0528980789301067 0.00836881193926525 0.241896107074919 0.0440852839494512
-0.022393177359899 -0.0525341542424 0.120769388583668 -0.0284410933731001
0.0429426488729454 -0.00275955576929615 0.144439452780275 -0.167046620204875
0.0115175790103628 0.0524147025560002 0.452411523899261 -0.194217119591816
-0.054995384852453 0.0726695196242222 0.79487878959605 0.104538618576761
0.322707500319996 0.0831957441712657 0.465345431899656 -0.155189815551959
0.2914211377028 -0.100937346469724 0.168946542618325 -0.219141859574802
0.119228193414416 -0.287385046688981 -0.0687241648276627 0.0519196492361144
-0.121993518609351 -0.265439770116715 0.0463500647169932 0.184457310253171
-0.256218651908346 -0.0458158605492626 0.271903360531784 0.176839323439937
-0.193397600735043 0.109532973441619 0.398450523628908 0.00018719348247407
-0.164390179190544 0.181364039467494 0.410493980338431 -0.192487981447139
-0.157142636998374 0.20022269026424 0.363826530105329 -0.287919620862557
-0.180037174276777 0.190995809076763 0.38806514080462 -0.221728538783961
-0.209976314731289 0.0894762069149616 0.333177577212628 -0.0623553395684026
-0.24957766386177 -0.0667122515910832 0.183599226862667 0.0690849916721889
-0.122682765626579 -0.282069981128948 0.0687527009645137 -0.0563599314602086
0.119860306811022 -0.276835770733317 0.133035282450496 -0.199041057120974
0.253052135509527 -0.0933702240131372 0.474954845812305 -0.219051642509431
0.274217361829774 0.0585999329348759 0.802112060866056 0.0630392432284507
0.582736632886248 0.044051932826759 0.324368845224499 -0.207000746037293
0.478656012552611 -0.221960834244779 0.0801829088508545 -0.2260331102062
0.201946763865433 -0.487810510222004 -0.106709748305367 0.0650365693807859
-0.178639455374256 -0.445666699943114 0.00688234651882748 0.186065169763899
-0.404898558370315 -0.122145929394544 0.223772351908793 0.18339430028763
-0.334070583984754 0.121763530497335 0.320165007001395 0.0248797071901385
-0.306815261352356 0.240508296053711 0.321178882453341 -0.118277139291898
-0.298157809847423 0.288583956767136 0.281759598891532 -0.189664425119082
-0.333940845717297 0.275581612208172 0.304096928998187 -0.141990105470707
-0.367143420656268 0.103881635330774 0.225053393797611 -0.0110251280277647
-0.414581610192916 -0.133515945504495 0.0850006272122479 0.0787480380889717
-0.210125700981151 -0.479466863343624 -0.00365535772458246 -0.0932169500345054
0.179724357017394 -0.5210152338981 0.104157954434913 -0.228156129193543
0.461054321343483 -0.232716815784741 0.446324251013692 -0.223399050384489
0.562146475246412 0.0365144444167132 0.706202911529355 0.0213705245660292
0.77256844514687 -0.0135155798045805 0.113004494914753 -0.243436003702151
0.60869340892553 -0.348669180622187 -0.054393353783379 -0.192291796766234
0.238273515273283 -0.659690650037735 -0.139718296341047 0.0970348083715082
-0.2468343298447 -0.57806184103856 -0.0262076203011045 0.179845578582139
-0.522977101678344 -0.175565610327515 0.152794658724929 0.169901388493652
-0.434462401121532 0.124433792396484 0.196964243840681 0.0450524912356155
-0.405012573684612 0.267386779882497 0.183673121995004 -0.0274577125204442
-0.393610561012213 0.332829563612409 0.157918949594554 -0.0618643595780866
-0.43452975170914 0.316036184127034 0.171859863924234 -0.038080773154303
-0.465217631698836 0.0998550553792261 0.076296134510493 0.0460264465924204
-0.516485987089035 -0.180944549838287 -0.0397543110137459 0.0764613613006742
-0.270181912915769 -0.608235053887163 -0.0892009290953655 -0.125862445664742
0.212837618071974 -0.690754367009626 0.0619664310218281 -0.23958905653284
0.597019394927043 -0.335492042308052 0.363103330751504 -0.193237347092327
0.759767954049502 0.0144185043946302 0.517924920357393 -0.00385662059575921
0.855432945671603 -0.0812943571348811 -0.142808137971519 -0.250319447156034
0.649084671986156 -0.447923210363141 -0.215079051668886 -0.115353263964273
0.227099511275886 -0.753417853620385 -0.165304820226112 0.136805606003651
-0.298716777235115 -0.630216981847875 -0.0605407639275409 0.162296846001048
-0.572600277390748 -0.193305101985301 0.0542707968601171 0.138121718025892
-0.473428051007581 0.116581910242044 0.0411724401188307 0.0639230504987182
-0.445460411666567 0.25605787337829 0.0169105636119867 0.0707406206603602
-0.428883306599815 0.328610406945099 0.00950311660772144 0.0754142142824609
-0.465367127152651 0.304587477952699 0.013697034983135 0.0739724434664695
-0.48685466815459 0.0754419443799388 -0.0888055576542141 0.0980074365184527
-0.52594592647943 -0.203615143511329 -0.170073404181327 0.0602206958204095
-0.267236377311439 -0.631791457762237 -0.165597069762778 -0.149236954584459
0.220386250198612 -0.729768608093571 0.0172752051488804 -0.22518842433957
0.630803205787912 -0.365602220530828 0.241949722530569 -0.130437383709072
0.83137502696859 -0.00348793925955748 0.269129185008676 -0.0157186338394938
0.810999644767753 -0.135637462949524 -0.405784151919988 -0.225430470435264
0.587494012173185 -0.472970506021191 -0.371046104474902 -0.0113686770273476
0.182167052429827 -0.716476730481247 -0.177572810514558 0.166872211729512
-0.293899507934691 -0.572422512398339 -0.0935102259781013 0.125230366506532
-0.525276562292819 -0.181483857162381 -0.0596459744132659 0.0916703205612288
-0.435423229314568 0.0905286961573444 -0.124740961849966 0.0787123015709703
-0.417172373199463 0.205436358709299 -0.154177337158539 0.161157369203789
-0.396948502277753 0.270711343052166 -0.140575175874202 0.200931080764003
-0.425496364162651 0.243149373715631 -0.146436713197863 0.173365513168149
-0.427347859948859 0.033602000721056 -0.238631505453274 0.130912958247363
-0.434440759778013 -0.199736936588465 -0.273825856463432 0.0255650309584583
-0.198394043498901 -0.546730996010874 -0.210517653933382 -0.162082720437681
0.211604494010593 -0.620862110506559 -0.0112382281688616 -0.188871666212337
0.556246786167417 -0.31147837547234 0.111422441556683 -0.0503229116786601
0.764199517626415 -0.0101573492743924 0.00751546341190558 -0.0137145525153261
0.641612641216047 -0.164239411482307 -0.63273600736993 -0.179061338020987
0.42744969239966 -0.409209210416303 -0.494781991517602 0.0939954712459089
0.113018426983664 -0.542793829437105 -0.174151836714323 0.179893731209796
-0.223171545304058 -0.409209109137011 -0.112449021844673 0.0781485727325823
-0.377772121909769 -0.13800101491077 -0.158387392564495 0.0353131234002376
-0.321247872218794 0.0444170872703472 -0.268916099426203 0.0804251737929034
-0.31941817827882 0.119044363776156 -0.302695330589165 0.22691153498807
-0.30423224532515 0.170102403501018 -0.271382073394262 0.295861403836011
-0.320984180646046 0.142524169352479 -0.284421489946656 0.243552883752677
-0.303805116279329 -0.0178961458451223 -0.348800347980788 0.136666521254266
-0.275228763796354 -0.168223162466367 -0.328828109989425 -0.0247008415429378
-0.0873590025948818 -0.374772649432643 -0.211095884872068 -0.166288235197564
0.17421403976233 -0.40696029011592 -0.018056619226634 -0.143045003173331
0.393763891340016 -0.197054977439793 -0.00184682158916098 0.0238961988613837
0.574912760648676 -0.013787954503003 -0.223768120773104 -0.00241939522947599
0.368684607918086 -0.165001237873547 -0.782535348292761 -0.119999988554518
0.203251962052649 -0.27965672472164 -0.56829099464552 0.182530563587184
0.0264252659116819 -0.280403749612335 -0.154244539353221 0.183867484331579
-0.117839144775849 -0.180084347296398 -0.10519726833 0.0380393697642556
-0.16812982592693 -0.0727805315595373 -0.215681826318291 -0.0212472936231802
-0.153325873804978 -0.00792217684186459 -0.361879057551173 0.067087562723963
-0.169407722146819 0.015083723412545 -0.403465331225271 0.255479209804023
-0.165555116456947 0.0455910763441175 -0.36156493492355 0.345690233525445
-0.171023759679231 0.0244030949124996 -0.3778268661363 0.273953548251347
-0.144997275325855 -0.059901342262507 -0.403472058489173 0.116516089625223
-0.0950454850025301 -0.111440272941193 -0.332812271447157 -0.079335765217604
0.0131389746341442 -0.166153384609933 -0.177380708457603 -0.161052509800158
0.105090877579759 -0.161616884859583 -0.00808332206258551 -0.0991791671984329
0.183394289582932 -0.0786182055674932 -0.0821427409783797 0.0773326872539328
0.309557565682441 -0.0219920560732478 -0.389406872718774 0.0148494678490894
0.0267632394373502 0.103006974140517 0.524487963591316 -0.123811021372105
0.0731175718428531 0.00356018230963338 0.198074293292794 -0.194822351415898
0.00543791001682709 -0.0737495311534684 -0.0264834799162664 0.0603744587963493
-0.0743451870298891 -0.0599983571539971 0.10452746196199 0.175731890078241
-0.0880610060172336 0.046999119360632 0.316107958597045 0.130289812761986
-0.0267283935898857 0.0904148521405075 0.435125663022463 -0.0572384777865438
0.00897553129770417 0.0978919168597874 0.426592911466777 -0.271671208168349
0.0137752772399674 0.0826081954700778 0.369685391862271 -0.368284111772141
0.00771015197400647 0.0776715925854643 0.399390277357194 -0.293545382149123
-0.0171014608012915 0.0622187763264594 0.382888672931119 -0.128273465468755
-0.0521398510588431 0.0126517789292071 0.249316012170879 0.0318138334496362
-0.0261539743448426 -0.0504021463985604 0.117865124028377 -0.0344948518208939
0.043012967343565 -0.00494988219580615 0.133649657517926 -0.172702690749987
0.0136747966943025 0.0529849774211943 0.44688169642417 -0.213315629609506
-0.0531497732239464 0.0757930868549768 0.811811347289448 0.0667939331640927
0.328308625714507 0.0672126079456292 0.463880096810097 -0.174887136820635
0.287024877032877 -0.116578768233369 0.156756024242786 -0.226900719941802
0.104907289130319 -0.294179892813411 -0.0662280531694693 0.0550761954125397
-0.136000933751452 -0.261861032658772 0.0555444752507391 0.182608096364336
-0.260693300435769 -0.0326129125117286 0.286266538390539 0.162000425056401
-0.189552907343681 0.119014267247955 0.403735539184774 -0.0235291194842976
-0.155576388326976 0.190818927153917 0.401097928229991 -0.219285156437511
-0.146631142488809 0.212749589371319 0.347252582283328 -0.312688045470996
-0.171362133285104 0.204337240821716 0.378185514886089 -0.249315904637662
-0.206926458853102 0.10066999970012 0.332925272966807 -0.0837476992335379
-0.255803373752114 -0.05268086348421 0.192008817260239 0.0600382369529144
-0.139570918590783 -0.277992866972105 0.0632412679423171 -0.060205773106731
0.106928980414322 -0.286819750529564 0.122182238420566 -0.204615820357206
0.251062929397347 -0.106606142519325 0.468449966456593 -0.241015958579395
0.279291017253151 0.0444572145391718 0.815334800551377 0.0234556330695496
0.58893334843728 0.0146963236737211 0.318104814803285 -0.221585040021847
0.470645746674444 -0.247297605563749 0.0669754076798782 -0.228196736434215
0.177773468299494 -0.500919718441317 -0.102825674059473 0.0695673654678571
-0.20281173215754 -0.440467747850861 0.0162464108384625 0.185317131648135
-0.414818011472679 -0.100148980118517 0.239436378293894 0.171598660287017
-0.331520206254589 0.138870421833927 0.326421680640212 0.00604079994164961
-0.297700913478841 0.258508585860701 0.31619372467597 -0.13875698664841
-0.283931184821337 0.310860931193551 0.270897528028906 -0.208677928103361
-0.321449046920053 0.298690177595253 0.296374809909227 -0.163988362586234
-0.364883899266364 0.1228069622747 0.225935677795757 -0.025801176962982
-0.426478307149128 -0.110280279764245 0.0934378447822931 0.0739981788461465
-0.239246011075186 -0.473821164121555 -0.0126267642790591 -0.0928426453093177
0.152793753927603 -0.538091741075558 0.0938140116246001 -0.233367453510792
0.454832527143838 -0.256909803642343 0.439531519162055 -0.245288068361825
0.570852574912677 0.00682814199366025 0.714846038632897 -0.0129109042396885
0.776121022073957 -0.0540204472979117 0.103628014127126 -0.248788070511961
0.594137031879712 -0.380389255954991 -0.0645139138396354 -0.187207405507465
0.203019082343708 -0.677772542323271 -0.133920989284394 0.104468940139662
-0.27904093384514 -0.571568618190827 -0.0172871653919618 0.181032113481656
-0.536596203761759 -0.145537384356653 0.167498186962505 0.160889418047125
-0.433039725984566 0.148657260442478 0.203175932326951 0.033713895106047
-0.396944635064104 0.291147213122863 0.18355554517378 -0.0384852895259504
-0.377731374981853 0.361505566309134 0.154088632007347 -0.0722217186034282
-0.420264699283628 0.346591694822818 0.168708461843033 -0.0508687169141686
-0.466146657028077 0.124509870615502 0.0789028252535746 0.0412752634564742
-0.532245884291117 -0.154388723498447 -0.0336393985824215 0.0777813036982044
-0.307378602755184 -0.603274213503633 -0.10121304994011 -0.120977767640685
0.177701847826367 -0.708713513243211 0.0517799658353055 -0.244285625617485
0.587136727868561 -0.36796020590696 0.359682606735454 -0.215018961450877
0.768813307884266 -0.0262467920549299 0.520948934520703 -0.0297784087751902
0.859171124849363 -0.125216458521255 -0.153695062218012 -0.245812333675137
0.635041307786717 -0.482303380360672 -0.221997332518103 -0.103118884197132
0.186540112885616 -0.772802980269549 -0.15727492584801 0.14615032040824
-0.334664502235076 -0.624023784443205 -0.0527901433017667 0.164723262980024
-0.589545078228089 -0.160059944392464 0.0663802534771362 0.13359722541134
-0.474077053612311 0.141739811456417 0.0462330780540603 0.0620418217679336
-0.438103045801094 0.283728136462583 0.0226926700002953 0.0709902312528586
-0.413137092537999 0.35866680970405 0.0142980901126569 0.0750396034337603
-0.452273927723427 0.335349240093012 0.0157204467003899 0.0719001885720289
-0.48890251376222 0.099636349872009 -0.0842805031526309 0.103772752658018
-0.542496414583307 -0.17624746236166 -0.166600328572089 0.0686837176230898
-0.305013723733077 -0.627917224065217 -0.179237352458285 -0.140740727649423
0.183757001708718 -0.749311440834937 0.00778583956441979 -0.229109689598116
0.620481430619948 -0.40030185911593 0.240336314181504 -0.147089294310499
0.841855887539763 -0.0487165096975308 0.269082774440037 -0.0292786712753555
0.811695896538524 -0.178566637667494 -0.418020039079935 -0.209188494574711
0.569440476137525 -0.504412876968921 -0.372391034889209 0.00956707797984818
0.14290216196563 -0.735832164072495 -0.16752383353706 0.17776789027935
-0.327437282080208 -0.564341909089879 -0.0868684368831843 0.129656999266358
-0.541354891179803 -0.150404316061016 -0.0515641204806707 0.0938621470327849
-0.436273011650709 0.113076842592589 -0.121384007873304 0.0861258573895261
-0.413095837625889 0.229553633288355 -0.143740310733151 0.172837524519032
-0.385764595370093 0.298131321075517 -0.128607769070203 0.211465004985205
-0.415899619270125 0.26893629367206 -0.139801107788459 0.182796115403299
-0.431899946697894 0.0538753909130692 -0.233801990889106 0.146702746348146
-0.450187668962688 -0.179246309052762 -0.27416383259055 0.0400545682381688
-0.229621648704599 -0.545804280658127 -0.224903762849899 -0.151216654166407
0.178844324233292 -0.639055637424947 -0.0182441733959761 -0.192057934994982
0.544417888660825 -0.340658379675144 0.112670869736837 -0.0613109362242742
0.772726577188467 -0.0517399448308171 0.00301024868806258 -0.0144554019884571
0.638799073620147 -0.198081681757136 -0.644319340554616 -0.151212524304153
0.413007947818561 -0.431466729905351 -0.491105209977561 0.121524512511389
0.0838037224814861 -0.557542325649819 -0.163251786822557 0.19098362767777
-0.246215612421164 -0.403292470370177 -0.108435343695532 0.0827650061538357
-0.390186040139026 -0.115602879383371 -0.155926621148386 0.0430655219967255
-0.32355602698672 0.0617380292846384 -0.267766046162923 0.0966148156343743
-0.318887829548956 0.138855988615052 -0.289785553784848 0.248468790347265
-0.298719645500614 0.191951574211105 -0.253924987317985 0.314654041944349
-0.315093036336055 0.161894776530084 -0.274189245140011 0.261765172248045
-0.310106615190704 -0.00322798539365714 -0.34449410213192 0.159105016693865
-0.287518835591381 -0.154965555478056 -0.333264044248044 -0.00798183826117917
-0.107760640568499 -0.376715347232712 -0.223463978439621 -0.156466228296559
0.153941580795239 -0.419774246792331 -0.021951609271831 -0.147063332240928
0.38694655864435 -0.218503798725629 0.00199099041122563 0.0185839041022923
0.58234404727652 -0.0454214713600189 -0.229873655148506 0.00805632198023471
0.365295586747203 -0.184616293118297 -0.79258282877004 -0.0884033891979273
0.192588445258931 -0.290770368222296 -0.562712056372463 0.212785592275942
0.0120054644662651 -0.286355237634088 -0.143580168247887 0.193920722556871
-0.128088190253506 -0.1758598889593 -0.102469528205703 0.0421273995614228
-0.17498148179634 -0.0628053010659989 -0.218719614300003 -0.0109850303444445
-0.156201554994367 0.000936155498604069 -0.363811640366137 0.0886125102748124
-0.172353448141864 0.0253316110169578 -0.389910876674561 0.28309981477014
-0.165916738095026 0.0564883044722787 -0.340006461528789 0.370767873538986
-0.171608079751183 0.0335925540238228 -0.365892808500278 0.299395984946901
-0.151243852376658 -0.0532285145902931 -0.400276212632278 0.142064212417424
-0.102424028084744 -0.107790734165469 -0.342106127764347 -0.0622640665409196
0.00441778909958388 -0.17013896363864 -0.187117138335873 -0.153146980417387
0.0963966076244618 -0.168373227205967 -0.0106715243592054 -0.104213963416695
0.180483283460901 -0.0880136211879399 -0.0772279732698109 0.0768144192735037
0.313495846613962 -0.0396110562543688 -0.396563893853525 0.0338247936300552
0.0304011893960212 0.100453504456018 0.514926446946243 -0.142905607611438
0.0709812235992503 0.000267549265934391 0.184059720930342 -0.198740168233338
0.00349461081975717 -0.0719247367917638 -0.0246321960903565 0.0610413580515807
-0.076339558665647 -0.056363891024459 0.111803197663443 0.168995125876028
-0.084556025227839 0.0496785228488246 0.320528488634212 0.111122638536984
-0.0219358359264933 0.0895395021369464 0.428488909831604 -0.0804634199989217
0.0138253904832181 0.0951072599663889 0.404263322441078 -0.292506582631115
0.0194807937762393 0.0807332464069523 0.341744324798309 -0.384673073482756
0.0121366631399949 0.0773666433194469 0.378786844836046 -0.314963028065494
-0.0125022522533186 0.0621047252648827 0.371699831529534 -0.149746524213064
-0.0495800173877106 0.0159402779001307 0.251026952274498 0.0191649313824037
-0.0290478003297885 -0.0464069985208227 0.113157001158694 -0.0391391552076467
0.0427276713822916 -0.0068422681564356 0.122000855393745 -0.173255860596063
0.0155199707725295 0.051976659642223 0.430254652352596 -0.229083289617468
-0.0502521421195624 0.0770330641264209 0.809325700617831 0.0298111887271222
0.326401613751468 0.051171755226355 0.452714035209366 -0.19087842663051
0.278403959910374 -0.127246683305953 0.142545073897117 -0.228330822851307
0.0898011509784744 -0.294431189878626 -0.0636181804818366 0.0574133519577929
-0.146613754623422 -0.254300615936746 0.062978131265609 0.17699981524197
-0.258350803850349 -0.0191982458478875 0.29310850322139 0.143614074342584
-0.182329699627554 0.126029803958585 0.399582046665634 -0.0449904013910441
-0.144953921329557 0.195621666376302 0.382390931574339 -0.239265051064268
-0.132749088068584 0.21925646180038 0.322724722690226 -0.328142211683154
-0.158018321452504 0.212478124394075 0.358759474992145 -0.269462721204688
-0.199563463292928 0.108397439857483 0.324695117201677 -0.102924265992176
-0.255077889262936 -0.0386842690762596 0.195450043692354 0.0481558112172506
-0.153549105881634 -0.268199206775906 0.0569866451161901 -0.0610679999761677
0.0913545358265343 -0.289841794201558 0.110279648147677 -0.204736602173607
0.243714603663693 -0.116339067114642 0.453666050992699 -0.257613623611555
0.278431789023423 0.0295964486526105 0.808628502826405 -0.0111739101468663
0.581192892848921 -0.0125371118064292 0.307053480609355 -0.230814723355245
0.453577802128446 -0.263945761850919 0.0549184972376203 -0.225408203260828
0.15096073789169 -0.503155163430463 -0.0974354860920316 0.0731977180134067
-0.221414321856721 -0.42735218016886 0.0245458359405247 0.180308646608119
-0.413714303384196 -0.0784705068440957 0.247002658544443 0.154976839622038
-0.321490339778909 0.151929152065341 0.324288524119615 -0.0120649444942111
-0.282391515813106 0.270840884592234 0.303822852946892 -0.155298351269209
-0.263907500497378 0.325095726413746 0.253872549357952 -0.221070854087586
-0.302440112355228 0.31411116558032 0.28219936685722 -0.179802181355454
-0.356631861119332 0.137622661712911 0.221721479726395 -0.0384886772264369
-0.426812704757901 -0.0876049143459637 0.098092453092656 0.0671754498243994
-0.26308268053236 -0.459441835778055 -0.0208990594966502 -0.0889638898713718
0.125188247706154 -0.540628740216256 0.0823733817267336 -0.232743994557858
0.439326826227731 -0.274754615400229 0.424489398528712 -0.263451439103874
0.566927422263293 -0.0210271620660784 0.706996454333959 -0.0428318766416033
0.76391813180863 -0.0888198689497336 0.0940482474697012 -0.249032683937866
0.572115032032638 -0.402739316739802 -0.0723910590958369 -0.179458606492373
0.168489743126882 -0.678889852855458 -0.125582293317883 0.108627982645642
-0.303156373938889 -0.55461905596707 -0.00940058807277181 0.178408717282656
-0.536352236787053 -0.115274762561924 0.176584373892519 0.147477848384904
-0.422913316794059 0.166401008215949 0.204088587344205 0.0224173973351694
-0.379670760153311 0.308126311874193 0.179559184096666 -0.0494383411426729
-0.353969069416371 0.380983791578857 0.146346742546075 -0.0806822785325885
-0.397456183563563 0.364951783182674 0.161621994944398 -0.0612103058215559
-0.456376836339066 0.142752059079812 0.0793150340392747 0.0357233734207655
-0.532975842008339 -0.125748418379412 -0.0273577025068806 0.0765696855066136
-0.335466169907876 -0.582950951302852 -0.109417495117995 -0.112351299053555
0.140006175462867 -0.712671954613084 0.0409842869410596 -0.243009002214162
0.564253439460691 -0.389049961904019 0.346846689721424 -0.229171110764306
0.761281364111121 -0.0635929529971946 0.513097315603442 -0.0521516265560569
0.841416908108452 -0.163386215005624 -0.160157861805545 -0.236094330164602
0.605297441102627 -0.502907472204888 -0.222024584807447 -0.0888076271716957
0.143989376391589 -0.775153752571955 -0.145181289518545 0.151668676520286
-0.359834813610507 -0.602559355899058 -0.0450464329100865 0.16292657674376
-0.589666132717966 -0.126171170982649 0.0755523712319381 0.12619580261751
-0.462309847685352 0.162484636965884 0.0496101020663295 0.0578267293672342
-0.421363174458994 0.30374871433348 0.027502848882914 0.0675864009895334
-0.388611843061949 0.379569008177572 0.0174416285055409 0.0727777021076053
-0.429253803067362 0.357019185204 0.017083291524371 0.0693017054190541
-0.481011178839657 0.121402592728598 -0.0789392065857864 0.107235416354719
-0.545996727148409 -0.147555497350208 -0.160445984082551 0.0739980191532683
-0.335356266718511 -0.611634899829486 -0.187820998713471 -0.128361104631916
0.144057964292324 -0.751148244345441 -5.62029604542819E-05 -0.22825126666846
0.595622875344213 -0.421943443020336 0.231976917678971 -0.16064599651031
0.833065499434416 -0.0876800457036273 0.26318148701552 -0.0403377239192104
0.79543348660367 -0.214129994310232 -0.420054966263378 -0.191333897788913
0.542189774892267 -0.524705382522724 -0.366434108451839 0.028078938741239
0.104702803191109 -0.735831796541514 -0.153943897868116 0.183115943251679
-0.350928601960007 -0.545922332544265 -0.0797782196014985 0.129722714293137
-0.544029052447837 -0.118282099546228 -0.0434803638920387 0.0927296066074657
-0.42726820389603 0.131824237139551 -0.116062836696044 0.0910401462991581
-0.398958423246691 0.249549059717894 -0.130760893929214 0.177909978657674
-0.366777437761671 0.319576383004965 -0.113981585664258 0.215251986929398
-0.396632470159016 0.289043149096837 -0.129782972087693 0.187760571342955
-0.427196101768337 0.072346434060073 -0.224309972866167 0.158279982524704
-0.453366126162394 -0.154053705160195 -0.269485654157856 0.0513390607738314
-0.255645955470085 -0.532063225176731 -0.23186207120134 -0.137510216047501
0.144034777206674 -0.642419077954563 -0.0253193304671588 -0.19187253563653
0.526324278678537 -0.359525626777815 0.109690896492136 -0.0716573281500981
0.763950801719579 -0.0890751907067751 -0.00101282475982728 -0.013701713333529
0.624264681004819 -0.225890889765469 -0.642102491516125 -0.125024677790125
0.390690574089628 -0.445413835668476 -0.478279997551903 0.143292391682871
0.0558352715497316 -0.556778012298735 -0.149482093021364 0.195350510271737
-0.263938820446254 -0.389565104716441 -0.102716643681501 0.0854280534647047
-0.391956411403396 -0.0917302680924009 -0.150298160186411 0.0481151434173894
-0.318756433174821 0.0769542585134676 -0.260388700459142 0.109598620071437
-0.311313987192408 0.155401807151843 -0.270194833006414 0.261793060270514
-0.285975168317629 0.207340931741289 -0.230953295301419 0.324439716783849
-0.303151710497233 0.177387245086952 -0.257007594767426 0.273898876791009
-0.308432442801845 0.0107626887035204 -0.332120999696675 0.17764073776765
-0.291806890176189 -0.139415141248056 -0.331151666244296 0.00789499920730634
-0.126288788858695 -0.370558402037568 -0.229815235432833 -0.142676331359929
0.130299698940071 -0.424010036407392 -0.0273583258820391 -0.148559621464248
0.373603718543582 -0.232163982703123 0.00339041478308141 0.0124051638572425
0.577746079728625 -0.0741996732321785 -0.230819350630134 0.0187848611704013
0.354480003556199 -0.198895286223944 -0.786491841435572 -0.0558427993397965
0.180027212441024 -0.294586615150327 -0.542879897743881 0.235238603883983
-0.00174727674032516 -0.286016468350717 -0.130768226498447 0.197765032102548
-0.134601027590387 -0.169128791547666 -0.0985941561985694 0.0452326924216114
-0.17688058883692 -0.0505101485827569 -0.216420417815657 -0.00130835136966857
-0.15553985788138 0.0089876166366521 -0.356957194942394 0.105921654113815
-0.171576617857581 0.0353995600478325 -0.367746160590959 0.301956225327846
-0.162115821064766 0.0656979756960208 -0.312701615953285 0.385543395652984
-0.16823599720609 0.0421299497558889 -0.344723972946185 0.317553740265236
-0.153893223750335 -0.0458417243873311 -0.388726376160157 0.164292433809889
-0.106369023525777 -0.10200630554521 -0.343716766119342 -0.043671430058223
-0.00452172302635143 -0.170594979455901 -0.1921398732982 -0.141451130809068
0.085423374309574 -0.171805079239941 -0.014417453022643 -0.107559849922416
0.174683857667704 -0.0951051764749446 -0.0726603991216335 0.0744060010514921
0.31024895195403 -0.0557858879474723 -0.394555064162218 0.0530547773311826
0.0648173545527522 0.0788147917754562 0.432819698104126 -0.300666679344664
0.0651144245266708 -0.0272572421558504 0.104975010793186 -0.238991821624146
-0.019832516776242 -0.068069638862706 0.000626643650592644 0.0674338755257863
-0.0890037529786306 -0.024001593261975 0.164605658351417 0.117485816556277
-0.0577800634622196 0.0733719558736527 0.334048536721614 -0.00674313441725788
0.0146287637228045 0.0874195993147279 0.367072899084412 -0.223928255067393
0.0480606631372235 0.081085881029658 0.268395969357906 -0.412372367732171
0.0456591821032484 0.0641023446264072 0.176311732538982 -0.468168024341236
0.0380658909918848 0.0670759918240287 0.241770913855183 -0.417149815119956
0.00826373428415194 0.0596056931515355 0.292591479609714 -0.262892262389816
-0.0395447387671978 0.0313785782265793 0.238601576765157 -0.0672550131726014
-0.0416549115015684 -0.0317838174214197 0.0912057531107975 -0.0699764691794793
0.0363940663689552 -0.020177993440068 0.0565247394032785 -0.195864007183717
0.0267919723535522 0.0453844809071788 0.332093070140892 -0.345330556559499
-0.0292733387870663 0.0898509238999242 0.755517584181903 -0.216674328774169
0.32722581696978 -0.0705607832060436 0.354170292714496 -0.314310346629704
0.213724827683349 -0.220067252044905 0.057330910376238 -0.240322995698385
-0.0189968762241649 -0.304088936365878 -0.0246835817978146 0.0858623492542005
-0.225885404568141 -0.180650789660676 0.134045661485216 0.139931658515918
-0.240522434990673 0.0693577368260347 0.324517755381897 0.0251764262394123
-0.12087116591366 0.174018687236406 0.353030322958952 -0.187788674253586
-0.0684742607902266 0.230857291267356 0.270234383338572 -0.361671911566406
-0.0474196695808515 0.24192059500638 0.176068495684887 -0.415361136378535
-0.0726349629446443 0.247405090030462 0.235880936993936 -0.371233844206454
-0.149938425594027 0.163773171182341 0.267142623556495 -0.206959023583922
-0.246772459633938 0.0494579239774914 0.202424750625325 -0.0250516413030611
-0.23167409451586 -0.197426125294144 0.0358680081945594 -0.068277089857728
-0.0102880633556523 -0.298074343253076 0.0332017662840291 -0.217559197562165
0.183552784453029 -0.186261740358101 0.337809911874024 -0.382054261063774
0.266135891338448 -0.0592514649018545 0.737878639446387 -0.261891822272883
0.543463528048497 -0.21893328172896 0.200777506745668 -0.294395865776805
0.329309283579377 -0.40843303722514 -0.022201554070486 -0.198317135964939
-0.0360350356948089 -0.518843247948602 -0.0389882909178801 0.118010454364701
-0.358159139214598 -0.312932792392608 0.1101615815383 0.155038332382039
-0.403409841522931 0.0679790247839876 0.291383768351463 0.0439878009286304
-0.241190568819828 0.2445320053719 0.294872456961711 -0.13624573000815
-0.172755467545666 0.348408091746366 0.230675477367837 -0.26068689342732
-0.132253640496215 0.382559901210472 0.148618614688415 -0.297866202081206
-0.17060095538322 0.388101912706909 0.194007919174469 -0.265706134121491
-0.286428319798048 0.242216444203315 0.196050866063763 -0.115794625480948
-0.421494449720119 0.0604425277794603 0.122814693332793 0.0213476217765599
-0.39657174154384 -0.341542535677053 -0.0414760521441502 -0.0655182143881689
-0.0607877420512925 -0.542051469659114 -0.00413881163120998 -0.231253519011579
0.3140113033023 -0.397597428128555 0.305377261159255 -0.38177057905558
0.522928029378359 -0.197624838905681 0.627207603186519 -0.265609033732592
0.689150701661074 -0.353138285064493 -0.00622606757891743 -0.236991871871362
0.393568582332347 -0.578419529817978 -0.12373160747337 -0.105703737279536
-0.0824061450640369 -0.688597096604436 -0.0428821029346943 0.164138288244295
-0.477424347177935 -0.400851172961593 0.0859866673887801 0.160609759554966
-0.52986320682241 0.0760390881585412 0.226065635970478 0.0553445457443184
-0.330347566442036 0.291774001277057 0.195880761136271 -0.0674219459499365
-0.253269488775315 0.418978858370483 0.156264655538316 -0.122585281604198
-0.19684896724244 0.465313119925767 0.0995215683646692 -0.13528369989429
-0.241843779525457 0.467829182890005 0.122172957326057 -0.116900179161857
-0.377787810309451 0.280571304945207 0.0909477441965545 -0.000962542105761324
-0.532280853767507 0.0610744980603049 0.0123074160670118 0.0705645085348168
-0.505612772148523 -0.432858699363215 -0.128103546959566 -0.0566929484881847
-0.102024699400883 -0.705262504602992 -0.0479034805480689 -0.225906617181029
0.392634922656608 -0.545933811015321 0.239064963660111 -0.327858937969704
0.694168837861004 -0.29991714982802 0.441339342722908 -0.218334380658733
0.737450610196007 -0.448256596199142 -0.240144141829268 -0.139042659120018
0.388968517142774 -0.686486208455368 -0.230528608299878 0.0310431241688131
-0.137870590798249 -0.770289798459633 -0.0407729417377431 0.21060208356339
-0.548427031395888 -0.42480279265059 0.0518328800990968 0.155252944972151
-0.582637249210788 0.084327692901167 0.1267377979646 0.0658329046530998
-0.372336957534962 0.303543873646544 0.0650623138429049 0.0167622517494233
-0.295420305845623 0.430279125746913 0.0588589485010425 0.037483511629507
-0.23115494276667 0.476760588913687 0.0361073576386454 0.0481059215828406
-0.275301348980443 0.47004265054344 0.0334816939789767 0.0509994176369714
-0.408226329552071 0.268713617903101 -0.0310810129261316 0.117268910338665
-0.550403861326555 0.0443771504099076 -0.110144293095198 0.112798439772203
-0.51574956993139 -0.458675236617499 -0.205403280494261 -0.0456812129073916
-0.112154531394359 -0.742353752367915 -0.0823354384773069 -0.199436309146571
0.411923038447284 -0.586697754548582 0.151310874037524 -0.229209721218909
0.753095670816509 -0.346662719283503 0.210955266874947 -0.133089587403794
0.676073799391562 -0.478703588059113 -0.466235454860773 -0.0141651384358685
0.322678942738367 -0.68048044920084 -0.324091642709257 0.184115069093569
-0.162662786860877 -0.719528363460898 -0.0398076067631829 0.239302851494393
-0.519819832895862 -0.376757168029348 0.00502025808236549 0.135816003870594
-0.539068174969313 0.0760986596223738 0.004299922147146 0.0763524009722281
-0.35203852484302 0.265107387112262 -0.0767286882480456 0.106152919936686
-0.293195786050838 0.375796560075828 -0.0472414067872587 0.196150918412106
-0.230524036355792 0.414234189384835 -0.033822390994187 0.224594201695097
-0.268671611518658 0.39782553218844 -0.0608153327190856 0.210220597264885
-0.372701320006191 0.206723438899484 -0.148350222254259 0.213589332700379
-0.4696471035607 0.0073049983237546 -0.219862580979968 0.13024423604451
-0.413953490690958 -0.412897538201873 -0.250652638635658 -0.0420941151306712
-0.0762711363614477 -0.640487253724205 -0.0935766878625561 -0.162096855092262
0.369216009197018 -0.505156038115814 0.0669983436845243 -0.108724586564969
0.691146354437449 -0.326335582941235 -0.022842047407003 -0.0271354941931791
0.508541152113298 -0.426947140938321 -0.648377677169016 0.113506393347977
0.210021890716016 -0.552118339170416 -0.390157657597572 0.317640816076662
-0.143986922609163 -0.537627238311239 -0.0418160165756193 0.243479982547372
-0.38352805546719 -0.26480856075106 -0.0417914459513659 0.104059547296163
-0.392343054282455 0.0490625587719927 -0.114406268303593 0.0764139514891209
-0.271219091464825 0.178114576362539 -0.205254361865924 0.177530012881864
-0.24335579814577 0.256751434540099 -0.148659741402233 0.325639199344683
-0.194563537937128 0.288027940088903 -0.100017276895526 0.367343919042463
-0.219831790402856 0.26337803104815 -0.147207470345133 0.333316603161291
-0.282303177185194 0.111316336561398 -0.243106523190359 0.268339035440086
-0.314991059593804 -0.0328474326785905 -0.294236336831097 0.114792756746461
-0.24062723340587 -0.304055110645625 -0.253181396255148 -0.0511333998375104
-0.0188661398059355 -0.432952317702759 -0.0798650311561204 -0.125613161131909
0.270597420982328 -0.33781861530168 -0.00233583265453367 0.00265447120114098
0.520138929006259 -0.254308698779088 -0.221545858483333 0.0768884476884832
0.263929919837337 -0.305739110060551 -0.757568755637633 0.214497258565392
0.0651360593336457 -0.33487936421803 -0.421930380309699 0.410432241157333
-0.102537182946432 -0.265910740777007 -0.0395342282303816 0.2305904198594
-0.185015930249503 -0.108783580429035 -0.0656958375732701 0.0690490829926536
-0.181550252999565 0.0144367822716833 -0.197748514817876 0.0619907637587017
-0.144849635899719 0.0620039970957018 -0.295411302379492 0.214041590369519
-0.153210436810101 0.0968090098499197 -0.226344835070222 0.402248833116777
-0.128335456721063 0.116920147371733 -0.15105342032133 0.45405835100443
-0.141686062390977 0.0944765985500548 -0.210476263476711 0.404317823658906
-0.157167166352789 0.00972561386349047 -0.301048965796612 0.277451816689648
-0.131698358894821 -0.0594608107905948 -0.326901770304659 0.0741944116917561
-0.0621215811537472 -0.158217223163292 -0.221007695957411 -0.0655971495615994
0.0218590105796755 -0.185803955937338 -0.0531719272751308 -0.0963220480340492
0.131714751640864 -0.145695160941306 -0.0497084890600675 0.0856376928767273
0.276811051740115 -0.152506123897973 -0.356793213152773 0.163624214259858
0.0649196692690123 0.0765338388729268 0.428577874161627 -0.305185559336755
0.0632682173329134 -0.0279677490523041 0.100547233503908 -0.236138548534786
-0.0194365570315913 -0.0674658847286893 0.00195362006972334 0.0681824599209968
-0.088798784913629 -0.0227448799007976 0.16570760062283 0.112559238491356
-0.0560793866251234 0.0728733623598094 0.330763338006037 -0.0160304283715207
0.0165200479639149 0.0853966160355397 0.36036661804487 -0.233265117184234
0.0491828493309495 0.0780814635863848 0.254992332202177 -0.414961615240649
0.0470520831626726 0.0617023036601539 0.160294408579831 -0.46561681255772
0.0405908102416365 0.0649198848400991 0.226516508670252 -0.421355500031305
0.00970558112771214 0.0581418758505092 0.282585415519872 -0.268698756283798
-0.0376754370852984 0.0319185481823377 0.236690917163887 -0.0730724626399404
-0.0416151655881848 -0.028748956326472 0.0879644944863636 -0.0694154738094773
0.0362366938394616 -0.020977730953007 0.053509966657492 -0.191237400831131
0.0257918186269742 0.0447066459476589 0.325713696440801 -0.34596031508679
-0.0296074666220111 0.0901972471915021 0.749169950316193 -0.226969368164656
0.321908863299055 -0.0766759493611828 0.349550529622093 -0.316849926838351
0.207760792624293 -0.221458573827289 0.0529858086849584 -0.236024922384952
-0.0239566303693418 -0.301214587544997 -0.0214861281948058 0.0854402928881507
-0.226936237991612 -0.175290062153724 0.134894962071662 0.134954735446451
-0.236654280920004 0.0732545765078589 0.323464534199674 0.0150989632625425
-0.117000378552887 0.17335822950968 0.346757680861505 -0.197141223071514
-0.0634098807210614 0.23058481318457 0.257943545492422 -0.364328036282443
-0.0401260911894579 0.241853678169783 0.161261481277895 -0.412822106996002
-0.0647836187908269 0.247565802426181 0.221643466528123 -0.374764603015937
-0.146091845237869 0.164862361053761 0.258778393333468 -0.213186354379388
-0.242867682845557 0.0541837078941281 0.201000112562051 -0.0309192599654937
-0.234803433681693 -0.191261662023641 0.0326908207688935 -0.0658338216590005
-0.0170459462585941 -0.297178995946918 0.0309633779898575 -0.213549999749581
0.178161315495636 -0.188533181066695 0.331381872860928 -0.383449227713697
0.262312486248884 -0.0645251981033416 0.729374010172714 -0.272302529308137
0.535680190956484 -0.22856011344889 0.196011983109319 -0.294627031142291
0.320079050213408 -0.41101535676154 -0.0242904487100618 -0.193589385432288
-0.0456457698063282 -0.511633102650082 -0.0340961368901402 0.116778095926162
-0.360772761555313 -0.305781323911835 0.110719400369382 0.150021883961585
-0.397827053665303 0.0760608399202247 0.289856881987447 0.0336221466166089
-0.235304335271943 0.245461883937907 0.289521478555053 -0.1442921511668
-0.164728862523418 0.350864792439553 0.221008932682081 -0.26510032100278
-0.120780373666829 0.385765344870148 0.137339419056807 -0.296962940224623
-0.158100039096391 0.38977218047076 0.181378650006016 -0.268818642259522
-0.280446102877262 0.244683991609357 0.189811507249842 -0.12040075379003
-0.416779306329361 0.0688003369983128 0.12232556976414 0.0166199295479637
-0.40214437862014 -0.332157904525338 -0.0440791106845463 -0.0615722115945343
-0.0729646918546331 -0.538439533244377 -0.00545677413988205 -0.228024016422941
0.305486632330238 -0.400463374538276 0.296988810552672 -0.38306410218209
0.514779630746446 -0.208628354673176 0.618328386883383 -0.272616587855412
0.676606026751828 -0.361855636019126 -0.00906434590455003 -0.235440829183735
0.381319517307322 -0.580542276454243 -0.122777612772677 -0.100902782562115
-0.0959731429271267 -0.679901494948654 -0.0366519664995129 0.1613263793803
-0.482628206629637 -0.389826194246209 0.0866891902085026 0.156456330825197
-0.521690706507496 0.0857186736135707 0.226284190077778 0.0464497139949144
-0.323359294700388 0.295042358255675 0.191816454446302 -0.0735219849300614
-0.24307760703094 0.422939555585987 0.150764454416349 -0.125840607299565
-0.181470211854014 0.468159516843781 0.0932967654921584 -0.135328488552533
-0.225894814191586 0.47015230659507 0.114859148234267 -0.119058992770666
-0.371241753559292 0.284208603596904 0.0884497347541278 -0.00331735056490568
-0.527511483600562 0.0711463990617712 0.0131696541512304 0.0683985670941604
-0.512457596073134 -0.421481971412156 -0.12992449061425 -0.051561299245331
-0.116618758176867 -0.699077200296174 -0.0495225845882102 -0.223924696533104
0.383162778836354 -0.547505664486727 0.230955651963994 -0.331068789741658
0.685007028422576 -0.312615258042498 0.434093348106708 -0.223777126159069
0.723842477963947 -0.458017388354794 -0.240398841442391 -0.135805473336872
0.375962115786636 -0.68919330251726 -0.226872490666832 0.0358426481547665
-0.153879663352941 -0.760118149356761 -0.0337728237231285 0.206976234034145
-0.55338877622238 -0.413821871450772 0.0531628717534901 0.151581817096659
-0.574963346577779 0.0970517355479315 0.128035860652787 0.0587999376397753
-0.363840607063236 0.30799828446021 0.0636866224826354 0.0146212276450985
-0.285062973535518 0.436610201009294 0.05876733669733 0.0342929075409371
-0.215659189264282 0.481551312238627 0.0355527134227181 0.0464176535072879
-0.259495805342712 0.472884576683532 0.032034074296689 0.0491169486097215
-0.401679857087849 0.273667040266986 -0.0283915595301457 0.117407049493794
-0.546614861410732 0.0556164702333058 -0.108168056269444 0.113304408157691
-0.523203147638767 -0.446067361476988 -0.205953017212445 -0.0389141253175857
-0.12688579248388 -0.735700489779536 -0.084323699132558 -0.198767557355008
0.40035896214954 -0.587361125694822 0.14550364464968 -0.232364987189022
0.743292240445055 -0.360320620216003 0.206101407061493 -0.133746412351254
0.662890016560571 -0.486972095618464 -0.463893165440713 -0.00893193230464851
0.3118139190715 -0.684904787990023 -0.316974082929402 0.188205576525898
-0.17550635198816 -0.711481317545777 -0.0329131139921819 0.235113743422764
-0.525574256758189 -0.36630138397988 0.00672478907352735 0.133467361464619
-0.531770247183081 0.0886937587925863 0.00607034976038349 0.0721444719934696
-0.344974912415199 0.26997899439784 -0.0761365310424079 0.106957951093568
-0.284389366249002 0.382428850011967 -0.0424344785416839 0.194025219441135
-0.216942418512252 0.420498991293458 -0.0276273809879997 0.22186192839344
-0.25568786680812 0.401436545077863 -0.0561660177019788 0.20947714918675
-0.368512825357974 0.212677911531899 -0.141501987401472 0.216343634235994
-0.465286886586043 0.0168519239260878 -0.216711508940548 0.134061148747632
-0.42299054181769 -0.402771650348718 -0.250135347890319 -0.0348779375777998
-0.0900901217034698 -0.634757425125548 -0.0965184711444407 -0.162035379905695
0.359981641105682 -0.506492140131392 0.0617711216575755 -0.113060082354216
0.681096597539229 -0.339595702283123 -0.0249143313296196 -0.023876932191146
0.498616906358434 -0.43267397965125 -0.644434272788771 0.118430422073508
0.201882996238625 -0.553706025414155 -0.38049342203496 0.321258057930922
-0.155170373714816 -0.531673294856086 -0.0353344520291755 0.239711719363651
-0.387015995754925 -0.257523151405956 -0.0397464538403745 0.1033600745706
-0.387424358001828 0.0594633258076806 -0.111211238124568 0.0759129638084728
-0.266499204936737 0.182337402172146 -0.202527485254785 0.182066430664358
-0.236953608123185 0.264139355185532 -0.138743590485909 0.324494422092886
-0.185088015415543 0.294008349756746 -0.0880980517881759 0.363823842516092
-0.212261427363514 0.26749669464868 -0.136440755150959 0.335314357540847
-0.280403547772108 0.116351464130768 -0.233838333932515 0.273996408988461
-0.313219433649946 -0.0263647907121558 -0.290942570258594 0.12034853909838
-0.248608371723169 -0.298629787368342 -0.252302461503658 -0.0442878797282936
-0.0298385767076386 -0.430134182306646 -0.0832626259264037 -0.12707260548793
0.264201326184299 -0.338783361908252 -0.00569691704090399 -0.00130522432597747
0.5132509129217 -0.264615884530737 -0.22029000345236 0.0823618081553914
0.2575183558334 -0.308228008470278 -0.750694009866373 0.21984175026127
0.0618290540674511 -0.335162493222249 -0.411770665830676 0.412245943183547
-0.108587461126471 -0.263055149880616 -0.0336265365402022 0.22802069998955
-0.185138096854053 -0.1062256753712 -0.0640953357435175 0.069586830715924
-0.178464487233664 0.0199200387673518 -0.195140424983297 0.0640736719964446
-0.14319364150835 0.065244546950705 -0.290976938988095 0.221611940034911
-0.150224103590972 0.102234979711819 -0.21289948901701 0.40340112934932
-0.125281245871894 0.121595140614742 -0.135429085593053 0.451538917486318
-0.139194322095111 0.0972632596087264 -0.197242518425126 0.407197275337352
-0.157271994842421 0.013482616727238 -0.290424508905029 0.284819638524695
-0.132019390990166 -0.0564139548311243 -0.323610983825112 0.0826536423975835
-0.0669869329982303 -0.156813241328301 -0.220248740039094 -0.0603325669926291
0.0159954303854763 -0.184636225142021 -0.0569661744023757 -0.0983151210416821
0.13012394184873 -0.145819135447826 -0.0508262235934493 0.0826710617872393
0.272918054740964 -0.158955382296967 -0.352466267932192 0.170380652588303
0.0654622617256351 0.0750908515022641 0.431445302484173 -0.315474553154767
0.0621623769502224 -0.0292324116668565 0.0980461796308469 -0.237506369984809
-0.0193353823376652 -0.0686023920012037 0.00453431084436006 0.0704424470060896
-0.0906861163097023 -0.0216631281123585 0.169333730372235 0.108950041755463
-0.0552713770034629 0.0741180092913585 0.333699352303003 -0.0258771204642712
0.0175301843718615 0.0844407425741505 0.359646143832594 -0.247082540010338
0.0506734879382768 0.0770777065741412 0.245360090917495 -0.423593518313145
0.0492194172454587 0.0605706593343841 0.148678015104776 -0.470453524426401
0.0437994719257199 0.0643191170763952 0.214924195988959 -0.431040616710558
0.0119183765920384 0.0575995696312814 0.276679097099455 -0.280495556510216
-0.0369035364559475 0.0325202255816654 0.238121892771363 -0.0806058527835507
-0.0412209245258922 -0.0268184983328455 0.085996131427585 -0.0712921221808913
0.0357257373050925 -0.0218850335782776 0.0523195657091631 -0.190729924295132
0.0243636037646781 0.0457358736531203 0.325617865453184 -0.354110379915044
-0.0296743120224386 0.0920985742393464 0.750918242640349 -0.244045634029479
0.320966869042539 -0.0844058314914502 0.348615174902762 -0.324357261617856
0.205096570377857 -0.226480459284027 0.050450891272014 -0.236475465074964
-0.0298297106312774 -0.302933291650297 -0.0181023875141004 0.0865783488642719
-0.232439081498488 -0.173676421069748 0.138425977585522 0.132164958474129
-0.237143337028299 0.0779179957456862 0.325570578066352 0.00474027818586831
-0.114958242554766 0.175538769273997 0.345616948917381 -0.209951277398489
-0.0588815414751057 0.23404361045999 0.249505580804024 -0.372838482191088
-0.0333970174727522 0.246337788996524 0.15059008964528 -0.417073253711023
-0.0571574056517666 0.250970937401383 0.210070837140746 -0.385690229615024
-0.144772092310177 0.168775593656283 0.253870665621983 -0.221697445726829
-0.243626087565698 0.0594783015776666 0.202504905198857 -0.0374840466853854
-0.241874826506889 -0.188304873173641 0.0308778864065814 -0.0658172557515621
-0.0248563409855768 -0.300025290499193 0.0300051462017181 -0.213714831831813
0.175566584033693 -0.192657090270393 0.329084727854452 -0.391663738529176
0.261880187810907 -0.070220036086626 0.732596153922277 -0.287045914654024
0.533975315038051 -0.241481849312997 0.194532665218447 -0.300727603993224
0.316014551626231 -0.420559227707832 -0.0265634803807437 -0.192325680227693
-0.0578090758458144 -0.515449953919202 -0.0304697384044911 0.117791073174824
-0.369744983843231 -0.301854567725554 0.113311348246214 0.147168427652807
-0.398049495125664 0.0848184768795294 0.293563398965848 0.0245593104112547
-0.233614154139766 0.251003487111156 0.288700958550227 -0.15488145416835
-0.158959989126164 0.358652031351848 0.214710272513602 -0.272641257029912
-0.110436223171171 0.39386103806979 0.128862338119517 -0.300392730439285
-0.148701999090618 0.397295100084033 0.172760429563565 -0.2762516449321
-0.28110359599503 0.253007464096004 0.186847421544052 -0.1263240765879
-0.419105060573491 0.0772754001883044 0.123299758339248 0.0130112256328336
-0.415855612787112 -0.327424340567174 -0.0467428178877766 -0.059290466469314
-0.0859672814581386 -0.542623261766075 -0.00809977825283774 -0.229666284757419
0.301985137219588 -0.409506670622583 0.294953508184995 -0.390714733052336
0.515487984602027 -0.221508353388561 0.62093061945833 -0.285022208115322
0.675794238531741 -0.378867490096291 -0.0125061673132901 -0.237188911635218
0.373468499291887 -0.593612807917126 -0.123826811448204 -0.0974698253489079
-0.112952673480306 -0.682201084352088 -0.0314155748877997 0.160611764472742
-0.495443011890812 -0.385795968760704 0.0893490714530025 0.15421139503378
-0.522788217163057 0.0999023489005584 0.229649350209092 0.0373809710710342
-0.320967472504515 0.303666142262616 0.190817275165022 -0.0803775317428292
-0.235819982084179 0.434541631531313 0.147547191597258 -0.131211499784925
-0.170428307543636 0.480633103680001 0.0886143012003396 -0.13768066777619
-0.21479575406573 0.479425579019109 0.109201988096256 -0.123671766162183
-0.372380495059368 0.29528785855533 0.0878544435408618 -0.0051065600026627
-0.530308992198863 0.0828624626989084 0.0135672587154262 0.0675373080993975
-0.531467535720436 -0.416676051027242 -0.133417995683981 -0.0466436413602214
-0.135325921443838 -0.704859492023022 -0.0526006187263207 -0.22586914059002
0.380332327000723 -0.559074292439423 0.227293655044302 -0.338736751682287
0.686361019038219 -0.331708629631634 0.434103905673237 -0.230899932253308
0.719848806965393 -0.477078466760799 -0.245818468829051 -0.133538278528133
0.369669167510165 -0.702964694249765 -0.226711745864234 0.040813097219708
-0.171861937461619 -0.763605608152741 -0.0282496056051587 0.205965551352118
-0.567154674095768 -0.409861935718769 0.0550426749615205 0.150440302456175
-0.576983792727425 0.11198686186518 0.131414501196783 0.0526090327977532
-0.362663705722145 0.316114157210725 0.0624503312183337 0.0134088739008981
-0.27810860513986 0.451099590519842 0.059128590507034 0.0324279545698507
-0.202308378399395 0.494838351666449 0.0354744615544158 0.0449011888132853
-0.249072119982918 0.483720713272231 0.0308680513174387 0.0489827964765183
-0.403352577955104 0.285516675784159 -0.0263531508259713 0.119370701177101
-0.549781772237359 0.0668168976341787 -0.108306130691349 0.116543997545075
-0.54315509373309 -0.443083301614399 -0.209783256036413 -0.0331611001107406
-0.145785376782582 -0.741420003193835 -0.0887736942499056 -0.200646232342815
0.397706998659978 -0.599546679336459 0.140348684565768 -0.239058126711807
0.744180449088356 -0.381985242740892 0.204815983167781 -0.136239037448035
0.659335798262658 -0.50359672954703 -0.470285359249444 -0.00276924881511302
0.306245576191595 -0.700473927784137 -0.316322228725765 0.195136981929546
-0.197018259770127 -0.715239192247913 -0.027226187135537 0.234853810156879
-0.537467666885999 -0.36221083370939 0.00754134664759807 0.133035331931205
-0.533557890409854 0.103476828979722 0.00847036021961222 0.068449962356604
-0.343591070697414 0.279111696597433 -0.07692485972903 0.110593393379882
-0.279420157350986 0.396084096095589 -0.038955906077531 0.19463383819752
-0.206654348842076 0.433232961173935 -0.0233987924018812 0.222352640358684
-0.246040705494641 0.411915595742597 -0.0516061008255581 0.212387545890218
-0.371012830650732 0.222324219715914 -0.137604298405231 0.222613793611319
-0.4682453748903 0.0269223762443966 -0.216647518479421 0.140328570197634
-0.439888237038131 -0.399329756395154 -0.253694598689677 -0.0283938508142405
-0.106267792386159 -0.640402135570668 -0.101736122170413 -0.164993824297057
0.356338994569937 -0.516597739481494 0.0573678413370199 -0.118010320429312
0.681480491339623 -0.360855825423198 -0.0263700278223663 -0.0215300203874847
0.495392141837207 -0.445581760326518 -0.65036162404973 0.129069903637666
0.19755430530562 -0.565926591209892 -0.379839123382286 0.329356726881117
-0.169351374254416 -0.533774832002764 -0.0299857968277189 0.239315268347391
-0.396271059967527 -0.254985249933362 -0.0390491736349855 0.10426562712474
-0.387983617958032 0.0701582025065749 -0.110868590146005 0.0767495127171406
-0.266255982818926 0.190618545447251 -0.202705154183831 0.191350124357903
-0.234013464335504 0.275483982309774 -0.131211935348253 0.329040031874058
-0.178147910439158 0.304256690986159 -0.0791128349909104 0.364914418719838
-0.207399534914957 0.275395886045713 -0.128717942116691 0.341159437672328
-0.282928400806408 0.123725659866439 -0.227776182062398 0.283576922540212
-0.315991590840664 -0.0202415970169952 -0.291936943093087 0.12953832547831
-0.261346178154832 -0.297269201086605 -0.25588163764453 -0.0387646658153193
-0.0417142299126591 -0.432859821917665 -0.089040430797163 -0.130279946265007
0.263103335849691 -0.346077667117236 -0.00853916425806367 -0.00405323831516083
0.514263804399778 -0.280896350087855 -0.221801066553623 0.0893682907360765
0.256413964925564 -0.315486128391728 -0.755658348069777 0.233547418318016
0.0595701123047468 -0.340834106257261 -0.409027317486834 0.42150870325938
-0.115936770594806 -0.264806773623963 -0.0292611212673584 0.229235314673372
-0.189589793905758 -0.106249295389524 -0.0634260275469605 0.0714800514567531
-0.178439826337308 0.0256623791854246 -0.195733404721983 0.0680880952115672
-0.143178644509492 0.0695579299385447 -0.292116003354706 0.233402449644406
-0.149580912134572 0.109104694894387 -0.204587096257516 0.410213070268028
-0.122549852348265 0.128269557871732 -0.123603683626723 0.45444926708324
-0.139377324512267 0.102683646797615 -0.185691758275937 0.415878321506527
-0.16014078740237 0.0173292852854867 -0.283546502845895 0.295631610178988
-0.134376000519242 -0.0537932074369718 -0.324137511448617 0.092611444564925
-0.0734465357835453 -0.157908935364099 -0.223751725987303 -0.0560572258170637
0.010134450572984 -0.18561609361722 -0.0629544091106309 -0.101755233724317
0.130310730234961 -0.14990640756125 -0.0527670778054547 0.0811902698957235
0.27374871686783 -0.168956253652833 -0.354584490064016 0.180811777369702
0.0675924179486332 0.0727864002129366 0.427934175396944 -0.334734437572501
0.0606230825943161 -0.0308282116535505 0.092628847003186 -0.241715269084801
-0.0210359950100152 -0.0697961637760741 0.00915728079228561 0.073003263774609
-0.0931274300911003 -0.0191291705278631 0.1757988512988 0.103556053423016
-0.0544069493352943 0.0764047752926575 0.336936461618056 -0.0418182443266324
0.0205974025891143 0.0833596135568743 0.355130858181641 -0.270377591174429
0.053447540962355 0.0753198914914101 0.231313896651007 -0.440646372965361
0.0527600570056068 0.0582839599291117 0.130062745289371 -0.480023466496603
0.0482266324878205 0.061867943810207 0.196252965597112 -0.447824231004175
0.0149682146130198 0.0574533409072129 0.266550375638909 -0.29703578549446
-0.035606240362218 0.0338483928165166 0.238165070476886 -0.0925488504408443
-0.0416354793354721 -0.0244714672702247 0.0840453060843551 -0.0743653220223999
0.0351940350060018 -0.0232482641483149 0.0493732770467619 -0.192937089445906
0.0244345214896244 0.0482088214485599 0.321298430867066 -0.369335307148092
-0.0283789145361758 0.0962756424782818 0.756738044067107 -0.272419603735976
0.32030207261959 -0.0982735299768827 0.346134886853748 -0.341049486417867
0.198658318410591 -0.237416965189343 0.0444341997334878 -0.239303086754021
-0.0412901463851239 -0.306062730605008 -0.0128595244232543 0.0885483045804332
-0.242400462439887 -0.168116718184343 0.143668473874381 0.12691779530521
-0.237131707342818 0.0886334624169423 0.330476911172098 -0.0115213665951235
-0.110579125334329 0.181226405096695 0.341342868730066 -0.231340883095404
-0.0514150642275087 0.240963097989724 0.235594322631204 -0.390208065666456
-0.0227183413302319 0.251386514620164 0.132666870607452 -0.426049177123269
-0.0461999091462272 0.256735576522972 0.193109221961749 -0.399525369804638
-0.142085340003595 0.176810791632539 0.245778698318346 -0.236783194130584
-0.245161440071906 0.0697394229575901 0.204094416071285 -0.0478924766300981
-0.254180069062695 -0.180783716346757 0.0275234849825011 -0.0665865644253143
-0.0379723335167792 -0.304742371745668 0.0258669854157049 -0.217302956960649
0.170527974453654 -0.200680258934316 0.323615230970794 -0.407918935173091
0.262771853292061 -0.0822259533056385 0.73397415971842 -0.315131163480027
0.531428213552535 -0.263884669083332 0.188579317677834 -0.311286392253102
0.304686646215502 -0.439356246578049 -0.0320387434384773 -0.19144320160838
-0.0785353515449557 -0.520668650131448 -0.0248036489487475 0.118756061063361
-0.386087101437917 -0.295222518597336 0.118265421371285 0.143900949992543
-0.400109935591227 0.101795720394295 0.298806423927868 0.00885947348373881
-0.229071697122564 0.262666017742832 0.28512812119937 -0.171298110372245
-0.147980454208057 0.373672847713843 0.20500445526042 -0.284816060154112
-0.0934041979733363 0.405707013044008 0.11558822758451 -0.30696215697754
-0.13256192853005 0.40924196359827 0.15933123645772 -0.287577715921776
-0.277621152605543 0.268644363223411 0.182242277247641 -0.136399073874208
-0.42253253245501 0.0956222036340241 0.125527657101017 0.007298760066188
-0.437605550558324 -0.314605866074484 -0.0505118987476656 -0.0568822819751403
-0.111351943003076 -0.548367324460023 -0.0132311466095009 -0.232690921193783
0.292706227396387 -0.426574144865053 0.286581212863462 -0.408866948561557
0.51510942997675 -0.246326390560017 0.619656423981203 -0.310458278172026
0.66952254440367 -0.409418850929808 -0.0212309438629728 -0.239310269091247
0.358368480039538 -0.617180307897618 -0.127935548764082 -0.0929125424594133
-0.141225110655379 -0.687951523447658 -0.024591493141272 0.161110477989889
-0.517613401958847 -0.376997943458916 0.0942097222233916 0.152268708092363
-0.525873573895402 0.122497150243874 0.235309860332438 0.0240331097035506
-0.316487577649457 0.317896835657878 0.188624405919942 -0.0900237399552313
-0.222183635016941 0.454566458844705 0.142370295480885 -0.139850236124863
-0.149730192313926 0.497337447817223 0.0821830158411164 -0.141296229448565
-0.198094369933152 0.495153260230493 0.101991758168478 -0.129691574071959
-0.36960170528242 0.314115918218151 0.0876340726506461 -0.00871612963503982
-0.535881445896294 0.103269207779142 0.0158472052042239 0.0679577086317506
-0.559608231889521 -0.403932891763465 -0.137990152455323 -0.0416017301666754
-0.166692447334704 -0.711461988375088 -0.0601804432646597 -0.228445585592175
0.367235125678853 -0.581594962685606 0.217695746144311 -0.352915489503264
0.684397397649042 -0.365261970453482 0.433237586017035 -0.245834628763105
0.713994758540444 -0.508445437078869 -0.255171679563979 -0.12722252786035
0.350751179667097 -0.730954644484237 -0.22850679353565 0.0510509378220954
-0.205460966570641 -0.768386716132615 -0.0196375869348977 0.206223445531143
-0.59140068822171 -0.398097057311055 0.0593326773581039 0.149587551669781
-0.579188296180186 0.137232921707622 0.135781529930478 0.0433782630359737
-0.357742444708274 0.334489440271227 0.0622901876019836 0.0111599946287803
-0.264582845129895 0.472509772737473 0.0589852708740104 0.0291219209569803
-0.182362760258402 0.51450802967163 0.036318846131625 0.0448330669597265
-0.231372824363212 0.501077236962942 0.0306407437526942 0.0484810447075687
-0.402568887537959 0.305826944618497 -0.0225283072249985 0.123518362501421
-0.555210992889652 0.0870169616416078 -0.106011717052065 0.122221538259142
-0.574249049219154 -0.429798080978311 -0.214723416004957 -0.024544996164272
-0.179762370786154 -0.747276264188138 -0.0983171192370231 -0.203432576086338
0.385090179491447 -0.623946137187286 0.131796019215464 -0.24879996100746
0.744122504031796 -0.419881230149582 0.203483251100521 -0.143237363919411
0.651465893111811 -0.534364282318047 -0.480358386636649 0.0129485787960544
0.286556220598368 -0.722391604744368 -0.313830815297325 0.210047251562536
-0.227931025379463 -0.720384878697016 -0.0189043360295527 0.235357655956994
-0.561017599793038 -0.352765448642772 0.0108142394748535 0.134862138171239
-0.534666109014267 0.127387862614335 0.0117181592044416 0.0660131567164917
-0.338953028892188 0.297255028658507 -0.0755962805072169 0.117857478258528
-0.2669784200139 0.416200846853571 -0.0329544223891833 0.197562661337639
-0.187934184964662 0.452818689096932 -0.014859341742394 0.22448217190469
-0.231768255495615 0.428890929690195 -0.0455820037858404 0.218113452754521
-0.370603013857705 0.241393315238166 -0.130133048952178 0.233129334528963
-0.47451080090005 0.0441567879586099 -0.215224686143238 0.152248051310274
-0.467824581825634 -0.389042722421904 -0.259444961179473 -0.0179738036286025
-0.135837268976679 -0.6462927591361 -0.111678111047073 -0.167002141908739
0.346687403494214 -0.539435557603991 0.0501075510649729 -0.12363722935844
0.679940817454093 -0.39709860373641 -0.0279848673391408 -0.0188850408933724
0.487417598092885 -0.470533676693218 -0.659343125955765 0.152557347623579
0.182263830725685 -0.584188720489847 -0.374726065691826 0.347953957477155
-0.194424004152936 -0.537076108119396 -0.021539172843801 0.241302568853151
-0.413779928797273 -0.248373136764025 -0.0363511835823563 0.107429714339554
-0.389470303386842 0.0881928542518673 -0.108654706012381 0.0802057056300703
-0.26370186108443 0.205435425637895 -0.200116519336671 0.205874208988027
-0.226214484804269 0.293606055731338 -0.120458929886536 0.337692752436397
-0.166254736264139 0.319692909281496 -0.0657217952464756 0.371563779527315
-0.198876222554056 0.289592337865432 -0.114335644891454 0.352090085911093
-0.284965609868529 0.138019362534086 -0.217657567092403 0.297985217266209
-0.321195235216372 -0.00846222079069965 -0.291527306183649 0.144714697155073
-0.280313142261708 -0.292322649716415 -0.261951282957386 -0.0284224944503222
-0.0612124572436931 -0.437648857656399 -0.0993014687342249 -0.132642204865429
0.258033948052456 -0.363057789414146 -0.0132685765106001 -0.00596471800205484
0.512158056327453 -0.308568860282145 -0.222577562363279 0.100806919624152
0.251442062345877 -0.32942630603916 -0.763840531587696 0.26055059235434
0.0503889167823193 -0.349711126072669 -0.402516469613624 0.441438069264164
-0.129399039355505 -0.265188429885001 -0.0225606769382311 0.231318314519325
-0.197405661831121 -0.103594885219718 -0.0609444610037156 0.0752337038520941
-0.178677475793946 0.0342167454687876 -0.196003438209585 0.0757920933065951
-0.143178858224593 0.0778420974225868 -0.28904177043163 0.254271720139066
-0.147690520039535 0.119358064449867 -0.190733574643492 0.424277814136949
-0.118285941639295 0.137530530247564 -0.105379975848804 0.462328956515553
-0.138004092006821 0.111111314832135 -0.167706359155841 0.429267444690072
-0.163679439682784 0.0249229445805698 -0.273116069886806 0.313471867461639
-0.138386810207357 -0.0499222023501313 -0.32630961775427 0.10863144299313
-0.0831903319686117 -0.157003688415557 -0.228942257262121 -0.047972301125325
0.00212696109489826 -0.188765465902942 -0.0724138158234259 -0.103442569944556
0.1299645264884 -0.158332102767658 -0.0542855201929819 0.082616934180518
0.271848527718588 -0.185363206208536 -0.354196081698417 0.198717434518906
0.0688819563969615 0.0692877500365241 0.414219626533923 -0.360051002647266
0.0579612977363378 -0.0335365088924616 0.0831369538684508 -0.245287479449896
-0.0240719831473045 -0.0703115970969946 0.0159691500839859 0.0735157628989689
-0.0945199670450794 -0.013826489518589 0.181473742867996 0.0926792351149913
-0.0514765291133626 0.0792375413664174 0.333639616085623 -0.0631813119117381
0.0242811670114771 0.0812336628262645 0.338992869419605 -0.295715493287488
0.057284445752633 0.072221416145996 0.205765124047572 -0.455126615468317
0.0553407999747483 0.0544483778515107 0.102631140880522 -0.485075973778291
0.0531234603784533 0.057383382351811 0.16709000885616 -0.459711983097106
0.0188298446690217 0.0557202138547529 0.247411405983174 -0.314324732330842
-0.0337417222288857 0.0363429347448709 0.234174248884794 -0.107418025932438
-0.0419422616340177 -0.0215966269527842 0.0791587223732983 -0.0774662298089075
0.0335816869723644 -0.0251021385281315 0.042471023215806 -0.195397040587268
0.0256910495182731 0.0504163138934763 0.305342823327733 -0.388768533083513
-0.0248621546469158 0.0996183278411204 0.747795684050094 -0.312427447644443
0.312964859778765 -0.114804415583846 0.33120572608539 -0.360256196604091
0.184807268951107 -0.248218306369008 0.0347940213823581 -0.238809336651324
-0.0578440709382111 -0.305864478691121 -0.00630306947300942 0.0888162090506362
-0.252777853228527 -0.156742381604006 0.149384135787883 0.118878787754379
-0.232492845262585 0.101346497792375 0.32911245041192 -0.0331011684483263
-0.10405185118195 0.186993612661564 0.327556799119342 -0.254662260788671
-0.038012052198391 0.245295191256743 0.212411708789069 -0.405546645901274
-0.00676938971375828 0.254086587723673 0.107790188288597 -0.430509545615423
-0.0302116378530487 0.259162459653951 0.165536136457336 -0.411309714580315
-0.133192985624883 0.185783383967179 0.230434681852446 -0.252526532340238
-0.24258310988862 0.0836140221971824 0.2014774833338 -0.0593399584937624
-0.266050445525023 -0.167356837743937 0.0228108507005716 -0.0670438364477727
-0.0569316378565984 -0.303177579692087 0.0183965376584615 -0.219554618201982
0.16076937453599 -0.208576779887185 0.306940606945411 -0.427090170612556
0.257872055984083 -0.0972316739672394 0.722161155554155 -0.353487553275079
0.515763724383657 -0.293049466684428 0.174743685068632 -0.321645132679173
0.28161039239355 -0.456396177640655 -0.0401206763152884 -0.187438957898077
-0.107379162275175 -0.516904545739625 -0.0168789371510975 0.117610378645838
-0.404832668051731 -0.277574561415505 0.124409215671823 0.137676866240812
-0.394103898694361 0.124461179144756 0.299061916913252 -0.0125634342234591
-0.217682208495296 0.275111777622182 0.274390665730372 -0.190709701661735
-0.126398913280659 0.384963569742703 0.186545886391829 -0.299127784149535
-0.0679229301896619 0.414266814157964 0.0971880096807606 -0.311010641778102
-0.108090971658168 0.417859280203146 0.138406214260113 -0.296027435862668
-0.26622103442795 0.285429887176858 0.172915248112213 -0.146704486247339
-0.419387893850767 0.118475452605855 0.12576915715143 -0.000738744905366538
-0.460779817158305 -0.292494874552008 -0.0552110917926603 -0.0536867774191379
-0.144785703729508 -0.543185953751957 -0.0229603206880291 -0.234344351985939
0.27308559123543 -0.443657859571814 0.268166056906931 -0.423370940413724
0.502272460410513 -0.277678559978036 0.607500694699814 -0.34050447571665
0.648929916670067 -0.445411923063771 -0.0329885673975138 -0.239082839588147
0.32576752837161 -0.640825534169984 -0.131871609020611 -0.0834322219167613
-0.180516530875075 -0.682275237999533 -0.0154364823490509 0.15992453680352
-0.54163781562187 -0.354042805235967 0.100238285171385 0.147692521989067
-0.517262176538199 0.151942123009855 0.236379146907932 0.00624487548591404
-0.303128920084643 0.336291211075518 0.181832789698347 -0.101340019312861
-0.196149775366304 0.472414807581167 0.132431357032647 -0.14991320623125
-0.117599897961433 0.510724031950345 0.0724101664860603 -0.144558007879658
-0.166446455594516 0.508433737979999 0.090792458977891 -0.135561886788557
-0.357152910964573 0.336919399513511 0.0857675303766986 -0.0126744776856806
-0.532539416930648 0.132122529054697 0.0188063113199696 0.0670045308527209
-0.587478254588377 -0.37501478045623 -0.142208399707818 -0.0332282091868902
-0.209878614701725 -0.705971145711166 -0.0715513552919927 -0.228897742653281
0.340820476734578 -0.603992678189982 0.200945207997141 -0.364124646670041
0.667008302125821 -0.407348063458547 0.422840405928587 -0.269206696067237
0.688758558442365 -0.547221925102344 -0.263443967620838 -0.113422139717492
0.313272780929048 -0.752905546939907 -0.225730900476683 0.0647913401120329
-0.250797004145343 -0.758069411774765 -0.00904853523549885 0.204191106656527
-0.61962031635863 -0.372453222015901 0.0651130238532223 0.14801081231123
-0.570957084792006 0.169854684060897 0.137936830232033 0.0314902548237751
-0.340968175149911 0.356018176778513 0.0614980668454127 0.0089577556922465
-0.237983548581064 0.49263533744468 0.0582215629417675 0.0242101066459637
-0.148088454866191 0.529121287339104 0.0362874297001273 0.0434692710885132
-0.20142464013967 0.517027467113383 0.0302784136768206 0.0475436352159154
-0.390566337573694 0.331918890814063 -0.0164541861232615 0.126878081379346
-0.55232485754565 0.116561193901254 -0.1009556252399 0.129064346361548
-0.603669720196954 -0.398559749677019 -0.218089932199272 -0.012498775517889
-0.22573863833954 -0.739102492142362 -0.110639604343194 -0.20043823656591
0.356946352774635 -0.647292464789647 0.117709010626708 -0.257054163355613
0.722180698584798 -0.465251130311017 0.197099132000097 -0.15276404027495
0.625142147061016 -0.571498528233395 -0.483191054454628 0.0390599597302462
0.250993681674911 -0.743711403545717 -0.305056800891023 0.228633894200191
-0.270511522131779 -0.708817834201341 -0.00726862245965446 0.234004774285645
-0.584131896078086 -0.327040873689518 0.0164761546894395 0.134815748099734
-0.527401870478934 0.159375545909214 0.0158031261215083 0.0611078585661188
-0.325537371377268 0.318238345984238 -0.0700900526440912 0.125980126606173
-0.242312847886421 0.437934316153493 -0.023899085762867 0.198382775654617
-0.159942236444527 0.467566948792217 -0.00417586056352582 0.225633157685192
-0.205846414763902 0.445297374877329 -0.0336225164218904 0.221194621128106
-0.361455300998488 0.264477802118199 -0.116629518834985 0.242420508564352
-0.474606595855877 0.0703964145139772 -0.208554224828033 0.164725873472467
-0.495908234862406 -0.365106214541541 -0.262793302560276 -0.00365808030497566
-0.174008933261339 -0.639372936830047 -0.124497384751379 -0.163739878600893
0.322148551879837 -0.559989714977754 0.0414294914976416 -0.126810734372785
0.65950266467323 -0.43852436049236 -0.0290630623913456 -0.0157239158421789
0.466907879237106 -0.498339263439997 -0.657552637894861 0.187260450479564
0.154182564388033 -0.598282419803123 -0.359338731936141 0.368958925320448
-0.226800559147323 -0.528953128495903 -0.0112666070899534 0.24016757257027
-0.43087932018518 -0.232262996592984 -0.0318452269870707 0.110521968934243
-0.383879879104196 0.111744671523674 -0.104408771897813 0.083462407021905
-0.254933674557077 0.222340684908653 -0.189826316813782 0.221968311751956
-0.209633730678767 0.311344079664835 -0.102928249272768 0.344804506910827
-0.145087172167755 0.332374696548113 -0.0453879588483675 0.37417613998578
-0.181738377052489 0.303239086720269 -0.0938895701073789 0.358799140198405
-0.280674564871842 0.155983235056365 -0.199986699985265 0.313943494882753
-0.322331066820206 0.00859308685708915 -0.284814058530675 0.162638257153029
-0.302071270141558 -0.277074322910162 -0.264654769388377 -0.0146104968384978
-0.0879688334037113 -0.434481942933068 -0.111235248120415 -0.129022510311447
0.24228885046995 -0.379521298591961 -0.0168693372043306 -0.00572344886757229
0.495066605915403 -0.341053792593976 -0.217907891689559 0.11384279382512
0.237446161923867 -0.344160855475289 -0.757136613978541 0.298797273526558
0.0342190812627266 -0.356384362792275 -0.383394875239346 0.463714466212657
-0.146201759311183 -0.259368330200939 -0.0124328542038847 0.232703832027801
-0.205793390946412 -0.0970008731091819 -0.057319048042365 0.0788674422284991
-0.17592275256016 0.0442855283299344 -0.192614035292952 0.0860171323599101
-0.139598839416657 0.0876539697518139 -0.275295529547044 0.276533157813218
-0.141097879995798 0.131234956960274 -0.16742671199313 0.437018146745741
-0.109567199606678 0.146664717255959 -0.0801541909060705 0.467178236936333
-0.132478338047522 0.121517747323919 -0.139873568844453 0.43912892331496
-0.164245038739623 0.0355212334175991 -0.252741444344872 0.331053199420326
-0.141404936498815 -0.0425029636499477 -0.320645060072432 0.129595710021584
-0.0952929013204485 -0.152925181639038 -0.232721649408368 -0.0352588888190579
-0.00923814360617344 -0.188111333916951 -0.0834715953896529 -0.101132389713588
0.12372943994792 -0.167780914174735 -0.0526608441627279 0.0849639475956594
0.262757628481112 -0.203608660810064 -0.344663091001737 0.217928272575609
0.0794175720180982 0.0439692880243799 0.34038803723865 -0.408853624428751
0.0462028320384484 -0.0471593083606586 0.044869496317897 -0.246454555716547
-0.0343758584395816 -0.064289277515501 0.0337776635845848 0.0681672116885113
-0.0893208513078171 0.00370332494836765 0.192880169976808 0.0559519662932056
-0.0308003004033238 0.080342774243678 0.308223856255602 -0.119465522702742
0.0380469534579887 0.0621891852716406 0.272154598737323 -0.341190095867513
0.0664254247243868 0.0530300897580867 0.120783651413718 -0.474488061997212
0.0564816963728914 0.0376039605241738 0.0235601399443364 -0.478081158012605
0.0566686328729639 0.0408724470601075 0.0949540976006262 -0.468682766422222
0.0239520411500661 0.0474556256969214 0.196724388942998 -0.34134849721498
-0.027694601491681 0.0380389313250132 0.213065087625176 -0.136278974953058
-0.044300682666211 -0.0145884993074999 0.0678521419019631 -0.0839124142294548
0.0256806414268712 -0.0273920886564134 0.0181668039339276 -0.196432891108405
0.0262496155647933 0.0492792595940997 0.252419293995322 -0.422059536524981
-0.015795263033461 0.0963202109445468 0.689125579408286 -0.391720721841224
0.280493383911798 -0.17556480026169 0.261086029779548 -0.382731342355312
0.129283440344172 -0.275398984338932 0.00657443683857589 -0.223292254727312
-0.110015931084155 -0.284184503733706 0.0269443327251848 0.0889200987994639
-0.268719009955449 -0.106256471751323 0.176124185350441 0.0825711380873102
-0.200697525112038 0.132261652273552 0.309377901067035 -0.09914447793748
-0.0684043278684163 0.184713945312641 0.26549554152995 -0.3041550343854
0.0051906195142867 0.242290460919011 0.136507097315187 -0.434549270269315
0.0291090723955903 0.239566237616605 0.0336128052551353 -0.42792975470163
0.0111399402639607 0.251891440172691 0.0980465829438924 -0.421568068862547
-0.103960299428051 0.200107310035512 0.190512929174011 -0.281002746391868
-0.221453143370554 0.117270220649942 0.190153912245632 -0.0898255483749069
-0.289345229064673 -0.119888860544061 0.0204745879744995 -0.0631475531043287
-0.105974950868676 -0.282933254223557 -0.0087718503187937 -0.209960528357074
0.119780928949309 -0.223824934816297 0.239286268108262 -0.462300003236006
0.231989461811269 -0.137102096651031 0.653235728243993 -0.43385475302603
0.443896788013086 -0.378869998288637 0.119269399520293 -0.308275965851991
0.183010191197584 -0.491172459335129 -0.0502956730653658 -0.153233588163183
-0.194471508715703 -0.477820117768181 0.0325235178465901 0.11920910933329
-0.438765985662314 -0.19521459150463 0.164822744678786 0.101311083651702
-0.3512820060263 0.180716274360434 0.284840302276892 -0.0823306142850856
-0.163689472916403 0.290259049859296 0.223160269204323 -0.237955734812853
-0.0555392555617574 0.398319535876858 0.129751849077407 -0.335362361497083
-0.00319729557485643 0.404664025963136 0.0389180405989633 -0.312801561552398
-0.0364452778465414 0.421331905506587 0.0869258801933908 -0.307020205705651
-0.216583287399534 0.321838267077872 0.15010747741923 -0.171504873598534
-0.386771268076533 0.180076388423494 0.126159169253541 -0.0233502584259443
-0.502717269924968 -0.209737878706893 -0.0487266074867085 -0.0367910045261384
-0.227717585650919 -0.503808600256733 -0.0523919918770834 -0.212541869191728
0.194761746806529 -0.469464087802614 0.195529645091496 -0.453795432104288
0.446376793381766 -0.348390398325678 0.536323707678972 -0.411233254797371
0.541995766898531 -0.547822112268052 -0.0655398492399848 -0.187857834271121
0.193785502656074 -0.673826414124468 -0.115858474416046 -0.0322640184548412
-0.295118907958003 -0.623626508290897 0.0494341529884075 0.15987949190439
-0.585523347896747 -0.245145564158357 0.150170580150279 0.110637055994768
-0.46596221975092 0.229259615438881 0.227155234614186 -0.0607981792123559
-0.237268797062784 0.36764433678175 0.148661800810671 -0.139870186488921
-0.109052753370507 0.499801858538034 0.103008476392048 -0.186287593491102
-0.0339246920861671 0.507032538730974 0.0381080286030454 -0.150442552419426
-0.0776066789411587 0.522612399356312 0.0629678090304677 -0.144063428709784
-0.296311296267528 0.388095409544241 0.0847958025920667 -0.030295871970795
-0.493186320637288 0.214415594537351 0.0329645461730197 0.0560228252754251
-0.641972440083117 -0.268964677960812 -0.128764277181747 -0.00358152949392862
-0.317377739144703 -0.648739372157143 -0.100116030673801 -0.195584359156246
0.239716236518694 -0.637287346631323 0.129498187744531 -0.388580862624461
0.589386069983441 -0.49817584311766 0.35965569692779 -0.321650027113979
0.562071779541174 -0.649291021134538 -0.266046923243562 -0.0274123894162602
0.161281336565568 -0.778655425905201 -0.179726842161927 0.127572743876762
-0.376725974767106 -0.685516388852678 0.0670856488807096 0.200283028376517
-0.666439369745441 -0.250151289348372 0.119602150720646 0.114391989964566
-0.513952679301489 0.256761698029385 0.135789985389375 -0.023810563083982
-0.272043952935874 0.3964109993906 0.0513753114114737 -0.0145213982533143
-0.14374785656349 0.531811625748921 0.0605551136351164 -0.00788971158277371
-0.0605069307691357 0.53220246710196 0.0325478501076284 0.0337573517401022
-0.107227529290522 0.53938749020403 0.0302117394394116 0.0412620818685051
-0.328164069953739 0.389270622165229 0.00449071509634943 0.119815054907483
-0.514755879925981 0.202052351374097 -0.074373422896233 0.132299500394316
-0.660202863639679 -0.288133808586875 -0.199236539887939 0.0259151954616966
-0.336095898253023 -0.678410761251085 -0.136127622657588 -0.162365495320744
0.250106430696607 -0.685074590415868 0.0606466653585199 -0.270912802517778
0.635064587579881 -0.562630471402935 0.151844529583151 -0.181534845308182
0.496414603219722 -0.655442587999668 -0.452154334181123 0.149802429613851
0.104724904428635 -0.755661161817785 -0.230665649375917 0.295722705952399
-0.386575198689482 -0.632903254091305 0.070683381271471 0.227003692203016
-0.628083776503364 -0.212409723555973 0.06883606374451 0.110472334560479
-0.4765539083049 0.239784691790214 0.0222048293132697 0.0279451416352819
-0.264408167486386 0.362984965628372 -0.0545255259289552 0.120804176270451
-0.157953723696948 0.481248987948173 0.0105467830732345 0.175666240293142
-0.0768121324495345 0.476967745356349 0.0218214534159625 0.212689703007961
-0.122380729734892 0.47079384923188 -0.00579993866910732 0.217627354561414
-0.309032259564897 0.321494653291713 -0.0765232630910545 0.247697749824128
-0.446321968863432 0.144924591966703 -0.174937135423115 0.18376594100734
-0.547774398564058 -0.271851669372145 -0.24455209913109 0.0394299386362564
-0.270076908775946 -0.588595104101083 -0.14701922663976 -0.12665068511517
0.230987428915629 -0.594144608682388 0.00416988566342487 -0.133229004951833
0.580653550083903 -0.526533452810619 -0.0493864698679652 -0.0208549180548799
0.355302612720944 -0.554664928885333 -0.596471957375834 0.310306394058398
0.0395187930748417 -0.594040343700882 -0.267098399728424 0.432284379651064
-0.313095956873531 -0.466497196668697 0.0573668363051401 0.233116669374667
-0.46300164644742 -0.147452691063541 0.00990556370871077 0.099071002507568
-0.350043386717053 0.172779208201703 -0.089143326279223 0.0772646505337106
-0.210695000748284 0.263555583455128 -0.150844789324152 0.237254583442207
-0.147366574776344 0.351956236525126 -0.0408813154354712 0.335231550776533
-0.0835796334600418 0.347512519099393 0.00779464458504356 0.361351228698818
-0.121691186999821 0.331070590873718 -0.0424309678544036 0.358430204680565
-0.246130908215589 0.202969276978141 -0.148579258588423 0.328848064662313
-0.308659058640607 0.0620485089075323 -0.250423750956667 0.194429714238278
-0.343364672595959 -0.215910959493901 -0.252387949506726 0.0273570503299891
-0.154605915790455 -0.403932087845668 -0.131580156475963 -0.0993695725660301
0.179644180779667 -0.406710170463413 -0.032244795309422 -0.00628283590806956
0.436764238854485 -0.406703128457254 -0.212524656760742 0.130151560823611
0.161122943921219 -0.362283129650568 -0.675271431611273 0.420427550590095
-0.0301736934727779 -0.337656990207595 -0.285341656361021 0.516663077187775
-0.186943216403979 -0.222524417053373 0.0385485101126921 0.225273633226534
-0.220397090814685 -0.0570305902544563 -0.0314539350276687 0.0793856932787911
-0.162922594566574 0.0757617318291986 -0.172429797739566 0.104701810524853
-0.122581373143947 0.11722099394593 -0.220334229972203 0.308609124374025
-0.11303194797924 0.163587456511238 -0.0875481664083594 0.441581976213547
-0.0774219982462762 0.164489500729521 -0.00809785978381856 0.455995540086545
-0.104059356008633 0.14663452821757 -0.07319734826459 0.442701140360685
-0.150964006256068 0.0661444722653071 -0.198606332686345 0.355576353925575
-0.142197254963972 -0.0160599446866215 -0.291307097022755 0.170192088943061
-0.120697533867189 -0.12916621067333 -0.228682056497631 -0.000278916636678954
-0.0402267119682325 -0.178488324514261 -0.100637558706587 -0.082184581016169
0.0963336675745548 -0.184374018503924 -0.0482277135587194 0.0886396817484278
0.230018856461132 -0.237747857038041 -0.316672530341178 0.249989891879962
0.0760054358773985 0.0408272032997689 0.316927328862984 -0.406255610655806
0.0414740837862197 -0.0441443160892009 0.0380603428814612 -0.239710313214639
-0.0360504985349588 -0.0620414198885198 0.0381766314325313 0.0631737511856508
-0.0851489537460759 0.00647563933373329 0.187726845739316 0.0463649863874875
-0.0276477077280987 0.0790597882823721 0.29042412665048 -0.126923138262394
0.0366374523394639 0.0579463624450469 0.245610711875901 -0.341604905590674
0.0659188486453946 0.0484910393055731 0.0955625535978492 -0.461978836239685
0.0555216426149084 0.0340421716532859 0.00491983304935253 -0.460211385014225
0.0551076574738117 0.0354747059031374 0.0711897674509871 -0.452715637106974
0.0247000188196375 0.043966141350619 0.174993820021815 -0.33717054072251
-0.0251884855664993 0.037746498409362 0.200049991089755 -0.139894414581943
-0.0416983006708007 -0.0122178391875056 0.0618415298821783 -0.0822586961506805
0.0238563319374368 -0.0262888664909503 0.0136668847179832 -0.19100717280274
0.0278967801317908 0.0496081301233674 0.232161870482796 -0.416402811561628
-0.0121436908016462 0.0951433391904911 0.652607713377934 -0.399205182053946
0.262001452590224 -0.177305184316025 0.240336882395169 -0.376809556595869
0.113204505643467 -0.266837559575879 0.00208230246564134 -0.214755177813255
-0.116558900169177 -0.268882686412204 0.0310689881083796 0.0824504462825835
-0.26446171044007 -0.093802994664729 0.171909952480137 0.0734163741012318
-0.187757039607149 0.134503821031926 0.291399000537183 -0.109548406497657
-0.0608969380669678 0.180979317032705 0.240825909900468 -0.305992543965597
0.0156259266245049 0.23452598861534 0.110565334271202 -0.424480906184402
0.0385951227462698 0.230712577446092 0.0174488717916428 -0.411000404007077
0.0206914600660958 0.241138380900882 0.0751951496785665 -0.407525539902753
-0.0928183010925539 0.197506301809114 0.170749939312982 -0.277228117935097
-0.209825613962419 0.121962587196289 0.179511690358501 -0.0939935574413499
-0.283975808664304 -0.104031404646765 0.0169578919317948 -0.06017280228032
-0.113137639388895 -0.267873930144276 -0.0132331075078893 -0.204225050774073
0.108913786013213 -0.218401754051961 0.218256195499676 -0.453347376875026
0.217722428884187 -0.139627316408914 0.616862958668409 -0.436426200705237
0.411205997912196 -0.379551576137937 0.107319290595965 -0.299688969464027
0.158760148814578 -0.478037824565193 -0.0498128557996354 -0.145162775970794
-0.20653293759484 -0.45232549651797 0.0362964064819774 0.111176283679527
-0.433276473273819 -0.174708488411094 0.160964913534497 0.0925651983180159
-0.330932598665812 0.186024764456751 0.267527590430665 -0.0930951878861584
-0.150177076185693 0.286729059192885 0.204314481785123 -0.238733379460197
-0.0359156847817767 0.387893822211465 0.10692533577385 -0.328730264713288
0.0160061671767972 0.391248437726295 0.0253477900631013 -0.299619721520722
-0.0172451242422447 0.40682262410439 0.069011629414367 -0.296112967268999
-0.197952244694306 0.319349236098169 0.136770443242788 -0.169421543539275
-0.367646830077519 0.188291351892511 0.119995853037845 -0.0271630861763572
-0.495372862858905 -0.182483645330013 -0.0494780046235548 -0.0320394444418069
-0.23857209586513 -0.475570265604962 -0.0561979417565233 -0.205361035227046
0.17375914936982 -0.460086705200822 0.175015580592119 -0.444496951432434
0.417571699418662 -0.350560802416283 0.506194751570929 -0.412494757923241
0.503442814483015 -0.544832230798763 -0.067506641343322 -0.176455297844723
0.163367801777721 -0.656872246554257 -0.109583483689343 -0.0259730976800737
-0.30821943536633 -0.58926844133654 0.0525938776388474 0.150356743681915
-0.578178960132605 -0.218929824941934 0.147665868311892 0.103428716145958
-0.439118483936464 0.236722754317663 0.213031014607735 -0.0712618227467868
-0.21771996384771 0.364331049499818 0.137492098770892 -0.139920918792369
-0.0828432827546704 0.487667182835332 0.0864811628779011 -0.183786123175708
-0.0101041556566617 0.492120827152643 0.0305606954049558 -0.144031081868866
-0.0519928031718682 0.505071858255651 0.0516539434255629 -0.139103140427699
-0.272458378637562 0.388374951259475 0.0793733698947118 -0.0300660724775734
-0.469023744962095 0.224234004424686 0.0327704957980096 0.0521891654229938
-0.632212252167102 -0.233100785139883 -0.125795200589049 0.00184443406666833
-0.328680845298516 -0.613437527531308 -0.103756143322491 -0.187612904781535
0.210370229229727 -0.626328706806178 0.113859433222098 -0.378144230828426
0.54885131962698 -0.501648004766045 0.336518341415207 -0.320371291963291
0.519925499970756 -0.64341369637983 -0.256606851351531 -0.0158339679654726
0.130186142313296 -0.756872929085993 -0.166456693007077 0.131376550435692
-0.388133711561528 -0.646270715551701 0.0696187180373193 0.189566832508816
-0.660127871460354 -0.218116318084048 0.119616627197067 0.10776511001416
-0.485789129699976 0.264786641508502 0.126950237873261 -0.0319992210598035
-0.250416192340764 0.393607828003217 0.049072764956678 -0.0140079510076865
-0.113475201562068 0.521712743713862 0.0536489542612618 -0.0106362688729857
-0.033684840462883 0.517721103300325 0.0310524007308026 0.0335944200560785
-0.0785130363476412 0.522006383702306 0.0281400243948125 0.0396388936639888
-0.303173623803566 0.389435612322061 0.00883232091968832 0.117438853592143
-0.491138706894973 0.215379015024433 -0.0681483581433015 0.130544884365711
-0.65202668995365 -0.251919487075014 -0.193023328618121 0.0336237823260234
-0.348428903960683 -0.64079101104194 -0.139092940899464 -0.152952803911211
0.218890178705109 -0.669020207612841 0.048859293422502 -0.262955607816539
0.589532339159723 -0.566464820796095 0.140894156432733 -0.17946906832934
0.457717817566729 -0.648852149941951 -0.431147174353313 0.160903468738056
0.0755987289775316 -0.733347993480816 -0.211446104572005 0.295054548710434
-0.397175288588389 -0.595518224901961 0.0735822078274752 0.216326459599786
-0.620738758843879 -0.185786366868778 0.0702177517213665 0.106485006799109
-0.44847876489378 0.247081297219036 0.019814729588064 0.0223969476009314
-0.242286402843443 0.361859586135331 -0.0464940800873017 0.121646072331561
-0.129769962461494 0.473767783894812 0.0134072465172668 0.169144700906722
-0.0519385794916879 0.464543149279804 0.0274881310061533 0.205515490941437
-0.0974699353310036 0.459054049781995 0.00122880111487774 0.210673342130263
-0.28758346740157 0.323047996355912 -0.0634807195386213 0.243536305093031
-0.425918891233804 0.155483377774279 -0.162780713890883 0.184334072826603
-0.542679949141906 -0.238834868024312 -0.235847326296777 0.0474146187015815
-0.284105473917601 -0.556072006612571 -0.149827038668985 -0.116275021014991
0.202963871458304 -0.58479033538276 -0.00199872342712909 -0.127979471342612
0.537719643604998 -0.530321237696364 -0.0486174816837877 -0.0177449352299331
0.326089410667075 -0.547437023950475 -0.566108486568234 0.31964132856329
0.0200466201268499 -0.57734845263738 -0.243540036660705 0.428937063439843
-0.319683830329779 -0.43792254737269 0.0601732863512139 0.223897817653199
-0.458497224065848 -0.128099217551105 0.0137208407841368 0.09668643047121
-0.328886239229775 0.178216151088828 -0.084664700794365 0.0743257558334621
-0.193298450640172 0.263343667820903 -0.134072828579684 0.237895417003548
-0.126503733713072 0.348885108851906 -0.02885403726724 0.32519813090128
-0.0638861880988569 0.339549200066563 0.0192496836966163 0.347687380296763
-0.102041452992478 0.3242252779626 -0.0265521209284745 0.346295499236256
-0.230543785844408 0.207018827027108 -0.127968309070772 0.324076016108709
-0.295573603261561 0.0707471456154983 -0.234039442536349 0.198012316340124
-0.342573932776746 -0.194008328282352 -0.243321967033777 0.0357920303674204
-0.164459852780485 -0.381537638454449 -0.134552998531809 -0.0903626950137125
0.15978019489056 -0.400855766601899 -0.0325146858816917 -0.00449572776300475
0.40343087974567 -0.410325933978777 -0.201307532230378 0.13305503488054
0.14570208476103 -0.355281398248252 -0.639004445914534 0.427456438960323
-0.0382494698352298 -0.32766207787475 -0.260706648571514 0.510727433991528
-0.188075066165375 -0.207051792349769 0.0432390871307779 0.217750248993675
-0.219113500476392 -0.0488933265914706 -0.0262722665254475 0.0782207149850795
-0.1530134057227 0.0771579487465753 -0.162951011636482 0.105273933634488
-0.113024920459249 0.118535785364044 -0.198273527506139 0.310002063359621
-0.100908542492408 0.164283596157397 -0.0678516203236725 0.429709591063491
-0.0672133325842191 0.163125777207144 0.00820415730291037 0.438369240099853
-0.0929764647661004 0.146713801066327 -0.0523689479891897 0.428302017823782
-0.143527605646444 0.0707844517555529 -0.174736297206043 0.350720702957468
-0.137832707993051 -0.0107490653119898 -0.27424428886404 0.176088238650955
-0.123649534994822 -0.117873202473926 -0.22074801097698 0.00854098817514885
-0.045968321941425 -0.169109109256387 -0.104526859803958 -0.0738129035758725
0.0857273672990521 -0.183990962104471 -0.0459304094371495 0.087639863747245
0.211599664996394 -0.240049036272516 -0.297052916690738 0.251705423752319
0.0722128427722036 0.0404110324258069 0.30533112797188 -0.398152847030007
0.0385356553900885 -0.0400170810538901 0.0367572820341842 -0.234225938574562
-0.036631815206081 -0.0609443565763359 0.039635019003922 0.0588012644343529
-0.081920515600672 0.00557216099980953 0.182294385069458 0.0417332043680678
-0.0258419618882443 0.0775626797893669 0.278728808388726 -0.126823081271553
0.0341504121380443 0.0562297587392611 0.229945238337407 -0.336868950532546
0.0644676993494439 0.0450118848740265 0.0835695405483677 -0.449517324310731
0.0541368726649646 0.0327941589180185 0.00109972910417174 -0.444269957245829
0.0530183600558576 0.0327759905890521 0.0609467987325351 -0.438079097910445
0.0250928057936642 0.0414135252855578 0.162454724742103 -0.328155700452136
-0.023349307128645 0.0371354669057601 0.192944403455871 -0.138282204660108
-0.0392168686838389 -0.0116434334119929 0.0588145211979491 -0.0794717961385913
0.0236296629294571 -0.0247833607931499 0.0128565271901789 -0.188192937723759
0.029186855502683 0.0508914809860913 0.222845248880385 -0.407587337405041
-0.0109915841714056 0.0936073377215541 0.631370348554507 -0.389777420564937
0.250325972794631 -0.171741030565508 0.231861180374032 -0.366441727093158
0.105869436721191 -0.257301739329865 0.00340339134930856 -0.209291033336885
-0.115580006012209 -0.258664447382098 0.0322516766544636 0.0767291387436612
-0.258530661038509 -0.0905661972351736 0.166420475886969 0.0694259575384734
-0.180966412091758 0.131961574432213 0.278580165112837 -0.110334667163953
-0.0593950706891275 0.177121012574579 0.226371017071577 -0.300503428136965
0.019453047406719 0.227358138321744 0.0969969241765267 -0.413044676202564
0.0418789108389522 0.224088062308505 0.012217427851935 -0.39639168687455
0.0233248758296673 0.23141163832713 0.0654714324530955 -0.393282501744183
-0.0877390327138324 0.192565053287586 0.15986851504281 -0.269812749032517
-0.202186600420093 0.120919364807131 0.173172943002936 -0.0933475594204949
-0.277282687141767 -0.0975751333264132 0.0146617917651422 -0.0574038064288708
-0.111474175303124 -0.257219364093416 -0.0138403978212403 -0.200733055041376
0.105309082682815 -0.211254766529633 0.21020085986996 -0.443431030103567
0.208661460909427 -0.136867383947996 0.597439773227219 -0.428029676106366
0.393505247181334 -0.36829696238445 0.103789210807438 -0.290073279462013
0.148507758160337 -0.462565048035924 -0.0458595372825855 -0.140735727878863
-0.204143906917905 -0.433582308209378 0.0361748470562867 0.105049728909348
-0.425396384078888 -0.167573040817785 0.156467247239105 0.0884539725378387
-0.318067990109659 0.183600747225138 0.254869156030757 -0.0960522025521934
-0.144365181663061 0.280886659682877 0.192866075308585 -0.233824802193229
-0.0278756809041257 0.377908342566272 0.0945902135263854 -0.318802343322345
0.0230467413214869 0.381042541341228 0.0221078675546024 -0.288480122236378
-0.0109558274503067 0.392888110003403 0.0602106768299661 -0.285053558702349
-0.188448602210282 0.313610361729811 0.129548602911107 -0.165047138934388
-0.35455755019541 0.186977258363124 0.114879282797853 -0.028384292910409
-0.48464274775523 -0.171140728803506 -0.0500182531778993 -0.0291744294948094
-0.236784433444646 -0.459246451967786 -0.0562923473669393 -0.200825534567903
0.165756131274362 -0.447360232004336 0.168998586406682 -0.434098546329912
0.398999016707932 -0.345311139185753 0.488878590052095 -0.402087791408156
0.482595373574464 -0.530533031430386 -0.0644593581262472 -0.169158170059524
0.151507357787884 -0.636706407594533 -0.102953930648902 -0.0234865545083872
-0.30455990362422 -0.564969569697411 0.0514435119365583 0.143363252622888
-0.568833123330878 -0.208388250885787 0.144151362841546 0.1002696868496
-0.422445335384048 0.232231073677136 0.20202194084654 -0.0747956374408538
-0.207701169015581 0.356339043727413 0.13038019553075 -0.136953250069821
-0.071173210585591 0.477906769727845 0.0767152746065259 -0.178158730342903
0.00115825955728204 0.47971953278736 0.0285603002250617 -0.137405593103193
-0.0426675720243791 0.489023239973805 0.0459076791595076 -0.131926476708068
-0.261005364929962 0.38223083372075 0.0773759368528459 -0.0284528065064467
-0.453735071546988 0.223398825589015 0.0304101898253813 0.0505262714858567
-0.619782251155927 -0.219923058802544 -0.123698454411868 0.00484310995577943
-0.32635858393091 -0.590286553715638 -0.102883315543326 -0.182013545148822
0.200152049733517 -0.608762053784519 0.109650691316864 -0.368790115509536
0.525515602924428 -0.492269220616601 0.326013122416272 -0.312986280680521
0.497965312159507 -0.627880912205668 -0.246987165635206 -0.0113186356426675
0.119286098601962 -0.73595185334805 -0.157059344201044 0.130662561239462
-0.384230679833372 -0.620830467210486 0.0672651180634386 0.183072800032635
-0.650719220476548 -0.20758524515131 0.117757297544574 0.106149128579981
-0.466342116035209 0.259753674557403 0.118998357135994 -0.0365031659375745
-0.239844623271716 0.387220645082505 0.0483040297928672 -0.0126264483614386
-0.101770346119007 0.510042546123603 0.0471560307786031 -0.00869566178797501
-0.0217320452252433 0.504937788378862 0.030245690191339 0.0338876967491987
-0.0672253896681075 0.50522654461082 0.0253367378585815 0.040365490612606
-0.290975039628431 0.384567323853897 0.0110700450948077 0.115890469028299
-0.475255441086552 0.212604143481944 -0.0670915678471736 0.128142790396569
-0.639026648306762 -0.234884858781637 -0.189256417226011 0.0359614497681216
-0.345270847575885 -0.616497224018996 -0.138325457250113 -0.147377739283778
0.207030914056215 -0.654657838325447 0.0462551582941952 -0.255547977158191
0.565155951672249 -0.554714184262921 0.135091756158777 -0.174793440456697
0.439160347591485 -0.633333281918344 -0.416011879086214 0.161481490775507
0.0677038518429449 -0.715282678713047 -0.200650785609538 0.29127364378725
-0.392605033044555 -0.572146342198228 0.0714644493000304 0.210504800279191
-0.613362264641868 -0.17514038407985 0.0704825007711904 0.104746776665211
-0.431777595440196 0.242655785785997 0.0167316240012054 0.0173160457304353
-0.230676315499669 0.355515206941429 -0.0412620579359712 0.120797392702411
-0.117281938177954 0.464994130981596 0.0118231715952349 0.165199463815602
-0.0418002981474456 0.454651834803286 0.0283407897285326 0.200030532167924
-0.0852231746338551 0.444972928318693 0.00211247701439391 0.205215606116031
-0.275281655098022 0.319550896369793 -0.056840861437797 0.238094454340227
-0.412483666623276 0.155565842231752 -0.157608074086153 0.181536153440118
-0.53292828569502 -0.223506021347979 -0.230000760138091 0.0501608528074588
-0.281321550284686 -0.533937523292726 -0.148956326177026 -0.111157193033381
0.192213090938455 -0.570920880674784 -0.00291228922781131 -0.124079118318044
0.51486763417739 -0.520280491222566 -0.0478452831091589 -0.0168397413166553
0.312971177456673 -0.533855051935808 -0.546712763617842 0.315327992252979
0.0156035122790623 -0.564956733024499 -0.232120235719496 0.422291116615831
-0.313972673109904 -0.420335798388952 0.0588885373251731 0.219468047314776
-0.453763488553723 -0.12033851125873 0.0160980576904834 0.0955524067342866
-0.31626355706785 0.173800616014607 -0.0830473210368442 0.0700975176501064
-0.184363617794089 0.259010610443828 -0.12382567166401 0.23542877084952
-0.115004265438626 0.342937618889136 -0.0252979308359692 0.316794288483797
-0.0550450544009181 0.331852569121105 0.0217283088588769 0.337315897581804
-0.0919626143523306 0.314893737514353 -0.0218518446592667 0.335751140320446
-0.221456575468716 0.205483091637696 -0.1175017308291 0.316725306798973
-0.28672783797742 0.0711869520298823 -0.225548348490024 0.195654920934018
-0.336965502774814 -0.181210602740687 -0.237344142209576 0.0383766552861382
-0.163637535920854 -0.366666981795208 -0.134419017220992 -0.0840959063792723
0.150054305229426 -0.391771052559605 -0.0326567112826214 -0.00365457458181011
0.383669849177875 -0.402452122186254 -0.194706187145752 0.130994660076667
0.139434372565962 -0.347659490571831 -0.617762567211765 0.419677738279088
-0.0386329440831264 -0.320264863410087 -0.247686407057015 0.502001330482248
-0.184345844459717 -0.199309258939848 0.0415292798377405 0.214927581721447
-0.217641396248799 -0.0449548320062321 -0.0230042066776048 0.0769571395263598
-0.147221982969474 0.0749676246293588 -0.157121252926077 0.102404290306311
-0.106988952639055 0.117030347792692 -0.185716865302256 0.305652795788297
-0.094651892900956 0.163050962202559 -0.0590586561932865 0.418227045817503
-0.0612608138708114 0.160368115613763 0.0123975816663344 0.423386056570894
-0.086437340146485 0.144271670138929 -0.0436797309829433 0.413632004153907
-0.138228529115018 0.0721895069195273 -0.161587518847465 0.341807148351638
-0.134312475072902 -0.00983766641959584 -0.263413500195317 0.175354948590016
-0.122961683284981 -0.110670873954561 -0.214935694217162 0.0114377964997077
-0.0469152336974674 -0.162214382919581 -0.105318995637564 -0.0680571249214941
0.0799996770506147 -0.181445039479626 -0.0444440623587243 0.0863277813024036
0.200463934016662 -0.23722304205129 -0.287167538354909 0.246987084243747
0.0697646799492611 0.0422836050247545 0.306640333523759 -0.392464657608185
0.038859124541719 -0.036163888940142 0.0383187965490216 -0.233980014559154
-0.0368105298600776 -0.0593777930978789 0.0409209440716619 0.0557453756703131
-0.0808609301362845 0.00379194920767429 0.180311086144483 0.0398312508660896
-0.0255017891220221 0.0773579381437629 0.274402303675264 -0.12483671345826
0.0318644754868104 0.0565201814902762 0.224346965418369 -0.334465877285146
0.0635695170514276 0.0442993562266859 0.0797811444021882 -0.443436985930867
0.0537216263886227 0.032345376984855 0.00278512895170092 -0.438676512773663
0.0514526510497805 0.0319210642182761 0.0586965105465536 -0.431443917904488
0.0252863424231951 0.0398184840112601 0.157860134751318 -0.323778638073227
-0.0223694660669335 0.0373209145000913 0.191321487655492 -0.136822748677153
-0.0375659794682877 -0.012050362638573 0.0577695107262493 -0.0781721643351281
0.024288904245724 -0.023404097190713 0.014719422519967 -0.188785266147665
0.0306188198154326 0.052794786155611 0.224701577601735 -0.404971255349373
-0.0110891646799241 0.0934788674045667 0.631529700870186 -0.382213640442309
0.246546504470996 -0.167014233295937 0.234873564910994 -0.361208205618555
0.106177158801492 -0.250427339956836 0.00659252161275024 -0.20849321366374
-0.11404665309036 -0.254834936316857 0.0319787639244573 0.0740277363554218
-0.257579821746213 -0.0917319718208454 0.163980957164866 0.0685538579370599
-0.178170887568298 0.129543409485229 0.273023403333891 -0.109603280436628
-0.060801420661352 0.176626148802016 0.221170940924979 -0.297823101129029
0.0203233405082531 0.224431180798495 0.0909464077753083 -0.406637477707051
0.0434641015382978 0.223138699559287 0.0136654071387641 -0.390683771105312
0.0229759320387477 0.228295402617867 0.0631418778588657 -0.387007021461998
-0.0869314609279916 0.19096206409188 0.157215713822603 -0.266201464814576
-0.199935437412083 0.119839349543275 0.170624396997345 -0.0924154439583557
-0.274941147239356 -0.0972080731152841 0.0141585892310058 -0.0561520860540177
-0.109575599148908 -0.254567919332067 -0.0116573999553755 -0.201283771855047
0.107723646318196 -0.207775917351453 0.211812308408532 -0.440985483713466
0.207039497322776 -0.134304327367128 0.59539828885775 -0.419291677986717
0.391830788506149 -0.36025225155739 0.107197441370596 -0.28574070045453
0.148332799980193 -0.454705615454963 -0.0412954813090005 -0.139748739180338
-0.200734238850839 -0.428156536039047 0.0351162132723275 0.102703628237063
-0.425032265893706 -0.16788996523151 0.154434062878922 0.0880996445235883
-0.315158911696063 0.178790202555527 0.248539198987641 -0.0962397396408218
-0.14486097441481 0.279635907885202 0.189338439067019 -0.232152156430962
-0.0250177979773494 0.375375761368072 0.0879445223987805 -0.313316275024084
0.0257653698980995 0.379170443840105 0.0231222740002017 -0.283570744144277
-0.0101548259245449 0.387504526841845 0.0575069856403976 -0.279608364118795
-0.188042480637617 0.31176245013585 0.127498611852744 -0.161331401547184
-0.351868335446978 0.185452215090214 0.11321579681308 -0.0275339499845346
-0.481959225960062 -0.170647622262944 -0.0507494023398834 -0.0273376938211469
-0.232666617772321 -0.454242880336525 -0.0542124303846635 -0.201412617452223
0.168270281266297 -0.44103449464144 0.171191923997979 -0.431109314323593
0.396642252730392 -0.339403666491605 0.488160332582141 -0.395336835814853
0.479324745555617 -0.519606376655452 -0.0586598889119379 -0.166002800644722
0.151773801741915 -0.63006706308715 -0.0975580831925842 -0.0230110876685497
-0.300595929020204 -0.558676641694707 0.0500894786615285 0.141735297303306
-0.570617782276556 -0.207072857824733 0.143340942922975 0.100328471366286
-0.418537242386235 0.225016097560115 0.195713319644629 -0.0759607625817514
-0.208751820240183 0.354530916156856 0.129924475876417 -0.135217347434889
-0.0682046834141627 0.473916918320532 0.0706780507922984 -0.173997900516523
0.0032575792470754 0.477609887213097 0.0291676321033367 -0.133085692712171
-0.0408952021590172 0.482590117188416 0.0433835922271407 -0.128096659388118
-0.259908063234143 0.379694872614458 0.0773209241508526 -0.0263490573391601
-0.451187737053318 0.220345006479722 0.0284068865712364 0.0510715721804048
-0.616189496862706 -0.216212164993931 -0.1239205748761 0.00610227288793809
-0.320798228032515 -0.584579751320032 -0.101779561290355 -0.181754402271559
0.202076612229847 -0.602750489377012 0.112613764689056 -0.366547319501526
0.521362196311879 -0.483758065774842 0.325034727994878 -0.307270567704116
0.496585517988701 -0.617264188249783 -0.241588338975028 -0.0109392652348214
0.1202067780291 -0.729014786504508 -0.151896772398211 0.130509276937682
-0.377667569588037 -0.61429464702489 0.0653262622687919 0.183068616472531
-0.65230831361736 -0.207915130446067 0.117529477817323 0.106785933747515
-0.463199874620347 0.254952908722251 0.113118259326033 -0.0394494654191066
-0.238725163736365 0.38494394403757 0.0491120577254336 -0.0123273898896223
-0.0964073886671281 0.508375074330568 0.0424195756730342 -0.00641095084121738
-0.0176760222712959 0.501549337543463 0.0306159906177793 0.0364065317732142
-0.0663311817542441 0.498539270523546 0.0233673387288301 0.0429675766146167
-0.290353064928618 0.38227781931413 0.0127017846034548 0.116027690052817
-0.470916473901381 0.209327893600571 -0.0683847954866933 0.127603043764519
-0.637066346134587 -0.23194691717902 -0.189963874761511 0.0375697389199735
-0.340961609443815 -0.612601349069852 -0.137599291478283 -0.146245666991113
0.210065360723719 -0.647737029478171 0.0488424957923261 -0.253987878461687
0.560697385608432 -0.547153877076671 0.134879785873137 -0.171667820604858
0.437136958944096 -0.623473518301206 -0.411031811014625 0.158417364740208
0.0701544738960461 -0.709195769987515 -0.196320883305436 0.290276736440907
-0.38508220035698 -0.567078763158595 0.0685628915632346 0.21112323128686
-0.615193465443121 -0.174748146248904 0.0715807817330209 0.105533051115942
-0.430526538461774 0.236698437341051 0.0122480081849242 0.0143365026656225
-0.230160521697334 0.353014612766391 -0.0385270179531799 0.121204806773404
-0.111914812592021 0.462803730238409 0.00823705317630598 0.165808924504275
-0.0365183293159646 0.45247014855675 0.0280438572582325 0.20014527782794
-0.0830150111509287 0.438244840921292 0.000507435075147335 0.204271603644125
-0.274394755867718 0.317974533912323 -0.0545274561463407 0.23622825396396
-0.409562180512402 0.152838389526513 -0.157955540400242 0.180795779603933
-0.529683932552447 -0.219774633053231 -0.230138966068389 0.0499477156604743
-0.2778380334143 -0.528599240587464 -0.149407526782272 -0.109005543122407
0.192337979483844 -0.565490656765324 -0.00160041407975327 -0.123128362076894
0.508264592810064 -0.512607631817686 -0.0480895812772767 -0.0167510456436413
0.31374615393152 -0.528068493419078 -0.54332646702244 0.309461085742115
0.0190546977626234 -0.563097986716257 -0.229881525693157 0.41978049098451
-0.309263170508356 -0.418542714274534 0.0564473873328687 0.221327961502438
-0.456113003757333 -0.120187415378464 0.0174805439601878 0.0961188681701985
-0.314576201819596 0.169623425178525 -0.0856030148076647 0.0663588486891929
-0.182832302268611 0.25724838584043 -0.119599377073379 0.234711869716311
-0.110971416945069 0.342754689028944 -0.0261296746232369 0.315136428982118
-0.0516032424304928 0.330915975054117 0.0206455724953098 0.33446742157486
-0.0899873876979439 0.310758351004272 -0.023056268677161 0.332070553376604
-0.219712548914526 0.204515051596827 -0.113390615446709 0.31287673634789
-0.284480726909518 0.0694484956108759 -0.224798718138774 0.195120679061584
-0.336141407799195 -0.177412434705833 -0.236126026256585 0.0386587388731199
-0.162043429141505 -0.361538429915825 -0.13574756872869 -0.0818055805831991
0.14814141385422 -0.389288524145107 -0.0321935480245392 -0.0032942941231188
0.378044427179577 -0.397730465497445 -0.194872730413045 0.1281060833983
0.142658383078789 -0.34521103311165 -0.615742817856631 0.41075979573447
-0.0359623846698481 -0.32209742385899 -0.2484007609348 0.499737817502622
-0.18157080668912 -0.198385938723811 0.0402251084177825 0.217031908600897
-0.220994401519276 -0.044773614796473 -0.0204282979060187 0.0772904054178559
-0.146540133441949 0.0728795807194442 -0.157699405687412 0.0994207884706616
-0.105290554225808 0.115760503723119 -0.180440940914733 0.305267502127637
-0.0920390460154723 0.164363080555636 -0.0573457293706583 0.414386267589508
-0.0591533786256363 0.160355417431458 0.0110053352041689 0.419343408777594
-0.0842866262225755 0.1427022917621 -0.0434460029143937 0.406638164993542
-0.137047495043105 0.072338511257533 -0.157873265231436 0.337580223829654
-0.133509212525829 -0.0102030432844155 -0.260558446236488 0.174793612769609
-0.122774017092263 -0.107309862484968 -0.213648706469486 0.0112194445406709
-0.0473141012840761 -0.159862542243027 -0.107369623241086 -0.0653680614897992
0.0782442467689525 -0.181198830271284 -0.0445672835301104 0.0849889843250795
0.197152168432256 -0.235235190353765 -0.286642043275724 0.242882477214661
0.0696557395910519 0.0446509700283837 0.312809337360671 -0.399150194849156
0.0405005571560879 -0.0333652678172015 0.0386963482356657 -0.239899668209696
-0.0379335922981552 -0.0598770565430149 0.0418425141460238 0.0541115764575308
-0.0829804553322694 0.00221027580484103 0.18239813213867 0.0390363061893823
-0.0251084085197359 0.0785481659483475 0.27753020138779 -0.128539208036933
0.0312685474389384 0.0585298367257358 0.222154325657362 -0.340907891987718
0.0639068858158134 0.0436044883740287 0.0751983378359971 -0.449697221979599
0.0552376673805445 0.0327779359316444 0.000848418095221708 -0.44514221174749
0.0515413583807275 0.0317198877315239 0.0566670888034776 -0.436683519860409
0.0253458395516424 0.0389966859729141 0.155932870335905 -0.328545620241283
-0.0213229567094593 0.0377947043294873 0.193269893383342 -0.140015981258219
-0.0368643578870451 -0.0127717046160433 0.0581188162999982 -0.0785593116328819
0.0260278200328414 -0.0229397398204861 0.0148148046440288 -0.194105331359802
0.0335131061503696 0.0549012594238299 0.228063229645043 -0.41276009858742
-0.0111986024760331 0.0949678451819306 0.643640240483104 -0.385994278667933
0.250067217986999 -0.166783475637485 0.241598463821841 -0.366702589564681
0.108337768596621 -0.250667019431915 0.00777542909675964 -0.213333946008547
-0.116391590093548 -0.257248571889507 0.0324258559196055 0.0723739199002112
-0.26443471876719 -0.0938208612534338 0.165906131492055 0.0681729790457081
-0.180438008479364 0.131047410169568 0.273623078791201 -0.113514484171323
-0.0628803797185735 0.180755306679513 0.220110211679582 -0.303675805222844
0.023002549998157 0.22829183489965 0.0860043267341788 -0.410581238630162
0.0476312832466606 0.226723517959706 0.0132258382412886 -0.395516204014719
0.0241630415335598 0.23163417441243 0.0607171822138507 -0.390216498590675
-0.0881595444870886 0.193992987680463 0.15613328406212 -0.26868094388498
-0.202392731316305 0.122740276664254 0.172008394148595 -0.0940160411137521
-0.280873641370535 -0.0975328020859029 0.0136253434520894 -0.0555307604213817
-0.110696246546548 -0.258232712494466 -0.0114750114600858 -0.207135511273965
0.111447709396978 -0.210988022255974 0.216271877287003 -0.448630530030148
0.210325113250127 -0.136298900750944 0.608324367126965 -0.425100514365038
0.39623839194875 -0.363447974563691 0.113022869420793 -0.288658387948408
0.150089205387927 -0.45805547264944 -0.0390176902013178 -0.142853978788937
-0.204217013040563 -0.432911564063441 0.0358730130466372 0.102557458237994
-0.436461943296102 -0.170595258554557 0.156635935486946 0.0892701990628453
-0.31885379479212 0.181367682229629 0.248197013397891 -0.10045440489952
-0.147683919461532 0.286259156079295 0.190071542764721 -0.237297227438609
-0.0207423343471122 0.380732470664133 0.082855654579477 -0.31470695283744
0.0327124301350281 0.38694730935363 0.0234655978940658 -0.285862515533419
-0.00856776288742781 0.392648523973649 0.0556082314513218 -0.281317568326447
-0.190293266145891 0.318587037997258 0.128713022726944 -0.163336116845908
-0.357536123127334 0.190048855284136 0.113121699391281 -0.0273360284062316
-0.492740292194176 -0.171022460410142 -0.0526114927878325 -0.0262428777333688
-0.235939717368411 -0.461001919720847 -0.0549710935500736 -0.20704784060329
0.172100330542688 -0.44936420722658 0.17634507993968 -0.440871734303338
0.401736247411182 -0.345099694541958 0.496988579152103 -0.40061499920035
0.485875565258782 -0.525752325415222 -0.0555734615014474 -0.167944380520184
0.154233884922201 -0.636119366066369 -0.0945097050749627 -0.0243084080729425
-0.304083943635112 -0.566456088353745 0.0504863318408545 0.143825233275341
-0.586864415897584 -0.209529564141563 0.146579975406642 0.102220887644179
-0.425847944926295 0.229467724744152 0.193146277803341 -0.0799706213008562
-0.210943336950638 0.363254168498608 0.130751800023353 -0.137873266155935
-0.0608089646019665 0.484057610354638 0.0658715538862633 -0.172987915739031
0.0120524874436846 0.486220759506992 0.0301312372546348 -0.133689764731052
-0.0392930823919082 0.489917739521905 0.0415158879486676 -0.127481538294923
-0.264235254971858 0.389638204289483 0.0785488098773205 -0.0262250454112363
-0.457952693739247 0.225300191843997 0.0278116444472721 0.0530616506547816
-0.632098514299066 -0.218227355662887 -0.128484605950374 0.00954340158078996
-0.32666292391945 -0.594517419063248 -0.10342365828536 -0.185991329638052
0.206384891582513 -0.613755330171554 0.116375900829548 -0.374141280967174
0.527429866327063 -0.494888225473851 0.330290964022944 -0.31159545705608
0.503869598524138 -0.624736281019994 -0.241300057724904 -0.0104757773833115
0.120883931859384 -0.741214812523209 -0.149142390682185 0.133115325594628
-0.384014502802259 -0.622680400055117 0.0671018405995664 0.186865781455999
-0.670122126407755 -0.208422396614512 0.121144047886441 0.108667160729968
-0.470487279110931 0.258249026576949 0.109759184335629 -0.0425421787783091
-0.241377842126934 0.394816274094019 0.0516890241750905 -0.0124672864092044
-0.091468350307448 0.518258215944865 0.0383470760061906 -0.00230289931745729
-0.0108883516011567 0.512801429592921 0.0318507872168252 0.0381197477545126
-0.0653065755262523 0.506900144696304 0.0227858179870903 0.0461273046495584
-0.293904396200746 0.392771589374653 0.014430407199086 0.118400185494816
-0.480150454631208 0.214720600548291 -0.070653340055041 0.132061366204113
-0.652683588888156 -0.231900568129447 -0.194808892930755 0.040553397515936
-0.347912144606227 -0.621332236211751 -0.140510140283311 -0.148035580732545
0.212652942538944 -0.659142772247629 0.0509725129757585 -0.26030780170983
0.567539481801121 -0.557151394426814 0.136416168070832 -0.174034447147608
0.446263072595478 -0.633391780299115 -0.415344499224575 0.161857669076243
0.0706401494553796 -0.724726627854955 -0.195284221732672 0.297226498349335
-0.392491379508179 -0.576158043591326 0.0707229616852058 0.217856098390134
-0.634522427642885 -0.174183119147114 0.0755222079349675 0.108002737966822
-0.435488646387669 0.242113433877815 0.00801853201960042 0.0113752622733932
-0.232647985819189 0.361258822654141 -0.0358752444969509 0.123743159336764
-0.105703916046326 0.473725281352703 0.00590332383382156 0.171724551786009
-0.0309498166234904 0.461171815002794 0.0296221141687389 0.204878255215867
-0.0819147719168284 0.444479702370259 0.000740139773066391 0.209347179002154
-0.277862422226826 0.326974159128457 -0.0520161643391832 0.2405533323789
-0.417028622096087 0.154992575999445 -0.161431385038089 0.186679010606775
-0.542668826748543 -0.219728075083057 -0.235983980972743 0.0539280171852243
-0.282754671924766 -0.536043532274619 -0.153101267914537 -0.109103980935012
0.194696487205725 -0.57495208530433 -0.00103806369238645 -0.126032006466658
0.514152479581232 -0.5229677047649 -0.0507003782138649 -0.0170946946698133
0.321099784075065 -0.538229727741666 -0.551703219416194 0.314935792193663
0.0180847527869536 -0.574762190212993 -0.230379351585819 0.430255518729955
-0.315512810892127 -0.426360995154124 0.0586797107357194 0.229324893561867
-0.471226795691559 -0.11924094930956 0.0214286151727682 0.0988625311595891
-0.320414773756011 0.172340481573807 -0.089906902601807 0.0657109894922145
-0.184411127928197 0.263812723428682 -0.116910537526958 0.240060631962082
-0.106735008344596 0.351723234491683 -0.0264255962217639 0.321944048164535
-0.0469801469948146 0.338390071401237 0.0225132333955281 0.340576076426755
-0.0891236815934861 0.315051629610251 -0.0218357461765218 0.337309755399145
-0.222958355517898 0.210806273339635 -0.112118516601713 0.318222302855781
-0.290104352141412 0.069716135486916 -0.228384490013096 0.200618393952147
-0.343689920543436 -0.176403724361145 -0.242074261963449 0.0409657451456949
-0.16621097884275 -0.366027322671094 -0.139108065736027 -0.080688381644575
0.150018410018363 -0.396258066413636 -0.0322113282215379 -0.00439837971688658
0.38162823500955 -0.40561982052075 -0.200252304088142 0.129940333404049
0.145803438809206 -0.353304077306799 -0.628128277619142 0.416668308307872
-0.0361069804243996 -0.330641356448127 -0.250714775680697 0.510175383434042
-0.184970739884524 -0.202638974002816 0.0425051568056008 0.225442921390563
-0.228202231436616 -0.0432409960179047 -0.0177038428845771 0.0787584028477027
-0.148378735656817 0.0736921455073821 -0.161952860214798 0.0997754260337559
-0.106276733066961 0.118265097800232 -0.178935561538191 0.312179005296306
-0.0897271407702546 0.169819872892228 -0.0562971013340757 0.422079226469129
-0.0581761122188937 0.164389981870662 0.0126399166545043 0.425890209244164
-0.084163553829036 0.144953452716282 -0.0412093038613679 0.412729088821849
-0.139797379299181 0.0753220384040524 -0.155847679134622 0.342203111627751
-0.136196171931121 -0.01073052819162 -0.263996615433573 0.180203465395867
-0.126020937545231 -0.106188088489863 -0.218307042835934 0.0130117533694832
-0.0496123502565614 -0.161085351485173 -0.110976564748595 -0.0628065241437479
0.0768787018861119 -0.184606476298039 -0.0446855335413305 0.0862893315893741
0.197383146672417 -0.240230451938395 -0.292481034746215 0.246564257787414
0.0694369308933064 0.0324518230787434 0.294520169230238 -0.422159641711838
0.0350299315447132 -0.0380248218211327 0.0232014954440234 -0.245990783611909
-0.043900079027269 -0.0553230419402323 0.0518870634011759 0.0477009041903802
-0.0819716069550834 0.00930533264095175 0.18888093624704 0.0177720554194408
-0.0148152360182664 0.0755647241352187 0.265829445680767 -0.155516429847201
0.0333511672502663 0.051561211134389 0.191925441540991 -0.363485259411715
0.0679028560364149 0.0328480431535493 0.0282091253359214 -0.461459432753012
0.0564621223277087 0.0268777723493527 -0.0386128537380168 -0.453885827239518
0.0556805417177455 0.026024775227354 0.020484368233245 -0.458219144242621
0.0318641158121152 0.0384742939327877 0.134334872255824 -0.356338244068799
-0.0154633725863064 0.042966513525078 0.190030781902031 -0.163887660817418
-0.0370028338455624 -0.00800280262129661 0.0553066518826958 -0.0875167396093061
0.0298572578143586 -0.0247487337569076 -0.00150729115002339 -0.206260416000179
0.0477266578239631 0.0625156144169728 0.207551168332548 -0.458708163338869
8.50071204117307E-05 0.110766059847783 0.655429544979942 -0.44596098205753
0.225463229279983 -0.198027541000369 0.240304967109894 -0.37049719185258
0.0787943450682013 -0.26200002840428 0.00797462321595351 -0.211908739133147
-0.146097736489747 -0.244067131620176 0.0613695157664465 0.0623052396425077
-0.278455888914048 -0.0624571434099992 0.186515907261511 0.036661886810735
-0.165928663256672 0.144719370134954 0.257949851645884 -0.151074419347608
-0.0494015232696891 0.184307240734207 0.188488437302345 -0.330364976123046
0.0509450678838433 0.226462414543372 0.034983110460154 -0.43233417194642
0.0675991669019409 0.223329246588639 -0.0239640552137515 -0.402119162515271
0.049732677882911 0.231362425750074 0.0283718216889234 -0.41008492508464
-0.0680685904973481 0.209033161681253 0.14033388956345 -0.298614214571108
-0.190313871538866 0.147034203884994 0.17275552596182 -0.118712674446465
-0.296315262003188 -0.0678399316436736 0.0197347290068628 -0.0610708052109715
-0.13351930647627 -0.252325133047169 -0.0209086838073707 -0.208691977238966
0.105195507819204 -0.222428109556462 0.18087382914116 -0.486342363384173
0.214557398085984 -0.151134990793909 0.594389036112409 -0.480076354695651
0.34944130298937 -0.409539791781209 0.127142716962842 -0.27015944641786
0.0986591272063236 -0.474278331091325 -0.0198853157808548 -0.133436145056491
-0.255324497340405 -0.410654336733306 0.0836189991987355 0.0874297670675199
-0.462236945503325 -0.11707464642611 0.188531922820361 0.0461050491803133
-0.30004846964133 0.20936955502921 0.227478276191927 -0.144715816378965
-0.125169117697348 0.299827412304428 0.158711683869377 -0.265424875939679
0.0273176058117331 0.389411695875418 0.0331291344935496 -0.344427690314881
0.0676553051038531 0.386919884426944 -0.00570384308144853 -0.289364677315434
0.0351956014293993 0.397847041999391 0.0326317361285292 -0.295022181441703
-0.160506359355634 0.347105482310588 0.120734329730401 -0.188920704325224
-0.341352452491505 0.230021465885286 0.118283269906712 -0.0461343672124476
-0.52164092858956 -0.120158683414313 -0.0400291645863057 -0.0259707581846381
-0.283510786201177 -0.44871559980121 -0.0581598811587249 -0.197079663491106
0.146914500191429 -0.478187878735047 0.127734055504986 -0.46290720211901
0.39776454464393 -0.389362111265228 0.462108000439714 -0.446103740744485
0.423176982709124 -0.580611388673372 -0.0274406060059154 -0.128584181440611
0.0830087599204911 -0.651932027062883 -0.0559000784351702 -0.00705746854861394
-0.371466639581139 -0.532766622261098 0.114426522911277 0.121857353918922
-0.619768637117781 -0.136634526889486 0.18639318780313 0.0487988254927497
-0.403159583953433 0.269340274927078 0.169336594725289 -0.127194711534504
-0.181547841866496 0.385357296703271 0.104458334623495 -0.163752965739845
-0.000775857430025882 0.501091108394378 0.0254773199436914 -0.205061568988543
0.056921855563163 0.491204940589849 0.0134378355605829 -0.133198141625019
0.0143446847453247 0.501094642788004 0.0317417998744821 -0.133459495399177
-0.228056598066221 0.427058082355086 0.0814457418402113 -0.0431440178303015
-0.442037148639869 0.27484959188398 0.0364185176086844 0.0438570150494911
-0.670029828910394 -0.153198871589111 -0.111493469949803 0.017674161344916
-0.389721809120055 -0.576582077526645 -0.102079528112095 -0.165559473624311
0.167479515068434 -0.653708441378433 0.0627873988647394 -0.380872174922261
0.517035086251698 -0.556623760005392 0.279968823832439 -0.337995757757449
0.432112022315322 -0.678212814934903 -0.202059898246627 0.0440162728731761
0.0402661690837239 -0.753325168022257 -0.0931943313435263 0.156652191340489
-0.457823226368382 -0.581493188067041 0.141695274737812 0.159337972761879
-0.704871884160112 -0.125182235343521 0.164481902033859 0.0506955641747851
-0.447078156229202 0.305508551212723 0.084565822865857 -0.0853155637571085
-0.207790575396776 0.421363898447003 0.0340557216237998 -0.031045228172009
-0.0246417539510927 0.54133752819683 0.0126703602282811 -0.03244813173011
0.0383188802026549 0.52007230147317 0.0297536711803486 0.0428382704245236
-0.00949229802937129 0.51845954077772 0.0263157713309954 0.0489240693203345
-0.259465045520232 0.432793639650874 0.0280330533265468 0.112952869816661
-0.466022695449746 0.264264039879296 -0.0592860252058615 0.135571890526978
-0.692823519082939 -0.165369896459303 -0.178640868236229 0.0569441482118318
-0.414502552885421 -0.602252944922529 -0.137183788483175 -0.120417465916011
0.167997927715618 -0.702851102472126 0.000778948675103291 -0.252774954057054
0.551573970549755 -0.629529727249198 0.0791315726577079 -0.181046379896236
0.375325529646763 -0.678439090114547 -0.369715323327598 0.225858657333794
-0.00624962311429815 -0.730600334464144 -0.129861544470838 0.325697984605678
-0.460482605058513 -0.535746676852116 0.145359668289719 0.190633913379909
-0.665225761476897 -0.0930917069123773 0.115158198299802 0.0551748952054667
-0.41462503655166 0.287060456656533 -0.0133131822840016 -0.0190804714683283
-0.200991264692423 0.390617811372435 -0.0415218871371609 0.11503360254099
-0.0456959984208561 0.499828884240863 -0.000510915546506191 0.148287687786344
0.0141581449930889 0.470040068499319 0.0419535668456995 0.21183178357963
-0.0341748927026976 0.458148995111345 0.0184034424515743 0.219322417541394
-0.25139496413532 0.362483535262644 -0.0314043379217725 0.247704305514271
-0.407802040205448 0.196405266708844 -0.149747274479629 0.202242126892762
-0.578071835062435 -0.164488122548772 -0.224274042017846 0.0753048048562569
-0.339259156820011 -0.521031105307692 -0.151488204080265 -0.0806176071131038
0.153021513167461 -0.614517836679886 -0.0396842161889383 -0.110628025323631
0.494514077892697 -0.589856474838285 -0.102877563740881 -0.00557633463087392
0.262002442243041 -0.566562569724847 -0.506777374735339 0.379410228644403
-0.0402763136142514 -0.575379782209134 -0.166613354449095 0.460809101967712
-0.36576515384098 -0.392555952211037 0.120858846435511 0.209612882107754
-0.492942316121038 -0.0570360336556477 0.0514207826641333 0.061855395587385
-0.306075579075841 0.208108161744753 -0.102780053311665 0.0517625566510217
-0.160320124555707 0.288147171288666 -0.109623022340672 0.243669562749061
-0.0605751968978381 0.376296380787921 -0.0122620804571127 0.309738428688096
-0.0140007384540416 0.347639392319604 0.0479326203784921 0.349703310616973
-0.0552570597449448 0.328743713617517 0.0066327618250634 0.352795247760348
-0.207298124134881 0.237462149623662 -0.0876816665393266 0.335591789095522
-0.288964938740623 0.0961449068965697 -0.218984974164743 0.226263854893691
-0.36989914064207 -0.143612246447597 -0.238320938429416 0.0644894644465329
-0.204300465431978 -0.358360905106695 -0.142541743149593 -0.0573920900806875
0.1190530171936 -0.425695290702705 -0.0541879773305329 0.0125004860521687
0.36507913796063 -0.459043797479751 -0.238974929922266 0.155125228825047
0.108744391585052 -0.361182923026161 -0.594295911649527 0.473587340723725
-0.0674182644723499 -0.32280639311391 -0.199071381388793 0.541049038978537
-0.2082698661962 -0.183229936720977 0.0833410449423976 0.215815522316797
-0.238077872461004 -0.0115182149972548 -0.00145955655262595 0.0623861960659652
-0.144501567861332 0.0920154624979932 -0.164490192935109 0.104453399700911
-0.0934160818597157 0.134682909623661 -0.159964591776543 0.32580070628716
-0.0666864546035687 0.189118532004424 -0.0230986399274776 0.422224234985988
-0.0400551687944779 0.173682724940374 0.0471749346912735 0.434811532891872
-0.0690355804923234 0.156320197749 -0.00768445696754043 0.431114226657607
-0.135588498941371 0.0895759283074821 -0.132027390382547 0.367676551608462
-0.141216253122774 -0.000945015046062439 -0.257867018683194 0.21073496238284
-0.139534546219882 -0.0953543719367117 -0.223380307511455 0.0340226183239509
-0.0661388875893875 -0.160045507334231 -0.11815308701008 -0.0476323610141951
0.0602690646723041 -0.200592287502972 -0.0495050100331619 0.101075376933788
0.183144593983808 -0.273163201155111 -0.312915088305637 0.280610494788237
0.0716560632095575 0.0319313338617474 0.280201380864359 -0.44424263340938
0.0359651145443942 -0.0377682345912954 0.00914840755916319 -0.25114184339186
-0.0468308607868824 -0.0532473141517987 0.0547584457698183 0.0451863004818403
-0.0844341583147941 0.0138222831728405 0.191923671243135 0.00674294619601855
-0.0109700904556424 0.0769893405638332 0.260609897890521 -0.173139415677252
0.0361459784525556 0.0519306639859416 0.172136996022703 -0.378499917710615
0.0696999443492059 0.0291383545518477 0.00184551555078097 -0.467201068249304
0.0593759699795186 0.0232221147285589 -0.0637651351505186 -0.457637531980669
0.0575952530064603 0.0231916661057957 -0.00593600642860037 -0.465498974884557
0.0341007658064601 0.0358218589805915 0.114700412297775 -0.366054592894042
-0.012963130353382 0.0441261624234376 0.184030315712719 -0.176997675437414
-0.0371240707886183 -0.00724991714501755 0.0511824112832326 -0.0914441335840628
0.0306440726359867 -0.0272603062945574 -0.0139065649496064 -0.211175778544448
0.0533080884116906 0.0612715318063985 0.187595325255624 -0.476926354172831
0.00597121484323332 0.112693822626949 0.644510435104606 -0.487271333586113
0.219147051408669 -0.210032916528517 0.228325209251337 -0.388633081879131
0.0687421364553679 -0.26722228627757 -0.00261211471162486 -0.216877602479218
-0.161104072835185 -0.239410721521638 0.0657281841852958 0.0597574162973292
-0.289215870966522 -0.047684376680311 0.190327447274096 0.0262353446997603
-0.161164304649028 0.154901642096918 0.250885319907739 -0.167093466138308
-0.0408273416572482 0.192127991203471 0.170663600197062 -0.346367824476568
0.0646667951333736 0.226876732281638 0.00900853856065271 -0.435449244109407
0.08384396215374 0.222403199153543 -0.044933996429066 -0.406271152353118
0.0641057539898954 0.231690019259759 0.00505115727384694 -0.415111017905095
-0.0583295270325956 0.217026331873403 0.125117015207193 -0.308514857015257
-0.186057711085969 0.159533376839185 0.169438134664413 -0.128456285276633
-0.306029030428102 -0.0523060002074119 0.0161787789095239 -0.0622357449246777
-0.149025464939617 -0.25017289913402 -0.0327033215823731 -0.214162406348558
0.0970900180418295 -0.231670529041643 0.159602544923868 -0.505159778584902
0.208646280651201 -0.16496066406978 0.583155885139073 -0.51769817414183
0.334587010869328 -0.432343431272504 0.120174299424083 -0.282306384442653
0.0771320630437869 -0.483964904918205 -0.024778117601252 -0.136711876684119
-0.280235329431461 -0.401640420863808 0.0900575554946908 0.0839680487279303
-0.480465059099343 -0.0910088917171939 0.193928017894387 0.0360981063932832
-0.29480699739499 0.227885437494929 0.218501227951966 -0.159227896181954
-0.110541752576313 0.313958135326578 0.145244093171496 -0.278232106064729
0.0518941490989924 0.393512798183426 0.012666149474257 -0.343978666492685
0.0956254898003808 0.388876541221536 -0.0202305960763664 -0.292643789266373
0.0580091706821356 0.402776895465002 0.016260669975456 -0.29840413419856
-0.144058174167928 0.362973331997738 0.112832086579197 -0.196455055590486
-0.336400748384312 0.252340104580452 0.117199845509461 -0.0518339897615609
-0.538884301005253 -0.0909353468896467 -0.0422513934426112 -0.0225496836411017
-0.312616452652947 -0.441927755897839 -0.0695664601890417 -0.200803475174081
0.126827574417168 -0.494746374350418 0.106308979600816 -0.479515712805462
0.382870799998495 -0.416227376295283 0.447972626099357 -0.474684141197005
0.400862081023055 -0.610088091482768 -0.0295647692887664 -0.131068373273611
0.0507326971922582 -0.666264834167343 -0.0532402719806091 -0.00678095378971517
-0.406611368820267 -0.521873658548447 0.125594536752223 0.11848988185707
-0.64189381243666 -0.100742832786455 0.192737348783962 0.0390692477649092
-0.397047406083044 0.29453923849515 0.159432362000245 -0.137832348958752
-0.163891944649882 0.404699508825686 0.0971563042242323 -0.173098069251077
0.031975792837407 0.508467803663194 0.0118523738311764 -0.202034031916482
0.0913720847816271 0.495429207195622 0.0075822439045362 -0.134392387442395
0.0435250862041402 0.507269294394064 0.024273692482028 -0.133687322729518
-0.208700333125281 0.449086965811941 0.0806614218402222 -0.0472340154950544
-0.435712325953532 0.302656503212538 0.0383277823785331 0.0456111917841507
-0.693370251675135 -0.115704478297951 -0.113060967866549 0.0263117470596008
-0.427334018498171 -0.566248416132796 -0.112647187578866 -0.164915872627963
0.137442416363588 -0.674451468581388 0.0449520940321025 -0.393308369241042
0.495736381050684 -0.596063722337635 0.265580042343432 -0.357040115815514
0.404116002007225 -0.711896129790276 -0.19885765077922 0.0543662785433185
0.00160075027361059 -0.76855453183122 -0.0814588309930817 0.161561616858057
-0.497790803698057 -0.567816128374069 0.155969340523125 0.155362619483351
-0.729942841903395 -0.0824708990751941 0.171457965893163 0.0417631458875054
-0.439758795295092 0.332833928987425 0.0754650372268631 -0.0898992636639783
-0.188444800289028 0.443136857157473 0.034350441113547 -0.0351781561460742
0.010901818603072 0.552024120506908 0.00936801974393943 -0.0267526445161981
0.0758083721510131 0.526144849399378 0.0342852351764494 0.0427892803144613
0.02043635775135 0.528158827905007 0.029779409064506 0.0509951915029888
-0.240637764395166 0.455839466427952 0.0350449854243716 0.113940502849924
-0.460844746810193 0.294131658625797 -0.0535694432012905 0.144375732243718
-0.716509513819196 -0.126875801247666 -0.179047764772869 0.0698534937720611
-0.453860631416413 -0.590579458912444 -0.146255968556134 -0.116600827082289
0.134482006691906 -0.724653490304937 -0.0119998434428969 -0.260284933371212
0.524666479259803 -0.669876911061429 0.0701899748257621 -0.187366705246684
0.346543818322871 -0.709056064595464 -0.361553507710152 0.247781477176743
-0.0435969638714517 -0.744452624533817 -0.109310141637284 0.335794536308912
-0.49997486978766 -0.520442667566064 0.16254398753019 0.188133681567506
-0.687613466469999 -0.0541086413224029 0.122434307311105 0.0498819684056237
-0.40882954278405 0.313858049840798 -0.0194841622220967 -0.0172371112865356
-0.181977120765963 0.410088175697603 -0.0328580595393775 0.118015929272261
-0.0115456472942832 0.51074387742882 0.00717015213724792 0.156793631604014
0.0471766978247413 0.478106599731781 0.0561482489924967 0.213598131414235
-0.00854871428348955 0.468214497144175 0.031078104807984 0.223515586713279
-0.234825026804267 0.384945139460221 -0.0171375256987241 0.253142480460929
-0.406897752228826 0.222035862487828 -0.141662908521576 0.217531973963247
-0.599158140041316 -0.131885866481361 -0.224851525274416 0.0910845377230475
-0.373915510832094 -0.510648978212429 -0.157699505231096 -0.074046035267745
0.12203311234152 -0.634357568105691 -0.0456911782828825 -0.113013392232244
0.469435790766397 -0.62707424723646 -0.107473250180081 0.000416922566986891
0.236054854327546 -0.590255305800105 -0.496464638840742 0.411078562948962
-0.0727047657027873 -0.58545167859942 -0.139940943150117 0.477652435535847
-0.394494343615801 -0.382465007211104 0.138501728762833 0.208592789790295
-0.510291849145749 -0.027508729501009 0.0584224312549895 0.0588933900413159
-0.300826368171493 0.228295178894097 -0.105908155369349 0.0586700943084355
-0.146148188569424 0.3027802572579 -0.094034356692545 0.25206111952049
-0.0358905509941407 0.386542159309578 0.00481587760174722 0.318713428154162
0.0101174418526894 0.355583092965424 0.0688886815133006 0.353075575964103
-0.0378629815319643 0.337767064226088 0.0275265703908565 0.35839601500873
-0.19740536222794 0.255537863955822 -0.0688161756648046 0.344159029033542
-0.289914033336033 0.113699753906046 -0.209900824144939 0.244553765868959
-0.385580677511411 -0.121439304590723 -0.239122800584272 0.0808982026879212
-0.227973993555775 -0.350326839828618 -0.14811036045039 -0.0492631266749711
0.0976012022582723 -0.438138489035221 -0.0542381330476425 0.0136053897321575
0.343520097453842 -0.486603480556523 -0.237565773237216 0.17058272327173
0.0920678676795386 -0.374705263779647 -0.583891324335131 0.511290189881262
-0.0863575436261721 -0.327947088107841 -0.169680055147644 0.561829400888465
-0.222270030410032 -0.177225298582607 0.101106958664201 0.217398149404985
-0.24537807329718 0.00410792491690926 0.00547066424681552 0.0622348246514287
-0.141769190805342 0.101081632668484 -0.164465312427656 0.114902616140814
-0.0868863620582316 0.142343838707033 -0.140173974456087 0.339792376330518
-0.0539932316370377 0.196772130849175 0.000968229269553579 0.430381903779382
-0.0286574689659761 0.179627935580388 0.0715906701886402 0.439029812714516
-0.0608743748162629 0.163556575628919 0.0177113780091731 0.438111860502939
-0.132791827571255 0.101104594983987 -0.11123097918961 0.378786158288939
-0.144747584988758 0.00645326892039544 -0.249436292324968 0.230852720643727
-0.147454485428955 -0.0858807084738352 -0.225559930527126 0.0485246509489658
-0.0770084991336784 -0.156916559136624 -0.123582670879009 -0.04037266519096
0.0489171961138219 -0.206764102876995 -0.0447873684323387 0.103561896403365
0.169233881124795 -0.287794858770892 -0.305442546110449 0.301114911327064
0.0734631097728514 0.0301281256670604 0.253521179154742 -0.457484221316198
0.0365859799230284 -0.0380109843112845 -0.00678233079283601 -0.246844110196295
-0.0493687373077667 -0.0495998366337467 0.0573594894309332 0.0413445828326522
-0.084502151211151 0.0180918506865859 0.189556121408224 -0.00540941702330324
-0.00616818754736114 0.0756546861003774 0.246586512932764 -0.187355626171495
0.0389834438590918 0.0505581471666257 0.144102968078052 -0.383870160824805
0.0683466672404218 0.0244244687164806 -0.0285010657492387 -0.458455838638459
0.0596850258389053 0.0185603431773259 -0.0903359738369665 -0.447573723078064
0.0575516538089338 0.01875835363436 -0.0354826510124117 -0.45645072004713
0.035309845555951 0.0319030539700911 0.0902782974487346 -0.366189150714603
-0.00996995584176398 0.043963729867255 0.171022944260897 -0.185953698482159
-0.0363948247588537 -0.00635594097279736 0.0439751070312374 -0.0927858048469607
0.0297837582255256 -0.0297776529449938 -0.0271857619390579 -0.209357300114726
0.0577905954665851 0.0578078347226842 0.158015550024632 -0.482990161204525
0.0113091549161854 0.111655254413184 0.613597136071881 -0.518013881226251
0.204358271640614 -0.217441053220609 0.206686625277179 -0.39891278803757
0.0553984084327728 -0.26542757787584 -0.0147207463458231 -0.21453865976775
-0.172041127445509 -0.226336858447743 0.0690033073099126 0.0554125354900654
-0.291842207418731 -0.0282043061912333 0.189457942024566 0.0148634649559244
-0.151442645206559 0.161841556889402 0.235694975077666 -0.179170418553902
-0.028491015243464 0.193946106315071 0.14515652808458 -0.351035257157917
0.0776902613855111 0.218498023080337 -0.0186644780385614 -0.424470723785925
0.0988346975759591 0.21364012165369 -0.0679579195966942 -0.397917481861505
0.0770787588031243 0.225361196167358 -0.0215594921844662 -0.407017246723387
-0.0446595441057392 0.217530438123979 0.104060494601356 -0.309332200636481
-0.174191869825863 0.169250561090077 0.159525110361872 -0.136207356581706
-0.306792138220486 -0.0326799769626766 0.0120614728049955 -0.0614100231936676
-0.160969722077778 -0.239490755706194 -0.04591889746388 -0.2123652142298
0.0846836628029997 -0.234953206097136 0.127710218749138 -0.508769674690016
0.194925285203964 -0.175096818538558 0.547726153476007 -0.544110815502991
0.305651773022159 -0.443667817486522 0.106956773927085 -0.287423010496892
0.0495019269199252 -0.479395860426194 -0.0306670221747473 -0.13562347335449
-0.300760904224589 -0.380578090198806 0.0962063936225027 0.0773137499692942
-0.485094746963961 -0.0578346055260553 0.194596569172887 0.024479810004129
-0.279368582990515 0.240903568670447 0.20220428464346 -0.168128467410591
-0.0901479146967468 0.319257576961532 0.125181638898398 -0.28427414037701
0.076468986326545 0.384061673563404 -0.0092526484860973 -0.333837661039435
0.122230354194551 0.376397616563323 -0.036612513754875 -0.286529519849633
0.082857782379643 0.395014883768275 -0.00289149859690961 -0.291279547257759
-0.120363500294739 0.369115955750087 0.0985943455743673 -0.198855682031404
-0.317597972889709 0.269579348507572 0.113654055369089 -0.0562311632718064
-0.540514853605585 -0.0555520941102583 -0.0435792743981417 -0.0179602597897091
-0.333639054803593 -0.419263277474101 -0.0816875758636323 -0.197489663202696
0.0984433228386538 -0.49734528572768 0.0786840273635449 -0.482637406848515
0.351006637354683 -0.43347547846234 0.417675294217872 -0.495782668872498
0.362303435593457 -0.625178912091775 -0.0323248696215403 -0.129231835736034
0.0126766048783359 -0.658356109084628 -0.0493163220415291 -0.0071437021708768
-0.431692468515796 -0.490102419136882 0.134060245858805 0.108846158350284
-0.64661740538767 -0.0562089932839358 0.19440856521133 0.0266410815144591
-0.376568052057578 0.313427353843578 0.14502987873234 -0.142593017756978
-0.138461625045638 0.412378259984969 0.0856315332924297 -0.178063680090488
0.067066677199861 0.497354061136634 0.000378575692185104 -0.192414226221547
0.127229277546387 0.482855385810814 0.00150324907698722 -0.133208580321731
0.0750527641062823 0.498973154804934 0.0159882430798281 -0.130116307317937
-0.179163585413769 0.459221919564593 0.0771723890168379 -0.0499236597710215
-0.414177124434142 0.326081621448726 0.0410877797939082 0.0462013060727593
-0.693892397888737 -0.0674607312575339 -0.110203860594642 0.0348164411935938
-0.456151816623016 -0.534199839985231 -0.120808663598716 -0.15941872704886
0.0975090727328167 -0.675566067839931 0.0221101323315874 -0.394365997089115
0.45288475462747 -0.616835643237251 0.243664125517204 -0.366944161856104
0.357890584398193 -0.726878341046955 -0.189129634457669 0.0634406812198654
-0.0419363072024289 -0.758387757811742 -0.0666414924419328 0.160154464671491
-0.527212719755506 -0.531933766358057 0.167962107182898 0.144523822904665
-0.731540273308014 -0.0336726167053579 0.174354245877638 0.0308583712227264
-0.419073611532608 0.35438255546453 0.0650584102312077 -0.0903664574531769
-0.16027968158125 0.450378609062059 0.033190653114248 -0.0381438928911469
0.0496064721362658 0.541270099772644 0.00863870032311117 -0.0193670848772913
0.114382489699747 0.514261402312069 0.0379442696490446 0.0408053073393783
0.0539307666792207 0.522595932191272 0.0329566451853915 0.0512175605334744
-0.208416417497354 0.469054923872468 0.0420573078708695 0.110547908045117
-0.440166210656925 0.319163020732137 -0.0438303774749785 0.149746626565552
-0.718535951655234 -0.0775193095388843 -0.172747841762909 0.0826128983017671
-0.484882213527563 -0.557453249390985 -0.151661424162644 -0.10891318574607
0.0913397362057169 -0.725508297614976 -0.0272427650689039 -0.259456033230181
0.475812833555647 -0.693186627213543 0.0568856507708807 -0.187189953605462
0.302440041869426 -0.72228239999814 -0.341590594361619 0.263869711590858
-0.0890203500921666 -0.733380944167171 -0.0834494105592431 0.334708012118623
-0.526233078764869 -0.486767244330223 0.176992963793681 0.176660867786794
-0.688119271189883 -0.00613251716956871 0.126730964438589 0.0410528721477423
-0.388059407120912 0.334699074058523 -0.0239897447041444 -0.0132327491365846
-0.155591304244912 0.417710953261016 -0.0228185904736672 0.116451388652411
0.0252751058546128 0.503723223788718 0.0179001471819673 0.160209760470794
0.0818494512187233 0.468502130232727 0.0693284362688953 0.20860047031671
0.0213880206259192 0.464119885950546 0.0452333687315396 0.220601912861299
-0.208708860344406 0.396211410577221 -0.00147085714401766 0.250340485047523
-0.391176484449414 0.243612127636058 -0.125509121678445 0.227273835640036
-0.602577842741085 -0.0884261994988291 -0.217419091914208 0.106739254173276
-0.400249727040552 -0.481288764925804 -0.161221076463116 -0.0649508262241901
0.0848498291912737 -0.633079309269776 -0.0518550240271363 -0.11243509589288
0.422980666107757 -0.646015272875277 -0.108599977581277 0.00871753489206215
0.200633822520899 -0.599275619545546 -0.467044286027956 0.434030603930929
-0.106726701354916 -0.57571009995144 -0.106273062912208 0.476929960532351
-0.414061758318152 -0.356806380109886 0.155099714159565 0.199061350181158
-0.509496307418345 0.00876264947684451 0.0641644690257683 0.0534541770982743
-0.28637681899568 0.243393773204023 -0.104169858222413 0.0663456968186941
-0.126877550591775 0.308035697023441 -0.0744970631996352 0.253387799297305
-0.00714322470764686 0.382676799535125 0.0261407961788369 0.318266154737726
0.0362670971593165 0.350826061267708 0.0896557011867521 0.345119106975222
-0.0154721180820738 0.33648721603886 0.0492420686981041 0.352126048547472
-0.178285548316043 0.265947033545278 -0.0463294941943357 0.342668328554984
-0.281508513426253 0.129660219608336 -0.191321945434433 0.258154153181177
-0.388472528436655 -0.0918943365873287 -0.232131242972699 0.0967513660376592
-0.246495685025255 -0.330811171969959 -0.148745858122743 -0.0396510763786609
0.0701499164811388 -0.438734641622922 -0.0529470238694986 0.013238485550448
0.307294711086708 -0.499483507292666 -0.228444497936369 0.184562334891544
0.0693765163637842 -0.378253704103003 -0.549055071280527 0.536658310150385
-0.105887370204351 -0.322158162824107 -0.13236229329652 0.564521948265849
-0.231284255259026 -0.163590391388619 0.117029116853057 0.208812856054427
-0.244209280804142 0.0213895238008969 0.011202666690597 0.0596244963117661
-0.135432836703614 0.109096018636806 -0.157705734981689 0.123531104484343
-0.0774723698636723 0.145113167677736 -0.114624255227859 0.342580816625634
-0.037313864618899 0.198064838073704 0.0277651613734642 0.425754800885777
-0.0143026743008961 0.179914446096151 0.0977705168275303 0.429601033701372
-0.0492948607282583 0.166483431364097 0.0452122215260114 0.429151743391918
-0.123802957971825 0.108955447911492 -0.0870592054985432 0.378360218228259
-0.144207231228695 0.0156218326442693 -0.23072195630008 0.245621724697713
-0.150399749840531 -0.0727129762932297 -0.220146794384458 0.0637299984469129
-0.0856658849832956 -0.14857531581151 -0.12456840229908 -0.0308718859470578
0.0342844156052397 -0.206573491117457 -0.0382144791406441 0.102197999772765
0.147099669704422 -0.295071238392925 -0.288253246205267 0.317535594805695
0.0730569520778476 0.0285147990041481 0.230806969700693 -0.455647161320136
0.0372665906315026 -0.0368271099792983 -0.0158665424149394 -0.236250075335181
-0.0484367950465422 -0.0455388780833585 0.058818308705669 0.0383693851969036
-0.0824864100914641 0.0215702172818031 0.183523052082403 -0.0139622588904223
-0.00348391966433902 0.073002680993742 0.23070467066814 -0.191921395533233
0.0398463563267953 0.0483918012621129 0.121749445717475 -0.376380896544489
0.0657916858666087 0.0220012622147054 -0.0466229688308149 -0.438974820773339
0.0582170619085444 0.0151673686732931 -0.104386380678118 -0.429693240164826
0.0561692557737503 0.0155098930290526 -0.0534581031879025 -0.438519562097527
0.0343077931736635 0.0286958334729309 0.0730077866923845 -0.354777722098781
-0.00670262596238445 0.0419456615408002 0.158208844897797 -0.186699710793735
-0.035136944542338 -0.00603111502848025 0.0382243692175264 -0.0915234500498571
0.0287247696358582 -0.0311020014621566 -0.0362497365241735 -0.202865001677717
0.0595649347405408 0.0535671515214447 0.135034592557941 -0.472221641354607
0.01460287242683 0.108231062890074 0.578904363718091 -0.523382811392197
0.19034768360437 -0.215814209460575 0.188885909522715 -0.395663302146471
0.0463251046964343 -0.257042039301165 -0.0218426663537923 -0.206320010298212
-0.175081676605821 -0.211873577381062 0.0710923824636423 0.0504755799940817
-0.285993601862923 -0.0136816973571918 0.184431071647261 0.00550728428011685
-0.141599893183543 0.161163087740609 0.219429042117164 -0.181483542187342
-0.0197768109719563 0.18995556274959 0.125314809521839 -0.346119272580684
0.0840210381472202 0.208101795146145 -0.0337988523341152 -0.405598933738408
0.106590774691541 0.20182910670123 -0.0811443899009813 -0.381455501739434
0.084770153192711 0.215100006514606 -0.0376842880901201 -0.390453039720324
-0.0350689438934389 0.212198485733116 0.0880622772097233 -0.301347561758738
-0.162243285895014 0.170737141334597 0.149785042015752 -0.137742604835037
-0.299352050617171 -0.0186060366329717 0.00842497275895123 -0.0592604862870386
-0.165275109689758 -0.22652994573462 -0.053747509757109 -0.206624769365365
0.0741192845365563 -0.231057845538812 0.105584566525552 -0.49965417197411
0.180289862144945 -0.176813487499828 0.514239505582323 -0.546450824545193
0.280184904957505 -0.43915333270447 0.0972007893275352 -0.284914343435596
0.0326553328159568 -0.464061559991478 -0.0334043792981702 -0.132216717404527
-0.306303059912696 -0.355512616424828 0.0987029891535664 0.0707417425396359
-0.474646055551361 -0.0327449963737527 0.190077592331327 0.0153303201941809
-0.264114462445354 0.244264381403218 0.187886059403563 -0.167738536226684
-0.0749734000752413 0.314097650626978 0.108433721831441 -0.280081813077877
0.0917530660372399 0.367371361722828 -0.0192898368054627 -0.315957130716588
0.138584198809536 0.358441190492948 -0.0451430832539627 -0.276416789789433
0.0986078920895035 0.379332278012215 -0.0149343539621444 -0.278834369317512
-0.101326539806286 0.363370354420936 0.0877383702522019 -0.193630298376755
-0.299071734647159 0.274853242841005 0.108720039068474 -0.0569456379167007
-0.52763336960497 -0.0280748728204824 -0.0427080631857249 -0.0144690778648862
-0.33975821817804 -0.392941105023553 -0.08717271182656 -0.191787691786649
0.0764308152835187 -0.485931052461276 0.0591317234229532 -0.473199299040439
0.3221520171409 -0.433039640782734 0.387893009731778 -0.494690748094788
0.326579732956495 -0.617725295868479 -0.0315089296399849 -0.126910109690448
-0.0114991886410704 -0.637233359068694 -0.0453088303530076 -0.00837719474559521
-0.439950637978514 -0.458350576624127 0.13800255954586 0.0997039056115092
-0.63061878610929 -0.0234301240498408 0.191075640335255 0.0178315085732169
-0.356634851178408 0.318018503675319 0.133055953262462 -0.139854293041341
-0.116048195655379 0.40604326413269 0.0755450675864831 -0.177097098647926
0.0875777310347203 0.478138688744435 -0.0046920869153734 -0.179655615718813
0.149479952663201 0.46036067291047 -0.00241596889586996 -0.128458107294568
0.0939806260252057 0.482183655943177 0.0108818914213985 -0.123339817670268
-0.155062192225278 0.453284361673991 0.0729398315089689 -0.0494929282407079
-0.390736815877014 0.333482071309553 0.0439173412485261 0.0459557093260009
-0.677978567203419 -0.0341231878055488 -0.105426184195085 0.0402093936158635
-0.462431068460735 -0.500622970429334 -0.124638516912328 -0.153184103340688
0.069421929222442 -0.658099333957412 0.00651158934703803 -0.385904952539284
0.41068556970378 -0.614641796868787 0.22273912934483 -0.362953958262484
0.321397280125592 -0.717512678674074 -0.177815494267406 0.0668104149565418
-0.0697629653901776 -0.733405116192821 -0.0554454644348001 0.153757293728197
-0.534094155360278 -0.496930655180861 0.173434196587685 0.133045883920769
-0.714908583676466 0.00348666360396719 0.172933994665858 0.0227384214183628
-0.394589360663236 0.360654658185223 0.0579065664480827 -0.0856615959555702
-0.134963791099627 0.445790813648331 0.0311906266929686 -0.0404233125277557
0.07345666467764 0.52042408952091 0.0112324863376091 -0.0123763806377639
0.137861648203176 0.491660979113441 0.0399545241031544 0.0383307490997157
0.0747830233075569 0.504724754059095 0.0348240215017196 0.0508604735429421
-0.183183653416101 0.465105989506624 0.0456172228660381 0.106743759159991
-0.416745178631237 0.328474217045222 -0.033967097415845 0.150962473666216
-0.701184222717027 -0.0407338998123404 -0.164320153647764 0.0897011008892064
-0.491388611070209 -0.519776401197963 -0.152003515273941 -0.102282681154993
0.061346334730842 -0.706128899973849 -0.036658530756119 -0.253721511830527
0.431111513377982 -0.688546475450714 0.0476791072455105 -0.180350835211831
0.267130044216887 -0.712703521637591 -0.319941850061467 0.266913011864928
-0.115378951974937 -0.708726551465894 -0.0650313780345709 0.323293107284738
-0.532484858583929 -0.452298400149478 0.183594135939109 0.163275948025056
-0.671432520884029 0.0262813377090175 0.127109379203615 0.0339399782502009
-0.365625185727147 0.339709202949013 -0.0254046329801844 -0.00793119740966162
-0.133413206138165 0.411879907601649 -0.0157382951459025 0.110916443253465
0.0480584547378068 0.485585211455506 0.0271085050556902 0.160075885358136
0.10378150638381 0.449641503093558 0.0760513389233932 0.199531848600362
0.0418411250093852 0.447943649726078 0.0527776499316464 0.213230110685429
-0.184761046144554 0.394945508705637 0.00945456407788688 0.242753131578324
-0.370786641639836 0.253646852516167 -0.110403118092763 0.228131956775499
-0.58778569288296 -0.0572624003186851 -0.205568135380074 0.11455229925125
-0.407305385042568 -0.449862714211816 -0.159254360691572 -0.0580978954972443
0.0568867388867899 -0.616077927695657 -0.0549540167940957 -0.109750536377576
0.38273228930687 -0.640196732436182 -0.106223772860175 0.0145527371370125
0.170276194476828 -0.589686389442947 -0.436048648189484 0.436734901728446
-0.125311506000955 -0.558042028920853 -0.0827934165032517 0.46313799001797
-0.418741267170149 -0.331190473710294 0.162430653130976 0.185915933972458
-0.495778239575529 0.0324475716089426 0.0668490680245394 0.0483344638849461
-0.269906134292402 0.247790849462722 -0.0989621271232307 0.0710302988388584
-0.109655856547294 0.305330471089809 -0.0596487808247107 0.245954300729762
0.0130902808318808 0.369481388310469 0.0401802955065398 0.309552529174902
0.0542732594162413 0.337163689733412 0.101241855478888 0.330376962706513
0.000651217979493655 0.327453650031339 0.0622823051692196 0.338832758015511
-0.160584830817918 0.266383699150431 -0.0309840911738358 0.333031926291261
-0.270254609163902 0.137794371663988 -0.172394216507613 0.26049463624839
-0.380034118685788 -0.0692287828228116 -0.220700096000133 0.105241756818635
-0.252215047937 -0.309625165411021 -0.146777988178018 -0.0326919403745965
0.0498725825252966 -0.426316091237519 -0.0513864003042663 0.0117431165635863
0.274628904884455 -0.496357408217422 -0.216874882283423 0.188866222102097
0.0513412886083068 -0.370164051960421 -0.513899984143875 0.541060773102781
-0.116394276034467 -0.310596876702763 -0.104945696782272 0.550176627779748
-0.232402811414965 -0.151889853722535 0.125844485564998 0.198268872974428
-0.236379477029181 0.0329520560986292 0.0153828616097144 0.0557256529936891
-0.127757922393345 0.111057470145038 -0.148433824745061 0.127385728643634
-0.0691475397252471 0.143759463122328 -0.0954127638052859 0.334842833747426
-0.0246982075145665 0.192238599787589 0.0457861025446514 0.412776619387262
-0.00328534575906191 0.17477446726139 0.111818793682588 0.412254586695331
-0.0395070940725808 0.163481114382201 0.0612823761714122 0.411663099078646
-0.114198678676762 0.112172773481775 -0.0684027294492712 0.368358853368343
-0.140633298542885 0.020930936201999 -0.212018244186277 0.249095322736622
-0.147864125546245 -0.0608576545757727 -0.210280493785217 0.0728010449203628
-0.0893502440619644 -0.138574675306838 -0.122603151777443 -0.0235508164338055
0.024110851562284 -0.201073801913442 -0.0338177158067313 0.0975439566888197
0.12909050234569 -0.290360658259985 -0.270781188046403 0.319242680182572
0.0729308459100141 0.0282286920410065 0.220271614984469 -0.44809062359836
0.0391420060161394 -0.0359925666095637 -0.0178444211988734 -0.227050619989042
-0.0466194074629399 -0.0430165876721268 0.0599370590941085 0.0363702997493681
-0.0805843978932577 0.0227529489480706 0.177956770447169 -0.0178296435943293
-0.00343034981419841 0.0704851303467007 0.220416140116913 -0.190960150470498
0.0397397716146378 0.0472744933320881 0.111171025445367 -0.367616048568544
0.0635079268311345 0.0215039649903295 -0.0515970030099864 -0.424956973329179
0.0561303089282216 0.0133426187597091 -0.108604480956815 -0.416472890135974
0.0541921198393675 0.0141196712788109 -0.0584984228092991 -0.423934092635999
0.033196754010319 0.0263118175525494 0.0655747872838249 -0.343759448835656
-0.00582301836300647 0.0401970639426009 0.151020627187859 -0.183800107352553
-0.0342934682130129 -0.0072237722295212 0.0343288128831944 -0.0889431499578212
0.0289308882945071 -0.0316486318597357 -0.038901234222046 -0.197704699296543
0.0594642007149457 0.0524100046271187 0.126696377017284 -0.462131165069173
0.0150272798475896 0.105557671049579 0.560337212102862 -0.516679324338993
0.18381651845715 -0.210713078349044 0.18198826497157 -0.391242291788783
0.0443389929895111 -0.249495802066122 -0.0225455710628831 -0.200021438790203
-0.172587544200443 -0.201991369452232 0.0726328477767981 0.0470827459678223
-0.279778213762386 -0.0069634841767376 0.179976841876813 0.00171913345462691
-0.137521583164469 0.159219226507105 0.209928813614621 -0.179200035574307
-0.0164480497754194 0.186876728104859 0.114593111925173 -0.337830878917396
0.0855167378149556 0.201089524511553 -0.0375148862178644 -0.390550371001619
0.108417676747501 0.193112016900729 -0.083224149499522 -0.36995522901705
0.0853755828995038 0.207850948988626 -0.0422203443027222 -0.375787447593932
-0.031580004852348 0.206676376044872 0.0820093320570861 -0.292330275246902
-0.156323011638816 0.168500981689514 0.14378873378509 -0.13534642550704
-0.292657168890869 -0.0127824589382299 0.00711609774217144 -0.0571471773677945
-0.163017496509935 -0.219735071001168 -0.0563531675829601 -0.203547618574972
0.0695286336393103 -0.226582611196265 0.0979974106353769 -0.48709419167176
0.171756587415508 -0.172827093394263 0.497702206506373 -0.53923729299976
0.267585500966328 -0.430535605202965 0.0948410063025344 -0.280616421014575
0.0264089028066808 -0.450000585129703 -0.0326319887680795 -0.129709067524185
-0.302729401876922 -0.341257008624188 0.0999981444820204 0.0661421605456445
-0.463650938206939 -0.0212464970355752 0.186737525038292 0.0110720021407624
-0.257183908225211 0.241835962528911 0.179836078602937 -0.164114451298552
-0.067896691131128 0.308261804345024 0.100530068720903 -0.275173781308453
0.0960443628602011 0.353852151014278 -0.0213818063497306 -0.302264842501551
0.144484507840448 0.34470974897922 -0.0460328733765039 -0.267586771507377
0.102330746525614 0.368257522869373 -0.0173686144980161 -0.267871942440298
-0.0942021113739301 0.355840254592805 0.0834346161461323 -0.187530262378407
-0.288499927259235 0.272702907916036 0.106222101364359 -0.0551814045441801
-0.516722814550837 -0.0180421985937602 -0.0420083256550534 -0.0121259406062197
-0.336471703826528 -0.380193924889917 -0.0892787779006547 -0.188644146828241
0.0695224137556764 -0.473750944076441 0.0513284645211838 -0.463522466745204
0.306742303566371 -0.425978841957587 0.375654345599528 -0.485184731650131
0.311104477273837 -0.604432806771666 -0.0283687008601991 -0.125605072186773
-0.0183983322557125 -0.618910879150053 -0.0433334747513731 -0.01105562566439
-0.436024960124912 -0.43945111204739 0.139535057351714 0.0926810017698888
-0.61928018625941 -0.00903985515316817 0.189058689184296 0.0139946621340137
-0.346423771620053 0.316949057566525 0.128191223591336 -0.134702440006217
-0.106631139113415 0.398881783974678 0.0702127878797072 -0.175897018147216
0.0950434378053869 0.460739360614266 -0.00312064444495954 -0.169472735734604
0.157851226793676 0.442652706198342 -0.00282761807102888 -0.124098037160919
0.100839379798699 0.466969942489607 0.00951586558103697 -0.116816445059129
-0.144866360456315 0.445632727758359 0.0707317815778894 -0.0470484912906185
-0.379080224533135 0.331961076732325 0.0450759149733581 0.0461422149485459
-0.6636453932781 -0.0197795703316665 -0.10111361387912 0.0425942566643812
-0.458571674929899 -0.483496662413397 -0.1250922668654 -0.150753485874048
0.0594552136984809 -0.64299039818928 0.00264585196633996 -0.378244838213315
0.388953827350955 -0.602262714103735 0.213912127962048 -0.354061943893248
0.303672045809747 -0.703778962984474 -0.169099134378946 0.0651356811520953
-0.0771378370815798 -0.713876242904421 -0.0504693364890962 0.145821389345245
-0.529982051183672 -0.475398286260833 0.175026783215942 0.124852043668029
-0.700143395362485 0.0193616866486225 0.171945797377685 0.0186802626277801
-0.382765664212587 0.358302584049182 0.055565263131125 -0.0804871578418757
-0.125142965276634 0.437683326975332 0.0305691403949475 -0.04254373926154
0.082399806326026 0.503592134625284 0.0153450859032198 -0.0074216258580928
0.146808785841778 0.47385604774558 0.0411625239142228 0.037720302426518
0.0818549442199397 0.489423760727617 0.0357232956411853 0.0515635419741328
-0.171374319168142 0.45722679474338 0.0462062794242257 0.105133896172935
-0.404177320818197 0.328515740153917 -0.0285701573527892 0.150005714363158
-0.685548257003564 -0.0274355450425843 -0.158222691448784 0.0924845558931657
-0.486547347326248 -0.500512589095006 -0.150590435777223 -0.099682392265974
0.0509060910541753 -0.688637628130118 -0.0388517180470927 -0.249478105593314
0.407524856984784 -0.674058401174812 0.0438111384606644 -0.174402164928548
0.24944547256408 -0.698120472868839 -0.305718533602055 0.262946095431965
-0.121046571072697 -0.690619628213587 -0.0577564640721684 0.311503412998611
-0.527836380382803 -0.434603945412591 0.185561843591025 0.154409988601206
-0.656666304993492 0.0409397572260402 0.127988334255557 0.0300747074275015
-0.353660605287965 0.338558412601301 -0.02369588217323 -0.00435209623505371
-0.122743798016493 0.404810672521511 -0.0125422914821828 0.105307784479382
0.0585685282631193 0.468226637192605 0.0332078791297075 0.159062838069523
0.114342653932672 0.433343449536714 0.0786187992029539 0.193620990045274
0.0493328797225864 0.437093402945506 0.0563927676718114 0.208177406496578
-0.174048356172433 0.388268682149728 0.0132036687633976 0.236785005025326
-0.360338378237345 0.252269599028049 -0.10178104909693 0.227056880159919
-0.574139938750799 -0.0414249756362149 -0.198153562476204 0.117422529627154
-0.40332808099196 -0.432021107094204 -0.157007174158937 -0.0559167153015825
0.0478576409797347 -0.600463383096461 -0.0559516183793139 -0.109565368982033
0.360452480949158 -0.627834784682167 -0.10531361326247 0.0182070563709317
0.157717605669661 -0.577707689887745 -0.419785407434647 0.430143524467734
-0.132824711689943 -0.543454063005631 -0.073610288222648 0.44884970943491
-0.415469800695006 -0.318153346258231 0.165134436125261 0.177359649863741
-0.485666233968918 0.0428724676941504 0.0693279881856173 0.0451342181097023
-0.263241696105399 0.247008977783458 -0.094582230768492 0.0736087514907437
-0.102315096965629 0.29988447011247 -0.052746628430566 0.237264124599528
0.0225063168117935 0.357048535555361 0.0468771388507318 0.303597388840795
0.0630713107288388 0.326246884501805 0.103720245786446 0.320488225325739
0.0076706448715656 0.318821453778337 0.066273283497174 0.328634896467289
-0.151688480827611 0.262518445369701 -0.0253581744102831 0.324514011747386
-0.263440321498734 0.139922208267922 -0.162041620275841 0.258947284854239
-0.370305381212973 -0.0586270908623109 -0.212478483648051 0.108243394382522
-0.249449772363627 -0.296810212533115 -0.144402079698559 -0.0302166113259573
0.0429716255291573 -0.415160895957458 -0.051178774101162 0.00875407447372569
0.257810319368468 -0.486354838386137 -0.212208337018581 0.189359121480001
0.0442802476245406 -0.36224518482584 -0.496748138282044 0.533313203286738
-0.120149262548149 -0.302795108126796 -0.0937719142553039 0.535857575526576
-0.23076156810714 -0.146914055800748 0.128402106584347 0.190618227762038
-0.231543241180854 0.0374462642268131 0.0176458788485638 0.0530549902600902
-0.124123556988322 0.110780645537846 -0.142377988088515 0.127652629182876
-0.0653238593753766 0.140889377748448 -0.0863358763268407 0.325617129427748
-0.0189010178455651 0.186708513068316 0.05304427047603 0.400908020948755
0.00197730103552192 0.169931062206499 0.115102200817549 0.399607071626717
-0.0345880757033971 0.16076291822893 0.0660691385173837 0.397443199218767
-0.108180178872279 0.111704103336397 -0.0605539605739186 0.358377159818496
-0.137904594605401 0.024196197177983 -0.200406934449086 0.247959003886005
-0.144066095571048 -0.0542102703732048 -0.203372755574681 0.0759907977138171
-0.0894852855963354 -0.131739382833893 -0.120206339720346 -0.0201443952590183
0.0192544995968387 -0.195179124125156 -0.0321957832591182 0.0924001597374143
0.119709455369913 -0.28419375627111 -0.262594091831425 0.316262137080013
0.0761482289122248 0.0127956625013727 0.139778225084022 -0.493946244183385
0.0306856674622226 -0.0424118387876681 -0.0561051598512453 -0.22383598424967
-0.0504425866101536 -0.0317171114119729 0.069980229182287 0.0181588155903035
-0.0705369462399685 0.0361320367930574 0.169083970487295 -0.0573130960998411
0.00832603350496483 0.0633100233099645 0.178126970489299 -0.230771527583781
0.0427546245968657 0.0369225254521502 0.0395653867623296 -0.380978685139691
0.0614919621625842 0.00659997248691267 -0.126599057003085 -0.402482125075316
0.0543964823465733 0.00133412548335213 -0.183089911057878 -0.387705928580333
0.0527501842604712 1.07952578917922E-05 -0.140158293338314 -0.410297271263283
0.0367369424453388 0.0156423493076499 -0.00159578857587866 -0.357371088651319
0.00421740169338676 0.0362834850469454 0.113286152980194 -0.214366653322107
-0.0331316817074769 -0.00245372275479602 0.0155186151351718 -0.0952451451477858
0.0234482597029932 -0.0389225362054733 -0.0791070385190154 -0.191040578239416
0.0765729527992743 0.0362262205979355 0.0258622473972077 -0.491749393057034
0.0446874839771516 0.0983306696422102 0.463613620461537 -0.630429931398187
0.137698974980066 -0.231082254815987 0.128372197723645 -0.435459307274344
-0.00506854569209072 -0.245526148095706 -0.0471002783568966 -0.204096597162121
-0.200668174981985 -0.157242940418293 0.0884581966862758 0.0098184364342207
-0.264521977319342 0.0508568043929395 0.17127733249786 -0.0544059332462207
-0.103717189839325 0.174724802927836 0.159865313323997 -0.21775799909224
0.014833207298946 0.181163637251743 0.0394219514661459 -0.35054654754206
0.119663594520859 0.171227923630952 -0.118461804976785 -0.36420033448493
0.137201112081834 0.164391596859409 -0.150833307188013 -0.34705753049651
0.118798066150315 0.180063069521027 -0.113467738778614 -0.368220928324699
0.00796151882035548 0.202786962486765 0.0232512281894316 -0.312989127270505
-0.116691337444321 0.184978641372512 0.114876315457719 -0.167275988754036
-0.282497072452775 0.0403058486466197 -0.00222962959434238 -0.0642978152795088
-0.194014027564628 -0.181810293830866 -0.0885718740355135 -0.199781743618478
0.0320003010761108 -0.236845226425788 -9.08018768977345E-05 -0.499750610901038
0.14391032736593 -0.204223513871528 0.39892203479913 -0.621824675948273
0.177245221260651 -0.452667056301339 0.0753421087690792 -0.313941573468412
-0.0596957765418406 -0.432065063398153 -0.0369953418457266 -0.139051178976348
-0.35347170466515 -0.26146835031043 0.122805116845155 0.00730357356979803
-0.441300562898111 0.0770956206219147 0.175668911066114 -0.0610555751837217
-0.202046726316147 0.27813520225934 0.123433950654429 -0.198235027019339
-0.0112936993159626 0.308082079597707 0.0303878020471484 -0.284892206184362
0.162295110307767 0.313028764340029 -0.0962773433422217 -0.27668421873253
0.199313589449105 0.302984626287815 -0.0960767808699466 -0.25256290703223
0.164688404609319 0.330690099620382 -0.0683102871272542 -0.267524707615916
-0.0249517787374748 0.359070673819803 0.0437146669953184 -0.212715830390544
-0.224917939618875 0.308114327253235 0.0928449865331374 -0.0817654722839764
-0.498201898618792 0.0779803908194152 -0.0392488402421086 -0.0143384303752255
-0.389998297753002 -0.302539269505748 -0.109600197647972 -0.184522246479804
-0.0178363644183883 -0.478070074218919 -0.0335383161145678 -0.454955702229699
0.22466681374141 -0.476430680011217 0.286409575177239 -0.525226413387584
0.186390868119821 -0.624471710319223 -0.0100489629314784 -0.13760683414597
-0.136023122230505 -0.58475742889842 -0.020229008488418 -0.0258783517621949
-0.498553288800545 -0.329429531865524 0.167217081514072 0.0124908180139415
-0.585415032804205 0.122846442173055 0.173328280472123 -0.0709372431119121
-0.27272759084713 0.368794239266732 0.0691420789597988 -0.159894459689371
-0.0299436956036895 0.403108329848239 0.0132274710237887 -0.180039080880137
0.184184584912928 0.414408327601713 -0.0623132291173425 -0.146350497110714
0.231419645201162 0.394927855336328 -0.0265343736153515 -0.119764306401408
0.181721107415782 0.427928232957298 -0.0115213746965542 -0.123425044614511
-0.0570743215551853 0.455684383324649 0.0584691847999313 -0.0715048830671961
-0.302028482883381 0.382336380446401 0.0523957343077456 0.0320160663925794
-0.640717829311912 0.104175893031992 -0.0853431710867936 0.0502280915518609
-0.525495958139679 -0.376771496558439 -0.132248630675022 -0.143407137989024
-0.0615920311184353 -0.640662021875828 -0.0615995266667994 -0.351538206604308
0.269088451137041 -0.665332068378552 0.1489562148399 -0.352851407453324
0.160853014635167 -0.717133419931137 -0.112210632115624 0.0791074582231956
-0.211044782246605 -0.664624341629242 0.00343925585075033 0.128652852187402
-0.594430480041243 -0.344972904389258 0.207041158598349 0.0294931395070911
-0.656968665409048 0.167141637619279 0.153592665564417 -0.0685585351944229
-0.300037821085056 0.41717820453843 0.00512792891693023 -0.0913501785176429
-0.0391634751250239 0.443824775122865 -0.00331122784051876 -0.0409454236637486
0.182568416155024 0.457470027210765 -0.0181805676640715 0.00972254530487462
0.229083110191565 0.427667369508921 0.0461089720082099 0.0310676178981215
0.169553445023381 0.454553847070126 0.0470291382544604 0.039163437841344
-0.0828150322840221 0.473937427682386 0.064468774629459 0.0853593998183912
-0.328760096753667 0.383322397723153 -0.000680406382408432 0.150645249923647
-0.663382287364851 0.102317658239294 -0.130580357278279 0.111051942945657
-0.555836308550573 -0.388446576682526 -0.146704719785365 -0.0866646438870653
-0.0810975795080728 -0.68140522073373 -0.0747334129154382 -0.212273748095169
0.268251526333149 -0.737801015604918 0.0132235788032787 -0.135235891995605
0.109651901883167 -0.701108275919778 -0.216764492613837 0.304687911137225
-0.2469181715613 -0.632716051882275 0.0242475087909422 0.296493691758002
-0.586642463399317 -0.308372011178136 0.220880913316904 0.0600563063363713
-0.611938818830911 0.180992451558877 0.112506618554777 -0.0448764654690134
-0.276889804575198 0.392967539954474 -0.0570407278324786 0.000642916848349367
-0.0429683747728202 0.413208966824559 -0.0163189634160655 0.112495119679045
0.154745674916775 0.430951979379397 0.030755432973483 0.167057700034655
0.18966210871583 0.394991075578094 0.111951360140727 0.177159996058835
0.128283136350911 0.410288163770566 0.0967555137390539 0.191707589793881
-0.0968880173110346 0.408935879077537 0.0576814769407777 0.225415574611159
-0.301772011928507 0.307296040768243 -0.0564709038024834 0.243906923842485
-0.559544168735373 0.0674055479211396 -0.166070989793165 0.14729733001543
-0.464214657890658 -0.337089344019387 -0.147797442706266 -0.0372513050912618
-0.0707788111943659 -0.593323891654671 -0.0651239660247864 -0.0721846439245921
0.229444033466542 -0.681616347699199 -0.100527450216517 0.0829251616600729
0.0441096533791963 -0.571777397103048 -0.310534427291963 0.49984155446022
-0.229199131918759 -0.491832794103178 0.028382361143307 0.443993808221182
-0.458082435679596 -0.222167885747667 0.202227741101986 0.101104429713249
-0.450370980791443 0.144692757644492 0.0619374426025397 -0.00603742472584441
-0.204663587568801 0.289790256592328 -0.103941342405552 0.0916327448559704
-0.0403098857949905 0.308123362369927 -0.026242242865512 0.248323383145578
0.0982941875781892 0.334074794732576 0.0773335502973744 0.299948569230392
0.121886816278944 0.301463691808099 0.161077717961085 0.296835450250792
0.0676884284484746 0.306285671478675 0.129844700172525 0.309944045740762
-0.0994301243445112 0.284490853684978 0.0380644613658811 0.323478804736226
-0.229198213999059 0.18234283968658 -0.108151462147054 0.288837026518467
-0.367432374977733 0.0136976808583516 -0.184800811191403 0.145928640898529
-0.293477308778953 -0.235886137495824 -0.13645637215428 -0.00792841164257603
-0.0416988270007459 -0.411276518978198 -0.0413349682862267 0.0375405188992876
0.152983229772467 -0.520497531021765 -0.174847065150084 0.264861543158372
-0.0256979340290143 -0.348154524779943 -0.38532615138312 0.623855956024708
-0.169268679143873 -0.264750820816866 0.0133397999889553 0.54442797182854
-0.248573578203084 -0.09574173016274 0.164536898153648 0.14233960008242
-0.211283079708272 0.0863669951512587 0.0201787664091019 0.0312808876628783
-0.097755204631439 0.132829275822708 -0.128271488803817 0.153812045857097
-0.0331813218578439 0.148663764415717 -0.0334307582426053 0.338848275325531
0.0244433640442697 0.181423693982687 0.110632773118213 0.387765307358348
0.0354799290454095 0.162899120087053 0.186658842158908 0.371047378635997
-0.00144312967448878 0.163207660985598 0.142170141604624 0.380857809316716
-0.0849013053044989 0.130505778152286 0.0107010223709524 0.368173624284814
-0.130310163061544 0.0504105732367552 -0.148481223587464 0.287385417121354
-0.149246766312309 -0.0248676332070044 -0.184381190198552 0.116327356179304
-0.110998684976157 -0.108117641478347 -0.119110659180046 0.00337829747557432
-0.0225730623585422 -0.19157353990305 -0.010837894097328 0.106232855337441
0.0548895176942828 -0.297606792602963 -0.202418186162866 0.38744753998831
0.079420444352164 0.0124523600236504 0.137611681159469 -0.506102803100019
0.0333683567610756 -0.0452221297923243 -0.0570424188968693 -0.226766834860271
-0.0490761089161575 -0.0323071956162065 0.073323486118557 0.0150510020360174
-0.0714645728444758 0.0377028497907334 0.170029429655365 -0.0628343044175308
0.00813800897167256 0.0644069216042008 0.175888927078265 -0.238611028031459
0.044396802089925 0.0375499315749222 0.0321812698730029 -0.386766744162612
0.063123117672327 0.00649703045213845 -0.135102533171946 -0.407022036597874
0.0544303008081924 0.0010780109375788 -0.191561826270513 -0.393522889944175
0.0528417934934091 -0.000527354595134921 -0.148407989560398 -0.414200884081917
0.0367362917205075 0.0151210539981669 -0.00578016971103693 -0.3622895273179
0.00494477845382136 0.0358889942721315 0.111235588192761 -0.219870289231684
-0.0345061260664012 -0.00310037420565635 0.0133396277528399 -0.0964568375608455
0.0241587337843524 -0.0411821880182772 -0.0854737491384045 -0.194004018614717
0.0800491364374324 0.0360797638121396 0.0234950783236909 -0.501636084880929
0.0457377236926789 0.100849678513255 0.469196449479312 -0.650018994952103
0.138439784346764 -0.23633245698694 0.127271821959404 -0.447220257222564
-0.00558026914618007 -0.249597356324028 -0.0485853251395612 -0.207183487627517
-0.205954322679021 -0.156717770487275 0.0925512820389214 0.00535868129396074
-0.268356351446173 0.0576583350380937 0.172960693638404 -0.0604386277988349
-0.104624307109248 0.181213782038833 0.158772734434318 -0.225342178987533
0.0186127973277317 0.185321399484557 0.0322046423996446 -0.35707547071809
0.125091142547 0.172125268871899 -0.123825533350247 -0.367518648706512
0.143211769335797 0.163671824167887 -0.157534213986648 -0.351587299396643
0.124569634648989 0.181099509425628 -0.120184304934507 -0.371447444647466
0.0104982926479384 0.206754505555739 0.0201343160143387 -0.31771968472128
-0.116396646570145 0.190812432859876 0.115072260242863 -0.172722940868089
-0.287217019706489 0.0461530610659036 -0.00449797137703514 -0.0655564562845181
-0.200475419695752 -0.183842080262501 -0.095439422519138 -0.204840228107836
0.0308989109999142 -0.24207476929102 -0.00596045322335182 -0.510249099897646
0.142506339643698 -0.208149854003663 0.402536666957312 -0.641532709392619
0.175174394840925 -0.46244751791431 0.0753572731598765 -0.324185697997016
-0.0636441068953565 -0.437757772122444 -0.0389388778819203 -0.142959333383741
-0.362236136915135 -0.258888882111035 0.127121843611326 0.00114222419455454
-0.448204408231669 0.0881595384097992 0.178593982250542 -0.0681751297157421
-0.2033960498013 0.289105625288729 0.12240640613686 -0.20401409866611
-0.00638972868724223 0.315343127893482 0.0230078314940962 -0.291458657137139
0.170692396566299 0.315510311927376 -0.0979287062144411 -0.278430750146002
0.209974637615539 0.302276665634123 -0.099623805414428 -0.25580886647063
0.175295976985464 0.334174196711046 -0.0718355347764035 -0.268935747022807
-0.0207437841232202 0.368131321225344 0.043721756056321 -0.21564447576756
-0.225415027129013 0.319050045317871 0.0950953874131689 -0.0845160698325915
-0.508089116687162 0.0899298111000505 -0.0400826068818821 -0.0138456852307574
-0.403053492138494 -0.304408709891305 -0.117389154026687 -0.1890555648132
-0.0230594958101552 -0.487380692340353 -0.0385968420151575 -0.465579237284365
0.2213685143732 -0.486660639610624 0.288497604428573 -0.541385023107885
0.1804504625668 -0.636982362439794 -0.00747280192791196 -0.144650848454747
-0.143629317405961 -0.591227114460421 -0.0205561381604125 -0.0291713561115669
-0.513790690819849 -0.326783022682662 0.1734731707915 0.00535901793275113
-0.593387236385633 0.139780058296671 0.177595095821709 -0.0788039424784552
-0.273704778662652 0.383615862037921 0.0692885622404999 -0.164673873077347
-0.023811153239233 0.411540676971584 0.00843335091248154 -0.185410358176079
0.194373448807098 0.417186976735378 -0.059640117618929 -0.146248062388641
0.245660627206131 0.394568824395451 -0.0271165574971831 -0.121755790976573
0.194961826168448 0.432134537767151 -0.0114449762783418 -0.122945483397006
-0.0517347997211872 0.467335248217236 0.0603499490252687 -0.0715605991102762
-0.302915131339991 0.396208953384779 0.0565723197020436 0.0322546668723336
-0.652030665016882 0.120479331655886 -0.0855380300372038 0.0520891142515275
-0.542785492757792 -0.378358847985861 -0.140175131622906 -0.146568174908165
-0.0700771269861487 -0.653603238361614 -0.0682905078036809 -0.361132734630992
0.261248730355987 -0.679914519205049 0.150808240910307 -0.360660031272552
0.153905514713479 -0.730182545065273 -0.10925848145051 0.0777872555959992
-0.224140971002365 -0.671153092722851 0.00557052942241688 0.128016483144518
-0.614345656140191 -0.341119898491285 0.214556773670252 0.0219862225077279
-0.666178932694744 0.184843417017507 0.15882779229275 -0.0765093476593865
-0.302993836230549 0.434623641526166 0.00662763779207833 -0.0946338876690419
-0.0335389804638332 0.454936098598217 -0.00659898578563536 -0.0442559345609614
0.194570238016587 0.459975162202871 -0.0123478135540525 0.0116318796430999
0.24338297289257 0.427619183904641 0.0499271025884947 0.0313803404689252
0.183087677639156 0.459373409910055 0.0505580302450406 0.0410286923062113
-0.0749051544325461 0.485722840698985 0.0683347863543571 0.0874851481779959
-0.330303563079376 0.398763331450028 0.00521959075390219 0.154927089483379
-0.673243681621338 0.120559132785345 -0.12992741077775 0.114814791532764
-0.574829286401931 -0.387979885844589 -0.153602615521065 -0.0882752057131473
-0.091832245045908 -0.693347293862679 -0.080189145100186 -0.21908447277937
0.261193475904295 -0.752492963185819 0.0123924843933264 -0.135745192912287
0.100605810768373 -0.71572223732481 -0.213464515597294 0.310802854997237
-0.262472776748384 -0.641872510164332 0.0289147572636189 0.298875637707806
-0.605956763529183 -0.304321619918467 0.229476793286379 0.0538438580096806
-0.622805616925256 0.19883873871954 0.117667114870196 -0.0518804600039618
-0.277621398141901 0.410433730768285 -0.0555840166474829 0.000605888291670732
-0.0357744528312094 0.423458302056657 -0.0170407628797149 0.111294019408118
0.165074683267003 0.432876188874098 0.0399246875180573 0.170384616067847
0.204039497680176 0.394905401797202 0.119317366245047 0.179242857908526
0.14066779166477 0.413805093335816 0.102901650893018 0.194745349542412
-0.0922584974289267 0.420371985125688 0.0637245033412005 0.22996835715553
-0.303303235551062 0.319671157368876 -0.0504372091770072 0.250413972786025
-0.569080084620863 0.0809772745035579 -0.165164244617517 0.153326752020891
-0.479962457208096 -0.335998875735489 -0.153174017812239 -0.0365925305254079
-0.0792910821232666 -0.603473654343131 -0.0706542320241486 -0.0760957484111831
0.220591533416344 -0.696918037496383 -0.102878900984892 0.090732822280626
0.0367552811535827 -0.582212287929225 -0.307926065483808 0.510888242545925
-0.2427041853277 -0.496209922776673 0.0345744576931701 0.449748585907406
-0.474087710079912 -0.218063342041498 0.210880248457565 0.0967217214257307
-0.458905933112994 0.159506061176751 0.066689234162268 -0.0101742948049083
-0.205323398069222 0.301725683127709 -0.102215460149861 0.0939410766974916
-0.0365357722414052 0.315470426816938 -0.0235004078524253 0.250694596283906
0.106814037880999 0.335993904735169 0.0870629517933213 0.304801642023082
0.132732576591638 0.303224394032989 0.170236824003953 0.300257892751495
0.0760847045202817 0.310709423223928 0.138191191676095 0.314718434233465
-0.0953237864124403 0.291873250742815 0.0441985163691256 0.329850817579061
-0.231190548279335 0.191414550736125 -0.102570629065431 0.297674328824691
-0.371816974781152 0.02324253075872 -0.184088658904772 0.152920669971795
-0.302966795508761 -0.234271029082522 -0.140891581229303 -0.00529450755102708
-0.048305530329178 -0.416458473230865 -0.0447387570604779 0.0356572672877146
0.146093053100026 -0.531070649509075 -0.177526047270084 0.277806431825661
-0.0317096677131221 -0.353629844323433 -0.384336392081683 0.639323484525522
-0.178805229121755 -0.26778059264116 0.02032216867313 0.554252015185697
-0.259085777285295 -0.0939562683320316 0.172961736769048 0.141363918765451
-0.214529866740085 0.0937284708064992 0.0239150873724316 0.0287231870767448
-0.0985454979171048 0.138477942611255 -0.127238169818089 0.158694404080311
-0.0324984533065771 0.151904227756788 -0.028779645522858 0.343469451976161
0.0288983293437754 0.182428979486867 0.120693652120788 0.392274236494055
0.0413442492137592 0.163745957741107 0.195196275622466 0.376534939070845
0.00299151846287141 0.165009567068093 0.150422086607534 0.385547021883206
-0.0831473985924338 0.134872156150366 0.0162730507290404 0.374973165808974
-0.132079892784665 0.0553879324900417 -0.143117279582642 0.296364549910801
-0.15044730755964 -0.0211425843681044 -0.184781833663164 0.123767944500418
-0.115029485593618 -0.107010172946147 -0.121502164983978 0.00724485577592748
-0.0265669049689585 -0.193539955727324 -0.0124969494416761 0.105584173114932
0.0498954686149986 -0.303572624827637 -0.202472754358568 0.402944360695454
0.0830155746476946 0.00895237949561309 0.117645171615388 -0.524562334332786
0.0344194746248109 -0.0491431703647251 -0.0657497857396439 -0.229107828626533
-0.0492082237441694 -0.0328600708724834 0.0766648219402569 0.00953702294280042
-0.0718343687558306 0.0408836681270835 0.169504900948127 -0.072955232731777
0.0101817581648055 0.065495909412198 0.167404469010522 -0.253257846889881
0.048166633368842 0.0369315909384711 0.0127502490604908 -0.396011322669637
0.0655357862714661 0.00449322950669278 -0.157946410249493 -0.408088704674828
0.0547623590257426 -0.00123594269211063 -0.212690853828456 -0.393839635826796
0.0535387328009721 -0.00334987197442524 -0.170428986053377 -0.415043790108227
0.037185551399837 0.0129898548130897 -0.021611797339885 -0.369091474540172
0.00613435810790295 0.0354789702823621 0.103029882066422 -0.229542366769607
-0.036081838158724 -0.00278943553699533 0.00677714518089374 -0.0974905723977814
0.0243316075445459 -0.0445821127964033 -0.0993624052708539 -0.19563048777785
0.0847116588012679 0.0330474783966644 0.00140050424827482 -0.514693412171468
0.050558801140288 0.103602928255446 0.454909394313609 -0.69103281008367
0.131704876616174 -0.246128190553624 0.113929921181009 -0.465095396957536
-0.0138935579660778 -0.254172294083497 -0.0571176904189698 -0.210616690171078
-0.2150356064328 -0.149968115252804 0.0957365617187975 -0.00266506372097471
-0.271964412232195 0.0715524207504308 0.17280966156931 -0.0713911714356305
-0.100505537762503 0.19134816957426 0.150688495296972 -0.238802534909712
0.0280889633169931 0.189865481435605 0.0134859527722908 -0.366278980618146
0.13544099059594 0.170044907097646 -0.142270570454309 -0.369542878024597
0.154606768181981 0.159026935155304 -0.175824560068058 -0.353601167270105
0.136458393304756 0.178349424571254 -0.137967177522302 -0.371821869700477
0.0197517436591783 0.211637161159798 0.00833851210601929 -0.324807119471984
-0.11118684402149 0.200580963869431 0.109921366094514 -0.181297153340759
-0.292718195626184 0.0616115843147135 -0.00927465071596327 -0.0665405563293191
-0.214182227511226 -0.180833933599313 -0.10986159083074 -0.207324171399734
0.0223181772047607 -0.248671053931748 -0.02545069404988 -0.524731651169476
0.135081117632363 -0.215732502899624 0.386466060822445 -0.676865209265068
0.157904894860986 -0.477143049388018 0.0679849884365861 -0.339479818574246
-0.0823297602107062 -0.443238256438315 -0.0447151404417149 -0.146608136447693
-0.380550154490585 -0.247711754701807 0.131637465888574 -0.00938619191137068
-0.45418431855013 0.114082894324621 0.178471913452928 -0.0810560374548894
-0.195765814491666 0.308152043765526 0.115964815258609 -0.215906949944429
0.00810967791655333 0.323885000235689 0.00760763575714189 -0.298518251524752
0.188422823751283 0.312570991469581 -0.10995349067763 -0.279780531376389
0.231039188269763 0.29629458569142 -0.111582140006951 -0.258380950596927
0.195715426824849 0.332945719651094 -0.0834803423572471 -0.269777547877979
-0.00388857079557276 0.378482892723001 0.0368459831660749 -0.221338918628295
-0.217423264777506 0.338721443654771 0.0945899124824009 -0.0906552594447699
-0.515396620968066 0.118105938344682 -0.0431456616718657 -0.0131205644713412
-0.427694636833723 -0.294345760942047 -0.132365683050805 -0.190198269371827
-0.0450085337252449 -0.49897104508462 -0.0608258694725466 -0.4769058024589
0.202092503059083 -0.502884917227309 0.273729394324112 -0.568036512769432
0.157221102383528 -0.658473440782874 -0.0103369335486814 -0.15245602102905
-0.172067662181881 -0.594689067223951 -0.0212794557196128 -0.0318239246457006
-0.541087589998664 -0.305531723830959 0.179822421192209 -0.00902322387316296
-0.599958118102869 0.174778669978055 0.178754149781808 -0.0933564735382088
-0.263758874541125 0.408811896569495 0.0644859439249816 -0.173837915310196
-0.00497662138216128 0.424957085211004 -0.0033898054082201 -0.191015784374202
0.21867503583177 0.41550615406831 -0.0630326493578948 -0.146710166579585
0.271849198633703 0.387965046608135 -0.030248632825195 -0.123850221070299
0.222531269814049 0.431074545832377 -0.0144759714750739 -0.123821550543144
-0.0296105864580836 0.482809924851662 0.0617835333024278 -0.0752747459126764
-0.293510541623301 0.421305294494111 0.0617978021625856 0.0306790262570055
-0.660752173347573 0.15728024438814 -0.0857200111410773 0.0561189763959452
-0.575335278159231 -0.3622792275501 -0.153284752910193 -0.145468765593847
-0.0980211692705866 -0.665248531211848 -0.0874172940424772 -0.369941829861225
0.235993573969628 -0.70437918696387 0.138922021025906 -0.375162871822053
0.123236514465558 -0.752194112578962 -0.104367355327607 0.0793923179958102
-0.258266777722497 -0.673405516065579 0.0110215201781006 0.126693198090763
-0.647137188036127 -0.316465944002157 0.223082717014515 0.00646241582730831
-0.673154461675364 0.228233285325825 0.160609165919864 -0.0910053673711931
-0.287995611753225 0.463115361473548 0.00305760806956267 -0.0992646038236158
-0.0127323712913364 0.468174526499402 -0.011670525352458 -0.0469971922775531
0.220038584495127 0.457693374361795 -0.00597621544629189 0.0122539315504042
0.27230418090795 0.420682788789185 0.0554614598872468 0.0287614304965914
0.211592309144352 0.45978499665931 0.0565838682888099 0.0408813871358377
-0.0545380325107222 0.503100579449981 0.0767170248685746 0.0882981025346857
-0.321288441164477 0.427240753213669 0.0165652352693065 0.158161446899681
-0.683468022778175 0.159191990444141 -0.128145968174666 0.12343198491689
-0.606546363869147 -0.368775448910315 -0.163527359943126 -0.0843229566796643
-0.122833816107445 -0.704755987110793 -0.0940543266846813 -0.223276672337145
0.230293162175069 -0.779044009054356 0.00747746088782432 -0.136276860887721
0.0717870486762067 -0.733942019523964 -0.202259103957408 0.322706563397235
-0.297804148999649 -0.642227810357613 0.0424345828858135 0.30176635783032
-0.638696890171638 -0.280416706437165 0.240456427997169 0.0394120334726166
-0.628209066315167 0.238009784836975 0.12049556771896 -0.0638091559753623
-0.265854389685259 0.437753415738455 -0.0549559495275874 0.000819417532352331
-0.0181831455939703 0.435579720943794 -0.0146117500070283 0.112221427375661
0.18974691914486 0.432814704301035 0.0539569756144704 0.171924298363255
0.231052151572829 0.38943161210894 0.132354893543002 0.177525536064037
0.165463673650116 0.417171437527929 0.116665458991232 0.19584519385727
-0.0742297375020315 0.436586363233294 0.0781352070041776 0.233798944562881
-0.296912497706138 0.345069539780751 -0.0355867172723347 0.259349727716427
-0.575249208701214 0.11292948400356 -0.161967036521697 0.164535317046309
-0.507915344709243 -0.320581801890887 -0.160513538052782 -0.0306031741065686
-0.106928697390326 -0.612204120643379 -0.0787077563605679 -0.0781568763317956
0.19232244811473 -0.718232183957539 -0.100932744815639 0.101906606676526
0.0122574432269927 -0.595403765450401 -0.294008044229911 0.533151826656517
-0.269993228159801 -0.497403824010627 0.0543535083138306 0.456423780776718
-0.499928003661296 -0.201474788256884 0.223116836151125 0.0860098418813108
-0.463123053281236 0.188625608016864 0.0707755406657043 -0.018420706763591
-0.196930978709482 0.322485508981102 -0.0987287160807895 0.0989377302034666
-0.023017181479036 0.325422488497348 -0.0131025570967418 0.254748341663399
0.125445667946029 0.336494827789657 0.107523691849503 0.307215154624532
0.152633814343959 0.299305385996197 0.190071319044762 0.300146672660069
0.0947119060054481 0.312167284227854 0.155979451955845 0.316320407458327
-0.0830597496755793 0.305276038899891 0.0625102505186128 0.335420190468486
-0.227894273194269 0.209298970189944 -0.0875942686360281 0.309889041451083
-0.37728728590237 0.0436548074355097 -0.180300759748758 0.165926595646095
-0.321967003340306 -0.224202011439162 -0.145619424143539 0.00195650848693076
-0.0678015168530297 -0.422200169722318 -0.0483852719116102 0.0355855488197788
0.123504074249107 -0.546902722302379 -0.170131451033917 0.29710606771472
-0.0477976146650975 -0.358721999229476 -0.367276088644687 0.668263775068289
-0.195816272629587 -0.265539550527049 0.0442693500299343 0.566044804868297
-0.273449207828538 -0.0837884970385652 0.186462089644523 0.135833571466498
-0.215745155666815 0.109440142155881 0.0283349528658116 0.0245644854115423
-0.093833437052331 0.148029215880391 -0.122010902025553 0.166995481969848
-0.0270882857850912 0.157121774240037 -0.0134496796907007 0.35062456762954
0.0385789402001736 0.183017374592591 0.144359587672369 0.395755799540493
0.0521598473262581 0.163401282849633 0.21816366004382 0.376139958898188
0.0124741453150199 0.168110806625551 0.170944683079024 0.386099305978425
-0.077281166533368 0.142540260645179 0.0349963696299085 0.382817211979524
-0.13238670915157 0.0643191214495862 -0.129034926496525 0.31063042560311
-0.151927144533211 -0.0124943532077452 -0.181780526350336 0.136666036610666
-0.123531332062297 -0.101885100476735 -0.124632057987638 0.0147789787939174
-0.0370267317903899 -0.194940536140769 -0.01191509039138 0.106104471911048
0.0351791713447086 -0.311657764171788 -0.190477022920785 0.426693623296159
0.0836503753464611 0.00282710804366812 0.0841261372397153 -0.532358508361126
0.0324393887472166 -0.0522926386772068 -0.0787097066661819 -0.22400632910171
-0.0495208762918907 -0.0313926775153818 0.0781469295475611 0.00204331420823553
-0.0698770035614717 0.0446901362832512 0.162646769258439 -0.0855642459134367
0.0127889185430854 0.0645855349832782 0.146688816714028 -0.264189214750929
0.0509030458774188 0.0337810478724203 -0.0160321918721327 -0.393589601885438
0.0662404290706679 0.000844425291854059 -0.18607123151399 -0.393676132412831
0.0545403424323157 -0.00393211103423777 -0.240575492959587 -0.379730430203753
0.0522376357398784 -0.00707138898520613 -0.198224768105015 -0.401019629486792
0.0360677310874493 0.010434099529035 -0.0453131297895314 -0.365494710800565
0.00850767815159272 0.0342115280249007 0.0863683669323483 -0.234799551191864
-0.0368416607672086 -0.00123040311417934 -0.00146939524398888 -0.0957269905343435
0.0216820194771101 -0.0480771115677741 -0.11567025520204 -0.188156127978748
0.0879321206617317 0.0274993685962059 -0.0323288681701315 -0.514453341779293
0.0578363308197278 0.102067722285801 0.408391347866382 -0.723761304729851
0.114827223482498 -0.253646821609777 0.0840513630152536 -0.474249767894508
-0.0279096661647651 -0.252686906335111 -0.0699927424008346 -0.207362802507989
-0.222207289776247 -0.135277559521112 0.095787185005549 -0.0127640552450175
-0.2663080396411 0.0908118341254595 0.165954451769406 -0.0852336997691745
-0.0878188778945547 0.198853958522234 0.131713333840102 -0.24894161201327
0.041800620736828 0.188322266685149 -0.0132621527829969 -0.363743799914701
0.146796064934036 0.160302726305343 -0.165102050956991 -0.35662748340873
0.165174185421391 0.146846786861276 -0.198712020129576 -0.340776985932301
0.148311631654353 0.16747022043089 -0.161784851667955 -0.360089086972887
0.0330001309920682 0.21033209565987 -0.0118451503186418 -0.323143373202672
-0.0975832224048471 0.20840877507776 0.0973661694096478 -0.188174722363685
-0.287609063448551 0.0830170518034568 -0.0158380959847606 -0.0655295044404748
-0.22630275733368 -0.166679245697364 -0.127654374415743 -0.199602292815663
0.00711766457751989 -0.24969797125517 -0.0598885731333376 -0.523709112813957
0.119109032694943 -0.220950332872887 0.341573043275631 -0.704176242635494
0.126960912724938 -0.485514497472196 0.0468753899864043 -0.347404622384239
-0.107348918957627 -0.432924800961495 -0.0539424702310071 -0.145943333565946
-0.393995815587864 -0.218759153934651 0.130671546804149 -0.0237505004618453
-0.44394851428538 0.146864077854868 0.171682174106896 -0.0964436121404735
-0.174615922458686 0.322714330812793 0.099008882897745 -0.224323620907598
0.0307151701207366 0.323811461271661 -0.0156542355613609 -0.296479186393426
0.209232054337676 0.298702052683053 -0.125021226122501 -0.270929668264836
0.251571148121423 0.275927435548593 -0.127073844992362 -0.25134890650595
0.219112192455106 0.316126580243294 -0.0992290468858422 -0.262223109597131
0.0220150306652005 0.379321138387653 0.0244401215850006 -0.22265393444142
-0.194220599316435 0.354298047231237 0.0894496833403148 -0.0972713801398206
-0.505493479803329 0.15565112239915 -0.045934276872027 -0.0105452118373078
-0.447592478971307 -0.264405132028937 -0.148175312205072 -0.182296945059799
-0.0759621362073645 -0.492660461528578 -0.0931987188689291 -0.475386950826892
0.164200265396175 -0.511199437008174 0.237545999411629 -0.586219553649366
0.111618085088461 -0.663968819616962 -0.0170484243807285 -0.15752426170841
-0.206982500125964 -0.578901223662489 -0.0236137759642339 -0.0339289942694813
-0.559148067097702 -0.263851766950623 0.179100368589653 -0.0278381660664288
-0.586224632328355 0.218626478614281 0.171190064786615 -0.10956159822713
-0.233609467601606 0.428676369742986 0.0511872432282146 -0.179265683156841
0.0246635570837293 0.424954516771596 -0.0199669594063541 -0.189286970570476
0.24612639041517 0.398180443288964 -0.0681411475872483 -0.142614145828177
0.299333583757547 0.363052755179849 -0.0366156115825523 -0.123172590738163
0.254019046508246 0.412659177363493 -0.0197424637385867 -0.121478265066582
0.00377301490959682 0.484681983662436 0.0589957909404852 -0.0783598203329621
-0.263227120782892 0.443820814568117 0.0659745939889713 0.025782889701318
-0.645024176716828 0.20650862372929 -0.0834244284925712 0.0608666721057867
-0.600003034138995 -0.321796037765717 -0.165818246873765 -0.13556832694348
-0.142751508344397 -0.654853320788772 -0.113825433366518 -0.367208421167085
0.184519074584905 -0.712291849646064 0.116035035438741 -0.381720015449286
0.0724966489026578 -0.755705200640835 -0.0958476797556017 0.0794637183196831
-0.298326358970137 -0.650998623797878 0.0196039664433351 0.122202933898184
-0.66755796090168 -0.268488949819437 0.224334756995495 -0.0155186587937631
-0.653667646284733 0.279046229633211 0.153881602258892 -0.107456986920028
-0.254324711817041 0.486422146900271 -0.00372126233212111 -0.101815862372357
0.0195123413866526 0.46923110700147 -0.018148243060219 -0.0466998191973608
0.251107218844905 0.440129650173684 9.59681268503208E-07 0.0109469605668764
0.30322179973277 0.395583126182974 0.0595061416540805 0.0230755438460904
0.244209597176441 0.440159549478124 0.0610712460162828 0.0377213084446795
-0.019184792165817 0.508436559246276 0.0855616355345142 0.0830048728929266
-0.290598646523676 0.450517559817141 0.0307144801341741 0.155940671949703
-0.667840050739383 0.21015610193539 -0.120693584147258 0.130919408372458
-0.633646430413863 -0.32682512959492 -0.171439865207515 -0.07353799916909
-0.169165503880323 -0.694293449770547 -0.113022903225582 -0.219689515867239
0.174968118602349 -0.786930969629111 0.000218710002209282 -0.132755141100898
0.0221884524513099 -0.733100971244039 -0.178099816775312 0.329132147730719
-0.33698822481001 -0.61850060067243 0.0622249076769167 0.294587073726827
-0.658500038469573 -0.232827082523812 0.24400367339142 0.0161497892147638
-0.608502435724738 0.286500575051997 0.116872977850862 -0.0779994002755574
-0.233234199312338 0.459342805784748 -0.0545445408750393 0.00173646932888948
0.0116662077892971 0.438158446938036 -0.00932151876726055 0.110908820337794
0.217546703777412 0.415493553375681 0.0705856506788256 0.16609657188765
0.259262893750068 0.367381271688271 0.146709168354716 0.1666260496844
0.196045561002606 0.401048867119308 0.132157471617532 0.18723209663085
-0.0416791718838888 0.440953323935842 0.0964587410370507 0.228669495556034
-0.271946508390162 0.366706739766658 -0.0138267228467276 0.260694329070861
-0.563850780739065 0.155523895024294 -0.150485203419546 0.175119268833843
-0.529802914245154 -0.282634888483512 -0.16337497147799 -0.0196089660339604
-0.14604888481287 -0.601208015107957 -0.0874904464914188 -0.0743460176431465
0.13885724818439 -0.72412776092345 -0.091679314584775 0.113823609202491
-0.02687348023925 -0.591965146903517 -0.255021872944434 0.54662057106985
-0.302879400555129 -0.475626399302979 0.0842712853609114 0.449594362882003
-0.515528568400357 -0.16217856289063 0.23075482932352 0.0655888552063775
-0.446798276977446 0.225273575173669 0.0707391844672864 -0.0289683266015911
-0.172015792298719 0.338213960014658 -0.091521763704528 0.10342441478439
-0.00130589364407569 0.327378110154637 0.001668240842455 0.253151583998332
0.147324971232141 0.324410645472972 0.132483532085088 0.297336192924319
0.175640583123028 0.283147952479083 0.211231926159189 0.285774522665431
0.11791058234946 0.302729696062244 0.178547734597846 0.304065909121015
-0.0602981915763567 0.310666136400143 0.0874684978556903 0.331603265169659
-0.212436845500515 0.226412403056288 -0.0618776149982017 0.314682380076065
-0.370121339337671 0.0727852072721984 -0.167656943717144 0.178124761745105
-0.337217233188375 -0.198846836126771 -0.145724710359121 0.0128271564032093
-0.0956864024347081 -0.414295270539546 -0.0500375905972732 0.0367928066475054
0.0840772090722475 -0.550925424974967 -0.148550190192354 0.313374165007288
-0.0707372063590726 -0.353632867164602 -0.322916445235415 0.690224367885575
-0.213264740704292 -0.251554934656848 0.0808067609428245 0.559587913958781
-0.282352145105958 -0.0632571108774772 0.197256259860088 0.120013135291779
-0.206684376674086 0.126940378004487 0.0317526344676907 0.0182901266924896
-0.0828392233786648 0.155179034751027 -0.10946294418785 0.173849936364397
-0.0170062190904202 0.158567654534652 0.00969701529508111 0.348329790696603
0.0510984892224253 0.178436495029234 0.172556291710025 0.382359258545896
0.0645448565891961 0.156322641114676 0.244475487486541 0.360268991497884
0.0259506152151321 0.165489260913418 0.196818696339277 0.373066737158523
-0.0659084686356727 0.147404495779608 0.0620442797462497 0.378885767884377
-0.126791331916178 0.0740666062256826 -0.103431994232138 0.318557162867842
-0.150041644035888 -0.000426081927071161 -0.16930729441823 0.149868274263928
-0.130167893533753 -0.0901549274899239 -0.123088259781242 0.0247058764167083
-0.0505674873928323 -0.190558065798232 -0.0094833273161467 0.105904221951703
0.0121361200133818 -0.311842058759765 -0.161432767727799 0.44350234630731
0.0805945382185236 -0.00221126967122782 0.0506366048381122 -0.517061431096494
0.0292169461590769 -0.0532512091312748 -0.0871622723617 -0.209677899745696
-0.0480778655079972 -0.030036233782584 0.0761976403857074 -0.00477958279369418
-0.065804874253374 0.0471690927574595 0.149547741398898 -0.0933650203059357
0.0143646522607357 0.0617521732571966 0.122256258757671 -0.263441531498463
0.051196883476564 0.0298226738744012 -0.039766630769445 -0.374731792075191
0.0646386785300354 -0.00304845741681611 -0.200826560546068 -0.364633426960515
0.0518110104780861 -0.00624566287144808 -0.252697540522666 -0.349787397096622
0.0482360916493801 -0.00941443349794567 -0.212692434833264 -0.371702604448096
0.0337955596121495 0.00803745118757006 -0.0637343492897974 -0.347060601482581
0.00985456313877953 0.0315403867459468 0.0678420137818434 -0.22893061727356
-0.0362937195054104 0.000185424036991328 -0.00879166947291399 -0.089490585961193
0.018097018746023 -0.0493518963208469 -0.12579598039833 -0.172591322449652
0.0872424674320779 0.0212839775361924 -0.0584666357983723 -0.493816433308217
0.0619434552164114 0.0970332339426331 0.350634581879773 -0.720655462607871
0.0957328462004206 -0.248634452835053 0.0547590434060518 -0.4627862040069
-0.0376424746537137 -0.240387541858363 -0.0773039044416426 -0.195851183431794
-0.218657205105558 -0.11758136907546 0.0909777792797905 -0.0214255561185359
-0.249814060378073 0.103609538730792 0.152068471826421 -0.0937567171375557
-0.0729258795693088 0.197262273976392 0.109060667112411 -0.247166460103357
0.0516360909937355 0.178691569387096 -0.0361346439328318 -0.345999772297565
0.150656414893005 0.14427821883654 -0.177573744522198 -0.332118151494141
0.167289080508037 0.129933106417723 -0.210294904397407 -0.316889635295166
0.151814503810425 0.151112056282938 -0.174804333244063 -0.335487726020664
0.0435508546506809 0.199927016636395 -0.0286912546669983 -0.309411902230318
-0.081607049780742 0.206193930472907 0.0817296048273959 -0.185486693333302
-0.271217986177378 0.0968109521040399 -0.0223026609714364 -0.0600715179420658
-0.227250612471388 -0.147859982593944 -0.137933903313219 -0.184570035460405
-0.0061027500026046 -0.239737977524623 -0.0866630732862764 -0.501788323866311
0.101899902077886 -0.215057094903712 0.288239496084905 -0.69645385270735
0.0931017281858678 -0.470478964805755 0.0268161172593122 -0.342232318454439
-0.123803972009479 -0.408005741499238 -0.0593391536410223 -0.138941623505439
-0.388643331185013 -0.18450345725416 0.122943011435282 -0.0360254715645317
-0.416227968066116 0.169974952351925 0.156946183657267 -0.106028076833222
-0.14809058105907 0.322116505371851 0.0796020483992269 -0.222101594543849
0.0494351894564735 0.310153122292939 -0.0352006924928158 -0.282357824146749
0.217931527637653 0.273088203333723 -0.133079797871466 -0.252306005425752
0.25770302464059 0.246320815900371 -0.135202889737363 -0.234756681641631
0.229400885119806 0.287131444443853 -0.108717775784493 -0.244731608804716
0.0434679772971934 0.363801317087361 0.0134361198602606 -0.21484198699095
-0.165187598548406 0.353306251489416 0.080707045975177 -0.0985202231852871
-0.474950198076258 0.182123981007515 -0.0480258654795441 -0.00642012343235683
-0.446653913482896 -0.226624204871371 -0.156048390764789 -0.167552841909556
-0.100224479390916 -0.468382666359255 -0.117052230690662 -0.453809790764732
0.127916004808987 -0.494133973742181 0.195477191466448 -0.576221165461093
0.0680022751554735 -0.639915669532546 -0.0232535674465414 -0.157903847699055
-0.227433440938278 -0.541845174343471 -0.0252349980588279 -0.0342894140388879
-0.55158946734114 -0.216646590699433 0.169692980215913 -0.0440990435562969
-0.547215976788183 0.247811623489111 0.155820565106363 -0.119795016218188
-0.19813163052917 0.428233422419698 0.0370934221232109 -0.176465407349577
0.048940641311852 0.407996974741415 -0.0338627488064669 -0.17951507688131
0.258632462346635 0.365944846542053 -0.0700540613490253 -0.13399410902467
0.310658920370842 0.327138528659493 -0.0402713965057828 -0.118154295645556
0.268873017083818 0.376960878824029 -0.0244391920484491 -0.114669237443289
0.0331685486377214 0.467246927178064 0.0549582682473728 -0.0787536402035692
-0.227713385814905 0.444599905619808 0.0669533328369349 0.0202349822540657
-0.606269631805976 0.239473790570714 -0.0794321326305627 0.0645271628634931
-0.5971912314492 -0.272594507114631 -0.169943578034076 -0.121790224651011
-0.171800758042861 -0.618618088047348 -0.131503818806164 -0.349511870609154
0.135157654884805 -0.687010856113832 0.0928027690985002 -0.37197066524561
0.0269065557804056 -0.726209175378278 -0.0862296585075515 0.0743009376149997
-0.320539472982668 -0.607226352436255 0.0247904978596564 0.112660913387475
-0.655920301357472 -0.212977104749679 0.21355083338813 -0.0355454693257445
-0.610682564837731 0.310984217710846 0.140581436687129 -0.116961265568832
-0.212569765079517 0.485295217520264 -0.0103506591999037 -0.0989238477905498
0.0470901744069319 0.451683705679268 -0.0235692018302459 -0.0441678304565798
0.266238534887258 0.406644452758843 0.00445571281514419 0.00855579753153335
0.316089013875168 0.356490364365905 0.0605609168139963 0.0171918863137644
0.263526138259805 0.405620263341427 0.0636496411908563 0.0331104897894072
0.0144138053285244 0.488412429421935 0.0899143485300552 0.0747569583749499
-0.252822040196285 0.453121990791946 0.0415809863498323 0.147768068286675
-0.627018944668737 0.243288514585511 -0.110319837715135 0.133790987520849
-0.626620912694284 -0.273433624387721 -0.170873408170316 -0.0616494122364913
-0.200442528965615 -0.654248671918027 -0.124390146437452 -0.207335074599879
0.118652387513136 -0.757539918900919 -0.00394180470813992 -0.123857893911212
-0.0199800724410075 -0.702301013234666 -0.151020668155644 0.319574177481371
-0.358041582297771 -0.573400168245238 0.0755141318840217 0.276612087167959
-0.647185015242377 -0.179922845715124 0.235527290485352 -0.00532915053461916
-0.565715538713633 0.31592833379617 0.107671774711185 -0.0872982538347822
-0.19479344812143 0.457249066658139 -0.0522638119452633 0.00302345428744107
0.0381954123675154 0.421733475205982 -0.00530389153043787 0.106696354716625
0.232730100867852 0.384881945146793 0.0815342909626324 0.152702887235922
0.271746920644953 0.332224988799073 0.153120290389977 0.149689184587356
0.213097157712978 0.370242937639865 0.13901228347369 0.172243278590619
-0.0122640950125197 0.427352383712832 0.108784208640526 0.213789712108209
-0.239540635562628 0.371194093327811 0.00540650489911076 0.250167814311784
-0.528726790154982 0.186213579023992 -0.135083914676599 0.177659907743546
-0.526342949068679 -0.236488193182561 -0.158702821870262 -0.00920980383143599
-0.173864357217894 -0.567683653247103 -0.0928821085967892 -0.0687230239019282
0.0893157835199866 -0.698028407758464 -0.078527146766948 0.119001033850787
-0.0594289929375039 -0.566452348121966 -0.215306514081474 0.534856551249616
-0.316159674762778 -0.439015331764457 0.105640192749236 0.425233789861338
-0.507393132970597 -0.12228939092211 0.226332216947227 0.044351567481247
-0.41388011367568 0.247542557973777 0.0666951472718874 -0.0373740987335761
-0.143024433388391 0.336890305525812 -0.0810603535798149 0.103037944343798
0.0179563176693905 0.315884716333888 0.0144971618233121 0.241375617713371
0.160882345671881 0.301399753161631 0.147224578718797 0.275287098549406
0.185703395675924 0.257520839427888 0.221282882783403 0.260764590733178
0.132947529353236 0.281492544840746 0.189843009499027 0.281729279375929
-0.0378359001138517 0.301986043049455 0.104725967790757 0.312498688919247
-0.190233175645679 0.232326507531617 -0.0366535887687373 0.304931535365591
-0.347362396828763 0.0942878623222943 -0.149949953963084 0.181367797754409
-0.334736473052401 -0.166546688974134 -0.139377717412812 0.0207448468226321
-0.115200775437422 -0.390011954052284 -0.0502446495832262 0.0370699208979937
0.0461209740015167 -0.529964860848801 -0.12132959437226 0.314403426592893
-0.0856577480776913 -0.334116429027515 -0.273056890127443 0.678454909463603
-0.219147130391458 -0.228816386438012 0.108953114402641 0.533094699522194
-0.277842533199745 -0.0409746210275524 0.198321427511406 0.100772869375208
-0.1897104334298 0.136442209223979 0.0325059773550653 0.0115844103997381
-0.0689261635574888 0.154894497682866 -0.0940072033717011 0.171784469014573
-0.00755969878199296 0.154741022338063 0.0288009648824906 0.333060060461259
0.060387483867731 0.167294652486153 0.189466191516021 0.355736217604311
0.0718193783226896 0.143337012282917 0.256803448166921 0.332166495801547
0.0362913499234593 0.155988525461401 0.210479817270311 0.345835971710669
-0.052786181708956 0.145129703726719 0.0832472416094145 0.360295022390566
-0.1160456459767 0.0807416312280341 -0.0761528660992511 0.310817471067228
-0.141073914605549 0.00986306056615974 -0.152136159264373 0.155084524878625
-0.130698887231828 -0.0757162542821768 -0.116257477450119 0.0325362513783563
-0.0601556757012907 -0.178147065186406 -0.00744170339638685 0.1014388469864
-0.00789474076903215 -0.297748320593168 -0.126091572416067 0.439341416212915
0.0675767734114059 -0.0191672274393481 -0.0345335060567016 -0.489294234814762
0.0168623422887348 -0.0536669080338438 -0.112816481049827 -0.185682140672784
-0.0473555850653433 -0.0258489292447066 0.0691349209281634 -0.0218211557915711
-0.0553126796437146 0.0485907445926339 0.118890369648889 -0.112449362444411
0.0152095426987913 0.0528123771427906 0.0699458936654802 -0.262748936512073
0.0467421080741413 0.0215962080706897 -0.094107954372535 -0.346156715468996
0.055834403603591 -0.0106967145952803 -0.24166782303664 -0.317075715608675
0.0451734833383279 -0.0103797890569126 -0.288944104579809 -0.292814852365578
0.0400469033114072 -0.013835943311831 -0.260437478091807 -0.318481251457222
0.0291756299512675 0.00207449983883926 -0.116153367276893 -0.31735881424562
0.0112712500005064 0.0252529454932716 0.0263171164880287 -0.225226002102363
-0.0349444225316572 0.00382596698214601 -0.0225567543592767 -0.0798193064739562
0.010104005706376 -0.0510635388881195 -0.147015688216796 -0.139802342623653
0.0867692981195572 0.00120505094787157 -0.135978205003814 -0.450034748350584
0.072540767290672 0.0741789152204759 0.224042017587132 -0.722453939976364
0.0532858151636666 -0.245726713326184 -0.0207374765639465 -0.4552636455337
-0.0680293297200896 -0.215711617932365 -0.104294424821165 -0.181643349299371
-0.21369823490381 -0.0820597156584948 0.0688123707300463 -0.0496519404752617
-0.21347139969735 0.127775568117173 0.107219296562316 -0.117361380194243
-0.0459502534276342 0.189496570996396 0.053727951005404 -0.237096174997981
0.0672102796787404 0.16111664294808 -0.0859827416992629 -0.311940021594556
0.155737282833106 0.114000574656766 -0.213183933251589 -0.281913010886235
0.168846495034856 0.100374745481794 -0.244667519700681 -0.267351595502101
0.158471535883962 0.121471141525469 -0.221431539222718 -0.291231307158717
0.0650491836275359 0.181863013998408 -0.0808757330025959 -0.288493924326256
-0.0538516387487958 0.199876869288223 0.0467005339140071 -0.188310868407916
-0.242967865748685 0.126749969244295 -0.0279209527735706 -0.0540405173654672
-0.229136238829293 -0.112576243279966 -0.162400148637784 -0.154338770794632
-0.0352461092082874 -0.229014119982716 -0.159395887356092 -0.451092288039889
0.0723404443528329 -0.222477279710122 0.170859909651345 -0.690129130264525
0.0262669789127483 -0.446323616295233 -0.0268553019793368 -0.34907427829958
-0.166946247472829 -0.358007761147047 -0.0807136371562702 -0.139004259494284
-0.375914831312005 -0.119657047393275 0.0853587592072175 -0.0767564814265501
-0.354051149385802 0.211582045624858 0.0977860964827058 -0.132379410775551
-0.0964063045843126 0.313987607315678 0.0248428033937669 -0.201884911357693
0.0832335781408374 0.283611348998634 -0.0765136162102086 -0.246236810960955
0.236216406667069 0.222452245816721 -0.158369638138682 -0.205999408447581
0.268068225955103 0.196335368211268 -0.162471021439688 -0.199679997197758
0.250983324750137 0.238682240758986 -0.147004471461389 -0.216452782884295
0.0891128968514771 0.335401042199299 -0.0298860029377584 -0.207268429933
-0.114875088126286 0.347658738913515 0.0600710209251167 -0.107470439742704
-0.422378134813908 0.233411300457429 -0.0415404061861963 -0.00270784639834896
-0.441301172479112 -0.16068175818693 -0.178560355226831 -0.139638599168094
-0.153423956758889 -0.429155813829268 -0.176622392951549 -0.401219637549214
0.062130956082132 -0.485361698878023 0.105466417421555 -0.563276635995077
-0.015323802399184 -0.598218834651066 -0.0438340001081766 -0.177865296724368
-0.278676019403079 -0.465994247216119 -0.0351585238707401 -0.0523997986240672
-0.528123869626061 -0.126134972708001 0.116345968624458 -0.0972954461750746
-0.461611725737486 0.304064657324198 0.0838288634094223 -0.146623790519031
-0.126376277873551 0.419229375580613 -0.0115543748051711 -0.145734347728991
0.0964404841909238 0.376108926411574 -0.0598508231790132 -0.145926487014948
0.288441407974844 0.30267121322894 -0.0816210902193902 -0.0981496430829706
0.326903002759431 0.26323386667303 -0.0555588682693057 -0.1025011553401
0.300030339526486 0.316875364288691 -0.0481084754898501 -0.10720900425365
0.0936110846848504 0.434031776005553 0.0299063235551717 -0.0864034708967803
-0.162521490059152 0.441969048203926 0.0681245489058768 0.00491808508348914
-0.537304143875959 0.306634740050094 -0.0573499352392329 0.0659764663938856
-0.585388566034678 -0.182576305089609 -0.184613754012065 -0.0976887166239604
-0.240513916359912 -0.556817680745533 -0.169840923680517 -0.300310896258772
0.0439934790838031 -0.663999927951985 0.0414189223888481 -0.355636260716308
-0.0620777300365368 -0.667908712539328 -0.0652750756805293 0.0436135604749731
-0.369974528804841 -0.513030652810863 0.0319599017925717 0.0743027581284872
-0.623141050935418 -0.109573632824943 0.151602743270436 -0.0980597713612463
-0.507540608832114 0.370150006522984 0.0639189886135929 -0.141045257478213
-0.130243718274062 0.474961951623732 -0.0452368798150557 -0.0629731445613102
0.102593819594352 0.417170029501514 -0.0302620889759015 -0.0172219721632319
0.301050667761608 0.337455970301101 0.0102092954944181 0.0284960196098824
0.336779497612014 0.289593574628181 0.0593400225226219 0.010405729852416
0.30096977929011 0.341303169894283 0.0581140207894922 0.0187870448898905
0.0803481661362978 0.457956797421807 0.088112474724785 0.051953199028143
-0.18474241806336 0.453768041175963 0.0655333143294808 0.128356687489032
-0.555310838003866 0.313528621207041 -0.0738208318255036 0.135644989298331
-0.612704204284735 -0.179412532757198 -0.175744247026995 -0.041544390091381
-0.272170189367792 -0.584214777071976 -0.139147085641406 -0.168951938291533
0.021775366448263 -0.723289994676402 -0.0116154206970634 -0.110012822373489
-0.0995867440079934 -0.637442014357279 -0.0878829167625537 0.284378110333715
-0.397076161921946 -0.477479991900226 0.105343218257641 0.221841414416106
-0.61243455084058 -0.0788872831924074 0.178553155281973 -0.0707712574870994
-0.466733327883812 0.369743099248089 0.0403433322489413 -0.106182641116427
-0.114082061917893 0.446806834777549 -0.0654589586623799 0.0376452776664129
0.0916888686180312 0.389336186953536 0.00985104538597032 0.120547868475789
0.269328332527654 0.322819314091088 0.103032737712471 0.153336503638855
0.294764520729036 0.272563092905321 0.165495464488253 0.121617541793363
0.250218867220123 0.316055655030798 0.152595366982928 0.138389790057232
0.0485697792283356 0.403203680907177 0.13007971716695 0.180128888848574
-0.17949648220747 0.377168131676398 0.0495863222671031 0.231128312971673
-0.47122893500414 0.247431280836956 -0.0901956795799392 0.181910426741773
-0.514005721691225 -0.154342467258499 -0.155048565274411 0.00739600361105155
-0.236805289158653 -0.503030028634778 -0.0898989242280224 -0.0451889075416808
-0.0011039977545855 -0.65995419235229 -0.0463746210116043 0.128044908498542
-0.115735865046311 -0.503785473512763 -0.114076866670318 0.503762114957061
-0.341315064309474 -0.361385718192249 0.159073372365592 0.363140841646479
-0.478379696210517 -0.0443659976889271 0.187130555578667 -0.0152604130649902
-0.339615994004612 0.286043838198572 0.0219076887745717 -0.0507084344372695
-0.0821045480574366 0.330566901731017 -0.0721983400920317 0.128625838260261
0.0616284462925851 0.293912679396 0.0490773607470646 0.239986899130524
0.192557371462144 0.254290171185559 0.182465789618206 0.256319654542485
0.206116423488737 0.213010858702838 0.246830592394485 0.214853166894169
0.164955673637305 0.242602136346687 0.218991188133195 0.234760365679456
0.00824602075479807 0.289229422783242 0.146192949655191 0.275097372904367
-0.148442056463229 0.24139122495005 0.0182188262857619 0.289845601568706
-0.313311639020317 0.136527686322879 -0.105464853534075 0.190684059799654
-0.329617903148384 -0.111629428545668 -0.129685958696678 0.0362650216450766
-0.159341229726406 -0.344173198246416 -0.0367404767617042 0.0455551218038305
-0.0218375552835564 -0.494446428507999 -0.0596379818219206 0.315580175137625
-0.112109222216406 -0.285957128097314 -0.148005290877316 0.659613437669707
-0.222788189793667 -0.180426677453347 0.182178967935178 0.474067298929534
-0.257876003317235 -0.000568503747403606 0.184658244811701 0.052834650347395
-0.150881079362033 0.152992545219583 0.015571812571694 0.00248719954571544
-0.0380450181705074 0.153759629378246 -0.0668118378817798 0.184578523302441
0.0172288221563725 0.145961235272233 0.0757642078779218 0.316232252089181
0.0816712697409976 0.144108945623557 0.231398690062871 0.319331829295934
0.0871166419489594 0.121857701897259 0.291360035668898 0.276311638779846
0.0582961554033486 0.138733131988069 0.250756356145609 0.293289169541724
-0.0268699951888454 0.144162029278491 0.135735776435904 0.324130064571556
-0.0970918348112071 0.0916623968331264 -0.0169368040719386 0.302595957332613
-0.130245411382681 0.0299119047666987 -0.113447994900044 0.168938814826843
-0.129264801232992 -0.0511971372900235 -0.103700718690434 0.0476322840492561
-0.0806048291905131 -0.154325546092538 0.0097955669556292 0.0973100689536417
-0.0449676132350632 -0.270566327823781 -0.0493282698453118 0.432229878844739
0.06464060203266 -0.0168098046256861 -0.0247849646929791 -0.470923697604088
0.0177626106815383 -0.0516352879506471 -0.102066912026381 -0.179182846337145
-0.0457928820288419 -0.0285463669987314 0.067746101025222 -0.0237761943913106
-0.0553972705654995 0.0460038180959535 0.112756892646488 -0.108639018108357
0.0125203680645146 0.0530425343956668 0.0677009552161776 -0.2502561612778
0.0447225572190196 0.0216640713641473 -0.0862656902115291 -0.330737793436218
0.0536350031631129 -0.00927695023248738 -0.227106178871627 -0.306009001744026
0.0434551154926648 -0.00916422807182384 -0.274304541851127 -0.286176365709309
0.0379626419484931 -0.0113817363313851 -0.243122563518893 -0.30877772042447
0.0265756308705213 0.003325258379807 -0.106451220425979 -0.305198158249611
0.00960964841210301 0.0235120531358244 0.0282555477726321 -0.213364784568429
-0.0347026117223239 0.00245612204331838 -0.0213067473607609 -0.0738527763980024
0.00997067119754299 -0.0507549631669913 -0.141032983511477 -0.133133390246489
0.0844110006018569 0.0023632449910923 -0.123638394913423 -0.43369959479028
0.0697579847518592 0.0736028454439631 0.224561992607531 -0.689383622906362
0.0544939271493542 -0.232691511125467 -0.0133131472045261 -0.439411070978979
-0.0594964203205279 -0.208258526892134 -0.0952154443060562 -0.176236886758925
-0.203012882557279 -0.0830478759927297 0.0661360529501966 -0.0500880153246507
-0.207384553316026 0.12118157296289 0.101965218414711 -0.113231839266909
-0.0473814654528582 0.183244230969708 0.0518706161085754 -0.225570108292784
0.0623590843252539 0.155817767373666 -0.0794359199506492 -0.297748302952813
0.147316726221261 0.110465930020481 -0.198867433393071 -0.271993505813725
0.160437170917224 0.0974943002600023 -0.231163767037453 -0.260311777251489
0.149636910062514 0.118344677290399 -0.205978025653308 -0.281243044987121
0.0593880180259588 0.176064046667888 -0.0724712394352063 -0.277782838874041
-0.0538790169777308 0.19121822145922 0.0471064657556541 -0.17872827885527
-0.234148033540876 0.118041918768031 -0.0282520432944847 -0.0486835634966441
-0.219022098091446 -0.111627949701701 -0.15676187510009 -0.148669130636089
-0.0276817522093207 -0.21997467762863 -0.147569638633622 -0.437504973839302
0.0746184382736455 -0.209529324452369 0.174796659225466 -0.661059142559955
0.0303621303767152 -0.424003488298827 -0.0213699997916629 -0.340069862544205
-0.152804005303857 -0.347247508245616 -0.0748568407083798 -0.135513552002256
-0.357005917871778 -0.119213030042711 0.0805226246860224 -0.0762134488950183
-0.340892238225393 0.200276292297718 0.0926199672714602 -0.127472422170347
-0.096570565638401 0.301738895909057 0.024086610950951 -0.192221513579451
0.0769796334078313 0.273835081416474 -0.071860831927236 -0.234630897253664
0.22311140985612 0.216183950125053 -0.146755764311806 -0.199531767729304
0.253978404885945 0.190123513172866 -0.152855103395572 -0.195903303595856
0.23663701581349 0.230961320770938 -0.135389101834731 -0.208793135886755
0.080785545419479 0.323535608347066 -0.0235211672375085 -0.199464819330187
-0.114723158850514 0.333280317952251 0.0601104151199234 -0.101791926063985
-0.407005038389886 0.218577725610835 -0.0422498176125694 0.00010549924317128
-0.421363713438593 -0.157146331122728 -0.172823719558319 -0.136762469634224
-0.136756418052265 -0.413741389657329 -0.165645053327225 -0.38901617124502
0.068324569723943 -0.459531825961185 0.111148810112483 -0.538691794310096
-0.00564709930367695 -0.56896065044099 -0.0412243463079545 -0.177835155583531
-0.256699215054302 -0.450895823880991 -0.0344125549807522 -0.0522596859745269
-0.501688288687099 -0.127088316806747 0.10948312054972 -0.0955922719237161
-0.443520665209204 0.288701750332364 0.0798584173679998 -0.142151051666045
-0.126483220097133 0.402281253245188 -0.0110021858381242 -0.139839331949267
0.0896572101802259 0.362989801675614 -0.0573309489639733 -0.138459322229683
0.272222757843034 0.291694311403034 -0.0745724579938434 -0.0964291041235436
0.30907465421867 0.252015956198048 -0.0514112119667354 -0.100998778489799
0.283794914669858 0.30529052887328 -0.0422946464864258 -0.102723286465822
0.0851511535123222 0.417101428674428 0.0326535165800896 -0.0833540042800174
-0.160231141555724 0.42329907619523 0.066224601573737 0.00574688454259894
-0.517325562877955 0.287572729424553 -0.0588406446726566 0.0665390663534853
-0.559778050622675 -0.180619043615864 -0.178936630338271 -0.0970861881977107
-0.220251884480882 -0.538220463645378 -0.161811340050824 -0.290460596117754
0.0530872913246289 -0.628656924345584 0.0477428299563786 -0.339832341645273
-0.0488230782606598 -0.637927071725338 -0.066030987442109 0.0343276199779047
-0.344163849595082 -0.497607108628513 0.0274972114482652 0.0700305664498278
-0.594176149076487 -0.107989799007673 0.144112565642977 -0.0965196526185932
-0.489257325450045 0.351531639103762 0.0617883162311431 -0.137519926048452
-0.128987098220894 0.454792989161661 -0.0430452179273497 -0.0613710831124426
0.0948211884064467 0.402094092181952 -0.0311400893337847 -0.0153305759912399
0.28409186082985 0.326701868036542 0.0115733413018992 0.0253669290806641
0.317910655013112 0.276758714896187 0.057426733510471 0.00917214999565344
0.28371975546243 0.328129161129111 0.0576905933016664 0.0193089566454411
0.0722439261321625 0.439733675146887 0.0864832859462639 0.0506403690400689
-0.180801602137754 0.435349892857205 0.0628071637585308 0.123297909740715
-0.533627924494045 0.296687586885576 -0.0753312920874138 0.13206006488989
-0.586332078476927 -0.176260788044604 -0.170943702276311 -0.0435418127853127
-0.249056935811521 -0.561486933632477 -0.135437728850699 -0.165322155153952
0.0331635980027408 -0.686566816003414 -0.00598066995736728 -0.104326795924559
-0.0843522000189185 -0.610649754583242 -0.0916675283869549 0.265634045301035
-0.371407772735604 -0.464562440401671 0.0952972710631714 0.213047452783027
-0.585328561233196 -0.0800060593308 0.169340459257988 -0.0691264581813611
-0.450170569553003 0.352188582243254 0.0393139122117525 -0.105443213263804
-0.11357283666785 0.428495713435175 -0.0637493688314354 0.0333175510719679
0.0845303859546686 0.376265640185747 0.00526251417030723 0.116354938813537
0.254596118272303 0.310265734223977 0.0986305074948522 0.145933883968231
0.278544975056814 0.260442881821831 0.15832396164666 0.117105827347673
0.237339745014025 0.302235396274173 0.145904828504418 0.135326830767678
0.0421844221861751 0.386842816624458 0.124487011924449 0.173530409030892
-0.174975805145472 0.361429600183288 0.0467754113303654 0.220867007400837
-0.451292399798632 0.231926743068974 -0.0907898529680123 0.176256698329712
-0.489801014942487 -0.15091646801122 -0.150847060475614 0.00415467274684602
-0.21800616652791 -0.483994270321714 -0.0898626885304307 -0.0447404486524032
0.0100327518466383 -0.626758845356891 -0.0423074519381986 0.123268273090103
-0.102469980506665 -0.483904233453491 -0.120821911043946 0.477333437123701
-0.320545132364933 -0.352470190128676 0.144080345624538 0.349800106721706
-0.45893816058258 -0.0445266587887085 0.178209450807076 -0.0150932546542654
-0.326952921480237 0.27339375478035 0.0214706396534346 -0.0526162096946151
-0.0816034922140634 0.316447998357777 -0.070589402411783 0.120020194909776
0.0560246770911998 0.284082017272001 0.042057014298864 0.230210573509053
0.181484096220249 0.244988584413728 0.172023268401238 0.245513094289529
0.194854605499603 0.203448107937948 0.234694067540518 0.208917490974218
0.155739160599292 0.231695416959239 0.207890468304693 0.228463708226351
0.00548196063104416 0.276632935956289 0.138382810152572 0.264902669412345
-0.144200087122605 0.231248959452233 0.0170480789847596 0.276873485094678
-0.298305570690275 0.127128793636306 -0.103427410007127 0.183615644947676
-0.313055338425745 -0.10773584272891 -0.125851349816242 0.0329287404419362
-0.146542533665105 -0.330839330170883 -0.0399163405795753 0.0434511888150341
-0.0139886381010861 -0.470408789534175 -0.0574252429861045 0.303276720616017
-0.101539421918888 -0.276979400278379 -0.15485455851715 0.628588773295115
-0.210262522093552 -0.177081051415357 0.165371636514459 0.45768721415447
-0.248469570014568 -0.00100471512272776 0.176397575816956 0.0518387690764199
-0.144680957371255 0.146695002955623 0.015104947473689 -0.00110128387497359
-0.0371765048976783 0.146206991052019 -0.0662814190349761 0.174215470359577
0.0146940091577369 0.140954224884896 0.0673874344836413 0.303610178582083
0.0771984095201517 0.138673950546799 0.218256197912879 0.307434756986909
0.0821881536440373 0.116099401244469 0.276773208920557 0.269125703325984
0.0552728871801685 0.13165221537444 0.237366921975308 0.284263752550827
-0.0261207935788444 0.136478814401872 0.127737293117404 0.311631110127807
-0.0924874223989183 0.0872260865810432 -0.0177547740243614 0.28771236463433
-0.122591683477164 0.0272480135030331 -0.109640099190353 0.161448837180829
-0.121777830126721 -0.0480807800159907 -0.100814188723254 0.0450922113181747
-0.0756395518706658 -0.146924054672142 0.00480656478653791 0.0940578850028597
-0.0401755762816628 -0.256989029492986 -0.0497832860833865 0.414525119103884
0.0648501951486278 -0.0134406195837311 -0.00836550114987382 -0.470126658678078
0.0199993047510639 -0.051685390050553 -0.0928162886987709 -0.18157449521265
-0.0458697799367964 -0.0320656191129038 0.0684642634551808 -0.0254705848159412
-0.0574583885290072 0.0447109967955865 0.112474481437324 -0.105943069261493
0.0101544264781846 0.0558737786322984 0.0716734982912645 -0.245289270647276
0.0435867211684601 0.0234004574768713 -0.0765071411445329 -0.329634139248535
0.0528468753534996 -0.00796204250522657 -0.215839613642384 -0.308871060011794
0.044174220334348 -0.00660521174665472 -0.264961708290504 -0.293136802973109
0.03684615590245 -0.00930733826345124 -0.231464936498698 -0.31380588279627
0.025147230274868 0.00519988887792176 -0.0949778903160464 -0.305922271808292
0.00819763782789511 0.0232839346937808 0.0349482310455627 -0.209246365246706
-0.0351790172134557 0.00109099339077054 -0.0200015043834592 -0.0717332427064454
0.0108178801931342 -0.0515895780729457 -0.137492097550175 -0.134681824781604
0.0857754783817235 0.00458002661900927 -0.109878637896478 -0.437248230240542
0.0685433578279695 0.0761314271704916 0.244749996057081 -0.679951781631643
0.0615260429938452 -0.22642469370968 -0.000230138197612147 -0.439554994547726
-0.0506906766216731 -0.208751547989096 -0.0869191644913002 -0.178462738273218
-0.199011514575161 -0.0902131399868585 0.0666395859690146 -0.0509340119669146
-0.209222803848702 0.115167464806256 0.101532906153814 -0.110701952155165
-0.0530446579104096 0.183298399095565 0.0560922072822011 -0.221343674462099
0.0582365044179666 0.157869858242261 -0.0706971330959449 -0.296183018052651
0.142967840701809 0.113815264256782 -0.187527159642061 -0.275564211960543
0.156812640396593 0.101280186266785 -0.223027062144518 -0.267067932619592
0.144392633386191 0.122425254396017 -0.194712859706917 -0.28547370649811
0.0528165214384297 0.17823876716626 -0.0621077533031877 -0.278161630153678
-0.059973956690136 0.188284813063795 0.0525024238477898 -0.174342922291387
-0.236724288678383 0.11092770719362 -0.0283080723253293 -0.0460718804695408
-0.214992566290488 -0.118123407184142 -0.153354660531769 -0.15221153295447
-0.0184264195253121 -0.219703512345641 -0.134431413534458 -0.439933614438759
0.082968765514314 -0.203250608407329 0.195781380124708 -0.652603043011404
0.0446562439814066 -0.416214069681708 -0.012317819752792 -0.342913376338583
-0.137079286319165 -0.350042569381445 -0.0700139081690933 -0.137752848433543
-0.351154802951564 -0.130577216942208 0.0809475467714192 -0.076069083395051
-0.344416395188026 0.190833994066971 0.0932768137059526 -0.126108960623515
-0.104457863645093 0.299383820603212 0.0281239631082945 -0.188969087218791
0.0691001389841652 0.275969853295454 -0.0658045647190929 -0.232073236014707
0.2149492617459 0.220376475492031 -0.137950356308994 -0.203291928781496
0.246908266448145 0.194387334577946 -0.146781297949756 -0.200639241690559
0.227760532189132 0.235656235531843 -0.126114631021806 -0.210964637431355
0.0699885929716332 0.324875930585021 -0.0154693493259122 -0.199830131163125
-0.122681633136995 0.328550736482794 0.0629731488948996 -0.0984611441541857
-0.410518773890623 0.206845246927511 -0.044124163601797 0.00333024839376822
-0.414706417802782 -0.168900062089818 -0.17059179485615 -0.141631497323223
-0.11973201211285 -0.415316744205333 -0.155318043691591 -0.39436741934031
0.0865272263701902 -0.451651192145526 0.129183630034103 -0.532608124988569
0.0125820159077793 -0.561757217080431 -0.0384763061258309 -0.183925255500635
-0.237487732289947 -0.45655860379072 -0.0331577300034965 -0.0538729015770507
-0.493008194083251 -0.139375246439736 0.10937420780783 -0.0947625967389382
-0.448100941766488 0.274289569043386 0.0818937826141793 -0.14184667420713
-0.135998386705931 0.397858373756495 -0.007518673586127 -0.138786534453174
0.0795794448794904 0.364519809511705 -0.0551067578512435 -0.136442684656704
0.262109338722046 0.29840276082223 -0.0686694244623179 -0.0993133556062602
0.300032206469346 0.257901189535448 -0.0481047516077312 -0.103459732201074
0.272363266141953 0.309333768149573 -0.0361271950617693 -0.102522926403249
0.0724822996890179 0.41925126414026 0.0375246266053531 -0.0825035941961137
-0.170065930852933 0.417167966265863 0.0668813611659393 0.0076350206736153
-0.522152383193438 0.270167287707493 -0.0630249854177484 0.069444452130249
-0.550306565988496 -0.194659993685131 -0.179078735589082 -0.103251981453617
-0.197874514107987 -0.542257953197415 -0.155337825146878 -0.295656416737287
0.0757745552247463 -0.619706099480638 0.0611019774136798 -0.336014702986188
-0.0269948926351444 -0.6323232753392 -0.0708041103026293 0.0261434038450488
-0.32389908826596 -0.505897399691389 0.0235045243059763 0.0697364787557644
-0.586054178756072 -0.123239770826058 0.143646857470305 -0.0944107356432095
-0.495404766793976 0.339662016240105 0.0642338417714323 -0.139188668378558
-0.141230687449078 0.448232733408489 -0.0411219772975089 -0.0635976748545224
0.0839285996484706 0.403676333051648 -0.0326415394143987 -0.0139314306985491
0.27307792199936 0.332696099672476 0.0131043296602342 0.0233801307588073
0.308749055139705 0.281641681943215 0.0575794356470199 0.00909333363089082
0.271565480174633 0.33143502647148 0.0592316685170005 0.0217509989740874
0.0597147244320424 0.440440555451473 0.087121096785588 0.0515964396821256
-0.190279185716486 0.429517509150782 0.0606941364902909 0.124300709034194
-0.538173208235944 0.277511536937207 -0.0798474693242729 0.134618096834422
-0.575076829871119 -0.189076461197156 -0.171856955649055 -0.0497029790907497
-0.227104172616152 -0.566106976369014 -0.133700422955605 -0.168701000491685
0.0562049972015006 -0.676745226901087 0.00119446633480906 -0.103276612004206
-0.0641121644095755 -0.607769253131029 -0.104397534768837 0.256463470697765
-0.353218890778841 -0.475894870763159 0.0851530990548961 0.21474218047417
-0.579212055370276 -0.0931109195302402 0.168908578069527 -0.0664093964075715
-0.454935701202628 0.3394750376524 0.0421197545603098 -0.107727545171048
-0.123303111902046 0.423411498818698 -0.0644618096830307 0.029037477171006
0.0741552606535888 0.377982691362796 -0.000586451949026518 0.116809295857974
0.245431907163154 0.316183065994649 0.0951862493241749 0.14578797241932
0.268677846977603 0.263356516521002 0.154555274323128 0.120016924248975
0.226892331815788 0.30481011067318 0.143799664409182 0.139845377458546
0.0314073026592979 0.385565811479192 0.121952534647722 0.175341811912381
-0.183220408206277 0.355497072295866 0.0422265125688696 0.219814898325174
-0.452964121103002 0.217341000128601 -0.0959796608873856 0.176223563669277
-0.480922091981776 -0.161721124733826 -0.153256992039115 -0.00151813385554152
-0.199342553170334 -0.487124694476057 -0.0927279800113189 -0.0468388337816115
0.0304447548152417 -0.617051822115281 -0.0417858590105527 0.122445228644633
-0.0862871007546543 -0.484125204125151 -0.138907311416809 0.467487907283453
-0.307741000858441 -0.362188882158738 0.130533625604748 0.353437398960708
-0.45528746917101 -0.054728391179182 0.177320665637163 -0.0112274462669128
-0.331560223377917 0.26450382561388 0.023364985488569 -0.0561708028720044
-0.0889958662325099 0.311201012404434 -0.0736585037167847 0.114886782146673
0.0492206607289856 0.284397452450496 0.0328003406043961 0.23063331401883
0.174439403115189 0.247850662767026 0.164451388557498 0.247893084868539
0.188225877121062 0.204877573128059 0.228138117311002 0.214221908580123
0.14778616299858 0.232033012181691 0.201205408851888 0.233804274021457
-0.00178324474532215 0.274457742472121 0.131871252380421 0.2663194460228
-0.147404623670823 0.226697453137102 0.0112667412578283 0.274127347338555
-0.298164631655605 0.117912228940948 -0.107430091708204 0.182602213515886
-0.306276792145715 -0.112587348239169 -0.127571021915369 0.0289342357788328
-0.134941971693942 -0.330701869352186 -0.0452530454774344 0.0422634727707873
0.00163819239062169 -0.462247742332052 -0.0634321185247629 0.301725277170636
-0.091025237373176 -0.27954600487813 -0.177375246288159 0.620253947735598
-0.204784703475255 -0.183667140963234 0.148234065931173 0.46267271824616
-0.24734503317465 -0.00580548149678004 0.174417846945714 0.055249352824645
-0.146782495256145 0.142847156104785 0.0158747968610107 -0.00425595287654467
-0.0407044258849388 0.142409789615661 -0.0710684067320458 0.16792545342103
0.011467336991756 0.141352499174061 0.0568700016603569 0.303181302375288
0.0736278428814918 0.138455824922991 0.20761562713323 0.311277188576215
0.0783449567198896 0.11558195375788 0.268221658562087 0.275026108529834
0.0518118905151513 0.129951648383273 0.227361831185717 0.290028557020431
-0.029049184609243 0.133942910974506 0.119095830838004 0.31267217628205
-0.0925222421103413 0.0846968081275443 -0.0237870422549572 0.283810461640486
-0.12020769760858 0.0235773305566132 -0.112343729805778 0.158170992522881
-0.118176978835024 -0.0481254829669189 -0.102061929872999 0.0426716921307022
-0.0717200317035184 -0.146489078735696 -0.00150512069702824 0.0941848400366262
-0.0328553226947035 -0.254568808247843 -0.0592275889291172 0.41223153989079
0.0676221563963595 -0.0106074412435042 0.000999305925196309 -0.487936119775256
0.0235723049642969 -0.0526822204680184 -0.088589682651052 -0.19117011551777
-0.0480664218949612 -0.0362379310346324 0.0713349413520649 -0.02856301600136
-0.0613272516580308 0.0454933310054677 0.1143976796158 -0.108135144068564
0.0095538497359162 0.0600434431050599 0.0753175824616506 -0.250004084172614
0.0445086288260467 0.026132362514174 -0.0731126197316945 -0.339741858938013
0.0536547457525857 -0.00673276670840182 -0.215042067430191 -0.322719521007606
0.0459282880567079 -0.00538210271823825 -0.270007796888501 -0.308045117463658
0.0378813124779463 -0.00748899767950936 -0.233122205638857 -0.327746473154902
0.0246835842223282 0.00716909543510425 -0.0907178362313718 -0.317148986035444
0.00596869389703016 0.0236878970237761 0.0404942840609761 -0.212198737127624
-0.0371659247191213 0.000200552457946309 -0.0200576051453741 -0.070455336320122
0.0112316975621228 -0.0549866442269781 -0.140108790889592 -0.138619780745458
0.0903875044214912 0.00591167069839341 -0.105104250752598 -0.454477825504638
0.0710178727325212 0.0805072650117135 0.264789747569519 -0.698057961762199
0.0686898367628961 -0.22914891735014 0.00778571351534518 -0.457885983473636
-0.0455578849780813 -0.217456681138795 -0.0837656714091351 -0.187879249655014
-0.203446198312439 -0.097598351978452 0.0688902036167568 -0.0548194745191415
-0.218558884225709 0.116157438854982 0.103908647791242 -0.114313696882773
-0.0573644448665428 0.190868482237223 0.0600373036794374 -0.225516578178594
0.0581161897555904 0.165155201185882 -0.0680070251564401 -0.304463745345142
0.14440934582444 0.120495805281278 -0.187397800972092 -0.287993770563582
0.160364200649608 0.107197353295342 -0.225791204605146 -0.280879839495279
0.145954879949313 0.129924594137726 -0.194014103641395 -0.298377005944643
0.0502021663650008 0.186320055114483 -0.0567964016867332 -0.2885273678787
-0.0658321884718978 0.193256217297476 0.0583051651618347 -0.176197286359917
-0.247072568058677 0.109886164846794 -0.0302596376519818 -0.0434997343740782
-0.220456995393232 -0.126754581542509 -0.157759616161283 -0.158823966957769
-0.0118434815055087 -0.228774621897444 -0.129851093581311 -0.458715440697818
0.0916722629544524 -0.205637901082163 0.217095170545561 -0.670743420337164
0.0556739515690774 -0.425009820371809 -0.0087292585155733 -0.358660713125799
-0.131056315576451 -0.363902498265455 -0.0682099120225572 -0.144451920432548
-0.358432386128254 -0.141042162341651 0.0826369015995146 -0.0803934198830722
-0.357555154373841 0.192816012583782 0.0954596034073451 -0.130886920432383
-0.113084639197627 0.309015393924956 0.0315970101309053 -0.193969732812903
0.0680782396779435 0.287219927773768 -0.0641040005064594 -0.238051324112934
0.217387559500806 0.231950322647951 -0.135720554944293 -0.212798376591256
0.251809452244186 0.2036354253459 -0.147843868022816 -0.211262573208538
0.229647921962818 0.246833750866832 -0.123873101800673 -0.220042853104469
0.0662514870036699 0.338871287403538 -0.0100114267847483 -0.20726956969766
-0.132187218360562 0.337438134307931 0.0682670826928361 -0.0988420216370123
-0.428387687511109 0.204909663407805 -0.0476308468647091 0.00789048222532477
-0.425576563583682 -0.181172401861517 -0.177765482795602 -0.149693870304603
-0.11248677641993 -0.433941062147901 -0.154751366627654 -0.410638993523482
0.100914591364429 -0.461572631529886 0.145791479452454 -0.547597166826807
0.0261470935276349 -0.573890610280591 -0.0402340171060171 -0.195046353257699
-0.23365173304636 -0.476389298848105 -0.0336042769758968 -0.0568966190060902
-0.504305630900271 -0.152237277628716 0.113074356919812 -0.0979929704856422
-0.464360607477251 0.278306549404235 0.0849651141729619 -0.148057016820487
-0.14701741610602 0.409674421835149 -0.00580588032909992 -0.143557785242623
0.0764795529318136 0.379247206492569 -0.0550301246192417 -0.138319232018824
0.264786675147072 0.310865445346121 -0.0667035363193871 -0.104719146937966
0.305038562113704 0.268018203081694 -0.0476702098042544 -0.109377261208272
0.274266183445986 0.324024735664562 -0.0323238410806902 -0.106349769066384
0.0658103203883399 0.43471916262617 0.0425035449174553 -0.0850040879277422
-0.181670982002493 0.429049693274226 0.0701967300388584 0.00999980565202669
-0.543450126188222 0.269230811173095 -0.0678199923010066 0.0759517388888196
-0.56329585336134 -0.208760415774738 -0.188040765352481 -0.111066534122227
-0.189523503599026 -0.564422384074403 -0.158712959219146 -0.309976568968232
0.0939090882935009 -0.632728203019662 0.0728232325521698 -0.345753246338463
-0.0129893384082661 -0.649278265027544 -0.0782514433240867 0.0213373598810381
-0.321036521678809 -0.530356047113996 0.0213305240099816 0.0728417498800015
-0.601346466928616 -0.137812042944731 0.148299873996906 -0.0968555653488419
-0.515043877844338 0.341660712307901 0.0676866008042989 -0.147081379801299
-0.153350580846395 0.46335930779307 -0.0419786512180571 -0.0675718265679827
0.0812374934016842 0.419715948191553 -0.0348772201047355 -0.0122519070881588
0.276402676743128 0.34776833220648 0.0151749687354672 0.0228934098458984
0.312010793893743 0.293115828190227 0.0597180729895515 0.00905166871548303
0.273246760543851 0.347253666816331 0.0643565034894609 0.0239096747915347
0.0526490209945883 0.455497259811799 0.0916173496477289 0.0541920099340257
-0.202555712794881 0.440668868901319 0.0626154901884277 0.12931022846295
-0.558767104815515 0.277073644797835 -0.0867915749693479 0.142492628651894
-0.591446963069265 -0.203255861502967 -0.181666644766799 -0.0560432117225373
-0.218103347404312 -0.590126351243396 -0.139653548794207 -0.176220322024563
0.0738363602125708 -0.692201531557208 0.00674250630878705 -0.106329899368744
-0.052472367197751 -0.62635719511422 -0.117141533252274 0.259311073885544
-0.354371706070039 -0.499075890422938 0.0822636534729847 0.224890977758786
-0.594308672010442 -0.104885718927614 0.174610633443193 -0.0675116446983077
-0.474918887219625 0.345360213851986 0.0450697341107069 -0.116300767157137
-0.135210223579602 0.434549476044458 -0.0674950873327135 0.0262866056263602
0.0723653442075928 0.393114543688835 -0.00425244632230709 0.122781126298029
0.247298426613467 0.328770967536299 0.0974095087572035 0.150797969904261
0.272047011264582 0.273167917373017 0.158615034403158 0.125693336201335
0.226870261008744 0.316162195994953 0.148304538140952 0.14808693346622
0.0257990169977548 0.398564709462118 0.124756255114707 0.182281880050387
-0.192903180950493 0.364966862875459 0.0423212162729812 0.227365391842974
-0.468446775315485 0.215903495574837 -0.102239689750442 0.184976493745316
-0.49128678510852 -0.171259149431899 -0.161979115834199 -0.0055612832487005
-0.191470044394844 -0.505845204316375 -0.0999578300304205 -0.050336652501937
0.0451309963496852 -0.63156477619312 -0.0421288785773932 0.126543647545678
-0.0772435809172225 -0.501009415958933 -0.157367098284941 0.478207682797221
-0.309624372182869 -0.38244947992235 0.126539457242253 0.370163819005355
-0.469062354100241 -0.0620170759788009 0.183213160496145 -0.0105339866859477
-0.346227962303463 0.269126797437754 0.0252624005052504 -0.0630545777456971
-0.0971031982767532 0.319095304208514 -0.0784742065360074 0.11339766045041
0.0470642520998455 0.296106887892448 0.027651573567181 0.238994163094516
0.176102570317485 0.257594980942744 0.166508477620569 0.257207305929243
0.189773150722598 0.211351124003406 0.232644192610298 0.224326861395549
0.148396706896206 0.24017942906982 0.205183039574998 0.245617393787628
-0.00666646605417254 0.282429810877358 0.133687021085787 0.276205117813142
-0.154180361336067 0.231439230085843 0.00810787849008777 0.281896909563315
-0.307297134440134 0.116865137820934 -0.113385998035901 0.188536293232561
-0.311460961557509 -0.116948271653507 -0.135418976160313 0.026936518237032
-0.130063366982735 -0.342330677126499 -0.0519999637721607 0.0433973498380279
0.0108849653343208 -0.473981995123072 -0.0678253719004754 0.311320972950407
-0.0876827636678164 -0.292157802032675 -0.198544185157621 0.637398664129963
-0.208471013976913 -0.195902691771927 0.142781318193183 0.483105451559789
-0.256413706127407 -0.00788975950978602 0.18005110541405 0.05923466130982
-0.152378557940221 0.14587257582431 0.0166982256123788 -0.00925558261061176
-0.0444156725198751 0.145382241771428 -0.0764435773722338 0.168466278536292
0.00982121025354612 0.146609310223511 0.0507747666220235 0.313946311208725
0.0736611721505583 0.143642298226181 0.20847536762933 0.324441849710626
0.0782669268572931 0.118248101151252 0.273481858280731 0.288770106718824
0.0513199844136727 0.133116577660207 0.230036430216109 0.304327521347141
-0.0321970111405127 0.135877071096267 0.118907907542908 0.323805565579407
-0.0950549047393085 0.0858588237061802 -0.0274338042665822 0.290714457243043
-0.122096704037456 0.0224764077404348 -0.11619798563732 0.162895413555919
-0.118733732386052 -0.0484893937323058 -0.107089543617653 0.0431936715926978
-0.07095962271483 -0.149349682500648 -0.0072612030777847 0.0978724627122296
-0.0294216188149955 -0.260891560615848 -0.0663352914954882 0.426019055458015
0.0722141849309755 -0.0112757577945197 -0.00830792998046219 -0.515882019233354
0.0259995186114901 -0.0568337999865807 -0.0940444836910955 -0.202264532812087
-0.0527416012826662 -0.0393624253401278 0.0742507806348887 -0.0355248856601738
-0.0646503615006748 0.0496577744019463 0.114538123857167 -0.116051728997808
0.0117561786832819 0.0652551063784869 0.0723333617843659 -0.263411021819579
0.0479178375945895 0.0275257258540023 -0.0837528191892947 -0.35591232564029
0.0560731640988017 -0.00678425338070162 -0.232517673941701 -0.3350327594239
0.0493569027877401 -0.00602743522567693 -0.291625328072007 -0.319759722787078
0.0399156196006122 -0.00694578390498092 -0.250615929039019 -0.3416367976272
0.0252780901903959 0.00894239721409038 -0.100238271508378 -0.332711825531579
0.00607463272467106 0.0246546873828944 0.0397989535790823 -0.22163404765121
-0.0405077787440738 0.000145264666599299 -0.0233519850372288 -0.0698864895816719
0.00936155224752744 -0.0594034214374681 -0.150103588058748 -0.141142558285303
0.0970955680252456 0.00386732165508932 -0.118645140988389 -0.476581159482568
0.0780354326732075 0.0842688308330763 0.266071986747191 -0.741004665941648
0.0704242960383408 -0.239034018820983 -0.00125594414098343 -0.483904156136211
-0.0487115713484851 -0.228440144907796 -0.0897644312338201 -0.197771551651524
-0.21693119928931 -0.100083123651386 0.0705843175037639 -0.0618856612935876
-0.227790365899961 0.127575979927019 0.103489303938931 -0.122715113343919
-0.0558789243758815 0.204650764285901 0.0570692622358733 -0.236976654998733
0.0652358447751491 0.173657186308802 -0.0769620203907253 -0.317102468221236
0.153923082643063 0.125214151406183 -0.200538775509592 -0.299421278422381
0.17125029373219 0.108574435241649 -0.244792362790477 -0.292940238511418
0.156086128918861 0.134632141745908 -0.208397208668795 -0.31052219962549
0.0564931800962363 0.197514411103698 -0.0630374933802213 -0.303421202036527
-0.0668993939384562 0.205005123160751 0.0594696909570653 -0.184532451323686
-0.259601425948823 0.120041797411861 -0.0335035573014066 -0.0399027887921113
-0.235039189543671 -0.128786245648705 -0.171993255124322 -0.163635766111099
-0.0136456238312364 -0.242687798742088 -0.146767860012343 -0.48139252542654
0.0952475698747787 -0.216999140263973 0.216791568086266 -0.712334021059163
0.0525186503242202 -0.444001504718025 -0.0193676568868122 -0.381203683803678
-0.140773020766614 -0.380581795091432 -0.0739772695108771 -0.151491441648701
-0.377929410001801 -0.140486298408776 0.0841338745205172 -0.0883994160514156
-0.372474150067296 0.211786944549867 0.0946672847181208 -0.142091780598088
-0.111873651673925 0.330346085535068 0.0282048510010102 -0.203513958415841
0.0785189002189487 0.302187123261803 -0.0721515751017818 -0.246081051957775
0.233479616209703 0.23983768821549 -0.144965331007306 -0.22312833810393
0.269399498558811 0.207318943651467 -0.160697186705644 -0.221344101905625
0.246517164003738 0.256038343614615 -0.131392384628438 -0.230072543135064
0.0757682916435995 0.356911247047295 -0.0124388930865291 -0.218786490831533
-0.133955379219142 0.358920364843871 0.0723597145393537 -0.103340164731008
-0.447625367063109 0.225941803707605 -0.0501943211620599 0.0157110184487058
-0.45121335955938 -0.181434735497717 -0.194654163347631 -0.154079157897365
-0.121753353971477 -0.456342089335758 -0.17279520405304 -0.4301851146332
0.100200214550118 -0.485099409631055 0.146726297633077 -0.581451645096034
0.019113206228203 -0.600602353123619 -0.0507312851653196 -0.208143968504788
-0.251119383430764 -0.498455706230757 -0.0365736599803859 -0.0592401128650295
-0.532269045477091 -0.149516020368598 0.114990690295132 -0.108354281283601
-0.484361554663281 0.303690016908748 0.0839099604263165 -0.161514647630094
-0.145423798533977 0.435571993575659 -0.00987657561641418 -0.151429041354919
0.0908725071890644 0.398299168494212 -0.0611392237030523 -0.14180535013096
0.284850309206716 0.320848129605384 -0.0691806963098626 -0.110729787121338
0.326259691278425 0.273383711043705 -0.0524824793074717 -0.115594357927134
0.294468085078247 0.335081714513152 -0.032952862271414 -0.111479672010797
0.0784610344206608 0.459347828410025 0.0456247695517258 -0.0918357881921121
-0.183421697190143 0.456771222557896 0.0770922220496434 0.0106164107889774
-0.568117686247235 0.29622998765626 -0.0704193374583463 0.0880122251392162
-0.598000250489844 -0.206457825926058 -0.206087334834343 -0.113687650558384
-0.205863002744674 -0.593096176135303 -0.176219117674932 -0.32290411874307
0.0894578424991511 -0.665826695703026 0.0727983490122846 -0.365962065598259
-0.0239228714938439 -0.679123123060326 -0.0865859212650609 0.0214808883406135
-0.346850483674518 -0.553514953106377 0.0234940734864079 0.0772157503502564
-0.634541492781352 -0.130755113021836 0.153129979948108 -0.107665512876215
-0.533612770163796 0.374642727962582 0.0658932539160685 -0.161453495294823
-0.150187154662941 0.490627606891821 -0.0463510181532881 -0.0723143028615831
0.0965390855895683 0.44018163043254 -0.0381645181959432 -0.00974281394097185
0.297728941207912 0.359013586218719 0.0188674200560992 0.0222000838637924
0.334749307044085 0.298928756339155 0.0634346346773643 0.00704129460606632
0.293819285856864 0.357624510144154 0.0720841784772636 0.0242268711917131
0.0641865136822203 0.480541995827181 0.100327190800868 0.0545214065347053
-0.204385053543439 0.469389882478595 0.0706533870324695 0.134884015343076
-0.581459959773972 0.304069140369558 -0.0880538162518755 0.157654628084447
-0.623310922427674 -0.198667503507278 -0.199603371985864 -0.055706133981552
-0.237980732463505 -0.620112082737151 -0.155919175003801 -0.182074351543134
0.0663747730923244 -0.725647746316656 0.00866732223690603 -0.111680343265298
-0.0655014231566162 -0.657227911663007 -0.123504095281374 0.272837292489566
-0.381849133744339 -0.522078221942113 0.0903451343883415 0.237335124729555
-0.628435752853112 -0.0957231643877177 0.182063119210608 -0.0771817358353734
-0.490752194197795 0.37614343769311 0.0431195569602646 -0.129927202119583
-0.132726798561871 0.461373348359786 -0.0711542241992489 0.0260088347022546
0.0872867251230748 0.413091483559552 -0.00362125545806665 0.131423791887717
0.267250548485 0.340131677673806 0.107352565150169 0.155279124739686
0.29216539941281 0.277854979345234 0.169570771610866 0.128037449540105
0.245544432642419 0.325539203824931 0.162464711714441 0.153529782263999
0.0345684218024553 0.419753430975048 0.13705394520478 0.189039440621861
-0.194424749641301 0.387417177482198 0.0507871372961637 0.23782807995126
-0.488141101618386 0.236713059045568 -0.103498767187011 0.201176291028996
-0.516499861454221 -0.167071563618085 -0.176514773729146 -0.00208845179877088
-0.207169099304442 -0.527682341885012 -0.111416419430508 -0.0500700313454556
0.0373110347665939 -0.660951303131151 -0.0380876979851207 0.135161237901485
-0.089218576596156 -0.52598640958689 -0.160906380206685 0.506618862842028
-0.335646634411295 -0.399042642346877 0.139190201075407 0.390067394019018
-0.495550135989818 -0.0542403756490388 0.193930291617734 -0.0168033915692836
-0.356773977056343 0.293314900426523 0.0241469666804681 -0.0732233762196281
-0.0964225275622844 0.337769703692547 -0.0817973634305943 0.11711474397128
0.0570045471646909 0.311224394919888 0.0324345606011858 0.253335617090733
0.191923925643751 0.266367806753954 0.1814012765459 0.267043786343432
0.204014443158219 0.215779970311332 0.250765411408147 0.231160094143999
0.160273165227422 0.247572271482057 0.223528188120817 0.255408641917682
-0.00130441888543114 0.296274494367912 0.147318038076399 0.287502275805611
-0.156275853663474 0.24732080175663 0.0172140494604416 0.295308834936451
-0.318323541984409 0.128879101035034 -0.114709148034317 0.204315940053623
-0.326232312847105 -0.114017919342648 -0.145928405596006 0.031771152562757
-0.141112520157862 -0.355910614758786 -0.0595176093729733 0.0480536657591598
0.00350192491566801 -0.495575762905655 -0.0618478679125606 0.330894649581817
-0.0977870101506994 -0.308018219812683 -0.200954664143768 0.675856801213843
-0.225217749567177 -0.20493269836756 0.159617478773104 0.509138958322054
-0.270505304405235 -0.00138555600364962 0.192380038316672 0.0568724294945094
-0.156758121167132 0.158068345956106 0.0170121034263465 -0.0154048068265682
-0.0446479617865103 0.152867706538391 -0.0788139881214988 0.1754697348093
0.0140511604896467 0.154852698481929 0.0581909835064523 0.330110101498261
0.0816835306373842 0.147908432031088 0.225881611338041 0.337434957024331
0.0846345660565187 0.120667102204642 0.29532029016426 0.298802830771504
0.0569884613966798 0.136549167998932 0.249191563145644 0.316699749242477
-0.0304338094966796 0.142121361693621 0.132859976974492 0.337746705289142
-0.0964094429724589 0.0914793262870119 -0.0214987785779491 0.304431108322477
-0.124943127726521 0.0265117508447189 -0.117014585961711 0.17456145083118
-0.123313415997047 -0.0458807572121203 -0.113942592806647 0.0495142367265633
-0.0764569975665134 -0.153645147491239 -0.0103151471149279 0.103820900495886
-0.036070872250632 -0.271700611770737 -0.0591399015109978 0.451399316404126
0.0671391479519138 -0.00396129378147897 0.078851633566006 -0.525690359387067
0.0350364374717846 -0.0526451248178182 -0.0604363491623515 -0.226482655486322
-0.0474444676051359 -0.0522189298020665 0.0791595868519759 -0.0303763745826072
-0.0764439732141807 0.0357164833635831 0.129184452099314 -0.100437746893925
-0.00393827847787798 0.0671943278400783 0.11488078075773 -0.255736598741777
0.040537348193017 0.0362691226077717 -0.0304191440781124 -0.379947958859715
0.0564776911865066 0.00331360986603495 -0.185134333007246 -0.385262538853036
0.0490196609068754 0.00388678229158738 -0.251398724625824 -0.37895417919327
0.0423349492683903 0.00113649310324733 -0.207582525627663 -0.394407899519822
0.0227340584190974 0.0131391743388838 -0.0511754315605 -0.359556950764103
-6.06531858551879E-05 0.0244976152471175 0.0759823023650764 -0.219842822074137
-0.0432572692081563 -0.00865010234985576 -0.0108207720955009 -0.0722011182135749
0.0203080600153653 -0.0635661820231659 -0.133482637855402 -0.165469829617259
0.102775333521158 0.0143400431742012 -0.0453859315418899 -0.508220091453639
0.0685979905092125 0.0972847815572029 0.405414119702055 -0.722334343329164
0.10889149797142 -0.232068216587369 0.0807428393108318 -0.502800196777411
-0.0098543359203965 -0.237818686143361 -0.0592673782449015 -0.225360136864329
-0.200517545881858 -0.141474331013655 0.0689610846773531 -0.0616888329671286
-0.250600341809853 0.0892255224496609 0.105395646504945 -0.108895656950127
-0.0958582082307175 0.196475421813218 0.0928826875500261 -0.222452502598611
0.0336290993318486 0.188990884439385 -0.0290579325158567 -0.33317176094166
0.134467846307164 0.153025896754546 -0.158369299811594 -0.337332792064276
0.151959885771186 0.144278885719126 -0.207200479467307 -0.344026513328096
0.135871667175912 0.166772864753105 -0.170787160375756 -0.357640734780488
0.0207767420106668 0.21372326042075 -0.0209533609251399 -0.326487771446331
-0.111594331982806 0.197049695225701 0.0940116719570621 -0.184856270082279
-0.29067086380517 0.0789998633299439 -0.01678623686705 -0.0532680171142974
-0.216290936891204 -0.185019665722736 -0.150166447424806 -0.189516784398795
0.0363569360914414 -0.263037933710315 -0.0716221496689736 -0.505844506009418
0.14785557695469 -0.217671214730038 0.339627072376417 -0.688349945082622
0.128787936542432 -0.439322133830215 0.0471445951946818 -0.408093846920684
-0.075378624003557 -0.405785969777298 -0.0534693921728571 -0.180062498999661
-0.354458633880282 -0.209834836132544 0.0770599973859715 -0.0895205389523157
-0.408844986905486 0.150821750556858 0.0886422831163331 -0.129605274686207
-0.17330551572409 0.314578310081391 0.0566666404961358 -0.186153545154745
0.0256307825244729 0.322324761261707 -0.0353399162311885 -0.255840906630801
0.195440955365098 0.283129695306069 -0.113558478788385 -0.244784601709157
0.233455365424638 0.263670655793137 -0.132113651626041 -0.25532921259799
0.206084146711734 0.307096125704599 -0.105889921561787 -0.261259026499634
0.012611667102141 0.383153970189059 0.0158582832725148 -0.233953770254645
-0.211423369132157 0.344072218573569 0.0979368337197948 -0.10558597123449
-0.503709645977476 0.155823912714783 -0.0349029559170113 -0.00867864163448318
-0.429583891745176 -0.284069026472628 -0.171705988877851 -0.181535322663901
-0.0335253296344627 -0.503764363569849 -0.104191860663279 -0.448701641769873
0.204843892367791 -0.498729223801367 0.240478628492166 -0.553369531245164
0.1247742276797 -0.601503024877079 -0.0145124794667297 -0.244633676213381
-0.16464845746555 -0.54306741210638 -0.0334572075863082 -0.0813852596606161
-0.508165917821669 -0.245118967771003 0.10262990605903 -0.105257786892425
-0.535303814848867 0.226756764434325 0.0711618479759122 -0.150130398344951
-0.225232426254455 0.415669274005513 0.0079049955635256 -0.133066289189774
0.022064524597862 0.423231108849681 -0.0403651461377413 -0.143044987101822
0.236143273019212 0.375040798732955 -0.0532007773961374 -0.11296425607523
0.279202278255479 0.342887399847789 -0.036054980483572 -0.128400431288944
0.241857353289366 0.395299150226751 -0.0221299366392521 -0.122764581000934
-0.00248856238193574 0.488526414822797 0.0545654668155339 -0.0956757181623398
-0.281429625506137 0.436106992931575 0.0874821667542533 0.0077658680028037
-0.64195744724932 0.210055020519977 -0.0598589468189149 0.0572391846522388
-0.571998541465133 -0.337856586202113 -0.187678624379112 -0.1406757248106
-0.0948120859140341 -0.660805423277792 -0.125593482047916 -0.330848201197431
0.232028194885296 -0.68803951126559 0.122933385778906 -0.334997008534419
0.0983029300419155 -0.686377218007811 -0.090765545846326 -0.0224760484269038
-0.250077442341185 -0.616781723213002 0.00285510512227147 0.0676194034654773
-0.613022955781134 -0.244468671284087 0.135299466069041 -0.0979956053816679
-0.594791987800232 0.290098943726437 0.048431021847927 -0.151391623505075
-0.23980171530296 0.471488033065678 -0.0411558495731399 -0.055923966074663
0.0230291929955635 0.469209747194953 -0.038349368501769 -0.00229974450923218
0.243618684576842 0.413265050971882 0.0173929787258396 0.0409708515919598
0.283465612071403 0.368915986863411 0.0639826331137044 0.0176663058275777
0.23681093892172 0.419180075707832 0.0660924323688412 0.0342162493110186
-0.0207433932643098 0.508449582529099 0.0892565046141262 0.0634864495038527
-0.305841281294632 0.445735805713387 0.0638300079007313 0.13402149719396
-0.657464563428102 0.216936666262635 -0.087479352912445 0.124343804156225
-0.599308799481785 -0.334555341906666 -0.189423653017951 -0.0793082612947777
-0.12370556475837 -0.690207919624352 -0.125478876404098 -0.181801179087271
0.218765468385476 -0.755220905664065 0.0117615306711551 -0.0784966835972945
0.0574881099351369 -0.667263049613945 -0.171557542592118 0.228630639713444
-0.290753816700849 -0.590966506316179 0.0451900019029802 0.243994150085133
-0.614493418361758 -0.208251037992019 0.16145423184757 -0.0598551671337396
-0.55293331953624 0.298563363917274 0.0231558993945868 -0.12236157295138
-0.215088343904026 0.446505226956009 -0.0822858571547192 0.0390385566707115
0.01803891157365 0.439513180523956 -0.0249936637861045 0.147866428837111
0.215665529318646 0.388774072339205 0.0876203773549923 0.193530750696244
0.24498494853584 0.339215539488297 0.156518624479597 0.160892778987195
0.191620404711614 0.377820325835787 0.141022186337872 0.182431409474714
-0.0393824008191052 0.439284549875845 0.10799856478177 0.209148194516052
-0.279111705987033 0.36560545738291 0.0270946470599137 0.239082390240619
-0.546949336325383 0.164070620942286 -0.115393426198841 0.171096740823719
-0.496984484525219 -0.277439337035785 -0.17615118296923 -0.0220242396876173
-0.111684436249297 -0.58709919760477 -0.103234301022611 -0.0426065109742777
0.174262885976669 -0.68758724562228 -0.0771089731238816 0.165286539342049
0.012058742370574 -0.536933443860621 -0.251145261374073 0.464271955278332
-0.262754523419963 -0.460933928187513 0.0724451787131842 0.413687226415904
-0.487467087811988 -0.142146095920274 0.172487147464371 0.00720465904526848
-0.403941790744714 0.237461772026771 0.00595829125427492 -0.0683783736894191
-0.154836578360552 0.327162572264831 -0.106848543814336 0.123682346622941
0.00733444547828399 0.330437078027638 -0.00737869356469429 0.276368132368885
0.151571492560353 0.301879818161666 0.145636225405228 0.318312847663067
0.168129752219927 0.258363258796269 0.22313263447692 0.280551187297313
0.119012109008719 0.280353925343745 0.190356000025158 0.299704800350367
-0.0531289336484358 0.306051622004906 0.10567151847663 0.314621316402364
-0.210231707689863 0.226475319007804 -0.0185093597905641 0.296780072128369
-0.351733399338502 0.0816888021253677 -0.133829671502659 0.180993447186649
-0.310781295398359 -0.182379972102629 -0.152851587129632 0.0159621313910585
-0.0773040762309832 -0.392491923376441 -0.0680288331405869 0.056925997386372
0.103818652491151 -0.517870022378864 -0.13148959875511 0.355179233277121
-0.0346771987281595 -0.317548032085969 -0.318449852302347 0.638867734189196
-0.185174525312774 -0.246083504527379 0.0774569203791235 0.545444487457392
-0.272020834931961 -0.049137392497397 0.17392551009239 0.08575693157673
-0.180401719974325 0.134432355110589 0.00563224099465284 -0.013029702447087
-0.0699245680378798 0.148128197034123 -0.11208693668734 0.173837816878031
-0.00852506555821823 0.162848904623797 0.00659727641798468 0.354366892299014
0.0597979868270453 0.163895382259856 0.18078199613902 0.393175883592155
0.0655105538516167 0.139199511726094 0.257915264614661 0.357997089818866
0.0334238832370561 0.148365693148423 0.20928514032547 0.367631753407234
-0.0564038703616887 0.141274426828974 0.0839554633159279 0.366368406628877
-0.116969638797841 0.0776371118585512 -0.0621541479480192 0.305454968450107
-0.133767930367843 0.0077524573257457 -0.140360597562731 0.159404138380099
-0.116698524901302 -0.0694300382551483 -0.124177730743146 0.0371880855731976
-0.0503774631033214 -0.168747149230619 -0.0288156883291107 0.112257679760226
0.0159369873551283 -0.288477912875877 -0.142594950072807 0.470381755477935
0.0676526709754686 -0.00818078946591967 0.0356982030383492 -0.530417041728044
0.0333979334418402 -0.0567806343349423 -0.0757754917571204 -0.223136661347152
-0.0520779023692666 -0.0503871176998848 0.076514069436764 -0.0405004671950579
-0.0748880483159819 0.0419958285391849 0.117900213007141 -0.111308070759676
0.0017505021246069 0.0693736356698318 0.0910576874641139 -0.263266420027554
0.0440427552911356 0.0338645719603001 -0.0615924942396653 -0.374917186698235
0.0570292519337772 0.000162000040186652 -0.215227330352306 -0.367542496660207
0.0500528760334661 0.000388247995238457 -0.283551415921538 -0.356212145175932
0.0419641670282236 -0.000859970397708477 -0.238774649624343 -0.3759553769821
0.0234880707728279 0.0127488125696605 -0.0782237979011115 -0.353634852465126
0.000289719300100008 0.0246471569571208 0.0610731681751581 -0.221709817856286
-0.0450495766857863 -0.00594491210241715 -0.0167308152983775 -0.0669205571586574
0.0145588179674714 -0.0656682748581346 -0.146704918551283 -0.15266114302949
0.105761552551846 0.00567663783772065 -0.0855524496393503 -0.505019802167376
0.0776298361646936 0.0919262976632422 0.344588174709505 -0.753432978508243
0.0917418972901356 -0.236964858110784 0.0376175235291806 -0.508764931885099
-0.0242613860828896 -0.237405486914062 -0.0742253380770293 -0.221566947642747
-0.210280766729896 -0.125092956096035 0.063625665339365 -0.0703030197384909
-0.243564811130768 0.109544710009983 0.0930024584108012 -0.117553184365033
-0.0784885839447454 0.205384242257125 0.0734533748011485 -0.227633007380496
0.0498198655503068 0.186381984870068 -0.0562320953493994 -0.328377990304616
0.146479461714059 0.14306408974024 -0.183813700605362 -0.32428566711935
0.163313229610522 0.131045592349017 -0.236246136361629 -0.325520486174502
0.148477861220944 0.156314449340134 -0.197991312034261 -0.342211546952977
0.0379257065073721 0.213558439700148 -0.0455124625611261 -0.324726487489255
-0.0965033525021918 0.206257321935032 0.0812299687341534 -0.18930473055846
-0.284457056371188 0.102434139098886 -0.0213635581107551 -0.0470184050930137
-0.230831282509532 -0.167234995087799 -0.167990743352764 -0.175989929687957
0.0186871949270212 -0.266880923513828 -0.115479505758017 -0.500888603953271
0.131488198486158 -0.226158161890158 0.283573203134899 -0.713982178286402
0.0969591981487657 -0.443432652847699 0.0104902338126297 -0.411683504709157
-0.101920948061739 -0.399468515492094 -0.0650592945355386 -0.176027397480784
-0.368137839540763 -0.179710433756293 0.0688762550485586 -0.0982147461409294
-0.394508442144942 0.185532060661959 0.0734179028618513 -0.138522215861118
-0.14659205887095 0.328907611508059 0.0398572470782694 -0.189721890050374
0.0536951647247594 0.32043957961951 -0.0547363431483466 -0.249580978441453
0.219067629202697 0.26641197911997 -0.130674183091348 -0.236327147533823
0.253953705423333 0.241575805708289 -0.152913183693185 -0.243985284192089
0.230687434717731 0.28933874922568 -0.124499801526381 -0.253124347603251
0.043261959471893 0.383528853553503 -0.00122206001618681 -0.236043211303289
-0.18355981321613 0.360358002492612 0.0916741272611792 -0.112132238360121
-0.490576623947003 0.197192736935874 -0.0359550888818179 0.000272665672060917
-0.447941311900503 -0.2477045599347 -0.191750753130142 -0.165971087357009
-0.0709156070855389 -0.503000705984995 -0.141849776256831 -0.437195361658295
0.166719977313361 -0.509427618026654 0.194431236300719 -0.570149216754091
0.0804584977146964 -0.603381680549951 -0.0385311801042526 -0.244942373110071
-0.20289464824271 -0.52999247766378 -0.0377060603907449 -0.0789663538074567
-0.522748797503965 -0.200604807767149 0.0922134671803641 -0.116855318347155
-0.512709359661168 0.272601680461882 0.0541670606613986 -0.158869795907357
-0.190312113453374 0.43418064569461 -0.00319359598320785 -0.134740409881304
0.059200079685164 0.420321728336654 -0.0514029351458032 -0.1373960814322
0.265379210751471 0.353591004016587 -0.0602821050207658 -0.110078673034603
0.306463485938054 0.314931027275991 -0.0471144449918719 -0.125350740911719
0.273352947087784 0.375044996202063 -0.0288370150256431 -0.122317995457318
0.0375926049937688 0.48910916909951 0.0488150915036631 -0.100639414219189
-0.245242928122357 0.457766835179259 0.0902002611071085 0.000849275253230097
-0.622306082719234 0.261748250125552 -0.0550416155658204 0.0681690910885706
-0.595993635268754 -0.290106831622407 -0.206301134927529 -0.122409223463507
-0.143763569197001 -0.652546384967102 -0.153422517798342 -0.317762508283667
0.176626670990587 -0.699442543559592 0.097951222042274 -0.34318934255092
0.0479723667593143 -0.686452651004714 -0.096491625891293 -0.0163840826162015
-0.295536359150512 -0.595445307435012 0.01067498575517 0.0674084500503161
-0.628550385147214 -0.190756546155383 0.126237590589026 -0.112197460332579
-0.565796191825708 0.340839726850075 0.0316604438218524 -0.159805088794379
-0.200026001344407 0.490009366857919 -0.0472169760931369 -0.0546070389487475
0.0622170853754659 0.465140890262242 -0.038100394703646 0.00266643368221505
0.277621891221772 0.391717565879489 0.0221929035715231 0.0368439719422238
0.312285060911341 0.340343831600816 0.0657639669572305 0.0115227506553704
0.269592570981178 0.396820187507498 0.071997401918793 0.0278982081413197
0.0213208179449111 0.50982341584707 0.095723182302767 0.0554177156256568
-0.26750279598622 0.469388763680725 0.0768521891032559 0.127621883663147
-0.636242218742924 0.270602837594369 -0.0770360777942624 0.137609923476658
-0.620558695184436 -0.281511589604089 -0.202284279296211 -0.061246086030035
-0.173136779459314 -0.679340985682362 -0.14463631279587 -0.169218774954915
0.158086277307455 -0.763766134694908 0.00841897730007453 -0.0784959558138895
0.00698849325876993 -0.666435057151669 -0.156620739127327 0.239507818332994
-0.33498433141167 -0.567625298666923 0.0652475388760959 0.240524599981775
-0.627936608070208 -0.154623363385707 0.155730242065169 -0.0759293823680154
-0.524548033540287 0.346491481793731 0.00894462859067715 -0.12937877066234
-0.176409506717558 0.462077838307299 -0.0809722811402924 0.0417975725962245
0.0571082413415111 0.436362628308971 -0.0134959872140601 0.15080100149887
0.247072995089704 0.368573503976216 0.10465053986242 0.183227051504518
0.271086694607605 0.31430681948459 0.168486348704228 0.146425463698459
0.221395332085008 0.359332527583237 0.159423143878789 0.169581060059295
-0.00438783346674673 0.441944760179365 0.126543796094331 0.199369656762457
-0.247732379794238 0.386829938715381 0.0487563963408131 0.234328371238307
-0.530094427072485 0.208598622383446 -0.0993976635822673 0.185299513354444
-0.512952319974656 -0.234137901829343 -0.183932832535409 -0.00433829994045748
-0.153898654127215 -0.576271432306555 -0.112221250273301 -0.0319521701605688
0.119533767386472 -0.693460655968755 -0.0596105601853336 0.171181947382781
-0.0291181358942949 -0.534592648864711 -0.214493875878798 0.481047393695656
-0.299201479922628 -0.438240113916334 0.106737552463845 0.409042298058694
-0.497051788499869 -0.098345784578781 0.172609703230262 -0.010182410446181
-0.380494335115522 0.272743431884613 -0.00249449588047634 -0.0747088210380828
-0.127871601873049 0.338971283331916 -0.0983836427383744 0.127608782714061
0.0356752609410607 0.328373186168802 0.0131301348415358 0.276354997201575
0.176478160741186 0.286501496854717 0.171919863065235 0.304036747911118
0.188089539694595 0.240472814852421 0.246329636932332 0.261281733242338
0.14180417900505 0.267263775297883 0.216748251559671 0.282228665851159
-0.0291052644709328 0.309093736870677 0.132464454194488 0.303527199800914
-0.18952774815916 0.242135332036985 0.00721730069575921 0.296013353007905
-0.340591260388729 0.109571479205689 -0.116350753978191 0.195128035828793
-0.319950440003225 -0.153858251849097 -0.155212339203447 0.0320485809111003
-0.105034343406286 -0.38347691106169 -0.0686893191922873 0.0642541460061666
0.0617571206069547 -0.520868129810113 -0.0987649109743878 0.365200255074097
-0.0597667836373453 -0.314862262470902 -0.268310725339153 0.663014279271377
-0.20667470589476 -0.231047646996389 0.122191722224556 0.540451873470654
-0.274894556219238 -0.0234948243174315 0.181095929283864 0.0690793354923363
-0.166984483357611 0.150204515283708 0.00333507386899598 -0.0190404890788113
-0.0580351750018658 0.153224199614186 -0.100645371772405 0.17844762290193
0.00506719235111984 0.162522508241951 0.0332024391574442 0.352342119139019
0.0733996463840354 0.156148549800616 0.212212780772539 0.377639903040579
0.0764612595408396 0.130743408049739 0.286495369792128 0.336065937248564
0.0452228197793901 0.142282244195995 0.239852380059634 0.348550594167658
-0.0446232771500049 0.144398594091157 0.115204635767488 0.357387363736375
-0.108219774580261 0.0852937231557678 -0.0362320609982706 0.30747664684855
-0.128971109604719 0.019201449262588 -0.124875085138658 0.171559123874765
-0.118482777778872 -0.0571164822195357 -0.122097401134574 0.0507575606380605
-0.0623314291030259 -0.16170745235405 -0.0246766284872435 0.115654319566132
-0.00673443919172197 -0.285889072607189 -0.102085871079756 0.480354496200375
0.0663069656166121 -0.0107842037877437 0.00251173396098345 -0.512108958090285
0.0317076675451088 -0.0586373457374826 -0.0838962327647099 -0.212958978884784
-0.054318937510997 -0.0474772487765553 0.0709562927382002 -0.0477996873903849
-0.0721497677189759 0.045248424380111 0.10450808341971 -0.114063625561693
0.00680554242617166 0.0680924335945544 0.0704030781163757 -0.256609531932905
0.0451707137175339 0.0306953281232313 -0.0816786628818952 -0.356317300107836
0.0556628298976181 -0.00165896128377412 -0.227181780765822 -0.340465071707208
0.0493366253806839 -0.00153273800525474 -0.293001356405432 -0.324340122303531
0.0403034561094049 -0.00151103655629271 -0.251182252826561 -0.3471092126395
0.0227915299213549 0.0128390850987243 -0.0937809610544239 -0.336029153117052
0.00010169924775681 0.0239380392082092 0.0485774902444568 -0.214000026651455
-0.0457280444525007 -0.00359527750009739 -0.0199497993227853 -0.0589859032710564
0.00927764823282178 -0.0649095289468483 -0.15084317353935 -0.136951324827708
0.103425809253689 -0.00174966698939377 -0.111970035764503 -0.481698067137075
0.0810914755372018 0.0836947019933918 0.287495805936495 -0.74219033929888
0.0773343795815076 -0.230198794730675 0.00453200464867749 -0.489546563668089
-0.0331888953819046 -0.228544813567263 -0.0821286222919821 -0.210243736669387
-0.208576625276689 -0.108654825627668 0.0561312258244366 -0.0750568362001122
-0.228055477418452 0.120648639145249 0.0782080253345948 -0.11868371524542
-0.0623483866352315 0.203821734832729 0.0552354174892022 -0.222073610826395
0.0601861472692834 0.176385210384912 -0.0732406664680343 -0.311386740284889
0.150172771806593 0.129828710955236 -0.194550875449769 -0.30289997408804
0.165787793458906 0.116050544333374 -0.246164753881043 -0.298177143913162
0.151875376436 0.142625777823038 -0.209301893274548 -0.317269885901586
0.0489934205056765 0.20504632926721 -0.0603899090964146 -0.310229485135899
-0.0821543259854583 0.203825350087538 0.0693793518426561 -0.185429479838419
-0.26830087008271 0.11553725491536 -0.0231909503455091 -0.0389047004263201
-0.230743232992988 -0.147741238875182 -0.175322359128619 -0.157890392386999
0.00431742976979042 -0.259162827995946 -0.139190637739438 -0.474478548922553
0.115177353661963 -0.222706262674276 0.231077224594938 -0.701603214564284
0.0720023866902514 -0.428189957107318 -0.0172647252059557 -0.396356240900367
-0.116939625421993 -0.37866414178167 -0.0703236133745438 -0.167152920712453
-0.362681194140861 -0.149775446122755 0.0591992765486309 -0.102137222901111
-0.366878270993515 0.203127976498569 0.0576329408224864 -0.138109436438186
-0.119871078678939 0.326008477352166 0.0257796536033871 -0.183816701271279
0.0717401469599226 0.303435198149304 -0.0667814115817082 -0.235636649784811
0.227022711716651 0.243402209684362 -0.138849335976643 -0.221087707167679
0.258319643370147 0.21647366526719 -0.161887252476385 -0.225865271402198
0.238413638710795 0.264747317712829 -0.132491341128169 -0.236504718960112
0.0645689072511158 0.368452487767827 -0.0130313826458144 -0.227087529530535
-0.15634568011411 0.357079773740758 0.0834582151275769 -0.112421881489303
-0.460891009514542 0.21858573782018 -0.0337056400705971 0.00858759677258072
-0.443738159987008 -0.210252330475509 -0.19907254656256 -0.146492044578493
-0.0939343894722505 -0.481924207307798 -0.163913998520311 -0.411109236201339
0.132915568305474 -0.493793347815552 0.155484203799565 -0.55838317015785
0.0468734624427536 -0.579504808249242 -0.054524295977485 -0.23298664427477
-0.221103972628956 -0.498796269831667 -0.0387185454791557 -0.075324351821772
-0.510956468220658 -0.160931911400916 0.0806519410489745 -0.120919344249856
-0.472680218507429 0.293768763359919 0.0369995195947445 -0.158288974499851
-0.155556821315802 0.429828592605567 -0.0128179563222417 -0.130389430421113
0.0826640457916678 0.399907279748051 -0.0572447654001008 -0.127829760045963
0.276206187979087 0.325291801115895 -0.0636481249581376 -0.105164291995624
0.312021049207443 0.282356168527159 -0.0532168520532979 -0.118460438255178
0.284641050510531 0.343435996865282 -0.0325256539384756 -0.11703427491258
0.0645481891157104 0.470135742874106 0.04244600342043 -0.100319704040082
-0.209245781991142 0.454320771445155 0.0894426754539987 -0.0044904436584331
-0.580981035561364 0.289578364173734 -0.0480281942130347 0.0744697831336976
-0.586375011891191 -0.24247123082829 -0.211184807979168 -0.102219733807604
-0.171576763256779 -0.621503485575652 -0.170271138598043 -0.294977050498053
0.13209174768749 -0.675644710814306 0.0758335930257784 -0.335819203917629
0.00839527788030304 -0.656594596653454 -0.0972318022502167 -0.0112212931269283
-0.315152862454597 -0.556956885972451 0.0160788542807444 0.0633064316647343
-0.610568394887322 -0.143076494245086 0.112947226403108 -0.118567582786719
-0.520248443713257 0.362368513667874 0.0159803253981235 -0.159063181641352
-0.16020733342534 0.483676845845704 -0.0503586884873779 -0.0520363250213883
0.0883547420772587 0.441356381278595 -0.0364276815960458 0.00571203066184763
0.290196860043502 0.358440878795869 0.0244002625702297 0.031975828466344
0.318459456805266 0.305530680194635 0.0632276021656699 0.00703206792793486
0.282253991640583 0.364643020061709 0.0737045133824382 0.0198633739048998
0.050689021785413 0.490569226802828 0.0965437091878585 0.0470181228527546
-0.229159420274359 0.467043249934701 0.0830406869046709 0.117031554462587
-0.59294714111489 0.297561259451487 -0.0644628321044084 0.142833449129338
-0.607878562176954 -0.234737348353981 -0.204240353726722 -0.0427813909381971
-0.202517609963955 -0.644540952989137 -0.152688268714711 -0.150794783106768
0.111363191535038 -0.734846320116947 0.00667197781641949 -0.076334066354789
-0.0282324986630156 -0.638453760609396 -0.139786932586744 0.238789019030737
-0.354710433893787 -0.526072349868173 0.0796327962992053 0.227568409286474
-0.609402104185852 -0.107761884211615 0.144191593768128 -0.0855164081125838
-0.47912672467674 0.367008716693798 -0.00359532683325974 -0.129286486053869
-0.142412132108346 0.455310521824884 -0.0780007122232126 0.0411772533559804
0.0809876221308906 0.413902990730025 -0.00536810174004403 0.145938603680337
0.260022006623786 0.337632485808341 0.111706534914849 0.167360687266007
0.2778528301958 0.282199118563983 0.170318483208906 0.130342503134695
0.234558124062975 0.330850061191499 0.165266704688413 0.151271054968054
0.0217754568984667 0.426130404929868 0.134946812617181 0.183477170432979
-0.213936458814201 0.385666187004989 0.0617425546292132 0.221164247521219
-0.493158957960188 0.23098379594052 -0.0832855532314517 0.189035694187597
-0.499981419380616 -0.19449267868844 -0.181974832284333 0.010945405879833
-0.176837651569492 -0.5456860422055 -0.113813516428306 -0.0207649857590658
0.076620086409013 -0.666727952178078 -0.0447432671834945 0.16744481389481
-0.0572151680727726 -0.512603691792892 -0.180753600944729 0.473746003986181
-0.314618055913924 -0.404092317747543 0.127682219120965 0.387959309898862
-0.482338428638134 -0.0614073692678872 0.164442136968368 -0.0230030833485175
-0.346944532625235 0.28649644451946 -0.0101103422430542 -0.0769095659598524
-0.101959398057796 0.333794267236271 -0.0903703564882766 0.12514041166277
0.0542975142725596 0.312072784852262 0.0270456188455345 0.26464740022
0.185624702448618 0.263410096700766 0.183550607538793 0.280381452012769
0.193683608329302 0.216771948524504 0.252272226043939 0.234914945852731
0.150941607459277 0.246307328116577 0.226865227567269 0.256410255369369
-0.0100414923235007 0.298636237242974 0.146098628005387 0.283604068256565
-0.166350209704791 0.242849613300459 0.025437141118198 0.282797768894005
-0.316696003737979 0.125819045040331 -0.0984514395081943 0.197260550525605
-0.312038329080669 -0.127327028843408 -0.150418193485218 0.0438618394101989
-0.119718973502334 -0.361558966552026 -0.0675777817004659 0.0685459849315455
0.030912398283066 -0.497369934681018 -0.0700041954587031 0.356079595850515
-0.0759931837286938 -0.299442004511876 -0.222073090943993 0.650760177354404
-0.214254411370673 -0.209321425606221 0.149013482458422 0.514535172474846
-0.265508975317558 -0.00363670071316815 0.17791564475675 0.0535601477658208
-0.149066505813643 0.155255900368804 8.10004499682683E-05 -0.0232349161381512
-0.047970925005496 0.150102056058015 -0.0890820118741473 0.173170269475248
0.0143582610410918 0.155572439542202 0.0494658737612923 0.337343585673443
0.0792309972964412 0.143863944271616 0.224917483376372 0.350746722065006
0.0799050711676078 0.11863353916168 0.296513630985019 0.304704831568419
0.0518515427336583 0.131523576942724 0.252503490973821 0.319986475827919
-0.0344155228018499 0.139852963342366 0.132204821553411 0.335721471924476
-0.0975265974042498 0.087523489522475 -0.0161015143406182 0.296284874011429
-0.118937621150278 0.0254783973903185 -0.107399519468236 0.174105526916684
-0.114629488926812 -0.0463604401615883 -0.114700246928103 0.0589888027286306
-0.0677674715108056 -0.149395002006759 -0.0215333797352031 0.114618295514862
-0.0233064215638134 -0.272077507355851 -0.0667639496877128 0.467280701434549
0.0647445758686768 -0.0109088076456187 -0.0102661106900741 -0.488490944378681
0.0313692424544494 -0.0587895944728144 -0.0827356642676471 -0.204561204066618
-0.0546896094687861 -0.0466243721077714 0.066729371415586 -0.0515575015230468
-0.0698162260425079 0.0452213116006203 0.0941387542734346 -0.111756067166741
0.00857557434029368 0.0663694229496116 0.0596774067713001 -0.245375186660949
0.0456203738533876 0.0291939513268555 -0.0868946019747658 -0.3382887750943
0.0541642003985262 -0.00131401879499084 -0.22391073086205 -0.322165940802045
0.0484988132779613 -0.00197119911740013 -0.289014619665428 -0.303124062942254
0.0388294180532089 -0.000994726500933739 -0.246892298925297 -0.326087906972545
0.022038651110723 0.0133981086615538 -0.0947789034321396 -0.319725531220062
-0.00111996184748059 0.0236462611039712 0.0450844907879935 -0.202964446090657
-0.0455016185859049 -0.00239828261925744 -0.0199834757323925 -0.0517145595047436
0.00742170369153128 -0.0630569423423291 -0.148716165866392 -0.12600767725473
0.100344738672105 -0.00451490777731696 -0.116835487057338 -0.459820653229014
0.0802686187279288 0.078614403903393 0.257536499625918 -0.713862575835323
0.0721662941580512 -0.219085931307366 -0.0067187369701756 -0.467622786806607
-0.033224477790221 -0.219582600583289 -0.0814943218605199 -0.202150509407577
-0.201260809120739 -0.100490532815899 0.051056799120474 -0.0770691977634868
-0.215845617756399 0.121909913296431 0.0691518194452271 -0.115594071470846
-0.0531965790830909 0.197444818973746 0.0463137673494407 -0.212253713178622
0.0625701966341019 0.16743792293453 -0.0763810405215351 -0.295997723683169
0.1472675484288 0.121490743099846 -0.192420380246509 -0.287238270190078
0.161466105160152 0.106826466537764 -0.242890589800645 -0.279026313995549
0.14935026574724 0.13379410091208 -0.206602202039676 -0.299943943550457
0.0516948480294717 0.196764563861886 -0.0627691904803412 -0.295404624876889
-0.0747135897008769 0.198047240344352 0.0650115078938965 -0.176747659182466
-0.256460766182796 0.115961237966736 -0.0226549006866037 -0.0309642403563853
-0.222373896628037 -0.136483612647417 -0.173672874218326 -0.145347561433813
0.00123151077367659 -0.250144823486551 -0.143422579068258 -0.45242195267037
0.107876676123325 -0.213321068423724 0.206356880910362 -0.674724736506007
0.0630820576812352 -0.406850486498027 -0.0273980821372208 -0.377233946735106
-0.11582854442717 -0.361548463147746 -0.0694612026826898 -0.160736155565555
-0.346756529766496 -0.135744913850128 0.0528076022035824 -0.102374454001469
-0.343724944898688 0.203323393964147 0.0473564382670164 -0.13349153410163
-0.10588393227393 0.315542847866128 0.0192338927969746 -0.176165661885983
0.0758041658075947 0.287764873495909 -0.0688294385264317 -0.223354844234947
0.22302995501426 0.22819603462547 -0.136895201954824 -0.211206503541414
0.251502577171705 0.199392683437456 -0.160606189659902 -0.211775870038605
0.23472738851795 0.249125756288584 -0.131297259560798 -0.225374827067369
0.0702121943233039 0.352871197438972 -0.0159716546076247 -0.217415833922705
-0.14242726579568 0.346388184765707 0.0797219593730875 -0.108608589907937
-0.436626895928985 0.219851114642383 -0.0309115324483889 0.0143112013311363
-0.425400936453789 -0.193337534225294 -0.199054084123907 -0.132326415733726
-0.0969866179347914 -0.461135616499803 -0.165691041159789 -0.391536191318755
0.121270636420747 -0.471378937418038 0.137196141910994 -0.536141419253525
0.0363421056169443 -0.551316497962036 -0.0600139879666089 -0.221552140202546
-0.218718987910754 -0.472444938272145 -0.0371750510546674 -0.0731558587719462
-0.487023553053587 -0.141998151013758 0.0726317180660419 -0.120329819761932
-0.442593936771403 0.293074924115061 0.0268442240054342 -0.153233020847896
-0.137937108592873 0.415124777560036 -0.0172517514237055 -0.12551636964419
0.0893197874257744 0.378695688546803 -0.0578738958558066 -0.119960129278253
0.271792777244368 0.302366613471314 -0.0621613061638139 -0.10167723959826
0.303752497620851 0.260780091328506 -0.0538865526891231 -0.111415110747446
0.281384573580656 0.322361514385248 -0.0320117589229066 -0.1135316740481
0.0720709072686575 0.449805740114636 0.0408120237141239 -0.0966323747510072
-0.190483534554281 0.440415515238897 0.0870976114150842 -0.00666645331297355
-0.55053358512818 0.291025499683714 -0.0424828937641846 0.0788636382602542
-0.561712409102684 -0.221565592316016 -0.209546891202403 -0.0889778907567732
-0.174555308134805 -0.593656480458717 -0.171381949218711 -0.277323317755287
0.115947821455369 -0.643192601182132 0.0674428110253972 -0.321429139911701
-0.0023181665859058 -0.625561713283545 -0.0966539769886137 -0.00935091621811451
-0.310371496918217 -0.525135407844837 0.0182497324333369 0.0587942782028323
-0.582885491813078 -0.120469574431245 0.103734420700657 -0.118546136111544
-0.484562092046183 0.361171246924871 0.00661917407888008 -0.15481768107363
-0.143131460497343 0.466509864614621 -0.0519669662579558 -0.0513683581498025
0.0953976553976548 0.419854003460384 -0.0361639573053283 0.00705740214999938
0.286347670910723 0.334601752322796 0.0241557923891417 0.027057058436867
0.311306020224326 0.281555084896123 0.0603790365977876 0.00503050833935604
0.278031648480884 0.341268721290585 0.0724289287280643 0.014947093927057
0.0597570498148152 0.469240192771905 0.0954954228833603 0.0422313409291432
-0.209038609143181 0.451387315688099 0.0827881398581018 0.109448187004408
-0.560291044103899 0.297905804145218 -0.0560196287582092 0.143249995234831
-0.581614594924474 -0.212231905702845 -0.202045303469929 -0.031701938352094
-0.202923276456206 -0.614799660838669 -0.152019811423839 -0.138710078740231
0.0944211061929452 -0.698389060948229 0.00723133231576523 -0.0729961752076303
-0.0383646046695596 -0.60631949069153 -0.131305424051449 0.229526271703064
-0.347770357085385 -0.495908746851627 0.0820389925377939 0.21559344245756
-0.582379908127429 -0.0872225519607527 0.134238960457509 -0.0877707942781515
-0.44609612128913 0.363319765067724 -0.0102058170305921 -0.12759627861655
-0.124850396803796 0.439366612684814 -0.0767133865330274 0.0377599509354669
0.0866444092714635 0.392341588995902 -0.00419674583555721 0.140580627706136
0.255677060605386 0.315220999595146 0.110670433204265 0.155911776604751
0.271070524469936 0.260547873554637 0.16603549141444 0.120753314286232
0.230707618592095 0.308606510110372 0.162607454933949 0.138867732727801
0.0298968783885678 0.407875548559998 0.134784163448809 0.171936751814403
-0.194728472208847 0.373879441812053 0.0647927661206306 0.208700642137103
-0.465985301580344 0.232891019909525 -0.071805869564515 0.187537233526043
-0.477937662976649 -0.173383797464899 -0.178044645914638 0.0186580420621111
-0.17675565075237 -0.519175782974805 -0.113545948328905 -0.0143970079036925
0.0619002158906315 -0.633067346001312 -0.0360774089490413 0.160767516944513
-0.0648172325607696 -0.487871809939119 -0.165621346090606 0.455686767872564
-0.308919548369545 -0.379856328136288 0.131580872659889 0.367603024136379
-0.460405550675733 -0.0444981890277333 0.155939995071978 -0.027807269343647
-0.321251461117581 0.283550581554529 -0.0148852180169278 -0.0777571171492904
-0.0904228527713421 0.321853584553447 -0.086976420763042 0.118325452003568
0.0588071126977709 0.29689083643715 0.0291894086345378 0.252791234899558
0.183524835283259 0.246275342747387 0.181112123479526 0.263178584091723
0.188360915205314 0.199843237550085 0.245763291364945 0.220190721920297
0.149680625047265 0.230121532718018 0.223770333635058 0.238621351913441
-0.00335032443667536 0.285342592510879 0.147335559658072 0.267186734580141
-0.152143258471357 0.235151616696534 0.0315467010498499 0.26814840068429
-0.297542628883974 0.126939471005278 -0.0866131572516697 0.193639589931395
-0.29645396736231 -0.113328787850141 -0.144725897963164 0.0484287133111698
-0.119205344238384 -0.341918304893196 -0.0670884187070687 0.0696960196862578
0.0209302997942213 -0.471568680206417 -0.0561106543936049 0.341139235685645
-0.0788402478955975 -0.285269656115899 -0.199367565521199 0.625261218493156
-0.210520462233551 -0.194407928966208 0.155249716986646 0.48927060276991
-0.253329954254587 0.0064098162300287 0.170996095787315 0.0451155229218145
-0.136346617917526 0.151930854618999 -0.00286033746863725 -0.0269425353345025
-0.0427236917375327 0.144649891365126 -0.0851827423455522 0.164324195993885
0.017386453013732 0.148200657451821 0.0524415707918831 0.321605147603002
0.078407948920144 0.134328787058044 0.223738440952834 0.330384434077926
0.0774711620782836 0.109261131695096 0.289396281499641 0.284333199065149
0.0516415665121144 0.122310031654423 0.249108870537482 0.299539192545126
-0.0302436323226912 0.133844086911848 0.134925439159206 0.317767643817634
-0.0899932077394665 0.0850146062784854 -0.00754036515744316 0.282374625181027
-0.109580092259251 0.0265160898885281 -0.0953367190265371 0.170125835262862
-0.10732112549788 -0.0400833242727319 -0.108413917186428 0.0615737256887264
-0.066431457038934 -0.138742153408342 -0.0219106601368009 0.112100753948208
-0.0279200249655764 -0.256958391974493 -0.0511981735710089 0.447648019937467
0.0651718127022671 -0.00974989352763463 -0.008137578353998 -0.475497828613011
0.0332960196253916 -0.0601728121930852 -0.079170315260003 -0.202916994251744
-0.0550631338467649 -0.0472445515759967 0.0646016544738749 -0.0545725265573637
-0.0708874855237106 0.044963131232094 0.0899967240161171 -0.109004427827892
0.00911341222956605 0.0666546373609407 0.0569130276188261 -0.238004601761594
0.045521203158415 0.0288073279883705 -0.0848510679715333 -0.330677930723483
0.0542615342023655 0.000136643423794712 -0.218813390008903 -0.317609866148672
0.0486798400641923 -0.0012832622894219 -0.282251940920234 -0.297122036111207
0.0385682822014122 0.000988179569830666 -0.239812397900396 -0.318961096830972
0.0215477744099172 0.0145392398864719 -0.0900845083175598 -0.313094379644496
-0.00260922012484664 0.0238316137247724 0.0484158780033102 -0.196787411571522
-0.0465011957184735 -0.00247835416110346 -0.0186236333040862 -0.046208885453
0.00726746959122738 -0.0626899039797312 -0.146275355351289 -0.121647417112185
0.0997104590255911 -0.00557350309640905 -0.114725445100695 -0.450546971814432
0.078996463703387 0.0773059992598233 0.251332003660979 -0.69719897109633
0.074238787541113 -0.21215175879186 -0.00835430582614642 -0.455584021548418
-0.0283292226983195 -0.217229722262239 -0.07807449858365 -0.200666528402264
-0.19602816364998 -0.0998752572296823 0.0485830968582764 -0.0787875549613854
-0.211084997199496 0.119992630164214 0.0639753067758537 -0.113140203340675
-0.0510383556490821 0.194196109288617 0.0441737990207086 -0.206672461270238
0.0620899152844021 0.162943919518292 -0.0747274535610691 -0.289126599633435
0.145276753195315 0.119682887875565 -0.187169171231043 -0.283031861787401
0.158786429480592 0.104083819553295 -0.237500206223975 -0.273177819150723
0.146462056698155 0.132574663036266 -0.200271615724683 -0.294649062309009
0.0501010782999183 0.194845983825606 -0.0591507402279366 -0.289538255295849
-0.0750453563882882 0.193899029452883 0.0665696599795194 -0.171283595860799
-0.251428849285213 0.113899830031311 -0.0212735890863321 -0.0255720265201744
-0.216628960043745 -0.135270202556578 -0.173158016065893 -0.139346053982646
0.00383476733943541 -0.246208111143096 -0.139362500196679 -0.443528273227157
0.108355247210388 -0.20578606585344 0.202830781808828 -0.658554259656489
0.0667315309067486 -0.393629422191168 -0.0280819765715994 -0.367804342542772
-0.108294559609358 -0.355647070389823 -0.0663154162973889 -0.160053941970638
-0.335633005116737 -0.133606861185331 0.0502336352370566 -0.102648183697251
-0.334270486072309 0.198813453964413 0.0425357691181861 -0.130616855673205
-0.101760820872298 0.309056723000994 0.0172852542513386 -0.172047782004077
0.074533746803522 0.280636650461502 -0.0679234683006962 -0.217648575041537
0.218625600515103 0.222929115650745 -0.133924153078815 -0.208901941961999
0.245590434848377 0.193800698369863 -0.157431019868631 -0.207424364520922
0.229943238986551 0.243877628272709 -0.126634825277868 -0.221653160926796
0.0684251573230906 0.347252106353161 -0.0128925208173963 -0.212766662703468
-0.14058381096952 0.338933673473806 0.0802881203515673 -0.105053882488016
-0.427642126603293 0.216054987388957 -0.0287374045910495 0.0200620380059421
-0.413613465407212 -0.190421596757043 -0.198107997905847 -0.126280979297674
-0.0910533475284112 -0.454533604534908 -0.163199244549232 -0.381600087761768
0.12169575786892 -0.45591555945706 0.135473593453694 -0.522276643043549
0.0419191411129286 -0.535015038388892 -0.0615215611272696 -0.215509522635809
-0.208037431348125 -0.462612939189512 -0.0345596085131937 -0.0737666756375274
-0.472260936675936 -0.137769721756714 0.068955921140927 -0.120952400931622
-0.428769479790153 0.286690755077394 0.0222691695976992 -0.15101910602927
-0.13353822347551 0.405674189125944 -0.0186832407647763 -0.124123924147204
0.0855698834131287 0.369382743820188 -0.0570951986389218 -0.116638386826455
0.266282440404298 0.295186795633972 -0.0615029546478647 -0.101441108413273
0.29582941838868 0.253733362021 -0.0532412467378936 -0.109270042968287
0.274401389538414 0.31420526309422 -0.0307942785277245 -0.112818646632926
0.0706639854694717 0.443215610488315 0.0419263754188863 -0.0951741770294715
-0.186887294527938 0.430185241379183 0.0865353623771687 -0.00668881851272658
-0.538716774049765 0.28306041706089 -0.0392390801823545 0.0825211780423988
-0.546234324250883 -0.21886735852118 -0.209597939319296 -0.0830926460265675
-0.164035621623025 -0.583960646578525 -0.169226482090602 -0.270920401338266
0.119182361483447 -0.622978875506567 0.0674811535391832 -0.31348634247176
0.00469769458192293 -0.608713212767205 -0.0965865525698477 -0.00927420374037628
-0.298809673436035 -0.514811384195906 0.018309253847732 0.0561127711679274
-0.564841054246365 -0.117263478255572 0.10001206230647 -0.118965623228562
-0.470105750401583 0.353757985134373 0.00166301249718217 -0.153877783922222
-0.138121480980293 0.455404421743527 -0.0536324437680407 -0.052660417068545
0.0924652120905139 0.408590048932299 -0.0371168706836699 0.00782797153935507
0.27975382365353 0.327016155225581 0.0231048934656785 0.0247104517133718
0.302836996851529 0.272679223890469 0.0586379659245583 0.00553790160467616
0.271952735274812 0.333640359790608 0.0713029336939292 0.0129704862516582
0.0575408589651785 0.461704140008092 0.095158220485094 0.0411921362456538
-0.203040547670181 0.44163062458246 0.0824407375173417 0.105878209978277
-0.546650112973499 0.291251478544731 -0.0518321326508376 0.145692741104744
-0.564314277942089 -0.209323087395446 -0.201957142264054 -0.0268837450144919
-0.193741795279914 -0.603539117158917 -0.150567089506055 -0.133700594920118
0.0991420396168645 -0.676654944485688 0.00926848508685748 -0.0715773889224154
-0.0325117694198557 -0.591860999578446 -0.130476006957714 0.223381523138294
-0.337619185166843 -0.486075610474647 0.0812578889844193 0.209979489773222
-0.564281043735345 -0.0829646731026765 0.130031125729199 -0.0881354389207596
-0.432035025865929 0.354380836960403 -0.0146272734799935 -0.128204962959859
-0.121972361300374 0.428606764856761 -0.0788111481056344 0.033365913692327
0.0833449798756488 0.383764837576162 -0.00617306850706339 0.138557481254859
0.249111953512912 0.307576308420367 0.107270464126324 0.150794116413823
0.261868463272482 0.253348383430605 0.161621117577414 0.118184090056584
0.22358122014019 0.300707798557932 0.159946451807159 0.133351019866252
0.029182069285934 0.399599874339575 0.133036111698327 0.167531166443643
-0.190958950964301 0.363380557057114 0.0634802730985944 0.20367039487635
-0.452874993010735 0.227483879231181 -0.0667986162385633 0.18689803816788
-0.462418068802156 -0.17092889647383 -0.178264843907976 0.0220400548171759
-0.169059714814957 -0.507637711320265 -0.113919577578269 -0.011718728571805
0.0666996729796235 -0.613801029099684 -0.0327832114987473 0.156466252624434
-0.0603344444960015 -0.475029931277239 -0.163919019543466 0.443264286301023
-0.301638753202471 -0.37175453145741 0.129305459557048 0.360839426806286
-0.447348090069099 -0.04038512431913 0.152389066136527 -0.029103058811359
-0.310676912409068 0.27687511859687 -0.0188435614555653 -0.0807449910360686
-0.0885621065252228 0.314584881690247 -0.0896989441801346 0.111733819402924
0.056747100161793 0.289817204504744 0.0253284326973863 0.248956015989843
0.178502299794909 0.239054436348617 0.17689603615305 0.257186420491388
0.182184589245914 0.193053401868246 0.239184515009413 0.214540185766424
0.14496239832651 0.223335378704835 0.21901403087377 0.231944796767112
-0.00396359564335723 0.279694281117327 0.145257948257233 0.260869896222475
-0.148696108207395 0.228489439741304 0.0313343284933509 0.260956884178983
-0.287209405991916 0.123706855955549 -0.0816870920077164 0.191735904034651
-0.285812873868619 -0.110955248673049 -0.143579453241283 0.0508466251162679
-0.113275715628335 -0.334457127834586 -0.0692838926384981 0.0713771590117143
0.0227614297122314 -0.457099758003505 -0.0525033231470133 0.333023935167614
-0.0767456163998401 -0.279170572809731 -0.198068015799477 0.60754235838228
-0.20647293618605 -0.189729768032653 0.151471661600172 0.480818058948884
-0.2462217568128 0.00891810072545346 0.166999823556882 0.0428919690349679
-0.131239604181496 0.148037770508374 -0.00535625306324346 -0.0309452188095703
-0.0422874072307215 0.141444249080276 -0.0874821031750739 0.157619224044131
0.0162334815326405 0.145005141807849 0.0479778226085932 0.315546800942012
0.0755005318152276 0.129952572207828 0.21804626811086 0.323864850127289
0.0738978119021236 0.104883243113682 0.282765893645039 0.279041366351054
0.0492051656811798 0.117286118266642 0.243847447918963 0.292224565723013
-0.0302623511281613 0.130665800370116 0.132065827919492 0.309581319007261
-0.0867492075127416 0.0814152142298417 -0.00685935176778303 0.274569907421371
-0.103985143666114 0.0250330207574042 -0.0903291895621247 0.16753415965423
-0.102313593357402 -0.0374853862995289 -0.105637099625636 0.0628563300343185
-0.0628718232540885 -0.13444873364561 -0.0257856329697247 0.111829120906712
-0.0258645524871299 -0.249779432327863 -0.0477939981952512 0.435969659044014
0.0520411812563984 -0.0286878618687264 -0.203325914616721 -0.433525709754975
0.00582839404922589 -0.0673982671558306 -0.160900436694566 -0.155663288378306
-0.0729580753860926 -0.022486891256926 0.0295229229801744 -0.0780715123569949
-0.0484653013757211 0.0710707594264206 0.0318557349646764 -0.134102018128892
0.0329195488541641 0.0592643325320976 -0.0504794786079793 -0.238971491757014
0.0520495106390549 0.00960880320465425 -0.22018492371614 -0.26341382356351
0.0508541399847975 -0.0227036687621774 -0.336082584072657 -0.198793570505128
0.047534969334832 -0.0185630839839147 -0.385581796265894 -0.148912461160562
0.0374941530169983 -0.0152583744797841 -0.356415607379231 -0.18715766213777
0.025804004823376 0.00481699792836673 -0.216156546760744 -0.246597657040056
0.0059509558054331 0.0241579762326676 -0.0371136378001859 -0.19915531306426
-0.0450746401303304 0.0179900480514869 -0.0355505763422558 -0.0339787898115746
-0.021675226430042 -0.0647927859471202 -0.180820033913594 -0.0454628358412653
0.0905209459466143 -0.0550206004192184 -0.293252830023569 -0.358944685538794
0.11166278852818 0.0308558186724849 -0.0623843366165102 -0.737632651961355
-0.0169599021626924 -0.217420652783193 -0.201816124696815 -0.418346829398403
-0.110822630420638 -0.185283121965813 -0.163236825818157 -0.153048825873173
-0.220558525726272 -0.0139710559815928 -9.1080772496028E-05 -0.0870623495353554
-0.142115363719522 0.194367418531163 0.00427249258884426 -0.117450085531157
0.0309005244381469 0.198592749377103 -0.0438888552391167 -0.200374880526036
0.122721469221718 0.125215197644984 -0.188876237394483 -0.227549576310075
0.182123463233434 0.0488533828266229 -0.287739487411467 -0.177338710396194
0.192263216847986 0.0347435508205422 -0.335444787437778 -0.144771888663844
0.192207759796287 0.0617144757549033 -0.311974881685416 -0.179336063417889
0.128607905126305 0.160324310874783 -0.181228419573299 -0.23471919005592
0.0102196814860759 0.213393189034429 -0.0181774119374466 -0.18590766234604
-0.181392317145265 0.211733488242502 -0.0432825267582737 -0.0224103931710077
-0.259186859900111 -0.0400538934947536 -0.213533710235424 -0.0576450449235803
-0.100337599531902 -0.23742663088091 -0.301971098019218 -0.347306424639403
0.0121677139262617 -0.246545868915189 -0.076639607054433 -0.676526437125802
-0.0919021224354262 -0.381747213957656 -0.191140447980807 -0.334375492624707
-0.236759091962854 -0.278621233215153 -0.139213407376234 -0.118926772815656
-0.359057085569371 0.0115515936845477 -0.0126284331957564 -0.103767700749024
-0.217725490594242 0.313607440248526 -0.0248921783904194 -0.117060875965035
0.0327829898834517 0.32267683345471 -0.0497410251262668 -0.153987410049842
0.182720871501586 0.226939621258716 -0.148756445737733 -0.164191949426695
0.291032434743307 0.111730044894222 -0.20220929209267 -0.130646074461093
0.308641740777868 0.0821116203414176 -0.233051413611301 -0.117480851278199
0.315333866352541 0.129582965723747 -0.214479990761498 -0.143085154564994
0.209883950828342 0.294446120805742 -0.109118125008387 -0.181929387344942
0.0106667709489913 0.376350229583489 0.0153673247314025 -0.133822891630155
-0.297636695294947 0.37926295764243 -0.042852253901732 0.0144162351685229
-0.465980141555242 -0.0104313751332276 -0.230395522204996 -0.0421999357388604
-0.277704805294609 -0.388977082421243 -0.286880169342091 -0.285347742384421
-0.0869713331444687 -0.485844698423057 -0.0675986985343735 -0.52267530340308
-0.167025272995903 -0.501792096056155 -0.16487494839304 -0.183884260230523
-0.369010632669851 -0.337476947770607 -0.0765771958013319 -0.0514257932525024
-0.48309817487009 0.0596382979847648 -0.0045364495750914 -0.120700458249555
-0.266264014207777 0.429450979411196 -0.0532032920026102 -0.120904644851357
0.0440422273459553 0.421993270989001 -0.0593939085888861 -0.0925981074689364
0.230013658553503 0.302540128485811 -0.0933726290085881 -0.0750391464116848
0.363266739469587 0.15902119754192 -0.0866082569465296 -0.0621525583698924
0.377476963934944 0.115761068278362 -0.0951922305868673 -0.0730199341789936
0.384934353804763 0.176649320307139 -0.0803364375954672 -0.0850398942784907
0.25343227956881 0.382067909218338 -0.010425562516833 -0.0973748440859518
0.00589246962808525 0.481521145527007 0.0574051844117614 -0.0484709038090404
-0.366789701119579 0.487066964808306 -0.0329156002170591 0.0710755520114975
-0.599825791506234 0.0204414148725476 -0.223054178510625 -0.00382134924451068
-0.401511593260459 -0.476138536878656 -0.238681952540406 -0.182530434565458
-0.162917635550895 -0.638131900401179 -0.0326547885631412 -0.3022594686517
-0.227799524990152 -0.557540218279086 -0.116237537371893 0.0188152107695134
-0.47146870086428 -0.350860738252048 0.0259978537396245 0.0462405281966069
-0.558749075798539 0.116171937688954 0.0235837060589789 -0.12746019223733
-0.275379209915136 0.504014567236528 -0.0725053904479328 -0.112224889205729
0.062329037237994 0.467974374500521 -0.0597980205038465 -0.0124064231678902
0.25303551442653 0.33517558764253 -0.0204368285192092 0.0303107481395078
0.387264610150223 0.18215337252092 0.0461128257394222 0.0177236792509831
0.390457060238225 0.13034748770614 0.0565041007014276 -0.0167176862463225
0.389312602860659 0.195863496917602 0.0669613863345458 -0.0146718511293339
0.247984056637887 0.404177759756311 0.0966447461619606 0.00343478755978579
-0.00458674264620154 0.497495303018012 0.100676372780335 0.054979963824142
-0.372103066416264 0.498685433462529 -0.0181794141118952 0.13248177129029
-0.611944879514014 0.0391201174611492 -0.192817673775268 0.0429242776661945
-0.43550884641859 -0.479853502774145 -0.164089814561354 -0.0664494023353622
-0.206775628783673 -0.675802184533226 0.0171979105477861 -0.056431012424686
-0.251134077241199 -0.53022193699218 -0.0519993234057547 0.247902366915319
-0.495016001374707 -0.310468287920944 0.150488789825142 0.162594061110446
-0.544894166802431 0.147176498331106 0.066218097932892 -0.111653622691486
-0.239850786962184 0.490503061870593 -0.0754228937088047 -0.0839998964037456
0.0648029147338673 0.437307896281493 -0.0468671257204971 0.075799882967139
0.235621039769764 0.31526342912225 0.0629921948719461 0.135737981097492
0.351868569065462 0.176164732869298 0.176593097418124 0.0970946591556563
0.344429746442743 0.125783589008525 0.199405597215243 0.0414311901698317
0.332931257697734 0.185375755378387 0.200055625824927 0.0555731436123001
0.195698660061575 0.358833553797435 0.186577738850656 0.100941525719818
-0.0243736547487839 0.418734962796469 0.128062185729227 0.150586599321959
-0.312969745596105 0.400396709719352 -0.00684925979004461 0.179422785036247
-0.500590330310302 0.0299175167200904 -0.150095362775135 0.0813099673105219
-0.370574775132481 -0.399688673506969 -0.0848015153943203 0.031123350885438
-0.210598331090494 -0.600588664830546 0.0709721480997349 0.166837548685423
-0.230322728460665 -0.415759267433458 0.0107200909011187 0.466083202593761
-0.417662592529239 -0.222070052115434 0.262325812224891 0.279542593529901
-0.421578690295599 0.139345106364779 0.115206200666898 -0.0722935536955483
-0.163700033980843 0.373082774644691 -0.0571666622167362 -0.0474859063935497
0.0502531077507071 0.319827568641456 -0.0272292029170516 0.148435347942213
0.17293550209572 0.240435164547059 0.136680312811038 0.221273172038192
0.258285078217102 0.143124595511809 0.282682270869539 0.163431541327024
0.244468689275361 0.103589621889621 0.313412233803107 0.0949590148335956
0.225456782298661 0.146176422080782 0.297535408390304 0.117663051374716
0.114488138959855 0.260910478082057 0.240030849270066 0.177959186932216
-0.0414089746578278 0.275082621003427 0.129500683046141 0.216856982674968
-0.205957469469581 0.235198763202452 -0.00676734492491751 0.195517969399694
-0.309422096216074 0.0153378954132272 -0.106786048338932 0.0990056568828789
-0.245858277311676 -0.260588210228889 -0.0184238772397465 0.0916151084475743
-0.18152600965666 -0.433748859720473 0.117760053595384 0.331290104619769
-0.169187677397922 -0.230834270271552 0.0555795051066328 0.633574816119963
-0.259709906808371 -0.0968235379679456 0.340977357146291 0.378760041785277
-0.218939589357761 0.105004283264751 0.166409537088776 -0.0215536954663136
-0.0554781770174631 0.184586908892131 -0.0213446791553563 -0.0191155774852218
0.0214055090716783 0.144368300689376 -0.0116332873783561 0.184552247991557
0.0770333825358393 0.124368378006591 0.181501517327948 0.270188543587119
0.120291345746852 0.0874030533871738 0.34405016288237 0.206023075229102
0.107805318883134 0.0652337860645914 0.38016665956775 0.132873872722168
0.0917805030248914 0.0879670120529321 0.347420217714848 0.160759034851205
0.027456035128934 0.132663402093322 0.251965730164135 0.225155181485925
-0.0454838430094463 0.112027127354833 0.107757858012249 0.24787115046261
-0.08171431386474 0.0669906708343615 -0.0124546631049623 0.183854741394843
-0.109373928018316 0.00927150696975292 -0.067899246256537 0.0991383849905742
-0.114378392410715 -0.0951058423602166 0.027855362326977 0.113322000208737
-0.136962729572817 -0.216258326598506 0.154943398702678 0.418756838122985
0.0541871991198005 -0.0318544201919572 -0.217578480169685 -0.434957447950109
0.00472515190885502 -0.0729178470837964 -0.169519079275699 -0.157698533845896
-0.0781325264836302 -0.021329375347259 0.0249395748005931 -0.0839296757332182
-0.0495857818958861 0.0759183472478353 0.026227331794108 -0.137515667718259
0.036598025934003 0.0609532675471884 -0.0587550416931139 -0.241749823307771
0.0544659538133722 0.00855400195122613 -0.232625081357616 -0.2632386774633
0.0535475974516695 -0.0247946211405378 -0.350259078038183 -0.19486426578856
0.050297945223357 -0.0208698766720972 -0.398814541160568 -0.141664342779075
0.0398778917409939 -0.0154470918121656 -0.369285603616787 -0.183954521781507
0.0274390208301562 0.00548108779946381 -0.225272213339538 -0.249426187490261
0.0058666187516015 0.0263718492453022 -0.038359255674374 -0.203648812651719
-0.0474548422572584 0.0205809998598888 -0.0343255548959812 -0.0297567164057722
-0.0245240161731285 -0.0672321457655477 -0.185392393662192 -0.03925931343033
0.0921462505920595 -0.0601607109158497 -0.308199990411369 -0.3620846579003
0.116223339100838 0.0292368141522708 -0.0802273987400493 -0.749619774910572
-0.0180841655829903 -0.222254330822036 -0.215703874824524 -0.420715026765554
-0.115909094467876 -0.191121263516651 -0.171623835677603 -0.155015751824477
-0.225657452126774 -0.00931446681237583 -0.00433472256239298 -0.092160184088973
-0.139673361563627 0.202400403968262 -0.000876619518419697 -0.118881144284822
0.0380327228347854 0.202251043065397 -0.0508493277632025 -0.20345785506597
0.128239130692654 0.125221960301164 -0.199008064369854 -0.227350669366686
0.189019415257744 0.0448216128380972 -0.300138193279862 -0.175973412925674
0.199062922050608 0.0299921420329337 -0.346730466658983 -0.139667546528021
0.200484156616032 0.0589202653140325 -0.322955389365394 -0.177201381488399
0.136755736099265 0.162610602694153 -0.189315391477081 -0.237864039405016
0.0145227571111813 0.219618392341326 -0.0192872640397986 -0.190737953650998
-0.18107561638082 0.222263946821042 -0.0408880406206774 -0.017837084422459
-0.266506949748298 -0.0373393909259461 -0.220465912598545 -0.0500129854660634
-0.107411950058009 -0.243220341442398 -0.318541901491878 -0.347329193848672
0.0110674033634551 -0.25098103528938 -0.0918791628276158 -0.687177986038784
-0.0969091952759 -0.386765657406564 -0.203239465518295 -0.334703186881083
-0.245730124094488 -0.283630996487461 -0.14500626001133 -0.120941066032776
-0.364030593290584 0.0182437414017725 -0.017834824398583 -0.107901606377337
-0.213497392322776 0.325470983415819 -0.0321565792246093 -0.117869686605875
0.0421105905474737 0.328046723120762 -0.0572207828663343 -0.156579956293328
0.191410766887427 0.228469093950002 -0.15588972702802 -0.163175588089785
0.300768578062143 0.106958873376151 -0.211589682635744 -0.129741399257039
0.317721018839317 0.0760007410413478 -0.241584260273657 -0.114194371917328
0.326647261345284 0.124079968408974 -0.222866371079651 -0.14221313425709
0.222808721884206 0.297760800350245 -0.114149089666045 -0.185357542089508
0.018605665224553 0.385628456856978 0.0145488550180905 -0.137425156018117
-0.295278053046922 0.396850265136127 -0.0388719445994649 0.0199275521527758
-0.477566502348039 -0.00198064914077422 -0.238787923277507 -0.0318142754222574
-0.290954011454645 -0.394078505001905 -0.301667889667506 -0.285203109900806
-0.0929625933110073 -0.492592151152634 -0.0788201235215168 -0.531667119157198
-0.177005000727968 -0.50726986805168 -0.17285057575621 -0.183003669714707
-0.381363925783234 -0.340497572313073 -0.0791346166002335 -0.0533444047393163
-0.487543387324484 0.0719265327572879 -0.0100126173298549 -0.125569785364722
-0.258670174459859 0.443035254739108 -0.0616067329782093 -0.121012019976552
0.0560788562522142 0.429339962510333 -0.0659755472839378 -0.0942200701514239
0.241274242398803 0.304394794169958 -0.0974394601752623 -0.0727080432766649
0.375157400230254 0.152855909235506 -0.0924536015202342 -0.0623244802015503
0.387614929347929 0.108995166331394 -0.0988379832228551 -0.0719353977669195
0.399170490906061 0.170567736964296 -0.0846795619495825 -0.0858899136281351
0.270105413276703 0.387029681030829 -0.0105867640061548 -0.101619517566737
0.0153252769211028 0.492145462306761 0.0592891420094109 -0.0509995959280344
-0.362805358730838 0.507746351699846 -0.0267178842515704 0.0761924050914379
-0.611432009046304 0.030824053515396 -0.230464367505188 0.00826848642866395
-0.419382537643556 -0.480812355410566 -0.248306556416995 -0.180665204717024
-0.174876425397254 -0.644832727088449 -0.0377369287437381 -0.309126069241926
-0.239774450189134 -0.561057140963532 -0.119489639900456 0.0221747946156546
-0.486124002646296 -0.349322769289601 0.0287782853285833 0.0446130851670739
-0.564226507780242 0.131541105202011 0.0194961667890745 -0.133026952907282
-0.266956937877725 0.520915128269762 -0.0821724196268348 -0.112256405242662
0.0750590264538501 0.476027139715173 -0.0655180822648939 -0.0127819973550416
0.264974861204931 0.33927528754744 -0.0203298379493549 0.0335155188070989
0.399309269888091 0.17657595422743 0.0464478849621453 0.016646754005761
0.399077304167891 0.123851215734486 0.0581656102547343 -0.0185439957179278
0.403092156974059 0.19044567721136 0.0671081568436154 -0.0175965922818019
0.265261791079199 0.409650394715449 0.101221489614377 -0.000481334228556981
0.0068148619572931 0.509317495935078 0.105192352673283 0.0530391115187941
-0.367423572979231 0.518281207320085 -0.00957596725763322 0.138077132904222
-0.623412128955792 0.0483641307232508 -0.196899585364386 0.0564923482385381
-0.452974445118941 -0.483774492976899 -0.171342484888871 -0.0619835640927836
-0.221090508903583 -0.683435234611965 0.0189575663125061 -0.0593089477929329
-0.266743451959724 -0.534557890143415 -0.0494716040461208 0.25301546132291
-0.510297558207653 -0.307843968773232 0.159171409269276 0.161155608098756
-0.548657786674463 0.163265776873442 0.0641932515966304 -0.117874390948767
-0.230657452705899 0.505182321829566 -0.0848483100070786 -0.0848116595995095
0.0776021263077356 0.446050355816534 -0.0513627871373661 0.0769374181854998
0.247967231115405 0.318012679045178 0.0669183790958154 0.139996350570323
0.362939060818096 0.171590453550197 0.181770670084581 0.0948226910354992
0.351463480409747 0.121316869881201 0.205962089850908 0.0377141075251687
0.343283680050118 0.178822603635172 0.205048786985368 0.0517356677166354
0.210048636960715 0.364249193011777 0.195226525956497 0.0969660950065366
-0.0147214883943937 0.428200245803437 0.135818312625619 0.150050669334855
-0.307423866335961 0.415609153676423 0.00219883760279195 0.184089571260335
-0.507546257009244 0.0404325979876835 -0.152685406090787 0.0929575477457717
-0.386212644337637 -0.402000634874353 -0.0875819412090783 0.0376538310450659
-0.223005394513526 -0.60493566627602 0.0783438225262666 0.165917324586402
-0.243381818630138 -0.420214131196513 0.0199351649845594 0.473067603059169
-0.43091475861312 -0.216818729029785 0.276918149379421 0.278908145254459
-0.423207572596342 0.154979834040737 0.11639352319406 -0.0781327275081357
-0.155215908586861 0.384083847208843 -0.0650364351171118 -0.0486468541598311
0.0585637452981177 0.32583674360415 -0.0301843321564675 0.151232871373744
0.182292842170616 0.242031526819352 0.144031178583091 0.225775724530972
0.266795023048314 0.140232395008477 0.29306938327477 0.160863092704516
0.248724745480885 0.0994236279159296 0.322877622631768 0.0889942949924781
0.23211774528975 0.142664144781762 0.306835665999031 0.113089779909432
0.124055462916703 0.264081897674028 0.251381415183177 0.174370525079197
-0.0357063185171419 0.281142310750325 0.138379933430882 0.218081880042573
-0.202175252652903 0.243149080733844 0.00322171358596934 0.199789573308943
-0.312686778024551 0.0226553822928975 -0.107717794725057 0.108090476167403
-0.25419866055772 -0.260154757558268 -0.0187059004694434 0.0979212554520629
-0.191578704254374 -0.43649782836386 0.129553746987066 0.332367067023283
-0.178607912759425 -0.232114816522257 0.0673606467651041 0.644441577571696
-0.267720661557786 -0.0912858873038618 0.359994663403522 0.378683412532551
-0.217577165875061 0.114244809066526 0.169826177131677 -0.0270953542101062
-0.0504535690723539 0.188966639348325 -0.0273366368850489 -0.0213063232741995
0.0248857067045288 0.147729155271447 -0.0125860450724076 0.188607105791473
0.0814097871411025 0.125605161169807 0.191096308241631 0.27512569250442
0.123804890668196 0.0869101677725828 0.357633868092668 0.20229651716495
0.108322660293452 0.0642882436548792 0.392723657427203 0.126736143296445
0.0936492071707605 0.0866136144057234 0.359142985252125 0.155177112212528
0.0308052511810355 0.134711180689671 0.263812289803292 0.223055343113278
-0.0436419016102884 0.113778740823424 0.117085104265334 0.249742511461313
-0.0793039867635646 0.0680398279376627 -0.00457842489367385 0.186581798220296
-0.107812827975385 0.0131236448397794 -0.066439786029891 0.105390392911439
-0.117023406217997 -0.0936164553556118 0.0295616056066696 0.119150668251303
-0.144063724743306 -0.216450494999179 0.168949571723492 0.420457349394717
0.0547522160296216 -0.0358273544758725 -0.239079550193283 -0.426175068789965
0.000720106978220349 -0.0775186467665425 -0.180344298263921 -0.152464738220817
-0.0829994267995292 -0.0175479948710405 0.017121435626177 -0.0887993768309916
-0.047481142290086 0.0817768019401882 0.0161477923334096 -0.139912223948676
0.0413937857920771 0.0598030562800899 -0.074031754635175 -0.239547606550534
0.0561997764812465 0.00591718737576964 -0.250530369882638 -0.25376531060243
0.0546278931996704 -0.0284230432623878 -0.365903608770972 -0.179284568210905
0.05197297298814 -0.0242277539754262 -0.410634883195517 -0.123472597819736
0.0421121519199745 -0.0165127063080028 -0.38190448808877 -0.168241521256179
0.0282509865575449 0.00544556605433687 -0.238330054552742 -0.243545331117104
0.00663552762020164 0.0283379526783658 -0.0440833068327766 -0.205626900850022
-0.0481790117892228 0.0248592251978027 -0.0325110240167574 -0.0246912410100103
-0.0294587634780224 -0.0686125160720353 -0.187992967018745 -0.0276470979987566
0.0910445357545073 -0.0674040662198468 -0.330178825743653 -0.350088764016914
0.120741495307548 0.0235024317905949 -0.115749026462094 -0.748136636796313
-0.026018674458878 -0.223826798245934 -0.236591402151432 -0.411003069812156
-0.124959894631883 -0.19152121895276 -0.181118968591295 -0.149613423061225
-0.228692339088805 0.00130466990605881 -0.0123912847240764 -0.0957482752714332
-0.131499181175912 0.212730616582998 -0.0112001542609286 -0.119129744548958
0.0497966538804303 0.202585054542794 -0.0642728992002996 -0.202188252015215
0.136151415759606 0.120792460067355 -0.213568375636055 -0.218861500178026
0.194808400761172 0.0351769871542946 -0.314699910749299 -0.161902441466855
0.202814667787098 0.0194818071996155 -0.357520921723994 -0.122971228787196
0.206881141150824 0.0493924015931023 -0.335698139468435 -0.163738564168579
0.148016409910361 0.158940995406739 -0.201368371446049 -0.233236081393279
0.0248775317057107 0.222914919741774 -0.0260080584381749 -0.192575514304673
-0.172497216932961 0.234843050476934 -0.0381783059293672 -0.0124742042252065
-0.272200652763471 -0.027398920251916 -0.225185056660321 -0.0345072218711016
-0.11924940695389 -0.242543403510469 -0.339557234224552 -0.337223034176075
0.00241144832831076 -0.25309987088169 -0.125255577718787 -0.688013459886249
-0.112919213394884 -0.385035994369105 -0.221000558248526 -0.325293338280686
-0.259394704570958 -0.279703690826344 -0.152542520881255 -0.117111316556328
-0.363569200372661 0.0371043759551463 -0.0262138782429563 -0.111297816695782
-0.197646422427713 0.338164525206212 -0.0422718467030589 -0.115833118991689
0.0593940470079008 0.32886425131579 -0.0682130619247208 -0.155869387662557
0.204527541239391 0.222236943872243 -0.166542666439555 -0.155372577084863
0.310299952474516 0.0923249266767326 -0.222379384901168 -0.120109181428068
0.324729099228619 0.0596701250562525 -0.249199493117512 -0.103313804851059
0.33891303844799 0.108179635971561 -0.232726602687212 -0.132995914482065
0.242811784735591 0.291213385289701 -0.122716576319064 -0.184932635746773
0.0368960717365702 0.390221913703114 0.0102378729621941 -0.140854705350735
-0.27866457601561 0.416657520780592 -0.0325773285417145 0.024870064677731
-0.482333105870061 0.0166260755635448 -0.243541802670409 -0.0131820681242988
-0.311263658634662 -0.386511020703018 -0.320899467492179 -0.272797555216776
-0.111751431435144 -0.489686005254986 -0.104222100671127 -0.532114013446562
-0.198908686512011 -0.502365914693512 -0.183882652829036 -0.175722325670148
-0.397112288987745 -0.329097506570637 -0.0815327929315569 -0.0529413777854887
-0.484269929609539 0.0958521417216902 -0.018987998310736 -0.129370525042509
-0.235342852723375 0.459005563739137 -0.0732878838138799 -0.118166429051743
0.0793391778617853 0.429436448006699 -0.0761093576660289 -0.0933361234035184
0.2596590311901 0.297621903623181 -0.102343631495576 -0.0672409465597338
0.386767567202245 0.135109206386595 -0.0974355619623771 -0.0584788608235463
0.395983856425791 0.0892192541133206 -0.103025784769209 -0.0671680200095067
0.413983422388154 0.150757210558169 -0.0904279188043747 -0.0825853579500146
0.294629731732797 0.377928064898256 -0.0142256079646247 -0.104731577746641
0.0414973036588989 0.498494290409188 0.0590355965821177 -0.0554455598856424
-0.340477635517298 0.532929826640849 -0.0171629957514004 0.0803199227374339
-0.615250086315002 0.0576735618868391 -0.232941992941288 0.0282281929604543
-0.445030571342298 -0.467921982518715 -0.262867390996582 -0.169329693949726
-0.201230869797027 -0.640865016975729 -0.0520456447941984 -0.3098976661887
-0.265758188228053 -0.554417167246946 -0.120577257730995 0.0273890166851164
-0.504539690514597 -0.332065621694532 0.0325755723274835 0.0403472856707447
-0.557245587191667 0.158325041355045 0.0114945780568089 -0.138634304415153
-0.240392617096773 0.537311776003298 -0.0938393611829223 -0.108822804667326
0.100012684800894 0.478065142450936 -0.0729076254996689 -0.0112048634803484
0.285425302392665 0.330465249501248 -0.0194177847975894 0.03725509170679
0.412251696670323 0.156204569177972 0.0469471834796341 0.0145957709098883
0.408694164725936 0.103724590835526 0.0581802199072647 -0.0215232282770306
0.416434807642883 0.168319596962573 0.0668095491557448 -0.0213496846417232
0.290698639499 0.400332681568495 0.104455899537425 -0.00822832234248479
0.0302196270764894 0.513960872974708 0.110510875546137 0.0479273719048438
-0.342971511229484 0.541285652974973 0.00292169140341387 0.140642624743584
-0.623667858191252 0.0765415995543101 -0.198264384386757 0.0743755870766255
-0.479274670813933 -0.467726085064364 -0.177507603172844 -0.0513653282890877
-0.248282161882693 -0.675222424699774 0.018127063640601 -0.0640143978698128
-0.291676369910815 -0.525700360055578 -0.0392977143566517 0.256040835942381
-0.527998805356125 -0.286977922870223 0.170838465076437 0.151578107054107
-0.541190545946439 0.191786986075986 0.0583134268635321 -0.125450451207866
-0.204499211369241 0.521109602328234 -0.0960303306707285 -0.0817338075683324
0.101466791033223 0.445319290476239 -0.054047464259843 0.0787420003942278
0.266621896740295 0.310919980962958 0.0739738327261857 0.140734726196692
0.374614954295094 0.154787606606605 0.188242507054456 0.0868067118740155
0.357740606986887 0.104411978042119 0.2108408517019 0.027746504574245
0.354837403954078 0.161675302507039 0.209479240773064 0.0424004026843402
0.232319370955977 0.357587553385334 0.204218284575936 0.0856306693982524
0.00540499172698807 0.432870954581742 0.145549608194567 0.144562590735158
-0.286628233534109 0.43335784208663 0.0175028183140816 0.185438081312183
-0.507295405119506 0.0640140750790698 -0.150136614600383 0.108065983620632
-0.406137018110647 -0.387694047778095 -0.0881392347047537 0.0456556310767636
-0.248955954998292 -0.596428517817539 0.0896215860712981 0.159791178128628
-0.264721475973352 -0.41126838137714 0.039953607545168 0.473168290676293
-0.444410791110149 -0.199755046412522 0.297383345652446 0.265311260785924
-0.415903075106462 0.176898878821383 0.11321749198715 -0.0874783542468567
-0.134992567153303 0.394593239745512 -0.0733292001545622 -0.0466154847536571
0.0757237403823861 0.326257002553161 -0.0284608527601237 0.153269905681351
0.196753206268158 0.237242472940255 0.155787215299669 0.223607422730014
0.275120223393563 0.128461779198691 0.304633120261691 0.147573083005736
0.253176285339515 0.0887232798727485 0.332102175110225 0.0733030353510055
0.239317744183302 0.130707968316601 0.316185616540936 0.0984030088796904
0.139850152511653 0.260116041399727 0.264154020243334 0.162222654980887
-0.0219202210319798 0.284443555152365 0.151286748352163 0.212443564450533
-0.188731485649253 0.252848304500774 0.0175106441896829 0.200128748305132
-0.31025239564009 0.0369452118847959 -0.10310094107883 0.1193692680409
-0.266876679542701 -0.249815300314636 -0.0153192286403182 0.104032418040893
-0.212897748864955 -0.426050225614096 0.149905111471433 0.325328778492424
-0.192242478484915 -0.225194814144934 0.096983238383816 0.645351816661304
-0.273865776095586 -0.077170988417487 0.385435572927236 0.361863308859948
-0.210941977512882 0.126870804877704 0.170648750112188 -0.03783231439702
-0.040149397275361 0.192166572463262 -0.0331168767862253 -0.0224137912384296
0.0320283491626611 0.148173554653193 -0.00842337149879797 0.191442438561263
0.0893452633586776 0.123410511819823 0.205494037155977 0.271015631560351
0.127755855763836 0.0816922882130194 0.372128268604628 0.186432152341459
0.109823269092113 0.0604598273065884 0.404379393167798 0.107417924028366
0.095541752367091 0.0821123613851852 0.371861286909998 0.138275188898758
0.037681768648133 0.133973296869676 0.279656879739626 0.210043237434265
-0.0380430976783615 0.114974465513072 0.132408162716602 0.244850660970345
-0.0740195035766205 0.069760824980571 0.00883139107994848 0.18682854350195
-0.104554322844517 0.019471558967443 -0.0607857002427569 0.112148541400099
-0.120621040806208 -0.0875698645145783 0.0342891263154789 0.123211135291241
-0.15614274439649 -0.208618378205731 0.192990423635865 0.411311180537511
0.0527867723312389 -0.0391526764590653 -0.255684041170528 -0.401238519698776
-0.00421385736146211 -0.0800100942292501 -0.18549276629758 -0.140648415331695
-0.084852175004827 -0.0120567332752215 0.00778486913628917 -0.0908357605532224
-0.0431304216851011 0.0857728256054305 0.00424690559556434 -0.136948266923745
0.0455965314135072 0.0570070650819496 -0.0887876688256531 -0.22774961011171
0.0561020144353145 0.00288493054445963 -0.262240754183093 -0.232402921441075
0.053947274053892 -0.0318387057619019 -0.369859934938648 -0.15623552898512
0.051641365584782 -0.0281771392971646 -0.409683511760786 -0.0986376850156326
0.0431953622594125 -0.0184905302292875 -0.384524276002947 -0.144746653640499
0.0290777969012656 0.00486930184294776 -0.245934407792012 -0.227770022794045
0.00767290156009548 0.0296365218832814 -0.0510077587425652 -0.201336268384236
-0.0476412229067172 0.02879069099194 -0.0287648508728479 -0.018994230336858
-0.0346762947662852 -0.0675108673155937 -0.184373293900636 -0.0140028416282542
0.0858151640466906 -0.0726509361463578 -0.343868446602938 -0.32581158391376
0.121647332896413 0.0156357513195562 -0.152222280802821 -0.725040647889493
-0.0347139709322443 -0.218265838458347 -0.252366139266861 -0.388144747998446
-0.133069043715552 -0.185251952642651 -0.186868198301422 -0.138455992884536
-0.223864894903033 0.0135425769505206 -0.0210149641181115 -0.096583001474381
-0.116694863097586 0.216771895900257 -0.0218417210128665 -0.114708644314031
0.060944485690332 0.196106698112567 -0.0774706596210686 -0.193535415670506
0.14141451570029 0.112052613578572 -0.223638982862547 -0.200950539505237
0.194483872855109 0.0230076152916328 -0.319689056539525 -0.141570365326938
0.201864587457356 0.00710178534449155 -0.357885747885868 -0.10121892674924
0.208059999847146 0.0361629370439121 -0.3390244411846 -0.142321889760483
0.155409434893923 0.149370954195516 -0.209519110859511 -0.221036755132202
0.0361908308492211 0.219811309835746 -0.0324576252602245 -0.189349882981093
-0.156477935887257 0.241548396808703 -0.033210926799103 -0.0067148748958453
-0.269950565812486 -0.0148842928112035 -0.222249627495338 -0.0167347876503157
-0.128486376469185 -0.234060471055064 -0.354622151026278 -0.312603619424687
-0.0064758926242713 -0.247972798979108 -0.156862223454807 -0.665705041791698
-0.127172925152279 -0.371720955271389 -0.233318954513853 -0.305985294859465
-0.267137976317796 -0.264069063814909 -0.15579101082699 -0.109120733390537
-0.351628023522537 0.0537188830566915 -0.0347533987105234 -0.110930004794172
-0.175067539251527 0.341991932559887 -0.0520430017471134 -0.109797907053619
0.0772405234224913 0.318763381700572 -0.0803351399690883 -0.148383882410859
0.214625575207283 0.208754536679456 -0.172290717275456 -0.142368249087703
0.309702423425252 0.0723386830044937 -0.226574854305694 -0.105455586981599
0.321779339703606 0.0396903069619375 -0.250459802029354 -0.0872135097050323
0.339681306035639 0.0859058002370677 -0.23563494122351 -0.11751032988133
0.257082047158045 0.274124871898096 -0.129638467279797 -0.177947282038148
0.0568805549780955 0.383230915649202 0.00494714407363117 -0.139935359808442
-0.24941349031691 0.42383326287229 -0.0253668495725454 0.0285098752790875
-0.473324954462288 0.0390728022899883 -0.238951665346461 0.00671453297991314
-0.324197289636738 -0.366196790008141 -0.331696278514711 -0.25110326226043
-0.130603994986281 -0.474078734698469 -0.128336950239781 -0.516092290010477
-0.216954291589043 -0.480941283334907 -0.189655091893688 -0.161726557801208
-0.406151430577508 -0.304980332238225 -0.082852593437737 -0.0511740452590409
-0.464960425411845 0.11766566306086 -0.0284190049360202 -0.13005806021263
-0.205007828324646 0.460989261098518 -0.0833258915972949 -0.110236827241775
0.10121010287718 0.416716019142986 -0.0851843098254643 -0.0874957648657102
0.271580066679746 0.280530985734447 -0.104403270506842 -0.0583969233181214
0.388339358796847 0.110826476031446 -0.0995053291820371 -0.0515387485556196
0.392311436599317 0.0665049208565234 -0.103870285090841 -0.0607957059284991
0.41382900784158 0.123102759395865 -0.0928437052374036 -0.0757627976564954
0.312747460883659 0.356568157506461 -0.0178647396924009 -0.105412505277669
0.0658439464313114 0.489563049556057 0.0571812524962008 -0.0585701488640318
-0.302656479949466 0.540282254807864 -0.00662105565099093 0.0810356812794252
-0.600208856038919 0.0857599395098352 -0.227261820403269 0.0480111471032647
-0.458010398228922 -0.438293929051953 -0.268603523753016 -0.14936818706367
-0.222838418977243 -0.61518751325471 -0.0646097995739231 -0.302429319019182
-0.285546180325561 -0.528334671621235 -0.118620819235658 0.0315724325412247
-0.510450986387292 -0.302855189185545 0.034683978785457 0.0329597351121678
-0.53277291864403 0.185104391456611 0.00131645978542685 -0.140889219814952
-0.203375348012186 0.536796020556361 -0.103863732865009 -0.100796194862753
0.12324321857907 0.462205840968483 -0.0788121608992174 -0.00788559816510091
0.299367445705496 0.311374842842419 -0.0173144733528718 0.039382983191674
0.413058639974104 0.131246955201671 0.0465820791391367 0.0119810315906705
0.404065745803928 0.0803597715777783 0.0574415945731447 -0.0250378735548932
0.417168001391458 0.140281215802224 0.0646100187305527 -0.0245228457057639
0.30967174252055 0.378329487674627 0.103703332055575 -0.0171924110975368
0.0584299181507931 0.503592743934851 0.11223700591126 0.0401656998068119
-0.304378768925903 0.550086941169904 0.0162549990094972 0.1374265981957
-0.607377165591761 0.105449955439719 -0.189358420482053 0.0915466487307905
-0.492067595740667 -0.435983069466204 -0.179194250957424 -0.0387621153399624
-0.272943895763918 -0.646866566836006 0.0160432118748314 -0.0662462152129022
-0.31086544335222 -0.500137674953934 -0.0278366876586605 0.251025209639655
-0.531648012392046 -0.254899818442577 0.176906377788348 0.134473888000461
-0.515340896262495 0.215315886052036 0.0488710202001314 -0.130444943065199
-0.169689906421868 0.519477471995119 -0.104473613084957 -0.0746593909380605
0.123382405238441 0.431894402796951 -0.056058601771627 0.0796210095831971
0.279643453131071 0.29079197895966 0.0802656740747715 0.13630911695543
0.374761766607458 0.131949303685296 0.189822733871973 0.0752496811808347
0.354397129808871 0.0839112598012052 0.209936262436782 0.0151263512953635
0.354113289955704 0.138039793904941 0.208635712940681 0.0292937622720394
0.249966607422895 0.338462938401355 0.206491678515057 0.0692260453462569
0.0296203220206712 0.424407287925971 0.152288747997474 0.133138881171518
-0.256478320029497 0.438825440312426 0.0326095316659529 0.180089096437389
-0.492219063711318 0.0868547783390518 -0.140420639585829 0.121398446321332
-0.415088437612672 -0.360737127539554 -0.0856236611075596 0.0535513403041653
-0.269663100482143 -0.567307753929357 0.0974334214801666 0.147507981955163
-0.281274459221972 -0.387578281034877 0.0604219993002163 0.459617428269263
-0.445319829795932 -0.173323052843034 0.306796180726287 0.23923356329144
-0.394178249697207 0.194242131177242 0.106342725392715 -0.095834382829381
-0.10864960135558 0.39266385803034 -0.0802572219765705 -0.0424955975206541
0.0928977001274112 0.316290077961025 -0.0261070195924671 0.151773674942211
0.206836127445956 0.222808153461574 0.165290194214413 0.213806028008742
0.276260785390696 0.110834618623676 0.30734672198367 0.127789253489394
0.250419126412305 0.0745024248134363 0.331388106880609 0.0527244774982416
0.238584506785412 0.114434391125699 0.31613078706156 0.0790467884045677
0.151762344486141 0.247132762513689 0.27004105611794 0.142368106228646
-0.00657371570701661 0.279429329893549 0.162001691859161 0.198824870518928
-0.169255564966647 0.255683012235924 0.0319340698069843 0.193337863332673
-0.297958892405284 0.0514008266135717 -0.0939905952956101 0.127965872443481
-0.2719205898523 -0.231554403060526 -0.0107790955164427 0.106881436646897
-0.228415828078669 -0.404471278571801 0.164773448968201 0.305658614030538
-0.200478573760196 -0.209715685264018 0.125092069372616 0.624320728846428
-0.272941001017152 -0.0610353499059577 0.399372736370821 0.330986795991858
-0.197284519453019 0.136015312333979 0.166171031971086 -0.0491274877014511
-0.0267404743446844 0.189615166231225 -0.0385736579324366 -0.0211823952346397
0.0395906977117972 0.144097139309173 -0.00352408007670978 0.188852066816989
0.0949467020823548 0.116679987857568 0.216674419701993 0.257865007585055
0.129149857467666 0.0740841842872007 0.37728475959864 0.162720727500047
0.108166040355478 0.055289028985211 0.404829770486599 0.0828313157321816
0.094616239729937 0.0752319516168779 0.373370349864224 0.114987685323278
0.0437035679476572 0.128060035890678 0.28694897796315 0.189685909409599
-0.030809981454366 0.113404563463442 0.143930879069114 0.231080928227953
-0.0668601884030291 0.0688753247763497 0.0217077886056076 0.180411517172074
-0.0964700963317542 0.0250239547069284 -0.0525257662504975 0.116237948850838
-0.121173121879228 -0.0780505020125346 0.0397780299881217 0.123076899330868
-0.164575045681201 -0.193300526124437 0.212212370940883 0.388506816330796
0.0508951532801508 -0.0404225266713162 -0.255713541629819 -0.373917709143157
-0.00746640068999208 -0.080423360107174 -0.183570703690626 -0.128578310820363
-0.0841406343284064 -0.00794376829739216 0.00058703799884546 -0.0895476169442986
-0.0391965378752475 0.0865608921272665 -0.0052173734073968 -0.130547669826677
0.0467648137445087 0.0531661458920134 -0.0956885349277256 -0.212517697932287
0.0544980283936354 0.000681589661150751 -0.261065369446393 -0.212048517180134
0.0516783797250237 -0.0334750072863055 -0.364066632171366 -0.133972520020003
0.0499924343658518 -0.0307886197384693 -0.39858509027238 -0.079255607876785
0.043607887681164 -0.0194355922914311 -0.374311648641542 -0.126527444573181
0.029314699712116 0.0056234504895939 -0.243472298717424 -0.21364450017506
0.00854611136563359 0.0305173432704271 -0.0523888253317176 -0.194299232930428
-0.0456064512374371 0.0312951555612652 -0.023462161209288 -0.0141644569336926
-0.0382252003633398 -0.0645431715578108 -0.17594714197157 -0.00521179837828111
0.0807900753606348 -0.0748074115154407 -0.344654773138588 -0.301462390543788
0.119069334356526 0.00965112337246111 -0.166573659289606 -0.688783526322201
-0.0376208255328631 -0.208855222938378 -0.252342941621496 -0.361257792182897
-0.134084161882517 -0.178100977884391 -0.184524388151668 -0.128071911770585
-0.214697043988702 0.020331029880307 -0.0274891325161093 -0.0948780935897568
-0.105024288467308 0.213891462161973 -0.0288899034090908 -0.107814701912247
0.0658966005521313 0.186942067384964 -0.0847412014086428 -0.180313207567726
0.140664466976047 0.103930747659558 -0.222899740724971 -0.183470282007684
0.188664587248232 0.0145342849799122 -0.313510224259281 -0.123853257199315
0.195384753925867 -0.0016680716497874 -0.347901874886861 -0.0840468786539443
0.203544056833813 0.0269658905773576 -0.33014056621198 -0.125293711800237
0.156788387604618 0.139891055463455 -0.207853983372079 -0.208767658115864
0.0424611707612332 0.212310451431145 -0.0350236706003768 -0.182629289893607
-0.142675398552294 0.238706122996406 -0.0271035860495369 -0.00280758258440374
-0.261681907711465 -0.0069225613238968 -0.212937295145597 -0.00453676652987697
-0.12976714285978 -0.223309509401075 -0.353715876579861 -0.287959637298579
-0.0097797065613032 -0.238073890878671 -0.17023907572188 -0.6323729605505
-0.13074103936211 -0.351436475764598 -0.232972273273979 -0.28512601147148
-0.265783026327184 -0.249031954157802 -0.154012003027089 -0.102739798450781
-0.333869880585874 0.0608034114025416 -0.0411560790583579 -0.109547212287404
-0.155208936966817 0.334619454726011 -0.0590105105967411 -0.101321244833912
0.0854757172295327 0.304059171737671 -0.0871128065542573 -0.13799861754774
0.214515900668747 0.194668268330442 -0.171751503840926 -0.128657644558364
0.301316752909875 0.0585085500121465 -0.222158126133635 -0.0934206559516055
0.311411676991401 0.0268239885569973 -0.24410187351944 -0.075228286334061
0.330093191660187 0.0697880658175951 -0.230158240743372 -0.105004824079795
0.259244017250978 0.255133613919307 -0.129944918357399 -0.170112861932348
0.0675955289350815 0.368805519167063 0.00235689632577453 -0.135695992747634
-0.225089927004313 0.417125292923888 -0.0182825868023284 0.0297652598149559
-0.453122908979719 0.0511422094860215 -0.22874899881199 0.0203943128501826
-0.322614249563879 -0.344582134199711 -0.329682014359983 -0.227996000689721
-0.13404042960375 -0.449466984686299 -0.137478007059174 -0.491317063490328
-0.220327327072858 -0.45264278163871 -0.18807823195518 -0.149744013086257
-0.398911507122793 -0.284290007772421 -0.0817813509221377 -0.0504339628052929
-0.439112559298344 0.126563610035416 -0.0345826933122551 -0.128441492090571
-0.179803535317391 0.4482287351548 -0.0886830372010058 -0.101005753256719
0.110627758711457 0.397594871533258 -0.091889938735325 -0.080017245389779
0.272156728630572 0.261263533197582 -0.103371808649513 -0.0511555276356334
0.375390314894754 0.0936479748090964 -0.098090041658086 -0.045604961322954
0.379101736238824 0.0502804920347616 -0.101314509703722 -0.0552743403587231
0.401153062628495 0.100787066514115 -0.0907069290124758 -0.069515380618441
0.315520055520689 0.331955169397161 -0.0199216764012228 -0.105021304278369
0.0799444410201296 0.470414239276901 0.0551183355292129 -0.0593583098223652
-0.272920116834916 0.531218821553867 0.00224650008235372 0.0785540329659994
-0.574039092473272 0.0992929200418284 -0.214948110768016 0.0609881654049874
-0.45249501171257 -0.408938628058737 -0.266796478985944 -0.132846377538281
-0.226556873966559 -0.581205032448851 -0.069936239183697 -0.289266922047514
-0.286882534087798 -0.496035614626956 -0.114716346284757 0.0328202192668166
-0.498611018085255 -0.277567759097844 0.0337740547206365 0.0255849702905201
-0.499406972382434 0.191059190152805 -0.0068521102050906 -0.140228566841729
-0.176000674795357 0.521391043205512 -0.108615547067364 -0.0922242350718138
0.136090590917625 0.439826723917242 -0.0835211048711901 -0.00434775545072005
0.298873141574271 0.290305984919236 -0.0161190404966436 0.0404469890593545
0.399808228159737 0.112164613045403 0.0455190603994494 0.010022272287134
0.389931294147269 0.0643264455441122 0.0555999527426866 -0.0266581403436492
0.404716496244366 0.120731351886213 0.0630093056209509 -0.0259161219027671
0.313100378612817 0.352810583620347 0.0996269707968718 -0.0239998715180802
0.0720488610149579 0.483324158419644 0.111067972045683 0.0341293037787498
-0.271414912563377 0.536576179697032 0.0254633258511929 0.130931093135139
-0.578703921874647 0.11748255489843 -0.177578486850932 0.102098172161534
-0.483198251755584 -0.404483104577459 -0.175447532247286 -0.028449449959471
-0.274617724818749 -0.607785466688452 0.0141832366646843 -0.0679104405399624
-0.311231982293451 -0.466553626747266 -0.0230675924526096 0.238899545676941
-0.519566617719333 -0.230557800800653 0.174099390208956 0.11715809941927
-0.482203132901049 0.222949014368776 0.040318533666189 -0.131821311021687
-0.143699836507457 0.503149960028664 -0.10856050097674 -0.0678874147980593
0.133813073838659 0.41035394810144 -0.0593868139250948 0.0788806026749572
0.280534977759395 0.272144541257659 0.0812023959402131 0.130985343051107
0.363608419126057 0.114645974270805 0.186153089895213 0.0656971231166376
0.343086524301661 0.0709913246044309 0.203970121175011 0.00561225675969657
0.342895699951157 0.120552796469982 0.203094186113521 0.0209069354546482
0.25252402451893 0.316603290110041 0.202282963432021 0.0563869472125542
0.042255384750732 0.407665715750716 0.152507588298251 0.122083781305618
-0.227761880294968 0.427745954106193 0.0408441340636308 0.17014050360428
-0.466106817753911 0.0974738556543374 -0.129636685869195 0.128370136127486
-0.407974857312673 -0.33468608184276 -0.0816522526350585 0.0583508982284343
-0.271033841864671 -0.534056035221694 0.0987538601526059 0.134788242035705
-0.280898992623961 -0.361836085554198 0.0675820135667584 0.435619369890339
-0.432807648136945 -0.151828347441041 0.303755325093422 0.21442803475709
-0.367536830740646 0.199154266966865 0.0978929673366384 -0.0998183389368744
-0.0889370214081117 0.37897639903901 -0.0833373422010881 -0.0383468608209164
0.0995244906147685 0.301187462366325 -0.0274201830005371 0.147310019145713
0.207288895680264 0.207623261929522 0.166631241785571 0.202419140388789
0.268245324675919 0.0982987994903553 0.301816791004735 0.112819704303933
0.241333478513998 0.0650533382255803 0.322591087047858 0.039065889511842
0.229254208857373 0.101757110402819 0.308383516379659 0.0641542709430802
0.153940146730141 0.231668335756913 0.265332005884934 0.124946676476427
0.00350209994248277 0.267122558677796 0.163896287237714 0.184344266677481
-0.151801349880772 0.24826643191005 0.040939059037139 0.183058592431644
-0.280348582409183 0.0580595537530024 -0.0846085045292016 0.131389131588794
-0.265728798068547 -0.213968627832519 -0.00744284535951025 0.1072372806413
-0.228369766610868 -0.376500162949959 0.168125641450439 0.283233491661242
-0.200122406431932 -0.193188288385572 0.135916684201321 0.591552990254077
-0.264028025013458 -0.0486196901477274 0.395494784719985 0.299588098848292
-0.182114727434662 0.13690350968449 0.158328829293013 -0.0560946116071932
-0.017997306643837 0.18152780449067 -0.0418725553707947 -0.0200023420246408
0.0427046993499624 0.137437898995298 -0.00207314697133181 0.182237505181423
0.095134763199304 0.108513010775049 0.21771401606561 0.24294447226078
0.125761598954586 0.0671512553035134 0.370082151623239 0.143472723970335
0.104439149107969 0.0513024402299661 0.393858382723743 0.0644291078515059
0.0894738927200867 0.0696017333555166 0.363638186975695 0.0967709674061997
0.0455491593209173 0.120246303729345 0.283747802327324 0.170697683375417
-0.0258177478974124 0.107891312178579 0.148424879832548 0.215129467812875
-0.0599288704112045 0.0651751130130838 0.0299092262757254 0.169551079413476
-0.0873658021704194 0.0269635353995412 -0.0456713608519648 0.116571022449258
-0.11731489625848 -0.0701976818358656 0.0423594660275845 0.121284222194562
-0.163612317225425 -0.17682503763685 0.215853784568919 0.361541039127503
0.051835780706254 -0.0327911148245228 -0.223816042428485 -0.374648750339738
-0.00372598633613064 -0.0792348292185312 -0.17231782279383 -0.131981682204962
-0.0842818554993204 -0.0123071326260912 0.000252947327990328 -0.0840447118529701
-0.0438225022393389 0.0836688742508691 -0.00171284341896459 -0.120426783780001
0.0410813156863192 0.0566379137870906 -0.0816601688020667 -0.202886636111074
0.0524907117483162 0.00617733748522908 -0.242191307274887 -0.210748684038331
0.0495767412690396 -0.0321955914068005 -0.346716937256922 -0.143636114920296
0.0511948550638757 -0.0298632605607722 -0.380611463846538 -0.0862588289191655
0.042670513493979 -0.019070358466062 -0.356747770778699 -0.132839431850405
0.027535712453851 0.00754698791945765 -0.227739416960691 -0.214223191179969
0.00698179635813605 0.0315518311455213 -0.0413675470334419 -0.189351394382245
-0.0468085786562378 0.0299201050749132 -0.0192006665951173 -0.01215666516986
-0.0395782749168365 -0.0658221215326778 -0.164735259132879 -0.0134926123598025
0.0771271162297581 -0.0774567331057512 -0.314877835233219 -0.301056817435136
0.110647264945328 0.00595646733760491 -0.117423135377774 -0.658748083596601
-0.0218981501626551 -0.202249708900388 -0.230252518110696 -0.360144906685089
-0.118526498878487 -0.181834913991009 -0.17610955463128 -0.128356817955905
-0.210002067746493 0.00567535216877298 -0.0254758512135673 -0.0855088555503847
-0.111800846813216 0.200988695572655 -0.022995699686275 -0.0930245970105504
0.0525866259956577 0.18526477818992 -0.0683671074225807 -0.169666617084498
0.130683523879731 0.109903564129322 -0.201719454732711 -0.182789059281211
0.179546308851124 0.0212722129433879 -0.29471988333411 -0.132046905398645
0.191833005302332 0.00601923255793906 -0.328815603381173 -0.0903827331863145
0.196648406019414 0.031936204629525 -0.313546402434897 -0.127290737655202
0.149070932268327 0.142330919624274 -0.195166387345488 -0.205278248059596
0.0330309268421418 0.211964736028022 -0.0302489490357479 -0.173919611230815
-0.146466566061219 0.226035458926271 -0.0333478498785334 0.0025572111576869
-0.259070607689699 -0.01974987805491 -0.205383796924387 -0.0177745625162873
-0.120672556004523 -0.229251342477711 -0.321467713464102 -0.296551378618905
-0.00494162256791355 -0.235390750476146 -0.117739914332768 -0.611677363482816
-0.10040234569403 -0.348238257632818 -0.223271294305869 -0.285791700077664
-0.241014171326866 -0.258825826206566 -0.150523331905826 -0.0996626812891593
-0.325969840186508 0.0372994743808 -0.0365573417481608 -0.0960060149005544
-0.165230024578955 0.311733649465446 -0.0496946761317784 -0.0834214442414417
0.0648076830256264 0.298765707600473 -0.0687044249879891 -0.127022046644043
0.198406488786014 0.200626222496226 -0.151363632606101 -0.128843615658478
0.286391009963017 0.0703056332664762 -0.2047556040648 -0.100936786911256
0.304280689787956 0.0408739934044688 -0.226755342890649 -0.0789686293494293
0.318881367389235 0.078958386602389 -0.216850740820541 -0.103761001396255
0.245844736683215 0.259202324036289 -0.12180319483633 -0.16369879308388
0.0525546809006827 0.365676543927909 -0.00120399820431185 -0.124608287999211
-0.231373539126607 0.393547489238503 -0.0345039238932686 0.0374882461119806
-0.447331959908127 0.0277801834572402 -0.22638602406517 0.00239336958619996
-0.301204258585344 -0.353244862711934 -0.299114241812034 -0.244121778804653
-0.116196818536744 -0.440358707654807 -0.0883693394234972 -0.482287920592801
-0.179690587228673 -0.454132866505302 -0.194845492317089 -0.152009190323605
-0.364856611531143 -0.301525688177201 -0.0847222939584872 -0.0438150182335558
-0.43087617838926 0.0922145558188366 -0.0273024567427447 -0.109696027486215
-0.193509025742555 0.417590289503883 -0.0760115798988582 -0.0810933642053275
0.0851541130509903 0.389363408224367 -0.0726475023451224 -0.0706839923857389
0.250640725355924 0.268174639501678 -0.086579165736359 -0.0523520685345271
0.357974347122196 0.108447285411634 -0.0832847332402658 -0.0527184421702802
0.369950952881791 0.0687734743145405 -0.0897811204855464 -0.0559558103853189
0.386891836079322 0.11373838109732 -0.0833074302175858 -0.0649382385802105
0.299651368809028 0.336030657542663 -0.0184360808565652 -0.0966279552352985
0.0604536469092241 0.464585617909575 0.0435278942752946 -0.0476608952612173
-0.280394689099281 0.50220768867075 -0.0227146011445853 0.0859673623095799
-0.563620138020944 0.0692360922048307 -0.219162499669508 0.0403883786973681
-0.423542277177448 -0.420597138058216 -0.238830728022553 -0.151773080205924
-0.199720126484339 -0.566467173337824 -0.0335510007701411 -0.291516273912354
-0.2400252187554 -0.502117776103509 -0.13858991736827 0.0282639267473947
-0.464431376598185 -0.302774415284703 0.0230392145329325 0.0373359221924647
-0.4953488151534 0.151167219807655 0.00360275643992738 -0.117148963945469
-0.193419243127926 0.487134799720942 -0.0933427829225599 -0.0722929444933227
0.105526213804247 0.430705835297971 -0.0674128068557295 0.00148142074233825
0.276044136921554 0.296310962713346 -0.00580829835027757 0.03819253921123
0.381286075000023 0.128896097167632 0.0534623610072187 0.00547607874641729
0.378437510503838 0.0843374603770781 0.0604859501433408 -0.0246885156043499
0.388693154219935 0.131422513947677 0.0631893762485979 -0.0180727908721611
0.297071870849232 0.356241602466227 0.0944876146068998 -0.0154646611593131
0.0537512691564376 0.478075863064199 0.0937238873536617 0.0439248087395629
-0.278852100538103 0.506824204011717 -0.00223860684136323 0.136566549176335
-0.568213179979466 0.0888515445349268 -0.185165488688289 0.0817623434842818
-0.452377983333953 -0.414043176410466 -0.158224816196807 -0.0471090442293223
-0.242448724705843 -0.593044230770278 0.03314889644432 -0.077619951007759
-0.268121594714655 -0.478034520999742 -0.0621753817346746 0.232431152698795
-0.486652450914476 -0.260134449175411 0.155337421880147 0.132174318129105
-0.478815340307146 0.182080018186724 0.0503357859593866 -0.107783904107184
-0.160404203383939 0.47016578162806 -0.0937815889259814 -0.0513326192501689
0.106077649944536 0.402341119071117 -0.0484379887679616 0.0806457299071809
0.259230260963771 0.276424101023356 0.0824234440283546 0.128034703850735
0.347147463784805 0.129718946536271 0.187078088499965 0.0642946961224816
0.332282375838304 0.0885852097455202 0.201490740146222 0.0106877433331962
0.328505292657776 0.130392854948868 0.196689076560045 0.0300249564222706
0.239273815985853 0.317595633994028 0.191047421297164 0.0636182971199963
0.0277653082285691 0.40213956001766 0.131595507803885 0.126870073911251
-0.233477580876041 0.402689020735864 0.0162844764016131 0.171515748116128
-0.45530296277463 0.073585087981949 -0.139051248236996 0.111278065681675
-0.380317515705959 -0.33943405897199 -0.0741784121176512 0.042257016837788
-0.242399307944422 -0.517683306047318 0.0994358734831953 0.119720502041013
-0.24443411564362 -0.374288944585088 0.0184612061001803 0.42752209062563
-0.409558286434728 -0.177800953564494 0.277837554757057 0.228820506400354
-0.368079917341343 0.168461711273014 0.104364247408779 -0.0787411107846088
-0.102951302809315 0.355122899846959 -0.0735003879074589 -0.0273487938120086
0.0802173948633643 0.293840719003878 -0.025240089263963 0.145495340575117
0.192016280757436 0.209967666240618 0.158070853246291 0.200209329029068
0.256168371109051 0.109664669913541 0.294561650461394 0.114997846788758
0.232552678614094 0.0789628719612178 0.314026448398856 0.0453003905439829
0.219689651516896 0.109218371190409 0.296502135089737 0.0735885270622565
0.144568999618244 0.23106447154282 0.250220917242085 0.129234810366995
-0.00569436033757746 0.262115370871437 0.144395385419058 0.184113530476267
-0.151470615576414 0.232903717336412 0.0220953170975426 0.178334833387454
-0.271611193821841 0.0447251386936435 -0.0916897623128756 0.119315368548654
-0.247125789013974 -0.215298234385051 -0.00776771034707937 0.0979194068223137
-0.205150687712344 -0.364320159480812 0.152593823846431 0.266765028259415
-0.177847888620647 -0.206111297639559 0.0831939985202429 0.57927045819868
-0.252326739707915 -0.0683495927104913 0.366260199415377 0.312488509580112
-0.18383337435223 0.119524475754353 0.158661926675071 -0.040921093526962
-0.0248460040300875 0.17062675496317 -0.0378521810909215 -0.017171714253865
0.0351048737148513 0.133421613760867 -0.00872811669449868 0.177097743563537
0.0883049291062396 0.107708811243532 0.201268966421119 0.241678791826293
0.120474736105564 0.0729451250975316 0.355805680733636 0.149417751263222
0.0991340125592579 0.058411948004355 0.378546771043362 0.0717360961330784
0.0848450279864976 0.073436380336711 0.348702035913505 0.10395373794323
0.0411887767494239 0.118588432372477 0.267824261768238 0.170897110638597
-0.0282931956067009 0.103601414619385 0.133535181985353 0.210221079177141
-0.0570557692692215 0.0594507434932281 0.0200677331841581 0.161601182384964
-0.0820297376290764 0.0240245926207005 -0.0490164840916763 0.109836399689173
-0.108755379253941 -0.0687755463402917 0.0360851760071229 0.118221741752271
-0.149183302144027 -0.169338438119783 0.188037389444999 0.34656285163557
0.0532885802958912 -0.0327213512047567 -0.209918601178214 -0.368715527055599
-0.00391554533042693 -0.0826055304972525 -0.16754626903532 -0.132727088209705
-0.0851485381494658 -0.0125221814808425 -0.00275400551210562 -0.0847458457429619
-0.0446276359772432 0.0856239443849274 -0.00491162202714961 -0.11632288220089
0.0408825284022499 0.0566460692786972 -0.0802891057198679 -0.197142787615396
0.0525094448995068 0.00699862254908919 -0.23793452310105 -0.207106557636891
0.0502537614998166 -0.0324275764001897 -0.343457227317933 -0.142007703445931
0.0517640174100612 -0.0309244212609784 -0.375174161858934 -0.0886172629121857
0.045268732216087 -0.0193811180982289 -0.350949069296085 -0.135468957408651
0.0294481863528869 0.00878769155252166 -0.221869211403723 -0.217069055991514
0.00696066378564952 0.0334342856930384 -0.035231794691053 -0.189450756101291
-0.0477621999005731 0.0310510836983813 -0.0136538664824758 -0.010276873730138
-0.0409710164411768 -0.065717221730444 -0.160939454196647 -0.0129787134590551
0.0776278804607444 -0.0782161508182147 -0.30995307670272 -0.299702643522965
0.110281965494192 0.00562182683205685 -0.102015087992529 -0.649435539460174
-0.0154452967238071 -0.199474969135967 -0.219544510926173 -0.356253636762055
-0.115185085076844 -0.185387229256045 -0.171565091510169 -0.129789786296805
-0.207273294432419 0.0023164855883815 -0.0289691240618037 -0.0876719301550239
-0.112520359321558 0.19939956921655 -0.0261812745581828 -0.0897420626371263
0.0507973557318434 0.184129246979545 -0.0687226330946875 -0.163743885029096
0.129140304185844 0.110531591943513 -0.198385023349604 -0.179386061918109
0.178070162719566 0.0223907335059225 -0.291154728900048 -0.131847219586283
0.190745419935254 0.00651333900518078 -0.324724339161858 -0.0925086600838489
0.195655192475479 0.0322931378543965 -0.30738258571393 -0.130140450572637
0.14797829834042 0.143529779803037 -0.190359973124706 -0.207873683886015
0.0307003334522064 0.211521876087734 -0.0247168947313574 -0.173392865104563
-0.147666783288916 0.223163168874883 -0.0280029235177546 0.00414176871907839
-0.257564786496681 -0.0236411819325978 -0.200776056969739 -0.015940910704976
-0.114913663310932 -0.231332157633484 -0.314590215180308 -0.295158674685097
0.00260318312278846 -0.233199850723602 -0.103396078021528 -0.603089114382634
-0.0895866895779719 -0.34260758582801 -0.215427488340304 -0.282862480676943
-0.232811733107815 -0.262723865324572 -0.148089183538029 -0.103078582425075
-0.319882265540477 0.0303572122228999 -0.040200628396668 -0.0986059896822926
-0.16535626766692 0.306348362362055 -0.0526755591797257 -0.0799291015013607
0.0611956725815889 0.295558216397282 -0.0709058650330749 -0.121999703031689
0.195047938335692 0.201980057107644 -0.147969089076365 -0.125421486829136
0.282356661939047 0.0726653704316276 -0.200703765166651 -0.100821066647027
0.300667087164142 0.0432294645335879 -0.222904747661035 -0.0806219117906119
0.314012032202176 0.080301895997556 -0.211756349692886 -0.105409268414533
0.243189870131532 0.259526451172166 -0.118239903884244 -0.166383793961638
0.0474154148392056 0.363915989213514 0.00351353914473641 -0.124239034052053
-0.232551702603425 0.388467050386061 -0.0293909677114866 0.037450799070905
-0.444743304440857 0.0204398185064744 -0.22118958452659 0.00558038393786388
-0.290531331006159 -0.355493398310615 -0.294661739361575 -0.241629955114406
-0.101890691934866 -0.436067719114349 -0.0786459341348451 -0.476745331172256
-0.164824091335534 -0.44654817536008 -0.190897719584839 -0.151740550349086
-0.3559893075303 -0.305956691771647 -0.0852301854131001 -0.0481154220616217
-0.422967966798183 0.0826224787280934 -0.0311423875368034 -0.113488100329455
-0.194680918768411 0.409158081796094 -0.0793063429151629 -0.0780927554426254
0.0793657169858126 0.386260656191396 -0.0769888421073251 -0.0663801564850958
0.246616530432117 0.268809770749403 -0.0850848244556279 -0.0497025624011782
0.351674420426915 0.110963942627825 -0.0815392417176951 -0.0523891486453809
0.363767598584466 0.0719392086206857 -0.0873306789462176 -0.057628558712753
0.380294913103803 0.11555763381367 -0.0794584158736712 -0.0656469431182356
0.294466214975538 0.335873935631373 -0.0166064486783195 -0.0994195611862928
0.0553000461280518 0.462008423995685 0.0461892104918643 -0.047733876434074
-0.28174597553896 0.490789188639934 -0.0175774511498452 0.084611058726932
-0.55894786504402 0.0581765151841287 -0.213982217797481 0.0445128479026821
-0.41063209711432 -0.42189322447998 -0.236800977769053 -0.150881964440632
-0.182357240847648 -0.560170068094992 -0.0268461634308084 -0.288987298386044
-0.224964595293494 -0.495256377524379 -0.140134648256676 0.0248599281936807
-0.452639575388682 -0.306531700083882 0.0200556558004996 0.0320417538772971
-0.485771481436861 0.140177357481059 -0.000496771424495451 -0.121454369642562
-0.195042563666104 0.476275111562542 -0.0964151423904449 -0.0708048694124242
0.0985616591265429 0.42706998787427 -0.0745951269691776 0.00444760879913503
0.271773546399264 0.297288419900407 -0.00601056791481978 0.0408021502940034
0.374609748096941 0.1324774104751 0.0538615806590566 0.00585322689271893
0.37172479538192 0.0876004532010256 0.0611236623843736 -0.0253595668933705
0.381143071283785 0.133905502776371 0.0647892499089553 -0.0182100408224638
0.28961075010564 0.356731600770082 0.0939397901396768 -0.0179693107156569
0.0478470001355553 0.47280041104727 0.0943021443176775 0.0430339394190678
-0.281379304580382 0.496432798850029 0.00149790543326414 0.133950054978142
-0.561646837337359 0.0747444248301741 -0.181102207236278 0.0865999542556617
-0.435691119668732 -0.418329158203114 -0.157273788588016 -0.0457242270012391
-0.223739484063007 -0.586600098261794 0.0346142166571878 -0.0787307455554514
-0.253794290436391 -0.470364159817005 -0.0691739832274197 0.226671187241779
-0.476531945470463 -0.26432056980496 0.148724861980421 0.127397739174352
-0.470912144384515 0.171818407422097 0.0465784616194671 -0.111308956400403
-0.162677674688634 0.460780649839329 -0.0975434267426631 -0.0508283775708238
0.101468799146624 0.398797244166466 -0.0575884515898304 0.0823073319804292
0.255725726326009 0.276906141502046 0.079985671016347 0.130256864456054
0.34028764458534 0.131477652587523 0.185446545125486 0.0653482656216527
0.325632504416792 0.092430797333876 0.200277489117375 0.0108307527577557
0.319694573883335 0.132790835988607 0.195683271700974 0.030618022257071
0.232085170354824 0.316435928825048 0.187831582209286 0.0613230206475391
0.0221240441607343 0.396934821743065 0.131162269634733 0.125114772070536
-0.232910545302555 0.392466696590237 0.0179023923789098 0.168000485656786
-0.44858183493969 0.0634176883183753 -0.135398980896654 0.115498035250406
-0.365985545345274 -0.343423345811138 -0.0753330969061203 0.0451514519555808
-0.224890089787802 -0.51035064149368 0.096105643228221 0.115415953045502
-0.234770232474106 -0.369597068356221 0.00558154269096866 0.419221216009085
-0.401606125399805 -0.18065526701797 0.268865293742358 0.225002649421508
-0.362518540728136 0.159840986342212 0.101260572086608 -0.0813202101316194
-0.102773557832335 0.34779911595708 -0.0771491946892468 -0.0283085223686382
0.0763461834874763 0.291480111560239 -0.034058903122447 0.146249380868441
0.187997562230654 0.209870946446713 0.153762122545315 0.201770794774294
0.250891210230711 0.111561471849043 0.291393874805192 0.116277999440307
0.228588800232333 0.0822282633308096 0.310393405580723 0.0454152460158944
0.212495203026381 0.111801514295225 0.29332263327038 0.0742107804986601
0.139562121501539 0.22981254424776 0.246266050476589 0.127104374258412
-0.00899464991684516 0.257562411765574 0.143015806361792 0.181658429784968
-0.150242710824821 0.224782189629932 0.0235022606200381 0.174742252368898
-0.265117227727537 0.0383462505558847 -0.0895373289984933 0.122054222217796
-0.238471510840352 -0.215639241069462 -0.00946377557596776 0.10099855152536
-0.191951878922821 -0.358081113767804 0.146436931891237 0.260742173307285
-0.173102218565266 -0.204493805921315 0.0657143700409273 0.569484924653352
-0.248480195817279 -0.0687465910438195 0.355695336869169 0.306167392120151
-0.181599487253971 0.115843294943542 0.156352222054667 -0.04289256005756
-0.0247699736102025 0.165843737815434 -0.0411410112401446 -0.0186119585289568
0.0334827333431166 0.13228210852123 -0.0169814884535846 0.176347589127096
0.0859552327139023 0.107368526426933 0.196597125473721 0.243754568990896
0.117266216041418 0.0739484324093519 0.35210327652582 0.15028290770071
0.0965543789045107 0.0608422068922629 0.374845935080576 0.0731160988367982
0.0791777231033786 0.0753103224947446 0.343998403457632 0.104817047178923
0.0369425492196895 0.116826153509163 0.263292807311111 0.169539306289799
-0.0297624457237947 0.0999500186276072 0.13149466011219 0.205816791879445
-0.0555573207042777 0.0543305490332054 0.0212777369379082 0.157601621157138
-0.0769178025404806 0.0218360033918647 -0.0474270547275462 0.11183102282255
-0.1043538819392 -0.067847883070327 0.034390963720941 0.121049542049567
-0.143280072961678 -0.165280605467035 0.180681801087595 0.340428719647219
0.0556786583340461 -0.0343696153236837 -0.204911441240724 -0.37457151754237
-0.00554447042688625 -0.0878050236057155 -0.167140128107608 -0.137261273247025
-0.0883709698866746 -0.0130482320591039 -0.00583461560968085 -0.0879177371588149
-0.0464164989345335 0.089987913476665 -0.0086955332027104 -0.115599243273081
0.0414581571383528 0.0586588943926252 -0.0811433700254783 -0.195737053458548
0.0543457247116546 0.00793787699135451 -0.240635508782329 -0.207549796471001
0.0517248873373009 -0.0328392217308952 -0.348711961376895 -0.143194214214871
0.0536440838746053 -0.0328765331513443 -0.380479685595529 -0.0913294712331898
0.0484548290601748 -0.0209725749189846 -0.355166954582291 -0.140362069637248
0.0319504749782925 0.01040779276392 -0.222804222785278 -0.224593388572304
0.00730297398740531 0.0359940741465612 -0.0301239420425005 -0.195193479419469
-0.0495811883303822 0.033653443035293 -0.00831442005033168 -0.00886751929149459
-0.0432040901594037 -0.0673249684611376 -0.16119325660166 -0.0123977737987973
0.0795239584862398 -0.0813311926205975 -0.312133854415465 -0.305663626137797
0.113079344386099 0.00510515782727207 -0.0946312437955982 -0.65575283574453
-0.00984330250707378 -0.20281954219434 -0.214187348772639 -0.361776429918859
-0.115556821224151 -0.192637466964114 -0.172706716547941 -0.134848501155604
-0.210228753462336 -0.000974281833196157 -0.0331217357455932 -0.0919697507468858
-0.114963577181612 0.203003413804448 -0.0301621519279586 -0.0879851896166903
0.0507169841205845 0.187563454515382 -0.0709587208918509 -0.161756856171075
0.132105585063773 0.11428059936762 -0.199984984719026 -0.179192086374038
0.181435330174038 0.0237754533290995 -0.295696798501494 -0.133634350962826
0.194227019729141 0.0072341819346476 -0.32825759222145 -0.0953854719643219
0.199807487130598 0.0330936536285053 -0.30986439621128 -0.134865929960757
0.151681063663873 0.147903742461812 -0.190919003631159 -0.216029437689094
0.0295606446853527 0.217538034139879 -0.020129762946023 -0.178476594796654
-0.151318025188888 0.227277514077233 -0.0228820214090051 0.0054070544728322
-0.263588345686213 -0.027429078341356 -0.201695897082656 -0.0140473995383334
-0.113673251142159 -0.23924082943581 -0.319557083339963 -0.300259496805323
0.00934283808378874 -0.237534654714883 -0.095901531120063 -0.610529123628397
-0.0815711895151924 -0.347423874603844 -0.213267028416559 -0.28657059804233
-0.233448017916834 -0.272071044123079 -0.150012407558382 -0.108265665947651
-0.322288139270775 0.0249145864048463 -0.0457503171197267 -0.104108601764255
-0.169555026169928 0.310382968931163 -0.0572880007283308 -0.0782937094657987
0.0601447362102338 0.301807359353966 -0.0747676567764734 -0.119059197254261
0.198364992321492 0.207122829223244 -0.149160961457455 -0.125465435025139
0.286521180386192 0.0759291100835031 -0.202729677594681 -0.103031611527198
0.304938540937649 0.0451475492277747 -0.224156177416274 -0.0845566407257309
0.319238894570329 0.0825842408153366 -0.212340804985111 -0.109752032052855
0.246357747195578 0.265844543906382 -0.118758105653562 -0.173528197102054
0.0451007142655712 0.372279441613865 0.00829788450089765 -0.128159353311801
-0.23867602935022 0.393193648098368 -0.0240704999420277 0.038525161356261
-0.45174842469993 0.0146338592002323 -0.222090609534728 0.00935364821104068
-0.289307000107408 -0.367369678900774 -0.298325933534175 -0.246721709205689
-0.0930146906790635 -0.443779953666327 -0.0731087184866918 -0.483326255754045
-0.155800913997034 -0.452851099324446 -0.192641768086706 -0.155513718028162
-0.356619718642563 -0.316716603945108 -0.0883737613484313 -0.0529726657038583
-0.425980200037398 0.0763223512871892 -0.0371418332189954 -0.119890625056045
-0.199633438247691 0.41269224525531 -0.0841045036008727 -0.0769830365052817
0.0785205679247417 0.393130192593409 -0.083041104358922 -0.0630314132347444
0.250389849063238 0.27530872906838 -0.0854906608000295 -0.0476255690906957
0.356061955061079 0.11539997918327 -0.0815597978988048 -0.053751759734926
0.368635642331766 0.0752141891056559 -0.0870947410366554 -0.0602505359767046
0.38414399050128 0.120302999782812 -0.0781733084588435 -0.0688316860409746
0.297963760947499 0.343356293643146 -0.0165557960536581 -0.10465060217276
0.0517484162933293 0.471444276835835 0.0509015606285547 -0.0495682107401166
-0.28956074560819 0.496971249992219 -0.0137381044263376 0.0858187108596446
-0.569002244282592 0.0520121110413459 -0.213784516755748 0.0492737543613417
-0.40728525988642 -0.437938961323669 -0.241245639866128 -0.153230185428946
-0.169570363502011 -0.569744271458484 -0.0244237675014558 -0.294800403604727
-0.215548159096801 -0.500472243625609 -0.145226063361617 0.0235575105016981
-0.455249656595203 -0.318154186582028 0.0164453427853467 0.0281806737702087
-0.490463990084975 0.13232870764413 -0.00575992600839715 -0.127963848804162
-0.199945088302689 0.478882226733192 -0.102994020348001 -0.0703491596505834
0.0981127578670998 0.435936503867094 -0.0823607786793655 0.00940566280299222
0.274744997544845 0.304643446356606 -0.00644079895799536 0.0444693744955419
0.378586169072022 0.137675890824758 0.0560638714343419 0.00540311538729059
0.377463648215819 0.0927531439509673 0.0630792862388344 -0.0275837816198216
0.384015139097621 0.140074014636987 0.0681861406759362 -0.0195081238015304
0.292573296623963 0.363722105110085 0.0947533542019781 -0.0213758844593217
0.0436841413188312 0.482382245098192 0.0983700299459337 0.0425260674845962
-0.287242686941402 0.50126395957115 0.00479358283850277 0.134405279873847
-0.569679576768164 0.0690666484195098 -0.180745338843384 0.0929232453551399
-0.434927465589998 -0.431456477926217 -0.160455887826366 -0.0447606703358856
-0.21150039696865 -0.594208152529425 0.0361424504632674 -0.0825782879433618
-0.247108810822644 -0.477123428467071 -0.0782247759106901 0.227708132341442
-0.478889071840451 -0.272370702375743 0.145746631060582 0.126566925039462
-0.475867173359781 0.166184962473951 0.0425315364422558 -0.117807647534853
-0.166153908138025 0.463492133584528 -0.103947433045246 -0.0511426636677709
0.100296065336155 0.406122344760208 -0.0669803342805922 0.08812521020388
0.258117602124652 0.282848127635115 0.0810642611971981 0.135890669292386
0.344597064737898 0.13668685285053 0.189727570114717 0.0663460412808961
0.329750186857244 0.0969627361837474 0.203385281427807 0.0101739864863993
0.321528405074035 0.139000977936425 0.200594289163794 0.0312307263879106
0.233300736909619 0.323258125383344 0.190613268766295 0.0605148532013296
0.0182494474408948 0.402866091340903 0.13486405875698 0.12590175320935
-0.237901982352439 0.39500291217132 0.0211466340996719 0.168529864909113
-0.45159039050768 0.0578688728468175 -0.135110707477324 0.122269225494882
-0.364947561750764 -0.353799169587638 -0.0776105047351718 0.0487760283006202
-0.214744949602834 -0.518038700251397 0.0951684470914373 0.114326867966509
-0.231294155308875 -0.374801743198249 -0.00526931823760192 0.424167506723201
-0.405583398042515 -0.187699949069491 0.267770569825489 0.226381373160866
-0.365363541347601 0.156986270672691 0.0993317527783184 -0.0872798139793453
-0.105138170956947 0.349258165468369 -0.0827258262698622 -0.0298204910740273
0.0755053729880866 0.296717093843953 -0.0431262885349042 0.151260686417069
0.19085838502515 0.214057534715231 0.155360845478301 0.209492057694414
0.254171619175703 0.115433135040355 0.296926966414183 0.118960119492487
0.230293530065869 0.0870703611591564 0.315022774645521 0.046484068099797
0.211765646683946 0.116726018226481 0.298123052470845 0.0764643877044371
0.138077783763688 0.234222866724459 0.250167850141441 0.128190236827022
-0.0122997992573527 0.260051093094949 0.145929542092017 0.182557238945825
-0.152650017588261 0.223163309546 0.0261422494705227 0.175100663935321
-0.26494126247095 0.0344403285949408 -0.0889973776050614 0.129107314111519
-0.235793507245962 -0.221588057882708 -0.0109258380398484 0.106190108794392
-0.186247888303909 -0.362097261009749 0.144547370432512 0.261674637237519
-0.17326256064565 -0.207571631335027 0.0518928324718803 0.577217041491491
-0.251122746766126 -0.0706409187200119 0.355829937169366 0.31081151505545
-0.182500421518776 0.11521088925609 0.156982769414639 -0.0466982120511158
-0.0245223809626377 0.166022136032463 -0.0459429677676324 -0.020382186953463
0.0334048795725782 0.133945379746959 -0.0244228336044582 0.182026367221611
0.0869114570483849 0.108624890295893 0.197062577201167 0.250442255879044
0.118111645740529 0.0764206104475341 0.357132227010599 0.154924302337088
0.0967475376473753 0.0641081750519781 0.379525138489386 0.074566199718589
0.0772339941963126 0.0792576514023431 0.349112444247071 0.107808329485978
0.034380937786132 0.118081468543348 0.267039761680352 0.171495812558915
-0.0324410830007041 0.0985195623619833 0.133933102640338 0.207072966453747
-0.0556736382377615 0.0508748081487086 0.0237770953559444 0.157955360812507
-0.0735870434132131 0.0205020262167879 -0.0466147399119051 0.11681471629411
-0.103243282895104 -0.068488672271333 0.0338596650956575 0.12699959229391
-0.141624440145239 -0.165725844710491 0.178996220632036 0.342013246426914
0.0582181592143558 -0.038595406525634 -0.212468896547057 -0.38111514267674
-0.00972750598026453 -0.0946494136266646 -0.17255464987051 -0.140579765594788
-0.093815224359288 -0.01212058829662 -0.0116102645853914 -0.0929084009790129
-0.0465691324888517 0.097676613531812 -0.015173723507475 -0.115803680223711
0.0447555593143847 0.0610081484859407 -0.088327827989607 -0.195618768529913
0.0576896582189288 0.00821657902191042 -0.251682279153512 -0.205965656191258
0.0538289896319222 -0.0353110663744999 -0.363575573136743 -0.138137247708965
0.0553412220599285 -0.0367632489638883 -0.393890524113762 -0.0879011001076428
0.0516687301892704 -0.0242437581577168 -0.36785563608897 -0.139680898279642
0.0354469134195228 0.01080179046645 -0.233003507310957 -0.231103707854509
0.00901209464774183 0.0394170850212147 -0.0305710061935782 -0.204129501213421
-0.0515087705982535 0.0380182114654229 -0.00280384936264301 -0.00719600999227307
-0.0490293765225848 -0.0687803402094949 -0.164011632751852 -0.0087068590481373
0.08004418017363 -0.0883166512594768 -0.328088606286343 -0.307545166281342
0.117211966700237 0.00208488886539222 -0.102110136113112 -0.67200893584301
-0.00854987372975465 -0.209552722855696 -0.222392509734339 -0.367475678900253
-0.123660470133888 -0.201668094216068 -0.179178043407511 -0.138208525847218
-0.217510264122355 0.000626528643536369 -0.0408538356766214 -0.0966515380412087
-0.114532206457789 0.213604188785803 -0.0370979342248075 -0.0866396457364724
0.0559378389138527 0.193737181178531 -0.0772389894706652 -0.1598432566058
0.140181279554681 0.116590145046334 -0.208749301957578 -0.177889492252295
0.188330180282839 0.0210279379817772 -0.306855291557526 -0.13072036925938
0.201418776822149 0.00184616174501531 -0.33977673367624 -0.0932292000312399
0.208285649761011 0.0292440276926486 -0.321591099278164 -0.135781339574567
0.16140053993736 0.150594083604698 -0.200219022585512 -0.222999310773229
0.0343305912999158 0.226890316144017 -0.01961742301444 -0.186200361597301
-0.152382937001873 0.239172348273443 -0.0175092082202912 0.00725685052812341
-0.274717396601719 -0.025542447982864 -0.205890663989325 -0.00823488309335354
-0.119598565344731 -0.249031315614632 -0.336612270570361 -0.304015904675929
0.010365430977705 -0.246183885348905 -0.104683800030322 -0.626794804924699
-0.0819035465109804 -0.35567529314159 -0.221376463493708 -0.291866236076266
-0.243691409106006 -0.281408286803322 -0.157030838801994 -0.112096998592585
-0.331066293888296 0.0273579572591806 -0.0553021117100758 -0.109978678628898
-0.169602648696696 0.322453289597333 -0.0650109739315716 -0.0759208220833832
0.0675728890257558 0.311522897241453 -0.0820969920273082 -0.115500595557517
0.209897582167842 0.21164999328434 -0.155014531573136 -0.12320918570695
0.298324350691978 0.0736389349553032 -0.210877264942698 -0.101750428844485
0.31641149535372 0.0405139097840422 -0.232933374494549 -0.0839106331690178
0.33125279089117 0.079347839153408 -0.219409248041451 -0.110886505708769
0.2611647646839 0.271168397232713 -0.125350222531119 -0.180549842443529
0.0524173528183895 0.386870114540048 0.0105784655341411 -0.135031778356936
-0.239040635512144 0.410529253312077 -0.0193127433783488 0.0402462058361401
-0.467122562456802 0.020575760467437 -0.22561923831181 0.0175170014212753
-0.301229432388745 -0.380377127086103 -0.313020054166517 -0.248268330096173
-0.0936423650150471 -0.456632888437325 -0.0799804273250968 -0.497096218984251
-0.159444867830595 -0.461991118973626 -0.201382712534336 -0.157338444320709
-0.370653189350768 -0.325009889349965 -0.0941717218997303 -0.0568760327307638
-0.435029454569527 0.0793783490819554 -0.0476749652991626 -0.126889693606548
-0.198085080176415 0.427372687566948 -0.0935293983182565 -0.0748343525470534
0.0868314685642016 0.404739007053898 -0.091437691747159 -0.056939779159193
0.264891708204496 0.281595912677423 -0.0880572095362181 -0.0443968135336069
0.370151378797923 0.114219257919223 -0.0840757855692155 -0.0542394468429914
0.38281525993659 0.0710149504098881 -0.0900465071051652 -0.0629123006077904
0.398018517182823 0.117615630684769 -0.0798205888541271 -0.0711355798205048
0.314265066302471 0.350490221481605 -0.0191821689377005 -0.111033378803498
0.0587833194647793 0.488368334358979 0.0559182113740654 -0.0549909951019414
-0.290749520242155 0.516509614559363 -0.00692747759506118 0.0871984314308114
-0.586456968529001 0.0595448594564357 -0.216279319654077 0.0604903891303815
-0.423823920430216 -0.450756910391067 -0.253286111102451 -0.151238360317432
-0.173265652714575 -0.585860627329942 -0.0269170484073286 -0.304785216989534
-0.222312706224584 -0.510803802620954 -0.15312024068268 0.0265559861677348
-0.470243494545369 -0.324742827309495 0.0128998961973713 0.025811373585202
-0.500083665477326 0.138879614376378 -0.0155712838865429 -0.13635386234114
-0.197367151319928 0.495371645199923 -0.112815624112348 -0.0680184129093429
0.108535370189544 0.448370046273859 -0.0911552504503084 0.0175813864897806
0.290828128610273 0.310396115505776 -0.00447683733815806 0.0497619718759022
0.393826112439481 0.136803761886794 0.059404794446972 0.00369980114950578
0.391108386220791 0.0901533527534359 0.0648749801114606 -0.0312361082194911
0.396574757493265 0.139273282990354 0.0723421490252495 -0.0227373543729087
0.308987759039801 0.372149436259453 0.0978889225262023 -0.0268504092349816
0.0513668084395324 0.49887463632421 0.10606581826683 0.0398687179926202
-0.288060596457143 0.519733113453911 0.011843491863944 0.136881287169754
-0.585545749741078 0.0762006621700264 -0.180703381487753 0.105031023306222
-0.452041911470206 -0.444076067249636 -0.168183676021566 -0.039392467938031
-0.215850603762347 -0.608989273929094 0.0359183044807591 -0.0878979779285718
-0.255116281052268 -0.485665330227914 -0.0836743625864423 0.236215975280231
-0.495360881130211 -0.276445502205446 0.147833951670287 0.124861348565721
-0.484733145668822 0.174269811485305 0.0354342225565861 -0.126408156689283
-0.162215237004554 0.477679689774932 -0.113644889871759 -0.0497065434329993
0.109689896700621 0.417461235462477 -0.0750024856148565 0.0988842350176355
0.272305441067749 0.288960471158853 0.0862275943874791 0.14257715188526
0.358443440244164 0.136551138213034 0.197755258066265 0.0632289724726799
0.341365060059859 0.0958481506195634 0.210840860498321 0.00417614357763368
0.33189663253795 0.140298995372195 0.21000166214685 0.0270869851481469
0.245136511421718 0.330515148503966 0.197591244601293 0.0563920265357223
0.0236263313470309 0.415687076327914 0.144046571575463 0.125400393344982
-0.237887003757501 0.4087581244521 0.0283947864324308 0.171377251890994
-0.46368916402108 0.0624548365304146 -0.133133734969692 0.134991356141105
-0.376662299080918 -0.362841432914331 -0.0800338206028759 0.0558335348041308
-0.219376892695356 -0.529581983533776 0.0985376924693986 0.112873509183604
-0.239713782529882 -0.380443544271723 -0.00757434110504909 0.437413218204541
-0.418601857542279 -0.186509774626349 0.275163751407681 0.227120478879269
-0.37192607006155 0.164779979894281 0.0960442317553433 -0.0954422843502881
-0.102025321697056 0.35838156806556 -0.0918746919850946 -0.0292393568299926
0.0828149959295465 0.304335906995104 -0.0493131050281193 0.162416467831289
0.200839711726014 0.217503730738484 0.164228076374017 0.216935369101947
0.263980583733354 0.115451706937843 0.310520112370917 0.115480900211245
0.239244885144389 0.0869323842536079 0.326119411614727 0.0402327900393981
0.218361106012653 0.120029676909069 0.310279933112084 0.0720627727363589
0.144521090576424 0.239662572686215 0.25997592267548 0.125229840662439
-0.0103655486127947 0.267226395554513 0.155522756954892 0.183216993338942
-0.15288757279871 0.228863191131787 0.0334625560958736 0.17785325837849
-0.269268828265101 0.036741767763963 -0.0859343373108594 0.139782284562115
-0.242370302547539 -0.225919126126639 -0.0101594319762742 0.114289691805687
-0.191552658990754 -0.367409063574364 0.150790220393359 0.263798478411864
-0.181431645952043 -0.209377892551529 0.0548282493007062 0.59302937296072
-0.259412877185546 -0.0675449089753088 0.368883413307765 0.3130669404462
-0.184768230197062 0.122041084243231 0.158531532521902 -0.0538429420230223
-0.0220241268743576 0.168392267882385 -0.0524216027657946 -0.0215983365706868
0.0363817351411358 0.137272344570275 -0.0285332292988252 0.191961942917183
0.0910411643364037 0.109909310850904 0.207453709063648 0.259093483893355
0.122730047068344 0.0771893591170818 0.372782123413061 0.152010616269884
0.100606946580113 0.0659730947682141 0.393109316143993 0.0683859290361723
0.0784894153345805 0.0837144686452041 0.362862693656058 0.103879620995967
0.0344269447989379 0.121569656744237 0.278649111153851 0.170405482318349
-0.0332352986338514 0.0995738464393358 0.142173785121262 0.20819465485729
-0.0560739033862486 0.0488172979615354 0.0298968273649446 0.15969833305116
-0.071482799999476 0.0205847198602639 -0.0430798267174308 0.125017125462732
-0.103734994891835 -0.0675682284012563 0.0371902811964417 0.134510307118716
-0.145769962642643 -0.166084286547823 0.186563680073285 0.345801150681878
0.0591256878334444 -0.0445073310344883 -0.228493345814993 -0.382258822926468
-0.0175432529847452 -0.100531368265522 -0.182368405314954 -0.138106821223144
-0.100042440217661 -0.0074340479578043 -0.0204856111521793 -0.0963936433738404
-0.0426352711057893 0.106713515303651 -0.0254423369941052 -0.114155185726688
0.0498543998477852 0.0619870723736474 -0.0994736980004693 -0.191072760238474
0.0612546369023111 0.00635809018097578 -0.266646390241727 -0.194791604790988
0.0547576127328008 -0.0392323829905525 -0.378844154600877 -0.120302241303986
0.0557280767154501 -0.0421637708408826 -0.407298533284831 -0.0705211898636972
0.0538467584406911 -0.0296141527127271 -0.383538923289351 -0.127542797899725
0.0389960451517837 0.00964850946643016 -0.249752486932078 -0.228966028578156
0.012308876876182 0.0420795790162352 -0.0370222588681002 -0.211833381882807
-0.0511781718634601 0.0447537049921768 0.00330664655066137 -0.00670413973042153
-0.0561382287839049 -0.0684385062822241 -0.165666728609438 -1.98735150609296E-05
0.0777128845852221 -0.0970255098220833 -0.351382843301925 -0.297144686025204
0.120912996534951 -0.00438092572783668 -0.128926961549209 -0.681957047526982
-0.0136541318476084 -0.216048935325658 -0.238737617719815 -0.366002441105613
-0.137727227807169 -0.205417427291466 -0.189932017889761 -0.13560106915384
-0.223883593952087 0.00839997448229869 -0.0526457285396521 -0.0992312145258968
-0.106239947518003 0.22710438741109 -0.0465885332702459 -0.0829582843544741
0.0681834761364312 0.197773346524914 -0.0873507715716691 -0.154438104279284
0.15124532439876 0.113813021251804 -0.220953744388414 -0.168327659104861
0.195520084831075 0.013083959215935 -0.320371918918876 -0.116325434731189
0.206884773728371 -0.00890441804840867 -0.351745170222117 -0.0793521577125051
0.216069552087549 0.0183432651286838 -0.333845924700092 -0.125058871435245
0.175305859540323 0.147561678245262 -0.216166731165918 -0.222558408614877
0.0466852301781016 0.234257363573728 -0.0241285810233519 -0.194190690526833
-0.145459381859257 0.254220460143909 -0.0120806462875384 0.00850635419422488
-0.284943815515283 -0.0146780279102638 -0.208356926726822 0.00432415616606677
-0.132916637645474 -0.254662903980979 -0.359960356460574 -0.293566209951198
0.00375353752358943 -0.254774649902554 -0.131474934784536 -0.636182320305709
-0.0925336876720662 -0.361245594518331 -0.237710106498983 -0.288592001710607
-0.262333963775695 -0.282278090835196 -0.167854647420079 -0.110185986528513
-0.337432304917486 0.0394002074258695 -0.0693980944258721 -0.112671376220418
-0.157103222885527 0.339297018199612 -0.0747733870900321 -0.0706914935800214
0.0850600459304333 0.317175204159785 -0.0909555531111695 -0.10817504417155
0.227914372942218 0.207779668355812 -0.163110366469815 -0.115343368734553
0.309940138356022 0.061097277011432 -0.220163203250277 -0.0928603921908375
0.326707770888678 0.0248573238603241 -0.242518201471597 -0.0760266969379307
0.344423077316694 0.0652694773916845 -0.227850538654985 -0.10488293316857
0.282738183819324 0.266500741199998 -0.13737279290439 -0.183149116427477
0.0723123377751423 0.397367373782691 0.00858054843170538 -0.142662855040351
-0.22630044929122 0.433162111603113 -0.0124467896751111 0.0419204051550212
-0.480928900918232 0.0402213543749364 -0.226152874158882 0.0327490635397537
-0.324449098581386 -0.382840506017565 -0.336638608895572 -0.236674104703076
-0.109316100846748 -0.46429641521057 -0.0997981347993875 -0.50549565786078
-0.173813099624248 -0.466663003781564 -0.213286644952585 -0.150477922188686
-0.393421857097309 -0.32117680469085 -0.102023709326988 -0.056658419300371
-0.442194255222993 0.0969238850093342 -0.0632090825209509 -0.130514399465499
-0.183038894967148 0.44472584870888 -0.104405859927626 -0.067810628440035
0.109736445476393 0.411715288707638 -0.0994386701045137 -0.0465788004421485
0.286834526155738 0.276634391992894 -0.0906213559102648 -0.037252281343319
0.386002146515709 0.0999093244590495 -0.0879087879117367 -0.0518442977511336
0.396425358953105 0.0536985758179354 -0.0954308627008627 -0.0619497076402627
0.413381467758261 0.102008756808875 -0.0826066800213562 -0.0714630222738308
0.339913883125128 0.34686041729758 -0.0251858184190728 -0.11707872969367
0.0829558270078967 0.50147435651974 0.0581497450430427 -0.0624519803602206
-0.272893117280197 0.544202242079757 0.00181939064189225 0.088838539934836
-0.59985550220933 0.0845830200491504 -0.213845187391862 0.0778792667303763
-0.452512291812021 -0.448798298668247 -0.269091483122866 -0.140291279154797
-0.194505237567874 -0.593188228835033 -0.0396523397743762 -0.312371590181842
-0.240713370010751 -0.513591791811137 -0.159562519131495 0.0353860270788395
-0.494699872676978 -0.315816309816288 0.0102299617530663 0.0228101968144516
-0.504228562815884 0.160614600988176 -0.0312208508729243 -0.141716193858313
-0.179760989209544 0.513992356937658 -0.124444561806225 -0.0611929756800837
0.132366838257535 0.455771285420827 -0.0973111468279753 0.0303643634484298
0.313781910423879 0.304676541217013 -0.00105709457973898 0.0548636081380058
0.411228562458932 0.120680439627914 0.0619031870416561 -0.000578969494359673
0.405953326988102 0.0733013396159153 0.0652138318643284 -0.0376337637724942
0.413262766357726 0.125912202668113 0.0753402656142759 -0.028941665343982
0.334456944612275 0.368202368240022 0.0983490868141635 -0.0356974727936897
0.0745993454259113 0.512102881645112 0.113724816315124 0.0316111525020212
-0.271537526945607 0.544871964319203 0.0235358464461737 0.137862494838057
-0.597014692037712 0.101774726591838 -0.175534767890706 0.122065608750329
-0.479902967499691 -0.441516120180905 -0.175674716498238 -0.0285325268910684
-0.238614199881276 -0.616047268584682 0.0327864129903749 -0.0946048159173267
-0.276698270128008 -0.485447370590855 -0.0814478058382072 0.246269673943931
-0.51870486986621 -0.262413168855283 0.151917182307586 0.119181515394486
-0.48525477859094 0.197734875082608 0.0227689693722434 -0.134367176174601
-0.143621542297109 0.494271473122069 -0.125214369005303 -0.0432619612188628
0.132248650991198 0.423165628454084 -0.0779581313272652 0.111790180645337
0.292721633286683 0.283367531313889 0.096185684483097 0.145872119451634
0.37379740691927 0.123056285408576 0.20685329015575 0.0537099364483887
0.35432135695356 0.0827423086937411 0.21581439439736 -0.00731352447900359
0.344644292314401 0.129695665174287 0.218612806623913 0.0164071672914531
0.266501378339766 0.328237389409814 0.204857587632993 0.045280358150022
0.0415231466071572 0.427541505330772 0.157032933233047 0.118367908182133
-0.224131528867155 0.426313809727307 0.0415230001222102 0.171629099034193
-0.470680515419827 0.0820688685693084 -0.12479485269631 0.150379883453707
-0.399004849079932 -0.35945734984356 -0.0807013137953093 0.0661634178885293
-0.238599294003296 -0.531879267257395 0.104183381155661 0.107708799833564
-0.259836819366398 -0.37680284589134 0.00348448554581593 0.447776178578931
-0.43679527438202 -0.172008291023128 0.287721180044835 0.217857661732456
-0.369572215384082 0.183899873746202 0.0883678094564229 -0.105712664217241
-0.0870860756698479 0.367874789784357 -0.100587656615538 -0.0243846446124327
0.0981448981578966 0.3075691532455 -0.0492301696764136 0.175721849846416
0.215598764156269 0.213039879932262 0.179133964855112 0.218267148509234
0.275792801202692 0.106142711957392 0.323889300541273 0.102588650757259
0.249130949907864 0.0789699561166408 0.335963672791519 0.0240662140039579
0.227128924665792 0.115507669744288 0.32367205051148 0.0587510879521229
0.157562856196381 0.239743974806394 0.271982595499887 0.113490074988786
0.000401129190590975 0.273934409017156 0.169985338776911 0.177105440363071
-0.145789496365726 0.23728827746272 0.0456659360702334 0.178007220405307
-0.27085144798504 0.0470936074131104 -0.0768722273698421 0.152476691382718
-0.254635954751366 -0.223140100583852 -0.00488339712252795 0.123081669316579
-0.204861559696509 -0.366613847103126 0.163155793741026 0.259226527885625
-0.194743932983266 -0.204152246243104 0.0722652184591668 0.605974907003025
-0.267946241470299 -0.0555825585075048 0.388062090132352 0.302403654206918
-0.18056054538077 0.133399917606456 0.156923691808781 -0.0659688471048204
-0.0141469433777832 0.16951176009576 -0.059847470556568 -0.0197623866465434
0.0430080235096878 0.137678554829113 -0.026392244533129 0.20365135852637
0.0975576651545246 0.107484156984392 0.225596537538029 0.259205282201238
0.129143904206973 0.0727662939560804 0.390005996594542 0.137302641830023
0.105276264348131 0.0638877485078882 0.406601113812063 0.0506735728925678
0.0824632913634677 0.0849564654246601 0.376797493737812 0.0882921842135314
0.0384078802769229 0.123715540547163 0.293446562568756 0.159766150855844
-0.0317804496179114 0.101538395997644 0.157229207621935 0.203680708035205
-0.0548835823694716 0.0479923442929838 0.0408065826728215 0.159146315882564
-0.0674660760703579 0.0226054039242281 -0.0346305229242133 0.133781193250564
-0.105945000910221 -0.0640588422559808 0.0449721398248826 0.141035462315798
-0.153299670328067 -0.160680696380661 0.20372348599914 0.341370220371782
0.0730327025350456 -0.0106232653946653 -0.0331226825605605 -0.448294813076733
0.0258484594801697 -0.101290603906736 -0.103546174936972 -0.20347103588793
-0.0914099714952065 -0.0504867050231408 0.0218247063153941 -0.0972440336125662
-0.0856666041233223 0.0826909150268442 0.0234717268470088 -0.111581240065805
0.0169766715543604 0.0822306398494239 -0.00549979982423505 -0.212532361759496
0.0527431262737587 0.03564432431239 -0.153690986391205 -0.290289282115826
0.0647168679327552 -0.0121283622856359 -0.288156756202979 -0.271372650515433
0.0695622384882389 -0.0151701170491181 -0.334662527708263 -0.235785898519268
0.061240614980437 -0.00405641707675966 -0.289518344415388 -0.27876271469054
0.0303946895336444 0.0262992345662592 -0.124231195954529 -0.313158836180049
-0.00753511942070572 0.0455833612827454 0.0624046304410012 -0.207758204766418
-0.0658057586091807 0.0200510593789253 0.00912937763142409 -0.000816610404876472
-0.0246518219096478 -0.0876457894576887 -0.146534447712932 -0.0736246377102239
0.107243655968995 -0.0613800832347191 -0.183228135154258 -0.425682584730014
0.110745860521655 0.0462272860182195 0.20932628412394 -0.668438512507382
0.0866527374652274 -0.196289127265376 -0.058223983205622 -0.437081647651025
-0.0348816942346669 -0.247674864700363 -0.11090575513432 -0.200574825922626
-0.209053469599924 -0.0911311950509553 -0.00437701201380331 -0.111054107993688
-0.193771573765879 0.16143338707813 -0.00589688986614774 -0.0896287730137695
-0.0258555717340588 0.211515927715594 -0.00393953544160821 -0.17393635556625
0.0881485155308256 0.171774675710153 -0.121318098158064 -0.249804941263143
0.171121976929904 0.0967567069509098 -0.236332658670704 -0.245002380909219
0.193432814136912 0.0820307223736871 -0.278997885925606 -0.222437720147808
0.186910223298279 0.108595434158248 -0.245936100358427 -0.254267973449174
0.0960172979002057 0.20894079293069 -0.0982623000993268 -0.290951381640924
-0.0589582732516329 0.234999670637715 0.0606393124791035 -0.182544513000154
-0.23897954632502 0.167256770059668 -0.0183743898563281 0.00750626371367478
-0.254250179689254 -0.141242241071852 -0.190469560497135 -0.0920550271982739
-0.0128933777665463 -0.295437028686121 -0.189461055489636 -0.42728582960291
0.117059508462549 -0.228107635115705 0.189875149725916 -0.628053495727455
0.0815452767217708 -0.361203240829692 -0.095147243396067 -0.363499129767975
-0.112558546010541 -0.372271994132627 -0.102112373933909 -0.164290597023161
-0.323010168246204 -0.114568799496255 -0.0120393489696854 -0.128126312243899
-0.286713290299057 0.238800150845452 -0.0335264396858324 -0.0884073776241531
-0.0636255361172577 0.325223952623885 -0.0226246190820813 -0.133145571883127
0.116517695124922 0.289334866609749 -0.090050110193025 -0.178878423803976
0.254541656776404 0.190485588846015 -0.154711028569037 -0.18233818756545
0.288044744419421 0.166500622775098 -0.181172653374771 -0.173745512599929
0.282254920136877 0.205851724997986 -0.158289218222164 -0.190542889634678
0.143956226422967 0.362365238726591 -0.0469716537966859 -0.220043218890339
-0.10651535224405 0.394436789316047 0.0638733838966269 -0.12002030646913
-0.385992642467413 0.29243898936115 -0.0385485312587942 0.0383801803414545
-0.452738821093056 -0.178949753588586 -0.22257148366133 -0.077539499603536
-0.127008398241998 -0.492765612398115 -0.186864319407807 -0.367775015350054
0.108817172490865 -0.465988856461963 0.158086982356783 -0.49638041811533
0.0577085542265071 -0.494014394175693 -0.139478948898459 -0.22636473954128
-0.211966722315077 -0.465476847762202 -0.0650395986632318 -0.0845458661844194
-0.439495865019343 -0.108742223427193 0.003495232798428 -0.139878375558757
-0.354509849370496 0.320747095097182 -0.0588765765468282 -0.0985992970291517
-0.0837151930029818 0.421079550419623 -0.0539784124841336 -0.0815341605762845
0.140034920767583 0.376195263252253 -0.0571021200715736 -0.0791218315960113
0.306813958419522 0.259045542361251 -0.0524895304431174 -0.089175033264364
0.338740850816883 0.224913146681458 -0.0549424697272402 -0.0988731539492756
0.329272218028674 0.269375382261036 -0.0416898812492307 -0.0985816994838665
0.163830381818313 0.458738797096957 0.0238536654209577 -0.112451374731622
-0.139579332282061 0.493647896569858 0.0710331680508851 -0.0248201836421471
-0.475119461337503 0.371260154688345 -0.0503093137293993 0.0861177005481824
-0.580080796547676 -0.192193820886627 -0.232646772080167 -0.0327344523360197
-0.211770178327285 -0.609449858237685 -0.168240668335111 -0.250870054719689
0.091003059793215 -0.616391064641528 0.122250661438545 -0.297573978365357
0.0192469545601346 -0.566852108344237 -0.177186455307817 -0.0330019391244544
-0.30829317295838 -0.504916557794373 0.00284156751611538 0.0384984294725163
-0.524728712798148 -0.0785953893395343 0.0409327672043613 -0.135425724248335
-0.380682973304873 0.382182143482302 -0.0780655046114045 -0.101864888988627
-0.08138125210507 0.468839508629351 -0.0842674525586999 -0.0125889011875266
0.152553023428128 0.413477610999907 -0.0177621407862356 0.0427138964414711
0.322229977505546 0.288602667095956 0.0598955213532719 0.0214591394546109
0.338602361519082 0.247116521637278 0.0783190561957686 -0.00938202031113679
0.318125332427499 0.290740280072008 0.0819018627649547 0.00692588001775363
0.14746116980848 0.477005319673421 0.100016640366622 0.0122183880440701
-0.153199356883417 0.499368705828661 0.0798427599881916 0.0839074675315552
-0.472569629489819 0.371258983256746 -0.0526987100310625 0.138581045116648
-0.582145930119827 -0.175314381151769 -0.218402721469703 0.0265404345263169
-0.23714645666338 -0.610341287357665 -0.134345033307642 -0.107871835969934
0.061298082443451 -0.656090565048997 0.0834780122779227 -0.0683921711434988
-0.0250028686718497 -0.559344327095769 -0.201885340914368 0.193264034140576
-0.352501776138194 -0.468858637064334 0.0904495144781526 0.187568685759969
-0.526854162447056 -0.0365702322675731 0.0873663926580239 -0.10628635466983
-0.339947077732565 0.378617027754147 -0.0868969115369975 -0.0880414497504314
-0.0670250644244622 0.437060356482069 -0.105257536612082 0.0693135514224355
0.142933946926151 0.383259639536763 0.028140997788455 0.168521525691464
0.288361920349658 0.275186648449078 0.166049150746799 0.134405660992924
0.288084284355414 0.23297273876546 0.200341070259804 0.0825797481005986
0.255342071027564 0.265727133644389 0.190901091643857 0.10785568938073
0.103180807989762 0.411487581839881 0.161139040849902 0.129417259178963
-0.146528153329474 0.406683159692278 0.0823133172920017 0.17719242316421
-0.380100264648496 0.284615212897083 -0.0480782314848709 0.174539529541469
-0.458367297023435 -0.136223383915512 -0.184059431597243 0.0769862616464852
-0.199480104306198 -0.499119352454009 -0.0935566941204141 0.0234109478174762
0.0224781540174502 -0.578709765106005 0.0509176476480426 0.144606940533002
-0.059616908532476 -0.457583760993929 -0.214321392210893 0.413979938982451
-0.31990037044243 -0.351436913429999 0.169315721029141 0.332971386770949
-0.416254844982479 0.00401377160100168 0.132572541923187 -0.0534601942821834
-0.234143575027682 0.28924061117681 -0.0760058926832284 -0.0637862733403641
-0.04510799167896 0.317906539912402 -0.112894694333765 0.138657474639924
0.10363369937047 0.284472510280182 0.0680277022137597 0.272623693784552
0.206990765195744 0.216298984509684 0.249117347663166 0.23009900379486
0.193163250487792 0.18261485524156 0.293273028604632 0.16282650132476
0.155202811837334 0.202654577134083 0.267336806214556 0.189333626609168
0.04171294079495 0.283673081209673 0.193620764335601 0.217180453462991
-0.117669511572847 0.248310380272799 0.0718473230043217 0.233193875841151
-0.227546563672083 0.148098170501514 -0.0410889132575031 0.179832996912674
-0.260726572893552 -0.0772611801234106 -0.138844417165025 0.103879717464535
-0.128307408978689 -0.310057412147772 -0.0544052998615107 0.110887305655796
-0.0214038603843678 -0.415138682436784 0.0292229941952345 0.30670915132992
-0.0799401299906994 -0.274465426933508 -0.215887008967236 0.584705387136307
-0.219279499018688 -0.172564503134406 0.223064838288421 0.450486632417127
-0.222360306831715 0.0416428900522615 0.174741616732656 0.00925831095440447
-0.0837495557103717 0.142665753825274 -0.0454133565289451 -0.0454198844051097
-0.0199413582908641 0.140059000772841 -0.112481476914091 0.173661099688596
0.0422777536527305 0.136710146264481 0.0887643882567833 0.333134058670607
0.0880989726917735 0.122117983247259 0.291524831279865 0.292454260310695
0.0677832406782412 0.105322275037372 0.343155963378004 0.217115051692042
0.0377111025297356 0.112432501112791 0.30142920328708 0.238148057985639
-0.0175817663006632 0.127904903697899 0.194129570957616 0.265981604697097
-0.0724231422591601 0.0763260804072087 0.0521742917389558 0.247246204378454
-0.0663636249598513 0.016664234840171 -0.0311852652002273 0.158214391717637
-0.0662101599453114 -0.00832299443810205 -0.0894531169481979 0.108647121605001
-0.0639886517644819 -0.100171491466866 -0.0218287927636492 0.151442736088765
-0.0668004539355671 -0.207687500139223 0.0233976625834484 0.398309021438271
0.072575506404813 -0.0165765703760452 -0.050688479837796 -0.433415149435113
0.0163652463851178 -0.104695553179254 -0.108942702366493 -0.195112519314341
-0.0958266125763122 -0.0446957136432334 0.0118093106377125 -0.0996338990668286
-0.0791344767047195 0.0895744674720389 0.0113549655128019 -0.10724928387228
0.0220911176618928 0.0810742830495587 -0.0176403069108674 -0.202400945674213
0.0556476806252424 0.0329663985810246 -0.165031248954364 -0.271409697205724
0.0646926180392199 -0.0152951745271127 -0.295361607931804 -0.246736444210267
0.0684597775582455 -0.0201161016322773 -0.339128334113911 -0.212671316097092
0.0613747408036932 -0.00912168642687823 -0.29624462956534 -0.257486098853023
0.0331385759116057 0.0244144746041926 -0.136206718175822 -0.303395343612481
-0.00407963977158442 0.0478286382085496 0.054360811891352 -0.209128875940827
-0.0640509874800641 0.0257001733208373 0.0155411411220734 0.00112121522036984
-0.0317723602500702 -0.0849003861083867 -0.14502762368394 -0.0621016375987579
0.101447106213248 -0.0682820361465481 -0.202752029514055 -0.403676545603526
0.11134254448773 0.0385220544019055 0.174520693831806 -0.657570915489991
0.079046346406777 -0.196762370189036 -0.0735959906963969 -0.42174953900794
-0.0487889963675056 -0.24528181310468 -0.117638265202518 -0.192415682485373
-0.210513624918022 -0.0799361689857932 -0.0159122809910398 -0.111717206481288
-0.179939493524785 0.170455628110572 -0.0165916170898388 -0.083674366729258
-0.0129071722891029 0.209416073187005 -0.0149073525432413 -0.164381489604297
0.0977743113569824 0.164496474450722 -0.130639334325163 -0.233738815586388
0.174079726026923 0.0846358719661603 -0.242533212526555 -0.224232184343265
0.194429848316777 0.0677096060404546 -0.284012415312197 -0.202072772946789
0.190216134609976 0.0948083058182736 -0.251266187922476 -0.237304337873121
0.106796426298693 0.199941506279637 -0.110149520831914 -0.282306181109529
-0.0442951518547918 0.236341051809935 0.0542190796131583 -0.184624760302291
-0.22411553460553 0.177783631277866 -0.0120172353587983 0.0108377237395452
-0.257325885492696 -0.126758823941685 -0.188517505925236 -0.0763508669618489
-0.026021387588584 -0.29237293395272 -0.209768049720014 -0.405340781663898
0.107349412361827 -0.22929486587497 0.158203770504402 -0.61820396340528
0.0705981586994642 -0.356116055548332 -0.109304900260346 -0.348280613229023
-0.128411472472158 -0.361323099196834 -0.108870236079534 -0.157693309057725
-0.320499240879274 -0.0977855195257558 -0.0253156915653538 -0.127782272696083
-0.265624803370082 0.249159666277941 -0.0436697230995104 -0.0804634744138719
-0.0441748645577949 0.322842884797542 -0.0313850357125499 -0.122766678929264
0.130209179857252 0.277485911238046 -0.096503756419563 -0.16629706455607
0.26051387970621 0.172407182706964 -0.159669841171841 -0.167995672003114
0.291752140480075 0.145643297705925 -0.185026193557154 -0.160507250579633
0.287085685455659 0.184999923384629 -0.161814898522106 -0.17942725139143
0.161960320412339 0.34856776974125 -0.0563944479466266 -0.216720779673947
-0.0832857591089163 0.394288155428668 0.0607770015597419 -0.123696431247155
-0.362317905441881 0.306181255825966 -0.0307819189881224 0.040655095420905
-0.452521446491697 -0.153716774283306 -0.218812803058543 -0.0587644250950816
-0.146318048684305 -0.480129482532477 -0.205515421921145 -0.346748338473057
0.0907235201337785 -0.459993903345391 0.133970119170725 -0.491715618613017
0.0410166305286718 -0.481895745000087 -0.147426611931397 -0.213657233360274
-0.228038410676749 -0.447325900773319 -0.0703543836703088 -0.0819678882332681
-0.432995983569169 -0.0902049430092162 -0.0119453883071282 -0.140729583873563
-0.329069865603548 0.331089089042875 -0.0689728076903928 -0.0893880512725536
-0.0603220799377081 0.416769791266097 -0.0599190788045737 -0.0708994241387613
0.157340175796748 0.361791927895783 -0.0590848440195062 -0.0703178306294058
0.314653266128396 0.2361554214612 -0.0550643903673831 -0.0839578170500081
0.343204434578894 0.201559409668259 -0.057996959697917 -0.0950958304021453
0.336001119878124 0.246295991725894 -0.0431832807617173 -0.0955905939271531
0.183725583303039 0.441122755532816 0.0182974349896625 -0.114858365850397
-0.11271339420091 0.492641882862551 0.0727069078155019 -0.0320634831351427
-0.444186575852582 0.387667961215887 -0.0400620833217549 0.0872069736628817
-0.57615420415284 -0.160874030930081 -0.225798528944905 -0.0131098908769306
-0.233061925361417 -0.58927456936636 -0.180722218508414 -0.232548016796454
0.0668202784868074 -0.60545162796455 0.106622733722335 -0.296259468685386
-8.23401245196207E-05 -0.550848237322408 -0.178207882972081 -0.0230911644698764
-0.322444537902844 -0.48117057587881 0.00121252212477271 0.0347576866524414
-0.513675598867116 -0.0545392092884599 0.0250320482461837 -0.137899627724967
-0.351532435837786 0.390753576855774 -0.0881654589956423 -0.0925088966847835
-0.0555244737947632 0.463579258647953 -0.0883989329524571 -0.00111085000900662
0.17123893446541 0.395971919539945 -0.0147955790990325 0.0471300360931065
0.330294521267604 0.264185201487802 0.0604039257960921 0.0175868398162869
0.34349023936564 0.222777474626285 0.0767499307710874 -0.0143882202312835
0.325410207983826 0.267394519705976 0.0834889328995917 0.000757416079536023
0.171090939144081 0.458571049483312 0.0985614420860742 0.00379786405324524
-0.125724269553918 0.498530778727669 0.0862789481010203 0.0740279046494253
-0.440593097629541 0.385559307933358 -0.0394993546913647 0.137886154153225
-0.577423543241566 -0.144027483318882 -0.208211523477348 0.0443095464796192
-0.257789571075815 -0.59038939742371 -0.140181480855272 -0.0932740529308428
0.0359775895089289 -0.640534642405163 0.0788022914997715 -0.0734539515466805
-0.0441859727217022 -0.539863584870658 -0.193338642806829 0.199233131970936
-0.365150756955858 -0.441425242298947 0.0933140720883339 0.175941214384897
-0.511561509952166 -0.0118368275595014 0.0730069079567637 -0.112189033419772
-0.312884699934019 0.383213554371512 -0.0954554431320207 -0.0801639093769047
-0.0438700596397316 0.43138471075185 -0.105625103064691 0.0792332070814762
0.158761364402676 0.367282774601111 0.0368301710878575 0.167749770657317
0.295272477759682 0.252841400975171 0.170246846069647 0.121339205993828
0.29284537291586 0.212351958434201 0.200293164349949 0.0689327038149239
0.261916477168572 0.248701487773447 0.195203145477688 0.0941034771358459
0.122233793977213 0.398437979796229 0.165332255549964 0.115198939069945
-0.122971464188806 0.404870194281433 0.0927058502202073 0.165585344528113
-0.355362811146673 0.295433887648847 -0.034116504127004 0.171997828525474
-0.451990532735857 -0.111077629892714 -0.171972263206452 0.0918130562748757
-0.213828716769527 -0.479869239817106 -0.0922369807514386 0.0327573327236331
0.000494081714538214 -0.56364112988364 0.0557408052664349 0.135799120703674
-0.0766044020214564 -0.439788587495478 -0.195555109832501 0.413032079116624
-0.329136354566758 -0.326131504469009 0.17920663922968 0.314990654998931
-0.400961558530581 0.0242136672232401 0.122879047223617 -0.0626867314605996
-0.213162107917188 0.290957270553025 -0.0831566194471164 -0.0583573026543999
-0.0288829372383476 0.312347357854209 -0.11040840903787 0.145924072045242
0.115210370495397 0.271619420696227 0.0801568746703645 0.267407681038158
0.213091397554251 0.200199355666237 0.256044229790827 0.210599199972149
0.197182986816559 0.168278026561991 0.295457904629794 0.142454330114127
0.160789212640018 0.191801898136708 0.272947008173351 0.169481236020624
0.0535533288614765 0.276791265250443 0.201391108948836 0.199560143524476
-0.103186033397694 0.248156063014915 0.0852265929570799 0.220740447844975
-0.213370026702487 0.152022463987489 -0.0265296192866767 0.176319857179254
-0.253815525682727 -0.0640059992694548 -0.126803048076228 0.115348109302139
-0.136874814908241 -0.297869968764101 -0.0486217817320349 0.116969684647611
-0.0361823240946212 -0.401978154464099 0.0420522123264002 0.294263052475442
-0.0908741799996533 -0.260787311060801 -0.191271050612031 0.581612836920299
-0.221724091267839 -0.155303447225847 0.237864548072722 0.426142866551676
-0.211232971181016 0.0529521817663509 0.16925911554373 -0.00311703856254351
-0.0739145087074524 0.140025969049545 -0.0510449937513372 -0.0436286653531885
-0.0133038521246555 0.136414384893372 -0.107252519532388 0.179181384232009
0.0469712682572411 0.130618201096809 0.102909673583659 0.324927113572805
0.0910087512425311 0.113914412518257 0.300149253977269 0.269917336353087
0.0709356446510326 0.100709778436525 0.346864927347333 0.193352469389469
0.0408685282271378 0.110576254907229 0.307747203753031 0.216371216705363
-0.0131408169423465 0.126142794086724 0.204939591180947 0.247174688448881
-0.0682247758195741 0.0762817296818042 0.066017859872053 0.236316419900027
-0.0622296103103886 0.0153776175070409 -0.018139076383137 0.153990358410958
-0.0595574128260353 -0.0054585264788731 -0.0788627382965429 0.115951527506225
-0.0646078338042696 -0.0935777842696597 -0.013959014002386 0.153946141368819
-0.0737292820984801 -0.196324158717762 0.0411784398542186 0.383010326942698
0.0705498383363051 -0.0214538501848576 -0.0576711302564492 -0.416352162607336
0.00820805380559831 -0.105607193180376 -0.109786576175463 -0.187489061190422
-0.0985221740711183 -0.0391981931660891 0.00307579410146415 -0.100144104340204
-0.0731310418093246 0.0936992696038666 0.00127079782931283 -0.0998990904536753
0.0259919736178355 0.0796081123686422 -0.0239651068637608 -0.189926002064827
0.0578025059287882 0.031138870099293 -0.168640972361213 -0.252970556228881
0.0641818021102491 -0.0178308657216149 -0.292865433867474 -0.224575283687011
0.0666001143358844 -0.0239996243276035 -0.334039536052383 -0.193855600219186
0.0605528784658037 -0.0131431924902348 -0.294256589743672 -0.241214000912653
0.0348010020586534 0.0232631137965086 -0.141597296829322 -0.29268562060662
-0.00141027197194357 0.0491112398166317 0.0498569001286457 -0.208289142377003
-0.0622423356673633 0.0293215416844127 0.0210321396200715 0.00183917491256823
-0.0364954922877136 -0.0812551603833912 -0.140187685560733 -0.0536395195586191
0.0953540352506303 -0.0726103518663687 -0.211570364686609 -0.379159603838144
0.109896714618682 0.0322444389130282 0.153783425667268 -0.638131567524624
0.0751265003293089 -0.193779504826146 -0.0804123516889567 -0.403133172159237
-0.0571427603225245 -0.239076886882009 -0.119174606151707 -0.184160860613422
-0.208357430232408 -0.071405337200285 -0.0254513117413191 -0.110581645682219
-0.16679761950845 0.173972587681174 -0.0240342295402984 -0.0755567184028243
-0.00435166626733645 0.20516086075925 -0.0209500219009192 -0.15273915084273
0.102834331520109 0.15635412883032 -0.132626704565381 -0.21787942618746
0.173353660870924 0.0752256144381125 -0.240519122703701 -0.20634550198375
0.192184565259047 0.0570912442094927 -0.280669675660541 -0.185482558067187
0.188616275759736 0.0833805355038809 -0.249204856518201 -0.222303895295614
0.111631317354819 0.190638018215984 -0.115797452745704 -0.273053928792537
-0.0343609032428961 0.232821404619391 0.0504478292918144 -0.183781796302608
-0.211077713076111 0.180764186618507 -0.00590490948688065 0.0124369545888527
-0.255475806968762 -0.114866672462018 -0.182927569520513 -0.065160322500189
-0.0334058487779638 -0.286575436448174 -0.218633231804315 -0.380600999956319
0.100620515101896 -0.225738610932561 0.1385483358999 -0.600332853980953
0.0631382195007309 -0.346032813793318 -0.11419931837467 -0.33154966793248
-0.136338821445094 -0.349747600075795 -0.110794569283207 -0.151279123187451
-0.312893139898363 -0.087475840686403 -0.036383876186635 -0.125734827865089
-0.247695305252047 0.25101063966037 -0.0505433872234101 -0.0717599132856283
-0.0315108757651734 0.315671435463541 -0.0366806317890756 -0.11171769746259
0.137630829770378 0.265162605378334 -0.0968705550080801 -0.153847323895957
0.259795157999007 0.157778532127584 -0.157946056418748 -0.156096415782098
0.287934357550128 0.129189661978448 -0.183109869786895 -0.149672092547346
0.284752032678038 0.168793837764223 -0.159926866534028 -0.169958788311585
0.169380024127315 0.333163447022754 -0.0620410517789895 -0.211164518665428
-0.0667276538181751 0.388146612680429 0.0584547880175949 -0.125407454227646
-0.339041286534939 0.30961253420125 -0.023348515071137 0.0417621887922271
-0.444630128551193 -0.136076283305656 -0.210479880041877 -0.0444002733739505
-0.155080601642523 -0.465386036382265 -0.213861528277186 -0.323788040279008
0.0807725439715598 -0.447652807724731 0.117357112390562 -0.4778865479905
0.0343243054688502 -0.465167963101788 -0.149470541017955 -0.200162183447435
-0.233553805306949 -0.429483447911087 -0.0733304076869863 -0.0792754123233304
-0.419157235142621 -0.0758686965339377 -0.0239058327470902 -0.138599487991387
-0.305861017733195 0.330349653381135 -0.0749336556103469 -0.0793554414246085
-0.0433992438593103 0.406438854538099 -0.0636060160051736 -0.0602189747157908
0.165401413134847 0.345539943646713 -0.0574305678059925 -0.0620581236017171
0.314449099842995 0.218098556633972 -0.0540941712585842 -0.0791150146816455
0.33953881448298 0.181240834862816 -0.0587590826881831 -0.0911508444439799
0.333971689053881 0.226382570375912 -0.0418130593477128 -0.0935719393084357
0.19546637327322 0.423024739089234 0.0136442059226172 -0.115000593841266
-0.0922543776281943 0.483888784323458 0.072624442126469 -0.0369511436816219
-0.415349638079049 0.388268135966685 -0.0314486542829083 0.0861187116054596
-0.562034793047763 -0.139178378827919 -0.215038609397717 0.00018224765180498
-0.240981050814451 -0.568810812065142 -0.184609327955753 -0.214120435587775
0.0547588019277991 -0.586870419623989 0.0963003405316179 -0.291825930165838
-0.00835937314808931 -0.529513341678458 -0.175403090634406 -0.016126067582539
-0.324195698327198 -0.458542368803028 -0.00135935154087236 0.0321410571057473
-0.495521429216066 -0.0410216631532267 0.0119684593427439 -0.137105305334483
-0.324982701225009 0.388801852145573 -0.0936474552394605 -0.0823445884649996
-0.0400734948422487 0.451110594068102 -0.0897976049232953 0.00809282714314409
0.178799611041473 0.378391651063989 -0.0104038817921338 0.0502146465857025
0.328910327119038 0.245682448256443 0.0607153410710928 0.0145607852999648
0.341075668949792 0.202839093281464 0.0739968033246545 -0.0177911784517931
0.323591904623221 0.249399699779138 0.0838850066666205 -0.00463472119601011
0.180925277617995 0.44118704749922 0.0954692785069671 -0.00323853756531951
-0.104433706450461 0.488833826937181 0.0888435126644304 0.0651067859592975
-0.412742689780883 0.387413888092408 -0.0296563273724438 0.133769607959606
-0.561540917017561 -0.124528199506323 -0.195295262243983 0.0563620552371413
-0.26443189461556 -0.569192540222463 -0.140285522008355 -0.0795116310946652
0.0222555112617214 -0.619374711255622 0.0743741261817256 -0.0759611565248052
-0.0512239772797889 -0.517460467321399 -0.186367238531216 0.198453377043646
-0.364153296022194 -0.417622992063146 0.0918639124399657 0.165952546973897
-0.490342768700714 0.000518322736820293 0.0601853414105036 -0.113381612517835
-0.288175933459047 0.378802146840174 -0.1006474140816 -0.072109886311187
-0.0270757318666612 0.419789803737676 -0.104863092556656 0.0864136895963914
0.165879661793147 0.349933241371352 0.0425126581228939 0.165312802296921
0.29516960404771 0.23402318930805 0.1700477026959 0.111015754131703
0.290361449297505 0.194694665934411 0.196806281487505 0.0590487138523566
0.261219876640869 0.233043066610158 0.194235649571261 0.0818991376680848
0.130940230209885 0.383116465195605 0.163622396135358 0.102638006724801
-0.106148049904398 0.397009373493632 0.0979553209284305 0.153309229412637
-0.33213824869427 0.294632548800051 -0.0231655113578524 0.166401120273847
-0.437049583976972 -0.0967756600439376 -0.159041941640232 0.101847122338203
-0.221044084793139 -0.461930681278856 -0.0891264074140457 0.0412547509898986
-0.0111584876871168 -0.543565671642385 0.0565871369605721 0.125738037401447
-0.0829686664591327 -0.41871989259888 -0.184542730831431 0.405969184566599
-0.323872853682268 -0.305180978074481 0.179717345882048 0.297244793083203
-0.383744018147573 0.0339690778440579 0.112592859049063 -0.0672702599029178
-0.196357955035279 0.285332948136753 -0.0870101694396228 -0.0536330132674664
-0.018243749269187 0.303659831791028 -0.107928180131926 0.150401110665565
0.119689171747488 0.25940531063085 0.0872121726396944 0.260547884831672
0.211738632727559 0.186299106006926 0.256164920296504 0.194763507006525
0.195805606493133 0.157062413949037 0.291015456641858 0.126892224853195
0.160777044914982 0.182911540083385 0.271935818735221 0.153212101535131
0.0604819826597554 0.267602634011807 0.201758304857772 0.184347099378349
-0.0928442497582199 0.242689442447635 0.0920720856860312 0.207419900134972
-0.199428045063303 0.151219540886314 -0.0160252427401578 0.168672844732169
-0.243454520795266 -0.0560232313494707 -0.114948269454433 0.1223753642539
-0.138089359169936 -0.285307946704614 -0.0431462644089168 0.120669491561267
-0.0439587710910268 -0.383853116233771 0.0472429815965739 0.278773278966112
-0.0953613445089806 -0.245653140320679 -0.174533652744267 0.568148953927353
-0.216054976509867 -0.141358910902263 0.241786072419753 0.403672056853351
-0.198539200439003 0.0581635444803952 0.161741204189944 -0.0112157283997927
-0.0668906830476839 0.134672277014096 -0.0550589288679553 -0.0424164483258768
-0.00953151384192726 0.131741931525083 -0.103374357225207 0.18147949391137
0.0480009376948715 0.124325635629636 0.110231412290236 0.314968612800005
0.0903725045903708 0.107593852619312 0.300398877563535 0.250314646194493
0.0709384116882675 0.0963728832618482 0.342048289132255 0.174125914139466
0.0415958709265007 0.108223586395553 0.306299554591129 0.19748994362188
-0.0109186075349591 0.123633038688447 0.207456368488417 0.229899084853159
-0.0650121805489879 0.0738628356702926 0.0740578399353343 0.222815528153056
-0.058419844200917 0.0124553052398071 -0.00900567720835578 0.147381122727694
-0.0526057676080933 -0.00429506565763398 -0.0689011973662354 0.119103933346648
-0.0629589063234338 -0.0880328612301134 -0.00711596309050146 0.154466251163741
-0.0756352347019556 -0.184441991849321 0.0483646001669576 0.364294657202745
0.0690589054227911 -0.0246898830365378 -0.0595900857507123 -0.401422777532855
0.00150888276987364 -0.105805699693496 -0.107986706090054 -0.183047797226858
-0.100506786440327 -0.0351306599475685 -0.00390281655605345 -0.0998195965561021
-0.0683763613381365 0.0963973986688036 -0.00580248896354787 -0.0926043702221053
0.028875861036035 0.0784009803305893 -0.0273404818569481 -0.178933732053555
0.0595231651728187 0.0291328324733728 -0.16724887133282 -0.239071214310738
0.0634879455957881 -0.0195382795962397 -0.288349441639294 -0.210741596275582
0.0656885877398657 -0.0267274483455141 -0.327616624618309 -0.181308636311186
0.0590453737130906 -0.0159070330896414 -0.289975914126103 -0.229996253724978
0.0363094621254904 0.0224129527885708 -0.143280671315021 -0.286393704317903
0.000837833815070928 0.0502491674257841 0.0486619036535649 -0.206945767335025
-0.0602550998585514 0.0323376473526074 0.0267631062487484 0.00236249958627115
-0.0406473879087477 -0.0783180685849832 -0.135802889935094 -0.0481379968419581
0.0908345130070251 -0.0751428010338318 -0.211872929628201 -0.362652132887515
0.108208350667416 0.0276443438645433 0.144335785065391 -0.620924258500655
0.0741180775094444 -0.191619747560103 -0.0815562969772947 -0.38913707942943
-0.0623655535639851 -0.234518721102895 -0.119013282073857 -0.178898903121252
-0.20562918386258 -0.066217961014027 -0.0331043690723883 -0.109001543635946
-0.157665095777482 0.175046913061252 -0.0301129483844408 -0.0674059851691478
0.00204757530540896 0.201241233345421 -0.0237628018857093 -0.142835750210325
0.105213830246022 0.150217888899617 -0.131159293265785 -0.205973318196419
0.172182411287694 0.0682007041150582 -0.235578972811191 -0.194210476859727
0.188652408475525 0.0497011772740539 -0.276011942290563 -0.175735813617701
0.185270712163175 0.0758338432403327 -0.244639982727022 -0.213844876442802
0.114877381898557 0.184821059941692 -0.118479991815447 -0.26741151697738
-0.0278953818785849 0.230870691682388 0.0488343030313538 -0.183929132249031
-0.202169886142084 0.181547280258545 0.000108849328978691 0.0134219258518191
-0.253194173369721 -0.107585897228346 -0.176677443581284 -0.0565280662773474
-0.037575060201514 -0.282552531000391 -0.221234519243021 -0.361579931899493
0.0981967219636249 -0.222868459840444 0.129871540512919 -0.585592960074428
0.0638990300794634 -0.338875137268952 -0.114831867295571 -0.31902646201918
-0.138655238627517 -0.341137239791462 -0.111992113576366 -0.147300648623409
-0.305920576838167 -0.0820876219246284 -0.0451204349799619 -0.123355920375906
-0.23385501248933 0.249292355874966 -0.0553660987293407 -0.0623958276784534
-0.0223339504618592 0.309187854007794 -0.038679677041864 -0.102053793917611
0.141814760834832 0.25582828454226 -0.0951948758264765 -0.144272352495681
0.257992292434265 0.146921063400999 -0.154797626749902 -0.148121100288825
0.283118949713793 0.117687026554856 -0.180646176382878 -0.143023550184157
0.281660065368558 0.157388805400553 -0.156511708049042 -0.165216168479666
0.173337437306528 0.322042251716037 -0.0648422085218217 -0.207883893888482
-0.057165824735682 0.382308350961719 0.0573847040520322 -0.127360025951671
-0.323631113825835 0.308152567505633 -0.01751272141949 0.0421345221804352
-0.436189199717825 -0.127407105951094 -0.202920879888254 -0.0353260815350497
-0.156829433503198 -0.456230271231864 -0.214835753467724 -0.306984104061082
0.0771644039877268 -0.437021855271373 0.108977119973554 -0.467886718749633
0.0343180389813805 -0.454085058773783 -0.14926856611248 -0.191306445970133
-0.232277648549265 -0.41694742657603 -0.0750403281960409 -0.0776678911979667
-0.407760482446498 -0.0714513596814954 -0.0339613736763929 -0.136090701711341
-0.289634543125702 0.325674531678711 -0.0796032700904241 -0.0708450101101185
-0.033680111553648 0.399203980074037 -0.0651243278335676 -0.0510341838269083
0.169302545846202 0.334190222245255 -0.05512810429656 -0.0554908870684082
0.311094195121887 0.205235300173656 -0.0519395597966386 -0.0760676913455982
0.333735219427111 0.168735802263873 -0.0583406547032563 -0.0890108488106823
0.331021279433046 0.214433483319118 -0.0397399305293371 -0.0934240712945442
0.199965283029088 0.409632670650586 0.0101030243313687 -0.115961919568903
-0.0808749494276833 0.474407296183103 0.0725469789257094 -0.0415387283810197
-0.395346343882358 0.386145237616112 -0.0245003410242521 0.0844693664122615
-0.549076266451882 -0.128603638198569 -0.205291405191247 0.0107058051693618
-0.241218573198857 -0.556614817109064 -0.185372095151629 -0.199289610737854
0.0511877451666314 -0.572178395257606 0.0898196326220198 -0.287115587054634
-0.0079514737282299 -0.514200858217082 -0.174347140045085 -0.0117822524689347
-0.319855363262537 -0.443605544215603 -0.00475306964211949 0.0302471610052497
-0.480058475803444 -0.0362770938042207 0.00101639463521631 -0.135392283560458
-0.30731707803506 0.381906461008452 -0.0979191295628134 -0.0750638875439469
-0.0297916274297636 0.440415649282115 -0.0907902469509347 0.0160807858656406
0.182161287247388 0.366568900713643 -0.00704632453192075 0.0530367411263424
0.326354802358482 0.231881244420603 0.0613919174005453 0.012207510795184
0.334304219005792 0.191372201267295 0.0719632674288198 -0.0202510695338932
0.320253819497291 0.236749682322101 0.0839171231813941 -0.00900851997154784
0.184463772130147 0.428396954693345 0.0920581265809074 -0.00848622414565202
-0.0928621999677006 0.481227406523146 0.0901337874457255 0.0569147202132574
-0.392522796843555 0.383585599147427 -0.0222304864142343 0.129840949996221
-0.546410766415874 -0.1145226848881 -0.184399240134966 0.0652448255342154
-0.263545319351726 -0.555346961520831 -0.139039084017703 -0.0688270967814373
0.0221041777450775 -0.602935679657127 0.0699971933823 -0.0784306471337625
-0.0512861203017504 -0.500335463932678 -0.183409790590829 0.196623386623436
-0.357587376149897 -0.401416105410509 0.0880939889597466 0.159119700849554
-0.474610099193338 0.0054924172577639 0.0502031323341728 -0.114098198292593
-0.27247558322915 0.370289413353235 -0.103924303709751 -0.0663617838259558
-0.0199746932997225 0.410907541377576 -0.105406488990067 0.0923512980145725
0.168966632487604 0.338704955030208 0.0458166332028724 0.16467226305505
0.29123116309382 0.221871026647713 0.169704312893765 0.103878816856716
0.286014038462411 0.184026892166199 0.19257939343104 0.051720500397992
0.25930279171665 0.223475121287678 0.193124772799835 0.0732406892172865
0.134811164042181 0.372969540811406 0.161120881140225 0.0940151878047546
-0.0960037074769222 0.391147045980234 0.100395800352528 0.143262474128695
-0.31683047663739 0.288733304850412 -0.0155868210170253 0.160411746832107
-0.423827333597369 -0.0899234942112243 -0.147526396233828 0.108656695953116
-0.218633548581794 -0.449779186248109 -0.0859058241835523 0.0476049479219367
-0.0118852660830588 -0.525692958516679 0.0549113254490637 0.118108340474478
-0.0818566475630574 -0.404101012331476 -0.180583098424488 0.397618580095284
-0.317469085202092 -0.292294684894429 0.175755462790238 0.285690615727275
-0.368156991982564 0.037431388032127 0.103389537358957 -0.0705046615695725
-0.184776728635515 0.27769076514092 -0.0902012942556358 -0.0502447394464547
-0.0132481093813795 0.295819069122578 -0.107586153917604 0.154353173397943
0.119944178009277 0.250984572563211 0.0908232641255869 0.255964875368823
0.208565842121565 0.176805875591841 0.253922650490352 0.183446995375963
0.192543041262536 0.149746162148505 0.285217281496957 0.11667325289834
0.160151320503947 0.177198817113061 0.269169834053866 0.141698466193358
0.0623323933366315 0.260586085939315 0.20009440216862 0.172420976303645
-0.0870780637515757 0.237970570691813 0.095429543426269 0.196190509569305
-0.19008350043756 0.146690574388119 -0.00880960805612242 0.161933291602034
-0.23264992592128 -0.0522853430329754 -0.104876049836938 0.126347557882317
-0.1366222979456 -0.276821430430666 -0.039244438305043 0.12305841895604
-0.0427401701680112 -0.370751803013235 0.0477039932919108 0.266416179277038
-0.0948747756563573 -0.234275927151995 -0.168788702815251 0.555214243549935
-0.21057865583191 -0.13252961662571 0.239239739760229 0.387231833823042
-0.187842226815022 0.0588189736010683 0.154345889368047 -0.0174912324426898
-0.0624304871678791 0.128892953041404 -0.0584203690127816 -0.0421439091460482
-0.00803402857433893 0.127967138752744 -0.102548178216644 0.182236953400668
0.047367268988582 0.120166740088806 0.113926242720838 0.308305959293197
0.0886969029798824 0.102967104352611 0.297534498445535 0.237652800807854
0.0696116721686029 0.0932297096677809 0.335688366255926 0.162445570829724
0.04240836631453 0.107734424420256 0.301918692112828 0.184053881269284
-0.0102783216533071 0.121335456777825 0.206456314702638 0.217001466000805
-0.063900028427097 0.0716094855212726 0.0777726644008914 0.211728253578703
-0.056016550925725 0.00827303838314006 -0.00250052923403288 0.139897715490689
-0.045926220054245 -0.00490397742652739 -0.0610687949849836 0.121306676829329
-0.0600225228795436 -0.0834563465156832 -0.00287750022940681 0.15468849853923
-0.0747107796734533 -0.175092042937901 0.0502963876774055 0.350178652690679
0.0678979627954907 -0.0278252333485296 -0.0578221080495894 -0.391517648265905
-0.00490155091680524 -0.105695156643335 -0.107469314822815 -0.181023413662567
-0.102464107130288 -0.0313935719195618 -0.0111608085150443 -0.0997490002762888
-0.0640692032342623 0.100220768159693 -0.0114365247905933 -0.0855544454530644
0.0314592967800696 0.0778872919609643 -0.0290213250663415 -0.170579868846928
0.0616935210282381 0.0274175328291703 -0.166730318893858 -0.228367178117281
0.0637235419617575 -0.0215812977837254 -0.284601441401619 -0.200447506910979
0.0644350301400482 -0.0293015517850548 -0.323697259482411 -0.173397549003112
0.0582418912145596 -0.0185290689871074 -0.287442477282337 -0.223766286737329
0.0377374606688708 0.0215046629664023 -0.145748466182402 -0.282382183326603
0.00339003896697925 0.0515452587005016 0.0482769228853411 -0.208241122928754
-0.059248917219603 0.0352774755235855 0.032216281104537 0.00180815994152437
-0.0443977956583991 -0.0759279152582553 -0.131359074336479 -0.0433806789873148
0.0866215884362641 -0.0778051221284992 -0.214253684499242 -0.347480693516471
0.107420195958524 0.0240444804657189 0.139599112885804 -0.608648688700882
0.0739037315536116 -0.191401175117329 -0.0801907424305446 -0.378287129830692
-0.0675965621830924 -0.232063159361977 -0.118974407548788 -0.176301385237922
-0.204660088103058 -0.0620105324786421 -0.0408103356318815 -0.108097234243115
-0.149945860057742 0.177189375180464 -0.0345122467237426 -0.0593670640691041
0.00690199310642794 0.198958677333057 -0.0250492018630208 -0.134550619188043
0.108794484341108 0.146080473467272 -0.12983981129532 -0.196792972928932
0.171897703964398 0.0632174989846766 -0.232823490304045 -0.186234260677235
0.186312643938357 0.0434925684234013 -0.27212950206714 -0.168743324813401
0.184187198317095 0.0701333319373606 -0.242283732914452 -0.209265540599052
0.118356747187079 0.181104301742539 -0.12109619212447 -0.264195078412285
-0.0226248210905102 0.228979565193593 0.0481861526668604 -0.185196579832679
-0.195412440552969 0.183131916487231 0.00568419081362638 0.0136798303684349
-0.252118533462628 -0.103128718725789 -0.172025172039332 -0.0497921814778831
-0.0406301185562711 -0.281619123389443 -0.221784718185588 -0.347463120466956
0.0968363781198625 -0.221708342194279 0.122975991692614 -0.575084321664164
0.0643866974236293 -0.334679208153205 -0.114348863139858 -0.309460902784985
-0.141717610436577 -0.336711645437059 -0.112807251310673 -0.144210096595085
-0.301479485242411 -0.0783971051693172 -0.053421464509264 -0.121407628369773
-0.224266321007024 0.249228190567603 -0.0596430274266094 -0.0547047398882871
-0.0147239771475404 0.306472829236655 -0.0397300868527335 -0.0939776553974055
0.145278985287952 0.249735141060742 -0.0930692758879668 -0.137188693044231
0.257162421444369 0.139836358983564 -0.1516451867271 -0.14295659623599
0.279918919573565 0.110007055078146 -0.17874890639106 -0.139013000240177
0.279728098488153 0.148458006426122 -0.154310052710868 -0.163534522548786
0.178503020557286 0.314732428641773 -0.0678236937654558 -0.206599667692609
-0.0495278037148652 0.379624301910598 0.0574301382718763 -0.129953753662803
-0.311130299740069 0.309310183367664 -0.0119167569858566 0.0419690151593257
-0.430805638892173 -0.119822648796933 -0.196307051404999 -0.0271194538215005
-0.159576866557387 -0.451164495989978 -0.215996202616562 -0.291729084060999
0.0768352087389198 -0.43187145747016 0.104159754518887 -0.460842482186131
0.0369378935098845 -0.445359954557128 -0.149531011023744 -0.184093531030336
-0.232117116358092 -0.409609252749506 -0.0773842179088284 -0.0755540907697146
-0.399923254880347 -0.0680695865721516 -0.04280101928955 -0.134447486604984
-0.277368800569233 0.323169078336219 -0.0831488601624498 -0.0630337751067424
-0.0259806285696067 0.392649737706753 -0.0670074038740524 -0.0426407515249087
0.173234661717366 0.325812219217054 -0.0523503199487101 -0.0502665730568994
0.309566000174578 0.196801248403543 -0.0497185882219675 -0.074935887076352
0.331086701248936 0.158303241454142 -0.0575625262480768 -0.0876671723088685
0.326387463570548 0.204356512951615 -0.0378111972756579 -0.0947349708791551
0.204740016566523 0.402071808411759 0.00721615617749052 -0.117137334433555
-0.0707265542686214 0.471328868073091 0.0727894156185262 -0.0465831939493136
-0.382596495722466 0.383336243674508 -0.0190931243799072 0.0830903679871445
-0.540517240117196 -0.12128618259621 -0.197329114370346 0.0182960714134811
-0.243212596563857 -0.549482079268902 -0.186254802722657 -0.187236036756801
0.0497101713026707 -0.562294653466144 0.0855979669034689 -0.284403125372014
-0.00424394921269797 -0.504663891433234 -0.174397403253338 -0.0079013748770642
-0.316293316712574 -0.434415388705825 -0.00794070201442099 0.0292172308496383
-0.468356763836404 -0.0343221123331061 -0.00820037560744483 -0.134545064685436
-0.295970602391329 0.375412378818707 -0.102248388214265 -0.0683563305804156
-0.0213993369014357 0.435067266731797 -0.0918609491079422 0.0238156305070706
0.184644399385363 0.357896851227068 -0.00408919255707306 0.0559635758469371
0.322934472769159 0.223872969469283 0.0625509963883651 0.00923855691492655
0.331993314853388 0.182041382240066 0.0704853052225583 -0.0225638676025063
0.318456621878311 0.228699493297498 0.0850735391069777 -0.0137182543503903
0.19058287342973 0.420198192466088 0.0893026207561609 -0.0124655498688856
-0.0844145412099643 0.476031109928003 0.0911494593505367 0.0498721527746442
-0.37885809688508 0.379145980679074 -0.0167865850426117 0.126691084911203
-0.53691717613189 -0.107960976259305 -0.174997410978523 0.0725650143577671
-0.264728244698168 -0.546635261191875 -0.138253797325518 -0.0599783078310861
0.0207247616099066 -0.590961263713912 0.066444589887402 -0.0798870266864597
-0.0481588165300144 -0.490244658566186 -0.183921688226633 0.196395984355691
-0.352608152856731 -0.390829411431441 0.084811214562562 0.155259819327233
-0.461967027147992 0.00766490324175861 0.0411296834158409 -0.115105017643192
-0.261583856411775 0.364774919496429 -0.108144775791617 -0.06147985401031
-0.0135739526246961 0.404006232717482 -0.106283142190996 0.0982817994128881
0.169757839753659 0.331078468513215 0.0493518785504177 0.16512973699889
0.289659415144173 0.214578572379134 0.169705736455507 0.0981190559956069
0.28303056044538 0.17629795876666 0.18933092963948 0.0468424242633588
0.258950620554778 0.2165170292945 0.192207348174702 0.0656832015767721
0.13923565254829 0.366749815882222 0.158602915324789 0.0865127424469516
-0.0889887664364306 0.386365218416376 0.102196498835727 0.135051186493883
-0.30389404180253 0.287300555724821 -0.0100649151995587 0.155044723515331
-0.41461053072027 -0.0845475391830973 -0.137384372366065 0.114665886150242
-0.219694385318106 -0.444530072229267 -0.0835959688999171 0.0542010309733651
-0.0116831053090335 -0.514365231651298 0.0527801891507445 0.112266225410142
-0.079547296152959 -0.392971685706112 -0.178363936927842 0.39555354203759
-0.312574634463434 -0.282921566353793 0.173060126882582 0.278014017330818
-0.357046911201924 0.0378219587320732 0.0954211609735822 -0.073479101193388
-0.175909057784762 0.271861672947396 -0.0950087774944208 -0.048131378700883
-0.00870495373528659 0.290770809468356 -0.108264214738062 0.158768211446576
0.121605874124508 0.245424629341069 0.0942167079742893 0.254234146738009
0.20646117845469 0.17071192790354 0.253477413788743 0.175485066162866
0.190899297538266 0.144962811246985 0.281138804741441 0.108624148778332
0.160405214483366 0.173578466752682 0.267501258937504 0.131565595574144
0.0649681597164986 0.257613138187271 0.200097570497679 0.163246404346506
-0.0824855600418887 0.234559891472136 0.0981644424282874 0.187323385816157
-0.183368409749283 0.142309742716842 -0.0036517881595357 0.15657135002994
-0.22481241783004 -0.0515702966667289 -0.0959425897158237 0.13066261734112
-0.135194666559726 -0.272054329647029 -0.0355073063692319 0.126566570915775
-0.0436010691725771 -0.360286136686392 0.0469540490441641 0.257734026601781
-0.0936300322164562 -0.22539757161648 -0.167149027608356 0.548281767719845
-0.204900970847779 -0.126974318677842 0.23606936916559 0.37674893892961
-0.179535541400903 0.0590303490098526 0.149028179604761 -0.0227169527218004
-0.0587994464001716 0.124249226161829 -0.0637335348516573 -0.0428196463770145
-0.00710340929311452 0.12515958217319 -0.102940998153364 0.185051366330056
0.0467858540269205 0.118029055566858 0.116311465625936 0.305368866005783
0.0878076723382946 0.100305600149308 0.296835881311968 0.228626630980179
0.0690806047396537 0.0922639032936816 0.331536686609537 0.153333171143282
0.0432999906627816 0.107591993306364 0.301451583569332 0.174101362123546
-0.00964844956638162 0.120911283123322 0.206551757762787 0.207339390095945
-0.0633868120434494 0.068882133799422 0.0806871436771167 0.203110487081654
-0.0545213451779731 0.00439705373860125 0.00303925105842785 0.133916081570454
-0.0398834971026025 -0.0062234280153275 -0.0530558702090707 0.123909159031401
-0.0567528313065761 -0.081359171673187 0.000875638276908367 0.155923634118835
-0.0738299477701078 -0.167589222883739 0.0506310428635692 0.339530736628345
0.0741753079142177 -0.012833922674182 0.0245501728327159 -0.388281857411354
0.0135803906319926 -0.101854343402265 -0.0645486299705164 -0.198219533690211
-0.0939413191852931 -0.0456208965620571 0.00518754046637415 -0.103114922129276
-0.0767447313233686 0.086476784344084 -0.00135924908124641 -0.0809084983382591
0.0181011910144359 0.0835764515190369 0.00358024916632007 -0.166344452550115
0.0573068929913871 0.0400124172658203 -0.115583159767178 -0.250487774866218
0.0664665636958783 -0.00820292738389792 -0.234640863375268 -0.249777018974055
0.06996038104351 -0.0171557967473777 -0.27409034221643 -0.231074477636763
0.0614671660345323 -0.00564030821085781 -0.2299540073657 -0.275816452554875
0.0329429649044797 0.0297192020164279 -0.0799138072278292 -0.302980020153773
-0.00621845040165452 0.0530963768347531 0.0911356315423771 -0.192768172500664
-0.0642842544323047 0.0236671565980753 0.0348893791030944 0.0101118635229066
-0.0296934255296076 -0.082844531026715 -0.118969597842124 -0.0696890644586837
0.0956598900621704 -0.0592103179978337 -0.138784400744154 -0.380783572900515
0.0985707432505193 0.0447487595078579 0.277601225960915 -0.572095526739413
0.115971767319818 -0.165090948239313 0.000208372780786634 -0.381796025319633
-0.0206984874493554 -0.233505907225496 -0.0732601541688958 -0.194852789343379
-0.182279250891147 -0.0965223538415625 -0.0209515946288988 -0.119370552872698
-0.170864025952116 0.140385893042748 -0.0295353352715534 -0.0615535576089164
-0.0279796169437139 0.19355063219602 0.000923863099744353 -0.132245454882886
0.0786297818617464 0.162441450729398 -0.089102491979948 -0.213474182594572
0.153765676513 0.0939676257528259 -0.185425499179207 -0.225058010597501
0.173727806377824 0.0782373000032413 -0.226405098190866 -0.217113570269067
0.163619588998166 0.10429920064803 -0.189133492453851 -0.251456509310222
0.0776893252202961 0.198163243059978 -0.0610672771324518 -0.277349875326255
-0.0684328773956706 0.218033824456413 0.0861849856500263 -0.164489266628748
-0.223892495235675 0.133677341974934 0.00177812051645699 0.0218343224172335
-0.223116565185372 -0.157043722163351 -0.163388302109416 -0.0827645104291554
0.0175132140032132 -0.282351290431332 -0.14576248687394 -0.385909311005984
0.143654164045083 -0.192945760624643 0.252876375666672 -0.543455546887269
0.138859238822437 -0.303148379624394 -0.0476623254335228 -0.324000098194771
-0.0696093534772173 -0.347014659916411 -0.0699188865795775 -0.16436940395131
-0.269122644099598 -0.13186290087299 -0.030997556570194 -0.137466721912187
-0.252343667768437 0.19119982130382 -0.0556582232246503 -0.0630739182318902
-0.0707971845008849 0.290197829311093 -0.0211615990284372 -0.0977560202498701
0.0923350059436588 0.268663569908814 -0.0666143132360241 -0.149416525778893
0.221064484590474 0.183405677776082 -0.11658009349281 -0.16738923227079
0.250994471839589 0.161875068185008 -0.142675274891452 -0.170423290142034
0.238370900001603 0.199957115443113 -0.113711853498076 -0.188089219180172
0.108496466089704 0.339097393317844 -0.0226848039350175 -0.208751706238483
-0.125815474760281 0.356752056203813 0.0819043265154244 -0.10491542267399
-0.360983873342054 0.226988030174887 -0.0246230002220243 0.0494162836130439
-0.39268278627531 -0.214556840885667 -0.196530736840551 -0.0650556375486024
-0.0582214650215541 -0.473090292349879 -0.151258335794678 -0.331994804519573
0.171753736819578 -0.399007834370731 0.206884867834542 -0.437064628670588
0.135367235883451 -0.413748023832 -0.106924422064113 -0.210226492704983
-0.141063046344472 -0.432739431019763 -0.0464024258526068 -0.0942464464897912
-0.36275495107496 -0.143999307040867 -0.018776956485703 -0.149877180070701
-0.316342403304997 0.249786393974563 -0.0791373266907301 -0.0768318778634703
-0.0984855429359485 0.369836763313536 -0.0575623214915946 -0.0551522666826214
0.103804310473102 0.346844394041528 -0.0466023328027641 -0.0583241584228291
0.260027550992519 0.247737639755368 -0.0311986168152998 -0.0801839191382071
0.290617520504274 0.219875422490328 -0.0377180268589795 -0.0974319049180568
0.271980061478241 0.26413031518934 -0.0167536064690915 -0.0991494574879975
0.114694085054538 0.428137891254804 0.0302483898802689 -0.105953596026326
-0.164883913366581 0.439865059227511 0.0785566788474904 -0.0188958937991711
-0.442274573140588 0.282220824180802 -0.0423391627159008 0.089456896426891
-0.495145672600404 -0.24212023797827 -0.208911633458816 -0.0192287693332245
-0.115839609349746 -0.585264669147724 -0.141588193764255 -0.22557989101756
0.176125580974213 -0.530428759742686 0.147245031044488 -0.267754102653488
0.105931528888927 -0.477673426858651 -0.167904090673713 -0.045575918179114
-0.217561866410026 -0.470063245399101 0.00188930025939711 0.0186725306277598
-0.433260302400523 -0.124500166797411 0.0140529937842161 -0.146549557421902
-0.343968706492836 0.293562163353942 -0.097500592790972 -0.0886425181886573
-0.102819107508578 0.409934141556945 -0.0963013382221867 0.00358723818728169
0.108863894126136 0.379314709815662 -0.0216582674420665 0.0546658983147819
0.268388249648248 0.27516380374376 0.0599263902684236 0.0244224189169249
0.286037108122958 0.242771135296941 0.0725478921416365 -0.00920316228325311
0.2584448944583 0.285473085937958 0.0852772904830846 0.00275174899327024
0.0985249821902846 0.441939930382142 0.0866503241170919 0.0110070262359599
-0.17988163369534 0.440520570979706 0.0757594510466486 0.0776463190566086
-0.438439603221072 0.275695343135933 -0.0494448990964181 0.130820404069654
-0.4929640038613 -0.227213797754587 -0.197480384388543 0.0387832665551565
-0.135562793224207 -0.587386151882285 -0.120721201435305 -0.0903749223932576
0.155598603791086 -0.563282424317702 0.0807863394379762 -0.0697890589772912
0.0600502354687384 -0.473375807815292 -0.218614267369058 0.149749014245418
-0.260668601692471 -0.436373592157875 0.0666869201433938 0.156234972232149
-0.434617018941029 -0.0827150187472237 0.0570285666260463 -0.118845775827459
-0.309428528551102 0.289187135554973 -0.105374812859702 -0.083926178052955
-0.0906290790798055 0.379322235506516 -0.125260556760386 0.072672718209483
0.0976178978461714 0.349570524287041 0.00847423035476279 0.171212215335379
0.237066189066926 0.259798227367715 0.145445967925573 0.132733288892072
0.239768587049964 0.228419585504294 0.172345956213849 0.0815895701216266
0.202817232493378 0.261985869729405 0.172996849333901 0.101011787233563
0.0602106779183561 0.380602844607918 0.132577381700027 0.11914648510376
-0.16630901622593 0.352604237661354 0.0698761272956106 0.158091305620389
-0.346811829696664 0.203038305681823 -0.0461460672653677 0.15606322449351
-0.378146002644297 -0.177487362697905 -0.165407187203262 0.0879592973374612
-0.113113820182423 -0.47632580142035 -0.0889536450027507 0.0337909100257632
0.106739837104755 -0.495155467648075 0.0238955185405602 0.117620156196185
0.00583418081052834 -0.389566496473083 -0.254073856809927 0.344072057775083
-0.244192618960442 -0.325207285454508 0.124932501776151 0.291515479254179
-0.34016043254387 -0.0322584205208663 0.101614407310481 -0.0661266459542271
-0.213251090187725 0.217011324518761 -0.0926739260755439 -0.0691917515654444
-0.0648762698248242 0.271044770871157 -0.139193262650239 0.13123709256294
0.0663476959377746 0.256614530329635 0.0352745737486917 0.267221527251131
0.166427090512608 0.202315451095283 0.210901692607859 0.225151548713108
0.15608447186632 0.178796795906662 0.247893438300731 0.15954967490918
0.11691453197937 0.200354720056152 0.231439251205654 0.179234821558653
0.00996258421794719 0.260157070952095 0.156762936375463 0.198547658830647
-0.129146440625033 0.206711103223615 0.0551861217534681 0.203030708584373
-0.201274378134881 0.0908454439230437 -0.0373134298800267 0.152651066803453
-0.200175124298245 -0.101811201497741 -0.122222658053324 0.112363916934896
-0.0675813764647749 -0.290707733040836 -0.0575744024629932 0.117280732472662
0.0396678556966694 -0.352840502115675 -0.0140400116086726 0.26097281133143
-0.045701920041891 -0.23505239795249 -0.273140722316554 0.494747787784566
-0.174250790250637 -0.157231803620233 0.162917483758369 0.400961482765321
-0.178355089037978 0.0233265797486334 0.143338799160011 -0.00251640605381951
-0.0768885655588241 0.101263909293587 -0.0610547290028606 -0.0568615150768946
-0.0318649540220504 0.114030639171932 -0.139671915403127 0.160575748109859
0.0187926163853511 0.120197876930387 0.0500371543690195 0.321734123446246
0.0646254814485378 0.111612713048418 0.242491053729023 0.284970120446405
0.0477209868797651 0.104005587469886 0.286371439390585 0.212926312023109
0.0179209074503918 0.11330164035394 0.253210654543545 0.226802353936587
-0.0348323541167269 0.114031664458548 0.154949140767849 0.239044085129955
-0.0766210752480958 0.0510736459561766 0.0356109607513636 0.209012538229259
-0.0503976323931259 -0.0122389150202286 -0.0233789678530179 0.126410459971612
-0.0313516233315099 -0.0150938673111557 -0.0742196144905341 0.114210917316482
-0.0338431617585038 -0.0886551776012668 -0.0281744993063442 0.154871443516752
-0.0335517006543849 -0.174672858980591 -0.0277617946404925 0.343918414103333
0.0724051356343387 -0.0160075618156126 0.0244287962062402 -0.378303997385134
0.00826799766779427 -0.101212805317363 -0.0643880699827111 -0.195666686214217
-0.0946037816339091 -0.0414818556675089 -0.00104100481810658 -0.10294641975839
-0.0721471670245637 0.0895298716826603 -0.0059124585691518 -0.0739596352624572
0.0208346601448946 0.0830366709291105 0.0020038274795457 -0.157797062427356
0.0591838738519101 0.0374810159071361 -0.114547212540128 -0.239979711973531
0.0663753226896149 -0.010107011439639 -0.230279506219634 -0.23954491944168
0.0686435865862128 -0.0197671128616404 -0.270486579589893 -0.221870305613893
0.0609261436789458 -0.00786672238554274 -0.228826389897391 -0.26859531912672
0.0345378978319559 0.0290857633301001 -0.0823008582101278 -0.298536732415953
-0.00370043973193223 0.054076922273345 0.0902735277990239 -0.193683135382773
-0.0624111484391151 0.0275210887237546 0.0396158811022408 0.0102094684514755
-0.0333438595280629 -0.0797196300293317 -0.114751845978002 -0.0640089980371253
0.0915117479131801 -0.0613938274458753 -0.139655519506972 -0.365038535636895
0.0970467086180176 0.041639627054503 0.268641346612579 -0.560183617053745
0.114948588699022 -0.164512243645138 -0.000706500263547641 -0.371397517670707
-0.0250879944881636 -0.230141270695605 -0.0733860601099126 -0.191714873841413
-0.180736479552776 -0.0919724894085904 -0.0288823424824361 -0.118175662460551
-0.162936681434446 0.141895905129315 -0.033200005971531 -0.05403366655174
-0.0228361993697859 0.190291592795948 -0.00175946882908915 -0.124443604905361
0.0819346378910749 0.15795241290916 -0.0874093902481762 -0.205069726163249
0.153884006442681 0.0878187952442527 -0.182804246223508 -0.216958181258426
0.171098692149964 0.071807619979321 -0.222801191668607 -0.210011854402847
0.162220416769472 0.0987789438606768 -0.187168618401771 -0.246357602386879
0.0815176821347287 0.193598753649846 -0.0640864797302678 -0.27323142300818
-0.062281855970513 0.216830981829775 0.0847452983763031 -0.16635489076984
-0.216456460815578 0.134901496488441 0.00647550801750469 0.022532151952219
-0.222126660510278 -0.152103267936601 -0.158286739503083 -0.0755213662046785
0.0142197035976453 -0.280360495870011 -0.148592824569688 -0.369790613511053
0.142166912888257 -0.189872242739546 0.245218558274892 -0.532866182232277
0.137833380277264 -0.299500751429282 -0.0476278903634279 -0.312769930300392
-0.0714058098890547 -0.341632447202672 -0.071084534388992 -0.161027460741698
-0.264381798582558 -0.128538933455064 -0.0392008685304576 -0.1357512764644
-0.242297757999337 0.189971336429701 -0.0585496776590041 -0.0552676559271463
-0.0626841142155002 0.285254100885633 -0.0232119840574269 -0.0899850908787385
0.0971858314053644 0.262363585935291 -0.064913402214266 -0.142746624481855
0.219957103567703 0.174965540762014 -0.114435149855202 -0.162589465391202
0.247875248435027 0.153849022427261 -0.140920533213952 -0.165857563832398
0.236871139291943 0.190805620458176 -0.112411134187789 -0.186762462772326
0.113046555801602 0.332176024430126 -0.0261742812618592 -0.206478398377541
-0.117390326284803 0.352948174169671 0.0816483281080192 -0.107701958751271
-0.347848892680726 0.227174253278427 -0.0198562097026456 0.0491240852546954
-0.386426405672341 -0.207023853362316 -0.190095070024252 -0.0559506329431683
-0.0613130566826793 -0.464297981761177 -0.151747524424574 -0.317850233971463
0.170657893732406 -0.390239039193753 0.199229734199686 -0.429737284401873
0.136816627245726 -0.406396602912628 -0.107487281969499 -0.201453659861815
-0.140906505424037 -0.424751634319256 -0.0484649216853638 -0.0910824324172193
-0.353874730596413 -0.138956491358728 -0.0281502764958336 -0.148368092931094
-0.30439087505058 0.245884920890688 -0.0824546740722124 -0.0700971273324526
-0.0907416248345168 0.36459638368367 -0.0590969501824075 -0.0473232384890961
0.107626789431696 0.339063269387294 -0.0436981017739682 -0.0533343265119996
0.259342660684938 0.23779700410293 -0.0297152653214006 -0.0797449469012349
0.287418671118618 0.210329026138469 -0.0370542149952986 -0.0961764287039098
0.268804145796959 0.253351451765282 -0.0154931163554206 -0.100638834782524
0.12218945590617 0.418514672255074 0.026459356672734 -0.106452963719567
-0.156661256615529 0.434445202197934 0.0791253081201295 -0.0243361863204068
-0.428471146730638 0.279569156210788 -0.0362567081587677 0.0885747551550761
-0.485155148996804 -0.233630039695168 -0.200409948992597 -0.010823304529663
-0.117261615081029 -0.574791619243027 -0.142881068759576 -0.21363480926588
0.175959055350963 -0.518021887267224 0.140308217603111 -0.265213758773614
0.108190343718302 -0.467849738497526 -0.168035706531558 -0.0402126525147244
-0.215464064749422 -0.461062277140469 1.11563788579431E-05 0.0183264725314688
-0.422410452190604 -0.121119868542824 0.00371732933849568 -0.145807281759688
-0.331790337118137 0.287700628439862 -0.101956177663119 -0.0815763535620315
-0.0935160534194297 0.402843414068535 -0.0978774396813511 0.0104201077318704
0.111180780866789 0.370568551473809 -0.0190100591213589 0.05740080969312
0.267281108147621 0.26483206896265 0.0603310494810642 0.0213573334537134
0.28333545125467 0.233673039917654 0.0707839351014954 -0.0112161057746958
0.2577036432867 0.275484764476228 0.0849645207504777 -0.00183291664206794
0.105256036717672 0.43342611759962 0.0829343044489674 0.00746700097230958
-0.169804461443302 0.435024377397147 0.0769450606615197 0.0699543321437958
-0.423488820051892 0.27232330092477 -0.0433964135558111 0.127774323152872
-0.483392586965119 -0.221015919903446 -0.187581385900696 0.0463489492602075
-0.136446238534545 -0.575839676879042 -0.118931680731314 -0.0814471368307854
0.153245679783967 -0.548949209580181 0.0762826450370819 -0.0719543685788364
0.0612675724045337 -0.461811727528543 -0.2181868536689 0.151378625034744
-0.255401526798895 -0.426510663055619 0.0638078579764425 0.152997950523386
-0.42208265403125 -0.0810400758833719 0.0473274538827824 -0.119764477384718
-0.2982210709079 0.282430598629235 -0.109507378268491 -0.0789012837772182
-0.0842584229441266 0.372437590382586 -0.127202933231064 0.0788438568147215
0.0996425140308004 0.343382802240635 0.0118752648649618 0.171649932813411
0.235429851900452 0.251314160744923 0.145307616818852 0.12531537113402
0.237139112767786 0.220470967830054 0.169576189030338 0.0764490025317529
0.202371031617603 0.254031225786192 0.171127874753675 0.0932923402468993
0.0638065485680165 0.372516523246076 0.130559103613467 0.113170111275917
-0.158739638960283 0.348051961126276 0.0718740554114324 0.14916197830849
-0.33581042973977 0.200354713889157 -0.0407739975362356 0.150817154640362
-0.367933930787748 -0.171905553002082 -0.155421399362836 0.0936680604328339
-0.113051145344283 -0.466804685363127 -0.0864971183608893 0.0395124215444065
0.105290707613471 -0.481602685764129 0.0217587922488217 0.111394625327935
0.00856935902687683 -0.377948504713546 -0.251997491676975 0.33830694330579
-0.239362894607749 -0.31751880337683 0.122916208976496 0.283908284614019
-0.330466368641853 -0.0301956401701468 0.0930703312255706 -0.0695593560653108
-0.206263239192488 0.210678611754889 -0.0981447206707419 -0.0665380538000201
-0.0604255272604681 0.265961568730594 -0.140761604705189 0.135341349291919
0.0670718882136573 0.252221336362295 0.0387696403052974 0.264837805801104
0.164702400255287 0.196104019652929 0.210085191474817 0.215165569472437
0.154003294946092 0.173593743611647 0.244295711481528 0.152465793143597
0.11695136301304 0.19614538217963 0.229432360911599 0.169300956603689
0.013215213144138 0.255112951514561 0.155166490569604 0.190097993636981
-0.124258833785769 0.203398526467289 0.0578366528816666 0.193404441200769
-0.195087515308924 0.0873907062064426 -0.0315865252562165 0.146178328362084
-0.192153071233574 -0.0999492373855578 -0.112584716596335 0.11646381030304
-0.0668025450446294 -0.284699107098382 -0.0541185913712141 0.119307499552803
0.040786354233662 -0.34015050166273 -0.0136761735151623 0.25077358582324
-0.0442093888047674 -0.226324845510847 -0.269288114055096 0.485733774545835
-0.169962022163058 -0.150950743933934 0.162564708564719 0.388322170274971
-0.170501094813161 0.0234174859956645 0.136172810913615 -0.00788876346336548
-0.0746884092126998 0.0962898230015632 -0.0668475533144242 -0.0565324756273498
-0.031318923283375 0.11060130768808 -0.140032825978578 0.162090289722462
0.0189478622358124 0.118073315265662 0.0526140532886196 0.317240904488497
0.063458443366247 0.108887414220881 0.241305319318251 0.274105303137574
0.0471261932420121 0.102195827312686 0.28220839541227 0.204043891506292
0.0188770344463374 0.112362095270612 0.251505407866922 0.216618790189968
-0.0336224777522043 0.113747675510929 0.155018161503388 0.22946265853069
-0.0762576408662466 0.0490165508838804 0.0387853346228888 0.200020838548949
-0.0495451177254517 -0.0156879310331903 -0.0179958955138501 0.120086193221198
-0.0250299173992839 -0.0164427499244085 -0.0662756503152066 0.115749349351681
-0.0318568456139492 -0.0857949907781635 -0.0249315135513527 0.155099340855766
-0.03309627546394 -0.166793374213034 -0.0258323550586776 0.332344956207932
0.0707766208361398 -0.0181985855229838 0.0300419193118426 -0.369999298039332
0.00466952069240194 -0.100871970747008 -0.0621473598091866 -0.193741936724884
-0.0948464665594983 -0.0386907742613502 -0.00610535085025978 -0.102440263992199
-0.0683826962386074 0.0918352961733288 -0.00877848209811747 -0.0669206669929337
0.0231435187643456 0.0817314050745802 0.00262568371685618 -0.15066640638305
0.0607769219358425 0.0359782363510536 -0.110285725638374 -0.232474369160042
0.0672373795714069 -0.0112670566511855 -0.223358379110497 -0.232060948832132
0.0675671617669645 -0.0218674875677284 -0.263774935293292 -0.218204689476441
0.0607788881444344 -0.00929040622397599 -0.223565117808105 -0.26580454602902
0.0360560785602551 0.0286477091692979 -0.0815885103552141 -0.29552783507945
-0.0015690182454515 0.0553647664394858 0.0908615009940104 -0.193739347501295
-0.061434747694507 0.0292387154936804 0.0431607857930212 0.0100245836357426
-0.0354085517124898 -0.0766557963122169 -0.110075446495569 -0.0613872130395827
0.0879930205757485 -0.0623723020886614 -0.135895908090035 -0.353206907424451
0.0946635925675225 0.0397461250442388 0.267471369489305 -0.544812416285699
0.115953337051769 -0.163233103139717 0.00408453147189185 -0.359466934411321
-0.0269205966666351 -0.227619978843784 -0.0718446151535882 -0.189524588514095
-0.177558649266489 -0.0895490287098063 -0.0342307508499219 -0.116562201161933
-0.156557244421485 0.140669890418751 -0.0352828318866275 -0.0474829296755867
-0.0195453573908611 0.187325698580766 -0.00161676287386146 -0.11656449106958
0.0830282747443905 0.154345659740668 -0.0832021669293237 -0.198508582800649
0.152142278010106 0.0845765872121972 -0.177296081220792 -0.212788227737287
0.168148271203697 0.0688533770963021 -0.217720619096382 -0.206695983848437
0.159335398226684 0.0955456036811086 -0.182130534634307 -0.244391698686796
0.0825061762344926 0.189588071995268 -0.0636838397381053 -0.270038266452863
-0.0592050500227069 0.214719091279754 0.0857449251177148 -0.167275098859942
-0.211087861755953 0.13364310819573 0.0103478058499403 0.0221038183481319
-0.218705751665764 -0.148850607881117 -0.152120077023827 -0.0708620422131089
0.0138505790262626 -0.277109538287305 -0.144801196720007 -0.355050292735143
0.143494063594626 -0.184905233497879 0.242327472156863 -0.520358484288397
0.141802522956858 -0.293696387189355 -0.0433122367773897 -0.302878268291023
-0.0701001910807026 -0.336748987952046 -0.0698867338354504 -0.158440563281702
-0.258070392485354 -0.1271186513368 -0.045714933798808 -0.13386261914204
-0.235705813170008 0.186329134237691 -0.0609464246958947 -0.0485836437633193
-0.0592497458052481 0.280578902478219 -0.0234210422074848 -0.0822233947240253
0.0969810299733286 0.257355419011363 -0.0610002015714392 -0.137466790021151
0.217159555878436 0.169799534996991 -0.109823652135677 -0.160367753817764
0.243210980695379 0.148557881671608 -0.137211280587552 -0.163547638457372
0.232908980203731 0.185775128306137 -0.108651032243018 -0.186312957220189
0.113111121518969 0.324551436285598 -0.0276029785023373 -0.204366471989873
-0.112894512821156 0.348716073759213 0.0814736199846996 -0.110107620129097
-0.339556393931161 0.221372172718266 -0.0154319133049935 0.0491433584153187
-0.378498181148384 -0.204475734628235 -0.182613235920159 -0.0510580324333695
-0.0594203625779831 -0.459052475083865 -0.148898276174371 -0.304160223543497
0.173871873409332 -0.37960551138323 0.196508956457242 -0.419923039693177
0.142773337835604 -0.397889309425459 -0.104133854895013 -0.193456019495038
-0.137437775342853 -0.419601200085136 -0.0491204258617262 -0.0893842478253969
-0.345541168045561 -0.140368999023437 -0.035953567887228 -0.146336277789049
-0.297216768777205 0.238752606247811 -0.0843202695232111 -0.0628686060611851
-0.0870377527041288 0.356994764577599 -0.0595150146813705 -0.0401242461383313
0.107732120584217 0.333421415183389 -0.0406861099497931 -0.0497312644463688
0.255926864397626 0.23234963885989 -0.0276750194261482 -0.0798547142635549
0.28113613037337 0.205469621555359 -0.0361572338435998 -0.0955260071829128
0.265234868871775 0.247774753453266 -0.0147418576393791 -0.102195059506179
0.121064795529327 0.410250279869696 0.0246307488692601 -0.106761554579174
-0.151446902632009 0.428185267079308 0.0787439596157308 -0.0285417284198117
-0.417973548584788 0.272780771167471 -0.032555164827743 0.0862645424602583
-0.474255016198537 -0.23178490753639 -0.191156069017208 -0.00581047774779862
-0.113572752171639 -0.567614936061573 -0.139515142268537 -0.202250040566444
0.181063075904115 -0.50374575277679 0.138277922014598 -0.259954428194635
0.116020752924647 -0.457370020655163 -0.167237867856935 -0.0358257624182991
-0.208666071474893 -0.455401787096094 -0.00226944153863849 0.0189515732671304
-0.410336285730769 -0.123338628238597 -0.00503145767661755 -0.144108400793766
-0.323720236121299 0.278604527446651 -0.104204608470632 -0.0751631931123357
-0.092277663860557 0.394837941653548 -0.0991301197200807 0.0169538742167008
0.109354041847624 0.364721597779621 -0.0165675006674715 0.0591364239931918
0.261681040083304 0.259363241374658 0.060661398753142 0.0182986701302653
0.277724822601798 0.228598361774718 0.0697218676047849 -0.0121248460737933
0.251918399026588 0.270019046470105 0.083974853198855 -0.0054304479948183
0.105149189488521 0.425609790029713 0.0801148660049956 0.00521876084570579
-0.166742096304468 0.427670889559418 0.0763432221031446 0.0640135242514659
-0.414057051439492 0.266580868291369 -0.0393719853223747 0.123840063116171
-0.46950492879231 -0.219927289060762 -0.178618303887654 0.0503644478397661
-0.129236547185261 -0.567534386803376 -0.117137880088383 -0.0747459360834216
0.159844586953978 -0.533582218492301 0.0732086572055387 -0.0725418491351808
0.0693948159964233 -0.450404139695367 -0.218651818334413 0.15088675715293
-0.246213385996455 -0.421532658251817 0.0601405441326229 0.150447532615019
-0.408993345503664 -0.0833590203011811 0.0383040455530133 -0.119180024687497
-0.292517618315576 0.272700262224987 -0.112855141402633 -0.0748048090737319
-0.0817931718025591 0.364682304695836 -0.128905026387823 0.0833507296599405
0.0984236629472042 0.337819779852946 0.0132703354173498 0.171405020253997
0.230489925188363 0.245992368432734 0.143017300115124 0.119643884164858
0.231939021777232 0.216396471359273 0.166403288333928 0.0741223145018825
0.198261237102739 0.249508223255615 0.168597697382366 0.0880009853952656
0.0639676800279535 0.367503071191945 0.126911526436533 0.108579007302958
-0.154989043968013 0.340753933500496 0.0711154375845654 0.141469014134061
-0.327066749821885 0.193018885384747 -0.0367116236555751 0.145530121336452
-0.356404297414563 -0.173544894961105 -0.146467141766991 0.0966207719767745
-0.105493321325942 -0.459833404010745 -0.0850108927563846 0.0429933463688311
0.112949433554143 -0.466527821385635 0.0176154269000236 0.105170916721545
0.0135322474319812 -0.367367963025206 -0.254668630052458 0.333210820686737
-0.231963673097458 -0.311731666141767 0.117896681776132 0.278477694290268
-0.31793889435092 -0.0330130282066554 0.0845735154185757 -0.0700378118525616
-0.201939438350005 0.20207638919624 -0.10165735746234 -0.0646136540549629
-0.0604057934805105 0.260120128194839 -0.142280684922365 0.138388295649668
0.0653217269800897 0.248808386584941 0.0387484449389017 0.262930366124544
0.160432249351728 0.191994714778148 0.206788176508591 0.20870581186219
0.150549779298447 0.171821444527239 0.239655711799043 0.147789790219729
0.115018313328633 0.192982355025169 0.224864451936677 0.162981483603709
0.013456804148799 0.251724850695561 0.151556880363762 0.183367527839941
-0.122856971551566 0.198582152873256 0.0577602948273178 0.184472963959741
-0.189934612281464 0.0811702722138458 -0.0281429704727722 0.140655448353946
-0.183131163588386 -0.100937080483529 -0.105035700846879 0.117813966401537
-0.0626882038818524 -0.279740058936503 -0.0515336468746212 0.120439582408047
0.0451603058576416 -0.329374763684047 -0.0174307780607034 0.241744750340787
-0.0398397621528618 -0.217873048235092 -0.272499647218328 0.476726113339072
-0.164457214917778 -0.148211227902264 0.157555582069432 0.3793540386005
-0.162740427603326 0.0208661612874445 0.129253958612953 -0.0108589727782314
-0.0729840931618359 0.090957482774579 -0.0714020626530953 -0.0560457745159815
-0.0320891037067774 0.107910985121681 -0.142714421786802 0.162980974329272
0.0172173356457789 0.116814681946248 0.0509067158309045 0.313945488164814
0.061203331097751 0.107408190644654 0.235826657452607 0.26720838511834
0.0456869374571294 0.101605726481891 0.276005534059611 0.19909040220367
0.0179799694346232 0.112128753392163 0.245964039588413 0.209556669057688
-0.0342152615750703 0.112589476874887 0.151842987909064 0.221893248960915
-0.076321188631298 0.046397394328684 0.0394704191162616 0.191471140896288
-0.048832063372078 -0.0197726624898433 -0.0146407395887791 0.113424321007541
-0.0198490006788391 -0.0188853367286031 -0.0602039116062636 0.116523180776904
-0.0282628840456272 -0.0831170944997303 -0.0228087929699954 0.154000535236217
-0.030384552379718 -0.160132926697299 -0.0295688736463555 0.320561014635156
0.0695600826225587 -0.0192078900477251 0.0411724761791171 -0.362865943051608
0.00186622685730446 -0.10016943707648 -0.0582449903017062 -0.195325074910162
-0.0956697145717623 -0.0374481457349425 -0.0101827858350991 -0.103533781471273
-0.065783191754589 0.0929664111134514 -0.0111800071059916 -0.061200411847671
0.0242354689559532 0.0818989104205116 0.00450574888863301 -0.144878179331979
0.0619791099697576 0.0352417393108401 -0.10460967309158 -0.229717614527081
0.0679223850588837 -0.0122384069266807 -0.21698547545747 -0.231072790785361
0.0675926788088545 -0.0229035245448704 -0.258148640924264 -0.219079852017004
0.0613673586070907 -0.00991880217201459 -0.218634325447784 -0.268884795268911
0.0371478103288969 0.028534022004002 -0.0782258330612547 -0.296277734503203
-5.24980523019256E-05 0.0567947650168562 0.0942372045717 -0.194950622943945
-0.0605657757437782 0.031223624088257 0.0479333871970347 0.0104701749103869
-0.0363215102247907 -0.0756014162822432 -0.105863378946242 -0.0605410953081959
0.0855225537153587 -0.0622669760247544 -0.128895090771796 -0.344437005134495
0.0937434306168836 0.0401714234532203 0.276922881703237 -0.532214514882516
0.118932351599642 -0.162343188514236 0.0135740151290366 -0.353433978447509
-0.0264948220231339 -0.227276186106042 -0.0682900928652433 -0.189513656457868
-0.175174019226029 -0.0911420671753233 -0.0382759954389387 -0.116027768317852
-0.154570897409214 0.139254648921306 -0.0369247626686534 -0.0414816038170982
-0.0188105334692121 0.185706490495634 7.64404003603484E-05 -0.110696027921807
0.0832105397824784 0.152882721651297 -0.0775719596537149 -0.196241865545673
0.151656681262836 0.083890196315902 -0.170710406566568 -0.211943879195201
0.166118729746435 0.0678413697536034 -0.212377118454846 -0.207444326209714
0.158250274818117 0.0946143228081462 -0.178388979213818 -0.247602370570858
0.0808543504842541 0.189000557681665 -0.0610666973271701 -0.270314573672723
-0.0597769230067136 0.214085355469029 0.0884171219056549 -0.168045312788669
-0.208930637204006 0.131224723067799 0.0146493170344328 0.02259840281921
-0.216134404979858 -0.150951513908855 -0.146471836151255 -0.0690885732015603
0.0174162312283938 -0.276979324908046 -0.138430260170886 -0.349183572229321
0.148185031957168 -0.180589985187338 0.250179650061386 -0.508681359990034
0.14910105787044 -0.290880684251398 -0.0357105971485311 -0.297186514361538
-0.066358615039152 -0.336715610692651 -0.0674359297212542 -0.157513165511476
-0.253060516486747 -0.131184331613603 -0.0509947975967966 -0.132600218568631
-0.232825559226107 0.181682291062671 -0.0622504454340135 -0.0424419796524022
-0.0598797376186628 0.276968546826092 -0.0226108027078733 -0.0763963598295859
0.0952619460739103 0.255825610103495 -0.0561402136359692 -0.135272006910743
0.214576681756798 0.169427203833457 -0.105053651350898 -0.161233014314281
0.239709272570992 0.148100238686143 -0.133178207348544 -0.16428218876706
0.229411671911124 0.185285527404302 -0.105321722258876 -0.189441140552278
0.1100766094782 0.322932011483796 -0.025661918731555 -0.204173727824152
-0.114706933242278 0.345401352780388 0.0837898422079682 -0.112778249656114
-0.336251603660292 0.215840222093362 -0.0114200609732822 0.0489986990784503
-0.371754550306805 -0.209765190398924 -0.17607059663502 -0.04863847573054
-0.0511182254120839 -0.459212087941118 -0.143018094286689 -0.297342324946154
0.184200674602939 -0.371451466527331 0.200456022997011 -0.41168622370945
0.155188622955581 -0.393099125896777 -0.100165094776674 -0.189152153007127
-0.128707016308456 -0.420219489802356 -0.0483961351100829 -0.0886324078167492
-0.338465740841484 -0.146685829260517 -0.0414835836974056 -0.144862422058737
-0.297062744105823 0.231916730520057 -0.0858820105910532 -0.0573608518069746
-0.0884992816097399 0.352919124975935 -0.0603700535345038 -0.0347057763757936
0.104966865586541 0.331946337639558 -0.0372026967996362 -0.0472182688180493
0.251784697428301 0.231644699684262 -0.0249282944965588 -0.0816805634958838
0.276808646294483 0.205040965968348 -0.0339339346259367 -0.0964469277591906
0.262085007425217 0.24787527223057 -0.0125059729860982 -0.105670440342557
0.117326949213089 0.407363245359225 0.0231595156606912 -0.106602575842679
-0.153233641712557 0.424634814643005 0.0790889403809644 -0.0317267840429189
-0.41485838703895 0.264225461378542 -0.0295644836016067 0.0849124268360559
-0.466798996832286 -0.238725570852431 -0.184480192512494 -0.003977844682758
-0.10190052282735 -0.567912271403355 -0.136637508408151 -0.196898311678865
0.194205219734019 -0.493364978084139 0.138391595640875 -0.256359005914928
0.129823961499713 -0.450738933307311 -0.166164612264346 -0.0334148996574105
-0.197685662805904 -0.456408733028103 -0.00417225593019202 0.0195547865623081
-0.401686042817318 -0.132453154017807 -0.0113057942183169 -0.143221271710687
-0.325275912699345 0.26985423527078 -0.106688844970045 -0.0714607204032514
-0.0946435341819068 0.39053887412951 -0.101082575643882 0.0223994735545743
0.105425702312955 0.364847452113326 -0.014737505037994 0.0616694863854607
0.257369616112408 0.260476212178324 0.0604320131377385 0.0158969305358783
0.272561439214351 0.229520245293523 0.0698765416380166 -0.0126132382461372
0.247744602178354 0.270746525568233 0.083255073582935 -0.00820297242127824
0.0999238028917509 0.4235397774287 0.0776869227751726 0.0048441662247306
-0.16957502287991 0.42219770176249 0.0755064721245008 0.0590800096086384
-0.410552509526702 0.253892301526756 -0.0378549609931735 0.121181285848275
-0.46007740754102 -0.227161815754506 -0.171607234290856 0.0519780798862337
-0.117747589396241 -0.568208874739494 -0.114929249538562 -0.069578577913456
0.176681332761709 -0.52171148867643 0.0702030800590079 -0.073080668599582
0.082289729849492 -0.443535257730156 -0.222615348502633 0.150352233005572
-0.23810245840103 -0.42213930033126 0.0554836170393168 0.15042232170794
-0.400863419265249 -0.0919253692790722 0.0314001975710495 -0.118315966440275
-0.293567518699431 0.263278860587427 -0.115955823715696 -0.0718124772185154
-0.0862884511794084 0.359851435873031 -0.132582400217921 0.0881497494462375
0.0931946385524343 0.337475689833332 0.0125679989906504 0.173846205696677
0.225291855647517 0.246093857641331 0.141114798349488 0.117289515975553
0.227155894014731 0.216995313338105 0.164546622020552 0.0741466710947751
0.194101625666402 0.249912435421254 0.16591635989208 0.0859276535214731
0.0598019624918852 0.365476391116454 0.122835421983942 0.107073618849795
-0.158163682420355 0.337315226126333 0.0696011669779026 0.135512614770633
-0.324999883013937 0.182961852408744 -0.0361173683611264 0.141228304262549
-0.346886696286224 -0.179295657583534 -0.140174410875853 0.0983661560168597
-0.0966264513882344 -0.45857246320777 -0.0843008342340619 0.0461280573745283
0.124492799292956 -0.456042679454446 0.0132432049924109 0.101980457724703
0.0253226436254452 -0.361851008127565 -0.262154793552262 0.329781393913375
-0.223300730219728 -0.312021363440162 0.111201746169606 0.277662127775728
-0.310556992654963 -0.0411585110058384 0.0783645771748601 -0.0703634758135901
-0.20331084947164 0.193517098952179 -0.10525082044124 -0.0631544225790258
-0.0639162503966205 0.257015026278952 -0.147579056642403 0.141867482734413
0.0609211845171547 0.248497025221166 0.0365263458905788 0.264908337731112
0.156371276058917 0.192596990560439 0.20257871991634 0.206872452134912
0.146371550062806 0.172094227874531 0.235834168842398 0.148744633820906
0.111437735612714 0.193543326195622 0.220877272335992 0.161773989217255
0.0103285494405302 0.250886910418082 0.147471068880678 0.180493182522124
-0.125099703529288 0.195133001783045 0.0558577327426044 0.178484029510192
-0.188869454344468 0.0747752913310037 -0.0278080128174347 0.13446800853857
-0.175554126838581 -0.105969522804668 -0.0996577228119102 0.119137869741847
-0.0556627671626455 -0.277793295322035 -0.0517070502492881 0.121982271909866
0.0534880405890471 -0.321591656399213 -0.0239556268572404 0.234872756189693
-0.0330453106552 -0.213002632752757 -0.282080165063101 0.469957493015815
-0.158389596724128 -0.148297589936905 0.148826175538347 0.375826631107638
-0.157356578107121 0.016880937874123 0.123285169854497 -0.0120313103151928
-0.0748162661147933 0.0856702153042986 -0.075797343421673 -0.0566995206230606
-0.0342087654146686 0.106803659809858 -0.147983672392335 0.16454872094575
0.0142693206832389 0.117055566351332 0.0469126315836416 0.316405492956741
0.0585190439313094 0.107989813978586 0.230282899473769 0.26636915868029
0.0428462405944291 0.102426498667607 0.272009288194548 0.19994615715755
0.0169482840716566 0.112395002600033 0.240802315071254 0.208857074945236
-0.0360931673892702 0.112914869521149 0.14728813842837 0.21819524626183
-0.0785014678730345 0.043537583118702 0.0368972845764922 0.185612860746465
-0.0487227304047284 -0.0239285448300596 -0.0135023523707777 0.107418380458958
-0.014216015491179 -0.0221393456036224 -0.056337401659736 0.117269704933208
-0.0245343996988294 -0.0822718910598491 -0.0230151101496573 0.154842091960285
-0.0258567242819773 -0.155024199485244 -0.0363594174361486 0.311940893151011
0.0700985618712559 -0.0206868956735612 0.053272087660177 -0.364375377746405
-0.000990626842726365 -0.102003006290025 -0.0552160618477678 -0.201383833625407
-0.0975313997039499 -0.0370427603664333 -0.0142358491839506 -0.10543324112045
-0.065318029153741 0.0955102927241817 -0.0130492759368606 -0.0570977313302955
0.0260858638471498 0.0837264576808898 0.00673279253456513 -0.142225191724257
0.0641100764713784 0.0351452817893379 -0.100421745893335 -0.231255673511874
0.0706535784381052 -0.0133830838503839 -0.214403958782037 -0.235051107590061
0.0681876965786396 -0.0242936432850161 -0.257195404314559 -0.225304909598509
0.0629541880842684 -0.0113633327465998 -0.217981792882507 -0.277369572022255
0.0388301992512575 0.0291211513846256 -0.0755908328784351 -0.303587196209621
0.00139724618340799 0.0596290846772047 0.100481440405805 -0.199878698762403
-0.0605695151785202 0.0338503799444371 0.0525328374157862 0.0105675696154431
-0.038051210965938 -0.0755300816060715 -0.103434287765583 -0.0614562584155656
0.0860496762443443 -0.0638578438446644 -0.123252578025451 -0.345443436282235
0.0945107424959513 0.0410744781252923 0.293290721413613 -0.53029537751008
0.125752015739958 -0.164693538505997 0.0256792943554738 -0.354281212121465
-0.0260187522556726 -0.231840850385976 -0.0655691435541539 -0.19429667731709
-0.17681058076796 -0.0939816975102597 -0.0432101101156194 -0.118488586269997
-0.154966762389386 0.14012437358849 -0.0390263179849482 -0.0369955243139416
-0.0194894065358936 0.187557333654031 0.00224279180572211 -0.107255633244704
0.0845587400365144 0.154982176042972 -0.0731664009460701 -0.197355919938906
0.153852419860858 0.0850823884424318 -0.168487658767451 -0.216705171722499
0.167588887937264 0.0688483632616753 -0.210284291400632 -0.213449844020027
0.159485686580127 0.0962704501905289 -0.177229122628685 -0.257021219753764
0.0813584995942301 0.191387995446085 -0.0591263618077787 -0.276261554788821
-0.0606234517022757 0.21754823947197 0.093571622478479 -0.17355067724178
-0.2125775881443 0.13068788071401 0.0185348839551974 0.023961200214074
-0.217341740550324 -0.156088553870329 -0.144166317469977 -0.070136692312125
0.0215841003779112 -0.282764180156904 -0.133133125598169 -0.348733446085688
0.156920343637825 -0.179909122142854 0.263897031412604 -0.507603494790738
0.161002017585786 -0.293176068027514 -0.0269878679671988 -0.297275937181155
-0.0623927271343876 -0.343136061055054 -0.0656271653284852 -0.160396939148163
-0.252848217565416 -0.138821481065582 -0.0568400927525615 -0.1347609478925
-0.235632413895593 0.179885209493307 -0.0643143589809916 -0.0372630597875747
-0.0625250808632872 0.279249735430166 -0.0221798284549496 -0.0715689197390272
0.0960146568712222 0.260575941015854 -0.0518091038551019 -0.135377675048622
0.216042913603428 0.173510476247397 -0.102217440677645 -0.165570808568568
0.240891720832392 0.151375184635141 -0.131643731162121 -0.169641500132934
0.229794647475562 0.189468256695347 -0.104009198098896 -0.197202291877762
0.108461875476587 0.328554511037437 -0.0243407499848632 -0.208159359121712
-0.118202055135226 0.350621658052495 0.0874559279338963 -0.117600929878881
-0.342362955620719 0.212245041468995 -0.00903688600404316 0.0501380582573639
-0.372673279851426 -0.219265275171446 -0.173385906801877 -0.0489210791708552
-0.0417972024963659 -0.46864248534785 -0.140436685480221 -0.296516223385677
0.200010780088781 -0.372199117327939 0.211662105156247 -0.412033013953108
0.17149342117952 -0.39633903912106 -0.0958505261362861 -0.188551660530566
-0.123600310998555 -0.429866529937541 -0.0476305271982888 -0.0895293721853138
-0.337914972904181 -0.158544567755894 -0.0476882238207206 -0.147487504342099
-0.302065913632745 0.228080414436632 -0.0885148650037164 -0.0538150047230165
-0.0935571680027537 0.356467040220237 -0.0612404851001045 -0.0292917377111422
0.103262559862375 0.339240278275489 -0.0334757145116228 -0.0456790305953153
0.252870552462665 0.236609512667122 -0.0231265822505811 -0.0850956407523549
0.277409006222745 0.210104996068212 -0.0322355335123923 -0.0993817091731123
0.261248479063077 0.252105046559615 -0.010845042782106 -0.111050219088396
0.114628257251539 0.414991859254468 0.024140096236875 -0.108412724531688
-0.160308060209459 0.429438920053309 0.0807861114200103 -0.0363942750851496
-0.422656323563182 0.257967899531294 -0.027559073796572 0.0851657101484096
-0.466302448889745 -0.252202924579361 -0.181678246240032 -0.00276408383413264
-0.0915375272720077 -0.578745181123015 -0.134805722143947 -0.195480876005946
0.215026819179383 -0.493861324025555 0.143751939611738 -0.257583581454245
0.148486773095748 -0.454075868560029 -0.16811435124463 -0.0327542257112863
-0.190968695935855 -0.467921610273276 -0.00572390080258452 0.0206969392266332
-0.401849015643163 -0.145851365951135 -0.0176295272008342 -0.144767766179481
-0.332000133115445 0.264802050495319 -0.109425398611084 -0.0683229523559347
-0.102095860892954 0.394443163075068 -0.1049603732346 0.0279575718104245
0.103445577926579 0.372956956834167 -0.0127366692953966 0.0655020531876039
0.255951452625277 0.265650221673968 0.0622974032365318 0.0139165251634038
0.272721640918749 0.234999288510787 0.0721047148992226 -0.0132232902207076
0.247181720894065 0.276579273161299 0.08414748483505 -0.0112404743368693
0.096803600031465 0.430598766471089 0.077219731527053 0.00541598722076757
-0.176725818230934 0.426541700384611 0.0755292563499529 0.0553293644792089
-0.418296751984754 0.250581745303594 -0.0376273182439484 0.120526322657549
-0.460473778740668 -0.242091009509308 -0.168300256447983 0.0540615729265175
-0.107282217022508 -0.580429866226197 -0.115698032420209 -0.0666018250401954
0.195478018259928 -0.521515638947545 0.0695518455181012 -0.0738821247075468
0.101337986948614 -0.446224248198525 -0.230405266113045 0.152324879997989
-0.230793690746992 -0.433241603066662 0.052889090979987 0.154096125820913
-0.400565488941226 -0.105810684485699 0.0255445182763033 -0.119677542573548
-0.300475103406318 0.258508736738832 -0.119877088150406 -0.0712723727975585
-0.0932912465768236 0.364542805285542 -0.138169884915545 0.0945217894250467
0.0902361668206665 0.344831612358835 0.0122783158963064 0.17987277514826
0.225204998396601 0.253390942483208 0.141612718739112 0.118118835047369
0.227151402877716 0.223233396322409 0.166287252420942 0.0757165424209869
0.193317511190656 0.255605220309108 0.166995803715523 0.085424347408935
0.0575854693944413 0.371767903259795 0.121771183216379 0.109042827671016
-0.163679467775605 0.338766355038276 0.0674839688282979 0.132984550152467
-0.330352855799517 0.177155188477845 -0.0365930423467177 0.139453758813539
-0.346164246299237 -0.19174236396195 -0.136842037482004 0.101236045584243
-0.0888435647125442 -0.468474096755856 -0.0848453388261109 0.0499073638178094
0.141197308543037 -0.455135824286838 0.00753643732315691 0.100105277377089
0.038164179224313 -0.363738270763528 -0.277009145715356 0.331369201366678
-0.216450208437855 -0.31968167174815 0.106520847617957 0.282151124532382
-0.309342095840347 -0.051121805087325 0.07256832552084 -0.0708537694796138
-0.210173649232619 0.189422282952747 -0.110057628374506 -0.0633367143981364
-0.0691955653980023 0.259591066861408 -0.155182838242114 0.147857919318675
0.0580285151986878 0.255075417742078 0.0345394249170111 0.273820753569704
0.154651936823074 0.197916680303566 0.201648419637708 0.209799534951782
0.145690764294387 0.177447449987703 0.236665671326621 0.152325620262986
0.110027542558148 0.198132598831439 0.221371419530818 0.163604359487792
0.00694359122623012 0.25527548142625 0.146075574961253 0.182990188064614
-0.130142013174423 0.194520301567971 0.0536507488946106 0.176211827886774
-0.192190695920348 0.0684168582058892 -0.0280558672939718 0.132417948850734
-0.172324690969295 -0.11335319007172 -0.0968410483684882 0.122653645161505
-0.0486642427736041 -0.282493275086977 -0.0530976431869168 0.125031634639146
0.064879327059864 -0.319636454400374 -0.0322202221116766 0.233882271734894
-0.0258169208126915 -0.213974260605135 -0.302395779421776 0.471374268435042
-0.155497949443013 -0.151290098565203 0.142108961259965 0.380805538256213
-0.155500553746408 0.0120882545047561 0.119940037332833 -0.0122191138082661
-0.0783306487467114 0.0828849087160883 -0.0804818748160318 -0.0577994105247787
-0.0375344934153174 0.107582643903863 -0.156476873429028 0.169732232845389
0.0116592709744938 0.120755290206224 0.0429677267486521 0.324621694304588
0.0562522623099755 0.111075952313417 0.229923364290338 0.27133777966101
0.0418091671617609 0.10611634989137 0.272604450273831 0.205067635050284
0.0146680272533425 0.115882603565307 0.240970327960466 0.212755703475513
-0.0383870938312784 0.115184821092581 0.146341686855356 0.219727161740088
-0.0819869204168674 0.0420094493441504 0.0349914402612489 0.18375890755235
-0.0504591268518731 -0.0288680979493706 -0.0132625428721275 0.103736586912493
-0.00989781949619903 -0.0255633337110711 -0.0535020457197111 0.120048116000787
-0.0215422279346827 -0.0833731808316376 -0.0242242338635391 0.158135104753954
-0.0219500164019811 -0.153445213244406 -0.0456381296149509 0.311841744125582
0.0444051457399882 -0.0602418509113771 -0.175264777188383 -0.33992080178926
-0.0633192931665199 -0.0807819031425634 -0.173042980726874 -0.136605808874741
-0.102825608828276 0.0284400603016769 -0.0832113358661875 -0.0738553122826351
0.0041472029346947 0.11544303958684 -0.0417901020876525 -0.0282593550189459
0.071395973211996 0.0528027370631467 -0.0758062477373361 -0.116346355861194
0.0739015962933201 -0.0108711153639478 -0.220153097301966 -0.128277483482438
0.0487353874438074 -0.0536947548731976 -0.321312646999593 -0.06397971644039
0.0394028090652183 -0.0642952840898934 -0.349278762843764 -0.02924675727524
0.0427457480868526 -0.050855897670091 -0.354006422115545 -0.094909970139381
0.050270233614765 -0.000970369339131461 -0.25195584909512 -0.20797217004886
0.0405036479013668 0.047245115672691 -0.0420279748089085 -0.231579865088064
-0.0287412527642704 0.0667663781318756 0.0546163134836929 -0.0269778107385375
-0.083399975824863 -0.0380522971189923 -0.120049167640916 0.0147865377350412
0.0248657474791605 -0.111386191980456 -0.313958582055094 -0.200502125179014
0.109777555109855 -0.0344698132071267 -0.091602620810844 -0.630160788421884
0.0128830217922567 -0.215359797233793 -0.201087631164965 -0.315306072770798
-0.156864994355311 -0.173064609549568 -0.180764253013173 -0.126683062514312
-0.201970671187441 0.0255840552852371 -0.119620446709078 -0.0641863615534664
-0.0447536744315584 0.202177760892446 -0.0510027275139876 0.00955561978732152
0.0946656926362615 0.164052610125129 -0.0563277994257406 -0.0826331634124225
0.162553395202841 0.0754275238554413 -0.174328245050165 -0.114134072031196
0.175741151142195 -0.0239908099457496 -0.270157284627736 -0.0787574098445582
0.17880510594232 -0.0473021857595885 -0.304762441245036 -0.0478783372538794
0.189996787964936 -0.0203696332693705 -0.309025192998283 -0.102588323291644
0.186632540070989 0.107730459020059 -0.22170908296943 -0.195296435127897
0.0866577811824168 0.219706076232514 -0.0290388759837467 -0.205981437426618
-0.0989861868029643 0.241383996513962 0.0361372140456535 0.00431351493668934
-0.290801112712661 0.00528569649319005 -0.155703989080909 0.0336240675054161
-0.167919815680806 -0.25748467965939 -0.319431753332806 -0.19864187697461
0.0249934356835644 -0.264772634621406 -0.0949072470816997 -0.581849065699718
-0.0265130486837708 -0.346560959238057 -0.219394057936966 -0.236209846955275
-0.249553224526071 -0.244974489081783 -0.164430569783503 -0.100344808096285
-0.29194613622532 0.030579620369691 -0.144472275711993 -0.066102137624412
-0.0896762836049751 0.280326348802007 -0.0729764290374229 0.028116802190966
0.112708913099127 0.264982112257701 -0.0528092943836195 -0.0371159876097881
0.235246833144261 0.156246496575646 -0.116878413960051 -0.0736682638612375
0.279684516316217 0.0103464265636132 -0.183096047730809 -0.0775678934238812
0.291296711223053 -0.0235047439507701 -0.213426820188034 -0.0605318995426371
0.307565652676181 0.0148472991088872 -0.213215932351826 -0.0990615333630739
0.294832984837201 0.206006253768016 -0.151668033148848 -0.159678630049048
0.119352731707156 0.367890474658695 0.00100178899512933 -0.156518297188719
-0.16082911479101 0.388685512460496 0.0308852855197126 0.042231669989735
-0.465753801246518 0.0474999707572799 -0.162839481325823 0.0687149615696457
-0.338214799778846 -0.374782852747399 -0.286346404127972 -0.15526020319183
-0.0572542771007708 -0.456034664166411 -0.0733292162933715 -0.46129842609435
-0.0763422895556852 -0.439072173360387 -0.218390481425413 -0.10355010285858
-0.347489973359707 -0.282464903594845 -0.11059308438793 -0.0529920122585539
-0.373712328395738 0.0611726635155013 -0.147705403709417 -0.0779236140768333
-0.117894307403907 0.357309003352471 -0.103220171072779 0.0335949658136188
0.131785638372225 0.345570640512019 -0.0580867459952234 0.0240455575752195
0.288910945961101 0.217088257236124 -0.0451291606617649 -0.00872012314313979
0.348734478971101 0.0412241679852303 -0.0667102586424514 -0.0601600683311339
0.359217007758573 0.00175702085625635 -0.0888195567315855 -0.0636772547465196
0.373898028532448 0.0487072249003647 -0.0842491287324375 -0.0850691160137978
0.354330287218704 0.275447331892285 -0.0501497292835917 -0.106219102468795
0.133283614487229 0.462100983088593 0.0461511556242523 -0.0861489118086972
-0.200182883342848 0.477685394748411 0.0366989078385411 0.0821150221983104
-0.566983097644394 0.0783310316626035 -0.138106374172948 0.111158077948105
-0.450093795167721 -0.437526087004995 -0.213565184488194 -0.0757339071452418
-0.12193844835131 -0.567763634056911 -0.0285601776439325 -0.284920439170898
-0.125757360350301 -0.473208156456512 -0.187972802254235 0.073023513597033
-0.421460355376992 -0.276683574465043 -0.0119504566001923 0.013731541778591
-0.419718016972707 0.10571982164314 -0.122720558600057 -0.0912842248848794
-0.123635810070546 0.404400325495233 -0.130674476285748 0.0360100732792232
0.146670450692069 0.382216306015 -0.058538653897472 0.0995107034152798
0.309775737832223 0.24393095121195 0.041376523128214 0.0717761533628205
0.369783455482667 0.0628028031155443 0.065671580841458 -0.0300192984885425
0.371372999137393 0.0276273714840205 0.0488895426475111 -0.0561149652840239
0.378045579680262 0.0767312832407804 0.0563866326480578 -0.0617514463819187
0.350562877190005 0.299341211377442 0.0636702570845981 -0.0443410892202241
0.119723425594182 0.470622796194947 0.0976396636530804 -0.00692990570981802
-0.203133308192771 0.466456972476866 0.0492937217061085 0.116595450092441
-0.553694380290272 0.0816551907136973 -0.0909788774768427 0.14974879236054
-0.46113505875413 -0.425817062056022 -0.116047464858065 0.0166228114150094
-0.158043485479936 -0.575095659919297 0.0252250160002422 -0.0836244381425401
-0.160921495524518 -0.438710969045307 -0.128273642217361 0.267674249329879
-0.432028860447177 -0.225740397149611 0.116663134886131 0.0903087058734067
-0.394704327761028 0.13786283384728 -0.0698515572865612 -0.0958589991520341
-0.10339456631132 0.380879933460956 -0.141844994038848 0.0385389859136728
0.13656221224551 0.353406224510765 -0.0471970806651833 0.174257762021656
0.281648822131696 0.229162956122607 0.131990207671353 0.15013598345993
0.33565742248539 0.0703424051600408 0.195951489532864 0.00796522342453928
0.325553583307058 0.0459363413642746 0.180511732587255 -0.0408815814743304
0.321462704408506 0.0950519310903881 0.185272318280455 -0.0330783449924444
0.280790153453322 0.274184332246806 0.165158855814041 0.0139425193199721
0.0746400309693535 0.389493437548238 0.138390016222229 0.0625303056979215
-0.173156008616021 0.351283170851193 0.0600277147511265 0.13242902509387
-0.420488320182385 0.0512222535328222 -0.0373161305166045 0.168007006071514
-0.369924673831185 -0.342792725025812 -0.0212811941182296 0.0939484674215109
-0.161879273015962 -0.481044598268908 0.0809505740554382 0.0977159915933296
-0.166622958765669 -0.329242265382363 -0.0517459329117988 0.447670519218807
-0.355610706290477 -0.140012910595602 0.241130923733556 0.165744001126058
-0.285284053762105 0.131374922018534 0.00331187329127449 -0.0881060156680821
-0.0670595495049975 0.272407207194383 -0.131498723021486 0.0323624437099206
0.0939334040357326 0.25369831311558 -0.0317177098382321 0.226646377843862
0.200897781176416 0.175082859474084 0.204370160171288 0.212690785101398
0.245031959058467 0.0680769993197363 0.301356719514157 0.0481966444010459
0.230978276964505 0.0586823894518913 0.286506927190539 -0.0203563984023671
0.217556118669634 0.0987624195930361 0.278892768381373 -0.00279427233521833
0.16673252941689 0.209039142328249 0.231749807720781 0.0602751526003223
0.0113256645561174 0.246492853044995 0.152229421165548 0.107328084564183
-0.122420702292848 0.173518627404393 0.0599057923933499 0.121961250928587
-0.219466224617499 0.00822785917522752 0.00661661346643261 0.16019486123575
-0.218620708592623 -0.207828188641777 0.0474635792292107 0.136673824770095
-0.142381377848274 -0.311603822135588 0.128223184829028 0.227068530156028
-0.138443949806378 -0.163529215329936 0.0211635150542949 0.580010146604697
-0.208506526416649 -0.0365214833542341 0.336867822465769 0.226570177697208
-0.120304226188023 0.0950684149779561 0.0840496882640757 -0.07358970119251
-0.0206143174454715 0.111319454276412 -0.105459959072411 0.0100451511515541
0.0314644722415204 0.111035885840165 -0.0227836231874031 0.242541104970137
0.0832042955979082 0.0925936049324701 0.240620136646672 0.247045958822508
0.113112658674006 0.0561830657490647 0.362017765268465 0.0837734143270873
0.1014937029697 0.0643324374309246 0.348018487502445 0.00129433530252895
0.0865800073524591 0.0891430531958957 0.327867248106113 0.0246837491212412
0.0408581986139024 0.120794572339688 0.254461796607366 0.0908418845280937
-0.0449827500452495 0.0879626209728882 0.140419841122789 0.126005361366902
-0.0627907243287159 0.00409121962437733 0.0521301824845682 0.0896989864579648
-0.022523546155765 -0.0193760515619276 0.0372692971175857 0.130966915131956
-0.0672985070221743 -0.0552992949102494 0.0860312430964114 0.144850053968452
-0.11297218706578 -0.110119914130572 0.161882826268609 0.291575713951305
0.0430575837815404 -0.0649668212840132 -0.18500779960248 -0.351157925761157
-0.0709671911286306 -0.079425246741709 -0.184635657063439 -0.139126262425204
-0.106247861283537 0.0349411146009552 -0.0935190057258609 -0.070578533583794
0.0106754401519172 0.119486082953052 -0.0414529096947685 -0.0221030453407696
0.0775067474302635 0.0513267350599634 -0.0777790642312978 -0.115332966983267
0.0763112172902926 -0.0156023779109839 -0.229800850983384 -0.127328640033338
0.0484804490551691 -0.0599404466745855 -0.33305614173242 -0.0588686591787594
0.0378829695712541 -0.0693737583574152 -0.362995635532641 -0.0219466895073375
0.0420025408675867 -0.0564641417506289 -0.373212254485665 -0.0897940455831536
0.0533448593270777 -0.00369255028246702 -0.269885413042195 -0.210771607604897
0.0465481216897028 0.0470954621672021 -0.0510967823311847 -0.243435556719899
-0.025766364244497 0.0714688371165917 0.0595702677716402 -0.0323455233626315
-0.0885800686748676 -0.0348040467787964 -0.121078374248944 0.0173473648831118
0.0202221621806296 -0.116170715309516 -0.32484099975467 -0.19820080096978
0.113229739880454 -0.0399924197576601 -0.106024468745491 -0.651999045607771
0.00822649029398784 -0.227698957783764 -0.211031854576851 -0.324431592724062
-0.170283816380648 -0.174389342670616 -0.190667427505913 -0.127356097535706
-0.208952433892416 0.032036951963872 -0.130626659885169 -0.0586875714387145
-0.038245551296543 0.210291681888259 -0.0492359607507129 0.0168669951200534
0.104885814687435 0.166013983885583 -0.0561493307281872 -0.0805615492185299
0.17153324303259 0.0716666334033124 -0.181582529388145 -0.114504886590101
0.181215409792164 -0.0327146031327526 -0.281859875586387 -0.076313221979163
0.183378445618985 -0.056148760428062 -0.317394822069888 -0.0428013543061217
0.195553150810336 -0.029094184831772 -0.326788925339434 -0.099529301331391
0.198586520125988 0.106514971418699 -0.237416944043429 -0.198168624113877
0.0987737991437974 0.226049272987877 -0.0377293800589919 -0.217556554855283
-0.0943355145150398 0.253062823170473 0.0421400923682127 0.00202128866809706
-0.302839096236682 0.0132172637258171 -0.15683511818615 0.0391010805367028
-0.183198610142914 -0.264848878195376 -0.330573234212313 -0.194765359088247
0.0234544560483593 -0.279469998030283 -0.110026846496391 -0.601637251512787
-0.0349279534489108 -0.365163591656441 -0.22829953738546 -0.240445751069979
-0.267155460244104 -0.248791458618645 -0.172966733934379 -0.100613223910143
-0.304152145493469 0.0378594500940682 -0.156979576623063 -0.0598673987132417
-0.0842204096346878 0.292385967762244 -0.0718226266075076 0.0367019076842581
0.125511761045586 0.270462375153245 -0.0512397181576007 -0.0327726930785261
0.250556394784012 0.153290589829545 -0.120091333653511 -0.0743645911231733
0.29100887455298 0.000141760565641144 -0.192956018799942 -0.0781934849908872
0.300622382853074 -0.0344635924975444 -0.222629128011908 -0.0585405768275909
0.318046191459259 0.00417855831559713 -0.227862017441999 -0.0986057572309976
0.31334495131664 0.205014499278613 -0.162873912011133 -0.162116625840014
0.135485434874078 0.37890059192024 -0.00586803489801449 -0.166362946088597
-0.155479941482912 0.407108216222877 0.0366049224818146 0.0415182889545696
-0.484497373440418 0.0598725735086069 -0.161636086167785 0.0753555801031544
-0.363604714534812 -0.385147888489724 -0.295019113021017 -0.148601257956823
-0.0640688799879926 -0.478759461196864 -0.0865023884566713 -0.476791624026358
-0.0849258757860908 -0.461153880901527 -0.223703782133334 -0.101476963682537
-0.368304702228342 -0.28666169777648 -0.114826331133187 -0.0528776739102493
-0.389310605232595 0.0688734339122601 -0.160557609120275 -0.0710279863397886
-0.11318626579513 0.372863873804223 -0.103412048889103 0.0431544992359278
0.147517597245663 0.354531752705523 -0.0548176040765228 0.0315412692999431
0.308156091281019 0.215764490101944 -0.0426146438771424 -0.00859078567343779
0.362746427420961 0.0301632352946278 -0.0722419716324611 -0.0641101155126835
0.37079993484277 -0.00738730239627161 -0.094247548846983 -0.0651892906883415
0.38848719935402 0.0384475032072503 -0.0930881232768652 -0.0874652460560264
0.378048783171766 0.276003120705909 -0.055467915544809 -0.108914700726992
0.153850609706256 0.477019748078033 0.0416693375895639 -0.0944780276142433
-0.19666134640086 0.498901863411819 0.0429178614435926 0.0821571493565331
-0.589585318611409 0.0929097818660014 -0.134752003832918 0.118704778798858
-0.478922621724227 -0.449444254668657 -0.218457089694774 -0.0678629970455742
-0.130184417003799 -0.593343879651695 -0.0384687097492456 -0.293216046585781
-0.136747147992182 -0.496805797238372 -0.189525713088229 0.0827497131341347
-0.445166100977714 -0.279806681334027 -0.01082709603973 0.0144351538396335
-0.435602865432294 0.116286531413781 -0.135516933258904 -0.0847750181191876
-0.11918373596056 0.421549545226977 -0.13285086985901 0.0462308473990621
0.162307886930585 0.393476765468574 -0.0542736703474179 0.110894905984197
0.330232510268896 0.244564926812764 0.0495990009880838 0.0728221865332669
0.386012667140368 0.0541186116583758 0.0651208892561643 -0.035498104931757
0.384936989004066 0.0179139079804592 0.0481391043440584 -0.0610205972758944
0.393886551304729 0.0682982069952778 0.053780816088553 -0.0675141106687182
0.374073064957131 0.30161280161175 0.0646821153720491 -0.0479290117120371
0.13717140977785 0.485800153163057 0.0967834746767768 -0.0129193210302331
-0.200652010763196 0.487810157833099 0.0552396919912017 0.117621686080848
-0.575071523697579 0.0956297919360022 -0.0832085440105105 0.155927151142615
-0.491453676964378 -0.435318587807827 -0.115270923509189 0.0252404001717597
-0.167737815155038 -0.600028401712956 0.0215162647722466 -0.0849347348381605
-0.170888876490521 -0.458246758097413 -0.125080428820959 0.284753834016118
-0.454596758047568 -0.226691812369717 0.123839970259544 0.0913442846833404
-0.407716751814798 0.146756785671654 -0.0807814049190181 -0.0916723566456721
-0.100954527203578 0.39727959380258 -0.146282589437704 0.0490987833335728
0.151645495850496 0.363254998466844 -0.0410117076349397 0.189352312208397
0.30134831590811 0.231421844609688 0.146470253416276 0.153299282082164
0.35107898124852 0.0647954794834137 0.201603404899801 0.00150106736113356
0.339322363027182 0.0393572759879997 0.185546270566587 -0.04895878063832
0.336121306570801 0.0886362072665778 0.188618462030551 -0.0416954874965981
0.301218279322183 0.278852313778633 0.171525671049726 0.00953272273830346
0.0874098281505868 0.401444803335113 0.140608365133792 0.0583284839140779
-0.17355337255757 0.365608200198042 0.0657628083307507 0.133309680965526
-0.436306962840117 0.0592662675642951 -0.026935240170668 0.174369944143049
-0.39220580864042 -0.350380820271766 -0.015448270151153 0.101740781853636
-0.169252548295251 -0.499599107419885 0.0816197441795216 0.101528439541035
-0.175261047213076 -0.341304295280579 -0.0438475922071597 0.471184543847532
-0.371027063003237 -0.139231155030337 0.254624312383311 0.165426318771042
-0.294328355528471 0.137443484542036 -0.00438196983912705 -0.0868828915564272
-0.0667783972237894 0.283984236313567 -0.137924459681972 0.0414952348404131
0.103869311752235 0.261484502348928 -0.0240619420815375 0.243274752986309
0.216087988140082 0.177628098487795 0.223691341101065 0.215864339679009
0.256541339653819 0.0650588125710848 0.312887576904878 0.0405238916176146
0.241798923773617 0.0562931840279797 0.29567111015419 -0.0301362974583769
0.228618230325362 0.0976799551743519 0.287953220203623 -0.0125972044939929
0.180230293489991 0.213600219564612 0.240844016174861 0.0548820307162381
0.0167096228178225 0.256760571949365 0.156957564289758 0.104138428721771
-0.125986821024219 0.180713445587123 0.0637279044548735 0.120847898746056
-0.22777487363295 0.00906425929233336 0.0173631272883917 0.16416012214663
-0.230764510033137 -0.212782593185299 0.0558720959162067 0.142046043328147
-0.146873373731045 -0.320905897996221 0.131904463165037 0.233760054914256
-0.143045067532116 -0.166819282207327 0.0322549837059342 0.607178500313922
-0.215131393395685 -0.0343053218149233 0.353030075723029 0.226908468906216
-0.121827945278762 0.0971318412607062 0.0803948782543565 -0.0759851391540572
-0.0211000660543221 0.115174252541805 -0.113013242680903 0.0171330915952466
0.0347712466143349 0.114829605585098 -0.0157024943092618 0.258988011542138
0.0897730870293306 0.0952858487593891 0.2613956578085 0.251989160461787
0.119072380255649 0.0572144834313145 0.377525063819653 0.0762649679705547
0.107614965854041 0.0662049226844686 0.360261469891129 -0.00855113402138066
0.093841644811204 0.0919561751588748 0.339529396433921 0.0158829147686595
0.0463560331531514 0.125992594340554 0.264586029992668 0.0858493486735744
-0.0469527373369965 0.0943412289464406 0.145872683306564 0.123765409612131
-0.0685047223010243 0.00396087146386563 0.0535157708980358 0.0872894084722532
-0.0229955012068094 -0.0248805152477488 0.0481967681157593 0.132903404198811
-0.0692780367583479 -0.056855583670461 0.0959660435314519 0.148743394442884
-0.114718367506847 -0.110112189213452 0.168021167075899 0.299051512954114
0.0386850991732724 -0.0696224662752503 -0.200358333958884 -0.354168918581017
-0.0792937693953272 -0.0744004239155743 -0.197850350613402 -0.13391451541377
-0.106379351242159 0.0434978881218736 -0.103201482763877 -0.0640355171563111
0.0205832232538973 0.121009249866 -0.0397085834282689 -0.015514411114041
0.0831310681868709 0.0474606251809405 -0.0799215610319846 -0.111336430264122
0.0769188980945791 -0.02270730450169 -0.239433131231989 -0.118792905887419
0.0448750962414673 -0.0666023987775221 -0.342054538347239 -0.0443814503157928
0.0329019082339268 -0.0745660263881315 -0.370777244453007 -0.00476415046616048
0.0387796444157469 -0.0621720043042417 -0.388267974746313 -0.0732506067116362
0.0555250697265908 -0.0076630588962286 -0.288578916352738 -0.204132989539615
0.0531273795968854 0.0440952871150791 -0.0664609715280112 -0.250596356403065
-0.020070224111889 0.0755544143067097 0.0629080577184295 -0.0390632215424243
-0.0929536753916072 -0.0283929912699607 -0.120761369980271 0.0224250793339211
0.0125121468451774 -0.119284056218849 -0.334235430965138 -0.184068510126924
0.113095331280694 -0.0479327683626368 -0.134061793821448 -0.662261659353367
-0.0028379083293498 -0.236759600286501 -0.225070332108729 -0.324394361795516
-0.184415088370629 -0.168092288409538 -0.201769814509215 -0.122712572835993
-0.213065432230048 0.043749015642868 -0.140290928070379 -0.0486648842619588
-0.0260003228395932 0.215358520443229 -0.0451745176791388 0.0246381394651866
0.117227586217806 0.162773595674368 -0.0559783203151073 -0.0760944603281224
0.179522988388232 0.0613069206520201 -0.188446793281302 -0.108432592934023
0.181777368216075 -0.0457561924192271 -0.292321276237336 -0.0656581165144976
0.181901072307925 -0.068571091970906 -0.326295874195306 -0.0302373608333095
0.196381856379652 -0.0417034908384266 -0.341962953665447 -0.085884315938274
0.209171946312832 0.0969298497992053 -0.253629125810047 -0.191661415538628
0.114681293660063 0.224603611861535 -0.0514189543253461 -0.224496832044952
-0.0823950114644432 0.262708784818782 0.047080856703072 -0.00259791685024757
-0.309901164920243 0.0291141579927368 -0.153768896797344 0.0466719771495994
-0.201728110671242 -0.263345961497626 -0.340490579258866 -0.178817125841275
0.0140869526589472 -0.29143770885559 -0.134818953462566 -0.608733578774099
-0.0508310596183428 -0.37738290865236 -0.237405601970212 -0.237279206127521
-0.286994268056871 -0.240469615110123 -0.180061452569081 -0.0950624397254835
-0.310245730484446 0.0516571922380303 -0.166779857647492 -0.0471905117549309
-0.0697822991147294 0.301157986940947 -0.0666232792576863 0.0457919054165066
0.143346578002272 0.268412874282855 -0.0489393759987756 -0.0275042503021477
0.264857250522576 0.141265207281863 -0.122929125230799 -0.0716667719960895
0.295860024426826 -0.0174196897012202 -0.202175929291455 -0.0722575642153827
0.303632962720124 -0.0515486801005601 -0.230995876020888 -0.0510239081888554
0.323446355594744 -0.0140958860040689 -0.241079427687464 -0.0895885073746989
0.332456968706295 0.192941196276764 -0.175496826802134 -0.158685580167997
0.159710376924449 0.380729497981626 -0.0175920391963813 -0.172896965598418
-0.139299282858235 0.421535699983208 0.0433928860383686 0.0383276635370728
-0.493127169677649 0.0831034862377467 -0.1557615809687 0.0841712077418604
-0.390533047659932 -0.379344363058955 -0.303511948523179 -0.132812628264773
-0.0819239014825636 -0.491951499996609 -0.107137220700681 -0.481679164918637
-0.105376912120418 -0.474541995535075 -0.227483696397652 -0.0926730780679922
-0.391982371568999 -0.276771586974349 -0.118824486017067 -0.0486906373568448
-0.396777426237461 0.0861475567691545 -0.172213940437887 -0.0570677710497993
-0.0976756354701905 0.385319474472294 -0.0995498800543005 0.0540373238691529
0.169623410816878 0.354473240847689 -0.0500786242540668 0.0390868375137674
0.328332896069454 0.203591899276905 -0.0404319777884788 -0.00870210528765323
0.371620641286084 0.0111769205658725 -0.0800057187371539 -0.0636378152272074
0.377818894057945 -0.0285203654845258 -0.100904941869161 -0.0638547371454165
0.396880886993255 0.0172487045436608 -0.103445293374785 -0.0860817258039138
0.402736383596015 0.263086255164572 -0.0630791134143047 -0.109604766511745
0.181522493378038 0.480748974713262 0.0334479754130795 -0.101484939153632
-0.177399007339386 0.518631364744872 0.0506002993584847 0.0798714924247892
-0.60024376942472 0.119434463401919 -0.12416594766956 0.126272775569894
-0.512218867542637 -0.438997054264501 -0.219646762670845 -0.0541044538085809
-0.153375677373444 -0.608038407683065 -0.0538894709582834 -0.294827778345189
-0.15883448766766 -0.509786248690021 -0.185324473076927 0.0951867887020301
-0.469889262341713 -0.268051735212067 -0.00867223337562728 0.0149444949063333
-0.443045028436425 0.134598421718633 -0.147385464035127 -0.0722342226428026
-0.10272871941045 0.435643424230981 -0.130872900981676 0.059081608685217
0.185663516920983 0.393443006725924 -0.0453421475658719 0.12098779584331
0.354354064088093 0.233113073681054 0.0594296343942343 0.0698598873870407
0.396907725900342 0.0330991521906926 0.0623044303410919 -0.041842019866865
0.393310325615563 -0.00146639949870696 0.0450845975604174 -0.0670607128286108
0.404939276332504 0.0499023199010123 0.0480669801686103 -0.0736046470025292
0.399847935929519 0.289654833339481 0.0635277887885055 -0.0532168270279895
0.165867840599213 0.492094991513123 0.0939507024209678 -0.0204209445303176
-0.18326677852789 0.505293080599178 0.063617464027605 0.115030501340124
-0.584532411433367 0.120944477533084 -0.0696974804790084 0.162037734372261
-0.524234009720072 -0.426269055233864 -0.11024765763875 0.0352341454864459
-0.188476669815202 -0.612653878034852 0.0140947228366655 -0.0856181096774612
-0.192701195895199 -0.466728261676042 -0.111851056843188 0.300338497185306
-0.474408995870897 -0.212971405808774 0.132095925717139 0.0865598763898774
-0.411534838859692 0.164309922523687 -0.0918519640005555 -0.0828658867798204
-0.0855667156991926 0.410308836948437 -0.146283121525444 0.062594294363614
0.171747045381757 0.363739125632701 -0.0284155268175252 0.201730528601829
0.32323158873352 0.221694369074804 0.163011431781109 0.148002671856512
0.36156328480213 0.047347997951829 0.203838019554651 -0.0104352377799075
0.348960550971983 0.0234872417293401 0.185907360249508 -0.0605521621299229
0.346717627979112 0.0736104888649871 0.187422681662351 -0.053142615247105
0.323029167120011 0.269544686109445 0.175185500766827 -0.000291358211423028
0.10906039932583 0.408173362049207 0.141604204258774 0.0498165727491794
-0.161155086101855 0.380541399403105 0.0729040792697939 0.129936245496212
-0.444072218235899 0.0768420552500744 -0.0112318384744295 0.176922185458208
-0.418536169701338 -0.340788635789285 -0.00575285296369751 0.107409208916489
-0.187309668466559 -0.506867846464713 0.083154406940538 0.102629558113682
-0.190952533618351 -0.344846854738568 -0.0233729711309995 0.487155554643917
-0.384449594894501 -0.127525948296965 0.267424848119984 0.155786123360982
-0.295349563374782 0.149044996488838 -0.0127373355377882 -0.0827882995134992
-0.0567766809674176 0.292401628447168 -0.139561542706585 0.0545932191047316
0.118372859391345 0.263452003447176 -0.00981302596828661 0.256109098685148
0.232060307677243 0.171073844974792 0.245442768938031 0.210373295546342
0.265481150352588 0.0542135292985206 0.320472850823169 0.0252519651178332
0.250710684081901 0.0468723131918927 0.298977037722078 -0.0459882323056984
0.239173097561819 0.0882784001458059 0.29168146842121 -0.0291885002484605
0.19656418029304 0.210657430492747 0.247262242057499 0.0419797319032263
0.0280154194466249 0.263218445479082 0.161278509725056 0.0959001874263334
-0.123113676915329 0.188930690488972 0.0697525040121754 0.117339499318388
-0.233012808783879 0.0139387894269532 0.034112886745289 0.1642845813125
-0.243794459593018 -0.208584959796763 0.067928575680328 0.143868509212259
-0.157684244832857 -0.323091842984853 0.140015107250107 0.234196385833557
-0.150149756049414 -0.164527079012121 0.0588501006882382 0.622610113779855
-0.218955753452644 -0.0256524942298554 0.369027071150411 0.213758936294365
-0.119827532677194 0.100796882734079 0.0751786428380991 -0.0777844096673105
-0.0192080540884062 0.118068385798646 -0.117326178877585 0.0273623650081203
0.0402535577217167 0.116443407619668 -0.000835008696738073 0.27153713866022
0.0975968242388804 0.0942940135765429 0.285384940495226 0.246494494100358
0.125216593380866 0.0540571659915591 0.389419824350461 0.0601111622531308
0.114496484304188 0.0642621615416158 0.366358157300518 -0.0265458320151071
0.101917044575074 0.0906882182194506 0.344860681505639 -0.00259674531421195
0.054724812241367 0.127493975530252 0.271882712719994 0.0721314133960633
-0.0459857259619068 0.100474610291402 0.151343485074444 0.116891740175602
-0.0737085277178816 0.00608099262481595 0.0560638623140813 0.0827709593551112
-0.0253796306922418 -0.029984027003039 0.062233325879604 0.130933073413539
-0.071096486141327 -0.0551455966192171 0.107113147585437 0.147149406782775
-0.117187899287053 -0.105663357328515 0.179543494092403 0.298106406072687
0.0326249064832137 -0.0727097841388682 -0.213799835539928 -0.347582035516294
-0.0844869319386544 -0.0671369849987116 -0.206038083260477 -0.124425081851156
-0.102734870770244 0.0514910510205997 -0.109950257875543 -0.0542768648951843
0.029880173962064 0.118682868993737 -0.0363186522753994 -0.00946538172960108
0.0869098801804006 0.0410822769445939 -0.0807385150856223 -0.104097133302062
0.075051507166867 -0.0289445561679253 -0.242751168132397 -0.104604399114438
0.0391952172320207 -0.0712539810906579 -0.342119562713552 -0.0269515253832347
0.0264570563567655 -0.0772517323504804 -0.369888293383641 0.0127445420857052
0.0329996248745422 -0.0657154330264355 -0.392928429542558 -0.0515603905101463
0.0555329574335147 -0.0122749540592408 -0.301799492505894 -0.189265087613255
0.0577878580136473 0.0390150963629644 -0.081749258985979 -0.250146558404625
-0.013050392315039 0.0771512062578787 0.0638576328692048 -0.0462622250038801
-0.0949135174476463 -0.0212098618688347 -0.115883899926301 0.0278405701268348
0.00306711469189194 -0.118694157112993 -0.335516679994726 -0.165359495307538
0.110240829137129 -0.0557682928368151 -0.160546021015748 -0.655026668022506
-0.016379936670939 -0.240094275542334 -0.234389982302725 -0.315490732268716
-0.19461025854328 -0.156491969713103 -0.207819332841976 -0.111820491594354
-0.210508150595912 0.0561700426308708 -0.146344548319593 -0.0354388877357822
-0.0127838126700893 0.21396025885664 -0.0389814717061612 0.0302232865941186
0.126723320429815 0.154503081237376 -0.0546843194700026 -0.0711355275833341
0.182811561993038 0.0492415321666432 -0.192438831092656 -0.099403821297346
0.176498552096956 -0.0582697993732313 -0.295915114601725 -0.0513158745543466
0.175431513630867 -0.0797500570779628 -0.326542222323781 -0.0148067562640581
0.190313758263581 -0.0538367992228923 -0.347943194355127 -0.067457373375046
0.215021566846602 0.0842748752370557 -0.265266224282788 -0.178974297217644
0.127869735844923 0.217059506187663 -0.0661222262994184 -0.223578114344176
-0.0672062349218037 0.265901753082669 0.0514391664586373 -0.00757559856388734
-0.309119004259377 0.0455220265248599 -0.14705646504779 0.0537280015261962
-0.21700316792627 -0.253475271539077 -0.341474733308413 -0.157661909928982
0.0018198132412785 -0.296725956158624 -0.160140067149048 -0.600995035407074
-0.0704703350646609 -0.379880374521594 -0.24221949234301 -0.226194066699164
-0.301127515215091 -0.224376297207463 -0.18379556519282 -0.0863570713958379
-0.308098301401074 0.0662761211080645 -0.172429987730827 -0.031169023425085
-0.0533536989742024 0.30217309528458 -0.0589316356030456 0.0528475975250792
0.157932132521692 0.259081803934292 -0.0443500057197762 -0.0222685517418194
0.272982089182243 0.124406758696901 -0.124524443940942 -0.0666051346060746
0.291378845933497 -0.0351100570879487 -0.208069160655212 -0.0622868033815166
0.297788315190229 -0.0691219662711791 -0.233897011105019 -0.0413922117591489
0.319256349287052 -0.0333133623209898 -0.24792644448104 -0.0769283982848162
0.342622901405587 0.174308723609664 -0.184952127393212 -0.149659148434858
0.180813170229869 0.370462588228023 -0.030620306315427 -0.174042044883112
-0.117203493892011 0.428226109676904 0.0490427699549734 0.0335450822737927
-0.490724907867119 0.106432729774321 -0.145378205630135 0.0913846381061926
-0.410378882808506 -0.360068430094143 -0.300864558763809 -0.113538541212821
-0.101139991325461 -0.495073878326926 -0.12957000649665 -0.472855950988833
-0.127697678642354 -0.4757089043979 -0.224631075927374 -0.0824597758826132
-0.406312967316951 -0.256944662434485 -0.119565368836785 -0.0436724844603498
-0.394664972492293 0.103541360900039 -0.178277020704463 -0.0403111873734525
-0.0780604144888152 0.387202653606257 -0.0919743807988497 0.0622765285166035
0.187988264008053 0.34369810411777 -0.0424375483839298 0.045838871102729
0.339866841250373 0.183078726812361 -0.0368703439285318 -0.00849672647750637
0.369542853611786 -0.0111317321830986 -0.0857153486675226 -0.0608918381302736
0.373901832587282 -0.0493511505301844 -0.105010200254769 -0.061042571962613
0.39317486073792 -0.00475416665063479 -0.110151747221424 -0.080801915611802
0.416543105662871 0.240368454369384 -0.0694820611033397 -0.106562689936095
0.208213395582571 0.470018838950897 0.0236721005216583 -0.104848058581065
-0.150294321049372 0.524358498817168 0.057875833821757 0.0755222379974206
-0.595583042941858 0.148647516570673 -0.111148440304235 0.12978278014374
-0.535663321616817 -0.41479746205173 -0.214507078492983 -0.0397204199997181
-0.175376148736 -0.60771328924544 -0.0677765240274701 -0.289692897495416
-0.181470835078394 -0.506599832725742 -0.173711664037045 0.104523321931284
-0.483148471033428 -0.244901512857583 -0.00684751532977232 0.0140805390278468
-0.439627370279505 0.152523523593916 -0.154175243781346 -0.0561139350726626
-0.0815338682163883 0.43866613012974 -0.123706137989471 0.070245099338544
0.20607748364346 0.382485893388743 -0.0336322364735711 0.12814624523048
0.367994377575801 0.211794584785714 0.0677024026498953 0.0643996387420703
0.395983245506555 0.0115688915486575 0.0565657283001365 -0.0462277957176281
0.392098799209602 -0.0216790776481379 0.0404853436936522 -0.0706068829372132
0.402995876261543 0.0266102966203527 0.0415113333153217 -0.0754541569560097
0.416749957923092 0.26650872387201 0.0598094058168213 -0.0576689525947722
0.191343793117689 0.482544547305658 0.0871510867336305 -0.0265357434513301
-0.157558496870793 0.512528704408457 0.0712216422453698 0.109684305414396
-0.580463110940607 0.146641783041525 -0.0532145582673856 0.161750878241504
-0.543469247248276 -0.402604761996853 -0.10200906495315 0.0440877142567382
-0.211072081105717 -0.609628876123959 0.00789781175736593 -0.0825660150175054
-0.211412373359446 -0.461295210047544 -0.0926547842641883 0.307052710671549
-0.484147985702677 -0.191398288449491 0.136380441754428 0.0790800146280749
-0.406592858104038 0.17985979539143 -0.0994178531201867 -0.0694324497280223
-0.0661813038782667 0.413009669724897 -0.141064142103215 0.0742401957427555
0.189109962334003 0.354067481006229 -0.0132111489401159 0.20818132821368
0.336368646634292 0.203651238845195 0.175475820077435 0.137697720650739
0.36256404336943 0.02799416955969 0.199842462810474 -0.0223611130851218
0.349477804531648 0.00511607296434133 0.180381469143271 -0.071067927597405
0.348796931303398 0.0545572744725688 0.181681947873533 -0.0636168387621464
0.33894994156527 0.251975230465053 0.173661986074808 -0.011084140885433
0.129303142760117 0.403926920155257 0.138829803218654 0.0412094148046472
-0.144708584043048 0.384974740957821 0.0795402121349756 0.123778346097418
-0.44200056627454 0.095581284503258 0.00611936680500494 0.173147408633368
-0.434691914329457 -0.322362134860125 0.00558963184604075 0.109371871707309
-0.203765829768421 -0.502419386014402 0.0838503578817688 0.101399963374874
-0.20349290042836 -0.338326022554861 0.00219495837578482 0.490360179066997
-0.389718241129665 -0.109914068403722 0.273803765266716 0.141285399145342
-0.289048230922469 0.158575939405669 -0.020688937576135 -0.0756629056571903
-0.0448733940194583 0.293870136430347 -0.136672396724944 0.0665030869308339
0.130263914206975 0.257039729303205 0.00704489793588019 0.261721949726211
0.242164774663108 0.158686096271717 0.261019271063627 0.195169694828884
0.268064212034224 0.0410928042625076 0.319493057738734 0.00746258257802064
0.25348103471033 0.0342049528190135 0.293783349349705 -0.0629190690653463
0.242803152794723 0.0757421596097093 0.285744398639112 -0.0448376175077162
0.208177433600855 0.199420226525023 0.247175648169659 0.0267683036556973
0.0411076802339986 0.26270572206864 0.160871300579882 0.0855111493237426
-0.116602857878041 0.19258104877416 0.073020360246482 0.110823491612743
-0.233511379070459 0.0209742043272017 0.0493250767393873 0.15847691122087
-0.252489109795576 -0.196919902958734 0.0786563977808224 0.140540836642597
-0.16580801896873 -0.316817083289991 0.145958421443931 0.228953102943293
-0.153514455762893 -0.157593868164397 0.087187758869666 0.622287537913827
-0.217418070589102 -0.0157861767460667 0.376005818505235 0.193565592574773
-0.115420745428886 0.102140946120952 0.0671968513475084 -0.0772649342058847
-0.0158056747670354 0.118421789780679 -0.117398417820499 0.0375607641570971
0.0449264081264461 0.114658156966675 0.0157278762999193 0.276214443738855
0.103860236844819 0.0892867708724505 0.30266728202476 0.231323269062669
0.12822567275162 0.0492704958624554 0.391558745960076 0.0382995797746499
0.119569722992849 0.0593590427860189 0.36238062674926 -0.0454585393680347
0.107556695756207 0.0857543618706702 0.341921143171571 -0.0214618316560879
0.0617471561677737 0.125771786881058 0.272921585430919 0.055261229810061
-0.0427852895716147 0.105064835660347 0.153110319466427 0.105855492197023
-0.0769590939720552 0.00923286743832273 0.056848308729962 0.0768331919066018
-0.0275110925547333 -0.0336059340397077 0.0741708975850667 0.123051372099069
-0.0705225751608448 -0.052287819695321 0.116302471505894 0.140165055218649
-0.11669527471973 -0.0988914060539403 0.188826774719522 0.289975752037086
0.0266523355461817 -0.0731904185321024 -0.216306214139359 -0.337990040080694
-0.0866557143966869 -0.0597627840346626 -0.207956702849369 -0.114596277826374
-0.0982447235640885 0.0564227850109398 -0.11320241883895 -0.0444336440348849
0.0361648514644226 0.113850786596712 -0.0323507570133859 -0.00366131956037277
0.0882699410244959 0.0355492628041883 -0.0779979923459125 -0.0976755701567739
0.0718889233612294 -0.0329749859461444 -0.239869232648446 -0.0943142672539017
0.033185151317715 -0.0731915009751123 -0.335995395315017 -0.0138793291432297
0.0200807582224567 -0.0780697908541879 -0.361684781528255 0.0245581495281065
0.027853490015705 -0.0666321407973839 -0.389057186594911 -0.0345281813628511
0.0544591989698997 -0.0161121602215571 -0.305641641063783 -0.174684985104265
0.0605671166161936 0.0344212022131024 -0.0922175986668943 -0.24536981925956
-0.00687957454670996 0.0760073332607161 0.0636156565992903 -0.0515012410891747
-0.0933772673978875 -0.0147661917521312 -0.110092558296013 0.0302015746757683
-0.00326346538777011 -0.115256391386909 -0.328179500206634 -0.150464671190215
0.105281760478785 -0.0602084528431845 -0.174903664268368 -0.636753218512179
-0.0271051314823166 -0.237369236354714 -0.234768271145806 -0.305645018587276
-0.197250920541726 -0.143593853611957 -0.20752661564862 -0.103479822295625
-0.204206210639723 0.0629310694171343 -0.147291392343871 -0.0238972601840618
-0.00219262638321857 0.208811047685794 -0.03248447785788 0.0341527597182785
0.131017352674567 0.145197820928639 -0.0511776113929913 -0.0657777356405082
0.180981215299027 0.0391201692276521 -0.189857314696649 -0.0901988058699016
0.167487896594062 -0.0652908765527422 -0.292652659414576 -0.0393063554925506
0.16610134721613 -0.085724095727352 -0.321625774547958 -0.00466167942043414
0.182032408378939 -0.060942484841811 -0.346120807427612 -0.052214185858371
0.213937072281063 0.0736195172447215 -0.268133798687886 -0.166644896753065
0.135072366772792 0.20637542232215 -0.0760840405145648 -0.21953332072015
-0.0547990485976357 0.262527117641014 0.0540765797261153 -0.0124611200652929
-0.302525499121322 0.0561887354953796 -0.137710743176666 0.0565503535546183
-0.224050774871474 -0.24198033151052 -0.331728812973492 -0.141194875703059
-0.00682324464207868 -0.296167529415373 -0.174101003562346 -0.584134073366142
-0.0832444516690582 -0.375492087600292 -0.23785254666247 -0.217557829365737
-0.304485287450822 -0.208262593996882 -0.182737315171926 -0.0802334893922524
-0.301179000691365 0.0760958015985099 -0.172285769950389 -0.017305559549779
-0.0396168472859861 0.296934277576868 -0.0511939144028199 0.0565330752582216
0.164922758326024 0.24671395776876 -0.0386939297760789 -0.0175197989863262
0.272604206651791 0.108906352939393 -0.121959203216556 -0.0619893371621594
0.282286219071089 -0.0476314250023844 -0.20807444037237 -0.0539101779765492
0.287552850134153 -0.0797861294119812 -0.231772708977635 -0.0341417872529756
0.307744240179975 -0.0450900867986703 -0.247829957598905 -0.0659384445385084
0.343071760459063 0.156598783368926 -0.187626374872981 -0.141322347479191
0.193022575819782 0.357602858770743 -0.0398720463664593 -0.171540729425704
-0.0993204311411154 0.421000087886609 0.0538525985319368 0.0288312772340772
-0.479539231856241 0.121031687330912 -0.133594050724708 0.0921139689122172
-0.416210126755233 -0.342627217319617 -0.289765194822274 -0.0986188968885139
-0.111233039586034 -0.489257166071015 -0.140138221114626 -0.458886991794538
-0.14214034177262 -0.469109612388406 -0.216987365066335 -0.0753379438907052
-0.40901706009429 -0.237643467789798 -0.118192750022195 -0.0403851748321228
-0.386553734865167 0.112110941071644 -0.178137468518969 -0.0244859663953415
-0.0629933289181267 0.381054575107442 -0.0830592194157687 0.0675198532344968
0.197461708465951 0.330061255437419 -0.0341261779610916 0.049448572912107
0.34035098738518 0.163895338004399 -0.034072652848782 -0.00918350045261471
0.359646243403232 -0.0259740094040693 -0.0900561086743272 -0.0568314503628776
0.364199775690032 -0.0633256463686418 -0.106322018704295 -0.057835572218168
0.382347579824768 -0.019563988811097 -0.113298896456664 -0.0747996055210809
0.41792419553231 0.219056934317038 -0.072453509022613 -0.103550941590467
0.220781963643168 0.454724603301482 0.0151486640082509 -0.104220013352263
-0.130839166786926 0.517418333062736 0.0626460039811043 0.0693904361051483
-0.58204155862425 0.163546167060168 -0.0970948985467768 0.128548156603696
-0.540413540377393 -0.392346227105413 -0.204052744221688 -0.0288984594001046
-0.188314699615318 -0.598976260542882 -0.0742638434352578 -0.277510034250937
-0.193546883414039 -0.498829606209231 -0.161990770540263 0.107624713909
-0.482629341350451 -0.224727074299081 -0.00530440903338792 0.0119157812690904
-0.429676327844198 0.162374809749153 -0.154402923857078 -0.0402155760738985
-0.0661123555215824 0.432387075927485 -0.114861807399261 0.0764264362419693
0.216001087909316 0.367685589042474 -0.0227117880966569 0.13094313579123
0.368763590154636 0.191625020849565 0.0720478661801247 0.0586440525950121
0.387830843726973 -0.00445665205825722 0.0505434141110831 -0.047415799951383
0.38361946887524 -0.037555351666532 0.0356094677421702 -0.0721223237754428
0.393255730923235 0.0106242687620847 0.0359554921052979 -0.0755731697037082
0.418624458015677 0.245340824209089 0.0559114703797366 -0.060160705044818
0.20504116998382 0.467592696427667 0.0798486215318815 -0.029617075918886
-0.137643824694228 0.505066458523284 0.0755430940665627 0.102729096340423
-0.568621988635574 0.160284504395474 -0.0391374394213275 0.157015862225898
-0.54794157819809 -0.379697422935688 -0.0907799514042032 0.0493512428567512
-0.220807449438262 -0.600784678327149 0.00321759811451464 -0.0769497665797923
-0.221376389490399 -0.451864753126304 -0.0767447913637183 0.305759225102098
-0.480127288621203 -0.1742068371087 0.135969911216277 0.0705418972641754
-0.396648945951698 0.185506794602749 -0.101479334007319 -0.0564822389752091
-0.0534377787804639 0.406758773669746 -0.133460680598132 0.0820151700834696
0.198787502780294 0.342016199474664 -0.000918834788953894 0.209973777321279
0.338743815526709 0.185485231857032 0.181623465440057 0.126179515141841
0.356298359757607 0.0138120544847105 0.19256700063402 -0.0287783419416786
0.343767287887516 -0.00790610946547774 0.172781564571609 -0.0770487112021855
0.342319057147677 0.04099954893486 0.173543794814834 -0.0687980451226409
0.343298391543531 0.234627236624239 0.168804025087324 -0.0191267173136688
0.143131603217709 0.393127776422595 0.133143432880116 0.0348643008675242
-0.130675488135337 0.381253937858493 0.0823162986749275 0.116178660136938
-0.433001351303879 0.104534465330005 0.0196783693323677 0.165346682960346
-0.436928278979668 -0.304559455248477 0.0149009024944987 0.108821287530401
-0.209793523658854 -0.492233696691114 0.0826666378234024 0.0999682781852591
-0.206888485787247 -0.328942766764437 0.0205689175501625 0.483592436963717
-0.382813543959762 -0.0962884241291513 0.272705137539373 0.128207319646604
-0.280641156172858 0.160088026826558 -0.0247611786439895 -0.0673365820482732
-0.0370449695964599 0.289303190599194 -0.131633435367376 0.074077897150993
0.135724485251348 0.248204589142041 0.019999862417024 0.261963280560074
0.244759847285242 0.144782119202308 0.268433367977493 0.181501581384576
0.264623197567334 0.0310448766164774 0.311831284562373 -0.00481791486678218
0.250861206673417 0.0254241348627389 0.284476744050137 -0.072178409888564
0.240533339614792 0.0663023260401578 0.277419936383107 -0.055497964763932
0.213090976659372 0.18856998475803 0.241194773489559 0.0154924370499142
0.0485186776294254 0.258493848382394 0.156482790411946 0.0771882301664178
-0.110585385127104 0.192082651751901 0.0742704704751539 0.103538945753134
-0.23113647738595 0.0246224846904026 0.0608878756328671 0.148611881204197
-0.253299247596209 -0.186455098025126 0.0863070152398388 0.135410754919993
-0.166609356389748 -0.308347166847371 0.146160775815306 0.223444622041705
-0.15248837816677 -0.150556607791038 0.106216314344146 0.611834770174631
-0.211395860137128 -0.00922145980222083 0.372291533321162 0.176658375757621
-0.111015549068213 0.0996194455429572 0.0611595635603218 -0.0739911200702057
-0.0144069264026514 0.116673996660519 -0.115134429891085 0.0456393078967326
0.0461085724211148 0.111999435049084 0.0273681069961172 0.276076531026313
0.105564794344459 0.0835097140842493 0.309937946721324 0.215119200417202
0.127799687419207 0.04444790827976 0.385767272253612 0.0222079524901008
0.1216641946571 0.0553046770872107 0.352967852407536 -0.0573842958835726
0.109706259745072 0.0813770485787588 0.332197634356592 -0.034719730864721
0.0661362273816619 0.121358225369741 0.267246973395517 0.0420128234521308
-0.0396098072233995 0.107106909693766 0.149963999138101 0.0965380484546157
-0.0789565762516539 0.0112657642405628 0.0552519801376753 0.0704218634538911
-0.0298833304513226 -0.0369290535425383 0.0831073667053519 0.113397454003372
-0.0687389561245619 -0.0499142507789691 0.121852396227967 0.131835973228518
-0.112097553780814 -0.0930624022556418 0.188212694146439 0.279922170047788
0.0542102976495876 -0.0563666030829854 -0.0589007604395887 -0.397420935027948
-0.0523340100227532 -0.0873906805320518 -0.144850047035415 -0.185515123533652
-0.111220304190472 0.0106678438276876 -0.0854985620963928 -0.0775573700626916
-0.0136500559065774 0.115534835715561 -0.0186163873379935 -0.0123260285547756
0.065069645409758 0.0684337601209438 -0.0218087644098769 -0.121527801365603
0.0782892572809483 -0.00127594203423128 -0.173270665600893 -0.184750257441923
0.0578167473778899 -0.0536191515806265 -0.295946704536064 -0.151815440613156
0.046880718182279 -0.0634694619802325 -0.333944028854762 -0.125745588179713
0.0476930945100702 -0.0498716512100459 -0.334667700343103 -0.187685676640784
0.0540586656538522 0.00723506614854891 -0.20579806387125 -0.282487187461112
0.0404633701948302 0.0521053173792036 0.017103558525075 -0.259247327939636
-0.0334014542663536 0.0659892181960204 0.0819996571424185 -0.022436988401156
-0.0823853462280691 -0.0452835027051391 -0.107611909516044 -0.0200309284188768
0.0315152794664662 -0.104281831294464 -0.22342753235967 -0.264213756946273
0.11370518306715 -0.0279913392812081 0.109721766948188 -0.63943429798171
0.0814797458095971 -0.232196627444066 -0.1040637095193 -0.36634210873451
-0.112898832868448 -0.210252231367499 -0.153736847119195 -0.170098475594275
-0.209990922326692 -0.0295934422568845 -0.124390675134244 -0.0645606173346105
-0.0884606722800749 0.181202577322921 -0.0279149678819693 0.0257070521239707
0.0558759695047407 0.182739522416392 -0.00424061375269355 -0.0816746019438162
0.14482177860393 0.106910993521722 -0.124690033241257 -0.163338472129995
0.173068926117154 0.0076041204537218 -0.246046058520923 -0.157888889333563
0.181815133951027 -0.012219725609318 -0.286254785601255 -0.136331819641122
0.183796910063318 0.0163734303654895 -0.287943302966691 -0.183525368437132
0.16392662128294 0.149557466732511 -0.175687729198512 -0.257120489336887
0.0419891605413804 0.237188276530314 0.019557429520995 -0.227389360749236
-0.14977856015532 0.214467451487819 0.0541195047319449 0.0108550426858553
-0.302239264132051 -0.0605720906042225 -0.144219934156678 -0.0107271275852651
-0.119835436463898 -0.302451699226239 -0.226595337721234 -0.268721135472438
0.101956467869105 -0.288132777345232 0.101002646317329 -0.591318165832367
0.0948385711044437 -0.384539316791977 -0.157651390322075 -0.278853317078631
-0.178320260624498 -0.315175602541917 -0.14412903748373 -0.132945053742147
-0.302883680762198 -0.0613611532707423 -0.149991656430694 -0.0617602553931558
-0.160016242505929 0.241441711682546 -0.0493532384214755 0.0423036981153741
0.0430415386647455 0.286879556230319 -0.0083545671239825 -0.0334907249411294
0.197119967198678 0.206381621871983 -0.07047223970829 -0.11194848393106
0.266694471522561 0.0699429062444577 -0.163084425142196 -0.13779937717339
0.28945378374712 0.0414124783244038 -0.194711104172997 -0.126620609478285
0.290646253356512 0.0811672415872323 -0.195397601070339 -0.154883339736864
0.247349774871589 0.274524905022497 -0.112934204870862 -0.198938367728234
0.0353097153307093 0.396475284231824 0.0318487528456426 -0.168245382941161
-0.252741008111658 0.340047522443606 0.0340167396886655 0.0487023832159063
-0.489634587526388 -0.0691061785371661 -0.156218408892752 0.019374466888644
-0.256349833295078 -0.466077723627486 -0.204038205176049 -0.223175669065995
0.0803080688469292 -0.505032602875784 0.0905461985252563 -0.464168421587856
0.0848512650598715 -0.497842620961693 -0.206416002763695 -0.132715256816088
-0.256959700910361 -0.388811716752058 -0.104189244526828 -0.0661306317045739
-0.395959640022664 -0.0663210837086511 -0.150739208220182 -0.0631704207287176
-0.217171674312339 0.305914450606341 -0.0788900137512992 0.0426321988748453
0.0355460580796967 0.374505474668654 -0.027288466819225 0.0294410750504573
0.234710258012905 0.283895215391983 -0.00943913121423253 -0.0294665756093563
0.32740034955552 0.121535427845246 -0.0545062917121609 -0.0925516714632951
0.352457921299985 0.0871920128314773 -0.0733873665810274 -0.0974854820614001
0.348879774126724 0.13318735566719 -0.0719941627265376 -0.106430157637637
0.290712009162615 0.359170870538043 -0.0249202280183044 -0.116644565271639
0.0246577051060512 0.495900252933756 0.0524373582068324 -0.0842902556427236
-0.320494483323771 0.413326089519461 0.0233950416767728 0.0888722916596706
-0.599929931129856 -0.0708050070086239 -0.139537780327229 0.0644865062613509
-0.346431748535614 -0.558722937674942 -0.153642104104144 -0.132476249668162
0.0524394732988675 -0.631746327070087 0.0785748602319593 -0.275804475616801
0.0515557166349001 -0.549579312733537 -0.236627145261154 0.0626583677344951
-0.327730605248419 -0.410964029836034 -0.0243534996538586 0.0320657796930013
-0.455526328786062 -0.042504181776602 -0.119967150689914 -0.064601549418776
-0.242960418626958 0.350617470020432 -0.109516666803627 0.0387024405445762
0.035142651252561 0.415861285694272 -0.0493779010040235 0.108216754142482
0.248243551842256 0.320306569385234 0.0604195544172961 0.0754507805081061
0.343070097294974 0.153060266500371 0.0683590467541884 -0.0265710026667672
0.361540604104504 0.118407128935479 0.059288235447482 -0.0528132283441702
0.34862347103599 0.163925851390096 0.0618827932354122 -0.0469777917797167
0.282760664007866 0.382392932918679 0.0726375774501265 -0.0248619247306387
0.00590793075571074 0.501992633263893 0.078444164865578 0.00870169961474104
-0.323008793338299 0.399999419325698 0.0194194318986929 0.12364434865271
-0.586477432331351 -0.0685746327851221 -0.0979197543931724 0.112529067806188
-0.355929683526995 -0.54972434310681 -0.0839430609450342 -0.0184420121317059
0.0267404843368921 -0.642152809983172 0.0658027112088518 -0.0641302435260765
0.00748250532660216 -0.515722978172744 -0.238548527747552 0.278170194482572
-0.346929751312916 -0.364743109117249 0.0819144600984969 0.143897541478503
-0.435228323125327 -0.00978618117507271 -0.0632416715061981 -0.0594528521245618
-0.222331194460358 0.332021299254975 -0.131005385101295 0.0353378540355816
0.0299196876711366 0.384777943665963 -0.0643845315192078 0.189326838975896
0.224121035543066 0.301078346515664 0.130570801942159 0.181739358888277
0.308405923519756 0.157052092792588 0.189178423427503 0.0482790586859288
0.31319511568741 0.13099137502829 0.184543203064345 -0.00118892385812001
0.290716627380463 0.17177195931424 0.181311158127222 0.012966933442402
0.219769646273954 0.342324063302781 0.156810263798453 0.0561947543931783
-0.0211240926168999 0.410165043626509 0.0994833473269029 0.086818956213144
-0.266929913049847 0.290248622941848 0.0200357233597947 0.137721693278499
-0.438056790524907 -0.0712040550017715 -0.0471754319022327 0.145429920705614
-0.278440699781164 -0.439885189039568 -0.0160316960374344 0.0826706511356875
-0.00270097338543047 -0.533646869737479 0.0571924598697975 0.126728094466385
-0.0343470708072316 -0.396035348576673 -0.214671717101718 0.475953300714305
-0.294179557125651 -0.255150872802016 0.182523202000283 0.24637509526983
-0.320283733826101 0.0180666378608491 0.00983966114665803 -0.0461538796428856
-0.158110875836668 0.237062320408411 -0.134656913726784 0.0252349016200838
0.013661204034498 0.275417365397958 -0.0732456190751809 0.247083863078815
0.155502164673604 0.22829676946661 0.181761689334799 0.269204539924194
0.220858990710999 0.136151709396846 0.285750149317462 0.120474020886598
0.217201627545106 0.124154335730821 0.282362769835214 0.049438299793242
0.191455754293636 0.154495025585645 0.267476506341344 0.0653887299370685
0.119408269285496 0.250036962101337 0.207774826395492 0.11429580350335
-0.0546613736032969 0.25287948571935 0.103620431672202 0.132108238445502
-0.176136853473194 0.127486014822401 0.0195059321685795 0.121282759590297
-0.219766066002945 -0.0686955552553591 -0.000697450254769676 0.150344250880783
-0.154926687180101 -0.263786742997383 0.0328964523717224 0.143186049321522
-0.0299165131023724 -0.34442621047492 0.0531992052085704 0.260729325476481
-0.0664267625783766 -0.205454816457736 -0.173631668817896 0.616294605765938
-0.180207545990068 -0.102001884883995 0.257249859136877 0.322463718919449
-0.141934250158696 0.0372461041572814 0.0875939607680798 -0.0309973699147563
-0.0645580535010002 0.0955723385852316 -0.119297360493261 0.00083984859180416
-0.00783632697238059 0.117115817455726 -0.0826538247317287 0.263952228795924
0.0576783380598896 0.116361285790023 0.199788197907674 0.320959451683
0.0949610118840199 0.0930284189883556 0.340548098401736 0.177560467971727
0.0890708438584863 0.0999397261803999 0.33780153520903 0.0913971879600383
0.0687410493190753 0.116688437855072 0.30825010458892 0.103992233934323
0.0133530430789576 0.133523237797086 0.219098450079945 0.146009251796535
-0.0770421079078976 0.0821215779223741 0.090965808793525 0.144527404530303
-0.0778254872596096 -0.0218615912607361 0.0178891978303676 0.0816865821838258
-0.0118392336792571 -0.049264059823891 0.0353012510956361 0.130546174741739
-0.0382580966412375 -0.0708371750389916 0.0607970733680544 0.163012645680096
-0.0598264374115552 -0.121915351299437 0.0557993749948367 0.326625313308329
0.0509305042450781 -0.0580802645246351 -0.0577064062115436 -0.399779089641818
-0.0558461064758629 -0.0840080689686413 -0.148952020283261 -0.184040571294101
-0.111405256948728 0.0149435399379651 -0.0908770657076814 -0.0724308467091024
-0.00910753835031968 0.115198959508987 -0.0161327635687852 -0.00853208235757415
0.0688373295472084 0.0660538319470901 -0.019305844383062 -0.1185263324991
0.0785135793499772 -0.00434532803676589 -0.174995731829241 -0.180732250574275
0.0551815286932421 -0.05696692262848 -0.297625601247509 -0.145801311939092
0.043130409271146 -0.0654540203440163 -0.335125173502722 -0.12208199957394
0.045238315290015 -0.0522384142251491 -0.338632812916484 -0.182391870101011
0.0552202627453246 0.00528697717975795 -0.212132015322204 -0.28038211352018
0.0432728970241748 0.0499990362858208 0.011192322502001 -0.263178838652285
-0.0294760112515052 0.0672621299536 0.0850718135644387 -0.0265269999360765
-0.0835574193325019 -0.0423864891969489 -0.105352609731756 -0.0190526568272686
0.0277163103486387 -0.103922781432951 -0.22085297932836 -0.259233198122092
0.112580186301351 -0.0318323995960604 0.106983621084517 -0.641949885792286
0.07661568936173 -0.23572047045087 -0.101361604014451 -0.368451837832371
-0.117494109698613 -0.206930175481877 -0.155305770175786 -0.169274878446325
-0.211571284834563 -0.0255888935847875 -0.129406409366074 -0.0582856523340625
-0.082680860963116 0.182156948722532 -0.0253314135733257 0.029823803361439
0.0609213600756266 0.180438755144545 -0.00153650633196976 -0.078714496303274
0.147387757351045 0.102117496101943 -0.125468329436413 -0.161238521395995
0.17136997184485 0.00250478109460998 -0.248485379380651 -0.153400170921828
0.179417952486831 -0.0160080096119158 -0.288742374040035 -0.134420408880942
0.181547121666669 0.0125550706303206 -0.292515665458922 -0.179705513528358
0.166807518672565 0.146563059909839 -0.181253029249457 -0.255987714536924
0.046934599029822 0.236175076307576 0.0146884798439898 -0.231021987222572
-0.145686464336829 0.215910301235155 0.059458189764699 0.0081457778793999
-0.304368227537141 -0.0553870962694522 -0.139677163264474 -0.00917454636456282
-0.125331780400866 -0.302957366376042 -0.222430171162993 -0.262815699715626
0.10019524561722 -0.294600407370342 0.0990401863973424 -0.590247876955778
0.0890243157267572 -0.390749415718385 -0.153618508847232 -0.278732609491236
-0.182713378315095 -0.311962166778934 -0.145085008173022 -0.133357827432629
-0.306095568942698 -0.0579158340232428 -0.154641529227323 -0.0528481213267627
-0.155254663500916 0.243096486792424 -0.0458751388571804 0.0465382913178128
0.049017573377292 0.285535177904532 -0.00430135922812748 -0.0299385303030992
0.201627671896281 0.200542248290027 -0.0701396994419358 -0.111202364628459
0.265888791172057 0.0643137583443626 -0.16645870745358 -0.134963056157423
0.28748228241049 0.0355851617603286 -0.197423649781476 -0.12622368173062
0.28844558831982 0.0757229851945062 -0.199096032288986 -0.150905556164256
0.253070463367951 0.270047601318696 -0.11743480741854 -0.198862468616488
0.0429444947969884 0.39636130231063 0.0264069222613596 -0.170605712771059
-0.248994719474716 0.341242206456258 0.0403509196224255 0.0465190449938308
-0.493036080281118 -0.0647502690924212 -0.150315673241904 0.0215311729263397
-0.263634221701999 -0.465783856248024 -0.199327213896168 -0.216276608600394
0.0779383350582364 -0.512772845189998 0.0885053499664096 -0.463801157148886
0.0788232009827469 -0.505118334050979 -0.20110858439468 -0.131342679897665
-0.262427397771518 -0.385914112336527 -0.103887135465684 -0.0670068242491809
-0.400406044427063 -0.0627071391635456 -0.154783380945359 -0.0532721895880645
-0.212412787487519 0.30807186222222 -0.0752401289357263 0.0470565637142164
0.0419709798872024 0.374170625810458 -0.0224300577092241 0.0348139082808261
0.240397432032979 0.277101809690557 -0.00666580579941643 -0.0299437098795654
0.327613527238744 0.115116671197472 -0.0582012447797976 -0.0909065013921062
0.351665347011417 0.0807036304105888 -0.0756436861424049 -0.0985168412434555
0.348092711000986 0.1275818886635 -0.0746118570743964 -0.105648717434602
0.29877240847676 0.355155175774825 -0.0279006130719877 -0.117979682580121
0.0341021210809352 0.497610733502311 0.047057404325452 -0.0865554381590994
-0.314622700187319 0.416390924506354 0.0282870395228524 0.0869224452973907
-0.604269969979368 -0.0657757651564367 -0.130635186624717 0.0656032822650124
-0.353723540896033 -0.559626148006399 -0.148245293785309 -0.126076559419425
0.0531046530500352 -0.641694357137498 0.0768049632285948 -0.273642173595886
0.0473342917831714 -0.555976453008541 -0.230154753976301 0.0654080121156378
-0.332572701750695 -0.408661462662597 -0.0227448057128949 0.0298846514920318
-0.459076976028005 -0.0410721203191922 -0.12398642966156 -0.0541505254577517
-0.239596293300013 0.353396707822231 -0.107174910360945 0.0440293351121635
0.0410612015309312 0.416597937262427 -0.043484795302345 0.115443371620294
0.255172713090403 0.314120467781984 0.0657713001645204 0.0739205799271166
0.344686994880405 0.147067419919662 0.0656116731376829 -0.0277784958429333
0.362442727450913 0.113285116085106 0.057930597118535 -0.0553514300338322
0.34700311864796 0.159940830315816 0.0596521486234988 -0.0483790136868257
0.290584814546668 0.378628153006193 0.0713834734319575 -0.028233627490584
0.0150826762073737 0.505484084500399 0.0745558854289518 0.00690387941396124
-0.319074607744394 0.402424971844599 0.0243577176965711 0.122639797442159
-0.588781880429459 -0.0635376200058547 -0.0883230541383482 0.1122926059227
-0.363752343584117 -0.550123149083876 -0.0778804519206193 -0.01369840606083
0.0253928714514824 -0.649945467182177 0.0643491861089604 -0.061004866571069
0.00540192100353403 -0.522099028214487 -0.231659860307321 0.282949311757835
-0.349749920363775 -0.363686355093219 0.0830363282193315 0.140203892217083
-0.438142335040556 -0.00797981610089648 -0.0671412944024682 -0.0507113342281665
-0.219923661809931 0.333877832376166 -0.13003369696775 0.0405489095428076
0.0343541757967384 0.385682757504547 -0.057910745607042 0.19742316873462
0.228991076139557 0.297432609215308 0.137495053589165 0.179867576012641
0.310300004552206 0.153017879785826 0.187724469242939 0.0455645897568084
0.315535734641521 0.125625785739373 0.183199497548358 -0.00505654673728752
0.292087966002158 0.168147981961468 0.180613540661122 0.00933331623659906
0.226001478852198 0.339069453531851 0.156169092675396 0.0516504795562229
-0.0153333745123343 0.412681338138637 0.0967474526863663 0.0845019511390216
-0.266156138272312 0.291980116198821 0.0244466515814422 0.135286763364994
-0.440794201284191 -0.069326287234931 -0.0359591578962308 0.143548161965607
-0.285301060577321 -0.44061040819481 -0.0089629809178774 0.0852938589872493
-0.000977963271963603 -0.540708771792242 0.0556177404997358 0.129958042360023
-0.0356306423380575 -0.397504674882293 -0.208102565924487 0.481622509116187
-0.294820868793599 -0.251899356154324 0.185048383056866 0.242246507032955
-0.322147639032808 0.0169046391176438 0.00625069879614264 -0.0403853909059955
-0.15792182347611 0.238336442949521 -0.135005297728018 0.0305429371254347
0.0157785243477508 0.275965142866177 -0.0676301949756614 0.254895579843546
0.159411415414755 0.225172747409346 0.19129528990165 0.26653559173941
0.222592103122277 0.13312215018198 0.286684041619685 0.115869455134838
0.220425366368556 0.121748663462198 0.282018457875428 0.0447211177105653
0.19282383011243 0.153013257560935 0.26625581157937 0.0602770794358097
0.125058315165609 0.249044324614188 0.207916929045374 0.108565743819199
-0.05163330762371 0.256132448110866 0.101826430566692 0.129360597294792
-0.177103382137759 0.128993355740001 0.0211887106601447 0.118684472793398
-0.221882128217207 -0.0698135350207865 0.00944488663820866 0.147255596474079
-0.156170756711878 -0.26395273385709 0.0385146099407068 0.143779471899458
-0.0272249325870083 -0.346145839187185 0.0512168851769415 0.262674947472436
-0.0650024282721546 -0.205217008714801 -0.169760640040925 0.621256253509243
-0.178454795977858 -0.100833001765982 0.258341840952752 0.317782828427244
-0.141713793249863 0.0352004352197257 0.084897603868315 -0.0284792029562846
-0.0655869056784728 0.0956304903579703 -0.121380964084192 0.00597226907828872
-0.00780747494701968 0.118060934388921 -0.0773538515600856 0.271853184474883
0.0590326365321104 0.115654911524964 0.209249494316605 0.318229811560511
0.0964325011832376 0.0927191429000116 0.343748190318631 0.170993711911136
0.0921755243956665 0.100098877274844 0.339198052396829 0.0866862476696396
0.0712080647396441 0.117613281725507 0.308479305889082 0.0974506325347047
0.0163965112461134 0.134178023203184 0.219726803795653 0.139711861910862
-0.0773214408348764 0.0855721195366642 0.0897887304416325 0.141406190531531
-0.0818096547909875 -0.0220869242109748 0.0168929920570871 0.0790313018580822
-0.0130407511337403 -0.0542804791707633 0.0434450227910705 0.127203823805245
-0.0363290173691002 -0.0713815698598865 0.0649745020398436 0.161731125970388
-0.0560290938188202 -0.120186752817312 0.0541198506278903 0.328008526417113
0.047520444261958 -0.0606359422605304 -0.0650961480163656 -0.407422109496639
-0.0604402591561578 -0.0810832615035944 -0.156453720472479 -0.182722359635545
-0.112432702384891 0.0206389602651238 -0.0978214079404022 -0.0667156541356836
-0.00328439166180016 0.11654236035754 -0.0143802863339401 -0.0040564651333227
0.0731639364128744 0.0632024381450954 -0.0185984355682393 -0.11762333094165
0.0795376550580393 -0.00810103141388105 -0.180111863138652 -0.176306296308154
0.0520361846503511 -0.0605016694008716 -0.303738457406334 -0.138225601024013
0.0395237763604919 -0.0679208011238009 -0.342335688135303 -0.114842822050992
0.0416150388780426 -0.0553689778260774 -0.348848214366741 -0.173103281204051
0.0564517369472814 0.00273461122677636 -0.225632608584012 -0.278023407762927
0.0475418064240455 0.0481584144501242 0.00149372295882841 -0.2691449773243
-0.0250157354861956 0.0686685357374589 0.0890602406077266 -0.033194494767486
-0.0866430056693348 -0.0374238781157326 -0.103978210206633 -0.0171751125760026
0.0232859621041754 -0.105062195977425 -0.223841608674407 -0.253773884342493
0.11100917567993 -0.0378173671805461 0.0969572258197005 -0.651602852425918
0.0691874932753583 -0.24255628383133 -0.106165682748589 -0.372911865709814
-0.125702291631764 -0.204236161590175 -0.161954297366811 -0.16799317062598
-0.215380512303042 -0.0188248263267862 -0.1357740927687 -0.0496262618538306
-0.0763877824698113 0.184681080990499 -0.0216050088669401 0.0332076133550232
0.0684638254504404 0.179335753464545 0.000795370717965806 -0.0770066909858908
0.152248612907531 0.0963876535944893 -0.129130285576035 -0.157623962531486
0.170932735510766 -0.00346218928899482 -0.255297770429354 -0.146961302384949
0.177945445028343 -0.0229724569617069 -0.295858350400823 -0.129351404193193
0.180482532770188 0.00671442148311815 -0.302152283662188 -0.171714039070092
0.174029271790296 0.141936877478305 -0.192698028746791 -0.254970838294934
0.0563129471610889 0.236877356206995 0.00548253884322136 -0.235617913423037
-0.139725180727447 0.221214814975602 0.065210890666193 0.00290178594048034
-0.310497281982208 -0.0471870089827897 -0.137602677144037 -0.00611600368144644
-0.136882521127702 -0.303541384670499 -0.224273581381287 -0.256356442636447
0.0954373353464999 -0.306389365601294 0.0894998339835618 -0.600264274938861
0.0789172022213906 -0.399891821486535 -0.155391800077044 -0.281378215024061
-0.19522847939689 -0.310248233855082 -0.149824608234256 -0.132591490361385
-0.313605890394575 -0.0504765906447604 -0.159698256444922 -0.0424242100268657
-0.148105421645417 0.248399506082707 -0.0421824778312259 0.0501124097883878
0.0593233741410659 0.285970573250113 8.40564061854768E-05 -0.0260116693671894
0.210316921930955 0.193827897183601 -0.0716973304356385 -0.109348976107073
0.268782039122931 0.0560179460110714 -0.173543488899482 -0.130451272959083
0.289119930041326 0.0257516267951791 -0.204288636969067 -0.123799465259173
0.291135932584573 0.0680072157032894 -0.206760743061993 -0.147458849531391
0.264490381390269 0.265091180228685 -0.125545527540566 -0.199297768421011
0.0563385135726903 0.400736648562467 0.0186055551271518 -0.174729779636761
-0.242337365702117 0.350501277900708 0.0470458613147094 0.0431851731914734
-0.501998358121671 -0.0514958874271459 -0.144754999419889 0.0235487260739551
-0.279188741847469 -0.467089127969397 -0.200258634120279 -0.210813841459512
0.0703764497751602 -0.529526970805469 0.0810693762531629 -0.468594504542563
0.0680291840918868 -0.515930750412286 -0.199735384646097 -0.130026037214845
-0.275341987502064 -0.38455464091522 -0.106322844261525 -0.067074163144465
-0.41037870774096 -0.054538287979034 -0.159754063115409 -0.0421003789185351
-0.206330312525969 0.316527581779446 -0.0722209546151157 0.0519957702047397
0.0545101852798196 0.375911318229684 -0.0165511351747842 0.0405139650349389
0.251707476577012 0.270754601282569 -0.00414021900689216 -0.0302364044317551
0.332556291286914 0.106045799797851 -0.0629285233698473 -0.0887691035873517
0.355838011748049 0.0708041698305116 -0.0804366447087035 -0.0993869389912315
0.351986491045049 0.119627163016689 -0.079107177686739 -0.10507127797734
0.314956228389217 0.348789312578897 -0.0329133729888197 -0.119621552874071
0.0497174237419873 0.503333030233079 0.0414192830400247 -0.0892807794314002
-0.307926573522902 0.428357173641014 0.0364052030532933 0.0847339279276525
-0.615508838254469 -0.0517472815117652 -0.122841141786998 0.0667823934743704
-0.373748942542655 -0.561322731357984 -0.14552919343799 -0.120216069838197
0.0430369760445663 -0.661155573010029 0.0712253015352618 -0.275281526699461
0.0356512649126848 -0.567795415793874 -0.225948767334923 0.0712026233470113
-0.346920123323613 -0.405157740878232 -0.0226014327297531 0.0282345326520914
-0.470680857831416 -0.0328592482294452 -0.128744951724591 -0.0434037061747285
-0.233460699495727 0.361947373824347 -0.104674500995716 0.0499432287706377
0.0535516081523458 0.420069088862164 -0.0355366382023365 0.123221895632486
0.267070958252345 0.309276803416681 0.0731104447339075 0.0720178655581816
0.35273476458914 0.138278184194421 0.063874142240992 -0.0290447624494304
0.366774292956272 0.102013953284228 0.0552304187209223 -0.058997808514306
0.354641732076238 0.151718447672227 0.0576576172094344 -0.0512551258274682
0.306561123191787 0.37439126099007 0.070280636129421 -0.0317686512862432
0.0320872126765214 0.512177852653563 0.0715582107105055 0.00441664027019242
-0.31358988136928 0.41416612925244 0.0313964606768573 0.12047929435642
-0.598573907412534 -0.0514660187041689 -0.0777325485440923 0.112107280192691
-0.383579022448917 -0.550840391554308 -0.0722018396395619 -0.00926517528121112
0.0153773987235434 -0.66589634539067 0.0618627685673639 -0.0594514174656186
-0.00601654088545684 -0.531074075591944 -0.223576855124335 0.292991334787404
-0.361518894436316 -0.359754090181791 0.0869694374963705 0.137609316916459
-0.44847574053369 -0.00043783461004929 -0.070523905137667 -0.0418549598556186
-0.215695162794426 0.34293224290529 -0.129793392839305 0.0472569259141871
0.0455531384469674 0.389744187341825 -0.0482891965348083 0.207126873364079
0.240012625628249 0.293473604757131 0.149628433653535 0.177398530952015
0.317087175308275 0.145765480161483 0.189518379622503 0.0412783773622858
0.32206309841101 0.11786621115021 0.184040003453684 -0.0105054703364623
0.298614696834906 0.163201890748751 0.180830784711822 0.00393104249077434
0.241952306429455 0.336271543175926 0.158289743230521 0.0455894073655109
-0.00277666501043506 0.418874029148319 0.096422141280901 0.0820729893963452
-0.263237487023274 0.301823631009179 0.0296844632198614 0.13447577124016
-0.449654863267831 -0.0609912926444609 -0.0244604432572224 0.141581410300055
-0.298911840699881 -0.440253487202695 -0.00196181793496008 0.0880999776472111
-0.00842791366466452 -0.552609866783364 0.0568699526066139 0.133792917916904
-0.042850431071333 -0.403800714955482 -0.198994554629106 0.493692649691028
-0.301046190546791 -0.24995729361735 0.19184590596736 0.237949830639423
-0.327889101543607 0.0210937598791754 0.00371968626624484 -0.0345700345519563
-0.155342774311683 0.24469881276221 -0.13569361022803 0.0366773719177333
0.0222967026190687 0.280115201807417 -0.0580051943932095 0.265919251355199
0.167224423108951 0.222406592582729 0.206346331592117 0.2642837728297
0.229097367190932 0.129114231067731 0.292913280002101 0.108463258947031
0.226746040444789 0.116388884534442 0.285281477648447 0.0367850996704518
0.198813095285127 0.150442282559889 0.269620613762512 0.0516827466837758
0.134354498900453 0.247847458658819 0.211444469358595 0.101528959713434
-0.0453046058657383 0.261274905006268 0.103447762289433 0.126490446232944
-0.178865175604366 0.133715182807806 0.0250186948625301 0.117212684410092
-0.227588249924422 -0.0682426743263694 0.0212129549432664 0.144419982478995
-0.163047689656001 -0.265109965658624 0.0465157599661396 0.144765440676605
-0.0300588043110088 -0.352482637638031 0.0544321079632134 0.267677320908767
-0.0670234112248821 -0.2060429205857 -0.158162096734009 0.635665942323943
-0.180343406398116 -0.098306872446723 0.266041777194474 0.312612727380404
-0.143743906234817 0.0353584308075542 0.0823003317804946 -0.0276709767323971
-0.0660675724946485 0.0980085253429827 -0.124691155257246 0.0120466956631948
-0.00630107590459188 0.120960750633831 -0.0681963962008543 0.282336616428708
0.0617859109362456 0.115810174102969 0.226343486158516 0.315760954047326
0.100207512917783 0.0927832783759028 0.352788865306971 0.162430873324788
0.0976727844283913 0.0992559845869638 0.344251496565659 0.0784503368087264
0.0767571923294718 0.117560544492772 0.312163801761894 0.0885807295024094
0.0205278602704323 0.136262474290842 0.223380524252274 0.133544508315077
-0.07722642370493 0.0909207191101283 0.092260086187219 0.13747804690585
-0.0867480810767226 -0.0206629186423709 0.0179189636079011 0.0767839245780251
-0.0157323951162689 -0.0579983422316555 0.0531138426136277 0.123102585031764
-0.0360213946269188 -0.0720830962617757 0.071672933243685 0.160584274644454
-0.0547038940786167 -0.119848177947822 0.0578902035170015 0.331921104974244
0.042541043347794 -0.0633686076715907 -0.0789775303683689 -0.408051897942846
-0.0649284624761447 -0.0761144982665655 -0.166124228262003 -0.174660700508703
-0.110606644909644 0.0277301601884999 -0.104553417191073 -0.0581364746649477
0.00524573956443565 0.115296974483151 -0.0122732562411182 4.70736285267463E-05
0.07796153545032 0.0572589047042971 -0.0206597808316794 -0.11476655944268
0.0792766670426195 -0.0146334542687256 -0.186617866514095 -0.165732316012862
0.0471244915556343 -0.063841137056379 -0.308732786601982 -0.121955282317018
0.0337986737563444 -0.0701620991636567 -0.348200309885964 -0.100471422660489
0.0364173488708042 -0.0581648671986393 -0.357646978804036 -0.154685531067948
0.0577311103214806 -0.00130025319974691 -0.241479731233996 -0.268372768045457
0.0514161847051087 0.0439952135831004 -0.0139123878951903 -0.271745356985899
-0.0189839654376835 0.0691227537089677 0.0904113648147744 -0.0411794984295308
-0.0887615922904511 -0.0304618980939784 -0.101274891357079 -0.0126978826695399
0.0156934668167985 -0.105883123703956 -0.228356239128588 -0.241178585045549
0.107696096940995 -0.0463025540199027 0.0729890121855196 -0.657202105360465
0.0560937785975032 -0.247646203961798 -0.117720281679465 -0.372534898782053
-0.135935264713002 -0.196256249403687 -0.17028462769198 -0.159761197201968
-0.21648465355098 -0.00700924090104323 -0.140155883869255 -0.0372582050445259
-0.0651380111206665 0.187631520444585 -0.0168258389540658 0.0367536444152374
0.0791849737948433 0.173416875868014 0.00213845418450998 -0.0750838185556196
0.156778878912292 0.0858552539830198 -0.135181188800548 -0.151261294219058
0.168186121982583 -0.0133583160574206 -0.262017551103671 -0.132953408164033
0.174098214996151 -0.0322173279227709 -0.303627687120831 -0.116092382259095
0.178241006456036 -0.00206359343908961 -0.310601604394608 -0.156779692627376
0.181734662595226 0.13188579354235 -0.207101989854339 -0.245583948575784
0.0695445441532078 0.232868945561024 -0.00852305922071882 -0.237397129511742
-0.127534398893802 0.226745728834345 0.070243861699857 -0.00331756487178558
-0.314100134300748 -0.0313684699867731 -0.133521348189464 -0.000541365004090164
-0.152534184247624 -0.298796325337305 -0.228768181576604 -0.24358184088492
0.0804129481884214 -0.316613893026019 0.0673454793107256 -0.604157876795735
0.0591212957992013 -0.4069919890811 -0.162095104794534 -0.279091234072539
-0.209900504693497 -0.299746783105127 -0.156449313278077 -0.126072547481304
-0.317663789384014 -0.0343122070790013 -0.163491739946407 -0.0280272523553736
-0.134317933889145 0.25365708170456 -0.0365818305477035 0.0545383910303548
0.0748878049335474 0.281197344284564 0.00438431025755732 -0.0233084593593509
0.219484081483708 0.180877537323235 -0.0738617870425283 -0.105966435332261
0.269405842693837 0.0408931135173817 -0.179770931527697 -0.120286233998476
0.288402129748617 0.0109621027352384 -0.211777598631299 -0.115222356011482
0.291111481933923 0.0537237519629735 -0.214856731581426 -0.137112664372599
0.280231741380689 0.251377055181323 -0.13751117238616 -0.193863143954657
0.0779336581410659 0.397705504996287 0.00694968684244951 -0.17615869396392
-0.224443293000832 0.360582166797497 0.054214525427811 0.0376773873994299
-0.506279430937436 -0.0293312568030356 -0.137294014685584 0.0284906628015803
-0.302060746396652 -0.456422871060338 -0.201581910488661 -0.198265690730039
0.0483100793664121 -0.541603306016925 0.0611713378984943 -0.471113094651697
0.0426660610397444 -0.52455437324754 -0.200394194720482 -0.12414088959634
-0.294637183551882 -0.370864876116794 -0.109216032525566 -0.0633541615197514
-0.415064894802123 -0.0356713157895876 -0.162388877593814 -0.027558713517812
-0.191748052120492 0.324141622856951 -0.067272410873498 0.0569261357712811
0.0744268283044254 0.372554893927535 -0.00805005951879284 0.0453662361720159
0.265310637094104 0.256160735395319 -0.00202513358806199 -0.0302890407873058
0.33652736103245 0.088595166268915 -0.0681796048369364 -0.0849984915366683
0.357264018354221 0.0520426226685843 -0.0870098013266918 -0.096557279100561
0.355102442312626 0.102486484149287 -0.0855157427439823 -0.101460209548524
0.333117792577603 0.333985475573445 -0.0404962234131415 -0.1192063350174
0.0756031761270749 0.501510311804705 0.0334460885453111 -0.0916670147009311
-0.288018719166761 0.440957403484934 0.0446146417001461 0.0805019293010548
-0.618606272511641 -0.0228584943806107 -0.112500167987299 0.0693558470954865
-0.40058671057199 -0.545459378094493 -0.143076447831266 -0.111230523184474
0.0166506193219906 -0.671796216891149 0.0616149008273316 -0.274501386515161
0.0100873443284495 -0.573798438970768 -0.217462933651704 0.0790557681412172
-0.363703934687067 -0.392092089094358 -0.0218180117132019 0.0273247109175283
-0.476263166528427 -0.0125750641389867 -0.130895070036613 -0.0290231460759181
-0.217328673385858 0.372114807827843 -0.100705490213414 0.0569674095410839
0.0752339153605004 0.417894757876136 -0.0234545547708034 0.13046028490003
0.282781892722523 0.293305050433787 0.0810911796569787 0.0669176435313848
0.358309895293551 0.119403106283917 0.061458950215536 -0.0310709418023471
0.370009994817434 0.0829634916770824 0.0507771998517328 -0.062834565195603
0.359555698828618 0.136432578089329 0.0538478686718952 -0.0550696231379936
0.327614652409485 0.358255486315138 0.0668653644665288 -0.036604455097434
0.0581282421376872 0.511805445317402 0.0675655303743359 0.00149920102560625
-0.294990411616031 0.426455413887011 0.0407563629503941 0.116593695648091
-0.604260423881493 -0.0242319980857726 -0.0650161991042139 0.110842893660005
-0.408746990872013 -0.535577528020548 -0.0657424172142467 -0.0035322860961498
-0.0105508067168153 -0.677709186249716 0.0604064406497265 -0.0581897993954916
-0.0283542314074323 -0.534863110171121 -0.206960925177707 0.302106770095989
-0.376859492282237 -0.345400013352673 0.0923404538125405 0.13165693652732
-0.454026657140155 0.0171781518148559 -0.0729611108274947 -0.0309292016978098
-0.200390484510986 0.351640747433204 -0.126456701013427 0.0554514677476519
0.0650004835792996 0.388648279690625 -0.032357517955261 0.215448869596376
0.254206977301329 0.279456284952263 0.16357143491764 0.167863736815206
0.323931261841536 0.130010424938335 0.191109902327355 0.031548525362798
0.326992814299489 0.101042500044526 0.181722208833654 -0.0204694292008562
0.304991624846607 0.149620017449288 0.179561195827677 -0.00621579460604651
0.258129891037273 0.323821702792814 0.15909744243266 0.0360431361008622
0.0186423937453334 0.4212955380092 0.0969691641227459 0.0772820846021111
-0.250872547518854 0.312453528296541 0.037584099410556 0.131268555363113
-0.454464869002257 -0.0414002803583925 -0.00989424628325224 0.137241880154667
-0.319329079504006 -0.429065140374338 0.00719993132623864 0.0894148313226356
-0.0286986568201728 -0.559196222677536 0.0617314665938437 0.135451014193065
-0.0571417851485656 -0.404027076915252 -0.173907798692088 0.503457929988085
-0.310500120360782 -0.238005308640503 0.199172190435498 0.227938576145464
-0.330273350787366 0.0331154120986498 0.00158123002649582 -0.0288787041606566
-0.146561593828174 0.251235916519221 -0.135015834746531 0.0460758353126851
0.0349613255305935 0.280920434552492 -0.0406017260450368 0.274491820363064
0.177844495704282 0.213728477697396 0.224504074351939 0.252136964639471
0.235036305942807 0.119152621078884 0.297130874242433 0.0936561538079181
0.23263208336543 0.1054054389235 0.285982335962859 0.0228456058008716
0.206443630725429 0.14174940687524 0.269688335004311 0.0379095520421652
0.147918078455524 0.241533021106356 0.214199657895527 0.0892929746890241
-0.0329650112853949 0.265569549699776 0.106158717383331 0.120641600705841
-0.174845451386496 0.141047628671857 0.0308793764920372 0.113800641360193
-0.231894837571558 -0.0606387699955514 0.0339343706251889 0.137163143327509
-0.174292962496637 -0.258849279399122 0.0566330864928672 0.142145067237562
-0.0420185579984194 -0.354901683136855 0.0638333000370779 0.269115814536151
-0.0730678230212393 -0.203607209387399 -0.130550372036612 0.645831885035857
-0.182290292271002 -0.0911303087094886 0.277276526224928 0.299653980054111
-0.143165559559163 0.0390680857975881 0.0798575233006533 -0.0274389200029144
-0.0638378515776745 0.10029510601483 -0.125381349104291 0.0208842139852348
-0.00149215280405202 0.122944664309248 -0.0518662558693924 0.290613223283828
0.0661801076667 0.112738108832797 0.246289850881105 0.302808462468401
0.105537154842678 0.0891115477610325 0.360016831291343 0.144697414722571
0.103196944139652 0.0948328416130486 0.347495686323823 0.0621710783721761
0.0837899823414478 0.114760433615981 0.314164096327437 0.0727764629138004
0.0274450066070073 0.135395834478195 0.226614540513549 0.11972933289648
-0.0735279698949088 0.0967429801319137 0.0953983372028814 0.131105066016124
-0.0907184834291918 -0.0161564726574429 0.0194860166852411 0.0736889251369555
-0.0198977516743226 -0.0607936849631845 0.0645117557278104 0.115132385624898
-0.0367008212880725 -0.0711913069440841 0.081470923382897 0.156506935528153
-0.0550842226222403 -0.11774907338948 0.0689429550658839 0.331281452323671
0.0362838184900982 -0.0636346447669272 -0.0927279955866083 -0.396643328967596
-0.0678606648533852 -0.0683376927299789 -0.170277254180454 -0.16125336614606
-0.105306388671601 0.0344542451235729 -0.106633573558359 -0.0461667706774122
0.0135894356632846 0.11048648880785 -0.00877389472555751 0.00348809436352959
0.0795164211878973 0.0491725995018953 -0.0212299698660815 -0.109616686809519
0.0755794698009731 -0.0203130520086752 -0.18720872428838 -0.150505438701625
0.0407348799983517 -0.065403464567254 -0.303825990761448 -0.101586092788843
0.0280218003551951 -0.0694197780705317 -0.343300712568276 -0.0815095128260872
0.030512402163953 -0.0584196024109232 -0.355105176927546 -0.132938174654193
0.0562723207132926 -0.00557999749808017 -0.249367678229024 -0.248471912989536
0.053747984233026 0.037949192849919 -0.0296845987214594 -0.265027841221995
-0.0129038167473543 0.0670507704120994 0.0885935224204902 -0.0482030447624793
-0.0876387402596443 -0.0232312678726735 -0.0967982755944299 -0.00877079696692993
0.00815799660326592 -0.102747240257493 -0.226159486613438 -0.222904716313122
0.100429244908458 -0.0520241570567161 0.0432608477187544 -0.644193070258354
0.0411752046290071 -0.244465050454975 -0.127931801272137 -0.361067779507709
-0.141850110757979 -0.182386476367647 -0.1731284897924 -0.147301126138005
-0.210526320774099 0.00585578171717283 -0.139115930306131 -0.0246004150322721
-0.051561701132999 0.183426189037536 -0.0122971445614163 0.0383867261648815
0.0862986083473073 0.161769383218263 0.00332159687753163 -0.0714262336692064
0.155653813322276 0.0729554434901257 -0.135811465838487 -0.138955112878267
0.160691184164009 -0.0226156167694865 -0.260018585149903 -0.11531599575568
0.165508108702287 -0.0402302164484888 -0.300625758862117 -0.0993564678228081
0.169499412471715 -0.0101715193573589 -0.310098807071382 -0.136365452422593
0.183839493463998 0.118061990667344 -0.214903173538532 -0.229224459626615
0.0811689698927599 0.220867285545729 -0.0227185492210173 -0.231174031768226
-0.111570629763816 0.224477901738321 0.0713668523621118 -0.0106024807222294
-0.306373583514005 -0.0138068595775562 -0.125264757183077 0.00394807215809006
-0.164134530526671 -0.283390463732243 -0.225577861576166 -0.224271703207502
0.0621574376986326 -0.31655833680004 0.0410704567834592 -0.590516800310538
0.0367889908395776 -0.400119952974345 -0.165043289417997 -0.268384677293232
-0.218436376429612 -0.280669160301552 -0.157395747866569 -0.115675253414158
-0.311079301873962 -0.016848933879516 -0.15995398339074 -0.0134898879905989
-0.116809592265266 0.251164447866216 -0.0309381476193208 0.0562809881160328
0.0879979900748731 0.266990523933224 0.00860243133912694 -0.0211863446528146
0.221533531592996 0.162082534649074 -0.0740185727718762 -0.10015748563819
0.261208665620198 0.0259286443803181 -0.18063692805248 -0.10673714138777
0.278393178640456 -0.00363403596265007 -0.212501012039535 -0.103105525441036
0.282605871662931 0.0394725250137744 -0.215413092749419 -0.122628057585519
0.285352621944313 0.229467567117057 -0.144388109365081 -0.182079319862209
0.0974781046515296 0.380252114310326 -0.00474933465969958 -0.171498263504374
-0.199581296865397 0.357949843636717 0.0581559450903561 0.0299528414185568
-0.493707230708878 -0.00365432461281098 -0.126944210014726 0.0308625772372173
-0.318185929828346 -0.431232538616737 -0.19640749714211 -0.181564849440368
0.0213412426969687 -0.535446295776759 0.0429944764460656 -0.460126103856894
0.0167895999057479 -0.514274800586221 -0.195005150349295 -0.11626056132673
-0.303122021025198 -0.3479351592024 -0.109578431346314 -0.0581459732973176
-0.408869383744051 -0.0150781881924983 -0.158443937736704 -0.0112775174667304
-0.169478709325436 0.323209516438164 -0.0610892866909086 0.0599532137560862
0.0914310359995125 0.356370754058275 0.000533677123606009 0.0470197282319287
0.269719295519466 0.234034193555624 0.000395191592263015 -0.0311314289141106
0.329234276606663 0.0684566791432532 -0.0703571868519209 -0.0784348830398281
0.347910294585006 0.0317814859354237 -0.0915532801055013 -0.0904268858476656
0.346793626683523 0.0839034986128138 -0.0889661011169638 -0.0943894512708801
0.340541895089923 0.306235695928549 -0.046639888175852 -0.1139940434976
0.10055986638089 0.48308751856991 0.0245894497530839 -0.0898839667585463
-0.259833438504206 0.439686157763039 0.0515776298268487 0.0721495283801335
-0.60512281862728 0.00758345242631743 -0.100189860216293 0.0683959375946836
-0.417198347425191 -0.51458243984446 -0.135935233324398 -0.0998256063211503
-0.0149986312367293 -0.662075147218944 0.0486598864432349 -0.269369417983829
-0.0164776642431909 -0.561270966353018 -0.20293476656513 0.0836649844863734
-0.371918412241152 -0.364953742929422 -0.0198075770476894 0.0261128050054545
-0.467151845721486 0.0106018996796859 -0.12722629989246 -0.0156871627434371
-0.19381468894166 0.370186573552054 -0.0945714023132108 0.0615899616963639
0.0943271203398217 0.402269745400023 -0.0101207703082022 0.131712140708982
0.288556107871838 0.26948166608424 0.0862377829547498 0.0591774907351889
0.352953681432793 0.0984441689107797 0.0570895459563341 -0.0331985329957916
0.362915019723953 0.0611221045054812 0.0441512625911238 -0.0636306313411686
0.353689800425995 0.11629784554301 0.0482386946189007 -0.0561818109083656
0.336903932519065 0.330266262970117 0.0614145834311436 -0.0397972250113307
0.0833638228402563 0.494376823074369 0.0624362704479538 -0.00116737906524012
-0.267414697962112 0.427755368486266 0.0474665155344145 0.10795867707219
-0.589432593371711 0.00287238265777004 -0.0512322369999222 0.105126714862689
-0.422471897721055 -0.503346101331186 -0.0577958891442417 0.00065797425547828
-0.0396647019632792 -0.665704671520516 0.0577336720728107 -0.0564750444055714
-0.0493158202880051 -0.521999161591322 -0.184294031412546 0.302144547803821
-0.38116166491143 -0.32010944914194 0.094481805921964 0.121965052025226
-0.442419806984996 0.0370864745815949 -0.070792307079114 -0.0204712370124511
-0.181160503829394 0.352546610920166 -0.119916984894134 0.0625410437781737
0.0816224260644064 0.37469038068214 -0.01566640513276 0.215408193285364
0.258871879650209 0.258229809373982 0.171794186635106 0.152913612962362
0.320117624884859 0.110853801213066 0.185633142750714 0.021290373475455
0.321884522818791 0.0816011892741573 0.173714740860859 -0.02909861086986
0.302927060757063 0.131397667522976 0.171882308607263 -0.0156733408405599
0.26796787062072 0.299881848168097 0.153705294064348 0.0260686634539711
0.0393307630147275 0.407046710288128 0.094036673745203 0.0710431578500541
-0.230314282039344 0.313840158469492 0.0442534356908424 0.122308752504758
-0.444333747384878 -0.0209083361857954 0.0031128944445628 0.127666247319709
-0.329673175091573 -0.405324848039909 0.0163700945107303 0.0872562585391129
-0.0521425471506372 -0.548854537316289 0.066320433050146 0.1326350568503
-0.0722324536973473 -0.392493283052267 -0.145272068242567 0.498199035645431
-0.310963621918155 -0.218438600372462 0.202143743825414 0.211469562655222
-0.32190824941218 0.0452335689431047 0.000822514901986511 -0.0236593690787266
-0.132744539236717 0.249836515738654 -0.129668246060624 0.0543761706801415
0.0465831007256421 0.272097840643965 -0.0217298689255876 0.273176852787924
0.181900971281105 0.199146708035741 0.234619222788352 0.231711439187538
0.234519175685781 0.104353167353568 0.292110720397662 0.0759828968903222
0.231575399013109 0.090913033483011 0.277946546612057 0.00919610945262814
0.207584943525974 0.12843241547433 0.261324615614797 0.0230845447446568
0.155507899804667 0.227362603296771 0.209311995882737 0.0745044740347059
-0.0185091379026453 0.260615434094933 0.105397620854204 0.110805960135167
-0.165270188512577 0.145308523142182 0.0348847384036779 0.106882136341992
-0.229472191675971 -0.049932891559449 0.0451865956788581 0.12577309164642
-0.179364465604948 -0.245390299571803 0.0650538544349139 0.135614430599427
-0.0526933943892566 -0.345819311611857 0.0727482987996115 0.261687778163357
-0.0767159974326085 -0.195161585825181 -0.0989028673580493 0.635882136960607
-0.178168266014999 -0.0821950833378355 0.280218974452907 0.277014520239014
-0.138903194315473 0.0419941349493341 0.0760008903390119 -0.0272229774351887
-0.0598213816612344 0.100451869608961 -0.122557910879228 0.0290739320177689
0.00316376544131282 0.120798111010774 -0.0334268996212083 0.289262015614615
0.0688647132627584 0.107061532836019 0.257960577872161 0.279983742974056
0.107220704470467 0.0820687536218065 0.355676206324525 0.121182803541564
0.106465783901478 0.0865300905215577 0.339390060918728 0.0438323530887623
0.0882634975782918 0.108068782854592 0.305789713633435 0.0554058000469194
0.0337076830051143 0.130434380462609 0.222998654313864 0.104617195108644
-0.0673709626824741 0.099100621484095 0.0960171724186138 0.121714743737152
-0.0916852697350089 -0.0109270567492016 0.0214231458307218 0.0691298010575936
-0.023306934680162 -0.0608842472575537 0.0725384506800167 0.103101763622696
-0.0368692797008196 -0.0691160111668579 0.087289568170141 0.147840190658921
-0.0548314694743926 -0.112588146403805 0.0792042810448267 0.321955576823856
0.0225755374904244 -0.0684609529328144 -0.132876816640415 -0.363500704855369
-0.073157056659107 -0.0556143293721306 -0.178090230164665 -0.129928683494942
-0.0950679872144371 0.0463254311954926 -0.103527697083417 -0.0273778397672665
0.0258388679301321 0.100801995086355 -0.00322172060652614 0.00273459395371432
0.0807900684662585 0.0358891787766545 -0.031322224511522 -0.104816375158266
0.0676889052660428 -0.0285137264970133 -0.194848527144952 -0.122466527254348
0.0276128882078375 -0.0650143540049309 -0.302294449712685 -0.0636586107349857
0.0163032432274262 -0.0680261294573457 -0.332243864849877 -0.0371578203789199
0.0202844286682133 -0.0564888469462682 -0.351143439176097 -0.0852535282376421
0.0529764793739112 -0.0111197851877547 -0.267228181735744 -0.205064635328453
0.0550182520624688 0.0296236264747652 -0.057978221397521 -0.249953698658089
-0.00381306659528319 0.0625913022469419 0.0816311128404839 -0.0585694875233019
-0.0840338647707229 -0.00705610556577212 -0.0934776747450476 0.00266263554864927
-0.00751073342784724 -0.0899592218862766 -0.235735378229695 -0.188479657966878
0.0754679756940302 -0.0629223527741845 -0.0283233665035018 -0.620530640776089
0.00460327998880309 -0.245145289508464 -0.15912039955159 -0.31104821324801
-0.155440303712678 -0.15622548045485 -0.175838625303345 -0.113778570492584
-0.198439369530253 0.0311562167997085 -0.125920125661802 -0.00116028686624719
-0.028773119965845 0.175686467608291 0.00094504796761812 0.0349272168945253
0.0994306345170623 0.140673391374199 -0.000451601304987869 -0.0759731179890106
0.153106596958668 0.0506019310968659 -0.143978932584772 -0.123525214570491
0.144412094571031 -0.0376980025603892 -0.26089236640871 -0.0853252616750381
0.148504085133007 -0.0560979849751779 -0.295900231555267 -0.0607597272753187
0.156933813552475 -0.0270155785733266 -0.306123162520216 -0.0963470042902794
0.186294158286287 0.0891148911381919 -0.227397718704888 -0.191884098649728
0.101624686983673 0.19810063472419 -0.0426881266616643 -0.217363295486813
-0.079750016602436 0.21904059503057 0.0738635687123623 -0.0167804745321215
-0.287669459675974 0.0274342580005082 -0.122175818357293 0.0238278514320839
-0.186789629749845 -0.239387481863335 -0.245452918935043 -0.191959284177397
0.00880874070775113 -0.304128069243003 -0.0224040087746364 -0.577385631171021
-0.020181903097226 -0.39664489583984 -0.181140143636528 -0.204692901826021
-0.237374280686154 -0.242509964774284 -0.154563251227852 -0.0836142990899315
-0.297177970425021 0.0211608899402055 -0.139288270681487 0.0143411936925726
-0.0838409872007837 0.246391607068421 -0.0112394079408834 0.0527458553029212
0.11161546844897 0.240147201872126 0.0133719332940719 -0.0320947561432413
0.224057770376232 0.127313857117797 -0.0792963636880702 -0.0975500836158626
0.244186199902288 -0.00348852119790832 -0.182548796452869 -0.089095683671454
0.259654010155344 -0.0352416767743806 -0.212466065576948 -0.0745065674333654
0.268809677227242 0.00672869287359368 -0.213767893038145 -0.0952052985889516
0.292635343374329 0.180469322539314 -0.151443153024344 -0.155440867279982
0.135160835065313 0.345840011833303 -0.0150145014585827 -0.162095985464183
-0.149156184825219 0.35399341980285 0.0689637307766642 0.0276206069923005
-0.461235137975297 0.0597892490453371 -0.123583596747687 0.0535139388161652
-0.345584638299094 -0.360581123766342 -0.223550456838187 -0.156532850902218
-0.0545361448960902 -0.503027466955718 -0.00591552166065919 -0.459995271302734
-0.0506795593682252 -0.505387521298804 -0.188287393357277 -0.047428193330799
-0.322716193359574 -0.297883381460138 -0.100169444463502 -0.0330631801662788
-0.389020814889359 0.033201314012975 -0.131806853769188 0.0160809851504499
-0.127998503792855 0.319758930368369 -0.036989342146748 0.0598306908237416
0.124518123717512 0.324310539212484 0.0168233951095994 0.0314524274623659
0.278841844050198 0.190769540189304 0.000513376302905951 -0.0447726775604071
0.31374455211179 0.0294394055396964 -0.0732696163983959 -0.0766854121049063
0.329659177382839 -0.00979690177197474 -0.0970847245755543 -0.077111908781902
0.335163569742363 0.0405828935734402 -0.0899041840803879 -0.082980420797838
0.354275271153203 0.246504060343037 -0.0482412631263094 -0.103765589571831
0.152203493540147 0.441294492438434 0.0243371190637403 -0.0870241279793568
-0.194598863554307 0.436130692823427 0.067294497936202 0.07119232012284
-0.563624438857495 0.0815642983670679 -0.0957040046621008 0.0877086112552749
-0.444113583212851 -0.429416097915432 -0.163751994905982 -0.0873301291611295
-0.100728807738031 -0.615661125985207 0.0199799253218811 -0.280752173992905
-0.0861719313923062 -0.546596576723095 -0.170477111013257 0.147498907221847
-0.389377359352807 -0.309069054488733 -0.00376061882014245 0.0368579772721367
-0.444173834731965 0.0619592036367833 -0.0996276818427313 0.00843045479114079
-0.14799675056889 0.368513554905208 -0.0671032230230307 0.0651329415328796
0.130761196830531 0.367942818193751 0.0188542844005739 0.112101364181434
0.301101830240374 0.222810847073033 0.0933865747429858 0.0284310144820149
0.338818018103922 0.054951211216574 0.0550433462394256 -0.0479648311118612
0.347778550716411 0.015934780212417 0.033872784492571 -0.0671003770142429
0.345402942698635 0.070218629642835 0.0441353750456981 -0.0615815829451245
0.351995321851775 0.267810529530756 0.062849174277721 -0.0459412083238544
0.136518560846124 0.452158644940042 0.069696809771553 -0.00594719287107387
-0.204159999204338 0.424892190351329 0.0671591870222476 0.106239691537505
-0.55074679821511 0.07565710975354 -0.044729873985848 0.116055205829759
-0.448262001689354 -0.419233372870892 -0.0775961059402886 -0.00172107729569828
-0.120211402312801 -0.614593999493191 0.0511164002983518 -0.0780876669984543
-0.112756780446083 -0.501302228450906 -0.125896505324219 0.350307475466768
-0.392449366604426 -0.26640112728183 0.115223932066748 0.113106041345388
-0.418841978743922 0.0827059090039893 -0.0475540624460357 -0.00447595860294718
-0.137126736592498 0.347314757827543 -0.093458259761131 0.0703353782861422
0.116015025221148 0.345207326058316 0.023698311441814 0.194622236390275
0.272455094613199 0.215890573304472 0.185697909396199 0.108642631029343
0.312521120501748 0.0700667708759194 0.185003866177105 -0.0100496301604224
0.311791903775734 0.0400330107180924 0.161221405824831 -0.0484899528508371
0.300147297850671 0.0899611648816385 0.164993483238319 -0.0360976063642171
0.284061311977461 0.247476034086492 0.155766534348187 0.00609292246443282
0.0862439468851242 0.377414637180378 0.104915296629087 0.0592293278951045
-0.182443108574301 0.315743192214043 0.0620242387450937 0.118819551987823
-0.418677305533312 0.033593362498311 0.0112077998106462 0.126505545477125
-0.348955316058067 -0.340111387027193 0.00742679213342364 0.0719365708852834
-0.112686009789933 -0.505226044227914 0.0789654778914819 0.105034372646679
-0.114285226344977 -0.372140710272277 -0.0695766220473237 0.521700825025296
-0.313327370067534 -0.177760535482024 0.223918832569014 0.181838214242635
-0.302531884600882 0.0764420924103241 0.0143067299762099 -0.0186427560964803
-0.102660477204091 0.248997271584706 -0.107672369862012 0.0658982960158394
0.0717808250480487 0.251841235566213 0.0225419832649305 0.254302096012446
0.192715884348326 0.169210571602457 0.254375478961242 0.179879303502814
0.232486715428755 0.0730917658521286 0.292602785558935 0.0319602623524888
0.228889939510168 0.0589668037967733 0.262701415509855 -0.0247178407176398
0.210537070142532 0.096560602507896 0.251816727568043 -0.00925849965457889
0.170640288781368 0.192060859980488 0.210027100525455 0.0460426055301625
0.0140763215791037 0.245754853166725 0.115710289778527 0.0957113211415246
-0.139100178539405 0.152447243419481 0.0461085667648646 0.10178365768566
-0.221541395808866 -0.021024423938932 0.0544984126012573 0.112874806781835
-0.191667496253132 -0.210331876198754 0.06645272944471 0.11421810302073
-0.0860372448603791 -0.317419621223293 0.0981233341207253 0.233932730931749
-0.0933085105248066 -0.177109802448457 -0.0117270052225346 0.631697939750618
-0.173071986004356 -0.0614997285385974 0.298948015799207 0.231957195335833
-0.128649442358156 0.0526030520571596 0.0755318591681877 -0.0332386560797259
-0.0483276128411125 0.100655174085336 -0.10991564871393 0.0443677716887952
0.0140555088331143 0.114855290045567 0.0105289185930209 0.277642927955126
0.0767691431181698 0.0949377484276057 0.281586066513686 0.230154380168036
0.112111936507623 0.0661157407632196 0.358057703494596 0.0719009578808585
0.110924674480773 0.0695494651027895 0.325512084720025 0.00215686608517452
0.0963778361286309 0.0899613511869126 0.295140115736966 0.0183014083986958
0.0459507166211947 0.116839370773309 0.223338479893609 0.0728291014836312
-0.052064729248923 0.100901000246192 0.102987592220125 0.105511694893181
-0.0886229216019822 0.000159270734419539 0.0250988624096693 0.0643080050352626
-0.0307465273034937 -0.0573058810861576 0.0805826728973307 0.0833937412709805
-0.0390972452653715 -0.0637870663829131 0.0976936476880739 0.12617168679215
-0.0570078435738626 -0.0995153973173285 0.109151383027373 0.296630393374805
0.0204960652276469 -0.0648383190454445 -0.119510409776946 -0.353358537391345
-0.06939778019893 -0.0512295364440757 -0.168089544888305 -0.126902809282369
-0.0902964703113255 0.0447706275490682 -0.0990276378216383 -0.0231739500792945
0.0253030212863832 0.0954194948234807 -0.000569861611979554 0.00377698308371657
0.0767632481360153 0.033044222031523 -0.0248650790646399 -0.101168970641
0.0637350323097568 -0.0280136594197182 -0.181483839442622 -0.119067981259617
0.0255447887198219 -0.0623765118519309 -0.28594062758506 -0.0646708970867266
0.0155301215404702 -0.0642651831169389 -0.31769079051815 -0.041098871247685
0.0185029827480387 -0.0524145737118551 -0.333869247905557 -0.0857995540559491
0.0513547758417046 -0.011361739453034 -0.253823419461681 -0.198097807374946
0.0529395504972914 0.0270284092999954 -0.0542730148628408 -0.240517268176308
-0.00345350892972597 0.0585252221473118 0.0796766524371119 -0.0584869281493896
-0.0789143208090475 -0.00611278027705548 -0.0873317758449866 -0.000105516708966604
-0.00771954696642268 -0.0846527570172294 -0.216018057400261 -0.18342315487291
0.0699997227799511 -0.0597229417858277 -0.0153561640291544 -0.594427381393966
0.00565199087695865 -0.23493404414732 -0.144439993971989 -0.303871468726762
-0.146270840683696 -0.149346648689778 -0.165195361683577 -0.111586830970623
-0.18883853991728 0.02879158682898 -0.120267998112506 0.00218659443067454
-0.0277383232918334 0.165606210321032 0.00269151089276866 0.0344864322144131
0.0930248760719578 0.134002690795798 0.00501045190253076 -0.073259502408088
0.144133004532587 0.0480352244835919 -0.13318789070328 -0.119780363911643
0.136637504080159 -0.0343368536265357 -0.246451120796557 -0.0834544209105777
0.141541090973662 -0.0516024212103088 -0.28252072912549 -0.0616411843023823
0.148194736941561 -0.022471250506336 -0.291182534179101 -0.0955110009604634
0.176847453242338 0.0864105095895004 -0.215776782228684 -0.185215537278552
0.0955367275129413 0.188504792854987 -0.0406856186216466 -0.208956817061623
-0.0787543807505597 0.206288593165277 0.0730351009287996 -0.0186178627253971
-0.274401709541204 0.0231698524164544 -0.114145157770695 0.0179484038611369
-0.176266775679581 -0.231155182463971 -0.224843709034768 -0.186587065846748
0.0104183937153639 -0.292873135903437 -0.00845193529045563 -0.55361208929571
-0.0145978867709947 -0.381368135795526 -0.166904772322462 -0.203588982900751
-0.222740762163557 -0.234117154824212 -0.145832328682808 -0.0835927440153792
-0.283579971926004 0.0180918035659264 -0.132533672454232 0.0162769378893661
-0.0815649679632394 0.232334814684541 -0.0100551061212964 0.0512540114269773
0.103438564504343 0.228950083704393 0.0190032246508777 -0.0303832757613806
0.211884015832585 0.122976068654385 -0.0719995876525929 -0.0958765650650238
0.2314922986205 -0.000733400603569593 -0.172694954810138 -0.0871403785242563
0.246080101858008 -0.0309313774087183 -0.203676897248112 -0.0736352919965136
0.254299174880354 0.0117862109547749 -0.202795966582963 -0.093706754686281
0.276984932907202 0.17533787941751 -0.143719631115668 -0.150394895931568
0.126555070766958 0.330593017082715 -0.0149538152962681 -0.15449298440403
-0.147993657014409 0.333853270563346 0.0677061749558804 0.0228080017715363
-0.441584356052954 0.0500551718565795 -0.115333689653397 0.0457362651880646
-0.324192797504707 -0.351954190584578 -0.203849364390152 -0.1528096905624
-0.0458995292168182 -0.485750614799687 0.0036992639010549 -0.438333804208816
-0.0431919026780505 -0.485260774849834 -0.176409813911883 -0.0526374759365077
-0.30605627799616 -0.290094900816912 -0.0945420090562979 -0.0346283972561764
-0.372710770466052 0.028513421323407 -0.124684716221196 0.0183725711794935
-0.124864229030232 0.301765932998559 -0.0344858963685708 0.0588634484701879
0.114659319106197 0.311094785795371 0.0218937907196569 0.0307663310813409
0.26213068702927 0.183945160731817 0.0035572100790364 -0.0455823342862797
0.297032010679739 0.0318932291441427 -0.0694769439023369 -0.073245450756127
0.312561537797919 -0.00575040291135592 -0.0932947725158108 -0.0741339094558338
0.31840305350069 0.0451553809768805 -0.0857294439440351 -0.0802527027457396
0.335137587599849 0.238338461455516 -0.0465726934177285 -0.0997859480742888
0.141328686742276 0.421789862166551 0.0218078681170919 -0.0807187890372974
-0.192744419828536 0.411167747470507 0.065330944215306 0.0644771430008259
-0.54022146704665 0.0691024716567745 -0.0890777732623841 0.0773150023477378
-0.420397825786555 -0.418129568695517 -0.148100019053283 -0.0861912563551522
-0.0873077558663662 -0.594656374381744 0.0256413816215564 -0.267927494951016
-0.0752772589692193 -0.525887905303703 -0.162789185462694 0.134305757842818
-0.367087460405326 -0.301944228675111 -0.00509059089700675 0.0335184152251676
-0.426289592242485 0.0540854386510888 -0.0932869388286024 0.0111387981791137
-0.145859843763581 0.34866565437766 -0.0640765174678359 0.0635913334072568
0.120897800374516 0.352892737704368 0.0233989415472343 0.108688399748815
0.283633519034562 0.21629164580876 0.0913583663275343 0.0252736925905056
0.322462004875672 0.0566707125900765 0.0518861013901515 -0.0449105050361794
0.329952774857949 0.0197432838247992 0.0314685715007274 -0.0633770931823978
0.328530451859502 0.0724354640931143 0.0420285682578843 -0.058471739900056
0.33409422170247 0.260020706527162 0.0580097015082218 -0.0432673137946209
0.126264169546582 0.433933770964346 0.063867229574158 -0.00281993359528567
-0.201633270217756 0.401793656815704 0.063724458428788 0.0986453702310096
-0.526602786027994 0.0630931787114972 -0.0410404018057639 0.104020873358651
-0.423468156028107 -0.410527174418205 -0.0681036325868407 -0.004079557050593
-0.106246683336197 -0.595545493564957 0.051358952922566 -0.0727935406873226
-0.0980435821962766 -0.483854870785238 -0.124643246095855 0.330407137993574
-0.371305455882873 -0.262580013501816 0.107122994800955 0.10844186888107
-0.402983743790913 0.0727537340065849 -0.0428948575804634 -0.00120759686985448
-0.136801786159936 0.331036629123821 -0.0895652431297585 0.0684663164968876
0.105913812610361 0.332061407975856 0.0264873197169314 0.187882917197019
0.256596415279467 0.210525163515274 0.178602353616489 0.103419527968018
0.296392178418663 0.0700100253096437 0.174882464666598 -0.00700820304236033
0.296630593826978 0.0415452082608621 0.152732947024099 -0.043581334558354
0.285039232984891 0.0906861565890726 0.156626514193375 -0.0324285395280269
0.269102570820413 0.239900581601515 0.146263731076347 0.00714263440523028
0.0791933842996614 0.360321888422897 0.0965874646316529 0.0589429070131375
-0.178990144029521 0.297250472975958 0.0578119081842724 0.110942279830563
-0.402160494282762 0.0247791134583954 0.0123994685074759 0.114178304291952
-0.329329705758703 -0.331693587578292 0.0105916930379572 0.0678769837189604
-0.0981871424933443 -0.488060005241071 0.0743066620554856 0.103475431196858
-0.101347588682358 -0.359600189793521 -0.0731016842698368 0.498838722935019
-0.295112327236378 -0.177466048412272 0.20916646215126 0.175992102474227
-0.291777668375547 0.0673327278493405 0.0150347174620143 -0.0142624309649622
-0.103044833687209 0.236366186496843 -0.104548225415076 0.0638450473956729
0.0642364260482032 0.242805333991381 0.0237172415266224 0.245932952041068
0.180136589707469 0.164893867505371 0.242968089545123 0.172746693272438
0.221059868245722 0.0739097546236532 0.276860644348977 0.0343811137774139
0.217317924477725 0.0588923516893087 0.250514824154926 -0.019117809803404
0.200526520915019 0.0950242075641795 0.238674973514794 -0.00478659167829287
0.160588550773537 0.185212626767423 0.197938153490032 0.0456462915518338
0.0113802202653418 0.235121448844684 0.106504285434581 0.0931044961520457
-0.137078884281368 0.143121334769776 0.0419114984381162 0.0956843452448623
-0.212651829211366 -0.0255270177789398 0.0529409422028109 0.102302974632747
-0.179456113480672 -0.205571061602603 0.0644500406082988 0.108474153647412
-0.0746834171782485 -0.306899136217185 0.0894651650209408 0.227465096674799
-0.0832754780115669 -0.172172616529846 -0.0217584041340584 0.606649492268879
-0.162592767059393 -0.0636148078778087 0.278455464719418 0.225604340345507
-0.124620339838282 0.04661027797915 0.0727679705813612 -0.0284601792287535
-0.0495617381147965 0.0959590330667555 -0.106362965480332 0.0439943586678033
0.0113154994103542 0.111117835868674 0.00960575922868616 0.268279188350008
0.0710095724525861 0.0926681146006674 0.26791157806674 0.220353569728944
0.106609777376337 0.0652983220329058 0.339450625335439 0.0723797711687028
0.10590052092803 0.0675799158908432 0.311069272413967 0.00639855827944723
0.0924632060586636 0.0876813147381547 0.279313019340542 0.0216909238898674
0.0423049825946358 0.113175850362133 0.20901336872347 0.0708757245048714
-0.0510808329663734 0.0972233727310573 0.0941903684140453 0.101918321704148
-0.0864569609125487 -0.00066524485935209 0.0208336137193285 0.060318980466828
-0.0298964629807757 -0.0574331852692125 0.0774795639511576 0.0753344935292311
-0.0354419347740335 -0.0631734314189037 0.0924313606720301 0.120161788459908
-0.0492479449105854 -0.0974307935131461 0.0976698869041248 0.287603118286982
0.0207692043850344 -0.0623561888526489 -0.10217257618564 -0.356788617323322
-0.066051543993712 -0.0509423512107885 -0.160182287971187 -0.1313588218056
-0.088670549932022 0.0418749017427165 -0.0973161480964082 -0.0229253574751061
0.0225632932242307 0.0924754390244523 0.00132487113428542 0.00468225658171178
0.074735858680768 0.0340978073759518 -0.0174523744371803 -0.100935195410352
0.0629786202198649 -0.0269995159585173 -0.171888863913377 -0.123889870327894
0.0262436076299092 -0.0603463782330113 -0.275627846468559 -0.0748460835046951
0.0159529252666441 -0.0626442378252102 -0.311346770143223 -0.0530389561742576
0.0190963611354008 -0.0500420856740733 -0.325329160972919 -0.0971746028698157
0.0508656171304261 -0.010569645683991 -0.24422953717379 -0.204285110906957
0.0515247060754826 0.0269394472208623 -0.0466320600656696 -0.23914899380118
-0.00436842955579935 0.0563494779723717 0.0815792165947828 -0.0588151655851749
-0.0766925820853179 -0.00769820588903421 -0.0841705345057333 -0.00482678698320958
-0.00560042311934233 -0.0821427981949511 -0.198255536101732 -0.189865017875271
0.0681722931856392 -0.0564605086453051 0.0123531799913676 -0.585250986934435
0.0130244504008167 -0.230321935400725 -0.127577801879426 -0.309911586923335
-0.137673390213314 -0.150379748008617 -0.157256720868983 -0.117531125274855
-0.185197547057406 0.0224095371282527 -0.118222121120157 0.00167432326782169
-0.0320047317049123 0.159821963666088 0.00327789590092501 0.0355536905312096
0.0864863669214716 0.133606647285697 0.0116459938731513 -0.0721675672045809
0.139427145356071 0.051619066344469 -0.12395926222947 -0.124397638699545
0.133695754832471 -0.0285316182706788 -0.237064098125871 -0.0912074165091695
0.139510244508753 -0.0453113607748704 -0.276640579623774 -0.0720914075440834
0.145436267580763 -0.014648173984578 -0.282151105506088 -0.105121578684552
0.170798242969892 0.0906740979266672 -0.206536070028851 -0.189864214635713
0.0878192826020447 0.187399296423797 -0.0338420591437487 -0.206662269563943
-0.0848408860477202 0.198127653041321 0.0740220272630687 -0.0199953098558627
-0.269933055557168 0.0123859477615458 -0.110125549214914 0.0111266845161354
-0.16545718687755 -0.234557395855405 -0.205735121887589 -0.193410705176786
0.0195714235035162 -0.289294418349805 0.0152842227674005 -0.545613604997982
-0.00171604842469375 -0.375670404782358 -0.153462956892532 -0.211489018165557
-0.210395200237518 -0.236997388880166 -0.13913181729077 -0.0898670266039319
-0.278656941973739 0.00785782315323442 -0.129741116233132 0.0154442055297384
-0.0880368142056079 0.223000247543193 -0.0102784204167206 0.0518139512893411
0.0934340906058824 0.227529330213534 0.0248811670631272 -0.0301622662994029
0.202486845257697 0.127489427445891 -0.0650004594118216 -0.0988697921225111
0.22562414213237 0.00838666037857205 -0.165820563409445 -0.0913704959299159
0.241123904184863 -0.0205635737286629 -0.198859972907474 -0.080588568489215
0.248737763325356 0.023428749289551 -0.196252413935646 -0.100028038462783
0.266859102400979 0.181923267169527 -0.136799649312855 -0.153317334368629
0.113066813615481 0.328424695479732 -0.0111470020906631 -0.151134246556297
-0.158002350928913 0.320196486307809 0.0677647389168328 0.0202743961996513
-0.435097518791156 0.0309003765106778 -0.112706229834004 0.0367753457170828
-0.307110908289562 -0.359558643419108 -0.186770305580536 -0.160306700386578
-0.0282588320416362 -0.481919131296365 0.0245687644861106 -0.432540565507183
-0.0243884075656726 -0.481459090081959 -0.1694578906153 -0.0641375272674496
-0.288900263574774 -0.296812146670221 -0.0908847877352471 -0.0405112418609373
-0.368793427572191 0.0156887733708643 -0.121536000945957 0.0172691231556831
-0.132862618814086 0.290468375649419 -0.0354084113734386 0.0584333461571682
0.101305677216513 0.307762976144919 0.0261801964047591 0.030726915875555
0.25042950130434 0.190146050230413 0.00739192575380989 -0.047393770441661
0.289721154476572 0.0432179087666582 -0.0658927242330307 -0.073780234434511
0.305102764293569 0.00592424476645552 -0.0905784938378556 -0.077043465756756
0.310019107340135 0.0591105213652232 -0.0813675179770009 -0.0825096531590787
0.32211565517391 0.24623033638001 -0.0430742309640658 -0.0995111611643988
0.123783271490196 0.418544072382117 0.0215615508160732 -0.0771288645836668
-0.207275326970413 0.395478632281758 0.0638266126152564 0.0616029447015252
-0.533759093463999 0.0453561863102535 -0.0876764440065912 0.0676056513696939
-0.398526212096065 -0.429418779476502 -0.135439681017725 -0.0922442390573747
-0.0632728141059546 -0.591992070886837 0.0379916498401529 -0.262699946977077
-0.0532070485079526 -0.522215423380706 -0.163424191513426 0.122204001672476
-0.349272430502751 -0.312260452795364 -0.00571243598900488 0.0301785507744683
-0.422086289446874 0.0370807253613096 -0.0901414739896841 0.0113966271952104
-0.157381494849592 0.334961793241901 -0.0643953606830598 0.0627939599932615
0.105362528166216 0.350956371427701 0.0252149565911181 0.108077426789452
0.26917900151799 0.223655801043218 0.0915575186223183 0.0249034254529739
0.31307182310657 0.0683906510712702 0.0515945157977293 -0.0414386042402561
0.322267806442776 0.0317804168912081 0.0319391642454803 -0.0614559289177415
0.319738930172902 0.0857879457965291 0.0427710099545946 -0.0562264714610644
0.318134470411867 0.268272519778869 0.0574284852606922 -0.0401776363775977
0.110220728276144 0.43048896410447 0.0600469508291531 0.000788767353376066
-0.215065557466351 0.385435249892697 0.0599007444545896 0.0954994368795301
-0.522186890439315 0.0389375697306176 -0.0414284702264077 0.0949305935590672
-0.401907984644292 -0.422151782166444 -0.0611174672230934 -0.00778910766973679
-0.0795466371801115 -0.593716811394178 0.0544964891431901 -0.0685182313102138
-0.0771228687739662 -0.482206589782922 -0.134206116188041 0.318342251051023
-0.353091802765925 -0.274930832075531 0.100032651660257 0.108437385555609
-0.40036057022358 0.0548468907122722 -0.0407088569743181 0.000813148795728694
-0.148123042198815 0.31881730541951 -0.091154215478172 0.0664993715713691
0.0905022203407459 0.330158395105442 0.0251073093772832 0.187204785425912
0.243926611675073 0.217515410997687 0.174457728936998 0.104592282545876
0.288833374636255 0.0813180313404775 0.170232173535787 0.000641699921661149
0.289203406796969 0.0517381572029147 0.150523717623683 -0.0370663557257313
0.276824416414479 0.100993785096039 0.154178300451684 -0.0260635689857179
0.255582065565942 0.24442213570404 0.141334761974085 0.0127176909505775
0.0647007722842947 0.358444487772368 0.089989396352136 0.0629196081143962
-0.188872206113553 0.283873026486279 0.0528146636194342 0.108156518686023
-0.39546692146033 0.00641550404632367 0.0100480275594742 0.106315817973198
-0.31231232090521 -0.34169285396282 0.0121021072302991 0.0652970171698508
-0.0763880490080973 -0.487941688370256 0.0688602314659869 0.106282008164089
-0.0827192557117352 -0.360140220439224 -0.0920194500099018 0.48689827886894
-0.281808928140049 -0.188454268120363 0.196297003058863 0.180529724408274
-0.29056172722723 0.0530996518011323 0.0164944810963001 -0.0108237080757735
-0.112388115786015 0.228195222510576 -0.105569260133043 0.0620706174252462
0.0527859933794241 0.242182360296976 0.0186399154014234 0.245048419350594
0.170990373795337 0.170557170732799 0.234417644442875 0.175834692690103
0.214197991459173 0.0815195304922867 0.269297463347025 0.0440719556624685
0.210999117694519 0.066023487974777 0.246159720390706 -0.00940721920073264
0.194207571099376 0.101441224438068 0.232982505911958 0.0047589538300784
0.15136022914354 0.187972707643259 0.189604687087606 0.0520541609268428
0.0021542910121616 0.2319049193395 0.0977818048891161 0.096374078364473
-0.141795096469356 0.134864523132982 0.0370868315307492 0.0937857967202176
-0.207993582327389 -0.034890982287649 0.0501885197551247 0.0964307067492968
-0.167556401274645 -0.210922042310511 0.0615296118222768 0.108293106146785
-0.0589032009698142 -0.307349670342231 0.0779841852963051 0.228749875602888
-0.0722079416609912 -0.174531108810958 -0.0474651510784161 0.597457477905976
-0.155244789656861 -0.0715076233552657 0.260762312471157 0.233515797795497
-0.12507987011127 0.039054463752795 0.0722345949820882 -0.0235153261733474
-0.0538462520205761 0.0922852925353974 -0.107079755284921 0.0423823654705942
0.00618771046460894 0.110145963085808 0.00249551166461262 0.265570970052021
0.0659747335108836 0.0957383274111113 0.257679803037837 0.225100591923819
0.10325971756654 0.0688033021336205 0.329587767675828 0.0840770237998501
0.102179841522791 0.070722880385802 0.303823985324433 0.0188061787775112
0.0885216451894132 0.08939815109233 0.271507369820348 0.0326085344943694
0.0374192601180153 0.112440940744125 0.199653827742552 0.0775297503168241
-0.0536699383326985 0.0949512216735166 0.0855129901229329 0.102935443897068
-0.0870591235444886 -0.00330265574018466 0.0165900270338178 0.0589570025448099
-0.0283266051649294 -0.0590944361828358 0.0748255068453166 0.0716686672619951
-0.0309988776912312 -0.0651411892194494 0.0866365190641262 0.120749137290367
-0.041292130724916 -0.0990206433376198 0.0823480887726738 0.288401300364512
0.0219676222234982 -0.0620411234011983 -0.0888187071790613 -0.373805821903472
-0.0652044506553438 -0.0528028833926641 -0.158195446431336 -0.141274536917625
-0.0908294069595798 0.0398712749867698 -0.0992380232569978 -0.0230963082214861
0.0208797240862079 0.0942440354048153 0.003594153342072 0.00652599947304449
0.0749649984222927 0.0364065519637013 -0.0103640140674194 -0.104919254692996
0.0643596699695578 -0.0265597406735537 -0.16814959498958 -0.133794051056311
0.0281841418800857 -0.060924301009596 -0.276041093297891 -0.0881566540510778
0.0179027058370113 -0.0628336642875416 -0.316756750027475 -0.0680397822043226
0.0205691479711715 -0.049522187987144 -0.328230049787222 -0.112279890887524
0.0527631921191059 -0.00960930534293602 -0.243110623480285 -0.218025954139545
0.0525171563363904 0.0279210317256109 -0.0396509004591909 -0.247602134114369
-0.00524936928819536 0.0566726355685108 0.0872043685870016 -0.0601618190378036
-0.0769973966052593 -0.00884127503043535 -0.0837543549515789 -0.0104532770481227
-0.00341008278838908 -0.0822196510172186 -0.187716359130137 -0.203376029084956
0.0692816872645834 -0.0545461256286033 0.0397754443686996 -0.59875095354468
0.0204673890199296 -0.23458096482253 -0.116153876065485 -0.32711177245571
-0.134252957411711 -0.15767649578699 -0.155312452412477 -0.127947445798338
-0.188904355987514 0.0168474643143789 -0.119964282501655 0.000964362274633678
-0.0371123899507135 0.159922565448035 0.00373539278425044 0.0379157866049375
0.0832402583732192 0.138149218448007 0.0187340784221092 -0.0743098717313335
0.138905534249352 0.0566331118084805 -0.12012148981714 -0.132918034343239
0.136259087029843 -0.0246054446319888 -0.23673787714731 -0.103614255776325
0.142438045258313 -0.0405305326654886 -0.28037252478423 -0.0851751517155833
0.148287262019866 -0.00734589949317338 -0.284942208674719 -0.12020897179836
0.171806426266986 0.0986342232753833 -0.204931594912472 -0.202594112052455
0.0829124158977829 0.194150642915982 -0.0278499073493517 -0.212642884967762
-0.0948593374905574 0.197405196918285 0.0778103050613561 -0.0220362830096938
-0.276026147511979 0.00237375146936047 -0.110659471445944 0.00420924752602871
-0.160486535669956 -0.246359669690149 -0.19506422014991 -0.207848428549458
0.030599155868109 -0.29690120768793 0.0415411047326303 -0.558704792534245
0.0120547897313382 -0.384589018798833 -0.146106215547842 -0.228390473575872
-0.204930357501889 -0.249224249675749 -0.137867146459648 -0.0998452341099865
-0.283356241050353 -0.00183040693969897 -0.132080125473598 0.0141661114119584
-0.0977079351789325 0.222561634857485 -0.0109501818967553 0.0547774251389021
0.0869806875490544 0.23537576482665 0.031127299589183 -0.0306092157001592
0.201022900219889 0.137611646792262 -0.0602545131841692 -0.105855319146789
0.228755081521738 0.0179518292856888 -0.165104421267658 -0.0999420849463544
0.245332002735607 -0.0117180372331491 -0.200853349077766 -0.0902509178325969
0.252863314449987 0.0353717266697491 -0.197041616688008 -0.1111272282369
0.265849106230889 0.195677510071259 -0.13556766334926 -0.162438307942893
0.103504088002691 0.339173369162711 -0.00746162288893685 -0.154364465419751
-0.175913614176352 0.31883326646963 0.0708234468627272 0.0187672151016033
-0.446198513528269 0.0129393933368182 -0.113927638259074 0.0287637081349141
-0.301098295937079 -0.3808424351442 -0.176571106641417 -0.172973663549399
-0.00878174986011243 -0.496226859158052 0.0452428037355302 -0.441728500604627
-0.00680800703584453 -0.49450530997727 -0.16806478620037 -0.0772155384019153
-0.283634935379753 -0.314742760475195 -0.0908199584455495 -0.0478426925683736
-0.376250544013371 0.00140991181561445 -0.12353678703205 0.016773380994084
-0.148764909539311 0.289679160337343 -0.037113278396675 0.0612162526082887
0.0925389199231932 0.319756633934982 0.0318122396995741 0.0319511338840477
0.246767325916432 0.204548041799231 0.0118015138076665 -0.0512295934279156
0.29343775092765 0.0558706638533936 -0.064898699270402 -0.0772962681981779
0.310491474803151 0.0184919353391876 -0.0909667559804313 -0.0822825232046743
0.313948304013256 0.0745644338478132 -0.0806347428051931 -0.0884674469764043
0.320007226647186 0.264327741711905 -0.0417395842938658 -0.103749451921671
0.111689092651289 0.431768774341944 0.0232189511043376 -0.0763123127661403
-0.228450479266897 0.394846963730128 0.0641655130759185 0.0612073094701496
-0.549239961924027 0.0237221770154335 -0.0884788169580847 0.0602988143343504
-0.390908981641773 -0.457478586250967 -0.127303249564352 -0.101502596219433
-0.0405932296207369 -0.611443104321974 0.051640356979478 -0.267241896420966
-0.0346882002515509 -0.539407767372919 -0.170203423386322 0.11518470619541
-0.345445069409319 -0.335285439411914 -0.00795401957370804 0.0278288426381214
-0.434807701506254 0.0208540554944412 -0.0906417057715062 0.0119574977407024
-0.173707844991324 0.335506710063827 -0.0676437157108765 0.0648172586124048
0.0924131609830571 0.362504582269315 0.0278592194376032 0.11148176421752
0.266228420624066 0.240703301032367 0.0947832662746968 0.0252671976136155
0.317862529315369 0.0827760819397337 0.0536662113533478 -0.0388624433250422
0.326551918196725 0.0458943424361868 0.0338233665751962 -0.0607387675752759
0.323108919724285 0.102626499046683 0.0453626576920922 -0.0559273784709714
0.317192199265287 0.285517390423258 0.0585921244235804 -0.0390004155447619
0.0957425817516388 0.443807840908609 0.0593309883356922 0.00576805878347774
-0.236828827313611 0.384248671524481 0.0583494757084655 0.0962645600198084
-0.53645961325646 0.0177529450785954 -0.0429703041081009 0.0898428031230666
-0.394290977430729 -0.449571970813441 -0.0565443328042885 -0.0129470498552517
-0.0553210698403682 -0.613979951174017 0.0588157639883335 -0.0676846877625143
-0.0574627399510919 -0.499098355208756 -0.149130638762214 0.318727270723162
-0.348762218587441 -0.29868099746559 0.0964092843572437 0.113230131567367
-0.41304151636531 0.0399023270963062 -0.0399796415173426 0.00193484068301745
-0.165773963460922 0.319053778745887 -0.0953314047421786 0.0677863770913012
0.0784226108552747 0.342074510490622 0.0238715728621655 0.193161882170556
0.239521457347156 0.233182969449022 0.176599771594442 0.11045222268434
0.291328211117318 0.0950845026839034 0.172024007661147 0.00813748007197979
0.292114454038317 0.0642646485820987 0.154423193949373 -0.0315411638731304
0.279346480628639 0.115331961115913 0.157176553339095 -0.0200044387492037
0.252995751235482 0.259660832117889 0.142141078154629 0.0180868441490037
0.0535378692714725 0.367311194455855 0.0871825315459544 0.0698602362871168
-0.206285992225661 0.282200788996903 0.0496953751392781 0.110095741916488
-0.405025520890808 -0.0103380502339453 0.00844165743009842 0.102599158307996
-0.306294766462806 -0.362247643703273 0.0139149866593991 0.065794205733041
-0.0559454191715681 -0.504903479875589 0.0661877035602194 0.112808128768123
-0.0680692955563969 -0.373861234307332 -0.115526358140909 0.49528058267146
-0.279723308513543 -0.207876685848138 0.190276526252894 0.191833893624162
-0.300781612456222 0.0412042076047652 0.0177643099969054 -0.00902173887162572
-0.125542337565964 0.228068210463024 -0.110665409628877 0.0625781008307362
0.0436379837375541 0.250707564716336 0.0135849544357475 0.252796739381702
0.167310381441533 0.183203156039433 0.235255316883478 0.186172224937742
0.216423130020116 0.0925893202388984 0.27135976905869 0.0566982012617389
0.21290092642695 0.0763355508407903 0.251055611163778 0.00121095991025631
0.194922382207565 0.112223279239911 0.237324218105982 0.014510453651556
0.148126959556361 0.197995135609768 0.189885918519327 0.0601359480888284
-0.00632179660905111 0.237447155617125 0.0933404835044361 0.103580634914623
-0.152185655906776 0.13185820274638 0.0330646529151239 0.0953240650905805
-0.212209458554452 -0.046042356666205 0.0495596028664984 0.0945376149349528
-0.162423799689014 -0.223848542945504 0.0612265717862401 0.111504818360359
-0.0447254321025349 -0.318326386090035 0.0692462162125524 0.239021237094685
-0.0635045135579772 -0.182874451133568 -0.0732905013838246 0.610380761208674
-0.154315549184665 -0.0822768028599639 0.253785603090953 0.249705798017937
-0.130752118672058 0.0330089106098228 0.0744184040288195 -0.020022038648557
-0.0607143788101243 0.0920249746107019 -0.112216734280373 0.0415789140669434
0.00112965765364276 0.114535487769961 -0.00539927031333765 0.274259713611097
0.0630680162157101 0.102444446070459 0.256816097586239 0.238930714866003
0.103540845116673 0.075445543401272 0.3317353693138 0.0994215484955882
0.10249062430775 0.076316602418417 0.310268962391407 0.0319084807956232
0.0875811322720727 0.094339876416942 0.274643957512833 0.0451630344520102
0.0341257579571114 0.117589073236628 0.1979490895414 0.0871950436661792
-0.0587867685901006 0.0970629676892888 0.0796730383752884 0.107930624995842
-0.0901610310055989 -0.00631585162825724 0.012864007274666 0.0596568133184004
-0.0278116030387979 -0.0633925597193759 0.0745067656921657 0.070903191676274
-0.0279197953735699 -0.0696874558139228 0.0841547409719337 0.125607957177544
-0.034641676100198 -0.104440198157611 0.0707723281489073 0.300414771807912
0.0216206096771569 -0.0643196008436792 -0.0872482433429417 -0.400633485128094
-0.0675176980712107 -0.0543780411840035 -0.164389481308919 -0.152807295814542
-0.0952188226196129 0.0423936671022503 -0.104106673747346 -0.0215447338398989
0.0226018375013372 0.0984532250534743 0.0051877091171898 0.00783069174034229
0.0794128330436262 0.0377303059400921 -0.00686704333824275 -0.112093764159688
0.0673115709248614 -0.0288007854241778 -0.174443424081321 -0.145044004048194
0.0287569122375195 -0.0647664187619974 -0.288388602694381 -0.0985446817736498
0.0187788038788244 -0.0657234799004498 -0.334708047551233 -0.0771217946160957
0.0217663809459519 -0.0503952662874063 -0.345915285928951 -0.124987714798379
0.0560978202328554 -0.0108124415161209 -0.254802659730914 -0.233751138020226
0.0555686708879183 0.0284978422475248 -0.0398486080792746 -0.262774614451258
-0.00490963978109693 0.0583973608662369 0.0937566615446543 -0.0666135444772362
-0.0805975145935788 -0.00847613395779333 -0.0865972599448007 -0.0136741765518482
-0.00420846512124873 -0.0852451146113128 -0.188886290383787 -0.220490419620895
0.0711867937958654 -0.0566588727094626 0.0548909459046063 -0.633677966238224
0.02298372218261 -0.246561485327215 -0.116239421070552 -0.35259264907219
-0.139018712989428 -0.166417181312434 -0.160933725342734 -0.140338271934462
-0.198398647990769 0.0164197113925886 -0.125839757967644 0.00277581284630042
-0.040924472169981 0.166242619622915 0.00497024675413506 0.04180524229716
0.0868555611225011 0.146582870430685 0.0242734849436111 -0.0795306961341309
0.145257891221283 0.0610939141127787 -0.123198765244049 -0.143937435984667
0.142728364451357 -0.0238078411649525 -0.248014028197038 -0.112913114612996
0.149450010369257 -0.0401841507547126 -0.296190322449229 -0.0950578328293175
0.156810620618094 -0.00389083025529913 -0.299719472542066 -0.131518316236146
0.180315151675042 0.106246502146197 -0.215074241778245 -0.217466136876749
0.0860166036200191 0.204047009360736 -0.0283298259236787 -0.225591190041681
-0.103929621142578 0.206163620330137 0.0847151675753143 -0.0263930710809558
-0.291129413908292 -0.00179626422990115 -0.114227165755731 0.000302380903591538
-0.167857790867904 -0.261996602819232 -0.195681502974998 -0.225003512819379
0.0355657434269203 -0.314506874432222 0.0557539831339293 -0.592514806609728
0.0162834407634276 -0.406388750374931 -0.148772286930324 -0.249421542142807
-0.212405506599714 -0.26511436817864 -0.14311407859558 -0.110319961628456
-0.299156751239426 -0.00529155073695772 -0.1382852335176 0.0167160495611649
-0.10549205449951 0.231509598240425 -0.0102694411092267 0.059458967177345
0.088300236118581 0.249893717610303 0.0380966093438057 -0.0334619699849665
0.210230752159787 0.14860265508232 -0.060630424834062 -0.115551215024295
0.240397379625104 0.0219976111988989 -0.172156236523691 -0.108022360122677
0.258480588593813 -0.0086860803656632 -0.213341113562155 -0.0994115522307832
0.267201707255784 0.043104470000373 -0.207310723599325 -0.12069343855378
0.279641218161839 0.210850170586829 -0.141712770559078 -0.173428678468592
0.105649629310148 0.358816181014498 -0.00675934373391977 -0.161751333719501
-0.192035234187499 0.333097393313684 0.0756352629527385 0.0171488394274479
-0.472153572924363 0.00678835778344836 -0.117649588690194 0.0246284803892677
-0.313236888815704 -0.40743142504723 -0.176430235825959 -0.188221092742133
-0.00314588146869386 -0.529528765385348 0.0568913114795803 -0.468035699811107
-0.000247822563037684 -0.524149776071604 -0.174252553738888 -0.0891234748386174
-0.29527363338252 -0.337342487651647 -0.0947806326183851 -0.0558728509662439
-0.397136914103346 -0.00384088888509358 -0.129514976087102 0.0192467083059221
-0.160778443694548 0.302006464984507 -0.0378148630126405 0.0664853912464993
0.0923482903109245 0.339117435119578 0.0382892776940089 0.0324634285453958
0.258703246740033 0.219377262849655 0.0141847108194977 -0.0573712573790486
0.308520192837689 0.0638372418115343 -0.0672031428670194 -0.0819853626417877
0.32546716595306 0.0248544266410098 -0.0966276231545687 -0.0882847356162121
0.33132312220735 0.08577934751012 -0.0845801798740982 -0.0953771799191811
0.33583301366557 0.284349602724003 -0.044244554390806 -0.110533394572534
0.112502144066985 0.458950546054023 0.0237549465438872 -0.0783414029159223
-0.249222555760293 0.411609506775586 0.0680749073541291 0.0611139078363898
-0.580747163973282 0.015160193174699 -0.0925895056008932 0.0573887488767499
-0.407930019244113 -0.489875529546074 -0.12662687119162 -0.111959145491393
-0.0322795090448667 -0.65024515557274 0.0605070007859259 -0.282951760425318
-0.0279670134983349 -0.572292314325157 -0.180066118572304 0.11534166046409
-0.360228411490332 -0.360489554769371 -0.0091739145983305 0.0251232212501788
-0.459006545975096 0.0154825459217978 -0.0947565779989701 0.0147019988919064
-0.189488701849245 0.350864130786848 -0.0712003475169034 0.07021164895975
0.0930290509117153 0.386932438199764 0.033574384930174 0.117381757417901
0.278914302073106 0.258519620496423 0.101289941990856 0.0244201118978167
0.334164083050755 0.0932043172630376 0.0567392080687508 -0.0392683550120313
0.342748545046177 0.0527517374427481 0.0355957545119601 -0.0636130987071638
0.341369281984754 0.114149459458318 0.0478753595909553 -0.0593233011165485
0.332452308625259 0.305896706947522 0.0614078362851589 -0.040411039180687
0.0973156973634372 0.470272698917815 0.0604475663935094 0.00910916736193836
-0.25849361864157 0.402775894848022 0.0612578906198124 0.0988299515087125
-0.567193942396611 0.00829988193738117 -0.0443565891579702 0.0876675930383945
-0.413636625640865 -0.482573261008322 -0.0537781874375577 -0.0166199993271324
-0.0491679338293459 -0.653249320169237 0.065246450188313 -0.0708863796607133
-0.0528052915550454 -0.530681780126393 -0.161374815865233 0.332453005210139
-0.363702742867502 -0.324559137015063 0.0986514679954211 0.118298823180224
-0.438462794266031 0.0337439084180119 -0.0409385531621682 0.0041913298268609
-0.181759520976857 0.334783348018344 -0.100398491440604 0.0738472084284648
0.0773517146249045 0.364363620299457 0.0281442304182749 0.205111102523775
0.251548878771199 0.252262957594128 0.187157469576869 0.115230262461804
0.307601806641447 0.105929828748497 0.181665622739567 0.0125670652837061
0.307048567380673 0.0730879241234581 0.162857996148961 -0.030277844518239
0.294186987429841 0.126772802834102 0.165157843336127 -0.0188515154084867
0.265282412408191 0.278963727988229 0.148084743157705 0.0209172162098193
0.052690428236584 0.389648291243272 0.0882578596859223 0.0768589544472539
-0.22379387020675 0.294389867002526 0.050611840617961 0.114489323272455
-0.43001634296289 -0.0201783610301803 0.00993599718728484 0.102270180553488
-0.318083228762948 -0.389968834717836 0.0168228170116955 0.0671039286014207
-0.0492546491678101 -0.536679680348285 0.0685113356044326 0.120904233316392
-0.0638313336902521 -0.398275931897383 -0.127066877819178 0.522504989835226
-0.291219451644919 -0.226525876847076 0.195652243683562 0.204356025890726
-0.319978530468419 0.0373304190730486 0.0200614261169116 -0.00693425079716253
-0.138227342842229 0.238450815323077 -0.11871004710804 0.0677630724722255
0.0408335809189251 0.267416288524877 0.0157602387445116 0.268802591445411
0.174751327494279 0.19888784836102 0.247824097239599 0.196932435121358
0.22822887405066 0.101499862083441 0.28558679295724 0.0654007217690184
0.223480157037081 0.0830572361614994 0.265117125866839 0.00572849166534768
0.205325101569474 0.121997967081784 0.248902232626599 0.0194001110115883
0.154725266891289 0.211670666086113 0.197279608477474 0.0664547902668363
-0.00945824895334002 0.252611897670679 0.0948466087686257 0.111352230940204
-0.16465516165455 0.137288104171903 0.0326872307881959 0.0990025593359322
-0.224036629735732 -0.0539654098174259 0.0522644457702669 0.0939562811262721
-0.167862988522867 -0.240390720750946 0.0642318010637672 0.117107686743704
-0.0399666354119484 -0.339437371360583 0.0688629836846528 0.255411157572549
-0.0607678675700851 -0.196767113100904 -0.0895678422850197 0.644904152316041
-0.16085935823701 -0.0918065320220538 0.259683877328856 0.268042030192813
-0.139331069019228 0.031277652792589 0.0779701506526299 -0.0186438822000191
-0.0677808531238608 0.0966183908337054 -0.119774400581948 0.0458320454828288
-0.00197848168993659 0.122232648773146 -0.00685576621996882 0.292456912466821
0.0657144139403224 0.112239891818927 0.269562929044179 0.254660379208591
0.109179846661807 0.0829725461250746 0.348557032646213 0.110440349398462
0.108059497444299 0.0825375071723546 0.326304645006697 0.0391483780281709
0.0925631275732768 0.101061538097202 0.288196162901329 0.053597079997969
0.0345115605136838 0.125322724553196 0.20481465909478 0.0952480726821784
-0.0633249380277766 0.103235588319526 0.0795281582523 0.11556751815203
-0.0973084378717377 -0.00707941378917266 0.0116176648776373 0.0625583150332716
-0.0292605561319859 -0.0691597108375293 0.0789889676296401 0.070846798344538
-0.0280546688487406 -0.0755928439658422 0.0872032622488768 0.132782036551746
-0.0319145627842268 -0.111442827633089 0.0678440166394271 0.321123037474823
0.015082968577071 -0.0689239070119198 -0.156753521110867 -0.411528982685309
-0.0765106979823253 -0.046625597821607 -0.195462983589237 -0.137129712226142
-0.0925238271976599 0.0591948765246456 -0.110062645891447 -0.0075051629430813
0.0377095450910382 0.0990254383727249 0.00742472235191705 0.00442702147712893
0.0903699787243054 0.0276827474976575 -0.0282011417917717 -0.120428665509519
0.066995049506442 -0.040705962970603 -0.209602645456947 -0.125760025264233
0.0206218699127071 -0.0729042918767428 -0.326112446420029 -0.0575062118442078
0.0109770294238848 -0.0742407781579876 -0.363408763771662 -0.031428245459267
0.0153469178134144 -0.0575263400402196 -0.385838141158023 -0.0801283605351669
0.0590484044131619 -0.0220283850974429 -0.306337279993742 -0.208523182292913
0.0652382242395872 0.0199383178928255 -0.0829740384307627 -0.275225931910975
0.00266164791720074 0.0615485274841213 0.0904793236525349 -0.0899761003704229
-0.0839419962406352 0.00516919182715219 -0.0921659387401264 -0.00214097095502646
-0.0161349592585852 -0.0845449472578264 -0.227427386215155 -0.207603059788746
0.0599836340739368 -0.0657428670003762 -0.0294285221468968 -0.682355246499295
-0.0144417062623172 -0.265895490199532 -0.166527225687901 -0.345135531464788
-0.16894982969793 -0.156749810422799 -0.184069840617135 -0.122266210302744
-0.20487682409921 0.0463117006502533 -0.12230473574768 0.0203499564956113
-0.0203709698378243 0.178668739969763 0.0159507766600274 0.035907873749581
0.112654177856726 0.14144745083975 0.00952040982186858 -0.0985646245060149
0.162475641137376 0.0433085429085475 -0.160298489807109 -0.137335441242828
0.146708354355745 -0.0443068199529058 -0.287707060018098 -0.0827234135719868
0.151152867629859 -0.0651660845715896 -0.327259647780966 -0.0554998540004223
0.164874002985149 -0.0282376680888265 -0.338834206188153 -0.095898316158114
0.206490681620208 0.0825613442286006 -0.260454223337914 -0.198544731523313
0.12195055551932 0.199904379478994 -0.0641701346780331 -0.23820201927072
-0.0816976035670757 0.228806461996353 0.0905668303156602 -0.0478630657323895
-0.304079278720096 0.0426576624105512 -0.116610871985121 0.0184913663381934
-0.211503790601775 -0.246357021672657 -0.238917348859151 -0.207886271728657
-0.0139186966653709 -0.330125435831639 -0.0225874187962084 -0.639096399200045
-0.0489300296212411 -0.437953225540513 -0.174167989967602 -0.219476772162376
-0.261842604724672 -0.251802955506678 -0.154678592862325 -0.0932823930675101
-0.315725924636154 0.0386992471005313 -0.12597590893512 0.0352560769009978
-0.0807995692303663 0.256088228937583 0.00567875301034794 0.0542035636186482
0.127697156472198 0.250032314359141 0.0318513144794064 -0.0574065139995507
0.243455581921076 0.127478112282024 -0.0933420200914069 -0.122355369428132
0.256330898181028 -0.00839508817907956 -0.208391338400824 -0.0915602220464358
0.269927341052968 -0.0458520702347737 -0.240651300771837 -0.0718125936329999
0.287605120354343 0.00559084216143658 -0.240026017580723 -0.0992312742482062
0.325132578950938 0.178404520569533 -0.175414605979144 -0.164318349158383
0.165044600366557 0.358683595831104 -0.0317335014408582 -0.175835069110854
-0.156960768948175 0.373590997513859 0.0905233606551332 -0.00226322118960659
-0.492486342717249 0.0791783745286491 -0.113863797698008 0.0478358011145337
-0.38530130097095 -0.378475928565579 -0.217242126214237 -0.167366914058511
-0.0824379571045213 -0.548386931465624 -0.00359185103132432 -0.510226232517045
-0.0895537022511291 -0.563353600907022 -0.16592068785148 -0.0377747804871372
-0.360556456706922 -0.318511984846268 -0.090979198650311 -0.0417210943853178
-0.422088474059216 0.0531265143502745 -0.11000899894282 0.0332368007610379
-0.130249389083032 0.338188393660117 -0.0192075257128551 0.063253397513721
0.143698992364517 0.343898348973949 0.0431464572510476 0.00780528910193489
0.305998694999617 0.195811859098776 -0.00734014780774221 -0.0760243483591902
0.335050527128519 0.025958012638645 -0.0924936672597081 -0.0830366227667639
0.34590164624285 -0.020372726959416 -0.117447089718236 -0.0778106140696093
0.361950408375473 0.0402197203661994 -0.104875175919657 -0.089953481927256
0.394383437078894 0.246431258617354 -0.0619070681368004 -0.11288487055238
0.186592587498901 0.461787014994482 0.0133135612655639 -0.0919565781080801
-0.208301806517478 0.465415817469994 0.0905851050765252 0.0455167572667644
-0.605614763622354 0.102328928187189 -0.0809410612143225 0.078393881053765
-0.494439066022005 -0.451326084834847 -0.155510900821506 -0.0927232374189336
-0.130706510747844 -0.672570791942022 0.0247208904765866 -0.313276945492743
-0.126156266172226 -0.614385499376235 -0.133600646590014 0.184338993448804
-0.433217249012919 -0.335570510640202 0.0162475524193597 0.0301149892887208
-0.484653226390086 0.0819758403586004 -0.0708712817752651 0.0189359315611769
-0.155466031211736 0.39356793297033 -0.0526946354066377 0.0706282996926761
0.149048893742486 0.395885227858264 0.0532926304100068 0.0967518250646826
0.33203737844855 0.235406172313361 0.0972547658688774 -0.00522548263350817
0.36591289377097 0.0539092744131049 0.0467270751353886 -0.0591478525869923
0.36784413150607 0.00779905516571393 0.0253177485111834 -0.0712280446388863
0.374997129560944 0.0707461621486812 0.0405704410690066 -0.0715079487646407
0.392839348877291 0.270900362670641 0.0597316292106698 -0.0547579785803733
0.171754735804223 0.476535393587753 0.0650445078537586 -0.00370175018461547
-0.219187310505231 0.455560901609754 0.0880382205861274 0.0876748567877461
-0.59243262431764 0.0948010908329006 -0.0261884405052983 0.102334213826303
-0.499021266091391 -0.444040166793899 -0.0653953602811961 -0.00191554646478266
-0.146574408476848 -0.67356400004018 0.0584436228726448 -0.0876529550804674
-0.146381540337607 -0.568200535373343 -0.0800948953734475 0.410660665679491
-0.435602566633639 -0.295241292279034 0.144055476774339 0.112147034120456
-0.460713494312572 0.0999565915599169 -0.01766259051395 -0.00205224535816807
-0.150047142537427 0.376226493106446 -0.084041852480657 0.0813044495563881
0.128606297152267 0.375094994147802 0.0629887130567469 0.192078004573361
0.300979247512586 0.231708535105616 0.203958166918945 0.0774858619605154
0.339832124348907 0.0720097241497245 0.190174182665597 -0.0236432240379656
0.333417932067082 0.0346287072026486 0.163848270670637 -0.055222409891374
0.328649462670319 0.0905225136771014 0.171754208462298 -0.0454418378849869
0.317578535032675 0.252618819723205 0.160443235750714 -0.00252171053299493
0.111757073584664 0.399706909896116 0.104719657084781 0.0655690386388612
-0.197251991845687 0.338449590660885 0.0769372509778347 0.108134949353063
-0.452748237163846 0.0442657888961608 0.0306887252634156 0.107166874598955
-0.387373610597427 -0.361334871411911 0.0218899326097092 0.0738294097675653
-0.129194521658561 -0.552943482444994 0.0892103961078717 0.117287703928866
-0.137656517776979 -0.424193384046211 -0.0213362115715891 0.600259778322674
-0.345235512876164 -0.204205209794986 0.254907339307294 0.188320819982959
-0.336142755534962 0.0849275338229704 0.0379135641401266 -0.020694376884013
-0.11708880307736 0.268985186850116 -0.106257528530879 0.0828819421839456
0.0757930261845911 0.277495810372494 0.0623063198662107 0.267866217560291
0.212010141294291 0.18780433827372 0.285724179481673 0.158015010089065
0.255219821683955 0.0792139848938305 0.312029261096111 0.0170668811721693
0.24741159987974 0.0583613844615965 0.277372254233794 -0.032868297672391
0.234258362156871 0.0991656522529468 0.265568660563667 -0.0168780306080773
0.191777017817101 0.201087024288961 0.217279725332691 0.0394924293027327
0.0269144165334025 0.265898591904543 0.115839169759759 0.102871615992148
-0.155900635638113 0.166072390664327 0.0522340176991359 0.0979455938823889
-0.242577909753024 -0.0235363474963372 0.0716267329693462 0.0898979253051313
-0.209990850159445 -0.228350489731466 0.0809523310397046 0.116116305848612
-0.0870165446746319 -0.349842232058505 0.107885694697396 0.261838664647613
-0.1009336306182 -0.209464898815954 0.0258865088593787 0.713906244349934
-0.187303955415904 -0.0773081743399854 0.323952770427103 0.245626716837293
-0.145328246161028 0.0527309497450392 0.0865696168941876 -0.0371419106965555
-0.0604530173089109 0.110054466035 -0.115557443759043 0.0665106274227894
0.0103988083075962 0.129909965027038 0.045481763843779 0.305581642530246
0.08356525763602 0.111696961208369 0.323721164926858 0.219899109949105
0.127193478540203 0.0743446298754246 0.390271468765834 0.0569044529823671
0.125142242907934 0.0736340249282641 0.348432196601715 -0.00718357623517134
0.112357467730018 0.093865335290332 0.312939847024907 0.0143489099179563
0.0538346061797612 0.127835983247209 0.229397350181373 0.0697680854948338
-0.0519185935818389 0.119092320536903 0.0998598675215827 0.110330268832872
-0.104511847987433 0.00705988347147591 0.0217988514660308 0.0649041119942284
-0.0427708078963375 -0.0695067896308619 0.0931173612970764 0.0588505221328758
-0.0392895491049678 -0.0774233327729857 0.109926541003245 0.127246095113184
-0.0449777745718591 -0.115186917288454 0.116938043114808 0.333526027924115
0.00902322434711724 -0.0698402537099992 -0.192067735001997 -0.415784712248547
-0.0812563991894137 -0.0406163429894774 -0.211651588487091 -0.127663773378839
-0.0889559766401141 0.0684639950662585 -0.111417849965744 0.0043411816536777
0.0472614973161466 0.0968417842316531 0.00999527879122625 0.00431824015336771
0.0946567743295273 0.0197573806503646 -0.0364802790833815 -0.122931715654051
0.0634352079411198 -0.0480435729897969 -0.223944872246357 -0.114483559686496
0.0135665900276151 -0.0759387703489295 -0.338345799470243 -0.0360250674832854
0.00399365348756984 -0.0761353170953713 -0.3765880362379 -0.00573885356293246
0.0116876045871209 -0.0592853508231329 -0.403416458548731 -0.0535252926005415
0.0590607287812165 -0.0281578961172187 -0.332645583360073 -0.189502717778788
0.0683353523459119 0.0133952388561289 -0.108857367597071 -0.27734654776428
0.0079224195914993 0.0618780918846034 0.0846843885877644 -0.103185831220309
-0.0851873430325992 0.013930680904689 -0.0935875878480786 0.00275281284180375
-0.0230540076794453 -0.0830537541761608 -0.243385043419021 -0.199961436764681
0.0540616977009031 -0.0712214967168929 -0.0796963092980884 -0.701188885930167
-0.0364891572065014 -0.270716771121337 -0.198882342562462 -0.34768978076308
-0.183863642346855 -0.146523083469175 -0.198946403328273 -0.115143287124971
-0.205547228259581 0.0640236976783182 -0.121150196997406 0.0332041774359077
-0.0068168485483739 0.18244014820252 0.0215366776165291 0.0360959704396829
0.126556310247554 0.135372442255782 0.00397721675480872 -0.103675244535389
0.168666880531468 0.03178496622645 -0.17444603549971 -0.131031647013822
0.145207591347495 -0.0564018196965704 -0.301254583773036 -0.0646810174066375
0.148812463017594 -0.0774335960938433 -0.341365533555155 -0.0332417927166473
0.167295201575977 -0.0407159312515077 -0.356059871772814 -0.0735534085212862
0.218508703691825 0.0682625250688186 -0.283605338738488 -0.183879044313594
0.140320488050967 0.19434870452427 -0.0853238323483412 -0.239877045760014
-0.067346965524909 0.240388044013811 0.089338641857371 -0.061012393878515
-0.308902693214823 0.068694542022122 -0.117422572887867 0.0249841071840647
-0.236534024307851 -0.235219098304407 -0.254063002161727 -0.19981320097267
-0.0410555606094536 -0.338456676201926 -0.070586676139148 -0.658252916193685
-0.0855804088529037 -0.444885212679972 -0.196068741342673 -0.219348851247525
-0.286930722211826 -0.237212664665378 -0.167592878781118 -0.0884399724477304
-0.319541227937499 0.063798185933376 -0.124035035197807 0.0486965256936379
-0.0631414173781255 0.266911102454897 0.0131702843118334 0.0567813099748333
0.151305619724347 0.246826494062376 0.0309950130935354 -0.0646984242477773
0.260885743088855 0.111793301321247 -0.105651543118253 -0.120813563407834
0.261231735274353 -0.0283024160516431 -0.220214278623244 -0.0781382358450963
0.271740517558673 -0.0673834649352009 -0.253873602386282 -0.0560203665208203
0.296800282487789 -0.014603388427714 -0.254502083345475 -0.0843781387257143
0.348728428069932 0.157470493690135 -0.193981841005428 -0.15511714027287
0.197289841874554 0.354044429184629 -0.0467034959686604 -0.176263128153704
-0.135375858665637 0.395803509008234 0.0929047558091963 -0.0147194362920367
-0.500207210315369 0.118909669502095 -0.112683662175028 0.0524056258339807
-0.425837186878713 -0.358615422726921 -0.22900188790146 -0.16108136250884
-0.128341899570066 -0.557791914595718 -0.0429762873624032 -0.526351699636867
-0.135434343240592 -0.570869841688522 -0.17268110591417 -0.03240554351702
-0.394194877125 -0.298562389021929 -0.0991466158308755 -0.041343880554885
-0.427003382099948 0.0874266114772039 -0.107854353117138 0.0456903201679216
-0.107966931748781 0.35518218359308 -0.0117313420447793 0.0672116334146167
0.175093715335461 0.344018685082747 0.0491135768733599 0.001340839561126
0.331236654004801 0.178727529750922 -0.0129996293483574 -0.0816069769643428
0.345271289346385 0.00103423190978135 -0.100940038568624 -0.0783731094315731
0.351258618790281 -0.0465572090996471 -0.126679249236882 -0.0710296052902552
0.375741169898658 0.0151948501493262 -0.115871271478683 -0.0854799201624007
0.425447494086399 0.220861816721365 -0.073407717840338 -0.111561201668691
0.228226000201336 0.459748394494039 0.00597945814449842 -0.0930058772346194
-0.181161456320958 0.493113168897065 0.0960766733858312 0.0341423298324174
-0.614302245538712 0.150744599285039 -0.0770237113225128 0.0805051974170327
-0.543130208366693 -0.425969553317158 -0.161241123398037 -0.0881141693866216
-0.185411317507913 -0.681802332514149 0.000985414190171017 -0.324275602029692
-0.177027654687972 -0.620455568804772 -0.122010282682412 0.193711351085771
-0.470712188712914 -0.312018973105285 0.0159608787398747 0.0255483377919804
-0.492342863773507 0.122815780761934 -0.0687431855715162 0.0268296699717678
-0.13164828736052 0.416499338490451 -0.0452619297978427 0.0790353217478118
0.18529162115391 0.396097626325591 0.067144387265967 0.0917768822174284
0.361646836995079 0.217386778457401 0.0995359392301107 -0.0175102376090575
0.380279155645211 0.0273355018484165 0.0442539745656211 -0.0637412797699622
0.37695467122266 -0.0189467292290543 0.0203824165867451 -0.0746455193611883
0.392205649535318 0.0442646795648938 0.0359323025414447 -0.0773468068477724
0.426954708676229 0.247900530296922 0.0564527018501384 -0.0613645669588146
0.215484607642204 0.475807484354192 0.0660274074113119 -0.0049494298447611
-0.191713901903792 0.484690735163989 0.0963318378153615 0.0783609047286598
-0.602047733872443 0.14066733460688 -0.0190367226206313 0.0991934490934324
-0.547217169418526 -0.417523240977442 -0.0639144271683892 -0.00201056534933574
-0.199916687676102 -0.682952430707113 0.0534624970737066 -0.0953315583419722
-0.193735760134432 -0.573844559600281 -0.0493678285261504 0.42435834357924
-0.468136500256356 -0.271949406999129 0.152918108394169 0.10107109271847
-0.466566694085002 0.137478887396763 -0.0165211902290848 0.000905459935027356
-0.127787207003884 0.398391895498013 -0.0776556866047655 0.0923656613316593
0.162131747367353 0.377356130214803 0.0851470330303777 0.18983362868757
0.329925376427587 0.217750295903705 0.215616899659818 0.0599205959459952
0.355484228542876 0.047961762472388 0.194088076308729 -0.0388462651197192
0.344391539767933 0.0112540762151053 0.163886136856372 -0.0696185028649612
0.345693432198095 0.0682746298303205 0.172143829457093 -0.0608696181685608
0.347757416744509 0.234618887702332 0.163341928223615 -0.0148695119570021
0.148174080926035 0.402417910309241 0.111326901843065 0.0624146961088512
-0.177668565929466 0.362297588711894 0.0858791147056165 0.101127453837751
-0.46108496391056 0.0780081339287811 0.0393593958447314 0.100040415213231
-0.426932118611196 -0.34090761967333 0.0310878284969661 0.0701846648674175
-0.171491291344676 -0.561169338100315 0.100117315165533 0.113944241299406
-0.170782427666137 -0.429680380301343 0.0224583614674048 0.617169777052589
-0.368265832424562 -0.186009117919151 0.272638477913262 0.172707554723936
-0.33984959841595 0.111757840373468 0.0372462852463529 -0.0229695883052542
-0.101650910611078 0.286359906435264 -0.100376818056994 0.0963223574344046
0.0997393156773728 0.282293297738479 0.0901430127222787 0.269772053584141
0.234788872437869 0.179555834141366 0.306699904603691 0.137071448580046
0.269407312661822 0.0622331778890878 0.322446704004917 -0.00566002978847574
0.258300459784608 0.0423179328426693 0.28187530316968 -0.0548536479198192
0.249432436070955 0.0837603828748956 0.271488290526442 -0.0369399930030091
0.214058852140247 0.191005062650397 0.224623190392067 0.0238453036050701
0.0498917669868368 0.272353718697754 0.124505643188527 0.0988065321303448
-0.149368297876753 0.183603011816681 0.0602763803696493 0.0944118867916122
-0.252739793727423 -0.00844090451961219 0.0796178595924488 0.0800583648972921
-0.233162759859801 -0.218389742967743 0.0928902259493029 0.10993200703776
-0.113766030828353 -0.355352851310099 0.13065082092246 0.261924870029307
-0.118179470443873 -0.209484639495876 0.0814040961898665 0.733918202135951
-0.197071086701099 -0.0678807822255054 0.346783567146966 0.230247627718993
-0.146106137652144 0.0641382846910532 0.0850070722779917 -0.0437412862225981
-0.0558639800355014 0.118611651630313 -0.113119175193471 0.0802439935165578
0.0198271447347435 0.135232138218786 0.0742633326394331 0.311418841792086
0.0965910178906076 0.110932172505264 0.350673708617768 0.198448937192176
0.138085410635909 0.0669862652030081 0.405034207138714 0.0291131401319219
0.134989210363421 0.0665778683716979 0.357499654761303 -0.0331867281514934
0.123304623952435 0.0875285811036413 0.322453465827606 -0.00794330200738835
0.0661290396543139 0.127707690998507 0.238729647439089 0.055322075430127
-0.0430700319068819 0.128511902472132 0.108335816282891 0.107146989750104
-0.107956549451602 0.0172675316045534 0.0255035748418878 0.0639445093029978
-0.0503474735672418 -0.0707567877609007 0.0998268712768604 0.0475884218152004
-0.0457706030279214 -0.0775649703273038 0.122309246926974 0.120425574424851
-0.0510246379356741 -0.116389718356761 0.144690612463705 0.335677334764383
0.00381592789567208 -0.0680816373076437 -0.219094439997697 -0.396448320868555
-0.08103762484629 -0.0327129289949168 -0.217301854239987 -0.111596282315759
-0.0813479010504752 0.0729814016971708 -0.107089818924581 0.0152963126285815
0.0530179748907545 0.0893295948001112 0.0123906709206103 0.00510580875538052
0.0940115230494183 0.0108495356937308 -0.0435531419121236 -0.118968190012727
0.0570593017395934 -0.0519568977782757 -0.226494788062011 -0.0963827766001561
0.00609519412324779 -0.0747982365518832 -0.332519566053051 -0.013408567388374
-0.00208514276248201 -0.0743680551623372 -0.369596253783461 0.0194071359349732
0.00776443077078985 -0.0583345776007245 -0.399880091720859 -0.0237024258950755
0.0558372999724619 -0.0327284442263846 -0.339619045302691 -0.161586235158727
0.0671296247517813 0.00620080587789157 -0.127845694740018 -0.264061502648813
0.012014093143997 0.0588989362435015 0.0753594145759501 -0.110719526671595
-0.0802494875634766 0.0214461158565514 -0.0907712236190312 0.00771825662761664
-0.0281594059216369 -0.0770266314955313 -0.24589900713353 -0.183011528624725
0.0448753692542416 -0.0714027872424658 -0.125030165776779 -0.682829238502842
-0.0557956227934993 -0.259536866870366 -0.220018244931066 -0.330967847417638
-0.188317666889984 -0.129066257646998 -0.20415881017182 -0.102187699944644
-0.19447858778448 0.0772293408303733 -0.113844309732402 0.0436576709187982
0.00586341342703056 0.176492813991327 0.0263717652414795 0.0348422696675841
0.133872180029357 0.122146265793343 -0.00149164006528462 -0.103626903180631
0.166330152180733 0.0187247806106752 -0.18025358268411 -0.11777031531424
0.136052267424805 -0.0645382913633944 -0.298002268332769 -0.0430961717304805
0.139219321181999 -0.0848189747240743 -0.337857945469682 -0.0102490352759502
0.161189931712954 -0.0500926519740944 -0.354658037669139 -0.0478101391584739
0.218990336742839 0.0507204933490536 -0.290893348432578 -0.159747828048366
0.151081358967252 0.178808007084437 -0.100724031402881 -0.228239472885397
-0.0501102460903559 0.239135843546369 0.0817146226085885 -0.0709876217320679
-0.295845771406619 0.0885510323238381 -0.112338022197001 0.029481445796689
-0.247271989384868 -0.212614982425641 -0.256884969867058 -0.183671461286109
-0.0652338675921684 -0.328435853033764 -0.113678824381214 -0.640374383957143
-0.116238640013659 -0.426500256702919 -0.208119230066139 -0.206440075625607
-0.295977814725969 -0.210688119381384 -0.172700176271926 -0.0791060366942376
-0.305717843045599 0.08549275796551 -0.114198502665329 0.0576654094600753
-0.0440305666502969 0.263465572910587 0.0197962722010062 0.0548666561892181
0.1669228426176 0.230541025609487 0.0273055458517456 -0.0685676897721843
0.26355204819103 0.0909345817717654 -0.112384703414752 -0.113865509649494
0.252398517430719 -0.0456019873622334 -0.22070251366359 -0.0623989921576292
0.259437346872737 -0.0823154665034706 -0.253279845065208 -0.0379550048672529
0.289987020392424 -0.0334603404714825 -0.256058552781961 -0.0661868424850705
0.353527413476737 0.129117570883565 -0.201056075566039 -0.138632212535792
0.21850844907375 0.331800023359881 -0.0581379032318813 -0.168198736911642
-0.106988074603136 0.395776235307613 0.0882743249033021 -0.0263804645009577
-0.479905437327974 0.149297005572384 -0.106269649901089 0.0544267191143275
-0.440135245614841 -0.320334805976582 -0.230326083432057 -0.147747231036125
-0.163992260515945 -0.538626673078732 -0.0784238610120373 -0.513871793563528
-0.174055130623519 -0.546910698339439 -0.171992836954216 -0.0255984546775326
-0.404484332335023 -0.262977956219958 -0.102841859740343 -0.0382087469718063
-0.410808561680316 0.115637932747423 -0.0987971462066163 0.0539352405721625
-0.0814406687616922 0.354947529206281 -0.00339716751633769 0.0673062894036984
0.197496582646341 0.324280650558444 0.0506056975074511 -0.0059592428202057
0.337605584782739 0.151319808035969 -0.0195062631392103 -0.0828505704047166
0.33733329328112 -0.0225615130045575 -0.103955555496283 -0.0697158543944724
0.339365535493304 -0.0685189377355649 -0.129474235618751 -0.0612164717486819
0.369491875160325 -0.0102750515381088 -0.120270867597051 -0.0771584059420288
0.434339195445507 0.186342797388669 -0.0803702379749609 -0.103581114426532
0.257117481371025 0.431207675825514 -0.000150541038291763 -0.0882743881926695
-0.143989042761587 0.494814849705321 0.0952236258345656 0.0215517535273918
-0.591046441408897 0.188244167024614 -0.0700170082042798 0.0774603645263573
-0.561437181960007 -0.378209120005407 -0.160001269536907 -0.0810033605992924
-0.228338112521741 -0.656908719581495 -0.0220148735666864 -0.319360994361812
-0.21818427389137 -0.593392500760869 -0.105586609561021 0.192358956474544
-0.480611225391995 -0.273245914460892 0.0133305571395474 0.0196971632644803
-0.471413609301752 0.153251845448312 -0.0626537396285696 0.0333643374624936
-0.100577325531471 0.41566892422417 -0.0359298190828012 0.0817857365457172
0.211382462895283 0.376278029020772 0.0759373477928859 0.0808952573083694
0.371814904512271 0.187260344492627 0.0956747843246029 -0.0281899945609553
0.374213087011729 0.000773062420886858 0.038929037174373 -0.0649159378509967
0.366349212407341 -0.0429905053550834 0.0137744499951439 -0.0751307667317271
0.387328484850753 0.0163390441533855 0.0291255574137365 -0.0793247781619711
0.435816423650563 0.211597184020383 0.0496620933889573 -0.0635847216307089
0.245086093093789 0.450302214883408 0.0651361045135056 -0.00683683197155185
-0.155752598656936 0.487099511466542 0.0986347336678528 0.0652954910803561
-0.578645137987266 0.178256705097128 -0.0128344489362375 0.0913733867660164
-0.563960873344383 -0.369621683393724 -0.0597073980392071 -0.00306124128972928
-0.242421595263814 -0.65598328318043 0.0447415395548508 -0.0969349381647869
-0.229039368897711 -0.548561148286695 -0.018697021017586 0.41396366090163
-0.477119477627999 -0.235272471323609 0.153274145074464 0.0852845459297222
-0.446426551517156 0.166055706815949 -0.0146643472092577 0.00372138844929813
-0.0981381428292782 0.398879090062377 -0.0667255967905657 0.0968964808209079
0.186312529096071 0.361591139242627 0.100696077793392 0.177067438060294
0.341251383976365 0.191007873140844 0.215386947820029 0.0385491629547475
0.351981751175813 0.0227264289468307 0.187424575502814 -0.0505315983969281
0.336454903079195 -0.0112245996558619 0.155646063139826 -0.0797399653790325
0.343474487877983 0.0434533015583833 0.164196463791119 -0.0725312234828744
0.358254587336368 0.203746750838412 0.157307790742077 -0.0258264536423173
0.175495245659738 0.381861947238363 0.113293841117628 0.0563034340416185
-0.150923149502578 0.368152051815567 0.0898673173517303 0.0892057942472352
-0.447153423321928 0.106681137006989 0.0442761783806936 0.087856634907089
-0.440932010952634 -0.304066261138355 0.0357951216726086 0.0616678356093894
-0.203970266382253 -0.539022655586127 0.105580930112986 0.104761388440544
-0.197544808150695 -0.408760290012606 0.0680471189465718 0.598697684651222
-0.373414721464105 -0.158584875394907 0.274408183057724 0.150350686813587
-0.324372254804709 0.131282357361372 0.03496334902437 -0.0233206021390146
-0.0819745844839032 0.288235101158931 -0.0899329815536403 0.102745161485924
0.117811012907353 0.272425675975796 0.110531955113698 0.255706385959384
0.245485526087824 0.160285208409954 0.309821304460745 0.108452417117192
0.269533549084593 0.0423032514104404 0.315713735480516 -0.027906459443713
0.25534086109709 0.0246244668516929 0.272526154785288 -0.0727498237904994
0.250177927787406 0.0643913685220071 0.262245011930896 -0.0547117650799384
0.223418974995338 0.171901743871819 0.219466884109141 0.00830103382156147
0.0695964168732413 0.263387912903396 0.127898194573887 0.0903846319066201
-0.134137677077173 0.19145330708405 0.0639845134822521 0.0853437648670005
-0.248707530043346 0.00789554901536857 0.0823874264780643 0.0660951803144962
-0.242630241074825 -0.197898117878719 0.0986101029332892 0.0986000370895689
-0.132093317273296 -0.342400681574133 0.145598274321001 0.248171164178461
-0.129022995118689 -0.198795857553386 0.130486639938732 0.711518108390164
-0.197460022772259 -0.0559250584673875 0.35147094136806 0.203024902465721
-0.138577721352565 0.071693519610271 0.0787500803809073 -0.0467414657256895
-0.0477547450427207 0.121430461381287 -0.104541451080268 0.0882864604543946
0.0294121391717753 0.133135351509074 0.098239162512834 0.299060113762311
0.104720853338008 0.103447837914853 0.358311891214287 0.167651501943321
0.141367468701586 0.056308045152292 0.398901974919264 0.000845034523861178
0.137894491026875 0.0561934284729543 0.346890475989609 -0.0569043008064489
0.127306027298066 0.0760233189772122 0.314580535785923 -0.0293354571467753
0.0742651248526544 0.121052386760397 0.234792210760873 0.0384938540165727
-0.0309355977969803 0.130462195475554 0.111668477482149 0.098595444303726
-0.105010593800478 0.0257151365934744 0.0282320860438008 0.0597466278360286
-0.0559207588212385 -0.0668804463720067 0.0995669330167248 0.0337455209710617
-0.0499131659456691 -0.0739960340555832 0.127021031153011 0.108028271888874
-0.0543680711538297 -0.11210077186947 0.164035233463361 0.320334623756991
0.00081969686844033 -0.0637274451570014 -0.222428672810709 -0.374232870333151
-0.0771590904107252 -0.0282707617869984 -0.212248371538746 -0.101212366951549
-0.0749491749198409 0.072748098842031 -0.0992265319195363 0.0192688719252302
0.0535401411272052 0.0819747670654615 0.0142288706802205 0.00488800232290797
0.0899593784234163 0.00569787582863084 -0.0438784459974354 -0.112282650925216
0.0512246157719682 -0.0508879402024739 -0.218549270094542 -0.0855047470145669
0.00188624875781626 -0.0708484638521625 -0.318565517558275 -0.00469127323148732
-0.004881697243599 -0.070804913505933 -0.354634752748366 0.0284416303022257
0.00576437570768536 -0.055008368721878 -0.383079537903424 -0.0109175027402314
0.0520303943231418 -0.0337048880683013 -0.331008807555666 -0.144175221155528
0.0638524919605686 0.00225783731196965 -0.132002900840198 -0.249242610175393
0.0135809109000219 0.0548025139140511 0.0673989380984868 -0.111176630518212
-0.0737879845802543 0.0241817815298187 -0.0858648032430143 0.00868209734180976
-0.0287906657709301 -0.0711295671172382 -0.235113039113256 -0.172682793250906
0.0384151679310592 -0.0679762760774729 -0.139269582507391 -0.648689181852642
-0.0609040039985549 -0.244595347836363 -0.222187047784129 -0.313509434478546
-0.182118271168229 -0.116095322929294 -0.200922285435116 -0.0945704248205098
-0.181453177408184 0.079137745169095 -0.10345602317473 0.0464629905367248
0.0107417762950635 0.16711635149792 0.0282417180182893 0.0323806311299725
0.132199258544307 0.111377010165201 -0.00381919171601125 -0.100805996554928
0.158776635330844 0.0126271096930729 -0.175835587279508 -0.107403106158237
0.126677306106274 -0.0650436388704586 -0.286542524920242 -0.0334921370353393
0.129516859282524 -0.0837306642550058 -0.323964718602444 -0.000553200668264576
0.152872342617239 -0.0521456397734764 -0.341814912392224 -0.0355759198206075
0.211592473324787 0.0411659925121502 -0.284583260819474 -0.144136601029609
0.149625651226996 0.165124785079363 -0.104314773676877 -0.21478965270006
-0.0414030699558562 0.229380960625795 0.0748964612085639 -0.0740832348893467
-0.277813188916688 0.0936459033206442 -0.106170907134887 0.0283736939438065
-0.24111780970598 -0.194441131417992 -0.246156400056544 -0.17324080850508
-0.073004529070976 -0.311594247182198 -0.128458725499516 -0.609489814072308
-0.124180938499977 -0.400637877119094 -0.206431305344981 -0.195744473872817
-0.286527577506514 -0.191744167721291 -0.17082025992861 -0.0744857333398232
-0.286593477935046 0.0904527326404332 -0.104371021578616 0.0601909784164633
-0.03398225331964 0.251719043817947 0.0237006598243717 0.0513451178260056
0.167754485906852 0.214358867975339 0.0257203657301868 -0.0685185015651136
0.254884746392725 0.078235912050746 -0.111754596593683 -0.10687283634814
0.238672066231849 -0.0505930289482155 -0.212939602816922 -0.0539602901318663
0.244937558834518 -0.0852314763446964 -0.244961397738179 -0.0299928705920499
0.276854081129819 -0.0404980021987322 -0.247583901488531 -0.0562149852530623
0.342313872833214 0.111986557996079 -0.197379579650522 -0.125903125510159
0.219408984437938 0.309192920018004 -0.0602779715775303 -0.157375937692831
-0.0923723755727332 0.381755243513104 0.0821813324823612 -0.0323974239288385
-0.453228677272859 0.156923303595679 -0.0999772299501416 0.0505245817908367
-0.428824804421856 -0.292533760684148 -0.219937563779684 -0.140726255185828
-0.172082920540255 -0.510190246584016 -0.091544255375114 -0.488884884491394
-0.183476448682297 -0.513501185480812 -0.165845328550113 -0.0251918038443607
-0.392684508162518 -0.238346426468556 -0.103490911642686 -0.0376149325664721
-0.386713971851231 0.122182782913024 -0.089798098099156 0.0562598784119183
-0.068489422817593 0.339746907697222 0.00182422567035842 0.0643776426882078
0.200071653800884 0.304209930702693 0.0500933881755881 -0.0105165252293479
0.329344031199293 0.132801702807938 -0.0223956077644446 -0.081044328423015
0.320079104889402 -0.0315963388594524 -0.101289073591798 -0.0640196973774981
0.321569327503746 -0.0738746903715468 -0.127117410669066 -0.0550330624489507
0.352907403338795 -0.0207294084962915 -0.118078259345032 -0.070901835377247
0.421441836750094 0.16407683456564 -0.0800994138592284 -0.0962400049668048
0.259922486141289 0.404235427680714 -0.00131349468245077 -0.0820995430666824
-0.125101386308711 0.477073135377776 0.0891899211983208 0.0127756665208329
-0.558398041251418 0.196105115048132 -0.0651123547903662 0.0699777856867887
-0.545612802613871 -0.344714992267626 -0.152712752451355 -0.078442222005545
-0.236602152929631 -0.62236012551277 -0.0322405622952683 -0.305091927366358
-0.227484051447913 -0.558492571842241 -0.0952035359509131 0.181083556483753
-0.467078721661082 -0.247568887651161 0.0085339132921737 0.0148508860640169
-0.443753139204457 0.160441735242112 -0.0566460618018724 0.0350316426982791
-0.0846237736810563 0.400360079485071 -0.0283132400011339 0.0787919058091426
0.215287661798913 0.354429236573761 0.0774076190088631 0.0713802698545331
0.363994354799165 0.166468426132568 0.0894581506096207 -0.0339739060623398
0.357275184436537 -0.0106718820653216 0.0355614184614388 -0.0640131118476701
0.348334788155914 -0.0502707886610614 0.0106575449780423 -0.0726092065510554
0.371355002814932 0.0046735327096116 0.0244300118658277 -0.0775915946105226
0.42505980793251 0.187543996263518 0.0447508296672814 -0.0627790181679085
0.248741426756276 0.421831930833146 0.0631480083924808 -0.00534389633246352
-0.135424171219748 0.469611803906274 0.0935232098629011 0.0545578183898778
-0.548186739568058 0.186055947319469 -0.0109316219977257 0.0805750253876603
-0.547337006471679 -0.335793280593201 -0.0559409688524823 -0.00632983046240686
-0.248971994416966 -0.623132208690132 0.0382716431999234 -0.0944525431516445
-0.235501816056514 -0.515130546199995 -0.00542585317261177 0.391039152107839
-0.462073317474266 -0.212646060353609 0.143444048461032 0.0753817132351856
-0.42178382207803 0.169535171357824 -0.0125581220303561 0.00583496925841856
-0.0849645601402766 0.38430708453248 -0.0580323258985529 0.0960605840019878
0.190209671372652 0.340649223754991 0.104585737628293 0.162850534702848
0.335015488101985 0.172568159848954 0.20628298047145 0.0267464607248511
0.337785432026589 0.0110310904556912 0.177848345994579 -0.0548114613988058
0.321654416916062 -0.0199621601197686 0.145407071024987 -0.0804165532887902
0.330237500764571 0.0311829109907141 0.15406188204878 -0.0747894356837524
0.34916731387004 0.183647687172415 0.148871833469779 -0.0296475424660423
0.181031036599448 0.359172164780569 0.110771230929287 0.0528057142803655
-0.134189224703816 0.356824307702441 0.0864159359444332 0.0795618903950081
-0.423999320715721 0.113693721280964 0.0420284676563541 0.0752826391080533
-0.42805450376303 -0.276602516024428 0.0359143942373207 0.0541348028950215
-0.208135414259204 -0.512153299857518 0.102911012997461 0.0964335345714408
-0.199698462199848 -0.38551729121849 0.0826402387311558 0.567686862856345
-0.360683300570977 -0.143297531266189 0.262171214066217 0.135717744524882
-0.306759560167285 0.132427438107334 0.0328855709521941 -0.0212219834620563
-0.0717378621205381 0.279078516833195 -0.0820403359680293 0.10271678038382
0.121732588172316 0.2588013671417 0.116285236241418 0.238952417812184
0.242765195384891 0.146225496152399 0.299716055726235 0.0901950129969511
0.260139220509113 0.0326521571875526 0.301212903360677 -0.0356462429213698
0.245273991957647 0.0170506244070264 0.258101751590296 -0.077141420266687
0.241305027384261 0.0539362195590252 0.248724024300417 -0.0601527990963726
0.219901919982185 0.156973709781234 0.208194355356453 0.0017986319765273
0.076709004280383 0.24925997224837 0.124725266260695 0.0844437141407346
-0.122946314620162 0.188074942775298 0.0615902371525661 0.0777813385620404
-0.238280027655785 0.0130646975237601 0.0785064255815408 0.0541521093446139
-0.236793829538498 -0.182051022931612 0.0956336482757673 0.0885602016324344
-0.132607528847638 -0.325980327148912 0.145872115386607 0.23379534786856
-0.1283341646756 -0.187250341874668 0.146414256815605 0.674406597540196
-0.189677217854628 -0.0496197442918183 0.33887568435662 0.185753447933436
-0.130638599796162 0.0700782866255304 0.0720420684266179 -0.044976423508693
-0.0434449757097115 0.118195024835588 -0.0964182901217697 0.090149383908338
0.0320752481946619 0.128830670488429 0.105124343301848 0.282254394638456
0.106189438468823 0.0968943556267684 0.3487667021422 0.146116480774811
0.138820994215621 0.0501993873420817 0.381132668459707 -0.010911280930737
0.133793815811453 0.0497213645167763 0.329902041575265 -0.0629891549566257
0.124482872588291 0.0686801747589135 0.30015963513975 -0.0364124565688837
0.0754654287673007 0.113201003607765 0.224338614600275 0.0306055823548975
-0.0239863784936534 0.126153751362919 0.10815586842351 0.0930637467679276
-0.0999298728173306 0.0293805503662615 0.0272720257913271 0.0556110409429073
-0.0572551569848919 -0.0635114868793591 0.0943187917626075 0.0238951282162371
-0.0492020150090889 -0.0701660852665991 0.123379384482932 0.0984019282973471
-0.0521585551349563 -0.108890112339943 0.166005860415217 0.302576256923157
0.00138264494406519 -0.0612641450738801 -0.214932304823543 -0.367204008435594
-0.0736877265537007 -0.0273535677288675 -0.207978257805661 -0.101289369153291
-0.0727647557752541 0.0706950303229969 -0.0945225981979892 0.0190831775499267
0.0516646506896874 0.0786240803135578 0.0160542735793149 0.00485074792787883
0.0872042769574627 0.00454277141726903 -0.040706844141925 -0.109879236440708
0.0487588641758594 -0.0491313020994505 -0.211297763942825 -0.0844793868806885
0.000689296498626544 -0.0680729530330517 -0.309563367139212 -0.00829959214547695
-0.00514144346972406 -0.0682736106011778 -0.345876601051629 0.0232723545587692
0.00678181018442326 -0.0533981720871628 -0.373594815097093 -0.0141715305703153
0.051139850065973 -0.0331333323402902 -0.321253164152535 -0.142276200164481
0.0607644860257776 0.00159403975299063 -0.127753207068954 -0.243297021301533
0.0126035121845309 0.0524871203062818 0.0646640868037904 -0.110033436572101
-0.0698308489688662 0.0237765410538299 -0.0820032989846237 0.00705123112652076
-0.0268011641814073 -0.0679609358919278 -0.221972408927633 -0.175269022921546
0.0362445049224884 -0.0637918304573745 -0.128869189003522 -0.631724334634803
-0.0578739428642341 -0.235535479887175 -0.21372129403867 -0.308695144093177
-0.174385233727944 -0.113440547907817 -0.196954483785155 -0.0955340173963231
-0.176181529965669 0.0751462453225428 -0.0985983675477731 0.0445975537106766
0.00933469893997785 0.160350102049243 0.0291944521656234 0.0321331868463592
0.128040651780052 0.10811245071213 -0.00181163227228132 -0.0986261551601456
0.154314037431003 0.0131983205861703 -0.170759111810733 -0.106720427341145
0.12225453036259 -0.0611284969755936 -0.278246816935206 -0.035760391657859
0.125708812175412 -0.079247742397554 -0.316797810745716 -0.00541162187920036
0.150137186326036 -0.0488956093481598 -0.333030960564261 -0.038600867013479
0.205929261599977 0.0410624665527887 -0.276177195657819 -0.141382868960653
0.14308975337265 0.16053100047491 -0.0996991438553411 -0.209270621932242
-0.0439051705305754 0.221811824928011 0.0717990435684527 -0.0746703103169678
-0.27031139011784 0.0884054089035543 -0.102580797709732 0.0240197531289465
-0.231704121525355 -0.191075711048229 -0.232436356093821 -0.176855782523894
-0.0684023032129664 -0.302936544246117 -0.118119192905683 -0.592230373435906
-0.117104448515237 -0.387552629542628 -0.200248861955741 -0.196501709246669
-0.275280918779501 -0.18783004569364 -0.169450470767677 -0.0768002165784246
-0.278159143624699 0.084321828105654 -0.0989283936088785 0.0582372982894551
-0.0353486717148296 0.242482025340712 0.0240005146527332 0.0498105997240803
0.163015182237495 0.20851345736392 0.0264527280422316 -0.0680685467734603
0.247425626528308 0.0766219602331942 -0.108528447538008 -0.10664527003697
0.231030682803723 -0.0459517004558012 -0.206365818006401 -0.0540583697750865
0.237903402220189 -0.0793414852363856 -0.23866711921084 -0.0323471292811256
0.269907667115204 -0.0367535603449046 -0.241876941122694 -0.0580481255626334
0.333538309108114 0.110605001256322 -0.192269226500905 -0.124512222181644
0.209787279922997 0.301578971591915 -0.0562575493622511 -0.151888688887436
-0.0948625766555113 0.369625960270608 0.0780294801880959 -0.0348199928718011
-0.441555028162675 0.145934156552755 -0.0979261713979208 0.0440462047405133
-0.410964024898888 -0.288477619534838 -0.209780473357471 -0.143856245504648
-0.163056348801731 -0.499339472639898 -0.0852484184552692 -0.474950982558995
-0.173334667157761 -0.498306065971935 -0.162728550354827 -0.031299761671312
-0.377468822676466 -0.235530453147972 -0.105971036060104 -0.0406078326724935
-0.374480982706302 0.114820394671158 -0.0841075661110309 0.0541923047550398
-0.0696293646821191 0.328483927531929 0.00344851245308384 0.0622440308623776
0.194969876089862 0.296456912818114 0.0499654986974278 -0.0122752801051313
0.32084243675178 0.130507038380689 -0.0221290590020743 -0.0819117730570697
0.311423672645422 -0.0265726445279816 -0.0981615728966992 -0.0635775344518706
0.312937541481026 -0.066919248623923 -0.124340225260659 -0.0558835238274848
0.344028830276322 -0.0161363446454744 -0.115916244037816 -0.0711922520947389
0.409168980577345 0.162036239290315 -0.0779679493250443 -0.0945357644050962
0.249437538966402 0.395430592813345 0.000960583085642502 -0.0782064418109821
-0.1268639754105 0.463982885988798 0.084320318809944 0.00913421238540076
-0.544749812371024 0.182851752685051 -0.0654836109260929 0.0618450205501574
-0.52482799794256 -0.338807912579544 -0.14622424880835 -0.0829506367719984
-0.223045237590388 -0.61086120866847 -0.0300162488288445 -0.296648313726839
-0.214238309845413 -0.540820479773432 -0.095688029713655 0.169179860868569
-0.450242873244399 -0.245808094455911 0.00286663057321964 0.0121807814302421
-0.432037753554579 0.150003252156375 -0.0530361201468686 0.0349677410493558
-0.0864839324964545 0.38794979234061 -0.0261064241575276 0.0764525861877875
0.208997702929719 0.346458445702811 0.0763823302639804 0.0668203302891158
0.355141788776432 0.164167633752799 0.0864486634103082 -0.0360694452499841
0.347481189715587 -0.00717996384487826 0.0349180024609826 -0.0622981986146803
0.33847489645322 -0.0442937815149165 0.00981749403767814 -0.0712989616982751
0.361232002450004 0.0077994275758888 0.0229678103452787 -0.0766282951375388
0.41148940863928 0.184840188422197 0.0435988268493325 -0.0605381905969297
0.240817733380241 0.409550886518637 0.0635907128677022 -0.00279402918441842
-0.137224656497887 0.457095625951365 0.0878141390612122 0.0510301262561369
-0.533602839063291 0.173116079337776 -0.0142255078108892 0.0718085981183852
-0.527631734371641 -0.331795311052359 -0.0542324619872103 -0.0107705267495782
-0.234854897781395 -0.61022867855845 0.0362146490523072 -0.0913980409190275
-0.22245699908848 -0.500835602944703 -0.00874208778794017 0.374767349821256
-0.446582262436501 -0.212560664812149 0.13365637880976 0.0730101392815956
-0.411418309134108 0.157263501321702 -0.0106999264952563 0.00739583079481051
-0.0869440239809288 0.374156684481547 -0.0555380046363672 0.0932066517819668
0.184379962997635 0.334695861962775 0.102066401767352 0.155554179336866
0.32763935916824 0.169597370624746 0.199482697321855 0.0232778665333374
0.328909773541445 0.0131044905745926 0.172943829462772 -0.0515106449072408
0.311952172926891 -0.0147184633219744 0.141443435484953 -0.0768491422932983
0.321190893555176 0.0331748434569799 0.149592979345844 -0.0725674514001481
0.339519745758276 0.180744136892313 0.143843348667064 -0.0277190716072617
0.174147480168712 0.349204008564527 0.108972823001892 0.0548122950020427
-0.134680638810862 0.346237579403692 0.0807481102571043 0.0749488269988187
-0.413063407523483 0.103261560238612 0.0374141148293796 0.0663212222497575
-0.411159608512948 -0.273286060352513 0.0331477234802853 0.0495363746528522
-0.196433547324525 -0.504140042522364 0.0975782825423676 0.0954207717832197
-0.18887025098352 -0.374508449156326 0.0746787990756657 0.547443297912045
-0.348361285142803 -0.144535819254182 0.24925404718131 0.134711151043183
-0.299231169097036 0.123317846475245 0.0319570974386265 -0.0175516007051307
-0.0744673735875472 0.271758194343326 -0.0785850133172484 0.100059784197591
0.117601573823275 0.255341854680625 0.113505477830682 0.231083551112905
0.238175741649719 0.144106285596631 0.290895053366252 0.0864394600116831
0.254128396734303 0.034258526611151 0.294009370981792 -0.0328386058227794
0.238952556390614 0.0198546306048573 0.251903746141641 -0.0725496095082772
0.234140631358577 0.0549585618548158 0.242335805840899 -0.0568867706226255
0.213752490223796 0.154388720911538 0.200980775793626 0.00353321330051708
0.0736197039905847 0.243436042356419 0.120993383503431 0.0846176077796306
-0.121691534815617 0.182986825114316 0.0577663788303673 0.0739020560690732
-0.232792721718865 0.00880763795794002 0.0725281857620961 0.0472769304139861
-0.226536822261997 -0.179307749673884 0.0904537697446727 0.0857729785052943
-0.123866495274814 -0.32128830748734 0.139325478910307 0.228572050400183
-0.121287795158204 -0.183260886451559 0.136575195212227 0.655142386759253
-0.183425290514882 -0.0521738250028495 0.323928181693532 0.186360012670277
-0.127823408330941 0.0649064360391699 0.0697829918795288 -0.0400116893520087
-0.0448124248983284 0.115958102909131 -0.0939963052508791 0.088569326536942
0.0307598203811446 0.127523189409872 0.102129134936285 0.274296691395208
0.104716587875247 0.0952579727076548 0.337814801591594 0.142496588786267
0.135898681605692 0.0495444285862271 0.371541560589276 -0.00793318666914867
0.130582687837329 0.0504273581891995 0.322756568953703 -0.0571045642186528
0.120694200800189 0.0675690990107094 0.291885107354414 -0.0327991315216366
0.0735293187424937 0.11140872935047 0.216413644878226 0.0324956453034375
-0.0232064053150353 0.12363995485893 0.103078391821453 0.0925060287531507
-0.0979473724919346 0.0294330474430316 0.0243376237537513 0.0527624413414664
-0.0571277544002998 -0.0626336116704564 0.0893400347137694 0.0192548746366532
-0.0466037497695933 -0.0690561017030014 0.117721872131682 0.096895768213565
-0.0479432740207428 -0.109472468181369 0.15864245280478 0.296846830599906
0.010073889649452 -0.0585449652863857 -0.158745206613068 -0.396335622996366
-0.0666277034450868 -0.0393175713844244 -0.192047742777345 -0.13566934424702
-0.0820116372524203 0.0587192614319097 -0.0973080292984349 -0.000324907556384568
0.0375201757184844 0.0840786765428227 0.0127059239762469 0.00672392062748525
0.0842443425415111 0.0179645083497216 -0.0257103800006744 -0.113843927938562
0.0556439878400168 -0.0386541666364513 -0.197805412226817 -0.113987332202415
0.00918248204368496 -0.0659467299367506 -0.309693265005367 -0.0521854301445789
0.00354793710569286 -0.0676488384707351 -0.349089679790612 -0.0365845199110669
0.0130222440538601 -0.0485187524775765 -0.371539109930875 -0.0770560051073207
0.0530473216815899 -0.023786311764617 -0.297805945999364 -0.195037069208163
0.0555399090053577 0.00979119402470127 -0.0878452081685745 -0.266007626586693
0.00213819807979196 0.052342695314123 0.0828664313240083 -0.102425998598549
-0.0712314640590809 0.0143879232725305 -0.079411836990685 -0.00729549127871312
-0.0174430890311179 -0.0677037711656545 -0.188067585522903 -0.215654978170184
0.0362573510179113 -0.0551501156276884 -0.0166325488034394 -0.657019461902901
-0.0221441276767263 -0.239982716752133 -0.153933312024827 -0.336516549616798
-0.152271396764508 -0.140484045290827 -0.176516885001451 -0.130932409110158
-0.183890231951316 0.0465034070663016 -0.101401783889551 0.018417798194024
-0.0183625115091621 0.157660313257267 0.0222132332474756 0.0296889611897695
0.107899232379094 0.126326880366934 0.00659247008605746 -0.101555223111739
0.150011894306815 0.0392454410126389 -0.160284954046584 -0.129978067271324
0.13039004455912 -0.0387273498608453 -0.276758547815492 -0.0762006966930149
0.136062089033748 -0.0563189469965288 -0.314725907811826 -0.0585617518794607
0.153138030159189 -0.0196020649449085 -0.32738830946588 -0.0960294416233421
0.193242335792325 0.0745615200395994 -0.251189523126858 -0.191218713533786
0.109155855650414 0.179447882775502 -0.0618666337488004 -0.228918448434656
-0.0839844311949456 0.210398496264554 0.0860003288058477 -0.068399531706898
-0.279280748134743 0.0426190781775182 -0.101984526344526 0.00843555781608009
-0.196662223774348 -0.225017512947909 -0.20022520889713 -0.213378976031154
-0.0241507057741967 -0.310618907689389 -0.0153570575286471 -0.61328966087101
-0.0593553325745171 -0.397923270658589 -0.143319775654963 -0.22107698538208
-0.240043593864412 -0.229515965437159 -0.146395671164753 -0.110807700605946
-0.286282020003027 0.0379232518472944 -0.0992229437335465 0.0260939877514566
-0.0769398032827901 0.230606864449678 0.0149330012878437 0.0422956402232452
0.124193738348283 0.23118572995234 0.0270601451667529 -0.0714333998995968
0.232880533899525 0.117149924664504 -0.104505966981356 -0.120445702485384
0.237233114425241 -0.00560772895017294 -0.203900380801927 -0.0853482748508829
0.247927096170773 -0.0366514079925378 -0.232586709319651 -0.0725425873112892
0.26840987578844 0.012364414482884 -0.232631378152828 -0.101407927853346
0.307415393171306 0.164611364792648 -0.168400619774251 -0.162233601370127
0.152646605596124 0.328916567759157 -0.0251807134597075 -0.165377808670168
-0.159806349798697 0.347074708689744 0.0875378764417483 -0.0292981708002351
-0.458872585092929 0.0708827890859084 -0.0992953540134957 0.0297630035318227
-0.356294326019891 -0.354149409530738 -0.184570205121248 -0.170339391015093
-0.0796583282642071 -0.523135534183495 -0.00591097916877915 -0.48765045811883
-0.0995979277292978 -0.514689109264621 -0.1192436492613 -0.0516375733564851
-0.334474924653794 -0.293354741000129 -0.0833344881770309 -0.0672716100443898
-0.38569571861025 0.0516083802388569 -0.082724249997254 0.0191724500108321
-0.125593651537033 0.310137848947067 -0.00787875562042042 0.0468803829596689
0.140316311657729 0.323234653504347 0.0399243352779975 -0.0168418119793157
0.296231016804635 0.181508235131605 -0.0256081190496439 -0.0832954365252022
0.315152504358607 0.0260132853550695 -0.0962470439093286 -0.0796703049187732
0.320260496150293 -0.011878567527008 -0.113974719707217 -0.0761417778641578
0.338835996371311 0.0434656129918759 -0.104153703380767 -0.0945219005577474
0.374476974584597 0.225213289298223 -0.0595476392794335 -0.115166905144181
0.17787939104019 0.425910589263055 0.0211289755098867 -0.082273453935968
-0.208771565067772 0.433765967456336 0.0869244128708146 0.0149014398009157
-0.565692029138948 0.0881266362968417 -0.0704297776026481 0.0530132473385844
-0.456672789729659 -0.4239425216491 -0.132684182806347 -0.0944754869386084
-0.116253292663464 -0.643878471760829 0.0171973281780404 -0.295046092725688
-0.132865927017014 -0.565240311453237 -0.0773263208323021 0.156992089267194
-0.403628210404779 -0.315326895631037 0.0191656086435846 -0.000872194598367243
-0.449921895806108 0.075565948257808 -0.0478892213005806 0.00088116583429707
-0.153118807969625 0.364981274258029 -0.0401212136145296 0.0545282249212576
0.144886228465837 0.376265862044051 0.0530388308729511 0.062449790432115
0.324987799236433 0.218922889708787 0.0731720466119805 -0.0221269479835764
0.349185646057475 0.0526076284605199 0.0359190433014714 -0.0596811731899687
0.342940721276892 0.0146303889919656 0.0220948785362052 -0.0681449600134857
0.352392113720326 0.0689572306706828 0.0357903497475647 -0.0761083670998933
0.374873415307159 0.248409410106472 0.056186898767442 -0.0608991703694544
0.167484764684708 0.438981189275675 0.071176062225139 0.00383476231737527
-0.216540817410998 0.425653962513163 0.0828797577063593 0.0571233060059437
-0.553972463532913 0.0794763459178936 -0.0222191237453635 0.070649858501995
-0.457758140078419 -0.416667837247066 -0.0550783797283177 -0.00613047317445243
-0.124783468985885 -0.645661992118528 0.047568380470869 -0.0770770754373749
-0.146029438552106 -0.528434933092274 -0.0229136162668727 0.372865726567988
-0.405326675089925 -0.284510997100324 0.14054917939175 0.0802828594754413
-0.430772274690156 0.0868035271519578 -0.00395704117761837 -0.0188613755481066
-0.151104935062099 0.350901835767649 -0.070963573215682 0.0672873756743633
0.122862507125133 0.36239077501467 0.06699247921748 0.155253876541182
0.298059668604239 0.219267326650722 0.178319359899471 0.0541194889239318
0.327779112443928 0.0684965803264321 0.174104824547041 -0.0293249621665113
0.313017336360456 0.0402351398071937 0.153685739666264 -0.0517232325802689
0.309057420064698 0.0855245763216561 0.160964097327153 -0.0501654079326921
0.3043679755837 0.231674384968795 0.150046480118412 -0.00994280338405678
0.113912859003839 0.369731102046038 0.10582834450528 0.0697744518431316
-0.192383956660867 0.318047914223387 0.0713812385934923 0.0822746182549506
-0.422613035949146 0.030618213172272 0.0275639280975433 0.0723388220744176
-0.352998215277563 -0.338362916468739 0.0208339821584778 0.0660309764024253
-0.10206249372561 -0.533965362600628 0.0770129787669757 0.119670332373523
-0.132062357045989 -0.399759764658751 0.0262987720574996 0.555622369456687
-0.320405297344442 -0.201785187794251 0.242061205934065 0.163262828708084
-0.315400443789015 0.0708165566542964 0.0394786344352458 -0.0301672746230185
-0.122234305954303 0.254023551811914 -0.0938570526859999 0.0761969076358657
0.0698389435430501 0.273779761947138 0.0711166566690859 0.234801032196705
0.213166851393689 0.180091014359908 0.263717178214419 0.129968021210883
0.250861471197398 0.0760608600355981 0.293165108050307 0.00730471219761625
0.235638900615608 0.0611799258537565 0.262779851590048 -0.0280593178592157
0.222196501029714 0.0913035842874359 0.251156765988128 -0.0193315022719236
0.186136112341645 0.185683492586213 0.201495967072204 0.0334875530035103
0.0347725960597861 0.249757684721349 0.110205180854605 0.103748077398367
-0.151436640132169 0.159519656965998 0.046442578386378 0.0806781004595606
-0.230041206617463 -0.0319849857573608 0.062834362653058 0.0566244308318638
-0.189032154218154 -0.216665008047698 0.0716545918064115 0.107358257175108
-0.0609832004494442 -0.342845466750596 0.0968980968401315 0.259281644648857
-0.0931055791239671 -0.201546957670606 0.0556421590112699 0.670121256419996
-0.173551100651649 -0.0827463497400745 0.301352447881538 0.231845495609842
-0.137284747063879 0.0412496366540837 0.0759933808852644 -0.0347052484924794
-0.0660100663270979 0.106692437894597 -0.105654651497623 0.070565255477901
0.00680752639011971 0.133650641159059 0.0597672070343514 0.281882237886337
0.0891536266683239 0.109644590587397 0.310531641627075 0.191899572487175
0.130872998441513 0.0714375460584266 0.371470489836868 0.0436635786806385
0.123991849882363 0.0720008983444624 0.330520740817303 -0.00149820927859585
0.109016738093844 0.0835334590680345 0.297216577099994 0.0154221827861732
0.0552623279657981 0.121072451575382 0.210941319188676 0.0677672734751542
-0.0400545311358776 0.117135460807848 0.0887416226409714 0.110556887571509
-0.10087543942514 0.0130892444333665 0.0161133919730394 0.0561102793565646
-0.046844020418895 -0.0735179668386854 0.0819376424675433 0.0306741968179968
-0.0318356344376899 -0.0782259348999952 0.0978388429118934 0.118013850214543
-0.0212825766123492 -0.120427666301393 0.106979950342 0.328032434730867
0.0100949338466327 -0.0600237732168438 -0.164279745772019 -0.411956201497276
-0.0684749565735388 -0.0403629924221895 -0.201489915830016 -0.141574301954418
-0.0839950032744972 0.0617648327329863 -0.100408862951689 -0.000624155183396389
0.0390512805082695 0.085450508573281 0.0149913858585705 0.00773159286756219
0.0873999511909955 0.0167625471627693 -0.0241227532551973 -0.118298417721301
0.056787172025339 -0.0395364632730926 -0.204188942834294 -0.11722550260885
0.00782432131886186 -0.0673139989722687 -0.320881283098971 -0.0557378281062852
0.00282667577132066 -0.0702169196439179 -0.364528654439709 -0.040259731521137
0.0143444224519913 -0.0498127708310272 -0.386654702101565 -0.0813913789722197
0.0554758398842925 -0.0261096789889065 -0.309517806433659 -0.202220859681465
0.0567107461358482 0.00883825699348056 -0.091555762829174 -0.277074270526925
0.00166709969466783 0.0537331943606946 0.0852796742587081 -0.108370991159635
-0.071664874925079 0.014804276328969 -0.0808592845759836 -0.00870655178243365
-0.0180421708525454 -0.0691215113469606 -0.189790827647 -0.229525855290755
0.0364202933236607 -0.0546774033783849 -0.0143824672542628 -0.680070398726034
-0.0223955729734131 -0.24676095587621 -0.159449991221564 -0.351581808682234
-0.156061228376314 -0.145293244646314 -0.186248175811632 -0.137935371941063
-0.189410448853578 0.04734805312269 -0.103994892028504 0.0182800158560577
-0.0194591383413153 0.162043645155997 0.0244719578953281 0.0318408755845725
0.112279089897499 0.129257212133876 0.00924037711612465 -0.105500083722573
0.155792441698822 0.040262232672461 -0.166020192701452 -0.134701269891822
0.133866496786405 -0.038582914913101 -0.28720751901045 -0.0798902295974497
0.140556932414094 -0.0575149985790463 -0.329228271406917 -0.0633910050295092
0.159993714021966 -0.0190656905949018 -0.341165774490629 -0.101198153382251
0.201470434215266 0.0769752520556417 -0.261376381273991 -0.198057005416006
0.11256238184643 0.185421812192763 -0.063395810097526 -0.237717263044858
-0.088769322123794 0.217303533896013 0.0889818339798505 -0.0733546668402786
-0.288110410939009 0.0416276103743502 -0.105737887973279 0.006380537805508
-0.202122505505492 -0.2345456384712 -0.203420872818515 -0.225770380664974
-0.0245321067371078 -0.323403725198451 -0.0130295395850962 -0.634252729513256
-0.0589796219387907 -0.409692244160823 -0.149847139264473 -0.233330749673536
-0.245456482657868 -0.237886217429372 -0.156136357517545 -0.11709637656563
-0.295205416738258 0.0381327284042449 -0.101816099049722 0.0258186853150678
-0.0797432517682174 0.237292726621216 0.0168046091184412 0.0442770460632117
0.130305203856461 0.238343931002526 0.0299360953500746 -0.0748367338953359
0.242644738991874 0.120504776446172 -0.109131847276765 -0.125870902377997
0.24539581601993 -0.00479405443144673 -0.211824949531629 -0.0893665665140133
0.256449419904299 -0.0358396508949587 -0.243403650445016 -0.0771404987144717
0.2796733064219 0.013789866133095 -0.242995456345666 -0.107101554836462
0.320458179130207 0.169762365439183 -0.174910777524974 -0.168651536559555
0.156676348736531 0.340506860549779 -0.0248963153210166 -0.171553180164183
-0.169220303177992 0.359099155685347 0.089019329227479 -0.0333586916571766
-0.474864072969866 0.0679008141961284 -0.104981047822611 0.0261370810295379
-0.365612740677441 -0.370565671867674 -0.188181276706937 -0.181777421309689
-0.0809264832803361 -0.544020920576379 -0.00480087663023817 -0.503913453725182
-0.0989768566943091 -0.529711094485652 -0.125607326536876 -0.0590226743455178
-0.344237099456318 -0.305938589834908 -0.0921222659017121 -0.0717184961697827
-0.398868879781546 0.0495040582662414 -0.0833082924469311 0.0197346309890884
-0.13215351433704 0.320024646377089 -0.00688256259280159 0.0493899533898371
0.1474050178193 0.336251815643771 0.0429124425432712 -0.0189592991451812
0.309748387534741 0.186956120634531 -0.0284231123708414 -0.0882964451919648
0.326590415891493 0.0276342895216754 -0.0995706985022224 -0.0824971076044334
0.331306644265078 -0.00946228344728228 -0.120112609429663 -0.0798824841440575
0.352033027236377 0.0466971466682659 -0.110121712868286 -0.0996271620731705
0.390536824066665 0.235213931131703 -0.0614870209954662 -0.119692106423477
0.183239251573627 0.442103328786833 0.0248724641295476 -0.0842493841507576
-0.218039802650959 0.449213273800446 0.0875777280985696 0.0120751244228997
-0.585512461563082 0.0854631206430969 -0.0765906518609583 0.048934042854537
-0.468584192671335 -0.443876698986775 -0.137468289222675 -0.102232721424316
-0.119498037358765 -0.67129111198676 0.0160783114850747 -0.303612097085149
-0.132234706553948 -0.582847794452005 -0.0823381554374144 0.156787729488217
-0.41539573991787 -0.330327116458027 0.0138925298386319 -0.00180965431229376
-0.465930505668776 0.0730826420162436 -0.0471468603965667 0.00194772073669359
-0.162466127401079 0.37863382766293 -0.0389790903665871 0.0567094961124196
0.152889346486966 0.391023540833173 0.0562180572487079 0.0639260850631135
0.340187610751687 0.226327600156354 0.0736244241680437 -0.025323402910865
0.36253617329839 0.0548201918004429 0.0373783245216532 -0.0618810145725207
0.355861839843876 0.0187103961012164 0.0214490437730945 -0.0713104368517152
0.365739451295561 0.0726639190684767 0.0359514119919554 -0.0803995700334467
0.391020258555396 0.257215939564923 0.0573739198510722 -0.0637348878798473
0.173573143378966 0.456122924446184 0.0770597618282504 0.00552141771194667
-0.227104578389662 0.440398131432918 0.0834992031233258 0.056740266245431
-0.573643702096175 0.0767811266686837 -0.027978759163561 0.0667321734365745
-0.471040512862963 -0.435953038541641 -0.0584933870187146 -0.00893988821679781
-0.127627599085234 -0.67357900787792 0.0462435362647922 -0.078446234373963
-0.146214044635794 -0.54544028277567 -0.0277315277400509 0.380791705885468
-0.417383635602631 -0.29788853359234 0.139367490959731 0.0839992774558955
-0.4484270990701 0.0836883858749542 -0.00188412164688667 -0.0173899443678993
-0.160231717671731 0.364969969652445 -0.0728065875343202 0.070834046382447
0.128406954862086 0.377409603917808 0.0704183273008407 0.159836568097053
0.311643358098708 0.227012631708796 0.182797592070859 0.0525521662957198
0.341326702051029 0.0721943514180169 0.180503892867919 -0.0302541048414625
0.324834719439118 0.0444954710829216 0.159841372364182 -0.053325773966454
0.320792157034808 0.0903662826276841 0.165858966100802 -0.0528844649186002
0.317850373455002 0.239840292424292 0.153957041321354 -0.0100584252095739
0.11794128355647 0.38402798809117 0.111591197586004 0.0743424487575986
-0.201459310705576 0.329667541371642 0.0708312238599537 0.0832618624289661
-0.439961173139076 0.028195554891567 0.0232874120950472 0.0691058022156058
-0.363753935765793 -0.354107165821788 0.0195787411515863 0.0672081751604737
-0.103277799594359 -0.557514739135775 0.0765814758178149 0.125628377523739
-0.131345037482949 -0.415686538850532 0.0227938603858725 0.57315965314968
-0.331088764144498 -0.212791172696362 0.246227209579464 0.171584801848085
-0.328572369976096 0.0681703766179033 0.0425231860755771 -0.0281941658914187
-0.129065166359179 0.264618676598244 -0.096860682749782 0.0804025380160898
0.0740356538280577 0.28653682898883 0.0741449119088433 0.243418912554818
0.223383795404406 0.186898400225968 0.273180941290889 0.132494430723111
0.262236245757527 0.0796412117565231 0.304580893760348 0.00901671569200162
0.245667556322445 0.0656945072291701 0.272852718614217 -0.0275800217358945
0.229545823540074 0.0956709164952854 0.259837720907893 -0.019445856808722
0.195151827427327 0.19249219292032 0.208178802080873 0.0351214459475056
0.0366708436790908 0.258504641158039 0.114459463003253 0.109282014069112
-0.157915840686093 0.165529249885359 0.04690416272527 0.0815422381179368
-0.239899871620276 -0.0356991493191887 0.060918109588053 0.0532826828882414
-0.193677807667266 -0.226688532615232 0.0721759778760152 0.111397846801662
-0.0604200830668451 -0.359223721826279 0.097697755574349 0.26940782239795
-0.0926135249037389 -0.209710667964343 0.05198552189851 0.693956110977518
-0.179106305814811 -0.0891111645954553 0.308995052903885 0.244711374347371
-0.143512101634442 0.0391137235288578 0.0794471603114935 -0.0319276395052126
-0.0700322538806621 0.111619633420341 -0.109735634600512 0.0744084279688343
0.00728972264571722 0.140789743942335 0.0615470887286562 0.292351392660362
0.0942172669843206 0.114254584516326 0.322488488686241 0.196993138171103
0.137311870666599 0.0742882186317088 0.384969595700186 0.046506949532109
0.129580783717624 0.0757796664527483 0.344981872004937 0.000962174684969004
0.112989351042117 0.0870575476305504 0.30830297465544 0.0174417309223397
0.0582734906169581 0.125731782865291 0.216965599797925 0.071643305233149
-0.0402286931838972 0.12224816798417 0.0908543690823936 0.116213147748129
-0.104952691090596 0.0146820058386994 0.0151391289195535 0.0573191757982785
-0.0500973108553436 -0.0774247904551475 0.0816463963010442 0.0273949328314616
-0.0315140508005441 -0.0818660510959406 0.0995350751993806 0.123426477033087
-0.0200193785412545 -0.128172028150994 0.109478954657387 0.34130266972762
0.0073853715191375 -0.0625015766993211 -0.186873231342845 -0.423507192899108
-0.0716678065147715 -0.0394874875896969 -0.217932363078914 -0.139158874555173
-0.0833906290952679 0.0682477583973671 -0.105098043457341 0.00333819792467289
0.0434536001240803 0.0854141482241273 0.0177666307519638 0.00868198750292541
0.0909993123894158 0.0118666213686226 -0.0269618149319227 -0.122681651601038
0.0575065132327177 -0.04319819406057 -0.216197523973523 -0.113831036003269
0.00368917115546827 -0.0692893183614874 -0.336984900076092 -0.04623674779027
-0.00108342413376478 -0.0734027708243853 -0.38469032893948 -0.028566454547187
0.014205119195933 -0.0527992418199228 -0.40845880595216 -0.0690120607202215
0.056095947945254 -0.0307863478747026 -0.332158631186225 -0.197977154300442
0.0588881368242407 0.00606953363399588 -0.108852841282516 -0.285851493646689
0.00433468312689689 0.0553794098864992 0.0834738160938771 -0.117917825012241
-0.071248357151716 0.0182793993430403 -0.0830005095098505 -0.00792071565273736
-0.020583296135154 -0.0702441852084444 -0.201530050278698 -0.237173404590297
0.0340786319196096 -0.0566089176414902 -0.0359113716785768 -0.707454876035944
-0.0317338483396232 -0.25427394652595 -0.180681571222357 -0.360449461317866
-0.166925616990893 -0.145427704898681 -0.203885722461096 -0.13629282771657
-0.194265104524299 0.0560212751808085 -0.107855235355705 0.0216122166496445
-0.0142907012717006 0.166667796789395 0.0278933296344137 0.0329878061329318
0.122638532290038 0.127872935596901 0.00733362974612566 -0.110618739400908
0.164269346816305 0.0353728934189667 -0.178635694277371 -0.133473574227077
0.136880918370986 -0.0451463114439811 -0.302529699875413 -0.0733676293409674
0.14342565995655 -0.0642371387994109 -0.348989365421007 -0.0544879159714543
0.167135876149948 -0.0266014177357707 -0.361890606016342 -0.093310068785994
0.214182815956398 0.0711310306731177 -0.281345416130371 -0.196654497553397
0.123323442016037 0.188304369140995 -0.075279843807295 -0.245709946003265
-0.0842988533900866 0.229710769995724 0.0880544179920792 -0.0823171286034709
-0.297998438710308 0.0526483982942871 -0.109618163408805 0.0076643556280019
-0.218441062063798 -0.238447035363476 -0.216586336754314 -0.233483281977093
-0.0382796192379347 -0.334847275075853 -0.0376589855502076 -0.657883840522242
-0.0741816105683801 -0.421895218410386 -0.167277086162392 -0.240115711210153
-0.263998274564609 -0.23963783243031 -0.17214088015054 -0.116331877146941
-0.305223157747951 0.049521922288622 -0.104504701791103 0.0300044421394333
-0.0744848960841027 0.24925748668654 0.0205891625841596 0.0457473430784846
0.147408215553158 0.241016878097388 0.0293887807043548 -0.0795142015134857
0.258649163382178 0.114089949808039 -0.119492369575786 -0.127535082048993
0.254648644963065 -0.0143528522333816 -0.225105671190371 -0.0852591901182985
0.265686661951205 -0.0454640889453407 -0.25987118536042 -0.072412925730313
0.293232208572369 0.00531419532841241 -0.260154407978685 -0.103308665824028
0.342480701014848 0.163753246389609 -0.190188949125475 -0.169260500692066
0.175818725259684 0.349376835961086 -0.0299560770328559 -0.177983700301073
-0.164457442116794 0.381405119564969 0.0895364375786635 -0.0407988413334742
-0.492745089396471 0.0849647220995301 -0.110158085256555 0.0284141970540328
-0.392418994646589 -0.374292486760019 -0.201514802767344 -0.186024173676008
-0.105288384594688 -0.564249599455787 -0.026709048737771 -0.520771758273901
-0.116743087076336 -0.545312671827906 -0.136107710159993 -0.061251368081032
-0.367974929131873 -0.307120567519926 -0.104274015564899 -0.0721017407659287
-0.41443933775228 0.0627465407849145 -0.0840998146087853 0.0232636566761612
-0.125288998837822 0.337357454915151 -0.00355803409445252 0.0517795471044856
0.168468172759598 0.341738280106954 0.0455265016566385 -0.0215955336934986
0.332148443163569 0.179755948492987 -0.0353517682366817 -0.0920122200901154
0.341510406498789 0.0168855717903576 -0.107337539732969 -0.0822664242734173
0.345992861146369 -0.0199185511967286 -0.130241888633657 -0.0799282184628708
0.368996233683255 0.0359921836062689 -0.120362975205071 -0.100391008637732
0.418530964012569 0.227939392709468 -0.0699499543764063 -0.123064591149069
0.207610811221071 0.453230416566545 0.0257889153412637 -0.0883945427242702
-0.211767275186648 0.476060199950481 0.0886749737954733 0.00696415559418405
-0.609870931092523 0.10655309996245 -0.0823032738778905 0.0504910423839466
-0.50275668954596 -0.447537660716956 -0.145589096760075 -0.103419155078362
-0.148343647982113 -0.695951050427071 0.0030423860830143 -0.312554939144146
-0.154187741972614 -0.599593995516146 -0.0838791558013547 0.16099317957486
-0.444039308940261 -0.329520091342409 0.00901094262770298 -0.00209090243471467
-0.483366029344856 0.0907181662392218 -0.0469395906889348 0.0035627791112487
-0.154187381716083 0.399271218545933 -0.0373990484878274 0.0614181752944446
0.176769806623937 0.402012362629341 0.0613764154295729 0.0641466760345642
0.365112590303609 0.220536802401902 0.0734821723599726 -0.031757791908188
0.380977428314908 0.0424034113616236 0.0358381111542794 -0.0655348253084
0.372230720424746 0.00813952798417799 0.0184437561176356 -0.0759711127478268
0.384320825219186 0.0627283590781084 0.0321072656712689 -0.0861371249029523
0.419087649708716 0.251635001917129 0.0565124681515724 -0.069203004483685
0.198523300994298 0.467947587836788 0.0831419793892985 0.00319819603035896
-0.220602695856997 0.467759119234802 0.0857873055005005 0.0540442952415566
-0.597067143257949 0.0987221814292062 -0.0325517702322227 0.0662919656554209
-0.504502968237332 -0.439363683806264 -0.0621665003096282 -0.00840383052991847
-0.156712729388065 -0.699667288279658 0.0417810788679262 -0.0793247246532133
-0.167199546187063 -0.561938101503539 -0.0184820268784316 0.392080063508747
-0.445779830833925 -0.297161567697571 0.143611622419138 0.0830566182602222
-0.466084272932042 0.101570351582377 0.000463620915795131 -0.0173150286210194
-0.155154379535499 0.387853471350067 -0.0716627337341198 0.077311433257644
0.151760834410993 0.388781879217745 0.0799698343404134 0.163548936801677
0.335294691286413 0.222283868567488 0.190810231942316 0.0451876817115428
0.359461341947674 0.0614683524662752 0.186488334691886 -0.0378477891447003
0.34142978180401 0.0361597201763732 0.16426670587347 -0.0615459643694708
0.337295121125391 0.0827437061976573 0.169089207088402 -0.0622754177080364
0.341918125605039 0.23720498718832 0.159263832570487 -0.0169455288762624
0.13898338316021 0.394979257144922 0.12201678351869 0.0738524500992678
-0.19856440279719 0.350887494573913 0.0739214878284434 0.0817932120026803
-0.458346025600133 0.0417992670436607 0.02038466376197 0.0665887652975063
-0.390360297891245 -0.357247659652488 0.0207748024789982 0.0696023479907034
-0.127098036404201 -0.57895034369865 0.08052849727995 0.130138728594826
-0.146993422288317 -0.426582842569204 0.0413626929979824 0.59177218384776
-0.350347202607801 -0.212092386050603 0.259186537425238 0.171315871378293
-0.342145011172446 0.0790508828708335 0.0459336155946369 -0.0287279145514751
-0.12633090497665 0.282293718603399 -0.0971664761143793 0.0887360014357663
0.0907181027401472 0.297677992944122 0.0872664736738605 0.251147206376398
0.242341670776661 0.184343775708255 0.288329338253542 0.124348981726607
0.278113139088515 0.0722044887378764 0.317508022604947 -0.0026840452307841
0.260132065707038 0.0614491816947012 0.285665610082761 -0.0388187415913754
0.243644872571477 0.0913554604941546 0.269822737819074 -0.0301151943124169
0.211980990975095 0.192422884532801 0.215858091457349 0.0284350413212089
0.0492453415532395 0.267880967749928 0.125353168371152 0.110627385897221
-0.158456361933076 0.179829171975763 0.0488872056725204 0.0818442698062167
-0.253677103052639 -0.0306688711127678 0.059553170978447 0.0495731914927188
-0.207975709064082 -0.22988060402508 0.077164102434672 0.11369952954765
-0.0756221497695455 -0.374483351818674 0.109169829490218 0.278023534505967
-0.100774306989683 -0.215638007718765 0.0770740892377028 0.716955680093202
-0.1890526804737 -0.0885724855211328 0.328353029181925 0.2452695381626
-0.149705386188394 0.0425813852072767 0.0826082644330077 -0.032696671408924
-0.0700620859206707 0.120900663043301 -0.111651215340212 0.0826923084782375
0.0142824205276182 0.149124402562316 0.0763056304604737 0.303810590927388
0.104525154818429 0.114557564864557 0.343051292536036 0.19062791970871
0.148165918709761 0.07163081469433 0.404095114439923 0.0340064173561513
0.139866262082122 0.0754849443326987 0.361577382291439 -0.011334598426264
0.120474066501711 0.0870594101659545 0.322572160902357 0.00642020310905698
0.0670540075290511 0.128778588075052 0.228123283341776 0.066621413674232
-0.0361491284879034 0.129941952224029 0.0990910159436859 0.11843429107321
-0.10859165375593 0.0201073370311546 0.016182259374204 0.0576442219822448
-0.0568873792126498 -0.0795281537657641 0.0824359470193812 0.0215753879729498
-0.035272887332073 -0.0853787469829109 0.106935615869772 0.125600771187356
-0.0236215868879134 -0.135845177653117 0.12580438228192 0.351300478445992
0.00280030493993314 -0.0632855014414716 -0.215833665811309 -0.415860677687655
-0.0746579019227338 -0.0355225124671731 -0.232160716376513 -0.125309523477568
-0.0789934424274041 0.0743146189691767 -0.107282938702584 0.0109782865118678
0.0489769209179388 0.0816026475788025 0.0205021568729054 0.00842356180954733
0.0915268266924179 0.00411207467587431 -0.0329110378696999 -0.124508557261993
0.0550602263010395 -0.0475182225135635 -0.224573869501844 -0.100575913940653
-0.00183600669455265 -0.0683652846191226 -0.343596052153088 -0.0260916128964086
-0.00739978027272636 -0.0739248476233132 -0.395826497216627 -0.0054868773591122
0.0112656915530856 -0.055505058523653 -0.419514640491019 -0.0437393816180976
0.0549925010358975 -0.0359342202949259 -0.350111594415378 -0.177437730408866
0.0585431731272178 0.00129159759248845 -0.130318065283172 -0.282971697583441
0.00823631374250068 0.0553728604700491 0.0766959098533893 -0.126704602869902
-0.0691075554294945 0.0225145410309582 -0.0823765370314523 -0.00456256159762513
-0.024864397150734 -0.0689341834442126 -0.21554582264643 -0.233806794725176
0.0303276593133529 -0.0571167388610154 -0.080609304691849 -0.709106248737963
-0.0471964755611982 -0.253795206358613 -0.206954659614606 -0.354810502022168
-0.176717425869679 -0.136606652685945 -0.218112839467186 -0.123990504448136
-0.192073770154133 0.0694504586127648 -0.108870662017087 0.0284472032346367
-0.00357855842021628 0.167675170441192 0.0326156807507383 0.031819642559444
0.132110745985173 0.118317434322168 0.00199911834251308 -0.113795593039782
0.168595619743151 0.0239144542946391 -0.188818306473802 -0.122684119251587
0.134278705529637 -0.0533518306377499 -0.311217186488478 -0.0544823100061545
0.139793221660379 -0.073098777589779 -0.360799294843893 -0.0336462015944824
0.168670149219339 -0.0377053503437273 -0.374165297956367 -0.0707118951466818
0.222450751311297 0.0567609496704228 -0.298637340956051 -0.181256265747022
0.1361824839928 0.18279211716574 -0.0920023073685972 -0.245367186108931
-0.0713976763423355 0.237585203356637 0.0830066597202033 -0.0910074541377471
-0.297306368061442 0.0698355855613963 -0.110480813011654 0.0129599782919146
-0.234764179458976 -0.229251654398468 -0.231313721732001 -0.226817072416585
-0.0605802988020242 -0.335516480259043 -0.080459835129115 -0.659178069383649
-0.097259541836086 -0.420084157144649 -0.186831155269559 -0.234956499240079
-0.281574231155922 -0.225085409457401 -0.186592707824442 -0.106581378949753
-0.304514008574991 0.067708052137224 -0.103534587007812 0.0366514156118065
-0.0595846961676586 0.25455242364103 0.0257302503714473 0.0458094659775988
0.165192957597929 0.231188166985934 0.0267157787099034 -0.0828987971929614
0.269031167589759 0.0960768115257681 -0.129990434267592 -0.120725162032315
0.255789578286385 -0.0305627797897635 -0.233181133246801 -0.0714784754955971
0.265446986064526 -0.0614909406071394 -0.271747772203591 -0.0574001310030675
0.297775554479209 -0.0137037048954745 -0.272228906855254 -0.088332460799116
0.358984455126437 0.141140586215697 -0.205160493912365 -0.15895694999155
0.200980254697087 0.342470756907527 -0.040504969343588 -0.179061791593166
-0.142917354601563 0.395922520904738 0.0862502078215462 -0.048885744412344
-0.494546610641166 0.11322892349917 -0.112834170290467 0.0336662136712075
-0.420133912757875 -0.357324734136271 -0.213613508857818 -0.178947460654524
-0.141322141302292 -0.5641589901072 -0.0597385722705197 -0.518846279253717
-0.148655517995663 -0.542040419549664 -0.14461119428468 -0.0568955403502448
-0.389029238314981 -0.287887469775436 -0.115229814701288 -0.0658167787663938
-0.414750497689672 0.0888268760735593 -0.0838291113009599 0.0280702746268087
-0.106419762854262 0.347814697635919 0.001902806176238 0.053591036301017
0.194556952437959 0.332465280029289 0.0454426276688533 -0.0255061857618718
0.347894920925004 0.157411047185256 -0.0434762875167302 -0.0915806097916036
0.346051732966013 -0.00535843678748492 -0.114010442563308 -0.0758350736222233
0.349093774338228 -0.0403899755107777 -0.139674672119395 -0.072537977258272
0.37761667132127 0.0140658842144359 -0.130408061912637 -0.0947927438684201
0.440697601671634 0.201977875387062 -0.0795133282886141 -0.120353110679373
0.239849001231559 0.445633978986764 0.0231912066170331 -0.0923571174250236
-0.185976190408677 0.495923163670593 0.0874168840504631 -0.000390164565158825
-0.612695864980721 0.141489053001248 -0.0852357839883608 0.0539300844463057
-0.535070454724422 -0.424879986358305 -0.15459018533067 -0.0967062231920677
-0.194154159453739 -0.696040542173387 -0.0193045747361378 -0.31055407253572
-0.186435364233237 -0.595850204258711 -0.0790806560154127 0.163117260365809
-0.468826260968061 -0.306816788414666 0.00346011900462867 -0.00270142493688748
-0.486295857324302 0.119080855202145 -0.0448777246819975 0.00579333208398071
-0.131376861924921 0.414069496330612 -0.0312542228384448 0.0656445619333612
0.20665955898856 0.393331221116003 0.0679643238775467 0.0612234112664387
0.384604640312625 0.195442873537627 0.0698705809444496 -0.0375784547766637
0.388308808101684 0.0180330030914145 0.0323380755469587 -0.068313332525463
0.377379010602416 -0.0125321180250745 0.0128681204693763 -0.0782811855839498
0.393613037849751 0.0410608163812262 0.0250400496679902 -0.089386627375024
0.443323251075061 0.226009409286759 0.0516898691883385 -0.0739862622003686
0.230926509916883 0.460186128588694 0.0878493948514071 -0.00316899998478614
-0.194103057508514 0.488408210614399 0.0870642257452118 0.0471361368227284
-0.602258101027127 0.131959745801849 -0.0354723530558036 0.0672068770653067
-0.535812542881771 -0.415801127379371 -0.0649437814393154 -0.00456650565493581
-0.203283500397016 -0.699866000569946 0.035238386905497 -0.0774578097752255
-0.197150488698977 -0.557671744150496 0.00135943013121712 0.392590970213434
-0.468805396476845 -0.275748038092088 0.146073839781953 0.0761878107924295
-0.468061271230035 0.128511577047287 0.0014191241256265 -0.0171940904946436
-0.133114171733875 0.401956965803056 -0.0663323617086056 0.0841165588996479
0.181589072637288 0.384276342385559 0.0926324425174942 0.161132715602966
0.355252594628397 0.200322933371191 0.193516145316222 0.0319751327476223
0.369238221628933 0.0372478054937723 0.186495991159047 -0.0498875572699426
0.349609578873486 0.0170488130594196 0.162388801466174 -0.0722649005263606
0.34789001814435 0.0633446370477327 0.165572640185453 -0.0745462342001347
0.363865467545621 0.215795030626119 0.158268874052283 -0.027536001360686
0.167339784367936 0.388947935313798 0.130542447287077 0.06618352555541
-0.178089214704561 0.36776514029433 0.0766124268310737 0.0771638805896488
-0.464287256296239 0.0686905773275335 0.0176408567640488 0.0637895775113377
-0.414534268730251 -0.339115660097881 0.0238823482058126 0.0703786556739699
-0.165252689730008 -0.579672029026634 0.0870396576136902 0.130263961461888
-0.170517514606676 -0.423515894859361 0.073390906058371 0.591820632303794
-0.368627376756408 -0.196460527925175 0.269788056534447 0.158903229893508
-0.344995935438813 0.0983236902037246 0.0470984473294298 -0.0305584492781938
-0.110056434677223 0.295452510984694 -0.0922568282935613 0.0976416876426032
0.113014830611176 0.296539365837802 0.105949591695039 0.25008009514604
0.258604689764576 0.169884835271292 0.298356181511803 0.10646878326078
0.287436156559769 0.0532282564409635 0.321854762977591 -0.0226769243414166
0.269868570828519 0.0465775054242978 0.287784744978228 -0.0568208543042255
0.25205997071559 0.0778074382101099 0.269332300611679 -0.0474434459388135
0.228568454184749 0.179845909345541 0.219533850768933 0.0154870643178541
0.0693473244018469 0.268591263070652 0.135523574033972 0.104333806309378
-0.148546789908943 0.192250734640576 0.0519566612576827 0.0783840920086243
-0.261063505225358 -0.016106756961619 0.0572725514431772 0.0437186580324337
-0.224359448349042 -0.220246481129026 0.0838869319933642 0.112081453586373
-0.0994518851731617 -0.376294197291366 0.126504835654963 0.275435176700367
-0.111933188715193 -0.212565979365692 0.120067525713603 0.717626775430351
-0.196719961772011 -0.0796502970677026 0.346286315669211 0.229809374698413
-0.151421633094527 0.0500493362945668 0.0842329048461616 -0.0358508163714599
-0.0630921532474153 0.128334078971169 -0.107140134831641 0.0931042490325168
0.0255502968675133 0.151972326479448 0.0971997377378673 0.304670250315936
0.114329638663029 0.108444516951801 0.359064268594774 0.169310023645265
0.156710713964712 0.0610797545442465 0.412683587437435 0.00961786654364917
0.148291679069336 0.0684382453870759 0.368609050294805 -0.0338766783202419
0.127429089748876 0.0809900882375796 0.327223543654992 -0.0141991594462704
0.0773151611805877 0.12612481188937 0.233842195223524 0.0531519021441727
-0.0262717697504026 0.13359796936893 0.107953738960576 0.114165827547099
-0.108011542537158 0.0288237338091832 0.017803407155537 0.0566094718069689
-0.0648499251816135 -0.0769151368919359 0.0803531275417716 0.0137300691400948
-0.0404350038052153 -0.0858560591352172 0.11520339590604 0.122456038649074
-0.0323936579040119 -0.138679966671697 0.148904113038538 0.347748997271484
-0.0020380532016122 -0.0611521303707988 -0.23218882545697 -0.391606328021905
-0.0741927530447847 -0.0307788859739946 -0.235062433828568 -0.106312859023729
-0.0715704561276916 0.0772807720533131 -0.105223488994776 0.0179327257310858
0.0509673864431661 0.0755803879000102 0.0224672508696177 0.00730937860554017
0.0873206307082369 -0.00228713963322629 -0.037487918034305 -0.12063046000095
0.0505883834973711 -0.0497167432727462 -0.22239655533932 -0.0843503356558565
-0.00610239819618554 -0.0646450442209234 -0.336999050685552 -0.00650680876377446
-0.0126995296711691 -0.070490401503404 -0.389240085968626 0.0174215391039196
0.00848623271585153 -0.0558797270063932 -0.412042416231113 -0.018454206507992
0.0511539863904768 -0.0389731249702857 -0.351504029478205 -0.152869247350066
0.0564719704277303 -0.00296623238281554 -0.145029180517216 -0.267931946449422
0.0113717786520534 0.0523754928133064 0.0670693007948286 -0.129815005279473
-0.0643156989773895 0.0245778850207598 -0.0782165657904955 -0.00204520729398387
-0.0282102240780422 -0.0647111428625567 -0.219834682734734 -0.220153480486499
0.0260824367861163 -0.0547179510587403 -0.11514165406283 -0.682311160629455
-0.0588423309738527 -0.243309801261634 -0.22113812492956 -0.334216170567108
-0.179058607082781 -0.122841072229711 -0.222588165080813 -0.107199737351057
-0.182026216907545 0.0776982883923716 -0.105387740567912 0.0344678362480655
0.00532241847425027 0.16174983145778 0.0348883779989715 0.0292067713453077
0.134213648282886 0.105925076618391 -0.00230149032674101 -0.111786021707008
0.165516554467402 0.0120855008531302 -0.190266371948212 -0.107995176931988
0.126576451397248 -0.0576552546926006 -0.306976321981803 -0.0360412986636346
0.131679131630656 -0.0778323848436697 -0.357671705655891 -0.0113951752928308
0.162876993565993 -0.0468716495007225 -0.370400136910329 -0.0482813858596617
0.219801843683336 0.0415457224826961 -0.301595131393896 -0.158168176442856
0.142595542251069 0.169895310098066 -0.104394683870222 -0.234314644942484
-0.0573514903934437 0.234404903501491 0.0743266538422772 -0.0953441177518047
-0.286087147519519 0.0814530057548235 -0.106435344192824 0.0171020414449023
-0.240792173884082 -0.211320877912132 -0.235680129818719 -0.211472454573099
-0.0777862415963076 -0.322303594418401 -0.112602567001009 -0.632247487146094
-0.115652515614661 -0.40247535250412 -0.19673995385617 -0.220063080595728
-0.28421504966706 -0.203486677505819 -0.191244011328297 -0.0913100670938369
-0.292188716628452 0.081352713223811 -0.0998259380298323 0.0413793266671625
-0.0433016940652776 0.249276160048015 0.0296061219085776 0.0431479384993468
0.174629376724076 0.212901768240673 0.023251458091102 -0.0828736121422645
0.267310593410574 0.0760858574619109 -0.134006272849284 -0.109517826414066
0.246478026366867 -0.0430778869323855 -0.231239744291834 -0.0564152523523608
0.255888743465572 -0.0730961991521397 -0.271294201749489 -0.0402511902362436
0.29008659139143 -0.0291323686914623 -0.272409909327352 -0.0704656428071842
0.358972990143553 0.115384579884335 -0.209298119242723 -0.143386577236103
0.214698459371397 0.321799851609752 -0.0488578550163003 -0.174032506481915
-0.117028184988558 0.392792212636998 0.0787132735767771 -0.0539525787045612
-0.476430800985263 0.133789785854035 -0.110867326504068 0.0383873717545395
-0.427517681032822 -0.328106677242615 -0.216352426265617 -0.163876657430552
-0.168702248886276 -0.540409289685034 -0.0842777870563359 -0.495033381210368
-0.169713990829715 -0.520086960355551 -0.14767779541646 -0.0505176138797064
-0.393847112169161 -0.258401616516956 -0.120322682504389 -0.0570027518802801
-0.399020534961158 0.106541874962271 -0.0798363008170114 0.0313894280870386
-0.0831799382538237 0.342952278125465 0.00668588854930709 0.0523933413461498
0.209723025141403 0.310006408664978 0.04493064537645 -0.0278971221434168
0.34733569850706 0.130491323658554 -0.048224879512243 -0.0867768069071279
0.335115325725265 -0.0248011733862068 -0.11546781258655 -0.0667815580046469
0.339480771606299 -0.0570223685696115 -0.143020167911639 -0.0634924080173452
0.368708059294555 -0.00620127649153593 -0.134725873260603 -0.0845798630551557
0.442243273934602 0.169017140012889 -0.0854284346174087 -0.112754915491198
0.259454015788552 0.419560581027448 0.019034389539681 -0.0933200548442974
-0.153137794130019 0.491304718350184 0.0822453885944107 -0.00677588174370169
-0.590943494678528 0.170732769417166 -0.0846629685332092 0.0567758111509767
-0.54228413684179 -0.388878941247962 -0.15469180100413 -0.0866124913168714
-0.226344403417767 -0.666433863283677 -0.0349812199275078 -0.29384481484767
-0.207750842992749 -0.571547077054979 -0.0728986323071154 0.15957122138442
-0.471408371454371 -0.27414384317468 -0.00155141692101114 -0.00177302356636385
-0.467513705241682 0.139858518200943 -0.0428921235321853 0.00829344312257207
-0.104266056796231 0.409558811031042 -0.0260068168720886 0.0663609996086727
0.225566328484697 0.368632044098878 0.0715051064148489 0.0556898142754658
0.385975550856944 0.165598400022556 0.0640571636196439 -0.041321420284127
0.377391655880478 -0.00547377793666532 0.0276524811402938 -0.0674871691989799
0.369537178022326 -0.032030774372745 0.00595802913729217 -0.0768159721812726
0.386492114661956 0.0191262910739238 0.0172199891127102 -0.0886513822103643
0.446211731326741 0.192569096611308 0.0451523317973034 -0.0753684900252854
0.252724953235101 0.433885169641488 0.0873774094627099 -0.00970026822287923
-0.162344075098216 0.484448925247334 0.0841139194417747 0.0400280567250893
-0.581740954278804 0.15890312549151 -0.0368351493561582 0.0676960368062428
-0.543803751780083 -0.378922384511545 -0.0632972158848031 0.000370384239923323
-0.234198802818105 -0.668544074610426 0.0281911954306753 -0.0713702618670766
-0.21660230338964 -0.532358771100473 0.0172092591423816 0.378103362834939
-0.470535871669861 -0.245639757193477 0.142429747058077 0.0669085762328809
-0.450358640675131 0.147902507001107 0.00193607549222309 -0.016540880186867
-0.106513266957719 0.399502067458732 -0.0582890466848004 0.0869306536546379
0.200789043468803 0.364029526277091 0.101668245869731 0.152598345537648
0.357934330158971 0.173547954708069 0.188678293183808 0.0191030097438398
0.36135722431782 0.0149675073373891 0.179548062618663 -0.0579756973330511
0.344514955745365 -0.001737930000358 0.153663139392108 -0.0797054206475695
0.341809087576462 0.044519599805206 0.155464424081138 -0.0812192893683242
0.367511336123752 0.186501588600558 0.151406450808704 -0.0356503058546776
0.187360007706026 0.369049344840091 0.1328762091727 0.0557766589617884
-0.153340098614769 0.368057518295226 0.0759881179418351 0.0700509926628293
-0.449862838089014 0.0898422931424245 0.0142874053135696 0.0610524046819281
-0.419879105796545 -0.309657897795719 0.0260924305192824 0.0693623212068898
-0.191435321604181 -0.55767986010515 0.091016284426787 0.127037332967328
-0.183063236171833 -0.404828678665357 0.0979694864357183 0.568023329214785
-0.369047855548997 -0.172627311538973 0.268021555854182 0.140533283840921
-0.332801526141648 0.111705265993223 0.0455917963744372 -0.0317437990457164
-0.0905770682856912 0.29456803628848 -0.0830283660647073 0.101888271645479
0.129362232695848 0.283593520682328 0.119169475605289 0.239460137387301
0.262528136437486 0.149561191372285 0.295211555980158 0.0846355005582812
0.283626536478384 0.0335956255354924 0.312387253936646 -0.0397741080821522
0.267399560571539 0.0318621035562276 0.278138307497237 -0.071858220350296
0.249944268221867 0.0630938784506966 0.259112486205197 -0.0616250130784404
0.233340653255023 0.160374253811463 0.212833217266365 0.00202667068951419
0.0847426794731445 0.256315908076948 0.138959539218788 0.0925559749661498
-0.133038580865733 0.196138915479622 0.0522452300468635 0.0728427345780447
-0.257190613483833 -0.00246611615863613 0.0529001649722833 0.0381662937630038
-0.229159031975628 -0.204390391523885 0.0873629426898758 0.106909595936759
-0.117927413330168 -0.362838080914773 0.137046491998711 0.26340992893638
-0.117281722268452 -0.203113204868693 0.150755958786393 0.690590176158999
-0.195591782266633 -0.0683491308331035 0.347568761576556 0.205349303334804
-0.146545462609973 0.0552410359992703 0.0820274815297517 -0.0385621971293946
-0.0542323038560151 0.129467928085613 -0.0983333405232472 0.0981825689318342
0.0363312239716016 0.147530838299397 0.11339405298765 0.292118185208736
0.118580199336272 0.0990588032103687 0.358992106734399 0.143464568755628
0.156627590748853 0.0487624752399934 0.40230400322485 -0.0140066617527907
0.150429600754077 0.0581032109991011 0.359513803733377 -0.0540351497710612
0.128397040000956 0.0726979446730207 0.318084157339629 -0.0315207535910483
0.083109355108207 0.11754832281299 0.22933553727518 0.038729502279647
-0.016920926291431 0.131724746083077 0.111625135577331 0.104831862236089
-0.103108502714286 0.0350717896229896 0.0191257089342029 0.0536278514798625
-0.0692288665073527 -0.07098729866576 0.074674733336168 0.00760778051838443
-0.0435159007301534 -0.0820398367800263 0.119371503197694 0.114654198425054
-0.0386880833331203 -0.135335472149965 0.163504729485341 0.329698893185503
0.0046359835523182 -0.0564781782636949 -0.171958617687852 -0.390288692240858
-0.0652876481550887 -0.0379151224690304 -0.212600072868763 -0.126347812579993
-0.0754199412025427 0.0627935172958941 -0.107749688961523 0.00562175845973255
0.0363078684798013 0.0769490481398163 0.017744833992146 0.0111643846550704
0.0807366191359526 0.010036363080309 -0.0222274957211807 -0.115304657571239
0.0556955649575895 -0.0405490203687655 -0.196393906177405 -0.101186722636452
0.00133836261296378 -0.059270278841171 -0.317856465760341 -0.0406259416773516
-0.0058913594760136 -0.0674242862157044 -0.37651655581174 -0.0273849939441082
0.0163055774801707 -0.0513344403484826 -0.395518816255474 -0.0642190183384076
0.0550298539797941 -0.030219622376974 -0.323138948186853 -0.183973080685495
0.0527567490919729 0.00643297865428169 -0.11283927368911 -0.275797539903395
0.0030050682932647 0.0526183109974291 0.078620676536562 -0.121854495291296
-0.0621076969212091 0.0165385823780362 -0.0715607585149032 -0.013585657176047
-0.0191821989644382 -0.0614001896102467 -0.185192873679656 -0.240663544505564
0.028916452165634 -0.0436851834163962 -0.0322542407892399 -0.674803033850563
-0.0247817100055975 -0.231842698848308 -0.159053908475389 -0.344788524014239
-0.150523321761087 -0.135845004191301 -0.201221360379217 -0.132331906043671
-0.178408620753945 0.0486968640717742 -0.112482588669008 0.0141748310776623
-0.0184647800207963 0.150997392837325 0.0242369774477898 0.031219399615018
0.110833659686666 0.117463932248161 0.00477117670431298 -0.102445350219697
0.155404566206094 0.0310600844867599 -0.16528466793145 -0.114248928720143
0.127217477404298 -0.0379468450507571 -0.287633420813569 -0.0652843246842651
0.134315810379357 -0.0565784235888294 -0.34292948350587 -0.0529400401980846
0.162722581606959 -0.023163922244191 -0.354372372436701 -0.0900362036856438
0.205959231029494 0.0660294080594812 -0.2775799878801 -0.190385313245401
0.114443312285214 0.182236056207109 -0.0772382300957579 -0.247069912119827
-0.0856486373345228 0.219338457366901 0.0836153702778852 -0.0932451011654445
-0.282254859208492 0.045860353323206 -0.0948377796027572 0.00293729039090283
-0.206821782165494 -0.227719664359228 -0.190564704201609 -0.22712776609385
-0.0408676090338637 -0.314593005814272 -0.0251724329191125 -0.615344832870005
-0.0585839628332592 -0.387549238581377 -0.139508262971117 -0.244329100953347
-0.237656540698194 -0.223741859503817 -0.174053744066883 -0.122835674857545
-0.281437193751192 0.0379562428058008 -0.110403212572727 0.0145345665072309
-0.0755521270436704 0.225638102256979 0.0143157237851348 0.0407130051374901
0.133618578990166 0.223732573114881 0.0211905796272173 -0.0730509282146533
0.243305786016857 0.103285900293489 -0.115549116370987 -0.105894178083047
0.239595799544116 -0.0106366393467233 -0.215333174308539 -0.0753493684852775
0.253964081203681 -0.0375121231043029 -0.256314021948971 -0.0715575947452612
0.282645879563888 0.00876560407603326 -0.259134378134244 -0.102361201146096
0.329453718509936 0.152429215990217 -0.192750489499106 -0.170150371473756
0.165271018787135 0.33545419291823 -0.0295990815897422 -0.189685925460505
-0.163116149664339 0.36364951071401 0.0838467517880845 -0.057306756012942
-0.473158051255163 0.0734019499666249 -0.0959766408509545 0.0239212689692829
-0.372051894362096 -0.362684460684573 -0.170002789991793 -0.172670684666888
-0.10480055830326 -0.537894575911321 -0.00642435246624731 -0.470998566071024
-0.0934401338437136 -0.502260338131956 -0.106890945771703 -0.0888741696963469
-0.330784563625448 -0.28865710365034 -0.112344523414041 -0.0888582962608035
-0.38572356116745 0.0463005659736946 -0.0934677554328968 0.00178284194613509
-0.125875603486836 0.30840572418684 -0.0107244721545665 0.0447104327081773
0.153750330347492 0.321050661505192 0.0316832142893833 -0.0188927476657368
0.311278505205777 0.165018067343613 -0.0394541428372457 -0.0722610896254133
0.32234997062469 0.015734914515873 -0.106468272776582 -0.0729895021448347
0.332247152016517 -0.0125255273680614 -0.130735219171843 -0.0791539285976458
0.353745298517168 0.0408383825660816 -0.126074094610141 -0.100725509946401
0.401944221994356 0.213806761551772 -0.0792519199902679 -0.130310586640674
0.196032588281629 0.433540328150722 0.0270382691078658 -0.107310032017626
-0.210470518584651 0.454156777415279 0.0822765819537195 -0.0127339826966553
-0.587073737321294 0.0944762900752976 -0.0710376189272772 0.0451177904644127
-0.475227982318191 -0.434544807962992 -0.114164458075913 -0.0863271583522061
-0.144306406950609 -0.667550409075213 0.023036044044753 -0.266317826176216
-0.121935428655781 -0.554512978989209 -0.0580240524219681 0.110492007576015
-0.40052409290648 -0.315407406655964 -0.00787657930606609 -0.0288916172031719
-0.455740068488846 0.0684811897660611 -0.0595666148650879 -0.0186920523456256
-0.155621964560727 0.368376330010719 -0.0447391076681495 0.0527750717170866
0.160973724660968 0.379810688983646 0.0448206777911744 0.0617614540861211
0.342099286689123 0.202834526126332 0.0600717146076391 -0.0163158734496562
0.360264142634446 0.038281679314214 0.0294757317293728 -0.0580808700541647
0.360268310468971 0.0150526821104571 0.0144819313001976 -0.0750711590287754
0.366558336348273 0.067234921809119 0.0202622732218201 -0.0882035690352842
0.401403868423387 0.234002288029712 0.0417892197901416 -0.0798212999874829
0.18827942940233 0.444334986872587 0.0842273239472957 -0.0203108080734859
-0.216782801785692 0.445440030094252 0.07837397529662 0.0332101201160093
-0.576862998531928 0.0853608280748352 -0.0277605943896774 0.0620716953315719
-0.477485868683323 -0.427026767706937 -0.0352855744594861 0.0095489665767808
-0.151603559384498 -0.672793995685049 0.0602145439432168 -0.0414358691317139
-0.132855548805736 -0.522760266951547 0.000398463652470502 0.325393841242304
-0.404645285444619 -0.288955413063875 0.119782949548339 0.0520251208967598
-0.440508271930032 0.0765838229834337 -0.0130461427444243 -0.0359369280248348
-0.156646921036378 0.35852442021747 -0.0768386092865444 0.068920796557111
0.13832028780397 0.371548791998133 0.0630236937562514 0.15504892670353
0.312767516676857 0.206260446316802 0.170504254976605 0.0519149135985144
0.342134446579195 0.0552226787444213 0.172174444747015 -0.0334237982261816
0.333253823442906 0.0401078755422922 0.156878127137422 -0.0612907754203479
0.321594290123558 0.085034124622723 0.153172563846692 -0.0650045285291744
0.327396589594562 0.21998957654076 0.140988707036394 -0.0286048255649767
0.134122506740216 0.374666696118777 0.121573564942834 0.0513154719424868
-0.192117808633076 0.33362686429852 0.0669497148246359 0.0648553141997078
-0.444699876619342 0.0347321273045197 0.0176496245516278 0.0625029972334816
-0.366803860158138 -0.347405747344984 0.0375687731875625 0.0846111637217984
-0.122826489746275 -0.561786142525728 0.093486586836255 0.15531117432762
-0.119213572681694 -0.400094573599946 0.0493606854039472 0.516712525878943
-0.318553528416039 -0.208842766325634 0.231321777187672 0.140351702773198
-0.326620833652803 0.058128050173038 0.0344225938384172 -0.0395790760332154
-0.126792813285715 0.262420716141674 -0.0980736753633629 0.0817927087734212
0.0818043445108201 0.28609963497201 0.0740502381961904 0.237521009590032
0.225581705757083 0.173043702254936 0.265025934194979 0.121204884242328
0.266313448428336 0.0633312813189965 0.296280540603649 -0.00218376346756787
0.256169255800878 0.0619804125122635 0.275517089404831 -0.0384970352402396
0.230701957179107 0.0909022940550132 0.252943773793895 -0.0329273882606544
0.202858969414763 0.17871312847745 0.198561018240639 0.0184437988411446
0.050525122886526 0.253787701289547 0.124308487299438 0.0937607345275186
-0.151578794420128 0.171455250983755 0.0436610110217638 0.0708718389355313
-0.2487619815849 -0.0313870748849997 0.0501079223211775 0.0457653611221568
-0.195697780828795 -0.224053674988314 0.0841979237927816 0.12354850822099
-0.0731448826125281 -0.367332786095787 0.116225125290412 0.28639945843892
-0.0821354877006703 -0.20459207852588 0.0746918364144141 0.647199116269782
-0.172533231762378 -0.0897953617390812 0.301131721578363 0.221094193255685
-0.145400281488244 0.0302606329446924 0.0766211366475848 -0.032495533347916
-0.0694811176773137 0.113859881042394 -0.106393846339361 0.0794465084238875
0.0133833420725589 0.144674201127106 0.0699527141166722 0.285758959734563
0.0957102541046596 0.107911280387041 0.320966887775882 0.176621112628954
0.143317477518076 0.0615844445631409 0.381543034227604 0.0295044512625112
0.139733511317172 0.0724381093554844 0.35197239174605 -0.0111271981926537
0.113017993393516 0.0844928322130484 0.308197625602538 0.00357111044519893
0.0646548150467568 0.120281445446049 0.214246356201339 0.058842388772701
-0.0303091453736799 0.122491005920798 0.0980634509524431 0.109115113204438
-0.10275822303614 0.0215704821149967 0.0133922123465129 0.0530067923825681
-0.0614000691860167 -0.0761256835986162 0.0696076705093807 0.0181691548620809
-0.032794607431654 -0.0862417275140821 0.105815105344135 0.129821005656314
-0.0225818850118738 -0.13964458913949 0.127224512750674 0.343965441042166
0.00372596736957191 -0.0536778897305947 -0.161464521933347 -0.383888101035581
-0.0639149521933784 -0.0376160942328194 -0.206210956044979 -0.124112848978906
-0.0736280635695823 0.061015971241626 -0.106752609982205 0.00686918016069614
0.0336753356196962 0.0751696993887509 0.0188626551898419 0.0118312907774868
0.0775694361216117 0.0104762607178272 -0.0188921436120621 -0.114769860691676
0.0543441321108815 -0.038776096526947 -0.188384099323368 -0.100805110653225
0.00228431378427279 -0.0555681788636135 -0.309855474571277 -0.044359296594241
-0.00606622735950217 -0.0644833222455176 -0.371303312604309 -0.0302298994722069
0.0158190305670605 -0.0508678644019661 -0.385895915724779 -0.0674832742286229
0.0539950329293112 -0.0299531348455481 -0.313728996672909 -0.182895360891041
0.0506145230171994 0.00628525686898364 -0.108896363320014 -0.270640306530356
0.00215287863571824 0.051365031783311 0.0777490131321907 -0.120397005682598
-0.0599223500737808 0.0145149939717873 -0.0675180682143553 -0.0172976405186508
-0.0180910148324249 -0.0590488659411754 -0.175141374504727 -0.242146219979626
0.0288389020833953 -0.0410732946690756 -0.0185231339615954 -0.655458602525236
-0.0212566561181489 -0.225831414082701 -0.149805411233039 -0.339212768022704
-0.144492823516195 -0.134016348125296 -0.195858178839944 -0.130896286765875
-0.172970880488986 0.0453520287847662 -0.111445491176569 0.0138786217110347
-0.020281958393229 0.145735139519328 0.0245179489084614 0.0305522357034914
0.106093013390662 0.114746520756364 0.00755791105087855 -0.101242300187495
0.150401801974452 0.0310699505420761 -0.159385787691133 -0.112997848075213
0.1240579216197 -0.0336308558209206 -0.280573377285764 -0.0676472928201842
0.131406752039149 -0.0514554334698244 -0.338012333001148 -0.0551690489012182
0.158972749297506 -0.0212611063874104 -0.346698301910016 -0.0928392300655166
0.201175750434175 0.0652009280101033 -0.269414481125269 -0.189187533716886
0.109875021588288 0.178954734201 -0.0734235182159668 -0.242592785188532
-0.0873109639747307 0.211827846611989 0.0817929707351544 -0.0918379929929414
-0.276698759487793 0.0380041818417961 -0.0918255152040537 0.000546450361847313
-0.198074583314899 -0.226370249739262 -0.180036806681364 -0.227144029103078
-0.0351672179558224 -0.305907542013111 -0.0110141839851711 -0.595282168034809
-0.0484140145807338 -0.377779531841449 -0.134375325198318 -0.241510038343525
-0.225992722884604 -0.221349891364369 -0.171272755367549 -0.12126164160693
-0.274066977283264 0.0324283165064394 -0.109148128152077 0.0134050275994519
-0.0769665704070444 0.217407555432289 0.0150259475296014 0.0398060771776711
0.127866991552356 0.217893481934903 0.0238065556344442 -0.0718907324381416
0.235160379886348 0.101339705148406 -0.110917051882063 -0.104752945367054
0.232768715981398 -0.00585546409656612 -0.210273474950835 -0.0767081922283457
0.249335040443339 -0.031367926490207 -0.25346805394999 -0.0720941777553793
0.275688102218984 0.0122163637134043 -0.253217749299333 -0.10341424309999
0.32064256988267 0.151097884503437 -0.187469549394999 -0.168473491663037
0.157354891021261 0.330006914804916 -0.0264351643414121 -0.186819916809264
-0.165310699160176 0.352249219585736 0.0813068794514857 -0.0559220964149746
-0.465038618713686 0.0629383684164784 -0.0948594343458703 0.0219496300684195
-0.357302788892457 -0.362228540883301 -0.160154214807757 -0.171803872899287
-0.0925134356048848 -0.52555606297798 0.00284808723127916 -0.453768016955827
-0.0798200087326705 -0.492567036529343 -0.105318972466452 -0.0895043575891922
-0.315908460768798 -0.286955290286499 -0.112949549323921 -0.0874720632977292
-0.378393950049036 0.0383283700579872 -0.0920525165489999 0.00110122903858164
-0.127406990965299 0.297335533970087 -0.00907540067772033 0.0427653164922839
0.146514742661815 0.312539625771673 0.0343296193786337 -0.0185682327851109
0.300423113447794 0.162000197045022 -0.0383520593530498 -0.0715314561238047
0.313256249126628 0.0212070212925305 -0.102965541505634 -0.0726350494088977
0.326167941243083 -0.00535592678101567 -0.129870597604014 -0.0786280660139562
0.345285274563215 0.045259516419267 -0.123749951675071 -0.100961390910559
0.390278160153432 0.21074358334249 -0.0775172707817217 -0.128084140916608
0.187088533483336 0.426994454564794 0.0280182508870229 -0.107509594814492
-0.213415855292946 0.439006642175002 0.078873982660915 -0.0126683603723496
-0.577232447146725 0.0801483221872801 -0.0718293725945755 0.0450011990860826
-0.457628098623091 -0.435910026403957 -0.106504179260529 -0.0849551965016118
-0.129689219664003 -0.651866327489285 0.0292628977429638 -0.252607956533458
-0.105466792921757 -0.544677765827343 -0.0611641958825115 0.104773885029776
-0.385315627283706 -0.313594886237032 -0.0116564841457859 -0.0276150178316334
-0.445868087400387 0.0579997662740045 -0.0575462951153259 -0.0191495885820117
-0.157846665597481 0.354775237792883 -0.0426703765984516 0.0509633038393328
0.15288467961364 0.370910690513669 0.0464061518742258 0.0604464164171199
0.329840044421995 0.201394179939639 0.0582450074850302 -0.0162873646363063
0.350448034276381 0.0430677012880597 0.0299626577740021 -0.0556974047035703
0.353766114663152 0.0212625940859065 0.0132417421947854 -0.0730840843948282
0.358138707036291 0.0715109120261255 0.0196002703462089 -0.0859454322817835
0.389805164458145 0.231520599090618 0.0393407803367636 -0.0773505998752373
0.179411651896947 0.436499908500273 0.0828884486883196 -0.0215638951776277
-0.218728361675053 0.430691474650806 0.0740316823934869 0.0331720607242657
-0.567507850034909 0.0733941562048016 -0.0312212616907177 0.0614173089800959
-0.458591827308047 -0.4260730737982 -0.0320316887380526 0.0103339689790338
-0.138320259483898 -0.658903039566703 0.060759543461059 -0.0328912459670606
-0.11639566429539 -0.513758366453165 -0.00960202216316647 0.315292663120769
-0.388779130393012 -0.289046361965305 0.111226123606694 0.0532133305016507
-0.433072771376578 0.0655535536385938 -0.0121826597383455 -0.0349331199699524
-0.159553222953895 0.346859492339517 -0.0738353033648557 0.0662437388019026
0.13166637109403 0.363460934874778 0.0627987502219904 0.153363227745255
0.303160790197195 0.204341906922915 0.164805719537033 0.0518077492335876
0.332662829041314 0.0575921524845817 0.169080790198584 -0.0301504800653688
0.32712602838774 0.0458821249249465 0.153233070053335 -0.0575394926631496
0.3140451009603 0.0889527842844673 0.149340194544277 -0.061079834374791
0.317542943378367 0.216198468630483 0.136186869100458 -0.0262082874738882
0.127896151406471 0.365268224476938 0.118255388684347 0.0494563974062637
-0.192569928739171 0.322238497074969 0.0623024298687237 0.0640596226927969
-0.43698877897177 0.0273561868718843 0.0124644853612809 0.0629894502016754
-0.352403010020154 -0.347250509073427 0.0375811723182226 0.0861542464272708
-0.112158250313559 -0.548440920267963 0.0901144363062135 0.155741997353926
-0.103654016351816 -0.393633526761276 0.0347449873327513 0.501685423632833
-0.306993601504361 -0.210288782887927 0.219566493099088 0.141225421721556
-0.321776214866957 0.049030715575784 0.0352501825015109 -0.0376730295215453
-0.128323871644936 0.253505886743424 -0.0948114574152316 0.078764470167897
0.0776596517464499 0.279729839051728 0.0722637610320467 0.234300600287994
0.217976866311305 0.170238842848016 0.256227916320224 0.120077879366205
0.258746698437719 0.063706386338304 0.29155341453515 0.00106544687483984
0.251681042427016 0.0643859223979476 0.270978061945484 -0.0337552784656878
0.225075897323523 0.0935568567607084 0.246882351683734 -0.0280824164144809
0.196202239909764 0.175260361024003 0.191783627984643 0.0203766121053567
0.0486257559681688 0.247486589383122 0.120337670515821 0.0909093688047892
-0.15026264563572 0.16465959634279 0.0401046030408916 0.0693909516267545
-0.244114275268063 -0.0338104963049642 0.0451238280059129 0.0460157443880412
-0.187450406719466 -0.223568750977097 0.082035419870495 0.124854115414227
-0.0662963087053837 -0.359416711388364 0.108868393049821 0.282911945577563
-0.0738204997607519 -0.202679037619481 0.0595002406378755 0.629473877833969
-0.165682624878984 -0.0916760068065677 0.28751385927286 0.2205568228234
-0.14394109288338 0.0246293305103271 0.0762112374394706 -0.0299773783953278
-0.0692038927926153 0.109363568750598 -0.10355072360461 0.0773426911192267
0.0125410061118559 0.141280993237987 0.0676576673180186 0.281642767287513
0.0922480844250368 0.105499445482959 0.311240389541554 0.175487316200775
0.139674500882267 0.0606515547575712 0.372534380560529 0.0337357984007751
0.137760086243177 0.0724967673427447 0.346066148394426 -0.00614106102020062
0.109837222126942 0.0851695770522732 0.301003786345423 0.00821960401804195
0.0614149219016072 0.117871028247579 0.2070753921561 0.0601176297250239
-0.0288879570304652 0.119071639896256 0.094166989906742 0.106705778695675
-0.0999583927333416 0.0200027879310208 0.0109067726483598 0.0520438293165001
-0.0605808708670999 -0.0739336560825536 0.0648818311626427 0.0188284596822797
-0.0302305165892174 -0.0858573389718422 0.102607033034255 0.130461665944098
-0.0199587241008148 -0.137641779047738 0.118493655001017 0.336745420261917
0.00422568857604244 -0.0526682319417102 -0.152292982892457 -0.391419443607455
-0.0638003932923719 -0.0389548916360972 -0.206282319177034 -0.129074635545602
-0.0743465095455347 0.0611820124066758 -0.108950868434444 0.00616982129854281
0.0317291571217975 0.0763310719985316 0.0203693824548173 0.0127325214563251
0.0771085003156289 0.0129955552481942 -0.0160059414717094 -0.117670278220934
0.0555771711906731 -0.0381356227195774 -0.186452192380832 -0.106410773308265
0.00355006826511082 -0.0546557404094516 -0.312355536063495 -0.0518694634886867
-0.0055783408333701 -0.0645771647815237 -0.377684818132896 -0.0376572587201801
0.0167315121301604 -0.0520375089857565 -0.391021192485682 -0.0781257081038148
0.0557573921883689 -0.0303122973637396 -0.312944554746689 -0.191575682203918
0.0502896956697293 0.00750309981407272 -0.10490835074086 -0.275126657048138
0.00103354899548325 0.0520735440959452 0.0808266332142574 -0.121750898265302
-0.0604519250018271 0.0122209799212608 -0.0664237483261489 -0.0217960683811505
-0.0160768048506709 -0.0586923756849424 -0.168769143816572 -0.253674626379745
0.0297452937095215 -0.0392749424949219 0.0019827059539396 -0.659054193975664
-0.0158589692009826 -0.227235548318701 -0.142830249553067 -0.34702983770458
-0.141311746016661 -0.137620401301479 -0.196977674602772 -0.136245529766712
-0.17485978657999 0.0423322757921706 -0.114295237849747 0.0128335884409911
-0.0242681690037231 0.145180803035331 0.0255456299787024 0.0315565336303342
0.103753618489052 0.117771386667805 0.0113467715995136 -0.10382608643898
0.150906992586796 0.0340662293827821 -0.157084769005444 -0.117955887843653
0.126016444043999 -0.0296634315966925 -0.282453525249841 -0.0741066548369514
0.134659185043559 -0.0478562332241418 -0.344152452546395 -0.0619973367811365
0.160914181934937 -0.0177443008668135 -0.350771980258833 -0.102738538435782
0.20229835601628 0.0690748892742508 -0.26898583591056 -0.197287554874856
0.106522903616428 0.183393505915868 -0.0691622104832186 -0.247966135725984
-0.0938244192716533 0.212519130860388 0.0837132265234708 -0.0927539467613829
-0.282342496362089 0.0299135311954936 -0.0921015032195326 -0.0029581451418625
-0.19426404123778 -0.234402829351165 -0.173707987750278 -0.237989755499755
-0.0276156516152539 -0.308966842228313 0.00960449881904639 -0.597249010745931
-0.0388782403825151 -0.382054527956102 -0.130298866275355 -0.248505805637435
-0.221660796100345 -0.227167337620926 -0.17287135843588 -0.126165616912627
-0.276938990737089 0.0261421292685084 -0.112291883568783 0.0119665123987625
-0.0834780248889658 0.215532743872947 0.015754205023923 0.04012818608626
0.123901598201737 0.221792068280893 0.027671543446279 -0.0734448351699612
0.234902293209485 0.10679989315342 -0.109204955151582 -0.108415249527576
0.235590914861709 0.000449687280280525 -0.211219695223082 -0.0827187658658553
0.253816154719684 -0.0231517543808092 -0.257660047519778 -0.0766936487322556
0.279691040407061 0.0196141811879402 -0.256360936348098 -0.111351676267112
0.320940676834099 0.157807496828077 -0.186796358751338 -0.174820097430593
0.15197856006923 0.337816435762772 -0.0238700148568855 -0.191786633325052
-0.177148934764461 0.351352401575313 0.0824970604378428 -0.0562379802660448
-0.47486333887631 0.0489705732090974 -0.0959966830818629 0.0198660671147522
-0.351896318093189 -0.376990226721393 -0.153761259644692 -0.179471997376825
-0.0787583712795686 -0.532262458364295 0.01914927363533 -0.453228338522351
-0.0646636704562346 -0.50030898785868 -0.106726169816345 -0.0950801724356274
-0.310430494805551 -0.298645629170087 -0.115619302960223 -0.0907437110414974
-0.383326081206116 0.0288923305707881 -0.0939334259930192 -0.00061491888846305
-0.136474071876405 0.294546030515264 -0.0089434063767057 0.0425487867356573
0.141408297983745 0.318024172352292 0.0379401359203789 -0.0193238598610494
0.299901907499395 0.169848128211837 -0.0380982118219822 -0.0740173104124274
0.315869227093286 0.0297893915717226 -0.102115361155606 -0.0763832415816623
0.332351412647804 0.00420595417757998 -0.131782832935819 -0.0807048580504105
0.349619899807733 0.0545871000512947 -0.124523180092511 -0.105308185340972
0.390358645883971 0.218699795781521 -0.0772973175583332 -0.131799805312463
0.179418040606672 0.434615169587797 0.030111806160197 -0.110222928484901
-0.227394914045857 0.437868208421463 0.0781233759199002 -0.0115288523690471
-0.589338083037651 0.0650477997857751 -0.0749726462411567 0.0454619391560358
-0.453071510559286 -0.454711622918133 -0.101477248130501 -0.088172565851796
-0.114408201632902 -0.661800347317839 0.0402313719477365 -0.24821462662632
-0.0896762246520901 -0.555550138552882 -0.0684878152043143 0.102130706585147
-0.378056197165217 -0.327618495873942 -0.0157377516860915 -0.0266240232706691
-0.454413299435164 0.0455731187589904 -0.0576523547424564 -0.0205557054329273
-0.169432625913668 0.352901824845657 -0.0423139552468674 0.0496075764239345
0.146980589115708 0.377269181107062 0.0496179461788242 0.0611765911484712
0.3285827183313 0.209493619427885 0.0583166176620938 -0.0156697228525987
0.352866752240121 0.0525013113832105 0.0321066928990972 -0.0563199149900644
0.360217350005888 0.0323059748632911 0.0138656415163529 -0.0719043944880007
0.361761434432148 0.0827416152400695 0.0203053608046097 -0.0864612484755032
0.389322590649641 0.241201119447495 0.0400647414506359 -0.0770468281993315
0.17271434802206 0.444263699752734 0.0832457813993003 -0.021854902371212
-0.233536289523025 0.429171480705502 0.0726604447954153 0.0351574599057266
-0.578635281451417 0.0578635409894328 -0.0348318043065442 0.064633732376271
-0.452670424703675 -0.446393542994085 -0.0289854507866535 0.0112859987322751
-0.122046055845953 -0.667491625397278 0.0647702342992986 -0.026815299095579
-0.102647510934139 -0.523303482093763 -0.0210910908661453 0.316278967033807
-0.382515517168555 -0.304182249439785 0.106084696262796 0.0570118980155358
-0.44177230964672 0.0522683259516996 -0.0107609305015464 -0.0355320803145787
-0.169980499504237 0.34406116740082 -0.0749463496481473 0.0648981979400483
0.126239448204243 0.370265419378131 0.064358009792537 0.156025267483821
0.300647382624863 0.212649547551395 0.164412125867183 0.0550951408134937
0.335467574805588 0.0660234741172014 0.172660611929956 -0.0269432735244034
0.333290530117754 0.0549171897865017 0.156560483424454 -0.0536057205865829
0.316778664867704 0.0988548147362092 0.15140139397336 -0.0579856116035554
0.316372724996123 0.224379865186435 0.135704021670442 -0.0224259599201668
0.123989478269221 0.371097725110734 0.117739404370133 0.0509095288452511
-0.202853052175695 0.320548376918597 0.0597858677696597 0.0665046787385847
-0.44374839606004 0.0157541663304932 0.00876984247088911 0.0662175865870556
-0.348182633256608 -0.362299354874593 0.0396432280068805 0.0897820094210211
-0.0993196503073129 -0.556685126130883 0.0886136576138964 0.163209350000692
-0.0928411501899372 -0.403372431827469 0.0171926065015238 0.508054056980719
-0.302022586674711 -0.222910359799618 0.214557818863196 0.149753290059588
-0.329442265712388 0.0381948231340418 0.0375767669765837 -0.0371785429800719
-0.136454246001819 0.252400759171692 -0.0977978622037742 0.0775313633122772
0.074090185743401 0.284303971090181 0.0713909887428647 0.239367413900199
0.216702472355604 0.176316918320183 0.255036381281197 0.126087084405045
0.260123278135973 0.0697073008481859 0.295537331951515 0.00804891821855701
0.255971512287398 0.0711978688260803 0.276108840962962 -0.0280124475807207
0.22650800333139 0.101043471690959 0.249783519054123 -0.0227114588257972
0.194052819800243 0.180182047281137 0.191740727976676 0.0254472467346328
0.0449255818616801 0.249021832640081 0.119027253215354 0.0939974213459228
-0.155321185954161 0.161942083069141 0.0372032826412095 0.0713134731307108
-0.247494908811886 -0.038913698409498 0.0418243742678675 0.0489142553486541
-0.184379187104993 -0.231933066879874 0.0828812611444663 0.130052404513451
-0.0576284893885029 -0.364451414401982 0.103364782478036 0.288986748232356
-0.0660538719765716 -0.208638014130007 0.0383144009281686 0.637093173445722
-0.163351803621244 -0.09907849251987 0.281727858138794 0.231943035355555
-0.148499594989907 0.0179038701313268 0.0789093274720086 -0.0276215958208005
-0.0737550376645212 0.108414019694511 -0.106555933092202 0.0765052050090288
0.0102536025889656 0.143624882546289 0.0641008881390918 0.288051871344775
0.090963441785019 0.108480131360621 0.308853450822752 0.182433687495011
0.139784031575322 0.0639867958383359 0.377889801254028 0.0433368004682704
0.13966122250329 0.0765150369854751 0.351945210380928 -8.89351092223965E-05
0.109648999908183 0.0896997241059719 0.304778171771764 0.0163032179649986
0.0591304183152712 0.120206185459682 0.205979031171319 0.0656584454771588
-0.0307351837071752 0.118482166961457 0.0919456144057784 0.109213888526333
-0.10073689303237 0.017927517940392 0.00953480750068626 0.053136487590393
-0.0606694600879414 -0.0757447819594821 0.0627929729466965 0.0206213492752413
-0.0289011836957531 -0.0887817904518647 0.102826508051895 0.135434859457608
-0.0165852842385247 -0.140475100547026 0.110551435076174 0.342506569108779
